<?xml version="1.0" encoding="UTF-8"?>
<testsuite xmlns:xsi="http://www.w3.org/2001/XMLSchema-instance" xsi:noNamespaceSchemaLocation="https://maven.apache.org/surefire/maven-surefire-plugin/xsd/surefire-test-report-3.0.xsd" version="3.0" name="org.apache.hadoop.ozone.client.rpc.TestOzoneRpcClient" time="75.517" tests="118" errors="0" skipped="0" failures="1">
  <properties>
    <property name="awt.toolkit" value="sun.awt.X11.XToolkit"/>
    <property name="file.encoding.pkg" value="sun.io"/>
    <property name="java.specification.version" value="1.8"/>
    <property name="sun.cpu.isalist" value=""/>
    <property name="sun.jnu.encoding" value="UTF-8"/>
    <property name="java.class.path" value="/home/runner/work/ozone/ozone/hadoop-ozone/integration-test/target/test-classes:/home/runner/work/ozone/ozone/hadoop-ozone/integration-test/target/classes:/home/runner/.m2/repository/org/apache/ozone/ozone-common/1.4.0-SNAPSHOT/ozone-common-1.4.0-SNAPSHOT.jar:/home/runner/.m2/repository/io/grpc/grpc-netty/1.51.1/grpc-netty-1.51.1.jar:/home/runner/.m2/repository/io/grpc/grpc-core/1.51.1/grpc-core-1.51.1.jar:/home/runner/.m2/repository/com/google/android/annotations/4.1.1.4/annotations-4.1.1.4.jar:/home/runner/.m2/repository/org/codehaus/mojo/animal-sniffer-annotations/1.21/animal-sniffer-annotations-1.21.jar:/home/runner/.m2/repository/com/google/errorprone/error_prone_annotations/2.2.0/error_prone_annotations-2.2.0.jar:/home/runner/.m2/repository/io/perfmark/perfmark-api/0.25.0/perfmark-api-0.25.0.jar:/home/runner/.m2/repository/io/netty/netty-codec-http2/4.1.86.Final/netty-codec-http2-4.1.86.Final.jar:/home/runner/.m2/repository/io/netty/netty-common/4.1.86.Final/netty-common-4.1.86.Final.jar:/home/runner/.m2/repository/io/netty/netty-buffer/4.1.86.Final/netty-buffer-4.1.86.Final.jar:/home/runner/.m2/repository/io/netty/netty-codec-http/4.1.86.Final/netty-codec-http-4.1.86.Final.jar:/home/runner/.m2/repository/io/netty/netty-handler-proxy/4.1.86.Final/netty-handler-proxy-4.1.86.Final.jar:/home/runner/.m2/repository/io/netty/netty-codec-socks/4.1.86.Final/netty-codec-socks-4.1.86.Final.jar:/home/runner/.m2/repository/io/netty/netty-tcnative-boringssl-static/2.0.54.Final/netty-tcnative-boringssl-static-2.0.54.Final.jar:/home/runner/.m2/repository/io/netty/netty-tcnative-classes/2.0.54.Final/netty-tcnative-classes-2.0.54.Final.jar:/home/runner/.m2/repository/io/netty/netty-tcnative-boringssl-static/2.0.54.Final/netty-tcnative-boringssl-static-2.0.54.Final-linux-x86_64.jar:/home/runner/.m2/repository/io/netty/netty-tcnative-boringssl-static/2.0.54.Final/netty-tcnative-boringssl-static-2.0.54.Final-linux-aarch_64.jar:/home/runner/.m2/repository/io/netty/netty-tcnative-boringssl-static/2.0.54.Final/netty-tcnative-boringssl-static-2.0.54.Final-osx-x86_64.jar:/home/runner/.m2/repository/io/netty/netty-tcnative-boringssl-static/2.0.54.Final/netty-tcnative-boringssl-static-2.0.54.Final-osx-aarch_64.jar:/home/runner/.m2/repository/io/netty/netty-tcnative-boringssl-static/2.0.54.Final/netty-tcnative-boringssl-static-2.0.54.Final-windows-x86_64.jar:/home/runner/.m2/repository/org/apache/commons/commons-compress/1.21/commons-compress-1.21.jar:/home/runner/.m2/repository/org/apache/ozone/hdds-common/1.4.0-SNAPSHOT/hdds-common-1.4.0-SNAPSHOT.jar:/home/runner/.m2/repository/org/apache/ozone/hdds-client/1.4.0-SNAPSHOT/hdds-client-1.4.0-SNAPSHOT.jar:/home/runner/.m2/repository/org/apache/ozone/ozone-interface-client/1.4.0-SNAPSHOT/ozone-interface-client-1.4.0-SNAPSHOT.jar:/home/runner/.m2/repository/org/apache/hadoop/hadoop-hdfs-client/3.3.5/hadoop-hdfs-client-3.3.5.jar:/home/runner/.m2/repository/com/squareup/okhttp3/okhttp/4.9.3/okhttp-4.9.3.jar:/home/runner/.m2/repository/com/squareup/okio/okio/2.8.0/okio-2.8.0.jar:/home/runner/.m2/repository/org/jetbrains/kotlin/kotlin-stdlib-common/1.6.21/kotlin-stdlib-common-1.6.21.jar:/home/runner/.m2/repository/org/apache/ozone/hdds-test-utils/1.4.0-SNAPSHOT/hdds-test-utils-1.4.0-SNAPSHOT.jar:/home/runner/.m2/repository/com/google/guava/guava/31.1-jre/guava-31.1-jre.jar:/home/runner/.m2/repository/com/google/guava/failureaccess/1.0.1/failureaccess-1.0.1.jar:/home/runner/.m2/repository/com/google/guava/listenablefuture/9999.0-empty-to-avoid-conflict-with-guava/listenablefuture-9999.0-empty-to-avoid-conflict-with-guava.jar:/home/runner/.m2/repository/com/google/code/findbugs/jsr305/3.0.0/jsr305-3.0.0.jar:/home/runner/.m2/repository/org/checkerframework/checker-qual/3.12.0/checker-qual-3.12.0.jar:/home/runner/.m2/repository/com/google/j2objc/j2objc-annotations/1.3/j2objc-annotations-1.3.jar:/home/runner/.m2/repository/commons-io/commons-io/2.11.0/commons-io-2.11.0.jar:/home/runner/.m2/repository/commons-logging/commons-logging/1.2/commons-logging-1.2.jar:/home/runner/.m2/repository/ch/qos/reload4j/reload4j/1.2.22/reload4j-1.2.22.jar:/home/runner/.m2/repository/org/slf4j/slf4j-api/1.7.36/slf4j-api-1.7.36.jar:/home/runner/.m2/repository/org/apache/ozone/hdds-server-scm/1.4.0-SNAPSHOT/hdds-server-scm-1.4.0-SNAPSHOT.jar:/home/runner/.m2/repository/org/apache/ozone/hdds-container-service/1.4.0-SNAPSHOT/hdds-container-service-1.4.0-SNAPSHOT.jar:/home/runner/.m2/repository/org/apache/ozone/hdds-hadoop-dependency-server/1.4.0-SNAPSHOT/hdds-hadoop-dependency-server-1.4.0-SNAPSHOT.jar:/home/runner/.m2/repository/org/apache/hadoop/hadoop-hdfs/3.3.5/hadoop-hdfs-3.3.5.jar:/home/runner/.m2/repository/commons-daemon/commons-daemon/1.0.13/commons-daemon-1.0.13.jar:/home/runner/.m2/repository/org/apache/ozone/hdds-server-framework/1.4.0-SNAPSHOT/hdds-server-framework-1.4.0-SNAPSHOT.jar:/home/runner/.m2/repository/io/dropwizard/metrics/metrics-core/3.2.4/metrics-core-3.2.4.jar:/home/runner/.m2/repository/org/apache/commons/commons-text/1.4/commons-text-1.4.jar:/home/runner/.m2/repository/org/bouncycastle/bcprov-jdk15on/1.67/bcprov-jdk15on-1.67.jar:/home/runner/.m2/repository/com/google/protobuf/protobuf-java/2.5.0/protobuf-java-2.5.0.jar:/home/runner/.m2/repository/org/apache/ozone/hdds-server-framework/1.4.0-SNAPSHOT/hdds-server-framework-1.4.0-SNAPSHOT-tests.jar:/home/runner/.m2/repository/org/apache/ozone/hdds-interface-server/1.4.0-SNAPSHOT/hdds-interface-server-1.4.0-SNAPSHOT.jar:/home/runner/.m2/repository/org/apache/ozone/hdds-interface-admin/1.4.0-SNAPSHOT/hdds-interface-admin-1.4.0-SNAPSHOT.jar:/home/runner/.m2/repository/org/apache/ozone/hdds-managed-rocksdb/1.4.0-SNAPSHOT/hdds-managed-rocksdb-1.4.0-SNAPSHOT.jar:/home/runner/.m2/repository/org/rocksdb/rocksdbjni/7.7.3/rocksdbjni-7.7.3.jar:/home/runner/.m2/repository/org/slf4j/slf4j-reload4j/1.7.36/slf4j-reload4j-1.7.36.jar:/home/runner/.m2/repository/org/apache/commons/commons-configuration2/2.1.1/commons-configuration2-2.1.1.jar:/home/runner/.m2/repository/org/apache/logging/log4j/log4j-core/2.17.1/log4j-core-2.17.1.jar:/home/runner/.m2/repository/com/lmax/disruptor/3.4.2/disruptor-3.4.2.jar:/home/runner/.m2/repository/org/eclipse/jetty/jetty-util/9.4.51.v20230217/jetty-util-9.4.51.v20230217.jar:/home/runner/.m2/repository/org/eclipse/jetty/jetty-server/9.4.51.v20230217/jetty-server-9.4.51.v20230217.jar:/home/runner/.m2/repository/org/eclipse/jetty/jetty-http/9.4.51.v20230217/jetty-http-9.4.51.v20230217.jar:/home/runner/.m2/repository/org/eclipse/jetty/jetty-io/9.4.51.v20230217/jetty-io-9.4.51.v20230217.jar:/home/runner/.m2/repository/org/eclipse/jetty/jetty-servlet/9.4.51.v20230217/jetty-servlet-9.4.51.v20230217.jar:/home/runner/.m2/repository/org/eclipse/jetty/jetty-security/9.4.51.v20230217/jetty-security-9.4.51.v20230217.jar:/home/runner/.m2/repository/org/eclipse/jetty/jetty-util-ajax/9.4.51.v20230217/jetty-util-ajax-9.4.51.v20230217.jar:/home/runner/.m2/repository/org/eclipse/jetty/jetty-webapp/9.4.51.v20230217/jetty-webapp-9.4.51.v20230217.jar:/home/runner/.m2/repository/org/eclipse/jetty/jetty-xml/9.4.51.v20230217/jetty-xml-9.4.51.v20230217.jar:/home/runner/.m2/repository/org/apache/ratis/ratis-server/2.4.2-8b8bdda-SNAPSHOT/ratis-server-2.4.2-8b8bdda-SNAPSHOT.jar:/home/runner/.m2/repository/org/apache/ratis/ratis-thirdparty-misc/1.0.3/ratis-thirdparty-misc-1.0.3.jar:/home/runner/.m2/repository/org/apache/ratis/ratis-proto/2.4.2-8b8bdda-SNAPSHOT/ratis-proto-2.4.2-8b8bdda-SNAPSHOT.jar:/home/runner/.m2/repository/org/apache/ratis/ratis-common/2.4.2-8b8bdda-SNAPSHOT/ratis-common-2.4.2-8b8bdda-SNAPSHOT.jar:/home/runner/.m2/repository/org/apache/ratis/ratis-client/2.4.2-8b8bdda-SNAPSHOT/ratis-client-2.4.2-8b8bdda-SNAPSHOT.jar:/home/runner/.m2/repository/org/apache/ratis/ratis-server-api/2.4.2-8b8bdda-SNAPSHOT/ratis-server-api-2.4.2-8b8bdda-SNAPSHOT.jar:/home/runner/.m2/repository/org/apache/ratis/ratis-metrics/2.4.2-8b8bdda-SNAPSHOT/ratis-metrics-2.4.2-8b8bdda-SNAPSHOT.jar:/home/runner/.m2/repository/io/prometheus/simpleclient_dropwizard/0.7.0/simpleclient_dropwizard-0.7.0.jar:/home/runner/.m2/repository/io/prometheus/simpleclient/0.7.0/simpleclient-0.7.0.jar:/home/runner/.m2/repository/io/prometheus/simpleclient_common/0.7.0/simpleclient_common-0.7.0.jar:/home/runner/.m2/repository/com/fasterxml/jackson/datatype/jackson-datatype-jsr310/2.13.4/jackson-datatype-jsr310-2.13.4.jar:/home/runner/.m2/repository/com/fasterxml/jackson/core/jackson-core/2.13.4/jackson-core-2.13.4.jar:/home/runner/.m2/repository/com/github/spotbugs/spotbugs-annotations/3.1.12/spotbugs-annotations-3.1.12.jar:/home/runner/.m2/repository/org/apache/ozone/rocksdb-checkpoint-differ/1.4.0-SNAPSHOT/rocksdb-checkpoint-differ-1.4.0-SNAPSHOT.jar:/home/runner/.m2/repository/org/awaitility/awaitility/4.2.0/awaitility-4.2.0.jar:/home/runner/.m2/repository/org/hamcrest/hamcrest/2.1/hamcrest-2.1.jar:/home/runner/.m2/repository/org/apache/ozone/ozone-manager/1.4.0-SNAPSHOT/ozone-manager-1.4.0-SNAPSHOT.jar:/home/runner/.m2/repository/org/aspectj/aspectjrt/1.9.7/aspectjrt-1.9.7.jar:/home/runner/.m2/repository/org/aspectj/aspectjweaver/1.9.7/aspectjweaver-1.9.7.jar:/home/runner/.m2/repository/org/apache/ozone/hdds-interface-client/1.4.0-SNAPSHOT/hdds-interface-client-1.4.0-SNAPSHOT.jar:/home/runner/.m2/repository/org/apache/hadoop/thirdparty/hadoop-shaded-protobuf_3_7/1.1.1/hadoop-shaded-protobuf_3_7-1.1.1.jar:/home/runner/.m2/repository/org/apache/ozone/ozone-interface-storage/1.4.0-SNAPSHOT/ozone-interface-storage-1.4.0-SNAPSHOT.jar:/home/runner/.m2/repository/org/reflections/reflections/0.9.11/reflections-0.9.11.jar:/home/runner/.m2/repository/com/sun/jersey/jersey-client/1.19/jersey-client-1.19.jar:/home/runner/.m2/repository/org/codehaus/jackson/jackson-core-asl/1.9.13/jackson-core-asl-1.9.13.jar:/home/runner/.m2/repository/org/codehaus/jackson/jackson-mapper-asl/1.9.13/jackson-mapper-asl-1.9.13.jar:/home/runner/.m2/repository/org/codehaus/jackson/jackson-jaxrs/1.9.13/jackson-jaxrs-1.9.13.jar:/home/runner/.m2/repository/org/apache/ranger/ranger-intg/2.3.0/ranger-intg-2.3.0.jar:/home/runner/.m2/repository/org/apache/ranger/ranger-plugins-common/2.3.0/ranger-plugins-common-2.3.0.jar:/home/runner/.m2/repository/commons-lang/commons-lang/2.6/commons-lang-2.6.jar:/home/runner/.m2/repository/org/apache/ranger/ranger-plugins-cred/2.3.0/ranger-plugins-cred-2.3.0.jar:/home/runner/.m2/repository/org/apache/ranger/ranger-plugins-audit/2.3.0/ranger-plugins-audit-2.3.0.jar:/home/runner/.m2/repository/org/eclipse/jetty/jetty-client/9.4.51.v20230217/jetty-client-9.4.51.v20230217.jar:/home/runner/.m2/repository/org/apache/httpcomponents/httpmime/4.5.6/httpmime-4.5.6.jar:/home/runner/.m2/repository/org/apache/httpcomponents/httpcore-nio/4.4.13/httpcore-nio-4.4.13.jar:/home/runner/.m2/repository/org/apache/httpcomponents/httpasyncclient/4.1.3/httpasyncclient-4.1.3.jar:/home/runner/.m2/repository/com/carrotsearch/hppc/0.8.0/hppc-0.8.0.jar:/home/runner/.m2/repository/org/apache/orc/orc-core/1.5.8/orc-core-1.5.8.jar:/home/runner/.m2/repository/net/java/dev/jna/jna/5.2.0/jna-5.2.0.jar:/home/runner/.m2/repository/net/java/dev/jna/jna-platform/5.2.0/jna-platform-5.2.0.jar:/home/runner/.m2/repository/com/kstruct/gethostname4j/0.0.2/gethostname4j-0.0.2.jar:/home/runner/.m2/repository/org/apache/ranger/ranger-plugin-classloader/2.3.0/ranger-plugin-classloader-2.3.0.jar:/home/runner/.m2/repository/org/apache/ozone/hdds-rocks-native/1.4.0-SNAPSHOT/hdds-rocks-native-1.4.0-SNAPSHOT.jar:/home/runner/.m2/repository/org/apache/hadoop/hadoop-minikdc/3.3.5/hadoop-minikdc-3.3.5.jar:/home/runner/.m2/repository/org/apache/kerby/kerb-simplekdc/1.0.1/kerb-simplekdc-1.0.1.jar:/home/runner/.m2/repository/org/apache/kerby/kerb-client/1.0.1/kerb-client-1.0.1.jar:/home/runner/.m2/repository/org/apache/kerby/kerby-config/1.0.1/kerby-config-1.0.1.jar:/home/runner/.m2/repository/org/apache/kerby/kerb-common/1.0.1/kerb-common-1.0.1.jar:/home/runner/.m2/repository/org/apache/kerby/kerb-crypto/1.0.1/kerb-crypto-1.0.1.jar:/home/runner/.m2/repository/org/apache/kerby/kerb-util/1.0.1/kerb-util-1.0.1.jar:/home/runner/.m2/repository/org/apache/kerby/token-provider/1.0.1/token-provider-1.0.1.jar:/home/runner/.m2/repository/org/apache/kerby/kerb-admin/1.0.1/kerb-admin-1.0.1.jar:/home/runner/.m2/repository/org/apache/kerby/kerb-server/1.0.1/kerb-server-1.0.1.jar:/home/runner/.m2/repository/org/apache/kerby/kerb-identity/1.0.1/kerb-identity-1.0.1.jar:/home/runner/.m2/repository/org/apache/kerby/kerby-xdr/1.0.1/kerby-xdr-1.0.1.jar:/home/runner/.m2/repository/org/apache/ozone/ozone-s3gateway/1.4.0-SNAPSHOT/ozone-s3gateway-1.4.0-SNAPSHOT.jar:/home/runner/.m2/repository/org/javassist/javassist/3.21.0-GA/javassist-3.21.0-GA.jar:/home/runner/.m2/repository/org/jboss/weld/servlet/weld-servlet-shaded/3.1.9.Final/weld-servlet-shaded-3.1.9.Final.jar:/home/runner/.m2/repository/org/glassfish/jersey/containers/jersey-container-servlet-core/2.34/jersey-container-servlet-core-2.34.jar:/home/runner/.m2/repository/org/glassfish/hk2/external/jakarta.inject/2.6.1/jakarta.inject-2.6.1.jar:/home/runner/.m2/repository/org/glassfish/jersey/core/jersey-common/2.34/jersey-common-2.34.jar:/home/runner/.m2/repository/jakarta/ws/rs/jakarta.ws.rs-api/2.1.6/jakarta.ws.rs-api-2.1.6.jar:/home/runner/.m2/repository/org/glassfish/jersey/ext/cdi/jersey-cdi1x/2.34/jersey-cdi1x-2.34.jar:/home/runner/.m2/repository/org/glassfish/jersey/inject/jersey-hk2/2.34/jersey-hk2-2.34.jar:/home/runner/.m2/repository/org/glassfish/hk2/hk2-locator/2.6.1/hk2-locator-2.6.1.jar:/home/runner/.m2/repository/org/glassfish/jersey/media/jersey-media-jaxb/2.34/jersey-media-jaxb-2.34.jar:/home/runner/.m2/repository/org/glassfish/hk2/osgi-resource-locator/1.0.3/osgi-resource-locator-1.0.3.jar:/home/runner/.m2/repository/org/glassfish/hk2/hk2-api/2.5.0/hk2-api-2.5.0.jar:/home/runner/.m2/repository/org/glassfish/hk2/hk2-utils/2.5.0/hk2-utils-2.5.0.jar:/home/runner/.m2/repository/org/glassfish/hk2/external/aopalliance-repackaged/2.5.0/aopalliance-repackaged-2.5.0.jar:/home/runner/.m2/repository/com/fasterxml/jackson/dataformat/jackson-dataformat-xml/2.13.4/jackson-dataformat-xml-2.13.4.jar:/home/runner/.m2/repository/org/codehaus/woodstox/stax2-api/4.2.1/stax2-api-4.2.1.jar:/home/runner/.m2/repository/com/fasterxml/woodstox/woodstox-core/5.4.0/woodstox-core-5.4.0.jar:/home/runner/.m2/repository/com/fasterxml/jackson/module/jackson-module-jaxb-annotations/2.13.4/jackson-module-jaxb-annotations-2.13.4.jar:/home/runner/.m2/repository/jakarta/xml/bind/jakarta.xml.bind-api/2.3.3/jakarta.xml.bind-api-2.3.3.jar:/home/runner/.m2/repository/jakarta/activation/jakarta.activation-api/1.2.2/jakarta.activation-api-1.2.2.jar:/home/runner/.m2/repository/javax/enterprise/cdi-api/2.0/cdi-api-2.0.jar:/home/runner/.m2/repository/javax/el/javax.el-api/3.0.0/javax.el-api-3.0.0.jar:/home/runner/.m2/repository/javax/interceptor/javax.interceptor-api/1.2/javax.interceptor-api-1.2.jar:/home/runner/.m2/repository/javax/inject/javax.inject/1/javax.inject-1.jar:/home/runner/.m2/repository/javax/xml/bind/jaxb-api/2.3.0/jaxb-api-2.3.0.jar:/home/runner/.m2/repository/org/glassfish/jaxb/jaxb-runtime/2.3.0.1/jaxb-runtime-2.3.0.1.jar:/home/runner/.m2/repository/org/glassfish/jaxb/jaxb-core/2.3.0.1/jaxb-core-2.3.0.1.jar:/home/runner/.m2/repository/org/glassfish/jaxb/txw2/2.3.0.1/txw2-2.3.0.1.jar:/home/runner/.m2/repository/com/sun/istack/istack-commons-runtime/3.0.5/istack-commons-runtime-3.0.5.jar:/home/runner/.m2/repository/org/jvnet/staxex/stax-ex/1.7.8/stax-ex-1.7.8.jar:/home/runner/.m2/repository/com/sun/xml/fastinfoset/FastInfoset/1.2.13/FastInfoset-1.2.13.jar:/home/runner/.m2/repository/javax/activation/activation/1.1.1/activation-1.1.1.jar:/home/runner/.m2/repository/io/grpc/grpc-protobuf/1.51.1/grpc-protobuf-1.51.1.jar:/home/runner/.m2/repository/io/grpc/grpc-api/1.51.1/grpc-api-1.51.1.jar:/home/runner/.m2/repository/io/grpc/grpc-context/1.51.1/grpc-context-1.51.1.jar:/home/runner/.m2/repository/com/google/api/grpc/proto-google-common-protos/2.9.0/proto-google-common-protos-2.9.0.jar:/home/runner/.m2/repository/io/grpc/grpc-protobuf-lite/1.51.1/grpc-protobuf-lite-1.51.1.jar:/home/runner/.m2/repository/io/grpc/grpc-stub/1.51.1/grpc-stub-1.51.1.jar:/home/runner/.m2/repository/io/netty/netty-transport/4.1.86.Final/netty-transport-4.1.86.Final.jar:/home/runner/.m2/repository/io/netty/netty-resolver/4.1.86.Final/netty-resolver-4.1.86.Final.jar:/home/runner/.m2/repository/org/apache/ozone/ozone-csi/1.4.0-SNAPSHOT/ozone-csi-1.4.0-SNAPSHOT.jar:/home/runner/.m2/repository/com/google/protobuf/protobuf-java-util/3.19.6/protobuf-java-util-3.19.6.jar:/home/runner/.m2/repository/com/google/code/gson/gson/2.9.0/gson-2.9.0.jar:/home/runner/.m2/repository/org/apache/ozone/hdds-config/1.4.0-SNAPSHOT/hdds-config-1.4.0-SNAPSHOT.jar:/home/runner/.m2/repository/io/netty/netty-transport-native-epoll/4.1.86.Final/netty-transport-native-epoll-4.1.86.Final-linux-x86_64.jar:/home/runner/.m2/repository/io/netty/netty-transport-classes-epoll/4.1.86.Final/netty-transport-classes-epoll-4.1.86.Final.jar:/home/runner/.m2/repository/io/netty/netty-transport-native-unix-common/4.1.86.Final/netty-transport-native-unix-common-4.1.86.Final.jar:/home/runner/.m2/repository/org/apache/ozone/ozone-recon/1.4.0-SNAPSHOT/ozone-recon-1.4.0-SNAPSHOT.jar:/home/runner/.m2/repository/org/apache/ozone/ozone-reconcodegen/1.4.0-SNAPSHOT/ozone-reconcodegen-1.4.0-SNAPSHOT.jar:/home/runner/.m2/repository/com/google/inject/guice/5.1.0/guice-5.1.0.jar:/home/runner/.m2/repository/aopalliance/aopalliance/1.0/aopalliance-1.0.jar:/home/runner/.m2/repository/com/google/inject/extensions/guice-assistedinject/5.1.0/guice-assistedinject-5.1.0.jar:/home/runner/.m2/repository/com/google/inject/extensions/guice-servlet/5.1.0/guice-servlet-5.1.0.jar:/home/runner/.m2/repository/org/glassfish/jersey/containers/jersey-container-servlet/2.34/jersey-container-servlet-2.34.jar:/home/runner/.m2/repository/org/glassfish/hk2/guice-bridge/2.5.0/guice-bridge-2.5.0.jar:/home/runner/.m2/repository/org/glassfish/jersey/core/jersey-server/2.34/jersey-server-2.34.jar:/home/runner/.m2/repository/org/glassfish/jersey/core/jersey-client/2.34/jersey-client-2.34.jar:/home/runner/.m2/repository/jakarta/annotation/jakarta.annotation-api/1.3.5/jakarta.annotation-api-1.3.5.jar:/home/runner/.m2/repository/jakarta/validation/jakarta.validation-api/2.0.2/jakarta.validation-api-2.0.2.jar:/home/runner/.m2/repository/org/glassfish/jersey/media/jersey-media-json-jackson/2.34/jersey-media-json-jackson-2.34.jar:/home/runner/.m2/repository/org/glassfish/jersey/ext/jersey-entity-filtering/2.34/jersey-entity-filtering-2.34.jar:/home/runner/.m2/repository/org/jooq/jooq/3.11.10/jooq-3.11.10.jar:/home/runner/.m2/repository/org/jooq/jooq-meta/3.11.10/jooq-meta-3.11.10.jar:/home/runner/.m2/repository/org/jooq/jooq-codegen/3.11.10/jooq-codegen-3.11.10.jar:/home/runner/.m2/repository/com/jolbox/bonecp/0.8.0.RELEASE/bonecp-0.8.0.RELEASE.jar:/home/runner/.m2/repository/org/apache/derby/derby/10.14.2.0/derby-10.14.2.0.jar:/home/runner/.m2/repository/org/xerial/sqlite-jdbc/3.25.2/sqlite-jdbc-3.25.2.jar:/home/runner/.m2/repository/org/springframework/spring-jdbc/5.3.27/spring-jdbc-5.3.27.jar:/home/runner/.m2/repository/org/springframework/spring-beans/5.3.27/spring-beans-5.3.27.jar:/home/runner/.m2/repository/org/springframework/spring-core/5.3.27/spring-core-5.3.27.jar:/home/runner/.m2/repository/org/springframework/spring-tx/5.3.27/spring-tx-5.3.27.jar:/home/runner/.m2/repository/org/apache/ozone/ozone-client/1.4.0-SNAPSHOT/ozone-client-1.4.0-SNAPSHOT.jar:/home/runner/.m2/repository/org/apache/ozone/hdds-erasurecode/1.4.0-SNAPSHOT/hdds-erasurecode-1.4.0-SNAPSHOT.jar:/home/runner/.m2/repository/org/apache/ozone/ozone-filesystem/1.4.0-SNAPSHOT/ozone-filesystem-1.4.0-SNAPSHOT.jar:/home/runner/.m2/repository/org/apache/ozone/ozone-filesystem-common/1.4.0-SNAPSHOT/ozone-filesystem-common-1.4.0-SNAPSHOT.jar:/home/runner/.m2/repository/org/apache/ozone/ozone-tools/1.4.0-SNAPSHOT/ozone-tools-1.4.0-SNAPSHOT.jar:/home/runner/.m2/repository/com/amazonaws/aws-java-sdk-core/1.12.261/aws-java-sdk-core-1.12.261.jar:/home/runner/.m2/repository/org/apache/httpcomponents/httpclient/4.5.13/httpclient-4.5.13.jar:/home/runner/.m2/repository/org/apache/httpcomponents/httpcore/4.4.13/httpcore-4.4.13.jar:/home/runner/.m2/repository/software/amazon/ion/ion-java/1.0.2/ion-java-1.0.2.jar:/home/runner/.m2/repository/com/fasterxml/jackson/dataformat/jackson-dataformat-cbor/2.13.4/jackson-dataformat-cbor-2.13.4.jar:/home/runner/.m2/repository/joda-time/joda-time/2.10.6/joda-time-2.10.6.jar:/home/runner/.m2/repository/com/amazonaws/aws-java-sdk-s3/1.12.261/aws-java-sdk-s3-1.12.261.jar:/home/runner/.m2/repository/com/amazonaws/aws-java-sdk-kms/1.12.261/aws-java-sdk-kms-1.12.261.jar:/home/runner/.m2/repository/com/amazonaws/jmespath-java/1.12.261/jmespath-java-1.12.261.jar:/home/runner/.m2/repository/org/kohsuke/metainf-services/metainf-services/1.8/metainf-services-1.8.jar:/home/runner/.m2/repository/org/apache/ozone/hdds-tools/1.4.0-SNAPSHOT/hdds-tools-1.4.0-SNAPSHOT.jar:/home/runner/.m2/repository/org/apache/ratis/ratis-tools/2.4.2-8b8bdda-SNAPSHOT/ratis-tools-2.4.2-8b8bdda-SNAPSHOT.jar:/home/runner/.m2/repository/commons-cli/commons-cli/1.2/commons-cli-1.2.jar:/home/runner/.m2/repository/org/apache/commons/commons-lang3/3.7/commons-lang3-3.7.jar:/home/runner/.m2/repository/org/apache/ozone/ozone-manager/1.4.0-SNAPSHOT/ozone-manager-1.4.0-SNAPSHOT-tests.jar:/home/runner/.m2/repository/org/apache/ozone/hdds-common/1.4.0-SNAPSHOT/hdds-common-1.4.0-SNAPSHOT-tests.jar:/home/runner/.m2/repository/org/apache/ozone/hdds-hadoop-dependency-client/1.4.0-SNAPSHOT/hdds-hadoop-dependency-client-1.4.0-SNAPSHOT.jar:/home/runner/.m2/repository/info/picocli/picocli/4.6.1/picocli-4.6.1.jar:/home/runner/.m2/repository/com/fasterxml/jackson/core/jackson-annotations/2.13.4/jackson-annotations-2.13.4.jar:/home/runner/.m2/repository/org/apache/ozone/hdds-annotation-processing/1.4.0-SNAPSHOT/hdds-annotation-processing-1.4.0-SNAPSHOT.jar:/home/runner/.m2/repository/javax/annotation/javax.annotation-api/1.2/javax.annotation-api-1.2.jar:/home/runner/.m2/repository/org/apache/ratis/ratis-netty/2.4.2-8b8bdda-SNAPSHOT/ratis-netty-2.4.2-8b8bdda-SNAPSHOT.jar:/home/runner/.m2/repository/org/apache/ratis/ratis-grpc/2.4.2-8b8bdda-SNAPSHOT/ratis-grpc-2.4.2-8b8bdda-SNAPSHOT.jar:/home/runner/.m2/repository/org/apache/logging/log4j/log4j-api/2.17.1/log4j-api-2.17.1.jar:/home/runner/.m2/repository/org/apache/commons/commons-pool2/2.6.0/commons-pool2-2.6.0.jar:/home/runner/.m2/repository/org/bouncycastle/bcpkix-jdk15on/1.67/bcpkix-jdk15on-1.67.jar:/home/runner/.m2/repository/commons-validator/commons-validator/1.6/commons-validator-1.6.jar:/home/runner/.m2/repository/commons-beanutils/commons-beanutils/1.9.4/commons-beanutils-1.9.4.jar:/home/runner/.m2/repository/commons-digester/commons-digester/1.8.1/commons-digester-1.8.1.jar:/home/runner/.m2/repository/commons-collections/commons-collections/3.2.2/commons-collections-3.2.2.jar:/home/runner/.m2/repository/io/jaegertracing/jaeger-client/1.6.0/jaeger-client-1.6.0.jar:/home/runner/.m2/repository/io/jaegertracing/jaeger-thrift/1.6.0/jaeger-thrift-1.6.0.jar:/home/runner/.m2/repository/org/apache/thrift/libthrift/0.14.1/libthrift-0.14.1.jar:/home/runner/.m2/repository/io/jaegertracing/jaeger-core/1.6.0/jaeger-core-1.6.0.jar:/home/runner/.m2/repository/io/jaegertracing/jaeger-tracerresolver/1.6.0/jaeger-tracerresolver-1.6.0.jar:/home/runner/.m2/repository/io/opentracing/contrib/opentracing-tracerresolver/0.1.8/opentracing-tracerresolver-0.1.8.jar:/home/runner/.m2/repository/org/jetbrains/kotlin/kotlin-stdlib/1.6.21/kotlin-stdlib-1.6.21.jar:/home/runner/.m2/repository/org/jetbrains/annotations/13.0/annotations-13.0.jar:/home/runner/.m2/repository/io/opentracing/opentracing-util/0.33.0/opentracing-util-0.33.0.jar:/home/runner/.m2/repository/io/opentracing/opentracing-api/0.33.0/opentracing-api-0.33.0.jar:/home/runner/.m2/repository/io/opentracing/opentracing-noop/0.33.0/opentracing-noop-0.33.0.jar:/home/runner/.m2/repository/org/yaml/snakeyaml/2.0/snakeyaml-2.0.jar:/home/runner/.m2/repository/junit/junit/4.13.1/junit-4.13.1.jar:/home/runner/.m2/repository/org/hamcrest/hamcrest-core/1.3/hamcrest-core-1.3.jar:/home/runner/.m2/repository/org/junit/jupiter/junit-jupiter-api/5.8.2/junit-jupiter-api-5.8.2.jar:/home/runner/.m2/repository/org/opentest4j/opentest4j/1.2.0/opentest4j-1.2.0.jar:/home/runner/.m2/repository/org/junit/platform/junit-platform-commons/1.8.2/junit-platform-commons-1.8.2.jar:/home/runner/.m2/repository/org/apiguardian/apiguardian-api/1.1.2/apiguardian-api-1.1.2.jar:/home/runner/.m2/repository/org/junit/jupiter/junit-jupiter-params/5.8.2/junit-jupiter-params-5.8.2.jar:/home/runner/.m2/repository/org/junit/jupiter/junit-jupiter-migrationsupport/5.8.2/junit-jupiter-migrationsupport-5.8.2.jar:/home/runner/.m2/repository/org/junit/jupiter/junit-jupiter-engine/5.8.2/junit-jupiter-engine-5.8.2.jar:/home/runner/.m2/repository/org/junit/platform/junit-platform-engine/1.8.2/junit-platform-engine-1.8.2.jar:/home/runner/.m2/repository/org/junit/vintage/junit-vintage-engine/5.8.2/junit-vintage-engine-5.8.2.jar:/home/runner/.m2/repository/org/junit/platform/junit-platform-launcher/1.8.2/junit-platform-launcher-1.8.2.jar:/home/runner/.m2/repository/org/mockito/mockito-core/2.28.2/mockito-core-2.28.2.jar:/home/runner/.m2/repository/net/bytebuddy/byte-buddy/1.9.10/byte-buddy-1.9.10.jar:/home/runner/.m2/repository/net/bytebuddy/byte-buddy-agent/1.9.10/byte-buddy-agent-1.9.10.jar:/home/runner/.m2/repository/org/objenesis/objenesis/1.0/objenesis-1.0.jar:/home/runner/.m2/repository/org/apache/hadoop/hadoop-kms/3.3.5/hadoop-kms-3.3.5.jar:/home/runner/.m2/repository/org/apache/hadoop/hadoop-auth/3.3.5/hadoop-auth-3.3.5.jar:/home/runner/.m2/repository/com/nimbusds/nimbus-jose-jwt/9.8.1/nimbus-jose-jwt-9.8.1.jar:/home/runner/.m2/repository/com/github/stephenc/jcip/jcip-annotations/1.0-1/jcip-annotations-1.0-1.jar:/home/runner/.m2/repository/net/minidev/json-smart/2.4.7/json-smart-2.4.7.jar:/home/runner/.m2/repository/net/minidev/accessors-smart/2.4.7/accessors-smart-2.4.7.jar:/home/runner/.m2/repository/org/ow2/asm/asm/5.0.4/asm-5.0.4.jar:/home/runner/.m2/repository/org/apache/zookeeper/zookeeper/3.5.6/zookeeper-3.5.6.jar:/home/runner/.m2/repository/org/apache/zookeeper/zookeeper-jute/3.5.6/zookeeper-jute-3.5.6.jar:/home/runner/.m2/repository/org/apache/yetus/audience-annotations/0.5.0/audience-annotations-0.5.0.jar:/home/runner/.m2/repository/org/apache/curator/curator-framework/4.2.0/curator-framework-4.2.0.jar:/home/runner/.m2/repository/org/apache/hadoop/thirdparty/hadoop-shaded-guava/1.1.1/hadoop-shaded-guava-1.1.1.jar:/home/runner/.m2/repository/com/sun/jersey/jersey-core/1.19/jersey-core-1.19.jar:/home/runner/.m2/repository/javax/ws/rs/jsr311-api/1.1.1/jsr311-api-1.1.1.jar:/home/runner/.m2/repository/com/sun/jersey/jersey-server/1.19/jersey-server-1.19.jar:/home/runner/.m2/repository/javax/servlet/javax.servlet-api/3.1.0/javax.servlet-api-3.1.0.jar:/home/runner/.m2/repository/org/apache/hadoop/hadoop-common/3.3.5/hadoop-common-3.3.5.jar:/home/runner/.m2/repository/org/apache/commons/commons-math3/3.1.1/commons-math3-3.1.1.jar:/home/runner/.m2/repository/commons-net/commons-net/3.9.0/commons-net-3.9.0.jar:/home/runner/.m2/repository/com/sun/jersey/jersey-servlet/1.19/jersey-servlet-1.19.jar:/home/runner/.m2/repository/com/github/pjfanning/jersey-json/1.20/jersey-json-1.20.jar:/home/runner/.m2/repository/org/codehaus/jettison/jettison/1.1/jettison-1.1.jar:/home/runner/.m2/repository/com/sun/xml/bind/jaxb-impl/2.2.3-1/jaxb-impl-2.2.3-1.jar:/home/runner/.m2/repository/com/google/re2j/re2j/1.1/re2j-1.1.jar:/home/runner/.m2/repository/com/jcraft/jsch/0.1.54/jsch-0.1.54.jar:/home/runner/.m2/repository/org/apache/curator/curator-client/4.2.0/curator-client-4.2.0.jar:/home/runner/.m2/repository/org/apache/curator/curator-recipes/4.2.0/curator-recipes-4.2.0.jar:/home/runner/.m2/repository/org/apache/kerby/kerb-core/1.0.1/kerb-core-1.0.1.jar:/home/runner/.m2/repository/org/apache/kerby/kerby-pkix/1.0.1/kerby-pkix-1.0.1.jar:/home/runner/.m2/repository/org/apache/kerby/kerby-asn1/1.0.1/kerby-asn1-1.0.1.jar:/home/runner/.m2/repository/org/apache/kerby/kerby-util/1.0.1/kerby-util-1.0.1.jar:/home/runner/.m2/repository/dnsjava/dnsjava/2.1.7/dnsjava-2.1.7.jar:/home/runner/.m2/repository/org/xerial/snappy/snappy-java/1.1.8.2/snappy-java-1.1.8.2.jar:/home/runner/.m2/repository/com/fasterxml/jackson/core/jackson-databind/2.13.4.2/jackson-databind-2.13.4.2.jar:/home/runner/.m2/repository/org/apache/hadoop/hadoop-kms/3.3.5/hadoop-kms-3.3.5-tests.jar:/home/runner/.m2/repository/org/apache/ozone/hdds-server-scm/1.4.0-SNAPSHOT/hdds-server-scm-1.4.0-SNAPSHOT-tests.jar:/home/runner/.m2/repository/org/apache/ozone/hdds-container-service/1.4.0-SNAPSHOT/hdds-container-service-1.4.0-SNAPSHOT-tests.jar:/home/runner/.m2/repository/com/github/luben/zstd-jni/1.5.2-5/zstd-jni-1.5.2-5.jar:/home/runner/.m2/repository/commons-codec/commons-codec/1.15/commons-codec-1.15.jar:/home/runner/.m2/repository/io/netty/netty-codec/4.1.86.Final/netty-codec-4.1.86.Final.jar:/home/runner/.m2/repository/io/netty/netty-handler/4.1.86.Final/netty-handler-4.1.86.Final.jar:/home/runner/.m2/repository/org/apache/ozone/hdds-hadoop-dependency-test/1.4.0-SNAPSHOT/hdds-hadoop-dependency-test-1.4.0-SNAPSHOT.jar:/home/runner/.m2/repository/org/apache/hadoop/hadoop-common/3.3.5/hadoop-common-3.3.5-tests.jar:/home/runner/.m2/repository/org/apache/hadoop/hadoop-hdfs/3.3.5/hadoop-hdfs-3.3.5-tests.jar:/home/runner/.m2/repository/org/assertj/assertj-core/3.12.2/assertj-core-3.12.2.jar:/home/runner/.m2/repository/org/apache/hadoop/hadoop-distcp/3.3.5/hadoop-distcp-3.3.5.jar:/home/runner/.m2/repository/org/apache/hadoop/hadoop-mapreduce-client-jobclient/3.3.5/hadoop-mapreduce-client-jobclient-3.3.5.jar:/home/runner/.m2/repository/org/apache/hadoop/hadoop-mapreduce-client-common/3.3.5/hadoop-mapreduce-client-common-3.3.5.jar:/home/runner/.m2/repository/org/apache/hadoop/hadoop-yarn-common/3.3.5/hadoop-yarn-common-3.3.5.jar:/home/runner/.m2/repository/org/apache/hadoop/hadoop-yarn-api/3.3.5/hadoop-yarn-api-3.3.5.jar:/home/runner/.m2/repository/com/sun/jersey/contribs/jersey-guice/1.19/jersey-guice-1.19.jar:/home/runner/.m2/repository/com/fasterxml/jackson/jaxrs/jackson-jaxrs-json-provider/2.13.4/jackson-jaxrs-json-provider-2.13.4.jar:/home/runner/.m2/repository/com/fasterxml/jackson/jaxrs/jackson-jaxrs-base/2.13.4/jackson-jaxrs-base-2.13.4.jar:/home/runner/.m2/repository/org/apache/hadoop/hadoop-yarn-client/3.3.5/hadoop-yarn-client-3.3.5.jar:/home/runner/.m2/repository/org/eclipse/jetty/websocket/websocket-client/9.4.48.v20220622/websocket-client-9.4.48.v20220622.jar:/home/runner/.m2/repository/org/eclipse/jetty/websocket/websocket-common/9.4.48.v20220622/websocket-common-9.4.48.v20220622.jar:/home/runner/.m2/repository/org/eclipse/jetty/websocket/websocket-api/9.4.48.v20220622/websocket-api-9.4.48.v20220622.jar:/home/runner/.m2/repository/org/jline/jline/3.9.0/jline-3.9.0.jar:/home/runner/.m2/repository/org/apache/hadoop/hadoop-mapreduce-client-core/3.3.5/hadoop-mapreduce-client-core-3.3.5.jar:/home/runner/.m2/repository/org/apache/avro/avro/1.7.7/avro-1.7.7.jar:/home/runner/.m2/repository/com/thoughtworks/paranamer/paranamer/2.3/paranamer-2.3.jar:/home/runner/.m2/repository/org/apache/hadoop/hadoop-annotations/3.3.5/hadoop-annotations-3.3.5.jar:/usr/lib/jvm/temurin-8-jdk-amd64/jre/../lib/tools.jar:/home/runner/.m2/repository/io/netty/netty/3.10.6.Final/netty-3.10.6.Final.jar:/home/runner/.m2/repository/org/apache/hadoop/hadoop-distcp/3.3.5/hadoop-distcp-3.3.5-tests.jar:/home/runner/.m2/repository/org/slf4j/jul-to-slf4j/1.7.36/jul-to-slf4j-1.7.36.jar:"/>
    <property name="java.vm.vendor" value="Temurin"/>
    <property name="sun.arch.data.model" value="64"/>
    <property name="test.build.dir" value="/home/runner/work/ozone/ozone/hadoop-ozone/integration-test/target/test-dir"/>
    <property name="test.cache.data" value=""/>
    <property name="java.vendor.url" value="https://adoptium.net/"/>
    <property name="user.timezone" value="Etc/UTC"/>
    <property name="java.vm.specification.version" value="1.8"/>
    <property name="os.name" value="Linux"/>
    <property name="test.build.data" value="/home/runner/work/ozone/ozone/hadoop-ozone/integration-test/target/test-dir"/>
    <property name="sun.java.launcher" value="SUN_STANDARD"/>
    <property name="sun.boot.library.path" value="/usr/lib/jvm/temurin-8-jdk-amd64/jre/lib/amd64"/>
    <property name="sun.java.command" value="/home/runner/work/ozone/ozone/hadoop-ozone/integration-test/target/surefire/surefirebooter7091083392291596141.jar /home/runner/work/ozone/ozone/hadoop-ozone/integration-test/target/surefire 2023-05-04T19-57-08_540-jvmRun1 surefire5183512677252317447tmp surefire_167341639635663548326tmp"/>
    <property name="surefire.test.class.path" value="/home/runner/work/ozone/ozone/hadoop-ozone/integration-test/target/test-classes:/home/runner/work/ozone/ozone/hadoop-ozone/integration-test/target/classes:/home/runner/.m2/repository/org/apache/ozone/ozone-common/1.4.0-SNAPSHOT/ozone-common-1.4.0-SNAPSHOT.jar:/home/runner/.m2/repository/io/grpc/grpc-netty/1.51.1/grpc-netty-1.51.1.jar:/home/runner/.m2/repository/io/grpc/grpc-core/1.51.1/grpc-core-1.51.1.jar:/home/runner/.m2/repository/com/google/android/annotations/4.1.1.4/annotations-4.1.1.4.jar:/home/runner/.m2/repository/org/codehaus/mojo/animal-sniffer-annotations/1.21/animal-sniffer-annotations-1.21.jar:/home/runner/.m2/repository/com/google/errorprone/error_prone_annotations/2.2.0/error_prone_annotations-2.2.0.jar:/home/runner/.m2/repository/io/perfmark/perfmark-api/0.25.0/perfmark-api-0.25.0.jar:/home/runner/.m2/repository/io/netty/netty-codec-http2/4.1.86.Final/netty-codec-http2-4.1.86.Final.jar:/home/runner/.m2/repository/io/netty/netty-common/4.1.86.Final/netty-common-4.1.86.Final.jar:/home/runner/.m2/repository/io/netty/netty-buffer/4.1.86.Final/netty-buffer-4.1.86.Final.jar:/home/runner/.m2/repository/io/netty/netty-codec-http/4.1.86.Final/netty-codec-http-4.1.86.Final.jar:/home/runner/.m2/repository/io/netty/netty-handler-proxy/4.1.86.Final/netty-handler-proxy-4.1.86.Final.jar:/home/runner/.m2/repository/io/netty/netty-codec-socks/4.1.86.Final/netty-codec-socks-4.1.86.Final.jar:/home/runner/.m2/repository/io/netty/netty-tcnative-boringssl-static/2.0.54.Final/netty-tcnative-boringssl-static-2.0.54.Final.jar:/home/runner/.m2/repository/io/netty/netty-tcnative-classes/2.0.54.Final/netty-tcnative-classes-2.0.54.Final.jar:/home/runner/.m2/repository/io/netty/netty-tcnative-boringssl-static/2.0.54.Final/netty-tcnative-boringssl-static-2.0.54.Final-linux-x86_64.jar:/home/runner/.m2/repository/io/netty/netty-tcnative-boringssl-static/2.0.54.Final/netty-tcnative-boringssl-static-2.0.54.Final-linux-aarch_64.jar:/home/runner/.m2/repository/io/netty/netty-tcnative-boringssl-static/2.0.54.Final/netty-tcnative-boringssl-static-2.0.54.Final-osx-x86_64.jar:/home/runner/.m2/repository/io/netty/netty-tcnative-boringssl-static/2.0.54.Final/netty-tcnative-boringssl-static-2.0.54.Final-osx-aarch_64.jar:/home/runner/.m2/repository/io/netty/netty-tcnative-boringssl-static/2.0.54.Final/netty-tcnative-boringssl-static-2.0.54.Final-windows-x86_64.jar:/home/runner/.m2/repository/org/apache/commons/commons-compress/1.21/commons-compress-1.21.jar:/home/runner/.m2/repository/org/apache/ozone/hdds-common/1.4.0-SNAPSHOT/hdds-common-1.4.0-SNAPSHOT.jar:/home/runner/.m2/repository/org/apache/ozone/hdds-client/1.4.0-SNAPSHOT/hdds-client-1.4.0-SNAPSHOT.jar:/home/runner/.m2/repository/org/apache/ozone/ozone-interface-client/1.4.0-SNAPSHOT/ozone-interface-client-1.4.0-SNAPSHOT.jar:/home/runner/.m2/repository/org/apache/hadoop/hadoop-hdfs-client/3.3.5/hadoop-hdfs-client-3.3.5.jar:/home/runner/.m2/repository/com/squareup/okhttp3/okhttp/4.9.3/okhttp-4.9.3.jar:/home/runner/.m2/repository/com/squareup/okio/okio/2.8.0/okio-2.8.0.jar:/home/runner/.m2/repository/org/jetbrains/kotlin/kotlin-stdlib-common/1.6.21/kotlin-stdlib-common-1.6.21.jar:/home/runner/.m2/repository/org/apache/ozone/hdds-test-utils/1.4.0-SNAPSHOT/hdds-test-utils-1.4.0-SNAPSHOT.jar:/home/runner/.m2/repository/com/google/guava/guava/31.1-jre/guava-31.1-jre.jar:/home/runner/.m2/repository/com/google/guava/failureaccess/1.0.1/failureaccess-1.0.1.jar:/home/runner/.m2/repository/com/google/guava/listenablefuture/9999.0-empty-to-avoid-conflict-with-guava/listenablefuture-9999.0-empty-to-avoid-conflict-with-guava.jar:/home/runner/.m2/repository/com/google/code/findbugs/jsr305/3.0.0/jsr305-3.0.0.jar:/home/runner/.m2/repository/org/checkerframework/checker-qual/3.12.0/checker-qual-3.12.0.jar:/home/runner/.m2/repository/com/google/j2objc/j2objc-annotations/1.3/j2objc-annotations-1.3.jar:/home/runner/.m2/repository/commons-io/commons-io/2.11.0/commons-io-2.11.0.jar:/home/runner/.m2/repository/commons-logging/commons-logging/1.2/commons-logging-1.2.jar:/home/runner/.m2/repository/ch/qos/reload4j/reload4j/1.2.22/reload4j-1.2.22.jar:/home/runner/.m2/repository/org/slf4j/slf4j-api/1.7.36/slf4j-api-1.7.36.jar:/home/runner/.m2/repository/org/apache/ozone/hdds-server-scm/1.4.0-SNAPSHOT/hdds-server-scm-1.4.0-SNAPSHOT.jar:/home/runner/.m2/repository/org/apache/ozone/hdds-container-service/1.4.0-SNAPSHOT/hdds-container-service-1.4.0-SNAPSHOT.jar:/home/runner/.m2/repository/org/apache/ozone/hdds-hadoop-dependency-server/1.4.0-SNAPSHOT/hdds-hadoop-dependency-server-1.4.0-SNAPSHOT.jar:/home/runner/.m2/repository/org/apache/hadoop/hadoop-hdfs/3.3.5/hadoop-hdfs-3.3.5.jar:/home/runner/.m2/repository/commons-daemon/commons-daemon/1.0.13/commons-daemon-1.0.13.jar:/home/runner/.m2/repository/org/apache/ozone/hdds-server-framework/1.4.0-SNAPSHOT/hdds-server-framework-1.4.0-SNAPSHOT.jar:/home/runner/.m2/repository/io/dropwizard/metrics/metrics-core/3.2.4/metrics-core-3.2.4.jar:/home/runner/.m2/repository/org/apache/commons/commons-text/1.4/commons-text-1.4.jar:/home/runner/.m2/repository/org/bouncycastle/bcprov-jdk15on/1.67/bcprov-jdk15on-1.67.jar:/home/runner/.m2/repository/com/google/protobuf/protobuf-java/2.5.0/protobuf-java-2.5.0.jar:/home/runner/.m2/repository/org/apache/ozone/hdds-server-framework/1.4.0-SNAPSHOT/hdds-server-framework-1.4.0-SNAPSHOT-tests.jar:/home/runner/.m2/repository/org/apache/ozone/hdds-interface-server/1.4.0-SNAPSHOT/hdds-interface-server-1.4.0-SNAPSHOT.jar:/home/runner/.m2/repository/org/apache/ozone/hdds-interface-admin/1.4.0-SNAPSHOT/hdds-interface-admin-1.4.0-SNAPSHOT.jar:/home/runner/.m2/repository/org/apache/ozone/hdds-managed-rocksdb/1.4.0-SNAPSHOT/hdds-managed-rocksdb-1.4.0-SNAPSHOT.jar:/home/runner/.m2/repository/org/rocksdb/rocksdbjni/7.7.3/rocksdbjni-7.7.3.jar:/home/runner/.m2/repository/org/slf4j/slf4j-reload4j/1.7.36/slf4j-reload4j-1.7.36.jar:/home/runner/.m2/repository/org/apache/commons/commons-configuration2/2.1.1/commons-configuration2-2.1.1.jar:/home/runner/.m2/repository/org/apache/logging/log4j/log4j-core/2.17.1/log4j-core-2.17.1.jar:/home/runner/.m2/repository/com/lmax/disruptor/3.4.2/disruptor-3.4.2.jar:/home/runner/.m2/repository/org/eclipse/jetty/jetty-util/9.4.51.v20230217/jetty-util-9.4.51.v20230217.jar:/home/runner/.m2/repository/org/eclipse/jetty/jetty-server/9.4.51.v20230217/jetty-server-9.4.51.v20230217.jar:/home/runner/.m2/repository/org/eclipse/jetty/jetty-http/9.4.51.v20230217/jetty-http-9.4.51.v20230217.jar:/home/runner/.m2/repository/org/eclipse/jetty/jetty-io/9.4.51.v20230217/jetty-io-9.4.51.v20230217.jar:/home/runner/.m2/repository/org/eclipse/jetty/jetty-servlet/9.4.51.v20230217/jetty-servlet-9.4.51.v20230217.jar:/home/runner/.m2/repository/org/eclipse/jetty/jetty-security/9.4.51.v20230217/jetty-security-9.4.51.v20230217.jar:/home/runner/.m2/repository/org/eclipse/jetty/jetty-util-ajax/9.4.51.v20230217/jetty-util-ajax-9.4.51.v20230217.jar:/home/runner/.m2/repository/org/eclipse/jetty/jetty-webapp/9.4.51.v20230217/jetty-webapp-9.4.51.v20230217.jar:/home/runner/.m2/repository/org/eclipse/jetty/jetty-xml/9.4.51.v20230217/jetty-xml-9.4.51.v20230217.jar:/home/runner/.m2/repository/org/apache/ratis/ratis-server/2.4.2-8b8bdda-SNAPSHOT/ratis-server-2.4.2-8b8bdda-SNAPSHOT.jar:/home/runner/.m2/repository/org/apache/ratis/ratis-thirdparty-misc/1.0.3/ratis-thirdparty-misc-1.0.3.jar:/home/runner/.m2/repository/org/apache/ratis/ratis-proto/2.4.2-8b8bdda-SNAPSHOT/ratis-proto-2.4.2-8b8bdda-SNAPSHOT.jar:/home/runner/.m2/repository/org/apache/ratis/ratis-common/2.4.2-8b8bdda-SNAPSHOT/ratis-common-2.4.2-8b8bdda-SNAPSHOT.jar:/home/runner/.m2/repository/org/apache/ratis/ratis-client/2.4.2-8b8bdda-SNAPSHOT/ratis-client-2.4.2-8b8bdda-SNAPSHOT.jar:/home/runner/.m2/repository/org/apache/ratis/ratis-server-api/2.4.2-8b8bdda-SNAPSHOT/ratis-server-api-2.4.2-8b8bdda-SNAPSHOT.jar:/home/runner/.m2/repository/org/apache/ratis/ratis-metrics/2.4.2-8b8bdda-SNAPSHOT/ratis-metrics-2.4.2-8b8bdda-SNAPSHOT.jar:/home/runner/.m2/repository/io/prometheus/simpleclient_dropwizard/0.7.0/simpleclient_dropwizard-0.7.0.jar:/home/runner/.m2/repository/io/prometheus/simpleclient/0.7.0/simpleclient-0.7.0.jar:/home/runner/.m2/repository/io/prometheus/simpleclient_common/0.7.0/simpleclient_common-0.7.0.jar:/home/runner/.m2/repository/com/fasterxml/jackson/datatype/jackson-datatype-jsr310/2.13.4/jackson-datatype-jsr310-2.13.4.jar:/home/runner/.m2/repository/com/fasterxml/jackson/core/jackson-core/2.13.4/jackson-core-2.13.4.jar:/home/runner/.m2/repository/com/github/spotbugs/spotbugs-annotations/3.1.12/spotbugs-annotations-3.1.12.jar:/home/runner/.m2/repository/org/apache/ozone/rocksdb-checkpoint-differ/1.4.0-SNAPSHOT/rocksdb-checkpoint-differ-1.4.0-SNAPSHOT.jar:/home/runner/.m2/repository/org/awaitility/awaitility/4.2.0/awaitility-4.2.0.jar:/home/runner/.m2/repository/org/hamcrest/hamcrest/2.1/hamcrest-2.1.jar:/home/runner/.m2/repository/org/apache/ozone/ozone-manager/1.4.0-SNAPSHOT/ozone-manager-1.4.0-SNAPSHOT.jar:/home/runner/.m2/repository/org/aspectj/aspectjrt/1.9.7/aspectjrt-1.9.7.jar:/home/runner/.m2/repository/org/aspectj/aspectjweaver/1.9.7/aspectjweaver-1.9.7.jar:/home/runner/.m2/repository/org/apache/ozone/hdds-interface-client/1.4.0-SNAPSHOT/hdds-interface-client-1.4.0-SNAPSHOT.jar:/home/runner/.m2/repository/org/apache/hadoop/thirdparty/hadoop-shaded-protobuf_3_7/1.1.1/hadoop-shaded-protobuf_3_7-1.1.1.jar:/home/runner/.m2/repository/org/apache/ozone/ozone-interface-storage/1.4.0-SNAPSHOT/ozone-interface-storage-1.4.0-SNAPSHOT.jar:/home/runner/.m2/repository/org/reflections/reflections/0.9.11/reflections-0.9.11.jar:/home/runner/.m2/repository/com/sun/jersey/jersey-client/1.19/jersey-client-1.19.jar:/home/runner/.m2/repository/org/codehaus/jackson/jackson-core-asl/1.9.13/jackson-core-asl-1.9.13.jar:/home/runner/.m2/repository/org/codehaus/jackson/jackson-mapper-asl/1.9.13/jackson-mapper-asl-1.9.13.jar:/home/runner/.m2/repository/org/codehaus/jackson/jackson-jaxrs/1.9.13/jackson-jaxrs-1.9.13.jar:/home/runner/.m2/repository/org/apache/ranger/ranger-intg/2.3.0/ranger-intg-2.3.0.jar:/home/runner/.m2/repository/org/apache/ranger/ranger-plugins-common/2.3.0/ranger-plugins-common-2.3.0.jar:/home/runner/.m2/repository/commons-lang/commons-lang/2.6/commons-lang-2.6.jar:/home/runner/.m2/repository/org/apache/ranger/ranger-plugins-cred/2.3.0/ranger-plugins-cred-2.3.0.jar:/home/runner/.m2/repository/org/apache/ranger/ranger-plugins-audit/2.3.0/ranger-plugins-audit-2.3.0.jar:/home/runner/.m2/repository/org/eclipse/jetty/jetty-client/9.4.51.v20230217/jetty-client-9.4.51.v20230217.jar:/home/runner/.m2/repository/org/apache/httpcomponents/httpmime/4.5.6/httpmime-4.5.6.jar:/home/runner/.m2/repository/org/apache/httpcomponents/httpcore-nio/4.4.13/httpcore-nio-4.4.13.jar:/home/runner/.m2/repository/org/apache/httpcomponents/httpasyncclient/4.1.3/httpasyncclient-4.1.3.jar:/home/runner/.m2/repository/com/carrotsearch/hppc/0.8.0/hppc-0.8.0.jar:/home/runner/.m2/repository/org/apache/orc/orc-core/1.5.8/orc-core-1.5.8.jar:/home/runner/.m2/repository/net/java/dev/jna/jna/5.2.0/jna-5.2.0.jar:/home/runner/.m2/repository/net/java/dev/jna/jna-platform/5.2.0/jna-platform-5.2.0.jar:/home/runner/.m2/repository/com/kstruct/gethostname4j/0.0.2/gethostname4j-0.0.2.jar:/home/runner/.m2/repository/org/apache/ranger/ranger-plugin-classloader/2.3.0/ranger-plugin-classloader-2.3.0.jar:/home/runner/.m2/repository/org/apache/ozone/hdds-rocks-native/1.4.0-SNAPSHOT/hdds-rocks-native-1.4.0-SNAPSHOT.jar:/home/runner/.m2/repository/org/apache/hadoop/hadoop-minikdc/3.3.5/hadoop-minikdc-3.3.5.jar:/home/runner/.m2/repository/org/apache/kerby/kerb-simplekdc/1.0.1/kerb-simplekdc-1.0.1.jar:/home/runner/.m2/repository/org/apache/kerby/kerb-client/1.0.1/kerb-client-1.0.1.jar:/home/runner/.m2/repository/org/apache/kerby/kerby-config/1.0.1/kerby-config-1.0.1.jar:/home/runner/.m2/repository/org/apache/kerby/kerb-common/1.0.1/kerb-common-1.0.1.jar:/home/runner/.m2/repository/org/apache/kerby/kerb-crypto/1.0.1/kerb-crypto-1.0.1.jar:/home/runner/.m2/repository/org/apache/kerby/kerb-util/1.0.1/kerb-util-1.0.1.jar:/home/runner/.m2/repository/org/apache/kerby/token-provider/1.0.1/token-provider-1.0.1.jar:/home/runner/.m2/repository/org/apache/kerby/kerb-admin/1.0.1/kerb-admin-1.0.1.jar:/home/runner/.m2/repository/org/apache/kerby/kerb-server/1.0.1/kerb-server-1.0.1.jar:/home/runner/.m2/repository/org/apache/kerby/kerb-identity/1.0.1/kerb-identity-1.0.1.jar:/home/runner/.m2/repository/org/apache/kerby/kerby-xdr/1.0.1/kerby-xdr-1.0.1.jar:/home/runner/.m2/repository/org/apache/ozone/ozone-s3gateway/1.4.0-SNAPSHOT/ozone-s3gateway-1.4.0-SNAPSHOT.jar:/home/runner/.m2/repository/org/javassist/javassist/3.21.0-GA/javassist-3.21.0-GA.jar:/home/runner/.m2/repository/org/jboss/weld/servlet/weld-servlet-shaded/3.1.9.Final/weld-servlet-shaded-3.1.9.Final.jar:/home/runner/.m2/repository/org/glassfish/jersey/containers/jersey-container-servlet-core/2.34/jersey-container-servlet-core-2.34.jar:/home/runner/.m2/repository/org/glassfish/hk2/external/jakarta.inject/2.6.1/jakarta.inject-2.6.1.jar:/home/runner/.m2/repository/org/glassfish/jersey/core/jersey-common/2.34/jersey-common-2.34.jar:/home/runner/.m2/repository/jakarta/ws/rs/jakarta.ws.rs-api/2.1.6/jakarta.ws.rs-api-2.1.6.jar:/home/runner/.m2/repository/org/glassfish/jersey/ext/cdi/jersey-cdi1x/2.34/jersey-cdi1x-2.34.jar:/home/runner/.m2/repository/org/glassfish/jersey/inject/jersey-hk2/2.34/jersey-hk2-2.34.jar:/home/runner/.m2/repository/org/glassfish/hk2/hk2-locator/2.6.1/hk2-locator-2.6.1.jar:/home/runner/.m2/repository/org/glassfish/jersey/media/jersey-media-jaxb/2.34/jersey-media-jaxb-2.34.jar:/home/runner/.m2/repository/org/glassfish/hk2/osgi-resource-locator/1.0.3/osgi-resource-locator-1.0.3.jar:/home/runner/.m2/repository/org/glassfish/hk2/hk2-api/2.5.0/hk2-api-2.5.0.jar:/home/runner/.m2/repository/org/glassfish/hk2/hk2-utils/2.5.0/hk2-utils-2.5.0.jar:/home/runner/.m2/repository/org/glassfish/hk2/external/aopalliance-repackaged/2.5.0/aopalliance-repackaged-2.5.0.jar:/home/runner/.m2/repository/com/fasterxml/jackson/dataformat/jackson-dataformat-xml/2.13.4/jackson-dataformat-xml-2.13.4.jar:/home/runner/.m2/repository/org/codehaus/woodstox/stax2-api/4.2.1/stax2-api-4.2.1.jar:/home/runner/.m2/repository/com/fasterxml/woodstox/woodstox-core/5.4.0/woodstox-core-5.4.0.jar:/home/runner/.m2/repository/com/fasterxml/jackson/module/jackson-module-jaxb-annotations/2.13.4/jackson-module-jaxb-annotations-2.13.4.jar:/home/runner/.m2/repository/jakarta/xml/bind/jakarta.xml.bind-api/2.3.3/jakarta.xml.bind-api-2.3.3.jar:/home/runner/.m2/repository/jakarta/activation/jakarta.activation-api/1.2.2/jakarta.activation-api-1.2.2.jar:/home/runner/.m2/repository/javax/enterprise/cdi-api/2.0/cdi-api-2.0.jar:/home/runner/.m2/repository/javax/el/javax.el-api/3.0.0/javax.el-api-3.0.0.jar:/home/runner/.m2/repository/javax/interceptor/javax.interceptor-api/1.2/javax.interceptor-api-1.2.jar:/home/runner/.m2/repository/javax/inject/javax.inject/1/javax.inject-1.jar:/home/runner/.m2/repository/javax/xml/bind/jaxb-api/2.3.0/jaxb-api-2.3.0.jar:/home/runner/.m2/repository/org/glassfish/jaxb/jaxb-runtime/2.3.0.1/jaxb-runtime-2.3.0.1.jar:/home/runner/.m2/repository/org/glassfish/jaxb/jaxb-core/2.3.0.1/jaxb-core-2.3.0.1.jar:/home/runner/.m2/repository/org/glassfish/jaxb/txw2/2.3.0.1/txw2-2.3.0.1.jar:/home/runner/.m2/repository/com/sun/istack/istack-commons-runtime/3.0.5/istack-commons-runtime-3.0.5.jar:/home/runner/.m2/repository/org/jvnet/staxex/stax-ex/1.7.8/stax-ex-1.7.8.jar:/home/runner/.m2/repository/com/sun/xml/fastinfoset/FastInfoset/1.2.13/FastInfoset-1.2.13.jar:/home/runner/.m2/repository/javax/activation/activation/1.1.1/activation-1.1.1.jar:/home/runner/.m2/repository/io/grpc/grpc-protobuf/1.51.1/grpc-protobuf-1.51.1.jar:/home/runner/.m2/repository/io/grpc/grpc-api/1.51.1/grpc-api-1.51.1.jar:/home/runner/.m2/repository/io/grpc/grpc-context/1.51.1/grpc-context-1.51.1.jar:/home/runner/.m2/repository/com/google/api/grpc/proto-google-common-protos/2.9.0/proto-google-common-protos-2.9.0.jar:/home/runner/.m2/repository/io/grpc/grpc-protobuf-lite/1.51.1/grpc-protobuf-lite-1.51.1.jar:/home/runner/.m2/repository/io/grpc/grpc-stub/1.51.1/grpc-stub-1.51.1.jar:/home/runner/.m2/repository/io/netty/netty-transport/4.1.86.Final/netty-transport-4.1.86.Final.jar:/home/runner/.m2/repository/io/netty/netty-resolver/4.1.86.Final/netty-resolver-4.1.86.Final.jar:/home/runner/.m2/repository/org/apache/ozone/ozone-csi/1.4.0-SNAPSHOT/ozone-csi-1.4.0-SNAPSHOT.jar:/home/runner/.m2/repository/com/google/protobuf/protobuf-java-util/3.19.6/protobuf-java-util-3.19.6.jar:/home/runner/.m2/repository/com/google/code/gson/gson/2.9.0/gson-2.9.0.jar:/home/runner/.m2/repository/org/apache/ozone/hdds-config/1.4.0-SNAPSHOT/hdds-config-1.4.0-SNAPSHOT.jar:/home/runner/.m2/repository/io/netty/netty-transport-native-epoll/4.1.86.Final/netty-transport-native-epoll-4.1.86.Final-linux-x86_64.jar:/home/runner/.m2/repository/io/netty/netty-transport-classes-epoll/4.1.86.Final/netty-transport-classes-epoll-4.1.86.Final.jar:/home/runner/.m2/repository/io/netty/netty-transport-native-unix-common/4.1.86.Final/netty-transport-native-unix-common-4.1.86.Final.jar:/home/runner/.m2/repository/org/apache/ozone/ozone-recon/1.4.0-SNAPSHOT/ozone-recon-1.4.0-SNAPSHOT.jar:/home/runner/.m2/repository/org/apache/ozone/ozone-reconcodegen/1.4.0-SNAPSHOT/ozone-reconcodegen-1.4.0-SNAPSHOT.jar:/home/runner/.m2/repository/com/google/inject/guice/5.1.0/guice-5.1.0.jar:/home/runner/.m2/repository/aopalliance/aopalliance/1.0/aopalliance-1.0.jar:/home/runner/.m2/repository/com/google/inject/extensions/guice-assistedinject/5.1.0/guice-assistedinject-5.1.0.jar:/home/runner/.m2/repository/com/google/inject/extensions/guice-servlet/5.1.0/guice-servlet-5.1.0.jar:/home/runner/.m2/repository/org/glassfish/jersey/containers/jersey-container-servlet/2.34/jersey-container-servlet-2.34.jar:/home/runner/.m2/repository/org/glassfish/hk2/guice-bridge/2.5.0/guice-bridge-2.5.0.jar:/home/runner/.m2/repository/org/glassfish/jersey/core/jersey-server/2.34/jersey-server-2.34.jar:/home/runner/.m2/repository/org/glassfish/jersey/core/jersey-client/2.34/jersey-client-2.34.jar:/home/runner/.m2/repository/jakarta/annotation/jakarta.annotation-api/1.3.5/jakarta.annotation-api-1.3.5.jar:/home/runner/.m2/repository/jakarta/validation/jakarta.validation-api/2.0.2/jakarta.validation-api-2.0.2.jar:/home/runner/.m2/repository/org/glassfish/jersey/media/jersey-media-json-jackson/2.34/jersey-media-json-jackson-2.34.jar:/home/runner/.m2/repository/org/glassfish/jersey/ext/jersey-entity-filtering/2.34/jersey-entity-filtering-2.34.jar:/home/runner/.m2/repository/org/jooq/jooq/3.11.10/jooq-3.11.10.jar:/home/runner/.m2/repository/org/jooq/jooq-meta/3.11.10/jooq-meta-3.11.10.jar:/home/runner/.m2/repository/org/jooq/jooq-codegen/3.11.10/jooq-codegen-3.11.10.jar:/home/runner/.m2/repository/com/jolbox/bonecp/0.8.0.RELEASE/bonecp-0.8.0.RELEASE.jar:/home/runner/.m2/repository/org/apache/derby/derby/10.14.2.0/derby-10.14.2.0.jar:/home/runner/.m2/repository/org/xerial/sqlite-jdbc/3.25.2/sqlite-jdbc-3.25.2.jar:/home/runner/.m2/repository/org/springframework/spring-jdbc/5.3.27/spring-jdbc-5.3.27.jar:/home/runner/.m2/repository/org/springframework/spring-beans/5.3.27/spring-beans-5.3.27.jar:/home/runner/.m2/repository/org/springframework/spring-core/5.3.27/spring-core-5.3.27.jar:/home/runner/.m2/repository/org/springframework/spring-tx/5.3.27/spring-tx-5.3.27.jar:/home/runner/.m2/repository/org/apache/ozone/ozone-client/1.4.0-SNAPSHOT/ozone-client-1.4.0-SNAPSHOT.jar:/home/runner/.m2/repository/org/apache/ozone/hdds-erasurecode/1.4.0-SNAPSHOT/hdds-erasurecode-1.4.0-SNAPSHOT.jar:/home/runner/.m2/repository/org/apache/ozone/ozone-filesystem/1.4.0-SNAPSHOT/ozone-filesystem-1.4.0-SNAPSHOT.jar:/home/runner/.m2/repository/org/apache/ozone/ozone-filesystem-common/1.4.0-SNAPSHOT/ozone-filesystem-common-1.4.0-SNAPSHOT.jar:/home/runner/.m2/repository/org/apache/ozone/ozone-tools/1.4.0-SNAPSHOT/ozone-tools-1.4.0-SNAPSHOT.jar:/home/runner/.m2/repository/com/amazonaws/aws-java-sdk-core/1.12.261/aws-java-sdk-core-1.12.261.jar:/home/runner/.m2/repository/org/apache/httpcomponents/httpclient/4.5.13/httpclient-4.5.13.jar:/home/runner/.m2/repository/org/apache/httpcomponents/httpcore/4.4.13/httpcore-4.4.13.jar:/home/runner/.m2/repository/software/amazon/ion/ion-java/1.0.2/ion-java-1.0.2.jar:/home/runner/.m2/repository/com/fasterxml/jackson/dataformat/jackson-dataformat-cbor/2.13.4/jackson-dataformat-cbor-2.13.4.jar:/home/runner/.m2/repository/joda-time/joda-time/2.10.6/joda-time-2.10.6.jar:/home/runner/.m2/repository/com/amazonaws/aws-java-sdk-s3/1.12.261/aws-java-sdk-s3-1.12.261.jar:/home/runner/.m2/repository/com/amazonaws/aws-java-sdk-kms/1.12.261/aws-java-sdk-kms-1.12.261.jar:/home/runner/.m2/repository/com/amazonaws/jmespath-java/1.12.261/jmespath-java-1.12.261.jar:/home/runner/.m2/repository/org/kohsuke/metainf-services/metainf-services/1.8/metainf-services-1.8.jar:/home/runner/.m2/repository/org/apache/ozone/hdds-tools/1.4.0-SNAPSHOT/hdds-tools-1.4.0-SNAPSHOT.jar:/home/runner/.m2/repository/org/apache/ratis/ratis-tools/2.4.2-8b8bdda-SNAPSHOT/ratis-tools-2.4.2-8b8bdda-SNAPSHOT.jar:/home/runner/.m2/repository/commons-cli/commons-cli/1.2/commons-cli-1.2.jar:/home/runner/.m2/repository/org/apache/commons/commons-lang3/3.7/commons-lang3-3.7.jar:/home/runner/.m2/repository/org/apache/ozone/ozone-manager/1.4.0-SNAPSHOT/ozone-manager-1.4.0-SNAPSHOT-tests.jar:/home/runner/.m2/repository/org/apache/ozone/hdds-common/1.4.0-SNAPSHOT/hdds-common-1.4.0-SNAPSHOT-tests.jar:/home/runner/.m2/repository/org/apache/ozone/hdds-hadoop-dependency-client/1.4.0-SNAPSHOT/hdds-hadoop-dependency-client-1.4.0-SNAPSHOT.jar:/home/runner/.m2/repository/info/picocli/picocli/4.6.1/picocli-4.6.1.jar:/home/runner/.m2/repository/com/fasterxml/jackson/core/jackson-annotations/2.13.4/jackson-annotations-2.13.4.jar:/home/runner/.m2/repository/org/apache/ozone/hdds-annotation-processing/1.4.0-SNAPSHOT/hdds-annotation-processing-1.4.0-SNAPSHOT.jar:/home/runner/.m2/repository/javax/annotation/javax.annotation-api/1.2/javax.annotation-api-1.2.jar:/home/runner/.m2/repository/org/apache/ratis/ratis-netty/2.4.2-8b8bdda-SNAPSHOT/ratis-netty-2.4.2-8b8bdda-SNAPSHOT.jar:/home/runner/.m2/repository/org/apache/ratis/ratis-grpc/2.4.2-8b8bdda-SNAPSHOT/ratis-grpc-2.4.2-8b8bdda-SNAPSHOT.jar:/home/runner/.m2/repository/org/apache/logging/log4j/log4j-api/2.17.1/log4j-api-2.17.1.jar:/home/runner/.m2/repository/org/apache/commons/commons-pool2/2.6.0/commons-pool2-2.6.0.jar:/home/runner/.m2/repository/org/bouncycastle/bcpkix-jdk15on/1.67/bcpkix-jdk15on-1.67.jar:/home/runner/.m2/repository/commons-validator/commons-validator/1.6/commons-validator-1.6.jar:/home/runner/.m2/repository/commons-beanutils/commons-beanutils/1.9.4/commons-beanutils-1.9.4.jar:/home/runner/.m2/repository/commons-digester/commons-digester/1.8.1/commons-digester-1.8.1.jar:/home/runner/.m2/repository/commons-collections/commons-collections/3.2.2/commons-collections-3.2.2.jar:/home/runner/.m2/repository/io/jaegertracing/jaeger-client/1.6.0/jaeger-client-1.6.0.jar:/home/runner/.m2/repository/io/jaegertracing/jaeger-thrift/1.6.0/jaeger-thrift-1.6.0.jar:/home/runner/.m2/repository/org/apache/thrift/libthrift/0.14.1/libthrift-0.14.1.jar:/home/runner/.m2/repository/io/jaegertracing/jaeger-core/1.6.0/jaeger-core-1.6.0.jar:/home/runner/.m2/repository/io/jaegertracing/jaeger-tracerresolver/1.6.0/jaeger-tracerresolver-1.6.0.jar:/home/runner/.m2/repository/io/opentracing/contrib/opentracing-tracerresolver/0.1.8/opentracing-tracerresolver-0.1.8.jar:/home/runner/.m2/repository/org/jetbrains/kotlin/kotlin-stdlib/1.6.21/kotlin-stdlib-1.6.21.jar:/home/runner/.m2/repository/org/jetbrains/annotations/13.0/annotations-13.0.jar:/home/runner/.m2/repository/io/opentracing/opentracing-util/0.33.0/opentracing-util-0.33.0.jar:/home/runner/.m2/repository/io/opentracing/opentracing-api/0.33.0/opentracing-api-0.33.0.jar:/home/runner/.m2/repository/io/opentracing/opentracing-noop/0.33.0/opentracing-noop-0.33.0.jar:/home/runner/.m2/repository/org/yaml/snakeyaml/2.0/snakeyaml-2.0.jar:/home/runner/.m2/repository/junit/junit/4.13.1/junit-4.13.1.jar:/home/runner/.m2/repository/org/hamcrest/hamcrest-core/1.3/hamcrest-core-1.3.jar:/home/runner/.m2/repository/org/junit/jupiter/junit-jupiter-api/5.8.2/junit-jupiter-api-5.8.2.jar:/home/runner/.m2/repository/org/opentest4j/opentest4j/1.2.0/opentest4j-1.2.0.jar:/home/runner/.m2/repository/org/junit/platform/junit-platform-commons/1.8.2/junit-platform-commons-1.8.2.jar:/home/runner/.m2/repository/org/apiguardian/apiguardian-api/1.1.2/apiguardian-api-1.1.2.jar:/home/runner/.m2/repository/org/junit/jupiter/junit-jupiter-params/5.8.2/junit-jupiter-params-5.8.2.jar:/home/runner/.m2/repository/org/junit/jupiter/junit-jupiter-migrationsupport/5.8.2/junit-jupiter-migrationsupport-5.8.2.jar:/home/runner/.m2/repository/org/junit/jupiter/junit-jupiter-engine/5.8.2/junit-jupiter-engine-5.8.2.jar:/home/runner/.m2/repository/org/junit/platform/junit-platform-engine/1.8.2/junit-platform-engine-1.8.2.jar:/home/runner/.m2/repository/org/junit/vintage/junit-vintage-engine/5.8.2/junit-vintage-engine-5.8.2.jar:/home/runner/.m2/repository/org/junit/platform/junit-platform-launcher/1.8.2/junit-platform-launcher-1.8.2.jar:/home/runner/.m2/repository/org/mockito/mockito-core/2.28.2/mockito-core-2.28.2.jar:/home/runner/.m2/repository/net/bytebuddy/byte-buddy/1.9.10/byte-buddy-1.9.10.jar:/home/runner/.m2/repository/net/bytebuddy/byte-buddy-agent/1.9.10/byte-buddy-agent-1.9.10.jar:/home/runner/.m2/repository/org/objenesis/objenesis/1.0/objenesis-1.0.jar:/home/runner/.m2/repository/org/apache/hadoop/hadoop-kms/3.3.5/hadoop-kms-3.3.5.jar:/home/runner/.m2/repository/org/apache/hadoop/hadoop-auth/3.3.5/hadoop-auth-3.3.5.jar:/home/runner/.m2/repository/com/nimbusds/nimbus-jose-jwt/9.8.1/nimbus-jose-jwt-9.8.1.jar:/home/runner/.m2/repository/com/github/stephenc/jcip/jcip-annotations/1.0-1/jcip-annotations-1.0-1.jar:/home/runner/.m2/repository/net/minidev/json-smart/2.4.7/json-smart-2.4.7.jar:/home/runner/.m2/repository/net/minidev/accessors-smart/2.4.7/accessors-smart-2.4.7.jar:/home/runner/.m2/repository/org/ow2/asm/asm/5.0.4/asm-5.0.4.jar:/home/runner/.m2/repository/org/apache/zookeeper/zookeeper/3.5.6/zookeeper-3.5.6.jar:/home/runner/.m2/repository/org/apache/zookeeper/zookeeper-jute/3.5.6/zookeeper-jute-3.5.6.jar:/home/runner/.m2/repository/org/apache/yetus/audience-annotations/0.5.0/audience-annotations-0.5.0.jar:/home/runner/.m2/repository/org/apache/curator/curator-framework/4.2.0/curator-framework-4.2.0.jar:/home/runner/.m2/repository/org/apache/hadoop/thirdparty/hadoop-shaded-guava/1.1.1/hadoop-shaded-guava-1.1.1.jar:/home/runner/.m2/repository/com/sun/jersey/jersey-core/1.19/jersey-core-1.19.jar:/home/runner/.m2/repository/javax/ws/rs/jsr311-api/1.1.1/jsr311-api-1.1.1.jar:/home/runner/.m2/repository/com/sun/jersey/jersey-server/1.19/jersey-server-1.19.jar:/home/runner/.m2/repository/javax/servlet/javax.servlet-api/3.1.0/javax.servlet-api-3.1.0.jar:/home/runner/.m2/repository/org/apache/hadoop/hadoop-common/3.3.5/hadoop-common-3.3.5.jar:/home/runner/.m2/repository/org/apache/commons/commons-math3/3.1.1/commons-math3-3.1.1.jar:/home/runner/.m2/repository/commons-net/commons-net/3.9.0/commons-net-3.9.0.jar:/home/runner/.m2/repository/com/sun/jersey/jersey-servlet/1.19/jersey-servlet-1.19.jar:/home/runner/.m2/repository/com/github/pjfanning/jersey-json/1.20/jersey-json-1.20.jar:/home/runner/.m2/repository/org/codehaus/jettison/jettison/1.1/jettison-1.1.jar:/home/runner/.m2/repository/com/sun/xml/bind/jaxb-impl/2.2.3-1/jaxb-impl-2.2.3-1.jar:/home/runner/.m2/repository/com/google/re2j/re2j/1.1/re2j-1.1.jar:/home/runner/.m2/repository/com/jcraft/jsch/0.1.54/jsch-0.1.54.jar:/home/runner/.m2/repository/org/apache/curator/curator-client/4.2.0/curator-client-4.2.0.jar:/home/runner/.m2/repository/org/apache/curator/curator-recipes/4.2.0/curator-recipes-4.2.0.jar:/home/runner/.m2/repository/org/apache/kerby/kerb-core/1.0.1/kerb-core-1.0.1.jar:/home/runner/.m2/repository/org/apache/kerby/kerby-pkix/1.0.1/kerby-pkix-1.0.1.jar:/home/runner/.m2/repository/org/apache/kerby/kerby-asn1/1.0.1/kerby-asn1-1.0.1.jar:/home/runner/.m2/repository/org/apache/kerby/kerby-util/1.0.1/kerby-util-1.0.1.jar:/home/runner/.m2/repository/dnsjava/dnsjava/2.1.7/dnsjava-2.1.7.jar:/home/runner/.m2/repository/org/xerial/snappy/snappy-java/1.1.8.2/snappy-java-1.1.8.2.jar:/home/runner/.m2/repository/com/fasterxml/jackson/core/jackson-databind/2.13.4.2/jackson-databind-2.13.4.2.jar:/home/runner/.m2/repository/org/apache/hadoop/hadoop-kms/3.3.5/hadoop-kms-3.3.5-tests.jar:/home/runner/.m2/repository/org/apache/ozone/hdds-server-scm/1.4.0-SNAPSHOT/hdds-server-scm-1.4.0-SNAPSHOT-tests.jar:/home/runner/.m2/repository/org/apache/ozone/hdds-container-service/1.4.0-SNAPSHOT/hdds-container-service-1.4.0-SNAPSHOT-tests.jar:/home/runner/.m2/repository/com/github/luben/zstd-jni/1.5.2-5/zstd-jni-1.5.2-5.jar:/home/runner/.m2/repository/commons-codec/commons-codec/1.15/commons-codec-1.15.jar:/home/runner/.m2/repository/io/netty/netty-codec/4.1.86.Final/netty-codec-4.1.86.Final.jar:/home/runner/.m2/repository/io/netty/netty-handler/4.1.86.Final/netty-handler-4.1.86.Final.jar:/home/runner/.m2/repository/org/apache/ozone/hdds-hadoop-dependency-test/1.4.0-SNAPSHOT/hdds-hadoop-dependency-test-1.4.0-SNAPSHOT.jar:/home/runner/.m2/repository/org/apache/hadoop/hadoop-common/3.3.5/hadoop-common-3.3.5-tests.jar:/home/runner/.m2/repository/org/apache/hadoop/hadoop-hdfs/3.3.5/hadoop-hdfs-3.3.5-tests.jar:/home/runner/.m2/repository/org/assertj/assertj-core/3.12.2/assertj-core-3.12.2.jar:/home/runner/.m2/repository/org/apache/hadoop/hadoop-distcp/3.3.5/hadoop-distcp-3.3.5.jar:/home/runner/.m2/repository/org/apache/hadoop/hadoop-mapreduce-client-jobclient/3.3.5/hadoop-mapreduce-client-jobclient-3.3.5.jar:/home/runner/.m2/repository/org/apache/hadoop/hadoop-mapreduce-client-common/3.3.5/hadoop-mapreduce-client-common-3.3.5.jar:/home/runner/.m2/repository/org/apache/hadoop/hadoop-yarn-common/3.3.5/hadoop-yarn-common-3.3.5.jar:/home/runner/.m2/repository/org/apache/hadoop/hadoop-yarn-api/3.3.5/hadoop-yarn-api-3.3.5.jar:/home/runner/.m2/repository/com/sun/jersey/contribs/jersey-guice/1.19/jersey-guice-1.19.jar:/home/runner/.m2/repository/com/fasterxml/jackson/jaxrs/jackson-jaxrs-json-provider/2.13.4/jackson-jaxrs-json-provider-2.13.4.jar:/home/runner/.m2/repository/com/fasterxml/jackson/jaxrs/jackson-jaxrs-base/2.13.4/jackson-jaxrs-base-2.13.4.jar:/home/runner/.m2/repository/org/apache/hadoop/hadoop-yarn-client/3.3.5/hadoop-yarn-client-3.3.5.jar:/home/runner/.m2/repository/org/eclipse/jetty/websocket/websocket-client/9.4.48.v20220622/websocket-client-9.4.48.v20220622.jar:/home/runner/.m2/repository/org/eclipse/jetty/websocket/websocket-common/9.4.48.v20220622/websocket-common-9.4.48.v20220622.jar:/home/runner/.m2/repository/org/eclipse/jetty/websocket/websocket-api/9.4.48.v20220622/websocket-api-9.4.48.v20220622.jar:/home/runner/.m2/repository/org/jline/jline/3.9.0/jline-3.9.0.jar:/home/runner/.m2/repository/org/apache/hadoop/hadoop-mapreduce-client-core/3.3.5/hadoop-mapreduce-client-core-3.3.5.jar:/home/runner/.m2/repository/org/apache/avro/avro/1.7.7/avro-1.7.7.jar:/home/runner/.m2/repository/com/thoughtworks/paranamer/paranamer/2.3/paranamer-2.3.jar:/home/runner/.m2/repository/org/apache/hadoop/hadoop-annotations/3.3.5/hadoop-annotations-3.3.5.jar:/usr/lib/jvm/temurin-8-jdk-amd64/jre/../lib/tools.jar:/home/runner/.m2/repository/io/netty/netty/3.10.6.Final/netty-3.10.6.Final.jar:/home/runner/.m2/repository/org/apache/hadoop/hadoop-distcp/3.3.5/hadoop-distcp-3.3.5-tests.jar:/home/runner/.m2/repository/org/slf4j/jul-to-slf4j/1.7.36/jul-to-slf4j-1.7.36.jar:"/>
    <property name="sun.cpu.endian" value="little"/>
    <property name="user.home" value="/home/runner"/>
    <property name="user.language" value="en"/>
    <property name="java.specification.vendor" value="Oracle Corporation"/>
    <property name="java.home" value="/usr/lib/jvm/temurin-8-jdk-amd64/jre"/>
    <property name="java.security.krb5.conf" value="/home/runner/work/ozone/ozone/hadoop-ozone/integration-test/target/test-classes/krb5.conf"/>
    <property name="basedir" value="/home/runner/work/ozone/ozone/hadoop-ozone/integration-test"/>
    <property name="file.separator" value="/"/>
    <property name="line.separator" value="&#10;"/>
    <property name="java.vm.specification.vendor" value="Oracle Corporation"/>
    <property name="java.specification.name" value="Java Platform API Specification"/>
    <property name="java.awt.graphicsenv" value="sun.awt.X11GraphicsEnvironment"/>
    <property name="skip.installnpx" value="true"/>
    <property name="surefire.real.class.path" value="/home/runner/work/ozone/ozone/hadoop-ozone/integration-test/target/surefire/surefirebooter7091083392291596141.jar:/home/runner/.m2/repository/org/jacoco/org.jacoco.agent/0.8.5/org.jacoco.agent-0.8.5-runtime.jar"/>
    <property name="hadoop.log.dir" value="/home/runner/work/ozone/ozone/hadoop-ozone/integration-test/target/log"/>
    <property name="sun.boot.class.path" value="/usr/lib/jvm/temurin-8-jdk-amd64/jre/lib/resources.jar:/usr/lib/jvm/temurin-8-jdk-amd64/jre/lib/rt.jar:/usr/lib/jvm/temurin-8-jdk-amd64/jre/lib/sunrsasign.jar:/usr/lib/jvm/temurin-8-jdk-amd64/jre/lib/jsse.jar:/usr/lib/jvm/temurin-8-jdk-amd64/jre/lib/jce.jar:/usr/lib/jvm/temurin-8-jdk-amd64/jre/lib/charsets.jar:/usr/lib/jvm/temurin-8-jdk-amd64/jre/lib/jfr.jar:/usr/lib/jvm/temurin-8-jdk-amd64/jre/classes"/>
    <property name="sun.management.compiler" value="HotSpot 64-Bit Tiered Compilers"/>
    <property name="skip.npx" value="true"/>
    <property name="java.runtime.version" value="1.8.0_362-b09"/>
    <property name="java.net.preferIPv4Stack" value="true"/>
    <property name="user.name" value="runner"/>
    <property name="path.separator" value=":"/>
    <property name="java.security.egd" value="file:///dev/urandom"/>
    <property name="os.version" value="5.15.0-1036-azure"/>
    <property name="java.endorsed.dirs" value="/usr/lib/jvm/temurin-8-jdk-amd64/jre/lib/endorsed"/>
    <property name="java.runtime.name" value="OpenJDK Runtime Environment"/>
    <property name="file.encoding" value="UTF-8"/>
    <property name="java.vm.name" value="OpenJDK 64-Bit Server VM"/>
    <property name="test.build.webapps" value=""/>
    <property name="localRepository" value="/home/runner/.m2/repository"/>
    <property name="jetty.git.hash" value="b45c405e4544384de066f814ed42ae3dceacdd49"/>
    <property name="java.vendor.url.bug" value="https://github.com/adoptium/adoptium-support/issues"/>
    <property name="java.io.tmpdir" value="/tmp"/>
    <property name="require.test.libhadoop" value=""/>
    <property name="java.version" value="1.8.0_362"/>
    <property name="user.dir" value="/home/runner/work/ozone/ozone/hadoop-ozone/integration-test"/>
    <property name="os.arch" value="amd64"/>
    <property name="java.vm.specification.name" value="Java Virtual Machine Specification"/>
    <property name="test.build.classes" value="/home/runner/work/ozone/ozone/hadoop-ozone/integration-test/target/test-classes"/>
    <property name="java.awt.printerjob" value="sun.print.PSPrinterJob"/>
    <property name="sun.os.patch.level" value="unknown"/>
    <property name="org.apache.ratis.thirdparty.io.netty.allocator.useCacheForAllThreads" value="false"/>
    <property name="hadoop.tmp.dir" value="/home/runner/work/ozone/ozone/hadoop-ozone/integration-test/target/tmp"/>
    <property name="java.library.path" value="/usr/java/packages/lib/amd64:/usr/lib64:/lib64:/lib:/usr/lib"/>
    <property name="java.vm.info" value="mixed mode"/>
    <property name="java.vendor" value="Temurin"/>
    <property name="java.vm.version" value="25.362-b09"/>
    <property name="java.specification.maintenance.version" value="4"/>
    <property name="java.ext.dirs" value="/usr/lib/jvm/temurin-8-jdk-amd64/jre/lib/ext:/usr/java/packages/lib/ext"/>
    <property name="sun.io.unicode.encoding" value="UnicodeLittle"/>
    <property name="java.class.version" value="52.0"/>
  </properties>
  <testcase name="bucketUsedBytesOverWrite(BucketLayout)[1]" classname="org.apache.hadoop.ozone.client.rpc.TestOzoneRpcClient" time="8.859">
    <system-out><![CDATA[2023-05-04 20:13:43,920 [main] WARN  server.ServerUtils (ServerUtils.java:getScmDbDir(148)) - ozone.scm.db.dirs is not configured. We recommend adding this setting. Falling back to ozone.metadata.dirs instead.
2023-05-04 20:13:44,003 [main] WARN  server.ServerUtils (ServerUtils.java:getScmDbDir(148)) - ozone.scm.db.dirs is not configured. We recommend adding this setting. Falling back to ozone.metadata.dirs instead.
2023-05-04 20:13:44,007 [main] INFO  ha.SCMHANodeDetails (SCMHANodeDetails.java:loadSCMHAConfig(209)) - ServiceID for StorageContainerManager is null
2023-05-04 20:13:44,016 [main] WARN  ha.SCMHANodeDetails (SCMHANodeDetails.java:validateSCMHAConfig(182)) - Invalid config ozone.scm.ratis.enable. The config was not specified, but the default value true conflicts with the expected config value false. Falling back to the expected value. Current State of SCM: SCM is running in Non-HA without Ratis Ratis SCM -> Non Ratis SCM or Non HA SCM -> HA SCM is not supported
2023-05-04 20:13:44,016 [main] INFO  ha.SCMHANodeDetails (SCMHANodeDetails.java:loadSCMHAConfig(214)) - ozone.scm.default.service.id is not defined, falling back to ozone.scm.service.ids to find serviceID for StorageContainerManager if it is HA enabled cluster
2023-05-04 20:13:44,625 [main] WARN  utils.HAUtils (HAUtils.java:getMetaDir(350)) - ozone.scm.db.dirs is not configured. We recommend adding this setting. Falling back to ozone.metadata.dirs instead.
2023-05-04 20:13:44,766 [main] WARN  db.DBStoreBuilder (DBStoreBuilder.java:applyDBDefinition(165)) - ozone.scm.db.dirs is not configured. We recommend adding this setting. Falling back to ozone.metadata.dirs instead.
2023-05-04 20:13:44,981 [main] INFO  net.NodeSchemaLoader (NodeSchemaLoader.java:loadSchemaFromFile(129)) - Loading schema from [jar:file:/home/runner/.m2/repository/org/apache/ozone/hdds-common/1.4.0-SNAPSHOT/hdds-common-1.4.0-SNAPSHOT.jar!/network-topology-default.xml]
2023-05-04 20:13:44,985 [main] INFO  net.NodeSchemaLoader (NodeSchemaLoader.java:loadSchema(176)) - Loading network topology layer schema file
2023-05-04 20:13:45,034 [main] INFO  metrics.MetricRegistries (MetricRegistriesLoader.java:load(64)) - Loaded MetricRegistries class org.apache.ratis.metrics.impl.MetricRegistriesImpl
2023-05-04 20:13:45,057 [main] INFO  upgrade.AbstractLayoutVersionManager (AbstractLayoutVersionManager.java:init(83)) - Initializing Layout version manager with metadata layout = WEBUI_PORTS_IN_DATANODEDETAILS (version = 6), software layout = WEBUI_PORTS_IN_DATANODEDETAILS (version = 6)
2023-05-04 20:13:45,297 [main] INFO  reflections.Reflections (Reflections.java:scan(232)) - Reflections took 160 ms to scan 7 urls, producing 156 keys and 369 values 
2023-05-04 20:13:45,417 [main] INFO  ha.SequenceIdGenerator (SequenceIdGenerator.java:upgradeToSequenceId(349)) - upgrade localId to 111677748019200000
2023-05-04 20:13:45,417 [main] INFO  ha.SequenceIdGenerator (SequenceIdGenerator.java:upgradeToSequenceId(359)) - upgrade delTxnId to 0
2023-05-04 20:13:45,425 [main] INFO  ha.SequenceIdGenerator (SequenceIdGenerator.java:upgradeToSequenceId(376)) - upgrade containerId to 0
2023-05-04 20:13:45,427 [main] INFO  ha.SequenceIdGenerator (SequenceIdGenerator.java:<init>(220)) - Init the HA SequenceIdGenerator.
2023-05-04 20:13:45,484 [main] INFO  node.SCMNodeManager (SCMNodeManager.java:<init>(159)) - Entering startup safe mode.
2023-05-04 20:13:45,502 [main] INFO  algorithms.ContainerPlacementPolicyFactory (ContainerPlacementPolicyFactory.java:getPolicyInternal(86)) - Create container placement policy of type org.apache.hadoop.hdds.scm.container.placement.algorithms.SCMContainerPlacementRackAware
2023-05-04 20:13:45,505 [main] INFO  algorithms.ContainerPlacementPolicyFactory (ContainerPlacementPolicyFactory.java:getPolicyInternal(86)) - Create container placement policy of type org.apache.hadoop.hdds.scm.container.placement.algorithms.SCMContainerPlacementRackScatter
2023-05-04 20:13:45,514 [main] INFO  pipeline.PipelineStateManagerImpl (PipelineStateManagerImpl.java:initialize(78)) - No pipeline exists in current db
2023-05-04 20:13:45,553 [main] INFO  algorithms.LeaderChoosePolicyFactory (LeaderChoosePolicyFactory.java:getPolicy(57)) - Create leader choose policy of type org.apache.hadoop.hdds.scm.pipeline.leader.choose.algorithms.MinLeaderCountChoosePolicy
2023-05-04 20:13:45,554 [main] INFO  algorithms.ContainerPlacementPolicyFactory (ContainerPlacementPolicyFactory.java:getPolicyInternal(86)) - Create container placement policy of type org.apache.hadoop.hdds.scm.container.placement.algorithms.SCMContainerPlacementRackScatter
2023-05-04 20:13:45,560 [main] INFO  ha.SCMServiceManager (SCMServiceManager.java:register(42)) - Registering service BackgroundPipelineCreator.
2023-05-04 20:13:45,561 [main] INFO  pipeline.BackgroundPipelineCreator (BackgroundPipelineCreator.java:start(124)) - Starting RatisPipelineUtilsThread.
2023-05-04 20:13:45,564 [main] INFO  BackgroundPipelineScrubber (BackgroundSCMService.java:start(68)) - Starting BackgroundPipelineScrubber Service.
2023-05-04 20:13:45,565 [main] INFO  ha.SCMServiceManager (SCMServiceManager.java:register(42)) - Registering service BackgroundPipelineScrubber.
2023-05-04 20:13:45,571 [main] INFO  ExpiredContainerReplicaOpScrubber (BackgroundSCMService.java:start(68)) - Starting ExpiredContainerReplicaOpScrubber Service.
2023-05-04 20:13:45,571 [main] INFO  ha.SCMServiceManager (SCMServiceManager.java:register(42)) - Registering service ExpiredContainerReplicaOpScrubber.
2023-05-04 20:13:45,614 [main] INFO  algorithms.PipelineChoosePolicyFactory (PipelineChoosePolicyFactory.java:createPipelineChoosePolicyFromClass(73)) - Create pipeline choose policy of type org.apache.hadoop.hdds.scm.pipeline.choose.algorithms.RandomPipelineChoosePolicy
2023-05-04 20:13:45,630 [main] INFO  ha.SCMServiceManager (SCMServiceManager.java:register(42)) - Registering service SCMBlockDeletingService.
2023-05-04 20:13:45,697 [main] INFO  replication.ReplicationManager (ReplicationManager.java:start(293)) - Starting Replication Monitor Thread.
2023-05-04 20:13:45,707 [main] INFO  ha.SCMServiceManager (SCMServiceManager.java:register(42)) - Registering service ReplicationManager.
2023-05-04 20:13:45,710 [ReplicationMonitor] INFO  replication.ReplicationManager (ReplicationManager.java:processAll(368)) - Replication Manager is not ready to run until 3000ms after safemode exit
2023-05-04 20:13:45,717 [main] INFO  safemode.ContainerSafeModeRule (ContainerSafeModeRule.java:<init>(89)) - containers with one replica threshold count 0
2023-05-04 20:13:45,722 [main] INFO  safemode.HealthyPipelineSafeModeRule (HealthyPipelineSafeModeRule.java:initializeRule(169)) - Total pipeline count is 0, healthy pipeline threshold count is 1
2023-05-04 20:13:45,724 [main] INFO  safemode.OneReplicaPipelineSafeModeRule (OneReplicaPipelineSafeModeRule.java:initializeRule(180)) - Total pipeline count is 0, pipeline's with at least one datanode reported threshold count is 0
2023-05-04 20:13:45,776 [main] INFO  server.StorageContainerManager (StorageContainerManager.java:<init>(403)) - SCM start with adminUsers: [runner]
2023-05-04 20:13:46,030 [main] INFO  audit.AuditLogger (AuditLogger.java:refreshDebugCmdSet(126)) - Refresh DebugCmdSet for SCMAudit to [].
2023-05-04 20:13:46,062 [main] INFO  ipc.CallQueueManager (CallQueueManager.java:<init>(90)) - Using callQueue: class java.util.concurrent.LinkedBlockingQueue, queueCapacity: 2000, scheduler: class org.apache.hadoop.ipc.DefaultRpcScheduler, ipcBackoff: false.
2023-05-04 20:13:46,163 [Socket Reader #1 for port 0] INFO  ipc.Server (Server.java:run(1319)) - Starting Socket Reader #1 for port 0
2023-05-04 20:13:46,220 [Listener at 0.0.0.0/40805] INFO  audit.AuditLogger (AuditLogger.java:refreshDebugCmdSet(126)) - Refresh DebugCmdSet for SCMAudit to [].
2023-05-04 20:13:46,225 [Listener at 0.0.0.0/40805] INFO  ipc.CallQueueManager (CallQueueManager.java:<init>(90)) - Using callQueue: class java.util.concurrent.LinkedBlockingQueue, queueCapacity: 2000, scheduler: class org.apache.hadoop.ipc.DefaultRpcScheduler, ipcBackoff: false.
2023-05-04 20:13:46,226 [Socket Reader #1 for port 0] INFO  ipc.Server (Server.java:run(1319)) - Starting Socket Reader #1 for port 0
2023-05-04 20:13:46,250 [Listener at 0.0.0.0/35523] INFO  audit.AuditLogger (AuditLogger.java:refreshDebugCmdSet(126)) - Refresh DebugCmdSet for SCMAudit to [].
2023-05-04 20:13:46,260 [Listener at 0.0.0.0/35523] INFO  ipc.CallQueueManager (CallQueueManager.java:<init>(90)) - Using callQueue: class java.util.concurrent.LinkedBlockingQueue, queueCapacity: 2000, scheduler: class org.apache.hadoop.ipc.DefaultRpcScheduler, ipcBackoff: false.
2023-05-04 20:13:46,261 [Socket Reader #1 for port 0] INFO  ipc.Server (Server.java:run(1319)) - Starting Socket Reader #1 for port 0
2023-05-04 20:13:46,303 [Listener at 0.0.0.0/39047] INFO  ha.SCMServiceManager (SCMServiceManager.java:register(42)) - Registering service ContainerBalancer.
2023-05-04 20:13:46,304 [Listener at 0.0.0.0/39047] INFO  server.StorageContainerManager (StorageContainerManager.java:<init>(420)) - 
Container Balancer status:
Key                            Value
Running                        false
Container Balancer Configuration values:
Key                                                Value
Threshold                                          10
Max Datanodes to Involve per Iteration(percent)    20
Max Size to Move per Iteration                     500GB
Max Size Entering Target per Iteration             26GB
Max Size Leaving Source per Iteration              26GB

2023-05-04 20:13:46,304 [Listener at 0.0.0.0/39047] INFO  ha.SCMContext (SCMContext.java:updateSafeModeStatus(228)) - Update SafeModeStatus from SafeModeStatus{safeModeStatus=true, preCheckPassed=false} to SafeModeStatus{safeModeStatus=true, preCheckPassed=false}.
2023-05-04 20:13:46,309 [Listener at 0.0.0.0/39047] INFO  server.StorageContainerManager (StorageContainerManager.java:start(1477)) - StorageContainerLocationProtocol RPC server is listening at /0.0.0.0:39047
2023-05-04 20:13:46,371 [Listener at 0.0.0.0/39047] WARN  impl.MetricsConfig (MetricsConfig.java:loadFirst(136)) - Cannot locate configuration: tried hadoop-metrics2-storagecontainermanager.properties,hadoop-metrics2.properties
2023-05-04 20:13:46,382 [Listener at 0.0.0.0/39047] INFO  impl.MetricsSystemImpl (MetricsSystemImpl.java:startTimer(378)) - Scheduled Metric snapshot period at 10 second(s).
2023-05-04 20:13:46,382 [Listener at 0.0.0.0/39047] INFO  impl.MetricsSystemImpl (MetricsSystemImpl.java:start(191)) - StorageContainerManager metrics system started
2023-05-04 20:13:46,624 [Listener at 0.0.0.0/39047] INFO  server.SCMClientProtocolServer (SCMClientProtocolServer.java:start(199)) - RPC server for Client  is listening at /0.0.0.0:39047
2023-05-04 20:13:46,625 [IPC Server Responder] INFO  ipc.Server (Server.java:run(1558)) - IPC Server Responder: starting
2023-05-04 20:13:46,627 [IPC Server listener on 0] INFO  ipc.Server (Server.java:run(1398)) - IPC Server listener on 0: starting
2023-05-04 20:13:46,639 [Listener at 0.0.0.0/39047] INFO  server.StorageContainerManager (StorageContainerManager.java:start(1491)) - ScmBlockLocationProtocol RPC server is listening at /0.0.0.0:35523
2023-05-04 20:13:46,639 [Listener at 0.0.0.0/39047] INFO  server.SCMBlockProtocolServer (SCMBlockProtocolServer.java:start(152)) - RPC server for Block Protocol is listening at /0.0.0.0:35523
2023-05-04 20:13:46,641 [IPC Server Responder] INFO  ipc.Server (Server.java:run(1558)) - IPC Server Responder: starting
2023-05-04 20:13:46,642 [IPC Server listener on 0] INFO  ipc.Server (Server.java:run(1398)) - IPC Server listener on 0: starting
2023-05-04 20:13:46,652 [Listener at 0.0.0.0/39047] INFO  server.SCMDatanodeProtocolServer (SCMDatanodeProtocolServer.java:start(193)) - ScmDatanodeProtocol RPC server for DataNodes is listening at /0.0.0.0:40805
2023-05-04 20:13:46,654 [IPC Server Responder] INFO  ipc.Server (Server.java:run(1558)) - IPC Server Responder: starting
2023-05-04 20:13:46,655 [IPC Server listener on 0] INFO  ipc.Server (Server.java:run(1398)) - IPC Server listener on 0: starting
2023-05-04 20:13:46,691 [org.apache.hadoop.util.JvmPauseMonitor$Monitor@7a925ac4] INFO  util.JvmPauseMonitor (JvmPauseMonitor.java:run(188)) - Starting JVM pause monitor
2023-05-04 20:13:46,698 [Listener at 0.0.0.0/39047] INFO  http.BaseHttpServer (BaseHttpServer.java:newHttpServer2BuilderForOzone(224)) - Starting Web-server for scm at: http://0.0.0.0:0
2023-05-04 20:13:46,698 [Listener at 0.0.0.0/39047] INFO  http.BaseHttpServer (BaseHttpServer.java:<init>(111)) - Hadoop Security Enabled: false Ozone Security Enabled: false Ozone HTTP Security Enabled: false 
2023-05-04 20:13:46,723 [Listener at 0.0.0.0/39047] INFO  util.log (Log.java:initialized(170)) - Logging initialized @4526ms to org.eclipse.jetty.util.log.Slf4jLog
2023-05-04 20:13:46,820 [Listener at 0.0.0.0/39047] WARN  server.AuthenticationFilter (AuthenticationFilter.java:constructSecretProvider(240)) - Unable to initialize FileSignerSecretProvider, falling back to use random secrets. Reason: Could not read signature secret file: /home/runner/hadoop-http-auth-signature-secret
2023-05-04 20:13:46,825 [Listener at 0.0.0.0/39047] INFO  http.HttpRequestLog (HttpRequestLog.java:getRequestLog(86)) - Http request log for http.requests.scm is not defined
2023-05-04 20:13:46,833 [Listener at 0.0.0.0/39047] INFO  http.HttpServer2 (HttpServer2.java:addGlobalFilter(1031)) - Added global filter 'safety' (class=org.apache.hadoop.hdds.server.http.HttpServer2$QuotingInputFilter)
2023-05-04 20:13:46,837 [Listener at 0.0.0.0/39047] INFO  http.HttpServer2 (HttpServer2.java:addFilter(1007)) - Added filter static_user_filter (class=org.apache.hadoop.http.lib.StaticUserWebFilter$StaticUserFilter) to context scm
2023-05-04 20:13:46,837 [Listener at 0.0.0.0/39047] INFO  http.HttpServer2 (HttpServer2.java:addFilter(1015)) - Added filter static_user_filter (class=org.apache.hadoop.http.lib.StaticUserWebFilter$StaticUserFilter) to context static
2023-05-04 20:13:46,838 [Listener at 0.0.0.0/39047] INFO  http.HttpServer2 (HttpServer2.java:addFilter(1015)) - Added filter static_user_filter (class=org.apache.hadoop.http.lib.StaticUserWebFilter$StaticUserFilter) to context logs
2023-05-04 20:13:46,876 [Listener at 0.0.0.0/39047] INFO  http.BaseHttpServer (BaseHttpServer.java:<init>(190)) - HTTP server of scm uses base directory /home/runner/work/ozone/ozone/hadoop-ozone/integration-test/target/test-dir/MiniOzoneClusterImpl-3ff5bc89-9620-4d46-84f6-68e3c2a3a822/ozone-meta/webserver
2023-05-04 20:13:46,878 [Listener at 0.0.0.0/39047] INFO  http.HttpServer2 (HttpServer2.java:bindListener(1250)) - Jetty bound to port 42005
2023-05-04 20:13:46,879 [Listener at 0.0.0.0/39047] INFO  server.Server (Server.java:doStart(375)) - jetty-9.4.51.v20230217; built: 2023-02-17T08:19:37.309Z; git: b45c405e4544384de066f814ed42ae3dceacdd49; jvm 1.8.0_362-b09
2023-05-04 20:13:46,914 [Listener at 0.0.0.0/39047] INFO  server.session (DefaultSessionIdManager.java:doStart(334)) - DefaultSessionIdManager workerName=node0
2023-05-04 20:13:46,915 [Listener at 0.0.0.0/39047] INFO  server.session (DefaultSessionIdManager.java:doStart(339)) - No SessionScavenger set, using defaults
2023-05-04 20:13:46,916 [Listener at 0.0.0.0/39047] INFO  server.session (HouseKeeper.java:startScavenging(132)) - node0 Scavenging every 660000ms
2023-05-04 20:13:46,929 [Listener at 0.0.0.0/39047] INFO  handler.ContextHandler (ContextHandler.java:doStart(921)) - Started o.e.j.s.ServletContextHandler@db610c3{logs,/logs,file:///home/runner/work/ozone/ozone/hadoop-ozone/integration-test/target/log,AVAILABLE}
2023-05-04 20:13:46,930 [Listener at 0.0.0.0/39047] INFO  handler.ContextHandler (ContextHandler.java:doStart(921)) - Started o.e.j.s.ServletContextHandler@5a4833ab{static,/static,file:///home/runner/work/ozone/ozone/hadoop-ozone/integration-test/target/test-classes/webapps/static,AVAILABLE}
2023-05-04 20:13:46,975 [Listener at 0.0.0.0/39047] INFO  handler.ContextHandler (ContextHandler.java:doStart(921)) - Started o.e.j.w.WebAppContext@44189797{scm,/,file:///home/runner/work/ozone/ozone/hadoop-ozone/integration-test/target/test-classes/webapps/scm/,AVAILABLE}{file:/home/runner/work/ozone/ozone/hadoop-ozone/integration-test/target/test-classes/webapps/scm}
2023-05-04 20:13:46,987 [Listener at 0.0.0.0/39047] INFO  server.AbstractConnector (AbstractConnector.java:doStart(333)) - Started ServerConnector@2ca3a203{HTTP/1.1, (http/1.1)}{0.0.0.0:42005}
2023-05-04 20:13:46,990 [Listener at 0.0.0.0/39047] INFO  server.Server (Server.java:doStart(415)) - Started @4793ms
2023-05-04 20:13:46,993 [Listener at 0.0.0.0/39047] INFO  impl.MetricsSinkAdapter (MetricsSinkAdapter.java:start(204)) - Sink prometheus started
2023-05-04 20:13:46,993 [Listener at 0.0.0.0/39047] INFO  impl.MetricsSystemImpl (MetricsSystemImpl.java:registerSink(305)) - Registered sink prometheus
2023-05-04 20:13:46,995 [Listener at 0.0.0.0/39047] INFO  http.BaseHttpServer (BaseHttpServer.java:updateConnectorAddress(344)) - HTTP server of scm listening at http://0.0.0.0:42005
2023-05-04 20:13:46,999 [Listener at 0.0.0.0/39047] WARN  server.ServerUtils (ServerUtils.java:getDBPath(225)) - ozone.om.db.dirs is not configured. We recommend adding this setting. Falling back to ozone.metadata.dirs instead.
2023-05-04 20:13:47,052 [Listener at 0.0.0.0/39047] INFO  audit.AuditLogger (AuditLogger.java:refreshDebugCmdSet(126)) - Refresh DebugCmdSet for OMAudit to [].
2023-05-04 20:13:47,133 [Listener at 0.0.0.0/39047] INFO  ha.OMHANodeDetails (OMHANodeDetails.java:loadOMHAConfig(115)) - ozone.om.internal.service.id is not defined, falling back to ozone.om.service.ids to find serviceID for OzoneManager if it is HA enabled cluster
2023-05-04 20:13:47,136 [Listener at 0.0.0.0/39047] INFO  ha.OMHANodeDetails (OMHANodeDetails.java:loadOMHAConfig(226)) - Configuration does not have ozone.om.address set. Falling back to the default OM address /127.0.0.1:0
2023-05-04 20:13:47,136 [Listener at 0.0.0.0/39047] INFO  ha.OMHANodeDetails (OMHANodeDetails.java:getOMNodeDetailsForNonHA(254)) - OM Service ID is not set. Setting it to the default ID: omServiceIdDefault
2023-05-04 20:13:47,137 [Listener at 0.0.0.0/39047] INFO  ha.OMHANodeDetails (OMHANodeDetails.java:getOMNodeDetailsForNonHA(261)) - OM Node ID is not set. Setting it to the default ID: om1
2023-05-04 20:13:47,144 [Listener at 0.0.0.0/39047] WARN  server.ServerUtils (ServerUtils.java:getDBPath(225)) - ozone.om.db.dirs is not configured. We recommend adding this setting. Falling back to ozone.metadata.dirs instead.
2023-05-04 20:13:47,147 [Listener at 0.0.0.0/39047] INFO  upgrade.AbstractLayoutVersionManager (AbstractLayoutVersionManager.java:init(83)) - Initializing Layout version manager with metadata layout = HSYNC (version = 4), software layout = HSYNC (version = 4)
2023-05-04 20:13:47,239 [Listener at 0.0.0.0/39047] INFO  reflections.Reflections (Reflections.java:scan(232)) - Reflections took 89 ms to scan 2 urls, producing 172 keys and 478 values [using 2 cores]
2023-05-04 20:13:47,245 [Listener at 0.0.0.0/39047] INFO  upgrade.OMLayoutVersionManager (OMLayoutVersionManager.java:lambda$0(115)) - Skipping Upgrade Action MockOmUpgradeAction since it has been finalized.
2023-05-04 20:13:47,247 [Listener at 0.0.0.0/39047] WARN  server.ServerUtils (ServerUtils.java:getDBPath(225)) - ozone.om.db.dirs is not configured. We recommend adding this setting. Falling back to ozone.metadata.dirs instead.
2023-05-04 20:13:47,386 [Listener at 0.0.0.0/39047] INFO  proxy.SCMBlockLocationFailoverProxyProvider (SCMBlockLocationFailoverProxyProvider.java:<init>(114)) - Created block location fail-over proxy with 1 nodes: [nodeId=scmNodeId,nodeAddress=/0.0.0.0:35523]
2023-05-04 20:13:47,417 [Listener at 0.0.0.0/39047] INFO  proxy.SCMBlockLocationFailoverProxyProvider (SCMBlockLocationFailoverProxyProvider.java:<init>(114)) - Created block location fail-over proxy with 1 nodes: [nodeId=scmNodeId,nodeAddress=/0.0.0.0:35523]
2023-05-04 20:13:47,660 [Listener at 0.0.0.0/39047] INFO  om.OzoneManager (OzoneManager.java:<init>(634)) - OM start with adminUsers: [runner]
2023-05-04 20:13:47,673 [Listener at 0.0.0.0/39047] WARN  server.ServerUtils (ServerUtils.java:getDBPath(225)) - ozone.om.db.dirs is not configured. We recommend adding this setting. Falling back to ozone.metadata.dirs instead.
2023-05-04 20:13:47,681 [Listener at 0.0.0.0/39047] INFO  codec.OmKeyInfoCodec (OmKeyInfoCodec.java:<init>(49)) - OmKeyInfoCodec ignorePipeline = true
2023-05-04 20:13:47,682 [Listener at 0.0.0.0/39047] INFO  codec.RepeatedOmKeyInfoCodec (RepeatedOmKeyInfoCodec.java:<init>(41)) - RepeatedOmKeyInfoCodec ignorePipeline = true
2023-05-04 20:13:47,896 [Listener at 0.0.0.0/39047] INFO  om.OzoneManager (OzoneManager.java:instantiateServices(764)) - S3 Multi-Tenancy is disabled
2023-05-04 20:13:47,926 [Listener at 0.0.0.0/39047] WARN  server.ServerUtils (ServerUtils.java:getDBPath(225)) - ozone.om.snapshot.diff.db.dir is not configured. We recommend adding this setting. Falling back to ozone.metadata.dirs instead.
2023-05-04 20:13:48,026 [Listener at 0.0.0.0/39047] INFO  om.OzoneManager (OzoneManager.java:addS3GVolumeToDB(4263)) - Created Volume s3v With Owner runner required for S3Gateway operations.
2023-05-04 20:13:48,085 [Listener at 0.0.0.0/39047] WARN  server.ServerUtils (ServerUtils.java:getDefaultRatisDirectory(237)) - Storage directory for Ratis is not configured. It is a good idea to map this to an SSD disk. Falling back to ozone.metadata.dirs
2023-05-04 20:13:48,086 [Listener at 0.0.0.0/39047] WARN  utils.OzoneManagerRatisUtils (OzoneManagerRatisUtils.java:getOMRatisSnapshotDirectory(459)) - ozone.om.ratis.snapshot.dir is not configured. Falling back to ozone.metadata.dirs config
2023-05-04 20:13:48,103 [Listener at 0.0.0.0/39047] WARN  server.ServerUtils (ServerUtils.java:getDefaultRatisDirectory(237)) - Storage directory for Ratis is not configured. It is a good idea to map this to an SSD disk. Falling back to ozone.metadata.dirs
2023-05-04 20:13:48,129 [Listener at 0.0.0.0/39047] INFO  ratis.OzoneManagerRatisServer (OzoneManagerRatisServer.java:<init>(163)) - Instantiating OM Ratis server with groupID: omServiceIdDefault and peers: localhost:9872
2023-05-04 20:13:48,137 [Listener at 0.0.0.0/39047] INFO  ratis.OzoneManagerStateMachine (OzoneManagerStateMachine.java:loadSnapshotInfoFromDB(670)) - LastAppliedIndex is set from TransactionInfo from OM DB as (t:0, i:~)
2023-05-04 20:13:48,182 [Listener at 0.0.0.0/39047] INFO  server.RaftServer (ConfUtils.java:logGet(46)) - raft.rpc.type = GRPC (default)
2023-05-04 20:13:48,254 [Listener at 0.0.0.0/39047] INFO  grpc.GrpcConfigKeys (ConfUtils.java:logFallback(53)) - raft.grpc.admin.host = null (fallback to raft.grpc.server.host)
2023-05-04 20:13:48,255 [Listener at 0.0.0.0/39047] INFO  grpc.GrpcConfigKeys (ConfUtils.java:logFallback(53)) - raft.grpc.admin.port = 9872 (fallback to raft.grpc.server.port)
2023-05-04 20:13:48,256 [Listener at 0.0.0.0/39047] INFO  grpc.GrpcConfigKeys (ConfUtils.java:logFallback(53)) - raft.grpc.client.host = null (fallback to raft.grpc.server.host)
2023-05-04 20:13:48,256 [Listener at 0.0.0.0/39047] INFO  grpc.GrpcConfigKeys (ConfUtils.java:logFallback(53)) - raft.grpc.client.port = 9872 (fallback to raft.grpc.server.port)
2023-05-04 20:13:48,256 [Listener at 0.0.0.0/39047] INFO  grpc.GrpcConfigKeys (ConfUtils.java:logGet(46)) - raft.grpc.server.host = null (default)
2023-05-04 20:13:48,257 [Listener at 0.0.0.0/39047] INFO  grpc.GrpcConfigKeys (ConfUtils.java:logGet(46)) - raft.grpc.server.port = 9872 (custom)
2023-05-04 20:13:48,257 [Listener at 0.0.0.0/39047] INFO  server.GrpcService (ConfUtils.java:logGet(46)) - raft.grpc.message.size.max = 33554432 (custom)
2023-05-04 20:13:48,258 [Listener at 0.0.0.0/39047] INFO  server.RaftServerConfigKeys (ConfUtils.java:logGet(46)) - raft.server.log.appender.buffer.byte-limit = 33554432 (custom)
2023-05-04 20:13:48,259 [Listener at 0.0.0.0/39047] INFO  server.GrpcService (ConfUtils.java:logGet(46)) - raft.grpc.flow.control.window = 1MB (=1048576) (default)
2023-05-04 20:13:48,259 [Listener at 0.0.0.0/39047] INFO  server.RaftServerConfigKeys (ConfUtils.java:logGet(46)) - raft.server.rpc.request.timeout = 3000ms (default)
2023-05-04 20:13:48,270 [Listener at 0.0.0.0/39047] INFO  grpc.GrpcConfigKeys (ConfUtils.java:logGet(46)) - raft.grpc.server.heartbeat.channel = true (default)
2023-05-04 20:13:48,273 [Listener at 0.0.0.0/39047] INFO  grpc.GrpcConfigKeys (ConfUtils.java:logGet(46)) - raft.grpc.server.async.request.thread.pool.cached = true (default)
2023-05-04 20:13:48,273 [Listener at 0.0.0.0/39047] INFO  grpc.GrpcConfigKeys (ConfUtils.java:logGet(46)) - raft.grpc.server.async.request.thread.pool.size = 32 (default)
2023-05-04 20:13:48,498 [Listener at 0.0.0.0/39047] INFO  impl.DataStreamServerImpl (ConfUtils.java:logGet(46)) - raft.datastream.type = DISABLED (default)
2023-05-04 20:13:48,501 [Listener at 0.0.0.0/39047] INFO  server.RaftServerConfigKeys (ConfUtils.java:logGet(46)) - raft.server.threadpool.proxy.cached = true (default)
2023-05-04 20:13:48,501 [Listener at 0.0.0.0/39047] INFO  server.RaftServerConfigKeys (ConfUtils.java:logGet(46)) - raft.server.threadpool.proxy.size = 0 (default)
2023-05-04 20:13:48,502 [Listener at 0.0.0.0/39047] INFO  server.RaftServerConfigKeys (ConfUtils.java:logGet(46)) - raft.server.rpc.slowness.timeout = 120s (custom)
2023-05-04 20:13:48,502 [Listener at 0.0.0.0/39047] INFO  server.RaftServerConfigKeys (ConfUtils.java:logGet(46)) - raft.server.leaderelection.leader.step-down.wait-time = 10s (default)
2023-05-04 20:13:48,505 [Listener at 0.0.0.0/39047] INFO  server.RaftServerConfigKeys (ConfUtils.java:logGet(46)) - raft.server.storage.dir = [/home/runner/work/ozone/ozone/hadoop-ozone/integration-test/target/test-dir/MiniOzoneClusterImpl-3ff5bc89-9620-4d46-84f6-68e3c2a3a822/ozone-meta/ratis] (custom)
2023-05-04 20:13:48,511 [Listener at 0.0.0.0/39047] INFO  server.RaftServer (RaftServerProxy.java:addNew(96)) - om1: addNew group-C5BA1605619E:[om1|rpc:localhost:9872|priority:0|startupRole:FOLLOWER] returns group-C5BA1605619E:java.util.concurrent.CompletableFuture@1e07ae6[Not completed]
2023-05-04 20:13:48,512 [Listener at 0.0.0.0/39047] INFO  om.OzoneManager (OzoneManager.java:initializeRatisServer(2106)) - OzoneManager Ratis server initialized at port 9872
2023-05-04 20:13:48,514 [Listener at 0.0.0.0/39047] INFO  om.OzoneManager (OzoneManager.java:getRpcServer(1153)) - Creating RPC Server
2023-05-04 20:13:48,549 [pool-61-thread-1] INFO  server.RaftServer$Division (RaftServerImpl.java:<init>(195)) - om1: new RaftServerImpl for group-C5BA1605619E:[om1|rpc:localhost:9872|priority:0|startupRole:FOLLOWER] with OzoneManagerStateMachine:uninitialized
2023-05-04 20:13:48,555 [pool-61-thread-1] INFO  server.RaftServerConfigKeys (ConfUtils.java:logGet(46)) - raft.server.rpc.timeout.min = 1s (custom)
2023-05-04 20:13:48,557 [pool-61-thread-1] INFO  server.RaftServerConfigKeys (ConfUtils.java:logGet(46)) - raft.server.rpc.timeout.max = 1200ms (custom)
2023-05-04 20:13:48,557 [pool-61-thread-1] INFO  server.RaftServerConfigKeys (ConfUtils.java:logGet(46)) - raft.server.rpc.sleep.time = 25ms (default)
2023-05-04 20:13:48,557 [pool-61-thread-1] INFO  server.RaftServerConfigKeys (ConfUtils.java:logGet(46)) - raft.server.rpc.slowness.timeout = 120s (custom)
2023-05-04 20:13:48,557 [pool-61-thread-1] INFO  server.RaftServerConfigKeys (ConfUtils.java:logGet(46)) - raft.server.leaderelection.leader.step-down.wait-time = 10s (default)
2023-05-04 20:13:48,557 [pool-61-thread-1] INFO  server.RaftServerConfigKeys (ConfUtils.java:logGet(46)) - raft.server.sleep.deviation.threshold = 300ms (default)
2023-05-04 20:13:48,571 [pool-61-thread-1] INFO  server.RaftServer$Division (ServerState.java:<init>(118)) - om1@group-C5BA1605619E: ConfigurationManager, init=-1: peers:[om1|rpc:localhost:9872|priority:0|startupRole:FOLLOWER]|listeners:[], old=null, confs=<EMPTY_MAP>
2023-05-04 20:13:48,571 [pool-61-thread-1] INFO  server.RaftServerConfigKeys (ConfUtils.java:logGet(46)) - raft.server.storage.dir = [/home/runner/work/ozone/ozone/hadoop-ozone/integration-test/target/test-dir/MiniOzoneClusterImpl-3ff5bc89-9620-4d46-84f6-68e3c2a3a822/ozone-meta/ratis] (custom)
2023-05-04 20:13:48,582 [pool-61-thread-1] INFO  server.RaftServerConfigKeys (ConfUtils.java:logGet(46)) - raft.server.log.corruption.policy = EXCEPTION (default)
2023-05-04 20:13:48,582 [pool-61-thread-1] INFO  server.RaftServerConfigKeys (ConfUtils.java:logGet(46)) - raft.server.storage.free-space.min = 0MB (=0) (default)
2023-05-04 20:13:48,592 [pool-61-thread-1] INFO  server.RaftServerConfigKeys (ConfUtils.java:logGet(46)) - raft.server.notification.no-leader.timeout = 120s (custom)
2023-05-04 20:13:48,595 [pool-61-thread-1] INFO  server.RaftServerConfigKeys (ConfUtils.java:logGet(46)) - raft.server.retrycache.expirytime = 300s (custom)
2023-05-04 20:13:48,595 [pool-61-thread-1] INFO  server.RaftServerConfigKeys (ConfUtils.java:logGet(46)) - raft.server.retrycache.statistics.expirytime = 100μs (default)
2023-05-04 20:13:48,708 [pool-61-thread-1] INFO  server.RaftServerConfigKeys (ConfUtils.java:logGet(46)) - raft.server.log.appender.install.snapshot.enabled = false (custom)
2023-05-04 20:13:48,708 [pool-61-thread-1] INFO  server.RaftServerConfigKeys (ConfUtils.java:logGet(46)) - raft.server.threadpool.server.cached = true (default)
2023-05-04 20:13:48,710 [pool-61-thread-1] INFO  server.RaftServerConfigKeys (ConfUtils.java:logGet(46)) - raft.server.threadpool.server.size = 0 (default)
2023-05-04 20:13:48,710 [pool-61-thread-1] INFO  server.RaftServerConfigKeys (ConfUtils.java:logGet(46)) - raft.server.threadpool.client.cached = true (default)
2023-05-04 20:13:48,712 [pool-61-thread-1] INFO  server.RaftServerConfigKeys (ConfUtils.java:logGet(46)) - raft.server.threadpool.client.size = 0 (default)
2023-05-04 20:13:49,250 [Listener at 0.0.0.0/39047] INFO  reflections.Reflections (Reflections.java:scan(232)) - Reflections took 661 ms to scan 19 urls, producing 68 keys and 5132 values [using 2 cores]
2023-05-04 20:13:49,636 [Listener at 0.0.0.0/39047] INFO  ipc.CallQueueManager (CallQueueManager.java:<init>(90)) - Using callQueue: class java.util.concurrent.LinkedBlockingQueue, queueCapacity: 2000, scheduler: class org.apache.hadoop.ipc.DefaultRpcScheduler, ipcBackoff: false.
2023-05-04 20:13:49,637 [Socket Reader #1 for port 0] INFO  ipc.Server (Server.java:run(1319)) - Starting Socket Reader #1 for port 0
2023-05-04 20:13:49,679 [Listener at 127.0.0.1/35517] INFO  impl.MetricsSystemImpl (MetricsSystemImpl.java:init(158)) - OzoneManager metrics system started (again)
2023-05-04 20:13:49,690 [Listener at 127.0.0.1/35517] INFO  om.OzoneManager (OzoneManager.java:start(1574)) - OzoneManager RPC server is listening at localhost/127.0.0.1:35517
2023-05-04 20:13:49,691 [Listener at 127.0.0.1/35517] INFO  ratis.OzoneManagerRatisServer (OzoneManagerRatisServer.java:start(558)) - Starting OzoneManagerRatisServer om1 at port 9872
2023-05-04 20:13:49,694 [om1-impl-thread1] INFO  storage.RaftStorageDirectory (RaftStorageDirectoryImpl.java:analyzeStorage(137)) - The storage directory /home/runner/work/ozone/ozone/hadoop-ozone/integration-test/target/test-dir/MiniOzoneClusterImpl-3ff5bc89-9620-4d46-84f6-68e3c2a3a822/ozone-meta/ratis/bf265839-605b-3f16-9796-c5ba1605619e does not exist. Creating ...
2023-05-04 20:13:49,698 [om1-impl-thread1] INFO  storage.RaftStorageDirectory (RaftStorageDirectoryImpl.java:tryLock(231)) - Lock on /home/runner/work/ozone/ozone/hadoop-ozone/integration-test/target/test-dir/MiniOzoneClusterImpl-3ff5bc89-9620-4d46-84f6-68e3c2a3a822/ozone-meta/ratis/bf265839-605b-3f16-9796-c5ba1605619e/in_use.lock acquired by nodename 25037@fv-az804-457
2023-05-04 20:13:49,704 [om1-impl-thread1] INFO  storage.RaftStorage (RaftStorageImpl.java:format(96)) - Storage directory /home/runner/work/ozone/ozone/hadoop-ozone/integration-test/target/test-dir/MiniOzoneClusterImpl-3ff5bc89-9620-4d46-84f6-68e3c2a3a822/ozone-meta/ratis/bf265839-605b-3f16-9796-c5ba1605619e has been successfully formatted.
2023-05-04 20:13:49,706 [om1-impl-thread1] INFO  server.RaftServerConfigKeys (ConfUtils.java:logGet(46)) - raft.server.log.use.memory = false (default)
2023-05-04 20:13:49,715 [om1-impl-thread1] INFO  server.RaftServerConfigKeys (ConfUtils.java:logGet(46)) - raft.server.log.purge.gap = 1000000 (custom)
2023-05-04 20:13:49,715 [om1-impl-thread1] INFO  server.RaftServerConfigKeys (ConfUtils.java:logGet(46)) - raft.server.log.appender.buffer.byte-limit = 33554432 (custom)
2023-05-04 20:13:49,716 [om1-impl-thread1] INFO  server.RaftServerConfigKeys (ConfUtils.java:logGet(46)) - raft.server.log.statemachine.data.read.timeout = 1000ms (default)
2023-05-04 20:13:49,717 [om1-impl-thread1] INFO  server.RaftServerConfigKeys (ConfUtils.java:logGet(46)) - raft.server.log.purge.preservation.log.num = 0 (default)
2023-05-04 20:13:49,719 [om1-impl-thread1] INFO  server.RaftServerConfigKeys (ConfUtils.java:logGet(46)) - raft.server.log.segment.size.max = 4194304 (custom)
2023-05-04 20:13:49,724 [om1-impl-thread1] INFO  server.RaftServerConfigKeys (ConfUtils.java:logGet(46)) - raft.server.log.segment.cache.num.max = 2 (custom)
2023-05-04 20:13:49,724 [om1-impl-thread1] INFO  server.RaftServerConfigKeys (ConfUtils.java:logGet(46)) - raft.server.log.segment.cache.size.max = 200MB (=209715200) (default)
2023-05-04 20:13:49,729 [om1-impl-thread1] INFO  segmented.SegmentedRaftLogWorker (SegmentedRaftLogWorker.java:<init>(189)) - new om1@group-C5BA1605619E-SegmentedRaftLogWorker for RaftStorageImpl:Storage Directory /home/runner/work/ozone/ozone/hadoop-ozone/integration-test/target/test-dir/MiniOzoneClusterImpl-3ff5bc89-9620-4d46-84f6-68e3c2a3a822/ozone-meta/ratis/bf265839-605b-3f16-9796-c5ba1605619e
2023-05-04 20:13:49,730 [om1-impl-thread1] INFO  server.RaftServerConfigKeys (ConfUtils.java:logGet(46)) - raft.server.log.queue.byte-limit = 64MB (=67108864) (default)
2023-05-04 20:13:49,730 [om1-impl-thread1] INFO  server.RaftServerConfigKeys (ConfUtils.java:logGet(46)) - raft.server.log.queue.element-limit = 4096 (default)
2023-05-04 20:13:49,731 [om1-impl-thread1] INFO  server.RaftServerConfigKeys (ConfUtils.java:logGet(46)) - raft.server.log.segment.size.max = 4194304 (custom)
2023-05-04 20:13:49,731 [om1-impl-thread1] INFO  server.RaftServerConfigKeys (ConfUtils.java:logGet(46)) - raft.server.log.preallocated.size = 4194304 (custom)
2023-05-04 20:13:49,732 [om1-impl-thread1] INFO  server.RaftServerConfigKeys (ConfUtils.java:logGet(46)) - raft.server.log.force.sync.num = 128 (default)
2023-05-04 20:13:49,732 [om1-impl-thread1] INFO  server.RaftServerConfigKeys (ConfUtils.java:logGet(46)) - raft.server.log.statemachine.data.sync = true (default)
2023-05-04 20:13:49,732 [om1-impl-thread1] INFO  server.RaftServerConfigKeys (ConfUtils.java:logGet(46)) - raft.server.log.statemachine.data.sync.timeout = 10s (default)
2023-05-04 20:13:49,733 [om1-impl-thread1] INFO  server.RaftServerConfigKeys (ConfUtils.java:logGet(46)) - raft.server.log.statemachine.data.sync.timeout.retry = -1 (default)
2023-05-04 20:13:49,742 [om1-impl-thread1] INFO  server.RaftServerConfigKeys (ConfUtils.java:logGet(46)) - raft.server.log.write.buffer.size = 64KB (=65536) (default)
2023-05-04 20:13:49,742 [om1-impl-thread1] INFO  server.RaftServerConfigKeys (ConfUtils.java:logGet(46)) - raft.server.log.appender.buffer.byte-limit = 33554432 (custom)
2023-05-04 20:13:49,748 [om1-impl-thread1] INFO  server.RaftServerConfigKeys (ConfUtils.java:logGet(46)) - raft.server.log.unsafe-flush.enabled = false (default)
2023-05-04 20:13:49,748 [om1-impl-thread1] INFO  server.RaftServerConfigKeys (ConfUtils.java:logGet(46)) - raft.server.log.async-flush.enabled = false (default)
2023-05-04 20:13:49,749 [om1-impl-thread1] INFO  server.RaftServerConfigKeys (ConfUtils.java:logGet(46)) - raft.server.log.statemachine.data.caching.enabled = false (default)
2023-05-04 20:13:49,755 [om1-impl-thread1] INFO  segmented.SegmentedRaftLogWorker (SegmentedRaftLogWorker.java:lambda$new$0(135)) - om1@group-C5BA1605619E-SegmentedRaftLogWorker: flushIndex: setUnconditionally 0 -> -1
2023-05-04 20:13:49,755 [om1-impl-thread1] INFO  segmented.SegmentedRaftLogWorker (SegmentedRaftLogWorker.java:lambda$new$0(135)) - om1@group-C5BA1605619E-SegmentedRaftLogWorker: safeCacheEvictIndex: setUnconditionally 0 -> -1
2023-05-04 20:13:49,758 [om1-impl-thread1] INFO  server.RaftServer$Division (RaftServerImpl.java:start(334)) - om1@group-C5BA1605619E: start as a follower, conf=-1: peers:[om1|rpc:localhost:9872|priority:0|startupRole:FOLLOWER]|listeners:[], old=null
2023-05-04 20:13:49,763 [om1-impl-thread1] INFO  server.RaftServer$Division (RaftServerImpl.java:setRole(321)) - om1@group-C5BA1605619E: changes role from      null to FOLLOWER at term 0 for startAsFollower
2023-05-04 20:13:49,765 [om1-impl-thread1] INFO  impl.RoleInfo (RoleInfo.java:updateAndGet(139)) - om1: start om1@group-C5BA1605619E-FollowerState
2023-05-04 20:13:49,766 [om1-impl-thread1] INFO  util.JmxRegister (JmxRegister.java:tryRegister(44)) - Successfully registered JMX Bean with object name Ratis:service=RaftServer,group=group-C5BA1605619E,id=om1
2023-05-04 20:13:49,767 [om1-impl-thread1] INFO  server.RaftServerConfigKeys (ConfUtils.java:logGet(46)) - raft.server.snapshot.auto.trigger.enabled = true (custom)
2023-05-04 20:13:49,768 [om1-impl-thread1] INFO  server.RaftServerConfigKeys (ConfUtils.java:logGet(46)) - raft.server.snapshot.auto.trigger.threshold = 400000 (default)
2023-05-04 20:13:49,768 [om1-impl-thread1] INFO  server.RaftServerConfigKeys (ConfUtils.java:logGet(46)) - raft.server.snapshot.retention.file.num = -1 (default)
2023-05-04 20:13:49,769 [om1-impl-thread1] INFO  server.RaftServerConfigKeys (ConfUtils.java:logGet(46)) - raft.server.log.purge.upto.snapshot.index = true (custom)
2023-05-04 20:13:49,775 [om1@group-C5BA1605619E-FollowerState] INFO  server.RaftServerConfigKeys (ConfUtils.java:logFallback(53)) - raft.server.rpc.first-election.timeout.min = 1s (fallback to raft.server.rpc.timeout.min)
2023-05-04 20:13:49,776 [om1@group-C5BA1605619E-FollowerState] INFO  server.RaftServerConfigKeys (ConfUtils.java:logFallback(53)) - raft.server.rpc.first-election.timeout.max = 1200ms (fallback to raft.server.rpc.timeout.max)
2023-05-04 20:13:49,777 [Listener at 127.0.0.1/35517] INFO  server.RaftServer (RaftServerProxy.java:startImpl(393)) - om1: start RPC server
2023-05-04 20:13:49,827 [Listener at 127.0.0.1/35517] INFO  server.GrpcService (GrpcService.java:startImpl(262)) - om1: GrpcService started, listening on 9872
2023-05-04 20:13:49,829 [Listener at 127.0.0.1/35517] INFO  om.OzoneManager (OzoneManager.java:start(1590)) - Version File has different layout version (4) than OM DB (null). That is expected if this OM has never been finalized to a newer layout version.
2023-05-04 20:13:49,832 [JvmPauseMonitor0] INFO  util.JvmPauseMonitor (JvmPauseMonitor.java:run(105)) - JvmPauseMonitor-om1: Started
2023-05-04 20:13:49,854 [Listener at 127.0.0.1/35517] INFO  http.BaseHttpServer (BaseHttpServer.java:newHttpServer2BuilderForOzone(224)) - Starting Web-server for ozoneManager at: http://0.0.0.0:0
2023-05-04 20:13:49,855 [Listener at 127.0.0.1/35517] INFO  http.BaseHttpServer (BaseHttpServer.java:<init>(111)) - Hadoop Security Enabled: false Ozone Security Enabled: false Ozone HTTP Security Enabled: false 
2023-05-04 20:13:49,856 [Listener at 127.0.0.1/35517] WARN  server.AuthenticationFilter (AuthenticationFilter.java:constructSecretProvider(240)) - Unable to initialize FileSignerSecretProvider, falling back to use random secrets. Reason: Could not read signature secret file: /home/runner/hadoop-http-auth-signature-secret
2023-05-04 20:13:49,859 [Listener at 127.0.0.1/35517] INFO  http.HttpRequestLog (HttpRequestLog.java:getRequestLog(86)) - Http request log for http.requests.ozoneManager is not defined
2023-05-04 20:13:49,861 [Listener at 127.0.0.1/35517] INFO  http.HttpServer2 (HttpServer2.java:addGlobalFilter(1031)) - Added global filter 'safety' (class=org.apache.hadoop.hdds.server.http.HttpServer2$QuotingInputFilter)
2023-05-04 20:13:49,865 [Listener at 127.0.0.1/35517] INFO  http.HttpServer2 (HttpServer2.java:addFilter(1007)) - Added filter static_user_filter (class=org.apache.hadoop.http.lib.StaticUserWebFilter$StaticUserFilter) to context ozoneManager
2023-05-04 20:13:49,865 [Listener at 127.0.0.1/35517] INFO  http.HttpServer2 (HttpServer2.java:addFilter(1015)) - Added filter static_user_filter (class=org.apache.hadoop.http.lib.StaticUserWebFilter$StaticUserFilter) to context static
2023-05-04 20:13:49,865 [Listener at 127.0.0.1/35517] INFO  http.HttpServer2 (HttpServer2.java:addFilter(1015)) - Added filter static_user_filter (class=org.apache.hadoop.http.lib.StaticUserWebFilter$StaticUserFilter) to context logs
2023-05-04 20:13:49,866 [Listener at 127.0.0.1/35517] INFO  http.BaseHttpServer (BaseHttpServer.java:<init>(190)) - HTTP server of ozoneManager uses base directory /home/runner/work/ozone/ozone/hadoop-ozone/integration-test/target/test-dir/MiniOzoneClusterImpl-3ff5bc89-9620-4d46-84f6-68e3c2a3a822/ozone-meta/webserver
2023-05-04 20:13:49,871 [Listener at 127.0.0.1/35517] INFO  http.HttpServer2 (HttpServer2.java:bindListener(1250)) - Jetty bound to port 44883
2023-05-04 20:13:49,871 [Listener at 127.0.0.1/35517] INFO  server.Server (Server.java:doStart(375)) - jetty-9.4.51.v20230217; built: 2023-02-17T08:19:37.309Z; git: b45c405e4544384de066f814ed42ae3dceacdd49; jvm 1.8.0_362-b09
2023-05-04 20:13:49,873 [Listener at 127.0.0.1/35517] INFO  server.session (DefaultSessionIdManager.java:doStart(334)) - DefaultSessionIdManager workerName=node0
2023-05-04 20:13:49,874 [Listener at 127.0.0.1/35517] INFO  server.session (DefaultSessionIdManager.java:doStart(339)) - No SessionScavenger set, using defaults
2023-05-04 20:13:49,874 [Listener at 127.0.0.1/35517] INFO  server.session (HouseKeeper.java:startScavenging(132)) - node0 Scavenging every 660000ms
2023-05-04 20:13:49,875 [Listener at 127.0.0.1/35517] INFO  handler.ContextHandler (ContextHandler.java:doStart(921)) - Started o.e.j.s.ServletContextHandler@25e085d7{logs,/logs,file:///home/runner/work/ozone/ozone/hadoop-ozone/integration-test/target/log,AVAILABLE}
2023-05-04 20:13:49,875 [Listener at 127.0.0.1/35517] INFO  handler.ContextHandler (ContextHandler.java:doStart(921)) - Started o.e.j.s.ServletContextHandler@3035ded6{static,/static,file:///home/runner/work/ozone/ozone/hadoop-ozone/integration-test/target/test-classes/webapps/static,AVAILABLE}
2023-05-04 20:13:49,879 [Listener at 127.0.0.1/35517] INFO  handler.ContextHandler (ContextHandler.java:doStart(921)) - Started o.e.j.w.WebAppContext@175d7075{ozoneManager,/,file:///home/runner/work/ozone/ozone/hadoop-ozone/integration-test/target/test-classes/webapps/ozoneManager/,AVAILABLE}{file:/home/runner/work/ozone/ozone/hadoop-ozone/integration-test/target/test-classes/webapps/ozoneManager}
2023-05-04 20:13:49,881 [Listener at 127.0.0.1/35517] INFO  server.AbstractConnector (AbstractConnector.java:doStart(333)) - Started ServerConnector@323fdbf0{HTTP/1.1, (http/1.1)}{0.0.0.0:44883}
2023-05-04 20:13:49,881 [Listener at 127.0.0.1/35517] INFO  server.Server (Server.java:doStart(415)) - Started @7684ms
2023-05-04 20:13:49,881 [Listener at 127.0.0.1/35517] WARN  impl.MetricsSystemImpl (MetricsSystemImpl.java:register(279)) - Sink prometheus already exists!
2023-05-04 20:13:49,882 [Listener at 127.0.0.1/35517] INFO  http.BaseHttpServer (BaseHttpServer.java:updateConnectorAddress(344)) - HTTP server of ozoneManager listening at http://0.0.0.0:44883
2023-05-04 20:13:49,882 [IPC Server Responder] INFO  ipc.Server (Server.java:run(1558)) - IPC Server Responder: starting
2023-05-04 20:13:49,882 [IPC Server listener on 0] INFO  ipc.Server (Server.java:run(1398)) - IPC Server listener on 0: starting
2023-05-04 20:13:49,892 [Listener at 127.0.0.1/35517] INFO  om.OzoneManager (OzoneManager.java:startTrashEmptier(2050)) - Trash Interval set to 0. Files deleted won't move to trash
2023-05-04 20:13:49,901 [org.apache.hadoop.util.JvmPauseMonitor$Monitor@17d864f8] INFO  util.JvmPauseMonitor (JvmPauseMonitor.java:run(188)) - Starting JVM pause monitor
2023-05-04 20:13:50,043 [Listener at 127.0.0.1/35517] WARN  impl.MetricRegistriesImpl (MetricRegistriesImpl.java:addReporterRegistration(111)) - New reporters are added after registries were created. Some metrics will be missing from the reporter. Please add reporter before adding any new registry.
2023-05-04 20:13:50,044 [Listener at 127.0.0.1/35517] WARN  impl.MetricRegistriesImpl (MetricRegistriesImpl.java:addReporterRegistration(111)) - New reporters are added after registries were created. Some metrics will be missing from the reporter. Please add reporter before adding any new registry.
2023-05-04 20:13:50,044 [Listener at 127.0.0.1/35517] INFO  impl.MetricsSystemImpl (MetricsSystemImpl.java:init(158)) - HddsDatanode metrics system started (again)
2023-05-04 20:13:50,061 [Listener at 127.0.0.1/35517] INFO  ozone.HddsDatanodeService (HddsDatanodeService.java:start(252)) - HddsDatanodeService host:fv-az804-457.cvtsq3ctpw5ehehiek0yp1ke0c.cx.internal.cloudapp.net ip:10.1.0.20
2023-05-04 20:13:50,090 [Listener at 127.0.0.1/35517] INFO  upgrade.AbstractLayoutVersionManager (AbstractLayoutVersionManager.java:init(83)) - Initializing Layout version manager with metadata layout = WEBUI_PORTS_IN_DATANODEDETAILS (version = 6), software layout = WEBUI_PORTS_IN_DATANODEDETAILS (version = 6)
2023-05-04 20:13:50,143 [Listener at 127.0.0.1/35517] INFO  reflections.Reflections (Reflections.java:scan(232)) - Reflections took 51 ms to scan 7 urls, producing 156 keys and 369 values 
2023-05-04 20:13:50,147 [Listener at 127.0.0.1/35517] INFO  statemachine.DatanodeStateMachine (DatanodeStateMachine.java:getEndPointTaskThreadPoolSize(267)) - Datanode State Machine Task Thread Pool size 2
2023-05-04 20:13:50,209 [Listener at 127.0.0.1/35517] INFO  volume.HddsVolume (HddsVolume.java:<init>(130)) - Creating HddsVolume: /home/runner/work/ozone/ozone/hadoop-ozone/integration-test/target/test-dir/MiniOzoneClusterImpl-3ff5bc89-9620-4d46-84f6-68e3c2a3a822/datanode-0/data-0/containers/hdds of storage type : DISK capacity : 9223372036854775807
2023-05-04 20:13:50,211 [Listener at 127.0.0.1/35517] INFO  volume.MutableVolumeSet (MutableVolumeSet.java:initializeVolumeSet(175)) - Added Volume : /home/runner/work/ozone/ozone/hadoop-ozone/integration-test/target/test-dir/MiniOzoneClusterImpl-3ff5bc89-9620-4d46-84f6-68e3c2a3a822/datanode-0/data-0/containers/hdds to VolumeSet
2023-05-04 20:13:50,212 [Listener at 127.0.0.1/35517] INFO  volume.ThrottledAsyncChecker (ThrottledAsyncChecker.java:schedule(141)) - Scheduling a check for /home/runner/work/ozone/ozone/hadoop-ozone/integration-test/target/test-dir/MiniOzoneClusterImpl-3ff5bc89-9620-4d46-84f6-68e3c2a3a822/datanode-0/data-0/containers/hdds
2023-05-04 20:13:50,232 [Listener at 127.0.0.1/35517] INFO  volume.StorageVolumeChecker (StorageVolumeChecker.java:checkAllVolumes(202)) - Scheduled health check for volume /home/runner/work/ozone/ozone/hadoop-ozone/integration-test/target/test-dir/MiniOzoneClusterImpl-3ff5bc89-9620-4d46-84f6-68e3c2a3a822/datanode-0/data-0/containers/hdds
2023-05-04 20:13:50,249 [Listener at 127.0.0.1/35517] INFO  volume.MutableVolumeSet (MutableVolumeSet.java:initializeVolumeSet(175)) - Added Volume : /home/runner/work/ozone/ozone/hadoop-ozone/integration-test/target/test-dir/MiniOzoneClusterImpl-3ff5bc89-9620-4d46-84f6-68e3c2a3a822/datanode-0/data/ratis to VolumeSet
2023-05-04 20:13:50,250 [Listener at 127.0.0.1/35517] INFO  volume.ThrottledAsyncChecker (ThrottledAsyncChecker.java:schedule(141)) - Scheduling a check for /home/runner/work/ozone/ozone/hadoop-ozone/integration-test/target/test-dir/MiniOzoneClusterImpl-3ff5bc89-9620-4d46-84f6-68e3c2a3a822/datanode-0/data/ratis
2023-05-04 20:13:50,250 [Listener at 127.0.0.1/35517] INFO  volume.StorageVolumeChecker (StorageVolumeChecker.java:checkAllVolumes(202)) - Scheduled health check for volume /home/runner/work/ozone/ozone/hadoop-ozone/integration-test/target/test-dir/MiniOzoneClusterImpl-3ff5bc89-9620-4d46-84f6-68e3c2a3a822/datanode-0/data/ratis
2023-05-04 20:13:50,273 [Thread-139] INFO  ozoneimpl.ContainerReader (ContainerReader.java:readVolume(175)) - Finish verifying containers on volume /home/runner/work/ozone/ozone/hadoop-ozone/integration-test/target/test-dir/MiniOzoneClusterImpl-3ff5bc89-9620-4d46-84f6-68e3c2a3a822/datanode-0/data-0/containers/hdds
2023-05-04 20:13:50,273 [Listener at 127.0.0.1/35517] INFO  ozoneimpl.OzoneContainer (OzoneContainer.java:buildContainerSet(303)) - Build ContainerSet costs 0s
2023-05-04 20:13:50,321 [Listener at 127.0.0.1/35517] INFO  audit.AuditLogger (AuditLogger.java:refreshDebugCmdSet(126)) - Refresh DebugCmdSet for DNAudit to [].
2023-05-04 20:13:50,350 [Listener at 127.0.0.1/35517] INFO  server.RaftServer (ConfUtils.java:logGet(46)) - raft.rpc.type = GRPC (default)
2023-05-04 20:13:50,350 [Listener at 127.0.0.1/35517] INFO  grpc.GrpcConfigKeys (ConfUtils.java:logFallback(53)) - raft.grpc.admin.host = null (fallback to raft.grpc.server.host)
2023-05-04 20:13:50,351 [Listener at 127.0.0.1/35517] INFO  grpc.GrpcConfigKeys (ConfUtils.java:logGet(46)) - raft.grpc.admin.port = 0 (custom)
2023-05-04 20:13:50,351 [Listener at 127.0.0.1/35517] INFO  grpc.GrpcConfigKeys (ConfUtils.java:logFallback(53)) - raft.grpc.client.host = null (fallback to raft.grpc.server.host)
2023-05-04 20:13:50,351 [Listener at 127.0.0.1/35517] INFO  grpc.GrpcConfigKeys (ConfUtils.java:logGet(46)) - raft.grpc.client.port = 0 (custom)
2023-05-04 20:13:50,351 [Listener at 127.0.0.1/35517] INFO  grpc.GrpcConfigKeys (ConfUtils.java:logGet(46)) - raft.grpc.server.host = null (default)
2023-05-04 20:13:50,351 [Listener at 127.0.0.1/35517] INFO  grpc.GrpcConfigKeys (ConfUtils.java:logGet(46)) - raft.grpc.server.port = 0 (default)
2023-05-04 20:13:50,352 [Listener at 127.0.0.1/35517] INFO  server.GrpcService (ConfUtils.java:logGet(46)) - raft.grpc.message.size.max = 32MB (=33554432) (custom)
2023-05-04 20:13:50,352 [Listener at 127.0.0.1/35517] INFO  server.RaftServerConfigKeys (ConfUtils.java:logGet(46)) - raft.server.log.appender.buffer.byte-limit = 33554432 (custom)
2023-05-04 20:13:50,352 [Listener at 127.0.0.1/35517] INFO  server.GrpcService (ConfUtils.java:logGet(46)) - raft.grpc.flow.control.window = 5MB (=5242880) (custom)
2023-05-04 20:13:50,352 [Listener at 127.0.0.1/35517] INFO  server.RaftServerConfigKeys (ConfUtils.java:logGet(46)) - raft.server.rpc.request.timeout = 60s (custom)
2023-05-04 20:13:50,352 [Listener at 127.0.0.1/35517] INFO  grpc.GrpcConfigKeys (ConfUtils.java:logGet(46)) - raft.grpc.server.heartbeat.channel = true (default)
2023-05-04 20:13:50,352 [Listener at 127.0.0.1/35517] INFO  grpc.GrpcConfigKeys (ConfUtils.java:logGet(46)) - raft.grpc.server.async.request.thread.pool.cached = true (default)
2023-05-04 20:13:50,353 [Listener at 127.0.0.1/35517] INFO  grpc.GrpcConfigKeys (ConfUtils.java:logGet(46)) - raft.grpc.server.async.request.thread.pool.size = 32 (default)
2023-05-04 20:13:50,354 [Listener at 127.0.0.1/35517] INFO  impl.DataStreamServerImpl (ConfUtils.java:logGet(46)) - raft.datastream.type = NETTY (custom)
2023-05-04 20:13:50,363 [Listener at 127.0.0.1/35517] INFO  server.RaftServerConfigKeys (ConfUtils.java:logGet(46)) - raft.server.data-stream.async.request.thread.pool.cached = false (default)
2023-05-04 20:13:50,363 [Listener at 127.0.0.1/35517] INFO  server.RaftServerConfigKeys (ConfUtils.java:logGet(46)) - raft.server.data-stream.async.request.thread.pool.size = 20 (custom)
2023-05-04 20:13:50,364 [Listener at 127.0.0.1/35517] INFO  server.RaftServerConfigKeys (ConfUtils.java:logGet(46)) - raft.server.data-stream.async.write.thread.pool.size = 16 (default)
2023-05-04 20:13:50,365 [Listener at 127.0.0.1/35517] INFO  server.RaftServerConfigKeys (ConfUtils.java:logGet(46)) - raft.server.data-stream.client.pool.size = 10 (default)
2023-05-04 20:13:50,367 [Listener at 127.0.0.1/35517] INFO  netty.NettyConfigKeys$DataStream (ConfUtils.java:logGet(46)) - raft.netty.dataStream.server.use-epoll = false (default)
2023-05-04 20:13:50,368 [Listener at 127.0.0.1/35517] INFO  netty.NettyConfigKeys$DataStream (ConfUtils.java:logGet(46)) - raft.netty.dataStream.server.boss-group.size = 0 (default)
2023-05-04 20:13:50,374 [Listener at 127.0.0.1/35517] INFO  netty.NettyConfigKeys$DataStream (ConfUtils.java:logGet(46)) - raft.netty.dataStream.server.worker-group.size = 0 (default)
2023-05-04 20:13:50,375 [Listener at 127.0.0.1/35517] INFO  netty.NettyConfigKeys$DataStream (ConfUtils.java:logGet(46)) - raft.netty.dataStream.server.tls.conf = null (default)
2023-05-04 20:13:50,377 [Listener at 127.0.0.1/35517] INFO  netty.NettyConfigKeys$DataStream (ConfUtils.java:logGet(46)) - raft.netty.dataStream.host = null (default)
2023-05-04 20:13:50,377 [Listener at 127.0.0.1/35517] INFO  netty.NettyConfigKeys$DataStream (ConfUtils.java:logGet(46)) - raft.netty.dataStream.port = 0 (default)
2023-05-04 20:13:50,386 [Listener at 127.0.0.1/35517] INFO  server.RaftServerConfigKeys (ConfUtils.java:logGet(46)) - raft.server.threadpool.proxy.cached = true (default)
2023-05-04 20:13:50,387 [Listener at 127.0.0.1/35517] INFO  server.RaftServerConfigKeys (ConfUtils.java:logGet(46)) - raft.server.threadpool.proxy.size = 0 (default)
2023-05-04 20:13:50,387 [Listener at 127.0.0.1/35517] INFO  server.RaftServerConfigKeys (ConfUtils.java:logGet(46)) - raft.server.rpc.slowness.timeout = 300s (custom)
2023-05-04 20:13:50,387 [Listener at 127.0.0.1/35517] INFO  server.RaftServerConfigKeys (ConfUtils.java:logGet(46)) - raft.server.leaderelection.leader.step-down.wait-time = 10s (default)
2023-05-04 20:13:50,388 [Listener at 127.0.0.1/35517] INFO  server.RaftServerConfigKeys (ConfUtils.java:logGet(46)) - raft.server.storage.dir = [/home/runner/work/ozone/ozone/hadoop-ozone/integration-test/target/test-dir/MiniOzoneClusterImpl-3ff5bc89-9620-4d46-84f6-68e3c2a3a822/datanode-0/data/ratis] (custom)
2023-05-04 20:13:50,400 [6a8dabd4-d9aa-4d69-8f5d-1f403dba9ac7-NettyServerStreamRpc-bossGroup--thread1] INFO  logging.LoggingHandler (AbstractInternalLogger.java:log(148)) - [id: 0x5ae33e03] REGISTERED
2023-05-04 20:13:50,400 [6a8dabd4-d9aa-4d69-8f5d-1f403dba9ac7-NettyServerStreamRpc-bossGroup--thread1] INFO  logging.LoggingHandler (AbstractInternalLogger.java:log(148)) - [id: 0x5ae33e03] BIND: 0.0.0.0/0.0.0.0:0
2023-05-04 20:13:50,408 [Listener at 127.0.0.1/35517] INFO  server.XceiverServerGrpc (XceiverServerGrpc.java:<init>(132)) - GrpcServer channel type EpollServerSocketChannel
2023-05-04 20:13:50,409 [6a8dabd4-d9aa-4d69-8f5d-1f403dba9ac7-NettyServerStreamRpc-bossGroup--thread1] INFO  logging.LoggingHandler (AbstractInternalLogger.java:log(148)) - [id: 0x5ae33e03, L:/0:0:0:0:0:0:0:0:42975] ACTIVE
2023-05-04 20:13:50,440 [Listener at 127.0.0.1/35517] INFO  replication.ReplicationSupervisor (ReplicationSupervisor.java:nodeStateUpdated(290)) - Node state updated to IN_SERVICE, scaling executor pool size to 10
2023-05-04 20:13:50,483 [Listener at 127.0.0.1/35517] INFO  http.BaseHttpServer (BaseHttpServer.java:newHttpServer2BuilderForOzone(224)) - Starting Web-server for hddsDatanode at: http://0.0.0.0:0
2023-05-04 20:13:50,484 [Listener at 127.0.0.1/35517] INFO  http.BaseHttpServer (BaseHttpServer.java:<init>(111)) - Hadoop Security Enabled: false Ozone Security Enabled: false Ozone HTTP Security Enabled: false 
2023-05-04 20:13:50,485 [Listener at 127.0.0.1/35517] WARN  server.AuthenticationFilter (AuthenticationFilter.java:constructSecretProvider(240)) - Unable to initialize FileSignerSecretProvider, falling back to use random secrets. Reason: Could not read signature secret file: /home/runner/hadoop-http-auth-signature-secret
2023-05-04 20:13:50,486 [Listener at 127.0.0.1/35517] INFO  http.HttpRequestLog (HttpRequestLog.java:getRequestLog(86)) - Http request log for http.requests.hddsDatanode is not defined
2023-05-04 20:13:50,488 [Listener at 127.0.0.1/35517] INFO  http.HttpServer2 (HttpServer2.java:addGlobalFilter(1031)) - Added global filter 'safety' (class=org.apache.hadoop.hdds.server.http.HttpServer2$QuotingInputFilter)
2023-05-04 20:13:50,489 [Listener at 127.0.0.1/35517] INFO  http.HttpServer2 (HttpServer2.java:addFilter(1007)) - Added filter static_user_filter (class=org.apache.hadoop.http.lib.StaticUserWebFilter$StaticUserFilter) to context hddsDatanode
2023-05-04 20:13:50,489 [Listener at 127.0.0.1/35517] INFO  http.HttpServer2 (HttpServer2.java:addFilter(1015)) - Added filter static_user_filter (class=org.apache.hadoop.http.lib.StaticUserWebFilter$StaticUserFilter) to context static
2023-05-04 20:13:50,489 [Listener at 127.0.0.1/35517] INFO  http.HttpServer2 (HttpServer2.java:addFilter(1015)) - Added filter static_user_filter (class=org.apache.hadoop.http.lib.StaticUserWebFilter$StaticUserFilter) to context logs
2023-05-04 20:13:50,490 [Listener at 127.0.0.1/35517] INFO  http.BaseHttpServer (BaseHttpServer.java:<init>(190)) - HTTP server of hddsDatanode uses base directory /home/runner/work/ozone/ozone/hadoop-ozone/integration-test/target/test-dir/MiniOzoneClusterImpl-3ff5bc89-9620-4d46-84f6-68e3c2a3a822/datanode-0/meta/webserver
2023-05-04 20:13:50,490 [Listener at 127.0.0.1/35517] INFO  http.HttpServer2 (HttpServer2.java:bindListener(1250)) - Jetty bound to port 41979
2023-05-04 20:13:50,490 [Listener at 127.0.0.1/35517] INFO  server.Server (Server.java:doStart(375)) - jetty-9.4.51.v20230217; built: 2023-02-17T08:19:37.309Z; git: b45c405e4544384de066f814ed42ae3dceacdd49; jvm 1.8.0_362-b09
2023-05-04 20:13:50,495 [Listener at 127.0.0.1/35517] INFO  server.session (DefaultSessionIdManager.java:doStart(334)) - DefaultSessionIdManager workerName=node0
2023-05-04 20:13:50,496 [Listener at 127.0.0.1/35517] INFO  server.session (DefaultSessionIdManager.java:doStart(339)) - No SessionScavenger set, using defaults
2023-05-04 20:13:50,496 [Listener at 127.0.0.1/35517] INFO  server.session (HouseKeeper.java:startScavenging(132)) - node0 Scavenging every 660000ms
2023-05-04 20:13:50,497 [Listener at 127.0.0.1/35517] INFO  handler.ContextHandler (ContextHandler.java:doStart(921)) - Started o.e.j.s.ServletContextHandler@7a765284{logs,/logs,file:///home/runner/work/ozone/ozone/hadoop-ozone/integration-test/target/log,AVAILABLE}
2023-05-04 20:13:50,497 [Listener at 127.0.0.1/35517] INFO  handler.ContextHandler (ContextHandler.java:doStart(921)) - Started o.e.j.s.ServletContextHandler@4a04e9d4{static,/static,jar:file:/home/runner/.m2/repository/org/apache/ozone/hdds-container-service/1.4.0-SNAPSHOT/hdds-container-service-1.4.0-SNAPSHOT.jar!/webapps/static,AVAILABLE}
2023-05-04 20:13:50,736 [Listener at 127.0.0.1/35517] INFO  handler.ContextHandler (ContextHandler.java:doStart(921)) - Started o.e.j.w.WebAppContext@9ef0118{hddsDatanode,/,file:///home/runner/work/ozone/ozone/hadoop-ozone/integration-test/target/test-dir/MiniOzoneClusterImpl-3ff5bc89-9620-4d46-84f6-68e3c2a3a822/datanode-0/meta/webserver/jetty-0_0_0_0-41979-hdds-container-service-1_4_0-SNAPSHOT_jar-_-any-5379423358805997414/webapp/,AVAILABLE}{jar:file:/home/runner/.m2/repository/org/apache/ozone/hdds-container-service/1.4.0-SNAPSHOT/hdds-container-service-1.4.0-SNAPSHOT.jar!/webapps/hddsDatanode}
2023-05-04 20:13:50,738 [Listener at 127.0.0.1/35517] INFO  server.AbstractConnector (AbstractConnector.java:doStart(333)) - Started ServerConnector@7e621289{HTTP/1.1, (http/1.1)}{0.0.0.0:41979}
2023-05-04 20:13:50,738 [Listener at 127.0.0.1/35517] INFO  server.Server (Server.java:doStart(415)) - Started @8541ms
2023-05-04 20:13:50,738 [Listener at 127.0.0.1/35517] WARN  impl.MetricsSystemImpl (MetricsSystemImpl.java:register(279)) - Sink prometheus already exists!
2023-05-04 20:13:50,739 [Listener at 127.0.0.1/35517] INFO  http.BaseHttpServer (BaseHttpServer.java:updateConnectorAddress(344)) - HTTP server of hddsDatanode listening at http://0.0.0.0:41979
2023-05-04 20:13:50,743 [Listener at 127.0.0.1/35517] WARN  impl.MetricRegistriesImpl (MetricRegistriesImpl.java:addReporterRegistration(111)) - New reporters are added after registries were created. Some metrics will be missing from the reporter. Please add reporter before adding any new registry.
2023-05-04 20:13:50,743 [Listener at 127.0.0.1/35517] WARN  impl.MetricRegistriesImpl (MetricRegistriesImpl.java:addReporterRegistration(111)) - New reporters are added after registries were created. Some metrics will be missing from the reporter. Please add reporter before adding any new registry.
2023-05-04 20:13:50,743 [Listener at 127.0.0.1/35517] INFO  impl.MetricsSystemImpl (MetricsSystemImpl.java:init(158)) - HddsDatanode metrics system started (again)
2023-05-04 20:13:50,751 [Datanode State Machine Daemon Thread] INFO  statemachine.DatanodeStateMachine (DatanodeStateMachine.java:lambda$startDaemon$0(524)) - Ozone container server started.
2023-05-04 20:13:50,776 [org.apache.hadoop.util.JvmPauseMonitor$Monitor@4b2c8181] INFO  util.JvmPauseMonitor (JvmPauseMonitor.java:run(188)) - Starting JVM pause monitor
2023-05-04 20:13:50,776 [Listener at 127.0.0.1/35517] INFO  ozone.HddsDatanodeService (HddsDatanodeService.java:start(252)) - HddsDatanodeService host:fv-az804-457.cvtsq3ctpw5ehehiek0yp1ke0c.cx.internal.cloudapp.net ip:10.1.0.20
2023-05-04 20:13:50,811 [Listener at 127.0.0.1/35517] INFO  upgrade.AbstractLayoutVersionManager (AbstractLayoutVersionManager.java:init(83)) - Initializing Layout version manager with metadata layout = WEBUI_PORTS_IN_DATANODEDETAILS (version = 6), software layout = WEBUI_PORTS_IN_DATANODEDETAILS (version = 6)
2023-05-04 20:13:50,894 [om1@group-C5BA1605619E-FollowerState] INFO  impl.FollowerState (FollowerState.java:run(143)) - om1@group-C5BA1605619E-FollowerState: change to CANDIDATE, lastRpcElapsedTime:1129498726ns, electionTimeout:1095ms
2023-05-04 20:13:50,896 [om1@group-C5BA1605619E-FollowerState] INFO  impl.RoleInfo (RoleInfo.java:shutdownFollowerState(110)) - om1: shutdown om1@group-C5BA1605619E-FollowerState
2023-05-04 20:13:50,904 [om1@group-C5BA1605619E-FollowerState] INFO  server.RaftServer$Division (RaftServerImpl.java:setRole(321)) - om1@group-C5BA1605619E: changes role from  FOLLOWER to CANDIDATE at term 0 for changeToCandidate
2023-05-04 20:13:50,909 [om1@group-C5BA1605619E-FollowerState] INFO  server.RaftServerConfigKeys (ConfUtils.java:logGet(46)) - raft.server.leaderelection.pre-vote = true (default)
2023-05-04 20:13:50,909 [om1@group-C5BA1605619E-FollowerState] INFO  impl.RoleInfo (RoleInfo.java:updateAndGet(139)) - om1: start om1@group-C5BA1605619E-LeaderElection1
2023-05-04 20:13:50,930 [om1@group-C5BA1605619E-LeaderElection1] INFO  impl.LeaderElection (LeaderElection.java:askForVotes(312)) - om1@group-C5BA1605619E-LeaderElection1 PRE_VOTE round 0: submit vote requests at term 0 for -1: peers:[om1|rpc:localhost:9872|priority:0|startupRole:FOLLOWER]|listeners:[], old=null
2023-05-04 20:13:50,931 [om1@group-C5BA1605619E-LeaderElection1] INFO  impl.LeaderElection (LeaderElection.java:askForVotes(314)) - om1@group-C5BA1605619E-LeaderElection1 PRE_VOTE round 0: result PASSED (term=0)
2023-05-04 20:13:50,935 [om1@group-C5BA1605619E-LeaderElection1] INFO  impl.LeaderElection (LeaderElection.java:askForVotes(312)) - om1@group-C5BA1605619E-LeaderElection1 ELECTION round 0: submit vote requests at term 1 for -1: peers:[om1|rpc:localhost:9872|priority:0|startupRole:FOLLOWER]|listeners:[], old=null
2023-05-04 20:13:50,935 [om1@group-C5BA1605619E-LeaderElection1] INFO  impl.LeaderElection (LeaderElection.java:askForVotes(314)) - om1@group-C5BA1605619E-LeaderElection1 ELECTION round 0: result PASSED (term=1)
2023-05-04 20:13:50,935 [om1@group-C5BA1605619E-LeaderElection1] INFO  impl.RoleInfo (RoleInfo.java:shutdownLeaderElection(130)) - om1: shutdown om1@group-C5BA1605619E-LeaderElection1
2023-05-04 20:13:50,936 [om1@group-C5BA1605619E-LeaderElection1] INFO  server.RaftServer$Division (RaftServerImpl.java:setRole(321)) - om1@group-C5BA1605619E: changes role from CANDIDATE to LEADER at term 1 for changeToLeader
2023-05-04 20:13:50,939 [om1@group-C5BA1605619E-LeaderElection1] INFO  server.RaftServer$Division (ServerState.java:setLeader(313)) - om1@group-C5BA1605619E: change Leader from null to om1 at term 1 for becomeLeader, leader elected after 2344ms
2023-05-04 20:13:50,953 [om1@group-C5BA1605619E-LeaderElection1] INFO  server.RaftServerConfigKeys (ConfUtils.java:logGet(46)) - raft.server.staging.catchup.gap = 1000 (default)
2023-05-04 20:13:50,962 [om1@group-C5BA1605619E-LeaderElection1] INFO  server.RaftServerConfigKeys (ConfUtils.java:logGet(46)) - raft.server.write.element-limit = 4096 (default)
2023-05-04 20:13:50,964 [om1@group-C5BA1605619E-LeaderElection1] INFO  server.RaftServerConfigKeys (ConfUtils.java:logGet(46)) - raft.server.write.byte-limit = 64MB (=67108864) (default)
2023-05-04 20:13:50,965 [Listener at 127.0.0.1/35517] INFO  reflections.Reflections (Reflections.java:scan(232)) - Reflections took 153 ms to scan 7 urls, producing 156 keys and 369 values 
2023-05-04 20:13:50,966 [Datanode State Machine Task Thread - 0] INFO  datanode.InitDatanodeState (InitDatanodeState.java:persistContainerDatanodeDetails(138)) - DatanodeDetails is persisted to /home/runner/work/ozone/ozone/hadoop-ozone/integration-test/target/test-dir/MiniOzoneClusterImpl-3ff5bc89-9620-4d46-84f6-68e3c2a3a822/datanode-0/meta/datanode.id
2023-05-04 20:13:50,970 [Listener at 127.0.0.1/35517] INFO  statemachine.DatanodeStateMachine (DatanodeStateMachine.java:getEndPointTaskThreadPoolSize(267)) - Datanode State Machine Task Thread Pool size 2
2023-05-04 20:13:50,974 [om1@group-C5BA1605619E-LeaderElection1] INFO  server.RaftServerConfigKeys (ConfUtils.java:logGet(46)) - raft.server.watch.timeout = 10s (default)
2023-05-04 20:13:50,974 [om1@group-C5BA1605619E-LeaderElection1] INFO  server.RaftServerConfigKeys (ConfUtils.java:logGet(46)) - raft.server.watch.timeout.denomination = 1s (default)
2023-05-04 20:13:50,975 [om1@group-C5BA1605619E-LeaderElection1] INFO  server.RaftServerConfigKeys (ConfUtils.java:logGet(46)) - raft.server.watch.element-limit = 65536 (default)
2023-05-04 20:13:50,981 [Listener at 127.0.0.1/35517] INFO  volume.HddsVolume (HddsVolume.java:<init>(130)) - Creating HddsVolume: /home/runner/work/ozone/ozone/hadoop-ozone/integration-test/target/test-dir/MiniOzoneClusterImpl-3ff5bc89-9620-4d46-84f6-68e3c2a3a822/datanode-1/data-0/containers/hdds of storage type : DISK capacity : 9223372036854775807
2023-05-04 20:13:50,982 [Listener at 127.0.0.1/35517] INFO  volume.MutableVolumeSet (MutableVolumeSet.java:initializeVolumeSet(175)) - Added Volume : /home/runner/work/ozone/ozone/hadoop-ozone/integration-test/target/test-dir/MiniOzoneClusterImpl-3ff5bc89-9620-4d46-84f6-68e3c2a3a822/datanode-1/data-0/containers/hdds to VolumeSet
2023-05-04 20:13:50,982 [Listener at 127.0.0.1/35517] INFO  volume.ThrottledAsyncChecker (ThrottledAsyncChecker.java:schedule(141)) - Scheduling a check for /home/runner/work/ozone/ozone/hadoop-ozone/integration-test/target/test-dir/MiniOzoneClusterImpl-3ff5bc89-9620-4d46-84f6-68e3c2a3a822/datanode-1/data-0/containers/hdds
2023-05-04 20:13:50,986 [om1@group-C5BA1605619E-LeaderElection1] INFO  server.RaftServerConfigKeys (ConfUtils.java:logGet(46)) - raft.server.write.element-limit = 4096 (default)
2023-05-04 20:13:50,991 [om1@group-C5BA1605619E-LeaderElection1] INFO  server.RaftServerConfigKeys (ConfUtils.java:logGet(46)) - raft.server.write.follower.gap.ratio.max = -1.0 (default)
2023-05-04 20:13:50,993 [om1@group-C5BA1605619E-LeaderElection1] INFO  impl.RoleInfo (RoleInfo.java:updateAndGet(139)) - om1: start om1@group-C5BA1605619E-LeaderStateImpl
2023-05-04 20:13:50,995 [Listener at 127.0.0.1/35517] INFO  volume.StorageVolumeChecker (StorageVolumeChecker.java:checkAllVolumes(202)) - Scheduled health check for volume /home/runner/work/ozone/ozone/hadoop-ozone/integration-test/target/test-dir/MiniOzoneClusterImpl-3ff5bc89-9620-4d46-84f6-68e3c2a3a822/datanode-1/data-0/containers/hdds
2023-05-04 20:13:51,019 [Listener at 127.0.0.1/35517] INFO  volume.MutableVolumeSet (MutableVolumeSet.java:initializeVolumeSet(175)) - Added Volume : /home/runner/work/ozone/ozone/hadoop-ozone/integration-test/target/test-dir/MiniOzoneClusterImpl-3ff5bc89-9620-4d46-84f6-68e3c2a3a822/datanode-1/data/ratis to VolumeSet
2023-05-04 20:13:51,020 [Listener at 127.0.0.1/35517] INFO  volume.ThrottledAsyncChecker (ThrottledAsyncChecker.java:schedule(141)) - Scheduling a check for /home/runner/work/ozone/ozone/hadoop-ozone/integration-test/target/test-dir/MiniOzoneClusterImpl-3ff5bc89-9620-4d46-84f6-68e3c2a3a822/datanode-1/data/ratis
2023-05-04 20:13:51,021 [Listener at 127.0.0.1/35517] INFO  volume.StorageVolumeChecker (StorageVolumeChecker.java:checkAllVolumes(202)) - Scheduled health check for volume /home/runner/work/ozone/ozone/hadoop-ozone/integration-test/target/test-dir/MiniOzoneClusterImpl-3ff5bc89-9620-4d46-84f6-68e3c2a3a822/datanode-1/data/ratis
2023-05-04 20:13:51,051 [Thread-155] INFO  ozoneimpl.ContainerReader (ContainerReader.java:readVolume(175)) - Finish verifying containers on volume /home/runner/work/ozone/ozone/hadoop-ozone/integration-test/target/test-dir/MiniOzoneClusterImpl-3ff5bc89-9620-4d46-84f6-68e3c2a3a822/datanode-1/data-0/containers/hdds
2023-05-04 20:13:51,052 [Listener at 127.0.0.1/35517] INFO  ozoneimpl.OzoneContainer (OzoneContainer.java:buildContainerSet(303)) - Build ContainerSet costs 0s
2023-05-04 20:13:51,053 [om1@group-C5BA1605619E-LeaderElection1] INFO  segmented.SegmentedRaftLogWorker (SegmentedRaftLogWorker.java:startLogSegment(452)) - om1@group-C5BA1605619E-SegmentedRaftLogWorker: Starting segment from index:0
2023-05-04 20:13:51,065 [Listener at 127.0.0.1/35517] INFO  server.RaftServer (ConfUtils.java:logGet(46)) - raft.rpc.type = GRPC (default)
2023-05-04 20:13:51,065 [Listener at 127.0.0.1/35517] INFO  grpc.GrpcConfigKeys (ConfUtils.java:logFallback(53)) - raft.grpc.admin.host = null (fallback to raft.grpc.server.host)
2023-05-04 20:13:51,065 [Listener at 127.0.0.1/35517] INFO  grpc.GrpcConfigKeys (ConfUtils.java:logGet(46)) - raft.grpc.admin.port = 0 (custom)
2023-05-04 20:13:51,066 [Listener at 127.0.0.1/35517] INFO  grpc.GrpcConfigKeys (ConfUtils.java:logFallback(53)) - raft.grpc.client.host = null (fallback to raft.grpc.server.host)
2023-05-04 20:13:51,066 [Listener at 127.0.0.1/35517] INFO  grpc.GrpcConfigKeys (ConfUtils.java:logGet(46)) - raft.grpc.client.port = 0 (custom)
2023-05-04 20:13:51,066 [Listener at 127.0.0.1/35517] INFO  grpc.GrpcConfigKeys (ConfUtils.java:logGet(46)) - raft.grpc.server.host = null (default)
2023-05-04 20:13:51,066 [Listener at 127.0.0.1/35517] INFO  grpc.GrpcConfigKeys (ConfUtils.java:logGet(46)) - raft.grpc.server.port = 0 (default)
2023-05-04 20:13:51,067 [Listener at 127.0.0.1/35517] INFO  server.GrpcService (ConfUtils.java:logGet(46)) - raft.grpc.message.size.max = 32MB (=33554432) (custom)
2023-05-04 20:13:51,067 [Listener at 127.0.0.1/35517] INFO  server.RaftServerConfigKeys (ConfUtils.java:logGet(46)) - raft.server.log.appender.buffer.byte-limit = 33554432 (custom)
2023-05-04 20:13:51,067 [Listener at 127.0.0.1/35517] INFO  server.GrpcService (ConfUtils.java:logGet(46)) - raft.grpc.flow.control.window = 5MB (=5242880) (custom)
2023-05-04 20:13:51,067 [Listener at 127.0.0.1/35517] INFO  server.RaftServerConfigKeys (ConfUtils.java:logGet(46)) - raft.server.rpc.request.timeout = 60s (custom)
2023-05-04 20:13:51,067 [Listener at 127.0.0.1/35517] INFO  grpc.GrpcConfigKeys (ConfUtils.java:logGet(46)) - raft.grpc.server.heartbeat.channel = true (default)
2023-05-04 20:13:51,067 [Listener at 127.0.0.1/35517] INFO  grpc.GrpcConfigKeys (ConfUtils.java:logGet(46)) - raft.grpc.server.async.request.thread.pool.cached = true (default)
2023-05-04 20:13:51,067 [Listener at 127.0.0.1/35517] INFO  grpc.GrpcConfigKeys (ConfUtils.java:logGet(46)) - raft.grpc.server.async.request.thread.pool.size = 32 (default)
2023-05-04 20:13:51,069 [Listener at 127.0.0.1/35517] INFO  impl.DataStreamServerImpl (ConfUtils.java:logGet(46)) - raft.datastream.type = NETTY (custom)
2023-05-04 20:13:51,069 [Listener at 127.0.0.1/35517] INFO  server.RaftServerConfigKeys (ConfUtils.java:logGet(46)) - raft.server.data-stream.async.request.thread.pool.cached = false (default)
2023-05-04 20:13:51,069 [Listener at 127.0.0.1/35517] INFO  server.RaftServerConfigKeys (ConfUtils.java:logGet(46)) - raft.server.data-stream.async.request.thread.pool.size = 20 (custom)
2023-05-04 20:13:51,070 [Listener at 127.0.0.1/35517] INFO  server.RaftServerConfigKeys (ConfUtils.java:logGet(46)) - raft.server.data-stream.async.write.thread.pool.size = 16 (default)
2023-05-04 20:13:51,070 [Listener at 127.0.0.1/35517] INFO  server.RaftServerConfigKeys (ConfUtils.java:logGet(46)) - raft.server.data-stream.client.pool.size = 10 (default)
2023-05-04 20:13:51,070 [Listener at 127.0.0.1/35517] INFO  netty.NettyConfigKeys$DataStream (ConfUtils.java:logGet(46)) - raft.netty.dataStream.server.use-epoll = false (default)
2023-05-04 20:13:51,070 [Listener at 127.0.0.1/35517] INFO  netty.NettyConfigKeys$DataStream (ConfUtils.java:logGet(46)) - raft.netty.dataStream.server.boss-group.size = 0 (default)
2023-05-04 20:13:51,070 [Listener at 127.0.0.1/35517] INFO  netty.NettyConfigKeys$DataStream (ConfUtils.java:logGet(46)) - raft.netty.dataStream.server.worker-group.size = 0 (default)
2023-05-04 20:13:51,071 [Listener at 127.0.0.1/35517] INFO  netty.NettyConfigKeys$DataStream (ConfUtils.java:logGet(46)) - raft.netty.dataStream.server.tls.conf = null (default)
2023-05-04 20:13:51,071 [Listener at 127.0.0.1/35517] INFO  netty.NettyConfigKeys$DataStream (ConfUtils.java:logGet(46)) - raft.netty.dataStream.host = null (default)
2023-05-04 20:13:51,071 [Listener at 127.0.0.1/35517] INFO  netty.NettyConfigKeys$DataStream (ConfUtils.java:logGet(46)) - raft.netty.dataStream.port = 0 (default)
2023-05-04 20:13:51,080 [Listener at 127.0.0.1/35517] INFO  server.RaftServerConfigKeys (ConfUtils.java:logGet(46)) - raft.server.threadpool.proxy.cached = true (default)
2023-05-04 20:13:51,082 [Listener at 127.0.0.1/35517] INFO  server.RaftServerConfigKeys (ConfUtils.java:logGet(46)) - raft.server.threadpool.proxy.size = 0 (default)
2023-05-04 20:13:51,082 [Listener at 127.0.0.1/35517] INFO  server.RaftServerConfigKeys (ConfUtils.java:logGet(46)) - raft.server.rpc.slowness.timeout = 300s (custom)
2023-05-04 20:13:51,083 [Listener at 127.0.0.1/35517] INFO  server.RaftServerConfigKeys (ConfUtils.java:logGet(46)) - raft.server.leaderelection.leader.step-down.wait-time = 10s (default)
2023-05-04 20:13:51,083 [Listener at 127.0.0.1/35517] INFO  server.RaftServerConfigKeys (ConfUtils.java:logGet(46)) - raft.server.storage.dir = [/home/runner/work/ozone/ozone/hadoop-ozone/integration-test/target/test-dir/MiniOzoneClusterImpl-3ff5bc89-9620-4d46-84f6-68e3c2a3a822/datanode-1/data/ratis] (custom)
2023-05-04 20:13:51,086 [b957fc71-c761-4d97-9df6-bc970b063b54-NettyServerStreamRpc-bossGroup--thread1] INFO  logging.LoggingHandler (AbstractInternalLogger.java:log(148)) - [id: 0xa7fc98fc] REGISTERED
2023-05-04 20:13:51,089 [b957fc71-c761-4d97-9df6-bc970b063b54-NettyServerStreamRpc-bossGroup--thread1] INFO  logging.LoggingHandler (AbstractInternalLogger.java:log(148)) - [id: 0xa7fc98fc] BIND: 0.0.0.0/0.0.0.0:0
2023-05-04 20:13:51,089 [b957fc71-c761-4d97-9df6-bc970b063b54-NettyServerStreamRpc-bossGroup--thread1] INFO  logging.LoggingHandler (AbstractInternalLogger.java:log(148)) - [id: 0xa7fc98fc, L:/0:0:0:0:0:0:0:0:39175] ACTIVE
2023-05-04 20:13:51,090 [Listener at 127.0.0.1/35517] INFO  server.XceiverServerGrpc (XceiverServerGrpc.java:<init>(132)) - GrpcServer channel type EpollServerSocketChannel
2023-05-04 20:13:51,092 [Listener at 127.0.0.1/35517] INFO  replication.ReplicationSupervisor (ReplicationSupervisor.java:nodeStateUpdated(290)) - Node state updated to IN_SERVICE, scaling executor pool size to 10
2023-05-04 20:13:51,103 [Listener at 127.0.0.1/35517] INFO  http.BaseHttpServer (BaseHttpServer.java:newHttpServer2BuilderForOzone(224)) - Starting Web-server for hddsDatanode at: http://0.0.0.0:0
2023-05-04 20:13:51,103 [Listener at 127.0.0.1/35517] INFO  http.BaseHttpServer (BaseHttpServer.java:<init>(111)) - Hadoop Security Enabled: false Ozone Security Enabled: false Ozone HTTP Security Enabled: false 
2023-05-04 20:13:51,105 [Listener at 127.0.0.1/35517] WARN  server.AuthenticationFilter (AuthenticationFilter.java:constructSecretProvider(240)) - Unable to initialize FileSignerSecretProvider, falling back to use random secrets. Reason: Could not read signature secret file: /home/runner/hadoop-http-auth-signature-secret
2023-05-04 20:13:51,109 [Listener at 127.0.0.1/35517] INFO  http.HttpRequestLog (HttpRequestLog.java:getRequestLog(86)) - Http request log for http.requests.hddsDatanode is not defined
2023-05-04 20:13:51,110 [Listener at 127.0.0.1/35517] INFO  http.HttpServer2 (HttpServer2.java:addGlobalFilter(1031)) - Added global filter 'safety' (class=org.apache.hadoop.hdds.server.http.HttpServer2$QuotingInputFilter)
2023-05-04 20:13:51,111 [Listener at 127.0.0.1/35517] INFO  http.HttpServer2 (HttpServer2.java:addFilter(1007)) - Added filter static_user_filter (class=org.apache.hadoop.http.lib.StaticUserWebFilter$StaticUserFilter) to context hddsDatanode
2023-05-04 20:13:51,111 [Listener at 127.0.0.1/35517] INFO  http.HttpServer2 (HttpServer2.java:addFilter(1015)) - Added filter static_user_filter (class=org.apache.hadoop.http.lib.StaticUserWebFilter$StaticUserFilter) to context static
2023-05-04 20:13:51,111 [Listener at 127.0.0.1/35517] INFO  http.HttpServer2 (HttpServer2.java:addFilter(1015)) - Added filter static_user_filter (class=org.apache.hadoop.http.lib.StaticUserWebFilter$StaticUserFilter) to context logs
2023-05-04 20:13:51,112 [Listener at 127.0.0.1/35517] INFO  http.BaseHttpServer (BaseHttpServer.java:<init>(190)) - HTTP server of hddsDatanode uses base directory /home/runner/work/ozone/ozone/hadoop-ozone/integration-test/target/test-dir/MiniOzoneClusterImpl-3ff5bc89-9620-4d46-84f6-68e3c2a3a822/datanode-1/meta/webserver
2023-05-04 20:13:51,112 [Listener at 127.0.0.1/35517] INFO  http.HttpServer2 (HttpServer2.java:bindListener(1250)) - Jetty bound to port 37865
2023-05-04 20:13:51,113 [Listener at 127.0.0.1/35517] INFO  server.Server (Server.java:doStart(375)) - jetty-9.4.51.v20230217; built: 2023-02-17T08:19:37.309Z; git: b45c405e4544384de066f814ed42ae3dceacdd49; jvm 1.8.0_362-b09
2023-05-04 20:13:51,131 [om1@group-C5BA1605619E-LeaderElection1] INFO  server.RaftServer$Division (ServerState.java:setRaftConf(430)) - om1@group-C5BA1605619E: set configuration 0: peers:[om1|rpc:localhost:9872|admin:|client:|dataStream:|priority:0|startupRole:FOLLOWER]|listeners:[], old=null
2023-05-04 20:13:51,150 [Listener at 127.0.0.1/35517] INFO  server.session (DefaultSessionIdManager.java:doStart(334)) - DefaultSessionIdManager workerName=node0
2023-05-04 20:13:51,151 [Listener at 127.0.0.1/35517] INFO  server.session (DefaultSessionIdManager.java:doStart(339)) - No SessionScavenger set, using defaults
2023-05-04 20:13:51,151 [Listener at 127.0.0.1/35517] INFO  server.session (HouseKeeper.java:startScavenging(132)) - node0 Scavenging every 600000ms
2023-05-04 20:13:51,159 [Listener at 127.0.0.1/35517] INFO  handler.ContextHandler (ContextHandler.java:doStart(921)) - Started o.e.j.s.ServletContextHandler@65a41213{logs,/logs,file:///home/runner/work/ozone/ozone/hadoop-ozone/integration-test/target/log,AVAILABLE}
2023-05-04 20:13:51,159 [Listener at 127.0.0.1/35517] INFO  handler.ContextHandler (ContextHandler.java:doStart(921)) - Started o.e.j.s.ServletContextHandler@61606066{static,/static,jar:file:/home/runner/.m2/repository/org/apache/ozone/hdds-container-service/1.4.0-SNAPSHOT/hdds-container-service-1.4.0-SNAPSHOT.jar!/webapps/static,AVAILABLE}
2023-05-04 20:13:51,361 [om1@group-C5BA1605619E-SegmentedRaftLogWorker] INFO  segmented.SegmentedRaftLogWorker (SegmentedRaftLogWorker.java:execute(656)) - om1@group-C5BA1605619E-SegmentedRaftLogWorker: created new log segment /home/runner/work/ozone/ozone/hadoop-ozone/integration-test/target/test-dir/MiniOzoneClusterImpl-3ff5bc89-9620-4d46-84f6-68e3c2a3a822/ozone-meta/ratis/bf265839-605b-3f16-9796-c5ba1605619e/current/log_inprogress_0
2023-05-04 20:13:51,394 [Listener at 127.0.0.1/35517] INFO  handler.ContextHandler (ContextHandler.java:doStart(921)) - Started o.e.j.w.WebAppContext@274f5cc3{hddsDatanode,/,file:///home/runner/work/ozone/ozone/hadoop-ozone/integration-test/target/test-dir/MiniOzoneClusterImpl-3ff5bc89-9620-4d46-84f6-68e3c2a3a822/datanode-1/meta/webserver/jetty-0_0_0_0-37865-hdds-container-service-1_4_0-SNAPSHOT_jar-_-any-4072458464439945670/webapp/,AVAILABLE}{jar:file:/home/runner/.m2/repository/org/apache/ozone/hdds-container-service/1.4.0-SNAPSHOT/hdds-container-service-1.4.0-SNAPSHOT.jar!/webapps/hddsDatanode}
2023-05-04 20:13:51,399 [Listener at 127.0.0.1/35517] INFO  server.AbstractConnector (AbstractConnector.java:doStart(333)) - Started ServerConnector@548dcfa0{HTTP/1.1, (http/1.1)}{0.0.0.0:37865}
2023-05-04 20:13:51,399 [Listener at 127.0.0.1/35517] INFO  server.Server (Server.java:doStart(415)) - Started @9202ms
2023-05-04 20:13:51,399 [Listener at 127.0.0.1/35517] WARN  impl.MetricsSystemImpl (MetricsSystemImpl.java:register(279)) - Sink prometheus already exists!
2023-05-04 20:13:51,402 [Listener at 127.0.0.1/35517] INFO  http.BaseHttpServer (BaseHttpServer.java:updateConnectorAddress(344)) - HTTP server of hddsDatanode listening at http://0.0.0.0:37865
2023-05-04 20:13:51,408 [Listener at 127.0.0.1/35517] WARN  impl.MetricRegistriesImpl (MetricRegistriesImpl.java:addReporterRegistration(111)) - New reporters are added after registries were created. Some metrics will be missing from the reporter. Please add reporter before adding any new registry.
2023-05-04 20:13:51,408 [Listener at 127.0.0.1/35517] WARN  impl.MetricRegistriesImpl (MetricRegistriesImpl.java:addReporterRegistration(111)) - New reporters are added after registries were created. Some metrics will be missing from the reporter. Please add reporter before adding any new registry.
2023-05-04 20:13:51,408 [Listener at 127.0.0.1/35517] INFO  impl.MetricsSystemImpl (MetricsSystemImpl.java:init(158)) - HddsDatanode metrics system started (again)
2023-05-04 20:13:51,409 [Datanode State Machine Daemon Thread] INFO  statemachine.DatanodeStateMachine (DatanodeStateMachine.java:lambda$startDaemon$0(524)) - Ozone container server started.
2023-05-04 20:13:51,426 [Listener at 127.0.0.1/35517] INFO  ozone.HddsDatanodeService (HddsDatanodeService.java:start(252)) - HddsDatanodeService host:fv-az804-457.cvtsq3ctpw5ehehiek0yp1ke0c.cx.internal.cloudapp.net ip:10.1.0.20
2023-05-04 20:13:51,434 [org.apache.hadoop.util.JvmPauseMonitor$Monitor@3da0fd65] INFO  util.JvmPauseMonitor (JvmPauseMonitor.java:run(188)) - Starting JVM pause monitor
2023-05-04 20:13:51,450 [Datanode State Machine Task Thread - 0] INFO  datanode.InitDatanodeState (InitDatanodeState.java:persistContainerDatanodeDetails(138)) - DatanodeDetails is persisted to /home/runner/work/ozone/ozone/hadoop-ozone/integration-test/target/test-dir/MiniOzoneClusterImpl-3ff5bc89-9620-4d46-84f6-68e3c2a3a822/datanode-1/meta/datanode.id
2023-05-04 20:13:51,468 [Listener at 127.0.0.1/35517] INFO  upgrade.AbstractLayoutVersionManager (AbstractLayoutVersionManager.java:init(83)) - Initializing Layout version manager with metadata layout = WEBUI_PORTS_IN_DATANODEDETAILS (version = 6), software layout = WEBUI_PORTS_IN_DATANODEDETAILS (version = 6)
2023-05-04 20:13:51,539 [om1@group-C5BA1605619E-StateMachineUpdater] INFO  ratis.OzoneManagerStateMachine (OzoneManagerStateMachine.java:notifyConfigurationChanged(201)) - Received Configuration change notification from Ratis. New Peer list:
[id: "om1"
address: "localhost:9872"
startupRole: FOLLOWER
]
2023-05-04 20:13:51,561 [Listener at 127.0.0.1/35517] INFO  reflections.Reflections (Reflections.java:scan(232)) - Reflections took 91 ms to scan 7 urls, producing 156 keys and 369 values 
2023-05-04 20:13:51,564 [Listener at 127.0.0.1/35517] INFO  statemachine.DatanodeStateMachine (DatanodeStateMachine.java:getEndPointTaskThreadPoolSize(267)) - Datanode State Machine Task Thread Pool size 2
2023-05-04 20:13:51,567 [Listener at 127.0.0.1/35517] INFO  volume.HddsVolume (HddsVolume.java:<init>(130)) - Creating HddsVolume: /home/runner/work/ozone/ozone/hadoop-ozone/integration-test/target/test-dir/MiniOzoneClusterImpl-3ff5bc89-9620-4d46-84f6-68e3c2a3a822/datanode-2/data-0/containers/hdds of storage type : DISK capacity : 9223372036854775807
2023-05-04 20:13:51,567 [Listener at 127.0.0.1/35517] INFO  volume.MutableVolumeSet (MutableVolumeSet.java:initializeVolumeSet(175)) - Added Volume : /home/runner/work/ozone/ozone/hadoop-ozone/integration-test/target/test-dir/MiniOzoneClusterImpl-3ff5bc89-9620-4d46-84f6-68e3c2a3a822/datanode-2/data-0/containers/hdds to VolumeSet
2023-05-04 20:13:51,568 [Listener at 127.0.0.1/35517] INFO  volume.ThrottledAsyncChecker (ThrottledAsyncChecker.java:schedule(141)) - Scheduling a check for /home/runner/work/ozone/ozone/hadoop-ozone/integration-test/target/test-dir/MiniOzoneClusterImpl-3ff5bc89-9620-4d46-84f6-68e3c2a3a822/datanode-2/data-0/containers/hdds
2023-05-04 20:13:51,570 [Listener at 127.0.0.1/35517] INFO  volume.StorageVolumeChecker (StorageVolumeChecker.java:checkAllVolumes(202)) - Scheduled health check for volume /home/runner/work/ozone/ozone/hadoop-ozone/integration-test/target/test-dir/MiniOzoneClusterImpl-3ff5bc89-9620-4d46-84f6-68e3c2a3a822/datanode-2/data-0/containers/hdds
2023-05-04 20:13:51,584 [Listener at 127.0.0.1/35517] INFO  volume.MutableVolumeSet (MutableVolumeSet.java:initializeVolumeSet(175)) - Added Volume : /home/runner/work/ozone/ozone/hadoop-ozone/integration-test/target/test-dir/MiniOzoneClusterImpl-3ff5bc89-9620-4d46-84f6-68e3c2a3a822/datanode-2/data/ratis to VolumeSet
2023-05-04 20:13:51,584 [Listener at 127.0.0.1/35517] INFO  volume.ThrottledAsyncChecker (ThrottledAsyncChecker.java:schedule(141)) - Scheduling a check for /home/runner/work/ozone/ozone/hadoop-ozone/integration-test/target/test-dir/MiniOzoneClusterImpl-3ff5bc89-9620-4d46-84f6-68e3c2a3a822/datanode-2/data/ratis
2023-05-04 20:13:51,584 [Listener at 127.0.0.1/35517] INFO  volume.StorageVolumeChecker (StorageVolumeChecker.java:checkAllVolumes(202)) - Scheduled health check for volume /home/runner/work/ozone/ozone/hadoop-ozone/integration-test/target/test-dir/MiniOzoneClusterImpl-3ff5bc89-9620-4d46-84f6-68e3c2a3a822/datanode-2/data/ratis
2023-05-04 20:13:51,599 [Thread-169] INFO  ozoneimpl.ContainerReader (ContainerReader.java:readVolume(175)) - Finish verifying containers on volume /home/runner/work/ozone/ozone/hadoop-ozone/integration-test/target/test-dir/MiniOzoneClusterImpl-3ff5bc89-9620-4d46-84f6-68e3c2a3a822/datanode-2/data-0/containers/hdds
2023-05-04 20:13:51,599 [Listener at 127.0.0.1/35517] INFO  ozoneimpl.OzoneContainer (OzoneContainer.java:buildContainerSet(303)) - Build ContainerSet costs 0s
2023-05-04 20:13:51,606 [Listener at 127.0.0.1/35517] INFO  server.RaftServer (ConfUtils.java:logGet(46)) - raft.rpc.type = GRPC (default)
2023-05-04 20:13:51,606 [Listener at 127.0.0.1/35517] INFO  grpc.GrpcConfigKeys (ConfUtils.java:logFallback(53)) - raft.grpc.admin.host = null (fallback to raft.grpc.server.host)
2023-05-04 20:13:51,607 [Listener at 127.0.0.1/35517] INFO  grpc.GrpcConfigKeys (ConfUtils.java:logGet(46)) - raft.grpc.admin.port = 0 (custom)
2023-05-04 20:13:51,607 [Listener at 127.0.0.1/35517] INFO  grpc.GrpcConfigKeys (ConfUtils.java:logFallback(53)) - raft.grpc.client.host = null (fallback to raft.grpc.server.host)
2023-05-04 20:13:51,607 [Listener at 127.0.0.1/35517] INFO  grpc.GrpcConfigKeys (ConfUtils.java:logGet(46)) - raft.grpc.client.port = 0 (custom)
2023-05-04 20:13:51,607 [Listener at 127.0.0.1/35517] INFO  grpc.GrpcConfigKeys (ConfUtils.java:logGet(46)) - raft.grpc.server.host = null (default)
2023-05-04 20:13:51,607 [Listener at 127.0.0.1/35517] INFO  grpc.GrpcConfigKeys (ConfUtils.java:logGet(46)) - raft.grpc.server.port = 0 (default)
2023-05-04 20:13:51,607 [Listener at 127.0.0.1/35517] INFO  server.GrpcService (ConfUtils.java:logGet(46)) - raft.grpc.message.size.max = 32MB (=33554432) (custom)
2023-05-04 20:13:51,608 [Listener at 127.0.0.1/35517] INFO  server.RaftServerConfigKeys (ConfUtils.java:logGet(46)) - raft.server.log.appender.buffer.byte-limit = 33554432 (custom)
2023-05-04 20:13:51,609 [Listener at 127.0.0.1/35517] INFO  server.GrpcService (ConfUtils.java:logGet(46)) - raft.grpc.flow.control.window = 5MB (=5242880) (custom)
2023-05-04 20:13:51,609 [Listener at 127.0.0.1/35517] INFO  server.RaftServerConfigKeys (ConfUtils.java:logGet(46)) - raft.server.rpc.request.timeout = 60s (custom)
2023-05-04 20:13:51,609 [Listener at 127.0.0.1/35517] INFO  grpc.GrpcConfigKeys (ConfUtils.java:logGet(46)) - raft.grpc.server.heartbeat.channel = true (default)
2023-05-04 20:13:51,609 [Listener at 127.0.0.1/35517] INFO  grpc.GrpcConfigKeys (ConfUtils.java:logGet(46)) - raft.grpc.server.async.request.thread.pool.cached = true (default)
2023-05-04 20:13:51,610 [Listener at 127.0.0.1/35517] INFO  grpc.GrpcConfigKeys (ConfUtils.java:logGet(46)) - raft.grpc.server.async.request.thread.pool.size = 32 (default)
2023-05-04 20:13:51,611 [Listener at 127.0.0.1/35517] INFO  impl.DataStreamServerImpl (ConfUtils.java:logGet(46)) - raft.datastream.type = NETTY (custom)
2023-05-04 20:13:51,612 [Listener at 127.0.0.1/35517] INFO  server.RaftServerConfigKeys (ConfUtils.java:logGet(46)) - raft.server.data-stream.async.request.thread.pool.cached = false (default)
2023-05-04 20:13:51,612 [Listener at 127.0.0.1/35517] INFO  server.RaftServerConfigKeys (ConfUtils.java:logGet(46)) - raft.server.data-stream.async.request.thread.pool.size = 20 (custom)
2023-05-04 20:13:51,612 [Listener at 127.0.0.1/35517] INFO  server.RaftServerConfigKeys (ConfUtils.java:logGet(46)) - raft.server.data-stream.async.write.thread.pool.size = 16 (default)
2023-05-04 20:13:51,612 [Listener at 127.0.0.1/35517] INFO  server.RaftServerConfigKeys (ConfUtils.java:logGet(46)) - raft.server.data-stream.client.pool.size = 10 (default)
2023-05-04 20:13:51,613 [Listener at 127.0.0.1/35517] INFO  netty.NettyConfigKeys$DataStream (ConfUtils.java:logGet(46)) - raft.netty.dataStream.server.use-epoll = false (default)
2023-05-04 20:13:51,613 [Listener at 127.0.0.1/35517] INFO  netty.NettyConfigKeys$DataStream (ConfUtils.java:logGet(46)) - raft.netty.dataStream.server.boss-group.size = 0 (default)
2023-05-04 20:13:51,614 [Listener at 127.0.0.1/35517] INFO  netty.NettyConfigKeys$DataStream (ConfUtils.java:logGet(46)) - raft.netty.dataStream.server.worker-group.size = 0 (default)
2023-05-04 20:13:51,614 [Listener at 127.0.0.1/35517] INFO  netty.NettyConfigKeys$DataStream (ConfUtils.java:logGet(46)) - raft.netty.dataStream.server.tls.conf = null (default)
2023-05-04 20:13:51,614 [Listener at 127.0.0.1/35517] INFO  netty.NettyConfigKeys$DataStream (ConfUtils.java:logGet(46)) - raft.netty.dataStream.host = null (default)
2023-05-04 20:13:51,614 [Listener at 127.0.0.1/35517] INFO  netty.NettyConfigKeys$DataStream (ConfUtils.java:logGet(46)) - raft.netty.dataStream.port = 0 (default)
2023-05-04 20:13:51,615 [Listener at 127.0.0.1/35517] INFO  server.RaftServerConfigKeys (ConfUtils.java:logGet(46)) - raft.server.threadpool.proxy.cached = true (default)
2023-05-04 20:13:51,615 [Listener at 127.0.0.1/35517] INFO  server.RaftServerConfigKeys (ConfUtils.java:logGet(46)) - raft.server.threadpool.proxy.size = 0 (default)
2023-05-04 20:13:51,615 [Listener at 127.0.0.1/35517] INFO  server.RaftServerConfigKeys (ConfUtils.java:logGet(46)) - raft.server.rpc.slowness.timeout = 300s (custom)
2023-05-04 20:13:51,615 [Listener at 127.0.0.1/35517] INFO  server.RaftServerConfigKeys (ConfUtils.java:logGet(46)) - raft.server.leaderelection.leader.step-down.wait-time = 10s (default)
2023-05-04 20:13:51,616 [Listener at 127.0.0.1/35517] INFO  server.RaftServerConfigKeys (ConfUtils.java:logGet(46)) - raft.server.storage.dir = [/home/runner/work/ozone/ozone/hadoop-ozone/integration-test/target/test-dir/MiniOzoneClusterImpl-3ff5bc89-9620-4d46-84f6-68e3c2a3a822/datanode-2/data/ratis] (custom)
2023-05-04 20:13:51,621 [b0971eea-134b-46df-abd0-1018d0776f3a-NettyServerStreamRpc-bossGroup--thread1] INFO  logging.LoggingHandler (AbstractInternalLogger.java:log(148)) - [id: 0xecd874cb] REGISTERED
2023-05-04 20:13:51,621 [b0971eea-134b-46df-abd0-1018d0776f3a-NettyServerStreamRpc-bossGroup--thread1] INFO  logging.LoggingHandler (AbstractInternalLogger.java:log(148)) - [id: 0xecd874cb] BIND: 0.0.0.0/0.0.0.0:0
2023-05-04 20:13:51,621 [b0971eea-134b-46df-abd0-1018d0776f3a-NettyServerStreamRpc-bossGroup--thread1] INFO  logging.LoggingHandler (AbstractInternalLogger.java:log(148)) - [id: 0xecd874cb, L:/0:0:0:0:0:0:0:0:37217] ACTIVE
2023-05-04 20:13:51,623 [Listener at 127.0.0.1/35517] INFO  server.XceiverServerGrpc (XceiverServerGrpc.java:<init>(132)) - GrpcServer channel type EpollServerSocketChannel
2023-05-04 20:13:51,628 [Listener at 127.0.0.1/35517] INFO  replication.ReplicationSupervisor (ReplicationSupervisor.java:nodeStateUpdated(290)) - Node state updated to IN_SERVICE, scaling executor pool size to 10
2023-05-04 20:13:51,631 [Listener at 127.0.0.1/35517] INFO  http.BaseHttpServer (BaseHttpServer.java:newHttpServer2BuilderForOzone(224)) - Starting Web-server for hddsDatanode at: http://0.0.0.0:0
2023-05-04 20:13:51,632 [Listener at 127.0.0.1/35517] INFO  http.BaseHttpServer (BaseHttpServer.java:<init>(111)) - Hadoop Security Enabled: false Ozone Security Enabled: false Ozone HTTP Security Enabled: false 
2023-05-04 20:13:51,633 [Listener at 127.0.0.1/35517] WARN  server.AuthenticationFilter (AuthenticationFilter.java:constructSecretProvider(240)) - Unable to initialize FileSignerSecretProvider, falling back to use random secrets. Reason: Could not read signature secret file: /home/runner/hadoop-http-auth-signature-secret
2023-05-04 20:13:51,634 [Listener at 127.0.0.1/35517] INFO  http.HttpRequestLog (HttpRequestLog.java:getRequestLog(86)) - Http request log for http.requests.hddsDatanode is not defined
2023-05-04 20:13:51,635 [Listener at 127.0.0.1/35517] INFO  http.HttpServer2 (HttpServer2.java:addGlobalFilter(1031)) - Added global filter 'safety' (class=org.apache.hadoop.hdds.server.http.HttpServer2$QuotingInputFilter)
2023-05-04 20:13:51,636 [Listener at 127.0.0.1/35517] INFO  http.HttpServer2 (HttpServer2.java:addFilter(1007)) - Added filter static_user_filter (class=org.apache.hadoop.http.lib.StaticUserWebFilter$StaticUserFilter) to context hddsDatanode
2023-05-04 20:13:51,637 [Listener at 127.0.0.1/35517] INFO  http.HttpServer2 (HttpServer2.java:addFilter(1015)) - Added filter static_user_filter (class=org.apache.hadoop.http.lib.StaticUserWebFilter$StaticUserFilter) to context static
2023-05-04 20:13:51,637 [Listener at 127.0.0.1/35517] INFO  http.HttpServer2 (HttpServer2.java:addFilter(1015)) - Added filter static_user_filter (class=org.apache.hadoop.http.lib.StaticUserWebFilter$StaticUserFilter) to context logs
2023-05-04 20:13:51,638 [Listener at 127.0.0.1/35517] INFO  http.BaseHttpServer (BaseHttpServer.java:<init>(190)) - HTTP server of hddsDatanode uses base directory /home/runner/work/ozone/ozone/hadoop-ozone/integration-test/target/test-dir/MiniOzoneClusterImpl-3ff5bc89-9620-4d46-84f6-68e3c2a3a822/datanode-2/meta/webserver
2023-05-04 20:13:51,638 [Listener at 127.0.0.1/35517] INFO  http.HttpServer2 (HttpServer2.java:bindListener(1250)) - Jetty bound to port 36659
2023-05-04 20:13:51,638 [Listener at 127.0.0.1/35517] INFO  server.Server (Server.java:doStart(375)) - jetty-9.4.51.v20230217; built: 2023-02-17T08:19:37.309Z; git: b45c405e4544384de066f814ed42ae3dceacdd49; jvm 1.8.0_362-b09
2023-05-04 20:13:51,642 [Listener at 127.0.0.1/35517] INFO  server.session (DefaultSessionIdManager.java:doStart(334)) - DefaultSessionIdManager workerName=node0
2023-05-04 20:13:51,642 [Listener at 127.0.0.1/35517] INFO  server.session (DefaultSessionIdManager.java:doStart(339)) - No SessionScavenger set, using defaults
2023-05-04 20:13:51,642 [Listener at 127.0.0.1/35517] INFO  server.session (HouseKeeper.java:startScavenging(132)) - node0 Scavenging every 660000ms
2023-05-04 20:13:51,643 [Listener at 127.0.0.1/35517] INFO  handler.ContextHandler (ContextHandler.java:doStart(921)) - Started o.e.j.s.ServletContextHandler@3ca35bd{logs,/logs,file:///home/runner/work/ozone/ozone/hadoop-ozone/integration-test/target/log,AVAILABLE}
2023-05-04 20:13:51,644 [Listener at 127.0.0.1/35517] INFO  handler.ContextHandler (ContextHandler.java:doStart(921)) - Started o.e.j.s.ServletContextHandler@39292d0d{static,/static,jar:file:/home/runner/.m2/repository/org/apache/ozone/hdds-container-service/1.4.0-SNAPSHOT/hdds-container-service-1.4.0-SNAPSHOT.jar!/webapps/static,AVAILABLE}
2023-05-04 20:13:51,860 [Listener at 127.0.0.1/35517] INFO  handler.ContextHandler (ContextHandler.java:doStart(921)) - Started o.e.j.w.WebAppContext@6783409c{hddsDatanode,/,file:///home/runner/work/ozone/ozone/hadoop-ozone/integration-test/target/test-dir/MiniOzoneClusterImpl-3ff5bc89-9620-4d46-84f6-68e3c2a3a822/datanode-2/meta/webserver/jetty-0_0_0_0-36659-hdds-container-service-1_4_0-SNAPSHOT_jar-_-any-5741041600366071603/webapp/,AVAILABLE}{jar:file:/home/runner/.m2/repository/org/apache/ozone/hdds-container-service/1.4.0-SNAPSHOT/hdds-container-service-1.4.0-SNAPSHOT.jar!/webapps/hddsDatanode}
2023-05-04 20:13:51,861 [Listener at 127.0.0.1/35517] INFO  server.AbstractConnector (AbstractConnector.java:doStart(333)) - Started ServerConnector@4777d135{HTTP/1.1, (http/1.1)}{0.0.0.0:36659}
2023-05-04 20:13:51,862 [Listener at 127.0.0.1/35517] INFO  server.Server (Server.java:doStart(415)) - Started @9665ms
2023-05-04 20:13:51,862 [Listener at 127.0.0.1/35517] WARN  impl.MetricsSystemImpl (MetricsSystemImpl.java:register(279)) - Sink prometheus already exists!
2023-05-04 20:13:51,862 [Listener at 127.0.0.1/35517] INFO  http.BaseHttpServer (BaseHttpServer.java:updateConnectorAddress(344)) - HTTP server of hddsDatanode listening at http://0.0.0.0:36659
2023-05-04 20:13:51,865 [Datanode State Machine Daemon Thread] INFO  statemachine.DatanodeStateMachine (DatanodeStateMachine.java:lambda$startDaemon$0(524)) - Ozone container server started.
2023-05-04 20:13:51,868 [Listener at 127.0.0.1/35517] WARN  impl.MetricRegistriesImpl (MetricRegistriesImpl.java:addReporterRegistration(111)) - New reporters are added after registries were created. Some metrics will be missing from the reporter. Please add reporter before adding any new registry.
2023-05-04 20:13:51,872 [org.apache.hadoop.util.JvmPauseMonitor$Monitor@4eaf7451] INFO  util.JvmPauseMonitor (JvmPauseMonitor.java:run(188)) - Starting JVM pause monitor
2023-05-04 20:13:51,872 [Listener at 127.0.0.1/35517] WARN  impl.MetricRegistriesImpl (MetricRegistriesImpl.java:addReporterRegistration(111)) - New reporters are added after registries were created. Some metrics will be missing from the reporter. Please add reporter before adding any new registry.
2023-05-04 20:13:51,873 [Listener at 127.0.0.1/35517] INFO  impl.MetricsSystemImpl (MetricsSystemImpl.java:init(158)) - HddsDatanode metrics system started (again)
2023-05-04 20:13:51,875 [Datanode State Machine Task Thread - 0] INFO  datanode.InitDatanodeState (InitDatanodeState.java:persistContainerDatanodeDetails(138)) - DatanodeDetails is persisted to /home/runner/work/ozone/ozone/hadoop-ozone/integration-test/target/test-dir/MiniOzoneClusterImpl-3ff5bc89-9620-4d46-84f6-68e3c2a3a822/datanode-2/meta/datanode.id
2023-05-04 20:13:51,888 [Listener at 127.0.0.1/35517] INFO  ozone.HddsDatanodeService (HddsDatanodeService.java:start(252)) - HddsDatanodeService host:fv-az804-457.cvtsq3ctpw5ehehiek0yp1ke0c.cx.internal.cloudapp.net ip:10.1.0.20
2023-05-04 20:13:51,910 [Listener at 127.0.0.1/35517] INFO  upgrade.AbstractLayoutVersionManager (AbstractLayoutVersionManager.java:init(83)) - Initializing Layout version manager with metadata layout = WEBUI_PORTS_IN_DATANODEDETAILS (version = 6), software layout = WEBUI_PORTS_IN_DATANODEDETAILS (version = 6)
2023-05-04 20:13:51,962 [Listener at 127.0.0.1/35517] INFO  reflections.Reflections (Reflections.java:scan(232)) - Reflections took 50 ms to scan 7 urls, producing 156 keys and 369 values 
2023-05-04 20:13:51,967 [Listener at 127.0.0.1/35517] INFO  statemachine.DatanodeStateMachine (DatanodeStateMachine.java:getEndPointTaskThreadPoolSize(267)) - Datanode State Machine Task Thread Pool size 2
2023-05-04 20:13:51,971 [Listener at 127.0.0.1/35517] INFO  volume.HddsVolume (HddsVolume.java:<init>(130)) - Creating HddsVolume: /home/runner/work/ozone/ozone/hadoop-ozone/integration-test/target/test-dir/MiniOzoneClusterImpl-3ff5bc89-9620-4d46-84f6-68e3c2a3a822/datanode-3/data-0/containers/hdds of storage type : DISK capacity : 9223372036854775807
2023-05-04 20:13:51,972 [Listener at 127.0.0.1/35517] INFO  volume.MutableVolumeSet (MutableVolumeSet.java:initializeVolumeSet(175)) - Added Volume : /home/runner/work/ozone/ozone/hadoop-ozone/integration-test/target/test-dir/MiniOzoneClusterImpl-3ff5bc89-9620-4d46-84f6-68e3c2a3a822/datanode-3/data-0/containers/hdds to VolumeSet
2023-05-04 20:13:51,972 [Listener at 127.0.0.1/35517] INFO  volume.ThrottledAsyncChecker (ThrottledAsyncChecker.java:schedule(141)) - Scheduling a check for /home/runner/work/ozone/ozone/hadoop-ozone/integration-test/target/test-dir/MiniOzoneClusterImpl-3ff5bc89-9620-4d46-84f6-68e3c2a3a822/datanode-3/data-0/containers/hdds
2023-05-04 20:13:51,978 [Listener at 127.0.0.1/35517] INFO  volume.StorageVolumeChecker (StorageVolumeChecker.java:checkAllVolumes(202)) - Scheduled health check for volume /home/runner/work/ozone/ozone/hadoop-ozone/integration-test/target/test-dir/MiniOzoneClusterImpl-3ff5bc89-9620-4d46-84f6-68e3c2a3a822/datanode-3/data-0/containers/hdds
2023-05-04 20:13:51,991 [Listener at 127.0.0.1/35517] INFO  volume.MutableVolumeSet (MutableVolumeSet.java:initializeVolumeSet(175)) - Added Volume : /home/runner/work/ozone/ozone/hadoop-ozone/integration-test/target/test-dir/MiniOzoneClusterImpl-3ff5bc89-9620-4d46-84f6-68e3c2a3a822/datanode-3/data/ratis to VolumeSet
2023-05-04 20:13:51,992 [Listener at 127.0.0.1/35517] INFO  volume.ThrottledAsyncChecker (ThrottledAsyncChecker.java:schedule(141)) - Scheduling a check for /home/runner/work/ozone/ozone/hadoop-ozone/integration-test/target/test-dir/MiniOzoneClusterImpl-3ff5bc89-9620-4d46-84f6-68e3c2a3a822/datanode-3/data/ratis
2023-05-04 20:13:51,992 [Listener at 127.0.0.1/35517] INFO  volume.StorageVolumeChecker (StorageVolumeChecker.java:checkAllVolumes(202)) - Scheduled health check for volume /home/runner/work/ozone/ozone/hadoop-ozone/integration-test/target/test-dir/MiniOzoneClusterImpl-3ff5bc89-9620-4d46-84f6-68e3c2a3a822/datanode-3/data/ratis
2023-05-04 20:13:52,006 [Thread-183] INFO  ozoneimpl.ContainerReader (ContainerReader.java:readVolume(175)) - Finish verifying containers on volume /home/runner/work/ozone/ozone/hadoop-ozone/integration-test/target/test-dir/MiniOzoneClusterImpl-3ff5bc89-9620-4d46-84f6-68e3c2a3a822/datanode-3/data-0/containers/hdds
2023-05-04 20:13:52,006 [Listener at 127.0.0.1/35517] INFO  ozoneimpl.OzoneContainer (OzoneContainer.java:buildContainerSet(303)) - Build ContainerSet costs 0s
2023-05-04 20:13:52,010 [Listener at 127.0.0.1/35517] INFO  server.RaftServer (ConfUtils.java:logGet(46)) - raft.rpc.type = GRPC (default)
2023-05-04 20:13:52,013 [Listener at 127.0.0.1/35517] INFO  grpc.GrpcConfigKeys (ConfUtils.java:logFallback(53)) - raft.grpc.admin.host = null (fallback to raft.grpc.server.host)
2023-05-04 20:13:52,013 [Listener at 127.0.0.1/35517] INFO  grpc.GrpcConfigKeys (ConfUtils.java:logGet(46)) - raft.grpc.admin.port = 0 (custom)
2023-05-04 20:13:52,013 [Listener at 127.0.0.1/35517] INFO  grpc.GrpcConfigKeys (ConfUtils.java:logFallback(53)) - raft.grpc.client.host = null (fallback to raft.grpc.server.host)
2023-05-04 20:13:52,013 [Listener at 127.0.0.1/35517] INFO  grpc.GrpcConfigKeys (ConfUtils.java:logGet(46)) - raft.grpc.client.port = 0 (custom)
2023-05-04 20:13:52,014 [Listener at 127.0.0.1/35517] INFO  grpc.GrpcConfigKeys (ConfUtils.java:logGet(46)) - raft.grpc.server.host = null (default)
2023-05-04 20:13:52,014 [Listener at 127.0.0.1/35517] INFO  grpc.GrpcConfigKeys (ConfUtils.java:logGet(46)) - raft.grpc.server.port = 0 (default)
2023-05-04 20:13:52,014 [Listener at 127.0.0.1/35517] INFO  server.GrpcService (ConfUtils.java:logGet(46)) - raft.grpc.message.size.max = 32MB (=33554432) (custom)
2023-05-04 20:13:52,014 [Listener at 127.0.0.1/35517] INFO  server.RaftServerConfigKeys (ConfUtils.java:logGet(46)) - raft.server.log.appender.buffer.byte-limit = 33554432 (custom)
2023-05-04 20:13:52,014 [Listener at 127.0.0.1/35517] INFO  server.GrpcService (ConfUtils.java:logGet(46)) - raft.grpc.flow.control.window = 5MB (=5242880) (custom)
2023-05-04 20:13:52,015 [Listener at 127.0.0.1/35517] INFO  server.RaftServerConfigKeys (ConfUtils.java:logGet(46)) - raft.server.rpc.request.timeout = 60s (custom)
2023-05-04 20:13:52,015 [Listener at 127.0.0.1/35517] INFO  grpc.GrpcConfigKeys (ConfUtils.java:logGet(46)) - raft.grpc.server.heartbeat.channel = true (default)
2023-05-04 20:13:52,015 [Listener at 127.0.0.1/35517] INFO  grpc.GrpcConfigKeys (ConfUtils.java:logGet(46)) - raft.grpc.server.async.request.thread.pool.cached = true (default)
2023-05-04 20:13:52,016 [Listener at 127.0.0.1/35517] INFO  grpc.GrpcConfigKeys (ConfUtils.java:logGet(46)) - raft.grpc.server.async.request.thread.pool.size = 32 (default)
2023-05-04 20:13:52,017 [Listener at 127.0.0.1/35517] INFO  impl.DataStreamServerImpl (ConfUtils.java:logGet(46)) - raft.datastream.type = NETTY (custom)
2023-05-04 20:13:52,018 [Listener at 127.0.0.1/35517] INFO  server.RaftServerConfigKeys (ConfUtils.java:logGet(46)) - raft.server.data-stream.async.request.thread.pool.cached = false (default)
2023-05-04 20:13:52,018 [Listener at 127.0.0.1/35517] INFO  server.RaftServerConfigKeys (ConfUtils.java:logGet(46)) - raft.server.data-stream.async.request.thread.pool.size = 20 (custom)
2023-05-04 20:13:52,018 [Listener at 127.0.0.1/35517] INFO  server.RaftServerConfigKeys (ConfUtils.java:logGet(46)) - raft.server.data-stream.async.write.thread.pool.size = 16 (default)
2023-05-04 20:13:52,019 [Listener at 127.0.0.1/35517] INFO  server.RaftServerConfigKeys (ConfUtils.java:logGet(46)) - raft.server.data-stream.client.pool.size = 10 (default)
2023-05-04 20:13:52,025 [Listener at 127.0.0.1/35517] INFO  netty.NettyConfigKeys$DataStream (ConfUtils.java:logGet(46)) - raft.netty.dataStream.server.use-epoll = false (default)
2023-05-04 20:13:52,025 [Listener at 127.0.0.1/35517] INFO  netty.NettyConfigKeys$DataStream (ConfUtils.java:logGet(46)) - raft.netty.dataStream.server.boss-group.size = 0 (default)
2023-05-04 20:13:52,027 [Listener at 127.0.0.1/35517] INFO  netty.NettyConfigKeys$DataStream (ConfUtils.java:logGet(46)) - raft.netty.dataStream.server.worker-group.size = 0 (default)
2023-05-04 20:13:52,027 [Listener at 127.0.0.1/35517] INFO  netty.NettyConfigKeys$DataStream (ConfUtils.java:logGet(46)) - raft.netty.dataStream.server.tls.conf = null (default)
2023-05-04 20:13:52,027 [Listener at 127.0.0.1/35517] INFO  netty.NettyConfigKeys$DataStream (ConfUtils.java:logGet(46)) - raft.netty.dataStream.host = null (default)
2023-05-04 20:13:52,027 [Listener at 127.0.0.1/35517] INFO  netty.NettyConfigKeys$DataStream (ConfUtils.java:logGet(46)) - raft.netty.dataStream.port = 0 (default)
2023-05-04 20:13:52,030 [Listener at 127.0.0.1/35517] INFO  server.RaftServerConfigKeys (ConfUtils.java:logGet(46)) - raft.server.threadpool.proxy.cached = true (default)
2023-05-04 20:13:52,030 [Listener at 127.0.0.1/35517] INFO  server.RaftServerConfigKeys (ConfUtils.java:logGet(46)) - raft.server.threadpool.proxy.size = 0 (default)
2023-05-04 20:13:52,030 [Listener at 127.0.0.1/35517] INFO  server.RaftServerConfigKeys (ConfUtils.java:logGet(46)) - raft.server.rpc.slowness.timeout = 300s (custom)
2023-05-04 20:13:52,030 [Listener at 127.0.0.1/35517] INFO  server.RaftServerConfigKeys (ConfUtils.java:logGet(46)) - raft.server.leaderelection.leader.step-down.wait-time = 10s (default)
2023-05-04 20:13:52,030 [Listener at 127.0.0.1/35517] INFO  server.RaftServerConfigKeys (ConfUtils.java:logGet(46)) - raft.server.storage.dir = [/home/runner/work/ozone/ozone/hadoop-ozone/integration-test/target/test-dir/MiniOzoneClusterImpl-3ff5bc89-9620-4d46-84f6-68e3c2a3a822/datanode-3/data/ratis] (custom)
2023-05-04 20:13:52,032 [0abf101a-d700-4355-93b1-7a942eb61d40-NettyServerStreamRpc-bossGroup--thread1] INFO  logging.LoggingHandler (AbstractInternalLogger.java:log(148)) - [id: 0x3f881903] REGISTERED
2023-05-04 20:13:52,032 [0abf101a-d700-4355-93b1-7a942eb61d40-NettyServerStreamRpc-bossGroup--thread1] INFO  logging.LoggingHandler (AbstractInternalLogger.java:log(148)) - [id: 0x3f881903] BIND: 0.0.0.0/0.0.0.0:0
2023-05-04 20:13:52,032 [0abf101a-d700-4355-93b1-7a942eb61d40-NettyServerStreamRpc-bossGroup--thread1] INFO  logging.LoggingHandler (AbstractInternalLogger.java:log(148)) - [id: 0x3f881903, L:/0:0:0:0:0:0:0:0:33171] ACTIVE
2023-05-04 20:13:52,034 [Listener at 127.0.0.1/35517] INFO  server.XceiverServerGrpc (XceiverServerGrpc.java:<init>(132)) - GrpcServer channel type EpollServerSocketChannel
2023-05-04 20:13:52,036 [Listener at 127.0.0.1/35517] INFO  replication.ReplicationSupervisor (ReplicationSupervisor.java:nodeStateUpdated(290)) - Node state updated to IN_SERVICE, scaling executor pool size to 10
2023-05-04 20:13:52,041 [Listener at 127.0.0.1/35517] INFO  http.BaseHttpServer (BaseHttpServer.java:newHttpServer2BuilderForOzone(224)) - Starting Web-server for hddsDatanode at: http://0.0.0.0:0
2023-05-04 20:13:52,041 [Listener at 127.0.0.1/35517] INFO  http.BaseHttpServer (BaseHttpServer.java:<init>(111)) - Hadoop Security Enabled: false Ozone Security Enabled: false Ozone HTTP Security Enabled: false 
2023-05-04 20:13:52,043 [Listener at 127.0.0.1/35517] WARN  server.AuthenticationFilter (AuthenticationFilter.java:constructSecretProvider(240)) - Unable to initialize FileSignerSecretProvider, falling back to use random secrets. Reason: Could not read signature secret file: /home/runner/hadoop-http-auth-signature-secret
2023-05-04 20:13:52,047 [Listener at 127.0.0.1/35517] INFO  http.HttpRequestLog (HttpRequestLog.java:getRequestLog(86)) - Http request log for http.requests.hddsDatanode is not defined
2023-05-04 20:13:52,050 [Listener at 127.0.0.1/35517] INFO  http.HttpServer2 (HttpServer2.java:addGlobalFilter(1031)) - Added global filter 'safety' (class=org.apache.hadoop.hdds.server.http.HttpServer2$QuotingInputFilter)
2023-05-04 20:13:52,051 [Listener at 127.0.0.1/35517] INFO  http.HttpServer2 (HttpServer2.java:addFilter(1007)) - Added filter static_user_filter (class=org.apache.hadoop.http.lib.StaticUserWebFilter$StaticUserFilter) to context hddsDatanode
2023-05-04 20:13:52,052 [Listener at 127.0.0.1/35517] INFO  http.HttpServer2 (HttpServer2.java:addFilter(1015)) - Added filter static_user_filter (class=org.apache.hadoop.http.lib.StaticUserWebFilter$StaticUserFilter) to context logs
2023-05-04 20:13:52,052 [Listener at 127.0.0.1/35517] INFO  http.HttpServer2 (HttpServer2.java:addFilter(1015)) - Added filter static_user_filter (class=org.apache.hadoop.http.lib.StaticUserWebFilter$StaticUserFilter) to context static
2023-05-04 20:13:52,053 [Listener at 127.0.0.1/35517] INFO  http.BaseHttpServer (BaseHttpServer.java:<init>(190)) - HTTP server of hddsDatanode uses base directory /home/runner/work/ozone/ozone/hadoop-ozone/integration-test/target/test-dir/MiniOzoneClusterImpl-3ff5bc89-9620-4d46-84f6-68e3c2a3a822/datanode-3/meta/webserver
2023-05-04 20:13:52,053 [Listener at 127.0.0.1/35517] INFO  http.HttpServer2 (HttpServer2.java:bindListener(1250)) - Jetty bound to port 46341
2023-05-04 20:13:52,053 [Listener at 127.0.0.1/35517] INFO  server.Server (Server.java:doStart(375)) - jetty-9.4.51.v20230217; built: 2023-02-17T08:19:37.309Z; git: b45c405e4544384de066f814ed42ae3dceacdd49; jvm 1.8.0_362-b09
2023-05-04 20:13:52,056 [Listener at 127.0.0.1/35517] INFO  server.session (DefaultSessionIdManager.java:doStart(334)) - DefaultSessionIdManager workerName=node0
2023-05-04 20:13:52,056 [Listener at 127.0.0.1/35517] INFO  server.session (DefaultSessionIdManager.java:doStart(339)) - No SessionScavenger set, using defaults
2023-05-04 20:13:52,056 [Listener at 127.0.0.1/35517] INFO  server.session (HouseKeeper.java:startScavenging(132)) - node0 Scavenging every 660000ms
2023-05-04 20:13:52,057 [Listener at 127.0.0.1/35517] INFO  handler.ContextHandler (ContextHandler.java:doStart(921)) - Started o.e.j.s.ServletContextHandler@2ac665a{logs,/logs,file:///home/runner/work/ozone/ozone/hadoop-ozone/integration-test/target/log,AVAILABLE}
2023-05-04 20:13:52,058 [Listener at 127.0.0.1/35517] INFO  handler.ContextHandler (ContextHandler.java:doStart(921)) - Started o.e.j.s.ServletContextHandler@7d8dfed1{static,/static,jar:file:/home/runner/.m2/repository/org/apache/ozone/hdds-container-service/1.4.0-SNAPSHOT/hdds-container-service-1.4.0-SNAPSHOT.jar!/webapps/static,AVAILABLE}
2023-05-04 20:13:52,253 [Listener at 127.0.0.1/35517] INFO  handler.ContextHandler (ContextHandler.java:doStart(921)) - Started o.e.j.w.WebAppContext@7a95ed24{hddsDatanode,/,file:///home/runner/work/ozone/ozone/hadoop-ozone/integration-test/target/test-dir/MiniOzoneClusterImpl-3ff5bc89-9620-4d46-84f6-68e3c2a3a822/datanode-3/meta/webserver/jetty-0_0_0_0-46341-hdds-container-service-1_4_0-SNAPSHOT_jar-_-any-2517528610357516533/webapp/,AVAILABLE}{jar:file:/home/runner/.m2/repository/org/apache/ozone/hdds-container-service/1.4.0-SNAPSHOT/hdds-container-service-1.4.0-SNAPSHOT.jar!/webapps/hddsDatanode}
2023-05-04 20:13:52,255 [Listener at 127.0.0.1/35517] INFO  server.AbstractConnector (AbstractConnector.java:doStart(333)) - Started ServerConnector@7b10db5e{HTTP/1.1, (http/1.1)}{0.0.0.0:46341}
2023-05-04 20:13:52,255 [Listener at 127.0.0.1/35517] INFO  server.Server (Server.java:doStart(415)) - Started @10058ms
2023-05-04 20:13:52,255 [Listener at 127.0.0.1/35517] WARN  impl.MetricsSystemImpl (MetricsSystemImpl.java:register(279)) - Sink prometheus already exists!
2023-05-04 20:13:52,256 [Listener at 127.0.0.1/35517] INFO  http.BaseHttpServer (BaseHttpServer.java:updateConnectorAddress(344)) - HTTP server of hddsDatanode listening at http://0.0.0.0:46341
2023-05-04 20:13:52,258 [Datanode State Machine Daemon Thread] INFO  statemachine.DatanodeStateMachine (DatanodeStateMachine.java:lambda$startDaemon$0(524)) - Ozone container server started.
2023-05-04 20:13:52,258 [Listener at 127.0.0.1/35517] WARN  impl.MetricRegistriesImpl (MetricRegistriesImpl.java:addReporterRegistration(111)) - New reporters are added after registries were created. Some metrics will be missing from the reporter. Please add reporter before adding any new registry.
2023-05-04 20:13:52,259 [Listener at 127.0.0.1/35517] WARN  impl.MetricRegistriesImpl (MetricRegistriesImpl.java:addReporterRegistration(111)) - New reporters are added after registries were created. Some metrics will be missing from the reporter. Please add reporter before adding any new registry.
2023-05-04 20:13:52,259 [Listener at 127.0.0.1/35517] INFO  impl.MetricsSystemImpl (MetricsSystemImpl.java:init(158)) - HddsDatanode metrics system started (again)
2023-05-04 20:13:52,270 [org.apache.hadoop.util.JvmPauseMonitor$Monitor@5f931c1] INFO  util.JvmPauseMonitor (JvmPauseMonitor.java:run(188)) - Starting JVM pause monitor
2023-05-04 20:13:52,271 [Listener at 127.0.0.1/35517] INFO  ozone.HddsDatanodeService (HddsDatanodeService.java:start(252)) - HddsDatanodeService host:fv-az804-457.cvtsq3ctpw5ehehiek0yp1ke0c.cx.internal.cloudapp.net ip:10.1.0.20
2023-05-04 20:13:52,279 [Datanode State Machine Task Thread - 0] INFO  datanode.InitDatanodeState (InitDatanodeState.java:persistContainerDatanodeDetails(138)) - DatanodeDetails is persisted to /home/runner/work/ozone/ozone/hadoop-ozone/integration-test/target/test-dir/MiniOzoneClusterImpl-3ff5bc89-9620-4d46-84f6-68e3c2a3a822/datanode-3/meta/datanode.id
2023-05-04 20:13:52,290 [Listener at 127.0.0.1/35517] INFO  upgrade.AbstractLayoutVersionManager (AbstractLayoutVersionManager.java:init(83)) - Initializing Layout version manager with metadata layout = WEBUI_PORTS_IN_DATANODEDETAILS (version = 6), software layout = WEBUI_PORTS_IN_DATANODEDETAILS (version = 6)
2023-05-04 20:13:52,339 [Listener at 127.0.0.1/35517] INFO  reflections.Reflections (Reflections.java:scan(232)) - Reflections took 48 ms to scan 7 urls, producing 156 keys and 369 values 
2023-05-04 20:13:52,341 [Listener at 127.0.0.1/35517] INFO  statemachine.DatanodeStateMachine (DatanodeStateMachine.java:getEndPointTaskThreadPoolSize(267)) - Datanode State Machine Task Thread Pool size 2
2023-05-04 20:13:52,347 [Listener at 127.0.0.1/35517] INFO  volume.HddsVolume (HddsVolume.java:<init>(130)) - Creating HddsVolume: /home/runner/work/ozone/ozone/hadoop-ozone/integration-test/target/test-dir/MiniOzoneClusterImpl-3ff5bc89-9620-4d46-84f6-68e3c2a3a822/datanode-4/data-0/containers/hdds of storage type : DISK capacity : 9223372036854775807
2023-05-04 20:13:52,348 [Listener at 127.0.0.1/35517] INFO  volume.MutableVolumeSet (MutableVolumeSet.java:initializeVolumeSet(175)) - Added Volume : /home/runner/work/ozone/ozone/hadoop-ozone/integration-test/target/test-dir/MiniOzoneClusterImpl-3ff5bc89-9620-4d46-84f6-68e3c2a3a822/datanode-4/data-0/containers/hdds to VolumeSet
2023-05-04 20:13:52,348 [Listener at 127.0.0.1/35517] INFO  volume.ThrottledAsyncChecker (ThrottledAsyncChecker.java:schedule(141)) - Scheduling a check for /home/runner/work/ozone/ozone/hadoop-ozone/integration-test/target/test-dir/MiniOzoneClusterImpl-3ff5bc89-9620-4d46-84f6-68e3c2a3a822/datanode-4/data-0/containers/hdds
2023-05-04 20:13:52,349 [Listener at 127.0.0.1/35517] INFO  volume.StorageVolumeChecker (StorageVolumeChecker.java:checkAllVolumes(202)) - Scheduled health check for volume /home/runner/work/ozone/ozone/hadoop-ozone/integration-test/target/test-dir/MiniOzoneClusterImpl-3ff5bc89-9620-4d46-84f6-68e3c2a3a822/datanode-4/data-0/containers/hdds
2023-05-04 20:13:52,360 [Listener at 127.0.0.1/35517] INFO  volume.MutableVolumeSet (MutableVolumeSet.java:initializeVolumeSet(175)) - Added Volume : /home/runner/work/ozone/ozone/hadoop-ozone/integration-test/target/test-dir/MiniOzoneClusterImpl-3ff5bc89-9620-4d46-84f6-68e3c2a3a822/datanode-4/data/ratis to VolumeSet
2023-05-04 20:13:52,360 [Listener at 127.0.0.1/35517] INFO  volume.ThrottledAsyncChecker (ThrottledAsyncChecker.java:schedule(141)) - Scheduling a check for /home/runner/work/ozone/ozone/hadoop-ozone/integration-test/target/test-dir/MiniOzoneClusterImpl-3ff5bc89-9620-4d46-84f6-68e3c2a3a822/datanode-4/data/ratis
2023-05-04 20:13:52,360 [Listener at 127.0.0.1/35517] INFO  volume.StorageVolumeChecker (StorageVolumeChecker.java:checkAllVolumes(202)) - Scheduled health check for volume /home/runner/work/ozone/ozone/hadoop-ozone/integration-test/target/test-dir/MiniOzoneClusterImpl-3ff5bc89-9620-4d46-84f6-68e3c2a3a822/datanode-4/data/ratis
2023-05-04 20:13:52,371 [Thread-197] INFO  ozoneimpl.ContainerReader (ContainerReader.java:readVolume(175)) - Finish verifying containers on volume /home/runner/work/ozone/ozone/hadoop-ozone/integration-test/target/test-dir/MiniOzoneClusterImpl-3ff5bc89-9620-4d46-84f6-68e3c2a3a822/datanode-4/data-0/containers/hdds
2023-05-04 20:13:52,371 [Listener at 127.0.0.1/35517] INFO  ozoneimpl.OzoneContainer (OzoneContainer.java:buildContainerSet(303)) - Build ContainerSet costs 0s
2023-05-04 20:13:52,374 [Listener at 127.0.0.1/35517] INFO  server.RaftServer (ConfUtils.java:logGet(46)) - raft.rpc.type = GRPC (default)
2023-05-04 20:13:52,375 [Listener at 127.0.0.1/35517] INFO  grpc.GrpcConfigKeys (ConfUtils.java:logFallback(53)) - raft.grpc.admin.host = null (fallback to raft.grpc.server.host)
2023-05-04 20:13:52,375 [Listener at 127.0.0.1/35517] INFO  grpc.GrpcConfigKeys (ConfUtils.java:logGet(46)) - raft.grpc.admin.port = 0 (custom)
2023-05-04 20:13:52,375 [Listener at 127.0.0.1/35517] INFO  grpc.GrpcConfigKeys (ConfUtils.java:logFallback(53)) - raft.grpc.client.host = null (fallback to raft.grpc.server.host)
2023-05-04 20:13:52,375 [Listener at 127.0.0.1/35517] INFO  grpc.GrpcConfigKeys (ConfUtils.java:logGet(46)) - raft.grpc.client.port = 0 (custom)
2023-05-04 20:13:52,375 [Listener at 127.0.0.1/35517] INFO  grpc.GrpcConfigKeys (ConfUtils.java:logGet(46)) - raft.grpc.server.host = null (default)
2023-05-04 20:13:52,375 [Listener at 127.0.0.1/35517] INFO  grpc.GrpcConfigKeys (ConfUtils.java:logGet(46)) - raft.grpc.server.port = 0 (default)
2023-05-04 20:13:52,375 [Listener at 127.0.0.1/35517] INFO  server.GrpcService (ConfUtils.java:logGet(46)) - raft.grpc.message.size.max = 32MB (=33554432) (custom)
2023-05-04 20:13:52,375 [Listener at 127.0.0.1/35517] INFO  server.RaftServerConfigKeys (ConfUtils.java:logGet(46)) - raft.server.log.appender.buffer.byte-limit = 33554432 (custom)
2023-05-04 20:13:52,376 [Listener at 127.0.0.1/35517] INFO  server.GrpcService (ConfUtils.java:logGet(46)) - raft.grpc.flow.control.window = 5MB (=5242880) (custom)
2023-05-04 20:13:52,376 [Listener at 127.0.0.1/35517] INFO  server.RaftServerConfigKeys (ConfUtils.java:logGet(46)) - raft.server.rpc.request.timeout = 60s (custom)
2023-05-04 20:13:52,376 [Listener at 127.0.0.1/35517] INFO  grpc.GrpcConfigKeys (ConfUtils.java:logGet(46)) - raft.grpc.server.heartbeat.channel = true (default)
2023-05-04 20:13:52,376 [Listener at 127.0.0.1/35517] INFO  grpc.GrpcConfigKeys (ConfUtils.java:logGet(46)) - raft.grpc.server.async.request.thread.pool.cached = true (default)
2023-05-04 20:13:52,376 [Listener at 127.0.0.1/35517] INFO  grpc.GrpcConfigKeys (ConfUtils.java:logGet(46)) - raft.grpc.server.async.request.thread.pool.size = 32 (default)
2023-05-04 20:13:52,377 [Listener at 127.0.0.1/35517] INFO  impl.DataStreamServerImpl (ConfUtils.java:logGet(46)) - raft.datastream.type = NETTY (custom)
2023-05-04 20:13:52,378 [Listener at 127.0.0.1/35517] INFO  server.RaftServerConfigKeys (ConfUtils.java:logGet(46)) - raft.server.data-stream.async.request.thread.pool.cached = false (default)
2023-05-04 20:13:52,378 [Listener at 127.0.0.1/35517] INFO  server.RaftServerConfigKeys (ConfUtils.java:logGet(46)) - raft.server.data-stream.async.request.thread.pool.size = 20 (custom)
2023-05-04 20:13:52,378 [Listener at 127.0.0.1/35517] INFO  server.RaftServerConfigKeys (ConfUtils.java:logGet(46)) - raft.server.data-stream.async.write.thread.pool.size = 16 (default)
2023-05-04 20:13:52,378 [Listener at 127.0.0.1/35517] INFO  server.RaftServerConfigKeys (ConfUtils.java:logGet(46)) - raft.server.data-stream.client.pool.size = 10 (default)
2023-05-04 20:13:52,378 [Listener at 127.0.0.1/35517] INFO  netty.NettyConfigKeys$DataStream (ConfUtils.java:logGet(46)) - raft.netty.dataStream.server.use-epoll = false (default)
2023-05-04 20:13:52,379 [Listener at 127.0.0.1/35517] INFO  netty.NettyConfigKeys$DataStream (ConfUtils.java:logGet(46)) - raft.netty.dataStream.server.boss-group.size = 0 (default)
2023-05-04 20:13:52,379 [Listener at 127.0.0.1/35517] INFO  netty.NettyConfigKeys$DataStream (ConfUtils.java:logGet(46)) - raft.netty.dataStream.server.worker-group.size = 0 (default)
2023-05-04 20:13:52,379 [Listener at 127.0.0.1/35517] INFO  netty.NettyConfigKeys$DataStream (ConfUtils.java:logGet(46)) - raft.netty.dataStream.server.tls.conf = null (default)
2023-05-04 20:13:52,379 [Listener at 127.0.0.1/35517] INFO  netty.NettyConfigKeys$DataStream (ConfUtils.java:logGet(46)) - raft.netty.dataStream.host = null (default)
2023-05-04 20:13:52,380 [Listener at 127.0.0.1/35517] INFO  netty.NettyConfigKeys$DataStream (ConfUtils.java:logGet(46)) - raft.netty.dataStream.port = 0 (default)
2023-05-04 20:13:52,380 [Listener at 127.0.0.1/35517] INFO  server.RaftServerConfigKeys (ConfUtils.java:logGet(46)) - raft.server.threadpool.proxy.cached = true (default)
2023-05-04 20:13:52,380 [Listener at 127.0.0.1/35517] INFO  server.RaftServerConfigKeys (ConfUtils.java:logGet(46)) - raft.server.threadpool.proxy.size = 0 (default)
2023-05-04 20:13:52,380 [Listener at 127.0.0.1/35517] INFO  server.RaftServerConfigKeys (ConfUtils.java:logGet(46)) - raft.server.rpc.slowness.timeout = 300s (custom)
2023-05-04 20:13:52,380 [Listener at 127.0.0.1/35517] INFO  server.RaftServerConfigKeys (ConfUtils.java:logGet(46)) - raft.server.leaderelection.leader.step-down.wait-time = 10s (default)
2023-05-04 20:13:52,381 [Listener at 127.0.0.1/35517] INFO  server.RaftServerConfigKeys (ConfUtils.java:logGet(46)) - raft.server.storage.dir = [/home/runner/work/ozone/ozone/hadoop-ozone/integration-test/target/test-dir/MiniOzoneClusterImpl-3ff5bc89-9620-4d46-84f6-68e3c2a3a822/datanode-4/data/ratis] (custom)
2023-05-04 20:13:52,384 [Listener at 127.0.0.1/35517] INFO  server.XceiverServerGrpc (XceiverServerGrpc.java:<init>(132)) - GrpcServer channel type EpollServerSocketChannel
2023-05-04 20:13:52,386 [Listener at 127.0.0.1/35517] INFO  replication.ReplicationSupervisor (ReplicationSupervisor.java:nodeStateUpdated(290)) - Node state updated to IN_SERVICE, scaling executor pool size to 10
2023-05-04 20:13:52,387 [de61e307-c070-4843-8a71-857ff854f108-NettyServerStreamRpc-bossGroup--thread1] INFO  logging.LoggingHandler (AbstractInternalLogger.java:log(148)) - [id: 0x33552af5] REGISTERED
2023-05-04 20:13:52,387 [de61e307-c070-4843-8a71-857ff854f108-NettyServerStreamRpc-bossGroup--thread1] INFO  logging.LoggingHandler (AbstractInternalLogger.java:log(148)) - [id: 0x33552af5] BIND: 0.0.0.0/0.0.0.0:0
2023-05-04 20:13:52,387 [de61e307-c070-4843-8a71-857ff854f108-NettyServerStreamRpc-bossGroup--thread1] INFO  logging.LoggingHandler (AbstractInternalLogger.java:log(148)) - [id: 0x33552af5, L:/0:0:0:0:0:0:0:0:33083] ACTIVE
2023-05-04 20:13:52,391 [Listener at 127.0.0.1/35517] INFO  http.BaseHttpServer (BaseHttpServer.java:newHttpServer2BuilderForOzone(224)) - Starting Web-server for hddsDatanode at: http://0.0.0.0:0
2023-05-04 20:13:52,391 [Listener at 127.0.0.1/35517] INFO  http.BaseHttpServer (BaseHttpServer.java:<init>(111)) - Hadoop Security Enabled: false Ozone Security Enabled: false Ozone HTTP Security Enabled: false 
2023-05-04 20:13:52,392 [Listener at 127.0.0.1/35517] WARN  server.AuthenticationFilter (AuthenticationFilter.java:constructSecretProvider(240)) - Unable to initialize FileSignerSecretProvider, falling back to use random secrets. Reason: Could not read signature secret file: /home/runner/hadoop-http-auth-signature-secret
2023-05-04 20:13:52,393 [Listener at 127.0.0.1/35517] INFO  http.HttpRequestLog (HttpRequestLog.java:getRequestLog(86)) - Http request log for http.requests.hddsDatanode is not defined
2023-05-04 20:13:52,395 [Listener at 127.0.0.1/35517] INFO  http.HttpServer2 (HttpServer2.java:addGlobalFilter(1031)) - Added global filter 'safety' (class=org.apache.hadoop.hdds.server.http.HttpServer2$QuotingInputFilter)
2023-05-04 20:13:52,395 [Listener at 127.0.0.1/35517] INFO  http.HttpServer2 (HttpServer2.java:addFilter(1007)) - Added filter static_user_filter (class=org.apache.hadoop.http.lib.StaticUserWebFilter$StaticUserFilter) to context hddsDatanode
2023-05-04 20:13:52,396 [Listener at 127.0.0.1/35517] INFO  http.HttpServer2 (HttpServer2.java:addFilter(1015)) - Added filter static_user_filter (class=org.apache.hadoop.http.lib.StaticUserWebFilter$StaticUserFilter) to context logs
2023-05-04 20:13:52,396 [Listener at 127.0.0.1/35517] INFO  http.HttpServer2 (HttpServer2.java:addFilter(1015)) - Added filter static_user_filter (class=org.apache.hadoop.http.lib.StaticUserWebFilter$StaticUserFilter) to context static
2023-05-04 20:13:52,396 [Listener at 127.0.0.1/35517] INFO  http.BaseHttpServer (BaseHttpServer.java:<init>(190)) - HTTP server of hddsDatanode uses base directory /home/runner/work/ozone/ozone/hadoop-ozone/integration-test/target/test-dir/MiniOzoneClusterImpl-3ff5bc89-9620-4d46-84f6-68e3c2a3a822/datanode-4/meta/webserver
2023-05-04 20:13:52,396 [Listener at 127.0.0.1/35517] INFO  http.HttpServer2 (HttpServer2.java:bindListener(1250)) - Jetty bound to port 44487
2023-05-04 20:13:52,397 [Listener at 127.0.0.1/35517] INFO  server.Server (Server.java:doStart(375)) - jetty-9.4.51.v20230217; built: 2023-02-17T08:19:37.309Z; git: b45c405e4544384de066f814ed42ae3dceacdd49; jvm 1.8.0_362-b09
2023-05-04 20:13:52,400 [Listener at 127.0.0.1/35517] INFO  server.session (DefaultSessionIdManager.java:doStart(334)) - DefaultSessionIdManager workerName=node0
2023-05-04 20:13:52,400 [Listener at 127.0.0.1/35517] INFO  server.session (DefaultSessionIdManager.java:doStart(339)) - No SessionScavenger set, using defaults
2023-05-04 20:13:52,400 [Listener at 127.0.0.1/35517] INFO  server.session (HouseKeeper.java:startScavenging(132)) - node0 Scavenging every 660000ms
2023-05-04 20:13:52,401 [Listener at 127.0.0.1/35517] INFO  handler.ContextHandler (ContextHandler.java:doStart(921)) - Started o.e.j.s.ServletContextHandler@43ef0e6b{logs,/logs,file:///home/runner/work/ozone/ozone/hadoop-ozone/integration-test/target/log,AVAILABLE}
2023-05-04 20:13:52,401 [Listener at 127.0.0.1/35517] INFO  handler.ContextHandler (ContextHandler.java:doStart(921)) - Started o.e.j.s.ServletContextHandler@4c2b5ff4{static,/static,jar:file:/home/runner/.m2/repository/org/apache/ozone/hdds-container-service/1.4.0-SNAPSHOT/hdds-container-service-1.4.0-SNAPSHOT.jar!/webapps/static,AVAILABLE}
2023-05-04 20:13:52,604 [Listener at 127.0.0.1/35517] INFO  handler.ContextHandler (ContextHandler.java:doStart(921)) - Started o.e.j.w.WebAppContext@1c87b428{hddsDatanode,/,file:///home/runner/work/ozone/ozone/hadoop-ozone/integration-test/target/test-dir/MiniOzoneClusterImpl-3ff5bc89-9620-4d46-84f6-68e3c2a3a822/datanode-4/meta/webserver/jetty-0_0_0_0-44487-hdds-container-service-1_4_0-SNAPSHOT_jar-_-any-179862500177344038/webapp/,AVAILABLE}{jar:file:/home/runner/.m2/repository/org/apache/ozone/hdds-container-service/1.4.0-SNAPSHOT/hdds-container-service-1.4.0-SNAPSHOT.jar!/webapps/hddsDatanode}
2023-05-04 20:13:52,607 [Listener at 127.0.0.1/35517] INFO  server.AbstractConnector (AbstractConnector.java:doStart(333)) - Started ServerConnector@7a3c903f{HTTP/1.1, (http/1.1)}{0.0.0.0:44487}
2023-05-04 20:13:52,607 [Listener at 127.0.0.1/35517] INFO  server.Server (Server.java:doStart(415)) - Started @10410ms
2023-05-04 20:13:52,607 [Listener at 127.0.0.1/35517] WARN  impl.MetricsSystemImpl (MetricsSystemImpl.java:register(279)) - Sink prometheus already exists!
2023-05-04 20:13:52,608 [Listener at 127.0.0.1/35517] INFO  http.BaseHttpServer (BaseHttpServer.java:updateConnectorAddress(344)) - HTTP server of hddsDatanode listening at http://0.0.0.0:44487
2023-05-04 20:13:52,610 [Datanode State Machine Daemon Thread] INFO  statemachine.DatanodeStateMachine (DatanodeStateMachine.java:lambda$startDaemon$0(524)) - Ozone container server started.
2023-05-04 20:13:52,613 [Listener at 127.0.0.1/35517] WARN  impl.MetricRegistriesImpl (MetricRegistriesImpl.java:addReporterRegistration(111)) - New reporters are added after registries were created. Some metrics will be missing from the reporter. Please add reporter before adding any new registry.
2023-05-04 20:13:52,614 [Listener at 127.0.0.1/35517] WARN  impl.MetricRegistriesImpl (MetricRegistriesImpl.java:addReporterRegistration(111)) - New reporters are added after registries were created. Some metrics will be missing from the reporter. Please add reporter before adding any new registry.
2023-05-04 20:13:52,614 [Listener at 127.0.0.1/35517] INFO  impl.MetricsSystemImpl (MetricsSystemImpl.java:init(158)) - HddsDatanode metrics system started (again)
2023-05-04 20:13:52,623 [org.apache.hadoop.util.JvmPauseMonitor$Monitor@5670518b] INFO  util.JvmPauseMonitor (JvmPauseMonitor.java:run(188)) - Starting JVM pause monitor
2023-05-04 20:13:52,629 [Datanode State Machine Task Thread - 0] INFO  datanode.InitDatanodeState (InitDatanodeState.java:persistContainerDatanodeDetails(138)) - DatanodeDetails is persisted to /home/runner/work/ozone/ozone/hadoop-ozone/integration-test/target/test-dir/MiniOzoneClusterImpl-3ff5bc89-9620-4d46-84f6-68e3c2a3a822/datanode-4/meta/datanode.id
2023-05-04 20:13:52,630 [Listener at 127.0.0.1/35517] INFO  ozone.HddsDatanodeService (HddsDatanodeService.java:start(252)) - HddsDatanodeService host:fv-az804-457.cvtsq3ctpw5ehehiek0yp1ke0c.cx.internal.cloudapp.net ip:10.1.0.20
2023-05-04 20:13:52,655 [Listener at 127.0.0.1/35517] INFO  upgrade.AbstractLayoutVersionManager (AbstractLayoutVersionManager.java:init(83)) - Initializing Layout version manager with metadata layout = WEBUI_PORTS_IN_DATANODEDETAILS (version = 6), software layout = WEBUI_PORTS_IN_DATANODEDETAILS (version = 6)
2023-05-04 20:13:52,716 [Listener at 127.0.0.1/35517] INFO  reflections.Reflections (Reflections.java:scan(232)) - Reflections took 57 ms to scan 7 urls, producing 156 keys and 369 values 
2023-05-04 20:13:52,720 [Listener at 127.0.0.1/35517] INFO  statemachine.DatanodeStateMachine (DatanodeStateMachine.java:getEndPointTaskThreadPoolSize(267)) - Datanode State Machine Task Thread Pool size 2
2023-05-04 20:13:52,722 [Listener at 127.0.0.1/35517] INFO  volume.HddsVolume (HddsVolume.java:<init>(130)) - Creating HddsVolume: /home/runner/work/ozone/ozone/hadoop-ozone/integration-test/target/test-dir/MiniOzoneClusterImpl-3ff5bc89-9620-4d46-84f6-68e3c2a3a822/datanode-5/data-0/containers/hdds of storage type : DISK capacity : 9223372036854775807
2023-05-04 20:13:52,723 [Listener at 127.0.0.1/35517] INFO  volume.MutableVolumeSet (MutableVolumeSet.java:initializeVolumeSet(175)) - Added Volume : /home/runner/work/ozone/ozone/hadoop-ozone/integration-test/target/test-dir/MiniOzoneClusterImpl-3ff5bc89-9620-4d46-84f6-68e3c2a3a822/datanode-5/data-0/containers/hdds to VolumeSet
2023-05-04 20:13:52,723 [Listener at 127.0.0.1/35517] INFO  volume.ThrottledAsyncChecker (ThrottledAsyncChecker.java:schedule(141)) - Scheduling a check for /home/runner/work/ozone/ozone/hadoop-ozone/integration-test/target/test-dir/MiniOzoneClusterImpl-3ff5bc89-9620-4d46-84f6-68e3c2a3a822/datanode-5/data-0/containers/hdds
2023-05-04 20:13:52,724 [Listener at 127.0.0.1/35517] INFO  volume.StorageVolumeChecker (StorageVolumeChecker.java:checkAllVolumes(202)) - Scheduled health check for volume /home/runner/work/ozone/ozone/hadoop-ozone/integration-test/target/test-dir/MiniOzoneClusterImpl-3ff5bc89-9620-4d46-84f6-68e3c2a3a822/datanode-5/data-0/containers/hdds
2023-05-04 20:13:52,735 [Listener at 127.0.0.1/35517] INFO  volume.MutableVolumeSet (MutableVolumeSet.java:initializeVolumeSet(175)) - Added Volume : /home/runner/work/ozone/ozone/hadoop-ozone/integration-test/target/test-dir/MiniOzoneClusterImpl-3ff5bc89-9620-4d46-84f6-68e3c2a3a822/datanode-5/data/ratis to VolumeSet
2023-05-04 20:13:52,735 [Listener at 127.0.0.1/35517] INFO  volume.ThrottledAsyncChecker (ThrottledAsyncChecker.java:schedule(141)) - Scheduling a check for /home/runner/work/ozone/ozone/hadoop-ozone/integration-test/target/test-dir/MiniOzoneClusterImpl-3ff5bc89-9620-4d46-84f6-68e3c2a3a822/datanode-5/data/ratis
2023-05-04 20:13:52,736 [Listener at 127.0.0.1/35517] INFO  volume.StorageVolumeChecker (StorageVolumeChecker.java:checkAllVolumes(202)) - Scheduled health check for volume /home/runner/work/ozone/ozone/hadoop-ozone/integration-test/target/test-dir/MiniOzoneClusterImpl-3ff5bc89-9620-4d46-84f6-68e3c2a3a822/datanode-5/data/ratis
2023-05-04 20:13:52,748 [Thread-211] INFO  ozoneimpl.ContainerReader (ContainerReader.java:readVolume(175)) - Finish verifying containers on volume /home/runner/work/ozone/ozone/hadoop-ozone/integration-test/target/test-dir/MiniOzoneClusterImpl-3ff5bc89-9620-4d46-84f6-68e3c2a3a822/datanode-5/data-0/containers/hdds
2023-05-04 20:13:52,748 [Listener at 127.0.0.1/35517] INFO  ozoneimpl.OzoneContainer (OzoneContainer.java:buildContainerSet(303)) - Build ContainerSet costs 0s
2023-05-04 20:13:52,752 [Listener at 127.0.0.1/35517] INFO  server.RaftServer (ConfUtils.java:logGet(46)) - raft.rpc.type = GRPC (default)
2023-05-04 20:13:52,752 [Listener at 127.0.0.1/35517] INFO  grpc.GrpcConfigKeys (ConfUtils.java:logFallback(53)) - raft.grpc.admin.host = null (fallback to raft.grpc.server.host)
2023-05-04 20:13:52,752 [Listener at 127.0.0.1/35517] INFO  grpc.GrpcConfigKeys (ConfUtils.java:logGet(46)) - raft.grpc.admin.port = 0 (custom)
2023-05-04 20:13:52,752 [Listener at 127.0.0.1/35517] INFO  grpc.GrpcConfigKeys (ConfUtils.java:logFallback(53)) - raft.grpc.client.host = null (fallback to raft.grpc.server.host)
2023-05-04 20:13:52,752 [Listener at 127.0.0.1/35517] INFO  grpc.GrpcConfigKeys (ConfUtils.java:logGet(46)) - raft.grpc.client.port = 0 (custom)
2023-05-04 20:13:52,752 [Listener at 127.0.0.1/35517] INFO  grpc.GrpcConfigKeys (ConfUtils.java:logGet(46)) - raft.grpc.server.host = null (default)
2023-05-04 20:13:52,752 [Listener at 127.0.0.1/35517] INFO  grpc.GrpcConfigKeys (ConfUtils.java:logGet(46)) - raft.grpc.server.port = 0 (default)
2023-05-04 20:13:52,753 [Listener at 127.0.0.1/35517] INFO  server.GrpcService (ConfUtils.java:logGet(46)) - raft.grpc.message.size.max = 32MB (=33554432) (custom)
2023-05-04 20:13:52,753 [Listener at 127.0.0.1/35517] INFO  server.RaftServerConfigKeys (ConfUtils.java:logGet(46)) - raft.server.log.appender.buffer.byte-limit = 33554432 (custom)
2023-05-04 20:13:52,753 [Listener at 127.0.0.1/35517] INFO  server.GrpcService (ConfUtils.java:logGet(46)) - raft.grpc.flow.control.window = 5MB (=5242880) (custom)
2023-05-04 20:13:52,753 [Listener at 127.0.0.1/35517] INFO  server.RaftServerConfigKeys (ConfUtils.java:logGet(46)) - raft.server.rpc.request.timeout = 60s (custom)
2023-05-04 20:13:52,753 [Listener at 127.0.0.1/35517] INFO  grpc.GrpcConfigKeys (ConfUtils.java:logGet(46)) - raft.grpc.server.heartbeat.channel = true (default)
2023-05-04 20:13:52,753 [Listener at 127.0.0.1/35517] INFO  grpc.GrpcConfigKeys (ConfUtils.java:logGet(46)) - raft.grpc.server.async.request.thread.pool.cached = true (default)
2023-05-04 20:13:52,753 [Listener at 127.0.0.1/35517] INFO  grpc.GrpcConfigKeys (ConfUtils.java:logGet(46)) - raft.grpc.server.async.request.thread.pool.size = 32 (default)
2023-05-04 20:13:52,754 [Listener at 127.0.0.1/35517] INFO  impl.DataStreamServerImpl (ConfUtils.java:logGet(46)) - raft.datastream.type = NETTY (custom)
2023-05-04 20:13:52,755 [Listener at 127.0.0.1/35517] INFO  server.RaftServerConfigKeys (ConfUtils.java:logGet(46)) - raft.server.data-stream.async.request.thread.pool.cached = false (default)
2023-05-04 20:13:52,755 [Listener at 127.0.0.1/35517] INFO  server.RaftServerConfigKeys (ConfUtils.java:logGet(46)) - raft.server.data-stream.async.request.thread.pool.size = 20 (custom)
2023-05-04 20:13:52,755 [Listener at 127.0.0.1/35517] INFO  server.RaftServerConfigKeys (ConfUtils.java:logGet(46)) - raft.server.data-stream.async.write.thread.pool.size = 16 (default)
2023-05-04 20:13:52,755 [Listener at 127.0.0.1/35517] INFO  server.RaftServerConfigKeys (ConfUtils.java:logGet(46)) - raft.server.data-stream.client.pool.size = 10 (default)
2023-05-04 20:13:52,755 [Listener at 127.0.0.1/35517] INFO  netty.NettyConfigKeys$DataStream (ConfUtils.java:logGet(46)) - raft.netty.dataStream.server.use-epoll = false (default)
2023-05-04 20:13:52,755 [Listener at 127.0.0.1/35517] INFO  netty.NettyConfigKeys$DataStream (ConfUtils.java:logGet(46)) - raft.netty.dataStream.server.boss-group.size = 0 (default)
2023-05-04 20:13:52,756 [Listener at 127.0.0.1/35517] INFO  netty.NettyConfigKeys$DataStream (ConfUtils.java:logGet(46)) - raft.netty.dataStream.server.worker-group.size = 0 (default)
2023-05-04 20:13:52,756 [Listener at 127.0.0.1/35517] INFO  netty.NettyConfigKeys$DataStream (ConfUtils.java:logGet(46)) - raft.netty.dataStream.server.tls.conf = null (default)
2023-05-04 20:13:52,756 [Listener at 127.0.0.1/35517] INFO  netty.NettyConfigKeys$DataStream (ConfUtils.java:logGet(46)) - raft.netty.dataStream.host = null (default)
2023-05-04 20:13:52,756 [Listener at 127.0.0.1/35517] INFO  netty.NettyConfigKeys$DataStream (ConfUtils.java:logGet(46)) - raft.netty.dataStream.port = 0 (default)
2023-05-04 20:13:52,757 [Listener at 127.0.0.1/35517] INFO  server.RaftServerConfigKeys (ConfUtils.java:logGet(46)) - raft.server.threadpool.proxy.cached = true (default)
2023-05-04 20:13:52,757 [Listener at 127.0.0.1/35517] INFO  server.RaftServerConfigKeys (ConfUtils.java:logGet(46)) - raft.server.threadpool.proxy.size = 0 (default)
2023-05-04 20:13:52,757 [Listener at 127.0.0.1/35517] INFO  server.RaftServerConfigKeys (ConfUtils.java:logGet(46)) - raft.server.rpc.slowness.timeout = 300s (custom)
2023-05-04 20:13:52,757 [Listener at 127.0.0.1/35517] INFO  server.RaftServerConfigKeys (ConfUtils.java:logGet(46)) - raft.server.leaderelection.leader.step-down.wait-time = 10s (default)
2023-05-04 20:13:52,757 [Listener at 127.0.0.1/35517] INFO  server.RaftServerConfigKeys (ConfUtils.java:logGet(46)) - raft.server.storage.dir = [/home/runner/work/ozone/ozone/hadoop-ozone/integration-test/target/test-dir/MiniOzoneClusterImpl-3ff5bc89-9620-4d46-84f6-68e3c2a3a822/datanode-5/data/ratis] (custom)
2023-05-04 20:13:52,759 [71eef059-4e21-465b-a9dc-55002cc631de-NettyServerStreamRpc-bossGroup--thread1] INFO  logging.LoggingHandler (AbstractInternalLogger.java:log(148)) - [id: 0x600b83ca] REGISTERED
2023-05-04 20:13:52,759 [71eef059-4e21-465b-a9dc-55002cc631de-NettyServerStreamRpc-bossGroup--thread1] INFO  logging.LoggingHandler (AbstractInternalLogger.java:log(148)) - [id: 0x600b83ca] BIND: 0.0.0.0/0.0.0.0:0
2023-05-04 20:13:52,760 [71eef059-4e21-465b-a9dc-55002cc631de-NettyServerStreamRpc-bossGroup--thread1] INFO  logging.LoggingHandler (AbstractInternalLogger.java:log(148)) - [id: 0x600b83ca, L:/0:0:0:0:0:0:0:0:38957] ACTIVE
2023-05-04 20:13:52,761 [Listener at 127.0.0.1/35517] INFO  server.XceiverServerGrpc (XceiverServerGrpc.java:<init>(132)) - GrpcServer channel type EpollServerSocketChannel
2023-05-04 20:13:52,763 [Listener at 127.0.0.1/35517] INFO  replication.ReplicationSupervisor (ReplicationSupervisor.java:nodeStateUpdated(290)) - Node state updated to IN_SERVICE, scaling executor pool size to 10
2023-05-04 20:13:52,765 [Listener at 127.0.0.1/35517] INFO  http.BaseHttpServer (BaseHttpServer.java:newHttpServer2BuilderForOzone(224)) - Starting Web-server for hddsDatanode at: http://0.0.0.0:0
2023-05-04 20:13:52,765 [Listener at 127.0.0.1/35517] INFO  http.BaseHttpServer (BaseHttpServer.java:<init>(111)) - Hadoop Security Enabled: false Ozone Security Enabled: false Ozone HTTP Security Enabled: false 
2023-05-04 20:13:52,766 [Listener at 127.0.0.1/35517] WARN  server.AuthenticationFilter (AuthenticationFilter.java:constructSecretProvider(240)) - Unable to initialize FileSignerSecretProvider, falling back to use random secrets. Reason: Could not read signature secret file: /home/runner/hadoop-http-auth-signature-secret
2023-05-04 20:13:52,767 [Listener at 127.0.0.1/35517] INFO  http.HttpRequestLog (HttpRequestLog.java:getRequestLog(86)) - Http request log for http.requests.hddsDatanode is not defined
2023-05-04 20:13:52,768 [Listener at 127.0.0.1/35517] INFO  http.HttpServer2 (HttpServer2.java:addGlobalFilter(1031)) - Added global filter 'safety' (class=org.apache.hadoop.hdds.server.http.HttpServer2$QuotingInputFilter)
2023-05-04 20:13:52,769 [Listener at 127.0.0.1/35517] INFO  http.HttpServer2 (HttpServer2.java:addFilter(1007)) - Added filter static_user_filter (class=org.apache.hadoop.http.lib.StaticUserWebFilter$StaticUserFilter) to context hddsDatanode
2023-05-04 20:13:52,769 [Listener at 127.0.0.1/35517] INFO  http.HttpServer2 (HttpServer2.java:addFilter(1015)) - Added filter static_user_filter (class=org.apache.hadoop.http.lib.StaticUserWebFilter$StaticUserFilter) to context static
2023-05-04 20:13:52,769 [Listener at 127.0.0.1/35517] INFO  http.HttpServer2 (HttpServer2.java:addFilter(1015)) - Added filter static_user_filter (class=org.apache.hadoop.http.lib.StaticUserWebFilter$StaticUserFilter) to context logs
2023-05-04 20:13:52,770 [Listener at 127.0.0.1/35517] INFO  http.BaseHttpServer (BaseHttpServer.java:<init>(190)) - HTTP server of hddsDatanode uses base directory /home/runner/work/ozone/ozone/hadoop-ozone/integration-test/target/test-dir/MiniOzoneClusterImpl-3ff5bc89-9620-4d46-84f6-68e3c2a3a822/datanode-5/meta/webserver
2023-05-04 20:13:52,770 [Listener at 127.0.0.1/35517] INFO  http.HttpServer2 (HttpServer2.java:bindListener(1250)) - Jetty bound to port 34387
2023-05-04 20:13:52,770 [Listener at 127.0.0.1/35517] INFO  server.Server (Server.java:doStart(375)) - jetty-9.4.51.v20230217; built: 2023-02-17T08:19:37.309Z; git: b45c405e4544384de066f814ed42ae3dceacdd49; jvm 1.8.0_362-b09
2023-05-04 20:13:52,772 [Listener at 127.0.0.1/35517] INFO  server.session (DefaultSessionIdManager.java:doStart(334)) - DefaultSessionIdManager workerName=node0
2023-05-04 20:13:52,772 [Listener at 127.0.0.1/35517] INFO  server.session (DefaultSessionIdManager.java:doStart(339)) - No SessionScavenger set, using defaults
2023-05-04 20:13:52,772 [Listener at 127.0.0.1/35517] INFO  server.session (HouseKeeper.java:startScavenging(132)) - node0 Scavenging every 660000ms
2023-05-04 20:13:52,773 [Listener at 127.0.0.1/35517] INFO  handler.ContextHandler (ContextHandler.java:doStart(921)) - Started o.e.j.s.ServletContextHandler@6ff1b8dc{logs,/logs,file:///home/runner/work/ozone/ozone/hadoop-ozone/integration-test/target/log,AVAILABLE}
2023-05-04 20:13:52,773 [Listener at 127.0.0.1/35517] INFO  handler.ContextHandler (ContextHandler.java:doStart(921)) - Started o.e.j.s.ServletContextHandler@4dfec8eb{static,/static,jar:file:/home/runner/.m2/repository/org/apache/ozone/hdds-container-service/1.4.0-SNAPSHOT/hdds-container-service-1.4.0-SNAPSHOT.jar!/webapps/static,AVAILABLE}
2023-05-04 20:13:53,004 [EndpointStateMachine task thread for /0.0.0.0:40805 - 0 ] INFO  utils.DatanodeStoreCache (DatanodeStoreCache.java:addDB(58)) - Added db /home/runner/work/ozone/ozone/hadoop-ozone/integration-test/target/test-dir/MiniOzoneClusterImpl-3ff5bc89-9620-4d46-84f6-68e3c2a3a822/datanode-0/data-0/containers/hdds/3ff5bc89-9620-4d46-84f6-68e3c2a3a822/DS-ebc5fa8f-23f7-4aad-86f4-b8201a25542a/container.db to cache
2023-05-04 20:13:53,004 [EndpointStateMachine task thread for /0.0.0.0:40805 - 0 ] INFO  volume.HddsVolume (HddsVolume.java:createDbStore(350)) - SchemaV3 db is created and loaded at /home/runner/work/ozone/ozone/hadoop-ozone/integration-test/target/test-dir/MiniOzoneClusterImpl-3ff5bc89-9620-4d46-84f6-68e3c2a3a822/datanode-0/data-0/containers/hdds/3ff5bc89-9620-4d46-84f6-68e3c2a3a822/DS-ebc5fa8f-23f7-4aad-86f4-b8201a25542a/container.db for volume DS-ebc5fa8f-23f7-4aad-86f4-b8201a25542a
2023-05-04 20:13:53,007 [EndpointStateMachine task thread for /0.0.0.0:40805 - 0 ] INFO  ozoneimpl.OzoneContainer (OzoneContainer.java:start(397)) - Attempting to start container services.
2023-05-04 20:13:53,009 [EndpointStateMachine task thread for /0.0.0.0:40805 - 0 ] INFO  ozoneimpl.OzoneContainer (OzoneContainer.java:startContainerScrub(314)) - Scheduled background container scanners and the on-demand container scanner have been disabled.
2023-05-04 20:13:53,012 [EndpointStateMachine task thread for /0.0.0.0:40805 - 0 ] INFO  replication.ReplicationServer (ReplicationServer.java:start(109)) - ReplicationServer is started using port 36735
2023-05-04 20:13:53,012 [EndpointStateMachine task thread for /0.0.0.0:40805 - 0 ] INFO  ratis.XceiverServerRatis (XceiverServerRatis.java:start(517)) - Starting XceiverServerRatis 6a8dabd4-d9aa-4d69-8f5d-1f403dba9ac7
2023-05-04 20:13:53,016 [EndpointStateMachine task thread for /0.0.0.0:40805 - 0 ] INFO  server.RaftServer (RaftServerProxy.java:startImpl(393)) - 6a8dabd4-d9aa-4d69-8f5d-1f403dba9ac7: start RPC server
2023-05-04 20:13:53,023 [EndpointStateMachine task thread for /0.0.0.0:40805 - 0 ] INFO  server.GrpcService (GrpcService.java:startImpl(262)) - 6a8dabd4-d9aa-4d69-8f5d-1f403dba9ac7: GrpcService started, listening on 33893
2023-05-04 20:13:53,027 [EndpointStateMachine task thread for /0.0.0.0:40805 - 0 ] INFO  ratis.XceiverServerRatis (XceiverServerRatis.java:getRealPort(543)) - XceiverServerRatis 6a8dabd4-d9aa-4d69-8f5d-1f403dba9ac7 is started using port 33893 for RATIS
2023-05-04 20:13:53,027 [EndpointStateMachine task thread for /0.0.0.0:40805 - 0 ] INFO  ratis.XceiverServerRatis (XceiverServerRatis.java:getRealPort(543)) - XceiverServerRatis 6a8dabd4-d9aa-4d69-8f5d-1f403dba9ac7 is started using port 33893 for RATIS_ADMIN
2023-05-04 20:13:53,027 [EndpointStateMachine task thread for /0.0.0.0:40805 - 0 ] INFO  ratis.XceiverServerRatis (XceiverServerRatis.java:getRealPort(543)) - XceiverServerRatis 6a8dabd4-d9aa-4d69-8f5d-1f403dba9ac7 is started using port 33893 for RATIS_SERVER
2023-05-04 20:13:53,027 [EndpointStateMachine task thread for /0.0.0.0:40805 - 0 ] INFO  ratis.XceiverServerRatis (XceiverServerRatis.java:getRealPort(543)) - XceiverServerRatis 6a8dabd4-d9aa-4d69-8f5d-1f403dba9ac7 is started using port 42975 for RATIS_DATASTREAM
2023-05-04 20:13:53,027 [JvmPauseMonitor1] INFO  util.JvmPauseMonitor (JvmPauseMonitor.java:run(105)) - JvmPauseMonitor-6a8dabd4-d9aa-4d69-8f5d-1f403dba9ac7: Started
2023-05-04 20:13:53,041 [EndpointStateMachine task thread for /0.0.0.0:40805 - 0 ] INFO  server.XceiverServerGrpc (XceiverServerGrpc.java:start(180)) - XceiverServerGrpc 6a8dabd4-d9aa-4d69-8f5d-1f403dba9ac7 is started using port 33473
2023-05-04 20:13:53,050 [BlockDeletingService#0] INFO  interfaces.ContainerDeletionChoosingPolicyTemplate (ContainerDeletionChoosingPolicyTemplate.java:chooseContainerForBlockDeletion(83)) - Chosen 0/5000 blocks from 0 candidate containers.
2023-05-04 20:13:53,069 [Listener at 127.0.0.1/35517] INFO  handler.ContextHandler (ContextHandler.java:doStart(921)) - Started o.e.j.w.WebAppContext@39215bc9{hddsDatanode,/,file:///home/runner/work/ozone/ozone/hadoop-ozone/integration-test/target/test-dir/MiniOzoneClusterImpl-3ff5bc89-9620-4d46-84f6-68e3c2a3a822/datanode-5/meta/webserver/jetty-0_0_0_0-34387-hdds-container-service-1_4_0-SNAPSHOT_jar-_-any-5588847828797546416/webapp/,AVAILABLE}{jar:file:/home/runner/.m2/repository/org/apache/ozone/hdds-container-service/1.4.0-SNAPSHOT/hdds-container-service-1.4.0-SNAPSHOT.jar!/webapps/hddsDatanode}
2023-05-04 20:13:53,070 [Listener at 127.0.0.1/35517] INFO  server.AbstractConnector (AbstractConnector.java:doStart(333)) - Started ServerConnector@e8cc2e8{HTTP/1.1, (http/1.1)}{0.0.0.0:34387}
2023-05-04 20:13:53,070 [Listener at 127.0.0.1/35517] INFO  server.Server (Server.java:doStart(415)) - Started @10873ms
2023-05-04 20:13:53,070 [Listener at 127.0.0.1/35517] WARN  impl.MetricsSystemImpl (MetricsSystemImpl.java:register(279)) - Sink prometheus already exists!
2023-05-04 20:13:53,071 [Listener at 127.0.0.1/35517] INFO  http.BaseHttpServer (BaseHttpServer.java:updateConnectorAddress(344)) - HTTP server of hddsDatanode listening at http://0.0.0.0:34387
2023-05-04 20:13:53,072 [Datanode State Machine Daemon Thread] INFO  statemachine.DatanodeStateMachine (DatanodeStateMachine.java:lambda$startDaemon$0(524)) - Ozone container server started.
2023-05-04 20:13:53,082 [Listener at 127.0.0.1/35517] WARN  impl.MetricRegistriesImpl (MetricRegistriesImpl.java:addReporterRegistration(111)) - New reporters are added after registries were created. Some metrics will be missing from the reporter. Please add reporter before adding any new registry.
2023-05-04 20:13:53,083 [Listener at 127.0.0.1/35517] WARN  impl.MetricRegistriesImpl (MetricRegistriesImpl.java:addReporterRegistration(111)) - New reporters are added after registries were created. Some metrics will be missing from the reporter. Please add reporter before adding any new registry.
2023-05-04 20:13:53,083 [Listener at 127.0.0.1/35517] INFO  impl.MetricsSystemImpl (MetricsSystemImpl.java:init(158)) - HddsDatanode metrics system started (again)
2023-05-04 20:13:53,083 [org.apache.hadoop.util.JvmPauseMonitor$Monitor@1e26abb5] INFO  util.JvmPauseMonitor (JvmPauseMonitor.java:run(188)) - Starting JVM pause monitor
2023-05-04 20:13:53,089 [Datanode State Machine Task Thread - 0] INFO  datanode.InitDatanodeState (InitDatanodeState.java:persistContainerDatanodeDetails(138)) - DatanodeDetails is persisted to /home/runner/work/ozone/ozone/hadoop-ozone/integration-test/target/test-dir/MiniOzoneClusterImpl-3ff5bc89-9620-4d46-84f6-68e3c2a3a822/datanode-5/meta/datanode.id
2023-05-04 20:13:53,101 [Listener at 127.0.0.1/35517] INFO  ozone.HddsDatanodeService (HddsDatanodeService.java:start(252)) - HddsDatanodeService host:fv-az804-457.cvtsq3ctpw5ehehiek0yp1ke0c.cx.internal.cloudapp.net ip:10.1.0.20
2023-05-04 20:13:53,122 [Listener at 127.0.0.1/35517] INFO  upgrade.AbstractLayoutVersionManager (AbstractLayoutVersionManager.java:init(83)) - Initializing Layout version manager with metadata layout = WEBUI_PORTS_IN_DATANODEDETAILS (version = 6), software layout = WEBUI_PORTS_IN_DATANODEDETAILS (version = 6)
2023-05-04 20:13:53,178 [Listener at 127.0.0.1/35517] INFO  reflections.Reflections (Reflections.java:scan(232)) - Reflections took 51 ms to scan 7 urls, producing 156 keys and 369 values 
2023-05-04 20:13:53,181 [Listener at 127.0.0.1/35517] INFO  statemachine.DatanodeStateMachine (DatanodeStateMachine.java:getEndPointTaskThreadPoolSize(267)) - Datanode State Machine Task Thread Pool size 2
2023-05-04 20:13:53,184 [Listener at 127.0.0.1/35517] INFO  volume.HddsVolume (HddsVolume.java:<init>(130)) - Creating HddsVolume: /home/runner/work/ozone/ozone/hadoop-ozone/integration-test/target/test-dir/MiniOzoneClusterImpl-3ff5bc89-9620-4d46-84f6-68e3c2a3a822/datanode-6/data-0/containers/hdds of storage type : DISK capacity : 9223372036854775807
2023-05-04 20:13:53,185 [Listener at 127.0.0.1/35517] INFO  volume.MutableVolumeSet (MutableVolumeSet.java:initializeVolumeSet(175)) - Added Volume : /home/runner/work/ozone/ozone/hadoop-ozone/integration-test/target/test-dir/MiniOzoneClusterImpl-3ff5bc89-9620-4d46-84f6-68e3c2a3a822/datanode-6/data-0/containers/hdds to VolumeSet
2023-05-04 20:13:53,185 [Listener at 127.0.0.1/35517] INFO  volume.ThrottledAsyncChecker (ThrottledAsyncChecker.java:schedule(141)) - Scheduling a check for /home/runner/work/ozone/ozone/hadoop-ozone/integration-test/target/test-dir/MiniOzoneClusterImpl-3ff5bc89-9620-4d46-84f6-68e3c2a3a822/datanode-6/data-0/containers/hdds
2023-05-04 20:13:53,195 [Listener at 127.0.0.1/35517] INFO  volume.StorageVolumeChecker (StorageVolumeChecker.java:checkAllVolumes(202)) - Scheduled health check for volume /home/runner/work/ozone/ozone/hadoop-ozone/integration-test/target/test-dir/MiniOzoneClusterImpl-3ff5bc89-9620-4d46-84f6-68e3c2a3a822/datanode-6/data-0/containers/hdds
2023-05-04 20:13:53,210 [Listener at 127.0.0.1/35517] INFO  volume.MutableVolumeSet (MutableVolumeSet.java:initializeVolumeSet(175)) - Added Volume : /home/runner/work/ozone/ozone/hadoop-ozone/integration-test/target/test-dir/MiniOzoneClusterImpl-3ff5bc89-9620-4d46-84f6-68e3c2a3a822/datanode-6/data/ratis to VolumeSet
2023-05-04 20:13:53,210 [Listener at 127.0.0.1/35517] INFO  volume.ThrottledAsyncChecker (ThrottledAsyncChecker.java:schedule(141)) - Scheduling a check for /home/runner/work/ozone/ozone/hadoop-ozone/integration-test/target/test-dir/MiniOzoneClusterImpl-3ff5bc89-9620-4d46-84f6-68e3c2a3a822/datanode-6/data/ratis
2023-05-04 20:13:53,210 [Listener at 127.0.0.1/35517] INFO  volume.StorageVolumeChecker (StorageVolumeChecker.java:checkAllVolumes(202)) - Scheduled health check for volume /home/runner/work/ozone/ozone/hadoop-ozone/integration-test/target/test-dir/MiniOzoneClusterImpl-3ff5bc89-9620-4d46-84f6-68e3c2a3a822/datanode-6/data/ratis
2023-05-04 20:13:53,222 [Thread-231] INFO  ozoneimpl.ContainerReader (ContainerReader.java:readVolume(175)) - Finish verifying containers on volume /home/runner/work/ozone/ozone/hadoop-ozone/integration-test/target/test-dir/MiniOzoneClusterImpl-3ff5bc89-9620-4d46-84f6-68e3c2a3a822/datanode-6/data-0/containers/hdds
2023-05-04 20:13:53,222 [Listener at 127.0.0.1/35517] INFO  ozoneimpl.OzoneContainer (OzoneContainer.java:buildContainerSet(303)) - Build ContainerSet costs 0s
2023-05-04 20:13:53,225 [Listener at 127.0.0.1/35517] INFO  server.RaftServer (ConfUtils.java:logGet(46)) - raft.rpc.type = GRPC (default)
2023-05-04 20:13:53,225 [Listener at 127.0.0.1/35517] INFO  grpc.GrpcConfigKeys (ConfUtils.java:logFallback(53)) - raft.grpc.admin.host = null (fallback to raft.grpc.server.host)
2023-05-04 20:13:53,225 [Listener at 127.0.0.1/35517] INFO  grpc.GrpcConfigKeys (ConfUtils.java:logGet(46)) - raft.grpc.admin.port = 0 (custom)
2023-05-04 20:13:53,225 [Listener at 127.0.0.1/35517] INFO  grpc.GrpcConfigKeys (ConfUtils.java:logFallback(53)) - raft.grpc.client.host = null (fallback to raft.grpc.server.host)
2023-05-04 20:13:53,225 [Listener at 127.0.0.1/35517] INFO  grpc.GrpcConfigKeys (ConfUtils.java:logGet(46)) - raft.grpc.client.port = 0 (custom)
2023-05-04 20:13:53,226 [Listener at 127.0.0.1/35517] INFO  grpc.GrpcConfigKeys (ConfUtils.java:logGet(46)) - raft.grpc.server.host = null (default)
2023-05-04 20:13:53,226 [Listener at 127.0.0.1/35517] INFO  grpc.GrpcConfigKeys (ConfUtils.java:logGet(46)) - raft.grpc.server.port = 0 (default)
2023-05-04 20:13:53,226 [Listener at 127.0.0.1/35517] INFO  server.GrpcService (ConfUtils.java:logGet(46)) - raft.grpc.message.size.max = 32MB (=33554432) (custom)
2023-05-04 20:13:53,226 [Listener at 127.0.0.1/35517] INFO  server.RaftServerConfigKeys (ConfUtils.java:logGet(46)) - raft.server.log.appender.buffer.byte-limit = 33554432 (custom)
2023-05-04 20:13:53,226 [Listener at 127.0.0.1/35517] INFO  server.GrpcService (ConfUtils.java:logGet(46)) - raft.grpc.flow.control.window = 5MB (=5242880) (custom)
2023-05-04 20:13:53,226 [Listener at 127.0.0.1/35517] INFO  server.RaftServerConfigKeys (ConfUtils.java:logGet(46)) - raft.server.rpc.request.timeout = 60s (custom)
2023-05-04 20:13:53,226 [Listener at 127.0.0.1/35517] INFO  grpc.GrpcConfigKeys (ConfUtils.java:logGet(46)) - raft.grpc.server.heartbeat.channel = true (default)
2023-05-04 20:13:53,227 [Listener at 127.0.0.1/35517] INFO  grpc.GrpcConfigKeys (ConfUtils.java:logGet(46)) - raft.grpc.server.async.request.thread.pool.cached = true (default)
2023-05-04 20:13:53,227 [Listener at 127.0.0.1/35517] INFO  grpc.GrpcConfigKeys (ConfUtils.java:logGet(46)) - raft.grpc.server.async.request.thread.pool.size = 32 (default)
2023-05-04 20:13:53,228 [Listener at 127.0.0.1/35517] INFO  impl.DataStreamServerImpl (ConfUtils.java:logGet(46)) - raft.datastream.type = NETTY (custom)
2023-05-04 20:13:53,228 [Listener at 127.0.0.1/35517] INFO  server.RaftServerConfigKeys (ConfUtils.java:logGet(46)) - raft.server.data-stream.async.request.thread.pool.cached = false (default)
2023-05-04 20:13:53,228 [Listener at 127.0.0.1/35517] INFO  server.RaftServerConfigKeys (ConfUtils.java:logGet(46)) - raft.server.data-stream.async.request.thread.pool.size = 20 (custom)
2023-05-04 20:13:53,228 [Listener at 127.0.0.1/35517] INFO  server.RaftServerConfigKeys (ConfUtils.java:logGet(46)) - raft.server.data-stream.async.write.thread.pool.size = 16 (default)
2023-05-04 20:13:53,229 [Listener at 127.0.0.1/35517] INFO  server.RaftServerConfigKeys (ConfUtils.java:logGet(46)) - raft.server.data-stream.client.pool.size = 10 (default)
2023-05-04 20:13:53,229 [Listener at 127.0.0.1/35517] INFO  netty.NettyConfigKeys$DataStream (ConfUtils.java:logGet(46)) - raft.netty.dataStream.server.use-epoll = false (default)
2023-05-04 20:13:53,229 [Listener at 127.0.0.1/35517] INFO  netty.NettyConfigKeys$DataStream (ConfUtils.java:logGet(46)) - raft.netty.dataStream.server.boss-group.size = 0 (default)
2023-05-04 20:13:53,229 [Listener at 127.0.0.1/35517] INFO  netty.NettyConfigKeys$DataStream (ConfUtils.java:logGet(46)) - raft.netty.dataStream.server.worker-group.size = 0 (default)
2023-05-04 20:13:53,230 [Listener at 127.0.0.1/35517] INFO  netty.NettyConfigKeys$DataStream (ConfUtils.java:logGet(46)) - raft.netty.dataStream.server.tls.conf = null (default)
2023-05-04 20:13:53,230 [Listener at 127.0.0.1/35517] INFO  netty.NettyConfigKeys$DataStream (ConfUtils.java:logGet(46)) - raft.netty.dataStream.host = null (default)
2023-05-04 20:13:53,230 [Listener at 127.0.0.1/35517] INFO  netty.NettyConfigKeys$DataStream (ConfUtils.java:logGet(46)) - raft.netty.dataStream.port = 0 (default)
2023-05-04 20:13:53,233 [Listener at 127.0.0.1/35517] INFO  server.RaftServerConfigKeys (ConfUtils.java:logGet(46)) - raft.server.threadpool.proxy.cached = true (default)
2023-05-04 20:13:53,234 [Listener at 127.0.0.1/35517] INFO  server.RaftServerConfigKeys (ConfUtils.java:logGet(46)) - raft.server.threadpool.proxy.size = 0 (default)
2023-05-04 20:13:53,234 [Listener at 127.0.0.1/35517] INFO  server.RaftServerConfigKeys (ConfUtils.java:logGet(46)) - raft.server.rpc.slowness.timeout = 300s (custom)
2023-05-04 20:13:53,234 [Listener at 127.0.0.1/35517] INFO  server.RaftServerConfigKeys (ConfUtils.java:logGet(46)) - raft.server.leaderelection.leader.step-down.wait-time = 10s (default)
2023-05-04 20:13:53,237 [Listener at 127.0.0.1/35517] INFO  server.RaftServerConfigKeys (ConfUtils.java:logGet(46)) - raft.server.storage.dir = [/home/runner/work/ozone/ozone/hadoop-ozone/integration-test/target/test-dir/MiniOzoneClusterImpl-3ff5bc89-9620-4d46-84f6-68e3c2a3a822/datanode-6/data/ratis] (custom)
2023-05-04 20:13:53,238 [eaea20cf-c5ca-4d45-84fe-4a8214ec7204-NettyServerStreamRpc-bossGroup--thread1] INFO  logging.LoggingHandler (AbstractInternalLogger.java:log(148)) - [id: 0x614d737c] REGISTERED
2023-05-04 20:13:53,238 [eaea20cf-c5ca-4d45-84fe-4a8214ec7204-NettyServerStreamRpc-bossGroup--thread1] INFO  logging.LoggingHandler (AbstractInternalLogger.java:log(148)) - [id: 0x614d737c] BIND: 0.0.0.0/0.0.0.0:0
2023-05-04 20:13:53,238 [eaea20cf-c5ca-4d45-84fe-4a8214ec7204-NettyServerStreamRpc-bossGroup--thread1] INFO  logging.LoggingHandler (AbstractInternalLogger.java:log(148)) - [id: 0x614d737c, L:/0:0:0:0:0:0:0:0:45285] ACTIVE
2023-05-04 20:13:53,241 [Listener at 127.0.0.1/35517] INFO  server.XceiverServerGrpc (XceiverServerGrpc.java:<init>(132)) - GrpcServer channel type EpollServerSocketChannel
2023-05-04 20:13:53,243 [Listener at 127.0.0.1/35517] INFO  replication.ReplicationSupervisor (ReplicationSupervisor.java:nodeStateUpdated(290)) - Node state updated to IN_SERVICE, scaling executor pool size to 10
2023-05-04 20:13:53,245 [Listener at 127.0.0.1/35517] INFO  http.BaseHttpServer (BaseHttpServer.java:newHttpServer2BuilderForOzone(224)) - Starting Web-server for hddsDatanode at: http://0.0.0.0:0
2023-05-04 20:13:53,246 [Listener at 127.0.0.1/35517] INFO  http.BaseHttpServer (BaseHttpServer.java:<init>(111)) - Hadoop Security Enabled: false Ozone Security Enabled: false Ozone HTTP Security Enabled: false 
2023-05-04 20:13:53,247 [Listener at 127.0.0.1/35517] WARN  server.AuthenticationFilter (AuthenticationFilter.java:constructSecretProvider(240)) - Unable to initialize FileSignerSecretProvider, falling back to use random secrets. Reason: Could not read signature secret file: /home/runner/hadoop-http-auth-signature-secret
2023-05-04 20:13:53,250 [Listener at 127.0.0.1/35517] INFO  http.HttpRequestLog (HttpRequestLog.java:getRequestLog(86)) - Http request log for http.requests.hddsDatanode is not defined
2023-05-04 20:13:53,251 [Listener at 127.0.0.1/35517] INFO  http.HttpServer2 (HttpServer2.java:addGlobalFilter(1031)) - Added global filter 'safety' (class=org.apache.hadoop.hdds.server.http.HttpServer2$QuotingInputFilter)
2023-05-04 20:13:53,252 [Listener at 127.0.0.1/35517] INFO  http.HttpServer2 (HttpServer2.java:addFilter(1007)) - Added filter static_user_filter (class=org.apache.hadoop.http.lib.StaticUserWebFilter$StaticUserFilter) to context hddsDatanode
2023-05-04 20:13:53,252 [Listener at 127.0.0.1/35517] INFO  http.HttpServer2 (HttpServer2.java:addFilter(1015)) - Added filter static_user_filter (class=org.apache.hadoop.http.lib.StaticUserWebFilter$StaticUserFilter) to context logs
2023-05-04 20:13:53,252 [Listener at 127.0.0.1/35517] INFO  http.HttpServer2 (HttpServer2.java:addFilter(1015)) - Added filter static_user_filter (class=org.apache.hadoop.http.lib.StaticUserWebFilter$StaticUserFilter) to context static
2023-05-04 20:13:53,253 [Listener at 127.0.0.1/35517] INFO  http.BaseHttpServer (BaseHttpServer.java:<init>(190)) - HTTP server of hddsDatanode uses base directory /home/runner/work/ozone/ozone/hadoop-ozone/integration-test/target/test-dir/MiniOzoneClusterImpl-3ff5bc89-9620-4d46-84f6-68e3c2a3a822/datanode-6/meta/webserver
2023-05-04 20:13:53,253 [Listener at 127.0.0.1/35517] INFO  http.HttpServer2 (HttpServer2.java:bindListener(1250)) - Jetty bound to port 41261
2023-05-04 20:13:53,253 [Listener at 127.0.0.1/35517] INFO  server.Server (Server.java:doStart(375)) - jetty-9.4.51.v20230217; built: 2023-02-17T08:19:37.309Z; git: b45c405e4544384de066f814ed42ae3dceacdd49; jvm 1.8.0_362-b09
2023-05-04 20:13:53,259 [Listener at 127.0.0.1/35517] INFO  server.session (DefaultSessionIdManager.java:doStart(334)) - DefaultSessionIdManager workerName=node0
2023-05-04 20:13:53,260 [Listener at 127.0.0.1/35517] INFO  server.session (DefaultSessionIdManager.java:doStart(339)) - No SessionScavenger set, using defaults
2023-05-04 20:13:53,260 [Listener at 127.0.0.1/35517] INFO  server.session (HouseKeeper.java:startScavenging(132)) - node0 Scavenging every 660000ms
2023-05-04 20:13:53,261 [Listener at 127.0.0.1/35517] INFO  handler.ContextHandler (ContextHandler.java:doStart(921)) - Started o.e.j.s.ServletContextHandler@410daeaa{logs,/logs,file:///home/runner/work/ozone/ozone/hadoop-ozone/integration-test/target/log,AVAILABLE}
2023-05-04 20:13:53,261 [Listener at 127.0.0.1/35517] INFO  handler.ContextHandler (ContextHandler.java:doStart(921)) - Started o.e.j.s.ServletContextHandler@25403889{static,/static,jar:file:/home/runner/.m2/repository/org/apache/ozone/hdds-container-service/1.4.0-SNAPSHOT/hdds-container-service-1.4.0-SNAPSHOT.jar!/webapps/static,AVAILABLE}
2023-05-04 20:13:53,471 [Listener at 127.0.0.1/35517] INFO  handler.ContextHandler (ContextHandler.java:doStart(921)) - Started o.e.j.w.WebAppContext@1f9dc9dc{hddsDatanode,/,file:///home/runner/work/ozone/ozone/hadoop-ozone/integration-test/target/test-dir/MiniOzoneClusterImpl-3ff5bc89-9620-4d46-84f6-68e3c2a3a822/datanode-6/meta/webserver/jetty-0_0_0_0-41261-hdds-container-service-1_4_0-SNAPSHOT_jar-_-any-2163892803814222147/webapp/,AVAILABLE}{jar:file:/home/runner/.m2/repository/org/apache/ozone/hdds-container-service/1.4.0-SNAPSHOT/hdds-container-service-1.4.0-SNAPSHOT.jar!/webapps/hddsDatanode}
2023-05-04 20:13:53,475 [EndpointStateMachine task thread for /0.0.0.0:40805 - 0 ] INFO  utils.DatanodeStoreCache (DatanodeStoreCache.java:addDB(58)) - Added db /home/runner/work/ozone/ozone/hadoop-ozone/integration-test/target/test-dir/MiniOzoneClusterImpl-3ff5bc89-9620-4d46-84f6-68e3c2a3a822/datanode-1/data-0/containers/hdds/3ff5bc89-9620-4d46-84f6-68e3c2a3a822/DS-269f0e2f-5a3a-433e-b541-753643fd846a/container.db to cache
2023-05-04 20:13:53,475 [EndpointStateMachine task thread for /0.0.0.0:40805 - 0 ] INFO  volume.HddsVolume (HddsVolume.java:createDbStore(350)) - SchemaV3 db is created and loaded at /home/runner/work/ozone/ozone/hadoop-ozone/integration-test/target/test-dir/MiniOzoneClusterImpl-3ff5bc89-9620-4d46-84f6-68e3c2a3a822/datanode-1/data-0/containers/hdds/3ff5bc89-9620-4d46-84f6-68e3c2a3a822/DS-269f0e2f-5a3a-433e-b541-753643fd846a/container.db for volume DS-269f0e2f-5a3a-433e-b541-753643fd846a
2023-05-04 20:13:53,477 [EndpointStateMachine task thread for /0.0.0.0:40805 - 0 ] INFO  ozoneimpl.OzoneContainer (OzoneContainer.java:start(397)) - Attempting to start container services.
2023-05-04 20:13:53,477 [EndpointStateMachine task thread for /0.0.0.0:40805 - 0 ] INFO  ozoneimpl.OzoneContainer (OzoneContainer.java:startContainerScrub(314)) - Scheduled background container scanners and the on-demand container scanner have been disabled.
2023-05-04 20:13:53,483 [Listener at 127.0.0.1/35517] INFO  server.AbstractConnector (AbstractConnector.java:doStart(333)) - Started ServerConnector@bc21b3f{HTTP/1.1, (http/1.1)}{0.0.0.0:41261}
2023-05-04 20:13:53,484 [Listener at 127.0.0.1/35517] INFO  server.Server (Server.java:doStart(415)) - Started @11287ms
2023-05-04 20:13:53,484 [Listener at 127.0.0.1/35517] WARN  impl.MetricsSystemImpl (MetricsSystemImpl.java:register(279)) - Sink prometheus already exists!
2023-05-04 20:13:53,485 [Listener at 127.0.0.1/35517] INFO  http.BaseHttpServer (BaseHttpServer.java:updateConnectorAddress(344)) - HTTP server of hddsDatanode listening at http://0.0.0.0:41261
2023-05-04 20:13:53,486 [Datanode State Machine Daemon Thread] INFO  statemachine.DatanodeStateMachine (DatanodeStateMachine.java:lambda$startDaemon$0(524)) - Ozone container server started.
2023-05-04 20:13:53,486 [Listener at 127.0.0.1/35517] WARN  impl.MetricRegistriesImpl (MetricRegistriesImpl.java:addReporterRegistration(111)) - New reporters are added after registries were created. Some metrics will be missing from the reporter. Please add reporter before adding any new registry.
2023-05-04 20:13:53,486 [Listener at 127.0.0.1/35517] WARN  impl.MetricRegistriesImpl (MetricRegistriesImpl.java:addReporterRegistration(111)) - New reporters are added after registries were created. Some metrics will be missing from the reporter. Please add reporter before adding any new registry.
2023-05-04 20:13:53,486 [Listener at 127.0.0.1/35517] INFO  impl.MetricsSystemImpl (MetricsSystemImpl.java:init(158)) - HddsDatanode metrics system started (again)
2023-05-04 20:13:53,503 [Listener at 127.0.0.1/35517] INFO  ozone.HddsDatanodeService (HddsDatanodeService.java:start(252)) - HddsDatanodeService host:fv-az804-457.cvtsq3ctpw5ehehiek0yp1ke0c.cx.internal.cloudapp.net ip:10.1.0.20
2023-05-04 20:13:53,491 [EndpointStateMachine task thread for /0.0.0.0:40805 - 0 ] INFO  replication.ReplicationServer (ReplicationServer.java:start(109)) - ReplicationServer is started using port 35759
2023-05-04 20:13:53,522 [EndpointStateMachine task thread for /0.0.0.0:40805 - 0 ] INFO  ratis.XceiverServerRatis (XceiverServerRatis.java:start(517)) - Starting XceiverServerRatis b957fc71-c761-4d97-9df6-bc970b063b54
2023-05-04 20:13:53,527 [org.apache.hadoop.util.JvmPauseMonitor$Monitor@6c7b2c14] INFO  util.JvmPauseMonitor (JvmPauseMonitor.java:run(188)) - Starting JVM pause monitor
2023-05-04 20:13:53,531 [EndpointStateMachine task thread for /0.0.0.0:40805 - 0 ] INFO  server.RaftServer (RaftServerProxy.java:startImpl(393)) - b957fc71-c761-4d97-9df6-bc970b063b54: start RPC server
2023-05-04 20:13:53,539 [EndpointStateMachine task thread for /0.0.0.0:40805 - 0 ] INFO  server.GrpcService (GrpcService.java:startImpl(262)) - b957fc71-c761-4d97-9df6-bc970b063b54: GrpcService started, listening on 38747
2023-05-04 20:13:53,539 [EndpointStateMachine task thread for /0.0.0.0:40805 - 0 ] INFO  ratis.XceiverServerRatis (XceiverServerRatis.java:getRealPort(543)) - XceiverServerRatis b957fc71-c761-4d97-9df6-bc970b063b54 is started using port 38747 for RATIS
2023-05-04 20:13:53,540 [JvmPauseMonitor2] INFO  util.JvmPauseMonitor (JvmPauseMonitor.java:run(105)) - JvmPauseMonitor-b957fc71-c761-4d97-9df6-bc970b063b54: Started
2023-05-04 20:13:53,540 [EndpointStateMachine task thread for /0.0.0.0:40805 - 0 ] INFO  ratis.XceiverServerRatis (XceiverServerRatis.java:getRealPort(543)) - XceiverServerRatis b957fc71-c761-4d97-9df6-bc970b063b54 is started using port 38747 for RATIS_ADMIN
2023-05-04 20:13:53,540 [EndpointStateMachine task thread for /0.0.0.0:40805 - 0 ] INFO  ratis.XceiverServerRatis (XceiverServerRatis.java:getRealPort(543)) - XceiverServerRatis b957fc71-c761-4d97-9df6-bc970b063b54 is started using port 38747 for RATIS_SERVER
2023-05-04 20:13:53,540 [EndpointStateMachine task thread for /0.0.0.0:40805 - 0 ] INFO  ratis.XceiverServerRatis (XceiverServerRatis.java:getRealPort(543)) - XceiverServerRatis b957fc71-c761-4d97-9df6-bc970b063b54 is started using port 39175 for RATIS_DATASTREAM
2023-05-04 20:13:53,542 [Listener at 127.0.0.1/35517] INFO  upgrade.AbstractLayoutVersionManager (AbstractLayoutVersionManager.java:init(83)) - Initializing Layout version manager with metadata layout = WEBUI_PORTS_IN_DATANODEDETAILS (version = 6), software layout = WEBUI_PORTS_IN_DATANODEDETAILS (version = 6)
2023-05-04 20:13:53,544 [EndpointStateMachine task thread for /0.0.0.0:40805 - 0 ] INFO  server.XceiverServerGrpc (XceiverServerGrpc.java:start(180)) - XceiverServerGrpc b957fc71-c761-4d97-9df6-bc970b063b54 is started using port 37531
2023-05-04 20:13:53,546 [Datanode State Machine Task Thread - 0] INFO  datanode.InitDatanodeState (InitDatanodeState.java:persistContainerDatanodeDetails(138)) - DatanodeDetails is persisted to /home/runner/work/ozone/ozone/hadoop-ozone/integration-test/target/test-dir/MiniOzoneClusterImpl-3ff5bc89-9620-4d46-84f6-68e3c2a3a822/datanode-6/meta/datanode.id
2023-05-04 20:13:53,552 [BlockDeletingService#0] INFO  interfaces.ContainerDeletionChoosingPolicyTemplate (ContainerDeletionChoosingPolicyTemplate.java:chooseContainerForBlockDeletion(83)) - Chosen 0/5000 blocks from 0 candidate containers.
2023-05-04 20:13:53,604 [Listener at 127.0.0.1/35517] INFO  reflections.Reflections (Reflections.java:scan(232)) - Reflections took 61 ms to scan 7 urls, producing 156 keys and 369 values 
2023-05-04 20:13:53,607 [Listener at 127.0.0.1/35517] INFO  statemachine.DatanodeStateMachine (DatanodeStateMachine.java:getEndPointTaskThreadPoolSize(267)) - Datanode State Machine Task Thread Pool size 2
2023-05-04 20:13:53,610 [Listener at 127.0.0.1/35517] INFO  volume.HddsVolume (HddsVolume.java:<init>(130)) - Creating HddsVolume: /home/runner/work/ozone/ozone/hadoop-ozone/integration-test/target/test-dir/MiniOzoneClusterImpl-3ff5bc89-9620-4d46-84f6-68e3c2a3a822/datanode-7/data-0/containers/hdds of storage type : DISK capacity : 9223372036854775807
2023-05-04 20:13:53,610 [Listener at 127.0.0.1/35517] INFO  volume.MutableVolumeSet (MutableVolumeSet.java:initializeVolumeSet(175)) - Added Volume : /home/runner/work/ozone/ozone/hadoop-ozone/integration-test/target/test-dir/MiniOzoneClusterImpl-3ff5bc89-9620-4d46-84f6-68e3c2a3a822/datanode-7/data-0/containers/hdds to VolumeSet
2023-05-04 20:13:53,610 [Listener at 127.0.0.1/35517] INFO  volume.ThrottledAsyncChecker (ThrottledAsyncChecker.java:schedule(141)) - Scheduling a check for /home/runner/work/ozone/ozone/hadoop-ozone/integration-test/target/test-dir/MiniOzoneClusterImpl-3ff5bc89-9620-4d46-84f6-68e3c2a3a822/datanode-7/data-0/containers/hdds
2023-05-04 20:13:53,615 [Listener at 127.0.0.1/35517] INFO  volume.StorageVolumeChecker (StorageVolumeChecker.java:checkAllVolumes(202)) - Scheduled health check for volume /home/runner/work/ozone/ozone/hadoop-ozone/integration-test/target/test-dir/MiniOzoneClusterImpl-3ff5bc89-9620-4d46-84f6-68e3c2a3a822/datanode-7/data-0/containers/hdds
2023-05-04 20:13:53,631 [Listener at 127.0.0.1/35517] INFO  volume.MutableVolumeSet (MutableVolumeSet.java:initializeVolumeSet(175)) - Added Volume : /home/runner/work/ozone/ozone/hadoop-ozone/integration-test/target/test-dir/MiniOzoneClusterImpl-3ff5bc89-9620-4d46-84f6-68e3c2a3a822/datanode-7/data/ratis to VolumeSet
2023-05-04 20:13:53,631 [Listener at 127.0.0.1/35517] INFO  volume.ThrottledAsyncChecker (ThrottledAsyncChecker.java:schedule(141)) - Scheduling a check for /home/runner/work/ozone/ozone/hadoop-ozone/integration-test/target/test-dir/MiniOzoneClusterImpl-3ff5bc89-9620-4d46-84f6-68e3c2a3a822/datanode-7/data/ratis
2023-05-04 20:13:53,631 [Listener at 127.0.0.1/35517] INFO  volume.StorageVolumeChecker (StorageVolumeChecker.java:checkAllVolumes(202)) - Scheduled health check for volume /home/runner/work/ozone/ozone/hadoop-ozone/integration-test/target/test-dir/MiniOzoneClusterImpl-3ff5bc89-9620-4d46-84f6-68e3c2a3a822/datanode-7/data/ratis
2023-05-04 20:13:53,652 [Thread-250] INFO  ozoneimpl.ContainerReader (ContainerReader.java:readVolume(175)) - Finish verifying containers on volume /home/runner/work/ozone/ozone/hadoop-ozone/integration-test/target/test-dir/MiniOzoneClusterImpl-3ff5bc89-9620-4d46-84f6-68e3c2a3a822/datanode-7/data-0/containers/hdds
2023-05-04 20:13:53,652 [Listener at 127.0.0.1/35517] INFO  ozoneimpl.OzoneContainer (OzoneContainer.java:buildContainerSet(303)) - Build ContainerSet costs 0s
2023-05-04 20:13:53,655 [Listener at 127.0.0.1/35517] INFO  server.RaftServer (ConfUtils.java:logGet(46)) - raft.rpc.type = GRPC (default)
2023-05-04 20:13:53,656 [Listener at 127.0.0.1/35517] INFO  grpc.GrpcConfigKeys (ConfUtils.java:logFallback(53)) - raft.grpc.admin.host = null (fallback to raft.grpc.server.host)
2023-05-04 20:13:53,656 [Listener at 127.0.0.1/35517] INFO  grpc.GrpcConfigKeys (ConfUtils.java:logGet(46)) - raft.grpc.admin.port = 0 (custom)
2023-05-04 20:13:53,656 [Listener at 127.0.0.1/35517] INFO  grpc.GrpcConfigKeys (ConfUtils.java:logFallback(53)) - raft.grpc.client.host = null (fallback to raft.grpc.server.host)
2023-05-04 20:13:53,656 [Listener at 127.0.0.1/35517] INFO  grpc.GrpcConfigKeys (ConfUtils.java:logGet(46)) - raft.grpc.client.port = 0 (custom)
2023-05-04 20:13:53,656 [Listener at 127.0.0.1/35517] INFO  grpc.GrpcConfigKeys (ConfUtils.java:logGet(46)) - raft.grpc.server.host = null (default)
2023-05-04 20:13:53,656 [Listener at 127.0.0.1/35517] INFO  grpc.GrpcConfigKeys (ConfUtils.java:logGet(46)) - raft.grpc.server.port = 0 (default)
2023-05-04 20:13:53,656 [Listener at 127.0.0.1/35517] INFO  server.GrpcService (ConfUtils.java:logGet(46)) - raft.grpc.message.size.max = 32MB (=33554432) (custom)
2023-05-04 20:13:53,657 [Listener at 127.0.0.1/35517] INFO  server.RaftServerConfigKeys (ConfUtils.java:logGet(46)) - raft.server.log.appender.buffer.byte-limit = 33554432 (custom)
2023-05-04 20:13:53,657 [Listener at 127.0.0.1/35517] INFO  server.GrpcService (ConfUtils.java:logGet(46)) - raft.grpc.flow.control.window = 5MB (=5242880) (custom)
2023-05-04 20:13:53,657 [Listener at 127.0.0.1/35517] INFO  server.RaftServerConfigKeys (ConfUtils.java:logGet(46)) - raft.server.rpc.request.timeout = 60s (custom)
2023-05-04 20:13:53,657 [Listener at 127.0.0.1/35517] INFO  grpc.GrpcConfigKeys (ConfUtils.java:logGet(46)) - raft.grpc.server.heartbeat.channel = true (default)
2023-05-04 20:13:53,657 [Listener at 127.0.0.1/35517] INFO  grpc.GrpcConfigKeys (ConfUtils.java:logGet(46)) - raft.grpc.server.async.request.thread.pool.cached = true (default)
2023-05-04 20:13:53,657 [Listener at 127.0.0.1/35517] INFO  grpc.GrpcConfigKeys (ConfUtils.java:logGet(46)) - raft.grpc.server.async.request.thread.pool.size = 32 (default)
2023-05-04 20:13:53,659 [Listener at 127.0.0.1/35517] INFO  impl.DataStreamServerImpl (ConfUtils.java:logGet(46)) - raft.datastream.type = NETTY (custom)
2023-05-04 20:13:53,659 [Listener at 127.0.0.1/35517] INFO  server.RaftServerConfigKeys (ConfUtils.java:logGet(46)) - raft.server.data-stream.async.request.thread.pool.cached = false (default)
2023-05-04 20:13:53,659 [Listener at 127.0.0.1/35517] INFO  server.RaftServerConfigKeys (ConfUtils.java:logGet(46)) - raft.server.data-stream.async.request.thread.pool.size = 20 (custom)
2023-05-04 20:13:53,659 [Listener at 127.0.0.1/35517] INFO  server.RaftServerConfigKeys (ConfUtils.java:logGet(46)) - raft.server.data-stream.async.write.thread.pool.size = 16 (default)
2023-05-04 20:13:53,659 [Listener at 127.0.0.1/35517] INFO  server.RaftServerConfigKeys (ConfUtils.java:logGet(46)) - raft.server.data-stream.client.pool.size = 10 (default)
2023-05-04 20:13:53,660 [Listener at 127.0.0.1/35517] INFO  netty.NettyConfigKeys$DataStream (ConfUtils.java:logGet(46)) - raft.netty.dataStream.server.use-epoll = false (default)
2023-05-04 20:13:53,660 [Listener at 127.0.0.1/35517] INFO  netty.NettyConfigKeys$DataStream (ConfUtils.java:logGet(46)) - raft.netty.dataStream.server.boss-group.size = 0 (default)
2023-05-04 20:13:53,660 [Listener at 127.0.0.1/35517] INFO  netty.NettyConfigKeys$DataStream (ConfUtils.java:logGet(46)) - raft.netty.dataStream.server.worker-group.size = 0 (default)
2023-05-04 20:13:53,660 [Listener at 127.0.0.1/35517] INFO  netty.NettyConfigKeys$DataStream (ConfUtils.java:logGet(46)) - raft.netty.dataStream.server.tls.conf = null (default)
2023-05-04 20:13:53,661 [Listener at 127.0.0.1/35517] INFO  netty.NettyConfigKeys$DataStream (ConfUtils.java:logGet(46)) - raft.netty.dataStream.host = null (default)
2023-05-04 20:13:53,661 [Listener at 127.0.0.1/35517] INFO  netty.NettyConfigKeys$DataStream (ConfUtils.java:logGet(46)) - raft.netty.dataStream.port = 0 (default)
2023-05-04 20:13:53,661 [Listener at 127.0.0.1/35517] INFO  server.RaftServerConfigKeys (ConfUtils.java:logGet(46)) - raft.server.threadpool.proxy.cached = true (default)
2023-05-04 20:13:53,661 [Listener at 127.0.0.1/35517] INFO  server.RaftServerConfigKeys (ConfUtils.java:logGet(46)) - raft.server.threadpool.proxy.size = 0 (default)
2023-05-04 20:13:53,661 [Listener at 127.0.0.1/35517] INFO  server.RaftServerConfigKeys (ConfUtils.java:logGet(46)) - raft.server.rpc.slowness.timeout = 300s (custom)
2023-05-04 20:13:53,662 [Listener at 127.0.0.1/35517] INFO  server.RaftServerConfigKeys (ConfUtils.java:logGet(46)) - raft.server.leaderelection.leader.step-down.wait-time = 10s (default)
2023-05-04 20:13:53,662 [Listener at 127.0.0.1/35517] INFO  server.RaftServerConfigKeys (ConfUtils.java:logGet(46)) - raft.server.storage.dir = [/home/runner/work/ozone/ozone/hadoop-ozone/integration-test/target/test-dir/MiniOzoneClusterImpl-3ff5bc89-9620-4d46-84f6-68e3c2a3a822/datanode-7/data/ratis] (custom)
2023-05-04 20:13:53,667 [c0824e8e-e4e4-4301-9438-3093f7f79ba0-NettyServerStreamRpc-bossGroup--thread1] INFO  logging.LoggingHandler (AbstractInternalLogger.java:log(148)) - [id: 0xe65ff0fe] REGISTERED
2023-05-04 20:13:53,669 [c0824e8e-e4e4-4301-9438-3093f7f79ba0-NettyServerStreamRpc-bossGroup--thread1] INFO  logging.LoggingHandler (AbstractInternalLogger.java:log(148)) - [id: 0xe65ff0fe] BIND: 0.0.0.0/0.0.0.0:0
2023-05-04 20:13:53,669 [c0824e8e-e4e4-4301-9438-3093f7f79ba0-NettyServerStreamRpc-bossGroup--thread1] INFO  logging.LoggingHandler (AbstractInternalLogger.java:log(148)) - [id: 0xe65ff0fe, L:/0:0:0:0:0:0:0:0:37851] ACTIVE
2023-05-04 20:13:53,669 [Listener at 127.0.0.1/35517] INFO  server.XceiverServerGrpc (XceiverServerGrpc.java:<init>(132)) - GrpcServer channel type EpollServerSocketChannel
2023-05-04 20:13:53,672 [Listener at 127.0.0.1/35517] INFO  replication.ReplicationSupervisor (ReplicationSupervisor.java:nodeStateUpdated(290)) - Node state updated to IN_SERVICE, scaling executor pool size to 10
2023-05-04 20:13:53,674 [Listener at 127.0.0.1/35517] INFO  http.BaseHttpServer (BaseHttpServer.java:newHttpServer2BuilderForOzone(224)) - Starting Web-server for hddsDatanode at: http://0.0.0.0:0
2023-05-04 20:13:53,674 [Listener at 127.0.0.1/35517] INFO  http.BaseHttpServer (BaseHttpServer.java:<init>(111)) - Hadoop Security Enabled: false Ozone Security Enabled: false Ozone HTTP Security Enabled: false 
2023-05-04 20:13:53,675 [Listener at 127.0.0.1/35517] WARN  server.AuthenticationFilter (AuthenticationFilter.java:constructSecretProvider(240)) - Unable to initialize FileSignerSecretProvider, falling back to use random secrets. Reason: Could not read signature secret file: /home/runner/hadoop-http-auth-signature-secret
2023-05-04 20:13:53,676 [Listener at 127.0.0.1/35517] INFO  http.HttpRequestLog (HttpRequestLog.java:getRequestLog(86)) - Http request log for http.requests.hddsDatanode is not defined
2023-05-04 20:13:53,677 [Listener at 127.0.0.1/35517] INFO  http.HttpServer2 (HttpServer2.java:addGlobalFilter(1031)) - Added global filter 'safety' (class=org.apache.hadoop.hdds.server.http.HttpServer2$QuotingInputFilter)
2023-05-04 20:13:53,678 [Listener at 127.0.0.1/35517] INFO  http.HttpServer2 (HttpServer2.java:addFilter(1007)) - Added filter static_user_filter (class=org.apache.hadoop.http.lib.StaticUserWebFilter$StaticUserFilter) to context hddsDatanode
2023-05-04 20:13:53,678 [Listener at 127.0.0.1/35517] INFO  http.HttpServer2 (HttpServer2.java:addFilter(1015)) - Added filter static_user_filter (class=org.apache.hadoop.http.lib.StaticUserWebFilter$StaticUserFilter) to context static
2023-05-04 20:13:53,679 [Listener at 127.0.0.1/35517] INFO  http.HttpServer2 (HttpServer2.java:addFilter(1015)) - Added filter static_user_filter (class=org.apache.hadoop.http.lib.StaticUserWebFilter$StaticUserFilter) to context logs
2023-05-04 20:13:53,679 [Listener at 127.0.0.1/35517] INFO  http.BaseHttpServer (BaseHttpServer.java:<init>(190)) - HTTP server of hddsDatanode uses base directory /home/runner/work/ozone/ozone/hadoop-ozone/integration-test/target/test-dir/MiniOzoneClusterImpl-3ff5bc89-9620-4d46-84f6-68e3c2a3a822/datanode-7/meta/webserver
2023-05-04 20:13:53,679 [Listener at 127.0.0.1/35517] INFO  http.HttpServer2 (HttpServer2.java:bindListener(1250)) - Jetty bound to port 46739
2023-05-04 20:13:53,679 [Listener at 127.0.0.1/35517] INFO  server.Server (Server.java:doStart(375)) - jetty-9.4.51.v20230217; built: 2023-02-17T08:19:37.309Z; git: b45c405e4544384de066f814ed42ae3dceacdd49; jvm 1.8.0_362-b09
2023-05-04 20:13:53,683 [Listener at 127.0.0.1/35517] INFO  server.session (DefaultSessionIdManager.java:doStart(334)) - DefaultSessionIdManager workerName=node0
2023-05-04 20:13:53,683 [Listener at 127.0.0.1/35517] INFO  server.session (DefaultSessionIdManager.java:doStart(339)) - No SessionScavenger set, using defaults
2023-05-04 20:13:53,684 [Listener at 127.0.0.1/35517] INFO  server.session (HouseKeeper.java:startScavenging(132)) - node0 Scavenging every 600000ms
2023-05-04 20:13:53,684 [Listener at 127.0.0.1/35517] INFO  handler.ContextHandler (ContextHandler.java:doStart(921)) - Started o.e.j.s.ServletContextHandler@30d3e6da{logs,/logs,file:///home/runner/work/ozone/ozone/hadoop-ozone/integration-test/target/log,AVAILABLE}
2023-05-04 20:13:53,685 [Listener at 127.0.0.1/35517] INFO  handler.ContextHandler (ContextHandler.java:doStart(921)) - Started o.e.j.s.ServletContextHandler@16f5bdf4{static,/static,jar:file:/home/runner/.m2/repository/org/apache/ozone/hdds-container-service/1.4.0-SNAPSHOT/hdds-container-service-1.4.0-SNAPSHOT.jar!/webapps/static,AVAILABLE}
2023-05-04 20:13:53,893 [Listener at 127.0.0.1/35517] INFO  handler.ContextHandler (ContextHandler.java:doStart(921)) - Started o.e.j.w.WebAppContext@12dda1b8{hddsDatanode,/,file:///home/runner/work/ozone/ozone/hadoop-ozone/integration-test/target/test-dir/MiniOzoneClusterImpl-3ff5bc89-9620-4d46-84f6-68e3c2a3a822/datanode-7/meta/webserver/jetty-0_0_0_0-46739-hdds-container-service-1_4_0-SNAPSHOT_jar-_-any-3010998148127207146/webapp/,AVAILABLE}{jar:file:/home/runner/.m2/repository/org/apache/ozone/hdds-container-service/1.4.0-SNAPSHOT/hdds-container-service-1.4.0-SNAPSHOT.jar!/webapps/hddsDatanode}
2023-05-04 20:13:53,895 [Listener at 127.0.0.1/35517] INFO  server.AbstractConnector (AbstractConnector.java:doStart(333)) - Started ServerConnector@7312e67b{HTTP/1.1, (http/1.1)}{0.0.0.0:46739}
2023-05-04 20:13:53,895 [Listener at 127.0.0.1/35517] INFO  server.Server (Server.java:doStart(415)) - Started @11698ms
2023-05-04 20:13:53,895 [Listener at 127.0.0.1/35517] WARN  impl.MetricsSystemImpl (MetricsSystemImpl.java:register(279)) - Sink prometheus already exists!
2023-05-04 20:13:53,896 [Listener at 127.0.0.1/35517] INFO  http.BaseHttpServer (BaseHttpServer.java:updateConnectorAddress(344)) - HTTP server of hddsDatanode listening at http://0.0.0.0:46739
2023-05-04 20:13:53,902 [Listener at 127.0.0.1/35517] WARN  impl.MetricRegistriesImpl (MetricRegistriesImpl.java:addReporterRegistration(111)) - New reporters are added after registries were created. Some metrics will be missing from the reporter. Please add reporter before adding any new registry.
2023-05-04 20:13:53,903 [Listener at 127.0.0.1/35517] WARN  impl.MetricRegistriesImpl (MetricRegistriesImpl.java:addReporterRegistration(111)) - New reporters are added after registries were created. Some metrics will be missing from the reporter. Please add reporter before adding any new registry.
2023-05-04 20:13:53,903 [Listener at 127.0.0.1/35517] INFO  impl.MetricsSystemImpl (MetricsSystemImpl.java:init(158)) - HddsDatanode metrics system started (again)
2023-05-04 20:13:53,909 [Datanode State Machine Daemon Thread] INFO  statemachine.DatanodeStateMachine (DatanodeStateMachine.java:lambda$startDaemon$0(524)) - Ozone container server started.
2023-05-04 20:13:53,919 [EndpointStateMachine task thread for /0.0.0.0:40805 - 0 ] INFO  utils.DatanodeStoreCache (DatanodeStoreCache.java:addDB(58)) - Added db /home/runner/work/ozone/ozone/hadoop-ozone/integration-test/target/test-dir/MiniOzoneClusterImpl-3ff5bc89-9620-4d46-84f6-68e3c2a3a822/datanode-2/data-0/containers/hdds/3ff5bc89-9620-4d46-84f6-68e3c2a3a822/DS-e47acfee-1f88-4e92-9879-04f95be34116/container.db to cache
2023-05-04 20:13:53,920 [EndpointStateMachine task thread for /0.0.0.0:40805 - 0 ] INFO  volume.HddsVolume (HddsVolume.java:createDbStore(350)) - SchemaV3 db is created and loaded at /home/runner/work/ozone/ozone/hadoop-ozone/integration-test/target/test-dir/MiniOzoneClusterImpl-3ff5bc89-9620-4d46-84f6-68e3c2a3a822/datanode-2/data-0/containers/hdds/3ff5bc89-9620-4d46-84f6-68e3c2a3a822/DS-e47acfee-1f88-4e92-9879-04f95be34116/container.db for volume DS-e47acfee-1f88-4e92-9879-04f95be34116
2023-05-04 20:13:53,920 [EndpointStateMachine task thread for /0.0.0.0:40805 - 0 ] INFO  ozoneimpl.OzoneContainer (OzoneContainer.java:start(397)) - Attempting to start container services.
2023-05-04 20:13:53,920 [EndpointStateMachine task thread for /0.0.0.0:40805 - 0 ] INFO  ozoneimpl.OzoneContainer (OzoneContainer.java:startContainerScrub(314)) - Scheduled background container scanners and the on-demand container scanner have been disabled.
2023-05-04 20:13:53,926 [EndpointStateMachine task thread for /0.0.0.0:40805 - 0 ] INFO  replication.ReplicationServer (ReplicationServer.java:start(109)) - ReplicationServer is started using port 42907
2023-05-04 20:13:53,926 [EndpointStateMachine task thread for /0.0.0.0:40805 - 0 ] INFO  ratis.XceiverServerRatis (XceiverServerRatis.java:start(517)) - Starting XceiverServerRatis b0971eea-134b-46df-abd0-1018d0776f3a
2023-05-04 20:13:53,927 [Listener at 127.0.0.1/35517] INFO  ozone.HddsDatanodeService (HddsDatanodeService.java:start(252)) - HddsDatanodeService host:fv-az804-457.cvtsq3ctpw5ehehiek0yp1ke0c.cx.internal.cloudapp.net ip:10.1.0.20
2023-05-04 20:13:53,928 [EndpointStateMachine task thread for /0.0.0.0:40805 - 0 ] INFO  server.RaftServer (RaftServerProxy.java:startImpl(393)) - b0971eea-134b-46df-abd0-1018d0776f3a: start RPC server
2023-05-04 20:13:53,935 [org.apache.hadoop.util.JvmPauseMonitor$Monitor@65168281] INFO  util.JvmPauseMonitor (JvmPauseMonitor.java:run(188)) - Starting JVM pause monitor
2023-05-04 20:13:53,939 [Datanode State Machine Task Thread - 0] INFO  datanode.InitDatanodeState (InitDatanodeState.java:persistContainerDatanodeDetails(138)) - DatanodeDetails is persisted to /home/runner/work/ozone/ozone/hadoop-ozone/integration-test/target/test-dir/MiniOzoneClusterImpl-3ff5bc89-9620-4d46-84f6-68e3c2a3a822/datanode-7/meta/datanode.id
2023-05-04 20:13:53,942 [EndpointStateMachine task thread for /0.0.0.0:40805 - 0 ] INFO  server.GrpcService (GrpcService.java:startImpl(262)) - b0971eea-134b-46df-abd0-1018d0776f3a: GrpcService started, listening on 45025
2023-05-04 20:13:53,942 [EndpointStateMachine task thread for /0.0.0.0:40805 - 0 ] INFO  ratis.XceiverServerRatis (XceiverServerRatis.java:getRealPort(543)) - XceiverServerRatis b0971eea-134b-46df-abd0-1018d0776f3a is started using port 45025 for RATIS
2023-05-04 20:13:53,942 [EndpointStateMachine task thread for /0.0.0.0:40805 - 0 ] INFO  ratis.XceiverServerRatis (XceiverServerRatis.java:getRealPort(543)) - XceiverServerRatis b0971eea-134b-46df-abd0-1018d0776f3a is started using port 45025 for RATIS_ADMIN
2023-05-04 20:13:53,942 [EndpointStateMachine task thread for /0.0.0.0:40805 - 0 ] INFO  ratis.XceiverServerRatis (XceiverServerRatis.java:getRealPort(543)) - XceiverServerRatis b0971eea-134b-46df-abd0-1018d0776f3a is started using port 45025 for RATIS_SERVER
2023-05-04 20:13:53,942 [EndpointStateMachine task thread for /0.0.0.0:40805 - 0 ] INFO  ratis.XceiverServerRatis (XceiverServerRatis.java:getRealPort(543)) - XceiverServerRatis b0971eea-134b-46df-abd0-1018d0776f3a is started using port 37217 for RATIS_DATASTREAM
2023-05-04 20:13:53,943 [JvmPauseMonitor3] INFO  util.JvmPauseMonitor (JvmPauseMonitor.java:run(105)) - JvmPauseMonitor-b0971eea-134b-46df-abd0-1018d0776f3a: Started
2023-05-04 20:13:53,949 [EndpointStateMachine task thread for /0.0.0.0:40805 - 0 ] INFO  server.XceiverServerGrpc (XceiverServerGrpc.java:start(180)) - XceiverServerGrpc b0971eea-134b-46df-abd0-1018d0776f3a is started using port 43617
2023-05-04 20:13:53,956 [Listener at 127.0.0.1/35517] INFO  upgrade.AbstractLayoutVersionManager (AbstractLayoutVersionManager.java:init(83)) - Initializing Layout version manager with metadata layout = WEBUI_PORTS_IN_DATANODEDETAILS (version = 6), software layout = WEBUI_PORTS_IN_DATANODEDETAILS (version = 6)
2023-05-04 20:13:53,961 [BlockDeletingService#0] INFO  interfaces.ContainerDeletionChoosingPolicyTemplate (ContainerDeletionChoosingPolicyTemplate.java:chooseContainerForBlockDeletion(83)) - Chosen 0/5000 blocks from 0 candidate containers.
2023-05-04 20:13:54,007 [Listener at 127.0.0.1/35517] INFO  reflections.Reflections (Reflections.java:scan(232)) - Reflections took 50 ms to scan 7 urls, producing 156 keys and 369 values 
2023-05-04 20:13:54,009 [Listener at 127.0.0.1/35517] INFO  statemachine.DatanodeStateMachine (DatanodeStateMachine.java:getEndPointTaskThreadPoolSize(267)) - Datanode State Machine Task Thread Pool size 2
2023-05-04 20:13:54,015 [Listener at 127.0.0.1/35517] INFO  volume.HddsVolume (HddsVolume.java:<init>(130)) - Creating HddsVolume: /home/runner/work/ozone/ozone/hadoop-ozone/integration-test/target/test-dir/MiniOzoneClusterImpl-3ff5bc89-9620-4d46-84f6-68e3c2a3a822/datanode-8/data-0/containers/hdds of storage type : DISK capacity : 9223372036854775807
2023-05-04 20:13:54,015 [Listener at 127.0.0.1/35517] INFO  volume.MutableVolumeSet (MutableVolumeSet.java:initializeVolumeSet(175)) - Added Volume : /home/runner/work/ozone/ozone/hadoop-ozone/integration-test/target/test-dir/MiniOzoneClusterImpl-3ff5bc89-9620-4d46-84f6-68e3c2a3a822/datanode-8/data-0/containers/hdds to VolumeSet
2023-05-04 20:13:54,015 [Listener at 127.0.0.1/35517] INFO  volume.ThrottledAsyncChecker (ThrottledAsyncChecker.java:schedule(141)) - Scheduling a check for /home/runner/work/ozone/ozone/hadoop-ozone/integration-test/target/test-dir/MiniOzoneClusterImpl-3ff5bc89-9620-4d46-84f6-68e3c2a3a822/datanode-8/data-0/containers/hdds
2023-05-04 20:13:54,016 [Listener at 127.0.0.1/35517] INFO  volume.StorageVolumeChecker (StorageVolumeChecker.java:checkAllVolumes(202)) - Scheduled health check for volume /home/runner/work/ozone/ozone/hadoop-ozone/integration-test/target/test-dir/MiniOzoneClusterImpl-3ff5bc89-9620-4d46-84f6-68e3c2a3a822/datanode-8/data-0/containers/hdds
2023-05-04 20:13:54,028 [Listener at 127.0.0.1/35517] INFO  volume.MutableVolumeSet (MutableVolumeSet.java:initializeVolumeSet(175)) - Added Volume : /home/runner/work/ozone/ozone/hadoop-ozone/integration-test/target/test-dir/MiniOzoneClusterImpl-3ff5bc89-9620-4d46-84f6-68e3c2a3a822/datanode-8/data/ratis to VolumeSet
2023-05-04 20:13:54,028 [Listener at 127.0.0.1/35517] INFO  volume.ThrottledAsyncChecker (ThrottledAsyncChecker.java:schedule(141)) - Scheduling a check for /home/runner/work/ozone/ozone/hadoop-ozone/integration-test/target/test-dir/MiniOzoneClusterImpl-3ff5bc89-9620-4d46-84f6-68e3c2a3a822/datanode-8/data/ratis
2023-05-04 20:13:54,028 [Listener at 127.0.0.1/35517] INFO  volume.StorageVolumeChecker (StorageVolumeChecker.java:checkAllVolumes(202)) - Scheduled health check for volume /home/runner/work/ozone/ozone/hadoop-ozone/integration-test/target/test-dir/MiniOzoneClusterImpl-3ff5bc89-9620-4d46-84f6-68e3c2a3a822/datanode-8/data/ratis
2023-05-04 20:13:54,039 [Thread-269] INFO  ozoneimpl.ContainerReader (ContainerReader.java:readVolume(175)) - Finish verifying containers on volume /home/runner/work/ozone/ozone/hadoop-ozone/integration-test/target/test-dir/MiniOzoneClusterImpl-3ff5bc89-9620-4d46-84f6-68e3c2a3a822/datanode-8/data-0/containers/hdds
2023-05-04 20:13:54,040 [Listener at 127.0.0.1/35517] INFO  ozoneimpl.OzoneContainer (OzoneContainer.java:buildContainerSet(303)) - Build ContainerSet costs 0s
2023-05-04 20:13:54,042 [Listener at 127.0.0.1/35517] INFO  server.RaftServer (ConfUtils.java:logGet(46)) - raft.rpc.type = GRPC (default)
2023-05-04 20:13:54,043 [Listener at 127.0.0.1/35517] INFO  grpc.GrpcConfigKeys (ConfUtils.java:logFallback(53)) - raft.grpc.admin.host = null (fallback to raft.grpc.server.host)
2023-05-04 20:13:54,043 [Listener at 127.0.0.1/35517] INFO  grpc.GrpcConfigKeys (ConfUtils.java:logGet(46)) - raft.grpc.admin.port = 0 (custom)
2023-05-04 20:13:54,043 [Listener at 127.0.0.1/35517] INFO  grpc.GrpcConfigKeys (ConfUtils.java:logFallback(53)) - raft.grpc.client.host = null (fallback to raft.grpc.server.host)
2023-05-04 20:13:54,043 [Listener at 127.0.0.1/35517] INFO  grpc.GrpcConfigKeys (ConfUtils.java:logGet(46)) - raft.grpc.client.port = 0 (custom)
2023-05-04 20:13:54,043 [Listener at 127.0.0.1/35517] INFO  grpc.GrpcConfigKeys (ConfUtils.java:logGet(46)) - raft.grpc.server.host = null (default)
2023-05-04 20:13:54,043 [Listener at 127.0.0.1/35517] INFO  grpc.GrpcConfigKeys (ConfUtils.java:logGet(46)) - raft.grpc.server.port = 0 (default)
2023-05-04 20:13:54,043 [Listener at 127.0.0.1/35517] INFO  server.GrpcService (ConfUtils.java:logGet(46)) - raft.grpc.message.size.max = 32MB (=33554432) (custom)
2023-05-04 20:13:54,043 [Listener at 127.0.0.1/35517] INFO  server.RaftServerConfigKeys (ConfUtils.java:logGet(46)) - raft.server.log.appender.buffer.byte-limit = 33554432 (custom)
2023-05-04 20:13:54,044 [Listener at 127.0.0.1/35517] INFO  server.GrpcService (ConfUtils.java:logGet(46)) - raft.grpc.flow.control.window = 5MB (=5242880) (custom)
2023-05-04 20:13:54,044 [Listener at 127.0.0.1/35517] INFO  server.RaftServerConfigKeys (ConfUtils.java:logGet(46)) - raft.server.rpc.request.timeout = 60s (custom)
2023-05-04 20:13:54,044 [Listener at 127.0.0.1/35517] INFO  grpc.GrpcConfigKeys (ConfUtils.java:logGet(46)) - raft.grpc.server.heartbeat.channel = true (default)
2023-05-04 20:13:54,044 [Listener at 127.0.0.1/35517] INFO  grpc.GrpcConfigKeys (ConfUtils.java:logGet(46)) - raft.grpc.server.async.request.thread.pool.cached = true (default)
2023-05-04 20:13:54,044 [Listener at 127.0.0.1/35517] INFO  grpc.GrpcConfigKeys (ConfUtils.java:logGet(46)) - raft.grpc.server.async.request.thread.pool.size = 32 (default)
2023-05-04 20:13:54,045 [Listener at 127.0.0.1/35517] INFO  impl.DataStreamServerImpl (ConfUtils.java:logGet(46)) - raft.datastream.type = NETTY (custom)
2023-05-04 20:13:54,046 [Listener at 127.0.0.1/35517] INFO  server.RaftServerConfigKeys (ConfUtils.java:logGet(46)) - raft.server.data-stream.async.request.thread.pool.cached = false (default)
2023-05-04 20:13:54,046 [Listener at 127.0.0.1/35517] INFO  server.RaftServerConfigKeys (ConfUtils.java:logGet(46)) - raft.server.data-stream.async.request.thread.pool.size = 20 (custom)
2023-05-04 20:13:54,046 [Listener at 127.0.0.1/35517] INFO  server.RaftServerConfigKeys (ConfUtils.java:logGet(46)) - raft.server.data-stream.async.write.thread.pool.size = 16 (default)
2023-05-04 20:13:54,046 [Listener at 127.0.0.1/35517] INFO  server.RaftServerConfigKeys (ConfUtils.java:logGet(46)) - raft.server.data-stream.client.pool.size = 10 (default)
2023-05-04 20:13:54,047 [Listener at 127.0.0.1/35517] INFO  netty.NettyConfigKeys$DataStream (ConfUtils.java:logGet(46)) - raft.netty.dataStream.server.use-epoll = false (default)
2023-05-04 20:13:54,047 [Listener at 127.0.0.1/35517] INFO  netty.NettyConfigKeys$DataStream (ConfUtils.java:logGet(46)) - raft.netty.dataStream.server.boss-group.size = 0 (default)
2023-05-04 20:13:54,047 [Listener at 127.0.0.1/35517] INFO  netty.NettyConfigKeys$DataStream (ConfUtils.java:logGet(46)) - raft.netty.dataStream.server.worker-group.size = 0 (default)
2023-05-04 20:13:54,048 [Listener at 127.0.0.1/35517] INFO  netty.NettyConfigKeys$DataStream (ConfUtils.java:logGet(46)) - raft.netty.dataStream.server.tls.conf = null (default)
2023-05-04 20:13:54,048 [Listener at 127.0.0.1/35517] INFO  netty.NettyConfigKeys$DataStream (ConfUtils.java:logGet(46)) - raft.netty.dataStream.host = null (default)
2023-05-04 20:13:54,048 [Listener at 127.0.0.1/35517] INFO  netty.NettyConfigKeys$DataStream (ConfUtils.java:logGet(46)) - raft.netty.dataStream.port = 0 (default)
2023-05-04 20:13:54,048 [Listener at 127.0.0.1/35517] INFO  server.RaftServerConfigKeys (ConfUtils.java:logGet(46)) - raft.server.threadpool.proxy.cached = true (default)
2023-05-04 20:13:54,048 [Listener at 127.0.0.1/35517] INFO  server.RaftServerConfigKeys (ConfUtils.java:logGet(46)) - raft.server.threadpool.proxy.size = 0 (default)
2023-05-04 20:13:54,049 [Listener at 127.0.0.1/35517] INFO  server.RaftServerConfigKeys (ConfUtils.java:logGet(46)) - raft.server.rpc.slowness.timeout = 300s (custom)
2023-05-04 20:13:54,049 [Listener at 127.0.0.1/35517] INFO  server.RaftServerConfigKeys (ConfUtils.java:logGet(46)) - raft.server.leaderelection.leader.step-down.wait-time = 10s (default)
2023-05-04 20:13:54,049 [Listener at 127.0.0.1/35517] INFO  server.RaftServerConfigKeys (ConfUtils.java:logGet(46)) - raft.server.storage.dir = [/home/runner/work/ozone/ozone/hadoop-ozone/integration-test/target/test-dir/MiniOzoneClusterImpl-3ff5bc89-9620-4d46-84f6-68e3c2a3a822/datanode-8/data/ratis] (custom)
2023-05-04 20:13:54,052 [fe0c64ad-372f-4816-a9b8-650345a5ed87-NettyServerStreamRpc-bossGroup--thread1] INFO  logging.LoggingHandler (AbstractInternalLogger.java:log(148)) - [id: 0xabd31453] REGISTERED
2023-05-04 20:13:54,053 [fe0c64ad-372f-4816-a9b8-650345a5ed87-NettyServerStreamRpc-bossGroup--thread1] INFO  logging.LoggingHandler (AbstractInternalLogger.java:log(148)) - [id: 0xabd31453] BIND: 0.0.0.0/0.0.0.0:0
2023-05-04 20:13:54,053 [fe0c64ad-372f-4816-a9b8-650345a5ed87-NettyServerStreamRpc-bossGroup--thread1] INFO  logging.LoggingHandler (AbstractInternalLogger.java:log(148)) - [id: 0xabd31453, L:/0:0:0:0:0:0:0:0:39835] ACTIVE
2023-05-04 20:13:54,055 [Listener at 127.0.0.1/35517] INFO  server.XceiverServerGrpc (XceiverServerGrpc.java:<init>(132)) - GrpcServer channel type EpollServerSocketChannel
2023-05-04 20:13:54,057 [Listener at 127.0.0.1/35517] INFO  replication.ReplicationSupervisor (ReplicationSupervisor.java:nodeStateUpdated(290)) - Node state updated to IN_SERVICE, scaling executor pool size to 10
2023-05-04 20:13:54,060 [Listener at 127.0.0.1/35517] INFO  http.BaseHttpServer (BaseHttpServer.java:newHttpServer2BuilderForOzone(224)) - Starting Web-server for hddsDatanode at: http://0.0.0.0:0
2023-05-04 20:13:54,060 [Listener at 127.0.0.1/35517] INFO  http.BaseHttpServer (BaseHttpServer.java:<init>(111)) - Hadoop Security Enabled: false Ozone Security Enabled: false Ozone HTTP Security Enabled: false 
2023-05-04 20:13:54,061 [Listener at 127.0.0.1/35517] WARN  server.AuthenticationFilter (AuthenticationFilter.java:constructSecretProvider(240)) - Unable to initialize FileSignerSecretProvider, falling back to use random secrets. Reason: Could not read signature secret file: /home/runner/hadoop-http-auth-signature-secret
2023-05-04 20:13:54,064 [Listener at 127.0.0.1/35517] INFO  http.HttpRequestLog (HttpRequestLog.java:getRequestLog(86)) - Http request log for http.requests.hddsDatanode is not defined
2023-05-04 20:13:54,065 [Listener at 127.0.0.1/35517] INFO  http.HttpServer2 (HttpServer2.java:addGlobalFilter(1031)) - Added global filter 'safety' (class=org.apache.hadoop.hdds.server.http.HttpServer2$QuotingInputFilter)
2023-05-04 20:13:54,070 [Listener at 127.0.0.1/35517] INFO  http.HttpServer2 (HttpServer2.java:addFilter(1007)) - Added filter static_user_filter (class=org.apache.hadoop.http.lib.StaticUserWebFilter$StaticUserFilter) to context hddsDatanode
2023-05-04 20:13:54,070 [Listener at 127.0.0.1/35517] INFO  http.HttpServer2 (HttpServer2.java:addFilter(1015)) - Added filter static_user_filter (class=org.apache.hadoop.http.lib.StaticUserWebFilter$StaticUserFilter) to context logs
2023-05-04 20:13:54,070 [Listener at 127.0.0.1/35517] INFO  http.HttpServer2 (HttpServer2.java:addFilter(1015)) - Added filter static_user_filter (class=org.apache.hadoop.http.lib.StaticUserWebFilter$StaticUserFilter) to context static
2023-05-04 20:13:54,071 [Listener at 127.0.0.1/35517] INFO  http.BaseHttpServer (BaseHttpServer.java:<init>(190)) - HTTP server of hddsDatanode uses base directory /home/runner/work/ozone/ozone/hadoop-ozone/integration-test/target/test-dir/MiniOzoneClusterImpl-3ff5bc89-9620-4d46-84f6-68e3c2a3a822/datanode-8/meta/webserver
2023-05-04 20:13:54,071 [Listener at 127.0.0.1/35517] INFO  http.HttpServer2 (HttpServer2.java:bindListener(1250)) - Jetty bound to port 37399
2023-05-04 20:13:54,071 [Listener at 127.0.0.1/35517] INFO  server.Server (Server.java:doStart(375)) - jetty-9.4.51.v20230217; built: 2023-02-17T08:19:37.309Z; git: b45c405e4544384de066f814ed42ae3dceacdd49; jvm 1.8.0_362-b09
2023-05-04 20:13:54,073 [Listener at 127.0.0.1/35517] INFO  server.session (DefaultSessionIdManager.java:doStart(334)) - DefaultSessionIdManager workerName=node0
2023-05-04 20:13:54,073 [Listener at 127.0.0.1/35517] INFO  server.session (DefaultSessionIdManager.java:doStart(339)) - No SessionScavenger set, using defaults
2023-05-04 20:13:54,073 [Listener at 127.0.0.1/35517] INFO  server.session (HouseKeeper.java:startScavenging(132)) - node0 Scavenging every 600000ms
2023-05-04 20:13:54,074 [Listener at 127.0.0.1/35517] INFO  handler.ContextHandler (ContextHandler.java:doStart(921)) - Started o.e.j.s.ServletContextHandler@7664b517{logs,/logs,file:///home/runner/work/ozone/ozone/hadoop-ozone/integration-test/target/log,AVAILABLE}
2023-05-04 20:13:54,074 [Listener at 127.0.0.1/35517] INFO  handler.ContextHandler (ContextHandler.java:doStart(921)) - Started o.e.j.s.ServletContextHandler@426ac92{static,/static,jar:file:/home/runner/.m2/repository/org/apache/ozone/hdds-container-service/1.4.0-SNAPSHOT/hdds-container-service-1.4.0-SNAPSHOT.jar!/webapps/static,AVAILABLE}
2023-05-04 20:13:54,269 [Listener at 127.0.0.1/35517] INFO  handler.ContextHandler (ContextHandler.java:doStart(921)) - Started o.e.j.w.WebAppContext@487f4508{hddsDatanode,/,file:///home/runner/work/ozone/ozone/hadoop-ozone/integration-test/target/test-dir/MiniOzoneClusterImpl-3ff5bc89-9620-4d46-84f6-68e3c2a3a822/datanode-8/meta/webserver/jetty-0_0_0_0-37399-hdds-container-service-1_4_0-SNAPSHOT_jar-_-any-7790274642700082785/webapp/,AVAILABLE}{jar:file:/home/runner/.m2/repository/org/apache/ozone/hdds-container-service/1.4.0-SNAPSHOT/hdds-container-service-1.4.0-SNAPSHOT.jar!/webapps/hddsDatanode}
2023-05-04 20:13:54,272 [Listener at 127.0.0.1/35517] INFO  server.AbstractConnector (AbstractConnector.java:doStart(333)) - Started ServerConnector@7eeb1119{HTTP/1.1, (http/1.1)}{0.0.0.0:37399}
2023-05-04 20:13:54,273 [Listener at 127.0.0.1/35517] INFO  server.Server (Server.java:doStart(415)) - Started @12076ms
2023-05-04 20:13:54,273 [Listener at 127.0.0.1/35517] WARN  impl.MetricsSystemImpl (MetricsSystemImpl.java:register(279)) - Sink prometheus already exists!
2023-05-04 20:13:54,274 [Listener at 127.0.0.1/35517] INFO  http.BaseHttpServer (BaseHttpServer.java:updateConnectorAddress(344)) - HTTP server of hddsDatanode listening at http://0.0.0.0:37399
2023-05-04 20:13:54,274 [Listener at 127.0.0.1/35517] WARN  impl.MetricRegistriesImpl (MetricRegistriesImpl.java:addReporterRegistration(111)) - New reporters are added after registries were created. Some metrics will be missing from the reporter. Please add reporter before adding any new registry.
2023-05-04 20:13:54,274 [Listener at 127.0.0.1/35517] WARN  impl.MetricRegistriesImpl (MetricRegistriesImpl.java:addReporterRegistration(111)) - New reporters are added after registries were created. Some metrics will be missing from the reporter. Please add reporter before adding any new registry.
2023-05-04 20:13:54,275 [Listener at 127.0.0.1/35517] INFO  impl.MetricsSystemImpl (MetricsSystemImpl.java:init(158)) - HddsDatanode metrics system started (again)
2023-05-04 20:13:54,275 [Datanode State Machine Daemon Thread] INFO  statemachine.DatanodeStateMachine (DatanodeStateMachine.java:lambda$startDaemon$0(524)) - Ozone container server started.
2023-05-04 20:13:54,289 [org.apache.hadoop.util.JvmPauseMonitor$Monitor@57d40a06] INFO  util.JvmPauseMonitor (JvmPauseMonitor.java:run(188)) - Starting JVM pause monitor
2023-05-04 20:13:54,291 [Listener at 127.0.0.1/35517] INFO  ozone.HddsDatanodeService (HddsDatanodeService.java:start(252)) - HddsDatanodeService host:fv-az804-457.cvtsq3ctpw5ehehiek0yp1ke0c.cx.internal.cloudapp.net ip:10.1.0.20
2023-05-04 20:13:54,310 [Datanode State Machine Task Thread - 0] INFO  datanode.InitDatanodeState (InitDatanodeState.java:persistContainerDatanodeDetails(138)) - DatanodeDetails is persisted to /home/runner/work/ozone/ozone/hadoop-ozone/integration-test/target/test-dir/MiniOzoneClusterImpl-3ff5bc89-9620-4d46-84f6-68e3c2a3a822/datanode-8/meta/datanode.id
2023-05-04 20:13:54,317 [EndpointStateMachine task thread for /0.0.0.0:40805 - 0 ] INFO  utils.DatanodeStoreCache (DatanodeStoreCache.java:addDB(58)) - Added db /home/runner/work/ozone/ozone/hadoop-ozone/integration-test/target/test-dir/MiniOzoneClusterImpl-3ff5bc89-9620-4d46-84f6-68e3c2a3a822/datanode-3/data-0/containers/hdds/3ff5bc89-9620-4d46-84f6-68e3c2a3a822/DS-f8f45d65-b6ea-4f57-8e87-9c3eaeb94047/container.db to cache
2023-05-04 20:13:54,317 [EndpointStateMachine task thread for /0.0.0.0:40805 - 0 ] INFO  volume.HddsVolume (HddsVolume.java:createDbStore(350)) - SchemaV3 db is created and loaded at /home/runner/work/ozone/ozone/hadoop-ozone/integration-test/target/test-dir/MiniOzoneClusterImpl-3ff5bc89-9620-4d46-84f6-68e3c2a3a822/datanode-3/data-0/containers/hdds/3ff5bc89-9620-4d46-84f6-68e3c2a3a822/DS-f8f45d65-b6ea-4f57-8e87-9c3eaeb94047/container.db for volume DS-f8f45d65-b6ea-4f57-8e87-9c3eaeb94047
2023-05-04 20:13:54,317 [EndpointStateMachine task thread for /0.0.0.0:40805 - 0 ] INFO  ozoneimpl.OzoneContainer (OzoneContainer.java:start(397)) - Attempting to start container services.
2023-05-04 20:13:54,317 [EndpointStateMachine task thread for /0.0.0.0:40805 - 0 ] INFO  ozoneimpl.OzoneContainer (OzoneContainer.java:startContainerScrub(314)) - Scheduled background container scanners and the on-demand container scanner have been disabled.
2023-05-04 20:13:54,320 [EndpointStateMachine task thread for /0.0.0.0:40805 - 0 ] INFO  replication.ReplicationServer (ReplicationServer.java:start(109)) - ReplicationServer is started using port 36615
2023-05-04 20:13:54,321 [EndpointStateMachine task thread for /0.0.0.0:40805 - 0 ] INFO  ratis.XceiverServerRatis (XceiverServerRatis.java:start(517)) - Starting XceiverServerRatis 0abf101a-d700-4355-93b1-7a942eb61d40
2023-05-04 20:13:54,323 [EndpointStateMachine task thread for /0.0.0.0:40805 - 0 ] INFO  server.RaftServer (RaftServerProxy.java:startImpl(393)) - 0abf101a-d700-4355-93b1-7a942eb61d40: start RPC server
2023-05-04 20:13:54,329 [EndpointStateMachine task thread for /0.0.0.0:40805 - 0 ] INFO  server.GrpcService (GrpcService.java:startImpl(262)) - 0abf101a-d700-4355-93b1-7a942eb61d40: GrpcService started, listening on 35421
2023-05-04 20:13:54,334 [EndpointStateMachine task thread for /0.0.0.0:40805 - 0 ] INFO  ratis.XceiverServerRatis (XceiverServerRatis.java:getRealPort(543)) - XceiverServerRatis 0abf101a-d700-4355-93b1-7a942eb61d40 is started using port 35421 for RATIS
2023-05-04 20:13:54,334 [EndpointStateMachine task thread for /0.0.0.0:40805 - 0 ] INFO  ratis.XceiverServerRatis (XceiverServerRatis.java:getRealPort(543)) - XceiverServerRatis 0abf101a-d700-4355-93b1-7a942eb61d40 is started using port 35421 for RATIS_ADMIN
2023-05-04 20:13:54,334 [EndpointStateMachine task thread for /0.0.0.0:40805 - 0 ] INFO  ratis.XceiverServerRatis (XceiverServerRatis.java:getRealPort(543)) - XceiverServerRatis 0abf101a-d700-4355-93b1-7a942eb61d40 is started using port 35421 for RATIS_SERVER
2023-05-04 20:13:54,334 [EndpointStateMachine task thread for /0.0.0.0:40805 - 0 ] INFO  ratis.XceiverServerRatis (XceiverServerRatis.java:getRealPort(543)) - XceiverServerRatis 0abf101a-d700-4355-93b1-7a942eb61d40 is started using port 33171 for RATIS_DATASTREAM
2023-05-04 20:13:54,335 [JvmPauseMonitor4] INFO  util.JvmPauseMonitor (JvmPauseMonitor.java:run(105)) - JvmPauseMonitor-0abf101a-d700-4355-93b1-7a942eb61d40: Started
2023-05-04 20:13:54,335 [Listener at 127.0.0.1/35517] INFO  upgrade.AbstractLayoutVersionManager (AbstractLayoutVersionManager.java:init(83)) - Initializing Layout version manager with metadata layout = WEBUI_PORTS_IN_DATANODEDETAILS (version = 6), software layout = WEBUI_PORTS_IN_DATANODEDETAILS (version = 6)
2023-05-04 20:13:54,348 [EndpointStateMachine task thread for /0.0.0.0:40805 - 0 ] INFO  server.XceiverServerGrpc (XceiverServerGrpc.java:start(180)) - XceiverServerGrpc 0abf101a-d700-4355-93b1-7a942eb61d40 is started using port 39973
2023-05-04 20:13:54,358 [BlockDeletingService#0] INFO  interfaces.ContainerDeletionChoosingPolicyTemplate (ContainerDeletionChoosingPolicyTemplate.java:chooseContainerForBlockDeletion(83)) - Chosen 0/5000 blocks from 0 candidate containers.
2023-05-04 20:13:54,386 [Listener at 127.0.0.1/35517] INFO  reflections.Reflections (Reflections.java:scan(232)) - Reflections took 50 ms to scan 7 urls, producing 156 keys and 369 values 
2023-05-04 20:13:54,387 [Listener at 127.0.0.1/35517] INFO  statemachine.DatanodeStateMachine (DatanodeStateMachine.java:getEndPointTaskThreadPoolSize(267)) - Datanode State Machine Task Thread Pool size 2
2023-05-04 20:13:54,395 [Listener at 127.0.0.1/35517] INFO  volume.HddsVolume (HddsVolume.java:<init>(130)) - Creating HddsVolume: /home/runner/work/ozone/ozone/hadoop-ozone/integration-test/target/test-dir/MiniOzoneClusterImpl-3ff5bc89-9620-4d46-84f6-68e3c2a3a822/datanode-9/data-0/containers/hdds of storage type : DISK capacity : 9223372036854775807
2023-05-04 20:13:54,395 [Listener at 127.0.0.1/35517] INFO  volume.MutableVolumeSet (MutableVolumeSet.java:initializeVolumeSet(175)) - Added Volume : /home/runner/work/ozone/ozone/hadoop-ozone/integration-test/target/test-dir/MiniOzoneClusterImpl-3ff5bc89-9620-4d46-84f6-68e3c2a3a822/datanode-9/data-0/containers/hdds to VolumeSet
2023-05-04 20:13:54,396 [Listener at 127.0.0.1/35517] INFO  volume.ThrottledAsyncChecker (ThrottledAsyncChecker.java:schedule(141)) - Scheduling a check for /home/runner/work/ozone/ozone/hadoop-ozone/integration-test/target/test-dir/MiniOzoneClusterImpl-3ff5bc89-9620-4d46-84f6-68e3c2a3a822/datanode-9/data-0/containers/hdds
2023-05-04 20:13:54,396 [Listener at 127.0.0.1/35517] INFO  volume.StorageVolumeChecker (StorageVolumeChecker.java:checkAllVolumes(202)) - Scheduled health check for volume /home/runner/work/ozone/ozone/hadoop-ozone/integration-test/target/test-dir/MiniOzoneClusterImpl-3ff5bc89-9620-4d46-84f6-68e3c2a3a822/datanode-9/data-0/containers/hdds
2023-05-04 20:13:54,407 [Listener at 127.0.0.1/35517] INFO  volume.MutableVolumeSet (MutableVolumeSet.java:initializeVolumeSet(175)) - Added Volume : /home/runner/work/ozone/ozone/hadoop-ozone/integration-test/target/test-dir/MiniOzoneClusterImpl-3ff5bc89-9620-4d46-84f6-68e3c2a3a822/datanode-9/data/ratis to VolumeSet
2023-05-04 20:13:54,407 [Listener at 127.0.0.1/35517] INFO  volume.ThrottledAsyncChecker (ThrottledAsyncChecker.java:schedule(141)) - Scheduling a check for /home/runner/work/ozone/ozone/hadoop-ozone/integration-test/target/test-dir/MiniOzoneClusterImpl-3ff5bc89-9620-4d46-84f6-68e3c2a3a822/datanode-9/data/ratis
2023-05-04 20:13:54,408 [Listener at 127.0.0.1/35517] INFO  volume.StorageVolumeChecker (StorageVolumeChecker.java:checkAllVolumes(202)) - Scheduled health check for volume /home/runner/work/ozone/ozone/hadoop-ozone/integration-test/target/test-dir/MiniOzoneClusterImpl-3ff5bc89-9620-4d46-84f6-68e3c2a3a822/datanode-9/data/ratis
2023-05-04 20:13:54,417 [Thread-288] INFO  ozoneimpl.ContainerReader (ContainerReader.java:readVolume(175)) - Finish verifying containers on volume /home/runner/work/ozone/ozone/hadoop-ozone/integration-test/target/test-dir/MiniOzoneClusterImpl-3ff5bc89-9620-4d46-84f6-68e3c2a3a822/datanode-9/data-0/containers/hdds
2023-05-04 20:13:54,418 [Listener at 127.0.0.1/35517] INFO  ozoneimpl.OzoneContainer (OzoneContainer.java:buildContainerSet(303)) - Build ContainerSet costs 0s
2023-05-04 20:13:54,420 [Listener at 127.0.0.1/35517] INFO  server.RaftServer (ConfUtils.java:logGet(46)) - raft.rpc.type = GRPC (default)
2023-05-04 20:13:54,420 [Listener at 127.0.0.1/35517] INFO  grpc.GrpcConfigKeys (ConfUtils.java:logFallback(53)) - raft.grpc.admin.host = null (fallback to raft.grpc.server.host)
2023-05-04 20:13:54,420 [Listener at 127.0.0.1/35517] INFO  grpc.GrpcConfigKeys (ConfUtils.java:logGet(46)) - raft.grpc.admin.port = 0 (custom)
2023-05-04 20:13:54,420 [Listener at 127.0.0.1/35517] INFO  grpc.GrpcConfigKeys (ConfUtils.java:logFallback(53)) - raft.grpc.client.host = null (fallback to raft.grpc.server.host)
2023-05-04 20:13:54,421 [Listener at 127.0.0.1/35517] INFO  grpc.GrpcConfigKeys (ConfUtils.java:logGet(46)) - raft.grpc.client.port = 0 (custom)
2023-05-04 20:13:54,421 [Listener at 127.0.0.1/35517] INFO  grpc.GrpcConfigKeys (ConfUtils.java:logGet(46)) - raft.grpc.server.host = null (default)
2023-05-04 20:13:54,421 [Listener at 127.0.0.1/35517] INFO  grpc.GrpcConfigKeys (ConfUtils.java:logGet(46)) - raft.grpc.server.port = 0 (default)
2023-05-04 20:13:54,421 [Listener at 127.0.0.1/35517] INFO  server.GrpcService (ConfUtils.java:logGet(46)) - raft.grpc.message.size.max = 32MB (=33554432) (custom)
2023-05-04 20:13:54,421 [Listener at 127.0.0.1/35517] INFO  server.RaftServerConfigKeys (ConfUtils.java:logGet(46)) - raft.server.log.appender.buffer.byte-limit = 33554432 (custom)
2023-05-04 20:13:54,421 [Listener at 127.0.0.1/35517] INFO  server.GrpcService (ConfUtils.java:logGet(46)) - raft.grpc.flow.control.window = 5MB (=5242880) (custom)
2023-05-04 20:13:54,421 [Listener at 127.0.0.1/35517] INFO  server.RaftServerConfigKeys (ConfUtils.java:logGet(46)) - raft.server.rpc.request.timeout = 60s (custom)
2023-05-04 20:13:54,421 [Listener at 127.0.0.1/35517] INFO  grpc.GrpcConfigKeys (ConfUtils.java:logGet(46)) - raft.grpc.server.heartbeat.channel = true (default)
2023-05-04 20:13:54,421 [Listener at 127.0.0.1/35517] INFO  grpc.GrpcConfigKeys (ConfUtils.java:logGet(46)) - raft.grpc.server.async.request.thread.pool.cached = true (default)
2023-05-04 20:13:54,422 [Listener at 127.0.0.1/35517] INFO  grpc.GrpcConfigKeys (ConfUtils.java:logGet(46)) - raft.grpc.server.async.request.thread.pool.size = 32 (default)
2023-05-04 20:13:54,423 [Listener at 127.0.0.1/35517] INFO  impl.DataStreamServerImpl (ConfUtils.java:logGet(46)) - raft.datastream.type = NETTY (custom)
2023-05-04 20:13:54,423 [Listener at 127.0.0.1/35517] INFO  server.RaftServerConfigKeys (ConfUtils.java:logGet(46)) - raft.server.data-stream.async.request.thread.pool.cached = false (default)
2023-05-04 20:13:54,423 [Listener at 127.0.0.1/35517] INFO  server.RaftServerConfigKeys (ConfUtils.java:logGet(46)) - raft.server.data-stream.async.request.thread.pool.size = 20 (custom)
2023-05-04 20:13:54,424 [Listener at 127.0.0.1/35517] INFO  server.RaftServerConfigKeys (ConfUtils.java:logGet(46)) - raft.server.data-stream.async.write.thread.pool.size = 16 (default)
2023-05-04 20:13:54,424 [Listener at 127.0.0.1/35517] INFO  server.RaftServerConfigKeys (ConfUtils.java:logGet(46)) - raft.server.data-stream.client.pool.size = 10 (default)
2023-05-04 20:13:54,424 [Listener at 127.0.0.1/35517] INFO  netty.NettyConfigKeys$DataStream (ConfUtils.java:logGet(46)) - raft.netty.dataStream.server.use-epoll = false (default)
2023-05-04 20:13:54,424 [Listener at 127.0.0.1/35517] INFO  netty.NettyConfigKeys$DataStream (ConfUtils.java:logGet(46)) - raft.netty.dataStream.server.boss-group.size = 0 (default)
2023-05-04 20:13:54,424 [Listener at 127.0.0.1/35517] INFO  netty.NettyConfigKeys$DataStream (ConfUtils.java:logGet(46)) - raft.netty.dataStream.server.worker-group.size = 0 (default)
2023-05-04 20:13:54,425 [Listener at 127.0.0.1/35517] INFO  netty.NettyConfigKeys$DataStream (ConfUtils.java:logGet(46)) - raft.netty.dataStream.server.tls.conf = null (default)
2023-05-04 20:13:54,425 [Listener at 127.0.0.1/35517] INFO  netty.NettyConfigKeys$DataStream (ConfUtils.java:logGet(46)) - raft.netty.dataStream.host = null (default)
2023-05-04 20:13:54,425 [Listener at 127.0.0.1/35517] INFO  netty.NettyConfigKeys$DataStream (ConfUtils.java:logGet(46)) - raft.netty.dataStream.port = 0 (default)
2023-05-04 20:13:54,425 [Listener at 127.0.0.1/35517] INFO  server.RaftServerConfigKeys (ConfUtils.java:logGet(46)) - raft.server.threadpool.proxy.cached = true (default)
2023-05-04 20:13:54,425 [Listener at 127.0.0.1/35517] INFO  server.RaftServerConfigKeys (ConfUtils.java:logGet(46)) - raft.server.threadpool.proxy.size = 0 (default)
2023-05-04 20:13:54,426 [Listener at 127.0.0.1/35517] INFO  server.RaftServerConfigKeys (ConfUtils.java:logGet(46)) - raft.server.rpc.slowness.timeout = 300s (custom)
2023-05-04 20:13:54,426 [Listener at 127.0.0.1/35517] INFO  server.RaftServerConfigKeys (ConfUtils.java:logGet(46)) - raft.server.leaderelection.leader.step-down.wait-time = 10s (default)
2023-05-04 20:13:54,426 [Listener at 127.0.0.1/35517] INFO  server.RaftServerConfigKeys (ConfUtils.java:logGet(46)) - raft.server.storage.dir = [/home/runner/work/ozone/ozone/hadoop-ozone/integration-test/target/test-dir/MiniOzoneClusterImpl-3ff5bc89-9620-4d46-84f6-68e3c2a3a822/datanode-9/data/ratis] (custom)
2023-05-04 20:13:54,431 [7e411c01-6998-40d0-b507-5d7903264b15-NettyServerStreamRpc-bossGroup--thread1] INFO  logging.LoggingHandler (AbstractInternalLogger.java:log(148)) - [id: 0xb1fe0b83] REGISTERED
2023-05-04 20:13:54,431 [7e411c01-6998-40d0-b507-5d7903264b15-NettyServerStreamRpc-bossGroup--thread1] INFO  logging.LoggingHandler (AbstractInternalLogger.java:log(148)) - [id: 0xb1fe0b83] BIND: 0.0.0.0/0.0.0.0:0
2023-05-04 20:13:54,431 [7e411c01-6998-40d0-b507-5d7903264b15-NettyServerStreamRpc-bossGroup--thread1] INFO  logging.LoggingHandler (AbstractInternalLogger.java:log(148)) - [id: 0xb1fe0b83, L:/0:0:0:0:0:0:0:0:36461] ACTIVE
2023-05-04 20:13:54,431 [Listener at 127.0.0.1/35517] INFO  server.XceiverServerGrpc (XceiverServerGrpc.java:<init>(132)) - GrpcServer channel type EpollServerSocketChannel
2023-05-04 20:13:54,433 [Listener at 127.0.0.1/35517] INFO  replication.ReplicationSupervisor (ReplicationSupervisor.java:nodeStateUpdated(290)) - Node state updated to IN_SERVICE, scaling executor pool size to 10
2023-05-04 20:13:54,436 [Listener at 127.0.0.1/35517] INFO  http.BaseHttpServer (BaseHttpServer.java:newHttpServer2BuilderForOzone(224)) - Starting Web-server for hddsDatanode at: http://0.0.0.0:0
2023-05-04 20:13:54,436 [Listener at 127.0.0.1/35517] INFO  http.BaseHttpServer (BaseHttpServer.java:<init>(111)) - Hadoop Security Enabled: false Ozone Security Enabled: false Ozone HTTP Security Enabled: false 
2023-05-04 20:13:54,438 [Listener at 127.0.0.1/35517] WARN  server.AuthenticationFilter (AuthenticationFilter.java:constructSecretProvider(240)) - Unable to initialize FileSignerSecretProvider, falling back to use random secrets. Reason: Could not read signature secret file: /home/runner/hadoop-http-auth-signature-secret
2023-05-04 20:13:54,439 [Listener at 127.0.0.1/35517] INFO  http.HttpRequestLog (HttpRequestLog.java:getRequestLog(86)) - Http request log for http.requests.hddsDatanode is not defined
2023-05-04 20:13:54,440 [Listener at 127.0.0.1/35517] INFO  http.HttpServer2 (HttpServer2.java:addGlobalFilter(1031)) - Added global filter 'safety' (class=org.apache.hadoop.hdds.server.http.HttpServer2$QuotingInputFilter)
2023-05-04 20:13:54,441 [Listener at 127.0.0.1/35517] INFO  http.HttpServer2 (HttpServer2.java:addFilter(1007)) - Added filter static_user_filter (class=org.apache.hadoop.http.lib.StaticUserWebFilter$StaticUserFilter) to context hddsDatanode
2023-05-04 20:13:54,441 [Listener at 127.0.0.1/35517] INFO  http.HttpServer2 (HttpServer2.java:addFilter(1015)) - Added filter static_user_filter (class=org.apache.hadoop.http.lib.StaticUserWebFilter$StaticUserFilter) to context logs
2023-05-04 20:13:54,441 [Listener at 127.0.0.1/35517] INFO  http.HttpServer2 (HttpServer2.java:addFilter(1015)) - Added filter static_user_filter (class=org.apache.hadoop.http.lib.StaticUserWebFilter$StaticUserFilter) to context static
2023-05-04 20:13:54,441 [Listener at 127.0.0.1/35517] INFO  http.BaseHttpServer (BaseHttpServer.java:<init>(190)) - HTTP server of hddsDatanode uses base directory /home/runner/work/ozone/ozone/hadoop-ozone/integration-test/target/test-dir/MiniOzoneClusterImpl-3ff5bc89-9620-4d46-84f6-68e3c2a3a822/datanode-9/meta/webserver
2023-05-04 20:13:54,442 [Listener at 127.0.0.1/35517] INFO  http.HttpServer2 (HttpServer2.java:bindListener(1250)) - Jetty bound to port 37115
2023-05-04 20:13:54,442 [Listener at 127.0.0.1/35517] INFO  server.Server (Server.java:doStart(375)) - jetty-9.4.51.v20230217; built: 2023-02-17T08:19:37.309Z; git: b45c405e4544384de066f814ed42ae3dceacdd49; jvm 1.8.0_362-b09
2023-05-04 20:13:54,444 [Listener at 127.0.0.1/35517] INFO  server.session (DefaultSessionIdManager.java:doStart(334)) - DefaultSessionIdManager workerName=node0
2023-05-04 20:13:54,444 [Listener at 127.0.0.1/35517] INFO  server.session (DefaultSessionIdManager.java:doStart(339)) - No SessionScavenger set, using defaults
2023-05-04 20:13:54,445 [Listener at 127.0.0.1/35517] INFO  server.session (HouseKeeper.java:startScavenging(132)) - node0 Scavenging every 600000ms
2023-05-04 20:13:54,446 [Listener at 127.0.0.1/35517] INFO  handler.ContextHandler (ContextHandler.java:doStart(921)) - Started o.e.j.s.ServletContextHandler@146cc83c{logs,/logs,file:///home/runner/work/ozone/ozone/hadoop-ozone/integration-test/target/log,AVAILABLE}
2023-05-04 20:13:54,446 [Listener at 127.0.0.1/35517] INFO  handler.ContextHandler (ContextHandler.java:doStart(921)) - Started o.e.j.s.ServletContextHandler@79a11b84{static,/static,jar:file:/home/runner/.m2/repository/org/apache/ozone/hdds-container-service/1.4.0-SNAPSHOT/hdds-container-service-1.4.0-SNAPSHOT.jar!/webapps/static,AVAILABLE}
2023-05-04 20:13:54,649 [Listener at 127.0.0.1/35517] INFO  handler.ContextHandler (ContextHandler.java:doStart(921)) - Started o.e.j.w.WebAppContext@5ec39887{hddsDatanode,/,file:///home/runner/work/ozone/ozone/hadoop-ozone/integration-test/target/test-dir/MiniOzoneClusterImpl-3ff5bc89-9620-4d46-84f6-68e3c2a3a822/datanode-9/meta/webserver/jetty-0_0_0_0-37115-hdds-container-service-1_4_0-SNAPSHOT_jar-_-any-1798988061357131015/webapp/,AVAILABLE}{jar:file:/home/runner/.m2/repository/org/apache/ozone/hdds-container-service/1.4.0-SNAPSHOT/hdds-container-service-1.4.0-SNAPSHOT.jar!/webapps/hddsDatanode}
2023-05-04 20:13:54,653 [Listener at 127.0.0.1/35517] INFO  server.AbstractConnector (AbstractConnector.java:doStart(333)) - Started ServerConnector@483f19a3{HTTP/1.1, (http/1.1)}{0.0.0.0:37115}
2023-05-04 20:13:54,653 [Listener at 127.0.0.1/35517] INFO  server.Server (Server.java:doStart(415)) - Started @12456ms
2023-05-04 20:13:54,653 [Listener at 127.0.0.1/35517] WARN  impl.MetricsSystemImpl (MetricsSystemImpl.java:register(279)) - Sink prometheus already exists!
2023-05-04 20:13:54,654 [Listener at 127.0.0.1/35517] INFO  http.BaseHttpServer (BaseHttpServer.java:updateConnectorAddress(344)) - HTTP server of hddsDatanode listening at http://0.0.0.0:37115
2023-05-04 20:13:54,654 [Listener at 127.0.0.1/35517] WARN  impl.MetricRegistriesImpl (MetricRegistriesImpl.java:addReporterRegistration(111)) - New reporters are added after registries were created. Some metrics will be missing from the reporter. Please add reporter before adding any new registry.
2023-05-04 20:13:54,655 [Listener at 127.0.0.1/35517] WARN  impl.MetricRegistriesImpl (MetricRegistriesImpl.java:addReporterRegistration(111)) - New reporters are added after registries were created. Some metrics will be missing from the reporter. Please add reporter before adding any new registry.
2023-05-04 20:13:54,655 [Listener at 127.0.0.1/35517] INFO  impl.MetricsSystemImpl (MetricsSystemImpl.java:init(158)) - HddsDatanode metrics system started (again)
2023-05-04 20:13:54,662 [Datanode State Machine Daemon Thread] INFO  statemachine.DatanodeStateMachine (DatanodeStateMachine.java:lambda$startDaemon$0(524)) - Ozone container server started.
2023-05-04 20:13:54,673 [EndpointStateMachine task thread for /0.0.0.0:40805 - 0 ] INFO  utils.DatanodeStoreCache (DatanodeStoreCache.java:addDB(58)) - Added db /home/runner/work/ozone/ozone/hadoop-ozone/integration-test/target/test-dir/MiniOzoneClusterImpl-3ff5bc89-9620-4d46-84f6-68e3c2a3a822/datanode-4/data-0/containers/hdds/3ff5bc89-9620-4d46-84f6-68e3c2a3a822/DS-420ead0a-7759-4aef-978a-aeda9628df55/container.db to cache
2023-05-04 20:13:54,673 [EndpointStateMachine task thread for /0.0.0.0:40805 - 0 ] INFO  volume.HddsVolume (HddsVolume.java:createDbStore(350)) - SchemaV3 db is created and loaded at /home/runner/work/ozone/ozone/hadoop-ozone/integration-test/target/test-dir/MiniOzoneClusterImpl-3ff5bc89-9620-4d46-84f6-68e3c2a3a822/datanode-4/data-0/containers/hdds/3ff5bc89-9620-4d46-84f6-68e3c2a3a822/DS-420ead0a-7759-4aef-978a-aeda9628df55/container.db for volume DS-420ead0a-7759-4aef-978a-aeda9628df55
2023-05-04 20:13:54,675 [EndpointStateMachine task thread for /0.0.0.0:40805 - 0 ] INFO  ozoneimpl.OzoneContainer (OzoneContainer.java:start(397)) - Attempting to start container services.
2023-05-04 20:13:54,675 [EndpointStateMachine task thread for /0.0.0.0:40805 - 0 ] INFO  ozoneimpl.OzoneContainer (OzoneContainer.java:startContainerScrub(314)) - Scheduled background container scanners and the on-demand container scanner have been disabled.
2023-05-04 20:13:54,680 [org.apache.hadoop.util.JvmPauseMonitor$Monitor@349cd8e4] INFO  util.JvmPauseMonitor (JvmPauseMonitor.java:run(188)) - Starting JVM pause monitor
2023-05-04 20:13:54,688 [EndpointStateMachine task thread for /0.0.0.0:40805 - 0 ] INFO  replication.ReplicationServer (ReplicationServer.java:start(109)) - ReplicationServer is started using port 37907
2023-05-04 20:13:54,688 [EndpointStateMachine task thread for /0.0.0.0:40805 - 0 ] INFO  ratis.XceiverServerRatis (XceiverServerRatis.java:start(517)) - Starting XceiverServerRatis de61e307-c070-4843-8a71-857ff854f108
2023-05-04 20:13:54,690 [EndpointStateMachine task thread for /0.0.0.0:40805 - 0 ] INFO  server.RaftServer (RaftServerProxy.java:startImpl(393)) - de61e307-c070-4843-8a71-857ff854f108: start RPC server
2023-05-04 20:13:54,696 [Listener at 127.0.0.1/35517] INFO  ozone.HddsDatanodeService (HddsDatanodeService.java:start(252)) - HddsDatanodeService host:fv-az804-457.cvtsq3ctpw5ehehiek0yp1ke0c.cx.internal.cloudapp.net ip:10.1.0.20
2023-05-04 20:13:54,697 [Datanode State Machine Task Thread - 0] INFO  datanode.InitDatanodeState (InitDatanodeState.java:persistContainerDatanodeDetails(138)) - DatanodeDetails is persisted to /home/runner/work/ozone/ozone/hadoop-ozone/integration-test/target/test-dir/MiniOzoneClusterImpl-3ff5bc89-9620-4d46-84f6-68e3c2a3a822/datanode-9/meta/datanode.id
2023-05-04 20:13:54,701 [EndpointStateMachine task thread for /0.0.0.0:40805 - 0 ] INFO  server.GrpcService (GrpcService.java:startImpl(262)) - de61e307-c070-4843-8a71-857ff854f108: GrpcService started, listening on 46099
2023-05-04 20:13:54,703 [EndpointStateMachine task thread for /0.0.0.0:40805 - 0 ] INFO  ratis.XceiverServerRatis (XceiverServerRatis.java:getRealPort(543)) - XceiverServerRatis de61e307-c070-4843-8a71-857ff854f108 is started using port 46099 for RATIS
2023-05-04 20:13:54,703 [EndpointStateMachine task thread for /0.0.0.0:40805 - 0 ] INFO  ratis.XceiverServerRatis (XceiverServerRatis.java:getRealPort(543)) - XceiverServerRatis de61e307-c070-4843-8a71-857ff854f108 is started using port 46099 for RATIS_ADMIN
2023-05-04 20:13:54,703 [EndpointStateMachine task thread for /0.0.0.0:40805 - 0 ] INFO  ratis.XceiverServerRatis (XceiverServerRatis.java:getRealPort(543)) - XceiverServerRatis de61e307-c070-4843-8a71-857ff854f108 is started using port 46099 for RATIS_SERVER
2023-05-04 20:13:54,703 [EndpointStateMachine task thread for /0.0.0.0:40805 - 0 ] INFO  ratis.XceiverServerRatis (XceiverServerRatis.java:getRealPort(543)) - XceiverServerRatis de61e307-c070-4843-8a71-857ff854f108 is started using port 33083 for RATIS_DATASTREAM
2023-05-04 20:13:54,704 [JvmPauseMonitor5] INFO  util.JvmPauseMonitor (JvmPauseMonitor.java:run(105)) - JvmPauseMonitor-de61e307-c070-4843-8a71-857ff854f108: Started
2023-05-04 20:13:54,713 [EndpointStateMachine task thread for /0.0.0.0:40805 - 0 ] INFO  server.XceiverServerGrpc (XceiverServerGrpc.java:start(180)) - XceiverServerGrpc de61e307-c070-4843-8a71-857ff854f108 is started using port 39541
2023-05-04 20:13:54,717 [Listener at 127.0.0.1/35517] INFO  upgrade.AbstractLayoutVersionManager (AbstractLayoutVersionManager.java:init(83)) - Initializing Layout version manager with metadata layout = WEBUI_PORTS_IN_DATANODEDETAILS (version = 6), software layout = WEBUI_PORTS_IN_DATANODEDETAILS (version = 6)
2023-05-04 20:13:54,720 [BlockDeletingService#0] INFO  interfaces.ContainerDeletionChoosingPolicyTemplate (ContainerDeletionChoosingPolicyTemplate.java:chooseContainerForBlockDeletion(83)) - Chosen 0/5000 blocks from 0 candidate containers.
2023-05-04 20:13:54,770 [Listener at 127.0.0.1/35517] INFO  reflections.Reflections (Reflections.java:scan(232)) - Reflections took 51 ms to scan 7 urls, producing 156 keys and 369 values 
2023-05-04 20:13:54,773 [Listener at 127.0.0.1/35517] INFO  statemachine.DatanodeStateMachine (DatanodeStateMachine.java:getEndPointTaskThreadPoolSize(267)) - Datanode State Machine Task Thread Pool size 2
2023-05-04 20:13:54,781 [Listener at 127.0.0.1/35517] INFO  volume.HddsVolume (HddsVolume.java:<init>(130)) - Creating HddsVolume: /home/runner/work/ozone/ozone/hadoop-ozone/integration-test/target/test-dir/MiniOzoneClusterImpl-3ff5bc89-9620-4d46-84f6-68e3c2a3a822/datanode-10/data-0/containers/hdds of storage type : DISK capacity : 9223372036854775807
2023-05-04 20:13:54,781 [Listener at 127.0.0.1/35517] INFO  volume.MutableVolumeSet (MutableVolumeSet.java:initializeVolumeSet(175)) - Added Volume : /home/runner/work/ozone/ozone/hadoop-ozone/integration-test/target/test-dir/MiniOzoneClusterImpl-3ff5bc89-9620-4d46-84f6-68e3c2a3a822/datanode-10/data-0/containers/hdds to VolumeSet
2023-05-04 20:13:54,781 [Listener at 127.0.0.1/35517] INFO  volume.ThrottledAsyncChecker (ThrottledAsyncChecker.java:schedule(141)) - Scheduling a check for /home/runner/work/ozone/ozone/hadoop-ozone/integration-test/target/test-dir/MiniOzoneClusterImpl-3ff5bc89-9620-4d46-84f6-68e3c2a3a822/datanode-10/data-0/containers/hdds
2023-05-04 20:13:54,786 [Listener at 127.0.0.1/35517] INFO  volume.StorageVolumeChecker (StorageVolumeChecker.java:checkAllVolumes(202)) - Scheduled health check for volume /home/runner/work/ozone/ozone/hadoop-ozone/integration-test/target/test-dir/MiniOzoneClusterImpl-3ff5bc89-9620-4d46-84f6-68e3c2a3a822/datanode-10/data-0/containers/hdds
2023-05-04 20:13:54,797 [Listener at 127.0.0.1/35517] INFO  volume.MutableVolumeSet (MutableVolumeSet.java:initializeVolumeSet(175)) - Added Volume : /home/runner/work/ozone/ozone/hadoop-ozone/integration-test/target/test-dir/MiniOzoneClusterImpl-3ff5bc89-9620-4d46-84f6-68e3c2a3a822/datanode-10/data/ratis to VolumeSet
2023-05-04 20:13:54,797 [Listener at 127.0.0.1/35517] INFO  volume.ThrottledAsyncChecker (ThrottledAsyncChecker.java:schedule(141)) - Scheduling a check for /home/runner/work/ozone/ozone/hadoop-ozone/integration-test/target/test-dir/MiniOzoneClusterImpl-3ff5bc89-9620-4d46-84f6-68e3c2a3a822/datanode-10/data/ratis
2023-05-04 20:13:54,798 [Listener at 127.0.0.1/35517] INFO  volume.StorageVolumeChecker (StorageVolumeChecker.java:checkAllVolumes(202)) - Scheduled health check for volume /home/runner/work/ozone/ozone/hadoop-ozone/integration-test/target/test-dir/MiniOzoneClusterImpl-3ff5bc89-9620-4d46-84f6-68e3c2a3a822/datanode-10/data/ratis
2023-05-04 20:13:54,808 [Thread-307] INFO  ozoneimpl.ContainerReader (ContainerReader.java:readVolume(175)) - Finish verifying containers on volume /home/runner/work/ozone/ozone/hadoop-ozone/integration-test/target/test-dir/MiniOzoneClusterImpl-3ff5bc89-9620-4d46-84f6-68e3c2a3a822/datanode-10/data-0/containers/hdds
2023-05-04 20:13:54,808 [Listener at 127.0.0.1/35517] INFO  ozoneimpl.OzoneContainer (OzoneContainer.java:buildContainerSet(303)) - Build ContainerSet costs 0s
2023-05-04 20:13:54,810 [Listener at 127.0.0.1/35517] INFO  server.RaftServer (ConfUtils.java:logGet(46)) - raft.rpc.type = GRPC (default)
2023-05-04 20:13:54,810 [Listener at 127.0.0.1/35517] INFO  grpc.GrpcConfigKeys (ConfUtils.java:logFallback(53)) - raft.grpc.admin.host = null (fallback to raft.grpc.server.host)
2023-05-04 20:13:54,811 [Listener at 127.0.0.1/35517] INFO  grpc.GrpcConfigKeys (ConfUtils.java:logGet(46)) - raft.grpc.admin.port = 0 (custom)
2023-05-04 20:13:54,811 [Listener at 127.0.0.1/35517] INFO  grpc.GrpcConfigKeys (ConfUtils.java:logFallback(53)) - raft.grpc.client.host = null (fallback to raft.grpc.server.host)
2023-05-04 20:13:54,811 [Listener at 127.0.0.1/35517] INFO  grpc.GrpcConfigKeys (ConfUtils.java:logGet(46)) - raft.grpc.client.port = 0 (custom)
2023-05-04 20:13:54,811 [Listener at 127.0.0.1/35517] INFO  grpc.GrpcConfigKeys (ConfUtils.java:logGet(46)) - raft.grpc.server.host = null (default)
2023-05-04 20:13:54,811 [Listener at 127.0.0.1/35517] INFO  grpc.GrpcConfigKeys (ConfUtils.java:logGet(46)) - raft.grpc.server.port = 0 (default)
2023-05-04 20:13:54,811 [Listener at 127.0.0.1/35517] INFO  server.GrpcService (ConfUtils.java:logGet(46)) - raft.grpc.message.size.max = 32MB (=33554432) (custom)
2023-05-04 20:13:54,811 [Listener at 127.0.0.1/35517] INFO  server.RaftServerConfigKeys (ConfUtils.java:logGet(46)) - raft.server.log.appender.buffer.byte-limit = 33554432 (custom)
2023-05-04 20:13:54,811 [Listener at 127.0.0.1/35517] INFO  server.GrpcService (ConfUtils.java:logGet(46)) - raft.grpc.flow.control.window = 5MB (=5242880) (custom)
2023-05-04 20:13:54,812 [Listener at 127.0.0.1/35517] INFO  server.RaftServerConfigKeys (ConfUtils.java:logGet(46)) - raft.server.rpc.request.timeout = 60s (custom)
2023-05-04 20:13:54,812 [Listener at 127.0.0.1/35517] INFO  grpc.GrpcConfigKeys (ConfUtils.java:logGet(46)) - raft.grpc.server.heartbeat.channel = true (default)
2023-05-04 20:13:54,812 [Listener at 127.0.0.1/35517] INFO  grpc.GrpcConfigKeys (ConfUtils.java:logGet(46)) - raft.grpc.server.async.request.thread.pool.cached = true (default)
2023-05-04 20:13:54,812 [Listener at 127.0.0.1/35517] INFO  grpc.GrpcConfigKeys (ConfUtils.java:logGet(46)) - raft.grpc.server.async.request.thread.pool.size = 32 (default)
2023-05-04 20:13:54,813 [Listener at 127.0.0.1/35517] INFO  impl.DataStreamServerImpl (ConfUtils.java:logGet(46)) - raft.datastream.type = NETTY (custom)
2023-05-04 20:13:54,813 [Listener at 127.0.0.1/35517] INFO  server.RaftServerConfigKeys (ConfUtils.java:logGet(46)) - raft.server.data-stream.async.request.thread.pool.cached = false (default)
2023-05-04 20:13:54,814 [Listener at 127.0.0.1/35517] INFO  server.RaftServerConfigKeys (ConfUtils.java:logGet(46)) - raft.server.data-stream.async.request.thread.pool.size = 20 (custom)
2023-05-04 20:13:54,814 [Listener at 127.0.0.1/35517] INFO  server.RaftServerConfigKeys (ConfUtils.java:logGet(46)) - raft.server.data-stream.async.write.thread.pool.size = 16 (default)
2023-05-04 20:13:54,814 [Listener at 127.0.0.1/35517] INFO  server.RaftServerConfigKeys (ConfUtils.java:logGet(46)) - raft.server.data-stream.client.pool.size = 10 (default)
2023-05-04 20:13:54,814 [Listener at 127.0.0.1/35517] INFO  netty.NettyConfigKeys$DataStream (ConfUtils.java:logGet(46)) - raft.netty.dataStream.server.use-epoll = false (default)
2023-05-04 20:13:54,814 [Listener at 127.0.0.1/35517] INFO  netty.NettyConfigKeys$DataStream (ConfUtils.java:logGet(46)) - raft.netty.dataStream.server.boss-group.size = 0 (default)
2023-05-04 20:13:54,815 [Listener at 127.0.0.1/35517] INFO  netty.NettyConfigKeys$DataStream (ConfUtils.java:logGet(46)) - raft.netty.dataStream.server.worker-group.size = 0 (default)
2023-05-04 20:13:54,815 [Listener at 127.0.0.1/35517] INFO  netty.NettyConfigKeys$DataStream (ConfUtils.java:logGet(46)) - raft.netty.dataStream.server.tls.conf = null (default)
2023-05-04 20:13:54,815 [Listener at 127.0.0.1/35517] INFO  netty.NettyConfigKeys$DataStream (ConfUtils.java:logGet(46)) - raft.netty.dataStream.host = null (default)
2023-05-04 20:13:54,815 [Listener at 127.0.0.1/35517] INFO  netty.NettyConfigKeys$DataStream (ConfUtils.java:logGet(46)) - raft.netty.dataStream.port = 0 (default)
2023-05-04 20:13:54,816 [Listener at 127.0.0.1/35517] INFO  server.RaftServerConfigKeys (ConfUtils.java:logGet(46)) - raft.server.threadpool.proxy.cached = true (default)
2023-05-04 20:13:54,816 [Listener at 127.0.0.1/35517] INFO  server.RaftServerConfigKeys (ConfUtils.java:logGet(46)) - raft.server.threadpool.proxy.size = 0 (default)
2023-05-04 20:13:54,816 [Listener at 127.0.0.1/35517] INFO  server.RaftServerConfigKeys (ConfUtils.java:logGet(46)) - raft.server.rpc.slowness.timeout = 300s (custom)
2023-05-04 20:13:54,816 [Listener at 127.0.0.1/35517] INFO  server.RaftServerConfigKeys (ConfUtils.java:logGet(46)) - raft.server.leaderelection.leader.step-down.wait-time = 10s (default)
2023-05-04 20:13:54,816 [Listener at 127.0.0.1/35517] INFO  server.RaftServerConfigKeys (ConfUtils.java:logGet(46)) - raft.server.storage.dir = [/home/runner/work/ozone/ozone/hadoop-ozone/integration-test/target/test-dir/MiniOzoneClusterImpl-3ff5bc89-9620-4d46-84f6-68e3c2a3a822/datanode-10/data/ratis] (custom)
2023-05-04 20:13:54,819 [14e688c6-03f0-4578-94be-4c0bf8f01127-NettyServerStreamRpc-bossGroup--thread1] INFO  logging.LoggingHandler (AbstractInternalLogger.java:log(148)) - [id: 0x067eef47] REGISTERED
2023-05-04 20:13:54,819 [14e688c6-03f0-4578-94be-4c0bf8f01127-NettyServerStreamRpc-bossGroup--thread1] INFO  logging.LoggingHandler (AbstractInternalLogger.java:log(148)) - [id: 0x067eef47] BIND: 0.0.0.0/0.0.0.0:0
2023-05-04 20:13:54,820 [Listener at 127.0.0.1/35517] INFO  server.XceiverServerGrpc (XceiverServerGrpc.java:<init>(132)) - GrpcServer channel type EpollServerSocketChannel
2023-05-04 20:13:54,824 [IPC Server handler 0 on default port 40805] INFO  net.NetworkTopologyImpl (NetworkTopologyImpl.java:add(112)) - Added a new node: /default-rack/6a8dabd4-d9aa-4d69-8f5d-1f403dba9ac7
2023-05-04 20:13:54,826 [Listener at 127.0.0.1/35517] INFO  replication.ReplicationSupervisor (ReplicationSupervisor.java:nodeStateUpdated(290)) - Node state updated to IN_SERVICE, scaling executor pool size to 10
2023-05-04 20:13:54,826 [IPC Server handler 0 on default port 40805] INFO  node.SCMNodeManager (SCMNodeManager.java:register(407)) - Registered Data node : 6a8dabd4-d9aa-4d69-8f5d-1f403dba9ac7{ip: 10.1.0.20, host: fv-az804-457.cvtsq3ctpw5ehehiek0yp1ke0c.cx.internal.cloudapp.net, ports: [HTTP=41979, REPLICATION=36735, RATIS=33893, RATIS_ADMIN=33893, RATIS_SERVER=33893, RATIS_DATASTREAM=42975, STANDALONE=33473], networkLocation: /default-rack, certSerialId: null, persistedOpState: null, persistedOpStateExpiryEpochSec: 0}
2023-05-04 20:13:54,830 [14e688c6-03f0-4578-94be-4c0bf8f01127-NettyServerStreamRpc-bossGroup--thread1] INFO  logging.LoggingHandler (AbstractInternalLogger.java:log(148)) - [id: 0x067eef47, L:/0:0:0:0:0:0:0:0:44165] ACTIVE
2023-05-04 20:13:54,831 [Listener at 127.0.0.1/35517] INFO  http.BaseHttpServer (BaseHttpServer.java:newHttpServer2BuilderForOzone(224)) - Starting Web-server for hddsDatanode at: http://0.0.0.0:0
2023-05-04 20:13:54,832 [EventQueue-NodeRegistrationContainerReportForContainerSafeModeRule] INFO  safemode.SCMSafeModeManager (SCMSafeModeManager.java:validateSafeModeExitRules(200)) - ContainerSafeModeRule rule is successfully validated
2023-05-04 20:13:54,832 [EventQueue-NewNodeForNewNodeHandler] INFO  pipeline.BackgroundPipelineCreator (BackgroundPipelineCreator.java:notifyEventTriggered(276)) - trigger a one-shot run on RatisPipelineUtilsThread.
2023-05-04 20:13:54,834 [Listener at 127.0.0.1/35517] INFO  http.BaseHttpServer (BaseHttpServer.java:<init>(111)) - Hadoop Security Enabled: false Ozone Security Enabled: false Ozone HTTP Security Enabled: false 
2023-05-04 20:13:54,835 [Listener at 127.0.0.1/35517] WARN  server.AuthenticationFilter (AuthenticationFilter.java:constructSecretProvider(240)) - Unable to initialize FileSignerSecretProvider, falling back to use random secrets. Reason: Could not read signature secret file: /home/runner/hadoop-http-auth-signature-secret
2023-05-04 20:13:54,843 [RatisPipelineUtilsThread - 0] INFO  pipeline.RatisPipelineProvider (RatisPipelineProvider.java:lambda$create$0(206)) - Sending CreatePipelineCommand for pipeline:PipelineID=7b8377b5-2c8b-4735-a802-e8710c152f67 to datanode:6a8dabd4-d9aa-4d69-8f5d-1f403dba9ac7
2023-05-04 20:13:54,845 [EventQueue-NodeRegistrationContainerReportForDataNodeSafeModeRule] INFO  safemode.SCMSafeModeManager (DataNodeSafeModeRule.java:process(71)) - SCM in safe mode. 1 DataNodes registered, 3 required.
2023-05-04 20:13:54,846 [EventQueue-PipelineReportForOneReplicaPipelineSafeModeRule] INFO  safemode.SCMSafeModeManager (SCMSafeModeManager.java:validateSafeModeExitRules(200)) - AtleastOneDatanodeReportedRule rule is successfully validated
2023-05-04 20:13:54,852 [RatisPipelineUtilsThread - 0] INFO  pipeline.PipelineStateManagerImpl (PipelineStateManagerImpl.java:addPipeline(103)) - Created pipeline Pipeline[ Id: 7b8377b5-2c8b-4735-a802-e8710c152f67, Nodes: 6a8dabd4-d9aa-4d69-8f5d-1f403dba9ac7(fv-az804-457.cvtsq3ctpw5ehehiek0yp1ke0c.cx.internal.cloudapp.net/10.1.0.20), ReplicationConfig: RATIS/ONE, State:ALLOCATED, leaderId:, CreationTimestamp2023-05-04T20:13:54.842Z[Etc/UTC]].
2023-05-04 20:13:54,854 [Listener at 127.0.0.1/35517] INFO  http.HttpRequestLog (HttpRequestLog.java:getRequestLog(86)) - Http request log for http.requests.hddsDatanode is not defined
2023-05-04 20:13:54,856 [Listener at 127.0.0.1/35517] INFO  http.HttpServer2 (HttpServer2.java:addGlobalFilter(1031)) - Added global filter 'safety' (class=org.apache.hadoop.hdds.server.http.HttpServer2$QuotingInputFilter)
2023-05-04 20:13:54,856 [Listener at 127.0.0.1/35517] INFO  http.HttpServer2 (HttpServer2.java:addFilter(1007)) - Added filter static_user_filter (class=org.apache.hadoop.http.lib.StaticUserWebFilter$StaticUserFilter) to context hddsDatanode
2023-05-04 20:13:54,856 [Listener at 127.0.0.1/35517] INFO  http.HttpServer2 (HttpServer2.java:addFilter(1015)) - Added filter static_user_filter (class=org.apache.hadoop.http.lib.StaticUserWebFilter$StaticUserFilter) to context static
2023-05-04 20:13:54,857 [Listener at 127.0.0.1/35517] INFO  http.HttpServer2 (HttpServer2.java:addFilter(1015)) - Added filter static_user_filter (class=org.apache.hadoop.http.lib.StaticUserWebFilter$StaticUserFilter) to context logs
2023-05-04 20:13:54,857 [Listener at 127.0.0.1/35517] INFO  http.BaseHttpServer (BaseHttpServer.java:<init>(190)) - HTTP server of hddsDatanode uses base directory /home/runner/work/ozone/ozone/hadoop-ozone/integration-test/target/test-dir/MiniOzoneClusterImpl-3ff5bc89-9620-4d46-84f6-68e3c2a3a822/datanode-10/meta/webserver
2023-05-04 20:13:54,857 [Listener at 127.0.0.1/35517] INFO  http.HttpServer2 (HttpServer2.java:bindListener(1250)) - Jetty bound to port 41985
2023-05-04 20:13:54,858 [Listener at 127.0.0.1/35517] INFO  server.Server (Server.java:doStart(375)) - jetty-9.4.51.v20230217; built: 2023-02-17T08:19:37.309Z; git: b45c405e4544384de066f814ed42ae3dceacdd49; jvm 1.8.0_362-b09
2023-05-04 20:13:54,860 [Listener at 127.0.0.1/35517] INFO  server.session (DefaultSessionIdManager.java:doStart(334)) - DefaultSessionIdManager workerName=node0
2023-05-04 20:13:54,860 [Listener at 127.0.0.1/35517] INFO  server.session (DefaultSessionIdManager.java:doStart(339)) - No SessionScavenger set, using defaults
2023-05-04 20:13:54,861 [Listener at 127.0.0.1/35517] INFO  server.session (HouseKeeper.java:startScavenging(132)) - node0 Scavenging every 660000ms
2023-05-04 20:13:54,861 [Listener at 127.0.0.1/35517] INFO  handler.ContextHandler (ContextHandler.java:doStart(921)) - Started o.e.j.s.ServletContextHandler@60c044a3{logs,/logs,file:///home/runner/work/ozone/ozone/hadoop-ozone/integration-test/target/log,AVAILABLE}
2023-05-04 20:13:54,862 [Listener at 127.0.0.1/35517] INFO  handler.ContextHandler (ContextHandler.java:doStart(921)) - Started o.e.j.s.ServletContextHandler@1c96d596{static,/static,jar:file:/home/runner/.m2/repository/org/apache/ozone/hdds-container-service/1.4.0-SNAPSHOT/hdds-container-service-1.4.0-SNAPSHOT.jar!/webapps/static,AVAILABLE}
2023-05-04 20:13:55,055 [Listener at 127.0.0.1/35517] INFO  handler.ContextHandler (ContextHandler.java:doStart(921)) - Started o.e.j.w.WebAppContext@4643b082{hddsDatanode,/,file:///home/runner/work/ozone/ozone/hadoop-ozone/integration-test/target/test-dir/MiniOzoneClusterImpl-3ff5bc89-9620-4d46-84f6-68e3c2a3a822/datanode-10/meta/webserver/jetty-0_0_0_0-41985-hdds-container-service-1_4_0-SNAPSHOT_jar-_-any-471790849891067105/webapp/,AVAILABLE}{jar:file:/home/runner/.m2/repository/org/apache/ozone/hdds-container-service/1.4.0-SNAPSHOT/hdds-container-service-1.4.0-SNAPSHOT.jar!/webapps/hddsDatanode}
2023-05-04 20:13:55,057 [Listener at 127.0.0.1/35517] INFO  server.AbstractConnector (AbstractConnector.java:doStart(333)) - Started ServerConnector@5ef85cc5{HTTP/1.1, (http/1.1)}{0.0.0.0:41985}
2023-05-04 20:13:55,057 [Listener at 127.0.0.1/35517] INFO  server.Server (Server.java:doStart(415)) - Started @12860ms
2023-05-04 20:13:55,057 [Listener at 127.0.0.1/35517] WARN  impl.MetricsSystemImpl (MetricsSystemImpl.java:register(279)) - Sink prometheus already exists!
2023-05-04 20:13:55,058 [Listener at 127.0.0.1/35517] INFO  http.BaseHttpServer (BaseHttpServer.java:updateConnectorAddress(344)) - HTTP server of hddsDatanode listening at http://0.0.0.0:41985
2023-05-04 20:13:55,058 [Listener at 127.0.0.1/35517] WARN  impl.MetricRegistriesImpl (MetricRegistriesImpl.java:addReporterRegistration(111)) - New reporters are added after registries were created. Some metrics will be missing from the reporter. Please add reporter before adding any new registry.
2023-05-04 20:13:55,058 [Listener at 127.0.0.1/35517] WARN  impl.MetricRegistriesImpl (MetricRegistriesImpl.java:addReporterRegistration(111)) - New reporters are added after registries were created. Some metrics will be missing from the reporter. Please add reporter before adding any new registry.
2023-05-04 20:13:55,058 [Listener at 127.0.0.1/35517] INFO  impl.MetricsSystemImpl (MetricsSystemImpl.java:init(158)) - HddsDatanode metrics system started (again)
2023-05-04 20:13:55,060 [Datanode State Machine Daemon Thread] INFO  statemachine.DatanodeStateMachine (DatanodeStateMachine.java:lambda$startDaemon$0(524)) - Ozone container server started.
2023-05-04 20:13:55,070 [org.apache.hadoop.util.JvmPauseMonitor$Monitor@2ff666af] INFO  util.JvmPauseMonitor (JvmPauseMonitor.java:run(188)) - Starting JVM pause monitor
2023-05-04 20:13:55,092 [Datanode State Machine Task Thread - 0] INFO  datanode.InitDatanodeState (InitDatanodeState.java:persistContainerDatanodeDetails(138)) - DatanodeDetails is persisted to /home/runner/work/ozone/ozone/hadoop-ozone/integration-test/target/test-dir/MiniOzoneClusterImpl-3ff5bc89-9620-4d46-84f6-68e3c2a3a822/datanode-10/meta/datanode.id
2023-05-04 20:13:55,097 [Listener at 127.0.0.1/35517] INFO  ozone.HddsDatanodeService (HddsDatanodeService.java:start(252)) - HddsDatanodeService host:fv-az804-457.cvtsq3ctpw5ehehiek0yp1ke0c.cx.internal.cloudapp.net ip:10.1.0.20
2023-05-04 20:13:55,116 [EndpointStateMachine task thread for /0.0.0.0:40805 - 0 ] INFO  utils.DatanodeStoreCache (DatanodeStoreCache.java:addDB(58)) - Added db /home/runner/work/ozone/ozone/hadoop-ozone/integration-test/target/test-dir/MiniOzoneClusterImpl-3ff5bc89-9620-4d46-84f6-68e3c2a3a822/datanode-5/data-0/containers/hdds/3ff5bc89-9620-4d46-84f6-68e3c2a3a822/DS-50fffb3d-0d11-4ded-8a9e-1fa3d11bea15/container.db to cache
2023-05-04 20:13:55,116 [EndpointStateMachine task thread for /0.0.0.0:40805 - 0 ] INFO  volume.HddsVolume (HddsVolume.java:createDbStore(350)) - SchemaV3 db is created and loaded at /home/runner/work/ozone/ozone/hadoop-ozone/integration-test/target/test-dir/MiniOzoneClusterImpl-3ff5bc89-9620-4d46-84f6-68e3c2a3a822/datanode-5/data-0/containers/hdds/3ff5bc89-9620-4d46-84f6-68e3c2a3a822/DS-50fffb3d-0d11-4ded-8a9e-1fa3d11bea15/container.db for volume DS-50fffb3d-0d11-4ded-8a9e-1fa3d11bea15
2023-05-04 20:13:55,116 [EndpointStateMachine task thread for /0.0.0.0:40805 - 0 ] INFO  ozoneimpl.OzoneContainer (OzoneContainer.java:start(397)) - Attempting to start container services.
2023-05-04 20:13:55,116 [EndpointStateMachine task thread for /0.0.0.0:40805 - 0 ] INFO  ozoneimpl.OzoneContainer (OzoneContainer.java:startContainerScrub(314)) - Scheduled background container scanners and the on-demand container scanner have been disabled.
2023-05-04 20:13:55,119 [EndpointStateMachine task thread for /0.0.0.0:40805 - 0 ] INFO  replication.ReplicationServer (ReplicationServer.java:start(109)) - ReplicationServer is started using port 38461
2023-05-04 20:13:55,119 [EndpointStateMachine task thread for /0.0.0.0:40805 - 0 ] INFO  ratis.XceiverServerRatis (XceiverServerRatis.java:start(517)) - Starting XceiverServerRatis 71eef059-4e21-465b-a9dc-55002cc631de
2023-05-04 20:13:55,119 [Listener at 127.0.0.1/35517] INFO  upgrade.AbstractLayoutVersionManager (AbstractLayoutVersionManager.java:init(83)) - Initializing Layout version manager with metadata layout = WEBUI_PORTS_IN_DATANODEDETAILS (version = 6), software layout = WEBUI_PORTS_IN_DATANODEDETAILS (version = 6)
2023-05-04 20:13:55,130 [EndpointStateMachine task thread for /0.0.0.0:40805 - 0 ] INFO  server.RaftServer (RaftServerProxy.java:startImpl(393)) - 71eef059-4e21-465b-a9dc-55002cc631de: start RPC server
2023-05-04 20:13:55,137 [EndpointStateMachine task thread for /0.0.0.0:40805 - 0 ] INFO  server.GrpcService (GrpcService.java:startImpl(262)) - 71eef059-4e21-465b-a9dc-55002cc631de: GrpcService started, listening on 46399
2023-05-04 20:13:55,137 [EndpointStateMachine task thread for /0.0.0.0:40805 - 0 ] INFO  ratis.XceiverServerRatis (XceiverServerRatis.java:getRealPort(543)) - XceiverServerRatis 71eef059-4e21-465b-a9dc-55002cc631de is started using port 46399 for RATIS
2023-05-04 20:13:55,137 [EndpointStateMachine task thread for /0.0.0.0:40805 - 0 ] INFO  ratis.XceiverServerRatis (XceiverServerRatis.java:getRealPort(543)) - XceiverServerRatis 71eef059-4e21-465b-a9dc-55002cc631de is started using port 46399 for RATIS_ADMIN
2023-05-04 20:13:55,137 [JvmPauseMonitor6] INFO  util.JvmPauseMonitor (JvmPauseMonitor.java:run(105)) - JvmPauseMonitor-71eef059-4e21-465b-a9dc-55002cc631de: Started
2023-05-04 20:13:55,137 [EndpointStateMachine task thread for /0.0.0.0:40805 - 0 ] INFO  ratis.XceiverServerRatis (XceiverServerRatis.java:getRealPort(543)) - XceiverServerRatis 71eef059-4e21-465b-a9dc-55002cc631de is started using port 46399 for RATIS_SERVER
2023-05-04 20:13:55,137 [EndpointStateMachine task thread for /0.0.0.0:40805 - 0 ] INFO  ratis.XceiverServerRatis (XceiverServerRatis.java:getRealPort(543)) - XceiverServerRatis 71eef059-4e21-465b-a9dc-55002cc631de is started using port 38957 for RATIS_DATASTREAM
2023-05-04 20:13:55,140 [EndpointStateMachine task thread for /0.0.0.0:40805 - 0 ] INFO  server.XceiverServerGrpc (XceiverServerGrpc.java:start(180)) - XceiverServerGrpc 71eef059-4e21-465b-a9dc-55002cc631de is started using port 33533
2023-05-04 20:13:55,143 [BlockDeletingService#0] INFO  interfaces.ContainerDeletionChoosingPolicyTemplate (ContainerDeletionChoosingPolicyTemplate.java:chooseContainerForBlockDeletion(83)) - Chosen 0/5000 blocks from 0 candidate containers.
2023-05-04 20:13:55,183 [Listener at 127.0.0.1/35517] INFO  reflections.Reflections (Reflections.java:scan(232)) - Reflections took 61 ms to scan 7 urls, producing 156 keys and 369 values 
2023-05-04 20:13:55,184 [Listener at 127.0.0.1/35517] INFO  statemachine.DatanodeStateMachine (DatanodeStateMachine.java:getEndPointTaskThreadPoolSize(267)) - Datanode State Machine Task Thread Pool size 2
2023-05-04 20:13:55,187 [Listener at 127.0.0.1/35517] INFO  volume.HddsVolume (HddsVolume.java:<init>(130)) - Creating HddsVolume: /home/runner/work/ozone/ozone/hadoop-ozone/integration-test/target/test-dir/MiniOzoneClusterImpl-3ff5bc89-9620-4d46-84f6-68e3c2a3a822/datanode-11/data-0/containers/hdds of storage type : DISK capacity : 9223372036854775807
2023-05-04 20:13:55,188 [Listener at 127.0.0.1/35517] INFO  volume.MutableVolumeSet (MutableVolumeSet.java:initializeVolumeSet(175)) - Added Volume : /home/runner/work/ozone/ozone/hadoop-ozone/integration-test/target/test-dir/MiniOzoneClusterImpl-3ff5bc89-9620-4d46-84f6-68e3c2a3a822/datanode-11/data-0/containers/hdds to VolumeSet
2023-05-04 20:13:55,188 [Listener at 127.0.0.1/35517] INFO  volume.ThrottledAsyncChecker (ThrottledAsyncChecker.java:schedule(141)) - Scheduling a check for /home/runner/work/ozone/ozone/hadoop-ozone/integration-test/target/test-dir/MiniOzoneClusterImpl-3ff5bc89-9620-4d46-84f6-68e3c2a3a822/datanode-11/data-0/containers/hdds
2023-05-04 20:13:55,188 [Listener at 127.0.0.1/35517] INFO  volume.StorageVolumeChecker (StorageVolumeChecker.java:checkAllVolumes(202)) - Scheduled health check for volume /home/runner/work/ozone/ozone/hadoop-ozone/integration-test/target/test-dir/MiniOzoneClusterImpl-3ff5bc89-9620-4d46-84f6-68e3c2a3a822/datanode-11/data-0/containers/hdds
2023-05-04 20:13:55,199 [Listener at 127.0.0.1/35517] INFO  volume.MutableVolumeSet (MutableVolumeSet.java:initializeVolumeSet(175)) - Added Volume : /home/runner/work/ozone/ozone/hadoop-ozone/integration-test/target/test-dir/MiniOzoneClusterImpl-3ff5bc89-9620-4d46-84f6-68e3c2a3a822/datanode-11/data/ratis to VolumeSet
2023-05-04 20:13:55,199 [Listener at 127.0.0.1/35517] INFO  volume.ThrottledAsyncChecker (ThrottledAsyncChecker.java:schedule(141)) - Scheduling a check for /home/runner/work/ozone/ozone/hadoop-ozone/integration-test/target/test-dir/MiniOzoneClusterImpl-3ff5bc89-9620-4d46-84f6-68e3c2a3a822/datanode-11/data/ratis
2023-05-04 20:13:55,199 [Listener at 127.0.0.1/35517] INFO  volume.StorageVolumeChecker (StorageVolumeChecker.java:checkAllVolumes(202)) - Scheduled health check for volume /home/runner/work/ozone/ozone/hadoop-ozone/integration-test/target/test-dir/MiniOzoneClusterImpl-3ff5bc89-9620-4d46-84f6-68e3c2a3a822/datanode-11/data/ratis
2023-05-04 20:13:55,209 [Thread-332] INFO  ozoneimpl.ContainerReader (ContainerReader.java:readVolume(175)) - Finish verifying containers on volume /home/runner/work/ozone/ozone/hadoop-ozone/integration-test/target/test-dir/MiniOzoneClusterImpl-3ff5bc89-9620-4d46-84f6-68e3c2a3a822/datanode-11/data-0/containers/hdds
2023-05-04 20:13:55,209 [Listener at 127.0.0.1/35517] INFO  ozoneimpl.OzoneContainer (OzoneContainer.java:buildContainerSet(303)) - Build ContainerSet costs 0s
2023-05-04 20:13:55,214 [Listener at 127.0.0.1/35517] INFO  server.RaftServer (ConfUtils.java:logGet(46)) - raft.rpc.type = GRPC (default)
2023-05-04 20:13:55,214 [Listener at 127.0.0.1/35517] INFO  grpc.GrpcConfigKeys (ConfUtils.java:logFallback(53)) - raft.grpc.admin.host = null (fallback to raft.grpc.server.host)
2023-05-04 20:13:55,214 [Listener at 127.0.0.1/35517] INFO  grpc.GrpcConfigKeys (ConfUtils.java:logGet(46)) - raft.grpc.admin.port = 0 (custom)
2023-05-04 20:13:55,214 [Listener at 127.0.0.1/35517] INFO  grpc.GrpcConfigKeys (ConfUtils.java:logFallback(53)) - raft.grpc.client.host = null (fallback to raft.grpc.server.host)
2023-05-04 20:13:55,214 [Listener at 127.0.0.1/35517] INFO  grpc.GrpcConfigKeys (ConfUtils.java:logGet(46)) - raft.grpc.client.port = 0 (custom)
2023-05-04 20:13:55,215 [Listener at 127.0.0.1/35517] INFO  grpc.GrpcConfigKeys (ConfUtils.java:logGet(46)) - raft.grpc.server.host = null (default)
2023-05-04 20:13:55,215 [Listener at 127.0.0.1/35517] INFO  grpc.GrpcConfigKeys (ConfUtils.java:logGet(46)) - raft.grpc.server.port = 0 (default)
2023-05-04 20:13:55,215 [Listener at 127.0.0.1/35517] INFO  server.GrpcService (ConfUtils.java:logGet(46)) - raft.grpc.message.size.max = 32MB (=33554432) (custom)
2023-05-04 20:13:55,215 [Listener at 127.0.0.1/35517] INFO  server.RaftServerConfigKeys (ConfUtils.java:logGet(46)) - raft.server.log.appender.buffer.byte-limit = 33554432 (custom)
2023-05-04 20:13:55,215 [Listener at 127.0.0.1/35517] INFO  server.GrpcService (ConfUtils.java:logGet(46)) - raft.grpc.flow.control.window = 5MB (=5242880) (custom)
2023-05-04 20:13:55,215 [Listener at 127.0.0.1/35517] INFO  server.RaftServerConfigKeys (ConfUtils.java:logGet(46)) - raft.server.rpc.request.timeout = 60s (custom)
2023-05-04 20:13:55,215 [Listener at 127.0.0.1/35517] INFO  grpc.GrpcConfigKeys (ConfUtils.java:logGet(46)) - raft.grpc.server.heartbeat.channel = true (default)
2023-05-04 20:13:55,215 [Listener at 127.0.0.1/35517] INFO  grpc.GrpcConfigKeys (ConfUtils.java:logGet(46)) - raft.grpc.server.async.request.thread.pool.cached = true (default)
2023-05-04 20:13:55,215 [Listener at 127.0.0.1/35517] INFO  grpc.GrpcConfigKeys (ConfUtils.java:logGet(46)) - raft.grpc.server.async.request.thread.pool.size = 32 (default)
2023-05-04 20:13:55,217 [Listener at 127.0.0.1/35517] INFO  impl.DataStreamServerImpl (ConfUtils.java:logGet(46)) - raft.datastream.type = NETTY (custom)
2023-05-04 20:13:55,218 [Listener at 127.0.0.1/35517] INFO  server.RaftServerConfigKeys (ConfUtils.java:logGet(46)) - raft.server.data-stream.async.request.thread.pool.cached = false (default)
2023-05-04 20:13:55,218 [Listener at 127.0.0.1/35517] INFO  server.RaftServerConfigKeys (ConfUtils.java:logGet(46)) - raft.server.data-stream.async.request.thread.pool.size = 20 (custom)
2023-05-04 20:13:55,219 [Listener at 127.0.0.1/35517] INFO  server.RaftServerConfigKeys (ConfUtils.java:logGet(46)) - raft.server.data-stream.async.write.thread.pool.size = 16 (default)
2023-05-04 20:13:55,219 [Listener at 127.0.0.1/35517] INFO  server.RaftServerConfigKeys (ConfUtils.java:logGet(46)) - raft.server.data-stream.client.pool.size = 10 (default)
2023-05-04 20:13:55,219 [Listener at 127.0.0.1/35517] INFO  netty.NettyConfigKeys$DataStream (ConfUtils.java:logGet(46)) - raft.netty.dataStream.server.use-epoll = false (default)
2023-05-04 20:13:55,219 [Listener at 127.0.0.1/35517] INFO  netty.NettyConfigKeys$DataStream (ConfUtils.java:logGet(46)) - raft.netty.dataStream.server.boss-group.size = 0 (default)
2023-05-04 20:13:55,234 [Listener at 127.0.0.1/35517] INFO  netty.NettyConfigKeys$DataStream (ConfUtils.java:logGet(46)) - raft.netty.dataStream.server.worker-group.size = 0 (default)
2023-05-04 20:13:55,235 [Listener at 127.0.0.1/35517] INFO  netty.NettyConfigKeys$DataStream (ConfUtils.java:logGet(46)) - raft.netty.dataStream.server.tls.conf = null (default)
2023-05-04 20:13:55,235 [Listener at 127.0.0.1/35517] INFO  netty.NettyConfigKeys$DataStream (ConfUtils.java:logGet(46)) - raft.netty.dataStream.host = null (default)
2023-05-04 20:13:55,235 [Listener at 127.0.0.1/35517] INFO  netty.NettyConfigKeys$DataStream (ConfUtils.java:logGet(46)) - raft.netty.dataStream.port = 0 (default)
2023-05-04 20:13:55,235 [Listener at 127.0.0.1/35517] INFO  server.RaftServerConfigKeys (ConfUtils.java:logGet(46)) - raft.server.threadpool.proxy.cached = true (default)
2023-05-04 20:13:55,238 [Listener at 127.0.0.1/35517] INFO  server.RaftServerConfigKeys (ConfUtils.java:logGet(46)) - raft.server.threadpool.proxy.size = 0 (default)
2023-05-04 20:13:55,239 [b4df0636-e8ba-4aa2-9ff9-49534f1768bf-NettyServerStreamRpc-bossGroup--thread1] INFO  logging.LoggingHandler (AbstractInternalLogger.java:log(148)) - [id: 0x8fd572e9] REGISTERED
2023-05-04 20:13:55,240 [Listener at 127.0.0.1/35517] INFO  server.RaftServerConfigKeys (ConfUtils.java:logGet(46)) - raft.server.rpc.slowness.timeout = 300s (custom)
2023-05-04 20:13:55,240 [b4df0636-e8ba-4aa2-9ff9-49534f1768bf-NettyServerStreamRpc-bossGroup--thread1] INFO  logging.LoggingHandler (AbstractInternalLogger.java:log(148)) - [id: 0x8fd572e9] BIND: 0.0.0.0/0.0.0.0:0
2023-05-04 20:13:55,240 [Listener at 127.0.0.1/35517] INFO  server.RaftServerConfigKeys (ConfUtils.java:logGet(46)) - raft.server.leaderelection.leader.step-down.wait-time = 10s (default)
2023-05-04 20:13:55,240 [b4df0636-e8ba-4aa2-9ff9-49534f1768bf-NettyServerStreamRpc-bossGroup--thread1] INFO  logging.LoggingHandler (AbstractInternalLogger.java:log(148)) - [id: 0x8fd572e9, L:/0:0:0:0:0:0:0:0:43847] ACTIVE
2023-05-04 20:13:55,240 [Listener at 127.0.0.1/35517] INFO  server.RaftServerConfigKeys (ConfUtils.java:logGet(46)) - raft.server.storage.dir = [/home/runner/work/ozone/ozone/hadoop-ozone/integration-test/target/test-dir/MiniOzoneClusterImpl-3ff5bc89-9620-4d46-84f6-68e3c2a3a822/datanode-11/data/ratis] (custom)
2023-05-04 20:13:55,242 [Listener at 127.0.0.1/35517] INFO  server.XceiverServerGrpc (XceiverServerGrpc.java:<init>(132)) - GrpcServer channel type EpollServerSocketChannel
2023-05-04 20:13:55,246 [Listener at 127.0.0.1/35517] INFO  replication.ReplicationSupervisor (ReplicationSupervisor.java:nodeStateUpdated(290)) - Node state updated to IN_SERVICE, scaling executor pool size to 10
2023-05-04 20:13:55,251 [Listener at 127.0.0.1/35517] INFO  http.BaseHttpServer (BaseHttpServer.java:newHttpServer2BuilderForOzone(224)) - Starting Web-server for hddsDatanode at: http://0.0.0.0:0
2023-05-04 20:13:55,252 [Listener at 127.0.0.1/35517] INFO  http.BaseHttpServer (BaseHttpServer.java:<init>(111)) - Hadoop Security Enabled: false Ozone Security Enabled: false Ozone HTTP Security Enabled: false 
2023-05-04 20:13:55,253 [Listener at 127.0.0.1/35517] WARN  server.AuthenticationFilter (AuthenticationFilter.java:constructSecretProvider(240)) - Unable to initialize FileSignerSecretProvider, falling back to use random secrets. Reason: Could not read signature secret file: /home/runner/hadoop-http-auth-signature-secret
2023-05-04 20:13:55,256 [Listener at 127.0.0.1/35517] INFO  http.HttpRequestLog (HttpRequestLog.java:getRequestLog(86)) - Http request log for http.requests.hddsDatanode is not defined
2023-05-04 20:13:55,257 [Listener at 127.0.0.1/35517] INFO  http.HttpServer2 (HttpServer2.java:addGlobalFilter(1031)) - Added global filter 'safety' (class=org.apache.hadoop.hdds.server.http.HttpServer2$QuotingInputFilter)
2023-05-04 20:13:55,258 [Listener at 127.0.0.1/35517] INFO  http.HttpServer2 (HttpServer2.java:addFilter(1007)) - Added filter static_user_filter (class=org.apache.hadoop.http.lib.StaticUserWebFilter$StaticUserFilter) to context hddsDatanode
2023-05-04 20:13:55,258 [Listener at 127.0.0.1/35517] INFO  http.HttpServer2 (HttpServer2.java:addFilter(1015)) - Added filter static_user_filter (class=org.apache.hadoop.http.lib.StaticUserWebFilter$StaticUserFilter) to context logs
2023-05-04 20:13:55,258 [Listener at 127.0.0.1/35517] INFO  http.HttpServer2 (HttpServer2.java:addFilter(1015)) - Added filter static_user_filter (class=org.apache.hadoop.http.lib.StaticUserWebFilter$StaticUserFilter) to context static
2023-05-04 20:13:55,259 [Listener at 127.0.0.1/35517] INFO  http.BaseHttpServer (BaseHttpServer.java:<init>(190)) - HTTP server of hddsDatanode uses base directory /home/runner/work/ozone/ozone/hadoop-ozone/integration-test/target/test-dir/MiniOzoneClusterImpl-3ff5bc89-9620-4d46-84f6-68e3c2a3a822/datanode-11/meta/webserver
2023-05-04 20:13:55,259 [Listener at 127.0.0.1/35517] INFO  http.HttpServer2 (HttpServer2.java:bindListener(1250)) - Jetty bound to port 39675
2023-05-04 20:13:55,259 [Listener at 127.0.0.1/35517] INFO  server.Server (Server.java:doStart(375)) - jetty-9.4.51.v20230217; built: 2023-02-17T08:19:37.309Z; git: b45c405e4544384de066f814ed42ae3dceacdd49; jvm 1.8.0_362-b09
2023-05-04 20:13:55,265 [Listener at 127.0.0.1/35517] INFO  server.session (DefaultSessionIdManager.java:doStart(334)) - DefaultSessionIdManager workerName=node0
2023-05-04 20:13:55,265 [Listener at 127.0.0.1/35517] INFO  server.session (DefaultSessionIdManager.java:doStart(339)) - No SessionScavenger set, using defaults
2023-05-04 20:13:55,266 [Listener at 127.0.0.1/35517] INFO  server.session (HouseKeeper.java:startScavenging(132)) - node0 Scavenging every 660000ms
2023-05-04 20:13:55,266 [Listener at 127.0.0.1/35517] INFO  handler.ContextHandler (ContextHandler.java:doStart(921)) - Started o.e.j.s.ServletContextHandler@55048b81{logs,/logs,file:///home/runner/work/ozone/ozone/hadoop-ozone/integration-test/target/log,AVAILABLE}
2023-05-04 20:13:55,267 [Listener at 127.0.0.1/35517] INFO  handler.ContextHandler (ContextHandler.java:doStart(921)) - Started o.e.j.s.ServletContextHandler@5888b01d{static,/static,jar:file:/home/runner/.m2/repository/org/apache/ozone/hdds-container-service/1.4.0-SNAPSHOT/hdds-container-service-1.4.0-SNAPSHOT.jar!/webapps/static,AVAILABLE}
2023-05-04 20:13:55,423 [IPC Server handler 2 on default port 40805] INFO  net.NetworkTopologyImpl (NetworkTopologyImpl.java:add(112)) - Added a new node: /default-rack/b957fc71-c761-4d97-9df6-bc970b063b54
2023-05-04 20:13:55,424 [IPC Server handler 2 on default port 40805] INFO  node.SCMNodeManager (SCMNodeManager.java:register(407)) - Registered Data node : b957fc71-c761-4d97-9df6-bc970b063b54{ip: 10.1.0.20, host: fv-az804-457.cvtsq3ctpw5ehehiek0yp1ke0c.cx.internal.cloudapp.net, ports: [HTTP=37865, REPLICATION=35759, RATIS=38747, RATIS_ADMIN=38747, RATIS_SERVER=38747, RATIS_DATASTREAM=39175, STANDALONE=37531], networkLocation: /default-rack, certSerialId: null, persistedOpState: null, persistedOpStateExpiryEpochSec: 0}
2023-05-04 20:13:55,424 [EventQueue-NodeRegistrationContainerReportForDataNodeSafeModeRule] INFO  safemode.SCMSafeModeManager (DataNodeSafeModeRule.java:process(71)) - SCM in safe mode. 2 DataNodes registered, 3 required.
2023-05-04 20:13:55,425 [EventQueue-NewNodeForNewNodeHandler] INFO  pipeline.BackgroundPipelineCreator (BackgroundPipelineCreator.java:notifyEventTriggered(276)) - trigger a one-shot run on RatisPipelineUtilsThread.
2023-05-04 20:13:55,430 [RatisPipelineUtilsThread - 0] INFO  pipeline.RatisPipelineProvider (RatisPipelineProvider.java:lambda$create$0(206)) - Sending CreatePipelineCommand for pipeline:PipelineID=9b1a5895-49ca-450a-b1ce-9af4574f81c0 to datanode:b957fc71-c761-4d97-9df6-bc970b063b54
2023-05-04 20:13:55,431 [RatisPipelineUtilsThread - 0] INFO  pipeline.PipelineStateManagerImpl (PipelineStateManagerImpl.java:addPipeline(103)) - Created pipeline Pipeline[ Id: 9b1a5895-49ca-450a-b1ce-9af4574f81c0, Nodes: b957fc71-c761-4d97-9df6-bc970b063b54(fv-az804-457.cvtsq3ctpw5ehehiek0yp1ke0c.cx.internal.cloudapp.net/10.1.0.20), ReplicationConfig: RATIS/ONE, State:ALLOCATED, leaderId:, CreationTimestamp2023-05-04T20:13:55.430Z[Etc/UTC]].
2023-05-04 20:13:55,466 [Listener at 127.0.0.1/35517] INFO  handler.ContextHandler (ContextHandler.java:doStart(921)) - Started o.e.j.w.WebAppContext@789e7ca{hddsDatanode,/,file:///home/runner/work/ozone/ozone/hadoop-ozone/integration-test/target/test-dir/MiniOzoneClusterImpl-3ff5bc89-9620-4d46-84f6-68e3c2a3a822/datanode-11/meta/webserver/jetty-0_0_0_0-39675-hdds-container-service-1_4_0-SNAPSHOT_jar-_-any-5645618088725151069/webapp/,AVAILABLE}{jar:file:/home/runner/.m2/repository/org/apache/ozone/hdds-container-service/1.4.0-SNAPSHOT/hdds-container-service-1.4.0-SNAPSHOT.jar!/webapps/hddsDatanode}
2023-05-04 20:13:55,468 [Listener at 127.0.0.1/35517] INFO  server.AbstractConnector (AbstractConnector.java:doStart(333)) - Started ServerConnector@45f5fdd{HTTP/1.1, (http/1.1)}{0.0.0.0:39675}
2023-05-04 20:13:55,468 [Listener at 127.0.0.1/35517] INFO  server.Server (Server.java:doStart(415)) - Started @13271ms
2023-05-04 20:13:55,468 [Listener at 127.0.0.1/35517] WARN  impl.MetricsSystemImpl (MetricsSystemImpl.java:register(279)) - Sink prometheus already exists!
2023-05-04 20:13:55,469 [Listener at 127.0.0.1/35517] INFO  http.BaseHttpServer (BaseHttpServer.java:updateConnectorAddress(344)) - HTTP server of hddsDatanode listening at http://0.0.0.0:39675
2023-05-04 20:13:55,470 [Listener at 127.0.0.1/35517] WARN  impl.MetricRegistriesImpl (MetricRegistriesImpl.java:addReporterRegistration(111)) - New reporters are added after registries were created. Some metrics will be missing from the reporter. Please add reporter before adding any new registry.
2023-05-04 20:13:55,470 [Listener at 127.0.0.1/35517] WARN  impl.MetricRegistriesImpl (MetricRegistriesImpl.java:addReporterRegistration(111)) - New reporters are added after registries were created. Some metrics will be missing from the reporter. Please add reporter before adding any new registry.
2023-05-04 20:13:55,470 [Listener at 127.0.0.1/35517] INFO  impl.MetricsSystemImpl (MetricsSystemImpl.java:init(158)) - HddsDatanode metrics system started (again)
2023-05-04 20:13:55,470 [Datanode State Machine Daemon Thread] INFO  statemachine.DatanodeStateMachine (DatanodeStateMachine.java:lambda$startDaemon$0(524)) - Ozone container server started.
2023-05-04 20:13:55,487 [Listener at 127.0.0.1/35517] INFO  ozone.HddsDatanodeService (HddsDatanodeService.java:start(252)) - HddsDatanodeService host:fv-az804-457.cvtsq3ctpw5ehehiek0yp1ke0c.cx.internal.cloudapp.net ip:10.1.0.20
2023-05-04 20:13:55,488 [org.apache.hadoop.util.JvmPauseMonitor$Monitor@1a067c67] INFO  util.JvmPauseMonitor (JvmPauseMonitor.java:run(188)) - Starting JVM pause monitor
2023-05-04 20:13:55,493 [Datanode State Machine Task Thread - 0] INFO  datanode.InitDatanodeState (InitDatanodeState.java:persistContainerDatanodeDetails(138)) - DatanodeDetails is persisted to /home/runner/work/ozone/ozone/hadoop-ozone/integration-test/target/test-dir/MiniOzoneClusterImpl-3ff5bc89-9620-4d46-84f6-68e3c2a3a822/datanode-11/meta/datanode.id
2023-05-04 20:13:55,506 [Listener at 127.0.0.1/35517] INFO  upgrade.AbstractLayoutVersionManager (AbstractLayoutVersionManager.java:init(83)) - Initializing Layout version manager with metadata layout = WEBUI_PORTS_IN_DATANODEDETAILS (version = 6), software layout = WEBUI_PORTS_IN_DATANODEDETAILS (version = 6)
2023-05-04 20:13:55,593 [EndpointStateMachine task thread for /0.0.0.0:40805 - 0 ] INFO  utils.DatanodeStoreCache (DatanodeStoreCache.java:addDB(58)) - Added db /home/runner/work/ozone/ozone/hadoop-ozone/integration-test/target/test-dir/MiniOzoneClusterImpl-3ff5bc89-9620-4d46-84f6-68e3c2a3a822/datanode-6/data-0/containers/hdds/3ff5bc89-9620-4d46-84f6-68e3c2a3a822/DS-99d3d696-3538-4e57-bf85-b5a420d55c7f/container.db to cache
2023-05-04 20:13:55,593 [EndpointStateMachine task thread for /0.0.0.0:40805 - 0 ] INFO  volume.HddsVolume (HddsVolume.java:createDbStore(350)) - SchemaV3 db is created and loaded at /home/runner/work/ozone/ozone/hadoop-ozone/integration-test/target/test-dir/MiniOzoneClusterImpl-3ff5bc89-9620-4d46-84f6-68e3c2a3a822/datanode-6/data-0/containers/hdds/3ff5bc89-9620-4d46-84f6-68e3c2a3a822/DS-99d3d696-3538-4e57-bf85-b5a420d55c7f/container.db for volume DS-99d3d696-3538-4e57-bf85-b5a420d55c7f
2023-05-04 20:13:55,593 [EndpointStateMachine task thread for /0.0.0.0:40805 - 0 ] INFO  ozoneimpl.OzoneContainer (OzoneContainer.java:start(397)) - Attempting to start container services.
2023-05-04 20:13:55,593 [EndpointStateMachine task thread for /0.0.0.0:40805 - 0 ] INFO  ozoneimpl.OzoneContainer (OzoneContainer.java:startContainerScrub(314)) - Scheduled background container scanners and the on-demand container scanner have been disabled.
2023-05-04 20:13:55,606 [EndpointStateMachine task thread for /0.0.0.0:40805 - 0 ] INFO  replication.ReplicationServer (ReplicationServer.java:start(109)) - ReplicationServer is started using port 40285
2023-05-04 20:13:55,607 [EndpointStateMachine task thread for /0.0.0.0:40805 - 0 ] INFO  ratis.XceiverServerRatis (XceiverServerRatis.java:start(517)) - Starting XceiverServerRatis eaea20cf-c5ca-4d45-84fe-4a8214ec7204
2023-05-04 20:13:55,607 [EndpointStateMachine task thread for /0.0.0.0:40805 - 0 ] INFO  server.RaftServer (RaftServerProxy.java:startImpl(393)) - eaea20cf-c5ca-4d45-84fe-4a8214ec7204: start RPC server
2023-05-04 20:13:55,615 [EndpointStateMachine task thread for /0.0.0.0:40805 - 0 ] INFO  server.GrpcService (GrpcService.java:startImpl(262)) - eaea20cf-c5ca-4d45-84fe-4a8214ec7204: GrpcService started, listening on 42299
2023-05-04 20:13:55,619 [EndpointStateMachine task thread for /0.0.0.0:40805 - 0 ] INFO  ratis.XceiverServerRatis (XceiverServerRatis.java:getRealPort(543)) - XceiverServerRatis eaea20cf-c5ca-4d45-84fe-4a8214ec7204 is started using port 42299 for RATIS
2023-05-04 20:13:55,619 [EndpointStateMachine task thread for /0.0.0.0:40805 - 0 ] INFO  ratis.XceiverServerRatis (XceiverServerRatis.java:getRealPort(543)) - XceiverServerRatis eaea20cf-c5ca-4d45-84fe-4a8214ec7204 is started using port 42299 for RATIS_ADMIN
2023-05-04 20:13:55,619 [EndpointStateMachine task thread for /0.0.0.0:40805 - 0 ] INFO  ratis.XceiverServerRatis (XceiverServerRatis.java:getRealPort(543)) - XceiverServerRatis eaea20cf-c5ca-4d45-84fe-4a8214ec7204 is started using port 42299 for RATIS_SERVER
2023-05-04 20:13:55,619 [EndpointStateMachine task thread for /0.0.0.0:40805 - 0 ] INFO  ratis.XceiverServerRatis (XceiverServerRatis.java:getRealPort(543)) - XceiverServerRatis eaea20cf-c5ca-4d45-84fe-4a8214ec7204 is started using port 45285 for RATIS_DATASTREAM
2023-05-04 20:13:55,620 [JvmPauseMonitor7] INFO  util.JvmPauseMonitor (JvmPauseMonitor.java:run(105)) - JvmPauseMonitor-eaea20cf-c5ca-4d45-84fe-4a8214ec7204: Started
2023-05-04 20:13:55,620 [Listener at 127.0.0.1/35517] INFO  reflections.Reflections (Reflections.java:scan(232)) - Reflections took 113 ms to scan 7 urls, producing 156 keys and 369 values 
2023-05-04 20:13:55,623 [Listener at 127.0.0.1/35517] INFO  statemachine.DatanodeStateMachine (DatanodeStateMachine.java:getEndPointTaskThreadPoolSize(267)) - Datanode State Machine Task Thread Pool size 2
2023-05-04 20:13:55,626 [Listener at 127.0.0.1/35517] INFO  volume.HddsVolume (HddsVolume.java:<init>(130)) - Creating HddsVolume: /home/runner/work/ozone/ozone/hadoop-ozone/integration-test/target/test-dir/MiniOzoneClusterImpl-3ff5bc89-9620-4d46-84f6-68e3c2a3a822/datanode-12/data-0/containers/hdds of storage type : DISK capacity : 9223372036854775807
2023-05-04 20:13:55,626 [EndpointStateMachine task thread for /0.0.0.0:40805 - 0 ] INFO  server.XceiverServerGrpc (XceiverServerGrpc.java:start(180)) - XceiverServerGrpc eaea20cf-c5ca-4d45-84fe-4a8214ec7204 is started using port 39839
2023-05-04 20:13:55,629 [BlockDeletingService#0] INFO  interfaces.ContainerDeletionChoosingPolicyTemplate (ContainerDeletionChoosingPolicyTemplate.java:chooseContainerForBlockDeletion(83)) - Chosen 0/5000 blocks from 0 candidate containers.
2023-05-04 20:13:55,629 [Listener at 127.0.0.1/35517] INFO  volume.MutableVolumeSet (MutableVolumeSet.java:initializeVolumeSet(175)) - Added Volume : /home/runner/work/ozone/ozone/hadoop-ozone/integration-test/target/test-dir/MiniOzoneClusterImpl-3ff5bc89-9620-4d46-84f6-68e3c2a3a822/datanode-12/data-0/containers/hdds to VolumeSet
2023-05-04 20:13:55,629 [Listener at 127.0.0.1/35517] INFO  volume.ThrottledAsyncChecker (ThrottledAsyncChecker.java:schedule(141)) - Scheduling a check for /home/runner/work/ozone/ozone/hadoop-ozone/integration-test/target/test-dir/MiniOzoneClusterImpl-3ff5bc89-9620-4d46-84f6-68e3c2a3a822/datanode-12/data-0/containers/hdds
2023-05-04 20:13:55,630 [Listener at 127.0.0.1/35517] INFO  volume.StorageVolumeChecker (StorageVolumeChecker.java:checkAllVolumes(202)) - Scheduled health check for volume /home/runner/work/ozone/ozone/hadoop-ozone/integration-test/target/test-dir/MiniOzoneClusterImpl-3ff5bc89-9620-4d46-84f6-68e3c2a3a822/datanode-12/data-0/containers/hdds
2023-05-04 20:13:55,644 [Listener at 127.0.0.1/35517] INFO  volume.MutableVolumeSet (MutableVolumeSet.java:initializeVolumeSet(175)) - Added Volume : /home/runner/work/ozone/ozone/hadoop-ozone/integration-test/target/test-dir/MiniOzoneClusterImpl-3ff5bc89-9620-4d46-84f6-68e3c2a3a822/datanode-12/data/ratis to VolumeSet
2023-05-04 20:13:55,650 [Listener at 127.0.0.1/35517] INFO  volume.ThrottledAsyncChecker (ThrottledAsyncChecker.java:schedule(141)) - Scheduling a check for /home/runner/work/ozone/ozone/hadoop-ozone/integration-test/target/test-dir/MiniOzoneClusterImpl-3ff5bc89-9620-4d46-84f6-68e3c2a3a822/datanode-12/data/ratis
2023-05-04 20:13:55,650 [Listener at 127.0.0.1/35517] INFO  volume.StorageVolumeChecker (StorageVolumeChecker.java:checkAllVolumes(202)) - Scheduled health check for volume /home/runner/work/ozone/ozone/hadoop-ozone/integration-test/target/test-dir/MiniOzoneClusterImpl-3ff5bc89-9620-4d46-84f6-68e3c2a3a822/datanode-12/data/ratis
2023-05-04 20:13:55,667 [Thread-351] INFO  ozoneimpl.ContainerReader (ContainerReader.java:readVolume(175)) - Finish verifying containers on volume /home/runner/work/ozone/ozone/hadoop-ozone/integration-test/target/test-dir/MiniOzoneClusterImpl-3ff5bc89-9620-4d46-84f6-68e3c2a3a822/datanode-12/data-0/containers/hdds
2023-05-04 20:13:55,667 [Listener at 127.0.0.1/35517] INFO  ozoneimpl.OzoneContainer (OzoneContainer.java:buildContainerSet(303)) - Build ContainerSet costs 0s
2023-05-04 20:13:55,670 [Listener at 127.0.0.1/35517] INFO  server.RaftServer (ConfUtils.java:logGet(46)) - raft.rpc.type = GRPC (default)
2023-05-04 20:13:55,670 [Listener at 127.0.0.1/35517] INFO  grpc.GrpcConfigKeys (ConfUtils.java:logFallback(53)) - raft.grpc.admin.host = null (fallback to raft.grpc.server.host)
2023-05-04 20:13:55,671 [Listener at 127.0.0.1/35517] INFO  grpc.GrpcConfigKeys (ConfUtils.java:logGet(46)) - raft.grpc.admin.port = 0 (custom)
2023-05-04 20:13:55,671 [Listener at 127.0.0.1/35517] INFO  grpc.GrpcConfigKeys (ConfUtils.java:logFallback(53)) - raft.grpc.client.host = null (fallback to raft.grpc.server.host)
2023-05-04 20:13:55,671 [Listener at 127.0.0.1/35517] INFO  grpc.GrpcConfigKeys (ConfUtils.java:logGet(46)) - raft.grpc.client.port = 0 (custom)
2023-05-04 20:13:55,671 [Listener at 127.0.0.1/35517] INFO  grpc.GrpcConfigKeys (ConfUtils.java:logGet(46)) - raft.grpc.server.host = null (default)
2023-05-04 20:13:55,671 [Listener at 127.0.0.1/35517] INFO  grpc.GrpcConfigKeys (ConfUtils.java:logGet(46)) - raft.grpc.server.port = 0 (default)
2023-05-04 20:13:55,671 [Listener at 127.0.0.1/35517] INFO  server.GrpcService (ConfUtils.java:logGet(46)) - raft.grpc.message.size.max = 32MB (=33554432) (custom)
2023-05-04 20:13:55,671 [Listener at 127.0.0.1/35517] INFO  server.RaftServerConfigKeys (ConfUtils.java:logGet(46)) - raft.server.log.appender.buffer.byte-limit = 33554432 (custom)
2023-05-04 20:13:55,672 [Listener at 127.0.0.1/35517] INFO  server.GrpcService (ConfUtils.java:logGet(46)) - raft.grpc.flow.control.window = 5MB (=5242880) (custom)
2023-05-04 20:13:55,672 [Listener at 127.0.0.1/35517] INFO  server.RaftServerConfigKeys (ConfUtils.java:logGet(46)) - raft.server.rpc.request.timeout = 60s (custom)
2023-05-04 20:13:55,672 [Listener at 127.0.0.1/35517] INFO  grpc.GrpcConfigKeys (ConfUtils.java:logGet(46)) - raft.grpc.server.heartbeat.channel = true (default)
2023-05-04 20:13:55,672 [Listener at 127.0.0.1/35517] INFO  grpc.GrpcConfigKeys (ConfUtils.java:logGet(46)) - raft.grpc.server.async.request.thread.pool.cached = true (default)
2023-05-04 20:13:55,673 [Listener at 127.0.0.1/35517] INFO  grpc.GrpcConfigKeys (ConfUtils.java:logGet(46)) - raft.grpc.server.async.request.thread.pool.size = 32 (default)
2023-05-04 20:13:55,674 [Listener at 127.0.0.1/35517] INFO  impl.DataStreamServerImpl (ConfUtils.java:logGet(46)) - raft.datastream.type = NETTY (custom)
2023-05-04 20:13:55,675 [Listener at 127.0.0.1/35517] INFO  server.RaftServerConfigKeys (ConfUtils.java:logGet(46)) - raft.server.data-stream.async.request.thread.pool.cached = false (default)
2023-05-04 20:13:55,675 [Listener at 127.0.0.1/35517] INFO  server.RaftServerConfigKeys (ConfUtils.java:logGet(46)) - raft.server.data-stream.async.request.thread.pool.size = 20 (custom)
2023-05-04 20:13:55,676 [Listener at 127.0.0.1/35517] INFO  server.RaftServerConfigKeys (ConfUtils.java:logGet(46)) - raft.server.data-stream.async.write.thread.pool.size = 16 (default)
2023-05-04 20:13:55,676 [Listener at 127.0.0.1/35517] INFO  server.RaftServerConfigKeys (ConfUtils.java:logGet(46)) - raft.server.data-stream.client.pool.size = 10 (default)
2023-05-04 20:13:55,676 [Listener at 127.0.0.1/35517] INFO  netty.NettyConfigKeys$DataStream (ConfUtils.java:logGet(46)) - raft.netty.dataStream.server.use-epoll = false (default)
2023-05-04 20:13:55,676 [Listener at 127.0.0.1/35517] INFO  netty.NettyConfigKeys$DataStream (ConfUtils.java:logGet(46)) - raft.netty.dataStream.server.boss-group.size = 0 (default)
2023-05-04 20:13:55,676 [Listener at 127.0.0.1/35517] INFO  netty.NettyConfigKeys$DataStream (ConfUtils.java:logGet(46)) - raft.netty.dataStream.server.worker-group.size = 0 (default)
2023-05-04 20:13:55,677 [Listener at 127.0.0.1/35517] INFO  netty.NettyConfigKeys$DataStream (ConfUtils.java:logGet(46)) - raft.netty.dataStream.server.tls.conf = null (default)
2023-05-04 20:13:55,677 [Listener at 127.0.0.1/35517] INFO  netty.NettyConfigKeys$DataStream (ConfUtils.java:logGet(46)) - raft.netty.dataStream.host = null (default)
2023-05-04 20:13:55,677 [Listener at 127.0.0.1/35517] INFO  netty.NettyConfigKeys$DataStream (ConfUtils.java:logGet(46)) - raft.netty.dataStream.port = 0 (default)
2023-05-04 20:13:55,678 [Listener at 127.0.0.1/35517] INFO  server.RaftServerConfigKeys (ConfUtils.java:logGet(46)) - raft.server.threadpool.proxy.cached = true (default)
2023-05-04 20:13:55,678 [Listener at 127.0.0.1/35517] INFO  server.RaftServerConfigKeys (ConfUtils.java:logGet(46)) - raft.server.threadpool.proxy.size = 0 (default)
2023-05-04 20:13:55,678 [Listener at 127.0.0.1/35517] INFO  server.RaftServerConfigKeys (ConfUtils.java:logGet(46)) - raft.server.rpc.slowness.timeout = 300s (custom)
2023-05-04 20:13:55,678 [Listener at 127.0.0.1/35517] INFO  server.RaftServerConfigKeys (ConfUtils.java:logGet(46)) - raft.server.leaderelection.leader.step-down.wait-time = 10s (default)
2023-05-04 20:13:55,679 [Listener at 127.0.0.1/35517] INFO  server.RaftServerConfigKeys (ConfUtils.java:logGet(46)) - raft.server.storage.dir = [/home/runner/work/ozone/ozone/hadoop-ozone/integration-test/target/test-dir/MiniOzoneClusterImpl-3ff5bc89-9620-4d46-84f6-68e3c2a3a822/datanode-12/data/ratis] (custom)
2023-05-04 20:13:55,683 [Listener at 127.0.0.1/35517] INFO  server.XceiverServerGrpc (XceiverServerGrpc.java:<init>(132)) - GrpcServer channel type EpollServerSocketChannel
2023-05-04 20:13:55,685 [Listener at 127.0.0.1/35517] INFO  replication.ReplicationSupervisor (ReplicationSupervisor.java:nodeStateUpdated(290)) - Node state updated to IN_SERVICE, scaling executor pool size to 10
2023-05-04 20:13:55,686 [Listener at 127.0.0.1/35517] INFO  http.BaseHttpServer (BaseHttpServer.java:newHttpServer2BuilderForOzone(224)) - Starting Web-server for hddsDatanode at: http://0.0.0.0:0
2023-05-04 20:13:55,686 [Listener at 127.0.0.1/35517] INFO  http.BaseHttpServer (BaseHttpServer.java:<init>(111)) - Hadoop Security Enabled: false Ozone Security Enabled: false Ozone HTTP Security Enabled: false 
2023-05-04 20:13:55,688 [Listener at 127.0.0.1/35517] WARN  server.AuthenticationFilter (AuthenticationFilter.java:constructSecretProvider(240)) - Unable to initialize FileSignerSecretProvider, falling back to use random secrets. Reason: Could not read signature secret file: /home/runner/hadoop-http-auth-signature-secret
2023-05-04 20:13:55,688 [4fbe5812-23fe-4964-8001-699203e4df4b-NettyServerStreamRpc-bossGroup--thread1] INFO  logging.LoggingHandler (AbstractInternalLogger.java:log(148)) - [id: 0x543944c6] REGISTERED
2023-05-04 20:13:55,688 [4fbe5812-23fe-4964-8001-699203e4df4b-NettyServerStreamRpc-bossGroup--thread1] INFO  logging.LoggingHandler (AbstractInternalLogger.java:log(148)) - [id: 0x543944c6] BIND: 0.0.0.0/0.0.0.0:0
2023-05-04 20:13:55,688 [4fbe5812-23fe-4964-8001-699203e4df4b-NettyServerStreamRpc-bossGroup--thread1] INFO  logging.LoggingHandler (AbstractInternalLogger.java:log(148)) - [id: 0x543944c6, L:/0:0:0:0:0:0:0:0:36187] ACTIVE
2023-05-04 20:13:55,692 [Listener at 127.0.0.1/35517] INFO  http.HttpRequestLog (HttpRequestLog.java:getRequestLog(86)) - Http request log for http.requests.hddsDatanode is not defined
2023-05-04 20:13:55,693 [Listener at 127.0.0.1/35517] INFO  http.HttpServer2 (HttpServer2.java:addGlobalFilter(1031)) - Added global filter 'safety' (class=org.apache.hadoop.hdds.server.http.HttpServer2$QuotingInputFilter)
2023-05-04 20:13:55,694 [Listener at 127.0.0.1/35517] INFO  http.HttpServer2 (HttpServer2.java:addFilter(1007)) - Added filter static_user_filter (class=org.apache.hadoop.http.lib.StaticUserWebFilter$StaticUserFilter) to context hddsDatanode
2023-05-04 20:13:55,694 [Listener at 127.0.0.1/35517] INFO  http.HttpServer2 (HttpServer2.java:addFilter(1015)) - Added filter static_user_filter (class=org.apache.hadoop.http.lib.StaticUserWebFilter$StaticUserFilter) to context logs
2023-05-04 20:13:55,694 [Listener at 127.0.0.1/35517] INFO  http.HttpServer2 (HttpServer2.java:addFilter(1015)) - Added filter static_user_filter (class=org.apache.hadoop.http.lib.StaticUserWebFilter$StaticUserFilter) to context static
2023-05-04 20:13:55,695 [Listener at 127.0.0.1/35517] INFO  http.BaseHttpServer (BaseHttpServer.java:<init>(190)) - HTTP server of hddsDatanode uses base directory /home/runner/work/ozone/ozone/hadoop-ozone/integration-test/target/test-dir/MiniOzoneClusterImpl-3ff5bc89-9620-4d46-84f6-68e3c2a3a822/datanode-12/meta/webserver
2023-05-04 20:13:55,695 [Listener at 127.0.0.1/35517] INFO  http.HttpServer2 (HttpServer2.java:bindListener(1250)) - Jetty bound to port 45203
2023-05-04 20:13:55,695 [Listener at 127.0.0.1/35517] INFO  server.Server (Server.java:doStart(375)) - jetty-9.4.51.v20230217; built: 2023-02-17T08:19:37.309Z; git: b45c405e4544384de066f814ed42ae3dceacdd49; jvm 1.8.0_362-b09
2023-05-04 20:13:55,698 [Listener at 127.0.0.1/35517] INFO  server.session (DefaultSessionIdManager.java:doStart(334)) - DefaultSessionIdManager workerName=node0
2023-05-04 20:13:55,698 [Listener at 127.0.0.1/35517] INFO  server.session (DefaultSessionIdManager.java:doStart(339)) - No SessionScavenger set, using defaults
2023-05-04 20:13:55,699 [Listener at 127.0.0.1/35517] INFO  server.session (HouseKeeper.java:startScavenging(132)) - node0 Scavenging every 600000ms
2023-05-04 20:13:55,699 [Listener at 127.0.0.1/35517] INFO  handler.ContextHandler (ContextHandler.java:doStart(921)) - Started o.e.j.s.ServletContextHandler@2de39c23{logs,/logs,file:///home/runner/work/ozone/ozone/hadoop-ozone/integration-test/target/log,AVAILABLE}
2023-05-04 20:13:55,700 [Listener at 127.0.0.1/35517] INFO  handler.ContextHandler (ContextHandler.java:doStart(921)) - Started o.e.j.s.ServletContextHandler@1cebbbac{static,/static,jar:file:/home/runner/.m2/repository/org/apache/ozone/hdds-container-service/1.4.0-SNAPSHOT/hdds-container-service-1.4.0-SNAPSHOT.jar!/webapps/static,AVAILABLE}
2023-05-04 20:13:55,874 [IPC Server handler 1 on default port 40805] INFO  net.NetworkTopologyImpl (NetworkTopologyImpl.java:add(112)) - Added a new node: /default-rack/b0971eea-134b-46df-abd0-1018d0776f3a
2023-05-04 20:13:55,875 [IPC Server handler 1 on default port 40805] INFO  node.SCMNodeManager (SCMNodeManager.java:register(407)) - Registered Data node : b0971eea-134b-46df-abd0-1018d0776f3a{ip: 10.1.0.20, host: fv-az804-457.cvtsq3ctpw5ehehiek0yp1ke0c.cx.internal.cloudapp.net, ports: [HTTP=36659, REPLICATION=42907, RATIS=45025, RATIS_ADMIN=45025, RATIS_SERVER=45025, RATIS_DATASTREAM=37217, STANDALONE=43617], networkLocation: /default-rack, certSerialId: null, persistedOpState: null, persistedOpStateExpiryEpochSec: 0}
2023-05-04 20:13:55,875 [EventQueue-NewNodeForNewNodeHandler] INFO  pipeline.BackgroundPipelineCreator (BackgroundPipelineCreator.java:notifyEventTriggered(276)) - trigger a one-shot run on RatisPipelineUtilsThread.
2023-05-04 20:13:55,875 [EventQueue-NodeRegistrationContainerReportForDataNodeSafeModeRule] INFO  safemode.SCMSafeModeManager (DataNodeSafeModeRule.java:process(71)) - SCM in safe mode. 3 DataNodes registered, 3 required.
2023-05-04 20:13:55,876 [RatisPipelineUtilsThread - 0] INFO  pipeline.RatisPipelineProvider (RatisPipelineProvider.java:lambda$create$0(206)) - Sending CreatePipelineCommand for pipeline:PipelineID=37e8137a-4607-4a1f-87cb-b9e9c03ba2b2 to datanode:b0971eea-134b-46df-abd0-1018d0776f3a
2023-05-04 20:13:55,878 [RatisPipelineUtilsThread - 0] INFO  pipeline.PipelineStateManagerImpl (PipelineStateManagerImpl.java:addPipeline(103)) - Created pipeline Pipeline[ Id: 37e8137a-4607-4a1f-87cb-b9e9c03ba2b2, Nodes: b0971eea-134b-46df-abd0-1018d0776f3a(fv-az804-457.cvtsq3ctpw5ehehiek0yp1ke0c.cx.internal.cloudapp.net/10.1.0.20), ReplicationConfig: RATIS/ONE, State:ALLOCATED, leaderId:, CreationTimestamp2023-05-04T20:13:55.876Z[Etc/UTC]].
2023-05-04 20:13:55,877 [EventQueue-NodeRegistrationContainerReportForDataNodeSafeModeRule] INFO  safemode.SCMSafeModeManager (SCMSafeModeManager.java:validateSafeModeExitRules(200)) - DataNodeSafeModeRule rule is successfully validated
2023-05-04 20:13:55,878 [EventQueue-NodeRegistrationContainerReportForDataNodeSafeModeRule] INFO  safemode.SCMSafeModeManager (SCMSafeModeManager.java:completePreCheck(229)) - All SCM safe mode pre check rules have passed
2023-05-04 20:13:55,878 [EventQueue-NodeRegistrationContainerReportForDataNodeSafeModeRule] INFO  ha.SCMContext (SCMContext.java:updateSafeModeStatus(228)) - Update SafeModeStatus from SafeModeStatus{safeModeStatus=true, preCheckPassed=false} to SafeModeStatus{safeModeStatus=true, preCheckPassed=true}.
2023-05-04 20:13:55,878 [EventQueue-NodeRegistrationContainerReportForDataNodeSafeModeRule] INFO  pipeline.BackgroundPipelineCreator (BackgroundPipelineCreator.java:notifyEventTriggered(276)) - trigger a one-shot run on RatisPipelineUtilsThread.
2023-05-04 20:13:55,882 [RatisPipelineUtilsThread - 0] INFO  pipeline.RatisPipelineProvider (RatisPipelineProvider.java:lambda$create$0(206)) - Sending CreatePipelineCommand for pipeline:PipelineID=9898e671-3a8e-4fcd-a845-a5343225ba2e to datanode:6a8dabd4-d9aa-4d69-8f5d-1f403dba9ac7
2023-05-04 20:13:55,882 [RatisPipelineUtilsThread - 0] INFO  pipeline.RatisPipelineProvider (RatisPipelineProvider.java:lambda$create$0(206)) - Sending CreatePipelineCommand for pipeline:PipelineID=9898e671-3a8e-4fcd-a845-a5343225ba2e to datanode:b957fc71-c761-4d97-9df6-bc970b063b54
2023-05-04 20:13:55,882 [RatisPipelineUtilsThread - 0] INFO  pipeline.RatisPipelineProvider (RatisPipelineProvider.java:lambda$create$0(206)) - Sending CreatePipelineCommand for pipeline:PipelineID=9898e671-3a8e-4fcd-a845-a5343225ba2e to datanode:b0971eea-134b-46df-abd0-1018d0776f3a
2023-05-04 20:13:55,883 [RatisPipelineUtilsThread - 0] INFO  pipeline.PipelineStateManagerImpl (PipelineStateManagerImpl.java:addPipeline(103)) - Created pipeline Pipeline[ Id: 9898e671-3a8e-4fcd-a845-a5343225ba2e, Nodes: 6a8dabd4-d9aa-4d69-8f5d-1f403dba9ac7(fv-az804-457.cvtsq3ctpw5ehehiek0yp1ke0c.cx.internal.cloudapp.net/10.1.0.20)b957fc71-c761-4d97-9df6-bc970b063b54(fv-az804-457.cvtsq3ctpw5ehehiek0yp1ke0c.cx.internal.cloudapp.net/10.1.0.20)b0971eea-134b-46df-abd0-1018d0776f3a(fv-az804-457.cvtsq3ctpw5ehehiek0yp1ke0c.cx.internal.cloudapp.net/10.1.0.20), ReplicationConfig: RATIS/THREE, State:ALLOCATED, leaderId:, CreationTimestamp2023-05-04T20:13:55.882Z[Etc/UTC]].
2023-05-04 20:13:55,884 [RatisPipelineUtilsThread - 0] INFO  pipeline.RatisPipelineProvider (RatisPipelineProvider.java:lambda$create$0(206)) - Sending CreatePipelineCommand for pipeline:PipelineID=c3c53669-7552-4c7b-9911-4cba959a46dc to datanode:b0971eea-134b-46df-abd0-1018d0776f3a
2023-05-04 20:13:55,884 [RatisPipelineUtilsThread - 0] INFO  pipeline.RatisPipelineProvider (RatisPipelineProvider.java:lambda$create$0(206)) - Sending CreatePipelineCommand for pipeline:PipelineID=c3c53669-7552-4c7b-9911-4cba959a46dc to datanode:6a8dabd4-d9aa-4d69-8f5d-1f403dba9ac7
2023-05-04 20:13:55,884 [RatisPipelineUtilsThread - 0] INFO  pipeline.RatisPipelineProvider (RatisPipelineProvider.java:lambda$create$0(206)) - Sending CreatePipelineCommand for pipeline:PipelineID=c3c53669-7552-4c7b-9911-4cba959a46dc to datanode:b957fc71-c761-4d97-9df6-bc970b063b54
2023-05-04 20:13:55,885 [RatisPipelineUtilsThread - 0] INFO  pipeline.PipelineStateManagerImpl (PipelineStateManagerImpl.java:addPipeline(103)) - Created pipeline Pipeline[ Id: c3c53669-7552-4c7b-9911-4cba959a46dc, Nodes: b0971eea-134b-46df-abd0-1018d0776f3a(fv-az804-457.cvtsq3ctpw5ehehiek0yp1ke0c.cx.internal.cloudapp.net/10.1.0.20)6a8dabd4-d9aa-4d69-8f5d-1f403dba9ac7(fv-az804-457.cvtsq3ctpw5ehehiek0yp1ke0c.cx.internal.cloudapp.net/10.1.0.20)b957fc71-c761-4d97-9df6-bc970b063b54(fv-az804-457.cvtsq3ctpw5ehehiek0yp1ke0c.cx.internal.cloudapp.net/10.1.0.20), ReplicationConfig: RATIS/THREE, State:ALLOCATED, leaderId:, CreationTimestamp2023-05-04T20:13:55.884Z[Etc/UTC]].
2023-05-04 20:13:55,885 [RatisPipelineUtilsThread - 0] INFO  pipeline.PipelineManagerImpl (PipelineManagerImpl.java:recordMetricsForPipeline(826)) - Pipeline: PipelineID=c3c53669-7552-4c7b-9911-4cba959a46dc contains same datanodes as previous pipelines: PipelineID=9898e671-3a8e-4fcd-a845-a5343225ba2e nodeIds: b0971eea-134b-46df-abd0-1018d0776f3a, 6a8dabd4-d9aa-4d69-8f5d-1f403dba9ac7, b957fc71-c761-4d97-9df6-bc970b063b54
2023-05-04 20:13:55,886 [RatisPipelineUtilsThread - 0] WARN  pipeline.PipelinePlacementPolicy (PipelinePlacementPolicy.java:filterViableNodes(160)) - Pipeline creation failed due to no sufficient healthy datanodes. Required 3. Found 0. Excluded 3.
2023-05-04 20:13:55,913 [Listener at 127.0.0.1/35517] INFO  handler.ContextHandler (ContextHandler.java:doStart(921)) - Started o.e.j.w.WebAppContext@58bb2ef8{hddsDatanode,/,file:///home/runner/work/ozone/ozone/hadoop-ozone/integration-test/target/test-dir/MiniOzoneClusterImpl-3ff5bc89-9620-4d46-84f6-68e3c2a3a822/datanode-12/meta/webserver/jetty-0_0_0_0-45203-hdds-container-service-1_4_0-SNAPSHOT_jar-_-any-3648879011211777696/webapp/,AVAILABLE}{jar:file:/home/runner/.m2/repository/org/apache/ozone/hdds-container-service/1.4.0-SNAPSHOT/hdds-container-service-1.4.0-SNAPSHOT.jar!/webapps/hddsDatanode}
2023-05-04 20:13:55,916 [Listener at 127.0.0.1/35517] INFO  server.AbstractConnector (AbstractConnector.java:doStart(333)) - Started ServerConnector@3691a4cc{HTTP/1.1, (http/1.1)}{0.0.0.0:45203}
2023-05-04 20:13:55,918 [Listener at 127.0.0.1/35517] INFO  server.Server (Server.java:doStart(415)) - Started @13721ms
2023-05-04 20:13:55,918 [Listener at 127.0.0.1/35517] WARN  impl.MetricsSystemImpl (MetricsSystemImpl.java:register(279)) - Sink prometheus already exists!
2023-05-04 20:13:55,918 [Listener at 127.0.0.1/35517] INFO  http.BaseHttpServer (BaseHttpServer.java:updateConnectorAddress(344)) - HTTP server of hddsDatanode listening at http://0.0.0.0:45203
2023-05-04 20:13:55,919 [Datanode State Machine Daemon Thread] INFO  statemachine.DatanodeStateMachine (DatanodeStateMachine.java:lambda$startDaemon$0(524)) - Ozone container server started.
2023-05-04 20:13:55,927 [Listener at 127.0.0.1/35517] WARN  impl.MetricRegistriesImpl (MetricRegistriesImpl.java:addReporterRegistration(111)) - New reporters are added after registries were created. Some metrics will be missing from the reporter. Please add reporter before adding any new registry.
2023-05-04 20:13:55,927 [Listener at 127.0.0.1/35517] WARN  impl.MetricRegistriesImpl (MetricRegistriesImpl.java:addReporterRegistration(111)) - New reporters are added after registries were created. Some metrics will be missing from the reporter. Please add reporter before adding any new registry.
2023-05-04 20:13:55,927 [Listener at 127.0.0.1/35517] INFO  impl.MetricsSystemImpl (MetricsSystemImpl.java:init(158)) - HddsDatanode metrics system started (again)
2023-05-04 20:13:55,942 [org.apache.hadoop.util.JvmPauseMonitor$Monitor@71f05f2f] INFO  util.JvmPauseMonitor (JvmPauseMonitor.java:run(188)) - Starting JVM pause monitor
2023-05-04 20:13:55,944 [Listener at 127.0.0.1/35517] INFO  ozone.HddsDatanodeService (HddsDatanodeService.java:start(252)) - HddsDatanodeService host:fv-az804-457.cvtsq3ctpw5ehehiek0yp1ke0c.cx.internal.cloudapp.net ip:10.1.0.20
2023-05-04 20:13:55,960 [Datanode State Machine Task Thread - 0] INFO  datanode.InitDatanodeState (InitDatanodeState.java:persistContainerDatanodeDetails(138)) - DatanodeDetails is persisted to /home/runner/work/ozone/ozone/hadoop-ozone/integration-test/target/test-dir/MiniOzoneClusterImpl-3ff5bc89-9620-4d46-84f6-68e3c2a3a822/datanode-12/meta/datanode.id
2023-05-04 20:13:55,976 [Listener at 127.0.0.1/35517] INFO  upgrade.AbstractLayoutVersionManager (AbstractLayoutVersionManager.java:init(83)) - Initializing Layout version manager with metadata layout = WEBUI_PORTS_IN_DATANODEDETAILS (version = 6), software layout = WEBUI_PORTS_IN_DATANODEDETAILS (version = 6)
2023-05-04 20:13:55,984 [EndpointStateMachine task thread for /0.0.0.0:40805 - 0 ] INFO  utils.DatanodeStoreCache (DatanodeStoreCache.java:addDB(58)) - Added db /home/runner/work/ozone/ozone/hadoop-ozone/integration-test/target/test-dir/MiniOzoneClusterImpl-3ff5bc89-9620-4d46-84f6-68e3c2a3a822/datanode-7/data-0/containers/hdds/3ff5bc89-9620-4d46-84f6-68e3c2a3a822/DS-63364274-2eee-4202-9501-5f60f2549b86/container.db to cache
2023-05-04 20:13:55,985 [EndpointStateMachine task thread for /0.0.0.0:40805 - 0 ] INFO  volume.HddsVolume (HddsVolume.java:createDbStore(350)) - SchemaV3 db is created and loaded at /home/runner/work/ozone/ozone/hadoop-ozone/integration-test/target/test-dir/MiniOzoneClusterImpl-3ff5bc89-9620-4d46-84f6-68e3c2a3a822/datanode-7/data-0/containers/hdds/3ff5bc89-9620-4d46-84f6-68e3c2a3a822/DS-63364274-2eee-4202-9501-5f60f2549b86/container.db for volume DS-63364274-2eee-4202-9501-5f60f2549b86
2023-05-04 20:13:55,985 [EndpointStateMachine task thread for /0.0.0.0:40805 - 0 ] INFO  ozoneimpl.OzoneContainer (OzoneContainer.java:start(397)) - Attempting to start container services.
2023-05-04 20:13:55,985 [EndpointStateMachine task thread for /0.0.0.0:40805 - 0 ] INFO  ozoneimpl.OzoneContainer (OzoneContainer.java:startContainerScrub(314)) - Scheduled background container scanners and the on-demand container scanner have been disabled.
2023-05-04 20:13:55,987 [EndpointStateMachine task thread for /0.0.0.0:40805 - 0 ] INFO  replication.ReplicationServer (ReplicationServer.java:start(109)) - ReplicationServer is started using port 34159
2023-05-04 20:13:55,987 [EndpointStateMachine task thread for /0.0.0.0:40805 - 0 ] INFO  ratis.XceiverServerRatis (XceiverServerRatis.java:start(517)) - Starting XceiverServerRatis c0824e8e-e4e4-4301-9438-3093f7f79ba0
2023-05-04 20:13:55,987 [EndpointStateMachine task thread for /0.0.0.0:40805 - 0 ] INFO  server.RaftServer (RaftServerProxy.java:startImpl(393)) - c0824e8e-e4e4-4301-9438-3093f7f79ba0: start RPC server
2023-05-04 20:13:55,995 [EndpointStateMachine task thread for /0.0.0.0:40805 - 0 ] INFO  server.GrpcService (GrpcService.java:startImpl(262)) - c0824e8e-e4e4-4301-9438-3093f7f79ba0: GrpcService started, listening on 46319
2023-05-04 20:13:56,004 [EndpointStateMachine task thread for /0.0.0.0:40805 - 0 ] INFO  ratis.XceiverServerRatis (XceiverServerRatis.java:getRealPort(543)) - XceiverServerRatis c0824e8e-e4e4-4301-9438-3093f7f79ba0 is started using port 46319 for RATIS
2023-05-04 20:13:56,004 [EndpointStateMachine task thread for /0.0.0.0:40805 - 0 ] INFO  ratis.XceiverServerRatis (XceiverServerRatis.java:getRealPort(543)) - XceiverServerRatis c0824e8e-e4e4-4301-9438-3093f7f79ba0 is started using port 46319 for RATIS_ADMIN
2023-05-04 20:13:56,004 [EndpointStateMachine task thread for /0.0.0.0:40805 - 0 ] INFO  ratis.XceiverServerRatis (XceiverServerRatis.java:getRealPort(543)) - XceiverServerRatis c0824e8e-e4e4-4301-9438-3093f7f79ba0 is started using port 46319 for RATIS_SERVER
2023-05-04 20:13:56,004 [EndpointStateMachine task thread for /0.0.0.0:40805 - 0 ] INFO  ratis.XceiverServerRatis (XceiverServerRatis.java:getRealPort(543)) - XceiverServerRatis c0824e8e-e4e4-4301-9438-3093f7f79ba0 is started using port 37851 for RATIS_DATASTREAM
2023-05-04 20:13:56,005 [JvmPauseMonitor8] INFO  util.JvmPauseMonitor (JvmPauseMonitor.java:run(105)) - JvmPauseMonitor-c0824e8e-e4e4-4301-9438-3093f7f79ba0: Started
2023-05-04 20:13:56,010 [EndpointStateMachine task thread for /0.0.0.0:40805 - 0 ] INFO  server.XceiverServerGrpc (XceiverServerGrpc.java:start(180)) - XceiverServerGrpc c0824e8e-e4e4-4301-9438-3093f7f79ba0 is started using port 36413
2023-05-04 20:13:56,014 [BlockDeletingService#0] INFO  interfaces.ContainerDeletionChoosingPolicyTemplate (ContainerDeletionChoosingPolicyTemplate.java:chooseContainerForBlockDeletion(83)) - Chosen 0/5000 blocks from 0 candidate containers.
2023-05-04 20:13:56,037 [Listener at 127.0.0.1/35517] INFO  reflections.Reflections (Reflections.java:scan(232)) - Reflections took 59 ms to scan 7 urls, producing 156 keys and 369 values 
2023-05-04 20:13:56,039 [Listener at 127.0.0.1/35517] INFO  statemachine.DatanodeStateMachine (DatanodeStateMachine.java:getEndPointTaskThreadPoolSize(267)) - Datanode State Machine Task Thread Pool size 2
2023-05-04 20:13:56,041 [Listener at 127.0.0.1/35517] INFO  volume.HddsVolume (HddsVolume.java:<init>(130)) - Creating HddsVolume: /home/runner/work/ozone/ozone/hadoop-ozone/integration-test/target/test-dir/MiniOzoneClusterImpl-3ff5bc89-9620-4d46-84f6-68e3c2a3a822/datanode-13/data-0/containers/hdds of storage type : DISK capacity : 9223372036854775807
2023-05-04 20:13:56,041 [Listener at 127.0.0.1/35517] INFO  volume.MutableVolumeSet (MutableVolumeSet.java:initializeVolumeSet(175)) - Added Volume : /home/runner/work/ozone/ozone/hadoop-ozone/integration-test/target/test-dir/MiniOzoneClusterImpl-3ff5bc89-9620-4d46-84f6-68e3c2a3a822/datanode-13/data-0/containers/hdds to VolumeSet
2023-05-04 20:13:56,041 [Listener at 127.0.0.1/35517] INFO  volume.ThrottledAsyncChecker (ThrottledAsyncChecker.java:schedule(141)) - Scheduling a check for /home/runner/work/ozone/ozone/hadoop-ozone/integration-test/target/test-dir/MiniOzoneClusterImpl-3ff5bc89-9620-4d46-84f6-68e3c2a3a822/datanode-13/data-0/containers/hdds
2023-05-04 20:13:56,045 [Listener at 127.0.0.1/35517] INFO  volume.StorageVolumeChecker (StorageVolumeChecker.java:checkAllVolumes(202)) - Scheduled health check for volume /home/runner/work/ozone/ozone/hadoop-ozone/integration-test/target/test-dir/MiniOzoneClusterImpl-3ff5bc89-9620-4d46-84f6-68e3c2a3a822/datanode-13/data-0/containers/hdds
2023-05-04 20:13:56,058 [Listener at 127.0.0.1/35517] INFO  volume.MutableVolumeSet (MutableVolumeSet.java:initializeVolumeSet(175)) - Added Volume : /home/runner/work/ozone/ozone/hadoop-ozone/integration-test/target/test-dir/MiniOzoneClusterImpl-3ff5bc89-9620-4d46-84f6-68e3c2a3a822/datanode-13/data/ratis to VolumeSet
2023-05-04 20:13:56,058 [Listener at 127.0.0.1/35517] INFO  volume.ThrottledAsyncChecker (ThrottledAsyncChecker.java:schedule(141)) - Scheduling a check for /home/runner/work/ozone/ozone/hadoop-ozone/integration-test/target/test-dir/MiniOzoneClusterImpl-3ff5bc89-9620-4d46-84f6-68e3c2a3a822/datanode-13/data/ratis
2023-05-04 20:13:56,058 [Listener at 127.0.0.1/35517] INFO  volume.StorageVolumeChecker (StorageVolumeChecker.java:checkAllVolumes(202)) - Scheduled health check for volume /home/runner/work/ozone/ozone/hadoop-ozone/integration-test/target/test-dir/MiniOzoneClusterImpl-3ff5bc89-9620-4d46-84f6-68e3c2a3a822/datanode-13/data/ratis
2023-05-04 20:13:56,070 [Thread-370] INFO  ozoneimpl.ContainerReader (ContainerReader.java:readVolume(175)) - Finish verifying containers on volume /home/runner/work/ozone/ozone/hadoop-ozone/integration-test/target/test-dir/MiniOzoneClusterImpl-3ff5bc89-9620-4d46-84f6-68e3c2a3a822/datanode-13/data-0/containers/hdds
2023-05-04 20:13:56,070 [Listener at 127.0.0.1/35517] INFO  ozoneimpl.OzoneContainer (OzoneContainer.java:buildContainerSet(303)) - Build ContainerSet costs 0s
2023-05-04 20:13:56,073 [Listener at 127.0.0.1/35517] INFO  server.RaftServer (ConfUtils.java:logGet(46)) - raft.rpc.type = GRPC (default)
2023-05-04 20:13:56,073 [Listener at 127.0.0.1/35517] INFO  grpc.GrpcConfigKeys (ConfUtils.java:logFallback(53)) - raft.grpc.admin.host = null (fallback to raft.grpc.server.host)
2023-05-04 20:13:56,073 [Listener at 127.0.0.1/35517] INFO  grpc.GrpcConfigKeys (ConfUtils.java:logGet(46)) - raft.grpc.admin.port = 0 (custom)
2023-05-04 20:13:56,073 [Listener at 127.0.0.1/35517] INFO  grpc.GrpcConfigKeys (ConfUtils.java:logFallback(53)) - raft.grpc.client.host = null (fallback to raft.grpc.server.host)
2023-05-04 20:13:56,073 [Listener at 127.0.0.1/35517] INFO  grpc.GrpcConfigKeys (ConfUtils.java:logGet(46)) - raft.grpc.client.port = 0 (custom)
2023-05-04 20:13:56,073 [Listener at 127.0.0.1/35517] INFO  grpc.GrpcConfigKeys (ConfUtils.java:logGet(46)) - raft.grpc.server.host = null (default)
2023-05-04 20:13:56,074 [Listener at 127.0.0.1/35517] INFO  grpc.GrpcConfigKeys (ConfUtils.java:logGet(46)) - raft.grpc.server.port = 0 (default)
2023-05-04 20:13:56,074 [Listener at 127.0.0.1/35517] INFO  server.GrpcService (ConfUtils.java:logGet(46)) - raft.grpc.message.size.max = 32MB (=33554432) (custom)
2023-05-04 20:13:56,076 [Listener at 127.0.0.1/35517] INFO  server.RaftServerConfigKeys (ConfUtils.java:logGet(46)) - raft.server.log.appender.buffer.byte-limit = 33554432 (custom)
2023-05-04 20:13:56,076 [Listener at 127.0.0.1/35517] INFO  server.GrpcService (ConfUtils.java:logGet(46)) - raft.grpc.flow.control.window = 5MB (=5242880) (custom)
2023-05-04 20:13:56,076 [Listener at 127.0.0.1/35517] INFO  server.RaftServerConfigKeys (ConfUtils.java:logGet(46)) - raft.server.rpc.request.timeout = 60s (custom)
2023-05-04 20:13:56,077 [Listener at 127.0.0.1/35517] INFO  grpc.GrpcConfigKeys (ConfUtils.java:logGet(46)) - raft.grpc.server.heartbeat.channel = true (default)
2023-05-04 20:13:56,077 [Listener at 127.0.0.1/35517] INFO  grpc.GrpcConfigKeys (ConfUtils.java:logGet(46)) - raft.grpc.server.async.request.thread.pool.cached = true (default)
2023-05-04 20:13:56,077 [Listener at 127.0.0.1/35517] INFO  grpc.GrpcConfigKeys (ConfUtils.java:logGet(46)) - raft.grpc.server.async.request.thread.pool.size = 32 (default)
2023-05-04 20:13:56,079 [Listener at 127.0.0.1/35517] INFO  impl.DataStreamServerImpl (ConfUtils.java:logGet(46)) - raft.datastream.type = NETTY (custom)
2023-05-04 20:13:56,080 [Listener at 127.0.0.1/35517] INFO  server.RaftServerConfigKeys (ConfUtils.java:logGet(46)) - raft.server.data-stream.async.request.thread.pool.cached = false (default)
2023-05-04 20:13:56,080 [Listener at 127.0.0.1/35517] INFO  server.RaftServerConfigKeys (ConfUtils.java:logGet(46)) - raft.server.data-stream.async.request.thread.pool.size = 20 (custom)
2023-05-04 20:13:56,080 [Listener at 127.0.0.1/35517] INFO  server.RaftServerConfigKeys (ConfUtils.java:logGet(46)) - raft.server.data-stream.async.write.thread.pool.size = 16 (default)
2023-05-04 20:13:56,080 [Listener at 127.0.0.1/35517] INFO  server.RaftServerConfigKeys (ConfUtils.java:logGet(46)) - raft.server.data-stream.client.pool.size = 10 (default)
2023-05-04 20:13:56,081 [Listener at 127.0.0.1/35517] INFO  netty.NettyConfigKeys$DataStream (ConfUtils.java:logGet(46)) - raft.netty.dataStream.server.use-epoll = false (default)
2023-05-04 20:13:56,081 [Listener at 127.0.0.1/35517] INFO  netty.NettyConfigKeys$DataStream (ConfUtils.java:logGet(46)) - raft.netty.dataStream.server.boss-group.size = 0 (default)
2023-05-04 20:13:56,081 [Listener at 127.0.0.1/35517] INFO  netty.NettyConfigKeys$DataStream (ConfUtils.java:logGet(46)) - raft.netty.dataStream.server.worker-group.size = 0 (default)
2023-05-04 20:13:56,084 [Listener at 127.0.0.1/35517] INFO  netty.NettyConfigKeys$DataStream (ConfUtils.java:logGet(46)) - raft.netty.dataStream.server.tls.conf = null (default)
2023-05-04 20:13:56,084 [Listener at 127.0.0.1/35517] INFO  netty.NettyConfigKeys$DataStream (ConfUtils.java:logGet(46)) - raft.netty.dataStream.host = null (default)
2023-05-04 20:13:56,084 [Listener at 127.0.0.1/35517] INFO  netty.NettyConfigKeys$DataStream (ConfUtils.java:logGet(46)) - raft.netty.dataStream.port = 0 (default)
2023-05-04 20:13:56,087 [Listener at 127.0.0.1/35517] INFO  server.RaftServerConfigKeys (ConfUtils.java:logGet(46)) - raft.server.threadpool.proxy.cached = true (default)
2023-05-04 20:13:56,087 [Listener at 127.0.0.1/35517] INFO  server.RaftServerConfigKeys (ConfUtils.java:logGet(46)) - raft.server.threadpool.proxy.size = 0 (default)
2023-05-04 20:13:56,087 [Listener at 127.0.0.1/35517] INFO  server.RaftServerConfigKeys (ConfUtils.java:logGet(46)) - raft.server.rpc.slowness.timeout = 300s (custom)
2023-05-04 20:13:56,087 [Listener at 127.0.0.1/35517] INFO  server.RaftServerConfigKeys (ConfUtils.java:logGet(46)) - raft.server.leaderelection.leader.step-down.wait-time = 10s (default)
2023-05-04 20:13:56,087 [Listener at 127.0.0.1/35517] INFO  server.RaftServerConfigKeys (ConfUtils.java:logGet(46)) - raft.server.storage.dir = [/home/runner/work/ozone/ozone/hadoop-ozone/integration-test/target/test-dir/MiniOzoneClusterImpl-3ff5bc89-9620-4d46-84f6-68e3c2a3a822/datanode-13/data/ratis] (custom)
2023-05-04 20:13:56,092 [c223e4a1-7dec-454b-846f-941d08347586-NettyServerStreamRpc-bossGroup--thread1] INFO  logging.LoggingHandler (AbstractInternalLogger.java:log(148)) - [id: 0xfa0c44b4] REGISTERED
2023-05-04 20:13:56,093 [c223e4a1-7dec-454b-846f-941d08347586-NettyServerStreamRpc-bossGroup--thread1] INFO  logging.LoggingHandler (AbstractInternalLogger.java:log(148)) - [id: 0xfa0c44b4] BIND: 0.0.0.0/0.0.0.0:0
2023-05-04 20:13:56,093 [c223e4a1-7dec-454b-846f-941d08347586-NettyServerStreamRpc-bossGroup--thread1] INFO  logging.LoggingHandler (AbstractInternalLogger.java:log(148)) - [id: 0xfa0c44b4, L:/0:0:0:0:0:0:0:0:46135] ACTIVE
2023-05-04 20:13:56,095 [Listener at 127.0.0.1/35517] INFO  server.XceiverServerGrpc (XceiverServerGrpc.java:<init>(132)) - GrpcServer channel type EpollServerSocketChannel
2023-05-04 20:13:56,096 [Listener at 127.0.0.1/35517] INFO  replication.ReplicationSupervisor (ReplicationSupervisor.java:nodeStateUpdated(290)) - Node state updated to IN_SERVICE, scaling executor pool size to 10
2023-05-04 20:13:56,098 [Listener at 127.0.0.1/35517] INFO  http.BaseHttpServer (BaseHttpServer.java:newHttpServer2BuilderForOzone(224)) - Starting Web-server for hddsDatanode at: http://0.0.0.0:0
2023-05-04 20:13:56,098 [Listener at 127.0.0.1/35517] INFO  http.BaseHttpServer (BaseHttpServer.java:<init>(111)) - Hadoop Security Enabled: false Ozone Security Enabled: false Ozone HTTP Security Enabled: false 
2023-05-04 20:13:56,102 [Listener at 127.0.0.1/35517] WARN  server.AuthenticationFilter (AuthenticationFilter.java:constructSecretProvider(240)) - Unable to initialize FileSignerSecretProvider, falling back to use random secrets. Reason: Could not read signature secret file: /home/runner/hadoop-http-auth-signature-secret
2023-05-04 20:13:56,105 [Listener at 127.0.0.1/35517] INFO  http.HttpRequestLog (HttpRequestLog.java:getRequestLog(86)) - Http request log for http.requests.hddsDatanode is not defined
2023-05-04 20:13:56,107 [Listener at 127.0.0.1/35517] INFO  http.HttpServer2 (HttpServer2.java:addGlobalFilter(1031)) - Added global filter 'safety' (class=org.apache.hadoop.hdds.server.http.HttpServer2$QuotingInputFilter)
2023-05-04 20:13:56,109 [Listener at 127.0.0.1/35517] INFO  http.HttpServer2 (HttpServer2.java:addFilter(1007)) - Added filter static_user_filter (class=org.apache.hadoop.http.lib.StaticUserWebFilter$StaticUserFilter) to context hddsDatanode
2023-05-04 20:13:56,111 [Listener at 127.0.0.1/35517] INFO  http.HttpServer2 (HttpServer2.java:addFilter(1015)) - Added filter static_user_filter (class=org.apache.hadoop.http.lib.StaticUserWebFilter$StaticUserFilter) to context static
2023-05-04 20:13:56,111 [Listener at 127.0.0.1/35517] INFO  http.HttpServer2 (HttpServer2.java:addFilter(1015)) - Added filter static_user_filter (class=org.apache.hadoop.http.lib.StaticUserWebFilter$StaticUserFilter) to context logs
2023-05-04 20:13:56,112 [Listener at 127.0.0.1/35517] INFO  http.BaseHttpServer (BaseHttpServer.java:<init>(190)) - HTTP server of hddsDatanode uses base directory /home/runner/work/ozone/ozone/hadoop-ozone/integration-test/target/test-dir/MiniOzoneClusterImpl-3ff5bc89-9620-4d46-84f6-68e3c2a3a822/datanode-13/meta/webserver
2023-05-04 20:13:56,112 [Listener at 127.0.0.1/35517] INFO  http.HttpServer2 (HttpServer2.java:bindListener(1250)) - Jetty bound to port 35039
2023-05-04 20:13:56,112 [Listener at 127.0.0.1/35517] INFO  server.Server (Server.java:doStart(375)) - jetty-9.4.51.v20230217; built: 2023-02-17T08:19:37.309Z; git: b45c405e4544384de066f814ed42ae3dceacdd49; jvm 1.8.0_362-b09
2023-05-04 20:13:56,114 [Listener at 127.0.0.1/35517] INFO  server.session (DefaultSessionIdManager.java:doStart(334)) - DefaultSessionIdManager workerName=node0
2023-05-04 20:13:56,114 [Listener at 127.0.0.1/35517] INFO  server.session (DefaultSessionIdManager.java:doStart(339)) - No SessionScavenger set, using defaults
2023-05-04 20:13:56,114 [Listener at 127.0.0.1/35517] INFO  server.session (HouseKeeper.java:startScavenging(132)) - node0 Scavenging every 660000ms
2023-05-04 20:13:56,115 [Listener at 127.0.0.1/35517] INFO  handler.ContextHandler (ContextHandler.java:doStart(921)) - Started o.e.j.s.ServletContextHandler@286dce89{logs,/logs,file:///home/runner/work/ozone/ozone/hadoop-ozone/integration-test/target/log,AVAILABLE}
2023-05-04 20:13:56,116 [Listener at 127.0.0.1/35517] INFO  handler.ContextHandler (ContextHandler.java:doStart(921)) - Started o.e.j.s.ServletContextHandler@8fb1ae9{static,/static,jar:file:/home/runner/.m2/repository/org/apache/ozone/hdds-container-service/1.4.0-SNAPSHOT/hdds-container-service-1.4.0-SNAPSHOT.jar!/webapps/static,AVAILABLE}
2023-05-04 20:13:56,274 [IPC Server handler 3 on default port 40805] INFO  net.NetworkTopologyImpl (NetworkTopologyImpl.java:add(112)) - Added a new node: /default-rack/0abf101a-d700-4355-93b1-7a942eb61d40
2023-05-04 20:13:56,274 [IPC Server handler 3 on default port 40805] INFO  node.SCMNodeManager (SCMNodeManager.java:register(407)) - Registered Data node : 0abf101a-d700-4355-93b1-7a942eb61d40{ip: 10.1.0.20, host: fv-az804-457.cvtsq3ctpw5ehehiek0yp1ke0c.cx.internal.cloudapp.net, ports: [HTTP=46341, REPLICATION=36615, RATIS=35421, RATIS_ADMIN=35421, RATIS_SERVER=35421, RATIS_DATASTREAM=33171, STANDALONE=39973], networkLocation: /default-rack, certSerialId: null, persistedOpState: null, persistedOpStateExpiryEpochSec: 0}
2023-05-04 20:13:56,275 [EventQueue-NewNodeForNewNodeHandler] INFO  pipeline.BackgroundPipelineCreator (BackgroundPipelineCreator.java:notifyEventTriggered(276)) - trigger a one-shot run on RatisPipelineUtilsThread.
2023-05-04 20:13:56,276 [RatisPipelineUtilsThread - 0] INFO  pipeline.RatisPipelineProvider (RatisPipelineProvider.java:lambda$create$0(206)) - Sending CreatePipelineCommand for pipeline:PipelineID=39d762ea-a85e-46f9-8af3-b9f7460b8335 to datanode:0abf101a-d700-4355-93b1-7a942eb61d40
2023-05-04 20:13:56,278 [RatisPipelineUtilsThread - 0] INFO  pipeline.PipelineStateManagerImpl (PipelineStateManagerImpl.java:addPipeline(103)) - Created pipeline Pipeline[ Id: 39d762ea-a85e-46f9-8af3-b9f7460b8335, Nodes: 0abf101a-d700-4355-93b1-7a942eb61d40(fv-az804-457.cvtsq3ctpw5ehehiek0yp1ke0c.cx.internal.cloudapp.net/10.1.0.20), ReplicationConfig: RATIS/ONE, State:ALLOCATED, leaderId:, CreationTimestamp2023-05-04T20:13:56.276Z[Etc/UTC]].
2023-05-04 20:13:56,279 [RatisPipelineUtilsThread - 0] WARN  pipeline.PipelinePlacementPolicy (PipelinePlacementPolicy.java:filterViableNodes(160)) - Pipeline creation failed due to no sufficient healthy datanodes. Required 3. Found 1. Excluded 3.
2023-05-04 20:13:56,327 [EndpointStateMachine task thread for /0.0.0.0:40805 - 0 ] INFO  utils.DatanodeStoreCache (DatanodeStoreCache.java:addDB(58)) - Added db /home/runner/work/ozone/ozone/hadoop-ozone/integration-test/target/test-dir/MiniOzoneClusterImpl-3ff5bc89-9620-4d46-84f6-68e3c2a3a822/datanode-8/data-0/containers/hdds/3ff5bc89-9620-4d46-84f6-68e3c2a3a822/DS-fe4d3703-91dd-4c08-922e-e0fc72a2bc5b/container.db to cache
2023-05-04 20:13:56,327 [EndpointStateMachine task thread for /0.0.0.0:40805 - 0 ] INFO  volume.HddsVolume (HddsVolume.java:createDbStore(350)) - SchemaV3 db is created and loaded at /home/runner/work/ozone/ozone/hadoop-ozone/integration-test/target/test-dir/MiniOzoneClusterImpl-3ff5bc89-9620-4d46-84f6-68e3c2a3a822/datanode-8/data-0/containers/hdds/3ff5bc89-9620-4d46-84f6-68e3c2a3a822/DS-fe4d3703-91dd-4c08-922e-e0fc72a2bc5b/container.db for volume DS-fe4d3703-91dd-4c08-922e-e0fc72a2bc5b
2023-05-04 20:13:56,327 [EndpointStateMachine task thread for /0.0.0.0:40805 - 0 ] INFO  ozoneimpl.OzoneContainer (OzoneContainer.java:start(397)) - Attempting to start container services.
2023-05-04 20:13:56,327 [EndpointStateMachine task thread for /0.0.0.0:40805 - 0 ] INFO  ozoneimpl.OzoneContainer (OzoneContainer.java:startContainerScrub(314)) - Scheduled background container scanners and the on-demand container scanner have been disabled.
2023-05-04 20:13:56,329 [EndpointStateMachine task thread for /0.0.0.0:40805 - 0 ] INFO  replication.ReplicationServer (ReplicationServer.java:start(109)) - ReplicationServer is started using port 33391
2023-05-04 20:13:56,329 [EndpointStateMachine task thread for /0.0.0.0:40805 - 0 ] INFO  ratis.XceiverServerRatis (XceiverServerRatis.java:start(517)) - Starting XceiverServerRatis fe0c64ad-372f-4816-a9b8-650345a5ed87
2023-05-04 20:13:56,332 [Listener at 127.0.0.1/35517] INFO  handler.ContextHandler (ContextHandler.java:doStart(921)) - Started o.e.j.w.WebAppContext@5dbad5d5{hddsDatanode,/,file:///home/runner/work/ozone/ozone/hadoop-ozone/integration-test/target/test-dir/MiniOzoneClusterImpl-3ff5bc89-9620-4d46-84f6-68e3c2a3a822/datanode-13/meta/webserver/jetty-0_0_0_0-35039-hdds-container-service-1_4_0-SNAPSHOT_jar-_-any-331812139675949860/webapp/,AVAILABLE}{jar:file:/home/runner/.m2/repository/org/apache/ozone/hdds-container-service/1.4.0-SNAPSHOT/hdds-container-service-1.4.0-SNAPSHOT.jar!/webapps/hddsDatanode}
2023-05-04 20:13:56,335 [EndpointStateMachine task thread for /0.0.0.0:40805 - 0 ] INFO  server.RaftServer (RaftServerProxy.java:startImpl(393)) - fe0c64ad-372f-4816-a9b8-650345a5ed87: start RPC server
2023-05-04 20:13:56,336 [Listener at 127.0.0.1/35517] INFO  server.AbstractConnector (AbstractConnector.java:doStart(333)) - Started ServerConnector@28723bdb{HTTP/1.1, (http/1.1)}{0.0.0.0:35039}
2023-05-04 20:13:56,338 [Listener at 127.0.0.1/35517] INFO  server.Server (Server.java:doStart(415)) - Started @14141ms
2023-05-04 20:13:56,338 [Listener at 127.0.0.1/35517] WARN  impl.MetricsSystemImpl (MetricsSystemImpl.java:register(279)) - Sink prometheus already exists!
2023-05-04 20:13:56,338 [EndpointStateMachine task thread for /0.0.0.0:40805 - 0 ] INFO  server.GrpcService (GrpcService.java:startImpl(262)) - fe0c64ad-372f-4816-a9b8-650345a5ed87: GrpcService started, listening on 40609
2023-05-04 20:13:56,338 [EndpointStateMachine task thread for /0.0.0.0:40805 - 0 ] INFO  ratis.XceiverServerRatis (XceiverServerRatis.java:getRealPort(543)) - XceiverServerRatis fe0c64ad-372f-4816-a9b8-650345a5ed87 is started using port 40609 for RATIS
2023-05-04 20:13:56,339 [EndpointStateMachine task thread for /0.0.0.0:40805 - 0 ] INFO  ratis.XceiverServerRatis (XceiverServerRatis.java:getRealPort(543)) - XceiverServerRatis fe0c64ad-372f-4816-a9b8-650345a5ed87 is started using port 40609 for RATIS_ADMIN
2023-05-04 20:13:56,339 [EndpointStateMachine task thread for /0.0.0.0:40805 - 0 ] INFO  ratis.XceiverServerRatis (XceiverServerRatis.java:getRealPort(543)) - XceiverServerRatis fe0c64ad-372f-4816-a9b8-650345a5ed87 is started using port 40609 for RATIS_SERVER
2023-05-04 20:13:56,339 [EndpointStateMachine task thread for /0.0.0.0:40805 - 0 ] INFO  ratis.XceiverServerRatis (XceiverServerRatis.java:getRealPort(543)) - XceiverServerRatis fe0c64ad-372f-4816-a9b8-650345a5ed87 is started using port 39835 for RATIS_DATASTREAM
2023-05-04 20:13:56,339 [Listener at 127.0.0.1/35517] INFO  http.BaseHttpServer (BaseHttpServer.java:updateConnectorAddress(344)) - HTTP server of hddsDatanode listening at http://0.0.0.0:35039
2023-05-04 20:13:56,339 [JvmPauseMonitor9] INFO  util.JvmPauseMonitor (JvmPauseMonitor.java:run(105)) - JvmPauseMonitor-fe0c64ad-372f-4816-a9b8-650345a5ed87: Started
2023-05-04 20:13:56,340 [EndpointStateMachine task thread for /0.0.0.0:40805 - 0 ] INFO  server.XceiverServerGrpc (XceiverServerGrpc.java:start(180)) - XceiverServerGrpc fe0c64ad-372f-4816-a9b8-650345a5ed87 is started using port 36773
2023-05-04 20:13:56,342 [Datanode State Machine Daemon Thread] INFO  statemachine.DatanodeStateMachine (DatanodeStateMachine.java:lambda$startDaemon$0(524)) - Ozone container server started.
2023-05-04 20:13:56,345 [Listener at 127.0.0.1/35517] INFO  ozone.MiniOzoneClusterImpl (MiniOzoneClusterImpl.java:lambda$waitForClusterToBeReady$0(223)) - Waiting for nodes to be ready. Got 4 of 14 DN Heartbeats.
2023-05-04 20:13:56,345 [Listener at 127.0.0.1/35517] INFO  ozone.MiniOzoneClusterImpl (MiniOzoneClusterImpl.java:lambda$waitForClusterToBeReady$0(226)) - Waiting for cluster to exit safe mode
2023-05-04 20:13:56,345 [Listener at 127.0.0.1/35517] INFO  ozone.MiniOzoneClusterImpl (MiniOzoneClusterImpl.java:lambda$waitForClusterToBeReady$0(228)) - SCM became leader
2023-05-04 20:13:56,346 [BlockDeletingService#0] INFO  interfaces.ContainerDeletionChoosingPolicyTemplate (ContainerDeletionChoosingPolicyTemplate.java:chooseContainerForBlockDeletion(83)) - Chosen 0/5000 blocks from 0 candidate containers.
2023-05-04 20:13:56,350 [org.apache.hadoop.util.JvmPauseMonitor$Monitor@7503a9cd] INFO  util.JvmPauseMonitor (JvmPauseMonitor.java:run(188)) - Starting JVM pause monitor
2023-05-04 20:13:56,359 [Datanode State Machine Task Thread - 0] INFO  datanode.InitDatanodeState (InitDatanodeState.java:persistContainerDatanodeDetails(138)) - DatanodeDetails is persisted to /home/runner/work/ozone/ozone/hadoop-ozone/integration-test/target/test-dir/MiniOzoneClusterImpl-3ff5bc89-9620-4d46-84f6-68e3c2a3a822/datanode-13/meta/datanode.id
2023-05-04 20:13:56,625 [IPC Server handler 5 on default port 40805] INFO  net.NetworkTopologyImpl (NetworkTopologyImpl.java:add(112)) - Added a new node: /default-rack/de61e307-c070-4843-8a71-857ff854f108
2023-05-04 20:13:56,625 [IPC Server handler 5 on default port 40805] INFO  node.SCMNodeManager (SCMNodeManager.java:register(407)) - Registered Data node : de61e307-c070-4843-8a71-857ff854f108{ip: 10.1.0.20, host: fv-az804-457.cvtsq3ctpw5ehehiek0yp1ke0c.cx.internal.cloudapp.net, ports: [HTTP=44487, REPLICATION=37907, RATIS=46099, RATIS_ADMIN=46099, RATIS_SERVER=46099, RATIS_DATASTREAM=33083, STANDALONE=39541], networkLocation: /default-rack, certSerialId: null, persistedOpState: null, persistedOpStateExpiryEpochSec: 0}
2023-05-04 20:13:56,626 [EventQueue-NewNodeForNewNodeHandler] INFO  pipeline.BackgroundPipelineCreator (BackgroundPipelineCreator.java:notifyEventTriggered(276)) - trigger a one-shot run on RatisPipelineUtilsThread.
2023-05-04 20:13:56,627 [RatisPipelineUtilsThread - 0] INFO  pipeline.RatisPipelineProvider (RatisPipelineProvider.java:lambda$create$0(206)) - Sending CreatePipelineCommand for pipeline:PipelineID=641dc280-675a-4a83-9c0a-20ae48363296 to datanode:de61e307-c070-4843-8a71-857ff854f108
2023-05-04 20:13:56,632 [RatisPipelineUtilsThread - 0] INFO  pipeline.PipelineStateManagerImpl (PipelineStateManagerImpl.java:addPipeline(103)) - Created pipeline Pipeline[ Id: 641dc280-675a-4a83-9c0a-20ae48363296, Nodes: de61e307-c070-4843-8a71-857ff854f108(fv-az804-457.cvtsq3ctpw5ehehiek0yp1ke0c.cx.internal.cloudapp.net/10.1.0.20), ReplicationConfig: RATIS/ONE, State:ALLOCATED, leaderId:, CreationTimestamp2023-05-04T20:13:56.627Z[Etc/UTC]].
2023-05-04 20:13:56,633 [RatisPipelineUtilsThread - 0] WARN  pipeline.PipelinePlacementPolicy (PipelinePlacementPolicy.java:filterViableNodes(160)) - Pipeline creation failed due to no sufficient healthy datanodes. Required 3. Found 2. Excluded 3.
2023-05-04 20:13:56,712 [EndpointStateMachine task thread for /0.0.0.0:40805 - 0 ] INFO  utils.DatanodeStoreCache (DatanodeStoreCache.java:addDB(58)) - Added db /home/runner/work/ozone/ozone/hadoop-ozone/integration-test/target/test-dir/MiniOzoneClusterImpl-3ff5bc89-9620-4d46-84f6-68e3c2a3a822/datanode-9/data-0/containers/hdds/3ff5bc89-9620-4d46-84f6-68e3c2a3a822/DS-2bd87ace-b12c-4bca-bffe-9369be0f5e0f/container.db to cache
2023-05-04 20:13:56,713 [EndpointStateMachine task thread for /0.0.0.0:40805 - 0 ] INFO  volume.HddsVolume (HddsVolume.java:createDbStore(350)) - SchemaV3 db is created and loaded at /home/runner/work/ozone/ozone/hadoop-ozone/integration-test/target/test-dir/MiniOzoneClusterImpl-3ff5bc89-9620-4d46-84f6-68e3c2a3a822/datanode-9/data-0/containers/hdds/3ff5bc89-9620-4d46-84f6-68e3c2a3a822/DS-2bd87ace-b12c-4bca-bffe-9369be0f5e0f/container.db for volume DS-2bd87ace-b12c-4bca-bffe-9369be0f5e0f
2023-05-04 20:13:56,714 [EndpointStateMachine task thread for /0.0.0.0:40805 - 0 ] INFO  ozoneimpl.OzoneContainer (OzoneContainer.java:start(397)) - Attempting to start container services.
2023-05-04 20:13:56,714 [EndpointStateMachine task thread for /0.0.0.0:40805 - 0 ] INFO  ozoneimpl.OzoneContainer (OzoneContainer.java:startContainerScrub(314)) - Scheduled background container scanners and the on-demand container scanner have been disabled.
2023-05-04 20:13:56,716 [EndpointStateMachine task thread for /0.0.0.0:40805 - 0 ] INFO  replication.ReplicationServer (ReplicationServer.java:start(109)) - ReplicationServer is started using port 42811
2023-05-04 20:13:56,716 [EndpointStateMachine task thread for /0.0.0.0:40805 - 0 ] INFO  ratis.XceiverServerRatis (XceiverServerRatis.java:start(517)) - Starting XceiverServerRatis 7e411c01-6998-40d0-b507-5d7903264b15
2023-05-04 20:13:56,717 [EndpointStateMachine task thread for /0.0.0.0:40805 - 0 ] INFO  server.RaftServer (RaftServerProxy.java:startImpl(393)) - 7e411c01-6998-40d0-b507-5d7903264b15: start RPC server
2023-05-04 20:13:56,719 [EndpointStateMachine task thread for /0.0.0.0:40805 - 0 ] INFO  server.GrpcService (GrpcService.java:startImpl(262)) - 7e411c01-6998-40d0-b507-5d7903264b15: GrpcService started, listening on 37977
2023-05-04 20:13:56,719 [EndpointStateMachine task thread for /0.0.0.0:40805 - 0 ] INFO  ratis.XceiverServerRatis (XceiverServerRatis.java:getRealPort(543)) - XceiverServerRatis 7e411c01-6998-40d0-b507-5d7903264b15 is started using port 37977 for RATIS
2023-05-04 20:13:56,719 [JvmPauseMonitor10] INFO  util.JvmPauseMonitor (JvmPauseMonitor.java:run(105)) - JvmPauseMonitor-7e411c01-6998-40d0-b507-5d7903264b15: Started
2023-05-04 20:13:56,719 [EndpointStateMachine task thread for /0.0.0.0:40805 - 0 ] INFO  ratis.XceiverServerRatis (XceiverServerRatis.java:getRealPort(543)) - XceiverServerRatis 7e411c01-6998-40d0-b507-5d7903264b15 is started using port 37977 for RATIS_ADMIN
2023-05-04 20:13:56,722 [EndpointStateMachine task thread for /0.0.0.0:40805 - 0 ] INFO  ratis.XceiverServerRatis (XceiverServerRatis.java:getRealPort(543)) - XceiverServerRatis 7e411c01-6998-40d0-b507-5d7903264b15 is started using port 37977 for RATIS_SERVER
2023-05-04 20:13:56,722 [EndpointStateMachine task thread for /0.0.0.0:40805 - 0 ] INFO  ratis.XceiverServerRatis (XceiverServerRatis.java:getRealPort(543)) - XceiverServerRatis 7e411c01-6998-40d0-b507-5d7903264b15 is started using port 36461 for RATIS_DATASTREAM
2023-05-04 20:13:56,727 [EndpointStateMachine task thread for /0.0.0.0:40805 - 0 ] INFO  server.XceiverServerGrpc (XceiverServerGrpc.java:start(180)) - XceiverServerGrpc 7e411c01-6998-40d0-b507-5d7903264b15 is started using port 43649
2023-05-04 20:13:56,731 [BlockDeletingService#0] INFO  interfaces.ContainerDeletionChoosingPolicyTemplate (ContainerDeletionChoosingPolicyTemplate.java:chooseContainerForBlockDeletion(83)) - Chosen 0/5000 blocks from 0 candidate containers.
2023-05-04 20:13:57,087 [IPC Server handler 4 on default port 40805] INFO  net.NetworkTopologyImpl (NetworkTopologyImpl.java:add(112)) - Added a new node: /default-rack/71eef059-4e21-465b-a9dc-55002cc631de
2023-05-04 20:13:57,087 [IPC Server handler 4 on default port 40805] INFO  node.SCMNodeManager (SCMNodeManager.java:register(407)) - Registered Data node : 71eef059-4e21-465b-a9dc-55002cc631de{ip: 10.1.0.20, host: fv-az804-457.cvtsq3ctpw5ehehiek0yp1ke0c.cx.internal.cloudapp.net, ports: [HTTP=34387, REPLICATION=38461, RATIS=46399, RATIS_ADMIN=46399, RATIS_SERVER=46399, RATIS_DATASTREAM=38957, STANDALONE=33533], networkLocation: /default-rack, certSerialId: null, persistedOpState: null, persistedOpStateExpiryEpochSec: 0}
2023-05-04 20:13:57,088 [EventQueue-NewNodeForNewNodeHandler] INFO  pipeline.BackgroundPipelineCreator (BackgroundPipelineCreator.java:notifyEventTriggered(276)) - trigger a one-shot run on RatisPipelineUtilsThread.
2023-05-04 20:13:57,088 [RatisPipelineUtilsThread - 0] INFO  pipeline.RatisPipelineProvider (RatisPipelineProvider.java:lambda$create$0(206)) - Sending CreatePipelineCommand for pipeline:PipelineID=437c5172-2a0d-4b18-bc40-c1f28d4d0ed1 to datanode:71eef059-4e21-465b-a9dc-55002cc631de
2023-05-04 20:13:57,092 [RatisPipelineUtilsThread - 0] INFO  pipeline.PipelineStateManagerImpl (PipelineStateManagerImpl.java:addPipeline(103)) - Created pipeline Pipeline[ Id: 437c5172-2a0d-4b18-bc40-c1f28d4d0ed1, Nodes: 71eef059-4e21-465b-a9dc-55002cc631de(fv-az804-457.cvtsq3ctpw5ehehiek0yp1ke0c.cx.internal.cloudapp.net/10.1.0.20), ReplicationConfig: RATIS/ONE, State:ALLOCATED, leaderId:, CreationTimestamp2023-05-04T20:13:57.088Z[Etc/UTC]].
2023-05-04 20:13:57,094 [RatisPipelineUtilsThread - 0] INFO  pipeline.RatisPipelineProvider (RatisPipelineProvider.java:lambda$create$0(206)) - Sending CreatePipelineCommand for pipeline:PipelineID=fd3c01fa-ee31-46da-9393-1f3dade57f18 to datanode:de61e307-c070-4843-8a71-857ff854f108
2023-05-04 20:13:57,094 [RatisPipelineUtilsThread - 0] INFO  pipeline.RatisPipelineProvider (RatisPipelineProvider.java:lambda$create$0(206)) - Sending CreatePipelineCommand for pipeline:PipelineID=fd3c01fa-ee31-46da-9393-1f3dade57f18 to datanode:71eef059-4e21-465b-a9dc-55002cc631de
2023-05-04 20:13:57,094 [RatisPipelineUtilsThread - 0] INFO  pipeline.RatisPipelineProvider (RatisPipelineProvider.java:lambda$create$0(206)) - Sending CreatePipelineCommand for pipeline:PipelineID=fd3c01fa-ee31-46da-9393-1f3dade57f18 to datanode:0abf101a-d700-4355-93b1-7a942eb61d40
2023-05-04 20:13:57,095 [RatisPipelineUtilsThread - 0] INFO  pipeline.PipelineStateManagerImpl (PipelineStateManagerImpl.java:addPipeline(103)) - Created pipeline Pipeline[ Id: fd3c01fa-ee31-46da-9393-1f3dade57f18, Nodes: de61e307-c070-4843-8a71-857ff854f108(fv-az804-457.cvtsq3ctpw5ehehiek0yp1ke0c.cx.internal.cloudapp.net/10.1.0.20)71eef059-4e21-465b-a9dc-55002cc631de(fv-az804-457.cvtsq3ctpw5ehehiek0yp1ke0c.cx.internal.cloudapp.net/10.1.0.20)0abf101a-d700-4355-93b1-7a942eb61d40(fv-az804-457.cvtsq3ctpw5ehehiek0yp1ke0c.cx.internal.cloudapp.net/10.1.0.20), ReplicationConfig: RATIS/THREE, State:ALLOCATED, leaderId:, CreationTimestamp2023-05-04T20:13:57.094Z[Etc/UTC]].
2023-05-04 20:13:57,097 [RatisPipelineUtilsThread - 0] INFO  pipeline.RatisPipelineProvider (RatisPipelineProvider.java:lambda$create$0(206)) - Sending CreatePipelineCommand for pipeline:PipelineID=de307603-0b77-429d-8953-bf882965ffa5 to datanode:71eef059-4e21-465b-a9dc-55002cc631de
2023-05-04 20:13:57,097 [RatisPipelineUtilsThread - 0] INFO  pipeline.RatisPipelineProvider (RatisPipelineProvider.java:lambda$create$0(206)) - Sending CreatePipelineCommand for pipeline:PipelineID=de307603-0b77-429d-8953-bf882965ffa5 to datanode:de61e307-c070-4843-8a71-857ff854f108
2023-05-04 20:13:57,097 [RatisPipelineUtilsThread - 0] INFO  pipeline.RatisPipelineProvider (RatisPipelineProvider.java:lambda$create$0(206)) - Sending CreatePipelineCommand for pipeline:PipelineID=de307603-0b77-429d-8953-bf882965ffa5 to datanode:0abf101a-d700-4355-93b1-7a942eb61d40
2023-05-04 20:13:57,098 [RatisPipelineUtilsThread - 0] INFO  pipeline.PipelineStateManagerImpl (PipelineStateManagerImpl.java:addPipeline(103)) - Created pipeline Pipeline[ Id: de307603-0b77-429d-8953-bf882965ffa5, Nodes: 71eef059-4e21-465b-a9dc-55002cc631de(fv-az804-457.cvtsq3ctpw5ehehiek0yp1ke0c.cx.internal.cloudapp.net/10.1.0.20)de61e307-c070-4843-8a71-857ff854f108(fv-az804-457.cvtsq3ctpw5ehehiek0yp1ke0c.cx.internal.cloudapp.net/10.1.0.20)0abf101a-d700-4355-93b1-7a942eb61d40(fv-az804-457.cvtsq3ctpw5ehehiek0yp1ke0c.cx.internal.cloudapp.net/10.1.0.20), ReplicationConfig: RATIS/THREE, State:ALLOCATED, leaderId:, CreationTimestamp2023-05-04T20:13:57.097Z[Etc/UTC]].
2023-05-04 20:13:57,098 [RatisPipelineUtilsThread - 0] INFO  pipeline.PipelineManagerImpl (PipelineManagerImpl.java:recordMetricsForPipeline(826)) - Pipeline: PipelineID=de307603-0b77-429d-8953-bf882965ffa5 contains same datanodes as previous pipelines: PipelineID=fd3c01fa-ee31-46da-9393-1f3dade57f18 nodeIds: 71eef059-4e21-465b-a9dc-55002cc631de, de61e307-c070-4843-8a71-857ff854f108, 0abf101a-d700-4355-93b1-7a942eb61d40
2023-05-04 20:13:57,099 [RatisPipelineUtilsThread - 0] WARN  pipeline.PipelinePlacementPolicy (PipelinePlacementPolicy.java:filterViableNodes(160)) - Pipeline creation failed due to no sufficient healthy datanodes. Required 3. Found 0. Excluded 6.
2023-05-04 20:13:57,111 [EndpointStateMachine task thread for /0.0.0.0:40805 - 0 ] INFO  utils.DatanodeStoreCache (DatanodeStoreCache.java:addDB(58)) - Added db /home/runner/work/ozone/ozone/hadoop-ozone/integration-test/target/test-dir/MiniOzoneClusterImpl-3ff5bc89-9620-4d46-84f6-68e3c2a3a822/datanode-10/data-0/containers/hdds/3ff5bc89-9620-4d46-84f6-68e3c2a3a822/DS-87ce5dda-f62e-4058-a2b5-b12e13db9bca/container.db to cache
2023-05-04 20:13:57,113 [EndpointStateMachine task thread for /0.0.0.0:40805 - 0 ] INFO  volume.HddsVolume (HddsVolume.java:createDbStore(350)) - SchemaV3 db is created and loaded at /home/runner/work/ozone/ozone/hadoop-ozone/integration-test/target/test-dir/MiniOzoneClusterImpl-3ff5bc89-9620-4d46-84f6-68e3c2a3a822/datanode-10/data-0/containers/hdds/3ff5bc89-9620-4d46-84f6-68e3c2a3a822/DS-87ce5dda-f62e-4058-a2b5-b12e13db9bca/container.db for volume DS-87ce5dda-f62e-4058-a2b5-b12e13db9bca
2023-05-04 20:13:57,113 [EndpointStateMachine task thread for /0.0.0.0:40805 - 0 ] INFO  ozoneimpl.OzoneContainer (OzoneContainer.java:start(397)) - Attempting to start container services.
2023-05-04 20:13:57,113 [EndpointStateMachine task thread for /0.0.0.0:40805 - 0 ] INFO  ozoneimpl.OzoneContainer (OzoneContainer.java:startContainerScrub(314)) - Scheduled background container scanners and the on-demand container scanner have been disabled.
2023-05-04 20:13:57,115 [EndpointStateMachine task thread for /0.0.0.0:40805 - 0 ] INFO  replication.ReplicationServer (ReplicationServer.java:start(109)) - ReplicationServer is started using port 32869
2023-05-04 20:13:57,115 [EndpointStateMachine task thread for /0.0.0.0:40805 - 0 ] INFO  ratis.XceiverServerRatis (XceiverServerRatis.java:start(517)) - Starting XceiverServerRatis 14e688c6-03f0-4578-94be-4c0bf8f01127
2023-05-04 20:13:57,116 [EndpointStateMachine task thread for /0.0.0.0:40805 - 0 ] INFO  server.RaftServer (RaftServerProxy.java:startImpl(393)) - 14e688c6-03f0-4578-94be-4c0bf8f01127: start RPC server
2023-05-04 20:13:57,119 [EndpointStateMachine task thread for /0.0.0.0:40805 - 0 ] INFO  server.GrpcService (GrpcService.java:startImpl(262)) - 14e688c6-03f0-4578-94be-4c0bf8f01127: GrpcService started, listening on 44235
2023-05-04 20:13:57,119 [EndpointStateMachine task thread for /0.0.0.0:40805 - 0 ] INFO  ratis.XceiverServerRatis (XceiverServerRatis.java:getRealPort(543)) - XceiverServerRatis 14e688c6-03f0-4578-94be-4c0bf8f01127 is started using port 44235 for RATIS
2023-05-04 20:13:57,119 [EndpointStateMachine task thread for /0.0.0.0:40805 - 0 ] INFO  ratis.XceiverServerRatis (XceiverServerRatis.java:getRealPort(543)) - XceiverServerRatis 14e688c6-03f0-4578-94be-4c0bf8f01127 is started using port 44235 for RATIS_ADMIN
2023-05-04 20:13:57,119 [EndpointStateMachine task thread for /0.0.0.0:40805 - 0 ] INFO  ratis.XceiverServerRatis (XceiverServerRatis.java:getRealPort(543)) - XceiverServerRatis 14e688c6-03f0-4578-94be-4c0bf8f01127 is started using port 44235 for RATIS_SERVER
2023-05-04 20:13:57,119 [EndpointStateMachine task thread for /0.0.0.0:40805 - 0 ] INFO  ratis.XceiverServerRatis (XceiverServerRatis.java:getRealPort(543)) - XceiverServerRatis 14e688c6-03f0-4578-94be-4c0bf8f01127 is started using port 44165 for RATIS_DATASTREAM
2023-05-04 20:13:57,119 [JvmPauseMonitor11] INFO  util.JvmPauseMonitor (JvmPauseMonitor.java:run(105)) - JvmPauseMonitor-14e688c6-03f0-4578-94be-4c0bf8f01127: Started
2023-05-04 20:13:57,121 [EndpointStateMachine task thread for /0.0.0.0:40805 - 0 ] INFO  server.XceiverServerGrpc (XceiverServerGrpc.java:start(180)) - XceiverServerGrpc 14e688c6-03f0-4578-94be-4c0bf8f01127 is started using port 43175
2023-05-04 20:13:57,130 [BlockDeletingService#0] INFO  interfaces.ContainerDeletionChoosingPolicyTemplate (ContainerDeletionChoosingPolicyTemplate.java:chooseContainerForBlockDeletion(83)) - Chosen 0/5000 blocks from 0 candidate containers.
2023-05-04 20:13:57,346 [Listener at 127.0.0.1/35517] INFO  ozone.MiniOzoneClusterImpl (MiniOzoneClusterImpl.java:lambda$waitForClusterToBeReady$0(223)) - Waiting for nodes to be ready. Got 6 of 14 DN Heartbeats.
2023-05-04 20:13:57,346 [Listener at 127.0.0.1/35517] INFO  ozone.MiniOzoneClusterImpl (MiniOzoneClusterImpl.java:lambda$waitForClusterToBeReady$0(226)) - Waiting for cluster to exit safe mode
2023-05-04 20:13:57,346 [Listener at 127.0.0.1/35517] INFO  ozone.MiniOzoneClusterImpl (MiniOzoneClusterImpl.java:lambda$waitForClusterToBeReady$0(228)) - SCM became leader
2023-05-04 20:13:57,515 [EndpointStateMachine task thread for /0.0.0.0:40805 - 0 ] INFO  utils.DatanodeStoreCache (DatanodeStoreCache.java:addDB(58)) - Added db /home/runner/work/ozone/ozone/hadoop-ozone/integration-test/target/test-dir/MiniOzoneClusterImpl-3ff5bc89-9620-4d46-84f6-68e3c2a3a822/datanode-11/data-0/containers/hdds/3ff5bc89-9620-4d46-84f6-68e3c2a3a822/DS-343c4f39-ab71-4524-81e2-207ebe5c2acc/container.db to cache
2023-05-04 20:13:57,515 [EndpointStateMachine task thread for /0.0.0.0:40805 - 0 ] INFO  volume.HddsVolume (HddsVolume.java:createDbStore(350)) - SchemaV3 db is created and loaded at /home/runner/work/ozone/ozone/hadoop-ozone/integration-test/target/test-dir/MiniOzoneClusterImpl-3ff5bc89-9620-4d46-84f6-68e3c2a3a822/datanode-11/data-0/containers/hdds/3ff5bc89-9620-4d46-84f6-68e3c2a3a822/DS-343c4f39-ab71-4524-81e2-207ebe5c2acc/container.db for volume DS-343c4f39-ab71-4524-81e2-207ebe5c2acc
2023-05-04 20:13:57,516 [EndpointStateMachine task thread for /0.0.0.0:40805 - 0 ] INFO  ozoneimpl.OzoneContainer (OzoneContainer.java:start(397)) - Attempting to start container services.
2023-05-04 20:13:57,516 [EndpointStateMachine task thread for /0.0.0.0:40805 - 0 ] INFO  ozoneimpl.OzoneContainer (OzoneContainer.java:startContainerScrub(314)) - Scheduled background container scanners and the on-demand container scanner have been disabled.
2023-05-04 20:13:57,520 [EndpointStateMachine task thread for /0.0.0.0:40805 - 0 ] INFO  replication.ReplicationServer (ReplicationServer.java:start(109)) - ReplicationServer is started using port 33519
2023-05-04 20:13:57,520 [EndpointStateMachine task thread for /0.0.0.0:40805 - 0 ] INFO  ratis.XceiverServerRatis (XceiverServerRatis.java:start(517)) - Starting XceiverServerRatis b4df0636-e8ba-4aa2-9ff9-49534f1768bf
2023-05-04 20:13:57,521 [EndpointStateMachine task thread for /0.0.0.0:40805 - 0 ] INFO  server.RaftServer (RaftServerProxy.java:startImpl(393)) - b4df0636-e8ba-4aa2-9ff9-49534f1768bf: start RPC server
2023-05-04 20:13:57,523 [EndpointStateMachine task thread for /0.0.0.0:40805 - 0 ] INFO  server.GrpcService (GrpcService.java:startImpl(262)) - b4df0636-e8ba-4aa2-9ff9-49534f1768bf: GrpcService started, listening on 42357
2023-05-04 20:13:57,523 [EndpointStateMachine task thread for /0.0.0.0:40805 - 0 ] INFO  ratis.XceiverServerRatis (XceiverServerRatis.java:getRealPort(543)) - XceiverServerRatis b4df0636-e8ba-4aa2-9ff9-49534f1768bf is started using port 42357 for RATIS
2023-05-04 20:13:57,523 [EndpointStateMachine task thread for /0.0.0.0:40805 - 0 ] INFO  ratis.XceiverServerRatis (XceiverServerRatis.java:getRealPort(543)) - XceiverServerRatis b4df0636-e8ba-4aa2-9ff9-49534f1768bf is started using port 42357 for RATIS_ADMIN
2023-05-04 20:13:57,523 [EndpointStateMachine task thread for /0.0.0.0:40805 - 0 ] INFO  ratis.XceiverServerRatis (XceiverServerRatis.java:getRealPort(543)) - XceiverServerRatis b4df0636-e8ba-4aa2-9ff9-49534f1768bf is started using port 42357 for RATIS_SERVER
2023-05-04 20:13:57,523 [EndpointStateMachine task thread for /0.0.0.0:40805 - 0 ] INFO  ratis.XceiverServerRatis (XceiverServerRatis.java:getRealPort(543)) - XceiverServerRatis b4df0636-e8ba-4aa2-9ff9-49534f1768bf is started using port 43847 for RATIS_DATASTREAM
2023-05-04 20:13:57,523 [JvmPauseMonitor12] INFO  util.JvmPauseMonitor (JvmPauseMonitor.java:run(105)) - JvmPauseMonitor-b4df0636-e8ba-4aa2-9ff9-49534f1768bf: Started
2023-05-04 20:13:57,531 [IPC Server handler 14 on default port 40805] INFO  net.NetworkTopologyImpl (NetworkTopologyImpl.java:add(112)) - Added a new node: /default-rack/eaea20cf-c5ca-4d45-84fe-4a8214ec7204
2023-05-04 20:13:57,532 [IPC Server handler 14 on default port 40805] INFO  node.SCMNodeManager (SCMNodeManager.java:register(407)) - Registered Data node : eaea20cf-c5ca-4d45-84fe-4a8214ec7204{ip: 10.1.0.20, host: fv-az804-457.cvtsq3ctpw5ehehiek0yp1ke0c.cx.internal.cloudapp.net, ports: [HTTP=41261, REPLICATION=40285, RATIS=42299, RATIS_ADMIN=42299, RATIS_SERVER=42299, RATIS_DATASTREAM=45285, STANDALONE=39839], networkLocation: /default-rack, certSerialId: null, persistedOpState: null, persistedOpStateExpiryEpochSec: 0}
2023-05-04 20:13:57,533 [EventQueue-NewNodeForNewNodeHandler] INFO  pipeline.BackgroundPipelineCreator (BackgroundPipelineCreator.java:notifyEventTriggered(276)) - trigger a one-shot run on RatisPipelineUtilsThread.
2023-05-04 20:13:57,533 [RatisPipelineUtilsThread - 0] INFO  pipeline.RatisPipelineProvider (RatisPipelineProvider.java:lambda$create$0(206)) - Sending CreatePipelineCommand for pipeline:PipelineID=0153d314-1f98-4100-a599-8640c2c8e310 to datanode:eaea20cf-c5ca-4d45-84fe-4a8214ec7204
2023-05-04 20:13:57,534 [EndpointStateMachine task thread for /0.0.0.0:40805 - 0 ] INFO  server.XceiverServerGrpc (XceiverServerGrpc.java:start(180)) - XceiverServerGrpc b4df0636-e8ba-4aa2-9ff9-49534f1768bf is started using port 36583
2023-05-04 20:13:57,539 [RatisPipelineUtilsThread - 0] INFO  pipeline.PipelineStateManagerImpl (PipelineStateManagerImpl.java:addPipeline(103)) - Created pipeline Pipeline[ Id: 0153d314-1f98-4100-a599-8640c2c8e310, Nodes: eaea20cf-c5ca-4d45-84fe-4a8214ec7204(fv-az804-457.cvtsq3ctpw5ehehiek0yp1ke0c.cx.internal.cloudapp.net/10.1.0.20), ReplicationConfig: RATIS/ONE, State:ALLOCATED, leaderId:, CreationTimestamp2023-05-04T20:13:57.533Z[Etc/UTC]].
2023-05-04 20:13:57,539 [RatisPipelineUtilsThread - 0] WARN  pipeline.PipelinePlacementPolicy (PipelinePlacementPolicy.java:filterViableNodes(160)) - Pipeline creation failed due to no sufficient healthy datanodes. Required 3. Found 1. Excluded 6.
2023-05-04 20:13:57,541 [BlockDeletingService#0] INFO  interfaces.ContainerDeletionChoosingPolicyTemplate (ContainerDeletionChoosingPolicyTemplate.java:chooseContainerForBlockDeletion(83)) - Chosen 0/5000 blocks from 0 candidate containers.
2023-05-04 20:13:57,801 [Command processor thread] INFO  server.RaftServer (RaftServerProxy.java:addNew(96)) - 6a8dabd4-d9aa-4d69-8f5d-1f403dba9ac7: addNew group-E8710C152F67:[6a8dabd4-d9aa-4d69-8f5d-1f403dba9ac7|rpc:10.1.0.20:33893|dataStream:10.1.0.20:42975|priority:1|startupRole:FOLLOWER] returns group-E8710C152F67:java.util.concurrent.CompletableFuture@5c6d851a[Not completed]
2023-05-04 20:13:57,815 [pool-79-thread-1] INFO  server.RaftServer$Division (RaftServerImpl.java:<init>(195)) - 6a8dabd4-d9aa-4d69-8f5d-1f403dba9ac7: new RaftServerImpl for group-E8710C152F67:[6a8dabd4-d9aa-4d69-8f5d-1f403dba9ac7|rpc:10.1.0.20:33893|dataStream:10.1.0.20:42975|priority:1|startupRole:FOLLOWER] with ContainerStateMachine:uninitialized
2023-05-04 20:13:57,815 [pool-79-thread-1] INFO  server.RaftServerConfigKeys (ConfUtils.java:logGet(46)) - raft.server.rpc.timeout.min = 5s (custom)
2023-05-04 20:13:57,815 [pool-79-thread-1] INFO  server.RaftServerConfigKeys (ConfUtils.java:logGet(46)) - raft.server.rpc.timeout.max = 5200ms (custom)
2023-05-04 20:13:57,815 [pool-79-thread-1] INFO  server.RaftServerConfigKeys (ConfUtils.java:logGet(46)) - raft.server.rpc.sleep.time = 25ms (default)
2023-05-04 20:13:57,815 [pool-79-thread-1] INFO  server.RaftServerConfigKeys (ConfUtils.java:logGet(46)) - raft.server.rpc.slowness.timeout = 300s (custom)
2023-05-04 20:13:57,815 [pool-79-thread-1] INFO  server.RaftServerConfigKeys (ConfUtils.java:logGet(46)) - raft.server.leaderelection.leader.step-down.wait-time = 10s (default)
2023-05-04 20:13:57,815 [pool-79-thread-1] INFO  server.RaftServerConfigKeys (ConfUtils.java:logGet(46)) - raft.server.sleep.deviation.threshold = 300ms (default)
2023-05-04 20:13:57,815 [pool-79-thread-1] INFO  server.RaftServer$Division (ServerState.java:<init>(118)) - 6a8dabd4-d9aa-4d69-8f5d-1f403dba9ac7@group-E8710C152F67: ConfigurationManager, init=-1: peers:[6a8dabd4-d9aa-4d69-8f5d-1f403dba9ac7|rpc:10.1.0.20:33893|dataStream:10.1.0.20:42975|priority:1|startupRole:FOLLOWER]|listeners:[], old=null, confs=<EMPTY_MAP>
2023-05-04 20:13:57,815 [pool-79-thread-1] INFO  server.RaftServerConfigKeys (ConfUtils.java:logGet(46)) - raft.server.storage.dir = [/home/runner/work/ozone/ozone/hadoop-ozone/integration-test/target/test-dir/MiniOzoneClusterImpl-3ff5bc89-9620-4d46-84f6-68e3c2a3a822/datanode-0/data/ratis] (custom)
2023-05-04 20:13:57,815 [pool-79-thread-1] INFO  server.RaftServerConfigKeys (ConfUtils.java:logGet(46)) - raft.server.log.corruption.policy = EXCEPTION (default)
2023-05-04 20:13:57,816 [pool-79-thread-1] INFO  server.RaftServerConfigKeys (ConfUtils.java:logGet(46)) - raft.server.storage.free-space.min = 0MB (=0) (default)
2023-05-04 20:13:57,816 [pool-79-thread-1] INFO  server.RaftServerConfigKeys (ConfUtils.java:logGet(46)) - raft.server.notification.no-leader.timeout = 300s (custom)
2023-05-04 20:13:57,816 [pool-79-thread-1] INFO  server.RaftServerConfigKeys (ConfUtils.java:logGet(46)) - raft.server.retrycache.expirytime = 600000ms (custom)
2023-05-04 20:13:57,816 [pool-79-thread-1] INFO  server.RaftServerConfigKeys (ConfUtils.java:logGet(46)) - raft.server.retrycache.statistics.expirytime = 100μs (default)
2023-05-04 20:13:57,828 [pool-79-thread-1] INFO  server.RaftServerConfigKeys (ConfUtils.java:logGet(46)) - raft.server.log.appender.install.snapshot.enabled = false (custom)
2023-05-04 20:13:57,828 [pool-79-thread-1] INFO  server.RaftServerConfigKeys (ConfUtils.java:logGet(46)) - raft.server.threadpool.server.cached = true (default)
2023-05-04 20:13:57,828 [pool-79-thread-1] INFO  server.RaftServerConfigKeys (ConfUtils.java:logGet(46)) - raft.server.threadpool.server.size = 0 (default)
2023-05-04 20:13:57,828 [pool-79-thread-1] INFO  server.RaftServerConfigKeys (ConfUtils.java:logGet(46)) - raft.server.threadpool.client.cached = true (default)
2023-05-04 20:13:57,828 [pool-79-thread-1] INFO  server.RaftServerConfigKeys (ConfUtils.java:logGet(46)) - raft.server.threadpool.client.size = 0 (default)
2023-05-04 20:13:57,828 [pool-79-thread-1] INFO  storage.RaftStorageDirectory (RaftStorageDirectoryImpl.java:analyzeStorage(137)) - The storage directory /home/runner/work/ozone/ozone/hadoop-ozone/integration-test/target/test-dir/MiniOzoneClusterImpl-3ff5bc89-9620-4d46-84f6-68e3c2a3a822/datanode-0/data/ratis/7b8377b5-2c8b-4735-a802-e8710c152f67 does not exist. Creating ...
2023-05-04 20:13:57,829 [pool-79-thread-1] INFO  storage.RaftStorageDirectory (RaftStorageDirectoryImpl.java:tryLock(231)) - Lock on /home/runner/work/ozone/ozone/hadoop-ozone/integration-test/target/test-dir/MiniOzoneClusterImpl-3ff5bc89-9620-4d46-84f6-68e3c2a3a822/datanode-0/data/ratis/7b8377b5-2c8b-4735-a802-e8710c152f67/in_use.lock acquired by nodename 25037@fv-az804-457
2023-05-04 20:13:57,830 [pool-79-thread-1] INFO  storage.RaftStorage (RaftStorageImpl.java:format(96)) - Storage directory /home/runner/work/ozone/ozone/hadoop-ozone/integration-test/target/test-dir/MiniOzoneClusterImpl-3ff5bc89-9620-4d46-84f6-68e3c2a3a822/datanode-0/data/ratis/7b8377b5-2c8b-4735-a802-e8710c152f67 has been successfully formatted.
2023-05-04 20:13:57,836 [pool-79-thread-1] INFO  ratis.ContainerStateMachine (ContainerStateMachine.java:loadSnapshot(262)) - group-E8710C152F67: The snapshot info is null. Setting the last applied indexto:(t:0, i:~)
2023-05-04 20:13:57,836 [pool-79-thread-1] INFO  server.RaftServerConfigKeys (ConfUtils.java:logGet(46)) - raft.server.log.use.memory = false (default)
2023-05-04 20:13:57,837 [pool-79-thread-1] INFO  server.RaftServerConfigKeys (ConfUtils.java:logGet(46)) - raft.server.log.purge.gap = 1000000 (custom)
2023-05-04 20:13:57,837 [pool-79-thread-1] INFO  server.RaftServerConfigKeys (ConfUtils.java:logGet(46)) - raft.server.log.appender.buffer.byte-limit = 33554432 (custom)
2023-05-04 20:13:57,837 [pool-79-thread-1] INFO  server.RaftServerConfigKeys (ConfUtils.java:logGet(46)) - raft.server.log.statemachine.data.read.timeout = 1000ms (default)
2023-05-04 20:13:57,837 [pool-79-thread-1] INFO  server.RaftServerConfigKeys (ConfUtils.java:logGet(46)) - raft.server.log.purge.preservation.log.num = 0 (default)
2023-05-04 20:13:57,837 [pool-79-thread-1] INFO  server.RaftServerConfigKeys (ConfUtils.java:logGet(46)) - raft.server.log.segment.size.max = 1048576 (custom)
2023-05-04 20:13:57,839 [pool-79-thread-1] INFO  server.RaftServerConfigKeys (ConfUtils.java:logGet(46)) - raft.server.log.segment.cache.num.max = 2 (custom)
2023-05-04 20:13:57,839 [pool-79-thread-1] INFO  server.RaftServerConfigKeys (ConfUtils.java:logGet(46)) - raft.server.log.segment.cache.size.max = 200MB (=209715200) (default)
2023-05-04 20:13:57,839 [pool-79-thread-1] INFO  segmented.SegmentedRaftLogWorker (SegmentedRaftLogWorker.java:<init>(189)) - new 6a8dabd4-d9aa-4d69-8f5d-1f403dba9ac7@group-E8710C152F67-SegmentedRaftLogWorker for RaftStorageImpl:Storage Directory /home/runner/work/ozone/ozone/hadoop-ozone/integration-test/target/test-dir/MiniOzoneClusterImpl-3ff5bc89-9620-4d46-84f6-68e3c2a3a822/datanode-0/data/ratis/7b8377b5-2c8b-4735-a802-e8710c152f67
2023-05-04 20:13:57,839 [pool-79-thread-1] INFO  server.RaftServerConfigKeys (ConfUtils.java:logGet(46)) - raft.server.log.queue.byte-limit = 4294967296 (custom)
2023-05-04 20:13:57,839 [pool-79-thread-1] INFO  server.RaftServerConfigKeys (ConfUtils.java:logGet(46)) - raft.server.log.queue.element-limit = 1024 (custom)
2023-05-04 20:13:57,839 [pool-79-thread-1] INFO  server.RaftServerConfigKeys (ConfUtils.java:logGet(46)) - raft.server.log.segment.size.max = 1048576 (custom)
2023-05-04 20:13:57,839 [pool-79-thread-1] INFO  server.RaftServerConfigKeys (ConfUtils.java:logGet(46)) - raft.server.log.preallocated.size = 16384 (custom)
2023-05-04 20:13:57,839 [pool-79-thread-1] INFO  server.RaftServerConfigKeys (ConfUtils.java:logGet(46)) - raft.server.log.force.sync.num = 128 (default)
2023-05-04 20:13:57,839 [pool-79-thread-1] INFO  server.RaftServerConfigKeys (ConfUtils.java:logGet(46)) - raft.server.log.statemachine.data.sync = true (default)
2023-05-04 20:13:57,839 [pool-79-thread-1] INFO  server.RaftServerConfigKeys (ConfUtils.java:logGet(46)) - raft.server.log.statemachine.data.sync.timeout = 10s (default)
2023-05-04 20:13:57,839 [pool-79-thread-1] INFO  server.RaftServerConfigKeys (ConfUtils.java:logGet(46)) - raft.server.log.statemachine.data.sync.timeout.retry = -1 (default)
2023-05-04 20:13:57,841 [pool-79-thread-1] INFO  server.RaftServerConfigKeys (ConfUtils.java:logGet(46)) - raft.server.log.write.buffer.size = 1048576 (custom)
2023-05-04 20:13:57,841 [pool-79-thread-1] INFO  server.RaftServerConfigKeys (ConfUtils.java:logGet(46)) - raft.server.log.appender.buffer.byte-limit = 33554432 (custom)
2023-05-04 20:13:57,846 [pool-79-thread-1] INFO  server.RaftServerConfigKeys (ConfUtils.java:logGet(46)) - raft.server.log.unsafe-flush.enabled = false (default)
2023-05-04 20:13:57,846 [pool-79-thread-1] INFO  server.RaftServerConfigKeys (ConfUtils.java:logGet(46)) - raft.server.log.async-flush.enabled = false (default)
2023-05-04 20:13:57,846 [pool-79-thread-1] INFO  server.RaftServerConfigKeys (ConfUtils.java:logGet(46)) - raft.server.log.statemachine.data.caching.enabled = true (custom)
2023-05-04 20:13:57,847 [pool-79-thread-1] INFO  segmented.SegmentedRaftLogWorker (SegmentedRaftLogWorker.java:lambda$new$0(135)) - 6a8dabd4-d9aa-4d69-8f5d-1f403dba9ac7@group-E8710C152F67-SegmentedRaftLogWorker: flushIndex: setUnconditionally 0 -> -1
2023-05-04 20:13:57,847 [pool-79-thread-1] INFO  segmented.SegmentedRaftLogWorker (SegmentedRaftLogWorker.java:lambda$new$0(135)) - 6a8dabd4-d9aa-4d69-8f5d-1f403dba9ac7@group-E8710C152F67-SegmentedRaftLogWorker: safeCacheEvictIndex: setUnconditionally 0 -> -1
2023-05-04 20:13:57,847 [pool-79-thread-1] INFO  server.RaftServer$Division (RaftServerImpl.java:start(334)) - 6a8dabd4-d9aa-4d69-8f5d-1f403dba9ac7@group-E8710C152F67: start as a follower, conf=-1: peers:[6a8dabd4-d9aa-4d69-8f5d-1f403dba9ac7|rpc:10.1.0.20:33893|dataStream:10.1.0.20:42975|priority:1|startupRole:FOLLOWER]|listeners:[], old=null
2023-05-04 20:13:57,847 [pool-79-thread-1] INFO  server.RaftServer$Division (RaftServerImpl.java:setRole(321)) - 6a8dabd4-d9aa-4d69-8f5d-1f403dba9ac7@group-E8710C152F67: changes role from      null to FOLLOWER at term 0 for startAsFollower
2023-05-04 20:13:57,847 [pool-79-thread-1] INFO  impl.RoleInfo (RoleInfo.java:updateAndGet(139)) - 6a8dabd4-d9aa-4d69-8f5d-1f403dba9ac7: start 6a8dabd4-d9aa-4d69-8f5d-1f403dba9ac7@group-E8710C152F67-FollowerState
2023-05-04 20:13:57,849 [pool-79-thread-1] INFO  util.JmxRegister (JmxRegister.java:tryRegister(44)) - Successfully registered JMX Bean with object name Ratis:service=RaftServer,group=group-E8710C152F67,id=6a8dabd4-d9aa-4d69-8f5d-1f403dba9ac7
2023-05-04 20:13:57,849 [pool-79-thread-1] INFO  server.RaftServerConfigKeys (ConfUtils.java:logGet(46)) - raft.server.snapshot.auto.trigger.enabled = true (custom)
2023-05-04 20:13:57,849 [pool-79-thread-1] INFO  server.RaftServerConfigKeys (ConfUtils.java:logGet(46)) - raft.server.snapshot.auto.trigger.threshold = 10000 (custom)
2023-05-04 20:13:57,849 [pool-79-thread-1] INFO  server.RaftServerConfigKeys (ConfUtils.java:logGet(46)) - raft.server.snapshot.retention.file.num = 5 (custom)
2023-05-04 20:13:57,849 [pool-79-thread-1] INFO  server.RaftServerConfigKeys (ConfUtils.java:logGet(46)) - raft.server.log.purge.upto.snapshot.index = false (default)
2023-05-04 20:13:57,850 [6a8dabd4-d9aa-4d69-8f5d-1f403dba9ac7@group-E8710C152F67-FollowerState] INFO  server.RaftServerConfigKeys (ConfUtils.java:logFallback(53)) - raft.server.rpc.first-election.timeout.min = 5s (fallback to raft.server.rpc.timeout.min)
2023-05-04 20:13:57,851 [6a8dabd4-d9aa-4d69-8f5d-1f403dba9ac7@group-E8710C152F67-FollowerState] INFO  server.RaftServerConfigKeys (ConfUtils.java:logFallback(53)) - raft.server.rpc.first-election.timeout.max = 5200ms (fallback to raft.server.rpc.timeout.max)
2023-05-04 20:13:57,857 [Command processor thread] INFO  ratis.XceiverServerRatis (XceiverServerRatis.java:addGroup(806)) - Created group PipelineID=7b8377b5-2c8b-4735-a802-e8710c152f67
2023-05-04 20:13:57,858 [Command processor thread] INFO  commandhandler.CreatePipelineCommandHandler (CreatePipelineCommandHandler.java:handle(113)) - Created Pipeline RATIS ONE PipelineID=7b8377b5-2c8b-4735-a802-e8710c152f67.
2023-05-04 20:13:57,859 [EventQueue-PipelineReportForPipelineReportHandler] INFO  pipeline.PipelineManagerImpl (PipelineManagerImpl.java:openPipeline(367)) - Pipeline Pipeline[ Id: 7b8377b5-2c8b-4735-a802-e8710c152f67, Nodes: 6a8dabd4-d9aa-4d69-8f5d-1f403dba9ac7(fv-az804-457.cvtsq3ctpw5ehehiek0yp1ke0c.cx.internal.cloudapp.net/10.1.0.20), ReplicationConfig: RATIS/ONE, State:ALLOCATED, leaderId:6a8dabd4-d9aa-4d69-8f5d-1f403dba9ac7, CreationTimestamp2023-05-04T20:13:54.842Z[Etc/UTC]] moved to OPEN state
2023-05-04 20:13:57,861 [Command processor thread] INFO  server.RaftServer (RaftServerProxy.java:addNew(96)) - 6a8dabd4-d9aa-4d69-8f5d-1f403dba9ac7: addNew group-A5343225BA2E:[6a8dabd4-d9aa-4d69-8f5d-1f403dba9ac7|rpc:10.1.0.20:33893|dataStream:10.1.0.20:42975|priority:0|startupRole:FOLLOWER, b0971eea-134b-46df-abd0-1018d0776f3a|rpc:10.1.0.20:45025|dataStream:10.1.0.20:37217|priority:0|startupRole:FOLLOWER, b957fc71-c761-4d97-9df6-bc970b063b54|rpc:10.1.0.20:38747|dataStream:10.1.0.20:39175|priority:1|startupRole:FOLLOWER] returns group-A5343225BA2E:java.util.concurrent.CompletableFuture@750881e8[Not completed]
2023-05-04 20:13:57,861 [EventQueue-OpenPipelineForHealthyPipelineSafeModeRule] INFO  safemode.SCMSafeModeManager (HealthyPipelineSafeModeRule.java:process(137)) - SCM in safe mode. Healthy pipelines reported count is 0, required healthy pipeline reported count is 1
2023-05-04 20:13:57,863 [pool-79-thread-1] INFO  server.RaftServer$Division (RaftServerImpl.java:<init>(195)) - 6a8dabd4-d9aa-4d69-8f5d-1f403dba9ac7: new RaftServerImpl for group-A5343225BA2E:[6a8dabd4-d9aa-4d69-8f5d-1f403dba9ac7|rpc:10.1.0.20:33893|dataStream:10.1.0.20:42975|priority:0|startupRole:FOLLOWER, b0971eea-134b-46df-abd0-1018d0776f3a|rpc:10.1.0.20:45025|dataStream:10.1.0.20:37217|priority:0|startupRole:FOLLOWER, b957fc71-c761-4d97-9df6-bc970b063b54|rpc:10.1.0.20:38747|dataStream:10.1.0.20:39175|priority:1|startupRole:FOLLOWER] with ContainerStateMachine:uninitialized
2023-05-04 20:13:57,865 [pool-79-thread-1] INFO  server.RaftServerConfigKeys (ConfUtils.java:logGet(46)) - raft.server.rpc.timeout.min = 5s (custom)
2023-05-04 20:13:57,865 [pool-79-thread-1] INFO  server.RaftServerConfigKeys (ConfUtils.java:logGet(46)) - raft.server.rpc.timeout.max = 5200ms (custom)
2023-05-04 20:13:57,865 [pool-79-thread-1] INFO  server.RaftServerConfigKeys (ConfUtils.java:logGet(46)) - raft.server.rpc.sleep.time = 25ms (default)
2023-05-04 20:13:57,865 [pool-79-thread-1] INFO  server.RaftServerConfigKeys (ConfUtils.java:logGet(46)) - raft.server.rpc.slowness.timeout = 300s (custom)
2023-05-04 20:13:57,865 [pool-79-thread-1] INFO  server.RaftServerConfigKeys (ConfUtils.java:logGet(46)) - raft.server.leaderelection.leader.step-down.wait-time = 10s (default)
2023-05-04 20:13:57,865 [pool-79-thread-1] INFO  server.RaftServerConfigKeys (ConfUtils.java:logGet(46)) - raft.server.sleep.deviation.threshold = 300ms (default)
2023-05-04 20:13:57,865 [pool-79-thread-1] INFO  server.RaftServer$Division (ServerState.java:<init>(118)) - 6a8dabd4-d9aa-4d69-8f5d-1f403dba9ac7@group-A5343225BA2E: ConfigurationManager, init=-1: peers:[6a8dabd4-d9aa-4d69-8f5d-1f403dba9ac7|rpc:10.1.0.20:33893|dataStream:10.1.0.20:42975|priority:0|startupRole:FOLLOWER, b0971eea-134b-46df-abd0-1018d0776f3a|rpc:10.1.0.20:45025|dataStream:10.1.0.20:37217|priority:0|startupRole:FOLLOWER, b957fc71-c761-4d97-9df6-bc970b063b54|rpc:10.1.0.20:38747|dataStream:10.1.0.20:39175|priority:1|startupRole:FOLLOWER]|listeners:[], old=null, confs=<EMPTY_MAP>
2023-05-04 20:13:57,865 [pool-79-thread-1] INFO  server.RaftServerConfigKeys (ConfUtils.java:logGet(46)) - raft.server.storage.dir = [/home/runner/work/ozone/ozone/hadoop-ozone/integration-test/target/test-dir/MiniOzoneClusterImpl-3ff5bc89-9620-4d46-84f6-68e3c2a3a822/datanode-0/data/ratis] (custom)
2023-05-04 20:13:57,865 [pool-79-thread-1] INFO  server.RaftServerConfigKeys (ConfUtils.java:logGet(46)) - raft.server.log.corruption.policy = EXCEPTION (default)
2023-05-04 20:13:57,865 [pool-79-thread-1] INFO  server.RaftServerConfigKeys (ConfUtils.java:logGet(46)) - raft.server.storage.free-space.min = 0MB (=0) (default)
2023-05-04 20:13:57,865 [pool-79-thread-1] INFO  server.RaftServerConfigKeys (ConfUtils.java:logGet(46)) - raft.server.notification.no-leader.timeout = 300s (custom)
2023-05-04 20:13:57,865 [pool-79-thread-1] INFO  server.RaftServerConfigKeys (ConfUtils.java:logGet(46)) - raft.server.retrycache.expirytime = 600000ms (custom)
2023-05-04 20:13:57,865 [pool-79-thread-1] INFO  server.RaftServerConfigKeys (ConfUtils.java:logGet(46)) - raft.server.retrycache.statistics.expirytime = 100μs (default)
2023-05-04 20:13:57,870 [pool-79-thread-1] INFO  server.RaftServerConfigKeys (ConfUtils.java:logGet(46)) - raft.server.log.appender.install.snapshot.enabled = false (custom)
2023-05-04 20:13:57,870 [pool-79-thread-1] INFO  server.RaftServerConfigKeys (ConfUtils.java:logGet(46)) - raft.server.threadpool.server.cached = true (default)
2023-05-04 20:13:57,870 [pool-79-thread-1] INFO  server.RaftServerConfigKeys (ConfUtils.java:logGet(46)) - raft.server.threadpool.server.size = 0 (default)
2023-05-04 20:13:57,870 [pool-79-thread-1] INFO  server.RaftServerConfigKeys (ConfUtils.java:logGet(46)) - raft.server.threadpool.client.cached = true (default)
2023-05-04 20:13:57,870 [pool-79-thread-1] INFO  server.RaftServerConfigKeys (ConfUtils.java:logGet(46)) - raft.server.threadpool.client.size = 0 (default)
2023-05-04 20:13:57,871 [pool-79-thread-1] INFO  storage.RaftStorageDirectory (RaftStorageDirectoryImpl.java:analyzeStorage(137)) - The storage directory /home/runner/work/ozone/ozone/hadoop-ozone/integration-test/target/test-dir/MiniOzoneClusterImpl-3ff5bc89-9620-4d46-84f6-68e3c2a3a822/datanode-0/data/ratis/9898e671-3a8e-4fcd-a845-a5343225ba2e does not exist. Creating ...
2023-05-04 20:13:57,872 [pool-79-thread-1] INFO  storage.RaftStorageDirectory (RaftStorageDirectoryImpl.java:tryLock(231)) - Lock on /home/runner/work/ozone/ozone/hadoop-ozone/integration-test/target/test-dir/MiniOzoneClusterImpl-3ff5bc89-9620-4d46-84f6-68e3c2a3a822/datanode-0/data/ratis/9898e671-3a8e-4fcd-a845-a5343225ba2e/in_use.lock acquired by nodename 25037@fv-az804-457
2023-05-04 20:13:57,878 [pool-79-thread-1] INFO  storage.RaftStorage (RaftStorageImpl.java:format(96)) - Storage directory /home/runner/work/ozone/ozone/hadoop-ozone/integration-test/target/test-dir/MiniOzoneClusterImpl-3ff5bc89-9620-4d46-84f6-68e3c2a3a822/datanode-0/data/ratis/9898e671-3a8e-4fcd-a845-a5343225ba2e has been successfully formatted.
2023-05-04 20:13:57,879 [pool-79-thread-1] INFO  ratis.ContainerStateMachine (ContainerStateMachine.java:loadSnapshot(262)) - group-A5343225BA2E: The snapshot info is null. Setting the last applied indexto:(t:0, i:~)
2023-05-04 20:13:57,879 [pool-79-thread-1] INFO  server.RaftServerConfigKeys (ConfUtils.java:logGet(46)) - raft.server.log.use.memory = false (default)
2023-05-04 20:13:57,879 [pool-79-thread-1] INFO  server.RaftServerConfigKeys (ConfUtils.java:logGet(46)) - raft.server.log.purge.gap = 1000000 (custom)
2023-05-04 20:13:57,879 [pool-79-thread-1] INFO  server.RaftServerConfigKeys (ConfUtils.java:logGet(46)) - raft.server.log.appender.buffer.byte-limit = 33554432 (custom)
2023-05-04 20:13:57,879 [pool-79-thread-1] INFO  server.RaftServerConfigKeys (ConfUtils.java:logGet(46)) - raft.server.log.statemachine.data.read.timeout = 1000ms (default)
2023-05-04 20:13:57,879 [pool-79-thread-1] INFO  server.RaftServerConfigKeys (ConfUtils.java:logGet(46)) - raft.server.log.purge.preservation.log.num = 0 (default)
2023-05-04 20:13:57,885 [EventQueue-OpenPipelineForHealthyPipelineSafeModeRule] INFO  safemode.SCMSafeModeManager (HealthyPipelineSafeModeRule.java:process(137)) - SCM in safe mode. Healthy pipelines reported count is 0, required healthy pipeline reported count is 1
2023-05-04 20:13:57,887 [pool-79-thread-1] INFO  server.RaftServerConfigKeys (ConfUtils.java:logGet(46)) - raft.server.log.segment.size.max = 1048576 (custom)
2023-05-04 20:13:57,887 [pool-79-thread-1] INFO  server.RaftServerConfigKeys (ConfUtils.java:logGet(46)) - raft.server.log.segment.cache.num.max = 2 (custom)
2023-05-04 20:13:57,888 [pool-79-thread-1] INFO  server.RaftServerConfigKeys (ConfUtils.java:logGet(46)) - raft.server.log.segment.cache.size.max = 200MB (=209715200) (default)
2023-05-04 20:13:57,888 [pool-79-thread-1] INFO  segmented.SegmentedRaftLogWorker (SegmentedRaftLogWorker.java:<init>(189)) - new 6a8dabd4-d9aa-4d69-8f5d-1f403dba9ac7@group-A5343225BA2E-SegmentedRaftLogWorker for RaftStorageImpl:Storage Directory /home/runner/work/ozone/ozone/hadoop-ozone/integration-test/target/test-dir/MiniOzoneClusterImpl-3ff5bc89-9620-4d46-84f6-68e3c2a3a822/datanode-0/data/ratis/9898e671-3a8e-4fcd-a845-a5343225ba2e
2023-05-04 20:13:57,888 [pool-79-thread-1] INFO  server.RaftServerConfigKeys (ConfUtils.java:logGet(46)) - raft.server.log.queue.byte-limit = 4294967296 (custom)
2023-05-04 20:13:57,892 [pool-79-thread-1] INFO  server.RaftServerConfigKeys (ConfUtils.java:logGet(46)) - raft.server.log.queue.element-limit = 1024 (custom)
2023-05-04 20:13:57,893 [pool-79-thread-1] INFO  server.RaftServerConfigKeys (ConfUtils.java:logGet(46)) - raft.server.log.segment.size.max = 1048576 (custom)
2023-05-04 20:13:57,893 [pool-79-thread-1] INFO  server.RaftServerConfigKeys (ConfUtils.java:logGet(46)) - raft.server.log.preallocated.size = 16384 (custom)
2023-05-04 20:13:57,893 [pool-79-thread-1] INFO  server.RaftServerConfigKeys (ConfUtils.java:logGet(46)) - raft.server.log.force.sync.num = 128 (default)
2023-05-04 20:13:57,893 [pool-79-thread-1] INFO  server.RaftServerConfigKeys (ConfUtils.java:logGet(46)) - raft.server.log.statemachine.data.sync = true (default)
2023-05-04 20:13:57,893 [pool-79-thread-1] INFO  server.RaftServerConfigKeys (ConfUtils.java:logGet(46)) - raft.server.log.statemachine.data.sync.timeout = 10s (default)
2023-05-04 20:13:57,893 [pool-79-thread-1] INFO  server.RaftServerConfigKeys (ConfUtils.java:logGet(46)) - raft.server.log.statemachine.data.sync.timeout.retry = -1 (default)
2023-05-04 20:13:57,895 [pool-79-thread-1] INFO  server.RaftServerConfigKeys (ConfUtils.java:logGet(46)) - raft.server.log.write.buffer.size = 1048576 (custom)
2023-05-04 20:13:57,895 [pool-79-thread-1] INFO  server.RaftServerConfigKeys (ConfUtils.java:logGet(46)) - raft.server.log.appender.buffer.byte-limit = 33554432 (custom)
2023-05-04 20:13:57,903 [pool-79-thread-1] INFO  server.RaftServerConfigKeys (ConfUtils.java:logGet(46)) - raft.server.log.unsafe-flush.enabled = false (default)
2023-05-04 20:13:57,904 [pool-79-thread-1] INFO  server.RaftServerConfigKeys (ConfUtils.java:logGet(46)) - raft.server.log.async-flush.enabled = false (default)
2023-05-04 20:13:57,904 [pool-79-thread-1] INFO  server.RaftServerConfigKeys (ConfUtils.java:logGet(46)) - raft.server.log.statemachine.data.caching.enabled = true (custom)
2023-05-04 20:13:57,904 [pool-79-thread-1] INFO  segmented.SegmentedRaftLogWorker (SegmentedRaftLogWorker.java:lambda$new$0(135)) - 6a8dabd4-d9aa-4d69-8f5d-1f403dba9ac7@group-A5343225BA2E-SegmentedRaftLogWorker: flushIndex: setUnconditionally 0 -> -1
2023-05-04 20:13:57,904 [pool-79-thread-1] INFO  segmented.SegmentedRaftLogWorker (SegmentedRaftLogWorker.java:lambda$new$0(135)) - 6a8dabd4-d9aa-4d69-8f5d-1f403dba9ac7@group-A5343225BA2E-SegmentedRaftLogWorker: safeCacheEvictIndex: setUnconditionally 0 -> -1
2023-05-04 20:13:57,904 [pool-79-thread-1] INFO  server.RaftServer$Division (RaftServerImpl.java:start(334)) - 6a8dabd4-d9aa-4d69-8f5d-1f403dba9ac7@group-A5343225BA2E: start as a follower, conf=-1: peers:[6a8dabd4-d9aa-4d69-8f5d-1f403dba9ac7|rpc:10.1.0.20:33893|dataStream:10.1.0.20:42975|priority:0|startupRole:FOLLOWER, b0971eea-134b-46df-abd0-1018d0776f3a|rpc:10.1.0.20:45025|dataStream:10.1.0.20:37217|priority:0|startupRole:FOLLOWER, b957fc71-c761-4d97-9df6-bc970b063b54|rpc:10.1.0.20:38747|dataStream:10.1.0.20:39175|priority:1|startupRole:FOLLOWER]|listeners:[], old=null
2023-05-04 20:13:57,904 [pool-79-thread-1] INFO  server.RaftServer$Division (RaftServerImpl.java:setRole(321)) - 6a8dabd4-d9aa-4d69-8f5d-1f403dba9ac7@group-A5343225BA2E: changes role from      null to FOLLOWER at term 0 for startAsFollower
2023-05-04 20:13:57,904 [pool-79-thread-1] INFO  impl.RoleInfo (RoleInfo.java:updateAndGet(139)) - 6a8dabd4-d9aa-4d69-8f5d-1f403dba9ac7: start 6a8dabd4-d9aa-4d69-8f5d-1f403dba9ac7@group-A5343225BA2E-FollowerState
2023-05-04 20:13:57,906 [pool-79-thread-1] INFO  util.JmxRegister (JmxRegister.java:tryRegister(44)) - Successfully registered JMX Bean with object name Ratis:service=RaftServer,group=group-A5343225BA2E,id=6a8dabd4-d9aa-4d69-8f5d-1f403dba9ac7
2023-05-04 20:13:57,906 [pool-79-thread-1] INFO  server.RaftServerConfigKeys (ConfUtils.java:logGet(46)) - raft.server.snapshot.auto.trigger.enabled = true (custom)
2023-05-04 20:13:57,906 [pool-79-thread-1] INFO  server.RaftServerConfigKeys (ConfUtils.java:logGet(46)) - raft.server.snapshot.auto.trigger.threshold = 10000 (custom)
2023-05-04 20:13:57,906 [pool-79-thread-1] INFO  server.RaftServerConfigKeys (ConfUtils.java:logGet(46)) - raft.server.snapshot.retention.file.num = 5 (custom)
2023-05-04 20:13:57,906 [pool-79-thread-1] INFO  server.RaftServerConfigKeys (ConfUtils.java:logGet(46)) - raft.server.log.purge.upto.snapshot.index = false (default)
2023-05-04 20:13:57,908 [6a8dabd4-d9aa-4d69-8f5d-1f403dba9ac7@group-A5343225BA2E-FollowerState] INFO  server.RaftServerConfigKeys (ConfUtils.java:logFallback(53)) - raft.server.rpc.first-election.timeout.min = 5s (fallback to raft.server.rpc.timeout.min)
2023-05-04 20:13:57,919 [6a8dabd4-d9aa-4d69-8f5d-1f403dba9ac7@group-A5343225BA2E-FollowerState] INFO  server.RaftServerConfigKeys (ConfUtils.java:logFallback(53)) - raft.server.rpc.first-election.timeout.max = 5200ms (fallback to raft.server.rpc.timeout.max)
2023-05-04 20:13:57,919 [Command processor thread] INFO  ratis.XceiverServerRatis (XceiverServerRatis.java:addGroup(806)) - Created group PipelineID=9898e671-3a8e-4fcd-a845-a5343225ba2e
2023-05-04 20:13:57,930 [IPC Server handler 5 on default port 40805] INFO  net.NetworkTopologyImpl (NetworkTopologyImpl.java:add(112)) - Added a new node: /default-rack/c0824e8e-e4e4-4301-9438-3093f7f79ba0
2023-05-04 20:13:57,930 [IPC Server handler 5 on default port 40805] INFO  node.SCMNodeManager (SCMNodeManager.java:register(407)) - Registered Data node : c0824e8e-e4e4-4301-9438-3093f7f79ba0{ip: 10.1.0.20, host: fv-az804-457.cvtsq3ctpw5ehehiek0yp1ke0c.cx.internal.cloudapp.net, ports: [HTTP=46739, REPLICATION=34159, RATIS=46319, RATIS_ADMIN=46319, RATIS_SERVER=46319, RATIS_DATASTREAM=37851, STANDALONE=36413], networkLocation: /default-rack, certSerialId: null, persistedOpState: null, persistedOpStateExpiryEpochSec: 0}
2023-05-04 20:13:57,931 [EventQueue-NewNodeForNewNodeHandler] INFO  pipeline.BackgroundPipelineCreator (BackgroundPipelineCreator.java:notifyEventTriggered(276)) - trigger a one-shot run on RatisPipelineUtilsThread.
2023-05-04 20:13:57,931 [RatisPipelineUtilsThread - 0] INFO  pipeline.RatisPipelineProvider (RatisPipelineProvider.java:lambda$create$0(206)) - Sending CreatePipelineCommand for pipeline:PipelineID=40aa7165-9688-4bde-8ff1-7ae411ed8e03 to datanode:c0824e8e-e4e4-4301-9438-3093f7f79ba0
2023-05-04 20:13:57,934 [RatisPipelineUtilsThread - 0] INFO  pipeline.PipelineStateManagerImpl (PipelineStateManagerImpl.java:addPipeline(103)) - Created pipeline Pipeline[ Id: 40aa7165-9688-4bde-8ff1-7ae411ed8e03, Nodes: c0824e8e-e4e4-4301-9438-3093f7f79ba0(fv-az804-457.cvtsq3ctpw5ehehiek0yp1ke0c.cx.internal.cloudapp.net/10.1.0.20), ReplicationConfig: RATIS/ONE, State:ALLOCATED, leaderId:, CreationTimestamp2023-05-04T20:13:57.931Z[Etc/UTC]].
2023-05-04 20:13:57,935 [RatisPipelineUtilsThread - 0] WARN  pipeline.PipelinePlacementPolicy (PipelinePlacementPolicy.java:filterViableNodes(160)) - Pipeline creation failed due to no sufficient healthy datanodes. Required 3. Found 2. Excluded 6.
2023-05-04 20:13:57,993 [EndpointStateMachine task thread for /0.0.0.0:40805 - 0 ] INFO  utils.DatanodeStoreCache (DatanodeStoreCache.java:addDB(58)) - Added db /home/runner/work/ozone/ozone/hadoop-ozone/integration-test/target/test-dir/MiniOzoneClusterImpl-3ff5bc89-9620-4d46-84f6-68e3c2a3a822/datanode-12/data-0/containers/hdds/3ff5bc89-9620-4d46-84f6-68e3c2a3a822/DS-931a710a-a15e-445b-a4a7-54acf058cc54/container.db to cache
2023-05-04 20:13:57,993 [EndpointStateMachine task thread for /0.0.0.0:40805 - 0 ] INFO  volume.HddsVolume (HddsVolume.java:createDbStore(350)) - SchemaV3 db is created and loaded at /home/runner/work/ozone/ozone/hadoop-ozone/integration-test/target/test-dir/MiniOzoneClusterImpl-3ff5bc89-9620-4d46-84f6-68e3c2a3a822/datanode-12/data-0/containers/hdds/3ff5bc89-9620-4d46-84f6-68e3c2a3a822/DS-931a710a-a15e-445b-a4a7-54acf058cc54/container.db for volume DS-931a710a-a15e-445b-a4a7-54acf058cc54
2023-05-04 20:13:57,993 [EndpointStateMachine task thread for /0.0.0.0:40805 - 0 ] INFO  ozoneimpl.OzoneContainer (OzoneContainer.java:start(397)) - Attempting to start container services.
2023-05-04 20:13:57,993 [EndpointStateMachine task thread for /0.0.0.0:40805 - 0 ] INFO  ozoneimpl.OzoneContainer (OzoneContainer.java:startContainerScrub(314)) - Scheduled background container scanners and the on-demand container scanner have been disabled.
2023-05-04 20:13:57,996 [EndpointStateMachine task thread for /0.0.0.0:40805 - 0 ] INFO  replication.ReplicationServer (ReplicationServer.java:start(109)) - ReplicationServer is started using port 46293
2023-05-04 20:13:57,996 [EndpointStateMachine task thread for /0.0.0.0:40805 - 0 ] INFO  ratis.XceiverServerRatis (XceiverServerRatis.java:start(517)) - Starting XceiverServerRatis 4fbe5812-23fe-4964-8001-699203e4df4b
2023-05-04 20:13:57,997 [EndpointStateMachine task thread for /0.0.0.0:40805 - 0 ] INFO  server.RaftServer (RaftServerProxy.java:startImpl(393)) - 4fbe5812-23fe-4964-8001-699203e4df4b: start RPC server
2023-05-04 20:13:58,003 [EndpointStateMachine task thread for /0.0.0.0:40805 - 0 ] INFO  server.GrpcService (GrpcService.java:startImpl(262)) - 4fbe5812-23fe-4964-8001-699203e4df4b: GrpcService started, listening on 46327
2023-05-04 20:13:58,006 [EndpointStateMachine task thread for /0.0.0.0:40805 - 0 ] INFO  ratis.XceiverServerRatis (XceiverServerRatis.java:getRealPort(543)) - XceiverServerRatis 4fbe5812-23fe-4964-8001-699203e4df4b is started using port 46327 for RATIS
2023-05-04 20:13:58,006 [EndpointStateMachine task thread for /0.0.0.0:40805 - 0 ] INFO  ratis.XceiverServerRatis (XceiverServerRatis.java:getRealPort(543)) - XceiverServerRatis 4fbe5812-23fe-4964-8001-699203e4df4b is started using port 46327 for RATIS_ADMIN
2023-05-04 20:13:58,006 [EndpointStateMachine task thread for /0.0.0.0:40805 - 0 ] INFO  ratis.XceiverServerRatis (XceiverServerRatis.java:getRealPort(543)) - XceiverServerRatis 4fbe5812-23fe-4964-8001-699203e4df4b is started using port 46327 for RATIS_SERVER
2023-05-04 20:13:58,006 [EndpointStateMachine task thread for /0.0.0.0:40805 - 0 ] INFO  ratis.XceiverServerRatis (XceiverServerRatis.java:getRealPort(543)) - XceiverServerRatis 4fbe5812-23fe-4964-8001-699203e4df4b is started using port 36187 for RATIS_DATASTREAM
2023-05-04 20:13:58,007 [JvmPauseMonitor13] INFO  util.JvmPauseMonitor (JvmPauseMonitor.java:run(105)) - JvmPauseMonitor-4fbe5812-23fe-4964-8001-699203e4df4b: Started
2023-05-04 20:13:58,015 [EndpointStateMachine task thread for /0.0.0.0:40805 - 0 ] INFO  server.XceiverServerGrpc (XceiverServerGrpc.java:start(180)) - XceiverServerGrpc 4fbe5812-23fe-4964-8001-699203e4df4b is started using port 45579
2023-05-04 20:13:58,025 [BlockDeletingService#0] INFO  interfaces.ContainerDeletionChoosingPolicyTemplate (ContainerDeletionChoosingPolicyTemplate.java:chooseContainerForBlockDeletion(83)) - Chosen 0/5000 blocks from 0 candidate containers.
2023-05-04 20:13:58,292 [IPC Server handler 13 on default port 40805] INFO  net.NetworkTopologyImpl (NetworkTopologyImpl.java:add(112)) - Added a new node: /default-rack/fe0c64ad-372f-4816-a9b8-650345a5ed87
2023-05-04 20:13:58,292 [IPC Server handler 13 on default port 40805] INFO  node.SCMNodeManager (SCMNodeManager.java:register(407)) - Registered Data node : fe0c64ad-372f-4816-a9b8-650345a5ed87{ip: 10.1.0.20, host: fv-az804-457.cvtsq3ctpw5ehehiek0yp1ke0c.cx.internal.cloudapp.net, ports: [HTTP=37399, REPLICATION=33391, RATIS=40609, RATIS_ADMIN=40609, RATIS_SERVER=40609, RATIS_DATASTREAM=39835, STANDALONE=36773], networkLocation: /default-rack, certSerialId: null, persistedOpState: null, persistedOpStateExpiryEpochSec: 0}
2023-05-04 20:13:58,293 [EventQueue-NewNodeForNewNodeHandler] INFO  pipeline.BackgroundPipelineCreator (BackgroundPipelineCreator.java:notifyEventTriggered(276)) - trigger a one-shot run on RatisPipelineUtilsThread.
2023-05-04 20:13:58,293 [RatisPipelineUtilsThread - 0] INFO  pipeline.RatisPipelineProvider (RatisPipelineProvider.java:lambda$create$0(206)) - Sending CreatePipelineCommand for pipeline:PipelineID=ff4bd993-17d7-4353-bfae-a55471c5cfe6 to datanode:fe0c64ad-372f-4816-a9b8-650345a5ed87
2023-05-04 20:13:58,295 [RatisPipelineUtilsThread - 0] INFO  pipeline.PipelineStateManagerImpl (PipelineStateManagerImpl.java:addPipeline(103)) - Created pipeline Pipeline[ Id: ff4bd993-17d7-4353-bfae-a55471c5cfe6, Nodes: fe0c64ad-372f-4816-a9b8-650345a5ed87(fv-az804-457.cvtsq3ctpw5ehehiek0yp1ke0c.cx.internal.cloudapp.net/10.1.0.20), ReplicationConfig: RATIS/ONE, State:ALLOCATED, leaderId:, CreationTimestamp2023-05-04T20:13:58.293Z[Etc/UTC]].
2023-05-04 20:13:58,296 [RatisPipelineUtilsThread - 0] INFO  pipeline.RatisPipelineProvider (RatisPipelineProvider.java:lambda$create$0(206)) - Sending CreatePipelineCommand for pipeline:PipelineID=af91bc37-3f3f-45d7-a7b2-64a78f4c2588 to datanode:fe0c64ad-372f-4816-a9b8-650345a5ed87
2023-05-04 20:13:58,296 [RatisPipelineUtilsThread - 0] INFO  pipeline.RatisPipelineProvider (RatisPipelineProvider.java:lambda$create$0(206)) - Sending CreatePipelineCommand for pipeline:PipelineID=af91bc37-3f3f-45d7-a7b2-64a78f4c2588 to datanode:c0824e8e-e4e4-4301-9438-3093f7f79ba0
2023-05-04 20:13:58,296 [RatisPipelineUtilsThread - 0] INFO  pipeline.RatisPipelineProvider (RatisPipelineProvider.java:lambda$create$0(206)) - Sending CreatePipelineCommand for pipeline:PipelineID=af91bc37-3f3f-45d7-a7b2-64a78f4c2588 to datanode:eaea20cf-c5ca-4d45-84fe-4a8214ec7204
2023-05-04 20:13:58,296 [RatisPipelineUtilsThread - 0] INFO  pipeline.PipelineStateManagerImpl (PipelineStateManagerImpl.java:addPipeline(103)) - Created pipeline Pipeline[ Id: af91bc37-3f3f-45d7-a7b2-64a78f4c2588, Nodes: fe0c64ad-372f-4816-a9b8-650345a5ed87(fv-az804-457.cvtsq3ctpw5ehehiek0yp1ke0c.cx.internal.cloudapp.net/10.1.0.20)c0824e8e-e4e4-4301-9438-3093f7f79ba0(fv-az804-457.cvtsq3ctpw5ehehiek0yp1ke0c.cx.internal.cloudapp.net/10.1.0.20)eaea20cf-c5ca-4d45-84fe-4a8214ec7204(fv-az804-457.cvtsq3ctpw5ehehiek0yp1ke0c.cx.internal.cloudapp.net/10.1.0.20), ReplicationConfig: RATIS/THREE, State:ALLOCATED, leaderId:, CreationTimestamp2023-05-04T20:13:58.296Z[Etc/UTC]].
2023-05-04 20:13:58,297 [RatisPipelineUtilsThread - 0] INFO  pipeline.RatisPipelineProvider (RatisPipelineProvider.java:lambda$create$0(206)) - Sending CreatePipelineCommand for pipeline:PipelineID=b86e585e-71f5-4c08-9f86-e3c7514fdc21 to datanode:c0824e8e-e4e4-4301-9438-3093f7f79ba0
2023-05-04 20:13:58,297 [RatisPipelineUtilsThread - 0] INFO  pipeline.RatisPipelineProvider (RatisPipelineProvider.java:lambda$create$0(206)) - Sending CreatePipelineCommand for pipeline:PipelineID=b86e585e-71f5-4c08-9f86-e3c7514fdc21 to datanode:eaea20cf-c5ca-4d45-84fe-4a8214ec7204
2023-05-04 20:13:58,297 [RatisPipelineUtilsThread - 0] INFO  pipeline.RatisPipelineProvider (RatisPipelineProvider.java:lambda$create$0(206)) - Sending CreatePipelineCommand for pipeline:PipelineID=b86e585e-71f5-4c08-9f86-e3c7514fdc21 to datanode:fe0c64ad-372f-4816-a9b8-650345a5ed87
2023-05-04 20:13:58,298 [RatisPipelineUtilsThread - 0] INFO  pipeline.PipelineStateManagerImpl (PipelineStateManagerImpl.java:addPipeline(103)) - Created pipeline Pipeline[ Id: b86e585e-71f5-4c08-9f86-e3c7514fdc21, Nodes: c0824e8e-e4e4-4301-9438-3093f7f79ba0(fv-az804-457.cvtsq3ctpw5ehehiek0yp1ke0c.cx.internal.cloudapp.net/10.1.0.20)eaea20cf-c5ca-4d45-84fe-4a8214ec7204(fv-az804-457.cvtsq3ctpw5ehehiek0yp1ke0c.cx.internal.cloudapp.net/10.1.0.20)fe0c64ad-372f-4816-a9b8-650345a5ed87(fv-az804-457.cvtsq3ctpw5ehehiek0yp1ke0c.cx.internal.cloudapp.net/10.1.0.20), ReplicationConfig: RATIS/THREE, State:ALLOCATED, leaderId:, CreationTimestamp2023-05-04T20:13:58.297Z[Etc/UTC]].
2023-05-04 20:13:58,298 [RatisPipelineUtilsThread - 0] INFO  pipeline.PipelineManagerImpl (PipelineManagerImpl.java:recordMetricsForPipeline(826)) - Pipeline: PipelineID=b86e585e-71f5-4c08-9f86-e3c7514fdc21 contains same datanodes as previous pipelines: PipelineID=af91bc37-3f3f-45d7-a7b2-64a78f4c2588 nodeIds: c0824e8e-e4e4-4301-9438-3093f7f79ba0, eaea20cf-c5ca-4d45-84fe-4a8214ec7204, fe0c64ad-372f-4816-a9b8-650345a5ed87
2023-05-04 20:13:58,299 [RatisPipelineUtilsThread - 0] WARN  pipeline.PipelinePlacementPolicy (PipelinePlacementPolicy.java:filterViableNodes(160)) - Pipeline creation failed due to no sufficient healthy datanodes. Required 3. Found 0. Excluded 9.
2023-05-04 20:13:58,346 [Listener at 127.0.0.1/35517] INFO  ozone.MiniOzoneClusterImpl (MiniOzoneClusterImpl.java:lambda$waitForClusterToBeReady$0(223)) - Waiting for nodes to be ready. Got 9 of 14 DN Heartbeats.
2023-05-04 20:13:58,347 [Listener at 127.0.0.1/35517] INFO  ozone.MiniOzoneClusterImpl (MiniOzoneClusterImpl.java:lambda$waitForClusterToBeReady$0(226)) - Waiting for cluster to exit safe mode
2023-05-04 20:13:58,347 [Listener at 127.0.0.1/35517] INFO  ozone.MiniOzoneClusterImpl (MiniOzoneClusterImpl.java:lambda$waitForClusterToBeReady$0(228)) - SCM became leader
2023-05-04 20:13:58,381 [grpc-default-executor-0] INFO  server.RaftServer (RaftServerProxy.java:addNew(96)) - b957fc71-c761-4d97-9df6-bc970b063b54: addNew group-A5343225BA2E:[6a8dabd4-d9aa-4d69-8f5d-1f403dba9ac7|rpc:10.1.0.20:33893|dataStream:10.1.0.20:42975|priority:0|startupRole:FOLLOWER, b0971eea-134b-46df-abd0-1018d0776f3a|rpc:10.1.0.20:45025|dataStream:10.1.0.20:37217|priority:0|startupRole:FOLLOWER, b957fc71-c761-4d97-9df6-bc970b063b54|rpc:10.1.0.20:38747|dataStream:10.1.0.20:39175|priority:1|startupRole:FOLLOWER] returns group-A5343225BA2E:java.util.concurrent.CompletableFuture@27977391[Not completed]
2023-05-04 20:13:58,382 [pool-101-thread-1] INFO  server.RaftServer$Division (RaftServerImpl.java:<init>(195)) - b957fc71-c761-4d97-9df6-bc970b063b54: new RaftServerImpl for group-A5343225BA2E:[6a8dabd4-d9aa-4d69-8f5d-1f403dba9ac7|rpc:10.1.0.20:33893|dataStream:10.1.0.20:42975|priority:0|startupRole:FOLLOWER, b0971eea-134b-46df-abd0-1018d0776f3a|rpc:10.1.0.20:45025|dataStream:10.1.0.20:37217|priority:0|startupRole:FOLLOWER, b957fc71-c761-4d97-9df6-bc970b063b54|rpc:10.1.0.20:38747|dataStream:10.1.0.20:39175|priority:1|startupRole:FOLLOWER] with ContainerStateMachine:uninitialized
2023-05-04 20:13:58,383 [pool-101-thread-1] INFO  server.RaftServerConfigKeys (ConfUtils.java:logGet(46)) - raft.server.rpc.timeout.min = 5s (custom)
2023-05-04 20:13:58,383 [pool-101-thread-1] INFO  server.RaftServerConfigKeys (ConfUtils.java:logGet(46)) - raft.server.rpc.timeout.max = 5200ms (custom)
2023-05-04 20:13:58,383 [pool-101-thread-1] INFO  server.RaftServerConfigKeys (ConfUtils.java:logGet(46)) - raft.server.rpc.sleep.time = 25ms (default)
2023-05-04 20:13:58,383 [pool-101-thread-1] INFO  server.RaftServerConfigKeys (ConfUtils.java:logGet(46)) - raft.server.rpc.slowness.timeout = 300s (custom)
2023-05-04 20:13:58,383 [pool-101-thread-1] INFO  server.RaftServerConfigKeys (ConfUtils.java:logGet(46)) - raft.server.leaderelection.leader.step-down.wait-time = 10s (default)
2023-05-04 20:13:58,383 [pool-101-thread-1] INFO  server.RaftServerConfigKeys (ConfUtils.java:logGet(46)) - raft.server.sleep.deviation.threshold = 300ms (default)
2023-05-04 20:13:58,383 [pool-101-thread-1] INFO  server.RaftServer$Division (ServerState.java:<init>(118)) - b957fc71-c761-4d97-9df6-bc970b063b54@group-A5343225BA2E: ConfigurationManager, init=-1: peers:[6a8dabd4-d9aa-4d69-8f5d-1f403dba9ac7|rpc:10.1.0.20:33893|dataStream:10.1.0.20:42975|priority:0|startupRole:FOLLOWER, b0971eea-134b-46df-abd0-1018d0776f3a|rpc:10.1.0.20:45025|dataStream:10.1.0.20:37217|priority:0|startupRole:FOLLOWER, b957fc71-c761-4d97-9df6-bc970b063b54|rpc:10.1.0.20:38747|dataStream:10.1.0.20:39175|priority:1|startupRole:FOLLOWER]|listeners:[], old=null, confs=<EMPTY_MAP>
2023-05-04 20:13:58,383 [pool-101-thread-1] INFO  server.RaftServerConfigKeys (ConfUtils.java:logGet(46)) - raft.server.storage.dir = [/home/runner/work/ozone/ozone/hadoop-ozone/integration-test/target/test-dir/MiniOzoneClusterImpl-3ff5bc89-9620-4d46-84f6-68e3c2a3a822/datanode-1/data/ratis] (custom)
2023-05-04 20:13:58,383 [pool-101-thread-1] INFO  server.RaftServerConfigKeys (ConfUtils.java:logGet(46)) - raft.server.log.corruption.policy = EXCEPTION (default)
2023-05-04 20:13:58,383 [pool-101-thread-1] INFO  server.RaftServerConfigKeys (ConfUtils.java:logGet(46)) - raft.server.storage.free-space.min = 0MB (=0) (default)
2023-05-04 20:13:58,383 [pool-101-thread-1] INFO  server.RaftServerConfigKeys (ConfUtils.java:logGet(46)) - raft.server.notification.no-leader.timeout = 300s (custom)
2023-05-04 20:13:58,383 [pool-101-thread-1] INFO  server.RaftServerConfigKeys (ConfUtils.java:logGet(46)) - raft.server.retrycache.expirytime = 600000ms (custom)
2023-05-04 20:13:58,383 [pool-101-thread-1] INFO  server.RaftServerConfigKeys (ConfUtils.java:logGet(46)) - raft.server.retrycache.statistics.expirytime = 100μs (default)
2023-05-04 20:13:58,388 [pool-101-thread-1] INFO  server.RaftServerConfigKeys (ConfUtils.java:logGet(46)) - raft.server.log.appender.install.snapshot.enabled = false (custom)
2023-05-04 20:13:58,388 [pool-101-thread-1] INFO  server.RaftServerConfigKeys (ConfUtils.java:logGet(46)) - raft.server.threadpool.server.cached = true (default)
2023-05-04 20:13:58,388 [pool-101-thread-1] INFO  server.RaftServerConfigKeys (ConfUtils.java:logGet(46)) - raft.server.threadpool.server.size = 0 (default)
2023-05-04 20:13:58,388 [pool-101-thread-1] INFO  server.RaftServerConfigKeys (ConfUtils.java:logGet(46)) - raft.server.threadpool.client.cached = true (default)
2023-05-04 20:13:58,388 [pool-101-thread-1] INFO  server.RaftServerConfigKeys (ConfUtils.java:logGet(46)) - raft.server.threadpool.client.size = 0 (default)
2023-05-04 20:13:58,389 [pool-101-thread-1] INFO  storage.RaftStorageDirectory (RaftStorageDirectoryImpl.java:analyzeStorage(137)) - The storage directory /home/runner/work/ozone/ozone/hadoop-ozone/integration-test/target/test-dir/MiniOzoneClusterImpl-3ff5bc89-9620-4d46-84f6-68e3c2a3a822/datanode-1/data/ratis/9898e671-3a8e-4fcd-a845-a5343225ba2e does not exist. Creating ...
2023-05-04 20:13:58,390 [pool-101-thread-1] INFO  storage.RaftStorageDirectory (RaftStorageDirectoryImpl.java:tryLock(231)) - Lock on /home/runner/work/ozone/ozone/hadoop-ozone/integration-test/target/test-dir/MiniOzoneClusterImpl-3ff5bc89-9620-4d46-84f6-68e3c2a3a822/datanode-1/data/ratis/9898e671-3a8e-4fcd-a845-a5343225ba2e/in_use.lock acquired by nodename 25037@fv-az804-457
2023-05-04 20:13:58,392 [pool-101-thread-1] INFO  storage.RaftStorage (RaftStorageImpl.java:format(96)) - Storage directory /home/runner/work/ozone/ozone/hadoop-ozone/integration-test/target/test-dir/MiniOzoneClusterImpl-3ff5bc89-9620-4d46-84f6-68e3c2a3a822/datanode-1/data/ratis/9898e671-3a8e-4fcd-a845-a5343225ba2e has been successfully formatted.
2023-05-04 20:13:58,395 [pool-101-thread-1] INFO  ratis.ContainerStateMachine (ContainerStateMachine.java:loadSnapshot(262)) - group-A5343225BA2E: The snapshot info is null. Setting the last applied indexto:(t:0, i:~)
2023-05-04 20:13:58,398 [pool-101-thread-1] INFO  server.RaftServerConfigKeys (ConfUtils.java:logGet(46)) - raft.server.log.use.memory = false (default)
2023-05-04 20:13:58,398 [pool-101-thread-1] INFO  server.RaftServerConfigKeys (ConfUtils.java:logGet(46)) - raft.server.log.purge.gap = 1000000 (custom)
2023-05-04 20:13:58,398 [pool-101-thread-1] INFO  server.RaftServerConfigKeys (ConfUtils.java:logGet(46)) - raft.server.log.appender.buffer.byte-limit = 33554432 (custom)
2023-05-04 20:13:58,398 [pool-101-thread-1] INFO  server.RaftServerConfigKeys (ConfUtils.java:logGet(46)) - raft.server.log.statemachine.data.read.timeout = 1000ms (default)
2023-05-04 20:13:58,398 [pool-101-thread-1] INFO  server.RaftServerConfigKeys (ConfUtils.java:logGet(46)) - raft.server.log.purge.preservation.log.num = 0 (default)
2023-05-04 20:13:58,399 [pool-101-thread-1] INFO  server.RaftServerConfigKeys (ConfUtils.java:logGet(46)) - raft.server.log.segment.size.max = 1048576 (custom)
2023-05-04 20:13:58,400 [pool-101-thread-1] INFO  server.RaftServerConfigKeys (ConfUtils.java:logGet(46)) - raft.server.log.segment.cache.num.max = 2 (custom)
2023-05-04 20:13:58,400 [pool-101-thread-1] INFO  server.RaftServerConfigKeys (ConfUtils.java:logGet(46)) - raft.server.log.segment.cache.size.max = 200MB (=209715200) (default)
2023-05-04 20:13:58,400 [pool-101-thread-1] INFO  segmented.SegmentedRaftLogWorker (SegmentedRaftLogWorker.java:<init>(189)) - new b957fc71-c761-4d97-9df6-bc970b063b54@group-A5343225BA2E-SegmentedRaftLogWorker for RaftStorageImpl:Storage Directory /home/runner/work/ozone/ozone/hadoop-ozone/integration-test/target/test-dir/MiniOzoneClusterImpl-3ff5bc89-9620-4d46-84f6-68e3c2a3a822/datanode-1/data/ratis/9898e671-3a8e-4fcd-a845-a5343225ba2e
2023-05-04 20:13:58,400 [pool-101-thread-1] INFO  server.RaftServerConfigKeys (ConfUtils.java:logGet(46)) - raft.server.log.queue.byte-limit = 4294967296 (custom)
2023-05-04 20:13:58,400 [pool-101-thread-1] INFO  server.RaftServerConfigKeys (ConfUtils.java:logGet(46)) - raft.server.log.queue.element-limit = 1024 (custom)
2023-05-04 20:13:58,400 [pool-101-thread-1] INFO  server.RaftServerConfigKeys (ConfUtils.java:logGet(46)) - raft.server.log.segment.size.max = 1048576 (custom)
2023-05-04 20:13:58,400 [pool-101-thread-1] INFO  server.RaftServerConfigKeys (ConfUtils.java:logGet(46)) - raft.server.log.preallocated.size = 16384 (custom)
2023-05-04 20:13:58,400 [pool-101-thread-1] INFO  server.RaftServerConfigKeys (ConfUtils.java:logGet(46)) - raft.server.log.force.sync.num = 128 (default)
2023-05-04 20:13:58,400 [pool-101-thread-1] INFO  server.RaftServerConfigKeys (ConfUtils.java:logGet(46)) - raft.server.log.statemachine.data.sync = true (default)
2023-05-04 20:13:58,400 [pool-101-thread-1] INFO  server.RaftServerConfigKeys (ConfUtils.java:logGet(46)) - raft.server.log.statemachine.data.sync.timeout = 10s (default)
2023-05-04 20:13:58,400 [pool-101-thread-1] INFO  server.RaftServerConfigKeys (ConfUtils.java:logGet(46)) - raft.server.log.statemachine.data.sync.timeout.retry = -1 (default)
2023-05-04 20:13:58,403 [pool-101-thread-1] INFO  server.RaftServerConfigKeys (ConfUtils.java:logGet(46)) - raft.server.log.write.buffer.size = 1048576 (custom)
2023-05-04 20:13:58,404 [pool-101-thread-1] INFO  server.RaftServerConfigKeys (ConfUtils.java:logGet(46)) - raft.server.log.appender.buffer.byte-limit = 33554432 (custom)
2023-05-04 20:13:58,407 [EndpointStateMachine task thread for /0.0.0.0:40805 - 0 ] INFO  utils.DatanodeStoreCache (DatanodeStoreCache.java:addDB(58)) - Added db /home/runner/work/ozone/ozone/hadoop-ozone/integration-test/target/test-dir/MiniOzoneClusterImpl-3ff5bc89-9620-4d46-84f6-68e3c2a3a822/datanode-13/data-0/containers/hdds/3ff5bc89-9620-4d46-84f6-68e3c2a3a822/DS-746a401a-54f2-4e92-a29b-98cf5cffd873/container.db to cache
2023-05-04 20:13:58,412 [EndpointStateMachine task thread for /0.0.0.0:40805 - 0 ] INFO  volume.HddsVolume (HddsVolume.java:createDbStore(350)) - SchemaV3 db is created and loaded at /home/runner/work/ozone/ozone/hadoop-ozone/integration-test/target/test-dir/MiniOzoneClusterImpl-3ff5bc89-9620-4d46-84f6-68e3c2a3a822/datanode-13/data-0/containers/hdds/3ff5bc89-9620-4d46-84f6-68e3c2a3a822/DS-746a401a-54f2-4e92-a29b-98cf5cffd873/container.db for volume DS-746a401a-54f2-4e92-a29b-98cf5cffd873
2023-05-04 20:13:58,412 [EndpointStateMachine task thread for /0.0.0.0:40805 - 0 ] INFO  ozoneimpl.OzoneContainer (OzoneContainer.java:start(397)) - Attempting to start container services.
2023-05-04 20:13:58,412 [EndpointStateMachine task thread for /0.0.0.0:40805 - 0 ] INFO  ozoneimpl.OzoneContainer (OzoneContainer.java:startContainerScrub(314)) - Scheduled background container scanners and the on-demand container scanner have been disabled.
2023-05-04 20:13:58,413 [EndpointStateMachine task thread for /0.0.0.0:40805 - 0 ] INFO  replication.ReplicationServer (ReplicationServer.java:start(109)) - ReplicationServer is started using port 33557
2023-05-04 20:13:58,412 [pool-101-thread-1] INFO  server.RaftServerConfigKeys (ConfUtils.java:logGet(46)) - raft.server.log.unsafe-flush.enabled = false (default)
2023-05-04 20:13:58,413 [EndpointStateMachine task thread for /0.0.0.0:40805 - 0 ] INFO  ratis.XceiverServerRatis (XceiverServerRatis.java:start(517)) - Starting XceiverServerRatis c223e4a1-7dec-454b-846f-941d08347586
2023-05-04 20:13:58,414 [EndpointStateMachine task thread for /0.0.0.0:40805 - 0 ] INFO  server.RaftServer (RaftServerProxy.java:startImpl(393)) - c223e4a1-7dec-454b-846f-941d08347586: start RPC server
2023-05-04 20:13:58,413 [pool-101-thread-1] INFO  server.RaftServerConfigKeys (ConfUtils.java:logGet(46)) - raft.server.log.async-flush.enabled = false (default)
2023-05-04 20:13:58,414 [pool-101-thread-1] INFO  server.RaftServerConfigKeys (ConfUtils.java:logGet(46)) - raft.server.log.statemachine.data.caching.enabled = true (custom)
2023-05-04 20:13:58,414 [pool-101-thread-1] INFO  segmented.SegmentedRaftLogWorker (SegmentedRaftLogWorker.java:lambda$new$0(135)) - b957fc71-c761-4d97-9df6-bc970b063b54@group-A5343225BA2E-SegmentedRaftLogWorker: flushIndex: setUnconditionally 0 -> -1
2023-05-04 20:13:58,414 [pool-101-thread-1] INFO  segmented.SegmentedRaftLogWorker (SegmentedRaftLogWorker.java:lambda$new$0(135)) - b957fc71-c761-4d97-9df6-bc970b063b54@group-A5343225BA2E-SegmentedRaftLogWorker: safeCacheEvictIndex: setUnconditionally 0 -> -1
2023-05-04 20:13:58,415 [EndpointStateMachine task thread for /0.0.0.0:40805 - 0 ] INFO  server.GrpcService (GrpcService.java:startImpl(262)) - c223e4a1-7dec-454b-846f-941d08347586: GrpcService started, listening on 45317
2023-05-04 20:13:58,418 [pool-101-thread-1] INFO  server.RaftServer$Division (RaftServerImpl.java:start(334)) - b957fc71-c761-4d97-9df6-bc970b063b54@group-A5343225BA2E: start as a follower, conf=-1: peers:[6a8dabd4-d9aa-4d69-8f5d-1f403dba9ac7|rpc:10.1.0.20:33893|dataStream:10.1.0.20:42975|priority:0|startupRole:FOLLOWER, b0971eea-134b-46df-abd0-1018d0776f3a|rpc:10.1.0.20:45025|dataStream:10.1.0.20:37217|priority:0|startupRole:FOLLOWER, b957fc71-c761-4d97-9df6-bc970b063b54|rpc:10.1.0.20:38747|dataStream:10.1.0.20:39175|priority:1|startupRole:FOLLOWER]|listeners:[], old=null
2023-05-04 20:13:58,418 [pool-101-thread-1] INFO  server.RaftServer$Division (RaftServerImpl.java:setRole(321)) - b957fc71-c761-4d97-9df6-bc970b063b54@group-A5343225BA2E: changes role from      null to FOLLOWER at term 0 for startAsFollower
2023-05-04 20:13:58,422 [EndpointStateMachine task thread for /0.0.0.0:40805 - 0 ] INFO  ratis.XceiverServerRatis (XceiverServerRatis.java:getRealPort(543)) - XceiverServerRatis c223e4a1-7dec-454b-846f-941d08347586 is started using port 45317 for RATIS
2023-05-04 20:13:58,427 [EndpointStateMachine task thread for /0.0.0.0:40805 - 0 ] INFO  ratis.XceiverServerRatis (XceiverServerRatis.java:getRealPort(543)) - XceiverServerRatis c223e4a1-7dec-454b-846f-941d08347586 is started using port 45317 for RATIS_ADMIN
2023-05-04 20:13:58,427 [EndpointStateMachine task thread for /0.0.0.0:40805 - 0 ] INFO  ratis.XceiverServerRatis (XceiverServerRatis.java:getRealPort(543)) - XceiverServerRatis c223e4a1-7dec-454b-846f-941d08347586 is started using port 45317 for RATIS_SERVER
2023-05-04 20:13:58,427 [pool-101-thread-1] INFO  impl.RoleInfo (RoleInfo.java:updateAndGet(139)) - b957fc71-c761-4d97-9df6-bc970b063b54: start b957fc71-c761-4d97-9df6-bc970b063b54@group-A5343225BA2E-FollowerState
2023-05-04 20:13:58,428 [Command processor thread] INFO  server.RaftServer (RaftServerProxy.java:addNew(96)) - b957fc71-c761-4d97-9df6-bc970b063b54: addNew group-9AF4574F81C0:[b957fc71-c761-4d97-9df6-bc970b063b54|rpc:10.1.0.20:38747|dataStream:10.1.0.20:39175|priority:1|startupRole:FOLLOWER] returns group-9AF4574F81C0:java.util.concurrent.CompletableFuture@20b6974[Not completed]
2023-05-04 20:13:58,427 [EndpointStateMachine task thread for /0.0.0.0:40805 - 0 ] INFO  ratis.XceiverServerRatis (XceiverServerRatis.java:getRealPort(543)) - XceiverServerRatis c223e4a1-7dec-454b-846f-941d08347586 is started using port 46135 for RATIS_DATASTREAM
2023-05-04 20:13:58,430 [b957fc71-c761-4d97-9df6-bc970b063b54@group-A5343225BA2E-FollowerState] INFO  server.RaftServerConfigKeys (ConfUtils.java:logFallback(53)) - raft.server.rpc.first-election.timeout.min = 5s (fallback to raft.server.rpc.timeout.min)
2023-05-04 20:13:58,430 [b957fc71-c761-4d97-9df6-bc970b063b54@group-A5343225BA2E-FollowerState] INFO  server.RaftServerConfigKeys (ConfUtils.java:logFallback(53)) - raft.server.rpc.first-election.timeout.max = 5200ms (fallback to raft.server.rpc.timeout.max)
2023-05-04 20:13:58,430 [JvmPauseMonitor14] INFO  util.JvmPauseMonitor (JvmPauseMonitor.java:run(105)) - JvmPauseMonitor-c223e4a1-7dec-454b-846f-941d08347586: Started
2023-05-04 20:13:58,430 [pool-101-thread-1] INFO  util.JmxRegister (JmxRegister.java:tryRegister(44)) - Successfully registered JMX Bean with object name Ratis:service=RaftServer,group=group-A5343225BA2E,id=b957fc71-c761-4d97-9df6-bc970b063b54
2023-05-04 20:13:58,441 [pool-101-thread-1] INFO  server.RaftServerConfigKeys (ConfUtils.java:logGet(46)) - raft.server.snapshot.auto.trigger.enabled = true (custom)
2023-05-04 20:13:58,441 [pool-101-thread-1] INFO  server.RaftServerConfigKeys (ConfUtils.java:logGet(46)) - raft.server.snapshot.auto.trigger.threshold = 10000 (custom)
2023-05-04 20:13:58,441 [pool-101-thread-1] INFO  server.RaftServerConfigKeys (ConfUtils.java:logGet(46)) - raft.server.snapshot.retention.file.num = 5 (custom)
2023-05-04 20:13:58,441 [pool-101-thread-1] INFO  server.RaftServerConfigKeys (ConfUtils.java:logGet(46)) - raft.server.log.purge.upto.snapshot.index = false (default)
2023-05-04 20:13:58,443 [pool-101-thread-1] INFO  server.RaftServer$Division (RaftServerImpl.java:<init>(195)) - b957fc71-c761-4d97-9df6-bc970b063b54: new RaftServerImpl for group-9AF4574F81C0:[b957fc71-c761-4d97-9df6-bc970b063b54|rpc:10.1.0.20:38747|dataStream:10.1.0.20:39175|priority:1|startupRole:FOLLOWER] with ContainerStateMachine:uninitialized
2023-05-04 20:13:58,444 [pool-101-thread-1] INFO  server.RaftServerConfigKeys (ConfUtils.java:logGet(46)) - raft.server.rpc.timeout.min = 5s (custom)
2023-05-04 20:13:58,444 [pool-101-thread-1] INFO  server.RaftServerConfigKeys (ConfUtils.java:logGet(46)) - raft.server.rpc.timeout.max = 5200ms (custom)
2023-05-04 20:13:58,444 [pool-101-thread-1] INFO  server.RaftServerConfigKeys (ConfUtils.java:logGet(46)) - raft.server.rpc.sleep.time = 25ms (default)
2023-05-04 20:13:58,444 [pool-101-thread-1] INFO  server.RaftServerConfigKeys (ConfUtils.java:logGet(46)) - raft.server.rpc.slowness.timeout = 300s (custom)
2023-05-04 20:13:58,444 [pool-101-thread-1] INFO  server.RaftServerConfigKeys (ConfUtils.java:logGet(46)) - raft.server.leaderelection.leader.step-down.wait-time = 10s (default)
2023-05-04 20:13:58,444 [pool-101-thread-1] INFO  server.RaftServerConfigKeys (ConfUtils.java:logGet(46)) - raft.server.sleep.deviation.threshold = 300ms (default)
2023-05-04 20:13:58,444 [pool-101-thread-1] INFO  server.RaftServer$Division (ServerState.java:<init>(118)) - b957fc71-c761-4d97-9df6-bc970b063b54@group-9AF4574F81C0: ConfigurationManager, init=-1: peers:[b957fc71-c761-4d97-9df6-bc970b063b54|rpc:10.1.0.20:38747|dataStream:10.1.0.20:39175|priority:1|startupRole:FOLLOWER]|listeners:[], old=null, confs=<EMPTY_MAP>
2023-05-04 20:13:58,444 [pool-101-thread-1] INFO  server.RaftServerConfigKeys (ConfUtils.java:logGet(46)) - raft.server.storage.dir = [/home/runner/work/ozone/ozone/hadoop-ozone/integration-test/target/test-dir/MiniOzoneClusterImpl-3ff5bc89-9620-4d46-84f6-68e3c2a3a822/datanode-1/data/ratis] (custom)
2023-05-04 20:13:58,444 [pool-101-thread-1] INFO  server.RaftServerConfigKeys (ConfUtils.java:logGet(46)) - raft.server.log.corruption.policy = EXCEPTION (default)
2023-05-04 20:13:58,444 [pool-101-thread-1] INFO  server.RaftServerConfigKeys (ConfUtils.java:logGet(46)) - raft.server.storage.free-space.min = 0MB (=0) (default)
2023-05-04 20:13:58,444 [pool-101-thread-1] INFO  server.RaftServerConfigKeys (ConfUtils.java:logGet(46)) - raft.server.notification.no-leader.timeout = 300s (custom)
2023-05-04 20:13:58,444 [pool-101-thread-1] INFO  server.RaftServerConfigKeys (ConfUtils.java:logGet(46)) - raft.server.retrycache.expirytime = 600000ms (custom)
2023-05-04 20:13:58,444 [pool-101-thread-1] INFO  server.RaftServerConfigKeys (ConfUtils.java:logGet(46)) - raft.server.retrycache.statistics.expirytime = 100μs (default)
2023-05-04 20:13:58,446 [pool-101-thread-1] INFO  server.RaftServerConfigKeys (ConfUtils.java:logGet(46)) - raft.server.log.appender.install.snapshot.enabled = false (custom)
2023-05-04 20:13:58,446 [pool-101-thread-1] INFO  server.RaftServerConfigKeys (ConfUtils.java:logGet(46)) - raft.server.threadpool.server.cached = true (default)
2023-05-04 20:13:58,446 [pool-101-thread-1] INFO  server.RaftServerConfigKeys (ConfUtils.java:logGet(46)) - raft.server.threadpool.server.size = 0 (default)
2023-05-04 20:13:58,446 [pool-101-thread-1] INFO  server.RaftServerConfigKeys (ConfUtils.java:logGet(46)) - raft.server.threadpool.client.cached = true (default)
2023-05-04 20:13:58,446 [pool-101-thread-1] INFO  server.RaftServerConfigKeys (ConfUtils.java:logGet(46)) - raft.server.threadpool.client.size = 0 (default)
2023-05-04 20:13:58,446 [pool-101-thread-1] INFO  storage.RaftStorageDirectory (RaftStorageDirectoryImpl.java:analyzeStorage(137)) - The storage directory /home/runner/work/ozone/ozone/hadoop-ozone/integration-test/target/test-dir/MiniOzoneClusterImpl-3ff5bc89-9620-4d46-84f6-68e3c2a3a822/datanode-1/data/ratis/9b1a5895-49ca-450a-b1ce-9af4574f81c0 does not exist. Creating ...
2023-05-04 20:13:58,448 [pool-101-thread-1] INFO  storage.RaftStorageDirectory (RaftStorageDirectoryImpl.java:tryLock(231)) - Lock on /home/runner/work/ozone/ozone/hadoop-ozone/integration-test/target/test-dir/MiniOzoneClusterImpl-3ff5bc89-9620-4d46-84f6-68e3c2a3a822/datanode-1/data/ratis/9b1a5895-49ca-450a-b1ce-9af4574f81c0/in_use.lock acquired by nodename 25037@fv-az804-457
2023-05-04 20:13:58,449 [pool-101-thread-1] INFO  storage.RaftStorage (RaftStorageImpl.java:format(96)) - Storage directory /home/runner/work/ozone/ozone/hadoop-ozone/integration-test/target/test-dir/MiniOzoneClusterImpl-3ff5bc89-9620-4d46-84f6-68e3c2a3a822/datanode-1/data/ratis/9b1a5895-49ca-450a-b1ce-9af4574f81c0 has been successfully formatted.
2023-05-04 20:13:58,450 [pool-101-thread-1] INFO  ratis.ContainerStateMachine (ContainerStateMachine.java:loadSnapshot(262)) - group-9AF4574F81C0: The snapshot info is null. Setting the last applied indexto:(t:0, i:~)
2023-05-04 20:13:58,450 [pool-101-thread-1] INFO  server.RaftServerConfigKeys (ConfUtils.java:logGet(46)) - raft.server.log.use.memory = false (default)
2023-05-04 20:13:58,450 [pool-101-thread-1] INFO  server.RaftServerConfigKeys (ConfUtils.java:logGet(46)) - raft.server.log.purge.gap = 1000000 (custom)
2023-05-04 20:13:58,451 [pool-101-thread-1] INFO  server.RaftServerConfigKeys (ConfUtils.java:logGet(46)) - raft.server.log.appender.buffer.byte-limit = 33554432 (custom)
2023-05-04 20:13:58,451 [pool-101-thread-1] INFO  server.RaftServerConfigKeys (ConfUtils.java:logGet(46)) - raft.server.log.statemachine.data.read.timeout = 1000ms (default)
2023-05-04 20:13:58,451 [pool-101-thread-1] INFO  server.RaftServerConfigKeys (ConfUtils.java:logGet(46)) - raft.server.log.purge.preservation.log.num = 0 (default)
2023-05-04 20:13:58,451 [pool-101-thread-1] INFO  server.RaftServerConfigKeys (ConfUtils.java:logGet(46)) - raft.server.log.segment.size.max = 1048576 (custom)
2023-05-04 20:13:58,452 [pool-101-thread-1] INFO  server.RaftServerConfigKeys (ConfUtils.java:logGet(46)) - raft.server.log.segment.cache.num.max = 2 (custom)
2023-05-04 20:13:58,452 [pool-101-thread-1] INFO  server.RaftServerConfigKeys (ConfUtils.java:logGet(46)) - raft.server.log.segment.cache.size.max = 200MB (=209715200) (default)
2023-05-04 20:13:58,452 [pool-101-thread-1] INFO  segmented.SegmentedRaftLogWorker (SegmentedRaftLogWorker.java:<init>(189)) - new b957fc71-c761-4d97-9df6-bc970b063b54@group-9AF4574F81C0-SegmentedRaftLogWorker for RaftStorageImpl:Storage Directory /home/runner/work/ozone/ozone/hadoop-ozone/integration-test/target/test-dir/MiniOzoneClusterImpl-3ff5bc89-9620-4d46-84f6-68e3c2a3a822/datanode-1/data/ratis/9b1a5895-49ca-450a-b1ce-9af4574f81c0
2023-05-04 20:13:58,452 [pool-101-thread-1] INFO  server.RaftServerConfigKeys (ConfUtils.java:logGet(46)) - raft.server.log.queue.byte-limit = 4294967296 (custom)
2023-05-04 20:13:58,452 [pool-101-thread-1] INFO  server.RaftServerConfigKeys (ConfUtils.java:logGet(46)) - raft.server.log.queue.element-limit = 1024 (custom)
2023-05-04 20:13:58,452 [pool-101-thread-1] INFO  server.RaftServerConfigKeys (ConfUtils.java:logGet(46)) - raft.server.log.segment.size.max = 1048576 (custom)
2023-05-04 20:13:58,452 [pool-101-thread-1] INFO  server.RaftServerConfigKeys (ConfUtils.java:logGet(46)) - raft.server.log.preallocated.size = 16384 (custom)
2023-05-04 20:13:58,452 [pool-101-thread-1] INFO  server.RaftServerConfigKeys (ConfUtils.java:logGet(46)) - raft.server.log.force.sync.num = 128 (default)
2023-05-04 20:13:58,452 [pool-101-thread-1] INFO  server.RaftServerConfigKeys (ConfUtils.java:logGet(46)) - raft.server.log.statemachine.data.sync = true (default)
2023-05-04 20:13:58,452 [pool-101-thread-1] INFO  server.RaftServerConfigKeys (ConfUtils.java:logGet(46)) - raft.server.log.statemachine.data.sync.timeout = 10s (default)
2023-05-04 20:13:58,454 [pool-101-thread-1] INFO  server.RaftServerConfigKeys (ConfUtils.java:logGet(46)) - raft.server.log.statemachine.data.sync.timeout.retry = -1 (default)
2023-05-04 20:13:58,457 [EventQueue-PipelineReportForPipelineReportHandler] INFO  pipeline.PipelineManagerImpl (PipelineManagerImpl.java:openPipeline(367)) - Pipeline Pipeline[ Id: 9b1a5895-49ca-450a-b1ce-9af4574f81c0, Nodes: b957fc71-c761-4d97-9df6-bc970b063b54(fv-az804-457.cvtsq3ctpw5ehehiek0yp1ke0c.cx.internal.cloudapp.net/10.1.0.20), ReplicationConfig: RATIS/ONE, State:ALLOCATED, leaderId:b957fc71-c761-4d97-9df6-bc970b063b54, CreationTimestamp2023-05-04T20:13:55.430Z[Etc/UTC]] moved to OPEN state
2023-05-04 20:13:58,458 [EndpointStateMachine task thread for /0.0.0.0:40805 - 0 ] INFO  server.XceiverServerGrpc (XceiverServerGrpc.java:start(180)) - XceiverServerGrpc c223e4a1-7dec-454b-846f-941d08347586 is started using port 45365
2023-05-04 20:13:58,458 [EventQueue-OpenPipelineForHealthyPipelineSafeModeRule] INFO  safemode.SCMSafeModeManager (HealthyPipelineSafeModeRule.java:process(137)) - SCM in safe mode. Healthy pipelines reported count is 0, required healthy pipeline reported count is 1
2023-05-04 20:13:58,460 [pool-101-thread-1] INFO  server.RaftServerConfigKeys (ConfUtils.java:logGet(46)) - raft.server.log.write.buffer.size = 1048576 (custom)
2023-05-04 20:13:58,470 [BlockDeletingService#0] INFO  interfaces.ContainerDeletionChoosingPolicyTemplate (ContainerDeletionChoosingPolicyTemplate.java:chooseContainerForBlockDeletion(83)) - Chosen 0/5000 blocks from 0 candidate containers.
2023-05-04 20:13:58,474 [pool-101-thread-1] INFO  server.RaftServerConfigKeys (ConfUtils.java:logGet(46)) - raft.server.log.appender.buffer.byte-limit = 33554432 (custom)
2023-05-04 20:13:58,484 [pool-101-thread-1] INFO  server.RaftServerConfigKeys (ConfUtils.java:logGet(46)) - raft.server.log.unsafe-flush.enabled = false (default)
2023-05-04 20:13:58,485 [pool-101-thread-1] INFO  server.RaftServerConfigKeys (ConfUtils.java:logGet(46)) - raft.server.log.async-flush.enabled = false (default)
2023-05-04 20:13:58,485 [pool-101-thread-1] INFO  server.RaftServerConfigKeys (ConfUtils.java:logGet(46)) - raft.server.log.statemachine.data.caching.enabled = true (custom)
2023-05-04 20:13:58,485 [pool-101-thread-1] INFO  segmented.SegmentedRaftLogWorker (SegmentedRaftLogWorker.java:lambda$new$0(135)) - b957fc71-c761-4d97-9df6-bc970b063b54@group-9AF4574F81C0-SegmentedRaftLogWorker: flushIndex: setUnconditionally 0 -> -1
2023-05-04 20:13:58,486 [pool-101-thread-1] INFO  segmented.SegmentedRaftLogWorker (SegmentedRaftLogWorker.java:lambda$new$0(135)) - b957fc71-c761-4d97-9df6-bc970b063b54@group-9AF4574F81C0-SegmentedRaftLogWorker: safeCacheEvictIndex: setUnconditionally 0 -> -1
2023-05-04 20:13:58,494 [pool-101-thread-1] INFO  server.RaftServer$Division (RaftServerImpl.java:start(334)) - b957fc71-c761-4d97-9df6-bc970b063b54@group-9AF4574F81C0: start as a follower, conf=-1: peers:[b957fc71-c761-4d97-9df6-bc970b063b54|rpc:10.1.0.20:38747|dataStream:10.1.0.20:39175|priority:1|startupRole:FOLLOWER]|listeners:[], old=null
2023-05-04 20:13:58,494 [pool-101-thread-1] INFO  server.RaftServer$Division (RaftServerImpl.java:setRole(321)) - b957fc71-c761-4d97-9df6-bc970b063b54@group-9AF4574F81C0: changes role from      null to FOLLOWER at term 0 for startAsFollower
2023-05-04 20:13:58,494 [pool-101-thread-1] INFO  impl.RoleInfo (RoleInfo.java:updateAndGet(139)) - b957fc71-c761-4d97-9df6-bc970b063b54: start b957fc71-c761-4d97-9df6-bc970b063b54@group-9AF4574F81C0-FollowerState
2023-05-04 20:13:58,495 [pool-101-thread-1] INFO  util.JmxRegister (JmxRegister.java:tryRegister(44)) - Successfully registered JMX Bean with object name Ratis:service=RaftServer,group=group-9AF4574F81C0,id=b957fc71-c761-4d97-9df6-bc970b063b54
2023-05-04 20:13:58,496 [pool-101-thread-1] INFO  server.RaftServerConfigKeys (ConfUtils.java:logGet(46)) - raft.server.snapshot.auto.trigger.enabled = true (custom)
2023-05-04 20:13:58,496 [pool-101-thread-1] INFO  server.RaftServerConfigKeys (ConfUtils.java:logGet(46)) - raft.server.snapshot.auto.trigger.threshold = 10000 (custom)
2023-05-04 20:13:58,496 [pool-101-thread-1] INFO  server.RaftServerConfigKeys (ConfUtils.java:logGet(46)) - raft.server.snapshot.retention.file.num = 5 (custom)
2023-05-04 20:13:58,496 [pool-101-thread-1] INFO  server.RaftServerConfigKeys (ConfUtils.java:logGet(46)) - raft.server.log.purge.upto.snapshot.index = false (default)
2023-05-04 20:13:58,499 [b957fc71-c761-4d97-9df6-bc970b063b54@group-9AF4574F81C0-FollowerState] INFO  server.RaftServerConfigKeys (ConfUtils.java:logFallback(53)) - raft.server.rpc.first-election.timeout.min = 5s (fallback to raft.server.rpc.timeout.min)
2023-05-04 20:13:58,499 [b957fc71-c761-4d97-9df6-bc970b063b54@group-9AF4574F81C0-FollowerState] INFO  server.RaftServerConfigKeys (ConfUtils.java:logFallback(53)) - raft.server.rpc.first-election.timeout.max = 5200ms (fallback to raft.server.rpc.timeout.max)
2023-05-04 20:13:58,506 [Command processor thread] INFO  ratis.XceiverServerRatis (XceiverServerRatis.java:addGroup(806)) - Created group PipelineID=9b1a5895-49ca-450a-b1ce-9af4574f81c0
2023-05-04 20:13:58,506 [Command processor thread] INFO  commandhandler.CreatePipelineCommandHandler (CreatePipelineCommandHandler.java:handle(113)) - Created Pipeline RATIS ONE PipelineID=9b1a5895-49ca-450a-b1ce-9af4574f81c0.
2023-05-04 20:13:58,510 [Command processor thread] INFO  server.RaftServer (RaftServerProxy.java:addNew(96)) - b957fc71-c761-4d97-9df6-bc970b063b54: addNew group-4CBA959A46DC:[6a8dabd4-d9aa-4d69-8f5d-1f403dba9ac7|rpc:10.1.0.20:33893|dataStream:10.1.0.20:42975|priority:1|startupRole:FOLLOWER, b0971eea-134b-46df-abd0-1018d0776f3a|rpc:10.1.0.20:45025|dataStream:10.1.0.20:37217|priority:0|startupRole:FOLLOWER, b957fc71-c761-4d97-9df6-bc970b063b54|rpc:10.1.0.20:38747|dataStream:10.1.0.20:39175|priority:0|startupRole:FOLLOWER] returns group-4CBA959A46DC:java.util.concurrent.CompletableFuture@ccc8745[Not completed]
2023-05-04 20:13:58,511 [pool-101-thread-1] INFO  server.RaftServer$Division (RaftServerImpl.java:<init>(195)) - b957fc71-c761-4d97-9df6-bc970b063b54: new RaftServerImpl for group-4CBA959A46DC:[6a8dabd4-d9aa-4d69-8f5d-1f403dba9ac7|rpc:10.1.0.20:33893|dataStream:10.1.0.20:42975|priority:1|startupRole:FOLLOWER, b0971eea-134b-46df-abd0-1018d0776f3a|rpc:10.1.0.20:45025|dataStream:10.1.0.20:37217|priority:0|startupRole:FOLLOWER, b957fc71-c761-4d97-9df6-bc970b063b54|rpc:10.1.0.20:38747|dataStream:10.1.0.20:39175|priority:0|startupRole:FOLLOWER] with ContainerStateMachine:uninitialized
2023-05-04 20:13:58,512 [pool-101-thread-1] INFO  server.RaftServerConfigKeys (ConfUtils.java:logGet(46)) - raft.server.rpc.timeout.min = 5s (custom)
2023-05-04 20:13:58,512 [pool-101-thread-1] INFO  server.RaftServerConfigKeys (ConfUtils.java:logGet(46)) - raft.server.rpc.timeout.max = 5200ms (custom)
2023-05-04 20:13:58,512 [pool-101-thread-1] INFO  server.RaftServerConfigKeys (ConfUtils.java:logGet(46)) - raft.server.rpc.sleep.time = 25ms (default)
2023-05-04 20:13:58,512 [pool-101-thread-1] INFO  server.RaftServerConfigKeys (ConfUtils.java:logGet(46)) - raft.server.rpc.slowness.timeout = 300s (custom)
2023-05-04 20:13:58,512 [pool-101-thread-1] INFO  server.RaftServerConfigKeys (ConfUtils.java:logGet(46)) - raft.server.leaderelection.leader.step-down.wait-time = 10s (default)
2023-05-04 20:13:58,512 [pool-101-thread-1] INFO  server.RaftServerConfigKeys (ConfUtils.java:logGet(46)) - raft.server.sleep.deviation.threshold = 300ms (default)
2023-05-04 20:13:58,512 [pool-101-thread-1] INFO  server.RaftServer$Division (ServerState.java:<init>(118)) - b957fc71-c761-4d97-9df6-bc970b063b54@group-4CBA959A46DC: ConfigurationManager, init=-1: peers:[6a8dabd4-d9aa-4d69-8f5d-1f403dba9ac7|rpc:10.1.0.20:33893|dataStream:10.1.0.20:42975|priority:1|startupRole:FOLLOWER, b0971eea-134b-46df-abd0-1018d0776f3a|rpc:10.1.0.20:45025|dataStream:10.1.0.20:37217|priority:0|startupRole:FOLLOWER, b957fc71-c761-4d97-9df6-bc970b063b54|rpc:10.1.0.20:38747|dataStream:10.1.0.20:39175|priority:0|startupRole:FOLLOWER]|listeners:[], old=null, confs=<EMPTY_MAP>
2023-05-04 20:13:58,512 [pool-101-thread-1] INFO  server.RaftServerConfigKeys (ConfUtils.java:logGet(46)) - raft.server.storage.dir = [/home/runner/work/ozone/ozone/hadoop-ozone/integration-test/target/test-dir/MiniOzoneClusterImpl-3ff5bc89-9620-4d46-84f6-68e3c2a3a822/datanode-1/data/ratis] (custom)
2023-05-04 20:13:58,512 [pool-101-thread-1] INFO  server.RaftServerConfigKeys (ConfUtils.java:logGet(46)) - raft.server.log.corruption.policy = EXCEPTION (default)
2023-05-04 20:13:58,512 [pool-101-thread-1] INFO  server.RaftServerConfigKeys (ConfUtils.java:logGet(46)) - raft.server.storage.free-space.min = 0MB (=0) (default)
2023-05-04 20:13:58,512 [pool-101-thread-1] INFO  server.RaftServerConfigKeys (ConfUtils.java:logGet(46)) - raft.server.notification.no-leader.timeout = 300s (custom)
2023-05-04 20:13:58,512 [pool-101-thread-1] INFO  server.RaftServerConfigKeys (ConfUtils.java:logGet(46)) - raft.server.retrycache.expirytime = 600000ms (custom)
2023-05-04 20:13:58,512 [pool-101-thread-1] INFO  server.RaftServerConfigKeys (ConfUtils.java:logGet(46)) - raft.server.retrycache.statistics.expirytime = 100μs (default)
2023-05-04 20:13:58,517 [pool-101-thread-1] INFO  server.RaftServerConfigKeys (ConfUtils.java:logGet(46)) - raft.server.log.appender.install.snapshot.enabled = false (custom)
2023-05-04 20:13:58,517 [pool-101-thread-1] INFO  server.RaftServerConfigKeys (ConfUtils.java:logGet(46)) - raft.server.threadpool.server.cached = true (default)
2023-05-04 20:13:58,517 [pool-101-thread-1] INFO  server.RaftServerConfigKeys (ConfUtils.java:logGet(46)) - raft.server.threadpool.server.size = 0 (default)
2023-05-04 20:13:58,517 [pool-101-thread-1] INFO  server.RaftServerConfigKeys (ConfUtils.java:logGet(46)) - raft.server.threadpool.client.cached = true (default)
2023-05-04 20:13:58,517 [pool-101-thread-1] INFO  server.RaftServerConfigKeys (ConfUtils.java:logGet(46)) - raft.server.threadpool.client.size = 0 (default)
2023-05-04 20:13:58,517 [pool-101-thread-1] INFO  storage.RaftStorageDirectory (RaftStorageDirectoryImpl.java:analyzeStorage(137)) - The storage directory /home/runner/work/ozone/ozone/hadoop-ozone/integration-test/target/test-dir/MiniOzoneClusterImpl-3ff5bc89-9620-4d46-84f6-68e3c2a3a822/datanode-1/data/ratis/c3c53669-7552-4c7b-9911-4cba959a46dc does not exist. Creating ...
2023-05-04 20:13:58,520 [pool-101-thread-1] INFO  storage.RaftStorageDirectory (RaftStorageDirectoryImpl.java:tryLock(231)) - Lock on /home/runner/work/ozone/ozone/hadoop-ozone/integration-test/target/test-dir/MiniOzoneClusterImpl-3ff5bc89-9620-4d46-84f6-68e3c2a3a822/datanode-1/data/ratis/c3c53669-7552-4c7b-9911-4cba959a46dc/in_use.lock acquired by nodename 25037@fv-az804-457
2023-05-04 20:13:58,524 [pool-101-thread-1] INFO  storage.RaftStorage (RaftStorageImpl.java:format(96)) - Storage directory /home/runner/work/ozone/ozone/hadoop-ozone/integration-test/target/test-dir/MiniOzoneClusterImpl-3ff5bc89-9620-4d46-84f6-68e3c2a3a822/datanode-1/data/ratis/c3c53669-7552-4c7b-9911-4cba959a46dc has been successfully formatted.
2023-05-04 20:13:58,525 [pool-101-thread-1] INFO  ratis.ContainerStateMachine (ContainerStateMachine.java:loadSnapshot(262)) - group-4CBA959A46DC: The snapshot info is null. Setting the last applied indexto:(t:0, i:~)
2023-05-04 20:13:58,526 [pool-101-thread-1] INFO  server.RaftServerConfigKeys (ConfUtils.java:logGet(46)) - raft.server.log.use.memory = false (default)
2023-05-04 20:13:58,526 [pool-101-thread-1] INFO  server.RaftServerConfigKeys (ConfUtils.java:logGet(46)) - raft.server.log.purge.gap = 1000000 (custom)
2023-05-04 20:13:58,526 [pool-101-thread-1] INFO  server.RaftServerConfigKeys (ConfUtils.java:logGet(46)) - raft.server.log.appender.buffer.byte-limit = 33554432 (custom)
2023-05-04 20:13:58,526 [pool-101-thread-1] INFO  server.RaftServerConfigKeys (ConfUtils.java:logGet(46)) - raft.server.log.statemachine.data.read.timeout = 1000ms (default)
2023-05-04 20:13:58,526 [pool-101-thread-1] INFO  server.RaftServerConfigKeys (ConfUtils.java:logGet(46)) - raft.server.log.purge.preservation.log.num = 0 (default)
2023-05-04 20:13:58,526 [pool-101-thread-1] INFO  server.RaftServerConfigKeys (ConfUtils.java:logGet(46)) - raft.server.log.segment.size.max = 1048576 (custom)
2023-05-04 20:13:58,527 [pool-101-thread-1] INFO  server.RaftServerConfigKeys (ConfUtils.java:logGet(46)) - raft.server.log.segment.cache.num.max = 2 (custom)
2023-05-04 20:13:58,527 [pool-101-thread-1] INFO  server.RaftServerConfigKeys (ConfUtils.java:logGet(46)) - raft.server.log.segment.cache.size.max = 200MB (=209715200) (default)
2023-05-04 20:13:58,527 [pool-101-thread-1] INFO  segmented.SegmentedRaftLogWorker (SegmentedRaftLogWorker.java:<init>(189)) - new b957fc71-c761-4d97-9df6-bc970b063b54@group-4CBA959A46DC-SegmentedRaftLogWorker for RaftStorageImpl:Storage Directory /home/runner/work/ozone/ozone/hadoop-ozone/integration-test/target/test-dir/MiniOzoneClusterImpl-3ff5bc89-9620-4d46-84f6-68e3c2a3a822/datanode-1/data/ratis/c3c53669-7552-4c7b-9911-4cba959a46dc
2023-05-04 20:13:58,527 [pool-101-thread-1] INFO  server.RaftServerConfigKeys (ConfUtils.java:logGet(46)) - raft.server.log.queue.byte-limit = 4294967296 (custom)
2023-05-04 20:13:58,527 [pool-101-thread-1] INFO  server.RaftServerConfigKeys (ConfUtils.java:logGet(46)) - raft.server.log.queue.element-limit = 1024 (custom)
2023-05-04 20:13:58,527 [pool-101-thread-1] INFO  server.RaftServerConfigKeys (ConfUtils.java:logGet(46)) - raft.server.log.segment.size.max = 1048576 (custom)
2023-05-04 20:13:58,527 [pool-101-thread-1] INFO  server.RaftServerConfigKeys (ConfUtils.java:logGet(46)) - raft.server.log.preallocated.size = 16384 (custom)
2023-05-04 20:13:58,527 [pool-101-thread-1] INFO  server.RaftServerConfigKeys (ConfUtils.java:logGet(46)) - raft.server.log.force.sync.num = 128 (default)
2023-05-04 20:13:58,527 [pool-101-thread-1] INFO  server.RaftServerConfigKeys (ConfUtils.java:logGet(46)) - raft.server.log.statemachine.data.sync = true (default)
2023-05-04 20:13:58,527 [pool-101-thread-1] INFO  server.RaftServerConfigKeys (ConfUtils.java:logGet(46)) - raft.server.log.statemachine.data.sync.timeout = 10s (default)
2023-05-04 20:13:58,527 [pool-101-thread-1] INFO  server.RaftServerConfigKeys (ConfUtils.java:logGet(46)) - raft.server.log.statemachine.data.sync.timeout.retry = -1 (default)
2023-05-04 20:13:58,528 [pool-101-thread-1] INFO  server.RaftServerConfigKeys (ConfUtils.java:logGet(46)) - raft.server.log.write.buffer.size = 1048576 (custom)
2023-05-04 20:13:58,530 [pool-101-thread-1] INFO  server.RaftServerConfigKeys (ConfUtils.java:logGet(46)) - raft.server.log.appender.buffer.byte-limit = 33554432 (custom)
2023-05-04 20:13:58,540 [pool-101-thread-1] INFO  server.RaftServerConfigKeys (ConfUtils.java:logGet(46)) - raft.server.log.unsafe-flush.enabled = false (default)
2023-05-04 20:13:58,542 [pool-101-thread-1] INFO  server.RaftServerConfigKeys (ConfUtils.java:logGet(46)) - raft.server.log.async-flush.enabled = false (default)
2023-05-04 20:13:58,542 [pool-101-thread-1] INFO  server.RaftServerConfigKeys (ConfUtils.java:logGet(46)) - raft.server.log.statemachine.data.caching.enabled = true (custom)
2023-05-04 20:13:58,542 [pool-101-thread-1] INFO  segmented.SegmentedRaftLogWorker (SegmentedRaftLogWorker.java:lambda$new$0(135)) - b957fc71-c761-4d97-9df6-bc970b063b54@group-4CBA959A46DC-SegmentedRaftLogWorker: flushIndex: setUnconditionally 0 -> -1
2023-05-04 20:13:58,542 [pool-101-thread-1] INFO  segmented.SegmentedRaftLogWorker (SegmentedRaftLogWorker.java:lambda$new$0(135)) - b957fc71-c761-4d97-9df6-bc970b063b54@group-4CBA959A46DC-SegmentedRaftLogWorker: safeCacheEvictIndex: setUnconditionally 0 -> -1
2023-05-04 20:13:58,542 [pool-101-thread-1] INFO  server.RaftServer$Division (RaftServerImpl.java:start(334)) - b957fc71-c761-4d97-9df6-bc970b063b54@group-4CBA959A46DC: start as a follower, conf=-1: peers:[6a8dabd4-d9aa-4d69-8f5d-1f403dba9ac7|rpc:10.1.0.20:33893|dataStream:10.1.0.20:42975|priority:1|startupRole:FOLLOWER, b0971eea-134b-46df-abd0-1018d0776f3a|rpc:10.1.0.20:45025|dataStream:10.1.0.20:37217|priority:0|startupRole:FOLLOWER, b957fc71-c761-4d97-9df6-bc970b063b54|rpc:10.1.0.20:38747|dataStream:10.1.0.20:39175|priority:0|startupRole:FOLLOWER]|listeners:[], old=null
2023-05-04 20:13:58,542 [pool-101-thread-1] INFO  server.RaftServer$Division (RaftServerImpl.java:setRole(321)) - b957fc71-c761-4d97-9df6-bc970b063b54@group-4CBA959A46DC: changes role from      null to FOLLOWER at term 0 for startAsFollower
2023-05-04 20:13:58,542 [pool-101-thread-1] INFO  impl.RoleInfo (RoleInfo.java:updateAndGet(139)) - b957fc71-c761-4d97-9df6-bc970b063b54: start b957fc71-c761-4d97-9df6-bc970b063b54@group-4CBA959A46DC-FollowerState
2023-05-04 20:13:58,543 [EventQueue-OpenPipelineForHealthyPipelineSafeModeRule] INFO  safemode.SCMSafeModeManager (HealthyPipelineSafeModeRule.java:process(137)) - SCM in safe mode. Healthy pipelines reported count is 0, required healthy pipeline reported count is 1
2023-05-04 20:13:58,543 [pool-101-thread-1] INFO  util.JmxRegister (JmxRegister.java:tryRegister(44)) - Successfully registered JMX Bean with object name Ratis:service=RaftServer,group=group-4CBA959A46DC,id=b957fc71-c761-4d97-9df6-bc970b063b54
2023-05-04 20:13:58,547 [pool-101-thread-1] INFO  server.RaftServerConfigKeys (ConfUtils.java:logGet(46)) - raft.server.snapshot.auto.trigger.enabled = true (custom)
2023-05-04 20:13:58,548 [pool-101-thread-1] INFO  server.RaftServerConfigKeys (ConfUtils.java:logGet(46)) - raft.server.snapshot.auto.trigger.threshold = 10000 (custom)
2023-05-04 20:13:58,548 [pool-101-thread-1] INFO  server.RaftServerConfigKeys (ConfUtils.java:logGet(46)) - raft.server.snapshot.retention.file.num = 5 (custom)
2023-05-04 20:13:58,548 [pool-101-thread-1] INFO  server.RaftServerConfigKeys (ConfUtils.java:logGet(46)) - raft.server.log.purge.upto.snapshot.index = false (default)
2023-05-04 20:13:58,550 [b957fc71-c761-4d97-9df6-bc970b063b54@group-4CBA959A46DC-FollowerState] INFO  server.RaftServerConfigKeys (ConfUtils.java:logFallback(53)) - raft.server.rpc.first-election.timeout.min = 5s (fallback to raft.server.rpc.timeout.min)
2023-05-04 20:13:58,550 [b957fc71-c761-4d97-9df6-bc970b063b54@group-4CBA959A46DC-FollowerState] INFO  server.RaftServerConfigKeys (ConfUtils.java:logFallback(53)) - raft.server.rpc.first-election.timeout.max = 5200ms (fallback to raft.server.rpc.timeout.max)
2023-05-04 20:13:58,557 [Command processor thread] INFO  ratis.XceiverServerRatis (XceiverServerRatis.java:addGroup(806)) - Created group PipelineID=c3c53669-7552-4c7b-9911-4cba959a46dc
2023-05-04 20:13:58,581 [grpc-default-executor-0] INFO  server.RaftServer (RaftServerProxy.java:addNew(96)) - b0971eea-134b-46df-abd0-1018d0776f3a: addNew group-A5343225BA2E:[6a8dabd4-d9aa-4d69-8f5d-1f403dba9ac7|rpc:10.1.0.20:33893|dataStream:10.1.0.20:42975|priority:0|startupRole:FOLLOWER, b0971eea-134b-46df-abd0-1018d0776f3a|rpc:10.1.0.20:45025|dataStream:10.1.0.20:37217|priority:0|startupRole:FOLLOWER, b957fc71-c761-4d97-9df6-bc970b063b54|rpc:10.1.0.20:38747|dataStream:10.1.0.20:39175|priority:1|startupRole:FOLLOWER] returns group-A5343225BA2E:java.util.concurrent.CompletableFuture@85a6cae[Not completed]
2023-05-04 20:13:58,582 [pool-123-thread-1] INFO  server.RaftServer$Division (RaftServerImpl.java:<init>(195)) - b0971eea-134b-46df-abd0-1018d0776f3a: new RaftServerImpl for group-A5343225BA2E:[6a8dabd4-d9aa-4d69-8f5d-1f403dba9ac7|rpc:10.1.0.20:33893|dataStream:10.1.0.20:42975|priority:0|startupRole:FOLLOWER, b0971eea-134b-46df-abd0-1018d0776f3a|rpc:10.1.0.20:45025|dataStream:10.1.0.20:37217|priority:0|startupRole:FOLLOWER, b957fc71-c761-4d97-9df6-bc970b063b54|rpc:10.1.0.20:38747|dataStream:10.1.0.20:39175|priority:1|startupRole:FOLLOWER] with ContainerStateMachine:uninitialized
2023-05-04 20:13:58,582 [pool-123-thread-1] INFO  server.RaftServerConfigKeys (ConfUtils.java:logGet(46)) - raft.server.rpc.timeout.min = 5s (custom)
2023-05-04 20:13:58,582 [pool-123-thread-1] INFO  server.RaftServerConfigKeys (ConfUtils.java:logGet(46)) - raft.server.rpc.timeout.max = 5200ms (custom)
2023-05-04 20:13:58,582 [pool-123-thread-1] INFO  server.RaftServerConfigKeys (ConfUtils.java:logGet(46)) - raft.server.rpc.sleep.time = 25ms (default)
2023-05-04 20:13:58,582 [pool-123-thread-1] INFO  server.RaftServerConfigKeys (ConfUtils.java:logGet(46)) - raft.server.rpc.slowness.timeout = 300s (custom)
2023-05-04 20:13:58,582 [pool-123-thread-1] INFO  server.RaftServerConfigKeys (ConfUtils.java:logGet(46)) - raft.server.leaderelection.leader.step-down.wait-time = 10s (default)
2023-05-04 20:13:58,583 [pool-123-thread-1] INFO  server.RaftServerConfigKeys (ConfUtils.java:logGet(46)) - raft.server.sleep.deviation.threshold = 300ms (default)
2023-05-04 20:13:58,583 [pool-123-thread-1] INFO  server.RaftServer$Division (ServerState.java:<init>(118)) - b0971eea-134b-46df-abd0-1018d0776f3a@group-A5343225BA2E: ConfigurationManager, init=-1: peers:[6a8dabd4-d9aa-4d69-8f5d-1f403dba9ac7|rpc:10.1.0.20:33893|dataStream:10.1.0.20:42975|priority:0|startupRole:FOLLOWER, b0971eea-134b-46df-abd0-1018d0776f3a|rpc:10.1.0.20:45025|dataStream:10.1.0.20:37217|priority:0|startupRole:FOLLOWER, b957fc71-c761-4d97-9df6-bc970b063b54|rpc:10.1.0.20:38747|dataStream:10.1.0.20:39175|priority:1|startupRole:FOLLOWER]|listeners:[], old=null, confs=<EMPTY_MAP>
2023-05-04 20:13:58,583 [pool-123-thread-1] INFO  server.RaftServerConfigKeys (ConfUtils.java:logGet(46)) - raft.server.storage.dir = [/home/runner/work/ozone/ozone/hadoop-ozone/integration-test/target/test-dir/MiniOzoneClusterImpl-3ff5bc89-9620-4d46-84f6-68e3c2a3a822/datanode-2/data/ratis] (custom)
2023-05-04 20:13:58,583 [pool-123-thread-1] INFO  server.RaftServerConfigKeys (ConfUtils.java:logGet(46)) - raft.server.log.corruption.policy = EXCEPTION (default)
2023-05-04 20:13:58,583 [pool-123-thread-1] INFO  server.RaftServerConfigKeys (ConfUtils.java:logGet(46)) - raft.server.storage.free-space.min = 0MB (=0) (default)
2023-05-04 20:13:58,583 [pool-123-thread-1] INFO  server.RaftServerConfigKeys (ConfUtils.java:logGet(46)) - raft.server.notification.no-leader.timeout = 300s (custom)
2023-05-04 20:13:58,583 [pool-123-thread-1] INFO  server.RaftServerConfigKeys (ConfUtils.java:logGet(46)) - raft.server.retrycache.expirytime = 600000ms (custom)
2023-05-04 20:13:58,583 [pool-123-thread-1] INFO  server.RaftServerConfigKeys (ConfUtils.java:logGet(46)) - raft.server.retrycache.statistics.expirytime = 100μs (default)
2023-05-04 20:13:58,591 [grpc-default-executor-0] INFO  server.RaftServer (RaftServerProxy.java:addNew(96)) - b0971eea-134b-46df-abd0-1018d0776f3a: addNew group-4CBA959A46DC:[6a8dabd4-d9aa-4d69-8f5d-1f403dba9ac7|rpc:10.1.0.20:33893|dataStream:10.1.0.20:42975|priority:1|startupRole:FOLLOWER, b0971eea-134b-46df-abd0-1018d0776f3a|rpc:10.1.0.20:45025|dataStream:10.1.0.20:37217|priority:0|startupRole:FOLLOWER, b957fc71-c761-4d97-9df6-bc970b063b54|rpc:10.1.0.20:38747|dataStream:10.1.0.20:39175|priority:0|startupRole:FOLLOWER] returns group-4CBA959A46DC:java.util.concurrent.CompletableFuture@25119c7[Not completed]
2023-05-04 20:13:58,592 [pool-123-thread-1] INFO  server.RaftServerConfigKeys (ConfUtils.java:logGet(46)) - raft.server.log.appender.install.snapshot.enabled = false (custom)
2023-05-04 20:13:58,592 [pool-123-thread-1] INFO  server.RaftServerConfigKeys (ConfUtils.java:logGet(46)) - raft.server.threadpool.server.cached = true (default)
2023-05-04 20:13:58,592 [pool-123-thread-1] INFO  server.RaftServerConfigKeys (ConfUtils.java:logGet(46)) - raft.server.threadpool.server.size = 0 (default)
2023-05-04 20:13:58,592 [pool-123-thread-1] INFO  server.RaftServerConfigKeys (ConfUtils.java:logGet(46)) - raft.server.threadpool.client.cached = true (default)
2023-05-04 20:13:58,592 [pool-123-thread-1] INFO  server.RaftServerConfigKeys (ConfUtils.java:logGet(46)) - raft.server.threadpool.client.size = 0 (default)
2023-05-04 20:13:58,593 [pool-123-thread-1] INFO  server.RaftServer$Division (RaftServerImpl.java:<init>(195)) - b0971eea-134b-46df-abd0-1018d0776f3a: new RaftServerImpl for group-4CBA959A46DC:[6a8dabd4-d9aa-4d69-8f5d-1f403dba9ac7|rpc:10.1.0.20:33893|dataStream:10.1.0.20:42975|priority:1|startupRole:FOLLOWER, b0971eea-134b-46df-abd0-1018d0776f3a|rpc:10.1.0.20:45025|dataStream:10.1.0.20:37217|priority:0|startupRole:FOLLOWER, b957fc71-c761-4d97-9df6-bc970b063b54|rpc:10.1.0.20:38747|dataStream:10.1.0.20:39175|priority:0|startupRole:FOLLOWER] with ContainerStateMachine:uninitialized
2023-05-04 20:13:58,593 [pool-123-thread-1] INFO  server.RaftServerConfigKeys (ConfUtils.java:logGet(46)) - raft.server.rpc.timeout.min = 5s (custom)
2023-05-04 20:13:58,593 [pool-123-thread-1] INFO  server.RaftServerConfigKeys (ConfUtils.java:logGet(46)) - raft.server.rpc.timeout.max = 5200ms (custom)
2023-05-04 20:13:58,593 [pool-123-thread-1] INFO  server.RaftServerConfigKeys (ConfUtils.java:logGet(46)) - raft.server.rpc.sleep.time = 25ms (default)
2023-05-04 20:13:58,593 [pool-123-thread-1] INFO  server.RaftServerConfigKeys (ConfUtils.java:logGet(46)) - raft.server.rpc.slowness.timeout = 300s (custom)
2023-05-04 20:13:58,593 [pool-123-thread-1] INFO  server.RaftServerConfigKeys (ConfUtils.java:logGet(46)) - raft.server.leaderelection.leader.step-down.wait-time = 10s (default)
2023-05-04 20:13:58,593 [pool-123-thread-1] INFO  server.RaftServerConfigKeys (ConfUtils.java:logGet(46)) - raft.server.sleep.deviation.threshold = 300ms (default)
2023-05-04 20:13:58,594 [pool-123-thread-1] INFO  server.RaftServer$Division (ServerState.java:<init>(118)) - b0971eea-134b-46df-abd0-1018d0776f3a@group-4CBA959A46DC: ConfigurationManager, init=-1: peers:[6a8dabd4-d9aa-4d69-8f5d-1f403dba9ac7|rpc:10.1.0.20:33893|dataStream:10.1.0.20:42975|priority:1|startupRole:FOLLOWER, b0971eea-134b-46df-abd0-1018d0776f3a|rpc:10.1.0.20:45025|dataStream:10.1.0.20:37217|priority:0|startupRole:FOLLOWER, b957fc71-c761-4d97-9df6-bc970b063b54|rpc:10.1.0.20:38747|dataStream:10.1.0.20:39175|priority:0|startupRole:FOLLOWER]|listeners:[], old=null, confs=<EMPTY_MAP>
2023-05-04 20:13:58,594 [pool-123-thread-1] INFO  server.RaftServerConfigKeys (ConfUtils.java:logGet(46)) - raft.server.storage.dir = [/home/runner/work/ozone/ozone/hadoop-ozone/integration-test/target/test-dir/MiniOzoneClusterImpl-3ff5bc89-9620-4d46-84f6-68e3c2a3a822/datanode-2/data/ratis] (custom)
2023-05-04 20:13:58,594 [pool-123-thread-1] INFO  server.RaftServerConfigKeys (ConfUtils.java:logGet(46)) - raft.server.log.corruption.policy = EXCEPTION (default)
2023-05-04 20:13:58,594 [pool-123-thread-1] INFO  server.RaftServerConfigKeys (ConfUtils.java:logGet(46)) - raft.server.storage.free-space.min = 0MB (=0) (default)
2023-05-04 20:13:58,594 [pool-123-thread-1] INFO  server.RaftServerConfigKeys (ConfUtils.java:logGet(46)) - raft.server.notification.no-leader.timeout = 300s (custom)
2023-05-04 20:13:58,594 [pool-123-thread-1] INFO  server.RaftServerConfigKeys (ConfUtils.java:logGet(46)) - raft.server.retrycache.expirytime = 600000ms (custom)
2023-05-04 20:13:58,594 [pool-123-thread-1] INFO  server.RaftServerConfigKeys (ConfUtils.java:logGet(46)) - raft.server.retrycache.statistics.expirytime = 100μs (default)
2023-05-04 20:13:58,596 [pool-123-thread-1] INFO  server.RaftServerConfigKeys (ConfUtils.java:logGet(46)) - raft.server.log.appender.install.snapshot.enabled = false (custom)
2023-05-04 20:13:58,596 [pool-123-thread-1] INFO  server.RaftServerConfigKeys (ConfUtils.java:logGet(46)) - raft.server.threadpool.server.cached = true (default)
2023-05-04 20:13:58,596 [pool-123-thread-1] INFO  server.RaftServerConfigKeys (ConfUtils.java:logGet(46)) - raft.server.threadpool.server.size = 0 (default)
2023-05-04 20:13:58,596 [pool-123-thread-1] INFO  server.RaftServerConfigKeys (ConfUtils.java:logGet(46)) - raft.server.threadpool.client.cached = true (default)
2023-05-04 20:13:58,596 [pool-123-thread-1] INFO  server.RaftServerConfigKeys (ConfUtils.java:logGet(46)) - raft.server.threadpool.client.size = 0 (default)
2023-05-04 20:13:58,596 [pool-123-thread-1] INFO  storage.RaftStorageDirectory (RaftStorageDirectoryImpl.java:analyzeStorage(137)) - The storage directory /home/runner/work/ozone/ozone/hadoop-ozone/integration-test/target/test-dir/MiniOzoneClusterImpl-3ff5bc89-9620-4d46-84f6-68e3c2a3a822/datanode-2/data/ratis/9898e671-3a8e-4fcd-a845-a5343225ba2e does not exist. Creating ...
2023-05-04 20:13:58,597 [pool-123-thread-1] INFO  storage.RaftStorageDirectory (RaftStorageDirectoryImpl.java:tryLock(231)) - Lock on /home/runner/work/ozone/ozone/hadoop-ozone/integration-test/target/test-dir/MiniOzoneClusterImpl-3ff5bc89-9620-4d46-84f6-68e3c2a3a822/datanode-2/data/ratis/9898e671-3a8e-4fcd-a845-a5343225ba2e/in_use.lock acquired by nodename 25037@fv-az804-457
2023-05-04 20:13:58,598 [pool-123-thread-1] INFO  storage.RaftStorage (RaftStorageImpl.java:format(96)) - Storage directory /home/runner/work/ozone/ozone/hadoop-ozone/integration-test/target/test-dir/MiniOzoneClusterImpl-3ff5bc89-9620-4d46-84f6-68e3c2a3a822/datanode-2/data/ratis/9898e671-3a8e-4fcd-a845-a5343225ba2e has been successfully formatted.
2023-05-04 20:13:58,600 [pool-123-thread-1] INFO  ratis.ContainerStateMachine (ContainerStateMachine.java:loadSnapshot(262)) - group-A5343225BA2E: The snapshot info is null. Setting the last applied indexto:(t:0, i:~)
2023-05-04 20:13:58,600 [pool-123-thread-1] INFO  server.RaftServerConfigKeys (ConfUtils.java:logGet(46)) - raft.server.log.use.memory = false (default)
2023-05-04 20:13:58,600 [pool-123-thread-1] INFO  server.RaftServerConfigKeys (ConfUtils.java:logGet(46)) - raft.server.log.purge.gap = 1000000 (custom)
2023-05-04 20:13:58,604 [pool-123-thread-1] INFO  server.RaftServerConfigKeys (ConfUtils.java:logGet(46)) - raft.server.log.appender.buffer.byte-limit = 33554432 (custom)
2023-05-04 20:13:58,604 [pool-123-thread-1] INFO  server.RaftServerConfigKeys (ConfUtils.java:logGet(46)) - raft.server.log.statemachine.data.read.timeout = 1000ms (default)
2023-05-04 20:13:58,604 [pool-123-thread-1] INFO  server.RaftServerConfigKeys (ConfUtils.java:logGet(46)) - raft.server.log.purge.preservation.log.num = 0 (default)
2023-05-04 20:13:58,604 [pool-123-thread-1] INFO  server.RaftServerConfigKeys (ConfUtils.java:logGet(46)) - raft.server.log.segment.size.max = 1048576 (custom)
2023-05-04 20:13:58,605 [pool-123-thread-1] INFO  server.RaftServerConfigKeys (ConfUtils.java:logGet(46)) - raft.server.log.segment.cache.num.max = 2 (custom)
2023-05-04 20:13:58,605 [pool-123-thread-1] INFO  server.RaftServerConfigKeys (ConfUtils.java:logGet(46)) - raft.server.log.segment.cache.size.max = 200MB (=209715200) (default)
2023-05-04 20:13:58,605 [pool-123-thread-1] INFO  segmented.SegmentedRaftLogWorker (SegmentedRaftLogWorker.java:<init>(189)) - new b0971eea-134b-46df-abd0-1018d0776f3a@group-A5343225BA2E-SegmentedRaftLogWorker for RaftStorageImpl:Storage Directory /home/runner/work/ozone/ozone/hadoop-ozone/integration-test/target/test-dir/MiniOzoneClusterImpl-3ff5bc89-9620-4d46-84f6-68e3c2a3a822/datanode-2/data/ratis/9898e671-3a8e-4fcd-a845-a5343225ba2e
2023-05-04 20:13:58,605 [pool-123-thread-1] INFO  server.RaftServerConfigKeys (ConfUtils.java:logGet(46)) - raft.server.log.queue.byte-limit = 4294967296 (custom)
2023-05-04 20:13:58,605 [pool-123-thread-1] INFO  server.RaftServerConfigKeys (ConfUtils.java:logGet(46)) - raft.server.log.queue.element-limit = 1024 (custom)
2023-05-04 20:13:58,605 [pool-123-thread-1] INFO  server.RaftServerConfigKeys (ConfUtils.java:logGet(46)) - raft.server.log.segment.size.max = 1048576 (custom)
2023-05-04 20:13:58,605 [pool-123-thread-1] INFO  server.RaftServerConfigKeys (ConfUtils.java:logGet(46)) - raft.server.log.preallocated.size = 16384 (custom)
2023-05-04 20:13:58,605 [pool-123-thread-1] INFO  server.RaftServerConfigKeys (ConfUtils.java:logGet(46)) - raft.server.log.force.sync.num = 128 (default)
2023-05-04 20:13:58,605 [pool-123-thread-1] INFO  server.RaftServerConfigKeys (ConfUtils.java:logGet(46)) - raft.server.log.statemachine.data.sync = true (default)
2023-05-04 20:13:58,605 [pool-123-thread-1] INFO  server.RaftServerConfigKeys (ConfUtils.java:logGet(46)) - raft.server.log.statemachine.data.sync.timeout = 10s (default)
2023-05-04 20:13:58,605 [pool-123-thread-1] INFO  server.RaftServerConfigKeys (ConfUtils.java:logGet(46)) - raft.server.log.statemachine.data.sync.timeout.retry = -1 (default)
2023-05-04 20:13:58,606 [pool-123-thread-1] INFO  server.RaftServerConfigKeys (ConfUtils.java:logGet(46)) - raft.server.log.write.buffer.size = 1048576 (custom)
2023-05-04 20:13:58,608 [pool-123-thread-1] INFO  server.RaftServerConfigKeys (ConfUtils.java:logGet(46)) - raft.server.log.appender.buffer.byte-limit = 33554432 (custom)
2023-05-04 20:13:58,897 [Command processor thread] INFO  server.RaftServer (RaftServerProxy.java:addNew(96)) - b0971eea-134b-46df-abd0-1018d0776f3a: addNew group-B9E9C03BA2B2:[b0971eea-134b-46df-abd0-1018d0776f3a|rpc:10.1.0.20:45025|dataStream:10.1.0.20:37217|priority:1|startupRole:FOLLOWER] returns group-B9E9C03BA2B2:java.util.concurrent.CompletableFuture@6c38af58[Not completed]
2023-05-04 20:13:58,911 [pool-123-thread-1] INFO  server.RaftServerConfigKeys (ConfUtils.java:logGet(46)) - raft.server.log.unsafe-flush.enabled = false (default)
2023-05-04 20:13:58,899 [JvmPauseMonitor11] WARN  util.JvmPauseMonitor (JvmPauseMonitor.java:detectPause(126)) - JvmPauseMonitor-14e688c6-03f0-4578-94be-4c0bf8f01127: Detected pause in JVM or host machine (eg GC): pause of approximately 279527958ns.
GC pool 'PS MarkSweep' had collection(s): count=1 time=224ms
GC pool 'PS Scavenge' had collection(s): count=1 time=63ms
2023-05-04 20:13:58,899 [JvmPauseMonitor7] WARN  util.JvmPauseMonitor (JvmPauseMonitor.java:detectPause(126)) - JvmPauseMonitor-eaea20cf-c5ca-4d45-84fe-4a8214ec7204: Detected pause in JVM or host machine (eg GC): pause of approximately 278927849ns.
GC pool 'PS MarkSweep' had collection(s): count=1 time=224ms
GC pool 'PS Scavenge' had collection(s): count=1 time=63ms
2023-05-04 20:13:58,899 [JvmPauseMonitor6] WARN  util.JvmPauseMonitor (JvmPauseMonitor.java:detectPause(126)) - JvmPauseMonitor-71eef059-4e21-465b-a9dc-55002cc631de: Detected pause in JVM or host machine (eg GC): pause of approximately 260703489ns.
GC pool 'PS MarkSweep' had collection(s): count=1 time=224ms
GC pool 'PS Scavenge' had collection(s): count=1 time=63ms
2023-05-04 20:13:58,898 [JvmPauseMonitor5] WARN  util.JvmPauseMonitor (JvmPauseMonitor.java:detectPause(126)) - JvmPauseMonitor-de61e307-c070-4843-8a71-857ff854f108: Detected pause in JVM or host machine (eg GC): pause of approximately 192900718ns.
GC pool 'PS MarkSweep' had collection(s): count=1 time=224ms
GC pool 'PS Scavenge' had collection(s): count=1 time=63ms
2023-05-04 20:13:58,897 [JvmPauseMonitor10] WARN  util.JvmPauseMonitor (JvmPauseMonitor.java:detectPause(126)) - JvmPauseMonitor-7e411c01-6998-40d0-b507-5d7903264b15: Detected pause in JVM or host machine (eg GC): pause of approximately 177381696ns.
GC pool 'PS MarkSweep' had collection(s): count=1 time=224ms
GC pool 'PS Scavenge' had collection(s): count=1 time=63ms
2023-05-04 20:13:58,917 [pool-123-thread-1] INFO  server.RaftServerConfigKeys (ConfUtils.java:logGet(46)) - raft.server.log.async-flush.enabled = false (default)
2023-05-04 20:13:58,917 [pool-123-thread-1] INFO  server.RaftServerConfigKeys (ConfUtils.java:logGet(46)) - raft.server.log.statemachine.data.caching.enabled = true (custom)
2023-05-04 20:13:58,917 [pool-123-thread-1] INFO  segmented.SegmentedRaftLogWorker (SegmentedRaftLogWorker.java:lambda$new$0(135)) - b0971eea-134b-46df-abd0-1018d0776f3a@group-A5343225BA2E-SegmentedRaftLogWorker: flushIndex: setUnconditionally 0 -> -1
2023-05-04 20:13:58,917 [pool-123-thread-1] INFO  segmented.SegmentedRaftLogWorker (SegmentedRaftLogWorker.java:lambda$new$0(135)) - b0971eea-134b-46df-abd0-1018d0776f3a@group-A5343225BA2E-SegmentedRaftLogWorker: safeCacheEvictIndex: setUnconditionally 0 -> -1
2023-05-04 20:13:58,917 [pool-123-thread-1] INFO  server.RaftServer$Division (RaftServerImpl.java:start(334)) - b0971eea-134b-46df-abd0-1018d0776f3a@group-A5343225BA2E: start as a follower, conf=-1: peers:[6a8dabd4-d9aa-4d69-8f5d-1f403dba9ac7|rpc:10.1.0.20:33893|dataStream:10.1.0.20:42975|priority:0|startupRole:FOLLOWER, b0971eea-134b-46df-abd0-1018d0776f3a|rpc:10.1.0.20:45025|dataStream:10.1.0.20:37217|priority:0|startupRole:FOLLOWER, b957fc71-c761-4d97-9df6-bc970b063b54|rpc:10.1.0.20:38747|dataStream:10.1.0.20:39175|priority:1|startupRole:FOLLOWER]|listeners:[], old=null
2023-05-04 20:13:58,917 [pool-123-thread-1] INFO  server.RaftServer$Division (RaftServerImpl.java:setRole(321)) - b0971eea-134b-46df-abd0-1018d0776f3a@group-A5343225BA2E: changes role from      null to FOLLOWER at term 0 for startAsFollower
2023-05-04 20:13:58,918 [pool-123-thread-1] INFO  impl.RoleInfo (RoleInfo.java:updateAndGet(139)) - b0971eea-134b-46df-abd0-1018d0776f3a: start b0971eea-134b-46df-abd0-1018d0776f3a@group-A5343225BA2E-FollowerState
2023-05-04 20:13:58,918 [pool-123-thread-1] INFO  util.JmxRegister (JmxRegister.java:tryRegister(44)) - Successfully registered JMX Bean with object name Ratis:service=RaftServer,group=group-A5343225BA2E,id=b0971eea-134b-46df-abd0-1018d0776f3a
2023-05-04 20:13:58,918 [pool-123-thread-1] INFO  server.RaftServerConfigKeys (ConfUtils.java:logGet(46)) - raft.server.snapshot.auto.trigger.enabled = true (custom)
2023-05-04 20:13:58,918 [pool-123-thread-1] INFO  server.RaftServerConfigKeys (ConfUtils.java:logGet(46)) - raft.server.snapshot.auto.trigger.threshold = 10000 (custom)
2023-05-04 20:13:58,918 [pool-123-thread-1] INFO  server.RaftServerConfigKeys (ConfUtils.java:logGet(46)) - raft.server.snapshot.retention.file.num = 5 (custom)
2023-05-04 20:13:58,918 [pool-123-thread-1] INFO  server.RaftServerConfigKeys (ConfUtils.java:logGet(46)) - raft.server.log.purge.upto.snapshot.index = false (default)
2023-05-04 20:13:58,921 [b0971eea-134b-46df-abd0-1018d0776f3a@group-A5343225BA2E-FollowerState] INFO  server.RaftServerConfigKeys (ConfUtils.java:logFallback(53)) - raft.server.rpc.first-election.timeout.min = 5s (fallback to raft.server.rpc.timeout.min)
2023-05-04 20:13:58,922 [pool-123-thread-1] INFO  storage.RaftStorageDirectory (RaftStorageDirectoryImpl.java:analyzeStorage(137)) - The storage directory /home/runner/work/ozone/ozone/hadoop-ozone/integration-test/target/test-dir/MiniOzoneClusterImpl-3ff5bc89-9620-4d46-84f6-68e3c2a3a822/datanode-2/data/ratis/c3c53669-7552-4c7b-9911-4cba959a46dc does not exist. Creating ...
2023-05-04 20:13:58,928 [IPC Server handler 19 on default port 40805] INFO  net.NetworkTopologyImpl (NetworkTopologyImpl.java:add(112)) - Added a new node: /default-rack/7e411c01-6998-40d0-b507-5d7903264b15
2023-05-04 20:13:58,928 [IPC Server handler 19 on default port 40805] INFO  node.SCMNodeManager (SCMNodeManager.java:register(407)) - Registered Data node : 7e411c01-6998-40d0-b507-5d7903264b15{ip: 10.1.0.20, host: fv-az804-457.cvtsq3ctpw5ehehiek0yp1ke0c.cx.internal.cloudapp.net, ports: [HTTP=37115, REPLICATION=42811, RATIS=37977, RATIS_ADMIN=37977, RATIS_SERVER=37977, RATIS_DATASTREAM=36461, STANDALONE=43649], networkLocation: /default-rack, certSerialId: null, persistedOpState: null, persistedOpStateExpiryEpochSec: 0}
2023-05-04 20:13:58,928 [b0971eea-134b-46df-abd0-1018d0776f3a@group-A5343225BA2E-FollowerState] INFO  server.RaftServerConfigKeys (ConfUtils.java:logFallback(53)) - raft.server.rpc.first-election.timeout.max = 5200ms (fallback to raft.server.rpc.timeout.max)
2023-05-04 20:13:58,928 [EventQueue-NewNodeForNewNodeHandler] INFO  pipeline.BackgroundPipelineCreator (BackgroundPipelineCreator.java:notifyEventTriggered(276)) - trigger a one-shot run on RatisPipelineUtilsThread.
2023-05-04 20:13:58,931 [RatisPipelineUtilsThread - 0] INFO  pipeline.RatisPipelineProvider (RatisPipelineProvider.java:lambda$create$0(206)) - Sending CreatePipelineCommand for pipeline:PipelineID=1aa3207c-c7c9-445a-b706-5b39cde3cc84 to datanode:7e411c01-6998-40d0-b507-5d7903264b15
2023-05-04 20:13:58,933 [pool-123-thread-1] INFO  storage.RaftStorageDirectory (RaftStorageDirectoryImpl.java:tryLock(231)) - Lock on /home/runner/work/ozone/ozone/hadoop-ozone/integration-test/target/test-dir/MiniOzoneClusterImpl-3ff5bc89-9620-4d46-84f6-68e3c2a3a822/datanode-2/data/ratis/c3c53669-7552-4c7b-9911-4cba959a46dc/in_use.lock acquired by nodename 25037@fv-az804-457
2023-05-04 20:13:58,939 [RatisPipelineUtilsThread - 0] INFO  pipeline.PipelineStateManagerImpl (PipelineStateManagerImpl.java:addPipeline(103)) - Created pipeline Pipeline[ Id: 1aa3207c-c7c9-445a-b706-5b39cde3cc84, Nodes: 7e411c01-6998-40d0-b507-5d7903264b15(fv-az804-457.cvtsq3ctpw5ehehiek0yp1ke0c.cx.internal.cloudapp.net/10.1.0.20), ReplicationConfig: RATIS/ONE, State:ALLOCATED, leaderId:, CreationTimestamp2023-05-04T20:13:58.931Z[Etc/UTC]].
2023-05-04 20:13:58,939 [pool-123-thread-1] INFO  storage.RaftStorage (RaftStorageImpl.java:format(96)) - Storage directory /home/runner/work/ozone/ozone/hadoop-ozone/integration-test/target/test-dir/MiniOzoneClusterImpl-3ff5bc89-9620-4d46-84f6-68e3c2a3a822/datanode-2/data/ratis/c3c53669-7552-4c7b-9911-4cba959a46dc has been successfully formatted.
2023-05-04 20:13:58,939 [pool-123-thread-1] INFO  ratis.ContainerStateMachine (ContainerStateMachine.java:loadSnapshot(262)) - group-4CBA959A46DC: The snapshot info is null. Setting the last applied indexto:(t:0, i:~)
2023-05-04 20:13:58,940 [pool-123-thread-1] INFO  server.RaftServerConfigKeys (ConfUtils.java:logGet(46)) - raft.server.log.use.memory = false (default)
2023-05-04 20:13:58,940 [pool-123-thread-1] INFO  server.RaftServerConfigKeys (ConfUtils.java:logGet(46)) - raft.server.log.purge.gap = 1000000 (custom)
2023-05-04 20:13:58,940 [pool-123-thread-1] INFO  server.RaftServerConfigKeys (ConfUtils.java:logGet(46)) - raft.server.log.appender.buffer.byte-limit = 33554432 (custom)
2023-05-04 20:13:58,940 [pool-123-thread-1] INFO  server.RaftServerConfigKeys (ConfUtils.java:logGet(46)) - raft.server.log.statemachine.data.read.timeout = 1000ms (default)
2023-05-04 20:13:58,940 [pool-123-thread-1] INFO  server.RaftServerConfigKeys (ConfUtils.java:logGet(46)) - raft.server.log.purge.preservation.log.num = 0 (default)
2023-05-04 20:13:58,940 [pool-123-thread-1] INFO  server.RaftServerConfigKeys (ConfUtils.java:logGet(46)) - raft.server.log.segment.size.max = 1048576 (custom)
2023-05-04 20:13:58,941 [pool-123-thread-1] INFO  server.RaftServerConfigKeys (ConfUtils.java:logGet(46)) - raft.server.log.segment.cache.num.max = 2 (custom)
2023-05-04 20:13:58,941 [pool-123-thread-1] INFO  server.RaftServerConfigKeys (ConfUtils.java:logGet(46)) - raft.server.log.segment.cache.size.max = 200MB (=209715200) (default)
2023-05-04 20:13:58,941 [pool-123-thread-1] INFO  segmented.SegmentedRaftLogWorker (SegmentedRaftLogWorker.java:<init>(189)) - new b0971eea-134b-46df-abd0-1018d0776f3a@group-4CBA959A46DC-SegmentedRaftLogWorker for RaftStorageImpl:Storage Directory /home/runner/work/ozone/ozone/hadoop-ozone/integration-test/target/test-dir/MiniOzoneClusterImpl-3ff5bc89-9620-4d46-84f6-68e3c2a3a822/datanode-2/data/ratis/c3c53669-7552-4c7b-9911-4cba959a46dc
2023-05-04 20:13:58,941 [pool-123-thread-1] INFO  server.RaftServerConfigKeys (ConfUtils.java:logGet(46)) - raft.server.log.queue.byte-limit = 4294967296 (custom)
2023-05-04 20:13:58,941 [pool-123-thread-1] INFO  server.RaftServerConfigKeys (ConfUtils.java:logGet(46)) - raft.server.log.queue.element-limit = 1024 (custom)
2023-05-04 20:13:58,941 [pool-123-thread-1] INFO  server.RaftServerConfigKeys (ConfUtils.java:logGet(46)) - raft.server.log.segment.size.max = 1048576 (custom)
2023-05-04 20:13:58,941 [pool-123-thread-1] INFO  server.RaftServerConfigKeys (ConfUtils.java:logGet(46)) - raft.server.log.preallocated.size = 16384 (custom)
2023-05-04 20:13:58,941 [pool-123-thread-1] INFO  server.RaftServerConfigKeys (ConfUtils.java:logGet(46)) - raft.server.log.force.sync.num = 128 (default)
2023-05-04 20:13:58,941 [pool-123-thread-1] INFO  server.RaftServerConfigKeys (ConfUtils.java:logGet(46)) - raft.server.log.statemachine.data.sync = true (default)
2023-05-04 20:13:58,941 [pool-123-thread-1] INFO  server.RaftServerConfigKeys (ConfUtils.java:logGet(46)) - raft.server.log.statemachine.data.sync.timeout = 10s (default)
2023-05-04 20:13:58,941 [pool-123-thread-1] INFO  server.RaftServerConfigKeys (ConfUtils.java:logGet(46)) - raft.server.log.statemachine.data.sync.timeout.retry = -1 (default)
2023-05-04 20:13:58,944 [RatisPipelineUtilsThread - 0] WARN  pipeline.PipelinePlacementPolicy (PipelinePlacementPolicy.java:filterViableNodes(160)) - Pipeline creation failed due to no sufficient healthy datanodes. Required 3. Found 1. Excluded 9.
2023-05-04 20:13:58,948 [EventQueue-PipelineReportForPipelineReportHandler] INFO  pipeline.PipelineManagerImpl (PipelineManagerImpl.java:openPipeline(367)) - Pipeline Pipeline[ Id: 37e8137a-4607-4a1f-87cb-b9e9c03ba2b2, Nodes: b0971eea-134b-46df-abd0-1018d0776f3a(fv-az804-457.cvtsq3ctpw5ehehiek0yp1ke0c.cx.internal.cloudapp.net/10.1.0.20), ReplicationConfig: RATIS/ONE, State:ALLOCATED, leaderId:b0971eea-134b-46df-abd0-1018d0776f3a, CreationTimestamp2023-05-04T20:13:55.876Z[Etc/UTC]] moved to OPEN state
2023-05-04 20:13:58,949 [EventQueue-OpenPipelineForHealthyPipelineSafeModeRule] INFO  safemode.SCMSafeModeManager (HealthyPipelineSafeModeRule.java:process(137)) - SCM in safe mode. Healthy pipelines reported count is 0, required healthy pipeline reported count is 1
2023-05-04 20:13:58,949 [pool-123-thread-1] INFO  server.RaftServerConfigKeys (ConfUtils.java:logGet(46)) - raft.server.log.write.buffer.size = 1048576 (custom)
2023-05-04 20:13:58,950 [pool-123-thread-1] INFO  server.RaftServerConfigKeys (ConfUtils.java:logGet(46)) - raft.server.log.appender.buffer.byte-limit = 33554432 (custom)
2023-05-04 20:13:58,956 [Command processor thread] INFO  commandhandler.CreatePipelineCommandHandler (CreatePipelineCommandHandler.java:handle(113)) - Created Pipeline RATIS THREE PipelineID=9898e671-3a8e-4fcd-a845-a5343225ba2e.
2023-05-04 20:13:58,957 [Command processor thread] INFO  server.RaftServer (RaftServerProxy.java:addNew(96)) - 6a8dabd4-d9aa-4d69-8f5d-1f403dba9ac7: addNew group-4CBA959A46DC:[6a8dabd4-d9aa-4d69-8f5d-1f403dba9ac7|rpc:10.1.0.20:33893|dataStream:10.1.0.20:42975|priority:1|startupRole:FOLLOWER, b0971eea-134b-46df-abd0-1018d0776f3a|rpc:10.1.0.20:45025|dataStream:10.1.0.20:37217|priority:0|startupRole:FOLLOWER, b957fc71-c761-4d97-9df6-bc970b063b54|rpc:10.1.0.20:38747|dataStream:10.1.0.20:39175|priority:0|startupRole:FOLLOWER] returns group-4CBA959A46DC:java.util.concurrent.CompletableFuture@175bd4b0[Not completed]
2023-05-04 20:13:58,958 [pool-79-thread-1] INFO  server.RaftServer$Division (RaftServerImpl.java:<init>(195)) - 6a8dabd4-d9aa-4d69-8f5d-1f403dba9ac7: new RaftServerImpl for group-4CBA959A46DC:[6a8dabd4-d9aa-4d69-8f5d-1f403dba9ac7|rpc:10.1.0.20:33893|dataStream:10.1.0.20:42975|priority:1|startupRole:FOLLOWER, b0971eea-134b-46df-abd0-1018d0776f3a|rpc:10.1.0.20:45025|dataStream:10.1.0.20:37217|priority:0|startupRole:FOLLOWER, b957fc71-c761-4d97-9df6-bc970b063b54|rpc:10.1.0.20:38747|dataStream:10.1.0.20:39175|priority:0|startupRole:FOLLOWER] with ContainerStateMachine:uninitialized
2023-05-04 20:13:58,958 [pool-79-thread-1] INFO  server.RaftServerConfigKeys (ConfUtils.java:logGet(46)) - raft.server.rpc.timeout.min = 5s (custom)
2023-05-04 20:13:58,958 [pool-79-thread-1] INFO  server.RaftServerConfigKeys (ConfUtils.java:logGet(46)) - raft.server.rpc.timeout.max = 5200ms (custom)
2023-05-04 20:13:58,958 [pool-79-thread-1] INFO  server.RaftServerConfigKeys (ConfUtils.java:logGet(46)) - raft.server.rpc.sleep.time = 25ms (default)
2023-05-04 20:13:58,958 [pool-79-thread-1] INFO  server.RaftServerConfigKeys (ConfUtils.java:logGet(46)) - raft.server.rpc.slowness.timeout = 300s (custom)
2023-05-04 20:13:58,958 [pool-79-thread-1] INFO  server.RaftServerConfigKeys (ConfUtils.java:logGet(46)) - raft.server.leaderelection.leader.step-down.wait-time = 10s (default)
2023-05-04 20:13:58,958 [pool-79-thread-1] INFO  server.RaftServerConfigKeys (ConfUtils.java:logGet(46)) - raft.server.sleep.deviation.threshold = 300ms (default)
2023-05-04 20:13:58,958 [pool-79-thread-1] INFO  server.RaftServer$Division (ServerState.java:<init>(118)) - 6a8dabd4-d9aa-4d69-8f5d-1f403dba9ac7@group-4CBA959A46DC: ConfigurationManager, init=-1: peers:[6a8dabd4-d9aa-4d69-8f5d-1f403dba9ac7|rpc:10.1.0.20:33893|dataStream:10.1.0.20:42975|priority:1|startupRole:FOLLOWER, b0971eea-134b-46df-abd0-1018d0776f3a|rpc:10.1.0.20:45025|dataStream:10.1.0.20:37217|priority:0|startupRole:FOLLOWER, b957fc71-c761-4d97-9df6-bc970b063b54|rpc:10.1.0.20:38747|dataStream:10.1.0.20:39175|priority:0|startupRole:FOLLOWER]|listeners:[], old=null, confs=<EMPTY_MAP>
2023-05-04 20:13:58,958 [pool-79-thread-1] INFO  server.RaftServerConfigKeys (ConfUtils.java:logGet(46)) - raft.server.storage.dir = [/home/runner/work/ozone/ozone/hadoop-ozone/integration-test/target/test-dir/MiniOzoneClusterImpl-3ff5bc89-9620-4d46-84f6-68e3c2a3a822/datanode-0/data/ratis] (custom)
2023-05-04 20:13:58,958 [pool-79-thread-1] INFO  server.RaftServerConfigKeys (ConfUtils.java:logGet(46)) - raft.server.log.corruption.policy = EXCEPTION (default)
2023-05-04 20:13:58,958 [pool-79-thread-1] INFO  server.RaftServerConfigKeys (ConfUtils.java:logGet(46)) - raft.server.storage.free-space.min = 0MB (=0) (default)
2023-05-04 20:13:58,958 [pool-79-thread-1] INFO  server.RaftServerConfigKeys (ConfUtils.java:logGet(46)) - raft.server.notification.no-leader.timeout = 300s (custom)
2023-05-04 20:13:58,958 [pool-79-thread-1] INFO  server.RaftServerConfigKeys (ConfUtils.java:logGet(46)) - raft.server.retrycache.expirytime = 600000ms (custom)
2023-05-04 20:13:58,958 [pool-79-thread-1] INFO  server.RaftServerConfigKeys (ConfUtils.java:logGet(46)) - raft.server.retrycache.statistics.expirytime = 100μs (default)
2023-05-04 20:13:58,960 [pool-79-thread-1] INFO  server.RaftServerConfigKeys (ConfUtils.java:logGet(46)) - raft.server.log.appender.install.snapshot.enabled = false (custom)
2023-05-04 20:13:58,960 [pool-79-thread-1] INFO  server.RaftServerConfigKeys (ConfUtils.java:logGet(46)) - raft.server.threadpool.server.cached = true (default)
2023-05-04 20:13:58,960 [pool-79-thread-1] INFO  server.RaftServerConfigKeys (ConfUtils.java:logGet(46)) - raft.server.threadpool.server.size = 0 (default)
2023-05-04 20:13:58,960 [pool-79-thread-1] INFO  server.RaftServerConfigKeys (ConfUtils.java:logGet(46)) - raft.server.threadpool.client.cached = true (default)
2023-05-04 20:13:58,960 [pool-79-thread-1] INFO  server.RaftServerConfigKeys (ConfUtils.java:logGet(46)) - raft.server.threadpool.client.size = 0 (default)
2023-05-04 20:13:58,960 [pool-79-thread-1] INFO  storage.RaftStorageDirectory (RaftStorageDirectoryImpl.java:analyzeStorage(137)) - The storage directory /home/runner/work/ozone/ozone/hadoop-ozone/integration-test/target/test-dir/MiniOzoneClusterImpl-3ff5bc89-9620-4d46-84f6-68e3c2a3a822/datanode-0/data/ratis/c3c53669-7552-4c7b-9911-4cba959a46dc does not exist. Creating ...
2023-05-04 20:13:58,961 [pool-79-thread-1] INFO  storage.RaftStorageDirectory (RaftStorageDirectoryImpl.java:tryLock(231)) - Lock on /home/runner/work/ozone/ozone/hadoop-ozone/integration-test/target/test-dir/MiniOzoneClusterImpl-3ff5bc89-9620-4d46-84f6-68e3c2a3a822/datanode-0/data/ratis/c3c53669-7552-4c7b-9911-4cba959a46dc/in_use.lock acquired by nodename 25037@fv-az804-457
2023-05-04 20:13:58,961 [pool-123-thread-1] INFO  server.RaftServerConfigKeys (ConfUtils.java:logGet(46)) - raft.server.log.unsafe-flush.enabled = false (default)
2023-05-04 20:13:58,962 [pool-123-thread-1] INFO  server.RaftServerConfigKeys (ConfUtils.java:logGet(46)) - raft.server.log.async-flush.enabled = false (default)
2023-05-04 20:13:58,962 [pool-123-thread-1] INFO  server.RaftServerConfigKeys (ConfUtils.java:logGet(46)) - raft.server.log.statemachine.data.caching.enabled = true (custom)
2023-05-04 20:13:58,962 [pool-123-thread-1] INFO  segmented.SegmentedRaftLogWorker (SegmentedRaftLogWorker.java:lambda$new$0(135)) - b0971eea-134b-46df-abd0-1018d0776f3a@group-4CBA959A46DC-SegmentedRaftLogWorker: flushIndex: setUnconditionally 0 -> -1
2023-05-04 20:13:58,963 [pool-123-thread-1] INFO  segmented.SegmentedRaftLogWorker (SegmentedRaftLogWorker.java:lambda$new$0(135)) - b0971eea-134b-46df-abd0-1018d0776f3a@group-4CBA959A46DC-SegmentedRaftLogWorker: safeCacheEvictIndex: setUnconditionally 0 -> -1
2023-05-04 20:13:58,963 [pool-123-thread-1] INFO  server.RaftServer$Division (RaftServerImpl.java:start(334)) - b0971eea-134b-46df-abd0-1018d0776f3a@group-4CBA959A46DC: start as a follower, conf=-1: peers:[6a8dabd4-d9aa-4d69-8f5d-1f403dba9ac7|rpc:10.1.0.20:33893|dataStream:10.1.0.20:42975|priority:1|startupRole:FOLLOWER, b0971eea-134b-46df-abd0-1018d0776f3a|rpc:10.1.0.20:45025|dataStream:10.1.0.20:37217|priority:0|startupRole:FOLLOWER, b957fc71-c761-4d97-9df6-bc970b063b54|rpc:10.1.0.20:38747|dataStream:10.1.0.20:39175|priority:0|startupRole:FOLLOWER]|listeners:[], old=null
2023-05-04 20:13:58,963 [pool-123-thread-1] INFO  server.RaftServer$Division (RaftServerImpl.java:setRole(321)) - b0971eea-134b-46df-abd0-1018d0776f3a@group-4CBA959A46DC: changes role from      null to FOLLOWER at term 0 for startAsFollower
2023-05-04 20:13:58,963 [pool-123-thread-1] INFO  impl.RoleInfo (RoleInfo.java:updateAndGet(139)) - b0971eea-134b-46df-abd0-1018d0776f3a: start b0971eea-134b-46df-abd0-1018d0776f3a@group-4CBA959A46DC-FollowerState
2023-05-04 20:13:58,963 [pool-123-thread-1] INFO  util.JmxRegister (JmxRegister.java:tryRegister(44)) - Successfully registered JMX Bean with object name Ratis:service=RaftServer,group=group-4CBA959A46DC,id=b0971eea-134b-46df-abd0-1018d0776f3a
2023-05-04 20:13:58,963 [pool-123-thread-1] INFO  server.RaftServerConfigKeys (ConfUtils.java:logGet(46)) - raft.server.snapshot.auto.trigger.enabled = true (custom)
2023-05-04 20:13:58,963 [pool-123-thread-1] INFO  server.RaftServerConfigKeys (ConfUtils.java:logGet(46)) - raft.server.snapshot.auto.trigger.threshold = 10000 (custom)
2023-05-04 20:13:58,963 [pool-123-thread-1] INFO  server.RaftServerConfigKeys (ConfUtils.java:logGet(46)) - raft.server.snapshot.retention.file.num = 5 (custom)
2023-05-04 20:13:58,964 [pool-123-thread-1] INFO  server.RaftServerConfigKeys (ConfUtils.java:logGet(46)) - raft.server.log.purge.upto.snapshot.index = false (default)
2023-05-04 20:13:58,964 [pool-79-thread-1] INFO  storage.RaftStorage (RaftStorageImpl.java:format(96)) - Storage directory /home/runner/work/ozone/ozone/hadoop-ozone/integration-test/target/test-dir/MiniOzoneClusterImpl-3ff5bc89-9620-4d46-84f6-68e3c2a3a822/datanode-0/data/ratis/c3c53669-7552-4c7b-9911-4cba959a46dc has been successfully formatted.
2023-05-04 20:13:58,967 [pool-123-thread-1] INFO  server.RaftServer$Division (RaftServerImpl.java:<init>(195)) - b0971eea-134b-46df-abd0-1018d0776f3a: new RaftServerImpl for group-B9E9C03BA2B2:[b0971eea-134b-46df-abd0-1018d0776f3a|rpc:10.1.0.20:45025|dataStream:10.1.0.20:37217|priority:1|startupRole:FOLLOWER] with ContainerStateMachine:uninitialized
2023-05-04 20:13:58,967 [pool-123-thread-1] INFO  server.RaftServerConfigKeys (ConfUtils.java:logGet(46)) - raft.server.rpc.timeout.min = 5s (custom)
2023-05-04 20:13:58,967 [pool-123-thread-1] INFO  server.RaftServerConfigKeys (ConfUtils.java:logGet(46)) - raft.server.rpc.timeout.max = 5200ms (custom)
2023-05-04 20:13:58,967 [pool-123-thread-1] INFO  server.RaftServerConfigKeys (ConfUtils.java:logGet(46)) - raft.server.rpc.sleep.time = 25ms (default)
2023-05-04 20:13:58,967 [pool-123-thread-1] INFO  server.RaftServerConfigKeys (ConfUtils.java:logGet(46)) - raft.server.rpc.slowness.timeout = 300s (custom)
2023-05-04 20:13:58,968 [pool-123-thread-1] INFO  server.RaftServerConfigKeys (ConfUtils.java:logGet(46)) - raft.server.leaderelection.leader.step-down.wait-time = 10s (default)
2023-05-04 20:13:58,968 [pool-123-thread-1] INFO  server.RaftServerConfigKeys (ConfUtils.java:logGet(46)) - raft.server.sleep.deviation.threshold = 300ms (default)
2023-05-04 20:13:58,968 [pool-123-thread-1] INFO  server.RaftServer$Division (ServerState.java:<init>(118)) - b0971eea-134b-46df-abd0-1018d0776f3a@group-B9E9C03BA2B2: ConfigurationManager, init=-1: peers:[b0971eea-134b-46df-abd0-1018d0776f3a|rpc:10.1.0.20:45025|dataStream:10.1.0.20:37217|priority:1|startupRole:FOLLOWER]|listeners:[], old=null, confs=<EMPTY_MAP>
2023-05-04 20:13:58,968 [pool-123-thread-1] INFO  server.RaftServerConfigKeys (ConfUtils.java:logGet(46)) - raft.server.storage.dir = [/home/runner/work/ozone/ozone/hadoop-ozone/integration-test/target/test-dir/MiniOzoneClusterImpl-3ff5bc89-9620-4d46-84f6-68e3c2a3a822/datanode-2/data/ratis] (custom)
2023-05-04 20:13:58,968 [pool-79-thread-1] INFO  ratis.ContainerStateMachine (ContainerStateMachine.java:loadSnapshot(262)) - group-4CBA959A46DC: The snapshot info is null. Setting the last applied indexto:(t:0, i:~)
2023-05-04 20:13:58,968 [pool-79-thread-1] INFO  server.RaftServerConfigKeys (ConfUtils.java:logGet(46)) - raft.server.log.use.memory = false (default)
2023-05-04 20:13:58,968 [b0971eea-134b-46df-abd0-1018d0776f3a@group-4CBA959A46DC-FollowerState] INFO  server.RaftServerConfigKeys (ConfUtils.java:logFallback(53)) - raft.server.rpc.first-election.timeout.min = 5s (fallback to raft.server.rpc.timeout.min)
2023-05-04 20:13:58,968 [b0971eea-134b-46df-abd0-1018d0776f3a@group-4CBA959A46DC-FollowerState] INFO  server.RaftServerConfigKeys (ConfUtils.java:logFallback(53)) - raft.server.rpc.first-election.timeout.max = 5200ms (fallback to raft.server.rpc.timeout.max)
2023-05-04 20:13:58,968 [pool-123-thread-1] INFO  server.RaftServerConfigKeys (ConfUtils.java:logGet(46)) - raft.server.log.corruption.policy = EXCEPTION (default)
2023-05-04 20:13:58,968 [pool-79-thread-1] INFO  server.RaftServerConfigKeys (ConfUtils.java:logGet(46)) - raft.server.log.purge.gap = 1000000 (custom)
2023-05-04 20:13:58,969 [pool-79-thread-1] INFO  server.RaftServerConfigKeys (ConfUtils.java:logGet(46)) - raft.server.log.appender.buffer.byte-limit = 33554432 (custom)
2023-05-04 20:13:58,969 [pool-79-thread-1] INFO  server.RaftServerConfigKeys (ConfUtils.java:logGet(46)) - raft.server.log.statemachine.data.read.timeout = 1000ms (default)
2023-05-04 20:13:58,969 [pool-79-thread-1] INFO  server.RaftServerConfigKeys (ConfUtils.java:logGet(46)) - raft.server.log.purge.preservation.log.num = 0 (default)
2023-05-04 20:13:58,969 [pool-79-thread-1] INFO  server.RaftServerConfigKeys (ConfUtils.java:logGet(46)) - raft.server.log.segment.size.max = 1048576 (custom)
2023-05-04 20:13:58,970 [pool-79-thread-1] INFO  server.RaftServerConfigKeys (ConfUtils.java:logGet(46)) - raft.server.log.segment.cache.num.max = 2 (custom)
2023-05-04 20:13:58,970 [pool-79-thread-1] INFO  server.RaftServerConfigKeys (ConfUtils.java:logGet(46)) - raft.server.log.segment.cache.size.max = 200MB (=209715200) (default)
2023-05-04 20:13:58,970 [pool-79-thread-1] INFO  segmented.SegmentedRaftLogWorker (SegmentedRaftLogWorker.java:<init>(189)) - new 6a8dabd4-d9aa-4d69-8f5d-1f403dba9ac7@group-4CBA959A46DC-SegmentedRaftLogWorker for RaftStorageImpl:Storage Directory /home/runner/work/ozone/ozone/hadoop-ozone/integration-test/target/test-dir/MiniOzoneClusterImpl-3ff5bc89-9620-4d46-84f6-68e3c2a3a822/datanode-0/data/ratis/c3c53669-7552-4c7b-9911-4cba959a46dc
2023-05-04 20:13:58,970 [pool-79-thread-1] INFO  server.RaftServerConfigKeys (ConfUtils.java:logGet(46)) - raft.server.log.queue.byte-limit = 4294967296 (custom)
2023-05-04 20:13:58,970 [pool-79-thread-1] INFO  server.RaftServerConfigKeys (ConfUtils.java:logGet(46)) - raft.server.log.queue.element-limit = 1024 (custom)
2023-05-04 20:13:58,970 [pool-79-thread-1] INFO  server.RaftServerConfigKeys (ConfUtils.java:logGet(46)) - raft.server.log.segment.size.max = 1048576 (custom)
2023-05-04 20:13:58,970 [pool-79-thread-1] INFO  server.RaftServerConfigKeys (ConfUtils.java:logGet(46)) - raft.server.log.preallocated.size = 16384 (custom)
2023-05-04 20:13:58,970 [pool-79-thread-1] INFO  server.RaftServerConfigKeys (ConfUtils.java:logGet(46)) - raft.server.log.force.sync.num = 128 (default)
2023-05-04 20:13:58,970 [pool-79-thread-1] INFO  server.RaftServerConfigKeys (ConfUtils.java:logGet(46)) - raft.server.log.statemachine.data.sync = true (default)
2023-05-04 20:13:58,970 [pool-79-thread-1] INFO  server.RaftServerConfigKeys (ConfUtils.java:logGet(46)) - raft.server.log.statemachine.data.sync.timeout = 10s (default)
2023-05-04 20:13:58,970 [pool-79-thread-1] INFO  server.RaftServerConfigKeys (ConfUtils.java:logGet(46)) - raft.server.log.statemachine.data.sync.timeout.retry = -1 (default)
2023-05-04 20:13:58,971 [pool-79-thread-1] INFO  server.RaftServerConfigKeys (ConfUtils.java:logGet(46)) - raft.server.log.write.buffer.size = 1048576 (custom)
2023-05-04 20:13:58,972 [pool-79-thread-1] INFO  server.RaftServerConfigKeys (ConfUtils.java:logGet(46)) - raft.server.log.appender.buffer.byte-limit = 33554432 (custom)
2023-05-04 20:13:58,974 [pool-123-thread-1] INFO  server.RaftServerConfigKeys (ConfUtils.java:logGet(46)) - raft.server.storage.free-space.min = 0MB (=0) (default)
2023-05-04 20:13:58,974 [pool-123-thread-1] INFO  server.RaftServerConfigKeys (ConfUtils.java:logGet(46)) - raft.server.notification.no-leader.timeout = 300s (custom)
2023-05-04 20:13:58,974 [pool-123-thread-1] INFO  server.RaftServerConfigKeys (ConfUtils.java:logGet(46)) - raft.server.retrycache.expirytime = 600000ms (custom)
2023-05-04 20:13:58,974 [pool-123-thread-1] INFO  server.RaftServerConfigKeys (ConfUtils.java:logGet(46)) - raft.server.retrycache.statistics.expirytime = 100μs (default)
2023-05-04 20:13:58,976 [pool-123-thread-1] INFO  server.RaftServerConfigKeys (ConfUtils.java:logGet(46)) - raft.server.log.appender.install.snapshot.enabled = false (custom)
2023-05-04 20:13:58,976 [pool-123-thread-1] INFO  server.RaftServerConfigKeys (ConfUtils.java:logGet(46)) - raft.server.threadpool.server.cached = true (default)
2023-05-04 20:13:58,976 [pool-123-thread-1] INFO  server.RaftServerConfigKeys (ConfUtils.java:logGet(46)) - raft.server.threadpool.server.size = 0 (default)
2023-05-04 20:13:58,976 [pool-123-thread-1] INFO  server.RaftServerConfigKeys (ConfUtils.java:logGet(46)) - raft.server.threadpool.client.cached = true (default)
2023-05-04 20:13:58,976 [pool-123-thread-1] INFO  server.RaftServerConfigKeys (ConfUtils.java:logGet(46)) - raft.server.threadpool.client.size = 0 (default)
2023-05-04 20:13:58,976 [pool-123-thread-1] INFO  storage.RaftStorageDirectory (RaftStorageDirectoryImpl.java:analyzeStorage(137)) - The storage directory /home/runner/work/ozone/ozone/hadoop-ozone/integration-test/target/test-dir/MiniOzoneClusterImpl-3ff5bc89-9620-4d46-84f6-68e3c2a3a822/datanode-2/data/ratis/37e8137a-4607-4a1f-87cb-b9e9c03ba2b2 does not exist. Creating ...
2023-05-04 20:13:58,985 [pool-79-thread-1] INFO  server.RaftServerConfigKeys (ConfUtils.java:logGet(46)) - raft.server.log.unsafe-flush.enabled = false (default)
2023-05-04 20:13:58,990 [pool-79-thread-1] INFO  server.RaftServerConfigKeys (ConfUtils.java:logGet(46)) - raft.server.log.async-flush.enabled = false (default)
2023-05-04 20:13:58,990 [pool-79-thread-1] INFO  server.RaftServerConfigKeys (ConfUtils.java:logGet(46)) - raft.server.log.statemachine.data.caching.enabled = true (custom)
2023-05-04 20:13:58,991 [pool-79-thread-1] INFO  segmented.SegmentedRaftLogWorker (SegmentedRaftLogWorker.java:lambda$new$0(135)) - 6a8dabd4-d9aa-4d69-8f5d-1f403dba9ac7@group-4CBA959A46DC-SegmentedRaftLogWorker: flushIndex: setUnconditionally 0 -> -1
2023-05-04 20:13:58,991 [pool-79-thread-1] INFO  segmented.SegmentedRaftLogWorker (SegmentedRaftLogWorker.java:lambda$new$0(135)) - 6a8dabd4-d9aa-4d69-8f5d-1f403dba9ac7@group-4CBA959A46DC-SegmentedRaftLogWorker: safeCacheEvictIndex: setUnconditionally 0 -> -1
2023-05-04 20:13:58,988 [EventQueue-OpenPipelineForHealthyPipelineSafeModeRule] INFO  safemode.SCMSafeModeManager (HealthyPipelineSafeModeRule.java:process(137)) - SCM in safe mode. Healthy pipelines reported count is 0, required healthy pipeline reported count is 1
2023-05-04 20:13:58,985 [pool-123-thread-1] INFO  storage.RaftStorageDirectory (RaftStorageDirectoryImpl.java:tryLock(231)) - Lock on /home/runner/work/ozone/ozone/hadoop-ozone/integration-test/target/test-dir/MiniOzoneClusterImpl-3ff5bc89-9620-4d46-84f6-68e3c2a3a822/datanode-2/data/ratis/37e8137a-4607-4a1f-87cb-b9e9c03ba2b2/in_use.lock acquired by nodename 25037@fv-az804-457
2023-05-04 20:13:58,993 [pool-123-thread-1] INFO  storage.RaftStorage (RaftStorageImpl.java:format(96)) - Storage directory /home/runner/work/ozone/ozone/hadoop-ozone/integration-test/target/test-dir/MiniOzoneClusterImpl-3ff5bc89-9620-4d46-84f6-68e3c2a3a822/datanode-2/data/ratis/37e8137a-4607-4a1f-87cb-b9e9c03ba2b2 has been successfully formatted.
2023-05-04 20:13:58,994 [pool-79-thread-1] INFO  server.RaftServer$Division (RaftServerImpl.java:start(334)) - 6a8dabd4-d9aa-4d69-8f5d-1f403dba9ac7@group-4CBA959A46DC: start as a follower, conf=-1: peers:[6a8dabd4-d9aa-4d69-8f5d-1f403dba9ac7|rpc:10.1.0.20:33893|dataStream:10.1.0.20:42975|priority:1|startupRole:FOLLOWER, b0971eea-134b-46df-abd0-1018d0776f3a|rpc:10.1.0.20:45025|dataStream:10.1.0.20:37217|priority:0|startupRole:FOLLOWER, b957fc71-c761-4d97-9df6-bc970b063b54|rpc:10.1.0.20:38747|dataStream:10.1.0.20:39175|priority:0|startupRole:FOLLOWER]|listeners:[], old=null
2023-05-04 20:13:58,994 [pool-79-thread-1] INFO  server.RaftServer$Division (RaftServerImpl.java:setRole(321)) - 6a8dabd4-d9aa-4d69-8f5d-1f403dba9ac7@group-4CBA959A46DC: changes role from      null to FOLLOWER at term 0 for startAsFollower
2023-05-04 20:13:58,994 [pool-79-thread-1] INFO  impl.RoleInfo (RoleInfo.java:updateAndGet(139)) - 6a8dabd4-d9aa-4d69-8f5d-1f403dba9ac7: start 6a8dabd4-d9aa-4d69-8f5d-1f403dba9ac7@group-4CBA959A46DC-FollowerState
2023-05-04 20:13:58,995 [pool-123-thread-1] INFO  ratis.ContainerStateMachine (ContainerStateMachine.java:loadSnapshot(262)) - group-B9E9C03BA2B2: The snapshot info is null. Setting the last applied indexto:(t:0, i:~)
2023-05-04 20:13:59,003 [pool-123-thread-1] INFO  server.RaftServerConfigKeys (ConfUtils.java:logGet(46)) - raft.server.log.use.memory = false (default)
2023-05-04 20:13:59,003 [pool-123-thread-1] INFO  server.RaftServerConfigKeys (ConfUtils.java:logGet(46)) - raft.server.log.purge.gap = 1000000 (custom)
2023-05-04 20:13:59,003 [pool-123-thread-1] INFO  server.RaftServerConfigKeys (ConfUtils.java:logGet(46)) - raft.server.log.appender.buffer.byte-limit = 33554432 (custom)
2023-05-04 20:13:59,003 [pool-123-thread-1] INFO  server.RaftServerConfigKeys (ConfUtils.java:logGet(46)) - raft.server.log.statemachine.data.read.timeout = 1000ms (default)
2023-05-04 20:13:59,003 [pool-123-thread-1] INFO  server.RaftServerConfigKeys (ConfUtils.java:logGet(46)) - raft.server.log.purge.preservation.log.num = 0 (default)
2023-05-04 20:13:59,003 [pool-123-thread-1] INFO  server.RaftServerConfigKeys (ConfUtils.java:logGet(46)) - raft.server.log.segment.size.max = 1048576 (custom)
2023-05-04 20:13:58,999 [6a8dabd4-d9aa-4d69-8f5d-1f403dba9ac7@group-4CBA959A46DC-FollowerState] INFO  server.RaftServerConfigKeys (ConfUtils.java:logFallback(53)) - raft.server.rpc.first-election.timeout.min = 5s (fallback to raft.server.rpc.timeout.min)
2023-05-04 20:13:58,995 [pool-79-thread-1] INFO  util.JmxRegister (JmxRegister.java:tryRegister(44)) - Successfully registered JMX Bean with object name Ratis:service=RaftServer,group=group-4CBA959A46DC,id=6a8dabd4-d9aa-4d69-8f5d-1f403dba9ac7
2023-05-04 20:13:59,004 [6a8dabd4-d9aa-4d69-8f5d-1f403dba9ac7@group-4CBA959A46DC-FollowerState] INFO  server.RaftServerConfigKeys (ConfUtils.java:logFallback(53)) - raft.server.rpc.first-election.timeout.max = 5200ms (fallback to raft.server.rpc.timeout.max)
2023-05-04 20:13:59,005 [EventQueue-OpenPipelineForHealthyPipelineSafeModeRule] INFO  safemode.SCMSafeModeManager (HealthyPipelineSafeModeRule.java:process(137)) - SCM in safe mode. Healthy pipelines reported count is 0, required healthy pipeline reported count is 1
2023-05-04 20:13:59,004 [pool-79-thread-1] INFO  server.RaftServerConfigKeys (ConfUtils.java:logGet(46)) - raft.server.snapshot.auto.trigger.enabled = true (custom)
2023-05-04 20:13:59,005 [pool-79-thread-1] INFO  server.RaftServerConfigKeys (ConfUtils.java:logGet(46)) - raft.server.snapshot.auto.trigger.threshold = 10000 (custom)
2023-05-04 20:13:59,005 [pool-79-thread-1] INFO  server.RaftServerConfigKeys (ConfUtils.java:logGet(46)) - raft.server.snapshot.retention.file.num = 5 (custom)
2023-05-04 20:13:59,005 [pool-79-thread-1] INFO  server.RaftServerConfigKeys (ConfUtils.java:logGet(46)) - raft.server.log.purge.upto.snapshot.index = false (default)
2023-05-04 20:13:59,006 [pool-123-thread-1] INFO  server.RaftServerConfigKeys (ConfUtils.java:logGet(46)) - raft.server.log.segment.cache.num.max = 2 (custom)
2023-05-04 20:13:59,006 [pool-123-thread-1] INFO  server.RaftServerConfigKeys (ConfUtils.java:logGet(46)) - raft.server.log.segment.cache.size.max = 200MB (=209715200) (default)
2023-05-04 20:13:59,006 [pool-123-thread-1] INFO  segmented.SegmentedRaftLogWorker (SegmentedRaftLogWorker.java:<init>(189)) - new b0971eea-134b-46df-abd0-1018d0776f3a@group-B9E9C03BA2B2-SegmentedRaftLogWorker for RaftStorageImpl:Storage Directory /home/runner/work/ozone/ozone/hadoop-ozone/integration-test/target/test-dir/MiniOzoneClusterImpl-3ff5bc89-9620-4d46-84f6-68e3c2a3a822/datanode-2/data/ratis/37e8137a-4607-4a1f-87cb-b9e9c03ba2b2
2023-05-04 20:13:59,006 [pool-123-thread-1] INFO  server.RaftServerConfigKeys (ConfUtils.java:logGet(46)) - raft.server.log.queue.byte-limit = 4294967296 (custom)
2023-05-04 20:13:59,006 [pool-123-thread-1] INFO  server.RaftServerConfigKeys (ConfUtils.java:logGet(46)) - raft.server.log.queue.element-limit = 1024 (custom)
2023-05-04 20:13:59,006 [pool-123-thread-1] INFO  server.RaftServerConfigKeys (ConfUtils.java:logGet(46)) - raft.server.log.segment.size.max = 1048576 (custom)
2023-05-04 20:13:59,006 [pool-123-thread-1] INFO  server.RaftServerConfigKeys (ConfUtils.java:logGet(46)) - raft.server.log.preallocated.size = 16384 (custom)
2023-05-04 20:13:59,006 [pool-123-thread-1] INFO  server.RaftServerConfigKeys (ConfUtils.java:logGet(46)) - raft.server.log.force.sync.num = 128 (default)
2023-05-04 20:13:59,006 [pool-123-thread-1] INFO  server.RaftServerConfigKeys (ConfUtils.java:logGet(46)) - raft.server.log.statemachine.data.sync = true (default)
2023-05-04 20:13:59,006 [pool-123-thread-1] INFO  server.RaftServerConfigKeys (ConfUtils.java:logGet(46)) - raft.server.log.statemachine.data.sync.timeout = 10s (default)
2023-05-04 20:13:59,006 [pool-123-thread-1] INFO  server.RaftServerConfigKeys (ConfUtils.java:logGet(46)) - raft.server.log.statemachine.data.sync.timeout.retry = -1 (default)
2023-05-04 20:13:59,008 [pool-123-thread-1] INFO  server.RaftServerConfigKeys (ConfUtils.java:logGet(46)) - raft.server.log.write.buffer.size = 1048576 (custom)
2023-05-04 20:13:59,009 [pool-123-thread-1] INFO  server.RaftServerConfigKeys (ConfUtils.java:logGet(46)) - raft.server.log.appender.buffer.byte-limit = 33554432 (custom)
2023-05-04 20:13:59,019 [Command processor thread] INFO  ratis.XceiverServerRatis (XceiverServerRatis.java:addGroup(806)) - Created group PipelineID=c3c53669-7552-4c7b-9911-4cba959a46dc
2023-05-04 20:13:59,030 [pool-123-thread-1] INFO  server.RaftServerConfigKeys (ConfUtils.java:logGet(46)) - raft.server.log.unsafe-flush.enabled = false (default)
2023-05-04 20:13:59,030 [pool-123-thread-1] INFO  server.RaftServerConfigKeys (ConfUtils.java:logGet(46)) - raft.server.log.async-flush.enabled = false (default)
2023-05-04 20:13:59,030 [pool-123-thread-1] INFO  server.RaftServerConfigKeys (ConfUtils.java:logGet(46)) - raft.server.log.statemachine.data.caching.enabled = true (custom)
2023-05-04 20:13:59,030 [pool-123-thread-1] INFO  segmented.SegmentedRaftLogWorker (SegmentedRaftLogWorker.java:lambda$new$0(135)) - b0971eea-134b-46df-abd0-1018d0776f3a@group-B9E9C03BA2B2-SegmentedRaftLogWorker: flushIndex: setUnconditionally 0 -> -1
2023-05-04 20:13:59,030 [pool-123-thread-1] INFO  segmented.SegmentedRaftLogWorker (SegmentedRaftLogWorker.java:lambda$new$0(135)) - b0971eea-134b-46df-abd0-1018d0776f3a@group-B9E9C03BA2B2-SegmentedRaftLogWorker: safeCacheEvictIndex: setUnconditionally 0 -> -1
2023-05-04 20:13:59,039 [pool-123-thread-1] INFO  server.RaftServer$Division (RaftServerImpl.java:start(334)) - b0971eea-134b-46df-abd0-1018d0776f3a@group-B9E9C03BA2B2: start as a follower, conf=-1: peers:[b0971eea-134b-46df-abd0-1018d0776f3a|rpc:10.1.0.20:45025|dataStream:10.1.0.20:37217|priority:1|startupRole:FOLLOWER]|listeners:[], old=null
2023-05-04 20:13:59,039 [pool-123-thread-1] INFO  server.RaftServer$Division (RaftServerImpl.java:setRole(321)) - b0971eea-134b-46df-abd0-1018d0776f3a@group-B9E9C03BA2B2: changes role from      null to FOLLOWER at term 0 for startAsFollower
2023-05-04 20:13:59,039 [pool-123-thread-1] INFO  impl.RoleInfo (RoleInfo.java:updateAndGet(139)) - b0971eea-134b-46df-abd0-1018d0776f3a: start b0971eea-134b-46df-abd0-1018d0776f3a@group-B9E9C03BA2B2-FollowerState
2023-05-04 20:13:59,039 [pool-123-thread-1] INFO  util.JmxRegister (JmxRegister.java:tryRegister(44)) - Successfully registered JMX Bean with object name Ratis:service=RaftServer,group=group-B9E9C03BA2B2,id=b0971eea-134b-46df-abd0-1018d0776f3a
2023-05-04 20:13:59,040 [pool-123-thread-1] INFO  server.RaftServerConfigKeys (ConfUtils.java:logGet(46)) - raft.server.snapshot.auto.trigger.enabled = true (custom)
2023-05-04 20:13:59,040 [pool-123-thread-1] INFO  server.RaftServerConfigKeys (ConfUtils.java:logGet(46)) - raft.server.snapshot.auto.trigger.threshold = 10000 (custom)
2023-05-04 20:13:59,040 [pool-123-thread-1] INFO  server.RaftServerConfigKeys (ConfUtils.java:logGet(46)) - raft.server.snapshot.retention.file.num = 5 (custom)
2023-05-04 20:13:59,040 [pool-123-thread-1] INFO  server.RaftServerConfigKeys (ConfUtils.java:logGet(46)) - raft.server.log.purge.upto.snapshot.index = false (default)
2023-05-04 20:13:59,040 [b0971eea-134b-46df-abd0-1018d0776f3a@group-B9E9C03BA2B2-FollowerState] INFO  server.RaftServerConfigKeys (ConfUtils.java:logFallback(53)) - raft.server.rpc.first-election.timeout.min = 5s (fallback to raft.server.rpc.timeout.min)
2023-05-04 20:13:59,040 [Command processor thread] INFO  ratis.XceiverServerRatis (XceiverServerRatis.java:addGroup(806)) - Created group PipelineID=37e8137a-4607-4a1f-87cb-b9e9c03ba2b2
2023-05-04 20:13:59,041 [Command processor thread] INFO  commandhandler.CreatePipelineCommandHandler (CreatePipelineCommandHandler.java:handle(113)) - Created Pipeline RATIS ONE PipelineID=37e8137a-4607-4a1f-87cb-b9e9c03ba2b2.
2023-05-04 20:13:59,041 [b0971eea-134b-46df-abd0-1018d0776f3a@group-B9E9C03BA2B2-FollowerState] INFO  server.RaftServerConfigKeys (ConfUtils.java:logFallback(53)) - raft.server.rpc.first-election.timeout.max = 5200ms (fallback to raft.server.rpc.timeout.max)
2023-05-04 20:13:59,071 [IPC Server handler 17 on default port 40805] INFO  net.NetworkTopologyImpl (NetworkTopologyImpl.java:add(112)) - Added a new node: /default-rack/14e688c6-03f0-4578-94be-4c0bf8f01127
2023-05-04 20:13:59,072 [IPC Server handler 17 on default port 40805] INFO  node.SCMNodeManager (SCMNodeManager.java:register(407)) - Registered Data node : 14e688c6-03f0-4578-94be-4c0bf8f01127{ip: 10.1.0.20, host: fv-az804-457.cvtsq3ctpw5ehehiek0yp1ke0c.cx.internal.cloudapp.net, ports: [HTTP=41985, REPLICATION=32869, RATIS=44235, RATIS_ADMIN=44235, RATIS_SERVER=44235, RATIS_DATASTREAM=44165, STANDALONE=43175], networkLocation: /default-rack, certSerialId: null, persistedOpState: null, persistedOpStateExpiryEpochSec: 0}
2023-05-04 20:13:59,072 [EventQueue-NewNodeForNewNodeHandler] INFO  pipeline.BackgroundPipelineCreator (BackgroundPipelineCreator.java:notifyEventTriggered(276)) - trigger a one-shot run on RatisPipelineUtilsThread.
2023-05-04 20:13:59,072 [RatisPipelineUtilsThread - 0] INFO  pipeline.RatisPipelineProvider (RatisPipelineProvider.java:lambda$create$0(206)) - Sending CreatePipelineCommand for pipeline:PipelineID=e8137eb0-0128-41ec-aab9-e4e2a3213fa9 to datanode:14e688c6-03f0-4578-94be-4c0bf8f01127
2023-05-04 20:13:59,073 [RatisPipelineUtilsThread - 0] INFO  pipeline.PipelineStateManagerImpl (PipelineStateManagerImpl.java:addPipeline(103)) - Created pipeline Pipeline[ Id: e8137eb0-0128-41ec-aab9-e4e2a3213fa9, Nodes: 14e688c6-03f0-4578-94be-4c0bf8f01127(fv-az804-457.cvtsq3ctpw5ehehiek0yp1ke0c.cx.internal.cloudapp.net/10.1.0.20), ReplicationConfig: RATIS/ONE, State:ALLOCATED, leaderId:, CreationTimestamp2023-05-04T20:13:59.072Z[Etc/UTC]].
2023-05-04 20:13:59,074 [RatisPipelineUtilsThread - 0] WARN  pipeline.PipelinePlacementPolicy (PipelinePlacementPolicy.java:filterViableNodes(160)) - Pipeline creation failed due to no sufficient healthy datanodes. Required 3. Found 2. Excluded 9.
2023-05-04 20:13:59,079 [Command processor thread] INFO  commandhandler.CreatePipelineCommandHandler (CreatePipelineCommandHandler.java:handle(113)) - Created Pipeline RATIS THREE PipelineID=c3c53669-7552-4c7b-9911-4cba959a46dc.
2023-05-04 20:13:59,119 [Command processor thread] INFO  commandhandler.CreatePipelineCommandHandler (CreatePipelineCommandHandler.java:handle(113)) - Created Pipeline RATIS THREE PipelineID=c3c53669-7552-4c7b-9911-4cba959a46dc.
2023-05-04 20:13:59,272 [Command processor thread] INFO  server.RaftServer (RaftServerProxy.java:addNew(96)) - 0abf101a-d700-4355-93b1-7a942eb61d40: addNew group-B9F7460B8335:[0abf101a-d700-4355-93b1-7a942eb61d40|rpc:10.1.0.20:35421|dataStream:10.1.0.20:33171|priority:1|startupRole:FOLLOWER] returns group-B9F7460B8335:java.util.concurrent.CompletableFuture@171c6e46[Not completed]
2023-05-04 20:13:59,276 [pool-145-thread-1] INFO  server.RaftServer$Division (RaftServerImpl.java:<init>(195)) - 0abf101a-d700-4355-93b1-7a942eb61d40: new RaftServerImpl for group-B9F7460B8335:[0abf101a-d700-4355-93b1-7a942eb61d40|rpc:10.1.0.20:35421|dataStream:10.1.0.20:33171|priority:1|startupRole:FOLLOWER] with ContainerStateMachine:uninitialized
2023-05-04 20:13:59,277 [pool-145-thread-1] INFO  server.RaftServerConfigKeys (ConfUtils.java:logGet(46)) - raft.server.rpc.timeout.min = 5s (custom)
2023-05-04 20:13:59,277 [pool-145-thread-1] INFO  server.RaftServerConfigKeys (ConfUtils.java:logGet(46)) - raft.server.rpc.timeout.max = 5200ms (custom)
2023-05-04 20:13:59,277 [pool-145-thread-1] INFO  server.RaftServerConfigKeys (ConfUtils.java:logGet(46)) - raft.server.rpc.sleep.time = 25ms (default)
2023-05-04 20:13:59,277 [pool-145-thread-1] INFO  server.RaftServerConfigKeys (ConfUtils.java:logGet(46)) - raft.server.rpc.slowness.timeout = 300s (custom)
2023-05-04 20:13:59,277 [pool-145-thread-1] INFO  server.RaftServerConfigKeys (ConfUtils.java:logGet(46)) - raft.server.leaderelection.leader.step-down.wait-time = 10s (default)
2023-05-04 20:13:59,277 [pool-145-thread-1] INFO  server.RaftServerConfigKeys (ConfUtils.java:logGet(46)) - raft.server.sleep.deviation.threshold = 300ms (default)
2023-05-04 20:13:59,277 [pool-145-thread-1] INFO  server.RaftServer$Division (ServerState.java:<init>(118)) - 0abf101a-d700-4355-93b1-7a942eb61d40@group-B9F7460B8335: ConfigurationManager, init=-1: peers:[0abf101a-d700-4355-93b1-7a942eb61d40|rpc:10.1.0.20:35421|dataStream:10.1.0.20:33171|priority:1|startupRole:FOLLOWER]|listeners:[], old=null, confs=<EMPTY_MAP>
2023-05-04 20:13:59,278 [pool-145-thread-1] INFO  server.RaftServerConfigKeys (ConfUtils.java:logGet(46)) - raft.server.storage.dir = [/home/runner/work/ozone/ozone/hadoop-ozone/integration-test/target/test-dir/MiniOzoneClusterImpl-3ff5bc89-9620-4d46-84f6-68e3c2a3a822/datanode-3/data/ratis] (custom)
2023-05-04 20:13:59,278 [pool-145-thread-1] INFO  server.RaftServerConfigKeys (ConfUtils.java:logGet(46)) - raft.server.log.corruption.policy = EXCEPTION (default)
2023-05-04 20:13:59,278 [pool-145-thread-1] INFO  server.RaftServerConfigKeys (ConfUtils.java:logGet(46)) - raft.server.storage.free-space.min = 0MB (=0) (default)
2023-05-04 20:13:59,279 [pool-145-thread-1] INFO  server.RaftServerConfigKeys (ConfUtils.java:logGet(46)) - raft.server.notification.no-leader.timeout = 300s (custom)
2023-05-04 20:13:59,279 [pool-145-thread-1] INFO  server.RaftServerConfigKeys (ConfUtils.java:logGet(46)) - raft.server.retrycache.expirytime = 600000ms (custom)
2023-05-04 20:13:59,279 [pool-145-thread-1] INFO  server.RaftServerConfigKeys (ConfUtils.java:logGet(46)) - raft.server.retrycache.statistics.expirytime = 100μs (default)
2023-05-04 20:13:59,281 [pool-145-thread-1] INFO  server.RaftServerConfigKeys (ConfUtils.java:logGet(46)) - raft.server.log.appender.install.snapshot.enabled = false (custom)
2023-05-04 20:13:59,281 [pool-145-thread-1] INFO  server.RaftServerConfigKeys (ConfUtils.java:logGet(46)) - raft.server.threadpool.server.cached = true (default)
2023-05-04 20:13:59,281 [pool-145-thread-1] INFO  server.RaftServerConfigKeys (ConfUtils.java:logGet(46)) - raft.server.threadpool.server.size = 0 (default)
2023-05-04 20:13:59,282 [pool-145-thread-1] INFO  server.RaftServerConfigKeys (ConfUtils.java:logGet(46)) - raft.server.threadpool.client.cached = true (default)
2023-05-04 20:13:59,282 [pool-145-thread-1] INFO  server.RaftServerConfigKeys (ConfUtils.java:logGet(46)) - raft.server.threadpool.client.size = 0 (default)
2023-05-04 20:13:59,282 [pool-145-thread-1] INFO  storage.RaftStorageDirectory (RaftStorageDirectoryImpl.java:analyzeStorage(137)) - The storage directory /home/runner/work/ozone/ozone/hadoop-ozone/integration-test/target/test-dir/MiniOzoneClusterImpl-3ff5bc89-9620-4d46-84f6-68e3c2a3a822/datanode-3/data/ratis/39d762ea-a85e-46f9-8af3-b9f7460b8335 does not exist. Creating ...
2023-05-04 20:13:59,283 [pool-145-thread-1] INFO  storage.RaftStorageDirectory (RaftStorageDirectoryImpl.java:tryLock(231)) - Lock on /home/runner/work/ozone/ozone/hadoop-ozone/integration-test/target/test-dir/MiniOzoneClusterImpl-3ff5bc89-9620-4d46-84f6-68e3c2a3a822/datanode-3/data/ratis/39d762ea-a85e-46f9-8af3-b9f7460b8335/in_use.lock acquired by nodename 25037@fv-az804-457
2023-05-04 20:13:59,283 [pool-145-thread-1] INFO  storage.RaftStorage (RaftStorageImpl.java:format(96)) - Storage directory /home/runner/work/ozone/ozone/hadoop-ozone/integration-test/target/test-dir/MiniOzoneClusterImpl-3ff5bc89-9620-4d46-84f6-68e3c2a3a822/datanode-3/data/ratis/39d762ea-a85e-46f9-8af3-b9f7460b8335 has been successfully formatted.
2023-05-04 20:13:59,285 [pool-145-thread-1] INFO  ratis.ContainerStateMachine (ContainerStateMachine.java:loadSnapshot(262)) - group-B9F7460B8335: The snapshot info is null. Setting the last applied indexto:(t:0, i:~)
2023-05-04 20:13:59,286 [pool-145-thread-1] INFO  server.RaftServerConfigKeys (ConfUtils.java:logGet(46)) - raft.server.log.use.memory = false (default)
2023-05-04 20:13:59,286 [pool-145-thread-1] INFO  server.RaftServerConfigKeys (ConfUtils.java:logGet(46)) - raft.server.log.purge.gap = 1000000 (custom)
2023-05-04 20:13:59,286 [pool-145-thread-1] INFO  server.RaftServerConfigKeys (ConfUtils.java:logGet(46)) - raft.server.log.appender.buffer.byte-limit = 33554432 (custom)
2023-05-04 20:13:59,286 [pool-145-thread-1] INFO  server.RaftServerConfigKeys (ConfUtils.java:logGet(46)) - raft.server.log.statemachine.data.read.timeout = 1000ms (default)
2023-05-04 20:13:59,286 [pool-145-thread-1] INFO  server.RaftServerConfigKeys (ConfUtils.java:logGet(46)) - raft.server.log.purge.preservation.log.num = 0 (default)
2023-05-04 20:13:59,286 [pool-145-thread-1] INFO  server.RaftServerConfigKeys (ConfUtils.java:logGet(46)) - raft.server.log.segment.size.max = 1048576 (custom)
2023-05-04 20:13:59,286 [EventQueue-PipelineReportForPipelineReportHandler] INFO  pipeline.PipelineManagerImpl (PipelineManagerImpl.java:openPipeline(367)) - Pipeline Pipeline[ Id: 39d762ea-a85e-46f9-8af3-b9f7460b8335, Nodes: 0abf101a-d700-4355-93b1-7a942eb61d40(fv-az804-457.cvtsq3ctpw5ehehiek0yp1ke0c.cx.internal.cloudapp.net/10.1.0.20), ReplicationConfig: RATIS/ONE, State:ALLOCATED, leaderId:0abf101a-d700-4355-93b1-7a942eb61d40, CreationTimestamp2023-05-04T20:13:56.276Z[Etc/UTC]] moved to OPEN state
2023-05-04 20:13:59,287 [pool-145-thread-1] INFO  server.RaftServerConfigKeys (ConfUtils.java:logGet(46)) - raft.server.log.segment.cache.num.max = 2 (custom)
2023-05-04 20:13:59,287 [pool-145-thread-1] INFO  server.RaftServerConfigKeys (ConfUtils.java:logGet(46)) - raft.server.log.segment.cache.size.max = 200MB (=209715200) (default)
2023-05-04 20:13:59,287 [pool-145-thread-1] INFO  segmented.SegmentedRaftLogWorker (SegmentedRaftLogWorker.java:<init>(189)) - new 0abf101a-d700-4355-93b1-7a942eb61d40@group-B9F7460B8335-SegmentedRaftLogWorker for RaftStorageImpl:Storage Directory /home/runner/work/ozone/ozone/hadoop-ozone/integration-test/target/test-dir/MiniOzoneClusterImpl-3ff5bc89-9620-4d46-84f6-68e3c2a3a822/datanode-3/data/ratis/39d762ea-a85e-46f9-8af3-b9f7460b8335
2023-05-04 20:13:59,287 [EventQueue-OpenPipelineForHealthyPipelineSafeModeRule] INFO  safemode.SCMSafeModeManager (HealthyPipelineSafeModeRule.java:process(137)) - SCM in safe mode. Healthy pipelines reported count is 0, required healthy pipeline reported count is 1
2023-05-04 20:13:59,287 [pool-145-thread-1] INFO  server.RaftServerConfigKeys (ConfUtils.java:logGet(46)) - raft.server.log.queue.byte-limit = 4294967296 (custom)
2023-05-04 20:13:59,287 [pool-145-thread-1] INFO  server.RaftServerConfigKeys (ConfUtils.java:logGet(46)) - raft.server.log.queue.element-limit = 1024 (custom)
2023-05-04 20:13:59,287 [pool-145-thread-1] INFO  server.RaftServerConfigKeys (ConfUtils.java:logGet(46)) - raft.server.log.segment.size.max = 1048576 (custom)
2023-05-04 20:13:59,287 [pool-145-thread-1] INFO  server.RaftServerConfigKeys (ConfUtils.java:logGet(46)) - raft.server.log.preallocated.size = 16384 (custom)
2023-05-04 20:13:59,287 [pool-145-thread-1] INFO  server.RaftServerConfigKeys (ConfUtils.java:logGet(46)) - raft.server.log.force.sync.num = 128 (default)
2023-05-04 20:13:59,287 [pool-145-thread-1] INFO  server.RaftServerConfigKeys (ConfUtils.java:logGet(46)) - raft.server.log.statemachine.data.sync = true (default)
2023-05-04 20:13:59,287 [pool-145-thread-1] INFO  server.RaftServerConfigKeys (ConfUtils.java:logGet(46)) - raft.server.log.statemachine.data.sync.timeout = 10s (default)
2023-05-04 20:13:59,287 [pool-145-thread-1] INFO  server.RaftServerConfigKeys (ConfUtils.java:logGet(46)) - raft.server.log.statemachine.data.sync.timeout.retry = -1 (default)
2023-05-04 20:13:59,288 [pool-145-thread-1] INFO  server.RaftServerConfigKeys (ConfUtils.java:logGet(46)) - raft.server.log.write.buffer.size = 1048576 (custom)
2023-05-04 20:13:59,289 [pool-145-thread-1] INFO  server.RaftServerConfigKeys (ConfUtils.java:logGet(46)) - raft.server.log.appender.buffer.byte-limit = 33554432 (custom)
2023-05-04 20:13:59,294 [pool-145-thread-1] INFO  server.RaftServerConfigKeys (ConfUtils.java:logGet(46)) - raft.server.log.unsafe-flush.enabled = false (default)
2023-05-04 20:13:59,294 [pool-145-thread-1] INFO  server.RaftServerConfigKeys (ConfUtils.java:logGet(46)) - raft.server.log.async-flush.enabled = false (default)
2023-05-04 20:13:59,294 [pool-145-thread-1] INFO  server.RaftServerConfigKeys (ConfUtils.java:logGet(46)) - raft.server.log.statemachine.data.caching.enabled = true (custom)
2023-05-04 20:13:59,294 [pool-145-thread-1] INFO  segmented.SegmentedRaftLogWorker (SegmentedRaftLogWorker.java:lambda$new$0(135)) - 0abf101a-d700-4355-93b1-7a942eb61d40@group-B9F7460B8335-SegmentedRaftLogWorker: flushIndex: setUnconditionally 0 -> -1
2023-05-04 20:13:59,294 [pool-145-thread-1] INFO  segmented.SegmentedRaftLogWorker (SegmentedRaftLogWorker.java:lambda$new$0(135)) - 0abf101a-d700-4355-93b1-7a942eb61d40@group-B9F7460B8335-SegmentedRaftLogWorker: safeCacheEvictIndex: setUnconditionally 0 -> -1
2023-05-04 20:13:59,294 [pool-145-thread-1] INFO  server.RaftServer$Division (RaftServerImpl.java:start(334)) - 0abf101a-d700-4355-93b1-7a942eb61d40@group-B9F7460B8335: start as a follower, conf=-1: peers:[0abf101a-d700-4355-93b1-7a942eb61d40|rpc:10.1.0.20:35421|dataStream:10.1.0.20:33171|priority:1|startupRole:FOLLOWER]|listeners:[], old=null
2023-05-04 20:13:59,294 [pool-145-thread-1] INFO  server.RaftServer$Division (RaftServerImpl.java:setRole(321)) - 0abf101a-d700-4355-93b1-7a942eb61d40@group-B9F7460B8335: changes role from      null to FOLLOWER at term 0 for startAsFollower
2023-05-04 20:13:59,295 [pool-145-thread-1] INFO  impl.RoleInfo (RoleInfo.java:updateAndGet(139)) - 0abf101a-d700-4355-93b1-7a942eb61d40: start 0abf101a-d700-4355-93b1-7a942eb61d40@group-B9F7460B8335-FollowerState
2023-05-04 20:13:59,295 [pool-145-thread-1] INFO  util.JmxRegister (JmxRegister.java:tryRegister(44)) - Successfully registered JMX Bean with object name Ratis:service=RaftServer,group=group-B9F7460B8335,id=0abf101a-d700-4355-93b1-7a942eb61d40
2023-05-04 20:13:59,295 [pool-145-thread-1] INFO  server.RaftServerConfigKeys (ConfUtils.java:logGet(46)) - raft.server.snapshot.auto.trigger.enabled = true (custom)
2023-05-04 20:13:59,295 [pool-145-thread-1] INFO  server.RaftServerConfigKeys (ConfUtils.java:logGet(46)) - raft.server.snapshot.auto.trigger.threshold = 10000 (custom)
2023-05-04 20:13:59,295 [pool-145-thread-1] INFO  server.RaftServerConfigKeys (ConfUtils.java:logGet(46)) - raft.server.snapshot.retention.file.num = 5 (custom)
2023-05-04 20:13:59,295 [pool-145-thread-1] INFO  server.RaftServerConfigKeys (ConfUtils.java:logGet(46)) - raft.server.log.purge.upto.snapshot.index = false (default)
2023-05-04 20:13:59,296 [Command processor thread] INFO  ratis.XceiverServerRatis (XceiverServerRatis.java:addGroup(806)) - Created group PipelineID=39d762ea-a85e-46f9-8af3-b9f7460b8335
2023-05-04 20:13:59,296 [Command processor thread] INFO  commandhandler.CreatePipelineCommandHandler (CreatePipelineCommandHandler.java:handle(113)) - Created Pipeline RATIS ONE PipelineID=39d762ea-a85e-46f9-8af3-b9f7460b8335.
2023-05-04 20:13:59,296 [Command processor thread] INFO  server.RaftServer (RaftServerProxy.java:addNew(96)) - 0abf101a-d700-4355-93b1-7a942eb61d40: addNew group-1F3DADE57F18:[0abf101a-d700-4355-93b1-7a942eb61d40|rpc:10.1.0.20:35421|dataStream:10.1.0.20:33171|priority:1|startupRole:FOLLOWER, de61e307-c070-4843-8a71-857ff854f108|rpc:10.1.0.20:46099|dataStream:10.1.0.20:33083|priority:0|startupRole:FOLLOWER, 71eef059-4e21-465b-a9dc-55002cc631de|rpc:10.1.0.20:46399|dataStream:10.1.0.20:38957|priority:0|startupRole:FOLLOWER] returns group-1F3DADE57F18:java.util.concurrent.CompletableFuture@1323e87d[Not completed]
2023-05-04 20:13:59,296 [0abf101a-d700-4355-93b1-7a942eb61d40@group-B9F7460B8335-FollowerState] INFO  server.RaftServerConfigKeys (ConfUtils.java:logFallback(53)) - raft.server.rpc.first-election.timeout.min = 5s (fallback to raft.server.rpc.timeout.min)
2023-05-04 20:13:59,296 [0abf101a-d700-4355-93b1-7a942eb61d40@group-B9F7460B8335-FollowerState] INFO  server.RaftServerConfigKeys (ConfUtils.java:logFallback(53)) - raft.server.rpc.first-election.timeout.max = 5200ms (fallback to raft.server.rpc.timeout.max)
2023-05-04 20:13:59,297 [pool-145-thread-1] INFO  server.RaftServer$Division (RaftServerImpl.java:<init>(195)) - 0abf101a-d700-4355-93b1-7a942eb61d40: new RaftServerImpl for group-1F3DADE57F18:[0abf101a-d700-4355-93b1-7a942eb61d40|rpc:10.1.0.20:35421|dataStream:10.1.0.20:33171|priority:1|startupRole:FOLLOWER, de61e307-c070-4843-8a71-857ff854f108|rpc:10.1.0.20:46099|dataStream:10.1.0.20:33083|priority:0|startupRole:FOLLOWER, 71eef059-4e21-465b-a9dc-55002cc631de|rpc:10.1.0.20:46399|dataStream:10.1.0.20:38957|priority:0|startupRole:FOLLOWER] with ContainerStateMachine:uninitialized
2023-05-04 20:13:59,297 [pool-145-thread-1] INFO  server.RaftServerConfigKeys (ConfUtils.java:logGet(46)) - raft.server.rpc.timeout.min = 5s (custom)
2023-05-04 20:13:59,297 [pool-145-thread-1] INFO  server.RaftServerConfigKeys (ConfUtils.java:logGet(46)) - raft.server.rpc.timeout.max = 5200ms (custom)
2023-05-04 20:13:59,297 [pool-145-thread-1] INFO  server.RaftServerConfigKeys (ConfUtils.java:logGet(46)) - raft.server.rpc.sleep.time = 25ms (default)
2023-05-04 20:13:59,298 [pool-145-thread-1] INFO  server.RaftServerConfigKeys (ConfUtils.java:logGet(46)) - raft.server.rpc.slowness.timeout = 300s (custom)
2023-05-04 20:13:59,298 [pool-145-thread-1] INFO  server.RaftServerConfigKeys (ConfUtils.java:logGet(46)) - raft.server.leaderelection.leader.step-down.wait-time = 10s (default)
2023-05-04 20:13:59,298 [pool-145-thread-1] INFO  server.RaftServerConfigKeys (ConfUtils.java:logGet(46)) - raft.server.sleep.deviation.threshold = 300ms (default)
2023-05-04 20:13:59,298 [pool-145-thread-1] INFO  server.RaftServer$Division (ServerState.java:<init>(118)) - 0abf101a-d700-4355-93b1-7a942eb61d40@group-1F3DADE57F18: ConfigurationManager, init=-1: peers:[0abf101a-d700-4355-93b1-7a942eb61d40|rpc:10.1.0.20:35421|dataStream:10.1.0.20:33171|priority:1|startupRole:FOLLOWER, de61e307-c070-4843-8a71-857ff854f108|rpc:10.1.0.20:46099|dataStream:10.1.0.20:33083|priority:0|startupRole:FOLLOWER, 71eef059-4e21-465b-a9dc-55002cc631de|rpc:10.1.0.20:46399|dataStream:10.1.0.20:38957|priority:0|startupRole:FOLLOWER]|listeners:[], old=null, confs=<EMPTY_MAP>
2023-05-04 20:13:59,298 [pool-145-thread-1] INFO  server.RaftServerConfigKeys (ConfUtils.java:logGet(46)) - raft.server.storage.dir = [/home/runner/work/ozone/ozone/hadoop-ozone/integration-test/target/test-dir/MiniOzoneClusterImpl-3ff5bc89-9620-4d46-84f6-68e3c2a3a822/datanode-3/data/ratis] (custom)
2023-05-04 20:13:59,298 [pool-145-thread-1] INFO  server.RaftServerConfigKeys (ConfUtils.java:logGet(46)) - raft.server.log.corruption.policy = EXCEPTION (default)
2023-05-04 20:13:59,298 [pool-145-thread-1] INFO  server.RaftServerConfigKeys (ConfUtils.java:logGet(46)) - raft.server.storage.free-space.min = 0MB (=0) (default)
2023-05-04 20:13:59,298 [pool-145-thread-1] INFO  server.RaftServerConfigKeys (ConfUtils.java:logGet(46)) - raft.server.notification.no-leader.timeout = 300s (custom)
2023-05-04 20:13:59,298 [pool-145-thread-1] INFO  server.RaftServerConfigKeys (ConfUtils.java:logGet(46)) - raft.server.retrycache.expirytime = 600000ms (custom)
2023-05-04 20:13:59,298 [pool-145-thread-1] INFO  server.RaftServerConfigKeys (ConfUtils.java:logGet(46)) - raft.server.retrycache.statistics.expirytime = 100μs (default)
2023-05-04 20:13:59,300 [pool-145-thread-1] INFO  server.RaftServerConfigKeys (ConfUtils.java:logGet(46)) - raft.server.log.appender.install.snapshot.enabled = false (custom)
2023-05-04 20:13:59,300 [pool-145-thread-1] INFO  server.RaftServerConfigKeys (ConfUtils.java:logGet(46)) - raft.server.threadpool.server.cached = true (default)
2023-05-04 20:13:59,300 [pool-145-thread-1] INFO  server.RaftServerConfigKeys (ConfUtils.java:logGet(46)) - raft.server.threadpool.server.size = 0 (default)
2023-05-04 20:13:59,301 [pool-145-thread-1] INFO  server.RaftServerConfigKeys (ConfUtils.java:logGet(46)) - raft.server.threadpool.client.cached = true (default)
2023-05-04 20:13:59,301 [pool-145-thread-1] INFO  server.RaftServerConfigKeys (ConfUtils.java:logGet(46)) - raft.server.threadpool.client.size = 0 (default)
2023-05-04 20:13:59,301 [pool-145-thread-1] INFO  storage.RaftStorageDirectory (RaftStorageDirectoryImpl.java:analyzeStorage(137)) - The storage directory /home/runner/work/ozone/ozone/hadoop-ozone/integration-test/target/test-dir/MiniOzoneClusterImpl-3ff5bc89-9620-4d46-84f6-68e3c2a3a822/datanode-3/data/ratis/fd3c01fa-ee31-46da-9393-1f3dade57f18 does not exist. Creating ...
2023-05-04 20:13:59,302 [pool-145-thread-1] INFO  storage.RaftStorageDirectory (RaftStorageDirectoryImpl.java:tryLock(231)) - Lock on /home/runner/work/ozone/ozone/hadoop-ozone/integration-test/target/test-dir/MiniOzoneClusterImpl-3ff5bc89-9620-4d46-84f6-68e3c2a3a822/datanode-3/data/ratis/fd3c01fa-ee31-46da-9393-1f3dade57f18/in_use.lock acquired by nodename 25037@fv-az804-457
2023-05-04 20:13:59,303 [pool-145-thread-1] INFO  storage.RaftStorage (RaftStorageImpl.java:format(96)) - Storage directory /home/runner/work/ozone/ozone/hadoop-ozone/integration-test/target/test-dir/MiniOzoneClusterImpl-3ff5bc89-9620-4d46-84f6-68e3c2a3a822/datanode-3/data/ratis/fd3c01fa-ee31-46da-9393-1f3dade57f18 has been successfully formatted.
2023-05-04 20:13:59,303 [pool-145-thread-1] INFO  ratis.ContainerStateMachine (ContainerStateMachine.java:loadSnapshot(262)) - group-1F3DADE57F18: The snapshot info is null. Setting the last applied indexto:(t:0, i:~)
2023-05-04 20:13:59,303 [pool-145-thread-1] INFO  server.RaftServerConfigKeys (ConfUtils.java:logGet(46)) - raft.server.log.use.memory = false (default)
2023-05-04 20:13:59,303 [pool-145-thread-1] INFO  server.RaftServerConfigKeys (ConfUtils.java:logGet(46)) - raft.server.log.purge.gap = 1000000 (custom)
2023-05-04 20:13:59,305 [EventQueue-OpenPipelineForHealthyPipelineSafeModeRule] INFO  safemode.SCMSafeModeManager (HealthyPipelineSafeModeRule.java:process(137)) - SCM in safe mode. Healthy pipelines reported count is 0, required healthy pipeline reported count is 1
2023-05-04 20:13:59,305 [pool-145-thread-1] INFO  server.RaftServerConfigKeys (ConfUtils.java:logGet(46)) - raft.server.log.appender.buffer.byte-limit = 33554432 (custom)
2023-05-04 20:13:59,305 [pool-145-thread-1] INFO  server.RaftServerConfigKeys (ConfUtils.java:logGet(46)) - raft.server.log.statemachine.data.read.timeout = 1000ms (default)
2023-05-04 20:13:59,306 [pool-145-thread-1] INFO  server.RaftServerConfigKeys (ConfUtils.java:logGet(46)) - raft.server.log.purge.preservation.log.num = 0 (default)
2023-05-04 20:13:59,306 [pool-145-thread-1] INFO  server.RaftServerConfigKeys (ConfUtils.java:logGet(46)) - raft.server.log.segment.size.max = 1048576 (custom)
2023-05-04 20:13:59,306 [pool-145-thread-1] INFO  server.RaftServerConfigKeys (ConfUtils.java:logGet(46)) - raft.server.log.segment.cache.num.max = 2 (custom)
2023-05-04 20:13:59,307 [pool-145-thread-1] INFO  server.RaftServerConfigKeys (ConfUtils.java:logGet(46)) - raft.server.log.segment.cache.size.max = 200MB (=209715200) (default)
2023-05-04 20:13:59,307 [pool-145-thread-1] INFO  segmented.SegmentedRaftLogWorker (SegmentedRaftLogWorker.java:<init>(189)) - new 0abf101a-d700-4355-93b1-7a942eb61d40@group-1F3DADE57F18-SegmentedRaftLogWorker for RaftStorageImpl:Storage Directory /home/runner/work/ozone/ozone/hadoop-ozone/integration-test/target/test-dir/MiniOzoneClusterImpl-3ff5bc89-9620-4d46-84f6-68e3c2a3a822/datanode-3/data/ratis/fd3c01fa-ee31-46da-9393-1f3dade57f18
2023-05-04 20:13:59,307 [pool-145-thread-1] INFO  server.RaftServerConfigKeys (ConfUtils.java:logGet(46)) - raft.server.log.queue.byte-limit = 4294967296 (custom)
2023-05-04 20:13:59,307 [pool-145-thread-1] INFO  server.RaftServerConfigKeys (ConfUtils.java:logGet(46)) - raft.server.log.queue.element-limit = 1024 (custom)
2023-05-04 20:13:59,307 [pool-145-thread-1] INFO  server.RaftServerConfigKeys (ConfUtils.java:logGet(46)) - raft.server.log.segment.size.max = 1048576 (custom)
2023-05-04 20:13:59,307 [pool-145-thread-1] INFO  server.RaftServerConfigKeys (ConfUtils.java:logGet(46)) - raft.server.log.preallocated.size = 16384 (custom)
2023-05-04 20:13:59,307 [pool-145-thread-1] INFO  server.RaftServerConfigKeys (ConfUtils.java:logGet(46)) - raft.server.log.force.sync.num = 128 (default)
2023-05-04 20:13:59,307 [pool-145-thread-1] INFO  server.RaftServerConfigKeys (ConfUtils.java:logGet(46)) - raft.server.log.statemachine.data.sync = true (default)
2023-05-04 20:13:59,307 [pool-145-thread-1] INFO  server.RaftServerConfigKeys (ConfUtils.java:logGet(46)) - raft.server.log.statemachine.data.sync.timeout = 10s (default)
2023-05-04 20:13:59,307 [pool-145-thread-1] INFO  server.RaftServerConfigKeys (ConfUtils.java:logGet(46)) - raft.server.log.statemachine.data.sync.timeout.retry = -1 (default)
2023-05-04 20:13:59,309 [pool-145-thread-1] INFO  server.RaftServerConfigKeys (ConfUtils.java:logGet(46)) - raft.server.log.write.buffer.size = 1048576 (custom)
2023-05-04 20:13:59,310 [pool-145-thread-1] INFO  server.RaftServerConfigKeys (ConfUtils.java:logGet(46)) - raft.server.log.appender.buffer.byte-limit = 33554432 (custom)
2023-05-04 20:13:59,315 [pool-145-thread-1] INFO  server.RaftServerConfigKeys (ConfUtils.java:logGet(46)) - raft.server.log.unsafe-flush.enabled = false (default)
2023-05-04 20:13:59,315 [pool-145-thread-1] INFO  server.RaftServerConfigKeys (ConfUtils.java:logGet(46)) - raft.server.log.async-flush.enabled = false (default)
2023-05-04 20:13:59,315 [pool-145-thread-1] INFO  server.RaftServerConfigKeys (ConfUtils.java:logGet(46)) - raft.server.log.statemachine.data.caching.enabled = true (custom)
2023-05-04 20:13:59,315 [pool-145-thread-1] INFO  segmented.SegmentedRaftLogWorker (SegmentedRaftLogWorker.java:lambda$new$0(135)) - 0abf101a-d700-4355-93b1-7a942eb61d40@group-1F3DADE57F18-SegmentedRaftLogWorker: flushIndex: setUnconditionally 0 -> -1
2023-05-04 20:13:59,315 [pool-145-thread-1] INFO  segmented.SegmentedRaftLogWorker (SegmentedRaftLogWorker.java:lambda$new$0(135)) - 0abf101a-d700-4355-93b1-7a942eb61d40@group-1F3DADE57F18-SegmentedRaftLogWorker: safeCacheEvictIndex: setUnconditionally 0 -> -1
2023-05-04 20:13:59,315 [pool-145-thread-1] INFO  server.RaftServer$Division (RaftServerImpl.java:start(334)) - 0abf101a-d700-4355-93b1-7a942eb61d40@group-1F3DADE57F18: start as a follower, conf=-1: peers:[0abf101a-d700-4355-93b1-7a942eb61d40|rpc:10.1.0.20:35421|dataStream:10.1.0.20:33171|priority:1|startupRole:FOLLOWER, de61e307-c070-4843-8a71-857ff854f108|rpc:10.1.0.20:46099|dataStream:10.1.0.20:33083|priority:0|startupRole:FOLLOWER, 71eef059-4e21-465b-a9dc-55002cc631de|rpc:10.1.0.20:46399|dataStream:10.1.0.20:38957|priority:0|startupRole:FOLLOWER]|listeners:[], old=null
2023-05-04 20:13:59,315 [pool-145-thread-1] INFO  server.RaftServer$Division (RaftServerImpl.java:setRole(321)) - 0abf101a-d700-4355-93b1-7a942eb61d40@group-1F3DADE57F18: changes role from      null to FOLLOWER at term 0 for startAsFollower
2023-05-04 20:13:59,315 [pool-145-thread-1] INFO  impl.RoleInfo (RoleInfo.java:updateAndGet(139)) - 0abf101a-d700-4355-93b1-7a942eb61d40: start 0abf101a-d700-4355-93b1-7a942eb61d40@group-1F3DADE57F18-FollowerState
2023-05-04 20:13:59,316 [pool-145-thread-1] INFO  util.JmxRegister (JmxRegister.java:tryRegister(44)) - Successfully registered JMX Bean with object name Ratis:service=RaftServer,group=group-1F3DADE57F18,id=0abf101a-d700-4355-93b1-7a942eb61d40
2023-05-04 20:13:59,316 [0abf101a-d700-4355-93b1-7a942eb61d40@group-1F3DADE57F18-FollowerState] INFO  server.RaftServerConfigKeys (ConfUtils.java:logFallback(53)) - raft.server.rpc.first-election.timeout.min = 5s (fallback to raft.server.rpc.timeout.min)
2023-05-04 20:13:59,316 [pool-145-thread-1] INFO  server.RaftServerConfigKeys (ConfUtils.java:logGet(46)) - raft.server.snapshot.auto.trigger.enabled = true (custom)
2023-05-04 20:13:59,316 [0abf101a-d700-4355-93b1-7a942eb61d40@group-1F3DADE57F18-FollowerState] INFO  server.RaftServerConfigKeys (ConfUtils.java:logFallback(53)) - raft.server.rpc.first-election.timeout.max = 5200ms (fallback to raft.server.rpc.timeout.max)
2023-05-04 20:13:59,316 [pool-145-thread-1] INFO  server.RaftServerConfigKeys (ConfUtils.java:logGet(46)) - raft.server.snapshot.auto.trigger.threshold = 10000 (custom)
2023-05-04 20:13:59,316 [pool-145-thread-1] INFO  server.RaftServerConfigKeys (ConfUtils.java:logGet(46)) - raft.server.snapshot.retention.file.num = 5 (custom)
2023-05-04 20:13:59,316 [pool-145-thread-1] INFO  server.RaftServerConfigKeys (ConfUtils.java:logGet(46)) - raft.server.log.purge.upto.snapshot.index = false (default)
2023-05-04 20:13:59,317 [Command processor thread] INFO  ratis.XceiverServerRatis (XceiverServerRatis.java:addGroup(806)) - Created group PipelineID=fd3c01fa-ee31-46da-9393-1f3dade57f18
2023-05-04 20:13:59,333 [grpc-default-executor-0] INFO  server.RaftServer (RaftServerProxy.java:addNew(96)) - de61e307-c070-4843-8a71-857ff854f108: addNew group-1F3DADE57F18:[0abf101a-d700-4355-93b1-7a942eb61d40|rpc:10.1.0.20:35421|dataStream:10.1.0.20:33171|priority:1|startupRole:FOLLOWER, de61e307-c070-4843-8a71-857ff854f108|rpc:10.1.0.20:46099|dataStream:10.1.0.20:33083|priority:0|startupRole:FOLLOWER, 71eef059-4e21-465b-a9dc-55002cc631de|rpc:10.1.0.20:46399|dataStream:10.1.0.20:38957|priority:0|startupRole:FOLLOWER] returns group-1F3DADE57F18:java.util.concurrent.CompletableFuture@66b446ce[Not completed]
2023-05-04 20:13:59,334 [pool-167-thread-1] INFO  server.RaftServer$Division (RaftServerImpl.java:<init>(195)) - de61e307-c070-4843-8a71-857ff854f108: new RaftServerImpl for group-1F3DADE57F18:[0abf101a-d700-4355-93b1-7a942eb61d40|rpc:10.1.0.20:35421|dataStream:10.1.0.20:33171|priority:1|startupRole:FOLLOWER, de61e307-c070-4843-8a71-857ff854f108|rpc:10.1.0.20:46099|dataStream:10.1.0.20:33083|priority:0|startupRole:FOLLOWER, 71eef059-4e21-465b-a9dc-55002cc631de|rpc:10.1.0.20:46399|dataStream:10.1.0.20:38957|priority:0|startupRole:FOLLOWER] with ContainerStateMachine:uninitialized
2023-05-04 20:13:59,334 [pool-167-thread-1] INFO  server.RaftServerConfigKeys (ConfUtils.java:logGet(46)) - raft.server.rpc.timeout.min = 5s (custom)
2023-05-04 20:13:59,334 [pool-167-thread-1] INFO  server.RaftServerConfigKeys (ConfUtils.java:logGet(46)) - raft.server.rpc.timeout.max = 5200ms (custom)
2023-05-04 20:13:59,334 [pool-167-thread-1] INFO  server.RaftServerConfigKeys (ConfUtils.java:logGet(46)) - raft.server.rpc.sleep.time = 25ms (default)
2023-05-04 20:13:59,334 [pool-167-thread-1] INFO  server.RaftServerConfigKeys (ConfUtils.java:logGet(46)) - raft.server.rpc.slowness.timeout = 300s (custom)
2023-05-04 20:13:59,334 [pool-167-thread-1] INFO  server.RaftServerConfigKeys (ConfUtils.java:logGet(46)) - raft.server.leaderelection.leader.step-down.wait-time = 10s (default)
2023-05-04 20:13:59,334 [pool-167-thread-1] INFO  server.RaftServerConfigKeys (ConfUtils.java:logGet(46)) - raft.server.sleep.deviation.threshold = 300ms (default)
2023-05-04 20:13:59,334 [pool-167-thread-1] INFO  server.RaftServer$Division (ServerState.java:<init>(118)) - de61e307-c070-4843-8a71-857ff854f108@group-1F3DADE57F18: ConfigurationManager, init=-1: peers:[0abf101a-d700-4355-93b1-7a942eb61d40|rpc:10.1.0.20:35421|dataStream:10.1.0.20:33171|priority:1|startupRole:FOLLOWER, de61e307-c070-4843-8a71-857ff854f108|rpc:10.1.0.20:46099|dataStream:10.1.0.20:33083|priority:0|startupRole:FOLLOWER, 71eef059-4e21-465b-a9dc-55002cc631de|rpc:10.1.0.20:46399|dataStream:10.1.0.20:38957|priority:0|startupRole:FOLLOWER]|listeners:[], old=null, confs=<EMPTY_MAP>
2023-05-04 20:13:59,334 [pool-167-thread-1] INFO  server.RaftServerConfigKeys (ConfUtils.java:logGet(46)) - raft.server.storage.dir = [/home/runner/work/ozone/ozone/hadoop-ozone/integration-test/target/test-dir/MiniOzoneClusterImpl-3ff5bc89-9620-4d46-84f6-68e3c2a3a822/datanode-4/data/ratis] (custom)
2023-05-04 20:13:59,334 [pool-167-thread-1] INFO  server.RaftServerConfigKeys (ConfUtils.java:logGet(46)) - raft.server.log.corruption.policy = EXCEPTION (default)
2023-05-04 20:13:59,335 [pool-167-thread-1] INFO  server.RaftServerConfigKeys (ConfUtils.java:logGet(46)) - raft.server.storage.free-space.min = 0MB (=0) (default)
2023-05-04 20:13:59,335 [pool-167-thread-1] INFO  server.RaftServerConfigKeys (ConfUtils.java:logGet(46)) - raft.server.notification.no-leader.timeout = 300s (custom)
2023-05-04 20:13:59,335 [pool-167-thread-1] INFO  server.RaftServerConfigKeys (ConfUtils.java:logGet(46)) - raft.server.retrycache.expirytime = 600000ms (custom)
2023-05-04 20:13:59,335 [pool-167-thread-1] INFO  server.RaftServerConfigKeys (ConfUtils.java:logGet(46)) - raft.server.retrycache.statistics.expirytime = 100μs (default)
2023-05-04 20:13:59,337 [pool-167-thread-1] INFO  server.RaftServerConfigKeys (ConfUtils.java:logGet(46)) - raft.server.log.appender.install.snapshot.enabled = false (custom)
2023-05-04 20:13:59,337 [pool-167-thread-1] INFO  server.RaftServerConfigKeys (ConfUtils.java:logGet(46)) - raft.server.threadpool.server.cached = true (default)
2023-05-04 20:13:59,337 [pool-167-thread-1] INFO  server.RaftServerConfigKeys (ConfUtils.java:logGet(46)) - raft.server.threadpool.server.size = 0 (default)
2023-05-04 20:13:59,337 [pool-167-thread-1] INFO  server.RaftServerConfigKeys (ConfUtils.java:logGet(46)) - raft.server.threadpool.client.cached = true (default)
2023-05-04 20:13:59,337 [pool-167-thread-1] INFO  server.RaftServerConfigKeys (ConfUtils.java:logGet(46)) - raft.server.threadpool.client.size = 0 (default)
2023-05-04 20:13:59,337 [pool-167-thread-1] INFO  storage.RaftStorageDirectory (RaftStorageDirectoryImpl.java:analyzeStorage(137)) - The storage directory /home/runner/work/ozone/ozone/hadoop-ozone/integration-test/target/test-dir/MiniOzoneClusterImpl-3ff5bc89-9620-4d46-84f6-68e3c2a3a822/datanode-4/data/ratis/fd3c01fa-ee31-46da-9393-1f3dade57f18 does not exist. Creating ...
2023-05-04 20:13:59,338 [pool-167-thread-1] INFO  storage.RaftStorageDirectory (RaftStorageDirectoryImpl.java:tryLock(231)) - Lock on /home/runner/work/ozone/ozone/hadoop-ozone/integration-test/target/test-dir/MiniOzoneClusterImpl-3ff5bc89-9620-4d46-84f6-68e3c2a3a822/datanode-4/data/ratis/fd3c01fa-ee31-46da-9393-1f3dade57f18/in_use.lock acquired by nodename 25037@fv-az804-457
2023-05-04 20:13:59,339 [pool-167-thread-1] INFO  storage.RaftStorage (RaftStorageImpl.java:format(96)) - Storage directory /home/runner/work/ozone/ozone/hadoop-ozone/integration-test/target/test-dir/MiniOzoneClusterImpl-3ff5bc89-9620-4d46-84f6-68e3c2a3a822/datanode-4/data/ratis/fd3c01fa-ee31-46da-9393-1f3dade57f18 has been successfully formatted.
2023-05-04 20:13:59,340 [pool-167-thread-1] INFO  ratis.ContainerStateMachine (ContainerStateMachine.java:loadSnapshot(262)) - group-1F3DADE57F18: The snapshot info is null. Setting the last applied indexto:(t:0, i:~)
2023-05-04 20:13:59,342 [pool-167-thread-1] INFO  server.RaftServerConfigKeys (ConfUtils.java:logGet(46)) - raft.server.log.use.memory = false (default)
2023-05-04 20:13:59,344 [pool-167-thread-1] INFO  server.RaftServerConfigKeys (ConfUtils.java:logGet(46)) - raft.server.log.purge.gap = 1000000 (custom)
2023-05-04 20:13:59,344 [pool-167-thread-1] INFO  server.RaftServerConfigKeys (ConfUtils.java:logGet(46)) - raft.server.log.appender.buffer.byte-limit = 33554432 (custom)
2023-05-04 20:13:59,344 [pool-167-thread-1] INFO  server.RaftServerConfigKeys (ConfUtils.java:logGet(46)) - raft.server.log.statemachine.data.read.timeout = 1000ms (default)
2023-05-04 20:13:59,344 [pool-167-thread-1] INFO  server.RaftServerConfigKeys (ConfUtils.java:logGet(46)) - raft.server.log.purge.preservation.log.num = 0 (default)
2023-05-04 20:13:59,345 [pool-167-thread-1] INFO  server.RaftServerConfigKeys (ConfUtils.java:logGet(46)) - raft.server.log.segment.size.max = 1048576 (custom)
2023-05-04 20:13:59,345 [pool-167-thread-1] INFO  server.RaftServerConfigKeys (ConfUtils.java:logGet(46)) - raft.server.log.segment.cache.num.max = 2 (custom)
2023-05-04 20:13:59,345 [pool-167-thread-1] INFO  server.RaftServerConfigKeys (ConfUtils.java:logGet(46)) - raft.server.log.segment.cache.size.max = 200MB (=209715200) (default)
2023-05-04 20:13:59,345 [pool-167-thread-1] INFO  segmented.SegmentedRaftLogWorker (SegmentedRaftLogWorker.java:<init>(189)) - new de61e307-c070-4843-8a71-857ff854f108@group-1F3DADE57F18-SegmentedRaftLogWorker for RaftStorageImpl:Storage Directory /home/runner/work/ozone/ozone/hadoop-ozone/integration-test/target/test-dir/MiniOzoneClusterImpl-3ff5bc89-9620-4d46-84f6-68e3c2a3a822/datanode-4/data/ratis/fd3c01fa-ee31-46da-9393-1f3dade57f18
2023-05-04 20:13:59,345 [pool-167-thread-1] INFO  server.RaftServerConfigKeys (ConfUtils.java:logGet(46)) - raft.server.log.queue.byte-limit = 4294967296 (custom)
2023-05-04 20:13:59,345 [pool-167-thread-1] INFO  server.RaftServerConfigKeys (ConfUtils.java:logGet(46)) - raft.server.log.queue.element-limit = 1024 (custom)
2023-05-04 20:13:59,345 [pool-167-thread-1] INFO  server.RaftServerConfigKeys (ConfUtils.java:logGet(46)) - raft.server.log.segment.size.max = 1048576 (custom)
2023-05-04 20:13:59,345 [pool-167-thread-1] INFO  server.RaftServerConfigKeys (ConfUtils.java:logGet(46)) - raft.server.log.preallocated.size = 16384 (custom)
2023-05-04 20:13:59,345 [pool-167-thread-1] INFO  server.RaftServerConfigKeys (ConfUtils.java:logGet(46)) - raft.server.log.force.sync.num = 128 (default)
2023-05-04 20:13:59,345 [pool-167-thread-1] INFO  server.RaftServerConfigKeys (ConfUtils.java:logGet(46)) - raft.server.log.statemachine.data.sync = true (default)
2023-05-04 20:13:59,346 [pool-167-thread-1] INFO  server.RaftServerConfigKeys (ConfUtils.java:logGet(46)) - raft.server.log.statemachine.data.sync.timeout = 10s (default)
2023-05-04 20:13:59,346 [pool-167-thread-1] INFO  server.RaftServerConfigKeys (ConfUtils.java:logGet(46)) - raft.server.log.statemachine.data.sync.timeout.retry = -1 (default)
2023-05-04 20:13:59,347 [pool-167-thread-1] INFO  server.RaftServerConfigKeys (ConfUtils.java:logGet(46)) - raft.server.log.write.buffer.size = 1048576 (custom)
2023-05-04 20:13:59,347 [pool-167-thread-1] INFO  server.RaftServerConfigKeys (ConfUtils.java:logGet(46)) - raft.server.log.appender.buffer.byte-limit = 33554432 (custom)
2023-05-04 20:13:59,348 [Listener at 127.0.0.1/35517] INFO  ozone.MiniOzoneClusterImpl (MiniOzoneClusterImpl.java:lambda$waitForClusterToBeReady$0(223)) - Waiting for nodes to be ready. Got 11 of 14 DN Heartbeats.
2023-05-04 20:13:59,348 [Listener at 127.0.0.1/35517] INFO  ozone.MiniOzoneClusterImpl (MiniOzoneClusterImpl.java:lambda$waitForClusterToBeReady$0(226)) - Waiting for cluster to exit safe mode
2023-05-04 20:13:59,348 [Listener at 127.0.0.1/35517] INFO  ozone.MiniOzoneClusterImpl (MiniOzoneClusterImpl.java:lambda$waitForClusterToBeReady$0(228)) - SCM became leader
2023-05-04 20:13:59,352 [pool-167-thread-1] INFO  server.RaftServerConfigKeys (ConfUtils.java:logGet(46)) - raft.server.log.unsafe-flush.enabled = false (default)
2023-05-04 20:13:59,352 [pool-167-thread-1] INFO  server.RaftServerConfigKeys (ConfUtils.java:logGet(46)) - raft.server.log.async-flush.enabled = false (default)
2023-05-04 20:13:59,352 [pool-167-thread-1] INFO  server.RaftServerConfigKeys (ConfUtils.java:logGet(46)) - raft.server.log.statemachine.data.caching.enabled = true (custom)
2023-05-04 20:13:59,352 [pool-167-thread-1] INFO  segmented.SegmentedRaftLogWorker (SegmentedRaftLogWorker.java:lambda$new$0(135)) - de61e307-c070-4843-8a71-857ff854f108@group-1F3DADE57F18-SegmentedRaftLogWorker: flushIndex: setUnconditionally 0 -> -1
2023-05-04 20:13:59,352 [pool-167-thread-1] INFO  segmented.SegmentedRaftLogWorker (SegmentedRaftLogWorker.java:lambda$new$0(135)) - de61e307-c070-4843-8a71-857ff854f108@group-1F3DADE57F18-SegmentedRaftLogWorker: safeCacheEvictIndex: setUnconditionally 0 -> -1
2023-05-04 20:13:59,353 [pool-167-thread-1] INFO  server.RaftServer$Division (RaftServerImpl.java:start(334)) - de61e307-c070-4843-8a71-857ff854f108@group-1F3DADE57F18: start as a follower, conf=-1: peers:[0abf101a-d700-4355-93b1-7a942eb61d40|rpc:10.1.0.20:35421|dataStream:10.1.0.20:33171|priority:1|startupRole:FOLLOWER, de61e307-c070-4843-8a71-857ff854f108|rpc:10.1.0.20:46099|dataStream:10.1.0.20:33083|priority:0|startupRole:FOLLOWER, 71eef059-4e21-465b-a9dc-55002cc631de|rpc:10.1.0.20:46399|dataStream:10.1.0.20:38957|priority:0|startupRole:FOLLOWER]|listeners:[], old=null
2023-05-04 20:13:59,353 [pool-167-thread-1] INFO  server.RaftServer$Division (RaftServerImpl.java:setRole(321)) - de61e307-c070-4843-8a71-857ff854f108@group-1F3DADE57F18: changes role from      null to FOLLOWER at term 0 for startAsFollower
2023-05-04 20:13:59,353 [pool-167-thread-1] INFO  impl.RoleInfo (RoleInfo.java:updateAndGet(139)) - de61e307-c070-4843-8a71-857ff854f108: start de61e307-c070-4843-8a71-857ff854f108@group-1F3DADE57F18-FollowerState
2023-05-04 20:13:59,353 [pool-167-thread-1] INFO  util.JmxRegister (JmxRegister.java:tryRegister(44)) - Successfully registered JMX Bean with object name Ratis:service=RaftServer,group=group-1F3DADE57F18,id=de61e307-c070-4843-8a71-857ff854f108
2023-05-04 20:13:59,353 [pool-167-thread-1] INFO  server.RaftServerConfigKeys (ConfUtils.java:logGet(46)) - raft.server.snapshot.auto.trigger.enabled = true (custom)
2023-05-04 20:13:59,353 [pool-167-thread-1] INFO  server.RaftServerConfigKeys (ConfUtils.java:logGet(46)) - raft.server.snapshot.auto.trigger.threshold = 10000 (custom)
2023-05-04 20:13:59,353 [pool-167-thread-1] INFO  server.RaftServerConfigKeys (ConfUtils.java:logGet(46)) - raft.server.snapshot.retention.file.num = 5 (custom)
2023-05-04 20:13:59,353 [pool-167-thread-1] INFO  server.RaftServerConfigKeys (ConfUtils.java:logGet(46)) - raft.server.log.purge.upto.snapshot.index = false (default)
2023-05-04 20:13:59,354 [de61e307-c070-4843-8a71-857ff854f108@group-1F3DADE57F18-FollowerState] INFO  server.RaftServerConfigKeys (ConfUtils.java:logFallback(53)) - raft.server.rpc.first-election.timeout.min = 5s (fallback to raft.server.rpc.timeout.min)
2023-05-04 20:13:59,354 [de61e307-c070-4843-8a71-857ff854f108@group-1F3DADE57F18-FollowerState] INFO  server.RaftServerConfigKeys (ConfUtils.java:logFallback(53)) - raft.server.rpc.first-election.timeout.max = 5200ms (fallback to raft.server.rpc.timeout.max)
2023-05-04 20:13:59,378 [grpc-default-executor-0] INFO  server.RaftServer (RaftServerProxy.java:addNew(96)) - 71eef059-4e21-465b-a9dc-55002cc631de: addNew group-1F3DADE57F18:[0abf101a-d700-4355-93b1-7a942eb61d40|rpc:10.1.0.20:35421|dataStream:10.1.0.20:33171|priority:1|startupRole:FOLLOWER, de61e307-c070-4843-8a71-857ff854f108|rpc:10.1.0.20:46099|dataStream:10.1.0.20:33083|priority:0|startupRole:FOLLOWER, 71eef059-4e21-465b-a9dc-55002cc631de|rpc:10.1.0.20:46399|dataStream:10.1.0.20:38957|priority:0|startupRole:FOLLOWER] returns group-1F3DADE57F18:java.util.concurrent.CompletableFuture@2af00724[Not completed]
2023-05-04 20:13:59,379 [pool-189-thread-1] INFO  server.RaftServer$Division (RaftServerImpl.java:<init>(195)) - 71eef059-4e21-465b-a9dc-55002cc631de: new RaftServerImpl for group-1F3DADE57F18:[0abf101a-d700-4355-93b1-7a942eb61d40|rpc:10.1.0.20:35421|dataStream:10.1.0.20:33171|priority:1|startupRole:FOLLOWER, de61e307-c070-4843-8a71-857ff854f108|rpc:10.1.0.20:46099|dataStream:10.1.0.20:33083|priority:0|startupRole:FOLLOWER, 71eef059-4e21-465b-a9dc-55002cc631de|rpc:10.1.0.20:46399|dataStream:10.1.0.20:38957|priority:0|startupRole:FOLLOWER] with ContainerStateMachine:uninitialized
2023-05-04 20:13:59,379 [pool-189-thread-1] INFO  server.RaftServerConfigKeys (ConfUtils.java:logGet(46)) - raft.server.rpc.timeout.min = 5s (custom)
2023-05-04 20:13:59,379 [pool-189-thread-1] INFO  server.RaftServerConfigKeys (ConfUtils.java:logGet(46)) - raft.server.rpc.timeout.max = 5200ms (custom)
2023-05-04 20:13:59,379 [pool-189-thread-1] INFO  server.RaftServerConfigKeys (ConfUtils.java:logGet(46)) - raft.server.rpc.sleep.time = 25ms (default)
2023-05-04 20:13:59,379 [pool-189-thread-1] INFO  server.RaftServerConfigKeys (ConfUtils.java:logGet(46)) - raft.server.rpc.slowness.timeout = 300s (custom)
2023-05-04 20:13:59,379 [pool-189-thread-1] INFO  server.RaftServerConfigKeys (ConfUtils.java:logGet(46)) - raft.server.leaderelection.leader.step-down.wait-time = 10s (default)
2023-05-04 20:13:59,379 [pool-189-thread-1] INFO  server.RaftServerConfigKeys (ConfUtils.java:logGet(46)) - raft.server.sleep.deviation.threshold = 300ms (default)
2023-05-04 20:13:59,379 [pool-189-thread-1] INFO  server.RaftServer$Division (ServerState.java:<init>(118)) - 71eef059-4e21-465b-a9dc-55002cc631de@group-1F3DADE57F18: ConfigurationManager, init=-1: peers:[0abf101a-d700-4355-93b1-7a942eb61d40|rpc:10.1.0.20:35421|dataStream:10.1.0.20:33171|priority:1|startupRole:FOLLOWER, de61e307-c070-4843-8a71-857ff854f108|rpc:10.1.0.20:46099|dataStream:10.1.0.20:33083|priority:0|startupRole:FOLLOWER, 71eef059-4e21-465b-a9dc-55002cc631de|rpc:10.1.0.20:46399|dataStream:10.1.0.20:38957|priority:0|startupRole:FOLLOWER]|listeners:[], old=null, confs=<EMPTY_MAP>
2023-05-04 20:13:59,379 [pool-189-thread-1] INFO  server.RaftServerConfigKeys (ConfUtils.java:logGet(46)) - raft.server.storage.dir = [/home/runner/work/ozone/ozone/hadoop-ozone/integration-test/target/test-dir/MiniOzoneClusterImpl-3ff5bc89-9620-4d46-84f6-68e3c2a3a822/datanode-5/data/ratis] (custom)
2023-05-04 20:13:59,380 [pool-189-thread-1] INFO  server.RaftServerConfigKeys (ConfUtils.java:logGet(46)) - raft.server.log.corruption.policy = EXCEPTION (default)
2023-05-04 20:13:59,380 [pool-189-thread-1] INFO  server.RaftServerConfigKeys (ConfUtils.java:logGet(46)) - raft.server.storage.free-space.min = 0MB (=0) (default)
2023-05-04 20:13:59,380 [pool-189-thread-1] INFO  server.RaftServerConfigKeys (ConfUtils.java:logGet(46)) - raft.server.notification.no-leader.timeout = 300s (custom)
2023-05-04 20:13:59,380 [pool-189-thread-1] INFO  server.RaftServerConfigKeys (ConfUtils.java:logGet(46)) - raft.server.retrycache.expirytime = 600000ms (custom)
2023-05-04 20:13:59,380 [pool-189-thread-1] INFO  server.RaftServerConfigKeys (ConfUtils.java:logGet(46)) - raft.server.retrycache.statistics.expirytime = 100μs (default)
2023-05-04 20:13:59,382 [pool-189-thread-1] INFO  server.RaftServerConfigKeys (ConfUtils.java:logGet(46)) - raft.server.log.appender.install.snapshot.enabled = false (custom)
2023-05-04 20:13:59,382 [pool-189-thread-1] INFO  server.RaftServerConfigKeys (ConfUtils.java:logGet(46)) - raft.server.threadpool.server.cached = true (default)
2023-05-04 20:13:59,382 [pool-189-thread-1] INFO  server.RaftServerConfigKeys (ConfUtils.java:logGet(46)) - raft.server.threadpool.server.size = 0 (default)
2023-05-04 20:13:59,382 [pool-189-thread-1] INFO  server.RaftServerConfigKeys (ConfUtils.java:logGet(46)) - raft.server.threadpool.client.cached = true (default)
2023-05-04 20:13:59,382 [pool-189-thread-1] INFO  server.RaftServerConfigKeys (ConfUtils.java:logGet(46)) - raft.server.threadpool.client.size = 0 (default)
2023-05-04 20:13:59,382 [pool-189-thread-1] INFO  storage.RaftStorageDirectory (RaftStorageDirectoryImpl.java:analyzeStorage(137)) - The storage directory /home/runner/work/ozone/ozone/hadoop-ozone/integration-test/target/test-dir/MiniOzoneClusterImpl-3ff5bc89-9620-4d46-84f6-68e3c2a3a822/datanode-5/data/ratis/fd3c01fa-ee31-46da-9393-1f3dade57f18 does not exist. Creating ...
2023-05-04 20:13:59,383 [pool-189-thread-1] INFO  storage.RaftStorageDirectory (RaftStorageDirectoryImpl.java:tryLock(231)) - Lock on /home/runner/work/ozone/ozone/hadoop-ozone/integration-test/target/test-dir/MiniOzoneClusterImpl-3ff5bc89-9620-4d46-84f6-68e3c2a3a822/datanode-5/data/ratis/fd3c01fa-ee31-46da-9393-1f3dade57f18/in_use.lock acquired by nodename 25037@fv-az804-457
2023-05-04 20:13:59,384 [pool-189-thread-1] INFO  storage.RaftStorage (RaftStorageImpl.java:format(96)) - Storage directory /home/runner/work/ozone/ozone/hadoop-ozone/integration-test/target/test-dir/MiniOzoneClusterImpl-3ff5bc89-9620-4d46-84f6-68e3c2a3a822/datanode-5/data/ratis/fd3c01fa-ee31-46da-9393-1f3dade57f18 has been successfully formatted.
2023-05-04 20:13:59,385 [pool-189-thread-1] INFO  ratis.ContainerStateMachine (ContainerStateMachine.java:loadSnapshot(262)) - group-1F3DADE57F18: The snapshot info is null. Setting the last applied indexto:(t:0, i:~)
2023-05-04 20:13:59,386 [pool-189-thread-1] INFO  server.RaftServerConfigKeys (ConfUtils.java:logGet(46)) - raft.server.log.use.memory = false (default)
2023-05-04 20:13:59,386 [pool-189-thread-1] INFO  server.RaftServerConfigKeys (ConfUtils.java:logGet(46)) - raft.server.log.purge.gap = 1000000 (custom)
2023-05-04 20:13:59,386 [pool-189-thread-1] INFO  server.RaftServerConfigKeys (ConfUtils.java:logGet(46)) - raft.server.log.appender.buffer.byte-limit = 33554432 (custom)
2023-05-04 20:13:59,386 [pool-189-thread-1] INFO  server.RaftServerConfigKeys (ConfUtils.java:logGet(46)) - raft.server.log.statemachine.data.read.timeout = 1000ms (default)
2023-05-04 20:13:59,386 [pool-189-thread-1] INFO  server.RaftServerConfigKeys (ConfUtils.java:logGet(46)) - raft.server.log.purge.preservation.log.num = 0 (default)
2023-05-04 20:13:59,387 [pool-189-thread-1] INFO  server.RaftServerConfigKeys (ConfUtils.java:logGet(46)) - raft.server.log.segment.size.max = 1048576 (custom)
2023-05-04 20:13:59,387 [pool-189-thread-1] INFO  server.RaftServerConfigKeys (ConfUtils.java:logGet(46)) - raft.server.log.segment.cache.num.max = 2 (custom)
2023-05-04 20:13:59,387 [pool-189-thread-1] INFO  server.RaftServerConfigKeys (ConfUtils.java:logGet(46)) - raft.server.log.segment.cache.size.max = 200MB (=209715200) (default)
2023-05-04 20:13:59,387 [pool-189-thread-1] INFO  segmented.SegmentedRaftLogWorker (SegmentedRaftLogWorker.java:<init>(189)) - new 71eef059-4e21-465b-a9dc-55002cc631de@group-1F3DADE57F18-SegmentedRaftLogWorker for RaftStorageImpl:Storage Directory /home/runner/work/ozone/ozone/hadoop-ozone/integration-test/target/test-dir/MiniOzoneClusterImpl-3ff5bc89-9620-4d46-84f6-68e3c2a3a822/datanode-5/data/ratis/fd3c01fa-ee31-46da-9393-1f3dade57f18
2023-05-04 20:13:59,387 [pool-189-thread-1] INFO  server.RaftServerConfigKeys (ConfUtils.java:logGet(46)) - raft.server.log.queue.byte-limit = 4294967296 (custom)
2023-05-04 20:13:59,387 [pool-189-thread-1] INFO  server.RaftServerConfigKeys (ConfUtils.java:logGet(46)) - raft.server.log.queue.element-limit = 1024 (custom)
2023-05-04 20:13:59,387 [pool-189-thread-1] INFO  server.RaftServerConfigKeys (ConfUtils.java:logGet(46)) - raft.server.log.segment.size.max = 1048576 (custom)
2023-05-04 20:13:59,387 [pool-189-thread-1] INFO  server.RaftServerConfigKeys (ConfUtils.java:logGet(46)) - raft.server.log.preallocated.size = 16384 (custom)
2023-05-04 20:13:59,387 [pool-189-thread-1] INFO  server.RaftServerConfigKeys (ConfUtils.java:logGet(46)) - raft.server.log.force.sync.num = 128 (default)
2023-05-04 20:13:59,387 [pool-189-thread-1] INFO  server.RaftServerConfigKeys (ConfUtils.java:logGet(46)) - raft.server.log.statemachine.data.sync = true (default)
2023-05-04 20:13:59,391 [pool-189-thread-1] INFO  server.RaftServerConfigKeys (ConfUtils.java:logGet(46)) - raft.server.log.statemachine.data.sync.timeout = 10s (default)
2023-05-04 20:13:59,392 [pool-189-thread-1] INFO  server.RaftServerConfigKeys (ConfUtils.java:logGet(46)) - raft.server.log.statemachine.data.sync.timeout.retry = -1 (default)
2023-05-04 20:13:59,393 [pool-189-thread-1] INFO  server.RaftServerConfigKeys (ConfUtils.java:logGet(46)) - raft.server.log.write.buffer.size = 1048576 (custom)
2023-05-04 20:13:59,394 [pool-189-thread-1] INFO  server.RaftServerConfigKeys (ConfUtils.java:logGet(46)) - raft.server.log.appender.buffer.byte-limit = 33554432 (custom)
2023-05-04 20:13:59,399 [pool-189-thread-1] INFO  server.RaftServerConfigKeys (ConfUtils.java:logGet(46)) - raft.server.log.unsafe-flush.enabled = false (default)
2023-05-04 20:13:59,400 [pool-189-thread-1] INFO  server.RaftServerConfigKeys (ConfUtils.java:logGet(46)) - raft.server.log.async-flush.enabled = false (default)
2023-05-04 20:13:59,400 [pool-189-thread-1] INFO  server.RaftServerConfigKeys (ConfUtils.java:logGet(46)) - raft.server.log.statemachine.data.caching.enabled = true (custom)
2023-05-04 20:13:59,400 [pool-189-thread-1] INFO  segmented.SegmentedRaftLogWorker (SegmentedRaftLogWorker.java:lambda$new$0(135)) - 71eef059-4e21-465b-a9dc-55002cc631de@group-1F3DADE57F18-SegmentedRaftLogWorker: flushIndex: setUnconditionally 0 -> -1
2023-05-04 20:13:59,400 [pool-189-thread-1] INFO  segmented.SegmentedRaftLogWorker (SegmentedRaftLogWorker.java:lambda$new$0(135)) - 71eef059-4e21-465b-a9dc-55002cc631de@group-1F3DADE57F18-SegmentedRaftLogWorker: safeCacheEvictIndex: setUnconditionally 0 -> -1
2023-05-04 20:13:59,402 [pool-189-thread-1] INFO  server.RaftServer$Division (RaftServerImpl.java:start(334)) - 71eef059-4e21-465b-a9dc-55002cc631de@group-1F3DADE57F18: start as a follower, conf=-1: peers:[0abf101a-d700-4355-93b1-7a942eb61d40|rpc:10.1.0.20:35421|dataStream:10.1.0.20:33171|priority:1|startupRole:FOLLOWER, de61e307-c070-4843-8a71-857ff854f108|rpc:10.1.0.20:46099|dataStream:10.1.0.20:33083|priority:0|startupRole:FOLLOWER, 71eef059-4e21-465b-a9dc-55002cc631de|rpc:10.1.0.20:46399|dataStream:10.1.0.20:38957|priority:0|startupRole:FOLLOWER]|listeners:[], old=null
2023-05-04 20:13:59,402 [pool-189-thread-1] INFO  server.RaftServer$Division (RaftServerImpl.java:setRole(321)) - 71eef059-4e21-465b-a9dc-55002cc631de@group-1F3DADE57F18: changes role from      null to FOLLOWER at term 0 for startAsFollower
2023-05-04 20:13:59,402 [pool-189-thread-1] INFO  impl.RoleInfo (RoleInfo.java:updateAndGet(139)) - 71eef059-4e21-465b-a9dc-55002cc631de: start 71eef059-4e21-465b-a9dc-55002cc631de@group-1F3DADE57F18-FollowerState
2023-05-04 20:13:59,406 [pool-189-thread-1] INFO  util.JmxRegister (JmxRegister.java:tryRegister(44)) - Successfully registered JMX Bean with object name Ratis:service=RaftServer,group=group-1F3DADE57F18,id=71eef059-4e21-465b-a9dc-55002cc631de
2023-05-04 20:13:59,406 [pool-189-thread-1] INFO  server.RaftServerConfigKeys (ConfUtils.java:logGet(46)) - raft.server.snapshot.auto.trigger.enabled = true (custom)
2023-05-04 20:13:59,406 [pool-189-thread-1] INFO  server.RaftServerConfigKeys (ConfUtils.java:logGet(46)) - raft.server.snapshot.auto.trigger.threshold = 10000 (custom)
2023-05-04 20:13:59,406 [pool-189-thread-1] INFO  server.RaftServerConfigKeys (ConfUtils.java:logGet(46)) - raft.server.snapshot.retention.file.num = 5 (custom)
2023-05-04 20:13:59,406 [pool-189-thread-1] INFO  server.RaftServerConfigKeys (ConfUtils.java:logGet(46)) - raft.server.log.purge.upto.snapshot.index = false (default)
2023-05-04 20:13:59,407 [71eef059-4e21-465b-a9dc-55002cc631de@group-1F3DADE57F18-FollowerState] INFO  server.RaftServerConfigKeys (ConfUtils.java:logFallback(53)) - raft.server.rpc.first-election.timeout.min = 5s (fallback to raft.server.rpc.timeout.min)
2023-05-04 20:13:59,407 [71eef059-4e21-465b-a9dc-55002cc631de@group-1F3DADE57F18-FollowerState] INFO  server.RaftServerConfigKeys (ConfUtils.java:logFallback(53)) - raft.server.rpc.first-election.timeout.max = 5200ms (fallback to raft.server.rpc.timeout.max)
2023-05-04 20:13:59,416 [Command processor thread] INFO  commandhandler.CreatePipelineCommandHandler (CreatePipelineCommandHandler.java:handle(113)) - Created Pipeline RATIS THREE PipelineID=fd3c01fa-ee31-46da-9393-1f3dade57f18.
2023-05-04 20:13:59,416 [Command processor thread] INFO  server.RaftServer (RaftServerProxy.java:addNew(96)) - 0abf101a-d700-4355-93b1-7a942eb61d40: addNew group-BF882965FFA5:[0abf101a-d700-4355-93b1-7a942eb61d40|rpc:10.1.0.20:35421|dataStream:10.1.0.20:33171|priority:0|startupRole:FOLLOWER, de61e307-c070-4843-8a71-857ff854f108|rpc:10.1.0.20:46099|dataStream:10.1.0.20:33083|priority:1|startupRole:FOLLOWER, 71eef059-4e21-465b-a9dc-55002cc631de|rpc:10.1.0.20:46399|dataStream:10.1.0.20:38957|priority:0|startupRole:FOLLOWER] returns group-BF882965FFA5:java.util.concurrent.CompletableFuture@6b5d602f[Not completed]
2023-05-04 20:13:59,417 [pool-145-thread-1] INFO  server.RaftServer$Division (RaftServerImpl.java:<init>(195)) - 0abf101a-d700-4355-93b1-7a942eb61d40: new RaftServerImpl for group-BF882965FFA5:[0abf101a-d700-4355-93b1-7a942eb61d40|rpc:10.1.0.20:35421|dataStream:10.1.0.20:33171|priority:0|startupRole:FOLLOWER, de61e307-c070-4843-8a71-857ff854f108|rpc:10.1.0.20:46099|dataStream:10.1.0.20:33083|priority:1|startupRole:FOLLOWER, 71eef059-4e21-465b-a9dc-55002cc631de|rpc:10.1.0.20:46399|dataStream:10.1.0.20:38957|priority:0|startupRole:FOLLOWER] with ContainerStateMachine:uninitialized
2023-05-04 20:13:59,418 [pool-145-thread-1] INFO  server.RaftServerConfigKeys (ConfUtils.java:logGet(46)) - raft.server.rpc.timeout.min = 5s (custom)
2023-05-04 20:13:59,418 [pool-145-thread-1] INFO  server.RaftServerConfigKeys (ConfUtils.java:logGet(46)) - raft.server.rpc.timeout.max = 5200ms (custom)
2023-05-04 20:13:59,418 [pool-145-thread-1] INFO  server.RaftServerConfigKeys (ConfUtils.java:logGet(46)) - raft.server.rpc.sleep.time = 25ms (default)
2023-05-04 20:13:59,418 [pool-145-thread-1] INFO  server.RaftServerConfigKeys (ConfUtils.java:logGet(46)) - raft.server.rpc.slowness.timeout = 300s (custom)
2023-05-04 20:13:59,418 [pool-145-thread-1] INFO  server.RaftServerConfigKeys (ConfUtils.java:logGet(46)) - raft.server.leaderelection.leader.step-down.wait-time = 10s (default)
2023-05-04 20:13:59,418 [pool-145-thread-1] INFO  server.RaftServerConfigKeys (ConfUtils.java:logGet(46)) - raft.server.sleep.deviation.threshold = 300ms (default)
2023-05-04 20:13:59,418 [pool-145-thread-1] INFO  server.RaftServer$Division (ServerState.java:<init>(118)) - 0abf101a-d700-4355-93b1-7a942eb61d40@group-BF882965FFA5: ConfigurationManager, init=-1: peers:[0abf101a-d700-4355-93b1-7a942eb61d40|rpc:10.1.0.20:35421|dataStream:10.1.0.20:33171|priority:0|startupRole:FOLLOWER, de61e307-c070-4843-8a71-857ff854f108|rpc:10.1.0.20:46099|dataStream:10.1.0.20:33083|priority:1|startupRole:FOLLOWER, 71eef059-4e21-465b-a9dc-55002cc631de|rpc:10.1.0.20:46399|dataStream:10.1.0.20:38957|priority:0|startupRole:FOLLOWER]|listeners:[], old=null, confs=<EMPTY_MAP>
2023-05-04 20:13:59,418 [pool-145-thread-1] INFO  server.RaftServerConfigKeys (ConfUtils.java:logGet(46)) - raft.server.storage.dir = [/home/runner/work/ozone/ozone/hadoop-ozone/integration-test/target/test-dir/MiniOzoneClusterImpl-3ff5bc89-9620-4d46-84f6-68e3c2a3a822/datanode-3/data/ratis] (custom)
2023-05-04 20:13:59,418 [pool-145-thread-1] INFO  server.RaftServerConfigKeys (ConfUtils.java:logGet(46)) - raft.server.log.corruption.policy = EXCEPTION (default)
2023-05-04 20:13:59,418 [pool-145-thread-1] INFO  server.RaftServerConfigKeys (ConfUtils.java:logGet(46)) - raft.server.storage.free-space.min = 0MB (=0) (default)
2023-05-04 20:13:59,418 [pool-145-thread-1] INFO  server.RaftServerConfigKeys (ConfUtils.java:logGet(46)) - raft.server.notification.no-leader.timeout = 300s (custom)
2023-05-04 20:13:59,418 [pool-145-thread-1] INFO  server.RaftServerConfigKeys (ConfUtils.java:logGet(46)) - raft.server.retrycache.expirytime = 600000ms (custom)
2023-05-04 20:13:59,418 [pool-145-thread-1] INFO  server.RaftServerConfigKeys (ConfUtils.java:logGet(46)) - raft.server.retrycache.statistics.expirytime = 100μs (default)
2023-05-04 20:13:59,420 [pool-145-thread-1] INFO  server.RaftServerConfigKeys (ConfUtils.java:logGet(46)) - raft.server.log.appender.install.snapshot.enabled = false (custom)
2023-05-04 20:13:59,420 [pool-145-thread-1] INFO  server.RaftServerConfigKeys (ConfUtils.java:logGet(46)) - raft.server.threadpool.server.cached = true (default)
2023-05-04 20:13:59,420 [pool-145-thread-1] INFO  server.RaftServerConfigKeys (ConfUtils.java:logGet(46)) - raft.server.threadpool.server.size = 0 (default)
2023-05-04 20:13:59,420 [pool-145-thread-1] INFO  server.RaftServerConfigKeys (ConfUtils.java:logGet(46)) - raft.server.threadpool.client.cached = true (default)
2023-05-04 20:13:59,420 [pool-145-thread-1] INFO  server.RaftServerConfigKeys (ConfUtils.java:logGet(46)) - raft.server.threadpool.client.size = 0 (default)
2023-05-04 20:13:59,420 [pool-145-thread-1] INFO  storage.RaftStorageDirectory (RaftStorageDirectoryImpl.java:analyzeStorage(137)) - The storage directory /home/runner/work/ozone/ozone/hadoop-ozone/integration-test/target/test-dir/MiniOzoneClusterImpl-3ff5bc89-9620-4d46-84f6-68e3c2a3a822/datanode-3/data/ratis/de307603-0b77-429d-8953-bf882965ffa5 does not exist. Creating ...
2023-05-04 20:13:59,421 [pool-145-thread-1] INFO  storage.RaftStorageDirectory (RaftStorageDirectoryImpl.java:tryLock(231)) - Lock on /home/runner/work/ozone/ozone/hadoop-ozone/integration-test/target/test-dir/MiniOzoneClusterImpl-3ff5bc89-9620-4d46-84f6-68e3c2a3a822/datanode-3/data/ratis/de307603-0b77-429d-8953-bf882965ffa5/in_use.lock acquired by nodename 25037@fv-az804-457
2023-05-04 20:13:59,422 [pool-145-thread-1] INFO  storage.RaftStorage (RaftStorageImpl.java:format(96)) - Storage directory /home/runner/work/ozone/ozone/hadoop-ozone/integration-test/target/test-dir/MiniOzoneClusterImpl-3ff5bc89-9620-4d46-84f6-68e3c2a3a822/datanode-3/data/ratis/de307603-0b77-429d-8953-bf882965ffa5 has been successfully formatted.
2023-05-04 20:13:59,422 [pool-145-thread-1] INFO  ratis.ContainerStateMachine (ContainerStateMachine.java:loadSnapshot(262)) - group-BF882965FFA5: The snapshot info is null. Setting the last applied indexto:(t:0, i:~)
2023-05-04 20:13:59,422 [pool-145-thread-1] INFO  server.RaftServerConfigKeys (ConfUtils.java:logGet(46)) - raft.server.log.use.memory = false (default)
2023-05-04 20:13:59,423 [pool-145-thread-1] INFO  server.RaftServerConfigKeys (ConfUtils.java:logGet(46)) - raft.server.log.purge.gap = 1000000 (custom)
2023-05-04 20:13:59,423 [pool-145-thread-1] INFO  server.RaftServerConfigKeys (ConfUtils.java:logGet(46)) - raft.server.log.appender.buffer.byte-limit = 33554432 (custom)
2023-05-04 20:13:59,423 [pool-145-thread-1] INFO  server.RaftServerConfigKeys (ConfUtils.java:logGet(46)) - raft.server.log.statemachine.data.read.timeout = 1000ms (default)
2023-05-04 20:13:59,423 [pool-145-thread-1] INFO  server.RaftServerConfigKeys (ConfUtils.java:logGet(46)) - raft.server.log.purge.preservation.log.num = 0 (default)
2023-05-04 20:13:59,423 [pool-145-thread-1] INFO  server.RaftServerConfigKeys (ConfUtils.java:logGet(46)) - raft.server.log.segment.size.max = 1048576 (custom)
2023-05-04 20:13:59,424 [pool-145-thread-1] INFO  server.RaftServerConfigKeys (ConfUtils.java:logGet(46)) - raft.server.log.segment.cache.num.max = 2 (custom)
2023-05-04 20:13:59,425 [EventQueue-OpenPipelineForHealthyPipelineSafeModeRule] INFO  safemode.SCMSafeModeManager (HealthyPipelineSafeModeRule.java:process(137)) - SCM in safe mode. Healthy pipelines reported count is 0, required healthy pipeline reported count is 1
2023-05-04 20:13:59,425 [pool-145-thread-1] INFO  server.RaftServerConfigKeys (ConfUtils.java:logGet(46)) - raft.server.log.segment.cache.size.max = 200MB (=209715200) (default)
2023-05-04 20:13:59,426 [pool-145-thread-1] INFO  segmented.SegmentedRaftLogWorker (SegmentedRaftLogWorker.java:<init>(189)) - new 0abf101a-d700-4355-93b1-7a942eb61d40@group-BF882965FFA5-SegmentedRaftLogWorker for RaftStorageImpl:Storage Directory /home/runner/work/ozone/ozone/hadoop-ozone/integration-test/target/test-dir/MiniOzoneClusterImpl-3ff5bc89-9620-4d46-84f6-68e3c2a3a822/datanode-3/data/ratis/de307603-0b77-429d-8953-bf882965ffa5
2023-05-04 20:13:59,426 [pool-145-thread-1] INFO  server.RaftServerConfigKeys (ConfUtils.java:logGet(46)) - raft.server.log.queue.byte-limit = 4294967296 (custom)
2023-05-04 20:13:59,426 [pool-145-thread-1] INFO  server.RaftServerConfigKeys (ConfUtils.java:logGet(46)) - raft.server.log.queue.element-limit = 1024 (custom)
2023-05-04 20:13:59,426 [pool-145-thread-1] INFO  server.RaftServerConfigKeys (ConfUtils.java:logGet(46)) - raft.server.log.segment.size.max = 1048576 (custom)
2023-05-04 20:13:59,426 [pool-145-thread-1] INFO  server.RaftServerConfigKeys (ConfUtils.java:logGet(46)) - raft.server.log.preallocated.size = 16384 (custom)
2023-05-04 20:13:59,426 [pool-145-thread-1] INFO  server.RaftServerConfigKeys (ConfUtils.java:logGet(46)) - raft.server.log.force.sync.num = 128 (default)
2023-05-04 20:13:59,426 [pool-145-thread-1] INFO  server.RaftServerConfigKeys (ConfUtils.java:logGet(46)) - raft.server.log.statemachine.data.sync = true (default)
2023-05-04 20:13:59,426 [pool-145-thread-1] INFO  server.RaftServerConfigKeys (ConfUtils.java:logGet(46)) - raft.server.log.statemachine.data.sync.timeout = 10s (default)
2023-05-04 20:13:59,426 [pool-145-thread-1] INFO  server.RaftServerConfigKeys (ConfUtils.java:logGet(46)) - raft.server.log.statemachine.data.sync.timeout.retry = -1 (default)
2023-05-04 20:13:59,427 [pool-145-thread-1] INFO  server.RaftServerConfigKeys (ConfUtils.java:logGet(46)) - raft.server.log.write.buffer.size = 1048576 (custom)
2023-05-04 20:13:59,428 [pool-145-thread-1] INFO  server.RaftServerConfigKeys (ConfUtils.java:logGet(46)) - raft.server.log.appender.buffer.byte-limit = 33554432 (custom)
2023-05-04 20:13:59,433 [pool-145-thread-1] INFO  server.RaftServerConfigKeys (ConfUtils.java:logGet(46)) - raft.server.log.unsafe-flush.enabled = false (default)
2023-05-04 20:13:59,433 [pool-145-thread-1] INFO  server.RaftServerConfigKeys (ConfUtils.java:logGet(46)) - raft.server.log.async-flush.enabled = false (default)
2023-05-04 20:13:59,433 [pool-145-thread-1] INFO  server.RaftServerConfigKeys (ConfUtils.java:logGet(46)) - raft.server.log.statemachine.data.caching.enabled = true (custom)
2023-05-04 20:13:59,433 [pool-145-thread-1] INFO  segmented.SegmentedRaftLogWorker (SegmentedRaftLogWorker.java:lambda$new$0(135)) - 0abf101a-d700-4355-93b1-7a942eb61d40@group-BF882965FFA5-SegmentedRaftLogWorker: flushIndex: setUnconditionally 0 -> -1
2023-05-04 20:13:59,433 [pool-145-thread-1] INFO  segmented.SegmentedRaftLogWorker (SegmentedRaftLogWorker.java:lambda$new$0(135)) - 0abf101a-d700-4355-93b1-7a942eb61d40@group-BF882965FFA5-SegmentedRaftLogWorker: safeCacheEvictIndex: setUnconditionally 0 -> -1
2023-05-04 20:13:59,433 [pool-145-thread-1] INFO  server.RaftServer$Division (RaftServerImpl.java:start(334)) - 0abf101a-d700-4355-93b1-7a942eb61d40@group-BF882965FFA5: start as a follower, conf=-1: peers:[0abf101a-d700-4355-93b1-7a942eb61d40|rpc:10.1.0.20:35421|dataStream:10.1.0.20:33171|priority:0|startupRole:FOLLOWER, de61e307-c070-4843-8a71-857ff854f108|rpc:10.1.0.20:46099|dataStream:10.1.0.20:33083|priority:1|startupRole:FOLLOWER, 71eef059-4e21-465b-a9dc-55002cc631de|rpc:10.1.0.20:46399|dataStream:10.1.0.20:38957|priority:0|startupRole:FOLLOWER]|listeners:[], old=null
2023-05-04 20:13:59,433 [pool-145-thread-1] INFO  server.RaftServer$Division (RaftServerImpl.java:setRole(321)) - 0abf101a-d700-4355-93b1-7a942eb61d40@group-BF882965FFA5: changes role from      null to FOLLOWER at term 0 for startAsFollower
2023-05-04 20:13:59,433 [pool-145-thread-1] INFO  impl.RoleInfo (RoleInfo.java:updateAndGet(139)) - 0abf101a-d700-4355-93b1-7a942eb61d40: start 0abf101a-d700-4355-93b1-7a942eb61d40@group-BF882965FFA5-FollowerState
2023-05-04 20:13:59,434 [pool-145-thread-1] INFO  util.JmxRegister (JmxRegister.java:tryRegister(44)) - Successfully registered JMX Bean with object name Ratis:service=RaftServer,group=group-BF882965FFA5,id=0abf101a-d700-4355-93b1-7a942eb61d40
2023-05-04 20:13:59,434 [pool-145-thread-1] INFO  server.RaftServerConfigKeys (ConfUtils.java:logGet(46)) - raft.server.snapshot.auto.trigger.enabled = true (custom)
2023-05-04 20:13:59,434 [pool-145-thread-1] INFO  server.RaftServerConfigKeys (ConfUtils.java:logGet(46)) - raft.server.snapshot.auto.trigger.threshold = 10000 (custom)
2023-05-04 20:13:59,434 [pool-145-thread-1] INFO  server.RaftServerConfigKeys (ConfUtils.java:logGet(46)) - raft.server.snapshot.retention.file.num = 5 (custom)
2023-05-04 20:13:59,434 [pool-145-thread-1] INFO  server.RaftServerConfigKeys (ConfUtils.java:logGet(46)) - raft.server.log.purge.upto.snapshot.index = false (default)
2023-05-04 20:13:59,435 [0abf101a-d700-4355-93b1-7a942eb61d40@group-BF882965FFA5-FollowerState] INFO  server.RaftServerConfigKeys (ConfUtils.java:logFallback(53)) - raft.server.rpc.first-election.timeout.min = 5s (fallback to raft.server.rpc.timeout.min)
2023-05-04 20:13:59,435 [0abf101a-d700-4355-93b1-7a942eb61d40@group-BF882965FFA5-FollowerState] INFO  server.RaftServerConfigKeys (ConfUtils.java:logFallback(53)) - raft.server.rpc.first-election.timeout.max = 5200ms (fallback to raft.server.rpc.timeout.max)
2023-05-04 20:13:59,436 [Command processor thread] INFO  ratis.XceiverServerRatis (XceiverServerRatis.java:addGroup(806)) - Created group PipelineID=de307603-0b77-429d-8953-bf882965ffa5
2023-05-04 20:13:59,450 [grpc-default-executor-0] INFO  server.RaftServer (RaftServerProxy.java:addNew(96)) - 71eef059-4e21-465b-a9dc-55002cc631de: addNew group-BF882965FFA5:[0abf101a-d700-4355-93b1-7a942eb61d40|rpc:10.1.0.20:35421|dataStream:10.1.0.20:33171|priority:0|startupRole:FOLLOWER, de61e307-c070-4843-8a71-857ff854f108|rpc:10.1.0.20:46099|dataStream:10.1.0.20:33083|priority:1|startupRole:FOLLOWER, 71eef059-4e21-465b-a9dc-55002cc631de|rpc:10.1.0.20:46399|dataStream:10.1.0.20:38957|priority:0|startupRole:FOLLOWER] returns group-BF882965FFA5:java.util.concurrent.CompletableFuture@2fc275da[Not completed]
2023-05-04 20:13:59,451 [pool-189-thread-1] INFO  server.RaftServer$Division (RaftServerImpl.java:<init>(195)) - 71eef059-4e21-465b-a9dc-55002cc631de: new RaftServerImpl for group-BF882965FFA5:[0abf101a-d700-4355-93b1-7a942eb61d40|rpc:10.1.0.20:35421|dataStream:10.1.0.20:33171|priority:0|startupRole:FOLLOWER, de61e307-c070-4843-8a71-857ff854f108|rpc:10.1.0.20:46099|dataStream:10.1.0.20:33083|priority:1|startupRole:FOLLOWER, 71eef059-4e21-465b-a9dc-55002cc631de|rpc:10.1.0.20:46399|dataStream:10.1.0.20:38957|priority:0|startupRole:FOLLOWER] with ContainerStateMachine:uninitialized
2023-05-04 20:13:59,451 [pool-189-thread-1] INFO  server.RaftServerConfigKeys (ConfUtils.java:logGet(46)) - raft.server.rpc.timeout.min = 5s (custom)
2023-05-04 20:13:59,451 [pool-189-thread-1] INFO  server.RaftServerConfigKeys (ConfUtils.java:logGet(46)) - raft.server.rpc.timeout.max = 5200ms (custom)
2023-05-04 20:13:59,451 [pool-189-thread-1] INFO  server.RaftServerConfigKeys (ConfUtils.java:logGet(46)) - raft.server.rpc.sleep.time = 25ms (default)
2023-05-04 20:13:59,451 [pool-189-thread-1] INFO  server.RaftServerConfigKeys (ConfUtils.java:logGet(46)) - raft.server.rpc.slowness.timeout = 300s (custom)
2023-05-04 20:13:59,451 [pool-189-thread-1] INFO  server.RaftServerConfigKeys (ConfUtils.java:logGet(46)) - raft.server.leaderelection.leader.step-down.wait-time = 10s (default)
2023-05-04 20:13:59,451 [pool-189-thread-1] INFO  server.RaftServerConfigKeys (ConfUtils.java:logGet(46)) - raft.server.sleep.deviation.threshold = 300ms (default)
2023-05-04 20:13:59,452 [pool-189-thread-1] INFO  server.RaftServer$Division (ServerState.java:<init>(118)) - 71eef059-4e21-465b-a9dc-55002cc631de@group-BF882965FFA5: ConfigurationManager, init=-1: peers:[0abf101a-d700-4355-93b1-7a942eb61d40|rpc:10.1.0.20:35421|dataStream:10.1.0.20:33171|priority:0|startupRole:FOLLOWER, de61e307-c070-4843-8a71-857ff854f108|rpc:10.1.0.20:46099|dataStream:10.1.0.20:33083|priority:1|startupRole:FOLLOWER, 71eef059-4e21-465b-a9dc-55002cc631de|rpc:10.1.0.20:46399|dataStream:10.1.0.20:38957|priority:0|startupRole:FOLLOWER]|listeners:[], old=null, confs=<EMPTY_MAP>
2023-05-04 20:13:59,452 [pool-189-thread-1] INFO  server.RaftServerConfigKeys (ConfUtils.java:logGet(46)) - raft.server.storage.dir = [/home/runner/work/ozone/ozone/hadoop-ozone/integration-test/target/test-dir/MiniOzoneClusterImpl-3ff5bc89-9620-4d46-84f6-68e3c2a3a822/datanode-5/data/ratis] (custom)
2023-05-04 20:13:59,452 [pool-189-thread-1] INFO  server.RaftServerConfigKeys (ConfUtils.java:logGet(46)) - raft.server.log.corruption.policy = EXCEPTION (default)
2023-05-04 20:13:59,452 [pool-189-thread-1] INFO  server.RaftServerConfigKeys (ConfUtils.java:logGet(46)) - raft.server.storage.free-space.min = 0MB (=0) (default)
2023-05-04 20:13:59,452 [pool-189-thread-1] INFO  server.RaftServerConfigKeys (ConfUtils.java:logGet(46)) - raft.server.notification.no-leader.timeout = 300s (custom)
2023-05-04 20:13:59,452 [pool-189-thread-1] INFO  server.RaftServerConfigKeys (ConfUtils.java:logGet(46)) - raft.server.retrycache.expirytime = 600000ms (custom)
2023-05-04 20:13:59,452 [pool-189-thread-1] INFO  server.RaftServerConfigKeys (ConfUtils.java:logGet(46)) - raft.server.retrycache.statistics.expirytime = 100μs (default)
2023-05-04 20:13:59,454 [pool-189-thread-1] INFO  server.RaftServerConfigKeys (ConfUtils.java:logGet(46)) - raft.server.log.appender.install.snapshot.enabled = false (custom)
2023-05-04 20:13:59,454 [pool-189-thread-1] INFO  server.RaftServerConfigKeys (ConfUtils.java:logGet(46)) - raft.server.threadpool.server.cached = true (default)
2023-05-04 20:13:59,454 [pool-189-thread-1] INFO  server.RaftServerConfigKeys (ConfUtils.java:logGet(46)) - raft.server.threadpool.server.size = 0 (default)
2023-05-04 20:13:59,454 [pool-189-thread-1] INFO  server.RaftServerConfigKeys (ConfUtils.java:logGet(46)) - raft.server.threadpool.client.cached = true (default)
2023-05-04 20:13:59,454 [pool-189-thread-1] INFO  server.RaftServerConfigKeys (ConfUtils.java:logGet(46)) - raft.server.threadpool.client.size = 0 (default)
2023-05-04 20:13:59,454 [pool-189-thread-1] INFO  storage.RaftStorageDirectory (RaftStorageDirectoryImpl.java:analyzeStorage(137)) - The storage directory /home/runner/work/ozone/ozone/hadoop-ozone/integration-test/target/test-dir/MiniOzoneClusterImpl-3ff5bc89-9620-4d46-84f6-68e3c2a3a822/datanode-5/data/ratis/de307603-0b77-429d-8953-bf882965ffa5 does not exist. Creating ...
2023-05-04 20:13:59,455 [pool-189-thread-1] INFO  storage.RaftStorageDirectory (RaftStorageDirectoryImpl.java:tryLock(231)) - Lock on /home/runner/work/ozone/ozone/hadoop-ozone/integration-test/target/test-dir/MiniOzoneClusterImpl-3ff5bc89-9620-4d46-84f6-68e3c2a3a822/datanode-5/data/ratis/de307603-0b77-429d-8953-bf882965ffa5/in_use.lock acquired by nodename 25037@fv-az804-457
2023-05-04 20:13:59,456 [pool-189-thread-1] INFO  storage.RaftStorage (RaftStorageImpl.java:format(96)) - Storage directory /home/runner/work/ozone/ozone/hadoop-ozone/integration-test/target/test-dir/MiniOzoneClusterImpl-3ff5bc89-9620-4d46-84f6-68e3c2a3a822/datanode-5/data/ratis/de307603-0b77-429d-8953-bf882965ffa5 has been successfully formatted.
2023-05-04 20:13:59,456 [pool-189-thread-1] INFO  ratis.ContainerStateMachine (ContainerStateMachine.java:loadSnapshot(262)) - group-BF882965FFA5: The snapshot info is null. Setting the last applied indexto:(t:0, i:~)
2023-05-04 20:13:59,456 [pool-189-thread-1] INFO  server.RaftServerConfigKeys (ConfUtils.java:logGet(46)) - raft.server.log.use.memory = false (default)
2023-05-04 20:13:59,458 [pool-189-thread-1] INFO  server.RaftServerConfigKeys (ConfUtils.java:logGet(46)) - raft.server.log.purge.gap = 1000000 (custom)
2023-05-04 20:13:59,458 [pool-189-thread-1] INFO  server.RaftServerConfigKeys (ConfUtils.java:logGet(46)) - raft.server.log.appender.buffer.byte-limit = 33554432 (custom)
2023-05-04 20:13:59,458 [pool-189-thread-1] INFO  server.RaftServerConfigKeys (ConfUtils.java:logGet(46)) - raft.server.log.statemachine.data.read.timeout = 1000ms (default)
2023-05-04 20:13:59,458 [pool-189-thread-1] INFO  server.RaftServerConfigKeys (ConfUtils.java:logGet(46)) - raft.server.log.purge.preservation.log.num = 0 (default)
2023-05-04 20:13:59,458 [pool-189-thread-1] INFO  server.RaftServerConfigKeys (ConfUtils.java:logGet(46)) - raft.server.log.segment.size.max = 1048576 (custom)
2023-05-04 20:13:59,459 [pool-189-thread-1] INFO  server.RaftServerConfigKeys (ConfUtils.java:logGet(46)) - raft.server.log.segment.cache.num.max = 2 (custom)
2023-05-04 20:13:59,459 [pool-189-thread-1] INFO  server.RaftServerConfigKeys (ConfUtils.java:logGet(46)) - raft.server.log.segment.cache.size.max = 200MB (=209715200) (default)
2023-05-04 20:13:59,459 [pool-189-thread-1] INFO  segmented.SegmentedRaftLogWorker (SegmentedRaftLogWorker.java:<init>(189)) - new 71eef059-4e21-465b-a9dc-55002cc631de@group-BF882965FFA5-SegmentedRaftLogWorker for RaftStorageImpl:Storage Directory /home/runner/work/ozone/ozone/hadoop-ozone/integration-test/target/test-dir/MiniOzoneClusterImpl-3ff5bc89-9620-4d46-84f6-68e3c2a3a822/datanode-5/data/ratis/de307603-0b77-429d-8953-bf882965ffa5
2023-05-04 20:13:59,459 [pool-189-thread-1] INFO  server.RaftServerConfigKeys (ConfUtils.java:logGet(46)) - raft.server.log.queue.byte-limit = 4294967296 (custom)
2023-05-04 20:13:59,459 [pool-189-thread-1] INFO  server.RaftServerConfigKeys (ConfUtils.java:logGet(46)) - raft.server.log.queue.element-limit = 1024 (custom)
2023-05-04 20:13:59,459 [pool-189-thread-1] INFO  server.RaftServerConfigKeys (ConfUtils.java:logGet(46)) - raft.server.log.segment.size.max = 1048576 (custom)
2023-05-04 20:13:59,459 [pool-189-thread-1] INFO  server.RaftServerConfigKeys (ConfUtils.java:logGet(46)) - raft.server.log.preallocated.size = 16384 (custom)
2023-05-04 20:13:59,459 [pool-189-thread-1] INFO  server.RaftServerConfigKeys (ConfUtils.java:logGet(46)) - raft.server.log.force.sync.num = 128 (default)
2023-05-04 20:13:59,459 [pool-189-thread-1] INFO  server.RaftServerConfigKeys (ConfUtils.java:logGet(46)) - raft.server.log.statemachine.data.sync = true (default)
2023-05-04 20:13:59,459 [pool-189-thread-1] INFO  server.RaftServerConfigKeys (ConfUtils.java:logGet(46)) - raft.server.log.statemachine.data.sync.timeout = 10s (default)
2023-05-04 20:13:59,459 [pool-189-thread-1] INFO  server.RaftServerConfigKeys (ConfUtils.java:logGet(46)) - raft.server.log.statemachine.data.sync.timeout.retry = -1 (default)
2023-05-04 20:13:59,460 [pool-189-thread-1] INFO  server.RaftServerConfigKeys (ConfUtils.java:logGet(46)) - raft.server.log.write.buffer.size = 1048576 (custom)
2023-05-04 20:13:59,461 [pool-189-thread-1] INFO  server.RaftServerConfigKeys (ConfUtils.java:logGet(46)) - raft.server.log.appender.buffer.byte-limit = 33554432 (custom)
2023-05-04 20:13:59,467 [pool-189-thread-1] INFO  server.RaftServerConfigKeys (ConfUtils.java:logGet(46)) - raft.server.log.unsafe-flush.enabled = false (default)
2023-05-04 20:13:59,467 [pool-189-thread-1] INFO  server.RaftServerConfigKeys (ConfUtils.java:logGet(46)) - raft.server.log.async-flush.enabled = false (default)
2023-05-04 20:13:59,467 [pool-189-thread-1] INFO  server.RaftServerConfigKeys (ConfUtils.java:logGet(46)) - raft.server.log.statemachine.data.caching.enabled = true (custom)
2023-05-04 20:13:59,467 [pool-189-thread-1] INFO  segmented.SegmentedRaftLogWorker (SegmentedRaftLogWorker.java:lambda$new$0(135)) - 71eef059-4e21-465b-a9dc-55002cc631de@group-BF882965FFA5-SegmentedRaftLogWorker: flushIndex: setUnconditionally 0 -> -1
2023-05-04 20:13:59,467 [pool-189-thread-1] INFO  segmented.SegmentedRaftLogWorker (SegmentedRaftLogWorker.java:lambda$new$0(135)) - 71eef059-4e21-465b-a9dc-55002cc631de@group-BF882965FFA5-SegmentedRaftLogWorker: safeCacheEvictIndex: setUnconditionally 0 -> -1
2023-05-04 20:13:59,468 [pool-189-thread-1] INFO  server.RaftServer$Division (RaftServerImpl.java:start(334)) - 71eef059-4e21-465b-a9dc-55002cc631de@group-BF882965FFA5: start as a follower, conf=-1: peers:[0abf101a-d700-4355-93b1-7a942eb61d40|rpc:10.1.0.20:35421|dataStream:10.1.0.20:33171|priority:0|startupRole:FOLLOWER, de61e307-c070-4843-8a71-857ff854f108|rpc:10.1.0.20:46099|dataStream:10.1.0.20:33083|priority:1|startupRole:FOLLOWER, 71eef059-4e21-465b-a9dc-55002cc631de|rpc:10.1.0.20:46399|dataStream:10.1.0.20:38957|priority:0|startupRole:FOLLOWER]|listeners:[], old=null
2023-05-04 20:13:59,468 [pool-189-thread-1] INFO  server.RaftServer$Division (RaftServerImpl.java:setRole(321)) - 71eef059-4e21-465b-a9dc-55002cc631de@group-BF882965FFA5: changes role from      null to FOLLOWER at term 0 for startAsFollower
2023-05-04 20:13:59,468 [pool-189-thread-1] INFO  impl.RoleInfo (RoleInfo.java:updateAndGet(139)) - 71eef059-4e21-465b-a9dc-55002cc631de: start 71eef059-4e21-465b-a9dc-55002cc631de@group-BF882965FFA5-FollowerState
2023-05-04 20:13:59,468 [pool-189-thread-1] INFO  util.JmxRegister (JmxRegister.java:tryRegister(44)) - Successfully registered JMX Bean with object name Ratis:service=RaftServer,group=group-BF882965FFA5,id=71eef059-4e21-465b-a9dc-55002cc631de
2023-05-04 20:13:59,468 [71eef059-4e21-465b-a9dc-55002cc631de@group-BF882965FFA5-FollowerState] INFO  server.RaftServerConfigKeys (ConfUtils.java:logFallback(53)) - raft.server.rpc.first-election.timeout.min = 5s (fallback to raft.server.rpc.timeout.min)
2023-05-04 20:13:59,468 [pool-189-thread-1] INFO  server.RaftServerConfigKeys (ConfUtils.java:logGet(46)) - raft.server.snapshot.auto.trigger.enabled = true (custom)
2023-05-04 20:13:59,468 [71eef059-4e21-465b-a9dc-55002cc631de@group-BF882965FFA5-FollowerState] INFO  server.RaftServerConfigKeys (ConfUtils.java:logFallback(53)) - raft.server.rpc.first-election.timeout.max = 5200ms (fallback to raft.server.rpc.timeout.max)
2023-05-04 20:13:59,468 [pool-189-thread-1] INFO  server.RaftServerConfigKeys (ConfUtils.java:logGet(46)) - raft.server.snapshot.auto.trigger.threshold = 10000 (custom)
2023-05-04 20:13:59,468 [pool-189-thread-1] INFO  server.RaftServerConfigKeys (ConfUtils.java:logGet(46)) - raft.server.snapshot.retention.file.num = 5 (custom)
2023-05-04 20:13:59,468 [pool-189-thread-1] INFO  server.RaftServerConfigKeys (ConfUtils.java:logGet(46)) - raft.server.log.purge.upto.snapshot.index = false (default)
2023-05-04 20:13:59,489 [IPC Server handler 10 on default port 40805] INFO  net.NetworkTopologyImpl (NetworkTopologyImpl.java:add(112)) - Added a new node: /default-rack/b4df0636-e8ba-4aa2-9ff9-49534f1768bf
2023-05-04 20:13:59,489 [IPC Server handler 10 on default port 40805] INFO  node.SCMNodeManager (SCMNodeManager.java:register(407)) - Registered Data node : b4df0636-e8ba-4aa2-9ff9-49534f1768bf{ip: 10.1.0.20, host: fv-az804-457.cvtsq3ctpw5ehehiek0yp1ke0c.cx.internal.cloudapp.net, ports: [HTTP=39675, REPLICATION=33519, RATIS=42357, RATIS_ADMIN=42357, RATIS_SERVER=42357, RATIS_DATASTREAM=43847, STANDALONE=36583], networkLocation: /default-rack, certSerialId: null, persistedOpState: null, persistedOpStateExpiryEpochSec: 0}
2023-05-04 20:13:59,490 [EventQueue-NewNodeForNewNodeHandler] INFO  pipeline.BackgroundPipelineCreator (BackgroundPipelineCreator.java:notifyEventTriggered(276)) - trigger a one-shot run on RatisPipelineUtilsThread.
2023-05-04 20:13:59,490 [RatisPipelineUtilsThread - 0] INFO  pipeline.RatisPipelineProvider (RatisPipelineProvider.java:lambda$create$0(206)) - Sending CreatePipelineCommand for pipeline:PipelineID=0f7c704f-42eb-458f-9516-bfa1ca1b2de3 to datanode:b4df0636-e8ba-4aa2-9ff9-49534f1768bf
2023-05-04 20:13:59,491 [RatisPipelineUtilsThread - 0] INFO  pipeline.PipelineStateManagerImpl (PipelineStateManagerImpl.java:addPipeline(103)) - Created pipeline Pipeline[ Id: 0f7c704f-42eb-458f-9516-bfa1ca1b2de3, Nodes: b4df0636-e8ba-4aa2-9ff9-49534f1768bf(fv-az804-457.cvtsq3ctpw5ehehiek0yp1ke0c.cx.internal.cloudapp.net/10.1.0.20), ReplicationConfig: RATIS/ONE, State:ALLOCATED, leaderId:, CreationTimestamp2023-05-04T20:13:59.490Z[Etc/UTC]].
2023-05-04 20:13:59,492 [RatisPipelineUtilsThread - 0] INFO  pipeline.RatisPipelineProvider (RatisPipelineProvider.java:lambda$create$0(206)) - Sending CreatePipelineCommand for pipeline:PipelineID=6a9d66cf-5e05-4438-8c8d-d748948e6287 to datanode:b4df0636-e8ba-4aa2-9ff9-49534f1768bf
2023-05-04 20:13:59,492 [RatisPipelineUtilsThread - 0] INFO  pipeline.RatisPipelineProvider (RatisPipelineProvider.java:lambda$create$0(206)) - Sending CreatePipelineCommand for pipeline:PipelineID=6a9d66cf-5e05-4438-8c8d-d748948e6287 to datanode:14e688c6-03f0-4578-94be-4c0bf8f01127
2023-05-04 20:13:59,492 [RatisPipelineUtilsThread - 0] INFO  pipeline.RatisPipelineProvider (RatisPipelineProvider.java:lambda$create$0(206)) - Sending CreatePipelineCommand for pipeline:PipelineID=6a9d66cf-5e05-4438-8c8d-d748948e6287 to datanode:7e411c01-6998-40d0-b507-5d7903264b15
2023-05-04 20:13:59,494 [RatisPipelineUtilsThread - 0] INFO  pipeline.PipelineStateManagerImpl (PipelineStateManagerImpl.java:addPipeline(103)) - Created pipeline Pipeline[ Id: 6a9d66cf-5e05-4438-8c8d-d748948e6287, Nodes: b4df0636-e8ba-4aa2-9ff9-49534f1768bf(fv-az804-457.cvtsq3ctpw5ehehiek0yp1ke0c.cx.internal.cloudapp.net/10.1.0.20)14e688c6-03f0-4578-94be-4c0bf8f01127(fv-az804-457.cvtsq3ctpw5ehehiek0yp1ke0c.cx.internal.cloudapp.net/10.1.0.20)7e411c01-6998-40d0-b507-5d7903264b15(fv-az804-457.cvtsq3ctpw5ehehiek0yp1ke0c.cx.internal.cloudapp.net/10.1.0.20), ReplicationConfig: RATIS/THREE, State:ALLOCATED, leaderId:, CreationTimestamp2023-05-04T20:13:59.492Z[Etc/UTC]].
2023-05-04 20:13:59,495 [RatisPipelineUtilsThread - 0] INFO  pipeline.RatisPipelineProvider (RatisPipelineProvider.java:lambda$create$0(206)) - Sending CreatePipelineCommand for pipeline:PipelineID=d57e77f3-5ed3-4048-b624-f35e2d3c19fb to datanode:7e411c01-6998-40d0-b507-5d7903264b15
2023-05-04 20:13:59,495 [RatisPipelineUtilsThread - 0] INFO  pipeline.RatisPipelineProvider (RatisPipelineProvider.java:lambda$create$0(206)) - Sending CreatePipelineCommand for pipeline:PipelineID=d57e77f3-5ed3-4048-b624-f35e2d3c19fb to datanode:b4df0636-e8ba-4aa2-9ff9-49534f1768bf
2023-05-04 20:13:59,495 [RatisPipelineUtilsThread - 0] INFO  pipeline.RatisPipelineProvider (RatisPipelineProvider.java:lambda$create$0(206)) - Sending CreatePipelineCommand for pipeline:PipelineID=d57e77f3-5ed3-4048-b624-f35e2d3c19fb to datanode:14e688c6-03f0-4578-94be-4c0bf8f01127
2023-05-04 20:13:59,495 [RatisPipelineUtilsThread - 0] INFO  pipeline.PipelineStateManagerImpl (PipelineStateManagerImpl.java:addPipeline(103)) - Created pipeline Pipeline[ Id: d57e77f3-5ed3-4048-b624-f35e2d3c19fb, Nodes: 7e411c01-6998-40d0-b507-5d7903264b15(fv-az804-457.cvtsq3ctpw5ehehiek0yp1ke0c.cx.internal.cloudapp.net/10.1.0.20)b4df0636-e8ba-4aa2-9ff9-49534f1768bf(fv-az804-457.cvtsq3ctpw5ehehiek0yp1ke0c.cx.internal.cloudapp.net/10.1.0.20)14e688c6-03f0-4578-94be-4c0bf8f01127(fv-az804-457.cvtsq3ctpw5ehehiek0yp1ke0c.cx.internal.cloudapp.net/10.1.0.20), ReplicationConfig: RATIS/THREE, State:ALLOCATED, leaderId:, CreationTimestamp2023-05-04T20:13:59.495Z[Etc/UTC]].
2023-05-04 20:13:59,496 [RatisPipelineUtilsThread - 0] INFO  pipeline.PipelineManagerImpl (PipelineManagerImpl.java:recordMetricsForPipeline(826)) - Pipeline: PipelineID=d57e77f3-5ed3-4048-b624-f35e2d3c19fb contains same datanodes as previous pipelines: PipelineID=6a9d66cf-5e05-4438-8c8d-d748948e6287 nodeIds: 7e411c01-6998-40d0-b507-5d7903264b15, b4df0636-e8ba-4aa2-9ff9-49534f1768bf, 14e688c6-03f0-4578-94be-4c0bf8f01127
2023-05-04 20:13:59,496 [RatisPipelineUtilsThread - 0] WARN  pipeline.PipelinePlacementPolicy (PipelinePlacementPolicy.java:filterViableNodes(160)) - Pipeline creation failed due to no sufficient healthy datanodes. Required 3. Found 0. Excluded 12.
2023-05-04 20:13:59,499 [grpc-default-executor-0] INFO  server.RaftServer (RaftServerProxy.java:addNew(96)) - de61e307-c070-4843-8a71-857ff854f108: addNew group-BF882965FFA5:[0abf101a-d700-4355-93b1-7a942eb61d40|rpc:10.1.0.20:35421|dataStream:10.1.0.20:33171|priority:0|startupRole:FOLLOWER, de61e307-c070-4843-8a71-857ff854f108|rpc:10.1.0.20:46099|dataStream:10.1.0.20:33083|priority:1|startupRole:FOLLOWER, 71eef059-4e21-465b-a9dc-55002cc631de|rpc:10.1.0.20:46399|dataStream:10.1.0.20:38957|priority:0|startupRole:FOLLOWER] returns group-BF882965FFA5:java.util.concurrent.CompletableFuture@1b0d8354[Not completed]
2023-05-04 20:13:59,500 [pool-167-thread-1] INFO  server.RaftServer$Division (RaftServerImpl.java:<init>(195)) - de61e307-c070-4843-8a71-857ff854f108: new RaftServerImpl for group-BF882965FFA5:[0abf101a-d700-4355-93b1-7a942eb61d40|rpc:10.1.0.20:35421|dataStream:10.1.0.20:33171|priority:0|startupRole:FOLLOWER, de61e307-c070-4843-8a71-857ff854f108|rpc:10.1.0.20:46099|dataStream:10.1.0.20:33083|priority:1|startupRole:FOLLOWER, 71eef059-4e21-465b-a9dc-55002cc631de|rpc:10.1.0.20:46399|dataStream:10.1.0.20:38957|priority:0|startupRole:FOLLOWER] with ContainerStateMachine:uninitialized
2023-05-04 20:13:59,500 [pool-167-thread-1] INFO  server.RaftServerConfigKeys (ConfUtils.java:logGet(46)) - raft.server.rpc.timeout.min = 5s (custom)
2023-05-04 20:13:59,500 [pool-167-thread-1] INFO  server.RaftServerConfigKeys (ConfUtils.java:logGet(46)) - raft.server.rpc.timeout.max = 5200ms (custom)
2023-05-04 20:13:59,500 [pool-167-thread-1] INFO  server.RaftServerConfigKeys (ConfUtils.java:logGet(46)) - raft.server.rpc.sleep.time = 25ms (default)
2023-05-04 20:13:59,500 [pool-167-thread-1] INFO  server.RaftServerConfigKeys (ConfUtils.java:logGet(46)) - raft.server.rpc.slowness.timeout = 300s (custom)
2023-05-04 20:13:59,500 [pool-167-thread-1] INFO  server.RaftServerConfigKeys (ConfUtils.java:logGet(46)) - raft.server.leaderelection.leader.step-down.wait-time = 10s (default)
2023-05-04 20:13:59,500 [pool-167-thread-1] INFO  server.RaftServerConfigKeys (ConfUtils.java:logGet(46)) - raft.server.sleep.deviation.threshold = 300ms (default)
2023-05-04 20:13:59,500 [pool-167-thread-1] INFO  server.RaftServer$Division (ServerState.java:<init>(118)) - de61e307-c070-4843-8a71-857ff854f108@group-BF882965FFA5: ConfigurationManager, init=-1: peers:[0abf101a-d700-4355-93b1-7a942eb61d40|rpc:10.1.0.20:35421|dataStream:10.1.0.20:33171|priority:0|startupRole:FOLLOWER, de61e307-c070-4843-8a71-857ff854f108|rpc:10.1.0.20:46099|dataStream:10.1.0.20:33083|priority:1|startupRole:FOLLOWER, 71eef059-4e21-465b-a9dc-55002cc631de|rpc:10.1.0.20:46399|dataStream:10.1.0.20:38957|priority:0|startupRole:FOLLOWER]|listeners:[], old=null, confs=<EMPTY_MAP>
2023-05-04 20:13:59,500 [pool-167-thread-1] INFO  server.RaftServerConfigKeys (ConfUtils.java:logGet(46)) - raft.server.storage.dir = [/home/runner/work/ozone/ozone/hadoop-ozone/integration-test/target/test-dir/MiniOzoneClusterImpl-3ff5bc89-9620-4d46-84f6-68e3c2a3a822/datanode-4/data/ratis] (custom)
2023-05-04 20:13:59,500 [pool-167-thread-1] INFO  server.RaftServerConfigKeys (ConfUtils.java:logGet(46)) - raft.server.log.corruption.policy = EXCEPTION (default)
2023-05-04 20:13:59,500 [pool-167-thread-1] INFO  server.RaftServerConfigKeys (ConfUtils.java:logGet(46)) - raft.server.storage.free-space.min = 0MB (=0) (default)
2023-05-04 20:13:59,500 [pool-167-thread-1] INFO  server.RaftServerConfigKeys (ConfUtils.java:logGet(46)) - raft.server.notification.no-leader.timeout = 300s (custom)
2023-05-04 20:13:59,501 [pool-167-thread-1] INFO  server.RaftServerConfigKeys (ConfUtils.java:logGet(46)) - raft.server.retrycache.expirytime = 600000ms (custom)
2023-05-04 20:13:59,501 [pool-167-thread-1] INFO  server.RaftServerConfigKeys (ConfUtils.java:logGet(46)) - raft.server.retrycache.statistics.expirytime = 100μs (default)
2023-05-04 20:13:59,502 [pool-167-thread-1] INFO  server.RaftServerConfigKeys (ConfUtils.java:logGet(46)) - raft.server.log.appender.install.snapshot.enabled = false (custom)
2023-05-04 20:13:59,502 [pool-167-thread-1] INFO  server.RaftServerConfigKeys (ConfUtils.java:logGet(46)) - raft.server.threadpool.server.cached = true (default)
2023-05-04 20:13:59,502 [pool-167-thread-1] INFO  server.RaftServerConfigKeys (ConfUtils.java:logGet(46)) - raft.server.threadpool.server.size = 0 (default)
2023-05-04 20:13:59,502 [pool-167-thread-1] INFO  server.RaftServerConfigKeys (ConfUtils.java:logGet(46)) - raft.server.threadpool.client.cached = true (default)
2023-05-04 20:13:59,502 [pool-167-thread-1] INFO  server.RaftServerConfigKeys (ConfUtils.java:logGet(46)) - raft.server.threadpool.client.size = 0 (default)
2023-05-04 20:13:59,502 [pool-167-thread-1] INFO  storage.RaftStorageDirectory (RaftStorageDirectoryImpl.java:analyzeStorage(137)) - The storage directory /home/runner/work/ozone/ozone/hadoop-ozone/integration-test/target/test-dir/MiniOzoneClusterImpl-3ff5bc89-9620-4d46-84f6-68e3c2a3a822/datanode-4/data/ratis/de307603-0b77-429d-8953-bf882965ffa5 does not exist. Creating ...
2023-05-04 20:13:59,503 [pool-167-thread-1] INFO  storage.RaftStorageDirectory (RaftStorageDirectoryImpl.java:tryLock(231)) - Lock on /home/runner/work/ozone/ozone/hadoop-ozone/integration-test/target/test-dir/MiniOzoneClusterImpl-3ff5bc89-9620-4d46-84f6-68e3c2a3a822/datanode-4/data/ratis/de307603-0b77-429d-8953-bf882965ffa5/in_use.lock acquired by nodename 25037@fv-az804-457
2023-05-04 20:13:59,504 [pool-167-thread-1] INFO  storage.RaftStorage (RaftStorageImpl.java:format(96)) - Storage directory /home/runner/work/ozone/ozone/hadoop-ozone/integration-test/target/test-dir/MiniOzoneClusterImpl-3ff5bc89-9620-4d46-84f6-68e3c2a3a822/datanode-4/data/ratis/de307603-0b77-429d-8953-bf882965ffa5 has been successfully formatted.
2023-05-04 20:13:59,504 [pool-167-thread-1] INFO  ratis.ContainerStateMachine (ContainerStateMachine.java:loadSnapshot(262)) - group-BF882965FFA5: The snapshot info is null. Setting the last applied indexto:(t:0, i:~)
2023-05-04 20:13:59,504 [pool-167-thread-1] INFO  server.RaftServerConfigKeys (ConfUtils.java:logGet(46)) - raft.server.log.use.memory = false (default)
2023-05-04 20:13:59,504 [pool-167-thread-1] INFO  server.RaftServerConfigKeys (ConfUtils.java:logGet(46)) - raft.server.log.purge.gap = 1000000 (custom)
2023-05-04 20:13:59,505 [pool-167-thread-1] INFO  server.RaftServerConfigKeys (ConfUtils.java:logGet(46)) - raft.server.log.appender.buffer.byte-limit = 33554432 (custom)
2023-05-04 20:13:59,505 [pool-167-thread-1] INFO  server.RaftServerConfigKeys (ConfUtils.java:logGet(46)) - raft.server.log.statemachine.data.read.timeout = 1000ms (default)
2023-05-04 20:13:59,505 [pool-167-thread-1] INFO  server.RaftServerConfigKeys (ConfUtils.java:logGet(46)) - raft.server.log.purge.preservation.log.num = 0 (default)
2023-05-04 20:13:59,505 [pool-167-thread-1] INFO  server.RaftServerConfigKeys (ConfUtils.java:logGet(46)) - raft.server.log.segment.size.max = 1048576 (custom)
2023-05-04 20:13:59,505 [pool-167-thread-1] INFO  server.RaftServerConfigKeys (ConfUtils.java:logGet(46)) - raft.server.log.segment.cache.num.max = 2 (custom)
2023-05-04 20:13:59,505 [pool-167-thread-1] INFO  server.RaftServerConfigKeys (ConfUtils.java:logGet(46)) - raft.server.log.segment.cache.size.max = 200MB (=209715200) (default)
2023-05-04 20:13:59,505 [pool-167-thread-1] INFO  segmented.SegmentedRaftLogWorker (SegmentedRaftLogWorker.java:<init>(189)) - new de61e307-c070-4843-8a71-857ff854f108@group-BF882965FFA5-SegmentedRaftLogWorker for RaftStorageImpl:Storage Directory /home/runner/work/ozone/ozone/hadoop-ozone/integration-test/target/test-dir/MiniOzoneClusterImpl-3ff5bc89-9620-4d46-84f6-68e3c2a3a822/datanode-4/data/ratis/de307603-0b77-429d-8953-bf882965ffa5
2023-05-04 20:13:59,505 [pool-167-thread-1] INFO  server.RaftServerConfigKeys (ConfUtils.java:logGet(46)) - raft.server.log.queue.byte-limit = 4294967296 (custom)
2023-05-04 20:13:59,505 [pool-167-thread-1] INFO  server.RaftServerConfigKeys (ConfUtils.java:logGet(46)) - raft.server.log.queue.element-limit = 1024 (custom)
2023-05-04 20:13:59,505 [pool-167-thread-1] INFO  server.RaftServerConfigKeys (ConfUtils.java:logGet(46)) - raft.server.log.segment.size.max = 1048576 (custom)
2023-05-04 20:13:59,505 [pool-167-thread-1] INFO  server.RaftServerConfigKeys (ConfUtils.java:logGet(46)) - raft.server.log.preallocated.size = 16384 (custom)
2023-05-04 20:13:59,506 [pool-167-thread-1] INFO  server.RaftServerConfigKeys (ConfUtils.java:logGet(46)) - raft.server.log.force.sync.num = 128 (default)
2023-05-04 20:13:59,506 [pool-167-thread-1] INFO  server.RaftServerConfigKeys (ConfUtils.java:logGet(46)) - raft.server.log.statemachine.data.sync = true (default)
2023-05-04 20:13:59,506 [pool-167-thread-1] INFO  server.RaftServerConfigKeys (ConfUtils.java:logGet(46)) - raft.server.log.statemachine.data.sync.timeout = 10s (default)
2023-05-04 20:13:59,506 [pool-167-thread-1] INFO  server.RaftServerConfigKeys (ConfUtils.java:logGet(46)) - raft.server.log.statemachine.data.sync.timeout.retry = -1 (default)
2023-05-04 20:13:59,507 [pool-167-thread-1] INFO  server.RaftServerConfigKeys (ConfUtils.java:logGet(46)) - raft.server.log.write.buffer.size = 1048576 (custom)
2023-05-04 20:13:59,507 [pool-167-thread-1] INFO  server.RaftServerConfigKeys (ConfUtils.java:logGet(46)) - raft.server.log.appender.buffer.byte-limit = 33554432 (custom)
2023-05-04 20:13:59,514 [pool-167-thread-1] INFO  server.RaftServerConfigKeys (ConfUtils.java:logGet(46)) - raft.server.log.unsafe-flush.enabled = false (default)
2023-05-04 20:13:59,514 [pool-167-thread-1] INFO  server.RaftServerConfigKeys (ConfUtils.java:logGet(46)) - raft.server.log.async-flush.enabled = false (default)
2023-05-04 20:13:59,514 [pool-167-thread-1] INFO  server.RaftServerConfigKeys (ConfUtils.java:logGet(46)) - raft.server.log.statemachine.data.caching.enabled = true (custom)
2023-05-04 20:13:59,515 [pool-167-thread-1] INFO  segmented.SegmentedRaftLogWorker (SegmentedRaftLogWorker.java:lambda$new$0(135)) - de61e307-c070-4843-8a71-857ff854f108@group-BF882965FFA5-SegmentedRaftLogWorker: flushIndex: setUnconditionally 0 -> -1
2023-05-04 20:13:59,515 [pool-167-thread-1] INFO  segmented.SegmentedRaftLogWorker (SegmentedRaftLogWorker.java:lambda$new$0(135)) - de61e307-c070-4843-8a71-857ff854f108@group-BF882965FFA5-SegmentedRaftLogWorker: safeCacheEvictIndex: setUnconditionally 0 -> -1
2023-05-04 20:13:59,515 [pool-167-thread-1] INFO  server.RaftServer$Division (RaftServerImpl.java:start(334)) - de61e307-c070-4843-8a71-857ff854f108@group-BF882965FFA5: start as a follower, conf=-1: peers:[0abf101a-d700-4355-93b1-7a942eb61d40|rpc:10.1.0.20:35421|dataStream:10.1.0.20:33171|priority:0|startupRole:FOLLOWER, de61e307-c070-4843-8a71-857ff854f108|rpc:10.1.0.20:46099|dataStream:10.1.0.20:33083|priority:1|startupRole:FOLLOWER, 71eef059-4e21-465b-a9dc-55002cc631de|rpc:10.1.0.20:46399|dataStream:10.1.0.20:38957|priority:0|startupRole:FOLLOWER]|listeners:[], old=null
2023-05-04 20:13:59,515 [pool-167-thread-1] INFO  server.RaftServer$Division (RaftServerImpl.java:setRole(321)) - de61e307-c070-4843-8a71-857ff854f108@group-BF882965FFA5: changes role from      null to FOLLOWER at term 0 for startAsFollower
2023-05-04 20:13:59,515 [pool-167-thread-1] INFO  impl.RoleInfo (RoleInfo.java:updateAndGet(139)) - de61e307-c070-4843-8a71-857ff854f108: start de61e307-c070-4843-8a71-857ff854f108@group-BF882965FFA5-FollowerState
2023-05-04 20:13:59,515 [pool-167-thread-1] INFO  util.JmxRegister (JmxRegister.java:tryRegister(44)) - Successfully registered JMX Bean with object name Ratis:service=RaftServer,group=group-BF882965FFA5,id=de61e307-c070-4843-8a71-857ff854f108
2023-05-04 20:13:59,515 [pool-167-thread-1] INFO  server.RaftServerConfigKeys (ConfUtils.java:logGet(46)) - raft.server.snapshot.auto.trigger.enabled = true (custom)
2023-05-04 20:13:59,515 [de61e307-c070-4843-8a71-857ff854f108@group-BF882965FFA5-FollowerState] INFO  server.RaftServerConfigKeys (ConfUtils.java:logFallback(53)) - raft.server.rpc.first-election.timeout.min = 5s (fallback to raft.server.rpc.timeout.min)
2023-05-04 20:13:59,515 [pool-167-thread-1] INFO  server.RaftServerConfigKeys (ConfUtils.java:logGet(46)) - raft.server.snapshot.auto.trigger.threshold = 10000 (custom)
2023-05-04 20:13:59,516 [de61e307-c070-4843-8a71-857ff854f108@group-BF882965FFA5-FollowerState] INFO  server.RaftServerConfigKeys (ConfUtils.java:logFallback(53)) - raft.server.rpc.first-election.timeout.max = 5200ms (fallback to raft.server.rpc.timeout.max)
2023-05-04 20:13:59,516 [pool-167-thread-1] INFO  server.RaftServerConfigKeys (ConfUtils.java:logGet(46)) - raft.server.snapshot.retention.file.num = 5 (custom)
2023-05-04 20:13:59,516 [pool-167-thread-1] INFO  server.RaftServerConfigKeys (ConfUtils.java:logGet(46)) - raft.server.log.purge.upto.snapshot.index = false (default)
2023-05-04 20:13:59,529 [Command processor thread] INFO  commandhandler.CreatePipelineCommandHandler (CreatePipelineCommandHandler.java:handle(113)) - Created Pipeline RATIS THREE PipelineID=de307603-0b77-429d-8953-bf882965ffa5.
2023-05-04 20:13:59,623 [Command processor thread] INFO  server.RaftServer (RaftServerProxy.java:addNew(96)) - de61e307-c070-4843-8a71-857ff854f108: addNew group-20AE48363296:[de61e307-c070-4843-8a71-857ff854f108|rpc:10.1.0.20:46099|dataStream:10.1.0.20:33083|priority:1|startupRole:FOLLOWER] returns group-20AE48363296:java.util.concurrent.CompletableFuture@52bd96da[Not completed]
2023-05-04 20:13:59,624 [pool-167-thread-1] INFO  server.RaftServer$Division (RaftServerImpl.java:<init>(195)) - de61e307-c070-4843-8a71-857ff854f108: new RaftServerImpl for group-20AE48363296:[de61e307-c070-4843-8a71-857ff854f108|rpc:10.1.0.20:46099|dataStream:10.1.0.20:33083|priority:1|startupRole:FOLLOWER] with ContainerStateMachine:uninitialized
2023-05-04 20:13:59,625 [pool-167-thread-1] INFO  server.RaftServerConfigKeys (ConfUtils.java:logGet(46)) - raft.server.rpc.timeout.min = 5s (custom)
2023-05-04 20:13:59,625 [pool-167-thread-1] INFO  server.RaftServerConfigKeys (ConfUtils.java:logGet(46)) - raft.server.rpc.timeout.max = 5200ms (custom)
2023-05-04 20:13:59,625 [pool-167-thread-1] INFO  server.RaftServerConfigKeys (ConfUtils.java:logGet(46)) - raft.server.rpc.sleep.time = 25ms (default)
2023-05-04 20:13:59,625 [pool-167-thread-1] INFO  server.RaftServerConfigKeys (ConfUtils.java:logGet(46)) - raft.server.rpc.slowness.timeout = 300s (custom)
2023-05-04 20:13:59,625 [pool-167-thread-1] INFO  server.RaftServerConfigKeys (ConfUtils.java:logGet(46)) - raft.server.leaderelection.leader.step-down.wait-time = 10s (default)
2023-05-04 20:13:59,625 [pool-167-thread-1] INFO  server.RaftServerConfigKeys (ConfUtils.java:logGet(46)) - raft.server.sleep.deviation.threshold = 300ms (default)
2023-05-04 20:13:59,625 [pool-167-thread-1] INFO  server.RaftServer$Division (ServerState.java:<init>(118)) - de61e307-c070-4843-8a71-857ff854f108@group-20AE48363296: ConfigurationManager, init=-1: peers:[de61e307-c070-4843-8a71-857ff854f108|rpc:10.1.0.20:46099|dataStream:10.1.0.20:33083|priority:1|startupRole:FOLLOWER]|listeners:[], old=null, confs=<EMPTY_MAP>
2023-05-04 20:13:59,625 [pool-167-thread-1] INFO  server.RaftServerConfigKeys (ConfUtils.java:logGet(46)) - raft.server.storage.dir = [/home/runner/work/ozone/ozone/hadoop-ozone/integration-test/target/test-dir/MiniOzoneClusterImpl-3ff5bc89-9620-4d46-84f6-68e3c2a3a822/datanode-4/data/ratis] (custom)
2023-05-04 20:13:59,625 [pool-167-thread-1] INFO  server.RaftServerConfigKeys (ConfUtils.java:logGet(46)) - raft.server.log.corruption.policy = EXCEPTION (default)
2023-05-04 20:13:59,625 [pool-167-thread-1] INFO  server.RaftServerConfigKeys (ConfUtils.java:logGet(46)) - raft.server.storage.free-space.min = 0MB (=0) (default)
2023-05-04 20:13:59,625 [pool-167-thread-1] INFO  server.RaftServerConfigKeys (ConfUtils.java:logGet(46)) - raft.server.notification.no-leader.timeout = 300s (custom)
2023-05-04 20:13:59,625 [pool-167-thread-1] INFO  server.RaftServerConfigKeys (ConfUtils.java:logGet(46)) - raft.server.retrycache.expirytime = 600000ms (custom)
2023-05-04 20:13:59,625 [pool-167-thread-1] INFO  server.RaftServerConfigKeys (ConfUtils.java:logGet(46)) - raft.server.retrycache.statistics.expirytime = 100μs (default)
2023-05-04 20:13:59,627 [pool-167-thread-1] INFO  server.RaftServerConfigKeys (ConfUtils.java:logGet(46)) - raft.server.log.appender.install.snapshot.enabled = false (custom)
2023-05-04 20:13:59,627 [pool-167-thread-1] INFO  server.RaftServerConfigKeys (ConfUtils.java:logGet(46)) - raft.server.threadpool.server.cached = true (default)
2023-05-04 20:13:59,627 [pool-167-thread-1] INFO  server.RaftServerConfigKeys (ConfUtils.java:logGet(46)) - raft.server.threadpool.server.size = 0 (default)
2023-05-04 20:13:59,627 [pool-167-thread-1] INFO  server.RaftServerConfigKeys (ConfUtils.java:logGet(46)) - raft.server.threadpool.client.cached = true (default)
2023-05-04 20:13:59,627 [pool-167-thread-1] INFO  server.RaftServerConfigKeys (ConfUtils.java:logGet(46)) - raft.server.threadpool.client.size = 0 (default)
2023-05-04 20:13:59,627 [pool-167-thread-1] INFO  storage.RaftStorageDirectory (RaftStorageDirectoryImpl.java:analyzeStorage(137)) - The storage directory /home/runner/work/ozone/ozone/hadoop-ozone/integration-test/target/test-dir/MiniOzoneClusterImpl-3ff5bc89-9620-4d46-84f6-68e3c2a3a822/datanode-4/data/ratis/641dc280-675a-4a83-9c0a-20ae48363296 does not exist. Creating ...
2023-05-04 20:13:59,628 [pool-167-thread-1] INFO  storage.RaftStorageDirectory (RaftStorageDirectoryImpl.java:tryLock(231)) - Lock on /home/runner/work/ozone/ozone/hadoop-ozone/integration-test/target/test-dir/MiniOzoneClusterImpl-3ff5bc89-9620-4d46-84f6-68e3c2a3a822/datanode-4/data/ratis/641dc280-675a-4a83-9c0a-20ae48363296/in_use.lock acquired by nodename 25037@fv-az804-457
2023-05-04 20:13:59,629 [pool-167-thread-1] INFO  storage.RaftStorage (RaftStorageImpl.java:format(96)) - Storage directory /home/runner/work/ozone/ozone/hadoop-ozone/integration-test/target/test-dir/MiniOzoneClusterImpl-3ff5bc89-9620-4d46-84f6-68e3c2a3a822/datanode-4/data/ratis/641dc280-675a-4a83-9c0a-20ae48363296 has been successfully formatted.
2023-05-04 20:13:59,630 [pool-167-thread-1] INFO  ratis.ContainerStateMachine (ContainerStateMachine.java:loadSnapshot(262)) - group-20AE48363296: The snapshot info is null. Setting the last applied indexto:(t:0, i:~)
2023-05-04 20:13:59,630 [pool-167-thread-1] INFO  server.RaftServerConfigKeys (ConfUtils.java:logGet(46)) - raft.server.log.use.memory = false (default)
2023-05-04 20:13:59,630 [pool-167-thread-1] INFO  server.RaftServerConfigKeys (ConfUtils.java:logGet(46)) - raft.server.log.purge.gap = 1000000 (custom)
2023-05-04 20:13:59,631 [pool-167-thread-1] INFO  server.RaftServerConfigKeys (ConfUtils.java:logGet(46)) - raft.server.log.appender.buffer.byte-limit = 33554432 (custom)
2023-05-04 20:13:59,631 [pool-167-thread-1] INFO  server.RaftServerConfigKeys (ConfUtils.java:logGet(46)) - raft.server.log.statemachine.data.read.timeout = 1000ms (default)
2023-05-04 20:13:59,631 [pool-167-thread-1] INFO  server.RaftServerConfigKeys (ConfUtils.java:logGet(46)) - raft.server.log.purge.preservation.log.num = 0 (default)
2023-05-04 20:13:59,631 [pool-167-thread-1] INFO  server.RaftServerConfigKeys (ConfUtils.java:logGet(46)) - raft.server.log.segment.size.max = 1048576 (custom)
2023-05-04 20:13:59,631 [pool-167-thread-1] INFO  server.RaftServerConfigKeys (ConfUtils.java:logGet(46)) - raft.server.log.segment.cache.num.max = 2 (custom)
2023-05-04 20:13:59,631 [EventQueue-PipelineReportForPipelineReportHandler] INFO  pipeline.PipelineManagerImpl (PipelineManagerImpl.java:openPipeline(367)) - Pipeline Pipeline[ Id: 641dc280-675a-4a83-9c0a-20ae48363296, Nodes: de61e307-c070-4843-8a71-857ff854f108(fv-az804-457.cvtsq3ctpw5ehehiek0yp1ke0c.cx.internal.cloudapp.net/10.1.0.20), ReplicationConfig: RATIS/ONE, State:ALLOCATED, leaderId:de61e307-c070-4843-8a71-857ff854f108, CreationTimestamp2023-05-04T20:13:56.627Z[Etc/UTC]] moved to OPEN state
2023-05-04 20:13:59,632 [EventQueue-OpenPipelineForHealthyPipelineSafeModeRule] INFO  safemode.SCMSafeModeManager (HealthyPipelineSafeModeRule.java:process(137)) - SCM in safe mode. Healthy pipelines reported count is 0, required healthy pipeline reported count is 1
2023-05-04 20:13:59,631 [pool-167-thread-1] INFO  server.RaftServerConfigKeys (ConfUtils.java:logGet(46)) - raft.server.log.segment.cache.size.max = 200MB (=209715200) (default)
2023-05-04 20:13:59,632 [pool-167-thread-1] INFO  segmented.SegmentedRaftLogWorker (SegmentedRaftLogWorker.java:<init>(189)) - new de61e307-c070-4843-8a71-857ff854f108@group-20AE48363296-SegmentedRaftLogWorker for RaftStorageImpl:Storage Directory /home/runner/work/ozone/ozone/hadoop-ozone/integration-test/target/test-dir/MiniOzoneClusterImpl-3ff5bc89-9620-4d46-84f6-68e3c2a3a822/datanode-4/data/ratis/641dc280-675a-4a83-9c0a-20ae48363296
2023-05-04 20:13:59,632 [pool-167-thread-1] INFO  server.RaftServerConfigKeys (ConfUtils.java:logGet(46)) - raft.server.log.queue.byte-limit = 4294967296 (custom)
2023-05-04 20:13:59,632 [pool-167-thread-1] INFO  server.RaftServerConfigKeys (ConfUtils.java:logGet(46)) - raft.server.log.queue.element-limit = 1024 (custom)
2023-05-04 20:13:59,632 [pool-167-thread-1] INFO  server.RaftServerConfigKeys (ConfUtils.java:logGet(46)) - raft.server.log.segment.size.max = 1048576 (custom)
2023-05-04 20:13:59,632 [pool-167-thread-1] INFO  server.RaftServerConfigKeys (ConfUtils.java:logGet(46)) - raft.server.log.preallocated.size = 16384 (custom)
2023-05-04 20:13:59,632 [pool-167-thread-1] INFO  server.RaftServerConfigKeys (ConfUtils.java:logGet(46)) - raft.server.log.force.sync.num = 128 (default)
2023-05-04 20:13:59,633 [pool-167-thread-1] INFO  server.RaftServerConfigKeys (ConfUtils.java:logGet(46)) - raft.server.log.statemachine.data.sync = true (default)
2023-05-04 20:13:59,634 [pool-167-thread-1] INFO  server.RaftServerConfigKeys (ConfUtils.java:logGet(46)) - raft.server.log.statemachine.data.sync.timeout = 10s (default)
2023-05-04 20:13:59,634 [pool-167-thread-1] INFO  server.RaftServerConfigKeys (ConfUtils.java:logGet(46)) - raft.server.log.statemachine.data.sync.timeout.retry = -1 (default)
2023-05-04 20:13:59,635 [pool-167-thread-1] INFO  server.RaftServerConfigKeys (ConfUtils.java:logGet(46)) - raft.server.log.write.buffer.size = 1048576 (custom)
2023-05-04 20:13:59,635 [pool-167-thread-1] INFO  server.RaftServerConfigKeys (ConfUtils.java:logGet(46)) - raft.server.log.appender.buffer.byte-limit = 33554432 (custom)
2023-05-04 20:13:59,640 [pool-167-thread-1] INFO  server.RaftServerConfigKeys (ConfUtils.java:logGet(46)) - raft.server.log.unsafe-flush.enabled = false (default)
2023-05-04 20:13:59,640 [pool-167-thread-1] INFO  server.RaftServerConfigKeys (ConfUtils.java:logGet(46)) - raft.server.log.async-flush.enabled = false (default)
2023-05-04 20:13:59,640 [pool-167-thread-1] INFO  server.RaftServerConfigKeys (ConfUtils.java:logGet(46)) - raft.server.log.statemachine.data.caching.enabled = true (custom)
2023-05-04 20:13:59,640 [pool-167-thread-1] INFO  segmented.SegmentedRaftLogWorker (SegmentedRaftLogWorker.java:lambda$new$0(135)) - de61e307-c070-4843-8a71-857ff854f108@group-20AE48363296-SegmentedRaftLogWorker: flushIndex: setUnconditionally 0 -> -1
2023-05-04 20:13:59,640 [pool-167-thread-1] INFO  segmented.SegmentedRaftLogWorker (SegmentedRaftLogWorker.java:lambda$new$0(135)) - de61e307-c070-4843-8a71-857ff854f108@group-20AE48363296-SegmentedRaftLogWorker: safeCacheEvictIndex: setUnconditionally 0 -> -1
2023-05-04 20:13:59,641 [pool-167-thread-1] INFO  server.RaftServer$Division (RaftServerImpl.java:start(334)) - de61e307-c070-4843-8a71-857ff854f108@group-20AE48363296: start as a follower, conf=-1: peers:[de61e307-c070-4843-8a71-857ff854f108|rpc:10.1.0.20:46099|dataStream:10.1.0.20:33083|priority:1|startupRole:FOLLOWER]|listeners:[], old=null
2023-05-04 20:13:59,641 [pool-167-thread-1] INFO  server.RaftServer$Division (RaftServerImpl.java:setRole(321)) - de61e307-c070-4843-8a71-857ff854f108@group-20AE48363296: changes role from      null to FOLLOWER at term 0 for startAsFollower
2023-05-04 20:13:59,641 [pool-167-thread-1] INFO  impl.RoleInfo (RoleInfo.java:updateAndGet(139)) - de61e307-c070-4843-8a71-857ff854f108: start de61e307-c070-4843-8a71-857ff854f108@group-20AE48363296-FollowerState
2023-05-04 20:13:59,641 [de61e307-c070-4843-8a71-857ff854f108@group-20AE48363296-FollowerState] INFO  server.RaftServerConfigKeys (ConfUtils.java:logFallback(53)) - raft.server.rpc.first-election.timeout.min = 5s (fallback to raft.server.rpc.timeout.min)
2023-05-04 20:13:59,641 [pool-167-thread-1] INFO  util.JmxRegister (JmxRegister.java:tryRegister(44)) - Successfully registered JMX Bean with object name Ratis:service=RaftServer,group=group-20AE48363296,id=de61e307-c070-4843-8a71-857ff854f108
2023-05-04 20:13:59,641 [de61e307-c070-4843-8a71-857ff854f108@group-20AE48363296-FollowerState] INFO  server.RaftServerConfigKeys (ConfUtils.java:logFallback(53)) - raft.server.rpc.first-election.timeout.max = 5200ms (fallback to raft.server.rpc.timeout.max)
2023-05-04 20:13:59,641 [pool-167-thread-1] INFO  server.RaftServerConfigKeys (ConfUtils.java:logGet(46)) - raft.server.snapshot.auto.trigger.enabled = true (custom)
2023-05-04 20:13:59,641 [pool-167-thread-1] INFO  server.RaftServerConfigKeys (ConfUtils.java:logGet(46)) - raft.server.snapshot.auto.trigger.threshold = 10000 (custom)
2023-05-04 20:13:59,641 [pool-167-thread-1] INFO  server.RaftServerConfigKeys (ConfUtils.java:logGet(46)) - raft.server.snapshot.retention.file.num = 5 (custom)
2023-05-04 20:13:59,641 [pool-167-thread-1] INFO  server.RaftServerConfigKeys (ConfUtils.java:logGet(46)) - raft.server.log.purge.upto.snapshot.index = false (default)
2023-05-04 20:13:59,642 [Command processor thread] INFO  ratis.XceiverServerRatis (XceiverServerRatis.java:addGroup(806)) - Created group PipelineID=641dc280-675a-4a83-9c0a-20ae48363296
2023-05-04 20:13:59,642 [Command processor thread] INFO  commandhandler.CreatePipelineCommandHandler (CreatePipelineCommandHandler.java:handle(113)) - Created Pipeline RATIS ONE PipelineID=641dc280-675a-4a83-9c0a-20ae48363296.
2023-05-04 20:13:59,943 [IPC Server handler 13 on default port 40805] INFO  net.NetworkTopologyImpl (NetworkTopologyImpl.java:add(112)) - Added a new node: /default-rack/4fbe5812-23fe-4964-8001-699203e4df4b
2023-05-04 20:13:59,943 [IPC Server handler 13 on default port 40805] INFO  node.SCMNodeManager (SCMNodeManager.java:register(407)) - Registered Data node : 4fbe5812-23fe-4964-8001-699203e4df4b{ip: 10.1.0.20, host: fv-az804-457.cvtsq3ctpw5ehehiek0yp1ke0c.cx.internal.cloudapp.net, ports: [HTTP=45203, REPLICATION=46293, RATIS=46327, RATIS_ADMIN=46327, RATIS_SERVER=46327, RATIS_DATASTREAM=36187, STANDALONE=45579], networkLocation: /default-rack, certSerialId: null, persistedOpState: null, persistedOpStateExpiryEpochSec: 0}
2023-05-04 20:13:59,943 [EventQueue-NewNodeForNewNodeHandler] INFO  pipeline.BackgroundPipelineCreator (BackgroundPipelineCreator.java:notifyEventTriggered(276)) - trigger a one-shot run on RatisPipelineUtilsThread.
2023-05-04 20:13:59,944 [RatisPipelineUtilsThread - 0] INFO  pipeline.RatisPipelineProvider (RatisPipelineProvider.java:lambda$create$0(206)) - Sending CreatePipelineCommand for pipeline:PipelineID=2e762cb1-716c-4104-bac6-521cd7c40ef4 to datanode:4fbe5812-23fe-4964-8001-699203e4df4b
2023-05-04 20:13:59,944 [RatisPipelineUtilsThread - 0] INFO  pipeline.PipelineStateManagerImpl (PipelineStateManagerImpl.java:addPipeline(103)) - Created pipeline Pipeline[ Id: 2e762cb1-716c-4104-bac6-521cd7c40ef4, Nodes: 4fbe5812-23fe-4964-8001-699203e4df4b(fv-az804-457.cvtsq3ctpw5ehehiek0yp1ke0c.cx.internal.cloudapp.net/10.1.0.20), ReplicationConfig: RATIS/ONE, State:ALLOCATED, leaderId:, CreationTimestamp2023-05-04T20:13:59.944Z[Etc/UTC]].
2023-05-04 20:13:59,945 [RatisPipelineUtilsThread - 0] WARN  pipeline.PipelinePlacementPolicy (PipelinePlacementPolicy.java:filterViableNodes(160)) - Pipeline creation failed due to no sufficient healthy datanodes. Required 3. Found 1. Excluded 12.
2023-05-04 20:14:00,085 [Command processor thread] INFO  server.RaftServer (RaftServerProxy.java:addNew(96)) - 71eef059-4e21-465b-a9dc-55002cc631de: addNew group-C1F28D4D0ED1:[71eef059-4e21-465b-a9dc-55002cc631de|rpc:10.1.0.20:46399|dataStream:10.1.0.20:38957|priority:1|startupRole:FOLLOWER] returns group-C1F28D4D0ED1:java.util.concurrent.CompletableFuture@50070083[Not completed]
2023-05-04 20:14:00,086 [pool-189-thread-1] INFO  server.RaftServer$Division (RaftServerImpl.java:<init>(195)) - 71eef059-4e21-465b-a9dc-55002cc631de: new RaftServerImpl for group-C1F28D4D0ED1:[71eef059-4e21-465b-a9dc-55002cc631de|rpc:10.1.0.20:46399|dataStream:10.1.0.20:38957|priority:1|startupRole:FOLLOWER] with ContainerStateMachine:uninitialized
2023-05-04 20:14:00,086 [pool-189-thread-1] INFO  server.RaftServerConfigKeys (ConfUtils.java:logGet(46)) - raft.server.rpc.timeout.min = 5s (custom)
2023-05-04 20:14:00,086 [pool-189-thread-1] INFO  server.RaftServerConfigKeys (ConfUtils.java:logGet(46)) - raft.server.rpc.timeout.max = 5200ms (custom)
2023-05-04 20:14:00,086 [pool-189-thread-1] INFO  server.RaftServerConfigKeys (ConfUtils.java:logGet(46)) - raft.server.rpc.sleep.time = 25ms (default)
2023-05-04 20:14:00,086 [pool-189-thread-1] INFO  server.RaftServerConfigKeys (ConfUtils.java:logGet(46)) - raft.server.rpc.slowness.timeout = 300s (custom)
2023-05-04 20:14:00,086 [pool-189-thread-1] INFO  server.RaftServerConfigKeys (ConfUtils.java:logGet(46)) - raft.server.leaderelection.leader.step-down.wait-time = 10s (default)
2023-05-04 20:14:00,086 [pool-189-thread-1] INFO  server.RaftServerConfigKeys (ConfUtils.java:logGet(46)) - raft.server.sleep.deviation.threshold = 300ms (default)
2023-05-04 20:14:00,086 [pool-189-thread-1] INFO  server.RaftServer$Division (ServerState.java:<init>(118)) - 71eef059-4e21-465b-a9dc-55002cc631de@group-C1F28D4D0ED1: ConfigurationManager, init=-1: peers:[71eef059-4e21-465b-a9dc-55002cc631de|rpc:10.1.0.20:46399|dataStream:10.1.0.20:38957|priority:1|startupRole:FOLLOWER]|listeners:[], old=null, confs=<EMPTY_MAP>
2023-05-04 20:14:00,086 [pool-189-thread-1] INFO  server.RaftServerConfigKeys (ConfUtils.java:logGet(46)) - raft.server.storage.dir = [/home/runner/work/ozone/ozone/hadoop-ozone/integration-test/target/test-dir/MiniOzoneClusterImpl-3ff5bc89-9620-4d46-84f6-68e3c2a3a822/datanode-5/data/ratis] (custom)
2023-05-04 20:14:00,087 [pool-189-thread-1] INFO  server.RaftServerConfigKeys (ConfUtils.java:logGet(46)) - raft.server.log.corruption.policy = EXCEPTION (default)
2023-05-04 20:14:00,087 [pool-189-thread-1] INFO  server.RaftServerConfigKeys (ConfUtils.java:logGet(46)) - raft.server.storage.free-space.min = 0MB (=0) (default)
2023-05-04 20:14:00,087 [pool-189-thread-1] INFO  server.RaftServerConfigKeys (ConfUtils.java:logGet(46)) - raft.server.notification.no-leader.timeout = 300s (custom)
2023-05-04 20:14:00,087 [pool-189-thread-1] INFO  server.RaftServerConfigKeys (ConfUtils.java:logGet(46)) - raft.server.retrycache.expirytime = 600000ms (custom)
2023-05-04 20:14:00,087 [pool-189-thread-1] INFO  server.RaftServerConfigKeys (ConfUtils.java:logGet(46)) - raft.server.retrycache.statistics.expirytime = 100μs (default)
2023-05-04 20:14:00,088 [pool-189-thread-1] INFO  server.RaftServerConfigKeys (ConfUtils.java:logGet(46)) - raft.server.log.appender.install.snapshot.enabled = false (custom)
2023-05-04 20:14:00,088 [pool-189-thread-1] INFO  server.RaftServerConfigKeys (ConfUtils.java:logGet(46)) - raft.server.threadpool.server.cached = true (default)
2023-05-04 20:14:00,088 [pool-189-thread-1] INFO  server.RaftServerConfigKeys (ConfUtils.java:logGet(46)) - raft.server.threadpool.server.size = 0 (default)
2023-05-04 20:14:00,088 [pool-189-thread-1] INFO  server.RaftServerConfigKeys (ConfUtils.java:logGet(46)) - raft.server.threadpool.client.cached = true (default)
2023-05-04 20:14:00,088 [pool-189-thread-1] INFO  server.RaftServerConfigKeys (ConfUtils.java:logGet(46)) - raft.server.threadpool.client.size = 0 (default)
2023-05-04 20:14:00,089 [pool-189-thread-1] INFO  storage.RaftStorageDirectory (RaftStorageDirectoryImpl.java:analyzeStorage(137)) - The storage directory /home/runner/work/ozone/ozone/hadoop-ozone/integration-test/target/test-dir/MiniOzoneClusterImpl-3ff5bc89-9620-4d46-84f6-68e3c2a3a822/datanode-5/data/ratis/437c5172-2a0d-4b18-bc40-c1f28d4d0ed1 does not exist. Creating ...
2023-05-04 20:14:00,090 [pool-189-thread-1] INFO  storage.RaftStorageDirectory (RaftStorageDirectoryImpl.java:tryLock(231)) - Lock on /home/runner/work/ozone/ozone/hadoop-ozone/integration-test/target/test-dir/MiniOzoneClusterImpl-3ff5bc89-9620-4d46-84f6-68e3c2a3a822/datanode-5/data/ratis/437c5172-2a0d-4b18-bc40-c1f28d4d0ed1/in_use.lock acquired by nodename 25037@fv-az804-457
2023-05-04 20:14:00,092 [pool-189-thread-1] INFO  storage.RaftStorage (RaftStorageImpl.java:format(96)) - Storage directory /home/runner/work/ozone/ozone/hadoop-ozone/integration-test/target/test-dir/MiniOzoneClusterImpl-3ff5bc89-9620-4d46-84f6-68e3c2a3a822/datanode-5/data/ratis/437c5172-2a0d-4b18-bc40-c1f28d4d0ed1 has been successfully formatted.
2023-05-04 20:14:00,092 [pool-189-thread-1] INFO  ratis.ContainerStateMachine (ContainerStateMachine.java:loadSnapshot(262)) - group-C1F28D4D0ED1: The snapshot info is null. Setting the last applied indexto:(t:0, i:~)
2023-05-04 20:14:00,093 [pool-189-thread-1] INFO  server.RaftServerConfigKeys (ConfUtils.java:logGet(46)) - raft.server.log.use.memory = false (default)
2023-05-04 20:14:00,093 [pool-189-thread-1] INFO  server.RaftServerConfigKeys (ConfUtils.java:logGet(46)) - raft.server.log.purge.gap = 1000000 (custom)
2023-05-04 20:14:00,093 [pool-189-thread-1] INFO  server.RaftServerConfigKeys (ConfUtils.java:logGet(46)) - raft.server.log.appender.buffer.byte-limit = 33554432 (custom)
2023-05-04 20:14:00,093 [pool-189-thread-1] INFO  server.RaftServerConfigKeys (ConfUtils.java:logGet(46)) - raft.server.log.statemachine.data.read.timeout = 1000ms (default)
2023-05-04 20:14:00,093 [pool-189-thread-1] INFO  server.RaftServerConfigKeys (ConfUtils.java:logGet(46)) - raft.server.log.purge.preservation.log.num = 0 (default)
2023-05-04 20:14:00,094 [EventQueue-PipelineReportForPipelineReportHandler] INFO  pipeline.PipelineManagerImpl (PipelineManagerImpl.java:openPipeline(367)) - Pipeline Pipeline[ Id: 437c5172-2a0d-4b18-bc40-c1f28d4d0ed1, Nodes: 71eef059-4e21-465b-a9dc-55002cc631de(fv-az804-457.cvtsq3ctpw5ehehiek0yp1ke0c.cx.internal.cloudapp.net/10.1.0.20), ReplicationConfig: RATIS/ONE, State:ALLOCATED, leaderId:71eef059-4e21-465b-a9dc-55002cc631de, CreationTimestamp2023-05-04T20:13:57.088Z[Etc/UTC]] moved to OPEN state
2023-05-04 20:14:00,095 [EventQueue-OpenPipelineForHealthyPipelineSafeModeRule] INFO  safemode.SCMSafeModeManager (HealthyPipelineSafeModeRule.java:process(137)) - SCM in safe mode. Healthy pipelines reported count is 0, required healthy pipeline reported count is 1
2023-05-04 20:14:00,095 [pool-189-thread-1] INFO  server.RaftServerConfigKeys (ConfUtils.java:logGet(46)) - raft.server.log.segment.size.max = 1048576 (custom)
2023-05-04 20:14:00,095 [pool-189-thread-1] INFO  server.RaftServerConfigKeys (ConfUtils.java:logGet(46)) - raft.server.log.segment.cache.num.max = 2 (custom)
2023-05-04 20:14:00,096 [pool-189-thread-1] INFO  server.RaftServerConfigKeys (ConfUtils.java:logGet(46)) - raft.server.log.segment.cache.size.max = 200MB (=209715200) (default)
2023-05-04 20:14:00,096 [pool-189-thread-1] INFO  segmented.SegmentedRaftLogWorker (SegmentedRaftLogWorker.java:<init>(189)) - new 71eef059-4e21-465b-a9dc-55002cc631de@group-C1F28D4D0ED1-SegmentedRaftLogWorker for RaftStorageImpl:Storage Directory /home/runner/work/ozone/ozone/hadoop-ozone/integration-test/target/test-dir/MiniOzoneClusterImpl-3ff5bc89-9620-4d46-84f6-68e3c2a3a822/datanode-5/data/ratis/437c5172-2a0d-4b18-bc40-c1f28d4d0ed1
2023-05-04 20:14:00,096 [pool-189-thread-1] INFO  server.RaftServerConfigKeys (ConfUtils.java:logGet(46)) - raft.server.log.queue.byte-limit = 4294967296 (custom)
2023-05-04 20:14:00,096 [pool-189-thread-1] INFO  server.RaftServerConfigKeys (ConfUtils.java:logGet(46)) - raft.server.log.queue.element-limit = 1024 (custom)
2023-05-04 20:14:00,096 [pool-189-thread-1] INFO  server.RaftServerConfigKeys (ConfUtils.java:logGet(46)) - raft.server.log.segment.size.max = 1048576 (custom)
2023-05-04 20:14:00,096 [pool-189-thread-1] INFO  server.RaftServerConfigKeys (ConfUtils.java:logGet(46)) - raft.server.log.preallocated.size = 16384 (custom)
2023-05-04 20:14:00,096 [pool-189-thread-1] INFO  server.RaftServerConfigKeys (ConfUtils.java:logGet(46)) - raft.server.log.force.sync.num = 128 (default)
2023-05-04 20:14:00,096 [pool-189-thread-1] INFO  server.RaftServerConfigKeys (ConfUtils.java:logGet(46)) - raft.server.log.statemachine.data.sync = true (default)
2023-05-04 20:14:00,096 [pool-189-thread-1] INFO  server.RaftServerConfigKeys (ConfUtils.java:logGet(46)) - raft.server.log.statemachine.data.sync.timeout = 10s (default)
2023-05-04 20:14:00,096 [pool-189-thread-1] INFO  server.RaftServerConfigKeys (ConfUtils.java:logGet(46)) - raft.server.log.statemachine.data.sync.timeout.retry = -1 (default)
2023-05-04 20:14:00,097 [pool-189-thread-1] INFO  server.RaftServerConfigKeys (ConfUtils.java:logGet(46)) - raft.server.log.write.buffer.size = 1048576 (custom)
2023-05-04 20:14:00,098 [pool-189-thread-1] INFO  server.RaftServerConfigKeys (ConfUtils.java:logGet(46)) - raft.server.log.appender.buffer.byte-limit = 33554432 (custom)
2023-05-04 20:14:00,105 [pool-189-thread-1] INFO  server.RaftServerConfigKeys (ConfUtils.java:logGet(46)) - raft.server.log.unsafe-flush.enabled = false (default)
2023-05-04 20:14:00,105 [pool-189-thread-1] INFO  server.RaftServerConfigKeys (ConfUtils.java:logGet(46)) - raft.server.log.async-flush.enabled = false (default)
2023-05-04 20:14:00,105 [pool-189-thread-1] INFO  server.RaftServerConfigKeys (ConfUtils.java:logGet(46)) - raft.server.log.statemachine.data.caching.enabled = true (custom)
2023-05-04 20:14:00,105 [pool-189-thread-1] INFO  segmented.SegmentedRaftLogWorker (SegmentedRaftLogWorker.java:lambda$new$0(135)) - 71eef059-4e21-465b-a9dc-55002cc631de@group-C1F28D4D0ED1-SegmentedRaftLogWorker: flushIndex: setUnconditionally 0 -> -1
2023-05-04 20:14:00,105 [pool-189-thread-1] INFO  segmented.SegmentedRaftLogWorker (SegmentedRaftLogWorker.java:lambda$new$0(135)) - 71eef059-4e21-465b-a9dc-55002cc631de@group-C1F28D4D0ED1-SegmentedRaftLogWorker: safeCacheEvictIndex: setUnconditionally 0 -> -1
2023-05-04 20:14:00,105 [pool-189-thread-1] INFO  server.RaftServer$Division (RaftServerImpl.java:start(334)) - 71eef059-4e21-465b-a9dc-55002cc631de@group-C1F28D4D0ED1: start as a follower, conf=-1: peers:[71eef059-4e21-465b-a9dc-55002cc631de|rpc:10.1.0.20:46399|dataStream:10.1.0.20:38957|priority:1|startupRole:FOLLOWER]|listeners:[], old=null
2023-05-04 20:14:00,105 [pool-189-thread-1] INFO  server.RaftServer$Division (RaftServerImpl.java:setRole(321)) - 71eef059-4e21-465b-a9dc-55002cc631de@group-C1F28D4D0ED1: changes role from      null to FOLLOWER at term 0 for startAsFollower
2023-05-04 20:14:00,106 [pool-189-thread-1] INFO  impl.RoleInfo (RoleInfo.java:updateAndGet(139)) - 71eef059-4e21-465b-a9dc-55002cc631de: start 71eef059-4e21-465b-a9dc-55002cc631de@group-C1F28D4D0ED1-FollowerState
2023-05-04 20:14:00,108 [pool-189-thread-1] INFO  util.JmxRegister (JmxRegister.java:tryRegister(44)) - Successfully registered JMX Bean with object name Ratis:service=RaftServer,group=group-C1F28D4D0ED1,id=71eef059-4e21-465b-a9dc-55002cc631de
2023-05-04 20:14:00,108 [pool-189-thread-1] INFO  server.RaftServerConfigKeys (ConfUtils.java:logGet(46)) - raft.server.snapshot.auto.trigger.enabled = true (custom)
2023-05-04 20:14:00,108 [pool-189-thread-1] INFO  server.RaftServerConfigKeys (ConfUtils.java:logGet(46)) - raft.server.snapshot.auto.trigger.threshold = 10000 (custom)
2023-05-04 20:14:00,108 [pool-189-thread-1] INFO  server.RaftServerConfigKeys (ConfUtils.java:logGet(46)) - raft.server.snapshot.retention.file.num = 5 (custom)
2023-05-04 20:14:00,108 [pool-189-thread-1] INFO  server.RaftServerConfigKeys (ConfUtils.java:logGet(46)) - raft.server.log.purge.upto.snapshot.index = false (default)
2023-05-04 20:14:00,108 [71eef059-4e21-465b-a9dc-55002cc631de@group-C1F28D4D0ED1-FollowerState] INFO  server.RaftServerConfigKeys (ConfUtils.java:logFallback(53)) - raft.server.rpc.first-election.timeout.min = 5s (fallback to raft.server.rpc.timeout.min)
2023-05-04 20:14:00,108 [71eef059-4e21-465b-a9dc-55002cc631de@group-C1F28D4D0ED1-FollowerState] INFO  server.RaftServerConfigKeys (ConfUtils.java:logFallback(53)) - raft.server.rpc.first-election.timeout.max = 5200ms (fallback to raft.server.rpc.timeout.max)
2023-05-04 20:14:00,110 [Command processor thread] INFO  ratis.XceiverServerRatis (XceiverServerRatis.java:addGroup(806)) - Created group PipelineID=437c5172-2a0d-4b18-bc40-c1f28d4d0ed1
2023-05-04 20:14:00,110 [Command processor thread] INFO  commandhandler.CreatePipelineCommandHandler (CreatePipelineCommandHandler.java:handle(113)) - Created Pipeline RATIS ONE PipelineID=437c5172-2a0d-4b18-bc40-c1f28d4d0ed1.
2023-05-04 20:14:00,348 [Listener at 127.0.0.1/35517] INFO  ozone.MiniOzoneClusterImpl (MiniOzoneClusterImpl.java:lambda$waitForClusterToBeReady$0(223)) - Waiting for nodes to be ready. Got 13 of 14 DN Heartbeats.
2023-05-04 20:14:00,349 [Listener at 127.0.0.1/35517] INFO  ozone.MiniOzoneClusterImpl (MiniOzoneClusterImpl.java:lambda$waitForClusterToBeReady$0(226)) - Waiting for cluster to exit safe mode
2023-05-04 20:14:00,349 [Listener at 127.0.0.1/35517] INFO  ozone.MiniOzoneClusterImpl (MiniOzoneClusterImpl.java:lambda$waitForClusterToBeReady$0(228)) - SCM became leader
2023-05-04 20:14:00,351 [IPC Server handler 1 on default port 40805] INFO  net.NetworkTopologyImpl (NetworkTopologyImpl.java:add(112)) - Added a new node: /default-rack/c223e4a1-7dec-454b-846f-941d08347586
2023-05-04 20:14:00,351 [IPC Server handler 1 on default port 40805] INFO  node.SCMNodeManager (SCMNodeManager.java:register(407)) - Registered Data node : c223e4a1-7dec-454b-846f-941d08347586{ip: 10.1.0.20, host: fv-az804-457.cvtsq3ctpw5ehehiek0yp1ke0c.cx.internal.cloudapp.net, ports: [HTTP=35039, REPLICATION=33557, RATIS=45317, RATIS_ADMIN=45317, RATIS_SERVER=45317, RATIS_DATASTREAM=46135, STANDALONE=45365], networkLocation: /default-rack, certSerialId: null, persistedOpState: null, persistedOpStateExpiryEpochSec: 0}
2023-05-04 20:14:00,351 [EventQueue-NewNodeForNewNodeHandler] INFO  pipeline.BackgroundPipelineCreator (BackgroundPipelineCreator.java:notifyEventTriggered(276)) - trigger a one-shot run on RatisPipelineUtilsThread.
2023-05-04 20:14:00,354 [RatisPipelineUtilsThread - 0] INFO  pipeline.RatisPipelineProvider (RatisPipelineProvider.java:lambda$create$0(206)) - Sending CreatePipelineCommand for pipeline:PipelineID=53a11a99-2225-4dd9-abf0-2e93272e0d91 to datanode:c223e4a1-7dec-454b-846f-941d08347586
2023-05-04 20:14:00,354 [RatisPipelineUtilsThread - 0] INFO  pipeline.PipelineStateManagerImpl (PipelineStateManagerImpl.java:addPipeline(103)) - Created pipeline Pipeline[ Id: 53a11a99-2225-4dd9-abf0-2e93272e0d91, Nodes: c223e4a1-7dec-454b-846f-941d08347586(fv-az804-457.cvtsq3ctpw5ehehiek0yp1ke0c.cx.internal.cloudapp.net/10.1.0.20), ReplicationConfig: RATIS/ONE, State:ALLOCATED, leaderId:, CreationTimestamp2023-05-04T20:14:00.354Z[Etc/UTC]].
2023-05-04 20:14:00,357 [RatisPipelineUtilsThread - 0] WARN  pipeline.PipelinePlacementPolicy (PipelinePlacementPolicy.java:filterViableNodes(160)) - Pipeline creation failed due to no sufficient healthy datanodes. Required 3. Found 2. Excluded 12.
2023-05-04 20:14:00,525 [Command processor thread] INFO  server.RaftServer (RaftServerProxy.java:addNew(96)) - eaea20cf-c5ca-4d45-84fe-4a8214ec7204: addNew group-8640C2C8E310:[eaea20cf-c5ca-4d45-84fe-4a8214ec7204|rpc:10.1.0.20:42299|dataStream:10.1.0.20:45285|priority:1|startupRole:FOLLOWER] returns group-8640C2C8E310:java.util.concurrent.CompletableFuture@491aaf53[Not completed]
2023-05-04 20:14:00,527 [pool-215-thread-1] INFO  server.RaftServer$Division (RaftServerImpl.java:<init>(195)) - eaea20cf-c5ca-4d45-84fe-4a8214ec7204: new RaftServerImpl for group-8640C2C8E310:[eaea20cf-c5ca-4d45-84fe-4a8214ec7204|rpc:10.1.0.20:42299|dataStream:10.1.0.20:45285|priority:1|startupRole:FOLLOWER] with ContainerStateMachine:uninitialized
2023-05-04 20:14:00,527 [pool-215-thread-1] INFO  server.RaftServerConfigKeys (ConfUtils.java:logGet(46)) - raft.server.rpc.timeout.min = 5s (custom)
2023-05-04 20:14:00,527 [pool-215-thread-1] INFO  server.RaftServerConfigKeys (ConfUtils.java:logGet(46)) - raft.server.rpc.timeout.max = 5200ms (custom)
2023-05-04 20:14:00,527 [pool-215-thread-1] INFO  server.RaftServerConfigKeys (ConfUtils.java:logGet(46)) - raft.server.rpc.sleep.time = 25ms (default)
2023-05-04 20:14:00,527 [pool-215-thread-1] INFO  server.RaftServerConfigKeys (ConfUtils.java:logGet(46)) - raft.server.rpc.slowness.timeout = 300s (custom)
2023-05-04 20:14:00,527 [pool-215-thread-1] INFO  server.RaftServerConfigKeys (ConfUtils.java:logGet(46)) - raft.server.leaderelection.leader.step-down.wait-time = 10s (default)
2023-05-04 20:14:00,527 [pool-215-thread-1] INFO  server.RaftServerConfigKeys (ConfUtils.java:logGet(46)) - raft.server.sleep.deviation.threshold = 300ms (default)
2023-05-04 20:14:00,527 [pool-215-thread-1] INFO  server.RaftServer$Division (ServerState.java:<init>(118)) - eaea20cf-c5ca-4d45-84fe-4a8214ec7204@group-8640C2C8E310: ConfigurationManager, init=-1: peers:[eaea20cf-c5ca-4d45-84fe-4a8214ec7204|rpc:10.1.0.20:42299|dataStream:10.1.0.20:45285|priority:1|startupRole:FOLLOWER]|listeners:[], old=null, confs=<EMPTY_MAP>
2023-05-04 20:14:00,527 [pool-215-thread-1] INFO  server.RaftServerConfigKeys (ConfUtils.java:logGet(46)) - raft.server.storage.dir = [/home/runner/work/ozone/ozone/hadoop-ozone/integration-test/target/test-dir/MiniOzoneClusterImpl-3ff5bc89-9620-4d46-84f6-68e3c2a3a822/datanode-6/data/ratis] (custom)
2023-05-04 20:14:00,528 [pool-215-thread-1] INFO  server.RaftServerConfigKeys (ConfUtils.java:logGet(46)) - raft.server.log.corruption.policy = EXCEPTION (default)
2023-05-04 20:14:00,528 [pool-215-thread-1] INFO  server.RaftServerConfigKeys (ConfUtils.java:logGet(46)) - raft.server.storage.free-space.min = 0MB (=0) (default)
2023-05-04 20:14:00,528 [pool-215-thread-1] INFO  server.RaftServerConfigKeys (ConfUtils.java:logGet(46)) - raft.server.notification.no-leader.timeout = 300s (custom)
2023-05-04 20:14:00,528 [pool-215-thread-1] INFO  server.RaftServerConfigKeys (ConfUtils.java:logGet(46)) - raft.server.retrycache.expirytime = 600000ms (custom)
2023-05-04 20:14:00,528 [pool-215-thread-1] INFO  server.RaftServerConfigKeys (ConfUtils.java:logGet(46)) - raft.server.retrycache.statistics.expirytime = 100μs (default)
2023-05-04 20:14:00,534 [pool-215-thread-1] INFO  server.RaftServerConfigKeys (ConfUtils.java:logGet(46)) - raft.server.log.appender.install.snapshot.enabled = false (custom)
2023-05-04 20:14:00,534 [pool-215-thread-1] INFO  server.RaftServerConfigKeys (ConfUtils.java:logGet(46)) - raft.server.threadpool.server.cached = true (default)
2023-05-04 20:14:00,534 [pool-215-thread-1] INFO  server.RaftServerConfigKeys (ConfUtils.java:logGet(46)) - raft.server.threadpool.server.size = 0 (default)
2023-05-04 20:14:00,534 [pool-215-thread-1] INFO  server.RaftServerConfigKeys (ConfUtils.java:logGet(46)) - raft.server.threadpool.client.cached = true (default)
2023-05-04 20:14:00,534 [pool-215-thread-1] INFO  server.RaftServerConfigKeys (ConfUtils.java:logGet(46)) - raft.server.threadpool.client.size = 0 (default)
2023-05-04 20:14:00,534 [pool-215-thread-1] INFO  storage.RaftStorageDirectory (RaftStorageDirectoryImpl.java:analyzeStorage(137)) - The storage directory /home/runner/work/ozone/ozone/hadoop-ozone/integration-test/target/test-dir/MiniOzoneClusterImpl-3ff5bc89-9620-4d46-84f6-68e3c2a3a822/datanode-6/data/ratis/0153d314-1f98-4100-a599-8640c2c8e310 does not exist. Creating ...
2023-05-04 20:14:00,536 [pool-215-thread-1] INFO  storage.RaftStorageDirectory (RaftStorageDirectoryImpl.java:tryLock(231)) - Lock on /home/runner/work/ozone/ozone/hadoop-ozone/integration-test/target/test-dir/MiniOzoneClusterImpl-3ff5bc89-9620-4d46-84f6-68e3c2a3a822/datanode-6/data/ratis/0153d314-1f98-4100-a599-8640c2c8e310/in_use.lock acquired by nodename 25037@fv-az804-457
2023-05-04 20:14:00,537 [pool-215-thread-1] INFO  storage.RaftStorage (RaftStorageImpl.java:format(96)) - Storage directory /home/runner/work/ozone/ozone/hadoop-ozone/integration-test/target/test-dir/MiniOzoneClusterImpl-3ff5bc89-9620-4d46-84f6-68e3c2a3a822/datanode-6/data/ratis/0153d314-1f98-4100-a599-8640c2c8e310 has been successfully formatted.
2023-05-04 20:14:00,538 [pool-215-thread-1] INFO  ratis.ContainerStateMachine (ContainerStateMachine.java:loadSnapshot(262)) - group-8640C2C8E310: The snapshot info is null. Setting the last applied indexto:(t:0, i:~)
2023-05-04 20:14:00,539 [pool-215-thread-1] INFO  server.RaftServerConfigKeys (ConfUtils.java:logGet(46)) - raft.server.log.use.memory = false (default)
2023-05-04 20:14:00,539 [pool-215-thread-1] INFO  server.RaftServerConfigKeys (ConfUtils.java:logGet(46)) - raft.server.log.purge.gap = 1000000 (custom)
2023-05-04 20:14:00,539 [pool-215-thread-1] INFO  server.RaftServerConfigKeys (ConfUtils.java:logGet(46)) - raft.server.log.appender.buffer.byte-limit = 33554432 (custom)
2023-05-04 20:14:00,539 [pool-215-thread-1] INFO  server.RaftServerConfigKeys (ConfUtils.java:logGet(46)) - raft.server.log.statemachine.data.read.timeout = 1000ms (default)
2023-05-04 20:14:00,539 [pool-215-thread-1] INFO  server.RaftServerConfigKeys (ConfUtils.java:logGet(46)) - raft.server.log.purge.preservation.log.num = 0 (default)
2023-05-04 20:14:00,539 [pool-215-thread-1] INFO  server.RaftServerConfigKeys (ConfUtils.java:logGet(46)) - raft.server.log.segment.size.max = 1048576 (custom)
2023-05-04 20:14:00,540 [pool-215-thread-1] INFO  server.RaftServerConfigKeys (ConfUtils.java:logGet(46)) - raft.server.log.segment.cache.num.max = 2 (custom)
2023-05-04 20:14:00,540 [pool-215-thread-1] INFO  server.RaftServerConfigKeys (ConfUtils.java:logGet(46)) - raft.server.log.segment.cache.size.max = 200MB (=209715200) (default)
2023-05-04 20:14:00,540 [pool-215-thread-1] INFO  segmented.SegmentedRaftLogWorker (SegmentedRaftLogWorker.java:<init>(189)) - new eaea20cf-c5ca-4d45-84fe-4a8214ec7204@group-8640C2C8E310-SegmentedRaftLogWorker for RaftStorageImpl:Storage Directory /home/runner/work/ozone/ozone/hadoop-ozone/integration-test/target/test-dir/MiniOzoneClusterImpl-3ff5bc89-9620-4d46-84f6-68e3c2a3a822/datanode-6/data/ratis/0153d314-1f98-4100-a599-8640c2c8e310
2023-05-04 20:14:00,540 [pool-215-thread-1] INFO  server.RaftServerConfigKeys (ConfUtils.java:logGet(46)) - raft.server.log.queue.byte-limit = 4294967296 (custom)
2023-05-04 20:14:00,540 [EventQueue-PipelineReportForPipelineReportHandler] INFO  pipeline.PipelineManagerImpl (PipelineManagerImpl.java:openPipeline(367)) - Pipeline Pipeline[ Id: 0153d314-1f98-4100-a599-8640c2c8e310, Nodes: eaea20cf-c5ca-4d45-84fe-4a8214ec7204(fv-az804-457.cvtsq3ctpw5ehehiek0yp1ke0c.cx.internal.cloudapp.net/10.1.0.20), ReplicationConfig: RATIS/ONE, State:ALLOCATED, leaderId:eaea20cf-c5ca-4d45-84fe-4a8214ec7204, CreationTimestamp2023-05-04T20:13:57.533Z[Etc/UTC]] moved to OPEN state
2023-05-04 20:14:00,540 [pool-215-thread-1] INFO  server.RaftServerConfigKeys (ConfUtils.java:logGet(46)) - raft.server.log.queue.element-limit = 1024 (custom)
2023-05-04 20:14:00,540 [pool-215-thread-1] INFO  server.RaftServerConfigKeys (ConfUtils.java:logGet(46)) - raft.server.log.segment.size.max = 1048576 (custom)
2023-05-04 20:14:00,540 [pool-215-thread-1] INFO  server.RaftServerConfigKeys (ConfUtils.java:logGet(46)) - raft.server.log.preallocated.size = 16384 (custom)
2023-05-04 20:14:00,540 [pool-215-thread-1] INFO  server.RaftServerConfigKeys (ConfUtils.java:logGet(46)) - raft.server.log.force.sync.num = 128 (default)
2023-05-04 20:14:00,540 [pool-215-thread-1] INFO  server.RaftServerConfigKeys (ConfUtils.java:logGet(46)) - raft.server.log.statemachine.data.sync = true (default)
2023-05-04 20:14:00,540 [pool-215-thread-1] INFO  server.RaftServerConfigKeys (ConfUtils.java:logGet(46)) - raft.server.log.statemachine.data.sync.timeout = 10s (default)
2023-05-04 20:14:00,540 [pool-215-thread-1] INFO  server.RaftServerConfigKeys (ConfUtils.java:logGet(46)) - raft.server.log.statemachine.data.sync.timeout.retry = -1 (default)
2023-05-04 20:14:00,540 [EventQueue-OpenPipelineForHealthyPipelineSafeModeRule] INFO  safemode.SCMSafeModeManager (HealthyPipelineSafeModeRule.java:process(137)) - SCM in safe mode. Healthy pipelines reported count is 0, required healthy pipeline reported count is 1
2023-05-04 20:14:00,541 [pool-215-thread-1] INFO  server.RaftServerConfigKeys (ConfUtils.java:logGet(46)) - raft.server.log.write.buffer.size = 1048576 (custom)
2023-05-04 20:14:00,542 [pool-215-thread-1] INFO  server.RaftServerConfigKeys (ConfUtils.java:logGet(46)) - raft.server.log.appender.buffer.byte-limit = 33554432 (custom)
2023-05-04 20:14:00,894 [JvmPauseMonitor1] WARN  util.JvmPauseMonitor (JvmPauseMonitor.java:detectPause(126)) - JvmPauseMonitor-6a8dabd4-d9aa-4d69-8f5d-1f403dba9ac7: Detected pause in JVM or host machine (eg GC): pause of approximately 342501259ns.
GC pool 'PS MarkSweep' had collection(s): count=1 time=217ms
GC pool 'PS Scavenge' had collection(s): count=1 time=118ms
2023-05-04 20:14:00,895 [JvmPauseMonitor2] WARN  util.JvmPauseMonitor (JvmPauseMonitor.java:detectPause(126)) - JvmPauseMonitor-b957fc71-c761-4d97-9df6-bc970b063b54: Detected pause in JVM or host machine (eg GC): pause of approximately 351700691ns.
GC pool 'PS MarkSweep' had collection(s): count=1 time=217ms
GC pool 'PS Scavenge' had collection(s): count=1 time=118ms
2023-05-04 20:14:00,898 [pool-215-thread-1] INFO  server.RaftServerConfigKeys (ConfUtils.java:logGet(46)) - raft.server.log.unsafe-flush.enabled = false (default)
2023-05-04 20:14:00,898 [pool-215-thread-1] INFO  server.RaftServerConfigKeys (ConfUtils.java:logGet(46)) - raft.server.log.async-flush.enabled = false (default)
2023-05-04 20:14:00,898 [pool-215-thread-1] INFO  server.RaftServerConfigKeys (ConfUtils.java:logGet(46)) - raft.server.log.statemachine.data.caching.enabled = true (custom)
2023-05-04 20:14:00,898 [pool-215-thread-1] INFO  segmented.SegmentedRaftLogWorker (SegmentedRaftLogWorker.java:lambda$new$0(135)) - eaea20cf-c5ca-4d45-84fe-4a8214ec7204@group-8640C2C8E310-SegmentedRaftLogWorker: flushIndex: setUnconditionally 0 -> -1
2023-05-04 20:14:00,899 [pool-215-thread-1] INFO  segmented.SegmentedRaftLogWorker (SegmentedRaftLogWorker.java:lambda$new$0(135)) - eaea20cf-c5ca-4d45-84fe-4a8214ec7204@group-8640C2C8E310-SegmentedRaftLogWorker: safeCacheEvictIndex: setUnconditionally 0 -> -1
2023-05-04 20:14:00,904 [pool-215-thread-1] INFO  server.RaftServer$Division (RaftServerImpl.java:start(334)) - eaea20cf-c5ca-4d45-84fe-4a8214ec7204@group-8640C2C8E310: start as a follower, conf=-1: peers:[eaea20cf-c5ca-4d45-84fe-4a8214ec7204|rpc:10.1.0.20:42299|dataStream:10.1.0.20:45285|priority:1|startupRole:FOLLOWER]|listeners:[], old=null
2023-05-04 20:14:00,904 [pool-215-thread-1] INFO  server.RaftServer$Division (RaftServerImpl.java:setRole(321)) - eaea20cf-c5ca-4d45-84fe-4a8214ec7204@group-8640C2C8E310: changes role from      null to FOLLOWER at term 0 for startAsFollower
2023-05-04 20:14:00,904 [pool-215-thread-1] INFO  impl.RoleInfo (RoleInfo.java:updateAndGet(139)) - eaea20cf-c5ca-4d45-84fe-4a8214ec7204: start eaea20cf-c5ca-4d45-84fe-4a8214ec7204@group-8640C2C8E310-FollowerState
2023-05-04 20:14:00,908 [pool-215-thread-1] INFO  util.JmxRegister (JmxRegister.java:tryRegister(44)) - Successfully registered JMX Bean with object name Ratis:service=RaftServer,group=group-8640C2C8E310,id=eaea20cf-c5ca-4d45-84fe-4a8214ec7204
2023-05-04 20:14:00,908 [pool-215-thread-1] INFO  server.RaftServerConfigKeys (ConfUtils.java:logGet(46)) - raft.server.snapshot.auto.trigger.enabled = true (custom)
2023-05-04 20:14:00,908 [pool-215-thread-1] INFO  server.RaftServerConfigKeys (ConfUtils.java:logGet(46)) - raft.server.snapshot.auto.trigger.threshold = 10000 (custom)
2023-05-04 20:14:00,908 [pool-215-thread-1] INFO  server.RaftServerConfigKeys (ConfUtils.java:logGet(46)) - raft.server.snapshot.retention.file.num = 5 (custom)
2023-05-04 20:14:00,908 [pool-215-thread-1] INFO  server.RaftServerConfigKeys (ConfUtils.java:logGet(46)) - raft.server.log.purge.upto.snapshot.index = false (default)
2023-05-04 20:14:00,909 [eaea20cf-c5ca-4d45-84fe-4a8214ec7204@group-8640C2C8E310-FollowerState] INFO  server.RaftServerConfigKeys (ConfUtils.java:logFallback(53)) - raft.server.rpc.first-election.timeout.min = 5s (fallback to raft.server.rpc.timeout.min)
2023-05-04 20:14:00,909 [eaea20cf-c5ca-4d45-84fe-4a8214ec7204@group-8640C2C8E310-FollowerState] INFO  server.RaftServerConfigKeys (ConfUtils.java:logFallback(53)) - raft.server.rpc.first-election.timeout.max = 5200ms (fallback to raft.server.rpc.timeout.max)
2023-05-04 20:14:00,909 [Command processor thread] INFO  ratis.XceiverServerRatis (XceiverServerRatis.java:addGroup(806)) - Created group PipelineID=0153d314-1f98-4100-a599-8640c2c8e310
2023-05-04 20:14:00,909 [Command processor thread] INFO  commandhandler.CreatePipelineCommandHandler (CreatePipelineCommandHandler.java:handle(113)) - Created Pipeline RATIS ONE PipelineID=0153d314-1f98-4100-a599-8640c2c8e310.
2023-05-04 20:14:00,909 [Command processor thread] INFO  server.RaftServer (RaftServerProxy.java:addNew(96)) - eaea20cf-c5ca-4d45-84fe-4a8214ec7204: addNew group-64A78F4C2588:[fe0c64ad-372f-4816-a9b8-650345a5ed87|rpc:10.1.0.20:40609|dataStream:10.1.0.20:39835|priority:1|startupRole:FOLLOWER, c0824e8e-e4e4-4301-9438-3093f7f79ba0|rpc:10.1.0.20:46319|dataStream:10.1.0.20:37851|priority:0|startupRole:FOLLOWER, eaea20cf-c5ca-4d45-84fe-4a8214ec7204|rpc:10.1.0.20:42299|dataStream:10.1.0.20:45285|priority:0|startupRole:FOLLOWER] returns group-64A78F4C2588:java.util.concurrent.CompletableFuture@4d2522a8[Not completed]
2023-05-04 20:14:00,910 [pool-215-thread-1] INFO  server.RaftServer$Division (RaftServerImpl.java:<init>(195)) - eaea20cf-c5ca-4d45-84fe-4a8214ec7204: new RaftServerImpl for group-64A78F4C2588:[fe0c64ad-372f-4816-a9b8-650345a5ed87|rpc:10.1.0.20:40609|dataStream:10.1.0.20:39835|priority:1|startupRole:FOLLOWER, c0824e8e-e4e4-4301-9438-3093f7f79ba0|rpc:10.1.0.20:46319|dataStream:10.1.0.20:37851|priority:0|startupRole:FOLLOWER, eaea20cf-c5ca-4d45-84fe-4a8214ec7204|rpc:10.1.0.20:42299|dataStream:10.1.0.20:45285|priority:0|startupRole:FOLLOWER] with ContainerStateMachine:uninitialized
2023-05-04 20:14:00,911 [pool-215-thread-1] INFO  server.RaftServerConfigKeys (ConfUtils.java:logGet(46)) - raft.server.rpc.timeout.min = 5s (custom)
2023-05-04 20:14:00,911 [pool-215-thread-1] INFO  server.RaftServerConfigKeys (ConfUtils.java:logGet(46)) - raft.server.rpc.timeout.max = 5200ms (custom)
2023-05-04 20:14:00,911 [pool-215-thread-1] INFO  server.RaftServerConfigKeys (ConfUtils.java:logGet(46)) - raft.server.rpc.sleep.time = 25ms (default)
2023-05-04 20:14:00,911 [pool-215-thread-1] INFO  server.RaftServerConfigKeys (ConfUtils.java:logGet(46)) - raft.server.rpc.slowness.timeout = 300s (custom)
2023-05-04 20:14:00,911 [pool-215-thread-1] INFO  server.RaftServerConfigKeys (ConfUtils.java:logGet(46)) - raft.server.leaderelection.leader.step-down.wait-time = 10s (default)
2023-05-04 20:14:00,911 [pool-215-thread-1] INFO  server.RaftServerConfigKeys (ConfUtils.java:logGet(46)) - raft.server.sleep.deviation.threshold = 300ms (default)
2023-05-04 20:14:00,911 [pool-215-thread-1] INFO  server.RaftServer$Division (ServerState.java:<init>(118)) - eaea20cf-c5ca-4d45-84fe-4a8214ec7204@group-64A78F4C2588: ConfigurationManager, init=-1: peers:[fe0c64ad-372f-4816-a9b8-650345a5ed87|rpc:10.1.0.20:40609|dataStream:10.1.0.20:39835|priority:1|startupRole:FOLLOWER, c0824e8e-e4e4-4301-9438-3093f7f79ba0|rpc:10.1.0.20:46319|dataStream:10.1.0.20:37851|priority:0|startupRole:FOLLOWER, eaea20cf-c5ca-4d45-84fe-4a8214ec7204|rpc:10.1.0.20:42299|dataStream:10.1.0.20:45285|priority:0|startupRole:FOLLOWER]|listeners:[], old=null, confs=<EMPTY_MAP>
2023-05-04 20:14:00,911 [pool-215-thread-1] INFO  server.RaftServerConfigKeys (ConfUtils.java:logGet(46)) - raft.server.storage.dir = [/home/runner/work/ozone/ozone/hadoop-ozone/integration-test/target/test-dir/MiniOzoneClusterImpl-3ff5bc89-9620-4d46-84f6-68e3c2a3a822/datanode-6/data/ratis] (custom)
2023-05-04 20:14:00,911 [pool-215-thread-1] INFO  server.RaftServerConfigKeys (ConfUtils.java:logGet(46)) - raft.server.log.corruption.policy = EXCEPTION (default)
2023-05-04 20:14:00,911 [pool-215-thread-1] INFO  server.RaftServerConfigKeys (ConfUtils.java:logGet(46)) - raft.server.storage.free-space.min = 0MB (=0) (default)
2023-05-04 20:14:00,911 [pool-215-thread-1] INFO  server.RaftServerConfigKeys (ConfUtils.java:logGet(46)) - raft.server.notification.no-leader.timeout = 300s (custom)
2023-05-04 20:14:00,911 [pool-215-thread-1] INFO  server.RaftServerConfigKeys (ConfUtils.java:logGet(46)) - raft.server.retrycache.expirytime = 600000ms (custom)
2023-05-04 20:14:00,911 [pool-215-thread-1] INFO  server.RaftServerConfigKeys (ConfUtils.java:logGet(46)) - raft.server.retrycache.statistics.expirytime = 100μs (default)
2023-05-04 20:14:00,913 [pool-215-thread-1] INFO  server.RaftServerConfigKeys (ConfUtils.java:logGet(46)) - raft.server.log.appender.install.snapshot.enabled = false (custom)
2023-05-04 20:14:00,913 [pool-215-thread-1] INFO  server.RaftServerConfigKeys (ConfUtils.java:logGet(46)) - raft.server.threadpool.server.cached = true (default)
2023-05-04 20:14:00,913 [pool-215-thread-1] INFO  server.RaftServerConfigKeys (ConfUtils.java:logGet(46)) - raft.server.threadpool.server.size = 0 (default)
2023-05-04 20:14:00,913 [pool-215-thread-1] INFO  server.RaftServerConfigKeys (ConfUtils.java:logGet(46)) - raft.server.threadpool.client.cached = true (default)
2023-05-04 20:14:00,913 [pool-215-thread-1] INFO  server.RaftServerConfigKeys (ConfUtils.java:logGet(46)) - raft.server.threadpool.client.size = 0 (default)
2023-05-04 20:14:00,913 [pool-215-thread-1] INFO  storage.RaftStorageDirectory (RaftStorageDirectoryImpl.java:analyzeStorage(137)) - The storage directory /home/runner/work/ozone/ozone/hadoop-ozone/integration-test/target/test-dir/MiniOzoneClusterImpl-3ff5bc89-9620-4d46-84f6-68e3c2a3a822/datanode-6/data/ratis/af91bc37-3f3f-45d7-a7b2-64a78f4c2588 does not exist. Creating ...
2023-05-04 20:14:00,914 [pool-215-thread-1] INFO  storage.RaftStorageDirectory (RaftStorageDirectoryImpl.java:tryLock(231)) - Lock on /home/runner/work/ozone/ozone/hadoop-ozone/integration-test/target/test-dir/MiniOzoneClusterImpl-3ff5bc89-9620-4d46-84f6-68e3c2a3a822/datanode-6/data/ratis/af91bc37-3f3f-45d7-a7b2-64a78f4c2588/in_use.lock acquired by nodename 25037@fv-az804-457
2023-05-04 20:14:00,915 [pool-215-thread-1] INFO  storage.RaftStorage (RaftStorageImpl.java:format(96)) - Storage directory /home/runner/work/ozone/ozone/hadoop-ozone/integration-test/target/test-dir/MiniOzoneClusterImpl-3ff5bc89-9620-4d46-84f6-68e3c2a3a822/datanode-6/data/ratis/af91bc37-3f3f-45d7-a7b2-64a78f4c2588 has been successfully formatted.
2023-05-04 20:14:00,916 [pool-215-thread-1] INFO  ratis.ContainerStateMachine (ContainerStateMachine.java:loadSnapshot(262)) - group-64A78F4C2588: The snapshot info is null. Setting the last applied indexto:(t:0, i:~)
2023-05-04 20:14:00,916 [pool-215-thread-1] INFO  server.RaftServerConfigKeys (ConfUtils.java:logGet(46)) - raft.server.log.use.memory = false (default)
2023-05-04 20:14:00,916 [pool-215-thread-1] INFO  server.RaftServerConfigKeys (ConfUtils.java:logGet(46)) - raft.server.log.purge.gap = 1000000 (custom)
2023-05-04 20:14:00,916 [pool-215-thread-1] INFO  server.RaftServerConfigKeys (ConfUtils.java:logGet(46)) - raft.server.log.appender.buffer.byte-limit = 33554432 (custom)
2023-05-04 20:14:00,916 [pool-215-thread-1] INFO  server.RaftServerConfigKeys (ConfUtils.java:logGet(46)) - raft.server.log.statemachine.data.read.timeout = 1000ms (default)
2023-05-04 20:14:00,916 [pool-215-thread-1] INFO  server.RaftServerConfigKeys (ConfUtils.java:logGet(46)) - raft.server.log.purge.preservation.log.num = 0 (default)
2023-05-04 20:14:00,916 [EventQueue-OpenPipelineForHealthyPipelineSafeModeRule] INFO  safemode.SCMSafeModeManager (HealthyPipelineSafeModeRule.java:process(137)) - SCM in safe mode. Healthy pipelines reported count is 0, required healthy pipeline reported count is 1
2023-05-04 20:14:00,916 [pool-215-thread-1] INFO  server.RaftServerConfigKeys (ConfUtils.java:logGet(46)) - raft.server.log.segment.size.max = 1048576 (custom)
2023-05-04 20:14:00,917 [pool-215-thread-1] INFO  server.RaftServerConfigKeys (ConfUtils.java:logGet(46)) - raft.server.log.segment.cache.num.max = 2 (custom)
2023-05-04 20:14:00,917 [pool-215-thread-1] INFO  server.RaftServerConfigKeys (ConfUtils.java:logGet(46)) - raft.server.log.segment.cache.size.max = 200MB (=209715200) (default)
2023-05-04 20:14:00,917 [pool-215-thread-1] INFO  segmented.SegmentedRaftLogWorker (SegmentedRaftLogWorker.java:<init>(189)) - new eaea20cf-c5ca-4d45-84fe-4a8214ec7204@group-64A78F4C2588-SegmentedRaftLogWorker for RaftStorageImpl:Storage Directory /home/runner/work/ozone/ozone/hadoop-ozone/integration-test/target/test-dir/MiniOzoneClusterImpl-3ff5bc89-9620-4d46-84f6-68e3c2a3a822/datanode-6/data/ratis/af91bc37-3f3f-45d7-a7b2-64a78f4c2588
2023-05-04 20:14:00,917 [pool-215-thread-1] INFO  server.RaftServerConfigKeys (ConfUtils.java:logGet(46)) - raft.server.log.queue.byte-limit = 4294967296 (custom)
2023-05-04 20:14:00,917 [pool-215-thread-1] INFO  server.RaftServerConfigKeys (ConfUtils.java:logGet(46)) - raft.server.log.queue.element-limit = 1024 (custom)
2023-05-04 20:14:00,917 [pool-215-thread-1] INFO  server.RaftServerConfigKeys (ConfUtils.java:logGet(46)) - raft.server.log.segment.size.max = 1048576 (custom)
2023-05-04 20:14:00,918 [pool-215-thread-1] INFO  server.RaftServerConfigKeys (ConfUtils.java:logGet(46)) - raft.server.log.preallocated.size = 16384 (custom)
2023-05-04 20:14:00,918 [pool-215-thread-1] INFO  server.RaftServerConfigKeys (ConfUtils.java:logGet(46)) - raft.server.log.force.sync.num = 128 (default)
2023-05-04 20:14:00,918 [pool-215-thread-1] INFO  server.RaftServerConfigKeys (ConfUtils.java:logGet(46)) - raft.server.log.statemachine.data.sync = true (default)
2023-05-04 20:14:00,918 [pool-215-thread-1] INFO  server.RaftServerConfigKeys (ConfUtils.java:logGet(46)) - raft.server.log.statemachine.data.sync.timeout = 10s (default)
2023-05-04 20:14:00,918 [pool-215-thread-1] INFO  server.RaftServerConfigKeys (ConfUtils.java:logGet(46)) - raft.server.log.statemachine.data.sync.timeout.retry = -1 (default)
2023-05-04 20:14:00,919 [pool-215-thread-1] INFO  server.RaftServerConfigKeys (ConfUtils.java:logGet(46)) - raft.server.log.write.buffer.size = 1048576 (custom)
2023-05-04 20:14:00,919 [pool-215-thread-1] INFO  server.RaftServerConfigKeys (ConfUtils.java:logGet(46)) - raft.server.log.appender.buffer.byte-limit = 33554432 (custom)
2023-05-04 20:14:00,924 [pool-215-thread-1] INFO  server.RaftServerConfigKeys (ConfUtils.java:logGet(46)) - raft.server.log.unsafe-flush.enabled = false (default)
2023-05-04 20:14:00,924 [pool-215-thread-1] INFO  server.RaftServerConfigKeys (ConfUtils.java:logGet(46)) - raft.server.log.async-flush.enabled = false (default)
2023-05-04 20:14:00,924 [pool-215-thread-1] INFO  server.RaftServerConfigKeys (ConfUtils.java:logGet(46)) - raft.server.log.statemachine.data.caching.enabled = true (custom)
2023-05-04 20:14:00,925 [pool-215-thread-1] INFO  segmented.SegmentedRaftLogWorker (SegmentedRaftLogWorker.java:lambda$new$0(135)) - eaea20cf-c5ca-4d45-84fe-4a8214ec7204@group-64A78F4C2588-SegmentedRaftLogWorker: flushIndex: setUnconditionally 0 -> -1
2023-05-04 20:14:00,925 [pool-215-thread-1] INFO  segmented.SegmentedRaftLogWorker (SegmentedRaftLogWorker.java:lambda$new$0(135)) - eaea20cf-c5ca-4d45-84fe-4a8214ec7204@group-64A78F4C2588-SegmentedRaftLogWorker: safeCacheEvictIndex: setUnconditionally 0 -> -1
2023-05-04 20:14:00,925 [pool-215-thread-1] INFO  server.RaftServer$Division (RaftServerImpl.java:start(334)) - eaea20cf-c5ca-4d45-84fe-4a8214ec7204@group-64A78F4C2588: start as a follower, conf=-1: peers:[fe0c64ad-372f-4816-a9b8-650345a5ed87|rpc:10.1.0.20:40609|dataStream:10.1.0.20:39835|priority:1|startupRole:FOLLOWER, c0824e8e-e4e4-4301-9438-3093f7f79ba0|rpc:10.1.0.20:46319|dataStream:10.1.0.20:37851|priority:0|startupRole:FOLLOWER, eaea20cf-c5ca-4d45-84fe-4a8214ec7204|rpc:10.1.0.20:42299|dataStream:10.1.0.20:45285|priority:0|startupRole:FOLLOWER]|listeners:[], old=null
2023-05-04 20:14:00,925 [pool-215-thread-1] INFO  server.RaftServer$Division (RaftServerImpl.java:setRole(321)) - eaea20cf-c5ca-4d45-84fe-4a8214ec7204@group-64A78F4C2588: changes role from      null to FOLLOWER at term 0 for startAsFollower
2023-05-04 20:14:00,925 [pool-215-thread-1] INFO  impl.RoleInfo (RoleInfo.java:updateAndGet(139)) - eaea20cf-c5ca-4d45-84fe-4a8214ec7204: start eaea20cf-c5ca-4d45-84fe-4a8214ec7204@group-64A78F4C2588-FollowerState
2023-05-04 20:14:00,925 [pool-215-thread-1] INFO  util.JmxRegister (JmxRegister.java:tryRegister(44)) - Successfully registered JMX Bean with object name Ratis:service=RaftServer,group=group-64A78F4C2588,id=eaea20cf-c5ca-4d45-84fe-4a8214ec7204
2023-05-04 20:14:00,925 [eaea20cf-c5ca-4d45-84fe-4a8214ec7204@group-64A78F4C2588-FollowerState] INFO  server.RaftServerConfigKeys (ConfUtils.java:logFallback(53)) - raft.server.rpc.first-election.timeout.min = 5s (fallback to raft.server.rpc.timeout.min)
2023-05-04 20:14:00,925 [pool-215-thread-1] INFO  server.RaftServerConfigKeys (ConfUtils.java:logGet(46)) - raft.server.snapshot.auto.trigger.enabled = true (custom)
2023-05-04 20:14:00,926 [eaea20cf-c5ca-4d45-84fe-4a8214ec7204@group-64A78F4C2588-FollowerState] INFO  server.RaftServerConfigKeys (ConfUtils.java:logFallback(53)) - raft.server.rpc.first-election.timeout.max = 5200ms (fallback to raft.server.rpc.timeout.max)
2023-05-04 20:14:00,926 [pool-215-thread-1] INFO  server.RaftServerConfigKeys (ConfUtils.java:logGet(46)) - raft.server.snapshot.auto.trigger.threshold = 10000 (custom)
2023-05-04 20:14:00,926 [pool-215-thread-1] INFO  server.RaftServerConfigKeys (ConfUtils.java:logGet(46)) - raft.server.snapshot.retention.file.num = 5 (custom)
2023-05-04 20:14:00,926 [pool-215-thread-1] INFO  server.RaftServerConfigKeys (ConfUtils.java:logGet(46)) - raft.server.log.purge.upto.snapshot.index = false (default)
2023-05-04 20:14:00,927 [Command processor thread] INFO  ratis.XceiverServerRatis (XceiverServerRatis.java:addGroup(806)) - Created group PipelineID=af91bc37-3f3f-45d7-a7b2-64a78f4c2588
2023-05-04 20:14:00,933 [Command processor thread] INFO  server.RaftServer (RaftServerProxy.java:addNew(96)) - c0824e8e-e4e4-4301-9438-3093f7f79ba0: addNew group-7AE411ED8E03:[c0824e8e-e4e4-4301-9438-3093f7f79ba0|rpc:10.1.0.20:46319|dataStream:10.1.0.20:37851|priority:1|startupRole:FOLLOWER] returns group-7AE411ED8E03:java.util.concurrent.CompletableFuture@a55c1d1[Not completed]
2023-05-04 20:14:00,934 [pool-241-thread-1] INFO  server.RaftServer$Division (RaftServerImpl.java:<init>(195)) - c0824e8e-e4e4-4301-9438-3093f7f79ba0: new RaftServerImpl for group-7AE411ED8E03:[c0824e8e-e4e4-4301-9438-3093f7f79ba0|rpc:10.1.0.20:46319|dataStream:10.1.0.20:37851|priority:1|startupRole:FOLLOWER] with ContainerStateMachine:uninitialized
2023-05-04 20:14:00,935 [pool-241-thread-1] INFO  server.RaftServerConfigKeys (ConfUtils.java:logGet(46)) - raft.server.rpc.timeout.min = 5s (custom)
2023-05-04 20:14:00,935 [pool-241-thread-1] INFO  server.RaftServerConfigKeys (ConfUtils.java:logGet(46)) - raft.server.rpc.timeout.max = 5200ms (custom)
2023-05-04 20:14:00,935 [pool-241-thread-1] INFO  server.RaftServerConfigKeys (ConfUtils.java:logGet(46)) - raft.server.rpc.sleep.time = 25ms (default)
2023-05-04 20:14:00,935 [pool-241-thread-1] INFO  server.RaftServerConfigKeys (ConfUtils.java:logGet(46)) - raft.server.rpc.slowness.timeout = 300s (custom)
2023-05-04 20:14:00,935 [pool-241-thread-1] INFO  server.RaftServerConfigKeys (ConfUtils.java:logGet(46)) - raft.server.leaderelection.leader.step-down.wait-time = 10s (default)
2023-05-04 20:14:00,935 [pool-241-thread-1] INFO  server.RaftServerConfigKeys (ConfUtils.java:logGet(46)) - raft.server.sleep.deviation.threshold = 300ms (default)
2023-05-04 20:14:00,935 [pool-241-thread-1] INFO  server.RaftServer$Division (ServerState.java:<init>(118)) - c0824e8e-e4e4-4301-9438-3093f7f79ba0@group-7AE411ED8E03: ConfigurationManager, init=-1: peers:[c0824e8e-e4e4-4301-9438-3093f7f79ba0|rpc:10.1.0.20:46319|dataStream:10.1.0.20:37851|priority:1|startupRole:FOLLOWER]|listeners:[], old=null, confs=<EMPTY_MAP>
2023-05-04 20:14:00,935 [pool-241-thread-1] INFO  server.RaftServerConfigKeys (ConfUtils.java:logGet(46)) - raft.server.storage.dir = [/home/runner/work/ozone/ozone/hadoop-ozone/integration-test/target/test-dir/MiniOzoneClusterImpl-3ff5bc89-9620-4d46-84f6-68e3c2a3a822/datanode-7/data/ratis] (custom)
2023-05-04 20:14:00,935 [pool-241-thread-1] INFO  server.RaftServerConfigKeys (ConfUtils.java:logGet(46)) - raft.server.log.corruption.policy = EXCEPTION (default)
2023-05-04 20:14:00,935 [pool-241-thread-1] INFO  server.RaftServerConfigKeys (ConfUtils.java:logGet(46)) - raft.server.storage.free-space.min = 0MB (=0) (default)
2023-05-04 20:14:00,935 [pool-241-thread-1] INFO  server.RaftServerConfigKeys (ConfUtils.java:logGet(46)) - raft.server.notification.no-leader.timeout = 300s (custom)
2023-05-04 20:14:00,937 [pool-241-thread-1] INFO  server.RaftServerConfigKeys (ConfUtils.java:logGet(46)) - raft.server.retrycache.expirytime = 600000ms (custom)
2023-05-04 20:14:00,937 [pool-241-thread-1] INFO  server.RaftServerConfigKeys (ConfUtils.java:logGet(46)) - raft.server.retrycache.statistics.expirytime = 100μs (default)
2023-05-04 20:14:00,946 [grpc-default-executor-0] INFO  server.RaftServer (RaftServerProxy.java:addNew(96)) - fe0c64ad-372f-4816-a9b8-650345a5ed87: addNew group-64A78F4C2588:[fe0c64ad-372f-4816-a9b8-650345a5ed87|rpc:10.1.0.20:40609|dataStream:10.1.0.20:39835|priority:1|startupRole:FOLLOWER, c0824e8e-e4e4-4301-9438-3093f7f79ba0|rpc:10.1.0.20:46319|dataStream:10.1.0.20:37851|priority:0|startupRole:FOLLOWER, eaea20cf-c5ca-4d45-84fe-4a8214ec7204|rpc:10.1.0.20:42299|dataStream:10.1.0.20:45285|priority:0|startupRole:FOLLOWER] returns group-64A78F4C2588:java.util.concurrent.CompletableFuture@d51c432[Not completed]
2023-05-04 20:14:00,946 [pool-241-thread-1] INFO  server.RaftServerConfigKeys (ConfUtils.java:logGet(46)) - raft.server.log.appender.install.snapshot.enabled = false (custom)
2023-05-04 20:14:00,947 [pool-241-thread-1] INFO  server.RaftServerConfigKeys (ConfUtils.java:logGet(46)) - raft.server.threadpool.server.cached = true (default)
2023-05-04 20:14:00,947 [pool-241-thread-1] INFO  server.RaftServerConfigKeys (ConfUtils.java:logGet(46)) - raft.server.threadpool.server.size = 0 (default)
2023-05-04 20:14:00,947 [pool-241-thread-1] INFO  server.RaftServerConfigKeys (ConfUtils.java:logGet(46)) - raft.server.threadpool.client.cached = true (default)
2023-05-04 20:14:00,947 [pool-241-thread-1] INFO  server.RaftServerConfigKeys (ConfUtils.java:logGet(46)) - raft.server.threadpool.client.size = 0 (default)
2023-05-04 20:14:00,947 [pool-241-thread-1] INFO  storage.RaftStorageDirectory (RaftStorageDirectoryImpl.java:analyzeStorage(137)) - The storage directory /home/runner/work/ozone/ozone/hadoop-ozone/integration-test/target/test-dir/MiniOzoneClusterImpl-3ff5bc89-9620-4d46-84f6-68e3c2a3a822/datanode-7/data/ratis/40aa7165-9688-4bde-8ff1-7ae411ed8e03 does not exist. Creating ...
2023-05-04 20:14:00,949 [pool-267-thread-1] INFO  server.RaftServer$Division (RaftServerImpl.java:<init>(195)) - fe0c64ad-372f-4816-a9b8-650345a5ed87: new RaftServerImpl for group-64A78F4C2588:[fe0c64ad-372f-4816-a9b8-650345a5ed87|rpc:10.1.0.20:40609|dataStream:10.1.0.20:39835|priority:1|startupRole:FOLLOWER, c0824e8e-e4e4-4301-9438-3093f7f79ba0|rpc:10.1.0.20:46319|dataStream:10.1.0.20:37851|priority:0|startupRole:FOLLOWER, eaea20cf-c5ca-4d45-84fe-4a8214ec7204|rpc:10.1.0.20:42299|dataStream:10.1.0.20:45285|priority:0|startupRole:FOLLOWER] with ContainerStateMachine:uninitialized
2023-05-04 20:14:00,949 [pool-267-thread-1] INFO  server.RaftServerConfigKeys (ConfUtils.java:logGet(46)) - raft.server.rpc.timeout.min = 5s (custom)
2023-05-04 20:14:00,949 [pool-267-thread-1] INFO  server.RaftServerConfigKeys (ConfUtils.java:logGet(46)) - raft.server.rpc.timeout.max = 5200ms (custom)
2023-05-04 20:14:00,949 [pool-267-thread-1] INFO  server.RaftServerConfigKeys (ConfUtils.java:logGet(46)) - raft.server.rpc.sleep.time = 25ms (default)
2023-05-04 20:14:00,949 [pool-267-thread-1] INFO  server.RaftServerConfigKeys (ConfUtils.java:logGet(46)) - raft.server.rpc.slowness.timeout = 300s (custom)
2023-05-04 20:14:00,949 [pool-241-thread-1] INFO  storage.RaftStorageDirectory (RaftStorageDirectoryImpl.java:tryLock(231)) - Lock on /home/runner/work/ozone/ozone/hadoop-ozone/integration-test/target/test-dir/MiniOzoneClusterImpl-3ff5bc89-9620-4d46-84f6-68e3c2a3a822/datanode-7/data/ratis/40aa7165-9688-4bde-8ff1-7ae411ed8e03/in_use.lock acquired by nodename 25037@fv-az804-457
2023-05-04 20:14:00,949 [pool-267-thread-1] INFO  server.RaftServerConfigKeys (ConfUtils.java:logGet(46)) - raft.server.leaderelection.leader.step-down.wait-time = 10s (default)
2023-05-04 20:14:00,949 [pool-267-thread-1] INFO  server.RaftServerConfigKeys (ConfUtils.java:logGet(46)) - raft.server.sleep.deviation.threshold = 300ms (default)
2023-05-04 20:14:00,949 [pool-267-thread-1] INFO  server.RaftServer$Division (ServerState.java:<init>(118)) - fe0c64ad-372f-4816-a9b8-650345a5ed87@group-64A78F4C2588: ConfigurationManager, init=-1: peers:[fe0c64ad-372f-4816-a9b8-650345a5ed87|rpc:10.1.0.20:40609|dataStream:10.1.0.20:39835|priority:1|startupRole:FOLLOWER, c0824e8e-e4e4-4301-9438-3093f7f79ba0|rpc:10.1.0.20:46319|dataStream:10.1.0.20:37851|priority:0|startupRole:FOLLOWER, eaea20cf-c5ca-4d45-84fe-4a8214ec7204|rpc:10.1.0.20:42299|dataStream:10.1.0.20:45285|priority:0|startupRole:FOLLOWER]|listeners:[], old=null, confs=<EMPTY_MAP>
2023-05-04 20:14:00,949 [pool-267-thread-1] INFO  server.RaftServerConfigKeys (ConfUtils.java:logGet(46)) - raft.server.storage.dir = [/home/runner/work/ozone/ozone/hadoop-ozone/integration-test/target/test-dir/MiniOzoneClusterImpl-3ff5bc89-9620-4d46-84f6-68e3c2a3a822/datanode-8/data/ratis] (custom)
2023-05-04 20:14:00,949 [pool-267-thread-1] INFO  server.RaftServerConfigKeys (ConfUtils.java:logGet(46)) - raft.server.log.corruption.policy = EXCEPTION (default)
2023-05-04 20:14:00,950 [pool-267-thread-1] INFO  server.RaftServerConfigKeys (ConfUtils.java:logGet(46)) - raft.server.storage.free-space.min = 0MB (=0) (default)
2023-05-04 20:14:00,950 [pool-267-thread-1] INFO  server.RaftServerConfigKeys (ConfUtils.java:logGet(46)) - raft.server.notification.no-leader.timeout = 300s (custom)
2023-05-04 20:14:00,950 [pool-267-thread-1] INFO  server.RaftServerConfigKeys (ConfUtils.java:logGet(46)) - raft.server.retrycache.expirytime = 600000ms (custom)
2023-05-04 20:14:00,950 [pool-267-thread-1] INFO  server.RaftServerConfigKeys (ConfUtils.java:logGet(46)) - raft.server.retrycache.statistics.expirytime = 100μs (default)
2023-05-04 20:14:00,954 [pool-241-thread-1] INFO  storage.RaftStorage (RaftStorageImpl.java:format(96)) - Storage directory /home/runner/work/ozone/ozone/hadoop-ozone/integration-test/target/test-dir/MiniOzoneClusterImpl-3ff5bc89-9620-4d46-84f6-68e3c2a3a822/datanode-7/data/ratis/40aa7165-9688-4bde-8ff1-7ae411ed8e03 has been successfully formatted.
2023-05-04 20:14:00,955 [pool-267-thread-1] INFO  server.RaftServerConfigKeys (ConfUtils.java:logGet(46)) - raft.server.log.appender.install.snapshot.enabled = false (custom)
2023-05-04 20:14:00,955 [pool-267-thread-1] INFO  server.RaftServerConfigKeys (ConfUtils.java:logGet(46)) - raft.server.threadpool.server.cached = true (default)
2023-05-04 20:14:00,955 [pool-267-thread-1] INFO  server.RaftServerConfigKeys (ConfUtils.java:logGet(46)) - raft.server.threadpool.server.size = 0 (default)
2023-05-04 20:14:00,955 [pool-267-thread-1] INFO  server.RaftServerConfigKeys (ConfUtils.java:logGet(46)) - raft.server.threadpool.client.cached = true (default)
2023-05-04 20:14:00,955 [pool-267-thread-1] INFO  server.RaftServerConfigKeys (ConfUtils.java:logGet(46)) - raft.server.threadpool.client.size = 0 (default)
2023-05-04 20:14:00,956 [pool-241-thread-1] INFO  ratis.ContainerStateMachine (ContainerStateMachine.java:loadSnapshot(262)) - group-7AE411ED8E03: The snapshot info is null. Setting the last applied indexto:(t:0, i:~)
2023-05-04 20:14:00,956 [pool-241-thread-1] INFO  server.RaftServerConfigKeys (ConfUtils.java:logGet(46)) - raft.server.log.use.memory = false (default)
2023-05-04 20:14:00,956 [pool-241-thread-1] INFO  server.RaftServerConfigKeys (ConfUtils.java:logGet(46)) - raft.server.log.purge.gap = 1000000 (custom)
2023-05-04 20:14:00,957 [pool-241-thread-1] INFO  server.RaftServerConfigKeys (ConfUtils.java:logGet(46)) - raft.server.log.appender.buffer.byte-limit = 33554432 (custom)
2023-05-04 20:14:00,957 [pool-241-thread-1] INFO  server.RaftServerConfigKeys (ConfUtils.java:logGet(46)) - raft.server.log.statemachine.data.read.timeout = 1000ms (default)
2023-05-04 20:14:00,957 [pool-241-thread-1] INFO  server.RaftServerConfigKeys (ConfUtils.java:logGet(46)) - raft.server.log.purge.preservation.log.num = 0 (default)
2023-05-04 20:14:00,957 [pool-241-thread-1] INFO  server.RaftServerConfigKeys (ConfUtils.java:logGet(46)) - raft.server.log.segment.size.max = 1048576 (custom)
2023-05-04 20:14:00,957 [EventQueue-PipelineReportForPipelineReportHandler] INFO  pipeline.PipelineManagerImpl (PipelineManagerImpl.java:openPipeline(367)) - Pipeline Pipeline[ Id: 40aa7165-9688-4bde-8ff1-7ae411ed8e03, Nodes: c0824e8e-e4e4-4301-9438-3093f7f79ba0(fv-az804-457.cvtsq3ctpw5ehehiek0yp1ke0c.cx.internal.cloudapp.net/10.1.0.20), ReplicationConfig: RATIS/ONE, State:ALLOCATED, leaderId:c0824e8e-e4e4-4301-9438-3093f7f79ba0, CreationTimestamp2023-05-04T20:13:57.931Z[Etc/UTC]] moved to OPEN state
2023-05-04 20:14:00,958 [pool-241-thread-1] INFO  server.RaftServerConfigKeys (ConfUtils.java:logGet(46)) - raft.server.log.segment.cache.num.max = 2 (custom)
2023-05-04 20:14:00,958 [EventQueue-OpenPipelineForHealthyPipelineSafeModeRule] INFO  safemode.SCMSafeModeManager (HealthyPipelineSafeModeRule.java:process(137)) - SCM in safe mode. Healthy pipelines reported count is 0, required healthy pipeline reported count is 1
2023-05-04 20:14:00,958 [pool-241-thread-1] INFO  server.RaftServerConfigKeys (ConfUtils.java:logGet(46)) - raft.server.log.segment.cache.size.max = 200MB (=209715200) (default)
2023-05-04 20:14:00,958 [pool-241-thread-1] INFO  segmented.SegmentedRaftLogWorker (SegmentedRaftLogWorker.java:<init>(189)) - new c0824e8e-e4e4-4301-9438-3093f7f79ba0@group-7AE411ED8E03-SegmentedRaftLogWorker for RaftStorageImpl:Storage Directory /home/runner/work/ozone/ozone/hadoop-ozone/integration-test/target/test-dir/MiniOzoneClusterImpl-3ff5bc89-9620-4d46-84f6-68e3c2a3a822/datanode-7/data/ratis/40aa7165-9688-4bde-8ff1-7ae411ed8e03
2023-05-04 20:14:00,958 [pool-241-thread-1] INFO  server.RaftServerConfigKeys (ConfUtils.java:logGet(46)) - raft.server.log.queue.byte-limit = 4294967296 (custom)
2023-05-04 20:14:00,958 [pool-241-thread-1] INFO  server.RaftServerConfigKeys (ConfUtils.java:logGet(46)) - raft.server.log.queue.element-limit = 1024 (custom)
2023-05-04 20:14:00,958 [pool-241-thread-1] INFO  server.RaftServerConfigKeys (ConfUtils.java:logGet(46)) - raft.server.log.segment.size.max = 1048576 (custom)
2023-05-04 20:14:00,958 [pool-241-thread-1] INFO  server.RaftServerConfigKeys (ConfUtils.java:logGet(46)) - raft.server.log.preallocated.size = 16384 (custom)
2023-05-04 20:14:00,958 [pool-241-thread-1] INFO  server.RaftServerConfigKeys (ConfUtils.java:logGet(46)) - raft.server.log.force.sync.num = 128 (default)
2023-05-04 20:14:00,960 [pool-241-thread-1] INFO  server.RaftServerConfigKeys (ConfUtils.java:logGet(46)) - raft.server.log.statemachine.data.sync = true (default)
2023-05-04 20:14:00,960 [pool-241-thread-1] INFO  server.RaftServerConfigKeys (ConfUtils.java:logGet(46)) - raft.server.log.statemachine.data.sync.timeout = 10s (default)
2023-05-04 20:14:00,960 [pool-241-thread-1] INFO  server.RaftServerConfigKeys (ConfUtils.java:logGet(46)) - raft.server.log.statemachine.data.sync.timeout.retry = -1 (default)
2023-05-04 20:14:00,960 [pool-267-thread-1] INFO  storage.RaftStorageDirectory (RaftStorageDirectoryImpl.java:analyzeStorage(137)) - The storage directory /home/runner/work/ozone/ozone/hadoop-ozone/integration-test/target/test-dir/MiniOzoneClusterImpl-3ff5bc89-9620-4d46-84f6-68e3c2a3a822/datanode-8/data/ratis/af91bc37-3f3f-45d7-a7b2-64a78f4c2588 does not exist. Creating ...
2023-05-04 20:14:00,961 [pool-241-thread-1] INFO  server.RaftServerConfigKeys (ConfUtils.java:logGet(46)) - raft.server.log.write.buffer.size = 1048576 (custom)
2023-05-04 20:14:00,962 [pool-241-thread-1] INFO  server.RaftServerConfigKeys (ConfUtils.java:logGet(46)) - raft.server.log.appender.buffer.byte-limit = 33554432 (custom)
2023-05-04 20:14:00,962 [pool-267-thread-1] INFO  storage.RaftStorageDirectory (RaftStorageDirectoryImpl.java:tryLock(231)) - Lock on /home/runner/work/ozone/ozone/hadoop-ozone/integration-test/target/test-dir/MiniOzoneClusterImpl-3ff5bc89-9620-4d46-84f6-68e3c2a3a822/datanode-8/data/ratis/af91bc37-3f3f-45d7-a7b2-64a78f4c2588/in_use.lock acquired by nodename 25037@fv-az804-457
2023-05-04 20:14:00,965 [pool-267-thread-1] INFO  storage.RaftStorage (RaftStorageImpl.java:format(96)) - Storage directory /home/runner/work/ozone/ozone/hadoop-ozone/integration-test/target/test-dir/MiniOzoneClusterImpl-3ff5bc89-9620-4d46-84f6-68e3c2a3a822/datanode-8/data/ratis/af91bc37-3f3f-45d7-a7b2-64a78f4c2588 has been successfully formatted.
2023-05-04 20:14:00,969 [pool-267-thread-1] INFO  ratis.ContainerStateMachine (ContainerStateMachine.java:loadSnapshot(262)) - group-64A78F4C2588: The snapshot info is null. Setting the last applied indexto:(t:0, i:~)
2023-05-04 20:14:00,970 [pool-267-thread-1] INFO  server.RaftServerConfigKeys (ConfUtils.java:logGet(46)) - raft.server.log.use.memory = false (default)
2023-05-04 20:14:00,970 [pool-267-thread-1] INFO  server.RaftServerConfigKeys (ConfUtils.java:logGet(46)) - raft.server.log.purge.gap = 1000000 (custom)
2023-05-04 20:14:00,970 [pool-267-thread-1] INFO  server.RaftServerConfigKeys (ConfUtils.java:logGet(46)) - raft.server.log.appender.buffer.byte-limit = 33554432 (custom)
2023-05-04 20:14:00,970 [pool-267-thread-1] INFO  server.RaftServerConfigKeys (ConfUtils.java:logGet(46)) - raft.server.log.statemachine.data.read.timeout = 1000ms (default)
2023-05-04 20:14:00,970 [pool-267-thread-1] INFO  server.RaftServerConfigKeys (ConfUtils.java:logGet(46)) - raft.server.log.purge.preservation.log.num = 0 (default)
2023-05-04 20:14:00,970 [pool-267-thread-1] INFO  server.RaftServerConfigKeys (ConfUtils.java:logGet(46)) - raft.server.log.segment.size.max = 1048576 (custom)
2023-05-04 20:14:00,970 [pool-267-thread-1] INFO  server.RaftServerConfigKeys (ConfUtils.java:logGet(46)) - raft.server.log.segment.cache.num.max = 2 (custom)
2023-05-04 20:14:00,970 [pool-267-thread-1] INFO  server.RaftServerConfigKeys (ConfUtils.java:logGet(46)) - raft.server.log.segment.cache.size.max = 200MB (=209715200) (default)
2023-05-04 20:14:00,970 [pool-267-thread-1] INFO  segmented.SegmentedRaftLogWorker (SegmentedRaftLogWorker.java:<init>(189)) - new fe0c64ad-372f-4816-a9b8-650345a5ed87@group-64A78F4C2588-SegmentedRaftLogWorker for RaftStorageImpl:Storage Directory /home/runner/work/ozone/ozone/hadoop-ozone/integration-test/target/test-dir/MiniOzoneClusterImpl-3ff5bc89-9620-4d46-84f6-68e3c2a3a822/datanode-8/data/ratis/af91bc37-3f3f-45d7-a7b2-64a78f4c2588
2023-05-04 20:14:00,971 [pool-267-thread-1] INFO  server.RaftServerConfigKeys (ConfUtils.java:logGet(46)) - raft.server.log.queue.byte-limit = 4294967296 (custom)
2023-05-04 20:14:00,971 [pool-267-thread-1] INFO  server.RaftServerConfigKeys (ConfUtils.java:logGet(46)) - raft.server.log.queue.element-limit = 1024 (custom)
2023-05-04 20:14:00,971 [pool-267-thread-1] INFO  server.RaftServerConfigKeys (ConfUtils.java:logGet(46)) - raft.server.log.segment.size.max = 1048576 (custom)
2023-05-04 20:14:00,971 [pool-267-thread-1] INFO  server.RaftServerConfigKeys (ConfUtils.java:logGet(46)) - raft.server.log.preallocated.size = 16384 (custom)
2023-05-04 20:14:00,971 [pool-267-thread-1] INFO  server.RaftServerConfigKeys (ConfUtils.java:logGet(46)) - raft.server.log.force.sync.num = 128 (default)
2023-05-04 20:14:00,971 [pool-267-thread-1] INFO  server.RaftServerConfigKeys (ConfUtils.java:logGet(46)) - raft.server.log.statemachine.data.sync = true (default)
2023-05-04 20:14:00,971 [pool-267-thread-1] INFO  server.RaftServerConfigKeys (ConfUtils.java:logGet(46)) - raft.server.log.statemachine.data.sync.timeout = 10s (default)
2023-05-04 20:14:00,971 [pool-267-thread-1] INFO  server.RaftServerConfigKeys (ConfUtils.java:logGet(46)) - raft.server.log.statemachine.data.sync.timeout.retry = -1 (default)
2023-05-04 20:14:00,972 [pool-267-thread-1] INFO  server.RaftServerConfigKeys (ConfUtils.java:logGet(46)) - raft.server.log.write.buffer.size = 1048576 (custom)
2023-05-04 20:14:00,972 [pool-267-thread-1] INFO  server.RaftServerConfigKeys (ConfUtils.java:logGet(46)) - raft.server.log.appender.buffer.byte-limit = 33554432 (custom)
2023-05-04 20:14:00,976 [pool-241-thread-1] INFO  server.RaftServerConfigKeys (ConfUtils.java:logGet(46)) - raft.server.log.unsafe-flush.enabled = false (default)
2023-05-04 20:14:00,976 [pool-241-thread-1] INFO  server.RaftServerConfigKeys (ConfUtils.java:logGet(46)) - raft.server.log.async-flush.enabled = false (default)
2023-05-04 20:14:00,976 [pool-241-thread-1] INFO  server.RaftServerConfigKeys (ConfUtils.java:logGet(46)) - raft.server.log.statemachine.data.caching.enabled = true (custom)
2023-05-04 20:14:00,977 [pool-241-thread-1] INFO  segmented.SegmentedRaftLogWorker (SegmentedRaftLogWorker.java:lambda$new$0(135)) - c0824e8e-e4e4-4301-9438-3093f7f79ba0@group-7AE411ED8E03-SegmentedRaftLogWorker: flushIndex: setUnconditionally 0 -> -1
2023-05-04 20:14:00,977 [pool-241-thread-1] INFO  segmented.SegmentedRaftLogWorker (SegmentedRaftLogWorker.java:lambda$new$0(135)) - c0824e8e-e4e4-4301-9438-3093f7f79ba0@group-7AE411ED8E03-SegmentedRaftLogWorker: safeCacheEvictIndex: setUnconditionally 0 -> -1
2023-05-04 20:14:00,979 [pool-267-thread-1] INFO  server.RaftServerConfigKeys (ConfUtils.java:logGet(46)) - raft.server.log.unsafe-flush.enabled = false (default)
2023-05-04 20:14:00,979 [pool-267-thread-1] INFO  server.RaftServerConfigKeys (ConfUtils.java:logGet(46)) - raft.server.log.async-flush.enabled = false (default)
2023-05-04 20:14:00,979 [pool-267-thread-1] INFO  server.RaftServerConfigKeys (ConfUtils.java:logGet(46)) - raft.server.log.statemachine.data.caching.enabled = true (custom)
2023-05-04 20:14:00,980 [pool-267-thread-1] INFO  segmented.SegmentedRaftLogWorker (SegmentedRaftLogWorker.java:lambda$new$0(135)) - fe0c64ad-372f-4816-a9b8-650345a5ed87@group-64A78F4C2588-SegmentedRaftLogWorker: flushIndex: setUnconditionally 0 -> -1
2023-05-04 20:14:00,980 [pool-267-thread-1] INFO  segmented.SegmentedRaftLogWorker (SegmentedRaftLogWorker.java:lambda$new$0(135)) - fe0c64ad-372f-4816-a9b8-650345a5ed87@group-64A78F4C2588-SegmentedRaftLogWorker: safeCacheEvictIndex: setUnconditionally 0 -> -1
2023-05-04 20:14:00,980 [pool-241-thread-1] INFO  server.RaftServer$Division (RaftServerImpl.java:start(334)) - c0824e8e-e4e4-4301-9438-3093f7f79ba0@group-7AE411ED8E03: start as a follower, conf=-1: peers:[c0824e8e-e4e4-4301-9438-3093f7f79ba0|rpc:10.1.0.20:46319|dataStream:10.1.0.20:37851|priority:1|startupRole:FOLLOWER]|listeners:[], old=null
2023-05-04 20:14:00,980 [pool-241-thread-1] INFO  server.RaftServer$Division (RaftServerImpl.java:setRole(321)) - c0824e8e-e4e4-4301-9438-3093f7f79ba0@group-7AE411ED8E03: changes role from      null to FOLLOWER at term 0 for startAsFollower
2023-05-04 20:14:00,980 [pool-241-thread-1] INFO  impl.RoleInfo (RoleInfo.java:updateAndGet(139)) - c0824e8e-e4e4-4301-9438-3093f7f79ba0: start c0824e8e-e4e4-4301-9438-3093f7f79ba0@group-7AE411ED8E03-FollowerState
2023-05-04 20:14:00,980 [pool-241-thread-1] INFO  util.JmxRegister (JmxRegister.java:tryRegister(44)) - Successfully registered JMX Bean with object name Ratis:service=RaftServer,group=group-7AE411ED8E03,id=c0824e8e-e4e4-4301-9438-3093f7f79ba0
2023-05-04 20:14:00,980 [pool-241-thread-1] INFO  server.RaftServerConfigKeys (ConfUtils.java:logGet(46)) - raft.server.snapshot.auto.trigger.enabled = true (custom)
2023-05-04 20:14:00,980 [pool-241-thread-1] INFO  server.RaftServerConfigKeys (ConfUtils.java:logGet(46)) - raft.server.snapshot.auto.trigger.threshold = 10000 (custom)
2023-05-04 20:14:00,980 [pool-241-thread-1] INFO  server.RaftServerConfigKeys (ConfUtils.java:logGet(46)) - raft.server.snapshot.retention.file.num = 5 (custom)
2023-05-04 20:14:00,981 [pool-241-thread-1] INFO  server.RaftServerConfigKeys (ConfUtils.java:logGet(46)) - raft.server.log.purge.upto.snapshot.index = false (default)
2023-05-04 20:14:00,981 [c0824e8e-e4e4-4301-9438-3093f7f79ba0@group-7AE411ED8E03-FollowerState] INFO  server.RaftServerConfigKeys (ConfUtils.java:logFallback(53)) - raft.server.rpc.first-election.timeout.min = 5s (fallback to raft.server.rpc.timeout.min)
2023-05-04 20:14:00,981 [c0824e8e-e4e4-4301-9438-3093f7f79ba0@group-7AE411ED8E03-FollowerState] INFO  server.RaftServerConfigKeys (ConfUtils.java:logFallback(53)) - raft.server.rpc.first-election.timeout.max = 5200ms (fallback to raft.server.rpc.timeout.max)
2023-05-04 20:14:00,982 [Command processor thread] INFO  ratis.XceiverServerRatis (XceiverServerRatis.java:addGroup(806)) - Created group PipelineID=40aa7165-9688-4bde-8ff1-7ae411ed8e03
2023-05-04 20:14:00,982 [Command processor thread] INFO  commandhandler.CreatePipelineCommandHandler (CreatePipelineCommandHandler.java:handle(113)) - Created Pipeline RATIS ONE PipelineID=40aa7165-9688-4bde-8ff1-7ae411ed8e03.
2023-05-04 20:14:00,982 [pool-267-thread-1] INFO  server.RaftServer$Division (RaftServerImpl.java:start(334)) - fe0c64ad-372f-4816-a9b8-650345a5ed87@group-64A78F4C2588: start as a follower, conf=-1: peers:[fe0c64ad-372f-4816-a9b8-650345a5ed87|rpc:10.1.0.20:40609|dataStream:10.1.0.20:39835|priority:1|startupRole:FOLLOWER, c0824e8e-e4e4-4301-9438-3093f7f79ba0|rpc:10.1.0.20:46319|dataStream:10.1.0.20:37851|priority:0|startupRole:FOLLOWER, eaea20cf-c5ca-4d45-84fe-4a8214ec7204|rpc:10.1.0.20:42299|dataStream:10.1.0.20:45285|priority:0|startupRole:FOLLOWER]|listeners:[], old=null
2023-05-04 20:14:00,982 [pool-267-thread-1] INFO  server.RaftServer$Division (RaftServerImpl.java:setRole(321)) - fe0c64ad-372f-4816-a9b8-650345a5ed87@group-64A78F4C2588: changes role from      null to FOLLOWER at term 0 for startAsFollower
2023-05-04 20:14:00,982 [pool-267-thread-1] INFO  impl.RoleInfo (RoleInfo.java:updateAndGet(139)) - fe0c64ad-372f-4816-a9b8-650345a5ed87: start fe0c64ad-372f-4816-a9b8-650345a5ed87@group-64A78F4C2588-FollowerState
2023-05-04 20:14:00,984 [Command processor thread] INFO  server.RaftServer (RaftServerProxy.java:addNew(96)) - c0824e8e-e4e4-4301-9438-3093f7f79ba0: addNew group-64A78F4C2588:[fe0c64ad-372f-4816-a9b8-650345a5ed87|rpc:10.1.0.20:40609|dataStream:10.1.0.20:39835|priority:1|startupRole:FOLLOWER, c0824e8e-e4e4-4301-9438-3093f7f79ba0|rpc:10.1.0.20:46319|dataStream:10.1.0.20:37851|priority:0|startupRole:FOLLOWER, eaea20cf-c5ca-4d45-84fe-4a8214ec7204|rpc:10.1.0.20:42299|dataStream:10.1.0.20:45285|priority:0|startupRole:FOLLOWER] returns group-64A78F4C2588:java.util.concurrent.CompletableFuture@e6a5443[Not completed]
2023-05-04 20:14:00,984 [pool-267-thread-1] INFO  util.JmxRegister (JmxRegister.java:tryRegister(44)) - Successfully registered JMX Bean with object name Ratis:service=RaftServer,group=group-64A78F4C2588,id=fe0c64ad-372f-4816-a9b8-650345a5ed87
2023-05-04 20:14:00,984 [pool-267-thread-1] INFO  server.RaftServerConfigKeys (ConfUtils.java:logGet(46)) - raft.server.snapshot.auto.trigger.enabled = true (custom)
2023-05-04 20:14:00,984 [pool-267-thread-1] INFO  server.RaftServerConfigKeys (ConfUtils.java:logGet(46)) - raft.server.snapshot.auto.trigger.threshold = 10000 (custom)
2023-05-04 20:14:00,984 [pool-267-thread-1] INFO  server.RaftServerConfigKeys (ConfUtils.java:logGet(46)) - raft.server.snapshot.retention.file.num = 5 (custom)
2023-05-04 20:14:00,984 [pool-267-thread-1] INFO  server.RaftServerConfigKeys (ConfUtils.java:logGet(46)) - raft.server.log.purge.upto.snapshot.index = false (default)
2023-05-04 20:14:00,984 [fe0c64ad-372f-4816-a9b8-650345a5ed87@group-64A78F4C2588-FollowerState] INFO  server.RaftServerConfigKeys (ConfUtils.java:logFallback(53)) - raft.server.rpc.first-election.timeout.min = 5s (fallback to raft.server.rpc.timeout.min)
2023-05-04 20:14:00,984 [pool-241-thread-1] INFO  server.RaftServer$Division (RaftServerImpl.java:<init>(195)) - c0824e8e-e4e4-4301-9438-3093f7f79ba0: new RaftServerImpl for group-64A78F4C2588:[fe0c64ad-372f-4816-a9b8-650345a5ed87|rpc:10.1.0.20:40609|dataStream:10.1.0.20:39835|priority:1|startupRole:FOLLOWER, c0824e8e-e4e4-4301-9438-3093f7f79ba0|rpc:10.1.0.20:46319|dataStream:10.1.0.20:37851|priority:0|startupRole:FOLLOWER, eaea20cf-c5ca-4d45-84fe-4a8214ec7204|rpc:10.1.0.20:42299|dataStream:10.1.0.20:45285|priority:0|startupRole:FOLLOWER] with ContainerStateMachine:uninitialized
2023-05-04 20:14:00,985 [pool-241-thread-1] INFO  server.RaftServerConfigKeys (ConfUtils.java:logGet(46)) - raft.server.rpc.timeout.min = 5s (custom)
2023-05-04 20:14:00,985 [pool-241-thread-1] INFO  server.RaftServerConfigKeys (ConfUtils.java:logGet(46)) - raft.server.rpc.timeout.max = 5200ms (custom)
2023-05-04 20:14:00,985 [pool-241-thread-1] INFO  server.RaftServerConfigKeys (ConfUtils.java:logGet(46)) - raft.server.rpc.sleep.time = 25ms (default)
2023-05-04 20:14:00,985 [pool-241-thread-1] INFO  server.RaftServerConfigKeys (ConfUtils.java:logGet(46)) - raft.server.rpc.slowness.timeout = 300s (custom)
2023-05-04 20:14:00,985 [pool-241-thread-1] INFO  server.RaftServerConfigKeys (ConfUtils.java:logGet(46)) - raft.server.leaderelection.leader.step-down.wait-time = 10s (default)
2023-05-04 20:14:00,985 [pool-241-thread-1] INFO  server.RaftServerConfigKeys (ConfUtils.java:logGet(46)) - raft.server.sleep.deviation.threshold = 300ms (default)
2023-05-04 20:14:00,985 [pool-241-thread-1] INFO  server.RaftServer$Division (ServerState.java:<init>(118)) - c0824e8e-e4e4-4301-9438-3093f7f79ba0@group-64A78F4C2588: ConfigurationManager, init=-1: peers:[fe0c64ad-372f-4816-a9b8-650345a5ed87|rpc:10.1.0.20:40609|dataStream:10.1.0.20:39835|priority:1|startupRole:FOLLOWER, c0824e8e-e4e4-4301-9438-3093f7f79ba0|rpc:10.1.0.20:46319|dataStream:10.1.0.20:37851|priority:0|startupRole:FOLLOWER, eaea20cf-c5ca-4d45-84fe-4a8214ec7204|rpc:10.1.0.20:42299|dataStream:10.1.0.20:45285|priority:0|startupRole:FOLLOWER]|listeners:[], old=null, confs=<EMPTY_MAP>
2023-05-04 20:14:00,985 [pool-241-thread-1] INFO  server.RaftServerConfigKeys (ConfUtils.java:logGet(46)) - raft.server.storage.dir = [/home/runner/work/ozone/ozone/hadoop-ozone/integration-test/target/test-dir/MiniOzoneClusterImpl-3ff5bc89-9620-4d46-84f6-68e3c2a3a822/datanode-7/data/ratis] (custom)
2023-05-04 20:14:00,985 [pool-241-thread-1] INFO  server.RaftServerConfigKeys (ConfUtils.java:logGet(46)) - raft.server.log.corruption.policy = EXCEPTION (default)
2023-05-04 20:14:00,985 [pool-241-thread-1] INFO  server.RaftServerConfigKeys (ConfUtils.java:logGet(46)) - raft.server.storage.free-space.min = 0MB (=0) (default)
2023-05-04 20:14:00,985 [pool-241-thread-1] INFO  server.RaftServerConfigKeys (ConfUtils.java:logGet(46)) - raft.server.notification.no-leader.timeout = 300s (custom)
2023-05-04 20:14:00,985 [pool-241-thread-1] INFO  server.RaftServerConfigKeys (ConfUtils.java:logGet(46)) - raft.server.retrycache.expirytime = 600000ms (custom)
2023-05-04 20:14:00,985 [pool-241-thread-1] INFO  server.RaftServerConfigKeys (ConfUtils.java:logGet(46)) - raft.server.retrycache.statistics.expirytime = 100μs (default)
2023-05-04 20:14:00,986 [fe0c64ad-372f-4816-a9b8-650345a5ed87@group-64A78F4C2588-FollowerState] INFO  server.RaftServerConfigKeys (ConfUtils.java:logFallback(53)) - raft.server.rpc.first-election.timeout.max = 5200ms (fallback to raft.server.rpc.timeout.max)
2023-05-04 20:14:00,987 [pool-241-thread-1] INFO  server.RaftServerConfigKeys (ConfUtils.java:logGet(46)) - raft.server.log.appender.install.snapshot.enabled = false (custom)
2023-05-04 20:14:00,987 [pool-241-thread-1] INFO  server.RaftServerConfigKeys (ConfUtils.java:logGet(46)) - raft.server.threadpool.server.cached = true (default)
2023-05-04 20:14:00,987 [pool-241-thread-1] INFO  server.RaftServerConfigKeys (ConfUtils.java:logGet(46)) - raft.server.threadpool.server.size = 0 (default)
2023-05-04 20:14:00,987 [pool-241-thread-1] INFO  server.RaftServerConfigKeys (ConfUtils.java:logGet(46)) - raft.server.threadpool.client.cached = true (default)
2023-05-04 20:14:00,987 [pool-241-thread-1] INFO  server.RaftServerConfigKeys (ConfUtils.java:logGet(46)) - raft.server.threadpool.client.size = 0 (default)
2023-05-04 20:14:00,987 [pool-241-thread-1] INFO  storage.RaftStorageDirectory (RaftStorageDirectoryImpl.java:analyzeStorage(137)) - The storage directory /home/runner/work/ozone/ozone/hadoop-ozone/integration-test/target/test-dir/MiniOzoneClusterImpl-3ff5bc89-9620-4d46-84f6-68e3c2a3a822/datanode-7/data/ratis/af91bc37-3f3f-45d7-a7b2-64a78f4c2588 does not exist. Creating ...
2023-05-04 20:14:00,989 [pool-241-thread-1] INFO  storage.RaftStorageDirectory (RaftStorageDirectoryImpl.java:tryLock(231)) - Lock on /home/runner/work/ozone/ozone/hadoop-ozone/integration-test/target/test-dir/MiniOzoneClusterImpl-3ff5bc89-9620-4d46-84f6-68e3c2a3a822/datanode-7/data/ratis/af91bc37-3f3f-45d7-a7b2-64a78f4c2588/in_use.lock acquired by nodename 25037@fv-az804-457
2023-05-04 20:14:00,990 [pool-241-thread-1] INFO  storage.RaftStorage (RaftStorageImpl.java:format(96)) - Storage directory /home/runner/work/ozone/ozone/hadoop-ozone/integration-test/target/test-dir/MiniOzoneClusterImpl-3ff5bc89-9620-4d46-84f6-68e3c2a3a822/datanode-7/data/ratis/af91bc37-3f3f-45d7-a7b2-64a78f4c2588 has been successfully formatted.
2023-05-04 20:14:00,992 [pool-241-thread-1] INFO  ratis.ContainerStateMachine (ContainerStateMachine.java:loadSnapshot(262)) - group-64A78F4C2588: The snapshot info is null. Setting the last applied indexto:(t:0, i:~)
2023-05-04 20:14:00,992 [pool-241-thread-1] INFO  server.RaftServerConfigKeys (ConfUtils.java:logGet(46)) - raft.server.log.use.memory = false (default)
2023-05-04 20:14:00,992 [pool-241-thread-1] INFO  server.RaftServerConfigKeys (ConfUtils.java:logGet(46)) - raft.server.log.purge.gap = 1000000 (custom)
2023-05-04 20:14:00,992 [pool-241-thread-1] INFO  server.RaftServerConfigKeys (ConfUtils.java:logGet(46)) - raft.server.log.appender.buffer.byte-limit = 33554432 (custom)
2023-05-04 20:14:00,992 [pool-241-thread-1] INFO  server.RaftServerConfigKeys (ConfUtils.java:logGet(46)) - raft.server.log.statemachine.data.read.timeout = 1000ms (default)
2023-05-04 20:14:00,992 [pool-241-thread-1] INFO  server.RaftServerConfigKeys (ConfUtils.java:logGet(46)) - raft.server.log.purge.preservation.log.num = 0 (default)
2023-05-04 20:14:00,992 [pool-241-thread-1] INFO  server.RaftServerConfigKeys (ConfUtils.java:logGet(46)) - raft.server.log.segment.size.max = 1048576 (custom)
2023-05-04 20:14:00,993 [pool-241-thread-1] INFO  server.RaftServerConfigKeys (ConfUtils.java:logGet(46)) - raft.server.log.segment.cache.num.max = 2 (custom)
2023-05-04 20:14:00,993 [pool-241-thread-1] INFO  server.RaftServerConfigKeys (ConfUtils.java:logGet(46)) - raft.server.log.segment.cache.size.max = 200MB (=209715200) (default)
2023-05-04 20:14:00,993 [pool-241-thread-1] INFO  segmented.SegmentedRaftLogWorker (SegmentedRaftLogWorker.java:<init>(189)) - new c0824e8e-e4e4-4301-9438-3093f7f79ba0@group-64A78F4C2588-SegmentedRaftLogWorker for RaftStorageImpl:Storage Directory /home/runner/work/ozone/ozone/hadoop-ozone/integration-test/target/test-dir/MiniOzoneClusterImpl-3ff5bc89-9620-4d46-84f6-68e3c2a3a822/datanode-7/data/ratis/af91bc37-3f3f-45d7-a7b2-64a78f4c2588
2023-05-04 20:14:00,993 [pool-241-thread-1] INFO  server.RaftServerConfigKeys (ConfUtils.java:logGet(46)) - raft.server.log.queue.byte-limit = 4294967296 (custom)
2023-05-04 20:14:00,993 [pool-241-thread-1] INFO  server.RaftServerConfigKeys (ConfUtils.java:logGet(46)) - raft.server.log.queue.element-limit = 1024 (custom)
2023-05-04 20:14:00,993 [pool-241-thread-1] INFO  server.RaftServerConfigKeys (ConfUtils.java:logGet(46)) - raft.server.log.segment.size.max = 1048576 (custom)
2023-05-04 20:14:00,993 [EventQueue-OpenPipelineForHealthyPipelineSafeModeRule] INFO  safemode.SCMSafeModeManager (HealthyPipelineSafeModeRule.java:process(137)) - SCM in safe mode. Healthy pipelines reported count is 0, required healthy pipeline reported count is 1
2023-05-04 20:14:00,993 [pool-241-thread-1] INFO  server.RaftServerConfigKeys (ConfUtils.java:logGet(46)) - raft.server.log.preallocated.size = 16384 (custom)
2023-05-04 20:14:00,997 [pool-241-thread-1] INFO  server.RaftServerConfigKeys (ConfUtils.java:logGet(46)) - raft.server.log.force.sync.num = 128 (default)
2023-05-04 20:14:00,997 [pool-241-thread-1] INFO  server.RaftServerConfigKeys (ConfUtils.java:logGet(46)) - raft.server.log.statemachine.data.sync = true (default)
2023-05-04 20:14:00,997 [pool-241-thread-1] INFO  server.RaftServerConfigKeys (ConfUtils.java:logGet(46)) - raft.server.log.statemachine.data.sync.timeout = 10s (default)
2023-05-04 20:14:00,997 [pool-241-thread-1] INFO  server.RaftServerConfigKeys (ConfUtils.java:logGet(46)) - raft.server.log.statemachine.data.sync.timeout.retry = -1 (default)
2023-05-04 20:14:01,002 [pool-241-thread-1] INFO  server.RaftServerConfigKeys (ConfUtils.java:logGet(46)) - raft.server.log.write.buffer.size = 1048576 (custom)
2023-05-04 20:14:01,003 [pool-241-thread-1] INFO  server.RaftServerConfigKeys (ConfUtils.java:logGet(46)) - raft.server.log.appender.buffer.byte-limit = 33554432 (custom)
2023-05-04 20:14:01,011 [pool-241-thread-1] INFO  server.RaftServerConfigKeys (ConfUtils.java:logGet(46)) - raft.server.log.unsafe-flush.enabled = false (default)
2023-05-04 20:14:01,015 [pool-241-thread-1] INFO  server.RaftServerConfigKeys (ConfUtils.java:logGet(46)) - raft.server.log.async-flush.enabled = false (default)
2023-05-04 20:14:01,015 [pool-241-thread-1] INFO  server.RaftServerConfigKeys (ConfUtils.java:logGet(46)) - raft.server.log.statemachine.data.caching.enabled = true (custom)
2023-05-04 20:14:01,015 [pool-241-thread-1] INFO  segmented.SegmentedRaftLogWorker (SegmentedRaftLogWorker.java:lambda$new$0(135)) - c0824e8e-e4e4-4301-9438-3093f7f79ba0@group-64A78F4C2588-SegmentedRaftLogWorker: flushIndex: setUnconditionally 0 -> -1
2023-05-04 20:14:01,015 [pool-241-thread-1] INFO  segmented.SegmentedRaftLogWorker (SegmentedRaftLogWorker.java:lambda$new$0(135)) - c0824e8e-e4e4-4301-9438-3093f7f79ba0@group-64A78F4C2588-SegmentedRaftLogWorker: safeCacheEvictIndex: setUnconditionally 0 -> -1
2023-05-04 20:14:01,016 [pool-241-thread-1] INFO  server.RaftServer$Division (RaftServerImpl.java:start(334)) - c0824e8e-e4e4-4301-9438-3093f7f79ba0@group-64A78F4C2588: start as a follower, conf=-1: peers:[fe0c64ad-372f-4816-a9b8-650345a5ed87|rpc:10.1.0.20:40609|dataStream:10.1.0.20:39835|priority:1|startupRole:FOLLOWER, c0824e8e-e4e4-4301-9438-3093f7f79ba0|rpc:10.1.0.20:46319|dataStream:10.1.0.20:37851|priority:0|startupRole:FOLLOWER, eaea20cf-c5ca-4d45-84fe-4a8214ec7204|rpc:10.1.0.20:42299|dataStream:10.1.0.20:45285|priority:0|startupRole:FOLLOWER]|listeners:[], old=null
2023-05-04 20:14:01,016 [pool-241-thread-1] INFO  server.RaftServer$Division (RaftServerImpl.java:setRole(321)) - c0824e8e-e4e4-4301-9438-3093f7f79ba0@group-64A78F4C2588: changes role from      null to FOLLOWER at term 0 for startAsFollower
2023-05-04 20:14:01,016 [pool-241-thread-1] INFO  impl.RoleInfo (RoleInfo.java:updateAndGet(139)) - c0824e8e-e4e4-4301-9438-3093f7f79ba0: start c0824e8e-e4e4-4301-9438-3093f7f79ba0@group-64A78F4C2588-FollowerState
2023-05-04 20:14:01,016 [pool-241-thread-1] INFO  util.JmxRegister (JmxRegister.java:tryRegister(44)) - Successfully registered JMX Bean with object name Ratis:service=RaftServer,group=group-64A78F4C2588,id=c0824e8e-e4e4-4301-9438-3093f7f79ba0
2023-05-04 20:14:01,016 [pool-241-thread-1] INFO  server.RaftServerConfigKeys (ConfUtils.java:logGet(46)) - raft.server.snapshot.auto.trigger.enabled = true (custom)
2023-05-04 20:14:01,016 [pool-241-thread-1] INFO  server.RaftServerConfigKeys (ConfUtils.java:logGet(46)) - raft.server.snapshot.auto.trigger.threshold = 10000 (custom)
2023-05-04 20:14:01,016 [pool-241-thread-1] INFO  server.RaftServerConfigKeys (ConfUtils.java:logGet(46)) - raft.server.snapshot.retention.file.num = 5 (custom)
2023-05-04 20:14:01,016 [pool-241-thread-1] INFO  server.RaftServerConfigKeys (ConfUtils.java:logGet(46)) - raft.server.log.purge.upto.snapshot.index = false (default)
2023-05-04 20:14:01,027 [Command processor thread] INFO  ratis.XceiverServerRatis (XceiverServerRatis.java:addGroup(806)) - Created group PipelineID=af91bc37-3f3f-45d7-a7b2-64a78f4c2588
2023-05-04 20:14:01,029 [c0824e8e-e4e4-4301-9438-3093f7f79ba0@group-64A78F4C2588-FollowerState] INFO  server.RaftServerConfigKeys (ConfUtils.java:logFallback(53)) - raft.server.rpc.first-election.timeout.min = 5s (fallback to raft.server.rpc.timeout.min)
2023-05-04 20:14:01,029 [c0824e8e-e4e4-4301-9438-3093f7f79ba0@group-64A78F4C2588-FollowerState] INFO  server.RaftServerConfigKeys (ConfUtils.java:logFallback(53)) - raft.server.rpc.first-election.timeout.max = 5200ms (fallback to raft.server.rpc.timeout.max)
2023-05-04 20:14:01,051 [Command processor thread] INFO  commandhandler.CreatePipelineCommandHandler (CreatePipelineCommandHandler.java:handle(113)) - Created Pipeline RATIS THREE PipelineID=af91bc37-3f3f-45d7-a7b2-64a78f4c2588.
2023-05-04 20:14:01,051 [Command processor thread] INFO  server.RaftServer (RaftServerProxy.java:addNew(96)) - eaea20cf-c5ca-4d45-84fe-4a8214ec7204: addNew group-E3C7514FDC21:[fe0c64ad-372f-4816-a9b8-650345a5ed87|rpc:10.1.0.20:40609|dataStream:10.1.0.20:39835|priority:0|startupRole:FOLLOWER, c0824e8e-e4e4-4301-9438-3093f7f79ba0|rpc:10.1.0.20:46319|dataStream:10.1.0.20:37851|priority:1|startupRole:FOLLOWER, eaea20cf-c5ca-4d45-84fe-4a8214ec7204|rpc:10.1.0.20:42299|dataStream:10.1.0.20:45285|priority:0|startupRole:FOLLOWER] returns group-E3C7514FDC21:java.util.concurrent.CompletableFuture@5a9f0627[Not completed]
2023-05-04 20:14:01,052 [pool-215-thread-1] INFO  server.RaftServer$Division (RaftServerImpl.java:<init>(195)) - eaea20cf-c5ca-4d45-84fe-4a8214ec7204: new RaftServerImpl for group-E3C7514FDC21:[fe0c64ad-372f-4816-a9b8-650345a5ed87|rpc:10.1.0.20:40609|dataStream:10.1.0.20:39835|priority:0|startupRole:FOLLOWER, c0824e8e-e4e4-4301-9438-3093f7f79ba0|rpc:10.1.0.20:46319|dataStream:10.1.0.20:37851|priority:1|startupRole:FOLLOWER, eaea20cf-c5ca-4d45-84fe-4a8214ec7204|rpc:10.1.0.20:42299|dataStream:10.1.0.20:45285|priority:0|startupRole:FOLLOWER] with ContainerStateMachine:uninitialized
2023-05-04 20:14:01,052 [pool-215-thread-1] INFO  server.RaftServerConfigKeys (ConfUtils.java:logGet(46)) - raft.server.rpc.timeout.min = 5s (custom)
2023-05-04 20:14:01,052 [pool-215-thread-1] INFO  server.RaftServerConfigKeys (ConfUtils.java:logGet(46)) - raft.server.rpc.timeout.max = 5200ms (custom)
2023-05-04 20:14:01,052 [pool-215-thread-1] INFO  server.RaftServerConfigKeys (ConfUtils.java:logGet(46)) - raft.server.rpc.sleep.time = 25ms (default)
2023-05-04 20:14:01,052 [pool-215-thread-1] INFO  server.RaftServerConfigKeys (ConfUtils.java:logGet(46)) - raft.server.rpc.slowness.timeout = 300s (custom)
2023-05-04 20:14:01,052 [pool-215-thread-1] INFO  server.RaftServerConfigKeys (ConfUtils.java:logGet(46)) - raft.server.leaderelection.leader.step-down.wait-time = 10s (default)
2023-05-04 20:14:01,054 [pool-215-thread-1] INFO  server.RaftServerConfigKeys (ConfUtils.java:logGet(46)) - raft.server.sleep.deviation.threshold = 300ms (default)
2023-05-04 20:14:01,054 [pool-215-thread-1] INFO  server.RaftServer$Division (ServerState.java:<init>(118)) - eaea20cf-c5ca-4d45-84fe-4a8214ec7204@group-E3C7514FDC21: ConfigurationManager, init=-1: peers:[fe0c64ad-372f-4816-a9b8-650345a5ed87|rpc:10.1.0.20:40609|dataStream:10.1.0.20:39835|priority:0|startupRole:FOLLOWER, c0824e8e-e4e4-4301-9438-3093f7f79ba0|rpc:10.1.0.20:46319|dataStream:10.1.0.20:37851|priority:1|startupRole:FOLLOWER, eaea20cf-c5ca-4d45-84fe-4a8214ec7204|rpc:10.1.0.20:42299|dataStream:10.1.0.20:45285|priority:0|startupRole:FOLLOWER]|listeners:[], old=null, confs=<EMPTY_MAP>
2023-05-04 20:14:01,054 [pool-215-thread-1] INFO  server.RaftServerConfigKeys (ConfUtils.java:logGet(46)) - raft.server.storage.dir = [/home/runner/work/ozone/ozone/hadoop-ozone/integration-test/target/test-dir/MiniOzoneClusterImpl-3ff5bc89-9620-4d46-84f6-68e3c2a3a822/datanode-6/data/ratis] (custom)
2023-05-04 20:14:01,054 [pool-215-thread-1] INFO  server.RaftServerConfigKeys (ConfUtils.java:logGet(46)) - raft.server.log.corruption.policy = EXCEPTION (default)
2023-05-04 20:14:01,054 [pool-215-thread-1] INFO  server.RaftServerConfigKeys (ConfUtils.java:logGet(46)) - raft.server.storage.free-space.min = 0MB (=0) (default)
2023-05-04 20:14:01,055 [pool-215-thread-1] INFO  server.RaftServerConfigKeys (ConfUtils.java:logGet(46)) - raft.server.notification.no-leader.timeout = 300s (custom)
2023-05-04 20:14:01,055 [pool-215-thread-1] INFO  server.RaftServerConfigKeys (ConfUtils.java:logGet(46)) - raft.server.retrycache.expirytime = 600000ms (custom)
2023-05-04 20:14:01,055 [pool-215-thread-1] INFO  server.RaftServerConfigKeys (ConfUtils.java:logGet(46)) - raft.server.retrycache.statistics.expirytime = 100μs (default)
2023-05-04 20:14:01,064 [pool-215-thread-1] INFO  server.RaftServerConfigKeys (ConfUtils.java:logGet(46)) - raft.server.log.appender.install.snapshot.enabled = false (custom)
2023-05-04 20:14:01,064 [pool-215-thread-1] INFO  server.RaftServerConfigKeys (ConfUtils.java:logGet(46)) - raft.server.threadpool.server.cached = true (default)
2023-05-04 20:14:01,064 [pool-215-thread-1] INFO  server.RaftServerConfigKeys (ConfUtils.java:logGet(46)) - raft.server.threadpool.server.size = 0 (default)
2023-05-04 20:14:01,064 [pool-215-thread-1] INFO  server.RaftServerConfigKeys (ConfUtils.java:logGet(46)) - raft.server.threadpool.client.cached = true (default)
2023-05-04 20:14:01,064 [pool-215-thread-1] INFO  server.RaftServerConfigKeys (ConfUtils.java:logGet(46)) - raft.server.threadpool.client.size = 0 (default)
2023-05-04 20:14:01,065 [pool-215-thread-1] INFO  storage.RaftStorageDirectory (RaftStorageDirectoryImpl.java:analyzeStorage(137)) - The storage directory /home/runner/work/ozone/ozone/hadoop-ozone/integration-test/target/test-dir/MiniOzoneClusterImpl-3ff5bc89-9620-4d46-84f6-68e3c2a3a822/datanode-6/data/ratis/b86e585e-71f5-4c08-9f86-e3c7514fdc21 does not exist. Creating ...
2023-05-04 20:14:01,065 [pool-215-thread-1] INFO  storage.RaftStorageDirectory (RaftStorageDirectoryImpl.java:tryLock(231)) - Lock on /home/runner/work/ozone/ozone/hadoop-ozone/integration-test/target/test-dir/MiniOzoneClusterImpl-3ff5bc89-9620-4d46-84f6-68e3c2a3a822/datanode-6/data/ratis/b86e585e-71f5-4c08-9f86-e3c7514fdc21/in_use.lock acquired by nodename 25037@fv-az804-457
2023-05-04 20:14:01,068 [pool-215-thread-1] INFO  storage.RaftStorage (RaftStorageImpl.java:format(96)) - Storage directory /home/runner/work/ozone/ozone/hadoop-ozone/integration-test/target/test-dir/MiniOzoneClusterImpl-3ff5bc89-9620-4d46-84f6-68e3c2a3a822/datanode-6/data/ratis/b86e585e-71f5-4c08-9f86-e3c7514fdc21 has been successfully formatted.
2023-05-04 20:14:01,069 [pool-215-thread-1] INFO  ratis.ContainerStateMachine (ContainerStateMachine.java:loadSnapshot(262)) - group-E3C7514FDC21: The snapshot info is null. Setting the last applied indexto:(t:0, i:~)
2023-05-04 20:14:01,069 [pool-215-thread-1] INFO  server.RaftServerConfigKeys (ConfUtils.java:logGet(46)) - raft.server.log.use.memory = false (default)
2023-05-04 20:14:01,069 [pool-215-thread-1] INFO  server.RaftServerConfigKeys (ConfUtils.java:logGet(46)) - raft.server.log.purge.gap = 1000000 (custom)
2023-05-04 20:14:01,069 [pool-215-thread-1] INFO  server.RaftServerConfigKeys (ConfUtils.java:logGet(46)) - raft.server.log.appender.buffer.byte-limit = 33554432 (custom)
2023-05-04 20:14:01,069 [pool-215-thread-1] INFO  server.RaftServerConfigKeys (ConfUtils.java:logGet(46)) - raft.server.log.statemachine.data.read.timeout = 1000ms (default)
2023-05-04 20:14:01,069 [pool-215-thread-1] INFO  server.RaftServerConfigKeys (ConfUtils.java:logGet(46)) - raft.server.log.purge.preservation.log.num = 0 (default)
2023-05-04 20:14:01,070 [pool-215-thread-1] INFO  server.RaftServerConfigKeys (ConfUtils.java:logGet(46)) - raft.server.log.segment.size.max = 1048576 (custom)
2023-05-04 20:14:01,070 [pool-215-thread-1] INFO  server.RaftServerConfigKeys (ConfUtils.java:logGet(46)) - raft.server.log.segment.cache.num.max = 2 (custom)
2023-05-04 20:14:01,070 [pool-215-thread-1] INFO  server.RaftServerConfigKeys (ConfUtils.java:logGet(46)) - raft.server.log.segment.cache.size.max = 200MB (=209715200) (default)
2023-05-04 20:14:01,070 [pool-215-thread-1] INFO  segmented.SegmentedRaftLogWorker (SegmentedRaftLogWorker.java:<init>(189)) - new eaea20cf-c5ca-4d45-84fe-4a8214ec7204@group-E3C7514FDC21-SegmentedRaftLogWorker for RaftStorageImpl:Storage Directory /home/runner/work/ozone/ozone/hadoop-ozone/integration-test/target/test-dir/MiniOzoneClusterImpl-3ff5bc89-9620-4d46-84f6-68e3c2a3a822/datanode-6/data/ratis/b86e585e-71f5-4c08-9f86-e3c7514fdc21
2023-05-04 20:14:01,070 [pool-215-thread-1] INFO  server.RaftServerConfigKeys (ConfUtils.java:logGet(46)) - raft.server.log.queue.byte-limit = 4294967296 (custom)
2023-05-04 20:14:01,070 [pool-215-thread-1] INFO  server.RaftServerConfigKeys (ConfUtils.java:logGet(46)) - raft.server.log.queue.element-limit = 1024 (custom)
2023-05-04 20:14:01,070 [pool-215-thread-1] INFO  server.RaftServerConfigKeys (ConfUtils.java:logGet(46)) - raft.server.log.segment.size.max = 1048576 (custom)
2023-05-04 20:14:01,070 [pool-215-thread-1] INFO  server.RaftServerConfigKeys (ConfUtils.java:logGet(46)) - raft.server.log.preallocated.size = 16384 (custom)
2023-05-04 20:14:01,070 [pool-215-thread-1] INFO  server.RaftServerConfigKeys (ConfUtils.java:logGet(46)) - raft.server.log.force.sync.num = 128 (default)
2023-05-04 20:14:01,070 [pool-215-thread-1] INFO  server.RaftServerConfigKeys (ConfUtils.java:logGet(46)) - raft.server.log.statemachine.data.sync = true (default)
2023-05-04 20:14:01,071 [pool-215-thread-1] INFO  server.RaftServerConfigKeys (ConfUtils.java:logGet(46)) - raft.server.log.statemachine.data.sync.timeout = 10s (default)
2023-05-04 20:14:01,071 [pool-215-thread-1] INFO  server.RaftServerConfigKeys (ConfUtils.java:logGet(46)) - raft.server.log.statemachine.data.sync.timeout.retry = -1 (default)
2023-05-04 20:14:01,071 [pool-215-thread-1] INFO  server.RaftServerConfigKeys (ConfUtils.java:logGet(46)) - raft.server.log.write.buffer.size = 1048576 (custom)
2023-05-04 20:14:01,072 [EventQueue-OpenPipelineForHealthyPipelineSafeModeRule] INFO  safemode.SCMSafeModeManager (HealthyPipelineSafeModeRule.java:process(137)) - SCM in safe mode. Healthy pipelines reported count is 0, required healthy pipeline reported count is 1
2023-05-04 20:14:01,083 [pool-215-thread-1] INFO  server.RaftServerConfigKeys (ConfUtils.java:logGet(46)) - raft.server.log.appender.buffer.byte-limit = 33554432 (custom)
2023-05-04 20:14:01,091 [pool-215-thread-1] INFO  server.RaftServerConfigKeys (ConfUtils.java:logGet(46)) - raft.server.log.unsafe-flush.enabled = false (default)
2023-05-04 20:14:01,091 [pool-215-thread-1] INFO  server.RaftServerConfigKeys (ConfUtils.java:logGet(46)) - raft.server.log.async-flush.enabled = false (default)
2023-05-04 20:14:01,099 [pool-215-thread-1] INFO  server.RaftServerConfigKeys (ConfUtils.java:logGet(46)) - raft.server.log.statemachine.data.caching.enabled = true (custom)
2023-05-04 20:14:01,099 [pool-215-thread-1] INFO  segmented.SegmentedRaftLogWorker (SegmentedRaftLogWorker.java:lambda$new$0(135)) - eaea20cf-c5ca-4d45-84fe-4a8214ec7204@group-E3C7514FDC21-SegmentedRaftLogWorker: flushIndex: setUnconditionally 0 -> -1
2023-05-04 20:14:01,100 [pool-215-thread-1] INFO  segmented.SegmentedRaftLogWorker (SegmentedRaftLogWorker.java:lambda$new$0(135)) - eaea20cf-c5ca-4d45-84fe-4a8214ec7204@group-E3C7514FDC21-SegmentedRaftLogWorker: safeCacheEvictIndex: setUnconditionally 0 -> -1
2023-05-04 20:14:01,106 [Command processor thread] INFO  commandhandler.CreatePipelineCommandHandler (CreatePipelineCommandHandler.java:handle(113)) - Created Pipeline RATIS THREE PipelineID=af91bc37-3f3f-45d7-a7b2-64a78f4c2588.
2023-05-04 20:14:01,107 [pool-215-thread-1] INFO  server.RaftServer$Division (RaftServerImpl.java:start(334)) - eaea20cf-c5ca-4d45-84fe-4a8214ec7204@group-E3C7514FDC21: start as a follower, conf=-1: peers:[fe0c64ad-372f-4816-a9b8-650345a5ed87|rpc:10.1.0.20:40609|dataStream:10.1.0.20:39835|priority:0|startupRole:FOLLOWER, c0824e8e-e4e4-4301-9438-3093f7f79ba0|rpc:10.1.0.20:46319|dataStream:10.1.0.20:37851|priority:1|startupRole:FOLLOWER, eaea20cf-c5ca-4d45-84fe-4a8214ec7204|rpc:10.1.0.20:42299|dataStream:10.1.0.20:45285|priority:0|startupRole:FOLLOWER]|listeners:[], old=null
2023-05-04 20:14:01,107 [pool-215-thread-1] INFO  server.RaftServer$Division (RaftServerImpl.java:setRole(321)) - eaea20cf-c5ca-4d45-84fe-4a8214ec7204@group-E3C7514FDC21: changes role from      null to FOLLOWER at term 0 for startAsFollower
2023-05-04 20:14:01,107 [Command processor thread] INFO  server.RaftServer (RaftServerProxy.java:addNew(96)) - c0824e8e-e4e4-4301-9438-3093f7f79ba0: addNew group-E3C7514FDC21:[fe0c64ad-372f-4816-a9b8-650345a5ed87|rpc:10.1.0.20:40609|dataStream:10.1.0.20:39835|priority:0|startupRole:FOLLOWER, c0824e8e-e4e4-4301-9438-3093f7f79ba0|rpc:10.1.0.20:46319|dataStream:10.1.0.20:37851|priority:1|startupRole:FOLLOWER, eaea20cf-c5ca-4d45-84fe-4a8214ec7204|rpc:10.1.0.20:42299|dataStream:10.1.0.20:45285|priority:0|startupRole:FOLLOWER] returns group-E3C7514FDC21:java.util.concurrent.CompletableFuture@44259f7d[Not completed]
2023-05-04 20:14:01,108 [pool-241-thread-1] INFO  server.RaftServer$Division (RaftServerImpl.java:<init>(195)) - c0824e8e-e4e4-4301-9438-3093f7f79ba0: new RaftServerImpl for group-E3C7514FDC21:[fe0c64ad-372f-4816-a9b8-650345a5ed87|rpc:10.1.0.20:40609|dataStream:10.1.0.20:39835|priority:0|startupRole:FOLLOWER, c0824e8e-e4e4-4301-9438-3093f7f79ba0|rpc:10.1.0.20:46319|dataStream:10.1.0.20:37851|priority:1|startupRole:FOLLOWER, eaea20cf-c5ca-4d45-84fe-4a8214ec7204|rpc:10.1.0.20:42299|dataStream:10.1.0.20:45285|priority:0|startupRole:FOLLOWER] with ContainerStateMachine:uninitialized
2023-05-04 20:14:01,108 [pool-241-thread-1] INFO  server.RaftServerConfigKeys (ConfUtils.java:logGet(46)) - raft.server.rpc.timeout.min = 5s (custom)
2023-05-04 20:14:01,108 [pool-241-thread-1] INFO  server.RaftServerConfigKeys (ConfUtils.java:logGet(46)) - raft.server.rpc.timeout.max = 5200ms (custom)
2023-05-04 20:14:01,108 [pool-241-thread-1] INFO  server.RaftServerConfigKeys (ConfUtils.java:logGet(46)) - raft.server.rpc.sleep.time = 25ms (default)
2023-05-04 20:14:01,108 [pool-241-thread-1] INFO  server.RaftServerConfigKeys (ConfUtils.java:logGet(46)) - raft.server.rpc.slowness.timeout = 300s (custom)
2023-05-04 20:14:01,108 [pool-241-thread-1] INFO  server.RaftServerConfigKeys (ConfUtils.java:logGet(46)) - raft.server.leaderelection.leader.step-down.wait-time = 10s (default)
2023-05-04 20:14:01,108 [pool-241-thread-1] INFO  server.RaftServerConfigKeys (ConfUtils.java:logGet(46)) - raft.server.sleep.deviation.threshold = 300ms (default)
2023-05-04 20:14:01,108 [pool-241-thread-1] INFO  server.RaftServer$Division (ServerState.java:<init>(118)) - c0824e8e-e4e4-4301-9438-3093f7f79ba0@group-E3C7514FDC21: ConfigurationManager, init=-1: peers:[fe0c64ad-372f-4816-a9b8-650345a5ed87|rpc:10.1.0.20:40609|dataStream:10.1.0.20:39835|priority:0|startupRole:FOLLOWER, c0824e8e-e4e4-4301-9438-3093f7f79ba0|rpc:10.1.0.20:46319|dataStream:10.1.0.20:37851|priority:1|startupRole:FOLLOWER, eaea20cf-c5ca-4d45-84fe-4a8214ec7204|rpc:10.1.0.20:42299|dataStream:10.1.0.20:45285|priority:0|startupRole:FOLLOWER]|listeners:[], old=null, confs=<EMPTY_MAP>
2023-05-04 20:14:01,108 [pool-241-thread-1] INFO  server.RaftServerConfigKeys (ConfUtils.java:logGet(46)) - raft.server.storage.dir = [/home/runner/work/ozone/ozone/hadoop-ozone/integration-test/target/test-dir/MiniOzoneClusterImpl-3ff5bc89-9620-4d46-84f6-68e3c2a3a822/datanode-7/data/ratis] (custom)
2023-05-04 20:14:01,108 [pool-241-thread-1] INFO  server.RaftServerConfigKeys (ConfUtils.java:logGet(46)) - raft.server.log.corruption.policy = EXCEPTION (default)
2023-05-04 20:14:01,108 [pool-241-thread-1] INFO  server.RaftServerConfigKeys (ConfUtils.java:logGet(46)) - raft.server.storage.free-space.min = 0MB (=0) (default)
2023-05-04 20:14:01,108 [pool-241-thread-1] INFO  server.RaftServerConfigKeys (ConfUtils.java:logGet(46)) - raft.server.notification.no-leader.timeout = 300s (custom)
2023-05-04 20:14:01,108 [pool-241-thread-1] INFO  server.RaftServerConfigKeys (ConfUtils.java:logGet(46)) - raft.server.retrycache.expirytime = 600000ms (custom)
2023-05-04 20:14:01,109 [pool-241-thread-1] INFO  server.RaftServerConfigKeys (ConfUtils.java:logGet(46)) - raft.server.retrycache.statistics.expirytime = 100μs (default)
2023-05-04 20:14:01,110 [pool-241-thread-1] INFO  server.RaftServerConfigKeys (ConfUtils.java:logGet(46)) - raft.server.log.appender.install.snapshot.enabled = false (custom)
2023-05-04 20:14:01,110 [pool-241-thread-1] INFO  server.RaftServerConfigKeys (ConfUtils.java:logGet(46)) - raft.server.threadpool.server.cached = true (default)
2023-05-04 20:14:01,110 [pool-241-thread-1] INFO  server.RaftServerConfigKeys (ConfUtils.java:logGet(46)) - raft.server.threadpool.server.size = 0 (default)
2023-05-04 20:14:01,110 [pool-241-thread-1] INFO  server.RaftServerConfigKeys (ConfUtils.java:logGet(46)) - raft.server.threadpool.client.cached = true (default)
2023-05-04 20:14:01,110 [pool-241-thread-1] INFO  server.RaftServerConfigKeys (ConfUtils.java:logGet(46)) - raft.server.threadpool.client.size = 0 (default)
2023-05-04 20:14:01,107 [pool-215-thread-1] INFO  impl.RoleInfo (RoleInfo.java:updateAndGet(139)) - eaea20cf-c5ca-4d45-84fe-4a8214ec7204: start eaea20cf-c5ca-4d45-84fe-4a8214ec7204@group-E3C7514FDC21-FollowerState
2023-05-04 20:14:01,112 [pool-241-thread-1] INFO  storage.RaftStorageDirectory (RaftStorageDirectoryImpl.java:analyzeStorage(137)) - The storage directory /home/runner/work/ozone/ozone/hadoop-ozone/integration-test/target/test-dir/MiniOzoneClusterImpl-3ff5bc89-9620-4d46-84f6-68e3c2a3a822/datanode-7/data/ratis/b86e585e-71f5-4c08-9f86-e3c7514fdc21 does not exist. Creating ...
2023-05-04 20:14:01,112 [pool-215-thread-1] INFO  util.JmxRegister (JmxRegister.java:tryRegister(44)) - Successfully registered JMX Bean with object name Ratis:service=RaftServer,group=group-E3C7514FDC21,id=eaea20cf-c5ca-4d45-84fe-4a8214ec7204
2023-05-04 20:14:01,112 [pool-215-thread-1] INFO  server.RaftServerConfigKeys (ConfUtils.java:logGet(46)) - raft.server.snapshot.auto.trigger.enabled = true (custom)
2023-05-04 20:14:01,113 [pool-215-thread-1] INFO  server.RaftServerConfigKeys (ConfUtils.java:logGet(46)) - raft.server.snapshot.auto.trigger.threshold = 10000 (custom)
2023-05-04 20:14:01,113 [pool-215-thread-1] INFO  server.RaftServerConfigKeys (ConfUtils.java:logGet(46)) - raft.server.snapshot.retention.file.num = 5 (custom)
2023-05-04 20:14:01,113 [pool-215-thread-1] INFO  server.RaftServerConfigKeys (ConfUtils.java:logGet(46)) - raft.server.log.purge.upto.snapshot.index = false (default)
2023-05-04 20:14:01,113 [eaea20cf-c5ca-4d45-84fe-4a8214ec7204@group-E3C7514FDC21-FollowerState] INFO  server.RaftServerConfigKeys (ConfUtils.java:logFallback(53)) - raft.server.rpc.first-election.timeout.min = 5s (fallback to raft.server.rpc.timeout.min)
2023-05-04 20:14:01,113 [eaea20cf-c5ca-4d45-84fe-4a8214ec7204@group-E3C7514FDC21-FollowerState] INFO  server.RaftServerConfigKeys (ConfUtils.java:logFallback(53)) - raft.server.rpc.first-election.timeout.max = 5200ms (fallback to raft.server.rpc.timeout.max)
2023-05-04 20:14:01,114 [pool-241-thread-1] INFO  storage.RaftStorageDirectory (RaftStorageDirectoryImpl.java:tryLock(231)) - Lock on /home/runner/work/ozone/ozone/hadoop-ozone/integration-test/target/test-dir/MiniOzoneClusterImpl-3ff5bc89-9620-4d46-84f6-68e3c2a3a822/datanode-7/data/ratis/b86e585e-71f5-4c08-9f86-e3c7514fdc21/in_use.lock acquired by nodename 25037@fv-az804-457
2023-05-04 20:14:01,114 [Command processor thread] INFO  ratis.XceiverServerRatis (XceiverServerRatis.java:addGroup(806)) - Created group PipelineID=b86e585e-71f5-4c08-9f86-e3c7514fdc21
2023-05-04 20:14:01,117 [pool-241-thread-1] INFO  storage.RaftStorage (RaftStorageImpl.java:format(96)) - Storage directory /home/runner/work/ozone/ozone/hadoop-ozone/integration-test/target/test-dir/MiniOzoneClusterImpl-3ff5bc89-9620-4d46-84f6-68e3c2a3a822/datanode-7/data/ratis/b86e585e-71f5-4c08-9f86-e3c7514fdc21 has been successfully formatted.
2023-05-04 20:14:01,117 [pool-241-thread-1] INFO  ratis.ContainerStateMachine (ContainerStateMachine.java:loadSnapshot(262)) - group-E3C7514FDC21: The snapshot info is null. Setting the last applied indexto:(t:0, i:~)
2023-05-04 20:14:01,118 [pool-241-thread-1] INFO  server.RaftServerConfigKeys (ConfUtils.java:logGet(46)) - raft.server.log.use.memory = false (default)
2023-05-04 20:14:01,118 [pool-241-thread-1] INFO  server.RaftServerConfigKeys (ConfUtils.java:logGet(46)) - raft.server.log.purge.gap = 1000000 (custom)
2023-05-04 20:14:01,118 [pool-241-thread-1] INFO  server.RaftServerConfigKeys (ConfUtils.java:logGet(46)) - raft.server.log.appender.buffer.byte-limit = 33554432 (custom)
2023-05-04 20:14:01,118 [pool-241-thread-1] INFO  server.RaftServerConfigKeys (ConfUtils.java:logGet(46)) - raft.server.log.statemachine.data.read.timeout = 1000ms (default)
2023-05-04 20:14:01,118 [pool-241-thread-1] INFO  server.RaftServerConfigKeys (ConfUtils.java:logGet(46)) - raft.server.log.purge.preservation.log.num = 0 (default)
2023-05-04 20:14:01,118 [pool-241-thread-1] INFO  server.RaftServerConfigKeys (ConfUtils.java:logGet(46)) - raft.server.log.segment.size.max = 1048576 (custom)
2023-05-04 20:14:01,118 [pool-241-thread-1] INFO  server.RaftServerConfigKeys (ConfUtils.java:logGet(46)) - raft.server.log.segment.cache.num.max = 2 (custom)
2023-05-04 20:14:01,119 [pool-241-thread-1] INFO  server.RaftServerConfigKeys (ConfUtils.java:logGet(46)) - raft.server.log.segment.cache.size.max = 200MB (=209715200) (default)
2023-05-04 20:14:01,119 [pool-241-thread-1] INFO  segmented.SegmentedRaftLogWorker (SegmentedRaftLogWorker.java:<init>(189)) - new c0824e8e-e4e4-4301-9438-3093f7f79ba0@group-E3C7514FDC21-SegmentedRaftLogWorker for RaftStorageImpl:Storage Directory /home/runner/work/ozone/ozone/hadoop-ozone/integration-test/target/test-dir/MiniOzoneClusterImpl-3ff5bc89-9620-4d46-84f6-68e3c2a3a822/datanode-7/data/ratis/b86e585e-71f5-4c08-9f86-e3c7514fdc21
2023-05-04 20:14:01,119 [pool-241-thread-1] INFO  server.RaftServerConfigKeys (ConfUtils.java:logGet(46)) - raft.server.log.queue.byte-limit = 4294967296 (custom)
2023-05-04 20:14:01,119 [pool-241-thread-1] INFO  server.RaftServerConfigKeys (ConfUtils.java:logGet(46)) - raft.server.log.queue.element-limit = 1024 (custom)
2023-05-04 20:14:01,119 [pool-241-thread-1] INFO  server.RaftServerConfigKeys (ConfUtils.java:logGet(46)) - raft.server.log.segment.size.max = 1048576 (custom)
2023-05-04 20:14:01,119 [pool-241-thread-1] INFO  server.RaftServerConfigKeys (ConfUtils.java:logGet(46)) - raft.server.log.preallocated.size = 16384 (custom)
2023-05-04 20:14:01,119 [pool-241-thread-1] INFO  server.RaftServerConfigKeys (ConfUtils.java:logGet(46)) - raft.server.log.force.sync.num = 128 (default)
2023-05-04 20:14:01,119 [pool-241-thread-1] INFO  server.RaftServerConfigKeys (ConfUtils.java:logGet(46)) - raft.server.log.statemachine.data.sync = true (default)
2023-05-04 20:14:01,119 [pool-241-thread-1] INFO  server.RaftServerConfigKeys (ConfUtils.java:logGet(46)) - raft.server.log.statemachine.data.sync.timeout = 10s (default)
2023-05-04 20:14:01,119 [pool-241-thread-1] INFO  server.RaftServerConfigKeys (ConfUtils.java:logGet(46)) - raft.server.log.statemachine.data.sync.timeout.retry = -1 (default)
2023-05-04 20:14:01,120 [pool-241-thread-1] INFO  server.RaftServerConfigKeys (ConfUtils.java:logGet(46)) - raft.server.log.write.buffer.size = 1048576 (custom)
2023-05-04 20:14:01,122 [EventQueue-OpenPipelineForHealthyPipelineSafeModeRule] INFO  safemode.SCMSafeModeManager (HealthyPipelineSafeModeRule.java:process(137)) - SCM in safe mode. Healthy pipelines reported count is 0, required healthy pipeline reported count is 1
2023-05-04 20:14:01,123 [pool-241-thread-1] INFO  server.RaftServerConfigKeys (ConfUtils.java:logGet(46)) - raft.server.log.appender.buffer.byte-limit = 33554432 (custom)
2023-05-04 20:14:01,131 [pool-241-thread-1] INFO  server.RaftServerConfigKeys (ConfUtils.java:logGet(46)) - raft.server.log.unsafe-flush.enabled = false (default)
2023-05-04 20:14:01,131 [pool-241-thread-1] INFO  server.RaftServerConfigKeys (ConfUtils.java:logGet(46)) - raft.server.log.async-flush.enabled = false (default)
2023-05-04 20:14:01,131 [pool-241-thread-1] INFO  server.RaftServerConfigKeys (ConfUtils.java:logGet(46)) - raft.server.log.statemachine.data.caching.enabled = true (custom)
2023-05-04 20:14:01,131 [pool-241-thread-1] INFO  segmented.SegmentedRaftLogWorker (SegmentedRaftLogWorker.java:lambda$new$0(135)) - c0824e8e-e4e4-4301-9438-3093f7f79ba0@group-E3C7514FDC21-SegmentedRaftLogWorker: flushIndex: setUnconditionally 0 -> -1
2023-05-04 20:14:01,131 [pool-241-thread-1] INFO  segmented.SegmentedRaftLogWorker (SegmentedRaftLogWorker.java:lambda$new$0(135)) - c0824e8e-e4e4-4301-9438-3093f7f79ba0@group-E3C7514FDC21-SegmentedRaftLogWorker: safeCacheEvictIndex: setUnconditionally 0 -> -1
2023-05-04 20:14:01,131 [pool-241-thread-1] INFO  server.RaftServer$Division (RaftServerImpl.java:start(334)) - c0824e8e-e4e4-4301-9438-3093f7f79ba0@group-E3C7514FDC21: start as a follower, conf=-1: peers:[fe0c64ad-372f-4816-a9b8-650345a5ed87|rpc:10.1.0.20:40609|dataStream:10.1.0.20:39835|priority:0|startupRole:FOLLOWER, c0824e8e-e4e4-4301-9438-3093f7f79ba0|rpc:10.1.0.20:46319|dataStream:10.1.0.20:37851|priority:1|startupRole:FOLLOWER, eaea20cf-c5ca-4d45-84fe-4a8214ec7204|rpc:10.1.0.20:42299|dataStream:10.1.0.20:45285|priority:0|startupRole:FOLLOWER]|listeners:[], old=null
2023-05-04 20:14:01,131 [pool-241-thread-1] INFO  server.RaftServer$Division (RaftServerImpl.java:setRole(321)) - c0824e8e-e4e4-4301-9438-3093f7f79ba0@group-E3C7514FDC21: changes role from      null to FOLLOWER at term 0 for startAsFollower
2023-05-04 20:14:01,131 [pool-241-thread-1] INFO  impl.RoleInfo (RoleInfo.java:updateAndGet(139)) - c0824e8e-e4e4-4301-9438-3093f7f79ba0: start c0824e8e-e4e4-4301-9438-3093f7f79ba0@group-E3C7514FDC21-FollowerState
2023-05-04 20:14:01,132 [pool-241-thread-1] INFO  util.JmxRegister (JmxRegister.java:tryRegister(44)) - Successfully registered JMX Bean with object name Ratis:service=RaftServer,group=group-E3C7514FDC21,id=c0824e8e-e4e4-4301-9438-3093f7f79ba0
2023-05-04 20:14:01,132 [pool-241-thread-1] INFO  server.RaftServerConfigKeys (ConfUtils.java:logGet(46)) - raft.server.snapshot.auto.trigger.enabled = true (custom)
2023-05-04 20:14:01,132 [pool-241-thread-1] INFO  server.RaftServerConfigKeys (ConfUtils.java:logGet(46)) - raft.server.snapshot.auto.trigger.threshold = 10000 (custom)
2023-05-04 20:14:01,132 [pool-241-thread-1] INFO  server.RaftServerConfigKeys (ConfUtils.java:logGet(46)) - raft.server.snapshot.retention.file.num = 5 (custom)
2023-05-04 20:14:01,132 [pool-241-thread-1] INFO  server.RaftServerConfigKeys (ConfUtils.java:logGet(46)) - raft.server.log.purge.upto.snapshot.index = false (default)
2023-05-04 20:14:01,132 [c0824e8e-e4e4-4301-9438-3093f7f79ba0@group-E3C7514FDC21-FollowerState] INFO  server.RaftServerConfigKeys (ConfUtils.java:logFallback(53)) - raft.server.rpc.first-election.timeout.min = 5s (fallback to raft.server.rpc.timeout.min)
2023-05-04 20:14:01,133 [c0824e8e-e4e4-4301-9438-3093f7f79ba0@group-E3C7514FDC21-FollowerState] INFO  server.RaftServerConfigKeys (ConfUtils.java:logFallback(53)) - raft.server.rpc.first-election.timeout.max = 5200ms (fallback to raft.server.rpc.timeout.max)
2023-05-04 20:14:01,141 [Command processor thread] INFO  ratis.XceiverServerRatis (XceiverServerRatis.java:addGroup(806)) - Created group PipelineID=b86e585e-71f5-4c08-9f86-e3c7514fdc21
2023-05-04 20:14:01,178 [grpc-default-executor-0] INFO  server.RaftServer (RaftServerProxy.java:addNew(96)) - fe0c64ad-372f-4816-a9b8-650345a5ed87: addNew group-E3C7514FDC21:[fe0c64ad-372f-4816-a9b8-650345a5ed87|rpc:10.1.0.20:40609|dataStream:10.1.0.20:39835|priority:0|startupRole:FOLLOWER, c0824e8e-e4e4-4301-9438-3093f7f79ba0|rpc:10.1.0.20:46319|dataStream:10.1.0.20:37851|priority:1|startupRole:FOLLOWER, eaea20cf-c5ca-4d45-84fe-4a8214ec7204|rpc:10.1.0.20:42299|dataStream:10.1.0.20:45285|priority:0|startupRole:FOLLOWER] returns group-E3C7514FDC21:java.util.concurrent.CompletableFuture@1f3aff69[Not completed]
2023-05-04 20:14:01,180 [pool-267-thread-1] INFO  server.RaftServer$Division (RaftServerImpl.java:<init>(195)) - fe0c64ad-372f-4816-a9b8-650345a5ed87: new RaftServerImpl for group-E3C7514FDC21:[fe0c64ad-372f-4816-a9b8-650345a5ed87|rpc:10.1.0.20:40609|dataStream:10.1.0.20:39835|priority:0|startupRole:FOLLOWER, c0824e8e-e4e4-4301-9438-3093f7f79ba0|rpc:10.1.0.20:46319|dataStream:10.1.0.20:37851|priority:1|startupRole:FOLLOWER, eaea20cf-c5ca-4d45-84fe-4a8214ec7204|rpc:10.1.0.20:42299|dataStream:10.1.0.20:45285|priority:0|startupRole:FOLLOWER] with ContainerStateMachine:uninitialized
2023-05-04 20:14:01,180 [pool-267-thread-1] INFO  server.RaftServerConfigKeys (ConfUtils.java:logGet(46)) - raft.server.rpc.timeout.min = 5s (custom)
2023-05-04 20:14:01,180 [pool-267-thread-1] INFO  server.RaftServerConfigKeys (ConfUtils.java:logGet(46)) - raft.server.rpc.timeout.max = 5200ms (custom)
2023-05-04 20:14:01,180 [pool-267-thread-1] INFO  server.RaftServerConfigKeys (ConfUtils.java:logGet(46)) - raft.server.rpc.sleep.time = 25ms (default)
2023-05-04 20:14:01,180 [pool-267-thread-1] INFO  server.RaftServerConfigKeys (ConfUtils.java:logGet(46)) - raft.server.rpc.slowness.timeout = 300s (custom)
2023-05-04 20:14:01,180 [pool-267-thread-1] INFO  server.RaftServerConfigKeys (ConfUtils.java:logGet(46)) - raft.server.leaderelection.leader.step-down.wait-time = 10s (default)
2023-05-04 20:14:01,180 [pool-267-thread-1] INFO  server.RaftServerConfigKeys (ConfUtils.java:logGet(46)) - raft.server.sleep.deviation.threshold = 300ms (default)
2023-05-04 20:14:01,180 [pool-267-thread-1] INFO  server.RaftServer$Division (ServerState.java:<init>(118)) - fe0c64ad-372f-4816-a9b8-650345a5ed87@group-E3C7514FDC21: ConfigurationManager, init=-1: peers:[fe0c64ad-372f-4816-a9b8-650345a5ed87|rpc:10.1.0.20:40609|dataStream:10.1.0.20:39835|priority:0|startupRole:FOLLOWER, c0824e8e-e4e4-4301-9438-3093f7f79ba0|rpc:10.1.0.20:46319|dataStream:10.1.0.20:37851|priority:1|startupRole:FOLLOWER, eaea20cf-c5ca-4d45-84fe-4a8214ec7204|rpc:10.1.0.20:42299|dataStream:10.1.0.20:45285|priority:0|startupRole:FOLLOWER]|listeners:[], old=null, confs=<EMPTY_MAP>
2023-05-04 20:14:01,180 [pool-267-thread-1] INFO  server.RaftServerConfigKeys (ConfUtils.java:logGet(46)) - raft.server.storage.dir = [/home/runner/work/ozone/ozone/hadoop-ozone/integration-test/target/test-dir/MiniOzoneClusterImpl-3ff5bc89-9620-4d46-84f6-68e3c2a3a822/datanode-8/data/ratis] (custom)
2023-05-04 20:14:01,180 [pool-267-thread-1] INFO  server.RaftServerConfigKeys (ConfUtils.java:logGet(46)) - raft.server.log.corruption.policy = EXCEPTION (default)
2023-05-04 20:14:01,180 [pool-267-thread-1] INFO  server.RaftServerConfigKeys (ConfUtils.java:logGet(46)) - raft.server.storage.free-space.min = 0MB (=0) (default)
2023-05-04 20:14:01,180 [pool-267-thread-1] INFO  server.RaftServerConfigKeys (ConfUtils.java:logGet(46)) - raft.server.notification.no-leader.timeout = 300s (custom)
2023-05-04 20:14:01,180 [pool-267-thread-1] INFO  server.RaftServerConfigKeys (ConfUtils.java:logGet(46)) - raft.server.retrycache.expirytime = 600000ms (custom)
2023-05-04 20:14:01,181 [pool-267-thread-1] INFO  server.RaftServerConfigKeys (ConfUtils.java:logGet(46)) - raft.server.retrycache.statistics.expirytime = 100μs (default)
2023-05-04 20:14:01,182 [pool-267-thread-1] INFO  server.RaftServerConfigKeys (ConfUtils.java:logGet(46)) - raft.server.log.appender.install.snapshot.enabled = false (custom)
2023-05-04 20:14:01,182 [pool-267-thread-1] INFO  server.RaftServerConfigKeys (ConfUtils.java:logGet(46)) - raft.server.threadpool.server.cached = true (default)
2023-05-04 20:14:01,182 [pool-267-thread-1] INFO  server.RaftServerConfigKeys (ConfUtils.java:logGet(46)) - raft.server.threadpool.server.size = 0 (default)
2023-05-04 20:14:01,182 [pool-267-thread-1] INFO  server.RaftServerConfigKeys (ConfUtils.java:logGet(46)) - raft.server.threadpool.client.cached = true (default)
2023-05-04 20:14:01,182 [pool-267-thread-1] INFO  server.RaftServerConfigKeys (ConfUtils.java:logGet(46)) - raft.server.threadpool.client.size = 0 (default)
2023-05-04 20:14:01,182 [pool-267-thread-1] INFO  storage.RaftStorageDirectory (RaftStorageDirectoryImpl.java:analyzeStorage(137)) - The storage directory /home/runner/work/ozone/ozone/hadoop-ozone/integration-test/target/test-dir/MiniOzoneClusterImpl-3ff5bc89-9620-4d46-84f6-68e3c2a3a822/datanode-8/data/ratis/b86e585e-71f5-4c08-9f86-e3c7514fdc21 does not exist. Creating ...
2023-05-04 20:14:01,184 [pool-267-thread-1] INFO  storage.RaftStorageDirectory (RaftStorageDirectoryImpl.java:tryLock(231)) - Lock on /home/runner/work/ozone/ozone/hadoop-ozone/integration-test/target/test-dir/MiniOzoneClusterImpl-3ff5bc89-9620-4d46-84f6-68e3c2a3a822/datanode-8/data/ratis/b86e585e-71f5-4c08-9f86-e3c7514fdc21/in_use.lock acquired by nodename 25037@fv-az804-457
2023-05-04 20:14:01,185 [pool-267-thread-1] INFO  storage.RaftStorage (RaftStorageImpl.java:format(96)) - Storage directory /home/runner/work/ozone/ozone/hadoop-ozone/integration-test/target/test-dir/MiniOzoneClusterImpl-3ff5bc89-9620-4d46-84f6-68e3c2a3a822/datanode-8/data/ratis/b86e585e-71f5-4c08-9f86-e3c7514fdc21 has been successfully formatted.
2023-05-04 20:14:01,186 [pool-267-thread-1] INFO  ratis.ContainerStateMachine (ContainerStateMachine.java:loadSnapshot(262)) - group-E3C7514FDC21: The snapshot info is null. Setting the last applied indexto:(t:0, i:~)
2023-05-04 20:14:01,186 [pool-267-thread-1] INFO  server.RaftServerConfigKeys (ConfUtils.java:logGet(46)) - raft.server.log.use.memory = false (default)
2023-05-04 20:14:01,186 [pool-267-thread-1] INFO  server.RaftServerConfigKeys (ConfUtils.java:logGet(46)) - raft.server.log.purge.gap = 1000000 (custom)
2023-05-04 20:14:01,187 [pool-267-thread-1] INFO  server.RaftServerConfigKeys (ConfUtils.java:logGet(46)) - raft.server.log.appender.buffer.byte-limit = 33554432 (custom)
2023-05-04 20:14:01,187 [pool-267-thread-1] INFO  server.RaftServerConfigKeys (ConfUtils.java:logGet(46)) - raft.server.log.statemachine.data.read.timeout = 1000ms (default)
2023-05-04 20:14:01,187 [pool-267-thread-1] INFO  server.RaftServerConfigKeys (ConfUtils.java:logGet(46)) - raft.server.log.purge.preservation.log.num = 0 (default)
2023-05-04 20:14:01,187 [pool-267-thread-1] INFO  server.RaftServerConfigKeys (ConfUtils.java:logGet(46)) - raft.server.log.segment.size.max = 1048576 (custom)
2023-05-04 20:14:01,187 [pool-267-thread-1] INFO  server.RaftServerConfigKeys (ConfUtils.java:logGet(46)) - raft.server.log.segment.cache.num.max = 2 (custom)
2023-05-04 20:14:01,187 [pool-267-thread-1] INFO  server.RaftServerConfigKeys (ConfUtils.java:logGet(46)) - raft.server.log.segment.cache.size.max = 200MB (=209715200) (default)
2023-05-04 20:14:01,187 [pool-267-thread-1] INFO  segmented.SegmentedRaftLogWorker (SegmentedRaftLogWorker.java:<init>(189)) - new fe0c64ad-372f-4816-a9b8-650345a5ed87@group-E3C7514FDC21-SegmentedRaftLogWorker for RaftStorageImpl:Storage Directory /home/runner/work/ozone/ozone/hadoop-ozone/integration-test/target/test-dir/MiniOzoneClusterImpl-3ff5bc89-9620-4d46-84f6-68e3c2a3a822/datanode-8/data/ratis/b86e585e-71f5-4c08-9f86-e3c7514fdc21
2023-05-04 20:14:01,188 [pool-267-thread-1] INFO  server.RaftServerConfigKeys (ConfUtils.java:logGet(46)) - raft.server.log.queue.byte-limit = 4294967296 (custom)
2023-05-04 20:14:01,188 [pool-267-thread-1] INFO  server.RaftServerConfigKeys (ConfUtils.java:logGet(46)) - raft.server.log.queue.element-limit = 1024 (custom)
2023-05-04 20:14:01,188 [pool-267-thread-1] INFO  server.RaftServerConfigKeys (ConfUtils.java:logGet(46)) - raft.server.log.segment.size.max = 1048576 (custom)
2023-05-04 20:14:01,188 [pool-267-thread-1] INFO  server.RaftServerConfigKeys (ConfUtils.java:logGet(46)) - raft.server.log.preallocated.size = 16384 (custom)
2023-05-04 20:14:01,188 [pool-267-thread-1] INFO  server.RaftServerConfigKeys (ConfUtils.java:logGet(46)) - raft.server.log.force.sync.num = 128 (default)
2023-05-04 20:14:01,188 [pool-267-thread-1] INFO  server.RaftServerConfigKeys (ConfUtils.java:logGet(46)) - raft.server.log.statemachine.data.sync = true (default)
2023-05-04 20:14:01,188 [pool-267-thread-1] INFO  server.RaftServerConfigKeys (ConfUtils.java:logGet(46)) - raft.server.log.statemachine.data.sync.timeout = 10s (default)
2023-05-04 20:14:01,188 [pool-267-thread-1] INFO  server.RaftServerConfigKeys (ConfUtils.java:logGet(46)) - raft.server.log.statemachine.data.sync.timeout.retry = -1 (default)
2023-05-04 20:14:01,189 [pool-267-thread-1] INFO  server.RaftServerConfigKeys (ConfUtils.java:logGet(46)) - raft.server.log.write.buffer.size = 1048576 (custom)
2023-05-04 20:14:01,189 [pool-267-thread-1] INFO  server.RaftServerConfigKeys (ConfUtils.java:logGet(46)) - raft.server.log.appender.buffer.byte-limit = 33554432 (custom)
2023-05-04 20:14:01,198 [pool-267-thread-1] INFO  server.RaftServerConfigKeys (ConfUtils.java:logGet(46)) - raft.server.log.unsafe-flush.enabled = false (default)
2023-05-04 20:14:01,207 [pool-267-thread-1] INFO  server.RaftServerConfigKeys (ConfUtils.java:logGet(46)) - raft.server.log.async-flush.enabled = false (default)
2023-05-04 20:14:01,207 [pool-267-thread-1] INFO  server.RaftServerConfigKeys (ConfUtils.java:logGet(46)) - raft.server.log.statemachine.data.caching.enabled = true (custom)
2023-05-04 20:14:01,207 [pool-267-thread-1] INFO  segmented.SegmentedRaftLogWorker (SegmentedRaftLogWorker.java:lambda$new$0(135)) - fe0c64ad-372f-4816-a9b8-650345a5ed87@group-E3C7514FDC21-SegmentedRaftLogWorker: flushIndex: setUnconditionally 0 -> -1
2023-05-04 20:14:01,207 [pool-267-thread-1] INFO  segmented.SegmentedRaftLogWorker (SegmentedRaftLogWorker.java:lambda$new$0(135)) - fe0c64ad-372f-4816-a9b8-650345a5ed87@group-E3C7514FDC21-SegmentedRaftLogWorker: safeCacheEvictIndex: setUnconditionally 0 -> -1
2023-05-04 20:14:01,215 [pool-267-thread-1] INFO  server.RaftServer$Division (RaftServerImpl.java:start(334)) - fe0c64ad-372f-4816-a9b8-650345a5ed87@group-E3C7514FDC21: start as a follower, conf=-1: peers:[fe0c64ad-372f-4816-a9b8-650345a5ed87|rpc:10.1.0.20:40609|dataStream:10.1.0.20:39835|priority:0|startupRole:FOLLOWER, c0824e8e-e4e4-4301-9438-3093f7f79ba0|rpc:10.1.0.20:46319|dataStream:10.1.0.20:37851|priority:1|startupRole:FOLLOWER, eaea20cf-c5ca-4d45-84fe-4a8214ec7204|rpc:10.1.0.20:42299|dataStream:10.1.0.20:45285|priority:0|startupRole:FOLLOWER]|listeners:[], old=null
2023-05-04 20:14:01,215 [pool-267-thread-1] INFO  server.RaftServer$Division (RaftServerImpl.java:setRole(321)) - fe0c64ad-372f-4816-a9b8-650345a5ed87@group-E3C7514FDC21: changes role from      null to FOLLOWER at term 0 for startAsFollower
2023-05-04 20:14:01,215 [pool-267-thread-1] INFO  impl.RoleInfo (RoleInfo.java:updateAndGet(139)) - fe0c64ad-372f-4816-a9b8-650345a5ed87: start fe0c64ad-372f-4816-a9b8-650345a5ed87@group-E3C7514FDC21-FollowerState
2023-05-04 20:14:01,218 [pool-267-thread-1] INFO  util.JmxRegister (JmxRegister.java:tryRegister(44)) - Successfully registered JMX Bean with object name Ratis:service=RaftServer,group=group-E3C7514FDC21,id=fe0c64ad-372f-4816-a9b8-650345a5ed87
2023-05-04 20:14:01,218 [pool-267-thread-1] INFO  server.RaftServerConfigKeys (ConfUtils.java:logGet(46)) - raft.server.snapshot.auto.trigger.enabled = true (custom)
2023-05-04 20:14:01,219 [pool-267-thread-1] INFO  server.RaftServerConfigKeys (ConfUtils.java:logGet(46)) - raft.server.snapshot.auto.trigger.threshold = 10000 (custom)
2023-05-04 20:14:01,219 [pool-267-thread-1] INFO  server.RaftServerConfigKeys (ConfUtils.java:logGet(46)) - raft.server.snapshot.retention.file.num = 5 (custom)
2023-05-04 20:14:01,219 [pool-267-thread-1] INFO  server.RaftServerConfigKeys (ConfUtils.java:logGet(46)) - raft.server.log.purge.upto.snapshot.index = false (default)
2023-05-04 20:14:01,219 [fe0c64ad-372f-4816-a9b8-650345a5ed87@group-E3C7514FDC21-FollowerState] INFO  server.RaftServerConfigKeys (ConfUtils.java:logFallback(53)) - raft.server.rpc.first-election.timeout.min = 5s (fallback to raft.server.rpc.timeout.min)
2023-05-04 20:14:01,219 [fe0c64ad-372f-4816-a9b8-650345a5ed87@group-E3C7514FDC21-FollowerState] INFO  server.RaftServerConfigKeys (ConfUtils.java:logFallback(53)) - raft.server.rpc.first-election.timeout.max = 5200ms (fallback to raft.server.rpc.timeout.max)
2023-05-04 20:14:01,239 [Command processor thread] INFO  commandhandler.CreatePipelineCommandHandler (CreatePipelineCommandHandler.java:handle(113)) - Created Pipeline RATIS THREE PipelineID=b86e585e-71f5-4c08-9f86-e3c7514fdc21.
2023-05-04 20:14:01,252 [Command processor thread] INFO  commandhandler.CreatePipelineCommandHandler (CreatePipelineCommandHandler.java:handle(113)) - Created Pipeline RATIS THREE PipelineID=b86e585e-71f5-4c08-9f86-e3c7514fdc21.
2023-05-04 20:14:01,290 [Command processor thread] INFO  server.RaftServer (RaftServerProxy.java:addNew(96)) - fe0c64ad-372f-4816-a9b8-650345a5ed87: addNew group-A55471C5CFE6:[fe0c64ad-372f-4816-a9b8-650345a5ed87|rpc:10.1.0.20:40609|dataStream:10.1.0.20:39835|priority:1|startupRole:FOLLOWER] returns group-A55471C5CFE6:java.util.concurrent.CompletableFuture@31a3a76c[Not completed]
2023-05-04 20:14:01,291 [pool-267-thread-1] INFO  server.RaftServer$Division (RaftServerImpl.java:<init>(195)) - fe0c64ad-372f-4816-a9b8-650345a5ed87: new RaftServerImpl for group-A55471C5CFE6:[fe0c64ad-372f-4816-a9b8-650345a5ed87|rpc:10.1.0.20:40609|dataStream:10.1.0.20:39835|priority:1|startupRole:FOLLOWER] with ContainerStateMachine:uninitialized
2023-05-04 20:14:01,291 [pool-267-thread-1] INFO  server.RaftServerConfigKeys (ConfUtils.java:logGet(46)) - raft.server.rpc.timeout.min = 5s (custom)
2023-05-04 20:14:01,291 [pool-267-thread-1] INFO  server.RaftServerConfigKeys (ConfUtils.java:logGet(46)) - raft.server.rpc.timeout.max = 5200ms (custom)
2023-05-04 20:14:01,291 [pool-267-thread-1] INFO  server.RaftServerConfigKeys (ConfUtils.java:logGet(46)) - raft.server.rpc.sleep.time = 25ms (default)
2023-05-04 20:14:01,291 [pool-267-thread-1] INFO  server.RaftServerConfigKeys (ConfUtils.java:logGet(46)) - raft.server.rpc.slowness.timeout = 300s (custom)
2023-05-04 20:14:01,291 [pool-267-thread-1] INFO  server.RaftServerConfigKeys (ConfUtils.java:logGet(46)) - raft.server.leaderelection.leader.step-down.wait-time = 10s (default)
2023-05-04 20:14:01,291 [pool-267-thread-1] INFO  server.RaftServerConfigKeys (ConfUtils.java:logGet(46)) - raft.server.sleep.deviation.threshold = 300ms (default)
2023-05-04 20:14:01,291 [pool-267-thread-1] INFO  server.RaftServer$Division (ServerState.java:<init>(118)) - fe0c64ad-372f-4816-a9b8-650345a5ed87@group-A55471C5CFE6: ConfigurationManager, init=-1: peers:[fe0c64ad-372f-4816-a9b8-650345a5ed87|rpc:10.1.0.20:40609|dataStream:10.1.0.20:39835|priority:1|startupRole:FOLLOWER]|listeners:[], old=null, confs=<EMPTY_MAP>
2023-05-04 20:14:01,291 [pool-267-thread-1] INFO  server.RaftServerConfigKeys (ConfUtils.java:logGet(46)) - raft.server.storage.dir = [/home/runner/work/ozone/ozone/hadoop-ozone/integration-test/target/test-dir/MiniOzoneClusterImpl-3ff5bc89-9620-4d46-84f6-68e3c2a3a822/datanode-8/data/ratis] (custom)
2023-05-04 20:14:01,292 [pool-267-thread-1] INFO  server.RaftServerConfigKeys (ConfUtils.java:logGet(46)) - raft.server.log.corruption.policy = EXCEPTION (default)
2023-05-04 20:14:01,292 [pool-267-thread-1] INFO  server.RaftServerConfigKeys (ConfUtils.java:logGet(46)) - raft.server.storage.free-space.min = 0MB (=0) (default)
2023-05-04 20:14:01,292 [pool-267-thread-1] INFO  server.RaftServerConfigKeys (ConfUtils.java:logGet(46)) - raft.server.notification.no-leader.timeout = 300s (custom)
2023-05-04 20:14:01,292 [pool-267-thread-1] INFO  server.RaftServerConfigKeys (ConfUtils.java:logGet(46)) - raft.server.retrycache.expirytime = 600000ms (custom)
2023-05-04 20:14:01,292 [pool-267-thread-1] INFO  server.RaftServerConfigKeys (ConfUtils.java:logGet(46)) - raft.server.retrycache.statistics.expirytime = 100μs (default)
2023-05-04 20:14:01,293 [pool-267-thread-1] INFO  server.RaftServerConfigKeys (ConfUtils.java:logGet(46)) - raft.server.log.appender.install.snapshot.enabled = false (custom)
2023-05-04 20:14:01,293 [pool-267-thread-1] INFO  server.RaftServerConfigKeys (ConfUtils.java:logGet(46)) - raft.server.threadpool.server.cached = true (default)
2023-05-04 20:14:01,293 [pool-267-thread-1] INFO  server.RaftServerConfigKeys (ConfUtils.java:logGet(46)) - raft.server.threadpool.server.size = 0 (default)
2023-05-04 20:14:01,293 [pool-267-thread-1] INFO  server.RaftServerConfigKeys (ConfUtils.java:logGet(46)) - raft.server.threadpool.client.cached = true (default)
2023-05-04 20:14:01,293 [pool-267-thread-1] INFO  server.RaftServerConfigKeys (ConfUtils.java:logGet(46)) - raft.server.threadpool.client.size = 0 (default)
2023-05-04 20:14:01,294 [pool-267-thread-1] INFO  storage.RaftStorageDirectory (RaftStorageDirectoryImpl.java:analyzeStorage(137)) - The storage directory /home/runner/work/ozone/ozone/hadoop-ozone/integration-test/target/test-dir/MiniOzoneClusterImpl-3ff5bc89-9620-4d46-84f6-68e3c2a3a822/datanode-8/data/ratis/ff4bd993-17d7-4353-bfae-a55471c5cfe6 does not exist. Creating ...
2023-05-04 20:14:01,295 [pool-267-thread-1] INFO  storage.RaftStorageDirectory (RaftStorageDirectoryImpl.java:tryLock(231)) - Lock on /home/runner/work/ozone/ozone/hadoop-ozone/integration-test/target/test-dir/MiniOzoneClusterImpl-3ff5bc89-9620-4d46-84f6-68e3c2a3a822/datanode-8/data/ratis/ff4bd993-17d7-4353-bfae-a55471c5cfe6/in_use.lock acquired by nodename 25037@fv-az804-457
2023-05-04 20:14:01,296 [pool-267-thread-1] INFO  storage.RaftStorage (RaftStorageImpl.java:format(96)) - Storage directory /home/runner/work/ozone/ozone/hadoop-ozone/integration-test/target/test-dir/MiniOzoneClusterImpl-3ff5bc89-9620-4d46-84f6-68e3c2a3a822/datanode-8/data/ratis/ff4bd993-17d7-4353-bfae-a55471c5cfe6 has been successfully formatted.
2023-05-04 20:14:01,297 [pool-267-thread-1] INFO  ratis.ContainerStateMachine (ContainerStateMachine.java:loadSnapshot(262)) - group-A55471C5CFE6: The snapshot info is null. Setting the last applied indexto:(t:0, i:~)
2023-05-04 20:14:01,298 [pool-267-thread-1] INFO  server.RaftServerConfigKeys (ConfUtils.java:logGet(46)) - raft.server.log.use.memory = false (default)
2023-05-04 20:14:01,298 [pool-267-thread-1] INFO  server.RaftServerConfigKeys (ConfUtils.java:logGet(46)) - raft.server.log.purge.gap = 1000000 (custom)
2023-05-04 20:14:01,298 [pool-267-thread-1] INFO  server.RaftServerConfigKeys (ConfUtils.java:logGet(46)) - raft.server.log.appender.buffer.byte-limit = 33554432 (custom)
2023-05-04 20:14:01,298 [EventQueue-PipelineReportForPipelineReportHandler] INFO  pipeline.PipelineManagerImpl (PipelineManagerImpl.java:openPipeline(367)) - Pipeline Pipeline[ Id: ff4bd993-17d7-4353-bfae-a55471c5cfe6, Nodes: fe0c64ad-372f-4816-a9b8-650345a5ed87(fv-az804-457.cvtsq3ctpw5ehehiek0yp1ke0c.cx.internal.cloudapp.net/10.1.0.20), ReplicationConfig: RATIS/ONE, State:ALLOCATED, leaderId:fe0c64ad-372f-4816-a9b8-650345a5ed87, CreationTimestamp2023-05-04T20:13:58.293Z[Etc/UTC]] moved to OPEN state
2023-05-04 20:14:01,298 [pool-267-thread-1] INFO  server.RaftServerConfigKeys (ConfUtils.java:logGet(46)) - raft.server.log.statemachine.data.read.timeout = 1000ms (default)
2023-05-04 20:14:01,299 [pool-267-thread-1] INFO  server.RaftServerConfigKeys (ConfUtils.java:logGet(46)) - raft.server.log.purge.preservation.log.num = 0 (default)
2023-05-04 20:14:01,299 [EventQueue-OpenPipelineForHealthyPipelineSafeModeRule] INFO  safemode.SCMSafeModeManager (HealthyPipelineSafeModeRule.java:process(137)) - SCM in safe mode. Healthy pipelines reported count is 0, required healthy pipeline reported count is 1
2023-05-04 20:14:01,299 [pool-267-thread-1] INFO  server.RaftServerConfigKeys (ConfUtils.java:logGet(46)) - raft.server.log.segment.size.max = 1048576 (custom)
2023-05-04 20:14:01,300 [pool-267-thread-1] INFO  server.RaftServerConfigKeys (ConfUtils.java:logGet(46)) - raft.server.log.segment.cache.num.max = 2 (custom)
2023-05-04 20:14:01,300 [pool-267-thread-1] INFO  server.RaftServerConfigKeys (ConfUtils.java:logGet(46)) - raft.server.log.segment.cache.size.max = 200MB (=209715200) (default)
2023-05-04 20:14:01,300 [pool-267-thread-1] INFO  segmented.SegmentedRaftLogWorker (SegmentedRaftLogWorker.java:<init>(189)) - new fe0c64ad-372f-4816-a9b8-650345a5ed87@group-A55471C5CFE6-SegmentedRaftLogWorker for RaftStorageImpl:Storage Directory /home/runner/work/ozone/ozone/hadoop-ozone/integration-test/target/test-dir/MiniOzoneClusterImpl-3ff5bc89-9620-4d46-84f6-68e3c2a3a822/datanode-8/data/ratis/ff4bd993-17d7-4353-bfae-a55471c5cfe6
2023-05-04 20:14:01,300 [pool-267-thread-1] INFO  server.RaftServerConfigKeys (ConfUtils.java:logGet(46)) - raft.server.log.queue.byte-limit = 4294967296 (custom)
2023-05-04 20:14:01,300 [pool-267-thread-1] INFO  server.RaftServerConfigKeys (ConfUtils.java:logGet(46)) - raft.server.log.queue.element-limit = 1024 (custom)
2023-05-04 20:14:01,300 [pool-267-thread-1] INFO  server.RaftServerConfigKeys (ConfUtils.java:logGet(46)) - raft.server.log.segment.size.max = 1048576 (custom)
2023-05-04 20:14:01,300 [pool-267-thread-1] INFO  server.RaftServerConfigKeys (ConfUtils.java:logGet(46)) - raft.server.log.preallocated.size = 16384 (custom)
2023-05-04 20:14:01,300 [pool-267-thread-1] INFO  server.RaftServerConfigKeys (ConfUtils.java:logGet(46)) - raft.server.log.force.sync.num = 128 (default)
2023-05-04 20:14:01,300 [pool-267-thread-1] INFO  server.RaftServerConfigKeys (ConfUtils.java:logGet(46)) - raft.server.log.statemachine.data.sync = true (default)
2023-05-04 20:14:01,300 [pool-267-thread-1] INFO  server.RaftServerConfigKeys (ConfUtils.java:logGet(46)) - raft.server.log.statemachine.data.sync.timeout = 10s (default)
2023-05-04 20:14:01,300 [pool-267-thread-1] INFO  server.RaftServerConfigKeys (ConfUtils.java:logGet(46)) - raft.server.log.statemachine.data.sync.timeout.retry = -1 (default)
2023-05-04 20:14:01,302 [pool-267-thread-1] INFO  server.RaftServerConfigKeys (ConfUtils.java:logGet(46)) - raft.server.log.write.buffer.size = 1048576 (custom)
2023-05-04 20:14:01,304 [pool-267-thread-1] INFO  server.RaftServerConfigKeys (ConfUtils.java:logGet(46)) - raft.server.log.appender.buffer.byte-limit = 33554432 (custom)
2023-05-04 20:14:01,311 [pool-267-thread-1] INFO  server.RaftServerConfigKeys (ConfUtils.java:logGet(46)) - raft.server.log.unsafe-flush.enabled = false (default)
2023-05-04 20:14:01,311 [pool-267-thread-1] INFO  server.RaftServerConfigKeys (ConfUtils.java:logGet(46)) - raft.server.log.async-flush.enabled = false (default)
2023-05-04 20:14:01,311 [pool-267-thread-1] INFO  server.RaftServerConfigKeys (ConfUtils.java:logGet(46)) - raft.server.log.statemachine.data.caching.enabled = true (custom)
2023-05-04 20:14:01,311 [pool-267-thread-1] INFO  segmented.SegmentedRaftLogWorker (SegmentedRaftLogWorker.java:lambda$new$0(135)) - fe0c64ad-372f-4816-a9b8-650345a5ed87@group-A55471C5CFE6-SegmentedRaftLogWorker: flushIndex: setUnconditionally 0 -> -1
2023-05-04 20:14:01,311 [pool-267-thread-1] INFO  segmented.SegmentedRaftLogWorker (SegmentedRaftLogWorker.java:lambda$new$0(135)) - fe0c64ad-372f-4816-a9b8-650345a5ed87@group-A55471C5CFE6-SegmentedRaftLogWorker: safeCacheEvictIndex: setUnconditionally 0 -> -1
2023-05-04 20:14:01,311 [pool-267-thread-1] INFO  server.RaftServer$Division (RaftServerImpl.java:start(334)) - fe0c64ad-372f-4816-a9b8-650345a5ed87@group-A55471C5CFE6: start as a follower, conf=-1: peers:[fe0c64ad-372f-4816-a9b8-650345a5ed87|rpc:10.1.0.20:40609|dataStream:10.1.0.20:39835|priority:1|startupRole:FOLLOWER]|listeners:[], old=null
2023-05-04 20:14:01,311 [pool-267-thread-1] INFO  server.RaftServer$Division (RaftServerImpl.java:setRole(321)) - fe0c64ad-372f-4816-a9b8-650345a5ed87@group-A55471C5CFE6: changes role from      null to FOLLOWER at term 0 for startAsFollower
2023-05-04 20:14:01,312 [pool-267-thread-1] INFO  impl.RoleInfo (RoleInfo.java:updateAndGet(139)) - fe0c64ad-372f-4816-a9b8-650345a5ed87: start fe0c64ad-372f-4816-a9b8-650345a5ed87@group-A55471C5CFE6-FollowerState
2023-05-04 20:14:01,312 [pool-267-thread-1] INFO  util.JmxRegister (JmxRegister.java:tryRegister(44)) - Successfully registered JMX Bean with object name Ratis:service=RaftServer,group=group-A55471C5CFE6,id=fe0c64ad-372f-4816-a9b8-650345a5ed87
2023-05-04 20:14:01,312 [pool-267-thread-1] INFO  server.RaftServerConfigKeys (ConfUtils.java:logGet(46)) - raft.server.snapshot.auto.trigger.enabled = true (custom)
2023-05-04 20:14:01,312 [pool-267-thread-1] INFO  server.RaftServerConfigKeys (ConfUtils.java:logGet(46)) - raft.server.snapshot.auto.trigger.threshold = 10000 (custom)
2023-05-04 20:14:01,312 [pool-267-thread-1] INFO  server.RaftServerConfigKeys (ConfUtils.java:logGet(46)) - raft.server.snapshot.retention.file.num = 5 (custom)
2023-05-04 20:14:01,312 [pool-267-thread-1] INFO  server.RaftServerConfigKeys (ConfUtils.java:logGet(46)) - raft.server.log.purge.upto.snapshot.index = false (default)
2023-05-04 20:14:01,313 [fe0c64ad-372f-4816-a9b8-650345a5ed87@group-A55471C5CFE6-FollowerState] INFO  server.RaftServerConfigKeys (ConfUtils.java:logFallback(53)) - raft.server.rpc.first-election.timeout.min = 5s (fallback to raft.server.rpc.timeout.min)
2023-05-04 20:14:01,313 [fe0c64ad-372f-4816-a9b8-650345a5ed87@group-A55471C5CFE6-FollowerState] INFO  server.RaftServerConfigKeys (ConfUtils.java:logFallback(53)) - raft.server.rpc.first-election.timeout.max = 5200ms (fallback to raft.server.rpc.timeout.max)
2023-05-04 20:14:01,313 [Command processor thread] INFO  ratis.XceiverServerRatis (XceiverServerRatis.java:addGroup(806)) - Created group PipelineID=ff4bd993-17d7-4353-bfae-a55471c5cfe6
2023-05-04 20:14:01,313 [Command processor thread] INFO  commandhandler.CreatePipelineCommandHandler (CreatePipelineCommandHandler.java:handle(113)) - Created Pipeline RATIS ONE PipelineID=ff4bd993-17d7-4353-bfae-a55471c5cfe6.
2023-05-04 20:14:01,349 [Listener at 127.0.0.1/35517] INFO  ozone.MiniOzoneClusterImpl (MiniOzoneClusterImpl.java:lambda$waitForClusterToBeReady$0(223)) - Nodes are ready. Got 14 of 14 DN Heartbeats.
2023-05-04 20:14:01,349 [Listener at 127.0.0.1/35517] INFO  ozone.MiniOzoneClusterImpl (MiniOzoneClusterImpl.java:lambda$waitForClusterToBeReady$0(226)) - Waiting for cluster to exit safe mode
2023-05-04 20:14:01,349 [Listener at 127.0.0.1/35517] INFO  ozone.MiniOzoneClusterImpl (MiniOzoneClusterImpl.java:lambda$waitForClusterToBeReady$0(228)) - SCM became leader
2023-05-04 20:14:01,900 [Command processor thread] INFO  server.RaftServer (RaftServerProxy.java:addNew(96)) - 7e411c01-6998-40d0-b507-5d7903264b15: addNew group-5B39CDE3CC84:[7e411c01-6998-40d0-b507-5d7903264b15|rpc:10.1.0.20:37977|dataStream:10.1.0.20:36461|priority:1|startupRole:FOLLOWER] returns group-5B39CDE3CC84:java.util.concurrent.CompletableFuture@10e3a7df[Not completed]
2023-05-04 20:14:01,902 [pool-293-thread-1] INFO  server.RaftServer$Division (RaftServerImpl.java:<init>(195)) - 7e411c01-6998-40d0-b507-5d7903264b15: new RaftServerImpl for group-5B39CDE3CC84:[7e411c01-6998-40d0-b507-5d7903264b15|rpc:10.1.0.20:37977|dataStream:10.1.0.20:36461|priority:1|startupRole:FOLLOWER] with ContainerStateMachine:uninitialized
2023-05-04 20:14:01,902 [pool-293-thread-1] INFO  server.RaftServerConfigKeys (ConfUtils.java:logGet(46)) - raft.server.rpc.timeout.min = 5s (custom)
2023-05-04 20:14:01,902 [pool-293-thread-1] INFO  server.RaftServerConfigKeys (ConfUtils.java:logGet(46)) - raft.server.rpc.timeout.max = 5200ms (custom)
2023-05-04 20:14:01,902 [pool-293-thread-1] INFO  server.RaftServerConfigKeys (ConfUtils.java:logGet(46)) - raft.server.rpc.sleep.time = 25ms (default)
2023-05-04 20:14:01,902 [pool-293-thread-1] INFO  server.RaftServerConfigKeys (ConfUtils.java:logGet(46)) - raft.server.rpc.slowness.timeout = 300s (custom)
2023-05-04 20:14:01,902 [pool-293-thread-1] INFO  server.RaftServerConfigKeys (ConfUtils.java:logGet(46)) - raft.server.leaderelection.leader.step-down.wait-time = 10s (default)
2023-05-04 20:14:01,902 [pool-293-thread-1] INFO  server.RaftServerConfigKeys (ConfUtils.java:logGet(46)) - raft.server.sleep.deviation.threshold = 300ms (default)
2023-05-04 20:14:01,903 [pool-293-thread-1] INFO  server.RaftServer$Division (ServerState.java:<init>(118)) - 7e411c01-6998-40d0-b507-5d7903264b15@group-5B39CDE3CC84: ConfigurationManager, init=-1: peers:[7e411c01-6998-40d0-b507-5d7903264b15|rpc:10.1.0.20:37977|dataStream:10.1.0.20:36461|priority:1|startupRole:FOLLOWER]|listeners:[], old=null, confs=<EMPTY_MAP>
2023-05-04 20:14:01,903 [pool-293-thread-1] INFO  server.RaftServerConfigKeys (ConfUtils.java:logGet(46)) - raft.server.storage.dir = [/home/runner/work/ozone/ozone/hadoop-ozone/integration-test/target/test-dir/MiniOzoneClusterImpl-3ff5bc89-9620-4d46-84f6-68e3c2a3a822/datanode-9/data/ratis] (custom)
2023-05-04 20:14:01,903 [pool-293-thread-1] INFO  server.RaftServerConfigKeys (ConfUtils.java:logGet(46)) - raft.server.log.corruption.policy = EXCEPTION (default)
2023-05-04 20:14:01,903 [pool-293-thread-1] INFO  server.RaftServerConfigKeys (ConfUtils.java:logGet(46)) - raft.server.storage.free-space.min = 0MB (=0) (default)
2023-05-04 20:14:01,903 [pool-293-thread-1] INFO  server.RaftServerConfigKeys (ConfUtils.java:logGet(46)) - raft.server.notification.no-leader.timeout = 300s (custom)
2023-05-04 20:14:01,903 [pool-293-thread-1] INFO  server.RaftServerConfigKeys (ConfUtils.java:logGet(46)) - raft.server.retrycache.expirytime = 600000ms (custom)
2023-05-04 20:14:01,903 [pool-293-thread-1] INFO  server.RaftServerConfigKeys (ConfUtils.java:logGet(46)) - raft.server.retrycache.statistics.expirytime = 100μs (default)
2023-05-04 20:14:01,904 [pool-293-thread-1] INFO  server.RaftServerConfigKeys (ConfUtils.java:logGet(46)) - raft.server.log.appender.install.snapshot.enabled = false (custom)
2023-05-04 20:14:01,904 [pool-293-thread-1] INFO  server.RaftServerConfigKeys (ConfUtils.java:logGet(46)) - raft.server.threadpool.server.cached = true (default)
2023-05-04 20:14:01,904 [pool-293-thread-1] INFO  server.RaftServerConfigKeys (ConfUtils.java:logGet(46)) - raft.server.threadpool.server.size = 0 (default)
2023-05-04 20:14:01,904 [pool-293-thread-1] INFO  server.RaftServerConfigKeys (ConfUtils.java:logGet(46)) - raft.server.threadpool.client.cached = true (default)
2023-05-04 20:14:01,904 [pool-293-thread-1] INFO  server.RaftServerConfigKeys (ConfUtils.java:logGet(46)) - raft.server.threadpool.client.size = 0 (default)
2023-05-04 20:14:01,905 [pool-293-thread-1] INFO  storage.RaftStorageDirectory (RaftStorageDirectoryImpl.java:analyzeStorage(137)) - The storage directory /home/runner/work/ozone/ozone/hadoop-ozone/integration-test/target/test-dir/MiniOzoneClusterImpl-3ff5bc89-9620-4d46-84f6-68e3c2a3a822/datanode-9/data/ratis/1aa3207c-c7c9-445a-b706-5b39cde3cc84 does not exist. Creating ...
2023-05-04 20:14:01,905 [pool-293-thread-1] INFO  storage.RaftStorageDirectory (RaftStorageDirectoryImpl.java:tryLock(231)) - Lock on /home/runner/work/ozone/ozone/hadoop-ozone/integration-test/target/test-dir/MiniOzoneClusterImpl-3ff5bc89-9620-4d46-84f6-68e3c2a3a822/datanode-9/data/ratis/1aa3207c-c7c9-445a-b706-5b39cde3cc84/in_use.lock acquired by nodename 25037@fv-az804-457
2023-05-04 20:14:01,906 [pool-293-thread-1] INFO  storage.RaftStorage (RaftStorageImpl.java:format(96)) - Storage directory /home/runner/work/ozone/ozone/hadoop-ozone/integration-test/target/test-dir/MiniOzoneClusterImpl-3ff5bc89-9620-4d46-84f6-68e3c2a3a822/datanode-9/data/ratis/1aa3207c-c7c9-445a-b706-5b39cde3cc84 has been successfully formatted.
2023-05-04 20:14:01,908 [pool-293-thread-1] INFO  ratis.ContainerStateMachine (ContainerStateMachine.java:loadSnapshot(262)) - group-5B39CDE3CC84: The snapshot info is null. Setting the last applied indexto:(t:0, i:~)
2023-05-04 20:14:01,908 [pool-293-thread-1] INFO  server.RaftServerConfigKeys (ConfUtils.java:logGet(46)) - raft.server.log.use.memory = false (default)
2023-05-04 20:14:01,908 [pool-293-thread-1] INFO  server.RaftServerConfigKeys (ConfUtils.java:logGet(46)) - raft.server.log.purge.gap = 1000000 (custom)
2023-05-04 20:14:01,909 [pool-293-thread-1] INFO  server.RaftServerConfigKeys (ConfUtils.java:logGet(46)) - raft.server.log.appender.buffer.byte-limit = 33554432 (custom)
2023-05-04 20:14:01,909 [pool-293-thread-1] INFO  server.RaftServerConfigKeys (ConfUtils.java:logGet(46)) - raft.server.log.statemachine.data.read.timeout = 1000ms (default)
2023-05-04 20:14:01,909 [pool-293-thread-1] INFO  server.RaftServerConfigKeys (ConfUtils.java:logGet(46)) - raft.server.log.purge.preservation.log.num = 0 (default)
2023-05-04 20:14:01,909 [pool-293-thread-1] INFO  server.RaftServerConfigKeys (ConfUtils.java:logGet(46)) - raft.server.log.segment.size.max = 1048576 (custom)
2023-05-04 20:14:01,909 [pool-293-thread-1] INFO  server.RaftServerConfigKeys (ConfUtils.java:logGet(46)) - raft.server.log.segment.cache.num.max = 2 (custom)
2023-05-04 20:14:01,909 [pool-293-thread-1] INFO  server.RaftServerConfigKeys (ConfUtils.java:logGet(46)) - raft.server.log.segment.cache.size.max = 200MB (=209715200) (default)
2023-05-04 20:14:01,910 [pool-293-thread-1] INFO  segmented.SegmentedRaftLogWorker (SegmentedRaftLogWorker.java:<init>(189)) - new 7e411c01-6998-40d0-b507-5d7903264b15@group-5B39CDE3CC84-SegmentedRaftLogWorker for RaftStorageImpl:Storage Directory /home/runner/work/ozone/ozone/hadoop-ozone/integration-test/target/test-dir/MiniOzoneClusterImpl-3ff5bc89-9620-4d46-84f6-68e3c2a3a822/datanode-9/data/ratis/1aa3207c-c7c9-445a-b706-5b39cde3cc84
2023-05-04 20:14:01,910 [pool-293-thread-1] INFO  server.RaftServerConfigKeys (ConfUtils.java:logGet(46)) - raft.server.log.queue.byte-limit = 4294967296 (custom)
2023-05-04 20:14:01,910 [pool-293-thread-1] INFO  server.RaftServerConfigKeys (ConfUtils.java:logGet(46)) - raft.server.log.queue.element-limit = 1024 (custom)
2023-05-04 20:14:01,910 [pool-293-thread-1] INFO  server.RaftServerConfigKeys (ConfUtils.java:logGet(46)) - raft.server.log.segment.size.max = 1048576 (custom)
2023-05-04 20:14:01,910 [pool-293-thread-1] INFO  server.RaftServerConfigKeys (ConfUtils.java:logGet(46)) - raft.server.log.preallocated.size = 16384 (custom)
2023-05-04 20:14:01,910 [pool-293-thread-1] INFO  server.RaftServerConfigKeys (ConfUtils.java:logGet(46)) - raft.server.log.force.sync.num = 128 (default)
2023-05-04 20:14:01,910 [pool-293-thread-1] INFO  server.RaftServerConfigKeys (ConfUtils.java:logGet(46)) - raft.server.log.statemachine.data.sync = true (default)
2023-05-04 20:14:01,910 [pool-293-thread-1] INFO  server.RaftServerConfigKeys (ConfUtils.java:logGet(46)) - raft.server.log.statemachine.data.sync.timeout = 10s (default)
2023-05-04 20:14:01,910 [pool-293-thread-1] INFO  server.RaftServerConfigKeys (ConfUtils.java:logGet(46)) - raft.server.log.statemachine.data.sync.timeout.retry = -1 (default)
2023-05-04 20:14:01,911 [EventQueue-PipelineReportForPipelineReportHandler] INFO  pipeline.PipelineManagerImpl (PipelineManagerImpl.java:openPipeline(367)) - Pipeline Pipeline[ Id: 1aa3207c-c7c9-445a-b706-5b39cde3cc84, Nodes: 7e411c01-6998-40d0-b507-5d7903264b15(fv-az804-457.cvtsq3ctpw5ehehiek0yp1ke0c.cx.internal.cloudapp.net/10.1.0.20), ReplicationConfig: RATIS/ONE, State:ALLOCATED, leaderId:7e411c01-6998-40d0-b507-5d7903264b15, CreationTimestamp2023-05-04T20:13:58.931Z[Etc/UTC]] moved to OPEN state
2023-05-04 20:14:01,911 [pool-293-thread-1] INFO  server.RaftServerConfigKeys (ConfUtils.java:logGet(46)) - raft.server.log.write.buffer.size = 1048576 (custom)
2023-05-04 20:14:01,911 [EventQueue-OpenPipelineForHealthyPipelineSafeModeRule] INFO  safemode.SCMSafeModeManager (HealthyPipelineSafeModeRule.java:process(137)) - SCM in safe mode. Healthy pipelines reported count is 0, required healthy pipeline reported count is 1
2023-05-04 20:14:01,912 [pool-293-thread-1] INFO  server.RaftServerConfigKeys (ConfUtils.java:logGet(46)) - raft.server.log.appender.buffer.byte-limit = 33554432 (custom)
2023-05-04 20:14:01,916 [pool-293-thread-1] INFO  server.RaftServerConfigKeys (ConfUtils.java:logGet(46)) - raft.server.log.unsafe-flush.enabled = false (default)
2023-05-04 20:14:01,916 [pool-293-thread-1] INFO  server.RaftServerConfigKeys (ConfUtils.java:logGet(46)) - raft.server.log.async-flush.enabled = false (default)
2023-05-04 20:14:01,917 [pool-293-thread-1] INFO  server.RaftServerConfigKeys (ConfUtils.java:logGet(46)) - raft.server.log.statemachine.data.caching.enabled = true (custom)
2023-05-04 20:14:01,917 [pool-293-thread-1] INFO  segmented.SegmentedRaftLogWorker (SegmentedRaftLogWorker.java:lambda$new$0(135)) - 7e411c01-6998-40d0-b507-5d7903264b15@group-5B39CDE3CC84-SegmentedRaftLogWorker: flushIndex: setUnconditionally 0 -> -1
2023-05-04 20:14:01,917 [pool-293-thread-1] INFO  segmented.SegmentedRaftLogWorker (SegmentedRaftLogWorker.java:lambda$new$0(135)) - 7e411c01-6998-40d0-b507-5d7903264b15@group-5B39CDE3CC84-SegmentedRaftLogWorker: safeCacheEvictIndex: setUnconditionally 0 -> -1
2023-05-04 20:14:01,917 [pool-293-thread-1] INFO  server.RaftServer$Division (RaftServerImpl.java:start(334)) - 7e411c01-6998-40d0-b507-5d7903264b15@group-5B39CDE3CC84: start as a follower, conf=-1: peers:[7e411c01-6998-40d0-b507-5d7903264b15|rpc:10.1.0.20:37977|dataStream:10.1.0.20:36461|priority:1|startupRole:FOLLOWER]|listeners:[], old=null
2023-05-04 20:14:01,917 [pool-293-thread-1] INFO  server.RaftServer$Division (RaftServerImpl.java:setRole(321)) - 7e411c01-6998-40d0-b507-5d7903264b15@group-5B39CDE3CC84: changes role from      null to FOLLOWER at term 0 for startAsFollower
2023-05-04 20:14:01,917 [pool-293-thread-1] INFO  impl.RoleInfo (RoleInfo.java:updateAndGet(139)) - 7e411c01-6998-40d0-b507-5d7903264b15: start 7e411c01-6998-40d0-b507-5d7903264b15@group-5B39CDE3CC84-FollowerState
2023-05-04 20:14:01,918 [pool-293-thread-1] INFO  util.JmxRegister (JmxRegister.java:tryRegister(44)) - Successfully registered JMX Bean with object name Ratis:service=RaftServer,group=group-5B39CDE3CC84,id=7e411c01-6998-40d0-b507-5d7903264b15
2023-05-04 20:14:01,918 [pool-293-thread-1] INFO  server.RaftServerConfigKeys (ConfUtils.java:logGet(46)) - raft.server.snapshot.auto.trigger.enabled = true (custom)
2023-05-04 20:14:01,918 [pool-293-thread-1] INFO  server.RaftServerConfigKeys (ConfUtils.java:logGet(46)) - raft.server.snapshot.auto.trigger.threshold = 10000 (custom)
2023-05-04 20:14:01,918 [pool-293-thread-1] INFO  server.RaftServerConfigKeys (ConfUtils.java:logGet(46)) - raft.server.snapshot.retention.file.num = 5 (custom)
2023-05-04 20:14:01,918 [pool-293-thread-1] INFO  server.RaftServerConfigKeys (ConfUtils.java:logGet(46)) - raft.server.log.purge.upto.snapshot.index = false (default)
2023-05-04 20:14:01,918 [7e411c01-6998-40d0-b507-5d7903264b15@group-5B39CDE3CC84-FollowerState] INFO  server.RaftServerConfigKeys (ConfUtils.java:logFallback(53)) - raft.server.rpc.first-election.timeout.min = 5s (fallback to raft.server.rpc.timeout.min)
2023-05-04 20:14:01,919 [7e411c01-6998-40d0-b507-5d7903264b15@group-5B39CDE3CC84-FollowerState] INFO  server.RaftServerConfigKeys (ConfUtils.java:logFallback(53)) - raft.server.rpc.first-election.timeout.max = 5200ms (fallback to raft.server.rpc.timeout.max)
2023-05-04 20:14:01,920 [Command processor thread] INFO  ratis.XceiverServerRatis (XceiverServerRatis.java:addGroup(806)) - Created group PipelineID=1aa3207c-c7c9-445a-b706-5b39cde3cc84
2023-05-04 20:14:01,920 [Command processor thread] INFO  commandhandler.CreatePipelineCommandHandler (CreatePipelineCommandHandler.java:handle(113)) - Created Pipeline RATIS ONE PipelineID=1aa3207c-c7c9-445a-b706-5b39cde3cc84.
2023-05-04 20:14:01,921 [Command processor thread] INFO  server.RaftServer (RaftServerProxy.java:addNew(96)) - 7e411c01-6998-40d0-b507-5d7903264b15: addNew group-D748948E6287:[b4df0636-e8ba-4aa2-9ff9-49534f1768bf|rpc:10.1.0.20:42357|dataStream:10.1.0.20:43847|priority:1|startupRole:FOLLOWER, 7e411c01-6998-40d0-b507-5d7903264b15|rpc:10.1.0.20:37977|dataStream:10.1.0.20:36461|priority:0|startupRole:FOLLOWER, 14e688c6-03f0-4578-94be-4c0bf8f01127|rpc:10.1.0.20:44235|dataStream:10.1.0.20:44165|priority:0|startupRole:FOLLOWER] returns group-D748948E6287:java.util.concurrent.CompletableFuture@14dc311b[Not completed]
2023-05-04 20:14:01,921 [pool-293-thread-1] INFO  server.RaftServer$Division (RaftServerImpl.java:<init>(195)) - 7e411c01-6998-40d0-b507-5d7903264b15: new RaftServerImpl for group-D748948E6287:[b4df0636-e8ba-4aa2-9ff9-49534f1768bf|rpc:10.1.0.20:42357|dataStream:10.1.0.20:43847|priority:1|startupRole:FOLLOWER, 7e411c01-6998-40d0-b507-5d7903264b15|rpc:10.1.0.20:37977|dataStream:10.1.0.20:36461|priority:0|startupRole:FOLLOWER, 14e688c6-03f0-4578-94be-4c0bf8f01127|rpc:10.1.0.20:44235|dataStream:10.1.0.20:44165|priority:0|startupRole:FOLLOWER] with ContainerStateMachine:uninitialized
2023-05-04 20:14:01,922 [pool-293-thread-1] INFO  server.RaftServerConfigKeys (ConfUtils.java:logGet(46)) - raft.server.rpc.timeout.min = 5s (custom)
2023-05-04 20:14:01,922 [pool-293-thread-1] INFO  server.RaftServerConfigKeys (ConfUtils.java:logGet(46)) - raft.server.rpc.timeout.max = 5200ms (custom)
2023-05-04 20:14:01,922 [pool-293-thread-1] INFO  server.RaftServerConfigKeys (ConfUtils.java:logGet(46)) - raft.server.rpc.sleep.time = 25ms (default)
2023-05-04 20:14:01,922 [pool-293-thread-1] INFO  server.RaftServerConfigKeys (ConfUtils.java:logGet(46)) - raft.server.rpc.slowness.timeout = 300s (custom)
2023-05-04 20:14:01,922 [pool-293-thread-1] INFO  server.RaftServerConfigKeys (ConfUtils.java:logGet(46)) - raft.server.leaderelection.leader.step-down.wait-time = 10s (default)
2023-05-04 20:14:01,922 [pool-293-thread-1] INFO  server.RaftServerConfigKeys (ConfUtils.java:logGet(46)) - raft.server.sleep.deviation.threshold = 300ms (default)
2023-05-04 20:14:01,922 [pool-293-thread-1] INFO  server.RaftServer$Division (ServerState.java:<init>(118)) - 7e411c01-6998-40d0-b507-5d7903264b15@group-D748948E6287: ConfigurationManager, init=-1: peers:[b4df0636-e8ba-4aa2-9ff9-49534f1768bf|rpc:10.1.0.20:42357|dataStream:10.1.0.20:43847|priority:1|startupRole:FOLLOWER, 7e411c01-6998-40d0-b507-5d7903264b15|rpc:10.1.0.20:37977|dataStream:10.1.0.20:36461|priority:0|startupRole:FOLLOWER, 14e688c6-03f0-4578-94be-4c0bf8f01127|rpc:10.1.0.20:44235|dataStream:10.1.0.20:44165|priority:0|startupRole:FOLLOWER]|listeners:[], old=null, confs=<EMPTY_MAP>
2023-05-04 20:14:01,922 [pool-293-thread-1] INFO  server.RaftServerConfigKeys (ConfUtils.java:logGet(46)) - raft.server.storage.dir = [/home/runner/work/ozone/ozone/hadoop-ozone/integration-test/target/test-dir/MiniOzoneClusterImpl-3ff5bc89-9620-4d46-84f6-68e3c2a3a822/datanode-9/data/ratis] (custom)
2023-05-04 20:14:01,922 [pool-293-thread-1] INFO  server.RaftServerConfigKeys (ConfUtils.java:logGet(46)) - raft.server.log.corruption.policy = EXCEPTION (default)
2023-05-04 20:14:01,922 [pool-293-thread-1] INFO  server.RaftServerConfigKeys (ConfUtils.java:logGet(46)) - raft.server.storage.free-space.min = 0MB (=0) (default)
2023-05-04 20:14:01,922 [pool-293-thread-1] INFO  server.RaftServerConfigKeys (ConfUtils.java:logGet(46)) - raft.server.notification.no-leader.timeout = 300s (custom)
2023-05-04 20:14:01,922 [pool-293-thread-1] INFO  server.RaftServerConfigKeys (ConfUtils.java:logGet(46)) - raft.server.retrycache.expirytime = 600000ms (custom)
2023-05-04 20:14:01,922 [pool-293-thread-1] INFO  server.RaftServerConfigKeys (ConfUtils.java:logGet(46)) - raft.server.retrycache.statistics.expirytime = 100μs (default)
2023-05-04 20:14:01,923 [pool-293-thread-1] INFO  server.RaftServerConfigKeys (ConfUtils.java:logGet(46)) - raft.server.log.appender.install.snapshot.enabled = false (custom)
2023-05-04 20:14:01,923 [pool-293-thread-1] INFO  server.RaftServerConfigKeys (ConfUtils.java:logGet(46)) - raft.server.threadpool.server.cached = true (default)
2023-05-04 20:14:01,923 [pool-293-thread-1] INFO  server.RaftServerConfigKeys (ConfUtils.java:logGet(46)) - raft.server.threadpool.server.size = 0 (default)
2023-05-04 20:14:01,923 [pool-293-thread-1] INFO  server.RaftServerConfigKeys (ConfUtils.java:logGet(46)) - raft.server.threadpool.client.cached = true (default)
2023-05-04 20:14:01,923 [pool-293-thread-1] INFO  server.RaftServerConfigKeys (ConfUtils.java:logGet(46)) - raft.server.threadpool.client.size = 0 (default)
2023-05-04 20:14:01,924 [pool-293-thread-1] INFO  storage.RaftStorageDirectory (RaftStorageDirectoryImpl.java:analyzeStorage(137)) - The storage directory /home/runner/work/ozone/ozone/hadoop-ozone/integration-test/target/test-dir/MiniOzoneClusterImpl-3ff5bc89-9620-4d46-84f6-68e3c2a3a822/datanode-9/data/ratis/6a9d66cf-5e05-4438-8c8d-d748948e6287 does not exist. Creating ...
2023-05-04 20:14:01,924 [pool-293-thread-1] INFO  storage.RaftStorageDirectory (RaftStorageDirectoryImpl.java:tryLock(231)) - Lock on /home/runner/work/ozone/ozone/hadoop-ozone/integration-test/target/test-dir/MiniOzoneClusterImpl-3ff5bc89-9620-4d46-84f6-68e3c2a3a822/datanode-9/data/ratis/6a9d66cf-5e05-4438-8c8d-d748948e6287/in_use.lock acquired by nodename 25037@fv-az804-457
2023-05-04 20:14:01,925 [pool-293-thread-1] INFO  storage.RaftStorage (RaftStorageImpl.java:format(96)) - Storage directory /home/runner/work/ozone/ozone/hadoop-ozone/integration-test/target/test-dir/MiniOzoneClusterImpl-3ff5bc89-9620-4d46-84f6-68e3c2a3a822/datanode-9/data/ratis/6a9d66cf-5e05-4438-8c8d-d748948e6287 has been successfully formatted.
2023-05-04 20:14:01,926 [pool-293-thread-1] INFO  ratis.ContainerStateMachine (ContainerStateMachine.java:loadSnapshot(262)) - group-D748948E6287: The snapshot info is null. Setting the last applied indexto:(t:0, i:~)
2023-05-04 20:14:01,926 [pool-293-thread-1] INFO  server.RaftServerConfigKeys (ConfUtils.java:logGet(46)) - raft.server.log.use.memory = false (default)
2023-05-04 20:14:01,926 [pool-293-thread-1] INFO  server.RaftServerConfigKeys (ConfUtils.java:logGet(46)) - raft.server.log.purge.gap = 1000000 (custom)
2023-05-04 20:14:01,926 [pool-293-thread-1] INFO  server.RaftServerConfigKeys (ConfUtils.java:logGet(46)) - raft.server.log.appender.buffer.byte-limit = 33554432 (custom)
2023-05-04 20:14:01,926 [pool-293-thread-1] INFO  server.RaftServerConfigKeys (ConfUtils.java:logGet(46)) - raft.server.log.statemachine.data.read.timeout = 1000ms (default)
2023-05-04 20:14:01,926 [pool-293-thread-1] INFO  server.RaftServerConfigKeys (ConfUtils.java:logGet(46)) - raft.server.log.purge.preservation.log.num = 0 (default)
2023-05-04 20:14:01,926 [pool-293-thread-1] INFO  server.RaftServerConfigKeys (ConfUtils.java:logGet(46)) - raft.server.log.segment.size.max = 1048576 (custom)
2023-05-04 20:14:01,927 [EventQueue-OpenPipelineForHealthyPipelineSafeModeRule] INFO  safemode.SCMSafeModeManager (HealthyPipelineSafeModeRule.java:process(137)) - SCM in safe mode. Healthy pipelines reported count is 0, required healthy pipeline reported count is 1
2023-05-04 20:14:01,928 [pool-293-thread-1] INFO  server.RaftServerConfigKeys (ConfUtils.java:logGet(46)) - raft.server.log.segment.cache.num.max = 2 (custom)
2023-05-04 20:14:01,928 [pool-293-thread-1] INFO  server.RaftServerConfigKeys (ConfUtils.java:logGet(46)) - raft.server.log.segment.cache.size.max = 200MB (=209715200) (default)
2023-05-04 20:14:01,928 [pool-293-thread-1] INFO  segmented.SegmentedRaftLogWorker (SegmentedRaftLogWorker.java:<init>(189)) - new 7e411c01-6998-40d0-b507-5d7903264b15@group-D748948E6287-SegmentedRaftLogWorker for RaftStorageImpl:Storage Directory /home/runner/work/ozone/ozone/hadoop-ozone/integration-test/target/test-dir/MiniOzoneClusterImpl-3ff5bc89-9620-4d46-84f6-68e3c2a3a822/datanode-9/data/ratis/6a9d66cf-5e05-4438-8c8d-d748948e6287
2023-05-04 20:14:01,928 [pool-293-thread-1] INFO  server.RaftServerConfigKeys (ConfUtils.java:logGet(46)) - raft.server.log.queue.byte-limit = 4294967296 (custom)
2023-05-04 20:14:01,928 [pool-293-thread-1] INFO  server.RaftServerConfigKeys (ConfUtils.java:logGet(46)) - raft.server.log.queue.element-limit = 1024 (custom)
2023-05-04 20:14:01,928 [pool-293-thread-1] INFO  server.RaftServerConfigKeys (ConfUtils.java:logGet(46)) - raft.server.log.segment.size.max = 1048576 (custom)
2023-05-04 20:14:01,928 [pool-293-thread-1] INFO  server.RaftServerConfigKeys (ConfUtils.java:logGet(46)) - raft.server.log.preallocated.size = 16384 (custom)
2023-05-04 20:14:01,928 [pool-293-thread-1] INFO  server.RaftServerConfigKeys (ConfUtils.java:logGet(46)) - raft.server.log.force.sync.num = 128 (default)
2023-05-04 20:14:01,928 [pool-293-thread-1] INFO  server.RaftServerConfigKeys (ConfUtils.java:logGet(46)) - raft.server.log.statemachine.data.sync = true (default)
2023-05-04 20:14:01,928 [pool-293-thread-1] INFO  server.RaftServerConfigKeys (ConfUtils.java:logGet(46)) - raft.server.log.statemachine.data.sync.timeout = 10s (default)
2023-05-04 20:14:01,928 [pool-293-thread-1] INFO  server.RaftServerConfigKeys (ConfUtils.java:logGet(46)) - raft.server.log.statemachine.data.sync.timeout.retry = -1 (default)
2023-05-04 20:14:01,929 [pool-293-thread-1] INFO  server.RaftServerConfigKeys (ConfUtils.java:logGet(46)) - raft.server.log.write.buffer.size = 1048576 (custom)
2023-05-04 20:14:01,930 [pool-293-thread-1] INFO  server.RaftServerConfigKeys (ConfUtils.java:logGet(46)) - raft.server.log.appender.buffer.byte-limit = 33554432 (custom)
2023-05-04 20:14:01,935 [pool-293-thread-1] INFO  server.RaftServerConfigKeys (ConfUtils.java:logGet(46)) - raft.server.log.unsafe-flush.enabled = false (default)
2023-05-04 20:14:01,935 [pool-293-thread-1] INFO  server.RaftServerConfigKeys (ConfUtils.java:logGet(46)) - raft.server.log.async-flush.enabled = false (default)
2023-05-04 20:14:01,935 [pool-293-thread-1] INFO  server.RaftServerConfigKeys (ConfUtils.java:logGet(46)) - raft.server.log.statemachine.data.caching.enabled = true (custom)
2023-05-04 20:14:01,935 [pool-293-thread-1] INFO  segmented.SegmentedRaftLogWorker (SegmentedRaftLogWorker.java:lambda$new$0(135)) - 7e411c01-6998-40d0-b507-5d7903264b15@group-D748948E6287-SegmentedRaftLogWorker: flushIndex: setUnconditionally 0 -> -1
2023-05-04 20:14:01,935 [pool-293-thread-1] INFO  segmented.SegmentedRaftLogWorker (SegmentedRaftLogWorker.java:lambda$new$0(135)) - 7e411c01-6998-40d0-b507-5d7903264b15@group-D748948E6287-SegmentedRaftLogWorker: safeCacheEvictIndex: setUnconditionally 0 -> -1
2023-05-04 20:14:01,938 [pool-293-thread-1] INFO  server.RaftServer$Division (RaftServerImpl.java:start(334)) - 7e411c01-6998-40d0-b507-5d7903264b15@group-D748948E6287: start as a follower, conf=-1: peers:[b4df0636-e8ba-4aa2-9ff9-49534f1768bf|rpc:10.1.0.20:42357|dataStream:10.1.0.20:43847|priority:1|startupRole:FOLLOWER, 7e411c01-6998-40d0-b507-5d7903264b15|rpc:10.1.0.20:37977|dataStream:10.1.0.20:36461|priority:0|startupRole:FOLLOWER, 14e688c6-03f0-4578-94be-4c0bf8f01127|rpc:10.1.0.20:44235|dataStream:10.1.0.20:44165|priority:0|startupRole:FOLLOWER]|listeners:[], old=null
2023-05-04 20:14:01,938 [pool-293-thread-1] INFO  server.RaftServer$Division (RaftServerImpl.java:setRole(321)) - 7e411c01-6998-40d0-b507-5d7903264b15@group-D748948E6287: changes role from      null to FOLLOWER at term 0 for startAsFollower
2023-05-04 20:14:01,938 [pool-293-thread-1] INFO  impl.RoleInfo (RoleInfo.java:updateAndGet(139)) - 7e411c01-6998-40d0-b507-5d7903264b15: start 7e411c01-6998-40d0-b507-5d7903264b15@group-D748948E6287-FollowerState
2023-05-04 20:14:01,946 [pool-293-thread-1] INFO  util.JmxRegister (JmxRegister.java:tryRegister(44)) - Successfully registered JMX Bean with object name Ratis:service=RaftServer,group=group-D748948E6287,id=7e411c01-6998-40d0-b507-5d7903264b15
2023-05-04 20:14:01,946 [pool-293-thread-1] INFO  server.RaftServerConfigKeys (ConfUtils.java:logGet(46)) - raft.server.snapshot.auto.trigger.enabled = true (custom)
2023-05-04 20:14:01,946 [pool-293-thread-1] INFO  server.RaftServerConfigKeys (ConfUtils.java:logGet(46)) - raft.server.snapshot.auto.trigger.threshold = 10000 (custom)
2023-05-04 20:14:01,946 [pool-293-thread-1] INFO  server.RaftServerConfigKeys (ConfUtils.java:logGet(46)) - raft.server.snapshot.retention.file.num = 5 (custom)
2023-05-04 20:14:01,946 [pool-293-thread-1] INFO  server.RaftServerConfigKeys (ConfUtils.java:logGet(46)) - raft.server.log.purge.upto.snapshot.index = false (default)
2023-05-04 20:14:01,947 [7e411c01-6998-40d0-b507-5d7903264b15@group-D748948E6287-FollowerState] INFO  server.RaftServerConfigKeys (ConfUtils.java:logFallback(53)) - raft.server.rpc.first-election.timeout.min = 5s (fallback to raft.server.rpc.timeout.min)
2023-05-04 20:14:01,947 [7e411c01-6998-40d0-b507-5d7903264b15@group-D748948E6287-FollowerState] INFO  server.RaftServerConfigKeys (ConfUtils.java:logFallback(53)) - raft.server.rpc.first-election.timeout.max = 5200ms (fallback to raft.server.rpc.timeout.max)
2023-05-04 20:14:01,952 [Command processor thread] INFO  ratis.XceiverServerRatis (XceiverServerRatis.java:addGroup(806)) - Created group PipelineID=6a9d66cf-5e05-4438-8c8d-d748948e6287
2023-05-04 20:14:01,965 [grpc-default-executor-0] INFO  server.RaftServer (RaftServerProxy.java:addNew(96)) - b4df0636-e8ba-4aa2-9ff9-49534f1768bf: addNew group-D748948E6287:[b4df0636-e8ba-4aa2-9ff9-49534f1768bf|rpc:10.1.0.20:42357|dataStream:10.1.0.20:43847|priority:1|startupRole:FOLLOWER, 7e411c01-6998-40d0-b507-5d7903264b15|rpc:10.1.0.20:37977|dataStream:10.1.0.20:36461|priority:0|startupRole:FOLLOWER, 14e688c6-03f0-4578-94be-4c0bf8f01127|rpc:10.1.0.20:44235|dataStream:10.1.0.20:44165|priority:0|startupRole:FOLLOWER] returns group-D748948E6287:java.util.concurrent.CompletableFuture@723fc665[Not completed]
2023-05-04 20:14:01,970 [pool-345-thread-1] INFO  server.RaftServer$Division (RaftServerImpl.java:<init>(195)) - b4df0636-e8ba-4aa2-9ff9-49534f1768bf: new RaftServerImpl for group-D748948E6287:[b4df0636-e8ba-4aa2-9ff9-49534f1768bf|rpc:10.1.0.20:42357|dataStream:10.1.0.20:43847|priority:1|startupRole:FOLLOWER, 7e411c01-6998-40d0-b507-5d7903264b15|rpc:10.1.0.20:37977|dataStream:10.1.0.20:36461|priority:0|startupRole:FOLLOWER, 14e688c6-03f0-4578-94be-4c0bf8f01127|rpc:10.1.0.20:44235|dataStream:10.1.0.20:44165|priority:0|startupRole:FOLLOWER] with ContainerStateMachine:uninitialized
2023-05-04 20:14:01,970 [pool-345-thread-1] INFO  server.RaftServerConfigKeys (ConfUtils.java:logGet(46)) - raft.server.rpc.timeout.min = 5s (custom)
2023-05-04 20:14:01,970 [pool-345-thread-1] INFO  server.RaftServerConfigKeys (ConfUtils.java:logGet(46)) - raft.server.rpc.timeout.max = 5200ms (custom)
2023-05-04 20:14:01,970 [pool-345-thread-1] INFO  server.RaftServerConfigKeys (ConfUtils.java:logGet(46)) - raft.server.rpc.sleep.time = 25ms (default)
2023-05-04 20:14:01,970 [pool-345-thread-1] INFO  server.RaftServerConfigKeys (ConfUtils.java:logGet(46)) - raft.server.rpc.slowness.timeout = 300s (custom)
2023-05-04 20:14:01,971 [pool-345-thread-1] INFO  server.RaftServerConfigKeys (ConfUtils.java:logGet(46)) - raft.server.leaderelection.leader.step-down.wait-time = 10s (default)
2023-05-04 20:14:01,971 [pool-345-thread-1] INFO  server.RaftServerConfigKeys (ConfUtils.java:logGet(46)) - raft.server.sleep.deviation.threshold = 300ms (default)
2023-05-04 20:14:01,971 [pool-345-thread-1] INFO  server.RaftServer$Division (ServerState.java:<init>(118)) - b4df0636-e8ba-4aa2-9ff9-49534f1768bf@group-D748948E6287: ConfigurationManager, init=-1: peers:[b4df0636-e8ba-4aa2-9ff9-49534f1768bf|rpc:10.1.0.20:42357|dataStream:10.1.0.20:43847|priority:1|startupRole:FOLLOWER, 7e411c01-6998-40d0-b507-5d7903264b15|rpc:10.1.0.20:37977|dataStream:10.1.0.20:36461|priority:0|startupRole:FOLLOWER, 14e688c6-03f0-4578-94be-4c0bf8f01127|rpc:10.1.0.20:44235|dataStream:10.1.0.20:44165|priority:0|startupRole:FOLLOWER]|listeners:[], old=null, confs=<EMPTY_MAP>
2023-05-04 20:14:01,971 [pool-345-thread-1] INFO  server.RaftServerConfigKeys (ConfUtils.java:logGet(46)) - raft.server.storage.dir = [/home/runner/work/ozone/ozone/hadoop-ozone/integration-test/target/test-dir/MiniOzoneClusterImpl-3ff5bc89-9620-4d46-84f6-68e3c2a3a822/datanode-11/data/ratis] (custom)
2023-05-04 20:14:01,971 [pool-345-thread-1] INFO  server.RaftServerConfigKeys (ConfUtils.java:logGet(46)) - raft.server.log.corruption.policy = EXCEPTION (default)
2023-05-04 20:14:01,971 [pool-345-thread-1] INFO  server.RaftServerConfigKeys (ConfUtils.java:logGet(46)) - raft.server.storage.free-space.min = 0MB (=0) (default)
2023-05-04 20:14:01,971 [pool-345-thread-1] INFO  server.RaftServerConfigKeys (ConfUtils.java:logGet(46)) - raft.server.notification.no-leader.timeout = 300s (custom)
2023-05-04 20:14:01,971 [pool-345-thread-1] INFO  server.RaftServerConfigKeys (ConfUtils.java:logGet(46)) - raft.server.retrycache.expirytime = 600000ms (custom)
2023-05-04 20:14:01,971 [pool-345-thread-1] INFO  server.RaftServerConfigKeys (ConfUtils.java:logGet(46)) - raft.server.retrycache.statistics.expirytime = 100μs (default)
2023-05-04 20:14:01,972 [pool-345-thread-1] INFO  server.RaftServerConfigKeys (ConfUtils.java:logGet(46)) - raft.server.log.appender.install.snapshot.enabled = false (custom)
2023-05-04 20:14:01,972 [pool-345-thread-1] INFO  server.RaftServerConfigKeys (ConfUtils.java:logGet(46)) - raft.server.threadpool.server.cached = true (default)
2023-05-04 20:14:01,973 [pool-345-thread-1] INFO  server.RaftServerConfigKeys (ConfUtils.java:logGet(46)) - raft.server.threadpool.server.size = 0 (default)
2023-05-04 20:14:01,973 [pool-345-thread-1] INFO  server.RaftServerConfigKeys (ConfUtils.java:logGet(46)) - raft.server.threadpool.client.cached = true (default)
2023-05-04 20:14:01,973 [pool-345-thread-1] INFO  server.RaftServerConfigKeys (ConfUtils.java:logGet(46)) - raft.server.threadpool.client.size = 0 (default)
2023-05-04 20:14:01,973 [pool-345-thread-1] INFO  storage.RaftStorageDirectory (RaftStorageDirectoryImpl.java:analyzeStorage(137)) - The storage directory /home/runner/work/ozone/ozone/hadoop-ozone/integration-test/target/test-dir/MiniOzoneClusterImpl-3ff5bc89-9620-4d46-84f6-68e3c2a3a822/datanode-11/data/ratis/6a9d66cf-5e05-4438-8c8d-d748948e6287 does not exist. Creating ...
2023-05-04 20:14:01,974 [pool-345-thread-1] INFO  storage.RaftStorageDirectory (RaftStorageDirectoryImpl.java:tryLock(231)) - Lock on /home/runner/work/ozone/ozone/hadoop-ozone/integration-test/target/test-dir/MiniOzoneClusterImpl-3ff5bc89-9620-4d46-84f6-68e3c2a3a822/datanode-11/data/ratis/6a9d66cf-5e05-4438-8c8d-d748948e6287/in_use.lock acquired by nodename 25037@fv-az804-457
2023-05-04 20:14:01,975 [pool-345-thread-1] INFO  storage.RaftStorage (RaftStorageImpl.java:format(96)) - Storage directory /home/runner/work/ozone/ozone/hadoop-ozone/integration-test/target/test-dir/MiniOzoneClusterImpl-3ff5bc89-9620-4d46-84f6-68e3c2a3a822/datanode-11/data/ratis/6a9d66cf-5e05-4438-8c8d-d748948e6287 has been successfully formatted.
2023-05-04 20:14:01,976 [pool-345-thread-1] INFO  ratis.ContainerStateMachine (ContainerStateMachine.java:loadSnapshot(262)) - group-D748948E6287: The snapshot info is null. Setting the last applied indexto:(t:0, i:~)
2023-05-04 20:14:01,976 [pool-345-thread-1] INFO  server.RaftServerConfigKeys (ConfUtils.java:logGet(46)) - raft.server.log.use.memory = false (default)
2023-05-04 20:14:01,977 [pool-345-thread-1] INFO  server.RaftServerConfigKeys (ConfUtils.java:logGet(46)) - raft.server.log.purge.gap = 1000000 (custom)
2023-05-04 20:14:01,977 [pool-345-thread-1] INFO  server.RaftServerConfigKeys (ConfUtils.java:logGet(46)) - raft.server.log.appender.buffer.byte-limit = 33554432 (custom)
2023-05-04 20:14:01,977 [pool-345-thread-1] INFO  server.RaftServerConfigKeys (ConfUtils.java:logGet(46)) - raft.server.log.statemachine.data.read.timeout = 1000ms (default)
2023-05-04 20:14:01,977 [pool-345-thread-1] INFO  server.RaftServerConfigKeys (ConfUtils.java:logGet(46)) - raft.server.log.purge.preservation.log.num = 0 (default)
2023-05-04 20:14:01,977 [pool-345-thread-1] INFO  server.RaftServerConfigKeys (ConfUtils.java:logGet(46)) - raft.server.log.segment.size.max = 1048576 (custom)
2023-05-04 20:14:01,977 [pool-345-thread-1] INFO  server.RaftServerConfigKeys (ConfUtils.java:logGet(46)) - raft.server.log.segment.cache.num.max = 2 (custom)
2023-05-04 20:14:01,978 [pool-345-thread-1] INFO  server.RaftServerConfigKeys (ConfUtils.java:logGet(46)) - raft.server.log.segment.cache.size.max = 200MB (=209715200) (default)
2023-05-04 20:14:01,978 [pool-345-thread-1] INFO  segmented.SegmentedRaftLogWorker (SegmentedRaftLogWorker.java:<init>(189)) - new b4df0636-e8ba-4aa2-9ff9-49534f1768bf@group-D748948E6287-SegmentedRaftLogWorker for RaftStorageImpl:Storage Directory /home/runner/work/ozone/ozone/hadoop-ozone/integration-test/target/test-dir/MiniOzoneClusterImpl-3ff5bc89-9620-4d46-84f6-68e3c2a3a822/datanode-11/data/ratis/6a9d66cf-5e05-4438-8c8d-d748948e6287
2023-05-04 20:14:01,978 [pool-345-thread-1] INFO  server.RaftServerConfigKeys (ConfUtils.java:logGet(46)) - raft.server.log.queue.byte-limit = 4294967296 (custom)
2023-05-04 20:14:01,978 [pool-345-thread-1] INFO  server.RaftServerConfigKeys (ConfUtils.java:logGet(46)) - raft.server.log.queue.element-limit = 1024 (custom)
2023-05-04 20:14:01,978 [pool-345-thread-1] INFO  server.RaftServerConfigKeys (ConfUtils.java:logGet(46)) - raft.server.log.segment.size.max = 1048576 (custom)
2023-05-04 20:14:01,978 [pool-345-thread-1] INFO  server.RaftServerConfigKeys (ConfUtils.java:logGet(46)) - raft.server.log.preallocated.size = 16384 (custom)
2023-05-04 20:14:01,978 [pool-345-thread-1] INFO  server.RaftServerConfigKeys (ConfUtils.java:logGet(46)) - raft.server.log.force.sync.num = 128 (default)
2023-05-04 20:14:01,978 [pool-345-thread-1] INFO  server.RaftServerConfigKeys (ConfUtils.java:logGet(46)) - raft.server.log.statemachine.data.sync = true (default)
2023-05-04 20:14:01,978 [pool-345-thread-1] INFO  server.RaftServerConfigKeys (ConfUtils.java:logGet(46)) - raft.server.log.statemachine.data.sync.timeout = 10s (default)
2023-05-04 20:14:01,978 [pool-345-thread-1] INFO  server.RaftServerConfigKeys (ConfUtils.java:logGet(46)) - raft.server.log.statemachine.data.sync.timeout.retry = -1 (default)
2023-05-04 20:14:01,979 [pool-345-thread-1] INFO  server.RaftServerConfigKeys (ConfUtils.java:logGet(46)) - raft.server.log.write.buffer.size = 1048576 (custom)
2023-05-04 20:14:01,980 [pool-345-thread-1] INFO  server.RaftServerConfigKeys (ConfUtils.java:logGet(46)) - raft.server.log.appender.buffer.byte-limit = 33554432 (custom)
2023-05-04 20:14:01,985 [pool-345-thread-1] INFO  server.RaftServerConfigKeys (ConfUtils.java:logGet(46)) - raft.server.log.unsafe-flush.enabled = false (default)
2023-05-04 20:14:01,985 [pool-345-thread-1] INFO  server.RaftServerConfigKeys (ConfUtils.java:logGet(46)) - raft.server.log.async-flush.enabled = false (default)
2023-05-04 20:14:01,985 [pool-345-thread-1] INFO  server.RaftServerConfigKeys (ConfUtils.java:logGet(46)) - raft.server.log.statemachine.data.caching.enabled = true (custom)
2023-05-04 20:14:01,985 [pool-345-thread-1] INFO  segmented.SegmentedRaftLogWorker (SegmentedRaftLogWorker.java:lambda$new$0(135)) - b4df0636-e8ba-4aa2-9ff9-49534f1768bf@group-D748948E6287-SegmentedRaftLogWorker: flushIndex: setUnconditionally 0 -> -1
2023-05-04 20:14:01,985 [pool-345-thread-1] INFO  segmented.SegmentedRaftLogWorker (SegmentedRaftLogWorker.java:lambda$new$0(135)) - b4df0636-e8ba-4aa2-9ff9-49534f1768bf@group-D748948E6287-SegmentedRaftLogWorker: safeCacheEvictIndex: setUnconditionally 0 -> -1
2023-05-04 20:14:01,986 [pool-345-thread-1] INFO  server.RaftServer$Division (RaftServerImpl.java:start(334)) - b4df0636-e8ba-4aa2-9ff9-49534f1768bf@group-D748948E6287: start as a follower, conf=-1: peers:[b4df0636-e8ba-4aa2-9ff9-49534f1768bf|rpc:10.1.0.20:42357|dataStream:10.1.0.20:43847|priority:1|startupRole:FOLLOWER, 7e411c01-6998-40d0-b507-5d7903264b15|rpc:10.1.0.20:37977|dataStream:10.1.0.20:36461|priority:0|startupRole:FOLLOWER, 14e688c6-03f0-4578-94be-4c0bf8f01127|rpc:10.1.0.20:44235|dataStream:10.1.0.20:44165|priority:0|startupRole:FOLLOWER]|listeners:[], old=null
2023-05-04 20:14:01,986 [pool-345-thread-1] INFO  server.RaftServer$Division (RaftServerImpl.java:setRole(321)) - b4df0636-e8ba-4aa2-9ff9-49534f1768bf@group-D748948E6287: changes role from      null to FOLLOWER at term 0 for startAsFollower
2023-05-04 20:14:01,986 [pool-345-thread-1] INFO  impl.RoleInfo (RoleInfo.java:updateAndGet(139)) - b4df0636-e8ba-4aa2-9ff9-49534f1768bf: start b4df0636-e8ba-4aa2-9ff9-49534f1768bf@group-D748948E6287-FollowerState
2023-05-04 20:14:01,990 [pool-345-thread-1] INFO  util.JmxRegister (JmxRegister.java:tryRegister(44)) - Successfully registered JMX Bean with object name Ratis:service=RaftServer,group=group-D748948E6287,id=b4df0636-e8ba-4aa2-9ff9-49534f1768bf
2023-05-04 20:14:01,990 [pool-345-thread-1] INFO  server.RaftServerConfigKeys (ConfUtils.java:logGet(46)) - raft.server.snapshot.auto.trigger.enabled = true (custom)
2023-05-04 20:14:01,990 [pool-345-thread-1] INFO  server.RaftServerConfigKeys (ConfUtils.java:logGet(46)) - raft.server.snapshot.auto.trigger.threshold = 10000 (custom)
2023-05-04 20:14:01,990 [pool-345-thread-1] INFO  server.RaftServerConfigKeys (ConfUtils.java:logGet(46)) - raft.server.snapshot.retention.file.num = 5 (custom)
2023-05-04 20:14:01,990 [pool-345-thread-1] INFO  server.RaftServerConfigKeys (ConfUtils.java:logGet(46)) - raft.server.log.purge.upto.snapshot.index = false (default)
2023-05-04 20:14:01,991 [b4df0636-e8ba-4aa2-9ff9-49534f1768bf@group-D748948E6287-FollowerState] INFO  server.RaftServerConfigKeys (ConfUtils.java:logFallback(53)) - raft.server.rpc.first-election.timeout.min = 5s (fallback to raft.server.rpc.timeout.min)
2023-05-04 20:14:01,991 [b4df0636-e8ba-4aa2-9ff9-49534f1768bf@group-D748948E6287-FollowerState] INFO  server.RaftServerConfigKeys (ConfUtils.java:logFallback(53)) - raft.server.rpc.first-election.timeout.max = 5200ms (fallback to raft.server.rpc.timeout.max)
2023-05-04 20:14:02,023 [grpc-default-executor-0] INFO  server.RaftServer (RaftServerProxy.java:addNew(96)) - 14e688c6-03f0-4578-94be-4c0bf8f01127: addNew group-D748948E6287:[b4df0636-e8ba-4aa2-9ff9-49534f1768bf|rpc:10.1.0.20:42357|dataStream:10.1.0.20:43847|priority:1|startupRole:FOLLOWER, 7e411c01-6998-40d0-b507-5d7903264b15|rpc:10.1.0.20:37977|dataStream:10.1.0.20:36461|priority:0|startupRole:FOLLOWER, 14e688c6-03f0-4578-94be-4c0bf8f01127|rpc:10.1.0.20:44235|dataStream:10.1.0.20:44165|priority:0|startupRole:FOLLOWER] returns group-D748948E6287:java.util.concurrent.CompletableFuture@68011e03[Not completed]
2023-05-04 20:14:02,025 [pool-319-thread-1] INFO  server.RaftServer$Division (RaftServerImpl.java:<init>(195)) - 14e688c6-03f0-4578-94be-4c0bf8f01127: new RaftServerImpl for group-D748948E6287:[b4df0636-e8ba-4aa2-9ff9-49534f1768bf|rpc:10.1.0.20:42357|dataStream:10.1.0.20:43847|priority:1|startupRole:FOLLOWER, 7e411c01-6998-40d0-b507-5d7903264b15|rpc:10.1.0.20:37977|dataStream:10.1.0.20:36461|priority:0|startupRole:FOLLOWER, 14e688c6-03f0-4578-94be-4c0bf8f01127|rpc:10.1.0.20:44235|dataStream:10.1.0.20:44165|priority:0|startupRole:FOLLOWER] with ContainerStateMachine:uninitialized
2023-05-04 20:14:02,025 [pool-319-thread-1] INFO  server.RaftServerConfigKeys (ConfUtils.java:logGet(46)) - raft.server.rpc.timeout.min = 5s (custom)
2023-05-04 20:14:02,025 [pool-319-thread-1] INFO  server.RaftServerConfigKeys (ConfUtils.java:logGet(46)) - raft.server.rpc.timeout.max = 5200ms (custom)
2023-05-04 20:14:02,025 [pool-319-thread-1] INFO  server.RaftServerConfigKeys (ConfUtils.java:logGet(46)) - raft.server.rpc.sleep.time = 25ms (default)
2023-05-04 20:14:02,025 [pool-319-thread-1] INFO  server.RaftServerConfigKeys (ConfUtils.java:logGet(46)) - raft.server.rpc.slowness.timeout = 300s (custom)
2023-05-04 20:14:02,025 [pool-319-thread-1] INFO  server.RaftServerConfigKeys (ConfUtils.java:logGet(46)) - raft.server.leaderelection.leader.step-down.wait-time = 10s (default)
2023-05-04 20:14:02,025 [pool-319-thread-1] INFO  server.RaftServerConfigKeys (ConfUtils.java:logGet(46)) - raft.server.sleep.deviation.threshold = 300ms (default)
2023-05-04 20:14:02,026 [pool-319-thread-1] INFO  server.RaftServer$Division (ServerState.java:<init>(118)) - 14e688c6-03f0-4578-94be-4c0bf8f01127@group-D748948E6287: ConfigurationManager, init=-1: peers:[b4df0636-e8ba-4aa2-9ff9-49534f1768bf|rpc:10.1.0.20:42357|dataStream:10.1.0.20:43847|priority:1|startupRole:FOLLOWER, 7e411c01-6998-40d0-b507-5d7903264b15|rpc:10.1.0.20:37977|dataStream:10.1.0.20:36461|priority:0|startupRole:FOLLOWER, 14e688c6-03f0-4578-94be-4c0bf8f01127|rpc:10.1.0.20:44235|dataStream:10.1.0.20:44165|priority:0|startupRole:FOLLOWER]|listeners:[], old=null, confs=<EMPTY_MAP>
2023-05-04 20:14:02,026 [pool-319-thread-1] INFO  server.RaftServerConfigKeys (ConfUtils.java:logGet(46)) - raft.server.storage.dir = [/home/runner/work/ozone/ozone/hadoop-ozone/integration-test/target/test-dir/MiniOzoneClusterImpl-3ff5bc89-9620-4d46-84f6-68e3c2a3a822/datanode-10/data/ratis] (custom)
2023-05-04 20:14:02,026 [pool-319-thread-1] INFO  server.RaftServerConfigKeys (ConfUtils.java:logGet(46)) - raft.server.log.corruption.policy = EXCEPTION (default)
2023-05-04 20:14:02,026 [pool-319-thread-1] INFO  server.RaftServerConfigKeys (ConfUtils.java:logGet(46)) - raft.server.storage.free-space.min = 0MB (=0) (default)
2023-05-04 20:14:02,026 [pool-319-thread-1] INFO  server.RaftServerConfigKeys (ConfUtils.java:logGet(46)) - raft.server.notification.no-leader.timeout = 300s (custom)
2023-05-04 20:14:02,028 [pool-319-thread-1] INFO  server.RaftServerConfigKeys (ConfUtils.java:logGet(46)) - raft.server.retrycache.expirytime = 600000ms (custom)
2023-05-04 20:14:02,028 [pool-319-thread-1] INFO  server.RaftServerConfigKeys (ConfUtils.java:logGet(46)) - raft.server.retrycache.statistics.expirytime = 100μs (default)
2023-05-04 20:14:02,029 [pool-319-thread-1] INFO  server.RaftServerConfigKeys (ConfUtils.java:logGet(46)) - raft.server.log.appender.install.snapshot.enabled = false (custom)
2023-05-04 20:14:02,029 [pool-319-thread-1] INFO  server.RaftServerConfigKeys (ConfUtils.java:logGet(46)) - raft.server.threadpool.server.cached = true (default)
2023-05-04 20:14:02,029 [pool-319-thread-1] INFO  server.RaftServerConfigKeys (ConfUtils.java:logGet(46)) - raft.server.threadpool.server.size = 0 (default)
2023-05-04 20:14:02,029 [pool-319-thread-1] INFO  server.RaftServerConfigKeys (ConfUtils.java:logGet(46)) - raft.server.threadpool.client.cached = true (default)
2023-05-04 20:14:02,029 [pool-319-thread-1] INFO  server.RaftServerConfigKeys (ConfUtils.java:logGet(46)) - raft.server.threadpool.client.size = 0 (default)
2023-05-04 20:14:02,029 [pool-319-thread-1] INFO  storage.RaftStorageDirectory (RaftStorageDirectoryImpl.java:analyzeStorage(137)) - The storage directory /home/runner/work/ozone/ozone/hadoop-ozone/integration-test/target/test-dir/MiniOzoneClusterImpl-3ff5bc89-9620-4d46-84f6-68e3c2a3a822/datanode-10/data/ratis/6a9d66cf-5e05-4438-8c8d-d748948e6287 does not exist. Creating ...
2023-05-04 20:14:02,030 [pool-319-thread-1] INFO  storage.RaftStorageDirectory (RaftStorageDirectoryImpl.java:tryLock(231)) - Lock on /home/runner/work/ozone/ozone/hadoop-ozone/integration-test/target/test-dir/MiniOzoneClusterImpl-3ff5bc89-9620-4d46-84f6-68e3c2a3a822/datanode-10/data/ratis/6a9d66cf-5e05-4438-8c8d-d748948e6287/in_use.lock acquired by nodename 25037@fv-az804-457
2023-05-04 20:14:02,032 [pool-319-thread-1] INFO  storage.RaftStorage (RaftStorageImpl.java:format(96)) - Storage directory /home/runner/work/ozone/ozone/hadoop-ozone/integration-test/target/test-dir/MiniOzoneClusterImpl-3ff5bc89-9620-4d46-84f6-68e3c2a3a822/datanode-10/data/ratis/6a9d66cf-5e05-4438-8c8d-d748948e6287 has been successfully formatted.
2023-05-04 20:14:02,038 [pool-319-thread-1] INFO  ratis.ContainerStateMachine (ContainerStateMachine.java:loadSnapshot(262)) - group-D748948E6287: The snapshot info is null. Setting the last applied indexto:(t:0, i:~)
2023-05-04 20:14:02,038 [pool-319-thread-1] INFO  server.RaftServerConfigKeys (ConfUtils.java:logGet(46)) - raft.server.log.use.memory = false (default)
2023-05-04 20:14:02,038 [pool-319-thread-1] INFO  server.RaftServerConfigKeys (ConfUtils.java:logGet(46)) - raft.server.log.purge.gap = 1000000 (custom)
2023-05-04 20:14:02,038 [pool-319-thread-1] INFO  server.RaftServerConfigKeys (ConfUtils.java:logGet(46)) - raft.server.log.appender.buffer.byte-limit = 33554432 (custom)
2023-05-04 20:14:02,038 [pool-319-thread-1] INFO  server.RaftServerConfigKeys (ConfUtils.java:logGet(46)) - raft.server.log.statemachine.data.read.timeout = 1000ms (default)
2023-05-04 20:14:02,038 [pool-319-thread-1] INFO  server.RaftServerConfigKeys (ConfUtils.java:logGet(46)) - raft.server.log.purge.preservation.log.num = 0 (default)
2023-05-04 20:14:02,038 [pool-319-thread-1] INFO  server.RaftServerConfigKeys (ConfUtils.java:logGet(46)) - raft.server.log.segment.size.max = 1048576 (custom)
2023-05-04 20:14:02,039 [pool-319-thread-1] INFO  server.RaftServerConfigKeys (ConfUtils.java:logGet(46)) - raft.server.log.segment.cache.num.max = 2 (custom)
2023-05-04 20:14:02,039 [pool-319-thread-1] INFO  server.RaftServerConfigKeys (ConfUtils.java:logGet(46)) - raft.server.log.segment.cache.size.max = 200MB (=209715200) (default)
2023-05-04 20:14:02,039 [pool-319-thread-1] INFO  segmented.SegmentedRaftLogWorker (SegmentedRaftLogWorker.java:<init>(189)) - new 14e688c6-03f0-4578-94be-4c0bf8f01127@group-D748948E6287-SegmentedRaftLogWorker for RaftStorageImpl:Storage Directory /home/runner/work/ozone/ozone/hadoop-ozone/integration-test/target/test-dir/MiniOzoneClusterImpl-3ff5bc89-9620-4d46-84f6-68e3c2a3a822/datanode-10/data/ratis/6a9d66cf-5e05-4438-8c8d-d748948e6287
2023-05-04 20:14:02,039 [pool-319-thread-1] INFO  server.RaftServerConfigKeys (ConfUtils.java:logGet(46)) - raft.server.log.queue.byte-limit = 4294967296 (custom)
2023-05-04 20:14:02,039 [pool-319-thread-1] INFO  server.RaftServerConfigKeys (ConfUtils.java:logGet(46)) - raft.server.log.queue.element-limit = 1024 (custom)
2023-05-04 20:14:02,039 [pool-319-thread-1] INFO  server.RaftServerConfigKeys (ConfUtils.java:logGet(46)) - raft.server.log.segment.size.max = 1048576 (custom)
2023-05-04 20:14:02,039 [pool-319-thread-1] INFO  server.RaftServerConfigKeys (ConfUtils.java:logGet(46)) - raft.server.log.preallocated.size = 16384 (custom)
2023-05-04 20:14:02,039 [pool-319-thread-1] INFO  server.RaftServerConfigKeys (ConfUtils.java:logGet(46)) - raft.server.log.force.sync.num = 128 (default)
2023-05-04 20:14:02,039 [pool-319-thread-1] INFO  server.RaftServerConfigKeys (ConfUtils.java:logGet(46)) - raft.server.log.statemachine.data.sync = true (default)
2023-05-04 20:14:02,040 [pool-319-thread-1] INFO  server.RaftServerConfigKeys (ConfUtils.java:logGet(46)) - raft.server.log.statemachine.data.sync.timeout = 10s (default)
2023-05-04 20:14:02,040 [pool-319-thread-1] INFO  server.RaftServerConfigKeys (ConfUtils.java:logGet(46)) - raft.server.log.statemachine.data.sync.timeout.retry = -1 (default)
2023-05-04 20:14:02,041 [pool-319-thread-1] INFO  server.RaftServerConfigKeys (ConfUtils.java:logGet(46)) - raft.server.log.write.buffer.size = 1048576 (custom)
2023-05-04 20:14:02,042 [pool-319-thread-1] INFO  server.RaftServerConfigKeys (ConfUtils.java:logGet(46)) - raft.server.log.appender.buffer.byte-limit = 33554432 (custom)
2023-05-04 20:14:02,047 [pool-319-thread-1] INFO  server.RaftServerConfigKeys (ConfUtils.java:logGet(46)) - raft.server.log.unsafe-flush.enabled = false (default)
2023-05-04 20:14:02,047 [pool-319-thread-1] INFO  server.RaftServerConfigKeys (ConfUtils.java:logGet(46)) - raft.server.log.async-flush.enabled = false (default)
2023-05-04 20:14:02,047 [pool-319-thread-1] INFO  server.RaftServerConfigKeys (ConfUtils.java:logGet(46)) - raft.server.log.statemachine.data.caching.enabled = true (custom)
2023-05-04 20:14:02,048 [pool-319-thread-1] INFO  segmented.SegmentedRaftLogWorker (SegmentedRaftLogWorker.java:lambda$new$0(135)) - 14e688c6-03f0-4578-94be-4c0bf8f01127@group-D748948E6287-SegmentedRaftLogWorker: flushIndex: setUnconditionally 0 -> -1
2023-05-04 20:14:02,048 [pool-319-thread-1] INFO  segmented.SegmentedRaftLogWorker (SegmentedRaftLogWorker.java:lambda$new$0(135)) - 14e688c6-03f0-4578-94be-4c0bf8f01127@group-D748948E6287-SegmentedRaftLogWorker: safeCacheEvictIndex: setUnconditionally 0 -> -1
2023-05-04 20:14:02,048 [pool-319-thread-1] INFO  server.RaftServer$Division (RaftServerImpl.java:start(334)) - 14e688c6-03f0-4578-94be-4c0bf8f01127@group-D748948E6287: start as a follower, conf=-1: peers:[b4df0636-e8ba-4aa2-9ff9-49534f1768bf|rpc:10.1.0.20:42357|dataStream:10.1.0.20:43847|priority:1|startupRole:FOLLOWER, 7e411c01-6998-40d0-b507-5d7903264b15|rpc:10.1.0.20:37977|dataStream:10.1.0.20:36461|priority:0|startupRole:FOLLOWER, 14e688c6-03f0-4578-94be-4c0bf8f01127|rpc:10.1.0.20:44235|dataStream:10.1.0.20:44165|priority:0|startupRole:FOLLOWER]|listeners:[], old=null
2023-05-04 20:14:02,048 [pool-319-thread-1] INFO  server.RaftServer$Division (RaftServerImpl.java:setRole(321)) - 14e688c6-03f0-4578-94be-4c0bf8f01127@group-D748948E6287: changes role from      null to FOLLOWER at term 0 for startAsFollower
2023-05-04 20:14:02,048 [pool-319-thread-1] INFO  impl.RoleInfo (RoleInfo.java:updateAndGet(139)) - 14e688c6-03f0-4578-94be-4c0bf8f01127: start 14e688c6-03f0-4578-94be-4c0bf8f01127@group-D748948E6287-FollowerState
2023-05-04 20:14:02,048 [pool-319-thread-1] INFO  util.JmxRegister (JmxRegister.java:tryRegister(44)) - Successfully registered JMX Bean with object name Ratis:service=RaftServer,group=group-D748948E6287,id=14e688c6-03f0-4578-94be-4c0bf8f01127
2023-05-04 20:14:02,048 [14e688c6-03f0-4578-94be-4c0bf8f01127@group-D748948E6287-FollowerState] INFO  server.RaftServerConfigKeys (ConfUtils.java:logFallback(53)) - raft.server.rpc.first-election.timeout.min = 5s (fallback to raft.server.rpc.timeout.min)
2023-05-04 20:14:02,048 [pool-319-thread-1] INFO  server.RaftServerConfigKeys (ConfUtils.java:logGet(46)) - raft.server.snapshot.auto.trigger.enabled = true (custom)
2023-05-04 20:14:02,048 [14e688c6-03f0-4578-94be-4c0bf8f01127@group-D748948E6287-FollowerState] INFO  server.RaftServerConfigKeys (ConfUtils.java:logFallback(53)) - raft.server.rpc.first-election.timeout.max = 5200ms (fallback to raft.server.rpc.timeout.max)
2023-05-04 20:14:02,049 [pool-319-thread-1] INFO  server.RaftServerConfigKeys (ConfUtils.java:logGet(46)) - raft.server.snapshot.auto.trigger.threshold = 10000 (custom)
2023-05-04 20:14:02,049 [pool-319-thread-1] INFO  server.RaftServerConfigKeys (ConfUtils.java:logGet(46)) - raft.server.snapshot.retention.file.num = 5 (custom)
2023-05-04 20:14:02,049 [pool-319-thread-1] INFO  server.RaftServerConfigKeys (ConfUtils.java:logGet(46)) - raft.server.log.purge.upto.snapshot.index = false (default)
2023-05-04 20:14:02,059 [Command processor thread] INFO  commandhandler.CreatePipelineCommandHandler (CreatePipelineCommandHandler.java:handle(113)) - Created Pipeline RATIS THREE PipelineID=6a9d66cf-5e05-4438-8c8d-d748948e6287.
2023-05-04 20:14:02,060 [Command processor thread] INFO  server.RaftServer (RaftServerProxy.java:addNew(96)) - 7e411c01-6998-40d0-b507-5d7903264b15: addNew group-F35E2D3C19FB:[b4df0636-e8ba-4aa2-9ff9-49534f1768bf|rpc:10.1.0.20:42357|dataStream:10.1.0.20:43847|priority:0|startupRole:FOLLOWER, 7e411c01-6998-40d0-b507-5d7903264b15|rpc:10.1.0.20:37977|dataStream:10.1.0.20:36461|priority:1|startupRole:FOLLOWER, 14e688c6-03f0-4578-94be-4c0bf8f01127|rpc:10.1.0.20:44235|dataStream:10.1.0.20:44165|priority:0|startupRole:FOLLOWER] returns group-F35E2D3C19FB:java.util.concurrent.CompletableFuture@30f7e69c[Not completed]
2023-05-04 20:14:02,061 [pool-293-thread-1] INFO  server.RaftServer$Division (RaftServerImpl.java:<init>(195)) - 7e411c01-6998-40d0-b507-5d7903264b15: new RaftServerImpl for group-F35E2D3C19FB:[b4df0636-e8ba-4aa2-9ff9-49534f1768bf|rpc:10.1.0.20:42357|dataStream:10.1.0.20:43847|priority:0|startupRole:FOLLOWER, 7e411c01-6998-40d0-b507-5d7903264b15|rpc:10.1.0.20:37977|dataStream:10.1.0.20:36461|priority:1|startupRole:FOLLOWER, 14e688c6-03f0-4578-94be-4c0bf8f01127|rpc:10.1.0.20:44235|dataStream:10.1.0.20:44165|priority:0|startupRole:FOLLOWER] with ContainerStateMachine:uninitialized
2023-05-04 20:14:02,061 [pool-293-thread-1] INFO  server.RaftServerConfigKeys (ConfUtils.java:logGet(46)) - raft.server.rpc.timeout.min = 5s (custom)
2023-05-04 20:14:02,061 [pool-293-thread-1] INFO  server.RaftServerConfigKeys (ConfUtils.java:logGet(46)) - raft.server.rpc.timeout.max = 5200ms (custom)
2023-05-04 20:14:02,061 [pool-293-thread-1] INFO  server.RaftServerConfigKeys (ConfUtils.java:logGet(46)) - raft.server.rpc.sleep.time = 25ms (default)
2023-05-04 20:14:02,061 [pool-293-thread-1] INFO  server.RaftServerConfigKeys (ConfUtils.java:logGet(46)) - raft.server.rpc.slowness.timeout = 300s (custom)
2023-05-04 20:14:02,061 [pool-293-thread-1] INFO  server.RaftServerConfigKeys (ConfUtils.java:logGet(46)) - raft.server.leaderelection.leader.step-down.wait-time = 10s (default)
2023-05-04 20:14:02,061 [pool-293-thread-1] INFO  server.RaftServerConfigKeys (ConfUtils.java:logGet(46)) - raft.server.sleep.deviation.threshold = 300ms (default)
2023-05-04 20:14:02,061 [pool-293-thread-1] INFO  server.RaftServer$Division (ServerState.java:<init>(118)) - 7e411c01-6998-40d0-b507-5d7903264b15@group-F35E2D3C19FB: ConfigurationManager, init=-1: peers:[b4df0636-e8ba-4aa2-9ff9-49534f1768bf|rpc:10.1.0.20:42357|dataStream:10.1.0.20:43847|priority:0|startupRole:FOLLOWER, 7e411c01-6998-40d0-b507-5d7903264b15|rpc:10.1.0.20:37977|dataStream:10.1.0.20:36461|priority:1|startupRole:FOLLOWER, 14e688c6-03f0-4578-94be-4c0bf8f01127|rpc:10.1.0.20:44235|dataStream:10.1.0.20:44165|priority:0|startupRole:FOLLOWER]|listeners:[], old=null, confs=<EMPTY_MAP>
2023-05-04 20:14:02,061 [pool-293-thread-1] INFO  server.RaftServerConfigKeys (ConfUtils.java:logGet(46)) - raft.server.storage.dir = [/home/runner/work/ozone/ozone/hadoop-ozone/integration-test/target/test-dir/MiniOzoneClusterImpl-3ff5bc89-9620-4d46-84f6-68e3c2a3a822/datanode-9/data/ratis] (custom)
2023-05-04 20:14:02,061 [pool-293-thread-1] INFO  server.RaftServerConfigKeys (ConfUtils.java:logGet(46)) - raft.server.log.corruption.policy = EXCEPTION (default)
2023-05-04 20:14:02,061 [pool-293-thread-1] INFO  server.RaftServerConfigKeys (ConfUtils.java:logGet(46)) - raft.server.storage.free-space.min = 0MB (=0) (default)
2023-05-04 20:14:02,061 [pool-293-thread-1] INFO  server.RaftServerConfigKeys (ConfUtils.java:logGet(46)) - raft.server.notification.no-leader.timeout = 300s (custom)
2023-05-04 20:14:02,061 [pool-293-thread-1] INFO  server.RaftServerConfigKeys (ConfUtils.java:logGet(46)) - raft.server.retrycache.expirytime = 600000ms (custom)
2023-05-04 20:14:02,062 [pool-293-thread-1] INFO  server.RaftServerConfigKeys (ConfUtils.java:logGet(46)) - raft.server.retrycache.statistics.expirytime = 100μs (default)
2023-05-04 20:14:02,062 [pool-293-thread-1] INFO  server.RaftServerConfigKeys (ConfUtils.java:logGet(46)) - raft.server.log.appender.install.snapshot.enabled = false (custom)
2023-05-04 20:14:02,063 [pool-293-thread-1] INFO  server.RaftServerConfigKeys (ConfUtils.java:logGet(46)) - raft.server.threadpool.server.cached = true (default)
2023-05-04 20:14:02,063 [pool-293-thread-1] INFO  server.RaftServerConfigKeys (ConfUtils.java:logGet(46)) - raft.server.threadpool.server.size = 0 (default)
2023-05-04 20:14:02,063 [pool-293-thread-1] INFO  server.RaftServerConfigKeys (ConfUtils.java:logGet(46)) - raft.server.threadpool.client.cached = true (default)
2023-05-04 20:14:02,063 [pool-293-thread-1] INFO  server.RaftServerConfigKeys (ConfUtils.java:logGet(46)) - raft.server.threadpool.client.size = 0 (default)
2023-05-04 20:14:02,063 [pool-293-thread-1] INFO  storage.RaftStorageDirectory (RaftStorageDirectoryImpl.java:analyzeStorage(137)) - The storage directory /home/runner/work/ozone/ozone/hadoop-ozone/integration-test/target/test-dir/MiniOzoneClusterImpl-3ff5bc89-9620-4d46-84f6-68e3c2a3a822/datanode-9/data/ratis/d57e77f3-5ed3-4048-b624-f35e2d3c19fb does not exist. Creating ...
2023-05-04 20:14:02,064 [pool-293-thread-1] INFO  storage.RaftStorageDirectory (RaftStorageDirectoryImpl.java:tryLock(231)) - Lock on /home/runner/work/ozone/ozone/hadoop-ozone/integration-test/target/test-dir/MiniOzoneClusterImpl-3ff5bc89-9620-4d46-84f6-68e3c2a3a822/datanode-9/data/ratis/d57e77f3-5ed3-4048-b624-f35e2d3c19fb/in_use.lock acquired by nodename 25037@fv-az804-457
2023-05-04 20:14:02,065 [pool-293-thread-1] INFO  storage.RaftStorage (RaftStorageImpl.java:format(96)) - Storage directory /home/runner/work/ozone/ozone/hadoop-ozone/integration-test/target/test-dir/MiniOzoneClusterImpl-3ff5bc89-9620-4d46-84f6-68e3c2a3a822/datanode-9/data/ratis/d57e77f3-5ed3-4048-b624-f35e2d3c19fb has been successfully formatted.
2023-05-04 20:14:02,066 [pool-293-thread-1] INFO  ratis.ContainerStateMachine (ContainerStateMachine.java:loadSnapshot(262)) - group-F35E2D3C19FB: The snapshot info is null. Setting the last applied indexto:(t:0, i:~)
2023-05-04 20:14:02,066 [pool-293-thread-1] INFO  server.RaftServerConfigKeys (ConfUtils.java:logGet(46)) - raft.server.log.use.memory = false (default)
2023-05-04 20:14:02,066 [pool-293-thread-1] INFO  server.RaftServerConfigKeys (ConfUtils.java:logGet(46)) - raft.server.log.purge.gap = 1000000 (custom)
2023-05-04 20:14:02,066 [pool-293-thread-1] INFO  server.RaftServerConfigKeys (ConfUtils.java:logGet(46)) - raft.server.log.appender.buffer.byte-limit = 33554432 (custom)
2023-05-04 20:14:02,067 [pool-293-thread-1] INFO  server.RaftServerConfigKeys (ConfUtils.java:logGet(46)) - raft.server.log.statemachine.data.read.timeout = 1000ms (default)
2023-05-04 20:14:02,067 [pool-293-thread-1] INFO  server.RaftServerConfigKeys (ConfUtils.java:logGet(46)) - raft.server.log.purge.preservation.log.num = 0 (default)
2023-05-04 20:14:02,067 [pool-293-thread-1] INFO  server.RaftServerConfigKeys (ConfUtils.java:logGet(46)) - raft.server.log.segment.size.max = 1048576 (custom)
2023-05-04 20:14:02,067 [EventQueue-OpenPipelineForHealthyPipelineSafeModeRule] INFO  safemode.SCMSafeModeManager (HealthyPipelineSafeModeRule.java:process(137)) - SCM in safe mode. Healthy pipelines reported count is 0, required healthy pipeline reported count is 1
2023-05-04 20:14:02,068 [pool-293-thread-1] INFO  server.RaftServerConfigKeys (ConfUtils.java:logGet(46)) - raft.server.log.segment.cache.num.max = 2 (custom)
2023-05-04 20:14:02,068 [pool-293-thread-1] INFO  server.RaftServerConfigKeys (ConfUtils.java:logGet(46)) - raft.server.log.segment.cache.size.max = 200MB (=209715200) (default)
2023-05-04 20:14:02,068 [pool-293-thread-1] INFO  segmented.SegmentedRaftLogWorker (SegmentedRaftLogWorker.java:<init>(189)) - new 7e411c01-6998-40d0-b507-5d7903264b15@group-F35E2D3C19FB-SegmentedRaftLogWorker for RaftStorageImpl:Storage Directory /home/runner/work/ozone/ozone/hadoop-ozone/integration-test/target/test-dir/MiniOzoneClusterImpl-3ff5bc89-9620-4d46-84f6-68e3c2a3a822/datanode-9/data/ratis/d57e77f3-5ed3-4048-b624-f35e2d3c19fb
2023-05-04 20:14:02,068 [pool-293-thread-1] INFO  server.RaftServerConfigKeys (ConfUtils.java:logGet(46)) - raft.server.log.queue.byte-limit = 4294967296 (custom)
2023-05-04 20:14:02,068 [pool-293-thread-1] INFO  server.RaftServerConfigKeys (ConfUtils.java:logGet(46)) - raft.server.log.queue.element-limit = 1024 (custom)
2023-05-04 20:14:02,068 [pool-293-thread-1] INFO  server.RaftServerConfigKeys (ConfUtils.java:logGet(46)) - raft.server.log.segment.size.max = 1048576 (custom)
2023-05-04 20:14:02,068 [pool-293-thread-1] INFO  server.RaftServerConfigKeys (ConfUtils.java:logGet(46)) - raft.server.log.preallocated.size = 16384 (custom)
2023-05-04 20:14:02,068 [pool-293-thread-1] INFO  server.RaftServerConfigKeys (ConfUtils.java:logGet(46)) - raft.server.log.force.sync.num = 128 (default)
2023-05-04 20:14:02,068 [pool-293-thread-1] INFO  server.RaftServerConfigKeys (ConfUtils.java:logGet(46)) - raft.server.log.statemachine.data.sync = true (default)
2023-05-04 20:14:02,068 [pool-293-thread-1] INFO  server.RaftServerConfigKeys (ConfUtils.java:logGet(46)) - raft.server.log.statemachine.data.sync.timeout = 10s (default)
2023-05-04 20:14:02,068 [pool-293-thread-1] INFO  server.RaftServerConfigKeys (ConfUtils.java:logGet(46)) - raft.server.log.statemachine.data.sync.timeout.retry = -1 (default)
2023-05-04 20:14:02,069 [pool-293-thread-1] INFO  server.RaftServerConfigKeys (ConfUtils.java:logGet(46)) - raft.server.log.write.buffer.size = 1048576 (custom)
2023-05-04 20:14:02,070 [Command processor thread] INFO  server.RaftServer (RaftServerProxy.java:addNew(96)) - 14e688c6-03f0-4578-94be-4c0bf8f01127: addNew group-E4E2A3213FA9:[14e688c6-03f0-4578-94be-4c0bf8f01127|rpc:10.1.0.20:44235|dataStream:10.1.0.20:44165|priority:1|startupRole:FOLLOWER] returns group-E4E2A3213FA9:java.util.concurrent.CompletableFuture@41f709a5[Not completed]
2023-05-04 20:14:02,074 [pool-293-thread-1] INFO  server.RaftServerConfigKeys (ConfUtils.java:logGet(46)) - raft.server.log.appender.buffer.byte-limit = 33554432 (custom)
2023-05-04 20:14:02,518 [Command processor thread] INFO  server.RaftServer (RaftServerProxy.java:addNew(96)) - b4df0636-e8ba-4aa2-9ff9-49534f1768bf: addNew group-BFA1CA1B2DE3:[b4df0636-e8ba-4aa2-9ff9-49534f1768bf|rpc:10.1.0.20:42357|dataStream:10.1.0.20:43847|priority:1|startupRole:FOLLOWER] returns group-BFA1CA1B2DE3:java.util.concurrent.CompletableFuture@36ab7254[Not completed]
2023-05-04 20:14:02,526 [JvmPauseMonitor5] WARN  util.JvmPauseMonitor (JvmPauseMonitor.java:detectPause(126)) - JvmPauseMonitor-de61e307-c070-4843-8a71-857ff854f108: Detected pause in JVM or host machine (eg GC): pause of approximately 108383330ns.
GC pool 'PS MarkSweep' had collection(s): count=1 time=291ms
GC pool 'PS Scavenge' had collection(s): count=1 time=147ms
2023-05-04 20:14:02,526 [JvmPauseMonitor10] WARN  util.JvmPauseMonitor (JvmPauseMonitor.java:detectPause(126)) - JvmPauseMonitor-7e411c01-6998-40d0-b507-5d7903264b15: Detected pause in JVM or host machine (eg GC): pause of approximately 108619334ns.
GC pool 'PS MarkSweep' had collection(s): count=1 time=291ms
GC pool 'PS Scavenge' had collection(s): count=1 time=147ms
2023-05-04 20:14:02,528 [JvmPauseMonitor7] WARN  util.JvmPauseMonitor (JvmPauseMonitor.java:detectPause(126)) - JvmPauseMonitor-eaea20cf-c5ca-4d45-84fe-4a8214ec7204: Detected pause in JVM or host machine (eg GC): pause of approximately 110486260ns.
GC pool 'PS MarkSweep' had collection(s): count=1 time=291ms
GC pool 'PS Scavenge' had collection(s): count=1 time=147ms
2023-05-04 20:14:02,528 [JvmPauseMonitor11] WARN  util.JvmPauseMonitor (JvmPauseMonitor.java:detectPause(126)) - JvmPauseMonitor-14e688c6-03f0-4578-94be-4c0bf8f01127: Detected pause in JVM or host machine (eg GC): pause of approximately 111013468ns.
GC pool 'PS MarkSweep' had collection(s): count=1 time=291ms
GC pool 'PS Scavenge' had collection(s): count=1 time=147ms
2023-05-04 20:14:02,528 [JvmPauseMonitor6] WARN  util.JvmPauseMonitor (JvmPauseMonitor.java:detectPause(126)) - JvmPauseMonitor-71eef059-4e21-465b-a9dc-55002cc631de: Detected pause in JVM or host machine (eg GC): pause of approximately 111154570ns.
GC pool 'PS MarkSweep' had collection(s): count=1 time=291ms
GC pool 'PS Scavenge' had collection(s): count=1 time=147ms
2023-05-04 20:14:02,529 [JvmPauseMonitor4] WARN  util.JvmPauseMonitor (JvmPauseMonitor.java:detectPause(126)) - JvmPauseMonitor-0abf101a-d700-4355-93b1-7a942eb61d40: Detected pause in JVM or host machine (eg GC): pause of approximately 131136857ns.
GC pool 'PS MarkSweep' had collection(s): count=1 time=291ms
GC pool 'PS Scavenge' had collection(s): count=1 time=147ms
2023-05-04 20:14:02,529 [JvmPauseMonitor0] WARN  util.JvmPauseMonitor (JvmPauseMonitor.java:detectPause(126)) - JvmPauseMonitor-om1: Detected pause in JVM or host machine (eg GC): pause of approximately 131356359ns.
GC pool 'PS MarkSweep' had collection(s): count=1 time=291ms
GC pool 'PS Scavenge' had collection(s): count=1 time=147ms
2023-05-04 20:14:02,537 [pool-319-thread-1] INFO  server.RaftServer$Division (RaftServerImpl.java:<init>(195)) - 14e688c6-03f0-4578-94be-4c0bf8f01127: new RaftServerImpl for group-E4E2A3213FA9:[14e688c6-03f0-4578-94be-4c0bf8f01127|rpc:10.1.0.20:44235|dataStream:10.1.0.20:44165|priority:1|startupRole:FOLLOWER] with ContainerStateMachine:uninitialized
2023-05-04 20:14:02,538 [pool-319-thread-1] INFO  server.RaftServerConfigKeys (ConfUtils.java:logGet(46)) - raft.server.rpc.timeout.min = 5s (custom)
2023-05-04 20:14:02,538 [pool-319-thread-1] INFO  server.RaftServerConfigKeys (ConfUtils.java:logGet(46)) - raft.server.rpc.timeout.max = 5200ms (custom)
2023-05-04 20:14:02,538 [pool-319-thread-1] INFO  server.RaftServerConfigKeys (ConfUtils.java:logGet(46)) - raft.server.rpc.sleep.time = 25ms (default)
2023-05-04 20:14:02,538 [pool-319-thread-1] INFO  server.RaftServerConfigKeys (ConfUtils.java:logGet(46)) - raft.server.rpc.slowness.timeout = 300s (custom)
2023-05-04 20:14:02,538 [pool-319-thread-1] INFO  server.RaftServerConfigKeys (ConfUtils.java:logGet(46)) - raft.server.leaderelection.leader.step-down.wait-time = 10s (default)
2023-05-04 20:14:02,538 [pool-319-thread-1] INFO  server.RaftServerConfigKeys (ConfUtils.java:logGet(46)) - raft.server.sleep.deviation.threshold = 300ms (default)
2023-05-04 20:14:02,531 [Listener at 127.0.0.1/35517] INFO  ozone.MiniOzoneClusterImpl (MiniOzoneClusterImpl.java:lambda$waitForClusterToBeReady$0(223)) - Nodes are ready. Got 14 of 14 DN Heartbeats.
2023-05-04 20:14:02,538 [Listener at 127.0.0.1/35517] INFO  ozone.MiniOzoneClusterImpl (MiniOzoneClusterImpl.java:lambda$waitForClusterToBeReady$0(226)) - Waiting for cluster to exit safe mode
2023-05-04 20:14:02,538 [Listener at 127.0.0.1/35517] INFO  ozone.MiniOzoneClusterImpl (MiniOzoneClusterImpl.java:lambda$waitForClusterToBeReady$0(228)) - SCM became leader
2023-05-04 20:14:02,530 [JvmPauseMonitor1] WARN  util.JvmPauseMonitor (JvmPauseMonitor.java:detectPause(126)) - JvmPauseMonitor-6a8dabd4-d9aa-4d69-8f5d-1f403dba9ac7: Detected pause in JVM or host machine (eg GC): pause of approximately 135841424ns.
GC pool 'PS MarkSweep' had collection(s): count=1 time=291ms
GC pool 'PS Scavenge' had collection(s): count=1 time=147ms
2023-05-04 20:14:02,530 [JvmPauseMonitor9] WARN  util.JvmPauseMonitor (JvmPauseMonitor.java:detectPause(126)) - JvmPauseMonitor-fe0c64ad-372f-4816-a9b8-650345a5ed87: Detected pause in JVM or host machine (eg GC): pause of approximately 132240572ns.
GC pool 'PS MarkSweep' had collection(s): count=1 time=291ms
GC pool 'PS Scavenge' had collection(s): count=1 time=147ms
2023-05-04 20:14:02,538 [pool-319-thread-1] INFO  server.RaftServer$Division (ServerState.java:<init>(118)) - 14e688c6-03f0-4578-94be-4c0bf8f01127@group-E4E2A3213FA9: ConfigurationManager, init=-1: peers:[14e688c6-03f0-4578-94be-4c0bf8f01127|rpc:10.1.0.20:44235|dataStream:10.1.0.20:44165|priority:1|startupRole:FOLLOWER]|listeners:[], old=null, confs=<EMPTY_MAP>
2023-05-04 20:14:02,539 [pool-319-thread-1] INFO  server.RaftServerConfigKeys (ConfUtils.java:logGet(46)) - raft.server.storage.dir = [/home/runner/work/ozone/ozone/hadoop-ozone/integration-test/target/test-dir/MiniOzoneClusterImpl-3ff5bc89-9620-4d46-84f6-68e3c2a3a822/datanode-10/data/ratis] (custom)
2023-05-04 20:14:02,539 [pool-319-thread-1] INFO  server.RaftServerConfigKeys (ConfUtils.java:logGet(46)) - raft.server.log.corruption.policy = EXCEPTION (default)
2023-05-04 20:14:02,539 [pool-319-thread-1] INFO  server.RaftServerConfigKeys (ConfUtils.java:logGet(46)) - raft.server.storage.free-space.min = 0MB (=0) (default)
2023-05-04 20:14:02,539 [pool-319-thread-1] INFO  server.RaftServerConfigKeys (ConfUtils.java:logGet(46)) - raft.server.notification.no-leader.timeout = 300s (custom)
2023-05-04 20:14:02,539 [pool-319-thread-1] INFO  server.RaftServerConfigKeys (ConfUtils.java:logGet(46)) - raft.server.retrycache.expirytime = 600000ms (custom)
2023-05-04 20:14:02,539 [pool-319-thread-1] INFO  server.RaftServerConfigKeys (ConfUtils.java:logGet(46)) - raft.server.retrycache.statistics.expirytime = 100μs (default)
2023-05-04 20:14:02,540 [pool-293-thread-1] INFO  server.RaftServerConfigKeys (ConfUtils.java:logGet(46)) - raft.server.log.unsafe-flush.enabled = false (default)
2023-05-04 20:14:02,540 [pool-293-thread-1] INFO  server.RaftServerConfigKeys (ConfUtils.java:logGet(46)) - raft.server.log.async-flush.enabled = false (default)
2023-05-04 20:14:02,540 [pool-293-thread-1] INFO  server.RaftServerConfigKeys (ConfUtils.java:logGet(46)) - raft.server.log.statemachine.data.caching.enabled = true (custom)
2023-05-04 20:14:02,540 [pool-293-thread-1] INFO  segmented.SegmentedRaftLogWorker (SegmentedRaftLogWorker.java:lambda$new$0(135)) - 7e411c01-6998-40d0-b507-5d7903264b15@group-F35E2D3C19FB-SegmentedRaftLogWorker: flushIndex: setUnconditionally 0 -> -1
2023-05-04 20:14:02,540 [pool-293-thread-1] INFO  segmented.SegmentedRaftLogWorker (SegmentedRaftLogWorker.java:lambda$new$0(135)) - 7e411c01-6998-40d0-b507-5d7903264b15@group-F35E2D3C19FB-SegmentedRaftLogWorker: safeCacheEvictIndex: setUnconditionally 0 -> -1
2023-05-04 20:14:02,541 [pool-293-thread-1] INFO  server.RaftServer$Division (RaftServerImpl.java:start(334)) - 7e411c01-6998-40d0-b507-5d7903264b15@group-F35E2D3C19FB: start as a follower, conf=-1: peers:[b4df0636-e8ba-4aa2-9ff9-49534f1768bf|rpc:10.1.0.20:42357|dataStream:10.1.0.20:43847|priority:0|startupRole:FOLLOWER, 7e411c01-6998-40d0-b507-5d7903264b15|rpc:10.1.0.20:37977|dataStream:10.1.0.20:36461|priority:1|startupRole:FOLLOWER, 14e688c6-03f0-4578-94be-4c0bf8f01127|rpc:10.1.0.20:44235|dataStream:10.1.0.20:44165|priority:0|startupRole:FOLLOWER]|listeners:[], old=null
2023-05-04 20:14:02,541 [pool-293-thread-1] INFO  server.RaftServer$Division (RaftServerImpl.java:setRole(321)) - 7e411c01-6998-40d0-b507-5d7903264b15@group-F35E2D3C19FB: changes role from      null to FOLLOWER at term 0 for startAsFollower
2023-05-04 20:14:02,541 [pool-293-thread-1] INFO  impl.RoleInfo (RoleInfo.java:updateAndGet(139)) - 7e411c01-6998-40d0-b507-5d7903264b15: start 7e411c01-6998-40d0-b507-5d7903264b15@group-F35E2D3C19FB-FollowerState
2023-05-04 20:14:02,543 [pool-319-thread-1] INFO  server.RaftServerConfigKeys (ConfUtils.java:logGet(46)) - raft.server.log.appender.install.snapshot.enabled = false (custom)
2023-05-04 20:14:02,543 [pool-319-thread-1] INFO  server.RaftServerConfigKeys (ConfUtils.java:logGet(46)) - raft.server.threadpool.server.cached = true (default)
2023-05-04 20:14:02,543 [pool-319-thread-1] INFO  server.RaftServerConfigKeys (ConfUtils.java:logGet(46)) - raft.server.threadpool.server.size = 0 (default)
2023-05-04 20:14:02,543 [pool-319-thread-1] INFO  server.RaftServerConfigKeys (ConfUtils.java:logGet(46)) - raft.server.threadpool.client.cached = true (default)
2023-05-04 20:14:02,543 [pool-319-thread-1] INFO  server.RaftServerConfigKeys (ConfUtils.java:logGet(46)) - raft.server.threadpool.client.size = 0 (default)
2023-05-04 20:14:02,543 [pool-319-thread-1] INFO  storage.RaftStorageDirectory (RaftStorageDirectoryImpl.java:analyzeStorage(137)) - The storage directory /home/runner/work/ozone/ozone/hadoop-ozone/integration-test/target/test-dir/MiniOzoneClusterImpl-3ff5bc89-9620-4d46-84f6-68e3c2a3a822/datanode-10/data/ratis/e8137eb0-0128-41ec-aab9-e4e2a3213fa9 does not exist. Creating ...
2023-05-04 20:14:02,545 [JvmPauseMonitor2] WARN  util.JvmPauseMonitor (JvmPauseMonitor.java:detectPause(126)) - JvmPauseMonitor-b957fc71-c761-4d97-9df6-bc970b063b54: Detected pause in JVM or host machine (eg GC): pause of approximately 135248815ns.
GC pool 'PS MarkSweep' had collection(s): count=1 time=291ms
GC pool 'PS Scavenge' had collection(s): count=1 time=147ms
2023-05-04 20:14:02,545 [pool-319-thread-1] INFO  storage.RaftStorageDirectory (RaftStorageDirectoryImpl.java:tryLock(231)) - Lock on /home/runner/work/ozone/ozone/hadoop-ozone/integration-test/target/test-dir/MiniOzoneClusterImpl-3ff5bc89-9620-4d46-84f6-68e3c2a3a822/datanode-10/data/ratis/e8137eb0-0128-41ec-aab9-e4e2a3213fa9/in_use.lock acquired by nodename 25037@fv-az804-457
2023-05-04 20:14:02,546 [pool-345-thread-1] INFO  server.RaftServer$Division (RaftServerImpl.java:<init>(195)) - b4df0636-e8ba-4aa2-9ff9-49534f1768bf: new RaftServerImpl for group-BFA1CA1B2DE3:[b4df0636-e8ba-4aa2-9ff9-49534f1768bf|rpc:10.1.0.20:42357|dataStream:10.1.0.20:43847|priority:1|startupRole:FOLLOWER] with ContainerStateMachine:uninitialized
2023-05-04 20:14:02,546 [pool-345-thread-1] INFO  server.RaftServerConfigKeys (ConfUtils.java:logGet(46)) - raft.server.rpc.timeout.min = 5s (custom)
2023-05-04 20:14:02,546 [pool-345-thread-1] INFO  server.RaftServerConfigKeys (ConfUtils.java:logGet(46)) - raft.server.rpc.timeout.max = 5200ms (custom)
2023-05-04 20:14:02,546 [pool-345-thread-1] INFO  server.RaftServerConfigKeys (ConfUtils.java:logGet(46)) - raft.server.rpc.sleep.time = 25ms (default)
2023-05-04 20:14:02,546 [pool-345-thread-1] INFO  server.RaftServerConfigKeys (ConfUtils.java:logGet(46)) - raft.server.rpc.slowness.timeout = 300s (custom)
2023-05-04 20:14:02,546 [pool-345-thread-1] INFO  server.RaftServerConfigKeys (ConfUtils.java:logGet(46)) - raft.server.leaderelection.leader.step-down.wait-time = 10s (default)
2023-05-04 20:14:02,546 [pool-345-thread-1] INFO  server.RaftServerConfigKeys (ConfUtils.java:logGet(46)) - raft.server.sleep.deviation.threshold = 300ms (default)
2023-05-04 20:14:02,546 [pool-345-thread-1] INFO  server.RaftServer$Division (ServerState.java:<init>(118)) - b4df0636-e8ba-4aa2-9ff9-49534f1768bf@group-BFA1CA1B2DE3: ConfigurationManager, init=-1: peers:[b4df0636-e8ba-4aa2-9ff9-49534f1768bf|rpc:10.1.0.20:42357|dataStream:10.1.0.20:43847|priority:1|startupRole:FOLLOWER]|listeners:[], old=null, confs=<EMPTY_MAP>
2023-05-04 20:14:02,546 [pool-345-thread-1] INFO  server.RaftServerConfigKeys (ConfUtils.java:logGet(46)) - raft.server.storage.dir = [/home/runner/work/ozone/ozone/hadoop-ozone/integration-test/target/test-dir/MiniOzoneClusterImpl-3ff5bc89-9620-4d46-84f6-68e3c2a3a822/datanode-11/data/ratis] (custom)
2023-05-04 20:14:02,546 [pool-345-thread-1] INFO  server.RaftServerConfigKeys (ConfUtils.java:logGet(46)) - raft.server.log.corruption.policy = EXCEPTION (default)
2023-05-04 20:14:02,546 [pool-345-thread-1] INFO  server.RaftServerConfigKeys (ConfUtils.java:logGet(46)) - raft.server.storage.free-space.min = 0MB (=0) (default)
2023-05-04 20:14:02,546 [pool-319-thread-1] INFO  storage.RaftStorage (RaftStorageImpl.java:format(96)) - Storage directory /home/runner/work/ozone/ozone/hadoop-ozone/integration-test/target/test-dir/MiniOzoneClusterImpl-3ff5bc89-9620-4d46-84f6-68e3c2a3a822/datanode-10/data/ratis/e8137eb0-0128-41ec-aab9-e4e2a3213fa9 has been successfully formatted.
2023-05-04 20:14:02,546 [pool-345-thread-1] INFO  server.RaftServerConfigKeys (ConfUtils.java:logGet(46)) - raft.server.notification.no-leader.timeout = 300s (custom)
2023-05-04 20:14:02,546 [pool-345-thread-1] INFO  server.RaftServerConfigKeys (ConfUtils.java:logGet(46)) - raft.server.retrycache.expirytime = 600000ms (custom)
2023-05-04 20:14:02,546 [pool-345-thread-1] INFO  server.RaftServerConfigKeys (ConfUtils.java:logGet(46)) - raft.server.retrycache.statistics.expirytime = 100μs (default)
2023-05-04 20:14:02,548 [pool-345-thread-1] INFO  server.RaftServerConfigKeys (ConfUtils.java:logGet(46)) - raft.server.log.appender.install.snapshot.enabled = false (custom)
2023-05-04 20:14:02,548 [pool-345-thread-1] INFO  server.RaftServerConfigKeys (ConfUtils.java:logGet(46)) - raft.server.threadpool.server.cached = true (default)
2023-05-04 20:14:02,548 [pool-345-thread-1] INFO  server.RaftServerConfigKeys (ConfUtils.java:logGet(46)) - raft.server.threadpool.server.size = 0 (default)
2023-05-04 20:14:02,548 [pool-345-thread-1] INFO  server.RaftServerConfigKeys (ConfUtils.java:logGet(46)) - raft.server.threadpool.client.cached = true (default)
2023-05-04 20:14:02,548 [pool-345-thread-1] INFO  server.RaftServerConfigKeys (ConfUtils.java:logGet(46)) - raft.server.threadpool.client.size = 0 (default)
2023-05-04 20:14:02,548 [pool-345-thread-1] INFO  storage.RaftStorageDirectory (RaftStorageDirectoryImpl.java:analyzeStorage(137)) - The storage directory /home/runner/work/ozone/ozone/hadoop-ozone/integration-test/target/test-dir/MiniOzoneClusterImpl-3ff5bc89-9620-4d46-84f6-68e3c2a3a822/datanode-11/data/ratis/0f7c704f-42eb-458f-9516-bfa1ca1b2de3 does not exist. Creating ...
2023-05-04 20:14:02,551 [pool-293-thread-1] INFO  util.JmxRegister (JmxRegister.java:tryRegister(44)) - Successfully registered JMX Bean with object name Ratis:service=RaftServer,group=group-F35E2D3C19FB,id=7e411c01-6998-40d0-b507-5d7903264b15
2023-05-04 20:14:02,551 [pool-293-thread-1] INFO  server.RaftServerConfigKeys (ConfUtils.java:logGet(46)) - raft.server.snapshot.auto.trigger.enabled = true (custom)
2023-05-04 20:14:02,551 [pool-293-thread-1] INFO  server.RaftServerConfigKeys (ConfUtils.java:logGet(46)) - raft.server.snapshot.auto.trigger.threshold = 10000 (custom)
2023-05-04 20:14:02,551 [pool-293-thread-1] INFO  server.RaftServerConfigKeys (ConfUtils.java:logGet(46)) - raft.server.snapshot.retention.file.num = 5 (custom)
2023-05-04 20:14:02,551 [pool-293-thread-1] INFO  server.RaftServerConfigKeys (ConfUtils.java:logGet(46)) - raft.server.log.purge.upto.snapshot.index = false (default)
2023-05-04 20:14:02,552 [7e411c01-6998-40d0-b507-5d7903264b15@group-F35E2D3C19FB-FollowerState] INFO  server.RaftServerConfigKeys (ConfUtils.java:logFallback(53)) - raft.server.rpc.first-election.timeout.min = 5s (fallback to raft.server.rpc.timeout.min)
2023-05-04 20:14:02,552 [7e411c01-6998-40d0-b507-5d7903264b15@group-F35E2D3C19FB-FollowerState] INFO  server.RaftServerConfigKeys (ConfUtils.java:logFallback(53)) - raft.server.rpc.first-election.timeout.max = 5200ms (fallback to raft.server.rpc.timeout.max)
2023-05-04 20:14:02,554 [pool-345-thread-1] INFO  storage.RaftStorageDirectory (RaftStorageDirectoryImpl.java:tryLock(231)) - Lock on /home/runner/work/ozone/ozone/hadoop-ozone/integration-test/target/test-dir/MiniOzoneClusterImpl-3ff5bc89-9620-4d46-84f6-68e3c2a3a822/datanode-11/data/ratis/0f7c704f-42eb-458f-9516-bfa1ca1b2de3/in_use.lock acquired by nodename 25037@fv-az804-457
2023-05-04 20:14:02,557 [pool-345-thread-1] INFO  storage.RaftStorage (RaftStorageImpl.java:format(96)) - Storage directory /home/runner/work/ozone/ozone/hadoop-ozone/integration-test/target/test-dir/MiniOzoneClusterImpl-3ff5bc89-9620-4d46-84f6-68e3c2a3a822/datanode-11/data/ratis/0f7c704f-42eb-458f-9516-bfa1ca1b2de3 has been successfully formatted.
2023-05-04 20:14:02,558 [Command processor thread] INFO  ratis.XceiverServerRatis (XceiverServerRatis.java:addGroup(806)) - Created group PipelineID=d57e77f3-5ed3-4048-b624-f35e2d3c19fb
2023-05-04 20:14:02,558 [pool-319-thread-1] INFO  ratis.ContainerStateMachine (ContainerStateMachine.java:loadSnapshot(262)) - group-E4E2A3213FA9: The snapshot info is null. Setting the last applied indexto:(t:0, i:~)
2023-05-04 20:14:02,558 [pool-319-thread-1] INFO  server.RaftServerConfigKeys (ConfUtils.java:logGet(46)) - raft.server.log.use.memory = false (default)
2023-05-04 20:14:02,558 [pool-319-thread-1] INFO  server.RaftServerConfigKeys (ConfUtils.java:logGet(46)) - raft.server.log.purge.gap = 1000000 (custom)
2023-05-04 20:14:02,558 [pool-319-thread-1] INFO  server.RaftServerConfigKeys (ConfUtils.java:logGet(46)) - raft.server.log.appender.buffer.byte-limit = 33554432 (custom)
2023-05-04 20:14:02,559 [pool-319-thread-1] INFO  server.RaftServerConfigKeys (ConfUtils.java:logGet(46)) - raft.server.log.statemachine.data.read.timeout = 1000ms (default)
2023-05-04 20:14:02,559 [pool-319-thread-1] INFO  server.RaftServerConfigKeys (ConfUtils.java:logGet(46)) - raft.server.log.purge.preservation.log.num = 0 (default)
2023-05-04 20:14:02,559 [pool-319-thread-1] INFO  server.RaftServerConfigKeys (ConfUtils.java:logGet(46)) - raft.server.log.segment.size.max = 1048576 (custom)
2023-05-04 20:14:02,559 [pool-319-thread-1] INFO  server.RaftServerConfigKeys (ConfUtils.java:logGet(46)) - raft.server.log.segment.cache.num.max = 2 (custom)
2023-05-04 20:14:02,559 [pool-319-thread-1] INFO  server.RaftServerConfigKeys (ConfUtils.java:logGet(46)) - raft.server.log.segment.cache.size.max = 200MB (=209715200) (default)
2023-05-04 20:14:02,559 [pool-319-thread-1] INFO  segmented.SegmentedRaftLogWorker (SegmentedRaftLogWorker.java:<init>(189)) - new 14e688c6-03f0-4578-94be-4c0bf8f01127@group-E4E2A3213FA9-SegmentedRaftLogWorker for RaftStorageImpl:Storage Directory /home/runner/work/ozone/ozone/hadoop-ozone/integration-test/target/test-dir/MiniOzoneClusterImpl-3ff5bc89-9620-4d46-84f6-68e3c2a3a822/datanode-10/data/ratis/e8137eb0-0128-41ec-aab9-e4e2a3213fa9
2023-05-04 20:14:02,559 [pool-319-thread-1] INFO  server.RaftServerConfigKeys (ConfUtils.java:logGet(46)) - raft.server.log.queue.byte-limit = 4294967296 (custom)
2023-05-04 20:14:02,559 [pool-319-thread-1] INFO  server.RaftServerConfigKeys (ConfUtils.java:logGet(46)) - raft.server.log.queue.element-limit = 1024 (custom)
2023-05-04 20:14:02,559 [pool-319-thread-1] INFO  server.RaftServerConfigKeys (ConfUtils.java:logGet(46)) - raft.server.log.segment.size.max = 1048576 (custom)
2023-05-04 20:14:02,559 [pool-319-thread-1] INFO  server.RaftServerConfigKeys (ConfUtils.java:logGet(46)) - raft.server.log.preallocated.size = 16384 (custom)
2023-05-04 20:14:02,559 [pool-319-thread-1] INFO  server.RaftServerConfigKeys (ConfUtils.java:logGet(46)) - raft.server.log.force.sync.num = 128 (default)
2023-05-04 20:14:02,559 [pool-319-thread-1] INFO  server.RaftServerConfigKeys (ConfUtils.java:logGet(46)) - raft.server.log.statemachine.data.sync = true (default)
2023-05-04 20:14:02,559 [pool-319-thread-1] INFO  server.RaftServerConfigKeys (ConfUtils.java:logGet(46)) - raft.server.log.statemachine.data.sync.timeout = 10s (default)
2023-05-04 20:14:02,560 [pool-319-thread-1] INFO  server.RaftServerConfigKeys (ConfUtils.java:logGet(46)) - raft.server.log.statemachine.data.sync.timeout.retry = -1 (default)
2023-05-04 20:14:02,560 [pool-319-thread-1] INFO  server.RaftServerConfigKeys (ConfUtils.java:logGet(46)) - raft.server.log.write.buffer.size = 1048576 (custom)
2023-05-04 20:14:02,561 [pool-319-thread-1] INFO  server.RaftServerConfigKeys (ConfUtils.java:logGet(46)) - raft.server.log.appender.buffer.byte-limit = 33554432 (custom)
2023-05-04 20:14:02,562 [EventQueue-PipelineReportForPipelineReportHandler] INFO  pipeline.PipelineManagerImpl (PipelineManagerImpl.java:openPipeline(367)) - Pipeline Pipeline[ Id: e8137eb0-0128-41ec-aab9-e4e2a3213fa9, Nodes: 14e688c6-03f0-4578-94be-4c0bf8f01127(fv-az804-457.cvtsq3ctpw5ehehiek0yp1ke0c.cx.internal.cloudapp.net/10.1.0.20), ReplicationConfig: RATIS/ONE, State:ALLOCATED, leaderId:14e688c6-03f0-4578-94be-4c0bf8f01127, CreationTimestamp2023-05-04T20:13:59.072Z[Etc/UTC]] moved to OPEN state
2023-05-04 20:14:02,564 [EventQueue-OpenPipelineForHealthyPipelineSafeModeRule] INFO  safemode.SCMSafeModeManager (HealthyPipelineSafeModeRule.java:process(137)) - SCM in safe mode. Healthy pipelines reported count is 0, required healthy pipeline reported count is 1
2023-05-04 20:14:02,567 [pool-319-thread-1] INFO  server.RaftServerConfigKeys (ConfUtils.java:logGet(46)) - raft.server.log.unsafe-flush.enabled = false (default)
2023-05-04 20:14:02,567 [pool-319-thread-1] INFO  server.RaftServerConfigKeys (ConfUtils.java:logGet(46)) - raft.server.log.async-flush.enabled = false (default)
2023-05-04 20:14:02,567 [pool-319-thread-1] INFO  server.RaftServerConfigKeys (ConfUtils.java:logGet(46)) - raft.server.log.statemachine.data.caching.enabled = true (custom)
2023-05-04 20:14:02,568 [pool-319-thread-1] INFO  segmented.SegmentedRaftLogWorker (SegmentedRaftLogWorker.java:lambda$new$0(135)) - 14e688c6-03f0-4578-94be-4c0bf8f01127@group-E4E2A3213FA9-SegmentedRaftLogWorker: flushIndex: setUnconditionally 0 -> -1
2023-05-04 20:14:02,568 [pool-319-thread-1] INFO  segmented.SegmentedRaftLogWorker (SegmentedRaftLogWorker.java:lambda$new$0(135)) - 14e688c6-03f0-4578-94be-4c0bf8f01127@group-E4E2A3213FA9-SegmentedRaftLogWorker: safeCacheEvictIndex: setUnconditionally 0 -> -1
2023-05-04 20:14:02,568 [pool-319-thread-1] INFO  server.RaftServer$Division (RaftServerImpl.java:start(334)) - 14e688c6-03f0-4578-94be-4c0bf8f01127@group-E4E2A3213FA9: start as a follower, conf=-1: peers:[14e688c6-03f0-4578-94be-4c0bf8f01127|rpc:10.1.0.20:44235|dataStream:10.1.0.20:44165|priority:1|startupRole:FOLLOWER]|listeners:[], old=null
2023-05-04 20:14:02,568 [pool-319-thread-1] INFO  server.RaftServer$Division (RaftServerImpl.java:setRole(321)) - 14e688c6-03f0-4578-94be-4c0bf8f01127@group-E4E2A3213FA9: changes role from      null to FOLLOWER at term 0 for startAsFollower
2023-05-04 20:14:02,568 [pool-319-thread-1] INFO  impl.RoleInfo (RoleInfo.java:updateAndGet(139)) - 14e688c6-03f0-4578-94be-4c0bf8f01127: start 14e688c6-03f0-4578-94be-4c0bf8f01127@group-E4E2A3213FA9-FollowerState
2023-05-04 20:14:02,574 [pool-319-thread-1] INFO  util.JmxRegister (JmxRegister.java:tryRegister(44)) - Successfully registered JMX Bean with object name Ratis:service=RaftServer,group=group-E4E2A3213FA9,id=14e688c6-03f0-4578-94be-4c0bf8f01127
2023-05-04 20:14:02,575 [pool-319-thread-1] INFO  server.RaftServerConfigKeys (ConfUtils.java:logGet(46)) - raft.server.snapshot.auto.trigger.enabled = true (custom)
2023-05-04 20:14:02,575 [pool-319-thread-1] INFO  server.RaftServerConfigKeys (ConfUtils.java:logGet(46)) - raft.server.snapshot.auto.trigger.threshold = 10000 (custom)
2023-05-04 20:14:02,575 [pool-319-thread-1] INFO  server.RaftServerConfigKeys (ConfUtils.java:logGet(46)) - raft.server.snapshot.retention.file.num = 5 (custom)
2023-05-04 20:14:02,575 [pool-319-thread-1] INFO  server.RaftServerConfigKeys (ConfUtils.java:logGet(46)) - raft.server.log.purge.upto.snapshot.index = false (default)
2023-05-04 20:14:02,575 [14e688c6-03f0-4578-94be-4c0bf8f01127@group-E4E2A3213FA9-FollowerState] INFO  server.RaftServerConfigKeys (ConfUtils.java:logFallback(53)) - raft.server.rpc.first-election.timeout.min = 5s (fallback to raft.server.rpc.timeout.min)
2023-05-04 20:14:02,575 [14e688c6-03f0-4578-94be-4c0bf8f01127@group-E4E2A3213FA9-FollowerState] INFO  server.RaftServerConfigKeys (ConfUtils.java:logFallback(53)) - raft.server.rpc.first-election.timeout.max = 5200ms (fallback to raft.server.rpc.timeout.max)
2023-05-04 20:14:02,578 [pool-345-thread-1] INFO  ratis.ContainerStateMachine (ContainerStateMachine.java:loadSnapshot(262)) - group-BFA1CA1B2DE3: The snapshot info is null. Setting the last applied indexto:(t:0, i:~)
2023-05-04 20:14:02,578 [pool-345-thread-1] INFO  server.RaftServerConfigKeys (ConfUtils.java:logGet(46)) - raft.server.log.use.memory = false (default)
2023-05-04 20:14:02,579 [pool-345-thread-1] INFO  server.RaftServerConfigKeys (ConfUtils.java:logGet(46)) - raft.server.log.purge.gap = 1000000 (custom)
2023-05-04 20:14:02,579 [pool-345-thread-1] INFO  server.RaftServerConfigKeys (ConfUtils.java:logGet(46)) - raft.server.log.appender.buffer.byte-limit = 33554432 (custom)
2023-05-04 20:14:02,579 [pool-345-thread-1] INFO  server.RaftServerConfigKeys (ConfUtils.java:logGet(46)) - raft.server.log.statemachine.data.read.timeout = 1000ms (default)
2023-05-04 20:14:02,579 [pool-345-thread-1] INFO  server.RaftServerConfigKeys (ConfUtils.java:logGet(46)) - raft.server.log.purge.preservation.log.num = 0 (default)
2023-05-04 20:14:02,579 [pool-345-thread-1] INFO  server.RaftServerConfigKeys (ConfUtils.java:logGet(46)) - raft.server.log.segment.size.max = 1048576 (custom)
2023-05-04 20:14:02,579 [pool-345-thread-1] INFO  server.RaftServerConfigKeys (ConfUtils.java:logGet(46)) - raft.server.log.segment.cache.num.max = 2 (custom)
2023-05-04 20:14:02,579 [pool-345-thread-1] INFO  server.RaftServerConfigKeys (ConfUtils.java:logGet(46)) - raft.server.log.segment.cache.size.max = 200MB (=209715200) (default)
2023-05-04 20:14:02,579 [pool-345-thread-1] INFO  segmented.SegmentedRaftLogWorker (SegmentedRaftLogWorker.java:<init>(189)) - new b4df0636-e8ba-4aa2-9ff9-49534f1768bf@group-BFA1CA1B2DE3-SegmentedRaftLogWorker for RaftStorageImpl:Storage Directory /home/runner/work/ozone/ozone/hadoop-ozone/integration-test/target/test-dir/MiniOzoneClusterImpl-3ff5bc89-9620-4d46-84f6-68e3c2a3a822/datanode-11/data/ratis/0f7c704f-42eb-458f-9516-bfa1ca1b2de3
2023-05-04 20:14:02,579 [pool-345-thread-1] INFO  server.RaftServerConfigKeys (ConfUtils.java:logGet(46)) - raft.server.log.queue.byte-limit = 4294967296 (custom)
2023-05-04 20:14:02,579 [pool-345-thread-1] INFO  server.RaftServerConfigKeys (ConfUtils.java:logGet(46)) - raft.server.log.queue.element-limit = 1024 (custom)
2023-05-04 20:14:02,579 [pool-345-thread-1] INFO  server.RaftServerConfigKeys (ConfUtils.java:logGet(46)) - raft.server.log.segment.size.max = 1048576 (custom)
2023-05-04 20:14:02,579 [pool-345-thread-1] INFO  server.RaftServerConfigKeys (ConfUtils.java:logGet(46)) - raft.server.log.preallocated.size = 16384 (custom)
2023-05-04 20:14:02,579 [pool-345-thread-1] INFO  server.RaftServerConfigKeys (ConfUtils.java:logGet(46)) - raft.server.log.force.sync.num = 128 (default)
2023-05-04 20:14:02,579 [pool-345-thread-1] INFO  server.RaftServerConfigKeys (ConfUtils.java:logGet(46)) - raft.server.log.statemachine.data.sync = true (default)
2023-05-04 20:14:02,579 [pool-345-thread-1] INFO  server.RaftServerConfigKeys (ConfUtils.java:logGet(46)) - raft.server.log.statemachine.data.sync.timeout = 10s (default)
2023-05-04 20:14:02,580 [pool-345-thread-1] INFO  server.RaftServerConfigKeys (ConfUtils.java:logGet(46)) - raft.server.log.statemachine.data.sync.timeout.retry = -1 (default)
2023-05-04 20:14:02,580 [pool-345-thread-1] INFO  server.RaftServerConfigKeys (ConfUtils.java:logGet(46)) - raft.server.log.write.buffer.size = 1048576 (custom)
2023-05-04 20:14:02,581 [pool-345-thread-1] INFO  server.RaftServerConfigKeys (ConfUtils.java:logGet(46)) - raft.server.log.appender.buffer.byte-limit = 33554432 (custom)
2023-05-04 20:14:02,582 [Command processor thread] INFO  ratis.XceiverServerRatis (XceiverServerRatis.java:addGroup(806)) - Created group PipelineID=e8137eb0-0128-41ec-aab9-e4e2a3213fa9
2023-05-04 20:14:02,582 [Command processor thread] INFO  commandhandler.CreatePipelineCommandHandler (CreatePipelineCommandHandler.java:handle(113)) - Created Pipeline RATIS ONE PipelineID=e8137eb0-0128-41ec-aab9-e4e2a3213fa9.
2023-05-04 20:14:02,582 [Command processor thread] INFO  server.RaftServer (RaftServerProxy.java:addNew(96)) - 14e688c6-03f0-4578-94be-4c0bf8f01127: addNew group-F35E2D3C19FB:[b4df0636-e8ba-4aa2-9ff9-49534f1768bf|rpc:10.1.0.20:42357|dataStream:10.1.0.20:43847|priority:0|startupRole:FOLLOWER, 7e411c01-6998-40d0-b507-5d7903264b15|rpc:10.1.0.20:37977|dataStream:10.1.0.20:36461|priority:1|startupRole:FOLLOWER, 14e688c6-03f0-4578-94be-4c0bf8f01127|rpc:10.1.0.20:44235|dataStream:10.1.0.20:44165|priority:0|startupRole:FOLLOWER] returns group-F35E2D3C19FB:java.util.concurrent.CompletableFuture@4f30efeb[Not completed]
2023-05-04 20:14:02,595 [pool-345-thread-1] INFO  server.RaftServerConfigKeys (ConfUtils.java:logGet(46)) - raft.server.log.unsafe-flush.enabled = false (default)
2023-05-04 20:14:02,595 [pool-345-thread-1] INFO  server.RaftServerConfigKeys (ConfUtils.java:logGet(46)) - raft.server.log.async-flush.enabled = false (default)
2023-05-04 20:14:02,595 [pool-345-thread-1] INFO  server.RaftServerConfigKeys (ConfUtils.java:logGet(46)) - raft.server.log.statemachine.data.caching.enabled = true (custom)
2023-05-04 20:14:02,595 [pool-345-thread-1] INFO  segmented.SegmentedRaftLogWorker (SegmentedRaftLogWorker.java:lambda$new$0(135)) - b4df0636-e8ba-4aa2-9ff9-49534f1768bf@group-BFA1CA1B2DE3-SegmentedRaftLogWorker: flushIndex: setUnconditionally 0 -> -1
2023-05-04 20:14:02,595 [pool-345-thread-1] INFO  segmented.SegmentedRaftLogWorker (SegmentedRaftLogWorker.java:lambda$new$0(135)) - b4df0636-e8ba-4aa2-9ff9-49534f1768bf@group-BFA1CA1B2DE3-SegmentedRaftLogWorker: safeCacheEvictIndex: setUnconditionally 0 -> -1
2023-05-04 20:14:02,596 [pool-345-thread-1] INFO  server.RaftServer$Division (RaftServerImpl.java:start(334)) - b4df0636-e8ba-4aa2-9ff9-49534f1768bf@group-BFA1CA1B2DE3: start as a follower, conf=-1: peers:[b4df0636-e8ba-4aa2-9ff9-49534f1768bf|rpc:10.1.0.20:42357|dataStream:10.1.0.20:43847|priority:1|startupRole:FOLLOWER]|listeners:[], old=null
2023-05-04 20:14:02,597 [pool-345-thread-1] INFO  server.RaftServer$Division (RaftServerImpl.java:setRole(321)) - b4df0636-e8ba-4aa2-9ff9-49534f1768bf@group-BFA1CA1B2DE3: changes role from      null to FOLLOWER at term 0 for startAsFollower
2023-05-04 20:14:02,597 [pool-345-thread-1] INFO  impl.RoleInfo (RoleInfo.java:updateAndGet(139)) - b4df0636-e8ba-4aa2-9ff9-49534f1768bf: start b4df0636-e8ba-4aa2-9ff9-49534f1768bf@group-BFA1CA1B2DE3-FollowerState
2023-05-04 20:14:02,597 [pool-345-thread-1] INFO  util.JmxRegister (JmxRegister.java:tryRegister(44)) - Successfully registered JMX Bean with object name Ratis:service=RaftServer,group=group-BFA1CA1B2DE3,id=b4df0636-e8ba-4aa2-9ff9-49534f1768bf
2023-05-04 20:14:02,597 [pool-345-thread-1] INFO  server.RaftServerConfigKeys (ConfUtils.java:logGet(46)) - raft.server.snapshot.auto.trigger.enabled = true (custom)
2023-05-04 20:14:02,597 [pool-345-thread-1] INFO  server.RaftServerConfigKeys (ConfUtils.java:logGet(46)) - raft.server.snapshot.auto.trigger.threshold = 10000 (custom)
2023-05-04 20:14:02,597 [pool-345-thread-1] INFO  server.RaftServerConfigKeys (ConfUtils.java:logGet(46)) - raft.server.snapshot.retention.file.num = 5 (custom)
2023-05-04 20:14:02,597 [pool-345-thread-1] INFO  server.RaftServerConfigKeys (ConfUtils.java:logGet(46)) - raft.server.log.purge.upto.snapshot.index = false (default)
2023-05-04 20:14:02,597 [pool-319-thread-1] INFO  server.RaftServer$Division (RaftServerImpl.java:<init>(195)) - 14e688c6-03f0-4578-94be-4c0bf8f01127: new RaftServerImpl for group-F35E2D3C19FB:[b4df0636-e8ba-4aa2-9ff9-49534f1768bf|rpc:10.1.0.20:42357|dataStream:10.1.0.20:43847|priority:0|startupRole:FOLLOWER, 7e411c01-6998-40d0-b507-5d7903264b15|rpc:10.1.0.20:37977|dataStream:10.1.0.20:36461|priority:1|startupRole:FOLLOWER, 14e688c6-03f0-4578-94be-4c0bf8f01127|rpc:10.1.0.20:44235|dataStream:10.1.0.20:44165|priority:0|startupRole:FOLLOWER] with ContainerStateMachine:uninitialized
2023-05-04 20:14:02,597 [pool-319-thread-1] INFO  server.RaftServerConfigKeys (ConfUtils.java:logGet(46)) - raft.server.rpc.timeout.min = 5s (custom)
2023-05-04 20:14:02,597 [pool-319-thread-1] INFO  server.RaftServerConfigKeys (ConfUtils.java:logGet(46)) - raft.server.rpc.timeout.max = 5200ms (custom)
2023-05-04 20:14:02,597 [pool-319-thread-1] INFO  server.RaftServerConfigKeys (ConfUtils.java:logGet(46)) - raft.server.rpc.sleep.time = 25ms (default)
2023-05-04 20:14:02,597 [pool-319-thread-1] INFO  server.RaftServerConfigKeys (ConfUtils.java:logGet(46)) - raft.server.rpc.slowness.timeout = 300s (custom)
2023-05-04 20:14:02,597 [pool-319-thread-1] INFO  server.RaftServerConfigKeys (ConfUtils.java:logGet(46)) - raft.server.leaderelection.leader.step-down.wait-time = 10s (default)
2023-05-04 20:14:02,597 [pool-319-thread-1] INFO  server.RaftServerConfigKeys (ConfUtils.java:logGet(46)) - raft.server.sleep.deviation.threshold = 300ms (default)
2023-05-04 20:14:02,598 [pool-319-thread-1] INFO  server.RaftServer$Division (ServerState.java:<init>(118)) - 14e688c6-03f0-4578-94be-4c0bf8f01127@group-F35E2D3C19FB: ConfigurationManager, init=-1: peers:[b4df0636-e8ba-4aa2-9ff9-49534f1768bf|rpc:10.1.0.20:42357|dataStream:10.1.0.20:43847|priority:0|startupRole:FOLLOWER, 7e411c01-6998-40d0-b507-5d7903264b15|rpc:10.1.0.20:37977|dataStream:10.1.0.20:36461|priority:1|startupRole:FOLLOWER, 14e688c6-03f0-4578-94be-4c0bf8f01127|rpc:10.1.0.20:44235|dataStream:10.1.0.20:44165|priority:0|startupRole:FOLLOWER]|listeners:[], old=null, confs=<EMPTY_MAP>
2023-05-04 20:14:02,598 [b4df0636-e8ba-4aa2-9ff9-49534f1768bf@group-BFA1CA1B2DE3-FollowerState] INFO  server.RaftServerConfigKeys (ConfUtils.java:logFallback(53)) - raft.server.rpc.first-election.timeout.min = 5s (fallback to raft.server.rpc.timeout.min)
2023-05-04 20:14:02,598 [pool-319-thread-1] INFO  server.RaftServerConfigKeys (ConfUtils.java:logGet(46)) - raft.server.storage.dir = [/home/runner/work/ozone/ozone/hadoop-ozone/integration-test/target/test-dir/MiniOzoneClusterImpl-3ff5bc89-9620-4d46-84f6-68e3c2a3a822/datanode-10/data/ratis] (custom)
2023-05-04 20:14:02,598 [pool-319-thread-1] INFO  server.RaftServerConfigKeys (ConfUtils.java:logGet(46)) - raft.server.log.corruption.policy = EXCEPTION (default)
2023-05-04 20:14:02,598 [pool-319-thread-1] INFO  server.RaftServerConfigKeys (ConfUtils.java:logGet(46)) - raft.server.storage.free-space.min = 0MB (=0) (default)
2023-05-04 20:14:02,598 [grpc-default-executor-0] INFO  server.RaftServer (RaftServerProxy.java:addNew(96)) - b4df0636-e8ba-4aa2-9ff9-49534f1768bf: addNew group-F35E2D3C19FB:[b4df0636-e8ba-4aa2-9ff9-49534f1768bf|rpc:10.1.0.20:42357|dataStream:10.1.0.20:43847|priority:0|startupRole:FOLLOWER, 7e411c01-6998-40d0-b507-5d7903264b15|rpc:10.1.0.20:37977|dataStream:10.1.0.20:36461|priority:1|startupRole:FOLLOWER, 14e688c6-03f0-4578-94be-4c0bf8f01127|rpc:10.1.0.20:44235|dataStream:10.1.0.20:44165|priority:0|startupRole:FOLLOWER] returns group-F35E2D3C19FB:java.util.concurrent.CompletableFuture@53cdbbbb[Not completed]
2023-05-04 20:14:02,598 [pool-319-thread-1] INFO  server.RaftServerConfigKeys (ConfUtils.java:logGet(46)) - raft.server.notification.no-leader.timeout = 300s (custom)
2023-05-04 20:14:02,599 [pool-319-thread-1] INFO  server.RaftServerConfigKeys (ConfUtils.java:logGet(46)) - raft.server.retrycache.expirytime = 600000ms (custom)
2023-05-04 20:14:02,599 [pool-319-thread-1] INFO  server.RaftServerConfigKeys (ConfUtils.java:logGet(46)) - raft.server.retrycache.statistics.expirytime = 100μs (default)
2023-05-04 20:14:02,599 [pool-319-thread-1] INFO  server.RaftServerConfigKeys (ConfUtils.java:logGet(46)) - raft.server.log.appender.install.snapshot.enabled = false (custom)
2023-05-04 20:14:02,599 [pool-319-thread-1] INFO  server.RaftServerConfigKeys (ConfUtils.java:logGet(46)) - raft.server.threadpool.server.cached = true (default)
2023-05-04 20:14:02,599 [pool-319-thread-1] INFO  server.RaftServerConfigKeys (ConfUtils.java:logGet(46)) - raft.server.threadpool.server.size = 0 (default)
2023-05-04 20:14:02,600 [pool-319-thread-1] INFO  server.RaftServerConfigKeys (ConfUtils.java:logGet(46)) - raft.server.threadpool.client.cached = true (default)
2023-05-04 20:14:02,600 [pool-319-thread-1] INFO  server.RaftServerConfigKeys (ConfUtils.java:logGet(46)) - raft.server.threadpool.client.size = 0 (default)
2023-05-04 20:14:02,600 [pool-319-thread-1] INFO  storage.RaftStorageDirectory (RaftStorageDirectoryImpl.java:analyzeStorage(137)) - The storage directory /home/runner/work/ozone/ozone/hadoop-ozone/integration-test/target/test-dir/MiniOzoneClusterImpl-3ff5bc89-9620-4d46-84f6-68e3c2a3a822/datanode-10/data/ratis/d57e77f3-5ed3-4048-b624-f35e2d3c19fb does not exist. Creating ...
2023-05-04 20:14:02,598 [b4df0636-e8ba-4aa2-9ff9-49534f1768bf@group-BFA1CA1B2DE3-FollowerState] INFO  server.RaftServerConfigKeys (ConfUtils.java:logFallback(53)) - raft.server.rpc.first-election.timeout.max = 5200ms (fallback to raft.server.rpc.timeout.max)
2023-05-04 20:14:02,601 [pool-345-thread-1] INFO  server.RaftServer$Division (RaftServerImpl.java:<init>(195)) - b4df0636-e8ba-4aa2-9ff9-49534f1768bf: new RaftServerImpl for group-F35E2D3C19FB:[b4df0636-e8ba-4aa2-9ff9-49534f1768bf|rpc:10.1.0.20:42357|dataStream:10.1.0.20:43847|priority:0|startupRole:FOLLOWER, 7e411c01-6998-40d0-b507-5d7903264b15|rpc:10.1.0.20:37977|dataStream:10.1.0.20:36461|priority:1|startupRole:FOLLOWER, 14e688c6-03f0-4578-94be-4c0bf8f01127|rpc:10.1.0.20:44235|dataStream:10.1.0.20:44165|priority:0|startupRole:FOLLOWER] with ContainerStateMachine:uninitialized
2023-05-04 20:14:02,601 [pool-345-thread-1] INFO  server.RaftServerConfigKeys (ConfUtils.java:logGet(46)) - raft.server.rpc.timeout.min = 5s (custom)
2023-05-04 20:14:02,601 [pool-345-thread-1] INFO  server.RaftServerConfigKeys (ConfUtils.java:logGet(46)) - raft.server.rpc.timeout.max = 5200ms (custom)
2023-05-04 20:14:02,601 [pool-345-thread-1] INFO  server.RaftServerConfigKeys (ConfUtils.java:logGet(46)) - raft.server.rpc.sleep.time = 25ms (default)
2023-05-04 20:14:02,601 [pool-345-thread-1] INFO  server.RaftServerConfigKeys (ConfUtils.java:logGet(46)) - raft.server.rpc.slowness.timeout = 300s (custom)
2023-05-04 20:14:02,601 [pool-345-thread-1] INFO  server.RaftServerConfigKeys (ConfUtils.java:logGet(46)) - raft.server.leaderelection.leader.step-down.wait-time = 10s (default)
2023-05-04 20:14:02,601 [pool-345-thread-1] INFO  server.RaftServerConfigKeys (ConfUtils.java:logGet(46)) - raft.server.sleep.deviation.threshold = 300ms (default)
2023-05-04 20:14:02,601 [pool-345-thread-1] INFO  server.RaftServer$Division (ServerState.java:<init>(118)) - b4df0636-e8ba-4aa2-9ff9-49534f1768bf@group-F35E2D3C19FB: ConfigurationManager, init=-1: peers:[b4df0636-e8ba-4aa2-9ff9-49534f1768bf|rpc:10.1.0.20:42357|dataStream:10.1.0.20:43847|priority:0|startupRole:FOLLOWER, 7e411c01-6998-40d0-b507-5d7903264b15|rpc:10.1.0.20:37977|dataStream:10.1.0.20:36461|priority:1|startupRole:FOLLOWER, 14e688c6-03f0-4578-94be-4c0bf8f01127|rpc:10.1.0.20:44235|dataStream:10.1.0.20:44165|priority:0|startupRole:FOLLOWER]|listeners:[], old=null, confs=<EMPTY_MAP>
2023-05-04 20:14:02,601 [pool-345-thread-1] INFO  server.RaftServerConfigKeys (ConfUtils.java:logGet(46)) - raft.server.storage.dir = [/home/runner/work/ozone/ozone/hadoop-ozone/integration-test/target/test-dir/MiniOzoneClusterImpl-3ff5bc89-9620-4d46-84f6-68e3c2a3a822/datanode-11/data/ratis] (custom)
2023-05-04 20:14:02,601 [pool-345-thread-1] INFO  server.RaftServerConfigKeys (ConfUtils.java:logGet(46)) - raft.server.log.corruption.policy = EXCEPTION (default)
2023-05-04 20:14:02,601 [pool-345-thread-1] INFO  server.RaftServerConfigKeys (ConfUtils.java:logGet(46)) - raft.server.storage.free-space.min = 0MB (=0) (default)
2023-05-04 20:14:02,601 [pool-345-thread-1] INFO  server.RaftServerConfigKeys (ConfUtils.java:logGet(46)) - raft.server.notification.no-leader.timeout = 300s (custom)
2023-05-04 20:14:02,602 [pool-345-thread-1] INFO  server.RaftServerConfigKeys (ConfUtils.java:logGet(46)) - raft.server.retrycache.expirytime = 600000ms (custom)
2023-05-04 20:14:02,602 [pool-345-thread-1] INFO  server.RaftServerConfigKeys (ConfUtils.java:logGet(46)) - raft.server.retrycache.statistics.expirytime = 100μs (default)
2023-05-04 20:14:02,602 [Command processor thread] INFO  ratis.XceiverServerRatis (XceiverServerRatis.java:addGroup(806)) - Created group PipelineID=0f7c704f-42eb-458f-9516-bfa1ca1b2de3
2023-05-04 20:14:02,602 [Command processor thread] INFO  commandhandler.CreatePipelineCommandHandler (CreatePipelineCommandHandler.java:handle(113)) - Created Pipeline RATIS ONE PipelineID=0f7c704f-42eb-458f-9516-bfa1ca1b2de3.
2023-05-04 20:14:02,603 [pool-319-thread-1] INFO  storage.RaftStorageDirectory (RaftStorageDirectoryImpl.java:tryLock(231)) - Lock on /home/runner/work/ozone/ozone/hadoop-ozone/integration-test/target/test-dir/MiniOzoneClusterImpl-3ff5bc89-9620-4d46-84f6-68e3c2a3a822/datanode-10/data/ratis/d57e77f3-5ed3-4048-b624-f35e2d3c19fb/in_use.lock acquired by nodename 25037@fv-az804-457
2023-05-04 20:14:02,604 [pool-319-thread-1] INFO  storage.RaftStorage (RaftStorageImpl.java:format(96)) - Storage directory /home/runner/work/ozone/ozone/hadoop-ozone/integration-test/target/test-dir/MiniOzoneClusterImpl-3ff5bc89-9620-4d46-84f6-68e3c2a3a822/datanode-10/data/ratis/d57e77f3-5ed3-4048-b624-f35e2d3c19fb has been successfully formatted.
2023-05-04 20:14:02,605 [pool-319-thread-1] INFO  ratis.ContainerStateMachine (ContainerStateMachine.java:loadSnapshot(262)) - group-F35E2D3C19FB: The snapshot info is null. Setting the last applied indexto:(t:0, i:~)
2023-05-04 20:14:02,605 [pool-319-thread-1] INFO  server.RaftServerConfigKeys (ConfUtils.java:logGet(46)) - raft.server.log.use.memory = false (default)
2023-05-04 20:14:02,605 [pool-319-thread-1] INFO  server.RaftServerConfigKeys (ConfUtils.java:logGet(46)) - raft.server.log.purge.gap = 1000000 (custom)
2023-05-04 20:14:02,605 [pool-319-thread-1] INFO  server.RaftServerConfigKeys (ConfUtils.java:logGet(46)) - raft.server.log.appender.buffer.byte-limit = 33554432 (custom)
2023-05-04 20:14:02,605 [pool-319-thread-1] INFO  server.RaftServerConfigKeys (ConfUtils.java:logGet(46)) - raft.server.log.statemachine.data.read.timeout = 1000ms (default)
2023-05-04 20:14:02,605 [pool-319-thread-1] INFO  server.RaftServerConfigKeys (ConfUtils.java:logGet(46)) - raft.server.log.purge.preservation.log.num = 0 (default)
2023-05-04 20:14:02,605 [pool-319-thread-1] INFO  server.RaftServerConfigKeys (ConfUtils.java:logGet(46)) - raft.server.log.segment.size.max = 1048576 (custom)
2023-05-04 20:14:02,605 [pool-319-thread-1] INFO  server.RaftServerConfigKeys (ConfUtils.java:logGet(46)) - raft.server.log.segment.cache.num.max = 2 (custom)
2023-05-04 20:14:02,605 [pool-319-thread-1] INFO  server.RaftServerConfigKeys (ConfUtils.java:logGet(46)) - raft.server.log.segment.cache.size.max = 200MB (=209715200) (default)
2023-05-04 20:14:02,605 [pool-319-thread-1] INFO  segmented.SegmentedRaftLogWorker (SegmentedRaftLogWorker.java:<init>(189)) - new 14e688c6-03f0-4578-94be-4c0bf8f01127@group-F35E2D3C19FB-SegmentedRaftLogWorker for RaftStorageImpl:Storage Directory /home/runner/work/ozone/ozone/hadoop-ozone/integration-test/target/test-dir/MiniOzoneClusterImpl-3ff5bc89-9620-4d46-84f6-68e3c2a3a822/datanode-10/data/ratis/d57e77f3-5ed3-4048-b624-f35e2d3c19fb
2023-05-04 20:14:02,605 [pool-319-thread-1] INFO  server.RaftServerConfigKeys (ConfUtils.java:logGet(46)) - raft.server.log.queue.byte-limit = 4294967296 (custom)
2023-05-04 20:14:02,605 [pool-319-thread-1] INFO  server.RaftServerConfigKeys (ConfUtils.java:logGet(46)) - raft.server.log.queue.element-limit = 1024 (custom)
2023-05-04 20:14:02,605 [pool-319-thread-1] INFO  server.RaftServerConfigKeys (ConfUtils.java:logGet(46)) - raft.server.log.segment.size.max = 1048576 (custom)
2023-05-04 20:14:02,605 [pool-319-thread-1] INFO  server.RaftServerConfigKeys (ConfUtils.java:logGet(46)) - raft.server.log.preallocated.size = 16384 (custom)
2023-05-04 20:14:02,606 [pool-319-thread-1] INFO  server.RaftServerConfigKeys (ConfUtils.java:logGet(46)) - raft.server.log.force.sync.num = 128 (default)
2023-05-04 20:14:02,606 [pool-319-thread-1] INFO  server.RaftServerConfigKeys (ConfUtils.java:logGet(46)) - raft.server.log.statemachine.data.sync = true (default)
2023-05-04 20:14:02,606 [pool-319-thread-1] INFO  server.RaftServerConfigKeys (ConfUtils.java:logGet(46)) - raft.server.log.statemachine.data.sync.timeout = 10s (default)
2023-05-04 20:14:02,606 [pool-319-thread-1] INFO  server.RaftServerConfigKeys (ConfUtils.java:logGet(46)) - raft.server.log.statemachine.data.sync.timeout.retry = -1 (default)
2023-05-04 20:14:02,606 [EventQueue-PipelineReportForPipelineReportHandler] INFO  pipeline.PipelineManagerImpl (PipelineManagerImpl.java:openPipeline(367)) - Pipeline Pipeline[ Id: 0f7c704f-42eb-458f-9516-bfa1ca1b2de3, Nodes: b4df0636-e8ba-4aa2-9ff9-49534f1768bf(fv-az804-457.cvtsq3ctpw5ehehiek0yp1ke0c.cx.internal.cloudapp.net/10.1.0.20), ReplicationConfig: RATIS/ONE, State:ALLOCATED, leaderId:b4df0636-e8ba-4aa2-9ff9-49534f1768bf, CreationTimestamp2023-05-04T20:13:59.490Z[Etc/UTC]] moved to OPEN state
2023-05-04 20:14:02,607 [EventQueue-OpenPipelineForHealthyPipelineSafeModeRule] INFO  safemode.SCMSafeModeManager (HealthyPipelineSafeModeRule.java:process(137)) - SCM in safe mode. Healthy pipelines reported count is 0, required healthy pipeline reported count is 1
2023-05-04 20:14:02,608 [EventQueue-OpenPipelineForHealthyPipelineSafeModeRule] INFO  safemode.SCMSafeModeManager (HealthyPipelineSafeModeRule.java:process(137)) - SCM in safe mode. Healthy pipelines reported count is 0, required healthy pipeline reported count is 1
2023-05-04 20:14:02,609 [pool-319-thread-1] INFO  server.RaftServerConfigKeys (ConfUtils.java:logGet(46)) - raft.server.log.write.buffer.size = 1048576 (custom)
2023-05-04 20:14:02,609 [pool-319-thread-1] INFO  server.RaftServerConfigKeys (ConfUtils.java:logGet(46)) - raft.server.log.appender.buffer.byte-limit = 33554432 (custom)
2023-05-04 20:14:02,614 [pool-345-thread-1] INFO  server.RaftServerConfigKeys (ConfUtils.java:logGet(46)) - raft.server.log.appender.install.snapshot.enabled = false (custom)
2023-05-04 20:14:02,614 [pool-345-thread-1] INFO  server.RaftServerConfigKeys (ConfUtils.java:logGet(46)) - raft.server.threadpool.server.cached = true (default)
2023-05-04 20:14:02,614 [pool-345-thread-1] INFO  server.RaftServerConfigKeys (ConfUtils.java:logGet(46)) - raft.server.threadpool.server.size = 0 (default)
2023-05-04 20:14:02,614 [pool-345-thread-1] INFO  server.RaftServerConfigKeys (ConfUtils.java:logGet(46)) - raft.server.threadpool.client.cached = true (default)
2023-05-04 20:14:02,614 [pool-345-thread-1] INFO  server.RaftServerConfigKeys (ConfUtils.java:logGet(46)) - raft.server.threadpool.client.size = 0 (default)
2023-05-04 20:14:02,615 [pool-345-thread-1] INFO  storage.RaftStorageDirectory (RaftStorageDirectoryImpl.java:analyzeStorage(137)) - The storage directory /home/runner/work/ozone/ozone/hadoop-ozone/integration-test/target/test-dir/MiniOzoneClusterImpl-3ff5bc89-9620-4d46-84f6-68e3c2a3a822/datanode-11/data/ratis/d57e77f3-5ed3-4048-b624-f35e2d3c19fb does not exist. Creating ...
2023-05-04 20:14:02,615 [pool-319-thread-1] INFO  server.RaftServerConfigKeys (ConfUtils.java:logGet(46)) - raft.server.log.unsafe-flush.enabled = false (default)
2023-05-04 20:14:02,615 [pool-319-thread-1] INFO  server.RaftServerConfigKeys (ConfUtils.java:logGet(46)) - raft.server.log.async-flush.enabled = false (default)
2023-05-04 20:14:02,615 [pool-319-thread-1] INFO  server.RaftServerConfigKeys (ConfUtils.java:logGet(46)) - raft.server.log.statemachine.data.caching.enabled = true (custom)
2023-05-04 20:14:02,616 [pool-345-thread-1] INFO  storage.RaftStorageDirectory (RaftStorageDirectoryImpl.java:tryLock(231)) - Lock on /home/runner/work/ozone/ozone/hadoop-ozone/integration-test/target/test-dir/MiniOzoneClusterImpl-3ff5bc89-9620-4d46-84f6-68e3c2a3a822/datanode-11/data/ratis/d57e77f3-5ed3-4048-b624-f35e2d3c19fb/in_use.lock acquired by nodename 25037@fv-az804-457
2023-05-04 20:14:02,618 [pool-319-thread-1] INFO  segmented.SegmentedRaftLogWorker (SegmentedRaftLogWorker.java:lambda$new$0(135)) - 14e688c6-03f0-4578-94be-4c0bf8f01127@group-F35E2D3C19FB-SegmentedRaftLogWorker: flushIndex: setUnconditionally 0 -> -1
2023-05-04 20:14:02,618 [pool-319-thread-1] INFO  segmented.SegmentedRaftLogWorker (SegmentedRaftLogWorker.java:lambda$new$0(135)) - 14e688c6-03f0-4578-94be-4c0bf8f01127@group-F35E2D3C19FB-SegmentedRaftLogWorker: safeCacheEvictIndex: setUnconditionally 0 -> -1
2023-05-04 20:14:02,618 [pool-319-thread-1] INFO  server.RaftServer$Division (RaftServerImpl.java:start(334)) - 14e688c6-03f0-4578-94be-4c0bf8f01127@group-F35E2D3C19FB: start as a follower, conf=-1: peers:[b4df0636-e8ba-4aa2-9ff9-49534f1768bf|rpc:10.1.0.20:42357|dataStream:10.1.0.20:43847|priority:0|startupRole:FOLLOWER, 7e411c01-6998-40d0-b507-5d7903264b15|rpc:10.1.0.20:37977|dataStream:10.1.0.20:36461|priority:1|startupRole:FOLLOWER, 14e688c6-03f0-4578-94be-4c0bf8f01127|rpc:10.1.0.20:44235|dataStream:10.1.0.20:44165|priority:0|startupRole:FOLLOWER]|listeners:[], old=null
2023-05-04 20:14:02,618 [pool-319-thread-1] INFO  server.RaftServer$Division (RaftServerImpl.java:setRole(321)) - 14e688c6-03f0-4578-94be-4c0bf8f01127@group-F35E2D3C19FB: changes role from      null to FOLLOWER at term 0 for startAsFollower
2023-05-04 20:14:02,618 [pool-319-thread-1] INFO  impl.RoleInfo (RoleInfo.java:updateAndGet(139)) - 14e688c6-03f0-4578-94be-4c0bf8f01127: start 14e688c6-03f0-4578-94be-4c0bf8f01127@group-F35E2D3C19FB-FollowerState
2023-05-04 20:14:02,619 [pool-345-thread-1] INFO  storage.RaftStorage (RaftStorageImpl.java:format(96)) - Storage directory /home/runner/work/ozone/ozone/hadoop-ozone/integration-test/target/test-dir/MiniOzoneClusterImpl-3ff5bc89-9620-4d46-84f6-68e3c2a3a822/datanode-11/data/ratis/d57e77f3-5ed3-4048-b624-f35e2d3c19fb has been successfully formatted.
2023-05-04 20:14:02,622 [pool-319-thread-1] INFO  util.JmxRegister (JmxRegister.java:tryRegister(44)) - Successfully registered JMX Bean with object name Ratis:service=RaftServer,group=group-F35E2D3C19FB,id=14e688c6-03f0-4578-94be-4c0bf8f01127
2023-05-04 20:14:02,622 [pool-319-thread-1] INFO  server.RaftServerConfigKeys (ConfUtils.java:logGet(46)) - raft.server.snapshot.auto.trigger.enabled = true (custom)
2023-05-04 20:14:02,622 [pool-319-thread-1] INFO  server.RaftServerConfigKeys (ConfUtils.java:logGet(46)) - raft.server.snapshot.auto.trigger.threshold = 10000 (custom)
2023-05-04 20:14:02,622 [pool-319-thread-1] INFO  server.RaftServerConfigKeys (ConfUtils.java:logGet(46)) - raft.server.snapshot.retention.file.num = 5 (custom)
2023-05-04 20:14:02,622 [pool-319-thread-1] INFO  server.RaftServerConfigKeys (ConfUtils.java:logGet(46)) - raft.server.log.purge.upto.snapshot.index = false (default)
2023-05-04 20:14:02,623 [14e688c6-03f0-4578-94be-4c0bf8f01127@group-F35E2D3C19FB-FollowerState] INFO  server.RaftServerConfigKeys (ConfUtils.java:logFallback(53)) - raft.server.rpc.first-election.timeout.min = 5s (fallback to raft.server.rpc.timeout.min)
2023-05-04 20:14:02,623 [14e688c6-03f0-4578-94be-4c0bf8f01127@group-F35E2D3C19FB-FollowerState] INFO  server.RaftServerConfigKeys (ConfUtils.java:logFallback(53)) - raft.server.rpc.first-election.timeout.max = 5200ms (fallback to raft.server.rpc.timeout.max)
2023-05-04 20:14:02,623 [pool-345-thread-1] INFO  ratis.ContainerStateMachine (ContainerStateMachine.java:loadSnapshot(262)) - group-F35E2D3C19FB: The snapshot info is null. Setting the last applied indexto:(t:0, i:~)
2023-05-04 20:14:02,623 [pool-345-thread-1] INFO  server.RaftServerConfigKeys (ConfUtils.java:logGet(46)) - raft.server.log.use.memory = false (default)
2023-05-04 20:14:02,623 [pool-345-thread-1] INFO  server.RaftServerConfigKeys (ConfUtils.java:logGet(46)) - raft.server.log.purge.gap = 1000000 (custom)
2023-05-04 20:14:02,623 [pool-345-thread-1] INFO  server.RaftServerConfigKeys (ConfUtils.java:logGet(46)) - raft.server.log.appender.buffer.byte-limit = 33554432 (custom)
2023-05-04 20:14:02,623 [pool-345-thread-1] INFO  server.RaftServerConfigKeys (ConfUtils.java:logGet(46)) - raft.server.log.statemachine.data.read.timeout = 1000ms (default)
2023-05-04 20:14:02,623 [pool-345-thread-1] INFO  server.RaftServerConfigKeys (ConfUtils.java:logGet(46)) - raft.server.log.purge.preservation.log.num = 0 (default)
2023-05-04 20:14:02,624 [pool-345-thread-1] INFO  server.RaftServerConfigKeys (ConfUtils.java:logGet(46)) - raft.server.log.segment.size.max = 1048576 (custom)
2023-05-04 20:14:02,624 [pool-345-thread-1] INFO  server.RaftServerConfigKeys (ConfUtils.java:logGet(46)) - raft.server.log.segment.cache.num.max = 2 (custom)
2023-05-04 20:14:02,624 [pool-345-thread-1] INFO  server.RaftServerConfigKeys (ConfUtils.java:logGet(46)) - raft.server.log.segment.cache.size.max = 200MB (=209715200) (default)
2023-05-04 20:14:02,624 [pool-345-thread-1] INFO  segmented.SegmentedRaftLogWorker (SegmentedRaftLogWorker.java:<init>(189)) - new b4df0636-e8ba-4aa2-9ff9-49534f1768bf@group-F35E2D3C19FB-SegmentedRaftLogWorker for RaftStorageImpl:Storage Directory /home/runner/work/ozone/ozone/hadoop-ozone/integration-test/target/test-dir/MiniOzoneClusterImpl-3ff5bc89-9620-4d46-84f6-68e3c2a3a822/datanode-11/data/ratis/d57e77f3-5ed3-4048-b624-f35e2d3c19fb
2023-05-04 20:14:02,624 [pool-345-thread-1] INFO  server.RaftServerConfigKeys (ConfUtils.java:logGet(46)) - raft.server.log.queue.byte-limit = 4294967296 (custom)
2023-05-04 20:14:02,624 [pool-345-thread-1] INFO  server.RaftServerConfigKeys (ConfUtils.java:logGet(46)) - raft.server.log.queue.element-limit = 1024 (custom)
2023-05-04 20:14:02,624 [pool-345-thread-1] INFO  server.RaftServerConfigKeys (ConfUtils.java:logGet(46)) - raft.server.log.segment.size.max = 1048576 (custom)
2023-05-04 20:14:02,624 [pool-345-thread-1] INFO  server.RaftServerConfigKeys (ConfUtils.java:logGet(46)) - raft.server.log.preallocated.size = 16384 (custom)
2023-05-04 20:14:02,624 [pool-345-thread-1] INFO  server.RaftServerConfigKeys (ConfUtils.java:logGet(46)) - raft.server.log.force.sync.num = 128 (default)
2023-05-04 20:14:02,624 [pool-345-thread-1] INFO  server.RaftServerConfigKeys (ConfUtils.java:logGet(46)) - raft.server.log.statemachine.data.sync = true (default)
2023-05-04 20:14:02,624 [pool-345-thread-1] INFO  server.RaftServerConfigKeys (ConfUtils.java:logGet(46)) - raft.server.log.statemachine.data.sync.timeout = 10s (default)
2023-05-04 20:14:02,624 [pool-345-thread-1] INFO  server.RaftServerConfigKeys (ConfUtils.java:logGet(46)) - raft.server.log.statemachine.data.sync.timeout.retry = -1 (default)
2023-05-04 20:14:02,625 [pool-345-thread-1] INFO  server.RaftServerConfigKeys (ConfUtils.java:logGet(46)) - raft.server.log.write.buffer.size = 1048576 (custom)
2023-05-04 20:14:02,626 [pool-345-thread-1] INFO  server.RaftServerConfigKeys (ConfUtils.java:logGet(46)) - raft.server.log.appender.buffer.byte-limit = 33554432 (custom)
2023-05-04 20:14:02,626 [Command processor thread] INFO  ratis.XceiverServerRatis (XceiverServerRatis.java:addGroup(806)) - Created group PipelineID=d57e77f3-5ed3-4048-b624-f35e2d3c19fb
2023-05-04 20:14:02,632 [EventQueue-OpenPipelineForHealthyPipelineSafeModeRule] INFO  safemode.SCMSafeModeManager (HealthyPipelineSafeModeRule.java:process(137)) - SCM in safe mode. Healthy pipelines reported count is 0, required healthy pipeline reported count is 1
2023-05-04 20:14:02,645 [pool-345-thread-1] INFO  server.RaftServerConfigKeys (ConfUtils.java:logGet(46)) - raft.server.log.unsafe-flush.enabled = false (default)
2023-05-04 20:14:02,646 [pool-345-thread-1] INFO  server.RaftServerConfigKeys (ConfUtils.java:logGet(46)) - raft.server.log.async-flush.enabled = false (default)
2023-05-04 20:14:02,646 [pool-345-thread-1] INFO  server.RaftServerConfigKeys (ConfUtils.java:logGet(46)) - raft.server.log.statemachine.data.caching.enabled = true (custom)
2023-05-04 20:14:02,646 [pool-345-thread-1] INFO  segmented.SegmentedRaftLogWorker (SegmentedRaftLogWorker.java:lambda$new$0(135)) - b4df0636-e8ba-4aa2-9ff9-49534f1768bf@group-F35E2D3C19FB-SegmentedRaftLogWorker: flushIndex: setUnconditionally 0 -> -1
2023-05-04 20:14:02,646 [pool-345-thread-1] INFO  segmented.SegmentedRaftLogWorker (SegmentedRaftLogWorker.java:lambda$new$0(135)) - b4df0636-e8ba-4aa2-9ff9-49534f1768bf@group-F35E2D3C19FB-SegmentedRaftLogWorker: safeCacheEvictIndex: setUnconditionally 0 -> -1
2023-05-04 20:14:02,649 [pool-345-thread-1] INFO  server.RaftServer$Division (RaftServerImpl.java:start(334)) - b4df0636-e8ba-4aa2-9ff9-49534f1768bf@group-F35E2D3C19FB: start as a follower, conf=-1: peers:[b4df0636-e8ba-4aa2-9ff9-49534f1768bf|rpc:10.1.0.20:42357|dataStream:10.1.0.20:43847|priority:0|startupRole:FOLLOWER, 7e411c01-6998-40d0-b507-5d7903264b15|rpc:10.1.0.20:37977|dataStream:10.1.0.20:36461|priority:1|startupRole:FOLLOWER, 14e688c6-03f0-4578-94be-4c0bf8f01127|rpc:10.1.0.20:44235|dataStream:10.1.0.20:44165|priority:0|startupRole:FOLLOWER]|listeners:[], old=null
2023-05-04 20:14:02,649 [pool-345-thread-1] INFO  server.RaftServer$Division (RaftServerImpl.java:setRole(321)) - b4df0636-e8ba-4aa2-9ff9-49534f1768bf@group-F35E2D3C19FB: changes role from      null to FOLLOWER at term 0 for startAsFollower
2023-05-04 20:14:02,649 [pool-345-thread-1] INFO  impl.RoleInfo (RoleInfo.java:updateAndGet(139)) - b4df0636-e8ba-4aa2-9ff9-49534f1768bf: start b4df0636-e8ba-4aa2-9ff9-49534f1768bf@group-F35E2D3C19FB-FollowerState
2023-05-04 20:14:02,651 [pool-345-thread-1] INFO  util.JmxRegister (JmxRegister.java:tryRegister(44)) - Successfully registered JMX Bean with object name Ratis:service=RaftServer,group=group-F35E2D3C19FB,id=b4df0636-e8ba-4aa2-9ff9-49534f1768bf
2023-05-04 20:14:02,651 [pool-345-thread-1] INFO  server.RaftServerConfigKeys (ConfUtils.java:logGet(46)) - raft.server.snapshot.auto.trigger.enabled = true (custom)
2023-05-04 20:14:02,651 [pool-345-thread-1] INFO  server.RaftServerConfigKeys (ConfUtils.java:logGet(46)) - raft.server.snapshot.auto.trigger.threshold = 10000 (custom)
2023-05-04 20:14:02,651 [pool-345-thread-1] INFO  server.RaftServerConfigKeys (ConfUtils.java:logGet(46)) - raft.server.snapshot.retention.file.num = 5 (custom)
2023-05-04 20:14:02,651 [pool-345-thread-1] INFO  server.RaftServerConfigKeys (ConfUtils.java:logGet(46)) - raft.server.log.purge.upto.snapshot.index = false (default)
2023-05-04 20:14:02,651 [b4df0636-e8ba-4aa2-9ff9-49534f1768bf@group-F35E2D3C19FB-FollowerState] INFO  server.RaftServerConfigKeys (ConfUtils.java:logFallback(53)) - raft.server.rpc.first-election.timeout.min = 5s (fallback to raft.server.rpc.timeout.min)
2023-05-04 20:14:02,651 [b4df0636-e8ba-4aa2-9ff9-49534f1768bf@group-F35E2D3C19FB-FollowerState] INFO  server.RaftServerConfigKeys (ConfUtils.java:logFallback(53)) - raft.server.rpc.first-election.timeout.max = 5200ms (fallback to raft.server.rpc.timeout.max)
2023-05-04 20:14:02,686 [Command processor thread] INFO  commandhandler.CreatePipelineCommandHandler (CreatePipelineCommandHandler.java:handle(113)) - Created Pipeline RATIS THREE PipelineID=d57e77f3-5ed3-4048-b624-f35e2d3c19fb.
2023-05-04 20:14:02,688 [Command processor thread] INFO  commandhandler.CreatePipelineCommandHandler (CreatePipelineCommandHandler.java:handle(113)) - Created Pipeline RATIS THREE PipelineID=d57e77f3-5ed3-4048-b624-f35e2d3c19fb.
2023-05-04 20:14:02,944 [Command processor thread] INFO  server.RaftServer (RaftServerProxy.java:addNew(96)) - 4fbe5812-23fe-4964-8001-699203e4df4b: addNew group-521CD7C40EF4:[4fbe5812-23fe-4964-8001-699203e4df4b|rpc:10.1.0.20:46327|dataStream:10.1.0.20:36187|priority:1|startupRole:FOLLOWER] returns group-521CD7C40EF4:java.util.concurrent.CompletableFuture@6bfaa98c[Not completed]
2023-05-04 20:14:02,945 [pool-371-thread-1] INFO  server.RaftServer$Division (RaftServerImpl.java:<init>(195)) - 4fbe5812-23fe-4964-8001-699203e4df4b: new RaftServerImpl for group-521CD7C40EF4:[4fbe5812-23fe-4964-8001-699203e4df4b|rpc:10.1.0.20:46327|dataStream:10.1.0.20:36187|priority:1|startupRole:FOLLOWER] with ContainerStateMachine:uninitialized
2023-05-04 20:14:02,945 [pool-371-thread-1] INFO  server.RaftServerConfigKeys (ConfUtils.java:logGet(46)) - raft.server.rpc.timeout.min = 5s (custom)
2023-05-04 20:14:02,945 [pool-371-thread-1] INFO  server.RaftServerConfigKeys (ConfUtils.java:logGet(46)) - raft.server.rpc.timeout.max = 5200ms (custom)
2023-05-04 20:14:02,945 [pool-371-thread-1] INFO  server.RaftServerConfigKeys (ConfUtils.java:logGet(46)) - raft.server.rpc.sleep.time = 25ms (default)
2023-05-04 20:14:02,945 [pool-371-thread-1] INFO  server.RaftServerConfigKeys (ConfUtils.java:logGet(46)) - raft.server.rpc.slowness.timeout = 300s (custom)
2023-05-04 20:14:02,945 [pool-371-thread-1] INFO  server.RaftServerConfigKeys (ConfUtils.java:logGet(46)) - raft.server.leaderelection.leader.step-down.wait-time = 10s (default)
2023-05-04 20:14:02,945 [pool-371-thread-1] INFO  server.RaftServerConfigKeys (ConfUtils.java:logGet(46)) - raft.server.sleep.deviation.threshold = 300ms (default)
2023-05-04 20:14:02,945 [pool-371-thread-1] INFO  server.RaftServer$Division (ServerState.java:<init>(118)) - 4fbe5812-23fe-4964-8001-699203e4df4b@group-521CD7C40EF4: ConfigurationManager, init=-1: peers:[4fbe5812-23fe-4964-8001-699203e4df4b|rpc:10.1.0.20:46327|dataStream:10.1.0.20:36187|priority:1|startupRole:FOLLOWER]|listeners:[], old=null, confs=<EMPTY_MAP>
2023-05-04 20:14:02,945 [pool-371-thread-1] INFO  server.RaftServerConfigKeys (ConfUtils.java:logGet(46)) - raft.server.storage.dir = [/home/runner/work/ozone/ozone/hadoop-ozone/integration-test/target/test-dir/MiniOzoneClusterImpl-3ff5bc89-9620-4d46-84f6-68e3c2a3a822/datanode-12/data/ratis] (custom)
2023-05-04 20:14:02,946 [pool-371-thread-1] INFO  server.RaftServerConfigKeys (ConfUtils.java:logGet(46)) - raft.server.log.corruption.policy = EXCEPTION (default)
2023-05-04 20:14:02,946 [pool-371-thread-1] INFO  server.RaftServerConfigKeys (ConfUtils.java:logGet(46)) - raft.server.storage.free-space.min = 0MB (=0) (default)
2023-05-04 20:14:02,946 [pool-371-thread-1] INFO  server.RaftServerConfigKeys (ConfUtils.java:logGet(46)) - raft.server.notification.no-leader.timeout = 300s (custom)
2023-05-04 20:14:02,946 [pool-371-thread-1] INFO  server.RaftServerConfigKeys (ConfUtils.java:logGet(46)) - raft.server.retrycache.expirytime = 600000ms (custom)
2023-05-04 20:14:02,946 [pool-371-thread-1] INFO  server.RaftServerConfigKeys (ConfUtils.java:logGet(46)) - raft.server.retrycache.statistics.expirytime = 100μs (default)
2023-05-04 20:14:02,947 [pool-371-thread-1] INFO  server.RaftServerConfigKeys (ConfUtils.java:logGet(46)) - raft.server.log.appender.install.snapshot.enabled = false (custom)
2023-05-04 20:14:02,947 [pool-371-thread-1] INFO  server.RaftServerConfigKeys (ConfUtils.java:logGet(46)) - raft.server.threadpool.server.cached = true (default)
2023-05-04 20:14:02,947 [pool-371-thread-1] INFO  server.RaftServerConfigKeys (ConfUtils.java:logGet(46)) - raft.server.threadpool.server.size = 0 (default)
2023-05-04 20:14:02,947 [pool-371-thread-1] INFO  server.RaftServerConfigKeys (ConfUtils.java:logGet(46)) - raft.server.threadpool.client.cached = true (default)
2023-05-04 20:14:02,947 [pool-371-thread-1] INFO  server.RaftServerConfigKeys (ConfUtils.java:logGet(46)) - raft.server.threadpool.client.size = 0 (default)
2023-05-04 20:14:02,947 [pool-371-thread-1] INFO  storage.RaftStorageDirectory (RaftStorageDirectoryImpl.java:analyzeStorage(137)) - The storage directory /home/runner/work/ozone/ozone/hadoop-ozone/integration-test/target/test-dir/MiniOzoneClusterImpl-3ff5bc89-9620-4d46-84f6-68e3c2a3a822/datanode-12/data/ratis/2e762cb1-716c-4104-bac6-521cd7c40ef4 does not exist. Creating ...
2023-05-04 20:14:02,948 [pool-371-thread-1] INFO  storage.RaftStorageDirectory (RaftStorageDirectoryImpl.java:tryLock(231)) - Lock on /home/runner/work/ozone/ozone/hadoop-ozone/integration-test/target/test-dir/MiniOzoneClusterImpl-3ff5bc89-9620-4d46-84f6-68e3c2a3a822/datanode-12/data/ratis/2e762cb1-716c-4104-bac6-521cd7c40ef4/in_use.lock acquired by nodename 25037@fv-az804-457
2023-05-04 20:14:02,949 [pool-371-thread-1] INFO  storage.RaftStorage (RaftStorageImpl.java:format(96)) - Storage directory /home/runner/work/ozone/ozone/hadoop-ozone/integration-test/target/test-dir/MiniOzoneClusterImpl-3ff5bc89-9620-4d46-84f6-68e3c2a3a822/datanode-12/data/ratis/2e762cb1-716c-4104-bac6-521cd7c40ef4 has been successfully formatted.
2023-05-04 20:14:02,951 [pool-371-thread-1] INFO  ratis.ContainerStateMachine (ContainerStateMachine.java:loadSnapshot(262)) - group-521CD7C40EF4: The snapshot info is null. Setting the last applied indexto:(t:0, i:~)
2023-05-04 20:14:02,951 [pool-371-thread-1] INFO  server.RaftServerConfigKeys (ConfUtils.java:logGet(46)) - raft.server.log.use.memory = false (default)
2023-05-04 20:14:02,952 [EventQueue-PipelineReportForPipelineReportHandler] INFO  pipeline.PipelineManagerImpl (PipelineManagerImpl.java:openPipeline(367)) - Pipeline Pipeline[ Id: 2e762cb1-716c-4104-bac6-521cd7c40ef4, Nodes: 4fbe5812-23fe-4964-8001-699203e4df4b(fv-az804-457.cvtsq3ctpw5ehehiek0yp1ke0c.cx.internal.cloudapp.net/10.1.0.20), ReplicationConfig: RATIS/ONE, State:ALLOCATED, leaderId:4fbe5812-23fe-4964-8001-699203e4df4b, CreationTimestamp2023-05-04T20:13:59.944Z[Etc/UTC]] moved to OPEN state
2023-05-04 20:14:02,953 [EventQueue-OpenPipelineForHealthyPipelineSafeModeRule] INFO  safemode.SCMSafeModeManager (HealthyPipelineSafeModeRule.java:process(137)) - SCM in safe mode. Healthy pipelines reported count is 0, required healthy pipeline reported count is 1
2023-05-04 20:14:02,953 [pool-371-thread-1] INFO  server.RaftServerConfigKeys (ConfUtils.java:logGet(46)) - raft.server.log.purge.gap = 1000000 (custom)
2023-05-04 20:14:02,954 [pool-371-thread-1] INFO  server.RaftServerConfigKeys (ConfUtils.java:logGet(46)) - raft.server.log.appender.buffer.byte-limit = 33554432 (custom)
2023-05-04 20:14:02,954 [pool-371-thread-1] INFO  server.RaftServerConfigKeys (ConfUtils.java:logGet(46)) - raft.server.log.statemachine.data.read.timeout = 1000ms (default)
2023-05-04 20:14:02,954 [pool-371-thread-1] INFO  server.RaftServerConfigKeys (ConfUtils.java:logGet(46)) - raft.server.log.purge.preservation.log.num = 0 (default)
2023-05-04 20:14:02,954 [pool-371-thread-1] INFO  server.RaftServerConfigKeys (ConfUtils.java:logGet(46)) - raft.server.log.segment.size.max = 1048576 (custom)
2023-05-04 20:14:02,954 [pool-371-thread-1] INFO  server.RaftServerConfigKeys (ConfUtils.java:logGet(46)) - raft.server.log.segment.cache.num.max = 2 (custom)
2023-05-04 20:14:02,954 [pool-371-thread-1] INFO  server.RaftServerConfigKeys (ConfUtils.java:logGet(46)) - raft.server.log.segment.cache.size.max = 200MB (=209715200) (default)
2023-05-04 20:14:02,954 [pool-371-thread-1] INFO  segmented.SegmentedRaftLogWorker (SegmentedRaftLogWorker.java:<init>(189)) - new 4fbe5812-23fe-4964-8001-699203e4df4b@group-521CD7C40EF4-SegmentedRaftLogWorker for RaftStorageImpl:Storage Directory /home/runner/work/ozone/ozone/hadoop-ozone/integration-test/target/test-dir/MiniOzoneClusterImpl-3ff5bc89-9620-4d46-84f6-68e3c2a3a822/datanode-12/data/ratis/2e762cb1-716c-4104-bac6-521cd7c40ef4
2023-05-04 20:14:02,955 [pool-371-thread-1] INFO  server.RaftServerConfigKeys (ConfUtils.java:logGet(46)) - raft.server.log.queue.byte-limit = 4294967296 (custom)
2023-05-04 20:14:02,955 [pool-371-thread-1] INFO  server.RaftServerConfigKeys (ConfUtils.java:logGet(46)) - raft.server.log.queue.element-limit = 1024 (custom)
2023-05-04 20:14:02,955 [pool-371-thread-1] INFO  server.RaftServerConfigKeys (ConfUtils.java:logGet(46)) - raft.server.log.segment.size.max = 1048576 (custom)
2023-05-04 20:14:02,955 [pool-371-thread-1] INFO  server.RaftServerConfigKeys (ConfUtils.java:logGet(46)) - raft.server.log.preallocated.size = 16384 (custom)
2023-05-04 20:14:02,955 [pool-371-thread-1] INFO  server.RaftServerConfigKeys (ConfUtils.java:logGet(46)) - raft.server.log.force.sync.num = 128 (default)
2023-05-04 20:14:02,955 [pool-371-thread-1] INFO  server.RaftServerConfigKeys (ConfUtils.java:logGet(46)) - raft.server.log.statemachine.data.sync = true (default)
2023-05-04 20:14:02,955 [pool-371-thread-1] INFO  server.RaftServerConfigKeys (ConfUtils.java:logGet(46)) - raft.server.log.statemachine.data.sync.timeout = 10s (default)
2023-05-04 20:14:02,955 [pool-371-thread-1] INFO  server.RaftServerConfigKeys (ConfUtils.java:logGet(46)) - raft.server.log.statemachine.data.sync.timeout.retry = -1 (default)
2023-05-04 20:14:02,955 [pool-371-thread-1] INFO  server.RaftServerConfigKeys (ConfUtils.java:logGet(46)) - raft.server.log.write.buffer.size = 1048576 (custom)
2023-05-04 20:14:02,956 [pool-371-thread-1] INFO  server.RaftServerConfigKeys (ConfUtils.java:logGet(46)) - raft.server.log.appender.buffer.byte-limit = 33554432 (custom)
2023-05-04 20:14:02,961 [pool-371-thread-1] INFO  server.RaftServerConfigKeys (ConfUtils.java:logGet(46)) - raft.server.log.unsafe-flush.enabled = false (default)
2023-05-04 20:14:02,961 [pool-371-thread-1] INFO  server.RaftServerConfigKeys (ConfUtils.java:logGet(46)) - raft.server.log.async-flush.enabled = false (default)
2023-05-04 20:14:02,961 [pool-371-thread-1] INFO  server.RaftServerConfigKeys (ConfUtils.java:logGet(46)) - raft.server.log.statemachine.data.caching.enabled = true (custom)
2023-05-04 20:14:02,961 [pool-371-thread-1] INFO  segmented.SegmentedRaftLogWorker (SegmentedRaftLogWorker.java:lambda$new$0(135)) - 4fbe5812-23fe-4964-8001-699203e4df4b@group-521CD7C40EF4-SegmentedRaftLogWorker: flushIndex: setUnconditionally 0 -> -1
2023-05-04 20:14:02,961 [pool-371-thread-1] INFO  segmented.SegmentedRaftLogWorker (SegmentedRaftLogWorker.java:lambda$new$0(135)) - 4fbe5812-23fe-4964-8001-699203e4df4b@group-521CD7C40EF4-SegmentedRaftLogWorker: safeCacheEvictIndex: setUnconditionally 0 -> -1
2023-05-04 20:14:02,962 [pool-371-thread-1] INFO  server.RaftServer$Division (RaftServerImpl.java:start(334)) - 4fbe5812-23fe-4964-8001-699203e4df4b@group-521CD7C40EF4: start as a follower, conf=-1: peers:[4fbe5812-23fe-4964-8001-699203e4df4b|rpc:10.1.0.20:46327|dataStream:10.1.0.20:36187|priority:1|startupRole:FOLLOWER]|listeners:[], old=null
2023-05-04 20:14:02,962 [pool-371-thread-1] INFO  server.RaftServer$Division (RaftServerImpl.java:setRole(321)) - 4fbe5812-23fe-4964-8001-699203e4df4b@group-521CD7C40EF4: changes role from      null to FOLLOWER at term 0 for startAsFollower
2023-05-04 20:14:02,962 [pool-371-thread-1] INFO  impl.RoleInfo (RoleInfo.java:updateAndGet(139)) - 4fbe5812-23fe-4964-8001-699203e4df4b: start 4fbe5812-23fe-4964-8001-699203e4df4b@group-521CD7C40EF4-FollowerState
2023-05-04 20:14:02,962 [pool-371-thread-1] INFO  util.JmxRegister (JmxRegister.java:tryRegister(44)) - Successfully registered JMX Bean with object name Ratis:service=RaftServer,group=group-521CD7C40EF4,id=4fbe5812-23fe-4964-8001-699203e4df4b
2023-05-04 20:14:02,962 [4fbe5812-23fe-4964-8001-699203e4df4b@group-521CD7C40EF4-FollowerState] INFO  server.RaftServerConfigKeys (ConfUtils.java:logFallback(53)) - raft.server.rpc.first-election.timeout.min = 5s (fallback to raft.server.rpc.timeout.min)
2023-05-04 20:14:02,962 [pool-371-thread-1] INFO  server.RaftServerConfigKeys (ConfUtils.java:logGet(46)) - raft.server.snapshot.auto.trigger.enabled = true (custom)
2023-05-04 20:14:02,962 [4fbe5812-23fe-4964-8001-699203e4df4b@group-521CD7C40EF4-FollowerState] INFO  server.RaftServerConfigKeys (ConfUtils.java:logFallback(53)) - raft.server.rpc.first-election.timeout.max = 5200ms (fallback to raft.server.rpc.timeout.max)
2023-05-04 20:14:02,962 [pool-371-thread-1] INFO  server.RaftServerConfigKeys (ConfUtils.java:logGet(46)) - raft.server.snapshot.auto.trigger.threshold = 10000 (custom)
2023-05-04 20:14:02,962 [pool-371-thread-1] INFO  server.RaftServerConfigKeys (ConfUtils.java:logGet(46)) - raft.server.snapshot.retention.file.num = 5 (custom)
2023-05-04 20:14:02,962 [pool-371-thread-1] INFO  server.RaftServerConfigKeys (ConfUtils.java:logGet(46)) - raft.server.log.purge.upto.snapshot.index = false (default)
2023-05-04 20:14:02,963 [Command processor thread] INFO  ratis.XceiverServerRatis (XceiverServerRatis.java:addGroup(806)) - Created group PipelineID=2e762cb1-716c-4104-bac6-521cd7c40ef4
2023-05-04 20:14:02,963 [Command processor thread] INFO  commandhandler.CreatePipelineCommandHandler (CreatePipelineCommandHandler.java:handle(113)) - Created Pipeline RATIS ONE PipelineID=2e762cb1-716c-4104-bac6-521cd7c40ef4.
2023-05-04 20:14:02,994 [6a8dabd4-d9aa-4d69-8f5d-1f403dba9ac7@group-E8710C152F67-FollowerState] INFO  impl.FollowerState (FollowerState.java:run(143)) - 6a8dabd4-d9aa-4d69-8f5d-1f403dba9ac7@group-E8710C152F67-FollowerState: change to CANDIDATE, lastRpcElapsedTime:5146621994ns, electionTimeout:5143ms
2023-05-04 20:14:02,994 [6a8dabd4-d9aa-4d69-8f5d-1f403dba9ac7@group-E8710C152F67-FollowerState] INFO  impl.RoleInfo (RoleInfo.java:shutdownFollowerState(110)) - 6a8dabd4-d9aa-4d69-8f5d-1f403dba9ac7: shutdown 6a8dabd4-d9aa-4d69-8f5d-1f403dba9ac7@group-E8710C152F67-FollowerState
2023-05-04 20:14:02,994 [6a8dabd4-d9aa-4d69-8f5d-1f403dba9ac7@group-E8710C152F67-FollowerState] INFO  server.RaftServer$Division (RaftServerImpl.java:setRole(321)) - 6a8dabd4-d9aa-4d69-8f5d-1f403dba9ac7@group-E8710C152F67: changes role from  FOLLOWER to CANDIDATE at term 0 for changeToCandidate
2023-05-04 20:14:02,994 [6a8dabd4-d9aa-4d69-8f5d-1f403dba9ac7@group-E8710C152F67-FollowerState] INFO  server.RaftServerConfigKeys (ConfUtils.java:logGet(46)) - raft.server.leaderelection.pre-vote = true (default)
2023-05-04 20:14:02,994 [6a8dabd4-d9aa-4d69-8f5d-1f403dba9ac7@group-E8710C152F67-FollowerState] INFO  impl.RoleInfo (RoleInfo.java:updateAndGet(139)) - 6a8dabd4-d9aa-4d69-8f5d-1f403dba9ac7: start 6a8dabd4-d9aa-4d69-8f5d-1f403dba9ac7@group-E8710C152F67-LeaderElection2
2023-05-04 20:14:02,998 [6a8dabd4-d9aa-4d69-8f5d-1f403dba9ac7@group-A5343225BA2E-FollowerState] INFO  impl.FollowerState (FollowerState.java:run(143)) - 6a8dabd4-d9aa-4d69-8f5d-1f403dba9ac7@group-A5343225BA2E-FollowerState: change to CANDIDATE, lastRpcElapsedTime:5093299932ns, electionTimeout:5078ms
2023-05-04 20:14:03,001 [6a8dabd4-d9aa-4d69-8f5d-1f403dba9ac7@group-E8710C152F67-LeaderElection2] INFO  impl.LeaderElection (LeaderElection.java:askForVotes(312)) - 6a8dabd4-d9aa-4d69-8f5d-1f403dba9ac7@group-E8710C152F67-LeaderElection2 PRE_VOTE round 0: submit vote requests at term 0 for -1: peers:[6a8dabd4-d9aa-4d69-8f5d-1f403dba9ac7|rpc:10.1.0.20:33893|dataStream:10.1.0.20:42975|priority:1|startupRole:FOLLOWER]|listeners:[], old=null
2023-05-04 20:14:03,001 [6a8dabd4-d9aa-4d69-8f5d-1f403dba9ac7@group-A5343225BA2E-FollowerState] INFO  impl.RoleInfo (RoleInfo.java:shutdownFollowerState(110)) - 6a8dabd4-d9aa-4d69-8f5d-1f403dba9ac7: shutdown 6a8dabd4-d9aa-4d69-8f5d-1f403dba9ac7@group-A5343225BA2E-FollowerState
2023-05-04 20:14:03,001 [6a8dabd4-d9aa-4d69-8f5d-1f403dba9ac7@group-E8710C152F67-LeaderElection2] INFO  impl.LeaderElection (LeaderElection.java:askForVotes(314)) - 6a8dabd4-d9aa-4d69-8f5d-1f403dba9ac7@group-E8710C152F67-LeaderElection2 PRE_VOTE round 0: result PASSED (term=0)
2023-05-04 20:14:03,001 [6a8dabd4-d9aa-4d69-8f5d-1f403dba9ac7@group-A5343225BA2E-FollowerState] INFO  server.RaftServer$Division (RaftServerImpl.java:setRole(321)) - 6a8dabd4-d9aa-4d69-8f5d-1f403dba9ac7@group-A5343225BA2E: changes role from  FOLLOWER to CANDIDATE at term 0 for changeToCandidate
2023-05-04 20:14:03,001 [6a8dabd4-d9aa-4d69-8f5d-1f403dba9ac7@group-A5343225BA2E-FollowerState] INFO  server.RaftServerConfigKeys (ConfUtils.java:logGet(46)) - raft.server.leaderelection.pre-vote = true (default)
2023-05-04 20:14:03,001 [6a8dabd4-d9aa-4d69-8f5d-1f403dba9ac7@group-A5343225BA2E-FollowerState] INFO  impl.RoleInfo (RoleInfo.java:updateAndGet(139)) - 6a8dabd4-d9aa-4d69-8f5d-1f403dba9ac7: start 6a8dabd4-d9aa-4d69-8f5d-1f403dba9ac7@group-A5343225BA2E-LeaderElection3
2023-05-04 20:14:03,008 [6a8dabd4-d9aa-4d69-8f5d-1f403dba9ac7@group-A5343225BA2E-LeaderElection3] INFO  impl.LeaderElection (LeaderElection.java:askForVotes(312)) - 6a8dabd4-d9aa-4d69-8f5d-1f403dba9ac7@group-A5343225BA2E-LeaderElection3 PRE_VOTE round 0: submit vote requests at term 0 for -1: peers:[6a8dabd4-d9aa-4d69-8f5d-1f403dba9ac7|rpc:10.1.0.20:33893|dataStream:10.1.0.20:42975|priority:0|startupRole:FOLLOWER, b0971eea-134b-46df-abd0-1018d0776f3a|rpc:10.1.0.20:45025|dataStream:10.1.0.20:37217|priority:0|startupRole:FOLLOWER, b957fc71-c761-4d97-9df6-bc970b063b54|rpc:10.1.0.20:38747|dataStream:10.1.0.20:39175|priority:1|startupRole:FOLLOWER]|listeners:[], old=null
2023-05-04 20:14:03,010 [6a8dabd4-d9aa-4d69-8f5d-1f403dba9ac7@group-E8710C152F67-LeaderElection2] INFO  impl.LeaderElection (LeaderElection.java:askForVotes(312)) - 6a8dabd4-d9aa-4d69-8f5d-1f403dba9ac7@group-E8710C152F67-LeaderElection2 ELECTION round 0: submit vote requests at term 1 for -1: peers:[6a8dabd4-d9aa-4d69-8f5d-1f403dba9ac7|rpc:10.1.0.20:33893|dataStream:10.1.0.20:42975|priority:1|startupRole:FOLLOWER]|listeners:[], old=null
2023-05-04 20:14:03,010 [6a8dabd4-d9aa-4d69-8f5d-1f403dba9ac7@group-E8710C152F67-LeaderElection2] INFO  impl.LeaderElection (LeaderElection.java:askForVotes(314)) - 6a8dabd4-d9aa-4d69-8f5d-1f403dba9ac7@group-E8710C152F67-LeaderElection2 ELECTION round 0: result PASSED (term=1)
2023-05-04 20:14:03,010 [6a8dabd4-d9aa-4d69-8f5d-1f403dba9ac7@group-E8710C152F67-LeaderElection2] INFO  impl.RoleInfo (RoleInfo.java:shutdownLeaderElection(130)) - 6a8dabd4-d9aa-4d69-8f5d-1f403dba9ac7: shutdown 6a8dabd4-d9aa-4d69-8f5d-1f403dba9ac7@group-E8710C152F67-LeaderElection2
2023-05-04 20:14:03,010 [6a8dabd4-d9aa-4d69-8f5d-1f403dba9ac7@group-E8710C152F67-LeaderElection2] INFO  server.RaftServer$Division (RaftServerImpl.java:setRole(321)) - 6a8dabd4-d9aa-4d69-8f5d-1f403dba9ac7@group-E8710C152F67: changes role from CANDIDATE to LEADER at term 1 for changeToLeader
2023-05-04 20:14:03,010 [6a8dabd4-d9aa-4d69-8f5d-1f403dba9ac7@group-E8710C152F67-LeaderElection2] INFO  ratis.XceiverServerRatis (XceiverServerRatis.java:handleLeaderChangedNotification(904)) - Leader change notification received for group: group-E8710C152F67 with new leaderId: 6a8dabd4-d9aa-4d69-8f5d-1f403dba9ac7
2023-05-04 20:14:03,012 [6a8dabd4-d9aa-4d69-8f5d-1f403dba9ac7@group-E8710C152F67-LeaderElection2] INFO  server.RaftServer$Division (ServerState.java:setLeader(313)) - 6a8dabd4-d9aa-4d69-8f5d-1f403dba9ac7@group-E8710C152F67: change Leader from null to 6a8dabd4-d9aa-4d69-8f5d-1f403dba9ac7 at term 1 for becomeLeader, leader elected after 5194ms
2023-05-04 20:14:03,012 [6a8dabd4-d9aa-4d69-8f5d-1f403dba9ac7@group-E8710C152F67-LeaderElection2] INFO  server.RaftServerConfigKeys (ConfUtils.java:logGet(46)) - raft.server.staging.catchup.gap = 1000 (default)
2023-05-04 20:14:03,012 [EventQueue-OpenPipelineForHealthyPipelineSafeModeRule] INFO  safemode.SCMSafeModeManager (HealthyPipelineSafeModeRule.java:process(137)) - SCM in safe mode. Healthy pipelines reported count is 0, required healthy pipeline reported count is 1
2023-05-04 20:14:03,012 [6a8dabd4-d9aa-4d69-8f5d-1f403dba9ac7@group-E8710C152F67-LeaderElection2] INFO  server.RaftServerConfigKeys (ConfUtils.java:logGet(46)) - raft.server.write.element-limit = 1024 (custom)
2023-05-04 20:14:03,013 [6a8dabd4-d9aa-4d69-8f5d-1f403dba9ac7@group-E8710C152F67-LeaderElection2] INFO  server.RaftServerConfigKeys (ConfUtils.java:logGet(46)) - raft.server.write.byte-limit = 1024 M (=1073741824) (custom)
2023-05-04 20:14:03,013 [6a8dabd4-d9aa-4d69-8f5d-1f403dba9ac7@group-E8710C152F67-LeaderElection2] INFO  server.RaftServerConfigKeys (ConfUtils.java:logGet(46)) - raft.server.watch.timeout = 180s (custom)
2023-05-04 20:14:03,013 [6a8dabd4-d9aa-4d69-8f5d-1f403dba9ac7@group-E8710C152F67-LeaderElection2] INFO  server.RaftServerConfigKeys (ConfUtils.java:logGet(46)) - raft.server.watch.timeout.denomination = 1s (default)
2023-05-04 20:14:03,013 [6a8dabd4-d9aa-4d69-8f5d-1f403dba9ac7@group-E8710C152F67-LeaderElection2] INFO  server.RaftServerConfigKeys (ConfUtils.java:logGet(46)) - raft.server.watch.element-limit = 65536 (default)
2023-05-04 20:14:03,013 [6a8dabd4-d9aa-4d69-8f5d-1f403dba9ac7@group-E8710C152F67-LeaderElection2] INFO  server.RaftServerConfigKeys (ConfUtils.java:logGet(46)) - raft.server.write.element-limit = 1024 (custom)
2023-05-04 20:14:03,013 [6a8dabd4-d9aa-4d69-8f5d-1f403dba9ac7@group-E8710C152F67-LeaderElection2] INFO  server.RaftServerConfigKeys (ConfUtils.java:logGet(46)) - raft.server.write.follower.gap.ratio.max = -1.0 (default)
2023-05-04 20:14:03,013 [6a8dabd4-d9aa-4d69-8f5d-1f403dba9ac7@group-E8710C152F67-LeaderElection2] INFO  impl.RoleInfo (RoleInfo.java:updateAndGet(139)) - 6a8dabd4-d9aa-4d69-8f5d-1f403dba9ac7: start 6a8dabd4-d9aa-4d69-8f5d-1f403dba9ac7@group-E8710C152F67-LeaderStateImpl
2023-05-04 20:14:03,014 [6a8dabd4-d9aa-4d69-8f5d-1f403dba9ac7@group-E8710C152F67-LeaderElection2] INFO  segmented.SegmentedRaftLogWorker (SegmentedRaftLogWorker.java:startLogSegment(452)) - 6a8dabd4-d9aa-4d69-8f5d-1f403dba9ac7@group-E8710C152F67-SegmentedRaftLogWorker: Starting segment from index:0
2023-05-04 20:14:03,018 [6a8dabd4-d9aa-4d69-8f5d-1f403dba9ac7@group-E8710C152F67-LeaderElection2] INFO  server.RaftServer$Division (ServerState.java:setRaftConf(430)) - 6a8dabd4-d9aa-4d69-8f5d-1f403dba9ac7@group-E8710C152F67: set configuration 0: peers:[6a8dabd4-d9aa-4d69-8f5d-1f403dba9ac7|rpc:10.1.0.20:33893|dataStream:10.1.0.20:42975|priority:1|startupRole:FOLLOWER]|listeners:[], old=null
2023-05-04 20:14:03,019 [6a8dabd4-d9aa-4d69-8f5d-1f403dba9ac7@group-A5343225BA2E-LeaderElection3-1] INFO  server.GrpcServerProtocolClient (GrpcServerProtocolClient.java:<init>(63)) - Build channel for b0971eea-134b-46df-abd0-1018d0776f3a
2023-05-04 20:14:03,023 [6a8dabd4-d9aa-4d69-8f5d-1f403dba9ac7@group-E8710C152F67-SegmentedRaftLogWorker] INFO  segmented.SegmentedRaftLogWorker (SegmentedRaftLogWorker.java:execute(656)) - 6a8dabd4-d9aa-4d69-8f5d-1f403dba9ac7@group-E8710C152F67-SegmentedRaftLogWorker: created new log segment /home/runner/work/ozone/ozone/hadoop-ozone/integration-test/target/test-dir/MiniOzoneClusterImpl-3ff5bc89-9620-4d46-84f6-68e3c2a3a822/datanode-0/data/ratis/7b8377b5-2c8b-4735-a802-e8710c152f67/current/log_inprogress_0
2023-05-04 20:14:03,023 [6a8dabd4-d9aa-4d69-8f5d-1f403dba9ac7@group-A5343225BA2E-LeaderElection3] INFO  server.RaftServerConfigKeys (ConfUtils.java:logFallback(53)) - raft.server.rpc.first-election.timeout.min = 5s (fallback to raft.server.rpc.timeout.min)
2023-05-04 20:14:03,023 [6a8dabd4-d9aa-4d69-8f5d-1f403dba9ac7@group-A5343225BA2E-LeaderElection3] INFO  server.RaftServerConfigKeys (ConfUtils.java:logFallback(53)) - raft.server.rpc.first-election.timeout.max = 5200ms (fallback to raft.server.rpc.timeout.max)
2023-05-04 20:14:03,027 [6a8dabd4-d9aa-4d69-8f5d-1f403dba9ac7@group-A5343225BA2E-LeaderElection3-2] INFO  server.GrpcServerProtocolClient (GrpcServerProtocolClient.java:<init>(63)) - Build channel for b957fc71-c761-4d97-9df6-bc970b063b54
2023-05-04 20:14:03,044 [grpc-default-executor-1] INFO  server.RaftServer$Division (RaftServerImpl.java:requestVote(1218)) - b0971eea-134b-46df-abd0-1018d0776f3a@group-A5343225BA2E: receive requestVote(PRE_VOTE, 6a8dabd4-d9aa-4d69-8f5d-1f403dba9ac7, group-A5343225BA2E, 0, (t:0, i:0))
2023-05-04 20:14:03,046 [grpc-default-executor-1] INFO  impl.VoteContext (VoteContext.java:log(49)) - b0971eea-134b-46df-abd0-1018d0776f3a@group-A5343225BA2E-FOLLOWER: accept PRE_VOTE from 6a8dabd4-d9aa-4d69-8f5d-1f403dba9ac7: our priority 0 <= candidate's priority 0
2023-05-04 20:14:03,051 [grpc-default-executor-0] INFO  server.RaftServer$Division (RaftServerImpl.java:requestVote(1218)) - b957fc71-c761-4d97-9df6-bc970b063b54@group-A5343225BA2E: receive requestVote(PRE_VOTE, 6a8dabd4-d9aa-4d69-8f5d-1f403dba9ac7, group-A5343225BA2E, 0, (t:0, i:0))
2023-05-04 20:14:03,051 [grpc-default-executor-0] INFO  impl.VoteContext (VoteContext.java:log(49)) - b957fc71-c761-4d97-9df6-bc970b063b54@group-A5343225BA2E-FOLLOWER: reject PRE_VOTE from 6a8dabd4-d9aa-4d69-8f5d-1f403dba9ac7: our priority 1 > candidate's priority 0
2023-05-04 20:14:03,053 [grpc-default-executor-0] INFO  server.RaftServer$Division (RaftServerImpl.java:requestVote(1251)) - b957fc71-c761-4d97-9df6-bc970b063b54@group-A5343225BA2E replies to PRE_VOTE vote request: 6a8dabd4-d9aa-4d69-8f5d-1f403dba9ac7<-b957fc71-c761-4d97-9df6-bc970b063b54#0:FAIL-t0. Peer's state: b957fc71-c761-4d97-9df6-bc970b063b54@group-A5343225BA2E:t0, leader=null, voted=, raftlog=Memoized:b957fc71-c761-4d97-9df6-bc970b063b54@group-A5343225BA2E-SegmentedRaftLog:OPENED:c-1, conf=-1: peers:[6a8dabd4-d9aa-4d69-8f5d-1f403dba9ac7|rpc:10.1.0.20:33893|dataStream:10.1.0.20:42975|priority:0|startupRole:FOLLOWER, b0971eea-134b-46df-abd0-1018d0776f3a|rpc:10.1.0.20:45025|dataStream:10.1.0.20:37217|priority:0|startupRole:FOLLOWER, b957fc71-c761-4d97-9df6-bc970b063b54|rpc:10.1.0.20:38747|dataStream:10.1.0.20:39175|priority:1|startupRole:FOLLOWER]|listeners:[], old=null
2023-05-04 20:14:03,054 [grpc-default-executor-1] INFO  server.RaftServer$Division (RaftServerImpl.java:requestVote(1251)) - b0971eea-134b-46df-abd0-1018d0776f3a@group-A5343225BA2E replies to PRE_VOTE vote request: 6a8dabd4-d9aa-4d69-8f5d-1f403dba9ac7<-b0971eea-134b-46df-abd0-1018d0776f3a#0:OK-t0. Peer's state: b0971eea-134b-46df-abd0-1018d0776f3a@group-A5343225BA2E:t0, leader=null, voted=, raftlog=Memoized:b0971eea-134b-46df-abd0-1018d0776f3a@group-A5343225BA2E-SegmentedRaftLog:OPENED:c-1, conf=-1: peers:[6a8dabd4-d9aa-4d69-8f5d-1f403dba9ac7|rpc:10.1.0.20:33893|dataStream:10.1.0.20:42975|priority:0|startupRole:FOLLOWER, b0971eea-134b-46df-abd0-1018d0776f3a|rpc:10.1.0.20:45025|dataStream:10.1.0.20:37217|priority:0|startupRole:FOLLOWER, b957fc71-c761-4d97-9df6-bc970b063b54|rpc:10.1.0.20:38747|dataStream:10.1.0.20:39175|priority:1|startupRole:FOLLOWER]|listeners:[], old=null
2023-05-04 20:14:03,056 [6a8dabd4-d9aa-4d69-8f5d-1f403dba9ac7@group-A5343225BA2E-LeaderElection3] INFO  impl.LeaderElection (LeaderElection.java:logAndReturn(90)) - 6a8dabd4-d9aa-4d69-8f5d-1f403dba9ac7@group-A5343225BA2E-LeaderElection3: PRE_VOTE REJECTED received 1 response(s) and 0 exception(s):
2023-05-04 20:14:03,057 [6a8dabd4-d9aa-4d69-8f5d-1f403dba9ac7@group-A5343225BA2E-LeaderElection3] INFO  impl.LeaderElection (LeaderElection.java:logAndReturn(94)) -   Response 0: 6a8dabd4-d9aa-4d69-8f5d-1f403dba9ac7<-b957fc71-c761-4d97-9df6-bc970b063b54#0:FAIL-t0
2023-05-04 20:14:03,057 [6a8dabd4-d9aa-4d69-8f5d-1f403dba9ac7@group-A5343225BA2E-LeaderElection3] INFO  impl.LeaderElection (LeaderElection.java:askForVotes(314)) - 6a8dabd4-d9aa-4d69-8f5d-1f403dba9ac7@group-A5343225BA2E-LeaderElection3 PRE_VOTE round 0: result REJECTED
2023-05-04 20:14:03,057 [6a8dabd4-d9aa-4d69-8f5d-1f403dba9ac7@group-A5343225BA2E-LeaderElection3] INFO  server.RaftServer$Division (RaftServerImpl.java:setRole(321)) - 6a8dabd4-d9aa-4d69-8f5d-1f403dba9ac7@group-A5343225BA2E: changes role from CANDIDATE to FOLLOWER at term 0 for REJECTED
2023-05-04 20:14:03,057 [6a8dabd4-d9aa-4d69-8f5d-1f403dba9ac7@group-A5343225BA2E-LeaderElection3] INFO  impl.RoleInfo (RoleInfo.java:shutdownLeaderElection(130)) - 6a8dabd4-d9aa-4d69-8f5d-1f403dba9ac7: shutdown 6a8dabd4-d9aa-4d69-8f5d-1f403dba9ac7@group-A5343225BA2E-LeaderElection3
2023-05-04 20:14:03,057 [6a8dabd4-d9aa-4d69-8f5d-1f403dba9ac7@group-A5343225BA2E-LeaderElection3] INFO  impl.RoleInfo (RoleInfo.java:updateAndGet(139)) - 6a8dabd4-d9aa-4d69-8f5d-1f403dba9ac7: start 6a8dabd4-d9aa-4d69-8f5d-1f403dba9ac7@group-A5343225BA2E-FollowerState
2023-05-04 20:14:03,059 [6a8dabd4-d9aa-4d69-8f5d-1f403dba9ac7@group-A5343225BA2E-FollowerState] INFO  server.RaftServerConfigKeys (ConfUtils.java:logFallback(53)) - raft.server.rpc.first-election.timeout.min = 5s (fallback to raft.server.rpc.timeout.min)
2023-05-04 20:14:03,059 [6a8dabd4-d9aa-4d69-8f5d-1f403dba9ac7@group-A5343225BA2E-FollowerState] INFO  server.RaftServerConfigKeys (ConfUtils.java:logFallback(53)) - raft.server.rpc.first-election.timeout.max = 5200ms (fallback to raft.server.rpc.timeout.max)
2023-05-04 20:14:03,352 [Command processor thread] INFO  server.RaftServer (RaftServerProxy.java:addNew(96)) - c223e4a1-7dec-454b-846f-941d08347586: addNew group-2E93272E0D91:[c223e4a1-7dec-454b-846f-941d08347586|rpc:10.1.0.20:45317|dataStream:10.1.0.20:46135|priority:1|startupRole:FOLLOWER] returns group-2E93272E0D91:java.util.concurrent.CompletableFuture@6ae4d07d[Not completed]
2023-05-04 20:14:03,353 [pool-397-thread-1] INFO  server.RaftServer$Division (RaftServerImpl.java:<init>(195)) - c223e4a1-7dec-454b-846f-941d08347586: new RaftServerImpl for group-2E93272E0D91:[c223e4a1-7dec-454b-846f-941d08347586|rpc:10.1.0.20:45317|dataStream:10.1.0.20:46135|priority:1|startupRole:FOLLOWER] with ContainerStateMachine:uninitialized
2023-05-04 20:14:03,353 [pool-397-thread-1] INFO  server.RaftServerConfigKeys (ConfUtils.java:logGet(46)) - raft.server.rpc.timeout.min = 5s (custom)
2023-05-04 20:14:03,353 [pool-397-thread-1] INFO  server.RaftServerConfigKeys (ConfUtils.java:logGet(46)) - raft.server.rpc.timeout.max = 5200ms (custom)
2023-05-04 20:14:03,353 [pool-397-thread-1] INFO  server.RaftServerConfigKeys (ConfUtils.java:logGet(46)) - raft.server.rpc.sleep.time = 25ms (default)
2023-05-04 20:14:03,353 [pool-397-thread-1] INFO  server.RaftServerConfigKeys (ConfUtils.java:logGet(46)) - raft.server.rpc.slowness.timeout = 300s (custom)
2023-05-04 20:14:03,353 [pool-397-thread-1] INFO  server.RaftServerConfigKeys (ConfUtils.java:logGet(46)) - raft.server.leaderelection.leader.step-down.wait-time = 10s (default)
2023-05-04 20:14:03,353 [pool-397-thread-1] INFO  server.RaftServerConfigKeys (ConfUtils.java:logGet(46)) - raft.server.sleep.deviation.threshold = 300ms (default)
2023-05-04 20:14:03,353 [pool-397-thread-1] INFO  server.RaftServer$Division (ServerState.java:<init>(118)) - c223e4a1-7dec-454b-846f-941d08347586@group-2E93272E0D91: ConfigurationManager, init=-1: peers:[c223e4a1-7dec-454b-846f-941d08347586|rpc:10.1.0.20:45317|dataStream:10.1.0.20:46135|priority:1|startupRole:FOLLOWER]|listeners:[], old=null, confs=<EMPTY_MAP>
2023-05-04 20:14:03,353 [pool-397-thread-1] INFO  server.RaftServerConfigKeys (ConfUtils.java:logGet(46)) - raft.server.storage.dir = [/home/runner/work/ozone/ozone/hadoop-ozone/integration-test/target/test-dir/MiniOzoneClusterImpl-3ff5bc89-9620-4d46-84f6-68e3c2a3a822/datanode-13/data/ratis] (custom)
2023-05-04 20:14:03,354 [pool-397-thread-1] INFO  server.RaftServerConfigKeys (ConfUtils.java:logGet(46)) - raft.server.log.corruption.policy = EXCEPTION (default)
2023-05-04 20:14:03,354 [pool-397-thread-1] INFO  server.RaftServerConfigKeys (ConfUtils.java:logGet(46)) - raft.server.storage.free-space.min = 0MB (=0) (default)
2023-05-04 20:14:03,354 [pool-397-thread-1] INFO  server.RaftServerConfigKeys (ConfUtils.java:logGet(46)) - raft.server.notification.no-leader.timeout = 300s (custom)
2023-05-04 20:14:03,354 [pool-397-thread-1] INFO  server.RaftServerConfigKeys (ConfUtils.java:logGet(46)) - raft.server.retrycache.expirytime = 600000ms (custom)
2023-05-04 20:14:03,354 [pool-397-thread-1] INFO  server.RaftServerConfigKeys (ConfUtils.java:logGet(46)) - raft.server.retrycache.statistics.expirytime = 100μs (default)
2023-05-04 20:14:03,355 [pool-397-thread-1] INFO  server.RaftServerConfigKeys (ConfUtils.java:logGet(46)) - raft.server.log.appender.install.snapshot.enabled = false (custom)
2023-05-04 20:14:03,355 [pool-397-thread-1] INFO  server.RaftServerConfigKeys (ConfUtils.java:logGet(46)) - raft.server.threadpool.server.cached = true (default)
2023-05-04 20:14:03,355 [pool-397-thread-1] INFO  server.RaftServerConfigKeys (ConfUtils.java:logGet(46)) - raft.server.threadpool.server.size = 0 (default)
2023-05-04 20:14:03,355 [pool-397-thread-1] INFO  server.RaftServerConfigKeys (ConfUtils.java:logGet(46)) - raft.server.threadpool.client.cached = true (default)
2023-05-04 20:14:03,355 [pool-397-thread-1] INFO  server.RaftServerConfigKeys (ConfUtils.java:logGet(46)) - raft.server.threadpool.client.size = 0 (default)
2023-05-04 20:14:03,355 [pool-397-thread-1] INFO  storage.RaftStorageDirectory (RaftStorageDirectoryImpl.java:analyzeStorage(137)) - The storage directory /home/runner/work/ozone/ozone/hadoop-ozone/integration-test/target/test-dir/MiniOzoneClusterImpl-3ff5bc89-9620-4d46-84f6-68e3c2a3a822/datanode-13/data/ratis/53a11a99-2225-4dd9-abf0-2e93272e0d91 does not exist. Creating ...
2023-05-04 20:14:03,356 [pool-397-thread-1] INFO  storage.RaftStorageDirectory (RaftStorageDirectoryImpl.java:tryLock(231)) - Lock on /home/runner/work/ozone/ozone/hadoop-ozone/integration-test/target/test-dir/MiniOzoneClusterImpl-3ff5bc89-9620-4d46-84f6-68e3c2a3a822/datanode-13/data/ratis/53a11a99-2225-4dd9-abf0-2e93272e0d91/in_use.lock acquired by nodename 25037@fv-az804-457
2023-05-04 20:14:03,357 [pool-397-thread-1] INFO  storage.RaftStorage (RaftStorageImpl.java:format(96)) - Storage directory /home/runner/work/ozone/ozone/hadoop-ozone/integration-test/target/test-dir/MiniOzoneClusterImpl-3ff5bc89-9620-4d46-84f6-68e3c2a3a822/datanode-13/data/ratis/53a11a99-2225-4dd9-abf0-2e93272e0d91 has been successfully formatted.
2023-05-04 20:14:03,360 [pool-397-thread-1] INFO  ratis.ContainerStateMachine (ContainerStateMachine.java:loadSnapshot(262)) - group-2E93272E0D91: The snapshot info is null. Setting the last applied indexto:(t:0, i:~)
2023-05-04 20:14:03,360 [pool-397-thread-1] INFO  server.RaftServerConfigKeys (ConfUtils.java:logGet(46)) - raft.server.log.use.memory = false (default)
2023-05-04 20:14:03,360 [pool-397-thread-1] INFO  server.RaftServerConfigKeys (ConfUtils.java:logGet(46)) - raft.server.log.purge.gap = 1000000 (custom)
2023-05-04 20:14:03,361 [EventQueue-PipelineReportForPipelineReportHandler] INFO  pipeline.PipelineManagerImpl (PipelineManagerImpl.java:openPipeline(367)) - Pipeline Pipeline[ Id: 53a11a99-2225-4dd9-abf0-2e93272e0d91, Nodes: c223e4a1-7dec-454b-846f-941d08347586(fv-az804-457.cvtsq3ctpw5ehehiek0yp1ke0c.cx.internal.cloudapp.net/10.1.0.20), ReplicationConfig: RATIS/ONE, State:ALLOCATED, leaderId:c223e4a1-7dec-454b-846f-941d08347586, CreationTimestamp2023-05-04T20:14:00.354Z[Etc/UTC]] moved to OPEN state
2023-05-04 20:14:03,363 [EventQueue-OpenPipelineForHealthyPipelineSafeModeRule] INFO  safemode.SCMSafeModeManager (HealthyPipelineSafeModeRule.java:process(137)) - SCM in safe mode. Healthy pipelines reported count is 0, required healthy pipeline reported count is 1
2023-05-04 20:14:03,363 [pool-397-thread-1] INFO  server.RaftServerConfigKeys (ConfUtils.java:logGet(46)) - raft.server.log.appender.buffer.byte-limit = 33554432 (custom)
2023-05-04 20:14:03,363 [pool-397-thread-1] INFO  server.RaftServerConfigKeys (ConfUtils.java:logGet(46)) - raft.server.log.statemachine.data.read.timeout = 1000ms (default)
2023-05-04 20:14:03,363 [pool-397-thread-1] INFO  server.RaftServerConfigKeys (ConfUtils.java:logGet(46)) - raft.server.log.purge.preservation.log.num = 0 (default)
2023-05-04 20:14:03,363 [pool-397-thread-1] INFO  server.RaftServerConfigKeys (ConfUtils.java:logGet(46)) - raft.server.log.segment.size.max = 1048576 (custom)
2023-05-04 20:14:03,364 [pool-397-thread-1] INFO  server.RaftServerConfigKeys (ConfUtils.java:logGet(46)) - raft.server.log.segment.cache.num.max = 2 (custom)
2023-05-04 20:14:03,364 [pool-397-thread-1] INFO  server.RaftServerConfigKeys (ConfUtils.java:logGet(46)) - raft.server.log.segment.cache.size.max = 200MB (=209715200) (default)
2023-05-04 20:14:03,364 [pool-397-thread-1] INFO  segmented.SegmentedRaftLogWorker (SegmentedRaftLogWorker.java:<init>(189)) - new c223e4a1-7dec-454b-846f-941d08347586@group-2E93272E0D91-SegmentedRaftLogWorker for RaftStorageImpl:Storage Directory /home/runner/work/ozone/ozone/hadoop-ozone/integration-test/target/test-dir/MiniOzoneClusterImpl-3ff5bc89-9620-4d46-84f6-68e3c2a3a822/datanode-13/data/ratis/53a11a99-2225-4dd9-abf0-2e93272e0d91
2023-05-04 20:14:03,364 [pool-397-thread-1] INFO  server.RaftServerConfigKeys (ConfUtils.java:logGet(46)) - raft.server.log.queue.byte-limit = 4294967296 (custom)
2023-05-04 20:14:03,364 [pool-397-thread-1] INFO  server.RaftServerConfigKeys (ConfUtils.java:logGet(46)) - raft.server.log.queue.element-limit = 1024 (custom)
2023-05-04 20:14:03,364 [pool-397-thread-1] INFO  server.RaftServerConfigKeys (ConfUtils.java:logGet(46)) - raft.server.log.segment.size.max = 1048576 (custom)
2023-05-04 20:14:03,364 [pool-397-thread-1] INFO  server.RaftServerConfigKeys (ConfUtils.java:logGet(46)) - raft.server.log.preallocated.size = 16384 (custom)
2023-05-04 20:14:03,364 [pool-397-thread-1] INFO  server.RaftServerConfigKeys (ConfUtils.java:logGet(46)) - raft.server.log.force.sync.num = 128 (default)
2023-05-04 20:14:03,365 [pool-397-thread-1] INFO  server.RaftServerConfigKeys (ConfUtils.java:logGet(46)) - raft.server.log.statemachine.data.sync = true (default)
2023-05-04 20:14:03,365 [pool-397-thread-1] INFO  server.RaftServerConfigKeys (ConfUtils.java:logGet(46)) - raft.server.log.statemachine.data.sync.timeout = 10s (default)
2023-05-04 20:14:03,365 [pool-397-thread-1] INFO  server.RaftServerConfigKeys (ConfUtils.java:logGet(46)) - raft.server.log.statemachine.data.sync.timeout.retry = -1 (default)
2023-05-04 20:14:03,366 [pool-397-thread-1] INFO  server.RaftServerConfigKeys (ConfUtils.java:logGet(46)) - raft.server.log.write.buffer.size = 1048576 (custom)
2023-05-04 20:14:03,368 [pool-397-thread-1] INFO  server.RaftServerConfigKeys (ConfUtils.java:logGet(46)) - raft.server.log.appender.buffer.byte-limit = 33554432 (custom)
2023-05-04 20:14:03,373 [pool-397-thread-1] INFO  server.RaftServerConfigKeys (ConfUtils.java:logGet(46)) - raft.server.log.unsafe-flush.enabled = false (default)
2023-05-04 20:14:03,373 [pool-397-thread-1] INFO  server.RaftServerConfigKeys (ConfUtils.java:logGet(46)) - raft.server.log.async-flush.enabled = false (default)
2023-05-04 20:14:03,373 [pool-397-thread-1] INFO  server.RaftServerConfigKeys (ConfUtils.java:logGet(46)) - raft.server.log.statemachine.data.caching.enabled = true (custom)
2023-05-04 20:14:03,373 [pool-397-thread-1] INFO  segmented.SegmentedRaftLogWorker (SegmentedRaftLogWorker.java:lambda$new$0(135)) - c223e4a1-7dec-454b-846f-941d08347586@group-2E93272E0D91-SegmentedRaftLogWorker: flushIndex: setUnconditionally 0 -> -1
2023-05-04 20:14:03,373 [pool-397-thread-1] INFO  segmented.SegmentedRaftLogWorker (SegmentedRaftLogWorker.java:lambda$new$0(135)) - c223e4a1-7dec-454b-846f-941d08347586@group-2E93272E0D91-SegmentedRaftLogWorker: safeCacheEvictIndex: setUnconditionally 0 -> -1
2023-05-04 20:14:03,374 [pool-397-thread-1] INFO  server.RaftServer$Division (RaftServerImpl.java:start(334)) - c223e4a1-7dec-454b-846f-941d08347586@group-2E93272E0D91: start as a follower, conf=-1: peers:[c223e4a1-7dec-454b-846f-941d08347586|rpc:10.1.0.20:45317|dataStream:10.1.0.20:46135|priority:1|startupRole:FOLLOWER]|listeners:[], old=null
2023-05-04 20:14:03,374 [pool-397-thread-1] INFO  server.RaftServer$Division (RaftServerImpl.java:setRole(321)) - c223e4a1-7dec-454b-846f-941d08347586@group-2E93272E0D91: changes role from      null to FOLLOWER at term 0 for startAsFollower
2023-05-04 20:14:03,374 [pool-397-thread-1] INFO  impl.RoleInfo (RoleInfo.java:updateAndGet(139)) - c223e4a1-7dec-454b-846f-941d08347586: start c223e4a1-7dec-454b-846f-941d08347586@group-2E93272E0D91-FollowerState
2023-05-04 20:14:03,378 [pool-397-thread-1] INFO  util.JmxRegister (JmxRegister.java:tryRegister(44)) - Successfully registered JMX Bean with object name Ratis:service=RaftServer,group=group-2E93272E0D91,id=c223e4a1-7dec-454b-846f-941d08347586
2023-05-04 20:14:03,378 [pool-397-thread-1] INFO  server.RaftServerConfigKeys (ConfUtils.java:logGet(46)) - raft.server.snapshot.auto.trigger.enabled = true (custom)
2023-05-04 20:14:03,378 [pool-397-thread-1] INFO  server.RaftServerConfigKeys (ConfUtils.java:logGet(46)) - raft.server.snapshot.auto.trigger.threshold = 10000 (custom)
2023-05-04 20:14:03,378 [pool-397-thread-1] INFO  server.RaftServerConfigKeys (ConfUtils.java:logGet(46)) - raft.server.snapshot.retention.file.num = 5 (custom)
2023-05-04 20:14:03,378 [pool-397-thread-1] INFO  server.RaftServerConfigKeys (ConfUtils.java:logGet(46)) - raft.server.log.purge.upto.snapshot.index = false (default)
2023-05-04 20:14:03,379 [c223e4a1-7dec-454b-846f-941d08347586@group-2E93272E0D91-FollowerState] INFO  server.RaftServerConfigKeys (ConfUtils.java:logFallback(53)) - raft.server.rpc.first-election.timeout.min = 5s (fallback to raft.server.rpc.timeout.min)
2023-05-04 20:14:03,379 [c223e4a1-7dec-454b-846f-941d08347586@group-2E93272E0D91-FollowerState] INFO  server.RaftServerConfigKeys (ConfUtils.java:logFallback(53)) - raft.server.rpc.first-election.timeout.max = 5200ms (fallback to raft.server.rpc.timeout.max)
2023-05-04 20:14:03,379 [Command processor thread] INFO  ratis.XceiverServerRatis (XceiverServerRatis.java:addGroup(806)) - Created group PipelineID=53a11a99-2225-4dd9-abf0-2e93272e0d91
2023-05-04 20:14:03,380 [Command processor thread] INFO  commandhandler.CreatePipelineCommandHandler (CreatePipelineCommandHandler.java:handle(113)) - Created Pipeline RATIS ONE PipelineID=53a11a99-2225-4dd9-abf0-2e93272e0d91.
2023-05-04 20:14:03,471 [b957fc71-c761-4d97-9df6-bc970b063b54@group-A5343225BA2E-FollowerState] INFO  impl.FollowerState (FollowerState.java:run(143)) - b957fc71-c761-4d97-9df6-bc970b063b54@group-A5343225BA2E-FollowerState: change to CANDIDATE, lastRpcElapsedTime:5044139936ns, electionTimeout:5039ms
2023-05-04 20:14:03,471 [b957fc71-c761-4d97-9df6-bc970b063b54@group-A5343225BA2E-FollowerState] INFO  impl.RoleInfo (RoleInfo.java:shutdownFollowerState(110)) - b957fc71-c761-4d97-9df6-bc970b063b54: shutdown b957fc71-c761-4d97-9df6-bc970b063b54@group-A5343225BA2E-FollowerState
2023-05-04 20:14:03,472 [b957fc71-c761-4d97-9df6-bc970b063b54@group-A5343225BA2E-FollowerState] INFO  server.RaftServer$Division (RaftServerImpl.java:setRole(321)) - b957fc71-c761-4d97-9df6-bc970b063b54@group-A5343225BA2E: changes role from  FOLLOWER to CANDIDATE at term 0 for changeToCandidate
2023-05-04 20:14:03,472 [b957fc71-c761-4d97-9df6-bc970b063b54@group-A5343225BA2E-FollowerState] INFO  server.RaftServerConfigKeys (ConfUtils.java:logGet(46)) - raft.server.leaderelection.pre-vote = true (default)
2023-05-04 20:14:03,472 [b957fc71-c761-4d97-9df6-bc970b063b54@group-A5343225BA2E-FollowerState] INFO  impl.RoleInfo (RoleInfo.java:updateAndGet(139)) - b957fc71-c761-4d97-9df6-bc970b063b54: start b957fc71-c761-4d97-9df6-bc970b063b54@group-A5343225BA2E-LeaderElection4
2023-05-04 20:14:03,479 [b957fc71-c761-4d97-9df6-bc970b063b54@group-A5343225BA2E-LeaderElection4] INFO  impl.LeaderElection (LeaderElection.java:askForVotes(312)) - b957fc71-c761-4d97-9df6-bc970b063b54@group-A5343225BA2E-LeaderElection4 PRE_VOTE round 0: submit vote requests at term 0 for -1: peers:[6a8dabd4-d9aa-4d69-8f5d-1f403dba9ac7|rpc:10.1.0.20:33893|dataStream:10.1.0.20:42975|priority:0|startupRole:FOLLOWER, b0971eea-134b-46df-abd0-1018d0776f3a|rpc:10.1.0.20:45025|dataStream:10.1.0.20:37217|priority:0|startupRole:FOLLOWER, b957fc71-c761-4d97-9df6-bc970b063b54|rpc:10.1.0.20:38747|dataStream:10.1.0.20:39175|priority:1|startupRole:FOLLOWER]|listeners:[], old=null
2023-05-04 20:14:03,482 [b957fc71-c761-4d97-9df6-bc970b063b54@group-A5343225BA2E-LeaderElection4-1] INFO  server.GrpcServerProtocolClient (GrpcServerProtocolClient.java:<init>(63)) - Build channel for 6a8dabd4-d9aa-4d69-8f5d-1f403dba9ac7
2023-05-04 20:14:03,483 [b957fc71-c761-4d97-9df6-bc970b063b54@group-A5343225BA2E-LeaderElection4] INFO  server.RaftServerConfigKeys (ConfUtils.java:logFallback(53)) - raft.server.rpc.first-election.timeout.min = 5s (fallback to raft.server.rpc.timeout.min)
2023-05-04 20:14:03,483 [b957fc71-c761-4d97-9df6-bc970b063b54@group-A5343225BA2E-LeaderElection4-2] INFO  server.GrpcServerProtocolClient (GrpcServerProtocolClient.java:<init>(63)) - Build channel for b0971eea-134b-46df-abd0-1018d0776f3a
2023-05-04 20:14:03,483 [b957fc71-c761-4d97-9df6-bc970b063b54@group-A5343225BA2E-LeaderElection4] INFO  server.RaftServerConfigKeys (ConfUtils.java:logFallback(53)) - raft.server.rpc.first-election.timeout.max = 5200ms (fallback to raft.server.rpc.timeout.max)
2023-05-04 20:14:03,490 [grpc-default-executor-1] INFO  server.RaftServer$Division (RaftServerImpl.java:requestVote(1218)) - 6a8dabd4-d9aa-4d69-8f5d-1f403dba9ac7@group-A5343225BA2E: receive requestVote(PRE_VOTE, b957fc71-c761-4d97-9df6-bc970b063b54, group-A5343225BA2E, 0, (t:0, i:0))
2023-05-04 20:14:03,490 [grpc-default-executor-1] INFO  impl.VoteContext (VoteContext.java:log(49)) - 6a8dabd4-d9aa-4d69-8f5d-1f403dba9ac7@group-A5343225BA2E-FOLLOWER: accept PRE_VOTE from b957fc71-c761-4d97-9df6-bc970b063b54: our priority 0 <= candidate's priority 1
2023-05-04 20:14:03,491 [grpc-default-executor-1] INFO  server.RaftServer$Division (RaftServerImpl.java:requestVote(1251)) - 6a8dabd4-d9aa-4d69-8f5d-1f403dba9ac7@group-A5343225BA2E replies to PRE_VOTE vote request: b957fc71-c761-4d97-9df6-bc970b063b54<-6a8dabd4-d9aa-4d69-8f5d-1f403dba9ac7#0:OK-t0. Peer's state: 6a8dabd4-d9aa-4d69-8f5d-1f403dba9ac7@group-A5343225BA2E:t0, leader=null, voted=, raftlog=Memoized:6a8dabd4-d9aa-4d69-8f5d-1f403dba9ac7@group-A5343225BA2E-SegmentedRaftLog:OPENED:c-1, conf=-1: peers:[6a8dabd4-d9aa-4d69-8f5d-1f403dba9ac7|rpc:10.1.0.20:33893|dataStream:10.1.0.20:42975|priority:0|startupRole:FOLLOWER, b0971eea-134b-46df-abd0-1018d0776f3a|rpc:10.1.0.20:45025|dataStream:10.1.0.20:37217|priority:0|startupRole:FOLLOWER, b957fc71-c761-4d97-9df6-bc970b063b54|rpc:10.1.0.20:38747|dataStream:10.1.0.20:39175|priority:1|startupRole:FOLLOWER]|listeners:[], old=null
2023-05-04 20:14:03,498 [b957fc71-c761-4d97-9df6-bc970b063b54@group-A5343225BA2E-LeaderElection4] INFO  impl.LeaderElection (LeaderElection.java:logAndReturn(90)) - b957fc71-c761-4d97-9df6-bc970b063b54@group-A5343225BA2E-LeaderElection4: PRE_VOTE PASSED received 1 response(s) and 0 exception(s):
2023-05-04 20:14:03,498 [b957fc71-c761-4d97-9df6-bc970b063b54@group-A5343225BA2E-LeaderElection4] INFO  impl.LeaderElection (LeaderElection.java:logAndReturn(94)) -   Response 0: b957fc71-c761-4d97-9df6-bc970b063b54<-6a8dabd4-d9aa-4d69-8f5d-1f403dba9ac7#0:OK-t0
2023-05-04 20:14:03,498 [b957fc71-c761-4d97-9df6-bc970b063b54@group-A5343225BA2E-LeaderElection4] INFO  impl.LeaderElection (LeaderElection.java:askForVotes(314)) - b957fc71-c761-4d97-9df6-bc970b063b54@group-A5343225BA2E-LeaderElection4 PRE_VOTE round 0: result PASSED
2023-05-04 20:14:03,500 [b957fc71-c761-4d97-9df6-bc970b063b54@group-A5343225BA2E-LeaderElection4] INFO  impl.LeaderElection (LeaderElection.java:askForVotes(312)) - b957fc71-c761-4d97-9df6-bc970b063b54@group-A5343225BA2E-LeaderElection4 ELECTION round 0: submit vote requests at term 1 for -1: peers:[6a8dabd4-d9aa-4d69-8f5d-1f403dba9ac7|rpc:10.1.0.20:33893|dataStream:10.1.0.20:42975|priority:0|startupRole:FOLLOWER, b0971eea-134b-46df-abd0-1018d0776f3a|rpc:10.1.0.20:45025|dataStream:10.1.0.20:37217|priority:0|startupRole:FOLLOWER, b957fc71-c761-4d97-9df6-bc970b063b54|rpc:10.1.0.20:38747|dataStream:10.1.0.20:39175|priority:1|startupRole:FOLLOWER]|listeners:[], old=null
2023-05-04 20:14:03,506 [b957fc71-c761-4d97-9df6-bc970b063b54@group-A5343225BA2E-LeaderElection4] INFO  server.RaftServerConfigKeys (ConfUtils.java:logFallback(53)) - raft.server.rpc.first-election.timeout.min = 5s (fallback to raft.server.rpc.timeout.min)
2023-05-04 20:14:03,506 [b957fc71-c761-4d97-9df6-bc970b063b54@group-A5343225BA2E-LeaderElection4] INFO  server.RaftServerConfigKeys (ConfUtils.java:logFallback(53)) - raft.server.rpc.first-election.timeout.max = 5200ms (fallback to raft.server.rpc.timeout.max)
2023-05-04 20:14:03,508 [grpc-default-executor-1] INFO  server.RaftServer$Division (RaftServerImpl.java:requestVote(1218)) - b0971eea-134b-46df-abd0-1018d0776f3a@group-A5343225BA2E: receive requestVote(PRE_VOTE, b957fc71-c761-4d97-9df6-bc970b063b54, group-A5343225BA2E, 0, (t:0, i:0))
2023-05-04 20:14:03,508 [grpc-default-executor-1] INFO  impl.VoteContext (VoteContext.java:log(49)) - b0971eea-134b-46df-abd0-1018d0776f3a@group-A5343225BA2E-FOLLOWER: accept PRE_VOTE from b957fc71-c761-4d97-9df6-bc970b063b54: our priority 0 <= candidate's priority 1
2023-05-04 20:14:03,508 [grpc-default-executor-1] INFO  server.RaftServer$Division (RaftServerImpl.java:requestVote(1251)) - b0971eea-134b-46df-abd0-1018d0776f3a@group-A5343225BA2E replies to PRE_VOTE vote request: b957fc71-c761-4d97-9df6-bc970b063b54<-b0971eea-134b-46df-abd0-1018d0776f3a#0:OK-t0. Peer's state: b0971eea-134b-46df-abd0-1018d0776f3a@group-A5343225BA2E:t0, leader=null, voted=, raftlog=Memoized:b0971eea-134b-46df-abd0-1018d0776f3a@group-A5343225BA2E-SegmentedRaftLog:OPENED:c-1, conf=-1: peers:[6a8dabd4-d9aa-4d69-8f5d-1f403dba9ac7|rpc:10.1.0.20:33893|dataStream:10.1.0.20:42975|priority:0|startupRole:FOLLOWER, b0971eea-134b-46df-abd0-1018d0776f3a|rpc:10.1.0.20:45025|dataStream:10.1.0.20:37217|priority:0|startupRole:FOLLOWER, b957fc71-c761-4d97-9df6-bc970b063b54|rpc:10.1.0.20:38747|dataStream:10.1.0.20:39175|priority:1|startupRole:FOLLOWER]|listeners:[], old=null
2023-05-04 20:14:03,512 [grpc-default-executor-1] INFO  server.RaftServer$Division (RaftServerImpl.java:requestVote(1218)) - 6a8dabd4-d9aa-4d69-8f5d-1f403dba9ac7@group-A5343225BA2E: receive requestVote(ELECTION, b957fc71-c761-4d97-9df6-bc970b063b54, group-A5343225BA2E, 1, (t:0, i:0))
2023-05-04 20:14:03,512 [grpc-default-executor-1] INFO  impl.VoteContext (VoteContext.java:log(49)) - 6a8dabd4-d9aa-4d69-8f5d-1f403dba9ac7@group-A5343225BA2E-FOLLOWER: accept ELECTION from b957fc71-c761-4d97-9df6-bc970b063b54: our priority 0 <= candidate's priority 1
2023-05-04 20:14:03,512 [grpc-default-executor-1] INFO  server.RaftServer$Division (RaftServerImpl.java:setRole(321)) - 6a8dabd4-d9aa-4d69-8f5d-1f403dba9ac7@group-A5343225BA2E: changes role from  FOLLOWER to FOLLOWER at term 1 for candidate:b957fc71-c761-4d97-9df6-bc970b063b54
2023-05-04 20:14:03,512 [grpc-default-executor-1] INFO  impl.RoleInfo (RoleInfo.java:shutdownFollowerState(110)) - 6a8dabd4-d9aa-4d69-8f5d-1f403dba9ac7: shutdown 6a8dabd4-d9aa-4d69-8f5d-1f403dba9ac7@group-A5343225BA2E-FollowerState
2023-05-04 20:14:03,512 [grpc-default-executor-1] INFO  impl.RoleInfo (RoleInfo.java:updateAndGet(139)) - 6a8dabd4-d9aa-4d69-8f5d-1f403dba9ac7: start 6a8dabd4-d9aa-4d69-8f5d-1f403dba9ac7@group-A5343225BA2E-FollowerState
2023-05-04 20:14:03,512 [6a8dabd4-d9aa-4d69-8f5d-1f403dba9ac7@group-A5343225BA2E-FollowerState] INFO  impl.FollowerState (FollowerState.java:run(152)) - 6a8dabd4-d9aa-4d69-8f5d-1f403dba9ac7@group-A5343225BA2E-FollowerState was interrupted
2023-05-04 20:14:03,514 [grpc-default-executor-0] INFO  server.RaftServer$Division (RaftServerImpl.java:requestVote(1218)) - b0971eea-134b-46df-abd0-1018d0776f3a@group-A5343225BA2E: receive requestVote(ELECTION, b957fc71-c761-4d97-9df6-bc970b063b54, group-A5343225BA2E, 1, (t:0, i:0))
2023-05-04 20:14:03,515 [grpc-default-executor-0] INFO  impl.VoteContext (VoteContext.java:log(49)) - b0971eea-134b-46df-abd0-1018d0776f3a@group-A5343225BA2E-FOLLOWER: accept ELECTION from b957fc71-c761-4d97-9df6-bc970b063b54: our priority 0 <= candidate's priority 1
2023-05-04 20:14:03,515 [grpc-default-executor-0] INFO  server.RaftServer$Division (RaftServerImpl.java:setRole(321)) - b0971eea-134b-46df-abd0-1018d0776f3a@group-A5343225BA2E: changes role from  FOLLOWER to FOLLOWER at term 1 for candidate:b957fc71-c761-4d97-9df6-bc970b063b54
2023-05-04 20:14:03,515 [6a8dabd4-d9aa-4d69-8f5d-1f403dba9ac7@group-A5343225BA2E-FollowerState] INFO  server.RaftServerConfigKeys (ConfUtils.java:logFallback(53)) - raft.server.rpc.first-election.timeout.min = 5s (fallback to raft.server.rpc.timeout.min)
2023-05-04 20:14:03,515 [grpc-default-executor-0] INFO  impl.RoleInfo (RoleInfo.java:shutdownFollowerState(110)) - b0971eea-134b-46df-abd0-1018d0776f3a: shutdown b0971eea-134b-46df-abd0-1018d0776f3a@group-A5343225BA2E-FollowerState
2023-05-04 20:14:03,515 [grpc-default-executor-0] INFO  impl.RoleInfo (RoleInfo.java:updateAndGet(139)) - b0971eea-134b-46df-abd0-1018d0776f3a: start b0971eea-134b-46df-abd0-1018d0776f3a@group-A5343225BA2E-FollowerState
2023-05-04 20:14:03,515 [b0971eea-134b-46df-abd0-1018d0776f3a@group-A5343225BA2E-FollowerState] INFO  impl.FollowerState (FollowerState.java:run(152)) - b0971eea-134b-46df-abd0-1018d0776f3a@group-A5343225BA2E-FollowerState was interrupted
2023-05-04 20:14:03,516 [grpc-default-executor-1] INFO  server.RaftServer$Division (RaftServerImpl.java:requestVote(1251)) - 6a8dabd4-d9aa-4d69-8f5d-1f403dba9ac7@group-A5343225BA2E replies to ELECTION vote request: b957fc71-c761-4d97-9df6-bc970b063b54<-6a8dabd4-d9aa-4d69-8f5d-1f403dba9ac7#0:OK-t1. Peer's state: 6a8dabd4-d9aa-4d69-8f5d-1f403dba9ac7@group-A5343225BA2E:t1, leader=null, voted=b957fc71-c761-4d97-9df6-bc970b063b54, raftlog=Memoized:6a8dabd4-d9aa-4d69-8f5d-1f403dba9ac7@group-A5343225BA2E-SegmentedRaftLog:OPENED:c-1, conf=-1: peers:[6a8dabd4-d9aa-4d69-8f5d-1f403dba9ac7|rpc:10.1.0.20:33893|dataStream:10.1.0.20:42975|priority:0|startupRole:FOLLOWER, b0971eea-134b-46df-abd0-1018d0776f3a|rpc:10.1.0.20:45025|dataStream:10.1.0.20:37217|priority:0|startupRole:FOLLOWER, b957fc71-c761-4d97-9df6-bc970b063b54|rpc:10.1.0.20:38747|dataStream:10.1.0.20:39175|priority:1|startupRole:FOLLOWER]|listeners:[], old=null
2023-05-04 20:14:03,515 [6a8dabd4-d9aa-4d69-8f5d-1f403dba9ac7@group-A5343225BA2E-FollowerState] INFO  server.RaftServerConfigKeys (ConfUtils.java:logFallback(53)) - raft.server.rpc.first-election.timeout.max = 5200ms (fallback to raft.server.rpc.timeout.max)
2023-05-04 20:14:03,518 [b0971eea-134b-46df-abd0-1018d0776f3a@group-A5343225BA2E-FollowerState] INFO  server.RaftServerConfigKeys (ConfUtils.java:logFallback(53)) - raft.server.rpc.first-election.timeout.min = 5s (fallback to raft.server.rpc.timeout.min)
2023-05-04 20:14:03,518 [b0971eea-134b-46df-abd0-1018d0776f3a@group-A5343225BA2E-FollowerState] INFO  server.RaftServerConfigKeys (ConfUtils.java:logFallback(53)) - raft.server.rpc.first-election.timeout.max = 5200ms (fallback to raft.server.rpc.timeout.max)
2023-05-04 20:14:03,519 [grpc-default-executor-0] INFO  server.RaftServer$Division (RaftServerImpl.java:requestVote(1251)) - b0971eea-134b-46df-abd0-1018d0776f3a@group-A5343225BA2E replies to ELECTION vote request: b957fc71-c761-4d97-9df6-bc970b063b54<-b0971eea-134b-46df-abd0-1018d0776f3a#0:OK-t1. Peer's state: b0971eea-134b-46df-abd0-1018d0776f3a@group-A5343225BA2E:t1, leader=null, voted=b957fc71-c761-4d97-9df6-bc970b063b54, raftlog=Memoized:b0971eea-134b-46df-abd0-1018d0776f3a@group-A5343225BA2E-SegmentedRaftLog:OPENED:c-1, conf=-1: peers:[6a8dabd4-d9aa-4d69-8f5d-1f403dba9ac7|rpc:10.1.0.20:33893|dataStream:10.1.0.20:42975|priority:0|startupRole:FOLLOWER, b0971eea-134b-46df-abd0-1018d0776f3a|rpc:10.1.0.20:45025|dataStream:10.1.0.20:37217|priority:0|startupRole:FOLLOWER, b957fc71-c761-4d97-9df6-bc970b063b54|rpc:10.1.0.20:38747|dataStream:10.1.0.20:39175|priority:1|startupRole:FOLLOWER]|listeners:[], old=null
2023-05-04 20:14:03,520 [b957fc71-c761-4d97-9df6-bc970b063b54@group-A5343225BA2E-LeaderElection4] INFO  impl.LeaderElection (LeaderElection.java:logAndReturn(90)) - b957fc71-c761-4d97-9df6-bc970b063b54@group-A5343225BA2E-LeaderElection4: ELECTION PASSED received 1 response(s) and 0 exception(s):
2023-05-04 20:14:03,520 [b957fc71-c761-4d97-9df6-bc970b063b54@group-A5343225BA2E-LeaderElection4] INFO  impl.LeaderElection (LeaderElection.java:logAndReturn(94)) -   Response 0: b957fc71-c761-4d97-9df6-bc970b063b54<-b0971eea-134b-46df-abd0-1018d0776f3a#0:OK-t1
2023-05-04 20:14:03,520 [b957fc71-c761-4d97-9df6-bc970b063b54@group-A5343225BA2E-LeaderElection4] INFO  impl.LeaderElection (LeaderElection.java:askForVotes(314)) - b957fc71-c761-4d97-9df6-bc970b063b54@group-A5343225BA2E-LeaderElection4 ELECTION round 0: result PASSED
2023-05-04 20:14:03,520 [b957fc71-c761-4d97-9df6-bc970b063b54@group-A5343225BA2E-LeaderElection4] INFO  impl.RoleInfo (RoleInfo.java:shutdownLeaderElection(130)) - b957fc71-c761-4d97-9df6-bc970b063b54: shutdown b957fc71-c761-4d97-9df6-bc970b063b54@group-A5343225BA2E-LeaderElection4
2023-05-04 20:14:03,520 [b957fc71-c761-4d97-9df6-bc970b063b54@group-A5343225BA2E-LeaderElection4] INFO  server.RaftServer$Division (RaftServerImpl.java:setRole(321)) - b957fc71-c761-4d97-9df6-bc970b063b54@group-A5343225BA2E: changes role from CANDIDATE to LEADER at term 1 for changeToLeader
2023-05-04 20:14:03,520 [b957fc71-c761-4d97-9df6-bc970b063b54@group-A5343225BA2E-LeaderElection4] INFO  ratis.XceiverServerRatis (XceiverServerRatis.java:handleLeaderChangedNotification(904)) - Leader change notification received for group: group-A5343225BA2E with new leaderId: b957fc71-c761-4d97-9df6-bc970b063b54
2023-05-04 20:14:03,521 [b957fc71-c761-4d97-9df6-bc970b063b54@group-A5343225BA2E-LeaderElection4] INFO  server.RaftServer$Division (ServerState.java:setLeader(313)) - b957fc71-c761-4d97-9df6-bc970b063b54@group-A5343225BA2E: change Leader from null to b957fc71-c761-4d97-9df6-bc970b063b54 at term 1 for becomeLeader, leader elected after 5136ms
2023-05-04 20:14:03,521 [b957fc71-c761-4d97-9df6-bc970b063b54@group-A5343225BA2E-LeaderElection4] INFO  server.RaftServerConfigKeys (ConfUtils.java:logGet(46)) - raft.server.staging.catchup.gap = 1000 (default)
2023-05-04 20:14:03,521 [b957fc71-c761-4d97-9df6-bc970b063b54@group-A5343225BA2E-LeaderElection4] INFO  server.RaftServerConfigKeys (ConfUtils.java:logGet(46)) - raft.server.write.element-limit = 1024 (custom)
2023-05-04 20:14:03,521 [b957fc71-c761-4d97-9df6-bc970b063b54@group-A5343225BA2E-LeaderElection4] INFO  server.RaftServerConfigKeys (ConfUtils.java:logGet(46)) - raft.server.write.byte-limit = 1024 M (=1073741824) (custom)
2023-05-04 20:14:03,522 [b957fc71-c761-4d97-9df6-bc970b063b54@group-A5343225BA2E-LeaderElection4] INFO  server.RaftServerConfigKeys (ConfUtils.java:logGet(46)) - raft.server.watch.timeout = 180s (custom)
2023-05-04 20:14:03,522 [b957fc71-c761-4d97-9df6-bc970b063b54@group-A5343225BA2E-LeaderElection4] INFO  server.RaftServerConfigKeys (ConfUtils.java:logGet(46)) - raft.server.watch.timeout.denomination = 1s (default)
2023-05-04 20:14:03,522 [b957fc71-c761-4d97-9df6-bc970b063b54@group-A5343225BA2E-LeaderElection4] INFO  server.RaftServerConfigKeys (ConfUtils.java:logGet(46)) - raft.server.watch.element-limit = 65536 (default)
2023-05-04 20:14:03,522 [b957fc71-c761-4d97-9df6-bc970b063b54@group-A5343225BA2E-LeaderElection4] INFO  server.RaftServerConfigKeys (ConfUtils.java:logGet(46)) - raft.server.write.element-limit = 1024 (custom)
2023-05-04 20:14:03,522 [b957fc71-c761-4d97-9df6-bc970b063b54@group-A5343225BA2E-LeaderElection4] INFO  server.RaftServerConfigKeys (ConfUtils.java:logGet(46)) - raft.server.write.follower.gap.ratio.max = -1.0 (default)
2023-05-04 20:14:03,526 [EventQueue-PipelineReportForPipelineReportHandler] INFO  pipeline.PipelineManagerImpl (PipelineManagerImpl.java:openPipeline(367)) - Pipeline Pipeline[ Id: 9898e671-3a8e-4fcd-a845-a5343225ba2e, Nodes: 6a8dabd4-d9aa-4d69-8f5d-1f403dba9ac7(fv-az804-457.cvtsq3ctpw5ehehiek0yp1ke0c.cx.internal.cloudapp.net/10.1.0.20)b957fc71-c761-4d97-9df6-bc970b063b54(fv-az804-457.cvtsq3ctpw5ehehiek0yp1ke0c.cx.internal.cloudapp.net/10.1.0.20)b0971eea-134b-46df-abd0-1018d0776f3a(fv-az804-457.cvtsq3ctpw5ehehiek0yp1ke0c.cx.internal.cloudapp.net/10.1.0.20), ReplicationConfig: RATIS/THREE, State:ALLOCATED, leaderId:b957fc71-c761-4d97-9df6-bc970b063b54, CreationTimestamp2023-05-04T20:13:55.882Z[Etc/UTC]] moved to OPEN state
2023-05-04 20:14:03,528 [EventQueue-OpenPipelineForHealthyPipelineSafeModeRule] INFO  safemode.SCMSafeModeManager (HealthyPipelineSafeModeRule.java:process(137)) - SCM in safe mode. Healthy pipelines reported count is 1, required healthy pipeline reported count is 1
2023-05-04 20:14:03,528 [EventQueue-OpenPipelineForHealthyPipelineSafeModeRule] INFO  safemode.SCMSafeModeManager (SCMSafeModeManager.java:validateSafeModeExitRules(200)) - HealthyPipelineSafeModeRule rule is successfully validated
2023-05-04 20:14:03,528 [EventQueue-OpenPipelineForHealthyPipelineSafeModeRule] INFO  safemode.SCMSafeModeManager (SCMSafeModeManager.java:validateSafeModeExitRules(215)) - ScmSafeModeManager, all rules are successfully validated
2023-05-04 20:14:03,528 [EventQueue-OpenPipelineForHealthyPipelineSafeModeRule] INFO  safemode.SCMSafeModeManager (SCMSafeModeManager.java:exitSafeMode(244)) - SCM exiting safe mode.
2023-05-04 20:14:03,528 [EventQueue-OpenPipelineForHealthyPipelineSafeModeRule] INFO  ha.SCMContext (SCMContext.java:updateSafeModeStatus(228)) - Update SafeModeStatus from SafeModeStatus{safeModeStatus=true, preCheckPassed=true} to SafeModeStatus{safeModeStatus=false, preCheckPassed=true}.
2023-05-04 20:14:03,528 [EventQueue-OpenPipelineForHealthyPipelineSafeModeRule] INFO  pipeline.BackgroundPipelineCreator (BackgroundPipelineCreator.java:notifyStatusChanged(254)) - Service BackgroundPipelineCreator transitions to RUNNING.
2023-05-04 20:14:03,528 [EventQueue-OpenPipelineForHealthyPipelineSafeModeRule] INFO  BackgroundPipelineScrubber (BackgroundSCMService.java:notifyStatusChanged(82)) - Service BackgroundPipelineScrubber transitions to RUNNING.
2023-05-04 20:14:03,528 [EventQueue-OpenPipelineForHealthyPipelineSafeModeRule] INFO  ExpiredContainerReplicaOpScrubber (BackgroundSCMService.java:notifyStatusChanged(82)) - Service ExpiredContainerReplicaOpScrubber transitions to RUNNING.
2023-05-04 20:14:03,528 [EventQueue-OpenPipelineForHealthyPipelineSafeModeRule] INFO  replication.ReplicationManager (ReplicationManager.java:notifyStatusChanged(1370)) - Service ReplicationManager transitions to RUNNING.
2023-05-04 20:14:03,531 [EventQueue-OpenPipelineForHealthyPipelineSafeModeRule] WARN  balancer.ContainerBalancer (ContainerBalancer.java:shouldRun(132)) - Could not find persisted configuration for ContainerBalancer when checking if ContainerBalancer should run. ContainerBalancer should not run now.
2023-05-04 20:14:03,538 [Listener at 127.0.0.1/35517] INFO  ozone.MiniOzoneClusterImpl (MiniOzoneClusterImpl.java:lambda$waitForClusterToBeReady$0(223)) - Nodes are ready. Got 14 of 14 DN Heartbeats.
2023-05-04 20:14:03,539 [Listener at 127.0.0.1/35517] INFO  ozone.MiniOzoneClusterImpl (MiniOzoneClusterImpl.java:lambda$waitForClusterToBeReady$0(226)) - Cluster exits safe mode
2023-05-04 20:14:03,539 [Listener at 127.0.0.1/35517] INFO  ozone.MiniOzoneClusterImpl (MiniOzoneClusterImpl.java:lambda$waitForClusterToBeReady$0(228)) - SCM became leader
2023-05-04 20:14:03,539 [b957fc71-c761-4d97-9df6-bc970b063b54@group-A5343225BA2E-LeaderElection4] INFO  server.RaftServerConfigKeys (ConfUtils.java:logGet(46)) - raft.server.log.appender.snapshot.chunk.size.max = 16MB (=16777216) (default)
2023-05-04 20:14:03,539 [b957fc71-c761-4d97-9df6-bc970b063b54@group-A5343225BA2E-LeaderElection4] INFO  server.RaftServerConfigKeys (ConfUtils.java:logGet(46)) - raft.server.log.appender.buffer.byte-limit = 33554432 (custom)
2023-05-04 20:14:03,540 [b957fc71-c761-4d97-9df6-bc970b063b54@group-A5343225BA2E-LeaderElection4] INFO  server.RaftServerConfigKeys (ConfUtils.java:logGet(46)) - raft.server.log.appender.buffer.element-limit = 1 (custom)
2023-05-04 20:14:03,542 [b957fc71-c761-4d97-9df6-bc970b063b54@group-A5343225BA2E-LeaderElection4] INFO  grpc.GrpcConfigKeys (ConfUtils.java:logGet(46)) - raft.grpc.server.leader.outstanding.appends.max = 128 (default)
2023-05-04 20:14:03,544 [b957fc71-c761-4d97-9df6-bc970b063b54@group-A5343225BA2E-LeaderElection4] INFO  server.RaftServerConfigKeys (ConfUtils.java:logGet(46)) - raft.server.rpc.request.timeout = 60s (custom)
2023-05-04 20:14:03,544 [b957fc71-c761-4d97-9df6-bc970b063b54@group-A5343225BA2E-LeaderElection4] INFO  server.RaftServerConfigKeys (ConfUtils.java:logGet(46)) - raft.server.log.appender.install.snapshot.enabled = false (custom)
2023-05-04 20:14:03,544 [b957fc71-c761-4d97-9df6-bc970b063b54@group-A5343225BA2E-LeaderElection4] INFO  grpc.GrpcConfigKeys (ConfUtils.java:logGet(46)) - raft.grpc.server.heartbeat.channel = true (default)
2023-05-04 20:14:03,545 [b957fc71-c761-4d97-9df6-bc970b063b54@group-A5343225BA2E-LeaderElection4] INFO  server.RaftServerConfigKeys (ConfUtils.java:logGet(46)) - raft.server.log.appender.wait-time.min = 10ms (default)
2023-05-04 20:14:03,548 [b957fc71-c761-4d97-9df6-bc970b063b54@group-A5343225BA2E-LeaderElection4] INFO  server.RaftServerConfigKeys (ConfUtils.java:logGet(46)) - raft.server.log.appender.snapshot.chunk.size.max = 16MB (=16777216) (default)
2023-05-04 20:14:03,548 [b957fc71-c761-4d97-9df6-bc970b063b54@group-A5343225BA2E-LeaderElection4] INFO  server.RaftServerConfigKeys (ConfUtils.java:logGet(46)) - raft.server.log.appender.buffer.byte-limit = 33554432 (custom)
2023-05-04 20:14:03,548 [b957fc71-c761-4d97-9df6-bc970b063b54@group-A5343225BA2E-LeaderElection4] INFO  server.RaftServerConfigKeys (ConfUtils.java:logGet(46)) - raft.server.log.appender.buffer.element-limit = 1 (custom)
2023-05-04 20:14:03,548 [b957fc71-c761-4d97-9df6-bc970b063b54@group-A5343225BA2E-LeaderElection4] INFO  grpc.GrpcConfigKeys (ConfUtils.java:logGet(46)) - raft.grpc.server.leader.outstanding.appends.max = 128 (default)
2023-05-04 20:14:03,548 [b957fc71-c761-4d97-9df6-bc970b063b54@group-A5343225BA2E-LeaderElection4] INFO  server.RaftServerConfigKeys (ConfUtils.java:logGet(46)) - raft.server.rpc.request.timeout = 60s (custom)
2023-05-04 20:14:03,548 [b957fc71-c761-4d97-9df6-bc970b063b54@group-A5343225BA2E-LeaderElection4] INFO  server.RaftServerConfigKeys (ConfUtils.java:logGet(46)) - raft.server.log.appender.install.snapshot.enabled = false (custom)
2023-05-04 20:14:03,548 [b957fc71-c761-4d97-9df6-bc970b063b54@group-A5343225BA2E-LeaderElection4] INFO  grpc.GrpcConfigKeys (ConfUtils.java:logGet(46)) - raft.grpc.server.heartbeat.channel = true (default)
2023-05-04 20:14:03,548 [b957fc71-c761-4d97-9df6-bc970b063b54@group-A5343225BA2E-LeaderElection4] INFO  server.RaftServerConfigKeys (ConfUtils.java:logGet(46)) - raft.server.log.appender.wait-time.min = 10ms (default)
2023-05-04 20:14:03,549 [b957fc71-c761-4d97-9df6-bc970b063b54@group-A5343225BA2E-LeaderElection4] INFO  impl.RoleInfo (RoleInfo.java:updateAndGet(139)) - b957fc71-c761-4d97-9df6-bc970b063b54: start b957fc71-c761-4d97-9df6-bc970b063b54@group-A5343225BA2E-LeaderStateImpl
2023-05-04 20:14:03,551 [b957fc71-c761-4d97-9df6-bc970b063b54@group-A5343225BA2E-LeaderElection4] INFO  segmented.SegmentedRaftLogWorker (SegmentedRaftLogWorker.java:startLogSegment(452)) - b957fc71-c761-4d97-9df6-bc970b063b54@group-A5343225BA2E-SegmentedRaftLogWorker: Starting segment from index:0
2023-05-04 20:14:03,553 [b957fc71-c761-4d97-9df6-bc970b063b54@group-A5343225BA2E-SegmentedRaftLogWorker] INFO  segmented.SegmentedRaftLogWorker (SegmentedRaftLogWorker.java:execute(656)) - b957fc71-c761-4d97-9df6-bc970b063b54@group-A5343225BA2E-SegmentedRaftLogWorker: created new log segment /home/runner/work/ozone/ozone/hadoop-ozone/integration-test/target/test-dir/MiniOzoneClusterImpl-3ff5bc89-9620-4d46-84f6-68e3c2a3a822/datanode-1/data/ratis/9898e671-3a8e-4fcd-a845-a5343225ba2e/current/log_inprogress_0
2023-05-04 20:14:03,567 [b957fc71-c761-4d97-9df6-bc970b063b54@group-A5343225BA2E-LeaderElection4] INFO  server.RaftServer$Division (ServerState.java:setRaftConf(430)) - b957fc71-c761-4d97-9df6-bc970b063b54@group-A5343225BA2E: set configuration 0: peers:[6a8dabd4-d9aa-4d69-8f5d-1f403dba9ac7|rpc:10.1.0.20:33893|dataStream:10.1.0.20:42975|priority:0|startupRole:FOLLOWER, b0971eea-134b-46df-abd0-1018d0776f3a|rpc:10.1.0.20:45025|dataStream:10.1.0.20:37217|priority:0|startupRole:FOLLOWER, b957fc71-c761-4d97-9df6-bc970b063b54|rpc:10.1.0.20:38747|dataStream:10.1.0.20:39175|priority:1|startupRole:FOLLOWER]|listeners:[], old=null
2023-05-04 20:14:03,576 [b957fc71-c761-4d97-9df6-bc970b063b54@group-4CBA959A46DC-FollowerState] INFO  impl.FollowerState (FollowerState.java:run(143)) - b957fc71-c761-4d97-9df6-bc970b063b54@group-4CBA959A46DC-FollowerState: change to CANDIDATE, lastRpcElapsedTime:5034006516ns, electionTimeout:5026ms
2023-05-04 20:14:03,579 [b957fc71-c761-4d97-9df6-bc970b063b54@group-4CBA959A46DC-FollowerState] INFO  impl.RoleInfo (RoleInfo.java:shutdownFollowerState(110)) - b957fc71-c761-4d97-9df6-bc970b063b54: shutdown b957fc71-c761-4d97-9df6-bc970b063b54@group-4CBA959A46DC-FollowerState
2023-05-04 20:14:03,579 [b957fc71-c761-4d97-9df6-bc970b063b54@group-4CBA959A46DC-FollowerState] INFO  server.RaftServer$Division (RaftServerImpl.java:setRole(321)) - b957fc71-c761-4d97-9df6-bc970b063b54@group-4CBA959A46DC: changes role from  FOLLOWER to CANDIDATE at term 0 for changeToCandidate
2023-05-04 20:14:03,579 [b957fc71-c761-4d97-9df6-bc970b063b54@group-4CBA959A46DC-FollowerState] INFO  server.RaftServerConfigKeys (ConfUtils.java:logGet(46)) - raft.server.leaderelection.pre-vote = true (default)
2023-05-04 20:14:03,580 [b957fc71-c761-4d97-9df6-bc970b063b54@group-4CBA959A46DC-FollowerState] INFO  impl.RoleInfo (RoleInfo.java:updateAndGet(139)) - b957fc71-c761-4d97-9df6-bc970b063b54: start b957fc71-c761-4d97-9df6-bc970b063b54@group-4CBA959A46DC-LeaderElection5
2023-05-04 20:14:03,597 [b957fc71-c761-4d97-9df6-bc970b063b54@group-4CBA959A46DC-LeaderElection5] INFO  impl.LeaderElection (LeaderElection.java:askForVotes(312)) - b957fc71-c761-4d97-9df6-bc970b063b54@group-4CBA959A46DC-LeaderElection5 PRE_VOTE round 0: submit vote requests at term 0 for -1: peers:[6a8dabd4-d9aa-4d69-8f5d-1f403dba9ac7|rpc:10.1.0.20:33893|dataStream:10.1.0.20:42975|priority:1|startupRole:FOLLOWER, b0971eea-134b-46df-abd0-1018d0776f3a|rpc:10.1.0.20:45025|dataStream:10.1.0.20:37217|priority:0|startupRole:FOLLOWER, b957fc71-c761-4d97-9df6-bc970b063b54|rpc:10.1.0.20:38747|dataStream:10.1.0.20:39175|priority:0|startupRole:FOLLOWER]|listeners:[], old=null
2023-05-04 20:14:03,599 [b957fc71-c761-4d97-9df6-bc970b063b54@group-4CBA959A46DC-LeaderElection5] INFO  server.RaftServerConfigKeys (ConfUtils.java:logFallback(53)) - raft.server.rpc.first-election.timeout.min = 5s (fallback to raft.server.rpc.timeout.min)
2023-05-04 20:14:03,599 [b957fc71-c761-4d97-9df6-bc970b063b54@group-4CBA959A46DC-LeaderElection5] INFO  server.RaftServerConfigKeys (ConfUtils.java:logFallback(53)) - raft.server.rpc.first-election.timeout.max = 5200ms (fallback to raft.server.rpc.timeout.max)
2023-05-04 20:14:03,619 [grpc-default-executor-2] INFO  server.RaftServer$Division (RaftServerImpl.java:requestVote(1218)) - b0971eea-134b-46df-abd0-1018d0776f3a@group-4CBA959A46DC: receive requestVote(PRE_VOTE, b957fc71-c761-4d97-9df6-bc970b063b54, group-4CBA959A46DC, 0, (t:0, i:0))
2023-05-04 20:14:03,620 [grpc-default-executor-2] INFO  impl.VoteContext (VoteContext.java:log(49)) - b0971eea-134b-46df-abd0-1018d0776f3a@group-4CBA959A46DC-FOLLOWER: accept PRE_VOTE from b957fc71-c761-4d97-9df6-bc970b063b54: our priority 0 <= candidate's priority 0
2023-05-04 20:14:03,620 [grpc-default-executor-2] INFO  server.RaftServer$Division (RaftServerImpl.java:requestVote(1251)) - b0971eea-134b-46df-abd0-1018d0776f3a@group-4CBA959A46DC replies to PRE_VOTE vote request: b957fc71-c761-4d97-9df6-bc970b063b54<-b0971eea-134b-46df-abd0-1018d0776f3a#0:OK-t0. Peer's state: b0971eea-134b-46df-abd0-1018d0776f3a@group-4CBA959A46DC:t0, leader=null, voted=, raftlog=Memoized:b0971eea-134b-46df-abd0-1018d0776f3a@group-4CBA959A46DC-SegmentedRaftLog:OPENED:c-1, conf=-1: peers:[6a8dabd4-d9aa-4d69-8f5d-1f403dba9ac7|rpc:10.1.0.20:33893|dataStream:10.1.0.20:42975|priority:1|startupRole:FOLLOWER, b0971eea-134b-46df-abd0-1018d0776f3a|rpc:10.1.0.20:45025|dataStream:10.1.0.20:37217|priority:0|startupRole:FOLLOWER, b957fc71-c761-4d97-9df6-bc970b063b54|rpc:10.1.0.20:38747|dataStream:10.1.0.20:39175|priority:0|startupRole:FOLLOWER]|listeners:[], old=null
2023-05-04 20:14:03,627 [6a8dabd4-d9aa-4d69-8f5d-1f403dba9ac7-server-thread2] INFO  ratis.XceiverServerRatis (XceiverServerRatis.java:handleLeaderChangedNotification(904)) - Leader change notification received for group: group-A5343225BA2E with new leaderId: b957fc71-c761-4d97-9df6-bc970b063b54
2023-05-04 20:14:03,627 [6a8dabd4-d9aa-4d69-8f5d-1f403dba9ac7-server-thread2] INFO  server.RaftServer$Division (ServerState.java:setLeader(313)) - 6a8dabd4-d9aa-4d69-8f5d-1f403dba9ac7@group-A5343225BA2E: change Leader from null to b957fc71-c761-4d97-9df6-bc970b063b54 at term 1 for appendEntries, leader elected after 5761ms
2023-05-04 20:14:03,632 [b0971eea-134b-46df-abd0-1018d0776f3a-server-thread2] INFO  ratis.XceiverServerRatis (XceiverServerRatis.java:handleLeaderChangedNotification(904)) - Leader change notification received for group: group-A5343225BA2E with new leaderId: b957fc71-c761-4d97-9df6-bc970b063b54
2023-05-04 20:14:03,632 [b0971eea-134b-46df-abd0-1018d0776f3a-server-thread2] INFO  server.RaftServer$Division (ServerState.java:setLeader(313)) - b0971eea-134b-46df-abd0-1018d0776f3a@group-A5343225BA2E: change Leader from null to b957fc71-c761-4d97-9df6-bc970b063b54 at term 1 for appendEntries, leader elected after 5049ms
2023-05-04 20:14:03,634 [b957fc71-c761-4d97-9df6-bc970b063b54@group-9AF4574F81C0-FollowerState] INFO  impl.FollowerState (FollowerState.java:run(143)) - b957fc71-c761-4d97-9df6-bc970b063b54@group-9AF4574F81C0-FollowerState: change to CANDIDATE, lastRpcElapsedTime:5140144948ns, electionTimeout:5135ms
2023-05-04 20:14:03,635 [b957fc71-c761-4d97-9df6-bc970b063b54@group-9AF4574F81C0-FollowerState] INFO  impl.RoleInfo (RoleInfo.java:shutdownFollowerState(110)) - b957fc71-c761-4d97-9df6-bc970b063b54: shutdown b957fc71-c761-4d97-9df6-bc970b063b54@group-9AF4574F81C0-FollowerState
2023-05-04 20:14:03,635 [b957fc71-c761-4d97-9df6-bc970b063b54@group-9AF4574F81C0-FollowerState] INFO  server.RaftServer$Division (RaftServerImpl.java:setRole(321)) - b957fc71-c761-4d97-9df6-bc970b063b54@group-9AF4574F81C0: changes role from  FOLLOWER to CANDIDATE at term 0 for changeToCandidate
2023-05-04 20:14:03,650 [grpc-default-executor-3] INFO  server.RaftServer$Division (RaftServerImpl.java:requestVote(1218)) - 6a8dabd4-d9aa-4d69-8f5d-1f403dba9ac7@group-4CBA959A46DC: receive requestVote(PRE_VOTE, b957fc71-c761-4d97-9df6-bc970b063b54, group-4CBA959A46DC, 0, (t:0, i:0))
2023-05-04 20:14:03,650 [grpc-default-executor-3] INFO  impl.VoteContext (VoteContext.java:log(49)) - 6a8dabd4-d9aa-4d69-8f5d-1f403dba9ac7@group-4CBA959A46DC-FOLLOWER: reject PRE_VOTE from b957fc71-c761-4d97-9df6-bc970b063b54: our priority 1 > candidate's priority 0
2023-05-04 20:14:03,650 [grpc-default-executor-3] INFO  server.RaftServer$Division (RaftServerImpl.java:requestVote(1251)) - 6a8dabd4-d9aa-4d69-8f5d-1f403dba9ac7@group-4CBA959A46DC replies to PRE_VOTE vote request: b957fc71-c761-4d97-9df6-bc970b063b54<-6a8dabd4-d9aa-4d69-8f5d-1f403dba9ac7#0:FAIL-t0. Peer's state: 6a8dabd4-d9aa-4d69-8f5d-1f403dba9ac7@group-4CBA959A46DC:t0, leader=null, voted=, raftlog=Memoized:6a8dabd4-d9aa-4d69-8f5d-1f403dba9ac7@group-4CBA959A46DC-SegmentedRaftLog:OPENED:c-1, conf=-1: peers:[6a8dabd4-d9aa-4d69-8f5d-1f403dba9ac7|rpc:10.1.0.20:33893|dataStream:10.1.0.20:42975|priority:1|startupRole:FOLLOWER, b0971eea-134b-46df-abd0-1018d0776f3a|rpc:10.1.0.20:45025|dataStream:10.1.0.20:37217|priority:0|startupRole:FOLLOWER, b957fc71-c761-4d97-9df6-bc970b063b54|rpc:10.1.0.20:38747|dataStream:10.1.0.20:39175|priority:0|startupRole:FOLLOWER]|listeners:[], old=null
2023-05-04 20:14:03,651 [b0971eea-134b-46df-abd0-1018d0776f3a-server-thread2] INFO  server.RaftServer$Division (ServerState.java:setRaftConf(430)) - b0971eea-134b-46df-abd0-1018d0776f3a@group-A5343225BA2E: set configuration 0: peers:[6a8dabd4-d9aa-4d69-8f5d-1f403dba9ac7|rpc:10.1.0.20:33893|dataStream:10.1.0.20:42975|priority:0|startupRole:FOLLOWER, b0971eea-134b-46df-abd0-1018d0776f3a|rpc:10.1.0.20:45025|dataStream:10.1.0.20:37217|priority:0|startupRole:FOLLOWER, b957fc71-c761-4d97-9df6-bc970b063b54|rpc:10.1.0.20:38747|dataStream:10.1.0.20:39175|priority:1|startupRole:FOLLOWER]|listeners:[], old=null
2023-05-04 20:14:03,652 [b0971eea-134b-46df-abd0-1018d0776f3a-server-thread2] INFO  segmented.SegmentedRaftLogWorker (SegmentedRaftLogWorker.java:startLogSegment(452)) - b0971eea-134b-46df-abd0-1018d0776f3a@group-A5343225BA2E-SegmentedRaftLogWorker: Starting segment from index:0
2023-05-04 20:14:03,656 [b957fc71-c761-4d97-9df6-bc970b063b54@group-9AF4574F81C0-FollowerState] INFO  server.RaftServerConfigKeys (ConfUtils.java:logGet(46)) - raft.server.leaderelection.pre-vote = true (default)
2023-05-04 20:14:03,656 [b957fc71-c761-4d97-9df6-bc970b063b54@group-9AF4574F81C0-FollowerState] INFO  impl.RoleInfo (RoleInfo.java:updateAndGet(139)) - b957fc71-c761-4d97-9df6-bc970b063b54: start b957fc71-c761-4d97-9df6-bc970b063b54@group-9AF4574F81C0-LeaderElection6
2023-05-04 20:14:03,656 [6a8dabd4-d9aa-4d69-8f5d-1f403dba9ac7-server-thread1] INFO  server.RaftServer$Division (ServerState.java:setRaftConf(430)) - 6a8dabd4-d9aa-4d69-8f5d-1f403dba9ac7@group-A5343225BA2E: set configuration 0: peers:[6a8dabd4-d9aa-4d69-8f5d-1f403dba9ac7|rpc:10.1.0.20:33893|dataStream:10.1.0.20:42975|priority:0|startupRole:FOLLOWER, b0971eea-134b-46df-abd0-1018d0776f3a|rpc:10.1.0.20:45025|dataStream:10.1.0.20:37217|priority:0|startupRole:FOLLOWER, b957fc71-c761-4d97-9df6-bc970b063b54|rpc:10.1.0.20:38747|dataStream:10.1.0.20:39175|priority:1|startupRole:FOLLOWER]|listeners:[], old=null
2023-05-04 20:14:03,656 [6a8dabd4-d9aa-4d69-8f5d-1f403dba9ac7-server-thread1] INFO  segmented.SegmentedRaftLogWorker (SegmentedRaftLogWorker.java:startLogSegment(452)) - 6a8dabd4-d9aa-4d69-8f5d-1f403dba9ac7@group-A5343225BA2E-SegmentedRaftLogWorker: Starting segment from index:0
2023-05-04 20:14:03,675 [b957fc71-c761-4d97-9df6-bc970b063b54@group-9AF4574F81C0-LeaderElection6] INFO  impl.LeaderElection (LeaderElection.java:askForVotes(312)) - b957fc71-c761-4d97-9df6-bc970b063b54@group-9AF4574F81C0-LeaderElection6 PRE_VOTE round 0: submit vote requests at term 0 for -1: peers:[b957fc71-c761-4d97-9df6-bc970b063b54|rpc:10.1.0.20:38747|dataStream:10.1.0.20:39175|priority:1|startupRole:FOLLOWER]|listeners:[], old=null
2023-05-04 20:14:03,675 [b957fc71-c761-4d97-9df6-bc970b063b54@group-9AF4574F81C0-LeaderElection6] INFO  impl.LeaderElection (LeaderElection.java:askForVotes(314)) - b957fc71-c761-4d97-9df6-bc970b063b54@group-9AF4574F81C0-LeaderElection6 PRE_VOTE round 0: result PASSED (term=0)
2023-05-04 20:14:03,681 [b0971eea-134b-46df-abd0-1018d0776f3a@group-A5343225BA2E-SegmentedRaftLogWorker] INFO  segmented.SegmentedRaftLogWorker (SegmentedRaftLogWorker.java:execute(656)) - b0971eea-134b-46df-abd0-1018d0776f3a@group-A5343225BA2E-SegmentedRaftLogWorker: created new log segment /home/runner/work/ozone/ozone/hadoop-ozone/integration-test/target/test-dir/MiniOzoneClusterImpl-3ff5bc89-9620-4d46-84f6-68e3c2a3a822/datanode-2/data/ratis/9898e671-3a8e-4fcd-a845-a5343225ba2e/current/log_inprogress_0
2023-05-04 20:14:03,681 [6a8dabd4-d9aa-4d69-8f5d-1f403dba9ac7@group-A5343225BA2E-SegmentedRaftLogWorker] INFO  segmented.SegmentedRaftLogWorker (SegmentedRaftLogWorker.java:execute(656)) - 6a8dabd4-d9aa-4d69-8f5d-1f403dba9ac7@group-A5343225BA2E-SegmentedRaftLogWorker: created new log segment /home/runner/work/ozone/ozone/hadoop-ozone/integration-test/target/test-dir/MiniOzoneClusterImpl-3ff5bc89-9620-4d46-84f6-68e3c2a3a822/datanode-0/data/ratis/9898e671-3a8e-4fcd-a845-a5343225ba2e/current/log_inprogress_0
2023-05-04 20:14:03,681 [b957fc71-c761-4d97-9df6-bc970b063b54@group-4CBA959A46DC-LeaderElection5] INFO  impl.LeaderElection (LeaderElection.java:logAndReturn(90)) - b957fc71-c761-4d97-9df6-bc970b063b54@group-4CBA959A46DC-LeaderElection5: PRE_VOTE REJECTED received 2 response(s) and 0 exception(s):
2023-05-04 20:14:03,681 [b957fc71-c761-4d97-9df6-bc970b063b54@group-4CBA959A46DC-LeaderElection5] INFO  impl.LeaderElection (LeaderElection.java:logAndReturn(94)) -   Response 0: b957fc71-c761-4d97-9df6-bc970b063b54<-6a8dabd4-d9aa-4d69-8f5d-1f403dba9ac7#0:FAIL-t0
2023-05-04 20:14:03,682 [b957fc71-c761-4d97-9df6-bc970b063b54@group-4CBA959A46DC-LeaderElection5] INFO  impl.LeaderElection (LeaderElection.java:logAndReturn(94)) -   Response 1: b957fc71-c761-4d97-9df6-bc970b063b54<-b0971eea-134b-46df-abd0-1018d0776f3a#0:OK-t0
2023-05-04 20:14:03,682 [b957fc71-c761-4d97-9df6-bc970b063b54@group-4CBA959A46DC-LeaderElection5] INFO  impl.LeaderElection (LeaderElection.java:askForVotes(314)) - b957fc71-c761-4d97-9df6-bc970b063b54@group-4CBA959A46DC-LeaderElection5 PRE_VOTE round 0: result REJECTED
2023-05-04 20:14:03,682 [b957fc71-c761-4d97-9df6-bc970b063b54@group-4CBA959A46DC-LeaderElection5] INFO  server.RaftServer$Division (RaftServerImpl.java:setRole(321)) - b957fc71-c761-4d97-9df6-bc970b063b54@group-4CBA959A46DC: changes role from CANDIDATE to FOLLOWER at term 0 for REJECTED
2023-05-04 20:14:03,682 [b957fc71-c761-4d97-9df6-bc970b063b54@group-4CBA959A46DC-LeaderElection5] INFO  impl.RoleInfo (RoleInfo.java:shutdownLeaderElection(130)) - b957fc71-c761-4d97-9df6-bc970b063b54: shutdown b957fc71-c761-4d97-9df6-bc970b063b54@group-4CBA959A46DC-LeaderElection5
2023-05-04 20:14:03,682 [b957fc71-c761-4d97-9df6-bc970b063b54@group-4CBA959A46DC-LeaderElection5] INFO  impl.RoleInfo (RoleInfo.java:updateAndGet(139)) - b957fc71-c761-4d97-9df6-bc970b063b54: start b957fc71-c761-4d97-9df6-bc970b063b54@group-4CBA959A46DC-FollowerState
2023-05-04 20:14:03,686 [b957fc71-c761-4d97-9df6-bc970b063b54@group-4CBA959A46DC-FollowerState] INFO  server.RaftServerConfigKeys (ConfUtils.java:logFallback(53)) - raft.server.rpc.first-election.timeout.min = 5s (fallback to raft.server.rpc.timeout.min)
2023-05-04 20:14:03,686 [b957fc71-c761-4d97-9df6-bc970b063b54@group-4CBA959A46DC-FollowerState] INFO  server.RaftServerConfigKeys (ConfUtils.java:logFallback(53)) - raft.server.rpc.first-election.timeout.max = 5200ms (fallback to raft.server.rpc.timeout.max)
2023-05-04 20:14:03,691 [b957fc71-c761-4d97-9df6-bc970b063b54@group-9AF4574F81C0-LeaderElection6] INFO  impl.LeaderElection (LeaderElection.java:askForVotes(312)) - b957fc71-c761-4d97-9df6-bc970b063b54@group-9AF4574F81C0-LeaderElection6 ELECTION round 0: submit vote requests at term 1 for -1: peers:[b957fc71-c761-4d97-9df6-bc970b063b54|rpc:10.1.0.20:38747|dataStream:10.1.0.20:39175|priority:1|startupRole:FOLLOWER]|listeners:[], old=null
2023-05-04 20:14:03,691 [b957fc71-c761-4d97-9df6-bc970b063b54@group-9AF4574F81C0-LeaderElection6] INFO  impl.LeaderElection (LeaderElection.java:askForVotes(314)) - b957fc71-c761-4d97-9df6-bc970b063b54@group-9AF4574F81C0-LeaderElection6 ELECTION round 0: result PASSED (term=1)
2023-05-04 20:14:03,691 [b957fc71-c761-4d97-9df6-bc970b063b54@group-9AF4574F81C0-LeaderElection6] INFO  impl.RoleInfo (RoleInfo.java:shutdownLeaderElection(130)) - b957fc71-c761-4d97-9df6-bc970b063b54: shutdown b957fc71-c761-4d97-9df6-bc970b063b54@group-9AF4574F81C0-LeaderElection6
2023-05-04 20:14:03,691 [b957fc71-c761-4d97-9df6-bc970b063b54@group-9AF4574F81C0-LeaderElection6] INFO  server.RaftServer$Division (RaftServerImpl.java:setRole(321)) - b957fc71-c761-4d97-9df6-bc970b063b54@group-9AF4574F81C0: changes role from CANDIDATE to LEADER at term 1 for changeToLeader
2023-05-04 20:14:03,691 [b957fc71-c761-4d97-9df6-bc970b063b54@group-9AF4574F81C0-LeaderElection6] INFO  ratis.XceiverServerRatis (XceiverServerRatis.java:handleLeaderChangedNotification(904)) - Leader change notification received for group: group-9AF4574F81C0 with new leaderId: b957fc71-c761-4d97-9df6-bc970b063b54
2023-05-04 20:14:03,691 [b957fc71-c761-4d97-9df6-bc970b063b54@group-9AF4574F81C0-LeaderElection6] INFO  server.RaftServer$Division (ServerState.java:setLeader(313)) - b957fc71-c761-4d97-9df6-bc970b063b54@group-9AF4574F81C0: change Leader from null to b957fc71-c761-4d97-9df6-bc970b063b54 at term 1 for becomeLeader, leader elected after 5246ms
2023-05-04 20:14:03,691 [b957fc71-c761-4d97-9df6-bc970b063b54@group-9AF4574F81C0-LeaderElection6] INFO  server.RaftServerConfigKeys (ConfUtils.java:logGet(46)) - raft.server.staging.catchup.gap = 1000 (default)
2023-05-04 20:14:03,691 [b957fc71-c761-4d97-9df6-bc970b063b54@group-9AF4574F81C0-LeaderElection6] INFO  server.RaftServerConfigKeys (ConfUtils.java:logGet(46)) - raft.server.write.element-limit = 1024 (custom)
2023-05-04 20:14:03,691 [b957fc71-c761-4d97-9df6-bc970b063b54@group-9AF4574F81C0-LeaderElection6] INFO  server.RaftServerConfigKeys (ConfUtils.java:logGet(46)) - raft.server.write.byte-limit = 1024 M (=1073741824) (custom)
2023-05-04 20:14:03,692 [b957fc71-c761-4d97-9df6-bc970b063b54@group-9AF4574F81C0-LeaderElection6] INFO  server.RaftServerConfigKeys (ConfUtils.java:logGet(46)) - raft.server.watch.timeout = 180s (custom)
2023-05-04 20:14:03,692 [b957fc71-c761-4d97-9df6-bc970b063b54@group-9AF4574F81C0-LeaderElection6] INFO  server.RaftServerConfigKeys (ConfUtils.java:logGet(46)) - raft.server.watch.timeout.denomination = 1s (default)
2023-05-04 20:14:03,692 [b957fc71-c761-4d97-9df6-bc970b063b54@group-9AF4574F81C0-LeaderElection6] INFO  server.RaftServerConfigKeys (ConfUtils.java:logGet(46)) - raft.server.watch.element-limit = 65536 (default)
2023-05-04 20:14:03,692 [b957fc71-c761-4d97-9df6-bc970b063b54@group-9AF4574F81C0-LeaderElection6] INFO  server.RaftServerConfigKeys (ConfUtils.java:logGet(46)) - raft.server.write.element-limit = 1024 (custom)
2023-05-04 20:14:03,692 [b957fc71-c761-4d97-9df6-bc970b063b54@group-9AF4574F81C0-LeaderElection6] INFO  server.RaftServerConfigKeys (ConfUtils.java:logGet(46)) - raft.server.write.follower.gap.ratio.max = -1.0 (default)
2023-05-04 20:14:03,694 [b957fc71-c761-4d97-9df6-bc970b063b54@group-9AF4574F81C0-LeaderElection6] INFO  impl.RoleInfo (RoleInfo.java:updateAndGet(139)) - b957fc71-c761-4d97-9df6-bc970b063b54: start b957fc71-c761-4d97-9df6-bc970b063b54@group-9AF4574F81C0-LeaderStateImpl
2023-05-04 20:14:03,694 [b957fc71-c761-4d97-9df6-bc970b063b54@group-9AF4574F81C0-LeaderElection6] INFO  segmented.SegmentedRaftLogWorker (SegmentedRaftLogWorker.java:startLogSegment(452)) - b957fc71-c761-4d97-9df6-bc970b063b54@group-9AF4574F81C0-SegmentedRaftLogWorker: Starting segment from index:0
2023-05-04 20:14:03,696 [b957fc71-c761-4d97-9df6-bc970b063b54@group-9AF4574F81C0-SegmentedRaftLogWorker] INFO  segmented.SegmentedRaftLogWorker (SegmentedRaftLogWorker.java:execute(656)) - b957fc71-c761-4d97-9df6-bc970b063b54@group-9AF4574F81C0-SegmentedRaftLogWorker: created new log segment /home/runner/work/ozone/ozone/hadoop-ozone/integration-test/target/test-dir/MiniOzoneClusterImpl-3ff5bc89-9620-4d46-84f6-68e3c2a3a822/datanode-1/data/ratis/9b1a5895-49ca-450a-b1ce-9af4574f81c0/current/log_inprogress_0
2023-05-04 20:14:03,708 [b957fc71-c761-4d97-9df6-bc970b063b54@group-9AF4574F81C0-LeaderElection6] INFO  server.RaftServer$Division (ServerState.java:setRaftConf(430)) - b957fc71-c761-4d97-9df6-bc970b063b54@group-9AF4574F81C0: set configuration 0: peers:[b957fc71-c761-4d97-9df6-bc970b063b54|rpc:10.1.0.20:38747|dataStream:10.1.0.20:39175|priority:1|startupRole:FOLLOWER]|listeners:[], old=null
2023-05-04 20:14:04,103 [b0971eea-134b-46df-abd0-1018d0776f3a@group-4CBA959A46DC-FollowerState] INFO  server.RaftServerConfigKeys (ConfUtils.java:logFallback(53)) - raft.server.rpc.first-election.timeout.min = 5s (fallback to raft.server.rpc.timeout.min)
2023-05-04 20:14:04,103 [b0971eea-134b-46df-abd0-1018d0776f3a@group-4CBA959A46DC-FollowerState] INFO  server.RaftServerConfigKeys (ConfUtils.java:logFallback(53)) - raft.server.rpc.first-election.timeout.max = 5200ms (fallback to raft.server.rpc.timeout.max)
2023-05-04 20:14:04,180 [6a8dabd4-d9aa-4d69-8f5d-1f403dba9ac7@group-4CBA959A46DC-FollowerState] INFO  impl.FollowerState (FollowerState.java:run(143)) - 6a8dabd4-d9aa-4d69-8f5d-1f403dba9ac7@group-4CBA959A46DC-FollowerState: change to CANDIDATE, lastRpcElapsedTime:5186066530ns, electionTimeout:5175ms
2023-05-04 20:14:04,181 [6a8dabd4-d9aa-4d69-8f5d-1f403dba9ac7@group-4CBA959A46DC-FollowerState] INFO  impl.RoleInfo (RoleInfo.java:shutdownFollowerState(110)) - 6a8dabd4-d9aa-4d69-8f5d-1f403dba9ac7: shutdown 6a8dabd4-d9aa-4d69-8f5d-1f403dba9ac7@group-4CBA959A46DC-FollowerState
2023-05-04 20:14:04,181 [6a8dabd4-d9aa-4d69-8f5d-1f403dba9ac7@group-4CBA959A46DC-FollowerState] INFO  server.RaftServer$Division (RaftServerImpl.java:setRole(321)) - 6a8dabd4-d9aa-4d69-8f5d-1f403dba9ac7@group-4CBA959A46DC: changes role from  FOLLOWER to CANDIDATE at term 0 for changeToCandidate
2023-05-04 20:14:04,181 [6a8dabd4-d9aa-4d69-8f5d-1f403dba9ac7@group-4CBA959A46DC-FollowerState] INFO  server.RaftServerConfigKeys (ConfUtils.java:logGet(46)) - raft.server.leaderelection.pre-vote = true (default)
2023-05-04 20:14:04,181 [6a8dabd4-d9aa-4d69-8f5d-1f403dba9ac7@group-4CBA959A46DC-FollowerState] INFO  impl.RoleInfo (RoleInfo.java:updateAndGet(139)) - 6a8dabd4-d9aa-4d69-8f5d-1f403dba9ac7: start 6a8dabd4-d9aa-4d69-8f5d-1f403dba9ac7@group-4CBA959A46DC-LeaderElection7
2023-05-04 20:14:04,183 [6a8dabd4-d9aa-4d69-8f5d-1f403dba9ac7@group-4CBA959A46DC-LeaderElection7] INFO  impl.LeaderElection (LeaderElection.java:askForVotes(312)) - 6a8dabd4-d9aa-4d69-8f5d-1f403dba9ac7@group-4CBA959A46DC-LeaderElection7 PRE_VOTE round 0: submit vote requests at term 0 for -1: peers:[6a8dabd4-d9aa-4d69-8f5d-1f403dba9ac7|rpc:10.1.0.20:33893|dataStream:10.1.0.20:42975|priority:1|startupRole:FOLLOWER, b0971eea-134b-46df-abd0-1018d0776f3a|rpc:10.1.0.20:45025|dataStream:10.1.0.20:37217|priority:0|startupRole:FOLLOWER, b957fc71-c761-4d97-9df6-bc970b063b54|rpc:10.1.0.20:38747|dataStream:10.1.0.20:39175|priority:0|startupRole:FOLLOWER]|listeners:[], old=null
2023-05-04 20:14:04,184 [6a8dabd4-d9aa-4d69-8f5d-1f403dba9ac7@group-4CBA959A46DC-LeaderElection7] INFO  server.RaftServerConfigKeys (ConfUtils.java:logFallback(53)) - raft.server.rpc.first-election.timeout.min = 5s (fallback to raft.server.rpc.timeout.min)
2023-05-04 20:14:04,184 [6a8dabd4-d9aa-4d69-8f5d-1f403dba9ac7@group-4CBA959A46DC-LeaderElection7] INFO  server.RaftServerConfigKeys (ConfUtils.java:logFallback(53)) - raft.server.rpc.first-election.timeout.max = 5200ms (fallback to raft.server.rpc.timeout.max)
2023-05-04 20:14:04,189 [grpc-default-executor-4] INFO  server.RaftServer$Division (RaftServerImpl.java:requestVote(1218)) - b0971eea-134b-46df-abd0-1018d0776f3a@group-4CBA959A46DC: receive requestVote(PRE_VOTE, 6a8dabd4-d9aa-4d69-8f5d-1f403dba9ac7, group-4CBA959A46DC, 0, (t:0, i:0))
2023-05-04 20:14:04,190 [grpc-default-executor-4] INFO  impl.VoteContext (VoteContext.java:log(49)) - b0971eea-134b-46df-abd0-1018d0776f3a@group-4CBA959A46DC-FOLLOWER: accept PRE_VOTE from 6a8dabd4-d9aa-4d69-8f5d-1f403dba9ac7: our priority 0 <= candidate's priority 1
2023-05-04 20:14:04,190 [grpc-default-executor-4] INFO  server.RaftServer$Division (RaftServerImpl.java:requestVote(1251)) - b0971eea-134b-46df-abd0-1018d0776f3a@group-4CBA959A46DC replies to PRE_VOTE vote request: 6a8dabd4-d9aa-4d69-8f5d-1f403dba9ac7<-b0971eea-134b-46df-abd0-1018d0776f3a#0:OK-t0. Peer's state: b0971eea-134b-46df-abd0-1018d0776f3a@group-4CBA959A46DC:t0, leader=null, voted=, raftlog=Memoized:b0971eea-134b-46df-abd0-1018d0776f3a@group-4CBA959A46DC-SegmentedRaftLog:OPENED:c-1, conf=-1: peers:[6a8dabd4-d9aa-4d69-8f5d-1f403dba9ac7|rpc:10.1.0.20:33893|dataStream:10.1.0.20:42975|priority:1|startupRole:FOLLOWER, b0971eea-134b-46df-abd0-1018d0776f3a|rpc:10.1.0.20:45025|dataStream:10.1.0.20:37217|priority:0|startupRole:FOLLOWER, b957fc71-c761-4d97-9df6-bc970b063b54|rpc:10.1.0.20:38747|dataStream:10.1.0.20:39175|priority:0|startupRole:FOLLOWER]|listeners:[], old=null
2023-05-04 20:14:04,189 [grpc-default-executor-2] INFO  server.RaftServer$Division (RaftServerImpl.java:requestVote(1218)) - b957fc71-c761-4d97-9df6-bc970b063b54@group-4CBA959A46DC: receive requestVote(PRE_VOTE, 6a8dabd4-d9aa-4d69-8f5d-1f403dba9ac7, group-4CBA959A46DC, 0, (t:0, i:0))
2023-05-04 20:14:04,190 [grpc-default-executor-2] INFO  impl.VoteContext (VoteContext.java:log(49)) - b957fc71-c761-4d97-9df6-bc970b063b54@group-4CBA959A46DC-FOLLOWER: accept PRE_VOTE from 6a8dabd4-d9aa-4d69-8f5d-1f403dba9ac7: our priority 0 <= candidate's priority 1
2023-05-04 20:14:04,190 [grpc-default-executor-2] INFO  server.RaftServer$Division (RaftServerImpl.java:requestVote(1251)) - b957fc71-c761-4d97-9df6-bc970b063b54@group-4CBA959A46DC replies to PRE_VOTE vote request: 6a8dabd4-d9aa-4d69-8f5d-1f403dba9ac7<-b957fc71-c761-4d97-9df6-bc970b063b54#0:OK-t0. Peer's state: b957fc71-c761-4d97-9df6-bc970b063b54@group-4CBA959A46DC:t0, leader=null, voted=, raftlog=Memoized:b957fc71-c761-4d97-9df6-bc970b063b54@group-4CBA959A46DC-SegmentedRaftLog:OPENED:c-1, conf=-1: peers:[6a8dabd4-d9aa-4d69-8f5d-1f403dba9ac7|rpc:10.1.0.20:33893|dataStream:10.1.0.20:42975|priority:1|startupRole:FOLLOWER, b0971eea-134b-46df-abd0-1018d0776f3a|rpc:10.1.0.20:45025|dataStream:10.1.0.20:37217|priority:0|startupRole:FOLLOWER, b957fc71-c761-4d97-9df6-bc970b063b54|rpc:10.1.0.20:38747|dataStream:10.1.0.20:39175|priority:0|startupRole:FOLLOWER]|listeners:[], old=null
2023-05-04 20:14:04,192 [6a8dabd4-d9aa-4d69-8f5d-1f403dba9ac7@group-4CBA959A46DC-LeaderElection7] INFO  impl.LeaderElection (LeaderElection.java:logAndReturn(90)) - 6a8dabd4-d9aa-4d69-8f5d-1f403dba9ac7@group-4CBA959A46DC-LeaderElection7: PRE_VOTE PASSED received 1 response(s) and 0 exception(s):
2023-05-04 20:14:04,192 [6a8dabd4-d9aa-4d69-8f5d-1f403dba9ac7@group-4CBA959A46DC-LeaderElection7] INFO  impl.LeaderElection (LeaderElection.java:logAndReturn(94)) -   Response 0: 6a8dabd4-d9aa-4d69-8f5d-1f403dba9ac7<-b0971eea-134b-46df-abd0-1018d0776f3a#0:OK-t0
2023-05-04 20:14:04,192 [6a8dabd4-d9aa-4d69-8f5d-1f403dba9ac7@group-4CBA959A46DC-LeaderElection7] INFO  impl.LeaderElection (LeaderElection.java:askForVotes(314)) - 6a8dabd4-d9aa-4d69-8f5d-1f403dba9ac7@group-4CBA959A46DC-LeaderElection7 PRE_VOTE round 0: result PASSED
2023-05-04 20:14:04,196 [6a8dabd4-d9aa-4d69-8f5d-1f403dba9ac7@group-4CBA959A46DC-LeaderElection7] INFO  impl.LeaderElection (LeaderElection.java:askForVotes(312)) - 6a8dabd4-d9aa-4d69-8f5d-1f403dba9ac7@group-4CBA959A46DC-LeaderElection7 ELECTION round 0: submit vote requests at term 1 for -1: peers:[6a8dabd4-d9aa-4d69-8f5d-1f403dba9ac7|rpc:10.1.0.20:33893|dataStream:10.1.0.20:42975|priority:1|startupRole:FOLLOWER, b0971eea-134b-46df-abd0-1018d0776f3a|rpc:10.1.0.20:45025|dataStream:10.1.0.20:37217|priority:0|startupRole:FOLLOWER, b957fc71-c761-4d97-9df6-bc970b063b54|rpc:10.1.0.20:38747|dataStream:10.1.0.20:39175|priority:0|startupRole:FOLLOWER]|listeners:[], old=null
2023-05-04 20:14:04,197 [6a8dabd4-d9aa-4d69-8f5d-1f403dba9ac7@group-4CBA959A46DC-LeaderElection7] INFO  server.RaftServerConfigKeys (ConfUtils.java:logFallback(53)) - raft.server.rpc.first-election.timeout.min = 5s (fallback to raft.server.rpc.timeout.min)
2023-05-04 20:14:04,197 [6a8dabd4-d9aa-4d69-8f5d-1f403dba9ac7@group-4CBA959A46DC-LeaderElection7] INFO  server.RaftServerConfigKeys (ConfUtils.java:logFallback(53)) - raft.server.rpc.first-election.timeout.max = 5200ms (fallback to raft.server.rpc.timeout.max)
2023-05-04 20:14:04,200 [grpc-default-executor-4] INFO  server.RaftServer$Division (RaftServerImpl.java:requestVote(1218)) - b0971eea-134b-46df-abd0-1018d0776f3a@group-4CBA959A46DC: receive requestVote(ELECTION, 6a8dabd4-d9aa-4d69-8f5d-1f403dba9ac7, group-4CBA959A46DC, 1, (t:0, i:0))
2023-05-04 20:14:04,200 [grpc-default-executor-4] INFO  impl.VoteContext (VoteContext.java:log(49)) - b0971eea-134b-46df-abd0-1018d0776f3a@group-4CBA959A46DC-FOLLOWER: accept ELECTION from 6a8dabd4-d9aa-4d69-8f5d-1f403dba9ac7: our priority 0 <= candidate's priority 1
2023-05-04 20:14:04,200 [grpc-default-executor-4] INFO  server.RaftServer$Division (RaftServerImpl.java:setRole(321)) - b0971eea-134b-46df-abd0-1018d0776f3a@group-4CBA959A46DC: changes role from  FOLLOWER to FOLLOWER at term 1 for candidate:6a8dabd4-d9aa-4d69-8f5d-1f403dba9ac7
2023-05-04 20:14:04,200 [grpc-default-executor-4] INFO  impl.RoleInfo (RoleInfo.java:shutdownFollowerState(110)) - b0971eea-134b-46df-abd0-1018d0776f3a: shutdown b0971eea-134b-46df-abd0-1018d0776f3a@group-4CBA959A46DC-FollowerState
2023-05-04 20:14:04,200 [grpc-default-executor-4] INFO  impl.RoleInfo (RoleInfo.java:updateAndGet(139)) - b0971eea-134b-46df-abd0-1018d0776f3a: start b0971eea-134b-46df-abd0-1018d0776f3a@group-4CBA959A46DC-FollowerState
2023-05-04 20:14:04,200 [b0971eea-134b-46df-abd0-1018d0776f3a@group-4CBA959A46DC-FollowerState] INFO  impl.FollowerState (FollowerState.java:run(152)) - b0971eea-134b-46df-abd0-1018d0776f3a@group-4CBA959A46DC-FollowerState was interrupted
2023-05-04 20:14:04,200 [grpc-default-executor-2] INFO  server.RaftServer$Division (RaftServerImpl.java:requestVote(1218)) - b957fc71-c761-4d97-9df6-bc970b063b54@group-4CBA959A46DC: receive requestVote(ELECTION, 6a8dabd4-d9aa-4d69-8f5d-1f403dba9ac7, group-4CBA959A46DC, 1, (t:0, i:0))
2023-05-04 20:14:04,200 [grpc-default-executor-2] INFO  impl.VoteContext (VoteContext.java:log(49)) - b957fc71-c761-4d97-9df6-bc970b063b54@group-4CBA959A46DC-FOLLOWER: accept ELECTION from 6a8dabd4-d9aa-4d69-8f5d-1f403dba9ac7: our priority 0 <= candidate's priority 1
2023-05-04 20:14:04,200 [grpc-default-executor-2] INFO  server.RaftServer$Division (RaftServerImpl.java:setRole(321)) - b957fc71-c761-4d97-9df6-bc970b063b54@group-4CBA959A46DC: changes role from  FOLLOWER to FOLLOWER at term 1 for candidate:6a8dabd4-d9aa-4d69-8f5d-1f403dba9ac7
2023-05-04 20:14:04,200 [grpc-default-executor-2] INFO  impl.RoleInfo (RoleInfo.java:shutdownFollowerState(110)) - b957fc71-c761-4d97-9df6-bc970b063b54: shutdown b957fc71-c761-4d97-9df6-bc970b063b54@group-4CBA959A46DC-FollowerState
2023-05-04 20:14:04,203 [grpc-default-executor-2] INFO  impl.RoleInfo (RoleInfo.java:updateAndGet(139)) - b957fc71-c761-4d97-9df6-bc970b063b54: start b957fc71-c761-4d97-9df6-bc970b063b54@group-4CBA959A46DC-FollowerState
2023-05-04 20:14:04,203 [b957fc71-c761-4d97-9df6-bc970b063b54@group-4CBA959A46DC-FollowerState] INFO  impl.FollowerState (FollowerState.java:run(152)) - b957fc71-c761-4d97-9df6-bc970b063b54@group-4CBA959A46DC-FollowerState was interrupted
2023-05-04 20:14:04,204 [grpc-default-executor-2] INFO  server.RaftServer$Division (RaftServerImpl.java:requestVote(1251)) - b957fc71-c761-4d97-9df6-bc970b063b54@group-4CBA959A46DC replies to ELECTION vote request: 6a8dabd4-d9aa-4d69-8f5d-1f403dba9ac7<-b957fc71-c761-4d97-9df6-bc970b063b54#0:OK-t1. Peer's state: b957fc71-c761-4d97-9df6-bc970b063b54@group-4CBA959A46DC:t1, leader=null, voted=6a8dabd4-d9aa-4d69-8f5d-1f403dba9ac7, raftlog=Memoized:b957fc71-c761-4d97-9df6-bc970b063b54@group-4CBA959A46DC-SegmentedRaftLog:OPENED:c-1, conf=-1: peers:[6a8dabd4-d9aa-4d69-8f5d-1f403dba9ac7|rpc:10.1.0.20:33893|dataStream:10.1.0.20:42975|priority:1|startupRole:FOLLOWER, b0971eea-134b-46df-abd0-1018d0776f3a|rpc:10.1.0.20:45025|dataStream:10.1.0.20:37217|priority:0|startupRole:FOLLOWER, b957fc71-c761-4d97-9df6-bc970b063b54|rpc:10.1.0.20:38747|dataStream:10.1.0.20:39175|priority:0|startupRole:FOLLOWER]|listeners:[], old=null
2023-05-04 20:14:04,205 [b0971eea-134b-46df-abd0-1018d0776f3a@group-4CBA959A46DC-FollowerState] INFO  server.RaftServerConfigKeys (ConfUtils.java:logFallback(53)) - raft.server.rpc.first-election.timeout.min = 5s (fallback to raft.server.rpc.timeout.min)
2023-05-04 20:14:04,205 [b0971eea-134b-46df-abd0-1018d0776f3a@group-4CBA959A46DC-FollowerState] INFO  server.RaftServerConfigKeys (ConfUtils.java:logFallback(53)) - raft.server.rpc.first-election.timeout.max = 5200ms (fallback to raft.server.rpc.timeout.max)
2023-05-04 20:14:04,205 [grpc-default-executor-4] INFO  server.RaftServer$Division (RaftServerImpl.java:requestVote(1251)) - b0971eea-134b-46df-abd0-1018d0776f3a@group-4CBA959A46DC replies to ELECTION vote request: 6a8dabd4-d9aa-4d69-8f5d-1f403dba9ac7<-b0971eea-134b-46df-abd0-1018d0776f3a#0:OK-t1. Peer's state: b0971eea-134b-46df-abd0-1018d0776f3a@group-4CBA959A46DC:t1, leader=null, voted=6a8dabd4-d9aa-4d69-8f5d-1f403dba9ac7, raftlog=Memoized:b0971eea-134b-46df-abd0-1018d0776f3a@group-4CBA959A46DC-SegmentedRaftLog:OPENED:c-1, conf=-1: peers:[6a8dabd4-d9aa-4d69-8f5d-1f403dba9ac7|rpc:10.1.0.20:33893|dataStream:10.1.0.20:42975|priority:1|startupRole:FOLLOWER, b0971eea-134b-46df-abd0-1018d0776f3a|rpc:10.1.0.20:45025|dataStream:10.1.0.20:37217|priority:0|startupRole:FOLLOWER, b957fc71-c761-4d97-9df6-bc970b063b54|rpc:10.1.0.20:38747|dataStream:10.1.0.20:39175|priority:0|startupRole:FOLLOWER]|listeners:[], old=null
2023-05-04 20:14:04,206 [6a8dabd4-d9aa-4d69-8f5d-1f403dba9ac7@group-4CBA959A46DC-LeaderElection7] INFO  impl.LeaderElection (LeaderElection.java:logAndReturn(90)) - 6a8dabd4-d9aa-4d69-8f5d-1f403dba9ac7@group-4CBA959A46DC-LeaderElection7: ELECTION PASSED received 1 response(s) and 0 exception(s):
2023-05-04 20:14:04,207 [6a8dabd4-d9aa-4d69-8f5d-1f403dba9ac7@group-4CBA959A46DC-LeaderElection7] INFO  impl.LeaderElection (LeaderElection.java:logAndReturn(94)) -   Response 0: 6a8dabd4-d9aa-4d69-8f5d-1f403dba9ac7<-b0971eea-134b-46df-abd0-1018d0776f3a#0:OK-t1
2023-05-04 20:14:04,211 [6a8dabd4-d9aa-4d69-8f5d-1f403dba9ac7@group-4CBA959A46DC-LeaderElection7] INFO  impl.LeaderElection (LeaderElection.java:askForVotes(314)) - 6a8dabd4-d9aa-4d69-8f5d-1f403dba9ac7@group-4CBA959A46DC-LeaderElection7 ELECTION round 0: result PASSED
2023-05-04 20:14:04,211 [6a8dabd4-d9aa-4d69-8f5d-1f403dba9ac7@group-4CBA959A46DC-LeaderElection7] INFO  impl.RoleInfo (RoleInfo.java:shutdownLeaderElection(130)) - 6a8dabd4-d9aa-4d69-8f5d-1f403dba9ac7: shutdown 6a8dabd4-d9aa-4d69-8f5d-1f403dba9ac7@group-4CBA959A46DC-LeaderElection7
2023-05-04 20:14:04,211 [6a8dabd4-d9aa-4d69-8f5d-1f403dba9ac7@group-4CBA959A46DC-LeaderElection7] INFO  server.RaftServer$Division (RaftServerImpl.java:setRole(321)) - 6a8dabd4-d9aa-4d69-8f5d-1f403dba9ac7@group-4CBA959A46DC: changes role from CANDIDATE to LEADER at term 1 for changeToLeader
2023-05-04 20:14:04,212 [6a8dabd4-d9aa-4d69-8f5d-1f403dba9ac7@group-4CBA959A46DC-LeaderElection7] INFO  ratis.XceiverServerRatis (XceiverServerRatis.java:handleLeaderChangedNotification(904)) - Leader change notification received for group: group-4CBA959A46DC with new leaderId: 6a8dabd4-d9aa-4d69-8f5d-1f403dba9ac7
2023-05-04 20:14:04,212 [6a8dabd4-d9aa-4d69-8f5d-1f403dba9ac7@group-4CBA959A46DC-LeaderElection7] INFO  server.RaftServer$Division (ServerState.java:setLeader(313)) - 6a8dabd4-d9aa-4d69-8f5d-1f403dba9ac7@group-4CBA959A46DC: change Leader from null to 6a8dabd4-d9aa-4d69-8f5d-1f403dba9ac7 at term 1 for becomeLeader, leader elected after 5253ms
2023-05-04 20:14:04,213 [6a8dabd4-d9aa-4d69-8f5d-1f403dba9ac7@group-4CBA959A46DC-LeaderElection7] INFO  server.RaftServerConfigKeys (ConfUtils.java:logGet(46)) - raft.server.staging.catchup.gap = 1000 (default)
2023-05-04 20:14:04,213 [6a8dabd4-d9aa-4d69-8f5d-1f403dba9ac7@group-4CBA959A46DC-LeaderElection7] INFO  server.RaftServerConfigKeys (ConfUtils.java:logGet(46)) - raft.server.write.element-limit = 1024 (custom)
2023-05-04 20:14:04,213 [6a8dabd4-d9aa-4d69-8f5d-1f403dba9ac7@group-4CBA959A46DC-LeaderElection7] INFO  server.RaftServerConfigKeys (ConfUtils.java:logGet(46)) - raft.server.write.byte-limit = 1024 M (=1073741824) (custom)
2023-05-04 20:14:04,213 [6a8dabd4-d9aa-4d69-8f5d-1f403dba9ac7@group-4CBA959A46DC-LeaderElection7] INFO  server.RaftServerConfigKeys (ConfUtils.java:logGet(46)) - raft.server.watch.timeout = 180s (custom)
2023-05-04 20:14:04,213 [6a8dabd4-d9aa-4d69-8f5d-1f403dba9ac7@group-4CBA959A46DC-LeaderElection7] INFO  server.RaftServerConfigKeys (ConfUtils.java:logGet(46)) - raft.server.watch.timeout.denomination = 1s (default)
2023-05-04 20:14:04,213 [6a8dabd4-d9aa-4d69-8f5d-1f403dba9ac7@group-4CBA959A46DC-LeaderElection7] INFO  server.RaftServerConfigKeys (ConfUtils.java:logGet(46)) - raft.server.watch.element-limit = 65536 (default)
2023-05-04 20:14:04,213 [6a8dabd4-d9aa-4d69-8f5d-1f403dba9ac7@group-4CBA959A46DC-LeaderElection7] INFO  server.RaftServerConfigKeys (ConfUtils.java:logGet(46)) - raft.server.write.element-limit = 1024 (custom)
2023-05-04 20:14:04,213 [6a8dabd4-d9aa-4d69-8f5d-1f403dba9ac7@group-4CBA959A46DC-LeaderElection7] INFO  server.RaftServerConfigKeys (ConfUtils.java:logGet(46)) - raft.server.write.follower.gap.ratio.max = -1.0 (default)
2023-05-04 20:14:04,214 [6a8dabd4-d9aa-4d69-8f5d-1f403dba9ac7@group-4CBA959A46DC-LeaderElection7] INFO  server.RaftServerConfigKeys (ConfUtils.java:logGet(46)) - raft.server.log.appender.snapshot.chunk.size.max = 16MB (=16777216) (default)
2023-05-04 20:14:04,214 [6a8dabd4-d9aa-4d69-8f5d-1f403dba9ac7@group-4CBA959A46DC-LeaderElection7] INFO  server.RaftServerConfigKeys (ConfUtils.java:logGet(46)) - raft.server.log.appender.buffer.byte-limit = 33554432 (custom)
2023-05-04 20:14:04,214 [6a8dabd4-d9aa-4d69-8f5d-1f403dba9ac7@group-4CBA959A46DC-LeaderElection7] INFO  server.RaftServerConfigKeys (ConfUtils.java:logGet(46)) - raft.server.log.appender.buffer.element-limit = 1 (custom)
2023-05-04 20:14:04,214 [6a8dabd4-d9aa-4d69-8f5d-1f403dba9ac7@group-4CBA959A46DC-LeaderElection7] INFO  grpc.GrpcConfigKeys (ConfUtils.java:logGet(46)) - raft.grpc.server.leader.outstanding.appends.max = 128 (default)
2023-05-04 20:14:04,214 [6a8dabd4-d9aa-4d69-8f5d-1f403dba9ac7@group-4CBA959A46DC-LeaderElection7] INFO  server.RaftServerConfigKeys (ConfUtils.java:logGet(46)) - raft.server.rpc.request.timeout = 60s (custom)
2023-05-04 20:14:04,214 [6a8dabd4-d9aa-4d69-8f5d-1f403dba9ac7@group-4CBA959A46DC-LeaderElection7] INFO  server.RaftServerConfigKeys (ConfUtils.java:logGet(46)) - raft.server.log.appender.install.snapshot.enabled = false (custom)
2023-05-04 20:14:04,214 [6a8dabd4-d9aa-4d69-8f5d-1f403dba9ac7@group-4CBA959A46DC-LeaderElection7] INFO  grpc.GrpcConfigKeys (ConfUtils.java:logGet(46)) - raft.grpc.server.heartbeat.channel = true (default)
2023-05-04 20:14:04,214 [6a8dabd4-d9aa-4d69-8f5d-1f403dba9ac7@group-4CBA959A46DC-LeaderElection7] INFO  server.RaftServerConfigKeys (ConfUtils.java:logGet(46)) - raft.server.log.appender.wait-time.min = 10ms (default)
2023-05-04 20:14:04,215 [b0971eea-134b-46df-abd0-1018d0776f3a@group-B9E9C03BA2B2-FollowerState] INFO  impl.FollowerState (FollowerState.java:run(143)) - b0971eea-134b-46df-abd0-1018d0776f3a@group-B9E9C03BA2B2-FollowerState: change to CANDIDATE, lastRpcElapsedTime:5175520787ns, electionTimeout:5170ms
2023-05-04 20:14:04,215 [b0971eea-134b-46df-abd0-1018d0776f3a@group-B9E9C03BA2B2-FollowerState] INFO  impl.RoleInfo (RoleInfo.java:shutdownFollowerState(110)) - b0971eea-134b-46df-abd0-1018d0776f3a: shutdown b0971eea-134b-46df-abd0-1018d0776f3a@group-B9E9C03BA2B2-FollowerState
2023-05-04 20:14:04,215 [b0971eea-134b-46df-abd0-1018d0776f3a@group-B9E9C03BA2B2-FollowerState] INFO  server.RaftServer$Division (RaftServerImpl.java:setRole(321)) - b0971eea-134b-46df-abd0-1018d0776f3a@group-B9E9C03BA2B2: changes role from  FOLLOWER to CANDIDATE at term 0 for changeToCandidate
2023-05-04 20:14:04,215 [b0971eea-134b-46df-abd0-1018d0776f3a@group-B9E9C03BA2B2-FollowerState] INFO  server.RaftServerConfigKeys (ConfUtils.java:logGet(46)) - raft.server.leaderelection.pre-vote = true (default)
2023-05-04 20:14:04,215 [b0971eea-134b-46df-abd0-1018d0776f3a@group-B9E9C03BA2B2-FollowerState] INFO  impl.RoleInfo (RoleInfo.java:updateAndGet(139)) - b0971eea-134b-46df-abd0-1018d0776f3a: start b0971eea-134b-46df-abd0-1018d0776f3a@group-B9E9C03BA2B2-LeaderElection8
2023-05-04 20:14:04,216 [EventQueue-PipelineReportForPipelineReportHandler] INFO  pipeline.PipelineManagerImpl (PipelineManagerImpl.java:openPipeline(367)) - Pipeline Pipeline[ Id: c3c53669-7552-4c7b-9911-4cba959a46dc, Nodes: b0971eea-134b-46df-abd0-1018d0776f3a(fv-az804-457.cvtsq3ctpw5ehehiek0yp1ke0c.cx.internal.cloudapp.net/10.1.0.20)6a8dabd4-d9aa-4d69-8f5d-1f403dba9ac7(fv-az804-457.cvtsq3ctpw5ehehiek0yp1ke0c.cx.internal.cloudapp.net/10.1.0.20)b957fc71-c761-4d97-9df6-bc970b063b54(fv-az804-457.cvtsq3ctpw5ehehiek0yp1ke0c.cx.internal.cloudapp.net/10.1.0.20), ReplicationConfig: RATIS/THREE, State:ALLOCATED, leaderId:6a8dabd4-d9aa-4d69-8f5d-1f403dba9ac7, CreationTimestamp2023-05-04T20:13:55.884Z[Etc/UTC]] moved to OPEN state
2023-05-04 20:14:04,222 [6a8dabd4-d9aa-4d69-8f5d-1f403dba9ac7@group-4CBA959A46DC-LeaderElection7] INFO  server.RaftServerConfigKeys (ConfUtils.java:logGet(46)) - raft.server.log.appender.snapshot.chunk.size.max = 16MB (=16777216) (default)
2023-05-04 20:14:04,222 [6a8dabd4-d9aa-4d69-8f5d-1f403dba9ac7@group-4CBA959A46DC-LeaderElection7] INFO  server.RaftServerConfigKeys (ConfUtils.java:logGet(46)) - raft.server.log.appender.buffer.byte-limit = 33554432 (custom)
2023-05-04 20:14:04,222 [6a8dabd4-d9aa-4d69-8f5d-1f403dba9ac7@group-4CBA959A46DC-LeaderElection7] INFO  server.RaftServerConfigKeys (ConfUtils.java:logGet(46)) - raft.server.log.appender.buffer.element-limit = 1 (custom)
2023-05-04 20:14:04,222 [6a8dabd4-d9aa-4d69-8f5d-1f403dba9ac7@group-4CBA959A46DC-LeaderElection7] INFO  grpc.GrpcConfigKeys (ConfUtils.java:logGet(46)) - raft.grpc.server.leader.outstanding.appends.max = 128 (default)
2023-05-04 20:14:04,222 [6a8dabd4-d9aa-4d69-8f5d-1f403dba9ac7@group-4CBA959A46DC-LeaderElection7] INFO  server.RaftServerConfigKeys (ConfUtils.java:logGet(46)) - raft.server.rpc.request.timeout = 60s (custom)
2023-05-04 20:14:04,222 [6a8dabd4-d9aa-4d69-8f5d-1f403dba9ac7@group-4CBA959A46DC-LeaderElection7] INFO  server.RaftServerConfigKeys (ConfUtils.java:logGet(46)) - raft.server.log.appender.install.snapshot.enabled = false (custom)
2023-05-04 20:14:04,222 [6a8dabd4-d9aa-4d69-8f5d-1f403dba9ac7@group-4CBA959A46DC-LeaderElection7] INFO  grpc.GrpcConfigKeys (ConfUtils.java:logGet(46)) - raft.grpc.server.heartbeat.channel = true (default)
2023-05-04 20:14:04,222 [6a8dabd4-d9aa-4d69-8f5d-1f403dba9ac7@group-4CBA959A46DC-LeaderElection7] INFO  server.RaftServerConfigKeys (ConfUtils.java:logGet(46)) - raft.server.log.appender.wait-time.min = 10ms (default)
2023-05-04 20:14:04,222 [6a8dabd4-d9aa-4d69-8f5d-1f403dba9ac7@group-4CBA959A46DC-LeaderElection7] INFO  impl.RoleInfo (RoleInfo.java:updateAndGet(139)) - 6a8dabd4-d9aa-4d69-8f5d-1f403dba9ac7: start 6a8dabd4-d9aa-4d69-8f5d-1f403dba9ac7@group-4CBA959A46DC-LeaderStateImpl
2023-05-04 20:14:04,223 [6a8dabd4-d9aa-4d69-8f5d-1f403dba9ac7@group-4CBA959A46DC-LeaderElection7] INFO  segmented.SegmentedRaftLogWorker (SegmentedRaftLogWorker.java:startLogSegment(452)) - 6a8dabd4-d9aa-4d69-8f5d-1f403dba9ac7@group-4CBA959A46DC-SegmentedRaftLogWorker: Starting segment from index:0
2023-05-04 20:14:04,223 [b957fc71-c761-4d97-9df6-bc970b063b54@group-4CBA959A46DC-FollowerState] INFO  server.RaftServerConfigKeys (ConfUtils.java:logFallback(53)) - raft.server.rpc.first-election.timeout.min = 5s (fallback to raft.server.rpc.timeout.min)
2023-05-04 20:14:04,223 [b957fc71-c761-4d97-9df6-bc970b063b54@group-4CBA959A46DC-FollowerState] INFO  server.RaftServerConfigKeys (ConfUtils.java:logFallback(53)) - raft.server.rpc.first-election.timeout.max = 5200ms (fallback to raft.server.rpc.timeout.max)
2023-05-04 20:14:04,224 [6a8dabd4-d9aa-4d69-8f5d-1f403dba9ac7@group-4CBA959A46DC-SegmentedRaftLogWorker] INFO  segmented.SegmentedRaftLogWorker (SegmentedRaftLogWorker.java:execute(656)) - 6a8dabd4-d9aa-4d69-8f5d-1f403dba9ac7@group-4CBA959A46DC-SegmentedRaftLogWorker: created new log segment /home/runner/work/ozone/ozone/hadoop-ozone/integration-test/target/test-dir/MiniOzoneClusterImpl-3ff5bc89-9620-4d46-84f6-68e3c2a3a822/datanode-0/data/ratis/c3c53669-7552-4c7b-9911-4cba959a46dc/current/log_inprogress_0
2023-05-04 20:14:04,239 [b0971eea-134b-46df-abd0-1018d0776f3a-server-thread1] INFO  ratis.XceiverServerRatis (XceiverServerRatis.java:handleLeaderChangedNotification(904)) - Leader change notification received for group: group-4CBA959A46DC with new leaderId: 6a8dabd4-d9aa-4d69-8f5d-1f403dba9ac7
2023-05-04 20:14:04,239 [b0971eea-134b-46df-abd0-1018d0776f3a-server-thread1] INFO  server.RaftServer$Division (ServerState.java:setLeader(313)) - b0971eea-134b-46df-abd0-1018d0776f3a@group-4CBA959A46DC: change Leader from null to 6a8dabd4-d9aa-4d69-8f5d-1f403dba9ac7 at term 1 for appendEntries, leader elected after 5644ms
2023-05-04 20:14:04,241 [b957fc71-c761-4d97-9df6-bc970b063b54-server-thread1] INFO  ratis.XceiverServerRatis (XceiverServerRatis.java:handleLeaderChangedNotification(904)) - Leader change notification received for group: group-4CBA959A46DC with new leaderId: 6a8dabd4-d9aa-4d69-8f5d-1f403dba9ac7
2023-05-04 20:14:04,241 [b957fc71-c761-4d97-9df6-bc970b063b54-server-thread1] INFO  server.RaftServer$Division (ServerState.java:setLeader(313)) - b957fc71-c761-4d97-9df6-bc970b063b54@group-4CBA959A46DC: change Leader from null to 6a8dabd4-d9aa-4d69-8f5d-1f403dba9ac7 at term 1 for appendEntries, leader elected after 5728ms
2023-05-04 20:14:04,245 [6a8dabd4-d9aa-4d69-8f5d-1f403dba9ac7@group-4CBA959A46DC-LeaderElection7] INFO  server.RaftServer$Division (ServerState.java:setRaftConf(430)) - 6a8dabd4-d9aa-4d69-8f5d-1f403dba9ac7@group-4CBA959A46DC: set configuration 0: peers:[6a8dabd4-d9aa-4d69-8f5d-1f403dba9ac7|rpc:10.1.0.20:33893|dataStream:10.1.0.20:42975|priority:1|startupRole:FOLLOWER, b0971eea-134b-46df-abd0-1018d0776f3a|rpc:10.1.0.20:45025|dataStream:10.1.0.20:37217|priority:0|startupRole:FOLLOWER, b957fc71-c761-4d97-9df6-bc970b063b54|rpc:10.1.0.20:38747|dataStream:10.1.0.20:39175|priority:0|startupRole:FOLLOWER]|listeners:[], old=null
2023-05-04 20:14:04,246 [b0971eea-134b-46df-abd0-1018d0776f3a@group-B9E9C03BA2B2-LeaderElection8] INFO  impl.LeaderElection (LeaderElection.java:askForVotes(312)) - b0971eea-134b-46df-abd0-1018d0776f3a@group-B9E9C03BA2B2-LeaderElection8 PRE_VOTE round 0: submit vote requests at term 0 for -1: peers:[b0971eea-134b-46df-abd0-1018d0776f3a|rpc:10.1.0.20:45025|dataStream:10.1.0.20:37217|priority:1|startupRole:FOLLOWER]|listeners:[], old=null
2023-05-04 20:14:04,246 [b0971eea-134b-46df-abd0-1018d0776f3a@group-B9E9C03BA2B2-LeaderElection8] INFO  impl.LeaderElection (LeaderElection.java:askForVotes(314)) - b0971eea-134b-46df-abd0-1018d0776f3a@group-B9E9C03BA2B2-LeaderElection8 PRE_VOTE round 0: result PASSED (term=0)
2023-05-04 20:14:04,248 [b0971eea-134b-46df-abd0-1018d0776f3a@group-B9E9C03BA2B2-LeaderElection8] INFO  impl.LeaderElection (LeaderElection.java:askForVotes(312)) - b0971eea-134b-46df-abd0-1018d0776f3a@group-B9E9C03BA2B2-LeaderElection8 ELECTION round 0: submit vote requests at term 1 for -1: peers:[b0971eea-134b-46df-abd0-1018d0776f3a|rpc:10.1.0.20:45025|dataStream:10.1.0.20:37217|priority:1|startupRole:FOLLOWER]|listeners:[], old=null
2023-05-04 20:14:04,248 [b0971eea-134b-46df-abd0-1018d0776f3a@group-B9E9C03BA2B2-LeaderElection8] INFO  impl.LeaderElection (LeaderElection.java:askForVotes(314)) - b0971eea-134b-46df-abd0-1018d0776f3a@group-B9E9C03BA2B2-LeaderElection8 ELECTION round 0: result PASSED (term=1)
2023-05-04 20:14:04,248 [b0971eea-134b-46df-abd0-1018d0776f3a@group-B9E9C03BA2B2-LeaderElection8] INFO  impl.RoleInfo (RoleInfo.java:shutdownLeaderElection(130)) - b0971eea-134b-46df-abd0-1018d0776f3a: shutdown b0971eea-134b-46df-abd0-1018d0776f3a@group-B9E9C03BA2B2-LeaderElection8
2023-05-04 20:14:04,248 [b0971eea-134b-46df-abd0-1018d0776f3a@group-B9E9C03BA2B2-LeaderElection8] INFO  server.RaftServer$Division (RaftServerImpl.java:setRole(321)) - b0971eea-134b-46df-abd0-1018d0776f3a@group-B9E9C03BA2B2: changes role from CANDIDATE to LEADER at term 1 for changeToLeader
2023-05-04 20:14:04,248 [b0971eea-134b-46df-abd0-1018d0776f3a@group-B9E9C03BA2B2-LeaderElection8] INFO  ratis.XceiverServerRatis (XceiverServerRatis.java:handleLeaderChangedNotification(904)) - Leader change notification received for group: group-B9E9C03BA2B2 with new leaderId: b0971eea-134b-46df-abd0-1018d0776f3a
2023-05-04 20:14:04,250 [b0971eea-134b-46df-abd0-1018d0776f3a@group-B9E9C03BA2B2-LeaderElection8] INFO  server.RaftServer$Division (ServerState.java:setLeader(313)) - b0971eea-134b-46df-abd0-1018d0776f3a@group-B9E9C03BA2B2: change Leader from null to b0971eea-134b-46df-abd0-1018d0776f3a at term 1 for becomeLeader, leader elected after 5273ms
2023-05-04 20:14:04,251 [b0971eea-134b-46df-abd0-1018d0776f3a@group-B9E9C03BA2B2-LeaderElection8] INFO  server.RaftServerConfigKeys (ConfUtils.java:logGet(46)) - raft.server.staging.catchup.gap = 1000 (default)
2023-05-04 20:14:04,251 [b0971eea-134b-46df-abd0-1018d0776f3a@group-B9E9C03BA2B2-LeaderElection8] INFO  server.RaftServerConfigKeys (ConfUtils.java:logGet(46)) - raft.server.write.element-limit = 1024 (custom)
2023-05-04 20:14:04,251 [b0971eea-134b-46df-abd0-1018d0776f3a@group-B9E9C03BA2B2-LeaderElection8] INFO  server.RaftServerConfigKeys (ConfUtils.java:logGet(46)) - raft.server.write.byte-limit = 1024 M (=1073741824) (custom)
2023-05-04 20:14:04,251 [b0971eea-134b-46df-abd0-1018d0776f3a@group-B9E9C03BA2B2-LeaderElection8] INFO  server.RaftServerConfigKeys (ConfUtils.java:logGet(46)) - raft.server.watch.timeout = 180s (custom)
2023-05-04 20:14:04,251 [b0971eea-134b-46df-abd0-1018d0776f3a@group-B9E9C03BA2B2-LeaderElection8] INFO  server.RaftServerConfigKeys (ConfUtils.java:logGet(46)) - raft.server.watch.timeout.denomination = 1s (default)
2023-05-04 20:14:04,251 [b0971eea-134b-46df-abd0-1018d0776f3a@group-B9E9C03BA2B2-LeaderElection8] INFO  server.RaftServerConfigKeys (ConfUtils.java:logGet(46)) - raft.server.watch.element-limit = 65536 (default)
2023-05-04 20:14:04,251 [b0971eea-134b-46df-abd0-1018d0776f3a@group-B9E9C03BA2B2-LeaderElection8] INFO  server.RaftServerConfigKeys (ConfUtils.java:logGet(46)) - raft.server.write.element-limit = 1024 (custom)
2023-05-04 20:14:04,251 [b0971eea-134b-46df-abd0-1018d0776f3a@group-B9E9C03BA2B2-LeaderElection8] INFO  server.RaftServerConfigKeys (ConfUtils.java:logGet(46)) - raft.server.write.follower.gap.ratio.max = -1.0 (default)
2023-05-04 20:14:04,251 [b0971eea-134b-46df-abd0-1018d0776f3a@group-B9E9C03BA2B2-LeaderElection8] INFO  impl.RoleInfo (RoleInfo.java:updateAndGet(139)) - b0971eea-134b-46df-abd0-1018d0776f3a: start b0971eea-134b-46df-abd0-1018d0776f3a@group-B9E9C03BA2B2-LeaderStateImpl
2023-05-04 20:14:04,252 [b0971eea-134b-46df-abd0-1018d0776f3a@group-B9E9C03BA2B2-LeaderElection8] INFO  segmented.SegmentedRaftLogWorker (SegmentedRaftLogWorker.java:startLogSegment(452)) - b0971eea-134b-46df-abd0-1018d0776f3a@group-B9E9C03BA2B2-SegmentedRaftLogWorker: Starting segment from index:0
2023-05-04 20:14:04,254 [b0971eea-134b-46df-abd0-1018d0776f3a@group-B9E9C03BA2B2-SegmentedRaftLogWorker] INFO  segmented.SegmentedRaftLogWorker (SegmentedRaftLogWorker.java:execute(656)) - b0971eea-134b-46df-abd0-1018d0776f3a@group-B9E9C03BA2B2-SegmentedRaftLogWorker: created new log segment /home/runner/work/ozone/ozone/hadoop-ozone/integration-test/target/test-dir/MiniOzoneClusterImpl-3ff5bc89-9620-4d46-84f6-68e3c2a3a822/datanode-2/data/ratis/37e8137a-4607-4a1f-87cb-b9e9c03ba2b2/current/log_inprogress_0
2023-05-04 20:14:04,259 [b0971eea-134b-46df-abd0-1018d0776f3a@group-B9E9C03BA2B2-LeaderElection8] INFO  server.RaftServer$Division (ServerState.java:setRaftConf(430)) - b0971eea-134b-46df-abd0-1018d0776f3a@group-B9E9C03BA2B2: set configuration 0: peers:[b0971eea-134b-46df-abd0-1018d0776f3a|rpc:10.1.0.20:45025|dataStream:10.1.0.20:37217|priority:1|startupRole:FOLLOWER]|listeners:[], old=null
2023-05-04 20:14:04,259 [b0971eea-134b-46df-abd0-1018d0776f3a-server-thread3] INFO  server.RaftServer$Division (ServerState.java:setRaftConf(430)) - b0971eea-134b-46df-abd0-1018d0776f3a@group-4CBA959A46DC: set configuration 0: peers:[6a8dabd4-d9aa-4d69-8f5d-1f403dba9ac7|rpc:10.1.0.20:33893|dataStream:10.1.0.20:42975|priority:1|startupRole:FOLLOWER, b0971eea-134b-46df-abd0-1018d0776f3a|rpc:10.1.0.20:45025|dataStream:10.1.0.20:37217|priority:0|startupRole:FOLLOWER, b957fc71-c761-4d97-9df6-bc970b063b54|rpc:10.1.0.20:38747|dataStream:10.1.0.20:39175|priority:0|startupRole:FOLLOWER]|listeners:[], old=null
2023-05-04 20:14:04,259 [b0971eea-134b-46df-abd0-1018d0776f3a-server-thread3] INFO  segmented.SegmentedRaftLogWorker (SegmentedRaftLogWorker.java:startLogSegment(452)) - b0971eea-134b-46df-abd0-1018d0776f3a@group-4CBA959A46DC-SegmentedRaftLogWorker: Starting segment from index:0
2023-05-04 20:14:04,276 [b0971eea-134b-46df-abd0-1018d0776f3a@group-4CBA959A46DC-SegmentedRaftLogWorker] INFO  segmented.SegmentedRaftLogWorker (SegmentedRaftLogWorker.java:execute(656)) - b0971eea-134b-46df-abd0-1018d0776f3a@group-4CBA959A46DC-SegmentedRaftLogWorker: created new log segment /home/runner/work/ozone/ozone/hadoop-ozone/integration-test/target/test-dir/MiniOzoneClusterImpl-3ff5bc89-9620-4d46-84f6-68e3c2a3a822/datanode-2/data/ratis/c3c53669-7552-4c7b-9911-4cba959a46dc/current/log_inprogress_0
2023-05-04 20:14:04,279 [b957fc71-c761-4d97-9df6-bc970b063b54-server-thread1] INFO  server.RaftServer$Division (ServerState.java:setRaftConf(430)) - b957fc71-c761-4d97-9df6-bc970b063b54@group-4CBA959A46DC: set configuration 0: peers:[6a8dabd4-d9aa-4d69-8f5d-1f403dba9ac7|rpc:10.1.0.20:33893|dataStream:10.1.0.20:42975|priority:1|startupRole:FOLLOWER, b0971eea-134b-46df-abd0-1018d0776f3a|rpc:10.1.0.20:45025|dataStream:10.1.0.20:37217|priority:0|startupRole:FOLLOWER, b957fc71-c761-4d97-9df6-bc970b063b54|rpc:10.1.0.20:38747|dataStream:10.1.0.20:39175|priority:0|startupRole:FOLLOWER]|listeners:[], old=null
2023-05-04 20:14:04,280 [b957fc71-c761-4d97-9df6-bc970b063b54-server-thread1] INFO  segmented.SegmentedRaftLogWorker (SegmentedRaftLogWorker.java:startLogSegment(452)) - b957fc71-c761-4d97-9df6-bc970b063b54@group-4CBA959A46DC-SegmentedRaftLogWorker: Starting segment from index:0
2023-05-04 20:14:04,281 [b957fc71-c761-4d97-9df6-bc970b063b54@group-4CBA959A46DC-SegmentedRaftLogWorker] INFO  segmented.SegmentedRaftLogWorker (SegmentedRaftLogWorker.java:execute(656)) - b957fc71-c761-4d97-9df6-bc970b063b54@group-4CBA959A46DC-SegmentedRaftLogWorker: created new log segment /home/runner/work/ozone/ozone/hadoop-ozone/integration-test/target/test-dir/MiniOzoneClusterImpl-3ff5bc89-9620-4d46-84f6-68e3c2a3a822/datanode-1/data/ratis/c3c53669-7552-4c7b-9911-4cba959a46dc/current/log_inprogress_0
2023-05-04 20:14:04,291 [Listener at 127.0.0.1/35517] INFO  rpc.RpcClient (RpcClient.java:createVolume(476)) - Creating Volume: 9f52b77d-1d49-47dd-8163-e9bbcc4ae1c4, with runner as owner and space quota set to -1 bytes, counts quota set to -1
2023-05-04 20:14:04,342 [OM StateMachine ApplyTransaction Thread - 0] INFO  volume.OMVolumeCreateRequest (OMVolumeCreateRequest.java:validateAndUpdateCache(195)) - created volume:9f52b77d-1d49-47dd-8163-e9bbcc4ae1c4 for user:runner
2023-05-04 20:14:04,369 [Listener at 127.0.0.1/35517] INFO  rpc.RpcClient (RpcClient.java:createBucket(697)) - Creating Bucket: 9f52b77d-1d49-47dd-8163-e9bbcc4ae1c4/96fe499a-b39f-408c-ae5a-e87216a98c1c, with bucket layout OBJECT_STORE, runner as owner, Versioning true, Storage Type set to DISK and Encryption set to false, Replication Type set to server-side default replication type, Namespace Quota set to -1, Space Quota set to -1 
2023-05-04 20:14:04,372 [0abf101a-d700-4355-93b1-7a942eb61d40@group-B9F7460B8335-FollowerState] INFO  impl.FollowerState (FollowerState.java:run(143)) - 0abf101a-d700-4355-93b1-7a942eb61d40@group-B9F7460B8335-FollowerState: change to CANDIDATE, lastRpcElapsedTime:5077088714ns, electionTimeout:5075ms
2023-05-04 20:14:04,372 [0abf101a-d700-4355-93b1-7a942eb61d40@group-B9F7460B8335-FollowerState] INFO  impl.RoleInfo (RoleInfo.java:shutdownFollowerState(110)) - 0abf101a-d700-4355-93b1-7a942eb61d40: shutdown 0abf101a-d700-4355-93b1-7a942eb61d40@group-B9F7460B8335-FollowerState
2023-05-04 20:14:04,372 [0abf101a-d700-4355-93b1-7a942eb61d40@group-B9F7460B8335-FollowerState] INFO  server.RaftServer$Division (RaftServerImpl.java:setRole(321)) - 0abf101a-d700-4355-93b1-7a942eb61d40@group-B9F7460B8335: changes role from  FOLLOWER to CANDIDATE at term 0 for changeToCandidate
2023-05-04 20:14:04,372 [0abf101a-d700-4355-93b1-7a942eb61d40@group-B9F7460B8335-FollowerState] INFO  server.RaftServerConfigKeys (ConfUtils.java:logGet(46)) - raft.server.leaderelection.pre-vote = true (default)
2023-05-04 20:14:04,372 [0abf101a-d700-4355-93b1-7a942eb61d40@group-B9F7460B8335-FollowerState] INFO  impl.RoleInfo (RoleInfo.java:updateAndGet(139)) - 0abf101a-d700-4355-93b1-7a942eb61d40: start 0abf101a-d700-4355-93b1-7a942eb61d40@group-B9F7460B8335-LeaderElection9
2023-05-04 20:14:04,385 [0abf101a-d700-4355-93b1-7a942eb61d40@group-B9F7460B8335-LeaderElection9] INFO  impl.LeaderElection (LeaderElection.java:askForVotes(312)) - 0abf101a-d700-4355-93b1-7a942eb61d40@group-B9F7460B8335-LeaderElection9 PRE_VOTE round 0: submit vote requests at term 0 for -1: peers:[0abf101a-d700-4355-93b1-7a942eb61d40|rpc:10.1.0.20:35421|dataStream:10.1.0.20:33171|priority:1|startupRole:FOLLOWER]|listeners:[], old=null
2023-05-04 20:14:04,385 [0abf101a-d700-4355-93b1-7a942eb61d40@group-B9F7460B8335-LeaderElection9] INFO  impl.LeaderElection (LeaderElection.java:askForVotes(314)) - 0abf101a-d700-4355-93b1-7a942eb61d40@group-B9F7460B8335-LeaderElection9 PRE_VOTE round 0: result PASSED (term=0)
2023-05-04 20:14:04,386 [0abf101a-d700-4355-93b1-7a942eb61d40@group-B9F7460B8335-LeaderElection9] INFO  impl.LeaderElection (LeaderElection.java:askForVotes(312)) - 0abf101a-d700-4355-93b1-7a942eb61d40@group-B9F7460B8335-LeaderElection9 ELECTION round 0: submit vote requests at term 1 for -1: peers:[0abf101a-d700-4355-93b1-7a942eb61d40|rpc:10.1.0.20:35421|dataStream:10.1.0.20:33171|priority:1|startupRole:FOLLOWER]|listeners:[], old=null
2023-05-04 20:14:04,386 [0abf101a-d700-4355-93b1-7a942eb61d40@group-B9F7460B8335-LeaderElection9] INFO  impl.LeaderElection (LeaderElection.java:askForVotes(314)) - 0abf101a-d700-4355-93b1-7a942eb61d40@group-B9F7460B8335-LeaderElection9 ELECTION round 0: result PASSED (term=1)
2023-05-04 20:14:04,386 [0abf101a-d700-4355-93b1-7a942eb61d40@group-B9F7460B8335-LeaderElection9] INFO  impl.RoleInfo (RoleInfo.java:shutdownLeaderElection(130)) - 0abf101a-d700-4355-93b1-7a942eb61d40: shutdown 0abf101a-d700-4355-93b1-7a942eb61d40@group-B9F7460B8335-LeaderElection9
2023-05-04 20:14:04,386 [0abf101a-d700-4355-93b1-7a942eb61d40@group-B9F7460B8335-LeaderElection9] INFO  server.RaftServer$Division (RaftServerImpl.java:setRole(321)) - 0abf101a-d700-4355-93b1-7a942eb61d40@group-B9F7460B8335: changes role from CANDIDATE to LEADER at term 1 for changeToLeader
2023-05-04 20:14:04,386 [0abf101a-d700-4355-93b1-7a942eb61d40@group-B9F7460B8335-LeaderElection9] INFO  ratis.XceiverServerRatis (XceiverServerRatis.java:handleLeaderChangedNotification(904)) - Leader change notification received for group: group-B9F7460B8335 with new leaderId: 0abf101a-d700-4355-93b1-7a942eb61d40
2023-05-04 20:14:04,387 [0abf101a-d700-4355-93b1-7a942eb61d40@group-B9F7460B8335-LeaderElection9] INFO  server.RaftServer$Division (ServerState.java:setLeader(313)) - 0abf101a-d700-4355-93b1-7a942eb61d40@group-B9F7460B8335: change Leader from null to 0abf101a-d700-4355-93b1-7a942eb61d40 at term 1 for becomeLeader, leader elected after 5107ms
2023-05-04 20:14:04,387 [0abf101a-d700-4355-93b1-7a942eb61d40@group-B9F7460B8335-LeaderElection9] INFO  server.RaftServerConfigKeys (ConfUtils.java:logGet(46)) - raft.server.staging.catchup.gap = 1000 (default)
2023-05-04 20:14:04,388 [0abf101a-d700-4355-93b1-7a942eb61d40@group-B9F7460B8335-LeaderElection9] INFO  server.RaftServerConfigKeys (ConfUtils.java:logGet(46)) - raft.server.write.element-limit = 1024 (custom)
2023-05-04 20:14:04,389 [0abf101a-d700-4355-93b1-7a942eb61d40@group-B9F7460B8335-LeaderElection9] INFO  server.RaftServerConfigKeys (ConfUtils.java:logGet(46)) - raft.server.write.byte-limit = 1024 M (=1073741824) (custom)
2023-05-04 20:14:04,389 [0abf101a-d700-4355-93b1-7a942eb61d40@group-B9F7460B8335-LeaderElection9] INFO  server.RaftServerConfigKeys (ConfUtils.java:logGet(46)) - raft.server.watch.timeout = 180s (custom)
2023-05-04 20:14:04,389 [0abf101a-d700-4355-93b1-7a942eb61d40@group-B9F7460B8335-LeaderElection9] INFO  server.RaftServerConfigKeys (ConfUtils.java:logGet(46)) - raft.server.watch.timeout.denomination = 1s (default)
2023-05-04 20:14:04,389 [0abf101a-d700-4355-93b1-7a942eb61d40@group-B9F7460B8335-LeaderElection9] INFO  server.RaftServerConfigKeys (ConfUtils.java:logGet(46)) - raft.server.watch.element-limit = 65536 (default)
2023-05-04 20:14:04,389 [0abf101a-d700-4355-93b1-7a942eb61d40@group-B9F7460B8335-LeaderElection9] INFO  server.RaftServerConfigKeys (ConfUtils.java:logGet(46)) - raft.server.write.element-limit = 1024 (custom)
2023-05-04 20:14:04,389 [0abf101a-d700-4355-93b1-7a942eb61d40@group-B9F7460B8335-LeaderElection9] INFO  server.RaftServerConfigKeys (ConfUtils.java:logGet(46)) - raft.server.write.follower.gap.ratio.max = -1.0 (default)
2023-05-04 20:14:04,389 [0abf101a-d700-4355-93b1-7a942eb61d40@group-B9F7460B8335-LeaderElection9] INFO  impl.RoleInfo (RoleInfo.java:updateAndGet(139)) - 0abf101a-d700-4355-93b1-7a942eb61d40: start 0abf101a-d700-4355-93b1-7a942eb61d40@group-B9F7460B8335-LeaderStateImpl
2023-05-04 20:14:04,389 [0abf101a-d700-4355-93b1-7a942eb61d40@group-B9F7460B8335-LeaderElection9] INFO  segmented.SegmentedRaftLogWorker (SegmentedRaftLogWorker.java:startLogSegment(452)) - 0abf101a-d700-4355-93b1-7a942eb61d40@group-B9F7460B8335-SegmentedRaftLogWorker: Starting segment from index:0
2023-05-04 20:14:04,395 [0abf101a-d700-4355-93b1-7a942eb61d40@group-B9F7460B8335-LeaderElection9] INFO  server.RaftServer$Division (ServerState.java:setRaftConf(430)) - 0abf101a-d700-4355-93b1-7a942eb61d40@group-B9F7460B8335: set configuration 0: peers:[0abf101a-d700-4355-93b1-7a942eb61d40|rpc:10.1.0.20:35421|dataStream:10.1.0.20:33171|priority:1|startupRole:FOLLOWER]|listeners:[], old=null
2023-05-04 20:14:04,398 [0abf101a-d700-4355-93b1-7a942eb61d40@group-B9F7460B8335-SegmentedRaftLogWorker] INFO  segmented.SegmentedRaftLogWorker (SegmentedRaftLogWorker.java:execute(656)) - 0abf101a-d700-4355-93b1-7a942eb61d40@group-B9F7460B8335-SegmentedRaftLogWorker: created new log segment /home/runner/work/ozone/ozone/hadoop-ozone/integration-test/target/test-dir/MiniOzoneClusterImpl-3ff5bc89-9620-4d46-84f6-68e3c2a3a822/datanode-3/data/ratis/39d762ea-a85e-46f9-8af3-b9f7460b8335/current/log_inprogress_0
2023-05-04 20:14:04,418 [OM StateMachine ApplyTransaction Thread - 0] INFO  bucket.OMBucketCreateRequest (OMBucketCreateRequest.java:validateAndUpdateCache(270)) - created bucket: 96fe499a-b39f-408c-ae5a-e87216a98c1c of layout OBJECT_STORE in volume: 9f52b77d-1d49-47dd-8163-e9bbcc4ae1c4
2023-05-04 20:14:04,481 [IPC Server handler 12 on default port 35523] INFO  ha.SequenceIdGenerator (SequenceIdGenerator.java:getNextId(128)) - Allocate a batch for containerId, change lastId from 0 to 1000.
2023-05-04 20:14:04,492 [IPC Server handler 12 on default port 35523] WARN  ha.SequenceIdGenerator (SequenceIdGenerator.java:allocateBatch(237)) - Failed to allocate a batch for localId, expected lastId is 0, actual lastId is 111677748019200000.
2023-05-04 20:14:04,492 [IPC Server handler 12 on default port 35523] INFO  ha.SequenceIdGenerator (SequenceIdGenerator.java:getNextId(128)) - Allocate a batch for localId, change lastId from 111677748019200000 to 111677748019201000.
2023-05-04 20:14:04,496 [0abf101a-d700-4355-93b1-7a942eb61d40@group-1F3DADE57F18-FollowerState] INFO  impl.FollowerState (FollowerState.java:run(143)) - 0abf101a-d700-4355-93b1-7a942eb61d40@group-1F3DADE57F18-FollowerState: change to CANDIDATE, lastRpcElapsedTime:5180676325ns, electionTimeout:5180ms
2023-05-04 20:14:04,496 [0abf101a-d700-4355-93b1-7a942eb61d40@group-1F3DADE57F18-FollowerState] INFO  impl.RoleInfo (RoleInfo.java:shutdownFollowerState(110)) - 0abf101a-d700-4355-93b1-7a942eb61d40: shutdown 0abf101a-d700-4355-93b1-7a942eb61d40@group-1F3DADE57F18-FollowerState
2023-05-04 20:14:04,496 [0abf101a-d700-4355-93b1-7a942eb61d40@group-1F3DADE57F18-FollowerState] INFO  server.RaftServer$Division (RaftServerImpl.java:setRole(321)) - 0abf101a-d700-4355-93b1-7a942eb61d40@group-1F3DADE57F18: changes role from  FOLLOWER to CANDIDATE at term 0 for changeToCandidate
2023-05-04 20:14:04,496 [0abf101a-d700-4355-93b1-7a942eb61d40@group-1F3DADE57F18-FollowerState] INFO  server.RaftServerConfigKeys (ConfUtils.java:logGet(46)) - raft.server.leaderelection.pre-vote = true (default)
2023-05-04 20:14:04,496 [0abf101a-d700-4355-93b1-7a942eb61d40@group-1F3DADE57F18-FollowerState] INFO  impl.RoleInfo (RoleInfo.java:updateAndGet(139)) - 0abf101a-d700-4355-93b1-7a942eb61d40: start 0abf101a-d700-4355-93b1-7a942eb61d40@group-1F3DADE57F18-LeaderElection10
2023-05-04 20:14:04,511 [0abf101a-d700-4355-93b1-7a942eb61d40@group-1F3DADE57F18-LeaderElection10] INFO  impl.LeaderElection (LeaderElection.java:askForVotes(312)) - 0abf101a-d700-4355-93b1-7a942eb61d40@group-1F3DADE57F18-LeaderElection10 PRE_VOTE round 0: submit vote requests at term 0 for -1: peers:[0abf101a-d700-4355-93b1-7a942eb61d40|rpc:10.1.0.20:35421|dataStream:10.1.0.20:33171|priority:1|startupRole:FOLLOWER, de61e307-c070-4843-8a71-857ff854f108|rpc:10.1.0.20:46099|dataStream:10.1.0.20:33083|priority:0|startupRole:FOLLOWER, 71eef059-4e21-465b-a9dc-55002cc631de|rpc:10.1.0.20:46399|dataStream:10.1.0.20:38957|priority:0|startupRole:FOLLOWER]|listeners:[], old=null
2023-05-04 20:14:04,514 [de61e307-c070-4843-8a71-857ff854f108@group-1F3DADE57F18-FollowerState] INFO  impl.FollowerState (FollowerState.java:run(143)) - de61e307-c070-4843-8a71-857ff854f108@group-1F3DADE57F18-FollowerState: change to CANDIDATE, lastRpcElapsedTime:5160682343ns, electionTimeout:5159ms
2023-05-04 20:14:04,514 [de61e307-c070-4843-8a71-857ff854f108@group-1F3DADE57F18-FollowerState] INFO  impl.RoleInfo (RoleInfo.java:shutdownFollowerState(110)) - de61e307-c070-4843-8a71-857ff854f108: shutdown de61e307-c070-4843-8a71-857ff854f108@group-1F3DADE57F18-FollowerState
2023-05-04 20:14:04,514 [de61e307-c070-4843-8a71-857ff854f108@group-1F3DADE57F18-FollowerState] INFO  server.RaftServer$Division (RaftServerImpl.java:setRole(321)) - de61e307-c070-4843-8a71-857ff854f108@group-1F3DADE57F18: changes role from  FOLLOWER to CANDIDATE at term 0 for changeToCandidate
2023-05-04 20:14:04,517 [de61e307-c070-4843-8a71-857ff854f108@group-BF882965FFA5-FollowerState] INFO  impl.FollowerState (FollowerState.java:run(143)) - de61e307-c070-4843-8a71-857ff854f108@group-BF882965FFA5-FollowerState: change to CANDIDATE, lastRpcElapsedTime:5001729269ns, electionTimeout:5001ms
2023-05-04 20:14:04,517 [de61e307-c070-4843-8a71-857ff854f108@group-BF882965FFA5-FollowerState] INFO  impl.RoleInfo (RoleInfo.java:shutdownFollowerState(110)) - de61e307-c070-4843-8a71-857ff854f108: shutdown de61e307-c070-4843-8a71-857ff854f108@group-BF882965FFA5-FollowerState
2023-05-04 20:14:04,517 [de61e307-c070-4843-8a71-857ff854f108@group-BF882965FFA5-FollowerState] INFO  server.RaftServer$Division (RaftServerImpl.java:setRole(321)) - de61e307-c070-4843-8a71-857ff854f108@group-BF882965FFA5: changes role from  FOLLOWER to CANDIDATE at term 0 for changeToCandidate
2023-05-04 20:14:04,521 [0abf101a-d700-4355-93b1-7a942eb61d40@group-1F3DADE57F18-LeaderElection10-1] INFO  server.GrpcServerProtocolClient (GrpcServerProtocolClient.java:<init>(63)) - Build channel for de61e307-c070-4843-8a71-857ff854f108
2023-05-04 20:14:04,523 [0abf101a-d700-4355-93b1-7a942eb61d40@group-1F3DADE57F18-LeaderElection10] INFO  server.RaftServerConfigKeys (ConfUtils.java:logFallback(53)) - raft.server.rpc.first-election.timeout.min = 5s (fallback to raft.server.rpc.timeout.min)
2023-05-04 20:14:04,523 [0abf101a-d700-4355-93b1-7a942eb61d40@group-1F3DADE57F18-LeaderElection10] INFO  server.RaftServerConfigKeys (ConfUtils.java:logFallback(53)) - raft.server.rpc.first-election.timeout.max = 5200ms (fallback to raft.server.rpc.timeout.max)
2023-05-04 20:14:04,523 [0abf101a-d700-4355-93b1-7a942eb61d40@group-1F3DADE57F18-LeaderElection10-2] INFO  server.GrpcServerProtocolClient (GrpcServerProtocolClient.java:<init>(63)) - Build channel for 71eef059-4e21-465b-a9dc-55002cc631de
2023-05-04 20:14:04,523 [de61e307-c070-4843-8a71-857ff854f108@group-BF882965FFA5-FollowerState] INFO  server.RaftServerConfigKeys (ConfUtils.java:logGet(46)) - raft.server.leaderelection.pre-vote = true (default)
2023-05-04 20:14:04,523 [de61e307-c070-4843-8a71-857ff854f108@group-BF882965FFA5-FollowerState] INFO  impl.RoleInfo (RoleInfo.java:updateAndGet(139)) - de61e307-c070-4843-8a71-857ff854f108: start de61e307-c070-4843-8a71-857ff854f108@group-BF882965FFA5-LeaderElection12
2023-05-04 20:14:04,524 [de61e307-c070-4843-8a71-857ff854f108@group-1F3DADE57F18-FollowerState] INFO  server.RaftServerConfigKeys (ConfUtils.java:logGet(46)) - raft.server.leaderelection.pre-vote = true (default)
2023-05-04 20:14:04,524 [de61e307-c070-4843-8a71-857ff854f108@group-1F3DADE57F18-FollowerState] INFO  impl.RoleInfo (RoleInfo.java:updateAndGet(139)) - de61e307-c070-4843-8a71-857ff854f108: start de61e307-c070-4843-8a71-857ff854f108@group-1F3DADE57F18-LeaderElection11
2023-05-04 20:14:04,530 [de61e307-c070-4843-8a71-857ff854f108@group-BF882965FFA5-LeaderElection12] INFO  impl.LeaderElection (LeaderElection.java:askForVotes(312)) - de61e307-c070-4843-8a71-857ff854f108@group-BF882965FFA5-LeaderElection12 PRE_VOTE round 0: submit vote requests at term 0 for -1: peers:[0abf101a-d700-4355-93b1-7a942eb61d40|rpc:10.1.0.20:35421|dataStream:10.1.0.20:33171|priority:0|startupRole:FOLLOWER, de61e307-c070-4843-8a71-857ff854f108|rpc:10.1.0.20:46099|dataStream:10.1.0.20:33083|priority:1|startupRole:FOLLOWER, 71eef059-4e21-465b-a9dc-55002cc631de|rpc:10.1.0.20:46399|dataStream:10.1.0.20:38957|priority:0|startupRole:FOLLOWER]|listeners:[], old=null
2023-05-04 20:14:04,530 [de61e307-c070-4843-8a71-857ff854f108@group-BF882965FFA5-LeaderElection12-1] INFO  server.GrpcServerProtocolClient (GrpcServerProtocolClient.java:<init>(63)) - Build channel for 0abf101a-d700-4355-93b1-7a942eb61d40
2023-05-04 20:14:04,531 [de61e307-c070-4843-8a71-857ff854f108@group-BF882965FFA5-LeaderElection12] INFO  server.RaftServerConfigKeys (ConfUtils.java:logFallback(53)) - raft.server.rpc.first-election.timeout.min = 5s (fallback to raft.server.rpc.timeout.min)
2023-05-04 20:14:04,531 [de61e307-c070-4843-8a71-857ff854f108@group-BF882965FFA5-LeaderElection12] INFO  server.RaftServerConfigKeys (ConfUtils.java:logFallback(53)) - raft.server.rpc.first-election.timeout.max = 5200ms (fallback to raft.server.rpc.timeout.max)
2023-05-04 20:14:04,536 [de61e307-c070-4843-8a71-857ff854f108@group-1F3DADE57F18-LeaderElection11] INFO  impl.LeaderElection (LeaderElection.java:askForVotes(312)) - de61e307-c070-4843-8a71-857ff854f108@group-1F3DADE57F18-LeaderElection11 PRE_VOTE round 0: submit vote requests at term 0 for -1: peers:[0abf101a-d700-4355-93b1-7a942eb61d40|rpc:10.1.0.20:35421|dataStream:10.1.0.20:33171|priority:1|startupRole:FOLLOWER, de61e307-c070-4843-8a71-857ff854f108|rpc:10.1.0.20:46099|dataStream:10.1.0.20:33083|priority:0|startupRole:FOLLOWER, 71eef059-4e21-465b-a9dc-55002cc631de|rpc:10.1.0.20:46399|dataStream:10.1.0.20:38957|priority:0|startupRole:FOLLOWER]|listeners:[], old=null
2023-05-04 20:14:04,536 [71eef059-4e21-465b-a9dc-55002cc631de@group-1F3DADE57F18-FollowerState] INFO  impl.FollowerState (FollowerState.java:run(143)) - 71eef059-4e21-465b-a9dc-55002cc631de@group-1F3DADE57F18-FollowerState: change to CANDIDATE, lastRpcElapsedTime:5133951666ns, electionTimeout:5129ms
2023-05-04 20:14:04,536 [71eef059-4e21-465b-a9dc-55002cc631de@group-1F3DADE57F18-FollowerState] INFO  impl.RoleInfo (RoleInfo.java:shutdownFollowerState(110)) - 71eef059-4e21-465b-a9dc-55002cc631de: shutdown 71eef059-4e21-465b-a9dc-55002cc631de@group-1F3DADE57F18-FollowerState
2023-05-04 20:14:04,536 [71eef059-4e21-465b-a9dc-55002cc631de@group-1F3DADE57F18-FollowerState] INFO  server.RaftServer$Division (RaftServerImpl.java:setRole(321)) - 71eef059-4e21-465b-a9dc-55002cc631de@group-1F3DADE57F18: changes role from  FOLLOWER to CANDIDATE at term 0 for changeToCandidate
2023-05-04 20:14:04,537 [de61e307-c070-4843-8a71-857ff854f108@group-1F3DADE57F18-LeaderElection11] INFO  server.RaftServerConfigKeys (ConfUtils.java:logFallback(53)) - raft.server.rpc.first-election.timeout.min = 5s (fallback to raft.server.rpc.timeout.min)
2023-05-04 20:14:04,537 [de61e307-c070-4843-8a71-857ff854f108@group-1F3DADE57F18-LeaderElection11] INFO  server.RaftServerConfigKeys (ConfUtils.java:logFallback(53)) - raft.server.rpc.first-election.timeout.max = 5200ms (fallback to raft.server.rpc.timeout.max)
2023-05-04 20:14:04,539 [71eef059-4e21-465b-a9dc-55002cc631de@group-1F3DADE57F18-FollowerState] INFO  server.RaftServerConfigKeys (ConfUtils.java:logGet(46)) - raft.server.leaderelection.pre-vote = true (default)
2023-05-04 20:14:04,539 [71eef059-4e21-465b-a9dc-55002cc631de@group-1F3DADE57F18-FollowerState] INFO  impl.RoleInfo (RoleInfo.java:updateAndGet(139)) - 71eef059-4e21-465b-a9dc-55002cc631de: start 71eef059-4e21-465b-a9dc-55002cc631de@group-1F3DADE57F18-LeaderElection13
2023-05-04 20:14:04,546 [de61e307-c070-4843-8a71-857ff854f108@group-1F3DADE57F18-LeaderElection11-2] INFO  server.GrpcServerProtocolClient (GrpcServerProtocolClient.java:<init>(63)) - Build channel for 71eef059-4e21-465b-a9dc-55002cc631de
2023-05-04 20:14:04,551 [grpc-default-executor-3] INFO  server.RaftServer$Division (RaftServerImpl.java:requestVote(1218)) - de61e307-c070-4843-8a71-857ff854f108@group-1F3DADE57F18: receive requestVote(PRE_VOTE, 0abf101a-d700-4355-93b1-7a942eb61d40, group-1F3DADE57F18, 0, (t:0, i:0))
2023-05-04 20:14:04,551 [grpc-default-executor-3] INFO  impl.VoteContext (VoteContext.java:log(49)) - de61e307-c070-4843-8a71-857ff854f108@group-1F3DADE57F18-CANDIDATE: accept PRE_VOTE from 0abf101a-d700-4355-93b1-7a942eb61d40: our priority 0 <= candidate's priority 1
2023-05-04 20:14:04,551 [grpc-default-executor-3] INFO  server.RaftServer$Division (RaftServerImpl.java:requestVote(1251)) - de61e307-c070-4843-8a71-857ff854f108@group-1F3DADE57F18 replies to PRE_VOTE vote request: 0abf101a-d700-4355-93b1-7a942eb61d40<-de61e307-c070-4843-8a71-857ff854f108#0:OK-t0. Peer's state: de61e307-c070-4843-8a71-857ff854f108@group-1F3DADE57F18:t0, leader=null, voted=, raftlog=Memoized:de61e307-c070-4843-8a71-857ff854f108@group-1F3DADE57F18-SegmentedRaftLog:OPENED:c-1, conf=-1: peers:[0abf101a-d700-4355-93b1-7a942eb61d40|rpc:10.1.0.20:35421|dataStream:10.1.0.20:33171|priority:1|startupRole:FOLLOWER, de61e307-c070-4843-8a71-857ff854f108|rpc:10.1.0.20:46099|dataStream:10.1.0.20:33083|priority:0|startupRole:FOLLOWER, 71eef059-4e21-465b-a9dc-55002cc631de|rpc:10.1.0.20:46399|dataStream:10.1.0.20:38957|priority:0|startupRole:FOLLOWER]|listeners:[], old=null
2023-05-04 20:14:04,553 [0abf101a-d700-4355-93b1-7a942eb61d40@group-1F3DADE57F18-LeaderElection10] INFO  impl.LeaderElection (LeaderElection.java:logAndReturn(90)) - 0abf101a-d700-4355-93b1-7a942eb61d40@group-1F3DADE57F18-LeaderElection10: PRE_VOTE PASSED received 1 response(s) and 0 exception(s):
2023-05-04 20:14:04,553 [0abf101a-d700-4355-93b1-7a942eb61d40@group-1F3DADE57F18-LeaderElection10] INFO  impl.LeaderElection (LeaderElection.java:logAndReturn(94)) -   Response 0: 0abf101a-d700-4355-93b1-7a942eb61d40<-de61e307-c070-4843-8a71-857ff854f108#0:OK-t0
2023-05-04 20:14:04,553 [0abf101a-d700-4355-93b1-7a942eb61d40@group-1F3DADE57F18-LeaderElection10] INFO  impl.LeaderElection (LeaderElection.java:askForVotes(314)) - 0abf101a-d700-4355-93b1-7a942eb61d40@group-1F3DADE57F18-LeaderElection10 PRE_VOTE round 0: result PASSED
2023-05-04 20:14:04,554 [71eef059-4e21-465b-a9dc-55002cc631de@group-1F3DADE57F18-LeaderElection13] INFO  impl.LeaderElection (LeaderElection.java:askForVotes(312)) - 71eef059-4e21-465b-a9dc-55002cc631de@group-1F3DADE57F18-LeaderElection13 PRE_VOTE round 0: submit vote requests at term 0 for -1: peers:[0abf101a-d700-4355-93b1-7a942eb61d40|rpc:10.1.0.20:35421|dataStream:10.1.0.20:33171|priority:1|startupRole:FOLLOWER, de61e307-c070-4843-8a71-857ff854f108|rpc:10.1.0.20:46099|dataStream:10.1.0.20:33083|priority:0|startupRole:FOLLOWER, 71eef059-4e21-465b-a9dc-55002cc631de|rpc:10.1.0.20:46399|dataStream:10.1.0.20:38957|priority:0|startupRole:FOLLOWER]|listeners:[], old=null
2023-05-04 20:14:04,558 [0abf101a-d700-4355-93b1-7a942eb61d40@group-1F3DADE57F18-LeaderElection10] INFO  impl.LeaderElection (LeaderElection.java:askForVotes(312)) - 0abf101a-d700-4355-93b1-7a942eb61d40@group-1F3DADE57F18-LeaderElection10 ELECTION round 0: submit vote requests at term 1 for -1: peers:[0abf101a-d700-4355-93b1-7a942eb61d40|rpc:10.1.0.20:35421|dataStream:10.1.0.20:33171|priority:1|startupRole:FOLLOWER, de61e307-c070-4843-8a71-857ff854f108|rpc:10.1.0.20:46099|dataStream:10.1.0.20:33083|priority:0|startupRole:FOLLOWER, 71eef059-4e21-465b-a9dc-55002cc631de|rpc:10.1.0.20:46399|dataStream:10.1.0.20:38957|priority:0|startupRole:FOLLOWER]|listeners:[], old=null
2023-05-04 20:14:04,573 [71eef059-4e21-465b-a9dc-55002cc631de@group-1F3DADE57F18-LeaderElection13-1] INFO  server.GrpcServerProtocolClient (GrpcServerProtocolClient.java:<init>(63)) - Build channel for 0abf101a-d700-4355-93b1-7a942eb61d40
2023-05-04 20:14:04,579 [grpc-default-executor-3] INFO  server.RaftServer$Division (RaftServerImpl.java:requestVote(1218)) - 71eef059-4e21-465b-a9dc-55002cc631de@group-1F3DADE57F18: receive requestVote(PRE_VOTE, 0abf101a-d700-4355-93b1-7a942eb61d40, group-1F3DADE57F18, 0, (t:0, i:0))
2023-05-04 20:14:04,579 [grpc-default-executor-3] INFO  impl.VoteContext (VoteContext.java:log(49)) - 71eef059-4e21-465b-a9dc-55002cc631de@group-1F3DADE57F18-CANDIDATE: accept PRE_VOTE from 0abf101a-d700-4355-93b1-7a942eb61d40: our priority 0 <= candidate's priority 1
2023-05-04 20:14:04,579 [grpc-default-executor-3] INFO  server.RaftServer$Division (RaftServerImpl.java:requestVote(1251)) - 71eef059-4e21-465b-a9dc-55002cc631de@group-1F3DADE57F18 replies to PRE_VOTE vote request: 0abf101a-d700-4355-93b1-7a942eb61d40<-71eef059-4e21-465b-a9dc-55002cc631de#0:OK-t0. Peer's state: 71eef059-4e21-465b-a9dc-55002cc631de@group-1F3DADE57F18:t0, leader=null, voted=, raftlog=Memoized:71eef059-4e21-465b-a9dc-55002cc631de@group-1F3DADE57F18-SegmentedRaftLog:OPENED:c-1, conf=-1: peers:[0abf101a-d700-4355-93b1-7a942eb61d40|rpc:10.1.0.20:35421|dataStream:10.1.0.20:33171|priority:1|startupRole:FOLLOWER, de61e307-c070-4843-8a71-857ff854f108|rpc:10.1.0.20:46099|dataStream:10.1.0.20:33083|priority:0|startupRole:FOLLOWER, 71eef059-4e21-465b-a9dc-55002cc631de|rpc:10.1.0.20:46399|dataStream:10.1.0.20:38957|priority:0|startupRole:FOLLOWER]|listeners:[], old=null
2023-05-04 20:14:04,581 [0abf101a-d700-4355-93b1-7a942eb61d40@group-1F3DADE57F18-LeaderElection10] INFO  server.RaftServerConfigKeys (ConfUtils.java:logFallback(53)) - raft.server.rpc.first-election.timeout.min = 5s (fallback to raft.server.rpc.timeout.min)
2023-05-04 20:14:04,581 [0abf101a-d700-4355-93b1-7a942eb61d40@group-1F3DADE57F18-LeaderElection10] INFO  server.RaftServerConfigKeys (ConfUtils.java:logFallback(53)) - raft.server.rpc.first-election.timeout.max = 5200ms (fallback to raft.server.rpc.timeout.max)
2023-05-04 20:14:04,582 [71eef059-4e21-465b-a9dc-55002cc631de@group-1F3DADE57F18-LeaderElection13] INFO  server.RaftServerConfigKeys (ConfUtils.java:logFallback(53)) - raft.server.rpc.first-election.timeout.min = 5s (fallback to raft.server.rpc.timeout.min)
2023-05-04 20:14:04,582 [71eef059-4e21-465b-a9dc-55002cc631de@group-1F3DADE57F18-LeaderElection13] INFO  server.RaftServerConfigKeys (ConfUtils.java:logFallback(53)) - raft.server.rpc.first-election.timeout.max = 5200ms (fallback to raft.server.rpc.timeout.max)
2023-05-04 20:14:04,588 [71eef059-4e21-465b-a9dc-55002cc631de@group-1F3DADE57F18-LeaderElection13-2] INFO  server.GrpcServerProtocolClient (GrpcServerProtocolClient.java:<init>(63)) - Build channel for de61e307-c070-4843-8a71-857ff854f108
2023-05-04 20:14:04,590 [0abf101a-d700-4355-93b1-7a942eb61d40@group-BF882965FFA5-FollowerState] INFO  impl.FollowerState (FollowerState.java:run(143)) - 0abf101a-d700-4355-93b1-7a942eb61d40@group-BF882965FFA5-FollowerState: change to CANDIDATE, lastRpcElapsedTime:5156815405ns, electionTimeout:5155ms
2023-05-04 20:14:04,590 [0abf101a-d700-4355-93b1-7a942eb61d40@group-BF882965FFA5-FollowerState] INFO  impl.RoleInfo (RoleInfo.java:shutdownFollowerState(110)) - 0abf101a-d700-4355-93b1-7a942eb61d40: shutdown 0abf101a-d700-4355-93b1-7a942eb61d40@group-BF882965FFA5-FollowerState
2023-05-04 20:14:04,590 [0abf101a-d700-4355-93b1-7a942eb61d40@group-BF882965FFA5-FollowerState] INFO  server.RaftServer$Division (RaftServerImpl.java:setRole(321)) - 0abf101a-d700-4355-93b1-7a942eb61d40@group-BF882965FFA5: changes role from  FOLLOWER to CANDIDATE at term 0 for changeToCandidate
2023-05-04 20:14:04,591 [0abf101a-d700-4355-93b1-7a942eb61d40@group-BF882965FFA5-FollowerState] INFO  server.RaftServerConfigKeys (ConfUtils.java:logGet(46)) - raft.server.leaderelection.pre-vote = true (default)
2023-05-04 20:14:04,591 [0abf101a-d700-4355-93b1-7a942eb61d40@group-BF882965FFA5-FollowerState] INFO  impl.RoleInfo (RoleInfo.java:updateAndGet(139)) - 0abf101a-d700-4355-93b1-7a942eb61d40: start 0abf101a-d700-4355-93b1-7a942eb61d40@group-BF882965FFA5-LeaderElection14
2023-05-04 20:14:04,612 [0abf101a-d700-4355-93b1-7a942eb61d40@group-BF882965FFA5-LeaderElection14] INFO  impl.LeaderElection (LeaderElection.java:askForVotes(312)) - 0abf101a-d700-4355-93b1-7a942eb61d40@group-BF882965FFA5-LeaderElection14 PRE_VOTE round 0: submit vote requests at term 0 for -1: peers:[0abf101a-d700-4355-93b1-7a942eb61d40|rpc:10.1.0.20:35421|dataStream:10.1.0.20:33171|priority:0|startupRole:FOLLOWER, de61e307-c070-4843-8a71-857ff854f108|rpc:10.1.0.20:46099|dataStream:10.1.0.20:33083|priority:1|startupRole:FOLLOWER, 71eef059-4e21-465b-a9dc-55002cc631de|rpc:10.1.0.20:46399|dataStream:10.1.0.20:38957|priority:0|startupRole:FOLLOWER]|listeners:[], old=null
2023-05-04 20:14:04,613 [0abf101a-d700-4355-93b1-7a942eb61d40@group-BF882965FFA5-LeaderElection14] INFO  server.RaftServerConfigKeys (ConfUtils.java:logFallback(53)) - raft.server.rpc.first-election.timeout.min = 5s (fallback to raft.server.rpc.timeout.min)
2023-05-04 20:14:04,613 [0abf101a-d700-4355-93b1-7a942eb61d40@group-BF882965FFA5-LeaderElection14] INFO  server.RaftServerConfigKeys (ConfUtils.java:logFallback(53)) - raft.server.rpc.first-election.timeout.max = 5200ms (fallback to raft.server.rpc.timeout.max)
2023-05-04 20:14:04,617 [71eef059-4e21-465b-a9dc-55002cc631de@group-BF882965FFA5-FollowerState] INFO  impl.FollowerState (FollowerState.java:run(143)) - 71eef059-4e21-465b-a9dc-55002cc631de@group-BF882965FFA5-FollowerState: change to CANDIDATE, lastRpcElapsedTime:5149587408ns, electionTimeout:5149ms
2023-05-04 20:14:04,618 [71eef059-4e21-465b-a9dc-55002cc631de@group-BF882965FFA5-FollowerState] INFO  impl.RoleInfo (RoleInfo.java:shutdownFollowerState(110)) - 71eef059-4e21-465b-a9dc-55002cc631de: shutdown 71eef059-4e21-465b-a9dc-55002cc631de@group-BF882965FFA5-FollowerState
2023-05-04 20:14:04,618 [71eef059-4e21-465b-a9dc-55002cc631de@group-BF882965FFA5-FollowerState] INFO  server.RaftServer$Division (RaftServerImpl.java:setRole(321)) - 71eef059-4e21-465b-a9dc-55002cc631de@group-BF882965FFA5: changes role from  FOLLOWER to CANDIDATE at term 0 for changeToCandidate
2023-05-04 20:14:04,618 [71eef059-4e21-465b-a9dc-55002cc631de@group-BF882965FFA5-FollowerState] INFO  server.RaftServerConfigKeys (ConfUtils.java:logGet(46)) - raft.server.leaderelection.pre-vote = true (default)
2023-05-04 20:14:04,618 [71eef059-4e21-465b-a9dc-55002cc631de@group-BF882965FFA5-FollowerState] INFO  impl.RoleInfo (RoleInfo.java:updateAndGet(139)) - 71eef059-4e21-465b-a9dc-55002cc631de: start 71eef059-4e21-465b-a9dc-55002cc631de@group-BF882965FFA5-LeaderElection15
2023-05-04 20:14:04,622 [71eef059-4e21-465b-a9dc-55002cc631de@group-BF882965FFA5-LeaderElection15] INFO  impl.LeaderElection (LeaderElection.java:askForVotes(312)) - 71eef059-4e21-465b-a9dc-55002cc631de@group-BF882965FFA5-LeaderElection15 PRE_VOTE round 0: submit vote requests at term 0 for -1: peers:[0abf101a-d700-4355-93b1-7a942eb61d40|rpc:10.1.0.20:35421|dataStream:10.1.0.20:33171|priority:0|startupRole:FOLLOWER, de61e307-c070-4843-8a71-857ff854f108|rpc:10.1.0.20:46099|dataStream:10.1.0.20:33083|priority:1|startupRole:FOLLOWER, 71eef059-4e21-465b-a9dc-55002cc631de|rpc:10.1.0.20:46399|dataStream:10.1.0.20:38957|priority:0|startupRole:FOLLOWER]|listeners:[], old=null
2023-05-04 20:14:04,626 [71eef059-4e21-465b-a9dc-55002cc631de@group-BF882965FFA5-LeaderElection15] INFO  server.RaftServerConfigKeys (ConfUtils.java:logFallback(53)) - raft.server.rpc.first-election.timeout.min = 5s (fallback to raft.server.rpc.timeout.min)
2023-05-04 20:14:04,626 [71eef059-4e21-465b-a9dc-55002cc631de@group-BF882965FFA5-LeaderElection15] INFO  server.RaftServerConfigKeys (ConfUtils.java:logFallback(53)) - raft.server.rpc.first-election.timeout.max = 5200ms (fallback to raft.server.rpc.timeout.max)
2023-05-04 20:14:04,649 [de61e307-c070-4843-8a71-857ff854f108@group-20AE48363296-FollowerState] INFO  impl.FollowerState (FollowerState.java:run(143)) - de61e307-c070-4843-8a71-857ff854f108@group-20AE48363296-FollowerState: change to CANDIDATE, lastRpcElapsedTime:5008579997ns, electionTimeout:5007ms
2023-05-04 20:14:04,650 [grpc-default-executor-7] INFO  server.RaftServer$Division (RaftServerImpl.java:requestVote(1218)) - de61e307-c070-4843-8a71-857ff854f108@group-BF882965FFA5: receive requestVote(PRE_VOTE, 0abf101a-d700-4355-93b1-7a942eb61d40, group-BF882965FFA5, 0, (t:0, i:0))
2023-05-04 20:14:04,650 [grpc-default-executor-7] INFO  impl.VoteContext (VoteContext.java:log(49)) - de61e307-c070-4843-8a71-857ff854f108@group-BF882965FFA5-CANDIDATE: reject PRE_VOTE from 0abf101a-d700-4355-93b1-7a942eb61d40: our priority 1 > candidate's priority 0
2023-05-04 20:14:04,650 [de61e307-c070-4843-8a71-857ff854f108@group-20AE48363296-FollowerState] INFO  impl.RoleInfo (RoleInfo.java:shutdownFollowerState(110)) - de61e307-c070-4843-8a71-857ff854f108: shutdown de61e307-c070-4843-8a71-857ff854f108@group-20AE48363296-FollowerState
2023-05-04 20:14:04,650 [de61e307-c070-4843-8a71-857ff854f108@group-20AE48363296-FollowerState] INFO  server.RaftServer$Division (RaftServerImpl.java:setRole(321)) - de61e307-c070-4843-8a71-857ff854f108@group-20AE48363296: changes role from  FOLLOWER to CANDIDATE at term 0 for changeToCandidate
2023-05-04 20:14:04,650 [de61e307-c070-4843-8a71-857ff854f108@group-20AE48363296-FollowerState] INFO  server.RaftServerConfigKeys (ConfUtils.java:logGet(46)) - raft.server.leaderelection.pre-vote = true (default)
2023-05-04 20:14:04,650 [de61e307-c070-4843-8a71-857ff854f108@group-20AE48363296-FollowerState] INFO  impl.RoleInfo (RoleInfo.java:updateAndGet(139)) - de61e307-c070-4843-8a71-857ff854f108: start de61e307-c070-4843-8a71-857ff854f108@group-20AE48363296-LeaderElection16
2023-05-04 20:14:04,651 [grpc-default-executor-3] INFO  server.RaftServer$Division (RaftServerImpl.java:requestVote(1218)) - de61e307-c070-4843-8a71-857ff854f108@group-1F3DADE57F18: receive requestVote(ELECTION, 0abf101a-d700-4355-93b1-7a942eb61d40, group-1F3DADE57F18, 1, (t:0, i:0))
2023-05-04 20:14:04,651 [grpc-default-executor-3] INFO  impl.VoteContext (VoteContext.java:log(49)) - de61e307-c070-4843-8a71-857ff854f108@group-1F3DADE57F18-CANDIDATE: accept ELECTION from 0abf101a-d700-4355-93b1-7a942eb61d40: our priority 0 <= candidate's priority 1
2023-05-04 20:14:04,651 [grpc-default-executor-3] INFO  server.RaftServer$Division (RaftServerImpl.java:setRole(321)) - de61e307-c070-4843-8a71-857ff854f108@group-1F3DADE57F18: changes role from CANDIDATE to FOLLOWER at term 1 for candidate:0abf101a-d700-4355-93b1-7a942eb61d40
2023-05-04 20:14:04,651 [grpc-default-executor-3] INFO  impl.RoleInfo (RoleInfo.java:shutdownLeaderElection(130)) - de61e307-c070-4843-8a71-857ff854f108: shutdown de61e307-c070-4843-8a71-857ff854f108@group-1F3DADE57F18-LeaderElection11
2023-05-04 20:14:04,651 [grpc-default-executor-3] INFO  impl.RoleInfo (RoleInfo.java:updateAndGet(139)) - de61e307-c070-4843-8a71-857ff854f108: start de61e307-c070-4843-8a71-857ff854f108@group-1F3DADE57F18-FollowerState
2023-05-04 20:14:04,650 [grpc-default-executor-7] INFO  server.RaftServer$Division (RaftServerImpl.java:requestVote(1251)) - de61e307-c070-4843-8a71-857ff854f108@group-BF882965FFA5 replies to PRE_VOTE vote request: 0abf101a-d700-4355-93b1-7a942eb61d40<-de61e307-c070-4843-8a71-857ff854f108#0:FAIL-t0. Peer's state: de61e307-c070-4843-8a71-857ff854f108@group-BF882965FFA5:t0, leader=null, voted=, raftlog=Memoized:de61e307-c070-4843-8a71-857ff854f108@group-BF882965FFA5-SegmentedRaftLog:OPENED:c-1, conf=-1: peers:[0abf101a-d700-4355-93b1-7a942eb61d40|rpc:10.1.0.20:35421|dataStream:10.1.0.20:33171|priority:0|startupRole:FOLLOWER, de61e307-c070-4843-8a71-857ff854f108|rpc:10.1.0.20:46099|dataStream:10.1.0.20:33083|priority:1|startupRole:FOLLOWER, 71eef059-4e21-465b-a9dc-55002cc631de|rpc:10.1.0.20:46399|dataStream:10.1.0.20:38957|priority:0|startupRole:FOLLOWER]|listeners:[], old=null
2023-05-04 20:14:04,652 [de61e307-c070-4843-8a71-857ff854f108@group-1F3DADE57F18-FollowerState] INFO  server.RaftServerConfigKeys (ConfUtils.java:logFallback(53)) - raft.server.rpc.first-election.timeout.min = 5s (fallback to raft.server.rpc.timeout.min)
2023-05-04 20:14:04,652 [de61e307-c070-4843-8a71-857ff854f108@group-1F3DADE57F18-FollowerState] INFO  server.RaftServerConfigKeys (ConfUtils.java:logFallback(53)) - raft.server.rpc.first-election.timeout.max = 5200ms (fallback to raft.server.rpc.timeout.max)
2023-05-04 20:14:04,653 [grpc-default-executor-3] INFO  server.RaftServer$Division (RaftServerImpl.java:requestVote(1251)) - de61e307-c070-4843-8a71-857ff854f108@group-1F3DADE57F18 replies to ELECTION vote request: 0abf101a-d700-4355-93b1-7a942eb61d40<-de61e307-c070-4843-8a71-857ff854f108#0:OK-t1. Peer's state: de61e307-c070-4843-8a71-857ff854f108@group-1F3DADE57F18:t1, leader=null, voted=0abf101a-d700-4355-93b1-7a942eb61d40, raftlog=Memoized:de61e307-c070-4843-8a71-857ff854f108@group-1F3DADE57F18-SegmentedRaftLog:OPENED:c-1, conf=-1: peers:[0abf101a-d700-4355-93b1-7a942eb61d40|rpc:10.1.0.20:35421|dataStream:10.1.0.20:33171|priority:1|startupRole:FOLLOWER, de61e307-c070-4843-8a71-857ff854f108|rpc:10.1.0.20:46099|dataStream:10.1.0.20:33083|priority:0|startupRole:FOLLOWER, 71eef059-4e21-465b-a9dc-55002cc631de|rpc:10.1.0.20:46399|dataStream:10.1.0.20:38957|priority:0|startupRole:FOLLOWER]|listeners:[], old=null
2023-05-04 20:14:04,663 [de61e307-c070-4843-8a71-857ff854f108@group-20AE48363296-LeaderElection16] INFO  impl.LeaderElection (LeaderElection.java:askForVotes(312)) - de61e307-c070-4843-8a71-857ff854f108@group-20AE48363296-LeaderElection16 PRE_VOTE round 0: submit vote requests at term 0 for -1: peers:[de61e307-c070-4843-8a71-857ff854f108|rpc:10.1.0.20:46099|dataStream:10.1.0.20:33083|priority:1|startupRole:FOLLOWER]|listeners:[], old=null
2023-05-04 20:14:04,663 [de61e307-c070-4843-8a71-857ff854f108@group-20AE48363296-LeaderElection16] INFO  impl.LeaderElection (LeaderElection.java:askForVotes(314)) - de61e307-c070-4843-8a71-857ff854f108@group-20AE48363296-LeaderElection16 PRE_VOTE round 0: result PASSED (term=0)
2023-05-04 20:14:04,669 [0abf101a-d700-4355-93b1-7a942eb61d40@group-BF882965FFA5-LeaderElection14] INFO  impl.LeaderElection (LeaderElection.java:logAndReturn(90)) - 0abf101a-d700-4355-93b1-7a942eb61d40@group-BF882965FFA5-LeaderElection14: PRE_VOTE REJECTED received 1 response(s) and 0 exception(s):
2023-05-04 20:14:04,669 [0abf101a-d700-4355-93b1-7a942eb61d40@group-BF882965FFA5-LeaderElection14] INFO  impl.LeaderElection (LeaderElection.java:logAndReturn(94)) -   Response 0: 0abf101a-d700-4355-93b1-7a942eb61d40<-de61e307-c070-4843-8a71-857ff854f108#0:FAIL-t0
2023-05-04 20:14:04,669 [0abf101a-d700-4355-93b1-7a942eb61d40@group-BF882965FFA5-LeaderElection14] INFO  impl.LeaderElection (LeaderElection.java:askForVotes(314)) - 0abf101a-d700-4355-93b1-7a942eb61d40@group-BF882965FFA5-LeaderElection14 PRE_VOTE round 0: result REJECTED
2023-05-04 20:14:04,669 [0abf101a-d700-4355-93b1-7a942eb61d40@group-BF882965FFA5-LeaderElection14] INFO  server.RaftServer$Division (RaftServerImpl.java:setRole(321)) - 0abf101a-d700-4355-93b1-7a942eb61d40@group-BF882965FFA5: changes role from CANDIDATE to FOLLOWER at term 0 for REJECTED
2023-05-04 20:14:04,669 [0abf101a-d700-4355-93b1-7a942eb61d40@group-BF882965FFA5-LeaderElection14] INFO  impl.RoleInfo (RoleInfo.java:shutdownLeaderElection(130)) - 0abf101a-d700-4355-93b1-7a942eb61d40: shutdown 0abf101a-d700-4355-93b1-7a942eb61d40@group-BF882965FFA5-LeaderElection14
2023-05-04 20:14:04,669 [0abf101a-d700-4355-93b1-7a942eb61d40@group-BF882965FFA5-LeaderElection14] INFO  impl.RoleInfo (RoleInfo.java:updateAndGet(139)) - 0abf101a-d700-4355-93b1-7a942eb61d40: start 0abf101a-d700-4355-93b1-7a942eb61d40@group-BF882965FFA5-FollowerState
2023-05-04 20:14:04,670 [0abf101a-d700-4355-93b1-7a942eb61d40@group-1F3DADE57F18-LeaderElection10] INFO  impl.LeaderElection (LeaderElection.java:logAndReturn(90)) - 0abf101a-d700-4355-93b1-7a942eb61d40@group-1F3DADE57F18-LeaderElection10: ELECTION PASSED received 1 response(s) and 0 exception(s):
2023-05-04 20:14:04,670 [0abf101a-d700-4355-93b1-7a942eb61d40@group-1F3DADE57F18-LeaderElection10] INFO  impl.LeaderElection (LeaderElection.java:logAndReturn(94)) -   Response 0: 0abf101a-d700-4355-93b1-7a942eb61d40<-de61e307-c070-4843-8a71-857ff854f108#0:OK-t1
2023-05-04 20:14:04,670 [de61e307-c070-4843-8a71-857ff854f108@group-20AE48363296-LeaderElection16] INFO  impl.LeaderElection (LeaderElection.java:askForVotes(312)) - de61e307-c070-4843-8a71-857ff854f108@group-20AE48363296-LeaderElection16 ELECTION round 0: submit vote requests at term 1 for -1: peers:[de61e307-c070-4843-8a71-857ff854f108|rpc:10.1.0.20:46099|dataStream:10.1.0.20:33083|priority:1|startupRole:FOLLOWER]|listeners:[], old=null
2023-05-04 20:14:04,670 [de61e307-c070-4843-8a71-857ff854f108@group-20AE48363296-LeaderElection16] INFO  impl.LeaderElection (LeaderElection.java:askForVotes(314)) - de61e307-c070-4843-8a71-857ff854f108@group-20AE48363296-LeaderElection16 ELECTION round 0: result PASSED (term=1)
2023-05-04 20:14:04,670 [de61e307-c070-4843-8a71-857ff854f108@group-20AE48363296-LeaderElection16] INFO  impl.RoleInfo (RoleInfo.java:shutdownLeaderElection(130)) - de61e307-c070-4843-8a71-857ff854f108: shutdown de61e307-c070-4843-8a71-857ff854f108@group-20AE48363296-LeaderElection16
2023-05-04 20:14:04,670 [de61e307-c070-4843-8a71-857ff854f108@group-20AE48363296-LeaderElection16] INFO  server.RaftServer$Division (RaftServerImpl.java:setRole(321)) - de61e307-c070-4843-8a71-857ff854f108@group-20AE48363296: changes role from CANDIDATE to LEADER at term 1 for changeToLeader
2023-05-04 20:14:04,670 [de61e307-c070-4843-8a71-857ff854f108@group-20AE48363296-LeaderElection16] INFO  ratis.XceiverServerRatis (XceiverServerRatis.java:handleLeaderChangedNotification(904)) - Leader change notification received for group: group-20AE48363296 with new leaderId: de61e307-c070-4843-8a71-857ff854f108
2023-05-04 20:14:04,670 [grpc-default-executor-3] INFO  server.RaftServer$Division (RaftServerImpl.java:requestVote(1218)) - 71eef059-4e21-465b-a9dc-55002cc631de@group-BF882965FFA5: receive requestVote(PRE_VOTE, de61e307-c070-4843-8a71-857ff854f108, group-BF882965FFA5, 0, (t:0, i:0))
2023-05-04 20:14:04,670 [grpc-default-executor-3] INFO  impl.VoteContext (VoteContext.java:log(49)) - 71eef059-4e21-465b-a9dc-55002cc631de@group-BF882965FFA5-CANDIDATE: accept PRE_VOTE from de61e307-c070-4843-8a71-857ff854f108: our priority 0 <= candidate's priority 1
2023-05-04 20:14:04,671 [grpc-default-executor-3] INFO  server.RaftServer$Division (RaftServerImpl.java:requestVote(1251)) - 71eef059-4e21-465b-a9dc-55002cc631de@group-BF882965FFA5 replies to PRE_VOTE vote request: de61e307-c070-4843-8a71-857ff854f108<-71eef059-4e21-465b-a9dc-55002cc631de#0:OK-t0. Peer's state: 71eef059-4e21-465b-a9dc-55002cc631de@group-BF882965FFA5:t0, leader=null, voted=, raftlog=Memoized:71eef059-4e21-465b-a9dc-55002cc631de@group-BF882965FFA5-SegmentedRaftLog:OPENED:c-1, conf=-1: peers:[0abf101a-d700-4355-93b1-7a942eb61d40|rpc:10.1.0.20:35421|dataStream:10.1.0.20:33171|priority:0|startupRole:FOLLOWER, de61e307-c070-4843-8a71-857ff854f108|rpc:10.1.0.20:46099|dataStream:10.1.0.20:33083|priority:1|startupRole:FOLLOWER, 71eef059-4e21-465b-a9dc-55002cc631de|rpc:10.1.0.20:46399|dataStream:10.1.0.20:38957|priority:0|startupRole:FOLLOWER]|listeners:[], old=null
2023-05-04 20:14:04,671 [grpc-default-executor-3] INFO  server.RaftServer$Division (RaftServerImpl.java:requestVote(1218)) - 71eef059-4e21-465b-a9dc-55002cc631de@group-1F3DADE57F18: receive requestVote(PRE_VOTE, de61e307-c070-4843-8a71-857ff854f108, group-1F3DADE57F18, 0, (t:0, i:0))
2023-05-04 20:14:04,671 [grpc-default-executor-3] INFO  impl.VoteContext (VoteContext.java:log(49)) - 71eef059-4e21-465b-a9dc-55002cc631de@group-1F3DADE57F18-CANDIDATE: accept PRE_VOTE from de61e307-c070-4843-8a71-857ff854f108: our priority 0 <= candidate's priority 0
2023-05-04 20:14:04,671 [grpc-default-executor-3] INFO  server.RaftServer$Division (RaftServerImpl.java:requestVote(1251)) - 71eef059-4e21-465b-a9dc-55002cc631de@group-1F3DADE57F18 replies to PRE_VOTE vote request: de61e307-c070-4843-8a71-857ff854f108<-71eef059-4e21-465b-a9dc-55002cc631de#0:OK-t0. Peer's state: 71eef059-4e21-465b-a9dc-55002cc631de@group-1F3DADE57F18:t0, leader=null, voted=, raftlog=Memoized:71eef059-4e21-465b-a9dc-55002cc631de@group-1F3DADE57F18-SegmentedRaftLog:OPENED:c-1, conf=-1: peers:[0abf101a-d700-4355-93b1-7a942eb61d40|rpc:10.1.0.20:35421|dataStream:10.1.0.20:33171|priority:1|startupRole:FOLLOWER, de61e307-c070-4843-8a71-857ff854f108|rpc:10.1.0.20:46099|dataStream:10.1.0.20:33083|priority:0|startupRole:FOLLOWER, 71eef059-4e21-465b-a9dc-55002cc631de|rpc:10.1.0.20:46399|dataStream:10.1.0.20:38957|priority:0|startupRole:FOLLOWER]|listeners:[], old=null
2023-05-04 20:14:04,672 [grpc-default-executor-3] INFO  server.RaftServer$Division (RaftServerImpl.java:requestVote(1218)) - 0abf101a-d700-4355-93b1-7a942eb61d40@group-1F3DADE57F18: receive requestVote(PRE_VOTE, de61e307-c070-4843-8a71-857ff854f108, group-1F3DADE57F18, 0, (t:0, i:0))
2023-05-04 20:14:04,672 [grpc-default-executor-3] INFO  impl.VoteContext (VoteContext.java:log(49)) - 0abf101a-d700-4355-93b1-7a942eb61d40@group-1F3DADE57F18-CANDIDATE: reject PRE_VOTE from de61e307-c070-4843-8a71-857ff854f108: our priority 1 > candidate's priority 0
2023-05-04 20:14:04,672 [grpc-default-executor-3] INFO  server.RaftServer$Division (RaftServerImpl.java:requestVote(1251)) - 0abf101a-d700-4355-93b1-7a942eb61d40@group-1F3DADE57F18 replies to PRE_VOTE vote request: de61e307-c070-4843-8a71-857ff854f108<-0abf101a-d700-4355-93b1-7a942eb61d40#0:FAIL-t1. Peer's state: 0abf101a-d700-4355-93b1-7a942eb61d40@group-1F3DADE57F18:t1, leader=null, voted=0abf101a-d700-4355-93b1-7a942eb61d40, raftlog=Memoized:0abf101a-d700-4355-93b1-7a942eb61d40@group-1F3DADE57F18-SegmentedRaftLog:OPENED:c-1, conf=-1: peers:[0abf101a-d700-4355-93b1-7a942eb61d40|rpc:10.1.0.20:35421|dataStream:10.1.0.20:33171|priority:1|startupRole:FOLLOWER, de61e307-c070-4843-8a71-857ff854f108|rpc:10.1.0.20:46099|dataStream:10.1.0.20:33083|priority:0|startupRole:FOLLOWER, 71eef059-4e21-465b-a9dc-55002cc631de|rpc:10.1.0.20:46399|dataStream:10.1.0.20:38957|priority:0|startupRole:FOLLOWER]|listeners:[], old=null
2023-05-04 20:14:04,676 [grpc-default-executor-2] INFO  server.RaftServer$Division (RaftServerImpl.java:requestVote(1218)) - de61e307-c070-4843-8a71-857ff854f108@group-1F3DADE57F18: receive requestVote(PRE_VOTE, 71eef059-4e21-465b-a9dc-55002cc631de, group-1F3DADE57F18, 0, (t:0, i:0))
2023-05-04 20:14:04,676 [grpc-default-executor-2] INFO  impl.VoteContext (VoteContext.java:log(49)) - de61e307-c070-4843-8a71-857ff854f108@group-1F3DADE57F18-FOLLOWER: accept PRE_VOTE from 71eef059-4e21-465b-a9dc-55002cc631de: our priority 0 <= candidate's priority 0
2023-05-04 20:14:04,676 [grpc-default-executor-1] INFO  server.RaftServer$Division (RaftServerImpl.java:requestVote(1218)) - 71eef059-4e21-465b-a9dc-55002cc631de@group-1F3DADE57F18: receive requestVote(ELECTION, 0abf101a-d700-4355-93b1-7a942eb61d40, group-1F3DADE57F18, 1, (t:0, i:0))
2023-05-04 20:14:04,676 [grpc-default-executor-2] INFO  server.RaftServer$Division (RaftServerImpl.java:requestVote(1251)) - de61e307-c070-4843-8a71-857ff854f108@group-1F3DADE57F18 replies to PRE_VOTE vote request: 71eef059-4e21-465b-a9dc-55002cc631de<-de61e307-c070-4843-8a71-857ff854f108#0:OK-t1. Peer's state: de61e307-c070-4843-8a71-857ff854f108@group-1F3DADE57F18:t1, leader=null, voted=0abf101a-d700-4355-93b1-7a942eb61d40, raftlog=Memoized:de61e307-c070-4843-8a71-857ff854f108@group-1F3DADE57F18-SegmentedRaftLog:OPENED:c-1, conf=-1: peers:[0abf101a-d700-4355-93b1-7a942eb61d40|rpc:10.1.0.20:35421|dataStream:10.1.0.20:33171|priority:1|startupRole:FOLLOWER, de61e307-c070-4843-8a71-857ff854f108|rpc:10.1.0.20:46099|dataStream:10.1.0.20:33083|priority:0|startupRole:FOLLOWER, 71eef059-4e21-465b-a9dc-55002cc631de|rpc:10.1.0.20:46399|dataStream:10.1.0.20:38957|priority:0|startupRole:FOLLOWER]|listeners:[], old=null
2023-05-04 20:14:04,677 [grpc-default-executor-6] INFO  server.RaftServer$Division (RaftServerImpl.java:requestVote(1218)) - 71eef059-4e21-465b-a9dc-55002cc631de@group-BF882965FFA5: receive requestVote(PRE_VOTE, 0abf101a-d700-4355-93b1-7a942eb61d40, group-BF882965FFA5, 0, (t:0, i:0))
2023-05-04 20:14:04,677 [grpc-default-executor-1] INFO  impl.VoteContext (VoteContext.java:log(49)) - 71eef059-4e21-465b-a9dc-55002cc631de@group-1F3DADE57F18-CANDIDATE: accept ELECTION from 0abf101a-d700-4355-93b1-7a942eb61d40: our priority 0 <= candidate's priority 1
2023-05-04 20:14:04,677 [grpc-default-executor-1] INFO  server.RaftServer$Division (RaftServerImpl.java:setRole(321)) - 71eef059-4e21-465b-a9dc-55002cc631de@group-1F3DADE57F18: changes role from CANDIDATE to FOLLOWER at term 1 for candidate:0abf101a-d700-4355-93b1-7a942eb61d40
2023-05-04 20:14:04,677 [grpc-default-executor-1] INFO  impl.RoleInfo (RoleInfo.java:shutdownLeaderElection(130)) - 71eef059-4e21-465b-a9dc-55002cc631de: shutdown 71eef059-4e21-465b-a9dc-55002cc631de@group-1F3DADE57F18-LeaderElection13
2023-05-04 20:14:04,677 [grpc-default-executor-1] INFO  impl.RoleInfo (RoleInfo.java:updateAndGet(139)) - 71eef059-4e21-465b-a9dc-55002cc631de: start 71eef059-4e21-465b-a9dc-55002cc631de@group-1F3DADE57F18-FollowerState
2023-05-04 20:14:04,677 [grpc-default-executor-6] INFO  impl.VoteContext (VoteContext.java:log(49)) - 71eef059-4e21-465b-a9dc-55002cc631de@group-BF882965FFA5-CANDIDATE: accept PRE_VOTE from 0abf101a-d700-4355-93b1-7a942eb61d40: our priority 0 <= candidate's priority 0
2023-05-04 20:14:04,677 [grpc-default-executor-0] INFO  server.RaftServer$Division (RaftServerImpl.java:requestVote(1218)) - 0abf101a-d700-4355-93b1-7a942eb61d40@group-BF882965FFA5: receive requestVote(PRE_VOTE, de61e307-c070-4843-8a71-857ff854f108, group-BF882965FFA5, 0, (t:0, i:0))
2023-05-04 20:14:04,677 [grpc-default-executor-6] INFO  server.RaftServer$Division (RaftServerImpl.java:requestVote(1251)) - 71eef059-4e21-465b-a9dc-55002cc631de@group-BF882965FFA5 replies to PRE_VOTE vote request: 0abf101a-d700-4355-93b1-7a942eb61d40<-71eef059-4e21-465b-a9dc-55002cc631de#0:OK-t0. Peer's state: 71eef059-4e21-465b-a9dc-55002cc631de@group-BF882965FFA5:t0, leader=null, voted=, raftlog=Memoized:71eef059-4e21-465b-a9dc-55002cc631de@group-BF882965FFA5-SegmentedRaftLog:OPENED:c-1, conf=-1: peers:[0abf101a-d700-4355-93b1-7a942eb61d40|rpc:10.1.0.20:35421|dataStream:10.1.0.20:33171|priority:0|startupRole:FOLLOWER, de61e307-c070-4843-8a71-857ff854f108|rpc:10.1.0.20:46099|dataStream:10.1.0.20:33083|priority:1|startupRole:FOLLOWER, 71eef059-4e21-465b-a9dc-55002cc631de|rpc:10.1.0.20:46399|dataStream:10.1.0.20:38957|priority:0|startupRole:FOLLOWER]|listeners:[], old=null
2023-05-04 20:14:04,677 [grpc-default-executor-0] INFO  impl.VoteContext (VoteContext.java:log(49)) - 0abf101a-d700-4355-93b1-7a942eb61d40@group-BF882965FFA5-FOLLOWER: accept PRE_VOTE from de61e307-c070-4843-8a71-857ff854f108: our priority 0 <= candidate's priority 1
2023-05-04 20:14:04,677 [grpc-default-executor-0] INFO  server.RaftServer$Division (RaftServerImpl.java:requestVote(1251)) - 0abf101a-d700-4355-93b1-7a942eb61d40@group-BF882965FFA5 replies to PRE_VOTE vote request: de61e307-c070-4843-8a71-857ff854f108<-0abf101a-d700-4355-93b1-7a942eb61d40#0:OK-t0. Peer's state: 0abf101a-d700-4355-93b1-7a942eb61d40@group-BF882965FFA5:t0, leader=null, voted=, raftlog=Memoized:0abf101a-d700-4355-93b1-7a942eb61d40@group-BF882965FFA5-SegmentedRaftLog:OPENED:c-1, conf=-1: peers:[0abf101a-d700-4355-93b1-7a942eb61d40|rpc:10.1.0.20:35421|dataStream:10.1.0.20:33171|priority:0|startupRole:FOLLOWER, de61e307-c070-4843-8a71-857ff854f108|rpc:10.1.0.20:46099|dataStream:10.1.0.20:33083|priority:1|startupRole:FOLLOWER, 71eef059-4e21-465b-a9dc-55002cc631de|rpc:10.1.0.20:46399|dataStream:10.1.0.20:38957|priority:0|startupRole:FOLLOWER]|listeners:[], old=null
2023-05-04 20:14:04,678 [grpc-default-executor-5] INFO  server.RaftServer$Division (RaftServerImpl.java:requestVote(1218)) - 0abf101a-d700-4355-93b1-7a942eb61d40@group-BF882965FFA5: receive requestVote(PRE_VOTE, 71eef059-4e21-465b-a9dc-55002cc631de, group-BF882965FFA5, 0, (t:0, i:0))
2023-05-04 20:14:04,678 [grpc-default-executor-5] INFO  impl.VoteContext (VoteContext.java:log(49)) - 0abf101a-d700-4355-93b1-7a942eb61d40@group-BF882965FFA5-FOLLOWER: accept PRE_VOTE from 71eef059-4e21-465b-a9dc-55002cc631de: our priority 0 <= candidate's priority 0
2023-05-04 20:14:04,678 [grpc-default-executor-5] INFO  server.RaftServer$Division (RaftServerImpl.java:requestVote(1251)) - 0abf101a-d700-4355-93b1-7a942eb61d40@group-BF882965FFA5 replies to PRE_VOTE vote request: 71eef059-4e21-465b-a9dc-55002cc631de<-0abf101a-d700-4355-93b1-7a942eb61d40#0:OK-t0. Peer's state: 0abf101a-d700-4355-93b1-7a942eb61d40@group-BF882965FFA5:t0, leader=null, voted=, raftlog=Memoized:0abf101a-d700-4355-93b1-7a942eb61d40@group-BF882965FFA5-SegmentedRaftLog:OPENED:c-1, conf=-1: peers:[0abf101a-d700-4355-93b1-7a942eb61d40|rpc:10.1.0.20:35421|dataStream:10.1.0.20:33171|priority:0|startupRole:FOLLOWER, de61e307-c070-4843-8a71-857ff854f108|rpc:10.1.0.20:46099|dataStream:10.1.0.20:33083|priority:1|startupRole:FOLLOWER, 71eef059-4e21-465b-a9dc-55002cc631de|rpc:10.1.0.20:46399|dataStream:10.1.0.20:38957|priority:0|startupRole:FOLLOWER]|listeners:[], old=null
2023-05-04 20:14:04,679 [grpc-default-executor-2] INFO  server.RaftServer$Division (RaftServerImpl.java:requestVote(1218)) - de61e307-c070-4843-8a71-857ff854f108@group-BF882965FFA5: receive requestVote(PRE_VOTE, 71eef059-4e21-465b-a9dc-55002cc631de, group-BF882965FFA5, 0, (t:0, i:0))
2023-05-04 20:14:04,679 [grpc-default-executor-2] INFO  impl.VoteContext (VoteContext.java:log(49)) - de61e307-c070-4843-8a71-857ff854f108@group-BF882965FFA5-CANDIDATE: reject PRE_VOTE from 71eef059-4e21-465b-a9dc-55002cc631de: our priority 1 > candidate's priority 0
2023-05-04 20:14:04,679 [grpc-default-executor-2] INFO  server.RaftServer$Division (RaftServerImpl.java:requestVote(1251)) - de61e307-c070-4843-8a71-857ff854f108@group-BF882965FFA5 replies to PRE_VOTE vote request: 71eef059-4e21-465b-a9dc-55002cc631de<-de61e307-c070-4843-8a71-857ff854f108#0:FAIL-t0. Peer's state: de61e307-c070-4843-8a71-857ff854f108@group-BF882965FFA5:t0, leader=null, voted=, raftlog=Memoized:de61e307-c070-4843-8a71-857ff854f108@group-BF882965FFA5-SegmentedRaftLog:OPENED:c-1, conf=-1: peers:[0abf101a-d700-4355-93b1-7a942eb61d40|rpc:10.1.0.20:35421|dataStream:10.1.0.20:33171|priority:0|startupRole:FOLLOWER, de61e307-c070-4843-8a71-857ff854f108|rpc:10.1.0.20:46099|dataStream:10.1.0.20:33083|priority:1|startupRole:FOLLOWER, 71eef059-4e21-465b-a9dc-55002cc631de|rpc:10.1.0.20:46399|dataStream:10.1.0.20:38957|priority:0|startupRole:FOLLOWER]|listeners:[], old=null
2023-05-04 20:14:04,680 [grpc-default-executor-2] INFO  server.RaftServer$Division (RaftServerImpl.java:requestVote(1218)) - 0abf101a-d700-4355-93b1-7a942eb61d40@group-1F3DADE57F18: receive requestVote(PRE_VOTE, 71eef059-4e21-465b-a9dc-55002cc631de, group-1F3DADE57F18, 0, (t:0, i:0))
2023-05-04 20:14:04,680 [grpc-default-executor-2] INFO  impl.VoteContext (VoteContext.java:log(49)) - 0abf101a-d700-4355-93b1-7a942eb61d40@group-1F3DADE57F18-CANDIDATE: reject PRE_VOTE from 71eef059-4e21-465b-a9dc-55002cc631de: our priority 1 > candidate's priority 0
2023-05-04 20:14:04,680 [grpc-default-executor-2] INFO  server.RaftServer$Division (RaftServerImpl.java:requestVote(1251)) - 0abf101a-d700-4355-93b1-7a942eb61d40@group-1F3DADE57F18 replies to PRE_VOTE vote request: 71eef059-4e21-465b-a9dc-55002cc631de<-0abf101a-d700-4355-93b1-7a942eb61d40#0:FAIL-t1. Peer's state: 0abf101a-d700-4355-93b1-7a942eb61d40@group-1F3DADE57F18:t1, leader=null, voted=0abf101a-d700-4355-93b1-7a942eb61d40, raftlog=Memoized:0abf101a-d700-4355-93b1-7a942eb61d40@group-1F3DADE57F18-SegmentedRaftLog:OPENED:c-1, conf=-1: peers:[0abf101a-d700-4355-93b1-7a942eb61d40|rpc:10.1.0.20:35421|dataStream:10.1.0.20:33171|priority:1|startupRole:FOLLOWER, de61e307-c070-4843-8a71-857ff854f108|rpc:10.1.0.20:46099|dataStream:10.1.0.20:33083|priority:0|startupRole:FOLLOWER, 71eef059-4e21-465b-a9dc-55002cc631de|rpc:10.1.0.20:46399|dataStream:10.1.0.20:38957|priority:0|startupRole:FOLLOWER]|listeners:[], old=null
2023-05-04 20:14:04,681 [0abf101a-d700-4355-93b1-7a942eb61d40@group-BF882965FFA5-FollowerState] INFO  server.RaftServerConfigKeys (ConfUtils.java:logFallback(53)) - raft.server.rpc.first-election.timeout.min = 5s (fallback to raft.server.rpc.timeout.min)
2023-05-04 20:14:04,681 [0abf101a-d700-4355-93b1-7a942eb61d40@group-BF882965FFA5-FollowerState] INFO  server.RaftServerConfigKeys (ConfUtils.java:logFallback(53)) - raft.server.rpc.first-election.timeout.max = 5200ms (fallback to raft.server.rpc.timeout.max)
2023-05-04 20:14:04,681 [de61e307-c070-4843-8a71-857ff854f108@group-20AE48363296-LeaderElection16] INFO  server.RaftServer$Division (ServerState.java:setLeader(313)) - de61e307-c070-4843-8a71-857ff854f108@group-20AE48363296: change Leader from null to de61e307-c070-4843-8a71-857ff854f108 at term 1 for becomeLeader, leader elected after 5045ms
2023-05-04 20:14:04,682 [de61e307-c070-4843-8a71-857ff854f108@group-20AE48363296-LeaderElection16] INFO  server.RaftServerConfigKeys (ConfUtils.java:logGet(46)) - raft.server.staging.catchup.gap = 1000 (default)
2023-05-04 20:14:04,682 [0abf101a-d700-4355-93b1-7a942eb61d40@group-1F3DADE57F18-LeaderElection10] INFO  impl.LeaderElection (LeaderElection.java:askForVotes(314)) - 0abf101a-d700-4355-93b1-7a942eb61d40@group-1F3DADE57F18-LeaderElection10 ELECTION round 0: result PASSED
2023-05-04 20:14:04,682 [0abf101a-d700-4355-93b1-7a942eb61d40@group-1F3DADE57F18-LeaderElection10] INFO  impl.RoleInfo (RoleInfo.java:shutdownLeaderElection(130)) - 0abf101a-d700-4355-93b1-7a942eb61d40: shutdown 0abf101a-d700-4355-93b1-7a942eb61d40@group-1F3DADE57F18-LeaderElection10
2023-05-04 20:14:04,686 [71eef059-4e21-465b-a9dc-55002cc631de@group-BF882965FFA5-LeaderElection15] INFO  impl.LeaderElection (LeaderElection.java:logAndReturn(90)) - 71eef059-4e21-465b-a9dc-55002cc631de@group-BF882965FFA5-LeaderElection15: PRE_VOTE REJECTED received 1 response(s) and 0 exception(s):
2023-05-04 20:14:04,686 [71eef059-4e21-465b-a9dc-55002cc631de@group-BF882965FFA5-LeaderElection15] INFO  impl.LeaderElection (LeaderElection.java:logAndReturn(94)) -   Response 0: 71eef059-4e21-465b-a9dc-55002cc631de<-de61e307-c070-4843-8a71-857ff854f108#0:FAIL-t0
2023-05-04 20:14:04,687 [71eef059-4e21-465b-a9dc-55002cc631de@group-BF882965FFA5-LeaderElection15] INFO  impl.LeaderElection (LeaderElection.java:askForVotes(314)) - 71eef059-4e21-465b-a9dc-55002cc631de@group-BF882965FFA5-LeaderElection15 PRE_VOTE round 0: result REJECTED
2023-05-04 20:14:04,687 [71eef059-4e21-465b-a9dc-55002cc631de@group-BF882965FFA5-LeaderElection15] INFO  server.RaftServer$Division (RaftServerImpl.java:setRole(321)) - 71eef059-4e21-465b-a9dc-55002cc631de@group-BF882965FFA5: changes role from CANDIDATE to FOLLOWER at term 0 for REJECTED
2023-05-04 20:14:04,687 [71eef059-4e21-465b-a9dc-55002cc631de@group-BF882965FFA5-LeaderElection15] INFO  impl.RoleInfo (RoleInfo.java:shutdownLeaderElection(130)) - 71eef059-4e21-465b-a9dc-55002cc631de: shutdown 71eef059-4e21-465b-a9dc-55002cc631de@group-BF882965FFA5-LeaderElection15
2023-05-04 20:14:04,689 [71eef059-4e21-465b-a9dc-55002cc631de@group-BF882965FFA5-LeaderElection15] INFO  impl.RoleInfo (RoleInfo.java:updateAndGet(139)) - 71eef059-4e21-465b-a9dc-55002cc631de: start 71eef059-4e21-465b-a9dc-55002cc631de@group-BF882965FFA5-FollowerState
2023-05-04 20:14:04,686 [grpc-default-executor-1] INFO  server.RaftServer$Division (RaftServerImpl.java:requestVote(1251)) - 71eef059-4e21-465b-a9dc-55002cc631de@group-1F3DADE57F18 replies to ELECTION vote request: 0abf101a-d700-4355-93b1-7a942eb61d40<-71eef059-4e21-465b-a9dc-55002cc631de#0:OK-t1. Peer's state: 71eef059-4e21-465b-a9dc-55002cc631de@group-1F3DADE57F18:t1, leader=null, voted=0abf101a-d700-4355-93b1-7a942eb61d40, raftlog=Memoized:71eef059-4e21-465b-a9dc-55002cc631de@group-1F3DADE57F18-SegmentedRaftLog:OPENED:c-1, conf=-1: peers:[0abf101a-d700-4355-93b1-7a942eb61d40|rpc:10.1.0.20:35421|dataStream:10.1.0.20:33171|priority:1|startupRole:FOLLOWER, de61e307-c070-4843-8a71-857ff854f108|rpc:10.1.0.20:46099|dataStream:10.1.0.20:33083|priority:0|startupRole:FOLLOWER, 71eef059-4e21-465b-a9dc-55002cc631de|rpc:10.1.0.20:46399|dataStream:10.1.0.20:38957|priority:0|startupRole:FOLLOWER]|listeners:[], old=null
2023-05-04 20:14:04,682 [de61e307-c070-4843-8a71-857ff854f108@group-20AE48363296-LeaderElection16] INFO  server.RaftServerConfigKeys (ConfUtils.java:logGet(46)) - raft.server.write.element-limit = 1024 (custom)
2023-05-04 20:14:04,690 [de61e307-c070-4843-8a71-857ff854f108@group-20AE48363296-LeaderElection16] INFO  server.RaftServerConfigKeys (ConfUtils.java:logGet(46)) - raft.server.write.byte-limit = 1024 M (=1073741824) (custom)
2023-05-04 20:14:04,690 [de61e307-c070-4843-8a71-857ff854f108@group-20AE48363296-LeaderElection16] INFO  server.RaftServerConfigKeys (ConfUtils.java:logGet(46)) - raft.server.watch.timeout = 180s (custom)
2023-05-04 20:14:04,690 [de61e307-c070-4843-8a71-857ff854f108@group-20AE48363296-LeaderElection16] INFO  server.RaftServerConfigKeys (ConfUtils.java:logGet(46)) - raft.server.watch.timeout.denomination = 1s (default)
2023-05-04 20:14:04,690 [de61e307-c070-4843-8a71-857ff854f108@group-20AE48363296-LeaderElection16] INFO  server.RaftServerConfigKeys (ConfUtils.java:logGet(46)) - raft.server.watch.element-limit = 65536 (default)
2023-05-04 20:14:04,690 [de61e307-c070-4843-8a71-857ff854f108@group-20AE48363296-LeaderElection16] INFO  server.RaftServerConfigKeys (ConfUtils.java:logGet(46)) - raft.server.write.element-limit = 1024 (custom)
2023-05-04 20:14:04,690 [de61e307-c070-4843-8a71-857ff854f108@group-20AE48363296-LeaderElection16] INFO  server.RaftServerConfigKeys (ConfUtils.java:logGet(46)) - raft.server.write.follower.gap.ratio.max = -1.0 (default)
2023-05-04 20:14:04,690 [de61e307-c070-4843-8a71-857ff854f108@group-20AE48363296-LeaderElection16] INFO  impl.RoleInfo (RoleInfo.java:updateAndGet(139)) - de61e307-c070-4843-8a71-857ff854f108: start de61e307-c070-4843-8a71-857ff854f108@group-20AE48363296-LeaderStateImpl
2023-05-04 20:14:04,688 [71eef059-4e21-465b-a9dc-55002cc631de@group-1F3DADE57F18-LeaderElection13] INFO  impl.LeaderElection (LeaderElection.java:logAndReturn(90)) - 71eef059-4e21-465b-a9dc-55002cc631de@group-1F3DADE57F18-LeaderElection13: PRE_VOTE DISCOVERED_A_NEW_TERM (term=1) received 1 response(s) and 0 exception(s):
2023-05-04 20:14:04,691 [71eef059-4e21-465b-a9dc-55002cc631de@group-1F3DADE57F18-LeaderElection13] INFO  impl.LeaderElection (LeaderElection.java:logAndReturn(94)) -   Response 0: 71eef059-4e21-465b-a9dc-55002cc631de<-de61e307-c070-4843-8a71-857ff854f108#0:OK-t1
2023-05-04 20:14:04,691 [de61e307-c070-4843-8a71-857ff854f108@group-20AE48363296-LeaderElection16] INFO  segmented.SegmentedRaftLogWorker (SegmentedRaftLogWorker.java:startLogSegment(452)) - de61e307-c070-4843-8a71-857ff854f108@group-20AE48363296-SegmentedRaftLogWorker: Starting segment from index:0
2023-05-04 20:14:04,691 [71eef059-4e21-465b-a9dc-55002cc631de@group-BF882965FFA5-FollowerState] INFO  server.RaftServerConfigKeys (ConfUtils.java:logFallback(53)) - raft.server.rpc.first-election.timeout.min = 5s (fallback to raft.server.rpc.timeout.min)
2023-05-04 20:14:04,691 [71eef059-4e21-465b-a9dc-55002cc631de@group-BF882965FFA5-FollowerState] INFO  server.RaftServerConfigKeys (ConfUtils.java:logFallback(53)) - raft.server.rpc.first-election.timeout.max = 5200ms (fallback to raft.server.rpc.timeout.max)
2023-05-04 20:14:04,686 [0abf101a-d700-4355-93b1-7a942eb61d40@group-1F3DADE57F18-LeaderElection10] INFO  server.RaftServer$Division (RaftServerImpl.java:setRole(321)) - 0abf101a-d700-4355-93b1-7a942eb61d40@group-1F3DADE57F18: changes role from CANDIDATE to LEADER at term 1 for changeToLeader
2023-05-04 20:14:04,693 [0abf101a-d700-4355-93b1-7a942eb61d40@group-1F3DADE57F18-LeaderElection10] INFO  ratis.XceiverServerRatis (XceiverServerRatis.java:handleLeaderChangedNotification(904)) - Leader change notification received for group: group-1F3DADE57F18 with new leaderId: 0abf101a-d700-4355-93b1-7a942eb61d40
2023-05-04 20:14:04,694 [0abf101a-d700-4355-93b1-7a942eb61d40@group-1F3DADE57F18-LeaderElection10] INFO  server.RaftServer$Division (ServerState.java:setLeader(313)) - 0abf101a-d700-4355-93b1-7a942eb61d40@group-1F3DADE57F18: change Leader from null to 0abf101a-d700-4355-93b1-7a942eb61d40 at term 1 for becomeLeader, leader elected after 5395ms
2023-05-04 20:14:04,694 [0abf101a-d700-4355-93b1-7a942eb61d40@group-1F3DADE57F18-LeaderElection10] INFO  server.RaftServerConfigKeys (ConfUtils.java:logGet(46)) - raft.server.staging.catchup.gap = 1000 (default)
2023-05-04 20:14:04,694 [0abf101a-d700-4355-93b1-7a942eb61d40@group-1F3DADE57F18-LeaderElection10] INFO  server.RaftServerConfigKeys (ConfUtils.java:logGet(46)) - raft.server.write.element-limit = 1024 (custom)
2023-05-04 20:14:04,694 [0abf101a-d700-4355-93b1-7a942eb61d40@group-1F3DADE57F18-LeaderElection10] INFO  server.RaftServerConfigKeys (ConfUtils.java:logGet(46)) - raft.server.write.byte-limit = 1024 M (=1073741824) (custom)
2023-05-04 20:14:04,694 [0abf101a-d700-4355-93b1-7a942eb61d40@group-1F3DADE57F18-LeaderElection10] INFO  server.RaftServerConfigKeys (ConfUtils.java:logGet(46)) - raft.server.watch.timeout = 180s (custom)
2023-05-04 20:14:04,694 [0abf101a-d700-4355-93b1-7a942eb61d40@group-1F3DADE57F18-LeaderElection10] INFO  server.RaftServerConfigKeys (ConfUtils.java:logGet(46)) - raft.server.watch.timeout.denomination = 1s (default)
2023-05-04 20:14:04,694 [0abf101a-d700-4355-93b1-7a942eb61d40@group-1F3DADE57F18-LeaderElection10] INFO  server.RaftServerConfigKeys (ConfUtils.java:logGet(46)) - raft.server.watch.element-limit = 65536 (default)
2023-05-04 20:14:04,694 [0abf101a-d700-4355-93b1-7a942eb61d40@group-1F3DADE57F18-LeaderElection10] INFO  server.RaftServerConfigKeys (ConfUtils.java:logGet(46)) - raft.server.write.element-limit = 1024 (custom)
2023-05-04 20:14:04,694 [0abf101a-d700-4355-93b1-7a942eb61d40@group-1F3DADE57F18-LeaderElection10] INFO  server.RaftServerConfigKeys (ConfUtils.java:logGet(46)) - raft.server.write.follower.gap.ratio.max = -1.0 (default)
2023-05-04 20:14:04,695 [0abf101a-d700-4355-93b1-7a942eb61d40@group-1F3DADE57F18-LeaderElection10] INFO  server.RaftServerConfigKeys (ConfUtils.java:logGet(46)) - raft.server.log.appender.snapshot.chunk.size.max = 16MB (=16777216) (default)
2023-05-04 20:14:04,695 [0abf101a-d700-4355-93b1-7a942eb61d40@group-1F3DADE57F18-LeaderElection10] INFO  server.RaftServerConfigKeys (ConfUtils.java:logGet(46)) - raft.server.log.appender.buffer.byte-limit = 33554432 (custom)
2023-05-04 20:14:04,695 [0abf101a-d700-4355-93b1-7a942eb61d40@group-1F3DADE57F18-LeaderElection10] INFO  server.RaftServerConfigKeys (ConfUtils.java:logGet(46)) - raft.server.log.appender.buffer.element-limit = 1 (custom)
2023-05-04 20:14:04,695 [71eef059-4e21-465b-a9dc-55002cc631de@group-1F3DADE57F18-FollowerState] INFO  server.RaftServerConfigKeys (ConfUtils.java:logFallback(53)) - raft.server.rpc.first-election.timeout.min = 5s (fallback to raft.server.rpc.timeout.min)
2023-05-04 20:14:04,695 [71eef059-4e21-465b-a9dc-55002cc631de@group-1F3DADE57F18-FollowerState] INFO  server.RaftServerConfigKeys (ConfUtils.java:logFallback(53)) - raft.server.rpc.first-election.timeout.max = 5200ms (fallback to raft.server.rpc.timeout.max)
2023-05-04 20:14:04,697 [EventQueue-PipelineReportForPipelineReportHandler] INFO  pipeline.PipelineManagerImpl (PipelineManagerImpl.java:openPipeline(367)) - Pipeline Pipeline[ Id: fd3c01fa-ee31-46da-9393-1f3dade57f18, Nodes: de61e307-c070-4843-8a71-857ff854f108(fv-az804-457.cvtsq3ctpw5ehehiek0yp1ke0c.cx.internal.cloudapp.net/10.1.0.20)71eef059-4e21-465b-a9dc-55002cc631de(fv-az804-457.cvtsq3ctpw5ehehiek0yp1ke0c.cx.internal.cloudapp.net/10.1.0.20)0abf101a-d700-4355-93b1-7a942eb61d40(fv-az804-457.cvtsq3ctpw5ehehiek0yp1ke0c.cx.internal.cloudapp.net/10.1.0.20), ReplicationConfig: RATIS/THREE, State:ALLOCATED, leaderId:0abf101a-d700-4355-93b1-7a942eb61d40, CreationTimestamp2023-05-04T20:13:57.094Z[Etc/UTC]] moved to OPEN state
2023-05-04 20:14:04,695 [0abf101a-d700-4355-93b1-7a942eb61d40@group-1F3DADE57F18-LeaderElection10] INFO  grpc.GrpcConfigKeys (ConfUtils.java:logGet(46)) - raft.grpc.server.leader.outstanding.appends.max = 128 (default)
2023-05-04 20:14:04,698 [0abf101a-d700-4355-93b1-7a942eb61d40@group-1F3DADE57F18-LeaderElection10] INFO  server.RaftServerConfigKeys (ConfUtils.java:logGet(46)) - raft.server.rpc.request.timeout = 60s (custom)
2023-05-04 20:14:04,698 [0abf101a-d700-4355-93b1-7a942eb61d40@group-1F3DADE57F18-LeaderElection10] INFO  server.RaftServerConfigKeys (ConfUtils.java:logGet(46)) - raft.server.log.appender.install.snapshot.enabled = false (custom)
2023-05-04 20:14:04,698 [0abf101a-d700-4355-93b1-7a942eb61d40@group-1F3DADE57F18-LeaderElection10] INFO  grpc.GrpcConfigKeys (ConfUtils.java:logGet(46)) - raft.grpc.server.heartbeat.channel = true (default)
2023-05-04 20:14:04,698 [0abf101a-d700-4355-93b1-7a942eb61d40@group-1F3DADE57F18-LeaderElection10] INFO  server.RaftServerConfigKeys (ConfUtils.java:logGet(46)) - raft.server.log.appender.wait-time.min = 10ms (default)
2023-05-04 20:14:04,699 [0abf101a-d700-4355-93b1-7a942eb61d40@group-1F3DADE57F18-LeaderElection10] INFO  server.RaftServerConfigKeys (ConfUtils.java:logGet(46)) - raft.server.log.appender.snapshot.chunk.size.max = 16MB (=16777216) (default)
2023-05-04 20:14:04,699 [0abf101a-d700-4355-93b1-7a942eb61d40@group-1F3DADE57F18-LeaderElection10] INFO  server.RaftServerConfigKeys (ConfUtils.java:logGet(46)) - raft.server.log.appender.buffer.byte-limit = 33554432 (custom)
2023-05-04 20:14:04,699 [0abf101a-d700-4355-93b1-7a942eb61d40@group-1F3DADE57F18-LeaderElection10] INFO  server.RaftServerConfigKeys (ConfUtils.java:logGet(46)) - raft.server.log.appender.buffer.element-limit = 1 (custom)
2023-05-04 20:14:04,698 [de61e307-c070-4843-8a71-857ff854f108@group-20AE48363296-SegmentedRaftLogWorker] INFO  segmented.SegmentedRaftLogWorker (SegmentedRaftLogWorker.java:execute(656)) - de61e307-c070-4843-8a71-857ff854f108@group-20AE48363296-SegmentedRaftLogWorker: created new log segment /home/runner/work/ozone/ozone/hadoop-ozone/integration-test/target/test-dir/MiniOzoneClusterImpl-3ff5bc89-9620-4d46-84f6-68e3c2a3a822/datanode-4/data/ratis/641dc280-675a-4a83-9c0a-20ae48363296/current/log_inprogress_0
2023-05-04 20:14:04,701 [71eef059-4e21-465b-a9dc-55002cc631de@group-1F3DADE57F18-LeaderElection13] INFO  impl.LeaderElection (LeaderElection.java:askForVotes(314)) - 71eef059-4e21-465b-a9dc-55002cc631de@group-1F3DADE57F18-LeaderElection13 PRE_VOTE round 0: result DISCOVERED_A_NEW_TERM (term=1)
2023-05-04 20:14:04,702 [0abf101a-d700-4355-93b1-7a942eb61d40@group-1F3DADE57F18-LeaderElection10] INFO  grpc.GrpcConfigKeys (ConfUtils.java:logGet(46)) - raft.grpc.server.leader.outstanding.appends.max = 128 (default)
2023-05-04 20:14:04,702 [0abf101a-d700-4355-93b1-7a942eb61d40@group-1F3DADE57F18-LeaderElection10] INFO  server.RaftServerConfigKeys (ConfUtils.java:logGet(46)) - raft.server.rpc.request.timeout = 60s (custom)
2023-05-04 20:14:04,702 [0abf101a-d700-4355-93b1-7a942eb61d40@group-1F3DADE57F18-LeaderElection10] INFO  server.RaftServerConfigKeys (ConfUtils.java:logGet(46)) - raft.server.log.appender.install.snapshot.enabled = false (custom)
2023-05-04 20:14:04,702 [0abf101a-d700-4355-93b1-7a942eb61d40@group-1F3DADE57F18-LeaderElection10] INFO  grpc.GrpcConfigKeys (ConfUtils.java:logGet(46)) - raft.grpc.server.heartbeat.channel = true (default)
2023-05-04 20:14:04,702 [0abf101a-d700-4355-93b1-7a942eb61d40@group-1F3DADE57F18-LeaderElection10] INFO  server.RaftServerConfigKeys (ConfUtils.java:logGet(46)) - raft.server.log.appender.wait-time.min = 10ms (default)
2023-05-04 20:14:04,703 [0abf101a-d700-4355-93b1-7a942eb61d40@group-1F3DADE57F18-LeaderElection10] INFO  impl.RoleInfo (RoleInfo.java:updateAndGet(139)) - 0abf101a-d700-4355-93b1-7a942eb61d40: start 0abf101a-d700-4355-93b1-7a942eb61d40@group-1F3DADE57F18-LeaderStateImpl
2023-05-04 20:14:04,703 [0abf101a-d700-4355-93b1-7a942eb61d40@group-1F3DADE57F18-LeaderElection10] INFO  segmented.SegmentedRaftLogWorker (SegmentedRaftLogWorker.java:startLogSegment(452)) - 0abf101a-d700-4355-93b1-7a942eb61d40@group-1F3DADE57F18-SegmentedRaftLogWorker: Starting segment from index:0
2023-05-04 20:14:04,705 [0abf101a-d700-4355-93b1-7a942eb61d40@group-1F3DADE57F18-SegmentedRaftLogWorker] INFO  segmented.SegmentedRaftLogWorker (SegmentedRaftLogWorker.java:execute(656)) - 0abf101a-d700-4355-93b1-7a942eb61d40@group-1F3DADE57F18-SegmentedRaftLogWorker: created new log segment /home/runner/work/ozone/ozone/hadoop-ozone/integration-test/target/test-dir/MiniOzoneClusterImpl-3ff5bc89-9620-4d46-84f6-68e3c2a3a822/datanode-3/data/ratis/fd3c01fa-ee31-46da-9393-1f3dade57f18/current/log_inprogress_0
2023-05-04 20:14:04,725 [de61e307-c070-4843-8a71-857ff854f108@group-1F3DADE57F18-LeaderElection11] INFO  impl.LeaderElection (LeaderElection.java:logAndReturn(90)) - de61e307-c070-4843-8a71-857ff854f108@group-1F3DADE57F18-LeaderElection11: PRE_VOTE PASSED received 1 response(s) and 0 exception(s):
2023-05-04 20:14:04,725 [de61e307-c070-4843-8a71-857ff854f108@group-BF882965FFA5-LeaderElection12] INFO  impl.LeaderElection (LeaderElection.java:logAndReturn(90)) - de61e307-c070-4843-8a71-857ff854f108@group-BF882965FFA5-LeaderElection12: PRE_VOTE PASSED received 1 response(s) and 0 exception(s):
2023-05-04 20:14:04,725 [de61e307-c070-4843-8a71-857ff854f108@group-BF882965FFA5-LeaderElection12] INFO  impl.LeaderElection (LeaderElection.java:logAndReturn(94)) -   Response 0: de61e307-c070-4843-8a71-857ff854f108<-71eef059-4e21-465b-a9dc-55002cc631de#0:OK-t0
2023-05-04 20:14:04,725 [de61e307-c070-4843-8a71-857ff854f108@group-BF882965FFA5-LeaderElection12] INFO  impl.LeaderElection (LeaderElection.java:askForVotes(314)) - de61e307-c070-4843-8a71-857ff854f108@group-BF882965FFA5-LeaderElection12 PRE_VOTE round 0: result PASSED
2023-05-04 20:14:04,725 [de61e307-c070-4843-8a71-857ff854f108@group-1F3DADE57F18-LeaderElection11] INFO  impl.LeaderElection (LeaderElection.java:logAndReturn(94)) -   Response 0: de61e307-c070-4843-8a71-857ff854f108<-71eef059-4e21-465b-a9dc-55002cc631de#0:OK-t0
2023-05-04 20:14:04,726 [de61e307-c070-4843-8a71-857ff854f108@group-1F3DADE57F18-LeaderElection11] INFO  impl.LeaderElection (LeaderElection.java:askForVotes(314)) - de61e307-c070-4843-8a71-857ff854f108@group-1F3DADE57F18-LeaderElection11 PRE_VOTE round 0: result PASSED
2023-05-04 20:14:04,727 [de61e307-c070-4843-8a71-857ff854f108@group-BF882965FFA5-LeaderElection12] INFO  impl.LeaderElection (LeaderElection.java:askForVotes(312)) - de61e307-c070-4843-8a71-857ff854f108@group-BF882965FFA5-LeaderElection12 ELECTION round 0: submit vote requests at term 1 for -1: peers:[0abf101a-d700-4355-93b1-7a942eb61d40|rpc:10.1.0.20:35421|dataStream:10.1.0.20:33171|priority:0|startupRole:FOLLOWER, de61e307-c070-4843-8a71-857ff854f108|rpc:10.1.0.20:46099|dataStream:10.1.0.20:33083|priority:1|startupRole:FOLLOWER, 71eef059-4e21-465b-a9dc-55002cc631de|rpc:10.1.0.20:46399|dataStream:10.1.0.20:38957|priority:0|startupRole:FOLLOWER]|listeners:[], old=null
2023-05-04 20:14:04,730 [de61e307-c070-4843-8a71-857ff854f108@group-20AE48363296-LeaderElection16] INFO  server.RaftServer$Division (ServerState.java:setRaftConf(430)) - de61e307-c070-4843-8a71-857ff854f108@group-20AE48363296: set configuration 0: peers:[de61e307-c070-4843-8a71-857ff854f108|rpc:10.1.0.20:46099|dataStream:10.1.0.20:33083|priority:1|startupRole:FOLLOWER]|listeners:[], old=null
2023-05-04 20:14:04,731 [0abf101a-d700-4355-93b1-7a942eb61d40@group-1F3DADE57F18-LeaderElection10] INFO  server.RaftServer$Division (ServerState.java:setRaftConf(430)) - 0abf101a-d700-4355-93b1-7a942eb61d40@group-1F3DADE57F18: set configuration 0: peers:[0abf101a-d700-4355-93b1-7a942eb61d40|rpc:10.1.0.20:35421|dataStream:10.1.0.20:33171|priority:1|startupRole:FOLLOWER, de61e307-c070-4843-8a71-857ff854f108|rpc:10.1.0.20:46099|dataStream:10.1.0.20:33083|priority:0|startupRole:FOLLOWER, 71eef059-4e21-465b-a9dc-55002cc631de|rpc:10.1.0.20:46399|dataStream:10.1.0.20:38957|priority:0|startupRole:FOLLOWER]|listeners:[], old=null
2023-05-04 20:14:04,734 [Listener at 127.0.0.1/35517] INFO  impl.MetricsSystemImpl (MetricsSystemImpl.java:init(158)) - XceiverClientMetrics metrics system started (again)
2023-05-04 20:14:04,735 [Listener at 127.0.0.1/35517] INFO  lib.Interns (Interns.java:removeEldestEntry(50)) - Metrics intern cache overflow at 2011 for MetricsSystem={MetricsSystem=MetricsInfoImpl{name=MetricsSystem, description=MetricsSystem}, MetricsSystem record=MetricsInfoImpl{name=MetricsSystem, description=MetricsSystem record}}
2023-05-04 20:14:04,738 [de61e307-c070-4843-8a71-857ff854f108@group-BF882965FFA5-LeaderElection12] INFO  server.RaftServerConfigKeys (ConfUtils.java:logFallback(53)) - raft.server.rpc.first-election.timeout.min = 5s (fallback to raft.server.rpc.timeout.min)
2023-05-04 20:14:04,738 [de61e307-c070-4843-8a71-857ff854f108@group-BF882965FFA5-LeaderElection12] INFO  server.RaftServerConfigKeys (ConfUtils.java:logFallback(53)) - raft.server.rpc.first-election.timeout.max = 5200ms (fallback to raft.server.rpc.timeout.max)
2023-05-04 20:14:04,762 [71eef059-4e21-465b-a9dc-55002cc631de-server-thread1] INFO  ratis.XceiverServerRatis (XceiverServerRatis.java:handleLeaderChangedNotification(904)) - Leader change notification received for group: group-1F3DADE57F18 with new leaderId: 0abf101a-d700-4355-93b1-7a942eb61d40
2023-05-04 20:14:04,762 [71eef059-4e21-465b-a9dc-55002cc631de-server-thread1] INFO  server.RaftServer$Division (ServerState.java:setLeader(313)) - 71eef059-4e21-465b-a9dc-55002cc631de@group-1F3DADE57F18: change Leader from null to 0abf101a-d700-4355-93b1-7a942eb61d40 at term 1 for appendEntries, leader elected after 5382ms
2023-05-04 20:14:04,765 [grpc-default-executor-6] INFO  server.RaftServer$Division (RaftServerImpl.java:requestVote(1218)) - 71eef059-4e21-465b-a9dc-55002cc631de@group-BF882965FFA5: receive requestVote(ELECTION, de61e307-c070-4843-8a71-857ff854f108, group-BF882965FFA5, 1, (t:0, i:0))
2023-05-04 20:14:04,766 [grpc-default-executor-6] INFO  impl.VoteContext (VoteContext.java:log(49)) - 71eef059-4e21-465b-a9dc-55002cc631de@group-BF882965FFA5-FOLLOWER: accept ELECTION from de61e307-c070-4843-8a71-857ff854f108: our priority 0 <= candidate's priority 1
2023-05-04 20:14:04,766 [grpc-default-executor-6] INFO  server.RaftServer$Division (RaftServerImpl.java:setRole(321)) - 71eef059-4e21-465b-a9dc-55002cc631de@group-BF882965FFA5: changes role from  FOLLOWER to FOLLOWER at term 1 for candidate:de61e307-c070-4843-8a71-857ff854f108
2023-05-04 20:14:04,766 [grpc-default-executor-6] INFO  impl.RoleInfo (RoleInfo.java:shutdownFollowerState(110)) - 71eef059-4e21-465b-a9dc-55002cc631de: shutdown 71eef059-4e21-465b-a9dc-55002cc631de@group-BF882965FFA5-FollowerState
2023-05-04 20:14:04,766 [grpc-default-executor-6] INFO  impl.RoleInfo (RoleInfo.java:updateAndGet(139)) - 71eef059-4e21-465b-a9dc-55002cc631de: start 71eef059-4e21-465b-a9dc-55002cc631de@group-BF882965FFA5-FollowerState
2023-05-04 20:14:04,766 [71eef059-4e21-465b-a9dc-55002cc631de@group-BF882965FFA5-FollowerState] INFO  impl.FollowerState (FollowerState.java:run(152)) - 71eef059-4e21-465b-a9dc-55002cc631de@group-BF882965FFA5-FollowerState was interrupted
2023-05-04 20:14:04,767 [grpc-default-executor-0] INFO  server.RaftServer$Division (RaftServerImpl.java:requestVote(1218)) - 0abf101a-d700-4355-93b1-7a942eb61d40@group-BF882965FFA5: receive requestVote(ELECTION, de61e307-c070-4843-8a71-857ff854f108, group-BF882965FFA5, 1, (t:0, i:0))
2023-05-04 20:14:04,767 [grpc-default-executor-0] INFO  impl.VoteContext (VoteContext.java:log(49)) - 0abf101a-d700-4355-93b1-7a942eb61d40@group-BF882965FFA5-FOLLOWER: accept ELECTION from de61e307-c070-4843-8a71-857ff854f108: our priority 0 <= candidate's priority 1
2023-05-04 20:14:04,767 [grpc-default-executor-0] INFO  server.RaftServer$Division (RaftServerImpl.java:setRole(321)) - 0abf101a-d700-4355-93b1-7a942eb61d40@group-BF882965FFA5: changes role from  FOLLOWER to FOLLOWER at term 1 for candidate:de61e307-c070-4843-8a71-857ff854f108
2023-05-04 20:14:04,767 [grpc-default-executor-0] INFO  impl.RoleInfo (RoleInfo.java:shutdownFollowerState(110)) - 0abf101a-d700-4355-93b1-7a942eb61d40: shutdown 0abf101a-d700-4355-93b1-7a942eb61d40@group-BF882965FFA5-FollowerState
2023-05-04 20:14:04,768 [71eef059-4e21-465b-a9dc-55002cc631de@group-BF882965FFA5-FollowerState] INFO  server.RaftServerConfigKeys (ConfUtils.java:logFallback(53)) - raft.server.rpc.first-election.timeout.min = 5s (fallback to raft.server.rpc.timeout.min)
2023-05-04 20:14:04,768 [71eef059-4e21-465b-a9dc-55002cc631de@group-BF882965FFA5-FollowerState] INFO  server.RaftServerConfigKeys (ConfUtils.java:logFallback(53)) - raft.server.rpc.first-election.timeout.max = 5200ms (fallback to raft.server.rpc.timeout.max)
2023-05-04 20:14:04,768 [grpc-default-executor-0] INFO  impl.RoleInfo (RoleInfo.java:updateAndGet(139)) - 0abf101a-d700-4355-93b1-7a942eb61d40: start 0abf101a-d700-4355-93b1-7a942eb61d40@group-BF882965FFA5-FollowerState
2023-05-04 20:14:04,773 [de61e307-c070-4843-8a71-857ff854f108-server-thread2] INFO  ratis.XceiverServerRatis (XceiverServerRatis.java:handleLeaderChangedNotification(904)) - Leader change notification received for group: group-1F3DADE57F18 with new leaderId: 0abf101a-d700-4355-93b1-7a942eb61d40
2023-05-04 20:14:04,773 [71eef059-4e21-465b-a9dc-55002cc631de-server-thread1] INFO  server.RaftServer$Division (ServerState.java:setRaftConf(430)) - 71eef059-4e21-465b-a9dc-55002cc631de@group-1F3DADE57F18: set configuration 0: peers:[0abf101a-d700-4355-93b1-7a942eb61d40|rpc:10.1.0.20:35421|dataStream:10.1.0.20:33171|priority:1|startupRole:FOLLOWER, de61e307-c070-4843-8a71-857ff854f108|rpc:10.1.0.20:46099|dataStream:10.1.0.20:33083|priority:0|startupRole:FOLLOWER, 71eef059-4e21-465b-a9dc-55002cc631de|rpc:10.1.0.20:46399|dataStream:10.1.0.20:38957|priority:0|startupRole:FOLLOWER]|listeners:[], old=null
2023-05-04 20:14:04,773 [grpc-default-executor-6] INFO  server.RaftServer$Division (RaftServerImpl.java:requestVote(1251)) - 71eef059-4e21-465b-a9dc-55002cc631de@group-BF882965FFA5 replies to ELECTION vote request: de61e307-c070-4843-8a71-857ff854f108<-71eef059-4e21-465b-a9dc-55002cc631de#0:OK-t1. Peer's state: 71eef059-4e21-465b-a9dc-55002cc631de@group-BF882965FFA5:t1, leader=null, voted=de61e307-c070-4843-8a71-857ff854f108, raftlog=Memoized:71eef059-4e21-465b-a9dc-55002cc631de@group-BF882965FFA5-SegmentedRaftLog:OPENED:c-1, conf=-1: peers:[0abf101a-d700-4355-93b1-7a942eb61d40|rpc:10.1.0.20:35421|dataStream:10.1.0.20:33171|priority:0|startupRole:FOLLOWER, de61e307-c070-4843-8a71-857ff854f108|rpc:10.1.0.20:46099|dataStream:10.1.0.20:33083|priority:1|startupRole:FOLLOWER, 71eef059-4e21-465b-a9dc-55002cc631de|rpc:10.1.0.20:46399|dataStream:10.1.0.20:38957|priority:0|startupRole:FOLLOWER]|listeners:[], old=null
2023-05-04 20:14:04,774 [de61e307-c070-4843-8a71-857ff854f108-server-thread2] INFO  server.RaftServer$Division (ServerState.java:setLeader(313)) - de61e307-c070-4843-8a71-857ff854f108@group-1F3DADE57F18: change Leader from null to 0abf101a-d700-4355-93b1-7a942eb61d40 at term 1 for appendEntries, leader elected after 5438ms
2023-05-04 20:14:04,775 [de61e307-c070-4843-8a71-857ff854f108@group-BF882965FFA5-LeaderElection12] INFO  impl.LeaderElection (LeaderElection.java:logAndReturn(90)) - de61e307-c070-4843-8a71-857ff854f108@group-BF882965FFA5-LeaderElection12: ELECTION PASSED received 1 response(s) and 0 exception(s):
2023-05-04 20:14:04,775 [de61e307-c070-4843-8a71-857ff854f108@group-BF882965FFA5-LeaderElection12] INFO  impl.LeaderElection (LeaderElection.java:logAndReturn(94)) -   Response 0: de61e307-c070-4843-8a71-857ff854f108<-71eef059-4e21-465b-a9dc-55002cc631de#0:OK-t1
2023-05-04 20:14:04,775 [de61e307-c070-4843-8a71-857ff854f108@group-BF882965FFA5-LeaderElection12] INFO  impl.LeaderElection (LeaderElection.java:askForVotes(314)) - de61e307-c070-4843-8a71-857ff854f108@group-BF882965FFA5-LeaderElection12 ELECTION round 0: result PASSED
2023-05-04 20:14:04,775 [de61e307-c070-4843-8a71-857ff854f108@group-BF882965FFA5-LeaderElection12] INFO  impl.RoleInfo (RoleInfo.java:shutdownLeaderElection(130)) - de61e307-c070-4843-8a71-857ff854f108: shutdown de61e307-c070-4843-8a71-857ff854f108@group-BF882965FFA5-LeaderElection12
2023-05-04 20:14:04,775 [de61e307-c070-4843-8a71-857ff854f108@group-BF882965FFA5-LeaderElection12] INFO  server.RaftServer$Division (RaftServerImpl.java:setRole(321)) - de61e307-c070-4843-8a71-857ff854f108@group-BF882965FFA5: changes role from CANDIDATE to LEADER at term 1 for changeToLeader
2023-05-04 20:14:04,775 [de61e307-c070-4843-8a71-857ff854f108@group-BF882965FFA5-LeaderElection12] INFO  ratis.XceiverServerRatis (XceiverServerRatis.java:handleLeaderChangedNotification(904)) - Leader change notification received for group: group-BF882965FFA5 with new leaderId: de61e307-c070-4843-8a71-857ff854f108
2023-05-04 20:14:04,775 [de61e307-c070-4843-8a71-857ff854f108@group-BF882965FFA5-LeaderElection12] INFO  server.RaftServer$Division (ServerState.java:setLeader(313)) - de61e307-c070-4843-8a71-857ff854f108@group-BF882965FFA5: change Leader from null to de61e307-c070-4843-8a71-857ff854f108 at term 1 for becomeLeader, leader elected after 5274ms
2023-05-04 20:14:04,775 [de61e307-c070-4843-8a71-857ff854f108@group-BF882965FFA5-LeaderElection12] INFO  server.RaftServerConfigKeys (ConfUtils.java:logGet(46)) - raft.server.staging.catchup.gap = 1000 (default)
2023-05-04 20:14:04,776 [0abf101a-d700-4355-93b1-7a942eb61d40@group-BF882965FFA5-FollowerState] INFO  impl.FollowerState (FollowerState.java:run(152)) - 0abf101a-d700-4355-93b1-7a942eb61d40@group-BF882965FFA5-FollowerState was interrupted
2023-05-04 20:14:04,778 [grpc-default-executor-0] INFO  server.RaftServer$Division (RaftServerImpl.java:requestVote(1251)) - 0abf101a-d700-4355-93b1-7a942eb61d40@group-BF882965FFA5 replies to ELECTION vote request: de61e307-c070-4843-8a71-857ff854f108<-0abf101a-d700-4355-93b1-7a942eb61d40#0:OK-t1. Peer's state: 0abf101a-d700-4355-93b1-7a942eb61d40@group-BF882965FFA5:t1, leader=null, voted=de61e307-c070-4843-8a71-857ff854f108, raftlog=Memoized:0abf101a-d700-4355-93b1-7a942eb61d40@group-BF882965FFA5-SegmentedRaftLog:OPENED:c-1, conf=-1: peers:[0abf101a-d700-4355-93b1-7a942eb61d40|rpc:10.1.0.20:35421|dataStream:10.1.0.20:33171|priority:0|startupRole:FOLLOWER, de61e307-c070-4843-8a71-857ff854f108|rpc:10.1.0.20:46099|dataStream:10.1.0.20:33083|priority:1|startupRole:FOLLOWER, 71eef059-4e21-465b-a9dc-55002cc631de|rpc:10.1.0.20:46399|dataStream:10.1.0.20:38957|priority:0|startupRole:FOLLOWER]|listeners:[], old=null
2023-05-04 20:14:04,779 [de61e307-c070-4843-8a71-857ff854f108@group-BF882965FFA5-LeaderElection12] INFO  server.RaftServerConfigKeys (ConfUtils.java:logGet(46)) - raft.server.write.element-limit = 1024 (custom)
2023-05-04 20:14:04,779 [de61e307-c070-4843-8a71-857ff854f108@group-BF882965FFA5-LeaderElection12] INFO  server.RaftServerConfigKeys (ConfUtils.java:logGet(46)) - raft.server.write.byte-limit = 1024 M (=1073741824) (custom)
2023-05-04 20:14:04,781 [EventQueue-PipelineReportForPipelineReportHandler] INFO  pipeline.PipelineManagerImpl (PipelineManagerImpl.java:openPipeline(367)) - Pipeline Pipeline[ Id: de307603-0b77-429d-8953-bf882965ffa5, Nodes: 71eef059-4e21-465b-a9dc-55002cc631de(fv-az804-457.cvtsq3ctpw5ehehiek0yp1ke0c.cx.internal.cloudapp.net/10.1.0.20)de61e307-c070-4843-8a71-857ff854f108(fv-az804-457.cvtsq3ctpw5ehehiek0yp1ke0c.cx.internal.cloudapp.net/10.1.0.20)0abf101a-d700-4355-93b1-7a942eb61d40(fv-az804-457.cvtsq3ctpw5ehehiek0yp1ke0c.cx.internal.cloudapp.net/10.1.0.20), ReplicationConfig: RATIS/THREE, State:ALLOCATED, leaderId:de61e307-c070-4843-8a71-857ff854f108, CreationTimestamp2023-05-04T20:13:57.097Z[Etc/UTC]] moved to OPEN state
2023-05-04 20:14:04,786 [0abf101a-d700-4355-93b1-7a942eb61d40@group-BF882965FFA5-FollowerState] INFO  server.RaftServerConfigKeys (ConfUtils.java:logFallback(53)) - raft.server.rpc.first-election.timeout.min = 5s (fallback to raft.server.rpc.timeout.min)
2023-05-04 20:14:04,786 [0abf101a-d700-4355-93b1-7a942eb61d40@group-BF882965FFA5-FollowerState] INFO  server.RaftServerConfigKeys (ConfUtils.java:logFallback(53)) - raft.server.rpc.first-election.timeout.max = 5200ms (fallback to raft.server.rpc.timeout.max)
2023-05-04 20:14:04,788 [71eef059-4e21-465b-a9dc-55002cc631de-server-thread1] INFO  segmented.SegmentedRaftLogWorker (SegmentedRaftLogWorker.java:startLogSegment(452)) - 71eef059-4e21-465b-a9dc-55002cc631de@group-1F3DADE57F18-SegmentedRaftLogWorker: Starting segment from index:0
2023-05-04 20:14:04,791 [de61e307-c070-4843-8a71-857ff854f108-server-thread1] INFO  server.RaftServer$Division (ServerState.java:setRaftConf(430)) - de61e307-c070-4843-8a71-857ff854f108@group-1F3DADE57F18: set configuration 0: peers:[0abf101a-d700-4355-93b1-7a942eb61d40|rpc:10.1.0.20:35421|dataStream:10.1.0.20:33171|priority:1|startupRole:FOLLOWER, de61e307-c070-4843-8a71-857ff854f108|rpc:10.1.0.20:46099|dataStream:10.1.0.20:33083|priority:0|startupRole:FOLLOWER, 71eef059-4e21-465b-a9dc-55002cc631de|rpc:10.1.0.20:46399|dataStream:10.1.0.20:38957|priority:0|startupRole:FOLLOWER]|listeners:[], old=null
2023-05-04 20:14:04,797 [de61e307-c070-4843-8a71-857ff854f108@group-BF882965FFA5-LeaderElection12] INFO  server.RaftServerConfigKeys (ConfUtils.java:logGet(46)) - raft.server.watch.timeout = 180s (custom)
2023-05-04 20:14:04,797 [de61e307-c070-4843-8a71-857ff854f108@group-BF882965FFA5-LeaderElection12] INFO  server.RaftServerConfigKeys (ConfUtils.java:logGet(46)) - raft.server.watch.timeout.denomination = 1s (default)
2023-05-04 20:14:04,797 [de61e307-c070-4843-8a71-857ff854f108@group-BF882965FFA5-LeaderElection12] INFO  server.RaftServerConfigKeys (ConfUtils.java:logGet(46)) - raft.server.watch.element-limit = 65536 (default)
2023-05-04 20:14:04,798 [de61e307-c070-4843-8a71-857ff854f108@group-BF882965FFA5-LeaderElection12] INFO  server.RaftServerConfigKeys (ConfUtils.java:logGet(46)) - raft.server.write.element-limit = 1024 (custom)
2023-05-04 20:14:04,798 [de61e307-c070-4843-8a71-857ff854f108@group-BF882965FFA5-LeaderElection12] INFO  server.RaftServerConfigKeys (ConfUtils.java:logGet(46)) - raft.server.write.follower.gap.ratio.max = -1.0 (default)
2023-05-04 20:14:04,798 [71eef059-4e21-465b-a9dc-55002cc631de@group-1F3DADE57F18-SegmentedRaftLogWorker] INFO  segmented.SegmentedRaftLogWorker (SegmentedRaftLogWorker.java:execute(656)) - 71eef059-4e21-465b-a9dc-55002cc631de@group-1F3DADE57F18-SegmentedRaftLogWorker: created new log segment /home/runner/work/ozone/ozone/hadoop-ozone/integration-test/target/test-dir/MiniOzoneClusterImpl-3ff5bc89-9620-4d46-84f6-68e3c2a3a822/datanode-5/data/ratis/fd3c01fa-ee31-46da-9393-1f3dade57f18/current/log_inprogress_0
2023-05-04 20:14:04,798 [de61e307-c070-4843-8a71-857ff854f108-server-thread1] INFO  segmented.SegmentedRaftLogWorker (SegmentedRaftLogWorker.java:startLogSegment(452)) - de61e307-c070-4843-8a71-857ff854f108@group-1F3DADE57F18-SegmentedRaftLogWorker: Starting segment from index:0
2023-05-04 20:14:04,800 [de61e307-c070-4843-8a71-857ff854f108@group-BF882965FFA5-LeaderElection12] INFO  server.RaftServerConfigKeys (ConfUtils.java:logGet(46)) - raft.server.log.appender.snapshot.chunk.size.max = 16MB (=16777216) (default)
2023-05-04 20:14:04,800 [de61e307-c070-4843-8a71-857ff854f108@group-BF882965FFA5-LeaderElection12] INFO  server.RaftServerConfigKeys (ConfUtils.java:logGet(46)) - raft.server.log.appender.buffer.byte-limit = 33554432 (custom)
2023-05-04 20:14:04,800 [de61e307-c070-4843-8a71-857ff854f108@group-BF882965FFA5-LeaderElection12] INFO  server.RaftServerConfigKeys (ConfUtils.java:logGet(46)) - raft.server.log.appender.buffer.element-limit = 1 (custom)
2023-05-04 20:14:04,800 [de61e307-c070-4843-8a71-857ff854f108@group-BF882965FFA5-LeaderElection12] INFO  grpc.GrpcConfigKeys (ConfUtils.java:logGet(46)) - raft.grpc.server.leader.outstanding.appends.max = 128 (default)
2023-05-04 20:14:04,800 [de61e307-c070-4843-8a71-857ff854f108@group-BF882965FFA5-LeaderElection12] INFO  server.RaftServerConfigKeys (ConfUtils.java:logGet(46)) - raft.server.rpc.request.timeout = 60s (custom)
2023-05-04 20:14:04,800 [de61e307-c070-4843-8a71-857ff854f108@group-BF882965FFA5-LeaderElection12] INFO  server.RaftServerConfigKeys (ConfUtils.java:logGet(46)) - raft.server.log.appender.install.snapshot.enabled = false (custom)
2023-05-04 20:14:04,800 [de61e307-c070-4843-8a71-857ff854f108@group-BF882965FFA5-LeaderElection12] INFO  grpc.GrpcConfigKeys (ConfUtils.java:logGet(46)) - raft.grpc.server.heartbeat.channel = true (default)
2023-05-04 20:14:04,800 [de61e307-c070-4843-8a71-857ff854f108@group-BF882965FFA5-LeaderElection12] INFO  server.RaftServerConfigKeys (ConfUtils.java:logGet(46)) - raft.server.log.appender.wait-time.min = 10ms (default)
2023-05-04 20:14:04,801 [de61e307-c070-4843-8a71-857ff854f108@group-BF882965FFA5-LeaderElection12] INFO  server.RaftServerConfigKeys (ConfUtils.java:logGet(46)) - raft.server.log.appender.snapshot.chunk.size.max = 16MB (=16777216) (default)
2023-05-04 20:14:04,801 [de61e307-c070-4843-8a71-857ff854f108@group-BF882965FFA5-LeaderElection12] INFO  server.RaftServerConfigKeys (ConfUtils.java:logGet(46)) - raft.server.log.appender.buffer.byte-limit = 33554432 (custom)
2023-05-04 20:14:04,801 [de61e307-c070-4843-8a71-857ff854f108@group-BF882965FFA5-LeaderElection12] INFO  server.RaftServerConfigKeys (ConfUtils.java:logGet(46)) - raft.server.log.appender.buffer.element-limit = 1 (custom)
2023-05-04 20:14:04,801 [de61e307-c070-4843-8a71-857ff854f108@group-BF882965FFA5-LeaderElection12] INFO  grpc.GrpcConfigKeys (ConfUtils.java:logGet(46)) - raft.grpc.server.leader.outstanding.appends.max = 128 (default)
2023-05-04 20:14:04,802 [de61e307-c070-4843-8a71-857ff854f108@group-BF882965FFA5-LeaderElection12] INFO  server.RaftServerConfigKeys (ConfUtils.java:logGet(46)) - raft.server.rpc.request.timeout = 60s (custom)
2023-05-04 20:14:04,802 [de61e307-c070-4843-8a71-857ff854f108@group-BF882965FFA5-LeaderElection12] INFO  server.RaftServerConfigKeys (ConfUtils.java:logGet(46)) - raft.server.log.appender.install.snapshot.enabled = false (custom)
2023-05-04 20:14:04,802 [de61e307-c070-4843-8a71-857ff854f108@group-BF882965FFA5-LeaderElection12] INFO  grpc.GrpcConfigKeys (ConfUtils.java:logGet(46)) - raft.grpc.server.heartbeat.channel = true (default)
2023-05-04 20:14:04,802 [de61e307-c070-4843-8a71-857ff854f108@group-BF882965FFA5-LeaderElection12] INFO  server.RaftServerConfigKeys (ConfUtils.java:logGet(46)) - raft.server.log.appender.wait-time.min = 10ms (default)
2023-05-04 20:14:04,802 [de61e307-c070-4843-8a71-857ff854f108@group-BF882965FFA5-LeaderElection12] INFO  impl.RoleInfo (RoleInfo.java:updateAndGet(139)) - de61e307-c070-4843-8a71-857ff854f108: start de61e307-c070-4843-8a71-857ff854f108@group-BF882965FFA5-LeaderStateImpl
2023-05-04 20:14:04,804 [de61e307-c070-4843-8a71-857ff854f108@group-BF882965FFA5-LeaderElection12] INFO  segmented.SegmentedRaftLogWorker (SegmentedRaftLogWorker.java:startLogSegment(452)) - de61e307-c070-4843-8a71-857ff854f108@group-BF882965FFA5-SegmentedRaftLogWorker: Starting segment from index:0
2023-05-04 20:14:04,804 [de61e307-c070-4843-8a71-857ff854f108@group-1F3DADE57F18-SegmentedRaftLogWorker] INFO  segmented.SegmentedRaftLogWorker (SegmentedRaftLogWorker.java:execute(656)) - de61e307-c070-4843-8a71-857ff854f108@group-1F3DADE57F18-SegmentedRaftLogWorker: created new log segment /home/runner/work/ozone/ozone/hadoop-ozone/integration-test/target/test-dir/MiniOzoneClusterImpl-3ff5bc89-9620-4d46-84f6-68e3c2a3a822/datanode-4/data/ratis/fd3c01fa-ee31-46da-9393-1f3dade57f18/current/log_inprogress_0
2023-05-04 20:14:04,805 [de61e307-c070-4843-8a71-857ff854f108@group-BF882965FFA5-SegmentedRaftLogWorker] INFO  segmented.SegmentedRaftLogWorker (SegmentedRaftLogWorker.java:execute(656)) - de61e307-c070-4843-8a71-857ff854f108@group-BF882965FFA5-SegmentedRaftLogWorker: created new log segment /home/runner/work/ozone/ozone/hadoop-ozone/integration-test/target/test-dir/MiniOzoneClusterImpl-3ff5bc89-9620-4d46-84f6-68e3c2a3a822/datanode-4/data/ratis/de307603-0b77-429d-8953-bf882965ffa5/current/log_inprogress_0
2023-05-04 20:14:04,811 [de61e307-c070-4843-8a71-857ff854f108@group-BF882965FFA5-LeaderElection12] INFO  server.RaftServer$Division (ServerState.java:setRaftConf(430)) - de61e307-c070-4843-8a71-857ff854f108@group-BF882965FFA5: set configuration 0: peers:[0abf101a-d700-4355-93b1-7a942eb61d40|rpc:10.1.0.20:35421|dataStream:10.1.0.20:33171|priority:0|startupRole:FOLLOWER, de61e307-c070-4843-8a71-857ff854f108|rpc:10.1.0.20:46099|dataStream:10.1.0.20:33083|priority:1|startupRole:FOLLOWER, 71eef059-4e21-465b-a9dc-55002cc631de|rpc:10.1.0.20:46399|dataStream:10.1.0.20:38957|priority:0|startupRole:FOLLOWER]|listeners:[], old=null
2023-05-04 20:14:04,819 [0abf101a-d700-4355-93b1-7a942eb61d40-server-thread1] INFO  ratis.XceiverServerRatis (XceiverServerRatis.java:handleLeaderChangedNotification(904)) - Leader change notification received for group: group-BF882965FFA5 with new leaderId: de61e307-c070-4843-8a71-857ff854f108
2023-05-04 20:14:04,819 [0abf101a-d700-4355-93b1-7a942eb61d40-server-thread1] INFO  server.RaftServer$Division (ServerState.java:setLeader(313)) - 0abf101a-d700-4355-93b1-7a942eb61d40@group-BF882965FFA5: change Leader from null to de61e307-c070-4843-8a71-857ff854f108 at term 1 for appendEntries, leader elected after 5400ms
2023-05-04 20:14:04,826 [0abf101a-d700-4355-93b1-7a942eb61d40-server-thread1] INFO  server.RaftServer$Division (ServerState.java:setRaftConf(430)) - 0abf101a-d700-4355-93b1-7a942eb61d40@group-BF882965FFA5: set configuration 0: peers:[0abf101a-d700-4355-93b1-7a942eb61d40|rpc:10.1.0.20:35421|dataStream:10.1.0.20:33171|priority:0|startupRole:FOLLOWER, de61e307-c070-4843-8a71-857ff854f108|rpc:10.1.0.20:46099|dataStream:10.1.0.20:33083|priority:1|startupRole:FOLLOWER, 71eef059-4e21-465b-a9dc-55002cc631de|rpc:10.1.0.20:46399|dataStream:10.1.0.20:38957|priority:0|startupRole:FOLLOWER]|listeners:[], old=null
2023-05-04 20:14:04,836 [0abf101a-d700-4355-93b1-7a942eb61d40-server-thread1] INFO  segmented.SegmentedRaftLogWorker (SegmentedRaftLogWorker.java:startLogSegment(452)) - 0abf101a-d700-4355-93b1-7a942eb61d40@group-BF882965FFA5-SegmentedRaftLogWorker: Starting segment from index:0
2023-05-04 20:14:04,839 [0abf101a-d700-4355-93b1-7a942eb61d40@group-BF882965FFA5-SegmentedRaftLogWorker] INFO  segmented.SegmentedRaftLogWorker (SegmentedRaftLogWorker.java:execute(656)) - 0abf101a-d700-4355-93b1-7a942eb61d40@group-BF882965FFA5-SegmentedRaftLogWorker: created new log segment /home/runner/work/ozone/ozone/hadoop-ozone/integration-test/target/test-dir/MiniOzoneClusterImpl-3ff5bc89-9620-4d46-84f6-68e3c2a3a822/datanode-3/data/ratis/de307603-0b77-429d-8953-bf882965ffa5/current/log_inprogress_0
2023-05-04 20:14:04,841 [71eef059-4e21-465b-a9dc-55002cc631de-server-thread1] INFO  ratis.XceiverServerRatis (XceiverServerRatis.java:handleLeaderChangedNotification(904)) - Leader change notification received for group: group-BF882965FFA5 with new leaderId: de61e307-c070-4843-8a71-857ff854f108
2023-05-04 20:14:04,841 [71eef059-4e21-465b-a9dc-55002cc631de-server-thread1] INFO  server.RaftServer$Division (ServerState.java:setLeader(313)) - 71eef059-4e21-465b-a9dc-55002cc631de@group-BF882965FFA5: change Leader from null to de61e307-c070-4843-8a71-857ff854f108 at term 1 for appendEntries, leader elected after 5388ms
2023-05-04 20:14:04,850 [71eef059-4e21-465b-a9dc-55002cc631de-server-thread2] INFO  server.RaftServer$Division (ServerState.java:setRaftConf(430)) - 71eef059-4e21-465b-a9dc-55002cc631de@group-BF882965FFA5: set configuration 0: peers:[0abf101a-d700-4355-93b1-7a942eb61d40|rpc:10.1.0.20:35421|dataStream:10.1.0.20:33171|priority:0|startupRole:FOLLOWER, de61e307-c070-4843-8a71-857ff854f108|rpc:10.1.0.20:46099|dataStream:10.1.0.20:33083|priority:1|startupRole:FOLLOWER, 71eef059-4e21-465b-a9dc-55002cc631de|rpc:10.1.0.20:46399|dataStream:10.1.0.20:38957|priority:0|startupRole:FOLLOWER]|listeners:[], old=null
2023-05-04 20:14:04,850 [71eef059-4e21-465b-a9dc-55002cc631de-server-thread2] INFO  segmented.SegmentedRaftLogWorker (SegmentedRaftLogWorker.java:startLogSegment(452)) - 71eef059-4e21-465b-a9dc-55002cc631de@group-BF882965FFA5-SegmentedRaftLogWorker: Starting segment from index:0
2023-05-04 20:14:04,854 [71eef059-4e21-465b-a9dc-55002cc631de@group-BF882965FFA5-SegmentedRaftLogWorker] INFO  segmented.SegmentedRaftLogWorker (SegmentedRaftLogWorker.java:execute(656)) - 71eef059-4e21-465b-a9dc-55002cc631de@group-BF882965FFA5-SegmentedRaftLogWorker: created new log segment /home/runner/work/ozone/ozone/hadoop-ozone/integration-test/target/test-dir/MiniOzoneClusterImpl-3ff5bc89-9620-4d46-84f6-68e3c2a3a822/datanode-5/data/ratis/de307603-0b77-429d-8953-bf882965ffa5/current/log_inprogress_0
2023-05-04 20:14:05,159 [71eef059-4e21-465b-a9dc-55002cc631de@group-C1F28D4D0ED1-FollowerState] INFO  impl.FollowerState (FollowerState.java:run(143)) - 71eef059-4e21-465b-a9dc-55002cc631de@group-C1F28D4D0ED1-FollowerState: change to CANDIDATE, lastRpcElapsedTime:5053870962ns, electionTimeout:5051ms
2023-05-04 20:14:05,160 [71eef059-4e21-465b-a9dc-55002cc631de@group-C1F28D4D0ED1-FollowerState] INFO  impl.RoleInfo (RoleInfo.java:shutdownFollowerState(110)) - 71eef059-4e21-465b-a9dc-55002cc631de: shutdown 71eef059-4e21-465b-a9dc-55002cc631de@group-C1F28D4D0ED1-FollowerState
2023-05-04 20:14:05,160 [71eef059-4e21-465b-a9dc-55002cc631de@group-C1F28D4D0ED1-FollowerState] INFO  server.RaftServer$Division (RaftServerImpl.java:setRole(321)) - 71eef059-4e21-465b-a9dc-55002cc631de@group-C1F28D4D0ED1: changes role from  FOLLOWER to CANDIDATE at term 0 for changeToCandidate
2023-05-04 20:14:05,160 [71eef059-4e21-465b-a9dc-55002cc631de@group-C1F28D4D0ED1-FollowerState] INFO  server.RaftServerConfigKeys (ConfUtils.java:logGet(46)) - raft.server.leaderelection.pre-vote = true (default)
2023-05-04 20:14:05,160 [71eef059-4e21-465b-a9dc-55002cc631de@group-C1F28D4D0ED1-FollowerState] INFO  impl.RoleInfo (RoleInfo.java:updateAndGet(139)) - 71eef059-4e21-465b-a9dc-55002cc631de: start 71eef059-4e21-465b-a9dc-55002cc631de@group-C1F28D4D0ED1-LeaderElection17
2023-05-04 20:14:05,163 [71eef059-4e21-465b-a9dc-55002cc631de@group-C1F28D4D0ED1-LeaderElection17] INFO  impl.LeaderElection (LeaderElection.java:askForVotes(312)) - 71eef059-4e21-465b-a9dc-55002cc631de@group-C1F28D4D0ED1-LeaderElection17 PRE_VOTE round 0: submit vote requests at term 0 for -1: peers:[71eef059-4e21-465b-a9dc-55002cc631de|rpc:10.1.0.20:46399|dataStream:10.1.0.20:38957|priority:1|startupRole:FOLLOWER]|listeners:[], old=null
2023-05-04 20:14:05,163 [71eef059-4e21-465b-a9dc-55002cc631de@group-C1F28D4D0ED1-LeaderElection17] INFO  impl.LeaderElection (LeaderElection.java:askForVotes(314)) - 71eef059-4e21-465b-a9dc-55002cc631de@group-C1F28D4D0ED1-LeaderElection17 PRE_VOTE round 0: result PASSED (term=0)
2023-05-04 20:14:05,164 [71eef059-4e21-465b-a9dc-55002cc631de@group-C1F28D4D0ED1-LeaderElection17] INFO  impl.LeaderElection (LeaderElection.java:askForVotes(312)) - 71eef059-4e21-465b-a9dc-55002cc631de@group-C1F28D4D0ED1-LeaderElection17 ELECTION round 0: submit vote requests at term 1 for -1: peers:[71eef059-4e21-465b-a9dc-55002cc631de|rpc:10.1.0.20:46399|dataStream:10.1.0.20:38957|priority:1|startupRole:FOLLOWER]|listeners:[], old=null
2023-05-04 20:14:05,164 [71eef059-4e21-465b-a9dc-55002cc631de@group-C1F28D4D0ED1-LeaderElection17] INFO  impl.LeaderElection (LeaderElection.java:askForVotes(314)) - 71eef059-4e21-465b-a9dc-55002cc631de@group-C1F28D4D0ED1-LeaderElection17 ELECTION round 0: result PASSED (term=1)
2023-05-04 20:14:05,164 [71eef059-4e21-465b-a9dc-55002cc631de@group-C1F28D4D0ED1-LeaderElection17] INFO  impl.RoleInfo (RoleInfo.java:shutdownLeaderElection(130)) - 71eef059-4e21-465b-a9dc-55002cc631de: shutdown 71eef059-4e21-465b-a9dc-55002cc631de@group-C1F28D4D0ED1-LeaderElection17
2023-05-04 20:14:05,164 [71eef059-4e21-465b-a9dc-55002cc631de@group-C1F28D4D0ED1-LeaderElection17] INFO  server.RaftServer$Division (RaftServerImpl.java:setRole(321)) - 71eef059-4e21-465b-a9dc-55002cc631de@group-C1F28D4D0ED1: changes role from CANDIDATE to LEADER at term 1 for changeToLeader
2023-05-04 20:14:05,164 [71eef059-4e21-465b-a9dc-55002cc631de@group-C1F28D4D0ED1-LeaderElection17] INFO  ratis.XceiverServerRatis (XceiverServerRatis.java:handleLeaderChangedNotification(904)) - Leader change notification received for group: group-C1F28D4D0ED1 with new leaderId: 71eef059-4e21-465b-a9dc-55002cc631de
2023-05-04 20:14:05,165 [71eef059-4e21-465b-a9dc-55002cc631de@group-C1F28D4D0ED1-LeaderElection17] INFO  server.RaftServer$Division (ServerState.java:setLeader(313)) - 71eef059-4e21-465b-a9dc-55002cc631de@group-C1F28D4D0ED1: change Leader from null to 71eef059-4e21-465b-a9dc-55002cc631de at term 1 for becomeLeader, leader elected after 5077ms
2023-05-04 20:14:05,165 [71eef059-4e21-465b-a9dc-55002cc631de@group-C1F28D4D0ED1-LeaderElection17] INFO  server.RaftServerConfigKeys (ConfUtils.java:logGet(46)) - raft.server.staging.catchup.gap = 1000 (default)
2023-05-04 20:14:05,165 [71eef059-4e21-465b-a9dc-55002cc631de@group-C1F28D4D0ED1-LeaderElection17] INFO  server.RaftServerConfigKeys (ConfUtils.java:logGet(46)) - raft.server.write.element-limit = 1024 (custom)
2023-05-04 20:14:05,165 [71eef059-4e21-465b-a9dc-55002cc631de@group-C1F28D4D0ED1-LeaderElection17] INFO  server.RaftServerConfigKeys (ConfUtils.java:logGet(46)) - raft.server.write.byte-limit = 1024 M (=1073741824) (custom)
2023-05-04 20:14:05,165 [71eef059-4e21-465b-a9dc-55002cc631de@group-C1F28D4D0ED1-LeaderElection17] INFO  server.RaftServerConfigKeys (ConfUtils.java:logGet(46)) - raft.server.watch.timeout = 180s (custom)
2023-05-04 20:14:05,165 [71eef059-4e21-465b-a9dc-55002cc631de@group-C1F28D4D0ED1-LeaderElection17] INFO  server.RaftServerConfigKeys (ConfUtils.java:logGet(46)) - raft.server.watch.timeout.denomination = 1s (default)
2023-05-04 20:14:05,165 [71eef059-4e21-465b-a9dc-55002cc631de@group-C1F28D4D0ED1-LeaderElection17] INFO  server.RaftServerConfigKeys (ConfUtils.java:logGet(46)) - raft.server.watch.element-limit = 65536 (default)
2023-05-04 20:14:05,165 [71eef059-4e21-465b-a9dc-55002cc631de@group-C1F28D4D0ED1-LeaderElection17] INFO  server.RaftServerConfigKeys (ConfUtils.java:logGet(46)) - raft.server.write.element-limit = 1024 (custom)
2023-05-04 20:14:05,166 [71eef059-4e21-465b-a9dc-55002cc631de@group-C1F28D4D0ED1-LeaderElection17] INFO  server.RaftServerConfigKeys (ConfUtils.java:logGet(46)) - raft.server.write.follower.gap.ratio.max = -1.0 (default)
2023-05-04 20:14:05,166 [71eef059-4e21-465b-a9dc-55002cc631de@group-C1F28D4D0ED1-LeaderElection17] INFO  impl.RoleInfo (RoleInfo.java:updateAndGet(139)) - 71eef059-4e21-465b-a9dc-55002cc631de: start 71eef059-4e21-465b-a9dc-55002cc631de@group-C1F28D4D0ED1-LeaderStateImpl
2023-05-04 20:14:05,166 [71eef059-4e21-465b-a9dc-55002cc631de@group-C1F28D4D0ED1-LeaderElection17] INFO  segmented.SegmentedRaftLogWorker (SegmentedRaftLogWorker.java:startLogSegment(452)) - 71eef059-4e21-465b-a9dc-55002cc631de@group-C1F28D4D0ED1-SegmentedRaftLogWorker: Starting segment from index:0
2023-05-04 20:14:05,168 [71eef059-4e21-465b-a9dc-55002cc631de@group-C1F28D4D0ED1-LeaderElection17] INFO  server.RaftServer$Division (ServerState.java:setRaftConf(430)) - 71eef059-4e21-465b-a9dc-55002cc631de@group-C1F28D4D0ED1: set configuration 0: peers:[71eef059-4e21-465b-a9dc-55002cc631de|rpc:10.1.0.20:46399|dataStream:10.1.0.20:38957|priority:1|startupRole:FOLLOWER]|listeners:[], old=null
2023-05-04 20:14:05,170 [71eef059-4e21-465b-a9dc-55002cc631de@group-C1F28D4D0ED1-SegmentedRaftLogWorker] INFO  segmented.SegmentedRaftLogWorker (SegmentedRaftLogWorker.java:execute(656)) - 71eef059-4e21-465b-a9dc-55002cc631de@group-C1F28D4D0ED1-SegmentedRaftLogWorker: created new log segment /home/runner/work/ozone/ozone/hadoop-ozone/integration-test/target/test-dir/MiniOzoneClusterImpl-3ff5bc89-9620-4d46-84f6-68e3c2a3a822/datanode-5/data/ratis/437c5172-2a0d-4b18-bc40-c1f28d4d0ed1/current/log_inprogress_0
2023-05-04 20:14:05,984 [c0824e8e-e4e4-4301-9438-3093f7f79ba0@group-7AE411ED8E03-FollowerState] INFO  impl.FollowerState (FollowerState.java:run(143)) - c0824e8e-e4e4-4301-9438-3093f7f79ba0@group-7AE411ED8E03-FollowerState: change to CANDIDATE, lastRpcElapsedTime:5004443443ns, electionTimeout:5003ms
2023-05-04 20:14:05,985 [c0824e8e-e4e4-4301-9438-3093f7f79ba0@group-7AE411ED8E03-FollowerState] INFO  impl.RoleInfo (RoleInfo.java:shutdownFollowerState(110)) - c0824e8e-e4e4-4301-9438-3093f7f79ba0: shutdown c0824e8e-e4e4-4301-9438-3093f7f79ba0@group-7AE411ED8E03-FollowerState
2023-05-04 20:14:05,985 [c0824e8e-e4e4-4301-9438-3093f7f79ba0@group-7AE411ED8E03-FollowerState] INFO  server.RaftServer$Division (RaftServerImpl.java:setRole(321)) - c0824e8e-e4e4-4301-9438-3093f7f79ba0@group-7AE411ED8E03: changes role from  FOLLOWER to CANDIDATE at term 0 for changeToCandidate
2023-05-04 20:14:05,985 [c0824e8e-e4e4-4301-9438-3093f7f79ba0@group-7AE411ED8E03-FollowerState] INFO  server.RaftServerConfigKeys (ConfUtils.java:logGet(46)) - raft.server.leaderelection.pre-vote = true (default)
2023-05-04 20:14:05,985 [c0824e8e-e4e4-4301-9438-3093f7f79ba0@group-7AE411ED8E03-FollowerState] INFO  impl.RoleInfo (RoleInfo.java:updateAndGet(139)) - c0824e8e-e4e4-4301-9438-3093f7f79ba0: start c0824e8e-e4e4-4301-9438-3093f7f79ba0@group-7AE411ED8E03-LeaderElection18
2023-05-04 20:14:05,991 [c0824e8e-e4e4-4301-9438-3093f7f79ba0@group-7AE411ED8E03-LeaderElection18] INFO  impl.LeaderElection (LeaderElection.java:askForVotes(312)) - c0824e8e-e4e4-4301-9438-3093f7f79ba0@group-7AE411ED8E03-LeaderElection18 PRE_VOTE round 0: submit vote requests at term 0 for -1: peers:[c0824e8e-e4e4-4301-9438-3093f7f79ba0|rpc:10.1.0.20:46319|dataStream:10.1.0.20:37851|priority:1|startupRole:FOLLOWER]|listeners:[], old=null
2023-05-04 20:14:05,991 [c0824e8e-e4e4-4301-9438-3093f7f79ba0@group-7AE411ED8E03-LeaderElection18] INFO  impl.LeaderElection (LeaderElection.java:askForVotes(314)) - c0824e8e-e4e4-4301-9438-3093f7f79ba0@group-7AE411ED8E03-LeaderElection18 PRE_VOTE round 0: result PASSED (term=0)
2023-05-04 20:14:05,992 [c0824e8e-e4e4-4301-9438-3093f7f79ba0@group-7AE411ED8E03-LeaderElection18] INFO  impl.LeaderElection (LeaderElection.java:askForVotes(312)) - c0824e8e-e4e4-4301-9438-3093f7f79ba0@group-7AE411ED8E03-LeaderElection18 ELECTION round 0: submit vote requests at term 1 for -1: peers:[c0824e8e-e4e4-4301-9438-3093f7f79ba0|rpc:10.1.0.20:46319|dataStream:10.1.0.20:37851|priority:1|startupRole:FOLLOWER]|listeners:[], old=null
2023-05-04 20:14:05,992 [c0824e8e-e4e4-4301-9438-3093f7f79ba0@group-7AE411ED8E03-LeaderElection18] INFO  impl.LeaderElection (LeaderElection.java:askForVotes(314)) - c0824e8e-e4e4-4301-9438-3093f7f79ba0@group-7AE411ED8E03-LeaderElection18 ELECTION round 0: result PASSED (term=1)
2023-05-04 20:14:05,992 [c0824e8e-e4e4-4301-9438-3093f7f79ba0@group-7AE411ED8E03-LeaderElection18] INFO  impl.RoleInfo (RoleInfo.java:shutdownLeaderElection(130)) - c0824e8e-e4e4-4301-9438-3093f7f79ba0: shutdown c0824e8e-e4e4-4301-9438-3093f7f79ba0@group-7AE411ED8E03-LeaderElection18
2023-05-04 20:14:05,992 [c0824e8e-e4e4-4301-9438-3093f7f79ba0@group-7AE411ED8E03-LeaderElection18] INFO  server.RaftServer$Division (RaftServerImpl.java:setRole(321)) - c0824e8e-e4e4-4301-9438-3093f7f79ba0@group-7AE411ED8E03: changes role from CANDIDATE to LEADER at term 1 for changeToLeader
2023-05-04 20:14:05,992 [c0824e8e-e4e4-4301-9438-3093f7f79ba0@group-7AE411ED8E03-LeaderElection18] INFO  ratis.XceiverServerRatis (XceiverServerRatis.java:handleLeaderChangedNotification(904)) - Leader change notification received for group: group-7AE411ED8E03 with new leaderId: c0824e8e-e4e4-4301-9438-3093f7f79ba0
2023-05-04 20:14:05,992 [c0824e8e-e4e4-4301-9438-3093f7f79ba0@group-7AE411ED8E03-LeaderElection18] INFO  server.RaftServer$Division (ServerState.java:setLeader(313)) - c0824e8e-e4e4-4301-9438-3093f7f79ba0@group-7AE411ED8E03: change Leader from null to c0824e8e-e4e4-4301-9438-3093f7f79ba0 at term 1 for becomeLeader, leader elected after 5056ms
2023-05-04 20:14:05,993 [c0824e8e-e4e4-4301-9438-3093f7f79ba0@group-7AE411ED8E03-LeaderElection18] INFO  server.RaftServerConfigKeys (ConfUtils.java:logGet(46)) - raft.server.staging.catchup.gap = 1000 (default)
2023-05-04 20:14:05,993 [c0824e8e-e4e4-4301-9438-3093f7f79ba0@group-7AE411ED8E03-LeaderElection18] INFO  server.RaftServerConfigKeys (ConfUtils.java:logGet(46)) - raft.server.write.element-limit = 1024 (custom)
2023-05-04 20:14:05,993 [c0824e8e-e4e4-4301-9438-3093f7f79ba0@group-7AE411ED8E03-LeaderElection18] INFO  server.RaftServerConfigKeys (ConfUtils.java:logGet(46)) - raft.server.write.byte-limit = 1024 M (=1073741824) (custom)
2023-05-04 20:14:05,993 [c0824e8e-e4e4-4301-9438-3093f7f79ba0@group-7AE411ED8E03-LeaderElection18] INFO  server.RaftServerConfigKeys (ConfUtils.java:logGet(46)) - raft.server.watch.timeout = 180s (custom)
2023-05-04 20:14:05,993 [c0824e8e-e4e4-4301-9438-3093f7f79ba0@group-7AE411ED8E03-LeaderElection18] INFO  server.RaftServerConfigKeys (ConfUtils.java:logGet(46)) - raft.server.watch.timeout.denomination = 1s (default)
2023-05-04 20:14:05,993 [c0824e8e-e4e4-4301-9438-3093f7f79ba0@group-7AE411ED8E03-LeaderElection18] INFO  server.RaftServerConfigKeys (ConfUtils.java:logGet(46)) - raft.server.watch.element-limit = 65536 (default)
2023-05-04 20:14:05,994 [c0824e8e-e4e4-4301-9438-3093f7f79ba0@group-7AE411ED8E03-LeaderElection18] INFO  server.RaftServerConfigKeys (ConfUtils.java:logGet(46)) - raft.server.write.element-limit = 1024 (custom)
2023-05-04 20:14:05,994 [c0824e8e-e4e4-4301-9438-3093f7f79ba0@group-7AE411ED8E03-LeaderElection18] INFO  server.RaftServerConfigKeys (ConfUtils.java:logGet(46)) - raft.server.write.follower.gap.ratio.max = -1.0 (default)
2023-05-04 20:14:05,994 [c0824e8e-e4e4-4301-9438-3093f7f79ba0@group-7AE411ED8E03-LeaderElection18] INFO  impl.RoleInfo (RoleInfo.java:updateAndGet(139)) - c0824e8e-e4e4-4301-9438-3093f7f79ba0: start c0824e8e-e4e4-4301-9438-3093f7f79ba0@group-7AE411ED8E03-LeaderStateImpl
2023-05-04 20:14:05,994 [c0824e8e-e4e4-4301-9438-3093f7f79ba0@group-7AE411ED8E03-LeaderElection18] INFO  segmented.SegmentedRaftLogWorker (SegmentedRaftLogWorker.java:startLogSegment(452)) - c0824e8e-e4e4-4301-9438-3093f7f79ba0@group-7AE411ED8E03-SegmentedRaftLogWorker: Starting segment from index:0
2023-05-04 20:14:06,000 [c0824e8e-e4e4-4301-9438-3093f7f79ba0@group-7AE411ED8E03-LeaderElection18] INFO  server.RaftServer$Division (ServerState.java:setRaftConf(430)) - c0824e8e-e4e4-4301-9438-3093f7f79ba0@group-7AE411ED8E03: set configuration 0: peers:[c0824e8e-e4e4-4301-9438-3093f7f79ba0|rpc:10.1.0.20:46319|dataStream:10.1.0.20:37851|priority:1|startupRole:FOLLOWER]|listeners:[], old=null
2023-05-04 20:14:06,002 [c0824e8e-e4e4-4301-9438-3093f7f79ba0@group-7AE411ED8E03-SegmentedRaftLogWorker] INFO  segmented.SegmentedRaftLogWorker (SegmentedRaftLogWorker.java:execute(656)) - c0824e8e-e4e4-4301-9438-3093f7f79ba0@group-7AE411ED8E03-SegmentedRaftLogWorker: created new log segment /home/runner/work/ozone/ozone/hadoop-ozone/integration-test/target/test-dir/MiniOzoneClusterImpl-3ff5bc89-9620-4d46-84f6-68e3c2a3a822/datanode-7/data/ratis/40aa7165-9688-4bde-8ff1-7ae411ed8e03/current/log_inprogress_0
2023-05-04 20:14:06,097 [eaea20cf-c5ca-4d45-84fe-4a8214ec7204@group-8640C2C8E310-FollowerState] INFO  impl.FollowerState (FollowerState.java:run(143)) - eaea20cf-c5ca-4d45-84fe-4a8214ec7204@group-8640C2C8E310-FollowerState: change to CANDIDATE, lastRpcElapsedTime:5193068869ns, electionTimeout:5188ms
2023-05-04 20:14:06,097 [eaea20cf-c5ca-4d45-84fe-4a8214ec7204@group-8640C2C8E310-FollowerState] INFO  impl.RoleInfo (RoleInfo.java:shutdownFollowerState(110)) - eaea20cf-c5ca-4d45-84fe-4a8214ec7204: shutdown eaea20cf-c5ca-4d45-84fe-4a8214ec7204@group-8640C2C8E310-FollowerState
2023-05-04 20:14:06,097 [eaea20cf-c5ca-4d45-84fe-4a8214ec7204@group-8640C2C8E310-FollowerState] INFO  server.RaftServer$Division (RaftServerImpl.java:setRole(321)) - eaea20cf-c5ca-4d45-84fe-4a8214ec7204@group-8640C2C8E310: changes role from  FOLLOWER to CANDIDATE at term 0 for changeToCandidate
2023-05-04 20:14:06,097 [eaea20cf-c5ca-4d45-84fe-4a8214ec7204@group-8640C2C8E310-FollowerState] INFO  server.RaftServerConfigKeys (ConfUtils.java:logGet(46)) - raft.server.leaderelection.pre-vote = true (default)
2023-05-04 20:14:06,097 [eaea20cf-c5ca-4d45-84fe-4a8214ec7204@group-8640C2C8E310-FollowerState] INFO  impl.RoleInfo (RoleInfo.java:updateAndGet(139)) - eaea20cf-c5ca-4d45-84fe-4a8214ec7204: start eaea20cf-c5ca-4d45-84fe-4a8214ec7204@group-8640C2C8E310-LeaderElection19
2023-05-04 20:14:06,100 [eaea20cf-c5ca-4d45-84fe-4a8214ec7204@group-8640C2C8E310-LeaderElection19] INFO  impl.LeaderElection (LeaderElection.java:askForVotes(312)) - eaea20cf-c5ca-4d45-84fe-4a8214ec7204@group-8640C2C8E310-LeaderElection19 PRE_VOTE round 0: submit vote requests at term 0 for -1: peers:[eaea20cf-c5ca-4d45-84fe-4a8214ec7204|rpc:10.1.0.20:42299|dataStream:10.1.0.20:45285|priority:1|startupRole:FOLLOWER]|listeners:[], old=null
2023-05-04 20:14:06,100 [eaea20cf-c5ca-4d45-84fe-4a8214ec7204@group-8640C2C8E310-LeaderElection19] INFO  impl.LeaderElection (LeaderElection.java:askForVotes(314)) - eaea20cf-c5ca-4d45-84fe-4a8214ec7204@group-8640C2C8E310-LeaderElection19 PRE_VOTE round 0: result PASSED (term=0)
2023-05-04 20:14:06,101 [eaea20cf-c5ca-4d45-84fe-4a8214ec7204@group-8640C2C8E310-LeaderElection19] INFO  impl.LeaderElection (LeaderElection.java:askForVotes(312)) - eaea20cf-c5ca-4d45-84fe-4a8214ec7204@group-8640C2C8E310-LeaderElection19 ELECTION round 0: submit vote requests at term 1 for -1: peers:[eaea20cf-c5ca-4d45-84fe-4a8214ec7204|rpc:10.1.0.20:42299|dataStream:10.1.0.20:45285|priority:1|startupRole:FOLLOWER]|listeners:[], old=null
2023-05-04 20:14:06,101 [eaea20cf-c5ca-4d45-84fe-4a8214ec7204@group-8640C2C8E310-LeaderElection19] INFO  impl.LeaderElection (LeaderElection.java:askForVotes(314)) - eaea20cf-c5ca-4d45-84fe-4a8214ec7204@group-8640C2C8E310-LeaderElection19 ELECTION round 0: result PASSED (term=1)
2023-05-04 20:14:06,101 [eaea20cf-c5ca-4d45-84fe-4a8214ec7204@group-8640C2C8E310-LeaderElection19] INFO  impl.RoleInfo (RoleInfo.java:shutdownLeaderElection(130)) - eaea20cf-c5ca-4d45-84fe-4a8214ec7204: shutdown eaea20cf-c5ca-4d45-84fe-4a8214ec7204@group-8640C2C8E310-LeaderElection19
2023-05-04 20:14:06,101 [eaea20cf-c5ca-4d45-84fe-4a8214ec7204@group-8640C2C8E310-LeaderElection19] INFO  server.RaftServer$Division (RaftServerImpl.java:setRole(321)) - eaea20cf-c5ca-4d45-84fe-4a8214ec7204@group-8640C2C8E310: changes role from CANDIDATE to LEADER at term 1 for changeToLeader
2023-05-04 20:14:06,101 [eaea20cf-c5ca-4d45-84fe-4a8214ec7204@group-8640C2C8E310-LeaderElection19] INFO  ratis.XceiverServerRatis (XceiverServerRatis.java:handleLeaderChangedNotification(904)) - Leader change notification received for group: group-8640C2C8E310 with new leaderId: eaea20cf-c5ca-4d45-84fe-4a8214ec7204
2023-05-04 20:14:06,102 [eaea20cf-c5ca-4d45-84fe-4a8214ec7204@group-8640C2C8E310-LeaderElection19] INFO  server.RaftServer$Division (ServerState.java:setLeader(313)) - eaea20cf-c5ca-4d45-84fe-4a8214ec7204@group-8640C2C8E310: change Leader from null to eaea20cf-c5ca-4d45-84fe-4a8214ec7204 at term 1 for becomeLeader, leader elected after 5573ms
2023-05-04 20:14:06,102 [eaea20cf-c5ca-4d45-84fe-4a8214ec7204@group-8640C2C8E310-LeaderElection19] INFO  server.RaftServerConfigKeys (ConfUtils.java:logGet(46)) - raft.server.staging.catchup.gap = 1000 (default)
2023-05-04 20:14:06,102 [eaea20cf-c5ca-4d45-84fe-4a8214ec7204@group-8640C2C8E310-LeaderElection19] INFO  server.RaftServerConfigKeys (ConfUtils.java:logGet(46)) - raft.server.write.element-limit = 1024 (custom)
2023-05-04 20:14:06,102 [eaea20cf-c5ca-4d45-84fe-4a8214ec7204@group-8640C2C8E310-LeaderElection19] INFO  server.RaftServerConfigKeys (ConfUtils.java:logGet(46)) - raft.server.write.byte-limit = 1024 M (=1073741824) (custom)
2023-05-04 20:14:06,105 [eaea20cf-c5ca-4d45-84fe-4a8214ec7204@group-8640C2C8E310-LeaderElection19] INFO  server.RaftServerConfigKeys (ConfUtils.java:logGet(46)) - raft.server.watch.timeout = 180s (custom)
2023-05-04 20:14:06,105 [eaea20cf-c5ca-4d45-84fe-4a8214ec7204@group-8640C2C8E310-LeaderElection19] INFO  server.RaftServerConfigKeys (ConfUtils.java:logGet(46)) - raft.server.watch.timeout.denomination = 1s (default)
2023-05-04 20:14:06,105 [eaea20cf-c5ca-4d45-84fe-4a8214ec7204@group-8640C2C8E310-LeaderElection19] INFO  server.RaftServerConfigKeys (ConfUtils.java:logGet(46)) - raft.server.watch.element-limit = 65536 (default)
2023-05-04 20:14:06,105 [eaea20cf-c5ca-4d45-84fe-4a8214ec7204@group-8640C2C8E310-LeaderElection19] INFO  server.RaftServerConfigKeys (ConfUtils.java:logGet(46)) - raft.server.write.element-limit = 1024 (custom)
2023-05-04 20:14:06,105 [eaea20cf-c5ca-4d45-84fe-4a8214ec7204@group-8640C2C8E310-LeaderElection19] INFO  server.RaftServerConfigKeys (ConfUtils.java:logGet(46)) - raft.server.write.follower.gap.ratio.max = -1.0 (default)
2023-05-04 20:14:06,105 [eaea20cf-c5ca-4d45-84fe-4a8214ec7204@group-8640C2C8E310-LeaderElection19] INFO  impl.RoleInfo (RoleInfo.java:updateAndGet(139)) - eaea20cf-c5ca-4d45-84fe-4a8214ec7204: start eaea20cf-c5ca-4d45-84fe-4a8214ec7204@group-8640C2C8E310-LeaderStateImpl
2023-05-04 20:14:06,105 [eaea20cf-c5ca-4d45-84fe-4a8214ec7204@group-8640C2C8E310-LeaderElection19] INFO  segmented.SegmentedRaftLogWorker (SegmentedRaftLogWorker.java:startLogSegment(452)) - eaea20cf-c5ca-4d45-84fe-4a8214ec7204@group-8640C2C8E310-SegmentedRaftLogWorker: Starting segment from index:0
2023-05-04 20:14:06,106 [eaea20cf-c5ca-4d45-84fe-4a8214ec7204@group-8640C2C8E310-LeaderElection19] INFO  server.RaftServer$Division (ServerState.java:setRaftConf(430)) - eaea20cf-c5ca-4d45-84fe-4a8214ec7204@group-8640C2C8E310: set configuration 0: peers:[eaea20cf-c5ca-4d45-84fe-4a8214ec7204|rpc:10.1.0.20:42299|dataStream:10.1.0.20:45285|priority:1|startupRole:FOLLOWER]|listeners:[], old=null
2023-05-04 20:14:06,106 [eaea20cf-c5ca-4d45-84fe-4a8214ec7204@group-8640C2C8E310-SegmentedRaftLogWorker] INFO  segmented.SegmentedRaftLogWorker (SegmentedRaftLogWorker.java:execute(656)) - eaea20cf-c5ca-4d45-84fe-4a8214ec7204@group-8640C2C8E310-SegmentedRaftLogWorker: created new log segment /home/runner/work/ozone/ozone/hadoop-ozone/integration-test/target/test-dir/MiniOzoneClusterImpl-3ff5bc89-9620-4d46-84f6-68e3c2a3a822/datanode-6/data/ratis/0153d314-1f98-4100-a599-8640c2c8e310/current/log_inprogress_0
2023-05-04 20:14:06,107 [eaea20cf-c5ca-4d45-84fe-4a8214ec7204@group-64A78F4C2588-FollowerState] INFO  impl.FollowerState (FollowerState.java:run(143)) - eaea20cf-c5ca-4d45-84fe-4a8214ec7204@group-64A78F4C2588-FollowerState: change to CANDIDATE, lastRpcElapsedTime:5181688908ns, electionTimeout:5181ms
2023-05-04 20:14:06,107 [eaea20cf-c5ca-4d45-84fe-4a8214ec7204@group-64A78F4C2588-FollowerState] INFO  impl.RoleInfo (RoleInfo.java:shutdownFollowerState(110)) - eaea20cf-c5ca-4d45-84fe-4a8214ec7204: shutdown eaea20cf-c5ca-4d45-84fe-4a8214ec7204@group-64A78F4C2588-FollowerState
2023-05-04 20:14:06,107 [eaea20cf-c5ca-4d45-84fe-4a8214ec7204@group-64A78F4C2588-FollowerState] INFO  server.RaftServer$Division (RaftServerImpl.java:setRole(321)) - eaea20cf-c5ca-4d45-84fe-4a8214ec7204@group-64A78F4C2588: changes role from  FOLLOWER to CANDIDATE at term 0 for changeToCandidate
2023-05-04 20:14:06,107 [eaea20cf-c5ca-4d45-84fe-4a8214ec7204@group-64A78F4C2588-FollowerState] INFO  server.RaftServerConfigKeys (ConfUtils.java:logGet(46)) - raft.server.leaderelection.pre-vote = true (default)
2023-05-04 20:14:06,107 [eaea20cf-c5ca-4d45-84fe-4a8214ec7204@group-64A78F4C2588-FollowerState] INFO  impl.RoleInfo (RoleInfo.java:updateAndGet(139)) - eaea20cf-c5ca-4d45-84fe-4a8214ec7204: start eaea20cf-c5ca-4d45-84fe-4a8214ec7204@group-64A78F4C2588-LeaderElection20
2023-05-04 20:14:06,110 [eaea20cf-c5ca-4d45-84fe-4a8214ec7204@group-64A78F4C2588-LeaderElection20] INFO  impl.LeaderElection (LeaderElection.java:askForVotes(312)) - eaea20cf-c5ca-4d45-84fe-4a8214ec7204@group-64A78F4C2588-LeaderElection20 PRE_VOTE round 0: submit vote requests at term 0 for -1: peers:[fe0c64ad-372f-4816-a9b8-650345a5ed87|rpc:10.1.0.20:40609|dataStream:10.1.0.20:39835|priority:1|startupRole:FOLLOWER, c0824e8e-e4e4-4301-9438-3093f7f79ba0|rpc:10.1.0.20:46319|dataStream:10.1.0.20:37851|priority:0|startupRole:FOLLOWER, eaea20cf-c5ca-4d45-84fe-4a8214ec7204|rpc:10.1.0.20:42299|dataStream:10.1.0.20:45285|priority:0|startupRole:FOLLOWER]|listeners:[], old=null
2023-05-04 20:14:06,111 [eaea20cf-c5ca-4d45-84fe-4a8214ec7204@group-64A78F4C2588-LeaderElection20-1] INFO  server.GrpcServerProtocolClient (GrpcServerProtocolClient.java:<init>(63)) - Build channel for fe0c64ad-372f-4816-a9b8-650345a5ed87
2023-05-04 20:14:06,114 [eaea20cf-c5ca-4d45-84fe-4a8214ec7204@group-64A78F4C2588-LeaderElection20] INFO  server.RaftServerConfigKeys (ConfUtils.java:logFallback(53)) - raft.server.rpc.first-election.timeout.min = 5s (fallback to raft.server.rpc.timeout.min)
2023-05-04 20:14:06,116 [eaea20cf-c5ca-4d45-84fe-4a8214ec7204@group-64A78F4C2588-LeaderElection20] INFO  server.RaftServerConfigKeys (ConfUtils.java:logFallback(53)) - raft.server.rpc.first-election.timeout.max = 5200ms (fallback to raft.server.rpc.timeout.max)
2023-05-04 20:14:06,118 [eaea20cf-c5ca-4d45-84fe-4a8214ec7204@group-64A78F4C2588-LeaderElection20-2] INFO  server.GrpcServerProtocolClient (GrpcServerProtocolClient.java:<init>(63)) - Build channel for c0824e8e-e4e4-4301-9438-3093f7f79ba0
2023-05-04 20:14:06,120 [fe0c64ad-372f-4816-a9b8-650345a5ed87@group-64A78F4C2588-FollowerState] INFO  impl.FollowerState (FollowerState.java:run(143)) - fe0c64ad-372f-4816-a9b8-650345a5ed87@group-64A78F4C2588-FollowerState: change to CANDIDATE, lastRpcElapsedTime:5137546879ns, electionTimeout:5134ms
2023-05-04 20:14:06,120 [fe0c64ad-372f-4816-a9b8-650345a5ed87@group-64A78F4C2588-FollowerState] INFO  impl.RoleInfo (RoleInfo.java:shutdownFollowerState(110)) - fe0c64ad-372f-4816-a9b8-650345a5ed87: shutdown fe0c64ad-372f-4816-a9b8-650345a5ed87@group-64A78F4C2588-FollowerState
2023-05-04 20:14:06,120 [fe0c64ad-372f-4816-a9b8-650345a5ed87@group-64A78F4C2588-FollowerState] INFO  server.RaftServer$Division (RaftServerImpl.java:setRole(321)) - fe0c64ad-372f-4816-a9b8-650345a5ed87@group-64A78F4C2588: changes role from  FOLLOWER to CANDIDATE at term 0 for changeToCandidate
2023-05-04 20:14:06,120 [fe0c64ad-372f-4816-a9b8-650345a5ed87@group-64A78F4C2588-FollowerState] INFO  server.RaftServerConfigKeys (ConfUtils.java:logGet(46)) - raft.server.leaderelection.pre-vote = true (default)
2023-05-04 20:14:06,120 [fe0c64ad-372f-4816-a9b8-650345a5ed87@group-64A78F4C2588-FollowerState] INFO  impl.RoleInfo (RoleInfo.java:updateAndGet(139)) - fe0c64ad-372f-4816-a9b8-650345a5ed87: start fe0c64ad-372f-4816-a9b8-650345a5ed87@group-64A78F4C2588-LeaderElection21
2023-05-04 20:14:06,122 [grpc-default-executor-0] INFO  server.RaftServer$Division (RaftServerImpl.java:requestVote(1218)) - fe0c64ad-372f-4816-a9b8-650345a5ed87@group-64A78F4C2588: receive requestVote(PRE_VOTE, eaea20cf-c5ca-4d45-84fe-4a8214ec7204, group-64A78F4C2588, 0, (t:0, i:0))
2023-05-04 20:14:06,126 [grpc-default-executor-1] INFO  server.RaftServer$Division (RaftServerImpl.java:requestVote(1218)) - c0824e8e-e4e4-4301-9438-3093f7f79ba0@group-64A78F4C2588: receive requestVote(PRE_VOTE, eaea20cf-c5ca-4d45-84fe-4a8214ec7204, group-64A78F4C2588, 0, (t:0, i:0))
2023-05-04 20:14:06,126 [grpc-default-executor-1] INFO  impl.VoteContext (VoteContext.java:log(49)) - c0824e8e-e4e4-4301-9438-3093f7f79ba0@group-64A78F4C2588-FOLLOWER: accept PRE_VOTE from eaea20cf-c5ca-4d45-84fe-4a8214ec7204: our priority 0 <= candidate's priority 0
2023-05-04 20:14:06,127 [grpc-default-executor-1] INFO  server.RaftServer$Division (RaftServerImpl.java:requestVote(1251)) - c0824e8e-e4e4-4301-9438-3093f7f79ba0@group-64A78F4C2588 replies to PRE_VOTE vote request: eaea20cf-c5ca-4d45-84fe-4a8214ec7204<-c0824e8e-e4e4-4301-9438-3093f7f79ba0#0:OK-t0. Peer's state: c0824e8e-e4e4-4301-9438-3093f7f79ba0@group-64A78F4C2588:t0, leader=null, voted=, raftlog=Memoized:c0824e8e-e4e4-4301-9438-3093f7f79ba0@group-64A78F4C2588-SegmentedRaftLog:OPENED:c-1, conf=-1: peers:[fe0c64ad-372f-4816-a9b8-650345a5ed87|rpc:10.1.0.20:40609|dataStream:10.1.0.20:39835|priority:1|startupRole:FOLLOWER, c0824e8e-e4e4-4301-9438-3093f7f79ba0|rpc:10.1.0.20:46319|dataStream:10.1.0.20:37851|priority:0|startupRole:FOLLOWER, eaea20cf-c5ca-4d45-84fe-4a8214ec7204|rpc:10.1.0.20:42299|dataStream:10.1.0.20:45285|priority:0|startupRole:FOLLOWER]|listeners:[], old=null
2023-05-04 20:14:06,133 [grpc-default-executor-0] INFO  impl.VoteContext (VoteContext.java:log(49)) - fe0c64ad-372f-4816-a9b8-650345a5ed87@group-64A78F4C2588-CANDIDATE: reject PRE_VOTE from eaea20cf-c5ca-4d45-84fe-4a8214ec7204: our priority 1 > candidate's priority 0
2023-05-04 20:14:06,133 [grpc-default-executor-0] INFO  server.RaftServer$Division (RaftServerImpl.java:requestVote(1251)) - fe0c64ad-372f-4816-a9b8-650345a5ed87@group-64A78F4C2588 replies to PRE_VOTE vote request: eaea20cf-c5ca-4d45-84fe-4a8214ec7204<-fe0c64ad-372f-4816-a9b8-650345a5ed87#0:FAIL-t0. Peer's state: fe0c64ad-372f-4816-a9b8-650345a5ed87@group-64A78F4C2588:t0, leader=null, voted=, raftlog=Memoized:fe0c64ad-372f-4816-a9b8-650345a5ed87@group-64A78F4C2588-SegmentedRaftLog:OPENED:c-1, conf=-1: peers:[fe0c64ad-372f-4816-a9b8-650345a5ed87|rpc:10.1.0.20:40609|dataStream:10.1.0.20:39835|priority:1|startupRole:FOLLOWER, c0824e8e-e4e4-4301-9438-3093f7f79ba0|rpc:10.1.0.20:46319|dataStream:10.1.0.20:37851|priority:0|startupRole:FOLLOWER, eaea20cf-c5ca-4d45-84fe-4a8214ec7204|rpc:10.1.0.20:42299|dataStream:10.1.0.20:45285|priority:0|startupRole:FOLLOWER]|listeners:[], old=null
2023-05-04 20:14:06,133 [eaea20cf-c5ca-4d45-84fe-4a8214ec7204@group-E3C7514FDC21-FollowerState] INFO  impl.FollowerState (FollowerState.java:run(143)) - eaea20cf-c5ca-4d45-84fe-4a8214ec7204@group-E3C7514FDC21-FollowerState: change to CANDIDATE, lastRpcElapsedTime:5026540393ns, electionTimeout:5019ms
2023-05-04 20:14:06,134 [eaea20cf-c5ca-4d45-84fe-4a8214ec7204@group-E3C7514FDC21-FollowerState] INFO  impl.RoleInfo (RoleInfo.java:shutdownFollowerState(110)) - eaea20cf-c5ca-4d45-84fe-4a8214ec7204: shutdown eaea20cf-c5ca-4d45-84fe-4a8214ec7204@group-E3C7514FDC21-FollowerState
2023-05-04 20:14:06,134 [eaea20cf-c5ca-4d45-84fe-4a8214ec7204@group-E3C7514FDC21-FollowerState] INFO  server.RaftServer$Division (RaftServerImpl.java:setRole(321)) - eaea20cf-c5ca-4d45-84fe-4a8214ec7204@group-E3C7514FDC21: changes role from  FOLLOWER to CANDIDATE at term 0 for changeToCandidate
2023-05-04 20:14:06,134 [eaea20cf-c5ca-4d45-84fe-4a8214ec7204@group-E3C7514FDC21-FollowerState] INFO  server.RaftServerConfigKeys (ConfUtils.java:logGet(46)) - raft.server.leaderelection.pre-vote = true (default)
2023-05-04 20:14:06,134 [eaea20cf-c5ca-4d45-84fe-4a8214ec7204@group-E3C7514FDC21-FollowerState] INFO  impl.RoleInfo (RoleInfo.java:updateAndGet(139)) - eaea20cf-c5ca-4d45-84fe-4a8214ec7204: start eaea20cf-c5ca-4d45-84fe-4a8214ec7204@group-E3C7514FDC21-LeaderElection22
2023-05-04 20:14:06,135 [fe0c64ad-372f-4816-a9b8-650345a5ed87@group-64A78F4C2588-LeaderElection21] INFO  impl.LeaderElection (LeaderElection.java:askForVotes(312)) - fe0c64ad-372f-4816-a9b8-650345a5ed87@group-64A78F4C2588-LeaderElection21 PRE_VOTE round 0: submit vote requests at term 0 for -1: peers:[fe0c64ad-372f-4816-a9b8-650345a5ed87|rpc:10.1.0.20:40609|dataStream:10.1.0.20:39835|priority:1|startupRole:FOLLOWER, c0824e8e-e4e4-4301-9438-3093f7f79ba0|rpc:10.1.0.20:46319|dataStream:10.1.0.20:37851|priority:0|startupRole:FOLLOWER, eaea20cf-c5ca-4d45-84fe-4a8214ec7204|rpc:10.1.0.20:42299|dataStream:10.1.0.20:45285|priority:0|startupRole:FOLLOWER]|listeners:[], old=null
2023-05-04 20:14:06,135 [eaea20cf-c5ca-4d45-84fe-4a8214ec7204@group-64A78F4C2588-LeaderElection20] INFO  impl.LeaderElection (LeaderElection.java:logAndReturn(90)) - eaea20cf-c5ca-4d45-84fe-4a8214ec7204@group-64A78F4C2588-LeaderElection20: PRE_VOTE REJECTED received 2 response(s) and 0 exception(s):
2023-05-04 20:14:06,135 [eaea20cf-c5ca-4d45-84fe-4a8214ec7204@group-64A78F4C2588-LeaderElection20] INFO  impl.LeaderElection (LeaderElection.java:logAndReturn(94)) -   Response 0: eaea20cf-c5ca-4d45-84fe-4a8214ec7204<-fe0c64ad-372f-4816-a9b8-650345a5ed87#0:FAIL-t0
2023-05-04 20:14:06,135 [eaea20cf-c5ca-4d45-84fe-4a8214ec7204@group-64A78F4C2588-LeaderElection20] INFO  impl.LeaderElection (LeaderElection.java:logAndReturn(94)) -   Response 1: eaea20cf-c5ca-4d45-84fe-4a8214ec7204<-c0824e8e-e4e4-4301-9438-3093f7f79ba0#0:OK-t0
2023-05-04 20:14:06,138 [eaea20cf-c5ca-4d45-84fe-4a8214ec7204@group-64A78F4C2588-LeaderElection20] INFO  impl.LeaderElection (LeaderElection.java:askForVotes(314)) - eaea20cf-c5ca-4d45-84fe-4a8214ec7204@group-64A78F4C2588-LeaderElection20 PRE_VOTE round 0: result REJECTED
2023-05-04 20:14:06,138 [eaea20cf-c5ca-4d45-84fe-4a8214ec7204@group-64A78F4C2588-LeaderElection20] INFO  server.RaftServer$Division (RaftServerImpl.java:setRole(321)) - eaea20cf-c5ca-4d45-84fe-4a8214ec7204@group-64A78F4C2588: changes role from CANDIDATE to FOLLOWER at term 0 for REJECTED
2023-05-04 20:14:06,138 [eaea20cf-c5ca-4d45-84fe-4a8214ec7204@group-64A78F4C2588-LeaderElection20] INFO  impl.RoleInfo (RoleInfo.java:shutdownLeaderElection(130)) - eaea20cf-c5ca-4d45-84fe-4a8214ec7204: shutdown eaea20cf-c5ca-4d45-84fe-4a8214ec7204@group-64A78F4C2588-LeaderElection20
2023-05-04 20:14:06,138 [eaea20cf-c5ca-4d45-84fe-4a8214ec7204@group-64A78F4C2588-LeaderElection20] INFO  impl.RoleInfo (RoleInfo.java:updateAndGet(139)) - eaea20cf-c5ca-4d45-84fe-4a8214ec7204: start eaea20cf-c5ca-4d45-84fe-4a8214ec7204@group-64A78F4C2588-FollowerState
2023-05-04 20:14:06,139 [eaea20cf-c5ca-4d45-84fe-4a8214ec7204@group-64A78F4C2588-FollowerState] INFO  server.RaftServerConfigKeys (ConfUtils.java:logFallback(53)) - raft.server.rpc.first-election.timeout.min = 5s (fallback to raft.server.rpc.timeout.min)
2023-05-04 20:14:06,139 [eaea20cf-c5ca-4d45-84fe-4a8214ec7204@group-64A78F4C2588-FollowerState] INFO  server.RaftServerConfigKeys (ConfUtils.java:logFallback(53)) - raft.server.rpc.first-election.timeout.max = 5200ms (fallback to raft.server.rpc.timeout.max)
2023-05-04 20:14:06,142 [fe0c64ad-372f-4816-a9b8-650345a5ed87@group-64A78F4C2588-LeaderElection21-1] INFO  server.GrpcServerProtocolClient (GrpcServerProtocolClient.java:<init>(63)) - Build channel for c0824e8e-e4e4-4301-9438-3093f7f79ba0
2023-05-04 20:14:06,146 [fe0c64ad-372f-4816-a9b8-650345a5ed87@group-64A78F4C2588-LeaderElection21] INFO  server.RaftServerConfigKeys (ConfUtils.java:logFallback(53)) - raft.server.rpc.first-election.timeout.min = 5s (fallback to raft.server.rpc.timeout.min)
2023-05-04 20:14:06,147 [fe0c64ad-372f-4816-a9b8-650345a5ed87@group-64A78F4C2588-LeaderElection21] INFO  server.RaftServerConfigKeys (ConfUtils.java:logFallback(53)) - raft.server.rpc.first-election.timeout.max = 5200ms (fallback to raft.server.rpc.timeout.max)
2023-05-04 20:14:06,147 [fe0c64ad-372f-4816-a9b8-650345a5ed87@group-64A78F4C2588-LeaderElection21-2] INFO  server.GrpcServerProtocolClient (GrpcServerProtocolClient.java:<init>(63)) - Build channel for eaea20cf-c5ca-4d45-84fe-4a8214ec7204
2023-05-04 20:14:06,153 [eaea20cf-c5ca-4d45-84fe-4a8214ec7204@group-E3C7514FDC21-LeaderElection22] INFO  impl.LeaderElection (LeaderElection.java:askForVotes(312)) - eaea20cf-c5ca-4d45-84fe-4a8214ec7204@group-E3C7514FDC21-LeaderElection22 PRE_VOTE round 0: submit vote requests at term 0 for -1: peers:[fe0c64ad-372f-4816-a9b8-650345a5ed87|rpc:10.1.0.20:40609|dataStream:10.1.0.20:39835|priority:0|startupRole:FOLLOWER, c0824e8e-e4e4-4301-9438-3093f7f79ba0|rpc:10.1.0.20:46319|dataStream:10.1.0.20:37851|priority:1|startupRole:FOLLOWER, eaea20cf-c5ca-4d45-84fe-4a8214ec7204|rpc:10.1.0.20:42299|dataStream:10.1.0.20:45285|priority:0|startupRole:FOLLOWER]|listeners:[], old=null
2023-05-04 20:14:06,156 [eaea20cf-c5ca-4d45-84fe-4a8214ec7204@group-E3C7514FDC21-LeaderElection22] INFO  server.RaftServerConfigKeys (ConfUtils.java:logFallback(53)) - raft.server.rpc.first-election.timeout.min = 5s (fallback to raft.server.rpc.timeout.min)
2023-05-04 20:14:06,156 [eaea20cf-c5ca-4d45-84fe-4a8214ec7204@group-E3C7514FDC21-LeaderElection22] INFO  server.RaftServerConfigKeys (ConfUtils.java:logFallback(53)) - raft.server.rpc.first-election.timeout.max = 5200ms (fallback to raft.server.rpc.timeout.max)
2023-05-04 20:14:06,157 [grpc-default-executor-0] INFO  server.RaftServer$Division (RaftServerImpl.java:requestVote(1218)) - c0824e8e-e4e4-4301-9438-3093f7f79ba0@group-64A78F4C2588: receive requestVote(PRE_VOTE, fe0c64ad-372f-4816-a9b8-650345a5ed87, group-64A78F4C2588, 0, (t:0, i:0))
2023-05-04 20:14:06,158 [c0824e8e-e4e4-4301-9438-3093f7f79ba0@group-64A78F4C2588-FollowerState] INFO  server.RaftServerConfigKeys (ConfUtils.java:logFallback(53)) - raft.server.rpc.first-election.timeout.min = 5s (fallback to raft.server.rpc.timeout.min)
2023-05-04 20:14:06,158 [c0824e8e-e4e4-4301-9438-3093f7f79ba0@group-64A78F4C2588-FollowerState] INFO  server.RaftServerConfigKeys (ConfUtils.java:logFallback(53)) - raft.server.rpc.first-election.timeout.max = 5200ms (fallback to raft.server.rpc.timeout.max)
2023-05-04 20:14:06,158 [grpc-default-executor-0] INFO  impl.VoteContext (VoteContext.java:log(49)) - c0824e8e-e4e4-4301-9438-3093f7f79ba0@group-64A78F4C2588-FOLLOWER: accept PRE_VOTE from fe0c64ad-372f-4816-a9b8-650345a5ed87: our priority 0 <= candidate's priority 1
2023-05-04 20:14:06,158 [grpc-default-executor-0] INFO  server.RaftServer$Division (RaftServerImpl.java:requestVote(1251)) - c0824e8e-e4e4-4301-9438-3093f7f79ba0@group-64A78F4C2588 replies to PRE_VOTE vote request: fe0c64ad-372f-4816-a9b8-650345a5ed87<-c0824e8e-e4e4-4301-9438-3093f7f79ba0#0:OK-t0. Peer's state: c0824e8e-e4e4-4301-9438-3093f7f79ba0@group-64A78F4C2588:t0, leader=null, voted=, raftlog=Memoized:c0824e8e-e4e4-4301-9438-3093f7f79ba0@group-64A78F4C2588-SegmentedRaftLog:OPENED:c-1, conf=-1: peers:[fe0c64ad-372f-4816-a9b8-650345a5ed87|rpc:10.1.0.20:40609|dataStream:10.1.0.20:39835|priority:1|startupRole:FOLLOWER, c0824e8e-e4e4-4301-9438-3093f7f79ba0|rpc:10.1.0.20:46319|dataStream:10.1.0.20:37851|priority:0|startupRole:FOLLOWER, eaea20cf-c5ca-4d45-84fe-4a8214ec7204|rpc:10.1.0.20:42299|dataStream:10.1.0.20:45285|priority:0|startupRole:FOLLOWER]|listeners:[], old=null
2023-05-04 20:14:06,162 [grpc-default-executor-1] INFO  server.RaftServer$Division (RaftServerImpl.java:requestVote(1218)) - c0824e8e-e4e4-4301-9438-3093f7f79ba0@group-E3C7514FDC21: receive requestVote(PRE_VOTE, eaea20cf-c5ca-4d45-84fe-4a8214ec7204, group-E3C7514FDC21, 0, (t:0, i:0))
2023-05-04 20:14:06,162 [grpc-default-executor-1] INFO  impl.VoteContext (VoteContext.java:log(49)) - c0824e8e-e4e4-4301-9438-3093f7f79ba0@group-E3C7514FDC21-FOLLOWER: reject PRE_VOTE from eaea20cf-c5ca-4d45-84fe-4a8214ec7204: our priority 1 > candidate's priority 0
2023-05-04 20:14:06,162 [grpc-default-executor-1] INFO  server.RaftServer$Division (RaftServerImpl.java:requestVote(1251)) - c0824e8e-e4e4-4301-9438-3093f7f79ba0@group-E3C7514FDC21 replies to PRE_VOTE vote request: eaea20cf-c5ca-4d45-84fe-4a8214ec7204<-c0824e8e-e4e4-4301-9438-3093f7f79ba0#0:FAIL-t0. Peer's state: c0824e8e-e4e4-4301-9438-3093f7f79ba0@group-E3C7514FDC21:t0, leader=null, voted=, raftlog=Memoized:c0824e8e-e4e4-4301-9438-3093f7f79ba0@group-E3C7514FDC21-SegmentedRaftLog:OPENED:c-1, conf=-1: peers:[fe0c64ad-372f-4816-a9b8-650345a5ed87|rpc:10.1.0.20:40609|dataStream:10.1.0.20:39835|priority:0|startupRole:FOLLOWER, c0824e8e-e4e4-4301-9438-3093f7f79ba0|rpc:10.1.0.20:46319|dataStream:10.1.0.20:37851|priority:1|startupRole:FOLLOWER, eaea20cf-c5ca-4d45-84fe-4a8214ec7204|rpc:10.1.0.20:42299|dataStream:10.1.0.20:45285|priority:0|startupRole:FOLLOWER]|listeners:[], old=null
2023-05-04 20:14:06,164 [c0824e8e-e4e4-4301-9438-3093f7f79ba0@group-E3C7514FDC21-FollowerState] INFO  impl.FollowerState (FollowerState.java:run(143)) - c0824e8e-e4e4-4301-9438-3093f7f79ba0@group-E3C7514FDC21-FollowerState: change to CANDIDATE, lastRpcElapsedTime:5032268183ns, electionTimeout:5029ms
2023-05-04 20:14:06,164 [c0824e8e-e4e4-4301-9438-3093f7f79ba0@group-E3C7514FDC21-FollowerState] INFO  impl.RoleInfo (RoleInfo.java:shutdownFollowerState(110)) - c0824e8e-e4e4-4301-9438-3093f7f79ba0: shutdown c0824e8e-e4e4-4301-9438-3093f7f79ba0@group-E3C7514FDC21-FollowerState
2023-05-04 20:14:06,164 [c0824e8e-e4e4-4301-9438-3093f7f79ba0@group-E3C7514FDC21-FollowerState] INFO  server.RaftServer$Division (RaftServerImpl.java:setRole(321)) - c0824e8e-e4e4-4301-9438-3093f7f79ba0@group-E3C7514FDC21: changes role from  FOLLOWER to CANDIDATE at term 0 for changeToCandidate
2023-05-04 20:14:06,164 [c0824e8e-e4e4-4301-9438-3093f7f79ba0@group-E3C7514FDC21-FollowerState] INFO  server.RaftServerConfigKeys (ConfUtils.java:logGet(46)) - raft.server.leaderelection.pre-vote = true (default)
2023-05-04 20:14:06,164 [c0824e8e-e4e4-4301-9438-3093f7f79ba0@group-E3C7514FDC21-FollowerState] INFO  impl.RoleInfo (RoleInfo.java:updateAndGet(139)) - c0824e8e-e4e4-4301-9438-3093f7f79ba0: start c0824e8e-e4e4-4301-9438-3093f7f79ba0@group-E3C7514FDC21-LeaderElection23
2023-05-04 20:14:06,169 [fe0c64ad-372f-4816-a9b8-650345a5ed87@group-64A78F4C2588-LeaderElection21] INFO  impl.LeaderElection (LeaderElection.java:logAndReturn(90)) - fe0c64ad-372f-4816-a9b8-650345a5ed87@group-64A78F4C2588-LeaderElection21: PRE_VOTE PASSED received 1 response(s) and 0 exception(s):
2023-05-04 20:14:06,169 [grpc-default-executor-0] INFO  server.RaftServer$Division (RaftServerImpl.java:requestVote(1218)) - fe0c64ad-372f-4816-a9b8-650345a5ed87@group-E3C7514FDC21: receive requestVote(PRE_VOTE, eaea20cf-c5ca-4d45-84fe-4a8214ec7204, group-E3C7514FDC21, 0, (t:0, i:0))
2023-05-04 20:14:06,169 [grpc-default-executor-0] INFO  impl.VoteContext (VoteContext.java:log(49)) - fe0c64ad-372f-4816-a9b8-650345a5ed87@group-E3C7514FDC21-FOLLOWER: accept PRE_VOTE from eaea20cf-c5ca-4d45-84fe-4a8214ec7204: our priority 0 <= candidate's priority 0
2023-05-04 20:14:06,169 [grpc-default-executor-0] INFO  server.RaftServer$Division (RaftServerImpl.java:requestVote(1251)) - fe0c64ad-372f-4816-a9b8-650345a5ed87@group-E3C7514FDC21 replies to PRE_VOTE vote request: eaea20cf-c5ca-4d45-84fe-4a8214ec7204<-fe0c64ad-372f-4816-a9b8-650345a5ed87#0:OK-t0. Peer's state: fe0c64ad-372f-4816-a9b8-650345a5ed87@group-E3C7514FDC21:t0, leader=null, voted=, raftlog=Memoized:fe0c64ad-372f-4816-a9b8-650345a5ed87@group-E3C7514FDC21-SegmentedRaftLog:OPENED:c-1, conf=-1: peers:[fe0c64ad-372f-4816-a9b8-650345a5ed87|rpc:10.1.0.20:40609|dataStream:10.1.0.20:39835|priority:0|startupRole:FOLLOWER, c0824e8e-e4e4-4301-9438-3093f7f79ba0|rpc:10.1.0.20:46319|dataStream:10.1.0.20:37851|priority:1|startupRole:FOLLOWER, eaea20cf-c5ca-4d45-84fe-4a8214ec7204|rpc:10.1.0.20:42299|dataStream:10.1.0.20:45285|priority:0|startupRole:FOLLOWER]|listeners:[], old=null
2023-05-04 20:14:06,169 [eaea20cf-c5ca-4d45-84fe-4a8214ec7204@group-E3C7514FDC21-LeaderElection22] INFO  impl.LeaderElection (LeaderElection.java:logAndReturn(90)) - eaea20cf-c5ca-4d45-84fe-4a8214ec7204@group-E3C7514FDC21-LeaderElection22: PRE_VOTE REJECTED received 1 response(s) and 0 exception(s):
2023-05-04 20:14:06,170 [eaea20cf-c5ca-4d45-84fe-4a8214ec7204@group-E3C7514FDC21-LeaderElection22] INFO  impl.LeaderElection (LeaderElection.java:logAndReturn(94)) -   Response 0: eaea20cf-c5ca-4d45-84fe-4a8214ec7204<-c0824e8e-e4e4-4301-9438-3093f7f79ba0#0:FAIL-t0
2023-05-04 20:14:06,170 [eaea20cf-c5ca-4d45-84fe-4a8214ec7204@group-E3C7514FDC21-LeaderElection22] INFO  impl.LeaderElection (LeaderElection.java:askForVotes(314)) - eaea20cf-c5ca-4d45-84fe-4a8214ec7204@group-E3C7514FDC21-LeaderElection22 PRE_VOTE round 0: result REJECTED
2023-05-04 20:14:06,170 [eaea20cf-c5ca-4d45-84fe-4a8214ec7204@group-E3C7514FDC21-LeaderElection22] INFO  server.RaftServer$Division (RaftServerImpl.java:setRole(321)) - eaea20cf-c5ca-4d45-84fe-4a8214ec7204@group-E3C7514FDC21: changes role from CANDIDATE to FOLLOWER at term 0 for REJECTED
2023-05-04 20:14:06,170 [eaea20cf-c5ca-4d45-84fe-4a8214ec7204@group-E3C7514FDC21-LeaderElection22] INFO  impl.RoleInfo (RoleInfo.java:shutdownLeaderElection(130)) - eaea20cf-c5ca-4d45-84fe-4a8214ec7204: shutdown eaea20cf-c5ca-4d45-84fe-4a8214ec7204@group-E3C7514FDC21-LeaderElection22
2023-05-04 20:14:06,170 [eaea20cf-c5ca-4d45-84fe-4a8214ec7204@group-E3C7514FDC21-LeaderElection22] INFO  impl.RoleInfo (RoleInfo.java:updateAndGet(139)) - eaea20cf-c5ca-4d45-84fe-4a8214ec7204: start eaea20cf-c5ca-4d45-84fe-4a8214ec7204@group-E3C7514FDC21-FollowerState
2023-05-04 20:14:06,169 [fe0c64ad-372f-4816-a9b8-650345a5ed87@group-64A78F4C2588-LeaderElection21] INFO  impl.LeaderElection (LeaderElection.java:logAndReturn(94)) -   Response 0: fe0c64ad-372f-4816-a9b8-650345a5ed87<-c0824e8e-e4e4-4301-9438-3093f7f79ba0#0:OK-t0
2023-05-04 20:14:06,171 [grpc-default-executor-0] INFO  server.RaftServer$Division (RaftServerImpl.java:requestVote(1218)) - eaea20cf-c5ca-4d45-84fe-4a8214ec7204@group-64A78F4C2588: receive requestVote(PRE_VOTE, fe0c64ad-372f-4816-a9b8-650345a5ed87, group-64A78F4C2588, 0, (t:0, i:0))
2023-05-04 20:14:06,171 [grpc-default-executor-0] INFO  impl.VoteContext (VoteContext.java:log(49)) - eaea20cf-c5ca-4d45-84fe-4a8214ec7204@group-64A78F4C2588-FOLLOWER: accept PRE_VOTE from fe0c64ad-372f-4816-a9b8-650345a5ed87: our priority 0 <= candidate's priority 1
2023-05-04 20:14:06,171 [grpc-default-executor-0] INFO  server.RaftServer$Division (RaftServerImpl.java:requestVote(1251)) - eaea20cf-c5ca-4d45-84fe-4a8214ec7204@group-64A78F4C2588 replies to PRE_VOTE vote request: fe0c64ad-372f-4816-a9b8-650345a5ed87<-eaea20cf-c5ca-4d45-84fe-4a8214ec7204#0:OK-t0. Peer's state: eaea20cf-c5ca-4d45-84fe-4a8214ec7204@group-64A78F4C2588:t0, leader=null, voted=, raftlog=Memoized:eaea20cf-c5ca-4d45-84fe-4a8214ec7204@group-64A78F4C2588-SegmentedRaftLog:OPENED:c-1, conf=-1: peers:[fe0c64ad-372f-4816-a9b8-650345a5ed87|rpc:10.1.0.20:40609|dataStream:10.1.0.20:39835|priority:1|startupRole:FOLLOWER, c0824e8e-e4e4-4301-9438-3093f7f79ba0|rpc:10.1.0.20:46319|dataStream:10.1.0.20:37851|priority:0|startupRole:FOLLOWER, eaea20cf-c5ca-4d45-84fe-4a8214ec7204|rpc:10.1.0.20:42299|dataStream:10.1.0.20:45285|priority:0|startupRole:FOLLOWER]|listeners:[], old=null
2023-05-04 20:14:06,171 [c0824e8e-e4e4-4301-9438-3093f7f79ba0@group-E3C7514FDC21-LeaderElection23] INFO  impl.LeaderElection (LeaderElection.java:askForVotes(312)) - c0824e8e-e4e4-4301-9438-3093f7f79ba0@group-E3C7514FDC21-LeaderElection23 PRE_VOTE round 0: submit vote requests at term 0 for -1: peers:[fe0c64ad-372f-4816-a9b8-650345a5ed87|rpc:10.1.0.20:40609|dataStream:10.1.0.20:39835|priority:0|startupRole:FOLLOWER, c0824e8e-e4e4-4301-9438-3093f7f79ba0|rpc:10.1.0.20:46319|dataStream:10.1.0.20:37851|priority:1|startupRole:FOLLOWER, eaea20cf-c5ca-4d45-84fe-4a8214ec7204|rpc:10.1.0.20:42299|dataStream:10.1.0.20:45285|priority:0|startupRole:FOLLOWER]|listeners:[], old=null
2023-05-04 20:14:06,174 [c0824e8e-e4e4-4301-9438-3093f7f79ba0@group-E3C7514FDC21-LeaderElection23] INFO  server.RaftServerConfigKeys (ConfUtils.java:logFallback(53)) - raft.server.rpc.first-election.timeout.min = 5s (fallback to raft.server.rpc.timeout.min)
2023-05-04 20:14:06,174 [c0824e8e-e4e4-4301-9438-3093f7f79ba0@group-E3C7514FDC21-LeaderElection23] INFO  server.RaftServerConfigKeys (ConfUtils.java:logFallback(53)) - raft.server.rpc.first-election.timeout.max = 5200ms (fallback to raft.server.rpc.timeout.max)
2023-05-04 20:14:06,174 [eaea20cf-c5ca-4d45-84fe-4a8214ec7204@group-E3C7514FDC21-FollowerState] INFO  server.RaftServerConfigKeys (ConfUtils.java:logFallback(53)) - raft.server.rpc.first-election.timeout.min = 5s (fallback to raft.server.rpc.timeout.min)
2023-05-04 20:14:06,174 [fe0c64ad-372f-4816-a9b8-650345a5ed87@group-64A78F4C2588-LeaderElection21] INFO  impl.LeaderElection (LeaderElection.java:askForVotes(314)) - fe0c64ad-372f-4816-a9b8-650345a5ed87@group-64A78F4C2588-LeaderElection21 PRE_VOTE round 0: result PASSED
2023-05-04 20:14:06,175 [c0824e8e-e4e4-4301-9438-3093f7f79ba0@group-E3C7514FDC21-LeaderElection23-1] INFO  server.GrpcServerProtocolClient (GrpcServerProtocolClient.java:<init>(63)) - Build channel for fe0c64ad-372f-4816-a9b8-650345a5ed87
2023-05-04 20:14:06,177 [eaea20cf-c5ca-4d45-84fe-4a8214ec7204@group-E3C7514FDC21-FollowerState] INFO  server.RaftServerConfigKeys (ConfUtils.java:logFallback(53)) - raft.server.rpc.first-election.timeout.max = 5200ms (fallback to raft.server.rpc.timeout.max)
2023-05-04 20:14:06,177 [fe0c64ad-372f-4816-a9b8-650345a5ed87@group-64A78F4C2588-LeaderElection21] INFO  impl.LeaderElection (LeaderElection.java:askForVotes(312)) - fe0c64ad-372f-4816-a9b8-650345a5ed87@group-64A78F4C2588-LeaderElection21 ELECTION round 0: submit vote requests at term 1 for -1: peers:[fe0c64ad-372f-4816-a9b8-650345a5ed87|rpc:10.1.0.20:40609|dataStream:10.1.0.20:39835|priority:1|startupRole:FOLLOWER, c0824e8e-e4e4-4301-9438-3093f7f79ba0|rpc:10.1.0.20:46319|dataStream:10.1.0.20:37851|priority:0|startupRole:FOLLOWER, eaea20cf-c5ca-4d45-84fe-4a8214ec7204|rpc:10.1.0.20:42299|dataStream:10.1.0.20:45285|priority:0|startupRole:FOLLOWER]|listeners:[], old=null
2023-05-04 20:14:06,177 [c0824e8e-e4e4-4301-9438-3093f7f79ba0@group-E3C7514FDC21-LeaderElection23-2] INFO  server.GrpcServerProtocolClient (GrpcServerProtocolClient.java:<init>(63)) - Build channel for eaea20cf-c5ca-4d45-84fe-4a8214ec7204
2023-05-04 20:14:06,183 [fe0c64ad-372f-4816-a9b8-650345a5ed87@group-64A78F4C2588-LeaderElection21] INFO  server.RaftServerConfigKeys (ConfUtils.java:logFallback(53)) - raft.server.rpc.first-election.timeout.min = 5s (fallback to raft.server.rpc.timeout.min)
2023-05-04 20:14:06,183 [fe0c64ad-372f-4816-a9b8-650345a5ed87@group-64A78F4C2588-LeaderElection21] INFO  server.RaftServerConfigKeys (ConfUtils.java:logFallback(53)) - raft.server.rpc.first-election.timeout.max = 5200ms (fallback to raft.server.rpc.timeout.max)
2023-05-04 20:14:06,188 [grpc-default-executor-0] INFO  server.RaftServer$Division (RaftServerImpl.java:requestVote(1218)) - c0824e8e-e4e4-4301-9438-3093f7f79ba0@group-64A78F4C2588: receive requestVote(ELECTION, fe0c64ad-372f-4816-a9b8-650345a5ed87, group-64A78F4C2588, 1, (t:0, i:0))
2023-05-04 20:14:06,188 [grpc-default-executor-1] INFO  server.RaftServer$Division (RaftServerImpl.java:requestVote(1218)) - fe0c64ad-372f-4816-a9b8-650345a5ed87@group-E3C7514FDC21: receive requestVote(PRE_VOTE, c0824e8e-e4e4-4301-9438-3093f7f79ba0, group-E3C7514FDC21, 0, (t:0, i:0))
2023-05-04 20:14:06,188 [grpc-default-executor-0] INFO  impl.VoteContext (VoteContext.java:log(49)) - c0824e8e-e4e4-4301-9438-3093f7f79ba0@group-64A78F4C2588-FOLLOWER: accept ELECTION from fe0c64ad-372f-4816-a9b8-650345a5ed87: our priority 0 <= candidate's priority 1
2023-05-04 20:14:06,188 [grpc-default-executor-0] INFO  server.RaftServer$Division (RaftServerImpl.java:setRole(321)) - c0824e8e-e4e4-4301-9438-3093f7f79ba0@group-64A78F4C2588: changes role from  FOLLOWER to FOLLOWER at term 1 for candidate:fe0c64ad-372f-4816-a9b8-650345a5ed87
2023-05-04 20:14:06,189 [grpc-default-executor-0] INFO  impl.RoleInfo (RoleInfo.java:shutdownFollowerState(110)) - c0824e8e-e4e4-4301-9438-3093f7f79ba0: shutdown c0824e8e-e4e4-4301-9438-3093f7f79ba0@group-64A78F4C2588-FollowerState
2023-05-04 20:14:06,189 [grpc-default-executor-0] INFO  impl.RoleInfo (RoleInfo.java:updateAndGet(139)) - c0824e8e-e4e4-4301-9438-3093f7f79ba0: start c0824e8e-e4e4-4301-9438-3093f7f79ba0@group-64A78F4C2588-FollowerState
2023-05-04 20:14:06,189 [c0824e8e-e4e4-4301-9438-3093f7f79ba0@group-64A78F4C2588-FollowerState] INFO  impl.FollowerState (FollowerState.java:run(152)) - c0824e8e-e4e4-4301-9438-3093f7f79ba0@group-64A78F4C2588-FollowerState was interrupted
2023-05-04 20:14:06,191 [grpc-default-executor-0] INFO  server.RaftServer$Division (RaftServerImpl.java:requestVote(1251)) - c0824e8e-e4e4-4301-9438-3093f7f79ba0@group-64A78F4C2588 replies to ELECTION vote request: fe0c64ad-372f-4816-a9b8-650345a5ed87<-c0824e8e-e4e4-4301-9438-3093f7f79ba0#0:OK-t1. Peer's state: c0824e8e-e4e4-4301-9438-3093f7f79ba0@group-64A78F4C2588:t1, leader=null, voted=fe0c64ad-372f-4816-a9b8-650345a5ed87, raftlog=Memoized:c0824e8e-e4e4-4301-9438-3093f7f79ba0@group-64A78F4C2588-SegmentedRaftLog:OPENED:c-1, conf=-1: peers:[fe0c64ad-372f-4816-a9b8-650345a5ed87|rpc:10.1.0.20:40609|dataStream:10.1.0.20:39835|priority:1|startupRole:FOLLOWER, c0824e8e-e4e4-4301-9438-3093f7f79ba0|rpc:10.1.0.20:46319|dataStream:10.1.0.20:37851|priority:0|startupRole:FOLLOWER, eaea20cf-c5ca-4d45-84fe-4a8214ec7204|rpc:10.1.0.20:42299|dataStream:10.1.0.20:45285|priority:0|startupRole:FOLLOWER]|listeners:[], old=null
2023-05-04 20:14:06,192 [grpc-default-executor-1] INFO  impl.VoteContext (VoteContext.java:log(49)) - fe0c64ad-372f-4816-a9b8-650345a5ed87@group-E3C7514FDC21-FOLLOWER: accept PRE_VOTE from c0824e8e-e4e4-4301-9438-3093f7f79ba0: our priority 0 <= candidate's priority 1
2023-05-04 20:14:06,192 [grpc-default-executor-1] INFO  server.RaftServer$Division (RaftServerImpl.java:requestVote(1251)) - fe0c64ad-372f-4816-a9b8-650345a5ed87@group-E3C7514FDC21 replies to PRE_VOTE vote request: c0824e8e-e4e4-4301-9438-3093f7f79ba0<-fe0c64ad-372f-4816-a9b8-650345a5ed87#0:OK-t0. Peer's state: fe0c64ad-372f-4816-a9b8-650345a5ed87@group-E3C7514FDC21:t0, leader=null, voted=, raftlog=Memoized:fe0c64ad-372f-4816-a9b8-650345a5ed87@group-E3C7514FDC21-SegmentedRaftLog:OPENED:c-1, conf=-1: peers:[fe0c64ad-372f-4816-a9b8-650345a5ed87|rpc:10.1.0.20:40609|dataStream:10.1.0.20:39835|priority:0|startupRole:FOLLOWER, c0824e8e-e4e4-4301-9438-3093f7f79ba0|rpc:10.1.0.20:46319|dataStream:10.1.0.20:37851|priority:1|startupRole:FOLLOWER, eaea20cf-c5ca-4d45-84fe-4a8214ec7204|rpc:10.1.0.20:42299|dataStream:10.1.0.20:45285|priority:0|startupRole:FOLLOWER]|listeners:[], old=null
2023-05-04 20:14:06,194 [c0824e8e-e4e4-4301-9438-3093f7f79ba0@group-E3C7514FDC21-LeaderElection23] INFO  impl.LeaderElection (LeaderElection.java:logAndReturn(90)) - c0824e8e-e4e4-4301-9438-3093f7f79ba0@group-E3C7514FDC21-LeaderElection23: PRE_VOTE PASSED received 1 response(s) and 0 exception(s):
2023-05-04 20:14:06,194 [c0824e8e-e4e4-4301-9438-3093f7f79ba0@group-E3C7514FDC21-LeaderElection23] INFO  impl.LeaderElection (LeaderElection.java:logAndReturn(94)) -   Response 0: c0824e8e-e4e4-4301-9438-3093f7f79ba0<-fe0c64ad-372f-4816-a9b8-650345a5ed87#0:OK-t0
2023-05-04 20:14:06,194 [c0824e8e-e4e4-4301-9438-3093f7f79ba0@group-E3C7514FDC21-LeaderElection23] INFO  impl.LeaderElection (LeaderElection.java:askForVotes(314)) - c0824e8e-e4e4-4301-9438-3093f7f79ba0@group-E3C7514FDC21-LeaderElection23 PRE_VOTE round 0: result PASSED
2023-05-04 20:14:06,194 [grpc-default-executor-0] INFO  server.RaftServer$Division (RaftServerImpl.java:requestVote(1218)) - eaea20cf-c5ca-4d45-84fe-4a8214ec7204@group-64A78F4C2588: receive requestVote(ELECTION, fe0c64ad-372f-4816-a9b8-650345a5ed87, group-64A78F4C2588, 1, (t:0, i:0))
2023-05-04 20:14:06,194 [fe0c64ad-372f-4816-a9b8-650345a5ed87@group-64A78F4C2588-LeaderElection21] INFO  impl.LeaderElection (LeaderElection.java:logAndReturn(90)) - fe0c64ad-372f-4816-a9b8-650345a5ed87@group-64A78F4C2588-LeaderElection21: ELECTION PASSED received 1 response(s) and 0 exception(s):
2023-05-04 20:14:06,194 [fe0c64ad-372f-4816-a9b8-650345a5ed87@group-64A78F4C2588-LeaderElection21] INFO  impl.LeaderElection (LeaderElection.java:logAndReturn(94)) -   Response 0: fe0c64ad-372f-4816-a9b8-650345a5ed87<-c0824e8e-e4e4-4301-9438-3093f7f79ba0#0:OK-t1
2023-05-04 20:14:06,195 [fe0c64ad-372f-4816-a9b8-650345a5ed87@group-64A78F4C2588-LeaderElection21] INFO  impl.LeaderElection (LeaderElection.java:askForVotes(314)) - fe0c64ad-372f-4816-a9b8-650345a5ed87@group-64A78F4C2588-LeaderElection21 ELECTION round 0: result PASSED
2023-05-04 20:14:06,195 [fe0c64ad-372f-4816-a9b8-650345a5ed87@group-64A78F4C2588-LeaderElection21] INFO  impl.RoleInfo (RoleInfo.java:shutdownLeaderElection(130)) - fe0c64ad-372f-4816-a9b8-650345a5ed87: shutdown fe0c64ad-372f-4816-a9b8-650345a5ed87@group-64A78F4C2588-LeaderElection21
2023-05-04 20:14:06,195 [fe0c64ad-372f-4816-a9b8-650345a5ed87@group-64A78F4C2588-LeaderElection21] INFO  server.RaftServer$Division (RaftServerImpl.java:setRole(321)) - fe0c64ad-372f-4816-a9b8-650345a5ed87@group-64A78F4C2588: changes role from CANDIDATE to LEADER at term 1 for changeToLeader
2023-05-04 20:14:06,195 [fe0c64ad-372f-4816-a9b8-650345a5ed87@group-64A78F4C2588-LeaderElection21] INFO  ratis.XceiverServerRatis (XceiverServerRatis.java:handleLeaderChangedNotification(904)) - Leader change notification received for group: group-64A78F4C2588 with new leaderId: fe0c64ad-372f-4816-a9b8-650345a5ed87
2023-05-04 20:14:06,195 [fe0c64ad-372f-4816-a9b8-650345a5ed87@group-64A78F4C2588-LeaderElection21] INFO  server.RaftServer$Division (ServerState.java:setLeader(313)) - fe0c64ad-372f-4816-a9b8-650345a5ed87@group-64A78F4C2588: change Leader from null to fe0c64ad-372f-4816-a9b8-650345a5ed87 at term 1 for becomeLeader, leader elected after 5245ms
2023-05-04 20:14:06,195 [fe0c64ad-372f-4816-a9b8-650345a5ed87@group-64A78F4C2588-LeaderElection21] INFO  server.RaftServerConfigKeys (ConfUtils.java:logGet(46)) - raft.server.staging.catchup.gap = 1000 (default)
2023-05-04 20:14:06,195 [fe0c64ad-372f-4816-a9b8-650345a5ed87@group-64A78F4C2588-LeaderElection21] INFO  server.RaftServerConfigKeys (ConfUtils.java:logGet(46)) - raft.server.write.element-limit = 1024 (custom)
2023-05-04 20:14:06,195 [fe0c64ad-372f-4816-a9b8-650345a5ed87@group-64A78F4C2588-LeaderElection21] INFO  server.RaftServerConfigKeys (ConfUtils.java:logGet(46)) - raft.server.write.byte-limit = 1024 M (=1073741824) (custom)
2023-05-04 20:14:06,195 [fe0c64ad-372f-4816-a9b8-650345a5ed87@group-64A78F4C2588-LeaderElection21] INFO  server.RaftServerConfigKeys (ConfUtils.java:logGet(46)) - raft.server.watch.timeout = 180s (custom)
2023-05-04 20:14:06,195 [fe0c64ad-372f-4816-a9b8-650345a5ed87@group-64A78F4C2588-LeaderElection21] INFO  server.RaftServerConfigKeys (ConfUtils.java:logGet(46)) - raft.server.watch.timeout.denomination = 1s (default)
2023-05-04 20:14:06,196 [fe0c64ad-372f-4816-a9b8-650345a5ed87@group-64A78F4C2588-LeaderElection21] INFO  server.RaftServerConfigKeys (ConfUtils.java:logGet(46)) - raft.server.watch.element-limit = 65536 (default)
2023-05-04 20:14:06,196 [fe0c64ad-372f-4816-a9b8-650345a5ed87@group-64A78F4C2588-LeaderElection21] INFO  server.RaftServerConfigKeys (ConfUtils.java:logGet(46)) - raft.server.write.element-limit = 1024 (custom)
2023-05-04 20:14:06,196 [fe0c64ad-372f-4816-a9b8-650345a5ed87@group-64A78F4C2588-LeaderElection21] INFO  server.RaftServerConfigKeys (ConfUtils.java:logGet(46)) - raft.server.write.follower.gap.ratio.max = -1.0 (default)
2023-05-04 20:14:06,196 [fe0c64ad-372f-4816-a9b8-650345a5ed87@group-64A78F4C2588-LeaderElection21] INFO  server.RaftServerConfigKeys (ConfUtils.java:logGet(46)) - raft.server.log.appender.snapshot.chunk.size.max = 16MB (=16777216) (default)
2023-05-04 20:14:06,196 [fe0c64ad-372f-4816-a9b8-650345a5ed87@group-64A78F4C2588-LeaderElection21] INFO  server.RaftServerConfigKeys (ConfUtils.java:logGet(46)) - raft.server.log.appender.buffer.byte-limit = 33554432 (custom)
2023-05-04 20:14:06,196 [fe0c64ad-372f-4816-a9b8-650345a5ed87@group-64A78F4C2588-LeaderElection21] INFO  server.RaftServerConfigKeys (ConfUtils.java:logGet(46)) - raft.server.log.appender.buffer.element-limit = 1 (custom)
2023-05-04 20:14:06,196 [fe0c64ad-372f-4816-a9b8-650345a5ed87@group-64A78F4C2588-LeaderElection21] INFO  grpc.GrpcConfigKeys (ConfUtils.java:logGet(46)) - raft.grpc.server.leader.outstanding.appends.max = 128 (default)
2023-05-04 20:14:06,196 [fe0c64ad-372f-4816-a9b8-650345a5ed87@group-64A78F4C2588-LeaderElection21] INFO  server.RaftServerConfigKeys (ConfUtils.java:logGet(46)) - raft.server.rpc.request.timeout = 60s (custom)
2023-05-04 20:14:06,196 [fe0c64ad-372f-4816-a9b8-650345a5ed87@group-64A78F4C2588-LeaderElection21] INFO  server.RaftServerConfigKeys (ConfUtils.java:logGet(46)) - raft.server.log.appender.install.snapshot.enabled = false (custom)
2023-05-04 20:14:06,197 [fe0c64ad-372f-4816-a9b8-650345a5ed87@group-64A78F4C2588-LeaderElection21] INFO  grpc.GrpcConfigKeys (ConfUtils.java:logGet(46)) - raft.grpc.server.heartbeat.channel = true (default)
2023-05-04 20:14:06,197 [fe0c64ad-372f-4816-a9b8-650345a5ed87@group-64A78F4C2588-LeaderElection21] INFO  server.RaftServerConfigKeys (ConfUtils.java:logGet(46)) - raft.server.log.appender.wait-time.min = 10ms (default)
2023-05-04 20:14:06,197 [fe0c64ad-372f-4816-a9b8-650345a5ed87@group-64A78F4C2588-LeaderElection21] INFO  server.RaftServerConfigKeys (ConfUtils.java:logGet(46)) - raft.server.log.appender.snapshot.chunk.size.max = 16MB (=16777216) (default)
2023-05-04 20:14:06,198 [fe0c64ad-372f-4816-a9b8-650345a5ed87@group-64A78F4C2588-LeaderElection21] INFO  server.RaftServerConfigKeys (ConfUtils.java:logGet(46)) - raft.server.log.appender.buffer.byte-limit = 33554432 (custom)
2023-05-04 20:14:06,198 [fe0c64ad-372f-4816-a9b8-650345a5ed87@group-64A78F4C2588-LeaderElection21] INFO  server.RaftServerConfigKeys (ConfUtils.java:logGet(46)) - raft.server.log.appender.buffer.element-limit = 1 (custom)
2023-05-04 20:14:06,198 [fe0c64ad-372f-4816-a9b8-650345a5ed87@group-64A78F4C2588-LeaderElection21] INFO  grpc.GrpcConfigKeys (ConfUtils.java:logGet(46)) - raft.grpc.server.leader.outstanding.appends.max = 128 (default)
2023-05-04 20:14:06,198 [fe0c64ad-372f-4816-a9b8-650345a5ed87@group-64A78F4C2588-LeaderElection21] INFO  server.RaftServerConfigKeys (ConfUtils.java:logGet(46)) - raft.server.rpc.request.timeout = 60s (custom)
2023-05-04 20:14:06,198 [fe0c64ad-372f-4816-a9b8-650345a5ed87@group-64A78F4C2588-LeaderElection21] INFO  server.RaftServerConfigKeys (ConfUtils.java:logGet(46)) - raft.server.log.appender.install.snapshot.enabled = false (custom)
2023-05-04 20:14:06,198 [fe0c64ad-372f-4816-a9b8-650345a5ed87@group-64A78F4C2588-LeaderElection21] INFO  grpc.GrpcConfigKeys (ConfUtils.java:logGet(46)) - raft.grpc.server.heartbeat.channel = true (default)
2023-05-04 20:14:06,198 [fe0c64ad-372f-4816-a9b8-650345a5ed87@group-64A78F4C2588-LeaderElection21] INFO  server.RaftServerConfigKeys (ConfUtils.java:logGet(46)) - raft.server.log.appender.wait-time.min = 10ms (default)
2023-05-04 20:14:06,199 [c0824e8e-e4e4-4301-9438-3093f7f79ba0@group-E3C7514FDC21-LeaderElection23] INFO  impl.LeaderElection (LeaderElection.java:askForVotes(312)) - c0824e8e-e4e4-4301-9438-3093f7f79ba0@group-E3C7514FDC21-LeaderElection23 ELECTION round 0: submit vote requests at term 1 for -1: peers:[fe0c64ad-372f-4816-a9b8-650345a5ed87|rpc:10.1.0.20:40609|dataStream:10.1.0.20:39835|priority:0|startupRole:FOLLOWER, c0824e8e-e4e4-4301-9438-3093f7f79ba0|rpc:10.1.0.20:46319|dataStream:10.1.0.20:37851|priority:1|startupRole:FOLLOWER, eaea20cf-c5ca-4d45-84fe-4a8214ec7204|rpc:10.1.0.20:42299|dataStream:10.1.0.20:45285|priority:0|startupRole:FOLLOWER]|listeners:[], old=null
2023-05-04 20:14:06,194 [grpc-default-executor-0] INFO  impl.VoteContext (VoteContext.java:log(49)) - eaea20cf-c5ca-4d45-84fe-4a8214ec7204@group-64A78F4C2588-FOLLOWER: accept ELECTION from fe0c64ad-372f-4816-a9b8-650345a5ed87: our priority 0 <= candidate's priority 1
2023-05-04 20:14:06,199 [grpc-default-executor-0] INFO  server.RaftServer$Division (RaftServerImpl.java:setRole(321)) - eaea20cf-c5ca-4d45-84fe-4a8214ec7204@group-64A78F4C2588: changes role from  FOLLOWER to FOLLOWER at term 1 for candidate:fe0c64ad-372f-4816-a9b8-650345a5ed87
2023-05-04 20:14:06,199 [grpc-default-executor-0] INFO  impl.RoleInfo (RoleInfo.java:shutdownFollowerState(110)) - eaea20cf-c5ca-4d45-84fe-4a8214ec7204: shutdown eaea20cf-c5ca-4d45-84fe-4a8214ec7204@group-64A78F4C2588-FollowerState
2023-05-04 20:14:06,201 [EventQueue-PipelineReportForPipelineReportHandler] INFO  pipeline.PipelineManagerImpl (PipelineManagerImpl.java:openPipeline(367)) - Pipeline Pipeline[ Id: af91bc37-3f3f-45d7-a7b2-64a78f4c2588, Nodes: fe0c64ad-372f-4816-a9b8-650345a5ed87(fv-az804-457.cvtsq3ctpw5ehehiek0yp1ke0c.cx.internal.cloudapp.net/10.1.0.20)c0824e8e-e4e4-4301-9438-3093f7f79ba0(fv-az804-457.cvtsq3ctpw5ehehiek0yp1ke0c.cx.internal.cloudapp.net/10.1.0.20)eaea20cf-c5ca-4d45-84fe-4a8214ec7204(fv-az804-457.cvtsq3ctpw5ehehiek0yp1ke0c.cx.internal.cloudapp.net/10.1.0.20), ReplicationConfig: RATIS/THREE, State:ALLOCATED, leaderId:fe0c64ad-372f-4816-a9b8-650345a5ed87, CreationTimestamp2023-05-04T20:13:58.296Z[Etc/UTC]] moved to OPEN state
2023-05-04 20:14:06,204 [grpc-default-executor-2] INFO  server.RaftServer$Division (RaftServerImpl.java:requestVote(1218)) - eaea20cf-c5ca-4d45-84fe-4a8214ec7204@group-E3C7514FDC21: receive requestVote(PRE_VOTE, c0824e8e-e4e4-4301-9438-3093f7f79ba0, group-E3C7514FDC21, 0, (t:0, i:0))
2023-05-04 20:14:06,204 [grpc-default-executor-2] INFO  impl.VoteContext (VoteContext.java:log(49)) - eaea20cf-c5ca-4d45-84fe-4a8214ec7204@group-E3C7514FDC21-FOLLOWER: accept PRE_VOTE from c0824e8e-e4e4-4301-9438-3093f7f79ba0: our priority 0 <= candidate's priority 1
2023-05-04 20:14:06,204 [grpc-default-executor-2] INFO  server.RaftServer$Division (RaftServerImpl.java:requestVote(1251)) - eaea20cf-c5ca-4d45-84fe-4a8214ec7204@group-E3C7514FDC21 replies to PRE_VOTE vote request: c0824e8e-e4e4-4301-9438-3093f7f79ba0<-eaea20cf-c5ca-4d45-84fe-4a8214ec7204#0:OK-t0. Peer's state: eaea20cf-c5ca-4d45-84fe-4a8214ec7204@group-E3C7514FDC21:t0, leader=null, voted=, raftlog=Memoized:eaea20cf-c5ca-4d45-84fe-4a8214ec7204@group-E3C7514FDC21-SegmentedRaftLog:OPENED:c-1, conf=-1: peers:[fe0c64ad-372f-4816-a9b8-650345a5ed87|rpc:10.1.0.20:40609|dataStream:10.1.0.20:39835|priority:0|startupRole:FOLLOWER, c0824e8e-e4e4-4301-9438-3093f7f79ba0|rpc:10.1.0.20:46319|dataStream:10.1.0.20:37851|priority:1|startupRole:FOLLOWER, eaea20cf-c5ca-4d45-84fe-4a8214ec7204|rpc:10.1.0.20:42299|dataStream:10.1.0.20:45285|priority:0|startupRole:FOLLOWER]|listeners:[], old=null
2023-05-04 20:14:06,204 [c0824e8e-e4e4-4301-9438-3093f7f79ba0@group-64A78F4C2588-FollowerState] INFO  server.RaftServerConfigKeys (ConfUtils.java:logFallback(53)) - raft.server.rpc.first-election.timeout.min = 5s (fallback to raft.server.rpc.timeout.min)
2023-05-04 20:14:06,204 [c0824e8e-e4e4-4301-9438-3093f7f79ba0@group-64A78F4C2588-FollowerState] INFO  server.RaftServerConfigKeys (ConfUtils.java:logFallback(53)) - raft.server.rpc.first-election.timeout.max = 5200ms (fallback to raft.server.rpc.timeout.max)
2023-05-04 20:14:06,205 [fe0c64ad-372f-4816-a9b8-650345a5ed87@group-64A78F4C2588-LeaderElection21] INFO  impl.RoleInfo (RoleInfo.java:updateAndGet(139)) - fe0c64ad-372f-4816-a9b8-650345a5ed87: start fe0c64ad-372f-4816-a9b8-650345a5ed87@group-64A78F4C2588-LeaderStateImpl
2023-05-04 20:14:06,207 [fe0c64ad-372f-4816-a9b8-650345a5ed87@group-64A78F4C2588-LeaderElection21] INFO  segmented.SegmentedRaftLogWorker (SegmentedRaftLogWorker.java:startLogSegment(452)) - fe0c64ad-372f-4816-a9b8-650345a5ed87@group-64A78F4C2588-SegmentedRaftLogWorker: Starting segment from index:0
2023-05-04 20:14:06,207 [c0824e8e-e4e4-4301-9438-3093f7f79ba0@group-E3C7514FDC21-LeaderElection23] INFO  server.RaftServerConfigKeys (ConfUtils.java:logFallback(53)) - raft.server.rpc.first-election.timeout.min = 5s (fallback to raft.server.rpc.timeout.min)
2023-05-04 20:14:06,207 [c0824e8e-e4e4-4301-9438-3093f7f79ba0@group-E3C7514FDC21-LeaderElection23] INFO  server.RaftServerConfigKeys (ConfUtils.java:logFallback(53)) - raft.server.rpc.first-election.timeout.max = 5200ms (fallback to raft.server.rpc.timeout.max)
2023-05-04 20:14:06,208 [grpc-default-executor-0] INFO  impl.RoleInfo (RoleInfo.java:updateAndGet(139)) - eaea20cf-c5ca-4d45-84fe-4a8214ec7204: start eaea20cf-c5ca-4d45-84fe-4a8214ec7204@group-64A78F4C2588-FollowerState
2023-05-04 20:14:06,208 [eaea20cf-c5ca-4d45-84fe-4a8214ec7204@group-64A78F4C2588-FollowerState] INFO  impl.FollowerState (FollowerState.java:run(152)) - eaea20cf-c5ca-4d45-84fe-4a8214ec7204@group-64A78F4C2588-FollowerState was interrupted
2023-05-04 20:14:06,218 [fe0c64ad-372f-4816-a9b8-650345a5ed87@group-64A78F4C2588-LeaderElection21] INFO  server.RaftServer$Division (ServerState.java:setRaftConf(430)) - fe0c64ad-372f-4816-a9b8-650345a5ed87@group-64A78F4C2588: set configuration 0: peers:[fe0c64ad-372f-4816-a9b8-650345a5ed87|rpc:10.1.0.20:40609|dataStream:10.1.0.20:39835|priority:1|startupRole:FOLLOWER, c0824e8e-e4e4-4301-9438-3093f7f79ba0|rpc:10.1.0.20:46319|dataStream:10.1.0.20:37851|priority:0|startupRole:FOLLOWER, eaea20cf-c5ca-4d45-84fe-4a8214ec7204|rpc:10.1.0.20:42299|dataStream:10.1.0.20:45285|priority:0|startupRole:FOLLOWER]|listeners:[], old=null
2023-05-04 20:14:06,220 [eaea20cf-c5ca-4d45-84fe-4a8214ec7204@group-64A78F4C2588-FollowerState] INFO  server.RaftServerConfigKeys (ConfUtils.java:logFallback(53)) - raft.server.rpc.first-election.timeout.min = 5s (fallback to raft.server.rpc.timeout.min)
2023-05-04 20:14:06,220 [eaea20cf-c5ca-4d45-84fe-4a8214ec7204@group-64A78F4C2588-FollowerState] INFO  server.RaftServerConfigKeys (ConfUtils.java:logFallback(53)) - raft.server.rpc.first-election.timeout.max = 5200ms (fallback to raft.server.rpc.timeout.max)
2023-05-04 20:14:06,222 [grpc-default-executor-1] INFO  server.RaftServer$Division (RaftServerImpl.java:requestVote(1218)) - eaea20cf-c5ca-4d45-84fe-4a8214ec7204@group-E3C7514FDC21: receive requestVote(ELECTION, c0824e8e-e4e4-4301-9438-3093f7f79ba0, group-E3C7514FDC21, 1, (t:0, i:0))
2023-05-04 20:14:06,222 [grpc-default-executor-1] INFO  impl.VoteContext (VoteContext.java:log(49)) - eaea20cf-c5ca-4d45-84fe-4a8214ec7204@group-E3C7514FDC21-FOLLOWER: accept ELECTION from c0824e8e-e4e4-4301-9438-3093f7f79ba0: our priority 0 <= candidate's priority 1
2023-05-04 20:14:06,222 [grpc-default-executor-3] INFO  server.RaftServer$Division (RaftServerImpl.java:requestVote(1218)) - fe0c64ad-372f-4816-a9b8-650345a5ed87@group-E3C7514FDC21: receive requestVote(ELECTION, c0824e8e-e4e4-4301-9438-3093f7f79ba0, group-E3C7514FDC21, 1, (t:0, i:0))
2023-05-04 20:14:06,222 [grpc-default-executor-3] INFO  impl.VoteContext (VoteContext.java:log(49)) - fe0c64ad-372f-4816-a9b8-650345a5ed87@group-E3C7514FDC21-FOLLOWER: accept ELECTION from c0824e8e-e4e4-4301-9438-3093f7f79ba0: our priority 0 <= candidate's priority 1
2023-05-04 20:14:06,222 [grpc-default-executor-3] INFO  server.RaftServer$Division (RaftServerImpl.java:setRole(321)) - fe0c64ad-372f-4816-a9b8-650345a5ed87@group-E3C7514FDC21: changes role from  FOLLOWER to FOLLOWER at term 1 for candidate:c0824e8e-e4e4-4301-9438-3093f7f79ba0
2023-05-04 20:14:06,222 [grpc-default-executor-1] INFO  server.RaftServer$Division (RaftServerImpl.java:setRole(321)) - eaea20cf-c5ca-4d45-84fe-4a8214ec7204@group-E3C7514FDC21: changes role from  FOLLOWER to FOLLOWER at term 1 for candidate:c0824e8e-e4e4-4301-9438-3093f7f79ba0
2023-05-04 20:14:06,222 [fe0c64ad-372f-4816-a9b8-650345a5ed87@group-64A78F4C2588-SegmentedRaftLogWorker] INFO  segmented.SegmentedRaftLogWorker (SegmentedRaftLogWorker.java:execute(656)) - fe0c64ad-372f-4816-a9b8-650345a5ed87@group-64A78F4C2588-SegmentedRaftLogWorker: created new log segment /home/runner/work/ozone/ozone/hadoop-ozone/integration-test/target/test-dir/MiniOzoneClusterImpl-3ff5bc89-9620-4d46-84f6-68e3c2a3a822/datanode-8/data/ratis/af91bc37-3f3f-45d7-a7b2-64a78f4c2588/current/log_inprogress_0
2023-05-04 20:14:06,222 [grpc-default-executor-1] INFO  impl.RoleInfo (RoleInfo.java:shutdownFollowerState(110)) - eaea20cf-c5ca-4d45-84fe-4a8214ec7204: shutdown eaea20cf-c5ca-4d45-84fe-4a8214ec7204@group-E3C7514FDC21-FollowerState
2023-05-04 20:14:06,222 [grpc-default-executor-1] INFO  impl.RoleInfo (RoleInfo.java:updateAndGet(139)) - eaea20cf-c5ca-4d45-84fe-4a8214ec7204: start eaea20cf-c5ca-4d45-84fe-4a8214ec7204@group-E3C7514FDC21-FollowerState
2023-05-04 20:14:06,223 [eaea20cf-c5ca-4d45-84fe-4a8214ec7204@group-E3C7514FDC21-FollowerState] INFO  impl.FollowerState (FollowerState.java:run(152)) - eaea20cf-c5ca-4d45-84fe-4a8214ec7204@group-E3C7514FDC21-FollowerState was interrupted
2023-05-04 20:14:06,222 [grpc-default-executor-3] INFO  impl.RoleInfo (RoleInfo.java:shutdownFollowerState(110)) - fe0c64ad-372f-4816-a9b8-650345a5ed87: shutdown fe0c64ad-372f-4816-a9b8-650345a5ed87@group-E3C7514FDC21-FollowerState
2023-05-04 20:14:06,222 [grpc-default-executor-0] INFO  server.RaftServer$Division (RaftServerImpl.java:requestVote(1251)) - eaea20cf-c5ca-4d45-84fe-4a8214ec7204@group-64A78F4C2588 replies to ELECTION vote request: fe0c64ad-372f-4816-a9b8-650345a5ed87<-eaea20cf-c5ca-4d45-84fe-4a8214ec7204#0:OK-t1. Peer's state: eaea20cf-c5ca-4d45-84fe-4a8214ec7204@group-64A78F4C2588:t1, leader=null, voted=fe0c64ad-372f-4816-a9b8-650345a5ed87, raftlog=Memoized:eaea20cf-c5ca-4d45-84fe-4a8214ec7204@group-64A78F4C2588-SegmentedRaftLog:OPENED:c-1, conf=-1: peers:[fe0c64ad-372f-4816-a9b8-650345a5ed87|rpc:10.1.0.20:40609|dataStream:10.1.0.20:39835|priority:1|startupRole:FOLLOWER, c0824e8e-e4e4-4301-9438-3093f7f79ba0|rpc:10.1.0.20:46319|dataStream:10.1.0.20:37851|priority:0|startupRole:FOLLOWER, eaea20cf-c5ca-4d45-84fe-4a8214ec7204|rpc:10.1.0.20:42299|dataStream:10.1.0.20:45285|priority:0|startupRole:FOLLOWER]|listeners:[], old=null
2023-05-04 20:14:06,225 [eaea20cf-c5ca-4d45-84fe-4a8214ec7204@group-E3C7514FDC21-FollowerState] INFO  server.RaftServerConfigKeys (ConfUtils.java:logFallback(53)) - raft.server.rpc.first-election.timeout.min = 5s (fallback to raft.server.rpc.timeout.min)
2023-05-04 20:14:06,225 [eaea20cf-c5ca-4d45-84fe-4a8214ec7204@group-E3C7514FDC21-FollowerState] INFO  server.RaftServerConfigKeys (ConfUtils.java:logFallback(53)) - raft.server.rpc.first-election.timeout.max = 5200ms (fallback to raft.server.rpc.timeout.max)
2023-05-04 20:14:06,230 [grpc-default-executor-3] INFO  impl.RoleInfo (RoleInfo.java:updateAndGet(139)) - fe0c64ad-372f-4816-a9b8-650345a5ed87: start fe0c64ad-372f-4816-a9b8-650345a5ed87@group-E3C7514FDC21-FollowerState
2023-05-04 20:14:06,230 [fe0c64ad-372f-4816-a9b8-650345a5ed87@group-E3C7514FDC21-FollowerState] INFO  impl.FollowerState (FollowerState.java:run(152)) - fe0c64ad-372f-4816-a9b8-650345a5ed87@group-E3C7514FDC21-FollowerState was interrupted
2023-05-04 20:14:06,230 [fe0c64ad-372f-4816-a9b8-650345a5ed87@group-E3C7514FDC21-FollowerState] INFO  server.RaftServerConfigKeys (ConfUtils.java:logFallback(53)) - raft.server.rpc.first-election.timeout.min = 5s (fallback to raft.server.rpc.timeout.min)
2023-05-04 20:14:06,230 [fe0c64ad-372f-4816-a9b8-650345a5ed87@group-E3C7514FDC21-FollowerState] INFO  server.RaftServerConfigKeys (ConfUtils.java:logFallback(53)) - raft.server.rpc.first-election.timeout.max = 5200ms (fallback to raft.server.rpc.timeout.max)
2023-05-04 20:14:06,231 [grpc-default-executor-3] INFO  server.RaftServer$Division (RaftServerImpl.java:requestVote(1251)) - fe0c64ad-372f-4816-a9b8-650345a5ed87@group-E3C7514FDC21 replies to ELECTION vote request: c0824e8e-e4e4-4301-9438-3093f7f79ba0<-fe0c64ad-372f-4816-a9b8-650345a5ed87#0:OK-t1. Peer's state: fe0c64ad-372f-4816-a9b8-650345a5ed87@group-E3C7514FDC21:t1, leader=null, voted=c0824e8e-e4e4-4301-9438-3093f7f79ba0, raftlog=Memoized:fe0c64ad-372f-4816-a9b8-650345a5ed87@group-E3C7514FDC21-SegmentedRaftLog:OPENED:c-1, conf=-1: peers:[fe0c64ad-372f-4816-a9b8-650345a5ed87|rpc:10.1.0.20:40609|dataStream:10.1.0.20:39835|priority:0|startupRole:FOLLOWER, c0824e8e-e4e4-4301-9438-3093f7f79ba0|rpc:10.1.0.20:46319|dataStream:10.1.0.20:37851|priority:1|startupRole:FOLLOWER, eaea20cf-c5ca-4d45-84fe-4a8214ec7204|rpc:10.1.0.20:42299|dataStream:10.1.0.20:45285|priority:0|startupRole:FOLLOWER]|listeners:[], old=null
2023-05-04 20:14:06,233 [grpc-default-executor-1] INFO  server.RaftServer$Division (RaftServerImpl.java:requestVote(1251)) - eaea20cf-c5ca-4d45-84fe-4a8214ec7204@group-E3C7514FDC21 replies to ELECTION vote request: c0824e8e-e4e4-4301-9438-3093f7f79ba0<-eaea20cf-c5ca-4d45-84fe-4a8214ec7204#0:OK-t1. Peer's state: eaea20cf-c5ca-4d45-84fe-4a8214ec7204@group-E3C7514FDC21:t1, leader=null, voted=c0824e8e-e4e4-4301-9438-3093f7f79ba0, raftlog=Memoized:eaea20cf-c5ca-4d45-84fe-4a8214ec7204@group-E3C7514FDC21-SegmentedRaftLog:OPENED:c-1, conf=-1: peers:[fe0c64ad-372f-4816-a9b8-650345a5ed87|rpc:10.1.0.20:40609|dataStream:10.1.0.20:39835|priority:0|startupRole:FOLLOWER, c0824e8e-e4e4-4301-9438-3093f7f79ba0|rpc:10.1.0.20:46319|dataStream:10.1.0.20:37851|priority:1|startupRole:FOLLOWER, eaea20cf-c5ca-4d45-84fe-4a8214ec7204|rpc:10.1.0.20:42299|dataStream:10.1.0.20:45285|priority:0|startupRole:FOLLOWER]|listeners:[], old=null
2023-05-04 20:14:06,239 [c0824e8e-e4e4-4301-9438-3093f7f79ba0@group-E3C7514FDC21-LeaderElection23] INFO  impl.LeaderElection (LeaderElection.java:logAndReturn(90)) - c0824e8e-e4e4-4301-9438-3093f7f79ba0@group-E3C7514FDC21-LeaderElection23: ELECTION PASSED received 1 response(s) and 0 exception(s):
2023-05-04 20:14:06,239 [c0824e8e-e4e4-4301-9438-3093f7f79ba0@group-E3C7514FDC21-LeaderElection23] INFO  impl.LeaderElection (LeaderElection.java:logAndReturn(94)) -   Response 0: c0824e8e-e4e4-4301-9438-3093f7f79ba0<-eaea20cf-c5ca-4d45-84fe-4a8214ec7204#0:OK-t1
2023-05-04 20:14:06,239 [c0824e8e-e4e4-4301-9438-3093f7f79ba0@group-E3C7514FDC21-LeaderElection23] INFO  impl.LeaderElection (LeaderElection.java:askForVotes(314)) - c0824e8e-e4e4-4301-9438-3093f7f79ba0@group-E3C7514FDC21-LeaderElection23 ELECTION round 0: result PASSED
2023-05-04 20:14:06,239 [c0824e8e-e4e4-4301-9438-3093f7f79ba0@group-E3C7514FDC21-LeaderElection23] INFO  impl.RoleInfo (RoleInfo.java:shutdownLeaderElection(130)) - c0824e8e-e4e4-4301-9438-3093f7f79ba0: shutdown c0824e8e-e4e4-4301-9438-3093f7f79ba0@group-E3C7514FDC21-LeaderElection23
2023-05-04 20:14:06,239 [c0824e8e-e4e4-4301-9438-3093f7f79ba0@group-E3C7514FDC21-LeaderElection23] INFO  server.RaftServer$Division (RaftServerImpl.java:setRole(321)) - c0824e8e-e4e4-4301-9438-3093f7f79ba0@group-E3C7514FDC21: changes role from CANDIDATE to LEADER at term 1 for changeToLeader
2023-05-04 20:14:06,240 [c0824e8e-e4e4-4301-9438-3093f7f79ba0@group-E3C7514FDC21-LeaderElection23] INFO  ratis.XceiverServerRatis (XceiverServerRatis.java:handleLeaderChangedNotification(904)) - Leader change notification received for group: group-E3C7514FDC21 with new leaderId: c0824e8e-e4e4-4301-9438-3093f7f79ba0
2023-05-04 20:14:06,240 [c0824e8e-e4e4-4301-9438-3093f7f79ba0@group-E3C7514FDC21-LeaderElection23] INFO  server.RaftServer$Division (ServerState.java:setLeader(313)) - c0824e8e-e4e4-4301-9438-3093f7f79ba0@group-E3C7514FDC21: change Leader from null to c0824e8e-e4e4-4301-9438-3093f7f79ba0 at term 1 for becomeLeader, leader elected after 5131ms
2023-05-04 20:14:06,240 [c0824e8e-e4e4-4301-9438-3093f7f79ba0@group-E3C7514FDC21-LeaderElection23] INFO  server.RaftServerConfigKeys (ConfUtils.java:logGet(46)) - raft.server.staging.catchup.gap = 1000 (default)
2023-05-04 20:14:06,240 [c0824e8e-e4e4-4301-9438-3093f7f79ba0@group-E3C7514FDC21-LeaderElection23] INFO  server.RaftServerConfigKeys (ConfUtils.java:logGet(46)) - raft.server.write.element-limit = 1024 (custom)
2023-05-04 20:14:06,240 [c0824e8e-e4e4-4301-9438-3093f7f79ba0@group-E3C7514FDC21-LeaderElection23] INFO  server.RaftServerConfigKeys (ConfUtils.java:logGet(46)) - raft.server.write.byte-limit = 1024 M (=1073741824) (custom)
2023-05-04 20:14:06,240 [c0824e8e-e4e4-4301-9438-3093f7f79ba0@group-E3C7514FDC21-LeaderElection23] INFO  server.RaftServerConfigKeys (ConfUtils.java:logGet(46)) - raft.server.watch.timeout = 180s (custom)
2023-05-04 20:14:06,240 [c0824e8e-e4e4-4301-9438-3093f7f79ba0@group-E3C7514FDC21-LeaderElection23] INFO  server.RaftServerConfigKeys (ConfUtils.java:logGet(46)) - raft.server.watch.timeout.denomination = 1s (default)
2023-05-04 20:14:06,240 [c0824e8e-e4e4-4301-9438-3093f7f79ba0@group-E3C7514FDC21-LeaderElection23] INFO  server.RaftServerConfigKeys (ConfUtils.java:logGet(46)) - raft.server.watch.element-limit = 65536 (default)
2023-05-04 20:14:06,240 [c0824e8e-e4e4-4301-9438-3093f7f79ba0@group-E3C7514FDC21-LeaderElection23] INFO  server.RaftServerConfigKeys (ConfUtils.java:logGet(46)) - raft.server.write.element-limit = 1024 (custom)
2023-05-04 20:14:06,240 [c0824e8e-e4e4-4301-9438-3093f7f79ba0@group-E3C7514FDC21-LeaderElection23] INFO  server.RaftServerConfigKeys (ConfUtils.java:logGet(46)) - raft.server.write.follower.gap.ratio.max = -1.0 (default)
2023-05-04 20:14:06,241 [c0824e8e-e4e4-4301-9438-3093f7f79ba0@group-E3C7514FDC21-LeaderElection23] INFO  server.RaftServerConfigKeys (ConfUtils.java:logGet(46)) - raft.server.log.appender.snapshot.chunk.size.max = 16MB (=16777216) (default)
2023-05-04 20:14:06,241 [c0824e8e-e4e4-4301-9438-3093f7f79ba0@group-E3C7514FDC21-LeaderElection23] INFO  server.RaftServerConfigKeys (ConfUtils.java:logGet(46)) - raft.server.log.appender.buffer.byte-limit = 33554432 (custom)
2023-05-04 20:14:06,241 [c0824e8e-e4e4-4301-9438-3093f7f79ba0@group-E3C7514FDC21-LeaderElection23] INFO  server.RaftServerConfigKeys (ConfUtils.java:logGet(46)) - raft.server.log.appender.buffer.element-limit = 1 (custom)
2023-05-04 20:14:06,241 [c0824e8e-e4e4-4301-9438-3093f7f79ba0@group-E3C7514FDC21-LeaderElection23] INFO  grpc.GrpcConfigKeys (ConfUtils.java:logGet(46)) - raft.grpc.server.leader.outstanding.appends.max = 128 (default)
2023-05-04 20:14:06,241 [c0824e8e-e4e4-4301-9438-3093f7f79ba0@group-E3C7514FDC21-LeaderElection23] INFO  server.RaftServerConfigKeys (ConfUtils.java:logGet(46)) - raft.server.rpc.request.timeout = 60s (custom)
2023-05-04 20:14:06,241 [c0824e8e-e4e4-4301-9438-3093f7f79ba0@group-E3C7514FDC21-LeaderElection23] INFO  server.RaftServerConfigKeys (ConfUtils.java:logGet(46)) - raft.server.log.appender.install.snapshot.enabled = false (custom)
2023-05-04 20:14:06,242 [c0824e8e-e4e4-4301-9438-3093f7f79ba0@group-E3C7514FDC21-LeaderElection23] INFO  grpc.GrpcConfigKeys (ConfUtils.java:logGet(46)) - raft.grpc.server.heartbeat.channel = true (default)
2023-05-04 20:14:06,242 [c0824e8e-e4e4-4301-9438-3093f7f79ba0@group-E3C7514FDC21-LeaderElection23] INFO  server.RaftServerConfigKeys (ConfUtils.java:logGet(46)) - raft.server.log.appender.wait-time.min = 10ms (default)
2023-05-04 20:14:06,242 [c0824e8e-e4e4-4301-9438-3093f7f79ba0@group-E3C7514FDC21-LeaderElection23] INFO  server.RaftServerConfigKeys (ConfUtils.java:logGet(46)) - raft.server.log.appender.snapshot.chunk.size.max = 16MB (=16777216) (default)
2023-05-04 20:14:06,243 [c0824e8e-e4e4-4301-9438-3093f7f79ba0@group-E3C7514FDC21-LeaderElection23] INFO  server.RaftServerConfigKeys (ConfUtils.java:logGet(46)) - raft.server.log.appender.buffer.byte-limit = 33554432 (custom)
2023-05-04 20:14:06,243 [c0824e8e-e4e4-4301-9438-3093f7f79ba0@group-E3C7514FDC21-LeaderElection23] INFO  server.RaftServerConfigKeys (ConfUtils.java:logGet(46)) - raft.server.log.appender.buffer.element-limit = 1 (custom)
2023-05-04 20:14:06,243 [c0824e8e-e4e4-4301-9438-3093f7f79ba0@group-E3C7514FDC21-LeaderElection23] INFO  grpc.GrpcConfigKeys (ConfUtils.java:logGet(46)) - raft.grpc.server.leader.outstanding.appends.max = 128 (default)
2023-05-04 20:14:06,243 [EventQueue-PipelineReportForPipelineReportHandler] INFO  pipeline.PipelineManagerImpl (PipelineManagerImpl.java:openPipeline(367)) - Pipeline Pipeline[ Id: b86e585e-71f5-4c08-9f86-e3c7514fdc21, Nodes: c0824e8e-e4e4-4301-9438-3093f7f79ba0(fv-az804-457.cvtsq3ctpw5ehehiek0yp1ke0c.cx.internal.cloudapp.net/10.1.0.20)eaea20cf-c5ca-4d45-84fe-4a8214ec7204(fv-az804-457.cvtsq3ctpw5ehehiek0yp1ke0c.cx.internal.cloudapp.net/10.1.0.20)fe0c64ad-372f-4816-a9b8-650345a5ed87(fv-az804-457.cvtsq3ctpw5ehehiek0yp1ke0c.cx.internal.cloudapp.net/10.1.0.20), ReplicationConfig: RATIS/THREE, State:ALLOCATED, leaderId:c0824e8e-e4e4-4301-9438-3093f7f79ba0, CreationTimestamp2023-05-04T20:13:58.297Z[Etc/UTC]] moved to OPEN state
2023-05-04 20:14:06,243 [c0824e8e-e4e4-4301-9438-3093f7f79ba0@group-E3C7514FDC21-LeaderElection23] INFO  server.RaftServerConfigKeys (ConfUtils.java:logGet(46)) - raft.server.rpc.request.timeout = 60s (custom)
2023-05-04 20:14:06,243 [c0824e8e-e4e4-4301-9438-3093f7f79ba0@group-E3C7514FDC21-LeaderElection23] INFO  server.RaftServerConfigKeys (ConfUtils.java:logGet(46)) - raft.server.log.appender.install.snapshot.enabled = false (custom)
2023-05-04 20:14:06,243 [c0824e8e-e4e4-4301-9438-3093f7f79ba0@group-E3C7514FDC21-LeaderElection23] INFO  grpc.GrpcConfigKeys (ConfUtils.java:logGet(46)) - raft.grpc.server.heartbeat.channel = true (default)
2023-05-04 20:14:06,243 [c0824e8e-e4e4-4301-9438-3093f7f79ba0@group-E3C7514FDC21-LeaderElection23] INFO  server.RaftServerConfigKeys (ConfUtils.java:logGet(46)) - raft.server.log.appender.wait-time.min = 10ms (default)
2023-05-04 20:14:06,244 [c0824e8e-e4e4-4301-9438-3093f7f79ba0@group-E3C7514FDC21-LeaderElection23] INFO  impl.RoleInfo (RoleInfo.java:updateAndGet(139)) - c0824e8e-e4e4-4301-9438-3093f7f79ba0: start c0824e8e-e4e4-4301-9438-3093f7f79ba0@group-E3C7514FDC21-LeaderStateImpl
2023-05-04 20:14:06,244 [c0824e8e-e4e4-4301-9438-3093f7f79ba0@group-E3C7514FDC21-LeaderElection23] INFO  segmented.SegmentedRaftLogWorker (SegmentedRaftLogWorker.java:startLogSegment(452)) - c0824e8e-e4e4-4301-9438-3093f7f79ba0@group-E3C7514FDC21-SegmentedRaftLogWorker: Starting segment from index:0
2023-05-04 20:14:06,246 [c0824e8e-e4e4-4301-9438-3093f7f79ba0@group-E3C7514FDC21-SegmentedRaftLogWorker] INFO  segmented.SegmentedRaftLogWorker (SegmentedRaftLogWorker.java:execute(656)) - c0824e8e-e4e4-4301-9438-3093f7f79ba0@group-E3C7514FDC21-SegmentedRaftLogWorker: created new log segment /home/runner/work/ozone/ozone/hadoop-ozone/integration-test/target/test-dir/MiniOzoneClusterImpl-3ff5bc89-9620-4d46-84f6-68e3c2a3a822/datanode-7/data/ratis/b86e585e-71f5-4c08-9f86-e3c7514fdc21/current/log_inprogress_0
2023-05-04 20:14:06,247 [eaea20cf-c5ca-4d45-84fe-4a8214ec7204-server-thread1] INFO  ratis.XceiverServerRatis (XceiverServerRatis.java:handleLeaderChangedNotification(904)) - Leader change notification received for group: group-64A78F4C2588 with new leaderId: fe0c64ad-372f-4816-a9b8-650345a5ed87
2023-05-04 20:14:06,247 [eaea20cf-c5ca-4d45-84fe-4a8214ec7204-server-thread1] INFO  server.RaftServer$Division (ServerState.java:setLeader(313)) - eaea20cf-c5ca-4d45-84fe-4a8214ec7204@group-64A78F4C2588: change Leader from null to fe0c64ad-372f-4816-a9b8-650345a5ed87 at term 1 for appendEntries, leader elected after 5335ms
2023-05-04 20:14:06,249 [eaea20cf-c5ca-4d45-84fe-4a8214ec7204-server-thread2] INFO  server.RaftServer$Division (ServerState.java:setRaftConf(430)) - eaea20cf-c5ca-4d45-84fe-4a8214ec7204@group-64A78F4C2588: set configuration 0: peers:[fe0c64ad-372f-4816-a9b8-650345a5ed87|rpc:10.1.0.20:40609|dataStream:10.1.0.20:39835|priority:1|startupRole:FOLLOWER, c0824e8e-e4e4-4301-9438-3093f7f79ba0|rpc:10.1.0.20:46319|dataStream:10.1.0.20:37851|priority:0|startupRole:FOLLOWER, eaea20cf-c5ca-4d45-84fe-4a8214ec7204|rpc:10.1.0.20:42299|dataStream:10.1.0.20:45285|priority:0|startupRole:FOLLOWER]|listeners:[], old=null
2023-05-04 20:14:06,249 [eaea20cf-c5ca-4d45-84fe-4a8214ec7204-server-thread2] INFO  segmented.SegmentedRaftLogWorker (SegmentedRaftLogWorker.java:startLogSegment(452)) - eaea20cf-c5ca-4d45-84fe-4a8214ec7204@group-64A78F4C2588-SegmentedRaftLogWorker: Starting segment from index:0
2023-05-04 20:14:06,251 [c0824e8e-e4e4-4301-9438-3093f7f79ba0@group-E3C7514FDC21-LeaderElection23] INFO  server.RaftServer$Division (ServerState.java:setRaftConf(430)) - c0824e8e-e4e4-4301-9438-3093f7f79ba0@group-E3C7514FDC21: set configuration 0: peers:[fe0c64ad-372f-4816-a9b8-650345a5ed87|rpc:10.1.0.20:40609|dataStream:10.1.0.20:39835|priority:0|startupRole:FOLLOWER, c0824e8e-e4e4-4301-9438-3093f7f79ba0|rpc:10.1.0.20:46319|dataStream:10.1.0.20:37851|priority:1|startupRole:FOLLOWER, eaea20cf-c5ca-4d45-84fe-4a8214ec7204|rpc:10.1.0.20:42299|dataStream:10.1.0.20:45285|priority:0|startupRole:FOLLOWER]|listeners:[], old=null
2023-05-04 20:14:06,252 [eaea20cf-c5ca-4d45-84fe-4a8214ec7204@group-64A78F4C2588-SegmentedRaftLogWorker] INFO  segmented.SegmentedRaftLogWorker (SegmentedRaftLogWorker.java:execute(656)) - eaea20cf-c5ca-4d45-84fe-4a8214ec7204@group-64A78F4C2588-SegmentedRaftLogWorker: created new log segment /home/runner/work/ozone/ozone/hadoop-ozone/integration-test/target/test-dir/MiniOzoneClusterImpl-3ff5bc89-9620-4d46-84f6-68e3c2a3a822/datanode-6/data/ratis/af91bc37-3f3f-45d7-a7b2-64a78f4c2588/current/log_inprogress_0
2023-05-04 20:14:06,268 [c0824e8e-e4e4-4301-9438-3093f7f79ba0-server-thread1] INFO  ratis.XceiverServerRatis (XceiverServerRatis.java:handleLeaderChangedNotification(904)) - Leader change notification received for group: group-64A78F4C2588 with new leaderId: fe0c64ad-372f-4816-a9b8-650345a5ed87
2023-05-04 20:14:06,268 [c0824e8e-e4e4-4301-9438-3093f7f79ba0-server-thread1] INFO  server.RaftServer$Division (ServerState.java:setLeader(313)) - c0824e8e-e4e4-4301-9438-3093f7f79ba0@group-64A78F4C2588: change Leader from null to fe0c64ad-372f-4816-a9b8-650345a5ed87 at term 1 for appendEntries, leader elected after 5282ms
2023-05-04 20:14:06,268 [c0824e8e-e4e4-4301-9438-3093f7f79ba0-server-thread1] INFO  server.RaftServer$Division (ServerState.java:setRaftConf(430)) - c0824e8e-e4e4-4301-9438-3093f7f79ba0@group-64A78F4C2588: set configuration 0: peers:[fe0c64ad-372f-4816-a9b8-650345a5ed87|rpc:10.1.0.20:40609|dataStream:10.1.0.20:39835|priority:1|startupRole:FOLLOWER, c0824e8e-e4e4-4301-9438-3093f7f79ba0|rpc:10.1.0.20:46319|dataStream:10.1.0.20:37851|priority:0|startupRole:FOLLOWER, eaea20cf-c5ca-4d45-84fe-4a8214ec7204|rpc:10.1.0.20:42299|dataStream:10.1.0.20:45285|priority:0|startupRole:FOLLOWER]|listeners:[], old=null
2023-05-04 20:14:06,268 [c0824e8e-e4e4-4301-9438-3093f7f79ba0-server-thread1] INFO  segmented.SegmentedRaftLogWorker (SegmentedRaftLogWorker.java:startLogSegment(452)) - c0824e8e-e4e4-4301-9438-3093f7f79ba0@group-64A78F4C2588-SegmentedRaftLogWorker: Starting segment from index:0
2023-05-04 20:14:06,271 [c0824e8e-e4e4-4301-9438-3093f7f79ba0@group-64A78F4C2588-SegmentedRaftLogWorker] INFO  segmented.SegmentedRaftLogWorker (SegmentedRaftLogWorker.java:execute(656)) - c0824e8e-e4e4-4301-9438-3093f7f79ba0@group-64A78F4C2588-SegmentedRaftLogWorker: created new log segment /home/runner/work/ozone/ozone/hadoop-ozone/integration-test/target/test-dir/MiniOzoneClusterImpl-3ff5bc89-9620-4d46-84f6-68e3c2a3a822/datanode-7/data/ratis/af91bc37-3f3f-45d7-a7b2-64a78f4c2588/current/log_inprogress_0
2023-05-04 20:14:06,279 [fe0c64ad-372f-4816-a9b8-650345a5ed87-server-thread2] INFO  ratis.XceiverServerRatis (XceiverServerRatis.java:handleLeaderChangedNotification(904)) - Leader change notification received for group: group-E3C7514FDC21 with new leaderId: c0824e8e-e4e4-4301-9438-3093f7f79ba0
2023-05-04 20:14:06,279 [fe0c64ad-372f-4816-a9b8-650345a5ed87-server-thread2] INFO  server.RaftServer$Division (ServerState.java:setLeader(313)) - fe0c64ad-372f-4816-a9b8-650345a5ed87@group-E3C7514FDC21: change Leader from null to c0824e8e-e4e4-4301-9438-3093f7f79ba0 at term 1 for appendEntries, leader elected after 5098ms
2023-05-04 20:14:06,280 [eaea20cf-c5ca-4d45-84fe-4a8214ec7204-server-thread1] INFO  ratis.XceiverServerRatis (XceiverServerRatis.java:handleLeaderChangedNotification(904)) - Leader change notification received for group: group-E3C7514FDC21 with new leaderId: c0824e8e-e4e4-4301-9438-3093f7f79ba0
2023-05-04 20:14:06,280 [eaea20cf-c5ca-4d45-84fe-4a8214ec7204-server-thread1] INFO  server.RaftServer$Division (ServerState.java:setLeader(313)) - eaea20cf-c5ca-4d45-84fe-4a8214ec7204@group-E3C7514FDC21: change Leader from null to c0824e8e-e4e4-4301-9438-3093f7f79ba0 at term 1 for appendEntries, leader elected after 5225ms
2023-05-04 20:14:06,282 [fe0c64ad-372f-4816-a9b8-650345a5ed87-server-thread1] INFO  server.RaftServer$Division (ServerState.java:setRaftConf(430)) - fe0c64ad-372f-4816-a9b8-650345a5ed87@group-E3C7514FDC21: set configuration 0: peers:[fe0c64ad-372f-4816-a9b8-650345a5ed87|rpc:10.1.0.20:40609|dataStream:10.1.0.20:39835|priority:0|startupRole:FOLLOWER, c0824e8e-e4e4-4301-9438-3093f7f79ba0|rpc:10.1.0.20:46319|dataStream:10.1.0.20:37851|priority:1|startupRole:FOLLOWER, eaea20cf-c5ca-4d45-84fe-4a8214ec7204|rpc:10.1.0.20:42299|dataStream:10.1.0.20:45285|priority:0|startupRole:FOLLOWER]|listeners:[], old=null
2023-05-04 20:14:06,283 [fe0c64ad-372f-4816-a9b8-650345a5ed87-server-thread1] INFO  segmented.SegmentedRaftLogWorker (SegmentedRaftLogWorker.java:startLogSegment(452)) - fe0c64ad-372f-4816-a9b8-650345a5ed87@group-E3C7514FDC21-SegmentedRaftLogWorker: Starting segment from index:0
2023-05-04 20:14:06,288 [eaea20cf-c5ca-4d45-84fe-4a8214ec7204-server-thread3] INFO  server.RaftServer$Division (ServerState.java:setRaftConf(430)) - eaea20cf-c5ca-4d45-84fe-4a8214ec7204@group-E3C7514FDC21: set configuration 0: peers:[fe0c64ad-372f-4816-a9b8-650345a5ed87|rpc:10.1.0.20:40609|dataStream:10.1.0.20:39835|priority:0|startupRole:FOLLOWER, c0824e8e-e4e4-4301-9438-3093f7f79ba0|rpc:10.1.0.20:46319|dataStream:10.1.0.20:37851|priority:1|startupRole:FOLLOWER, eaea20cf-c5ca-4d45-84fe-4a8214ec7204|rpc:10.1.0.20:42299|dataStream:10.1.0.20:45285|priority:0|startupRole:FOLLOWER]|listeners:[], old=null
2023-05-04 20:14:06,289 [eaea20cf-c5ca-4d45-84fe-4a8214ec7204-server-thread3] INFO  segmented.SegmentedRaftLogWorker (SegmentedRaftLogWorker.java:startLogSegment(452)) - eaea20cf-c5ca-4d45-84fe-4a8214ec7204@group-E3C7514FDC21-SegmentedRaftLogWorker: Starting segment from index:0
2023-05-04 20:14:06,289 [fe0c64ad-372f-4816-a9b8-650345a5ed87@group-E3C7514FDC21-SegmentedRaftLogWorker] INFO  segmented.SegmentedRaftLogWorker (SegmentedRaftLogWorker.java:execute(656)) - fe0c64ad-372f-4816-a9b8-650345a5ed87@group-E3C7514FDC21-SegmentedRaftLogWorker: created new log segment /home/runner/work/ozone/ozone/hadoop-ozone/integration-test/target/test-dir/MiniOzoneClusterImpl-3ff5bc89-9620-4d46-84f6-68e3c2a3a822/datanode-8/data/ratis/b86e585e-71f5-4c08-9f86-e3c7514fdc21/current/log_inprogress_0
2023-05-04 20:14:06,290 [eaea20cf-c5ca-4d45-84fe-4a8214ec7204@group-E3C7514FDC21-SegmentedRaftLogWorker] INFO  segmented.SegmentedRaftLogWorker (SegmentedRaftLogWorker.java:execute(656)) - eaea20cf-c5ca-4d45-84fe-4a8214ec7204@group-E3C7514FDC21-SegmentedRaftLogWorker: created new log segment /home/runner/work/ozone/ozone/hadoop-ozone/integration-test/target/test-dir/MiniOzoneClusterImpl-3ff5bc89-9620-4d46-84f6-68e3c2a3a822/datanode-6/data/ratis/b86e585e-71f5-4c08-9f86-e3c7514fdc21/current/log_inprogress_0
2023-05-04 20:14:06,449 [fe0c64ad-372f-4816-a9b8-650345a5ed87@group-A55471C5CFE6-FollowerState] INFO  impl.FollowerState (FollowerState.java:run(143)) - fe0c64ad-372f-4816-a9b8-650345a5ed87@group-A55471C5CFE6-FollowerState: change to CANDIDATE, lastRpcElapsedTime:5137126248ns, electionTimeout:5122ms
2023-05-04 20:14:06,449 [fe0c64ad-372f-4816-a9b8-650345a5ed87@group-A55471C5CFE6-FollowerState] INFO  impl.RoleInfo (RoleInfo.java:shutdownFollowerState(110)) - fe0c64ad-372f-4816-a9b8-650345a5ed87: shutdown fe0c64ad-372f-4816-a9b8-650345a5ed87@group-A55471C5CFE6-FollowerState
2023-05-04 20:14:06,449 [fe0c64ad-372f-4816-a9b8-650345a5ed87@group-A55471C5CFE6-FollowerState] INFO  server.RaftServer$Division (RaftServerImpl.java:setRole(321)) - fe0c64ad-372f-4816-a9b8-650345a5ed87@group-A55471C5CFE6: changes role from  FOLLOWER to CANDIDATE at term 0 for changeToCandidate
2023-05-04 20:14:06,449 [fe0c64ad-372f-4816-a9b8-650345a5ed87@group-A55471C5CFE6-FollowerState] INFO  server.RaftServerConfigKeys (ConfUtils.java:logGet(46)) - raft.server.leaderelection.pre-vote = true (default)
2023-05-04 20:14:06,449 [fe0c64ad-372f-4816-a9b8-650345a5ed87@group-A55471C5CFE6-FollowerState] INFO  impl.RoleInfo (RoleInfo.java:updateAndGet(139)) - fe0c64ad-372f-4816-a9b8-650345a5ed87: start fe0c64ad-372f-4816-a9b8-650345a5ed87@group-A55471C5CFE6-LeaderElection24
2023-05-04 20:14:06,465 [fe0c64ad-372f-4816-a9b8-650345a5ed87@group-A55471C5CFE6-LeaderElection24] INFO  impl.LeaderElection (LeaderElection.java:askForVotes(312)) - fe0c64ad-372f-4816-a9b8-650345a5ed87@group-A55471C5CFE6-LeaderElection24 PRE_VOTE round 0: submit vote requests at term 0 for -1: peers:[fe0c64ad-372f-4816-a9b8-650345a5ed87|rpc:10.1.0.20:40609|dataStream:10.1.0.20:39835|priority:1|startupRole:FOLLOWER]|listeners:[], old=null
2023-05-04 20:14:06,469 [fe0c64ad-372f-4816-a9b8-650345a5ed87@group-A55471C5CFE6-LeaderElection24] INFO  impl.LeaderElection (LeaderElection.java:askForVotes(314)) - fe0c64ad-372f-4816-a9b8-650345a5ed87@group-A55471C5CFE6-LeaderElection24 PRE_VOTE round 0: result PASSED (term=0)
2023-05-04 20:14:06,472 [fe0c64ad-372f-4816-a9b8-650345a5ed87@group-A55471C5CFE6-LeaderElection24] INFO  impl.LeaderElection (LeaderElection.java:askForVotes(312)) - fe0c64ad-372f-4816-a9b8-650345a5ed87@group-A55471C5CFE6-LeaderElection24 ELECTION round 0: submit vote requests at term 1 for -1: peers:[fe0c64ad-372f-4816-a9b8-650345a5ed87|rpc:10.1.0.20:40609|dataStream:10.1.0.20:39835|priority:1|startupRole:FOLLOWER]|listeners:[], old=null
2023-05-04 20:14:06,472 [fe0c64ad-372f-4816-a9b8-650345a5ed87@group-A55471C5CFE6-LeaderElection24] INFO  impl.LeaderElection (LeaderElection.java:askForVotes(314)) - fe0c64ad-372f-4816-a9b8-650345a5ed87@group-A55471C5CFE6-LeaderElection24 ELECTION round 0: result PASSED (term=1)
2023-05-04 20:14:06,472 [fe0c64ad-372f-4816-a9b8-650345a5ed87@group-A55471C5CFE6-LeaderElection24] INFO  impl.RoleInfo (RoleInfo.java:shutdownLeaderElection(130)) - fe0c64ad-372f-4816-a9b8-650345a5ed87: shutdown fe0c64ad-372f-4816-a9b8-650345a5ed87@group-A55471C5CFE6-LeaderElection24
2023-05-04 20:14:06,472 [fe0c64ad-372f-4816-a9b8-650345a5ed87@group-A55471C5CFE6-LeaderElection24] INFO  server.RaftServer$Division (RaftServerImpl.java:setRole(321)) - fe0c64ad-372f-4816-a9b8-650345a5ed87@group-A55471C5CFE6: changes role from CANDIDATE to LEADER at term 1 for changeToLeader
2023-05-04 20:14:06,472 [fe0c64ad-372f-4816-a9b8-650345a5ed87@group-A55471C5CFE6-LeaderElection24] INFO  ratis.XceiverServerRatis (XceiverServerRatis.java:handleLeaderChangedNotification(904)) - Leader change notification received for group: group-A55471C5CFE6 with new leaderId: fe0c64ad-372f-4816-a9b8-650345a5ed87
2023-05-04 20:14:06,475 [fe0c64ad-372f-4816-a9b8-650345a5ed87@group-A55471C5CFE6-LeaderElection24] INFO  server.RaftServer$Division (ServerState.java:setLeader(313)) - fe0c64ad-372f-4816-a9b8-650345a5ed87@group-A55471C5CFE6: change Leader from null to fe0c64ad-372f-4816-a9b8-650345a5ed87 at term 1 for becomeLeader, leader elected after 5180ms
2023-05-04 20:14:06,475 [fe0c64ad-372f-4816-a9b8-650345a5ed87@group-A55471C5CFE6-LeaderElection24] INFO  server.RaftServerConfigKeys (ConfUtils.java:logGet(46)) - raft.server.staging.catchup.gap = 1000 (default)
2023-05-04 20:14:06,475 [fe0c64ad-372f-4816-a9b8-650345a5ed87@group-A55471C5CFE6-LeaderElection24] INFO  server.RaftServerConfigKeys (ConfUtils.java:logGet(46)) - raft.server.write.element-limit = 1024 (custom)
2023-05-04 20:14:06,475 [fe0c64ad-372f-4816-a9b8-650345a5ed87@group-A55471C5CFE6-LeaderElection24] INFO  server.RaftServerConfigKeys (ConfUtils.java:logGet(46)) - raft.server.write.byte-limit = 1024 M (=1073741824) (custom)
2023-05-04 20:14:06,476 [fe0c64ad-372f-4816-a9b8-650345a5ed87@group-A55471C5CFE6-LeaderElection24] INFO  server.RaftServerConfigKeys (ConfUtils.java:logGet(46)) - raft.server.watch.timeout = 180s (custom)
2023-05-04 20:14:06,476 [fe0c64ad-372f-4816-a9b8-650345a5ed87@group-A55471C5CFE6-LeaderElection24] INFO  server.RaftServerConfigKeys (ConfUtils.java:logGet(46)) - raft.server.watch.timeout.denomination = 1s (default)
2023-05-04 20:14:06,476 [fe0c64ad-372f-4816-a9b8-650345a5ed87@group-A55471C5CFE6-LeaderElection24] INFO  server.RaftServerConfigKeys (ConfUtils.java:logGet(46)) - raft.server.watch.element-limit = 65536 (default)
2023-05-04 20:14:06,476 [fe0c64ad-372f-4816-a9b8-650345a5ed87@group-A55471C5CFE6-LeaderElection24] INFO  server.RaftServerConfigKeys (ConfUtils.java:logGet(46)) - raft.server.write.element-limit = 1024 (custom)
2023-05-04 20:14:06,476 [fe0c64ad-372f-4816-a9b8-650345a5ed87@group-A55471C5CFE6-LeaderElection24] INFO  server.RaftServerConfigKeys (ConfUtils.java:logGet(46)) - raft.server.write.follower.gap.ratio.max = -1.0 (default)
2023-05-04 20:14:06,476 [fe0c64ad-372f-4816-a9b8-650345a5ed87@group-A55471C5CFE6-LeaderElection24] INFO  impl.RoleInfo (RoleInfo.java:updateAndGet(139)) - fe0c64ad-372f-4816-a9b8-650345a5ed87: start fe0c64ad-372f-4816-a9b8-650345a5ed87@group-A55471C5CFE6-LeaderStateImpl
2023-05-04 20:14:06,477 [fe0c64ad-372f-4816-a9b8-650345a5ed87@group-A55471C5CFE6-LeaderElection24] INFO  segmented.SegmentedRaftLogWorker (SegmentedRaftLogWorker.java:startLogSegment(452)) - fe0c64ad-372f-4816-a9b8-650345a5ed87@group-A55471C5CFE6-SegmentedRaftLogWorker: Starting segment from index:0
2023-05-04 20:14:06,480 [fe0c64ad-372f-4816-a9b8-650345a5ed87@group-A55471C5CFE6-SegmentedRaftLogWorker] INFO  segmented.SegmentedRaftLogWorker (SegmentedRaftLogWorker.java:execute(656)) - fe0c64ad-372f-4816-a9b8-650345a5ed87@group-A55471C5CFE6-SegmentedRaftLogWorker: created new log segment /home/runner/work/ozone/ozone/hadoop-ozone/integration-test/target/test-dir/MiniOzoneClusterImpl-3ff5bc89-9620-4d46-84f6-68e3c2a3a822/datanode-8/data/ratis/ff4bd993-17d7-4353-bfae-a55471c5cfe6/current/log_inprogress_0
2023-05-04 20:14:06,484 [fe0c64ad-372f-4816-a9b8-650345a5ed87@group-A55471C5CFE6-LeaderElection24] INFO  server.RaftServer$Division (ServerState.java:setRaftConf(430)) - fe0c64ad-372f-4816-a9b8-650345a5ed87@group-A55471C5CFE6: set configuration 0: peers:[fe0c64ad-372f-4816-a9b8-650345a5ed87|rpc:10.1.0.20:40609|dataStream:10.1.0.20:39835|priority:1|startupRole:FOLLOWER]|listeners:[], old=null
2023-05-04 20:14:07,098 [b4df0636-e8ba-4aa2-9ff9-49534f1768bf@group-D748948E6287-FollowerState] INFO  impl.FollowerState (FollowerState.java:run(143)) - b4df0636-e8ba-4aa2-9ff9-49534f1768bf@group-D748948E6287-FollowerState: change to CANDIDATE, lastRpcElapsedTime:5112107639ns, electionTimeout:5012ms
2023-05-04 20:14:07,099 [b4df0636-e8ba-4aa2-9ff9-49534f1768bf@group-D748948E6287-FollowerState] INFO  impl.RoleInfo (RoleInfo.java:shutdownFollowerState(110)) - b4df0636-e8ba-4aa2-9ff9-49534f1768bf: shutdown b4df0636-e8ba-4aa2-9ff9-49534f1768bf@group-D748948E6287-FollowerState
2023-05-04 20:14:07,099 [b4df0636-e8ba-4aa2-9ff9-49534f1768bf@group-D748948E6287-FollowerState] INFO  server.RaftServer$Division (RaftServerImpl.java:setRole(321)) - b4df0636-e8ba-4aa2-9ff9-49534f1768bf@group-D748948E6287: changes role from  FOLLOWER to CANDIDATE at term 0 for changeToCandidate
2023-05-04 20:14:07,099 [b4df0636-e8ba-4aa2-9ff9-49534f1768bf@group-D748948E6287-FollowerState] INFO  server.RaftServerConfigKeys (ConfUtils.java:logGet(46)) - raft.server.leaderelection.pre-vote = true (default)
2023-05-04 20:14:07,099 [b4df0636-e8ba-4aa2-9ff9-49534f1768bf@group-D748948E6287-FollowerState] INFO  impl.RoleInfo (RoleInfo.java:updateAndGet(139)) - b4df0636-e8ba-4aa2-9ff9-49534f1768bf: start b4df0636-e8ba-4aa2-9ff9-49534f1768bf@group-D748948E6287-LeaderElection25
2023-05-04 20:14:07,099 [7e411c01-6998-40d0-b507-5d7903264b15@group-D748948E6287-FollowerState] INFO  impl.FollowerState (FollowerState.java:run(143)) - 7e411c01-6998-40d0-b507-5d7903264b15@group-D748948E6287-FollowerState: change to CANDIDATE, lastRpcElapsedTime:5161156241ns, electionTimeout:5028ms
2023-05-04 20:14:07,098 [7e411c01-6998-40d0-b507-5d7903264b15@group-5B39CDE3CC84-FollowerState] INFO  impl.FollowerState (FollowerState.java:run(143)) - 7e411c01-6998-40d0-b507-5d7903264b15@group-5B39CDE3CC84-FollowerState: change to CANDIDATE, lastRpcElapsedTime:5181133927ns, electionTimeout:5083ms
2023-05-04 20:14:07,103 [7e411c01-6998-40d0-b507-5d7903264b15@group-D748948E6287-FollowerState] INFO  impl.RoleInfo (RoleInfo.java:shutdownFollowerState(110)) - 7e411c01-6998-40d0-b507-5d7903264b15: shutdown 7e411c01-6998-40d0-b507-5d7903264b15@group-D748948E6287-FollowerState
2023-05-04 20:14:07,104 [7e411c01-6998-40d0-b507-5d7903264b15@group-D748948E6287-FollowerState] INFO  server.RaftServer$Division (RaftServerImpl.java:setRole(321)) - 7e411c01-6998-40d0-b507-5d7903264b15@group-D748948E6287: changes role from  FOLLOWER to CANDIDATE at term 0 for changeToCandidate
2023-05-04 20:14:07,104 [7e411c01-6998-40d0-b507-5d7903264b15@group-D748948E6287-FollowerState] INFO  server.RaftServerConfigKeys (ConfUtils.java:logGet(46)) - raft.server.leaderelection.pre-vote = true (default)
2023-05-04 20:14:07,104 [7e411c01-6998-40d0-b507-5d7903264b15@group-D748948E6287-FollowerState] INFO  impl.RoleInfo (RoleInfo.java:updateAndGet(139)) - 7e411c01-6998-40d0-b507-5d7903264b15: start 7e411c01-6998-40d0-b507-5d7903264b15@group-D748948E6287-LeaderElection26
2023-05-04 20:14:07,104 [7e411c01-6998-40d0-b507-5d7903264b15@group-5B39CDE3CC84-FollowerState] INFO  impl.RoleInfo (RoleInfo.java:shutdownFollowerState(110)) - 7e411c01-6998-40d0-b507-5d7903264b15: shutdown 7e411c01-6998-40d0-b507-5d7903264b15@group-5B39CDE3CC84-FollowerState
2023-05-04 20:14:07,104 [7e411c01-6998-40d0-b507-5d7903264b15@group-5B39CDE3CC84-FollowerState] INFO  server.RaftServer$Division (RaftServerImpl.java:setRole(321)) - 7e411c01-6998-40d0-b507-5d7903264b15@group-5B39CDE3CC84: changes role from  FOLLOWER to CANDIDATE at term 0 for changeToCandidate
2023-05-04 20:14:07,109 [14e688c6-03f0-4578-94be-4c0bf8f01127@group-D748948E6287-FollowerState] INFO  impl.FollowerState (FollowerState.java:run(143)) - 14e688c6-03f0-4578-94be-4c0bf8f01127@group-D748948E6287-FollowerState: change to CANDIDATE, lastRpcElapsedTime:5060691106ns, electionTimeout:5060ms
2023-05-04 20:14:07,109 [14e688c6-03f0-4578-94be-4c0bf8f01127@group-D748948E6287-FollowerState] INFO  impl.RoleInfo (RoleInfo.java:shutdownFollowerState(110)) - 14e688c6-03f0-4578-94be-4c0bf8f01127: shutdown 14e688c6-03f0-4578-94be-4c0bf8f01127@group-D748948E6287-FollowerState
2023-05-04 20:14:07,109 [14e688c6-03f0-4578-94be-4c0bf8f01127@group-D748948E6287-FollowerState] INFO  server.RaftServer$Division (RaftServerImpl.java:setRole(321)) - 14e688c6-03f0-4578-94be-4c0bf8f01127@group-D748948E6287: changes role from  FOLLOWER to CANDIDATE at term 0 for changeToCandidate
2023-05-04 20:14:07,109 [14e688c6-03f0-4578-94be-4c0bf8f01127@group-D748948E6287-FollowerState] INFO  server.RaftServerConfigKeys (ConfUtils.java:logGet(46)) - raft.server.leaderelection.pre-vote = true (default)
2023-05-04 20:14:07,109 [14e688c6-03f0-4578-94be-4c0bf8f01127@group-D748948E6287-FollowerState] INFO  impl.RoleInfo (RoleInfo.java:updateAndGet(139)) - 14e688c6-03f0-4578-94be-4c0bf8f01127: start 14e688c6-03f0-4578-94be-4c0bf8f01127@group-D748948E6287-LeaderElection28
2023-05-04 20:14:07,115 [JvmPauseMonitor12] WARN  util.JvmPauseMonitor (JvmPauseMonitor.java:detectPause(126)) - JvmPauseMonitor-b4df0636-e8ba-4aa2-9ff9-49534f1768bf: Detected pause in JVM or host machine (eg GC): pause of approximately 560113016ns.
GC pool 'PS MarkSweep' had collection(s): count=1 time=466ms
GC pool 'PS Scavenge' had collection(s): count=1 time=105ms
2023-05-04 20:14:07,115 [JvmPauseMonitor2] WARN  util.JvmPauseMonitor (JvmPauseMonitor.java:detectPause(126)) - JvmPauseMonitor-b957fc71-c761-4d97-9df6-bc970b063b54: Detected pause in JVM or host machine (eg GC): pause of approximately 569336350ns.
GC pool 'PS MarkSweep' had collection(s): count=1 time=466ms
GC pool 'PS Scavenge' had collection(s): count=1 time=105ms
2023-05-04 20:14:07,115 [JvmPauseMonitor9] WARN  util.JvmPauseMonitor (JvmPauseMonitor.java:detectPause(126)) - JvmPauseMonitor-fe0c64ad-372f-4816-a9b8-650345a5ed87: Detected pause in JVM or host machine (eg GC): pause of approximately 575603541ns.
GC pool 'PS MarkSweep' had collection(s): count=1 time=466ms
GC pool 'PS Scavenge' had collection(s): count=1 time=105ms
2023-05-04 20:14:07,115 [JvmPauseMonitor1] WARN  util.JvmPauseMonitor (JvmPauseMonitor.java:detectPause(126)) - JvmPauseMonitor-6a8dabd4-d9aa-4d69-8f5d-1f403dba9ac7: Detected pause in JVM or host machine (eg GC): pause of approximately 575683443ns.
GC pool 'PS MarkSweep' had collection(s): count=1 time=466ms
GC pool 'PS Scavenge' had collection(s): count=1 time=105ms
2023-05-04 20:14:07,115 [JvmPauseMonitor0] WARN  util.JvmPauseMonitor (JvmPauseMonitor.java:detectPause(126)) - JvmPauseMonitor-om1: Detected pause in JVM or host machine (eg GC): pause of approximately 575510640ns.
GC pool 'PS MarkSweep' had collection(s): count=1 time=466ms
GC pool 'PS Scavenge' had collection(s): count=1 time=105ms
2023-05-04 20:14:07,117 [JvmPauseMonitor3] WARN  util.JvmPauseMonitor (JvmPauseMonitor.java:detectPause(126)) - JvmPauseMonitor-b0971eea-134b-46df-abd0-1018d0776f3a: Detected pause in JVM or host machine (eg GC): pause of approximately 584176566ns.
GC pool 'PS MarkSweep' had collection(s): count=1 time=466ms
GC pool 'PS Scavenge' had collection(s): count=1 time=105ms
2023-05-04 20:14:07,117 [JvmPauseMonitor4] WARN  util.JvmPauseMonitor (JvmPauseMonitor.java:detectPause(126)) - JvmPauseMonitor-0abf101a-d700-4355-93b1-7a942eb61d40: Detected pause in JVM or host machine (eg GC): pause of approximately 586033493ns.
GC pool 'PS MarkSweep' had collection(s): count=1 time=466ms
GC pool 'PS Scavenge' had collection(s): count=1 time=105ms
2023-05-04 20:14:07,117 [JvmPauseMonitor11] WARN  util.JvmPauseMonitor (JvmPauseMonitor.java:detectPause(126)) - JvmPauseMonitor-14e688c6-03f0-4578-94be-4c0bf8f01127: Detected pause in JVM or host machine (eg GC): pause of approximately 587491214ns.
GC pool 'PS MarkSweep' had collection(s): count=1 time=466ms
GC pool 'PS Scavenge' had collection(s): count=1 time=105ms
2023-05-04 20:14:07,117 [JvmPauseMonitor5] WARN  util.JvmPauseMonitor (JvmPauseMonitor.java:detectPause(126)) - JvmPauseMonitor-de61e307-c070-4843-8a71-857ff854f108: Detected pause in JVM or host machine (eg GC): pause of approximately 585155680ns.
GC pool 'PS MarkSweep' had collection(s): count=1 time=466ms
GC pool 'PS Scavenge' had collection(s): count=1 time=105ms
2023-05-04 20:14:07,118 [JvmPauseMonitor14] WARN  util.JvmPauseMonitor (JvmPauseMonitor.java:detectPause(126)) - JvmPauseMonitor-c223e4a1-7dec-454b-846f-941d08347586: Detected pause in JVM or host machine (eg GC): pause of approximately 585453785ns.
GC pool 'PS MarkSweep' had collection(s): count=1 time=466ms
GC pool 'PS Scavenge' had collection(s): count=1 time=105ms
2023-05-04 20:14:07,118 [JvmPauseMonitor10] WARN  util.JvmPauseMonitor (JvmPauseMonitor.java:detectPause(126)) - JvmPauseMonitor-7e411c01-6998-40d0-b507-5d7903264b15: Detected pause in JVM or host machine (eg GC): pause of approximately 585822090ns.
GC pool 'PS MarkSweep' had collection(s): count=1 time=466ms
GC pool 'PS Scavenge' had collection(s): count=1 time=105ms
2023-05-04 20:14:07,118 [JvmPauseMonitor6] WARN  util.JvmPauseMonitor (JvmPauseMonitor.java:detectPause(126)) - JvmPauseMonitor-71eef059-4e21-465b-a9dc-55002cc631de: Detected pause in JVM or host machine (eg GC): pause of approximately 586834405ns.
GC pool 'PS MarkSweep' had collection(s): count=1 time=466ms
GC pool 'PS Scavenge' had collection(s): count=1 time=105ms
2023-05-04 20:14:07,118 [JvmPauseMonitor7] WARN  util.JvmPauseMonitor (JvmPauseMonitor.java:detectPause(126)) - JvmPauseMonitor-eaea20cf-c5ca-4d45-84fe-4a8214ec7204: Detected pause in JVM or host machine (eg GC): pause of approximately 587672017ns.
GC pool 'PS MarkSweep' had collection(s): count=1 time=466ms
GC pool 'PS Scavenge' had collection(s): count=1 time=105ms
2023-05-04 20:14:07,125 [7e411c01-6998-40d0-b507-5d7903264b15@group-5B39CDE3CC84-FollowerState] INFO  server.RaftServerConfigKeys (ConfUtils.java:logGet(46)) - raft.server.leaderelection.pre-vote = true (default)
2023-05-04 20:14:07,125 [7e411c01-6998-40d0-b507-5d7903264b15@group-5B39CDE3CC84-FollowerState] INFO  impl.RoleInfo (RoleInfo.java:updateAndGet(139)) - 7e411c01-6998-40d0-b507-5d7903264b15: start 7e411c01-6998-40d0-b507-5d7903264b15@group-5B39CDE3CC84-LeaderElection27
2023-05-04 20:14:07,131 [7e411c01-6998-40d0-b507-5d7903264b15@group-D748948E6287-LeaderElection26] INFO  impl.LeaderElection (LeaderElection.java:askForVotes(312)) - 7e411c01-6998-40d0-b507-5d7903264b15@group-D748948E6287-LeaderElection26 PRE_VOTE round 0: submit vote requests at term 0 for -1: peers:[b4df0636-e8ba-4aa2-9ff9-49534f1768bf|rpc:10.1.0.20:42357|dataStream:10.1.0.20:43847|priority:1|startupRole:FOLLOWER, 7e411c01-6998-40d0-b507-5d7903264b15|rpc:10.1.0.20:37977|dataStream:10.1.0.20:36461|priority:0|startupRole:FOLLOWER, 14e688c6-03f0-4578-94be-4c0bf8f01127|rpc:10.1.0.20:44235|dataStream:10.1.0.20:44165|priority:0|startupRole:FOLLOWER]|listeners:[], old=null
2023-05-04 20:14:07,131 [b4df0636-e8ba-4aa2-9ff9-49534f1768bf@group-D748948E6287-LeaderElection25] INFO  impl.LeaderElection (LeaderElection.java:askForVotes(312)) - b4df0636-e8ba-4aa2-9ff9-49534f1768bf@group-D748948E6287-LeaderElection25 PRE_VOTE round 0: submit vote requests at term 0 for -1: peers:[b4df0636-e8ba-4aa2-9ff9-49534f1768bf|rpc:10.1.0.20:42357|dataStream:10.1.0.20:43847|priority:1|startupRole:FOLLOWER, 7e411c01-6998-40d0-b507-5d7903264b15|rpc:10.1.0.20:37977|dataStream:10.1.0.20:36461|priority:0|startupRole:FOLLOWER, 14e688c6-03f0-4578-94be-4c0bf8f01127|rpc:10.1.0.20:44235|dataStream:10.1.0.20:44165|priority:0|startupRole:FOLLOWER]|listeners:[], old=null
2023-05-04 20:14:07,131 [14e688c6-03f0-4578-94be-4c0bf8f01127@group-D748948E6287-LeaderElection28] INFO  impl.LeaderElection (LeaderElection.java:askForVotes(312)) - 14e688c6-03f0-4578-94be-4c0bf8f01127@group-D748948E6287-LeaderElection28 PRE_VOTE round 0: submit vote requests at term 0 for -1: peers:[b4df0636-e8ba-4aa2-9ff9-49534f1768bf|rpc:10.1.0.20:42357|dataStream:10.1.0.20:43847|priority:1|startupRole:FOLLOWER, 7e411c01-6998-40d0-b507-5d7903264b15|rpc:10.1.0.20:37977|dataStream:10.1.0.20:36461|priority:0|startupRole:FOLLOWER, 14e688c6-03f0-4578-94be-4c0bf8f01127|rpc:10.1.0.20:44235|dataStream:10.1.0.20:44165|priority:0|startupRole:FOLLOWER]|listeners:[], old=null
2023-05-04 20:14:07,135 [7e411c01-6998-40d0-b507-5d7903264b15@group-D748948E6287-LeaderElection26-1] INFO  server.GrpcServerProtocolClient (GrpcServerProtocolClient.java:<init>(63)) - Build channel for b4df0636-e8ba-4aa2-9ff9-49534f1768bf
2023-05-04 20:14:07,139 [7e411c01-6998-40d0-b507-5d7903264b15@group-D748948E6287-LeaderElection26] INFO  server.RaftServerConfigKeys (ConfUtils.java:logFallback(53)) - raft.server.rpc.first-election.timeout.min = 5s (fallback to raft.server.rpc.timeout.min)
2023-05-04 20:14:07,139 [7e411c01-6998-40d0-b507-5d7903264b15@group-D748948E6287-LeaderElection26] INFO  server.RaftServerConfigKeys (ConfUtils.java:logFallback(53)) - raft.server.rpc.first-election.timeout.max = 5200ms (fallback to raft.server.rpc.timeout.max)
2023-05-04 20:14:07,140 [7e411c01-6998-40d0-b507-5d7903264b15@group-D748948E6287-LeaderElection26-2] INFO  server.GrpcServerProtocolClient (GrpcServerProtocolClient.java:<init>(63)) - Build channel for 14e688c6-03f0-4578-94be-4c0bf8f01127
2023-05-04 20:14:07,146 [14e688c6-03f0-4578-94be-4c0bf8f01127@group-D748948E6287-LeaderElection28-1] INFO  server.GrpcServerProtocolClient (GrpcServerProtocolClient.java:<init>(63)) - Build channel for b4df0636-e8ba-4aa2-9ff9-49534f1768bf
2023-05-04 20:14:07,150 [14e688c6-03f0-4578-94be-4c0bf8f01127@group-D748948E6287-LeaderElection28] INFO  server.RaftServerConfigKeys (ConfUtils.java:logFallback(53)) - raft.server.rpc.first-election.timeout.min = 5s (fallback to raft.server.rpc.timeout.min)
2023-05-04 20:14:07,150 [14e688c6-03f0-4578-94be-4c0bf8f01127@group-D748948E6287-LeaderElection28] INFO  server.RaftServerConfigKeys (ConfUtils.java:logFallback(53)) - raft.server.rpc.first-election.timeout.max = 5200ms (fallback to raft.server.rpc.timeout.max)
2023-05-04 20:14:07,159 [7e411c01-6998-40d0-b507-5d7903264b15@group-5B39CDE3CC84-LeaderElection27] INFO  impl.LeaderElection (LeaderElection.java:askForVotes(312)) - 7e411c01-6998-40d0-b507-5d7903264b15@group-5B39CDE3CC84-LeaderElection27 PRE_VOTE round 0: submit vote requests at term 0 for -1: peers:[7e411c01-6998-40d0-b507-5d7903264b15|rpc:10.1.0.20:37977|dataStream:10.1.0.20:36461|priority:1|startupRole:FOLLOWER]|listeners:[], old=null
2023-05-04 20:14:07,159 [7e411c01-6998-40d0-b507-5d7903264b15@group-5B39CDE3CC84-LeaderElection27] INFO  impl.LeaderElection (LeaderElection.java:askForVotes(314)) - 7e411c01-6998-40d0-b507-5d7903264b15@group-5B39CDE3CC84-LeaderElection27 PRE_VOTE round 0: result PASSED (term=0)
2023-05-04 20:14:07,160 [b4df0636-e8ba-4aa2-9ff9-49534f1768bf@group-D748948E6287-LeaderElection25-1] INFO  server.GrpcServerProtocolClient (GrpcServerProtocolClient.java:<init>(63)) - Build channel for 7e411c01-6998-40d0-b507-5d7903264b15
2023-05-04 20:14:07,161 [b4df0636-e8ba-4aa2-9ff9-49534f1768bf@group-D748948E6287-LeaderElection25] INFO  server.RaftServerConfigKeys (ConfUtils.java:logFallback(53)) - raft.server.rpc.first-election.timeout.min = 5s (fallback to raft.server.rpc.timeout.min)
2023-05-04 20:14:07,161 [b4df0636-e8ba-4aa2-9ff9-49534f1768bf@group-D748948E6287-LeaderElection25] INFO  server.RaftServerConfigKeys (ConfUtils.java:logFallback(53)) - raft.server.rpc.first-election.timeout.max = 5200ms (fallback to raft.server.rpc.timeout.max)
2023-05-04 20:14:07,161 [14e688c6-03f0-4578-94be-4c0bf8f01127@group-D748948E6287-LeaderElection28-2] INFO  server.GrpcServerProtocolClient (GrpcServerProtocolClient.java:<init>(63)) - Build channel for 7e411c01-6998-40d0-b507-5d7903264b15
2023-05-04 20:14:07,161 [b4df0636-e8ba-4aa2-9ff9-49534f1768bf@group-D748948E6287-LeaderElection25-2] INFO  server.GrpcServerProtocolClient (GrpcServerProtocolClient.java:<init>(63)) - Build channel for 14e688c6-03f0-4578-94be-4c0bf8f01127
2023-05-04 20:14:07,166 [7e411c01-6998-40d0-b507-5d7903264b15@group-5B39CDE3CC84-LeaderElection27] INFO  impl.LeaderElection (LeaderElection.java:askForVotes(312)) - 7e411c01-6998-40d0-b507-5d7903264b15@group-5B39CDE3CC84-LeaderElection27 ELECTION round 0: submit vote requests at term 1 for -1: peers:[7e411c01-6998-40d0-b507-5d7903264b15|rpc:10.1.0.20:37977|dataStream:10.1.0.20:36461|priority:1|startupRole:FOLLOWER]|listeners:[], old=null
2023-05-04 20:14:07,166 [7e411c01-6998-40d0-b507-5d7903264b15@group-5B39CDE3CC84-LeaderElection27] INFO  impl.LeaderElection (LeaderElection.java:askForVotes(314)) - 7e411c01-6998-40d0-b507-5d7903264b15@group-5B39CDE3CC84-LeaderElection27 ELECTION round 0: result PASSED (term=1)
2023-05-04 20:14:07,166 [7e411c01-6998-40d0-b507-5d7903264b15@group-5B39CDE3CC84-LeaderElection27] INFO  impl.RoleInfo (RoleInfo.java:shutdownLeaderElection(130)) - 7e411c01-6998-40d0-b507-5d7903264b15: shutdown 7e411c01-6998-40d0-b507-5d7903264b15@group-5B39CDE3CC84-LeaderElection27
2023-05-04 20:14:07,166 [7e411c01-6998-40d0-b507-5d7903264b15@group-5B39CDE3CC84-LeaderElection27] INFO  server.RaftServer$Division (RaftServerImpl.java:setRole(321)) - 7e411c01-6998-40d0-b507-5d7903264b15@group-5B39CDE3CC84: changes role from CANDIDATE to LEADER at term 1 for changeToLeader
2023-05-04 20:14:07,166 [7e411c01-6998-40d0-b507-5d7903264b15@group-5B39CDE3CC84-LeaderElection27] INFO  ratis.XceiverServerRatis (XceiverServerRatis.java:handleLeaderChangedNotification(904)) - Leader change notification received for group: group-5B39CDE3CC84 with new leaderId: 7e411c01-6998-40d0-b507-5d7903264b15
2023-05-04 20:14:07,166 [7e411c01-6998-40d0-b507-5d7903264b15@group-5B39CDE3CC84-LeaderElection27] INFO  server.RaftServer$Division (ServerState.java:setLeader(313)) - 7e411c01-6998-40d0-b507-5d7903264b15@group-5B39CDE3CC84: change Leader from null to 7e411c01-6998-40d0-b507-5d7903264b15 at term 1 for becomeLeader, leader elected after 5263ms
2023-05-04 20:14:07,167 [7e411c01-6998-40d0-b507-5d7903264b15@group-5B39CDE3CC84-LeaderElection27] INFO  server.RaftServerConfigKeys (ConfUtils.java:logGet(46)) - raft.server.staging.catchup.gap = 1000 (default)
2023-05-04 20:14:07,167 [7e411c01-6998-40d0-b507-5d7903264b15@group-5B39CDE3CC84-LeaderElection27] INFO  server.RaftServerConfigKeys (ConfUtils.java:logGet(46)) - raft.server.write.element-limit = 1024 (custom)
2023-05-04 20:14:07,167 [7e411c01-6998-40d0-b507-5d7903264b15@group-5B39CDE3CC84-LeaderElection27] INFO  server.RaftServerConfigKeys (ConfUtils.java:logGet(46)) - raft.server.write.byte-limit = 1024 M (=1073741824) (custom)
2023-05-04 20:14:07,167 [7e411c01-6998-40d0-b507-5d7903264b15@group-5B39CDE3CC84-LeaderElection27] INFO  server.RaftServerConfigKeys (ConfUtils.java:logGet(46)) - raft.server.watch.timeout = 180s (custom)
2023-05-04 20:14:07,167 [7e411c01-6998-40d0-b507-5d7903264b15@group-5B39CDE3CC84-LeaderElection27] INFO  server.RaftServerConfigKeys (ConfUtils.java:logGet(46)) - raft.server.watch.timeout.denomination = 1s (default)
2023-05-04 20:14:07,167 [7e411c01-6998-40d0-b507-5d7903264b15@group-5B39CDE3CC84-LeaderElection27] INFO  server.RaftServerConfigKeys (ConfUtils.java:logGet(46)) - raft.server.watch.element-limit = 65536 (default)
2023-05-04 20:14:07,167 [7e411c01-6998-40d0-b507-5d7903264b15@group-5B39CDE3CC84-LeaderElection27] INFO  server.RaftServerConfigKeys (ConfUtils.java:logGet(46)) - raft.server.write.element-limit = 1024 (custom)
2023-05-04 20:14:07,167 [7e411c01-6998-40d0-b507-5d7903264b15@group-5B39CDE3CC84-LeaderElection27] INFO  server.RaftServerConfigKeys (ConfUtils.java:logGet(46)) - raft.server.write.follower.gap.ratio.max = -1.0 (default)
2023-05-04 20:14:07,167 [7e411c01-6998-40d0-b507-5d7903264b15@group-5B39CDE3CC84-LeaderElection27] INFO  impl.RoleInfo (RoleInfo.java:updateAndGet(139)) - 7e411c01-6998-40d0-b507-5d7903264b15: start 7e411c01-6998-40d0-b507-5d7903264b15@group-5B39CDE3CC84-LeaderStateImpl
2023-05-04 20:14:07,168 [7e411c01-6998-40d0-b507-5d7903264b15@group-5B39CDE3CC84-LeaderElection27] INFO  segmented.SegmentedRaftLogWorker (SegmentedRaftLogWorker.java:startLogSegment(452)) - 7e411c01-6998-40d0-b507-5d7903264b15@group-5B39CDE3CC84-SegmentedRaftLogWorker: Starting segment from index:0
2023-05-04 20:14:07,171 [7e411c01-6998-40d0-b507-5d7903264b15@group-5B39CDE3CC84-SegmentedRaftLogWorker] INFO  segmented.SegmentedRaftLogWorker (SegmentedRaftLogWorker.java:execute(656)) - 7e411c01-6998-40d0-b507-5d7903264b15@group-5B39CDE3CC84-SegmentedRaftLogWorker: created new log segment /home/runner/work/ozone/ozone/hadoop-ozone/integration-test/target/test-dir/MiniOzoneClusterImpl-3ff5bc89-9620-4d46-84f6-68e3c2a3a822/datanode-9/data/ratis/1aa3207c-c7c9-445a-b706-5b39cde3cc84/current/log_inprogress_0
2023-05-04 20:14:07,172 [grpc-default-executor-3] INFO  server.RaftServer$Division (RaftServerImpl.java:requestVote(1218)) - b4df0636-e8ba-4aa2-9ff9-49534f1768bf@group-D748948E6287: receive requestVote(PRE_VOTE, 14e688c6-03f0-4578-94be-4c0bf8f01127, group-D748948E6287, 0, (t:0, i:0))
2023-05-04 20:14:07,172 [grpc-default-executor-3] INFO  impl.VoteContext (VoteContext.java:log(49)) - b4df0636-e8ba-4aa2-9ff9-49534f1768bf@group-D748948E6287-CANDIDATE: reject PRE_VOTE from 14e688c6-03f0-4578-94be-4c0bf8f01127: our priority 1 > candidate's priority 0
2023-05-04 20:14:07,172 [grpc-default-executor-3] INFO  server.RaftServer$Division (RaftServerImpl.java:requestVote(1251)) - b4df0636-e8ba-4aa2-9ff9-49534f1768bf@group-D748948E6287 replies to PRE_VOTE vote request: 14e688c6-03f0-4578-94be-4c0bf8f01127<-b4df0636-e8ba-4aa2-9ff9-49534f1768bf#0:FAIL-t0. Peer's state: b4df0636-e8ba-4aa2-9ff9-49534f1768bf@group-D748948E6287:t0, leader=null, voted=, raftlog=Memoized:b4df0636-e8ba-4aa2-9ff9-49534f1768bf@group-D748948E6287-SegmentedRaftLog:OPENED:c-1, conf=-1: peers:[b4df0636-e8ba-4aa2-9ff9-49534f1768bf|rpc:10.1.0.20:42357|dataStream:10.1.0.20:43847|priority:1|startupRole:FOLLOWER, 7e411c01-6998-40d0-b507-5d7903264b15|rpc:10.1.0.20:37977|dataStream:10.1.0.20:36461|priority:0|startupRole:FOLLOWER, 14e688c6-03f0-4578-94be-4c0bf8f01127|rpc:10.1.0.20:44235|dataStream:10.1.0.20:44165|priority:0|startupRole:FOLLOWER]|listeners:[], old=null
2023-05-04 20:14:07,176 [7e411c01-6998-40d0-b507-5d7903264b15@group-5B39CDE3CC84-LeaderElection27] INFO  server.RaftServer$Division (ServerState.java:setRaftConf(430)) - 7e411c01-6998-40d0-b507-5d7903264b15@group-5B39CDE3CC84: set configuration 0: peers:[7e411c01-6998-40d0-b507-5d7903264b15|rpc:10.1.0.20:37977|dataStream:10.1.0.20:36461|priority:1|startupRole:FOLLOWER]|listeners:[], old=null
2023-05-04 20:14:07,188 [14e688c6-03f0-4578-94be-4c0bf8f01127@group-D748948E6287-LeaderElection28] INFO  impl.LeaderElection (LeaderElection.java:logAndReturn(90)) - 14e688c6-03f0-4578-94be-4c0bf8f01127@group-D748948E6287-LeaderElection28: PRE_VOTE REJECTED received 1 response(s) and 0 exception(s):
2023-05-04 20:14:07,188 [14e688c6-03f0-4578-94be-4c0bf8f01127@group-D748948E6287-LeaderElection28] INFO  impl.LeaderElection (LeaderElection.java:logAndReturn(94)) -   Response 0: 14e688c6-03f0-4578-94be-4c0bf8f01127<-b4df0636-e8ba-4aa2-9ff9-49534f1768bf#0:FAIL-t0
2023-05-04 20:14:07,188 [grpc-default-executor-3] INFO  server.RaftServer$Division (RaftServerImpl.java:requestVote(1218)) - b4df0636-e8ba-4aa2-9ff9-49534f1768bf@group-D748948E6287: receive requestVote(PRE_VOTE, 7e411c01-6998-40d0-b507-5d7903264b15, group-D748948E6287, 0, (t:0, i:0))
2023-05-04 20:14:07,188 [grpc-default-executor-3] INFO  impl.VoteContext (VoteContext.java:log(49)) - b4df0636-e8ba-4aa2-9ff9-49534f1768bf@group-D748948E6287-CANDIDATE: reject PRE_VOTE from 7e411c01-6998-40d0-b507-5d7903264b15: our priority 1 > candidate's priority 0
2023-05-04 20:14:07,188 [14e688c6-03f0-4578-94be-4c0bf8f01127@group-D748948E6287-LeaderElection28] INFO  impl.LeaderElection (LeaderElection.java:askForVotes(314)) - 14e688c6-03f0-4578-94be-4c0bf8f01127@group-D748948E6287-LeaderElection28 PRE_VOTE round 0: result REJECTED
2023-05-04 20:14:07,188 [grpc-default-executor-3] INFO  server.RaftServer$Division (RaftServerImpl.java:requestVote(1251)) - b4df0636-e8ba-4aa2-9ff9-49534f1768bf@group-D748948E6287 replies to PRE_VOTE vote request: 7e411c01-6998-40d0-b507-5d7903264b15<-b4df0636-e8ba-4aa2-9ff9-49534f1768bf#0:FAIL-t0. Peer's state: b4df0636-e8ba-4aa2-9ff9-49534f1768bf@group-D748948E6287:t0, leader=null, voted=, raftlog=Memoized:b4df0636-e8ba-4aa2-9ff9-49534f1768bf@group-D748948E6287-SegmentedRaftLog:OPENED:c-1, conf=-1: peers:[b4df0636-e8ba-4aa2-9ff9-49534f1768bf|rpc:10.1.0.20:42357|dataStream:10.1.0.20:43847|priority:1|startupRole:FOLLOWER, 7e411c01-6998-40d0-b507-5d7903264b15|rpc:10.1.0.20:37977|dataStream:10.1.0.20:36461|priority:0|startupRole:FOLLOWER, 14e688c6-03f0-4578-94be-4c0bf8f01127|rpc:10.1.0.20:44235|dataStream:10.1.0.20:44165|priority:0|startupRole:FOLLOWER]|listeners:[], old=null
2023-05-04 20:14:07,188 [14e688c6-03f0-4578-94be-4c0bf8f01127@group-D748948E6287-LeaderElection28] INFO  server.RaftServer$Division (RaftServerImpl.java:setRole(321)) - 14e688c6-03f0-4578-94be-4c0bf8f01127@group-D748948E6287: changes role from CANDIDATE to FOLLOWER at term 0 for REJECTED
2023-05-04 20:14:07,188 [14e688c6-03f0-4578-94be-4c0bf8f01127@group-D748948E6287-LeaderElection28] INFO  impl.RoleInfo (RoleInfo.java:shutdownLeaderElection(130)) - 14e688c6-03f0-4578-94be-4c0bf8f01127: shutdown 14e688c6-03f0-4578-94be-4c0bf8f01127@group-D748948E6287-LeaderElection28
2023-05-04 20:14:07,188 [14e688c6-03f0-4578-94be-4c0bf8f01127@group-D748948E6287-LeaderElection28] INFO  impl.RoleInfo (RoleInfo.java:updateAndGet(139)) - 14e688c6-03f0-4578-94be-4c0bf8f01127: start 14e688c6-03f0-4578-94be-4c0bf8f01127@group-D748948E6287-FollowerState
2023-05-04 20:14:07,190 [grpc-default-executor-3] INFO  server.RaftServer$Division (RaftServerImpl.java:requestVote(1218)) - 14e688c6-03f0-4578-94be-4c0bf8f01127@group-D748948E6287: receive requestVote(PRE_VOTE, 7e411c01-6998-40d0-b507-5d7903264b15, group-D748948E6287, 0, (t:0, i:0))
2023-05-04 20:14:07,190 [grpc-default-executor-2] INFO  server.RaftServer$Division (RaftServerImpl.java:requestVote(1218)) - 7e411c01-6998-40d0-b507-5d7903264b15@group-D748948E6287: receive requestVote(PRE_VOTE, 14e688c6-03f0-4578-94be-4c0bf8f01127, group-D748948E6287, 0, (t:0, i:0))
2023-05-04 20:14:07,191 [grpc-default-executor-2] INFO  impl.VoteContext (VoteContext.java:log(49)) - 7e411c01-6998-40d0-b507-5d7903264b15@group-D748948E6287-CANDIDATE: accept PRE_VOTE from 14e688c6-03f0-4578-94be-4c0bf8f01127: our priority 0 <= candidate's priority 0
2023-05-04 20:14:07,191 [grpc-default-executor-2] INFO  server.RaftServer$Division (RaftServerImpl.java:requestVote(1251)) - 7e411c01-6998-40d0-b507-5d7903264b15@group-D748948E6287 replies to PRE_VOTE vote request: 14e688c6-03f0-4578-94be-4c0bf8f01127<-7e411c01-6998-40d0-b507-5d7903264b15#0:OK-t0. Peer's state: 7e411c01-6998-40d0-b507-5d7903264b15@group-D748948E6287:t0, leader=null, voted=, raftlog=Memoized:7e411c01-6998-40d0-b507-5d7903264b15@group-D748948E6287-SegmentedRaftLog:OPENED:c-1, conf=-1: peers:[b4df0636-e8ba-4aa2-9ff9-49534f1768bf|rpc:10.1.0.20:42357|dataStream:10.1.0.20:43847|priority:1|startupRole:FOLLOWER, 7e411c01-6998-40d0-b507-5d7903264b15|rpc:10.1.0.20:37977|dataStream:10.1.0.20:36461|priority:0|startupRole:FOLLOWER, 14e688c6-03f0-4578-94be-4c0bf8f01127|rpc:10.1.0.20:44235|dataStream:10.1.0.20:44165|priority:0|startupRole:FOLLOWER]|listeners:[], old=null
2023-05-04 20:14:07,191 [grpc-default-executor-1] INFO  server.RaftServer$Division (RaftServerImpl.java:requestVote(1218)) - 14e688c6-03f0-4578-94be-4c0bf8f01127@group-D748948E6287: receive requestVote(PRE_VOTE, b4df0636-e8ba-4aa2-9ff9-49534f1768bf, group-D748948E6287, 0, (t:0, i:0))
2023-05-04 20:14:07,194 [grpc-default-executor-1] INFO  impl.VoteContext (VoteContext.java:log(49)) - 14e688c6-03f0-4578-94be-4c0bf8f01127@group-D748948E6287-FOLLOWER: accept PRE_VOTE from b4df0636-e8ba-4aa2-9ff9-49534f1768bf: our priority 0 <= candidate's priority 1
2023-05-04 20:14:07,194 [grpc-default-executor-1] INFO  server.RaftServer$Division (RaftServerImpl.java:requestVote(1251)) - 14e688c6-03f0-4578-94be-4c0bf8f01127@group-D748948E6287 replies to PRE_VOTE vote request: b4df0636-e8ba-4aa2-9ff9-49534f1768bf<-14e688c6-03f0-4578-94be-4c0bf8f01127#0:OK-t0. Peer's state: 14e688c6-03f0-4578-94be-4c0bf8f01127@group-D748948E6287:t0, leader=null, voted=, raftlog=Memoized:14e688c6-03f0-4578-94be-4c0bf8f01127@group-D748948E6287-SegmentedRaftLog:OPENED:c-1, conf=-1: peers:[b4df0636-e8ba-4aa2-9ff9-49534f1768bf|rpc:10.1.0.20:42357|dataStream:10.1.0.20:43847|priority:1|startupRole:FOLLOWER, 7e411c01-6998-40d0-b507-5d7903264b15|rpc:10.1.0.20:37977|dataStream:10.1.0.20:36461|priority:0|startupRole:FOLLOWER, 14e688c6-03f0-4578-94be-4c0bf8f01127|rpc:10.1.0.20:44235|dataStream:10.1.0.20:44165|priority:0|startupRole:FOLLOWER]|listeners:[], old=null
2023-05-04 20:14:07,195 [grpc-default-executor-3] INFO  impl.VoteContext (VoteContext.java:log(49)) - 14e688c6-03f0-4578-94be-4c0bf8f01127@group-D748948E6287-FOLLOWER: accept PRE_VOTE from 7e411c01-6998-40d0-b507-5d7903264b15: our priority 0 <= candidate's priority 0
2023-05-04 20:14:07,195 [grpc-default-executor-3] INFO  server.RaftServer$Division (RaftServerImpl.java:requestVote(1251)) - 14e688c6-03f0-4578-94be-4c0bf8f01127@group-D748948E6287 replies to PRE_VOTE vote request: 7e411c01-6998-40d0-b507-5d7903264b15<-14e688c6-03f0-4578-94be-4c0bf8f01127#0:OK-t0. Peer's state: 14e688c6-03f0-4578-94be-4c0bf8f01127@group-D748948E6287:t0, leader=null, voted=, raftlog=Memoized:14e688c6-03f0-4578-94be-4c0bf8f01127@group-D748948E6287-SegmentedRaftLog:OPENED:c-1, conf=-1: peers:[b4df0636-e8ba-4aa2-9ff9-49534f1768bf|rpc:10.1.0.20:42357|dataStream:10.1.0.20:43847|priority:1|startupRole:FOLLOWER, 7e411c01-6998-40d0-b507-5d7903264b15|rpc:10.1.0.20:37977|dataStream:10.1.0.20:36461|priority:0|startupRole:FOLLOWER, 14e688c6-03f0-4578-94be-4c0bf8f01127|rpc:10.1.0.20:44235|dataStream:10.1.0.20:44165|priority:0|startupRole:FOLLOWER]|listeners:[], old=null
2023-05-04 20:14:07,196 [14e688c6-03f0-4578-94be-4c0bf8f01127@group-D748948E6287-FollowerState] INFO  server.RaftServerConfigKeys (ConfUtils.java:logFallback(53)) - raft.server.rpc.first-election.timeout.min = 5s (fallback to raft.server.rpc.timeout.min)
2023-05-04 20:14:07,196 [14e688c6-03f0-4578-94be-4c0bf8f01127@group-D748948E6287-FollowerState] INFO  server.RaftServerConfigKeys (ConfUtils.java:logFallback(53)) - raft.server.rpc.first-election.timeout.max = 5200ms (fallback to raft.server.rpc.timeout.max)
2023-05-04 20:14:07,197 [7e411c01-6998-40d0-b507-5d7903264b15@group-D748948E6287-LeaderElection26] INFO  impl.LeaderElection (LeaderElection.java:logAndReturn(90)) - 7e411c01-6998-40d0-b507-5d7903264b15@group-D748948E6287-LeaderElection26: PRE_VOTE REJECTED received 1 response(s) and 0 exception(s):
2023-05-04 20:14:07,197 [7e411c01-6998-40d0-b507-5d7903264b15@group-D748948E6287-LeaderElection26] INFO  impl.LeaderElection (LeaderElection.java:logAndReturn(94)) -   Response 0: 7e411c01-6998-40d0-b507-5d7903264b15<-b4df0636-e8ba-4aa2-9ff9-49534f1768bf#0:FAIL-t0
2023-05-04 20:14:07,197 [7e411c01-6998-40d0-b507-5d7903264b15@group-D748948E6287-LeaderElection26] INFO  impl.LeaderElection (LeaderElection.java:askForVotes(314)) - 7e411c01-6998-40d0-b507-5d7903264b15@group-D748948E6287-LeaderElection26 PRE_VOTE round 0: result REJECTED
2023-05-04 20:14:07,197 [7e411c01-6998-40d0-b507-5d7903264b15@group-D748948E6287-LeaderElection26] INFO  server.RaftServer$Division (RaftServerImpl.java:setRole(321)) - 7e411c01-6998-40d0-b507-5d7903264b15@group-D748948E6287: changes role from CANDIDATE to FOLLOWER at term 0 for REJECTED
2023-05-04 20:14:07,197 [7e411c01-6998-40d0-b507-5d7903264b15@group-D748948E6287-LeaderElection26] INFO  impl.RoleInfo (RoleInfo.java:shutdownLeaderElection(130)) - 7e411c01-6998-40d0-b507-5d7903264b15: shutdown 7e411c01-6998-40d0-b507-5d7903264b15@group-D748948E6287-LeaderElection26
2023-05-04 20:14:07,197 [7e411c01-6998-40d0-b507-5d7903264b15@group-D748948E6287-LeaderElection26] INFO  impl.RoleInfo (RoleInfo.java:updateAndGet(139)) - 7e411c01-6998-40d0-b507-5d7903264b15: start 7e411c01-6998-40d0-b507-5d7903264b15@group-D748948E6287-FollowerState
2023-05-04 20:14:07,198 [b4df0636-e8ba-4aa2-9ff9-49534f1768bf@group-D748948E6287-LeaderElection25] INFO  impl.LeaderElection (LeaderElection.java:logAndReturn(90)) - b4df0636-e8ba-4aa2-9ff9-49534f1768bf@group-D748948E6287-LeaderElection25: PRE_VOTE PASSED received 1 response(s) and 0 exception(s):
2023-05-04 20:14:07,198 [b4df0636-e8ba-4aa2-9ff9-49534f1768bf@group-D748948E6287-LeaderElection25] INFO  impl.LeaderElection (LeaderElection.java:logAndReturn(94)) -   Response 0: b4df0636-e8ba-4aa2-9ff9-49534f1768bf<-14e688c6-03f0-4578-94be-4c0bf8f01127#0:OK-t0
2023-05-04 20:14:07,199 [b4df0636-e8ba-4aa2-9ff9-49534f1768bf@group-D748948E6287-LeaderElection25] INFO  impl.LeaderElection (LeaderElection.java:askForVotes(314)) - b4df0636-e8ba-4aa2-9ff9-49534f1768bf@group-D748948E6287-LeaderElection25 PRE_VOTE round 0: result PASSED
2023-05-04 20:14:07,200 [7e411c01-6998-40d0-b507-5d7903264b15@group-D748948E6287-FollowerState] INFO  server.RaftServerConfigKeys (ConfUtils.java:logFallback(53)) - raft.server.rpc.first-election.timeout.min = 5s (fallback to raft.server.rpc.timeout.min)
2023-05-04 20:14:07,200 [7e411c01-6998-40d0-b507-5d7903264b15@group-D748948E6287-FollowerState] INFO  server.RaftServerConfigKeys (ConfUtils.java:logFallback(53)) - raft.server.rpc.first-election.timeout.max = 5200ms (fallback to raft.server.rpc.timeout.max)
2023-05-04 20:14:07,200 [b4df0636-e8ba-4aa2-9ff9-49534f1768bf@group-D748948E6287-LeaderElection25] INFO  impl.LeaderElection (LeaderElection.java:askForVotes(312)) - b4df0636-e8ba-4aa2-9ff9-49534f1768bf@group-D748948E6287-LeaderElection25 ELECTION round 0: submit vote requests at term 1 for -1: peers:[b4df0636-e8ba-4aa2-9ff9-49534f1768bf|rpc:10.1.0.20:42357|dataStream:10.1.0.20:43847|priority:1|startupRole:FOLLOWER, 7e411c01-6998-40d0-b507-5d7903264b15|rpc:10.1.0.20:37977|dataStream:10.1.0.20:36461|priority:0|startupRole:FOLLOWER, 14e688c6-03f0-4578-94be-4c0bf8f01127|rpc:10.1.0.20:44235|dataStream:10.1.0.20:44165|priority:0|startupRole:FOLLOWER]|listeners:[], old=null
2023-05-04 20:14:07,205 [grpc-default-executor-3] INFO  server.RaftServer$Division (RaftServerImpl.java:requestVote(1218)) - 7e411c01-6998-40d0-b507-5d7903264b15@group-D748948E6287: receive requestVote(PRE_VOTE, b4df0636-e8ba-4aa2-9ff9-49534f1768bf, group-D748948E6287, 0, (t:0, i:0))
2023-05-04 20:14:07,205 [grpc-default-executor-3] INFO  impl.VoteContext (VoteContext.java:log(49)) - 7e411c01-6998-40d0-b507-5d7903264b15@group-D748948E6287-FOLLOWER: accept PRE_VOTE from b4df0636-e8ba-4aa2-9ff9-49534f1768bf: our priority 0 <= candidate's priority 1
2023-05-04 20:14:07,205 [grpc-default-executor-3] INFO  server.RaftServer$Division (RaftServerImpl.java:requestVote(1251)) - 7e411c01-6998-40d0-b507-5d7903264b15@group-D748948E6287 replies to PRE_VOTE vote request: b4df0636-e8ba-4aa2-9ff9-49534f1768bf<-7e411c01-6998-40d0-b507-5d7903264b15#0:OK-t0. Peer's state: 7e411c01-6998-40d0-b507-5d7903264b15@group-D748948E6287:t0, leader=null, voted=, raftlog=Memoized:7e411c01-6998-40d0-b507-5d7903264b15@group-D748948E6287-SegmentedRaftLog:OPENED:c-1, conf=-1: peers:[b4df0636-e8ba-4aa2-9ff9-49534f1768bf|rpc:10.1.0.20:42357|dataStream:10.1.0.20:43847|priority:1|startupRole:FOLLOWER, 7e411c01-6998-40d0-b507-5d7903264b15|rpc:10.1.0.20:37977|dataStream:10.1.0.20:36461|priority:0|startupRole:FOLLOWER, 14e688c6-03f0-4578-94be-4c0bf8f01127|rpc:10.1.0.20:44235|dataStream:10.1.0.20:44165|priority:0|startupRole:FOLLOWER]|listeners:[], old=null
2023-05-04 20:14:07,208 [grpc-default-executor-3] INFO  server.RaftServer$Division (RaftServerImpl.java:requestVote(1218)) - 7e411c01-6998-40d0-b507-5d7903264b15@group-D748948E6287: receive requestVote(ELECTION, b4df0636-e8ba-4aa2-9ff9-49534f1768bf, group-D748948E6287, 1, (t:0, i:0))
2023-05-04 20:14:07,208 [grpc-default-executor-3] INFO  impl.VoteContext (VoteContext.java:log(49)) - 7e411c01-6998-40d0-b507-5d7903264b15@group-D748948E6287-FOLLOWER: accept ELECTION from b4df0636-e8ba-4aa2-9ff9-49534f1768bf: our priority 0 <= candidate's priority 1
2023-05-04 20:14:07,208 [grpc-default-executor-3] INFO  server.RaftServer$Division (RaftServerImpl.java:setRole(321)) - 7e411c01-6998-40d0-b507-5d7903264b15@group-D748948E6287: changes role from  FOLLOWER to FOLLOWER at term 1 for candidate:b4df0636-e8ba-4aa2-9ff9-49534f1768bf
2023-05-04 20:14:07,208 [grpc-default-executor-3] INFO  impl.RoleInfo (RoleInfo.java:shutdownFollowerState(110)) - 7e411c01-6998-40d0-b507-5d7903264b15: shutdown 7e411c01-6998-40d0-b507-5d7903264b15@group-D748948E6287-FollowerState
2023-05-04 20:14:07,209 [b4df0636-e8ba-4aa2-9ff9-49534f1768bf@group-D748948E6287-LeaderElection25] INFO  server.RaftServerConfigKeys (ConfUtils.java:logFallback(53)) - raft.server.rpc.first-election.timeout.min = 5s (fallback to raft.server.rpc.timeout.min)
2023-05-04 20:14:07,209 [b4df0636-e8ba-4aa2-9ff9-49534f1768bf@group-D748948E6287-LeaderElection25] INFO  server.RaftServerConfigKeys (ConfUtils.java:logFallback(53)) - raft.server.rpc.first-election.timeout.max = 5200ms (fallback to raft.server.rpc.timeout.max)
2023-05-04 20:14:07,214 [grpc-default-executor-3] INFO  impl.RoleInfo (RoleInfo.java:updateAndGet(139)) - 7e411c01-6998-40d0-b507-5d7903264b15: start 7e411c01-6998-40d0-b507-5d7903264b15@group-D748948E6287-FollowerState
2023-05-04 20:14:07,214 [7e411c01-6998-40d0-b507-5d7903264b15@group-D748948E6287-FollowerState] INFO  impl.FollowerState (FollowerState.java:run(152)) - 7e411c01-6998-40d0-b507-5d7903264b15@group-D748948E6287-FollowerState was interrupted
2023-05-04 20:14:07,221 [grpc-default-executor-3] INFO  server.RaftServer$Division (RaftServerImpl.java:requestVote(1251)) - 7e411c01-6998-40d0-b507-5d7903264b15@group-D748948E6287 replies to ELECTION vote request: b4df0636-e8ba-4aa2-9ff9-49534f1768bf<-7e411c01-6998-40d0-b507-5d7903264b15#0:OK-t1. Peer's state: 7e411c01-6998-40d0-b507-5d7903264b15@group-D748948E6287:t1, leader=null, voted=b4df0636-e8ba-4aa2-9ff9-49534f1768bf, raftlog=Memoized:7e411c01-6998-40d0-b507-5d7903264b15@group-D748948E6287-SegmentedRaftLog:OPENED:c-1, conf=-1: peers:[b4df0636-e8ba-4aa2-9ff9-49534f1768bf|rpc:10.1.0.20:42357|dataStream:10.1.0.20:43847|priority:1|startupRole:FOLLOWER, 7e411c01-6998-40d0-b507-5d7903264b15|rpc:10.1.0.20:37977|dataStream:10.1.0.20:36461|priority:0|startupRole:FOLLOWER, 14e688c6-03f0-4578-94be-4c0bf8f01127|rpc:10.1.0.20:44235|dataStream:10.1.0.20:44165|priority:0|startupRole:FOLLOWER]|listeners:[], old=null
2023-05-04 20:14:07,222 [b4df0636-e8ba-4aa2-9ff9-49534f1768bf@group-D748948E6287-LeaderElection25] INFO  impl.LeaderElection (LeaderElection.java:logAndReturn(90)) - b4df0636-e8ba-4aa2-9ff9-49534f1768bf@group-D748948E6287-LeaderElection25: ELECTION PASSED received 1 response(s) and 0 exception(s):
2023-05-04 20:14:07,222 [b4df0636-e8ba-4aa2-9ff9-49534f1768bf@group-D748948E6287-LeaderElection25] INFO  impl.LeaderElection (LeaderElection.java:logAndReturn(94)) -   Response 0: b4df0636-e8ba-4aa2-9ff9-49534f1768bf<-7e411c01-6998-40d0-b507-5d7903264b15#0:OK-t1
2023-05-04 20:14:07,222 [b4df0636-e8ba-4aa2-9ff9-49534f1768bf@group-D748948E6287-LeaderElection25] INFO  impl.LeaderElection (LeaderElection.java:askForVotes(314)) - b4df0636-e8ba-4aa2-9ff9-49534f1768bf@group-D748948E6287-LeaderElection25 ELECTION round 0: result PASSED
2023-05-04 20:14:07,222 [b4df0636-e8ba-4aa2-9ff9-49534f1768bf@group-D748948E6287-LeaderElection25] INFO  impl.RoleInfo (RoleInfo.java:shutdownLeaderElection(130)) - b4df0636-e8ba-4aa2-9ff9-49534f1768bf: shutdown b4df0636-e8ba-4aa2-9ff9-49534f1768bf@group-D748948E6287-LeaderElection25
2023-05-04 20:14:07,222 [b4df0636-e8ba-4aa2-9ff9-49534f1768bf@group-D748948E6287-LeaderElection25] INFO  server.RaftServer$Division (RaftServerImpl.java:setRole(321)) - b4df0636-e8ba-4aa2-9ff9-49534f1768bf@group-D748948E6287: changes role from CANDIDATE to LEADER at term 1 for changeToLeader
2023-05-04 20:14:07,222 [b4df0636-e8ba-4aa2-9ff9-49534f1768bf@group-D748948E6287-LeaderElection25] INFO  ratis.XceiverServerRatis (XceiverServerRatis.java:handleLeaderChangedNotification(904)) - Leader change notification received for group: group-D748948E6287 with new leaderId: b4df0636-e8ba-4aa2-9ff9-49534f1768bf
2023-05-04 20:14:07,223 [b4df0636-e8ba-4aa2-9ff9-49534f1768bf@group-D748948E6287-LeaderElection25] INFO  server.RaftServer$Division (ServerState.java:setLeader(313)) - b4df0636-e8ba-4aa2-9ff9-49534f1768bf@group-D748948E6287: change Leader from null to b4df0636-e8ba-4aa2-9ff9-49534f1768bf at term 1 for becomeLeader, leader elected after 5251ms
2023-05-04 20:14:07,223 [b4df0636-e8ba-4aa2-9ff9-49534f1768bf@group-D748948E6287-LeaderElection25] INFO  server.RaftServerConfigKeys (ConfUtils.java:logGet(46)) - raft.server.staging.catchup.gap = 1000 (default)
2023-05-04 20:14:07,223 [b4df0636-e8ba-4aa2-9ff9-49534f1768bf@group-D748948E6287-LeaderElection25] INFO  server.RaftServerConfigKeys (ConfUtils.java:logGet(46)) - raft.server.write.element-limit = 1024 (custom)
2023-05-04 20:14:07,223 [b4df0636-e8ba-4aa2-9ff9-49534f1768bf@group-D748948E6287-LeaderElection25] INFO  server.RaftServerConfigKeys (ConfUtils.java:logGet(46)) - raft.server.write.byte-limit = 1024 M (=1073741824) (custom)
2023-05-04 20:14:07,223 [b4df0636-e8ba-4aa2-9ff9-49534f1768bf@group-D748948E6287-LeaderElection25] INFO  server.RaftServerConfigKeys (ConfUtils.java:logGet(46)) - raft.server.watch.timeout = 180s (custom)
2023-05-04 20:14:07,223 [b4df0636-e8ba-4aa2-9ff9-49534f1768bf@group-D748948E6287-LeaderElection25] INFO  server.RaftServerConfigKeys (ConfUtils.java:logGet(46)) - raft.server.watch.timeout.denomination = 1s (default)
2023-05-04 20:14:07,223 [b4df0636-e8ba-4aa2-9ff9-49534f1768bf@group-D748948E6287-LeaderElection25] INFO  server.RaftServerConfigKeys (ConfUtils.java:logGet(46)) - raft.server.watch.element-limit = 65536 (default)
2023-05-04 20:14:07,223 [b4df0636-e8ba-4aa2-9ff9-49534f1768bf@group-D748948E6287-LeaderElection25] INFO  server.RaftServerConfigKeys (ConfUtils.java:logGet(46)) - raft.server.write.element-limit = 1024 (custom)
2023-05-04 20:14:07,223 [b4df0636-e8ba-4aa2-9ff9-49534f1768bf@group-D748948E6287-LeaderElection25] INFO  server.RaftServerConfigKeys (ConfUtils.java:logGet(46)) - raft.server.write.follower.gap.ratio.max = -1.0 (default)
2023-05-04 20:14:07,223 [grpc-default-executor-3] INFO  server.RaftServer$Division (RaftServerImpl.java:requestVote(1218)) - 14e688c6-03f0-4578-94be-4c0bf8f01127@group-D748948E6287: receive requestVote(ELECTION, b4df0636-e8ba-4aa2-9ff9-49534f1768bf, group-D748948E6287, 1, (t:0, i:0))
2023-05-04 20:14:07,224 [grpc-default-executor-3] INFO  impl.VoteContext (VoteContext.java:log(49)) - 14e688c6-03f0-4578-94be-4c0bf8f01127@group-D748948E6287-FOLLOWER: accept ELECTION from b4df0636-e8ba-4aa2-9ff9-49534f1768bf: our priority 0 <= candidate's priority 1
2023-05-04 20:14:07,224 [grpc-default-executor-3] INFO  server.RaftServer$Division (RaftServerImpl.java:setRole(321)) - 14e688c6-03f0-4578-94be-4c0bf8f01127@group-D748948E6287: changes role from  FOLLOWER to FOLLOWER at term 1 for candidate:b4df0636-e8ba-4aa2-9ff9-49534f1768bf
2023-05-04 20:14:07,224 [grpc-default-executor-3] INFO  impl.RoleInfo (RoleInfo.java:shutdownFollowerState(110)) - 14e688c6-03f0-4578-94be-4c0bf8f01127: shutdown 14e688c6-03f0-4578-94be-4c0bf8f01127@group-D748948E6287-FollowerState
2023-05-04 20:14:07,224 [grpc-default-executor-3] INFO  impl.RoleInfo (RoleInfo.java:updateAndGet(139)) - 14e688c6-03f0-4578-94be-4c0bf8f01127: start 14e688c6-03f0-4578-94be-4c0bf8f01127@group-D748948E6287-FollowerState
2023-05-04 20:14:07,224 [14e688c6-03f0-4578-94be-4c0bf8f01127@group-D748948E6287-FollowerState] INFO  impl.FollowerState (FollowerState.java:run(152)) - 14e688c6-03f0-4578-94be-4c0bf8f01127@group-D748948E6287-FollowerState was interrupted
2023-05-04 20:14:07,224 [b4df0636-e8ba-4aa2-9ff9-49534f1768bf@group-D748948E6287-LeaderElection25] INFO  server.RaftServerConfigKeys (ConfUtils.java:logGet(46)) - raft.server.log.appender.snapshot.chunk.size.max = 16MB (=16777216) (default)
2023-05-04 20:14:07,224 [b4df0636-e8ba-4aa2-9ff9-49534f1768bf@group-D748948E6287-LeaderElection25] INFO  server.RaftServerConfigKeys (ConfUtils.java:logGet(46)) - raft.server.log.appender.buffer.byte-limit = 33554432 (custom)
2023-05-04 20:14:07,224 [b4df0636-e8ba-4aa2-9ff9-49534f1768bf@group-D748948E6287-LeaderElection25] INFO  server.RaftServerConfigKeys (ConfUtils.java:logGet(46)) - raft.server.log.appender.buffer.element-limit = 1 (custom)
2023-05-04 20:14:07,224 [b4df0636-e8ba-4aa2-9ff9-49534f1768bf@group-D748948E6287-LeaderElection25] INFO  grpc.GrpcConfigKeys (ConfUtils.java:logGet(46)) - raft.grpc.server.leader.outstanding.appends.max = 128 (default)
2023-05-04 20:14:07,225 [b4df0636-e8ba-4aa2-9ff9-49534f1768bf@group-D748948E6287-LeaderElection25] INFO  server.RaftServerConfigKeys (ConfUtils.java:logGet(46)) - raft.server.rpc.request.timeout = 60s (custom)
2023-05-04 20:14:07,225 [b4df0636-e8ba-4aa2-9ff9-49534f1768bf@group-D748948E6287-LeaderElection25] INFO  server.RaftServerConfigKeys (ConfUtils.java:logGet(46)) - raft.server.log.appender.install.snapshot.enabled = false (custom)
2023-05-04 20:14:07,228 [b4df0636-e8ba-4aa2-9ff9-49534f1768bf@group-D748948E6287-LeaderElection25] INFO  grpc.GrpcConfigKeys (ConfUtils.java:logGet(46)) - raft.grpc.server.heartbeat.channel = true (default)
2023-05-04 20:14:07,228 [7e411c01-6998-40d0-b507-5d7903264b15@group-D748948E6287-FollowerState] INFO  server.RaftServerConfigKeys (ConfUtils.java:logFallback(53)) - raft.server.rpc.first-election.timeout.min = 5s (fallback to raft.server.rpc.timeout.min)
2023-05-04 20:14:07,228 [b4df0636-e8ba-4aa2-9ff9-49534f1768bf@group-D748948E6287-LeaderElection25] INFO  server.RaftServerConfigKeys (ConfUtils.java:logGet(46)) - raft.server.log.appender.wait-time.min = 10ms (default)
2023-05-04 20:14:07,228 [7e411c01-6998-40d0-b507-5d7903264b15@group-D748948E6287-FollowerState] INFO  server.RaftServerConfigKeys (ConfUtils.java:logFallback(53)) - raft.server.rpc.first-election.timeout.max = 5200ms (fallback to raft.server.rpc.timeout.max)
2023-05-04 20:14:07,229 [b4df0636-e8ba-4aa2-9ff9-49534f1768bf@group-D748948E6287-LeaderElection25] INFO  server.RaftServerConfigKeys (ConfUtils.java:logGet(46)) - raft.server.log.appender.snapshot.chunk.size.max = 16MB (=16777216) (default)
2023-05-04 20:14:07,229 [b4df0636-e8ba-4aa2-9ff9-49534f1768bf@group-D748948E6287-LeaderElection25] INFO  server.RaftServerConfigKeys (ConfUtils.java:logGet(46)) - raft.server.log.appender.buffer.byte-limit = 33554432 (custom)
2023-05-04 20:14:07,229 [b4df0636-e8ba-4aa2-9ff9-49534f1768bf@group-D748948E6287-LeaderElection25] INFO  server.RaftServerConfigKeys (ConfUtils.java:logGet(46)) - raft.server.log.appender.buffer.element-limit = 1 (custom)
2023-05-04 20:14:07,229 [14e688c6-03f0-4578-94be-4c0bf8f01127@group-D748948E6287-FollowerState] INFO  server.RaftServerConfigKeys (ConfUtils.java:logFallback(53)) - raft.server.rpc.first-election.timeout.min = 5s (fallback to raft.server.rpc.timeout.min)
2023-05-04 20:14:07,229 [b4df0636-e8ba-4aa2-9ff9-49534f1768bf@group-D748948E6287-LeaderElection25] INFO  grpc.GrpcConfigKeys (ConfUtils.java:logGet(46)) - raft.grpc.server.leader.outstanding.appends.max = 128 (default)
2023-05-04 20:14:07,229 [b4df0636-e8ba-4aa2-9ff9-49534f1768bf@group-D748948E6287-LeaderElection25] INFO  server.RaftServerConfigKeys (ConfUtils.java:logGet(46)) - raft.server.rpc.request.timeout = 60s (custom)
2023-05-04 20:14:07,229 [b4df0636-e8ba-4aa2-9ff9-49534f1768bf@group-D748948E6287-LeaderElection25] INFO  server.RaftServerConfigKeys (ConfUtils.java:logGet(46)) - raft.server.log.appender.install.snapshot.enabled = false (custom)
2023-05-04 20:14:07,230 [b4df0636-e8ba-4aa2-9ff9-49534f1768bf@group-D748948E6287-LeaderElection25] INFO  grpc.GrpcConfigKeys (ConfUtils.java:logGet(46)) - raft.grpc.server.heartbeat.channel = true (default)
2023-05-04 20:14:07,230 [b4df0636-e8ba-4aa2-9ff9-49534f1768bf@group-D748948E6287-LeaderElection25] INFO  server.RaftServerConfigKeys (ConfUtils.java:logGet(46)) - raft.server.log.appender.wait-time.min = 10ms (default)
2023-05-04 20:14:07,230 [b4df0636-e8ba-4aa2-9ff9-49534f1768bf@group-D748948E6287-LeaderElection25] INFO  impl.RoleInfo (RoleInfo.java:updateAndGet(139)) - b4df0636-e8ba-4aa2-9ff9-49534f1768bf: start b4df0636-e8ba-4aa2-9ff9-49534f1768bf@group-D748948E6287-LeaderStateImpl
2023-05-04 20:14:07,230 [b4df0636-e8ba-4aa2-9ff9-49534f1768bf@group-D748948E6287-LeaderElection25] INFO  segmented.SegmentedRaftLogWorker (SegmentedRaftLogWorker.java:startLogSegment(452)) - b4df0636-e8ba-4aa2-9ff9-49534f1768bf@group-D748948E6287-SegmentedRaftLogWorker: Starting segment from index:0
2023-05-04 20:14:07,229 [14e688c6-03f0-4578-94be-4c0bf8f01127@group-D748948E6287-FollowerState] INFO  server.RaftServerConfigKeys (ConfUtils.java:logFallback(53)) - raft.server.rpc.first-election.timeout.max = 5200ms (fallback to raft.server.rpc.timeout.max)
2023-05-04 20:14:07,231 [grpc-default-executor-3] INFO  server.RaftServer$Division (RaftServerImpl.java:requestVote(1251)) - 14e688c6-03f0-4578-94be-4c0bf8f01127@group-D748948E6287 replies to ELECTION vote request: b4df0636-e8ba-4aa2-9ff9-49534f1768bf<-14e688c6-03f0-4578-94be-4c0bf8f01127#0:OK-t1. Peer's state: 14e688c6-03f0-4578-94be-4c0bf8f01127@group-D748948E6287:t1, leader=null, voted=b4df0636-e8ba-4aa2-9ff9-49534f1768bf, raftlog=Memoized:14e688c6-03f0-4578-94be-4c0bf8f01127@group-D748948E6287-SegmentedRaftLog:OPENED:c-1, conf=-1: peers:[b4df0636-e8ba-4aa2-9ff9-49534f1768bf|rpc:10.1.0.20:42357|dataStream:10.1.0.20:43847|priority:1|startupRole:FOLLOWER, 7e411c01-6998-40d0-b507-5d7903264b15|rpc:10.1.0.20:37977|dataStream:10.1.0.20:36461|priority:0|startupRole:FOLLOWER, 14e688c6-03f0-4578-94be-4c0bf8f01127|rpc:10.1.0.20:44235|dataStream:10.1.0.20:44165|priority:0|startupRole:FOLLOWER]|listeners:[], old=null
2023-05-04 20:14:07,232 [EventQueue-PipelineReportForPipelineReportHandler] INFO  pipeline.PipelineManagerImpl (PipelineManagerImpl.java:openPipeline(367)) - Pipeline Pipeline[ Id: 6a9d66cf-5e05-4438-8c8d-d748948e6287, Nodes: b4df0636-e8ba-4aa2-9ff9-49534f1768bf(fv-az804-457.cvtsq3ctpw5ehehiek0yp1ke0c.cx.internal.cloudapp.net/10.1.0.20)14e688c6-03f0-4578-94be-4c0bf8f01127(fv-az804-457.cvtsq3ctpw5ehehiek0yp1ke0c.cx.internal.cloudapp.net/10.1.0.20)7e411c01-6998-40d0-b507-5d7903264b15(fv-az804-457.cvtsq3ctpw5ehehiek0yp1ke0c.cx.internal.cloudapp.net/10.1.0.20), ReplicationConfig: RATIS/THREE, State:ALLOCATED, leaderId:b4df0636-e8ba-4aa2-9ff9-49534f1768bf, CreationTimestamp2023-05-04T20:13:59.492Z[Etc/UTC]] moved to OPEN state
2023-05-04 20:14:07,237 [b4df0636-e8ba-4aa2-9ff9-49534f1768bf@group-D748948E6287-SegmentedRaftLogWorker] INFO  segmented.SegmentedRaftLogWorker (SegmentedRaftLogWorker.java:execute(656)) - b4df0636-e8ba-4aa2-9ff9-49534f1768bf@group-D748948E6287-SegmentedRaftLogWorker: created new log segment /home/runner/work/ozone/ozone/hadoop-ozone/integration-test/target/test-dir/MiniOzoneClusterImpl-3ff5bc89-9620-4d46-84f6-68e3c2a3a822/datanode-11/data/ratis/6a9d66cf-5e05-4438-8c8d-d748948e6287/current/log_inprogress_0
2023-05-04 20:14:07,241 [b4df0636-e8ba-4aa2-9ff9-49534f1768bf@group-D748948E6287-LeaderElection25] INFO  server.RaftServer$Division (ServerState.java:setRaftConf(430)) - b4df0636-e8ba-4aa2-9ff9-49534f1768bf@group-D748948E6287: set configuration 0: peers:[b4df0636-e8ba-4aa2-9ff9-49534f1768bf|rpc:10.1.0.20:42357|dataStream:10.1.0.20:43847|priority:1|startupRole:FOLLOWER, 7e411c01-6998-40d0-b507-5d7903264b15|rpc:10.1.0.20:37977|dataStream:10.1.0.20:36461|priority:0|startupRole:FOLLOWER, 14e688c6-03f0-4578-94be-4c0bf8f01127|rpc:10.1.0.20:44235|dataStream:10.1.0.20:44165|priority:0|startupRole:FOLLOWER]|listeners:[], old=null
2023-05-04 20:14:07,245 [7e411c01-6998-40d0-b507-5d7903264b15-server-thread1] INFO  ratis.XceiverServerRatis (XceiverServerRatis.java:handleLeaderChangedNotification(904)) - Leader change notification received for group: group-D748948E6287 with new leaderId: b4df0636-e8ba-4aa2-9ff9-49534f1768bf
2023-05-04 20:14:07,245 [7e411c01-6998-40d0-b507-5d7903264b15-server-thread1] INFO  server.RaftServer$Division (ServerState.java:setLeader(313)) - 7e411c01-6998-40d0-b507-5d7903264b15@group-D748948E6287: change Leader from null to b4df0636-e8ba-4aa2-9ff9-49534f1768bf at term 1 for appendEntries, leader elected after 5322ms
2023-05-04 20:14:07,249 [14e688c6-03f0-4578-94be-4c0bf8f01127-server-thread1] INFO  ratis.XceiverServerRatis (XceiverServerRatis.java:handleLeaderChangedNotification(904)) - Leader change notification received for group: group-D748948E6287 with new leaderId: b4df0636-e8ba-4aa2-9ff9-49534f1768bf
2023-05-04 20:14:07,249 [14e688c6-03f0-4578-94be-4c0bf8f01127-server-thread1] INFO  server.RaftServer$Division (ServerState.java:setLeader(313)) - 14e688c6-03f0-4578-94be-4c0bf8f01127@group-D748948E6287: change Leader from null to b4df0636-e8ba-4aa2-9ff9-49534f1768bf at term 1 for appendEntries, leader elected after 5222ms
2023-05-04 20:14:07,250 [14e688c6-03f0-4578-94be-4c0bf8f01127-server-thread2] INFO  server.RaftServer$Division (ServerState.java:setRaftConf(430)) - 14e688c6-03f0-4578-94be-4c0bf8f01127@group-D748948E6287: set configuration 0: peers:[b4df0636-e8ba-4aa2-9ff9-49534f1768bf|rpc:10.1.0.20:42357|dataStream:10.1.0.20:43847|priority:1|startupRole:FOLLOWER, 7e411c01-6998-40d0-b507-5d7903264b15|rpc:10.1.0.20:37977|dataStream:10.1.0.20:36461|priority:0|startupRole:FOLLOWER, 14e688c6-03f0-4578-94be-4c0bf8f01127|rpc:10.1.0.20:44235|dataStream:10.1.0.20:44165|priority:0|startupRole:FOLLOWER]|listeners:[], old=null
2023-05-04 20:14:07,250 [14e688c6-03f0-4578-94be-4c0bf8f01127-server-thread2] INFO  segmented.SegmentedRaftLogWorker (SegmentedRaftLogWorker.java:startLogSegment(452)) - 14e688c6-03f0-4578-94be-4c0bf8f01127@group-D748948E6287-SegmentedRaftLogWorker: Starting segment from index:0
2023-05-04 20:14:07,251 [7e411c01-6998-40d0-b507-5d7903264b15-server-thread2] INFO  server.RaftServer$Division (ServerState.java:setRaftConf(430)) - 7e411c01-6998-40d0-b507-5d7903264b15@group-D748948E6287: set configuration 0: peers:[b4df0636-e8ba-4aa2-9ff9-49534f1768bf|rpc:10.1.0.20:42357|dataStream:10.1.0.20:43847|priority:1|startupRole:FOLLOWER, 7e411c01-6998-40d0-b507-5d7903264b15|rpc:10.1.0.20:37977|dataStream:10.1.0.20:36461|priority:0|startupRole:FOLLOWER, 14e688c6-03f0-4578-94be-4c0bf8f01127|rpc:10.1.0.20:44235|dataStream:10.1.0.20:44165|priority:0|startupRole:FOLLOWER]|listeners:[], old=null
2023-05-04 20:14:07,252 [7e411c01-6998-40d0-b507-5d7903264b15-server-thread2] INFO  segmented.SegmentedRaftLogWorker (SegmentedRaftLogWorker.java:startLogSegment(452)) - 7e411c01-6998-40d0-b507-5d7903264b15@group-D748948E6287-SegmentedRaftLogWorker: Starting segment from index:0
2023-05-04 20:14:07,256 [7e411c01-6998-40d0-b507-5d7903264b15@group-D748948E6287-SegmentedRaftLogWorker] INFO  segmented.SegmentedRaftLogWorker (SegmentedRaftLogWorker.java:execute(656)) - 7e411c01-6998-40d0-b507-5d7903264b15@group-D748948E6287-SegmentedRaftLogWorker: created new log segment /home/runner/work/ozone/ozone/hadoop-ozone/integration-test/target/test-dir/MiniOzoneClusterImpl-3ff5bc89-9620-4d46-84f6-68e3c2a3a822/datanode-9/data/ratis/6a9d66cf-5e05-4438-8c8d-d748948e6287/current/log_inprogress_0
2023-05-04 20:14:07,258 [14e688c6-03f0-4578-94be-4c0bf8f01127@group-D748948E6287-SegmentedRaftLogWorker] INFO  segmented.SegmentedRaftLogWorker (SegmentedRaftLogWorker.java:execute(656)) - 14e688c6-03f0-4578-94be-4c0bf8f01127@group-D748948E6287-SegmentedRaftLogWorker: created new log segment /home/runner/work/ozone/ozone/hadoop-ozone/integration-test/target/test-dir/MiniOzoneClusterImpl-3ff5bc89-9620-4d46-84f6-68e3c2a3a822/datanode-10/data/ratis/6a9d66cf-5e05-4438-8c8d-d748948e6287/current/log_inprogress_0
2023-05-04 20:14:07,653 [b4df0636-e8ba-4aa2-9ff9-49534f1768bf@group-BFA1CA1B2DE3-FollowerState] INFO  impl.FollowerState (FollowerState.java:run(143)) - b4df0636-e8ba-4aa2-9ff9-49534f1768bf@group-BFA1CA1B2DE3-FollowerState: change to CANDIDATE, lastRpcElapsedTime:5056510032ns, electionTimeout:5053ms
2023-05-04 20:14:07,653 [b4df0636-e8ba-4aa2-9ff9-49534f1768bf@group-BFA1CA1B2DE3-FollowerState] INFO  impl.RoleInfo (RoleInfo.java:shutdownFollowerState(110)) - b4df0636-e8ba-4aa2-9ff9-49534f1768bf: shutdown b4df0636-e8ba-4aa2-9ff9-49534f1768bf@group-BFA1CA1B2DE3-FollowerState
2023-05-04 20:14:07,653 [b4df0636-e8ba-4aa2-9ff9-49534f1768bf@group-BFA1CA1B2DE3-FollowerState] INFO  server.RaftServer$Division (RaftServerImpl.java:setRole(321)) - b4df0636-e8ba-4aa2-9ff9-49534f1768bf@group-BFA1CA1B2DE3: changes role from  FOLLOWER to CANDIDATE at term 0 for changeToCandidate
2023-05-04 20:14:07,654 [b4df0636-e8ba-4aa2-9ff9-49534f1768bf@group-BFA1CA1B2DE3-FollowerState] INFO  server.RaftServerConfigKeys (ConfUtils.java:logGet(46)) - raft.server.leaderelection.pre-vote = true (default)
2023-05-04 20:14:07,654 [b4df0636-e8ba-4aa2-9ff9-49534f1768bf@group-BFA1CA1B2DE3-FollowerState] INFO  impl.RoleInfo (RoleInfo.java:updateAndGet(139)) - b4df0636-e8ba-4aa2-9ff9-49534f1768bf: start b4df0636-e8ba-4aa2-9ff9-49534f1768bf@group-BFA1CA1B2DE3-LeaderElection29
2023-05-04 20:14:07,656 [b4df0636-e8ba-4aa2-9ff9-49534f1768bf@group-BFA1CA1B2DE3-LeaderElection29] INFO  impl.LeaderElection (LeaderElection.java:askForVotes(312)) - b4df0636-e8ba-4aa2-9ff9-49534f1768bf@group-BFA1CA1B2DE3-LeaderElection29 PRE_VOTE round 0: submit vote requests at term 0 for -1: peers:[b4df0636-e8ba-4aa2-9ff9-49534f1768bf|rpc:10.1.0.20:42357|dataStream:10.1.0.20:43847|priority:1|startupRole:FOLLOWER]|listeners:[], old=null
2023-05-04 20:14:07,656 [b4df0636-e8ba-4aa2-9ff9-49534f1768bf@group-BFA1CA1B2DE3-LeaderElection29] INFO  impl.LeaderElection (LeaderElection.java:askForVotes(314)) - b4df0636-e8ba-4aa2-9ff9-49534f1768bf@group-BFA1CA1B2DE3-LeaderElection29 PRE_VOTE round 0: result PASSED (term=0)
2023-05-04 20:14:07,657 [b4df0636-e8ba-4aa2-9ff9-49534f1768bf@group-BFA1CA1B2DE3-LeaderElection29] INFO  impl.LeaderElection (LeaderElection.java:askForVotes(312)) - b4df0636-e8ba-4aa2-9ff9-49534f1768bf@group-BFA1CA1B2DE3-LeaderElection29 ELECTION round 0: submit vote requests at term 1 for -1: peers:[b4df0636-e8ba-4aa2-9ff9-49534f1768bf|rpc:10.1.0.20:42357|dataStream:10.1.0.20:43847|priority:1|startupRole:FOLLOWER]|listeners:[], old=null
2023-05-04 20:14:07,657 [b4df0636-e8ba-4aa2-9ff9-49534f1768bf@group-BFA1CA1B2DE3-LeaderElection29] INFO  impl.LeaderElection (LeaderElection.java:askForVotes(314)) - b4df0636-e8ba-4aa2-9ff9-49534f1768bf@group-BFA1CA1B2DE3-LeaderElection29 ELECTION round 0: result PASSED (term=1)
2023-05-04 20:14:07,658 [b4df0636-e8ba-4aa2-9ff9-49534f1768bf@group-BFA1CA1B2DE3-LeaderElection29] INFO  impl.RoleInfo (RoleInfo.java:shutdownLeaderElection(130)) - b4df0636-e8ba-4aa2-9ff9-49534f1768bf: shutdown b4df0636-e8ba-4aa2-9ff9-49534f1768bf@group-BFA1CA1B2DE3-LeaderElection29
2023-05-04 20:14:07,658 [b4df0636-e8ba-4aa2-9ff9-49534f1768bf@group-BFA1CA1B2DE3-LeaderElection29] INFO  server.RaftServer$Division (RaftServerImpl.java:setRole(321)) - b4df0636-e8ba-4aa2-9ff9-49534f1768bf@group-BFA1CA1B2DE3: changes role from CANDIDATE to LEADER at term 1 for changeToLeader
2023-05-04 20:14:07,658 [b4df0636-e8ba-4aa2-9ff9-49534f1768bf@group-BFA1CA1B2DE3-LeaderElection29] INFO  ratis.XceiverServerRatis (XceiverServerRatis.java:handleLeaderChangedNotification(904)) - Leader change notification received for group: group-BFA1CA1B2DE3 with new leaderId: b4df0636-e8ba-4aa2-9ff9-49534f1768bf
2023-05-04 20:14:07,658 [b4df0636-e8ba-4aa2-9ff9-49534f1768bf@group-BFA1CA1B2DE3-LeaderElection29] INFO  server.RaftServer$Division (ServerState.java:setLeader(313)) - b4df0636-e8ba-4aa2-9ff9-49534f1768bf@group-BFA1CA1B2DE3: change Leader from null to b4df0636-e8ba-4aa2-9ff9-49534f1768bf at term 1 for becomeLeader, leader elected after 5111ms
2023-05-04 20:14:07,658 [b4df0636-e8ba-4aa2-9ff9-49534f1768bf@group-BFA1CA1B2DE3-LeaderElection29] INFO  server.RaftServerConfigKeys (ConfUtils.java:logGet(46)) - raft.server.staging.catchup.gap = 1000 (default)
2023-05-04 20:14:07,658 [b4df0636-e8ba-4aa2-9ff9-49534f1768bf@group-BFA1CA1B2DE3-LeaderElection29] INFO  server.RaftServerConfigKeys (ConfUtils.java:logGet(46)) - raft.server.write.element-limit = 1024 (custom)
2023-05-04 20:14:07,658 [b4df0636-e8ba-4aa2-9ff9-49534f1768bf@group-BFA1CA1B2DE3-LeaderElection29] INFO  server.RaftServerConfigKeys (ConfUtils.java:logGet(46)) - raft.server.write.byte-limit = 1024 M (=1073741824) (custom)
2023-05-04 20:14:07,659 [b4df0636-e8ba-4aa2-9ff9-49534f1768bf@group-BFA1CA1B2DE3-LeaderElection29] INFO  server.RaftServerConfigKeys (ConfUtils.java:logGet(46)) - raft.server.watch.timeout = 180s (custom)
2023-05-04 20:14:07,659 [b4df0636-e8ba-4aa2-9ff9-49534f1768bf@group-BFA1CA1B2DE3-LeaderElection29] INFO  server.RaftServerConfigKeys (ConfUtils.java:logGet(46)) - raft.server.watch.timeout.denomination = 1s (default)
2023-05-04 20:14:07,659 [b4df0636-e8ba-4aa2-9ff9-49534f1768bf@group-BFA1CA1B2DE3-LeaderElection29] INFO  server.RaftServerConfigKeys (ConfUtils.java:logGet(46)) - raft.server.watch.element-limit = 65536 (default)
2023-05-04 20:14:07,659 [b4df0636-e8ba-4aa2-9ff9-49534f1768bf@group-BFA1CA1B2DE3-LeaderElection29] INFO  server.RaftServerConfigKeys (ConfUtils.java:logGet(46)) - raft.server.write.element-limit = 1024 (custom)
2023-05-04 20:14:07,659 [b4df0636-e8ba-4aa2-9ff9-49534f1768bf@group-BFA1CA1B2DE3-LeaderElection29] INFO  server.RaftServerConfigKeys (ConfUtils.java:logGet(46)) - raft.server.write.follower.gap.ratio.max = -1.0 (default)
2023-05-04 20:14:07,659 [b4df0636-e8ba-4aa2-9ff9-49534f1768bf@group-BFA1CA1B2DE3-LeaderElection29] INFO  impl.RoleInfo (RoleInfo.java:updateAndGet(139)) - b4df0636-e8ba-4aa2-9ff9-49534f1768bf: start b4df0636-e8ba-4aa2-9ff9-49534f1768bf@group-BFA1CA1B2DE3-LeaderStateImpl
2023-05-04 20:14:07,660 [b4df0636-e8ba-4aa2-9ff9-49534f1768bf@group-BFA1CA1B2DE3-LeaderElection29] INFO  segmented.SegmentedRaftLogWorker (SegmentedRaftLogWorker.java:startLogSegment(452)) - b4df0636-e8ba-4aa2-9ff9-49534f1768bf@group-BFA1CA1B2DE3-SegmentedRaftLogWorker: Starting segment from index:0
2023-05-04 20:14:07,660 [b4df0636-e8ba-4aa2-9ff9-49534f1768bf@group-BFA1CA1B2DE3-LeaderElection29] INFO  server.RaftServer$Division (ServerState.java:setRaftConf(430)) - b4df0636-e8ba-4aa2-9ff9-49534f1768bf@group-BFA1CA1B2DE3: set configuration 0: peers:[b4df0636-e8ba-4aa2-9ff9-49534f1768bf|rpc:10.1.0.20:42357|dataStream:10.1.0.20:43847|priority:1|startupRole:FOLLOWER]|listeners:[], old=null
2023-05-04 20:14:07,664 [b4df0636-e8ba-4aa2-9ff9-49534f1768bf@group-BFA1CA1B2DE3-SegmentedRaftLogWorker] INFO  segmented.SegmentedRaftLogWorker (SegmentedRaftLogWorker.java:execute(656)) - b4df0636-e8ba-4aa2-9ff9-49534f1768bf@group-BFA1CA1B2DE3-SegmentedRaftLogWorker: created new log segment /home/runner/work/ozone/ozone/hadoop-ozone/integration-test/target/test-dir/MiniOzoneClusterImpl-3ff5bc89-9620-4d46-84f6-68e3c2a3a822/datanode-11/data/ratis/0f7c704f-42eb-458f-9516-bfa1ca1b2de3/current/log_inprogress_0
2023-05-04 20:14:07,703 [7e411c01-6998-40d0-b507-5d7903264b15@group-F35E2D3C19FB-FollowerState] INFO  impl.FollowerState (FollowerState.java:run(143)) - 7e411c01-6998-40d0-b507-5d7903264b15@group-F35E2D3C19FB-FollowerState: change to CANDIDATE, lastRpcElapsedTime:5161987165ns, electionTimeout:5151ms
2023-05-04 20:14:07,704 [7e411c01-6998-40d0-b507-5d7903264b15@group-F35E2D3C19FB-FollowerState] INFO  impl.RoleInfo (RoleInfo.java:shutdownFollowerState(110)) - 7e411c01-6998-40d0-b507-5d7903264b15: shutdown 7e411c01-6998-40d0-b507-5d7903264b15@group-F35E2D3C19FB-FollowerState
2023-05-04 20:14:07,704 [7e411c01-6998-40d0-b507-5d7903264b15@group-F35E2D3C19FB-FollowerState] INFO  server.RaftServer$Division (RaftServerImpl.java:setRole(321)) - 7e411c01-6998-40d0-b507-5d7903264b15@group-F35E2D3C19FB: changes role from  FOLLOWER to CANDIDATE at term 0 for changeToCandidate
2023-05-04 20:14:07,704 [7e411c01-6998-40d0-b507-5d7903264b15@group-F35E2D3C19FB-FollowerState] INFO  server.RaftServerConfigKeys (ConfUtils.java:logGet(46)) - raft.server.leaderelection.pre-vote = true (default)
2023-05-04 20:14:07,704 [7e411c01-6998-40d0-b507-5d7903264b15@group-F35E2D3C19FB-FollowerState] INFO  impl.RoleInfo (RoleInfo.java:updateAndGet(139)) - 7e411c01-6998-40d0-b507-5d7903264b15: start 7e411c01-6998-40d0-b507-5d7903264b15@group-F35E2D3C19FB-LeaderElection30
2023-05-04 20:14:07,708 [7e411c01-6998-40d0-b507-5d7903264b15@group-F35E2D3C19FB-LeaderElection30] INFO  impl.LeaderElection (LeaderElection.java:askForVotes(312)) - 7e411c01-6998-40d0-b507-5d7903264b15@group-F35E2D3C19FB-LeaderElection30 PRE_VOTE round 0: submit vote requests at term 0 for -1: peers:[b4df0636-e8ba-4aa2-9ff9-49534f1768bf|rpc:10.1.0.20:42357|dataStream:10.1.0.20:43847|priority:0|startupRole:FOLLOWER, 7e411c01-6998-40d0-b507-5d7903264b15|rpc:10.1.0.20:37977|dataStream:10.1.0.20:36461|priority:1|startupRole:FOLLOWER, 14e688c6-03f0-4578-94be-4c0bf8f01127|rpc:10.1.0.20:44235|dataStream:10.1.0.20:44165|priority:0|startupRole:FOLLOWER]|listeners:[], old=null
2023-05-04 20:14:07,709 [7e411c01-6998-40d0-b507-5d7903264b15@group-F35E2D3C19FB-LeaderElection30] INFO  server.RaftServerConfigKeys (ConfUtils.java:logFallback(53)) - raft.server.rpc.first-election.timeout.min = 5s (fallback to raft.server.rpc.timeout.min)
2023-05-04 20:14:07,709 [7e411c01-6998-40d0-b507-5d7903264b15@group-F35E2D3C19FB-LeaderElection30] INFO  server.RaftServerConfigKeys (ConfUtils.java:logFallback(53)) - raft.server.rpc.first-election.timeout.max = 5200ms (fallback to raft.server.rpc.timeout.max)
2023-05-04 20:14:07,710 [grpc-default-executor-2] INFO  server.RaftServer$Division (RaftServerImpl.java:requestVote(1218)) - b4df0636-e8ba-4aa2-9ff9-49534f1768bf@group-F35E2D3C19FB: receive requestVote(PRE_VOTE, 7e411c01-6998-40d0-b507-5d7903264b15, group-F35E2D3C19FB, 0, (t:0, i:0))
2023-05-04 20:14:07,710 [grpc-default-executor-2] INFO  impl.VoteContext (VoteContext.java:log(49)) - b4df0636-e8ba-4aa2-9ff9-49534f1768bf@group-F35E2D3C19FB-FOLLOWER: accept PRE_VOTE from 7e411c01-6998-40d0-b507-5d7903264b15: our priority 0 <= candidate's priority 1
2023-05-04 20:14:07,710 [grpc-default-executor-2] INFO  server.RaftServer$Division (RaftServerImpl.java:requestVote(1251)) - b4df0636-e8ba-4aa2-9ff9-49534f1768bf@group-F35E2D3C19FB replies to PRE_VOTE vote request: 7e411c01-6998-40d0-b507-5d7903264b15<-b4df0636-e8ba-4aa2-9ff9-49534f1768bf#0:OK-t0. Peer's state: b4df0636-e8ba-4aa2-9ff9-49534f1768bf@group-F35E2D3C19FB:t0, leader=null, voted=, raftlog=Memoized:b4df0636-e8ba-4aa2-9ff9-49534f1768bf@group-F35E2D3C19FB-SegmentedRaftLog:OPENED:c-1, conf=-1: peers:[b4df0636-e8ba-4aa2-9ff9-49534f1768bf|rpc:10.1.0.20:42357|dataStream:10.1.0.20:43847|priority:0|startupRole:FOLLOWER, 7e411c01-6998-40d0-b507-5d7903264b15|rpc:10.1.0.20:37977|dataStream:10.1.0.20:36461|priority:1|startupRole:FOLLOWER, 14e688c6-03f0-4578-94be-4c0bf8f01127|rpc:10.1.0.20:44235|dataStream:10.1.0.20:44165|priority:0|startupRole:FOLLOWER]|listeners:[], old=null
2023-05-04 20:14:07,711 [grpc-default-executor-2] INFO  server.RaftServer$Division (RaftServerImpl.java:requestVote(1218)) - 14e688c6-03f0-4578-94be-4c0bf8f01127@group-F35E2D3C19FB: receive requestVote(PRE_VOTE, 7e411c01-6998-40d0-b507-5d7903264b15, group-F35E2D3C19FB, 0, (t:0, i:0))
2023-05-04 20:14:07,711 [grpc-default-executor-2] INFO  impl.VoteContext (VoteContext.java:log(49)) - 14e688c6-03f0-4578-94be-4c0bf8f01127@group-F35E2D3C19FB-FOLLOWER: accept PRE_VOTE from 7e411c01-6998-40d0-b507-5d7903264b15: our priority 0 <= candidate's priority 1
2023-05-04 20:14:07,711 [grpc-default-executor-2] INFO  server.RaftServer$Division (RaftServerImpl.java:requestVote(1251)) - 14e688c6-03f0-4578-94be-4c0bf8f01127@group-F35E2D3C19FB replies to PRE_VOTE vote request: 7e411c01-6998-40d0-b507-5d7903264b15<-14e688c6-03f0-4578-94be-4c0bf8f01127#0:OK-t0. Peer's state: 14e688c6-03f0-4578-94be-4c0bf8f01127@group-F35E2D3C19FB:t0, leader=null, voted=, raftlog=Memoized:14e688c6-03f0-4578-94be-4c0bf8f01127@group-F35E2D3C19FB-SegmentedRaftLog:OPENED:c-1, conf=-1: peers:[b4df0636-e8ba-4aa2-9ff9-49534f1768bf|rpc:10.1.0.20:42357|dataStream:10.1.0.20:43847|priority:0|startupRole:FOLLOWER, 7e411c01-6998-40d0-b507-5d7903264b15|rpc:10.1.0.20:37977|dataStream:10.1.0.20:36461|priority:1|startupRole:FOLLOWER, 14e688c6-03f0-4578-94be-4c0bf8f01127|rpc:10.1.0.20:44235|dataStream:10.1.0.20:44165|priority:0|startupRole:FOLLOWER]|listeners:[], old=null
2023-05-04 20:14:07,712 [7e411c01-6998-40d0-b507-5d7903264b15@group-F35E2D3C19FB-LeaderElection30] INFO  impl.LeaderElection (LeaderElection.java:logAndReturn(90)) - 7e411c01-6998-40d0-b507-5d7903264b15@group-F35E2D3C19FB-LeaderElection30: PRE_VOTE PASSED received 1 response(s) and 0 exception(s):
2023-05-04 20:14:07,712 [7e411c01-6998-40d0-b507-5d7903264b15@group-F35E2D3C19FB-LeaderElection30] INFO  impl.LeaderElection (LeaderElection.java:logAndReturn(94)) -   Response 0: 7e411c01-6998-40d0-b507-5d7903264b15<-b4df0636-e8ba-4aa2-9ff9-49534f1768bf#0:OK-t0
2023-05-04 20:14:07,712 [7e411c01-6998-40d0-b507-5d7903264b15@group-F35E2D3C19FB-LeaderElection30] INFO  impl.LeaderElection (LeaderElection.java:askForVotes(314)) - 7e411c01-6998-40d0-b507-5d7903264b15@group-F35E2D3C19FB-LeaderElection30 PRE_VOTE round 0: result PASSED
2023-05-04 20:14:07,713 [7e411c01-6998-40d0-b507-5d7903264b15@group-F35E2D3C19FB-LeaderElection30] INFO  impl.LeaderElection (LeaderElection.java:askForVotes(312)) - 7e411c01-6998-40d0-b507-5d7903264b15@group-F35E2D3C19FB-LeaderElection30 ELECTION round 0: submit vote requests at term 1 for -1: peers:[b4df0636-e8ba-4aa2-9ff9-49534f1768bf|rpc:10.1.0.20:42357|dataStream:10.1.0.20:43847|priority:0|startupRole:FOLLOWER, 7e411c01-6998-40d0-b507-5d7903264b15|rpc:10.1.0.20:37977|dataStream:10.1.0.20:36461|priority:1|startupRole:FOLLOWER, 14e688c6-03f0-4578-94be-4c0bf8f01127|rpc:10.1.0.20:44235|dataStream:10.1.0.20:44165|priority:0|startupRole:FOLLOWER]|listeners:[], old=null
2023-05-04 20:14:07,714 [7e411c01-6998-40d0-b507-5d7903264b15@group-F35E2D3C19FB-LeaderElection30] INFO  server.RaftServerConfigKeys (ConfUtils.java:logFallback(53)) - raft.server.rpc.first-election.timeout.min = 5s (fallback to raft.server.rpc.timeout.min)
2023-05-04 20:14:07,714 [7e411c01-6998-40d0-b507-5d7903264b15@group-F35E2D3C19FB-LeaderElection30] INFO  server.RaftServerConfigKeys (ConfUtils.java:logFallback(53)) - raft.server.rpc.first-election.timeout.max = 5200ms (fallback to raft.server.rpc.timeout.max)
2023-05-04 20:14:07,714 [grpc-default-executor-2] INFO  server.RaftServer$Division (RaftServerImpl.java:requestVote(1218)) - b4df0636-e8ba-4aa2-9ff9-49534f1768bf@group-F35E2D3C19FB: receive requestVote(ELECTION, 7e411c01-6998-40d0-b507-5d7903264b15, group-F35E2D3C19FB, 1, (t:0, i:0))
2023-05-04 20:14:07,714 [grpc-default-executor-2] INFO  impl.VoteContext (VoteContext.java:log(49)) - b4df0636-e8ba-4aa2-9ff9-49534f1768bf@group-F35E2D3C19FB-FOLLOWER: accept ELECTION from 7e411c01-6998-40d0-b507-5d7903264b15: our priority 0 <= candidate's priority 1
2023-05-04 20:14:07,714 [grpc-default-executor-2] INFO  server.RaftServer$Division (RaftServerImpl.java:setRole(321)) - b4df0636-e8ba-4aa2-9ff9-49534f1768bf@group-F35E2D3C19FB: changes role from  FOLLOWER to FOLLOWER at term 1 for candidate:7e411c01-6998-40d0-b507-5d7903264b15
2023-05-04 20:14:07,714 [grpc-default-executor-2] INFO  impl.RoleInfo (RoleInfo.java:shutdownFollowerState(110)) - b4df0636-e8ba-4aa2-9ff9-49534f1768bf: shutdown b4df0636-e8ba-4aa2-9ff9-49534f1768bf@group-F35E2D3C19FB-FollowerState
2023-05-04 20:14:07,714 [grpc-default-executor-2] INFO  impl.RoleInfo (RoleInfo.java:updateAndGet(139)) - b4df0636-e8ba-4aa2-9ff9-49534f1768bf: start b4df0636-e8ba-4aa2-9ff9-49534f1768bf@group-F35E2D3C19FB-FollowerState
2023-05-04 20:14:07,714 [b4df0636-e8ba-4aa2-9ff9-49534f1768bf@group-F35E2D3C19FB-FollowerState] INFO  impl.FollowerState (FollowerState.java:run(152)) - b4df0636-e8ba-4aa2-9ff9-49534f1768bf@group-F35E2D3C19FB-FollowerState was interrupted
2023-05-04 20:14:07,718 [grpc-default-executor-3] INFO  server.RaftServer$Division (RaftServerImpl.java:requestVote(1218)) - 14e688c6-03f0-4578-94be-4c0bf8f01127@group-F35E2D3C19FB: receive requestVote(ELECTION, 7e411c01-6998-40d0-b507-5d7903264b15, group-F35E2D3C19FB, 1, (t:0, i:0))
2023-05-04 20:14:07,728 [grpc-default-executor-3] INFO  impl.VoteContext (VoteContext.java:log(49)) - 14e688c6-03f0-4578-94be-4c0bf8f01127@group-F35E2D3C19FB-FOLLOWER: accept ELECTION from 7e411c01-6998-40d0-b507-5d7903264b15: our priority 0 <= candidate's priority 1
2023-05-04 20:14:07,728 [grpc-default-executor-3] INFO  server.RaftServer$Division (RaftServerImpl.java:setRole(321)) - 14e688c6-03f0-4578-94be-4c0bf8f01127@group-F35E2D3C19FB: changes role from  FOLLOWER to FOLLOWER at term 1 for candidate:7e411c01-6998-40d0-b507-5d7903264b15
2023-05-04 20:14:07,728 [grpc-default-executor-3] INFO  impl.RoleInfo (RoleInfo.java:shutdownFollowerState(110)) - 14e688c6-03f0-4578-94be-4c0bf8f01127: shutdown 14e688c6-03f0-4578-94be-4c0bf8f01127@group-F35E2D3C19FB-FollowerState
2023-05-04 20:14:07,728 [grpc-default-executor-3] INFO  impl.RoleInfo (RoleInfo.java:updateAndGet(139)) - 14e688c6-03f0-4578-94be-4c0bf8f01127: start 14e688c6-03f0-4578-94be-4c0bf8f01127@group-F35E2D3C19FB-FollowerState
2023-05-04 20:14:07,728 [14e688c6-03f0-4578-94be-4c0bf8f01127@group-F35E2D3C19FB-FollowerState] INFO  impl.FollowerState (FollowerState.java:run(152)) - 14e688c6-03f0-4578-94be-4c0bf8f01127@group-F35E2D3C19FB-FollowerState was interrupted
2023-05-04 20:14:07,729 [b4df0636-e8ba-4aa2-9ff9-49534f1768bf@group-F35E2D3C19FB-FollowerState] INFO  server.RaftServerConfigKeys (ConfUtils.java:logFallback(53)) - raft.server.rpc.first-election.timeout.min = 5s (fallback to raft.server.rpc.timeout.min)
2023-05-04 20:14:07,730 [b4df0636-e8ba-4aa2-9ff9-49534f1768bf@group-F35E2D3C19FB-FollowerState] INFO  server.RaftServerConfigKeys (ConfUtils.java:logFallback(53)) - raft.server.rpc.first-election.timeout.max = 5200ms (fallback to raft.server.rpc.timeout.max)
2023-05-04 20:14:07,730 [14e688c6-03f0-4578-94be-4c0bf8f01127@group-F35E2D3C19FB-FollowerState] INFO  server.RaftServerConfigKeys (ConfUtils.java:logFallback(53)) - raft.server.rpc.first-election.timeout.min = 5s (fallback to raft.server.rpc.timeout.min)
2023-05-04 20:14:07,730 [grpc-default-executor-3] INFO  server.RaftServer$Division (RaftServerImpl.java:requestVote(1251)) - 14e688c6-03f0-4578-94be-4c0bf8f01127@group-F35E2D3C19FB replies to ELECTION vote request: 7e411c01-6998-40d0-b507-5d7903264b15<-14e688c6-03f0-4578-94be-4c0bf8f01127#0:OK-t1. Peer's state: 14e688c6-03f0-4578-94be-4c0bf8f01127@group-F35E2D3C19FB:t1, leader=null, voted=7e411c01-6998-40d0-b507-5d7903264b15, raftlog=Memoized:14e688c6-03f0-4578-94be-4c0bf8f01127@group-F35E2D3C19FB-SegmentedRaftLog:OPENED:c-1, conf=-1: peers:[b4df0636-e8ba-4aa2-9ff9-49534f1768bf|rpc:10.1.0.20:42357|dataStream:10.1.0.20:43847|priority:0|startupRole:FOLLOWER, 7e411c01-6998-40d0-b507-5d7903264b15|rpc:10.1.0.20:37977|dataStream:10.1.0.20:36461|priority:1|startupRole:FOLLOWER, 14e688c6-03f0-4578-94be-4c0bf8f01127|rpc:10.1.0.20:44235|dataStream:10.1.0.20:44165|priority:0|startupRole:FOLLOWER]|listeners:[], old=null
2023-05-04 20:14:07,730 [grpc-default-executor-2] INFO  server.RaftServer$Division (RaftServerImpl.java:requestVote(1251)) - b4df0636-e8ba-4aa2-9ff9-49534f1768bf@group-F35E2D3C19FB replies to ELECTION vote request: 7e411c01-6998-40d0-b507-5d7903264b15<-b4df0636-e8ba-4aa2-9ff9-49534f1768bf#0:OK-t1. Peer's state: b4df0636-e8ba-4aa2-9ff9-49534f1768bf@group-F35E2D3C19FB:t1, leader=null, voted=7e411c01-6998-40d0-b507-5d7903264b15, raftlog=Memoized:b4df0636-e8ba-4aa2-9ff9-49534f1768bf@group-F35E2D3C19FB-SegmentedRaftLog:OPENED:c-1, conf=-1: peers:[b4df0636-e8ba-4aa2-9ff9-49534f1768bf|rpc:10.1.0.20:42357|dataStream:10.1.0.20:43847|priority:0|startupRole:FOLLOWER, 7e411c01-6998-40d0-b507-5d7903264b15|rpc:10.1.0.20:37977|dataStream:10.1.0.20:36461|priority:1|startupRole:FOLLOWER, 14e688c6-03f0-4578-94be-4c0bf8f01127|rpc:10.1.0.20:44235|dataStream:10.1.0.20:44165|priority:0|startupRole:FOLLOWER]|listeners:[], old=null
2023-05-04 20:14:07,731 [7e411c01-6998-40d0-b507-5d7903264b15@group-F35E2D3C19FB-LeaderElection30] INFO  impl.LeaderElection (LeaderElection.java:logAndReturn(90)) - 7e411c01-6998-40d0-b507-5d7903264b15@group-F35E2D3C19FB-LeaderElection30: ELECTION PASSED received 1 response(s) and 0 exception(s):
2023-05-04 20:14:07,731 [7e411c01-6998-40d0-b507-5d7903264b15@group-F35E2D3C19FB-LeaderElection30] INFO  impl.LeaderElection (LeaderElection.java:logAndReturn(94)) -   Response 0: 7e411c01-6998-40d0-b507-5d7903264b15<-14e688c6-03f0-4578-94be-4c0bf8f01127#0:OK-t1
2023-05-04 20:14:07,731 [7e411c01-6998-40d0-b507-5d7903264b15@group-F35E2D3C19FB-LeaderElection30] INFO  impl.LeaderElection (LeaderElection.java:askForVotes(314)) - 7e411c01-6998-40d0-b507-5d7903264b15@group-F35E2D3C19FB-LeaderElection30 ELECTION round 0: result PASSED
2023-05-04 20:14:07,732 [7e411c01-6998-40d0-b507-5d7903264b15@group-F35E2D3C19FB-LeaderElection30] INFO  impl.RoleInfo (RoleInfo.java:shutdownLeaderElection(130)) - 7e411c01-6998-40d0-b507-5d7903264b15: shutdown 7e411c01-6998-40d0-b507-5d7903264b15@group-F35E2D3C19FB-LeaderElection30
2023-05-04 20:14:07,732 [7e411c01-6998-40d0-b507-5d7903264b15@group-F35E2D3C19FB-LeaderElection30] INFO  server.RaftServer$Division (RaftServerImpl.java:setRole(321)) - 7e411c01-6998-40d0-b507-5d7903264b15@group-F35E2D3C19FB: changes role from CANDIDATE to LEADER at term 1 for changeToLeader
2023-05-04 20:14:07,732 [14e688c6-03f0-4578-94be-4c0bf8f01127@group-F35E2D3C19FB-FollowerState] INFO  server.RaftServerConfigKeys (ConfUtils.java:logFallback(53)) - raft.server.rpc.first-election.timeout.max = 5200ms (fallback to raft.server.rpc.timeout.max)
2023-05-04 20:14:07,732 [7e411c01-6998-40d0-b507-5d7903264b15@group-F35E2D3C19FB-LeaderElection30] INFO  ratis.XceiverServerRatis (XceiverServerRatis.java:handleLeaderChangedNotification(904)) - Leader change notification received for group: group-F35E2D3C19FB with new leaderId: 7e411c01-6998-40d0-b507-5d7903264b15
2023-05-04 20:14:07,732 [7e411c01-6998-40d0-b507-5d7903264b15@group-F35E2D3C19FB-LeaderElection30] INFO  server.RaftServer$Division (ServerState.java:setLeader(313)) - 7e411c01-6998-40d0-b507-5d7903264b15@group-F35E2D3C19FB: change Leader from null to 7e411c01-6998-40d0-b507-5d7903264b15 at term 1 for becomeLeader, leader elected after 5670ms
2023-05-04 20:14:07,732 [7e411c01-6998-40d0-b507-5d7903264b15@group-F35E2D3C19FB-LeaderElection30] INFO  server.RaftServerConfigKeys (ConfUtils.java:logGet(46)) - raft.server.staging.catchup.gap = 1000 (default)
2023-05-04 20:14:07,733 [7e411c01-6998-40d0-b507-5d7903264b15@group-F35E2D3C19FB-LeaderElection30] INFO  server.RaftServerConfigKeys (ConfUtils.java:logGet(46)) - raft.server.write.element-limit = 1024 (custom)
2023-05-04 20:14:07,733 [7e411c01-6998-40d0-b507-5d7903264b15@group-F35E2D3C19FB-LeaderElection30] INFO  server.RaftServerConfigKeys (ConfUtils.java:logGet(46)) - raft.server.write.byte-limit = 1024 M (=1073741824) (custom)
2023-05-04 20:14:07,733 [7e411c01-6998-40d0-b507-5d7903264b15@group-F35E2D3C19FB-LeaderElection30] INFO  server.RaftServerConfigKeys (ConfUtils.java:logGet(46)) - raft.server.watch.timeout = 180s (custom)
2023-05-04 20:14:07,733 [7e411c01-6998-40d0-b507-5d7903264b15@group-F35E2D3C19FB-LeaderElection30] INFO  server.RaftServerConfigKeys (ConfUtils.java:logGet(46)) - raft.server.watch.timeout.denomination = 1s (default)
2023-05-04 20:14:07,733 [7e411c01-6998-40d0-b507-5d7903264b15@group-F35E2D3C19FB-LeaderElection30] INFO  server.RaftServerConfigKeys (ConfUtils.java:logGet(46)) - raft.server.watch.element-limit = 65536 (default)
2023-05-04 20:14:07,733 [7e411c01-6998-40d0-b507-5d7903264b15@group-F35E2D3C19FB-LeaderElection30] INFO  server.RaftServerConfigKeys (ConfUtils.java:logGet(46)) - raft.server.write.element-limit = 1024 (custom)
2023-05-04 20:14:07,733 [7e411c01-6998-40d0-b507-5d7903264b15@group-F35E2D3C19FB-LeaderElection30] INFO  server.RaftServerConfigKeys (ConfUtils.java:logGet(46)) - raft.server.write.follower.gap.ratio.max = -1.0 (default)
2023-05-04 20:14:07,734 [7e411c01-6998-40d0-b507-5d7903264b15@group-F35E2D3C19FB-LeaderElection30] INFO  server.RaftServerConfigKeys (ConfUtils.java:logGet(46)) - raft.server.log.appender.snapshot.chunk.size.max = 16MB (=16777216) (default)
2023-05-04 20:14:07,734 [7e411c01-6998-40d0-b507-5d7903264b15@group-F35E2D3C19FB-LeaderElection30] INFO  server.RaftServerConfigKeys (ConfUtils.java:logGet(46)) - raft.server.log.appender.buffer.byte-limit = 33554432 (custom)
2023-05-04 20:14:07,734 [7e411c01-6998-40d0-b507-5d7903264b15@group-F35E2D3C19FB-LeaderElection30] INFO  server.RaftServerConfigKeys (ConfUtils.java:logGet(46)) - raft.server.log.appender.buffer.element-limit = 1 (custom)
2023-05-04 20:14:07,734 [7e411c01-6998-40d0-b507-5d7903264b15@group-F35E2D3C19FB-LeaderElection30] INFO  grpc.GrpcConfigKeys (ConfUtils.java:logGet(46)) - raft.grpc.server.leader.outstanding.appends.max = 128 (default)
2023-05-04 20:14:07,734 [7e411c01-6998-40d0-b507-5d7903264b15@group-F35E2D3C19FB-LeaderElection30] INFO  server.RaftServerConfigKeys (ConfUtils.java:logGet(46)) - raft.server.rpc.request.timeout = 60s (custom)
2023-05-04 20:14:07,736 [14e688c6-03f0-4578-94be-4c0bf8f01127@group-E4E2A3213FA9-FollowerState] INFO  impl.FollowerState (FollowerState.java:run(143)) - 14e688c6-03f0-4578-94be-4c0bf8f01127@group-E4E2A3213FA9-FollowerState: change to CANDIDATE, lastRpcElapsedTime:5167680449ns, electionTimeout:5160ms
2023-05-04 20:14:07,738 [7e411c01-6998-40d0-b507-5d7903264b15@group-F35E2D3C19FB-LeaderElection30] INFO  server.RaftServerConfigKeys (ConfUtils.java:logGet(46)) - raft.server.log.appender.install.snapshot.enabled = false (custom)
2023-05-04 20:14:07,738 [7e411c01-6998-40d0-b507-5d7903264b15@group-F35E2D3C19FB-LeaderElection30] INFO  grpc.GrpcConfigKeys (ConfUtils.java:logGet(46)) - raft.grpc.server.heartbeat.channel = true (default)
2023-05-04 20:14:07,738 [14e688c6-03f0-4578-94be-4c0bf8f01127@group-E4E2A3213FA9-FollowerState] INFO  impl.RoleInfo (RoleInfo.java:shutdownFollowerState(110)) - 14e688c6-03f0-4578-94be-4c0bf8f01127: shutdown 14e688c6-03f0-4578-94be-4c0bf8f01127@group-E4E2A3213FA9-FollowerState
2023-05-04 20:14:07,738 [14e688c6-03f0-4578-94be-4c0bf8f01127@group-E4E2A3213FA9-FollowerState] INFO  server.RaftServer$Division (RaftServerImpl.java:setRole(321)) - 14e688c6-03f0-4578-94be-4c0bf8f01127@group-E4E2A3213FA9: changes role from  FOLLOWER to CANDIDATE at term 0 for changeToCandidate
2023-05-04 20:14:07,735 [EventQueue-PipelineReportForPipelineReportHandler] INFO  pipeline.PipelineManagerImpl (PipelineManagerImpl.java:openPipeline(367)) - Pipeline Pipeline[ Id: d57e77f3-5ed3-4048-b624-f35e2d3c19fb, Nodes: 7e411c01-6998-40d0-b507-5d7903264b15(fv-az804-457.cvtsq3ctpw5ehehiek0yp1ke0c.cx.internal.cloudapp.net/10.1.0.20)b4df0636-e8ba-4aa2-9ff9-49534f1768bf(fv-az804-457.cvtsq3ctpw5ehehiek0yp1ke0c.cx.internal.cloudapp.net/10.1.0.20)14e688c6-03f0-4578-94be-4c0bf8f01127(fv-az804-457.cvtsq3ctpw5ehehiek0yp1ke0c.cx.internal.cloudapp.net/10.1.0.20), ReplicationConfig: RATIS/THREE, State:ALLOCATED, leaderId:7e411c01-6998-40d0-b507-5d7903264b15, CreationTimestamp2023-05-04T20:13:59.495Z[Etc/UTC]] moved to OPEN state
2023-05-04 20:14:07,738 [14e688c6-03f0-4578-94be-4c0bf8f01127@group-E4E2A3213FA9-FollowerState] INFO  server.RaftServerConfigKeys (ConfUtils.java:logGet(46)) - raft.server.leaderelection.pre-vote = true (default)
2023-05-04 20:14:07,738 [14e688c6-03f0-4578-94be-4c0bf8f01127@group-E4E2A3213FA9-FollowerState] INFO  impl.RoleInfo (RoleInfo.java:updateAndGet(139)) - 14e688c6-03f0-4578-94be-4c0bf8f01127: start 14e688c6-03f0-4578-94be-4c0bf8f01127@group-E4E2A3213FA9-LeaderElection31
2023-05-04 20:14:07,738 [7e411c01-6998-40d0-b507-5d7903264b15@group-F35E2D3C19FB-LeaderElection30] INFO  server.RaftServerConfigKeys (ConfUtils.java:logGet(46)) - raft.server.log.appender.wait-time.min = 10ms (default)
2023-05-04 20:14:07,739 [7e411c01-6998-40d0-b507-5d7903264b15@group-F35E2D3C19FB-LeaderElection30] INFO  server.RaftServerConfigKeys (ConfUtils.java:logGet(46)) - raft.server.log.appender.snapshot.chunk.size.max = 16MB (=16777216) (default)
2023-05-04 20:14:07,740 [7e411c01-6998-40d0-b507-5d7903264b15@group-F35E2D3C19FB-LeaderElection30] INFO  server.RaftServerConfigKeys (ConfUtils.java:logGet(46)) - raft.server.log.appender.buffer.byte-limit = 33554432 (custom)
2023-05-04 20:14:07,740 [7e411c01-6998-40d0-b507-5d7903264b15@group-F35E2D3C19FB-LeaderElection30] INFO  server.RaftServerConfigKeys (ConfUtils.java:logGet(46)) - raft.server.log.appender.buffer.element-limit = 1 (custom)
2023-05-04 20:14:07,740 [7e411c01-6998-40d0-b507-5d7903264b15@group-F35E2D3C19FB-LeaderElection30] INFO  grpc.GrpcConfigKeys (ConfUtils.java:logGet(46)) - raft.grpc.server.leader.outstanding.appends.max = 128 (default)
2023-05-04 20:14:07,740 [7e411c01-6998-40d0-b507-5d7903264b15@group-F35E2D3C19FB-LeaderElection30] INFO  server.RaftServerConfigKeys (ConfUtils.java:logGet(46)) - raft.server.rpc.request.timeout = 60s (custom)
2023-05-04 20:14:07,740 [7e411c01-6998-40d0-b507-5d7903264b15@group-F35E2D3C19FB-LeaderElection30] INFO  server.RaftServerConfigKeys (ConfUtils.java:logGet(46)) - raft.server.log.appender.install.snapshot.enabled = false (custom)
2023-05-04 20:14:07,740 [7e411c01-6998-40d0-b507-5d7903264b15@group-F35E2D3C19FB-LeaderElection30] INFO  grpc.GrpcConfigKeys (ConfUtils.java:logGet(46)) - raft.grpc.server.heartbeat.channel = true (default)
2023-05-04 20:14:07,740 [7e411c01-6998-40d0-b507-5d7903264b15@group-F35E2D3C19FB-LeaderElection30] INFO  server.RaftServerConfigKeys (ConfUtils.java:logGet(46)) - raft.server.log.appender.wait-time.min = 10ms (default)
2023-05-04 20:14:07,740 [7e411c01-6998-40d0-b507-5d7903264b15@group-F35E2D3C19FB-LeaderElection30] INFO  impl.RoleInfo (RoleInfo.java:updateAndGet(139)) - 7e411c01-6998-40d0-b507-5d7903264b15: start 7e411c01-6998-40d0-b507-5d7903264b15@group-F35E2D3C19FB-LeaderStateImpl
2023-05-04 20:14:07,741 [7e411c01-6998-40d0-b507-5d7903264b15@group-F35E2D3C19FB-LeaderElection30] INFO  segmented.SegmentedRaftLogWorker (SegmentedRaftLogWorker.java:startLogSegment(452)) - 7e411c01-6998-40d0-b507-5d7903264b15@group-F35E2D3C19FB-SegmentedRaftLogWorker: Starting segment from index:0
2023-05-04 20:14:07,742 [7e411c01-6998-40d0-b507-5d7903264b15@group-F35E2D3C19FB-SegmentedRaftLogWorker] INFO  segmented.SegmentedRaftLogWorker (SegmentedRaftLogWorker.java:execute(656)) - 7e411c01-6998-40d0-b507-5d7903264b15@group-F35E2D3C19FB-SegmentedRaftLogWorker: created new log segment /home/runner/work/ozone/ozone/hadoop-ozone/integration-test/target/test-dir/MiniOzoneClusterImpl-3ff5bc89-9620-4d46-84f6-68e3c2a3a822/datanode-9/data/ratis/d57e77f3-5ed3-4048-b624-f35e2d3c19fb/current/log_inprogress_0
2023-05-04 20:14:07,744 [14e688c6-03f0-4578-94be-4c0bf8f01127@group-E4E2A3213FA9-LeaderElection31] INFO  impl.LeaderElection (LeaderElection.java:askForVotes(312)) - 14e688c6-03f0-4578-94be-4c0bf8f01127@group-E4E2A3213FA9-LeaderElection31 PRE_VOTE round 0: submit vote requests at term 0 for -1: peers:[14e688c6-03f0-4578-94be-4c0bf8f01127|rpc:10.1.0.20:44235|dataStream:10.1.0.20:44165|priority:1|startupRole:FOLLOWER]|listeners:[], old=null
2023-05-04 20:14:07,745 [14e688c6-03f0-4578-94be-4c0bf8f01127@group-E4E2A3213FA9-LeaderElection31] INFO  impl.LeaderElection (LeaderElection.java:askForVotes(314)) - 14e688c6-03f0-4578-94be-4c0bf8f01127@group-E4E2A3213FA9-LeaderElection31 PRE_VOTE round 0: result PASSED (term=0)
2023-05-04 20:14:07,745 [14e688c6-03f0-4578-94be-4c0bf8f01127@group-E4E2A3213FA9-LeaderElection31] INFO  impl.LeaderElection (LeaderElection.java:askForVotes(312)) - 14e688c6-03f0-4578-94be-4c0bf8f01127@group-E4E2A3213FA9-LeaderElection31 ELECTION round 0: submit vote requests at term 1 for -1: peers:[14e688c6-03f0-4578-94be-4c0bf8f01127|rpc:10.1.0.20:44235|dataStream:10.1.0.20:44165|priority:1|startupRole:FOLLOWER]|listeners:[], old=null
2023-05-04 20:14:07,746 [14e688c6-03f0-4578-94be-4c0bf8f01127@group-E4E2A3213FA9-LeaderElection31] INFO  impl.LeaderElection (LeaderElection.java:askForVotes(314)) - 14e688c6-03f0-4578-94be-4c0bf8f01127@group-E4E2A3213FA9-LeaderElection31 ELECTION round 0: result PASSED (term=1)
2023-05-04 20:14:07,746 [14e688c6-03f0-4578-94be-4c0bf8f01127@group-E4E2A3213FA9-LeaderElection31] INFO  impl.RoleInfo (RoleInfo.java:shutdownLeaderElection(130)) - 14e688c6-03f0-4578-94be-4c0bf8f01127: shutdown 14e688c6-03f0-4578-94be-4c0bf8f01127@group-E4E2A3213FA9-LeaderElection31
2023-05-04 20:14:07,746 [14e688c6-03f0-4578-94be-4c0bf8f01127@group-E4E2A3213FA9-LeaderElection31] INFO  server.RaftServer$Division (RaftServerImpl.java:setRole(321)) - 14e688c6-03f0-4578-94be-4c0bf8f01127@group-E4E2A3213FA9: changes role from CANDIDATE to LEADER at term 1 for changeToLeader
2023-05-04 20:14:07,746 [14e688c6-03f0-4578-94be-4c0bf8f01127@group-E4E2A3213FA9-LeaderElection31] INFO  ratis.XceiverServerRatis (XceiverServerRatis.java:handleLeaderChangedNotification(904)) - Leader change notification received for group: group-E4E2A3213FA9 with new leaderId: 14e688c6-03f0-4578-94be-4c0bf8f01127
2023-05-04 20:14:07,750 [7e411c01-6998-40d0-b507-5d7903264b15@group-F35E2D3C19FB-LeaderElection30] INFO  server.RaftServer$Division (ServerState.java:setRaftConf(430)) - 7e411c01-6998-40d0-b507-5d7903264b15@group-F35E2D3C19FB: set configuration 0: peers:[b4df0636-e8ba-4aa2-9ff9-49534f1768bf|rpc:10.1.0.20:42357|dataStream:10.1.0.20:43847|priority:0|startupRole:FOLLOWER, 7e411c01-6998-40d0-b507-5d7903264b15|rpc:10.1.0.20:37977|dataStream:10.1.0.20:36461|priority:1|startupRole:FOLLOWER, 14e688c6-03f0-4578-94be-4c0bf8f01127|rpc:10.1.0.20:44235|dataStream:10.1.0.20:44165|priority:0|startupRole:FOLLOWER]|listeners:[], old=null
2023-05-04 20:14:07,751 [14e688c6-03f0-4578-94be-4c0bf8f01127@group-E4E2A3213FA9-LeaderElection31] INFO  server.RaftServer$Division (ServerState.java:setLeader(313)) - 14e688c6-03f0-4578-94be-4c0bf8f01127@group-E4E2A3213FA9: change Leader from null to 14e688c6-03f0-4578-94be-4c0bf8f01127 at term 1 for becomeLeader, leader elected after 5206ms
2023-05-04 20:14:07,751 [14e688c6-03f0-4578-94be-4c0bf8f01127@group-E4E2A3213FA9-LeaderElection31] INFO  server.RaftServerConfigKeys (ConfUtils.java:logGet(46)) - raft.server.staging.catchup.gap = 1000 (default)
2023-05-04 20:14:07,754 [14e688c6-03f0-4578-94be-4c0bf8f01127@group-E4E2A3213FA9-LeaderElection31] INFO  server.RaftServerConfigKeys (ConfUtils.java:logGet(46)) - raft.server.write.element-limit = 1024 (custom)
2023-05-04 20:14:07,754 [14e688c6-03f0-4578-94be-4c0bf8f01127@group-E4E2A3213FA9-LeaderElection31] INFO  server.RaftServerConfigKeys (ConfUtils.java:logGet(46)) - raft.server.write.byte-limit = 1024 M (=1073741824) (custom)
2023-05-04 20:14:07,759 [14e688c6-03f0-4578-94be-4c0bf8f01127@group-E4E2A3213FA9-LeaderElection31] INFO  server.RaftServerConfigKeys (ConfUtils.java:logGet(46)) - raft.server.watch.timeout = 180s (custom)
2023-05-04 20:14:07,759 [14e688c6-03f0-4578-94be-4c0bf8f01127@group-E4E2A3213FA9-LeaderElection31] INFO  server.RaftServerConfigKeys (ConfUtils.java:logGet(46)) - raft.server.watch.timeout.denomination = 1s (default)
2023-05-04 20:14:07,759 [14e688c6-03f0-4578-94be-4c0bf8f01127@group-E4E2A3213FA9-LeaderElection31] INFO  server.RaftServerConfigKeys (ConfUtils.java:logGet(46)) - raft.server.watch.element-limit = 65536 (default)
2023-05-04 20:14:07,759 [14e688c6-03f0-4578-94be-4c0bf8f01127@group-E4E2A3213FA9-LeaderElection31] INFO  server.RaftServerConfigKeys (ConfUtils.java:logGet(46)) - raft.server.write.element-limit = 1024 (custom)
2023-05-04 20:14:07,759 [14e688c6-03f0-4578-94be-4c0bf8f01127@group-E4E2A3213FA9-LeaderElection31] INFO  server.RaftServerConfigKeys (ConfUtils.java:logGet(46)) - raft.server.write.follower.gap.ratio.max = -1.0 (default)
2023-05-04 20:14:07,760 [14e688c6-03f0-4578-94be-4c0bf8f01127@group-E4E2A3213FA9-LeaderElection31] INFO  impl.RoleInfo (RoleInfo.java:updateAndGet(139)) - 14e688c6-03f0-4578-94be-4c0bf8f01127: start 14e688c6-03f0-4578-94be-4c0bf8f01127@group-E4E2A3213FA9-LeaderStateImpl
2023-05-04 20:14:07,760 [14e688c6-03f0-4578-94be-4c0bf8f01127@group-E4E2A3213FA9-LeaderElection31] INFO  segmented.SegmentedRaftLogWorker (SegmentedRaftLogWorker.java:startLogSegment(452)) - 14e688c6-03f0-4578-94be-4c0bf8f01127@group-E4E2A3213FA9-SegmentedRaftLogWorker: Starting segment from index:0
2023-05-04 20:14:07,761 [14e688c6-03f0-4578-94be-4c0bf8f01127@group-E4E2A3213FA9-SegmentedRaftLogWorker] INFO  segmented.SegmentedRaftLogWorker (SegmentedRaftLogWorker.java:execute(656)) - 14e688c6-03f0-4578-94be-4c0bf8f01127@group-E4E2A3213FA9-SegmentedRaftLogWorker: created new log segment /home/runner/work/ozone/ozone/hadoop-ozone/integration-test/target/test-dir/MiniOzoneClusterImpl-3ff5bc89-9620-4d46-84f6-68e3c2a3a822/datanode-10/data/ratis/e8137eb0-0128-41ec-aab9-e4e2a3213fa9/current/log_inprogress_0
2023-05-04 20:14:07,762 [14e688c6-03f0-4578-94be-4c0bf8f01127@group-E4E2A3213FA9-LeaderElection31] INFO  server.RaftServer$Division (ServerState.java:setRaftConf(430)) - 14e688c6-03f0-4578-94be-4c0bf8f01127@group-E4E2A3213FA9: set configuration 0: peers:[14e688c6-03f0-4578-94be-4c0bf8f01127|rpc:10.1.0.20:44235|dataStream:10.1.0.20:44165|priority:1|startupRole:FOLLOWER]|listeners:[], old=null
2023-05-04 20:14:07,780 [b4df0636-e8ba-4aa2-9ff9-49534f1768bf-server-thread2] INFO  ratis.XceiverServerRatis (XceiverServerRatis.java:handleLeaderChangedNotification(904)) - Leader change notification received for group: group-F35E2D3C19FB with new leaderId: 7e411c01-6998-40d0-b507-5d7903264b15
2023-05-04 20:14:07,780 [b4df0636-e8ba-4aa2-9ff9-49534f1768bf-server-thread2] INFO  server.RaftServer$Division (ServerState.java:setLeader(313)) - b4df0636-e8ba-4aa2-9ff9-49534f1768bf@group-F35E2D3C19FB: change Leader from null to 7e411c01-6998-40d0-b507-5d7903264b15 at term 1 for appendEntries, leader elected after 5178ms
2023-05-04 20:14:07,780 [b4df0636-e8ba-4aa2-9ff9-49534f1768bf-server-thread2] INFO  server.RaftServer$Division (ServerState.java:setRaftConf(430)) - b4df0636-e8ba-4aa2-9ff9-49534f1768bf@group-F35E2D3C19FB: set configuration 0: peers:[b4df0636-e8ba-4aa2-9ff9-49534f1768bf|rpc:10.1.0.20:42357|dataStream:10.1.0.20:43847|priority:0|startupRole:FOLLOWER, 7e411c01-6998-40d0-b507-5d7903264b15|rpc:10.1.0.20:37977|dataStream:10.1.0.20:36461|priority:1|startupRole:FOLLOWER, 14e688c6-03f0-4578-94be-4c0bf8f01127|rpc:10.1.0.20:44235|dataStream:10.1.0.20:44165|priority:0|startupRole:FOLLOWER]|listeners:[], old=null
2023-05-04 20:14:07,780 [b4df0636-e8ba-4aa2-9ff9-49534f1768bf-server-thread2] INFO  segmented.SegmentedRaftLogWorker (SegmentedRaftLogWorker.java:startLogSegment(452)) - b4df0636-e8ba-4aa2-9ff9-49534f1768bf@group-F35E2D3C19FB-SegmentedRaftLogWorker: Starting segment from index:0
2023-05-04 20:14:07,781 [b4df0636-e8ba-4aa2-9ff9-49534f1768bf@group-F35E2D3C19FB-SegmentedRaftLogWorker] INFO  segmented.SegmentedRaftLogWorker (SegmentedRaftLogWorker.java:execute(656)) - b4df0636-e8ba-4aa2-9ff9-49534f1768bf@group-F35E2D3C19FB-SegmentedRaftLogWorker: created new log segment /home/runner/work/ozone/ozone/hadoop-ozone/integration-test/target/test-dir/MiniOzoneClusterImpl-3ff5bc89-9620-4d46-84f6-68e3c2a3a822/datanode-11/data/ratis/d57e77f3-5ed3-4048-b624-f35e2d3c19fb/current/log_inprogress_0
2023-05-04 20:14:07,785 [14e688c6-03f0-4578-94be-4c0bf8f01127-server-thread1] INFO  ratis.XceiverServerRatis (XceiverServerRatis.java:handleLeaderChangedNotification(904)) - Leader change notification received for group: group-F35E2D3C19FB with new leaderId: 7e411c01-6998-40d0-b507-5d7903264b15
2023-05-04 20:14:07,786 [14e688c6-03f0-4578-94be-4c0bf8f01127-server-thread1] INFO  server.RaftServer$Division (ServerState.java:setLeader(313)) - 14e688c6-03f0-4578-94be-4c0bf8f01127@group-F35E2D3C19FB: change Leader from null to 7e411c01-6998-40d0-b507-5d7903264b15 at term 1 for appendEntries, leader elected after 5187ms
2023-05-04 20:14:07,788 [14e688c6-03f0-4578-94be-4c0bf8f01127-server-thread2] INFO  server.RaftServer$Division (ServerState.java:setRaftConf(430)) - 14e688c6-03f0-4578-94be-4c0bf8f01127@group-F35E2D3C19FB: set configuration 0: peers:[b4df0636-e8ba-4aa2-9ff9-49534f1768bf|rpc:10.1.0.20:42357|dataStream:10.1.0.20:43847|priority:0|startupRole:FOLLOWER, 7e411c01-6998-40d0-b507-5d7903264b15|rpc:10.1.0.20:37977|dataStream:10.1.0.20:36461|priority:1|startupRole:FOLLOWER, 14e688c6-03f0-4578-94be-4c0bf8f01127|rpc:10.1.0.20:44235|dataStream:10.1.0.20:44165|priority:0|startupRole:FOLLOWER]|listeners:[], old=null
2023-05-04 20:14:07,788 [14e688c6-03f0-4578-94be-4c0bf8f01127-server-thread2] INFO  segmented.SegmentedRaftLogWorker (SegmentedRaftLogWorker.java:startLogSegment(452)) - 14e688c6-03f0-4578-94be-4c0bf8f01127@group-F35E2D3C19FB-SegmentedRaftLogWorker: Starting segment from index:0
2023-05-04 20:14:07,789 [14e688c6-03f0-4578-94be-4c0bf8f01127@group-F35E2D3C19FB-SegmentedRaftLogWorker] INFO  segmented.SegmentedRaftLogWorker (SegmentedRaftLogWorker.java:execute(656)) - 14e688c6-03f0-4578-94be-4c0bf8f01127@group-F35E2D3C19FB-SegmentedRaftLogWorker: created new log segment /home/runner/work/ozone/ozone/hadoop-ozone/integration-test/target/test-dir/MiniOzoneClusterImpl-3ff5bc89-9620-4d46-84f6-68e3c2a3a822/datanode-10/data/ratis/d57e77f3-5ed3-4048-b624-f35e2d3c19fb/current/log_inprogress_0
2023-05-04 20:14:08,031 [4fbe5812-23fe-4964-8001-699203e4df4b@group-521CD7C40EF4-FollowerState] INFO  impl.FollowerState (FollowerState.java:run(143)) - 4fbe5812-23fe-4964-8001-699203e4df4b@group-521CD7C40EF4-FollowerState: change to CANDIDATE, lastRpcElapsedTime:5068691009ns, electionTimeout:5068ms
2023-05-04 20:14:08,031 [4fbe5812-23fe-4964-8001-699203e4df4b@group-521CD7C40EF4-FollowerState] INFO  impl.RoleInfo (RoleInfo.java:shutdownFollowerState(110)) - 4fbe5812-23fe-4964-8001-699203e4df4b: shutdown 4fbe5812-23fe-4964-8001-699203e4df4b@group-521CD7C40EF4-FollowerState
2023-05-04 20:14:08,031 [4fbe5812-23fe-4964-8001-699203e4df4b@group-521CD7C40EF4-FollowerState] INFO  server.RaftServer$Division (RaftServerImpl.java:setRole(321)) - 4fbe5812-23fe-4964-8001-699203e4df4b@group-521CD7C40EF4: changes role from  FOLLOWER to CANDIDATE at term 0 for changeToCandidate
2023-05-04 20:14:08,031 [4fbe5812-23fe-4964-8001-699203e4df4b@group-521CD7C40EF4-FollowerState] INFO  server.RaftServerConfigKeys (ConfUtils.java:logGet(46)) - raft.server.leaderelection.pre-vote = true (default)
2023-05-04 20:14:08,031 [4fbe5812-23fe-4964-8001-699203e4df4b@group-521CD7C40EF4-FollowerState] INFO  impl.RoleInfo (RoleInfo.java:updateAndGet(139)) - 4fbe5812-23fe-4964-8001-699203e4df4b: start 4fbe5812-23fe-4964-8001-699203e4df4b@group-521CD7C40EF4-LeaderElection32
2023-05-04 20:14:08,034 [4fbe5812-23fe-4964-8001-699203e4df4b@group-521CD7C40EF4-LeaderElection32] INFO  impl.LeaderElection (LeaderElection.java:askForVotes(312)) - 4fbe5812-23fe-4964-8001-699203e4df4b@group-521CD7C40EF4-LeaderElection32 PRE_VOTE round 0: submit vote requests at term 0 for -1: peers:[4fbe5812-23fe-4964-8001-699203e4df4b|rpc:10.1.0.20:46327|dataStream:10.1.0.20:36187|priority:1|startupRole:FOLLOWER]|listeners:[], old=null
2023-05-04 20:14:08,034 [4fbe5812-23fe-4964-8001-699203e4df4b@group-521CD7C40EF4-LeaderElection32] INFO  impl.LeaderElection (LeaderElection.java:askForVotes(314)) - 4fbe5812-23fe-4964-8001-699203e4df4b@group-521CD7C40EF4-LeaderElection32 PRE_VOTE round 0: result PASSED (term=0)
2023-05-04 20:14:08,035 [4fbe5812-23fe-4964-8001-699203e4df4b@group-521CD7C40EF4-LeaderElection32] INFO  impl.LeaderElection (LeaderElection.java:askForVotes(312)) - 4fbe5812-23fe-4964-8001-699203e4df4b@group-521CD7C40EF4-LeaderElection32 ELECTION round 0: submit vote requests at term 1 for -1: peers:[4fbe5812-23fe-4964-8001-699203e4df4b|rpc:10.1.0.20:46327|dataStream:10.1.0.20:36187|priority:1|startupRole:FOLLOWER]|listeners:[], old=null
2023-05-04 20:14:08,035 [4fbe5812-23fe-4964-8001-699203e4df4b@group-521CD7C40EF4-LeaderElection32] INFO  impl.LeaderElection (LeaderElection.java:askForVotes(314)) - 4fbe5812-23fe-4964-8001-699203e4df4b@group-521CD7C40EF4-LeaderElection32 ELECTION round 0: result PASSED (term=1)
2023-05-04 20:14:08,035 [4fbe5812-23fe-4964-8001-699203e4df4b@group-521CD7C40EF4-LeaderElection32] INFO  impl.RoleInfo (RoleInfo.java:shutdownLeaderElection(130)) - 4fbe5812-23fe-4964-8001-699203e4df4b: shutdown 4fbe5812-23fe-4964-8001-699203e4df4b@group-521CD7C40EF4-LeaderElection32
2023-05-04 20:14:08,035 [4fbe5812-23fe-4964-8001-699203e4df4b@group-521CD7C40EF4-LeaderElection32] INFO  server.RaftServer$Division (RaftServerImpl.java:setRole(321)) - 4fbe5812-23fe-4964-8001-699203e4df4b@group-521CD7C40EF4: changes role from CANDIDATE to LEADER at term 1 for changeToLeader
2023-05-04 20:14:08,035 [4fbe5812-23fe-4964-8001-699203e4df4b@group-521CD7C40EF4-LeaderElection32] INFO  ratis.XceiverServerRatis (XceiverServerRatis.java:handleLeaderChangedNotification(904)) - Leader change notification received for group: group-521CD7C40EF4 with new leaderId: 4fbe5812-23fe-4964-8001-699203e4df4b
2023-05-04 20:14:08,035 [4fbe5812-23fe-4964-8001-699203e4df4b@group-521CD7C40EF4-LeaderElection32] INFO  server.RaftServer$Division (ServerState.java:setLeader(313)) - 4fbe5812-23fe-4964-8001-699203e4df4b@group-521CD7C40EF4: change Leader from null to 4fbe5812-23fe-4964-8001-699203e4df4b at term 1 for becomeLeader, leader elected after 5089ms
2023-05-04 20:14:08,035 [4fbe5812-23fe-4964-8001-699203e4df4b@group-521CD7C40EF4-LeaderElection32] INFO  server.RaftServerConfigKeys (ConfUtils.java:logGet(46)) - raft.server.staging.catchup.gap = 1000 (default)
2023-05-04 20:14:08,036 [4fbe5812-23fe-4964-8001-699203e4df4b@group-521CD7C40EF4-LeaderElection32] INFO  server.RaftServerConfigKeys (ConfUtils.java:logGet(46)) - raft.server.write.element-limit = 1024 (custom)
2023-05-04 20:14:08,036 [4fbe5812-23fe-4964-8001-699203e4df4b@group-521CD7C40EF4-LeaderElection32] INFO  server.RaftServerConfigKeys (ConfUtils.java:logGet(46)) - raft.server.write.byte-limit = 1024 M (=1073741824) (custom)
2023-05-04 20:14:08,036 [4fbe5812-23fe-4964-8001-699203e4df4b@group-521CD7C40EF4-LeaderElection32] INFO  server.RaftServerConfigKeys (ConfUtils.java:logGet(46)) - raft.server.watch.timeout = 180s (custom)
2023-05-04 20:14:08,037 [4fbe5812-23fe-4964-8001-699203e4df4b@group-521CD7C40EF4-LeaderElection32] INFO  server.RaftServerConfigKeys (ConfUtils.java:logGet(46)) - raft.server.watch.timeout.denomination = 1s (default)
2023-05-04 20:14:08,037 [4fbe5812-23fe-4964-8001-699203e4df4b@group-521CD7C40EF4-LeaderElection32] INFO  server.RaftServerConfigKeys (ConfUtils.java:logGet(46)) - raft.server.watch.element-limit = 65536 (default)
2023-05-04 20:14:08,037 [4fbe5812-23fe-4964-8001-699203e4df4b@group-521CD7C40EF4-LeaderElection32] INFO  server.RaftServerConfigKeys (ConfUtils.java:logGet(46)) - raft.server.write.element-limit = 1024 (custom)
2023-05-04 20:14:08,037 [4fbe5812-23fe-4964-8001-699203e4df4b@group-521CD7C40EF4-LeaderElection32] INFO  server.RaftServerConfigKeys (ConfUtils.java:logGet(46)) - raft.server.write.follower.gap.ratio.max = -1.0 (default)
2023-05-04 20:14:08,037 [4fbe5812-23fe-4964-8001-699203e4df4b@group-521CD7C40EF4-LeaderElection32] INFO  impl.RoleInfo (RoleInfo.java:updateAndGet(139)) - 4fbe5812-23fe-4964-8001-699203e4df4b: start 4fbe5812-23fe-4964-8001-699203e4df4b@group-521CD7C40EF4-LeaderStateImpl
2023-05-04 20:14:08,037 [4fbe5812-23fe-4964-8001-699203e4df4b@group-521CD7C40EF4-LeaderElection32] INFO  segmented.SegmentedRaftLogWorker (SegmentedRaftLogWorker.java:startLogSegment(452)) - 4fbe5812-23fe-4964-8001-699203e4df4b@group-521CD7C40EF4-SegmentedRaftLogWorker: Starting segment from index:0
2023-05-04 20:14:08,038 [4fbe5812-23fe-4964-8001-699203e4df4b@group-521CD7C40EF4-LeaderElection32] INFO  server.RaftServer$Division (ServerState.java:setRaftConf(430)) - 4fbe5812-23fe-4964-8001-699203e4df4b@group-521CD7C40EF4: set configuration 0: peers:[4fbe5812-23fe-4964-8001-699203e4df4b|rpc:10.1.0.20:46327|dataStream:10.1.0.20:36187|priority:1|startupRole:FOLLOWER]|listeners:[], old=null
2023-05-04 20:14:08,039 [4fbe5812-23fe-4964-8001-699203e4df4b@group-521CD7C40EF4-SegmentedRaftLogWorker] INFO  segmented.SegmentedRaftLogWorker (SegmentedRaftLogWorker.java:execute(656)) - 4fbe5812-23fe-4964-8001-699203e4df4b@group-521CD7C40EF4-SegmentedRaftLogWorker: created new log segment /home/runner/work/ozone/ozone/hadoop-ozone/integration-test/target/test-dir/MiniOzoneClusterImpl-3ff5bc89-9620-4d46-84f6-68e3c2a3a822/datanode-12/data/ratis/2e762cb1-716c-4104-bac6-521cd7c40ef4/current/log_inprogress_0
2023-05-04 20:14:08,405 [c223e4a1-7dec-454b-846f-941d08347586@group-2E93272E0D91-FollowerState] INFO  impl.FollowerState (FollowerState.java:run(143)) - c223e4a1-7dec-454b-846f-941d08347586@group-2E93272E0D91-FollowerState: change to CANDIDATE, lastRpcElapsedTime:5031131562ns, electionTimeout:5026ms
2023-05-04 20:14:08,406 [c223e4a1-7dec-454b-846f-941d08347586@group-2E93272E0D91-FollowerState] INFO  impl.RoleInfo (RoleInfo.java:shutdownFollowerState(110)) - c223e4a1-7dec-454b-846f-941d08347586: shutdown c223e4a1-7dec-454b-846f-941d08347586@group-2E93272E0D91-FollowerState
2023-05-04 20:14:08,406 [c223e4a1-7dec-454b-846f-941d08347586@group-2E93272E0D91-FollowerState] INFO  server.RaftServer$Division (RaftServerImpl.java:setRole(321)) - c223e4a1-7dec-454b-846f-941d08347586@group-2E93272E0D91: changes role from  FOLLOWER to CANDIDATE at term 0 for changeToCandidate
2023-05-04 20:14:08,406 [c223e4a1-7dec-454b-846f-941d08347586@group-2E93272E0D91-FollowerState] INFO  server.RaftServerConfigKeys (ConfUtils.java:logGet(46)) - raft.server.leaderelection.pre-vote = true (default)
2023-05-04 20:14:08,406 [c223e4a1-7dec-454b-846f-941d08347586@group-2E93272E0D91-FollowerState] INFO  impl.RoleInfo (RoleInfo.java:updateAndGet(139)) - c223e4a1-7dec-454b-846f-941d08347586: start c223e4a1-7dec-454b-846f-941d08347586@group-2E93272E0D91-LeaderElection33
2023-05-04 20:14:08,412 [c223e4a1-7dec-454b-846f-941d08347586@group-2E93272E0D91-LeaderElection33] INFO  impl.LeaderElection (LeaderElection.java:askForVotes(312)) - c223e4a1-7dec-454b-846f-941d08347586@group-2E93272E0D91-LeaderElection33 PRE_VOTE round 0: submit vote requests at term 0 for -1: peers:[c223e4a1-7dec-454b-846f-941d08347586|rpc:10.1.0.20:45317|dataStream:10.1.0.20:46135|priority:1|startupRole:FOLLOWER]|listeners:[], old=null
2023-05-04 20:14:08,412 [c223e4a1-7dec-454b-846f-941d08347586@group-2E93272E0D91-LeaderElection33] INFO  impl.LeaderElection (LeaderElection.java:askForVotes(314)) - c223e4a1-7dec-454b-846f-941d08347586@group-2E93272E0D91-LeaderElection33 PRE_VOTE round 0: result PASSED (term=0)
2023-05-04 20:14:08,414 [c223e4a1-7dec-454b-846f-941d08347586@group-2E93272E0D91-LeaderElection33] INFO  impl.LeaderElection (LeaderElection.java:askForVotes(312)) - c223e4a1-7dec-454b-846f-941d08347586@group-2E93272E0D91-LeaderElection33 ELECTION round 0: submit vote requests at term 1 for -1: peers:[c223e4a1-7dec-454b-846f-941d08347586|rpc:10.1.0.20:45317|dataStream:10.1.0.20:46135|priority:1|startupRole:FOLLOWER]|listeners:[], old=null
2023-05-04 20:14:08,414 [c223e4a1-7dec-454b-846f-941d08347586@group-2E93272E0D91-LeaderElection33] INFO  impl.LeaderElection (LeaderElection.java:askForVotes(314)) - c223e4a1-7dec-454b-846f-941d08347586@group-2E93272E0D91-LeaderElection33 ELECTION round 0: result PASSED (term=1)
2023-05-04 20:14:08,414 [c223e4a1-7dec-454b-846f-941d08347586@group-2E93272E0D91-LeaderElection33] INFO  impl.RoleInfo (RoleInfo.java:shutdownLeaderElection(130)) - c223e4a1-7dec-454b-846f-941d08347586: shutdown c223e4a1-7dec-454b-846f-941d08347586@group-2E93272E0D91-LeaderElection33
2023-05-04 20:14:08,414 [c223e4a1-7dec-454b-846f-941d08347586@group-2E93272E0D91-LeaderElection33] INFO  server.RaftServer$Division (RaftServerImpl.java:setRole(321)) - c223e4a1-7dec-454b-846f-941d08347586@group-2E93272E0D91: changes role from CANDIDATE to LEADER at term 1 for changeToLeader
2023-05-04 20:14:08,414 [c223e4a1-7dec-454b-846f-941d08347586@group-2E93272E0D91-LeaderElection33] INFO  ratis.XceiverServerRatis (XceiverServerRatis.java:handleLeaderChangedNotification(904)) - Leader change notification received for group: group-2E93272E0D91 with new leaderId: c223e4a1-7dec-454b-846f-941d08347586
2023-05-04 20:14:08,415 [c223e4a1-7dec-454b-846f-941d08347586@group-2E93272E0D91-LeaderElection33] INFO  server.RaftServer$Division (ServerState.java:setLeader(313)) - c223e4a1-7dec-454b-846f-941d08347586@group-2E93272E0D91: change Leader from null to c223e4a1-7dec-454b-846f-941d08347586 at term 1 for becomeLeader, leader elected after 5060ms
2023-05-04 20:14:08,415 [c223e4a1-7dec-454b-846f-941d08347586@group-2E93272E0D91-LeaderElection33] INFO  server.RaftServerConfigKeys (ConfUtils.java:logGet(46)) - raft.server.staging.catchup.gap = 1000 (default)
2023-05-04 20:14:08,415 [c223e4a1-7dec-454b-846f-941d08347586@group-2E93272E0D91-LeaderElection33] INFO  server.RaftServerConfigKeys (ConfUtils.java:logGet(46)) - raft.server.write.element-limit = 1024 (custom)
2023-05-04 20:14:08,415 [c223e4a1-7dec-454b-846f-941d08347586@group-2E93272E0D91-LeaderElection33] INFO  server.RaftServerConfigKeys (ConfUtils.java:logGet(46)) - raft.server.write.byte-limit = 1024 M (=1073741824) (custom)
2023-05-04 20:14:08,415 [c223e4a1-7dec-454b-846f-941d08347586@group-2E93272E0D91-LeaderElection33] INFO  server.RaftServerConfigKeys (ConfUtils.java:logGet(46)) - raft.server.watch.timeout = 180s (custom)
2023-05-04 20:14:08,415 [c223e4a1-7dec-454b-846f-941d08347586@group-2E93272E0D91-LeaderElection33] INFO  server.RaftServerConfigKeys (ConfUtils.java:logGet(46)) - raft.server.watch.timeout.denomination = 1s (default)
2023-05-04 20:14:08,416 [c223e4a1-7dec-454b-846f-941d08347586@group-2E93272E0D91-LeaderElection33] INFO  server.RaftServerConfigKeys (ConfUtils.java:logGet(46)) - raft.server.watch.element-limit = 65536 (default)
2023-05-04 20:14:08,416 [c223e4a1-7dec-454b-846f-941d08347586@group-2E93272E0D91-LeaderElection33] INFO  server.RaftServerConfigKeys (ConfUtils.java:logGet(46)) - raft.server.write.element-limit = 1024 (custom)
2023-05-04 20:14:08,416 [c223e4a1-7dec-454b-846f-941d08347586@group-2E93272E0D91-LeaderElection33] INFO  server.RaftServerConfigKeys (ConfUtils.java:logGet(46)) - raft.server.write.follower.gap.ratio.max = -1.0 (default)
2023-05-04 20:14:08,416 [c223e4a1-7dec-454b-846f-941d08347586@group-2E93272E0D91-LeaderElection33] INFO  impl.RoleInfo (RoleInfo.java:updateAndGet(139)) - c223e4a1-7dec-454b-846f-941d08347586: start c223e4a1-7dec-454b-846f-941d08347586@group-2E93272E0D91-LeaderStateImpl
2023-05-04 20:14:08,416 [c223e4a1-7dec-454b-846f-941d08347586@group-2E93272E0D91-LeaderElection33] INFO  segmented.SegmentedRaftLogWorker (SegmentedRaftLogWorker.java:startLogSegment(452)) - c223e4a1-7dec-454b-846f-941d08347586@group-2E93272E0D91-SegmentedRaftLogWorker: Starting segment from index:0
2023-05-04 20:14:08,416 [c223e4a1-7dec-454b-846f-941d08347586@group-2E93272E0D91-LeaderElection33] INFO  server.RaftServer$Division (ServerState.java:setRaftConf(430)) - c223e4a1-7dec-454b-846f-941d08347586@group-2E93272E0D91: set configuration 0: peers:[c223e4a1-7dec-454b-846f-941d08347586|rpc:10.1.0.20:45317|dataStream:10.1.0.20:46135|priority:1|startupRole:FOLLOWER]|listeners:[], old=null
2023-05-04 20:14:08,417 [c223e4a1-7dec-454b-846f-941d08347586@group-2E93272E0D91-SegmentedRaftLogWorker] INFO  segmented.SegmentedRaftLogWorker (SegmentedRaftLogWorker.java:execute(656)) - c223e4a1-7dec-454b-846f-941d08347586@group-2E93272E0D91-SegmentedRaftLogWorker: created new log segment /home/runner/work/ozone/ozone/hadoop-ozone/integration-test/target/test-dir/MiniOzoneClusterImpl-3ff5bc89-9620-4d46-84f6-68e3c2a3a822/datanode-13/data/ratis/53a11a99-2225-4dd9-abf0-2e93272e0d91/current/log_inprogress_0
]]></system-out>
  </testcase>
  <testcase name="bucketUsedBytesOverWrite(BucketLayout)[2]" classname="org.apache.hadoop.ozone.client.rpc.TestOzoneRpcClient" time="0.182">
    <system-out><![CDATA[2023-05-04 20:14:13,093 [Listener at 127.0.0.1/35517] INFO  rpc.RpcClient (RpcClient.java:createVolume(476)) - Creating Volume: 521ae175-8778-479e-a0be-8023c4624bfb, with runner as owner and space quota set to -1 bytes, counts quota set to -1
2023-05-04 20:14:13,097 [OM StateMachine ApplyTransaction Thread - 0] INFO  volume.OMVolumeCreateRequest (OMVolumeCreateRequest.java:validateAndUpdateCache(195)) - created volume:521ae175-8778-479e-a0be-8023c4624bfb for user:runner
2023-05-04 20:14:13,109 [Listener at 127.0.0.1/35517] INFO  rpc.RpcClient (RpcClient.java:createBucket(697)) - Creating Bucket: 521ae175-8778-479e-a0be-8023c4624bfb/d556295a-f4a0-4480-991d-844df720d811, with bucket layout LEGACY, runner as owner, Versioning true, Storage Type set to DISK and Encryption set to false, Replication Type set to server-side default replication type, Namespace Quota set to -1, Space Quota set to -1 
2023-05-04 20:14:13,114 [OM StateMachine ApplyTransaction Thread - 0] INFO  bucket.OMBucketCreateRequest (OMBucketCreateRequest.java:validateAndUpdateCache(270)) - created bucket: d556295a-f4a0-4480-991d-844df720d811 of layout LEGACY in volume: 521ae175-8778-479e-a0be-8023c4624bfb
]]></system-out>
  </testcase>
  <testcase name="bucketUsedBytesOverWrite(BucketLayout)[3]" classname="org.apache.hadoop.ozone.client.rpc.TestOzoneRpcClient" time="0.117">
    <system-out><![CDATA[2023-05-04 20:14:13,274 [Listener at 127.0.0.1/35517] INFO  rpc.RpcClient (RpcClient.java:createVolume(476)) - Creating Volume: e1576626-abba-4f3b-b971-b9df05dd1b7a, with runner as owner and space quota set to -1 bytes, counts quota set to -1
2023-05-04 20:14:13,277 [OM StateMachine ApplyTransaction Thread - 0] INFO  volume.OMVolumeCreateRequest (OMVolumeCreateRequest.java:validateAndUpdateCache(195)) - created volume:e1576626-abba-4f3b-b971-b9df05dd1b7a for user:runner
2023-05-04 20:14:13,279 [Listener at 127.0.0.1/35517] INFO  rpc.RpcClient (RpcClient.java:createBucket(697)) - Creating Bucket: e1576626-abba-4f3b-b971-b9df05dd1b7a/9ed81d02-c641-4add-bd17-86081938249c, with bucket layout FILE_SYSTEM_OPTIMIZED, runner as owner, Versioning true, Storage Type set to DISK and Encryption set to false, Replication Type set to server-side default replication type, Namespace Quota set to -1, Space Quota set to -1 
2023-05-04 20:14:13,282 [OM StateMachine ApplyTransaction Thread - 0] INFO  bucket.OMBucketCreateRequest (OMBucketCreateRequest.java:validateAndUpdateCache(270)) - created bucket: 9ed81d02-c641-4add-bd17-86081938249c of layout FILE_SYSTEM_OPTIMIZED in volume: e1576626-abba-4f3b-b971-b9df05dd1b7a
]]></system-out>
  </testcase>
  <testcase name="testAbortUploadFail" classname="org.apache.hadoop.ozone.client.rpc.TestOzoneRpcClient" time="0.054">
    <system-out><![CDATA[2023-05-04 20:14:13,393 [Listener at 127.0.0.1/35517] INFO  rpc.RpcClient (RpcClient.java:createVolume(476)) - Creating Volume: bbd9cfe8-f10e-4217-bb7b-5a10c7ec3be6, with runner as owner and space quota set to -1 bytes, counts quota set to -1
2023-05-04 20:14:13,396 [OM StateMachine ApplyTransaction Thread - 0] INFO  volume.OMVolumeCreateRequest (OMVolumeCreateRequest.java:validateAndUpdateCache(195)) - created volume:bbd9cfe8-f10e-4217-bb7b-5a10c7ec3be6 for user:runner
2023-05-04 20:14:13,399 [Listener at 127.0.0.1/35517] INFO  rpc.RpcClient (RpcClient.java:createBucket(697)) - Creating Bucket: bbd9cfe8-f10e-4217-bb7b-5a10c7ec3be6/4db694b4-6912-414d-a585-80a96f758d18, with server-side default bucket layout, runner as owner, Versioning false, Storage Type set to DISK and Encryption set to false, Replication Type set to server-side default replication type, Namespace Quota set to -1, Space Quota set to -1 
2023-05-04 20:14:13,403 [OM StateMachine ApplyTransaction Thread - 0] INFO  bucket.OMBucketCreateRequest (OMBucketCreateRequest.java:validateAndUpdateCache(270)) - created bucket: 4db694b4-6912-414d-a585-80a96f758d18 of layout FILE_SYSTEM_OPTIMIZED in volume: bbd9cfe8-f10e-4217-bb7b-5a10c7ec3be6
20:14:13.419 [OM StateMachine ApplyTransaction Thread - 0] ERROR OMAudit - user=runner | ip=127.0.0.1 | op=ABORT_MULTIPART_UPLOAD {volume=bbd9cfe8-f10e-4217-bb7b-5a10c7ec3be6, bucket=4db694b4-6912-414d-a585-80a96f758d18, key=b852136f-bf31-4604-8b57-161866356c92, dataSize=0, replicationType=NONE, replicationFactor=ZERO} | ret=FAILURE
org.apache.hadoop.ozone.om.exceptions.OMException: Abort Multipart Upload Failed: volume: bbd9cfe8-f10e-4217-bb7b-5a10c7ec3be6bucket: 4db694b4-6912-414d-a585-80a96f758d18key: b852136f-bf31-4604-8b57-161866356c92
	at org.apache.hadoop.ozone.om.request.s3.multipart.S3MultipartUploadAbortRequest.validateAndUpdateCache(S3MultipartUploadAbortRequest.java:160) ~[ozone-manager-1.4.0-SNAPSHOT.jar:?]
	at org.apache.hadoop.ozone.protocolPB.OzoneManagerRequestHandler.handleWriteRequest(OzoneManagerRequestHandler.java:337) ~[ozone-manager-1.4.0-SNAPSHOT.jar:?]
	at org.apache.hadoop.ozone.om.ratis.OzoneManagerStateMachine.runCommand(OzoneManagerStateMachine.java:567) ~[ozone-manager-1.4.0-SNAPSHOT.jar:?]
	at org.apache.hadoop.ozone.om.ratis.OzoneManagerStateMachine.lambda$1(OzoneManagerStateMachine.java:358) ~[ozone-manager-1.4.0-SNAPSHOT.jar:?]
	at java.util.concurrent.CompletableFuture$AsyncSupply.run(CompletableFuture.java:1604) [?:1.8.0_362]
	at java.util.concurrent.ThreadPoolExecutor.runWorker(ThreadPoolExecutor.java:1149) [?:1.8.0_362]
	at java.util.concurrent.ThreadPoolExecutor$Worker.run(ThreadPoolExecutor.java:624) [?:1.8.0_362]
	at java.lang.Thread.run(Thread.java:750) [?:1.8.0_362]
2023-05-04 20:14:13,440 [OM StateMachine ApplyTransaction Thread - 0] ERROR multipart.S3MultipartUploadAbortRequest (S3MultipartUploadAbortRequest.java:validateAndUpdateCache(223)) - Abort Multipart request is failed for KeyName b852136f-bf31-4604-8b57-161866356c92 in VolumeName/Bucket bbd9cfe8-f10e-4217-bb7b-5a10c7ec3be6/4db694b4-6912-414d-a585-80a96f758d18
NO_SUCH_MULTIPART_UPLOAD_ERROR org.apache.hadoop.ozone.om.exceptions.OMException: Abort Multipart Upload Failed: volume: bbd9cfe8-f10e-4217-bb7b-5a10c7ec3be6bucket: 4db694b4-6912-414d-a585-80a96f758d18key: b852136f-bf31-4604-8b57-161866356c92
	at org.apache.hadoop.ozone.om.request.s3.multipart.S3MultipartUploadAbortRequest.validateAndUpdateCache(S3MultipartUploadAbortRequest.java:160)
	at org.apache.hadoop.ozone.protocolPB.OzoneManagerRequestHandler.handleWriteRequest(OzoneManagerRequestHandler.java:337)
	at org.apache.hadoop.ozone.om.ratis.OzoneManagerStateMachine.runCommand(OzoneManagerStateMachine.java:567)
	at org.apache.hadoop.ozone.om.ratis.OzoneManagerStateMachine.lambda$1(OzoneManagerStateMachine.java:358)
	at java.util.concurrent.CompletableFuture$AsyncSupply.run(CompletableFuture.java:1604)
	at java.util.concurrent.ThreadPoolExecutor.runWorker(ThreadPoolExecutor.java:1149)
	at java.util.concurrent.ThreadPoolExecutor$Worker.run(ThreadPoolExecutor.java:624)
	at java.lang.Thread.run(Thread.java:750)
]]></system-out>
  </testcase>
  <testcase name="testAbortUploadFailWithInProgressPartUpload" classname="org.apache.hadoop.ozone.client.rpc.TestOzoneRpcClient" time="0.138">
    <system-out><![CDATA[2023-05-04 20:14:13,447 [Listener at 127.0.0.1/35517] INFO  rpc.RpcClient (RpcClient.java:createVolume(476)) - Creating Volume: ea2b0aa0-71bc-4067-ae18-01790947209a, with runner as owner and space quota set to -1 bytes, counts quota set to -1
2023-05-04 20:14:13,455 [OM StateMachine ApplyTransaction Thread - 0] INFO  volume.OMVolumeCreateRequest (OMVolumeCreateRequest.java:validateAndUpdateCache(195)) - created volume:ea2b0aa0-71bc-4067-ae18-01790947209a for user:runner
2023-05-04 20:14:13,459 [Listener at 127.0.0.1/35517] INFO  rpc.RpcClient (RpcClient.java:createBucket(697)) - Creating Bucket: ea2b0aa0-71bc-4067-ae18-01790947209a/865006ac-f7ca-48c6-9d4a-b5f84d6d0e47, with server-side default bucket layout, runner as owner, Versioning false, Storage Type set to DISK and Encryption set to false, Replication Type set to server-side default replication type, Namespace Quota set to -1, Space Quota set to -1 
2023-05-04 20:14:13,463 [OM StateMachine ApplyTransaction Thread - 0] INFO  bucket.OMBucketCreateRequest (OMBucketCreateRequest.java:validateAndUpdateCache(270)) - created bucket: 865006ac-f7ca-48c6-9d4a-b5f84d6d0e47 of layout FILE_SYSTEM_OPTIMIZED in volume: ea2b0aa0-71bc-4067-ae18-01790947209a
20:14:13.580 [OM StateMachine ApplyTransaction Thread - 0] ERROR OMAudit - user=runner | ip=127.0.0.1 | op=COMMIT_MULTIPART_UPLOAD_PARTKEY {volume=ea2b0aa0-71bc-4067-ae18-01790947209a, bucket=865006ac-f7ca-48c6-9d4a-b5f84d6d0e47, key=b7818bf3-0391-48f4-8466-9b9db88ddad7, dataSize=4, replicationType=NONE, replicationFactor=ZERO, partNumber=1, partName=/ea2b0aa0-71bc-4067-ae18-01790947209a/865006ac-f7ca-48c6-9d4a-b5f84d6d0e47/b7818bf3-0391-48f4-8466-9b9db88ddad7-a0b55b10-da1d-402b-9d31-a61dbfd0f3ff-110312243427606535-1} | ret=FAILURE
org.apache.hadoop.ozone.om.exceptions.OMException: No such Multipart upload is with specified uploadId a0b55b10-da1d-402b-9d31-a61dbfd0f3ff-110312243427606535
	at org.apache.hadoop.ozone.om.request.s3.multipart.S3MultipartUploadCommitPartRequest.validateAndUpdateCache(S3MultipartUploadCommitPartRequest.java:188) ~[ozone-manager-1.4.0-SNAPSHOT.jar:?]
	at org.apache.hadoop.ozone.protocolPB.OzoneManagerRequestHandler.handleWriteRequest(OzoneManagerRequestHandler.java:337) ~[ozone-manager-1.4.0-SNAPSHOT.jar:?]
	at org.apache.hadoop.ozone.om.ratis.OzoneManagerStateMachine.runCommand(OzoneManagerStateMachine.java:567) ~[ozone-manager-1.4.0-SNAPSHOT.jar:?]
	at org.apache.hadoop.ozone.om.ratis.OzoneManagerStateMachine.lambda$1(OzoneManagerStateMachine.java:358) ~[ozone-manager-1.4.0-SNAPSHOT.jar:?]
	at java.util.concurrent.CompletableFuture$AsyncSupply.run(CompletableFuture.java:1604) [?:1.8.0_362]
	at java.util.concurrent.ThreadPoolExecutor.runWorker(ThreadPoolExecutor.java:1149) [?:1.8.0_362]
	at java.util.concurrent.ThreadPoolExecutor$Worker.run(ThreadPoolExecutor.java:624) [?:1.8.0_362]
	at java.lang.Thread.run(Thread.java:750) [?:1.8.0_362]
2023-05-04 20:14:13,581 [OM StateMachine ApplyTransaction Thread - 0] ERROR multipart.S3MultipartUploadCommitPartRequest (S3MultipartUploadCommitPartRequest.java:logResult(327)) - MultipartUpload Commit is failed for Key:b7818bf3-0391-48f4-8466-9b9db88ddad7 in Volume/Bucket ea2b0aa0-71bc-4067-ae18-01790947209a/865006ac-f7ca-48c6-9d4a-b5f84d6d0e47
NO_SUCH_MULTIPART_UPLOAD_ERROR org.apache.hadoop.ozone.om.exceptions.OMException: No such Multipart upload is with specified uploadId a0b55b10-da1d-402b-9d31-a61dbfd0f3ff-110312243427606535
	at org.apache.hadoop.ozone.om.request.s3.multipart.S3MultipartUploadCommitPartRequest.validateAndUpdateCache(S3MultipartUploadCommitPartRequest.java:188)
	at org.apache.hadoop.ozone.protocolPB.OzoneManagerRequestHandler.handleWriteRequest(OzoneManagerRequestHandler.java:337)
	at org.apache.hadoop.ozone.om.ratis.OzoneManagerStateMachine.runCommand(OzoneManagerStateMachine.java:567)
	at org.apache.hadoop.ozone.om.ratis.OzoneManagerStateMachine.lambda$1(OzoneManagerStateMachine.java:358)
	at java.util.concurrent.CompletableFuture$AsyncSupply.run(CompletableFuture.java:1604)
	at java.util.concurrent.ThreadPoolExecutor.runWorker(ThreadPoolExecutor.java:1149)
	at java.util.concurrent.ThreadPoolExecutor$Worker.run(ThreadPoolExecutor.java:624)
	at java.lang.Thread.run(Thread.java:750)
]]></system-out>
  </testcase>
  <testcase name="testAbortUploadSuccessWithOutAnyParts" classname="org.apache.hadoop.ozone.client.rpc.TestOzoneRpcClient" time="0.028">
    <system-out><![CDATA[2023-05-04 20:14:13,585 [Listener at 127.0.0.1/35517] INFO  rpc.RpcClient (RpcClient.java:createVolume(476)) - Creating Volume: 6e2f2aab-53f0-48bb-b858-5a610c1887d8, with runner as owner and space quota set to -1 bytes, counts quota set to -1
2023-05-04 20:14:13,594 [OM StateMachine ApplyTransaction Thread - 0] INFO  volume.OMVolumeCreateRequest (OMVolumeCreateRequest.java:validateAndUpdateCache(195)) - created volume:6e2f2aab-53f0-48bb-b858-5a610c1887d8 for user:runner
2023-05-04 20:14:13,597 [Listener at 127.0.0.1/35517] INFO  rpc.RpcClient (RpcClient.java:createBucket(697)) - Creating Bucket: 6e2f2aab-53f0-48bb-b858-5a610c1887d8/5c5eba45-5b8d-46f5-aacd-bcffe79d4f76, with server-side default bucket layout, runner as owner, Versioning false, Storage Type set to DISK and Encryption set to false, Replication Type set to server-side default replication type, Namespace Quota set to -1, Space Quota set to -1 
2023-05-04 20:14:13,601 [OM StateMachine ApplyTransaction Thread - 0] INFO  bucket.OMBucketCreateRequest (OMBucketCreateRequest.java:validateAndUpdateCache(270)) - created bucket: 5c5eba45-5b8d-46f5-aacd-bcffe79d4f76 of layout FILE_SYSTEM_OPTIMIZED in volume: 6e2f2aab-53f0-48bb-b858-5a610c1887d8
]]></system-out>
  </testcase>
  <testcase name="testAbortUploadSuccessWithParts" classname="org.apache.hadoop.ozone.client.rpc.TestOzoneRpcClient" time="0.107">
    <system-out><![CDATA[2023-05-04 20:14:13,615 [Listener at 127.0.0.1/35517] INFO  rpc.RpcClient (RpcClient.java:createVolume(476)) - Creating Volume: 554aafe6-e33b-4ae6-87cc-83e47618ad56, with runner as owner and space quota set to -1 bytes, counts quota set to -1
2023-05-04 20:14:13,621 [OM StateMachine ApplyTransaction Thread - 0] INFO  volume.OMVolumeCreateRequest (OMVolumeCreateRequest.java:validateAndUpdateCache(195)) - created volume:554aafe6-e33b-4ae6-87cc-83e47618ad56 for user:runner
2023-05-04 20:14:13,623 [Listener at 127.0.0.1/35517] INFO  rpc.RpcClient (RpcClient.java:createBucket(697)) - Creating Bucket: 554aafe6-e33b-4ae6-87cc-83e47618ad56/c96ac936-807c-47a1-b25e-810f2f655f0d, with server-side default bucket layout, runner as owner, Versioning false, Storage Type set to DISK and Encryption set to false, Replication Type set to server-side default replication type, Namespace Quota set to -1, Space Quota set to -1 
2023-05-04 20:14:13,628 [OM StateMachine ApplyTransaction Thread - 0] INFO  bucket.OMBucketCreateRequest (OMBucketCreateRequest.java:validateAndUpdateCache(270)) - created bucket: c96ac936-807c-47a1-b25e-810f2f655f0d of layout FILE_SYSTEM_OPTIMIZED in volume: 554aafe6-e33b-4ae6-87cc-83e47618ad56
]]></system-out>
  </testcase>
  <testcase name="testAclsAfterCallingSetBucketProperty" classname="org.apache.hadoop.ozone.client.rpc.TestOzoneRpcClient" time="0.05">
    <system-out><![CDATA[2023-05-04 20:14:13,722 [Listener at 127.0.0.1/35517] INFO  rpc.RpcClient (RpcClient.java:createVolume(476)) - Creating Volume: f9ca409a-969d-48e2-adce-540fa7d6e69b, with runner as owner and space quota set to -1 bytes, counts quota set to -1
2023-05-04 20:14:13,729 [OM StateMachine ApplyTransaction Thread - 0] INFO  volume.OMVolumeCreateRequest (OMVolumeCreateRequest.java:validateAndUpdateCache(195)) - created volume:f9ca409a-969d-48e2-adce-540fa7d6e69b for user:runner
2023-05-04 20:14:13,733 [Listener at 127.0.0.1/35517] INFO  rpc.RpcClient (RpcClient.java:createBucket(697)) - Creating Bucket: f9ca409a-969d-48e2-adce-540fa7d6e69b/2f74a42d-d9cf-492b-bb00-a61c8f598929, with server-side default bucket layout, runner as owner, Versioning false, Storage Type set to DISK and Encryption set to false, Replication Type set to server-side default replication type, Namespace Quota set to -1, Space Quota set to -1 
2023-05-04 20:14:13,737 [OM StateMachine ApplyTransaction Thread - 0] INFO  bucket.OMBucketCreateRequest (OMBucketCreateRequest.java:validateAndUpdateCache(270)) - created bucket: 2f74a42d-d9cf-492b-bb00-a61c8f598929 of layout FILE_SYSTEM_OPTIMIZED in volume: f9ca409a-969d-48e2-adce-540fa7d6e69b
]]></system-out>
  </testcase>
  <testcase name="testAddBucketAcl" classname="org.apache.hadoop.ozone.client.rpc.TestOzoneRpcClient" time="0.028">
    <system-out><![CDATA[2023-05-04 20:14:13,774 [Listener at 127.0.0.1/35517] INFO  rpc.RpcClient (RpcClient.java:createVolume(476)) - Creating Volume: 15bb1fbf-c18e-45be-b653-fbf5eecd19dc, with runner as owner and space quota set to -1 bytes, counts quota set to -1
2023-05-04 20:14:13,777 [OM StateMachine ApplyTransaction Thread - 0] INFO  volume.OMVolumeCreateRequest (OMVolumeCreateRequest.java:validateAndUpdateCache(195)) - created volume:15bb1fbf-c18e-45be-b653-fbf5eecd19dc for user:runner
2023-05-04 20:14:13,780 [Listener at 127.0.0.1/35517] INFO  rpc.RpcClient (RpcClient.java:createBucket(697)) - Creating Bucket: 15bb1fbf-c18e-45be-b653-fbf5eecd19dc/fe5056ce-dc6a-47d2-b8af-99a71e263efa, with server-side default bucket layout, runner as owner, Versioning false, Storage Type set to DISK and Encryption set to false, Replication Type set to server-side default replication type, Namespace Quota set to -1, Space Quota set to -1 
2023-05-04 20:14:13,783 [OM StateMachine ApplyTransaction Thread - 0] INFO  bucket.OMBucketCreateRequest (OMBucketCreateRequest.java:validateAndUpdateCache(270)) - created bucket: fe5056ce-dc6a-47d2-b8af-99a71e263efa of layout FILE_SYSTEM_OPTIMIZED in volume: 15bb1fbf-c18e-45be-b653-fbf5eecd19dc
]]></system-out>
  </testcase>
  <testcase name="testBucketQuota(ReplicationConfig)[1]" classname="org.apache.hadoop.ozone.client.rpc.TestOzoneRpcClient" time="0.755">
    <system-out><![CDATA[2023-05-04 20:14:13,808 [Listener at 127.0.0.1/35517] INFO  rpc.RpcClient (RpcClient.java:createVolume(476)) - Creating Volume: 9c66ca85-39d1-407b-a0e1-147f50f852c7, with runner as owner and space quota set to -1 bytes, counts quota set to -1
2023-05-04 20:14:13,812 [OM StateMachine ApplyTransaction Thread - 0] INFO  volume.OMVolumeCreateRequest (OMVolumeCreateRequest.java:validateAndUpdateCache(195)) - created volume:9c66ca85-39d1-407b-a0e1-147f50f852c7 for user:runner
2023-05-04 20:14:13,814 [Listener at 127.0.0.1/35517] INFO  rpc.RpcClient (RpcClient.java:createBucket(697)) - Creating Bucket: 9c66ca85-39d1-407b-a0e1-147f50f852c7/901b1f89-8c91-4ea9-8793-fa2646837dc0, with server-side default bucket layout, runner as owner, Versioning false, Storage Type set to DISK and Encryption set to false, Replication Type set to server-side default replication type, Namespace Quota set to -1, Space Quota set to -1 
2023-05-04 20:14:13,817 [OM StateMachine ApplyTransaction Thread - 0] INFO  bucket.OMBucketCreateRequest (OMBucketCreateRequest.java:validateAndUpdateCache(270)) - created bucket: 901b1f89-8c91-4ea9-8793-fa2646837dc0 of layout FILE_SYSTEM_OPTIMIZED in volume: 9c66ca85-39d1-407b-a0e1-147f50f852c7
2023-05-04 20:14:13,835 [OM StateMachine ApplyTransaction Thread - 0] INFO  key.OMKeyRequest (OMKeyRequest.java:wrapUncommittedBlocksAsPseudoKey(831)) - Detect allocated but uncommitted blocks [{blockID={containerID=7, localID=111677748019200009}, length=4194304, offset=0, token=null, pipeline=null, createVersion=0, partNumber=0}] in key e5eaa998-9271-45ad-86fe-f4b60076b209.
2023-05-04 20:14:13,854 [OM StateMachine ApplyTransaction Thread - 0] INFO  key.OMKeyRequest (OMKeyRequest.java:wrapUncommittedBlocksAsPseudoKey(831)) - Detect allocated but uncommitted blocks [{blockID={containerID=4, localID=111677748019200010}, length=4194304, offset=0, token=null, pipeline=null, createVersion=0, partNumber=0}] in key e5eaa998-9271-45ad-86fe-f4b60076b209.
2023-05-04 20:14:13,872 [Listener at 127.0.0.1/35517] INFO  rpc.RpcClient (RpcClient.java:createVolume(476)) - Creating Volume: 43b5a330-0b74-4c4d-9384-f631bb737675, with runner as owner and space quota set to -1 bytes, counts quota set to -1
2023-05-04 20:14:13,876 [OM StateMachine ApplyTransaction Thread - 0] INFO  volume.OMVolumeCreateRequest (OMVolumeCreateRequest.java:validateAndUpdateCache(195)) - created volume:43b5a330-0b74-4c4d-9384-f631bb737675 for user:runner
2023-05-04 20:14:13,878 [Listener at 127.0.0.1/35517] INFO  rpc.RpcClient (RpcClient.java:createBucket(697)) - Creating Bucket: 43b5a330-0b74-4c4d-9384-f631bb737675/80d1b342-fdbb-49cb-b53a-7b914f1a4378, with server-side default bucket layout, runner as owner, Versioning false, Storage Type set to DISK and Encryption set to false, Replication Type set to server-side default replication type, Namespace Quota set to -1, Space Quota set to -1 
2023-05-04 20:14:13,881 [OM StateMachine ApplyTransaction Thread - 0] INFO  bucket.OMBucketCreateRequest (OMBucketCreateRequest.java:validateAndUpdateCache(270)) - created bucket: 80d1b342-fdbb-49cb-b53a-7b914f1a4378 of layout FILE_SYSTEM_OPTIMIZED in volume: 43b5a330-0b74-4c4d-9384-f631bb737675
2023-05-04 20:14:14,000 [Listener at 127.0.0.1/35517] INFO  rpc.RpcClient (RpcClient.java:createVolume(476)) - Creating Volume: 9e0103a5-cadc-4aa7-8673-ef01d1a069b9, with runner as owner and space quota set to -1 bytes, counts quota set to -1
2023-05-04 20:14:14,003 [OM StateMachine ApplyTransaction Thread - 0] INFO  volume.OMVolumeCreateRequest (OMVolumeCreateRequest.java:validateAndUpdateCache(195)) - created volume:9e0103a5-cadc-4aa7-8673-ef01d1a069b9 for user:runner
2023-05-04 20:14:14,005 [Listener at 127.0.0.1/35517] INFO  rpc.RpcClient (RpcClient.java:createBucket(697)) - Creating Bucket: 9e0103a5-cadc-4aa7-8673-ef01d1a069b9/1da4dcce-1c7b-45c7-9a06-2a9c4cbe4dd5, with server-side default bucket layout, runner as owner, Versioning false, Storage Type set to DISK and Encryption set to false, Replication Type set to server-side default replication type, Namespace Quota set to -1, Space Quota set to -1 
2023-05-04 20:14:14,008 [OM StateMachine ApplyTransaction Thread - 0] INFO  bucket.OMBucketCreateRequest (OMBucketCreateRequest.java:validateAndUpdateCache(270)) - created bucket: 1da4dcce-1c7b-45c7-9a06-2a9c4cbe4dd5 of layout FILE_SYSTEM_OPTIMIZED in volume: 9e0103a5-cadc-4aa7-8673-ef01d1a069b9
2023-05-04 20:14:14,320 [Listener at 127.0.0.1/35517] INFO  rpc.RpcClient (RpcClient.java:createVolume(476)) - Creating Volume: 720620a0-083d-42f7-9064-d855bf51f403, with runner as owner and space quota set to -1 bytes, counts quota set to -1
2023-05-04 20:14:14,323 [OM StateMachine ApplyTransaction Thread - 0] INFO  volume.OMVolumeCreateRequest (OMVolumeCreateRequest.java:validateAndUpdateCache(195)) - created volume:720620a0-083d-42f7-9064-d855bf51f403 for user:runner
2023-05-04 20:14:14,326 [Listener at 127.0.0.1/35517] INFO  rpc.RpcClient (RpcClient.java:createBucket(697)) - Creating Bucket: 720620a0-083d-42f7-9064-d855bf51f403/f8257142-a9e5-4e08-ab9e-db3c6d7c313f, with server-side default bucket layout, runner as owner, Versioning false, Storage Type set to DISK and Encryption set to false, Replication Type set to server-side default replication type, Namespace Quota set to -1, Space Quota set to -1 
2023-05-04 20:14:14,329 [OM StateMachine ApplyTransaction Thread - 0] INFO  bucket.OMBucketCreateRequest (OMBucketCreateRequest.java:validateAndUpdateCache(270)) - created bucket: f8257142-a9e5-4e08-ab9e-db3c6d7c313f of layout FILE_SYSTEM_OPTIMIZED in volume: 720620a0-083d-42f7-9064-d855bf51f403
]]></system-out>
  </testcase>
  <testcase name="testBucketQuota(ReplicationConfig)[2]" classname="org.apache.hadoop.ozone.client.rpc.TestOzoneRpcClient" time="4.578">
    <system-out><![CDATA[2023-05-04 20:14:14,563 [Listener at 127.0.0.1/35517] INFO  rpc.RpcClient (RpcClient.java:createVolume(476)) - Creating Volume: cdfb7cca-c4ec-42e8-911b-cf02ab9331e6, with runner as owner and space quota set to -1 bytes, counts quota set to -1
2023-05-04 20:14:14,566 [OM StateMachine ApplyTransaction Thread - 0] INFO  volume.OMVolumeCreateRequest (OMVolumeCreateRequest.java:validateAndUpdateCache(195)) - created volume:cdfb7cca-c4ec-42e8-911b-cf02ab9331e6 for user:runner
2023-05-04 20:14:14,568 [Listener at 127.0.0.1/35517] INFO  rpc.RpcClient (RpcClient.java:createBucket(697)) - Creating Bucket: cdfb7cca-c4ec-42e8-911b-cf02ab9331e6/ae8d6fa9-b191-46f2-aa5a-70148d86704b, with server-side default bucket layout, runner as owner, Versioning false, Storage Type set to DISK and Encryption set to false, Replication Type set to server-side default replication type, Namespace Quota set to -1, Space Quota set to -1 
2023-05-04 20:14:14,570 [OM StateMachine ApplyTransaction Thread - 0] INFO  bucket.OMBucketCreateRequest (OMBucketCreateRequest.java:validateAndUpdateCache(270)) - created bucket: ae8d6fa9-b191-46f2-aa5a-70148d86704b of layout FILE_SYSTEM_OPTIMIZED in volume: cdfb7cca-c4ec-42e8-911b-cf02ab9331e6
2023-05-04 20:14:14,585 [OM StateMachine ApplyTransaction Thread - 0] INFO  key.OMKeyRequest (OMKeyRequest.java:wrapUncommittedBlocksAsPseudoKey(831)) - Detect allocated but uncommitted blocks [{blockID={containerID=11, localID=111677748019200019}, length=4194304, offset=0, token=null, pipeline=null, createVersion=0, partNumber=0}] in key b8d159b8-27fa-48c4-80e4-dfbc7cbbfae1.
2023-05-04 20:14:14,603 [OM StateMachine ApplyTransaction Thread - 0] INFO  key.OMKeyRequest (OMKeyRequest.java:wrapUncommittedBlocksAsPseudoKey(831)) - Detect allocated but uncommitted blocks [{blockID={containerID=11, localID=111677748019200020}, length=4194304, offset=0, token=null, pipeline=null, createVersion=0, partNumber=0}] in key b8d159b8-27fa-48c4-80e4-dfbc7cbbfae1.
2023-05-04 20:14:14,614 [Listener at 127.0.0.1/35517] INFO  rpc.RpcClient (RpcClient.java:createVolume(476)) - Creating Volume: b50f4908-0eb0-4b85-bf7d-63bfb40d1dbf, with runner as owner and space quota set to -1 bytes, counts quota set to -1
2023-05-04 20:14:14,616 [OM StateMachine ApplyTransaction Thread - 0] INFO  volume.OMVolumeCreateRequest (OMVolumeCreateRequest.java:validateAndUpdateCache(195)) - created volume:b50f4908-0eb0-4b85-bf7d-63bfb40d1dbf for user:runner
2023-05-04 20:14:14,619 [Listener at 127.0.0.1/35517] INFO  rpc.RpcClient (RpcClient.java:createBucket(697)) - Creating Bucket: b50f4908-0eb0-4b85-bf7d-63bfb40d1dbf/3da9857a-c6d8-4fc2-985c-93192bc1c244, with server-side default bucket layout, runner as owner, Versioning false, Storage Type set to DISK and Encryption set to false, Replication Type set to server-side default replication type, Namespace Quota set to -1, Space Quota set to -1 
2023-05-04 20:14:14,621 [OM StateMachine ApplyTransaction Thread - 0] INFO  bucket.OMBucketCreateRequest (OMBucketCreateRequest.java:validateAndUpdateCache(270)) - created bucket: 3da9857a-c6d8-4fc2-985c-93192bc1c244 of layout FILE_SYSTEM_OPTIMIZED in volume: b50f4908-0eb0-4b85-bf7d-63bfb40d1dbf
2023-05-04 20:14:14,777 [Listener at 127.0.0.1/35517] INFO  rpc.RpcClient (RpcClient.java:createVolume(476)) - Creating Volume: 7133c863-036c-44f1-8554-0f4c0e293cfe, with runner as owner and space quota set to -1 bytes, counts quota set to -1
2023-05-04 20:14:14,781 [OM StateMachine ApplyTransaction Thread - 0] INFO  volume.OMVolumeCreateRequest (OMVolumeCreateRequest.java:validateAndUpdateCache(195)) - created volume:7133c863-036c-44f1-8554-0f4c0e293cfe for user:runner
2023-05-04 20:14:14,783 [Listener at 127.0.0.1/35517] INFO  rpc.RpcClient (RpcClient.java:createBucket(697)) - Creating Bucket: 7133c863-036c-44f1-8554-0f4c0e293cfe/ad4fb43c-039a-4ca6-b566-b994c236ae95, with server-side default bucket layout, runner as owner, Versioning false, Storage Type set to DISK and Encryption set to false, Replication Type set to server-side default replication type, Namespace Quota set to -1, Space Quota set to -1 
2023-05-04 20:14:14,786 [OM StateMachine ApplyTransaction Thread - 0] INFO  bucket.OMBucketCreateRequest (OMBucketCreateRequest.java:validateAndUpdateCache(270)) - created bucket: ad4fb43c-039a-4ca6-b566-b994c236ae95 of layout FILE_SYSTEM_OPTIMIZED in volume: 7133c863-036c-44f1-8554-0f4c0e293cfe
2023-05-04 20:14:15,298 [Listener at 127.0.0.1/35517] INFO  rpc.RpcClient (RpcClient.java:createVolume(476)) - Creating Volume: 0835b368-d199-4647-a1c3-48000d5496ce, with runner as owner and space quota set to -1 bytes, counts quota set to -1
2023-05-04 20:14:15,301 [OM StateMachine ApplyTransaction Thread - 0] INFO  volume.OMVolumeCreateRequest (OMVolumeCreateRequest.java:validateAndUpdateCache(195)) - created volume:0835b368-d199-4647-a1c3-48000d5496ce for user:runner
2023-05-04 20:14:15,303 [Listener at 127.0.0.1/35517] INFO  rpc.RpcClient (RpcClient.java:createBucket(697)) - Creating Bucket: 0835b368-d199-4647-a1c3-48000d5496ce/91f8cc81-d989-4cbd-978d-0f4d93dc8239, with server-side default bucket layout, runner as owner, Versioning false, Storage Type set to DISK and Encryption set to false, Replication Type set to server-side default replication type, Namespace Quota set to -1, Space Quota set to -1 
2023-05-04 20:14:15,306 [OM StateMachine ApplyTransaction Thread - 0] INFO  bucket.OMBucketCreateRequest (OMBucketCreateRequest.java:validateAndUpdateCache(270)) - created bucket: 91f8cc81-d989-4cbd-978d-0f4d93dc8239 of layout FILE_SYSTEM_OPTIMIZED in volume: 0835b368-d199-4647-a1c3-48000d5496ce
2023-05-04 20:14:15,786 [Listener at 127.0.0.1/35517] INFO  rpc.RpcClient (RpcClient.java:createVolume(476)) - Creating Volume: 913a46fd-a9c0-455a-9aad-01d1f1640efd, with runner as owner and space quota set to -1 bytes, counts quota set to -1
2023-05-04 20:14:15,789 [OM StateMachine ApplyTransaction Thread - 0] INFO  volume.OMVolumeCreateRequest (OMVolumeCreateRequest.java:validateAndUpdateCache(195)) - created volume:913a46fd-a9c0-455a-9aad-01d1f1640efd for user:runner
2023-05-04 20:14:15,791 [Listener at 127.0.0.1/35517] INFO  rpc.RpcClient (RpcClient.java:createBucket(697)) - Creating Bucket: 913a46fd-a9c0-455a-9aad-01d1f1640efd/e8bfbf24-046c-447c-ae35-7d6056cd4fc5, with server-side default bucket layout, runner as owner, Versioning false, Storage Type set to DISK and Encryption set to false, Replication Type set to server-side default replication type, Namespace Quota set to -1, Space Quota set to -1 
2023-05-04 20:14:15,793 [OM StateMachine ApplyTransaction Thread - 0] INFO  bucket.OMBucketCreateRequest (OMBucketCreateRequest.java:validateAndUpdateCache(270)) - created bucket: e8bfbf24-046c-447c-ae35-7d6056cd4fc5 of layout FILE_SYSTEM_OPTIMIZED in volume: 913a46fd-a9c0-455a-9aad-01d1f1640efd
2023-05-04 20:14:16,658 [Listener at 127.0.0.1/35517] INFO  rpc.RpcClient (RpcClient.java:createVolume(476)) - Creating Volume: 649c0e90-72d7-437c-a0b5-13262a279fda, with runner as owner and space quota set to -1 bytes, counts quota set to -1
2023-05-04 20:14:16,661 [OM StateMachine ApplyTransaction Thread - 0] INFO  volume.OMVolumeCreateRequest (OMVolumeCreateRequest.java:validateAndUpdateCache(195)) - created volume:649c0e90-72d7-437c-a0b5-13262a279fda for user:runner
2023-05-04 20:14:16,663 [Listener at 127.0.0.1/35517] INFO  rpc.RpcClient (RpcClient.java:createBucket(697)) - Creating Bucket: 649c0e90-72d7-437c-a0b5-13262a279fda/ed33be3b-ff5e-4df3-b5be-f121847cfbb3, with server-side default bucket layout, runner as owner, Versioning false, Storage Type set to DISK and Encryption set to false, Replication Type set to server-side default replication type, Namespace Quota set to -1, Space Quota set to -1 
2023-05-04 20:14:16,666 [OM StateMachine ApplyTransaction Thread - 0] INFO  bucket.OMBucketCreateRequest (OMBucketCreateRequest.java:validateAndUpdateCache(270)) - created bucket: ed33be3b-ff5e-4df3-b5be-f121847cfbb3 of layout FILE_SYSTEM_OPTIMIZED in volume: 649c0e90-72d7-437c-a0b5-13262a279fda
2023-05-04 20:14:17,337 [Listener at 127.0.0.1/35517] INFO  rpc.RpcClient (RpcClient.java:createVolume(476)) - Creating Volume: 7db095c1-b837-4f54-8ead-52667c673172, with runner as owner and space quota set to -1 bytes, counts quota set to -1
2023-05-04 20:14:17,339 [OM StateMachine ApplyTransaction Thread - 0] INFO  volume.OMVolumeCreateRequest (OMVolumeCreateRequest.java:validateAndUpdateCache(195)) - created volume:7db095c1-b837-4f54-8ead-52667c673172 for user:runner
2023-05-04 20:14:17,341 [Listener at 127.0.0.1/35517] INFO  rpc.RpcClient (RpcClient.java:createBucket(697)) - Creating Bucket: 7db095c1-b837-4f54-8ead-52667c673172/7a4bb1f0-797a-45d6-a124-ac163787d14e, with server-side default bucket layout, runner as owner, Versioning false, Storage Type set to DISK and Encryption set to false, Replication Type set to server-side default replication type, Namespace Quota set to -1, Space Quota set to -1 
2023-05-04 20:14:17,343 [OM StateMachine ApplyTransaction Thread - 0] INFO  bucket.OMBucketCreateRequest (OMBucketCreateRequest.java:validateAndUpdateCache(270)) - created bucket: 7a4bb1f0-797a-45d6-a124-ac163787d14e of layout FILE_SYSTEM_OPTIMIZED in volume: 7db095c1-b837-4f54-8ead-52667c673172
2023-05-04 20:14:18,594 [Listener at 127.0.0.1/35517] INFO  rpc.RpcClient (RpcClient.java:createVolume(476)) - Creating Volume: 59a00e50-450a-4d75-ae87-11f04a4429fd, with runner as owner and space quota set to -1 bytes, counts quota set to -1
2023-05-04 20:14:18,596 [OM StateMachine ApplyTransaction Thread - 0] INFO  volume.OMVolumeCreateRequest (OMVolumeCreateRequest.java:validateAndUpdateCache(195)) - created volume:59a00e50-450a-4d75-ae87-11f04a4429fd for user:runner
2023-05-04 20:14:18,598 [Listener at 127.0.0.1/35517] INFO  rpc.RpcClient (RpcClient.java:createBucket(697)) - Creating Bucket: 59a00e50-450a-4d75-ae87-11f04a4429fd/47caadd1-96fd-4c87-8443-e1904d7f3916, with server-side default bucket layout, runner as owner, Versioning false, Storage Type set to DISK and Encryption set to false, Replication Type set to server-side default replication type, Namespace Quota set to -1, Space Quota set to -1 
2023-05-04 20:14:18,600 [OM StateMachine ApplyTransaction Thread - 0] INFO  bucket.OMBucketCreateRequest (OMBucketCreateRequest.java:validateAndUpdateCache(270)) - created bucket: 47caadd1-96fd-4c87-8443-e1904d7f3916 of layout FILE_SYSTEM_OPTIMIZED in volume: 59a00e50-450a-4d75-ae87-11f04a4429fd
]]></system-out>
  </testcase>
  <testcase name="testBucketQuota(ReplicationConfig)[3]" classname="org.apache.hadoop.ozone.client.rpc.TestOzoneRpcClient" time="5.902">
    <system-out><![CDATA[2023-05-04 20:14:19,143 [Listener at 127.0.0.1/35517] INFO  rpc.RpcClient (RpcClient.java:createVolume(476)) - Creating Volume: 7954becb-7b31-4a3e-99fe-8e644de2ca10, with runner as owner and space quota set to -1 bytes, counts quota set to -1
2023-05-04 20:14:19,145 [OM StateMachine ApplyTransaction Thread - 0] INFO  volume.OMVolumeCreateRequest (OMVolumeCreateRequest.java:validateAndUpdateCache(195)) - created volume:7954becb-7b31-4a3e-99fe-8e644de2ca10 for user:runner
2023-05-04 20:14:19,147 [Listener at 127.0.0.1/35517] INFO  rpc.RpcClient (RpcClient.java:createBucket(697)) - Creating Bucket: 7954becb-7b31-4a3e-99fe-8e644de2ca10/e1e4b527-795a-451f-9b8f-ad4d466fde19, with server-side default bucket layout, runner as owner, Versioning false, Storage Type set to DISK and Encryption set to false, Replication Type set to server-side default replication type, Namespace Quota set to -1, Space Quota set to -1 
2023-05-04 20:14:19,149 [OM StateMachine ApplyTransaction Thread - 0] INFO  bucket.OMBucketCreateRequest (OMBucketCreateRequest.java:validateAndUpdateCache(270)) - created bucket: e1e4b527-795a-451f-9b8f-ad4d466fde19 of layout FILE_SYSTEM_OPTIMIZED in volume: 7954becb-7b31-4a3e-99fe-8e644de2ca10
2023-05-04 20:14:19,159 [IPC Server handler 19 on default port 35523] INFO  pipeline.PipelineStateManagerImpl (PipelineStateManagerImpl.java:addPipeline(103)) - Created pipeline Pipeline[ Id: b31afc50-0025-4c66-b144-ea375f02f17d, Nodes: de61e307-c070-4843-8a71-857ff854f108(fv-az804-457.cvtsq3ctpw5ehehiek0yp1ke0c.cx.internal.cloudapp.net/10.1.0.20)7e411c01-6998-40d0-b507-5d7903264b15(fv-az804-457.cvtsq3ctpw5ehehiek0yp1ke0c.cx.internal.cloudapp.net/10.1.0.20)c223e4a1-7dec-454b-846f-941d08347586(fv-az804-457.cvtsq3ctpw5ehehiek0yp1ke0c.cx.internal.cloudapp.net/10.1.0.20)14e688c6-03f0-4578-94be-4c0bf8f01127(fv-az804-457.cvtsq3ctpw5ehehiek0yp1ke0c.cx.internal.cloudapp.net/10.1.0.20)6a8dabd4-d9aa-4d69-8f5d-1f403dba9ac7(fv-az804-457.cvtsq3ctpw5ehehiek0yp1ke0c.cx.internal.cloudapp.net/10.1.0.20), ReplicationConfig: EC{rs-3-2-1024k}, State:ALLOCATED, leaderId:, CreationTimestamp2023-05-04T20:14:19.159Z[Etc/UTC]].
2023-05-04 20:14:19,160 [IPC Server handler 19 on default port 35523] INFO  pipeline.PipelineManagerImpl (PipelineManagerImpl.java:openPipeline(367)) - Pipeline Pipeline[ Id: b31afc50-0025-4c66-b144-ea375f02f17d, Nodes: de61e307-c070-4843-8a71-857ff854f108(fv-az804-457.cvtsq3ctpw5ehehiek0yp1ke0c.cx.internal.cloudapp.net/10.1.0.20)7e411c01-6998-40d0-b507-5d7903264b15(fv-az804-457.cvtsq3ctpw5ehehiek0yp1ke0c.cx.internal.cloudapp.net/10.1.0.20)c223e4a1-7dec-454b-846f-941d08347586(fv-az804-457.cvtsq3ctpw5ehehiek0yp1ke0c.cx.internal.cloudapp.net/10.1.0.20)14e688c6-03f0-4578-94be-4c0bf8f01127(fv-az804-457.cvtsq3ctpw5ehehiek0yp1ke0c.cx.internal.cloudapp.net/10.1.0.20)6a8dabd4-d9aa-4d69-8f5d-1f403dba9ac7(fv-az804-457.cvtsq3ctpw5ehehiek0yp1ke0c.cx.internal.cloudapp.net/10.1.0.20), ReplicationConfig: EC{rs-3-2-1024k}, State:ALLOCATED, leaderId:, CreationTimestamp2023-05-04T20:14:19.159Z[Etc/UTC]] moved to OPEN state
2023-05-04 20:14:19,204 [Listener at 127.0.0.1/35517] WARN  erasurecode.ErasureCodeNative (ErasureCodeNative.java:<clinit>(55)) - ISA-L support is not available in your platform... using builtin-java codec where applicable
2023-05-04 20:14:19,304 [OM StateMachine ApplyTransaction Thread - 0] INFO  key.OMKeyRequest (OMKeyRequest.java:wrapUncommittedBlocksAsPseudoKey(831)) - Detect allocated but uncommitted blocks [{blockID={containerID=19, localID=111677748019200053}, length=4194304, offset=0, token=null, pipeline=null, createVersion=0, partNumber=0}] in key 30f68539-a81b-4d80-a9b9-657afbc02823.
2023-05-04 20:14:19,311 [IPC Server handler 2 on default port 35523] INFO  pipeline.PipelineStateManagerImpl (PipelineStateManagerImpl.java:addPipeline(103)) - Created pipeline Pipeline[ Id: f239dc1c-e69f-4758-aea4-914aa8955ad9, Nodes: b957fc71-c761-4d97-9df6-bc970b063b54(fv-az804-457.cvtsq3ctpw5ehehiek0yp1ke0c.cx.internal.cloudapp.net/10.1.0.20)14e688c6-03f0-4578-94be-4c0bf8f01127(fv-az804-457.cvtsq3ctpw5ehehiek0yp1ke0c.cx.internal.cloudapp.net/10.1.0.20)fe0c64ad-372f-4816-a9b8-650345a5ed87(fv-az804-457.cvtsq3ctpw5ehehiek0yp1ke0c.cx.internal.cloudapp.net/10.1.0.20)c0824e8e-e4e4-4301-9438-3093f7f79ba0(fv-az804-457.cvtsq3ctpw5ehehiek0yp1ke0c.cx.internal.cloudapp.net/10.1.0.20)71eef059-4e21-465b-a9dc-55002cc631de(fv-az804-457.cvtsq3ctpw5ehehiek0yp1ke0c.cx.internal.cloudapp.net/10.1.0.20), ReplicationConfig: EC{rs-3-2-1024k}, State:ALLOCATED, leaderId:, CreationTimestamp2023-05-04T20:14:19.310Z[Etc/UTC]].
2023-05-04 20:14:19,311 [IPC Server handler 2 on default port 35523] INFO  pipeline.PipelineManagerImpl (PipelineManagerImpl.java:openPipeline(367)) - Pipeline Pipeline[ Id: f239dc1c-e69f-4758-aea4-914aa8955ad9, Nodes: b957fc71-c761-4d97-9df6-bc970b063b54(fv-az804-457.cvtsq3ctpw5ehehiek0yp1ke0c.cx.internal.cloudapp.net/10.1.0.20)14e688c6-03f0-4578-94be-4c0bf8f01127(fv-az804-457.cvtsq3ctpw5ehehiek0yp1ke0c.cx.internal.cloudapp.net/10.1.0.20)fe0c64ad-372f-4816-a9b8-650345a5ed87(fv-az804-457.cvtsq3ctpw5ehehiek0yp1ke0c.cx.internal.cloudapp.net/10.1.0.20)c0824e8e-e4e4-4301-9438-3093f7f79ba0(fv-az804-457.cvtsq3ctpw5ehehiek0yp1ke0c.cx.internal.cloudapp.net/10.1.0.20)71eef059-4e21-465b-a9dc-55002cc631de(fv-az804-457.cvtsq3ctpw5ehehiek0yp1ke0c.cx.internal.cloudapp.net/10.1.0.20), ReplicationConfig: EC{rs-3-2-1024k}, State:ALLOCATED, leaderId:, CreationTimestamp2023-05-04T20:14:19.310Z[Etc/UTC]] moved to OPEN state
2023-05-04 20:14:19,343 [OM StateMachine ApplyTransaction Thread - 0] INFO  key.OMKeyRequest (OMKeyRequest.java:wrapUncommittedBlocksAsPseudoKey(831)) - Detect allocated but uncommitted blocks [{blockID={containerID=20, localID=111677748019200054}, length=4194304, offset=0, token=null, pipeline=null, createVersion=0, partNumber=0}] in key 30f68539-a81b-4d80-a9b9-657afbc02823.
2023-05-04 20:14:19,351 [Listener at 127.0.0.1/35517] INFO  rpc.RpcClient (RpcClient.java:createVolume(476)) - Creating Volume: cd9fe0e0-0e8a-49a1-b513-eb0fc7dd3ef4, with runner as owner and space quota set to -1 bytes, counts quota set to -1
2023-05-04 20:14:19,353 [OM StateMachine ApplyTransaction Thread - 0] INFO  volume.OMVolumeCreateRequest (OMVolumeCreateRequest.java:validateAndUpdateCache(195)) - created volume:cd9fe0e0-0e8a-49a1-b513-eb0fc7dd3ef4 for user:runner
2023-05-04 20:14:19,355 [Listener at 127.0.0.1/35517] INFO  rpc.RpcClient (RpcClient.java:createBucket(697)) - Creating Bucket: cd9fe0e0-0e8a-49a1-b513-eb0fc7dd3ef4/d90ffb92-a8c8-473f-afe2-01448ba45bbb, with server-side default bucket layout, runner as owner, Versioning false, Storage Type set to DISK and Encryption set to false, Replication Type set to server-side default replication type, Namespace Quota set to -1, Space Quota set to -1 
2023-05-04 20:14:19,357 [OM StateMachine ApplyTransaction Thread - 0] INFO  bucket.OMBucketCreateRequest (OMBucketCreateRequest.java:validateAndUpdateCache(270)) - created bucket: d90ffb92-a8c8-473f-afe2-01448ba45bbb of layout FILE_SYSTEM_OPTIMIZED in volume: cd9fe0e0-0e8a-49a1-b513-eb0fc7dd3ef4
2023-05-04 20:14:19,361 [IPC Server handler 18 on default port 35523] INFO  pipeline.PipelineStateManagerImpl (PipelineStateManagerImpl.java:addPipeline(103)) - Created pipeline Pipeline[ Id: 0cdcbc61-1268-48b4-bdf3-181da1092b0c, Nodes: c0824e8e-e4e4-4301-9438-3093f7f79ba0(fv-az804-457.cvtsq3ctpw5ehehiek0yp1ke0c.cx.internal.cloudapp.net/10.1.0.20)de61e307-c070-4843-8a71-857ff854f108(fv-az804-457.cvtsq3ctpw5ehehiek0yp1ke0c.cx.internal.cloudapp.net/10.1.0.20)14e688c6-03f0-4578-94be-4c0bf8f01127(fv-az804-457.cvtsq3ctpw5ehehiek0yp1ke0c.cx.internal.cloudapp.net/10.1.0.20)b957fc71-c761-4d97-9df6-bc970b063b54(fv-az804-457.cvtsq3ctpw5ehehiek0yp1ke0c.cx.internal.cloudapp.net/10.1.0.20)71eef059-4e21-465b-a9dc-55002cc631de(fv-az804-457.cvtsq3ctpw5ehehiek0yp1ke0c.cx.internal.cloudapp.net/10.1.0.20), ReplicationConfig: EC{rs-3-2-1024k}, State:ALLOCATED, leaderId:, CreationTimestamp2023-05-04T20:14:19.361Z[Etc/UTC]].
2023-05-04 20:14:19,362 [IPC Server handler 18 on default port 35523] INFO  pipeline.PipelineManagerImpl (PipelineManagerImpl.java:openPipeline(367)) - Pipeline Pipeline[ Id: 0cdcbc61-1268-48b4-bdf3-181da1092b0c, Nodes: c0824e8e-e4e4-4301-9438-3093f7f79ba0(fv-az804-457.cvtsq3ctpw5ehehiek0yp1ke0c.cx.internal.cloudapp.net/10.1.0.20)de61e307-c070-4843-8a71-857ff854f108(fv-az804-457.cvtsq3ctpw5ehehiek0yp1ke0c.cx.internal.cloudapp.net/10.1.0.20)14e688c6-03f0-4578-94be-4c0bf8f01127(fv-az804-457.cvtsq3ctpw5ehehiek0yp1ke0c.cx.internal.cloudapp.net/10.1.0.20)b957fc71-c761-4d97-9df6-bc970b063b54(fv-az804-457.cvtsq3ctpw5ehehiek0yp1ke0c.cx.internal.cloudapp.net/10.1.0.20)71eef059-4e21-465b-a9dc-55002cc631de(fv-az804-457.cvtsq3ctpw5ehehiek0yp1ke0c.cx.internal.cloudapp.net/10.1.0.20), ReplicationConfig: EC{rs-3-2-1024k}, State:ALLOCATED, leaderId:, CreationTimestamp2023-05-04T20:14:19.361Z[Etc/UTC]] moved to OPEN state
2023-05-04 20:14:19,590 [IPC Server handler 4 on default port 35523] INFO  pipeline.PipelineStateManagerImpl (PipelineStateManagerImpl.java:addPipeline(103)) - Created pipeline Pipeline[ Id: 49c42fe7-eb59-4cd9-9535-ef12bacd58f3, Nodes: eaea20cf-c5ca-4d45-84fe-4a8214ec7204(fv-az804-457.cvtsq3ctpw5ehehiek0yp1ke0c.cx.internal.cloudapp.net/10.1.0.20)6a8dabd4-d9aa-4d69-8f5d-1f403dba9ac7(fv-az804-457.cvtsq3ctpw5ehehiek0yp1ke0c.cx.internal.cloudapp.net/10.1.0.20)14e688c6-03f0-4578-94be-4c0bf8f01127(fv-az804-457.cvtsq3ctpw5ehehiek0yp1ke0c.cx.internal.cloudapp.net/10.1.0.20)71eef059-4e21-465b-a9dc-55002cc631de(fv-az804-457.cvtsq3ctpw5ehehiek0yp1ke0c.cx.internal.cloudapp.net/10.1.0.20)b4df0636-e8ba-4aa2-9ff9-49534f1768bf(fv-az804-457.cvtsq3ctpw5ehehiek0yp1ke0c.cx.internal.cloudapp.net/10.1.0.20), ReplicationConfig: EC{rs-3-2-1024k}, State:ALLOCATED, leaderId:, CreationTimestamp2023-05-04T20:14:19.589Z[Etc/UTC]].
2023-05-04 20:14:19,590 [IPC Server handler 4 on default port 35523] INFO  pipeline.PipelineManagerImpl (PipelineManagerImpl.java:openPipeline(367)) - Pipeline Pipeline[ Id: 49c42fe7-eb59-4cd9-9535-ef12bacd58f3, Nodes: eaea20cf-c5ca-4d45-84fe-4a8214ec7204(fv-az804-457.cvtsq3ctpw5ehehiek0yp1ke0c.cx.internal.cloudapp.net/10.1.0.20)6a8dabd4-d9aa-4d69-8f5d-1f403dba9ac7(fv-az804-457.cvtsq3ctpw5ehehiek0yp1ke0c.cx.internal.cloudapp.net/10.1.0.20)14e688c6-03f0-4578-94be-4c0bf8f01127(fv-az804-457.cvtsq3ctpw5ehehiek0yp1ke0c.cx.internal.cloudapp.net/10.1.0.20)71eef059-4e21-465b-a9dc-55002cc631de(fv-az804-457.cvtsq3ctpw5ehehiek0yp1ke0c.cx.internal.cloudapp.net/10.1.0.20)b4df0636-e8ba-4aa2-9ff9-49534f1768bf(fv-az804-457.cvtsq3ctpw5ehehiek0yp1ke0c.cx.internal.cloudapp.net/10.1.0.20), ReplicationConfig: EC{rs-3-2-1024k}, State:ALLOCATED, leaderId:, CreationTimestamp2023-05-04T20:14:19.589Z[Etc/UTC]] moved to OPEN state
2023-05-04 20:14:19,724 [Listener at 127.0.0.1/35517] INFO  rpc.RpcClient (RpcClient.java:createVolume(476)) - Creating Volume: a1b5f2cf-be1e-4565-b3d3-e5cde071bc6c, with runner as owner and space quota set to -1 bytes, counts quota set to -1
2023-05-04 20:14:19,727 [OM StateMachine ApplyTransaction Thread - 0] INFO  volume.OMVolumeCreateRequest (OMVolumeCreateRequest.java:validateAndUpdateCache(195)) - created volume:a1b5f2cf-be1e-4565-b3d3-e5cde071bc6c for user:runner
2023-05-04 20:14:19,729 [Listener at 127.0.0.1/35517] INFO  rpc.RpcClient (RpcClient.java:createBucket(697)) - Creating Bucket: a1b5f2cf-be1e-4565-b3d3-e5cde071bc6c/324def0a-567b-4327-89ea-0f3dbf0af3a7, with server-side default bucket layout, runner as owner, Versioning false, Storage Type set to DISK and Encryption set to false, Replication Type set to server-side default replication type, Namespace Quota set to -1, Space Quota set to -1 
2023-05-04 20:14:19,731 [OM StateMachine ApplyTransaction Thread - 0] INFO  bucket.OMBucketCreateRequest (OMBucketCreateRequest.java:validateAndUpdateCache(270)) - created bucket: 324def0a-567b-4327-89ea-0f3dbf0af3a7 of layout FILE_SYSTEM_OPTIMIZED in volume: a1b5f2cf-be1e-4565-b3d3-e5cde071bc6c
2023-05-04 20:14:19,736 [IPC Server handler 7 on default port 35523] INFO  pipeline.PipelineStateManagerImpl (PipelineStateManagerImpl.java:addPipeline(103)) - Created pipeline Pipeline[ Id: 24ddb15d-c0ce-49d1-aa39-9ab32452e640, Nodes: 6a8dabd4-d9aa-4d69-8f5d-1f403dba9ac7(fv-az804-457.cvtsq3ctpw5ehehiek0yp1ke0c.cx.internal.cloudapp.net/10.1.0.20)14e688c6-03f0-4578-94be-4c0bf8f01127(fv-az804-457.cvtsq3ctpw5ehehiek0yp1ke0c.cx.internal.cloudapp.net/10.1.0.20)b0971eea-134b-46df-abd0-1018d0776f3a(fv-az804-457.cvtsq3ctpw5ehehiek0yp1ke0c.cx.internal.cloudapp.net/10.1.0.20)7e411c01-6998-40d0-b507-5d7903264b15(fv-az804-457.cvtsq3ctpw5ehehiek0yp1ke0c.cx.internal.cloudapp.net/10.1.0.20)b4df0636-e8ba-4aa2-9ff9-49534f1768bf(fv-az804-457.cvtsq3ctpw5ehehiek0yp1ke0c.cx.internal.cloudapp.net/10.1.0.20), ReplicationConfig: EC{rs-3-2-1024k}, State:ALLOCATED, leaderId:, CreationTimestamp2023-05-04T20:14:19.735Z[Etc/UTC]].
2023-05-04 20:14:19,736 [IPC Server handler 7 on default port 35523] INFO  pipeline.PipelineManagerImpl (PipelineManagerImpl.java:openPipeline(367)) - Pipeline Pipeline[ Id: 24ddb15d-c0ce-49d1-aa39-9ab32452e640, Nodes: 6a8dabd4-d9aa-4d69-8f5d-1f403dba9ac7(fv-az804-457.cvtsq3ctpw5ehehiek0yp1ke0c.cx.internal.cloudapp.net/10.1.0.20)14e688c6-03f0-4578-94be-4c0bf8f01127(fv-az804-457.cvtsq3ctpw5ehehiek0yp1ke0c.cx.internal.cloudapp.net/10.1.0.20)b0971eea-134b-46df-abd0-1018d0776f3a(fv-az804-457.cvtsq3ctpw5ehehiek0yp1ke0c.cx.internal.cloudapp.net/10.1.0.20)7e411c01-6998-40d0-b507-5d7903264b15(fv-az804-457.cvtsq3ctpw5ehehiek0yp1ke0c.cx.internal.cloudapp.net/10.1.0.20)b4df0636-e8ba-4aa2-9ff9-49534f1768bf(fv-az804-457.cvtsq3ctpw5ehehiek0yp1ke0c.cx.internal.cloudapp.net/10.1.0.20), ReplicationConfig: EC{rs-3-2-1024k}, State:ALLOCATED, leaderId:, CreationTimestamp2023-05-04T20:14:19.735Z[Etc/UTC]] moved to OPEN state
2023-05-04 20:14:20,174 [Listener at 127.0.0.1/35517] INFO  rpc.RpcClient (RpcClient.java:createVolume(476)) - Creating Volume: 2e29c2fd-88eb-404c-b268-8e572100a058, with runner as owner and space quota set to -1 bytes, counts quota set to -1
2023-05-04 20:14:20,176 [OM StateMachine ApplyTransaction Thread - 0] INFO  volume.OMVolumeCreateRequest (OMVolumeCreateRequest.java:validateAndUpdateCache(195)) - created volume:2e29c2fd-88eb-404c-b268-8e572100a058 for user:runner
2023-05-04 20:14:20,178 [Listener at 127.0.0.1/35517] INFO  rpc.RpcClient (RpcClient.java:createBucket(697)) - Creating Bucket: 2e29c2fd-88eb-404c-b268-8e572100a058/c1a3d994-4008-4bc8-8a75-e8b5182ab3a3, with server-side default bucket layout, runner as owner, Versioning false, Storage Type set to DISK and Encryption set to false, Replication Type set to server-side default replication type, Namespace Quota set to -1, Space Quota set to -1 
2023-05-04 20:14:20,181 [OM StateMachine ApplyTransaction Thread - 0] INFO  bucket.OMBucketCreateRequest (OMBucketCreateRequest.java:validateAndUpdateCache(270)) - created bucket: c1a3d994-4008-4bc8-8a75-e8b5182ab3a3 of layout FILE_SYSTEM_OPTIMIZED in volume: 2e29c2fd-88eb-404c-b268-8e572100a058
2023-05-04 20:14:20,523 [Listener at 127.0.0.1/35517] INFO  rpc.RpcClient (RpcClient.java:createVolume(476)) - Creating Volume: f89244ad-724a-41ba-ba86-0b117dbb0381, with runner as owner and space quota set to -1 bytes, counts quota set to -1
2023-05-04 20:14:20,525 [OM StateMachine ApplyTransaction Thread - 0] INFO  volume.OMVolumeCreateRequest (OMVolumeCreateRequest.java:validateAndUpdateCache(195)) - created volume:f89244ad-724a-41ba-ba86-0b117dbb0381 for user:runner
2023-05-04 20:14:20,527 [Listener at 127.0.0.1/35517] INFO  rpc.RpcClient (RpcClient.java:createBucket(697)) - Creating Bucket: f89244ad-724a-41ba-ba86-0b117dbb0381/f0d76d95-fc40-48c6-a4d4-28cc4f7a86aa, with server-side default bucket layout, runner as owner, Versioning false, Storage Type set to DISK and Encryption set to false, Replication Type set to server-side default replication type, Namespace Quota set to -1, Space Quota set to -1 
2023-05-04 20:14:20,529 [OM StateMachine ApplyTransaction Thread - 0] INFO  bucket.OMBucketCreateRequest (OMBucketCreateRequest.java:validateAndUpdateCache(270)) - created bucket: f0d76d95-fc40-48c6-a4d4-28cc4f7a86aa of layout FILE_SYSTEM_OPTIMIZED in volume: f89244ad-724a-41ba-ba86-0b117dbb0381
2023-05-04 20:14:20,914 [Listener at 127.0.0.1/35517] INFO  rpc.RpcClient (RpcClient.java:createVolume(476)) - Creating Volume: 6942c622-8fe5-4c8e-9977-03413605a862, with runner as owner and space quota set to -1 bytes, counts quota set to -1
2023-05-04 20:14:20,916 [OM StateMachine ApplyTransaction Thread - 0] INFO  volume.OMVolumeCreateRequest (OMVolumeCreateRequest.java:validateAndUpdateCache(195)) - created volume:6942c622-8fe5-4c8e-9977-03413605a862 for user:runner
2023-05-04 20:14:20,921 [Listener at 127.0.0.1/35517] INFO  rpc.RpcClient (RpcClient.java:createBucket(697)) - Creating Bucket: 6942c622-8fe5-4c8e-9977-03413605a862/43ebe75c-ac69-4934-807d-17c7830ae9c0, with server-side default bucket layout, runner as owner, Versioning false, Storage Type set to DISK and Encryption set to false, Replication Type set to server-side default replication type, Namespace Quota set to -1, Space Quota set to -1 
2023-05-04 20:14:20,923 [OM StateMachine ApplyTransaction Thread - 0] INFO  bucket.OMBucketCreateRequest (OMBucketCreateRequest.java:validateAndUpdateCache(270)) - created bucket: 43ebe75c-ac69-4934-807d-17c7830ae9c0 of layout FILE_SYSTEM_OPTIMIZED in volume: 6942c622-8fe5-4c8e-9977-03413605a862
2023-05-04 20:14:21,308 [Listener at 127.0.0.1/35517] INFO  rpc.RpcClient (RpcClient.java:createVolume(476)) - Creating Volume: b3d96221-8152-474d-bdb6-c80bdc831e75, with runner as owner and space quota set to -1 bytes, counts quota set to -1
2023-05-04 20:14:21,310 [OM StateMachine ApplyTransaction Thread - 0] INFO  volume.OMVolumeCreateRequest (OMVolumeCreateRequest.java:validateAndUpdateCache(195)) - created volume:b3d96221-8152-474d-bdb6-c80bdc831e75 for user:runner
2023-05-04 20:14:21,312 [Listener at 127.0.0.1/35517] INFO  rpc.RpcClient (RpcClient.java:createBucket(697)) - Creating Bucket: b3d96221-8152-474d-bdb6-c80bdc831e75/a4c9bb8c-9e3d-4d76-8510-b1255eb0e292, with server-side default bucket layout, runner as owner, Versioning false, Storage Type set to DISK and Encryption set to false, Replication Type set to server-side default replication type, Namespace Quota set to -1, Space Quota set to -1 
2023-05-04 20:14:21,314 [OM StateMachine ApplyTransaction Thread - 0] INFO  bucket.OMBucketCreateRequest (OMBucketCreateRequest.java:validateAndUpdateCache(270)) - created bucket: a4c9bb8c-9e3d-4d76-8510-b1255eb0e292 of layout FILE_SYSTEM_OPTIMIZED in volume: b3d96221-8152-474d-bdb6-c80bdc831e75
2023-05-04 20:14:21,713 [Listener at 127.0.0.1/35517] INFO  rpc.RpcClient (RpcClient.java:createVolume(476)) - Creating Volume: ddb9ed6e-cd47-4013-be6d-e464402894ba, with runner as owner and space quota set to -1 bytes, counts quota set to -1
2023-05-04 20:14:21,715 [OM StateMachine ApplyTransaction Thread - 0] INFO  volume.OMVolumeCreateRequest (OMVolumeCreateRequest.java:validateAndUpdateCache(195)) - created volume:ddb9ed6e-cd47-4013-be6d-e464402894ba for user:runner
2023-05-04 20:14:21,717 [Listener at 127.0.0.1/35517] INFO  rpc.RpcClient (RpcClient.java:createBucket(697)) - Creating Bucket: ddb9ed6e-cd47-4013-be6d-e464402894ba/c9752f00-73ee-471a-a6ee-20ca66c7e3b8, with server-side default bucket layout, runner as owner, Versioning false, Storage Type set to DISK and Encryption set to false, Replication Type set to server-side default replication type, Namespace Quota set to -1, Space Quota set to -1 
2023-05-04 20:14:21,719 [OM StateMachine ApplyTransaction Thread - 0] INFO  bucket.OMBucketCreateRequest (OMBucketCreateRequest.java:validateAndUpdateCache(270)) - created bucket: c9752f00-73ee-471a-a6ee-20ca66c7e3b8 of layout FILE_SYSTEM_OPTIMIZED in volume: ddb9ed6e-cd47-4013-be6d-e464402894ba
2023-05-04 20:14:22,629 [Listener at 127.0.0.1/35517] INFO  rpc.RpcClient (RpcClient.java:createVolume(476)) - Creating Volume: 5feea081-f94a-4824-81d6-9c679bfcf56d, with runner as owner and space quota set to -1 bytes, counts quota set to -1
2023-05-04 20:14:22,631 [OM StateMachine ApplyTransaction Thread - 0] INFO  volume.OMVolumeCreateRequest (OMVolumeCreateRequest.java:validateAndUpdateCache(195)) - created volume:5feea081-f94a-4824-81d6-9c679bfcf56d for user:runner
2023-05-04 20:14:22,633 [Listener at 127.0.0.1/35517] INFO  rpc.RpcClient (RpcClient.java:createBucket(697)) - Creating Bucket: 5feea081-f94a-4824-81d6-9c679bfcf56d/fdc2438d-35e7-4b88-a1bd-45ca094fd024, with server-side default bucket layout, runner as owner, Versioning false, Storage Type set to DISK and Encryption set to false, Replication Type set to server-side default replication type, Namespace Quota set to -1, Space Quota set to -1 
2023-05-04 20:14:22,635 [OM StateMachine ApplyTransaction Thread - 0] INFO  bucket.OMBucketCreateRequest (OMBucketCreateRequest.java:validateAndUpdateCache(270)) - created bucket: fdc2438d-35e7-4b88-a1bd-45ca094fd024 of layout FILE_SYSTEM_OPTIMIZED in volume: 5feea081-f94a-4824-81d6-9c679bfcf56d
2023-05-04 20:14:23,087 [Listener at 127.0.0.1/35517] INFO  rpc.RpcClient (RpcClient.java:createVolume(476)) - Creating Volume: b0c8d859-bef4-4b8b-a2aa-c8a7f1e0b208, with runner as owner and space quota set to -1 bytes, counts quota set to -1
2023-05-04 20:14:23,089 [OM StateMachine ApplyTransaction Thread - 0] INFO  volume.OMVolumeCreateRequest (OMVolumeCreateRequest.java:validateAndUpdateCache(195)) - created volume:b0c8d859-bef4-4b8b-a2aa-c8a7f1e0b208 for user:runner
2023-05-04 20:14:23,091 [Listener at 127.0.0.1/35517] INFO  rpc.RpcClient (RpcClient.java:createBucket(697)) - Creating Bucket: b0c8d859-bef4-4b8b-a2aa-c8a7f1e0b208/3f7c940b-d807-424a-9322-c0618028de6a, with server-side default bucket layout, runner as owner, Versioning false, Storage Type set to DISK and Encryption set to false, Replication Type set to server-side default replication type, Namespace Quota set to -1, Space Quota set to -1 
2023-05-04 20:14:23,093 [OM StateMachine ApplyTransaction Thread - 0] INFO  bucket.OMBucketCreateRequest (OMBucketCreateRequest.java:validateAndUpdateCache(270)) - created bucket: 3f7c940b-d807-424a-9322-c0618028de6a of layout FILE_SYSTEM_OPTIMIZED in volume: b0c8d859-bef4-4b8b-a2aa-c8a7f1e0b208
2023-05-04 20:14:23,532 [Listener at 127.0.0.1/35517] INFO  rpc.RpcClient (RpcClient.java:createVolume(476)) - Creating Volume: a570f1ee-6726-4a90-b93b-e87c8b5bb1fd, with runner as owner and space quota set to -1 bytes, counts quota set to -1
2023-05-04 20:14:23,534 [OM StateMachine ApplyTransaction Thread - 0] INFO  volume.OMVolumeCreateRequest (OMVolumeCreateRequest.java:validateAndUpdateCache(195)) - created volume:a570f1ee-6726-4a90-b93b-e87c8b5bb1fd for user:runner
2023-05-04 20:14:23,536 [Listener at 127.0.0.1/35517] INFO  rpc.RpcClient (RpcClient.java:createBucket(697)) - Creating Bucket: a570f1ee-6726-4a90-b93b-e87c8b5bb1fd/bc841427-0a62-470b-a36a-430f5616859d, with server-side default bucket layout, runner as owner, Versioning false, Storage Type set to DISK and Encryption set to false, Replication Type set to server-side default replication type, Namespace Quota set to -1, Space Quota set to -1 
2023-05-04 20:14:23,540 [OM StateMachine ApplyTransaction Thread - 0] INFO  bucket.OMBucketCreateRequest (OMBucketCreateRequest.java:validateAndUpdateCache(270)) - created bucket: bc841427-0a62-470b-a36a-430f5616859d of layout FILE_SYSTEM_OPTIMIZED in volume: a570f1ee-6726-4a90-b93b-e87c8b5bb1fd
2023-05-04 20:14:24,047 [Listener at 127.0.0.1/35517] INFO  rpc.RpcClient (RpcClient.java:createVolume(476)) - Creating Volume: d77581ef-c7ba-429b-b1a0-94cb5bf399ef, with runner as owner and space quota set to -1 bytes, counts quota set to -1
2023-05-04 20:14:24,050 [OM StateMachine ApplyTransaction Thread - 0] INFO  volume.OMVolumeCreateRequest (OMVolumeCreateRequest.java:validateAndUpdateCache(195)) - created volume:d77581ef-c7ba-429b-b1a0-94cb5bf399ef for user:runner
2023-05-04 20:14:24,052 [Listener at 127.0.0.1/35517] INFO  rpc.RpcClient (RpcClient.java:createBucket(697)) - Creating Bucket: d77581ef-c7ba-429b-b1a0-94cb5bf399ef/db80495c-d71c-4ad6-986e-f135193ac5da, with server-side default bucket layout, runner as owner, Versioning false, Storage Type set to DISK and Encryption set to false, Replication Type set to server-side default replication type, Namespace Quota set to -1, Space Quota set to -1 
2023-05-04 20:14:24,054 [OM StateMachine ApplyTransaction Thread - 0] INFO  bucket.OMBucketCreateRequest (OMBucketCreateRequest.java:validateAndUpdateCache(270)) - created bucket: db80495c-d71c-4ad6-986e-f135193ac5da of layout FILE_SYSTEM_OPTIMIZED in volume: d77581ef-c7ba-429b-b1a0-94cb5bf399ef
]]></system-out>
  </testcase>
  <testcase name="testBucketQuotaInNamespace" classname="org.apache.hadoop.ozone.client.rpc.TestOzoneRpcClient" time="0.168">
    <system-out><![CDATA[2023-05-04 20:14:25,046 [Listener at 127.0.0.1/35517] INFO  rpc.RpcClient (RpcClient.java:createVolume(476)) - Creating Volume: 275ce112-a861-4f7b-95ff-4045a190861c, with runner as owner and space quota set to -1 bytes, counts quota set to -1
2023-05-04 20:14:25,048 [OM StateMachine ApplyTransaction Thread - 0] INFO  volume.OMVolumeCreateRequest (OMVolumeCreateRequest.java:validateAndUpdateCache(195)) - created volume:275ce112-a861-4f7b-95ff-4045a190861c for user:runner
2023-05-04 20:14:25,049 [Listener at 127.0.0.1/35517] INFO  rpc.RpcClient (RpcClient.java:createBucket(697)) - Creating Bucket: 275ce112-a861-4f7b-95ff-4045a190861c/e26b9d0f-30a8-4d0a-b45a-9dc53f82fe7f, with server-side default bucket layout, runner as owner, Versioning false, Storage Type set to DISK and Encryption set to false, Replication Type set to server-side default replication type, Namespace Quota set to -1, Space Quota set to -1 
2023-05-04 20:14:25,052 [OM StateMachine ApplyTransaction Thread - 0] INFO  bucket.OMBucketCreateRequest (OMBucketCreateRequest.java:validateAndUpdateCache(270)) - created bucket: e26b9d0f-30a8-4d0a-b45a-9dc53f82fe7f of layout FILE_SYSTEM_OPTIMIZED in volume: 275ce112-a861-4f7b-95ff-4045a190861c
20:14:25.195 [OM StateMachine ApplyTransaction Thread - 0] ERROR OMAudit - user=runner | ip=127.0.0.1 | op=ALLOCATE_KEY {volume=275ce112-a861-4f7b-95ff-4045a190861c, bucket=e26b9d0f-30a8-4d0a-b45a-9dc53f82fe7f, key=eff54411-51ec-46ea-9ebe-8970c08c7828, dataSize=12, replicationType=RATIS, replicationFactor=ONE} | ret=FAILURE
org.apache.hadoop.ozone.om.exceptions.OMException: The namespace quota of Bucket:e26b9d0f-30a8-4d0a-b45a-9dc53f82fe7f exceeded: quotaInNamespace: 2 but namespace consumed: 3.
	at org.apache.hadoop.ozone.om.request.key.OMKeyRequest.checkBucketQuotaInNamespace(OMKeyRequest.java:555) ~[ozone-manager-1.4.0-SNAPSHOT.jar:?]
	at org.apache.hadoop.ozone.om.request.key.OMKeyCreateRequestWithFSO.validateAndUpdateCache(OMKeyCreateRequestWithFSO.java:189) ~[ozone-manager-1.4.0-SNAPSHOT.jar:?]
	at org.apache.hadoop.ozone.protocolPB.OzoneManagerRequestHandler.handleWriteRequest(OzoneManagerRequestHandler.java:337) ~[ozone-manager-1.4.0-SNAPSHOT.jar:?]
	at org.apache.hadoop.ozone.om.ratis.OzoneManagerStateMachine.runCommand(OzoneManagerStateMachine.java:567) ~[ozone-manager-1.4.0-SNAPSHOT.jar:?]
	at org.apache.hadoop.ozone.om.ratis.OzoneManagerStateMachine.lambda$1(OzoneManagerStateMachine.java:358) ~[ozone-manager-1.4.0-SNAPSHOT.jar:?]
	at java.util.concurrent.CompletableFuture$AsyncSupply.run(CompletableFuture.java:1604) [?:1.8.0_362]
	at java.util.concurrent.ThreadPoolExecutor.runWorker(ThreadPoolExecutor.java:1149) [?:1.8.0_362]
	at java.util.concurrent.ThreadPoolExecutor$Worker.run(ThreadPoolExecutor.java:624) [?:1.8.0_362]
	at java.lang.Thread.run(Thread.java:750) [?:1.8.0_362]
2023-05-04 20:14:25,195 [OM StateMachine ApplyTransaction Thread - 0] ERROR key.OMKeyCreateRequest (OMKeyCreateRequest.java:logResult(379)) - Key creation failed. Volume:275ce112-a861-4f7b-95ff-4045a190861c, Bucket:e26b9d0f-30a8-4d0a-b45a-9dc53f82fe7f, Key:eff54411-51ec-46ea-9ebe-8970c08c7828. 
QUOTA_EXCEEDED org.apache.hadoop.ozone.om.exceptions.OMException: The namespace quota of Bucket:e26b9d0f-30a8-4d0a-b45a-9dc53f82fe7f exceeded: quotaInNamespace: 2 but namespace consumed: 3.
	at org.apache.hadoop.ozone.om.request.key.OMKeyRequest.checkBucketQuotaInNamespace(OMKeyRequest.java:555)
	at org.apache.hadoop.ozone.om.request.key.OMKeyCreateRequestWithFSO.validateAndUpdateCache(OMKeyCreateRequestWithFSO.java:189)
	at org.apache.hadoop.ozone.protocolPB.OzoneManagerRequestHandler.handleWriteRequest(OzoneManagerRequestHandler.java:337)
	at org.apache.hadoop.ozone.om.ratis.OzoneManagerStateMachine.runCommand(OzoneManagerStateMachine.java:567)
	at org.apache.hadoop.ozone.om.ratis.OzoneManagerStateMachine.lambda$1(OzoneManagerStateMachine.java:358)
	at java.util.concurrent.CompletableFuture$AsyncSupply.run(CompletableFuture.java:1604)
	at java.util.concurrent.ThreadPoolExecutor.runWorker(ThreadPoolExecutor.java:1149)
	at java.util.concurrent.ThreadPoolExecutor$Worker.run(ThreadPoolExecutor.java:624)
	at java.lang.Thread.run(Thread.java:750)
]]></system-out>
  </testcase>
  <testcase name="testBucketSetOwner" classname="org.apache.hadoop.ozone.client.rpc.TestOzoneRpcClient" time="0.029">
    <system-out><![CDATA[2023-05-04 20:14:25,215 [Listener at 127.0.0.1/35517] INFO  rpc.RpcClient (RpcClient.java:createVolume(476)) - Creating Volume: b54fe01d-7631-401e-9abc-e8cfd1aad510, with runner as owner and space quota set to -1 bytes, counts quota set to -1
2023-05-04 20:14:25,217 [OM StateMachine ApplyTransaction Thread - 0] INFO  volume.OMVolumeCreateRequest (OMVolumeCreateRequest.java:validateAndUpdateCache(195)) - created volume:b54fe01d-7631-401e-9abc-e8cfd1aad510 for user:runner
2023-05-04 20:14:25,218 [Listener at 127.0.0.1/35517] INFO  rpc.RpcClient (RpcClient.java:createBucket(697)) - Creating Bucket: b54fe01d-7631-401e-9abc-e8cfd1aad510/648b2959-3dc4-4096-b7fc-06d2fe0886ca, with server-side default bucket layout, runner as owner, Versioning false, Storage Type set to DISK and Encryption set to false, Replication Type set to server-side default replication type, Namespace Quota set to -1, Space Quota set to -1 
2023-05-04 20:14:25,220 [OM StateMachine ApplyTransaction Thread - 0] INFO  bucket.OMBucketCreateRequest (OMBucketCreateRequest.java:validateAndUpdateCache(270)) - created bucket: 648b2959-3dc4-4096-b7fc-06d2fe0886ca of layout FILE_SYSTEM_OPTIMIZED in volume: b54fe01d-7631-401e-9abc-e8cfd1aad510
]]></system-out>
  </testcase>
  <testcase name="testBucketUsedBytes" classname="org.apache.hadoop.ozone.client.rpc.TestOzoneRpcClient" time="0.193">
    <system-out><![CDATA[2023-05-04 20:14:25,244 [Listener at 127.0.0.1/35517] INFO  rpc.RpcClient (RpcClient.java:createVolume(476)) - Creating Volume: f4596cb3-1fe2-4a3f-937a-95cb0c7b338b, with runner as owner and space quota set to -1 bytes, counts quota set to -1
2023-05-04 20:14:25,247 [OM StateMachine ApplyTransaction Thread - 0] INFO  volume.OMVolumeCreateRequest (OMVolumeCreateRequest.java:validateAndUpdateCache(195)) - created volume:f4596cb3-1fe2-4a3f-937a-95cb0c7b338b for user:runner
2023-05-04 20:14:25,248 [Listener at 127.0.0.1/35517] INFO  rpc.RpcClient (RpcClient.java:createBucket(697)) - Creating Bucket: f4596cb3-1fe2-4a3f-937a-95cb0c7b338b/b7252993-1254-4801-8a87-9c0e797fbf04, with bucket layout OBJECT_STORE, runner as owner, Versioning false, Storage Type set to DISK and Encryption set to false, Replication Type set to server-side default replication type, Namespace Quota set to -1, Space Quota set to -1 
2023-05-04 20:14:25,250 [OM StateMachine ApplyTransaction Thread - 0] INFO  bucket.OMBucketCreateRequest (OMBucketCreateRequest.java:validateAndUpdateCache(270)) - created bucket: b7252993-1254-4801-8a87-9c0e797fbf04 of layout OBJECT_STORE in volume: f4596cb3-1fe2-4a3f-937a-95cb0c7b338b
2023-05-04 20:14:25,430 [OM StateMachine ApplyTransaction Thread - 0] INFO  key.OMKeyRequest (OMKeyRequest.java:wrapUncommittedBlocksAsPseudoKey(831)) - Detect allocated but uncommitted blocks [{blockID={containerID=24, localID=111677748019200093}, length=4194304, offset=0, token=null, pipeline=null, createVersion=0, partNumber=0}] in key 9e422449-7f9f-4ad2-ab61-d80d77edc5a9.
]]></system-out>
  </testcase>
  <testcase name="testBucketUsedNamespace(BucketLayout)[1]" classname="org.apache.hadoop.ozone.client.rpc.TestOzoneRpcClient" time="0.182">
    <system-out><![CDATA[2023-05-04 20:14:25,440 [Listener at 127.0.0.1/35517] INFO  rpc.RpcClient (RpcClient.java:createVolume(476)) - Creating Volume: 28520f26-9899-431d-abd0-cb692eb2840c, with runner as owner and space quota set to -1 bytes, counts quota set to -1
2023-05-04 20:14:25,443 [OM StateMachine ApplyTransaction Thread - 0] INFO  volume.OMVolumeCreateRequest (OMVolumeCreateRequest.java:validateAndUpdateCache(195)) - created volume:28520f26-9899-431d-abd0-cb692eb2840c for user:runner
2023-05-04 20:14:25,444 [Listener at 127.0.0.1/35517] INFO  rpc.RpcClient (RpcClient.java:createBucket(697)) - Creating Bucket: 28520f26-9899-431d-abd0-cb692eb2840c/2156fec7-dbf6-4e84-92c0-e7ea0480342d, with bucket layout OBJECT_STORE, runner as owner, Versioning false, Storage Type set to DISK and Encryption set to false, Replication Type set to server-side default replication type, Namespace Quota set to -1, Space Quota set to -1 
2023-05-04 20:14:25,446 [OM StateMachine ApplyTransaction Thread - 0] INFO  bucket.OMBucketCreateRequest (OMBucketCreateRequest.java:validateAndUpdateCache(270)) - created bucket: 2156fec7-dbf6-4e84-92c0-e7ea0480342d of layout OBJECT_STORE in volume: 28520f26-9899-431d-abd0-cb692eb2840c
]]></system-out>
  </testcase>
  <testcase name="testBucketUsedNamespace(BucketLayout)[2]" classname="org.apache.hadoop.ozone.client.rpc.TestOzoneRpcClient" time="0.175">
    <system-out><![CDATA[2023-05-04 20:14:25,623 [Listener at 127.0.0.1/35517] INFO  rpc.RpcClient (RpcClient.java:createVolume(476)) - Creating Volume: 385dbf16-4877-4305-ad11-7b87301ef270, with runner as owner and space quota set to -1 bytes, counts quota set to -1
2023-05-04 20:14:25,625 [OM StateMachine ApplyTransaction Thread - 0] INFO  volume.OMVolumeCreateRequest (OMVolumeCreateRequest.java:validateAndUpdateCache(195)) - created volume:385dbf16-4877-4305-ad11-7b87301ef270 for user:runner
2023-05-04 20:14:25,626 [Listener at 127.0.0.1/35517] INFO  rpc.RpcClient (RpcClient.java:createBucket(697)) - Creating Bucket: 385dbf16-4877-4305-ad11-7b87301ef270/3666db11-e522-495b-a5e8-b5335f993951, with bucket layout LEGACY, runner as owner, Versioning false, Storage Type set to DISK and Encryption set to false, Replication Type set to server-side default replication type, Namespace Quota set to -1, Space Quota set to -1 
2023-05-04 20:14:25,628 [OM StateMachine ApplyTransaction Thread - 0] INFO  bucket.OMBucketCreateRequest (OMBucketCreateRequest.java:validateAndUpdateCache(270)) - created bucket: 3666db11-e522-495b-a5e8-b5335f993951 of layout LEGACY in volume: 385dbf16-4877-4305-ad11-7b87301ef270
]]></system-out>
  </testcase>
  <testcase name="testBucketUsedNamespace(BucketLayout)[3]" classname="org.apache.hadoop.ozone.client.rpc.TestOzoneRpcClient" time="0.154">
    <system-out><![CDATA[2023-05-04 20:14:25,799 [Listener at 127.0.0.1/35517] INFO  rpc.RpcClient (RpcClient.java:createVolume(476)) - Creating Volume: 2b669dce-bb85-42e9-ad56-33912cda6586, with runner as owner and space quota set to -1 bytes, counts quota set to -1
2023-05-04 20:14:25,800 [OM StateMachine ApplyTransaction Thread - 0] INFO  volume.OMVolumeCreateRequest (OMVolumeCreateRequest.java:validateAndUpdateCache(195)) - created volume:2b669dce-bb85-42e9-ad56-33912cda6586 for user:runner
2023-05-04 20:14:25,802 [Listener at 127.0.0.1/35517] INFO  rpc.RpcClient (RpcClient.java:createBucket(697)) - Creating Bucket: 2b669dce-bb85-42e9-ad56-33912cda6586/dc439542-7acb-4622-a686-0a533e9f5e05, with bucket layout FILE_SYSTEM_OPTIMIZED, runner as owner, Versioning false, Storage Type set to DISK and Encryption set to false, Replication Type set to server-side default replication type, Namespace Quota set to -1, Space Quota set to -1 
2023-05-04 20:14:25,803 [OM StateMachine ApplyTransaction Thread - 0] INFO  bucket.OMBucketCreateRequest (OMBucketCreateRequest.java:validateAndUpdateCache(270)) - created bucket: dc439542-7acb-4622-a686-0a533e9f5e05 of layout FILE_SYSTEM_OPTIMIZED in volume: 2b669dce-bb85-42e9-ad56-33912cda6586
]]></system-out>
  </testcase>
  <testcase name="testCheckUsedBytesQuota" classname="org.apache.hadoop.ozone.client.rpc.TestOzoneRpcClient" time="0.729">
    <system-out><![CDATA[2023-05-04 20:14:25,953 [Listener at 127.0.0.1/35517] INFO  rpc.RpcClient (RpcClient.java:createVolume(476)) - Creating Volume: 87cc707c-a4f8-4e73-99fb-ca5c9d5cfe5e, with runner as owner and space quota set to -1 bytes, counts quota set to -1
2023-05-04 20:14:25,956 [OM StateMachine ApplyTransaction Thread - 0] INFO  volume.OMVolumeCreateRequest (OMVolumeCreateRequest.java:validateAndUpdateCache(195)) - created volume:87cc707c-a4f8-4e73-99fb-ca5c9d5cfe5e for user:runner
2023-05-04 20:14:25,957 [Listener at 127.0.0.1/35517] INFO  rpc.RpcClient (RpcClient.java:createBucket(697)) - Creating Bucket: 87cc707c-a4f8-4e73-99fb-ca5c9d5cfe5e/2b0de7eb-fb7f-4062-b464-3e47a9026afe, with server-side default bucket layout, runner as owner, Versioning false, Storage Type set to DISK and Encryption set to false, Replication Type set to server-side default replication type, Namespace Quota set to -1, Space Quota set to -1 
2023-05-04 20:14:25,959 [OM StateMachine ApplyTransaction Thread - 0] INFO  bucket.OMBucketCreateRequest (OMBucketCreateRequest.java:validateAndUpdateCache(270)) - created bucket: 2b0de7eb-fb7f-4062-b464-3e47a9026afe of layout FILE_SYSTEM_OPTIMIZED in volume: 87cc707c-a4f8-4e73-99fb-ca5c9d5cfe5e
2023-05-04 20:14:25,962 [Listener at 127.0.0.1/35517] INFO  rpc.RpcClient (RpcClient.java:createBucket(697)) - Creating Bucket: 87cc707c-a4f8-4e73-99fb-ca5c9d5cfe5e/30227497-5435-40ad-83e2-a9447ed1a273, with server-side default bucket layout, runner as owner, Versioning false, Storage Type set to DISK and Encryption set to false, Replication Type set to server-side default replication type, Namespace Quota set to -1, Space Quota set to -1 
2023-05-04 20:14:25,964 [OM StateMachine ApplyTransaction Thread - 0] INFO  bucket.OMBucketCreateRequest (OMBucketCreateRequest.java:validateAndUpdateCache(270)) - created bucket: 30227497-5435-40ad-83e2-a9447ed1a273 of layout FILE_SYSTEM_OPTIMIZED in volume: 87cc707c-a4f8-4e73-99fb-ca5c9d5cfe5e
20:14:25.981 [OM StateMachine ApplyTransaction Thread - 0] ERROR OMAudit - user=runner | ip=127.0.0.1 | op=ALLOCATE_KEY {volume=87cc707c-a4f8-4e73-99fb-ca5c9d5cfe5e, bucket=30227497-5435-40ad-83e2-a9447ed1a273, key=faed70c1-ecbe-4356-af83-411d4d7913ee, dataSize=12, replicationType=RATIS, replicationFactor=ONE} | ret=FAILURE
org.apache.hadoop.ozone.om.exceptions.OMException: The DiskSpace quota of bucket:30227497-5435-40ad-83e2-a9447ed1a273 exceeded quotaInBytes: 1 Bytes but diskspace consumed: 4194304 Bytes.
	at org.apache.hadoop.ozone.om.request.key.OMKeyRequest.checkBucketQuotaInBytes(OMKeyRequest.java:536) ~[ozone-manager-1.4.0-SNAPSHOT.jar:?]
	at org.apache.hadoop.ozone.om.request.key.OMKeyCreateRequestWithFSO.validateAndUpdateCache(OMKeyCreateRequestWithFSO.java:187) ~[ozone-manager-1.4.0-SNAPSHOT.jar:?]
	at org.apache.hadoop.ozone.protocolPB.OzoneManagerRequestHandler.handleWriteRequest(OzoneManagerRequestHandler.java:337) ~[ozone-manager-1.4.0-SNAPSHOT.jar:?]
	at org.apache.hadoop.ozone.om.ratis.OzoneManagerStateMachine.runCommand(OzoneManagerStateMachine.java:567) ~[ozone-manager-1.4.0-SNAPSHOT.jar:?]
	at org.apache.hadoop.ozone.om.ratis.OzoneManagerStateMachine.lambda$1(OzoneManagerStateMachine.java:358) ~[ozone-manager-1.4.0-SNAPSHOT.jar:?]
	at java.util.concurrent.CompletableFuture$AsyncSupply.run(CompletableFuture.java:1604) [?:1.8.0_362]
	at java.util.concurrent.ThreadPoolExecutor.runWorker(ThreadPoolExecutor.java:1149) [?:1.8.0_362]
	at java.util.concurrent.ThreadPoolExecutor$Worker.run(ThreadPoolExecutor.java:624) [?:1.8.0_362]
	at java.lang.Thread.run(Thread.java:750) [?:1.8.0_362]
2023-05-04 20:14:25,981 [OM StateMachine ApplyTransaction Thread - 0] ERROR key.OMKeyCreateRequest (OMKeyCreateRequest.java:logResult(379)) - Key creation failed. Volume:87cc707c-a4f8-4e73-99fb-ca5c9d5cfe5e, Bucket:30227497-5435-40ad-83e2-a9447ed1a273, Key:faed70c1-ecbe-4356-af83-411d4d7913ee. 
QUOTA_EXCEEDED org.apache.hadoop.ozone.om.exceptions.OMException: The DiskSpace quota of bucket:30227497-5435-40ad-83e2-a9447ed1a273 exceeded quotaInBytes: 1 Bytes but diskspace consumed: 4194304 Bytes.
	at org.apache.hadoop.ozone.om.request.key.OMKeyRequest.checkBucketQuotaInBytes(OMKeyRequest.java:536)
	at org.apache.hadoop.ozone.om.request.key.OMKeyCreateRequestWithFSO.validateAndUpdateCache(OMKeyCreateRequestWithFSO.java:187)
	at org.apache.hadoop.ozone.protocolPB.OzoneManagerRequestHandler.handleWriteRequest(OzoneManagerRequestHandler.java:337)
	at org.apache.hadoop.ozone.om.ratis.OzoneManagerStateMachine.runCommand(OzoneManagerStateMachine.java:567)
	at org.apache.hadoop.ozone.om.ratis.OzoneManagerStateMachine.lambda$1(OzoneManagerStateMachine.java:358)
	at java.util.concurrent.CompletableFuture$AsyncSupply.run(CompletableFuture.java:1604)
	at java.util.concurrent.ThreadPoolExecutor.runWorker(ThreadPoolExecutor.java:1149)
	at java.util.concurrent.ThreadPoolExecutor$Worker.run(ThreadPoolExecutor.java:624)
	at java.lang.Thread.run(Thread.java:750)
20:14:25.995 [OM StateMachine ApplyTransaction Thread - 0] ERROR OMAudit - user=runner | ip=127.0.0.1 | op=CREATE_FILE {volume=87cc707c-a4f8-4e73-99fb-ca5c9d5cfe5e, bucket=30227497-5435-40ad-83e2-a9447ed1a273, key=ecd07a48-25c0-487d-9500-99ad1497ee94, dataSize=4194304, replicationType=RATIS, replicationFactor=ONE} | ret=FAILURE
org.apache.hadoop.ozone.om.exceptions.OMException: The DiskSpace quota of bucket:30227497-5435-40ad-83e2-a9447ed1a273 exceeded quotaInBytes: 1 Bytes but diskspace consumed: 4194304 Bytes.
	at org.apache.hadoop.ozone.om.request.key.OMKeyRequest.checkBucketQuotaInBytes(OMKeyRequest.java:536) ~[ozone-manager-1.4.0-SNAPSHOT.jar:?]
	at org.apache.hadoop.ozone.om.request.file.OMFileCreateRequestWithFSO.validateAndUpdateCache(OMFileCreateRequestWithFSO.java:201) ~[ozone-manager-1.4.0-SNAPSHOT.jar:?]
	at org.apache.hadoop.ozone.protocolPB.OzoneManagerRequestHandler.handleWriteRequest(OzoneManagerRequestHandler.java:337) ~[ozone-manager-1.4.0-SNAPSHOT.jar:?]
	at org.apache.hadoop.ozone.om.ratis.OzoneManagerStateMachine.runCommand(OzoneManagerStateMachine.java:567) ~[ozone-manager-1.4.0-SNAPSHOT.jar:?]
	at org.apache.hadoop.ozone.om.ratis.OzoneManagerStateMachine.lambda$1(OzoneManagerStateMachine.java:358) ~[ozone-manager-1.4.0-SNAPSHOT.jar:?]
	at java.util.concurrent.CompletableFuture$AsyncSupply.run(CompletableFuture.java:1604) [?:1.8.0_362]
	at java.util.concurrent.ThreadPoolExecutor.runWorker(ThreadPoolExecutor.java:1149) [?:1.8.0_362]
	at java.util.concurrent.ThreadPoolExecutor$Worker.run(ThreadPoolExecutor.java:624) [?:1.8.0_362]
	at java.lang.Thread.run(Thread.java:750) [?:1.8.0_362]
2023-05-04 20:14:25,996 [OM StateMachine ApplyTransaction Thread - 0] ERROR file.OMFileCreateRequestWithFSO (OMFileCreateRequestWithFSO.java:validateAndUpdateCache(260)) - File create failed. Volume:87cc707c-a4f8-4e73-99fb-ca5c9d5cfe5e, Bucket:30227497-5435-40ad-83e2-a9447ed1a273, Key:ecd07a48-25c0-487d-9500-99ad1497ee94.
QUOTA_EXCEEDED org.apache.hadoop.ozone.om.exceptions.OMException: The DiskSpace quota of bucket:30227497-5435-40ad-83e2-a9447ed1a273 exceeded quotaInBytes: 1 Bytes but diskspace consumed: 4194304 Bytes.
	at org.apache.hadoop.ozone.om.request.key.OMKeyRequest.checkBucketQuotaInBytes(OMKeyRequest.java:536)
	at org.apache.hadoop.ozone.om.request.file.OMFileCreateRequestWithFSO.validateAndUpdateCache(OMFileCreateRequestWithFSO.java:201)
	at org.apache.hadoop.ozone.protocolPB.OzoneManagerRequestHandler.handleWriteRequest(OzoneManagerRequestHandler.java:337)
	at org.apache.hadoop.ozone.om.ratis.OzoneManagerStateMachine.runCommand(OzoneManagerStateMachine.java:567)
	at org.apache.hadoop.ozone.om.ratis.OzoneManagerStateMachine.lambda$1(OzoneManagerStateMachine.java:358)
	at java.util.concurrent.CompletableFuture$AsyncSupply.run(CompletableFuture.java:1604)
	at java.util.concurrent.ThreadPoolExecutor.runWorker(ThreadPoolExecutor.java:1149)
	at java.util.concurrent.ThreadPoolExecutor$Worker.run(ThreadPoolExecutor.java:624)
	at java.lang.Thread.run(Thread.java:750)
2023-05-04 20:14:26,644 [OM StateMachine ApplyTransaction Thread - 0] ERROR key.OMAllocateBlockRequestWithFSO (OMAllocateBlockRequestWithFSO.java:validateAndUpdateCache(182)) - Allocate Block failed. Volume:87cc707c-a4f8-4e73-99fb-ca5c9d5cfe5e, Bucket:30227497-5435-40ad-83e2-a9447ed1a273, OpenKey:/-9223372036854631168/-9223372036854629632/-9223372036854629632/9b0c1f30-fbfe-44f8-9983-01aa82efa41c/110312244249034829. Exception:{}
QUOTA_EXCEEDED org.apache.hadoop.ozone.om.exceptions.OMException: The DiskSpace quota of bucket:30227497-5435-40ad-83e2-a9447ed1a273 exceeded quotaInBytes: 16777216 Bytes but diskspace consumed: 20971520 Bytes.
	at org.apache.hadoop.ozone.om.request.key.OMKeyRequest.checkBucketQuotaInBytes(OMKeyRequest.java:536)
	at org.apache.hadoop.ozone.om.request.key.OMAllocateBlockRequestWithFSO.validateAndUpdateCache(OMAllocateBlockRequestWithFSO.java:155)
	at org.apache.hadoop.ozone.protocolPB.OzoneManagerRequestHandler.handleWriteRequest(OzoneManagerRequestHandler.java:337)
	at org.apache.hadoop.ozone.om.ratis.OzoneManagerStateMachine.runCommand(OzoneManagerStateMachine.java:567)
	at org.apache.hadoop.ozone.om.ratis.OzoneManagerStateMachine.lambda$1(OzoneManagerStateMachine.java:358)
	at java.util.concurrent.CompletableFuture$AsyncSupply.run(CompletableFuture.java:1604)
	at java.util.concurrent.ThreadPoolExecutor.runWorker(ThreadPoolExecutor.java:1149)
	at java.util.concurrent.ThreadPoolExecutor$Worker.run(ThreadPoolExecutor.java:624)
	at java.lang.Thread.run(Thread.java:750)
20:14:26.644 [OM StateMachine ApplyTransaction Thread - 0] ERROR OMAudit - user=runner | ip=127.0.0.1 | op=ALLOCATE_BLOCK {volume=87cc707c-a4f8-4e73-99fb-ca5c9d5cfe5e, bucket=30227497-5435-40ad-83e2-a9447ed1a273, key=9b0c1f30-fbfe-44f8-9983-01aa82efa41c, dataSize=12, replicationType=RATIS, replicationFactor=ONE, clientID=110312244249034829} | ret=FAILURE
org.apache.hadoop.ozone.om.exceptions.OMException: The DiskSpace quota of bucket:30227497-5435-40ad-83e2-a9447ed1a273 exceeded quotaInBytes: 16777216 Bytes but diskspace consumed: 20971520 Bytes.
	at org.apache.hadoop.ozone.om.request.key.OMKeyRequest.checkBucketQuotaInBytes(OMKeyRequest.java:536) ~[ozone-manager-1.4.0-SNAPSHOT.jar:?]
	at org.apache.hadoop.ozone.om.request.key.OMAllocateBlockRequestWithFSO.validateAndUpdateCache(OMAllocateBlockRequestWithFSO.java:155) ~[ozone-manager-1.4.0-SNAPSHOT.jar:?]
	at org.apache.hadoop.ozone.protocolPB.OzoneManagerRequestHandler.handleWriteRequest(OzoneManagerRequestHandler.java:337) ~[ozone-manager-1.4.0-SNAPSHOT.jar:?]
	at org.apache.hadoop.ozone.om.ratis.OzoneManagerStateMachine.runCommand(OzoneManagerStateMachine.java:567) ~[ozone-manager-1.4.0-SNAPSHOT.jar:?]
	at org.apache.hadoop.ozone.om.ratis.OzoneManagerStateMachine.lambda$1(OzoneManagerStateMachine.java:358) ~[ozone-manager-1.4.0-SNAPSHOT.jar:?]
	at java.util.concurrent.CompletableFuture$AsyncSupply.run(CompletableFuture.java:1604) [?:1.8.0_362]
	at java.util.concurrent.ThreadPoolExecutor.runWorker(ThreadPoolExecutor.java:1149) [?:1.8.0_362]
	at java.util.concurrent.ThreadPoolExecutor$Worker.run(ThreadPoolExecutor.java:624) [?:1.8.0_362]
	at java.lang.Thread.run(Thread.java:750) [?:1.8.0_362]
2023-05-04 20:14:26,660 [OM StateMachine ApplyTransaction Thread - 0] INFO  key.OMKeyRequest (OMKeyRequest.java:wrapUncommittedBlocksAsPseudoKey(831)) - Detect allocated but uncommitted blocks [{blockID={containerID=27, localID=111677748019200110}, length=4194304, offset=0, token=null, pipeline=null, createVersion=0, partNumber=0}] in key eee0f778-63ef-4233-8e8b-d58894e550ad.
]]></system-out>
  </testcase>
  <testcase name="testCommitPartAfterCompleteUpload" classname="org.apache.hadoop.ozone.client.rpc.TestOzoneRpcClient" time="0.509">
    <system-out><![CDATA[2023-05-04 20:14:26,683 [Listener at 127.0.0.1/35517] INFO  rpc.RpcClient (RpcClient.java:createVolume(476)) - Creating Volume: abffe0d6-5f0e-42d3-8092-0058cb9c3e31, with runner as owner and space quota set to -1 bytes, counts quota set to -1
2023-05-04 20:14:26,685 [OM StateMachine ApplyTransaction Thread - 0] INFO  volume.OMVolumeCreateRequest (OMVolumeCreateRequest.java:validateAndUpdateCache(195)) - created volume:abffe0d6-5f0e-42d3-8092-0058cb9c3e31 for user:runner
2023-05-04 20:14:26,687 [Listener at 127.0.0.1/35517] INFO  rpc.RpcClient (RpcClient.java:createBucket(697)) - Creating Bucket: abffe0d6-5f0e-42d3-8092-0058cb9c3e31/3f7c5913-62f0-479f-87f9-451dd43eb4f2, with server-side default bucket layout, runner as owner, Versioning false, Storage Type set to DISK and Encryption set to false, Replication Type set to server-side default replication type, Namespace Quota set to -1, Space Quota set to -1 
2023-05-04 20:14:26,688 [OM StateMachine ApplyTransaction Thread - 0] INFO  bucket.OMBucketCreateRequest (OMBucketCreateRequest.java:validateAndUpdateCache(270)) - created bucket: 3f7c5913-62f0-479f-87f9-451dd43eb4f2 of layout FILE_SYSTEM_OPTIMIZED in volume: abffe0d6-5f0e-42d3-8092-0058cb9c3e31
2023-05-04 20:14:27,036 [IPC Server handler 19 on default port 35523] WARN  node.SCMNodeManager (SCMNodeManager.java:getNodesByAddress(1372)) - Cannot find node for address 127.0.0.1
2023-05-04 20:14:27,039 [IPC Server handler 12 on default port 35523] WARN  node.SCMNodeManager (SCMNodeManager.java:getNodesByAddress(1372)) - Cannot find node for address 127.0.0.1
20:14:27.190 [OM StateMachine ApplyTransaction Thread - 0] ERROR OMAudit - user=runner | ip=127.0.0.1 | op=COMMIT_MULTIPART_UPLOAD_PARTKEY {volume=abffe0d6-5f0e-42d3-8092-0058cb9c3e31, bucket=3f7c5913-62f0-479f-87f9-451dd43eb4f2, key=79c32dd4-0575-4850-8dd4-b58deb052cc8, dataSize=5242880, replicationType=NONE, replicationFactor=ZERO, partNumber=2, partName=/abffe0d6-5f0e-42d3-8092-0058cb9c3e31/3f7c5913-62f0-479f-87f9-451dd43eb4f2/79c32dd4-0575-4850-8dd4-b58deb052cc8-5d44fb4a-9daf-457b-bb6c-f44a3d10c183-110312244293795920-2} | ret=FAILURE
org.apache.hadoop.ozone.om.exceptions.OMException: No such Multipart upload is with specified uploadId 5d44fb4a-9daf-457b-bb6c-f44a3d10c183-110312244293795920
	at org.apache.hadoop.ozone.om.request.s3.multipart.S3MultipartUploadCommitPartRequest.validateAndUpdateCache(S3MultipartUploadCommitPartRequest.java:188) ~[ozone-manager-1.4.0-SNAPSHOT.jar:?]
	at org.apache.hadoop.ozone.protocolPB.OzoneManagerRequestHandler.handleWriteRequest(OzoneManagerRequestHandler.java:337) ~[ozone-manager-1.4.0-SNAPSHOT.jar:?]
	at org.apache.hadoop.ozone.om.ratis.OzoneManagerStateMachine.runCommand(OzoneManagerStateMachine.java:567) ~[ozone-manager-1.4.0-SNAPSHOT.jar:?]
	at org.apache.hadoop.ozone.om.ratis.OzoneManagerStateMachine.lambda$1(OzoneManagerStateMachine.java:358) ~[ozone-manager-1.4.0-SNAPSHOT.jar:?]
	at java.util.concurrent.CompletableFuture$AsyncSupply.run(CompletableFuture.java:1604) [?:1.8.0_362]
	at java.util.concurrent.ThreadPoolExecutor.runWorker(ThreadPoolExecutor.java:1149) [?:1.8.0_362]
	at java.util.concurrent.ThreadPoolExecutor$Worker.run(ThreadPoolExecutor.java:624) [?:1.8.0_362]
	at java.lang.Thread.run(Thread.java:750) [?:1.8.0_362]
2023-05-04 20:14:27,190 [OM StateMachine ApplyTransaction Thread - 0] ERROR multipart.S3MultipartUploadCommitPartRequest (S3MultipartUploadCommitPartRequest.java:logResult(327)) - MultipartUpload Commit is failed for Key:79c32dd4-0575-4850-8dd4-b58deb052cc8 in Volume/Bucket abffe0d6-5f0e-42d3-8092-0058cb9c3e31/3f7c5913-62f0-479f-87f9-451dd43eb4f2
NO_SUCH_MULTIPART_UPLOAD_ERROR org.apache.hadoop.ozone.om.exceptions.OMException: No such Multipart upload is with specified uploadId 5d44fb4a-9daf-457b-bb6c-f44a3d10c183-110312244293795920
	at org.apache.hadoop.ozone.om.request.s3.multipart.S3MultipartUploadCommitPartRequest.validateAndUpdateCache(S3MultipartUploadCommitPartRequest.java:188)
	at org.apache.hadoop.ozone.protocolPB.OzoneManagerRequestHandler.handleWriteRequest(OzoneManagerRequestHandler.java:337)
	at org.apache.hadoop.ozone.om.ratis.OzoneManagerStateMachine.runCommand(OzoneManagerStateMachine.java:567)
	at org.apache.hadoop.ozone.om.ratis.OzoneManagerStateMachine.lambda$1(OzoneManagerStateMachine.java:358)
	at java.util.concurrent.CompletableFuture$AsyncSupply.run(CompletableFuture.java:1604)
	at java.util.concurrent.ThreadPoolExecutor.runWorker(ThreadPoolExecutor.java:1149)
	at java.util.concurrent.ThreadPoolExecutor$Worker.run(ThreadPoolExecutor.java:624)
	at java.lang.Thread.run(Thread.java:750)
]]></system-out>
  </testcase>
  <testcase name="testCreateBucket" classname="org.apache.hadoop.ozone.client.rpc.TestOzoneRpcClient" time="0.009">
    <system-out><![CDATA[2023-05-04 20:14:27,193 [Listener at 127.0.0.1/35517] INFO  rpc.RpcClient (RpcClient.java:createVolume(476)) - Creating Volume: f63b68e6-cbba-4cb4-aba5-cd719fb0fcdb, with runner as owner and space quota set to -1 bytes, counts quota set to -1
2023-05-04 20:14:27,196 [OM StateMachine ApplyTransaction Thread - 0] INFO  volume.OMVolumeCreateRequest (OMVolumeCreateRequest.java:validateAndUpdateCache(195)) - created volume:f63b68e6-cbba-4cb4-aba5-cd719fb0fcdb for user:runner
2023-05-04 20:14:27,198 [Listener at 127.0.0.1/35517] INFO  rpc.RpcClient (RpcClient.java:createBucket(697)) - Creating Bucket: f63b68e6-cbba-4cb4-aba5-cd719fb0fcdb/715f5c4a-d1ab-4869-adad-f32c8aa6715d, with server-side default bucket layout, runner as owner, Versioning false, Storage Type set to DISK and Encryption set to false, Replication Type set to server-side default replication type, Namespace Quota set to -1, Space Quota set to -1 
2023-05-04 20:14:27,200 [OM StateMachine ApplyTransaction Thread - 0] INFO  bucket.OMBucketCreateRequest (OMBucketCreateRequest.java:validateAndUpdateCache(270)) - created bucket: 715f5c4a-d1ab-4869-adad-f32c8aa6715d of layout FILE_SYSTEM_OPTIMIZED in volume: f63b68e6-cbba-4cb4-aba5-cd719fb0fcdb
]]></system-out>
  </testcase>
  <testcase name="testCreateBucketWithAcls" classname="org.apache.hadoop.ozone.client.rpc.TestOzoneRpcClient" time="0.011">
    <system-out><![CDATA[2023-05-04 20:14:27,203 [Listener at 127.0.0.1/35517] INFO  rpc.RpcClient (RpcClient.java:createVolume(476)) - Creating Volume: 5743834e-a019-4436-8c90-ff3080e107db, with runner as owner and space quota set to -1 bytes, counts quota set to -1
2023-05-04 20:14:27,206 [OM StateMachine ApplyTransaction Thread - 0] INFO  volume.OMVolumeCreateRequest (OMVolumeCreateRequest.java:validateAndUpdateCache(195)) - created volume:5743834e-a019-4436-8c90-ff3080e107db for user:runner
2023-05-04 20:14:27,208 [Listener at 127.0.0.1/35517] INFO  rpc.RpcClient (RpcClient.java:createBucket(697)) - Creating Bucket: 5743834e-a019-4436-8c90-ff3080e107db/363bf02b-1057-4aba-b828-bd7b0fb0cc7e, with server-side default bucket layout, runner as owner, Versioning false, Storage Type set to DISK and Encryption set to false, Replication Type set to server-side default replication type, Namespace Quota set to -1, Space Quota set to -1 
2023-05-04 20:14:27,209 [OM StateMachine ApplyTransaction Thread - 0] INFO  bucket.OMBucketCreateRequest (OMBucketCreateRequest.java:validateAndUpdateCache(270)) - created bucket: 363bf02b-1057-4aba-b828-bd7b0fb0cc7e of layout FILE_SYSTEM_OPTIMIZED in volume: 5743834e-a019-4436-8c90-ff3080e107db
]]></system-out>
  </testcase>
  <testcase name="testCreateBucketWithAllArgument" classname="org.apache.hadoop.ozone.client.rpc.TestOzoneRpcClient" time="0.012">
    <system-out><![CDATA[2023-05-04 20:14:27,214 [Listener at 127.0.0.1/35517] INFO  rpc.RpcClient (RpcClient.java:createVolume(476)) - Creating Volume: 5dc6ec1b-bf6d-4594-9687-d578db376b41, with runner as owner and space quota set to -1 bytes, counts quota set to -1
2023-05-04 20:14:27,216 [OM StateMachine ApplyTransaction Thread - 0] INFO  volume.OMVolumeCreateRequest (OMVolumeCreateRequest.java:validateAndUpdateCache(195)) - created volume:5dc6ec1b-bf6d-4594-9687-d578db376b41 for user:runner
2023-05-04 20:14:27,219 [Listener at 127.0.0.1/35517] INFO  rpc.RpcClient (RpcClient.java:createBucket(697)) - Creating Bucket: 5dc6ec1b-bf6d-4594-9687-d578db376b41/bc240cc2-0b26-4950-a3bd-2643d98e7b2a, with server-side default bucket layout, runner as owner, Versioning true, Storage Type set to SSD and Encryption set to false, Replication Type set to EC, Namespace Quota set to -1, Space Quota set to -1 
2023-05-04 20:14:27,223 [OM StateMachine ApplyTransaction Thread - 0] INFO  bucket.OMBucketCreateRequest (OMBucketCreateRequest.java:validateAndUpdateCache(270)) - created bucket: bc240cc2-0b26-4950-a3bd-2643d98e7b2a of layout FILE_SYSTEM_OPTIMIZED in volume: 5dc6ec1b-bf6d-4594-9687-d578db376b41
]]></system-out>
  </testcase>
  <testcase name="testCreateBucketWithMetadata" classname="org.apache.hadoop.ozone.client.rpc.TestOzoneRpcClient" time="0.008">
    <system-out><![CDATA[2023-05-04 20:14:27,227 [Listener at 127.0.0.1/35517] INFO  rpc.RpcClient (RpcClient.java:createVolume(476)) - Creating Volume: acfd2a36-baa1-45b7-82f3-3601aac0e038, with runner as owner and space quota set to -1 bytes, counts quota set to -1
2023-05-04 20:14:27,229 [OM StateMachine ApplyTransaction Thread - 0] INFO  volume.OMVolumeCreateRequest (OMVolumeCreateRequest.java:validateAndUpdateCache(195)) - created volume:acfd2a36-baa1-45b7-82f3-3601aac0e038 for user:runner
2023-05-04 20:14:27,230 [Listener at 127.0.0.1/35517] INFO  rpc.RpcClient (RpcClient.java:createBucket(697)) - Creating Bucket: acfd2a36-baa1-45b7-82f3-3601aac0e038/3286c8d3-7ab1-49b6-bf42-a06dee4fd674, with server-side default bucket layout, runner as owner, Versioning false, Storage Type set to DISK and Encryption set to false, Replication Type set to server-side default replication type, Namespace Quota set to -1, Space Quota set to -1 
2023-05-04 20:14:27,232 [OM StateMachine ApplyTransaction Thread - 0] INFO  bucket.OMBucketCreateRequest (OMBucketCreateRequest.java:validateAndUpdateCache(270)) - created bucket: 3286c8d3-7ab1-49b6-bf42-a06dee4fd674 of layout FILE_SYSTEM_OPTIMIZED in volume: acfd2a36-baa1-45b7-82f3-3601aac0e038
]]></system-out>
  </testcase>
  <testcase name="testCreateBucketWithReplicationConfig" classname="org.apache.hadoop.ozone.client.rpc.TestOzoneRpcClient" time="0.008">
    <system-out><![CDATA[2023-05-04 20:14:27,236 [Listener at 127.0.0.1/35517] INFO  rpc.RpcClient (RpcClient.java:createVolume(476)) - Creating Volume: 0d783d14-34e1-4b4d-b803-f79b8b5fa440, with runner as owner and space quota set to -1 bytes, counts quota set to -1
2023-05-04 20:14:27,238 [OM StateMachine ApplyTransaction Thread - 0] INFO  volume.OMVolumeCreateRequest (OMVolumeCreateRequest.java:validateAndUpdateCache(195)) - created volume:0d783d14-34e1-4b4d-b803-f79b8b5fa440 for user:runner
2023-05-04 20:14:27,239 [Listener at 127.0.0.1/35517] INFO  rpc.RpcClient (RpcClient.java:createBucket(697)) - Creating Bucket: 0d783d14-34e1-4b4d-b803-f79b8b5fa440/88b763b2-6cd5-4de9-881c-75d3524961e5, with server-side default bucket layout, runner as owner, Versioning false, Storage Type set to DISK and Encryption set to false, Replication Type set to EC, Namespace Quota set to -1, Space Quota set to -1 
2023-05-04 20:14:27,240 [OM StateMachine ApplyTransaction Thread - 0] INFO  bucket.OMBucketCreateRequest (OMBucketCreateRequest.java:validateAndUpdateCache(270)) - created bucket: 88b763b2-6cd5-4de9-881c-75d3524961e5 of layout FILE_SYSTEM_OPTIMIZED in volume: 0d783d14-34e1-4b4d-b803-f79b8b5fa440
]]></system-out>
  </testcase>
  <testcase name="testCreateBucketWithStorageType" classname="org.apache.hadoop.ozone.client.rpc.TestOzoneRpcClient" time="0.011">
    <system-out><![CDATA[2023-05-04 20:14:27,246 [Listener at 127.0.0.1/35517] INFO  rpc.RpcClient (RpcClient.java:createVolume(476)) - Creating Volume: 32e90463-9737-43f1-a5b2-0cb466ee10db, with runner as owner and space quota set to -1 bytes, counts quota set to -1
2023-05-04 20:14:27,247 [OM StateMachine ApplyTransaction Thread - 0] INFO  volume.OMVolumeCreateRequest (OMVolumeCreateRequest.java:validateAndUpdateCache(195)) - created volume:32e90463-9737-43f1-a5b2-0cb466ee10db for user:runner
2023-05-04 20:14:27,249 [Listener at 127.0.0.1/35517] INFO  rpc.RpcClient (RpcClient.java:createBucket(697)) - Creating Bucket: 32e90463-9737-43f1-a5b2-0cb466ee10db/2f291e1b-fa79-47c3-9d50-6817d0e364d9, with server-side default bucket layout, runner as owner, Versioning false, Storage Type set to SSD and Encryption set to false, Replication Type set to server-side default replication type, Namespace Quota set to -1, Space Quota set to -1 
2023-05-04 20:14:27,251 [OM StateMachine ApplyTransaction Thread - 0] INFO  bucket.OMBucketCreateRequest (OMBucketCreateRequest.java:validateAndUpdateCache(270)) - created bucket: 2f291e1b-fa79-47c3-9d50-6817d0e364d9 of layout FILE_SYSTEM_OPTIMIZED in volume: 32e90463-9737-43f1-a5b2-0cb466ee10db
]]></system-out>
  </testcase>
  <testcase name="testCreateBucketWithVersioning" classname="org.apache.hadoop.ozone.client.rpc.TestOzoneRpcClient" time="0.008">
    <system-out><![CDATA[2023-05-04 20:14:27,256 [Listener at 127.0.0.1/35517] INFO  rpc.RpcClient (RpcClient.java:createVolume(476)) - Creating Volume: 5ea9b89f-253e-4d8b-b0b2-5f88952f6dc4, with runner as owner and space quota set to -1 bytes, counts quota set to -1
2023-05-04 20:14:27,259 [OM StateMachine ApplyTransaction Thread - 0] INFO  volume.OMVolumeCreateRequest (OMVolumeCreateRequest.java:validateAndUpdateCache(195)) - created volume:5ea9b89f-253e-4d8b-b0b2-5f88952f6dc4 for user:runner
2023-05-04 20:14:27,261 [Listener at 127.0.0.1/35517] INFO  rpc.RpcClient (RpcClient.java:createBucket(697)) - Creating Bucket: 5ea9b89f-253e-4d8b-b0b2-5f88952f6dc4/1a701e9c-9008-4fb8-b210-72061ad5979b, with server-side default bucket layout, runner as owner, Versioning true, Storage Type set to DISK and Encryption set to false, Replication Type set to server-side default replication type, Namespace Quota set to -1, Space Quota set to -1 
2023-05-04 20:14:27,262 [OM StateMachine ApplyTransaction Thread - 0] INFO  bucket.OMBucketCreateRequest (OMBucketCreateRequest.java:validateAndUpdateCache(270)) - created bucket: 1a701e9c-9008-4fb8-b210-72061ad5979b of layout FILE_SYSTEM_OPTIMIZED in volume: 5ea9b89f-253e-4d8b-b0b2-5f88952f6dc4
]]></system-out>
  </testcase>
  <testcase name="testCreateS3Bucket" classname="org.apache.hadoop.ozone.client.rpc.TestOzoneRpcClient" time="0.013">
    <system-out><![CDATA[2023-05-04 20:14:27,271 [Listener at 127.0.0.1/35517] INFO  rpc.RpcClient (RpcClient.java:createBucket(697)) - Creating Bucket: s3v/e6f5e356-27c2-4aea-b2fe-236544bd9fb3, with server-side default bucket layout, runner as owner, Versioning false, Storage Type set to DISK and Encryption set to false, Replication Type set to server-side default replication type, Namespace Quota set to -1, Space Quota set to -1 
2023-05-04 20:14:27,272 [OM StateMachine ApplyTransaction Thread - 0] INFO  bucket.OMBucketCreateRequest (OMBucketCreateRequest.java:validateAndUpdateCache(270)) - created bucket: e6f5e356-27c2-4aea-b2fe-236544bd9fb3 of layout FILE_SYSTEM_OPTIMIZED in volume: s3v
]]></system-out>
  </testcase>
  <testcase name="testCreateVolumeWithMetadata" classname="org.apache.hadoop.ozone.client.rpc.TestOzoneRpcClient" time="0.006">
    <system-out><![CDATA[2023-05-04 20:14:27,278 [Listener at 127.0.0.1/35517] INFO  rpc.RpcClient (RpcClient.java:createVolume(476)) - Creating Volume: 45066629-d60f-4562-b7af-bc731ad5e7ea, with runner as owner and space quota set to -1 bytes, counts quota set to -1
2023-05-04 20:14:27,282 [OM StateMachine ApplyTransaction Thread - 0] INFO  volume.OMVolumeCreateRequest (OMVolumeCreateRequest.java:validateAndUpdateCache(195)) - created volume:45066629-d60f-4562-b7af-bc731ad5e7ea for user:runner
]]></system-out>
  </testcase>
  <testcase name="testDefaultS3GVolumeExists" classname="org.apache.hadoop.ozone.client.rpc.TestOzoneRpcClient" time="0.003"/>
  <testcase name="testDeleteBucket" classname="org.apache.hadoop.ozone.client.rpc.TestOzoneRpcClient" time="0.011">
    <system-out><![CDATA[2023-05-04 20:14:27,288 [Listener at 127.0.0.1/35517] INFO  rpc.RpcClient (RpcClient.java:createVolume(476)) - Creating Volume: 0df3f1ab-2e8a-4cc8-a363-fa00c5ca3803, with runner as owner and space quota set to -1 bytes, counts quota set to -1
2023-05-04 20:14:27,290 [OM StateMachine ApplyTransaction Thread - 0] INFO  volume.OMVolumeCreateRequest (OMVolumeCreateRequest.java:validateAndUpdateCache(195)) - created volume:0df3f1ab-2e8a-4cc8-a363-fa00c5ca3803 for user:runner
2023-05-04 20:14:27,291 [Listener at 127.0.0.1/35517] INFO  rpc.RpcClient (RpcClient.java:createBucket(697)) - Creating Bucket: 0df3f1ab-2e8a-4cc8-a363-fa00c5ca3803/cce48933-8df9-4252-880b-8cdbe65b9f1b, with server-side default bucket layout, runner as owner, Versioning false, Storage Type set to DISK and Encryption set to false, Replication Type set to server-side default replication type, Namespace Quota set to -1, Space Quota set to -1 
2023-05-04 20:14:27,293 [OM StateMachine ApplyTransaction Thread - 0] INFO  bucket.OMBucketCreateRequest (OMBucketCreateRequest.java:validateAndUpdateCache(270)) - created bucket: cce48933-8df9-4252-880b-8cdbe65b9f1b of layout FILE_SYSTEM_OPTIMIZED in volume: 0df3f1ab-2e8a-4cc8-a363-fa00c5ca3803
20:14:27.297 [IPC Server handler 6 on default port 35517] ERROR OMAudit - user=runner | ip=127.0.0.1 | op=READ_BUCKET {volume=0df3f1ab-2e8a-4cc8-a363-fa00c5ca3803, bucket=cce48933-8df9-4252-880b-8cdbe65b9f1b} | ret=FAILURE
org.apache.hadoop.ozone.om.exceptions.OMException: Bucket not found
	at org.apache.hadoop.ozone.om.OzoneManager.getBucketOwner(OzoneManager.java:2510) ~[ozone-manager-1.4.0-SNAPSHOT.jar:?]
	at org.apache.hadoop.ozone.om.OzoneManager.getBucketOwner(OzoneManager.java:2480) ~[ozone-manager-1.4.0-SNAPSHOT.jar:?]
	at org.apache.hadoop.ozone.om.OmMetadataReader.checkAcls(OmMetadataReader.java:436) ~[ozone-manager-1.4.0-SNAPSHOT.jar:?]
	at org.apache.hadoop.ozone.om.OzoneManager.getBucketInfo(OzoneManager.java:2771) ~[ozone-manager-1.4.0-SNAPSHOT.jar:?]
	at org.apache.hadoop.ozone.protocolPB.OzoneManagerRequestHandler.infoBucket(OzoneManagerRequestHandler.java:509) ~[ozone-manager-1.4.0-SNAPSHOT.jar:?]
	at org.apache.hadoop.ozone.protocolPB.OzoneManagerRequestHandler.handleReadRequest(OzoneManagerRequestHandler.java:188) ~[ozone-manager-1.4.0-SNAPSHOT.jar:?]
	at org.apache.hadoop.ozone.protocolPB.OzoneManagerProtocolServerSideTranslatorPB.submitReadRequestToOM(OzoneManagerProtocolServerSideTranslatorPB.java:223) ~[ozone-manager-1.4.0-SNAPSHOT.jar:?]
	at org.apache.hadoop.ozone.protocolPB.OzoneManagerProtocolServerSideTranslatorPB.processRequest(OzoneManagerProtocolServerSideTranslatorPB.java:177) ~[ozone-manager-1.4.0-SNAPSHOT.jar:?]
	at org.apache.hadoop.hdds.server.OzoneProtocolMessageDispatcher.processRequest(OzoneProtocolMessageDispatcher.java:87) [hdds-server-framework-1.4.0-SNAPSHOT.jar:?]
	at org.apache.hadoop.ozone.protocolPB.OzoneManagerProtocolServerSideTranslatorPB.submitRequest(OzoneManagerProtocolServerSideTranslatorPB.java:147) [ozone-manager-1.4.0-SNAPSHOT.jar:?]
	at org.apache.hadoop.ozone.protocol.proto.OzoneManagerProtocolProtos$OzoneManagerService$2.callBlockingMethod(OzoneManagerProtocolProtos.java) [ozone-interface-client-1.4.0-SNAPSHOT.jar:?]
	at org.apache.hadoop.ipc.ProtobufRpcEngine$Server.processCall(ProtobufRpcEngine.java:484) [hadoop-common-3.3.5.jar:?]
	at org.apache.hadoop.ipc.ProtobufRpcEngine2$Server$ProtoBufRpcInvoker.call(ProtobufRpcEngine2.java:595) [hadoop-common-3.3.5.jar:?]
	at org.apache.hadoop.ipc.ProtobufRpcEngine2$Server$ProtoBufRpcInvoker.call(ProtobufRpcEngine2.java:573) [hadoop-common-3.3.5.jar:?]
	at org.apache.hadoop.ipc.RPC$Server.call(RPC.java:1213) [hadoop-common-3.3.5.jar:?]
	at org.apache.hadoop.ipc.Server$RpcCall.run(Server.java:1089) [hadoop-common-3.3.5.jar:?]
	at org.apache.hadoop.ipc.Server$RpcCall.run(Server.java:1012) [hadoop-common-3.3.5.jar:?]
	at java.security.AccessController.doPrivileged(Native Method) ~[?:1.8.0_362]
	at javax.security.auth.Subject.doAs(Subject.java:422) [?:1.8.0_362]
	at org.apache.hadoop.security.UserGroupInformation.doAs(UserGroupInformation.java:1899) [hadoop-common-3.3.5.jar:?]
	at org.apache.hadoop.ipc.Server$Handler.run(Server.java:3026) [hadoop-common-3.3.5.jar:?]
]]></system-out>
  </testcase>
  <testcase name="testDeleteBucketWithTheSamePrefix(BucketLayout)[1]" classname="org.apache.hadoop.ozone.client.rpc.TestOzoneRpcClient" time="0.021">
    <system-out><![CDATA[2023-05-04 20:14:27,300 [Listener at 127.0.0.1/35517] INFO  rpc.RpcClient (RpcClient.java:createVolume(476)) - Creating Volume: dbb40ba9-05ff-4b63-ae14-335463b14a8e, with runner as owner and space quota set to -1 bytes, counts quota set to -1
2023-05-04 20:14:27,304 [OM StateMachine ApplyTransaction Thread - 0] INFO  volume.OMVolumeCreateRequest (OMVolumeCreateRequest.java:validateAndUpdateCache(195)) - created volume:dbb40ba9-05ff-4b63-ae14-335463b14a8e for user:runner
2023-05-04 20:14:27,306 [Listener at 127.0.0.1/35517] INFO  rpc.RpcClient (RpcClient.java:createBucket(697)) - Creating Bucket: dbb40ba9-05ff-4b63-ae14-335463b14a8e/bucket1, with bucket layout OBJECT_STORE, runner as owner, Versioning false, Storage Type set to DISK and Encryption set to false, Replication Type set to server-side default replication type, Namespace Quota set to -1, Space Quota set to -1 
2023-05-04 20:14:27,307 [OM StateMachine ApplyTransaction Thread - 0] INFO  bucket.OMBucketCreateRequest (OMBucketCreateRequest.java:validateAndUpdateCache(270)) - created bucket: bucket1 of layout OBJECT_STORE in volume: dbb40ba9-05ff-4b63-ae14-335463b14a8e
2023-05-04 20:14:27,308 [Listener at 127.0.0.1/35517] INFO  rpc.RpcClient (RpcClient.java:createBucket(697)) - Creating Bucket: dbb40ba9-05ff-4b63-ae14-335463b14a8e/bucket11, with bucket layout OBJECT_STORE, runner as owner, Versioning false, Storage Type set to DISK and Encryption set to false, Replication Type set to server-side default replication type, Namespace Quota set to -1, Space Quota set to -1 
2023-05-04 20:14:27,309 [OM StateMachine ApplyTransaction Thread - 0] INFO  bucket.OMBucketCreateRequest (OMBucketCreateRequest.java:validateAndUpdateCache(270)) - created bucket: bucket11 of layout OBJECT_STORE in volume: dbb40ba9-05ff-4b63-ae14-335463b14a8e
2023-05-04 20:14:27,316 [OM StateMachine ApplyTransaction Thread - 0] INFO  key.OMKeyRequest (OMKeyRequest.java:wrapUncommittedBlocksAsPseudoKey(831)) - Detect allocated but uncommitted blocks [{blockID={containerID=16, localID=111677748019200116}, length=4194304, offset=0, token=null, pipeline=null, createVersion=0, partNumber=0}] in key key.
20:14:27.319 [IPC Server handler 18 on default port 35517] ERROR OMAudit - user=runner | ip=127.0.0.1 | op=READ_BUCKET {volume=dbb40ba9-05ff-4b63-ae14-335463b14a8e, bucket=bucket1} | ret=FAILURE
org.apache.hadoop.ozone.om.exceptions.OMException: Bucket not found
	at org.apache.hadoop.ozone.om.OzoneManager.getBucketOwner(OzoneManager.java:2510) ~[ozone-manager-1.4.0-SNAPSHOT.jar:?]
	at org.apache.hadoop.ozone.om.OzoneManager.getBucketOwner(OzoneManager.java:2480) ~[ozone-manager-1.4.0-SNAPSHOT.jar:?]
	at org.apache.hadoop.ozone.om.OmMetadataReader.checkAcls(OmMetadataReader.java:436) ~[ozone-manager-1.4.0-SNAPSHOT.jar:?]
	at org.apache.hadoop.ozone.om.OzoneManager.getBucketInfo(OzoneManager.java:2771) ~[ozone-manager-1.4.0-SNAPSHOT.jar:?]
	at org.apache.hadoop.ozone.protocolPB.OzoneManagerRequestHandler.infoBucket(OzoneManagerRequestHandler.java:509) ~[ozone-manager-1.4.0-SNAPSHOT.jar:?]
	at org.apache.hadoop.ozone.protocolPB.OzoneManagerRequestHandler.handleReadRequest(OzoneManagerRequestHandler.java:188) ~[ozone-manager-1.4.0-SNAPSHOT.jar:?]
	at org.apache.hadoop.ozone.protocolPB.OzoneManagerProtocolServerSideTranslatorPB.submitReadRequestToOM(OzoneManagerProtocolServerSideTranslatorPB.java:223) ~[ozone-manager-1.4.0-SNAPSHOT.jar:?]
	at org.apache.hadoop.ozone.protocolPB.OzoneManagerProtocolServerSideTranslatorPB.processRequest(OzoneManagerProtocolServerSideTranslatorPB.java:177) ~[ozone-manager-1.4.0-SNAPSHOT.jar:?]
	at org.apache.hadoop.hdds.server.OzoneProtocolMessageDispatcher.processRequest(OzoneProtocolMessageDispatcher.java:87) [hdds-server-framework-1.4.0-SNAPSHOT.jar:?]
	at org.apache.hadoop.ozone.protocolPB.OzoneManagerProtocolServerSideTranslatorPB.submitRequest(OzoneManagerProtocolServerSideTranslatorPB.java:147) [ozone-manager-1.4.0-SNAPSHOT.jar:?]
	at org.apache.hadoop.ozone.protocol.proto.OzoneManagerProtocolProtos$OzoneManagerService$2.callBlockingMethod(OzoneManagerProtocolProtos.java) [ozone-interface-client-1.4.0-SNAPSHOT.jar:?]
	at org.apache.hadoop.ipc.ProtobufRpcEngine$Server.processCall(ProtobufRpcEngine.java:484) [hadoop-common-3.3.5.jar:?]
	at org.apache.hadoop.ipc.ProtobufRpcEngine2$Server$ProtoBufRpcInvoker.call(ProtobufRpcEngine2.java:595) [hadoop-common-3.3.5.jar:?]
	at org.apache.hadoop.ipc.ProtobufRpcEngine2$Server$ProtoBufRpcInvoker.call(ProtobufRpcEngine2.java:573) [hadoop-common-3.3.5.jar:?]
	at org.apache.hadoop.ipc.RPC$Server.call(RPC.java:1213) [hadoop-common-3.3.5.jar:?]
	at org.apache.hadoop.ipc.Server$RpcCall.run(Server.java:1089) [hadoop-common-3.3.5.jar:?]
	at org.apache.hadoop.ipc.Server$RpcCall.run(Server.java:1012) [hadoop-common-3.3.5.jar:?]
	at java.security.AccessController.doPrivileged(Native Method) ~[?:1.8.0_362]
	at javax.security.auth.Subject.doAs(Subject.java:422) [?:1.8.0_362]
	at org.apache.hadoop.security.UserGroupInformation.doAs(UserGroupInformation.java:1899) [hadoop-common-3.3.5.jar:?]
	at org.apache.hadoop.ipc.Server$Handler.run(Server.java:3026) [hadoop-common-3.3.5.jar:?]
]]></system-out>
  </testcase>
  <testcase name="testDeleteBucketWithTheSamePrefix(BucketLayout)[2]" classname="org.apache.hadoop.ozone.client.rpc.TestOzoneRpcClient" time="0.018">
    <system-out><![CDATA[2023-05-04 20:14:27,321 [Listener at 127.0.0.1/35517] INFO  rpc.RpcClient (RpcClient.java:createVolume(476)) - Creating Volume: fe8b3378-cd14-465d-8ebe-e36919cbc49b, with runner as owner and space quota set to -1 bytes, counts quota set to -1
2023-05-04 20:14:27,323 [OM StateMachine ApplyTransaction Thread - 0] INFO  volume.OMVolumeCreateRequest (OMVolumeCreateRequest.java:validateAndUpdateCache(195)) - created volume:fe8b3378-cd14-465d-8ebe-e36919cbc49b for user:runner
2023-05-04 20:14:27,324 [Listener at 127.0.0.1/35517] INFO  rpc.RpcClient (RpcClient.java:createBucket(697)) - Creating Bucket: fe8b3378-cd14-465d-8ebe-e36919cbc49b/bucket1, with bucket layout LEGACY, runner as owner, Versioning false, Storage Type set to DISK and Encryption set to false, Replication Type set to server-side default replication type, Namespace Quota set to -1, Space Quota set to -1 
2023-05-04 20:14:27,326 [OM StateMachine ApplyTransaction Thread - 0] INFO  bucket.OMBucketCreateRequest (OMBucketCreateRequest.java:validateAndUpdateCache(270)) - created bucket: bucket1 of layout LEGACY in volume: fe8b3378-cd14-465d-8ebe-e36919cbc49b
2023-05-04 20:14:27,327 [Listener at 127.0.0.1/35517] INFO  rpc.RpcClient (RpcClient.java:createBucket(697)) - Creating Bucket: fe8b3378-cd14-465d-8ebe-e36919cbc49b/bucket11, with bucket layout LEGACY, runner as owner, Versioning false, Storage Type set to DISK and Encryption set to false, Replication Type set to server-side default replication type, Namespace Quota set to -1, Space Quota set to -1 
2023-05-04 20:14:27,328 [OM StateMachine ApplyTransaction Thread - 0] INFO  bucket.OMBucketCreateRequest (OMBucketCreateRequest.java:validateAndUpdateCache(270)) - created bucket: bucket11 of layout LEGACY in volume: fe8b3378-cd14-465d-8ebe-e36919cbc49b
2023-05-04 20:14:27,335 [OM StateMachine ApplyTransaction Thread - 0] INFO  key.OMKeyRequest (OMKeyRequest.java:wrapUncommittedBlocksAsPseudoKey(831)) - Detect allocated but uncommitted blocks [{blockID={containerID=13, localID=111677748019200117}, length=4194304, offset=0, token=null, pipeline=null, createVersion=0, partNumber=0}] in key key.
20:14:27.338 [IPC Server handler 12 on default port 35517] ERROR OMAudit - user=runner | ip=127.0.0.1 | op=READ_BUCKET {volume=fe8b3378-cd14-465d-8ebe-e36919cbc49b, bucket=bucket1} | ret=FAILURE
org.apache.hadoop.ozone.om.exceptions.OMException: Bucket not found
	at org.apache.hadoop.ozone.om.OzoneManager.getBucketOwner(OzoneManager.java:2510) ~[ozone-manager-1.4.0-SNAPSHOT.jar:?]
	at org.apache.hadoop.ozone.om.OzoneManager.getBucketOwner(OzoneManager.java:2480) ~[ozone-manager-1.4.0-SNAPSHOT.jar:?]
	at org.apache.hadoop.ozone.om.OmMetadataReader.checkAcls(OmMetadataReader.java:436) ~[ozone-manager-1.4.0-SNAPSHOT.jar:?]
	at org.apache.hadoop.ozone.om.OzoneManager.getBucketInfo(OzoneManager.java:2771) ~[ozone-manager-1.4.0-SNAPSHOT.jar:?]
	at org.apache.hadoop.ozone.protocolPB.OzoneManagerRequestHandler.infoBucket(OzoneManagerRequestHandler.java:509) ~[ozone-manager-1.4.0-SNAPSHOT.jar:?]
	at org.apache.hadoop.ozone.protocolPB.OzoneManagerRequestHandler.handleReadRequest(OzoneManagerRequestHandler.java:188) ~[ozone-manager-1.4.0-SNAPSHOT.jar:?]
	at org.apache.hadoop.ozone.protocolPB.OzoneManagerProtocolServerSideTranslatorPB.submitReadRequestToOM(OzoneManagerProtocolServerSideTranslatorPB.java:223) ~[ozone-manager-1.4.0-SNAPSHOT.jar:?]
	at org.apache.hadoop.ozone.protocolPB.OzoneManagerProtocolServerSideTranslatorPB.processRequest(OzoneManagerProtocolServerSideTranslatorPB.java:177) ~[ozone-manager-1.4.0-SNAPSHOT.jar:?]
	at org.apache.hadoop.hdds.server.OzoneProtocolMessageDispatcher.processRequest(OzoneProtocolMessageDispatcher.java:87) [hdds-server-framework-1.4.0-SNAPSHOT.jar:?]
	at org.apache.hadoop.ozone.protocolPB.OzoneManagerProtocolServerSideTranslatorPB.submitRequest(OzoneManagerProtocolServerSideTranslatorPB.java:147) [ozone-manager-1.4.0-SNAPSHOT.jar:?]
	at org.apache.hadoop.ozone.protocol.proto.OzoneManagerProtocolProtos$OzoneManagerService$2.callBlockingMethod(OzoneManagerProtocolProtos.java) [ozone-interface-client-1.4.0-SNAPSHOT.jar:?]
	at org.apache.hadoop.ipc.ProtobufRpcEngine$Server.processCall(ProtobufRpcEngine.java:484) [hadoop-common-3.3.5.jar:?]
	at org.apache.hadoop.ipc.ProtobufRpcEngine2$Server$ProtoBufRpcInvoker.call(ProtobufRpcEngine2.java:595) [hadoop-common-3.3.5.jar:?]
	at org.apache.hadoop.ipc.ProtobufRpcEngine2$Server$ProtoBufRpcInvoker.call(ProtobufRpcEngine2.java:573) [hadoop-common-3.3.5.jar:?]
	at org.apache.hadoop.ipc.RPC$Server.call(RPC.java:1213) [hadoop-common-3.3.5.jar:?]
	at org.apache.hadoop.ipc.Server$RpcCall.run(Server.java:1089) [hadoop-common-3.3.5.jar:?]
	at org.apache.hadoop.ipc.Server$RpcCall.run(Server.java:1012) [hadoop-common-3.3.5.jar:?]
	at java.security.AccessController.doPrivileged(Native Method) ~[?:1.8.0_362]
	at javax.security.auth.Subject.doAs(Subject.java:422) [?:1.8.0_362]
	at org.apache.hadoop.security.UserGroupInformation.doAs(UserGroupInformation.java:1899) [hadoop-common-3.3.5.jar:?]
	at org.apache.hadoop.ipc.Server$Handler.run(Server.java:3026) [hadoop-common-3.3.5.jar:?]
]]></system-out>
  </testcase>
  <testcase name="testDeleteBucketWithTheSamePrefix(BucketLayout)[3]" classname="org.apache.hadoop.ozone.client.rpc.TestOzoneRpcClient" time="0.024">
    <system-out><![CDATA[2023-05-04 20:14:27,340 [Listener at 127.0.0.1/35517] INFO  rpc.RpcClient (RpcClient.java:createVolume(476)) - Creating Volume: 64d1404b-6fb6-4313-b07a-5c6f1da4aa4e, with runner as owner and space quota set to -1 bytes, counts quota set to -1
2023-05-04 20:14:27,342 [OM StateMachine ApplyTransaction Thread - 0] INFO  volume.OMVolumeCreateRequest (OMVolumeCreateRequest.java:validateAndUpdateCache(195)) - created volume:64d1404b-6fb6-4313-b07a-5c6f1da4aa4e for user:runner
2023-05-04 20:14:27,343 [Listener at 127.0.0.1/35517] INFO  rpc.RpcClient (RpcClient.java:createBucket(697)) - Creating Bucket: 64d1404b-6fb6-4313-b07a-5c6f1da4aa4e/bucket1, with bucket layout FILE_SYSTEM_OPTIMIZED, runner as owner, Versioning false, Storage Type set to DISK and Encryption set to false, Replication Type set to server-side default replication type, Namespace Quota set to -1, Space Quota set to -1 
2023-05-04 20:14:27,345 [OM StateMachine ApplyTransaction Thread - 0] INFO  bucket.OMBucketCreateRequest (OMBucketCreateRequest.java:validateAndUpdateCache(270)) - created bucket: bucket1 of layout FILE_SYSTEM_OPTIMIZED in volume: 64d1404b-6fb6-4313-b07a-5c6f1da4aa4e
2023-05-04 20:14:27,349 [Listener at 127.0.0.1/35517] INFO  rpc.RpcClient (RpcClient.java:createBucket(697)) - Creating Bucket: 64d1404b-6fb6-4313-b07a-5c6f1da4aa4e/bucket11, with bucket layout FILE_SYSTEM_OPTIMIZED, runner as owner, Versioning false, Storage Type set to DISK and Encryption set to false, Replication Type set to server-side default replication type, Namespace Quota set to -1, Space Quota set to -1 
2023-05-04 20:14:27,350 [OM StateMachine ApplyTransaction Thread - 0] INFO  bucket.OMBucketCreateRequest (OMBucketCreateRequest.java:validateAndUpdateCache(270)) - created bucket: bucket11 of layout FILE_SYSTEM_OPTIMIZED in volume: 64d1404b-6fb6-4313-b07a-5c6f1da4aa4e
2023-05-04 20:14:27,358 [OM StateMachine ApplyTransaction Thread - 0] INFO  key.OMKeyRequest (OMKeyRequest.java:wrapUncommittedBlocksAsPseudoKey(831)) - Detect allocated but uncommitted blocks [{blockID={containerID=13, localID=111677748019200118}, length=4194304, offset=0, token=null, pipeline=null, createVersion=0, partNumber=0}] in key key.
20:14:27.362 [IPC Server handler 19 on default port 35517] ERROR OMAudit - user=runner | ip=127.0.0.1 | op=READ_BUCKET {volume=64d1404b-6fb6-4313-b07a-5c6f1da4aa4e, bucket=bucket1} | ret=FAILURE
org.apache.hadoop.ozone.om.exceptions.OMException: Bucket not found
	at org.apache.hadoop.ozone.om.OzoneManager.getBucketOwner(OzoneManager.java:2510) ~[ozone-manager-1.4.0-SNAPSHOT.jar:?]
	at org.apache.hadoop.ozone.om.OzoneManager.getBucketOwner(OzoneManager.java:2480) ~[ozone-manager-1.4.0-SNAPSHOT.jar:?]
	at org.apache.hadoop.ozone.om.OmMetadataReader.checkAcls(OmMetadataReader.java:436) ~[ozone-manager-1.4.0-SNAPSHOT.jar:?]
	at org.apache.hadoop.ozone.om.OzoneManager.getBucketInfo(OzoneManager.java:2771) ~[ozone-manager-1.4.0-SNAPSHOT.jar:?]
	at org.apache.hadoop.ozone.protocolPB.OzoneManagerRequestHandler.infoBucket(OzoneManagerRequestHandler.java:509) ~[ozone-manager-1.4.0-SNAPSHOT.jar:?]
	at org.apache.hadoop.ozone.protocolPB.OzoneManagerRequestHandler.handleReadRequest(OzoneManagerRequestHandler.java:188) ~[ozone-manager-1.4.0-SNAPSHOT.jar:?]
	at org.apache.hadoop.ozone.protocolPB.OzoneManagerProtocolServerSideTranslatorPB.submitReadRequestToOM(OzoneManagerProtocolServerSideTranslatorPB.java:223) ~[ozone-manager-1.4.0-SNAPSHOT.jar:?]
	at org.apache.hadoop.ozone.protocolPB.OzoneManagerProtocolServerSideTranslatorPB.processRequest(OzoneManagerProtocolServerSideTranslatorPB.java:177) ~[ozone-manager-1.4.0-SNAPSHOT.jar:?]
	at org.apache.hadoop.hdds.server.OzoneProtocolMessageDispatcher.processRequest(OzoneProtocolMessageDispatcher.java:87) [hdds-server-framework-1.4.0-SNAPSHOT.jar:?]
	at org.apache.hadoop.ozone.protocolPB.OzoneManagerProtocolServerSideTranslatorPB.submitRequest(OzoneManagerProtocolServerSideTranslatorPB.java:147) [ozone-manager-1.4.0-SNAPSHOT.jar:?]
	at org.apache.hadoop.ozone.protocol.proto.OzoneManagerProtocolProtos$OzoneManagerService$2.callBlockingMethod(OzoneManagerProtocolProtos.java) [ozone-interface-client-1.4.0-SNAPSHOT.jar:?]
	at org.apache.hadoop.ipc.ProtobufRpcEngine$Server.processCall(ProtobufRpcEngine.java:484) [hadoop-common-3.3.5.jar:?]
	at org.apache.hadoop.ipc.ProtobufRpcEngine2$Server$ProtoBufRpcInvoker.call(ProtobufRpcEngine2.java:595) [hadoop-common-3.3.5.jar:?]
	at org.apache.hadoop.ipc.ProtobufRpcEngine2$Server$ProtoBufRpcInvoker.call(ProtobufRpcEngine2.java:573) [hadoop-common-3.3.5.jar:?]
	at org.apache.hadoop.ipc.RPC$Server.call(RPC.java:1213) [hadoop-common-3.3.5.jar:?]
	at org.apache.hadoop.ipc.Server$RpcCall.run(Server.java:1089) [hadoop-common-3.3.5.jar:?]
	at org.apache.hadoop.ipc.Server$RpcCall.run(Server.java:1012) [hadoop-common-3.3.5.jar:?]
	at java.security.AccessController.doPrivileged(Native Method) ~[?:1.8.0_362]
	at javax.security.auth.Subject.doAs(Subject.java:422) [?:1.8.0_362]
	at org.apache.hadoop.security.UserGroupInformation.doAs(UserGroupInformation.java:1899) [hadoop-common-3.3.5.jar:?]
	at org.apache.hadoop.ipc.Server$Handler.run(Server.java:3026) [hadoop-common-3.3.5.jar:?]
]]></system-out>
  </testcase>
  <testcase name="testDeleteKey" classname="org.apache.hadoop.ozone.client.rpc.TestOzoneRpcClient" time="0.077">
    <system-out><![CDATA[2023-05-04 20:14:27,364 [Listener at 127.0.0.1/35517] INFO  rpc.RpcClient (RpcClient.java:createVolume(476)) - Creating Volume: 92c84675-428c-48c2-a91f-4608bc948c92, with runner as owner and space quota set to -1 bytes, counts quota set to -1
2023-05-04 20:14:27,365 [OM StateMachine ApplyTransaction Thread - 0] INFO  volume.OMVolumeCreateRequest (OMVolumeCreateRequest.java:validateAndUpdateCache(195)) - created volume:92c84675-428c-48c2-a91f-4608bc948c92 for user:runner
2023-05-04 20:14:27,367 [Listener at 127.0.0.1/35517] INFO  rpc.RpcClient (RpcClient.java:createBucket(697)) - Creating Bucket: 92c84675-428c-48c2-a91f-4608bc948c92/b65060e5-28a1-43b7-80f5-28c3010d64bc, with server-side default bucket layout, runner as owner, Versioning false, Storage Type set to DISK and Encryption set to false, Replication Type set to server-side default replication type, Namespace Quota set to -1, Space Quota set to -1 
2023-05-04 20:14:27,369 [OM StateMachine ApplyTransaction Thread - 0] INFO  bucket.OMBucketCreateRequest (OMBucketCreateRequest.java:validateAndUpdateCache(270)) - created bucket: b65060e5-28a1-43b7-80f5-28c3010d64bc of layout FILE_SYSTEM_OPTIMIZED in volume: 92c84675-428c-48c2-a91f-4608bc948c92
2023-05-04 20:14:27,432 [IPC Server handler 17 on default port 35523] WARN  node.SCMNodeManager (SCMNodeManager.java:getNodesByAddress(1372)) - Cannot find node for address 127.0.0.1
20:14:27.439 [IPC Server handler 7 on default port 35517] ERROR OMAudit - user=runner | ip=127.0.0.1 | op=READ_KEY {volume=92c84675-428c-48c2-a91f-4608bc948c92, bucket=b65060e5-28a1-43b7-80f5-28c3010d64bc, key=d6e50a78-96e0-4ee6-aef9-6aa13f0a1c0e, dataSize=0, replicationConfig=null} | ret=FAILURE
org.apache.hadoop.ozone.om.exceptions.OMException: Key:d6e50a78-96e0-4ee6-aef9-6aa13f0a1c0e not found
	at org.apache.hadoop.ozone.om.KeyManagerImpl.readKeyInfo(KeyManagerImpl.java:433) ~[ozone-manager-1.4.0-SNAPSHOT.jar:?]
	at org.apache.hadoop.ozone.om.KeyManagerImpl.lambda$9(KeyManagerImpl.java:1922) ~[ozone-manager-1.4.0-SNAPSHOT.jar:?]
	at org.apache.hadoop.util.MetricUtil.captureLatencyNs(MetricUtil.java:37) ~[hdds-common-1.4.0-SNAPSHOT.jar:?]
	at org.apache.hadoop.ozone.om.KeyManagerImpl.getKeyInfo(KeyManagerImpl.java:1920) ~[ozone-manager-1.4.0-SNAPSHOT.jar:?]
	at org.apache.hadoop.ozone.om.OmMetadataReader.getKeyInfo(OmMetadataReader.java:212) ~[ozone-manager-1.4.0-SNAPSHOT.jar:?]
	at org.apache.hadoop.ozone.om.OzoneManager.getKeyInfo(OzoneManager.java:2809) ~[ozone-manager-1.4.0-SNAPSHOT.jar:?]
	at org.apache.hadoop.ozone.protocolPB.OzoneManagerRequestHandler.getKeyInfo(OzoneManagerRequestHandler.java:549) ~[ozone-manager-1.4.0-SNAPSHOT.jar:?]
	at org.apache.hadoop.ozone.protocolPB.OzoneManagerRequestHandler.handleReadRequest(OzoneManagerRequestHandler.java:292) ~[ozone-manager-1.4.0-SNAPSHOT.jar:?]
	at org.apache.hadoop.ozone.protocolPB.OzoneManagerProtocolServerSideTranslatorPB.submitReadRequestToOM(OzoneManagerProtocolServerSideTranslatorPB.java:223) ~[ozone-manager-1.4.0-SNAPSHOT.jar:?]
	at org.apache.hadoop.ozone.protocolPB.OzoneManagerProtocolServerSideTranslatorPB.processRequest(OzoneManagerProtocolServerSideTranslatorPB.java:177) ~[ozone-manager-1.4.0-SNAPSHOT.jar:?]
	at org.apache.hadoop.hdds.server.OzoneProtocolMessageDispatcher.processRequest(OzoneProtocolMessageDispatcher.java:87) [hdds-server-framework-1.4.0-SNAPSHOT.jar:?]
	at org.apache.hadoop.ozone.protocolPB.OzoneManagerProtocolServerSideTranslatorPB.submitRequest(OzoneManagerProtocolServerSideTranslatorPB.java:147) [ozone-manager-1.4.0-SNAPSHOT.jar:?]
	at org.apache.hadoop.ozone.protocol.proto.OzoneManagerProtocolProtos$OzoneManagerService$2.callBlockingMethod(OzoneManagerProtocolProtos.java) [ozone-interface-client-1.4.0-SNAPSHOT.jar:?]
	at org.apache.hadoop.ipc.ProtobufRpcEngine$Server.processCall(ProtobufRpcEngine.java:484) [hadoop-common-3.3.5.jar:?]
	at org.apache.hadoop.ipc.ProtobufRpcEngine2$Server$ProtoBufRpcInvoker.call(ProtobufRpcEngine2.java:595) [hadoop-common-3.3.5.jar:?]
	at org.apache.hadoop.ipc.ProtobufRpcEngine2$Server$ProtoBufRpcInvoker.call(ProtobufRpcEngine2.java:573) [hadoop-common-3.3.5.jar:?]
	at org.apache.hadoop.ipc.RPC$Server.call(RPC.java:1213) [hadoop-common-3.3.5.jar:?]
	at org.apache.hadoop.ipc.Server$RpcCall.run(Server.java:1089) [hadoop-common-3.3.5.jar:?]
	at org.apache.hadoop.ipc.Server$RpcCall.run(Server.java:1012) [hadoop-common-3.3.5.jar:?]
	at java.security.AccessController.doPrivileged(Native Method) ~[?:1.8.0_362]
	at javax.security.auth.Subject.doAs(Subject.java:422) [?:1.8.0_362]
	at org.apache.hadoop.security.UserGroupInformation.doAs(UserGroupInformation.java:1899) [hadoop-common-3.3.5.jar:?]
	at org.apache.hadoop.ipc.Server$Handler.run(Server.java:3026) [hadoop-common-3.3.5.jar:?]
]]></system-out>
  </testcase>
  <testcase name="testDeleteS3Bucket" classname="org.apache.hadoop.ozone.client.rpc.TestOzoneRpcClient" time="0.01">
    <system-out><![CDATA[2023-05-04 20:14:27,442 [Listener at 127.0.0.1/35517] INFO  rpc.RpcClient (RpcClient.java:createBucket(697)) - Creating Bucket: s3v/3e993b1e-91b9-4e47-b2c5-9ee342faf6dc, with server-side default bucket layout, runner as owner, Versioning false, Storage Type set to DISK and Encryption set to false, Replication Type set to server-side default replication type, Namespace Quota set to -1, Space Quota set to -1 
2023-05-04 20:14:27,444 [OM StateMachine ApplyTransaction Thread - 0] INFO  bucket.OMBucketCreateRequest (OMBucketCreateRequest.java:validateAndUpdateCache(270)) - created bucket: 3e993b1e-91b9-4e47-b2c5-9ee342faf6dc of layout FILE_SYSTEM_OPTIMIZED in volume: s3v
20:14:27.451 [IPC Server handler 1 on default port 35517] ERROR OMAudit - user=runner | ip=127.0.0.1 | op=READ_BUCKET {volume=s3v, bucket=3e993b1e-91b9-4e47-b2c5-9ee342faf6dc} | ret=FAILURE
org.apache.hadoop.ozone.om.exceptions.OMException: Bucket not found
	at org.apache.hadoop.ozone.om.OzoneManager.getBucketOwner(OzoneManager.java:2510) ~[ozone-manager-1.4.0-SNAPSHOT.jar:?]
	at org.apache.hadoop.ozone.om.OzoneManager.getBucketOwner(OzoneManager.java:2480) ~[ozone-manager-1.4.0-SNAPSHOT.jar:?]
	at org.apache.hadoop.ozone.om.OmMetadataReader.checkAcls(OmMetadataReader.java:436) ~[ozone-manager-1.4.0-SNAPSHOT.jar:?]
	at org.apache.hadoop.ozone.om.OzoneManager.getBucketInfo(OzoneManager.java:2771) ~[ozone-manager-1.4.0-SNAPSHOT.jar:?]
	at org.apache.hadoop.ozone.protocolPB.OzoneManagerRequestHandler.infoBucket(OzoneManagerRequestHandler.java:509) ~[ozone-manager-1.4.0-SNAPSHOT.jar:?]
	at org.apache.hadoop.ozone.protocolPB.OzoneManagerRequestHandler.handleReadRequest(OzoneManagerRequestHandler.java:188) ~[ozone-manager-1.4.0-SNAPSHOT.jar:?]
	at org.apache.hadoop.ozone.protocolPB.OzoneManagerProtocolServerSideTranslatorPB.submitReadRequestToOM(OzoneManagerProtocolServerSideTranslatorPB.java:223) ~[ozone-manager-1.4.0-SNAPSHOT.jar:?]
	at org.apache.hadoop.ozone.protocolPB.OzoneManagerProtocolServerSideTranslatorPB.processRequest(OzoneManagerProtocolServerSideTranslatorPB.java:177) ~[ozone-manager-1.4.0-SNAPSHOT.jar:?]
	at org.apache.hadoop.hdds.server.OzoneProtocolMessageDispatcher.processRequest(OzoneProtocolMessageDispatcher.java:87) [hdds-server-framework-1.4.0-SNAPSHOT.jar:?]
	at org.apache.hadoop.ozone.protocolPB.OzoneManagerProtocolServerSideTranslatorPB.submitRequest(OzoneManagerProtocolServerSideTranslatorPB.java:147) [ozone-manager-1.4.0-SNAPSHOT.jar:?]
	at org.apache.hadoop.ozone.protocol.proto.OzoneManagerProtocolProtos$OzoneManagerService$2.callBlockingMethod(OzoneManagerProtocolProtos.java) [ozone-interface-client-1.4.0-SNAPSHOT.jar:?]
	at org.apache.hadoop.ipc.ProtobufRpcEngine$Server.processCall(ProtobufRpcEngine.java:484) [hadoop-common-3.3.5.jar:?]
	at org.apache.hadoop.ipc.ProtobufRpcEngine2$Server$ProtoBufRpcInvoker.call(ProtobufRpcEngine2.java:595) [hadoop-common-3.3.5.jar:?]
	at org.apache.hadoop.ipc.ProtobufRpcEngine2$Server$ProtoBufRpcInvoker.call(ProtobufRpcEngine2.java:573) [hadoop-common-3.3.5.jar:?]
	at org.apache.hadoop.ipc.RPC$Server.call(RPC.java:1213) [hadoop-common-3.3.5.jar:?]
	at org.apache.hadoop.ipc.Server$RpcCall.run(Server.java:1089) [hadoop-common-3.3.5.jar:?]
	at org.apache.hadoop.ipc.Server$RpcCall.run(Server.java:1012) [hadoop-common-3.3.5.jar:?]
	at java.security.AccessController.doPrivileged(Native Method) ~[?:1.8.0_362]
	at javax.security.auth.Subject.doAs(Subject.java:422) [?:1.8.0_362]
	at org.apache.hadoop.security.UserGroupInformation.doAs(UserGroupInformation.java:1899) [hadoop-common-3.3.5.jar:?]
	at org.apache.hadoop.ipc.Server$Handler.run(Server.java:3026) [hadoop-common-3.3.5.jar:?]
]]></system-out>
  </testcase>
  <testcase name="testDeleteS3NonExistingBucket" classname="org.apache.hadoop.ozone.client.rpc.TestOzoneRpcClient" time="0.003">
    <system-out><![CDATA[20:14:27.454 [OM StateMachine ApplyTransaction Thread - 0] ERROR OMAudit - user=runner | ip=127.0.0.1 | op=DELETE_BUCKET {volume=s3v, bucket=76f8364f-c448-465b-9ff2-5b21a2cc1497} | ret=FAILURE
org.apache.hadoop.ozone.om.exceptions.OMException: Bucket not found
	at org.apache.hadoop.ozone.om.OzoneManager.getBucketOwner(OzoneManager.java:2510) ~[ozone-manager-1.4.0-SNAPSHOT.jar:?]
	at org.apache.hadoop.ozone.om.OzoneManager.getBucketOwner(OzoneManager.java:2480) ~[ozone-manager-1.4.0-SNAPSHOT.jar:?]
	at org.apache.hadoop.ozone.om.request.OMClientRequest.checkAcls(OMClientRequest.java:217) ~[ozone-manager-1.4.0-SNAPSHOT.jar:?]
	at org.apache.hadoop.ozone.om.request.bucket.OMBucketDeleteRequest.validateAndUpdateCache(OMBucketDeleteRequest.java:112) ~[ozone-manager-1.4.0-SNAPSHOT.jar:?]
	at org.apache.hadoop.ozone.protocolPB.OzoneManagerRequestHandler.handleWriteRequest(OzoneManagerRequestHandler.java:337) ~[ozone-manager-1.4.0-SNAPSHOT.jar:?]
	at org.apache.hadoop.ozone.om.ratis.OzoneManagerStateMachine.runCommand(OzoneManagerStateMachine.java:567) ~[ozone-manager-1.4.0-SNAPSHOT.jar:?]
	at org.apache.hadoop.ozone.om.ratis.OzoneManagerStateMachine.lambda$1(OzoneManagerStateMachine.java:358) ~[ozone-manager-1.4.0-SNAPSHOT.jar:?]
	at java.util.concurrent.CompletableFuture$AsyncSupply.run(CompletableFuture.java:1604) [?:1.8.0_362]
	at java.util.concurrent.ThreadPoolExecutor.runWorker(ThreadPoolExecutor.java:1149) [?:1.8.0_362]
	at java.util.concurrent.ThreadPoolExecutor$Worker.run(ThreadPoolExecutor.java:624) [?:1.8.0_362]
	at java.lang.Thread.run(Thread.java:750) [?:1.8.0_362]
2023-05-04 20:14:27,454 [OM StateMachine ApplyTransaction Thread - 0] ERROR bucket.OMBucketDeleteRequest (OMBucketDeleteRequest.java:validateAndUpdateCache(212)) - Delete bucket failed for bucket:76f8364f-c448-465b-9ff2-5b21a2cc1497 in volume:s3v
BUCKET_NOT_FOUND org.apache.hadoop.ozone.om.exceptions.OMException: Bucket not found
	at org.apache.hadoop.ozone.om.OzoneManager.getBucketOwner(OzoneManager.java:2510)
	at org.apache.hadoop.ozone.om.OzoneManager.getBucketOwner(OzoneManager.java:2480)
	at org.apache.hadoop.ozone.om.request.OMClientRequest.checkAcls(OMClientRequest.java:217)
	at org.apache.hadoop.ozone.om.request.bucket.OMBucketDeleteRequest.validateAndUpdateCache(OMBucketDeleteRequest.java:112)
	at org.apache.hadoop.ozone.protocolPB.OzoneManagerRequestHandler.handleWriteRequest(OzoneManagerRequestHandler.java:337)
	at org.apache.hadoop.ozone.om.ratis.OzoneManagerStateMachine.runCommand(OzoneManagerStateMachine.java:567)
	at org.apache.hadoop.ozone.om.ratis.OzoneManagerStateMachine.lambda$1(OzoneManagerStateMachine.java:358)
	at java.util.concurrent.CompletableFuture$AsyncSupply.run(CompletableFuture.java:1604)
	at java.util.concurrent.ThreadPoolExecutor.runWorker(ThreadPoolExecutor.java:1149)
	at java.util.concurrent.ThreadPoolExecutor$Worker.run(ThreadPoolExecutor.java:624)
	at java.lang.Thread.run(Thread.java:750)
]]></system-out>
  </testcase>
  <testcase name="testDeleteVolume" classname="org.apache.hadoop.ozone.client.rpc.TestOzoneRpcClient" time="0.008">
    <system-out><![CDATA[2023-05-04 20:14:27,456 [Listener at 127.0.0.1/35517] INFO  rpc.RpcClient (RpcClient.java:createVolume(476)) - Creating Volume: 79494ebd-53a3-41c2-9124-b2f3cb12d294, with runner as owner and space quota set to -1 bytes, counts quota set to -1
2023-05-04 20:14:27,458 [OM StateMachine ApplyTransaction Thread - 0] INFO  volume.OMVolumeCreateRequest (OMVolumeCreateRequest.java:validateAndUpdateCache(195)) - created volume:79494ebd-53a3-41c2-9124-b2f3cb12d294 for user:runner
20:14:27.462 [IPC Server handler 17 on default port 35517] ERROR OMAudit - user=runner | ip=127.0.0.1 | op=READ_VOLUME {volume=79494ebd-53a3-41c2-9124-b2f3cb12d294} | ret=FAILURE
org.apache.hadoop.ozone.om.exceptions.OMException: Volume 79494ebd-53a3-41c2-9124-b2f3cb12d294 is not found
	at org.apache.hadoop.ozone.om.OzoneManager.getVolumeOwner(OzoneManager.java:2465) ~[ozone-manager-1.4.0-SNAPSHOT.jar:?]
	at org.apache.hadoop.ozone.om.OzoneManager.getVolumeOwner(OzoneManager.java:2438) ~[ozone-manager-1.4.0-SNAPSHOT.jar:?]
	at org.apache.hadoop.ozone.om.OmMetadataReader.checkAcls(OmMetadataReader.java:435) ~[ozone-manager-1.4.0-SNAPSHOT.jar:?]
	at org.apache.hadoop.ozone.om.OzoneManager.getVolumeInfo(OzoneManager.java:2586) ~[ozone-manager-1.4.0-SNAPSHOT.jar:?]
	at org.apache.hadoop.ozone.protocolPB.OzoneManagerRequestHandler.infoVolume(OzoneManagerRequestHandler.java:435) ~[ozone-manager-1.4.0-SNAPSHOT.jar:?]
	at org.apache.hadoop.ozone.protocolPB.OzoneManagerRequestHandler.handleReadRequest(OzoneManagerRequestHandler.java:178) ~[ozone-manager-1.4.0-SNAPSHOT.jar:?]
	at org.apache.hadoop.ozone.protocolPB.OzoneManagerProtocolServerSideTranslatorPB.submitReadRequestToOM(OzoneManagerProtocolServerSideTranslatorPB.java:223) ~[ozone-manager-1.4.0-SNAPSHOT.jar:?]
	at org.apache.hadoop.ozone.protocolPB.OzoneManagerProtocolServerSideTranslatorPB.processRequest(OzoneManagerProtocolServerSideTranslatorPB.java:177) ~[ozone-manager-1.4.0-SNAPSHOT.jar:?]
	at org.apache.hadoop.hdds.server.OzoneProtocolMessageDispatcher.processRequest(OzoneProtocolMessageDispatcher.java:87) [hdds-server-framework-1.4.0-SNAPSHOT.jar:?]
	at org.apache.hadoop.ozone.protocolPB.OzoneManagerProtocolServerSideTranslatorPB.submitRequest(OzoneManagerProtocolServerSideTranslatorPB.java:147) [ozone-manager-1.4.0-SNAPSHOT.jar:?]
	at org.apache.hadoop.ozone.protocol.proto.OzoneManagerProtocolProtos$OzoneManagerService$2.callBlockingMethod(OzoneManagerProtocolProtos.java) [ozone-interface-client-1.4.0-SNAPSHOT.jar:?]
	at org.apache.hadoop.ipc.ProtobufRpcEngine$Server.processCall(ProtobufRpcEngine.java:484) [hadoop-common-3.3.5.jar:?]
	at org.apache.hadoop.ipc.ProtobufRpcEngine2$Server$ProtoBufRpcInvoker.call(ProtobufRpcEngine2.java:595) [hadoop-common-3.3.5.jar:?]
	at org.apache.hadoop.ipc.ProtobufRpcEngine2$Server$ProtoBufRpcInvoker.call(ProtobufRpcEngine2.java:573) [hadoop-common-3.3.5.jar:?]
	at org.apache.hadoop.ipc.RPC$Server.call(RPC.java:1213) [hadoop-common-3.3.5.jar:?]
	at org.apache.hadoop.ipc.Server$RpcCall.run(Server.java:1089) [hadoop-common-3.3.5.jar:?]
	at org.apache.hadoop.ipc.Server$RpcCall.run(Server.java:1012) [hadoop-common-3.3.5.jar:?]
	at java.security.AccessController.doPrivileged(Native Method) ~[?:1.8.0_362]
	at javax.security.auth.Subject.doAs(Subject.java:422) [?:1.8.0_362]
	at org.apache.hadoop.security.UserGroupInformation.doAs(UserGroupInformation.java:1899) [hadoop-common-3.3.5.jar:?]
	at org.apache.hadoop.ipc.Server$Handler.run(Server.java:3026) [hadoop-common-3.3.5.jar:?]
]]></system-out>
  </testcase>
  <testcase name="testDeletedKeyForGDPR" classname="org.apache.hadoop.ozone.client.rpc.TestOzoneRpcClient" time="0.103">
    <system-out><![CDATA[2023-05-04 20:14:27,464 [Listener at 127.0.0.1/35517] INFO  rpc.RpcClient (RpcClient.java:createVolume(476)) - Creating Volume: c9e0e736-5796-4f6a-b844-f3de9a40761c, with runner as owner and space quota set to -1 bytes, counts quota set to -1
2023-05-04 20:14:27,465 [OM StateMachine ApplyTransaction Thread - 0] INFO  volume.OMVolumeCreateRequest (OMVolumeCreateRequest.java:validateAndUpdateCache(195)) - created volume:c9e0e736-5796-4f6a-b844-f3de9a40761c for user:runner
2023-05-04 20:14:27,466 [Listener at 127.0.0.1/35517] INFO  rpc.RpcClient (RpcClient.java:createBucket(697)) - Creating Bucket: c9e0e736-5796-4f6a-b844-f3de9a40761c/731f5ae1-4908-4166-ac5e-7a298ec99369, with server-side default bucket layout, runner as owner, Versioning false, Storage Type set to DISK and Encryption set to false, Replication Type set to server-side default replication type, Namespace Quota set to -1, Space Quota set to -1 
2023-05-04 20:14:27,468 [OM StateMachine ApplyTransaction Thread - 0] INFO  bucket.OMBucketCreateRequest (OMBucketCreateRequest.java:validateAndUpdateCache(270)) - created bucket: 731f5ae1-4908-4166-ac5e-7a298ec99369 of layout FILE_SYSTEM_OPTIMIZED in volume: c9e0e736-5796-4f6a-b844-f3de9a40761c
2023-05-04 20:14:27,532 [IPC Server handler 5 on default port 35523] WARN  node.SCMNodeManager (SCMNodeManager.java:getNodesByAddress(1372)) - Cannot find node for address 127.0.0.1
2023-05-04 20:14:27,535 [IPC Server handler 1 on default port 35523] WARN  node.SCMNodeManager (SCMNodeManager.java:getNodesByAddress(1372)) - Cannot find node for address 127.0.0.1
]]></system-out>
  </testcase>
  <testcase name="testFSOBucketUsedBytes" classname="org.apache.hadoop.ozone.client.rpc.TestOzoneRpcClient" time="0.069">
    <system-out><![CDATA[2023-05-04 20:14:27,567 [Listener at 127.0.0.1/35517] INFO  rpc.RpcClient (RpcClient.java:createVolume(476)) - Creating Volume: fa15ee84-d506-4032-a899-420cce68afd9, with runner as owner and space quota set to -1 bytes, counts quota set to -1
2023-05-04 20:14:27,569 [OM StateMachine ApplyTransaction Thread - 0] INFO  volume.OMVolumeCreateRequest (OMVolumeCreateRequest.java:validateAndUpdateCache(195)) - created volume:fa15ee84-d506-4032-a899-420cce68afd9 for user:runner
2023-05-04 20:14:27,572 [Listener at 127.0.0.1/35517] INFO  rpc.RpcClient (RpcClient.java:createBucket(697)) - Creating Bucket: fa15ee84-d506-4032-a899-420cce68afd9/3680be88-f003-4196-ab04-cd52430e3e26, with bucket layout FILE_SYSTEM_OPTIMIZED, runner as owner, Versioning false, Storage Type set to DISK and Encryption set to false, Replication Type set to server-side default replication type, Namespace Quota set to -1, Space Quota set to -1 
2023-05-04 20:14:27,574 [OM StateMachine ApplyTransaction Thread - 0] INFO  bucket.OMBucketCreateRequest (OMBucketCreateRequest.java:validateAndUpdateCache(270)) - created bucket: 3680be88-f003-4196-ab04-cd52430e3e26 of layout FILE_SYSTEM_OPTIMIZED in volume: fa15ee84-d506-4032-a899-420cce68afd9
2023-05-04 20:14:27,629 [OM StateMachine ApplyTransaction Thread - 0] INFO  key.OMKeyRequest (OMKeyRequest.java:wrapUncommittedBlocksAsPseudoKey(831)) - Detect allocated but uncommitted blocks [{blockID={containerID=26, localID=111677748019200124}, length=4194304, offset=0, token=null, pipeline=null, createVersion=0, partNumber=0}] in key d829e20b-92be-4490-b53d-2b043933c8bc.
]]></system-out>
  </testcase>
  <testcase name="testGetKeyDetails" classname="org.apache.hadoop.ozone.client.rpc.TestOzoneRpcClient" time="0.044">
    <system-out><![CDATA[2023-05-04 20:14:27,637 [Listener at 127.0.0.1/35517] INFO  rpc.RpcClient (RpcClient.java:createVolume(476)) - Creating Volume: fca2d628-438d-40b5-875d-4f37e171b52e, with runner as owner and space quota set to -1 bytes, counts quota set to -1
2023-05-04 20:14:27,639 [OM StateMachine ApplyTransaction Thread - 0] INFO  volume.OMVolumeCreateRequest (OMVolumeCreateRequest.java:validateAndUpdateCache(195)) - created volume:fca2d628-438d-40b5-875d-4f37e171b52e for user:runner
2023-05-04 20:14:27,640 [Listener at 127.0.0.1/35517] INFO  rpc.RpcClient (RpcClient.java:createBucket(697)) - Creating Bucket: fca2d628-438d-40b5-875d-4f37e171b52e/b3173147-bf51-4f91-9ef9-8dba0d012aeb, with server-side default bucket layout, runner as owner, Versioning false, Storage Type set to DISK and Encryption set to false, Replication Type set to server-side default replication type, Namespace Quota set to -1, Space Quota set to -1 
2023-05-04 20:14:27,642 [OM StateMachine ApplyTransaction Thread - 0] INFO  bucket.OMBucketCreateRequest (OMBucketCreateRequest.java:validateAndUpdateCache(270)) - created bucket: b3173147-bf51-4f91-9ef9-8dba0d012aeb of layout FILE_SYSTEM_OPTIMIZED in volume: fca2d628-438d-40b5-875d-4f37e171b52e
2023-05-04 20:14:27,667 [IPC Server handler 10 on default port 35523] WARN  node.SCMNodeManager (SCMNodeManager.java:getNodesByAddress(1372)) - Cannot find node for address 127.0.0.1
]]></system-out>
  </testcase>
  <testcase name="testHeadObject" classname="org.apache.hadoop.ozone.client.rpc.TestOzoneRpcClient" time="0.039">
    <system-out><![CDATA[2023-05-04 20:14:27,682 [Listener at 127.0.0.1/35517] INFO  rpc.RpcClient (RpcClient.java:createVolume(476)) - Creating Volume: 0fc28c37-361c-49da-b034-3e9a31076ec8, with runner as owner and space quota set to -1 bytes, counts quota set to -1
2023-05-04 20:14:27,684 [OM StateMachine ApplyTransaction Thread - 0] INFO  volume.OMVolumeCreateRequest (OMVolumeCreateRequest.java:validateAndUpdateCache(195)) - created volume:0fc28c37-361c-49da-b034-3e9a31076ec8 for user:runner
2023-05-04 20:14:27,686 [Listener at 127.0.0.1/35517] INFO  rpc.RpcClient (RpcClient.java:createBucket(697)) - Creating Bucket: 0fc28c37-361c-49da-b034-3e9a31076ec8/d529b280-8b81-4651-927e-ee115dec563a, with server-side default bucket layout, runner as owner, Versioning false, Storage Type set to DISK and Encryption set to false, Replication Type set to server-side default replication type, Namespace Quota set to -1, Space Quota set to -1 
2023-05-04 20:14:27,688 [OM StateMachine ApplyTransaction Thread - 0] INFO  bucket.OMBucketCreateRequest (OMBucketCreateRequest.java:validateAndUpdateCache(270)) - created bucket: d529b280-8b81-4651-927e-ee115dec563a of layout FILE_SYSTEM_OPTIMIZED in volume: 0fc28c37-361c-49da-b034-3e9a31076ec8
20:14:27.719 [IPC Server handler 5 on default port 35517] ERROR OMAudit - user=runner | ip=127.0.0.1 | op=READ_KEY {volume=0fc28c37-361c-49da-b034-3e9a31076ec8, bucket=d529b280-8b81-4651-927e-ee115dec563a, key=da88710f-446f-4826-9c4e-fe37e002cc1e, dataSize=0, replicationConfig=null} | ret=FAILURE
org.apache.hadoop.ozone.om.exceptions.OMException: Key:da88710f-446f-4826-9c4e-fe37e002cc1e not found
	at org.apache.hadoop.ozone.om.KeyManagerImpl.readKeyInfo(KeyManagerImpl.java:433) ~[ozone-manager-1.4.0-SNAPSHOT.jar:?]
	at org.apache.hadoop.ozone.om.KeyManagerImpl.lambda$9(KeyManagerImpl.java:1922) ~[ozone-manager-1.4.0-SNAPSHOT.jar:?]
	at org.apache.hadoop.util.MetricUtil.captureLatencyNs(MetricUtil.java:37) ~[hdds-common-1.4.0-SNAPSHOT.jar:?]
	at org.apache.hadoop.ozone.om.KeyManagerImpl.getKeyInfo(KeyManagerImpl.java:1920) ~[ozone-manager-1.4.0-SNAPSHOT.jar:?]
	at org.apache.hadoop.ozone.om.OmMetadataReader.getKeyInfo(OmMetadataReader.java:212) ~[ozone-manager-1.4.0-SNAPSHOT.jar:?]
	at org.apache.hadoop.ozone.om.OzoneManager.getKeyInfo(OzoneManager.java:2809) ~[ozone-manager-1.4.0-SNAPSHOT.jar:?]
	at org.apache.hadoop.ozone.protocolPB.OzoneManagerRequestHandler.getKeyInfo(OzoneManagerRequestHandler.java:549) ~[ozone-manager-1.4.0-SNAPSHOT.jar:?]
	at org.apache.hadoop.ozone.protocolPB.OzoneManagerRequestHandler.handleReadRequest(OzoneManagerRequestHandler.java:292) ~[ozone-manager-1.4.0-SNAPSHOT.jar:?]
	at org.apache.hadoop.ozone.protocolPB.OzoneManagerProtocolServerSideTranslatorPB.submitReadRequestToOM(OzoneManagerProtocolServerSideTranslatorPB.java:223) ~[ozone-manager-1.4.0-SNAPSHOT.jar:?]
	at org.apache.hadoop.ozone.protocolPB.OzoneManagerProtocolServerSideTranslatorPB.processRequest(OzoneManagerProtocolServerSideTranslatorPB.java:177) ~[ozone-manager-1.4.0-SNAPSHOT.jar:?]
	at org.apache.hadoop.hdds.server.OzoneProtocolMessageDispatcher.processRequest(OzoneProtocolMessageDispatcher.java:87) [hdds-server-framework-1.4.0-SNAPSHOT.jar:?]
	at org.apache.hadoop.ozone.protocolPB.OzoneManagerProtocolServerSideTranslatorPB.submitRequest(OzoneManagerProtocolServerSideTranslatorPB.java:147) [ozone-manager-1.4.0-SNAPSHOT.jar:?]
	at org.apache.hadoop.ozone.protocol.proto.OzoneManagerProtocolProtos$OzoneManagerService$2.callBlockingMethod(OzoneManagerProtocolProtos.java) [ozone-interface-client-1.4.0-SNAPSHOT.jar:?]
	at org.apache.hadoop.ipc.ProtobufRpcEngine$Server.processCall(ProtobufRpcEngine.java:484) [hadoop-common-3.3.5.jar:?]
	at org.apache.hadoop.ipc.ProtobufRpcEngine2$Server$ProtoBufRpcInvoker.call(ProtobufRpcEngine2.java:595) [hadoop-common-3.3.5.jar:?]
	at org.apache.hadoop.ipc.ProtobufRpcEngine2$Server$ProtoBufRpcInvoker.call(ProtobufRpcEngine2.java:573) [hadoop-common-3.3.5.jar:?]
	at org.apache.hadoop.ipc.RPC$Server.call(RPC.java:1213) [hadoop-common-3.3.5.jar:?]
	at org.apache.hadoop.ipc.Server$RpcCall.run(Server.java:1089) [hadoop-common-3.3.5.jar:?]
	at org.apache.hadoop.ipc.Server$RpcCall.run(Server.java:1012) [hadoop-common-3.3.5.jar:?]
	at java.security.AccessController.doPrivileged(Native Method) ~[?:1.8.0_362]
	at javax.security.auth.Subject.doAs(Subject.java:422) [?:1.8.0_362]
	at org.apache.hadoop.security.UserGroupInformation.doAs(UserGroupInformation.java:1899) [hadoop-common-3.3.5.jar:?]
	at org.apache.hadoop.ipc.Server$Handler.run(Server.java:3026) [hadoop-common-3.3.5.jar:?]
]]></system-out>
  </testcase>
  <testcase name="testInitiateMultipartUpload(ReplicationConfig)[1]" classname="org.apache.hadoop.ozone.client.rpc.TestOzoneRpcClient" time="0.011">
    <system-out><![CDATA[2023-05-04 20:14:27,722 [Listener at 127.0.0.1/35517] INFO  rpc.RpcClient (RpcClient.java:createVolume(476)) - Creating Volume: 8431bb8d-0aa1-4acf-8612-7ff54333db8c, with runner as owner and space quota set to -1 bytes, counts quota set to -1
2023-05-04 20:14:27,724 [OM StateMachine ApplyTransaction Thread - 0] INFO  volume.OMVolumeCreateRequest (OMVolumeCreateRequest.java:validateAndUpdateCache(195)) - created volume:8431bb8d-0aa1-4acf-8612-7ff54333db8c for user:runner
2023-05-04 20:14:27,726 [Listener at 127.0.0.1/35517] INFO  rpc.RpcClient (RpcClient.java:createBucket(697)) - Creating Bucket: 8431bb8d-0aa1-4acf-8612-7ff54333db8c/414e9967-46ff-45e7-8ec9-876b77eed278, with server-side default bucket layout, runner as owner, Versioning false, Storage Type set to DISK and Encryption set to false, Replication Type set to server-side default replication type, Namespace Quota set to -1, Space Quota set to -1 
2023-05-04 20:14:27,727 [OM StateMachine ApplyTransaction Thread - 0] INFO  bucket.OMBucketCreateRequest (OMBucketCreateRequest.java:validateAndUpdateCache(270)) - created bucket: 414e9967-46ff-45e7-8ec9-876b77eed278 of layout FILE_SYSTEM_OPTIMIZED in volume: 8431bb8d-0aa1-4acf-8612-7ff54333db8c
]]></system-out>
  </testcase>
  <testcase name="testInitiateMultipartUpload(ReplicationConfig)[2]" classname="org.apache.hadoop.ozone.client.rpc.TestOzoneRpcClient" time="0.01">
    <system-out><![CDATA[2023-05-04 20:14:27,734 [Listener at 127.0.0.1/35517] INFO  rpc.RpcClient (RpcClient.java:createVolume(476)) - Creating Volume: adfc3292-b319-4a7c-9766-ea9c19cc3f43, with runner as owner and space quota set to -1 bytes, counts quota set to -1
2023-05-04 20:14:27,736 [OM StateMachine ApplyTransaction Thread - 0] INFO  volume.OMVolumeCreateRequest (OMVolumeCreateRequest.java:validateAndUpdateCache(195)) - created volume:adfc3292-b319-4a7c-9766-ea9c19cc3f43 for user:runner
2023-05-04 20:14:27,737 [Listener at 127.0.0.1/35517] INFO  rpc.RpcClient (RpcClient.java:createBucket(697)) - Creating Bucket: adfc3292-b319-4a7c-9766-ea9c19cc3f43/e4b1cbf4-fa55-4a57-b8a3-20700c1b95f1, with server-side default bucket layout, runner as owner, Versioning false, Storage Type set to DISK and Encryption set to false, Replication Type set to server-side default replication type, Namespace Quota set to -1, Space Quota set to -1 
2023-05-04 20:14:27,739 [OM StateMachine ApplyTransaction Thread - 0] INFO  bucket.OMBucketCreateRequest (OMBucketCreateRequest.java:validateAndUpdateCache(270)) - created bucket: e4b1cbf4-fa55-4a57-b8a3-20700c1b95f1 of layout FILE_SYSTEM_OPTIMIZED in volume: adfc3292-b319-4a7c-9766-ea9c19cc3f43
]]></system-out>
  </testcase>
  <testcase name="testInitiateMultipartUpload(ReplicationConfig)[3]" classname="org.apache.hadoop.ozone.client.rpc.TestOzoneRpcClient" time="0.011">
    <system-out><![CDATA[2023-05-04 20:14:27,746 [Listener at 127.0.0.1/35517] INFO  rpc.RpcClient (RpcClient.java:createVolume(476)) - Creating Volume: 1a85f6e6-295f-4843-a80b-c6f9bda7ecd4, with runner as owner and space quota set to -1 bytes, counts quota set to -1
2023-05-04 20:14:27,747 [OM StateMachine ApplyTransaction Thread - 0] INFO  volume.OMVolumeCreateRequest (OMVolumeCreateRequest.java:validateAndUpdateCache(195)) - created volume:1a85f6e6-295f-4843-a80b-c6f9bda7ecd4 for user:runner
2023-05-04 20:14:27,748 [Listener at 127.0.0.1/35517] INFO  rpc.RpcClient (RpcClient.java:createBucket(697)) - Creating Bucket: 1a85f6e6-295f-4843-a80b-c6f9bda7ecd4/448cce76-9333-4ac0-9d00-8198c516ba6e, with server-side default bucket layout, runner as owner, Versioning false, Storage Type set to DISK and Encryption set to false, Replication Type set to server-side default replication type, Namespace Quota set to -1, Space Quota set to -1 
2023-05-04 20:14:27,750 [OM StateMachine ApplyTransaction Thread - 0] INFO  bucket.OMBucketCreateRequest (OMBucketCreateRequest.java:validateAndUpdateCache(270)) - created bucket: 448cce76-9333-4ac0-9d00-8198c516ba6e of layout FILE_SYSTEM_OPTIMIZED in volume: 1a85f6e6-295f-4843-a80b-c6f9bda7ecd4
]]></system-out>
  </testcase>
  <testcase name="testInitiateMultipartUploadWithDefaultReplication" classname="org.apache.hadoop.ozone.client.rpc.TestOzoneRpcClient" time="0.01">
    <system-out><![CDATA[2023-05-04 20:14:27,756 [Listener at 127.0.0.1/35517] INFO  rpc.RpcClient (RpcClient.java:createVolume(476)) - Creating Volume: 9944ed11-fbf6-4a74-9af4-515a071fadcc, with runner as owner and space quota set to -1 bytes, counts quota set to -1
2023-05-04 20:14:27,758 [OM StateMachine ApplyTransaction Thread - 0] INFO  volume.OMVolumeCreateRequest (OMVolumeCreateRequest.java:validateAndUpdateCache(195)) - created volume:9944ed11-fbf6-4a74-9af4-515a071fadcc for user:runner
2023-05-04 20:14:27,759 [Listener at 127.0.0.1/35517] INFO  rpc.RpcClient (RpcClient.java:createBucket(697)) - Creating Bucket: 9944ed11-fbf6-4a74-9af4-515a071fadcc/db9cb972-d2f2-4b64-9121-c02494bb5ff4, with server-side default bucket layout, runner as owner, Versioning false, Storage Type set to DISK and Encryption set to false, Replication Type set to server-side default replication type, Namespace Quota set to -1, Space Quota set to -1 
2023-05-04 20:14:27,761 [OM StateMachine ApplyTransaction Thread - 0] INFO  bucket.OMBucketCreateRequest (OMBucketCreateRequest.java:validateAndUpdateCache(270)) - created bucket: db9cb972-d2f2-4b64-9121-c02494bb5ff4 of layout FILE_SYSTEM_OPTIMIZED in volume: 9944ed11-fbf6-4a74-9af4-515a071fadcc
]]></system-out>
  </testcase>
  <testcase name="testInvalidBucketCreation" classname="org.apache.hadoop.ozone.client.rpc.TestOzoneRpcClient" time="0.007">
    <system-out><![CDATA[2023-05-04 20:14:27,767 [Listener at 127.0.0.1/35517] INFO  rpc.RpcClient (RpcClient.java:createVolume(476)) - Creating Volume: 6a51188e-1fa2-414a-acb0-20ac60184b49, with runner as owner and space quota set to -1 bytes, counts quota set to -1
2023-05-04 20:14:27,768 [OM StateMachine ApplyTransaction Thread - 0] INFO  volume.OMVolumeCreateRequest (OMVolumeCreateRequest.java:validateAndUpdateCache(195)) - created volume:6a51188e-1fa2-414a-acb0-20ac60184b49 for user:runner
2023-05-04 20:14:27,772 [Listener at 127.0.0.1/35517] INFO  rpc.RpcClient (RpcClient.java:createBucket(697)) - Creating Bucket: 6a51188e-1fa2-414a-acb0-20ac60184b49/invalid#bucket, with server-side default bucket layout, runner as owner, Versioning false, Storage Type set to DISK and Encryption set to false, Replication Type set to server-side default replication type, Namespace Quota set to -1, Space Quota set to -1 
]]></system-out>
  </testcase>
  <testcase name="testKeyReadWriteForGDPR" classname="org.apache.hadoop.ozone.client.rpc.TestOzoneRpcClient" time="0.06">
    <system-out><![CDATA[2023-05-04 20:14:27,775 [Listener at 127.0.0.1/35517] INFO  rpc.RpcClient (RpcClient.java:createVolume(476)) - Creating Volume: 4858970f-3997-4cd3-8789-2215ac4b891b, with runner as owner and space quota set to -1 bytes, counts quota set to -1
2023-05-04 20:14:27,776 [OM StateMachine ApplyTransaction Thread - 0] INFO  volume.OMVolumeCreateRequest (OMVolumeCreateRequest.java:validateAndUpdateCache(195)) - created volume:4858970f-3997-4cd3-8789-2215ac4b891b for user:runner
2023-05-04 20:14:27,778 [Listener at 127.0.0.1/35517] INFO  rpc.RpcClient (RpcClient.java:createBucket(697)) - Creating Bucket: 4858970f-3997-4cd3-8789-2215ac4b891b/c14756f2-232b-4ddf-aec8-356953ff07cf, with bucket layout OBJECT_STORE, runner as owner, Versioning false, Storage Type set to DISK and Encryption set to false, Replication Type set to server-side default replication type, Namespace Quota set to -1, Space Quota set to -1 
2023-05-04 20:14:27,779 [OM StateMachine ApplyTransaction Thread - 0] INFO  bucket.OMBucketCreateRequest (OMBucketCreateRequest.java:validateAndUpdateCache(270)) - created bucket: c14756f2-232b-4ddf-aec8-356953ff07cf of layout OBJECT_STORE in volume: 4858970f-3997-4cd3-8789-2215ac4b891b
2023-05-04 20:14:27,805 [IPC Server handler 12 on default port 35523] WARN  node.SCMNodeManager (SCMNodeManager.java:getNodesByAddress(1372)) - Cannot find node for address 127.0.0.1
2023-05-04 20:14:27,808 [IPC Server handler 3 on default port 35523] WARN  node.SCMNodeManager (SCMNodeManager.java:getNodesByAddress(1372)) - Cannot find node for address 127.0.0.1
2023-05-04 20:14:27,826 [IPC Server handler 2 on default port 35523] WARN  node.SCMNodeManager (SCMNodeManager.java:getNodesByAddress(1372)) - Cannot find node for address 127.0.0.1
2023-05-04 20:14:27,828 [IPC Server handler 6 on default port 35523] WARN  node.SCMNodeManager (SCMNodeManager.java:getNodesByAddress(1372)) - Cannot find node for address 127.0.0.1
]]></system-out>
  </testcase>
  <testcase name="testKeysRename" classname="org.apache.hadoop.ozone.client.rpc.TestOzoneRpcClient" time="0.067">
    <system-out><![CDATA[2023-05-04 20:14:27,835 [Listener at 127.0.0.1/35517] INFO  rpc.RpcClient (RpcClient.java:createVolume(476)) - Creating Volume: 42636df8-b6b2-4aa6-9d5e-9d57495f46c9, with runner as owner and space quota set to -1 bytes, counts quota set to -1
2023-05-04 20:14:27,837 [OM StateMachine ApplyTransaction Thread - 0] INFO  volume.OMVolumeCreateRequest (OMVolumeCreateRequest.java:validateAndUpdateCache(195)) - created volume:42636df8-b6b2-4aa6-9d5e-9d57495f46c9 for user:runner
2023-05-04 20:14:27,840 [Listener at 127.0.0.1/35517] INFO  rpc.RpcClient (RpcClient.java:createBucket(697)) - Creating Bucket: 42636df8-b6b2-4aa6-9d5e-9d57495f46c9/62d024f9-08f7-49eb-bfd4-30958d9613e3, with bucket layout OBJECT_STORE, runner as owner, Versioning false, Storage Type set to DISK and Encryption set to false, Replication Type set to server-side default replication type, Namespace Quota set to -1, Space Quota set to -1 
2023-05-04 20:14:27,841 [OM StateMachine ApplyTransaction Thread - 0] INFO  bucket.OMBucketCreateRequest (OMBucketCreateRequest.java:validateAndUpdateCache(270)) - created bucket: 62d024f9-08f7-49eb-bfd4-30958d9613e3 of layout OBJECT_STORE in volume: 42636df8-b6b2-4aa6-9d5e-9d57495f46c9
2023-05-04 20:14:27,858 [IPC Server handler 4 on default port 35523] WARN  node.SCMNodeManager (SCMNodeManager.java:getNodesByAddress(1372)) - Cannot find node for address 127.0.0.1
2023-05-04 20:14:27,871 [IPC Server handler 16 on default port 35523] WARN  node.SCMNodeManager (SCMNodeManager.java:getNodesByAddress(1372)) - Cannot find node for address 127.0.0.1
2023-05-04 20:14:27,891 [IPC Server handler 7 on default port 35523] WARN  node.SCMNodeManager (SCMNodeManager.java:getNodesByAddress(1372)) - Cannot find node for address 127.0.0.1
2023-05-04 20:14:27,893 [IPC Server handler 17 on default port 35523] WARN  node.SCMNodeManager (SCMNodeManager.java:getNodesByAddress(1372)) - Cannot find node for address 127.0.0.1
20:14:27.895 [IPC Server handler 1 on default port 35517] ERROR OMAudit - user=runner | ip=127.0.0.1 | op=READ_KEY {volume=42636df8-b6b2-4aa6-9d5e-9d57495f46c9, bucket=62d024f9-08f7-49eb-bfd4-30958d9613e3, key=dir/file1, dataSize=0, replicationConfig=null} | ret=FAILURE
org.apache.hadoop.ozone.om.exceptions.OMException: Key:dir/file1 not found
	at org.apache.hadoop.ozone.om.KeyManagerImpl.readKeyInfo(KeyManagerImpl.java:433) ~[ozone-manager-1.4.0-SNAPSHOT.jar:?]
	at org.apache.hadoop.ozone.om.KeyManagerImpl.lambda$9(KeyManagerImpl.java:1922) ~[ozone-manager-1.4.0-SNAPSHOT.jar:?]
	at org.apache.hadoop.util.MetricUtil.captureLatencyNs(MetricUtil.java:37) ~[hdds-common-1.4.0-SNAPSHOT.jar:?]
	at org.apache.hadoop.ozone.om.KeyManagerImpl.getKeyInfo(KeyManagerImpl.java:1920) ~[ozone-manager-1.4.0-SNAPSHOT.jar:?]
	at org.apache.hadoop.ozone.om.OmMetadataReader.getKeyInfo(OmMetadataReader.java:212) ~[ozone-manager-1.4.0-SNAPSHOT.jar:?]
	at org.apache.hadoop.ozone.om.OzoneManager.getKeyInfo(OzoneManager.java:2809) ~[ozone-manager-1.4.0-SNAPSHOT.jar:?]
	at org.apache.hadoop.ozone.protocolPB.OzoneManagerRequestHandler.getKeyInfo(OzoneManagerRequestHandler.java:549) ~[ozone-manager-1.4.0-SNAPSHOT.jar:?]
	at org.apache.hadoop.ozone.protocolPB.OzoneManagerRequestHandler.handleReadRequest(OzoneManagerRequestHandler.java:292) ~[ozone-manager-1.4.0-SNAPSHOT.jar:?]
	at org.apache.hadoop.ozone.protocolPB.OzoneManagerProtocolServerSideTranslatorPB.submitReadRequestToOM(OzoneManagerProtocolServerSideTranslatorPB.java:223) ~[ozone-manager-1.4.0-SNAPSHOT.jar:?]
	at org.apache.hadoop.ozone.protocolPB.OzoneManagerProtocolServerSideTranslatorPB.processRequest(OzoneManagerProtocolServerSideTranslatorPB.java:177) ~[ozone-manager-1.4.0-SNAPSHOT.jar:?]
	at org.apache.hadoop.hdds.server.OzoneProtocolMessageDispatcher.processRequest(OzoneProtocolMessageDispatcher.java:87) [hdds-server-framework-1.4.0-SNAPSHOT.jar:?]
	at org.apache.hadoop.ozone.protocolPB.OzoneManagerProtocolServerSideTranslatorPB.submitRequest(OzoneManagerProtocolServerSideTranslatorPB.java:147) [ozone-manager-1.4.0-SNAPSHOT.jar:?]
	at org.apache.hadoop.ozone.protocol.proto.OzoneManagerProtocolProtos$OzoneManagerService$2.callBlockingMethod(OzoneManagerProtocolProtos.java) [ozone-interface-client-1.4.0-SNAPSHOT.jar:?]
	at org.apache.hadoop.ipc.ProtobufRpcEngine$Server.processCall(ProtobufRpcEngine.java:484) [hadoop-common-3.3.5.jar:?]
	at org.apache.hadoop.ipc.ProtobufRpcEngine2$Server$ProtoBufRpcInvoker.call(ProtobufRpcEngine2.java:595) [hadoop-common-3.3.5.jar:?]
	at org.apache.hadoop.ipc.ProtobufRpcEngine2$Server$ProtoBufRpcInvoker.call(ProtobufRpcEngine2.java:573) [hadoop-common-3.3.5.jar:?]
	at org.apache.hadoop.ipc.RPC$Server.call(RPC.java:1213) [hadoop-common-3.3.5.jar:?]
	at org.apache.hadoop.ipc.Server$RpcCall.run(Server.java:1089) [hadoop-common-3.3.5.jar:?]
	at org.apache.hadoop.ipc.Server$RpcCall.run(Server.java:1012) [hadoop-common-3.3.5.jar:?]
	at java.security.AccessController.doPrivileged(Native Method) ~[?:1.8.0_362]
	at javax.security.auth.Subject.doAs(Subject.java:422) [?:1.8.0_362]
	at org.apache.hadoop.security.UserGroupInformation.doAs(UserGroupInformation.java:1899) [hadoop-common-3.3.5.jar:?]
	at org.apache.hadoop.ipc.Server$Handler.run(Server.java:3026) [hadoop-common-3.3.5.jar:?]
20:14:27.900 [IPC Server handler 14 on default port 35517] ERROR OMAudit - user=runner | ip=127.0.0.1 | op=READ_KEY {volume=42636df8-b6b2-4aa6-9d5e-9d57495f46c9, bucket=62d024f9-08f7-49eb-bfd4-30958d9613e3, key=dir/file2, dataSize=0, replicationConfig=null} | ret=FAILURE
org.apache.hadoop.ozone.om.exceptions.OMException: Key:dir/file2 not found
	at org.apache.hadoop.ozone.om.KeyManagerImpl.readKeyInfo(KeyManagerImpl.java:433) ~[ozone-manager-1.4.0-SNAPSHOT.jar:?]
	at org.apache.hadoop.ozone.om.KeyManagerImpl.lambda$9(KeyManagerImpl.java:1922) ~[ozone-manager-1.4.0-SNAPSHOT.jar:?]
	at org.apache.hadoop.util.MetricUtil.captureLatencyNs(MetricUtil.java:37) ~[hdds-common-1.4.0-SNAPSHOT.jar:?]
	at org.apache.hadoop.ozone.om.KeyManagerImpl.getKeyInfo(KeyManagerImpl.java:1920) ~[ozone-manager-1.4.0-SNAPSHOT.jar:?]
	at org.apache.hadoop.ozone.om.OmMetadataReader.getKeyInfo(OmMetadataReader.java:212) ~[ozone-manager-1.4.0-SNAPSHOT.jar:?]
	at org.apache.hadoop.ozone.om.OzoneManager.getKeyInfo(OzoneManager.java:2809) ~[ozone-manager-1.4.0-SNAPSHOT.jar:?]
	at org.apache.hadoop.ozone.protocolPB.OzoneManagerRequestHandler.getKeyInfo(OzoneManagerRequestHandler.java:549) ~[ozone-manager-1.4.0-SNAPSHOT.jar:?]
	at org.apache.hadoop.ozone.protocolPB.OzoneManagerRequestHandler.handleReadRequest(OzoneManagerRequestHandler.java:292) ~[ozone-manager-1.4.0-SNAPSHOT.jar:?]
	at org.apache.hadoop.ozone.protocolPB.OzoneManagerProtocolServerSideTranslatorPB.submitReadRequestToOM(OzoneManagerProtocolServerSideTranslatorPB.java:223) ~[ozone-manager-1.4.0-SNAPSHOT.jar:?]
	at org.apache.hadoop.ozone.protocolPB.OzoneManagerProtocolServerSideTranslatorPB.processRequest(OzoneManagerProtocolServerSideTranslatorPB.java:177) ~[ozone-manager-1.4.0-SNAPSHOT.jar:?]
	at org.apache.hadoop.hdds.server.OzoneProtocolMessageDispatcher.processRequest(OzoneProtocolMessageDispatcher.java:87) [hdds-server-framework-1.4.0-SNAPSHOT.jar:?]
	at org.apache.hadoop.ozone.protocolPB.OzoneManagerProtocolServerSideTranslatorPB.submitRequest(OzoneManagerProtocolServerSideTranslatorPB.java:147) [ozone-manager-1.4.0-SNAPSHOT.jar:?]
	at org.apache.hadoop.ozone.protocol.proto.OzoneManagerProtocolProtos$OzoneManagerService$2.callBlockingMethod(OzoneManagerProtocolProtos.java) [ozone-interface-client-1.4.0-SNAPSHOT.jar:?]
	at org.apache.hadoop.ipc.ProtobufRpcEngine$Server.processCall(ProtobufRpcEngine.java:484) [hadoop-common-3.3.5.jar:?]
	at org.apache.hadoop.ipc.ProtobufRpcEngine2$Server$ProtoBufRpcInvoker.call(ProtobufRpcEngine2.java:595) [hadoop-common-3.3.5.jar:?]
	at org.apache.hadoop.ipc.ProtobufRpcEngine2$Server$ProtoBufRpcInvoker.call(ProtobufRpcEngine2.java:573) [hadoop-common-3.3.5.jar:?]
	at org.apache.hadoop.ipc.RPC$Server.call(RPC.java:1213) [hadoop-common-3.3.5.jar:?]
	at org.apache.hadoop.ipc.Server$RpcCall.run(Server.java:1089) [hadoop-common-3.3.5.jar:?]
	at org.apache.hadoop.ipc.Server$RpcCall.run(Server.java:1012) [hadoop-common-3.3.5.jar:?]
	at java.security.AccessController.doPrivileged(Native Method) ~[?:1.8.0_362]
	at javax.security.auth.Subject.doAs(Subject.java:422) [?:1.8.0_362]
	at org.apache.hadoop.security.UserGroupInformation.doAs(UserGroupInformation.java:1899) [hadoop-common-3.3.5.jar:?]
	at org.apache.hadoop.ipc.Server$Handler.run(Server.java:3026) [hadoop-common-3.3.5.jar:?]
]]></system-out>
  </testcase>
  <testcase name="testKeysRenameFail" classname="org.apache.hadoop.ozone.client.rpc.TestOzoneRpcClient" time="0.045">
    <system-out><![CDATA[2023-05-04 20:14:27,902 [Listener at 127.0.0.1/35517] INFO  rpc.RpcClient (RpcClient.java:createVolume(476)) - Creating Volume: 5b8ab26a-9bde-417e-8fbc-afe419c0939e, with runner as owner and space quota set to -1 bytes, counts quota set to -1
2023-05-04 20:14:27,905 [OM StateMachine ApplyTransaction Thread - 0] INFO  volume.OMVolumeCreateRequest (OMVolumeCreateRequest.java:validateAndUpdateCache(195)) - created volume:5b8ab26a-9bde-417e-8fbc-afe419c0939e for user:runner
2023-05-04 20:14:27,908 [Listener at 127.0.0.1/35517] INFO  rpc.RpcClient (RpcClient.java:createBucket(697)) - Creating Bucket: 5b8ab26a-9bde-417e-8fbc-afe419c0939e/3ab69661-70a4-4ac0-a1c3-bf58769175a3, with bucket layout OBJECT_STORE, runner as owner, Versioning false, Storage Type set to DISK and Encryption set to false, Replication Type set to server-side default replication type, Namespace Quota set to -1, Space Quota set to -1 
2023-05-04 20:14:27,910 [OM StateMachine ApplyTransaction Thread - 0] INFO  bucket.OMBucketCreateRequest (OMBucketCreateRequest.java:validateAndUpdateCache(270)) - created bucket: 3ab69661-70a4-4ac0-a1c3-bf58769175a3 of layout OBJECT_STORE in volume: 5b8ab26a-9bde-417e-8fbc-afe419c0939e
2023-05-04 20:14:27,939 [IPC Server handler 5 on default port 35523] WARN  node.SCMNodeManager (SCMNodeManager.java:getNodesByAddress(1372)) - Cannot find node for address 127.0.0.1
2023-05-04 20:14:27,941 [OM StateMachine ApplyTransaction Thread - 0] ERROR key.OMKeysRenameRequest (OMKeysRenameRequest.java:validateAndUpdateCache(190)) - Received a request to rename a Key does not exist /5b8ab26a-9bde-417e-8fbc-afe419c0939e/3ab69661-70a4-4ac0-a1c3-bf58769175a3/dir/file2
2023-05-04 20:14:27,943 [IPC Server handler 1 on default port 35523] WARN  node.SCMNodeManager (SCMNodeManager.java:getNodesByAddress(1372)) - Cannot find node for address 127.0.0.1
20:14:27.945 [IPC Server handler 10 on default port 35517] ERROR OMAudit - user=runner | ip=127.0.0.1 | op=READ_KEY {volume=5b8ab26a-9bde-417e-8fbc-afe419c0939e, bucket=3ab69661-70a4-4ac0-a1c3-bf58769175a3, key=dir/file2, dataSize=0, replicationConfig=null} | ret=FAILURE
org.apache.hadoop.ozone.om.exceptions.OMException: Key:dir/file2 not found
	at org.apache.hadoop.ozone.om.KeyManagerImpl.readKeyInfo(KeyManagerImpl.java:433) ~[ozone-manager-1.4.0-SNAPSHOT.jar:?]
	at org.apache.hadoop.ozone.om.KeyManagerImpl.lambda$9(KeyManagerImpl.java:1922) ~[ozone-manager-1.4.0-SNAPSHOT.jar:?]
	at org.apache.hadoop.util.MetricUtil.captureLatencyNs(MetricUtil.java:37) ~[hdds-common-1.4.0-SNAPSHOT.jar:?]
	at org.apache.hadoop.ozone.om.KeyManagerImpl.getKeyInfo(KeyManagerImpl.java:1920) ~[ozone-manager-1.4.0-SNAPSHOT.jar:?]
	at org.apache.hadoop.ozone.om.OmMetadataReader.getKeyInfo(OmMetadataReader.java:212) ~[ozone-manager-1.4.0-SNAPSHOT.jar:?]
	at org.apache.hadoop.ozone.om.OzoneManager.getKeyInfo(OzoneManager.java:2809) ~[ozone-manager-1.4.0-SNAPSHOT.jar:?]
	at org.apache.hadoop.ozone.protocolPB.OzoneManagerRequestHandler.getKeyInfo(OzoneManagerRequestHandler.java:549) ~[ozone-manager-1.4.0-SNAPSHOT.jar:?]
	at org.apache.hadoop.ozone.protocolPB.OzoneManagerRequestHandler.handleReadRequest(OzoneManagerRequestHandler.java:292) ~[ozone-manager-1.4.0-SNAPSHOT.jar:?]
	at org.apache.hadoop.ozone.protocolPB.OzoneManagerProtocolServerSideTranslatorPB.submitReadRequestToOM(OzoneManagerProtocolServerSideTranslatorPB.java:223) ~[ozone-manager-1.4.0-SNAPSHOT.jar:?]
	at org.apache.hadoop.ozone.protocolPB.OzoneManagerProtocolServerSideTranslatorPB.processRequest(OzoneManagerProtocolServerSideTranslatorPB.java:177) ~[ozone-manager-1.4.0-SNAPSHOT.jar:?]
	at org.apache.hadoop.hdds.server.OzoneProtocolMessageDispatcher.processRequest(OzoneProtocolMessageDispatcher.java:87) [hdds-server-framework-1.4.0-SNAPSHOT.jar:?]
	at org.apache.hadoop.ozone.protocolPB.OzoneManagerProtocolServerSideTranslatorPB.submitRequest(OzoneManagerProtocolServerSideTranslatorPB.java:147) [ozone-manager-1.4.0-SNAPSHOT.jar:?]
	at org.apache.hadoop.ozone.protocol.proto.OzoneManagerProtocolProtos$OzoneManagerService$2.callBlockingMethod(OzoneManagerProtocolProtos.java) [ozone-interface-client-1.4.0-SNAPSHOT.jar:?]
	at org.apache.hadoop.ipc.ProtobufRpcEngine$Server.processCall(ProtobufRpcEngine.java:484) [hadoop-common-3.3.5.jar:?]
	at org.apache.hadoop.ipc.ProtobufRpcEngine2$Server$ProtoBufRpcInvoker.call(ProtobufRpcEngine2.java:595) [hadoop-common-3.3.5.jar:?]
	at org.apache.hadoop.ipc.ProtobufRpcEngine2$Server$ProtoBufRpcInvoker.call(ProtobufRpcEngine2.java:573) [hadoop-common-3.3.5.jar:?]
	at org.apache.hadoop.ipc.RPC$Server.call(RPC.java:1213) [hadoop-common-3.3.5.jar:?]
	at org.apache.hadoop.ipc.Server$RpcCall.run(Server.java:1089) [hadoop-common-3.3.5.jar:?]
	at org.apache.hadoop.ipc.Server$RpcCall.run(Server.java:1012) [hadoop-common-3.3.5.jar:?]
	at java.security.AccessController.doPrivileged(Native Method) ~[?:1.8.0_362]
	at javax.security.auth.Subject.doAs(Subject.java:422) [?:1.8.0_362]
	at org.apache.hadoop.security.UserGroupInformation.doAs(UserGroupInformation.java:1899) [hadoop-common-3.3.5.jar:?]
	at org.apache.hadoop.ipc.Server$Handler.run(Server.java:3026) [hadoop-common-3.3.5.jar:?]
]]></system-out>
  </testcase>
  <testcase name="testListBucket" classname="org.apache.hadoop.ozone.client.rpc.TestOzoneRpcClient" time="0.111">
    <system-out><![CDATA[2023-05-04 20:14:27,947 [Listener at 127.0.0.1/35517] INFO  rpc.RpcClient (RpcClient.java:createVolume(476)) - Creating Volume: vol-a-56437, with runner as owner and space quota set to -1 bytes, counts quota set to -1
2023-05-04 20:14:27,949 [OM StateMachine ApplyTransaction Thread - 0] INFO  volume.OMVolumeCreateRequest (OMVolumeCreateRequest.java:validateAndUpdateCache(195)) - created volume:vol-a-56437 for user:runner
2023-05-04 20:14:27,950 [Listener at 127.0.0.1/35517] INFO  rpc.RpcClient (RpcClient.java:createVolume(476)) - Creating Volume: vol-b-47841, with runner as owner and space quota set to -1 bytes, counts quota set to -1
2023-05-04 20:14:27,951 [OM StateMachine ApplyTransaction Thread - 0] INFO  volume.OMVolumeCreateRequest (OMVolumeCreateRequest.java:validateAndUpdateCache(195)) - created volume:vol-b-47841 for user:runner
2023-05-04 20:14:27,953 [Listener at 127.0.0.1/35517] INFO  rpc.RpcClient (RpcClient.java:createBucket(697)) - Creating Bucket: vol-a-56437/bucket-a-0-78678, with server-side default bucket layout, runner as owner, Versioning false, Storage Type set to DISK and Encryption set to false, Replication Type set to server-side default replication type, Namespace Quota set to -1, Space Quota set to -1 
2023-05-04 20:14:27,955 [OM StateMachine ApplyTransaction Thread - 0] INFO  bucket.OMBucketCreateRequest (OMBucketCreateRequest.java:validateAndUpdateCache(270)) - created bucket: bucket-a-0-78678 of layout FILE_SYSTEM_OPTIMIZED in volume: vol-a-56437
2023-05-04 20:14:27,955 [Listener at 127.0.0.1/35517] INFO  rpc.RpcClient (RpcClient.java:createBucket(697)) - Creating Bucket: vol-b-47841/bucket-a-0-90050, with server-side default bucket layout, runner as owner, Versioning false, Storage Type set to DISK and Encryption set to false, Replication Type set to server-side default replication type, Namespace Quota set to -1, Space Quota set to -1 
2023-05-04 20:14:27,957 [OM StateMachine ApplyTransaction Thread - 0] INFO  bucket.OMBucketCreateRequest (OMBucketCreateRequest.java:validateAndUpdateCache(270)) - created bucket: bucket-a-0-90050 of layout FILE_SYSTEM_OPTIMIZED in volume: vol-b-47841
2023-05-04 20:14:27,957 [Listener at 127.0.0.1/35517] INFO  rpc.RpcClient (RpcClient.java:createBucket(697)) - Creating Bucket: vol-a-56437/bucket-a-1-99197, with server-side default bucket layout, runner as owner, Versioning false, Storage Type set to DISK and Encryption set to false, Replication Type set to server-side default replication type, Namespace Quota set to -1, Space Quota set to -1 
2023-05-04 20:14:27,959 [OM StateMachine ApplyTransaction Thread - 0] INFO  bucket.OMBucketCreateRequest (OMBucketCreateRequest.java:validateAndUpdateCache(270)) - created bucket: bucket-a-1-99197 of layout FILE_SYSTEM_OPTIMIZED in volume: vol-a-56437
2023-05-04 20:14:27,959 [Listener at 127.0.0.1/35517] INFO  rpc.RpcClient (RpcClient.java:createBucket(697)) - Creating Bucket: vol-b-47841/bucket-a-1-29730, with server-side default bucket layout, runner as owner, Versioning false, Storage Type set to DISK and Encryption set to false, Replication Type set to server-side default replication type, Namespace Quota set to -1, Space Quota set to -1 
2023-05-04 20:14:27,961 [OM StateMachine ApplyTransaction Thread - 0] INFO  bucket.OMBucketCreateRequest (OMBucketCreateRequest.java:validateAndUpdateCache(270)) - created bucket: bucket-a-1-29730 of layout FILE_SYSTEM_OPTIMIZED in volume: vol-b-47841
2023-05-04 20:14:27,961 [Listener at 127.0.0.1/35517] INFO  rpc.RpcClient (RpcClient.java:createBucket(697)) - Creating Bucket: vol-a-56437/bucket-a-2-83750, with server-side default bucket layout, runner as owner, Versioning false, Storage Type set to DISK and Encryption set to false, Replication Type set to server-side default replication type, Namespace Quota set to -1, Space Quota set to -1 
2023-05-04 20:14:27,963 [OM StateMachine ApplyTransaction Thread - 0] INFO  bucket.OMBucketCreateRequest (OMBucketCreateRequest.java:validateAndUpdateCache(270)) - created bucket: bucket-a-2-83750 of layout FILE_SYSTEM_OPTIMIZED in volume: vol-a-56437
2023-05-04 20:14:27,963 [Listener at 127.0.0.1/35517] INFO  rpc.RpcClient (RpcClient.java:createBucket(697)) - Creating Bucket: vol-b-47841/bucket-a-2-40015, with server-side default bucket layout, runner as owner, Versioning false, Storage Type set to DISK and Encryption set to false, Replication Type set to server-side default replication type, Namespace Quota set to -1, Space Quota set to -1 
2023-05-04 20:14:27,965 [OM StateMachine ApplyTransaction Thread - 0] INFO  bucket.OMBucketCreateRequest (OMBucketCreateRequest.java:validateAndUpdateCache(270)) - created bucket: bucket-a-2-40015 of layout FILE_SYSTEM_OPTIMIZED in volume: vol-b-47841
2023-05-04 20:14:27,965 [Listener at 127.0.0.1/35517] INFO  rpc.RpcClient (RpcClient.java:createBucket(697)) - Creating Bucket: vol-a-56437/bucket-a-3-38092, with server-side default bucket layout, runner as owner, Versioning false, Storage Type set to DISK and Encryption set to false, Replication Type set to server-side default replication type, Namespace Quota set to -1, Space Quota set to -1 
2023-05-04 20:14:27,966 [OM StateMachine ApplyTransaction Thread - 0] INFO  bucket.OMBucketCreateRequest (OMBucketCreateRequest.java:validateAndUpdateCache(270)) - created bucket: bucket-a-3-38092 of layout FILE_SYSTEM_OPTIMIZED in volume: vol-a-56437
2023-05-04 20:14:27,967 [Listener at 127.0.0.1/35517] INFO  rpc.RpcClient (RpcClient.java:createBucket(697)) - Creating Bucket: vol-b-47841/bucket-a-3-81169, with server-side default bucket layout, runner as owner, Versioning false, Storage Type set to DISK and Encryption set to false, Replication Type set to server-side default replication type, Namespace Quota set to -1, Space Quota set to -1 
2023-05-04 20:14:27,968 [OM StateMachine ApplyTransaction Thread - 0] INFO  bucket.OMBucketCreateRequest (OMBucketCreateRequest.java:validateAndUpdateCache(270)) - created bucket: bucket-a-3-81169 of layout FILE_SYSTEM_OPTIMIZED in volume: vol-b-47841
2023-05-04 20:14:27,969 [Listener at 127.0.0.1/35517] INFO  rpc.RpcClient (RpcClient.java:createBucket(697)) - Creating Bucket: vol-a-56437/bucket-a-4-51099, with server-side default bucket layout, runner as owner, Versioning false, Storage Type set to DISK and Encryption set to false, Replication Type set to server-side default replication type, Namespace Quota set to -1, Space Quota set to -1 
2023-05-04 20:14:27,970 [OM StateMachine ApplyTransaction Thread - 0] INFO  bucket.OMBucketCreateRequest (OMBucketCreateRequest.java:validateAndUpdateCache(270)) - created bucket: bucket-a-4-51099 of layout FILE_SYSTEM_OPTIMIZED in volume: vol-a-56437
2023-05-04 20:14:27,971 [Listener at 127.0.0.1/35517] INFO  rpc.RpcClient (RpcClient.java:createBucket(697)) - Creating Bucket: vol-b-47841/bucket-a-4-78042, with server-side default bucket layout, runner as owner, Versioning false, Storage Type set to DISK and Encryption set to false, Replication Type set to server-side default replication type, Namespace Quota set to -1, Space Quota set to -1 
2023-05-04 20:14:27,972 [OM StateMachine ApplyTransaction Thread - 0] INFO  bucket.OMBucketCreateRequest (OMBucketCreateRequest.java:validateAndUpdateCache(270)) - created bucket: bucket-a-4-78042 of layout FILE_SYSTEM_OPTIMIZED in volume: vol-b-47841
2023-05-04 20:14:27,973 [Listener at 127.0.0.1/35517] INFO  rpc.RpcClient (RpcClient.java:createBucket(697)) - Creating Bucket: vol-a-56437/bucket-a-5-65564, with server-side default bucket layout, runner as owner, Versioning false, Storage Type set to DISK and Encryption set to false, Replication Type set to server-side default replication type, Namespace Quota set to -1, Space Quota set to -1 
2023-05-04 20:14:27,974 [OM StateMachine ApplyTransaction Thread - 0] INFO  bucket.OMBucketCreateRequest (OMBucketCreateRequest.java:validateAndUpdateCache(270)) - created bucket: bucket-a-5-65564 of layout FILE_SYSTEM_OPTIMIZED in volume: vol-a-56437
2023-05-04 20:14:27,975 [Listener at 127.0.0.1/35517] INFO  rpc.RpcClient (RpcClient.java:createBucket(697)) - Creating Bucket: vol-b-47841/bucket-a-5-90098, with server-side default bucket layout, runner as owner, Versioning false, Storage Type set to DISK and Encryption set to false, Replication Type set to server-side default replication type, Namespace Quota set to -1, Space Quota set to -1 
2023-05-04 20:14:27,976 [OM StateMachine ApplyTransaction Thread - 0] INFO  bucket.OMBucketCreateRequest (OMBucketCreateRequest.java:validateAndUpdateCache(270)) - created bucket: bucket-a-5-90098 of layout FILE_SYSTEM_OPTIMIZED in volume: vol-b-47841
2023-05-04 20:14:27,977 [Listener at 127.0.0.1/35517] INFO  rpc.RpcClient (RpcClient.java:createBucket(697)) - Creating Bucket: vol-a-56437/bucket-a-6-71378, with server-side default bucket layout, runner as owner, Versioning false, Storage Type set to DISK and Encryption set to false, Replication Type set to server-side default replication type, Namespace Quota set to -1, Space Quota set to -1 
2023-05-04 20:14:27,978 [OM StateMachine ApplyTransaction Thread - 0] INFO  bucket.OMBucketCreateRequest (OMBucketCreateRequest.java:validateAndUpdateCache(270)) - created bucket: bucket-a-6-71378 of layout FILE_SYSTEM_OPTIMIZED in volume: vol-a-56437
2023-05-04 20:14:27,979 [Listener at 127.0.0.1/35517] INFO  rpc.RpcClient (RpcClient.java:createBucket(697)) - Creating Bucket: vol-b-47841/bucket-a-6-10496, with server-side default bucket layout, runner as owner, Versioning false, Storage Type set to DISK and Encryption set to false, Replication Type set to server-side default replication type, Namespace Quota set to -1, Space Quota set to -1 
2023-05-04 20:14:27,980 [OM StateMachine ApplyTransaction Thread - 0] INFO  bucket.OMBucketCreateRequest (OMBucketCreateRequest.java:validateAndUpdateCache(270)) - created bucket: bucket-a-6-10496 of layout FILE_SYSTEM_OPTIMIZED in volume: vol-b-47841
2023-05-04 20:14:27,981 [Listener at 127.0.0.1/35517] INFO  rpc.RpcClient (RpcClient.java:createBucket(697)) - Creating Bucket: vol-a-56437/bucket-a-7-89041, with server-side default bucket layout, runner as owner, Versioning false, Storage Type set to DISK and Encryption set to false, Replication Type set to server-side default replication type, Namespace Quota set to -1, Space Quota set to -1 
2023-05-04 20:14:27,982 [OM StateMachine ApplyTransaction Thread - 0] INFO  bucket.OMBucketCreateRequest (OMBucketCreateRequest.java:validateAndUpdateCache(270)) - created bucket: bucket-a-7-89041 of layout FILE_SYSTEM_OPTIMIZED in volume: vol-a-56437
2023-05-04 20:14:27,983 [Listener at 127.0.0.1/35517] INFO  rpc.RpcClient (RpcClient.java:createBucket(697)) - Creating Bucket: vol-b-47841/bucket-a-7-55177, with server-side default bucket layout, runner as owner, Versioning false, Storage Type set to DISK and Encryption set to false, Replication Type set to server-side default replication type, Namespace Quota set to -1, Space Quota set to -1 
2023-05-04 20:14:27,984 [OM StateMachine ApplyTransaction Thread - 0] INFO  bucket.OMBucketCreateRequest (OMBucketCreateRequest.java:validateAndUpdateCache(270)) - created bucket: bucket-a-7-55177 of layout FILE_SYSTEM_OPTIMIZED in volume: vol-b-47841
2023-05-04 20:14:27,984 [Listener at 127.0.0.1/35517] INFO  rpc.RpcClient (RpcClient.java:createBucket(697)) - Creating Bucket: vol-a-56437/bucket-a-8-76429, with server-side default bucket layout, runner as owner, Versioning false, Storage Type set to DISK and Encryption set to false, Replication Type set to server-side default replication type, Namespace Quota set to -1, Space Quota set to -1 
2023-05-04 20:14:27,986 [OM StateMachine ApplyTransaction Thread - 0] INFO  bucket.OMBucketCreateRequest (OMBucketCreateRequest.java:validateAndUpdateCache(270)) - created bucket: bucket-a-8-76429 of layout FILE_SYSTEM_OPTIMIZED in volume: vol-a-56437
2023-05-04 20:14:27,986 [Listener at 127.0.0.1/35517] INFO  rpc.RpcClient (RpcClient.java:createBucket(697)) - Creating Bucket: vol-b-47841/bucket-a-8-75202, with server-side default bucket layout, runner as owner, Versioning false, Storage Type set to DISK and Encryption set to false, Replication Type set to server-side default replication type, Namespace Quota set to -1, Space Quota set to -1 
2023-05-04 20:14:27,987 [OM StateMachine ApplyTransaction Thread - 0] INFO  bucket.OMBucketCreateRequest (OMBucketCreateRequest.java:validateAndUpdateCache(270)) - created bucket: bucket-a-8-75202 of layout FILE_SYSTEM_OPTIMIZED in volume: vol-b-47841
2023-05-04 20:14:27,988 [Listener at 127.0.0.1/35517] INFO  rpc.RpcClient (RpcClient.java:createBucket(697)) - Creating Bucket: vol-a-56437/bucket-a-9-79240, with server-side default bucket layout, runner as owner, Versioning false, Storage Type set to DISK and Encryption set to false, Replication Type set to server-side default replication type, Namespace Quota set to -1, Space Quota set to -1 
2023-05-04 20:14:27,989 [OM StateMachine ApplyTransaction Thread - 0] INFO  bucket.OMBucketCreateRequest (OMBucketCreateRequest.java:validateAndUpdateCache(270)) - created bucket: bucket-a-9-79240 of layout FILE_SYSTEM_OPTIMIZED in volume: vol-a-56437
2023-05-04 20:14:27,990 [Listener at 127.0.0.1/35517] INFO  rpc.RpcClient (RpcClient.java:createBucket(697)) - Creating Bucket: vol-b-47841/bucket-a-9-14316, with server-side default bucket layout, runner as owner, Versioning false, Storage Type set to DISK and Encryption set to false, Replication Type set to server-side default replication type, Namespace Quota set to -1, Space Quota set to -1 
2023-05-04 20:14:27,991 [OM StateMachine ApplyTransaction Thread - 0] INFO  bucket.OMBucketCreateRequest (OMBucketCreateRequest.java:validateAndUpdateCache(270)) - created bucket: bucket-a-9-14316 of layout FILE_SYSTEM_OPTIMIZED in volume: vol-b-47841
2023-05-04 20:14:27,991 [Listener at 127.0.0.1/35517] INFO  rpc.RpcClient (RpcClient.java:createBucket(697)) - Creating Bucket: vol-a-56437/bucket-b-0-83396, with server-side default bucket layout, runner as owner, Versioning false, Storage Type set to DISK and Encryption set to false, Replication Type set to server-side default replication type, Namespace Quota set to -1, Space Quota set to -1 
2023-05-04 20:14:27,993 [OM StateMachine ApplyTransaction Thread - 0] INFO  bucket.OMBucketCreateRequest (OMBucketCreateRequest.java:validateAndUpdateCache(270)) - created bucket: bucket-b-0-83396 of layout FILE_SYSTEM_OPTIMIZED in volume: vol-a-56437
2023-05-04 20:14:27,993 [Listener at 127.0.0.1/35517] INFO  rpc.RpcClient (RpcClient.java:createBucket(697)) - Creating Bucket: vol-b-47841/bucket-b-0-73385, with server-side default bucket layout, runner as owner, Versioning false, Storage Type set to DISK and Encryption set to false, Replication Type set to server-side default replication type, Namespace Quota set to -1, Space Quota set to -1 
2023-05-04 20:14:27,995 [OM StateMachine ApplyTransaction Thread - 0] INFO  bucket.OMBucketCreateRequest (OMBucketCreateRequest.java:validateAndUpdateCache(270)) - created bucket: bucket-b-0-73385 of layout FILE_SYSTEM_OPTIMIZED in volume: vol-b-47841
2023-05-04 20:14:27,995 [Listener at 127.0.0.1/35517] INFO  rpc.RpcClient (RpcClient.java:createBucket(697)) - Creating Bucket: vol-a-56437/bucket-b-1-63149, with server-side default bucket layout, runner as owner, Versioning false, Storage Type set to DISK and Encryption set to false, Replication Type set to server-side default replication type, Namespace Quota set to -1, Space Quota set to -1 
2023-05-04 20:14:27,996 [OM StateMachine ApplyTransaction Thread - 0] INFO  bucket.OMBucketCreateRequest (OMBucketCreateRequest.java:validateAndUpdateCache(270)) - created bucket: bucket-b-1-63149 of layout FILE_SYSTEM_OPTIMIZED in volume: vol-a-56437
2023-05-04 20:14:27,997 [Listener at 127.0.0.1/35517] INFO  rpc.RpcClient (RpcClient.java:createBucket(697)) - Creating Bucket: vol-b-47841/bucket-b-1-93603, with server-side default bucket layout, runner as owner, Versioning false, Storage Type set to DISK and Encryption set to false, Replication Type set to server-side default replication type, Namespace Quota set to -1, Space Quota set to -1 
2023-05-04 20:14:27,999 [OM StateMachine ApplyTransaction Thread - 0] INFO  bucket.OMBucketCreateRequest (OMBucketCreateRequest.java:validateAndUpdateCache(270)) - created bucket: bucket-b-1-93603 of layout FILE_SYSTEM_OPTIMIZED in volume: vol-b-47841
2023-05-04 20:14:27,999 [Listener at 127.0.0.1/35517] INFO  rpc.RpcClient (RpcClient.java:createBucket(697)) - Creating Bucket: vol-a-56437/bucket-b-2-20250, with server-side default bucket layout, runner as owner, Versioning false, Storage Type set to DISK and Encryption set to false, Replication Type set to server-side default replication type, Namespace Quota set to -1, Space Quota set to -1 
2023-05-04 20:14:28,000 [OM StateMachine ApplyTransaction Thread - 0] INFO  bucket.OMBucketCreateRequest (OMBucketCreateRequest.java:validateAndUpdateCache(270)) - created bucket: bucket-b-2-20250 of layout FILE_SYSTEM_OPTIMIZED in volume: vol-a-56437
2023-05-04 20:14:28,001 [Listener at 127.0.0.1/35517] INFO  rpc.RpcClient (RpcClient.java:createBucket(697)) - Creating Bucket: vol-b-47841/bucket-b-2-27942, with server-side default bucket layout, runner as owner, Versioning false, Storage Type set to DISK and Encryption set to false, Replication Type set to server-side default replication type, Namespace Quota set to -1, Space Quota set to -1 
2023-05-04 20:14:28,002 [OM StateMachine ApplyTransaction Thread - 0] INFO  bucket.OMBucketCreateRequest (OMBucketCreateRequest.java:validateAndUpdateCache(270)) - created bucket: bucket-b-2-27942 of layout FILE_SYSTEM_OPTIMIZED in volume: vol-b-47841
2023-05-04 20:14:28,003 [Listener at 127.0.0.1/35517] INFO  rpc.RpcClient (RpcClient.java:createBucket(697)) - Creating Bucket: vol-a-56437/bucket-b-3-94702, with server-side default bucket layout, runner as owner, Versioning false, Storage Type set to DISK and Encryption set to false, Replication Type set to server-side default replication type, Namespace Quota set to -1, Space Quota set to -1 
2023-05-04 20:14:28,004 [OM StateMachine ApplyTransaction Thread - 0] INFO  bucket.OMBucketCreateRequest (OMBucketCreateRequest.java:validateAndUpdateCache(270)) - created bucket: bucket-b-3-94702 of layout FILE_SYSTEM_OPTIMIZED in volume: vol-a-56437
2023-05-04 20:14:28,005 [Listener at 127.0.0.1/35517] INFO  rpc.RpcClient (RpcClient.java:createBucket(697)) - Creating Bucket: vol-b-47841/bucket-b-3-55546, with server-side default bucket layout, runner as owner, Versioning false, Storage Type set to DISK and Encryption set to false, Replication Type set to server-side default replication type, Namespace Quota set to -1, Space Quota set to -1 
2023-05-04 20:14:28,006 [OM StateMachine ApplyTransaction Thread - 0] INFO  bucket.OMBucketCreateRequest (OMBucketCreateRequest.java:validateAndUpdateCache(270)) - created bucket: bucket-b-3-55546 of layout FILE_SYSTEM_OPTIMIZED in volume: vol-b-47841
2023-05-04 20:14:28,007 [Listener at 127.0.0.1/35517] INFO  rpc.RpcClient (RpcClient.java:createBucket(697)) - Creating Bucket: vol-a-56437/bucket-b-4-72089, with server-side default bucket layout, runner as owner, Versioning false, Storage Type set to DISK and Encryption set to false, Replication Type set to server-side default replication type, Namespace Quota set to -1, Space Quota set to -1 
2023-05-04 20:14:28,008 [OM StateMachine ApplyTransaction Thread - 0] INFO  bucket.OMBucketCreateRequest (OMBucketCreateRequest.java:validateAndUpdateCache(270)) - created bucket: bucket-b-4-72089 of layout FILE_SYSTEM_OPTIMIZED in volume: vol-a-56437
2023-05-04 20:14:28,008 [Listener at 127.0.0.1/35517] INFO  rpc.RpcClient (RpcClient.java:createBucket(697)) - Creating Bucket: vol-b-47841/bucket-b-4-97031, with server-side default bucket layout, runner as owner, Versioning false, Storage Type set to DISK and Encryption set to false, Replication Type set to server-side default replication type, Namespace Quota set to -1, Space Quota set to -1 
2023-05-04 20:14:28,010 [OM StateMachine ApplyTransaction Thread - 0] INFO  bucket.OMBucketCreateRequest (OMBucketCreateRequest.java:validateAndUpdateCache(270)) - created bucket: bucket-b-4-97031 of layout FILE_SYSTEM_OPTIMIZED in volume: vol-b-47841
2023-05-04 20:14:28,010 [Listener at 127.0.0.1/35517] INFO  rpc.RpcClient (RpcClient.java:createBucket(697)) - Creating Bucket: vol-a-56437/bucket-b-5-87961, with server-side default bucket layout, runner as owner, Versioning false, Storage Type set to DISK and Encryption set to false, Replication Type set to server-side default replication type, Namespace Quota set to -1, Space Quota set to -1 
2023-05-04 20:14:28,011 [OM StateMachine ApplyTransaction Thread - 0] INFO  bucket.OMBucketCreateRequest (OMBucketCreateRequest.java:validateAndUpdateCache(270)) - created bucket: bucket-b-5-87961 of layout FILE_SYSTEM_OPTIMIZED in volume: vol-a-56437
2023-05-04 20:14:28,012 [Listener at 127.0.0.1/35517] INFO  rpc.RpcClient (RpcClient.java:createBucket(697)) - Creating Bucket: vol-b-47841/bucket-b-5-86015, with server-side default bucket layout, runner as owner, Versioning false, Storage Type set to DISK and Encryption set to false, Replication Type set to server-side default replication type, Namespace Quota set to -1, Space Quota set to -1 
2023-05-04 20:14:28,013 [OM StateMachine ApplyTransaction Thread - 0] INFO  bucket.OMBucketCreateRequest (OMBucketCreateRequest.java:validateAndUpdateCache(270)) - created bucket: bucket-b-5-86015 of layout FILE_SYSTEM_OPTIMIZED in volume: vol-b-47841
2023-05-04 20:14:28,014 [Listener at 127.0.0.1/35517] INFO  rpc.RpcClient (RpcClient.java:createBucket(697)) - Creating Bucket: vol-a-56437/bucket-b-6-67359, with server-side default bucket layout, runner as owner, Versioning false, Storage Type set to DISK and Encryption set to false, Replication Type set to server-side default replication type, Namespace Quota set to -1, Space Quota set to -1 
2023-05-04 20:14:28,015 [OM StateMachine ApplyTransaction Thread - 0] INFO  bucket.OMBucketCreateRequest (OMBucketCreateRequest.java:validateAndUpdateCache(270)) - created bucket: bucket-b-6-67359 of layout FILE_SYSTEM_OPTIMIZED in volume: vol-a-56437
2023-05-04 20:14:28,016 [Listener at 127.0.0.1/35517] INFO  rpc.RpcClient (RpcClient.java:createBucket(697)) - Creating Bucket: vol-b-47841/bucket-b-6-48823, with server-side default bucket layout, runner as owner, Versioning false, Storage Type set to DISK and Encryption set to false, Replication Type set to server-side default replication type, Namespace Quota set to -1, Space Quota set to -1 
2023-05-04 20:14:28,020 [OM StateMachine ApplyTransaction Thread - 0] INFO  bucket.OMBucketCreateRequest (OMBucketCreateRequest.java:validateAndUpdateCache(270)) - created bucket: bucket-b-6-48823 of layout FILE_SYSTEM_OPTIMIZED in volume: vol-b-47841
2023-05-04 20:14:28,021 [Listener at 127.0.0.1/35517] INFO  rpc.RpcClient (RpcClient.java:createBucket(697)) - Creating Bucket: vol-a-56437/bucket-b-7-70252, with server-side default bucket layout, runner as owner, Versioning false, Storage Type set to DISK and Encryption set to false, Replication Type set to server-side default replication type, Namespace Quota set to -1, Space Quota set to -1 
2023-05-04 20:14:28,022 [OM StateMachine ApplyTransaction Thread - 0] INFO  bucket.OMBucketCreateRequest (OMBucketCreateRequest.java:validateAndUpdateCache(270)) - created bucket: bucket-b-7-70252 of layout FILE_SYSTEM_OPTIMIZED in volume: vol-a-56437
2023-05-04 20:14:28,023 [Listener at 127.0.0.1/35517] INFO  rpc.RpcClient (RpcClient.java:createBucket(697)) - Creating Bucket: vol-b-47841/bucket-b-7-67849, with server-side default bucket layout, runner as owner, Versioning false, Storage Type set to DISK and Encryption set to false, Replication Type set to server-side default replication type, Namespace Quota set to -1, Space Quota set to -1 
2023-05-04 20:14:28,024 [OM StateMachine ApplyTransaction Thread - 0] INFO  bucket.OMBucketCreateRequest (OMBucketCreateRequest.java:validateAndUpdateCache(270)) - created bucket: bucket-b-7-67849 of layout FILE_SYSTEM_OPTIMIZED in volume: vol-b-47841
2023-05-04 20:14:28,024 [Listener at 127.0.0.1/35517] INFO  rpc.RpcClient (RpcClient.java:createBucket(697)) - Creating Bucket: vol-a-56437/bucket-b-8-72462, with server-side default bucket layout, runner as owner, Versioning false, Storage Type set to DISK and Encryption set to false, Replication Type set to server-side default replication type, Namespace Quota set to -1, Space Quota set to -1 
2023-05-04 20:14:28,026 [OM StateMachine ApplyTransaction Thread - 0] INFO  bucket.OMBucketCreateRequest (OMBucketCreateRequest.java:validateAndUpdateCache(270)) - created bucket: bucket-b-8-72462 of layout FILE_SYSTEM_OPTIMIZED in volume: vol-a-56437
2023-05-04 20:14:28,026 [Listener at 127.0.0.1/35517] INFO  rpc.RpcClient (RpcClient.java:createBucket(697)) - Creating Bucket: vol-b-47841/bucket-b-8-34068, with server-side default bucket layout, runner as owner, Versioning false, Storage Type set to DISK and Encryption set to false, Replication Type set to server-side default replication type, Namespace Quota set to -1, Space Quota set to -1 
2023-05-04 20:14:28,027 [OM StateMachine ApplyTransaction Thread - 0] INFO  bucket.OMBucketCreateRequest (OMBucketCreateRequest.java:validateAndUpdateCache(270)) - created bucket: bucket-b-8-34068 of layout FILE_SYSTEM_OPTIMIZED in volume: vol-b-47841
2023-05-04 20:14:28,028 [Listener at 127.0.0.1/35517] INFO  rpc.RpcClient (RpcClient.java:createBucket(697)) - Creating Bucket: vol-a-56437/bucket-b-9-91463, with server-side default bucket layout, runner as owner, Versioning false, Storage Type set to DISK and Encryption set to false, Replication Type set to server-side default replication type, Namespace Quota set to -1, Space Quota set to -1 
2023-05-04 20:14:28,031 [OM StateMachine ApplyTransaction Thread - 0] INFO  bucket.OMBucketCreateRequest (OMBucketCreateRequest.java:validateAndUpdateCache(270)) - created bucket: bucket-b-9-91463 of layout FILE_SYSTEM_OPTIMIZED in volume: vol-a-56437
2023-05-04 20:14:28,031 [Listener at 127.0.0.1/35517] INFO  rpc.RpcClient (RpcClient.java:createBucket(697)) - Creating Bucket: vol-b-47841/bucket-b-9-86733, with server-side default bucket layout, runner as owner, Versioning false, Storage Type set to DISK and Encryption set to false, Replication Type set to server-side default replication type, Namespace Quota set to -1, Space Quota set to -1 
2023-05-04 20:14:28,033 [OM StateMachine ApplyTransaction Thread - 0] INFO  bucket.OMBucketCreateRequest (OMBucketCreateRequest.java:validateAndUpdateCache(270)) - created bucket: bucket-b-9-86733 of layout FILE_SYSTEM_OPTIMIZED in volume: vol-b-47841
]]></system-out>
  </testcase>
  <testcase name="testListBucketsOnEmptyVolume" classname="org.apache.hadoop.ozone.client.rpc.TestOzoneRpcClient" time="0.004">
    <system-out><![CDATA[2023-05-04 20:14:28,058 [Listener at 127.0.0.1/35517] INFO  rpc.RpcClient (RpcClient.java:createVolume(476)) - Creating Volume: vol-empty, with runner as owner and space quota set to -1 bytes, counts quota set to -1
2023-05-04 20:14:28,060 [OM StateMachine ApplyTransaction Thread - 0] INFO  volume.OMVolumeCreateRequest (OMVolumeCreateRequest.java:validateAndUpdateCache(195)) - created volume:vol-empty for user:runner
]]></system-out>
  </testcase>
  <testcase name="testListBucketsReplicationConfig" classname="org.apache.hadoop.ozone.client.rpc.TestOzoneRpcClient" time="0.014">
    <system-out><![CDATA[2023-05-04 20:14:28,063 [Listener at 127.0.0.1/35517] INFO  rpc.RpcClient (RpcClient.java:createVolume(476)) - Creating Volume: 433bfe83-6747-4e2a-aa24-9880dafe5f3d, with runner as owner and space quota set to -1 bytes, counts quota set to -1
2023-05-04 20:14:28,065 [OM StateMachine ApplyTransaction Thread - 0] INFO  volume.OMVolumeCreateRequest (OMVolumeCreateRequest.java:validateAndUpdateCache(195)) - created volume:433bfe83-6747-4e2a-aa24-9880dafe5f3d for user:runner
2023-05-04 20:14:28,066 [Listener at 127.0.0.1/35517] INFO  rpc.RpcClient (RpcClient.java:createBucket(697)) - Creating Bucket: 433bfe83-6747-4e2a-aa24-9880dafe5f3d/6b37bf96-3898-4cc4-8777-d9b67bd15bd3, with server-side default bucket layout, runner as owner, Versioning false, Storage Type set to DISK and Encryption set to false, Replication Type set to server-side default replication type, Namespace Quota set to -1, Space Quota set to -1 
2023-05-04 20:14:28,068 [OM StateMachine ApplyTransaction Thread - 0] INFO  bucket.OMBucketCreateRequest (OMBucketCreateRequest.java:validateAndUpdateCache(270)) - created bucket: 6b37bf96-3898-4cc4-8777-d9b67bd15bd3 of layout FILE_SYSTEM_OPTIMIZED in volume: 433bfe83-6747-4e2a-aa24-9880dafe5f3d
2023-05-04 20:14:28,069 [Listener at 127.0.0.1/35517] INFO  rpc.RpcClient (RpcClient.java:createBucket(697)) - Creating Bucket: 433bfe83-6747-4e2a-aa24-9880dafe5f3d/d7b0d580-ede2-454f-ab78-aee1d04c6b58, with server-side default bucket layout, runner as owner, Versioning false, Storage Type set to DISK and Encryption set to false, Replication Type set to EC, Namespace Quota set to -1, Space Quota set to -1 
2023-05-04 20:14:28,070 [OM StateMachine ApplyTransaction Thread - 0] INFO  bucket.OMBucketCreateRequest (OMBucketCreateRequest.java:validateAndUpdateCache(270)) - created bucket: d7b0d580-ede2-454f-ab78-aee1d04c6b58 of layout FILE_SYSTEM_OPTIMIZED in volume: 433bfe83-6747-4e2a-aa24-9880dafe5f3d
2023-05-04 20:14:28,071 [Listener at 127.0.0.1/35517] INFO  rpc.RpcClient (RpcClient.java:createBucket(697)) - Creating Bucket: 433bfe83-6747-4e2a-aa24-9880dafe5f3d/33bf8a22-b857-412d-8147-6f51bbc06ce8, with server-side default bucket layout, runner as owner, Versioning false, Storage Type set to DISK and Encryption set to false, Replication Type set to RATIS, Namespace Quota set to -1, Space Quota set to -1 
2023-05-04 20:14:28,075 [OM StateMachine ApplyTransaction Thread - 0] INFO  bucket.OMBucketCreateRequest (OMBucketCreateRequest.java:validateAndUpdateCache(270)) - created bucket: 33bf8a22-b857-412d-8147-6f51bbc06ce8 of layout FILE_SYSTEM_OPTIMIZED in volume: 433bfe83-6747-4e2a-aa24-9880dafe5f3d
]]></system-out>
  </testcase>
  <testcase name="testListKey" classname="org.apache.hadoop.ozone.client.rpc.TestOzoneRpcClient" time="1.286">
    <system-out><![CDATA[2023-05-04 20:14:28,078 [Listener at 127.0.0.1/35517] INFO  rpc.RpcClient (RpcClient.java:createVolume(476)) - Creating Volume: vol-a-32007, with runner as owner and space quota set to -1 bytes, counts quota set to -1
2023-05-04 20:14:28,080 [OM StateMachine ApplyTransaction Thread - 0] INFO  volume.OMVolumeCreateRequest (OMVolumeCreateRequest.java:validateAndUpdateCache(195)) - created volume:vol-a-32007 for user:runner
2023-05-04 20:14:28,080 [Listener at 127.0.0.1/35517] INFO  rpc.RpcClient (RpcClient.java:createVolume(476)) - Creating Volume: vol-b-59845, with runner as owner and space quota set to -1 bytes, counts quota set to -1
2023-05-04 20:14:28,081 [OM StateMachine ApplyTransaction Thread - 0] INFO  volume.OMVolumeCreateRequest (OMVolumeCreateRequest.java:validateAndUpdateCache(195)) - created volume:vol-b-59845 for user:runner
2023-05-04 20:14:28,083 [Listener at 127.0.0.1/35517] INFO  rpc.RpcClient (RpcClient.java:createBucket(697)) - Creating Bucket: vol-a-32007/buc-a-87725, with server-side default bucket layout, runner as owner, Versioning false, Storage Type set to DISK and Encryption set to false, Replication Type set to server-side default replication type, Namespace Quota set to -1, Space Quota set to -1 
2023-05-04 20:14:28,084 [OM StateMachine ApplyTransaction Thread - 0] INFO  bucket.OMBucketCreateRequest (OMBucketCreateRequest.java:validateAndUpdateCache(270)) - created bucket: buc-a-87725 of layout FILE_SYSTEM_OPTIMIZED in volume: vol-a-32007
2023-05-04 20:14:28,085 [Listener at 127.0.0.1/35517] INFO  rpc.RpcClient (RpcClient.java:createBucket(697)) - Creating Bucket: vol-a-32007/buc-b-73572, with server-side default bucket layout, runner as owner, Versioning false, Storage Type set to DISK and Encryption set to false, Replication Type set to server-side default replication type, Namespace Quota set to -1, Space Quota set to -1 
2023-05-04 20:14:28,087 [OM StateMachine ApplyTransaction Thread - 0] INFO  bucket.OMBucketCreateRequest (OMBucketCreateRequest.java:validateAndUpdateCache(270)) - created bucket: buc-b-73572 of layout FILE_SYSTEM_OPTIMIZED in volume: vol-a-32007
2023-05-04 20:14:28,087 [Listener at 127.0.0.1/35517] INFO  rpc.RpcClient (RpcClient.java:createBucket(697)) - Creating Bucket: vol-b-59845/buc-a-87725, with server-side default bucket layout, runner as owner, Versioning false, Storage Type set to DISK and Encryption set to false, Replication Type set to server-side default replication type, Namespace Quota set to -1, Space Quota set to -1 
2023-05-04 20:14:28,088 [OM StateMachine ApplyTransaction Thread - 0] INFO  bucket.OMBucketCreateRequest (OMBucketCreateRequest.java:validateAndUpdateCache(270)) - created bucket: buc-a-87725 of layout FILE_SYSTEM_OPTIMIZED in volume: vol-b-59845
2023-05-04 20:14:28,089 [Listener at 127.0.0.1/35517] INFO  rpc.RpcClient (RpcClient.java:createBucket(697)) - Creating Bucket: vol-b-59845/buc-b-73572, with server-side default bucket layout, runner as owner, Versioning false, Storage Type set to DISK and Encryption set to false, Replication Type set to server-side default replication type, Namespace Quota set to -1, Space Quota set to -1 
2023-05-04 20:14:28,090 [OM StateMachine ApplyTransaction Thread - 0] INFO  bucket.OMBucketCreateRequest (OMBucketCreateRequest.java:validateAndUpdateCache(270)) - created bucket: buc-b-73572 of layout FILE_SYSTEM_OPTIMIZED in volume: vol-b-59845
20:14:29.332 [IPC Server handler 7 on default port 35517] ERROR OMAudit - user=runner | ip=127.0.0.1 | op=GET_FILE_STATUS {volume=vol-a-32007, bucket=buc-a-87725, key=key-, dataSize=0, replicationConfig=null} | ret=FAILURE
org.apache.hadoop.ozone.om.exceptions.OMException: Unable to get file status: volume: vol-a-32007 bucket: buc-a-87725 key: key-
	at org.apache.hadoop.ozone.om.KeyManagerImpl.getOzoneFileStatusFSO(KeyManagerImpl.java:1311) ~[ozone-manager-1.4.0-SNAPSHOT.jar:?]
	at org.apache.hadoop.ozone.om.KeyManagerImpl.getFileStatus(KeyManagerImpl.java:1103) ~[ozone-manager-1.4.0-SNAPSHOT.jar:?]
	at org.apache.hadoop.ozone.om.OmMetadataReader.getFileStatus(OmMetadataReader.java:289) ~[ozone-manager-1.4.0-SNAPSHOT.jar:?]
	at org.apache.hadoop.ozone.om.OzoneManager.getFileStatus(OzoneManager.java:3502) ~[ozone-manager-1.4.0-SNAPSHOT.jar:?]
	at org.apache.hadoop.ozone.protocolPB.OzoneManagerRequestHandler.getOzoneFileStatus(OzoneManagerRequestHandler.java:934) ~[ozone-manager-1.4.0-SNAPSHOT.jar:?]
	at org.apache.hadoop.ozone.protocolPB.OzoneManagerRequestHandler.handleReadRequest(OzoneManagerRequestHandler.java:238) ~[ozone-manager-1.4.0-SNAPSHOT.jar:?]
	at org.apache.hadoop.ozone.protocolPB.OzoneManagerProtocolServerSideTranslatorPB.submitReadRequestToOM(OzoneManagerProtocolServerSideTranslatorPB.java:223) ~[ozone-manager-1.4.0-SNAPSHOT.jar:?]
	at org.apache.hadoop.ozone.protocolPB.OzoneManagerProtocolServerSideTranslatorPB.processRequest(OzoneManagerProtocolServerSideTranslatorPB.java:177) ~[ozone-manager-1.4.0-SNAPSHOT.jar:?]
	at org.apache.hadoop.hdds.server.OzoneProtocolMessageDispatcher.processRequest(OzoneProtocolMessageDispatcher.java:87) [hdds-server-framework-1.4.0-SNAPSHOT.jar:?]
	at org.apache.hadoop.ozone.protocolPB.OzoneManagerProtocolServerSideTranslatorPB.submitRequest(OzoneManagerProtocolServerSideTranslatorPB.java:147) [ozone-manager-1.4.0-SNAPSHOT.jar:?]
	at org.apache.hadoop.ozone.protocol.proto.OzoneManagerProtocolProtos$OzoneManagerService$2.callBlockingMethod(OzoneManagerProtocolProtos.java) [ozone-interface-client-1.4.0-SNAPSHOT.jar:?]
	at org.apache.hadoop.ipc.ProtobufRpcEngine$Server.processCall(ProtobufRpcEngine.java:484) [hadoop-common-3.3.5.jar:?]
	at org.apache.hadoop.ipc.ProtobufRpcEngine2$Server$ProtoBufRpcInvoker.call(ProtobufRpcEngine2.java:595) [hadoop-common-3.3.5.jar:?]
	at org.apache.hadoop.ipc.ProtobufRpcEngine2$Server$ProtoBufRpcInvoker.call(ProtobufRpcEngine2.java:573) [hadoop-common-3.3.5.jar:?]
	at org.apache.hadoop.ipc.RPC$Server.call(RPC.java:1213) [hadoop-common-3.3.5.jar:?]
	at org.apache.hadoop.ipc.Server$RpcCall.run(Server.java:1089) [hadoop-common-3.3.5.jar:?]
	at org.apache.hadoop.ipc.Server$RpcCall.run(Server.java:1012) [hadoop-common-3.3.5.jar:?]
	at java.security.AccessController.doPrivileged(Native Method) ~[?:1.8.0_362]
	at javax.security.auth.Subject.doAs(Subject.java:422) [?:1.8.0_362]
	at org.apache.hadoop.security.UserGroupInformation.doAs(UserGroupInformation.java:1899) [hadoop-common-3.3.5.jar:?]
	at org.apache.hadoop.ipc.Server$Handler.run(Server.java:3026) [hadoop-common-3.3.5.jar:?]
20:14:29.339 [IPC Server handler 8 on default port 35517] ERROR OMAudit - user=runner | ip=127.0.0.1 | op=GET_FILE_STATUS {volume=vol-a-32007, bucket=buc-b-73572, key=key-, dataSize=0, replicationConfig=null} | ret=FAILURE
org.apache.hadoop.ozone.om.exceptions.OMException: Unable to get file status: volume: vol-a-32007 bucket: buc-b-73572 key: key-
	at org.apache.hadoop.ozone.om.KeyManagerImpl.getOzoneFileStatusFSO(KeyManagerImpl.java:1311) ~[ozone-manager-1.4.0-SNAPSHOT.jar:?]
	at org.apache.hadoop.ozone.om.KeyManagerImpl.getFileStatus(KeyManagerImpl.java:1103) ~[ozone-manager-1.4.0-SNAPSHOT.jar:?]
	at org.apache.hadoop.ozone.om.OmMetadataReader.getFileStatus(OmMetadataReader.java:289) ~[ozone-manager-1.4.0-SNAPSHOT.jar:?]
	at org.apache.hadoop.ozone.om.OzoneManager.getFileStatus(OzoneManager.java:3502) ~[ozone-manager-1.4.0-SNAPSHOT.jar:?]
	at org.apache.hadoop.ozone.protocolPB.OzoneManagerRequestHandler.getOzoneFileStatus(OzoneManagerRequestHandler.java:934) ~[ozone-manager-1.4.0-SNAPSHOT.jar:?]
	at org.apache.hadoop.ozone.protocolPB.OzoneManagerRequestHandler.handleReadRequest(OzoneManagerRequestHandler.java:238) ~[ozone-manager-1.4.0-SNAPSHOT.jar:?]
	at org.apache.hadoop.ozone.protocolPB.OzoneManagerProtocolServerSideTranslatorPB.submitReadRequestToOM(OzoneManagerProtocolServerSideTranslatorPB.java:223) ~[ozone-manager-1.4.0-SNAPSHOT.jar:?]
	at org.apache.hadoop.ozone.protocolPB.OzoneManagerProtocolServerSideTranslatorPB.processRequest(OzoneManagerProtocolServerSideTranslatorPB.java:177) ~[ozone-manager-1.4.0-SNAPSHOT.jar:?]
	at org.apache.hadoop.hdds.server.OzoneProtocolMessageDispatcher.processRequest(OzoneProtocolMessageDispatcher.java:87) [hdds-server-framework-1.4.0-SNAPSHOT.jar:?]
	at org.apache.hadoop.ozone.protocolPB.OzoneManagerProtocolServerSideTranslatorPB.submitRequest(OzoneManagerProtocolServerSideTranslatorPB.java:147) [ozone-manager-1.4.0-SNAPSHOT.jar:?]
	at org.apache.hadoop.ozone.protocol.proto.OzoneManagerProtocolProtos$OzoneManagerService$2.callBlockingMethod(OzoneManagerProtocolProtos.java) [ozone-interface-client-1.4.0-SNAPSHOT.jar:?]
	at org.apache.hadoop.ipc.ProtobufRpcEngine$Server.processCall(ProtobufRpcEngine.java:484) [hadoop-common-3.3.5.jar:?]
	at org.apache.hadoop.ipc.ProtobufRpcEngine2$Server$ProtoBufRpcInvoker.call(ProtobufRpcEngine2.java:595) [hadoop-common-3.3.5.jar:?]
	at org.apache.hadoop.ipc.ProtobufRpcEngine2$Server$ProtoBufRpcInvoker.call(ProtobufRpcEngine2.java:573) [hadoop-common-3.3.5.jar:?]
	at org.apache.hadoop.ipc.RPC$Server.call(RPC.java:1213) [hadoop-common-3.3.5.jar:?]
	at org.apache.hadoop.ipc.Server$RpcCall.run(Server.java:1089) [hadoop-common-3.3.5.jar:?]
	at org.apache.hadoop.ipc.Server$RpcCall.run(Server.java:1012) [hadoop-common-3.3.5.jar:?]
	at java.security.AccessController.doPrivileged(Native Method) ~[?:1.8.0_362]
	at javax.security.auth.Subject.doAs(Subject.java:422) [?:1.8.0_362]
	at org.apache.hadoop.security.UserGroupInformation.doAs(UserGroupInformation.java:1899) [hadoop-common-3.3.5.jar:?]
	at org.apache.hadoop.ipc.Server$Handler.run(Server.java:3026) [hadoop-common-3.3.5.jar:?]
20:14:29.345 [IPC Server handler 13 on default port 35517] ERROR OMAudit - user=runner | ip=127.0.0.1 | op=GET_FILE_STATUS {volume=vol-b-59845, bucket=buc-a-87725, key=key-, dataSize=0, replicationConfig=null} | ret=FAILURE
org.apache.hadoop.ozone.om.exceptions.OMException: Unable to get file status: volume: vol-b-59845 bucket: buc-a-87725 key: key-
	at org.apache.hadoop.ozone.om.KeyManagerImpl.getOzoneFileStatusFSO(KeyManagerImpl.java:1311) ~[ozone-manager-1.4.0-SNAPSHOT.jar:?]
	at org.apache.hadoop.ozone.om.KeyManagerImpl.getFileStatus(KeyManagerImpl.java:1103) ~[ozone-manager-1.4.0-SNAPSHOT.jar:?]
	at org.apache.hadoop.ozone.om.OmMetadataReader.getFileStatus(OmMetadataReader.java:289) ~[ozone-manager-1.4.0-SNAPSHOT.jar:?]
	at org.apache.hadoop.ozone.om.OzoneManager.getFileStatus(OzoneManager.java:3502) ~[ozone-manager-1.4.0-SNAPSHOT.jar:?]
	at org.apache.hadoop.ozone.protocolPB.OzoneManagerRequestHandler.getOzoneFileStatus(OzoneManagerRequestHandler.java:934) ~[ozone-manager-1.4.0-SNAPSHOT.jar:?]
	at org.apache.hadoop.ozone.protocolPB.OzoneManagerRequestHandler.handleReadRequest(OzoneManagerRequestHandler.java:238) ~[ozone-manager-1.4.0-SNAPSHOT.jar:?]
	at org.apache.hadoop.ozone.protocolPB.OzoneManagerProtocolServerSideTranslatorPB.submitReadRequestToOM(OzoneManagerProtocolServerSideTranslatorPB.java:223) ~[ozone-manager-1.4.0-SNAPSHOT.jar:?]
	at org.apache.hadoop.ozone.protocolPB.OzoneManagerProtocolServerSideTranslatorPB.processRequest(OzoneManagerProtocolServerSideTranslatorPB.java:177) ~[ozone-manager-1.4.0-SNAPSHOT.jar:?]
	at org.apache.hadoop.hdds.server.OzoneProtocolMessageDispatcher.processRequest(OzoneProtocolMessageDispatcher.java:87) [hdds-server-framework-1.4.0-SNAPSHOT.jar:?]
	at org.apache.hadoop.ozone.protocolPB.OzoneManagerProtocolServerSideTranslatorPB.submitRequest(OzoneManagerProtocolServerSideTranslatorPB.java:147) [ozone-manager-1.4.0-SNAPSHOT.jar:?]
	at org.apache.hadoop.ozone.protocol.proto.OzoneManagerProtocolProtos$OzoneManagerService$2.callBlockingMethod(OzoneManagerProtocolProtos.java) [ozone-interface-client-1.4.0-SNAPSHOT.jar:?]
	at org.apache.hadoop.ipc.ProtobufRpcEngine$Server.processCall(ProtobufRpcEngine.java:484) [hadoop-common-3.3.5.jar:?]
	at org.apache.hadoop.ipc.ProtobufRpcEngine2$Server$ProtoBufRpcInvoker.call(ProtobufRpcEngine2.java:595) [hadoop-common-3.3.5.jar:?]
	at org.apache.hadoop.ipc.ProtobufRpcEngine2$Server$ProtoBufRpcInvoker.call(ProtobufRpcEngine2.java:573) [hadoop-common-3.3.5.jar:?]
	at org.apache.hadoop.ipc.RPC$Server.call(RPC.java:1213) [hadoop-common-3.3.5.jar:?]
	at org.apache.hadoop.ipc.Server$RpcCall.run(Server.java:1089) [hadoop-common-3.3.5.jar:?]
	at org.apache.hadoop.ipc.Server$RpcCall.run(Server.java:1012) [hadoop-common-3.3.5.jar:?]
	at java.security.AccessController.doPrivileged(Native Method) ~[?:1.8.0_362]
	at javax.security.auth.Subject.doAs(Subject.java:422) [?:1.8.0_362]
	at org.apache.hadoop.security.UserGroupInformation.doAs(UserGroupInformation.java:1899) [hadoop-common-3.3.5.jar:?]
	at org.apache.hadoop.ipc.Server$Handler.run(Server.java:3026) [hadoop-common-3.3.5.jar:?]
20:14:29.351 [IPC Server handler 14 on default port 35517] ERROR OMAudit - user=runner | ip=127.0.0.1 | op=GET_FILE_STATUS {volume=vol-b-59845, bucket=buc-b-73572, key=key-, dataSize=0, replicationConfig=null} | ret=FAILURE
org.apache.hadoop.ozone.om.exceptions.OMException: Unable to get file status: volume: vol-b-59845 bucket: buc-b-73572 key: key-
	at org.apache.hadoop.ozone.om.KeyManagerImpl.getOzoneFileStatusFSO(KeyManagerImpl.java:1311) ~[ozone-manager-1.4.0-SNAPSHOT.jar:?]
	at org.apache.hadoop.ozone.om.KeyManagerImpl.getFileStatus(KeyManagerImpl.java:1103) ~[ozone-manager-1.4.0-SNAPSHOT.jar:?]
	at org.apache.hadoop.ozone.om.OmMetadataReader.getFileStatus(OmMetadataReader.java:289) ~[ozone-manager-1.4.0-SNAPSHOT.jar:?]
	at org.apache.hadoop.ozone.om.OzoneManager.getFileStatus(OzoneManager.java:3502) ~[ozone-manager-1.4.0-SNAPSHOT.jar:?]
	at org.apache.hadoop.ozone.protocolPB.OzoneManagerRequestHandler.getOzoneFileStatus(OzoneManagerRequestHandler.java:934) ~[ozone-manager-1.4.0-SNAPSHOT.jar:?]
	at org.apache.hadoop.ozone.protocolPB.OzoneManagerRequestHandler.handleReadRequest(OzoneManagerRequestHandler.java:238) ~[ozone-manager-1.4.0-SNAPSHOT.jar:?]
	at org.apache.hadoop.ozone.protocolPB.OzoneManagerProtocolServerSideTranslatorPB.submitReadRequestToOM(OzoneManagerProtocolServerSideTranslatorPB.java:223) ~[ozone-manager-1.4.0-SNAPSHOT.jar:?]
	at org.apache.hadoop.ozone.protocolPB.OzoneManagerProtocolServerSideTranslatorPB.processRequest(OzoneManagerProtocolServerSideTranslatorPB.java:177) ~[ozone-manager-1.4.0-SNAPSHOT.jar:?]
	at org.apache.hadoop.hdds.server.OzoneProtocolMessageDispatcher.processRequest(OzoneProtocolMessageDispatcher.java:87) [hdds-server-framework-1.4.0-SNAPSHOT.jar:?]
	at org.apache.hadoop.ozone.protocolPB.OzoneManagerProtocolServerSideTranslatorPB.submitRequest(OzoneManagerProtocolServerSideTranslatorPB.java:147) [ozone-manager-1.4.0-SNAPSHOT.jar:?]
	at org.apache.hadoop.ozone.protocol.proto.OzoneManagerProtocolProtos$OzoneManagerService$2.callBlockingMethod(OzoneManagerProtocolProtos.java) [ozone-interface-client-1.4.0-SNAPSHOT.jar:?]
	at org.apache.hadoop.ipc.ProtobufRpcEngine$Server.processCall(ProtobufRpcEngine.java:484) [hadoop-common-3.3.5.jar:?]
	at org.apache.hadoop.ipc.ProtobufRpcEngine2$Server$ProtoBufRpcInvoker.call(ProtobufRpcEngine2.java:595) [hadoop-common-3.3.5.jar:?]
	at org.apache.hadoop.ipc.ProtobufRpcEngine2$Server$ProtoBufRpcInvoker.call(ProtobufRpcEngine2.java:573) [hadoop-common-3.3.5.jar:?]
	at org.apache.hadoop.ipc.RPC$Server.call(RPC.java:1213) [hadoop-common-3.3.5.jar:?]
	at org.apache.hadoop.ipc.Server$RpcCall.run(Server.java:1089) [hadoop-common-3.3.5.jar:?]
	at org.apache.hadoop.ipc.Server$RpcCall.run(Server.java:1012) [hadoop-common-3.3.5.jar:?]
	at java.security.AccessController.doPrivileged(Native Method) ~[?:1.8.0_362]
	at javax.security.auth.Subject.doAs(Subject.java:422) [?:1.8.0_362]
	at org.apache.hadoop.security.UserGroupInformation.doAs(UserGroupInformation.java:1899) [hadoop-common-3.3.5.jar:?]
	at org.apache.hadoop.ipc.Server$Handler.run(Server.java:3026) [hadoop-common-3.3.5.jar:?]
20:14:29.356 [IPC Server handler 4 on default port 35517] ERROR OMAudit - user=runner | ip=127.0.0.1 | op=GET_FILE_STATUS {volume=vol-a-32007, bucket=buc-a-87725, key=key-a-, dataSize=0, replicationConfig=null} | ret=FAILURE
org.apache.hadoop.ozone.om.exceptions.OMException: Unable to get file status: volume: vol-a-32007 bucket: buc-a-87725 key: key-a-
	at org.apache.hadoop.ozone.om.KeyManagerImpl.getOzoneFileStatusFSO(KeyManagerImpl.java:1311) ~[ozone-manager-1.4.0-SNAPSHOT.jar:?]
	at org.apache.hadoop.ozone.om.KeyManagerImpl.getFileStatus(KeyManagerImpl.java:1103) ~[ozone-manager-1.4.0-SNAPSHOT.jar:?]
	at org.apache.hadoop.ozone.om.OmMetadataReader.getFileStatus(OmMetadataReader.java:289) ~[ozone-manager-1.4.0-SNAPSHOT.jar:?]
	at org.apache.hadoop.ozone.om.OzoneManager.getFileStatus(OzoneManager.java:3502) ~[ozone-manager-1.4.0-SNAPSHOT.jar:?]
	at org.apache.hadoop.ozone.protocolPB.OzoneManagerRequestHandler.getOzoneFileStatus(OzoneManagerRequestHandler.java:934) ~[ozone-manager-1.4.0-SNAPSHOT.jar:?]
	at org.apache.hadoop.ozone.protocolPB.OzoneManagerRequestHandler.handleReadRequest(OzoneManagerRequestHandler.java:238) ~[ozone-manager-1.4.0-SNAPSHOT.jar:?]
	at org.apache.hadoop.ozone.protocolPB.OzoneManagerProtocolServerSideTranslatorPB.submitReadRequestToOM(OzoneManagerProtocolServerSideTranslatorPB.java:223) ~[ozone-manager-1.4.0-SNAPSHOT.jar:?]
	at org.apache.hadoop.ozone.protocolPB.OzoneManagerProtocolServerSideTranslatorPB.processRequest(OzoneManagerProtocolServerSideTranslatorPB.java:177) ~[ozone-manager-1.4.0-SNAPSHOT.jar:?]
	at org.apache.hadoop.hdds.server.OzoneProtocolMessageDispatcher.processRequest(OzoneProtocolMessageDispatcher.java:87) [hdds-server-framework-1.4.0-SNAPSHOT.jar:?]
	at org.apache.hadoop.ozone.protocolPB.OzoneManagerProtocolServerSideTranslatorPB.submitRequest(OzoneManagerProtocolServerSideTranslatorPB.java:147) [ozone-manager-1.4.0-SNAPSHOT.jar:?]
	at org.apache.hadoop.ozone.protocol.proto.OzoneManagerProtocolProtos$OzoneManagerService$2.callBlockingMethod(OzoneManagerProtocolProtos.java) [ozone-interface-client-1.4.0-SNAPSHOT.jar:?]
	at org.apache.hadoop.ipc.ProtobufRpcEngine$Server.processCall(ProtobufRpcEngine.java:484) [hadoop-common-3.3.5.jar:?]
	at org.apache.hadoop.ipc.ProtobufRpcEngine2$Server$ProtoBufRpcInvoker.call(ProtobufRpcEngine2.java:595) [hadoop-common-3.3.5.jar:?]
	at org.apache.hadoop.ipc.ProtobufRpcEngine2$Server$ProtoBufRpcInvoker.call(ProtobufRpcEngine2.java:573) [hadoop-common-3.3.5.jar:?]
	at org.apache.hadoop.ipc.RPC$Server.call(RPC.java:1213) [hadoop-common-3.3.5.jar:?]
	at org.apache.hadoop.ipc.Server$RpcCall.run(Server.java:1089) [hadoop-common-3.3.5.jar:?]
	at org.apache.hadoop.ipc.Server$RpcCall.run(Server.java:1012) [hadoop-common-3.3.5.jar:?]
	at java.security.AccessController.doPrivileged(Native Method) ~[?:1.8.0_362]
	at javax.security.auth.Subject.doAs(Subject.java:422) [?:1.8.0_362]
	at org.apache.hadoop.security.UserGroupInformation.doAs(UserGroupInformation.java:1899) [hadoop-common-3.3.5.jar:?]
	at org.apache.hadoop.ipc.Server$Handler.run(Server.java:3026) [hadoop-common-3.3.5.jar:?]
20:14:29.361 [IPC Server handler 0 on default port 35517] ERROR OMAudit - user=runner | ip=127.0.0.1 | op=GET_FILE_STATUS {volume=vol-a-32007, bucket=buc-a-87725, key=key-b-, dataSize=0, replicationConfig=null} | ret=FAILURE
org.apache.hadoop.ozone.om.exceptions.OMException: Unable to get file status: volume: vol-a-32007 bucket: buc-a-87725 key: key-b-
	at org.apache.hadoop.ozone.om.KeyManagerImpl.getOzoneFileStatusFSO(KeyManagerImpl.java:1311) ~[ozone-manager-1.4.0-SNAPSHOT.jar:?]
	at org.apache.hadoop.ozone.om.KeyManagerImpl.getFileStatus(KeyManagerImpl.java:1103) ~[ozone-manager-1.4.0-SNAPSHOT.jar:?]
	at org.apache.hadoop.ozone.om.OmMetadataReader.getFileStatus(OmMetadataReader.java:289) ~[ozone-manager-1.4.0-SNAPSHOT.jar:?]
	at org.apache.hadoop.ozone.om.OzoneManager.getFileStatus(OzoneManager.java:3502) ~[ozone-manager-1.4.0-SNAPSHOT.jar:?]
	at org.apache.hadoop.ozone.protocolPB.OzoneManagerRequestHandler.getOzoneFileStatus(OzoneManagerRequestHandler.java:934) ~[ozone-manager-1.4.0-SNAPSHOT.jar:?]
	at org.apache.hadoop.ozone.protocolPB.OzoneManagerRequestHandler.handleReadRequest(OzoneManagerRequestHandler.java:238) ~[ozone-manager-1.4.0-SNAPSHOT.jar:?]
	at org.apache.hadoop.ozone.protocolPB.OzoneManagerProtocolServerSideTranslatorPB.submitReadRequestToOM(OzoneManagerProtocolServerSideTranslatorPB.java:223) ~[ozone-manager-1.4.0-SNAPSHOT.jar:?]
	at org.apache.hadoop.ozone.protocolPB.OzoneManagerProtocolServerSideTranslatorPB.processRequest(OzoneManagerProtocolServerSideTranslatorPB.java:177) ~[ozone-manager-1.4.0-SNAPSHOT.jar:?]
	at org.apache.hadoop.hdds.server.OzoneProtocolMessageDispatcher.processRequest(OzoneProtocolMessageDispatcher.java:87) [hdds-server-framework-1.4.0-SNAPSHOT.jar:?]
	at org.apache.hadoop.ozone.protocolPB.OzoneManagerProtocolServerSideTranslatorPB.submitRequest(OzoneManagerProtocolServerSideTranslatorPB.java:147) [ozone-manager-1.4.0-SNAPSHOT.jar:?]
	at org.apache.hadoop.ozone.protocol.proto.OzoneManagerProtocolProtos$OzoneManagerService$2.callBlockingMethod(OzoneManagerProtocolProtos.java) [ozone-interface-client-1.4.0-SNAPSHOT.jar:?]
	at org.apache.hadoop.ipc.ProtobufRpcEngine$Server.processCall(ProtobufRpcEngine.java:484) [hadoop-common-3.3.5.jar:?]
	at org.apache.hadoop.ipc.ProtobufRpcEngine2$Server$ProtoBufRpcInvoker.call(ProtobufRpcEngine2.java:595) [hadoop-common-3.3.5.jar:?]
	at org.apache.hadoop.ipc.ProtobufRpcEngine2$Server$ProtoBufRpcInvoker.call(ProtobufRpcEngine2.java:573) [hadoop-common-3.3.5.jar:?]
	at org.apache.hadoop.ipc.RPC$Server.call(RPC.java:1213) [hadoop-common-3.3.5.jar:?]
	at org.apache.hadoop.ipc.Server$RpcCall.run(Server.java:1089) [hadoop-common-3.3.5.jar:?]
	at org.apache.hadoop.ipc.Server$RpcCall.run(Server.java:1012) [hadoop-common-3.3.5.jar:?]
	at java.security.AccessController.doPrivileged(Native Method) ~[?:1.8.0_362]
	at javax.security.auth.Subject.doAs(Subject.java:422) [?:1.8.0_362]
	at org.apache.hadoop.security.UserGroupInformation.doAs(UserGroupInformation.java:1899) [hadoop-common-3.3.5.jar:?]
	at org.apache.hadoop.ipc.Server$Handler.run(Server.java:3026) [hadoop-common-3.3.5.jar:?]
]]></system-out>
  </testcase>
  <testcase name="testListKeyOnEmptyBucket" classname="org.apache.hadoop.ozone.client.rpc.TestOzoneRpcClient" time="0.008">
    <system-out><![CDATA[2023-05-04 20:14:29,364 [Listener at 127.0.0.1/35517] INFO  rpc.RpcClient (RpcClient.java:createVolume(476)) - Creating Volume: vol-83070, with runner as owner and space quota set to -1 bytes, counts quota set to -1
2023-05-04 20:14:29,365 [OM StateMachine ApplyTransaction Thread - 0] INFO  volume.OMVolumeCreateRequest (OMVolumeCreateRequest.java:validateAndUpdateCache(195)) - created volume:vol-83070 for user:runner
2023-05-04 20:14:29,367 [Listener at 127.0.0.1/35517] INFO  rpc.RpcClient (RpcClient.java:createBucket(697)) - Creating Bucket: vol-83070/buc-26709, with server-side default bucket layout, runner as owner, Versioning false, Storage Type set to DISK and Encryption set to false, Replication Type set to server-side default replication type, Namespace Quota set to -1, Space Quota set to -1 
2023-05-04 20:14:29,368 [OM StateMachine ApplyTransaction Thread - 0] INFO  bucket.OMBucketCreateRequest (OMBucketCreateRequest.java:validateAndUpdateCache(270)) - created bucket: buc-26709 of layout FILE_SYSTEM_OPTIMIZED in volume: vol-83070
]]></system-out>
  </testcase>
  <testcase name="testListMultipartUploadParts(ReplicationConfig)[1]" classname="org.apache.hadoop.ozone.client.rpc.TestOzoneRpcClient" time="0.164">
    <system-out><![CDATA[2023-05-04 20:14:29,373 [Listener at 127.0.0.1/35517] INFO  rpc.RpcClient (RpcClient.java:createVolume(476)) - Creating Volume: 46209449-10b4-4a3d-b6eb-edab8e075e58, with runner as owner and space quota set to -1 bytes, counts quota set to -1
2023-05-04 20:14:29,374 [OM StateMachine ApplyTransaction Thread - 0] INFO  volume.OMVolumeCreateRequest (OMVolumeCreateRequest.java:validateAndUpdateCache(195)) - created volume:46209449-10b4-4a3d-b6eb-edab8e075e58 for user:runner
2023-05-04 20:14:29,375 [Listener at 127.0.0.1/35517] INFO  rpc.RpcClient (RpcClient.java:createBucket(697)) - Creating Bucket: 46209449-10b4-4a3d-b6eb-edab8e075e58/2d6b4e59-2d22-409c-b60e-aeb8eeccde1d, with server-side default bucket layout, runner as owner, Versioning false, Storage Type set to DISK and Encryption set to false, Replication Type set to server-side default replication type, Namespace Quota set to -1, Space Quota set to -1 
2023-05-04 20:14:29,377 [OM StateMachine ApplyTransaction Thread - 0] INFO  bucket.OMBucketCreateRequest (OMBucketCreateRequest.java:validateAndUpdateCache(270)) - created bucket: 2d6b4e59-2d22-409c-b60e-aeb8eeccde1d of layout FILE_SYSTEM_OPTIMIZED in volume: 46209449-10b4-4a3d-b6eb-edab8e075e58
]]></system-out>
  </testcase>
  <testcase name="testListMultipartUploadParts(ReplicationConfig)[2]" classname="org.apache.hadoop.ozone.client.rpc.TestOzoneRpcClient" time="0.5">
    <system-out><![CDATA[2023-05-04 20:14:29,537 [Listener at 127.0.0.1/35517] INFO  rpc.RpcClient (RpcClient.java:createVolume(476)) - Creating Volume: a82762e6-dd02-4443-8bbb-a74711b60b42, with runner as owner and space quota set to -1 bytes, counts quota set to -1
2023-05-04 20:14:29,540 [OM StateMachine ApplyTransaction Thread - 0] INFO  volume.OMVolumeCreateRequest (OMVolumeCreateRequest.java:validateAndUpdateCache(195)) - created volume:a82762e6-dd02-4443-8bbb-a74711b60b42 for user:runner
2023-05-04 20:14:29,541 [Listener at 127.0.0.1/35517] INFO  rpc.RpcClient (RpcClient.java:createBucket(697)) - Creating Bucket: a82762e6-dd02-4443-8bbb-a74711b60b42/733c7736-8604-4105-b0aa-9bd32c79374c, with server-side default bucket layout, runner as owner, Versioning false, Storage Type set to DISK and Encryption set to false, Replication Type set to server-side default replication type, Namespace Quota set to -1, Space Quota set to -1 
2023-05-04 20:14:29,543 [OM StateMachine ApplyTransaction Thread - 0] INFO  bucket.OMBucketCreateRequest (OMBucketCreateRequest.java:validateAndUpdateCache(270)) - created bucket: 733c7736-8604-4105-b0aa-9bd32c79374c of layout FILE_SYSTEM_OPTIMIZED in volume: a82762e6-dd02-4443-8bbb-a74711b60b42
]]></system-out>
  </testcase>
  <testcase name="testListMultipartUploadParts(ReplicationConfig)[3]" classname="org.apache.hadoop.ozone.client.rpc.TestOzoneRpcClient" time="0.264">
    <system-out><![CDATA[2023-05-04 20:14:30,038 [Listener at 127.0.0.1/35517] INFO  rpc.RpcClient (RpcClient.java:createVolume(476)) - Creating Volume: 7317e935-4c38-4525-8c79-fe5e48519310, with runner as owner and space quota set to -1 bytes, counts quota set to -1
2023-05-04 20:14:30,040 [OM StateMachine ApplyTransaction Thread - 0] INFO  volume.OMVolumeCreateRequest (OMVolumeCreateRequest.java:validateAndUpdateCache(195)) - created volume:7317e935-4c38-4525-8c79-fe5e48519310 for user:runner
2023-05-04 20:14:30,042 [Listener at 127.0.0.1/35517] INFO  rpc.RpcClient (RpcClient.java:createBucket(697)) - Creating Bucket: 7317e935-4c38-4525-8c79-fe5e48519310/dfbd55e1-7917-4644-9c12-a48c7a05ce10, with server-side default bucket layout, runner as owner, Versioning false, Storage Type set to DISK and Encryption set to false, Replication Type set to server-side default replication type, Namespace Quota set to -1, Space Quota set to -1 
2023-05-04 20:14:30,044 [OM StateMachine ApplyTransaction Thread - 0] INFO  bucket.OMBucketCreateRequest (OMBucketCreateRequest.java:validateAndUpdateCache(270)) - created bucket: dfbd55e1-7917-4644-9c12-a48c7a05ce10 of layout FILE_SYSTEM_OPTIMIZED in volume: 7317e935-4c38-4525-8c79-fe5e48519310
]]></system-out>
  </testcase>
  <testcase name="testListMultipartUploadPartsWithContinuation(ReplicationConfig)[1]" classname="org.apache.hadoop.ozone.client.rpc.TestOzoneRpcClient" time="0.149">
    <system-out><![CDATA[2023-05-04 20:14:30,305 [Listener at 127.0.0.1/35517] INFO  rpc.RpcClient (RpcClient.java:createVolume(476)) - Creating Volume: 7420e1d3-f2ec-4067-ac04-349029050d34, with runner as owner and space quota set to -1 bytes, counts quota set to -1
2023-05-04 20:14:30,307 [OM StateMachine ApplyTransaction Thread - 0] INFO  volume.OMVolumeCreateRequest (OMVolumeCreateRequest.java:validateAndUpdateCache(195)) - created volume:7420e1d3-f2ec-4067-ac04-349029050d34 for user:runner
2023-05-04 20:14:30,309 [Listener at 127.0.0.1/35517] INFO  rpc.RpcClient (RpcClient.java:createBucket(697)) - Creating Bucket: 7420e1d3-f2ec-4067-ac04-349029050d34/41cd8bc6-c899-4b09-8113-26bbc02b047f, with server-side default bucket layout, runner as owner, Versioning false, Storage Type set to DISK and Encryption set to false, Replication Type set to server-side default replication type, Namespace Quota set to -1, Space Quota set to -1 
2023-05-04 20:14:30,311 [OM StateMachine ApplyTransaction Thread - 0] INFO  bucket.OMBucketCreateRequest (OMBucketCreateRequest.java:validateAndUpdateCache(270)) - created bucket: 41cd8bc6-c899-4b09-8113-26bbc02b047f of layout FILE_SYSTEM_OPTIMIZED in volume: 7420e1d3-f2ec-4067-ac04-349029050d34
]]></system-out>
  </testcase>
  <testcase name="testListMultipartUploadPartsWithContinuation(ReplicationConfig)[2]" classname="org.apache.hadoop.ozone.client.rpc.TestOzoneRpcClient" time="1.053">
    <system-out><![CDATA[2023-05-04 20:14:30,453 [Listener at 127.0.0.1/35517] INFO  rpc.RpcClient (RpcClient.java:createVolume(476)) - Creating Volume: f44a0ab2-dca3-4195-8637-b318c5eb95cc, with runner as owner and space quota set to -1 bytes, counts quota set to -1
2023-05-04 20:14:30,455 [OM StateMachine ApplyTransaction Thread - 0] INFO  volume.OMVolumeCreateRequest (OMVolumeCreateRequest.java:validateAndUpdateCache(195)) - created volume:f44a0ab2-dca3-4195-8637-b318c5eb95cc for user:runner
2023-05-04 20:14:30,456 [Listener at 127.0.0.1/35517] INFO  rpc.RpcClient (RpcClient.java:createBucket(697)) - Creating Bucket: f44a0ab2-dca3-4195-8637-b318c5eb95cc/0dd7abe3-0ae5-4cb0-b8f3-471ed9c44ee5, with server-side default bucket layout, runner as owner, Versioning false, Storage Type set to DISK and Encryption set to false, Replication Type set to server-side default replication type, Namespace Quota set to -1, Space Quota set to -1 
2023-05-04 20:14:30,459 [OM StateMachine ApplyTransaction Thread - 0] INFO  bucket.OMBucketCreateRequest (OMBucketCreateRequest.java:validateAndUpdateCache(270)) - created bucket: 0dd7abe3-0ae5-4cb0-b8f3-471ed9c44ee5 of layout FILE_SYSTEM_OPTIMIZED in volume: f44a0ab2-dca3-4195-8637-b318c5eb95cc
]]></system-out>
  </testcase>
  <testcase name="testListMultipartUploadPartsWithContinuation(ReplicationConfig)[3]" classname="org.apache.hadoop.ozone.client.rpc.TestOzoneRpcClient" time="0.322">
    <system-out><![CDATA[2023-05-04 20:14:31,506 [Listener at 127.0.0.1/35517] INFO  rpc.RpcClient (RpcClient.java:createVolume(476)) - Creating Volume: afbf2e7a-ae4a-4dff-a8db-3c2ed3736635, with runner as owner and space quota set to -1 bytes, counts quota set to -1
2023-05-04 20:14:31,508 [OM StateMachine ApplyTransaction Thread - 0] INFO  volume.OMVolumeCreateRequest (OMVolumeCreateRequest.java:validateAndUpdateCache(195)) - created volume:afbf2e7a-ae4a-4dff-a8db-3c2ed3736635 for user:runner
2023-05-04 20:14:31,510 [Listener at 127.0.0.1/35517] INFO  rpc.RpcClient (RpcClient.java:createBucket(697)) - Creating Bucket: afbf2e7a-ae4a-4dff-a8db-3c2ed3736635/3b1db156-44fb-42ae-bbb3-d87f7082fe90, with server-side default bucket layout, runner as owner, Versioning false, Storage Type set to DISK and Encryption set to false, Replication Type set to server-side default replication type, Namespace Quota set to -1, Space Quota set to -1 
2023-05-04 20:14:31,512 [OM StateMachine ApplyTransaction Thread - 0] INFO  bucket.OMBucketCreateRequest (OMBucketCreateRequest.java:validateAndUpdateCache(270)) - created bucket: 3b1db156-44fb-42ae-bbb3-d87f7082fe90 of layout FILE_SYSTEM_OPTIMIZED in volume: afbf2e7a-ae4a-4dff-a8db-3c2ed3736635
]]></system-out>
  </testcase>
  <testcase name="testListPartsInvalidMaxParts" classname="org.apache.hadoop.ozone.client.rpc.TestOzoneRpcClient" time="0.007">
    <system-out><![CDATA[2023-05-04 20:14:31,829 [Listener at 127.0.0.1/35517] INFO  rpc.RpcClient (RpcClient.java:createVolume(476)) - Creating Volume: c62e9298-ae35-4240-ad6f-4aa588790344, with runner as owner and space quota set to -1 bytes, counts quota set to -1
2023-05-04 20:14:31,832 [OM StateMachine ApplyTransaction Thread - 0] INFO  volume.OMVolumeCreateRequest (OMVolumeCreateRequest.java:validateAndUpdateCache(195)) - created volume:c62e9298-ae35-4240-ad6f-4aa588790344 for user:runner
2023-05-04 20:14:31,833 [Listener at 127.0.0.1/35517] INFO  rpc.RpcClient (RpcClient.java:createBucket(697)) - Creating Bucket: c62e9298-ae35-4240-ad6f-4aa588790344/f269be90-358f-4823-a281-c4fc6825634f, with server-side default bucket layout, runner as owner, Versioning false, Storage Type set to DISK and Encryption set to false, Replication Type set to server-side default replication type, Namespace Quota set to -1, Space Quota set to -1 
2023-05-04 20:14:31,834 [OM StateMachine ApplyTransaction Thread - 0] INFO  bucket.OMBucketCreateRequest (OMBucketCreateRequest.java:validateAndUpdateCache(270)) - created bucket: f269be90-358f-4823-a281-c4fc6825634f of layout FILE_SYSTEM_OPTIMIZED in volume: c62e9298-ae35-4240-ad6f-4aa588790344
]]></system-out>
  </testcase>
  <testcase name="testListPartsInvalidPartMarker" classname="org.apache.hadoop.ozone.client.rpc.TestOzoneRpcClient" time="0.007">
    <system-out><![CDATA[2023-05-04 20:14:31,837 [Listener at 127.0.0.1/35517] INFO  rpc.RpcClient (RpcClient.java:createVolume(476)) - Creating Volume: bb321eda-3161-499a-9938-a2e25ea059c8, with runner as owner and space quota set to -1 bytes, counts quota set to -1
2023-05-04 20:14:31,839 [OM StateMachine ApplyTransaction Thread - 0] INFO  volume.OMVolumeCreateRequest (OMVolumeCreateRequest.java:validateAndUpdateCache(195)) - created volume:bb321eda-3161-499a-9938-a2e25ea059c8 for user:runner
2023-05-04 20:14:31,840 [Listener at 127.0.0.1/35517] INFO  rpc.RpcClient (RpcClient.java:createBucket(697)) - Creating Bucket: bb321eda-3161-499a-9938-a2e25ea059c8/f4005dd3-6aed-447c-b8b0-f1f57ae17060, with server-side default bucket layout, runner as owner, Versioning false, Storage Type set to DISK and Encryption set to false, Replication Type set to server-side default replication type, Namespace Quota set to -1, Space Quota set to -1 
2023-05-04 20:14:31,841 [OM StateMachine ApplyTransaction Thread - 0] INFO  bucket.OMBucketCreateRequest (OMBucketCreateRequest.java:validateAndUpdateCache(270)) - created bucket: f4005dd3-6aed-447c-b8b0-f1f57ae17060 of layout FILE_SYSTEM_OPTIMIZED in volume: bb321eda-3161-499a-9938-a2e25ea059c8
]]></system-out>
  </testcase>
  <testcase name="testListPartsWithInvalidUploadID" classname="org.apache.hadoop.ozone.client.rpc.TestOzoneRpcClient" time="0.013">
    <system-out><![CDATA[2023-05-04 20:14:31,844 [Listener at 127.0.0.1/35517] INFO  rpc.RpcClient (RpcClient.java:createVolume(476)) - Creating Volume: 58faec74-130e-44e9-ab46-a9ea210f7fbf, with runner as owner and space quota set to -1 bytes, counts quota set to -1
2023-05-04 20:14:31,846 [OM StateMachine ApplyTransaction Thread - 0] INFO  volume.OMVolumeCreateRequest (OMVolumeCreateRequest.java:validateAndUpdateCache(195)) - created volume:58faec74-130e-44e9-ab46-a9ea210f7fbf for user:runner
2023-05-04 20:14:31,847 [Listener at 127.0.0.1/35517] INFO  rpc.RpcClient (RpcClient.java:createBucket(697)) - Creating Bucket: 58faec74-130e-44e9-ab46-a9ea210f7fbf/40d3b885-5431-4a95-84b3-3ab7e20e1ad3, with server-side default bucket layout, runner as owner, Versioning false, Storage Type set to DISK and Encryption set to false, Replication Type set to server-side default replication type, Namespace Quota set to -1, Space Quota set to -1 
2023-05-04 20:14:31,849 [OM StateMachine ApplyTransaction Thread - 0] INFO  bucket.OMBucketCreateRequest (OMBucketCreateRequest.java:validateAndUpdateCache(270)) - created bucket: 40d3b885-5431-4a95-84b3-3ab7e20e1ad3 of layout FILE_SYSTEM_OPTIMIZED in volume: 58faec74-130e-44e9-ab46-a9ea210f7fbf
20:14:31.855 [IPC Server handler 19 on default port 35517] ERROR OMAudit - user=runner | ip=127.0.0.1 | op=LIST_MULTIPART_UPLOAD_PARTS {volume=58faec74-130e-44e9-ab46-a9ea210f7fbf, bucket=40d3b885-5431-4a95-84b3-3ab7e20e1ad3, key=d2c5bb9b-c984-4158-b32b-73e366fe1853, uploadID=random, partNumberMarker=100, maxParts=2} | ret=FAILURE
org.apache.hadoop.ozone.om.exceptions.OMException: No Such Multipart upload exists for this key.
	at org.apache.hadoop.ozone.om.KeyManagerImpl.listParts(KeyManagerImpl.java:728) ~[ozone-manager-1.4.0-SNAPSHOT.jar:?]
	at org.apache.hadoop.ozone.om.OzoneManager.listParts(OzoneManager.java:3460) ~[ozone-manager-1.4.0-SNAPSHOT.jar:?]
	at org.apache.hadoop.ozone.protocolPB.OzoneManagerRequestHandler.listParts(OzoneManagerRequestHandler.java:846) ~[ozone-manager-1.4.0-SNAPSHOT.jar:?]
	at org.apache.hadoop.ozone.protocolPB.OzoneManagerRequestHandler.handleReadRequest(OzoneManagerRequestHandler.java:214) ~[ozone-manager-1.4.0-SNAPSHOT.jar:?]
	at org.apache.hadoop.ozone.protocolPB.OzoneManagerProtocolServerSideTranslatorPB.submitReadRequestToOM(OzoneManagerProtocolServerSideTranslatorPB.java:223) ~[ozone-manager-1.4.0-SNAPSHOT.jar:?]
	at org.apache.hadoop.ozone.protocolPB.OzoneManagerProtocolServerSideTranslatorPB.processRequest(OzoneManagerProtocolServerSideTranslatorPB.java:177) ~[ozone-manager-1.4.0-SNAPSHOT.jar:?]
	at org.apache.hadoop.hdds.server.OzoneProtocolMessageDispatcher.processRequest(OzoneProtocolMessageDispatcher.java:87) [hdds-server-framework-1.4.0-SNAPSHOT.jar:?]
	at org.apache.hadoop.ozone.protocolPB.OzoneManagerProtocolServerSideTranslatorPB.submitRequest(OzoneManagerProtocolServerSideTranslatorPB.java:147) [ozone-manager-1.4.0-SNAPSHOT.jar:?]
	at org.apache.hadoop.ozone.protocol.proto.OzoneManagerProtocolProtos$OzoneManagerService$2.callBlockingMethod(OzoneManagerProtocolProtos.java) [ozone-interface-client-1.4.0-SNAPSHOT.jar:?]
	at org.apache.hadoop.ipc.ProtobufRpcEngine$Server.processCall(ProtobufRpcEngine.java:484) [hadoop-common-3.3.5.jar:?]
	at org.apache.hadoop.ipc.ProtobufRpcEngine2$Server$ProtoBufRpcInvoker.call(ProtobufRpcEngine2.java:595) [hadoop-common-3.3.5.jar:?]
	at org.apache.hadoop.ipc.ProtobufRpcEngine2$Server$ProtoBufRpcInvoker.call(ProtobufRpcEngine2.java:573) [hadoop-common-3.3.5.jar:?]
	at org.apache.hadoop.ipc.RPC$Server.call(RPC.java:1213) [hadoop-common-3.3.5.jar:?]
	at org.apache.hadoop.ipc.Server$RpcCall.run(Server.java:1089) [hadoop-common-3.3.5.jar:?]
	at org.apache.hadoop.ipc.Server$RpcCall.run(Server.java:1012) [hadoop-common-3.3.5.jar:?]
	at java.security.AccessController.doPrivileged(Native Method) ~[?:1.8.0_362]
	at javax.security.auth.Subject.doAs(Subject.java:422) [?:1.8.0_362]
	at org.apache.hadoop.security.UserGroupInformation.doAs(UserGroupInformation.java:1899) [hadoop-common-3.3.5.jar:?]
	at org.apache.hadoop.ipc.Server$Handler.run(Server.java:3026) [hadoop-common-3.3.5.jar:?]
]]></system-out>
  </testcase>
  <testcase name="testListPartsWithPartMarkerGreaterThanPartCount" classname="org.apache.hadoop.ozone.client.rpc.TestOzoneRpcClient" time="0.062">
    <system-out><![CDATA[2023-05-04 20:14:31,857 [Listener at 127.0.0.1/35517] INFO  rpc.RpcClient (RpcClient.java:createVolume(476)) - Creating Volume: d15636fb-0da5-4ace-86b1-1292ca5cb0a8, with runner as owner and space quota set to -1 bytes, counts quota set to -1
2023-05-04 20:14:31,859 [OM StateMachine ApplyTransaction Thread - 0] INFO  volume.OMVolumeCreateRequest (OMVolumeCreateRequest.java:validateAndUpdateCache(195)) - created volume:d15636fb-0da5-4ace-86b1-1292ca5cb0a8 for user:runner
2023-05-04 20:14:31,860 [Listener at 127.0.0.1/35517] INFO  rpc.RpcClient (RpcClient.java:createBucket(697)) - Creating Bucket: d15636fb-0da5-4ace-86b1-1292ca5cb0a8/9259e6d4-e94f-499d-8e25-9bde28fb0ba6, with server-side default bucket layout, runner as owner, Versioning false, Storage Type set to DISK and Encryption set to false, Replication Type set to server-side default replication type, Namespace Quota set to -1, Space Quota set to -1 
2023-05-04 20:14:31,863 [OM StateMachine ApplyTransaction Thread - 0] INFO  bucket.OMBucketCreateRequest (OMBucketCreateRequest.java:validateAndUpdateCache(270)) - created bucket: 9259e6d4-e94f-499d-8e25-9bde28fb0ba6 of layout FILE_SYSTEM_OPTIMIZED in volume: d15636fb-0da5-4ace-86b1-1292ca5cb0a8
]]></system-out>
  </testcase>
  <testcase name="testListVolume" classname="org.apache.hadoop.ozone.client.rpc.TestOzoneRpcClient" time="0.056">
    <system-out><![CDATA[2023-05-04 20:14:31,920 [Listener at 127.0.0.1/35517] INFO  rpc.RpcClient (RpcClient.java:createVolume(476)) - Creating Volume: vol-list-a-0-92131, with runner as owner and space quota set to -1 bytes, counts quota set to -1
2023-05-04 20:14:31,922 [OM StateMachine ApplyTransaction Thread - 0] INFO  volume.OMVolumeCreateRequest (OMVolumeCreateRequest.java:validateAndUpdateCache(195)) - created volume:vol-list-a-0-92131 for user:runner
2023-05-04 20:14:31,922 [Listener at 127.0.0.1/35517] INFO  rpc.RpcClient (RpcClient.java:createVolume(476)) - Creating Volume: vol-list-a-1-31258, with runner as owner and space quota set to -1 bytes, counts quota set to -1
2023-05-04 20:14:31,924 [OM StateMachine ApplyTransaction Thread - 0] INFO  volume.OMVolumeCreateRequest (OMVolumeCreateRequest.java:validateAndUpdateCache(195)) - created volume:vol-list-a-1-31258 for user:runner
2023-05-04 20:14:31,925 [Listener at 127.0.0.1/35517] INFO  rpc.RpcClient (RpcClient.java:createVolume(476)) - Creating Volume: vol-list-a-2-00772, with runner as owner and space quota set to -1 bytes, counts quota set to -1
2023-05-04 20:14:31,926 [OM StateMachine ApplyTransaction Thread - 0] INFO  volume.OMVolumeCreateRequest (OMVolumeCreateRequest.java:validateAndUpdateCache(195)) - created volume:vol-list-a-2-00772 for user:runner
2023-05-04 20:14:31,926 [Listener at 127.0.0.1/35517] INFO  rpc.RpcClient (RpcClient.java:createVolume(476)) - Creating Volume: vol-list-a-3-05534, with runner as owner and space quota set to -1 bytes, counts quota set to -1
2023-05-04 20:14:31,928 [OM StateMachine ApplyTransaction Thread - 0] INFO  volume.OMVolumeCreateRequest (OMVolumeCreateRequest.java:validateAndUpdateCache(195)) - created volume:vol-list-a-3-05534 for user:runner
2023-05-04 20:14:31,928 [Listener at 127.0.0.1/35517] INFO  rpc.RpcClient (RpcClient.java:createVolume(476)) - Creating Volume: vol-list-a-4-93944, with runner as owner and space quota set to -1 bytes, counts quota set to -1
2023-05-04 20:14:31,929 [OM StateMachine ApplyTransaction Thread - 0] INFO  volume.OMVolumeCreateRequest (OMVolumeCreateRequest.java:validateAndUpdateCache(195)) - created volume:vol-list-a-4-93944 for user:runner
2023-05-04 20:14:31,930 [Listener at 127.0.0.1/35517] INFO  rpc.RpcClient (RpcClient.java:createVolume(476)) - Creating Volume: vol-list-a-5-93876, with runner as owner and space quota set to -1 bytes, counts quota set to -1
2023-05-04 20:14:31,931 [OM StateMachine ApplyTransaction Thread - 0] INFO  volume.OMVolumeCreateRequest (OMVolumeCreateRequest.java:validateAndUpdateCache(195)) - created volume:vol-list-a-5-93876 for user:runner
2023-05-04 20:14:31,932 [Listener at 127.0.0.1/35517] INFO  rpc.RpcClient (RpcClient.java:createVolume(476)) - Creating Volume: vol-list-a-6-66801, with runner as owner and space quota set to -1 bytes, counts quota set to -1
2023-05-04 20:14:31,933 [OM StateMachine ApplyTransaction Thread - 0] INFO  volume.OMVolumeCreateRequest (OMVolumeCreateRequest.java:validateAndUpdateCache(195)) - created volume:vol-list-a-6-66801 for user:runner
2023-05-04 20:14:31,934 [Listener at 127.0.0.1/35517] INFO  rpc.RpcClient (RpcClient.java:createVolume(476)) - Creating Volume: vol-list-a-7-65008, with runner as owner and space quota set to -1 bytes, counts quota set to -1
2023-05-04 20:14:31,935 [OM StateMachine ApplyTransaction Thread - 0] INFO  volume.OMVolumeCreateRequest (OMVolumeCreateRequest.java:validateAndUpdateCache(195)) - created volume:vol-list-a-7-65008 for user:runner
2023-05-04 20:14:31,936 [Listener at 127.0.0.1/35517] INFO  rpc.RpcClient (RpcClient.java:createVolume(476)) - Creating Volume: vol-list-a-8-53298, with runner as owner and space quota set to -1 bytes, counts quota set to -1
2023-05-04 20:14:31,938 [OM StateMachine ApplyTransaction Thread - 0] INFO  volume.OMVolumeCreateRequest (OMVolumeCreateRequest.java:validateAndUpdateCache(195)) - created volume:vol-list-a-8-53298 for user:runner
2023-05-04 20:14:31,938 [Listener at 127.0.0.1/35517] INFO  rpc.RpcClient (RpcClient.java:createVolume(476)) - Creating Volume: vol-list-a-9-80734, with runner as owner and space quota set to -1 bytes, counts quota set to -1
2023-05-04 20:14:31,940 [OM StateMachine ApplyTransaction Thread - 0] INFO  volume.OMVolumeCreateRequest (OMVolumeCreateRequest.java:validateAndUpdateCache(195)) - created volume:vol-list-a-9-80734 for user:runner
2023-05-04 20:14:31,942 [Listener at 127.0.0.1/35517] INFO  rpc.RpcClient (RpcClient.java:createVolume(476)) - Creating Volume: vol-list-b-0-76761, with runner as owner and space quota set to -1 bytes, counts quota set to -1
2023-05-04 20:14:31,944 [OM StateMachine ApplyTransaction Thread - 0] INFO  volume.OMVolumeCreateRequest (OMVolumeCreateRequest.java:validateAndUpdateCache(195)) - created volume:vol-list-b-0-76761 for user:runner
2023-05-04 20:14:31,944 [Listener at 127.0.0.1/35517] INFO  rpc.RpcClient (RpcClient.java:createVolume(476)) - Creating Volume: vol-list-b-1-26622, with runner as owner and space quota set to -1 bytes, counts quota set to -1
2023-05-04 20:14:31,947 [OM StateMachine ApplyTransaction Thread - 0] INFO  volume.OMVolumeCreateRequest (OMVolumeCreateRequest.java:validateAndUpdateCache(195)) - created volume:vol-list-b-1-26622 for user:runner
2023-05-04 20:14:31,948 [Listener at 127.0.0.1/35517] INFO  rpc.RpcClient (RpcClient.java:createVolume(476)) - Creating Volume: vol-list-b-2-63369, with runner as owner and space quota set to -1 bytes, counts quota set to -1
2023-05-04 20:14:31,950 [OM StateMachine ApplyTransaction Thread - 0] INFO  volume.OMVolumeCreateRequest (OMVolumeCreateRequest.java:validateAndUpdateCache(195)) - created volume:vol-list-b-2-63369 for user:runner
2023-05-04 20:14:31,950 [Listener at 127.0.0.1/35517] INFO  rpc.RpcClient (RpcClient.java:createVolume(476)) - Creating Volume: vol-list-b-3-94106, with runner as owner and space quota set to -1 bytes, counts quota set to -1
2023-05-04 20:14:31,952 [OM StateMachine ApplyTransaction Thread - 0] INFO  volume.OMVolumeCreateRequest (OMVolumeCreateRequest.java:validateAndUpdateCache(195)) - created volume:vol-list-b-3-94106 for user:runner
2023-05-04 20:14:31,952 [Listener at 127.0.0.1/35517] INFO  rpc.RpcClient (RpcClient.java:createVolume(476)) - Creating Volume: vol-list-b-4-18895, with runner as owner and space quota set to -1 bytes, counts quota set to -1
2023-05-04 20:14:31,954 [OM StateMachine ApplyTransaction Thread - 0] INFO  volume.OMVolumeCreateRequest (OMVolumeCreateRequest.java:validateAndUpdateCache(195)) - created volume:vol-list-b-4-18895 for user:runner
2023-05-04 20:14:31,954 [Listener at 127.0.0.1/35517] INFO  rpc.RpcClient (RpcClient.java:createVolume(476)) - Creating Volume: vol-list-b-5-35072, with runner as owner and space quota set to -1 bytes, counts quota set to -1
2023-05-04 20:14:31,956 [OM StateMachine ApplyTransaction Thread - 0] INFO  volume.OMVolumeCreateRequest (OMVolumeCreateRequest.java:validateAndUpdateCache(195)) - created volume:vol-list-b-5-35072 for user:runner
2023-05-04 20:14:31,956 [Listener at 127.0.0.1/35517] INFO  rpc.RpcClient (RpcClient.java:createVolume(476)) - Creating Volume: vol-list-b-6-42083, with runner as owner and space quota set to -1 bytes, counts quota set to -1
2023-05-04 20:14:31,958 [OM StateMachine ApplyTransaction Thread - 0] INFO  volume.OMVolumeCreateRequest (OMVolumeCreateRequest.java:validateAndUpdateCache(195)) - created volume:vol-list-b-6-42083 for user:runner
2023-05-04 20:14:31,959 [Listener at 127.0.0.1/35517] INFO  rpc.RpcClient (RpcClient.java:createVolume(476)) - Creating Volume: vol-list-b-7-14221, with runner as owner and space quota set to -1 bytes, counts quota set to -1
2023-05-04 20:14:31,960 [OM StateMachine ApplyTransaction Thread - 0] INFO  volume.OMVolumeCreateRequest (OMVolumeCreateRequest.java:validateAndUpdateCache(195)) - created volume:vol-list-b-7-14221 for user:runner
2023-05-04 20:14:31,961 [Listener at 127.0.0.1/35517] INFO  rpc.RpcClient (RpcClient.java:createVolume(476)) - Creating Volume: vol-list-b-8-09370, with runner as owner and space quota set to -1 bytes, counts quota set to -1
2023-05-04 20:14:31,963 [OM StateMachine ApplyTransaction Thread - 0] INFO  volume.OMVolumeCreateRequest (OMVolumeCreateRequest.java:validateAndUpdateCache(195)) - created volume:vol-list-b-8-09370 for user:runner
2023-05-04 20:14:31,963 [Listener at 127.0.0.1/35517] INFO  rpc.RpcClient (RpcClient.java:createVolume(476)) - Creating Volume: vol-list-b-9-56980, with runner as owner and space quota set to -1 bytes, counts quota set to -1
2023-05-04 20:14:31,965 [OM StateMachine ApplyTransaction Thread - 0] INFO  volume.OMVolumeCreateRequest (OMVolumeCreateRequest.java:validateAndUpdateCache(195)) - created volume:vol-list-b-9-56980 for user:runner
]]></system-out>
  </testcase>
  <testcase name="testMissingParentBucketUsedNamespace(BucketLayout)[1]" classname="org.apache.hadoop.ozone.client.rpc.TestOzoneRpcClient" time="0.025">
    <system-out><![CDATA[2023-05-04 20:14:31,980 [Listener at 127.0.0.1/35517] INFO  rpc.RpcClient (RpcClient.java:createVolume(476)) - Creating Volume: 5f5df49d-a117-49fe-959a-73a9b56b0d30, with runner as owner and space quota set to -1 bytes, counts quota set to -1
2023-05-04 20:14:31,982 [OM StateMachine ApplyTransaction Thread - 0] INFO  volume.OMVolumeCreateRequest (OMVolumeCreateRequest.java:validateAndUpdateCache(195)) - created volume:5f5df49d-a117-49fe-959a-73a9b56b0d30 for user:runner
2023-05-04 20:14:31,984 [Listener at 127.0.0.1/35517] INFO  rpc.RpcClient (RpcClient.java:createBucket(697)) - Creating Bucket: 5f5df49d-a117-49fe-959a-73a9b56b0d30/db489dcf-a377-4a57-895c-63dd1da8dbb9, with bucket layout OBJECT_STORE, runner as owner, Versioning false, Storage Type set to DISK and Encryption set to false, Replication Type set to server-side default replication type, Namespace Quota set to -1, Space Quota set to -1 
2023-05-04 20:14:31,989 [OM StateMachine ApplyTransaction Thread - 0] INFO  bucket.OMBucketCreateRequest (OMBucketCreateRequest.java:validateAndUpdateCache(270)) - created bucket: db489dcf-a377-4a57-895c-63dd1da8dbb9 of layout OBJECT_STORE in volume: 5f5df49d-a117-49fe-959a-73a9b56b0d30
]]></system-out>
  </testcase>
  <testcase name="testMissingParentBucketUsedNamespace(BucketLayout)[2]" classname="org.apache.hadoop.ozone.client.rpc.TestOzoneRpcClient" time="0.018">
    <system-out><![CDATA[2023-05-04 20:14:32,005 [Listener at 127.0.0.1/35517] INFO  rpc.RpcClient (RpcClient.java:createVolume(476)) - Creating Volume: 831d6cfb-e79d-4c57-9f01-5c81189fd848, with runner as owner and space quota set to -1 bytes, counts quota set to -1
2023-05-04 20:14:32,007 [OM StateMachine ApplyTransaction Thread - 0] INFO  volume.OMVolumeCreateRequest (OMVolumeCreateRequest.java:validateAndUpdateCache(195)) - created volume:831d6cfb-e79d-4c57-9f01-5c81189fd848 for user:runner
2023-05-04 20:14:32,009 [Listener at 127.0.0.1/35517] INFO  rpc.RpcClient (RpcClient.java:createBucket(697)) - Creating Bucket: 831d6cfb-e79d-4c57-9f01-5c81189fd848/f445b151-8867-4238-8c3e-25c55eb0910f, with bucket layout LEGACY, runner as owner, Versioning false, Storage Type set to DISK and Encryption set to false, Replication Type set to server-side default replication type, Namespace Quota set to -1, Space Quota set to -1 
2023-05-04 20:14:32,011 [OM StateMachine ApplyTransaction Thread - 0] INFO  bucket.OMBucketCreateRequest (OMBucketCreateRequest.java:validateAndUpdateCache(270)) - created bucket: f445b151-8867-4238-8c3e-25c55eb0910f of layout LEGACY in volume: 831d6cfb-e79d-4c57-9f01-5c81189fd848
]]></system-out>
  </testcase>
  <testcase name="testMissingParentBucketUsedNamespace(BucketLayout)[3]" classname="org.apache.hadoop.ozone.client.rpc.TestOzoneRpcClient" time="0.017">
    <system-out><![CDATA[2023-05-04 20:14:32,024 [Listener at 127.0.0.1/35517] INFO  rpc.RpcClient (RpcClient.java:createVolume(476)) - Creating Volume: 17cefb32-ec07-41d0-9eaf-e1b57a572176, with runner as owner and space quota set to -1 bytes, counts quota set to -1
2023-05-04 20:14:32,026 [OM StateMachine ApplyTransaction Thread - 0] INFO  volume.OMVolumeCreateRequest (OMVolumeCreateRequest.java:validateAndUpdateCache(195)) - created volume:17cefb32-ec07-41d0-9eaf-e1b57a572176 for user:runner
2023-05-04 20:14:32,027 [Listener at 127.0.0.1/35517] INFO  rpc.RpcClient (RpcClient.java:createBucket(697)) - Creating Bucket: 17cefb32-ec07-41d0-9eaf-e1b57a572176/7c1aca03-2c52-4862-92bf-8cb4e510abfa, with bucket layout FILE_SYSTEM_OPTIMIZED, runner as owner, Versioning false, Storage Type set to DISK and Encryption set to false, Replication Type set to server-side default replication type, Namespace Quota set to -1, Space Quota set to -1 
2023-05-04 20:14:32,029 [OM StateMachine ApplyTransaction Thread - 0] INFO  bucket.OMBucketCreateRequest (OMBucketCreateRequest.java:validateAndUpdateCache(270)) - created bucket: 7c1aca03-2c52-4862-92bf-8cb4e510abfa of layout FILE_SYSTEM_OPTIMIZED in volume: 17cefb32-ec07-41d0-9eaf-e1b57a572176
]]></system-out>
  </testcase>
  <testcase name="testMultipartUploadOverride(ReplicationConfig)[1]" classname="org.apache.hadoop.ozone.client.rpc.TestOzoneRpcClient" time="0.554">
    <system-out><![CDATA[2023-05-04 20:14:32,043 [Listener at 127.0.0.1/35517] INFO  rpc.RpcClient (RpcClient.java:createVolume(476)) - Creating Volume: 3f0fa962-7e70-4d7d-b836-2f68d0b9d8ce, with runner as owner and space quota set to -1 bytes, counts quota set to -1
2023-05-04 20:14:32,045 [OM StateMachine ApplyTransaction Thread - 0] INFO  volume.OMVolumeCreateRequest (OMVolumeCreateRequest.java:validateAndUpdateCache(195)) - created volume:3f0fa962-7e70-4d7d-b836-2f68d0b9d8ce for user:runner
2023-05-04 20:14:32,046 [Listener at 127.0.0.1/35517] INFO  rpc.RpcClient (RpcClient.java:createBucket(697)) - Creating Bucket: 3f0fa962-7e70-4d7d-b836-2f68d0b9d8ce/27be8aaa-f699-425e-a94c-3c218fb9a367, with server-side default bucket layout, runner as owner, Versioning false, Storage Type set to DISK and Encryption set to false, Replication Type set to server-side default replication type, Namespace Quota set to -1, Space Quota set to -1 
2023-05-04 20:14:32,048 [OM StateMachine ApplyTransaction Thread - 0] INFO  bucket.OMBucketCreateRequest (OMBucketCreateRequest.java:validateAndUpdateCache(270)) - created bucket: 27be8aaa-f699-425e-a94c-3c218fb9a367 of layout FILE_SYSTEM_OPTIMIZED in volume: 3f0fa962-7e70-4d7d-b836-2f68d0b9d8ce
2023-05-04 20:14:32,172 [IPC Server handler 15 on default port 35523] WARN  node.SCMNodeManager (SCMNodeManager.java:getNodesByAddress(1372)) - Cannot find node for address 127.0.0.1
2023-05-04 20:14:32,173 [IPC Server handler 9 on default port 35523] WARN  node.SCMNodeManager (SCMNodeManager.java:getNodesByAddress(1372)) - Cannot find node for address 127.0.0.1
2023-05-04 20:14:32,173 [IPC Server handler 10 on default port 35523] WARN  node.SCMNodeManager (SCMNodeManager.java:getNodesByAddress(1372)) - Cannot find node for address 127.0.0.1
2023-05-04 20:14:32,174 [IPC Server handler 14 on default port 35523] WARN  node.SCMNodeManager (SCMNodeManager.java:getNodesByAddress(1372)) - Cannot find node for address 127.0.0.1
2023-05-04 20:14:32,174 [IPC Server handler 19 on default port 35523] WARN  node.SCMNodeManager (SCMNodeManager.java:getNodesByAddress(1372)) - Cannot find node for address 127.0.0.1
2023-05-04 20:14:32,438 [IPC Server handler 4 on default port 35523] WARN  node.SCMNodeManager (SCMNodeManager.java:getNodesByAddress(1372)) - Cannot find node for address 127.0.0.1
2023-05-04 20:14:32,439 [IPC Server handler 11 on default port 35523] WARN  node.SCMNodeManager (SCMNodeManager.java:getNodesByAddress(1372)) - Cannot find node for address 127.0.0.1
2023-05-04 20:14:32,440 [IPC Server handler 16 on default port 35523] WARN  node.SCMNodeManager (SCMNodeManager.java:getNodesByAddress(1372)) - Cannot find node for address 127.0.0.1
2023-05-04 20:14:32,440 [IPC Server handler 7 on default port 35523] WARN  node.SCMNodeManager (SCMNodeManager.java:getNodesByAddress(1372)) - Cannot find node for address 127.0.0.1
]]></system-out>
  </testcase>
  <testcase name="testMultipartUploadOverride(ReplicationConfig)[2]" classname="org.apache.hadoop.ozone.client.rpc.TestOzoneRpcClient" time="0.719">
    <system-out><![CDATA[2023-05-04 20:14:32,598 [Listener at 127.0.0.1/35517] INFO  rpc.RpcClient (RpcClient.java:createVolume(476)) - Creating Volume: d2448c51-3d89-45c2-9ea6-bbb6af4db2b9, with runner as owner and space quota set to -1 bytes, counts quota set to -1
2023-05-04 20:14:32,600 [OM StateMachine ApplyTransaction Thread - 0] INFO  volume.OMVolumeCreateRequest (OMVolumeCreateRequest.java:validateAndUpdateCache(195)) - created volume:d2448c51-3d89-45c2-9ea6-bbb6af4db2b9 for user:runner
2023-05-04 20:14:32,602 [Listener at 127.0.0.1/35517] INFO  rpc.RpcClient (RpcClient.java:createBucket(697)) - Creating Bucket: d2448c51-3d89-45c2-9ea6-bbb6af4db2b9/a4eaf261-a5ff-41c4-8986-2bd7598cd7f1, with server-side default bucket layout, runner as owner, Versioning false, Storage Type set to DISK and Encryption set to false, Replication Type set to server-side default replication type, Namespace Quota set to -1, Space Quota set to -1 
2023-05-04 20:14:32,604 [OM StateMachine ApplyTransaction Thread - 0] INFO  bucket.OMBucketCreateRequest (OMBucketCreateRequest.java:validateAndUpdateCache(270)) - created bucket: a4eaf261-a5ff-41c4-8986-2bd7598cd7f1 of layout FILE_SYSTEM_OPTIMIZED in volume: d2448c51-3d89-45c2-9ea6-bbb6af4db2b9
2023-05-04 20:14:32,852 [IPC Server handler 8 on default port 35523] WARN  node.SCMNodeManager (SCMNodeManager.java:getNodesByAddress(1372)) - Cannot find node for address 127.0.0.1
2023-05-04 20:14:32,852 [IPC Server handler 15 on default port 35523] WARN  node.SCMNodeManager (SCMNodeManager.java:getNodesByAddress(1372)) - Cannot find node for address 127.0.0.1
2023-05-04 20:14:32,853 [IPC Server handler 9 on default port 35523] WARN  node.SCMNodeManager (SCMNodeManager.java:getNodesByAddress(1372)) - Cannot find node for address 127.0.0.1
2023-05-04 20:14:33,214 [IPC Server handler 2 on default port 35523] WARN  node.SCMNodeManager (SCMNodeManager.java:getNodesByAddress(1372)) - Cannot find node for address 127.0.0.1
2023-05-04 20:14:33,215 [IPC Server handler 6 on default port 35523] WARN  node.SCMNodeManager (SCMNodeManager.java:getNodesByAddress(1372)) - Cannot find node for address 127.0.0.1
2023-05-04 20:14:33,216 [IPC Server handler 18 on default port 35523] WARN  node.SCMNodeManager (SCMNodeManager.java:getNodesByAddress(1372)) - Cannot find node for address 127.0.0.1
]]></system-out>
  </testcase>
  <testcase name="testMultipartUploadOverride(ReplicationConfig)[3]" classname="org.apache.hadoop.ozone.client.rpc.TestOzoneRpcClient" time="0.818">
    <system-out><![CDATA[2023-05-04 20:14:33,320 [Listener at 127.0.0.1/35517] INFO  rpc.RpcClient (RpcClient.java:createVolume(476)) - Creating Volume: 347825d4-9a0a-4029-be49-8bcb6aa20f91, with runner as owner and space quota set to -1 bytes, counts quota set to -1
2023-05-04 20:14:33,322 [OM StateMachine ApplyTransaction Thread - 0] INFO  volume.OMVolumeCreateRequest (OMVolumeCreateRequest.java:validateAndUpdateCache(195)) - created volume:347825d4-9a0a-4029-be49-8bcb6aa20f91 for user:runner
2023-05-04 20:14:33,326 [Listener at 127.0.0.1/35517] INFO  rpc.RpcClient (RpcClient.java:createBucket(697)) - Creating Bucket: 347825d4-9a0a-4029-be49-8bcb6aa20f91/64260855-7d23-4e2a-841a-d7a4fc18a45c, with server-side default bucket layout, runner as owner, Versioning false, Storage Type set to DISK and Encryption set to false, Replication Type set to server-side default replication type, Namespace Quota set to -1, Space Quota set to -1 
2023-05-04 20:14:33,328 [OM StateMachine ApplyTransaction Thread - 0] INFO  bucket.OMBucketCreateRequest (OMBucketCreateRequest.java:validateAndUpdateCache(270)) - created bucket: 64260855-7d23-4e2a-841a-d7a4fc18a45c of layout FILE_SYSTEM_OPTIMIZED in volume: 347825d4-9a0a-4029-be49-8bcb6aa20f91
2023-05-04 20:14:33,545 [IPC Server handler 13 on default port 35523] WARN  node.SCMNodeManager (SCMNodeManager.java:getNodesByAddress(1372)) - Cannot find node for address 127.0.0.1
2023-05-04 20:14:33,546 [IPC Server handler 5 on default port 35523] WARN  node.SCMNodeManager (SCMNodeManager.java:getNodesByAddress(1372)) - Cannot find node for address 127.0.0.1
2023-05-04 20:14:33,547 [IPC Server handler 1 on default port 35523] WARN  node.SCMNodeManager (SCMNodeManager.java:getNodesByAddress(1372)) - Cannot find node for address 127.0.0.1
2023-05-04 20:14:33,948 [IPC Server handler 14 on default port 35523] WARN  node.SCMNodeManager (SCMNodeManager.java:getNodesByAddress(1372)) - Cannot find node for address 127.0.0.1
2023-05-04 20:14:33,949 [IPC Server handler 19 on default port 35523] WARN  node.SCMNodeManager (SCMNodeManager.java:getNodesByAddress(1372)) - Cannot find node for address 127.0.0.1
2023-05-04 20:14:33,949 [IPC Server handler 12 on default port 35523] WARN  node.SCMNodeManager (SCMNodeManager.java:getNodesByAddress(1372)) - Cannot find node for address 127.0.0.1
]]></system-out>
  </testcase>
  <testcase name="testMultipartUploadWithACL" classname="org.apache.hadoop.ozone.client.rpc.TestOzoneRpcClient" time="0.369">
    <system-out><![CDATA[2023-05-04 20:14:34,139 [Listener at 127.0.0.1/35517] INFO  rpc.RpcClient (RpcClient.java:createVolume(476)) - Creating Volume: 91bf99cc-44fb-4c56-82df-7333230a42c5, with runner as owner and space quota set to -1 bytes, counts quota set to -1
2023-05-04 20:14:34,141 [OM StateMachine ApplyTransaction Thread - 0] INFO  volume.OMVolumeCreateRequest (OMVolumeCreateRequest.java:validateAndUpdateCache(195)) - created volume:91bf99cc-44fb-4c56-82df-7333230a42c5 for user:runner
2023-05-04 20:14:34,147 [Listener at 127.0.0.1/35517] INFO  rpc.RpcClient (RpcClient.java:createBucket(697)) - Creating Bucket: 91bf99cc-44fb-4c56-82df-7333230a42c5/eae723f5-7fb2-44e1-8efc-c2f5c4a83a62, with bucket layout OBJECT_STORE, runner as owner, Versioning false, Storage Type set to DISK and Encryption set to false, Replication Type set to server-side default replication type, Namespace Quota set to -1, Space Quota set to -1 
2023-05-04 20:14:34,148 [OM StateMachine ApplyTransaction Thread - 0] INFO  bucket.OMBucketCreateRequest (OMBucketCreateRequest.java:validateAndUpdateCache(270)) - created bucket: eae723f5-7fb2-44e1-8efc-c2f5c4a83a62 of layout OBJECT_STORE in volume: 91bf99cc-44fb-4c56-82df-7333230a42c5
2023-05-04 20:14:34,270 [IPC Server handler 16 on default port 35523] WARN  node.SCMNodeManager (SCMNodeManager.java:getNodesByAddress(1372)) - Cannot find node for address 127.0.0.1
2023-05-04 20:14:34,271 [IPC Server handler 7 on default port 35523] WARN  node.SCMNodeManager (SCMNodeManager.java:getNodesByAddress(1372)) - Cannot find node for address 127.0.0.1
2023-05-04 20:14:34,272 [IPC Server handler 17 on default port 35523] WARN  node.SCMNodeManager (SCMNodeManager.java:getNodesByAddress(1372)) - Cannot find node for address 127.0.0.1
2023-05-04 20:14:34,432 [OM StateMachine ApplyTransaction Thread - 0] WARN  om.OzoneManager (OmMetadataReader.java:checkAcls(498)) - User test-user doesn't have CREATE permission to access key Volume:91bf99cc-44fb-4c56-82df-7333230a42c5 Bucket:eae723f5-7fb2-44e1-8efc-c2f5c4a83a62 Key:ddbfe251-719c-4f54-8214-6d8bea37da9a
20:14:34.432 [OM StateMachine ApplyTransaction Thread - 0] ERROR OMAudit - user=test-user | ip=127.0.0.1 | op=INITIATE_MULTIPART_UPLOAD {volume=91bf99cc-44fb-4c56-82df-7333230a42c5, bucket=eae723f5-7fb2-44e1-8efc-c2f5c4a83a62, key=ddbfe251-719c-4f54-8214-6d8bea37da9a, dataSize=0, replicationType=RATIS, replicationFactor=ONE} | ret=FAILURE
org.apache.hadoop.ozone.om.exceptions.OMException: User test-user doesn't have CREATE permission to access key Volume:91bf99cc-44fb-4c56-82df-7333230a42c5 Bucket:eae723f5-7fb2-44e1-8efc-c2f5c4a83a62 Key:ddbfe251-719c-4f54-8214-6d8bea37da9a
	at org.apache.hadoop.ozone.om.OmMetadataReader.checkAcls(OmMetadataReader.java:501) ~[ozone-manager-1.4.0-SNAPSHOT.jar:?]
	at org.apache.hadoop.ozone.om.OmMetadataReader.checkAcls(OmMetadataReader.java:476) ~[ozone-manager-1.4.0-SNAPSHOT.jar:?]
	at org.apache.hadoop.ozone.om.OzoneAclUtils.checkAllAcls(OzoneAclUtils.java:121) ~[ozone-manager-1.4.0-SNAPSHOT.jar:?]
	at org.apache.hadoop.ozone.om.request.OMClientRequest.checkAcls(OMClientRequest.java:364) ~[ozone-manager-1.4.0-SNAPSHOT.jar:?]
	at org.apache.hadoop.ozone.om.request.OMClientRequest.checkAcls(OMClientRequest.java:215) ~[ozone-manager-1.4.0-SNAPSHOT.jar:?]
	at org.apache.hadoop.ozone.om.request.key.OMKeyRequest.checkKeyAcls(OMKeyRequest.java:343) ~[ozone-manager-1.4.0-SNAPSHOT.jar:?]
	at org.apache.hadoop.ozone.om.request.s3.multipart.S3InitiateMultipartUploadRequest.validateAndUpdateCache(S3InitiateMultipartUploadRequest.java:146) ~[ozone-manager-1.4.0-SNAPSHOT.jar:?]
	at org.apache.hadoop.ozone.protocolPB.OzoneManagerRequestHandler.handleWriteRequest(OzoneManagerRequestHandler.java:337) ~[ozone-manager-1.4.0-SNAPSHOT.jar:?]
	at org.apache.hadoop.ozone.om.ratis.OzoneManagerStateMachine.runCommand(OzoneManagerStateMachine.java:567) ~[ozone-manager-1.4.0-SNAPSHOT.jar:?]
	at org.apache.hadoop.ozone.om.ratis.OzoneManagerStateMachine.lambda$1(OzoneManagerStateMachine.java:358) ~[ozone-manager-1.4.0-SNAPSHOT.jar:?]
	at java.util.concurrent.CompletableFuture$AsyncSupply.run(CompletableFuture.java:1604) [?:1.8.0_362]
	at java.util.concurrent.ThreadPoolExecutor.runWorker(ThreadPoolExecutor.java:1149) [?:1.8.0_362]
	at java.util.concurrent.ThreadPoolExecutor$Worker.run(ThreadPoolExecutor.java:624) [?:1.8.0_362]
	at java.lang.Thread.run(Thread.java:750) [?:1.8.0_362]
2023-05-04 20:14:34,432 [OM StateMachine ApplyTransaction Thread - 0] ERROR multipart.S3InitiateMultipartUploadRequest (S3InitiateMultipartUploadRequest.java:logResult(269)) - S3 InitiateMultipart Upload request for Key ddbfe251-719c-4f54-8214-6d8bea37da9a in Volume/Bucket 91bf99cc-44fb-4c56-82df-7333230a42c5/eae723f5-7fb2-44e1-8efc-c2f5c4a83a62 is failed
PERMISSION_DENIED org.apache.hadoop.ozone.om.exceptions.OMException: User test-user doesn't have CREATE permission to access key Volume:91bf99cc-44fb-4c56-82df-7333230a42c5 Bucket:eae723f5-7fb2-44e1-8efc-c2f5c4a83a62 Key:ddbfe251-719c-4f54-8214-6d8bea37da9a
	at org.apache.hadoop.ozone.om.OmMetadataReader.checkAcls(OmMetadataReader.java:501)
	at org.apache.hadoop.ozone.om.OmMetadataReader.checkAcls(OmMetadataReader.java:476)
	at org.apache.hadoop.ozone.om.OzoneAclUtils.checkAllAcls(OzoneAclUtils.java:121)
	at org.apache.hadoop.ozone.om.request.OMClientRequest.checkAcls(OMClientRequest.java:364)
	at org.apache.hadoop.ozone.om.request.OMClientRequest.checkAcls(OMClientRequest.java:215)
	at org.apache.hadoop.ozone.om.request.key.OMKeyRequest.checkKeyAcls(OMKeyRequest.java:343)
	at org.apache.hadoop.ozone.om.request.s3.multipart.S3InitiateMultipartUploadRequest.validateAndUpdateCache(S3InitiateMultipartUploadRequest.java:146)
	at org.apache.hadoop.ozone.protocolPB.OzoneManagerRequestHandler.handleWriteRequest(OzoneManagerRequestHandler.java:337)
	at org.apache.hadoop.ozone.om.ratis.OzoneManagerStateMachine.runCommand(OzoneManagerStateMachine.java:567)
	at org.apache.hadoop.ozone.om.ratis.OzoneManagerStateMachine.lambda$1(OzoneManagerStateMachine.java:358)
	at java.util.concurrent.CompletableFuture$AsyncSupply.run(CompletableFuture.java:1604)
	at java.util.concurrent.ThreadPoolExecutor.runWorker(ThreadPoolExecutor.java:1149)
	at java.util.concurrent.ThreadPoolExecutor$Worker.run(ThreadPoolExecutor.java:624)
	at java.lang.Thread.run(Thread.java:750)
2023-05-04 20:14:34,502 [IPC Server handler 19 on default port 35517] WARN  om.OzoneManager (OmMetadataReader.java:checkAcls(498)) - User test-user doesn't have READ permission to access key Volume:91bf99cc-44fb-4c56-82df-7333230a42c5 Bucket:eae723f5-7fb2-44e1-8efc-c2f5c4a83a62 Key:f03d6cd3-f49f-48a8-8c0f-4cc5cfee102e
20:14:34.506 [IPC Server handler 19 on default port 35517] ERROR OMAudit - user=test-user | ip=127.0.0.1 | op=READ_KEY {volume=91bf99cc-44fb-4c56-82df-7333230a42c5, bucket=eae723f5-7fb2-44e1-8efc-c2f5c4a83a62, key=f03d6cd3-f49f-48a8-8c0f-4cc5cfee102e, dataSize=0, replicationConfig=null} | ret=FAILURE
org.apache.hadoop.ozone.om.exceptions.OMException: User test-user doesn't have READ permission to access key Volume:91bf99cc-44fb-4c56-82df-7333230a42c5 Bucket:eae723f5-7fb2-44e1-8efc-c2f5c4a83a62 Key:f03d6cd3-f49f-48a8-8c0f-4cc5cfee102e
	at org.apache.hadoop.ozone.om.OmMetadataReader.checkAcls(OmMetadataReader.java:501) ~[ozone-manager-1.4.0-SNAPSHOT.jar:?]
	at org.apache.hadoop.ozone.om.OmMetadataReader.checkAcls(OmMetadataReader.java:476) ~[ozone-manager-1.4.0-SNAPSHOT.jar:?]
	at org.apache.hadoop.ozone.om.OzoneAclUtils.checkAllAcls(OzoneAclUtils.java:121) ~[ozone-manager-1.4.0-SNAPSHOT.jar:?]
	at org.apache.hadoop.ozone.om.OmMetadataReader.checkAcls(OmMetadataReader.java:438) ~[ozone-manager-1.4.0-SNAPSHOT.jar:?]
	at org.apache.hadoop.ozone.om.OmMetadataReader.lambda$3(OmMetadataReader.java:204) ~[ozone-manager-1.4.0-SNAPSHOT.jar:?]
	at org.apache.hadoop.util.MetricUtil.captureLatencyNs(MetricUtil.java:48) ~[hdds-common-1.4.0-SNAPSHOT.jar:?]
	at org.apache.hadoop.ozone.om.OmMetadataReader.getKeyInfo(OmMetadataReader.java:203) ~[ozone-manager-1.4.0-SNAPSHOT.jar:?]
	at org.apache.hadoop.ozone.om.OzoneManager.getKeyInfo(OzoneManager.java:2809) ~[ozone-manager-1.4.0-SNAPSHOT.jar:?]
	at org.apache.hadoop.ozone.protocolPB.OzoneManagerRequestHandler.getKeyInfo(OzoneManagerRequestHandler.java:549) ~[ozone-manager-1.4.0-SNAPSHOT.jar:?]
	at org.apache.hadoop.ozone.protocolPB.OzoneManagerRequestHandler.handleReadRequest(OzoneManagerRequestHandler.java:292) ~[ozone-manager-1.4.0-SNAPSHOT.jar:?]
	at org.apache.hadoop.ozone.protocolPB.OzoneManagerProtocolServerSideTranslatorPB.submitReadRequestToOM(OzoneManagerProtocolServerSideTranslatorPB.java:223) ~[ozone-manager-1.4.0-SNAPSHOT.jar:?]
	at org.apache.hadoop.ozone.protocolPB.OzoneManagerProtocolServerSideTranslatorPB.processRequest(OzoneManagerProtocolServerSideTranslatorPB.java:177) ~[ozone-manager-1.4.0-SNAPSHOT.jar:?]
	at org.apache.hadoop.hdds.server.OzoneProtocolMessageDispatcher.processRequest(OzoneProtocolMessageDispatcher.java:87) [hdds-server-framework-1.4.0-SNAPSHOT.jar:?]
	at org.apache.hadoop.ozone.protocolPB.OzoneManagerProtocolServerSideTranslatorPB.submitRequest(OzoneManagerProtocolServerSideTranslatorPB.java:147) [ozone-manager-1.4.0-SNAPSHOT.jar:?]
	at org.apache.hadoop.ozone.protocol.proto.OzoneManagerProtocolProtos$OzoneManagerService$2.callBlockingMethod(OzoneManagerProtocolProtos.java) [ozone-interface-client-1.4.0-SNAPSHOT.jar:?]
	at org.apache.hadoop.ipc.ProtobufRpcEngine$Server.processCall(ProtobufRpcEngine.java:484) [hadoop-common-3.3.5.jar:?]
	at org.apache.hadoop.ipc.ProtobufRpcEngine2$Server$ProtoBufRpcInvoker.call(ProtobufRpcEngine2.java:595) [hadoop-common-3.3.5.jar:?]
	at org.apache.hadoop.ipc.ProtobufRpcEngine2$Server$ProtoBufRpcInvoker.call(ProtobufRpcEngine2.java:573) [hadoop-common-3.3.5.jar:?]
	at org.apache.hadoop.ipc.RPC$Server.call(RPC.java:1213) [hadoop-common-3.3.5.jar:?]
	at org.apache.hadoop.ipc.Server$RpcCall.run(Server.java:1089) [hadoop-common-3.3.5.jar:?]
	at org.apache.hadoop.ipc.Server$RpcCall.run(Server.java:1012) [hadoop-common-3.3.5.jar:?]
	at java.security.AccessController.doPrivileged(Native Method) ~[?:1.8.0_362]
	at javax.security.auth.Subject.doAs(Subject.java:422) [?:1.8.0_362]
	at org.apache.hadoop.security.UserGroupInformation.doAs(UserGroupInformation.java:1899) [hadoop-common-3.3.5.jar:?]
	at org.apache.hadoop.ipc.Server$Handler.run(Server.java:3026) [hadoop-common-3.3.5.jar:?]
]]></system-out>
  </testcase>
  <testcase name="testMultipartUploadWithMissingParts" classname="org.apache.hadoop.ozone.client.rpc.TestOzoneRpcClient" time="0.029">
    <system-out><![CDATA[2023-05-04 20:14:34,509 [Listener at 127.0.0.1/35517] INFO  rpc.RpcClient (RpcClient.java:createVolume(476)) - Creating Volume: 3c729875-4acb-49ac-91f1-24135f9850be, with runner as owner and space quota set to -1 bytes, counts quota set to -1
2023-05-04 20:14:34,511 [OM StateMachine ApplyTransaction Thread - 0] INFO  volume.OMVolumeCreateRequest (OMVolumeCreateRequest.java:validateAndUpdateCache(195)) - created volume:3c729875-4acb-49ac-91f1-24135f9850be for user:runner
2023-05-04 20:14:34,512 [Listener at 127.0.0.1/35517] INFO  rpc.RpcClient (RpcClient.java:createBucket(697)) - Creating Bucket: 3c729875-4acb-49ac-91f1-24135f9850be/6ecc5866-9741-4285-8f15-0265b4da9925, with server-side default bucket layout, runner as owner, Versioning false, Storage Type set to DISK and Encryption set to false, Replication Type set to server-side default replication type, Namespace Quota set to -1, Space Quota set to -1 
2023-05-04 20:14:34,514 [OM StateMachine ApplyTransaction Thread - 0] INFO  bucket.OMBucketCreateRequest (OMBucketCreateRequest.java:validateAndUpdateCache(270)) - created bucket: 6ecc5866-9741-4285-8f15-0265b4da9925 of layout FILE_SYSTEM_OPTIMIZED in volume: 3c729875-4acb-49ac-91f1-24135f9850be
20:14:34.536 [OM StateMachine ApplyTransaction Thread - 0] ERROR OMAudit - user=runner | ip=127.0.0.1 | op=COMPLETE_MULTIPART_UPLOAD {volume=3c729875-4acb-49ac-91f1-24135f9850be, bucket=6ecc5866-9741-4285-8f15-0265b4da9925, key=76f4bdc0-98a7-43fc-875c-e37aa4a06af7, dataSize=0, replicationType=NONE, replicationFactor=ZERO, multipartList=[partNumber: 3 partName: "random" ]} | ret=FAILURE
org.apache.hadoop.ozone.om.exceptions.OMException: Complete Multipart Upload Failed: volume: 3c729875-4acb-49ac-91f1-24135f9850be bucket: 6ecc5866-9741-4285-8f15-0265b4da9925 key: 76f4bdc0-98a7-43fc-875c-e37aa4a06af7. Provided Part info is { random, 3}, whereas OM has partName null
	at org.apache.hadoop.ozone.om.request.s3.multipart.S3MultipartUploadCompleteRequest.getMultipartDataSize(S3MultipartUploadCompleteRequest.java:510) ~[ozone-manager-1.4.0-SNAPSHOT.jar:?]
	at org.apache.hadoop.ozone.om.request.s3.multipart.S3MultipartUploadCompleteRequest.validateAndUpdateCache(S3MultipartUploadCompleteRequest.java:197) ~[ozone-manager-1.4.0-SNAPSHOT.jar:?]
	at org.apache.hadoop.ozone.protocolPB.OzoneManagerRequestHandler.handleWriteRequest(OzoneManagerRequestHandler.java:337) ~[ozone-manager-1.4.0-SNAPSHOT.jar:?]
	at org.apache.hadoop.ozone.om.ratis.OzoneManagerStateMachine.runCommand(OzoneManagerStateMachine.java:567) ~[ozone-manager-1.4.0-SNAPSHOT.jar:?]
	at org.apache.hadoop.ozone.om.ratis.OzoneManagerStateMachine.lambda$1(OzoneManagerStateMachine.java:358) ~[ozone-manager-1.4.0-SNAPSHOT.jar:?]
	at java.util.concurrent.CompletableFuture$AsyncSupply.run(CompletableFuture.java:1604) [?:1.8.0_362]
	at java.util.concurrent.ThreadPoolExecutor.runWorker(ThreadPoolExecutor.java:1149) [?:1.8.0_362]
	at java.util.concurrent.ThreadPoolExecutor$Worker.run(ThreadPoolExecutor.java:624) [?:1.8.0_362]
	at java.lang.Thread.run(Thread.java:750) [?:1.8.0_362]
2023-05-04 20:14:34,536 [OM StateMachine ApplyTransaction Thread - 0] ERROR multipart.S3MultipartUploadCompleteRequest (S3MultipartUploadCompleteRequest.java:logResult(354)) - MultipartUpload Complete request failed for Key: 76f4bdc0-98a7-43fc-875c-e37aa4a06af7 in Volume/Bucket 3c729875-4acb-49ac-91f1-24135f9850be/6ecc5866-9741-4285-8f15-0265b4da9925
INVALID_PART org.apache.hadoop.ozone.om.exceptions.OMException: Complete Multipart Upload Failed: volume: 3c729875-4acb-49ac-91f1-24135f9850be bucket: 6ecc5866-9741-4285-8f15-0265b4da9925 key: 76f4bdc0-98a7-43fc-875c-e37aa4a06af7. Provided Part info is { random, 3}, whereas OM has partName null
	at org.apache.hadoop.ozone.om.request.s3.multipart.S3MultipartUploadCompleteRequest.getMultipartDataSize(S3MultipartUploadCompleteRequest.java:510)
	at org.apache.hadoop.ozone.om.request.s3.multipart.S3MultipartUploadCompleteRequest.validateAndUpdateCache(S3MultipartUploadCompleteRequest.java:197)
	at org.apache.hadoop.ozone.protocolPB.OzoneManagerRequestHandler.handleWriteRequest(OzoneManagerRequestHandler.java:337)
	at org.apache.hadoop.ozone.om.ratis.OzoneManagerStateMachine.runCommand(OzoneManagerStateMachine.java:567)
	at org.apache.hadoop.ozone.om.ratis.OzoneManagerStateMachine.lambda$1(OzoneManagerStateMachine.java:358)
	at java.util.concurrent.CompletableFuture$AsyncSupply.run(CompletableFuture.java:1604)
	at java.util.concurrent.ThreadPoolExecutor.runWorker(ThreadPoolExecutor.java:1149)
	at java.util.concurrent.ThreadPoolExecutor$Worker.run(ThreadPoolExecutor.java:624)
	at java.lang.Thread.run(Thread.java:750)
]]></system-out>
  </testcase>
  <testcase name="testMultipartUploadWithPartsLessThanMinSize" classname="org.apache.hadoop.ozone.client.rpc.TestOzoneRpcClient" time="0.05">
    <system-out><![CDATA[2023-05-04 20:14:34,538 [Listener at 127.0.0.1/35517] INFO  rpc.RpcClient (RpcClient.java:createVolume(476)) - Creating Volume: 019bccd4-7ec2-44a9-b39f-29250af5d615, with runner as owner and space quota set to -1 bytes, counts quota set to -1
2023-05-04 20:14:34,540 [OM StateMachine ApplyTransaction Thread - 0] INFO  volume.OMVolumeCreateRequest (OMVolumeCreateRequest.java:validateAndUpdateCache(195)) - created volume:019bccd4-7ec2-44a9-b39f-29250af5d615 for user:runner
2023-05-04 20:14:34,541 [Listener at 127.0.0.1/35517] INFO  rpc.RpcClient (RpcClient.java:createBucket(697)) - Creating Bucket: 019bccd4-7ec2-44a9-b39f-29250af5d615/f2ad4ea1-732e-46d6-a875-2c62ac044ec3, with server-side default bucket layout, runner as owner, Versioning false, Storage Type set to DISK and Encryption set to false, Replication Type set to server-side default replication type, Namespace Quota set to -1, Space Quota set to -1 
2023-05-04 20:14:34,542 [OM StateMachine ApplyTransaction Thread - 0] INFO  bucket.OMBucketCreateRequest (OMBucketCreateRequest.java:validateAndUpdateCache(270)) - created bucket: f2ad4ea1-732e-46d6-a875-2c62ac044ec3 of layout FILE_SYSTEM_OPTIMIZED in volume: 019bccd4-7ec2-44a9-b39f-29250af5d615
2023-05-04 20:14:34,585 [OM StateMachine ApplyTransaction Thread - 0] ERROR multipart.S3MultipartUploadCompleteRequest (S3MultipartUploadCompleteRequest.java:getMultipartDataSize(529)) - MultipartUpload: /019bccd4-7ec2-44a9-b39f-29250af5d615/f2ad4ea1-732e-46d6-a875-2c62ac044ec3/72a148fb-d55c-4858-9a41-020560cc58c5 Part number: 1 size 4  is less than minimum part size 5242880
20:14:34.585 [OM StateMachine ApplyTransaction Thread - 0] ERROR OMAudit - user=runner | ip=127.0.0.1 | op=COMPLETE_MULTIPART_UPLOAD {volume=019bccd4-7ec2-44a9-b39f-29250af5d615, bucket=f2ad4ea1-732e-46d6-a875-2c62ac044ec3, key=72a148fb-d55c-4858-9a41-020560cc58c5, dataSize=0, replicationType=NONE, replicationFactor=ZERO, multipartList=[partNumber: 1 partName: "/019bccd4-7ec2-44a9-b39f-29250af5d615/f2ad4ea1-732e-46d6-a875-2c62ac044ec3/72a148fb-d55c-4858-9a41-020560cc58c5-3ca73af2-15fd-47f5-9d18-de2831695f41-110312244808515831-1" , partNumber: 2 partName: "/019bccd4-7ec2-44a9-b39f-29250af5d615/f2ad4ea1-732e-46d6-a875-2c62ac044ec3/72a148fb-d55c-4858-9a41-020560cc58c5-3ca73af2-15fd-47f5-9d18-de2831695f41-110312244808515831-2" ]} | ret=FAILURE
org.apache.hadoop.ozone.om.exceptions.OMException: Complete Multipart Upload Failed: volume: 019bccd4-7ec2-44a9-b39f-29250af5d615 bucket: f2ad4ea1-732e-46d6-a875-2c62ac044ec3 key: 72a148fb-d55c-4858-9a41-020560cc58c5. Entity too small.
	at org.apache.hadoop.ozone.om.request.s3.multipart.S3MultipartUploadCompleteRequest.getMultipartDataSize(S3MultipartUploadCompleteRequest.java:533) ~[ozone-manager-1.4.0-SNAPSHOT.jar:?]
	at org.apache.hadoop.ozone.om.request.s3.multipart.S3MultipartUploadCompleteRequest.validateAndUpdateCache(S3MultipartUploadCompleteRequest.java:197) ~[ozone-manager-1.4.0-SNAPSHOT.jar:?]
	at org.apache.hadoop.ozone.protocolPB.OzoneManagerRequestHandler.handleWriteRequest(OzoneManagerRequestHandler.java:337) ~[ozone-manager-1.4.0-SNAPSHOT.jar:?]
	at org.apache.hadoop.ozone.om.ratis.OzoneManagerStateMachine.runCommand(OzoneManagerStateMachine.java:567) ~[ozone-manager-1.4.0-SNAPSHOT.jar:?]
	at org.apache.hadoop.ozone.om.ratis.OzoneManagerStateMachine.lambda$1(OzoneManagerStateMachine.java:358) ~[ozone-manager-1.4.0-SNAPSHOT.jar:?]
	at java.util.concurrent.CompletableFuture$AsyncSupply.run(CompletableFuture.java:1604) [?:1.8.0_362]
	at java.util.concurrent.ThreadPoolExecutor.runWorker(ThreadPoolExecutor.java:1149) [?:1.8.0_362]
	at java.util.concurrent.ThreadPoolExecutor$Worker.run(ThreadPoolExecutor.java:624) [?:1.8.0_362]
	at java.lang.Thread.run(Thread.java:750) [?:1.8.0_362]
2023-05-04 20:14:34,586 [OM StateMachine ApplyTransaction Thread - 0] ERROR multipart.S3MultipartUploadCompleteRequest (S3MultipartUploadCompleteRequest.java:logResult(354)) - MultipartUpload Complete request failed for Key: 72a148fb-d55c-4858-9a41-020560cc58c5 in Volume/Bucket 019bccd4-7ec2-44a9-b39f-29250af5d615/f2ad4ea1-732e-46d6-a875-2c62ac044ec3
ENTITY_TOO_SMALL org.apache.hadoop.ozone.om.exceptions.OMException: Complete Multipart Upload Failed: volume: 019bccd4-7ec2-44a9-b39f-29250af5d615 bucket: f2ad4ea1-732e-46d6-a875-2c62ac044ec3 key: 72a148fb-d55c-4858-9a41-020560cc58c5. Entity too small.
	at org.apache.hadoop.ozone.om.request.s3.multipart.S3MultipartUploadCompleteRequest.getMultipartDataSize(S3MultipartUploadCompleteRequest.java:533)
	at org.apache.hadoop.ozone.om.request.s3.multipart.S3MultipartUploadCompleteRequest.validateAndUpdateCache(S3MultipartUploadCompleteRequest.java:197)
	at org.apache.hadoop.ozone.protocolPB.OzoneManagerRequestHandler.handleWriteRequest(OzoneManagerRequestHandler.java:337)
	at org.apache.hadoop.ozone.om.ratis.OzoneManagerStateMachine.runCommand(OzoneManagerStateMachine.java:567)
	at org.apache.hadoop.ozone.om.ratis.OzoneManagerStateMachine.lambda$1(OzoneManagerStateMachine.java:358)
	at java.util.concurrent.CompletableFuture$AsyncSupply.run(CompletableFuture.java:1604)
	at java.util.concurrent.ThreadPoolExecutor.runWorker(ThreadPoolExecutor.java:1149)
	at java.util.concurrent.ThreadPoolExecutor$Worker.run(ThreadPoolExecutor.java:624)
	at java.lang.Thread.run(Thread.java:750)
]]></system-out>
  </testcase>
  <testcase name="testMultipartUploadWithPartsMisMatchWithIncorrectPartName" classname="org.apache.hadoop.ozone.client.rpc.TestOzoneRpcClient" time="0.03">
    <system-out><![CDATA[2023-05-04 20:14:34,589 [Listener at 127.0.0.1/35517] INFO  rpc.RpcClient (RpcClient.java:createVolume(476)) - Creating Volume: 9fa7f470-0749-4d13-82f8-270f3f5955f4, with runner as owner and space quota set to -1 bytes, counts quota set to -1
2023-05-04 20:14:34,592 [OM StateMachine ApplyTransaction Thread - 0] INFO  volume.OMVolumeCreateRequest (OMVolumeCreateRequest.java:validateAndUpdateCache(195)) - created volume:9fa7f470-0749-4d13-82f8-270f3f5955f4 for user:runner
2023-05-04 20:14:34,593 [Listener at 127.0.0.1/35517] INFO  rpc.RpcClient (RpcClient.java:createBucket(697)) - Creating Bucket: 9fa7f470-0749-4d13-82f8-270f3f5955f4/2a9225aa-e8de-478e-af14-32513463bc7e, with server-side default bucket layout, runner as owner, Versioning false, Storage Type set to DISK and Encryption set to false, Replication Type set to server-side default replication type, Namespace Quota set to -1, Space Quota set to -1 
2023-05-04 20:14:34,595 [OM StateMachine ApplyTransaction Thread - 0] INFO  bucket.OMBucketCreateRequest (OMBucketCreateRequest.java:validateAndUpdateCache(270)) - created bucket: 2a9225aa-e8de-478e-af14-32513463bc7e of layout FILE_SYSTEM_OPTIMIZED in volume: 9fa7f470-0749-4d13-82f8-270f3f5955f4
20:14:34.616 [OM StateMachine ApplyTransaction Thread - 0] ERROR OMAudit - user=runner | ip=127.0.0.1 | op=COMPLETE_MULTIPART_UPLOAD {volume=9fa7f470-0749-4d13-82f8-270f3f5955f4, bucket=2a9225aa-e8de-478e-af14-32513463bc7e, key=24118042-593c-4cad-9929-92496199dc00, dataSize=0, replicationType=NONE, replicationFactor=ZERO, multipartList=[partNumber: 1 partName: "e6e6f0bd-2762-46e4-b832-840d6ff6293e" ]} | ret=FAILURE
org.apache.hadoop.ozone.om.exceptions.OMException: Complete Multipart Upload Failed: volume: 9fa7f470-0749-4d13-82f8-270f3f5955f4 bucket: 2a9225aa-e8de-478e-af14-32513463bc7e key: 24118042-593c-4cad-9929-92496199dc00. Provided Part info is { e6e6f0bd-2762-46e4-b832-840d6ff6293e, 1}, whereas OM has partName /9fa7f470-0749-4d13-82f8-270f3f5955f4/2a9225aa-e8de-478e-af14-32513463bc7e/24118042-593c-4cad-9929-92496199dc00-d8450acd-d08d-46a5-8c16-6b569b8acf29-110312244811989242-1
	at org.apache.hadoop.ozone.om.request.s3.multipart.S3MultipartUploadCompleteRequest.getMultipartDataSize(S3MultipartUploadCompleteRequest.java:510) ~[ozone-manager-1.4.0-SNAPSHOT.jar:?]
	at org.apache.hadoop.ozone.om.request.s3.multipart.S3MultipartUploadCompleteRequest.validateAndUpdateCache(S3MultipartUploadCompleteRequest.java:197) ~[ozone-manager-1.4.0-SNAPSHOT.jar:?]
	at org.apache.hadoop.ozone.protocolPB.OzoneManagerRequestHandler.handleWriteRequest(OzoneManagerRequestHandler.java:337) ~[ozone-manager-1.4.0-SNAPSHOT.jar:?]
	at org.apache.hadoop.ozone.om.ratis.OzoneManagerStateMachine.runCommand(OzoneManagerStateMachine.java:567) ~[ozone-manager-1.4.0-SNAPSHOT.jar:?]
	at org.apache.hadoop.ozone.om.ratis.OzoneManagerStateMachine.lambda$1(OzoneManagerStateMachine.java:358) ~[ozone-manager-1.4.0-SNAPSHOT.jar:?]
	at java.util.concurrent.CompletableFuture$AsyncSupply.run(CompletableFuture.java:1604) [?:1.8.0_362]
	at java.util.concurrent.ThreadPoolExecutor.runWorker(ThreadPoolExecutor.java:1149) [?:1.8.0_362]
	at java.util.concurrent.ThreadPoolExecutor$Worker.run(ThreadPoolExecutor.java:624) [?:1.8.0_362]
	at java.lang.Thread.run(Thread.java:750) [?:1.8.0_362]
2023-05-04 20:14:34,616 [OM StateMachine ApplyTransaction Thread - 0] ERROR multipart.S3MultipartUploadCompleteRequest (S3MultipartUploadCompleteRequest.java:logResult(354)) - MultipartUpload Complete request failed for Key: 24118042-593c-4cad-9929-92496199dc00 in Volume/Bucket 9fa7f470-0749-4d13-82f8-270f3f5955f4/2a9225aa-e8de-478e-af14-32513463bc7e
INVALID_PART org.apache.hadoop.ozone.om.exceptions.OMException: Complete Multipart Upload Failed: volume: 9fa7f470-0749-4d13-82f8-270f3f5955f4 bucket: 2a9225aa-e8de-478e-af14-32513463bc7e key: 24118042-593c-4cad-9929-92496199dc00. Provided Part info is { e6e6f0bd-2762-46e4-b832-840d6ff6293e, 1}, whereas OM has partName /9fa7f470-0749-4d13-82f8-270f3f5955f4/2a9225aa-e8de-478e-af14-32513463bc7e/24118042-593c-4cad-9929-92496199dc00-d8450acd-d08d-46a5-8c16-6b569b8acf29-110312244811989242-1
	at org.apache.hadoop.ozone.om.request.s3.multipart.S3MultipartUploadCompleteRequest.getMultipartDataSize(S3MultipartUploadCompleteRequest.java:510)
	at org.apache.hadoop.ozone.om.request.s3.multipart.S3MultipartUploadCompleteRequest.validateAndUpdateCache(S3MultipartUploadCompleteRequest.java:197)
	at org.apache.hadoop.ozone.protocolPB.OzoneManagerRequestHandler.handleWriteRequest(OzoneManagerRequestHandler.java:337)
	at org.apache.hadoop.ozone.om.ratis.OzoneManagerStateMachine.runCommand(OzoneManagerStateMachine.java:567)
	at org.apache.hadoop.ozone.om.ratis.OzoneManagerStateMachine.lambda$1(OzoneManagerStateMachine.java:358)
	at java.util.concurrent.CompletableFuture$AsyncSupply.run(CompletableFuture.java:1604)
	at java.util.concurrent.ThreadPoolExecutor.runWorker(ThreadPoolExecutor.java:1149)
	at java.util.concurrent.ThreadPoolExecutor$Worker.run(ThreadPoolExecutor.java:624)
	at java.lang.Thread.run(Thread.java:750)
]]></system-out>
  </testcase>
  <testcase name="testMultipartUploadWithPartsMisMatchWithListSizeDifferent" classname="org.apache.hadoop.ozone.client.rpc.TestOzoneRpcClient" time="0.015">
    <system-out><![CDATA[2023-05-04 20:14:34,620 [Listener at 127.0.0.1/35517] INFO  rpc.RpcClient (RpcClient.java:createVolume(476)) - Creating Volume: b69a5259-9003-47fa-b9df-cf529141bbea, with runner as owner and space quota set to -1 bytes, counts quota set to -1
2023-05-04 20:14:34,624 [OM StateMachine ApplyTransaction Thread - 0] INFO  volume.OMVolumeCreateRequest (OMVolumeCreateRequest.java:validateAndUpdateCache(195)) - created volume:b69a5259-9003-47fa-b9df-cf529141bbea for user:runner
2023-05-04 20:14:34,625 [Listener at 127.0.0.1/35517] INFO  rpc.RpcClient (RpcClient.java:createBucket(697)) - Creating Bucket: b69a5259-9003-47fa-b9df-cf529141bbea/59374186-c6ab-4145-84dd-9c6e89147a8f, with server-side default bucket layout, runner as owner, Versioning false, Storage Type set to DISK and Encryption set to false, Replication Type set to server-side default replication type, Namespace Quota set to -1, Space Quota set to -1 
2023-05-04 20:14:34,627 [OM StateMachine ApplyTransaction Thread - 0] INFO  bucket.OMBucketCreateRequest (OMBucketCreateRequest.java:validateAndUpdateCache(270)) - created bucket: 59374186-c6ab-4145-84dd-9c6e89147a8f of layout FILE_SYSTEM_OPTIMIZED in volume: b69a5259-9003-47fa-b9df-cf529141bbea
2023-05-04 20:14:34,633 [OM StateMachine ApplyTransaction Thread - 0] ERROR multipart.S3MultipartUploadCompleteRequest (S3MultipartUploadCompleteRequest.java:validateAndUpdateCache(183)) - Complete MultipartUpload failed for key /b69a5259-9003-47fa-b9df-cf529141bbea/59374186-c6ab-4145-84dd-9c6e89147a8f/2014fb57-db12-402e-a128-1ccbe83aff52 , MPU Key has no parts in OM, parts given to upload are [partNumber: 1
partName: "b5ed2a08-af5b-4758-a004-0b60ab96568b"
]
20:14:34.634 [OM StateMachine ApplyTransaction Thread - 0] ERROR OMAudit - user=runner | ip=127.0.0.1 | op=COMPLETE_MULTIPART_UPLOAD {volume=b69a5259-9003-47fa-b9df-cf529141bbea, bucket=59374186-c6ab-4145-84dd-9c6e89147a8f, key=2014fb57-db12-402e-a128-1ccbe83aff52, dataSize=0, replicationType=NONE, replicationFactor=ZERO, multipartList=[partNumber: 1 partName: "b5ed2a08-af5b-4758-a004-0b60ab96568b" ]} | ret=FAILURE
org.apache.hadoop.ozone.om.exceptions.OMException: Complete Multipart Upload Failed: volume: b69a5259-9003-47fa-b9df-cf529141bbea bucket: 59374186-c6ab-4145-84dd-9c6e89147a8f key: 2014fb57-db12-402e-a128-1ccbe83aff52
	at org.apache.hadoop.ozone.om.request.s3.multipart.S3MultipartUploadCompleteRequest.validateAndUpdateCache(S3MultipartUploadCompleteRequest.java:186) ~[ozone-manager-1.4.0-SNAPSHOT.jar:?]
	at org.apache.hadoop.ozone.protocolPB.OzoneManagerRequestHandler.handleWriteRequest(OzoneManagerRequestHandler.java:337) ~[ozone-manager-1.4.0-SNAPSHOT.jar:?]
	at org.apache.hadoop.ozone.om.ratis.OzoneManagerStateMachine.runCommand(OzoneManagerStateMachine.java:567) ~[ozone-manager-1.4.0-SNAPSHOT.jar:?]
	at org.apache.hadoop.ozone.om.ratis.OzoneManagerStateMachine.lambda$1(OzoneManagerStateMachine.java:358) ~[ozone-manager-1.4.0-SNAPSHOT.jar:?]
	at java.util.concurrent.CompletableFuture$AsyncSupply.run(CompletableFuture.java:1604) [?:1.8.0_362]
	at java.util.concurrent.ThreadPoolExecutor.runWorker(ThreadPoolExecutor.java:1149) [?:1.8.0_362]
	at java.util.concurrent.ThreadPoolExecutor$Worker.run(ThreadPoolExecutor.java:624) [?:1.8.0_362]
	at java.lang.Thread.run(Thread.java:750) [?:1.8.0_362]
2023-05-04 20:14:34,634 [OM StateMachine ApplyTransaction Thread - 0] ERROR multipart.S3MultipartUploadCompleteRequest (S3MultipartUploadCompleteRequest.java:logResult(354)) - MultipartUpload Complete request failed for Key: 2014fb57-db12-402e-a128-1ccbe83aff52 in Volume/Bucket b69a5259-9003-47fa-b9df-cf529141bbea/59374186-c6ab-4145-84dd-9c6e89147a8f
INVALID_PART org.apache.hadoop.ozone.om.exceptions.OMException: Complete Multipart Upload Failed: volume: b69a5259-9003-47fa-b9df-cf529141bbea bucket: 59374186-c6ab-4145-84dd-9c6e89147a8f key: 2014fb57-db12-402e-a128-1ccbe83aff52
	at org.apache.hadoop.ozone.om.request.s3.multipart.S3MultipartUploadCompleteRequest.validateAndUpdateCache(S3MultipartUploadCompleteRequest.java:186)
	at org.apache.hadoop.ozone.protocolPB.OzoneManagerRequestHandler.handleWriteRequest(OzoneManagerRequestHandler.java:337)
	at org.apache.hadoop.ozone.om.ratis.OzoneManagerStateMachine.runCommand(OzoneManagerStateMachine.java:567)
	at org.apache.hadoop.ozone.om.ratis.OzoneManagerStateMachine.lambda$1(OzoneManagerStateMachine.java:358)
	at java.util.concurrent.CompletableFuture$AsyncSupply.run(CompletableFuture.java:1604)
	at java.util.concurrent.ThreadPoolExecutor.runWorker(ThreadPoolExecutor.java:1149)
	at java.util.concurrent.ThreadPoolExecutor$Worker.run(ThreadPoolExecutor.java:624)
	at java.lang.Thread.run(Thread.java:750)
]]></system-out>
  </testcase>
  <testcase name="testNativeAclsForBucket" classname="org.apache.hadoop.ozone.client.rpc.TestOzoneRpcClient" time="0.093">
    <system-out><![CDATA[2023-05-04 20:14:34,639 [Listener at 127.0.0.1/35517] INFO  rpc.RpcClient (RpcClient.java:createVolume(476)) - Creating Volume: 49e24c2b-3f29-41a4-a945-a6ea76600be5, with runner as owner and space quota set to -1 bytes, counts quota set to -1
2023-05-04 20:14:34,641 [OM StateMachine ApplyTransaction Thread - 0] INFO  volume.OMVolumeCreateRequest (OMVolumeCreateRequest.java:validateAndUpdateCache(195)) - created volume:49e24c2b-3f29-41a4-a945-a6ea76600be5 for user:runner
2023-05-04 20:14:34,642 [Listener at 127.0.0.1/35517] INFO  rpc.RpcClient (RpcClient.java:createBucket(697)) - Creating Bucket: 49e24c2b-3f29-41a4-a945-a6ea76600be5/4816277f-3be0-4857-b511-6ba5644c76d0, with server-side default bucket layout, runner as owner, Versioning false, Storage Type set to DISK and Encryption set to false, Replication Type set to server-side default replication type, Namespace Quota set to -1, Space Quota set to -1 
2023-05-04 20:14:34,646 [OM StateMachine ApplyTransaction Thread - 0] INFO  bucket.OMBucketCreateRequest (OMBucketCreateRequest.java:validateAndUpdateCache(270)) - created bucket: 4816277f-3be0-4857-b511-6ba5644c76d0 of layout FILE_SYSTEM_OPTIMIZED in volume: 49e24c2b-3f29-41a4-a945-a6ea76600be5
2023-05-04 20:14:34,725 [Listener at 127.0.0.1/35517] INFO  rpc.RpcClient (RpcClient.java:createBucket(697)) - Creating Bucket: 49e24c2b-3f29-41a4-a945-a6ea76600be5/4816277f-3be0-4857-b511-6ba5644c76d0, with server-side default bucket layout, runner as owner, Versioning false, Storage Type set to DISK and Encryption set to false, Replication Type set to server-side default replication type, Namespace Quota set to -1, Space Quota set to -1 
2023-05-04 20:14:34,727 [OM StateMachine ApplyTransaction Thread - 0] INFO  bucket.OMBucketCreateRequest (OMBucketCreateRequest.java:validateAndUpdateCache(270)) - created bucket: 4816277f-3be0-4857-b511-6ba5644c76d0 of layout FILE_SYSTEM_OPTIMIZED in volume: 49e24c2b-3f29-41a4-a945-a6ea76600be5
]]></system-out>
  </testcase>
  <testcase name="testNativeAclsForKey" classname="org.apache.hadoop.ozone.client.rpc.TestOzoneRpcClient" time="0.187">
    <system-out><![CDATA[2023-05-04 20:14:34,730 [Listener at 127.0.0.1/35517] INFO  rpc.RpcClient (RpcClient.java:createVolume(476)) - Creating Volume: 7e35149d-fe27-4a25-9170-342b60fc9759, with runner as owner and space quota set to -1 bytes, counts quota set to -1
2023-05-04 20:14:34,733 [OM StateMachine ApplyTransaction Thread - 0] INFO  volume.OMVolumeCreateRequest (OMVolumeCreateRequest.java:validateAndUpdateCache(195)) - created volume:7e35149d-fe27-4a25-9170-342b60fc9759 for user:runner
2023-05-04 20:14:34,734 [Listener at 127.0.0.1/35517] INFO  rpc.RpcClient (RpcClient.java:createBucket(697)) - Creating Bucket: 7e35149d-fe27-4a25-9170-342b60fc9759/4527b10c-e124-441f-b080-6bcb976316ed, with server-side default bucket layout, runner as owner, Versioning false, Storage Type set to DISK and Encryption set to false, Replication Type set to server-side default replication type, Namespace Quota set to -1, Space Quota set to -1 
2023-05-04 20:14:34,736 [OM StateMachine ApplyTransaction Thread - 0] INFO  bucket.OMBucketCreateRequest (OMBucketCreateRequest.java:validateAndUpdateCache(270)) - created bucket: 4527b10c-e124-441f-b080-6bcb976316ed of layout FILE_SYSTEM_OPTIMIZED in volume: 7e35149d-fe27-4a25-9170-342b60fc9759
]]></system-out>
  </testcase>
  <testcase name="testNativeAclsForPrefix" classname="org.apache.hadoop.ozone.client.rpc.TestOzoneRpcClient" time="0.084">
    <system-out><![CDATA[2023-05-04 20:14:34,918 [Listener at 127.0.0.1/35517] INFO  rpc.RpcClient (RpcClient.java:createVolume(476)) - Creating Volume: 130d0c8c-18ec-460a-a8c2-9c33c32ef806, with runner as owner and space quota set to -1 bytes, counts quota set to -1
2023-05-04 20:14:34,921 [OM StateMachine ApplyTransaction Thread - 0] INFO  volume.OMVolumeCreateRequest (OMVolumeCreateRequest.java:validateAndUpdateCache(195)) - created volume:130d0c8c-18ec-460a-a8c2-9c33c32ef806 for user:runner
2023-05-04 20:14:34,922 [Listener at 127.0.0.1/35517] INFO  rpc.RpcClient (RpcClient.java:createBucket(697)) - Creating Bucket: 130d0c8c-18ec-460a-a8c2-9c33c32ef806/1c64eed1-0632-4ef2-a70d-9db1c8dc5668, with server-side default bucket layout, runner as owner, Versioning false, Storage Type set to DISK and Encryption set to false, Replication Type set to server-side default replication type, Namespace Quota set to -1, Space Quota set to -1 
2023-05-04 20:14:34,924 [OM StateMachine ApplyTransaction Thread - 0] INFO  bucket.OMBucketCreateRequest (OMBucketCreateRequest.java:validateAndUpdateCache(270)) - created bucket: 1c64eed1-0632-4ef2-a70d-9db1c8dc5668 of layout FILE_SYSTEM_OPTIMIZED in volume: 130d0c8c-18ec-460a-a8c2-9c33c32ef806
]]></system-out>
  </testcase>
  <testcase name="testNativeAclsForVolume" classname="org.apache.hadoop.ozone.client.rpc.TestOzoneRpcClient" time="0.06">
    <system-out><![CDATA[2023-05-04 20:14:35,003 [Listener at 127.0.0.1/35517] INFO  rpc.RpcClient (RpcClient.java:createVolume(476)) - Creating Volume: 48a45ab6-5586-47be-b1b3-4493bc76db00, with runner as owner and space quota set to -1 bytes, counts quota set to -1
2023-05-04 20:14:35,004 [OM StateMachine ApplyTransaction Thread - 0] INFO  volume.OMVolumeCreateRequest (OMVolumeCreateRequest.java:validateAndUpdateCache(195)) - created volume:48a45ab6-5586-47be-b1b3-4493bc76db00 for user:runner
]]></system-out>
  </testcase>
  <testcase name="testNoSuchUploadError" classname="org.apache.hadoop.ozone.client.rpc.TestOzoneRpcClient" time="0.01">
    <system-out><![CDATA[2023-05-04 20:14:35,063 [Listener at 127.0.0.1/35517] INFO  rpc.RpcClient (RpcClient.java:createVolume(476)) - Creating Volume: 9f9e3bc9-2601-4129-9ace-ec48e3d535cb, with runner as owner and space quota set to -1 bytes, counts quota set to -1
2023-05-04 20:14:35,065 [OM StateMachine ApplyTransaction Thread - 0] INFO  volume.OMVolumeCreateRequest (OMVolumeCreateRequest.java:validateAndUpdateCache(195)) - created volume:9f9e3bc9-2601-4129-9ace-ec48e3d535cb for user:runner
2023-05-04 20:14:35,066 [Listener at 127.0.0.1/35517] INFO  rpc.RpcClient (RpcClient.java:createBucket(697)) - Creating Bucket: 9f9e3bc9-2601-4129-9ace-ec48e3d535cb/31129953-3657-45ef-81b2-dc22bef14898, with server-side default bucket layout, runner as owner, Versioning false, Storage Type set to DISK and Encryption set to false, Replication Type set to server-side default replication type, Namespace Quota set to -1, Space Quota set to -1 
2023-05-04 20:14:35,068 [OM StateMachine ApplyTransaction Thread - 0] INFO  bucket.OMBucketCreateRequest (OMBucketCreateRequest.java:validateAndUpdateCache(270)) - created bucket: 31129953-3657-45ef-81b2-dc22bef14898 of layout FILE_SYSTEM_OPTIMIZED in volume: 9f9e3bc9-2601-4129-9ace-ec48e3d535cb
20:14:35.072 [OM StateMachine ApplyTransaction Thread - 0] ERROR OMAudit - user=runner | ip=127.0.0.1 | op=ALLOCATE_KEY {volume=9f9e3bc9-2601-4129-9ace-ec48e3d535cb, bucket=31129953-3657-45ef-81b2-dc22bef14898, key=4efd0111-935a-44f1-a5db-77c6d4e4f295, dataSize=12, replicationType=NONE, replicationFactor=ZERO} | ret=FAILURE
org.apache.hadoop.ozone.om.exceptions.OMException: No such Multipart upload is with specified uploadId random
	at org.apache.hadoop.ozone.om.request.key.OMKeyRequest.prepareMultipartFileInfo(OMKeyRequest.java:765) ~[ozone-manager-1.4.0-SNAPSHOT.jar:?]
	at org.apache.hadoop.ozone.om.request.key.OMKeyRequest.prepareFileInfo(OMKeyRequest.java:652) ~[ozone-manager-1.4.0-SNAPSHOT.jar:?]
	at org.apache.hadoop.ozone.om.request.key.OMKeyCreateRequestWithFSO.validateAndUpdateCache(OMKeyCreateRequestWithFSO.java:162) ~[ozone-manager-1.4.0-SNAPSHOT.jar:?]
	at org.apache.hadoop.ozone.protocolPB.OzoneManagerRequestHandler.handleWriteRequest(OzoneManagerRequestHandler.java:337) ~[ozone-manager-1.4.0-SNAPSHOT.jar:?]
	at org.apache.hadoop.ozone.om.ratis.OzoneManagerStateMachine.runCommand(OzoneManagerStateMachine.java:567) ~[ozone-manager-1.4.0-SNAPSHOT.jar:?]
	at org.apache.hadoop.ozone.om.ratis.OzoneManagerStateMachine.lambda$1(OzoneManagerStateMachine.java:358) ~[ozone-manager-1.4.0-SNAPSHOT.jar:?]
	at java.util.concurrent.CompletableFuture$AsyncSupply.run(CompletableFuture.java:1604) [?:1.8.0_362]
	at java.util.concurrent.ThreadPoolExecutor.runWorker(ThreadPoolExecutor.java:1149) [?:1.8.0_362]
	at java.util.concurrent.ThreadPoolExecutor$Worker.run(ThreadPoolExecutor.java:624) [?:1.8.0_362]
	at java.lang.Thread.run(Thread.java:750) [?:1.8.0_362]
2023-05-04 20:14:35,072 [OM StateMachine ApplyTransaction Thread - 0] ERROR key.OMKeyCreateRequest (OMKeyCreateRequest.java:logResult(379)) - Key creation failed. Volume:9f9e3bc9-2601-4129-9ace-ec48e3d535cb, Bucket:31129953-3657-45ef-81b2-dc22bef14898, Key:4efd0111-935a-44f1-a5db-77c6d4e4f295. 
NO_SUCH_MULTIPART_UPLOAD_ERROR org.apache.hadoop.ozone.om.exceptions.OMException: No such Multipart upload is with specified uploadId random
	at org.apache.hadoop.ozone.om.request.key.OMKeyRequest.prepareMultipartFileInfo(OMKeyRequest.java:765)
	at org.apache.hadoop.ozone.om.request.key.OMKeyRequest.prepareFileInfo(OMKeyRequest.java:652)
	at org.apache.hadoop.ozone.om.request.key.OMKeyCreateRequestWithFSO.validateAndUpdateCache(OMKeyCreateRequestWithFSO.java:162)
	at org.apache.hadoop.ozone.protocolPB.OzoneManagerRequestHandler.handleWriteRequest(OzoneManagerRequestHandler.java:337)
	at org.apache.hadoop.ozone.om.ratis.OzoneManagerStateMachine.runCommand(OzoneManagerStateMachine.java:567)
	at org.apache.hadoop.ozone.om.ratis.OzoneManagerStateMachine.lambda$1(OzoneManagerStateMachine.java:358)
	at java.util.concurrent.CompletableFuture$AsyncSupply.run(CompletableFuture.java:1604)
	at java.util.concurrent.ThreadPoolExecutor.runWorker(ThreadPoolExecutor.java:1149)
	at java.util.concurrent.ThreadPoolExecutor$Worker.run(ThreadPoolExecutor.java:624)
	at java.lang.Thread.run(Thread.java:750)
]]></system-out>
  </testcase>
  <testcase name="testOMClientProxyProvider" classname="org.apache.hadoop.ozone.client.rpc.TestOzoneRpcClient" time="0.001"/>
  <testcase name="testOverWriteKeyWithAndWithOutVersioning" classname="org.apache.hadoop.ozone.client.rpc.TestOzoneRpcClient" time="0.037">
    <failure type="java.lang.AssertionError"><![CDATA[java.lang.AssertionError
	at org.junit.Assert.fail(Assert.java:87)
	at org.junit.Assert.assertTrue(Assert.java:42)
	at org.junit.Assert.assertTrue(Assert.java:53)
	at org.apache.hadoop.ozone.client.rpc.TestOzoneRpcClientAbstract.checkExceptedResultForVersioningTest(TestOzoneRpcClientAbstract.java:4082)
	at org.apache.hadoop.ozone.client.rpc.TestOzoneRpcClientAbstract.testOverWriteKeyWithAndWithOutVersioning(TestOzoneRpcClientAbstract.java:4105)
	at sun.reflect.NativeMethodAccessorImpl.invoke0(Native Method)
	at sun.reflect.NativeMethodAccessorImpl.invoke(NativeMethodAccessorImpl.java:62)
	at sun.reflect.DelegatingMethodAccessorImpl.invoke(DelegatingMethodAccessorImpl.java:43)
	at java.lang.reflect.Method.invoke(Method.java:498)
	at org.junit.platform.commons.util.ReflectionUtils.invokeMethod(ReflectionUtils.java:725)
	at org.junit.jupiter.engine.execution.MethodInvocation.proceed(MethodInvocation.java:60)
	at org.junit.jupiter.engine.execution.InvocationInterceptorChain$ValidatingInvocation.proceed(InvocationInterceptorChain.java:131)
	at org.junit.jupiter.engine.extension.TimeoutInvocation.proceed(TimeoutInvocation.java:46)
	at org.junit.jupiter.engine.extension.TimeoutExtension.intercept(TimeoutExtension.java:149)
	at org.junit.jupiter.engine.extension.TimeoutExtension.interceptTestableMethod(TimeoutExtension.java:140)
	at org.junit.jupiter.engine.extension.TimeoutExtension.interceptTestMethod(TimeoutExtension.java:84)
	at org.junit.jupiter.engine.execution.ExecutableInvoker$ReflectiveInterceptorCall.lambda$ofVoidMethod$0(ExecutableInvoker.java:115)
	at org.junit.jupiter.engine.execution.ExecutableInvoker.lambda$invoke$0(ExecutableInvoker.java:105)
	at org.junit.jupiter.engine.execution.InvocationInterceptorChain$InterceptedInvocation.proceed(InvocationInterceptorChain.java:106)
	at org.junit.jupiter.engine.execution.InvocationInterceptorChain.proceed(InvocationInterceptorChain.java:64)
	at org.junit.jupiter.engine.execution.InvocationInterceptorChain.chainAndInvoke(InvocationInterceptorChain.java:45)
	at org.junit.jupiter.engine.execution.InvocationInterceptorChain.invoke(InvocationInterceptorChain.java:37)
	at org.junit.jupiter.engine.execution.ExecutableInvoker.invoke(ExecutableInvoker.java:104)
	at org.junit.jupiter.engine.execution.ExecutableInvoker.invoke(ExecutableInvoker.java:98)
	at org.junit.jupiter.engine.descriptor.TestMethodTestDescriptor.lambda$invokeTestMethod$7(TestMethodTestDescriptor.java:214)
	at org.junit.platform.engine.support.hierarchical.ThrowableCollector.execute(ThrowableCollector.java:73)
	at org.junit.jupiter.engine.descriptor.TestMethodTestDescriptor.invokeTestMethod(TestMethodTestDescriptor.java:210)
	at org.junit.jupiter.engine.descriptor.TestMethodTestDescriptor.execute(TestMethodTestDescriptor.java:135)
	at org.junit.jupiter.engine.descriptor.TestMethodTestDescriptor.execute(TestMethodTestDescriptor.java:66)
	at org.junit.platform.engine.support.hierarchical.NodeTestTask.lambda$executeRecursively$6(NodeTestTask.java:151)
	at org.junit.platform.engine.support.hierarchical.ThrowableCollector.execute(ThrowableCollector.java:73)
	at org.junit.platform.engine.support.hierarchical.NodeTestTask.lambda$executeRecursively$8(NodeTestTask.java:141)
	at org.junit.platform.engine.support.hierarchical.Node.around(Node.java:137)
	at org.junit.platform.engine.support.hierarchical.NodeTestTask.lambda$executeRecursively$9(NodeTestTask.java:139)
	at org.junit.platform.engine.support.hierarchical.ThrowableCollector.execute(ThrowableCollector.java:73)
	at org.junit.platform.engine.support.hierarchical.NodeTestTask.executeRecursively(NodeTestTask.java:138)
	at org.junit.platform.engine.support.hierarchical.NodeTestTask.execute(NodeTestTask.java:95)
	at java.util.ArrayList.forEach(ArrayList.java:1259)
	at org.junit.platform.engine.support.hierarchical.SameThreadHierarchicalTestExecutorService.invokeAll(SameThreadHierarchicalTestExecutorService.java:41)
	at org.junit.platform.engine.support.hierarchical.NodeTestTask.lambda$executeRecursively$6(NodeTestTask.java:155)
	at org.junit.platform.engine.support.hierarchical.ThrowableCollector.execute(ThrowableCollector.java:73)
	at org.junit.platform.engine.support.hierarchical.NodeTestTask.lambda$executeRecursively$8(NodeTestTask.java:141)
	at org.junit.platform.engine.support.hierarchical.Node.around(Node.java:137)
	at org.junit.platform.engine.support.hierarchical.NodeTestTask.lambda$executeRecursively$9(NodeTestTask.java:139)
	at org.junit.platform.engine.support.hierarchical.ThrowableCollector.execute(ThrowableCollector.java:73)
	at org.junit.platform.engine.support.hierarchical.NodeTestTask.executeRecursively(NodeTestTask.java:138)
	at org.junit.platform.engine.support.hierarchical.NodeTestTask.execute(NodeTestTask.java:95)
	at java.util.ArrayList.forEach(ArrayList.java:1259)
	at org.junit.platform.engine.support.hierarchical.SameThreadHierarchicalTestExecutorService.invokeAll(SameThreadHierarchicalTestExecutorService.java:41)
	at org.junit.platform.engine.support.hierarchical.NodeTestTask.lambda$executeRecursively$6(NodeTestTask.java:155)
	at org.junit.platform.engine.support.hierarchical.ThrowableCollector.execute(ThrowableCollector.java:73)
	at org.junit.platform.engine.support.hierarchical.NodeTestTask.lambda$executeRecursively$8(NodeTestTask.java:141)
	at org.junit.platform.engine.support.hierarchical.Node.around(Node.java:137)
	at org.junit.platform.engine.support.hierarchical.NodeTestTask.lambda$executeRecursively$9(NodeTestTask.java:139)
	at org.junit.platform.engine.support.hierarchical.ThrowableCollector.execute(ThrowableCollector.java:73)
	at org.junit.platform.engine.support.hierarchical.NodeTestTask.executeRecursively(NodeTestTask.java:138)
	at org.junit.platform.engine.support.hierarchical.NodeTestTask.execute(NodeTestTask.java:95)
	at org.junit.platform.engine.support.hierarchical.SameThreadHierarchicalTestExecutorService.submit(SameThreadHierarchicalTestExecutorService.java:35)
	at org.junit.platform.engine.support.hierarchical.HierarchicalTestExecutor.execute(HierarchicalTestExecutor.java:57)
	at org.junit.platform.engine.support.hierarchical.HierarchicalTestEngine.execute(HierarchicalTestEngine.java:54)
	at org.junit.platform.launcher.core.EngineExecutionOrchestrator.execute(EngineExecutionOrchestrator.java:107)
	at org.junit.platform.launcher.core.EngineExecutionOrchestrator.execute(EngineExecutionOrchestrator.java:88)
	at org.junit.platform.launcher.core.EngineExecutionOrchestrator.lambda$execute$0(EngineExecutionOrchestrator.java:54)
	at org.junit.platform.launcher.core.EngineExecutionOrchestrator.withInterceptedStreams(EngineExecutionOrchestrator.java:67)
	at org.junit.platform.launcher.core.EngineExecutionOrchestrator.execute(EngineExecutionOrchestrator.java:52)
	at org.junit.platform.launcher.core.DefaultLauncher.execute(DefaultLauncher.java:114)
	at org.junit.platform.launcher.core.DefaultLauncher.execute(DefaultLauncher.java:86)
	at org.junit.platform.launcher.core.DefaultLauncherSession$DelegatingLauncher.execute(DefaultLauncherSession.java:86)
	at org.junit.platform.launcher.core.SessionPerRequestLauncher.execute(SessionPerRequestLauncher.java:53)
	at org.apache.maven.surefire.junitplatform.JUnitPlatformProvider.execute(JUnitPlatformProvider.java:188)
	at org.apache.maven.surefire.junitplatform.JUnitPlatformProvider.invokeAllTests(JUnitPlatformProvider.java:154)
	at org.apache.maven.surefire.junitplatform.JUnitPlatformProvider.invoke(JUnitPlatformProvider.java:124)
	at org.apache.maven.surefire.booter.ForkedBooter.runSuitesInProcess(ForkedBooter.java:428)
	at org.apache.maven.surefire.booter.ForkedBooter.execute(ForkedBooter.java:162)
	at org.apache.maven.surefire.booter.ForkedBooter.run(ForkedBooter.java:562)
	at org.apache.maven.surefire.booter.ForkedBooter.main(ForkedBooter.java:548)
]]></failure>
    <system-out><![CDATA[2023-05-04 20:14:35,075 [Listener at 127.0.0.1/35517] INFO  rpc.RpcClient (RpcClient.java:createVolume(476)) - Creating Volume: 6d08603b-88c2-4363-9a03-4c148b8303d5, with runner as owner and space quota set to -1 bytes, counts quota set to -1
2023-05-04 20:14:35,076 [OM StateMachine ApplyTransaction Thread - 0] INFO  volume.OMVolumeCreateRequest (OMVolumeCreateRequest.java:validateAndUpdateCache(195)) - created volume:6d08603b-88c2-4363-9a03-4c148b8303d5 for user:runner
2023-05-04 20:14:35,078 [Listener at 127.0.0.1/35517] INFO  rpc.RpcClient (RpcClient.java:createBucket(697)) - Creating Bucket: 6d08603b-88c2-4363-9a03-4c148b8303d5/5dacfbf3-0d88-4622-8ff7-cf1c2e2a5911, with bucket layout OBJECT_STORE, runner as owner, Versioning false, Storage Type set to DISK and Encryption set to false, Replication Type set to server-side default replication type, Namespace Quota set to -1, Space Quota set to -1 
2023-05-04 20:14:35,079 [OM StateMachine ApplyTransaction Thread - 0] INFO  bucket.OMBucketCreateRequest (OMBucketCreateRequest.java:validateAndUpdateCache(270)) - created bucket: 5dacfbf3-0d88-4622-8ff7-cf1c2e2a5911 of layout OBJECT_STORE in volume: 6d08603b-88c2-4363-9a03-4c148b8303d5
]]></system-out>
  </testcase>
  <testcase name="testPutKey" classname="org.apache.hadoop.ozone.client.rpc.TestOzoneRpcClient" time="0.238">
    <system-out><![CDATA[2023-05-04 20:14:35,116 [Listener at 127.0.0.1/35517] INFO  rpc.RpcClient (RpcClient.java:createVolume(476)) - Creating Volume: 154ecdfa-a9c9-48d3-bb19-a8a39029c2e1, with runner as owner and space quota set to -1 bytes, counts quota set to -1
2023-05-04 20:14:35,119 [OM StateMachine ApplyTransaction Thread - 0] INFO  volume.OMVolumeCreateRequest (OMVolumeCreateRequest.java:validateAndUpdateCache(195)) - created volume:154ecdfa-a9c9-48d3-bb19-a8a39029c2e1 for user:runner
2023-05-04 20:14:35,120 [Listener at 127.0.0.1/35517] INFO  rpc.RpcClient (RpcClient.java:createBucket(697)) - Creating Bucket: 154ecdfa-a9c9-48d3-bb19-a8a39029c2e1/eed4677a-8777-44fa-9d58-b8357b90f9d2, with server-side default bucket layout, runner as owner, Versioning false, Storage Type set to DISK and Encryption set to false, Replication Type set to server-side default replication type, Namespace Quota set to -1, Space Quota set to -1 
2023-05-04 20:14:35,122 [OM StateMachine ApplyTransaction Thread - 0] INFO  bucket.OMBucketCreateRequest (OMBucketCreateRequest.java:validateAndUpdateCache(270)) - created bucket: eed4677a-8777-44fa-9d58-b8357b90f9d2 of layout FILE_SYSTEM_OPTIMIZED in volume: 154ecdfa-a9c9-48d3-bb19-a8a39029c2e1
2023-05-04 20:14:35,139 [IPC Server handler 16 on default port 35523] WARN  node.SCMNodeManager (SCMNodeManager.java:getNodesByAddress(1372)) - Cannot find node for address 127.0.0.1
2023-05-04 20:14:35,141 [IPC Server handler 7 on default port 35523] WARN  node.SCMNodeManager (SCMNodeManager.java:getNodesByAddress(1372)) - Cannot find node for address 127.0.0.1
2023-05-04 20:14:35,159 [IPC Server handler 13 on default port 35523] WARN  node.SCMNodeManager (SCMNodeManager.java:getNodesByAddress(1372)) - Cannot find node for address 127.0.0.1
2023-05-04 20:14:35,161 [IPC Server handler 5 on default port 35523] WARN  node.SCMNodeManager (SCMNodeManager.java:getNodesByAddress(1372)) - Cannot find node for address 127.0.0.1
2023-05-04 20:14:35,178 [IPC Server handler 0 on default port 35523] WARN  node.SCMNodeManager (SCMNodeManager.java:getNodesByAddress(1372)) - Cannot find node for address 127.0.0.1
2023-05-04 20:14:35,180 [IPC Server handler 8 on default port 35523] WARN  node.SCMNodeManager (SCMNodeManager.java:getNodesByAddress(1372)) - Cannot find node for address 127.0.0.1
2023-05-04 20:14:35,201 [IPC Server handler 9 on default port 35523] WARN  node.SCMNodeManager (SCMNodeManager.java:getNodesByAddress(1372)) - Cannot find node for address 127.0.0.1
2023-05-04 20:14:35,203 [IPC Server handler 10 on default port 35523] WARN  node.SCMNodeManager (SCMNodeManager.java:getNodesByAddress(1372)) - Cannot find node for address 127.0.0.1
2023-05-04 20:14:35,231 [IPC Server handler 19 on default port 35523] WARN  node.SCMNodeManager (SCMNodeManager.java:getNodesByAddress(1372)) - Cannot find node for address 127.0.0.1
2023-05-04 20:14:35,232 [IPC Server handler 12 on default port 35523] WARN  node.SCMNodeManager (SCMNodeManager.java:getNodesByAddress(1372)) - Cannot find node for address 127.0.0.1
2023-05-04 20:14:35,257 [IPC Server handler 2 on default port 35523] WARN  node.SCMNodeManager (SCMNodeManager.java:getNodesByAddress(1372)) - Cannot find node for address 127.0.0.1
2023-05-04 20:14:35,259 [IPC Server handler 6 on default port 35523] WARN  node.SCMNodeManager (SCMNodeManager.java:getNodesByAddress(1372)) - Cannot find node for address 127.0.0.1
2023-05-04 20:14:35,280 [IPC Server handler 4 on default port 35523] WARN  node.SCMNodeManager (SCMNodeManager.java:getNodesByAddress(1372)) - Cannot find node for address 127.0.0.1
2023-05-04 20:14:35,282 [IPC Server handler 11 on default port 35523] WARN  node.SCMNodeManager (SCMNodeManager.java:getNodesByAddress(1372)) - Cannot find node for address 127.0.0.1
2023-05-04 20:14:35,298 [IPC Server handler 7 on default port 35523] WARN  node.SCMNodeManager (SCMNodeManager.java:getNodesByAddress(1372)) - Cannot find node for address 127.0.0.1
2023-05-04 20:14:35,300 [IPC Server handler 17 on default port 35523] WARN  node.SCMNodeManager (SCMNodeManager.java:getNodesByAddress(1372)) - Cannot find node for address 127.0.0.1
2023-05-04 20:14:35,328 [IPC Server handler 5 on default port 35523] WARN  node.SCMNodeManager (SCMNodeManager.java:getNodesByAddress(1372)) - Cannot find node for address 127.0.0.1
2023-05-04 20:14:35,330 [IPC Server handler 1 on default port 35523] WARN  node.SCMNodeManager (SCMNodeManager.java:getNodesByAddress(1372)) - Cannot find node for address 127.0.0.1
2023-05-04 20:14:35,347 [IPC Server handler 8 on default port 35523] WARN  node.SCMNodeManager (SCMNodeManager.java:getNodesByAddress(1372)) - Cannot find node for address 127.0.0.1
2023-05-04 20:14:35,349 [IPC Server handler 15 on default port 35523] WARN  node.SCMNodeManager (SCMNodeManager.java:getNodesByAddress(1372)) - Cannot find node for address 127.0.0.1
]]></system-out>
  </testcase>
  <testcase name="testPutKeyRatisOneNode" classname="org.apache.hadoop.ozone.client.rpc.TestOzoneRpcClient" time="0.213">
    <system-out><![CDATA[2023-05-04 20:14:35,355 [Listener at 127.0.0.1/35517] INFO  rpc.RpcClient (RpcClient.java:createVolume(476)) - Creating Volume: a79ebefe-29c7-4fbd-af35-48ddc981584c, with runner as owner and space quota set to -1 bytes, counts quota set to -1
2023-05-04 20:14:35,357 [OM StateMachine ApplyTransaction Thread - 0] INFO  volume.OMVolumeCreateRequest (OMVolumeCreateRequest.java:validateAndUpdateCache(195)) - created volume:a79ebefe-29c7-4fbd-af35-48ddc981584c for user:runner
2023-05-04 20:14:35,358 [Listener at 127.0.0.1/35517] INFO  rpc.RpcClient (RpcClient.java:createBucket(697)) - Creating Bucket: a79ebefe-29c7-4fbd-af35-48ddc981584c/9898cf96-8370-4f41-85d9-0eb06764cb70, with server-side default bucket layout, runner as owner, Versioning false, Storage Type set to DISK and Encryption set to false, Replication Type set to server-side default replication type, Namespace Quota set to -1, Space Quota set to -1 
2023-05-04 20:14:35,360 [OM StateMachine ApplyTransaction Thread - 0] INFO  bucket.OMBucketCreateRequest (OMBucketCreateRequest.java:validateAndUpdateCache(270)) - created bucket: 9898cf96-8370-4f41-85d9-0eb06764cb70 of layout FILE_SYSTEM_OPTIMIZED in volume: a79ebefe-29c7-4fbd-af35-48ddc981584c
2023-05-04 20:14:35,375 [IPC Server handler 10 on default port 35523] WARN  node.SCMNodeManager (SCMNodeManager.java:getNodesByAddress(1372)) - Cannot find node for address 127.0.0.1
2023-05-04 20:14:35,376 [IPC Server handler 14 on default port 35523] WARN  node.SCMNodeManager (SCMNodeManager.java:getNodesByAddress(1372)) - Cannot find node for address 127.0.0.1
2023-05-04 20:14:35,397 [IPC Server handler 12 on default port 35523] WARN  node.SCMNodeManager (SCMNodeManager.java:getNodesByAddress(1372)) - Cannot find node for address 127.0.0.1
2023-05-04 20:14:35,399 [IPC Server handler 3 on default port 35523] WARN  node.SCMNodeManager (SCMNodeManager.java:getNodesByAddress(1372)) - Cannot find node for address 127.0.0.1
2023-05-04 20:14:35,421 [IPC Server handler 6 on default port 35523] WARN  node.SCMNodeManager (SCMNodeManager.java:getNodesByAddress(1372)) - Cannot find node for address 127.0.0.1
2023-05-04 20:14:35,423 [IPC Server handler 18 on default port 35523] WARN  node.SCMNodeManager (SCMNodeManager.java:getNodesByAddress(1372)) - Cannot find node for address 127.0.0.1
2023-05-04 20:14:35,443 [IPC Server handler 11 on default port 35523] WARN  node.SCMNodeManager (SCMNodeManager.java:getNodesByAddress(1372)) - Cannot find node for address 127.0.0.1
2023-05-04 20:14:35,445 [IPC Server handler 16 on default port 35523] WARN  node.SCMNodeManager (SCMNodeManager.java:getNodesByAddress(1372)) - Cannot find node for address 127.0.0.1
2023-05-04 20:14:35,470 [IPC Server handler 17 on default port 35523] WARN  node.SCMNodeManager (SCMNodeManager.java:getNodesByAddress(1372)) - Cannot find node for address 127.0.0.1
2023-05-04 20:14:35,471 [IPC Server handler 13 on default port 35523] WARN  node.SCMNodeManager (SCMNodeManager.java:getNodesByAddress(1372)) - Cannot find node for address 127.0.0.1
2023-05-04 20:14:35,489 [IPC Server handler 1 on default port 35523] WARN  node.SCMNodeManager (SCMNodeManager.java:getNodesByAddress(1372)) - Cannot find node for address 127.0.0.1
2023-05-04 20:14:35,491 [IPC Server handler 0 on default port 35523] WARN  node.SCMNodeManager (SCMNodeManager.java:getNodesByAddress(1372)) - Cannot find node for address 127.0.0.1
2023-05-04 20:14:35,508 [IPC Server handler 15 on default port 35523] WARN  node.SCMNodeManager (SCMNodeManager.java:getNodesByAddress(1372)) - Cannot find node for address 127.0.0.1
2023-05-04 20:14:35,510 [IPC Server handler 9 on default port 35523] WARN  node.SCMNodeManager (SCMNodeManager.java:getNodesByAddress(1372)) - Cannot find node for address 127.0.0.1
2023-05-04 20:14:35,525 [IPC Server handler 14 on default port 35523] WARN  node.SCMNodeManager (SCMNodeManager.java:getNodesByAddress(1372)) - Cannot find node for address 127.0.0.1
2023-05-04 20:14:35,527 [IPC Server handler 19 on default port 35523] WARN  node.SCMNodeManager (SCMNodeManager.java:getNodesByAddress(1372)) - Cannot find node for address 127.0.0.1
2023-05-04 20:14:35,541 [IPC Server handler 3 on default port 35523] WARN  node.SCMNodeManager (SCMNodeManager.java:getNodesByAddress(1372)) - Cannot find node for address 127.0.0.1
2023-05-04 20:14:35,543 [IPC Server handler 2 on default port 35523] WARN  node.SCMNodeManager (SCMNodeManager.java:getNodesByAddress(1372)) - Cannot find node for address 127.0.0.1
2023-05-04 20:14:35,561 [IPC Server handler 18 on default port 35523] WARN  node.SCMNodeManager (SCMNodeManager.java:getNodesByAddress(1372)) - Cannot find node for address 127.0.0.1
2023-05-04 20:14:35,562 [IPC Server handler 4 on default port 35523] WARN  node.SCMNodeManager (SCMNodeManager.java:getNodesByAddress(1372)) - Cannot find node for address 127.0.0.1
]]></system-out>
  </testcase>
  <testcase name="testPutKeyRatisThreeNodes" classname="org.apache.hadoop.ozone.client.rpc.TestOzoneRpcClient" time="0.326">
    <system-out><![CDATA[2023-05-04 20:14:35,570 [Listener at 127.0.0.1/35517] INFO  rpc.RpcClient (RpcClient.java:createVolume(476)) - Creating Volume: d5675dc7-fa3a-45b8-93a3-21c92ef832a6, with runner as owner and space quota set to -1 bytes, counts quota set to -1
2023-05-04 20:14:35,572 [OM StateMachine ApplyTransaction Thread - 0] INFO  volume.OMVolumeCreateRequest (OMVolumeCreateRequest.java:validateAndUpdateCache(195)) - created volume:d5675dc7-fa3a-45b8-93a3-21c92ef832a6 for user:runner
2023-05-04 20:14:35,573 [Listener at 127.0.0.1/35517] INFO  rpc.RpcClient (RpcClient.java:createBucket(697)) - Creating Bucket: d5675dc7-fa3a-45b8-93a3-21c92ef832a6/75a452c8-a96c-4f70-9a72-39d3a8cafaa4, with server-side default bucket layout, runner as owner, Versioning false, Storage Type set to DISK and Encryption set to false, Replication Type set to server-side default replication type, Namespace Quota set to -1, Space Quota set to -1 
2023-05-04 20:14:35,574 [OM StateMachine ApplyTransaction Thread - 0] INFO  bucket.OMBucketCreateRequest (OMBucketCreateRequest.java:validateAndUpdateCache(270)) - created bucket: 75a452c8-a96c-4f70-9a72-39d3a8cafaa4 of layout FILE_SYSTEM_OPTIMIZED in volume: d5675dc7-fa3a-45b8-93a3-21c92ef832a6
2023-05-04 20:14:35,592 [IPC Server handler 16 on default port 35523] WARN  node.SCMNodeManager (SCMNodeManager.java:getNodesByAddress(1372)) - Cannot find node for address 127.0.0.1
2023-05-04 20:14:35,595 [IPC Server handler 7 on default port 35523] WARN  node.SCMNodeManager (SCMNodeManager.java:getNodesByAddress(1372)) - Cannot find node for address 127.0.0.1
2023-05-04 20:14:35,650 [IPC Server handler 13 on default port 35523] WARN  node.SCMNodeManager (SCMNodeManager.java:getNodesByAddress(1372)) - Cannot find node for address 127.0.0.1
2023-05-04 20:14:35,652 [IPC Server handler 5 on default port 35523] WARN  node.SCMNodeManager (SCMNodeManager.java:getNodesByAddress(1372)) - Cannot find node for address 127.0.0.1
2023-05-04 20:14:35,687 [IPC Server handler 0 on default port 35523] WARN  node.SCMNodeManager (SCMNodeManager.java:getNodesByAddress(1372)) - Cannot find node for address 127.0.0.1
2023-05-04 20:14:35,690 [IPC Server handler 8 on default port 35523] WARN  node.SCMNodeManager (SCMNodeManager.java:getNodesByAddress(1372)) - Cannot find node for address 127.0.0.1
2023-05-04 20:14:35,719 [IPC Server handler 9 on default port 35523] WARN  node.SCMNodeManager (SCMNodeManager.java:getNodesByAddress(1372)) - Cannot find node for address 127.0.0.1
2023-05-04 20:14:35,721 [IPC Server handler 10 on default port 35523] WARN  node.SCMNodeManager (SCMNodeManager.java:getNodesByAddress(1372)) - Cannot find node for address 127.0.0.1
2023-05-04 20:14:35,751 [IPC Server handler 19 on default port 35523] WARN  node.SCMNodeManager (SCMNodeManager.java:getNodesByAddress(1372)) - Cannot find node for address 127.0.0.1
2023-05-04 20:14:35,753 [IPC Server handler 12 on default port 35523] WARN  node.SCMNodeManager (SCMNodeManager.java:getNodesByAddress(1372)) - Cannot find node for address 127.0.0.1
2023-05-04 20:14:35,780 [IPC Server handler 2 on default port 35523] WARN  node.SCMNodeManager (SCMNodeManager.java:getNodesByAddress(1372)) - Cannot find node for address 127.0.0.1
2023-05-04 20:14:35,782 [IPC Server handler 6 on default port 35523] WARN  node.SCMNodeManager (SCMNodeManager.java:getNodesByAddress(1372)) - Cannot find node for address 127.0.0.1
2023-05-04 20:14:35,803 [IPC Server handler 4 on default port 35523] WARN  node.SCMNodeManager (SCMNodeManager.java:getNodesByAddress(1372)) - Cannot find node for address 127.0.0.1
2023-05-04 20:14:35,805 [IPC Server handler 11 on default port 35523] WARN  node.SCMNodeManager (SCMNodeManager.java:getNodesByAddress(1372)) - Cannot find node for address 127.0.0.1
2023-05-04 20:14:35,827 [IPC Server handler 7 on default port 35523] WARN  node.SCMNodeManager (SCMNodeManager.java:getNodesByAddress(1372)) - Cannot find node for address 127.0.0.1
2023-05-04 20:14:35,832 [IPC Server handler 17 on default port 35523] WARN  node.SCMNodeManager (SCMNodeManager.java:getNodesByAddress(1372)) - Cannot find node for address 127.0.0.1
2023-05-04 20:14:35,861 [IPC Server handler 5 on default port 35523] WARN  node.SCMNodeManager (SCMNodeManager.java:getNodesByAddress(1372)) - Cannot find node for address 127.0.0.1
2023-05-04 20:14:35,863 [IPC Server handler 1 on default port 35523] WARN  node.SCMNodeManager (SCMNodeManager.java:getNodesByAddress(1372)) - Cannot find node for address 127.0.0.1
2023-05-04 20:14:35,888 [IPC Server handler 8 on default port 35523] WARN  node.SCMNodeManager (SCMNodeManager.java:getNodesByAddress(1372)) - Cannot find node for address 127.0.0.1
2023-05-04 20:14:35,890 [IPC Server handler 15 on default port 35523] WARN  node.SCMNodeManager (SCMNodeManager.java:getNodesByAddress(1372)) - Cannot find node for address 127.0.0.1
]]></system-out>
  </testcase>
  <testcase name="testPutKeyRatisThreeNodesParallel" classname="org.apache.hadoop.ozone.client.rpc.TestOzoneRpcClient" time="6.036">
    <system-out><![CDATA[2023-05-04 20:14:35,897 [Listener at 127.0.0.1/35517] INFO  rpc.RpcClient (RpcClient.java:createVolume(476)) - Creating Volume: 4f3bffbc-d57d-4fbf-b5d4-b9f38d74ee9b, with runner as owner and space quota set to -1 bytes, counts quota set to -1
2023-05-04 20:14:35,899 [OM StateMachine ApplyTransaction Thread - 0] INFO  volume.OMVolumeCreateRequest (OMVolumeCreateRequest.java:validateAndUpdateCache(195)) - created volume:4f3bffbc-d57d-4fbf-b5d4-b9f38d74ee9b for user:runner
2023-05-04 20:14:35,900 [Listener at 127.0.0.1/35517] INFO  rpc.RpcClient (RpcClient.java:createBucket(697)) - Creating Bucket: 4f3bffbc-d57d-4fbf-b5d4-b9f38d74ee9b/adcea183-6852-4c06-81d2-9f9d7478893f, with server-side default bucket layout, runner as owner, Versioning false, Storage Type set to DISK and Encryption set to false, Replication Type set to server-side default replication type, Namespace Quota set to -1, Space Quota set to -1 
2023-05-04 20:14:35,902 [OM StateMachine ApplyTransaction Thread - 0] INFO  bucket.OMBucketCreateRequest (OMBucketCreateRequest.java:validateAndUpdateCache(270)) - created bucket: adcea183-6852-4c06-81d2-9f9d7478893f of layout FILE_SYSTEM_OPTIMIZED in volume: 4f3bffbc-d57d-4fbf-b5d4-b9f38d74ee9b
2023-05-04 20:14:36,983 [IPC Server handler 9 on default port 35523] WARN  node.SCMNodeManager (SCMNodeManager.java:getNodesByAddress(1372)) - Cannot find node for address 127.0.0.1
2023-05-04 20:14:36,985 [IPC Server handler 10 on default port 35523] WARN  node.SCMNodeManager (SCMNodeManager.java:getNodesByAddress(1372)) - Cannot find node for address 127.0.0.1
2023-05-04 20:14:36,985 [IPC Server handler 14 on default port 35523] WARN  node.SCMNodeManager (SCMNodeManager.java:getNodesByAddress(1372)) - Cannot find node for address 127.0.0.1
2023-05-04 20:14:36,988 [IPC Server handler 19 on default port 35523] WARN  node.SCMNodeManager (SCMNodeManager.java:getNodesByAddress(1372)) - Cannot find node for address 127.0.0.1
2023-05-04 20:14:36,989 [IPC Server handler 12 on default port 35523] WARN  node.SCMNodeManager (SCMNodeManager.java:getNodesByAddress(1372)) - Cannot find node for address 127.0.0.1
2023-05-04 20:14:36,989 [IPC Server handler 3 on default port 35523] WARN  node.SCMNodeManager (SCMNodeManager.java:getNodesByAddress(1372)) - Cannot find node for address 127.0.0.1
2023-05-04 20:14:37,012 [IPC Server handler 2 on default port 35523] WARN  node.SCMNodeManager (SCMNodeManager.java:getNodesByAddress(1372)) - Cannot find node for address 127.0.0.1
2023-05-04 20:14:37,013 [IPC Server handler 6 on default port 35523] WARN  node.SCMNodeManager (SCMNodeManager.java:getNodesByAddress(1372)) - Cannot find node for address 127.0.0.1
2023-05-04 20:14:37,014 [IPC Server handler 18 on default port 35523] WARN  node.SCMNodeManager (SCMNodeManager.java:getNodesByAddress(1372)) - Cannot find node for address 127.0.0.1
2023-05-04 20:14:37,018 [IPC Server handler 4 on default port 35523] WARN  node.SCMNodeManager (SCMNodeManager.java:getNodesByAddress(1372)) - Cannot find node for address 127.0.0.1
2023-05-04 20:14:37,042 [IPC Server handler 11 on default port 35523] WARN  node.SCMNodeManager (SCMNodeManager.java:getNodesByAddress(1372)) - Cannot find node for address 127.0.0.1
2023-05-04 20:14:37,043 [IPC Server handler 16 on default port 35523] WARN  node.SCMNodeManager (SCMNodeManager.java:getNodesByAddress(1372)) - Cannot find node for address 127.0.0.1
2023-05-04 20:14:37,978 [IPC Server handler 9 on default port 35523] WARN  node.SCMNodeManager (SCMNodeManager.java:getNodesByAddress(1372)) - Cannot find node for address 127.0.0.1
2023-05-04 20:14:37,979 [IPC Server handler 10 on default port 35523] WARN  node.SCMNodeManager (SCMNodeManager.java:getNodesByAddress(1372)) - Cannot find node for address 127.0.0.1
2023-05-04 20:14:37,980 [IPC Server handler 14 on default port 35523] WARN  node.SCMNodeManager (SCMNodeManager.java:getNodesByAddress(1372)) - Cannot find node for address 127.0.0.1
2023-05-04 20:14:37,984 [IPC Server handler 19 on default port 35523] WARN  node.SCMNodeManager (SCMNodeManager.java:getNodesByAddress(1372)) - Cannot find node for address 127.0.0.1
2023-05-04 20:14:37,988 [IPC Server handler 12 on default port 35523] WARN  node.SCMNodeManager (SCMNodeManager.java:getNodesByAddress(1372)) - Cannot find node for address 127.0.0.1
2023-05-04 20:14:37,989 [IPC Server handler 3 on default port 35523] WARN  node.SCMNodeManager (SCMNodeManager.java:getNodesByAddress(1372)) - Cannot find node for address 127.0.0.1
2023-05-04 20:14:38,028 [IPC Server handler 4 on default port 35523] WARN  node.SCMNodeManager (SCMNodeManager.java:getNodesByAddress(1372)) - Cannot find node for address 127.0.0.1
2023-05-04 20:14:38,029 [IPC Server handler 11 on default port 35523] WARN  node.SCMNodeManager (SCMNodeManager.java:getNodesByAddress(1372)) - Cannot find node for address 127.0.0.1
2023-05-04 20:14:38,030 [IPC Server handler 16 on default port 35523] WARN  node.SCMNodeManager (SCMNodeManager.java:getNodesByAddress(1372)) - Cannot find node for address 127.0.0.1
2023-05-04 20:14:38,032 [IPC Server handler 7 on default port 35523] WARN  node.SCMNodeManager (SCMNodeManager.java:getNodesByAddress(1372)) - Cannot find node for address 127.0.0.1
2023-05-04 20:14:38,032 [IPC Server handler 17 on default port 35523] WARN  node.SCMNodeManager (SCMNodeManager.java:getNodesByAddress(1372)) - Cannot find node for address 127.0.0.1
2023-05-04 20:14:38,033 [IPC Server handler 13 on default port 35523] WARN  node.SCMNodeManager (SCMNodeManager.java:getNodesByAddress(1372)) - Cannot find node for address 127.0.0.1
2023-05-04 20:14:38,301 [JvmPauseMonitor11] WARN  util.JvmPauseMonitor (JvmPauseMonitor.java:detectPause(126)) - JvmPauseMonitor-14e688c6-03f0-4578-94be-4c0bf8f01127: Detected pause in JVM or host machine (eg GC): pause of approximately 109552604ns.
GC pool 'PS Scavenge' had collection(s): count=1 time=89ms
2023-05-04 20:14:38,301 [JvmPauseMonitor6] WARN  util.JvmPauseMonitor (JvmPauseMonitor.java:detectPause(126)) - JvmPauseMonitor-71eef059-4e21-465b-a9dc-55002cc631de: Detected pause in JVM or host machine (eg GC): pause of approximately 109966810ns.
GC pool 'PS Scavenge' had collection(s): count=1 time=89ms
2023-05-04 20:14:38,301 [JvmPauseMonitor2] WARN  util.JvmPauseMonitor (JvmPauseMonitor.java:detectPause(126)) - JvmPauseMonitor-b957fc71-c761-4d97-9df6-bc970b063b54: Detected pause in JVM or host machine (eg GC): pause of approximately 110824120ns.
GC pool 'PS Scavenge' had collection(s): count=1 time=89ms
2023-05-04 20:14:39,471 [IPC Server handler 0 on default port 35523] WARN  node.SCMNodeManager (SCMNodeManager.java:getNodesByAddress(1372)) - Cannot find node for address 127.0.0.1
2023-05-04 20:14:39,473 [IPC Server handler 8 on default port 35523] WARN  node.SCMNodeManager (SCMNodeManager.java:getNodesByAddress(1372)) - Cannot find node for address 127.0.0.1
2023-05-04 20:14:39,475 [IPC Server handler 15 on default port 35523] WARN  node.SCMNodeManager (SCMNodeManager.java:getNodesByAddress(1372)) - Cannot find node for address 127.0.0.1
2023-05-04 20:14:39,476 [IPC Server handler 15 on default port 35523] WARN  node.SCMNodeManager (SCMNodeManager.java:getNodesByAddress(1372)) - Cannot find node for address 127.0.0.1
2023-05-04 20:14:39,477 [IPC Server handler 10 on default port 35523] WARN  node.SCMNodeManager (SCMNodeManager.java:getNodesByAddress(1372)) - Cannot find node for address 127.0.0.1
2023-05-04 20:14:39,477 [IPC Server handler 14 on default port 35523] WARN  node.SCMNodeManager (SCMNodeManager.java:getNodesByAddress(1372)) - Cannot find node for address 127.0.0.1
2023-05-04 20:14:39,478 [IPC Server handler 19 on default port 35523] WARN  node.SCMNodeManager (SCMNodeManager.java:getNodesByAddress(1372)) - Cannot find node for address 127.0.0.1
2023-05-04 20:14:39,479 [IPC Server handler 12 on default port 35523] WARN  node.SCMNodeManager (SCMNodeManager.java:getNodesByAddress(1372)) - Cannot find node for address 127.0.0.1
2023-05-04 20:14:39,480 [IPC Server handler 3 on default port 35523] WARN  node.SCMNodeManager (SCMNodeManager.java:getNodesByAddress(1372)) - Cannot find node for address 127.0.0.1
2023-05-04 20:14:39,480 [IPC Server handler 2 on default port 35523] WARN  node.SCMNodeManager (SCMNodeManager.java:getNodesByAddress(1372)) - Cannot find node for address 127.0.0.1
2023-05-04 20:14:39,481 [IPC Server handler 6 on default port 35523] WARN  node.SCMNodeManager (SCMNodeManager.java:getNodesByAddress(1372)) - Cannot find node for address 127.0.0.1
2023-05-04 20:14:39,481 [IPC Server handler 18 on default port 35523] WARN  node.SCMNodeManager (SCMNodeManager.java:getNodesByAddress(1372)) - Cannot find node for address 127.0.0.1
2023-05-04 20:14:40,243 [IPC Server handler 5 on default port 35523] WARN  node.SCMNodeManager (SCMNodeManager.java:getNodesByAddress(1372)) - Cannot find node for address 127.0.0.1
2023-05-04 20:14:40,244 [IPC Server handler 1 on default port 35523] WARN  node.SCMNodeManager (SCMNodeManager.java:getNodesByAddress(1372)) - Cannot find node for address 127.0.0.1
2023-05-04 20:14:40,250 [IPC Server handler 0 on default port 35523] WARN  node.SCMNodeManager (SCMNodeManager.java:getNodesByAddress(1372)) - Cannot find node for address 127.0.0.1
2023-05-04 20:14:40,253 [IPC Server handler 8 on default port 35523] WARN  node.SCMNodeManager (SCMNodeManager.java:getNodesByAddress(1372)) - Cannot find node for address 127.0.0.1
2023-05-04 20:14:40,256 [IPC Server handler 15 on default port 35523] WARN  node.SCMNodeManager (SCMNodeManager.java:getNodesByAddress(1372)) - Cannot find node for address 127.0.0.1
2023-05-04 20:14:40,257 [IPC Server handler 10 on default port 35523] WARN  node.SCMNodeManager (SCMNodeManager.java:getNodesByAddress(1372)) - Cannot find node for address 127.0.0.1
2023-05-04 20:14:40,264 [IPC Server handler 14 on default port 35523] WARN  node.SCMNodeManager (SCMNodeManager.java:getNodesByAddress(1372)) - Cannot find node for address 127.0.0.1
2023-05-04 20:14:40,265 [IPC Server handler 19 on default port 35523] WARN  node.SCMNodeManager (SCMNodeManager.java:getNodesByAddress(1372)) - Cannot find node for address 127.0.0.1
2023-05-04 20:14:40,265 [IPC Server handler 12 on default port 35523] WARN  node.SCMNodeManager (SCMNodeManager.java:getNodesByAddress(1372)) - Cannot find node for address 127.0.0.1
2023-05-04 20:14:40,266 [IPC Server handler 3 on default port 35523] WARN  node.SCMNodeManager (SCMNodeManager.java:getNodesByAddress(1372)) - Cannot find node for address 127.0.0.1
2023-05-04 20:14:40,268 [IPC Server handler 2 on default port 35523] WARN  node.SCMNodeManager (SCMNodeManager.java:getNodesByAddress(1372)) - Cannot find node for address 127.0.0.1
2023-05-04 20:14:40,268 [IPC Server handler 6 on default port 35523] WARN  node.SCMNodeManager (SCMNodeManager.java:getNodesByAddress(1372)) - Cannot find node for address 127.0.0.1
2023-05-04 20:14:40,269 [IPC Server handler 18 on default port 35523] WARN  node.SCMNodeManager (SCMNodeManager.java:getNodesByAddress(1372)) - Cannot find node for address 127.0.0.1
2023-05-04 20:14:40,270 [IPC Server handler 4 on default port 35523] WARN  node.SCMNodeManager (SCMNodeManager.java:getNodesByAddress(1372)) - Cannot find node for address 127.0.0.1
2023-05-04 20:14:40,401 [JvmPauseMonitor11] WARN  util.JvmPauseMonitor (JvmPauseMonitor.java:detectPause(126)) - JvmPauseMonitor-14e688c6-03f0-4578-94be-4c0bf8f01127: Detected pause in JVM or host machine (eg GC): pause of approximately 100115680ns.
GC pool 'PS Scavenge' had collection(s): count=1 time=95ms
2023-05-04 20:14:41,523 [IPC Server handler 11 on default port 35523] WARN  node.SCMNodeManager (SCMNodeManager.java:getNodesByAddress(1372)) - Cannot find node for address 127.0.0.1
2023-05-04 20:14:41,524 [IPC Server handler 9 on default port 35523] WARN  node.SCMNodeManager (SCMNodeManager.java:getNodesByAddress(1372)) - Cannot find node for address 127.0.0.1
2023-05-04 20:14:41,525 [IPC Server handler 16 on default port 35523] WARN  node.SCMNodeManager (SCMNodeManager.java:getNodesByAddress(1372)) - Cannot find node for address 127.0.0.1
2023-05-04 20:14:41,526 [IPC Server handler 7 on default port 35523] WARN  node.SCMNodeManager (SCMNodeManager.java:getNodesByAddress(1372)) - Cannot find node for address 127.0.0.1
2023-05-04 20:14:41,529 [IPC Server handler 17 on default port 35523] WARN  node.SCMNodeManager (SCMNodeManager.java:getNodesByAddress(1372)) - Cannot find node for address 127.0.0.1
2023-05-04 20:14:41,529 [IPC Server handler 13 on default port 35523] WARN  node.SCMNodeManager (SCMNodeManager.java:getNodesByAddress(1372)) - Cannot find node for address 127.0.0.1
2023-05-04 20:14:41,776 [IPC Server handler 5 on default port 35523] WARN  node.SCMNodeManager (SCMNodeManager.java:getNodesByAddress(1372)) - Cannot find node for address 127.0.0.1
2023-05-04 20:14:41,777 [IPC Server handler 1 on default port 35523] WARN  node.SCMNodeManager (SCMNodeManager.java:getNodesByAddress(1372)) - Cannot find node for address 127.0.0.1
2023-05-04 20:14:41,777 [IPC Server handler 0 on default port 35523] WARN  node.SCMNodeManager (SCMNodeManager.java:getNodesByAddress(1372)) - Cannot find node for address 127.0.0.1
2023-05-04 20:14:41,780 [IPC Server handler 8 on default port 35523] WARN  node.SCMNodeManager (SCMNodeManager.java:getNodesByAddress(1372)) - Cannot find node for address 127.0.0.1
2023-05-04 20:14:41,780 [IPC Server handler 15 on default port 35523] WARN  node.SCMNodeManager (SCMNodeManager.java:getNodesByAddress(1372)) - Cannot find node for address 127.0.0.1
2023-05-04 20:14:41,781 [IPC Server handler 10 on default port 35523] WARN  node.SCMNodeManager (SCMNodeManager.java:getNodesByAddress(1372)) - Cannot find node for address 127.0.0.1
]]></system-out>
  </testcase>
  <testcase name="testPutKeyWithReplicationConfig(String, boolean)[1]" classname="org.apache.hadoop.ozone.client.rpc.TestOzoneRpcClient" time="0.011">
    <system-out><![CDATA[2023-05-04 20:14:41,973 [Listener at 127.0.0.1/35517] INFO  rpc.RpcClient (RpcClient.java:createVolume(476)) - Creating Volume: 682112af-5f25-45cf-82e5-bc170730ef25, with runner as owner and space quota set to -1 bytes, counts quota set to -1
2023-05-04 20:14:41,975 [OM StateMachine ApplyTransaction Thread - 0] INFO  volume.OMVolumeCreateRequest (OMVolumeCreateRequest.java:validateAndUpdateCache(195)) - created volume:682112af-5f25-45cf-82e5-bc170730ef25 for user:runner
2023-05-04 20:14:41,978 [Listener at 127.0.0.1/35517] INFO  rpc.RpcClient (RpcClient.java:createBucket(697)) - Creating Bucket: 682112af-5f25-45cf-82e5-bc170730ef25/cf2bf6ef-a570-41e5-bffa-b24a74162ea9, with server-side default bucket layout, runner as owner, Versioning false, Storage Type set to DISK and Encryption set to false, Replication Type set to server-side default replication type, Namespace Quota set to -1, Space Quota set to -1 
2023-05-04 20:14:41,979 [OM StateMachine ApplyTransaction Thread - 0] INFO  bucket.OMBucketCreateRequest (OMBucketCreateRequest.java:validateAndUpdateCache(270)) - created bucket: cf2bf6ef-a570-41e5-bffa-b24a74162ea9 of layout FILE_SYSTEM_OPTIMIZED in volume: 682112af-5f25-45cf-82e5-bc170730ef25
]]></system-out>
  </testcase>
  <testcase name="testPutKeyWithReplicationConfig(String, boolean)[2]" classname="org.apache.hadoop.ozone.client.rpc.TestOzoneRpcClient" time="0.007">
    <system-out><![CDATA[2023-05-04 20:14:41,984 [Listener at 127.0.0.1/35517] INFO  rpc.RpcClient (RpcClient.java:createVolume(476)) - Creating Volume: bbf4e704-e1ab-4183-9038-22c7fa1f8f8a, with runner as owner and space quota set to -1 bytes, counts quota set to -1
2023-05-04 20:14:41,985 [OM StateMachine ApplyTransaction Thread - 0] INFO  volume.OMVolumeCreateRequest (OMVolumeCreateRequest.java:validateAndUpdateCache(195)) - created volume:bbf4e704-e1ab-4183-9038-22c7fa1f8f8a for user:runner
2023-05-04 20:14:41,986 [Listener at 127.0.0.1/35517] INFO  rpc.RpcClient (RpcClient.java:createBucket(697)) - Creating Bucket: bbf4e704-e1ab-4183-9038-22c7fa1f8f8a/bfc3f1ee-d69f-44df-89bf-7f0f3ad4c9e2, with server-side default bucket layout, runner as owner, Versioning false, Storage Type set to DISK and Encryption set to false, Replication Type set to server-side default replication type, Namespace Quota set to -1, Space Quota set to -1 
2023-05-04 20:14:41,988 [OM StateMachine ApplyTransaction Thread - 0] INFO  bucket.OMBucketCreateRequest (OMBucketCreateRequest.java:validateAndUpdateCache(270)) - created bucket: bfc3f1ee-d69f-44df-89bf-7f0f3ad4c9e2 of layout FILE_SYSTEM_OPTIMIZED in volume: bbf4e704-e1ab-4183-9038-22c7fa1f8f8a
]]></system-out>
  </testcase>
  <testcase name="testPutKeyWithReplicationConfig(String, boolean)[3]" classname="org.apache.hadoop.ozone.client.rpc.TestOzoneRpcClient" time="0.068">
    <system-out><![CDATA[2023-05-04 20:14:41,994 [Listener at 127.0.0.1/35517] INFO  rpc.RpcClient (RpcClient.java:createVolume(476)) - Creating Volume: 2518b8c9-b6bf-44c5-9f5c-481e7b076647, with runner as owner and space quota set to -1 bytes, counts quota set to -1
2023-05-04 20:14:41,996 [OM StateMachine ApplyTransaction Thread - 0] INFO  volume.OMVolumeCreateRequest (OMVolumeCreateRequest.java:validateAndUpdateCache(195)) - created volume:2518b8c9-b6bf-44c5-9f5c-481e7b076647 for user:runner
2023-05-04 20:14:41,999 [Listener at 127.0.0.1/35517] INFO  rpc.RpcClient (RpcClient.java:createBucket(697)) - Creating Bucket: 2518b8c9-b6bf-44c5-9f5c-481e7b076647/b4a0fc78-f698-4495-aae8-44c273d40ef4, with server-side default bucket layout, runner as owner, Versioning false, Storage Type set to DISK and Encryption set to false, Replication Type set to server-side default replication type, Namespace Quota set to -1, Space Quota set to -1 
2023-05-04 20:14:42,000 [OM StateMachine ApplyTransaction Thread - 0] INFO  bucket.OMBucketCreateRequest (OMBucketCreateRequest.java:validateAndUpdateCache(270)) - created bucket: b4a0fc78-f698-4495-aae8-44c273d40ef4 of layout FILE_SYSTEM_OPTIMIZED in volume: 2518b8c9-b6bf-44c5-9f5c-481e7b076647
2023-05-04 20:14:42,045 [IPC Server handler 19 on default port 35523] WARN  node.SCMNodeManager (SCMNodeManager.java:getNodesByAddress(1372)) - Cannot find node for address 127.0.0.1
2023-05-04 20:14:42,047 [IPC Server handler 12 on default port 35523] WARN  node.SCMNodeManager (SCMNodeManager.java:getNodesByAddress(1372)) - Cannot find node for address 127.0.0.1
]]></system-out>
  </testcase>
  <testcase name="testPutKeyWithReplicationConfig(String, boolean)[4]" classname="org.apache.hadoop.ozone.client.rpc.TestOzoneRpcClient" time="0.132">
    <system-out><![CDATA[2023-05-04 20:14:42,061 [Listener at 127.0.0.1/35517] INFO  rpc.RpcClient (RpcClient.java:createVolume(476)) - Creating Volume: c8497387-6fbe-401f-b500-e1aca333ab5b, with runner as owner and space quota set to -1 bytes, counts quota set to -1
2023-05-04 20:14:42,064 [OM StateMachine ApplyTransaction Thread - 0] INFO  volume.OMVolumeCreateRequest (OMVolumeCreateRequest.java:validateAndUpdateCache(195)) - created volume:c8497387-6fbe-401f-b500-e1aca333ab5b for user:runner
2023-05-04 20:14:42,065 [Listener at 127.0.0.1/35517] INFO  rpc.RpcClient (RpcClient.java:createBucket(697)) - Creating Bucket: c8497387-6fbe-401f-b500-e1aca333ab5b/5ea16928-a059-4840-bbee-a784c34039e3, with server-side default bucket layout, runner as owner, Versioning false, Storage Type set to DISK and Encryption set to false, Replication Type set to server-side default replication type, Namespace Quota set to -1, Space Quota set to -1 
2023-05-04 20:14:42,068 [OM StateMachine ApplyTransaction Thread - 0] INFO  bucket.OMBucketCreateRequest (OMBucketCreateRequest.java:validateAndUpdateCache(270)) - created bucket: 5ea16928-a059-4840-bbee-a784c34039e3 of layout FILE_SYSTEM_OPTIMIZED in volume: c8497387-6fbe-401f-b500-e1aca333ab5b
2023-05-04 20:14:42,071 [IPC Server handler 3 on default port 35523] INFO  pipeline.PipelineStateManagerImpl (PipelineStateManagerImpl.java:addPipeline(103)) - Created pipeline Pipeline[ Id: 2b0069fc-dc86-4337-b5e5-e845ea084e8e, Nodes: b0971eea-134b-46df-abd0-1018d0776f3a(fv-az804-457.cvtsq3ctpw5ehehiek0yp1ke0c.cx.internal.cloudapp.net/10.1.0.20)b4df0636-e8ba-4aa2-9ff9-49534f1768bf(fv-az804-457.cvtsq3ctpw5ehehiek0yp1ke0c.cx.internal.cloudapp.net/10.1.0.20)14e688c6-03f0-4578-94be-4c0bf8f01127(fv-az804-457.cvtsq3ctpw5ehehiek0yp1ke0c.cx.internal.cloudapp.net/10.1.0.20)fe0c64ad-372f-4816-a9b8-650345a5ed87(fv-az804-457.cvtsq3ctpw5ehehiek0yp1ke0c.cx.internal.cloudapp.net/10.1.0.20)0abf101a-d700-4355-93b1-7a942eb61d40(fv-az804-457.cvtsq3ctpw5ehehiek0yp1ke0c.cx.internal.cloudapp.net/10.1.0.20)c0824e8e-e4e4-4301-9438-3093f7f79ba0(fv-az804-457.cvtsq3ctpw5ehehiek0yp1ke0c.cx.internal.cloudapp.net/10.1.0.20)71eef059-4e21-465b-a9dc-55002cc631de(fv-az804-457.cvtsq3ctpw5ehehiek0yp1ke0c.cx.internal.cloudapp.net/10.1.0.20)7e411c01-6998-40d0-b507-5d7903264b15(fv-az804-457.cvtsq3ctpw5ehehiek0yp1ke0c.cx.internal.cloudapp.net/10.1.0.20)6a8dabd4-d9aa-4d69-8f5d-1f403dba9ac7(fv-az804-457.cvtsq3ctpw5ehehiek0yp1ke0c.cx.internal.cloudapp.net/10.1.0.20), ReplicationConfig: EC{rs-6-3-1024k}, State:ALLOCATED, leaderId:, CreationTimestamp2023-05-04T20:14:42.071Z[Etc/UTC]].
2023-05-04 20:14:42,072 [IPC Server handler 3 on default port 35523] INFO  pipeline.PipelineManagerImpl (PipelineManagerImpl.java:openPipeline(367)) - Pipeline Pipeline[ Id: 2b0069fc-dc86-4337-b5e5-e845ea084e8e, Nodes: b0971eea-134b-46df-abd0-1018d0776f3a(fv-az804-457.cvtsq3ctpw5ehehiek0yp1ke0c.cx.internal.cloudapp.net/10.1.0.20)b4df0636-e8ba-4aa2-9ff9-49534f1768bf(fv-az804-457.cvtsq3ctpw5ehehiek0yp1ke0c.cx.internal.cloudapp.net/10.1.0.20)14e688c6-03f0-4578-94be-4c0bf8f01127(fv-az804-457.cvtsq3ctpw5ehehiek0yp1ke0c.cx.internal.cloudapp.net/10.1.0.20)fe0c64ad-372f-4816-a9b8-650345a5ed87(fv-az804-457.cvtsq3ctpw5ehehiek0yp1ke0c.cx.internal.cloudapp.net/10.1.0.20)0abf101a-d700-4355-93b1-7a942eb61d40(fv-az804-457.cvtsq3ctpw5ehehiek0yp1ke0c.cx.internal.cloudapp.net/10.1.0.20)c0824e8e-e4e4-4301-9438-3093f7f79ba0(fv-az804-457.cvtsq3ctpw5ehehiek0yp1ke0c.cx.internal.cloudapp.net/10.1.0.20)71eef059-4e21-465b-a9dc-55002cc631de(fv-az804-457.cvtsq3ctpw5ehehiek0yp1ke0c.cx.internal.cloudapp.net/10.1.0.20)7e411c01-6998-40d0-b507-5d7903264b15(fv-az804-457.cvtsq3ctpw5ehehiek0yp1ke0c.cx.internal.cloudapp.net/10.1.0.20)6a8dabd4-d9aa-4d69-8f5d-1f403dba9ac7(fv-az804-457.cvtsq3ctpw5ehehiek0yp1ke0c.cx.internal.cloudapp.net/10.1.0.20), ReplicationConfig: EC{rs-6-3-1024k}, State:ALLOCATED, leaderId:, CreationTimestamp2023-05-04T20:14:42.071Z[Etc/UTC]] moved to OPEN state
2023-05-04 20:14:42,181 [IPC Server handler 2 on default port 35523] WARN  node.SCMNodeManager (SCMNodeManager.java:getNodesByAddress(1372)) - Cannot find node for address 127.0.0.1
2023-05-04 20:14:42,183 [IPC Server handler 6 on default port 35523] WARN  node.SCMNodeManager (SCMNodeManager.java:getNodesByAddress(1372)) - Cannot find node for address 127.0.0.1
]]></system-out>
  </testcase>
  <testcase name="testPutKeyWithReplicationConfig(String, boolean)[5]" classname="org.apache.hadoop.ozone.client.rpc.TestOzoneRpcClient" time="0.134">
    <system-out><![CDATA[2023-05-04 20:14:42,193 [Listener at 127.0.0.1/35517] INFO  rpc.RpcClient (RpcClient.java:createVolume(476)) - Creating Volume: 4619632d-dd3f-4099-8f82-53da62b01e39, with runner as owner and space quota set to -1 bytes, counts quota set to -1
2023-05-04 20:14:42,195 [OM StateMachine ApplyTransaction Thread - 0] INFO  volume.OMVolumeCreateRequest (OMVolumeCreateRequest.java:validateAndUpdateCache(195)) - created volume:4619632d-dd3f-4099-8f82-53da62b01e39 for user:runner
2023-05-04 20:14:42,196 [Listener at 127.0.0.1/35517] INFO  rpc.RpcClient (RpcClient.java:createBucket(697)) - Creating Bucket: 4619632d-dd3f-4099-8f82-53da62b01e39/1e0d17a6-d733-4b8c-82c8-64186e1daabc, with server-side default bucket layout, runner as owner, Versioning false, Storage Type set to DISK and Encryption set to false, Replication Type set to server-side default replication type, Namespace Quota set to -1, Space Quota set to -1 
2023-05-04 20:14:42,198 [OM StateMachine ApplyTransaction Thread - 0] INFO  bucket.OMBucketCreateRequest (OMBucketCreateRequest.java:validateAndUpdateCache(270)) - created bucket: 1e0d17a6-d733-4b8c-82c8-64186e1daabc of layout FILE_SYSTEM_OPTIMIZED in volume: 4619632d-dd3f-4099-8f82-53da62b01e39
2023-05-04 20:14:42,201 [IPC Server handler 18 on default port 35523] INFO  pipeline.PipelineStateManagerImpl (PipelineStateManagerImpl.java:addPipeline(103)) - Created pipeline Pipeline[ Id: badfe169-59fc-450c-8dea-240f1348a4bf, Nodes: b0971eea-134b-46df-abd0-1018d0776f3a(fv-az804-457.cvtsq3ctpw5ehehiek0yp1ke0c.cx.internal.cloudapp.net/10.1.0.20)4fbe5812-23fe-4964-8001-699203e4df4b(fv-az804-457.cvtsq3ctpw5ehehiek0yp1ke0c.cx.internal.cloudapp.net/10.1.0.20)6a8dabd4-d9aa-4d69-8f5d-1f403dba9ac7(fv-az804-457.cvtsq3ctpw5ehehiek0yp1ke0c.cx.internal.cloudapp.net/10.1.0.20)c223e4a1-7dec-454b-846f-941d08347586(fv-az804-457.cvtsq3ctpw5ehehiek0yp1ke0c.cx.internal.cloudapp.net/10.1.0.20)fe0c64ad-372f-4816-a9b8-650345a5ed87(fv-az804-457.cvtsq3ctpw5ehehiek0yp1ke0c.cx.internal.cloudapp.net/10.1.0.20)de61e307-c070-4843-8a71-857ff854f108(fv-az804-457.cvtsq3ctpw5ehehiek0yp1ke0c.cx.internal.cloudapp.net/10.1.0.20)b957fc71-c761-4d97-9df6-bc970b063b54(fv-az804-457.cvtsq3ctpw5ehehiek0yp1ke0c.cx.internal.cloudapp.net/10.1.0.20)c0824e8e-e4e4-4301-9438-3093f7f79ba0(fv-az804-457.cvtsq3ctpw5ehehiek0yp1ke0c.cx.internal.cloudapp.net/10.1.0.20)14e688c6-03f0-4578-94be-4c0bf8f01127(fv-az804-457.cvtsq3ctpw5ehehiek0yp1ke0c.cx.internal.cloudapp.net/10.1.0.20)7e411c01-6998-40d0-b507-5d7903264b15(fv-az804-457.cvtsq3ctpw5ehehiek0yp1ke0c.cx.internal.cloudapp.net/10.1.0.20)b4df0636-e8ba-4aa2-9ff9-49534f1768bf(fv-az804-457.cvtsq3ctpw5ehehiek0yp1ke0c.cx.internal.cloudapp.net/10.1.0.20)71eef059-4e21-465b-a9dc-55002cc631de(fv-az804-457.cvtsq3ctpw5ehehiek0yp1ke0c.cx.internal.cloudapp.net/10.1.0.20)0abf101a-d700-4355-93b1-7a942eb61d40(fv-az804-457.cvtsq3ctpw5ehehiek0yp1ke0c.cx.internal.cloudapp.net/10.1.0.20)eaea20cf-c5ca-4d45-84fe-4a8214ec7204(fv-az804-457.cvtsq3ctpw5ehehiek0yp1ke0c.cx.internal.cloudapp.net/10.1.0.20), ReplicationConfig: EC{rs-10-4-1024k}, State:ALLOCATED, leaderId:, CreationTimestamp2023-05-04T20:14:42.201Z[Etc/UTC]].
2023-05-04 20:14:42,202 [IPC Server handler 18 on default port 35523] INFO  pipeline.PipelineManagerImpl (PipelineManagerImpl.java:openPipeline(367)) - Pipeline Pipeline[ Id: badfe169-59fc-450c-8dea-240f1348a4bf, Nodes: b0971eea-134b-46df-abd0-1018d0776f3a(fv-az804-457.cvtsq3ctpw5ehehiek0yp1ke0c.cx.internal.cloudapp.net/10.1.0.20)4fbe5812-23fe-4964-8001-699203e4df4b(fv-az804-457.cvtsq3ctpw5ehehiek0yp1ke0c.cx.internal.cloudapp.net/10.1.0.20)6a8dabd4-d9aa-4d69-8f5d-1f403dba9ac7(fv-az804-457.cvtsq3ctpw5ehehiek0yp1ke0c.cx.internal.cloudapp.net/10.1.0.20)c223e4a1-7dec-454b-846f-941d08347586(fv-az804-457.cvtsq3ctpw5ehehiek0yp1ke0c.cx.internal.cloudapp.net/10.1.0.20)fe0c64ad-372f-4816-a9b8-650345a5ed87(fv-az804-457.cvtsq3ctpw5ehehiek0yp1ke0c.cx.internal.cloudapp.net/10.1.0.20)de61e307-c070-4843-8a71-857ff854f108(fv-az804-457.cvtsq3ctpw5ehehiek0yp1ke0c.cx.internal.cloudapp.net/10.1.0.20)b957fc71-c761-4d97-9df6-bc970b063b54(fv-az804-457.cvtsq3ctpw5ehehiek0yp1ke0c.cx.internal.cloudapp.net/10.1.0.20)c0824e8e-e4e4-4301-9438-3093f7f79ba0(fv-az804-457.cvtsq3ctpw5ehehiek0yp1ke0c.cx.internal.cloudapp.net/10.1.0.20)14e688c6-03f0-4578-94be-4c0bf8f01127(fv-az804-457.cvtsq3ctpw5ehehiek0yp1ke0c.cx.internal.cloudapp.net/10.1.0.20)7e411c01-6998-40d0-b507-5d7903264b15(fv-az804-457.cvtsq3ctpw5ehehiek0yp1ke0c.cx.internal.cloudapp.net/10.1.0.20)b4df0636-e8ba-4aa2-9ff9-49534f1768bf(fv-az804-457.cvtsq3ctpw5ehehiek0yp1ke0c.cx.internal.cloudapp.net/10.1.0.20)71eef059-4e21-465b-a9dc-55002cc631de(fv-az804-457.cvtsq3ctpw5ehehiek0yp1ke0c.cx.internal.cloudapp.net/10.1.0.20)0abf101a-d700-4355-93b1-7a942eb61d40(fv-az804-457.cvtsq3ctpw5ehehiek0yp1ke0c.cx.internal.cloudapp.net/10.1.0.20)eaea20cf-c5ca-4d45-84fe-4a8214ec7204(fv-az804-457.cvtsq3ctpw5ehehiek0yp1ke0c.cx.internal.cloudapp.net/10.1.0.20), ReplicationConfig: EC{rs-10-4-1024k}, State:ALLOCATED, leaderId:, CreationTimestamp2023-05-04T20:14:42.201Z[Etc/UTC]] moved to OPEN state
2023-05-04 20:14:42,316 [IPC Server handler 11 on default port 35523] WARN  node.SCMNodeManager (SCMNodeManager.java:getNodesByAddress(1372)) - Cannot find node for address 127.0.0.1
2023-05-04 20:14:42,319 [IPC Server handler 9 on default port 35523] WARN  node.SCMNodeManager (SCMNodeManager.java:getNodesByAddress(1372)) - Cannot find node for address 127.0.0.1
]]></system-out>
  </testcase>
  <testcase name="testReadKeyWithCorruptedData" classname="org.apache.hadoop.ozone.client.rpc.TestOzoneRpcClient" time="0.042">
    <system-out><![CDATA[2023-05-04 20:14:42,329 [Listener at 127.0.0.1/35517] INFO  rpc.RpcClient (RpcClient.java:createVolume(476)) - Creating Volume: 5b1169c4-fa6f-4bcc-af50-c1fdd55ada27, with runner as owner and space quota set to -1 bytes, counts quota set to -1
2023-05-04 20:14:42,331 [OM StateMachine ApplyTransaction Thread - 0] INFO  volume.OMVolumeCreateRequest (OMVolumeCreateRequest.java:validateAndUpdateCache(195)) - created volume:5b1169c4-fa6f-4bcc-af50-c1fdd55ada27 for user:runner
2023-05-04 20:14:42,332 [Listener at 127.0.0.1/35517] INFO  rpc.RpcClient (RpcClient.java:createBucket(697)) - Creating Bucket: 5b1169c4-fa6f-4bcc-af50-c1fdd55ada27/31d4d1e6-7d36-43b9-9169-d7fde444341b, with server-side default bucket layout, runner as owner, Versioning false, Storage Type set to DISK and Encryption set to false, Replication Type set to server-side default replication type, Namespace Quota set to -1, Space Quota set to -1 
2023-05-04 20:14:42,333 [OM StateMachine ApplyTransaction Thread - 0] INFO  bucket.OMBucketCreateRequest (OMBucketCreateRequest.java:validateAndUpdateCache(270)) - created bucket: 31d4d1e6-7d36-43b9-9169-d7fde444341b of layout FILE_SYSTEM_OPTIMIZED in volume: 5b1169c4-fa6f-4bcc-af50-c1fdd55ada27
2023-05-04 20:14:42,345 [IPC Server handler 7 on default port 35523] WARN  node.SCMNodeManager (SCMNodeManager.java:getNodesByAddress(1372)) - Cannot find node for address 127.0.0.1
2023-05-04 20:14:42,361 [IPC Server handler 17 on default port 35523] WARN  node.SCMNodeManager (SCMNodeManager.java:getNodesByAddress(1372)) - Cannot find node for address 127.0.0.1
2023-05-04 20:14:42,365 [Listener at 127.0.0.1/35517] ERROR scm.XceiverClientGrpc (XceiverClientGrpc.java:sendCommandWithRetry(453)) - Failed to execute command ReadChunk on the pipeline Pipeline[ Id: 0f7c704f-42eb-458f-9516-bfa1ca1b2de3, Nodes: b4df0636-e8ba-4aa2-9ff9-49534f1768bf(fv-az804-457.cvtsq3ctpw5ehehiek0yp1ke0c.cx.internal.cloudapp.net/10.1.0.20), ReplicationConfig: STANDALONE/ONE, State:OPEN, leaderId:b4df0636-e8ba-4aa2-9ff9-49534f1768bf, CreationTimestamp2023-05-04T20:13:59.490Z[Etc/UTC]].
2023-05-04 20:14:42,368 [Listener at 127.0.0.1/35517] ERROR scm.XceiverClientGrpc (XceiverClientGrpc.java:sendCommandWithRetry(453)) - Failed to execute command ReadChunk on the pipeline Pipeline[ Id: 0f7c704f-42eb-458f-9516-bfa1ca1b2de3, Nodes: b4df0636-e8ba-4aa2-9ff9-49534f1768bf(fv-az804-457.cvtsq3ctpw5ehehiek0yp1ke0c.cx.internal.cloudapp.net/10.1.0.20), ReplicationConfig: STANDALONE/ONE, State:OPEN, leaderId:b4df0636-e8ba-4aa2-9ff9-49534f1768bf, CreationTimestamp2023-05-04T20:13:59.490Z[Etc/UTC]].
2023-05-04 20:14:42,370 [Listener at 127.0.0.1/35517] ERROR scm.XceiverClientGrpc (XceiverClientGrpc.java:sendCommandWithRetry(453)) - Failed to execute command ReadChunk on the pipeline Pipeline[ Id: 0f7c704f-42eb-458f-9516-bfa1ca1b2de3, Nodes: b4df0636-e8ba-4aa2-9ff9-49534f1768bf(fv-az804-457.cvtsq3ctpw5ehehiek0yp1ke0c.cx.internal.cloudapp.net/10.1.0.20), ReplicationConfig: STANDALONE/ONE, State:OPEN, leaderId:b4df0636-e8ba-4aa2-9ff9-49534f1768bf, CreationTimestamp2023-05-04T20:13:59.490Z[Etc/UTC]].
]]></system-out>
  </testcase>
  <testcase name="testReadKeyWithCorruptedDataWithMutiNodes" classname="org.apache.hadoop.ozone.client.rpc.TestOzoneRpcClient" time="0.127">
    <system-out><![CDATA[2023-05-04 20:14:42,373 [Listener at 127.0.0.1/35517] INFO  rpc.RpcClient (RpcClient.java:createVolume(476)) - Creating Volume: 207fbe10-6874-4f5d-84dd-2ad782978954, with runner as owner and space quota set to -1 bytes, counts quota set to -1
2023-05-04 20:14:42,375 [OM StateMachine ApplyTransaction Thread - 0] INFO  volume.OMVolumeCreateRequest (OMVolumeCreateRequest.java:validateAndUpdateCache(195)) - created volume:207fbe10-6874-4f5d-84dd-2ad782978954 for user:runner
2023-05-04 20:14:42,376 [Listener at 127.0.0.1/35517] INFO  rpc.RpcClient (RpcClient.java:createBucket(697)) - Creating Bucket: 207fbe10-6874-4f5d-84dd-2ad782978954/7e1d380c-579b-46d3-adea-010919551c4c, with server-side default bucket layout, runner as owner, Versioning false, Storage Type set to DISK and Encryption set to false, Replication Type set to server-side default replication type, Namespace Quota set to -1, Space Quota set to -1 
2023-05-04 20:14:42,378 [OM StateMachine ApplyTransaction Thread - 0] INFO  bucket.OMBucketCreateRequest (OMBucketCreateRequest.java:validateAndUpdateCache(270)) - created bucket: 7e1d380c-579b-46d3-adea-010919551c4c of layout FILE_SYSTEM_OPTIMIZED in volume: 207fbe10-6874-4f5d-84dd-2ad782978954
2023-05-04 20:14:42,396 [IPC Server handler 5 on default port 35523] WARN  node.SCMNodeManager (SCMNodeManager.java:getNodesByAddress(1372)) - Cannot find node for address 127.0.0.1
2023-05-04 20:14:42,404 [IPC Server handler 1 on default port 35523] WARN  node.SCMNodeManager (SCMNodeManager.java:getNodesByAddress(1372)) - Cannot find node for address 127.0.0.1
2023-05-04 20:14:42,419 [IPC Server handler 0 on default port 35523] WARN  node.SCMNodeManager (SCMNodeManager.java:getNodesByAddress(1372)) - Cannot find node for address 127.0.0.1
2023-05-04 20:14:42,434 [IPC Server handler 8 on default port 35523] WARN  node.SCMNodeManager (SCMNodeManager.java:getNodesByAddress(1372)) - Cannot find node for address 127.0.0.1
2023-05-04 20:14:42,446 [Listener at 127.0.0.1/35517] ERROR scm.XceiverClientGrpc (XceiverClientGrpc.java:sendCommandWithRetry(453)) - Failed to execute command ReadChunk on the pipeline Pipeline[ Id: af91bc37-3f3f-45d7-a7b2-64a78f4c2588, Nodes: fe0c64ad-372f-4816-a9b8-650345a5ed87(fv-az804-457.cvtsq3ctpw5ehehiek0yp1ke0c.cx.internal.cloudapp.net/10.1.0.20)c0824e8e-e4e4-4301-9438-3093f7f79ba0(fv-az804-457.cvtsq3ctpw5ehehiek0yp1ke0c.cx.internal.cloudapp.net/10.1.0.20)eaea20cf-c5ca-4d45-84fe-4a8214ec7204(fv-az804-457.cvtsq3ctpw5ehehiek0yp1ke0c.cx.internal.cloudapp.net/10.1.0.20), ReplicationConfig: STANDALONE/THREE, State:OPEN, leaderId:fe0c64ad-372f-4816-a9b8-650345a5ed87, CreationTimestamp2023-05-04T20:13:58.296Z[Etc/UTC]].
2023-05-04 20:14:42,446 [Listener at 127.0.0.1/35517] WARN  storage.ContainerProtocolCalls (ContainerProtocolCalls.java:tryEachDatanode(147)) - Failed to read chunk 111677748019200367_chunk_1 (len=12) conID: 12 locID: 111677748019200367 bcsId: 174 from c0824e8e-e4e4-4301-9438-3093f7f79ba0(fv-az804-457.cvtsq3ctpw5ehehiek0yp1ke0c.cx.internal.cloudapp.net/10.1.0.20); will try another datanode.
org.apache.hadoop.ozone.common.OzoneChecksumException: Checksum mismatch at index 0
	at org.apache.hadoop.ozone.common.ChecksumData.verifyChecksumDataMatches(ChecksumData.java:139)
	at org.apache.hadoop.ozone.common.Checksum.verifyChecksum(Checksum.java:295)
	at org.apache.hadoop.hdds.scm.storage.ChunkInputStream.lambda$new$0(ChunkInputStream.java:492)
	at org.apache.hadoop.hdds.scm.XceiverClientGrpc.sendCommandWithRetry(XceiverClientGrpc.java:410)
	at org.apache.hadoop.hdds.scm.XceiverClientGrpc.lambda$sendCommandWithTraceIDAndRetry$0(XceiverClientGrpc.java:349)
	at org.apache.hadoop.hdds.tracing.TracingUtil.executeInSpan(TracingUtil.java:196)
	at org.apache.hadoop.hdds.tracing.TracingUtil.executeInNewSpan(TracingUtil.java:170)
	at org.apache.hadoop.hdds.scm.XceiverClientGrpc.sendCommandWithTraceIDAndRetry(XceiverClientGrpc.java:343)
	at org.apache.hadoop.hdds.scm.XceiverClientGrpc.sendCommand(XceiverClientGrpc.java:324)
	at org.apache.hadoop.hdds.scm.storage.ContainerProtocolCalls.readChunk(ContainerProtocolCalls.java:355)
	at org.apache.hadoop.hdds.scm.storage.ContainerProtocolCalls.lambda$readChunk$2(ContainerProtocolCalls.java:342)
	at org.apache.hadoop.hdds.scm.storage.ContainerProtocolCalls.tryEachDatanode(ContainerProtocolCalls.java:143)
	at org.apache.hadoop.hdds.scm.storage.ContainerProtocolCalls.readChunk(ContainerProtocolCalls.java:341)
	at org.apache.hadoop.hdds.scm.storage.ChunkInputStream.readChunk(ChunkInputStream.java:430)
	at org.apache.hadoop.hdds.scm.storage.ChunkInputStream.readChunkDataIntoBuffers(ChunkInputStream.java:404)
	at org.apache.hadoop.hdds.scm.storage.ChunkInputStream.readChunkFromContainer(ChunkInputStream.java:389)
	at org.apache.hadoop.hdds.scm.storage.ChunkInputStream.prepareRead(ChunkInputStream.java:331)
	at org.apache.hadoop.hdds.scm.storage.ChunkInputStream.read(ChunkInputStream.java:175)
	at org.apache.hadoop.hdds.scm.storage.ByteArrayReader.readFromBlock(ByteArrayReader.java:57)
	at org.apache.hadoop.hdds.scm.storage.BlockInputStream.readWithStrategy(BlockInputStream.java:327)
	at org.apache.hadoop.hdds.scm.storage.ExtendedInputStream.read(ExtendedInputStream.java:56)
	at org.apache.hadoop.hdds.scm.storage.ByteArrayReader.readFromBlock(ByteArrayReader.java:57)
	at org.apache.hadoop.hdds.scm.storage.MultipartInputStream.readWithStrategy(MultipartInputStream.java:96)
	at org.apache.hadoop.hdds.scm.storage.ExtendedInputStream.read(ExtendedInputStream.java:56)
	at org.apache.hadoop.ozone.client.io.OzoneInputStream.read(OzoneInputStream.java:56)
	at java.io.InputStream.read(InputStream.java:101)
	at org.apache.hadoop.ozone.client.rpc.TestOzoneRpcClientAbstract.testReadKeyWithCorruptedDataWithMutiNodes(TestOzoneRpcClientAbstract.java:2043)
	at sun.reflect.NativeMethodAccessorImpl.invoke0(Native Method)
	at sun.reflect.NativeMethodAccessorImpl.invoke(NativeMethodAccessorImpl.java:62)
	at sun.reflect.DelegatingMethodAccessorImpl.invoke(DelegatingMethodAccessorImpl.java:43)
	at java.lang.reflect.Method.invoke(Method.java:498)
	at org.junit.platform.commons.util.ReflectionUtils.invokeMethod(ReflectionUtils.java:725)
	at org.junit.jupiter.engine.execution.MethodInvocation.proceed(MethodInvocation.java:60)
	at org.junit.jupiter.engine.execution.InvocationInterceptorChain$ValidatingInvocation.proceed(InvocationInterceptorChain.java:131)
	at org.junit.jupiter.engine.extension.TimeoutInvocation.proceed(TimeoutInvocation.java:46)
	at org.junit.jupiter.engine.extension.TimeoutExtension.intercept(TimeoutExtension.java:149)
	at org.junit.jupiter.engine.extension.TimeoutExtension.interceptTestableMethod(TimeoutExtension.java:140)
	at org.junit.jupiter.engine.extension.TimeoutExtension.interceptTestMethod(TimeoutExtension.java:84)
	at org.junit.jupiter.engine.execution.ExecutableInvoker$ReflectiveInterceptorCall.lambda$ofVoidMethod$0(ExecutableInvoker.java:115)
	at org.junit.jupiter.engine.execution.ExecutableInvoker.lambda$invoke$0(ExecutableInvoker.java:105)
	at org.junit.jupiter.engine.execution.InvocationInterceptorChain$InterceptedInvocation.proceed(InvocationInterceptorChain.java:106)
	at org.junit.jupiter.engine.execution.InvocationInterceptorChain.proceed(InvocationInterceptorChain.java:64)
	at org.junit.jupiter.engine.execution.InvocationInterceptorChain.chainAndInvoke(InvocationInterceptorChain.java:45)
	at org.junit.jupiter.engine.execution.InvocationInterceptorChain.invoke(InvocationInterceptorChain.java:37)
	at org.junit.jupiter.engine.execution.ExecutableInvoker.invoke(ExecutableInvoker.java:104)
	at org.junit.jupiter.engine.execution.ExecutableInvoker.invoke(ExecutableInvoker.java:98)
	at org.junit.jupiter.engine.descriptor.TestMethodTestDescriptor.lambda$invokeTestMethod$7(TestMethodTestDescriptor.java:214)
	at org.junit.platform.engine.support.hierarchical.ThrowableCollector.execute(ThrowableCollector.java:73)
	at org.junit.jupiter.engine.descriptor.TestMethodTestDescriptor.invokeTestMethod(TestMethodTestDescriptor.java:210)
	at org.junit.jupiter.engine.descriptor.TestMethodTestDescriptor.execute(TestMethodTestDescriptor.java:135)
	at org.junit.jupiter.engine.descriptor.TestMethodTestDescriptor.execute(TestMethodTestDescriptor.java:66)
	at org.junit.platform.engine.support.hierarchical.NodeTestTask.lambda$executeRecursively$6(NodeTestTask.java:151)
	at org.junit.platform.engine.support.hierarchical.ThrowableCollector.execute(ThrowableCollector.java:73)
	at org.junit.platform.engine.support.hierarchical.NodeTestTask.lambda$executeRecursively$8(NodeTestTask.java:141)
	at org.junit.platform.engine.support.hierarchical.Node.around(Node.java:137)
	at org.junit.platform.engine.support.hierarchical.NodeTestTask.lambda$executeRecursively$9(NodeTestTask.java:139)
	at org.junit.platform.engine.support.hierarchical.ThrowableCollector.execute(ThrowableCollector.java:73)
	at org.junit.platform.engine.support.hierarchical.NodeTestTask.executeRecursively(NodeTestTask.java:138)
	at org.junit.platform.engine.support.hierarchical.NodeTestTask.execute(NodeTestTask.java:95)
	at java.util.ArrayList.forEach(ArrayList.java:1259)
	at org.junit.platform.engine.support.hierarchical.SameThreadHierarchicalTestExecutorService.invokeAll(SameThreadHierarchicalTestExecutorService.java:41)
	at org.junit.platform.engine.support.hierarchical.NodeTestTask.lambda$executeRecursively$6(NodeTestTask.java:155)
	at org.junit.platform.engine.support.hierarchical.ThrowableCollector.execute(ThrowableCollector.java:73)
	at org.junit.platform.engine.support.hierarchical.NodeTestTask.lambda$executeRecursively$8(NodeTestTask.java:141)
	at org.junit.platform.engine.support.hierarchical.Node.around(Node.java:137)
	at org.junit.platform.engine.support.hierarchical.NodeTestTask.lambda$executeRecursively$9(NodeTestTask.java:139)
	at org.junit.platform.engine.support.hierarchical.ThrowableCollector.execute(ThrowableCollector.java:73)
	at org.junit.platform.engine.support.hierarchical.NodeTestTask.executeRecursively(NodeTestTask.java:138)
	at org.junit.platform.engine.support.hierarchical.NodeTestTask.execute(NodeTestTask.java:95)
	at java.util.ArrayList.forEach(ArrayList.java:1259)
	at org.junit.platform.engine.support.hierarchical.SameThreadHierarchicalTestExecutorService.invokeAll(SameThreadHierarchicalTestExecutorService.java:41)
	at org.junit.platform.engine.support.hierarchical.NodeTestTask.lambda$executeRecursively$6(NodeTestTask.java:155)
	at org.junit.platform.engine.support.hierarchical.ThrowableCollector.execute(ThrowableCollector.java:73)
	at org.junit.platform.engine.support.hierarchical.NodeTestTask.lambda$executeRecursively$8(NodeTestTask.java:141)
	at org.junit.platform.engine.support.hierarchical.Node.around(Node.java:137)
	at org.junit.platform.engine.support.hierarchical.NodeTestTask.lambda$executeRecursively$9(NodeTestTask.java:139)
	at org.junit.platform.engine.support.hierarchical.ThrowableCollector.execute(ThrowableCollector.java:73)
	at org.junit.platform.engine.support.hierarchical.NodeTestTask.executeRecursively(NodeTestTask.java:138)
	at org.junit.platform.engine.support.hierarchical.NodeTestTask.execute(NodeTestTask.java:95)
	at org.junit.platform.engine.support.hierarchical.SameThreadHierarchicalTestExecutorService.submit(SameThreadHierarchicalTestExecutorService.java:35)
	at org.junit.platform.engine.support.hierarchical.HierarchicalTestExecutor.execute(HierarchicalTestExecutor.java:57)
	at org.junit.platform.engine.support.hierarchical.HierarchicalTestEngine.execute(HierarchicalTestEngine.java:54)
	at org.junit.platform.launcher.core.EngineExecutionOrchestrator.execute(EngineExecutionOrchestrator.java:107)
	at org.junit.platform.launcher.core.EngineExecutionOrchestrator.execute(EngineExecutionOrchestrator.java:88)
	at org.junit.platform.launcher.core.EngineExecutionOrchestrator.lambda$execute$0(EngineExecutionOrchestrator.java:54)
	at org.junit.platform.launcher.core.EngineExecutionOrchestrator.withInterceptedStreams(EngineExecutionOrchestrator.java:67)
	at org.junit.platform.launcher.core.EngineExecutionOrchestrator.execute(EngineExecutionOrchestrator.java:52)
	at org.junit.platform.launcher.core.DefaultLauncher.execute(DefaultLauncher.java:114)
	at org.junit.platform.launcher.core.DefaultLauncher.execute(DefaultLauncher.java:86)
	at org.junit.platform.launcher.core.DefaultLauncherSession$DelegatingLauncher.execute(DefaultLauncherSession.java:86)
	at org.junit.platform.launcher.core.SessionPerRequestLauncher.execute(SessionPerRequestLauncher.java:53)
	at org.apache.maven.surefire.junitplatform.JUnitPlatformProvider.execute(JUnitPlatformProvider.java:188)
	at org.apache.maven.surefire.junitplatform.JUnitPlatformProvider.invokeAllTests(JUnitPlatformProvider.java:154)
	at org.apache.maven.surefire.junitplatform.JUnitPlatformProvider.invoke(JUnitPlatformProvider.java:124)
	at org.apache.maven.surefire.booter.ForkedBooter.runSuitesInProcess(ForkedBooter.java:428)
	at org.apache.maven.surefire.booter.ForkedBooter.execute(ForkedBooter.java:162)
	at org.apache.maven.surefire.booter.ForkedBooter.run(ForkedBooter.java:562)
	at org.apache.maven.surefire.booter.ForkedBooter.main(ForkedBooter.java:548)
2023-05-04 20:14:42,457 [Listener at 127.0.0.1/35517] ERROR scm.XceiverClientGrpc (XceiverClientGrpc.java:sendCommandWithRetry(453)) - Failed to execute command ReadChunk on the pipeline Pipeline[ Id: af91bc37-3f3f-45d7-a7b2-64a78f4c2588, Nodes: fe0c64ad-372f-4816-a9b8-650345a5ed87(fv-az804-457.cvtsq3ctpw5ehehiek0yp1ke0c.cx.internal.cloudapp.net/10.1.0.20)c0824e8e-e4e4-4301-9438-3093f7f79ba0(fv-az804-457.cvtsq3ctpw5ehehiek0yp1ke0c.cx.internal.cloudapp.net/10.1.0.20)eaea20cf-c5ca-4d45-84fe-4a8214ec7204(fv-az804-457.cvtsq3ctpw5ehehiek0yp1ke0c.cx.internal.cloudapp.net/10.1.0.20), ReplicationConfig: STANDALONE/THREE, State:OPEN, leaderId:fe0c64ad-372f-4816-a9b8-650345a5ed87, CreationTimestamp2023-05-04T20:13:58.296Z[Etc/UTC]].
2023-05-04 20:14:42,457 [Listener at 127.0.0.1/35517] WARN  storage.ContainerProtocolCalls (ContainerProtocolCalls.java:tryEachDatanode(147)) - Failed to read chunk 111677748019200367_chunk_1 (len=12) conID: 12 locID: 111677748019200367 bcsId: 174 from eaea20cf-c5ca-4d45-84fe-4a8214ec7204(fv-az804-457.cvtsq3ctpw5ehehiek0yp1ke0c.cx.internal.cloudapp.net/10.1.0.20); will try another datanode.
org.apache.hadoop.ozone.common.OzoneChecksumException: Checksum mismatch at index 0
	at org.apache.hadoop.ozone.common.ChecksumData.verifyChecksumDataMatches(ChecksumData.java:139)
	at org.apache.hadoop.ozone.common.Checksum.verifyChecksum(Checksum.java:295)
	at org.apache.hadoop.hdds.scm.storage.ChunkInputStream.lambda$new$0(ChunkInputStream.java:492)
	at org.apache.hadoop.hdds.scm.XceiverClientGrpc.sendCommandWithRetry(XceiverClientGrpc.java:410)
	at org.apache.hadoop.hdds.scm.XceiverClientGrpc.lambda$sendCommandWithTraceIDAndRetry$0(XceiverClientGrpc.java:349)
	at org.apache.hadoop.hdds.tracing.TracingUtil.executeInSpan(TracingUtil.java:196)
	at org.apache.hadoop.hdds.tracing.TracingUtil.executeInNewSpan(TracingUtil.java:170)
	at org.apache.hadoop.hdds.scm.XceiverClientGrpc.sendCommandWithTraceIDAndRetry(XceiverClientGrpc.java:343)
	at org.apache.hadoop.hdds.scm.XceiverClientGrpc.sendCommand(XceiverClientGrpc.java:324)
	at org.apache.hadoop.hdds.scm.storage.ContainerProtocolCalls.readChunk(ContainerProtocolCalls.java:355)
	at org.apache.hadoop.hdds.scm.storage.ContainerProtocolCalls.lambda$readChunk$2(ContainerProtocolCalls.java:342)
	at org.apache.hadoop.hdds.scm.storage.ContainerProtocolCalls.tryEachDatanode(ContainerProtocolCalls.java:143)
	at org.apache.hadoop.hdds.scm.storage.ContainerProtocolCalls.readChunk(ContainerProtocolCalls.java:341)
	at org.apache.hadoop.hdds.scm.storage.ChunkInputStream.readChunk(ChunkInputStream.java:430)
	at org.apache.hadoop.hdds.scm.storage.ChunkInputStream.readChunkDataIntoBuffers(ChunkInputStream.java:404)
	at org.apache.hadoop.hdds.scm.storage.ChunkInputStream.readChunkFromContainer(ChunkInputStream.java:389)
	at org.apache.hadoop.hdds.scm.storage.ChunkInputStream.prepareRead(ChunkInputStream.java:331)
	at org.apache.hadoop.hdds.scm.storage.ChunkInputStream.read(ChunkInputStream.java:175)
	at org.apache.hadoop.hdds.scm.storage.ByteArrayReader.readFromBlock(ByteArrayReader.java:57)
	at org.apache.hadoop.hdds.scm.storage.BlockInputStream.readWithStrategy(BlockInputStream.java:327)
	at org.apache.hadoop.hdds.scm.storage.ExtendedInputStream.read(ExtendedInputStream.java:56)
	at org.apache.hadoop.hdds.scm.storage.ByteArrayReader.readFromBlock(ByteArrayReader.java:57)
	at org.apache.hadoop.hdds.scm.storage.MultipartInputStream.readWithStrategy(MultipartInputStream.java:96)
	at org.apache.hadoop.hdds.scm.storage.ExtendedInputStream.read(ExtendedInputStream.java:56)
	at org.apache.hadoop.ozone.client.io.OzoneInputStream.read(OzoneInputStream.java:56)
	at java.io.InputStream.read(InputStream.java:101)
	at org.apache.hadoop.ozone.client.rpc.TestOzoneRpcClientAbstract.testReadKeyWithCorruptedDataWithMutiNodes(TestOzoneRpcClientAbstract.java:2043)
	at sun.reflect.NativeMethodAccessorImpl.invoke0(Native Method)
	at sun.reflect.NativeMethodAccessorImpl.invoke(NativeMethodAccessorImpl.java:62)
	at sun.reflect.DelegatingMethodAccessorImpl.invoke(DelegatingMethodAccessorImpl.java:43)
	at java.lang.reflect.Method.invoke(Method.java:498)
	at org.junit.platform.commons.util.ReflectionUtils.invokeMethod(ReflectionUtils.java:725)
	at org.junit.jupiter.engine.execution.MethodInvocation.proceed(MethodInvocation.java:60)
	at org.junit.jupiter.engine.execution.InvocationInterceptorChain$ValidatingInvocation.proceed(InvocationInterceptorChain.java:131)
	at org.junit.jupiter.engine.extension.TimeoutInvocation.proceed(TimeoutInvocation.java:46)
	at org.junit.jupiter.engine.extension.TimeoutExtension.intercept(TimeoutExtension.java:149)
	at org.junit.jupiter.engine.extension.TimeoutExtension.interceptTestableMethod(TimeoutExtension.java:140)
	at org.junit.jupiter.engine.extension.TimeoutExtension.interceptTestMethod(TimeoutExtension.java:84)
	at org.junit.jupiter.engine.execution.ExecutableInvoker$ReflectiveInterceptorCall.lambda$ofVoidMethod$0(ExecutableInvoker.java:115)
	at org.junit.jupiter.engine.execution.ExecutableInvoker.lambda$invoke$0(ExecutableInvoker.java:105)
	at org.junit.jupiter.engine.execution.InvocationInterceptorChain$InterceptedInvocation.proceed(InvocationInterceptorChain.java:106)
	at org.junit.jupiter.engine.execution.InvocationInterceptorChain.proceed(InvocationInterceptorChain.java:64)
	at org.junit.jupiter.engine.execution.InvocationInterceptorChain.chainAndInvoke(InvocationInterceptorChain.java:45)
	at org.junit.jupiter.engine.execution.InvocationInterceptorChain.invoke(InvocationInterceptorChain.java:37)
	at org.junit.jupiter.engine.execution.ExecutableInvoker.invoke(ExecutableInvoker.java:104)
	at org.junit.jupiter.engine.execution.ExecutableInvoker.invoke(ExecutableInvoker.java:98)
	at org.junit.jupiter.engine.descriptor.TestMethodTestDescriptor.lambda$invokeTestMethod$7(TestMethodTestDescriptor.java:214)
	at org.junit.platform.engine.support.hierarchical.ThrowableCollector.execute(ThrowableCollector.java:73)
	at org.junit.jupiter.engine.descriptor.TestMethodTestDescriptor.invokeTestMethod(TestMethodTestDescriptor.java:210)
	at org.junit.jupiter.engine.descriptor.TestMethodTestDescriptor.execute(TestMethodTestDescriptor.java:135)
	at org.junit.jupiter.engine.descriptor.TestMethodTestDescriptor.execute(TestMethodTestDescriptor.java:66)
	at org.junit.platform.engine.support.hierarchical.NodeTestTask.lambda$executeRecursively$6(NodeTestTask.java:151)
	at org.junit.platform.engine.support.hierarchical.ThrowableCollector.execute(ThrowableCollector.java:73)
	at org.junit.platform.engine.support.hierarchical.NodeTestTask.lambda$executeRecursively$8(NodeTestTask.java:141)
	at org.junit.platform.engine.support.hierarchical.Node.around(Node.java:137)
	at org.junit.platform.engine.support.hierarchical.NodeTestTask.lambda$executeRecursively$9(NodeTestTask.java:139)
	at org.junit.platform.engine.support.hierarchical.ThrowableCollector.execute(ThrowableCollector.java:73)
	at org.junit.platform.engine.support.hierarchical.NodeTestTask.executeRecursively(NodeTestTask.java:138)
	at org.junit.platform.engine.support.hierarchical.NodeTestTask.execute(NodeTestTask.java:95)
	at java.util.ArrayList.forEach(ArrayList.java:1259)
	at org.junit.platform.engine.support.hierarchical.SameThreadHierarchicalTestExecutorService.invokeAll(SameThreadHierarchicalTestExecutorService.java:41)
	at org.junit.platform.engine.support.hierarchical.NodeTestTask.lambda$executeRecursively$6(NodeTestTask.java:155)
	at org.junit.platform.engine.support.hierarchical.ThrowableCollector.execute(ThrowableCollector.java:73)
	at org.junit.platform.engine.support.hierarchical.NodeTestTask.lambda$executeRecursively$8(NodeTestTask.java:141)
	at org.junit.platform.engine.support.hierarchical.Node.around(Node.java:137)
	at org.junit.platform.engine.support.hierarchical.NodeTestTask.lambda$executeRecursively$9(NodeTestTask.java:139)
	at org.junit.platform.engine.support.hierarchical.ThrowableCollector.execute(ThrowableCollector.java:73)
	at org.junit.platform.engine.support.hierarchical.NodeTestTask.executeRecursively(NodeTestTask.java:138)
	at org.junit.platform.engine.support.hierarchical.NodeTestTask.execute(NodeTestTask.java:95)
	at java.util.ArrayList.forEach(ArrayList.java:1259)
	at org.junit.platform.engine.support.hierarchical.SameThreadHierarchicalTestExecutorService.invokeAll(SameThreadHierarchicalTestExecutorService.java:41)
	at org.junit.platform.engine.support.hierarchical.NodeTestTask.lambda$executeRecursively$6(NodeTestTask.java:155)
	at org.junit.platform.engine.support.hierarchical.ThrowableCollector.execute(ThrowableCollector.java:73)
	at org.junit.platform.engine.support.hierarchical.NodeTestTask.lambda$executeRecursively$8(NodeTestTask.java:141)
	at org.junit.platform.engine.support.hierarchical.Node.around(Node.java:137)
	at org.junit.platform.engine.support.hierarchical.NodeTestTask.lambda$executeRecursively$9(NodeTestTask.java:139)
	at org.junit.platform.engine.support.hierarchical.ThrowableCollector.execute(ThrowableCollector.java:73)
	at org.junit.platform.engine.support.hierarchical.NodeTestTask.executeRecursively(NodeTestTask.java:138)
	at org.junit.platform.engine.support.hierarchical.NodeTestTask.execute(NodeTestTask.java:95)
	at org.junit.platform.engine.support.hierarchical.SameThreadHierarchicalTestExecutorService.submit(SameThreadHierarchicalTestExecutorService.java:35)
	at org.junit.platform.engine.support.hierarchical.HierarchicalTestExecutor.execute(HierarchicalTestExecutor.java:57)
	at org.junit.platform.engine.support.hierarchical.HierarchicalTestEngine.execute(HierarchicalTestEngine.java:54)
	at org.junit.platform.launcher.core.EngineExecutionOrchestrator.execute(EngineExecutionOrchestrator.java:107)
	at org.junit.platform.launcher.core.EngineExecutionOrchestrator.execute(EngineExecutionOrchestrator.java:88)
	at org.junit.platform.launcher.core.EngineExecutionOrchestrator.lambda$execute$0(EngineExecutionOrchestrator.java:54)
	at org.junit.platform.launcher.core.EngineExecutionOrchestrator.withInterceptedStreams(EngineExecutionOrchestrator.java:67)
	at org.junit.platform.launcher.core.EngineExecutionOrchestrator.execute(EngineExecutionOrchestrator.java:52)
	at org.junit.platform.launcher.core.DefaultLauncher.execute(DefaultLauncher.java:114)
	at org.junit.platform.launcher.core.DefaultLauncher.execute(DefaultLauncher.java:86)
	at org.junit.platform.launcher.core.DefaultLauncherSession$DelegatingLauncher.execute(DefaultLauncherSession.java:86)
	at org.junit.platform.launcher.core.SessionPerRequestLauncher.execute(SessionPerRequestLauncher.java:53)
	at org.apache.maven.surefire.junitplatform.JUnitPlatformProvider.execute(JUnitPlatformProvider.java:188)
	at org.apache.maven.surefire.junitplatform.JUnitPlatformProvider.invokeAllTests(JUnitPlatformProvider.java:154)
	at org.apache.maven.surefire.junitplatform.JUnitPlatformProvider.invoke(JUnitPlatformProvider.java:124)
	at org.apache.maven.surefire.booter.ForkedBooter.runSuitesInProcess(ForkedBooter.java:428)
	at org.apache.maven.surefire.booter.ForkedBooter.execute(ForkedBooter.java:162)
	at org.apache.maven.surefire.booter.ForkedBooter.run(ForkedBooter.java:562)
	at org.apache.maven.surefire.booter.ForkedBooter.main(ForkedBooter.java:548)
2023-05-04 20:14:42,462 [Listener at 127.0.0.1/35517] ERROR scm.XceiverClientGrpc (XceiverClientGrpc.java:sendCommandWithRetry(453)) - Failed to execute command ReadChunk on the pipeline Pipeline[ Id: af91bc37-3f3f-45d7-a7b2-64a78f4c2588, Nodes: fe0c64ad-372f-4816-a9b8-650345a5ed87(fv-az804-457.cvtsq3ctpw5ehehiek0yp1ke0c.cx.internal.cloudapp.net/10.1.0.20)c0824e8e-e4e4-4301-9438-3093f7f79ba0(fv-az804-457.cvtsq3ctpw5ehehiek0yp1ke0c.cx.internal.cloudapp.net/10.1.0.20)eaea20cf-c5ca-4d45-84fe-4a8214ec7204(fv-az804-457.cvtsq3ctpw5ehehiek0yp1ke0c.cx.internal.cloudapp.net/10.1.0.20), ReplicationConfig: STANDALONE/THREE, State:OPEN, leaderId:fe0c64ad-372f-4816-a9b8-650345a5ed87, CreationTimestamp2023-05-04T20:13:58.296Z[Etc/UTC]].
2023-05-04 20:14:42,465 [Listener at 127.0.0.1/35517] ERROR scm.XceiverClientGrpc (XceiverClientGrpc.java:sendCommandWithRetry(453)) - Failed to execute command ReadChunk on the pipeline Pipeline[ Id: af91bc37-3f3f-45d7-a7b2-64a78f4c2588, Nodes: fe0c64ad-372f-4816-a9b8-650345a5ed87(fv-az804-457.cvtsq3ctpw5ehehiek0yp1ke0c.cx.internal.cloudapp.net/10.1.0.20)c0824e8e-e4e4-4301-9438-3093f7f79ba0(fv-az804-457.cvtsq3ctpw5ehehiek0yp1ke0c.cx.internal.cloudapp.net/10.1.0.20)eaea20cf-c5ca-4d45-84fe-4a8214ec7204(fv-az804-457.cvtsq3ctpw5ehehiek0yp1ke0c.cx.internal.cloudapp.net/10.1.0.20), ReplicationConfig: STANDALONE/THREE, State:OPEN, leaderId:fe0c64ad-372f-4816-a9b8-650345a5ed87, CreationTimestamp2023-05-04T20:13:58.296Z[Etc/UTC]].
2023-05-04 20:14:42,465 [Listener at 127.0.0.1/35517] WARN  storage.ContainerProtocolCalls (ContainerProtocolCalls.java:tryEachDatanode(147)) - Failed to read chunk 111677748019200367_chunk_1 (len=12) conID: 12 locID: 111677748019200367 bcsId: 174 from c0824e8e-e4e4-4301-9438-3093f7f79ba0(fv-az804-457.cvtsq3ctpw5ehehiek0yp1ke0c.cx.internal.cloudapp.net/10.1.0.20); will try another datanode.
org.apache.hadoop.ozone.common.OzoneChecksumException: Checksum mismatch at index 0
	at org.apache.hadoop.ozone.common.ChecksumData.verifyChecksumDataMatches(ChecksumData.java:139)
	at org.apache.hadoop.ozone.common.Checksum.verifyChecksum(Checksum.java:295)
	at org.apache.hadoop.hdds.scm.storage.ChunkInputStream.lambda$new$0(ChunkInputStream.java:492)
	at org.apache.hadoop.hdds.scm.XceiverClientGrpc.sendCommandWithRetry(XceiverClientGrpc.java:410)
	at org.apache.hadoop.hdds.scm.XceiverClientGrpc.lambda$sendCommandWithTraceIDAndRetry$0(XceiverClientGrpc.java:349)
	at org.apache.hadoop.hdds.tracing.TracingUtil.executeInSpan(TracingUtil.java:196)
	at org.apache.hadoop.hdds.tracing.TracingUtil.executeInNewSpan(TracingUtil.java:170)
	at org.apache.hadoop.hdds.scm.XceiverClientGrpc.sendCommandWithTraceIDAndRetry(XceiverClientGrpc.java:343)
	at org.apache.hadoop.hdds.scm.XceiverClientGrpc.sendCommand(XceiverClientGrpc.java:324)
	at org.apache.hadoop.hdds.scm.storage.ContainerProtocolCalls.readChunk(ContainerProtocolCalls.java:355)
	at org.apache.hadoop.hdds.scm.storage.ContainerProtocolCalls.lambda$readChunk$2(ContainerProtocolCalls.java:342)
	at org.apache.hadoop.hdds.scm.storage.ContainerProtocolCalls.tryEachDatanode(ContainerProtocolCalls.java:143)
	at org.apache.hadoop.hdds.scm.storage.ContainerProtocolCalls.readChunk(ContainerProtocolCalls.java:341)
	at org.apache.hadoop.hdds.scm.storage.ChunkInputStream.readChunk(ChunkInputStream.java:430)
	at org.apache.hadoop.hdds.scm.storage.ChunkInputStream.readChunkDataIntoBuffers(ChunkInputStream.java:404)
	at org.apache.hadoop.hdds.scm.storage.ChunkInputStream.readChunkFromContainer(ChunkInputStream.java:389)
	at org.apache.hadoop.hdds.scm.storage.ChunkInputStream.prepareRead(ChunkInputStream.java:321)
	at org.apache.hadoop.hdds.scm.storage.ChunkInputStream.read(ChunkInputStream.java:175)
	at org.apache.hadoop.hdds.scm.storage.ByteArrayReader.readFromBlock(ByteArrayReader.java:57)
	at org.apache.hadoop.hdds.scm.storage.BlockInputStream.readWithStrategy(BlockInputStream.java:327)
	at org.apache.hadoop.hdds.scm.storage.ExtendedInputStream.read(ExtendedInputStream.java:56)
	at org.apache.hadoop.hdds.scm.storage.ByteArrayReader.readFromBlock(ByteArrayReader.java:57)
	at org.apache.hadoop.hdds.scm.storage.MultipartInputStream.readWithStrategy(MultipartInputStream.java:96)
	at org.apache.hadoop.hdds.scm.storage.ExtendedInputStream.read(ExtendedInputStream.java:56)
	at org.apache.hadoop.ozone.client.io.OzoneInputStream.read(OzoneInputStream.java:56)
	at java.io.InputStream.read(InputStream.java:101)
	at org.apache.hadoop.ozone.client.rpc.TestOzoneRpcClientAbstract.testReadKeyWithCorruptedDataWithMutiNodes(TestOzoneRpcClientAbstract.java:2043)
	at sun.reflect.NativeMethodAccessorImpl.invoke0(Native Method)
	at sun.reflect.NativeMethodAccessorImpl.invoke(NativeMethodAccessorImpl.java:62)
	at sun.reflect.DelegatingMethodAccessorImpl.invoke(DelegatingMethodAccessorImpl.java:43)
	at java.lang.reflect.Method.invoke(Method.java:498)
	at org.junit.platform.commons.util.ReflectionUtils.invokeMethod(ReflectionUtils.java:725)
	at org.junit.jupiter.engine.execution.MethodInvocation.proceed(MethodInvocation.java:60)
	at org.junit.jupiter.engine.execution.InvocationInterceptorChain$ValidatingInvocation.proceed(InvocationInterceptorChain.java:131)
	at org.junit.jupiter.engine.extension.TimeoutInvocation.proceed(TimeoutInvocation.java:46)
	at org.junit.jupiter.engine.extension.TimeoutExtension.intercept(TimeoutExtension.java:149)
	at org.junit.jupiter.engine.extension.TimeoutExtension.interceptTestableMethod(TimeoutExtension.java:140)
	at org.junit.jupiter.engine.extension.TimeoutExtension.interceptTestMethod(TimeoutExtension.java:84)
	at org.junit.jupiter.engine.execution.ExecutableInvoker$ReflectiveInterceptorCall.lambda$ofVoidMethod$0(ExecutableInvoker.java:115)
	at org.junit.jupiter.engine.execution.ExecutableInvoker.lambda$invoke$0(ExecutableInvoker.java:105)
	at org.junit.jupiter.engine.execution.InvocationInterceptorChain$InterceptedInvocation.proceed(InvocationInterceptorChain.java:106)
	at org.junit.jupiter.engine.execution.InvocationInterceptorChain.proceed(InvocationInterceptorChain.java:64)
	at org.junit.jupiter.engine.execution.InvocationInterceptorChain.chainAndInvoke(InvocationInterceptorChain.java:45)
	at org.junit.jupiter.engine.execution.InvocationInterceptorChain.invoke(InvocationInterceptorChain.java:37)
	at org.junit.jupiter.engine.execution.ExecutableInvoker.invoke(ExecutableInvoker.java:104)
	at org.junit.jupiter.engine.execution.ExecutableInvoker.invoke(ExecutableInvoker.java:98)
	at org.junit.jupiter.engine.descriptor.TestMethodTestDescriptor.lambda$invokeTestMethod$7(TestMethodTestDescriptor.java:214)
	at org.junit.platform.engine.support.hierarchical.ThrowableCollector.execute(ThrowableCollector.java:73)
	at org.junit.jupiter.engine.descriptor.TestMethodTestDescriptor.invokeTestMethod(TestMethodTestDescriptor.java:210)
	at org.junit.jupiter.engine.descriptor.TestMethodTestDescriptor.execute(TestMethodTestDescriptor.java:135)
	at org.junit.jupiter.engine.descriptor.TestMethodTestDescriptor.execute(TestMethodTestDescriptor.java:66)
	at org.junit.platform.engine.support.hierarchical.NodeTestTask.lambda$executeRecursively$6(NodeTestTask.java:151)
	at org.junit.platform.engine.support.hierarchical.ThrowableCollector.execute(ThrowableCollector.java:73)
	at org.junit.platform.engine.support.hierarchical.NodeTestTask.lambda$executeRecursively$8(NodeTestTask.java:141)
	at org.junit.platform.engine.support.hierarchical.Node.around(Node.java:137)
	at org.junit.platform.engine.support.hierarchical.NodeTestTask.lambda$executeRecursively$9(NodeTestTask.java:139)
	at org.junit.platform.engine.support.hierarchical.ThrowableCollector.execute(ThrowableCollector.java:73)
	at org.junit.platform.engine.support.hierarchical.NodeTestTask.executeRecursively(NodeTestTask.java:138)
	at org.junit.platform.engine.support.hierarchical.NodeTestTask.execute(NodeTestTask.java:95)
	at java.util.ArrayList.forEach(ArrayList.java:1259)
	at org.junit.platform.engine.support.hierarchical.SameThreadHierarchicalTestExecutorService.invokeAll(SameThreadHierarchicalTestExecutorService.java:41)
	at org.junit.platform.engine.support.hierarchical.NodeTestTask.lambda$executeRecursively$6(NodeTestTask.java:155)
	at org.junit.platform.engine.support.hierarchical.ThrowableCollector.execute(ThrowableCollector.java:73)
	at org.junit.platform.engine.support.hierarchical.NodeTestTask.lambda$executeRecursively$8(NodeTestTask.java:141)
	at org.junit.platform.engine.support.hierarchical.Node.around(Node.java:137)
	at org.junit.platform.engine.support.hierarchical.NodeTestTask.lambda$executeRecursively$9(NodeTestTask.java:139)
	at org.junit.platform.engine.support.hierarchical.ThrowableCollector.execute(ThrowableCollector.java:73)
	at org.junit.platform.engine.support.hierarchical.NodeTestTask.executeRecursively(NodeTestTask.java:138)
	at org.junit.platform.engine.support.hierarchical.NodeTestTask.execute(NodeTestTask.java:95)
	at java.util.ArrayList.forEach(ArrayList.java:1259)
	at org.junit.platform.engine.support.hierarchical.SameThreadHierarchicalTestExecutorService.invokeAll(SameThreadHierarchicalTestExecutorService.java:41)
	at org.junit.platform.engine.support.hierarchical.NodeTestTask.lambda$executeRecursively$6(NodeTestTask.java:155)
	at org.junit.platform.engine.support.hierarchical.ThrowableCollector.execute(ThrowableCollector.java:73)
	at org.junit.platform.engine.support.hierarchical.NodeTestTask.lambda$executeRecursively$8(NodeTestTask.java:141)
	at org.junit.platform.engine.support.hierarchical.Node.around(Node.java:137)
	at org.junit.platform.engine.support.hierarchical.NodeTestTask.lambda$executeRecursively$9(NodeTestTask.java:139)
	at org.junit.platform.engine.support.hierarchical.ThrowableCollector.execute(ThrowableCollector.java:73)
	at org.junit.platform.engine.support.hierarchical.NodeTestTask.executeRecursively(NodeTestTask.java:138)
	at org.junit.platform.engine.support.hierarchical.NodeTestTask.execute(NodeTestTask.java:95)
	at org.junit.platform.engine.support.hierarchical.SameThreadHierarchicalTestExecutorService.submit(SameThreadHierarchicalTestExecutorService.java:35)
	at org.junit.platform.engine.support.hierarchical.HierarchicalTestExecutor.execute(HierarchicalTestExecutor.java:57)
	at org.junit.platform.engine.support.hierarchical.HierarchicalTestEngine.execute(HierarchicalTestEngine.java:54)
	at org.junit.platform.launcher.core.EngineExecutionOrchestrator.execute(EngineExecutionOrchestrator.java:107)
	at org.junit.platform.launcher.core.EngineExecutionOrchestrator.execute(EngineExecutionOrchestrator.java:88)
	at org.junit.platform.launcher.core.EngineExecutionOrchestrator.lambda$execute$0(EngineExecutionOrchestrator.java:54)
	at org.junit.platform.launcher.core.EngineExecutionOrchestrator.withInterceptedStreams(EngineExecutionOrchestrator.java:67)
	at org.junit.platform.launcher.core.EngineExecutionOrchestrator.execute(EngineExecutionOrchestrator.java:52)
	at org.junit.platform.launcher.core.DefaultLauncher.execute(DefaultLauncher.java:114)
	at org.junit.platform.launcher.core.DefaultLauncher.execute(DefaultLauncher.java:86)
	at org.junit.platform.launcher.core.DefaultLauncherSession$DelegatingLauncher.execute(DefaultLauncherSession.java:86)
	at org.junit.platform.launcher.core.SessionPerRequestLauncher.execute(SessionPerRequestLauncher.java:53)
	at org.apache.maven.surefire.junitplatform.JUnitPlatformProvider.execute(JUnitPlatformProvider.java:188)
	at org.apache.maven.surefire.junitplatform.JUnitPlatformProvider.invokeAllTests(JUnitPlatformProvider.java:154)
	at org.apache.maven.surefire.junitplatform.JUnitPlatformProvider.invoke(JUnitPlatformProvider.java:124)
	at org.apache.maven.surefire.booter.ForkedBooter.runSuitesInProcess(ForkedBooter.java:428)
	at org.apache.maven.surefire.booter.ForkedBooter.execute(ForkedBooter.java:162)
	at org.apache.maven.surefire.booter.ForkedBooter.run(ForkedBooter.java:562)
	at org.apache.maven.surefire.booter.ForkedBooter.main(ForkedBooter.java:548)
2023-05-04 20:14:42,470 [Listener at 127.0.0.1/35517] ERROR scm.XceiverClientGrpc (XceiverClientGrpc.java:sendCommandWithRetry(453)) - Failed to execute command ReadChunk on the pipeline Pipeline[ Id: af91bc37-3f3f-45d7-a7b2-64a78f4c2588, Nodes: fe0c64ad-372f-4816-a9b8-650345a5ed87(fv-az804-457.cvtsq3ctpw5ehehiek0yp1ke0c.cx.internal.cloudapp.net/10.1.0.20)c0824e8e-e4e4-4301-9438-3093f7f79ba0(fv-az804-457.cvtsq3ctpw5ehehiek0yp1ke0c.cx.internal.cloudapp.net/10.1.0.20)eaea20cf-c5ca-4d45-84fe-4a8214ec7204(fv-az804-457.cvtsq3ctpw5ehehiek0yp1ke0c.cx.internal.cloudapp.net/10.1.0.20), ReplicationConfig: STANDALONE/THREE, State:OPEN, leaderId:fe0c64ad-372f-4816-a9b8-650345a5ed87, CreationTimestamp2023-05-04T20:13:58.296Z[Etc/UTC]].
2023-05-04 20:14:42,471 [Listener at 127.0.0.1/35517] WARN  storage.ContainerProtocolCalls (ContainerProtocolCalls.java:tryEachDatanode(147)) - Failed to read chunk 111677748019200367_chunk_1 (len=12) conID: 12 locID: 111677748019200367 bcsId: 174 from eaea20cf-c5ca-4d45-84fe-4a8214ec7204(fv-az804-457.cvtsq3ctpw5ehehiek0yp1ke0c.cx.internal.cloudapp.net/10.1.0.20); will try another datanode.
org.apache.hadoop.ozone.common.OzoneChecksumException: Checksum mismatch at index 0
	at org.apache.hadoop.ozone.common.ChecksumData.verifyChecksumDataMatches(ChecksumData.java:139)
	at org.apache.hadoop.ozone.common.Checksum.verifyChecksum(Checksum.java:295)
	at org.apache.hadoop.hdds.scm.storage.ChunkInputStream.lambda$new$0(ChunkInputStream.java:492)
	at org.apache.hadoop.hdds.scm.XceiverClientGrpc.sendCommandWithRetry(XceiverClientGrpc.java:410)
	at org.apache.hadoop.hdds.scm.XceiverClientGrpc.lambda$sendCommandWithTraceIDAndRetry$0(XceiverClientGrpc.java:349)
	at org.apache.hadoop.hdds.tracing.TracingUtil.executeInSpan(TracingUtil.java:196)
	at org.apache.hadoop.hdds.tracing.TracingUtil.executeInNewSpan(TracingUtil.java:170)
	at org.apache.hadoop.hdds.scm.XceiverClientGrpc.sendCommandWithTraceIDAndRetry(XceiverClientGrpc.java:343)
	at org.apache.hadoop.hdds.scm.XceiverClientGrpc.sendCommand(XceiverClientGrpc.java:324)
	at org.apache.hadoop.hdds.scm.storage.ContainerProtocolCalls.readChunk(ContainerProtocolCalls.java:355)
	at org.apache.hadoop.hdds.scm.storage.ContainerProtocolCalls.lambda$readChunk$2(ContainerProtocolCalls.java:342)
	at org.apache.hadoop.hdds.scm.storage.ContainerProtocolCalls.tryEachDatanode(ContainerProtocolCalls.java:143)
	at org.apache.hadoop.hdds.scm.storage.ContainerProtocolCalls.readChunk(ContainerProtocolCalls.java:341)
	at org.apache.hadoop.hdds.scm.storage.ChunkInputStream.readChunk(ChunkInputStream.java:430)
	at org.apache.hadoop.hdds.scm.storage.ChunkInputStream.readChunkDataIntoBuffers(ChunkInputStream.java:404)
	at org.apache.hadoop.hdds.scm.storage.ChunkInputStream.readChunkFromContainer(ChunkInputStream.java:389)
	at org.apache.hadoop.hdds.scm.storage.ChunkInputStream.prepareRead(ChunkInputStream.java:321)
	at org.apache.hadoop.hdds.scm.storage.ChunkInputStream.read(ChunkInputStream.java:175)
	at org.apache.hadoop.hdds.scm.storage.ByteArrayReader.readFromBlock(ByteArrayReader.java:57)
	at org.apache.hadoop.hdds.scm.storage.BlockInputStream.readWithStrategy(BlockInputStream.java:327)
	at org.apache.hadoop.hdds.scm.storage.ExtendedInputStream.read(ExtendedInputStream.java:56)
	at org.apache.hadoop.hdds.scm.storage.ByteArrayReader.readFromBlock(ByteArrayReader.java:57)
	at org.apache.hadoop.hdds.scm.storage.MultipartInputStream.readWithStrategy(MultipartInputStream.java:96)
	at org.apache.hadoop.hdds.scm.storage.ExtendedInputStream.read(ExtendedInputStream.java:56)
	at org.apache.hadoop.ozone.client.io.OzoneInputStream.read(OzoneInputStream.java:56)
	at java.io.InputStream.read(InputStream.java:101)
	at org.apache.hadoop.ozone.client.rpc.TestOzoneRpcClientAbstract.testReadKeyWithCorruptedDataWithMutiNodes(TestOzoneRpcClientAbstract.java:2043)
	at sun.reflect.NativeMethodAccessorImpl.invoke0(Native Method)
	at sun.reflect.NativeMethodAccessorImpl.invoke(NativeMethodAccessorImpl.java:62)
	at sun.reflect.DelegatingMethodAccessorImpl.invoke(DelegatingMethodAccessorImpl.java:43)
	at java.lang.reflect.Method.invoke(Method.java:498)
	at org.junit.platform.commons.util.ReflectionUtils.invokeMethod(ReflectionUtils.java:725)
	at org.junit.jupiter.engine.execution.MethodInvocation.proceed(MethodInvocation.java:60)
	at org.junit.jupiter.engine.execution.InvocationInterceptorChain$ValidatingInvocation.proceed(InvocationInterceptorChain.java:131)
	at org.junit.jupiter.engine.extension.TimeoutInvocation.proceed(TimeoutInvocation.java:46)
	at org.junit.jupiter.engine.extension.TimeoutExtension.intercept(TimeoutExtension.java:149)
	at org.junit.jupiter.engine.extension.TimeoutExtension.interceptTestableMethod(TimeoutExtension.java:140)
	at org.junit.jupiter.engine.extension.TimeoutExtension.interceptTestMethod(TimeoutExtension.java:84)
	at org.junit.jupiter.engine.execution.ExecutableInvoker$ReflectiveInterceptorCall.lambda$ofVoidMethod$0(ExecutableInvoker.java:115)
	at org.junit.jupiter.engine.execution.ExecutableInvoker.lambda$invoke$0(ExecutableInvoker.java:105)
	at org.junit.jupiter.engine.execution.InvocationInterceptorChain$InterceptedInvocation.proceed(InvocationInterceptorChain.java:106)
	at org.junit.jupiter.engine.execution.InvocationInterceptorChain.proceed(InvocationInterceptorChain.java:64)
	at org.junit.jupiter.engine.execution.InvocationInterceptorChain.chainAndInvoke(InvocationInterceptorChain.java:45)
	at org.junit.jupiter.engine.execution.InvocationInterceptorChain.invoke(InvocationInterceptorChain.java:37)
	at org.junit.jupiter.engine.execution.ExecutableInvoker.invoke(ExecutableInvoker.java:104)
	at org.junit.jupiter.engine.execution.ExecutableInvoker.invoke(ExecutableInvoker.java:98)
	at org.junit.jupiter.engine.descriptor.TestMethodTestDescriptor.lambda$invokeTestMethod$7(TestMethodTestDescriptor.java:214)
	at org.junit.platform.engine.support.hierarchical.ThrowableCollector.execute(ThrowableCollector.java:73)
	at org.junit.jupiter.engine.descriptor.TestMethodTestDescriptor.invokeTestMethod(TestMethodTestDescriptor.java:210)
	at org.junit.jupiter.engine.descriptor.TestMethodTestDescriptor.execute(TestMethodTestDescriptor.java:135)
	at org.junit.jupiter.engine.descriptor.TestMethodTestDescriptor.execute(TestMethodTestDescriptor.java:66)
	at org.junit.platform.engine.support.hierarchical.NodeTestTask.lambda$executeRecursively$6(NodeTestTask.java:151)
	at org.junit.platform.engine.support.hierarchical.ThrowableCollector.execute(ThrowableCollector.java:73)
	at org.junit.platform.engine.support.hierarchical.NodeTestTask.lambda$executeRecursively$8(NodeTestTask.java:141)
	at org.junit.platform.engine.support.hierarchical.Node.around(Node.java:137)
	at org.junit.platform.engine.support.hierarchical.NodeTestTask.lambda$executeRecursively$9(NodeTestTask.java:139)
	at org.junit.platform.engine.support.hierarchical.ThrowableCollector.execute(ThrowableCollector.java:73)
	at org.junit.platform.engine.support.hierarchical.NodeTestTask.executeRecursively(NodeTestTask.java:138)
	at org.junit.platform.engine.support.hierarchical.NodeTestTask.execute(NodeTestTask.java:95)
	at java.util.ArrayList.forEach(ArrayList.java:1259)
	at org.junit.platform.engine.support.hierarchical.SameThreadHierarchicalTestExecutorService.invokeAll(SameThreadHierarchicalTestExecutorService.java:41)
	at org.junit.platform.engine.support.hierarchical.NodeTestTask.lambda$executeRecursively$6(NodeTestTask.java:155)
	at org.junit.platform.engine.support.hierarchical.ThrowableCollector.execute(ThrowableCollector.java:73)
	at org.junit.platform.engine.support.hierarchical.NodeTestTask.lambda$executeRecursively$8(NodeTestTask.java:141)
	at org.junit.platform.engine.support.hierarchical.Node.around(Node.java:137)
	at org.junit.platform.engine.support.hierarchical.NodeTestTask.lambda$executeRecursively$9(NodeTestTask.java:139)
	at org.junit.platform.engine.support.hierarchical.ThrowableCollector.execute(ThrowableCollector.java:73)
	at org.junit.platform.engine.support.hierarchical.NodeTestTask.executeRecursively(NodeTestTask.java:138)
	at org.junit.platform.engine.support.hierarchical.NodeTestTask.execute(NodeTestTask.java:95)
	at java.util.ArrayList.forEach(ArrayList.java:1259)
	at org.junit.platform.engine.support.hierarchical.SameThreadHierarchicalTestExecutorService.invokeAll(SameThreadHierarchicalTestExecutorService.java:41)
	at org.junit.platform.engine.support.hierarchical.NodeTestTask.lambda$executeRecursively$6(NodeTestTask.java:155)
	at org.junit.platform.engine.support.hierarchical.ThrowableCollector.execute(ThrowableCollector.java:73)
	at org.junit.platform.engine.support.hierarchical.NodeTestTask.lambda$executeRecursively$8(NodeTestTask.java:141)
	at org.junit.platform.engine.support.hierarchical.Node.around(Node.java:137)
	at org.junit.platform.engine.support.hierarchical.NodeTestTask.lambda$executeRecursively$9(NodeTestTask.java:139)
	at org.junit.platform.engine.support.hierarchical.ThrowableCollector.execute(ThrowableCollector.java:73)
	at org.junit.platform.engine.support.hierarchical.NodeTestTask.executeRecursively(NodeTestTask.java:138)
	at org.junit.platform.engine.support.hierarchical.NodeTestTask.execute(NodeTestTask.java:95)
	at org.junit.platform.engine.support.hierarchical.SameThreadHierarchicalTestExecutorService.submit(SameThreadHierarchicalTestExecutorService.java:35)
	at org.junit.platform.engine.support.hierarchical.HierarchicalTestExecutor.execute(HierarchicalTestExecutor.java:57)
	at org.junit.platform.engine.support.hierarchical.HierarchicalTestEngine.execute(HierarchicalTestEngine.java:54)
	at org.junit.platform.launcher.core.EngineExecutionOrchestrator.execute(EngineExecutionOrchestrator.java:107)
	at org.junit.platform.launcher.core.EngineExecutionOrchestrator.execute(EngineExecutionOrchestrator.java:88)
	at org.junit.platform.launcher.core.EngineExecutionOrchestrator.lambda$execute$0(EngineExecutionOrchestrator.java:54)
	at org.junit.platform.launcher.core.EngineExecutionOrchestrator.withInterceptedStreams(EngineExecutionOrchestrator.java:67)
	at org.junit.platform.launcher.core.EngineExecutionOrchestrator.execute(EngineExecutionOrchestrator.java:52)
	at org.junit.platform.launcher.core.DefaultLauncher.execute(DefaultLauncher.java:114)
	at org.junit.platform.launcher.core.DefaultLauncher.execute(DefaultLauncher.java:86)
	at org.junit.platform.launcher.core.DefaultLauncherSession$DelegatingLauncher.execute(DefaultLauncherSession.java:86)
	at org.junit.platform.launcher.core.SessionPerRequestLauncher.execute(SessionPerRequestLauncher.java:53)
	at org.apache.maven.surefire.junitplatform.JUnitPlatformProvider.execute(JUnitPlatformProvider.java:188)
	at org.apache.maven.surefire.junitplatform.JUnitPlatformProvider.invokeAllTests(JUnitPlatformProvider.java:154)
	at org.apache.maven.surefire.junitplatform.JUnitPlatformProvider.invoke(JUnitPlatformProvider.java:124)
	at org.apache.maven.surefire.booter.ForkedBooter.runSuitesInProcess(ForkedBooter.java:428)
	at org.apache.maven.surefire.booter.ForkedBooter.execute(ForkedBooter.java:162)
	at org.apache.maven.surefire.booter.ForkedBooter.run(ForkedBooter.java:562)
	at org.apache.maven.surefire.booter.ForkedBooter.main(ForkedBooter.java:548)
2023-05-04 20:14:42,476 [Listener at 127.0.0.1/35517] ERROR scm.XceiverClientGrpc (XceiverClientGrpc.java:sendCommandWithRetry(453)) - Failed to execute command ReadChunk on the pipeline Pipeline[ Id: af91bc37-3f3f-45d7-a7b2-64a78f4c2588, Nodes: fe0c64ad-372f-4816-a9b8-650345a5ed87(fv-az804-457.cvtsq3ctpw5ehehiek0yp1ke0c.cx.internal.cloudapp.net/10.1.0.20)c0824e8e-e4e4-4301-9438-3093f7f79ba0(fv-az804-457.cvtsq3ctpw5ehehiek0yp1ke0c.cx.internal.cloudapp.net/10.1.0.20)eaea20cf-c5ca-4d45-84fe-4a8214ec7204(fv-az804-457.cvtsq3ctpw5ehehiek0yp1ke0c.cx.internal.cloudapp.net/10.1.0.20), ReplicationConfig: STANDALONE/THREE, State:OPEN, leaderId:fe0c64ad-372f-4816-a9b8-650345a5ed87, CreationTimestamp2023-05-04T20:13:58.296Z[Etc/UTC]].
2023-05-04 20:14:42,481 [Listener at 127.0.0.1/35517] ERROR scm.XceiverClientGrpc (XceiverClientGrpc.java:sendCommandWithRetry(453)) - Failed to execute command ReadChunk on the pipeline Pipeline[ Id: af91bc37-3f3f-45d7-a7b2-64a78f4c2588, Nodes: fe0c64ad-372f-4816-a9b8-650345a5ed87(fv-az804-457.cvtsq3ctpw5ehehiek0yp1ke0c.cx.internal.cloudapp.net/10.1.0.20)c0824e8e-e4e4-4301-9438-3093f7f79ba0(fv-az804-457.cvtsq3ctpw5ehehiek0yp1ke0c.cx.internal.cloudapp.net/10.1.0.20)eaea20cf-c5ca-4d45-84fe-4a8214ec7204(fv-az804-457.cvtsq3ctpw5ehehiek0yp1ke0c.cx.internal.cloudapp.net/10.1.0.20), ReplicationConfig: STANDALONE/THREE, State:OPEN, leaderId:fe0c64ad-372f-4816-a9b8-650345a5ed87, CreationTimestamp2023-05-04T20:13:58.296Z[Etc/UTC]].
2023-05-04 20:14:42,481 [Listener at 127.0.0.1/35517] WARN  storage.ContainerProtocolCalls (ContainerProtocolCalls.java:tryEachDatanode(147)) - Failed to read chunk 111677748019200367_chunk_1 (len=12) conID: 12 locID: 111677748019200367 bcsId: 174 from c0824e8e-e4e4-4301-9438-3093f7f79ba0(fv-az804-457.cvtsq3ctpw5ehehiek0yp1ke0c.cx.internal.cloudapp.net/10.1.0.20); will try another datanode.
org.apache.hadoop.ozone.common.OzoneChecksumException: Checksum mismatch at index 0
	at org.apache.hadoop.ozone.common.ChecksumData.verifyChecksumDataMatches(ChecksumData.java:139)
	at org.apache.hadoop.ozone.common.Checksum.verifyChecksum(Checksum.java:295)
	at org.apache.hadoop.hdds.scm.storage.ChunkInputStream.lambda$new$0(ChunkInputStream.java:492)
	at org.apache.hadoop.hdds.scm.XceiverClientGrpc.sendCommandWithRetry(XceiverClientGrpc.java:410)
	at org.apache.hadoop.hdds.scm.XceiverClientGrpc.lambda$sendCommandWithTraceIDAndRetry$0(XceiverClientGrpc.java:349)
	at org.apache.hadoop.hdds.tracing.TracingUtil.executeInSpan(TracingUtil.java:196)
	at org.apache.hadoop.hdds.tracing.TracingUtil.executeInNewSpan(TracingUtil.java:170)
	at org.apache.hadoop.hdds.scm.XceiverClientGrpc.sendCommandWithTraceIDAndRetry(XceiverClientGrpc.java:343)
	at org.apache.hadoop.hdds.scm.XceiverClientGrpc.sendCommand(XceiverClientGrpc.java:324)
	at org.apache.hadoop.hdds.scm.storage.ContainerProtocolCalls.readChunk(ContainerProtocolCalls.java:355)
	at org.apache.hadoop.hdds.scm.storage.ContainerProtocolCalls.lambda$readChunk$2(ContainerProtocolCalls.java:342)
	at org.apache.hadoop.hdds.scm.storage.ContainerProtocolCalls.tryEachDatanode(ContainerProtocolCalls.java:143)
	at org.apache.hadoop.hdds.scm.storage.ContainerProtocolCalls.readChunk(ContainerProtocolCalls.java:341)
	at org.apache.hadoop.hdds.scm.storage.ChunkInputStream.readChunk(ChunkInputStream.java:430)
	at org.apache.hadoop.hdds.scm.storage.ChunkInputStream.readChunkDataIntoBuffers(ChunkInputStream.java:404)
	at org.apache.hadoop.hdds.scm.storage.ChunkInputStream.readChunkFromContainer(ChunkInputStream.java:389)
	at org.apache.hadoop.hdds.scm.storage.ChunkInputStream.prepareRead(ChunkInputStream.java:321)
	at org.apache.hadoop.hdds.scm.storage.ChunkInputStream.read(ChunkInputStream.java:175)
	at org.apache.hadoop.hdds.scm.storage.ByteArrayReader.readFromBlock(ByteArrayReader.java:57)
	at org.apache.hadoop.hdds.scm.storage.BlockInputStream.readWithStrategy(BlockInputStream.java:327)
	at org.apache.hadoop.hdds.scm.storage.ExtendedInputStream.read(ExtendedInputStream.java:56)
	at org.apache.hadoop.hdds.scm.storage.ByteArrayReader.readFromBlock(ByteArrayReader.java:57)
	at org.apache.hadoop.hdds.scm.storage.MultipartInputStream.readWithStrategy(MultipartInputStream.java:96)
	at org.apache.hadoop.hdds.scm.storage.ExtendedInputStream.read(ExtendedInputStream.java:56)
	at org.apache.hadoop.ozone.client.io.OzoneInputStream.read(OzoneInputStream.java:56)
	at java.io.InputStream.read(InputStream.java:101)
	at org.apache.hadoop.ozone.client.rpc.TestOzoneRpcClientAbstract.testReadKeyWithCorruptedDataWithMutiNodes(TestOzoneRpcClientAbstract.java:2043)
	at sun.reflect.NativeMethodAccessorImpl.invoke0(Native Method)
	at sun.reflect.NativeMethodAccessorImpl.invoke(NativeMethodAccessorImpl.java:62)
	at sun.reflect.DelegatingMethodAccessorImpl.invoke(DelegatingMethodAccessorImpl.java:43)
	at java.lang.reflect.Method.invoke(Method.java:498)
	at org.junit.platform.commons.util.ReflectionUtils.invokeMethod(ReflectionUtils.java:725)
	at org.junit.jupiter.engine.execution.MethodInvocation.proceed(MethodInvocation.java:60)
	at org.junit.jupiter.engine.execution.InvocationInterceptorChain$ValidatingInvocation.proceed(InvocationInterceptorChain.java:131)
	at org.junit.jupiter.engine.extension.TimeoutInvocation.proceed(TimeoutInvocation.java:46)
	at org.junit.jupiter.engine.extension.TimeoutExtension.intercept(TimeoutExtension.java:149)
	at org.junit.jupiter.engine.extension.TimeoutExtension.interceptTestableMethod(TimeoutExtension.java:140)
	at org.junit.jupiter.engine.extension.TimeoutExtension.interceptTestMethod(TimeoutExtension.java:84)
	at org.junit.jupiter.engine.execution.ExecutableInvoker$ReflectiveInterceptorCall.lambda$ofVoidMethod$0(ExecutableInvoker.java:115)
	at org.junit.jupiter.engine.execution.ExecutableInvoker.lambda$invoke$0(ExecutableInvoker.java:105)
	at org.junit.jupiter.engine.execution.InvocationInterceptorChain$InterceptedInvocation.proceed(InvocationInterceptorChain.java:106)
	at org.junit.jupiter.engine.execution.InvocationInterceptorChain.proceed(InvocationInterceptorChain.java:64)
	at org.junit.jupiter.engine.execution.InvocationInterceptorChain.chainAndInvoke(InvocationInterceptorChain.java:45)
	at org.junit.jupiter.engine.execution.InvocationInterceptorChain.invoke(InvocationInterceptorChain.java:37)
	at org.junit.jupiter.engine.execution.ExecutableInvoker.invoke(ExecutableInvoker.java:104)
	at org.junit.jupiter.engine.execution.ExecutableInvoker.invoke(ExecutableInvoker.java:98)
	at org.junit.jupiter.engine.descriptor.TestMethodTestDescriptor.lambda$invokeTestMethod$7(TestMethodTestDescriptor.java:214)
	at org.junit.platform.engine.support.hierarchical.ThrowableCollector.execute(ThrowableCollector.java:73)
	at org.junit.jupiter.engine.descriptor.TestMethodTestDescriptor.invokeTestMethod(TestMethodTestDescriptor.java:210)
	at org.junit.jupiter.engine.descriptor.TestMethodTestDescriptor.execute(TestMethodTestDescriptor.java:135)
	at org.junit.jupiter.engine.descriptor.TestMethodTestDescriptor.execute(TestMethodTestDescriptor.java:66)
	at org.junit.platform.engine.support.hierarchical.NodeTestTask.lambda$executeRecursively$6(NodeTestTask.java:151)
	at org.junit.platform.engine.support.hierarchical.ThrowableCollector.execute(ThrowableCollector.java:73)
	at org.junit.platform.engine.support.hierarchical.NodeTestTask.lambda$executeRecursively$8(NodeTestTask.java:141)
	at org.junit.platform.engine.support.hierarchical.Node.around(Node.java:137)
	at org.junit.platform.engine.support.hierarchical.NodeTestTask.lambda$executeRecursively$9(NodeTestTask.java:139)
	at org.junit.platform.engine.support.hierarchical.ThrowableCollector.execute(ThrowableCollector.java:73)
	at org.junit.platform.engine.support.hierarchical.NodeTestTask.executeRecursively(NodeTestTask.java:138)
	at org.junit.platform.engine.support.hierarchical.NodeTestTask.execute(NodeTestTask.java:95)
	at java.util.ArrayList.forEach(ArrayList.java:1259)
	at org.junit.platform.engine.support.hierarchical.SameThreadHierarchicalTestExecutorService.invokeAll(SameThreadHierarchicalTestExecutorService.java:41)
	at org.junit.platform.engine.support.hierarchical.NodeTestTask.lambda$executeRecursively$6(NodeTestTask.java:155)
	at org.junit.platform.engine.support.hierarchical.ThrowableCollector.execute(ThrowableCollector.java:73)
	at org.junit.platform.engine.support.hierarchical.NodeTestTask.lambda$executeRecursively$8(NodeTestTask.java:141)
	at org.junit.platform.engine.support.hierarchical.Node.around(Node.java:137)
	at org.junit.platform.engine.support.hierarchical.NodeTestTask.lambda$executeRecursively$9(NodeTestTask.java:139)
	at org.junit.platform.engine.support.hierarchical.ThrowableCollector.execute(ThrowableCollector.java:73)
	at org.junit.platform.engine.support.hierarchical.NodeTestTask.executeRecursively(NodeTestTask.java:138)
	at org.junit.platform.engine.support.hierarchical.NodeTestTask.execute(NodeTestTask.java:95)
	at java.util.ArrayList.forEach(ArrayList.java:1259)
	at org.junit.platform.engine.support.hierarchical.SameThreadHierarchicalTestExecutorService.invokeAll(SameThreadHierarchicalTestExecutorService.java:41)
	at org.junit.platform.engine.support.hierarchical.NodeTestTask.lambda$executeRecursively$6(NodeTestTask.java:155)
	at org.junit.platform.engine.support.hierarchical.ThrowableCollector.execute(ThrowableCollector.java:73)
	at org.junit.platform.engine.support.hierarchical.NodeTestTask.lambda$executeRecursively$8(NodeTestTask.java:141)
	at org.junit.platform.engine.support.hierarchical.Node.around(Node.java:137)
	at org.junit.platform.engine.support.hierarchical.NodeTestTask.lambda$executeRecursively$9(NodeTestTask.java:139)
	at org.junit.platform.engine.support.hierarchical.ThrowableCollector.execute(ThrowableCollector.java:73)
	at org.junit.platform.engine.support.hierarchical.NodeTestTask.executeRecursively(NodeTestTask.java:138)
	at org.junit.platform.engine.support.hierarchical.NodeTestTask.execute(NodeTestTask.java:95)
	at org.junit.platform.engine.support.hierarchical.SameThreadHierarchicalTestExecutorService.submit(SameThreadHierarchicalTestExecutorService.java:35)
	at org.junit.platform.engine.support.hierarchical.HierarchicalTestExecutor.execute(HierarchicalTestExecutor.java:57)
	at org.junit.platform.engine.support.hierarchical.HierarchicalTestEngine.execute(HierarchicalTestEngine.java:54)
	at org.junit.platform.launcher.core.EngineExecutionOrchestrator.execute(EngineExecutionOrchestrator.java:107)
	at org.junit.platform.launcher.core.EngineExecutionOrchestrator.execute(EngineExecutionOrchestrator.java:88)
	at org.junit.platform.launcher.core.EngineExecutionOrchestrator.lambda$execute$0(EngineExecutionOrchestrator.java:54)
	at org.junit.platform.launcher.core.EngineExecutionOrchestrator.withInterceptedStreams(EngineExecutionOrchestrator.java:67)
	at org.junit.platform.launcher.core.EngineExecutionOrchestrator.execute(EngineExecutionOrchestrator.java:52)
	at org.junit.platform.launcher.core.DefaultLauncher.execute(DefaultLauncher.java:114)
	at org.junit.platform.launcher.core.DefaultLauncher.execute(DefaultLauncher.java:86)
	at org.junit.platform.launcher.core.DefaultLauncherSession$DelegatingLauncher.execute(DefaultLauncherSession.java:86)
	at org.junit.platform.launcher.core.SessionPerRequestLauncher.execute(SessionPerRequestLauncher.java:53)
	at org.apache.maven.surefire.junitplatform.JUnitPlatformProvider.execute(JUnitPlatformProvider.java:188)
	at org.apache.maven.surefire.junitplatform.JUnitPlatformProvider.invokeAllTests(JUnitPlatformProvider.java:154)
	at org.apache.maven.surefire.junitplatform.JUnitPlatformProvider.invoke(JUnitPlatformProvider.java:124)
	at org.apache.maven.surefire.booter.ForkedBooter.runSuitesInProcess(ForkedBooter.java:428)
	at org.apache.maven.surefire.booter.ForkedBooter.execute(ForkedBooter.java:162)
	at org.apache.maven.surefire.booter.ForkedBooter.run(ForkedBooter.java:562)
	at org.apache.maven.surefire.booter.ForkedBooter.main(ForkedBooter.java:548)
2023-05-04 20:14:42,488 [Listener at 127.0.0.1/35517] ERROR scm.XceiverClientGrpc (XceiverClientGrpc.java:sendCommandWithRetry(453)) - Failed to execute command ReadChunk on the pipeline Pipeline[ Id: af91bc37-3f3f-45d7-a7b2-64a78f4c2588, Nodes: fe0c64ad-372f-4816-a9b8-650345a5ed87(fv-az804-457.cvtsq3ctpw5ehehiek0yp1ke0c.cx.internal.cloudapp.net/10.1.0.20)c0824e8e-e4e4-4301-9438-3093f7f79ba0(fv-az804-457.cvtsq3ctpw5ehehiek0yp1ke0c.cx.internal.cloudapp.net/10.1.0.20)eaea20cf-c5ca-4d45-84fe-4a8214ec7204(fv-az804-457.cvtsq3ctpw5ehehiek0yp1ke0c.cx.internal.cloudapp.net/10.1.0.20), ReplicationConfig: STANDALONE/THREE, State:OPEN, leaderId:fe0c64ad-372f-4816-a9b8-650345a5ed87, CreationTimestamp2023-05-04T20:13:58.296Z[Etc/UTC]].
2023-05-04 20:14:42,489 [Listener at 127.0.0.1/35517] WARN  storage.ContainerProtocolCalls (ContainerProtocolCalls.java:tryEachDatanode(147)) - Failed to read chunk 111677748019200367_chunk_1 (len=12) conID: 12 locID: 111677748019200367 bcsId: 174 from eaea20cf-c5ca-4d45-84fe-4a8214ec7204(fv-az804-457.cvtsq3ctpw5ehehiek0yp1ke0c.cx.internal.cloudapp.net/10.1.0.20); will try another datanode.
org.apache.hadoop.ozone.common.OzoneChecksumException: Checksum mismatch at index 0
	at org.apache.hadoop.ozone.common.ChecksumData.verifyChecksumDataMatches(ChecksumData.java:139)
	at org.apache.hadoop.ozone.common.Checksum.verifyChecksum(Checksum.java:295)
	at org.apache.hadoop.hdds.scm.storage.ChunkInputStream.lambda$new$0(ChunkInputStream.java:492)
	at org.apache.hadoop.hdds.scm.XceiverClientGrpc.sendCommandWithRetry(XceiverClientGrpc.java:410)
	at org.apache.hadoop.hdds.scm.XceiverClientGrpc.lambda$sendCommandWithTraceIDAndRetry$0(XceiverClientGrpc.java:349)
	at org.apache.hadoop.hdds.tracing.TracingUtil.executeInSpan(TracingUtil.java:196)
	at org.apache.hadoop.hdds.tracing.TracingUtil.executeInNewSpan(TracingUtil.java:170)
	at org.apache.hadoop.hdds.scm.XceiverClientGrpc.sendCommandWithTraceIDAndRetry(XceiverClientGrpc.java:343)
	at org.apache.hadoop.hdds.scm.XceiverClientGrpc.sendCommand(XceiverClientGrpc.java:324)
	at org.apache.hadoop.hdds.scm.storage.ContainerProtocolCalls.readChunk(ContainerProtocolCalls.java:355)
	at org.apache.hadoop.hdds.scm.storage.ContainerProtocolCalls.lambda$readChunk$2(ContainerProtocolCalls.java:342)
	at org.apache.hadoop.hdds.scm.storage.ContainerProtocolCalls.tryEachDatanode(ContainerProtocolCalls.java:143)
	at org.apache.hadoop.hdds.scm.storage.ContainerProtocolCalls.readChunk(ContainerProtocolCalls.java:341)
	at org.apache.hadoop.hdds.scm.storage.ChunkInputStream.readChunk(ChunkInputStream.java:430)
	at org.apache.hadoop.hdds.scm.storage.ChunkInputStream.readChunkDataIntoBuffers(ChunkInputStream.java:404)
	at org.apache.hadoop.hdds.scm.storage.ChunkInputStream.readChunkFromContainer(ChunkInputStream.java:389)
	at org.apache.hadoop.hdds.scm.storage.ChunkInputStream.prepareRead(ChunkInputStream.java:321)
	at org.apache.hadoop.hdds.scm.storage.ChunkInputStream.read(ChunkInputStream.java:175)
	at org.apache.hadoop.hdds.scm.storage.ByteArrayReader.readFromBlock(ByteArrayReader.java:57)
	at org.apache.hadoop.hdds.scm.storage.BlockInputStream.readWithStrategy(BlockInputStream.java:327)
	at org.apache.hadoop.hdds.scm.storage.ExtendedInputStream.read(ExtendedInputStream.java:56)
	at org.apache.hadoop.hdds.scm.storage.ByteArrayReader.readFromBlock(ByteArrayReader.java:57)
	at org.apache.hadoop.hdds.scm.storage.MultipartInputStream.readWithStrategy(MultipartInputStream.java:96)
	at org.apache.hadoop.hdds.scm.storage.ExtendedInputStream.read(ExtendedInputStream.java:56)
	at org.apache.hadoop.ozone.client.io.OzoneInputStream.read(OzoneInputStream.java:56)
	at java.io.InputStream.read(InputStream.java:101)
	at org.apache.hadoop.ozone.client.rpc.TestOzoneRpcClientAbstract.testReadKeyWithCorruptedDataWithMutiNodes(TestOzoneRpcClientAbstract.java:2043)
	at sun.reflect.NativeMethodAccessorImpl.invoke0(Native Method)
	at sun.reflect.NativeMethodAccessorImpl.invoke(NativeMethodAccessorImpl.java:62)
	at sun.reflect.DelegatingMethodAccessorImpl.invoke(DelegatingMethodAccessorImpl.java:43)
	at java.lang.reflect.Method.invoke(Method.java:498)
	at org.junit.platform.commons.util.ReflectionUtils.invokeMethod(ReflectionUtils.java:725)
	at org.junit.jupiter.engine.execution.MethodInvocation.proceed(MethodInvocation.java:60)
	at org.junit.jupiter.engine.execution.InvocationInterceptorChain$ValidatingInvocation.proceed(InvocationInterceptorChain.java:131)
	at org.junit.jupiter.engine.extension.TimeoutInvocation.proceed(TimeoutInvocation.java:46)
	at org.junit.jupiter.engine.extension.TimeoutExtension.intercept(TimeoutExtension.java:149)
	at org.junit.jupiter.engine.extension.TimeoutExtension.interceptTestableMethod(TimeoutExtension.java:140)
	at org.junit.jupiter.engine.extension.TimeoutExtension.interceptTestMethod(TimeoutExtension.java:84)
	at org.junit.jupiter.engine.execution.ExecutableInvoker$ReflectiveInterceptorCall.lambda$ofVoidMethod$0(ExecutableInvoker.java:115)
	at org.junit.jupiter.engine.execution.ExecutableInvoker.lambda$invoke$0(ExecutableInvoker.java:105)
	at org.junit.jupiter.engine.execution.InvocationInterceptorChain$InterceptedInvocation.proceed(InvocationInterceptorChain.java:106)
	at org.junit.jupiter.engine.execution.InvocationInterceptorChain.proceed(InvocationInterceptorChain.java:64)
	at org.junit.jupiter.engine.execution.InvocationInterceptorChain.chainAndInvoke(InvocationInterceptorChain.java:45)
	at org.junit.jupiter.engine.execution.InvocationInterceptorChain.invoke(InvocationInterceptorChain.java:37)
	at org.junit.jupiter.engine.execution.ExecutableInvoker.invoke(ExecutableInvoker.java:104)
	at org.junit.jupiter.engine.execution.ExecutableInvoker.invoke(ExecutableInvoker.java:98)
	at org.junit.jupiter.engine.descriptor.TestMethodTestDescriptor.lambda$invokeTestMethod$7(TestMethodTestDescriptor.java:214)
	at org.junit.platform.engine.support.hierarchical.ThrowableCollector.execute(ThrowableCollector.java:73)
	at org.junit.jupiter.engine.descriptor.TestMethodTestDescriptor.invokeTestMethod(TestMethodTestDescriptor.java:210)
	at org.junit.jupiter.engine.descriptor.TestMethodTestDescriptor.execute(TestMethodTestDescriptor.java:135)
	at org.junit.jupiter.engine.descriptor.TestMethodTestDescriptor.execute(TestMethodTestDescriptor.java:66)
	at org.junit.platform.engine.support.hierarchical.NodeTestTask.lambda$executeRecursively$6(NodeTestTask.java:151)
	at org.junit.platform.engine.support.hierarchical.ThrowableCollector.execute(ThrowableCollector.java:73)
	at org.junit.platform.engine.support.hierarchical.NodeTestTask.lambda$executeRecursively$8(NodeTestTask.java:141)
	at org.junit.platform.engine.support.hierarchical.Node.around(Node.java:137)
	at org.junit.platform.engine.support.hierarchical.NodeTestTask.lambda$executeRecursively$9(NodeTestTask.java:139)
	at org.junit.platform.engine.support.hierarchical.ThrowableCollector.execute(ThrowableCollector.java:73)
	at org.junit.platform.engine.support.hierarchical.NodeTestTask.executeRecursively(NodeTestTask.java:138)
	at org.junit.platform.engine.support.hierarchical.NodeTestTask.execute(NodeTestTask.java:95)
	at java.util.ArrayList.forEach(ArrayList.java:1259)
	at org.junit.platform.engine.support.hierarchical.SameThreadHierarchicalTestExecutorService.invokeAll(SameThreadHierarchicalTestExecutorService.java:41)
	at org.junit.platform.engine.support.hierarchical.NodeTestTask.lambda$executeRecursively$6(NodeTestTask.java:155)
	at org.junit.platform.engine.support.hierarchical.ThrowableCollector.execute(ThrowableCollector.java:73)
	at org.junit.platform.engine.support.hierarchical.NodeTestTask.lambda$executeRecursively$8(NodeTestTask.java:141)
	at org.junit.platform.engine.support.hierarchical.Node.around(Node.java:137)
	at org.junit.platform.engine.support.hierarchical.NodeTestTask.lambda$executeRecursively$9(NodeTestTask.java:139)
	at org.junit.platform.engine.support.hierarchical.ThrowableCollector.execute(ThrowableCollector.java:73)
	at org.junit.platform.engine.support.hierarchical.NodeTestTask.executeRecursively(NodeTestTask.java:138)
	at org.junit.platform.engine.support.hierarchical.NodeTestTask.execute(NodeTestTask.java:95)
	at java.util.ArrayList.forEach(ArrayList.java:1259)
	at org.junit.platform.engine.support.hierarchical.SameThreadHierarchicalTestExecutorService.invokeAll(SameThreadHierarchicalTestExecutorService.java:41)
	at org.junit.platform.engine.support.hierarchical.NodeTestTask.lambda$executeRecursively$6(NodeTestTask.java:155)
	at org.junit.platform.engine.support.hierarchical.ThrowableCollector.execute(ThrowableCollector.java:73)
	at org.junit.platform.engine.support.hierarchical.NodeTestTask.lambda$executeRecursively$8(NodeTestTask.java:141)
	at org.junit.platform.engine.support.hierarchical.Node.around(Node.java:137)
	at org.junit.platform.engine.support.hierarchical.NodeTestTask.lambda$executeRecursively$9(NodeTestTask.java:139)
	at org.junit.platform.engine.support.hierarchical.ThrowableCollector.execute(ThrowableCollector.java:73)
	at org.junit.platform.engine.support.hierarchical.NodeTestTask.executeRecursively(NodeTestTask.java:138)
	at org.junit.platform.engine.support.hierarchical.NodeTestTask.execute(NodeTestTask.java:95)
	at org.junit.platform.engine.support.hierarchical.SameThreadHierarchicalTestExecutorService.submit(SameThreadHierarchicalTestExecutorService.java:35)
	at org.junit.platform.engine.support.hierarchical.HierarchicalTestExecutor.execute(HierarchicalTestExecutor.java:57)
	at org.junit.platform.engine.support.hierarchical.HierarchicalTestEngine.execute(HierarchicalTestEngine.java:54)
	at org.junit.platform.launcher.core.EngineExecutionOrchestrator.execute(EngineExecutionOrchestrator.java:107)
	at org.junit.platform.launcher.core.EngineExecutionOrchestrator.execute(EngineExecutionOrchestrator.java:88)
	at org.junit.platform.launcher.core.EngineExecutionOrchestrator.lambda$execute$0(EngineExecutionOrchestrator.java:54)
	at org.junit.platform.launcher.core.EngineExecutionOrchestrator.withInterceptedStreams(EngineExecutionOrchestrator.java:67)
	at org.junit.platform.launcher.core.EngineExecutionOrchestrator.execute(EngineExecutionOrchestrator.java:52)
	at org.junit.platform.launcher.core.DefaultLauncher.execute(DefaultLauncher.java:114)
	at org.junit.platform.launcher.core.DefaultLauncher.execute(DefaultLauncher.java:86)
	at org.junit.platform.launcher.core.DefaultLauncherSession$DelegatingLauncher.execute(DefaultLauncherSession.java:86)
	at org.junit.platform.launcher.core.SessionPerRequestLauncher.execute(SessionPerRequestLauncher.java:53)
	at org.apache.maven.surefire.junitplatform.JUnitPlatformProvider.execute(JUnitPlatformProvider.java:188)
	at org.apache.maven.surefire.junitplatform.JUnitPlatformProvider.invokeAllTests(JUnitPlatformProvider.java:154)
	at org.apache.maven.surefire.junitplatform.JUnitPlatformProvider.invoke(JUnitPlatformProvider.java:124)
	at org.apache.maven.surefire.booter.ForkedBooter.runSuitesInProcess(ForkedBooter.java:428)
	at org.apache.maven.surefire.booter.ForkedBooter.execute(ForkedBooter.java:162)
	at org.apache.maven.surefire.booter.ForkedBooter.run(ForkedBooter.java:562)
	at org.apache.maven.surefire.booter.ForkedBooter.main(ForkedBooter.java:548)
2023-05-04 20:14:42,497 [Listener at 127.0.0.1/35517] ERROR scm.XceiverClientGrpc (XceiverClientGrpc.java:sendCommandWithRetry(453)) - Failed to execute command ReadChunk on the pipeline Pipeline[ Id: af91bc37-3f3f-45d7-a7b2-64a78f4c2588, Nodes: fe0c64ad-372f-4816-a9b8-650345a5ed87(fv-az804-457.cvtsq3ctpw5ehehiek0yp1ke0c.cx.internal.cloudapp.net/10.1.0.20)c0824e8e-e4e4-4301-9438-3093f7f79ba0(fv-az804-457.cvtsq3ctpw5ehehiek0yp1ke0c.cx.internal.cloudapp.net/10.1.0.20)eaea20cf-c5ca-4d45-84fe-4a8214ec7204(fv-az804-457.cvtsq3ctpw5ehehiek0yp1ke0c.cx.internal.cloudapp.net/10.1.0.20), ReplicationConfig: STANDALONE/THREE, State:OPEN, leaderId:fe0c64ad-372f-4816-a9b8-650345a5ed87, CreationTimestamp2023-05-04T20:13:58.296Z[Etc/UTC]].
]]></system-out>
  </testcase>
  <testcase name="testReadKeyWithVerifyChecksumFlagDisable" classname="org.apache.hadoop.ozone.client.rpc.TestOzoneRpcClient" time="0.081">
    <system-out><![CDATA[2023-05-04 20:14:42,498 [Listener at 127.0.0.1/35517] INFO  rpc.RpcClient (RpcClient.java:createVolume(476)) - Creating Volume: 581288c7-453d-4518-811a-bb26ad5193e3, with runner as owner and space quota set to -1 bytes, counts quota set to -1
2023-05-04 20:14:42,501 [OM StateMachine ApplyTransaction Thread - 0] INFO  volume.OMVolumeCreateRequest (OMVolumeCreateRequest.java:validateAndUpdateCache(195)) - created volume:581288c7-453d-4518-811a-bb26ad5193e3 for user:runner
2023-05-04 20:14:42,502 [Listener at 127.0.0.1/35517] INFO  rpc.RpcClient (RpcClient.java:createBucket(697)) - Creating Bucket: 581288c7-453d-4518-811a-bb26ad5193e3/04e0d9a1-fbe0-45c2-bc8e-10207466185d, with server-side default bucket layout, runner as owner, Versioning false, Storage Type set to DISK and Encryption set to false, Replication Type set to server-side default replication type, Namespace Quota set to -1, Space Quota set to -1 
2023-05-04 20:14:42,503 [OM StateMachine ApplyTransaction Thread - 0] INFO  bucket.OMBucketCreateRequest (OMBucketCreateRequest.java:validateAndUpdateCache(270)) - created bucket: 04e0d9a1-fbe0-45c2-bc8e-10207466185d of layout FILE_SYSTEM_OPTIMIZED in volume: 581288c7-453d-4518-811a-bb26ad5193e3
2023-05-04 20:14:42,539 [IPC Server handler 10 on default port 35523] WARN  node.SCMNodeManager (SCMNodeManager.java:getNodesByAddress(1372)) - Cannot find node for address 127.0.0.1
2023-05-04 20:14:42,564 [IPC Server handler 14 on default port 35523] WARN  node.SCMNodeManager (SCMNodeManager.java:getNodesByAddress(1372)) - Cannot find node for address 127.0.0.1
]]></system-out>
  </testcase>
  <testcase name="testReadKeyWithVerifyChecksumFlagEnable" classname="org.apache.hadoop.ozone.client.rpc.TestOzoneRpcClient" time="0.063">
    <system-out><![CDATA[2023-05-04 20:14:42,579 [Listener at 127.0.0.1/35517] INFO  rpc.RpcClient (RpcClient.java:createVolume(476)) - Creating Volume: b2dd2320-5788-432c-9e99-efec8553ba63, with runner as owner and space quota set to -1 bytes, counts quota set to -1
2023-05-04 20:14:42,581 [OM StateMachine ApplyTransaction Thread - 0] INFO  volume.OMVolumeCreateRequest (OMVolumeCreateRequest.java:validateAndUpdateCache(195)) - created volume:b2dd2320-5788-432c-9e99-efec8553ba63 for user:runner
2023-05-04 20:14:42,583 [Listener at 127.0.0.1/35517] INFO  rpc.RpcClient (RpcClient.java:createBucket(697)) - Creating Bucket: b2dd2320-5788-432c-9e99-efec8553ba63/a231327f-92ad-4013-8bab-0caf8ee09e22, with server-side default bucket layout, runner as owner, Versioning false, Storage Type set to DISK and Encryption set to false, Replication Type set to server-side default replication type, Namespace Quota set to -1, Space Quota set to -1 
2023-05-04 20:14:42,585 [OM StateMachine ApplyTransaction Thread - 0] INFO  bucket.OMBucketCreateRequest (OMBucketCreateRequest.java:validateAndUpdateCache(270)) - created bucket: a231327f-92ad-4013-8bab-0caf8ee09e22 of layout FILE_SYSTEM_OPTIMIZED in volume: b2dd2320-5788-432c-9e99-efec8553ba63
2023-05-04 20:14:42,602 [IPC Server handler 12 on default port 35523] WARN  node.SCMNodeManager (SCMNodeManager.java:getNodesByAddress(1372)) - Cannot find node for address 127.0.0.1
2023-05-04 20:14:42,626 [IPC Server handler 3 on default port 35523] WARN  node.SCMNodeManager (SCMNodeManager.java:getNodesByAddress(1372)) - Cannot find node for address 127.0.0.1
2023-05-04 20:14:42,636 [Listener at 127.0.0.1/35517] ERROR scm.XceiverClientGrpc (XceiverClientGrpc.java:sendCommandWithRetry(453)) - Failed to execute command ReadChunk on the pipeline Pipeline[ Id: 2e762cb1-716c-4104-bac6-521cd7c40ef4, Nodes: 4fbe5812-23fe-4964-8001-699203e4df4b(fv-az804-457.cvtsq3ctpw5ehehiek0yp1ke0c.cx.internal.cloudapp.net/10.1.0.20), ReplicationConfig: STANDALONE/ONE, State:OPEN, leaderId:4fbe5812-23fe-4964-8001-699203e4df4b, CreationTimestamp2023-05-04T20:13:59.944Z[Etc/UTC]].
2023-05-04 20:14:42,637 [Listener at 127.0.0.1/35517] ERROR scm.XceiverClientGrpc (XceiverClientGrpc.java:sendCommandWithRetry(453)) - Failed to execute command ReadChunk on the pipeline Pipeline[ Id: 2e762cb1-716c-4104-bac6-521cd7c40ef4, Nodes: 4fbe5812-23fe-4964-8001-699203e4df4b(fv-az804-457.cvtsq3ctpw5ehehiek0yp1ke0c.cx.internal.cloudapp.net/10.1.0.20), ReplicationConfig: STANDALONE/ONE, State:OPEN, leaderId:4fbe5812-23fe-4964-8001-699203e4df4b, CreationTimestamp2023-05-04T20:13:59.944Z[Etc/UTC]].
2023-05-04 20:14:42,640 [Listener at 127.0.0.1/35517] ERROR scm.XceiverClientGrpc (XceiverClientGrpc.java:sendCommandWithRetry(453)) - Failed to execute command ReadChunk on the pipeline Pipeline[ Id: 2e762cb1-716c-4104-bac6-521cd7c40ef4, Nodes: 4fbe5812-23fe-4964-8001-699203e4df4b(fv-az804-457.cvtsq3ctpw5ehehiek0yp1ke0c.cx.internal.cloudapp.net/10.1.0.20), ReplicationConfig: STANDALONE/ONE, State:OPEN, leaderId:4fbe5812-23fe-4964-8001-699203e4df4b, CreationTimestamp2023-05-04T20:13:59.944Z[Etc/UTC]].
]]></system-out>
  </testcase>
  <testcase name="testRemoveBucketAcl" classname="org.apache.hadoop.ozone.client.rpc.TestOzoneRpcClient" time="0.012">
    <system-out><![CDATA[2023-05-04 20:14:42,643 [Listener at 127.0.0.1/35517] INFO  rpc.RpcClient (RpcClient.java:createVolume(476)) - Creating Volume: c9b44a21-352b-47de-9476-164c4e2c535c, with runner as owner and space quota set to -1 bytes, counts quota set to -1
2023-05-04 20:14:42,645 [OM StateMachine ApplyTransaction Thread - 0] INFO  volume.OMVolumeCreateRequest (OMVolumeCreateRequest.java:validateAndUpdateCache(195)) - created volume:c9b44a21-352b-47de-9476-164c4e2c535c for user:runner
2023-05-04 20:14:42,646 [Listener at 127.0.0.1/35517] INFO  rpc.RpcClient (RpcClient.java:createBucket(697)) - Creating Bucket: c9b44a21-352b-47de-9476-164c4e2c535c/ddefcbda-a21b-48bd-9643-e0b348a016d1, with server-side default bucket layout, runner as owner, Versioning false, Storage Type set to DISK and Encryption set to false, Replication Type set to server-side default replication type, Namespace Quota set to -1, Space Quota set to -1 
2023-05-04 20:14:42,648 [OM StateMachine ApplyTransaction Thread - 0] INFO  bucket.OMBucketCreateRequest (OMBucketCreateRequest.java:validateAndUpdateCache(270)) - created bucket: ddefcbda-a21b-48bd-9643-e0b348a016d1 of layout FILE_SYSTEM_OPTIMIZED in volume: c9b44a21-352b-47de-9476-164c4e2c535c
]]></system-out>
  </testcase>
  <testcase name="testRemoveBucketAclUsingRpcClientRemoveAcl" classname="org.apache.hadoop.ozone.client.rpc.TestOzoneRpcClient" time="0.013">
    <system-out><![CDATA[2023-05-04 20:14:42,654 [Listener at 127.0.0.1/35517] INFO  rpc.RpcClient (RpcClient.java:createVolume(476)) - Creating Volume: 93fbadd6-21eb-4adc-89d0-cbc73d435c30, with runner as owner and space quota set to -1 bytes, counts quota set to -1
2023-05-04 20:14:42,656 [OM StateMachine ApplyTransaction Thread - 0] INFO  volume.OMVolumeCreateRequest (OMVolumeCreateRequest.java:validateAndUpdateCache(195)) - created volume:93fbadd6-21eb-4adc-89d0-cbc73d435c30 for user:runner
2023-05-04 20:14:42,657 [Listener at 127.0.0.1/35517] INFO  rpc.RpcClient (RpcClient.java:createBucket(697)) - Creating Bucket: 93fbadd6-21eb-4adc-89d0-cbc73d435c30/17f69a36-3214-4720-9f5a-6308fff4b004, with server-side default bucket layout, runner as owner, Versioning false, Storage Type set to DISK and Encryption set to false, Replication Type set to server-side default replication type, Namespace Quota set to -1, Space Quota set to -1 
2023-05-04 20:14:42,662 [OM StateMachine ApplyTransaction Thread - 0] INFO  bucket.OMBucketCreateRequest (OMBucketCreateRequest.java:validateAndUpdateCache(270)) - created bucket: 17f69a36-3214-4720-9f5a-6308fff4b004 of layout FILE_SYSTEM_OPTIMIZED in volume: 93fbadd6-21eb-4adc-89d0-cbc73d435c30
]]></system-out>
  </testcase>
  <testcase name="testRenameKey" classname="org.apache.hadoop.ozone.client.rpc.TestOzoneRpcClient" time="0.055">
    <system-out><![CDATA[2023-05-04 20:14:42,667 [Listener at 127.0.0.1/35517] INFO  rpc.RpcClient (RpcClient.java:createVolume(476)) - Creating Volume: a77f85df-81c3-4d95-85d3-fa87de078f9a, with runner as owner and space quota set to -1 bytes, counts quota set to -1
2023-05-04 20:14:42,669 [OM StateMachine ApplyTransaction Thread - 0] INFO  volume.OMVolumeCreateRequest (OMVolumeCreateRequest.java:validateAndUpdateCache(195)) - created volume:a77f85df-81c3-4d95-85d3-fa87de078f9a for user:runner
2023-05-04 20:14:42,670 [Listener at 127.0.0.1/35517] INFO  rpc.RpcClient (RpcClient.java:createBucket(697)) - Creating Bucket: a77f85df-81c3-4d95-85d3-fa87de078f9a/6308688c-9e92-44cf-bc51-3f7be8df46b0, with server-side default bucket layout, runner as owner, Versioning false, Storage Type set to DISK and Encryption set to false, Replication Type set to server-side default replication type, Namespace Quota set to -1, Space Quota set to -1 
2023-05-04 20:14:42,671 [OM StateMachine ApplyTransaction Thread - 0] INFO  bucket.OMBucketCreateRequest (OMBucketCreateRequest.java:validateAndUpdateCache(270)) - created bucket: 6308688c-9e92-44cf-bc51-3f7be8df46b0 of layout FILE_SYSTEM_OPTIMIZED in volume: a77f85df-81c3-4d95-85d3-fa87de078f9a
2023-05-04 20:14:42,702 [IPC Server handler 6 on default port 35523] WARN  node.SCMNodeManager (SCMNodeManager.java:getNodesByAddress(1372)) - Cannot find node for address 127.0.0.1
2023-05-04 20:14:42,714 [IPC Server handler 18 on default port 35523] WARN  node.SCMNodeManager (SCMNodeManager.java:getNodesByAddress(1372)) - Cannot find node for address 127.0.0.1
20:14:42.719 [IPC Server handler 11 on default port 35517] ERROR OMAudit - user=runner | ip=127.0.0.1 | op=READ_KEY {volume=a77f85df-81c3-4d95-85d3-fa87de078f9a, bucket=6308688c-9e92-44cf-bc51-3f7be8df46b0, key=fdc85473-56bc-41c4-8fdd-86bfaae64286, dataSize=0, replicationConfig=null} | ret=FAILURE
org.apache.hadoop.ozone.om.exceptions.OMException: Key:fdc85473-56bc-41c4-8fdd-86bfaae64286 not found
	at org.apache.hadoop.ozone.om.KeyManagerImpl.readKeyInfo(KeyManagerImpl.java:433) ~[ozone-manager-1.4.0-SNAPSHOT.jar:?]
	at org.apache.hadoop.ozone.om.KeyManagerImpl.lambda$9(KeyManagerImpl.java:1922) ~[ozone-manager-1.4.0-SNAPSHOT.jar:?]
	at org.apache.hadoop.util.MetricUtil.captureLatencyNs(MetricUtil.java:37) ~[hdds-common-1.4.0-SNAPSHOT.jar:?]
	at org.apache.hadoop.ozone.om.KeyManagerImpl.getKeyInfo(KeyManagerImpl.java:1920) ~[ozone-manager-1.4.0-SNAPSHOT.jar:?]
	at org.apache.hadoop.ozone.om.OmMetadataReader.getKeyInfo(OmMetadataReader.java:212) ~[ozone-manager-1.4.0-SNAPSHOT.jar:?]
	at org.apache.hadoop.ozone.om.OzoneManager.getKeyInfo(OzoneManager.java:2809) ~[ozone-manager-1.4.0-SNAPSHOT.jar:?]
	at org.apache.hadoop.ozone.protocolPB.OzoneManagerRequestHandler.getKeyInfo(OzoneManagerRequestHandler.java:549) ~[ozone-manager-1.4.0-SNAPSHOT.jar:?]
	at org.apache.hadoop.ozone.protocolPB.OzoneManagerRequestHandler.handleReadRequest(OzoneManagerRequestHandler.java:292) ~[ozone-manager-1.4.0-SNAPSHOT.jar:?]
	at org.apache.hadoop.ozone.protocolPB.OzoneManagerProtocolServerSideTranslatorPB.submitReadRequestToOM(OzoneManagerProtocolServerSideTranslatorPB.java:223) ~[ozone-manager-1.4.0-SNAPSHOT.jar:?]
	at org.apache.hadoop.ozone.protocolPB.OzoneManagerProtocolServerSideTranslatorPB.processRequest(OzoneManagerProtocolServerSideTranslatorPB.java:177) ~[ozone-manager-1.4.0-SNAPSHOT.jar:?]
	at org.apache.hadoop.hdds.server.OzoneProtocolMessageDispatcher.processRequest(OzoneProtocolMessageDispatcher.java:87) [hdds-server-framework-1.4.0-SNAPSHOT.jar:?]
	at org.apache.hadoop.ozone.protocolPB.OzoneManagerProtocolServerSideTranslatorPB.submitRequest(OzoneManagerProtocolServerSideTranslatorPB.java:147) [ozone-manager-1.4.0-SNAPSHOT.jar:?]
	at org.apache.hadoop.ozone.protocol.proto.OzoneManagerProtocolProtos$OzoneManagerService$2.callBlockingMethod(OzoneManagerProtocolProtos.java) [ozone-interface-client-1.4.0-SNAPSHOT.jar:?]
	at org.apache.hadoop.ipc.ProtobufRpcEngine$Server.processCall(ProtobufRpcEngine.java:484) [hadoop-common-3.3.5.jar:?]
	at org.apache.hadoop.ipc.ProtobufRpcEngine2$Server$ProtoBufRpcInvoker.call(ProtobufRpcEngine2.java:595) [hadoop-common-3.3.5.jar:?]
	at org.apache.hadoop.ipc.ProtobufRpcEngine2$Server$ProtoBufRpcInvoker.call(ProtobufRpcEngine2.java:573) [hadoop-common-3.3.5.jar:?]
	at org.apache.hadoop.ipc.RPC$Server.call(RPC.java:1213) [hadoop-common-3.3.5.jar:?]
	at org.apache.hadoop.ipc.Server$RpcCall.run(Server.java:1089) [hadoop-common-3.3.5.jar:?]
	at org.apache.hadoop.ipc.Server$RpcCall.run(Server.java:1012) [hadoop-common-3.3.5.jar:?]
	at java.security.AccessController.doPrivileged(Native Method) ~[?:1.8.0_362]
	at javax.security.auth.Subject.doAs(Subject.java:422) [?:1.8.0_362]
	at org.apache.hadoop.security.UserGroupInformation.doAs(UserGroupInformation.java:1899) [hadoop-common-3.3.5.jar:?]
	at org.apache.hadoop.ipc.Server$Handler.run(Server.java:3026) [hadoop-common-3.3.5.jar:?]
2023-05-04 20:14:42,721 [IPC Server handler 4 on default port 35523] WARN  node.SCMNodeManager (SCMNodeManager.java:getNodesByAddress(1372)) - Cannot find node for address 127.0.0.1
]]></system-out>
  </testcase>
  <testcase name="testSetAndClrQuota" classname="org.apache.hadoop.ozone.client.rpc.TestOzoneRpcClient" time="0.054">
    <system-out><![CDATA[2023-05-04 20:14:42,723 [Listener at 127.0.0.1/35517] INFO  rpc.RpcClient (RpcClient.java:createVolume(476)) - Creating Volume: e5d8f185-409e-4b49-a123-88748a2cf481, with runner as owner and space quota set to -1 bytes, counts quota set to -1
2023-05-04 20:14:42,725 [OM StateMachine ApplyTransaction Thread - 0] INFO  volume.OMVolumeCreateRequest (OMVolumeCreateRequest.java:validateAndUpdateCache(195)) - created volume:e5d8f185-409e-4b49-a123-88748a2cf481 for user:runner
2023-05-04 20:14:42,726 [Listener at 127.0.0.1/35517] INFO  rpc.RpcClient (RpcClient.java:createBucket(697)) - Creating Bucket: e5d8f185-409e-4b49-a123-88748a2cf481/e1f9b6ae-bf3d-4533-b967-669ad22c89e5, with server-side default bucket layout, runner as owner, Versioning false, Storage Type set to DISK and Encryption set to false, Replication Type set to server-side default replication type, Namespace Quota set to -1, Space Quota set to -1 
2023-05-04 20:14:42,728 [OM StateMachine ApplyTransaction Thread - 0] INFO  bucket.OMBucketCreateRequest (OMBucketCreateRequest.java:validateAndUpdateCache(270)) - created bucket: e1f9b6ae-bf3d-4533-b967-669ad22c89e5 of layout FILE_SYSTEM_OPTIMIZED in volume: e5d8f185-409e-4b49-a123-88748a2cf481
2023-05-04 20:14:42,735 [Listener at 127.0.0.1/35517] INFO  rpc.RpcClient (RpcClient.java:createBucket(697)) - Creating Bucket: e5d8f185-409e-4b49-a123-88748a2cf481/a13e698f-21e9-42aa-b4d0-225376da2928, with server-side default bucket layout, runner as owner, Versioning false, Storage Type set to DISK and Encryption set to false, Replication Type set to server-side default replication type, Namespace Quota set to -1, Space Quota set to -1 
2023-05-04 20:14:42,736 [OM StateMachine ApplyTransaction Thread - 0] INFO  bucket.OMBucketCreateRequest (OMBucketCreateRequest.java:validateAndUpdateCache(270)) - created bucket: a13e698f-21e9-42aa-b4d0-225376da2928 of layout FILE_SYSTEM_OPTIMIZED in volume: e5d8f185-409e-4b49-a123-88748a2cf481
20:14:42.747 [OM StateMachine ApplyTransaction Thread - 0] ERROR OMAudit - user=runner | ip=127.0.0.1 | op=UPDATE_BUCKET {volume=e5d8f185-409e-4b49-a123-88748a2cf481, bucket=e1f9b6ae-bf3d-4533-b967-669ad22c89e5, gdprEnabled=null, isVersionEnabled=null} | ret=FAILURE
org.apache.hadoop.ozone.om.exceptions.OMException: Can not clear bucket spaceQuota because volume spaceQuota is not cleared.
	at org.apache.hadoop.ozone.om.request.bucket.OMBucketSetPropertyRequest.checkQuotaBytesValid(OMBucketSetPropertyRequest.java:303) ~[ozone-manager-1.4.0-SNAPSHOT.jar:?]
	at org.apache.hadoop.ozone.om.request.bucket.OMBucketSetPropertyRequest.validateAndUpdateCache(OMBucketSetPropertyRequest.java:184) ~[ozone-manager-1.4.0-SNAPSHOT.jar:?]
	at org.apache.hadoop.ozone.protocolPB.OzoneManagerRequestHandler.handleWriteRequest(OzoneManagerRequestHandler.java:337) ~[ozone-manager-1.4.0-SNAPSHOT.jar:?]
	at org.apache.hadoop.ozone.om.ratis.OzoneManagerStateMachine.runCommand(OzoneManagerStateMachine.java:567) ~[ozone-manager-1.4.0-SNAPSHOT.jar:?]
	at org.apache.hadoop.ozone.om.ratis.OzoneManagerStateMachine.lambda$1(OzoneManagerStateMachine.java:358) ~[ozone-manager-1.4.0-SNAPSHOT.jar:?]
	at java.util.concurrent.CompletableFuture$AsyncSupply.run(CompletableFuture.java:1604) [?:1.8.0_362]
	at java.util.concurrent.ThreadPoolExecutor.runWorker(ThreadPoolExecutor.java:1149) [?:1.8.0_362]
	at java.util.concurrent.ThreadPoolExecutor$Worker.run(ThreadPoolExecutor.java:624) [?:1.8.0_362]
	at java.lang.Thread.run(Thread.java:750) [?:1.8.0_362]
2023-05-04 20:14:42,747 [OM StateMachine ApplyTransaction Thread - 0] ERROR bucket.OMBucketSetPropertyRequest (OMBucketSetPropertyRequest.java:validateAndUpdateCache(263)) - Setting bucket property failed for bucket:e1f9b6ae-bf3d-4533-b967-669ad22c89e5 in volume:e5d8f185-409e-4b49-a123-88748a2cf481
QUOTA_ERROR org.apache.hadoop.ozone.om.exceptions.OMException: Can not clear bucket spaceQuota because volume spaceQuota is not cleared.
	at org.apache.hadoop.ozone.om.request.bucket.OMBucketSetPropertyRequest.checkQuotaBytesValid(OMBucketSetPropertyRequest.java:303)
	at org.apache.hadoop.ozone.om.request.bucket.OMBucketSetPropertyRequest.validateAndUpdateCache(OMBucketSetPropertyRequest.java:184)
	at org.apache.hadoop.ozone.protocolPB.OzoneManagerRequestHandler.handleWriteRequest(OzoneManagerRequestHandler.java:337)
	at org.apache.hadoop.ozone.om.ratis.OzoneManagerStateMachine.runCommand(OzoneManagerStateMachine.java:567)
	at org.apache.hadoop.ozone.om.ratis.OzoneManagerStateMachine.lambda$1(OzoneManagerStateMachine.java:358)
	at java.util.concurrent.CompletableFuture$AsyncSupply.run(CompletableFuture.java:1604)
	at java.util.concurrent.ThreadPoolExecutor.runWorker(ThreadPoolExecutor.java:1149)
	at java.util.concurrent.ThreadPoolExecutor$Worker.run(ThreadPoolExecutor.java:624)
	at java.lang.Thread.run(Thread.java:750)
]]></system-out>
  </testcase>
  <testcase name="testSetBucketQuotaIllegal" classname="org.apache.hadoop.ozone.client.rpc.TestOzoneRpcClient" time="0.015">
    <system-out><![CDATA[2023-05-04 20:14:42,778 [Listener at 127.0.0.1/35517] INFO  rpc.RpcClient (RpcClient.java:createVolume(476)) - Creating Volume: 1b33a33f-2624-4934-9a15-f60e0c31371d, with runner as owner and space quota set to -1 bytes, counts quota set to -1
2023-05-04 20:14:42,779 [OM StateMachine ApplyTransaction Thread - 0] INFO  volume.OMVolumeCreateRequest (OMVolumeCreateRequest.java:validateAndUpdateCache(195)) - created volume:1b33a33f-2624-4934-9a15-f60e0c31371d for user:runner
2023-05-04 20:14:42,781 [Listener at 127.0.0.1/35517] INFO  rpc.RpcClient (RpcClient.java:createBucket(697)) - Creating Bucket: 1b33a33f-2624-4934-9a15-f60e0c31371d/6e18308d-71a7-46bc-b239-9648461621c8, with server-side default bucket layout, runner as owner, Versioning false, Storage Type set to DISK and Encryption set to false, Replication Type set to server-side default replication type, Namespace Quota set to -1, Space Quota set to -1 
2023-05-04 20:14:42,782 [OM StateMachine ApplyTransaction Thread - 0] INFO  bucket.OMBucketCreateRequest (OMBucketCreateRequest.java:validateAndUpdateCache(270)) - created bucket: 6e18308d-71a7-46bc-b239-9648461621c8 of layout FILE_SYSTEM_OPTIMIZED in volume: 1b33a33f-2624-4934-9a15-f60e0c31371d
]]></system-out>
  </testcase>
  <testcase name="testSetBucketStorageType" classname="org.apache.hadoop.ozone.client.rpc.TestOzoneRpcClient" time="0.008">
    <system-out><![CDATA[2023-05-04 20:14:42,793 [Listener at 127.0.0.1/35517] INFO  rpc.RpcClient (RpcClient.java:createVolume(476)) - Creating Volume: 8adbd05d-180d-45a4-b92d-65c8fd99d592, with runner as owner and space quota set to -1 bytes, counts quota set to -1
2023-05-04 20:14:42,794 [OM StateMachine ApplyTransaction Thread - 0] INFO  volume.OMVolumeCreateRequest (OMVolumeCreateRequest.java:validateAndUpdateCache(195)) - created volume:8adbd05d-180d-45a4-b92d-65c8fd99d592 for user:runner
2023-05-04 20:14:42,795 [Listener at 127.0.0.1/35517] INFO  rpc.RpcClient (RpcClient.java:createBucket(697)) - Creating Bucket: 8adbd05d-180d-45a4-b92d-65c8fd99d592/cbd1f736-2216-473b-8d7c-3f1f943864fd, with server-side default bucket layout, runner as owner, Versioning false, Storage Type set to DISK and Encryption set to false, Replication Type set to server-side default replication type, Namespace Quota set to -1, Space Quota set to -1 
2023-05-04 20:14:42,797 [OM StateMachine ApplyTransaction Thread - 0] INFO  bucket.OMBucketCreateRequest (OMBucketCreateRequest.java:validateAndUpdateCache(270)) - created bucket: cbd1f736-2216-473b-8d7c-3f1f943864fd of layout FILE_SYSTEM_OPTIMIZED in volume: 8adbd05d-180d-45a4-b92d-65c8fd99d592
]]></system-out>
  </testcase>
  <testcase name="testSetBucketVersioning" classname="org.apache.hadoop.ozone.client.rpc.TestOzoneRpcClient" time="0.008">
    <system-out><![CDATA[2023-05-04 20:14:42,801 [Listener at 127.0.0.1/35517] INFO  rpc.RpcClient (RpcClient.java:createVolume(476)) - Creating Volume: 718a00cb-72c8-4967-ade0-28f7575abb68, with runner as owner and space quota set to -1 bytes, counts quota set to -1
2023-05-04 20:14:42,803 [OM StateMachine ApplyTransaction Thread - 0] INFO  volume.OMVolumeCreateRequest (OMVolumeCreateRequest.java:validateAndUpdateCache(195)) - created volume:718a00cb-72c8-4967-ade0-28f7575abb68 for user:runner
2023-05-04 20:14:42,804 [Listener at 127.0.0.1/35517] INFO  rpc.RpcClient (RpcClient.java:createBucket(697)) - Creating Bucket: 718a00cb-72c8-4967-ade0-28f7575abb68/67af1cc4-0a21-401c-9099-0f8cf13ca4eb, with server-side default bucket layout, runner as owner, Versioning false, Storage Type set to DISK and Encryption set to false, Replication Type set to server-side default replication type, Namespace Quota set to -1, Space Quota set to -1 
2023-05-04 20:14:42,806 [OM StateMachine ApplyTransaction Thread - 0] INFO  bucket.OMBucketCreateRequest (OMBucketCreateRequest.java:validateAndUpdateCache(270)) - created bucket: 67af1cc4-0a21-401c-9099-0f8cf13ca4eb of layout FILE_SYSTEM_OPTIMIZED in volume: 718a00cb-72c8-4967-ade0-28f7575abb68
]]></system-out>
  </testcase>
  <testcase name="testSetECReplicationConfigOnBucket" classname="org.apache.hadoop.ozone.client.rpc.TestOzoneRpcClient" time="0.013">
    <system-out><![CDATA[2023-05-04 20:14:42,810 [Listener at 127.0.0.1/35517] INFO  rpc.RpcClient (RpcClient.java:createVolume(476)) - Creating Volume: bd3c6d48-31ef-4f97-9bc9-6073852124dd, with runner as owner and space quota set to -1 bytes, counts quota set to -1
2023-05-04 20:14:42,811 [OM StateMachine ApplyTransaction Thread - 0] INFO  volume.OMVolumeCreateRequest (OMVolumeCreateRequest.java:validateAndUpdateCache(195)) - created volume:bd3c6d48-31ef-4f97-9bc9-6073852124dd for user:runner
2023-05-04 20:14:42,812 [Listener at 127.0.0.1/35517] INFO  rpc.RpcClient (RpcClient.java:createBucket(697)) - Creating Bucket: bd3c6d48-31ef-4f97-9bc9-6073852124dd/51bfd13b-bc9d-447b-817c-a2cfff64da48, with server-side default bucket layout, runner as owner, Versioning true, Storage Type set to DISK and Encryption set to false, Replication Type set to STAND_ALONE, Namespace Quota set to -1, Space Quota set to -1 
2023-05-04 20:14:42,814 [OM StateMachine ApplyTransaction Thread - 0] INFO  bucket.OMBucketCreateRequest (OMBucketCreateRequest.java:validateAndUpdateCache(270)) - created bucket: 51bfd13b-bc9d-447b-817c-a2cfff64da48 of layout FILE_SYSTEM_OPTIMIZED in volume: bd3c6d48-31ef-4f97-9bc9-6073852124dd
]]></system-out>
  </testcase>
  <testcase name="testSetS3VolumeAcl" classname="org.apache.hadoop.ozone.client.rpc.TestOzoneRpcClient" time="0.004"/>
  <testcase name="testSetVolumeQuota" classname="org.apache.hadoop.ozone.client.rpc.TestOzoneRpcClient" time="0.007">
    <system-out><![CDATA[2023-05-04 20:14:42,827 [Listener at 127.0.0.1/35517] INFO  rpc.RpcClient (RpcClient.java:createVolume(476)) - Creating Volume: 651164c0-65c4-46c7-94d5-b07c449f7ac5, with runner as owner and space quota set to -1 bytes, counts quota set to -1
2023-05-04 20:14:42,829 [OM StateMachine ApplyTransaction Thread - 0] INFO  volume.OMVolumeCreateRequest (OMVolumeCreateRequest.java:validateAndUpdateCache(195)) - created volume:651164c0-65c4-46c7-94d5-b07c449f7ac5 for user:runner
]]></system-out>
  </testcase>
  <testcase name="testSetVolumeQuotaIllegal" classname="org.apache.hadoop.ozone.client.rpc.TestOzoneRpcClient" time="0.01">
    <system-out><![CDATA[2023-05-04 20:14:42,835 [Listener at 127.0.0.1/35517] INFO  rpc.RpcClient (RpcClient.java:createVolume(476)) - Creating Volume: d8d1ecdb-0f92-4a1e-bb7a-e431edbc3233, with runner as owner and space quota set to -1 bytes, counts quota set to -1
2023-05-04 20:14:42,837 [OM StateMachine ApplyTransaction Thread - 0] INFO  volume.OMVolumeCreateRequest (OMVolumeCreateRequest.java:validateAndUpdateCache(195)) - created volume:d8d1ecdb-0f92-4a1e-bb7a-e431edbc3233 for user:runner
]]></system-out>
  </testcase>
  <testcase name="testUploadPartOverride(ReplicationConfig)[1]" classname="org.apache.hadoop.ozone.client.rpc.TestOzoneRpcClient" time="0.037">
    <system-out><![CDATA[2023-05-04 20:14:42,845 [Listener at 127.0.0.1/35517] INFO  rpc.RpcClient (RpcClient.java:createVolume(476)) - Creating Volume: b2e330ee-063d-4874-9b9d-66c5a26ec5c2, with runner as owner and space quota set to -1 bytes, counts quota set to -1
2023-05-04 20:14:42,847 [OM StateMachine ApplyTransaction Thread - 0] INFO  volume.OMVolumeCreateRequest (OMVolumeCreateRequest.java:validateAndUpdateCache(195)) - created volume:b2e330ee-063d-4874-9b9d-66c5a26ec5c2 for user:runner
2023-05-04 20:14:42,848 [Listener at 127.0.0.1/35517] INFO  rpc.RpcClient (RpcClient.java:createBucket(697)) - Creating Bucket: b2e330ee-063d-4874-9b9d-66c5a26ec5c2/09efa942-f490-4a78-96d0-4a48a4af3ab7, with server-side default bucket layout, runner as owner, Versioning false, Storage Type set to DISK and Encryption set to false, Replication Type set to server-side default replication type, Namespace Quota set to -1, Space Quota set to -1 
2023-05-04 20:14:42,850 [OM StateMachine ApplyTransaction Thread - 0] INFO  bucket.OMBucketCreateRequest (OMBucketCreateRequest.java:validateAndUpdateCache(270)) - created bucket: 09efa942-f490-4a78-96d0-4a48a4af3ab7 of layout FILE_SYSTEM_OPTIMIZED in volume: b2e330ee-063d-4874-9b9d-66c5a26ec5c2
]]></system-out>
  </testcase>
  <testcase name="testUploadPartOverride(ReplicationConfig)[2]" classname="org.apache.hadoop.ozone.client.rpc.TestOzoneRpcClient" time="0.048">
    <system-out><![CDATA[2023-05-04 20:14:42,883 [Listener at 127.0.0.1/35517] INFO  rpc.RpcClient (RpcClient.java:createVolume(476)) - Creating Volume: 26d1dceb-6ef1-447c-aea8-d4053f6af25d, with runner as owner and space quota set to -1 bytes, counts quota set to -1
2023-05-04 20:14:42,885 [OM StateMachine ApplyTransaction Thread - 0] INFO  volume.OMVolumeCreateRequest (OMVolumeCreateRequest.java:validateAndUpdateCache(195)) - created volume:26d1dceb-6ef1-447c-aea8-d4053f6af25d for user:runner
2023-05-04 20:14:42,886 [Listener at 127.0.0.1/35517] INFO  rpc.RpcClient (RpcClient.java:createBucket(697)) - Creating Bucket: 26d1dceb-6ef1-447c-aea8-d4053f6af25d/0dab2fee-4ab5-406f-96ee-a331e48f6abb, with server-side default bucket layout, runner as owner, Versioning false, Storage Type set to DISK and Encryption set to false, Replication Type set to server-side default replication type, Namespace Quota set to -1, Space Quota set to -1 
2023-05-04 20:14:42,888 [OM StateMachine ApplyTransaction Thread - 0] INFO  bucket.OMBucketCreateRequest (OMBucketCreateRequest.java:validateAndUpdateCache(270)) - created bucket: 0dab2fee-4ab5-406f-96ee-a331e48f6abb of layout FILE_SYSTEM_OPTIMIZED in volume: 26d1dceb-6ef1-447c-aea8-d4053f6af25d
]]></system-out>
  </testcase>
  <testcase name="testUploadPartOverride(ReplicationConfig)[3]" classname="org.apache.hadoop.ozone.client.rpc.TestOzoneRpcClient" time="0.115">
    <system-out><![CDATA[2023-05-04 20:14:42,932 [Listener at 127.0.0.1/35517] INFO  rpc.RpcClient (RpcClient.java:createVolume(476)) - Creating Volume: 1a594e75-1847-4ba3-adc6-f2468e81d88d, with runner as owner and space quota set to -1 bytes, counts quota set to -1
2023-05-04 20:14:42,934 [OM StateMachine ApplyTransaction Thread - 0] INFO  volume.OMVolumeCreateRequest (OMVolumeCreateRequest.java:validateAndUpdateCache(195)) - created volume:1a594e75-1847-4ba3-adc6-f2468e81d88d for user:runner
2023-05-04 20:14:42,935 [Listener at 127.0.0.1/35517] INFO  rpc.RpcClient (RpcClient.java:createBucket(697)) - Creating Bucket: 1a594e75-1847-4ba3-adc6-f2468e81d88d/b447b4a7-0058-420a-9f2e-da046092ee86, with server-side default bucket layout, runner as owner, Versioning false, Storage Type set to DISK and Encryption set to false, Replication Type set to server-side default replication type, Namespace Quota set to -1, Space Quota set to -1 
2023-05-04 20:14:42,937 [OM StateMachine ApplyTransaction Thread - 0] INFO  bucket.OMBucketCreateRequest (OMBucketCreateRequest.java:validateAndUpdateCache(270)) - created bucket: b447b4a7-0058-420a-9f2e-da046092ee86 of layout FILE_SYSTEM_OPTIMIZED in volume: 1a594e75-1847-4ba3-adc6-f2468e81d88d
]]></system-out>
  </testcase>
  <testcase name="testUploadPartWithNoOverride(ReplicationConfig)[1]" classname="org.apache.hadoop.ozone.client.rpc.TestOzoneRpcClient" time="0.045">
    <system-out><![CDATA[2023-05-04 20:14:43,048 [Listener at 127.0.0.1/35517] INFO  rpc.RpcClient (RpcClient.java:createVolume(476)) - Creating Volume: 738ca60d-cb2b-432d-8b0a-e90a88e6309e, with runner as owner and space quota set to -1 bytes, counts quota set to -1
2023-05-04 20:14:43,055 [OM StateMachine ApplyTransaction Thread - 0] INFO  volume.OMVolumeCreateRequest (OMVolumeCreateRequest.java:validateAndUpdateCache(195)) - created volume:738ca60d-cb2b-432d-8b0a-e90a88e6309e for user:runner
2023-05-04 20:14:43,057 [Listener at 127.0.0.1/35517] INFO  rpc.RpcClient (RpcClient.java:createBucket(697)) - Creating Bucket: 738ca60d-cb2b-432d-8b0a-e90a88e6309e/440b4884-db19-47c2-b8a5-5a9b970f6cc3, with server-side default bucket layout, runner as owner, Versioning false, Storage Type set to DISK and Encryption set to false, Replication Type set to server-side default replication type, Namespace Quota set to -1, Space Quota set to -1 
2023-05-04 20:14:43,063 [OM StateMachine ApplyTransaction Thread - 0] INFO  bucket.OMBucketCreateRequest (OMBucketCreateRequest.java:validateAndUpdateCache(270)) - created bucket: 440b4884-db19-47c2-b8a5-5a9b970f6cc3 of layout FILE_SYSTEM_OPTIMIZED in volume: 738ca60d-cb2b-432d-8b0a-e90a88e6309e
]]></system-out>
  </testcase>
  <testcase name="testUploadPartWithNoOverride(ReplicationConfig)[2]" classname="org.apache.hadoop.ozone.client.rpc.TestOzoneRpcClient" time="0.022">
    <system-out><![CDATA[2023-05-04 20:14:43,094 [Listener at 127.0.0.1/35517] INFO  rpc.RpcClient (RpcClient.java:createVolume(476)) - Creating Volume: b78bad23-98cd-49d5-bd8d-efdfb09e503d, with runner as owner and space quota set to -1 bytes, counts quota set to -1
2023-05-04 20:14:43,096 [OM StateMachine ApplyTransaction Thread - 0] INFO  volume.OMVolumeCreateRequest (OMVolumeCreateRequest.java:validateAndUpdateCache(195)) - created volume:b78bad23-98cd-49d5-bd8d-efdfb09e503d for user:runner
2023-05-04 20:14:43,097 [Listener at 127.0.0.1/35517] INFO  rpc.RpcClient (RpcClient.java:createBucket(697)) - Creating Bucket: b78bad23-98cd-49d5-bd8d-efdfb09e503d/20298f60-df5b-4f6c-b88b-a1a6b117c7dd, with server-side default bucket layout, runner as owner, Versioning false, Storage Type set to DISK and Encryption set to false, Replication Type set to server-side default replication type, Namespace Quota set to -1, Space Quota set to -1 
2023-05-04 20:14:43,098 [OM StateMachine ApplyTransaction Thread - 0] INFO  bucket.OMBucketCreateRequest (OMBucketCreateRequest.java:validateAndUpdateCache(270)) - created bucket: 20298f60-df5b-4f6c-b88b-a1a6b117c7dd of layout FILE_SYSTEM_OPTIMIZED in volume: b78bad23-98cd-49d5-bd8d-efdfb09e503d
]]></system-out>
  </testcase>
  <testcase name="testUploadPartWithNoOverride(ReplicationConfig)[3]" classname="org.apache.hadoop.ozone.client.rpc.TestOzoneRpcClient" time="0.053">
    <system-out><![CDATA[2023-05-04 20:14:43,118 [Listener at 127.0.0.1/35517] INFO  rpc.RpcClient (RpcClient.java:createVolume(476)) - Creating Volume: 21eb3441-8a61-46d9-b5bd-f866c2025f27, with runner as owner and space quota set to -1 bytes, counts quota set to -1
2023-05-04 20:14:43,119 [OM StateMachine ApplyTransaction Thread - 0] INFO  volume.OMVolumeCreateRequest (OMVolumeCreateRequest.java:validateAndUpdateCache(195)) - created volume:21eb3441-8a61-46d9-b5bd-f866c2025f27 for user:runner
2023-05-04 20:14:43,122 [Listener at 127.0.0.1/35517] INFO  rpc.RpcClient (RpcClient.java:createBucket(697)) - Creating Bucket: 21eb3441-8a61-46d9-b5bd-f866c2025f27/96424f16-ec81-4578-a0c8-4ca294cc2855, with server-side default bucket layout, runner as owner, Versioning false, Storage Type set to DISK and Encryption set to false, Replication Type set to server-side default replication type, Namespace Quota set to -1, Space Quota set to -1 
2023-05-04 20:14:43,124 [OM StateMachine ApplyTransaction Thread - 0] INFO  bucket.OMBucketCreateRequest (OMBucketCreateRequest.java:validateAndUpdateCache(270)) - created bucket: 96424f16-ec81-4578-a0c8-4ca294cc2855 of layout FILE_SYSTEM_OPTIMIZED in volume: 21eb3441-8a61-46d9-b5bd-f866c2025f27
]]></system-out>
  </testcase>
  <testcase name="testUsedBytesWithUploadPart" classname="org.apache.hadoop.ozone.client.rpc.TestOzoneRpcClient" time="0.214">
    <system-out><![CDATA[2023-05-04 20:14:43,261 [Listener at 127.0.0.1/35517] INFO  rpc.RpcClient (RpcClient.java:createVolume(476)) - Creating Volume: 32cf1584-6a2b-4874-9f15-4282f3cb7dbd, with runner as owner and space quota set to -1 bytes, counts quota set to -1
2023-05-04 20:14:43,263 [OM StateMachine ApplyTransaction Thread - 0] INFO  volume.OMVolumeCreateRequest (OMVolumeCreateRequest.java:validateAndUpdateCache(195)) - created volume:32cf1584-6a2b-4874-9f15-4282f3cb7dbd for user:runner
2023-05-04 20:14:43,265 [Listener at 127.0.0.1/35517] INFO  rpc.RpcClient (RpcClient.java:createBucket(697)) - Creating Bucket: 32cf1584-6a2b-4874-9f15-4282f3cb7dbd/f35e11f7-880a-40d1-9462-6b96c53e3ede, with server-side default bucket layout, runner as owner, Versioning false, Storage Type set to DISK and Encryption set to false, Replication Type set to server-side default replication type, Namespace Quota set to -1, Space Quota set to -1 
2023-05-04 20:14:43,266 [OM StateMachine ApplyTransaction Thread - 0] INFO  bucket.OMBucketCreateRequest (OMBucketCreateRequest.java:validateAndUpdateCache(270)) - created bucket: f35e11f7-880a-40d1-9462-6b96c53e3ede of layout FILE_SYSTEM_OPTIMIZED in volume: 32cf1584-6a2b-4874-9f15-4282f3cb7dbd
]]></system-out>
  </testcase>
  <testcase name="testValidateBlockLengthWithCommitKey" classname="org.apache.hadoop.ozone.client.rpc.TestOzoneRpcClient" time="0.02">
    <system-out><![CDATA[2023-05-04 20:14:43,386 [Listener at 127.0.0.1/35517] INFO  rpc.RpcClient (RpcClient.java:createVolume(476)) - Creating Volume: 8c4c96fc-658c-49a3-a9db-0ce231ee9379, with runner as owner and space quota set to -1 bytes, counts quota set to -1
2023-05-04 20:14:43,388 [OM StateMachine ApplyTransaction Thread - 0] INFO  volume.OMVolumeCreateRequest (OMVolumeCreateRequest.java:validateAndUpdateCache(195)) - created volume:8c4c96fc-658c-49a3-a9db-0ce231ee9379 for user:runner
2023-05-04 20:14:43,389 [Listener at 127.0.0.1/35517] INFO  rpc.RpcClient (RpcClient.java:createBucket(697)) - Creating Bucket: 8c4c96fc-658c-49a3-a9db-0ce231ee9379/4eb395c5-eb4f-4ae6-b92f-1514a308eea2, with server-side default bucket layout, runner as owner, Versioning false, Storage Type set to DISK and Encryption set to false, Replication Type set to server-side default replication type, Namespace Quota set to -1, Space Quota set to -1 
2023-05-04 20:14:43,391 [OM StateMachine ApplyTransaction Thread - 0] INFO  bucket.OMBucketCreateRequest (OMBucketCreateRequest.java:validateAndUpdateCache(270)) - created bucket: 4eb395c5-eb4f-4ae6-b92f-1514a308eea2 of layout FILE_SYSTEM_OPTIMIZED in volume: 8c4c96fc-658c-49a3-a9db-0ce231ee9379
]]></system-out>
  </testcase>
  <testcase name="testVolumeSetOwner" classname="org.apache.hadoop.ozone.client.rpc.TestOzoneRpcClient" time="0.011">
    <system-out><![CDATA[2023-05-04 20:14:43,405 [Listener at 127.0.0.1/35517] INFO  rpc.RpcClient (RpcClient.java:createVolume(476)) - Creating Volume: 81c3c7cc-8508-4d67-9dac-c27a8cf385fc, with runner as owner and space quota set to -1 bytes, counts quota set to -1
2023-05-04 20:14:43,409 [OM StateMachine ApplyTransaction Thread - 0] INFO  volume.OMVolumeCreateRequest (OMVolumeCreateRequest.java:validateAndUpdateCache(195)) - created volume:81c3c7cc-8508-4d67-9dac-c27a8cf385fc for user:runner
2023-05-04 20:14:43,415 [OM StateMachine ApplyTransaction Thread - 0] WARN  volume.OMVolumeSetOwnerRequest (OMVolumeSetOwnerRequest.java:validateAndUpdateCache(132)) - Volume '81c3c7cc-8508-4d67-9dac-c27a8cf385fc' owner is already user 'someRandomUser1'.
]]></system-out>
  </testcase>
  <testcase name="testVolumeUsedNamespace" classname="org.apache.hadoop.ozone.client.rpc.TestOzoneRpcClient" time="0.019">
    <system-out><![CDATA[2023-05-04 20:14:43,416 [Listener at 127.0.0.1/35517] INFO  rpc.RpcClient (RpcClient.java:createVolume(476)) - Creating Volume: 4544c65b-ed69-45d9-aec0-3e1d751ed194, with runner as owner and space quota set to -1 bytes, counts quota set to 1
2023-05-04 20:14:43,418 [OM StateMachine ApplyTransaction Thread - 0] INFO  volume.OMVolumeCreateRequest (OMVolumeCreateRequest.java:validateAndUpdateCache(195)) - created volume:4544c65b-ed69-45d9-aec0-3e1d751ed194 for user:runner
2023-05-04 20:14:43,419 [Listener at 127.0.0.1/35517] INFO  rpc.RpcClient (RpcClient.java:createBucket(697)) - Creating Bucket: 4544c65b-ed69-45d9-aec0-3e1d751ed194/389962ae-9bf3-4f61-9f3a-4286c4f43407, with server-side default bucket layout, runner as owner, Versioning false, Storage Type set to DISK and Encryption set to false, Replication Type set to server-side default replication type, Namespace Quota set to -1, Space Quota set to -1 
2023-05-04 20:14:43,421 [OM StateMachine ApplyTransaction Thread - 0] INFO  bucket.OMBucketCreateRequest (OMBucketCreateRequest.java:validateAndUpdateCache(270)) - created bucket: 389962ae-9bf3-4f61-9f3a-4286c4f43407 of layout FILE_SYSTEM_OPTIMIZED in volume: 4544c65b-ed69-45d9-aec0-3e1d751ed194
2023-05-04 20:14:43,422 [Listener at 127.0.0.1/35517] INFO  rpc.RpcClient (RpcClient.java:createBucket(697)) - Creating Bucket: 4544c65b-ed69-45d9-aec0-3e1d751ed194/15a8fa80-5f1e-4d9c-a920-37d2a65d83bb, with server-side default bucket layout, runner as owner, Versioning false, Storage Type set to DISK and Encryption set to false, Replication Type set to server-side default replication type, Namespace Quota set to -1, Space Quota set to -1 
20:14:43.423 [OM StateMachine ApplyTransaction Thread - 0] ERROR OMAudit - user=runner | ip=127.0.0.1 | op=CREATE_BUCKET {volume=4544c65b-ed69-45d9-aec0-3e1d751ed194, bucket=15a8fa80-5f1e-4d9c-a920-37d2a65d83bb, bucketLayout=FILE_SYSTEM_OPTIMIZED, gdprEnabled=null, acls=[user:runner:a[ACCESS], group:docker:a[ACCESS], group:adm:a[ACCESS], group:systemd-journal:a[ACCESS]], isVersionEnabled=false, storageType=DISK, creationTime=1683231283422, bucketEncryptionKey=null, modificationTime=1683231283422, usedBytes=0, usedNamespace=0} | ret=FAILURE
org.apache.hadoop.ozone.om.exceptions.OMException: The namespace quota of Volume:4544c65b-ed69-45d9-aec0-3e1d751ed194 exceeded: quotaInNamespace: 1 but namespace consumed: 2.
	at org.apache.hadoop.ozone.om.request.bucket.OMBucketCreateRequest.checkQuotaInNamespace(OMBucketCreateRequest.java:357) ~[ozone-manager-1.4.0-SNAPSHOT.jar:?]
	at org.apache.hadoop.ozone.om.request.bucket.OMBucketCreateRequest.validateAndUpdateCache(OMBucketCreateRequest.java:233) ~[ozone-manager-1.4.0-SNAPSHOT.jar:?]
	at org.apache.hadoop.ozone.protocolPB.OzoneManagerRequestHandler.handleWriteRequest(OzoneManagerRequestHandler.java:337) ~[ozone-manager-1.4.0-SNAPSHOT.jar:?]
	at org.apache.hadoop.ozone.om.ratis.OzoneManagerStateMachine.runCommand(OzoneManagerStateMachine.java:567) ~[ozone-manager-1.4.0-SNAPSHOT.jar:?]
	at org.apache.hadoop.ozone.om.ratis.OzoneManagerStateMachine.lambda$1(OzoneManagerStateMachine.java:358) ~[ozone-manager-1.4.0-SNAPSHOT.jar:?]
	at java.util.concurrent.CompletableFuture$AsyncSupply.run(CompletableFuture.java:1604) [?:1.8.0_362]
	at java.util.concurrent.ThreadPoolExecutor.runWorker(ThreadPoolExecutor.java:1149) [?:1.8.0_362]
	at java.util.concurrent.ThreadPoolExecutor$Worker.run(ThreadPoolExecutor.java:624) [?:1.8.0_362]
	at java.lang.Thread.run(Thread.java:750) [?:1.8.0_362]
2023-05-04 20:14:43,424 [OM StateMachine ApplyTransaction Thread - 0] ERROR bucket.OMBucketCreateRequest (OMBucketCreateRequest.java:validateAndUpdateCache(282)) - Bucket creation failed for bucket:15a8fa80-5f1e-4d9c-a920-37d2a65d83bb in volume:4544c65b-ed69-45d9-aec0-3e1d751ed194
QUOTA_EXCEEDED org.apache.hadoop.ozone.om.exceptions.OMException: The namespace quota of Volume:4544c65b-ed69-45d9-aec0-3e1d751ed194 exceeded: quotaInNamespace: 1 but namespace consumed: 2.
	at org.apache.hadoop.ozone.om.request.bucket.OMBucketCreateRequest.checkQuotaInNamespace(OMBucketCreateRequest.java:357)
	at org.apache.hadoop.ozone.om.request.bucket.OMBucketCreateRequest.validateAndUpdateCache(OMBucketCreateRequest.java:233)
	at org.apache.hadoop.ozone.protocolPB.OzoneManagerRequestHandler.handleWriteRequest(OzoneManagerRequestHandler.java:337)
	at org.apache.hadoop.ozone.om.ratis.OzoneManagerStateMachine.runCommand(OzoneManagerStateMachine.java:567)
	at org.apache.hadoop.ozone.om.ratis.OzoneManagerStateMachine.lambda$1(OzoneManagerStateMachine.java:358)
	at java.util.concurrent.CompletableFuture$AsyncSupply.run(CompletableFuture.java:1604)
	at java.util.concurrent.ThreadPoolExecutor.runWorker(ThreadPoolExecutor.java:1149)
	at java.util.concurrent.ThreadPoolExecutor$Worker.run(ThreadPoolExecutor.java:624)
	at java.lang.Thread.run(Thread.java:750)
2023-05-04 20:14:43,424 [Listener at 127.0.0.1/35517] INFO  rpc.RpcClient (RpcClient.java:createVolume(476)) - Creating Volume: 60202d38-b28c-4324-90ea-52cb8b421878, with runner as owner and space quota set to -1 bytes, counts quota set to -1
2023-05-04 20:14:43,426 [OM StateMachine ApplyTransaction Thread - 0] INFO  volume.OMVolumeCreateRequest (OMVolumeCreateRequest.java:validateAndUpdateCache(195)) - created volume:60202d38-b28c-4324-90ea-52cb8b421878 for user:runner
2023-05-04 20:14:43,427 [Listener at 127.0.0.1/35517] INFO  rpc.RpcClient (RpcClient.java:createBucket(697)) - Creating Bucket: 60202d38-b28c-4324-90ea-52cb8b421878/5123b246-51a0-41d4-93a5-22e1724d8122, with server-side default bucket layout, runner as owner, Versioning false, Storage Type set to DISK and Encryption set to false, Replication Type set to server-side default replication type, Namespace Quota set to -1, Space Quota set to -1 
2023-05-04 20:14:43,429 [OM StateMachine ApplyTransaction Thread - 0] INFO  bucket.OMBucketCreateRequest (OMBucketCreateRequest.java:validateAndUpdateCache(270)) - created bucket: 5123b246-51a0-41d4-93a5-22e1724d8122 of layout FILE_SYSTEM_OPTIMIZED in volume: 60202d38-b28c-4324-90ea-52cb8b421878
]]></system-out>
  </testcase>
</testsuite>