<?xml version="1.0" encoding="UTF-8"?>
<testsuite xmlns:xsi="http://www.w3.org/2001/XMLSchema-instance" xsi:noNamespaceSchemaLocation="https://maven.apache.org/surefire/maven-surefire-plugin/xsd/surefire-test-report.xsd" name="org.apache.hadoop.ozone.TestMiniOzoneCluster" time="221.471" tests="5" errors="1" skipped="0" failures="0">
  <properties>
    <property name="awt.toolkit" value="sun.awt.X11.XToolkit"/>
    <property name="file.encoding.pkg" value="sun.io"/>
    <property name="java.specification.version" value="1.8"/>
    <property name="sun.cpu.isalist" value=""/>
    <property name="sun.jnu.encoding" value="UTF-8"/>
    <property name="java.class.path" value="/home/runner/work/ozone/ozone/hadoop-ozone/integration-test/target/test-classes:/home/runner/work/ozone/ozone/hadoop-ozone/integration-test/target/classes:/home/runner/.m2/repository/org/apache/ozone/ozone-common/1.3.0-SNAPSHOT/ozone-common-1.3.0-SNAPSHOT.jar:/home/runner/.m2/repository/org/apache/commons/commons-compress/1.21/commons-compress-1.21.jar:/home/runner/.m2/repository/org/apache/ozone/hdds-common/1.3.0-SNAPSHOT/hdds-common-1.3.0-SNAPSHOT.jar:/home/runner/.m2/repository/org/apache/ozone/hdds-client/1.3.0-SNAPSHOT/hdds-client-1.3.0-SNAPSHOT.jar:/home/runner/.m2/repository/org/apache/ozone/ozone-interface-client/1.3.0-SNAPSHOT/ozone-interface-client-1.3.0-SNAPSHOT.jar:/home/runner/.m2/repository/org/apache/ozone/hdds-test-utils/1.3.0-SNAPSHOT/hdds-test-utils-1.3.0-SNAPSHOT.jar:/home/runner/.m2/repository/com/google/guava/guava/30.1.1-jre/guava-30.1.1-jre.jar:/home/runner/.m2/repository/com/google/guava/failureaccess/1.0.1/failureaccess-1.0.1.jar:/home/runner/.m2/repository/com/google/guava/listenablefuture/9999.0-empty-to-avoid-conflict-with-guava/listenablefuture-9999.0-empty-to-avoid-conflict-with-guava.jar:/home/runner/.m2/repository/com/google/code/findbugs/jsr305/3.0.0/jsr305-3.0.0.jar:/home/runner/.m2/repository/org/checkerframework/checker-qual/3.8.0/checker-qual-3.8.0.jar:/home/runner/.m2/repository/com/google/errorprone/error_prone_annotations/2.2.0/error_prone_annotations-2.2.0.jar:/home/runner/.m2/repository/com/google/j2objc/j2objc-annotations/1.3/j2objc-annotations-1.3.jar:/home/runner/.m2/repository/commons-io/commons-io/2.11.0/commons-io-2.11.0.jar:/home/runner/.m2/repository/commons-logging/commons-logging/1.2/commons-logging-1.2.jar:/home/runner/.m2/repository/log4j/log4j/1.2.17/log4j-1.2.17.jar:/home/runner/.m2/repository/org/slf4j/slf4j-api/1.7.30/slf4j-api-1.7.30.jar:/home/runner/.m2/repository/org/apache/ozone/hdds-server-scm/1.3.0-SNAPSHOT/hdds-server-scm-1.3.0-SNAPSHOT.jar:/home/runner/.m2/repository/org/apache/ozone/hdds-container-service/1.3.0-SNAPSHOT/hdds-container-service-1.3.0-SNAPSHOT.jar:/home/runner/.m2/repository/org/apache/ozone/hdds-hadoop-dependency-server/1.3.0-SNAPSHOT/hdds-hadoop-dependency-server-1.3.0-SNAPSHOT.jar:/home/runner/.m2/repository/org/apache/hadoop/hadoop-hdfs/3.3.1/hadoop-hdfs-3.3.1.jar:/home/runner/.m2/repository/org/apache/ozone/hdds-server-framework/1.3.0-SNAPSHOT/hdds-server-framework-1.3.0-SNAPSHOT.jar:/home/runner/.m2/repository/org/apache/ozone/hdds-interface-server/1.3.0-SNAPSHOT/hdds-interface-server-1.3.0-SNAPSHOT.jar:/home/runner/.m2/repository/org/eclipse/jetty/jetty-servlet/9.4.43.v20210629/jetty-servlet-9.4.43.v20210629.jar:/home/runner/.m2/repository/org/eclipse/jetty/jetty-security/9.4.43.v20210629/jetty-security-9.4.43.v20210629.jar:/home/runner/.m2/repository/org/rocksdb/rocksdbjni/6.25.3/rocksdbjni-6.25.3.jar:/home/runner/.m2/repository/io/prometheus/simpleclient_dropwizard/0.7.0/simpleclient_dropwizard-0.7.0.jar:/home/runner/.m2/repository/io/prometheus/simpleclient/0.7.0/simpleclient-0.7.0.jar:/home/runner/.m2/repository/io/prometheus/simpleclient_common/0.7.0/simpleclient_common-0.7.0.jar:/home/runner/.m2/repository/com/fasterxml/jackson/datatype/jackson-datatype-jsr310/2.12.1/jackson-datatype-jsr310-2.12.1.jar:/home/runner/.m2/repository/io/dropwizard/metrics/metrics-core/3.2.4/metrics-core-3.2.4.jar:/home/runner/.m2/repository/org/apache/hadoop/hadoop-hdfs-client/3.3.1/hadoop-hdfs-client-3.3.1.jar:/home/runner/.m2/repository/org/bouncycastle/bcprov-jdk15on/1.67/bcprov-jdk15on-1.67.jar:/home/runner/.m2/repository/com/google/protobuf/protobuf-java/2.5.0/protobuf-java-2.5.0.jar:/home/runner/.m2/repository/org/apache/ozone/ozone-manager/1.3.0-SNAPSHOT/ozone-manager-1.3.0-SNAPSHOT.jar:/home/runner/.m2/repository/org/aspectj/aspectjrt/1.9.7/aspectjrt-1.9.7.jar:/home/runner/.m2/repository/org/aspectj/aspectjweaver/1.9.7/aspectjweaver-1.9.7.jar:/home/runner/.m2/repository/org/apache/ozone/hdds-interface-client/1.3.0-SNAPSHOT/hdds-interface-client-1.3.0-SNAPSHOT.jar:/home/runner/.m2/repository/org/apache/hadoop/thirdparty/hadoop-shaded-protobuf_3_7/1.1.1/hadoop-shaded-protobuf_3_7-1.1.1.jar:/home/runner/.m2/repository/org/apache/ozone/ozone-interface-storage/1.3.0-SNAPSHOT/ozone-interface-storage-1.3.0-SNAPSHOT.jar:/home/runner/.m2/repository/org/reflections/reflections/0.9.11/reflections-0.9.11.jar:/home/runner/.m2/repository/org/apache/hadoop/hadoop-minikdc/3.3.1/hadoop-minikdc-3.3.1.jar:/home/runner/.m2/repository/org/apache/kerby/kerb-simplekdc/1.0.1/kerb-simplekdc-1.0.1.jar:/home/runner/.m2/repository/org/apache/kerby/kerb-client/1.0.1/kerb-client-1.0.1.jar:/home/runner/.m2/repository/org/apache/kerby/kerby-config/1.0.1/kerby-config-1.0.1.jar:/home/runner/.m2/repository/org/apache/kerby/kerb-common/1.0.1/kerb-common-1.0.1.jar:/home/runner/.m2/repository/org/apache/kerby/kerb-crypto/1.0.1/kerb-crypto-1.0.1.jar:/home/runner/.m2/repository/org/apache/kerby/kerb-util/1.0.1/kerb-util-1.0.1.jar:/home/runner/.m2/repository/org/apache/kerby/token-provider/1.0.1/token-provider-1.0.1.jar:/home/runner/.m2/repository/org/apache/kerby/kerb-admin/1.0.1/kerb-admin-1.0.1.jar:/home/runner/.m2/repository/org/apache/kerby/kerb-server/1.0.1/kerb-server-1.0.1.jar:/home/runner/.m2/repository/org/apache/kerby/kerb-identity/1.0.1/kerb-identity-1.0.1.jar:/home/runner/.m2/repository/org/apache/kerby/kerby-xdr/1.0.1/kerby-xdr-1.0.1.jar:/home/runner/.m2/repository/org/slf4j/slf4j-log4j12/1.7.30/slf4j-log4j12-1.7.30.jar:/home/runner/.m2/repository/org/apache/ozone/ozone-s3gateway/1.3.0-SNAPSHOT/ozone-s3gateway-1.3.0-SNAPSHOT.jar:/home/runner/.m2/repository/org/javassist/javassist/3.21.0-GA/javassist-3.21.0-GA.jar:/home/runner/.m2/repository/org/jboss/weld/servlet/weld-servlet/2.4.7.Final/weld-servlet-2.4.7.Final.jar:/home/runner/.m2/repository/org/glassfish/jersey/containers/jersey-container-servlet-core/2.33/jersey-container-servlet-core-2.33.jar:/home/runner/.m2/repository/org/glassfish/hk2/external/jakarta.inject/2.6.1/jakarta.inject-2.6.1.jar:/home/runner/.m2/repository/org/glassfish/jersey/core/jersey-common/2.33/jersey-common-2.33.jar:/home/runner/.m2/repository/jakarta/ws/rs/jakarta.ws.rs-api/2.1.6/jakarta.ws.rs-api-2.1.6.jar:/home/runner/.m2/repository/org/glassfish/jersey/ext/cdi/jersey-cdi1x/2.33/jersey-cdi1x-2.33.jar:/home/runner/.m2/repository/org/glassfish/jersey/inject/jersey-hk2/2.33/jersey-hk2-2.33.jar:/home/runner/.m2/repository/org/glassfish/hk2/hk2-locator/2.6.1/hk2-locator-2.6.1.jar:/home/runner/.m2/repository/org/glassfish/jersey/media/jersey-media-jaxb/2.33/jersey-media-jaxb-2.33.jar:/home/runner/.m2/repository/org/glassfish/hk2/osgi-resource-locator/1.0.3/osgi-resource-locator-1.0.3.jar:/home/runner/.m2/repository/org/glassfish/hk2/hk2-api/2.5.0/hk2-api-2.5.0.jar:/home/runner/.m2/repository/org/glassfish/hk2/hk2-utils/2.5.0/hk2-utils-2.5.0.jar:/home/runner/.m2/repository/org/glassfish/hk2/external/aopalliance-repackaged/2.5.0/aopalliance-repackaged-2.5.0.jar:/home/runner/.m2/repository/com/fasterxml/jackson/dataformat/jackson-dataformat-xml/2.12.1/jackson-dataformat-xml-2.12.1.jar:/home/runner/.m2/repository/com/fasterxml/jackson/core/jackson-core/2.12.1/jackson-core-2.12.1.jar:/home/runner/.m2/repository/com/fasterxml/jackson/module/jackson-module-jaxb-annotations/2.12.1/jackson-module-jaxb-annotations-2.12.1.jar:/home/runner/.m2/repository/jakarta/xml/bind/jakarta.xml.bind-api/2.3.2/jakarta.xml.bind-api-2.3.2.jar:/home/runner/.m2/repository/org/codehaus/woodstox/stax2-api/3.1.4/stax2-api-3.1.4.jar:/home/runner/.m2/repository/com/fasterxml/woodstox/woodstox-core/5.0.3/woodstox-core-5.0.3.jar:/home/runner/.m2/repository/javax/enterprise/cdi-api/1.2/cdi-api-1.2.jar:/home/runner/.m2/repository/javax/el/javax.el-api/3.0.0/javax.el-api-3.0.0.jar:/home/runner/.m2/repository/javax/interceptor/javax.interceptor-api/1.2/javax.interceptor-api-1.2.jar:/home/runner/.m2/repository/javax/inject/javax.inject/1/javax.inject-1.jar:/home/runner/.m2/repository/javax/xml/bind/jaxb-api/2.3.0/jaxb-api-2.3.0.jar:/home/runner/.m2/repository/org/glassfish/jaxb/jaxb-runtime/2.3.0.1/jaxb-runtime-2.3.0.1.jar:/home/runner/.m2/repository/org/glassfish/jaxb/jaxb-core/2.3.0.1/jaxb-core-2.3.0.1.jar:/home/runner/.m2/repository/org/glassfish/jaxb/txw2/2.3.0.1/txw2-2.3.0.1.jar:/home/runner/.m2/repository/com/sun/istack/istack-commons-runtime/3.0.5/istack-commons-runtime-3.0.5.jar:/home/runner/.m2/repository/org/jvnet/staxex/stax-ex/1.7.8/stax-ex-1.7.8.jar:/home/runner/.m2/repository/com/sun/xml/fastinfoset/FastInfoset/1.2.13/FastInfoset-1.2.13.jar:/home/runner/.m2/repository/javax/activation/activation/1.1.1/activation-1.1.1.jar:/home/runner/.m2/repository/org/apache/ozone/ozone-csi/1.3.0-SNAPSHOT/ozone-csi-1.3.0-SNAPSHOT.jar:/home/runner/.m2/repository/com/google/protobuf/protobuf-java-util/3.12.0/protobuf-java-util-3.12.0.jar:/home/runner/.m2/repository/com/google/code/gson/gson/2.2.4/gson-2.2.4.jar:/home/runner/.m2/repository/org/apache/ozone/hdds-config/1.3.0-SNAPSHOT/hdds-config-1.3.0-SNAPSHOT.jar:/home/runner/.m2/repository/io/grpc/grpc-netty/1.33.0/grpc-netty-1.33.0.jar:/home/runner/.m2/repository/io/grpc/grpc-core/1.33.0/grpc-core-1.33.0.jar:/home/runner/.m2/repository/com/google/android/annotations/4.1.1.4/annotations-4.1.1.4.jar:/home/runner/.m2/repository/io/netty/netty-codec-http2/4.1.63.Final/netty-codec-http2-4.1.63.Final.jar:/home/runner/.m2/repository/io/netty/netty-codec-http/4.1.63.Final/netty-codec-http-4.1.63.Final.jar:/home/runner/.m2/repository/io/netty/netty-handler-proxy/4.1.63.Final/netty-handler-proxy-4.1.63.Final.jar:/home/runner/.m2/repository/io/netty/netty-codec-socks/4.1.63.Final/netty-codec-socks-4.1.63.Final.jar:/home/runner/.m2/repository/io/perfmark/perfmark-api/0.19.0/perfmark-api-0.19.0.jar:/home/runner/.m2/repository/org/codehaus/mojo/animal-sniffer-annotations/1.18/animal-sniffer-annotations-1.18.jar:/home/runner/.m2/repository/io/netty/netty-transport-native-epoll/4.1.63.Final/netty-transport-native-epoll-4.1.63.Final.jar:/home/runner/.m2/repository/io/netty/netty-common/4.1.63.Final/netty-common-4.1.63.Final.jar:/home/runner/.m2/repository/io/netty/netty-buffer/4.1.63.Final/netty-buffer-4.1.63.Final.jar:/home/runner/.m2/repository/io/netty/netty-transport-native-unix-common/4.1.63.Final/netty-transport-native-unix-common-4.1.63.Final.jar:/home/runner/.m2/repository/io/grpc/grpc-protobuf/1.33.0/grpc-protobuf-1.33.0.jar:/home/runner/.m2/repository/io/grpc/grpc-api/1.33.0/grpc-api-1.33.0.jar:/home/runner/.m2/repository/io/grpc/grpc-context/1.33.0/grpc-context-1.33.0.jar:/home/runner/.m2/repository/com/google/api/grpc/proto-google-common-protos/1.17.0/proto-google-common-protos-1.17.0.jar:/home/runner/.m2/repository/io/grpc/grpc-protobuf-lite/1.33.0/grpc-protobuf-lite-1.33.0.jar:/home/runner/.m2/repository/io/grpc/grpc-stub/1.33.0/grpc-stub-1.33.0.jar:/home/runner/.m2/repository/org/apache/ozone/ozone-recon/1.3.0-SNAPSHOT/ozone-recon-1.3.0-SNAPSHOT.jar:/home/runner/.m2/repository/org/apache/ozone/ozone-reconcodegen/1.3.0-SNAPSHOT/ozone-reconcodegen-1.3.0-SNAPSHOT.jar:/home/runner/.m2/repository/com/google/inject/extensions/guice-multibindings/4.0/guice-multibindings-4.0.jar:/home/runner/.m2/repository/com/google/inject/guice/4.0/guice-4.0.jar:/home/runner/.m2/repository/aopalliance/aopalliance/1.0/aopalliance-1.0.jar:/home/runner/.m2/repository/com/google/inject/extensions/guice-assistedinject/4.0/guice-assistedinject-4.0.jar:/home/runner/.m2/repository/com/google/inject/extensions/guice-servlet/4.0/guice-servlet-4.0.jar:/home/runner/.m2/repository/org/glassfish/jersey/containers/jersey-container-servlet/2.33/jersey-container-servlet-2.33.jar:/home/runner/.m2/repository/org/glassfish/hk2/guice-bridge/2.5.0/guice-bridge-2.5.0.jar:/home/runner/.m2/repository/org/glassfish/jersey/core/jersey-server/2.33/jersey-server-2.33.jar:/home/runner/.m2/repository/org/glassfish/jersey/core/jersey-client/2.33/jersey-client-2.33.jar:/home/runner/.m2/repository/jakarta/annotation/jakarta.annotation-api/1.3.5/jakarta.annotation-api-1.3.5.jar:/home/runner/.m2/repository/jakarta/validation/jakarta.validation-api/2.0.2/jakarta.validation-api-2.0.2.jar:/home/runner/.m2/repository/org/glassfish/jersey/media/jersey-media-json-jackson/2.33/jersey-media-json-jackson-2.33.jar:/home/runner/.m2/repository/org/glassfish/jersey/ext/jersey-entity-filtering/2.33/jersey-entity-filtering-2.33.jar:/home/runner/.m2/repository/org/jooq/jooq/3.11.10/jooq-3.11.10.jar:/home/runner/.m2/repository/org/jooq/jooq-meta/3.11.10/jooq-meta-3.11.10.jar:/home/runner/.m2/repository/org/jooq/jooq-codegen/3.11.10/jooq-codegen-3.11.10.jar:/home/runner/.m2/repository/com/jolbox/bonecp/0.8.0.RELEASE/bonecp-0.8.0.RELEASE.jar:/home/runner/.m2/repository/org/apache/derby/derby/10.14.2.0/derby-10.14.2.0.jar:/home/runner/.m2/repository/org/xerial/sqlite-jdbc/3.25.2/sqlite-jdbc-3.25.2.jar:/home/runner/.m2/repository/org/springframework/spring-jdbc/5.2.18.RELEASE/spring-jdbc-5.2.18.RELEASE.jar:/home/runner/.m2/repository/org/springframework/spring-beans/5.2.18.RELEASE/spring-beans-5.2.18.RELEASE.jar:/home/runner/.m2/repository/org/springframework/spring-core/5.2.18.RELEASE/spring-core-5.2.18.RELEASE.jar:/home/runner/.m2/repository/org/springframework/spring-jcl/5.2.18.RELEASE/spring-jcl-5.2.18.RELEASE.jar:/home/runner/.m2/repository/org/springframework/spring-tx/5.2.18.RELEASE/spring-tx-5.2.18.RELEASE.jar:/home/runner/.m2/repository/org/apache/ozone/ozone-client/1.3.0-SNAPSHOT/ozone-client-1.3.0-SNAPSHOT.jar:/home/runner/.m2/repository/org/apache/ozone/ozone-filesystem/1.3.0-SNAPSHOT/ozone-filesystem-1.3.0-SNAPSHOT.jar:/home/runner/.m2/repository/org/apache/ozone/ozone-filesystem-common/1.3.0-SNAPSHOT/ozone-filesystem-common-1.3.0-SNAPSHOT.jar:/home/runner/.m2/repository/org/apache/ozone/ozone-tools/1.3.0-SNAPSHOT/ozone-tools-1.3.0-SNAPSHOT.jar:/home/runner/.m2/repository/org/apache/ratis/ratis-tools/2.2.0/ratis-tools-2.2.0.jar:/home/runner/.m2/repository/com/amazonaws/aws-java-sdk-core/1.12.124/aws-java-sdk-core-1.12.124.jar:/home/runner/.m2/repository/org/apache/httpcomponents/httpclient/4.5.13/httpclient-4.5.13.jar:/home/runner/.m2/repository/org/apache/httpcomponents/httpcore/4.4.13/httpcore-4.4.13.jar:/home/runner/.m2/repository/software/amazon/ion/ion-java/1.0.2/ion-java-1.0.2.jar:/home/runner/.m2/repository/com/fasterxml/jackson/dataformat/jackson-dataformat-cbor/2.12.1/jackson-dataformat-cbor-2.12.1.jar:/home/runner/.m2/repository/joda-time/joda-time/2.8.1/joda-time-2.8.1.jar:/home/runner/.m2/repository/com/amazonaws/aws-java-sdk-s3/1.12.124/aws-java-sdk-s3-1.12.124.jar:/home/runner/.m2/repository/com/amazonaws/aws-java-sdk-kms/1.12.124/aws-java-sdk-kms-1.12.124.jar:/home/runner/.m2/repository/com/amazonaws/jmespath-java/1.12.124/jmespath-java-1.12.124.jar:/home/runner/.m2/repository/org/kohsuke/metainf-services/metainf-services/1.8/metainf-services-1.8.jar:/home/runner/.m2/repository/org/apache/ozone/hdds-tools/1.3.0-SNAPSHOT/hdds-tools-1.3.0-SNAPSHOT.jar:/home/runner/.m2/repository/commons-cli/commons-cli/1.2/commons-cli-1.2.jar:/home/runner/.m2/repository/org/apache/commons/commons-lang3/3.7/commons-lang3-3.7.jar:/home/runner/.m2/repository/org/apache/ozone/ozone-manager/1.3.0-SNAPSHOT/ozone-manager-1.3.0-SNAPSHOT-tests.jar:/home/runner/.m2/repository/org/apache/ozone/hdds-common/1.3.0-SNAPSHOT/hdds-common-1.3.0-SNAPSHOT-tests.jar:/home/runner/.m2/repository/org/apache/ozone/hdds-hadoop-dependency-client/1.3.0-SNAPSHOT/hdds-hadoop-dependency-client-1.3.0-SNAPSHOT.jar:/home/runner/.m2/repository/info/picocli/picocli/4.6.1/picocli-4.6.1.jar:/home/runner/.m2/repository/com/fasterxml/jackson/core/jackson-annotations/2.12.1/jackson-annotations-2.12.1.jar:/home/runner/.m2/repository/javax/annotation/javax.annotation-api/1.2/javax.annotation-api-1.2.jar:/home/runner/.m2/repository/org/apache/ratis/ratis-server/2.2.0/ratis-server-2.2.0.jar:/home/runner/.m2/repository/org/apache/ratis/ratis-client/2.2.0/ratis-client-2.2.0.jar:/home/runner/.m2/repository/org/apache/ratis/ratis-server-api/2.2.0/ratis-server-api-2.2.0.jar:/home/runner/.m2/repository/org/apache/ratis/ratis-metrics/2.2.0/ratis-metrics-2.2.0.jar:/home/runner/.m2/repository/org/apache/ratis/ratis-netty/2.2.0/ratis-netty-2.2.0.jar:/home/runner/.m2/repository/org/apache/ratis/ratis-grpc/2.2.0/ratis-grpc-2.2.0.jar:/home/runner/.m2/repository/org/apache/logging/log4j/log4j-api/2.17.1/log4j-api-2.17.1.jar:/home/runner/.m2/repository/org/apache/logging/log4j/log4j-core/2.17.1/log4j-core-2.17.1.jar:/home/runner/.m2/repository/com/lmax/disruptor/3.4.2/disruptor-3.4.2.jar:/home/runner/.m2/repository/org/apache/commons/commons-pool2/2.6.0/commons-pool2-2.6.0.jar:/home/runner/.m2/repository/org/bouncycastle/bcpkix-jdk15on/1.67/bcpkix-jdk15on-1.67.jar:/home/runner/.m2/repository/commons-validator/commons-validator/1.6/commons-validator-1.6.jar:/home/runner/.m2/repository/commons-beanutils/commons-beanutils/1.9.4/commons-beanutils-1.9.4.jar:/home/runner/.m2/repository/commons-digester/commons-digester/1.8.1/commons-digester-1.8.1.jar:/home/runner/.m2/repository/commons-collections/commons-collections/3.2.2/commons-collections-3.2.2.jar:/home/runner/.m2/repository/io/jaegertracing/jaeger-client/1.6.0/jaeger-client-1.6.0.jar:/home/runner/.m2/repository/io/jaegertracing/jaeger-thrift/1.6.0/jaeger-thrift-1.6.0.jar:/home/runner/.m2/repository/org/apache/thrift/libthrift/0.14.1/libthrift-0.14.1.jar:/home/runner/.m2/repository/com/squareup/okhttp3/okhttp/4.9.0/okhttp-4.9.0.jar:/home/runner/.m2/repository/com/squareup/okio/okio/2.8.0/okio-2.8.0.jar:/home/runner/.m2/repository/io/jaegertracing/jaeger-core/1.6.0/jaeger-core-1.6.0.jar:/home/runner/.m2/repository/io/jaegertracing/jaeger-tracerresolver/1.6.0/jaeger-tracerresolver-1.6.0.jar:/home/runner/.m2/repository/io/opentracing/contrib/opentracing-tracerresolver/0.1.8/opentracing-tracerresolver-0.1.8.jar:/home/runner/.m2/repository/org/jetbrains/kotlin/kotlin-stdlib/1.4.31/kotlin-stdlib-1.4.31.jar:/home/runner/.m2/repository/org/jetbrains/kotlin/kotlin-stdlib-common/1.4.31/kotlin-stdlib-common-1.4.31.jar:/home/runner/.m2/repository/org/jetbrains/annotations/13.0/annotations-13.0.jar:/home/runner/.m2/repository/io/opentracing/opentracing-util/0.33.0/opentracing-util-0.33.0.jar:/home/runner/.m2/repository/io/opentracing/opentracing-api/0.33.0/opentracing-api-0.33.0.jar:/home/runner/.m2/repository/io/opentracing/opentracing-noop/0.33.0/opentracing-noop-0.33.0.jar:/home/runner/.m2/repository/org/yaml/snakeyaml/1.26/snakeyaml-1.26.jar:/home/runner/.m2/repository/org/apache/ozone/hdds-interface-admin/1.3.0-SNAPSHOT/hdds-interface-admin-1.3.0-SNAPSHOT.jar:/home/runner/.m2/repository/junit/junit/4.13.1/junit-4.13.1.jar:/home/runner/.m2/repository/org/hamcrest/hamcrest-core/1.3/hamcrest-core-1.3.jar:/home/runner/.m2/repository/org/junit/jupiter/junit-jupiter-api/5.7.0/junit-jupiter-api-5.7.0.jar:/home/runner/.m2/repository/org/apiguardian/apiguardian-api/1.1.0/apiguardian-api-1.1.0.jar:/home/runner/.m2/repository/org/opentest4j/opentest4j/1.2.0/opentest4j-1.2.0.jar:/home/runner/.m2/repository/org/junit/platform/junit-platform-commons/1.7.0/junit-platform-commons-1.7.0.jar:/home/runner/.m2/repository/org/junit/jupiter/junit-jupiter-engine/5.7.0/junit-jupiter-engine-5.7.0.jar:/home/runner/.m2/repository/org/junit/platform/junit-platform-engine/1.7.0/junit-platform-engine-1.7.0.jar:/home/runner/.m2/repository/org/junit/vintage/junit-vintage-engine/5.7.0/junit-vintage-engine-5.7.0.jar:/home/runner/.m2/repository/org/junit/platform/junit-platform-launcher/1.7.0/junit-platform-launcher-1.7.0.jar:/home/runner/.m2/repository/org/mockito/mockito-core/2.28.2/mockito-core-2.28.2.jar:/home/runner/.m2/repository/net/bytebuddy/byte-buddy/1.9.10/byte-buddy-1.9.10.jar:/home/runner/.m2/repository/net/bytebuddy/byte-buddy-agent/1.9.10/byte-buddy-agent-1.9.10.jar:/home/runner/.m2/repository/org/objenesis/objenesis/1.0/objenesis-1.0.jar:/home/runner/.m2/repository/org/apache/hadoop/hadoop-kms/3.3.1/hadoop-kms-3.3.1.jar:/home/runner/.m2/repository/org/apache/hadoop/hadoop-auth/3.3.1/hadoop-auth-3.3.1.jar:/home/runner/.m2/repository/com/nimbusds/nimbus-jose-jwt/7.9/nimbus-jose-jwt-7.9.jar:/home/runner/.m2/repository/com/github/stephenc/jcip/jcip-annotations/1.0-1/jcip-annotations-1.0-1.jar:/home/runner/.m2/repository/net/minidev/json-smart/2.4.7/json-smart-2.4.7.jar:/home/runner/.m2/repository/net/minidev/accessors-smart/2.4.7/accessors-smart-2.4.7.jar:/home/runner/.m2/repository/org/ow2/asm/asm/5.0.4/asm-5.0.4.jar:/home/runner/.m2/repository/org/apache/zookeeper/zookeeper/3.5.6/zookeeper-3.5.6.jar:/home/runner/.m2/repository/org/apache/zookeeper/zookeeper-jute/3.5.6/zookeeper-jute-3.5.6.jar:/home/runner/.m2/repository/org/apache/yetus/audience-annotations/0.5.0/audience-annotations-0.5.0.jar:/home/runner/.m2/repository/org/apache/curator/curator-framework/4.2.0/curator-framework-4.2.0.jar:/home/runner/.m2/repository/org/apache/hadoop/thirdparty/hadoop-shaded-guava/1.1.1/hadoop-shaded-guava-1.1.1.jar:/home/runner/.m2/repository/com/sun/jersey/jersey-core/1.19/jersey-core-1.19.jar:/home/runner/.m2/repository/javax/ws/rs/jsr311-api/1.1.1/jsr311-api-1.1.1.jar:/home/runner/.m2/repository/com/sun/jersey/jersey-server/1.19/jersey-server-1.19.jar:/home/runner/.m2/repository/javax/servlet/javax.servlet-api/3.1.0/javax.servlet-api-3.1.0.jar:/home/runner/.m2/repository/org/eclipse/jetty/jetty-server/9.4.43.v20210629/jetty-server-9.4.43.v20210629.jar:/home/runner/.m2/repository/org/eclipse/jetty/jetty-http/9.4.43.v20210629/jetty-http-9.4.43.v20210629.jar:/home/runner/.m2/repository/org/eclipse/jetty/jetty-io/9.4.43.v20210629/jetty-io-9.4.43.v20210629.jar:/home/runner/.m2/repository/org/eclipse/jetty/jetty-webapp/9.4.43.v20210629/jetty-webapp-9.4.43.v20210629.jar:/home/runner/.m2/repository/org/eclipse/jetty/jetty-xml/9.4.43.v20210629/jetty-xml-9.4.43.v20210629.jar:/home/runner/.m2/repository/org/apache/hadoop/hadoop-common/3.3.1/hadoop-common-3.3.1.jar:/home/runner/.m2/repository/org/apache/commons/commons-math3/3.1.1/commons-math3-3.1.1.jar:/home/runner/.m2/repository/commons-net/commons-net/3.6/commons-net-3.6.jar:/home/runner/.m2/repository/jakarta/activation/jakarta.activation-api/1.2.1/jakarta.activation-api-1.2.1.jar:/home/runner/.m2/repository/com/sun/jersey/jersey-servlet/1.19/jersey-servlet-1.19.jar:/home/runner/.m2/repository/com/sun/jersey/jersey-json/1.19/jersey-json-1.19.jar:/home/runner/.m2/repository/org/codehaus/jettison/jettison/1.1/jettison-1.1.jar:/home/runner/.m2/repository/com/sun/xml/bind/jaxb-impl/2.2.3-1/jaxb-impl-2.2.3-1.jar:/home/runner/.m2/repository/org/codehaus/jackson/jackson-jaxrs/1.9.2/jackson-jaxrs-1.9.2.jar:/home/runner/.m2/repository/org/codehaus/jackson/jackson-xc/1.9.2/jackson-xc-1.9.2.jar:/home/runner/.m2/repository/org/apache/commons/commons-configuration2/2.1.1/commons-configuration2-2.1.1.jar:/home/runner/.m2/repository/org/apache/commons/commons-text/1.4/commons-text-1.4.jar:/home/runner/.m2/repository/com/google/re2j/re2j/1.1/re2j-1.1.jar:/home/runner/.m2/repository/com/jcraft/jsch/0.1.54/jsch-0.1.54.jar:/home/runner/.m2/repository/org/apache/curator/curator-client/4.2.0/curator-client-4.2.0.jar:/home/runner/.m2/repository/org/apache/curator/curator-recipes/4.2.0/curator-recipes-4.2.0.jar:/home/runner/.m2/repository/org/apache/kerby/kerb-core/1.0.1/kerb-core-1.0.1.jar:/home/runner/.m2/repository/org/apache/kerby/kerby-pkix/1.0.1/kerby-pkix-1.0.1.jar:/home/runner/.m2/repository/org/apache/kerby/kerby-asn1/1.0.1/kerby-asn1-1.0.1.jar:/home/runner/.m2/repository/org/apache/kerby/kerby-util/1.0.1/kerby-util-1.0.1.jar:/home/runner/.m2/repository/dnsjava/dnsjava/2.1.7/dnsjava-2.1.7.jar:/home/runner/.m2/repository/org/xerial/snappy/snappy-java/1.1.8.2/snappy-java-1.1.8.2.jar:/home/runner/.m2/repository/org/slf4j/jul-to-slf4j/1.7.30/jul-to-slf4j-1.7.30.jar:/home/runner/.m2/repository/org/eclipse/jetty/jetty-util/9.4.43.v20210629/jetty-util-9.4.43.v20210629.jar:/home/runner/.m2/repository/com/fasterxml/jackson/core/jackson-databind/2.12.1/jackson-databind-2.12.1.jar:/home/runner/.m2/repository/org/apache/hadoop/hadoop-kms/3.3.1/hadoop-kms-3.3.1-tests.jar:/home/runner/.m2/repository/org/apache/ozone/hdds-server-scm/1.3.0-SNAPSHOT/hdds-server-scm-1.3.0-SNAPSHOT-tests.jar:/home/runner/.m2/repository/org/apache/ozone/hdds-container-service/1.3.0-SNAPSHOT/hdds-container-service-1.3.0-SNAPSHOT-tests.jar:/home/runner/.m2/repository/commons-codec/commons-codec/1.11/commons-codec-1.11.jar:/home/runner/.m2/repository/io/netty/netty-transport/4.1.63.Final/netty-transport-4.1.63.Final.jar:/home/runner/.m2/repository/io/netty/netty-resolver/4.1.63.Final/netty-resolver-4.1.63.Final.jar:/home/runner/.m2/repository/io/netty/netty-codec/4.1.63.Final/netty-codec-4.1.63.Final.jar:/home/runner/.m2/repository/io/netty/netty-handler/4.1.63.Final/netty-handler-4.1.63.Final.jar:/home/runner/.m2/repository/org/apache/ozone/hdds-hadoop-dependency-test/1.3.0-SNAPSHOT/hdds-hadoop-dependency-test-1.3.0-SNAPSHOT.jar:/home/runner/.m2/repository/org/apache/hadoop/hadoop-common/3.3.1/hadoop-common-3.3.1-tests.jar:/home/runner/.m2/repository/org/assertj/assertj-core/3.12.2/assertj-core-3.12.2.jar:/home/runner/.m2/repository/org/apache/hadoop/hadoop-hdfs/3.3.1/hadoop-hdfs-3.3.1-tests.jar:/home/runner/.m2/repository/org/eclipse/jetty/jetty-util-ajax/9.4.43.v20210629/jetty-util-ajax-9.4.43.v20210629.jar:/home/runner/.m2/repository/commons-daemon/commons-daemon/1.0.13/commons-daemon-1.0.13.jar:/home/runner/.m2/repository/io/netty/netty/3.10.6.Final/netty-3.10.6.Final.jar:/home/runner/.m2/repository/io/netty/netty-all/4.1.63.Final/netty-all-4.1.63.Final.jar:/home/runner/.m2/repository/org/apache/htrace/htrace-core4/4.1.0-incubating/htrace-core4-4.1.0-incubating.jar:/home/runner/.m2/repository/org/fusesource/leveldbjni/leveldbjni-all/1.8/leveldbjni-all-1.8.jar:/home/runner/.m2/repository/org/apache/hadoop/hadoop-distcp/3.3.1/hadoop-distcp-3.3.1.jar:/home/runner/.m2/repository/org/apache/hadoop/hadoop-mapreduce-client-jobclient/3.3.1/hadoop-mapreduce-client-jobclient-3.3.1.jar:/home/runner/.m2/repository/org/apache/hadoop/hadoop-mapreduce-client-common/3.3.1/hadoop-mapreduce-client-common-3.3.1.jar:/home/runner/.m2/repository/org/apache/hadoop/hadoop-yarn-common/3.3.1/hadoop-yarn-common-3.3.1.jar:/home/runner/.m2/repository/org/apache/hadoop/hadoop-yarn-api/3.3.1/hadoop-yarn-api-3.3.1.jar:/home/runner/.m2/repository/com/sun/jersey/jersey-client/1.19/jersey-client-1.19.jar:/home/runner/.m2/repository/com/sun/jersey/contribs/jersey-guice/1.19/jersey-guice-1.19.jar:/home/runner/.m2/repository/com/fasterxml/jackson/jaxrs/jackson-jaxrs-json-provider/2.12.1/jackson-jaxrs-json-provider-2.12.1.jar:/home/runner/.m2/repository/com/fasterxml/jackson/jaxrs/jackson-jaxrs-base/2.12.1/jackson-jaxrs-base-2.12.1.jar:/home/runner/.m2/repository/org/apache/hadoop/hadoop-yarn-client/3.3.1/hadoop-yarn-client-3.3.1.jar:/home/runner/.m2/repository/org/eclipse/jetty/websocket/websocket-client/9.4.40.v20210413/websocket-client-9.4.40.v20210413.jar:/home/runner/.m2/repository/org/eclipse/jetty/jetty-client/9.4.40.v20210413/jetty-client-9.4.40.v20210413.jar:/home/runner/.m2/repository/org/eclipse/jetty/websocket/websocket-common/9.4.40.v20210413/websocket-common-9.4.40.v20210413.jar:/home/runner/.m2/repository/org/eclipse/jetty/websocket/websocket-api/9.4.40.v20210413/websocket-api-9.4.40.v20210413.jar:/home/runner/.m2/repository/org/jline/jline/3.9.0/jline-3.9.0.jar:/home/runner/.m2/repository/org/apache/hadoop/hadoop-mapreduce-client-core/3.3.1/hadoop-mapreduce-client-core-3.3.1.jar:/home/runner/.m2/repository/org/apache/avro/avro/1.7.7/avro-1.7.7.jar:/home/runner/.m2/repository/org/codehaus/jackson/jackson-core-asl/1.9.13/jackson-core-asl-1.9.13.jar:/home/runner/.m2/repository/org/codehaus/jackson/jackson-mapper-asl/1.9.13/jackson-mapper-asl-1.9.13.jar:/home/runner/.m2/repository/com/thoughtworks/paranamer/paranamer/2.3/paranamer-2.3.jar:/home/runner/.m2/repository/org/apache/hadoop/hadoop-annotations/3.3.1/hadoop-annotations-3.3.1.jar:/usr/lib/jvm/temurin-8-jdk-amd64/jre/../lib/tools.jar:/home/runner/.m2/repository/org/apache/hadoop/hadoop-distcp/3.3.1/hadoop-distcp-3.3.1-tests.jar:/home/runner/.m2/repository/org/apache/ratis/ratis-common/2.2.0/ratis-common-2.2.0.jar:/home/runner/.m2/repository/org/apache/ratis/ratis-thirdparty-misc/0.7.0/ratis-thirdparty-misc-0.7.0.jar:/home/runner/.m2/repository/org/apache/ratis/ratis-proto/2.2.0/ratis-proto-2.2.0.jar:"/>
    <property name="java.vm.vendor" value="Temurin"/>
    <property name="sun.arch.data.model" value="64"/>
    <property name="test.build.dir" value="/home/runner/work/ozone/ozone/hadoop-ozone/integration-test/target/test-dir"/>
    <property name="test.cache.data" value=""/>
    <property name="java.vendor.url" value="https://adoptium.net/"/>
    <property name="user.timezone" value=""/>
    <property name="java.vm.specification.version" value="1.8"/>
    <property name="os.name" value="Linux"/>
    <property name="test.build.data" value="/home/runner/work/ozone/ozone/hadoop-ozone/integration-test/target/test-dir"/>
    <property name="sun.java.launcher" value="SUN_STANDARD"/>
    <property name="sun.boot.library.path" value="/usr/lib/jvm/temurin-8-jdk-amd64/jre/lib/amd64"/>
    <property name="sun.java.command" value="/home/runner/work/ozone/ozone/hadoop-ozone/integration-test/target/surefire/surefirebooter7428755370291947469.jar /home/runner/work/ozone/ozone/hadoop-ozone/integration-test/target/surefire 2022-03-03T13-18-24_214-jvmRun1 surefire2790436391130354020tmp surefire_903091273649476459313tmp"/>
    <property name="surefire.test.class.path" value="/home/runner/work/ozone/ozone/hadoop-ozone/integration-test/target/test-classes:/home/runner/work/ozone/ozone/hadoop-ozone/integration-test/target/classes:/home/runner/.m2/repository/org/apache/ozone/ozone-common/1.3.0-SNAPSHOT/ozone-common-1.3.0-SNAPSHOT.jar:/home/runner/.m2/repository/org/apache/commons/commons-compress/1.21/commons-compress-1.21.jar:/home/runner/.m2/repository/org/apache/ozone/hdds-common/1.3.0-SNAPSHOT/hdds-common-1.3.0-SNAPSHOT.jar:/home/runner/.m2/repository/org/apache/ozone/hdds-client/1.3.0-SNAPSHOT/hdds-client-1.3.0-SNAPSHOT.jar:/home/runner/.m2/repository/org/apache/ozone/ozone-interface-client/1.3.0-SNAPSHOT/ozone-interface-client-1.3.0-SNAPSHOT.jar:/home/runner/.m2/repository/org/apache/ozone/hdds-test-utils/1.3.0-SNAPSHOT/hdds-test-utils-1.3.0-SNAPSHOT.jar:/home/runner/.m2/repository/com/google/guava/guava/30.1.1-jre/guava-30.1.1-jre.jar:/home/runner/.m2/repository/com/google/guava/failureaccess/1.0.1/failureaccess-1.0.1.jar:/home/runner/.m2/repository/com/google/guava/listenablefuture/9999.0-empty-to-avoid-conflict-with-guava/listenablefuture-9999.0-empty-to-avoid-conflict-with-guava.jar:/home/runner/.m2/repository/com/google/code/findbugs/jsr305/3.0.0/jsr305-3.0.0.jar:/home/runner/.m2/repository/org/checkerframework/checker-qual/3.8.0/checker-qual-3.8.0.jar:/home/runner/.m2/repository/com/google/errorprone/error_prone_annotations/2.2.0/error_prone_annotations-2.2.0.jar:/home/runner/.m2/repository/com/google/j2objc/j2objc-annotations/1.3/j2objc-annotations-1.3.jar:/home/runner/.m2/repository/commons-io/commons-io/2.11.0/commons-io-2.11.0.jar:/home/runner/.m2/repository/commons-logging/commons-logging/1.2/commons-logging-1.2.jar:/home/runner/.m2/repository/log4j/log4j/1.2.17/log4j-1.2.17.jar:/home/runner/.m2/repository/org/slf4j/slf4j-api/1.7.30/slf4j-api-1.7.30.jar:/home/runner/.m2/repository/org/apache/ozone/hdds-server-scm/1.3.0-SNAPSHOT/hdds-server-scm-1.3.0-SNAPSHOT.jar:/home/runner/.m2/repository/org/apache/ozone/hdds-container-service/1.3.0-SNAPSHOT/hdds-container-service-1.3.0-SNAPSHOT.jar:/home/runner/.m2/repository/org/apache/ozone/hdds-hadoop-dependency-server/1.3.0-SNAPSHOT/hdds-hadoop-dependency-server-1.3.0-SNAPSHOT.jar:/home/runner/.m2/repository/org/apache/hadoop/hadoop-hdfs/3.3.1/hadoop-hdfs-3.3.1.jar:/home/runner/.m2/repository/org/apache/ozone/hdds-server-framework/1.3.0-SNAPSHOT/hdds-server-framework-1.3.0-SNAPSHOT.jar:/home/runner/.m2/repository/org/apache/ozone/hdds-interface-server/1.3.0-SNAPSHOT/hdds-interface-server-1.3.0-SNAPSHOT.jar:/home/runner/.m2/repository/org/eclipse/jetty/jetty-servlet/9.4.43.v20210629/jetty-servlet-9.4.43.v20210629.jar:/home/runner/.m2/repository/org/eclipse/jetty/jetty-security/9.4.43.v20210629/jetty-security-9.4.43.v20210629.jar:/home/runner/.m2/repository/org/rocksdb/rocksdbjni/6.25.3/rocksdbjni-6.25.3.jar:/home/runner/.m2/repository/io/prometheus/simpleclient_dropwizard/0.7.0/simpleclient_dropwizard-0.7.0.jar:/home/runner/.m2/repository/io/prometheus/simpleclient/0.7.0/simpleclient-0.7.0.jar:/home/runner/.m2/repository/io/prometheus/simpleclient_common/0.7.0/simpleclient_common-0.7.0.jar:/home/runner/.m2/repository/com/fasterxml/jackson/datatype/jackson-datatype-jsr310/2.12.1/jackson-datatype-jsr310-2.12.1.jar:/home/runner/.m2/repository/io/dropwizard/metrics/metrics-core/3.2.4/metrics-core-3.2.4.jar:/home/runner/.m2/repository/org/apache/hadoop/hadoop-hdfs-client/3.3.1/hadoop-hdfs-client-3.3.1.jar:/home/runner/.m2/repository/org/bouncycastle/bcprov-jdk15on/1.67/bcprov-jdk15on-1.67.jar:/home/runner/.m2/repository/com/google/protobuf/protobuf-java/2.5.0/protobuf-java-2.5.0.jar:/home/runner/.m2/repository/org/apache/ozone/ozone-manager/1.3.0-SNAPSHOT/ozone-manager-1.3.0-SNAPSHOT.jar:/home/runner/.m2/repository/org/aspectj/aspectjrt/1.9.7/aspectjrt-1.9.7.jar:/home/runner/.m2/repository/org/aspectj/aspectjweaver/1.9.7/aspectjweaver-1.9.7.jar:/home/runner/.m2/repository/org/apache/ozone/hdds-interface-client/1.3.0-SNAPSHOT/hdds-interface-client-1.3.0-SNAPSHOT.jar:/home/runner/.m2/repository/org/apache/hadoop/thirdparty/hadoop-shaded-protobuf_3_7/1.1.1/hadoop-shaded-protobuf_3_7-1.1.1.jar:/home/runner/.m2/repository/org/apache/ozone/ozone-interface-storage/1.3.0-SNAPSHOT/ozone-interface-storage-1.3.0-SNAPSHOT.jar:/home/runner/.m2/repository/org/reflections/reflections/0.9.11/reflections-0.9.11.jar:/home/runner/.m2/repository/org/apache/hadoop/hadoop-minikdc/3.3.1/hadoop-minikdc-3.3.1.jar:/home/runner/.m2/repository/org/apache/kerby/kerb-simplekdc/1.0.1/kerb-simplekdc-1.0.1.jar:/home/runner/.m2/repository/org/apache/kerby/kerb-client/1.0.1/kerb-client-1.0.1.jar:/home/runner/.m2/repository/org/apache/kerby/kerby-config/1.0.1/kerby-config-1.0.1.jar:/home/runner/.m2/repository/org/apache/kerby/kerb-common/1.0.1/kerb-common-1.0.1.jar:/home/runner/.m2/repository/org/apache/kerby/kerb-crypto/1.0.1/kerb-crypto-1.0.1.jar:/home/runner/.m2/repository/org/apache/kerby/kerb-util/1.0.1/kerb-util-1.0.1.jar:/home/runner/.m2/repository/org/apache/kerby/token-provider/1.0.1/token-provider-1.0.1.jar:/home/runner/.m2/repository/org/apache/kerby/kerb-admin/1.0.1/kerb-admin-1.0.1.jar:/home/runner/.m2/repository/org/apache/kerby/kerb-server/1.0.1/kerb-server-1.0.1.jar:/home/runner/.m2/repository/org/apache/kerby/kerb-identity/1.0.1/kerb-identity-1.0.1.jar:/home/runner/.m2/repository/org/apache/kerby/kerby-xdr/1.0.1/kerby-xdr-1.0.1.jar:/home/runner/.m2/repository/org/slf4j/slf4j-log4j12/1.7.30/slf4j-log4j12-1.7.30.jar:/home/runner/.m2/repository/org/apache/ozone/ozone-s3gateway/1.3.0-SNAPSHOT/ozone-s3gateway-1.3.0-SNAPSHOT.jar:/home/runner/.m2/repository/org/javassist/javassist/3.21.0-GA/javassist-3.21.0-GA.jar:/home/runner/.m2/repository/org/jboss/weld/servlet/weld-servlet/2.4.7.Final/weld-servlet-2.4.7.Final.jar:/home/runner/.m2/repository/org/glassfish/jersey/containers/jersey-container-servlet-core/2.33/jersey-container-servlet-core-2.33.jar:/home/runner/.m2/repository/org/glassfish/hk2/external/jakarta.inject/2.6.1/jakarta.inject-2.6.1.jar:/home/runner/.m2/repository/org/glassfish/jersey/core/jersey-common/2.33/jersey-common-2.33.jar:/home/runner/.m2/repository/jakarta/ws/rs/jakarta.ws.rs-api/2.1.6/jakarta.ws.rs-api-2.1.6.jar:/home/runner/.m2/repository/org/glassfish/jersey/ext/cdi/jersey-cdi1x/2.33/jersey-cdi1x-2.33.jar:/home/runner/.m2/repository/org/glassfish/jersey/inject/jersey-hk2/2.33/jersey-hk2-2.33.jar:/home/runner/.m2/repository/org/glassfish/hk2/hk2-locator/2.6.1/hk2-locator-2.6.1.jar:/home/runner/.m2/repository/org/glassfish/jersey/media/jersey-media-jaxb/2.33/jersey-media-jaxb-2.33.jar:/home/runner/.m2/repository/org/glassfish/hk2/osgi-resource-locator/1.0.3/osgi-resource-locator-1.0.3.jar:/home/runner/.m2/repository/org/glassfish/hk2/hk2-api/2.5.0/hk2-api-2.5.0.jar:/home/runner/.m2/repository/org/glassfish/hk2/hk2-utils/2.5.0/hk2-utils-2.5.0.jar:/home/runner/.m2/repository/org/glassfish/hk2/external/aopalliance-repackaged/2.5.0/aopalliance-repackaged-2.5.0.jar:/home/runner/.m2/repository/com/fasterxml/jackson/dataformat/jackson-dataformat-xml/2.12.1/jackson-dataformat-xml-2.12.1.jar:/home/runner/.m2/repository/com/fasterxml/jackson/core/jackson-core/2.12.1/jackson-core-2.12.1.jar:/home/runner/.m2/repository/com/fasterxml/jackson/module/jackson-module-jaxb-annotations/2.12.1/jackson-module-jaxb-annotations-2.12.1.jar:/home/runner/.m2/repository/jakarta/xml/bind/jakarta.xml.bind-api/2.3.2/jakarta.xml.bind-api-2.3.2.jar:/home/runner/.m2/repository/org/codehaus/woodstox/stax2-api/3.1.4/stax2-api-3.1.4.jar:/home/runner/.m2/repository/com/fasterxml/woodstox/woodstox-core/5.0.3/woodstox-core-5.0.3.jar:/home/runner/.m2/repository/javax/enterprise/cdi-api/1.2/cdi-api-1.2.jar:/home/runner/.m2/repository/javax/el/javax.el-api/3.0.0/javax.el-api-3.0.0.jar:/home/runner/.m2/repository/javax/interceptor/javax.interceptor-api/1.2/javax.interceptor-api-1.2.jar:/home/runner/.m2/repository/javax/inject/javax.inject/1/javax.inject-1.jar:/home/runner/.m2/repository/javax/xml/bind/jaxb-api/2.3.0/jaxb-api-2.3.0.jar:/home/runner/.m2/repository/org/glassfish/jaxb/jaxb-runtime/2.3.0.1/jaxb-runtime-2.3.0.1.jar:/home/runner/.m2/repository/org/glassfish/jaxb/jaxb-core/2.3.0.1/jaxb-core-2.3.0.1.jar:/home/runner/.m2/repository/org/glassfish/jaxb/txw2/2.3.0.1/txw2-2.3.0.1.jar:/home/runner/.m2/repository/com/sun/istack/istack-commons-runtime/3.0.5/istack-commons-runtime-3.0.5.jar:/home/runner/.m2/repository/org/jvnet/staxex/stax-ex/1.7.8/stax-ex-1.7.8.jar:/home/runner/.m2/repository/com/sun/xml/fastinfoset/FastInfoset/1.2.13/FastInfoset-1.2.13.jar:/home/runner/.m2/repository/javax/activation/activation/1.1.1/activation-1.1.1.jar:/home/runner/.m2/repository/org/apache/ozone/ozone-csi/1.3.0-SNAPSHOT/ozone-csi-1.3.0-SNAPSHOT.jar:/home/runner/.m2/repository/com/google/protobuf/protobuf-java-util/3.12.0/protobuf-java-util-3.12.0.jar:/home/runner/.m2/repository/com/google/code/gson/gson/2.2.4/gson-2.2.4.jar:/home/runner/.m2/repository/org/apache/ozone/hdds-config/1.3.0-SNAPSHOT/hdds-config-1.3.0-SNAPSHOT.jar:/home/runner/.m2/repository/io/grpc/grpc-netty/1.33.0/grpc-netty-1.33.0.jar:/home/runner/.m2/repository/io/grpc/grpc-core/1.33.0/grpc-core-1.33.0.jar:/home/runner/.m2/repository/com/google/android/annotations/4.1.1.4/annotations-4.1.1.4.jar:/home/runner/.m2/repository/io/netty/netty-codec-http2/4.1.63.Final/netty-codec-http2-4.1.63.Final.jar:/home/runner/.m2/repository/io/netty/netty-codec-http/4.1.63.Final/netty-codec-http-4.1.63.Final.jar:/home/runner/.m2/repository/io/netty/netty-handler-proxy/4.1.63.Final/netty-handler-proxy-4.1.63.Final.jar:/home/runner/.m2/repository/io/netty/netty-codec-socks/4.1.63.Final/netty-codec-socks-4.1.63.Final.jar:/home/runner/.m2/repository/io/perfmark/perfmark-api/0.19.0/perfmark-api-0.19.0.jar:/home/runner/.m2/repository/org/codehaus/mojo/animal-sniffer-annotations/1.18/animal-sniffer-annotations-1.18.jar:/home/runner/.m2/repository/io/netty/netty-transport-native-epoll/4.1.63.Final/netty-transport-native-epoll-4.1.63.Final.jar:/home/runner/.m2/repository/io/netty/netty-common/4.1.63.Final/netty-common-4.1.63.Final.jar:/home/runner/.m2/repository/io/netty/netty-buffer/4.1.63.Final/netty-buffer-4.1.63.Final.jar:/home/runner/.m2/repository/io/netty/netty-transport-native-unix-common/4.1.63.Final/netty-transport-native-unix-common-4.1.63.Final.jar:/home/runner/.m2/repository/io/grpc/grpc-protobuf/1.33.0/grpc-protobuf-1.33.0.jar:/home/runner/.m2/repository/io/grpc/grpc-api/1.33.0/grpc-api-1.33.0.jar:/home/runner/.m2/repository/io/grpc/grpc-context/1.33.0/grpc-context-1.33.0.jar:/home/runner/.m2/repository/com/google/api/grpc/proto-google-common-protos/1.17.0/proto-google-common-protos-1.17.0.jar:/home/runner/.m2/repository/io/grpc/grpc-protobuf-lite/1.33.0/grpc-protobuf-lite-1.33.0.jar:/home/runner/.m2/repository/io/grpc/grpc-stub/1.33.0/grpc-stub-1.33.0.jar:/home/runner/.m2/repository/org/apache/ozone/ozone-recon/1.3.0-SNAPSHOT/ozone-recon-1.3.0-SNAPSHOT.jar:/home/runner/.m2/repository/org/apache/ozone/ozone-reconcodegen/1.3.0-SNAPSHOT/ozone-reconcodegen-1.3.0-SNAPSHOT.jar:/home/runner/.m2/repository/com/google/inject/extensions/guice-multibindings/4.0/guice-multibindings-4.0.jar:/home/runner/.m2/repository/com/google/inject/guice/4.0/guice-4.0.jar:/home/runner/.m2/repository/aopalliance/aopalliance/1.0/aopalliance-1.0.jar:/home/runner/.m2/repository/com/google/inject/extensions/guice-assistedinject/4.0/guice-assistedinject-4.0.jar:/home/runner/.m2/repository/com/google/inject/extensions/guice-servlet/4.0/guice-servlet-4.0.jar:/home/runner/.m2/repository/org/glassfish/jersey/containers/jersey-container-servlet/2.33/jersey-container-servlet-2.33.jar:/home/runner/.m2/repository/org/glassfish/hk2/guice-bridge/2.5.0/guice-bridge-2.5.0.jar:/home/runner/.m2/repository/org/glassfish/jersey/core/jersey-server/2.33/jersey-server-2.33.jar:/home/runner/.m2/repository/org/glassfish/jersey/core/jersey-client/2.33/jersey-client-2.33.jar:/home/runner/.m2/repository/jakarta/annotation/jakarta.annotation-api/1.3.5/jakarta.annotation-api-1.3.5.jar:/home/runner/.m2/repository/jakarta/validation/jakarta.validation-api/2.0.2/jakarta.validation-api-2.0.2.jar:/home/runner/.m2/repository/org/glassfish/jersey/media/jersey-media-json-jackson/2.33/jersey-media-json-jackson-2.33.jar:/home/runner/.m2/repository/org/glassfish/jersey/ext/jersey-entity-filtering/2.33/jersey-entity-filtering-2.33.jar:/home/runner/.m2/repository/org/jooq/jooq/3.11.10/jooq-3.11.10.jar:/home/runner/.m2/repository/org/jooq/jooq-meta/3.11.10/jooq-meta-3.11.10.jar:/home/runner/.m2/repository/org/jooq/jooq-codegen/3.11.10/jooq-codegen-3.11.10.jar:/home/runner/.m2/repository/com/jolbox/bonecp/0.8.0.RELEASE/bonecp-0.8.0.RELEASE.jar:/home/runner/.m2/repository/org/apache/derby/derby/10.14.2.0/derby-10.14.2.0.jar:/home/runner/.m2/repository/org/xerial/sqlite-jdbc/3.25.2/sqlite-jdbc-3.25.2.jar:/home/runner/.m2/repository/org/springframework/spring-jdbc/5.2.18.RELEASE/spring-jdbc-5.2.18.RELEASE.jar:/home/runner/.m2/repository/org/springframework/spring-beans/5.2.18.RELEASE/spring-beans-5.2.18.RELEASE.jar:/home/runner/.m2/repository/org/springframework/spring-core/5.2.18.RELEASE/spring-core-5.2.18.RELEASE.jar:/home/runner/.m2/repository/org/springframework/spring-jcl/5.2.18.RELEASE/spring-jcl-5.2.18.RELEASE.jar:/home/runner/.m2/repository/org/springframework/spring-tx/5.2.18.RELEASE/spring-tx-5.2.18.RELEASE.jar:/home/runner/.m2/repository/org/apache/ozone/ozone-client/1.3.0-SNAPSHOT/ozone-client-1.3.0-SNAPSHOT.jar:/home/runner/.m2/repository/org/apache/ozone/ozone-filesystem/1.3.0-SNAPSHOT/ozone-filesystem-1.3.0-SNAPSHOT.jar:/home/runner/.m2/repository/org/apache/ozone/ozone-filesystem-common/1.3.0-SNAPSHOT/ozone-filesystem-common-1.3.0-SNAPSHOT.jar:/home/runner/.m2/repository/org/apache/ozone/ozone-tools/1.3.0-SNAPSHOT/ozone-tools-1.3.0-SNAPSHOT.jar:/home/runner/.m2/repository/org/apache/ratis/ratis-tools/2.2.0/ratis-tools-2.2.0.jar:/home/runner/.m2/repository/com/amazonaws/aws-java-sdk-core/1.12.124/aws-java-sdk-core-1.12.124.jar:/home/runner/.m2/repository/org/apache/httpcomponents/httpclient/4.5.13/httpclient-4.5.13.jar:/home/runner/.m2/repository/org/apache/httpcomponents/httpcore/4.4.13/httpcore-4.4.13.jar:/home/runner/.m2/repository/software/amazon/ion/ion-java/1.0.2/ion-java-1.0.2.jar:/home/runner/.m2/repository/com/fasterxml/jackson/dataformat/jackson-dataformat-cbor/2.12.1/jackson-dataformat-cbor-2.12.1.jar:/home/runner/.m2/repository/joda-time/joda-time/2.8.1/joda-time-2.8.1.jar:/home/runner/.m2/repository/com/amazonaws/aws-java-sdk-s3/1.12.124/aws-java-sdk-s3-1.12.124.jar:/home/runner/.m2/repository/com/amazonaws/aws-java-sdk-kms/1.12.124/aws-java-sdk-kms-1.12.124.jar:/home/runner/.m2/repository/com/amazonaws/jmespath-java/1.12.124/jmespath-java-1.12.124.jar:/home/runner/.m2/repository/org/kohsuke/metainf-services/metainf-services/1.8/metainf-services-1.8.jar:/home/runner/.m2/repository/org/apache/ozone/hdds-tools/1.3.0-SNAPSHOT/hdds-tools-1.3.0-SNAPSHOT.jar:/home/runner/.m2/repository/commons-cli/commons-cli/1.2/commons-cli-1.2.jar:/home/runner/.m2/repository/org/apache/commons/commons-lang3/3.7/commons-lang3-3.7.jar:/home/runner/.m2/repository/org/apache/ozone/ozone-manager/1.3.0-SNAPSHOT/ozone-manager-1.3.0-SNAPSHOT-tests.jar:/home/runner/.m2/repository/org/apache/ozone/hdds-common/1.3.0-SNAPSHOT/hdds-common-1.3.0-SNAPSHOT-tests.jar:/home/runner/.m2/repository/org/apache/ozone/hdds-hadoop-dependency-client/1.3.0-SNAPSHOT/hdds-hadoop-dependency-client-1.3.0-SNAPSHOT.jar:/home/runner/.m2/repository/info/picocli/picocli/4.6.1/picocli-4.6.1.jar:/home/runner/.m2/repository/com/fasterxml/jackson/core/jackson-annotations/2.12.1/jackson-annotations-2.12.1.jar:/home/runner/.m2/repository/javax/annotation/javax.annotation-api/1.2/javax.annotation-api-1.2.jar:/home/runner/.m2/repository/org/apache/ratis/ratis-server/2.2.0/ratis-server-2.2.0.jar:/home/runner/.m2/repository/org/apache/ratis/ratis-client/2.2.0/ratis-client-2.2.0.jar:/home/runner/.m2/repository/org/apache/ratis/ratis-server-api/2.2.0/ratis-server-api-2.2.0.jar:/home/runner/.m2/repository/org/apache/ratis/ratis-metrics/2.2.0/ratis-metrics-2.2.0.jar:/home/runner/.m2/repository/org/apache/ratis/ratis-netty/2.2.0/ratis-netty-2.2.0.jar:/home/runner/.m2/repository/org/apache/ratis/ratis-grpc/2.2.0/ratis-grpc-2.2.0.jar:/home/runner/.m2/repository/org/apache/logging/log4j/log4j-api/2.17.1/log4j-api-2.17.1.jar:/home/runner/.m2/repository/org/apache/logging/log4j/log4j-core/2.17.1/log4j-core-2.17.1.jar:/home/runner/.m2/repository/com/lmax/disruptor/3.4.2/disruptor-3.4.2.jar:/home/runner/.m2/repository/org/apache/commons/commons-pool2/2.6.0/commons-pool2-2.6.0.jar:/home/runner/.m2/repository/org/bouncycastle/bcpkix-jdk15on/1.67/bcpkix-jdk15on-1.67.jar:/home/runner/.m2/repository/commons-validator/commons-validator/1.6/commons-validator-1.6.jar:/home/runner/.m2/repository/commons-beanutils/commons-beanutils/1.9.4/commons-beanutils-1.9.4.jar:/home/runner/.m2/repository/commons-digester/commons-digester/1.8.1/commons-digester-1.8.1.jar:/home/runner/.m2/repository/commons-collections/commons-collections/3.2.2/commons-collections-3.2.2.jar:/home/runner/.m2/repository/io/jaegertracing/jaeger-client/1.6.0/jaeger-client-1.6.0.jar:/home/runner/.m2/repository/io/jaegertracing/jaeger-thrift/1.6.0/jaeger-thrift-1.6.0.jar:/home/runner/.m2/repository/org/apache/thrift/libthrift/0.14.1/libthrift-0.14.1.jar:/home/runner/.m2/repository/com/squareup/okhttp3/okhttp/4.9.0/okhttp-4.9.0.jar:/home/runner/.m2/repository/com/squareup/okio/okio/2.8.0/okio-2.8.0.jar:/home/runner/.m2/repository/io/jaegertracing/jaeger-core/1.6.0/jaeger-core-1.6.0.jar:/home/runner/.m2/repository/io/jaegertracing/jaeger-tracerresolver/1.6.0/jaeger-tracerresolver-1.6.0.jar:/home/runner/.m2/repository/io/opentracing/contrib/opentracing-tracerresolver/0.1.8/opentracing-tracerresolver-0.1.8.jar:/home/runner/.m2/repository/org/jetbrains/kotlin/kotlin-stdlib/1.4.31/kotlin-stdlib-1.4.31.jar:/home/runner/.m2/repository/org/jetbrains/kotlin/kotlin-stdlib-common/1.4.31/kotlin-stdlib-common-1.4.31.jar:/home/runner/.m2/repository/org/jetbrains/annotations/13.0/annotations-13.0.jar:/home/runner/.m2/repository/io/opentracing/opentracing-util/0.33.0/opentracing-util-0.33.0.jar:/home/runner/.m2/repository/io/opentracing/opentracing-api/0.33.0/opentracing-api-0.33.0.jar:/home/runner/.m2/repository/io/opentracing/opentracing-noop/0.33.0/opentracing-noop-0.33.0.jar:/home/runner/.m2/repository/org/yaml/snakeyaml/1.26/snakeyaml-1.26.jar:/home/runner/.m2/repository/org/apache/ozone/hdds-interface-admin/1.3.0-SNAPSHOT/hdds-interface-admin-1.3.0-SNAPSHOT.jar:/home/runner/.m2/repository/junit/junit/4.13.1/junit-4.13.1.jar:/home/runner/.m2/repository/org/hamcrest/hamcrest-core/1.3/hamcrest-core-1.3.jar:/home/runner/.m2/repository/org/junit/jupiter/junit-jupiter-api/5.7.0/junit-jupiter-api-5.7.0.jar:/home/runner/.m2/repository/org/apiguardian/apiguardian-api/1.1.0/apiguardian-api-1.1.0.jar:/home/runner/.m2/repository/org/opentest4j/opentest4j/1.2.0/opentest4j-1.2.0.jar:/home/runner/.m2/repository/org/junit/platform/junit-platform-commons/1.7.0/junit-platform-commons-1.7.0.jar:/home/runner/.m2/repository/org/junit/jupiter/junit-jupiter-engine/5.7.0/junit-jupiter-engine-5.7.0.jar:/home/runner/.m2/repository/org/junit/platform/junit-platform-engine/1.7.0/junit-platform-engine-1.7.0.jar:/home/runner/.m2/repository/org/junit/vintage/junit-vintage-engine/5.7.0/junit-vintage-engine-5.7.0.jar:/home/runner/.m2/repository/org/junit/platform/junit-platform-launcher/1.7.0/junit-platform-launcher-1.7.0.jar:/home/runner/.m2/repository/org/mockito/mockito-core/2.28.2/mockito-core-2.28.2.jar:/home/runner/.m2/repository/net/bytebuddy/byte-buddy/1.9.10/byte-buddy-1.9.10.jar:/home/runner/.m2/repository/net/bytebuddy/byte-buddy-agent/1.9.10/byte-buddy-agent-1.9.10.jar:/home/runner/.m2/repository/org/objenesis/objenesis/1.0/objenesis-1.0.jar:/home/runner/.m2/repository/org/apache/hadoop/hadoop-kms/3.3.1/hadoop-kms-3.3.1.jar:/home/runner/.m2/repository/org/apache/hadoop/hadoop-auth/3.3.1/hadoop-auth-3.3.1.jar:/home/runner/.m2/repository/com/nimbusds/nimbus-jose-jwt/7.9/nimbus-jose-jwt-7.9.jar:/home/runner/.m2/repository/com/github/stephenc/jcip/jcip-annotations/1.0-1/jcip-annotations-1.0-1.jar:/home/runner/.m2/repository/net/minidev/json-smart/2.4.7/json-smart-2.4.7.jar:/home/runner/.m2/repository/net/minidev/accessors-smart/2.4.7/accessors-smart-2.4.7.jar:/home/runner/.m2/repository/org/ow2/asm/asm/5.0.4/asm-5.0.4.jar:/home/runner/.m2/repository/org/apache/zookeeper/zookeeper/3.5.6/zookeeper-3.5.6.jar:/home/runner/.m2/repository/org/apache/zookeeper/zookeeper-jute/3.5.6/zookeeper-jute-3.5.6.jar:/home/runner/.m2/repository/org/apache/yetus/audience-annotations/0.5.0/audience-annotations-0.5.0.jar:/home/runner/.m2/repository/org/apache/curator/curator-framework/4.2.0/curator-framework-4.2.0.jar:/home/runner/.m2/repository/org/apache/hadoop/thirdparty/hadoop-shaded-guava/1.1.1/hadoop-shaded-guava-1.1.1.jar:/home/runner/.m2/repository/com/sun/jersey/jersey-core/1.19/jersey-core-1.19.jar:/home/runner/.m2/repository/javax/ws/rs/jsr311-api/1.1.1/jsr311-api-1.1.1.jar:/home/runner/.m2/repository/com/sun/jersey/jersey-server/1.19/jersey-server-1.19.jar:/home/runner/.m2/repository/javax/servlet/javax.servlet-api/3.1.0/javax.servlet-api-3.1.0.jar:/home/runner/.m2/repository/org/eclipse/jetty/jetty-server/9.4.43.v20210629/jetty-server-9.4.43.v20210629.jar:/home/runner/.m2/repository/org/eclipse/jetty/jetty-http/9.4.43.v20210629/jetty-http-9.4.43.v20210629.jar:/home/runner/.m2/repository/org/eclipse/jetty/jetty-io/9.4.43.v20210629/jetty-io-9.4.43.v20210629.jar:/home/runner/.m2/repository/org/eclipse/jetty/jetty-webapp/9.4.43.v20210629/jetty-webapp-9.4.43.v20210629.jar:/home/runner/.m2/repository/org/eclipse/jetty/jetty-xml/9.4.43.v20210629/jetty-xml-9.4.43.v20210629.jar:/home/runner/.m2/repository/org/apache/hadoop/hadoop-common/3.3.1/hadoop-common-3.3.1.jar:/home/runner/.m2/repository/org/apache/commons/commons-math3/3.1.1/commons-math3-3.1.1.jar:/home/runner/.m2/repository/commons-net/commons-net/3.6/commons-net-3.6.jar:/home/runner/.m2/repository/jakarta/activation/jakarta.activation-api/1.2.1/jakarta.activation-api-1.2.1.jar:/home/runner/.m2/repository/com/sun/jersey/jersey-servlet/1.19/jersey-servlet-1.19.jar:/home/runner/.m2/repository/com/sun/jersey/jersey-json/1.19/jersey-json-1.19.jar:/home/runner/.m2/repository/org/codehaus/jettison/jettison/1.1/jettison-1.1.jar:/home/runner/.m2/repository/com/sun/xml/bind/jaxb-impl/2.2.3-1/jaxb-impl-2.2.3-1.jar:/home/runner/.m2/repository/org/codehaus/jackson/jackson-jaxrs/1.9.2/jackson-jaxrs-1.9.2.jar:/home/runner/.m2/repository/org/codehaus/jackson/jackson-xc/1.9.2/jackson-xc-1.9.2.jar:/home/runner/.m2/repository/org/apache/commons/commons-configuration2/2.1.1/commons-configuration2-2.1.1.jar:/home/runner/.m2/repository/org/apache/commons/commons-text/1.4/commons-text-1.4.jar:/home/runner/.m2/repository/com/google/re2j/re2j/1.1/re2j-1.1.jar:/home/runner/.m2/repository/com/jcraft/jsch/0.1.54/jsch-0.1.54.jar:/home/runner/.m2/repository/org/apache/curator/curator-client/4.2.0/curator-client-4.2.0.jar:/home/runner/.m2/repository/org/apache/curator/curator-recipes/4.2.0/curator-recipes-4.2.0.jar:/home/runner/.m2/repository/org/apache/kerby/kerb-core/1.0.1/kerb-core-1.0.1.jar:/home/runner/.m2/repository/org/apache/kerby/kerby-pkix/1.0.1/kerby-pkix-1.0.1.jar:/home/runner/.m2/repository/org/apache/kerby/kerby-asn1/1.0.1/kerby-asn1-1.0.1.jar:/home/runner/.m2/repository/org/apache/kerby/kerby-util/1.0.1/kerby-util-1.0.1.jar:/home/runner/.m2/repository/dnsjava/dnsjava/2.1.7/dnsjava-2.1.7.jar:/home/runner/.m2/repository/org/xerial/snappy/snappy-java/1.1.8.2/snappy-java-1.1.8.2.jar:/home/runner/.m2/repository/org/slf4j/jul-to-slf4j/1.7.30/jul-to-slf4j-1.7.30.jar:/home/runner/.m2/repository/org/eclipse/jetty/jetty-util/9.4.43.v20210629/jetty-util-9.4.43.v20210629.jar:/home/runner/.m2/repository/com/fasterxml/jackson/core/jackson-databind/2.12.1/jackson-databind-2.12.1.jar:/home/runner/.m2/repository/org/apache/hadoop/hadoop-kms/3.3.1/hadoop-kms-3.3.1-tests.jar:/home/runner/.m2/repository/org/apache/ozone/hdds-server-scm/1.3.0-SNAPSHOT/hdds-server-scm-1.3.0-SNAPSHOT-tests.jar:/home/runner/.m2/repository/org/apache/ozone/hdds-container-service/1.3.0-SNAPSHOT/hdds-container-service-1.3.0-SNAPSHOT-tests.jar:/home/runner/.m2/repository/commons-codec/commons-codec/1.11/commons-codec-1.11.jar:/home/runner/.m2/repository/io/netty/netty-transport/4.1.63.Final/netty-transport-4.1.63.Final.jar:/home/runner/.m2/repository/io/netty/netty-resolver/4.1.63.Final/netty-resolver-4.1.63.Final.jar:/home/runner/.m2/repository/io/netty/netty-codec/4.1.63.Final/netty-codec-4.1.63.Final.jar:/home/runner/.m2/repository/io/netty/netty-handler/4.1.63.Final/netty-handler-4.1.63.Final.jar:/home/runner/.m2/repository/org/apache/ozone/hdds-hadoop-dependency-test/1.3.0-SNAPSHOT/hdds-hadoop-dependency-test-1.3.0-SNAPSHOT.jar:/home/runner/.m2/repository/org/apache/hadoop/hadoop-common/3.3.1/hadoop-common-3.3.1-tests.jar:/home/runner/.m2/repository/org/assertj/assertj-core/3.12.2/assertj-core-3.12.2.jar:/home/runner/.m2/repository/org/apache/hadoop/hadoop-hdfs/3.3.1/hadoop-hdfs-3.3.1-tests.jar:/home/runner/.m2/repository/org/eclipse/jetty/jetty-util-ajax/9.4.43.v20210629/jetty-util-ajax-9.4.43.v20210629.jar:/home/runner/.m2/repository/commons-daemon/commons-daemon/1.0.13/commons-daemon-1.0.13.jar:/home/runner/.m2/repository/io/netty/netty/3.10.6.Final/netty-3.10.6.Final.jar:/home/runner/.m2/repository/io/netty/netty-all/4.1.63.Final/netty-all-4.1.63.Final.jar:/home/runner/.m2/repository/org/apache/htrace/htrace-core4/4.1.0-incubating/htrace-core4-4.1.0-incubating.jar:/home/runner/.m2/repository/org/fusesource/leveldbjni/leveldbjni-all/1.8/leveldbjni-all-1.8.jar:/home/runner/.m2/repository/org/apache/hadoop/hadoop-distcp/3.3.1/hadoop-distcp-3.3.1.jar:/home/runner/.m2/repository/org/apache/hadoop/hadoop-mapreduce-client-jobclient/3.3.1/hadoop-mapreduce-client-jobclient-3.3.1.jar:/home/runner/.m2/repository/org/apache/hadoop/hadoop-mapreduce-client-common/3.3.1/hadoop-mapreduce-client-common-3.3.1.jar:/home/runner/.m2/repository/org/apache/hadoop/hadoop-yarn-common/3.3.1/hadoop-yarn-common-3.3.1.jar:/home/runner/.m2/repository/org/apache/hadoop/hadoop-yarn-api/3.3.1/hadoop-yarn-api-3.3.1.jar:/home/runner/.m2/repository/com/sun/jersey/jersey-client/1.19/jersey-client-1.19.jar:/home/runner/.m2/repository/com/sun/jersey/contribs/jersey-guice/1.19/jersey-guice-1.19.jar:/home/runner/.m2/repository/com/fasterxml/jackson/jaxrs/jackson-jaxrs-json-provider/2.12.1/jackson-jaxrs-json-provider-2.12.1.jar:/home/runner/.m2/repository/com/fasterxml/jackson/jaxrs/jackson-jaxrs-base/2.12.1/jackson-jaxrs-base-2.12.1.jar:/home/runner/.m2/repository/org/apache/hadoop/hadoop-yarn-client/3.3.1/hadoop-yarn-client-3.3.1.jar:/home/runner/.m2/repository/org/eclipse/jetty/websocket/websocket-client/9.4.40.v20210413/websocket-client-9.4.40.v20210413.jar:/home/runner/.m2/repository/org/eclipse/jetty/jetty-client/9.4.40.v20210413/jetty-client-9.4.40.v20210413.jar:/home/runner/.m2/repository/org/eclipse/jetty/websocket/websocket-common/9.4.40.v20210413/websocket-common-9.4.40.v20210413.jar:/home/runner/.m2/repository/org/eclipse/jetty/websocket/websocket-api/9.4.40.v20210413/websocket-api-9.4.40.v20210413.jar:/home/runner/.m2/repository/org/jline/jline/3.9.0/jline-3.9.0.jar:/home/runner/.m2/repository/org/apache/hadoop/hadoop-mapreduce-client-core/3.3.1/hadoop-mapreduce-client-core-3.3.1.jar:/home/runner/.m2/repository/org/apache/avro/avro/1.7.7/avro-1.7.7.jar:/home/runner/.m2/repository/org/codehaus/jackson/jackson-core-asl/1.9.13/jackson-core-asl-1.9.13.jar:/home/runner/.m2/repository/org/codehaus/jackson/jackson-mapper-asl/1.9.13/jackson-mapper-asl-1.9.13.jar:/home/runner/.m2/repository/com/thoughtworks/paranamer/paranamer/2.3/paranamer-2.3.jar:/home/runner/.m2/repository/org/apache/hadoop/hadoop-annotations/3.3.1/hadoop-annotations-3.3.1.jar:/usr/lib/jvm/temurin-8-jdk-amd64/jre/../lib/tools.jar:/home/runner/.m2/repository/org/apache/hadoop/hadoop-distcp/3.3.1/hadoop-distcp-3.3.1-tests.jar:/home/runner/.m2/repository/org/apache/ratis/ratis-common/2.2.0/ratis-common-2.2.0.jar:/home/runner/.m2/repository/org/apache/ratis/ratis-thirdparty-misc/0.7.0/ratis-thirdparty-misc-0.7.0.jar:/home/runner/.m2/repository/org/apache/ratis/ratis-proto/2.2.0/ratis-proto-2.2.0.jar:"/>
    <property name="sun.cpu.endian" value="little"/>
    <property name="user.home" value="/home/runner"/>
    <property name="user.language" value="en"/>
    <property name="java.specification.vendor" value="Oracle Corporation"/>
    <property name="java.home" value="/usr/lib/jvm/temurin-8-jdk-amd64/jre"/>
    <property name="java.security.krb5.conf" value="/home/runner/work/ozone/ozone/hadoop-ozone/integration-test/target/test-classes/krb5.conf"/>
    <property name="basedir" value="/home/runner/work/ozone/ozone/hadoop-ozone/integration-test"/>
    <property name="file.separator" value="/"/>
    <property name="line.separator" value="&#10;"/>
    <property name="java.vm.specification.vendor" value="Oracle Corporation"/>
    <property name="java.specification.name" value="Java Platform API Specification"/>
    <property name="java.awt.graphicsenv" value="sun.awt.X11GraphicsEnvironment"/>
    <property name="skip.installnpx" value="true"/>
    <property name="surefire.real.class.path" value="/home/runner/work/ozone/ozone/hadoop-ozone/integration-test/target/surefire/surefirebooter7428755370291947469.jar:/home/runner/.m2/repository/org/jacoco/org.jacoco.agent/0.8.5/org.jacoco.agent-0.8.5-runtime.jar"/>
    <property name="hadoop.log.dir" value="/home/runner/work/ozone/ozone/hadoop-ozone/integration-test/target/log"/>
    <property name="sun.boot.class.path" value="/usr/lib/jvm/temurin-8-jdk-amd64/jre/lib/resources.jar:/usr/lib/jvm/temurin-8-jdk-amd64/jre/lib/rt.jar:/usr/lib/jvm/temurin-8-jdk-amd64/jre/lib/sunrsasign.jar:/usr/lib/jvm/temurin-8-jdk-amd64/jre/lib/jsse.jar:/usr/lib/jvm/temurin-8-jdk-amd64/jre/lib/jce.jar:/usr/lib/jvm/temurin-8-jdk-amd64/jre/lib/charsets.jar:/usr/lib/jvm/temurin-8-jdk-amd64/jre/lib/jfr.jar:/usr/lib/jvm/temurin-8-jdk-amd64/jre/classes"/>
    <property name="sun.management.compiler" value="HotSpot 64-Bit Tiered Compilers"/>
    <property name="skip.npx" value="true"/>
    <property name="java.runtime.version" value="1.8.0_322-b06"/>
    <property name="java.net.preferIPv4Stack" value="true"/>
    <property name="user.name" value="runner"/>
    <property name="path.separator" value=":"/>
    <property name="java.security.egd" value="file:///dev/urandom"/>
    <property name="os.version" value="5.4.0-1070-azure"/>
    <property name="java.endorsed.dirs" value="/usr/lib/jvm/temurin-8-jdk-amd64/jre/lib/endorsed"/>
    <property name="java.runtime.name" value="OpenJDK Runtime Environment"/>
    <property name="file.encoding" value="UTF-8"/>
    <property name="java.vm.name" value="OpenJDK 64-Bit Server VM"/>
    <property name="test.build.webapps" value=""/>
    <property name="localRepository" value="/home/runner/.m2/repository"/>
    <property name="java.vendor.url.bug" value="https://github.com/adoptium/adoptium-support/issues"/>
    <property name="java.io.tmpdir" value="/tmp"/>
    <property name="require.test.libhadoop" value=""/>
    <property name="java.version" value="1.8.0_322"/>
    <property name="user.dir" value="/home/runner/work/ozone/ozone/hadoop-ozone/integration-test"/>
    <property name="os.arch" value="amd64"/>
    <property name="java.vm.specification.name" value="Java Virtual Machine Specification"/>
    <property name="test.build.classes" value="/home/runner/work/ozone/ozone/hadoop-ozone/integration-test/target/test-classes"/>
    <property name="java.awt.printerjob" value="sun.print.PSPrinterJob"/>
    <property name="sun.os.patch.level" value="unknown"/>
    <property name="hadoop.tmp.dir" value="/home/runner/work/ozone/ozone/hadoop-ozone/integration-test/target/tmp"/>
    <property name="java.library.path" value="/usr/java/packages/lib/amd64:/usr/lib64:/lib64:/lib:/usr/lib"/>
    <property name="java.vm.info" value="mixed mode"/>
    <property name="java.vendor" value="Temurin"/>
    <property name="java.vm.version" value="25.322-b06"/>
    <property name="java.ext.dirs" value="/usr/lib/jvm/temurin-8-jdk-amd64/jre/lib/ext:/usr/java/packages/lib/ext"/>
    <property name="sun.io.unicode.encoding" value="UnicodeLittle"/>
    <property name="java.class.version" value="52.0"/>
  </properties>
  <testcase name="testMultipleDataDirs" classname="org.apache.hadoop.ozone.TestMiniOzoneCluster" time="30.424"/>
  <testcase name="testStartMultipleDatanodes" classname="org.apache.hadoop.ozone.TestMiniOzoneCluster" time="46.116"/>
  <testcase name="testDNstartAfterSCM" classname="org.apache.hadoop.ozone.TestMiniOzoneCluster" time="118.361">
    <error message="test timed out after 100000 milliseconds" type="org.junit.runners.model.TestTimedOutException">org.junit.runners.model.TestTimedOutException: test timed out after 100000 milliseconds
	at java.lang.Thread.sleep(Native Method)
	at org.apache.hadoop.ozone.TestMiniOzoneCluster.testDNstartAfterSCM(TestMiniOzoneCluster.java:334)
	at sun.reflect.NativeMethodAccessorImpl.invoke0(Native Method)
	at sun.reflect.NativeMethodAccessorImpl.invoke(NativeMethodAccessorImpl.java:62)
	at sun.reflect.DelegatingMethodAccessorImpl.invoke(DelegatingMethodAccessorImpl.java:43)
	at java.lang.reflect.Method.invoke(Method.java:498)
	at org.junit.runners.model.FrameworkMethod$1.runReflectiveCall(FrameworkMethod.java:59)
	at org.junit.internal.runners.model.ReflectiveCallable.run(ReflectiveCallable.java:12)
	at org.junit.runners.model.FrameworkMethod.invokeExplosively(FrameworkMethod.java:56)
	at org.junit.internal.runners.statements.InvokeMethod.evaluate(InvokeMethod.java:17)
	at org.junit.internal.runners.statements.FailOnTimeout$CallableStatement.call(FailOnTimeout.java:288)
	at org.junit.internal.runners.statements.FailOnTimeout$CallableStatement.call(FailOnTimeout.java:282)
	at java.util.concurrent.FutureTask.run(FutureTask.java:266)
	at java.lang.Thread.run(Thread.java:750)
</error>
    <system-out><![CDATA[2022-03-03 15:04:13,777 [Time-limited test] WARN  server.ServerUtils (ServerUtils.java:getScmDbDir(148)) - ozone.scm.db.dirs is not configured. We recommend adding this setting. Falling back to ozone.metadata.dirs instead.
2022-03-03 15:04:13,787 [Time-limited test] INFO  ha.SCMHANodeDetails (SCMHANodeDetails.java:loadSCMHAConfig(157)) - ServiceID for StorageContainerManager is null
2022-03-03 15:04:13,787 [Time-limited test] INFO  ha.SCMHANodeDetails (SCMHANodeDetails.java:loadSCMHAConfig(162)) - ozone.scm.default.service.id is not defined, falling back to ozone.scm.service.ids to find serviceID for StorageContainerManager if it is HA enabled cluster
2022-03-03 15:04:13,788 [Time-limited test] INFO  server.RaftServer (ConfUtils.java:logGet(44)) - raft.rpc.type = GRPC (default)
2022-03-03 15:04:13,788 [Time-limited test] INFO  grpc.GrpcFactory (GrpcFactory.java:checkPooledByteBufAllocatorUseCacheForAllThreads(48)) - PERFORMANCE WARNING: useCacheForAllThreads is true that may cause Netty to create a lot garbage objects and, as a result, trigger GC.
	It is recommended to disable useCacheForAllThreads by setting -Dorg.apache.ratis.thirdparty.io.netty.allocator.useCacheForAllThreads=false in command line.
2022-03-03 15:04:13,788 [Time-limited test] INFO  grpc.GrpcConfigKeys (ConfUtils.java:logGet(44)) - raft.grpc.admin.port = -1 (default)
2022-03-03 15:04:13,789 [Time-limited test] INFO  grpc.GrpcConfigKeys (ConfUtils.java:logGet(44)) - raft.grpc.server.port = 9894 (custom)
2022-03-03 15:04:13,789 [Time-limited test] INFO  grpc.GrpcConfigKeys (ConfUtils.java:logGet(44)) - raft.grpc.client.port = -1 (default)
2022-03-03 15:04:13,789 [Time-limited test] INFO  grpc.GrpcConfigKeys (ConfUtils.java:logGet(44)) - raft.grpc.server.port = 9894 (custom)
2022-03-03 15:04:13,789 [Time-limited test] INFO  grpc.GrpcConfigKeys (ConfUtils.java:logGet(44)) - raft.grpc.server.port = 9894 (custom)
2022-03-03 15:04:13,789 [Time-limited test] INFO  server.GrpcService (ConfUtils.java:logGet(44)) - raft.grpc.message.size.max = 32m (=33554432) (custom)
2022-03-03 15:04:13,789 [Time-limited test] INFO  server.RaftServerConfigKeys (ConfUtils.java:logGet(44)) - raft.server.log.appender.buffer.byte-limit = 33554432 (custom)
2022-03-03 15:04:13,789 [Time-limited test] INFO  server.GrpcService (ConfUtils.java:logGet(44)) - raft.grpc.flow.control.window = 1MB (=1048576) (default)
2022-03-03 15:04:13,789 [Time-limited test] INFO  server.RaftServerConfigKeys (ConfUtils.java:logGet(44)) - raft.server.rpc.request.timeout = 30000ms (custom)
2022-03-03 15:04:13,790 [Time-limited test] INFO  impl.DataStreamServerImpl (ConfUtils.java:logGet(44)) - raft.datastream.type = DISABLED (default)
2022-03-03 15:04:13,792 [Time-limited test] INFO  server.RaftServerConfigKeys (ConfUtils.java:logGet(44)) - raft.server.rpc.slowness.timeout = 120000ms (custom)
2022-03-03 15:04:13,792 [Time-limited test] INFO  server.RaftServerConfigKeys (ConfUtils.java:logGet(44)) - raft.server.leaderelection.leader.step-down.wait-time = 10s (default)
2022-03-03 15:04:13,792 [Time-limited test] INFO  server.RaftServerConfigKeys (ConfUtils.java:logGet(44)) - raft.server.storage.dir = [/home/runner/work/ozone/ozone/hadoop-ozone/integration-test/target/test-dir/MiniOzoneClusterImpl-1780bea0-e071-4232-b145-eeecbe4e4805/ozone-meta/scm-ha] (custom)
2022-03-03 15:04:13,809 [Time-limited test] INFO  server.RaftServer (RaftServerProxy.java:addNew(95)) - f41ede9f-c29a-4957-a329-430a35551df1: addNew group-EEECBE4E4805:[f41ede9f-c29a-4957-a329-430a35551df1|rpc:fv-az50-851:9894|priority:0] returns group-EEECBE4E4805:java.util.concurrent.CompletableFuture@3a50e20e[Not completed]
2022-03-03 15:04:13,810 [pool-208-thread-1] INFO  server.RaftServer$Division (RaftServerImpl.java:<init>(184)) - f41ede9f-c29a-4957-a329-430a35551df1: new RaftServerImpl for group-EEECBE4E4805:[f41ede9f-c29a-4957-a329-430a35551df1|rpc:fv-az50-851:9894|priority:0] with SCMStateMachine:uninitialized
2022-03-03 15:04:13,815 [pool-208-thread-1] INFO  server.RaftServerConfigKeys (ConfUtils.java:logGet(44)) - raft.server.rpc.timeout.min = 5000ms (custom)
2022-03-03 15:04:13,815 [pool-208-thread-1] INFO  server.RaftServerConfigKeys (ConfUtils.java:logGet(44)) - raft.server.rpc.timeout.max = 5200ms (custom)
2022-03-03 15:04:13,815 [pool-208-thread-1] INFO  server.RaftServerConfigKeys (ConfUtils.java:logGet(44)) - raft.server.rpc.sleep.time = 25ms (default)
2022-03-03 15:04:13,815 [pool-208-thread-1] INFO  server.RaftServerConfigKeys (ConfUtils.java:logGet(44)) - raft.server.rpc.slowness.timeout = 120000ms (custom)
2022-03-03 15:04:13,815 [pool-208-thread-1] INFO  server.RaftServerConfigKeys (ConfUtils.java:logGet(44)) - raft.server.leaderelection.leader.step-down.wait-time = 10s (default)
2022-03-03 15:04:13,815 [pool-208-thread-1] INFO  server.RaftServerConfigKeys (ConfUtils.java:logGet(44)) - raft.server.sleep.deviation.threshold = 300ms (default)
2022-03-03 15:04:13,815 [pool-208-thread-1] INFO  server.RaftServerConfigKeys (ConfUtils.java:logGet(44)) - raft.server.log.appender.install.snapshot.enabled = false (custom)
2022-03-03 15:04:13,815 [pool-208-thread-1] INFO  server.RaftServer$Division (ServerState.java:<init>(105)) - f41ede9f-c29a-4957-a329-430a35551df1@group-EEECBE4E4805: ConfigurationManager, init=-1: [f41ede9f-c29a-4957-a329-430a35551df1|rpc:fv-az50-851:9894|priority:0], old=null, confs=<EMPTY_MAP>
2022-03-03 15:04:13,815 [pool-208-thread-1] INFO  server.RaftServerConfigKeys (ConfUtils.java:logGet(44)) - raft.server.storage.dir = [/home/runner/work/ozone/ozone/hadoop-ozone/integration-test/target/test-dir/MiniOzoneClusterImpl-1780bea0-e071-4232-b145-eeecbe4e4805/ozone-meta/scm-ha] (custom)
2022-03-03 15:04:13,815 [pool-208-thread-1] INFO  server.RaftServerConfigKeys (ConfUtils.java:logGet(44)) - raft.server.log.corruption.policy = EXCEPTION (default)
2022-03-03 15:04:13,815 [pool-208-thread-1] INFO  server.RaftServerConfigKeys (ConfUtils.java:logGet(44)) - raft.server.storage.free-space.min = 0MB (=0) (default)
2022-03-03 15:04:13,815 [pool-208-thread-1] INFO  storage.RaftStorageDirectory (RaftStorageDirectoryImpl.java:analyzeStorage(135)) - The storage directory /home/runner/work/ozone/ozone/hadoop-ozone/integration-test/target/test-dir/MiniOzoneClusterImpl-1780bea0-e071-4232-b145-eeecbe4e4805/ozone-meta/scm-ha/1780bea0-e071-4232-b145-eeecbe4e4805 does not exist. Creating ...
2022-03-03 15:04:13,819 [pool-208-thread-1] INFO  storage.RaftStorageDirectory (RaftStorageDirectoryImpl.java:tryLock(230)) - Lock on /home/runner/work/ozone/ozone/hadoop-ozone/integration-test/target/test-dir/MiniOzoneClusterImpl-1780bea0-e071-4232-b145-eeecbe4e4805/ozone-meta/scm-ha/1780bea0-e071-4232-b145-eeecbe4e4805/in_use.lock acquired by nodename 16342@fv-az50-851
2022-03-03 15:04:13,820 [pool-208-thread-1] INFO  storage.RaftStorage (RaftStorageImpl.java:format(89)) - Storage directory /home/runner/work/ozone/ozone/hadoop-ozone/integration-test/target/test-dir/MiniOzoneClusterImpl-1780bea0-e071-4232-b145-eeecbe4e4805/ozone-meta/scm-ha/1780bea0-e071-4232-b145-eeecbe4e4805 has been successfully formatted.
2022-03-03 15:04:13,821 [pool-208-thread-1] INFO  server.RaftServerConfigKeys (ConfUtils.java:logGet(44)) - raft.server.notification.no-leader.timeout = 60s (default)
2022-03-03 15:04:13,821 [pool-208-thread-1] INFO  server.RaftServerConfigKeys (ConfUtils.java:logGet(44)) - raft.server.log.use.memory = false (default)
2022-03-03 15:04:13,821 [pool-208-thread-1] INFO  server.RaftServerConfigKeys (ConfUtils.java:logGet(44)) - raft.server.log.purge.gap = 1000000 (custom)
2022-03-03 15:04:13,821 [pool-208-thread-1] INFO  server.RaftServerConfigKeys (ConfUtils.java:logGet(44)) - raft.server.log.appender.buffer.byte-limit = 33554432 (custom)
2022-03-03 15:04:13,821 [pool-208-thread-1] INFO  server.RaftServerConfigKeys (ConfUtils.java:logGet(44)) - raft.server.log.segment.size.max = 4194304 (custom)
2022-03-03 15:04:13,822 [pool-208-thread-1] INFO  server.RaftServerConfigKeys (ConfUtils.java:logGet(44)) - raft.server.log.segment.cache.num.max = 2 (custom)
2022-03-03 15:04:13,822 [pool-208-thread-1] INFO  server.RaftServerConfigKeys (ConfUtils.java:logGet(44)) - raft.server.log.segment.cache.size.max = 200MB (=209715200) (default)
2022-03-03 15:04:13,822 [pool-208-thread-1] INFO  segmented.SegmentedRaftLogWorker (SegmentedRaftLogWorker.java:<init>(182)) - new f41ede9f-c29a-4957-a329-430a35551df1@group-EEECBE4E4805-SegmentedRaftLogWorker for RaftStorageImpl:Storage Directory /home/runner/work/ozone/ozone/hadoop-ozone/integration-test/target/test-dir/MiniOzoneClusterImpl-1780bea0-e071-4232-b145-eeecbe4e4805/ozone-meta/scm-ha/1780bea0-e071-4232-b145-eeecbe4e4805
2022-03-03 15:04:13,822 [pool-208-thread-1] INFO  server.RaftServerConfigKeys (ConfUtils.java:logGet(44)) - raft.server.log.queue.byte-limit = 64MB (=67108864) (default)
2022-03-03 15:04:13,822 [pool-208-thread-1] INFO  server.RaftServerConfigKeys (ConfUtils.java:logGet(44)) - raft.server.log.queue.element-limit = 4096 (default)
2022-03-03 15:04:13,822 [pool-208-thread-1] INFO  server.RaftServerConfigKeys (ConfUtils.java:logGet(44)) - raft.server.log.segment.size.max = 4194304 (custom)
2022-03-03 15:04:13,822 [pool-208-thread-1] INFO  server.RaftServerConfigKeys (ConfUtils.java:logGet(44)) - raft.server.log.preallocated.size = 4194304 (custom)
2022-03-03 15:04:13,822 [pool-208-thread-1] INFO  server.RaftServerConfigKeys (ConfUtils.java:logGet(44)) - raft.server.log.force.sync.num = 128 (default)
2022-03-03 15:04:13,822 [pool-208-thread-1] INFO  server.RaftServerConfigKeys (ConfUtils.java:logGet(44)) - raft.server.log.statemachine.data.sync = true (default)
2022-03-03 15:04:13,822 [pool-208-thread-1] INFO  server.RaftServerConfigKeys (ConfUtils.java:logGet(44)) - raft.server.log.statemachine.data.sync.timeout = 10s (default)
2022-03-03 15:04:13,822 [pool-208-thread-1] INFO  server.RaftServerConfigKeys (ConfUtils.java:logGet(44)) - raft.server.log.statemachine.data.sync.timeout.retry = -1 (default)
2022-03-03 15:04:13,823 [pool-208-thread-1] INFO  server.RaftServerConfigKeys (ConfUtils.java:logGet(44)) - raft.server.log.write.buffer.size = 64KB (=65536) (default)
2022-03-03 15:04:13,830 [pool-208-thread-1] INFO  server.RaftServerConfigKeys (ConfUtils.java:logGet(44)) - raft.server.log.statemachine.data.caching.enabled = false (default)
2022-03-03 15:04:13,831 [pool-208-thread-1] INFO  segmented.SegmentedRaftLogWorker (SegmentedRaftLogWorker.java:lambda$new$0(133)) - f41ede9f-c29a-4957-a329-430a35551df1@group-EEECBE4E4805-SegmentedRaftLogWorker: flushIndex: setUnconditionally 0 -> -1
2022-03-03 15:04:13,834 [pool-208-thread-1] INFO  segmented.SegmentedRaftLogWorker (SegmentedRaftLogWorker.java:lambda$new$0(133)) - f41ede9f-c29a-4957-a329-430a35551df1@group-EEECBE4E4805-SegmentedRaftLogWorker: safeCacheEvictIndex: setUnconditionally 0 -> -1
2022-03-03 15:04:13,835 [pool-208-thread-1] INFO  server.RaftServerConfigKeys (ConfUtils.java:logGet(44)) - raft.server.snapshot.auto.trigger.enabled = true (custom)
2022-03-03 15:04:13,835 [pool-208-thread-1] INFO  server.RaftServerConfigKeys (ConfUtils.java:logGet(44)) - raft.server.snapshot.auto.trigger.threshold = 1000 (custom)
2022-03-03 15:04:13,835 [pool-208-thread-1] INFO  server.RaftServerConfigKeys (ConfUtils.java:logGet(44)) - raft.server.snapshot.retention.file.num = -1 (default)
2022-03-03 15:04:13,835 [pool-208-thread-1] INFO  server.RaftServerConfigKeys (ConfUtils.java:logGet(44)) - raft.server.log.purge.upto.snapshot.index = false (default)
2022-03-03 15:04:13,835 [pool-208-thread-1] INFO  server.RaftServerConfigKeys (ConfUtils.java:logGet(44)) - raft.server.retrycache.expirytime = 60000ms (default)
2022-03-03 15:04:13,835 [pool-208-thread-1] INFO  server.RaftServerConfigKeys (ConfUtils.java:logGet(44)) - raft.server.retrycache.statistics.expirytime = 100μs (default)
2022-03-03 15:04:13,836 [Time-limited test] INFO  server.RaftServer$Division (RaftServerImpl.java:start(301)) - f41ede9f-c29a-4957-a329-430a35551df1@group-EEECBE4E4805: start as a follower, conf=-1: [f41ede9f-c29a-4957-a329-430a35551df1|rpc:fv-az50-851:9894|priority:0], old=null
2022-03-03 15:04:13,836 [Time-limited test] INFO  server.RaftServer$Division (RaftServerImpl.java:setRole(290)) - f41ede9f-c29a-4957-a329-430a35551df1@group-EEECBE4E4805: changes role from      null to FOLLOWER at term 0 for startAsFollower
2022-03-03 15:04:13,836 [Time-limited test] INFO  impl.RoleInfo (RoleInfo.java:updateAndGet(130)) - f41ede9f-c29a-4957-a329-430a35551df1: start f41ede9f-c29a-4957-a329-430a35551df1@group-EEECBE4E4805-FollowerState
2022-03-03 15:04:13,851 [Time-limited test] INFO  util.JmxRegister (JmxRegister.java:tryRegister(44)) - Successfully registered JMX Bean with object name Ratis:service=RaftServer,group=group-EEECBE4E4805,id=f41ede9f-c29a-4957-a329-430a35551df1
2022-03-03 15:04:13,854 [Time-limited test] INFO  server.RaftServer (RaftServerProxy.java:lambda$start$5(374)) - f41ede9f-c29a-4957-a329-430a35551df1: start RPC server
2022-03-03 15:04:13,859 [Time-limited test] INFO  server.GrpcService (GrpcService.java:startImpl(253)) - f41ede9f-c29a-4957-a329-430a35551df1: GrpcService started, listening on 9894
2022-03-03 15:04:13,860 [org.apache.ratis.util.JvmPauseMonitor$$Lambda$431/2038447515@7125eaf4] INFO  util.JvmPauseMonitor (JvmPauseMonitor.java:run(103)) - JvmPauseMonitor-f41ede9f-c29a-4957-a329-430a35551df1: Started
2022-03-03 15:04:18,883 [f41ede9f-c29a-4957-a329-430a35551df1@group-EEECBE4E4805-FollowerState] INFO  impl.FollowerState (FollowerState.java:run(134)) - f41ede9f-c29a-4957-a329-430a35551df1@group-EEECBE4E4805-FollowerState: change to CANDIDATE, lastRpcElapsedTime:5046395155ns, electionTimeout:5032ms
2022-03-03 15:04:18,883 [f41ede9f-c29a-4957-a329-430a35551df1@group-EEECBE4E4805-FollowerState] INFO  impl.RoleInfo (RoleInfo.java:shutdownFollowerState(108)) - f41ede9f-c29a-4957-a329-430a35551df1: shutdown f41ede9f-c29a-4957-a329-430a35551df1@group-EEECBE4E4805-FollowerState
2022-03-03 15:04:18,883 [f41ede9f-c29a-4957-a329-430a35551df1@group-EEECBE4E4805-FollowerState] INFO  server.RaftServer$Division (RaftServerImpl.java:setRole(290)) - f41ede9f-c29a-4957-a329-430a35551df1@group-EEECBE4E4805: changes role from  FOLLOWER to CANDIDATE at term 0 for changeToCandidate
2022-03-03 15:04:18,883 [f41ede9f-c29a-4957-a329-430a35551df1@group-EEECBE4E4805-FollowerState] INFO  server.RaftServerConfigKeys (ConfUtils.java:logGet(44)) - raft.server.leaderelection.pre-vote = false (custom)
2022-03-03 15:04:18,883 [f41ede9f-c29a-4957-a329-430a35551df1@group-EEECBE4E4805-FollowerState] INFO  impl.RoleInfo (RoleInfo.java:updateAndGet(130)) - f41ede9f-c29a-4957-a329-430a35551df1: start f41ede9f-c29a-4957-a329-430a35551df1@group-EEECBE4E4805-LeaderElection12
2022-03-03 15:04:18,904 [f41ede9f-c29a-4957-a329-430a35551df1@group-EEECBE4E4805-LeaderElection12] INFO  impl.LeaderElection (LeaderElection.java:askForVotes(306)) - f41ede9f-c29a-4957-a329-430a35551df1@group-EEECBE4E4805-LeaderElection12 ELECTION round 0: submit vote requests at term 1 for -1: [f41ede9f-c29a-4957-a329-430a35551df1|rpc:fv-az50-851:9894|priority:0], old=null
2022-03-03 15:04:18,905 [f41ede9f-c29a-4957-a329-430a35551df1@group-EEECBE4E4805-LeaderElection12] INFO  impl.LeaderElection (LeaderElection.java:askForVotes(308)) - f41ede9f-c29a-4957-a329-430a35551df1@group-EEECBE4E4805-LeaderElection12 ELECTION round 0: result PASSED (term=1)
2022-03-03 15:04:18,905 [f41ede9f-c29a-4957-a329-430a35551df1@group-EEECBE4E4805-LeaderElection12] INFO  impl.RoleInfo (RoleInfo.java:shutdownLeaderElection(121)) - f41ede9f-c29a-4957-a329-430a35551df1: shutdown f41ede9f-c29a-4957-a329-430a35551df1@group-EEECBE4E4805-LeaderElection12
2022-03-03 15:04:18,905 [f41ede9f-c29a-4957-a329-430a35551df1@group-EEECBE4E4805-LeaderElection12] INFO  server.RaftServer$Division (RaftServerImpl.java:setRole(290)) - f41ede9f-c29a-4957-a329-430a35551df1@group-EEECBE4E4805: changes role from CANDIDATE to LEADER at term 1 for changeToLeader
2022-03-03 15:04:18,905 [f41ede9f-c29a-4957-a329-430a35551df1@group-EEECBE4E4805-LeaderElection12] INFO  server.RaftServer$Division (ServerState.java:setLeader(285)) - f41ede9f-c29a-4957-a329-430a35551df1@group-EEECBE4E4805: change Leader from null to f41ede9f-c29a-4957-a329-430a35551df1 at term 1 for becomeLeader, leader elected after 5084ms
2022-03-03 15:04:18,905 [f41ede9f-c29a-4957-a329-430a35551df1@group-EEECBE4E4805-LeaderElection12] INFO  server.RaftServerConfigKeys (ConfUtils.java:logGet(44)) - raft.server.staging.catchup.gap = 1000 (default)
2022-03-03 15:04:18,905 [f41ede9f-c29a-4957-a329-430a35551df1@group-EEECBE4E4805-LeaderElection12] INFO  server.RaftServerConfigKeys (ConfUtils.java:logGet(44)) - raft.server.write.element-limit = 4096 (default)
2022-03-03 15:04:18,906 [f41ede9f-c29a-4957-a329-430a35551df1@group-EEECBE4E4805-LeaderElection12] INFO  server.RaftServerConfigKeys (ConfUtils.java:logGet(44)) - raft.server.write.byte-limit = 64MB (=67108864) (default)
2022-03-03 15:04:18,906 [f41ede9f-c29a-4957-a329-430a35551df1@group-EEECBE4E4805-LeaderElection12] INFO  server.RaftServerConfigKeys (ConfUtils.java:logGet(44)) - raft.server.watch.timeout = 10s (default)
2022-03-03 15:04:18,906 [f41ede9f-c29a-4957-a329-430a35551df1@group-EEECBE4E4805-LeaderElection12] INFO  server.RaftServerConfigKeys (ConfUtils.java:logGet(44)) - raft.server.watch.timeout.denomination = 1s (default)
2022-03-03 15:04:18,906 [f41ede9f-c29a-4957-a329-430a35551df1@group-EEECBE4E4805-LeaderElection12] INFO  server.RaftServerConfigKeys (ConfUtils.java:logGet(44)) - raft.server.watch.element-limit = 65536 (default)
2022-03-03 15:04:18,906 [f41ede9f-c29a-4957-a329-430a35551df1@group-EEECBE4E4805-LeaderElection12] INFO  server.RaftServerConfigKeys (ConfUtils.java:logGet(44)) - raft.server.write.element-limit = 4096 (default)
2022-03-03 15:04:18,906 [f41ede9f-c29a-4957-a329-430a35551df1@group-EEECBE4E4805-LeaderElection12] INFO  server.RaftServerConfigKeys (ConfUtils.java:logGet(44)) - raft.server.write.follower.gap.ratio.max = -1.0 (default)
2022-03-03 15:04:18,906 [f41ede9f-c29a-4957-a329-430a35551df1@group-EEECBE4E4805-LeaderElection12] INFO  impl.RoleInfo (RoleInfo.java:updateAndGet(130)) - f41ede9f-c29a-4957-a329-430a35551df1: start f41ede9f-c29a-4957-a329-430a35551df1@group-EEECBE4E4805-LeaderStateImpl
2022-03-03 15:04:18,907 [f41ede9f-c29a-4957-a329-430a35551df1@group-EEECBE4E4805-LeaderElection12] INFO  segmented.SegmentedRaftLogWorker (SegmentedRaftLogWorker.java:startLogSegment(394)) - f41ede9f-c29a-4957-a329-430a35551df1@group-EEECBE4E4805-SegmentedRaftLogWorker: Starting segment from index:0
2022-03-03 15:04:18,917 [f41ede9f-c29a-4957-a329-430a35551df1@group-EEECBE4E4805-LeaderElection12] INFO  server.RaftServer$Division (ServerState.java:setRaftConf(387)) - f41ede9f-c29a-4957-a329-430a35551df1@group-EEECBE4E4805: set configuration 0: [f41ede9f-c29a-4957-a329-430a35551df1|rpc:fv-az50-851:9894|admin:|client:|dataStream:|priority:0], old=null
2022-03-03 15:04:18,918 [f41ede9f-c29a-4957-a329-430a35551df1@group-EEECBE4E4805-SegmentedRaftLogWorker] INFO  segmented.SegmentedRaftLogWorker (SegmentedRaftLogWorker.java:execute(601)) - f41ede9f-c29a-4957-a329-430a35551df1@group-EEECBE4E4805-SegmentedRaftLogWorker: created new log segment /home/runner/work/ozone/ozone/hadoop-ozone/integration-test/target/test-dir/MiniOzoneClusterImpl-1780bea0-e071-4232-b145-eeecbe4e4805/ozone-meta/scm-ha/1780bea0-e071-4232-b145-eeecbe4e4805/current/log_inprogress_0
2022-03-03 15:04:19,861 [Time-limited test] INFO  server.RaftServer (RaftServerProxy.java:lambda$close$6(391)) - f41ede9f-c29a-4957-a329-430a35551df1: close
2022-03-03 15:04:19,861 [Time-limited test] INFO  server.RaftServer$Division (RaftServerImpl.java:lambda$close$4(412)) - f41ede9f-c29a-4957-a329-430a35551df1@group-EEECBE4E4805: shutdown
2022-03-03 15:04:19,861 [Time-limited test] INFO  util.JmxRegister (JmxRegister.java:unregister(73)) - Successfully un-registered JMX Bean with object name Ratis:service=RaftServer,group=group-EEECBE4E4805,id=f41ede9f-c29a-4957-a329-430a35551df1
2022-03-03 15:04:19,861 [Time-limited test] INFO  impl.RoleInfo (RoleInfo.java:shutdownLeaderState(91)) - f41ede9f-c29a-4957-a329-430a35551df1: shutdown f41ede9f-c29a-4957-a329-430a35551df1@group-EEECBE4E4805-LeaderStateImpl
2022-03-03 15:04:19,861 [Time-limited test] INFO  impl.PendingRequests (PendingRequests.java:sendNotLeaderResponses(282)) - f41ede9f-c29a-4957-a329-430a35551df1@group-EEECBE4E4805-PendingRequests: sendNotLeaderResponses
2022-03-03 15:04:19,862 [Time-limited test] INFO  impl.StateMachineUpdater (StateMachineUpdater.java:stopAndJoin(149)) - f41ede9f-c29a-4957-a329-430a35551df1@group-EEECBE4E4805-StateMachineUpdater: set stopIndex = 0
2022-03-03 15:04:19,867 [f41ede9f-c29a-4957-a329-430a35551df1@group-EEECBE4E4805-StateMachineUpdater] INFO  impl.StateMachineUpdater (StateMachineUpdater.java:takeSnapshot(281)) - f41ede9f-c29a-4957-a329-430a35551df1@group-EEECBE4E4805-StateMachineUpdater: Took a snapshot at index 0
2022-03-03 15:04:19,867 [f41ede9f-c29a-4957-a329-430a35551df1@group-EEECBE4E4805-StateMachineUpdater] INFO  impl.StateMachineUpdater (StateMachineUpdater.java:lambda$new$0(89)) - f41ede9f-c29a-4957-a329-430a35551df1@group-EEECBE4E4805-StateMachineUpdater: snapshotIndex: updateIncreasingly -1 -> 0
2022-03-03 15:04:19,871 [Time-limited test] INFO  server.RaftServer$Division (ServerState.java:close(419)) - f41ede9f-c29a-4957-a329-430a35551df1@group-EEECBE4E4805: closes. applyIndex: 0
2022-03-03 15:04:19,871 [f41ede9f-c29a-4957-a329-430a35551df1@group-EEECBE4E4805-SegmentedRaftLogWorker] INFO  segmented.SegmentedRaftLogWorker (SegmentedRaftLogWorker.java:run(327)) - f41ede9f-c29a-4957-a329-430a35551df1@group-EEECBE4E4805-SegmentedRaftLogWorker was interrupted, exiting. There are 0 tasks remaining in the queue.
2022-03-03 15:04:19,872 [Time-limited test] INFO  segmented.SegmentedRaftLogWorker (SegmentedRaftLogWorker.java:close(237)) - f41ede9f-c29a-4957-a329-430a35551df1@group-EEECBE4E4805-SegmentedRaftLogWorker close()
2022-03-03 15:04:19,883 [Time-limited test] INFO  server.GrpcService (GrpcService.java:closeImpl(262)) - f41ede9f-c29a-4957-a329-430a35551df1: shutdown server with port 9894 now
2022-03-03 15:04:19,883 [Time-limited test] INFO  server.GrpcService (GrpcService.java:closeImpl(271)) - f41ede9f-c29a-4957-a329-430a35551df1: shutdown server with port 9894 successfully
2022-03-03 15:04:19,883 [org.apache.ratis.util.JvmPauseMonitor$$Lambda$431/2038447515@7125eaf4] INFO  util.JvmPauseMonitor (JvmPauseMonitor.java:run(109)) - JvmPauseMonitor-f41ede9f-c29a-4957-a329-430a35551df1: Stopped
2022-03-03 15:04:19,883 [Time-limited test] INFO  ha.SCMHANodeDetails (SCMHANodeDetails.java:loadSCMHAConfig(157)) - ServiceID for StorageContainerManager is null
2022-03-03 15:04:19,883 [Time-limited test] INFO  ha.SCMHANodeDetails (SCMHANodeDetails.java:loadSCMHAConfig(162)) - ozone.scm.default.service.id is not defined, falling back to ozone.scm.service.ids to find serviceID for StorageContainerManager if it is HA enabled cluster
2022-03-03 15:04:19,884 [Time-limited test] WARN  server.ServerUtils (ServerUtils.java:getScmDbDir(148)) - ozone.scm.db.dirs is not configured. We recommend adding this setting. Falling back to ozone.metadata.dirs instead.
2022-03-03 15:04:19,884 [Time-limited test] INFO  upgrade.AbstractLayoutVersionManager (AbstractLayoutVersionManager.java:init(79)) - Initializing Layout version manager with metadata layout = SCM_HA (version = 2), software layout = SCM_HA (version = 2)
2022-03-03 15:04:19,973 [Time-limited test] INFO  reflections.Reflections (Reflections.java:scan(232)) - Reflections took 88 ms to scan 7 urls, producing 122 keys and 286 values 
2022-03-03 15:04:19,993 [Time-limited test] WARN  utils.HAUtils (HAUtils.java:getMetaDir(342)) - ozone.scm.db.dirs is not configured. We recommend adding this setting. Falling back to ozone.metadata.dirs instead.
2022-03-03 15:04:20,006 [Time-limited test] WARN  db.DBStoreBuilder (DBStoreBuilder.java:applyDBDefinition(145)) - ozone.scm.db.dirs is not configured. We recommend adding this setting. Falling back to ozone.metadata.dirs instead.
2022-03-03 15:04:20,137 [Time-limited test] INFO  net.NodeSchemaLoader (NodeSchemaLoader.java:loadSchemaFromFile(129)) - Loading schema from [jar:file:/home/runner/.m2/repository/org/apache/ozone/hdds-common/1.3.0-SNAPSHOT/hdds-common-1.3.0-SNAPSHOT.jar!/network-topology-default.xml]
2022-03-03 15:04:20,137 [Time-limited test] INFO  net.NodeSchemaLoader (NodeSchemaLoader.java:loadSchema(176)) - Loading network topology layer schema file
2022-03-03 15:04:20,140 [Time-limited test] INFO  ha.SCMRatisServerImpl (SCMRatisServerImpl.java:<init>(87)) - starting Raft server for scm:f41ede9f-c29a-4957-a329-430a35551df1
2022-03-03 15:04:20,141 [Time-limited test] INFO  server.RaftServer (ConfUtils.java:logGet(44)) - raft.rpc.type = GRPC (default)
2022-03-03 15:04:20,141 [Time-limited test] INFO  grpc.GrpcFactory (GrpcFactory.java:checkPooledByteBufAllocatorUseCacheForAllThreads(48)) - PERFORMANCE WARNING: useCacheForAllThreads is true that may cause Netty to create a lot garbage objects and, as a result, trigger GC.
	It is recommended to disable useCacheForAllThreads by setting -Dorg.apache.ratis.thirdparty.io.netty.allocator.useCacheForAllThreads=false in command line.
2022-03-03 15:04:20,141 [Time-limited test] INFO  grpc.GrpcConfigKeys (ConfUtils.java:logGet(44)) - raft.grpc.admin.port = -1 (default)
2022-03-03 15:04:20,141 [Time-limited test] INFO  grpc.GrpcConfigKeys (ConfUtils.java:logGet(44)) - raft.grpc.server.port = 9894 (custom)
2022-03-03 15:04:20,141 [Time-limited test] INFO  grpc.GrpcConfigKeys (ConfUtils.java:logGet(44)) - raft.grpc.client.port = -1 (default)
2022-03-03 15:04:20,141 [Time-limited test] INFO  grpc.GrpcConfigKeys (ConfUtils.java:logGet(44)) - raft.grpc.server.port = 9894 (custom)
2022-03-03 15:04:20,141 [Time-limited test] INFO  grpc.GrpcConfigKeys (ConfUtils.java:logGet(44)) - raft.grpc.server.port = 9894 (custom)
2022-03-03 15:04:20,141 [Time-limited test] INFO  server.GrpcService (ConfUtils.java:logGet(44)) - raft.grpc.message.size.max = 32m (=33554432) (custom)
2022-03-03 15:04:20,142 [Time-limited test] INFO  server.RaftServerConfigKeys (ConfUtils.java:logGet(44)) - raft.server.log.appender.buffer.byte-limit = 33554432 (custom)
2022-03-03 15:04:20,142 [Time-limited test] INFO  server.GrpcService (ConfUtils.java:logGet(44)) - raft.grpc.flow.control.window = 1MB (=1048576) (default)
2022-03-03 15:04:20,142 [Time-limited test] INFO  server.RaftServerConfigKeys (ConfUtils.java:logGet(44)) - raft.server.rpc.request.timeout = 30000ms (custom)
2022-03-03 15:04:20,151 [Time-limited test] INFO  impl.DataStreamServerImpl (ConfUtils.java:logGet(44)) - raft.datastream.type = DISABLED (default)
2022-03-03 15:04:20,151 [Time-limited test] INFO  server.RaftServerConfigKeys (ConfUtils.java:logGet(44)) - raft.server.rpc.slowness.timeout = 120000ms (custom)
2022-03-03 15:04:20,151 [Time-limited test] INFO  server.RaftServerConfigKeys (ConfUtils.java:logGet(44)) - raft.server.leaderelection.leader.step-down.wait-time = 10s (default)
2022-03-03 15:04:20,151 [Time-limited test] INFO  server.RaftServerConfigKeys (ConfUtils.java:logGet(44)) - raft.server.storage.dir = [/home/runner/work/ozone/ozone/hadoop-ozone/integration-test/target/test-dir/MiniOzoneClusterImpl-1780bea0-e071-4232-b145-eeecbe4e4805/ozone-meta/scm-ha] (custom)
2022-03-03 15:04:20,151 [Time-limited test] INFO  server.RaftServer (RaftServerProxy.java:lambda$null$1(235)) - f41ede9f-c29a-4957-a329-430a35551df1: found a subdirectory /home/runner/work/ozone/ozone/hadoop-ozone/integration-test/target/test-dir/MiniOzoneClusterImpl-1780bea0-e071-4232-b145-eeecbe4e4805/ozone-meta/scm-ha/1780bea0-e071-4232-b145-eeecbe4e4805
2022-03-03 15:04:20,171 [Time-limited test] INFO  server.RaftServer (RaftServerProxy.java:addNew(95)) - f41ede9f-c29a-4957-a329-430a35551df1: addNew group-EEECBE4E4805:[] returns group-EEECBE4E4805:java.util.concurrent.CompletableFuture@75e38182[Not completed]
2022-03-03 15:04:20,171 [pool-221-thread-1] INFO  server.RaftServer$Division (RaftServerImpl.java:<init>(184)) - f41ede9f-c29a-4957-a329-430a35551df1: new RaftServerImpl for group-EEECBE4E4805:[] with SCMStateMachine:uninitialized
2022-03-03 15:04:20,180 [pool-221-thread-1] INFO  server.RaftServerConfigKeys (ConfUtils.java:logGet(44)) - raft.server.rpc.timeout.min = 5000ms (custom)
2022-03-03 15:04:20,180 [pool-221-thread-1] INFO  server.RaftServerConfigKeys (ConfUtils.java:logGet(44)) - raft.server.rpc.timeout.max = 5200ms (custom)
2022-03-03 15:04:20,180 [pool-221-thread-1] INFO  server.RaftServerConfigKeys (ConfUtils.java:logGet(44)) - raft.server.rpc.sleep.time = 25ms (default)
2022-03-03 15:04:20,180 [pool-221-thread-1] INFO  server.RaftServerConfigKeys (ConfUtils.java:logGet(44)) - raft.server.rpc.slowness.timeout = 120000ms (custom)
2022-03-03 15:04:20,180 [pool-221-thread-1] INFO  server.RaftServerConfigKeys (ConfUtils.java:logGet(44)) - raft.server.leaderelection.leader.step-down.wait-time = 10s (default)
2022-03-03 15:04:20,180 [pool-221-thread-1] INFO  server.RaftServerConfigKeys (ConfUtils.java:logGet(44)) - raft.server.sleep.deviation.threshold = 300ms (default)
2022-03-03 15:04:20,180 [pool-221-thread-1] INFO  server.RaftServerConfigKeys (ConfUtils.java:logGet(44)) - raft.server.log.appender.install.snapshot.enabled = false (custom)
2022-03-03 15:04:20,180 [pool-221-thread-1] INFO  server.RaftServer$Division (ServerState.java:<init>(105)) - f41ede9f-c29a-4957-a329-430a35551df1@group-EEECBE4E4805: ConfigurationManager, init=-1: [], old=null, confs=<EMPTY_MAP>
2022-03-03 15:04:20,180 [pool-221-thread-1] INFO  server.RaftServerConfigKeys (ConfUtils.java:logGet(44)) - raft.server.storage.dir = [/home/runner/work/ozone/ozone/hadoop-ozone/integration-test/target/test-dir/MiniOzoneClusterImpl-1780bea0-e071-4232-b145-eeecbe4e4805/ozone-meta/scm-ha] (custom)
2022-03-03 15:04:20,180 [pool-221-thread-1] INFO  server.RaftServerConfigKeys (ConfUtils.java:logGet(44)) - raft.server.log.corruption.policy = EXCEPTION (default)
2022-03-03 15:04:20,180 [pool-221-thread-1] INFO  server.RaftServerConfigKeys (ConfUtils.java:logGet(44)) - raft.server.storage.free-space.min = 0MB (=0) (default)
2022-03-03 15:04:20,182 [pool-221-thread-1] INFO  storage.RaftStorageDirectory (RaftStorageDirectoryImpl.java:tryLock(230)) - Lock on /home/runner/work/ozone/ozone/hadoop-ozone/integration-test/target/test-dir/MiniOzoneClusterImpl-1780bea0-e071-4232-b145-eeecbe4e4805/ozone-meta/scm-ha/1780bea0-e071-4232-b145-eeecbe4e4805/in_use.lock acquired by nodename 16342@fv-az50-851
2022-03-03 15:04:20,182 [pool-221-thread-1] INFO  storage.RaftStorage (RaftStorageImpl.java:analyzeAndRecoverStorage(110)) - Read RaftStorageMetadata{term=1, votedFor=f41ede9f-c29a-4957-a329-430a35551df1} from /home/runner/work/ozone/ozone/hadoop-ozone/integration-test/target/test-dir/MiniOzoneClusterImpl-1780bea0-e071-4232-b145-eeecbe4e4805/ozone-meta/scm-ha/1780bea0-e071-4232-b145-eeecbe4e4805/current/raft-meta
2022-03-03 15:04:20,183 [pool-221-thread-1] INFO  server.RaftServer$Division (ServerState.java:setRaftConf(387)) - f41ede9f-c29a-4957-a329-430a35551df1@group-EEECBE4E4805: set configuration 0: [f41ede9f-c29a-4957-a329-430a35551df1|rpc:fv-az50-851:9894|admin:|client:|dataStream:|priority:0], old=null
2022-03-03 15:04:20,183 [pool-221-thread-1] INFO  server.RaftServerConfigKeys (ConfUtils.java:logGet(44)) - raft.server.notification.no-leader.timeout = 60s (default)
2022-03-03 15:04:20,183 [pool-221-thread-1] INFO  server.RaftServerConfigKeys (ConfUtils.java:logGet(44)) - raft.server.log.use.memory = false (default)
2022-03-03 15:04:20,183 [pool-221-thread-1] INFO  server.RaftServerConfigKeys (ConfUtils.java:logGet(44)) - raft.server.log.purge.gap = 1000000 (custom)
2022-03-03 15:04:20,183 [pool-221-thread-1] INFO  server.RaftServerConfigKeys (ConfUtils.java:logGet(44)) - raft.server.log.appender.buffer.byte-limit = 33554432 (custom)
2022-03-03 15:04:20,183 [pool-221-thread-1] INFO  server.RaftServerConfigKeys (ConfUtils.java:logGet(44)) - raft.server.log.segment.size.max = 4194304 (custom)
2022-03-03 15:04:20,183 [pool-221-thread-1] INFO  server.RaftServerConfigKeys (ConfUtils.java:logGet(44)) - raft.server.log.segment.cache.num.max = 2 (custom)
2022-03-03 15:04:20,183 [pool-221-thread-1] INFO  server.RaftServerConfigKeys (ConfUtils.java:logGet(44)) - raft.server.log.segment.cache.size.max = 200MB (=209715200) (default)
2022-03-03 15:04:20,184 [pool-221-thread-1] INFO  segmented.SegmentedRaftLogWorker (SegmentedRaftLogWorker.java:<init>(182)) - new f41ede9f-c29a-4957-a329-430a35551df1@group-EEECBE4E4805-SegmentedRaftLogWorker for RaftStorageImpl:Storage Directory /home/runner/work/ozone/ozone/hadoop-ozone/integration-test/target/test-dir/MiniOzoneClusterImpl-1780bea0-e071-4232-b145-eeecbe4e4805/ozone-meta/scm-ha/1780bea0-e071-4232-b145-eeecbe4e4805
2022-03-03 15:04:20,184 [pool-221-thread-1] INFO  server.RaftServerConfigKeys (ConfUtils.java:logGet(44)) - raft.server.log.queue.byte-limit = 64MB (=67108864) (default)
2022-03-03 15:04:20,184 [pool-221-thread-1] INFO  server.RaftServerConfigKeys (ConfUtils.java:logGet(44)) - raft.server.log.queue.element-limit = 4096 (default)
2022-03-03 15:04:20,184 [pool-221-thread-1] INFO  server.RaftServerConfigKeys (ConfUtils.java:logGet(44)) - raft.server.log.segment.size.max = 4194304 (custom)
2022-03-03 15:04:20,184 [pool-221-thread-1] INFO  server.RaftServerConfigKeys (ConfUtils.java:logGet(44)) - raft.server.log.preallocated.size = 4194304 (custom)
2022-03-03 15:04:20,184 [pool-221-thread-1] INFO  server.RaftServerConfigKeys (ConfUtils.java:logGet(44)) - raft.server.log.force.sync.num = 128 (default)
2022-03-03 15:04:20,184 [pool-221-thread-1] INFO  server.RaftServerConfigKeys (ConfUtils.java:logGet(44)) - raft.server.log.statemachine.data.sync = true (default)
2022-03-03 15:04:20,184 [pool-221-thread-1] INFO  server.RaftServerConfigKeys (ConfUtils.java:logGet(44)) - raft.server.log.statemachine.data.sync.timeout = 10s (default)
2022-03-03 15:04:20,184 [pool-221-thread-1] INFO  server.RaftServerConfigKeys (ConfUtils.java:logGet(44)) - raft.server.log.statemachine.data.sync.timeout.retry = -1 (default)
2022-03-03 15:04:20,184 [pool-221-thread-1] INFO  server.RaftServerConfigKeys (ConfUtils.java:logGet(44)) - raft.server.log.write.buffer.size = 64KB (=65536) (default)
2022-03-03 15:04:20,185 [pool-221-thread-1] INFO  server.RaftServerConfigKeys (ConfUtils.java:logGet(44)) - raft.server.log.statemachine.data.caching.enabled = false (default)
2022-03-03 15:04:20,185 [pool-221-thread-1] INFO  server.RaftServer$Division (ServerState.java:setRaftConf(387)) - f41ede9f-c29a-4957-a329-430a35551df1@group-EEECBE4E4805: set configuration 0: [f41ede9f-c29a-4957-a329-430a35551df1|rpc:fv-az50-851:9894|admin:|client:|dataStream:|priority:0], old=null
2022-03-03 15:04:20,185 [pool-221-thread-1] INFO  segmented.LogSegment (LogSegment.java:loadSegment(173)) - Successfully read 1 entries from segment file /home/runner/work/ozone/ozone/hadoop-ozone/integration-test/target/test-dir/MiniOzoneClusterImpl-1780bea0-e071-4232-b145-eeecbe4e4805/ozone-meta/scm-ha/1780bea0-e071-4232-b145-eeecbe4e4805/current/log_inprogress_0
2022-03-03 15:04:20,203 [pool-221-thread-1] INFO  segmented.SegmentedRaftLogWorker (SegmentedRaftLogWorker.java:lambda$new$0(133)) - f41ede9f-c29a-4957-a329-430a35551df1@group-EEECBE4E4805-SegmentedRaftLogWorker: flushIndex: setUnconditionally 0 -> 0
2022-03-03 15:04:20,203 [pool-221-thread-1] INFO  segmented.SegmentedRaftLogWorker (SegmentedRaftLogWorker.java:lambda$new$0(133)) - f41ede9f-c29a-4957-a329-430a35551df1@group-EEECBE4E4805-SegmentedRaftLogWorker: safeCacheEvictIndex: setUnconditionally 0 -> -1
2022-03-03 15:04:20,215 [pool-221-thread-1] INFO  server.RaftServerConfigKeys (ConfUtils.java:logGet(44)) - raft.server.snapshot.auto.trigger.enabled = true (custom)
2022-03-03 15:04:20,215 [pool-221-thread-1] INFO  server.RaftServerConfigKeys (ConfUtils.java:logGet(44)) - raft.server.snapshot.auto.trigger.threshold = 1000 (custom)
2022-03-03 15:04:20,215 [pool-221-thread-1] INFO  server.RaftServerConfigKeys (ConfUtils.java:logGet(44)) - raft.server.snapshot.retention.file.num = -1 (default)
2022-03-03 15:04:20,215 [pool-221-thread-1] INFO  server.RaftServerConfigKeys (ConfUtils.java:logGet(44)) - raft.server.log.purge.upto.snapshot.index = false (default)
2022-03-03 15:04:20,215 [pool-221-thread-1] INFO  server.RaftServerConfigKeys (ConfUtils.java:logGet(44)) - raft.server.retrycache.expirytime = 60000ms (default)
2022-03-03 15:04:20,215 [pool-221-thread-1] INFO  server.RaftServerConfigKeys (ConfUtils.java:logGet(44)) - raft.server.retrycache.statistics.expirytime = 100μs (default)
2022-03-03 15:04:20,216 [Time-limited test] INFO  ha.SCMSnapshotProvider (SCMSnapshotProvider.java:<init>(66)) - Initializing SCM Snapshot Provider
2022-03-03 15:04:20,227 [Time-limited test] WARN  server.ServerUtils (ServerUtils.java:getDefaultRatisDirectory(237)) - Storage directory for Ratis is not configured. It is a good idea to map this to an SSD disk. Falling back to ozone.metadata.dirs
2022-03-03 15:04:20,227 [Time-limited test] WARN  ha.SCMHAUtils (SCMHAUtils.java:getSCMRatisSnapshotDirectory(151)) - SCM snapshot dir is not configured. Falling back to ozone.metadata.dirs config
2022-03-03 15:04:20,228 [Time-limited test] INFO  ha.SequenceIdGenerator (SequenceIdGenerator.java:upgradeToSequenceId(347)) - upgrade localId to 109611004723200000
2022-03-03 15:04:20,231 [Time-limited test] INFO  ha.SequenceIdGenerator (SequenceIdGenerator.java:upgradeToSequenceId(357)) - upgrade delTxnId to 0
2022-03-03 15:04:20,231 [Time-limited test] INFO  ha.SequenceIdGenerator (SequenceIdGenerator.java:upgradeToSequenceId(371)) - upgrade containerId to 0
2022-03-03 15:04:20,231 [Time-limited test] INFO  ha.SequenceIdGenerator (SequenceIdGenerator.java:<init>(218)) - Init the HA SequenceIdGenerator.
2022-03-03 15:04:20,231 [Time-limited test] WARN  server.ServerUtils (ServerUtils.java:sanitizeUserArgs(73)) - ozone.scm.stale.node.interval value = 300000 is larger than max = 100000 based on the key value of ozone.scm.heartbeat.thread.interval, reset to the max value 100000.
2022-03-03 15:04:20,231 [Time-limited test] WARN  server.ServerUtils (ServerUtils.java:sanitizeUserArgs(73)) - ozone.scm.stale.node.interval value = 300000 is larger than max = 100000 based on the key value of ozone.scm.heartbeat.thread.interval, reset to the max value 100000.
2022-03-03 15:04:20,239 [Time-limited test] INFO  node.SCMNodeManager (SCMNodeManager.java:<init>(146)) - Entering startup safe mode.
2022-03-03 15:04:20,239 [Time-limited test] INFO  algorithms.ContainerPlacementPolicyFactory (ContainerPlacementPolicyFactory.java:getPolicy(60)) - Create container placement policy of type org.apache.hadoop.hdds.scm.container.placement.algorithms.SCMContainerPlacementRandom
2022-03-03 15:04:20,243 [Time-limited test] INFO  pipeline.PipelineStateManagerImpl (PipelineStateManagerImpl.java:initialize(78)) - No pipeline exists in current db
2022-03-03 15:04:20,243 [Time-limited test] INFO  algorithms.LeaderChoosePolicyFactory (LeaderChoosePolicyFactory.java:getPolicy(57)) - Create leader choose policy of type org.apache.hadoop.hdds.scm.pipeline.leader.choose.algorithms.MinLeaderCountChoosePolicy
2022-03-03 15:04:20,244 [Time-limited test] INFO  ha.SCMServiceManager (SCMServiceManager.java:register(42)) - Registering service BackgroundPipelineCreator.
2022-03-03 15:04:20,244 [Time-limited test] INFO  pipeline.BackgroundPipelineCreator (BackgroundPipelineCreator.java:start(130)) - Starting RatisPipelineUtilsThread.
2022-03-03 15:04:20,245 [Time-limited test] INFO  algorithms.PipelineChoosePolicyFactory (PipelineChoosePolicyFactory.java:createPipelineChoosePolicyFromClass(73)) - Create pipeline choose policy of type org.apache.hadoop.hdds.scm.pipeline.choose.algorithms.RandomPipelineChoosePolicy
2022-03-03 15:04:20,245 [Time-limited test] INFO  ha.SCMServiceManager (SCMServiceManager.java:register(42)) - Registering service SCMBlockDeletingService.
2022-03-03 15:04:20,245 [Time-limited test] INFO  ha.SCMServiceManager (SCMServiceManager.java:register(42)) - Registering service ReplicationManager.
2022-03-03 15:04:20,245 [Time-limited test] INFO  container.ReplicationManager (ReplicationManager.java:start(326)) - Starting Replication Monitor Thread.
2022-03-03 15:04:20,246 [Time-limited test] INFO  safemode.ContainerSafeModeRule (ContainerSafeModeRule.java:<init>(89)) - containers with one replica threshold count 0
2022-03-03 15:04:20,246 [Time-limited test] INFO  safemode.HealthyPipelineSafeModeRule (HealthyPipelineSafeModeRule.java:initializeRule(156)) - Total pipeline count is 0, healthy pipeline threshold count is 1
2022-03-03 15:04:20,246 [Time-limited test] INFO  safemode.OneReplicaPipelineSafeModeRule (OneReplicaPipelineSafeModeRule.java:initializeRule(180)) - Total pipeline count is 0, pipeline's with at least one datanode reported threshold count is 0
2022-03-03 15:04:20,247 [Time-limited test] INFO  ipc.CallQueueManager (CallQueueManager.java:<init>(90)) - Using callQueue: class java.util.concurrent.LinkedBlockingQueue, queueCapacity: 2000, scheduler: class org.apache.hadoop.ipc.DefaultRpcScheduler, ipcBackoff: false.
2022-03-03 15:04:20,247 [Socket Reader #1 for port 0] INFO  ipc.Server (Server.java:run(1265)) - Starting Socket Reader #1 for port 0
2022-03-03 15:04:20,248 [Listener at 0.0.0.0/34909] INFO  ipc.CallQueueManager (CallQueueManager.java:<init>(90)) - Using callQueue: class java.util.concurrent.LinkedBlockingQueue, queueCapacity: 2000, scheduler: class org.apache.hadoop.ipc.DefaultRpcScheduler, ipcBackoff: false.
2022-03-03 15:04:20,248 [Socket Reader #1 for port 0] INFO  ipc.Server (Server.java:run(1265)) - Starting Socket Reader #1 for port 0
2022-03-03 15:04:20,249 [Listener at 0.0.0.0/45625] INFO  ipc.CallQueueManager (CallQueueManager.java:<init>(90)) - Using callQueue: class java.util.concurrent.LinkedBlockingQueue, queueCapacity: 2000, scheduler: class org.apache.hadoop.ipc.DefaultRpcScheduler, ipcBackoff: false.
2022-03-03 15:04:20,249 [Socket Reader #1 for port 0] INFO  ipc.Server (Server.java:run(1265)) - Starting Socket Reader #1 for port 0
2022-03-03 15:04:20,270 [ReplicationMonitor] INFO  container.ReplicationManager (ReplicationManager.java:processAll(374)) - Replication Manager is not ready to run until 3000ms after safemode exit
2022-03-03 15:04:20,288 [Listener at 0.0.0.0/36715] INFO  server.StorageContainerManager (StorageContainerManager.java:<init>(389)) - 
Container Balancer status:
Key                            Value
Running                        false
Container Balancer Configuration values:
Key                                                Value
Threshold                                          10
Max Datanodes to Involve per Iteration(percent)    20
Max Size to Move per Iteration                     500GB
Max Size Entering Target per Iteration             26GB
Max Size Leaving Source per Iteration              26GB

2022-03-03 15:04:20,288 [Listener at 0.0.0.0/36715] WARN  events.EventQueue (EventQueue.java:fireEvent(194)) - No event handler registered for event TypedEvent{payloadType=SafeModeStatus, name='Safe mode status'}
2022-03-03 15:04:20,288 [Listener at 0.0.0.0/36715] INFO  ha.SCMContext (SCMContext.java:updateSafeModeStatus(211)) - Update SafeModeStatus from SafeModeStatus{safeModeStatus=true, preCheckPassed=false} to SafeModeStatus{safeModeStatus=true, preCheckPassed=false}.
2022-03-03 15:04:20,289 [Listener at 0.0.0.0/36715] INFO  server.StorageContainerManager (StorageContainerManager.java:start(1327)) - StorageContainerLocationProtocol RPC server is listening at /0.0.0.0:36715
2022-03-03 15:04:20,289 [Listener at 0.0.0.0/36715] INFO  ha.SCMRatisServerImpl (SCMRatisServerImpl.java:start(177)) - starting ratis server 0.0.0.0:9894
2022-03-03 15:04:20,289 [Listener at 0.0.0.0/36715] INFO  server.RaftServer$Division (RaftServerImpl.java:start(301)) - f41ede9f-c29a-4957-a329-430a35551df1@group-EEECBE4E4805: start as a follower, conf=0: [f41ede9f-c29a-4957-a329-430a35551df1|rpc:fv-az50-851:9894|admin:|client:|dataStream:|priority:0], old=null
2022-03-03 15:04:20,289 [Listener at 0.0.0.0/36715] INFO  server.RaftServer$Division (RaftServerImpl.java:setRole(290)) - f41ede9f-c29a-4957-a329-430a35551df1@group-EEECBE4E4805: changes role from      null to FOLLOWER at term 1 for startAsFollower
2022-03-03 15:04:20,289 [Listener at 0.0.0.0/36715] INFO  impl.RoleInfo (RoleInfo.java:updateAndGet(130)) - f41ede9f-c29a-4957-a329-430a35551df1: start f41ede9f-c29a-4957-a329-430a35551df1@group-EEECBE4E4805-FollowerState
2022-03-03 15:04:20,303 [Listener at 0.0.0.0/36715] INFO  util.JmxRegister (JmxRegister.java:tryRegister(44)) - Successfully registered JMX Bean with object name Ratis:service=RaftServer,group=group-EEECBE4E4805,id=f41ede9f-c29a-4957-a329-430a35551df1
2022-03-03 15:04:20,332 [Listener at 0.0.0.0/36715] INFO  server.RaftServer (RaftServerProxy.java:lambda$start$5(374)) - f41ede9f-c29a-4957-a329-430a35551df1: start RPC server
2022-03-03 15:04:20,334 [Listener at 0.0.0.0/36715] INFO  server.GrpcService (GrpcService.java:startImpl(253)) - f41ede9f-c29a-4957-a329-430a35551df1: GrpcService started, listening on 9894
2022-03-03 15:04:20,351 [Listener at 0.0.0.0/36715] INFO  ha.SCMHAManagerImpl (SCMHAManagerImpl.java:start(121)) -  scm role is FOLLOWER peers [f41ede9f-c29a-4957-a329-430a35551df1|rpc:fv-az50-851:9894|admin:|client:|dataStream:|priority:0]
2022-03-03 15:04:20,351 [Listener at 0.0.0.0/36715] INFO  ha.InterSCMGrpcService (InterSCMGrpcProtocolService.java:start(94)) - Starting SCM Grpc Service at port 9895
2022-03-03 15:04:20,358 [org.apache.ratis.util.JvmPauseMonitor$$Lambda$431/2038447515@7eaa60ef] INFO  util.JvmPauseMonitor (JvmPauseMonitor.java:run(103)) - JvmPauseMonitor-f41ede9f-c29a-4957-a329-430a35551df1: Started
2022-03-03 15:04:20,360 [Listener at 0.0.0.0/36715] WARN  impl.MetricsConfig (MetricsConfig.java:loadFirst(136)) - Cannot locate configuration: tried hadoop-metrics2-storagecontainermanager.properties,hadoop-metrics2.properties
2022-03-03 15:04:20,378 [Listener at 0.0.0.0/36715] INFO  impl.MetricsSystemImpl (MetricsSystemImpl.java:startTimer(378)) - Scheduled Metric snapshot period at 10 second(s).
2022-03-03 15:04:20,379 [Listener at 0.0.0.0/36715] INFO  impl.MetricsSystemImpl (MetricsSystemImpl.java:start(191)) - StorageContainerManager metrics system started
2022-03-03 15:04:20,398 [Listener at 0.0.0.0/36715] INFO  impl.MetricsSinkAdapter (MetricsSinkAdapter.java:start(204)) - Sink prometheus started
2022-03-03 15:04:20,398 [Listener at 0.0.0.0/36715] INFO  impl.MetricsSystemImpl (MetricsSystemImpl.java:registerSink(305)) - Registered sink prometheus
2022-03-03 15:04:20,410 [Listener at 0.0.0.0/36715] INFO  server.SCMClientProtocolServer (SCMClientProtocolServer.java:start(165)) - RPC server for Client  is listening at /0.0.0.0:36715
2022-03-03 15:04:20,411 [IPC Server Responder] INFO  ipc.Server (Server.java:run(1507)) - IPC Server Responder: starting
2022-03-03 15:04:20,420 [IPC Server listener on 0] INFO  ipc.Server (Server.java:run(1344)) - IPC Server listener on 0: starting
2022-03-03 15:04:20,551 [Listener at 0.0.0.0/36715] INFO  server.StorageContainerManager (StorageContainerManager.java:start(1342)) - ScmBlockLocationProtocol RPC server is listening at /0.0.0.0:45625
2022-03-03 15:04:20,551 [Listener at 0.0.0.0/36715] INFO  server.SCMBlockProtocolServer (SCMBlockProtocolServer.java:start(151)) - RPC server for Block Protocol is listening at /0.0.0.0:45625
2022-03-03 15:04:20,555 [IPC Server Responder] INFO  ipc.Server (Server.java:run(1507)) - IPC Server Responder: starting
2022-03-03 15:04:20,555 [IPC Server listener on 0] INFO  ipc.Server (Server.java:run(1344)) - IPC Server listener on 0: starting
2022-03-03 15:04:20,600 [Listener at 0.0.0.0/36715] INFO  http.BaseHttpServer (BaseHttpServer.java:newHttpServer2BuilderForOzone(209)) - Starting Web-server for scm at: http://0.0.0.0:0
2022-03-03 15:04:20,600 [Listener at 0.0.0.0/36715] INFO  http.BaseHttpServer (BaseHttpServer.java:<init>(107)) - Hadoop Security Enabled: false Ozone Security Enabled: false Ozone HTTP Security Enabled: false 
2022-03-03 15:04:20,601 [Listener at 0.0.0.0/36715] INFO  server.AuthenticationFilter (AuthenticationFilter.java:constructSecretProvider(240)) - Unable to initialize FileSignerSecretProvider, falling back to use random secrets.
2022-03-03 15:04:20,602 [Listener at 0.0.0.0/36715] WARN  http.HttpRequestLog (HttpRequestLog.java:getRequestLog(103)) - Jetty request log can only be enabled using Log4j
2022-03-03 15:04:20,603 [Listener at 0.0.0.0/36715] INFO  http.HttpServer2 (HttpServer2.java:addGlobalFilter(1030)) - Added global filter 'safety' (class=org.apache.hadoop.hdds.server.http.HttpServer2$QuotingInputFilter)
2022-03-03 15:04:20,604 [Listener at 0.0.0.0/36715] INFO  http.HttpServer2 (HttpServer2.java:addFilter(1006)) - Added filter static_user_filter (class=org.apache.hadoop.http.lib.StaticUserWebFilter$StaticUserFilter) to context scm
2022-03-03 15:04:20,604 [Listener at 0.0.0.0/36715] INFO  http.HttpServer2 (HttpServer2.java:addFilter(1014)) - Added filter static_user_filter (class=org.apache.hadoop.http.lib.StaticUserWebFilter$StaticUserFilter) to context logs
2022-03-03 15:04:20,604 [Listener at 0.0.0.0/36715] INFO  http.HttpServer2 (HttpServer2.java:addFilter(1014)) - Added filter static_user_filter (class=org.apache.hadoop.http.lib.StaticUserWebFilter$StaticUserFilter) to context static
2022-03-03 15:04:20,604 [Listener at 0.0.0.0/36715] INFO  http.HttpServer2 (HttpServer2.java:bindListener(1249)) - Jetty bound to port 35193
2022-03-03 15:04:20,604 [Listener at 0.0.0.0/36715] INFO  server.Server (Server.java:doStart(375)) - jetty-9.4.43.v20210629; built: 2021-06-30T11:07:22.254Z; git: 526006ecfa3af7f1a27ef3a288e2bef7ea9dd7e8; jvm 1.8.0_322-b06
2022-03-03 15:04:20,619 [org.apache.hadoop.util.JvmPauseMonitor$Monitor@2087b23b] INFO  util.JvmPauseMonitor (JvmPauseMonitor.java:run(188)) - Starting JVM pause monitor
2022-03-03 15:04:20,635 [Listener at 0.0.0.0/36715] INFO  server.session (DefaultSessionIdManager.java:doStart(334)) - DefaultSessionIdManager workerName=node0
2022-03-03 15:04:20,635 [Listener at 0.0.0.0/36715] INFO  server.session (DefaultSessionIdManager.java:doStart(339)) - No SessionScavenger set, using defaults
2022-03-03 15:04:20,635 [Listener at 0.0.0.0/36715] INFO  server.session (HouseKeeper.java:startScavenging(132)) - node0 Scavenging every 600000ms
2022-03-03 15:04:20,639 [Listener at 0.0.0.0/36715] INFO  handler.ContextHandler (ContextHandler.java:doStart(915)) - Started o.e.j.s.ServletContextHandler@10a59750{logs,/logs,file:///home/runner/work/ozone/ozone/hadoop-ozone/integration-test/target/log,AVAILABLE}
2022-03-03 15:04:20,639 [Listener at 0.0.0.0/36715] INFO  handler.ContextHandler (ContextHandler.java:doStart(915)) - Started o.e.j.s.ServletContextHandler@612077eb{static,/static,file:///home/runner/work/ozone/ozone/hadoop-ozone/integration-test/target/test-classes/webapps/static,AVAILABLE}
2022-03-03 15:04:20,642 [Listener at 0.0.0.0/36715] INFO  handler.ContextHandler (ContextHandler.java:doStart(915)) - Started o.e.j.w.WebAppContext@4fcc7805{scm,/,file:///home/runner/work/ozone/ozone/hadoop-ozone/integration-test/target/test-classes/webapps/scm/,AVAILABLE}{file:/home/runner/work/ozone/ozone/hadoop-ozone/integration-test/target/test-classes/webapps/scm}
2022-03-03 15:04:20,659 [Listener at 0.0.0.0/36715] INFO  server.AbstractConnector (AbstractConnector.java:doStart(331)) - Started ServerConnector@7ca6f30f{HTTP/1.1, (http/1.1)}{0.0.0.0:35193}
2022-03-03 15:04:20,659 [Listener at 0.0.0.0/36715] INFO  server.Server (Server.java:doStart(415)) - Started @84603ms
2022-03-03 15:04:20,659 [Listener at 0.0.0.0/36715] WARN  impl.MetricsSystemImpl (MetricsSystemImpl.java:register(279)) - Sink prometheus already exists!
2022-03-03 15:04:20,660 [Listener at 0.0.0.0/36715] INFO  http.BaseHttpServer (BaseHttpServer.java:updateConnectorAddress(329)) - HTTP server of scm listening at http://0.0.0.0:35193
2022-03-03 15:04:20,660 [Listener at 0.0.0.0/36715] WARN  server.ServerUtils (ServerUtils.java:getDBPath(225)) - ozone.om.db.dirs is not configured. We recommend adding this setting. Falling back to ozone.metadata.dirs instead.
2022-03-03 15:04:20,661 [Listener at 0.0.0.0/36715] INFO  ha.OMHANodeDetails (OMHANodeDetails.java:loadOMHAConfig(112)) - ozone.om.internal.service.id is not defined, falling back to ozone.om.service.ids to find serviceID for OzoneManager if it is HA enabled cluster
2022-03-03 15:04:20,661 [Listener at 0.0.0.0/36715] INFO  ha.OMHANodeDetails (OMHANodeDetails.java:loadOMHAConfig(218)) - Configuration does not have ozone.om.address set. Falling back to the default OM address /127.0.0.1:0
2022-03-03 15:04:20,662 [Listener at 0.0.0.0/36715] INFO  ha.OMHANodeDetails (OMHANodeDetails.java:getOMNodeDetailsForNonHA(246)) - OM Service ID is not set. Setting it to the default ID: omServiceIdDefault
2022-03-03 15:04:20,662 [Listener at 0.0.0.0/36715] INFO  ha.OMHANodeDetails (OMHANodeDetails.java:getOMNodeDetailsForNonHA(253)) - OM Node ID is not set. Setting it to the default ID: om1
2022-03-03 15:04:20,662 [Listener at 0.0.0.0/36715] WARN  server.ServerUtils (ServerUtils.java:getDBPath(225)) - ozone.om.db.dirs is not configured. We recommend adding this setting. Falling back to ozone.metadata.dirs instead.
2022-03-03 15:04:20,662 [Listener at 0.0.0.0/36715] INFO  upgrade.AbstractLayoutVersionManager (AbstractLayoutVersionManager.java:init(79)) - Initializing Layout version manager with metadata layout = INITIAL_VERSION (version = 0), software layout = INITIAL_VERSION (version = 0)
2022-03-03 15:04:20,774 [Listener at 0.0.0.0/36715] INFO  reflections.Reflections (Reflections.java:scan(232)) - Reflections took 111 ms to scan 2 urls, producing 134 keys and 349 values [using 2 cores]
2022-03-03 15:04:20,775 [Listener at 0.0.0.0/36715] INFO  upgrade.OMLayoutVersionManager (OMLayoutVersionManager.java:lambda$0(115)) - Skipping Upgrade Action MockOmUpgradeAction since it has been finalized.
2022-03-03 15:04:20,775 [Listener at 0.0.0.0/36715] WARN  server.ServerUtils (ServerUtils.java:getDBPath(225)) - ozone.om.db.dirs is not configured. We recommend adding this setting. Falling back to ozone.metadata.dirs instead.
2022-03-03 15:04:22,814 [Listener at 0.0.0.0/36715] INFO  retry.RetryInvocationHandler (RetryInvocationHandler.java:log(411)) - com.google.protobuf.ServiceException: org.apache.hadoop.ipc.RemoteException(org.apache.hadoop.hdds.ratis.ServerNotLeaderException): Server:f41ede9f-c29a-4957-a329-430a35551df1 is not the leader. Could not determine the leader node.
	at org.apache.hadoop.hdds.ratis.ServerNotLeaderException.convertToNotLeaderException(ServerNotLeaderException.java:109)
	at org.apache.hadoop.hdds.scm.ha.RatisUtil.checkRatisException(RatisUtil.java:246)
	at org.apache.hadoop.hdds.scm.protocol.ScmBlockLocationProtocolServerSideTranslatorPB.send(ScmBlockLocationProtocolServerSideTranslatorPB.java:108)
	at org.apache.hadoop.hdds.protocol.proto.ScmBlockLocationProtocolProtos$ScmBlockLocationProtocolService$2.callBlockingMethod(ScmBlockLocationProtocolProtos.java:13937)
	at org.apache.hadoop.ipc.ProtobufRpcEngine$Server.processCall(ProtobufRpcEngine.java:466)
	at org.apache.hadoop.ipc.ProtobufRpcEngine2$Server$ProtoBufRpcInvoker.call(ProtobufRpcEngine2.java:574)
	at org.apache.hadoop.ipc.ProtobufRpcEngine2$Server$ProtoBufRpcInvoker.call(ProtobufRpcEngine2.java:552)
	at org.apache.hadoop.ipc.RPC$Server.call(RPC.java:1093)
	at org.apache.hadoop.ipc.Server$RpcCall.run(Server.java:1035)
	at org.apache.hadoop.ipc.Server$RpcCall.run(Server.java:963)
	at java.security.AccessController.doPrivileged(Native Method)
	at javax.security.auth.Subject.doAs(Subject.java:422)
	at org.apache.hadoop.security.UserGroupInformation.doAs(UserGroupInformation.java:1878)
	at org.apache.hadoop.ipc.Server$Handler.run(Server.java:2966)
, while invoking $Proxy44.send over nodeId=scmNodeId,nodeAddress=/0.0.0.0:45625 after 1 failover attempts. Trying to failover after sleeping for 2000ms.
2022-03-03 15:04:24,821 [Listener at 0.0.0.0/36715] INFO  retry.RetryInvocationHandler (RetryInvocationHandler.java:log(411)) - com.google.protobuf.ServiceException: org.apache.hadoop.ipc.RemoteException(org.apache.hadoop.hdds.ratis.ServerNotLeaderException): Server:f41ede9f-c29a-4957-a329-430a35551df1 is not the leader. Could not determine the leader node.
	at org.apache.hadoop.hdds.ratis.ServerNotLeaderException.convertToNotLeaderException(ServerNotLeaderException.java:109)
	at org.apache.hadoop.hdds.scm.ha.RatisUtil.checkRatisException(RatisUtil.java:246)
	at org.apache.hadoop.hdds.scm.protocol.ScmBlockLocationProtocolServerSideTranslatorPB.send(ScmBlockLocationProtocolServerSideTranslatorPB.java:108)
	at org.apache.hadoop.hdds.protocol.proto.ScmBlockLocationProtocolProtos$ScmBlockLocationProtocolService$2.callBlockingMethod(ScmBlockLocationProtocolProtos.java:13937)
	at org.apache.hadoop.ipc.ProtobufRpcEngine$Server.processCall(ProtobufRpcEngine.java:466)
	at org.apache.hadoop.ipc.ProtobufRpcEngine2$Server$ProtoBufRpcInvoker.call(ProtobufRpcEngine2.java:574)
	at org.apache.hadoop.ipc.ProtobufRpcEngine2$Server$ProtoBufRpcInvoker.call(ProtobufRpcEngine2.java:552)
	at org.apache.hadoop.ipc.RPC$Server.call(RPC.java:1093)
	at org.apache.hadoop.ipc.Server$RpcCall.run(Server.java:1035)
	at org.apache.hadoop.ipc.Server$RpcCall.run(Server.java:963)
	at java.security.AccessController.doPrivileged(Native Method)
	at javax.security.auth.Subject.doAs(Subject.java:422)
	at org.apache.hadoop.security.UserGroupInformation.doAs(UserGroupInformation.java:1878)
	at org.apache.hadoop.ipc.Server$Handler.run(Server.java:2966)
, while invoking $Proxy44.send over nodeId=scmNodeId,nodeAddress=/0.0.0.0:45625 after 2 failover attempts. Trying to failover after sleeping for 2000ms.
2022-03-03 15:04:25,359 [f41ede9f-c29a-4957-a329-430a35551df1@group-EEECBE4E4805-FollowerState] INFO  impl.FollowerState (FollowerState.java:run(134)) - f41ede9f-c29a-4957-a329-430a35551df1@group-EEECBE4E4805-FollowerState: change to CANDIDATE, lastRpcElapsedTime:5070133691ns, electionTimeout:5027ms
2022-03-03 15:04:25,360 [f41ede9f-c29a-4957-a329-430a35551df1@group-EEECBE4E4805-FollowerState] INFO  impl.RoleInfo (RoleInfo.java:shutdownFollowerState(108)) - f41ede9f-c29a-4957-a329-430a35551df1: shutdown f41ede9f-c29a-4957-a329-430a35551df1@group-EEECBE4E4805-FollowerState
2022-03-03 15:04:25,360 [f41ede9f-c29a-4957-a329-430a35551df1@group-EEECBE4E4805-FollowerState] INFO  server.RaftServer$Division (RaftServerImpl.java:setRole(290)) - f41ede9f-c29a-4957-a329-430a35551df1@group-EEECBE4E4805: changes role from  FOLLOWER to CANDIDATE at term 1 for changeToCandidate
2022-03-03 15:04:25,360 [f41ede9f-c29a-4957-a329-430a35551df1@group-EEECBE4E4805-FollowerState] INFO  server.RaftServerConfigKeys (ConfUtils.java:logGet(44)) - raft.server.leaderelection.pre-vote = false (custom)
2022-03-03 15:04:25,360 [f41ede9f-c29a-4957-a329-430a35551df1@group-EEECBE4E4805-FollowerState] INFO  impl.RoleInfo (RoleInfo.java:updateAndGet(130)) - f41ede9f-c29a-4957-a329-430a35551df1: start f41ede9f-c29a-4957-a329-430a35551df1@group-EEECBE4E4805-LeaderElection13
2022-03-03 15:04:25,390 [f41ede9f-c29a-4957-a329-430a35551df1@group-EEECBE4E4805-LeaderElection13] INFO  impl.LeaderElection (LeaderElection.java:askForVotes(306)) - f41ede9f-c29a-4957-a329-430a35551df1@group-EEECBE4E4805-LeaderElection13 ELECTION round 0: submit vote requests at term 2 for 0: [f41ede9f-c29a-4957-a329-430a35551df1|rpc:fv-az50-851:9894|admin:|client:|dataStream:|priority:0], old=null
2022-03-03 15:04:25,390 [f41ede9f-c29a-4957-a329-430a35551df1@group-EEECBE4E4805-LeaderElection13] INFO  impl.LeaderElection (LeaderElection.java:askForVotes(308)) - f41ede9f-c29a-4957-a329-430a35551df1@group-EEECBE4E4805-LeaderElection13 ELECTION round 0: result PASSED (term=2)
2022-03-03 15:04:25,390 [f41ede9f-c29a-4957-a329-430a35551df1@group-EEECBE4E4805-LeaderElection13] INFO  impl.RoleInfo (RoleInfo.java:shutdownLeaderElection(121)) - f41ede9f-c29a-4957-a329-430a35551df1: shutdown f41ede9f-c29a-4957-a329-430a35551df1@group-EEECBE4E4805-LeaderElection13
2022-03-03 15:04:25,390 [f41ede9f-c29a-4957-a329-430a35551df1@group-EEECBE4E4805-LeaderElection13] INFO  server.RaftServer$Division (RaftServerImpl.java:setRole(290)) - f41ede9f-c29a-4957-a329-430a35551df1@group-EEECBE4E4805: changes role from CANDIDATE to LEADER at term 2 for changeToLeader
2022-03-03 15:04:25,390 [f41ede9f-c29a-4957-a329-430a35551df1@group-EEECBE4E4805-LeaderElection13] INFO  ha.SCMStateMachine (SCMStateMachine.java:notifyLeaderChanged(259)) - current SCM becomes leader of term 2.
2022-03-03 15:04:25,390 [f41ede9f-c29a-4957-a329-430a35551df1@group-EEECBE4E4805-LeaderElection13] INFO  ha.SCMContext (SCMContext.java:updateLeaderAndTerm(90)) - update <isLeader,term> from <false,0> to <true,2>
2022-03-03 15:04:25,390 [f41ede9f-c29a-4957-a329-430a35551df1@group-EEECBE4E4805-LeaderElection13] INFO  server.RaftServer$Division (ServerState.java:setLeader(285)) - f41ede9f-c29a-4957-a329-430a35551df1@group-EEECBE4E4805: change Leader from null to f41ede9f-c29a-4957-a329-430a35551df1 at term 2 for becomeLeader, leader elected after 5207ms
2022-03-03 15:04:25,391 [f41ede9f-c29a-4957-a329-430a35551df1@group-EEECBE4E4805-LeaderElection13] INFO  server.RaftServerConfigKeys (ConfUtils.java:logGet(44)) - raft.server.staging.catchup.gap = 1000 (default)
2022-03-03 15:04:25,391 [f41ede9f-c29a-4957-a329-430a35551df1@group-EEECBE4E4805-LeaderElection13] INFO  server.RaftServerConfigKeys (ConfUtils.java:logGet(44)) - raft.server.write.element-limit = 4096 (default)
2022-03-03 15:04:25,391 [f41ede9f-c29a-4957-a329-430a35551df1@group-EEECBE4E4805-LeaderElection13] INFO  server.RaftServerConfigKeys (ConfUtils.java:logGet(44)) - raft.server.write.byte-limit = 64MB (=67108864) (default)
2022-03-03 15:04:25,391 [f41ede9f-c29a-4957-a329-430a35551df1@group-EEECBE4E4805-LeaderElection13] INFO  server.RaftServerConfigKeys (ConfUtils.java:logGet(44)) - raft.server.watch.timeout = 10s (default)
2022-03-03 15:04:25,391 [f41ede9f-c29a-4957-a329-430a35551df1@group-EEECBE4E4805-LeaderElection13] INFO  server.RaftServerConfigKeys (ConfUtils.java:logGet(44)) - raft.server.watch.timeout.denomination = 1s (default)
2022-03-03 15:04:25,391 [f41ede9f-c29a-4957-a329-430a35551df1@group-EEECBE4E4805-LeaderElection13] INFO  server.RaftServerConfigKeys (ConfUtils.java:logGet(44)) - raft.server.watch.element-limit = 65536 (default)
2022-03-03 15:04:25,391 [f41ede9f-c29a-4957-a329-430a35551df1@group-EEECBE4E4805-LeaderElection13] INFO  server.RaftServerConfigKeys (ConfUtils.java:logGet(44)) - raft.server.write.element-limit = 4096 (default)
2022-03-03 15:04:25,391 [f41ede9f-c29a-4957-a329-430a35551df1@group-EEECBE4E4805-LeaderElection13] INFO  server.RaftServerConfigKeys (ConfUtils.java:logGet(44)) - raft.server.write.follower.gap.ratio.max = -1.0 (default)
2022-03-03 15:04:25,391 [f41ede9f-c29a-4957-a329-430a35551df1@group-EEECBE4E4805-LeaderElection13] INFO  impl.RoleInfo (RoleInfo.java:updateAndGet(130)) - f41ede9f-c29a-4957-a329-430a35551df1: start f41ede9f-c29a-4957-a329-430a35551df1@group-EEECBE4E4805-LeaderStateImpl
2022-03-03 15:04:25,392 [f41ede9f-c29a-4957-a329-430a35551df1@group-EEECBE4E4805-LeaderElection13] INFO  segmented.SegmentedRaftLogWorker (SegmentedRaftLogWorker.java:rollLogSegment(399)) - f41ede9f-c29a-4957-a329-430a35551df1@group-EEECBE4E4805-SegmentedRaftLogWorker: Rolling segment log-0_0 to index:0
2022-03-03 15:04:25,399 [f41ede9f-c29a-4957-a329-430a35551df1@group-EEECBE4E4805-LeaderElection13] INFO  server.RaftServer$Division (ServerState.java:setRaftConf(387)) - f41ede9f-c29a-4957-a329-430a35551df1@group-EEECBE4E4805: set configuration 1: [f41ede9f-c29a-4957-a329-430a35551df1|rpc:fv-az50-851:9894|admin:|client:|dataStream:|priority:0], old=null
2022-03-03 15:04:25,399 [f41ede9f-c29a-4957-a329-430a35551df1@group-EEECBE4E4805-SegmentedRaftLogWorker] INFO  segmented.SegmentedRaftLogWorker (SegmentedRaftLogWorker.java:execute(558)) - f41ede9f-c29a-4957-a329-430a35551df1@group-EEECBE4E4805-SegmentedRaftLogWorker: Rolled log segment from /home/runner/work/ozone/ozone/hadoop-ozone/integration-test/target/test-dir/MiniOzoneClusterImpl-1780bea0-e071-4232-b145-eeecbe4e4805/ozone-meta/scm-ha/1780bea0-e071-4232-b145-eeecbe4e4805/current/log_inprogress_0 to /home/runner/work/ozone/ozone/hadoop-ozone/integration-test/target/test-dir/MiniOzoneClusterImpl-1780bea0-e071-4232-b145-eeecbe4e4805/ozone-meta/scm-ha/1780bea0-e071-4232-b145-eeecbe4e4805/current/log_0-0
2022-03-03 15:04:25,418 [f41ede9f-c29a-4957-a329-430a35551df1@group-EEECBE4E4805-SegmentedRaftLogWorker] INFO  segmented.SegmentedRaftLogWorker (SegmentedRaftLogWorker.java:execute(601)) - f41ede9f-c29a-4957-a329-430a35551df1@group-EEECBE4E4805-SegmentedRaftLogWorker: created new log segment /home/runner/work/ozone/ozone/hadoop-ozone/integration-test/target/test-dir/MiniOzoneClusterImpl-1780bea0-e071-4232-b145-eeecbe4e4805/ozone-meta/scm-ha/1780bea0-e071-4232-b145-eeecbe4e4805/current/log_inprogress_1
2022-03-03 15:04:25,419 [f41ede9f-c29a-4957-a329-430a35551df1@group-EEECBE4E4805-StateMachineUpdater] INFO  ha.SCMContext (SCMContext.java:setLeaderReady(117)) - update <isLeaderReady> from <false> to <true>
2022-03-03 15:04:25,420 [f41ede9f-c29a-4957-a329-430a35551df1@group-EEECBE4E4805-StateMachineUpdater] INFO  pipeline.BackgroundPipelineCreator (BackgroundPipelineCreator.java:notifyStatusChanged(264)) - Service BackgroundPipelineCreator transitions to RUNNING.
2022-03-03 15:04:25,420 [f41ede9f-c29a-4957-a329-430a35551df1@group-EEECBE4E4805-StateMachineUpdater] INFO  safemode.HealthyPipelineSafeModeRule (HealthyPipelineSafeModeRule.java:initializeRule(152)) - Refreshed total pipeline count is 0, healthy pipeline threshold count is 1
2022-03-03 15:04:25,420 [f41ede9f-c29a-4957-a329-430a35551df1@group-EEECBE4E4805-StateMachineUpdater] INFO  safemode.ContainerSafeModeRule (ContainerSafeModeRule.java:reInitializeRule(177)) - Refreshed one replica container threshold 0, currentThreshold 0
2022-03-03 15:04:25,420 [f41ede9f-c29a-4957-a329-430a35551df1@group-EEECBE4E4805-StateMachineUpdater] INFO  safemode.OneReplicaPipelineSafeModeRule (OneReplicaPipelineSafeModeRule.java:initializeRule(176)) - Refreshed Total pipeline count is 0, pipeline's with at least one datanode reported threshold count is 0
2022-03-03 15:04:25,420 [f41ede9f-c29a-4957-a329-430a35551df1@group-EEECBE4E4805-StateMachineUpdater] INFO  server.SCMDatanodeProtocolServer (SCMDatanodeProtocolServer.java:start(183)) - ScmDatanodeProtocol RPC server for DataNodes is listening at /0.0.0.0:34909
2022-03-03 15:04:25,441 [IPC Server listener on 0] INFO  ipc.Server (Server.java:run(1344)) - IPC Server listener on 0: starting
2022-03-03 15:04:25,450 [IPC Server Responder] INFO  ipc.Server (Server.java:run(1507)) - IPC Server Responder: starting
2022-03-03 15:04:26,823 [Listener at 0.0.0.0/36715] WARN  server.ServerUtils (ServerUtils.java:getDBPath(225)) - ozone.om.db.dirs is not configured. We recommend adding this setting. Falling back to ozone.metadata.dirs instead.
2022-03-03 15:04:26,824 [Listener at 0.0.0.0/36715] INFO  codec.OmKeyInfoCodec (OmKeyInfoCodec.java:<init>(50)) - OmKeyInfoCodec ignorePipeline = true
2022-03-03 15:04:26,824 [Listener at 0.0.0.0/36715] INFO  codec.RepeatedOmKeyInfoCodec (RepeatedOmKeyInfoCodec.java:<init>(42)) - RepeatedOmKeyInfoCodec ignorePipeline = true
2022-03-03 15:04:27,065 [Listener at 0.0.0.0/36715] INFO  om.OzoneManager (OzoneManager.java:addS3GVolumeToDB(3733)) - Created Volume s3v With Owner runner required for S3Gateway operations.
2022-03-03 15:04:27,066 [Listener at 0.0.0.0/36715] WARN  server.ServerUtils (ServerUtils.java:getDefaultRatisDirectory(237)) - Storage directory for Ratis is not configured. It is a good idea to map this to an SSD disk. Falling back to ozone.metadata.dirs
2022-03-03 15:04:27,066 [Listener at 0.0.0.0/36715] WARN  utils.OzoneManagerRatisUtils (OzoneManagerRatisUtils.java:getOMRatisSnapshotDirectory(330)) - ozone.om.ratis.snapshot.dir is not configured. Falling back to ozone.metadata.dirs config
2022-03-03 15:04:27,066 [Listener at 0.0.0.0/36715] WARN  impl.MetricRegistriesImpl (MetricRegistriesImpl.java:addReporterRegistration(111)) - New reporters are added after registries were created. Some metrics will be missing from the reporter. Please add reporter before adding any new registry.
2022-03-03 15:04:27,078 [Listener at 0.0.0.0/36715] WARN  impl.MetricRegistriesImpl (MetricRegistriesImpl.java:addReporterRegistration(111)) - New reporters are added after registries were created. Some metrics will be missing from the reporter. Please add reporter before adding any new registry.
2022-03-03 15:04:27,079 [Listener at 0.0.0.0/36715] WARN  server.ServerUtils (ServerUtils.java:getDefaultRatisDirectory(237)) - Storage directory for Ratis is not configured. It is a good idea to map this to an SSD disk. Falling back to ozone.metadata.dirs
2022-03-03 15:04:27,080 [Listener at 0.0.0.0/36715] INFO  ratis.OzoneManagerRatisServer (OzoneManagerRatisServer.java:<init>(159)) - Instantiating OM Ratis server with groupID: omServiceIdDefault and peers: localhost:9872
2022-03-03 15:04:27,080 [Listener at 0.0.0.0/36715] INFO  ratis.OzoneManagerStateMachine (OzoneManagerStateMachine.java:loadSnapshotInfoFromDB(605)) - LastAppliedIndex is set from TransactionInfo from OM DB as (t:0, i:~)
2022-03-03 15:04:27,082 [Listener at 0.0.0.0/36715] INFO  server.RaftServer (ConfUtils.java:logGet(44)) - raft.rpc.type = GRPC (default)
2022-03-03 15:04:27,082 [Listener at 0.0.0.0/36715] INFO  grpc.GrpcFactory (GrpcFactory.java:checkPooledByteBufAllocatorUseCacheForAllThreads(48)) - PERFORMANCE WARNING: useCacheForAllThreads is true that may cause Netty to create a lot garbage objects and, as a result, trigger GC.
	It is recommended to disable useCacheForAllThreads by setting -Dorg.apache.ratis.thirdparty.io.netty.allocator.useCacheForAllThreads=false in command line.
2022-03-03 15:04:27,082 [Listener at 0.0.0.0/36715] INFO  grpc.GrpcConfigKeys (ConfUtils.java:logGet(44)) - raft.grpc.admin.port = -1 (default)
2022-03-03 15:04:27,082 [Listener at 0.0.0.0/36715] INFO  grpc.GrpcConfigKeys (ConfUtils.java:logGet(44)) - raft.grpc.server.port = 9872 (custom)
2022-03-03 15:04:27,082 [Listener at 0.0.0.0/36715] INFO  grpc.GrpcConfigKeys (ConfUtils.java:logGet(44)) - raft.grpc.client.port = -1 (default)
2022-03-03 15:04:27,082 [Listener at 0.0.0.0/36715] INFO  grpc.GrpcConfigKeys (ConfUtils.java:logGet(44)) - raft.grpc.server.port = 9872 (custom)
2022-03-03 15:04:27,083 [Listener at 0.0.0.0/36715] INFO  grpc.GrpcConfigKeys (ConfUtils.java:logGet(44)) - raft.grpc.server.port = 9872 (custom)
2022-03-03 15:04:27,083 [Listener at 0.0.0.0/36715] INFO  server.GrpcService (ConfUtils.java:logGet(44)) - raft.grpc.message.size.max = 33554432 (custom)
2022-03-03 15:04:27,083 [Listener at 0.0.0.0/36715] INFO  server.RaftServerConfigKeys (ConfUtils.java:logGet(44)) - raft.server.log.appender.buffer.byte-limit = 33554432 (custom)
2022-03-03 15:04:27,083 [Listener at 0.0.0.0/36715] INFO  server.GrpcService (ConfUtils.java:logGet(44)) - raft.grpc.flow.control.window = 1MB (=1048576) (default)
2022-03-03 15:04:27,083 [Listener at 0.0.0.0/36715] INFO  server.RaftServerConfigKeys (ConfUtils.java:logGet(44)) - raft.server.rpc.request.timeout = 3000ms (default)
2022-03-03 15:04:27,084 [Listener at 0.0.0.0/36715] INFO  impl.DataStreamServerImpl (ConfUtils.java:logGet(44)) - raft.datastream.type = DISABLED (default)
2022-03-03 15:04:27,084 [Listener at 0.0.0.0/36715] INFO  server.RaftServerConfigKeys (ConfUtils.java:logGet(44)) - raft.server.rpc.slowness.timeout = 120s (custom)
2022-03-03 15:04:27,084 [Listener at 0.0.0.0/36715] INFO  server.RaftServerConfigKeys (ConfUtils.java:logGet(44)) - raft.server.leaderelection.leader.step-down.wait-time = 10s (default)
2022-03-03 15:04:27,084 [Listener at 0.0.0.0/36715] INFO  server.RaftServerConfigKeys (ConfUtils.java:logGet(44)) - raft.server.storage.dir = [/home/runner/work/ozone/ozone/hadoop-ozone/integration-test/target/test-dir/MiniOzoneClusterImpl-1780bea0-e071-4232-b145-eeecbe4e4805/ozone-meta/ratis] (custom)
2022-03-03 15:04:27,090 [Listener at 0.0.0.0/36715] INFO  server.RaftServer (RaftServerProxy.java:addNew(95)) - om1: addNew group-C5BA1605619E:[om1|rpc:localhost:9872|priority:0] returns group-C5BA1605619E:java.util.concurrent.CompletableFuture@10ab5790[Not completed]
2022-03-03 15:04:27,090 [Listener at 0.0.0.0/36715] INFO  om.OzoneManager (OzoneManager.java:initializeRatisServer(1834)) - OzoneManager Ratis server initialized at port 9872
2022-03-03 15:04:27,090 [pool-257-thread-1] INFO  server.RaftServer$Division (RaftServerImpl.java:<init>(184)) - om1: new RaftServerImpl for group-C5BA1605619E:[om1|rpc:localhost:9872|priority:0] with OzoneManagerStateMachine:uninitialized
2022-03-03 15:04:27,100 [Listener at 0.0.0.0/36715] INFO  ipc.CallQueueManager (CallQueueManager.java:<init>(90)) - Using callQueue: class java.util.concurrent.LinkedBlockingQueue, queueCapacity: 2000, scheduler: class org.apache.hadoop.ipc.DefaultRpcScheduler, ipcBackoff: false.
2022-03-03 15:04:27,101 [pool-257-thread-1] INFO  server.RaftServerConfigKeys (ConfUtils.java:logGet(44)) - raft.server.rpc.timeout.min = 1s (custom)
2022-03-03 15:04:27,101 [pool-257-thread-1] INFO  server.RaftServerConfigKeys (ConfUtils.java:logGet(44)) - raft.server.rpc.timeout.max = 1200ms (custom)
2022-03-03 15:04:27,101 [pool-257-thread-1] INFO  server.RaftServerConfigKeys (ConfUtils.java:logGet(44)) - raft.server.rpc.sleep.time = 25ms (default)
2022-03-03 15:04:27,101 [pool-257-thread-1] INFO  server.RaftServerConfigKeys (ConfUtils.java:logGet(44)) - raft.server.rpc.slowness.timeout = 120s (custom)
2022-03-03 15:04:27,101 [pool-257-thread-1] INFO  server.RaftServerConfigKeys (ConfUtils.java:logGet(44)) - raft.server.leaderelection.leader.step-down.wait-time = 10s (default)
2022-03-03 15:04:27,101 [pool-257-thread-1] INFO  server.RaftServerConfigKeys (ConfUtils.java:logGet(44)) - raft.server.sleep.deviation.threshold = 300ms (default)
2022-03-03 15:04:27,101 [pool-257-thread-1] INFO  server.RaftServerConfigKeys (ConfUtils.java:logGet(44)) - raft.server.log.appender.install.snapshot.enabled = false (custom)
2022-03-03 15:04:27,101 [pool-257-thread-1] INFO  server.RaftServer$Division (ServerState.java:<init>(105)) - om1@group-C5BA1605619E: ConfigurationManager, init=-1: [om1|rpc:localhost:9872|priority:0], old=null, confs=<EMPTY_MAP>
2022-03-03 15:04:27,101 [pool-257-thread-1] INFO  server.RaftServerConfigKeys (ConfUtils.java:logGet(44)) - raft.server.storage.dir = [/home/runner/work/ozone/ozone/hadoop-ozone/integration-test/target/test-dir/MiniOzoneClusterImpl-1780bea0-e071-4232-b145-eeecbe4e4805/ozone-meta/ratis] (custom)
2022-03-03 15:04:27,102 [pool-257-thread-1] INFO  server.RaftServerConfigKeys (ConfUtils.java:logGet(44)) - raft.server.log.corruption.policy = EXCEPTION (default)
2022-03-03 15:04:27,102 [pool-257-thread-1] INFO  server.RaftServerConfigKeys (ConfUtils.java:logGet(44)) - raft.server.storage.free-space.min = 0MB (=0) (default)
2022-03-03 15:04:27,102 [pool-257-thread-1] INFO  storage.RaftStorageDirectory (RaftStorageDirectoryImpl.java:analyzeStorage(135)) - The storage directory /home/runner/work/ozone/ozone/hadoop-ozone/integration-test/target/test-dir/MiniOzoneClusterImpl-1780bea0-e071-4232-b145-eeecbe4e4805/ozone-meta/ratis/bf265839-605b-3f16-9796-c5ba1605619e does not exist. Creating ...
2022-03-03 15:04:27,103 [Socket Reader #1 for port 0] INFO  ipc.Server (Server.java:run(1265)) - Starting Socket Reader #1 for port 0
2022-03-03 15:04:27,103 [pool-257-thread-1] INFO  storage.RaftStorageDirectory (RaftStorageDirectoryImpl.java:tryLock(230)) - Lock on /home/runner/work/ozone/ozone/hadoop-ozone/integration-test/target/test-dir/MiniOzoneClusterImpl-1780bea0-e071-4232-b145-eeecbe4e4805/ozone-meta/ratis/bf265839-605b-3f16-9796-c5ba1605619e/in_use.lock acquired by nodename 16342@fv-az50-851
2022-03-03 15:04:27,105 [pool-257-thread-1] INFO  storage.RaftStorage (RaftStorageImpl.java:format(89)) - Storage directory /home/runner/work/ozone/ozone/hadoop-ozone/integration-test/target/test-dir/MiniOzoneClusterImpl-1780bea0-e071-4232-b145-eeecbe4e4805/ozone-meta/ratis/bf265839-605b-3f16-9796-c5ba1605619e has been successfully formatted.
2022-03-03 15:04:27,105 [pool-257-thread-1] INFO  server.RaftServerConfigKeys (ConfUtils.java:logGet(44)) - raft.server.notification.no-leader.timeout = 120s (custom)
2022-03-03 15:04:27,105 [pool-257-thread-1] INFO  server.RaftServerConfigKeys (ConfUtils.java:logGet(44)) - raft.server.log.use.memory = false (default)
2022-03-03 15:04:27,105 [pool-257-thread-1] INFO  server.RaftServerConfigKeys (ConfUtils.java:logGet(44)) - raft.server.log.purge.gap = 1000000 (custom)
2022-03-03 15:04:27,106 [pool-257-thread-1] INFO  server.RaftServerConfigKeys (ConfUtils.java:logGet(44)) - raft.server.log.appender.buffer.byte-limit = 33554432 (custom)
2022-03-03 15:04:27,106 [pool-257-thread-1] INFO  server.RaftServerConfigKeys (ConfUtils.java:logGet(44)) - raft.server.log.segment.size.max = 4194304 (custom)
2022-03-03 15:04:27,106 [pool-257-thread-1] INFO  server.RaftServerConfigKeys (ConfUtils.java:logGet(44)) - raft.server.log.segment.cache.num.max = 2 (custom)
2022-03-03 15:04:27,106 [pool-257-thread-1] INFO  server.RaftServerConfigKeys (ConfUtils.java:logGet(44)) - raft.server.log.segment.cache.size.max = 200MB (=209715200) (default)
2022-03-03 15:04:27,106 [pool-257-thread-1] INFO  segmented.SegmentedRaftLogWorker (SegmentedRaftLogWorker.java:<init>(182)) - new om1@group-C5BA1605619E-SegmentedRaftLogWorker for RaftStorageImpl:Storage Directory /home/runner/work/ozone/ozone/hadoop-ozone/integration-test/target/test-dir/MiniOzoneClusterImpl-1780bea0-e071-4232-b145-eeecbe4e4805/ozone-meta/ratis/bf265839-605b-3f16-9796-c5ba1605619e
2022-03-03 15:04:27,106 [pool-257-thread-1] INFO  server.RaftServerConfigKeys (ConfUtils.java:logGet(44)) - raft.server.log.queue.byte-limit = 64MB (=67108864) (default)
2022-03-03 15:04:27,106 [pool-257-thread-1] INFO  server.RaftServerConfigKeys (ConfUtils.java:logGet(44)) - raft.server.log.queue.element-limit = 4096 (default)
2022-03-03 15:04:27,106 [pool-257-thread-1] INFO  server.RaftServerConfigKeys (ConfUtils.java:logGet(44)) - raft.server.log.segment.size.max = 4194304 (custom)
2022-03-03 15:04:27,106 [pool-257-thread-1] INFO  server.RaftServerConfigKeys (ConfUtils.java:logGet(44)) - raft.server.log.preallocated.size = 4194304 (custom)
2022-03-03 15:04:27,107 [pool-257-thread-1] INFO  server.RaftServerConfigKeys (ConfUtils.java:logGet(44)) - raft.server.log.force.sync.num = 128 (default)
2022-03-03 15:04:27,107 [pool-257-thread-1] INFO  server.RaftServerConfigKeys (ConfUtils.java:logGet(44)) - raft.server.log.statemachine.data.sync = true (default)
2022-03-03 15:04:27,107 [pool-257-thread-1] INFO  server.RaftServerConfigKeys (ConfUtils.java:logGet(44)) - raft.server.log.statemachine.data.sync.timeout = 10s (default)
2022-03-03 15:04:27,107 [pool-257-thread-1] INFO  server.RaftServerConfigKeys (ConfUtils.java:logGet(44)) - raft.server.log.statemachine.data.sync.timeout.retry = -1 (default)
2022-03-03 15:04:27,121 [pool-257-thread-1] INFO  server.RaftServerConfigKeys (ConfUtils.java:logGet(44)) - raft.server.log.write.buffer.size = 64KB (=65536) (default)
2022-03-03 15:04:27,121 [pool-257-thread-1] INFO  server.RaftServerConfigKeys (ConfUtils.java:logGet(44)) - raft.server.log.statemachine.data.caching.enabled = false (default)
2022-03-03 15:04:27,121 [pool-257-thread-1] INFO  segmented.SegmentedRaftLogWorker (SegmentedRaftLogWorker.java:lambda$new$0(133)) - om1@group-C5BA1605619E-SegmentedRaftLogWorker: flushIndex: setUnconditionally 0 -> -1
2022-03-03 15:04:27,121 [pool-257-thread-1] INFO  segmented.SegmentedRaftLogWorker (SegmentedRaftLogWorker.java:lambda$new$0(133)) - om1@group-C5BA1605619E-SegmentedRaftLogWorker: safeCacheEvictIndex: setUnconditionally 0 -> -1
2022-03-03 15:04:27,131 [pool-257-thread-1] INFO  server.RaftServerConfigKeys (ConfUtils.java:logGet(44)) - raft.server.snapshot.auto.trigger.enabled = true (custom)
2022-03-03 15:04:27,131 [pool-257-thread-1] INFO  server.RaftServerConfigKeys (ConfUtils.java:logGet(44)) - raft.server.snapshot.auto.trigger.threshold = 400000 (default)
2022-03-03 15:04:27,131 [pool-257-thread-1] INFO  server.RaftServerConfigKeys (ConfUtils.java:logGet(44)) - raft.server.snapshot.retention.file.num = -1 (default)
2022-03-03 15:04:27,131 [pool-257-thread-1] INFO  server.RaftServerConfigKeys (ConfUtils.java:logGet(44)) - raft.server.log.purge.upto.snapshot.index = true (custom)
2022-03-03 15:04:27,131 [pool-257-thread-1] INFO  server.RaftServerConfigKeys (ConfUtils.java:logGet(44)) - raft.server.retrycache.expirytime = 300s (custom)
2022-03-03 15:04:27,131 [pool-257-thread-1] INFO  server.RaftServerConfigKeys (ConfUtils.java:logGet(44)) - raft.server.retrycache.statistics.expirytime = 100μs (default)
2022-03-03 15:04:27,155 [Listener at 127.0.0.1/44823] INFO  impl.MetricsSystemImpl (MetricsSystemImpl.java:init(158)) - OzoneManager metrics system started (again)
2022-03-03 15:04:27,190 [Listener at 127.0.0.1/44823] INFO  om.OzoneManager (OzoneManager.java:start(1365)) - OzoneManager RPC server is listening at localhost/127.0.0.1:44823
2022-03-03 15:04:27,190 [Listener at 127.0.0.1/44823] INFO  ratis.OzoneManagerRatisServer (OzoneManagerRatisServer.java:start(554)) - Starting OzoneManagerRatisServer om1 at port 9872
2022-03-03 15:04:27,190 [Listener at 127.0.0.1/44823] INFO  server.RaftServer$Division (RaftServerImpl.java:start(301)) - om1@group-C5BA1605619E: start as a follower, conf=-1: [om1|rpc:localhost:9872|priority:0], old=null
2022-03-03 15:04:27,190 [Listener at 127.0.0.1/44823] INFO  server.RaftServer$Division (RaftServerImpl.java:setRole(290)) - om1@group-C5BA1605619E: changes role from      null to FOLLOWER at term 0 for startAsFollower
2022-03-03 15:04:27,190 [Listener at 127.0.0.1/44823] INFO  impl.RoleInfo (RoleInfo.java:updateAndGet(130)) - om1: start om1@group-C5BA1605619E-FollowerState
2022-03-03 15:04:27,196 [Listener at 127.0.0.1/44823] INFO  util.JmxRegister (JmxRegister.java:tryRegister(44)) - Successfully registered JMX Bean with object name Ratis:service=RaftServer,group=group-C5BA1605619E,id=om1
2022-03-03 15:04:27,211 [Listener at 127.0.0.1/44823] INFO  server.RaftServer (RaftServerProxy.java:lambda$start$5(374)) - om1: start RPC server
2022-03-03 15:04:27,212 [Listener at 127.0.0.1/44823] INFO  server.GrpcService (GrpcService.java:startImpl(253)) - om1: GrpcService started, listening on 9872
2022-03-03 15:04:27,215 [Listener at 127.0.0.1/44823] INFO  om.OzoneManager (OzoneManager.java:start(1381)) - Version File has different layout version (0) than OM DB (null). That is expected if this OM has never been finalized to a newer layout version.
2022-03-03 15:04:27,215 [org.apache.ratis.util.JvmPauseMonitor$$Lambda$431/2038447515@a16a05d] INFO  util.JvmPauseMonitor (JvmPauseMonitor.java:run(103)) - JvmPauseMonitor-om1: Started
2022-03-03 15:04:27,226 [Listener at 127.0.0.1/44823] INFO  http.BaseHttpServer (BaseHttpServer.java:newHttpServer2BuilderForOzone(209)) - Starting Web-server for ozoneManager at: http://0.0.0.0:0
2022-03-03 15:04:27,226 [Listener at 127.0.0.1/44823] INFO  http.BaseHttpServer (BaseHttpServer.java:<init>(107)) - Hadoop Security Enabled: false Ozone Security Enabled: false Ozone HTTP Security Enabled: false 
2022-03-03 15:04:27,227 [Listener at 127.0.0.1/44823] INFO  server.AuthenticationFilter (AuthenticationFilter.java:constructSecretProvider(240)) - Unable to initialize FileSignerSecretProvider, falling back to use random secrets.
2022-03-03 15:04:27,229 [Listener at 127.0.0.1/44823] WARN  http.HttpRequestLog (HttpRequestLog.java:getRequestLog(103)) - Jetty request log can only be enabled using Log4j
2022-03-03 15:04:27,230 [Listener at 127.0.0.1/44823] INFO  http.HttpServer2 (HttpServer2.java:addGlobalFilter(1030)) - Added global filter 'safety' (class=org.apache.hadoop.hdds.server.http.HttpServer2$QuotingInputFilter)
2022-03-03 15:04:27,231 [Listener at 127.0.0.1/44823] INFO  http.HttpServer2 (HttpServer2.java:addFilter(1006)) - Added filter static_user_filter (class=org.apache.hadoop.http.lib.StaticUserWebFilter$StaticUserFilter) to context ozoneManager
2022-03-03 15:04:27,231 [Listener at 127.0.0.1/44823] INFO  http.HttpServer2 (HttpServer2.java:addFilter(1014)) - Added filter static_user_filter (class=org.apache.hadoop.http.lib.StaticUserWebFilter$StaticUserFilter) to context logs
2022-03-03 15:04:27,231 [Listener at 127.0.0.1/44823] INFO  http.HttpServer2 (HttpServer2.java:addFilter(1014)) - Added filter static_user_filter (class=org.apache.hadoop.http.lib.StaticUserWebFilter$StaticUserFilter) to context static
2022-03-03 15:04:27,231 [Listener at 127.0.0.1/44823] INFO  http.HttpServer2 (HttpServer2.java:bindListener(1249)) - Jetty bound to port 37859
2022-03-03 15:04:27,231 [Listener at 127.0.0.1/44823] INFO  server.Server (Server.java:doStart(375)) - jetty-9.4.43.v20210629; built: 2021-06-30T11:07:22.254Z; git: 526006ecfa3af7f1a27ef3a288e2bef7ea9dd7e8; jvm 1.8.0_322-b06
2022-03-03 15:04:27,279 [Listener at 127.0.0.1/44823] INFO  server.session (DefaultSessionIdManager.java:doStart(334)) - DefaultSessionIdManager workerName=node0
2022-03-03 15:04:27,280 [Listener at 127.0.0.1/44823] INFO  server.session (DefaultSessionIdManager.java:doStart(339)) - No SessionScavenger set, using defaults
2022-03-03 15:04:27,280 [Listener at 127.0.0.1/44823] INFO  server.session (HouseKeeper.java:startScavenging(132)) - node0 Scavenging every 660000ms
2022-03-03 15:04:27,284 [Listener at 127.0.0.1/44823] INFO  handler.ContextHandler (ContextHandler.java:doStart(915)) - Started o.e.j.s.ServletContextHandler@7de0b8a3{logs,/logs,file:///home/runner/work/ozone/ozone/hadoop-ozone/integration-test/target/log,AVAILABLE}
2022-03-03 15:04:27,284 [Listener at 127.0.0.1/44823] INFO  handler.ContextHandler (ContextHandler.java:doStart(915)) - Started o.e.j.s.ServletContextHandler@53ad9433{static,/static,file:///home/runner/work/ozone/ozone/hadoop-ozone/integration-test/target/test-classes/webapps/static,AVAILABLE}
2022-03-03 15:04:27,288 [Listener at 127.0.0.1/44823] INFO  handler.ContextHandler (ContextHandler.java:doStart(915)) - Started o.e.j.w.WebAppContext@44a3a03e{ozoneManager,/,file:///home/runner/work/ozone/ozone/hadoop-ozone/integration-test/target/test-classes/webapps/ozoneManager/,AVAILABLE}{file:/home/runner/work/ozone/ozone/hadoop-ozone/integration-test/target/test-classes/webapps/ozoneManager}
2022-03-03 15:04:27,291 [Listener at 127.0.0.1/44823] INFO  server.AbstractConnector (AbstractConnector.java:doStart(331)) - Started ServerConnector@2c147f29{HTTP/1.1, (http/1.1)}{0.0.0.0:37859}
2022-03-03 15:04:27,291 [Listener at 127.0.0.1/44823] INFO  server.Server (Server.java:doStart(415)) - Started @91235ms
2022-03-03 15:04:27,291 [Listener at 127.0.0.1/44823] WARN  impl.MetricsSystemImpl (MetricsSystemImpl.java:register(279)) - Sink prometheus already exists!
2022-03-03 15:04:27,292 [Listener at 127.0.0.1/44823] INFO  http.BaseHttpServer (BaseHttpServer.java:updateConnectorAddress(329)) - HTTP server of ozoneManager listening at http://0.0.0.0:37859
2022-03-03 15:04:27,295 [IPC Server Responder] INFO  ipc.Server (Server.java:run(1507)) - IPC Server Responder: starting
2022-03-03 15:04:27,295 [IPC Server listener on 0] INFO  ipc.Server (Server.java:run(1344)) - IPC Server listener on 0: starting
2022-03-03 15:04:27,303 [Listener at 127.0.0.1/44823] INFO  om.OzoneManager (OzoneManager.java:startTrashEmptier(1792)) - Trash Interval set to 0. Files deleted will not move to trash
2022-03-03 15:04:27,336 [org.apache.hadoop.util.JvmPauseMonitor$Monitor@7eeb4878] INFO  util.JvmPauseMonitor (JvmPauseMonitor.java:run(188)) - Starting JVM pause monitor
2022-03-03 15:04:27,337 [Listener at 127.0.0.1/44823] WARN  impl.MetricRegistriesImpl (MetricRegistriesImpl.java:addReporterRegistration(111)) - New reporters are added after registries were created. Some metrics will be missing from the reporter. Please add reporter before adding any new registry.
2022-03-03 15:04:27,341 [Listener at 127.0.0.1/44823] WARN  impl.MetricRegistriesImpl (MetricRegistriesImpl.java:addReporterRegistration(111)) - New reporters are added after registries were created. Some metrics will be missing from the reporter. Please add reporter before adding any new registry.
2022-03-03 15:04:27,341 [Listener at 127.0.0.1/44823] INFO  impl.MetricsSystemImpl (MetricsSystemImpl.java:init(158)) - HddsDatanode metrics system started (again)
2022-03-03 15:04:27,355 [Listener at 127.0.0.1/44823] INFO  ozone.HddsDatanodeService (HddsDatanodeService.java:start(233)) - HddsDatanodeService host:fv-az50-851.grzltbmokehuzjyc5b133kdqgh.cx.internal.cloudapp.net ip:10.1.0.28
2022-03-03 15:04:27,401 [Listener at 127.0.0.1/44823] INFO  upgrade.AbstractLayoutVersionManager (AbstractLayoutVersionManager.java:init(79)) - Initializing Layout version manager with metadata layout = SCM_HA (version = 2), software layout = SCM_HA (version = 2)
2022-03-03 15:04:27,521 [Listener at 127.0.0.1/44823] INFO  reflections.Reflections (Reflections.java:scan(232)) - Reflections took 104 ms to scan 7 urls, producing 122 keys and 286 values 
2022-03-03 15:04:27,523 [Listener at 127.0.0.1/44823] INFO  statemachine.DatanodeStateMachine (DatanodeStateMachine.java:getEndPointTaskThreadPoolSize(222)) - Datanode State Machine Task Thread Pool size 2
2022-03-03 15:04:27,531 [Listener at 127.0.0.1/44823] INFO  volume.HddsVolume (HddsVolume.java:<init>(120)) - Creating HddsVolume: /home/runner/work/ozone/ozone/hadoop-ozone/integration-test/target/test-dir/MiniOzoneClusterImpl-1780bea0-e071-4232-b145-eeecbe4e4805/datanode-0/data-0/containers/hdds of storage type : DISK capacity : 9223372036854775807
2022-03-03 15:04:27,531 [Listener at 127.0.0.1/44823] INFO  volume.MutableVolumeSet (MutableVolumeSet.java:initializeVolumeSet(168)) - Added Volume : /home/runner/work/ozone/ozone/hadoop-ozone/integration-test/target/test-dir/MiniOzoneClusterImpl-1780bea0-e071-4232-b145-eeecbe4e4805/datanode-0/data-0/containers/hdds to VolumeSet
2022-03-03 15:04:27,532 [Listener at 127.0.0.1/44823] INFO  volume.ThrottledAsyncChecker (ThrottledAsyncChecker.java:schedule(141)) - Scheduling a check for /home/runner/work/ozone/ozone/hadoop-ozone/integration-test/target/test-dir/MiniOzoneClusterImpl-1780bea0-e071-4232-b145-eeecbe4e4805/datanode-0/data-0/containers/hdds
2022-03-03 15:04:27,535 [Listener at 127.0.0.1/44823] INFO  volume.StorageVolumeChecker (StorageVolumeChecker.java:checkAllVolumes(202)) - Scheduled health check for volume /home/runner/work/ozone/ozone/hadoop-ozone/integration-test/target/test-dir/MiniOzoneClusterImpl-1780bea0-e071-4232-b145-eeecbe4e4805/datanode-0/data-0/containers/hdds
2022-03-03 15:04:27,563 [Listener at 127.0.0.1/44823] INFO  volume.MutableVolumeSet (MutableVolumeSet.java:initializeVolumeSet(168)) - Added Volume : /home/runner/work/ozone/ozone/hadoop-ozone/integration-test/target/test-dir/MiniOzoneClusterImpl-1780bea0-e071-4232-b145-eeecbe4e4805/datanode-0/data/ratis to VolumeSet
2022-03-03 15:04:27,563 [Listener at 127.0.0.1/44823] INFO  volume.ThrottledAsyncChecker (ThrottledAsyncChecker.java:schedule(141)) - Scheduling a check for /home/runner/work/ozone/ozone/hadoop-ozone/integration-test/target/test-dir/MiniOzoneClusterImpl-1780bea0-e071-4232-b145-eeecbe4e4805/datanode-0/data/ratis
2022-03-03 15:04:27,571 [Listener at 127.0.0.1/44823] INFO  volume.StorageVolumeChecker (StorageVolumeChecker.java:checkAllVolumes(202)) - Scheduled health check for volume /home/runner/work/ozone/ozone/hadoop-ozone/integration-test/target/test-dir/MiniOzoneClusterImpl-1780bea0-e071-4232-b145-eeecbe4e4805/datanode-0/data/ratis
2022-03-03 15:04:27,603 [Thread-531] INFO  ozoneimpl.ContainerReader (ContainerReader.java:readVolume(172)) - Finish verifying containers on volume /home/runner/work/ozone/ozone/hadoop-ozone/integration-test/target/test-dir/MiniOzoneClusterImpl-1780bea0-e071-4232-b145-eeecbe4e4805/datanode-0/data-0/containers/hdds
2022-03-03 15:04:27,603 [Listener at 127.0.0.1/44823] INFO  ozoneimpl.OzoneContainer (OzoneContainer.java:buildContainerSet(257)) - Build ContainerSet costs 0s
2022-03-03 15:04:27,610 [Listener at 127.0.0.1/44823] INFO  server.RaftServer (ConfUtils.java:logGet(44)) - raft.rpc.type = GRPC (default)
2022-03-03 15:04:27,610 [Listener at 127.0.0.1/44823] INFO  grpc.GrpcFactory (GrpcFactory.java:checkPooledByteBufAllocatorUseCacheForAllThreads(48)) - PERFORMANCE WARNING: useCacheForAllThreads is true that may cause Netty to create a lot garbage objects and, as a result, trigger GC.
	It is recommended to disable useCacheForAllThreads by setting -Dorg.apache.ratis.thirdparty.io.netty.allocator.useCacheForAllThreads=false in command line.
2022-03-03 15:04:27,610 [Listener at 127.0.0.1/44823] INFO  grpc.GrpcConfigKeys (ConfUtils.java:logGet(44)) - raft.grpc.admin.port = 0 (custom)
2022-03-03 15:04:27,610 [Listener at 127.0.0.1/44823] INFO  grpc.GrpcConfigKeys (ConfUtils.java:logGet(44)) - raft.grpc.client.port = 0 (custom)
2022-03-03 15:04:27,610 [Listener at 127.0.0.1/44823] INFO  grpc.GrpcConfigKeys (ConfUtils.java:logGet(44)) - raft.grpc.server.port = 0 (default)
2022-03-03 15:04:27,610 [Listener at 127.0.0.1/44823] INFO  server.GrpcService (ConfUtils.java:logGet(44)) - raft.grpc.message.size.max = 32MB (=33554432) (custom)
2022-03-03 15:04:27,610 [Listener at 127.0.0.1/44823] INFO  server.RaftServerConfigKeys (ConfUtils.java:logGet(44)) - raft.server.log.appender.buffer.byte-limit = 33554432 (custom)
2022-03-03 15:04:27,611 [Listener at 127.0.0.1/44823] INFO  server.GrpcService (ConfUtils.java:logGet(44)) - raft.grpc.flow.control.window = 5MB (=5242880) (custom)
2022-03-03 15:04:27,611 [Listener at 127.0.0.1/44823] INFO  server.RaftServerConfigKeys (ConfUtils.java:logGet(44)) - raft.server.rpc.request.timeout = 60s (custom)
2022-03-03 15:04:27,612 [Listener at 127.0.0.1/44823] INFO  impl.DataStreamServerImpl (ConfUtils.java:logGet(44)) - raft.datastream.type = DISABLED (default)
2022-03-03 15:04:27,612 [Listener at 127.0.0.1/44823] INFO  server.RaftServerConfigKeys (ConfUtils.java:logGet(44)) - raft.server.rpc.slowness.timeout = 300s (custom)
2022-03-03 15:04:27,612 [Listener at 127.0.0.1/44823] INFO  server.RaftServerConfigKeys (ConfUtils.java:logGet(44)) - raft.server.leaderelection.leader.step-down.wait-time = 10s (default)
2022-03-03 15:04:27,612 [Listener at 127.0.0.1/44823] INFO  server.RaftServerConfigKeys (ConfUtils.java:logGet(44)) - raft.server.storage.dir = [/home/runner/work/ozone/ozone/hadoop-ozone/integration-test/target/test-dir/MiniOzoneClusterImpl-1780bea0-e071-4232-b145-eeecbe4e4805/datanode-0/data/ratis] (custom)
2022-03-03 15:04:27,613 [Listener at 127.0.0.1/44823] INFO  server.XceiverServerGrpc (XceiverServerGrpc.java:<init>(132)) - GrpcServer channel type EpollServerSocketChannel
2022-03-03 15:04:27,619 [Listener at 127.0.0.1/44823] INFO  http.BaseHttpServer (BaseHttpServer.java:newHttpServer2BuilderForOzone(209)) - Starting Web-server for hddsDatanode at: http://0.0.0.0:0
2022-03-03 15:04:27,620 [Listener at 127.0.0.1/44823] INFO  http.BaseHttpServer (BaseHttpServer.java:<init>(107)) - Hadoop Security Enabled: false Ozone Security Enabled: false Ozone HTTP Security Enabled: false 
2022-03-03 15:04:27,621 [Listener at 127.0.0.1/44823] INFO  server.AuthenticationFilter (AuthenticationFilter.java:constructSecretProvider(240)) - Unable to initialize FileSignerSecretProvider, falling back to use random secrets.
2022-03-03 15:04:27,624 [Listener at 127.0.0.1/44823] WARN  http.HttpRequestLog (HttpRequestLog.java:getRequestLog(103)) - Jetty request log can only be enabled using Log4j
2022-03-03 15:04:27,625 [Listener at 127.0.0.1/44823] INFO  http.HttpServer2 (HttpServer2.java:addGlobalFilter(1030)) - Added global filter 'safety' (class=org.apache.hadoop.hdds.server.http.HttpServer2$QuotingInputFilter)
2022-03-03 15:04:27,625 [Listener at 127.0.0.1/44823] INFO  http.HttpServer2 (HttpServer2.java:addFilter(1006)) - Added filter static_user_filter (class=org.apache.hadoop.http.lib.StaticUserWebFilter$StaticUserFilter) to context hddsDatanode
2022-03-03 15:04:27,626 [Listener at 127.0.0.1/44823] INFO  http.HttpServer2 (HttpServer2.java:addFilter(1014)) - Added filter static_user_filter (class=org.apache.hadoop.http.lib.StaticUserWebFilter$StaticUserFilter) to context logs
2022-03-03 15:04:27,626 [Listener at 127.0.0.1/44823] INFO  http.HttpServer2 (HttpServer2.java:addFilter(1014)) - Added filter static_user_filter (class=org.apache.hadoop.http.lib.StaticUserWebFilter$StaticUserFilter) to context static
2022-03-03 15:04:27,626 [Listener at 127.0.0.1/44823] INFO  http.HttpServer2 (HttpServer2.java:bindListener(1249)) - Jetty bound to port 45741
2022-03-03 15:04:27,626 [Listener at 127.0.0.1/44823] INFO  server.Server (Server.java:doStart(375)) - jetty-9.4.43.v20210629; built: 2021-06-30T11:07:22.254Z; git: 526006ecfa3af7f1a27ef3a288e2bef7ea9dd7e8; jvm 1.8.0_322-b06
2022-03-03 15:04:27,723 [Listener at 127.0.0.1/44823] INFO  server.session (DefaultSessionIdManager.java:doStart(334)) - DefaultSessionIdManager workerName=node0
2022-03-03 15:04:27,723 [Listener at 127.0.0.1/44823] INFO  server.session (DefaultSessionIdManager.java:doStart(339)) - No SessionScavenger set, using defaults
2022-03-03 15:04:27,723 [Listener at 127.0.0.1/44823] INFO  server.session (HouseKeeper.java:startScavenging(132)) - node0 Scavenging every 600000ms
2022-03-03 15:04:27,747 [Listener at 127.0.0.1/44823] INFO  handler.ContextHandler (ContextHandler.java:doStart(915)) - Started o.e.j.s.ServletContextHandler@23738d17{logs,/logs,file:///home/runner/work/ozone/ozone/hadoop-ozone/integration-test/target/log,AVAILABLE}
2022-03-03 15:04:27,747 [Listener at 127.0.0.1/44823] INFO  handler.ContextHandler (ContextHandler.java:doStart(915)) - Started o.e.j.s.ServletContextHandler@706171a7{static,/static,jar:file:/home/runner/.m2/repository/org/apache/ozone/hdds-container-service/1.3.0-SNAPSHOT/hdds-container-service-1.3.0-SNAPSHOT.jar!/webapps/static,AVAILABLE}
2022-03-03 15:04:27,872 [Listener at 127.0.0.1/44823] INFO  handler.ContextHandler (ContextHandler.java:doStart(915)) - Started o.e.j.w.WebAppContext@6c988424{hddsDatanode,/,file:///tmp/jetty-0_0_0_0-45741-hdds-container-service-1_3_0-SNAPSHOT_jar-_-any-2638583077518699643/webapp/,AVAILABLE}{jar:file:/home/runner/.m2/repository/org/apache/ozone/hdds-container-service/1.3.0-SNAPSHOT/hdds-container-service-1.3.0-SNAPSHOT.jar!/webapps/hddsDatanode}
2022-03-03 15:04:27,874 [Listener at 127.0.0.1/44823] INFO  server.AbstractConnector (AbstractConnector.java:doStart(331)) - Started ServerConnector@e22442a{HTTP/1.1, (http/1.1)}{0.0.0.0:45741}
2022-03-03 15:04:27,874 [Listener at 127.0.0.1/44823] INFO  server.Server (Server.java:doStart(415)) - Started @91818ms
2022-03-03 15:04:27,875 [Listener at 127.0.0.1/44823] WARN  impl.MetricsSystemImpl (MetricsSystemImpl.java:register(279)) - Sink prometheus already exists!
2022-03-03 15:04:27,875 [Listener at 127.0.0.1/44823] INFO  http.BaseHttpServer (BaseHttpServer.java:updateConnectorAddress(329)) - HTTP server of hddsDatanode listening at http://0.0.0.0:45741
2022-03-03 15:04:27,879 [Listener at 127.0.0.1/44823] WARN  impl.MetricRegistriesImpl (MetricRegistriesImpl.java:addReporterRegistration(111)) - New reporters are added after registries were created. Some metrics will be missing from the reporter. Please add reporter before adding any new registry.
2022-03-03 15:04:27,879 [Listener at 127.0.0.1/44823] WARN  impl.MetricRegistriesImpl (MetricRegistriesImpl.java:addReporterRegistration(111)) - New reporters are added after registries were created. Some metrics will be missing from the reporter. Please add reporter before adding any new registry.
2022-03-03 15:04:27,879 [Listener at 127.0.0.1/44823] INFO  impl.MetricsSystemImpl (MetricsSystemImpl.java:init(158)) - HddsDatanode metrics system started (again)
2022-03-03 15:04:27,885 [Datanode State Machine Daemon Thread] INFO  statemachine.DatanodeStateMachine (DatanodeStateMachine.java:lambda$startDaemon$0(470)) - Ozone container server started.
2022-03-03 15:04:27,919 [org.apache.hadoop.util.JvmPauseMonitor$Monitor@47229b32] INFO  util.JvmPauseMonitor (JvmPauseMonitor.java:run(188)) - Starting JVM pause monitor
2022-03-03 15:04:27,932 [Listener at 127.0.0.1/44823] INFO  ozone.HddsDatanodeService (HddsDatanodeService.java:start(233)) - HddsDatanodeService host:fv-az50-851.grzltbmokehuzjyc5b133kdqgh.cx.internal.cloudapp.net ip:10.1.0.28
2022-03-03 15:04:27,942 [Datanode State Machine Task Thread - 0] INFO  datanode.InitDatanodeState (InitDatanodeState.java:persistContainerDatanodeDetails(138)) - DatanodeDetails is persisted to /home/runner/work/ozone/ozone/hadoop-ozone/integration-test/target/test-dir/MiniOzoneClusterImpl-1780bea0-e071-4232-b145-eeecbe4e4805/datanode-0/meta/datanode.id
2022-03-03 15:04:27,970 [Listener at 127.0.0.1/44823] INFO  upgrade.AbstractLayoutVersionManager (AbstractLayoutVersionManager.java:init(79)) - Initializing Layout version manager with metadata layout = SCM_HA (version = 2), software layout = SCM_HA (version = 2)
2022-03-03 15:04:28,062 [Listener at 127.0.0.1/44823] INFO  reflections.Reflections (Reflections.java:scan(232)) - Reflections took 91 ms to scan 7 urls, producing 122 keys and 286 values 
2022-03-03 15:04:28,063 [Listener at 127.0.0.1/44823] INFO  statemachine.DatanodeStateMachine (DatanodeStateMachine.java:getEndPointTaskThreadPoolSize(222)) - Datanode State Machine Task Thread Pool size 2
2022-03-03 15:04:28,068 [Listener at 127.0.0.1/44823] INFO  volume.HddsVolume (HddsVolume.java:<init>(120)) - Creating HddsVolume: /home/runner/work/ozone/ozone/hadoop-ozone/integration-test/target/test-dir/MiniOzoneClusterImpl-1780bea0-e071-4232-b145-eeecbe4e4805/datanode-1/data-0/containers/hdds of storage type : DISK capacity : 9223372036854775807
2022-03-03 15:04:28,069 [Listener at 127.0.0.1/44823] INFO  volume.MutableVolumeSet (MutableVolumeSet.java:initializeVolumeSet(168)) - Added Volume : /home/runner/work/ozone/ozone/hadoop-ozone/integration-test/target/test-dir/MiniOzoneClusterImpl-1780bea0-e071-4232-b145-eeecbe4e4805/datanode-1/data-0/containers/hdds to VolumeSet
2022-03-03 15:04:28,069 [Listener at 127.0.0.1/44823] INFO  volume.ThrottledAsyncChecker (ThrottledAsyncChecker.java:schedule(141)) - Scheduling a check for /home/runner/work/ozone/ozone/hadoop-ozone/integration-test/target/test-dir/MiniOzoneClusterImpl-1780bea0-e071-4232-b145-eeecbe4e4805/datanode-1/data-0/containers/hdds
2022-03-03 15:04:28,069 [Listener at 127.0.0.1/44823] INFO  volume.StorageVolumeChecker (StorageVolumeChecker.java:checkAllVolumes(202)) - Scheduled health check for volume /home/runner/work/ozone/ozone/hadoop-ozone/integration-test/target/test-dir/MiniOzoneClusterImpl-1780bea0-e071-4232-b145-eeecbe4e4805/datanode-1/data-0/containers/hdds
2022-03-03 15:04:28,104 [Listener at 127.0.0.1/44823] INFO  volume.MutableVolumeSet (MutableVolumeSet.java:initializeVolumeSet(168)) - Added Volume : /home/runner/work/ozone/ozone/hadoop-ozone/integration-test/target/test-dir/MiniOzoneClusterImpl-1780bea0-e071-4232-b145-eeecbe4e4805/datanode-1/data/ratis to VolumeSet
2022-03-03 15:04:28,105 [Listener at 127.0.0.1/44823] INFO  volume.ThrottledAsyncChecker (ThrottledAsyncChecker.java:schedule(141)) - Scheduling a check for /home/runner/work/ozone/ozone/hadoop-ozone/integration-test/target/test-dir/MiniOzoneClusterImpl-1780bea0-e071-4232-b145-eeecbe4e4805/datanode-1/data/ratis
2022-03-03 15:04:28,111 [Listener at 127.0.0.1/44823] INFO  volume.StorageVolumeChecker (StorageVolumeChecker.java:checkAllVolumes(202)) - Scheduled health check for volume /home/runner/work/ozone/ozone/hadoop-ozone/integration-test/target/test-dir/MiniOzoneClusterImpl-1780bea0-e071-4232-b145-eeecbe4e4805/datanode-1/data/ratis
2022-03-03 15:04:28,151 [Thread-543] INFO  ozoneimpl.ContainerReader (ContainerReader.java:readVolume(172)) - Finish verifying containers on volume /home/runner/work/ozone/ozone/hadoop-ozone/integration-test/target/test-dir/MiniOzoneClusterImpl-1780bea0-e071-4232-b145-eeecbe4e4805/datanode-1/data-0/containers/hdds
2022-03-03 15:04:28,151 [Listener at 127.0.0.1/44823] INFO  ozoneimpl.OzoneContainer (OzoneContainer.java:buildContainerSet(257)) - Build ContainerSet costs 0s
2022-03-03 15:04:28,154 [Listener at 127.0.0.1/44823] INFO  server.RaftServer (ConfUtils.java:logGet(44)) - raft.rpc.type = GRPC (default)
2022-03-03 15:04:28,154 [Listener at 127.0.0.1/44823] INFO  grpc.GrpcFactory (GrpcFactory.java:checkPooledByteBufAllocatorUseCacheForAllThreads(48)) - PERFORMANCE WARNING: useCacheForAllThreads is true that may cause Netty to create a lot garbage objects and, as a result, trigger GC.
	It is recommended to disable useCacheForAllThreads by setting -Dorg.apache.ratis.thirdparty.io.netty.allocator.useCacheForAllThreads=false in command line.
2022-03-03 15:04:28,154 [Listener at 127.0.0.1/44823] INFO  grpc.GrpcConfigKeys (ConfUtils.java:logGet(44)) - raft.grpc.admin.port = 0 (custom)
2022-03-03 15:04:28,154 [Listener at 127.0.0.1/44823] INFO  grpc.GrpcConfigKeys (ConfUtils.java:logGet(44)) - raft.grpc.client.port = 0 (custom)
2022-03-03 15:04:28,154 [Listener at 127.0.0.1/44823] INFO  grpc.GrpcConfigKeys (ConfUtils.java:logGet(44)) - raft.grpc.server.port = 0 (default)
2022-03-03 15:04:28,154 [Listener at 127.0.0.1/44823] INFO  server.GrpcService (ConfUtils.java:logGet(44)) - raft.grpc.message.size.max = 32MB (=33554432) (custom)
2022-03-03 15:04:28,154 [Listener at 127.0.0.1/44823] INFO  server.RaftServerConfigKeys (ConfUtils.java:logGet(44)) - raft.server.log.appender.buffer.byte-limit = 33554432 (custom)
2022-03-03 15:04:28,155 [Listener at 127.0.0.1/44823] INFO  server.GrpcService (ConfUtils.java:logGet(44)) - raft.grpc.flow.control.window = 5MB (=5242880) (custom)
2022-03-03 15:04:28,155 [Listener at 127.0.0.1/44823] INFO  server.RaftServerConfigKeys (ConfUtils.java:logGet(44)) - raft.server.rpc.request.timeout = 60s (custom)
2022-03-03 15:04:28,156 [Listener at 127.0.0.1/44823] INFO  impl.DataStreamServerImpl (ConfUtils.java:logGet(44)) - raft.datastream.type = DISABLED (default)
2022-03-03 15:04:28,156 [Listener at 127.0.0.1/44823] INFO  server.RaftServerConfigKeys (ConfUtils.java:logGet(44)) - raft.server.rpc.slowness.timeout = 300s (custom)
2022-03-03 15:04:28,156 [Listener at 127.0.0.1/44823] INFO  server.RaftServerConfigKeys (ConfUtils.java:logGet(44)) - raft.server.leaderelection.leader.step-down.wait-time = 10s (default)
2022-03-03 15:04:28,156 [Listener at 127.0.0.1/44823] INFO  server.RaftServerConfigKeys (ConfUtils.java:logGet(44)) - raft.server.storage.dir = [/home/runner/work/ozone/ozone/hadoop-ozone/integration-test/target/test-dir/MiniOzoneClusterImpl-1780bea0-e071-4232-b145-eeecbe4e4805/datanode-1/data/ratis] (custom)
2022-03-03 15:04:28,157 [Listener at 127.0.0.1/44823] INFO  server.XceiverServerGrpc (XceiverServerGrpc.java:<init>(132)) - GrpcServer channel type EpollServerSocketChannel
2022-03-03 15:04:28,171 [Listener at 127.0.0.1/44823] INFO  http.BaseHttpServer (BaseHttpServer.java:newHttpServer2BuilderForOzone(209)) - Starting Web-server for hddsDatanode at: http://0.0.0.0:0
2022-03-03 15:04:28,171 [Listener at 127.0.0.1/44823] INFO  http.BaseHttpServer (BaseHttpServer.java:<init>(107)) - Hadoop Security Enabled: false Ozone Security Enabled: false Ozone HTTP Security Enabled: false 
2022-03-03 15:04:28,172 [Listener at 127.0.0.1/44823] INFO  server.AuthenticationFilter (AuthenticationFilter.java:constructSecretProvider(240)) - Unable to initialize FileSignerSecretProvider, falling back to use random secrets.
2022-03-03 15:04:28,183 [Listener at 127.0.0.1/44823] WARN  http.HttpRequestLog (HttpRequestLog.java:getRequestLog(103)) - Jetty request log can only be enabled using Log4j
2022-03-03 15:04:28,184 [Listener at 127.0.0.1/44823] INFO  http.HttpServer2 (HttpServer2.java:addGlobalFilter(1030)) - Added global filter 'safety' (class=org.apache.hadoop.hdds.server.http.HttpServer2$QuotingInputFilter)
2022-03-03 15:04:28,184 [Listener at 127.0.0.1/44823] INFO  http.HttpServer2 (HttpServer2.java:addFilter(1006)) - Added filter static_user_filter (class=org.apache.hadoop.http.lib.StaticUserWebFilter$StaticUserFilter) to context hddsDatanode
2022-03-03 15:04:28,184 [Listener at 127.0.0.1/44823] INFO  http.HttpServer2 (HttpServer2.java:addFilter(1014)) - Added filter static_user_filter (class=org.apache.hadoop.http.lib.StaticUserWebFilter$StaticUserFilter) to context logs
2022-03-03 15:04:28,184 [Listener at 127.0.0.1/44823] INFO  http.HttpServer2 (HttpServer2.java:addFilter(1014)) - Added filter static_user_filter (class=org.apache.hadoop.http.lib.StaticUserWebFilter$StaticUserFilter) to context static
2022-03-03 15:04:28,185 [Listener at 127.0.0.1/44823] INFO  http.HttpServer2 (HttpServer2.java:bindListener(1249)) - Jetty bound to port 45459
2022-03-03 15:04:28,185 [Listener at 127.0.0.1/44823] INFO  server.Server (Server.java:doStart(375)) - jetty-9.4.43.v20210629; built: 2021-06-30T11:07:22.254Z; git: 526006ecfa3af7f1a27ef3a288e2bef7ea9dd7e8; jvm 1.8.0_322-b06
2022-03-03 15:04:28,267 [Listener at 127.0.0.1/44823] INFO  server.session (DefaultSessionIdManager.java:doStart(334)) - DefaultSessionIdManager workerName=node0
2022-03-03 15:04:28,267 [Listener at 127.0.0.1/44823] INFO  server.session (DefaultSessionIdManager.java:doStart(339)) - No SessionScavenger set, using defaults
2022-03-03 15:04:28,267 [Listener at 127.0.0.1/44823] INFO  server.session (HouseKeeper.java:startScavenging(132)) - node0 Scavenging every 600000ms
2022-03-03 15:04:28,275 [Listener at 127.0.0.1/44823] INFO  handler.ContextHandler (ContextHandler.java:doStart(915)) - Started o.e.j.s.ServletContextHandler@52f9351c{logs,/logs,file:///home/runner/work/ozone/ozone/hadoop-ozone/integration-test/target/log,AVAILABLE}
2022-03-03 15:04:28,275 [Listener at 127.0.0.1/44823] INFO  handler.ContextHandler (ContextHandler.java:doStart(915)) - Started o.e.j.s.ServletContextHandler@75b9df3c{static,/static,jar:file:/home/runner/.m2/repository/org/apache/ozone/hdds-container-service/1.3.0-SNAPSHOT/hdds-container-service-1.3.0-SNAPSHOT.jar!/webapps/static,AVAILABLE}
2022-03-03 15:04:28,383 [Listener at 127.0.0.1/44823] INFO  handler.ContextHandler (ContextHandler.java:doStart(915)) - Started o.e.j.w.WebAppContext@5771b2a8{hddsDatanode,/,file:///tmp/jetty-0_0_0_0-45459-hdds-container-service-1_3_0-SNAPSHOT_jar-_-any-8883779862652886038/webapp/,AVAILABLE}{jar:file:/home/runner/.m2/repository/org/apache/ozone/hdds-container-service/1.3.0-SNAPSHOT/hdds-container-service-1.3.0-SNAPSHOT.jar!/webapps/hddsDatanode}
2022-03-03 15:04:28,391 [Listener at 127.0.0.1/44823] INFO  server.AbstractConnector (AbstractConnector.java:doStart(331)) - Started ServerConnector@9fb8019{HTTP/1.1, (http/1.1)}{0.0.0.0:45459}
2022-03-03 15:04:28,392 [Listener at 127.0.0.1/44823] INFO  server.Server (Server.java:doStart(415)) - Started @92335ms
2022-03-03 15:04:28,392 [Listener at 127.0.0.1/44823] WARN  impl.MetricsSystemImpl (MetricsSystemImpl.java:register(279)) - Sink prometheus already exists!
2022-03-03 15:04:28,394 [Listener at 127.0.0.1/44823] INFO  http.BaseHttpServer (BaseHttpServer.java:updateConnectorAddress(329)) - HTTP server of hddsDatanode listening at http://0.0.0.0:45459
2022-03-03 15:04:28,411 [om1@group-C5BA1605619E-FollowerState] INFO  impl.FollowerState (FollowerState.java:run(134)) - om1@group-C5BA1605619E-FollowerState: change to CANDIDATE, lastRpcElapsedTime:1220588390ns, electionTimeout:1200ms
2022-03-03 15:04:28,411 [om1@group-C5BA1605619E-FollowerState] INFO  impl.RoleInfo (RoleInfo.java:shutdownFollowerState(108)) - om1: shutdown om1@group-C5BA1605619E-FollowerState
2022-03-03 15:04:28,411 [om1@group-C5BA1605619E-FollowerState] INFO  server.RaftServer$Division (RaftServerImpl.java:setRole(290)) - om1@group-C5BA1605619E: changes role from  FOLLOWER to CANDIDATE at term 0 for changeToCandidate
2022-03-03 15:04:28,412 [om1@group-C5BA1605619E-FollowerState] INFO  server.RaftServerConfigKeys (ConfUtils.java:logGet(44)) - raft.server.leaderelection.pre-vote = false (custom)
2022-03-03 15:04:28,412 [om1@group-C5BA1605619E-FollowerState] INFO  impl.RoleInfo (RoleInfo.java:updateAndGet(130)) - om1: start om1@group-C5BA1605619E-LeaderElection14
2022-03-03 15:04:28,412 [Listener at 127.0.0.1/44823] WARN  impl.MetricRegistriesImpl (MetricRegistriesImpl.java:addReporterRegistration(111)) - New reporters are added after registries were created. Some metrics will be missing from the reporter. Please add reporter before adding any new registry.
2022-03-03 15:04:28,412 [Datanode State Machine Daemon Thread] INFO  statemachine.DatanodeStateMachine (DatanodeStateMachine.java:lambda$startDaemon$0(470)) - Ozone container server started.
2022-03-03 15:04:28,412 [Listener at 127.0.0.1/44823] WARN  impl.MetricRegistriesImpl (MetricRegistriesImpl.java:addReporterRegistration(111)) - New reporters are added after registries were created. Some metrics will be missing from the reporter. Please add reporter before adding any new registry.
2022-03-03 15:04:28,412 [Listener at 127.0.0.1/44823] INFO  impl.MetricsSystemImpl (MetricsSystemImpl.java:init(158)) - HddsDatanode metrics system started (again)
2022-03-03 15:04:28,427 [org.apache.hadoop.util.JvmPauseMonitor$Monitor@30f7b7d5] INFO  util.JvmPauseMonitor (JvmPauseMonitor.java:run(188)) - Starting JVM pause monitor
2022-03-03 15:04:28,442 [om1@group-C5BA1605619E-LeaderElection14] INFO  impl.LeaderElection (LeaderElection.java:askForVotes(306)) - om1@group-C5BA1605619E-LeaderElection14 ELECTION round 0: submit vote requests at term 1 for -1: [om1|rpc:localhost:9872|priority:0], old=null
2022-03-03 15:04:28,445 [om1@group-C5BA1605619E-LeaderElection14] INFO  impl.LeaderElection (LeaderElection.java:askForVotes(308)) - om1@group-C5BA1605619E-LeaderElection14 ELECTION round 0: result PASSED (term=1)
2022-03-03 15:04:28,445 [om1@group-C5BA1605619E-LeaderElection14] INFO  impl.RoleInfo (RoleInfo.java:shutdownLeaderElection(121)) - om1: shutdown om1@group-C5BA1605619E-LeaderElection14
2022-03-03 15:04:28,445 [om1@group-C5BA1605619E-LeaderElection14] INFO  server.RaftServer$Division (RaftServerImpl.java:setRole(290)) - om1@group-C5BA1605619E: changes role from CANDIDATE to LEADER at term 1 for changeToLeader
2022-03-03 15:04:28,445 [om1@group-C5BA1605619E-LeaderElection14] INFO  server.RaftServer$Division (ServerState.java:setLeader(285)) - om1@group-C5BA1605619E: change Leader from null to om1 at term 1 for becomeLeader, leader elected after 1340ms
2022-03-03 15:04:28,445 [om1@group-C5BA1605619E-LeaderElection14] INFO  server.RaftServerConfigKeys (ConfUtils.java:logGet(44)) - raft.server.staging.catchup.gap = 1000 (default)
2022-03-03 15:04:28,446 [om1@group-C5BA1605619E-LeaderElection14] INFO  server.RaftServerConfigKeys (ConfUtils.java:logGet(44)) - raft.server.write.element-limit = 4096 (default)
2022-03-03 15:04:28,446 [om1@group-C5BA1605619E-LeaderElection14] INFO  server.RaftServerConfigKeys (ConfUtils.java:logGet(44)) - raft.server.write.byte-limit = 64MB (=67108864) (default)
2022-03-03 15:04:28,446 [om1@group-C5BA1605619E-LeaderElection14] INFO  server.RaftServerConfigKeys (ConfUtils.java:logGet(44)) - raft.server.watch.timeout = 10s (default)
2022-03-03 15:04:28,446 [om1@group-C5BA1605619E-LeaderElection14] INFO  server.RaftServerConfigKeys (ConfUtils.java:logGet(44)) - raft.server.watch.timeout.denomination = 1s (default)
2022-03-03 15:04:28,446 [om1@group-C5BA1605619E-LeaderElection14] INFO  server.RaftServerConfigKeys (ConfUtils.java:logGet(44)) - raft.server.watch.element-limit = 65536 (default)
2022-03-03 15:04:28,446 [om1@group-C5BA1605619E-LeaderElection14] INFO  server.RaftServerConfigKeys (ConfUtils.java:logGet(44)) - raft.server.write.element-limit = 4096 (default)
2022-03-03 15:04:28,446 [om1@group-C5BA1605619E-LeaderElection14] INFO  server.RaftServerConfigKeys (ConfUtils.java:logGet(44)) - raft.server.write.follower.gap.ratio.max = -1.0 (default)
2022-03-03 15:04:28,446 [om1@group-C5BA1605619E-LeaderElection14] INFO  impl.RoleInfo (RoleInfo.java:updateAndGet(130)) - om1: start om1@group-C5BA1605619E-LeaderStateImpl
2022-03-03 15:04:28,452 [om1@group-C5BA1605619E-LeaderElection14] INFO  segmented.SegmentedRaftLogWorker (SegmentedRaftLogWorker.java:startLogSegment(394)) - om1@group-C5BA1605619E-SegmentedRaftLogWorker: Starting segment from index:0
2022-03-03 15:04:28,462 [om1@group-C5BA1605619E-SegmentedRaftLogWorker] INFO  segmented.SegmentedRaftLogWorker (SegmentedRaftLogWorker.java:execute(601)) - om1@group-C5BA1605619E-SegmentedRaftLogWorker: created new log segment /home/runner/work/ozone/ozone/hadoop-ozone/integration-test/target/test-dir/MiniOzoneClusterImpl-1780bea0-e071-4232-b145-eeecbe4e4805/ozone-meta/ratis/bf265839-605b-3f16-9796-c5ba1605619e/current/log_inprogress_0
2022-03-03 15:04:28,475 [om1@group-C5BA1605619E-LeaderElection14] INFO  server.RaftServer$Division (ServerState.java:setRaftConf(387)) - om1@group-C5BA1605619E: set configuration 0: [om1|rpc:localhost:9872|admin:|client:|dataStream:|priority:0], old=null
2022-03-03 15:04:28,477 [Listener at 127.0.0.1/44823] INFO  ozone.HddsDatanodeService (HddsDatanodeService.java:start(233)) - HddsDatanodeService host:fv-az50-851.grzltbmokehuzjyc5b133kdqgh.cx.internal.cloudapp.net ip:10.1.0.28
2022-03-03 15:04:28,480 [om1@group-C5BA1605619E-StateMachineUpdater] INFO  ratis.OzoneManagerStateMachine (OzoneManagerStateMachine.java:notifyConfigurationChanged(188)) - Received Configuration change notification from Ratis. New Peer list:
[id: "om1"
address: "localhost:9872"
]
2022-03-03 15:04:28,492 [Datanode State Machine Task Thread - 0] INFO  datanode.InitDatanodeState (InitDatanodeState.java:persistContainerDatanodeDetails(138)) - DatanodeDetails is persisted to /home/runner/work/ozone/ozone/hadoop-ozone/integration-test/target/test-dir/MiniOzoneClusterImpl-1780bea0-e071-4232-b145-eeecbe4e4805/datanode-1/meta/datanode.id
2022-03-03 15:04:28,509 [Listener at 127.0.0.1/44823] INFO  upgrade.AbstractLayoutVersionManager (AbstractLayoutVersionManager.java:init(79)) - Initializing Layout version manager with metadata layout = SCM_HA (version = 2), software layout = SCM_HA (version = 2)
2022-03-03 15:04:28,591 [Listener at 127.0.0.1/44823] INFO  reflections.Reflections (Reflections.java:scan(232)) - Reflections took 78 ms to scan 7 urls, producing 122 keys and 286 values 
2022-03-03 15:04:28,593 [Listener at 127.0.0.1/44823] INFO  statemachine.DatanodeStateMachine (DatanodeStateMachine.java:getEndPointTaskThreadPoolSize(222)) - Datanode State Machine Task Thread Pool size 2
2022-03-03 15:04:28,603 [Listener at 127.0.0.1/44823] INFO  volume.HddsVolume (HddsVolume.java:<init>(120)) - Creating HddsVolume: /home/runner/work/ozone/ozone/hadoop-ozone/integration-test/target/test-dir/MiniOzoneClusterImpl-1780bea0-e071-4232-b145-eeecbe4e4805/datanode-2/data-0/containers/hdds of storage type : DISK capacity : 9223372036854775807
2022-03-03 15:04:28,604 [Listener at 127.0.0.1/44823] INFO  volume.MutableVolumeSet (MutableVolumeSet.java:initializeVolumeSet(168)) - Added Volume : /home/runner/work/ozone/ozone/hadoop-ozone/integration-test/target/test-dir/MiniOzoneClusterImpl-1780bea0-e071-4232-b145-eeecbe4e4805/datanode-2/data-0/containers/hdds to VolumeSet
2022-03-03 15:04:28,604 [Listener at 127.0.0.1/44823] INFO  volume.ThrottledAsyncChecker (ThrottledAsyncChecker.java:schedule(141)) - Scheduling a check for /home/runner/work/ozone/ozone/hadoop-ozone/integration-test/target/test-dir/MiniOzoneClusterImpl-1780bea0-e071-4232-b145-eeecbe4e4805/datanode-2/data-0/containers/hdds
2022-03-03 15:04:28,613 [Listener at 127.0.0.1/44823] INFO  volume.StorageVolumeChecker (StorageVolumeChecker.java:checkAllVolumes(202)) - Scheduled health check for volume /home/runner/work/ozone/ozone/hadoop-ozone/integration-test/target/test-dir/MiniOzoneClusterImpl-1780bea0-e071-4232-b145-eeecbe4e4805/datanode-2/data-0/containers/hdds
2022-03-03 15:04:28,629 [Listener at 127.0.0.1/44823] INFO  volume.MutableVolumeSet (MutableVolumeSet.java:initializeVolumeSet(168)) - Added Volume : /home/runner/work/ozone/ozone/hadoop-ozone/integration-test/target/test-dir/MiniOzoneClusterImpl-1780bea0-e071-4232-b145-eeecbe4e4805/datanode-2/data/ratis to VolumeSet
2022-03-03 15:04:28,629 [Listener at 127.0.0.1/44823] INFO  volume.ThrottledAsyncChecker (ThrottledAsyncChecker.java:schedule(141)) - Scheduling a check for /home/runner/work/ozone/ozone/hadoop-ozone/integration-test/target/test-dir/MiniOzoneClusterImpl-1780bea0-e071-4232-b145-eeecbe4e4805/datanode-2/data/ratis
2022-03-03 15:04:28,630 [Listener at 127.0.0.1/44823] INFO  volume.StorageVolumeChecker (StorageVolumeChecker.java:checkAllVolumes(202)) - Scheduled health check for volume /home/runner/work/ozone/ozone/hadoop-ozone/integration-test/target/test-dir/MiniOzoneClusterImpl-1780bea0-e071-4232-b145-eeecbe4e4805/datanode-2/data/ratis
2022-03-03 15:04:28,663 [Thread-557] INFO  ozoneimpl.ContainerReader (ContainerReader.java:readVolume(172)) - Finish verifying containers on volume /home/runner/work/ozone/ozone/hadoop-ozone/integration-test/target/test-dir/MiniOzoneClusterImpl-1780bea0-e071-4232-b145-eeecbe4e4805/datanode-2/data-0/containers/hdds
2022-03-03 15:04:28,663 [Listener at 127.0.0.1/44823] INFO  ozoneimpl.OzoneContainer (OzoneContainer.java:buildContainerSet(257)) - Build ContainerSet costs 0s
2022-03-03 15:04:28,665 [Listener at 127.0.0.1/44823] INFO  server.RaftServer (ConfUtils.java:logGet(44)) - raft.rpc.type = GRPC (default)
2022-03-03 15:04:28,665 [Listener at 127.0.0.1/44823] INFO  grpc.GrpcFactory (GrpcFactory.java:checkPooledByteBufAllocatorUseCacheForAllThreads(48)) - PERFORMANCE WARNING: useCacheForAllThreads is true that may cause Netty to create a lot garbage objects and, as a result, trigger GC.
	It is recommended to disable useCacheForAllThreads by setting -Dorg.apache.ratis.thirdparty.io.netty.allocator.useCacheForAllThreads=false in command line.
2022-03-03 15:04:28,665 [Listener at 127.0.0.1/44823] INFO  grpc.GrpcConfigKeys (ConfUtils.java:logGet(44)) - raft.grpc.admin.port = 0 (custom)
2022-03-03 15:04:28,666 [Listener at 127.0.0.1/44823] INFO  grpc.GrpcConfigKeys (ConfUtils.java:logGet(44)) - raft.grpc.client.port = 0 (custom)
2022-03-03 15:04:28,666 [Listener at 127.0.0.1/44823] INFO  grpc.GrpcConfigKeys (ConfUtils.java:logGet(44)) - raft.grpc.server.port = 0 (default)
2022-03-03 15:04:28,666 [Listener at 127.0.0.1/44823] INFO  server.GrpcService (ConfUtils.java:logGet(44)) - raft.grpc.message.size.max = 32MB (=33554432) (custom)
2022-03-03 15:04:28,666 [Listener at 127.0.0.1/44823] INFO  server.RaftServerConfigKeys (ConfUtils.java:logGet(44)) - raft.server.log.appender.buffer.byte-limit = 33554432 (custom)
2022-03-03 15:04:28,666 [Listener at 127.0.0.1/44823] INFO  server.GrpcService (ConfUtils.java:logGet(44)) - raft.grpc.flow.control.window = 5MB (=5242880) (custom)
2022-03-03 15:04:28,666 [Listener at 127.0.0.1/44823] INFO  server.RaftServerConfigKeys (ConfUtils.java:logGet(44)) - raft.server.rpc.request.timeout = 60s (custom)
2022-03-03 15:04:28,669 [Listener at 127.0.0.1/44823] INFO  impl.DataStreamServerImpl (ConfUtils.java:logGet(44)) - raft.datastream.type = DISABLED (default)
2022-03-03 15:04:28,669 [Listener at 127.0.0.1/44823] INFO  server.RaftServerConfigKeys (ConfUtils.java:logGet(44)) - raft.server.rpc.slowness.timeout = 300s (custom)
2022-03-03 15:04:28,670 [Listener at 127.0.0.1/44823] INFO  server.RaftServerConfigKeys (ConfUtils.java:logGet(44)) - raft.server.leaderelection.leader.step-down.wait-time = 10s (default)
2022-03-03 15:04:28,670 [Listener at 127.0.0.1/44823] INFO  server.RaftServerConfigKeys (ConfUtils.java:logGet(44)) - raft.server.storage.dir = [/home/runner/work/ozone/ozone/hadoop-ozone/integration-test/target/test-dir/MiniOzoneClusterImpl-1780bea0-e071-4232-b145-eeecbe4e4805/datanode-2/data/ratis] (custom)
2022-03-03 15:04:28,671 [Listener at 127.0.0.1/44823] INFO  server.XceiverServerGrpc (XceiverServerGrpc.java:<init>(132)) - GrpcServer channel type EpollServerSocketChannel
2022-03-03 15:04:28,679 [Listener at 127.0.0.1/44823] INFO  http.BaseHttpServer (BaseHttpServer.java:newHttpServer2BuilderForOzone(209)) - Starting Web-server for hddsDatanode at: http://0.0.0.0:0
2022-03-03 15:04:28,680 [Listener at 127.0.0.1/44823] INFO  http.BaseHttpServer (BaseHttpServer.java:<init>(107)) - Hadoop Security Enabled: false Ozone Security Enabled: false Ozone HTTP Security Enabled: false 
2022-03-03 15:04:28,681 [Listener at 127.0.0.1/44823] INFO  server.AuthenticationFilter (AuthenticationFilter.java:constructSecretProvider(240)) - Unable to initialize FileSignerSecretProvider, falling back to use random secrets.
2022-03-03 15:04:28,681 [Listener at 127.0.0.1/44823] WARN  http.HttpRequestLog (HttpRequestLog.java:getRequestLog(103)) - Jetty request log can only be enabled using Log4j
2022-03-03 15:04:28,682 [Listener at 127.0.0.1/44823] INFO  http.HttpServer2 (HttpServer2.java:addGlobalFilter(1030)) - Added global filter 'safety' (class=org.apache.hadoop.hdds.server.http.HttpServer2$QuotingInputFilter)
2022-03-03 15:04:28,682 [Listener at 127.0.0.1/44823] INFO  http.HttpServer2 (HttpServer2.java:addFilter(1006)) - Added filter static_user_filter (class=org.apache.hadoop.http.lib.StaticUserWebFilter$StaticUserFilter) to context hddsDatanode
2022-03-03 15:04:28,682 [Listener at 127.0.0.1/44823] INFO  http.HttpServer2 (HttpServer2.java:addFilter(1014)) - Added filter static_user_filter (class=org.apache.hadoop.http.lib.StaticUserWebFilter$StaticUserFilter) to context logs
2022-03-03 15:04:28,682 [Listener at 127.0.0.1/44823] INFO  http.HttpServer2 (HttpServer2.java:addFilter(1014)) - Added filter static_user_filter (class=org.apache.hadoop.http.lib.StaticUserWebFilter$StaticUserFilter) to context static
2022-03-03 15:04:28,683 [Listener at 127.0.0.1/44823] INFO  http.HttpServer2 (HttpServer2.java:bindListener(1249)) - Jetty bound to port 44129
2022-03-03 15:04:28,683 [Listener at 127.0.0.1/44823] INFO  server.Server (Server.java:doStart(375)) - jetty-9.4.43.v20210629; built: 2021-06-30T11:07:22.254Z; git: 526006ecfa3af7f1a27ef3a288e2bef7ea9dd7e8; jvm 1.8.0_322-b06
2022-03-03 15:04:28,759 [Listener at 127.0.0.1/44823] INFO  server.session (DefaultSessionIdManager.java:doStart(334)) - DefaultSessionIdManager workerName=node0
2022-03-03 15:04:28,759 [Listener at 127.0.0.1/44823] INFO  server.session (DefaultSessionIdManager.java:doStart(339)) - No SessionScavenger set, using defaults
2022-03-03 15:04:28,759 [Listener at 127.0.0.1/44823] INFO  server.session (HouseKeeper.java:startScavenging(132)) - node0 Scavenging every 600000ms
2022-03-03 15:04:28,769 [Listener at 127.0.0.1/44823] INFO  handler.ContextHandler (ContextHandler.java:doStart(915)) - Started o.e.j.s.ServletContextHandler@32b4fb46{logs,/logs,file:///home/runner/work/ozone/ozone/hadoop-ozone/integration-test/target/log,AVAILABLE}
2022-03-03 15:04:28,769 [Listener at 127.0.0.1/44823] INFO  handler.ContextHandler (ContextHandler.java:doStart(915)) - Started o.e.j.s.ServletContextHandler@7524a297{static,/static,jar:file:/home/runner/.m2/repository/org/apache/ozone/hdds-container-service/1.3.0-SNAPSHOT/hdds-container-service-1.3.0-SNAPSHOT.jar!/webapps/static,AVAILABLE}
2022-03-03 15:04:28,890 [Listener at 127.0.0.1/44823] INFO  handler.ContextHandler (ContextHandler.java:doStart(915)) - Started o.e.j.w.WebAppContext@75038bed{hddsDatanode,/,file:///tmp/jetty-0_0_0_0-44129-hdds-container-service-1_3_0-SNAPSHOT_jar-_-any-3466597509956735601/webapp/,AVAILABLE}{jar:file:/home/runner/.m2/repository/org/apache/ozone/hdds-container-service/1.3.0-SNAPSHOT/hdds-container-service-1.3.0-SNAPSHOT.jar!/webapps/hddsDatanode}
2022-03-03 15:04:28,903 [Listener at 127.0.0.1/44823] INFO  server.AbstractConnector (AbstractConnector.java:doStart(331)) - Started ServerConnector@649912e8{HTTP/1.1, (http/1.1)}{0.0.0.0:44129}
2022-03-03 15:04:28,903 [Listener at 127.0.0.1/44823] INFO  server.Server (Server.java:doStart(415)) - Started @92847ms
2022-03-03 15:04:28,903 [Listener at 127.0.0.1/44823] WARN  impl.MetricsSystemImpl (MetricsSystemImpl.java:register(279)) - Sink prometheus already exists!
2022-03-03 15:04:28,904 [Listener at 127.0.0.1/44823] INFO  http.BaseHttpServer (BaseHttpServer.java:updateConnectorAddress(329)) - HTTP server of hddsDatanode listening at http://0.0.0.0:44129
2022-03-03 15:04:28,906 [Listener at 127.0.0.1/44823] INFO  ozone.MiniOzoneClusterImpl (MiniOzoneClusterImpl.java:lambda$waitForClusterToBeReady$0(219)) - Waiting for nodes to be ready. Got 0 of 3 DN Heartbeats.
2022-03-03 15:04:28,906 [Listener at 127.0.0.1/44823] INFO  ozone.MiniOzoneClusterImpl (MiniOzoneClusterImpl.java:lambda$waitForClusterToBeReady$0(222)) - Waiting for cluster to exit safe mode
2022-03-03 15:04:28,906 [Listener at 127.0.0.1/44823] INFO  ozone.MiniOzoneClusterImpl (MiniOzoneClusterImpl.java:lambda$waitForClusterToBeReady$0(224)) - SCM became leader
2022-03-03 15:04:28,906 [Datanode State Machine Daemon Thread] INFO  statemachine.DatanodeStateMachine (DatanodeStateMachine.java:lambda$startDaemon$0(470)) - Ozone container server started.
2022-03-03 15:04:28,939 [org.apache.hadoop.util.JvmPauseMonitor$Monitor@7db81242] INFO  util.JvmPauseMonitor (JvmPauseMonitor.java:run(188)) - Starting JVM pause monitor
2022-03-03 15:04:28,939 [Datanode State Machine Task Thread - 0] INFO  datanode.InitDatanodeState (InitDatanodeState.java:persistContainerDatanodeDetails(138)) - DatanodeDetails is persisted to /home/runner/work/ozone/ozone/hadoop-ozone/integration-test/target/test-dir/MiniOzoneClusterImpl-1780bea0-e071-4232-b145-eeecbe4e4805/datanode-2/meta/datanode.id
2022-03-03 15:04:29,911 [Listener at 127.0.0.1/44823] INFO  ozone.MiniOzoneClusterImpl (MiniOzoneClusterImpl.java:lambda$waitForClusterToBeReady$0(219)) - Waiting for nodes to be ready. Got 0 of 3 DN Heartbeats.
2022-03-03 15:04:29,911 [Listener at 127.0.0.1/44823] INFO  ozone.MiniOzoneClusterImpl (MiniOzoneClusterImpl.java:lambda$waitForClusterToBeReady$0(222)) - Waiting for cluster to exit safe mode
2022-03-03 15:04:29,911 [Listener at 127.0.0.1/44823] INFO  ozone.MiniOzoneClusterImpl (MiniOzoneClusterImpl.java:lambda$waitForClusterToBeReady$0(224)) - SCM became leader
2022-03-03 15:04:29,962 [EndpointStateMachine task thread for /0.0.0.0:34909 - 0 ] INFO  ozoneimpl.OzoneContainer (OzoneContainer.java:start(335)) - Attempting to start container services.
2022-03-03 15:04:29,962 [EndpointStateMachine task thread for /0.0.0.0:34909 - 0 ] INFO  ozoneimpl.OzoneContainer (OzoneContainer.java:startContainerScrub(270)) - Background container scanner has been disabled.
2022-03-03 15:04:29,964 [EndpointStateMachine task thread for /0.0.0.0:34909 - 0 ] INFO  replication.ReplicationServer (ReplicationServer.java:start(111)) - ReplicationServer is started using port 38263
2022-03-03 15:04:29,964 [EndpointStateMachine task thread for /0.0.0.0:34909 - 0 ] INFO  ratis.XceiverServerRatis (XceiverServerRatis.java:start(485)) - Starting XceiverServerRatis 9456f629-97b8-4527-b4fd-0706f8d70381
2022-03-03 15:04:29,987 [EndpointStateMachine task thread for /0.0.0.0:34909 - 0 ] INFO  server.RaftServer (RaftServerProxy.java:lambda$start$5(374)) - 9456f629-97b8-4527-b4fd-0706f8d70381: start RPC server
2022-03-03 15:04:29,988 [EndpointStateMachine task thread for /0.0.0.0:34909 - 0 ] INFO  server.GrpcService (GrpcService.java:startImpl(253)) - 9456f629-97b8-4527-b4fd-0706f8d70381: GrpcService started, listening on 39067
2022-03-03 15:04:29,990 [EndpointStateMachine task thread for /0.0.0.0:34909 - 0 ] INFO  ratis.XceiverServerRatis (XceiverServerRatis.java:getRealPort(506)) - XceiverServerRatis 9456f629-97b8-4527-b4fd-0706f8d70381 is started using port 39067 for RATIS
2022-03-03 15:04:29,991 [EndpointStateMachine task thread for /0.0.0.0:34909 - 0 ] INFO  ratis.XceiverServerRatis (XceiverServerRatis.java:getRealPort(506)) - XceiverServerRatis 9456f629-97b8-4527-b4fd-0706f8d70381 is started using port 39067 for RATIS_ADMIN
2022-03-03 15:04:29,991 [EndpointStateMachine task thread for /0.0.0.0:34909 - 0 ] INFO  ratis.XceiverServerRatis (XceiverServerRatis.java:getRealPort(506)) - XceiverServerRatis 9456f629-97b8-4527-b4fd-0706f8d70381 is started using port 39067 for RATIS_SERVER
2022-03-03 15:04:29,991 [org.apache.ratis.util.JvmPauseMonitor$$Lambda$431/2038447515@6b210327] INFO  util.JvmPauseMonitor (JvmPauseMonitor.java:run(103)) - JvmPauseMonitor-9456f629-97b8-4527-b4fd-0706f8d70381: Started
2022-03-03 15:04:30,021 [EndpointStateMachine task thread for /0.0.0.0:34909 - 0 ] INFO  server.XceiverServerGrpc (XceiverServerGrpc.java:start(180)) - XceiverServerGrpc 9456f629-97b8-4527-b4fd-0706f8d70381 is started using port 41499
2022-03-03 15:04:30,470 [EndpointStateMachine task thread for /0.0.0.0:34909 - 0 ] INFO  ozoneimpl.OzoneContainer (OzoneContainer.java:start(335)) - Attempting to start container services.
2022-03-03 15:04:30,470 [EndpointStateMachine task thread for /0.0.0.0:34909 - 0 ] INFO  ozoneimpl.OzoneContainer (OzoneContainer.java:startContainerScrub(270)) - Background container scanner has been disabled.
2022-03-03 15:04:30,503 [EndpointStateMachine task thread for /0.0.0.0:34909 - 0 ] INFO  replication.ReplicationServer (ReplicationServer.java:start(111)) - ReplicationServer is started using port 42855
2022-03-03 15:04:30,503 [EndpointStateMachine task thread for /0.0.0.0:34909 - 0 ] INFO  ratis.XceiverServerRatis (XceiverServerRatis.java:start(485)) - Starting XceiverServerRatis 860b61a6-6888-4e38-8807-2fca971f454a
2022-03-03 15:04:30,507 [EndpointStateMachine task thread for /0.0.0.0:34909 - 0 ] INFO  server.RaftServer (RaftServerProxy.java:lambda$start$5(374)) - 860b61a6-6888-4e38-8807-2fca971f454a: start RPC server
2022-03-03 15:04:30,539 [EndpointStateMachine task thread for /0.0.0.0:34909 - 0 ] INFO  server.GrpcService (GrpcService.java:startImpl(253)) - 860b61a6-6888-4e38-8807-2fca971f454a: GrpcService started, listening on 40193
2022-03-03 15:04:30,543 [EndpointStateMachine task thread for /0.0.0.0:34909 - 0 ] INFO  ratis.XceiverServerRatis (XceiverServerRatis.java:getRealPort(506)) - XceiverServerRatis 860b61a6-6888-4e38-8807-2fca971f454a is started using port 40193 for RATIS
2022-03-03 15:04:30,543 [EndpointStateMachine task thread for /0.0.0.0:34909 - 0 ] INFO  ratis.XceiverServerRatis (XceiverServerRatis.java:getRealPort(506)) - XceiverServerRatis 860b61a6-6888-4e38-8807-2fca971f454a is started using port 40193 for RATIS_ADMIN
2022-03-03 15:04:30,543 [EndpointStateMachine task thread for /0.0.0.0:34909 - 0 ] INFO  ratis.XceiverServerRatis (XceiverServerRatis.java:getRealPort(506)) - XceiverServerRatis 860b61a6-6888-4e38-8807-2fca971f454a is started using port 40193 for RATIS_SERVER
2022-03-03 15:04:30,543 [org.apache.ratis.util.JvmPauseMonitor$$Lambda$431/2038447515@5c2c1425] INFO  util.JvmPauseMonitor (JvmPauseMonitor.java:run(103)) - JvmPauseMonitor-860b61a6-6888-4e38-8807-2fca971f454a: Started
2022-03-03 15:04:30,545 [EndpointStateMachine task thread for /0.0.0.0:34909 - 0 ] INFO  server.XceiverServerGrpc (XceiverServerGrpc.java:start(180)) - XceiverServerGrpc 860b61a6-6888-4e38-8807-2fca971f454a is started using port 41949
2022-03-03 15:04:30,911 [Listener at 127.0.0.1/44823] INFO  ozone.MiniOzoneClusterImpl (MiniOzoneClusterImpl.java:lambda$waitForClusterToBeReady$0(219)) - Waiting for nodes to be ready. Got 0 of 3 DN Heartbeats.
2022-03-03 15:04:30,911 [Listener at 127.0.0.1/44823] INFO  ozone.MiniOzoneClusterImpl (MiniOzoneClusterImpl.java:lambda$waitForClusterToBeReady$0(222)) - Waiting for cluster to exit safe mode
2022-03-03 15:04:30,911 [Listener at 127.0.0.1/44823] INFO  ozone.MiniOzoneClusterImpl (MiniOzoneClusterImpl.java:lambda$waitForClusterToBeReady$0(224)) - SCM became leader
2022-03-03 15:04:30,947 [EndpointStateMachine task thread for /0.0.0.0:34909 - 0 ] INFO  ozoneimpl.OzoneContainer (OzoneContainer.java:start(335)) - Attempting to start container services.
2022-03-03 15:04:30,947 [EndpointStateMachine task thread for /0.0.0.0:34909 - 0 ] INFO  ozoneimpl.OzoneContainer (OzoneContainer.java:startContainerScrub(270)) - Background container scanner has been disabled.
2022-03-03 15:04:30,950 [EndpointStateMachine task thread for /0.0.0.0:34909 - 0 ] INFO  replication.ReplicationServer (ReplicationServer.java:start(111)) - ReplicationServer is started using port 34751
2022-03-03 15:04:30,955 [EndpointStateMachine task thread for /0.0.0.0:34909 - 0 ] INFO  ratis.XceiverServerRatis (XceiverServerRatis.java:start(485)) - Starting XceiverServerRatis 0b7c48c7-0b6d-482c-a819-333bb540c4fb
2022-03-03 15:04:30,967 [EndpointStateMachine task thread for /0.0.0.0:34909 - 0 ] INFO  server.RaftServer (RaftServerProxy.java:lambda$start$5(374)) - 0b7c48c7-0b6d-482c-a819-333bb540c4fb: start RPC server
2022-03-03 15:04:30,969 [EndpointStateMachine task thread for /0.0.0.0:34909 - 0 ] INFO  server.GrpcService (GrpcService.java:startImpl(253)) - 0b7c48c7-0b6d-482c-a819-333bb540c4fb: GrpcService started, listening on 44851
2022-03-03 15:04:30,975 [EndpointStateMachine task thread for /0.0.0.0:34909 - 0 ] INFO  ratis.XceiverServerRatis (XceiverServerRatis.java:getRealPort(506)) - XceiverServerRatis 0b7c48c7-0b6d-482c-a819-333bb540c4fb is started using port 44851 for RATIS
2022-03-03 15:04:30,975 [EndpointStateMachine task thread for /0.0.0.0:34909 - 0 ] INFO  ratis.XceiverServerRatis (XceiverServerRatis.java:getRealPort(506)) - XceiverServerRatis 0b7c48c7-0b6d-482c-a819-333bb540c4fb is started using port 44851 for RATIS_ADMIN
2022-03-03 15:04:30,975 [EndpointStateMachine task thread for /0.0.0.0:34909 - 0 ] INFO  ratis.XceiverServerRatis (XceiverServerRatis.java:getRealPort(506)) - XceiverServerRatis 0b7c48c7-0b6d-482c-a819-333bb540c4fb is started using port 44851 for RATIS_SERVER
2022-03-03 15:04:30,976 [org.apache.ratis.util.JvmPauseMonitor$$Lambda$431/2038447515@41a0212c] INFO  util.JvmPauseMonitor (JvmPauseMonitor.java:run(103)) - JvmPauseMonitor-0b7c48c7-0b6d-482c-a819-333bb540c4fb: Started
2022-03-03 15:04:30,991 [EndpointStateMachine task thread for /0.0.0.0:34909 - 0 ] INFO  server.XceiverServerGrpc (XceiverServerGrpc.java:start(180)) - XceiverServerGrpc 0b7c48c7-0b6d-482c-a819-333bb540c4fb is started using port 35693
2022-03-03 15:04:31,911 [Listener at 127.0.0.1/44823] INFO  ozone.MiniOzoneClusterImpl (MiniOzoneClusterImpl.java:lambda$waitForClusterToBeReady$0(219)) - Waiting for nodes to be ready. Got 0 of 3 DN Heartbeats.
2022-03-03 15:04:31,912 [Listener at 127.0.0.1/44823] INFO  ozone.MiniOzoneClusterImpl (MiniOzoneClusterImpl.java:lambda$waitForClusterToBeReady$0(222)) - Waiting for cluster to exit safe mode
2022-03-03 15:04:31,912 [Listener at 127.0.0.1/44823] INFO  ozone.MiniOzoneClusterImpl (MiniOzoneClusterImpl.java:lambda$waitForClusterToBeReady$0(224)) - SCM became leader
2022-03-03 15:04:31,921 [IPC Server handler 0 on default port 34909] INFO  net.NetworkTopologyImpl (NetworkTopologyImpl.java:add(112)) - Added a new node: /default-rack/9456f629-97b8-4527-b4fd-0706f8d70381
2022-03-03 15:04:31,921 [IPC Server handler 0 on default port 34909] INFO  node.SCMNodeManager (SCMNodeManager.java:register(391)) - Registered Data node : 9456f629-97b8-4527-b4fd-0706f8d70381{ip: 10.1.0.28, host: fv-az50-851.grzltbmokehuzjyc5b133kdqgh.cx.internal.cloudapp.net, ports: [REPLICATION=38263, RATIS=39067, RATIS_ADMIN=39067, RATIS_SERVER=39067, STANDALONE=41499], networkLocation: /default-rack, certSerialId: null, persistedOpState: null, persistedOpStateExpiryEpochSec: 0}
2022-03-03 15:04:31,923 [EventQueue-NewNodeForNewNodeHandler] INFO  pipeline.BackgroundPipelineCreator (BackgroundPipelineCreator.java:notifyEventTriggered(285)) - trigger a one-shot run on RatisPipelineUtilsThread.
2022-03-03 15:04:31,923 [RatisPipelineUtilsThread - 0] INFO  pipeline.RatisPipelineProvider (RatisPipelineProvider.java:lambda$create$0(183)) - Sending CreatePipelineCommand for pipeline:PipelineID=1377c51b-9d53-4df9-a28b-fdb91a4cfae0 to datanode:9456f629-97b8-4527-b4fd-0706f8d70381
2022-03-03 15:04:31,924 [EventQueue-NodeRegistrationContainerReportForDataNodeSafeModeRule] INFO  safemode.SCMSafeModeManager (DataNodeSafeModeRule.java:process(71)) - SCM in safe mode. 1 DataNodes registered, 3 required.
2022-03-03 15:04:31,932 [EventQueue-NodeRegistrationContainerReportForContainerSafeModeRule] INFO  safemode.SCMSafeModeManager (SCMSafeModeManager.java:validateSafeModeExitRules(204)) - ContainerSafeModeRule rule is successfully validated
2022-03-03 15:04:31,966 [EventQueue-PipelineReportForOneReplicaPipelineSafeModeRule] INFO  safemode.SCMSafeModeManager (SCMSafeModeManager.java:validateSafeModeExitRules(204)) - AtleastOneDatanodeReportedRule rule is successfully validated
2022-03-03 15:04:31,971 [f41ede9f-c29a-4957-a329-430a35551df1@group-EEECBE4E4805-StateMachineUpdater] INFO  pipeline.PipelineStateManagerImpl (PipelineStateManagerImpl.java:addPipeline(101)) - Created pipeline Pipeline[ Id: 1377c51b-9d53-4df9-a28b-fdb91a4cfae0, Nodes: 9456f629-97b8-4527-b4fd-0706f8d70381{ip: 10.1.0.28, host: fv-az50-851.grzltbmokehuzjyc5b133kdqgh.cx.internal.cloudapp.net, ports: [REPLICATION=38263, RATIS=39067, RATIS_ADMIN=39067, RATIS_SERVER=39067, STANDALONE=41499], networkLocation: /default-rack, certSerialId: null, persistedOpState: IN_SERVICE, persistedOpStateExpiryEpochSec: 0}, ReplicationConfig: RATIS/ONE, State:ALLOCATED, leaderId:, CreationTimestamp2022-03-03T15:04:31.923Z[Etc/UTC]].
2022-03-03 15:04:31,971 [f41ede9f-c29a-4957-a329-430a35551df1@group-EEECBE4E4805-StateMachineUpdater] INFO  safemode.HealthyPipelineSafeModeRule (HealthyPipelineSafeModeRule.java:initializeRule(152)) - Refreshed total pipeline count is 0, healthy pipeline threshold count is 1
2022-03-03 15:04:32,430 [IPC Server handler 6 on default port 34909] INFO  net.NetworkTopologyImpl (NetworkTopologyImpl.java:add(112)) - Added a new node: /default-rack/860b61a6-6888-4e38-8807-2fca971f454a
2022-03-03 15:04:32,431 [IPC Server handler 6 on default port 34909] INFO  node.SCMNodeManager (SCMNodeManager.java:register(391)) - Registered Data node : 860b61a6-6888-4e38-8807-2fca971f454a{ip: 10.1.0.28, host: fv-az50-851.grzltbmokehuzjyc5b133kdqgh.cx.internal.cloudapp.net, ports: [REPLICATION=42855, RATIS=40193, RATIS_ADMIN=40193, RATIS_SERVER=40193, STANDALONE=41949], networkLocation: /default-rack, certSerialId: null, persistedOpState: null, persistedOpStateExpiryEpochSec: 0}
2022-03-03 15:04:32,431 [EventQueue-NewNodeForNewNodeHandler] INFO  pipeline.BackgroundPipelineCreator (BackgroundPipelineCreator.java:notifyEventTriggered(285)) - trigger a one-shot run on RatisPipelineUtilsThread.
2022-03-03 15:04:32,432 [EventQueue-NodeRegistrationContainerReportForDataNodeSafeModeRule] INFO  safemode.SCMSafeModeManager (DataNodeSafeModeRule.java:process(71)) - SCM in safe mode. 2 DataNodes registered, 3 required.
2022-03-03 15:04:32,440 [RatisPipelineUtilsThread - 0] INFO  pipeline.RatisPipelineProvider (RatisPipelineProvider.java:lambda$create$0(183)) - Sending CreatePipelineCommand for pipeline:PipelineID=037598ef-8231-4f71-b58d-e70e23541a26 to datanode:860b61a6-6888-4e38-8807-2fca971f454a
2022-03-03 15:04:32,442 [f41ede9f-c29a-4957-a329-430a35551df1@group-EEECBE4E4805-StateMachineUpdater] INFO  pipeline.PipelineStateManagerImpl (PipelineStateManagerImpl.java:addPipeline(101)) - Created pipeline Pipeline[ Id: 037598ef-8231-4f71-b58d-e70e23541a26, Nodes: 860b61a6-6888-4e38-8807-2fca971f454a{ip: 10.1.0.28, host: fv-az50-851.grzltbmokehuzjyc5b133kdqgh.cx.internal.cloudapp.net, ports: [REPLICATION=42855, RATIS=40193, RATIS_ADMIN=40193, RATIS_SERVER=40193, STANDALONE=41949], networkLocation: /default-rack, certSerialId: null, persistedOpState: IN_SERVICE, persistedOpStateExpiryEpochSec: 0}, ReplicationConfig: RATIS/ONE, State:ALLOCATED, leaderId:, CreationTimestamp2022-03-03T15:04:32.440Z[Etc/UTC]].
2022-03-03 15:04:32,442 [f41ede9f-c29a-4957-a329-430a35551df1@group-EEECBE4E4805-StateMachineUpdater] INFO  safemode.HealthyPipelineSafeModeRule (HealthyPipelineSafeModeRule.java:initializeRule(152)) - Refreshed total pipeline count is 0, healthy pipeline threshold count is 1
2022-03-03 15:04:32,912 [Listener at 127.0.0.1/44823] INFO  ozone.MiniOzoneClusterImpl (MiniOzoneClusterImpl.java:lambda$waitForClusterToBeReady$0(219)) - Waiting for nodes to be ready. Got 2 of 3 DN Heartbeats.
2022-03-03 15:04:32,913 [Listener at 127.0.0.1/44823] INFO  ozone.MiniOzoneClusterImpl (MiniOzoneClusterImpl.java:lambda$waitForClusterToBeReady$0(222)) - Waiting for cluster to exit safe mode
2022-03-03 15:04:32,913 [Listener at 127.0.0.1/44823] INFO  ozone.MiniOzoneClusterImpl (MiniOzoneClusterImpl.java:lambda$waitForClusterToBeReady$0(224)) - SCM became leader
2022-03-03 15:04:32,930 [IPC Server handler 6 on default port 34909] INFO  net.NetworkTopologyImpl (NetworkTopologyImpl.java:add(112)) - Added a new node: /default-rack/0b7c48c7-0b6d-482c-a819-333bb540c4fb
2022-03-03 15:04:32,931 [IPC Server handler 6 on default port 34909] INFO  node.SCMNodeManager (SCMNodeManager.java:register(391)) - Registered Data node : 0b7c48c7-0b6d-482c-a819-333bb540c4fb{ip: 10.1.0.28, host: fv-az50-851.grzltbmokehuzjyc5b133kdqgh.cx.internal.cloudapp.net, ports: [REPLICATION=34751, RATIS=44851, RATIS_ADMIN=44851, RATIS_SERVER=44851, STANDALONE=35693], networkLocation: /default-rack, certSerialId: null, persistedOpState: null, persistedOpStateExpiryEpochSec: 0}
2022-03-03 15:04:32,931 [EventQueue-NewNodeForNewNodeHandler] INFO  pipeline.BackgroundPipelineCreator (BackgroundPipelineCreator.java:notifyEventTriggered(285)) - trigger a one-shot run on RatisPipelineUtilsThread.
2022-03-03 15:04:32,931 [RatisPipelineUtilsThread - 0] INFO  pipeline.RatisPipelineProvider (RatisPipelineProvider.java:lambda$create$0(183)) - Sending CreatePipelineCommand for pipeline:PipelineID=67d29bc8-47fe-423b-a682-d8df7ab1d00d to datanode:0b7c48c7-0b6d-482c-a819-333bb540c4fb
2022-03-03 15:04:32,932 [EventQueue-NodeRegistrationContainerReportForDataNodeSafeModeRule] INFO  safemode.SCMSafeModeManager (DataNodeSafeModeRule.java:process(71)) - SCM in safe mode. 3 DataNodes registered, 3 required.
2022-03-03 15:04:32,932 [EventQueue-NodeRegistrationContainerReportForDataNodeSafeModeRule] INFO  safemode.SCMSafeModeManager (SCMSafeModeManager.java:validateSafeModeExitRules(204)) - DataNodeSafeModeRule rule is successfully validated
2022-03-03 15:04:32,932 [EventQueue-NodeRegistrationContainerReportForDataNodeSafeModeRule] INFO  safemode.SCMSafeModeManager (SCMSafeModeManager.java:completePreCheck(233)) - All SCM safe mode pre check rules have passed
2022-03-03 15:04:32,932 [EventQueue-NodeRegistrationContainerReportForDataNodeSafeModeRule] WARN  events.EventQueue (EventQueue.java:fireEvent(194)) - No event handler registered for event TypedEvent{payloadType=SafeModeStatus, name='Safe mode status'}
2022-03-03 15:04:32,932 [EventQueue-NodeRegistrationContainerReportForDataNodeSafeModeRule] INFO  ha.SCMContext (SCMContext.java:updateSafeModeStatus(211)) - Update SafeModeStatus from SafeModeStatus{safeModeStatus=true, preCheckPassed=false} to SafeModeStatus{safeModeStatus=true, preCheckPassed=true}.
2022-03-03 15:04:32,932 [EventQueue-NodeRegistrationContainerReportForDataNodeSafeModeRule] INFO  pipeline.BackgroundPipelineCreator (BackgroundPipelineCreator.java:notifyEventTriggered(285)) - trigger a one-shot run on RatisPipelineUtilsThread.
2022-03-03 15:04:32,934 [f41ede9f-c29a-4957-a329-430a35551df1@group-EEECBE4E4805-StateMachineUpdater] INFO  pipeline.PipelineStateManagerImpl (PipelineStateManagerImpl.java:addPipeline(101)) - Created pipeline Pipeline[ Id: 67d29bc8-47fe-423b-a682-d8df7ab1d00d, Nodes: 0b7c48c7-0b6d-482c-a819-333bb540c4fb{ip: 10.1.0.28, host: fv-az50-851.grzltbmokehuzjyc5b133kdqgh.cx.internal.cloudapp.net, ports: [REPLICATION=34751, RATIS=44851, RATIS_ADMIN=44851, RATIS_SERVER=44851, STANDALONE=35693], networkLocation: /default-rack, certSerialId: null, persistedOpState: IN_SERVICE, persistedOpStateExpiryEpochSec: 0}, ReplicationConfig: RATIS/ONE, State:ALLOCATED, leaderId:, CreationTimestamp2022-03-03T15:04:32.931Z[Etc/UTC]].
2022-03-03 15:04:32,934 [f41ede9f-c29a-4957-a329-430a35551df1@group-EEECBE4E4805-StateMachineUpdater] INFO  safemode.HealthyPipelineSafeModeRule (HealthyPipelineSafeModeRule.java:initializeRule(152)) - Refreshed total pipeline count is 0, healthy pipeline threshold count is 1
2022-03-03 15:04:32,935 [RatisPipelineUtilsThread - 0] INFO  pipeline.RatisPipelineProvider (RatisPipelineProvider.java:lambda$create$0(183)) - Sending CreatePipelineCommand for pipeline:PipelineID=d5c299c4-1f29-447c-8692-32b1aec08b9f to datanode:9456f629-97b8-4527-b4fd-0706f8d70381
2022-03-03 15:04:32,936 [RatisPipelineUtilsThread - 0] INFO  pipeline.RatisPipelineProvider (RatisPipelineProvider.java:lambda$create$0(183)) - Sending CreatePipelineCommand for pipeline:PipelineID=d5c299c4-1f29-447c-8692-32b1aec08b9f to datanode:860b61a6-6888-4e38-8807-2fca971f454a
2022-03-03 15:04:32,936 [RatisPipelineUtilsThread - 0] INFO  pipeline.RatisPipelineProvider (RatisPipelineProvider.java:lambda$create$0(183)) - Sending CreatePipelineCommand for pipeline:PipelineID=d5c299c4-1f29-447c-8692-32b1aec08b9f to datanode:0b7c48c7-0b6d-482c-a819-333bb540c4fb
2022-03-03 15:04:32,938 [f41ede9f-c29a-4957-a329-430a35551df1@group-EEECBE4E4805-StateMachineUpdater] INFO  pipeline.PipelineStateManagerImpl (PipelineStateManagerImpl.java:addPipeline(101)) - Created pipeline Pipeline[ Id: d5c299c4-1f29-447c-8692-32b1aec08b9f, Nodes: 9456f629-97b8-4527-b4fd-0706f8d70381{ip: 10.1.0.28, host: fv-az50-851.grzltbmokehuzjyc5b133kdqgh.cx.internal.cloudapp.net, ports: [REPLICATION=38263, RATIS=39067, RATIS_ADMIN=39067, RATIS_SERVER=39067, STANDALONE=41499], networkLocation: /default-rack, certSerialId: null, persistedOpState: IN_SERVICE, persistedOpStateExpiryEpochSec: 0}860b61a6-6888-4e38-8807-2fca971f454a{ip: 10.1.0.28, host: fv-az50-851.grzltbmokehuzjyc5b133kdqgh.cx.internal.cloudapp.net, ports: [REPLICATION=42855, RATIS=40193, RATIS_ADMIN=40193, RATIS_SERVER=40193, STANDALONE=41949], networkLocation: /default-rack, certSerialId: null, persistedOpState: IN_SERVICE, persistedOpStateExpiryEpochSec: 0}0b7c48c7-0b6d-482c-a819-333bb540c4fb{ip: 10.1.0.28, host: fv-az50-851.grzltbmokehuzjyc5b133kdqgh.cx.internal.cloudapp.net, ports: [REPLICATION=34751, RATIS=44851, RATIS_ADMIN=44851, RATIS_SERVER=44851, STANDALONE=35693], networkLocation: /default-rack, certSerialId: null, persistedOpState: IN_SERVICE, persistedOpStateExpiryEpochSec: 0}, ReplicationConfig: RATIS/THREE, State:ALLOCATED, leaderId:, CreationTimestamp2022-03-03T15:04:32.935Z[Etc/UTC]].
2022-03-03 15:04:32,938 [f41ede9f-c29a-4957-a329-430a35551df1@group-EEECBE4E4805-StateMachineUpdater] INFO  safemode.HealthyPipelineSafeModeRule (HealthyPipelineSafeModeRule.java:initializeRule(152)) - Refreshed total pipeline count is 0, healthy pipeline threshold count is 1
2022-03-03 15:04:33,913 [Listener at 127.0.0.1/44823] INFO  ozone.MiniOzoneClusterImpl (MiniOzoneClusterImpl.java:lambda$waitForClusterToBeReady$0(219)) - Nodes are ready. Got 3 of 3 DN Heartbeats.
2022-03-03 15:04:33,914 [Listener at 127.0.0.1/44823] INFO  ozone.MiniOzoneClusterImpl (MiniOzoneClusterImpl.java:lambda$waitForClusterToBeReady$0(222)) - Waiting for cluster to exit safe mode
2022-03-03 15:04:33,914 [Listener at 127.0.0.1/44823] INFO  ozone.MiniOzoneClusterImpl (MiniOzoneClusterImpl.java:lambda$waitForClusterToBeReady$0(224)) - SCM became leader
2022-03-03 15:04:34,915 [Listener at 127.0.0.1/44823] INFO  ozone.MiniOzoneClusterImpl (MiniOzoneClusterImpl.java:lambda$waitForClusterToBeReady$0(219)) - Nodes are ready. Got 3 of 3 DN Heartbeats.
2022-03-03 15:04:34,915 [Listener at 127.0.0.1/44823] INFO  ozone.MiniOzoneClusterImpl (MiniOzoneClusterImpl.java:lambda$waitForClusterToBeReady$0(222)) - Waiting for cluster to exit safe mode
2022-03-03 15:04:34,915 [Listener at 127.0.0.1/44823] INFO  ozone.MiniOzoneClusterImpl (MiniOzoneClusterImpl.java:lambda$waitForClusterToBeReady$0(224)) - SCM became leader
2022-03-03 15:04:34,921 [Command processor thread] INFO  server.RaftServer (RaftServerProxy.java:addNew(95)) - 9456f629-97b8-4527-b4fd-0706f8d70381: addNew group-FDB91A4CFAE0:[9456f629-97b8-4527-b4fd-0706f8d70381|rpc:10.1.0.28:39067|priority:1] returns group-FDB91A4CFAE0:java.util.concurrent.CompletableFuture@71f8dc0d[Not completed]
2022-03-03 15:04:34,936 [pool-270-thread-1] INFO  server.RaftServer$Division (RaftServerImpl.java:<init>(184)) - 9456f629-97b8-4527-b4fd-0706f8d70381: new RaftServerImpl for group-FDB91A4CFAE0:[9456f629-97b8-4527-b4fd-0706f8d70381|rpc:10.1.0.28:39067|priority:1] with ContainerStateMachine:uninitialized
2022-03-03 15:04:34,939 [pool-270-thread-1] INFO  server.RaftServerConfigKeys (ConfUtils.java:logGet(44)) - raft.server.rpc.timeout.min = 5s (custom)
2022-03-03 15:04:34,951 [pool-270-thread-1] INFO  server.RaftServerConfigKeys (ConfUtils.java:logGet(44)) - raft.server.rpc.timeout.max = 5200ms (custom)
2022-03-03 15:04:34,951 [pool-270-thread-1] INFO  server.RaftServerConfigKeys (ConfUtils.java:logGet(44)) - raft.server.rpc.sleep.time = 25ms (default)
2022-03-03 15:04:34,951 [pool-270-thread-1] INFO  server.RaftServerConfigKeys (ConfUtils.java:logGet(44)) - raft.server.rpc.slowness.timeout = 300s (custom)
2022-03-03 15:04:34,951 [pool-270-thread-1] INFO  server.RaftServerConfigKeys (ConfUtils.java:logGet(44)) - raft.server.leaderelection.leader.step-down.wait-time = 10s (default)
2022-03-03 15:04:34,951 [pool-270-thread-1] INFO  server.RaftServerConfigKeys (ConfUtils.java:logGet(44)) - raft.server.sleep.deviation.threshold = 300ms (default)
2022-03-03 15:04:34,951 [pool-270-thread-1] INFO  server.RaftServerConfigKeys (ConfUtils.java:logGet(44)) - raft.server.log.appender.install.snapshot.enabled = false (custom)
2022-03-03 15:04:34,951 [pool-270-thread-1] INFO  server.RaftServer$Division (ServerState.java:<init>(105)) - 9456f629-97b8-4527-b4fd-0706f8d70381@group-FDB91A4CFAE0: ConfigurationManager, init=-1: [9456f629-97b8-4527-b4fd-0706f8d70381|rpc:10.1.0.28:39067|priority:1], old=null, confs=<EMPTY_MAP>
2022-03-03 15:04:34,951 [pool-270-thread-1] INFO  server.RaftServerConfigKeys (ConfUtils.java:logGet(44)) - raft.server.storage.dir = [/home/runner/work/ozone/ozone/hadoop-ozone/integration-test/target/test-dir/MiniOzoneClusterImpl-1780bea0-e071-4232-b145-eeecbe4e4805/datanode-0/data/ratis] (custom)
2022-03-03 15:04:34,951 [pool-270-thread-1] INFO  server.RaftServerConfigKeys (ConfUtils.java:logGet(44)) - raft.server.log.corruption.policy = EXCEPTION (default)
2022-03-03 15:04:34,951 [pool-270-thread-1] INFO  server.RaftServerConfigKeys (ConfUtils.java:logGet(44)) - raft.server.storage.free-space.min = 0MB (=0) (default)
2022-03-03 15:04:34,951 [pool-270-thread-1] INFO  storage.RaftStorageDirectory (RaftStorageDirectoryImpl.java:analyzeStorage(135)) - The storage directory /home/runner/work/ozone/ozone/hadoop-ozone/integration-test/target/test-dir/MiniOzoneClusterImpl-1780bea0-e071-4232-b145-eeecbe4e4805/datanode-0/data/ratis/1377c51b-9d53-4df9-a28b-fdb91a4cfae0 does not exist. Creating ...
2022-03-03 15:04:34,952 [pool-270-thread-1] INFO  storage.RaftStorageDirectory (RaftStorageDirectoryImpl.java:tryLock(230)) - Lock on /home/runner/work/ozone/ozone/hadoop-ozone/integration-test/target/test-dir/MiniOzoneClusterImpl-1780bea0-e071-4232-b145-eeecbe4e4805/datanode-0/data/ratis/1377c51b-9d53-4df9-a28b-fdb91a4cfae0/in_use.lock acquired by nodename 16342@fv-az50-851
2022-03-03 15:04:34,960 [pool-270-thread-1] INFO  storage.RaftStorage (RaftStorageImpl.java:format(89)) - Storage directory /home/runner/work/ozone/ozone/hadoop-ozone/integration-test/target/test-dir/MiniOzoneClusterImpl-1780bea0-e071-4232-b145-eeecbe4e4805/datanode-0/data/ratis/1377c51b-9d53-4df9-a28b-fdb91a4cfae0 has been successfully formatted.
2022-03-03 15:04:34,963 [EventQueue-PipelineReportForPipelineReportHandler] INFO  pipeline.PipelineManagerImpl (PipelineManagerImpl.java:openPipeline(291)) - Pipeline Pipeline[ Id: 1377c51b-9d53-4df9-a28b-fdb91a4cfae0, Nodes: 9456f629-97b8-4527-b4fd-0706f8d70381{ip: 10.1.0.28, host: fv-az50-851.grzltbmokehuzjyc5b133kdqgh.cx.internal.cloudapp.net, ports: [REPLICATION=38263, RATIS=39067, RATIS_ADMIN=39067, RATIS_SERVER=39067, STANDALONE=41499], networkLocation: /default-rack, certSerialId: null, persistedOpState: IN_SERVICE, persistedOpStateExpiryEpochSec: 0}, ReplicationConfig: RATIS/ONE, State:ALLOCATED, leaderId:9456f629-97b8-4527-b4fd-0706f8d70381, CreationTimestamp2022-03-03T15:04:31.923Z[Etc/UTC]] moved to OPEN state
2022-03-03 15:04:34,965 [pool-270-thread-1] INFO  ratis.ContainerStateMachine (ContainerStateMachine.java:loadSnapshot(236)) - group-FDB91A4CFAE0: The snapshot info is null. Setting the last applied indexto:(t:0, i:~)
2022-03-03 15:04:34,966 [pool-270-thread-1] INFO  server.RaftServerConfigKeys (ConfUtils.java:logGet(44)) - raft.server.notification.no-leader.timeout = 300s (custom)
2022-03-03 15:04:34,966 [pool-270-thread-1] INFO  server.RaftServerConfigKeys (ConfUtils.java:logGet(44)) - raft.server.log.use.memory = false (default)
2022-03-03 15:04:34,966 [pool-270-thread-1] INFO  server.RaftServerConfigKeys (ConfUtils.java:logGet(44)) - raft.server.log.purge.gap = 1000000 (custom)
2022-03-03 15:04:34,966 [pool-270-thread-1] INFO  server.RaftServerConfigKeys (ConfUtils.java:logGet(44)) - raft.server.log.appender.buffer.byte-limit = 33554432 (custom)
2022-03-03 15:04:34,966 [pool-270-thread-1] INFO  server.RaftServerConfigKeys (ConfUtils.java:logGet(44)) - raft.server.log.segment.size.max = 1048576 (custom)
2022-03-03 15:04:34,967 [pool-270-thread-1] INFO  server.RaftServerConfigKeys (ConfUtils.java:logGet(44)) - raft.server.log.segment.cache.num.max = 2 (custom)
2022-03-03 15:04:34,967 [pool-270-thread-1] INFO  server.RaftServerConfigKeys (ConfUtils.java:logGet(44)) - raft.server.log.segment.cache.size.max = 200MB (=209715200) (default)
2022-03-03 15:04:34,967 [pool-270-thread-1] INFO  segmented.SegmentedRaftLogWorker (SegmentedRaftLogWorker.java:<init>(182)) - new 9456f629-97b8-4527-b4fd-0706f8d70381@group-FDB91A4CFAE0-SegmentedRaftLogWorker for RaftStorageImpl:Storage Directory /home/runner/work/ozone/ozone/hadoop-ozone/integration-test/target/test-dir/MiniOzoneClusterImpl-1780bea0-e071-4232-b145-eeecbe4e4805/datanode-0/data/ratis/1377c51b-9d53-4df9-a28b-fdb91a4cfae0
2022-03-03 15:04:34,967 [pool-270-thread-1] INFO  server.RaftServerConfigKeys (ConfUtils.java:logGet(44)) - raft.server.log.queue.byte-limit = 4294967296 (custom)
2022-03-03 15:04:34,967 [pool-270-thread-1] INFO  server.RaftServerConfigKeys (ConfUtils.java:logGet(44)) - raft.server.log.queue.element-limit = 1024 (custom)
2022-03-03 15:04:34,967 [pool-270-thread-1] INFO  server.RaftServerConfigKeys (ConfUtils.java:logGet(44)) - raft.server.log.segment.size.max = 1048576 (custom)
2022-03-03 15:04:34,967 [pool-270-thread-1] INFO  server.RaftServerConfigKeys (ConfUtils.java:logGet(44)) - raft.server.log.preallocated.size = 16384 (custom)
2022-03-03 15:04:34,967 [pool-270-thread-1] INFO  server.RaftServerConfigKeys (ConfUtils.java:logGet(44)) - raft.server.log.force.sync.num = 128 (default)
2022-03-03 15:04:34,967 [pool-270-thread-1] INFO  server.RaftServerConfigKeys (ConfUtils.java:logGet(44)) - raft.server.log.statemachine.data.sync = true (default)
2022-03-03 15:04:34,967 [pool-270-thread-1] INFO  server.RaftServerConfigKeys (ConfUtils.java:logGet(44)) - raft.server.log.statemachine.data.sync.timeout = 10s (default)
2022-03-03 15:04:34,967 [pool-270-thread-1] INFO  server.RaftServerConfigKeys (ConfUtils.java:logGet(44)) - raft.server.log.statemachine.data.sync.timeout.retry = -1 (default)
2022-03-03 15:04:34,968 [pool-270-thread-1] INFO  server.RaftServerConfigKeys (ConfUtils.java:logGet(44)) - raft.server.log.write.buffer.size = 1048576 (custom)
2022-03-03 15:04:34,969 [pool-270-thread-1] INFO  server.RaftServerConfigKeys (ConfUtils.java:logGet(44)) - raft.server.log.statemachine.data.caching.enabled = true (custom)
2022-03-03 15:04:34,978 [f41ede9f-c29a-4957-a329-430a35551df1@group-EEECBE4E4805-StateMachineUpdater] INFO  safemode.HealthyPipelineSafeModeRule (HealthyPipelineSafeModeRule.java:initializeRule(152)) - Refreshed total pipeline count is 0, healthy pipeline threshold count is 1
2022-03-03 15:04:34,979 [pool-270-thread-1] INFO  segmented.SegmentedRaftLogWorker (SegmentedRaftLogWorker.java:lambda$new$0(133)) - 9456f629-97b8-4527-b4fd-0706f8d70381@group-FDB91A4CFAE0-SegmentedRaftLogWorker: flushIndex: setUnconditionally 0 -> -1
2022-03-03 15:04:34,987 [pool-270-thread-1] INFO  segmented.SegmentedRaftLogWorker (SegmentedRaftLogWorker.java:lambda$new$0(133)) - 9456f629-97b8-4527-b4fd-0706f8d70381@group-FDB91A4CFAE0-SegmentedRaftLogWorker: safeCacheEvictIndex: setUnconditionally 0 -> -1
2022-03-03 15:04:34,991 [pool-270-thread-1] INFO  server.RaftServerConfigKeys (ConfUtils.java:logGet(44)) - raft.server.snapshot.auto.trigger.enabled = true (custom)
2022-03-03 15:04:34,991 [pool-270-thread-1] INFO  server.RaftServerConfigKeys (ConfUtils.java:logGet(44)) - raft.server.snapshot.auto.trigger.threshold = 10000 (custom)
2022-03-03 15:04:34,991 [pool-270-thread-1] INFO  server.RaftServerConfigKeys (ConfUtils.java:logGet(44)) - raft.server.snapshot.retention.file.num = 5 (custom)
2022-03-03 15:04:34,991 [pool-270-thread-1] INFO  server.RaftServerConfigKeys (ConfUtils.java:logGet(44)) - raft.server.log.purge.upto.snapshot.index = false (default)
2022-03-03 15:04:34,991 [pool-270-thread-1] INFO  server.RaftServerConfigKeys (ConfUtils.java:logGet(44)) - raft.server.retrycache.expirytime = 600000ms (custom)
2022-03-03 15:04:34,991 [pool-270-thread-1] INFO  server.RaftServerConfigKeys (ConfUtils.java:logGet(44)) - raft.server.retrycache.statistics.expirytime = 100μs (default)
2022-03-03 15:04:34,992 [pool-270-thread-1] INFO  server.RaftServer$Division (RaftServerImpl.java:start(301)) - 9456f629-97b8-4527-b4fd-0706f8d70381@group-FDB91A4CFAE0: start as a follower, conf=-1: [9456f629-97b8-4527-b4fd-0706f8d70381|rpc:10.1.0.28:39067|priority:1], old=null
2022-03-03 15:04:34,992 [pool-270-thread-1] INFO  server.RaftServer$Division (RaftServerImpl.java:setRole(290)) - 9456f629-97b8-4527-b4fd-0706f8d70381@group-FDB91A4CFAE0: changes role from      null to FOLLOWER at term 0 for startAsFollower
2022-03-03 15:04:34,992 [pool-270-thread-1] INFO  impl.RoleInfo (RoleInfo.java:updateAndGet(130)) - 9456f629-97b8-4527-b4fd-0706f8d70381: start 9456f629-97b8-4527-b4fd-0706f8d70381@group-FDB91A4CFAE0-FollowerState
2022-03-03 15:04:34,992 [pool-270-thread-1] INFO  util.JmxRegister (JmxRegister.java:tryRegister(44)) - Successfully registered JMX Bean with object name Ratis:service=RaftServer,group=group-FDB91A4CFAE0,id=9456f629-97b8-4527-b4fd-0706f8d70381
2022-03-03 15:04:34,998 [Command processor thread] INFO  ratis.XceiverServerRatis (XceiverServerRatis.java:addGroup(769)) - Created group PipelineID=1377c51b-9d53-4df9-a28b-fdb91a4cfae0
2022-03-03 15:04:34,999 [Command processor thread] INFO  commandhandler.CreatePipelineCommandHandler (CreatePipelineCommandHandler.java:handle(106)) - Created Pipeline RATIS ONE PipelineID=1377c51b-9d53-4df9-a28b-fdb91a4cfae0.
2022-03-03 15:04:34,999 [Command processor thread] INFO  server.RaftServer (RaftServerProxy.java:addNew(95)) - 9456f629-97b8-4527-b4fd-0706f8d70381: addNew group-32B1AEC08B9F:[0b7c48c7-0b6d-482c-a819-333bb540c4fb|rpc:10.1.0.28:44851|priority:1, 860b61a6-6888-4e38-8807-2fca971f454a|rpc:10.1.0.28:40193|priority:0, 9456f629-97b8-4527-b4fd-0706f8d70381|rpc:10.1.0.28:39067|priority:0] returns group-32B1AEC08B9F:java.util.concurrent.CompletableFuture@75c756ea[Not completed]
2022-03-03 15:04:35,008 [EventQueue-OpenPipelineForHealthyPipelineSafeModeRule] INFO  safemode.SCMSafeModeManager (HealthyPipelineSafeModeRule.java:process(124)) - SCM in safe mode. Healthy pipelines reported count is 0, required healthy pipeline reported count is 1
2022-03-03 15:04:35,011 [pool-270-thread-1] INFO  server.RaftServer$Division (RaftServerImpl.java:<init>(184)) - 9456f629-97b8-4527-b4fd-0706f8d70381: new RaftServerImpl for group-32B1AEC08B9F:[0b7c48c7-0b6d-482c-a819-333bb540c4fb|rpc:10.1.0.28:44851|priority:1, 860b61a6-6888-4e38-8807-2fca971f454a|rpc:10.1.0.28:40193|priority:0, 9456f629-97b8-4527-b4fd-0706f8d70381|rpc:10.1.0.28:39067|priority:0] with ContainerStateMachine:uninitialized
2022-03-03 15:04:35,011 [pool-270-thread-1] INFO  server.RaftServerConfigKeys (ConfUtils.java:logGet(44)) - raft.server.rpc.timeout.min = 5s (custom)
2022-03-03 15:04:35,011 [pool-270-thread-1] INFO  server.RaftServerConfigKeys (ConfUtils.java:logGet(44)) - raft.server.rpc.timeout.max = 5200ms (custom)
2022-03-03 15:04:35,011 [pool-270-thread-1] INFO  server.RaftServerConfigKeys (ConfUtils.java:logGet(44)) - raft.server.rpc.sleep.time = 25ms (default)
2022-03-03 15:04:35,011 [pool-270-thread-1] INFO  server.RaftServerConfigKeys (ConfUtils.java:logGet(44)) - raft.server.rpc.slowness.timeout = 300s (custom)
2022-03-03 15:04:35,011 [pool-270-thread-1] INFO  server.RaftServerConfigKeys (ConfUtils.java:logGet(44)) - raft.server.leaderelection.leader.step-down.wait-time = 10s (default)
2022-03-03 15:04:35,011 [pool-270-thread-1] INFO  server.RaftServerConfigKeys (ConfUtils.java:logGet(44)) - raft.server.sleep.deviation.threshold = 300ms (default)
2022-03-03 15:04:35,011 [pool-270-thread-1] INFO  server.RaftServerConfigKeys (ConfUtils.java:logGet(44)) - raft.server.log.appender.install.snapshot.enabled = false (custom)
2022-03-03 15:04:35,011 [pool-270-thread-1] INFO  server.RaftServer$Division (ServerState.java:<init>(105)) - 9456f629-97b8-4527-b4fd-0706f8d70381@group-32B1AEC08B9F: ConfigurationManager, init=-1: [0b7c48c7-0b6d-482c-a819-333bb540c4fb|rpc:10.1.0.28:44851|priority:1, 860b61a6-6888-4e38-8807-2fca971f454a|rpc:10.1.0.28:40193|priority:0, 9456f629-97b8-4527-b4fd-0706f8d70381|rpc:10.1.0.28:39067|priority:0], old=null, confs=<EMPTY_MAP>
2022-03-03 15:04:35,011 [pool-270-thread-1] INFO  server.RaftServerConfigKeys (ConfUtils.java:logGet(44)) - raft.server.storage.dir = [/home/runner/work/ozone/ozone/hadoop-ozone/integration-test/target/test-dir/MiniOzoneClusterImpl-1780bea0-e071-4232-b145-eeecbe4e4805/datanode-0/data/ratis] (custom)
2022-03-03 15:04:35,011 [pool-270-thread-1] INFO  server.RaftServerConfigKeys (ConfUtils.java:logGet(44)) - raft.server.log.corruption.policy = EXCEPTION (default)
2022-03-03 15:04:35,011 [pool-270-thread-1] INFO  server.RaftServerConfigKeys (ConfUtils.java:logGet(44)) - raft.server.storage.free-space.min = 0MB (=0) (default)
2022-03-03 15:04:35,011 [pool-270-thread-1] INFO  storage.RaftStorageDirectory (RaftStorageDirectoryImpl.java:analyzeStorage(135)) - The storage directory /home/runner/work/ozone/ozone/hadoop-ozone/integration-test/target/test-dir/MiniOzoneClusterImpl-1780bea0-e071-4232-b145-eeecbe4e4805/datanode-0/data/ratis/d5c299c4-1f29-447c-8692-32b1aec08b9f does not exist. Creating ...
2022-03-03 15:04:35,012 [pool-270-thread-1] INFO  storage.RaftStorageDirectory (RaftStorageDirectoryImpl.java:tryLock(230)) - Lock on /home/runner/work/ozone/ozone/hadoop-ozone/integration-test/target/test-dir/MiniOzoneClusterImpl-1780bea0-e071-4232-b145-eeecbe4e4805/datanode-0/data/ratis/d5c299c4-1f29-447c-8692-32b1aec08b9f/in_use.lock acquired by nodename 16342@fv-az50-851
2022-03-03 15:04:35,013 [pool-270-thread-1] INFO  storage.RaftStorage (RaftStorageImpl.java:format(89)) - Storage directory /home/runner/work/ozone/ozone/hadoop-ozone/integration-test/target/test-dir/MiniOzoneClusterImpl-1780bea0-e071-4232-b145-eeecbe4e4805/datanode-0/data/ratis/d5c299c4-1f29-447c-8692-32b1aec08b9f has been successfully formatted.
2022-03-03 15:04:35,013 [pool-270-thread-1] INFO  ratis.ContainerStateMachine (ContainerStateMachine.java:loadSnapshot(236)) - group-32B1AEC08B9F: The snapshot info is null. Setting the last applied indexto:(t:0, i:~)
2022-03-03 15:04:35,014 [pool-270-thread-1] INFO  server.RaftServerConfigKeys (ConfUtils.java:logGet(44)) - raft.server.notification.no-leader.timeout = 300s (custom)
2022-03-03 15:04:35,014 [pool-270-thread-1] INFO  server.RaftServerConfigKeys (ConfUtils.java:logGet(44)) - raft.server.log.use.memory = false (default)
2022-03-03 15:04:35,014 [pool-270-thread-1] INFO  server.RaftServerConfigKeys (ConfUtils.java:logGet(44)) - raft.server.log.purge.gap = 1000000 (custom)
2022-03-03 15:04:35,014 [pool-270-thread-1] INFO  server.RaftServerConfigKeys (ConfUtils.java:logGet(44)) - raft.server.log.appender.buffer.byte-limit = 33554432 (custom)
2022-03-03 15:04:35,014 [pool-270-thread-1] INFO  server.RaftServerConfigKeys (ConfUtils.java:logGet(44)) - raft.server.log.segment.size.max = 1048576 (custom)
2022-03-03 15:04:35,014 [pool-270-thread-1] INFO  server.RaftServerConfigKeys (ConfUtils.java:logGet(44)) - raft.server.log.segment.cache.num.max = 2 (custom)
2022-03-03 15:04:35,014 [pool-270-thread-1] INFO  server.RaftServerConfigKeys (ConfUtils.java:logGet(44)) - raft.server.log.segment.cache.size.max = 200MB (=209715200) (default)
2022-03-03 15:04:35,015 [pool-270-thread-1] INFO  segmented.SegmentedRaftLogWorker (SegmentedRaftLogWorker.java:<init>(182)) - new 9456f629-97b8-4527-b4fd-0706f8d70381@group-32B1AEC08B9F-SegmentedRaftLogWorker for RaftStorageImpl:Storage Directory /home/runner/work/ozone/ozone/hadoop-ozone/integration-test/target/test-dir/MiniOzoneClusterImpl-1780bea0-e071-4232-b145-eeecbe4e4805/datanode-0/data/ratis/d5c299c4-1f29-447c-8692-32b1aec08b9f
2022-03-03 15:04:35,015 [pool-270-thread-1] INFO  server.RaftServerConfigKeys (ConfUtils.java:logGet(44)) - raft.server.log.queue.byte-limit = 4294967296 (custom)
2022-03-03 15:04:35,015 [pool-270-thread-1] INFO  server.RaftServerConfigKeys (ConfUtils.java:logGet(44)) - raft.server.log.queue.element-limit = 1024 (custom)
2022-03-03 15:04:35,015 [pool-270-thread-1] INFO  server.RaftServerConfigKeys (ConfUtils.java:logGet(44)) - raft.server.log.segment.size.max = 1048576 (custom)
2022-03-03 15:04:35,015 [pool-270-thread-1] INFO  server.RaftServerConfigKeys (ConfUtils.java:logGet(44)) - raft.server.log.preallocated.size = 16384 (custom)
2022-03-03 15:04:35,015 [pool-270-thread-1] INFO  server.RaftServerConfigKeys (ConfUtils.java:logGet(44)) - raft.server.log.force.sync.num = 128 (default)
2022-03-03 15:04:35,015 [pool-270-thread-1] INFO  server.RaftServerConfigKeys (ConfUtils.java:logGet(44)) - raft.server.log.statemachine.data.sync = true (default)
2022-03-03 15:04:35,015 [pool-270-thread-1] INFO  server.RaftServerConfigKeys (ConfUtils.java:logGet(44)) - raft.server.log.statemachine.data.sync.timeout = 10s (default)
2022-03-03 15:04:35,015 [pool-270-thread-1] INFO  server.RaftServerConfigKeys (ConfUtils.java:logGet(44)) - raft.server.log.statemachine.data.sync.timeout.retry = -1 (default)
2022-03-03 15:04:35,016 [pool-270-thread-1] INFO  server.RaftServerConfigKeys (ConfUtils.java:logGet(44)) - raft.server.log.write.buffer.size = 1048576 (custom)
2022-03-03 15:04:35,016 [pool-270-thread-1] INFO  server.RaftServerConfigKeys (ConfUtils.java:logGet(44)) - raft.server.log.statemachine.data.caching.enabled = true (custom)
2022-03-03 15:04:35,016 [pool-270-thread-1] INFO  segmented.SegmentedRaftLogWorker (SegmentedRaftLogWorker.java:lambda$new$0(133)) - 9456f629-97b8-4527-b4fd-0706f8d70381@group-32B1AEC08B9F-SegmentedRaftLogWorker: flushIndex: setUnconditionally 0 -> -1
2022-03-03 15:04:35,016 [pool-270-thread-1] INFO  segmented.SegmentedRaftLogWorker (SegmentedRaftLogWorker.java:lambda$new$0(133)) - 9456f629-97b8-4527-b4fd-0706f8d70381@group-32B1AEC08B9F-SegmentedRaftLogWorker: safeCacheEvictIndex: setUnconditionally 0 -> -1
2022-03-03 15:04:35,025 [EventQueue-OpenPipelineForHealthyPipelineSafeModeRule] INFO  safemode.SCMSafeModeManager (HealthyPipelineSafeModeRule.java:process(124)) - SCM in safe mode. Healthy pipelines reported count is 0, required healthy pipeline reported count is 1
2022-03-03 15:04:35,031 [pool-270-thread-1] INFO  server.RaftServerConfigKeys (ConfUtils.java:logGet(44)) - raft.server.snapshot.auto.trigger.enabled = true (custom)
2022-03-03 15:04:35,031 [pool-270-thread-1] INFO  server.RaftServerConfigKeys (ConfUtils.java:logGet(44)) - raft.server.snapshot.auto.trigger.threshold = 10000 (custom)
2022-03-03 15:04:35,031 [pool-270-thread-1] INFO  server.RaftServerConfigKeys (ConfUtils.java:logGet(44)) - raft.server.snapshot.retention.file.num = 5 (custom)
2022-03-03 15:04:35,031 [pool-270-thread-1] INFO  server.RaftServerConfigKeys (ConfUtils.java:logGet(44)) - raft.server.log.purge.upto.snapshot.index = false (default)
2022-03-03 15:04:35,031 [pool-270-thread-1] INFO  server.RaftServerConfigKeys (ConfUtils.java:logGet(44)) - raft.server.retrycache.expirytime = 600000ms (custom)
2022-03-03 15:04:35,031 [pool-270-thread-1] INFO  server.RaftServerConfigKeys (ConfUtils.java:logGet(44)) - raft.server.retrycache.statistics.expirytime = 100μs (default)
2022-03-03 15:04:35,032 [pool-270-thread-1] INFO  server.RaftServer$Division (RaftServerImpl.java:start(301)) - 9456f629-97b8-4527-b4fd-0706f8d70381@group-32B1AEC08B9F: start as a follower, conf=-1: [0b7c48c7-0b6d-482c-a819-333bb540c4fb|rpc:10.1.0.28:44851|priority:1, 860b61a6-6888-4e38-8807-2fca971f454a|rpc:10.1.0.28:40193|priority:0, 9456f629-97b8-4527-b4fd-0706f8d70381|rpc:10.1.0.28:39067|priority:0], old=null
2022-03-03 15:04:35,032 [pool-270-thread-1] INFO  server.RaftServer$Division (RaftServerImpl.java:setRole(290)) - 9456f629-97b8-4527-b4fd-0706f8d70381@group-32B1AEC08B9F: changes role from      null to FOLLOWER at term 0 for startAsFollower
2022-03-03 15:04:35,032 [pool-270-thread-1] INFO  impl.RoleInfo (RoleInfo.java:updateAndGet(130)) - 9456f629-97b8-4527-b4fd-0706f8d70381: start 9456f629-97b8-4527-b4fd-0706f8d70381@group-32B1AEC08B9F-FollowerState
2022-03-03 15:04:35,041 [pool-270-thread-1] INFO  util.JmxRegister (JmxRegister.java:tryRegister(44)) - Successfully registered JMX Bean with object name Ratis:service=RaftServer,group=group-32B1AEC08B9F,id=9456f629-97b8-4527-b4fd-0706f8d70381
2022-03-03 15:04:35,046 [Command processor thread] INFO  ratis.XceiverServerRatis (XceiverServerRatis.java:addGroup(769)) - Created group PipelineID=d5c299c4-1f29-447c-8692-32b1aec08b9f
2022-03-03 15:04:35,066 [grpc-default-executor-2] INFO  server.RaftServer (RaftServerProxy.java:addNew(95)) - 860b61a6-6888-4e38-8807-2fca971f454a: addNew group-32B1AEC08B9F:[0b7c48c7-0b6d-482c-a819-333bb540c4fb|rpc:10.1.0.28:44851|dataStream:|priority:1, 860b61a6-6888-4e38-8807-2fca971f454a|rpc:10.1.0.28:40193|dataStream:|priority:0, 9456f629-97b8-4527-b4fd-0706f8d70381|rpc:10.1.0.28:39067|dataStream:|priority:0] returns group-32B1AEC08B9F:java.util.concurrent.CompletableFuture@19a93a3f[Not completed]
2022-03-03 15:04:35,077 [pool-291-thread-1] INFO  server.RaftServer$Division (RaftServerImpl.java:<init>(184)) - 860b61a6-6888-4e38-8807-2fca971f454a: new RaftServerImpl for group-32B1AEC08B9F:[0b7c48c7-0b6d-482c-a819-333bb540c4fb|rpc:10.1.0.28:44851|dataStream:|priority:1, 860b61a6-6888-4e38-8807-2fca971f454a|rpc:10.1.0.28:40193|dataStream:|priority:0, 9456f629-97b8-4527-b4fd-0706f8d70381|rpc:10.1.0.28:39067|dataStream:|priority:0] with ContainerStateMachine:uninitialized
2022-03-03 15:04:35,078 [pool-291-thread-1] INFO  server.RaftServerConfigKeys (ConfUtils.java:logGet(44)) - raft.server.rpc.timeout.min = 5s (custom)
2022-03-03 15:04:35,078 [pool-291-thread-1] INFO  server.RaftServerConfigKeys (ConfUtils.java:logGet(44)) - raft.server.rpc.timeout.max = 5200ms (custom)
2022-03-03 15:04:35,078 [pool-291-thread-1] INFO  server.RaftServerConfigKeys (ConfUtils.java:logGet(44)) - raft.server.rpc.sleep.time = 25ms (default)
2022-03-03 15:04:35,078 [pool-291-thread-1] INFO  server.RaftServerConfigKeys (ConfUtils.java:logGet(44)) - raft.server.rpc.slowness.timeout = 300s (custom)
2022-03-03 15:04:35,078 [pool-291-thread-1] INFO  server.RaftServerConfigKeys (ConfUtils.java:logGet(44)) - raft.server.leaderelection.leader.step-down.wait-time = 10s (default)
2022-03-03 15:04:35,078 [pool-291-thread-1] INFO  server.RaftServerConfigKeys (ConfUtils.java:logGet(44)) - raft.server.sleep.deviation.threshold = 300ms (default)
2022-03-03 15:04:35,078 [pool-291-thread-1] INFO  server.RaftServerConfigKeys (ConfUtils.java:logGet(44)) - raft.server.log.appender.install.snapshot.enabled = false (custom)
2022-03-03 15:04:35,078 [pool-291-thread-1] INFO  server.RaftServer$Division (ServerState.java:<init>(105)) - 860b61a6-6888-4e38-8807-2fca971f454a@group-32B1AEC08B9F: ConfigurationManager, init=-1: [0b7c48c7-0b6d-482c-a819-333bb540c4fb|rpc:10.1.0.28:44851|dataStream:|priority:1, 860b61a6-6888-4e38-8807-2fca971f454a|rpc:10.1.0.28:40193|dataStream:|priority:0, 9456f629-97b8-4527-b4fd-0706f8d70381|rpc:10.1.0.28:39067|dataStream:|priority:0], old=null, confs=<EMPTY_MAP>
2022-03-03 15:04:35,079 [pool-291-thread-1] INFO  server.RaftServerConfigKeys (ConfUtils.java:logGet(44)) - raft.server.storage.dir = [/home/runner/work/ozone/ozone/hadoop-ozone/integration-test/target/test-dir/MiniOzoneClusterImpl-1780bea0-e071-4232-b145-eeecbe4e4805/datanode-1/data/ratis] (custom)
2022-03-03 15:04:35,079 [pool-291-thread-1] INFO  server.RaftServerConfigKeys (ConfUtils.java:logGet(44)) - raft.server.log.corruption.policy = EXCEPTION (default)
2022-03-03 15:04:35,079 [pool-291-thread-1] INFO  server.RaftServerConfigKeys (ConfUtils.java:logGet(44)) - raft.server.storage.free-space.min = 0MB (=0) (default)
2022-03-03 15:04:35,079 [pool-291-thread-1] INFO  storage.RaftStorageDirectory (RaftStorageDirectoryImpl.java:analyzeStorage(135)) - The storage directory /home/runner/work/ozone/ozone/hadoop-ozone/integration-test/target/test-dir/MiniOzoneClusterImpl-1780bea0-e071-4232-b145-eeecbe4e4805/datanode-1/data/ratis/d5c299c4-1f29-447c-8692-32b1aec08b9f does not exist. Creating ...
2022-03-03 15:04:35,080 [pool-291-thread-1] INFO  storage.RaftStorageDirectory (RaftStorageDirectoryImpl.java:tryLock(230)) - Lock on /home/runner/work/ozone/ozone/hadoop-ozone/integration-test/target/test-dir/MiniOzoneClusterImpl-1780bea0-e071-4232-b145-eeecbe4e4805/datanode-1/data/ratis/d5c299c4-1f29-447c-8692-32b1aec08b9f/in_use.lock acquired by nodename 16342@fv-az50-851
2022-03-03 15:04:35,081 [pool-291-thread-1] INFO  storage.RaftStorage (RaftStorageImpl.java:format(89)) - Storage directory /home/runner/work/ozone/ozone/hadoop-ozone/integration-test/target/test-dir/MiniOzoneClusterImpl-1780bea0-e071-4232-b145-eeecbe4e4805/datanode-1/data/ratis/d5c299c4-1f29-447c-8692-32b1aec08b9f has been successfully formatted.
2022-03-03 15:04:35,089 [pool-291-thread-1] INFO  ratis.ContainerStateMachine (ContainerStateMachine.java:loadSnapshot(236)) - group-32B1AEC08B9F: The snapshot info is null. Setting the last applied indexto:(t:0, i:~)
2022-03-03 15:04:35,089 [pool-291-thread-1] INFO  server.RaftServerConfigKeys (ConfUtils.java:logGet(44)) - raft.server.notification.no-leader.timeout = 300s (custom)
2022-03-03 15:04:35,089 [pool-291-thread-1] INFO  server.RaftServerConfigKeys (ConfUtils.java:logGet(44)) - raft.server.log.use.memory = false (default)
2022-03-03 15:04:35,089 [pool-291-thread-1] INFO  server.RaftServerConfigKeys (ConfUtils.java:logGet(44)) - raft.server.log.purge.gap = 1000000 (custom)
2022-03-03 15:04:35,089 [pool-291-thread-1] INFO  server.RaftServerConfigKeys (ConfUtils.java:logGet(44)) - raft.server.log.appender.buffer.byte-limit = 33554432 (custom)
2022-03-03 15:04:35,090 [pool-291-thread-1] INFO  server.RaftServerConfigKeys (ConfUtils.java:logGet(44)) - raft.server.log.segment.size.max = 1048576 (custom)
2022-03-03 15:04:35,091 [pool-291-thread-1] INFO  server.RaftServerConfigKeys (ConfUtils.java:logGet(44)) - raft.server.log.segment.cache.num.max = 2 (custom)
2022-03-03 15:04:35,091 [pool-291-thread-1] INFO  server.RaftServerConfigKeys (ConfUtils.java:logGet(44)) - raft.server.log.segment.cache.size.max = 200MB (=209715200) (default)
2022-03-03 15:04:35,091 [pool-291-thread-1] INFO  segmented.SegmentedRaftLogWorker (SegmentedRaftLogWorker.java:<init>(182)) - new 860b61a6-6888-4e38-8807-2fca971f454a@group-32B1AEC08B9F-SegmentedRaftLogWorker for RaftStorageImpl:Storage Directory /home/runner/work/ozone/ozone/hadoop-ozone/integration-test/target/test-dir/MiniOzoneClusterImpl-1780bea0-e071-4232-b145-eeecbe4e4805/datanode-1/data/ratis/d5c299c4-1f29-447c-8692-32b1aec08b9f
2022-03-03 15:04:35,091 [pool-291-thread-1] INFO  server.RaftServerConfigKeys (ConfUtils.java:logGet(44)) - raft.server.log.queue.byte-limit = 4294967296 (custom)
2022-03-03 15:04:35,091 [pool-291-thread-1] INFO  server.RaftServerConfigKeys (ConfUtils.java:logGet(44)) - raft.server.log.queue.element-limit = 1024 (custom)
2022-03-03 15:04:35,091 [pool-291-thread-1] INFO  server.RaftServerConfigKeys (ConfUtils.java:logGet(44)) - raft.server.log.segment.size.max = 1048576 (custom)
2022-03-03 15:04:35,091 [pool-291-thread-1] INFO  server.RaftServerConfigKeys (ConfUtils.java:logGet(44)) - raft.server.log.preallocated.size = 16384 (custom)
2022-03-03 15:04:35,091 [pool-291-thread-1] INFO  server.RaftServerConfigKeys (ConfUtils.java:logGet(44)) - raft.server.log.force.sync.num = 128 (default)
2022-03-03 15:04:35,091 [pool-291-thread-1] INFO  server.RaftServerConfigKeys (ConfUtils.java:logGet(44)) - raft.server.log.statemachine.data.sync = true (default)
2022-03-03 15:04:35,092 [pool-291-thread-1] INFO  server.RaftServerConfigKeys (ConfUtils.java:logGet(44)) - raft.server.log.statemachine.data.sync.timeout = 10s (default)
2022-03-03 15:04:35,092 [pool-291-thread-1] INFO  server.RaftServerConfigKeys (ConfUtils.java:logGet(44)) - raft.server.log.statemachine.data.sync.timeout.retry = -1 (default)
2022-03-03 15:04:35,093 [pool-291-thread-1] INFO  server.RaftServerConfigKeys (ConfUtils.java:logGet(44)) - raft.server.log.write.buffer.size = 1048576 (custom)
2022-03-03 15:04:35,093 [pool-291-thread-1] INFO  server.RaftServerConfigKeys (ConfUtils.java:logGet(44)) - raft.server.log.statemachine.data.caching.enabled = true (custom)
2022-03-03 15:04:35,094 [pool-291-thread-1] INFO  segmented.SegmentedRaftLogWorker (SegmentedRaftLogWorker.java:lambda$new$0(133)) - 860b61a6-6888-4e38-8807-2fca971f454a@group-32B1AEC08B9F-SegmentedRaftLogWorker: flushIndex: setUnconditionally 0 -> -1
2022-03-03 15:04:35,094 [pool-291-thread-1] INFO  segmented.SegmentedRaftLogWorker (SegmentedRaftLogWorker.java:lambda$new$0(133)) - 860b61a6-6888-4e38-8807-2fca971f454a@group-32B1AEC08B9F-SegmentedRaftLogWorker: safeCacheEvictIndex: setUnconditionally 0 -> -1
2022-03-03 15:04:35,103 [pool-291-thread-1] INFO  server.RaftServerConfigKeys (ConfUtils.java:logGet(44)) - raft.server.snapshot.auto.trigger.enabled = true (custom)
2022-03-03 15:04:35,103 [pool-291-thread-1] INFO  server.RaftServerConfigKeys (ConfUtils.java:logGet(44)) - raft.server.snapshot.auto.trigger.threshold = 10000 (custom)
2022-03-03 15:04:35,103 [pool-291-thread-1] INFO  server.RaftServerConfigKeys (ConfUtils.java:logGet(44)) - raft.server.snapshot.retention.file.num = 5 (custom)
2022-03-03 15:04:35,103 [pool-291-thread-1] INFO  server.RaftServerConfigKeys (ConfUtils.java:logGet(44)) - raft.server.log.purge.upto.snapshot.index = false (default)
2022-03-03 15:04:35,103 [pool-291-thread-1] INFO  server.RaftServerConfigKeys (ConfUtils.java:logGet(44)) - raft.server.retrycache.expirytime = 600000ms (custom)
2022-03-03 15:04:35,103 [pool-291-thread-1] INFO  server.RaftServerConfigKeys (ConfUtils.java:logGet(44)) - raft.server.retrycache.statistics.expirytime = 100μs (default)
2022-03-03 15:04:35,104 [pool-291-thread-1] INFO  server.RaftServer$Division (RaftServerImpl.java:start(301)) - 860b61a6-6888-4e38-8807-2fca971f454a@group-32B1AEC08B9F: start as a follower, conf=-1: [0b7c48c7-0b6d-482c-a819-333bb540c4fb|rpc:10.1.0.28:44851|dataStream:|priority:1, 860b61a6-6888-4e38-8807-2fca971f454a|rpc:10.1.0.28:40193|dataStream:|priority:0, 9456f629-97b8-4527-b4fd-0706f8d70381|rpc:10.1.0.28:39067|dataStream:|priority:0], old=null
2022-03-03 15:04:35,104 [pool-291-thread-1] INFO  server.RaftServer$Division (RaftServerImpl.java:setRole(290)) - 860b61a6-6888-4e38-8807-2fca971f454a@group-32B1AEC08B9F: changes role from      null to FOLLOWER at term 0 for startAsFollower
2022-03-03 15:04:35,104 [pool-291-thread-1] INFO  impl.RoleInfo (RoleInfo.java:updateAndGet(130)) - 860b61a6-6888-4e38-8807-2fca971f454a: start 860b61a6-6888-4e38-8807-2fca971f454a@group-32B1AEC08B9F-FollowerState
2022-03-03 15:04:35,118 [pool-291-thread-1] INFO  util.JmxRegister (JmxRegister.java:tryRegister(44)) - Successfully registered JMX Bean with object name Ratis:service=RaftServer,group=group-32B1AEC08B9F,id=860b61a6-6888-4e38-8807-2fca971f454a
2022-03-03 15:04:35,226 [grpc-default-executor-2] INFO  server.RaftServer (RaftServerProxy.java:addNew(95)) - 0b7c48c7-0b6d-482c-a819-333bb540c4fb: addNew group-32B1AEC08B9F:[0b7c48c7-0b6d-482c-a819-333bb540c4fb|rpc:10.1.0.28:44851|dataStream:|priority:1, 860b61a6-6888-4e38-8807-2fca971f454a|rpc:10.1.0.28:40193|dataStream:|priority:0, 9456f629-97b8-4527-b4fd-0706f8d70381|rpc:10.1.0.28:39067|dataStream:|priority:0] returns group-32B1AEC08B9F:java.util.concurrent.CompletableFuture@342a88ae[Not completed]
2022-03-03 15:04:35,238 [pool-312-thread-1] INFO  server.RaftServer$Division (RaftServerImpl.java:<init>(184)) - 0b7c48c7-0b6d-482c-a819-333bb540c4fb: new RaftServerImpl for group-32B1AEC08B9F:[0b7c48c7-0b6d-482c-a819-333bb540c4fb|rpc:10.1.0.28:44851|dataStream:|priority:1, 860b61a6-6888-4e38-8807-2fca971f454a|rpc:10.1.0.28:40193|dataStream:|priority:0, 9456f629-97b8-4527-b4fd-0706f8d70381|rpc:10.1.0.28:39067|dataStream:|priority:0] with ContainerStateMachine:uninitialized
2022-03-03 15:04:35,238 [pool-312-thread-1] INFO  server.RaftServerConfigKeys (ConfUtils.java:logGet(44)) - raft.server.rpc.timeout.min = 5s (custom)
2022-03-03 15:04:35,238 [pool-312-thread-1] INFO  server.RaftServerConfigKeys (ConfUtils.java:logGet(44)) - raft.server.rpc.timeout.max = 5200ms (custom)
2022-03-03 15:04:35,239 [pool-312-thread-1] INFO  server.RaftServerConfigKeys (ConfUtils.java:logGet(44)) - raft.server.rpc.sleep.time = 25ms (default)
2022-03-03 15:04:35,239 [pool-312-thread-1] INFO  server.RaftServerConfigKeys (ConfUtils.java:logGet(44)) - raft.server.rpc.slowness.timeout = 300s (custom)
2022-03-03 15:04:35,239 [pool-312-thread-1] INFO  server.RaftServerConfigKeys (ConfUtils.java:logGet(44)) - raft.server.leaderelection.leader.step-down.wait-time = 10s (default)
2022-03-03 15:04:35,239 [pool-312-thread-1] INFO  server.RaftServerConfigKeys (ConfUtils.java:logGet(44)) - raft.server.sleep.deviation.threshold = 300ms (default)
2022-03-03 15:04:35,239 [pool-312-thread-1] INFO  server.RaftServerConfigKeys (ConfUtils.java:logGet(44)) - raft.server.log.appender.install.snapshot.enabled = false (custom)
2022-03-03 15:04:35,239 [pool-312-thread-1] INFO  server.RaftServer$Division (ServerState.java:<init>(105)) - 0b7c48c7-0b6d-482c-a819-333bb540c4fb@group-32B1AEC08B9F: ConfigurationManager, init=-1: [0b7c48c7-0b6d-482c-a819-333bb540c4fb|rpc:10.1.0.28:44851|dataStream:|priority:1, 860b61a6-6888-4e38-8807-2fca971f454a|rpc:10.1.0.28:40193|dataStream:|priority:0, 9456f629-97b8-4527-b4fd-0706f8d70381|rpc:10.1.0.28:39067|dataStream:|priority:0], old=null, confs=<EMPTY_MAP>
2022-03-03 15:04:35,239 [pool-312-thread-1] INFO  server.RaftServerConfigKeys (ConfUtils.java:logGet(44)) - raft.server.storage.dir = [/home/runner/work/ozone/ozone/hadoop-ozone/integration-test/target/test-dir/MiniOzoneClusterImpl-1780bea0-e071-4232-b145-eeecbe4e4805/datanode-2/data/ratis] (custom)
2022-03-03 15:04:35,239 [pool-312-thread-1] INFO  server.RaftServerConfigKeys (ConfUtils.java:logGet(44)) - raft.server.log.corruption.policy = EXCEPTION (default)
2022-03-03 15:04:35,239 [pool-312-thread-1] INFO  server.RaftServerConfigKeys (ConfUtils.java:logGet(44)) - raft.server.storage.free-space.min = 0MB (=0) (default)
2022-03-03 15:04:35,240 [pool-312-thread-1] INFO  storage.RaftStorageDirectory (RaftStorageDirectoryImpl.java:analyzeStorage(135)) - The storage directory /home/runner/work/ozone/ozone/hadoop-ozone/integration-test/target/test-dir/MiniOzoneClusterImpl-1780bea0-e071-4232-b145-eeecbe4e4805/datanode-2/data/ratis/d5c299c4-1f29-447c-8692-32b1aec08b9f does not exist. Creating ...
2022-03-03 15:04:35,241 [pool-312-thread-1] INFO  storage.RaftStorageDirectory (RaftStorageDirectoryImpl.java:tryLock(230)) - Lock on /home/runner/work/ozone/ozone/hadoop-ozone/integration-test/target/test-dir/MiniOzoneClusterImpl-1780bea0-e071-4232-b145-eeecbe4e4805/datanode-2/data/ratis/d5c299c4-1f29-447c-8692-32b1aec08b9f/in_use.lock acquired by nodename 16342@fv-az50-851
2022-03-03 15:04:35,243 [pool-312-thread-1] INFO  storage.RaftStorage (RaftStorageImpl.java:format(89)) - Storage directory /home/runner/work/ozone/ozone/hadoop-ozone/integration-test/target/test-dir/MiniOzoneClusterImpl-1780bea0-e071-4232-b145-eeecbe4e4805/datanode-2/data/ratis/d5c299c4-1f29-447c-8692-32b1aec08b9f has been successfully formatted.
2022-03-03 15:04:35,247 [pool-312-thread-1] INFO  ratis.ContainerStateMachine (ContainerStateMachine.java:loadSnapshot(236)) - group-32B1AEC08B9F: The snapshot info is null. Setting the last applied indexto:(t:0, i:~)
2022-03-03 15:04:35,252 [pool-312-thread-1] INFO  server.RaftServerConfigKeys (ConfUtils.java:logGet(44)) - raft.server.notification.no-leader.timeout = 300s (custom)
2022-03-03 15:04:35,252 [pool-312-thread-1] INFO  server.RaftServerConfigKeys (ConfUtils.java:logGet(44)) - raft.server.log.use.memory = false (default)
2022-03-03 15:04:35,252 [pool-312-thread-1] INFO  server.RaftServerConfigKeys (ConfUtils.java:logGet(44)) - raft.server.log.purge.gap = 1000000 (custom)
2022-03-03 15:04:35,252 [pool-312-thread-1] INFO  server.RaftServerConfigKeys (ConfUtils.java:logGet(44)) - raft.server.log.appender.buffer.byte-limit = 33554432 (custom)
2022-03-03 15:04:35,252 [pool-312-thread-1] INFO  server.RaftServerConfigKeys (ConfUtils.java:logGet(44)) - raft.server.log.segment.size.max = 1048576 (custom)
2022-03-03 15:04:35,253 [pool-312-thread-1] INFO  server.RaftServerConfigKeys (ConfUtils.java:logGet(44)) - raft.server.log.segment.cache.num.max = 2 (custom)
2022-03-03 15:04:35,253 [pool-312-thread-1] INFO  server.RaftServerConfigKeys (ConfUtils.java:logGet(44)) - raft.server.log.segment.cache.size.max = 200MB (=209715200) (default)
2022-03-03 15:04:35,253 [pool-312-thread-1] INFO  segmented.SegmentedRaftLogWorker (SegmentedRaftLogWorker.java:<init>(182)) - new 0b7c48c7-0b6d-482c-a819-333bb540c4fb@group-32B1AEC08B9F-SegmentedRaftLogWorker for RaftStorageImpl:Storage Directory /home/runner/work/ozone/ozone/hadoop-ozone/integration-test/target/test-dir/MiniOzoneClusterImpl-1780bea0-e071-4232-b145-eeecbe4e4805/datanode-2/data/ratis/d5c299c4-1f29-447c-8692-32b1aec08b9f
2022-03-03 15:04:35,253 [pool-312-thread-1] INFO  server.RaftServerConfigKeys (ConfUtils.java:logGet(44)) - raft.server.log.queue.byte-limit = 4294967296 (custom)
2022-03-03 15:04:35,253 [pool-312-thread-1] INFO  server.RaftServerConfigKeys (ConfUtils.java:logGet(44)) - raft.server.log.queue.element-limit = 1024 (custom)
2022-03-03 15:04:35,253 [pool-312-thread-1] INFO  server.RaftServerConfigKeys (ConfUtils.java:logGet(44)) - raft.server.log.segment.size.max = 1048576 (custom)
2022-03-03 15:04:35,253 [pool-312-thread-1] INFO  server.RaftServerConfigKeys (ConfUtils.java:logGet(44)) - raft.server.log.preallocated.size = 16384 (custom)
2022-03-03 15:04:35,253 [pool-312-thread-1] INFO  server.RaftServerConfigKeys (ConfUtils.java:logGet(44)) - raft.server.log.force.sync.num = 128 (default)
2022-03-03 15:04:35,253 [pool-312-thread-1] INFO  server.RaftServerConfigKeys (ConfUtils.java:logGet(44)) - raft.server.log.statemachine.data.sync = true (default)
2022-03-03 15:04:35,253 [pool-312-thread-1] INFO  server.RaftServerConfigKeys (ConfUtils.java:logGet(44)) - raft.server.log.statemachine.data.sync.timeout = 10s (default)
2022-03-03 15:04:35,253 [pool-312-thread-1] INFO  server.RaftServerConfigKeys (ConfUtils.java:logGet(44)) - raft.server.log.statemachine.data.sync.timeout.retry = -1 (default)
2022-03-03 15:04:35,267 [pool-312-thread-1] INFO  server.RaftServerConfigKeys (ConfUtils.java:logGet(44)) - raft.server.log.write.buffer.size = 1048576 (custom)
2022-03-03 15:04:35,268 [pool-312-thread-1] INFO  server.RaftServerConfigKeys (ConfUtils.java:logGet(44)) - raft.server.log.statemachine.data.caching.enabled = true (custom)
2022-03-03 15:04:35,268 [pool-312-thread-1] INFO  segmented.SegmentedRaftLogWorker (SegmentedRaftLogWorker.java:lambda$new$0(133)) - 0b7c48c7-0b6d-482c-a819-333bb540c4fb@group-32B1AEC08B9F-SegmentedRaftLogWorker: flushIndex: setUnconditionally 0 -> -1
2022-03-03 15:04:35,268 [pool-312-thread-1] INFO  segmented.SegmentedRaftLogWorker (SegmentedRaftLogWorker.java:lambda$new$0(133)) - 0b7c48c7-0b6d-482c-a819-333bb540c4fb@group-32B1AEC08B9F-SegmentedRaftLogWorker: safeCacheEvictIndex: setUnconditionally 0 -> -1
2022-03-03 15:04:35,274 [pool-312-thread-1] INFO  server.RaftServerConfigKeys (ConfUtils.java:logGet(44)) - raft.server.snapshot.auto.trigger.enabled = true (custom)
2022-03-03 15:04:35,274 [pool-312-thread-1] INFO  server.RaftServerConfigKeys (ConfUtils.java:logGet(44)) - raft.server.snapshot.auto.trigger.threshold = 10000 (custom)
2022-03-03 15:04:35,274 [pool-312-thread-1] INFO  server.RaftServerConfigKeys (ConfUtils.java:logGet(44)) - raft.server.snapshot.retention.file.num = 5 (custom)
2022-03-03 15:04:35,274 [pool-312-thread-1] INFO  server.RaftServerConfigKeys (ConfUtils.java:logGet(44)) - raft.server.log.purge.upto.snapshot.index = false (default)
2022-03-03 15:04:35,274 [pool-312-thread-1] INFO  server.RaftServerConfigKeys (ConfUtils.java:logGet(44)) - raft.server.retrycache.expirytime = 600000ms (custom)
2022-03-03 15:04:35,274 [pool-312-thread-1] INFO  server.RaftServerConfigKeys (ConfUtils.java:logGet(44)) - raft.server.retrycache.statistics.expirytime = 100μs (default)
2022-03-03 15:04:35,275 [pool-312-thread-1] INFO  server.RaftServer$Division (RaftServerImpl.java:start(301)) - 0b7c48c7-0b6d-482c-a819-333bb540c4fb@group-32B1AEC08B9F: start as a follower, conf=-1: [0b7c48c7-0b6d-482c-a819-333bb540c4fb|rpc:10.1.0.28:44851|dataStream:|priority:1, 860b61a6-6888-4e38-8807-2fca971f454a|rpc:10.1.0.28:40193|dataStream:|priority:0, 9456f629-97b8-4527-b4fd-0706f8d70381|rpc:10.1.0.28:39067|dataStream:|priority:0], old=null
2022-03-03 15:04:35,275 [pool-312-thread-1] INFO  server.RaftServer$Division (RaftServerImpl.java:setRole(290)) - 0b7c48c7-0b6d-482c-a819-333bb540c4fb@group-32B1AEC08B9F: changes role from      null to FOLLOWER at term 0 for startAsFollower
2022-03-03 15:04:35,276 [pool-312-thread-1] INFO  impl.RoleInfo (RoleInfo.java:updateAndGet(130)) - 0b7c48c7-0b6d-482c-a819-333bb540c4fb: start 0b7c48c7-0b6d-482c-a819-333bb540c4fb@group-32B1AEC08B9F-FollowerState
2022-03-03 15:04:35,283 [pool-312-thread-1] INFO  util.JmxRegister (JmxRegister.java:tryRegister(44)) - Successfully registered JMX Bean with object name Ratis:service=RaftServer,group=group-32B1AEC08B9F,id=0b7c48c7-0b6d-482c-a819-333bb540c4fb
2022-03-03 15:04:35,303 [Command processor thread] INFO  commandhandler.CreatePipelineCommandHandler (CreatePipelineCommandHandler.java:handle(106)) - Created Pipeline RATIS THREE PipelineID=d5c299c4-1f29-447c-8692-32b1aec08b9f.
2022-03-03 15:04:35,430 [Command processor thread] INFO  server.RaftServer (RaftServerProxy.java:addNew(95)) - 860b61a6-6888-4e38-8807-2fca971f454a: addNew group-E70E23541A26:[860b61a6-6888-4e38-8807-2fca971f454a|rpc:10.1.0.28:40193|priority:1] returns group-E70E23541A26:java.util.concurrent.CompletableFuture@6d3ea6d2[Not completed]
2022-03-03 15:04:35,432 [pool-291-thread-1] INFO  server.RaftServer$Division (RaftServerImpl.java:<init>(184)) - 860b61a6-6888-4e38-8807-2fca971f454a: new RaftServerImpl for group-E70E23541A26:[860b61a6-6888-4e38-8807-2fca971f454a|rpc:10.1.0.28:40193|priority:1] with ContainerStateMachine:uninitialized
2022-03-03 15:04:35,432 [pool-291-thread-1] INFO  server.RaftServerConfigKeys (ConfUtils.java:logGet(44)) - raft.server.rpc.timeout.min = 5s (custom)
2022-03-03 15:04:35,432 [pool-291-thread-1] INFO  server.RaftServerConfigKeys (ConfUtils.java:logGet(44)) - raft.server.rpc.timeout.max = 5200ms (custom)
2022-03-03 15:04:35,432 [pool-291-thread-1] INFO  server.RaftServerConfigKeys (ConfUtils.java:logGet(44)) - raft.server.rpc.sleep.time = 25ms (default)
2022-03-03 15:04:35,432 [pool-291-thread-1] INFO  server.RaftServerConfigKeys (ConfUtils.java:logGet(44)) - raft.server.rpc.slowness.timeout = 300s (custom)
2022-03-03 15:04:35,432 [pool-291-thread-1] INFO  server.RaftServerConfigKeys (ConfUtils.java:logGet(44)) - raft.server.leaderelection.leader.step-down.wait-time = 10s (default)
2022-03-03 15:04:35,432 [pool-291-thread-1] INFO  server.RaftServerConfigKeys (ConfUtils.java:logGet(44)) - raft.server.sleep.deviation.threshold = 300ms (default)
2022-03-03 15:04:35,432 [pool-291-thread-1] INFO  server.RaftServerConfigKeys (ConfUtils.java:logGet(44)) - raft.server.log.appender.install.snapshot.enabled = false (custom)
2022-03-03 15:04:35,432 [pool-291-thread-1] INFO  server.RaftServer$Division (ServerState.java:<init>(105)) - 860b61a6-6888-4e38-8807-2fca971f454a@group-E70E23541A26: ConfigurationManager, init=-1: [860b61a6-6888-4e38-8807-2fca971f454a|rpc:10.1.0.28:40193|priority:1], old=null, confs=<EMPTY_MAP>
2022-03-03 15:04:35,432 [pool-291-thread-1] INFO  server.RaftServerConfigKeys (ConfUtils.java:logGet(44)) - raft.server.storage.dir = [/home/runner/work/ozone/ozone/hadoop-ozone/integration-test/target/test-dir/MiniOzoneClusterImpl-1780bea0-e071-4232-b145-eeecbe4e4805/datanode-1/data/ratis] (custom)
2022-03-03 15:04:35,432 [pool-291-thread-1] INFO  server.RaftServerConfigKeys (ConfUtils.java:logGet(44)) - raft.server.log.corruption.policy = EXCEPTION (default)
2022-03-03 15:04:35,432 [pool-291-thread-1] INFO  server.RaftServerConfigKeys (ConfUtils.java:logGet(44)) - raft.server.storage.free-space.min = 0MB (=0) (default)
2022-03-03 15:04:35,432 [pool-291-thread-1] INFO  storage.RaftStorageDirectory (RaftStorageDirectoryImpl.java:analyzeStorage(135)) - The storage directory /home/runner/work/ozone/ozone/hadoop-ozone/integration-test/target/test-dir/MiniOzoneClusterImpl-1780bea0-e071-4232-b145-eeecbe4e4805/datanode-1/data/ratis/037598ef-8231-4f71-b58d-e70e23541a26 does not exist. Creating ...
2022-03-03 15:04:35,435 [pool-291-thread-1] INFO  storage.RaftStorageDirectory (RaftStorageDirectoryImpl.java:tryLock(230)) - Lock on /home/runner/work/ozone/ozone/hadoop-ozone/integration-test/target/test-dir/MiniOzoneClusterImpl-1780bea0-e071-4232-b145-eeecbe4e4805/datanode-1/data/ratis/037598ef-8231-4f71-b58d-e70e23541a26/in_use.lock acquired by nodename 16342@fv-az50-851
2022-03-03 15:04:35,436 [pool-291-thread-1] INFO  storage.RaftStorage (RaftStorageImpl.java:format(89)) - Storage directory /home/runner/work/ozone/ozone/hadoop-ozone/integration-test/target/test-dir/MiniOzoneClusterImpl-1780bea0-e071-4232-b145-eeecbe4e4805/datanode-1/data/ratis/037598ef-8231-4f71-b58d-e70e23541a26 has been successfully formatted.
2022-03-03 15:04:35,439 [EventQueue-PipelineReportForPipelineReportHandler] INFO  pipeline.PipelineManagerImpl (PipelineManagerImpl.java:openPipeline(291)) - Pipeline Pipeline[ Id: 037598ef-8231-4f71-b58d-e70e23541a26, Nodes: 860b61a6-6888-4e38-8807-2fca971f454a{ip: 10.1.0.28, host: fv-az50-851.grzltbmokehuzjyc5b133kdqgh.cx.internal.cloudapp.net, ports: [REPLICATION=42855, RATIS=40193, RATIS_ADMIN=40193, RATIS_SERVER=40193, STANDALONE=41949], networkLocation: /default-rack, certSerialId: null, persistedOpState: IN_SERVICE, persistedOpStateExpiryEpochSec: 0}, ReplicationConfig: RATIS/ONE, State:ALLOCATED, leaderId:860b61a6-6888-4e38-8807-2fca971f454a, CreationTimestamp2022-03-03T15:04:32.440Z[Etc/UTC]] moved to OPEN state
2022-03-03 15:04:35,441 [f41ede9f-c29a-4957-a329-430a35551df1@group-EEECBE4E4805-StateMachineUpdater] INFO  safemode.HealthyPipelineSafeModeRule (HealthyPipelineSafeModeRule.java:initializeRule(152)) - Refreshed total pipeline count is 0, healthy pipeline threshold count is 1
2022-03-03 15:04:35,444 [EventQueue-OpenPipelineForHealthyPipelineSafeModeRule] INFO  safemode.SCMSafeModeManager (HealthyPipelineSafeModeRule.java:process(124)) - SCM in safe mode. Healthy pipelines reported count is 0, required healthy pipeline reported count is 1
2022-03-03 15:04:35,454 [pool-291-thread-1] INFO  ratis.ContainerStateMachine (ContainerStateMachine.java:loadSnapshot(236)) - group-E70E23541A26: The snapshot info is null. Setting the last applied indexto:(t:0, i:~)
2022-03-03 15:04:35,455 [pool-291-thread-1] INFO  server.RaftServerConfigKeys (ConfUtils.java:logGet(44)) - raft.server.notification.no-leader.timeout = 300s (custom)
2022-03-03 15:04:35,455 [pool-291-thread-1] INFO  server.RaftServerConfigKeys (ConfUtils.java:logGet(44)) - raft.server.log.use.memory = false (default)
2022-03-03 15:04:35,455 [pool-291-thread-1] INFO  server.RaftServerConfigKeys (ConfUtils.java:logGet(44)) - raft.server.log.purge.gap = 1000000 (custom)
2022-03-03 15:04:35,455 [pool-291-thread-1] INFO  server.RaftServerConfigKeys (ConfUtils.java:logGet(44)) - raft.server.log.appender.buffer.byte-limit = 33554432 (custom)
2022-03-03 15:04:35,455 [pool-291-thread-1] INFO  server.RaftServerConfigKeys (ConfUtils.java:logGet(44)) - raft.server.log.segment.size.max = 1048576 (custom)
2022-03-03 15:04:35,456 [pool-291-thread-1] INFO  server.RaftServerConfigKeys (ConfUtils.java:logGet(44)) - raft.server.log.segment.cache.num.max = 2 (custom)
2022-03-03 15:04:35,456 [pool-291-thread-1] INFO  server.RaftServerConfigKeys (ConfUtils.java:logGet(44)) - raft.server.log.segment.cache.size.max = 200MB (=209715200) (default)
2022-03-03 15:04:35,456 [pool-291-thread-1] INFO  segmented.SegmentedRaftLogWorker (SegmentedRaftLogWorker.java:<init>(182)) - new 860b61a6-6888-4e38-8807-2fca971f454a@group-E70E23541A26-SegmentedRaftLogWorker for RaftStorageImpl:Storage Directory /home/runner/work/ozone/ozone/hadoop-ozone/integration-test/target/test-dir/MiniOzoneClusterImpl-1780bea0-e071-4232-b145-eeecbe4e4805/datanode-1/data/ratis/037598ef-8231-4f71-b58d-e70e23541a26
2022-03-03 15:04:35,456 [pool-291-thread-1] INFO  server.RaftServerConfigKeys (ConfUtils.java:logGet(44)) - raft.server.log.queue.byte-limit = 4294967296 (custom)
2022-03-03 15:04:35,456 [pool-291-thread-1] INFO  server.RaftServerConfigKeys (ConfUtils.java:logGet(44)) - raft.server.log.queue.element-limit = 1024 (custom)
2022-03-03 15:04:35,456 [pool-291-thread-1] INFO  server.RaftServerConfigKeys (ConfUtils.java:logGet(44)) - raft.server.log.segment.size.max = 1048576 (custom)
2022-03-03 15:04:35,456 [pool-291-thread-1] INFO  server.RaftServerConfigKeys (ConfUtils.java:logGet(44)) - raft.server.log.preallocated.size = 16384 (custom)
2022-03-03 15:04:35,456 [pool-291-thread-1] INFO  server.RaftServerConfigKeys (ConfUtils.java:logGet(44)) - raft.server.log.force.sync.num = 128 (default)
2022-03-03 15:04:35,456 [pool-291-thread-1] INFO  server.RaftServerConfigKeys (ConfUtils.java:logGet(44)) - raft.server.log.statemachine.data.sync = true (default)
2022-03-03 15:04:35,456 [pool-291-thread-1] INFO  server.RaftServerConfigKeys (ConfUtils.java:logGet(44)) - raft.server.log.statemachine.data.sync.timeout = 10s (default)
2022-03-03 15:04:35,456 [pool-291-thread-1] INFO  server.RaftServerConfigKeys (ConfUtils.java:logGet(44)) - raft.server.log.statemachine.data.sync.timeout.retry = -1 (default)
2022-03-03 15:04:35,457 [pool-291-thread-1] INFO  server.RaftServerConfigKeys (ConfUtils.java:logGet(44)) - raft.server.log.write.buffer.size = 1048576 (custom)
2022-03-03 15:04:35,457 [pool-291-thread-1] INFO  server.RaftServerConfigKeys (ConfUtils.java:logGet(44)) - raft.server.log.statemachine.data.caching.enabled = true (custom)
2022-03-03 15:04:35,458 [pool-291-thread-1] INFO  segmented.SegmentedRaftLogWorker (SegmentedRaftLogWorker.java:lambda$new$0(133)) - 860b61a6-6888-4e38-8807-2fca971f454a@group-E70E23541A26-SegmentedRaftLogWorker: flushIndex: setUnconditionally 0 -> -1
2022-03-03 15:04:35,458 [pool-291-thread-1] INFO  segmented.SegmentedRaftLogWorker (SegmentedRaftLogWorker.java:lambda$new$0(133)) - 860b61a6-6888-4e38-8807-2fca971f454a@group-E70E23541A26-SegmentedRaftLogWorker: safeCacheEvictIndex: setUnconditionally 0 -> -1
2022-03-03 15:04:35,467 [pool-291-thread-1] INFO  server.RaftServerConfigKeys (ConfUtils.java:logGet(44)) - raft.server.snapshot.auto.trigger.enabled = true (custom)
2022-03-03 15:04:35,467 [pool-291-thread-1] INFO  server.RaftServerConfigKeys (ConfUtils.java:logGet(44)) - raft.server.snapshot.auto.trigger.threshold = 10000 (custom)
2022-03-03 15:04:35,467 [pool-291-thread-1] INFO  server.RaftServerConfigKeys (ConfUtils.java:logGet(44)) - raft.server.snapshot.retention.file.num = 5 (custom)
2022-03-03 15:04:35,467 [pool-291-thread-1] INFO  server.RaftServerConfigKeys (ConfUtils.java:logGet(44)) - raft.server.log.purge.upto.snapshot.index = false (default)
2022-03-03 15:04:35,467 [pool-291-thread-1] INFO  server.RaftServerConfigKeys (ConfUtils.java:logGet(44)) - raft.server.retrycache.expirytime = 600000ms (custom)
2022-03-03 15:04:35,467 [pool-291-thread-1] INFO  server.RaftServerConfigKeys (ConfUtils.java:logGet(44)) - raft.server.retrycache.statistics.expirytime = 100μs (default)
2022-03-03 15:04:35,468 [pool-291-thread-1] INFO  server.RaftServer$Division (RaftServerImpl.java:start(301)) - 860b61a6-6888-4e38-8807-2fca971f454a@group-E70E23541A26: start as a follower, conf=-1: [860b61a6-6888-4e38-8807-2fca971f454a|rpc:10.1.0.28:40193|priority:1], old=null
2022-03-03 15:04:35,468 [pool-291-thread-1] INFO  server.RaftServer$Division (RaftServerImpl.java:setRole(290)) - 860b61a6-6888-4e38-8807-2fca971f454a@group-E70E23541A26: changes role from      null to FOLLOWER at term 0 for startAsFollower
2022-03-03 15:04:35,468 [pool-291-thread-1] INFO  impl.RoleInfo (RoleInfo.java:updateAndGet(130)) - 860b61a6-6888-4e38-8807-2fca971f454a: start 860b61a6-6888-4e38-8807-2fca971f454a@group-E70E23541A26-FollowerState
2022-03-03 15:04:35,480 [pool-291-thread-1] INFO  util.JmxRegister (JmxRegister.java:tryRegister(44)) - Successfully registered JMX Bean with object name Ratis:service=RaftServer,group=group-E70E23541A26,id=860b61a6-6888-4e38-8807-2fca971f454a
2022-03-03 15:04:35,494 [Command processor thread] INFO  ratis.XceiverServerRatis (XceiverServerRatis.java:addGroup(769)) - Created group PipelineID=037598ef-8231-4f71-b58d-e70e23541a26
2022-03-03 15:04:35,494 [Command processor thread] INFO  commandhandler.CreatePipelineCommandHandler (CreatePipelineCommandHandler.java:handle(106)) - Created Pipeline RATIS ONE PipelineID=037598ef-8231-4f71-b58d-e70e23541a26.
2022-03-03 15:04:35,915 [Listener at 127.0.0.1/44823] INFO  ozone.MiniOzoneClusterImpl (MiniOzoneClusterImpl.java:lambda$waitForClusterToBeReady$0(219)) - Nodes are ready. Got 3 of 3 DN Heartbeats.
2022-03-03 15:04:35,915 [Listener at 127.0.0.1/44823] INFO  ozone.MiniOzoneClusterImpl (MiniOzoneClusterImpl.java:lambda$waitForClusterToBeReady$0(222)) - Waiting for cluster to exit safe mode
2022-03-03 15:04:35,915 [Listener at 127.0.0.1/44823] INFO  ozone.MiniOzoneClusterImpl (MiniOzoneClusterImpl.java:lambda$waitForClusterToBeReady$0(224)) - SCM became leader
2022-03-03 15:04:35,927 [Command processor thread] INFO  server.RaftServer (RaftServerProxy.java:addNew(95)) - 0b7c48c7-0b6d-482c-a819-333bb540c4fb: addNew group-D8DF7AB1D00D:[0b7c48c7-0b6d-482c-a819-333bb540c4fb|rpc:10.1.0.28:44851|priority:1] returns group-D8DF7AB1D00D:java.util.concurrent.CompletableFuture@393e839f[Not completed]
2022-03-03 15:04:35,929 [pool-312-thread-1] INFO  server.RaftServer$Division (RaftServerImpl.java:<init>(184)) - 0b7c48c7-0b6d-482c-a819-333bb540c4fb: new RaftServerImpl for group-D8DF7AB1D00D:[0b7c48c7-0b6d-482c-a819-333bb540c4fb|rpc:10.1.0.28:44851|priority:1] with ContainerStateMachine:uninitialized
2022-03-03 15:04:35,929 [pool-312-thread-1] INFO  server.RaftServerConfigKeys (ConfUtils.java:logGet(44)) - raft.server.rpc.timeout.min = 5s (custom)
2022-03-03 15:04:35,929 [pool-312-thread-1] INFO  server.RaftServerConfigKeys (ConfUtils.java:logGet(44)) - raft.server.rpc.timeout.max = 5200ms (custom)
2022-03-03 15:04:35,929 [pool-312-thread-1] INFO  server.RaftServerConfigKeys (ConfUtils.java:logGet(44)) - raft.server.rpc.sleep.time = 25ms (default)
2022-03-03 15:04:35,929 [pool-312-thread-1] INFO  server.RaftServerConfigKeys (ConfUtils.java:logGet(44)) - raft.server.rpc.slowness.timeout = 300s (custom)
2022-03-03 15:04:35,929 [pool-312-thread-1] INFO  server.RaftServerConfigKeys (ConfUtils.java:logGet(44)) - raft.server.leaderelection.leader.step-down.wait-time = 10s (default)
2022-03-03 15:04:35,929 [pool-312-thread-1] INFO  server.RaftServerConfigKeys (ConfUtils.java:logGet(44)) - raft.server.sleep.deviation.threshold = 300ms (default)
2022-03-03 15:04:35,929 [pool-312-thread-1] INFO  server.RaftServerConfigKeys (ConfUtils.java:logGet(44)) - raft.server.log.appender.install.snapshot.enabled = false (custom)
2022-03-03 15:04:35,929 [pool-312-thread-1] INFO  server.RaftServer$Division (ServerState.java:<init>(105)) - 0b7c48c7-0b6d-482c-a819-333bb540c4fb@group-D8DF7AB1D00D: ConfigurationManager, init=-1: [0b7c48c7-0b6d-482c-a819-333bb540c4fb|rpc:10.1.0.28:44851|priority:1], old=null, confs=<EMPTY_MAP>
2022-03-03 15:04:35,929 [pool-312-thread-1] INFO  server.RaftServerConfigKeys (ConfUtils.java:logGet(44)) - raft.server.storage.dir = [/home/runner/work/ozone/ozone/hadoop-ozone/integration-test/target/test-dir/MiniOzoneClusterImpl-1780bea0-e071-4232-b145-eeecbe4e4805/datanode-2/data/ratis] (custom)
2022-03-03 15:04:35,929 [pool-312-thread-1] INFO  server.RaftServerConfigKeys (ConfUtils.java:logGet(44)) - raft.server.log.corruption.policy = EXCEPTION (default)
2022-03-03 15:04:35,929 [pool-312-thread-1] INFO  server.RaftServerConfigKeys (ConfUtils.java:logGet(44)) - raft.server.storage.free-space.min = 0MB (=0) (default)
2022-03-03 15:04:35,929 [pool-312-thread-1] INFO  storage.RaftStorageDirectory (RaftStorageDirectoryImpl.java:analyzeStorage(135)) - The storage directory /home/runner/work/ozone/ozone/hadoop-ozone/integration-test/target/test-dir/MiniOzoneClusterImpl-1780bea0-e071-4232-b145-eeecbe4e4805/datanode-2/data/ratis/67d29bc8-47fe-423b-a682-d8df7ab1d00d does not exist. Creating ...
2022-03-03 15:04:35,930 [pool-312-thread-1] INFO  storage.RaftStorageDirectory (RaftStorageDirectoryImpl.java:tryLock(230)) - Lock on /home/runner/work/ozone/ozone/hadoop-ozone/integration-test/target/test-dir/MiniOzoneClusterImpl-1780bea0-e071-4232-b145-eeecbe4e4805/datanode-2/data/ratis/67d29bc8-47fe-423b-a682-d8df7ab1d00d/in_use.lock acquired by nodename 16342@fv-az50-851
2022-03-03 15:04:35,935 [pool-312-thread-1] INFO  storage.RaftStorage (RaftStorageImpl.java:format(89)) - Storage directory /home/runner/work/ozone/ozone/hadoop-ozone/integration-test/target/test-dir/MiniOzoneClusterImpl-1780bea0-e071-4232-b145-eeecbe4e4805/datanode-2/data/ratis/67d29bc8-47fe-423b-a682-d8df7ab1d00d has been successfully formatted.
2022-03-03 15:04:35,935 [pool-312-thread-1] INFO  ratis.ContainerStateMachine (ContainerStateMachine.java:loadSnapshot(236)) - group-D8DF7AB1D00D: The snapshot info is null. Setting the last applied indexto:(t:0, i:~)
2022-03-03 15:04:35,935 [pool-312-thread-1] INFO  server.RaftServerConfigKeys (ConfUtils.java:logGet(44)) - raft.server.notification.no-leader.timeout = 300s (custom)
2022-03-03 15:04:35,935 [pool-312-thread-1] INFO  server.RaftServerConfigKeys (ConfUtils.java:logGet(44)) - raft.server.log.use.memory = false (default)
2022-03-03 15:04:35,935 [pool-312-thread-1] INFO  server.RaftServerConfigKeys (ConfUtils.java:logGet(44)) - raft.server.log.purge.gap = 1000000 (custom)
2022-03-03 15:04:35,935 [pool-312-thread-1] INFO  server.RaftServerConfigKeys (ConfUtils.java:logGet(44)) - raft.server.log.appender.buffer.byte-limit = 33554432 (custom)
2022-03-03 15:04:35,936 [pool-312-thread-1] INFO  server.RaftServerConfigKeys (ConfUtils.java:logGet(44)) - raft.server.log.segment.size.max = 1048576 (custom)
2022-03-03 15:04:35,936 [pool-312-thread-1] INFO  server.RaftServerConfigKeys (ConfUtils.java:logGet(44)) - raft.server.log.segment.cache.num.max = 2 (custom)
2022-03-03 15:04:35,936 [pool-312-thread-1] INFO  server.RaftServerConfigKeys (ConfUtils.java:logGet(44)) - raft.server.log.segment.cache.size.max = 200MB (=209715200) (default)
2022-03-03 15:04:35,936 [pool-312-thread-1] INFO  segmented.SegmentedRaftLogWorker (SegmentedRaftLogWorker.java:<init>(182)) - new 0b7c48c7-0b6d-482c-a819-333bb540c4fb@group-D8DF7AB1D00D-SegmentedRaftLogWorker for RaftStorageImpl:Storage Directory /home/runner/work/ozone/ozone/hadoop-ozone/integration-test/target/test-dir/MiniOzoneClusterImpl-1780bea0-e071-4232-b145-eeecbe4e4805/datanode-2/data/ratis/67d29bc8-47fe-423b-a682-d8df7ab1d00d
2022-03-03 15:04:35,936 [pool-312-thread-1] INFO  server.RaftServerConfigKeys (ConfUtils.java:logGet(44)) - raft.server.log.queue.byte-limit = 4294967296 (custom)
2022-03-03 15:04:35,936 [pool-312-thread-1] INFO  server.RaftServerConfigKeys (ConfUtils.java:logGet(44)) - raft.server.log.queue.element-limit = 1024 (custom)
2022-03-03 15:04:35,936 [pool-312-thread-1] INFO  server.RaftServerConfigKeys (ConfUtils.java:logGet(44)) - raft.server.log.segment.size.max = 1048576 (custom)
2022-03-03 15:04:35,936 [pool-312-thread-1] INFO  server.RaftServerConfigKeys (ConfUtils.java:logGet(44)) - raft.server.log.preallocated.size = 16384 (custom)
2022-03-03 15:04:35,936 [pool-312-thread-1] INFO  server.RaftServerConfigKeys (ConfUtils.java:logGet(44)) - raft.server.log.force.sync.num = 128 (default)
2022-03-03 15:04:35,936 [pool-312-thread-1] INFO  server.RaftServerConfigKeys (ConfUtils.java:logGet(44)) - raft.server.log.statemachine.data.sync = true (default)
2022-03-03 15:04:35,936 [pool-312-thread-1] INFO  server.RaftServerConfigKeys (ConfUtils.java:logGet(44)) - raft.server.log.statemachine.data.sync.timeout = 10s (default)
2022-03-03 15:04:35,936 [pool-312-thread-1] INFO  server.RaftServerConfigKeys (ConfUtils.java:logGet(44)) - raft.server.log.statemachine.data.sync.timeout.retry = -1 (default)
2022-03-03 15:04:35,937 [pool-312-thread-1] INFO  server.RaftServerConfigKeys (ConfUtils.java:logGet(44)) - raft.server.log.write.buffer.size = 1048576 (custom)
2022-03-03 15:04:35,938 [pool-312-thread-1] INFO  server.RaftServerConfigKeys (ConfUtils.java:logGet(44)) - raft.server.log.statemachine.data.caching.enabled = true (custom)
2022-03-03 15:04:35,938 [pool-312-thread-1] INFO  segmented.SegmentedRaftLogWorker (SegmentedRaftLogWorker.java:lambda$new$0(133)) - 0b7c48c7-0b6d-482c-a819-333bb540c4fb@group-D8DF7AB1D00D-SegmentedRaftLogWorker: flushIndex: setUnconditionally 0 -> -1
2022-03-03 15:04:35,938 [pool-312-thread-1] INFO  segmented.SegmentedRaftLogWorker (SegmentedRaftLogWorker.java:lambda$new$0(133)) - 0b7c48c7-0b6d-482c-a819-333bb540c4fb@group-D8DF7AB1D00D-SegmentedRaftLogWorker: safeCacheEvictIndex: setUnconditionally 0 -> -1
2022-03-03 15:04:35,940 [EventQueue-PipelineReportForPipelineReportHandler] INFO  pipeline.PipelineManagerImpl (PipelineManagerImpl.java:openPipeline(291)) - Pipeline Pipeline[ Id: 67d29bc8-47fe-423b-a682-d8df7ab1d00d, Nodes: 0b7c48c7-0b6d-482c-a819-333bb540c4fb{ip: 10.1.0.28, host: fv-az50-851.grzltbmokehuzjyc5b133kdqgh.cx.internal.cloudapp.net, ports: [REPLICATION=34751, RATIS=44851, RATIS_ADMIN=44851, RATIS_SERVER=44851, STANDALONE=35693], networkLocation: /default-rack, certSerialId: null, persistedOpState: IN_SERVICE, persistedOpStateExpiryEpochSec: 0}, ReplicationConfig: RATIS/ONE, State:ALLOCATED, leaderId:0b7c48c7-0b6d-482c-a819-333bb540c4fb, CreationTimestamp2022-03-03T15:04:32.931Z[Etc/UTC]] moved to OPEN state
2022-03-03 15:04:35,960 [pool-312-thread-1] INFO  server.RaftServerConfigKeys (ConfUtils.java:logGet(44)) - raft.server.snapshot.auto.trigger.enabled = true (custom)
2022-03-03 15:04:35,960 [pool-312-thread-1] INFO  server.RaftServerConfigKeys (ConfUtils.java:logGet(44)) - raft.server.snapshot.auto.trigger.threshold = 10000 (custom)
2022-03-03 15:04:35,960 [pool-312-thread-1] INFO  server.RaftServerConfigKeys (ConfUtils.java:logGet(44)) - raft.server.snapshot.retention.file.num = 5 (custom)
2022-03-03 15:04:35,960 [pool-312-thread-1] INFO  server.RaftServerConfigKeys (ConfUtils.java:logGet(44)) - raft.server.log.purge.upto.snapshot.index = false (default)
2022-03-03 15:04:35,960 [pool-312-thread-1] INFO  server.RaftServerConfigKeys (ConfUtils.java:logGet(44)) - raft.server.retrycache.expirytime = 600000ms (custom)
2022-03-03 15:04:35,960 [pool-312-thread-1] INFO  server.RaftServerConfigKeys (ConfUtils.java:logGet(44)) - raft.server.retrycache.statistics.expirytime = 100μs (default)
2022-03-03 15:04:35,961 [pool-312-thread-1] INFO  server.RaftServer$Division (RaftServerImpl.java:start(301)) - 0b7c48c7-0b6d-482c-a819-333bb540c4fb@group-D8DF7AB1D00D: start as a follower, conf=-1: [0b7c48c7-0b6d-482c-a819-333bb540c4fb|rpc:10.1.0.28:44851|priority:1], old=null
2022-03-03 15:04:35,961 [pool-312-thread-1] INFO  server.RaftServer$Division (RaftServerImpl.java:setRole(290)) - 0b7c48c7-0b6d-482c-a819-333bb540c4fb@group-D8DF7AB1D00D: changes role from      null to FOLLOWER at term 0 for startAsFollower
2022-03-03 15:04:35,962 [pool-312-thread-1] INFO  impl.RoleInfo (RoleInfo.java:updateAndGet(130)) - 0b7c48c7-0b6d-482c-a819-333bb540c4fb: start 0b7c48c7-0b6d-482c-a819-333bb540c4fb@group-D8DF7AB1D00D-FollowerState
2022-03-03 15:04:35,968 [pool-312-thread-1] INFO  util.JmxRegister (JmxRegister.java:tryRegister(44)) - Successfully registered JMX Bean with object name Ratis:service=RaftServer,group=group-D8DF7AB1D00D,id=0b7c48c7-0b6d-482c-a819-333bb540c4fb
2022-03-03 15:04:35,975 [Command processor thread] INFO  ratis.XceiverServerRatis (XceiverServerRatis.java:addGroup(769)) - Created group PipelineID=67d29bc8-47fe-423b-a682-d8df7ab1d00d
2022-03-03 15:04:35,976 [Command processor thread] INFO  commandhandler.CreatePipelineCommandHandler (CreatePipelineCommandHandler.java:handle(106)) - Created Pipeline RATIS ONE PipelineID=67d29bc8-47fe-423b-a682-d8df7ab1d00d.
2022-03-03 15:04:35,977 [f41ede9f-c29a-4957-a329-430a35551df1@group-EEECBE4E4805-StateMachineUpdater] INFO  safemode.HealthyPipelineSafeModeRule (HealthyPipelineSafeModeRule.java:initializeRule(152)) - Refreshed total pipeline count is 0, healthy pipeline threshold count is 1
2022-03-03 15:04:35,977 [EventQueue-OpenPipelineForHealthyPipelineSafeModeRule] INFO  safemode.SCMSafeModeManager (HealthyPipelineSafeModeRule.java:process(124)) - SCM in safe mode. Healthy pipelines reported count is 0, required healthy pipeline reported count is 1
2022-03-03 15:04:36,916 [Listener at 127.0.0.1/44823] INFO  ozone.MiniOzoneClusterImpl (MiniOzoneClusterImpl.java:lambda$waitForClusterToBeReady$0(219)) - Nodes are ready. Got 3 of 3 DN Heartbeats.
2022-03-03 15:04:36,916 [Listener at 127.0.0.1/44823] INFO  ozone.MiniOzoneClusterImpl (MiniOzoneClusterImpl.java:lambda$waitForClusterToBeReady$0(222)) - Waiting for cluster to exit safe mode
2022-03-03 15:04:36,916 [Listener at 127.0.0.1/44823] INFO  ozone.MiniOzoneClusterImpl (MiniOzoneClusterImpl.java:lambda$waitForClusterToBeReady$0(224)) - SCM became leader
2022-03-03 15:04:37,916 [Listener at 127.0.0.1/44823] INFO  ozone.MiniOzoneClusterImpl (MiniOzoneClusterImpl.java:lambda$waitForClusterToBeReady$0(219)) - Nodes are ready. Got 3 of 3 DN Heartbeats.
2022-03-03 15:04:37,916 [Listener at 127.0.0.1/44823] INFO  ozone.MiniOzoneClusterImpl (MiniOzoneClusterImpl.java:lambda$waitForClusterToBeReady$0(222)) - Waiting for cluster to exit safe mode
2022-03-03 15:04:37,916 [Listener at 127.0.0.1/44823] INFO  ozone.MiniOzoneClusterImpl (MiniOzoneClusterImpl.java:lambda$waitForClusterToBeReady$0(224)) - SCM became leader
2022-03-03 15:04:38,920 [Listener at 127.0.0.1/44823] INFO  ozone.MiniOzoneClusterImpl (MiniOzoneClusterImpl.java:lambda$waitForClusterToBeReady$0(219)) - Nodes are ready. Got 3 of 3 DN Heartbeats.
2022-03-03 15:04:38,921 [Listener at 127.0.0.1/44823] INFO  ozone.MiniOzoneClusterImpl (MiniOzoneClusterImpl.java:lambda$waitForClusterToBeReady$0(222)) - Waiting for cluster to exit safe mode
2022-03-03 15:04:38,921 [Listener at 127.0.0.1/44823] INFO  ozone.MiniOzoneClusterImpl (MiniOzoneClusterImpl.java:lambda$waitForClusterToBeReady$0(224)) - SCM became leader
2022-03-03 15:04:39,921 [Listener at 127.0.0.1/44823] INFO  ozone.MiniOzoneClusterImpl (MiniOzoneClusterImpl.java:lambda$waitForClusterToBeReady$0(219)) - Nodes are ready. Got 3 of 3 DN Heartbeats.
2022-03-03 15:04:39,921 [Listener at 127.0.0.1/44823] INFO  ozone.MiniOzoneClusterImpl (MiniOzoneClusterImpl.java:lambda$waitForClusterToBeReady$0(222)) - Waiting for cluster to exit safe mode
2022-03-03 15:04:39,921 [Listener at 127.0.0.1/44823] INFO  ozone.MiniOzoneClusterImpl (MiniOzoneClusterImpl.java:lambda$waitForClusterToBeReady$0(224)) - SCM became leader
2022-03-03 15:04:40,069 [9456f629-97b8-4527-b4fd-0706f8d70381@group-FDB91A4CFAE0-FollowerState] INFO  impl.FollowerState (FollowerState.java:run(134)) - 9456f629-97b8-4527-b4fd-0706f8d70381@group-FDB91A4CFAE0-FollowerState: change to CANDIDATE, lastRpcElapsedTime:5076914927ns, electionTimeout:5076ms
2022-03-03 15:04:40,070 [9456f629-97b8-4527-b4fd-0706f8d70381@group-FDB91A4CFAE0-FollowerState] INFO  impl.RoleInfo (RoleInfo.java:shutdownFollowerState(108)) - 9456f629-97b8-4527-b4fd-0706f8d70381: shutdown 9456f629-97b8-4527-b4fd-0706f8d70381@group-FDB91A4CFAE0-FollowerState
2022-03-03 15:04:40,070 [9456f629-97b8-4527-b4fd-0706f8d70381@group-FDB91A4CFAE0-FollowerState] INFO  server.RaftServer$Division (RaftServerImpl.java:setRole(290)) - 9456f629-97b8-4527-b4fd-0706f8d70381@group-FDB91A4CFAE0: changes role from  FOLLOWER to CANDIDATE at term 0 for changeToCandidate
2022-03-03 15:04:40,070 [9456f629-97b8-4527-b4fd-0706f8d70381@group-FDB91A4CFAE0-FollowerState] INFO  server.RaftServerConfigKeys (ConfUtils.java:logGet(44)) - raft.server.leaderelection.pre-vote = false (custom)
2022-03-03 15:04:40,070 [9456f629-97b8-4527-b4fd-0706f8d70381@group-FDB91A4CFAE0-FollowerState] INFO  impl.RoleInfo (RoleInfo.java:updateAndGet(130)) - 9456f629-97b8-4527-b4fd-0706f8d70381: start 9456f629-97b8-4527-b4fd-0706f8d70381@group-FDB91A4CFAE0-LeaderElection15
2022-03-03 15:04:40,079 [9456f629-97b8-4527-b4fd-0706f8d70381@group-FDB91A4CFAE0-LeaderElection15] INFO  impl.LeaderElection (LeaderElection.java:askForVotes(306)) - 9456f629-97b8-4527-b4fd-0706f8d70381@group-FDB91A4CFAE0-LeaderElection15 ELECTION round 0: submit vote requests at term 1 for -1: [9456f629-97b8-4527-b4fd-0706f8d70381|rpc:10.1.0.28:39067|priority:1], old=null
2022-03-03 15:04:40,079 [9456f629-97b8-4527-b4fd-0706f8d70381@group-FDB91A4CFAE0-LeaderElection15] INFO  impl.LeaderElection (LeaderElection.java:askForVotes(308)) - 9456f629-97b8-4527-b4fd-0706f8d70381@group-FDB91A4CFAE0-LeaderElection15 ELECTION round 0: result PASSED (term=1)
2022-03-03 15:04:40,079 [9456f629-97b8-4527-b4fd-0706f8d70381@group-FDB91A4CFAE0-LeaderElection15] INFO  impl.RoleInfo (RoleInfo.java:shutdownLeaderElection(121)) - 9456f629-97b8-4527-b4fd-0706f8d70381: shutdown 9456f629-97b8-4527-b4fd-0706f8d70381@group-FDB91A4CFAE0-LeaderElection15
2022-03-03 15:04:40,079 [9456f629-97b8-4527-b4fd-0706f8d70381@group-FDB91A4CFAE0-LeaderElection15] INFO  server.RaftServer$Division (RaftServerImpl.java:setRole(290)) - 9456f629-97b8-4527-b4fd-0706f8d70381@group-FDB91A4CFAE0: changes role from CANDIDATE to LEADER at term 1 for changeToLeader
2022-03-03 15:04:40,079 [9456f629-97b8-4527-b4fd-0706f8d70381@group-FDB91A4CFAE0-LeaderElection15] INFO  ratis.XceiverServerRatis (XceiverServerRatis.java:handleLeaderChangedNotification(867)) - Leader change notification received for group: group-FDB91A4CFAE0 with new leaderId: 9456f629-97b8-4527-b4fd-0706f8d70381
2022-03-03 15:04:40,079 [9456f629-97b8-4527-b4fd-0706f8d70381@group-FDB91A4CFAE0-LeaderElection15] INFO  server.RaftServer$Division (ServerState.java:setLeader(285)) - 9456f629-97b8-4527-b4fd-0706f8d70381@group-FDB91A4CFAE0: change Leader from null to 9456f629-97b8-4527-b4fd-0706f8d70381 at term 1 for becomeLeader, leader elected after 5113ms
2022-03-03 15:04:40,079 [9456f629-97b8-4527-b4fd-0706f8d70381@group-FDB91A4CFAE0-LeaderElection15] INFO  server.RaftServerConfigKeys (ConfUtils.java:logGet(44)) - raft.server.staging.catchup.gap = 1000 (default)
2022-03-03 15:04:40,079 [9456f629-97b8-4527-b4fd-0706f8d70381@group-FDB91A4CFAE0-LeaderElection15] INFO  server.RaftServerConfigKeys (ConfUtils.java:logGet(44)) - raft.server.write.element-limit = 1024 (custom)
2022-03-03 15:04:40,079 [9456f629-97b8-4527-b4fd-0706f8d70381@group-FDB91A4CFAE0-LeaderElection15] INFO  server.RaftServerConfigKeys (ConfUtils.java:logGet(44)) - raft.server.write.byte-limit = 1024 M (=1073741824) (custom)
2022-03-03 15:04:40,080 [9456f629-97b8-4527-b4fd-0706f8d70381@group-FDB91A4CFAE0-LeaderElection15] INFO  server.RaftServerConfigKeys (ConfUtils.java:logGet(44)) - raft.server.watch.timeout = 180s (custom)
2022-03-03 15:04:40,080 [9456f629-97b8-4527-b4fd-0706f8d70381@group-FDB91A4CFAE0-LeaderElection15] INFO  server.RaftServerConfigKeys (ConfUtils.java:logGet(44)) - raft.server.watch.timeout.denomination = 1s (default)
2022-03-03 15:04:40,080 [9456f629-97b8-4527-b4fd-0706f8d70381@group-FDB91A4CFAE0-LeaderElection15] INFO  server.RaftServerConfigKeys (ConfUtils.java:logGet(44)) - raft.server.watch.element-limit = 65536 (default)
2022-03-03 15:04:40,080 [9456f629-97b8-4527-b4fd-0706f8d70381@group-FDB91A4CFAE0-LeaderElection15] INFO  server.RaftServerConfigKeys (ConfUtils.java:logGet(44)) - raft.server.write.element-limit = 1024 (custom)
2022-03-03 15:04:40,080 [9456f629-97b8-4527-b4fd-0706f8d70381@group-FDB91A4CFAE0-LeaderElection15] INFO  server.RaftServerConfigKeys (ConfUtils.java:logGet(44)) - raft.server.write.follower.gap.ratio.max = -1.0 (default)
2022-03-03 15:04:40,081 [9456f629-97b8-4527-b4fd-0706f8d70381@group-FDB91A4CFAE0-LeaderElection15] INFO  impl.RoleInfo (RoleInfo.java:updateAndGet(130)) - 9456f629-97b8-4527-b4fd-0706f8d70381: start 9456f629-97b8-4527-b4fd-0706f8d70381@group-FDB91A4CFAE0-LeaderStateImpl
2022-03-03 15:04:40,081 [9456f629-97b8-4527-b4fd-0706f8d70381@group-FDB91A4CFAE0-LeaderElection15] INFO  segmented.SegmentedRaftLogWorker (SegmentedRaftLogWorker.java:startLogSegment(394)) - 9456f629-97b8-4527-b4fd-0706f8d70381@group-FDB91A4CFAE0-SegmentedRaftLogWorker: Starting segment from index:0
2022-03-03 15:04:40,083 [9456f629-97b8-4527-b4fd-0706f8d70381@group-FDB91A4CFAE0-SegmentedRaftLogWorker] INFO  segmented.SegmentedRaftLogWorker (SegmentedRaftLogWorker.java:execute(601)) - 9456f629-97b8-4527-b4fd-0706f8d70381@group-FDB91A4CFAE0-SegmentedRaftLogWorker: created new log segment /home/runner/work/ozone/ozone/hadoop-ozone/integration-test/target/test-dir/MiniOzoneClusterImpl-1780bea0-e071-4232-b145-eeecbe4e4805/datanode-0/data/ratis/1377c51b-9d53-4df9-a28b-fdb91a4cfae0/current/log_inprogress_0
2022-03-03 15:04:40,084 [EventQueue-OpenPipelineForHealthyPipelineSafeModeRule] INFO  safemode.SCMSafeModeManager (HealthyPipelineSafeModeRule.java:process(124)) - SCM in safe mode. Healthy pipelines reported count is 0, required healthy pipeline reported count is 1
2022-03-03 15:04:40,085 [9456f629-97b8-4527-b4fd-0706f8d70381@group-FDB91A4CFAE0-LeaderElection15] INFO  server.RaftServer$Division (ServerState.java:setRaftConf(387)) - 9456f629-97b8-4527-b4fd-0706f8d70381@group-FDB91A4CFAE0: set configuration 0: [9456f629-97b8-4527-b4fd-0706f8d70381|rpc:10.1.0.28:39067|dataStream:|priority:1], old=null
2022-03-03 15:04:40,128 [9456f629-97b8-4527-b4fd-0706f8d70381@group-32B1AEC08B9F-FollowerState] INFO  impl.FollowerState (FollowerState.java:run(134)) - 9456f629-97b8-4527-b4fd-0706f8d70381@group-32B1AEC08B9F-FollowerState: change to CANDIDATE, lastRpcElapsedTime:5096226380ns, electionTimeout:5084ms
2022-03-03 15:04:40,129 [9456f629-97b8-4527-b4fd-0706f8d70381@group-32B1AEC08B9F-FollowerState] INFO  impl.RoleInfo (RoleInfo.java:shutdownFollowerState(108)) - 9456f629-97b8-4527-b4fd-0706f8d70381: shutdown 9456f629-97b8-4527-b4fd-0706f8d70381@group-32B1AEC08B9F-FollowerState
2022-03-03 15:04:40,129 [9456f629-97b8-4527-b4fd-0706f8d70381@group-32B1AEC08B9F-FollowerState] INFO  server.RaftServer$Division (RaftServerImpl.java:setRole(290)) - 9456f629-97b8-4527-b4fd-0706f8d70381@group-32B1AEC08B9F: changes role from  FOLLOWER to CANDIDATE at term 0 for changeToCandidate
2022-03-03 15:04:40,129 [9456f629-97b8-4527-b4fd-0706f8d70381@group-32B1AEC08B9F-FollowerState] INFO  server.RaftServerConfigKeys (ConfUtils.java:logGet(44)) - raft.server.leaderelection.pre-vote = false (custom)
2022-03-03 15:04:40,129 [9456f629-97b8-4527-b4fd-0706f8d70381@group-32B1AEC08B9F-FollowerState] INFO  impl.RoleInfo (RoleInfo.java:updateAndGet(130)) - 9456f629-97b8-4527-b4fd-0706f8d70381: start 9456f629-97b8-4527-b4fd-0706f8d70381@group-32B1AEC08B9F-LeaderElection16
2022-03-03 15:04:40,151 [860b61a6-6888-4e38-8807-2fca971f454a@group-32B1AEC08B9F-FollowerState] INFO  impl.FollowerState (FollowerState.java:run(134)) - 860b61a6-6888-4e38-8807-2fca971f454a@group-32B1AEC08B9F-FollowerState: change to CANDIDATE, lastRpcElapsedTime:5047055490ns, electionTimeout:5022ms
2022-03-03 15:04:40,152 [860b61a6-6888-4e38-8807-2fca971f454a@group-32B1AEC08B9F-FollowerState] INFO  impl.RoleInfo (RoleInfo.java:shutdownFollowerState(108)) - 860b61a6-6888-4e38-8807-2fca971f454a: shutdown 860b61a6-6888-4e38-8807-2fca971f454a@group-32B1AEC08B9F-FollowerState
2022-03-03 15:04:40,152 [860b61a6-6888-4e38-8807-2fca971f454a@group-32B1AEC08B9F-FollowerState] INFO  server.RaftServer$Division (RaftServerImpl.java:setRole(290)) - 860b61a6-6888-4e38-8807-2fca971f454a@group-32B1AEC08B9F: changes role from  FOLLOWER to CANDIDATE at term 0 for changeToCandidate
2022-03-03 15:04:40,152 [860b61a6-6888-4e38-8807-2fca971f454a@group-32B1AEC08B9F-FollowerState] INFO  server.RaftServerConfigKeys (ConfUtils.java:logGet(44)) - raft.server.leaderelection.pre-vote = false (custom)
2022-03-03 15:04:40,152 [860b61a6-6888-4e38-8807-2fca971f454a@group-32B1AEC08B9F-FollowerState] INFO  impl.RoleInfo (RoleInfo.java:updateAndGet(130)) - 860b61a6-6888-4e38-8807-2fca971f454a: start 860b61a6-6888-4e38-8807-2fca971f454a@group-32B1AEC08B9F-LeaderElection17
2022-03-03 15:04:40,175 [9456f629-97b8-4527-b4fd-0706f8d70381@group-32B1AEC08B9F-LeaderElection16] INFO  impl.LeaderElection (LeaderElection.java:askForVotes(306)) - 9456f629-97b8-4527-b4fd-0706f8d70381@group-32B1AEC08B9F-LeaderElection16 ELECTION round 0: submit vote requests at term 1 for -1: [0b7c48c7-0b6d-482c-a819-333bb540c4fb|rpc:10.1.0.28:44851|priority:1, 860b61a6-6888-4e38-8807-2fca971f454a|rpc:10.1.0.28:40193|priority:0, 9456f629-97b8-4527-b4fd-0706f8d70381|rpc:10.1.0.28:39067|priority:0], old=null
2022-03-03 15:04:40,189 [860b61a6-6888-4e38-8807-2fca971f454a@group-32B1AEC08B9F-LeaderElection17] INFO  impl.LeaderElection (LeaderElection.java:askForVotes(306)) - 860b61a6-6888-4e38-8807-2fca971f454a@group-32B1AEC08B9F-LeaderElection17 ELECTION round 0: submit vote requests at term 1 for -1: [0b7c48c7-0b6d-482c-a819-333bb540c4fb|rpc:10.1.0.28:44851|dataStream:|priority:1, 860b61a6-6888-4e38-8807-2fca971f454a|rpc:10.1.0.28:40193|dataStream:|priority:0, 9456f629-97b8-4527-b4fd-0706f8d70381|rpc:10.1.0.28:39067|dataStream:|priority:0], old=null
2022-03-03 15:04:40,251 [grpc-default-executor-2] INFO  server.RaftServer$Division (RaftServerImpl.java:requestVote(1046)) - 9456f629-97b8-4527-b4fd-0706f8d70381@group-32B1AEC08B9F: receive requestVote(ELECTION, 860b61a6-6888-4e38-8807-2fca971f454a, group-32B1AEC08B9F, 1, (t:0, i:0))
2022-03-03 15:04:40,251 [grpc-default-executor-2] INFO  impl.VoteContext (VoteContext.java:log(48)) - 9456f629-97b8-4527-b4fd-0706f8d70381@group-32B1AEC08B9F-CANDIDATE: reject ELECTION from 860b61a6-6888-4e38-8807-2fca971f454a: already has voted for 9456f629-97b8-4527-b4fd-0706f8d70381 at current term 1
2022-03-03 15:04:40,251 [grpc-default-executor-2] INFO  server.RaftServer$Division (RaftServerImpl.java:requestVote(1078)) - 9456f629-97b8-4527-b4fd-0706f8d70381@group-32B1AEC08B9F replies to ELECTION vote request: 860b61a6-6888-4e38-8807-2fca971f454a<-9456f629-97b8-4527-b4fd-0706f8d70381#0:FAIL-t1. Peer's state: 9456f629-97b8-4527-b4fd-0706f8d70381@group-32B1AEC08B9F:t1, leader=null, voted=9456f629-97b8-4527-b4fd-0706f8d70381, raftlog=9456f629-97b8-4527-b4fd-0706f8d70381@group-32B1AEC08B9F-SegmentedRaftLog:OPENED:c-1, conf=-1: [0b7c48c7-0b6d-482c-a819-333bb540c4fb|rpc:10.1.0.28:44851|priority:1, 860b61a6-6888-4e38-8807-2fca971f454a|rpc:10.1.0.28:40193|priority:0, 9456f629-97b8-4527-b4fd-0706f8d70381|rpc:10.1.0.28:39067|priority:0], old=null
2022-03-03 15:04:40,267 [grpc-default-executor-2] INFO  server.RaftServer$Division (RaftServerImpl.java:requestVote(1046)) - 860b61a6-6888-4e38-8807-2fca971f454a@group-32B1AEC08B9F: receive requestVote(ELECTION, 9456f629-97b8-4527-b4fd-0706f8d70381, group-32B1AEC08B9F, 1, (t:0, i:0))
2022-03-03 15:04:40,267 [grpc-default-executor-2] INFO  impl.VoteContext (VoteContext.java:log(48)) - 860b61a6-6888-4e38-8807-2fca971f454a@group-32B1AEC08B9F-CANDIDATE: reject ELECTION from 9456f629-97b8-4527-b4fd-0706f8d70381: already has voted for 860b61a6-6888-4e38-8807-2fca971f454a at current term 1
2022-03-03 15:04:40,268 [grpc-default-executor-2] INFO  server.RaftServer$Division (RaftServerImpl.java:requestVote(1078)) - 860b61a6-6888-4e38-8807-2fca971f454a@group-32B1AEC08B9F replies to ELECTION vote request: 9456f629-97b8-4527-b4fd-0706f8d70381<-860b61a6-6888-4e38-8807-2fca971f454a#0:FAIL-t1. Peer's state: 860b61a6-6888-4e38-8807-2fca971f454a@group-32B1AEC08B9F:t1, leader=null, voted=860b61a6-6888-4e38-8807-2fca971f454a, raftlog=860b61a6-6888-4e38-8807-2fca971f454a@group-32B1AEC08B9F-SegmentedRaftLog:OPENED:c-1, conf=-1: [0b7c48c7-0b6d-482c-a819-333bb540c4fb|rpc:10.1.0.28:44851|dataStream:|priority:1, 860b61a6-6888-4e38-8807-2fca971f454a|rpc:10.1.0.28:40193|dataStream:|priority:0, 9456f629-97b8-4527-b4fd-0706f8d70381|rpc:10.1.0.28:39067|dataStream:|priority:0], old=null
2022-03-03 15:04:40,286 [grpc-default-executor-0] INFO  server.RaftServer$Division (RaftServerImpl.java:requestVote(1046)) - 0b7c48c7-0b6d-482c-a819-333bb540c4fb@group-32B1AEC08B9F: receive requestVote(ELECTION, 860b61a6-6888-4e38-8807-2fca971f454a, group-32B1AEC08B9F, 1, (t:0, i:0))
2022-03-03 15:04:40,291 [grpc-default-executor-2] INFO  server.RaftServer$Division (RaftServerImpl.java:requestVote(1046)) - 0b7c48c7-0b6d-482c-a819-333bb540c4fb@group-32B1AEC08B9F: receive requestVote(ELECTION, 9456f629-97b8-4527-b4fd-0706f8d70381, group-32B1AEC08B9F, 1, (t:0, i:0))
2022-03-03 15:04:40,292 [grpc-default-executor-2] INFO  impl.VoteContext (VoteContext.java:log(48)) - 0b7c48c7-0b6d-482c-a819-333bb540c4fb@group-32B1AEC08B9F-FOLLOWER: reject ELECTION from 9456f629-97b8-4527-b4fd-0706f8d70381: our priority 1 > candidate's priority 0
2022-03-03 15:04:40,292 [grpc-default-executor-2] INFO  server.RaftServer$Division (RaftServerImpl.java:setRole(290)) - 0b7c48c7-0b6d-482c-a819-333bb540c4fb@group-32B1AEC08B9F: changes role from  FOLLOWER to FOLLOWER at term 1 for candidate:9456f629-97b8-4527-b4fd-0706f8d70381
2022-03-03 15:04:40,292 [grpc-default-executor-2] INFO  impl.RoleInfo (RoleInfo.java:shutdownFollowerState(108)) - 0b7c48c7-0b6d-482c-a819-333bb540c4fb: shutdown 0b7c48c7-0b6d-482c-a819-333bb540c4fb@group-32B1AEC08B9F-FollowerState
2022-03-03 15:04:40,292 [grpc-default-executor-2] INFO  impl.RoleInfo (RoleInfo.java:updateAndGet(130)) - 0b7c48c7-0b6d-482c-a819-333bb540c4fb: start 0b7c48c7-0b6d-482c-a819-333bb540c4fb@group-32B1AEC08B9F-FollowerState
2022-03-03 15:04:40,292 [0b7c48c7-0b6d-482c-a819-333bb540c4fb@group-32B1AEC08B9F-FollowerState] INFO  impl.FollowerState (FollowerState.java:run(143)) - 0b7c48c7-0b6d-482c-a819-333bb540c4fb@group-32B1AEC08B9F-FollowerState was interrupted: {}
java.lang.InterruptedException: sleep interrupted
	at java.lang.Thread.sleep(Native Method)
	at java.lang.Thread.sleep(Thread.java:342)
	at java.util.concurrent.TimeUnit.sleep(TimeUnit.java:386)
	at org.apache.ratis.util.TimeDuration.sleep(TimeDuration.java:324)
	at org.apache.ratis.util.TimeDuration.sleep(TimeDuration.java:309)
	at org.apache.ratis.server.impl.FollowerState.run(FollowerState.java:118)
2022-03-03 15:04:40,301 [grpc-default-executor-2] INFO  server.RaftServer$Division (RaftServerImpl.java:requestVote(1078)) - 0b7c48c7-0b6d-482c-a819-333bb540c4fb@group-32B1AEC08B9F replies to ELECTION vote request: 9456f629-97b8-4527-b4fd-0706f8d70381<-0b7c48c7-0b6d-482c-a819-333bb540c4fb#0:FAIL-t1. Peer's state: 0b7c48c7-0b6d-482c-a819-333bb540c4fb@group-32B1AEC08B9F:t1, leader=null, voted=null, raftlog=0b7c48c7-0b6d-482c-a819-333bb540c4fb@group-32B1AEC08B9F-SegmentedRaftLog:OPENED:c-1, conf=-1: [0b7c48c7-0b6d-482c-a819-333bb540c4fb|rpc:10.1.0.28:44851|dataStream:|priority:1, 860b61a6-6888-4e38-8807-2fca971f454a|rpc:10.1.0.28:40193|dataStream:|priority:0, 9456f629-97b8-4527-b4fd-0706f8d70381|rpc:10.1.0.28:39067|dataStream:|priority:0], old=null
2022-03-03 15:04:40,301 [grpc-default-executor-0] INFO  impl.VoteContext (VoteContext.java:log(48)) - 0b7c48c7-0b6d-482c-a819-333bb540c4fb@group-32B1AEC08B9F-FOLLOWER: reject ELECTION from 860b61a6-6888-4e38-8807-2fca971f454a: our priority 1 > candidate's priority 0
2022-03-03 15:04:40,302 [grpc-default-executor-0] INFO  server.RaftServer$Division (RaftServerImpl.java:setRole(290)) - 0b7c48c7-0b6d-482c-a819-333bb540c4fb@group-32B1AEC08B9F: changes role from  FOLLOWER to FOLLOWER at term 1 for candidate:860b61a6-6888-4e38-8807-2fca971f454a
2022-03-03 15:04:40,302 [grpc-default-executor-0] INFO  impl.RoleInfo (RoleInfo.java:shutdownFollowerState(108)) - 0b7c48c7-0b6d-482c-a819-333bb540c4fb: shutdown 0b7c48c7-0b6d-482c-a819-333bb540c4fb@group-32B1AEC08B9F-FollowerState
2022-03-03 15:04:40,302 [grpc-default-executor-0] INFO  impl.RoleInfo (RoleInfo.java:updateAndGet(130)) - 0b7c48c7-0b6d-482c-a819-333bb540c4fb: start 0b7c48c7-0b6d-482c-a819-333bb540c4fb@group-32B1AEC08B9F-FollowerState
2022-03-03 15:04:40,304 [grpc-default-executor-0] INFO  server.RaftServer$Division (RaftServerImpl.java:requestVote(1078)) - 0b7c48c7-0b6d-482c-a819-333bb540c4fb@group-32B1AEC08B9F replies to ELECTION vote request: 860b61a6-6888-4e38-8807-2fca971f454a<-0b7c48c7-0b6d-482c-a819-333bb540c4fb#0:FAIL-t1. Peer's state: 0b7c48c7-0b6d-482c-a819-333bb540c4fb@group-32B1AEC08B9F:t1, leader=null, voted=null, raftlog=0b7c48c7-0b6d-482c-a819-333bb540c4fb@group-32B1AEC08B9F-SegmentedRaftLog:OPENED:c-1, conf=-1: [0b7c48c7-0b6d-482c-a819-333bb540c4fb|rpc:10.1.0.28:44851|dataStream:|priority:1, 860b61a6-6888-4e38-8807-2fca971f454a|rpc:10.1.0.28:40193|dataStream:|priority:0, 9456f629-97b8-4527-b4fd-0706f8d70381|rpc:10.1.0.28:39067|dataStream:|priority:0], old=null
2022-03-03 15:04:40,312 [9456f629-97b8-4527-b4fd-0706f8d70381@group-32B1AEC08B9F-LeaderElection16] INFO  impl.LeaderElection (LeaderElection.java:logAndReturn(89)) - 9456f629-97b8-4527-b4fd-0706f8d70381@group-32B1AEC08B9F-LeaderElection16: ELECTION REJECTED received 2 response(s) and 0 exception(s):
2022-03-03 15:04:40,314 [9456f629-97b8-4527-b4fd-0706f8d70381@group-32B1AEC08B9F-LeaderElection16] INFO  impl.LeaderElection (LeaderElection.java:logAndReturn(93)) -   Response 0: 9456f629-97b8-4527-b4fd-0706f8d70381<-0b7c48c7-0b6d-482c-a819-333bb540c4fb#0:FAIL-t1
2022-03-03 15:04:40,314 [9456f629-97b8-4527-b4fd-0706f8d70381@group-32B1AEC08B9F-LeaderElection16] INFO  impl.LeaderElection (LeaderElection.java:logAndReturn(93)) -   Response 1: 9456f629-97b8-4527-b4fd-0706f8d70381<-860b61a6-6888-4e38-8807-2fca971f454a#0:FAIL-t1
2022-03-03 15:04:40,314 [9456f629-97b8-4527-b4fd-0706f8d70381@group-32B1AEC08B9F-LeaderElection16] INFO  impl.LeaderElection (LeaderElection.java:askForVotes(308)) - 9456f629-97b8-4527-b4fd-0706f8d70381@group-32B1AEC08B9F-LeaderElection16 ELECTION round 0: result REJECTED
2022-03-03 15:04:40,314 [9456f629-97b8-4527-b4fd-0706f8d70381@group-32B1AEC08B9F-LeaderElection16] INFO  server.RaftServer$Division (RaftServerImpl.java:setRole(290)) - 9456f629-97b8-4527-b4fd-0706f8d70381@group-32B1AEC08B9F: changes role from CANDIDATE to FOLLOWER at term 1 for REJECTED
2022-03-03 15:04:40,314 [9456f629-97b8-4527-b4fd-0706f8d70381@group-32B1AEC08B9F-LeaderElection16] INFO  impl.RoleInfo (RoleInfo.java:shutdownLeaderElection(121)) - 9456f629-97b8-4527-b4fd-0706f8d70381: shutdown 9456f629-97b8-4527-b4fd-0706f8d70381@group-32B1AEC08B9F-LeaderElection16
2022-03-03 15:04:40,314 [9456f629-97b8-4527-b4fd-0706f8d70381@group-32B1AEC08B9F-LeaderElection16] INFO  impl.RoleInfo (RoleInfo.java:updateAndGet(130)) - 9456f629-97b8-4527-b4fd-0706f8d70381: start 9456f629-97b8-4527-b4fd-0706f8d70381@group-32B1AEC08B9F-FollowerState
2022-03-03 15:04:40,315 [860b61a6-6888-4e38-8807-2fca971f454a@group-32B1AEC08B9F-LeaderElection17] INFO  impl.LeaderElection (LeaderElection.java:logAndReturn(89)) - 860b61a6-6888-4e38-8807-2fca971f454a@group-32B1AEC08B9F-LeaderElection17: ELECTION REJECTED received 2 response(s) and 0 exception(s):
2022-03-03 15:04:40,316 [860b61a6-6888-4e38-8807-2fca971f454a@group-32B1AEC08B9F-LeaderElection17] INFO  impl.LeaderElection (LeaderElection.java:logAndReturn(93)) -   Response 0: 860b61a6-6888-4e38-8807-2fca971f454a<-0b7c48c7-0b6d-482c-a819-333bb540c4fb#0:FAIL-t1
2022-03-03 15:04:40,316 [860b61a6-6888-4e38-8807-2fca971f454a@group-32B1AEC08B9F-LeaderElection17] INFO  impl.LeaderElection (LeaderElection.java:logAndReturn(93)) -   Response 1: 860b61a6-6888-4e38-8807-2fca971f454a<-9456f629-97b8-4527-b4fd-0706f8d70381#0:FAIL-t1
2022-03-03 15:04:40,316 [860b61a6-6888-4e38-8807-2fca971f454a@group-32B1AEC08B9F-LeaderElection17] INFO  impl.LeaderElection (LeaderElection.java:askForVotes(308)) - 860b61a6-6888-4e38-8807-2fca971f454a@group-32B1AEC08B9F-LeaderElection17 ELECTION round 0: result REJECTED
2022-03-03 15:04:40,316 [860b61a6-6888-4e38-8807-2fca971f454a@group-32B1AEC08B9F-LeaderElection17] INFO  server.RaftServer$Division (RaftServerImpl.java:setRole(290)) - 860b61a6-6888-4e38-8807-2fca971f454a@group-32B1AEC08B9F: changes role from CANDIDATE to FOLLOWER at term 1 for REJECTED
2022-03-03 15:04:40,316 [860b61a6-6888-4e38-8807-2fca971f454a@group-32B1AEC08B9F-LeaderElection17] INFO  impl.RoleInfo (RoleInfo.java:shutdownLeaderElection(121)) - 860b61a6-6888-4e38-8807-2fca971f454a: shutdown 860b61a6-6888-4e38-8807-2fca971f454a@group-32B1AEC08B9F-LeaderElection17
2022-03-03 15:04:40,316 [860b61a6-6888-4e38-8807-2fca971f454a@group-32B1AEC08B9F-LeaderElection17] INFO  impl.RoleInfo (RoleInfo.java:updateAndGet(130)) - 860b61a6-6888-4e38-8807-2fca971f454a: start 860b61a6-6888-4e38-8807-2fca971f454a@group-32B1AEC08B9F-FollowerState
2022-03-03 15:04:40,533 [860b61a6-6888-4e38-8807-2fca971f454a@group-E70E23541A26-FollowerState] INFO  impl.FollowerState (FollowerState.java:run(134)) - 860b61a6-6888-4e38-8807-2fca971f454a@group-E70E23541A26-FollowerState: change to CANDIDATE, lastRpcElapsedTime:5064632427ns, electionTimeout:5052ms
2022-03-03 15:04:40,533 [860b61a6-6888-4e38-8807-2fca971f454a@group-E70E23541A26-FollowerState] INFO  impl.RoleInfo (RoleInfo.java:shutdownFollowerState(108)) - 860b61a6-6888-4e38-8807-2fca971f454a: shutdown 860b61a6-6888-4e38-8807-2fca971f454a@group-E70E23541A26-FollowerState
2022-03-03 15:04:40,533 [860b61a6-6888-4e38-8807-2fca971f454a@group-E70E23541A26-FollowerState] INFO  server.RaftServer$Division (RaftServerImpl.java:setRole(290)) - 860b61a6-6888-4e38-8807-2fca971f454a@group-E70E23541A26: changes role from  FOLLOWER to CANDIDATE at term 0 for changeToCandidate
2022-03-03 15:04:40,534 [860b61a6-6888-4e38-8807-2fca971f454a@group-E70E23541A26-FollowerState] INFO  server.RaftServerConfigKeys (ConfUtils.java:logGet(44)) - raft.server.leaderelection.pre-vote = false (custom)
2022-03-03 15:04:40,534 [860b61a6-6888-4e38-8807-2fca971f454a@group-E70E23541A26-FollowerState] INFO  impl.RoleInfo (RoleInfo.java:updateAndGet(130)) - 860b61a6-6888-4e38-8807-2fca971f454a: start 860b61a6-6888-4e38-8807-2fca971f454a@group-E70E23541A26-LeaderElection18
2022-03-03 15:04:40,547 [860b61a6-6888-4e38-8807-2fca971f454a@group-E70E23541A26-LeaderElection18] INFO  impl.LeaderElection (LeaderElection.java:askForVotes(306)) - 860b61a6-6888-4e38-8807-2fca971f454a@group-E70E23541A26-LeaderElection18 ELECTION round 0: submit vote requests at term 1 for -1: [860b61a6-6888-4e38-8807-2fca971f454a|rpc:10.1.0.28:40193|priority:1], old=null
2022-03-03 15:04:40,547 [860b61a6-6888-4e38-8807-2fca971f454a@group-E70E23541A26-LeaderElection18] INFO  impl.LeaderElection (LeaderElection.java:askForVotes(308)) - 860b61a6-6888-4e38-8807-2fca971f454a@group-E70E23541A26-LeaderElection18 ELECTION round 0: result PASSED (term=1)
2022-03-03 15:04:40,547 [860b61a6-6888-4e38-8807-2fca971f454a@group-E70E23541A26-LeaderElection18] INFO  impl.RoleInfo (RoleInfo.java:shutdownLeaderElection(121)) - 860b61a6-6888-4e38-8807-2fca971f454a: shutdown 860b61a6-6888-4e38-8807-2fca971f454a@group-E70E23541A26-LeaderElection18
2022-03-03 15:04:40,547 [860b61a6-6888-4e38-8807-2fca971f454a@group-E70E23541A26-LeaderElection18] INFO  server.RaftServer$Division (RaftServerImpl.java:setRole(290)) - 860b61a6-6888-4e38-8807-2fca971f454a@group-E70E23541A26: changes role from CANDIDATE to LEADER at term 1 for changeToLeader
2022-03-03 15:04:40,548 [860b61a6-6888-4e38-8807-2fca971f454a@group-E70E23541A26-LeaderElection18] INFO  ratis.XceiverServerRatis (XceiverServerRatis.java:handleLeaderChangedNotification(867)) - Leader change notification received for group: group-E70E23541A26 with new leaderId: 860b61a6-6888-4e38-8807-2fca971f454a
2022-03-03 15:04:40,548 [860b61a6-6888-4e38-8807-2fca971f454a@group-E70E23541A26-LeaderElection18] INFO  server.RaftServer$Division (ServerState.java:setLeader(285)) - 860b61a6-6888-4e38-8807-2fca971f454a@group-E70E23541A26: change Leader from null to 860b61a6-6888-4e38-8807-2fca971f454a at term 1 for becomeLeader, leader elected after 5092ms
2022-03-03 15:04:40,548 [860b61a6-6888-4e38-8807-2fca971f454a@group-E70E23541A26-LeaderElection18] INFO  server.RaftServerConfigKeys (ConfUtils.java:logGet(44)) - raft.server.staging.catchup.gap = 1000 (default)
2022-03-03 15:04:40,548 [860b61a6-6888-4e38-8807-2fca971f454a@group-E70E23541A26-LeaderElection18] INFO  server.RaftServerConfigKeys (ConfUtils.java:logGet(44)) - raft.server.write.element-limit = 1024 (custom)
2022-03-03 15:04:40,548 [860b61a6-6888-4e38-8807-2fca971f454a@group-E70E23541A26-LeaderElection18] INFO  server.RaftServerConfigKeys (ConfUtils.java:logGet(44)) - raft.server.write.byte-limit = 1024 M (=1073741824) (custom)
2022-03-03 15:04:40,548 [860b61a6-6888-4e38-8807-2fca971f454a@group-E70E23541A26-LeaderElection18] INFO  server.RaftServerConfigKeys (ConfUtils.java:logGet(44)) - raft.server.watch.timeout = 180s (custom)
2022-03-03 15:04:40,548 [860b61a6-6888-4e38-8807-2fca971f454a@group-E70E23541A26-LeaderElection18] INFO  server.RaftServerConfigKeys (ConfUtils.java:logGet(44)) - raft.server.watch.timeout.denomination = 1s (default)
2022-03-03 15:04:40,548 [860b61a6-6888-4e38-8807-2fca971f454a@group-E70E23541A26-LeaderElection18] INFO  server.RaftServerConfigKeys (ConfUtils.java:logGet(44)) - raft.server.watch.element-limit = 65536 (default)
2022-03-03 15:04:40,549 [860b61a6-6888-4e38-8807-2fca971f454a@group-E70E23541A26-LeaderElection18] INFO  server.RaftServerConfigKeys (ConfUtils.java:logGet(44)) - raft.server.write.element-limit = 1024 (custom)
2022-03-03 15:04:40,549 [860b61a6-6888-4e38-8807-2fca971f454a@group-E70E23541A26-LeaderElection18] INFO  server.RaftServerConfigKeys (ConfUtils.java:logGet(44)) - raft.server.write.follower.gap.ratio.max = -1.0 (default)
2022-03-03 15:04:40,549 [860b61a6-6888-4e38-8807-2fca971f454a@group-E70E23541A26-LeaderElection18] INFO  impl.RoleInfo (RoleInfo.java:updateAndGet(130)) - 860b61a6-6888-4e38-8807-2fca971f454a: start 860b61a6-6888-4e38-8807-2fca971f454a@group-E70E23541A26-LeaderStateImpl
2022-03-03 15:04:40,549 [860b61a6-6888-4e38-8807-2fca971f454a@group-E70E23541A26-LeaderElection18] INFO  segmented.SegmentedRaftLogWorker (SegmentedRaftLogWorker.java:startLogSegment(394)) - 860b61a6-6888-4e38-8807-2fca971f454a@group-E70E23541A26-SegmentedRaftLogWorker: Starting segment from index:0
2022-03-03 15:04:40,551 [860b61a6-6888-4e38-8807-2fca971f454a@group-E70E23541A26-SegmentedRaftLogWorker] INFO  segmented.SegmentedRaftLogWorker (SegmentedRaftLogWorker.java:execute(601)) - 860b61a6-6888-4e38-8807-2fca971f454a@group-E70E23541A26-SegmentedRaftLogWorker: created new log segment /home/runner/work/ozone/ozone/hadoop-ozone/integration-test/target/test-dir/MiniOzoneClusterImpl-1780bea0-e071-4232-b145-eeecbe4e4805/datanode-1/data/ratis/037598ef-8231-4f71-b58d-e70e23541a26/current/log_inprogress_0
2022-03-03 15:04:40,553 [EventQueue-OpenPipelineForHealthyPipelineSafeModeRule] INFO  safemode.SCMSafeModeManager (HealthyPipelineSafeModeRule.java:process(124)) - SCM in safe mode. Healthy pipelines reported count is 0, required healthy pipeline reported count is 1
2022-03-03 15:04:40,579 [860b61a6-6888-4e38-8807-2fca971f454a@group-E70E23541A26-LeaderElection18] INFO  server.RaftServer$Division (ServerState.java:setRaftConf(387)) - 860b61a6-6888-4e38-8807-2fca971f454a@group-E70E23541A26: set configuration 0: [860b61a6-6888-4e38-8807-2fca971f454a|rpc:10.1.0.28:40193|dataStream:|priority:1], old=null
2022-03-03 15:04:40,921 [Listener at 127.0.0.1/44823] INFO  ozone.MiniOzoneClusterImpl (MiniOzoneClusterImpl.java:lambda$waitForClusterToBeReady$0(219)) - Nodes are ready. Got 3 of 3 DN Heartbeats.
2022-03-03 15:04:40,922 [Listener at 127.0.0.1/44823] INFO  ozone.MiniOzoneClusterImpl (MiniOzoneClusterImpl.java:lambda$waitForClusterToBeReady$0(222)) - Waiting for cluster to exit safe mode
2022-03-03 15:04:40,922 [Listener at 127.0.0.1/44823] INFO  ozone.MiniOzoneClusterImpl (MiniOzoneClusterImpl.java:lambda$waitForClusterToBeReady$0(224)) - SCM became leader
2022-03-03 15:04:41,092 [0b7c48c7-0b6d-482c-a819-333bb540c4fb@group-D8DF7AB1D00D-FollowerState] INFO  impl.FollowerState (FollowerState.java:run(134)) - 0b7c48c7-0b6d-482c-a819-333bb540c4fb@group-D8DF7AB1D00D-FollowerState: change to CANDIDATE, lastRpcElapsedTime:5129990740ns, electionTimeout:5115ms
2022-03-03 15:04:41,092 [0b7c48c7-0b6d-482c-a819-333bb540c4fb@group-D8DF7AB1D00D-FollowerState] INFO  impl.RoleInfo (RoleInfo.java:shutdownFollowerState(108)) - 0b7c48c7-0b6d-482c-a819-333bb540c4fb: shutdown 0b7c48c7-0b6d-482c-a819-333bb540c4fb@group-D8DF7AB1D00D-FollowerState
2022-03-03 15:04:41,092 [0b7c48c7-0b6d-482c-a819-333bb540c4fb@group-D8DF7AB1D00D-FollowerState] INFO  server.RaftServer$Division (RaftServerImpl.java:setRole(290)) - 0b7c48c7-0b6d-482c-a819-333bb540c4fb@group-D8DF7AB1D00D: changes role from  FOLLOWER to CANDIDATE at term 0 for changeToCandidate
2022-03-03 15:04:41,093 [0b7c48c7-0b6d-482c-a819-333bb540c4fb@group-D8DF7AB1D00D-FollowerState] INFO  server.RaftServerConfigKeys (ConfUtils.java:logGet(44)) - raft.server.leaderelection.pre-vote = false (custom)
2022-03-03 15:04:41,093 [0b7c48c7-0b6d-482c-a819-333bb540c4fb@group-D8DF7AB1D00D-FollowerState] INFO  impl.RoleInfo (RoleInfo.java:updateAndGet(130)) - 0b7c48c7-0b6d-482c-a819-333bb540c4fb: start 0b7c48c7-0b6d-482c-a819-333bb540c4fb@group-D8DF7AB1D00D-LeaderElection19
2022-03-03 15:04:41,125 [0b7c48c7-0b6d-482c-a819-333bb540c4fb@group-D8DF7AB1D00D-LeaderElection19] INFO  impl.LeaderElection (LeaderElection.java:askForVotes(306)) - 0b7c48c7-0b6d-482c-a819-333bb540c4fb@group-D8DF7AB1D00D-LeaderElection19 ELECTION round 0: submit vote requests at term 1 for -1: [0b7c48c7-0b6d-482c-a819-333bb540c4fb|rpc:10.1.0.28:44851|priority:1], old=null
2022-03-03 15:04:41,125 [0b7c48c7-0b6d-482c-a819-333bb540c4fb@group-D8DF7AB1D00D-LeaderElection19] INFO  impl.LeaderElection (LeaderElection.java:askForVotes(308)) - 0b7c48c7-0b6d-482c-a819-333bb540c4fb@group-D8DF7AB1D00D-LeaderElection19 ELECTION round 0: result PASSED (term=1)
2022-03-03 15:04:41,125 [0b7c48c7-0b6d-482c-a819-333bb540c4fb@group-D8DF7AB1D00D-LeaderElection19] INFO  impl.RoleInfo (RoleInfo.java:shutdownLeaderElection(121)) - 0b7c48c7-0b6d-482c-a819-333bb540c4fb: shutdown 0b7c48c7-0b6d-482c-a819-333bb540c4fb@group-D8DF7AB1D00D-LeaderElection19
2022-03-03 15:04:41,125 [0b7c48c7-0b6d-482c-a819-333bb540c4fb@group-D8DF7AB1D00D-LeaderElection19] INFO  server.RaftServer$Division (RaftServerImpl.java:setRole(290)) - 0b7c48c7-0b6d-482c-a819-333bb540c4fb@group-D8DF7AB1D00D: changes role from CANDIDATE to LEADER at term 1 for changeToLeader
2022-03-03 15:04:41,125 [0b7c48c7-0b6d-482c-a819-333bb540c4fb@group-D8DF7AB1D00D-LeaderElection19] INFO  ratis.XceiverServerRatis (XceiverServerRatis.java:handleLeaderChangedNotification(867)) - Leader change notification received for group: group-D8DF7AB1D00D with new leaderId: 0b7c48c7-0b6d-482c-a819-333bb540c4fb
2022-03-03 15:04:41,126 [0b7c48c7-0b6d-482c-a819-333bb540c4fb@group-D8DF7AB1D00D-LeaderElection19] INFO  server.RaftServer$Division (ServerState.java:setLeader(285)) - 0b7c48c7-0b6d-482c-a819-333bb540c4fb@group-D8DF7AB1D00D: change Leader from null to 0b7c48c7-0b6d-482c-a819-333bb540c4fb at term 1 for becomeLeader, leader elected after 5190ms
2022-03-03 15:04:41,126 [0b7c48c7-0b6d-482c-a819-333bb540c4fb@group-D8DF7AB1D00D-LeaderElection19] INFO  server.RaftServerConfigKeys (ConfUtils.java:logGet(44)) - raft.server.staging.catchup.gap = 1000 (default)
2022-03-03 15:04:41,126 [0b7c48c7-0b6d-482c-a819-333bb540c4fb@group-D8DF7AB1D00D-LeaderElection19] INFO  server.RaftServerConfigKeys (ConfUtils.java:logGet(44)) - raft.server.write.element-limit = 1024 (custom)
2022-03-03 15:04:41,127 [0b7c48c7-0b6d-482c-a819-333bb540c4fb@group-D8DF7AB1D00D-LeaderElection19] INFO  server.RaftServerConfigKeys (ConfUtils.java:logGet(44)) - raft.server.write.byte-limit = 1024 M (=1073741824) (custom)
2022-03-03 15:04:41,127 [0b7c48c7-0b6d-482c-a819-333bb540c4fb@group-D8DF7AB1D00D-LeaderElection19] INFO  server.RaftServerConfigKeys (ConfUtils.java:logGet(44)) - raft.server.watch.timeout = 180s (custom)
2022-03-03 15:04:41,129 [EventQueue-OpenPipelineForHealthyPipelineSafeModeRule] INFO  safemode.SCMSafeModeManager (HealthyPipelineSafeModeRule.java:process(124)) - SCM in safe mode. Healthy pipelines reported count is 0, required healthy pipeline reported count is 1
2022-03-03 15:04:41,132 [0b7c48c7-0b6d-482c-a819-333bb540c4fb@group-D8DF7AB1D00D-LeaderElection19] INFO  server.RaftServerConfigKeys (ConfUtils.java:logGet(44)) - raft.server.watch.timeout.denomination = 1s (default)
2022-03-03 15:04:41,132 [0b7c48c7-0b6d-482c-a819-333bb540c4fb@group-D8DF7AB1D00D-LeaderElection19] INFO  server.RaftServerConfigKeys (ConfUtils.java:logGet(44)) - raft.server.watch.element-limit = 65536 (default)
2022-03-03 15:04:41,132 [0b7c48c7-0b6d-482c-a819-333bb540c4fb@group-D8DF7AB1D00D-LeaderElection19] INFO  server.RaftServerConfigKeys (ConfUtils.java:logGet(44)) - raft.server.write.element-limit = 1024 (custom)
2022-03-03 15:04:41,132 [0b7c48c7-0b6d-482c-a819-333bb540c4fb@group-D8DF7AB1D00D-LeaderElection19] INFO  server.RaftServerConfigKeys (ConfUtils.java:logGet(44)) - raft.server.write.follower.gap.ratio.max = -1.0 (default)
2022-03-03 15:04:41,133 [0b7c48c7-0b6d-482c-a819-333bb540c4fb@group-D8DF7AB1D00D-LeaderElection19] INFO  impl.RoleInfo (RoleInfo.java:updateAndGet(130)) - 0b7c48c7-0b6d-482c-a819-333bb540c4fb: start 0b7c48c7-0b6d-482c-a819-333bb540c4fb@group-D8DF7AB1D00D-LeaderStateImpl
2022-03-03 15:04:41,133 [0b7c48c7-0b6d-482c-a819-333bb540c4fb@group-D8DF7AB1D00D-LeaderElection19] INFO  segmented.SegmentedRaftLogWorker (SegmentedRaftLogWorker.java:startLogSegment(394)) - 0b7c48c7-0b6d-482c-a819-333bb540c4fb@group-D8DF7AB1D00D-SegmentedRaftLogWorker: Starting segment from index:0
2022-03-03 15:04:41,135 [0b7c48c7-0b6d-482c-a819-333bb540c4fb@group-D8DF7AB1D00D-SegmentedRaftLogWorker] INFO  segmented.SegmentedRaftLogWorker (SegmentedRaftLogWorker.java:execute(601)) - 0b7c48c7-0b6d-482c-a819-333bb540c4fb@group-D8DF7AB1D00D-SegmentedRaftLogWorker: created new log segment /home/runner/work/ozone/ozone/hadoop-ozone/integration-test/target/test-dir/MiniOzoneClusterImpl-1780bea0-e071-4232-b145-eeecbe4e4805/datanode-2/data/ratis/67d29bc8-47fe-423b-a682-d8df7ab1d00d/current/log_inprogress_0
2022-03-03 15:04:41,187 [0b7c48c7-0b6d-482c-a819-333bb540c4fb@group-D8DF7AB1D00D-LeaderElection19] INFO  server.RaftServer$Division (ServerState.java:setRaftConf(387)) - 0b7c48c7-0b6d-482c-a819-333bb540c4fb@group-D8DF7AB1D00D: set configuration 0: [0b7c48c7-0b6d-482c-a819-333bb540c4fb|rpc:10.1.0.28:44851|dataStream:|priority:1], old=null
2022-03-03 15:04:41,922 [Listener at 127.0.0.1/44823] INFO  ozone.MiniOzoneClusterImpl (MiniOzoneClusterImpl.java:lambda$waitForClusterToBeReady$0(219)) - Nodes are ready. Got 3 of 3 DN Heartbeats.
2022-03-03 15:04:41,922 [Listener at 127.0.0.1/44823] INFO  ozone.MiniOzoneClusterImpl (MiniOzoneClusterImpl.java:lambda$waitForClusterToBeReady$0(222)) - Waiting for cluster to exit safe mode
2022-03-03 15:04:41,922 [Listener at 127.0.0.1/44823] INFO  ozone.MiniOzoneClusterImpl (MiniOzoneClusterImpl.java:lambda$waitForClusterToBeReady$0(224)) - SCM became leader
2022-03-03 15:04:42,922 [Listener at 127.0.0.1/44823] INFO  ozone.MiniOzoneClusterImpl (MiniOzoneClusterImpl.java:lambda$waitForClusterToBeReady$0(219)) - Nodes are ready. Got 3 of 3 DN Heartbeats.
2022-03-03 15:04:42,922 [Listener at 127.0.0.1/44823] INFO  ozone.MiniOzoneClusterImpl (MiniOzoneClusterImpl.java:lambda$waitForClusterToBeReady$0(222)) - Waiting for cluster to exit safe mode
2022-03-03 15:04:42,922 [Listener at 127.0.0.1/44823] INFO  ozone.MiniOzoneClusterImpl (MiniOzoneClusterImpl.java:lambda$waitForClusterToBeReady$0(224)) - SCM became leader
2022-03-03 15:04:43,923 [Listener at 127.0.0.1/44823] INFO  ozone.MiniOzoneClusterImpl (MiniOzoneClusterImpl.java:lambda$waitForClusterToBeReady$0(219)) - Nodes are ready. Got 3 of 3 DN Heartbeats.
2022-03-03 15:04:43,923 [Listener at 127.0.0.1/44823] INFO  ozone.MiniOzoneClusterImpl (MiniOzoneClusterImpl.java:lambda$waitForClusterToBeReady$0(222)) - Waiting for cluster to exit safe mode
2022-03-03 15:04:43,923 [Listener at 127.0.0.1/44823] INFO  ozone.MiniOzoneClusterImpl (MiniOzoneClusterImpl.java:lambda$waitForClusterToBeReady$0(224)) - SCM became leader
2022-03-03 15:04:44,923 [Listener at 127.0.0.1/44823] INFO  ozone.MiniOzoneClusterImpl (MiniOzoneClusterImpl.java:lambda$waitForClusterToBeReady$0(219)) - Nodes are ready. Got 3 of 3 DN Heartbeats.
2022-03-03 15:04:44,923 [Listener at 127.0.0.1/44823] INFO  ozone.MiniOzoneClusterImpl (MiniOzoneClusterImpl.java:lambda$waitForClusterToBeReady$0(222)) - Waiting for cluster to exit safe mode
2022-03-03 15:04:44,923 [Listener at 127.0.0.1/44823] INFO  ozone.MiniOzoneClusterImpl (MiniOzoneClusterImpl.java:lambda$waitForClusterToBeReady$0(224)) - SCM became leader
2022-03-03 15:04:45,362 [860b61a6-6888-4e38-8807-2fca971f454a@group-32B1AEC08B9F-FollowerState] INFO  impl.FollowerState (FollowerState.java:run(134)) - 860b61a6-6888-4e38-8807-2fca971f454a@group-32B1AEC08B9F-FollowerState: change to CANDIDATE, lastRpcElapsedTime:5046021942ns, electionTimeout:5021ms
2022-03-03 15:04:45,362 [860b61a6-6888-4e38-8807-2fca971f454a@group-32B1AEC08B9F-FollowerState] INFO  impl.RoleInfo (RoleInfo.java:shutdownFollowerState(108)) - 860b61a6-6888-4e38-8807-2fca971f454a: shutdown 860b61a6-6888-4e38-8807-2fca971f454a@group-32B1AEC08B9F-FollowerState
2022-03-03 15:04:45,362 [860b61a6-6888-4e38-8807-2fca971f454a@group-32B1AEC08B9F-FollowerState] INFO  server.RaftServer$Division (RaftServerImpl.java:setRole(290)) - 860b61a6-6888-4e38-8807-2fca971f454a@group-32B1AEC08B9F: changes role from  FOLLOWER to CANDIDATE at term 1 for changeToCandidate
2022-03-03 15:04:45,362 [860b61a6-6888-4e38-8807-2fca971f454a@group-32B1AEC08B9F-FollowerState] INFO  server.RaftServerConfigKeys (ConfUtils.java:logGet(44)) - raft.server.leaderelection.pre-vote = false (custom)
2022-03-03 15:04:45,362 [860b61a6-6888-4e38-8807-2fca971f454a@group-32B1AEC08B9F-FollowerState] INFO  impl.RoleInfo (RoleInfo.java:updateAndGet(130)) - 860b61a6-6888-4e38-8807-2fca971f454a: start 860b61a6-6888-4e38-8807-2fca971f454a@group-32B1AEC08B9F-LeaderElection20
2022-03-03 15:04:45,365 [860b61a6-6888-4e38-8807-2fca971f454a@group-32B1AEC08B9F-LeaderElection20] INFO  impl.LeaderElection (LeaderElection.java:askForVotes(306)) - 860b61a6-6888-4e38-8807-2fca971f454a@group-32B1AEC08B9F-LeaderElection20 ELECTION round 0: submit vote requests at term 2 for -1: [0b7c48c7-0b6d-482c-a819-333bb540c4fb|rpc:10.1.0.28:44851|dataStream:|priority:1, 860b61a6-6888-4e38-8807-2fca971f454a|rpc:10.1.0.28:40193|dataStream:|priority:0, 9456f629-97b8-4527-b4fd-0706f8d70381|rpc:10.1.0.28:39067|dataStream:|priority:0], old=null
2022-03-03 15:04:45,372 [grpc-default-executor-0] INFO  server.RaftServer$Division (RaftServerImpl.java:requestVote(1046)) - 0b7c48c7-0b6d-482c-a819-333bb540c4fb@group-32B1AEC08B9F: receive requestVote(ELECTION, 860b61a6-6888-4e38-8807-2fca971f454a, group-32B1AEC08B9F, 2, (t:0, i:0))
2022-03-03 15:04:45,372 [grpc-default-executor-0] INFO  impl.VoteContext (VoteContext.java:log(48)) - 0b7c48c7-0b6d-482c-a819-333bb540c4fb@group-32B1AEC08B9F-FOLLOWER: reject ELECTION from 860b61a6-6888-4e38-8807-2fca971f454a: our priority 1 > candidate's priority 0
2022-03-03 15:04:45,372 [grpc-default-executor-0] INFO  server.RaftServer$Division (RaftServerImpl.java:setRole(290)) - 0b7c48c7-0b6d-482c-a819-333bb540c4fb@group-32B1AEC08B9F: changes role from  FOLLOWER to FOLLOWER at term 2 for candidate:860b61a6-6888-4e38-8807-2fca971f454a
2022-03-03 15:04:45,372 [grpc-default-executor-0] INFO  impl.RoleInfo (RoleInfo.java:shutdownFollowerState(108)) - 0b7c48c7-0b6d-482c-a819-333bb540c4fb: shutdown 0b7c48c7-0b6d-482c-a819-333bb540c4fb@group-32B1AEC08B9F-FollowerState
2022-03-03 15:04:45,372 [grpc-default-executor-0] INFO  impl.RoleInfo (RoleInfo.java:updateAndGet(130)) - 0b7c48c7-0b6d-482c-a819-333bb540c4fb: start 0b7c48c7-0b6d-482c-a819-333bb540c4fb@group-32B1AEC08B9F-FollowerState
2022-03-03 15:04:45,373 [0b7c48c7-0b6d-482c-a819-333bb540c4fb@group-32B1AEC08B9F-FollowerState] INFO  impl.FollowerState (FollowerState.java:run(143)) - 0b7c48c7-0b6d-482c-a819-333bb540c4fb@group-32B1AEC08B9F-FollowerState was interrupted: {}
java.lang.InterruptedException: sleep interrupted
	at java.lang.Thread.sleep(Native Method)
	at java.lang.Thread.sleep(Thread.java:342)
	at java.util.concurrent.TimeUnit.sleep(TimeUnit.java:386)
	at org.apache.ratis.util.TimeDuration.sleep(TimeDuration.java:324)
	at org.apache.ratis.util.TimeDuration.sleep(TimeDuration.java:309)
	at org.apache.ratis.server.impl.FollowerState.run(FollowerState.java:118)
2022-03-03 15:04:45,373 [grpc-default-executor-0] INFO  server.RaftServer$Division (RaftServerImpl.java:requestVote(1078)) - 0b7c48c7-0b6d-482c-a819-333bb540c4fb@group-32B1AEC08B9F replies to ELECTION vote request: 860b61a6-6888-4e38-8807-2fca971f454a<-0b7c48c7-0b6d-482c-a819-333bb540c4fb#0:FAIL-t2. Peer's state: 0b7c48c7-0b6d-482c-a819-333bb540c4fb@group-32B1AEC08B9F:t2, leader=null, voted=null, raftlog=0b7c48c7-0b6d-482c-a819-333bb540c4fb@group-32B1AEC08B9F-SegmentedRaftLog:OPENED:c-1, conf=-1: [0b7c48c7-0b6d-482c-a819-333bb540c4fb|rpc:10.1.0.28:44851|dataStream:|priority:1, 860b61a6-6888-4e38-8807-2fca971f454a|rpc:10.1.0.28:40193|dataStream:|priority:0, 9456f629-97b8-4527-b4fd-0706f8d70381|rpc:10.1.0.28:39067|dataStream:|priority:0], old=null
2022-03-03 15:04:45,377 [860b61a6-6888-4e38-8807-2fca971f454a@group-32B1AEC08B9F-LeaderElection20] INFO  impl.LeaderElection (LeaderElection.java:logAndReturn(89)) - 860b61a6-6888-4e38-8807-2fca971f454a@group-32B1AEC08B9F-LeaderElection20: ELECTION REJECTED received 1 response(s) and 0 exception(s):
2022-03-03 15:04:45,377 [860b61a6-6888-4e38-8807-2fca971f454a@group-32B1AEC08B9F-LeaderElection20] INFO  impl.LeaderElection (LeaderElection.java:logAndReturn(93)) -   Response 0: 860b61a6-6888-4e38-8807-2fca971f454a<-0b7c48c7-0b6d-482c-a819-333bb540c4fb#0:FAIL-t2
2022-03-03 15:04:45,377 [860b61a6-6888-4e38-8807-2fca971f454a@group-32B1AEC08B9F-LeaderElection20] INFO  impl.LeaderElection (LeaderElection.java:askForVotes(308)) - 860b61a6-6888-4e38-8807-2fca971f454a@group-32B1AEC08B9F-LeaderElection20 ELECTION round 0: result REJECTED
2022-03-03 15:04:45,377 [860b61a6-6888-4e38-8807-2fca971f454a@group-32B1AEC08B9F-LeaderElection20] INFO  server.RaftServer$Division (RaftServerImpl.java:setRole(290)) - 860b61a6-6888-4e38-8807-2fca971f454a@group-32B1AEC08B9F: changes role from CANDIDATE to FOLLOWER at term 2 for REJECTED
2022-03-03 15:04:45,377 [860b61a6-6888-4e38-8807-2fca971f454a@group-32B1AEC08B9F-LeaderElection20] INFO  impl.RoleInfo (RoleInfo.java:shutdownLeaderElection(121)) - 860b61a6-6888-4e38-8807-2fca971f454a: shutdown 860b61a6-6888-4e38-8807-2fca971f454a@group-32B1AEC08B9F-LeaderElection20
2022-03-03 15:04:45,377 [860b61a6-6888-4e38-8807-2fca971f454a@group-32B1AEC08B9F-LeaderElection20] INFO  impl.RoleInfo (RoleInfo.java:updateAndGet(130)) - 860b61a6-6888-4e38-8807-2fca971f454a: start 860b61a6-6888-4e38-8807-2fca971f454a@group-32B1AEC08B9F-FollowerState
2022-03-03 15:04:45,388 [grpc-default-executor-0] INFO  server.RaftServer$Division (RaftServerImpl.java:requestVote(1046)) - 9456f629-97b8-4527-b4fd-0706f8d70381@group-32B1AEC08B9F: receive requestVote(ELECTION, 860b61a6-6888-4e38-8807-2fca971f454a, group-32B1AEC08B9F, 2, (t:0, i:0))
2022-03-03 15:04:45,394 [grpc-default-executor-0] INFO  impl.VoteContext (VoteContext.java:log(48)) - 9456f629-97b8-4527-b4fd-0706f8d70381@group-32B1AEC08B9F-FOLLOWER: accept ELECTION from 860b61a6-6888-4e38-8807-2fca971f454a: our priority 0 <= candidate's priority 0
2022-03-03 15:04:45,394 [grpc-default-executor-0] INFO  server.RaftServer$Division (RaftServerImpl.java:setRole(290)) - 9456f629-97b8-4527-b4fd-0706f8d70381@group-32B1AEC08B9F: changes role from  FOLLOWER to FOLLOWER at term 2 for candidate:860b61a6-6888-4e38-8807-2fca971f454a
2022-03-03 15:04:45,394 [grpc-default-executor-0] INFO  impl.RoleInfo (RoleInfo.java:shutdownFollowerState(108)) - 9456f629-97b8-4527-b4fd-0706f8d70381: shutdown 9456f629-97b8-4527-b4fd-0706f8d70381@group-32B1AEC08B9F-FollowerState
2022-03-03 15:04:45,394 [grpc-default-executor-0] INFO  impl.RoleInfo (RoleInfo.java:updateAndGet(130)) - 9456f629-97b8-4527-b4fd-0706f8d70381: start 9456f629-97b8-4527-b4fd-0706f8d70381@group-32B1AEC08B9F-FollowerState
2022-03-03 15:04:45,396 [grpc-default-executor-0] INFO  server.RaftServer$Division (RaftServerImpl.java:requestVote(1078)) - 9456f629-97b8-4527-b4fd-0706f8d70381@group-32B1AEC08B9F replies to ELECTION vote request: 860b61a6-6888-4e38-8807-2fca971f454a<-9456f629-97b8-4527-b4fd-0706f8d70381#0:OK-t2. Peer's state: 9456f629-97b8-4527-b4fd-0706f8d70381@group-32B1AEC08B9F:t2, leader=null, voted=860b61a6-6888-4e38-8807-2fca971f454a, raftlog=9456f629-97b8-4527-b4fd-0706f8d70381@group-32B1AEC08B9F-SegmentedRaftLog:OPENED:c-1, conf=-1: [0b7c48c7-0b6d-482c-a819-333bb540c4fb|rpc:10.1.0.28:44851|priority:1, 860b61a6-6888-4e38-8807-2fca971f454a|rpc:10.1.0.28:40193|priority:0, 9456f629-97b8-4527-b4fd-0706f8d70381|rpc:10.1.0.28:39067|priority:0], old=null
2022-03-03 15:04:45,398 [9456f629-97b8-4527-b4fd-0706f8d70381@group-32B1AEC08B9F-FollowerState] INFO  impl.FollowerState (FollowerState.java:run(143)) - 9456f629-97b8-4527-b4fd-0706f8d70381@group-32B1AEC08B9F-FollowerState was interrupted: {}
java.lang.InterruptedException: sleep interrupted
	at java.lang.Thread.sleep(Native Method)
	at java.lang.Thread.sleep(Thread.java:342)
	at java.util.concurrent.TimeUnit.sleep(TimeUnit.java:386)
	at org.apache.ratis.util.TimeDuration.sleep(TimeDuration.java:324)
	at org.apache.ratis.util.TimeDuration.sleep(TimeDuration.java:309)
	at org.apache.ratis.server.impl.FollowerState.run(FollowerState.java:118)
2022-03-03 15:04:45,924 [Listener at 127.0.0.1/44823] INFO  ozone.MiniOzoneClusterImpl (MiniOzoneClusterImpl.java:lambda$waitForClusterToBeReady$0(219)) - Nodes are ready. Got 3 of 3 DN Heartbeats.
2022-03-03 15:04:45,925 [Listener at 127.0.0.1/44823] INFO  ozone.MiniOzoneClusterImpl (MiniOzoneClusterImpl.java:lambda$waitForClusterToBeReady$0(222)) - Waiting for cluster to exit safe mode
2022-03-03 15:04:45,925 [Listener at 127.0.0.1/44823] INFO  ozone.MiniOzoneClusterImpl (MiniOzoneClusterImpl.java:lambda$waitForClusterToBeReady$0(224)) - SCM became leader
2022-03-03 15:04:46,925 [Listener at 127.0.0.1/44823] INFO  ozone.MiniOzoneClusterImpl (MiniOzoneClusterImpl.java:lambda$waitForClusterToBeReady$0(219)) - Nodes are ready. Got 3 of 3 DN Heartbeats.
2022-03-03 15:04:46,926 [Listener at 127.0.0.1/44823] INFO  ozone.MiniOzoneClusterImpl (MiniOzoneClusterImpl.java:lambda$waitForClusterToBeReady$0(222)) - Waiting for cluster to exit safe mode
2022-03-03 15:04:46,926 [Listener at 127.0.0.1/44823] INFO  ozone.MiniOzoneClusterImpl (MiniOzoneClusterImpl.java:lambda$waitForClusterToBeReady$0(224)) - SCM became leader
2022-03-03 15:04:47,926 [Listener at 127.0.0.1/44823] INFO  ozone.MiniOzoneClusterImpl (MiniOzoneClusterImpl.java:lambda$waitForClusterToBeReady$0(219)) - Nodes are ready. Got 3 of 3 DN Heartbeats.
2022-03-03 15:04:47,926 [Listener at 127.0.0.1/44823] INFO  ozone.MiniOzoneClusterImpl (MiniOzoneClusterImpl.java:lambda$waitForClusterToBeReady$0(222)) - Waiting for cluster to exit safe mode
2022-03-03 15:04:47,926 [Listener at 127.0.0.1/44823] INFO  ozone.MiniOzoneClusterImpl (MiniOzoneClusterImpl.java:lambda$waitForClusterToBeReady$0(224)) - SCM became leader
2022-03-03 15:04:48,927 [Listener at 127.0.0.1/44823] INFO  ozone.MiniOzoneClusterImpl (MiniOzoneClusterImpl.java:lambda$waitForClusterToBeReady$0(219)) - Nodes are ready. Got 3 of 3 DN Heartbeats.
2022-03-03 15:04:48,927 [Listener at 127.0.0.1/44823] INFO  ozone.MiniOzoneClusterImpl (MiniOzoneClusterImpl.java:lambda$waitForClusterToBeReady$0(222)) - Waiting for cluster to exit safe mode
2022-03-03 15:04:48,927 [Listener at 127.0.0.1/44823] INFO  ozone.MiniOzoneClusterImpl (MiniOzoneClusterImpl.java:lambda$waitForClusterToBeReady$0(224)) - SCM became leader
2022-03-03 15:04:49,927 [Listener at 127.0.0.1/44823] INFO  ozone.MiniOzoneClusterImpl (MiniOzoneClusterImpl.java:lambda$waitForClusterToBeReady$0(219)) - Nodes are ready. Got 3 of 3 DN Heartbeats.
2022-03-03 15:04:49,927 [Listener at 127.0.0.1/44823] INFO  ozone.MiniOzoneClusterImpl (MiniOzoneClusterImpl.java:lambda$waitForClusterToBeReady$0(222)) - Waiting for cluster to exit safe mode
2022-03-03 15:04:49,927 [Listener at 127.0.0.1/44823] INFO  ozone.MiniOzoneClusterImpl (MiniOzoneClusterImpl.java:lambda$waitForClusterToBeReady$0(224)) - SCM became leader
2022-03-03 15:04:50,435 [0b7c48c7-0b6d-482c-a819-333bb540c4fb@group-32B1AEC08B9F-FollowerState] INFO  impl.FollowerState (FollowerState.java:run(134)) - 0b7c48c7-0b6d-482c-a819-333bb540c4fb@group-32B1AEC08B9F-FollowerState: change to CANDIDATE, lastRpcElapsedTime:5062681234ns, electionTimeout:5051ms
2022-03-03 15:04:50,435 [0b7c48c7-0b6d-482c-a819-333bb540c4fb@group-32B1AEC08B9F-FollowerState] INFO  impl.RoleInfo (RoleInfo.java:shutdownFollowerState(108)) - 0b7c48c7-0b6d-482c-a819-333bb540c4fb: shutdown 0b7c48c7-0b6d-482c-a819-333bb540c4fb@group-32B1AEC08B9F-FollowerState
2022-03-03 15:04:50,435 [0b7c48c7-0b6d-482c-a819-333bb540c4fb@group-32B1AEC08B9F-FollowerState] INFO  server.RaftServer$Division (RaftServerImpl.java:setRole(290)) - 0b7c48c7-0b6d-482c-a819-333bb540c4fb@group-32B1AEC08B9F: changes role from  FOLLOWER to CANDIDATE at term 2 for changeToCandidate
2022-03-03 15:04:50,436 [0b7c48c7-0b6d-482c-a819-333bb540c4fb@group-32B1AEC08B9F-FollowerState] INFO  server.RaftServerConfigKeys (ConfUtils.java:logGet(44)) - raft.server.leaderelection.pre-vote = false (custom)
2022-03-03 15:04:50,436 [0b7c48c7-0b6d-482c-a819-333bb540c4fb@group-32B1AEC08B9F-FollowerState] INFO  impl.RoleInfo (RoleInfo.java:updateAndGet(130)) - 0b7c48c7-0b6d-482c-a819-333bb540c4fb: start 0b7c48c7-0b6d-482c-a819-333bb540c4fb@group-32B1AEC08B9F-LeaderElection21
2022-03-03 15:04:50,463 [860b61a6-6888-4e38-8807-2fca971f454a@group-32B1AEC08B9F-FollowerState] INFO  impl.FollowerState (FollowerState.java:run(134)) - 860b61a6-6888-4e38-8807-2fca971f454a@group-32B1AEC08B9F-FollowerState: change to CANDIDATE, lastRpcElapsedTime:5086199519ns, electionTimeout:5079ms
2022-03-03 15:04:50,463 [860b61a6-6888-4e38-8807-2fca971f454a@group-32B1AEC08B9F-FollowerState] INFO  impl.RoleInfo (RoleInfo.java:shutdownFollowerState(108)) - 860b61a6-6888-4e38-8807-2fca971f454a: shutdown 860b61a6-6888-4e38-8807-2fca971f454a@group-32B1AEC08B9F-FollowerState
2022-03-03 15:04:50,463 [860b61a6-6888-4e38-8807-2fca971f454a@group-32B1AEC08B9F-FollowerState] INFO  server.RaftServer$Division (RaftServerImpl.java:setRole(290)) - 860b61a6-6888-4e38-8807-2fca971f454a@group-32B1AEC08B9F: changes role from  FOLLOWER to CANDIDATE at term 2 for changeToCandidate
2022-03-03 15:04:50,464 [860b61a6-6888-4e38-8807-2fca971f454a@group-32B1AEC08B9F-FollowerState] INFO  server.RaftServerConfigKeys (ConfUtils.java:logGet(44)) - raft.server.leaderelection.pre-vote = false (custom)
2022-03-03 15:04:50,464 [860b61a6-6888-4e38-8807-2fca971f454a@group-32B1AEC08B9F-FollowerState] INFO  impl.RoleInfo (RoleInfo.java:updateAndGet(130)) - 860b61a6-6888-4e38-8807-2fca971f454a: start 860b61a6-6888-4e38-8807-2fca971f454a@group-32B1AEC08B9F-LeaderElection22
2022-03-03 15:04:50,467 [0b7c48c7-0b6d-482c-a819-333bb540c4fb@group-32B1AEC08B9F-LeaderElection21] INFO  impl.LeaderElection (LeaderElection.java:askForVotes(306)) - 0b7c48c7-0b6d-482c-a819-333bb540c4fb@group-32B1AEC08B9F-LeaderElection21 ELECTION round 0: submit vote requests at term 3 for -1: [0b7c48c7-0b6d-482c-a819-333bb540c4fb|rpc:10.1.0.28:44851|dataStream:|priority:1, 860b61a6-6888-4e38-8807-2fca971f454a|rpc:10.1.0.28:40193|dataStream:|priority:0, 9456f629-97b8-4527-b4fd-0706f8d70381|rpc:10.1.0.28:39067|dataStream:|priority:0], old=null
2022-03-03 15:04:50,523 [860b61a6-6888-4e38-8807-2fca971f454a@group-32B1AEC08B9F-LeaderElection22] INFO  impl.LeaderElection (LeaderElection.java:askForVotes(306)) - 860b61a6-6888-4e38-8807-2fca971f454a@group-32B1AEC08B9F-LeaderElection22 ELECTION round 0: submit vote requests at term 3 for -1: [0b7c48c7-0b6d-482c-a819-333bb540c4fb|rpc:10.1.0.28:44851|dataStream:|priority:1, 860b61a6-6888-4e38-8807-2fca971f454a|rpc:10.1.0.28:40193|dataStream:|priority:0, 9456f629-97b8-4527-b4fd-0706f8d70381|rpc:10.1.0.28:39067|dataStream:|priority:0], old=null
2022-03-03 15:04:50,545 [grpc-default-executor-2] INFO  server.RaftServer$Division (RaftServerImpl.java:requestVote(1046)) - 860b61a6-6888-4e38-8807-2fca971f454a@group-32B1AEC08B9F: receive requestVote(ELECTION, 0b7c48c7-0b6d-482c-a819-333bb540c4fb, group-32B1AEC08B9F, 3, (t:0, i:0))
2022-03-03 15:04:50,546 [grpc-default-executor-2] INFO  impl.VoteContext (VoteContext.java:log(48)) - 860b61a6-6888-4e38-8807-2fca971f454a@group-32B1AEC08B9F-CANDIDATE: reject ELECTION from 0b7c48c7-0b6d-482c-a819-333bb540c4fb: already has voted for 860b61a6-6888-4e38-8807-2fca971f454a at current term 3
2022-03-03 15:04:50,546 [grpc-default-executor-2] INFO  server.RaftServer$Division (RaftServerImpl.java:requestVote(1078)) - 860b61a6-6888-4e38-8807-2fca971f454a@group-32B1AEC08B9F replies to ELECTION vote request: 0b7c48c7-0b6d-482c-a819-333bb540c4fb<-860b61a6-6888-4e38-8807-2fca971f454a#0:FAIL-t3. Peer's state: 860b61a6-6888-4e38-8807-2fca971f454a@group-32B1AEC08B9F:t3, leader=null, voted=860b61a6-6888-4e38-8807-2fca971f454a, raftlog=860b61a6-6888-4e38-8807-2fca971f454a@group-32B1AEC08B9F-SegmentedRaftLog:OPENED:c-1, conf=-1: [0b7c48c7-0b6d-482c-a819-333bb540c4fb|rpc:10.1.0.28:44851|dataStream:|priority:1, 860b61a6-6888-4e38-8807-2fca971f454a|rpc:10.1.0.28:40193|dataStream:|priority:0, 9456f629-97b8-4527-b4fd-0706f8d70381|rpc:10.1.0.28:39067|dataStream:|priority:0], old=null
2022-03-03 15:04:50,556 [grpc-default-executor-0] INFO  server.RaftServer$Division (RaftServerImpl.java:requestVote(1046)) - 0b7c48c7-0b6d-482c-a819-333bb540c4fb@group-32B1AEC08B9F: receive requestVote(ELECTION, 860b61a6-6888-4e38-8807-2fca971f454a, group-32B1AEC08B9F, 3, (t:0, i:0))
2022-03-03 15:04:50,561 [grpc-default-executor-0] INFO  impl.VoteContext (VoteContext.java:log(48)) - 0b7c48c7-0b6d-482c-a819-333bb540c4fb@group-32B1AEC08B9F-CANDIDATE: reject ELECTION from 860b61a6-6888-4e38-8807-2fca971f454a: already has voted for 0b7c48c7-0b6d-482c-a819-333bb540c4fb at current term 3
2022-03-03 15:04:50,562 [grpc-default-executor-0] INFO  server.RaftServer$Division (RaftServerImpl.java:requestVote(1078)) - 0b7c48c7-0b6d-482c-a819-333bb540c4fb@group-32B1AEC08B9F replies to ELECTION vote request: 860b61a6-6888-4e38-8807-2fca971f454a<-0b7c48c7-0b6d-482c-a819-333bb540c4fb#0:FAIL-t3. Peer's state: 0b7c48c7-0b6d-482c-a819-333bb540c4fb@group-32B1AEC08B9F:t3, leader=null, voted=0b7c48c7-0b6d-482c-a819-333bb540c4fb, raftlog=0b7c48c7-0b6d-482c-a819-333bb540c4fb@group-32B1AEC08B9F-SegmentedRaftLog:OPENED:c-1, conf=-1: [0b7c48c7-0b6d-482c-a819-333bb540c4fb|rpc:10.1.0.28:44851|dataStream:|priority:1, 860b61a6-6888-4e38-8807-2fca971f454a|rpc:10.1.0.28:40193|dataStream:|priority:0, 9456f629-97b8-4527-b4fd-0706f8d70381|rpc:10.1.0.28:39067|dataStream:|priority:0], old=null
2022-03-03 15:04:50,577 [860b61a6-6888-4e38-8807-2fca971f454a@group-32B1AEC08B9F-LeaderElection22] INFO  impl.LeaderElection (LeaderElection.java:logAndReturn(89)) - 860b61a6-6888-4e38-8807-2fca971f454a@group-32B1AEC08B9F-LeaderElection22: ELECTION REJECTED received 1 response(s) and 0 exception(s):
2022-03-03 15:04:50,588 [860b61a6-6888-4e38-8807-2fca971f454a@group-32B1AEC08B9F-LeaderElection22] INFO  impl.LeaderElection (LeaderElection.java:logAndReturn(93)) -   Response 0: 860b61a6-6888-4e38-8807-2fca971f454a<-0b7c48c7-0b6d-482c-a819-333bb540c4fb#0:FAIL-t3
2022-03-03 15:04:50,588 [860b61a6-6888-4e38-8807-2fca971f454a@group-32B1AEC08B9F-LeaderElection22] INFO  impl.LeaderElection (LeaderElection.java:askForVotes(308)) - 860b61a6-6888-4e38-8807-2fca971f454a@group-32B1AEC08B9F-LeaderElection22 ELECTION round 0: result REJECTED
2022-03-03 15:04:50,588 [860b61a6-6888-4e38-8807-2fca971f454a@group-32B1AEC08B9F-LeaderElection22] INFO  server.RaftServer$Division (RaftServerImpl.java:setRole(290)) - 860b61a6-6888-4e38-8807-2fca971f454a@group-32B1AEC08B9F: changes role from CANDIDATE to FOLLOWER at term 3 for REJECTED
2022-03-03 15:04:50,588 [860b61a6-6888-4e38-8807-2fca971f454a@group-32B1AEC08B9F-LeaderElection22] INFO  impl.RoleInfo (RoleInfo.java:shutdownLeaderElection(121)) - 860b61a6-6888-4e38-8807-2fca971f454a: shutdown 860b61a6-6888-4e38-8807-2fca971f454a@group-32B1AEC08B9F-LeaderElection22
2022-03-03 15:04:50,589 [860b61a6-6888-4e38-8807-2fca971f454a@group-32B1AEC08B9F-LeaderElection22] INFO  impl.RoleInfo (RoleInfo.java:updateAndGet(130)) - 860b61a6-6888-4e38-8807-2fca971f454a: start 860b61a6-6888-4e38-8807-2fca971f454a@group-32B1AEC08B9F-FollowerState
2022-03-03 15:04:50,600 [grpc-default-executor-2] INFO  server.RaftServer$Division (RaftServerImpl.java:requestVote(1046)) - 9456f629-97b8-4527-b4fd-0706f8d70381@group-32B1AEC08B9F: receive requestVote(ELECTION, 860b61a6-6888-4e38-8807-2fca971f454a, group-32B1AEC08B9F, 3, (t:0, i:0))
2022-03-03 15:04:50,601 [grpc-default-executor-2] INFO  impl.VoteContext (VoteContext.java:log(48)) - 9456f629-97b8-4527-b4fd-0706f8d70381@group-32B1AEC08B9F-FOLLOWER: accept ELECTION from 860b61a6-6888-4e38-8807-2fca971f454a: our priority 0 <= candidate's priority 0
2022-03-03 15:04:50,601 [grpc-default-executor-2] INFO  server.RaftServer$Division (RaftServerImpl.java:setRole(290)) - 9456f629-97b8-4527-b4fd-0706f8d70381@group-32B1AEC08B9F: changes role from  FOLLOWER to FOLLOWER at term 3 for candidate:860b61a6-6888-4e38-8807-2fca971f454a
2022-03-03 15:04:50,601 [grpc-default-executor-2] INFO  impl.RoleInfo (RoleInfo.java:shutdownFollowerState(108)) - 9456f629-97b8-4527-b4fd-0706f8d70381: shutdown 9456f629-97b8-4527-b4fd-0706f8d70381@group-32B1AEC08B9F-FollowerState
2022-03-03 15:04:50,601 [grpc-default-executor-2] INFO  impl.RoleInfo (RoleInfo.java:updateAndGet(130)) - 9456f629-97b8-4527-b4fd-0706f8d70381: start 9456f629-97b8-4527-b4fd-0706f8d70381@group-32B1AEC08B9F-FollowerState
2022-03-03 15:04:50,601 [9456f629-97b8-4527-b4fd-0706f8d70381@group-32B1AEC08B9F-FollowerState] INFO  impl.FollowerState (FollowerState.java:run(143)) - 9456f629-97b8-4527-b4fd-0706f8d70381@group-32B1AEC08B9F-FollowerState was interrupted: {}
java.lang.InterruptedException: sleep interrupted
	at java.lang.Thread.sleep(Native Method)
	at java.lang.Thread.sleep(Thread.java:342)
	at java.util.concurrent.TimeUnit.sleep(TimeUnit.java:386)
	at org.apache.ratis.util.TimeDuration.sleep(TimeDuration.java:324)
	at org.apache.ratis.util.TimeDuration.sleep(TimeDuration.java:309)
	at org.apache.ratis.server.impl.FollowerState.run(FollowerState.java:118)
2022-03-03 15:04:50,628 [grpc-default-executor-0] INFO  server.RaftServer$Division (RaftServerImpl.java:requestVote(1046)) - 9456f629-97b8-4527-b4fd-0706f8d70381@group-32B1AEC08B9F: receive requestVote(ELECTION, 0b7c48c7-0b6d-482c-a819-333bb540c4fb, group-32B1AEC08B9F, 3, (t:0, i:0))
2022-03-03 15:04:50,629 [grpc-default-executor-2] INFO  server.RaftServer$Division (RaftServerImpl.java:requestVote(1078)) - 9456f629-97b8-4527-b4fd-0706f8d70381@group-32B1AEC08B9F replies to ELECTION vote request: 860b61a6-6888-4e38-8807-2fca971f454a<-9456f629-97b8-4527-b4fd-0706f8d70381#0:OK-t3. Peer's state: 9456f629-97b8-4527-b4fd-0706f8d70381@group-32B1AEC08B9F:t3, leader=null, voted=860b61a6-6888-4e38-8807-2fca971f454a, raftlog=9456f629-97b8-4527-b4fd-0706f8d70381@group-32B1AEC08B9F-SegmentedRaftLog:OPENED:c-1, conf=-1: [0b7c48c7-0b6d-482c-a819-333bb540c4fb|rpc:10.1.0.28:44851|priority:1, 860b61a6-6888-4e38-8807-2fca971f454a|rpc:10.1.0.28:40193|priority:0, 9456f629-97b8-4527-b4fd-0706f8d70381|rpc:10.1.0.28:39067|priority:0], old=null
2022-03-03 15:04:50,631 [grpc-default-executor-0] INFO  impl.VoteContext (VoteContext.java:log(48)) - 9456f629-97b8-4527-b4fd-0706f8d70381@group-32B1AEC08B9F-FOLLOWER: reject ELECTION from 0b7c48c7-0b6d-482c-a819-333bb540c4fb: already has voted for 860b61a6-6888-4e38-8807-2fca971f454a at current term 3
2022-03-03 15:04:50,632 [grpc-default-executor-0] INFO  server.RaftServer$Division (RaftServerImpl.java:requestVote(1078)) - 9456f629-97b8-4527-b4fd-0706f8d70381@group-32B1AEC08B9F replies to ELECTION vote request: 0b7c48c7-0b6d-482c-a819-333bb540c4fb<-9456f629-97b8-4527-b4fd-0706f8d70381#0:FAIL-t3. Peer's state: 9456f629-97b8-4527-b4fd-0706f8d70381@group-32B1AEC08B9F:t3, leader=null, voted=860b61a6-6888-4e38-8807-2fca971f454a, raftlog=9456f629-97b8-4527-b4fd-0706f8d70381@group-32B1AEC08B9F-SegmentedRaftLog:OPENED:c-1, conf=-1: [0b7c48c7-0b6d-482c-a819-333bb540c4fb|rpc:10.1.0.28:44851|priority:1, 860b61a6-6888-4e38-8807-2fca971f454a|rpc:10.1.0.28:40193|priority:0, 9456f629-97b8-4527-b4fd-0706f8d70381|rpc:10.1.0.28:39067|priority:0], old=null
2022-03-03 15:04:50,633 [0b7c48c7-0b6d-482c-a819-333bb540c4fb@group-32B1AEC08B9F-LeaderElection21] INFO  impl.LeaderElection (LeaderElection.java:logAndReturn(89)) - 0b7c48c7-0b6d-482c-a819-333bb540c4fb@group-32B1AEC08B9F-LeaderElection21: ELECTION REJECTED received 2 response(s) and 0 exception(s):
2022-03-03 15:04:50,636 [0b7c48c7-0b6d-482c-a819-333bb540c4fb@group-32B1AEC08B9F-LeaderElection21] INFO  impl.LeaderElection (LeaderElection.java:logAndReturn(93)) -   Response 0: 0b7c48c7-0b6d-482c-a819-333bb540c4fb<-860b61a6-6888-4e38-8807-2fca971f454a#0:FAIL-t3
2022-03-03 15:04:50,636 [0b7c48c7-0b6d-482c-a819-333bb540c4fb@group-32B1AEC08B9F-LeaderElection21] INFO  impl.LeaderElection (LeaderElection.java:logAndReturn(93)) -   Response 1: 0b7c48c7-0b6d-482c-a819-333bb540c4fb<-9456f629-97b8-4527-b4fd-0706f8d70381#0:FAIL-t3
2022-03-03 15:04:50,636 [0b7c48c7-0b6d-482c-a819-333bb540c4fb@group-32B1AEC08B9F-LeaderElection21] INFO  impl.LeaderElection (LeaderElection.java:askForVotes(308)) - 0b7c48c7-0b6d-482c-a819-333bb540c4fb@group-32B1AEC08B9F-LeaderElection21 ELECTION round 0: result REJECTED
2022-03-03 15:04:50,636 [0b7c48c7-0b6d-482c-a819-333bb540c4fb@group-32B1AEC08B9F-LeaderElection21] INFO  server.RaftServer$Division (RaftServerImpl.java:setRole(290)) - 0b7c48c7-0b6d-482c-a819-333bb540c4fb@group-32B1AEC08B9F: changes role from CANDIDATE to FOLLOWER at term 3 for REJECTED
2022-03-03 15:04:50,636 [0b7c48c7-0b6d-482c-a819-333bb540c4fb@group-32B1AEC08B9F-LeaderElection21] INFO  impl.RoleInfo (RoleInfo.java:shutdownLeaderElection(121)) - 0b7c48c7-0b6d-482c-a819-333bb540c4fb: shutdown 0b7c48c7-0b6d-482c-a819-333bb540c4fb@group-32B1AEC08B9F-LeaderElection21
2022-03-03 15:04:50,637 [0b7c48c7-0b6d-482c-a819-333bb540c4fb@group-32B1AEC08B9F-LeaderElection21] INFO  impl.RoleInfo (RoleInfo.java:updateAndGet(130)) - 0b7c48c7-0b6d-482c-a819-333bb540c4fb: start 0b7c48c7-0b6d-482c-a819-333bb540c4fb@group-32B1AEC08B9F-FollowerState
2022-03-03 15:04:50,928 [Listener at 127.0.0.1/44823] INFO  ozone.MiniOzoneClusterImpl (MiniOzoneClusterImpl.java:lambda$waitForClusterToBeReady$0(219)) - Nodes are ready. Got 3 of 3 DN Heartbeats.
2022-03-03 15:04:50,929 [Listener at 127.0.0.1/44823] INFO  ozone.MiniOzoneClusterImpl (MiniOzoneClusterImpl.java:lambda$waitForClusterToBeReady$0(222)) - Waiting for cluster to exit safe mode
2022-03-03 15:04:50,929 [Listener at 127.0.0.1/44823] INFO  ozone.MiniOzoneClusterImpl (MiniOzoneClusterImpl.java:lambda$waitForClusterToBeReady$0(224)) - SCM became leader
2022-03-03 15:04:51,929 [Listener at 127.0.0.1/44823] INFO  ozone.MiniOzoneClusterImpl (MiniOzoneClusterImpl.java:lambda$waitForClusterToBeReady$0(219)) - Nodes are ready. Got 3 of 3 DN Heartbeats.
2022-03-03 15:04:51,929 [Listener at 127.0.0.1/44823] INFO  ozone.MiniOzoneClusterImpl (MiniOzoneClusterImpl.java:lambda$waitForClusterToBeReady$0(222)) - Waiting for cluster to exit safe mode
2022-03-03 15:04:51,929 [Listener at 127.0.0.1/44823] INFO  ozone.MiniOzoneClusterImpl (MiniOzoneClusterImpl.java:lambda$waitForClusterToBeReady$0(224)) - SCM became leader
2022-03-03 15:04:52,929 [Listener at 127.0.0.1/44823] INFO  ozone.MiniOzoneClusterImpl (MiniOzoneClusterImpl.java:lambda$waitForClusterToBeReady$0(219)) - Nodes are ready. Got 3 of 3 DN Heartbeats.
2022-03-03 15:04:52,929 [Listener at 127.0.0.1/44823] INFO  ozone.MiniOzoneClusterImpl (MiniOzoneClusterImpl.java:lambda$waitForClusterToBeReady$0(222)) - Waiting for cluster to exit safe mode
2022-03-03 15:04:52,930 [Listener at 127.0.0.1/44823] INFO  ozone.MiniOzoneClusterImpl (MiniOzoneClusterImpl.java:lambda$waitForClusterToBeReady$0(224)) - SCM became leader
2022-03-03 15:04:53,930 [Listener at 127.0.0.1/44823] INFO  ozone.MiniOzoneClusterImpl (MiniOzoneClusterImpl.java:lambda$waitForClusterToBeReady$0(219)) - Nodes are ready. Got 3 of 3 DN Heartbeats.
2022-03-03 15:04:53,930 [Listener at 127.0.0.1/44823] INFO  ozone.MiniOzoneClusterImpl (MiniOzoneClusterImpl.java:lambda$waitForClusterToBeReady$0(222)) - Waiting for cluster to exit safe mode
2022-03-03 15:04:53,930 [Listener at 127.0.0.1/44823] INFO  ozone.MiniOzoneClusterImpl (MiniOzoneClusterImpl.java:lambda$waitForClusterToBeReady$0(224)) - SCM became leader
2022-03-03 15:04:54,930 [Listener at 127.0.0.1/44823] INFO  ozone.MiniOzoneClusterImpl (MiniOzoneClusterImpl.java:lambda$waitForClusterToBeReady$0(219)) - Nodes are ready. Got 3 of 3 DN Heartbeats.
2022-03-03 15:04:54,930 [Listener at 127.0.0.1/44823] INFO  ozone.MiniOzoneClusterImpl (MiniOzoneClusterImpl.java:lambda$waitForClusterToBeReady$0(222)) - Waiting for cluster to exit safe mode
2022-03-03 15:04:54,930 [Listener at 127.0.0.1/44823] INFO  ozone.MiniOzoneClusterImpl (MiniOzoneClusterImpl.java:lambda$waitForClusterToBeReady$0(224)) - SCM became leader
2022-03-03 15:04:55,637 [9456f629-97b8-4527-b4fd-0706f8d70381@group-32B1AEC08B9F-FollowerState] INFO  impl.FollowerState (FollowerState.java:run(134)) - 9456f629-97b8-4527-b4fd-0706f8d70381@group-32B1AEC08B9F-FollowerState: change to CANDIDATE, lastRpcElapsedTime:5008951069ns, electionTimeout:5006ms
2022-03-03 15:04:55,638 [9456f629-97b8-4527-b4fd-0706f8d70381@group-32B1AEC08B9F-FollowerState] INFO  impl.RoleInfo (RoleInfo.java:shutdownFollowerState(108)) - 9456f629-97b8-4527-b4fd-0706f8d70381: shutdown 9456f629-97b8-4527-b4fd-0706f8d70381@group-32B1AEC08B9F-FollowerState
2022-03-03 15:04:55,638 [9456f629-97b8-4527-b4fd-0706f8d70381@group-32B1AEC08B9F-FollowerState] INFO  server.RaftServer$Division (RaftServerImpl.java:setRole(290)) - 9456f629-97b8-4527-b4fd-0706f8d70381@group-32B1AEC08B9F: changes role from  FOLLOWER to CANDIDATE at term 3 for changeToCandidate
2022-03-03 15:04:55,638 [9456f629-97b8-4527-b4fd-0706f8d70381@group-32B1AEC08B9F-FollowerState] INFO  server.RaftServerConfigKeys (ConfUtils.java:logGet(44)) - raft.server.leaderelection.pre-vote = false (custom)
2022-03-03 15:04:55,638 [9456f629-97b8-4527-b4fd-0706f8d70381@group-32B1AEC08B9F-FollowerState] INFO  impl.RoleInfo (RoleInfo.java:updateAndGet(130)) - 9456f629-97b8-4527-b4fd-0706f8d70381: start 9456f629-97b8-4527-b4fd-0706f8d70381@group-32B1AEC08B9F-LeaderElection23
2022-03-03 15:04:55,645 [0b7c48c7-0b6d-482c-a819-333bb540c4fb@group-32B1AEC08B9F-FollowerState] INFO  impl.FollowerState (FollowerState.java:run(134)) - 0b7c48c7-0b6d-482c-a819-333bb540c4fb@group-32B1AEC08B9F-FollowerState: change to CANDIDATE, lastRpcElapsedTime:5008565366ns, electionTimeout:5008ms
2022-03-03 15:04:55,645 [0b7c48c7-0b6d-482c-a819-333bb540c4fb@group-32B1AEC08B9F-FollowerState] INFO  impl.RoleInfo (RoleInfo.java:shutdownFollowerState(108)) - 0b7c48c7-0b6d-482c-a819-333bb540c4fb: shutdown 0b7c48c7-0b6d-482c-a819-333bb540c4fb@group-32B1AEC08B9F-FollowerState
2022-03-03 15:04:55,645 [0b7c48c7-0b6d-482c-a819-333bb540c4fb@group-32B1AEC08B9F-FollowerState] INFO  server.RaftServer$Division (RaftServerImpl.java:setRole(290)) - 0b7c48c7-0b6d-482c-a819-333bb540c4fb@group-32B1AEC08B9F: changes role from  FOLLOWER to CANDIDATE at term 3 for changeToCandidate
2022-03-03 15:04:55,645 [0b7c48c7-0b6d-482c-a819-333bb540c4fb@group-32B1AEC08B9F-FollowerState] INFO  server.RaftServerConfigKeys (ConfUtils.java:logGet(44)) - raft.server.leaderelection.pre-vote = false (custom)
2022-03-03 15:04:55,659 [0b7c48c7-0b6d-482c-a819-333bb540c4fb@group-32B1AEC08B9F-FollowerState] INFO  impl.RoleInfo (RoleInfo.java:updateAndGet(130)) - 0b7c48c7-0b6d-482c-a819-333bb540c4fb: start 0b7c48c7-0b6d-482c-a819-333bb540c4fb@group-32B1AEC08B9F-LeaderElection24
2022-03-03 15:04:55,661 [9456f629-97b8-4527-b4fd-0706f8d70381@group-32B1AEC08B9F-LeaderElection23] INFO  impl.LeaderElection (LeaderElection.java:askForVotes(306)) - 9456f629-97b8-4527-b4fd-0706f8d70381@group-32B1AEC08B9F-LeaderElection23 ELECTION round 0: submit vote requests at term 4 for -1: [0b7c48c7-0b6d-482c-a819-333bb540c4fb|rpc:10.1.0.28:44851|priority:1, 860b61a6-6888-4e38-8807-2fca971f454a|rpc:10.1.0.28:40193|priority:0, 9456f629-97b8-4527-b4fd-0706f8d70381|rpc:10.1.0.28:39067|priority:0], old=null
2022-03-03 15:04:55,675 [0b7c48c7-0b6d-482c-a819-333bb540c4fb@group-32B1AEC08B9F-LeaderElection24] INFO  impl.LeaderElection (LeaderElection.java:askForVotes(306)) - 0b7c48c7-0b6d-482c-a819-333bb540c4fb@group-32B1AEC08B9F-LeaderElection24 ELECTION round 0: submit vote requests at term 4 for -1: [0b7c48c7-0b6d-482c-a819-333bb540c4fb|rpc:10.1.0.28:44851|dataStream:|priority:1, 860b61a6-6888-4e38-8807-2fca971f454a|rpc:10.1.0.28:40193|dataStream:|priority:0, 9456f629-97b8-4527-b4fd-0706f8d70381|rpc:10.1.0.28:39067|dataStream:|priority:0], old=null
2022-03-03 15:04:55,695 [grpc-default-executor-2] INFO  server.RaftServer$Division (RaftServerImpl.java:requestVote(1046)) - 860b61a6-6888-4e38-8807-2fca971f454a@group-32B1AEC08B9F: receive requestVote(ELECTION, 9456f629-97b8-4527-b4fd-0706f8d70381, group-32B1AEC08B9F, 4, (t:0, i:0))
2022-03-03 15:04:55,695 [grpc-default-executor-2] INFO  impl.VoteContext (VoteContext.java:log(48)) - 860b61a6-6888-4e38-8807-2fca971f454a@group-32B1AEC08B9F-FOLLOWER: accept ELECTION from 9456f629-97b8-4527-b4fd-0706f8d70381: our priority 0 <= candidate's priority 0
2022-03-03 15:04:55,695 [grpc-default-executor-2] INFO  server.RaftServer$Division (RaftServerImpl.java:setRole(290)) - 860b61a6-6888-4e38-8807-2fca971f454a@group-32B1AEC08B9F: changes role from  FOLLOWER to FOLLOWER at term 4 for candidate:9456f629-97b8-4527-b4fd-0706f8d70381
2022-03-03 15:04:55,695 [grpc-default-executor-2] INFO  impl.RoleInfo (RoleInfo.java:shutdownFollowerState(108)) - 860b61a6-6888-4e38-8807-2fca971f454a: shutdown 860b61a6-6888-4e38-8807-2fca971f454a@group-32B1AEC08B9F-FollowerState
2022-03-03 15:04:55,696 [grpc-default-executor-2] INFO  impl.RoleInfo (RoleInfo.java:updateAndGet(130)) - 860b61a6-6888-4e38-8807-2fca971f454a: start 860b61a6-6888-4e38-8807-2fca971f454a@group-32B1AEC08B9F-FollowerState
2022-03-03 15:04:55,696 [860b61a6-6888-4e38-8807-2fca971f454a@group-32B1AEC08B9F-FollowerState] INFO  impl.FollowerState (FollowerState.java:run(143)) - 860b61a6-6888-4e38-8807-2fca971f454a@group-32B1AEC08B9F-FollowerState was interrupted: {}
java.lang.InterruptedException: sleep interrupted
	at java.lang.Thread.sleep(Native Method)
	at java.lang.Thread.sleep(Thread.java:342)
	at java.util.concurrent.TimeUnit.sleep(TimeUnit.java:386)
	at org.apache.ratis.util.TimeDuration.sleep(TimeDuration.java:324)
	at org.apache.ratis.util.TimeDuration.sleep(TimeDuration.java:309)
	at org.apache.ratis.server.impl.FollowerState.run(FollowerState.java:118)
2022-03-03 15:04:55,704 [grpc-default-executor-2] INFO  server.RaftServer$Division (RaftServerImpl.java:requestVote(1078)) - 860b61a6-6888-4e38-8807-2fca971f454a@group-32B1AEC08B9F replies to ELECTION vote request: 9456f629-97b8-4527-b4fd-0706f8d70381<-860b61a6-6888-4e38-8807-2fca971f454a#0:OK-t4. Peer's state: 860b61a6-6888-4e38-8807-2fca971f454a@group-32B1AEC08B9F:t4, leader=null, voted=9456f629-97b8-4527-b4fd-0706f8d70381, raftlog=860b61a6-6888-4e38-8807-2fca971f454a@group-32B1AEC08B9F-SegmentedRaftLog:OPENED:c-1, conf=-1: [0b7c48c7-0b6d-482c-a819-333bb540c4fb|rpc:10.1.0.28:44851|dataStream:|priority:1, 860b61a6-6888-4e38-8807-2fca971f454a|rpc:10.1.0.28:40193|dataStream:|priority:0, 9456f629-97b8-4527-b4fd-0706f8d70381|rpc:10.1.0.28:39067|dataStream:|priority:0], old=null
2022-03-03 15:04:55,718 [grpc-default-executor-0] INFO  server.RaftServer$Division (RaftServerImpl.java:requestVote(1046)) - 0b7c48c7-0b6d-482c-a819-333bb540c4fb@group-32B1AEC08B9F: receive requestVote(ELECTION, 9456f629-97b8-4527-b4fd-0706f8d70381, group-32B1AEC08B9F, 4, (t:0, i:0))
2022-03-03 15:04:55,718 [grpc-default-executor-0] INFO  impl.VoteContext (VoteContext.java:log(48)) - 0b7c48c7-0b6d-482c-a819-333bb540c4fb@group-32B1AEC08B9F-CANDIDATE: reject ELECTION from 9456f629-97b8-4527-b4fd-0706f8d70381: already has voted for 0b7c48c7-0b6d-482c-a819-333bb540c4fb at current term 4
2022-03-03 15:04:55,718 [grpc-default-executor-0] INFO  server.RaftServer$Division (RaftServerImpl.java:requestVote(1078)) - 0b7c48c7-0b6d-482c-a819-333bb540c4fb@group-32B1AEC08B9F replies to ELECTION vote request: 9456f629-97b8-4527-b4fd-0706f8d70381<-0b7c48c7-0b6d-482c-a819-333bb540c4fb#0:FAIL-t4. Peer's state: 0b7c48c7-0b6d-482c-a819-333bb540c4fb@group-32B1AEC08B9F:t4, leader=null, voted=0b7c48c7-0b6d-482c-a819-333bb540c4fb, raftlog=0b7c48c7-0b6d-482c-a819-333bb540c4fb@group-32B1AEC08B9F-SegmentedRaftLog:OPENED:c-1, conf=-1: [0b7c48c7-0b6d-482c-a819-333bb540c4fb|rpc:10.1.0.28:44851|dataStream:|priority:1, 860b61a6-6888-4e38-8807-2fca971f454a|rpc:10.1.0.28:40193|dataStream:|priority:0, 9456f629-97b8-4527-b4fd-0706f8d70381|rpc:10.1.0.28:39067|dataStream:|priority:0], old=null
2022-03-03 15:04:55,728 [grpc-default-executor-2] INFO  server.RaftServer$Division (RaftServerImpl.java:requestVote(1046)) - 860b61a6-6888-4e38-8807-2fca971f454a@group-32B1AEC08B9F: receive requestVote(ELECTION, 0b7c48c7-0b6d-482c-a819-333bb540c4fb, group-32B1AEC08B9F, 4, (t:0, i:0))
2022-03-03 15:04:55,729 [grpc-default-executor-2] INFO  impl.VoteContext (VoteContext.java:log(48)) - 860b61a6-6888-4e38-8807-2fca971f454a@group-32B1AEC08B9F-FOLLOWER: reject ELECTION from 0b7c48c7-0b6d-482c-a819-333bb540c4fb: already has voted for 9456f629-97b8-4527-b4fd-0706f8d70381 at current term 4
2022-03-03 15:04:55,729 [grpc-default-executor-2] INFO  server.RaftServer$Division (RaftServerImpl.java:requestVote(1078)) - 860b61a6-6888-4e38-8807-2fca971f454a@group-32B1AEC08B9F replies to ELECTION vote request: 0b7c48c7-0b6d-482c-a819-333bb540c4fb<-860b61a6-6888-4e38-8807-2fca971f454a#0:FAIL-t4. Peer's state: 860b61a6-6888-4e38-8807-2fca971f454a@group-32B1AEC08B9F:t4, leader=null, voted=9456f629-97b8-4527-b4fd-0706f8d70381, raftlog=860b61a6-6888-4e38-8807-2fca971f454a@group-32B1AEC08B9F-SegmentedRaftLog:OPENED:c-1, conf=-1: [0b7c48c7-0b6d-482c-a819-333bb540c4fb|rpc:10.1.0.28:44851|dataStream:|priority:1, 860b61a6-6888-4e38-8807-2fca971f454a|rpc:10.1.0.28:40193|dataStream:|priority:0, 9456f629-97b8-4527-b4fd-0706f8d70381|rpc:10.1.0.28:39067|dataStream:|priority:0], old=null
2022-03-03 15:04:55,735 [9456f629-97b8-4527-b4fd-0706f8d70381@group-32B1AEC08B9F-LeaderElection23] INFO  impl.LeaderElection (LeaderElection.java:logAndReturn(89)) - 9456f629-97b8-4527-b4fd-0706f8d70381@group-32B1AEC08B9F-LeaderElection23: ELECTION REJECTED received 1 response(s) and 0 exception(s):
2022-03-03 15:04:55,739 [9456f629-97b8-4527-b4fd-0706f8d70381@group-32B1AEC08B9F-LeaderElection23] INFO  impl.LeaderElection (LeaderElection.java:logAndReturn(93)) -   Response 0: 9456f629-97b8-4527-b4fd-0706f8d70381<-0b7c48c7-0b6d-482c-a819-333bb540c4fb#0:FAIL-t4
2022-03-03 15:04:55,739 [9456f629-97b8-4527-b4fd-0706f8d70381@group-32B1AEC08B9F-LeaderElection23] INFO  impl.LeaderElection (LeaderElection.java:askForVotes(308)) - 9456f629-97b8-4527-b4fd-0706f8d70381@group-32B1AEC08B9F-LeaderElection23 ELECTION round 0: result REJECTED
2022-03-03 15:04:55,739 [9456f629-97b8-4527-b4fd-0706f8d70381@group-32B1AEC08B9F-LeaderElection23] INFO  server.RaftServer$Division (RaftServerImpl.java:setRole(290)) - 9456f629-97b8-4527-b4fd-0706f8d70381@group-32B1AEC08B9F: changes role from CANDIDATE to FOLLOWER at term 4 for REJECTED
2022-03-03 15:04:55,739 [9456f629-97b8-4527-b4fd-0706f8d70381@group-32B1AEC08B9F-LeaderElection23] INFO  impl.RoleInfo (RoleInfo.java:shutdownLeaderElection(121)) - 9456f629-97b8-4527-b4fd-0706f8d70381: shutdown 9456f629-97b8-4527-b4fd-0706f8d70381@group-32B1AEC08B9F-LeaderElection23
2022-03-03 15:04:55,741 [grpc-default-executor-0] INFO  server.RaftServer$Division (RaftServerImpl.java:requestVote(1046)) - 9456f629-97b8-4527-b4fd-0706f8d70381@group-32B1AEC08B9F: receive requestVote(ELECTION, 0b7c48c7-0b6d-482c-a819-333bb540c4fb, group-32B1AEC08B9F, 4, (t:0, i:0))
2022-03-03 15:04:55,741 [9456f629-97b8-4527-b4fd-0706f8d70381@group-32B1AEC08B9F-LeaderElection23] INFO  impl.RoleInfo (RoleInfo.java:updateAndGet(130)) - 9456f629-97b8-4527-b4fd-0706f8d70381: start 9456f629-97b8-4527-b4fd-0706f8d70381@group-32B1AEC08B9F-FollowerState
2022-03-03 15:04:55,743 [grpc-default-executor-0] INFO  impl.VoteContext (VoteContext.java:log(48)) - 9456f629-97b8-4527-b4fd-0706f8d70381@group-32B1AEC08B9F-FOLLOWER: reject ELECTION from 0b7c48c7-0b6d-482c-a819-333bb540c4fb: already has voted for 9456f629-97b8-4527-b4fd-0706f8d70381 at current term 4
2022-03-03 15:04:55,743 [grpc-default-executor-0] INFO  server.RaftServer$Division (RaftServerImpl.java:requestVote(1078)) - 9456f629-97b8-4527-b4fd-0706f8d70381@group-32B1AEC08B9F replies to ELECTION vote request: 0b7c48c7-0b6d-482c-a819-333bb540c4fb<-9456f629-97b8-4527-b4fd-0706f8d70381#0:FAIL-t4. Peer's state: 9456f629-97b8-4527-b4fd-0706f8d70381@group-32B1AEC08B9F:t4, leader=null, voted=9456f629-97b8-4527-b4fd-0706f8d70381, raftlog=9456f629-97b8-4527-b4fd-0706f8d70381@group-32B1AEC08B9F-SegmentedRaftLog:OPENED:c-1, conf=-1: [0b7c48c7-0b6d-482c-a819-333bb540c4fb|rpc:10.1.0.28:44851|priority:1, 860b61a6-6888-4e38-8807-2fca971f454a|rpc:10.1.0.28:40193|priority:0, 9456f629-97b8-4527-b4fd-0706f8d70381|rpc:10.1.0.28:39067|priority:0], old=null
2022-03-03 15:04:55,752 [0b7c48c7-0b6d-482c-a819-333bb540c4fb@group-32B1AEC08B9F-LeaderElection24] INFO  impl.LeaderElection (LeaderElection.java:logAndReturn(89)) - 0b7c48c7-0b6d-482c-a819-333bb540c4fb@group-32B1AEC08B9F-LeaderElection24: ELECTION REJECTED received 2 response(s) and 0 exception(s):
2022-03-03 15:04:55,752 [0b7c48c7-0b6d-482c-a819-333bb540c4fb@group-32B1AEC08B9F-LeaderElection24] INFO  impl.LeaderElection (LeaderElection.java:logAndReturn(93)) -   Response 0: 0b7c48c7-0b6d-482c-a819-333bb540c4fb<-860b61a6-6888-4e38-8807-2fca971f454a#0:FAIL-t4
2022-03-03 15:04:55,752 [0b7c48c7-0b6d-482c-a819-333bb540c4fb@group-32B1AEC08B9F-LeaderElection24] INFO  impl.LeaderElection (LeaderElection.java:logAndReturn(93)) -   Response 1: 0b7c48c7-0b6d-482c-a819-333bb540c4fb<-9456f629-97b8-4527-b4fd-0706f8d70381#0:FAIL-t4
2022-03-03 15:04:55,752 [0b7c48c7-0b6d-482c-a819-333bb540c4fb@group-32B1AEC08B9F-LeaderElection24] INFO  impl.LeaderElection (LeaderElection.java:askForVotes(308)) - 0b7c48c7-0b6d-482c-a819-333bb540c4fb@group-32B1AEC08B9F-LeaderElection24 ELECTION round 0: result REJECTED
2022-03-03 15:04:55,752 [0b7c48c7-0b6d-482c-a819-333bb540c4fb@group-32B1AEC08B9F-LeaderElection24] INFO  server.RaftServer$Division (RaftServerImpl.java:setRole(290)) - 0b7c48c7-0b6d-482c-a819-333bb540c4fb@group-32B1AEC08B9F: changes role from CANDIDATE to FOLLOWER at term 4 for REJECTED
2022-03-03 15:04:55,752 [0b7c48c7-0b6d-482c-a819-333bb540c4fb@group-32B1AEC08B9F-LeaderElection24] INFO  impl.RoleInfo (RoleInfo.java:shutdownLeaderElection(121)) - 0b7c48c7-0b6d-482c-a819-333bb540c4fb: shutdown 0b7c48c7-0b6d-482c-a819-333bb540c4fb@group-32B1AEC08B9F-LeaderElection24
2022-03-03 15:04:55,752 [0b7c48c7-0b6d-482c-a819-333bb540c4fb@group-32B1AEC08B9F-LeaderElection24] INFO  impl.RoleInfo (RoleInfo.java:updateAndGet(130)) - 0b7c48c7-0b6d-482c-a819-333bb540c4fb: start 0b7c48c7-0b6d-482c-a819-333bb540c4fb@group-32B1AEC08B9F-FollowerState
2022-03-03 15:04:55,931 [Listener at 127.0.0.1/44823] INFO  ozone.MiniOzoneClusterImpl (MiniOzoneClusterImpl.java:lambda$waitForClusterToBeReady$0(219)) - Nodes are ready. Got 3 of 3 DN Heartbeats.
2022-03-03 15:04:55,932 [Listener at 127.0.0.1/44823] INFO  ozone.MiniOzoneClusterImpl (MiniOzoneClusterImpl.java:lambda$waitForClusterToBeReady$0(222)) - Waiting for cluster to exit safe mode
2022-03-03 15:04:55,932 [Listener at 127.0.0.1/44823] INFO  ozone.MiniOzoneClusterImpl (MiniOzoneClusterImpl.java:lambda$waitForClusterToBeReady$0(224)) - SCM became leader
2022-03-03 15:04:56,932 [Listener at 127.0.0.1/44823] INFO  ozone.MiniOzoneClusterImpl (MiniOzoneClusterImpl.java:lambda$waitForClusterToBeReady$0(219)) - Nodes are ready. Got 3 of 3 DN Heartbeats.
2022-03-03 15:04:56,932 [Listener at 127.0.0.1/44823] INFO  ozone.MiniOzoneClusterImpl (MiniOzoneClusterImpl.java:lambda$waitForClusterToBeReady$0(222)) - Waiting for cluster to exit safe mode
2022-03-03 15:04:56,932 [Listener at 127.0.0.1/44823] INFO  ozone.MiniOzoneClusterImpl (MiniOzoneClusterImpl.java:lambda$waitForClusterToBeReady$0(224)) - SCM became leader
2022-03-03 15:04:57,933 [Listener at 127.0.0.1/44823] INFO  ozone.MiniOzoneClusterImpl (MiniOzoneClusterImpl.java:lambda$waitForClusterToBeReady$0(219)) - Nodes are ready. Got 3 of 3 DN Heartbeats.
2022-03-03 15:04:57,933 [Listener at 127.0.0.1/44823] INFO  ozone.MiniOzoneClusterImpl (MiniOzoneClusterImpl.java:lambda$waitForClusterToBeReady$0(222)) - Waiting for cluster to exit safe mode
2022-03-03 15:04:57,933 [Listener at 127.0.0.1/44823] INFO  ozone.MiniOzoneClusterImpl (MiniOzoneClusterImpl.java:lambda$waitForClusterToBeReady$0(224)) - SCM became leader
2022-03-03 15:04:58,934 [Listener at 127.0.0.1/44823] INFO  ozone.MiniOzoneClusterImpl (MiniOzoneClusterImpl.java:lambda$waitForClusterToBeReady$0(219)) - Nodes are ready. Got 3 of 3 DN Heartbeats.
2022-03-03 15:04:58,934 [Listener at 127.0.0.1/44823] INFO  ozone.MiniOzoneClusterImpl (MiniOzoneClusterImpl.java:lambda$waitForClusterToBeReady$0(222)) - Waiting for cluster to exit safe mode
2022-03-03 15:04:58,934 [Listener at 127.0.0.1/44823] INFO  ozone.MiniOzoneClusterImpl (MiniOzoneClusterImpl.java:lambda$waitForClusterToBeReady$0(224)) - SCM became leader
2022-03-03 15:04:59,935 [Listener at 127.0.0.1/44823] INFO  ozone.MiniOzoneClusterImpl (MiniOzoneClusterImpl.java:lambda$waitForClusterToBeReady$0(219)) - Nodes are ready. Got 3 of 3 DN Heartbeats.
2022-03-03 15:04:59,935 [Listener at 127.0.0.1/44823] INFO  ozone.MiniOzoneClusterImpl (MiniOzoneClusterImpl.java:lambda$waitForClusterToBeReady$0(222)) - Waiting for cluster to exit safe mode
2022-03-03 15:04:59,935 [Listener at 127.0.0.1/44823] INFO  ozone.MiniOzoneClusterImpl (MiniOzoneClusterImpl.java:lambda$waitForClusterToBeReady$0(224)) - SCM became leader
2022-03-03 15:05:00,875 [860b61a6-6888-4e38-8807-2fca971f454a@group-32B1AEC08B9F-FollowerState] INFO  impl.FollowerState (FollowerState.java:run(134)) - 860b61a6-6888-4e38-8807-2fca971f454a@group-32B1AEC08B9F-FollowerState: change to CANDIDATE, lastRpcElapsedTime:5170447505ns, electionTimeout:5164ms
2022-03-03 15:05:00,875 [860b61a6-6888-4e38-8807-2fca971f454a@group-32B1AEC08B9F-FollowerState] INFO  impl.RoleInfo (RoleInfo.java:shutdownFollowerState(108)) - 860b61a6-6888-4e38-8807-2fca971f454a: shutdown 860b61a6-6888-4e38-8807-2fca971f454a@group-32B1AEC08B9F-FollowerState
2022-03-03 15:05:00,875 [860b61a6-6888-4e38-8807-2fca971f454a@group-32B1AEC08B9F-FollowerState] INFO  server.RaftServer$Division (RaftServerImpl.java:setRole(290)) - 860b61a6-6888-4e38-8807-2fca971f454a@group-32B1AEC08B9F: changes role from  FOLLOWER to CANDIDATE at term 4 for changeToCandidate
2022-03-03 15:05:00,875 [860b61a6-6888-4e38-8807-2fca971f454a@group-32B1AEC08B9F-FollowerState] INFO  server.RaftServerConfigKeys (ConfUtils.java:logGet(44)) - raft.server.leaderelection.pre-vote = false (custom)
2022-03-03 15:05:00,875 [860b61a6-6888-4e38-8807-2fca971f454a@group-32B1AEC08B9F-FollowerState] INFO  impl.RoleInfo (RoleInfo.java:updateAndGet(130)) - 860b61a6-6888-4e38-8807-2fca971f454a: start 860b61a6-6888-4e38-8807-2fca971f454a@group-32B1AEC08B9F-LeaderElection25
2022-03-03 15:05:00,889 [860b61a6-6888-4e38-8807-2fca971f454a@group-32B1AEC08B9F-LeaderElection25] INFO  impl.LeaderElection (LeaderElection.java:askForVotes(306)) - 860b61a6-6888-4e38-8807-2fca971f454a@group-32B1AEC08B9F-LeaderElection25 ELECTION round 0: submit vote requests at term 5 for -1: [0b7c48c7-0b6d-482c-a819-333bb540c4fb|rpc:10.1.0.28:44851|dataStream:|priority:1, 860b61a6-6888-4e38-8807-2fca971f454a|rpc:10.1.0.28:40193|dataStream:|priority:0, 9456f629-97b8-4527-b4fd-0706f8d70381|rpc:10.1.0.28:39067|dataStream:|priority:0], old=null
2022-03-03 15:05:00,903 [grpc-default-executor-0] INFO  server.RaftServer$Division (RaftServerImpl.java:requestVote(1046)) - 0b7c48c7-0b6d-482c-a819-333bb540c4fb@group-32B1AEC08B9F: receive requestVote(ELECTION, 860b61a6-6888-4e38-8807-2fca971f454a, group-32B1AEC08B9F, 5, (t:0, i:0))
2022-03-03 15:05:00,904 [grpc-default-executor-0] INFO  impl.VoteContext (VoteContext.java:log(48)) - 0b7c48c7-0b6d-482c-a819-333bb540c4fb@group-32B1AEC08B9F-FOLLOWER: reject ELECTION from 860b61a6-6888-4e38-8807-2fca971f454a: our priority 1 > candidate's priority 0
2022-03-03 15:05:00,904 [grpc-default-executor-0] INFO  server.RaftServer$Division (RaftServerImpl.java:setRole(290)) - 0b7c48c7-0b6d-482c-a819-333bb540c4fb@group-32B1AEC08B9F: changes role from  FOLLOWER to FOLLOWER at term 5 for candidate:860b61a6-6888-4e38-8807-2fca971f454a
2022-03-03 15:05:00,904 [grpc-default-executor-0] INFO  impl.RoleInfo (RoleInfo.java:shutdownFollowerState(108)) - 0b7c48c7-0b6d-482c-a819-333bb540c4fb: shutdown 0b7c48c7-0b6d-482c-a819-333bb540c4fb@group-32B1AEC08B9F-FollowerState
2022-03-03 15:05:00,904 [grpc-default-executor-0] INFO  impl.RoleInfo (RoleInfo.java:updateAndGet(130)) - 0b7c48c7-0b6d-482c-a819-333bb540c4fb: start 0b7c48c7-0b6d-482c-a819-333bb540c4fb@group-32B1AEC08B9F-FollowerState
2022-03-03 15:05:00,904 [0b7c48c7-0b6d-482c-a819-333bb540c4fb@group-32B1AEC08B9F-FollowerState] INFO  impl.FollowerState (FollowerState.java:run(143)) - 0b7c48c7-0b6d-482c-a819-333bb540c4fb@group-32B1AEC08B9F-FollowerState was interrupted: {}
java.lang.InterruptedException: sleep interrupted
	at java.lang.Thread.sleep(Native Method)
	at java.lang.Thread.sleep(Thread.java:342)
	at java.util.concurrent.TimeUnit.sleep(TimeUnit.java:386)
	at org.apache.ratis.util.TimeDuration.sleep(TimeDuration.java:324)
	at org.apache.ratis.util.TimeDuration.sleep(TimeDuration.java:309)
	at org.apache.ratis.server.impl.FollowerState.run(FollowerState.java:118)
2022-03-03 15:05:00,905 [grpc-default-executor-0] INFO  server.RaftServer$Division (RaftServerImpl.java:requestVote(1078)) - 0b7c48c7-0b6d-482c-a819-333bb540c4fb@group-32B1AEC08B9F replies to ELECTION vote request: 860b61a6-6888-4e38-8807-2fca971f454a<-0b7c48c7-0b6d-482c-a819-333bb540c4fb#0:FAIL-t5. Peer's state: 0b7c48c7-0b6d-482c-a819-333bb540c4fb@group-32B1AEC08B9F:t5, leader=null, voted=null, raftlog=0b7c48c7-0b6d-482c-a819-333bb540c4fb@group-32B1AEC08B9F-SegmentedRaftLog:OPENED:c-1, conf=-1: [0b7c48c7-0b6d-482c-a819-333bb540c4fb|rpc:10.1.0.28:44851|dataStream:|priority:1, 860b61a6-6888-4e38-8807-2fca971f454a|rpc:10.1.0.28:40193|dataStream:|priority:0, 9456f629-97b8-4527-b4fd-0706f8d70381|rpc:10.1.0.28:39067|dataStream:|priority:0], old=null
2022-03-03 15:05:00,925 [860b61a6-6888-4e38-8807-2fca971f454a@group-32B1AEC08B9F-LeaderElection25] INFO  impl.LeaderElection (LeaderElection.java:logAndReturn(89)) - 860b61a6-6888-4e38-8807-2fca971f454a@group-32B1AEC08B9F-LeaderElection25: ELECTION REJECTED received 1 response(s) and 0 exception(s):
2022-03-03 15:05:00,925 [860b61a6-6888-4e38-8807-2fca971f454a@group-32B1AEC08B9F-LeaderElection25] INFO  impl.LeaderElection (LeaderElection.java:logAndReturn(93)) -   Response 0: 860b61a6-6888-4e38-8807-2fca971f454a<-0b7c48c7-0b6d-482c-a819-333bb540c4fb#0:FAIL-t5
2022-03-03 15:05:00,925 [860b61a6-6888-4e38-8807-2fca971f454a@group-32B1AEC08B9F-LeaderElection25] INFO  impl.LeaderElection (LeaderElection.java:askForVotes(308)) - 860b61a6-6888-4e38-8807-2fca971f454a@group-32B1AEC08B9F-LeaderElection25 ELECTION round 0: result REJECTED
2022-03-03 15:05:00,925 [860b61a6-6888-4e38-8807-2fca971f454a@group-32B1AEC08B9F-LeaderElection25] INFO  server.RaftServer$Division (RaftServerImpl.java:setRole(290)) - 860b61a6-6888-4e38-8807-2fca971f454a@group-32B1AEC08B9F: changes role from CANDIDATE to FOLLOWER at term 5 for REJECTED
2022-03-03 15:05:00,927 [860b61a6-6888-4e38-8807-2fca971f454a@group-32B1AEC08B9F-LeaderElection25] INFO  impl.RoleInfo (RoleInfo.java:shutdownLeaderElection(121)) - 860b61a6-6888-4e38-8807-2fca971f454a: shutdown 860b61a6-6888-4e38-8807-2fca971f454a@group-32B1AEC08B9F-LeaderElection25
2022-03-03 15:05:00,927 [860b61a6-6888-4e38-8807-2fca971f454a@group-32B1AEC08B9F-LeaderElection25] INFO  impl.RoleInfo (RoleInfo.java:updateAndGet(130)) - 860b61a6-6888-4e38-8807-2fca971f454a: start 860b61a6-6888-4e38-8807-2fca971f454a@group-32B1AEC08B9F-FollowerState
2022-03-03 15:05:00,927 [grpc-default-executor-2] INFO  server.RaftServer$Division (RaftServerImpl.java:requestVote(1046)) - 9456f629-97b8-4527-b4fd-0706f8d70381@group-32B1AEC08B9F: receive requestVote(ELECTION, 860b61a6-6888-4e38-8807-2fca971f454a, group-32B1AEC08B9F, 5, (t:0, i:0))
2022-03-03 15:05:00,935 [Listener at 127.0.0.1/44823] INFO  ozone.MiniOzoneClusterImpl (MiniOzoneClusterImpl.java:lambda$waitForClusterToBeReady$0(219)) - Nodes are ready. Got 3 of 3 DN Heartbeats.
2022-03-03 15:05:00,931 [9456f629-97b8-4527-b4fd-0706f8d70381@group-32B1AEC08B9F-FollowerState] INFO  impl.FollowerState (FollowerState.java:run(134)) - 9456f629-97b8-4527-b4fd-0706f8d70381@group-32B1AEC08B9F-FollowerState: change to CANDIDATE, lastRpcElapsedTime:5189689657ns, electionTimeout:5179ms
2022-03-03 15:05:00,945 [9456f629-97b8-4527-b4fd-0706f8d70381@group-32B1AEC08B9F-FollowerState] INFO  impl.RoleInfo (RoleInfo.java:shutdownFollowerState(108)) - 9456f629-97b8-4527-b4fd-0706f8d70381: shutdown 9456f629-97b8-4527-b4fd-0706f8d70381@group-32B1AEC08B9F-FollowerState
2022-03-03 15:05:00,945 [9456f629-97b8-4527-b4fd-0706f8d70381@group-32B1AEC08B9F-FollowerState] INFO  server.RaftServer$Division (RaftServerImpl.java:setRole(290)) - 9456f629-97b8-4527-b4fd-0706f8d70381@group-32B1AEC08B9F: changes role from  FOLLOWER to CANDIDATE at term 4 for changeToCandidate
2022-03-03 15:05:00,945 [Listener at 127.0.0.1/44823] INFO  ozone.MiniOzoneClusterImpl (MiniOzoneClusterImpl.java:lambda$waitForClusterToBeReady$0(222)) - Waiting for cluster to exit safe mode
2022-03-03 15:05:00,945 [Listener at 127.0.0.1/44823] INFO  ozone.MiniOzoneClusterImpl (MiniOzoneClusterImpl.java:lambda$waitForClusterToBeReady$0(224)) - SCM became leader
2022-03-03 15:05:00,945 [9456f629-97b8-4527-b4fd-0706f8d70381@group-32B1AEC08B9F-FollowerState] INFO  server.RaftServerConfigKeys (ConfUtils.java:logGet(44)) - raft.server.leaderelection.pre-vote = false (custom)
2022-03-03 15:05:00,945 [9456f629-97b8-4527-b4fd-0706f8d70381@group-32B1AEC08B9F-FollowerState] INFO  impl.RoleInfo (RoleInfo.java:updateAndGet(130)) - 9456f629-97b8-4527-b4fd-0706f8d70381: start 9456f629-97b8-4527-b4fd-0706f8d70381@group-32B1AEC08B9F-LeaderElection26
2022-03-03 15:05:00,954 [grpc-default-executor-2] INFO  impl.VoteContext (VoteContext.java:log(48)) - 9456f629-97b8-4527-b4fd-0706f8d70381@group-32B1AEC08B9F-CANDIDATE: accept ELECTION from 860b61a6-6888-4e38-8807-2fca971f454a: our priority 0 <= candidate's priority 0
2022-03-03 15:05:00,955 [grpc-default-executor-2] INFO  server.RaftServer$Division (RaftServerImpl.java:setRole(290)) - 9456f629-97b8-4527-b4fd-0706f8d70381@group-32B1AEC08B9F: changes role from CANDIDATE to FOLLOWER at term 5 for candidate:860b61a6-6888-4e38-8807-2fca971f454a
2022-03-03 15:05:00,955 [grpc-default-executor-2] INFO  impl.RoleInfo (RoleInfo.java:shutdownLeaderElection(121)) - 9456f629-97b8-4527-b4fd-0706f8d70381: shutdown 9456f629-97b8-4527-b4fd-0706f8d70381@group-32B1AEC08B9F-LeaderElection26
2022-03-03 15:05:00,955 [grpc-default-executor-2] INFO  impl.RoleInfo (RoleInfo.java:updateAndGet(130)) - 9456f629-97b8-4527-b4fd-0706f8d70381: start 9456f629-97b8-4527-b4fd-0706f8d70381@group-32B1AEC08B9F-FollowerState
2022-03-03 15:05:00,963 [9456f629-97b8-4527-b4fd-0706f8d70381@group-32B1AEC08B9F-LeaderElection26] INFO  impl.LeaderElection (LeaderElection.java:run(230)) - 9456f629-97b8-4527-b4fd-0706f8d70381@group-32B1AEC08B9F-LeaderElection26: skip running since this is already CLOSING
2022-03-03 15:05:00,977 [grpc-default-executor-2] INFO  server.RaftServer$Division (RaftServerImpl.java:requestVote(1078)) - 9456f629-97b8-4527-b4fd-0706f8d70381@group-32B1AEC08B9F replies to ELECTION vote request: 860b61a6-6888-4e38-8807-2fca971f454a<-9456f629-97b8-4527-b4fd-0706f8d70381#0:OK-t5. Peer's state: 9456f629-97b8-4527-b4fd-0706f8d70381@group-32B1AEC08B9F:t5, leader=null, voted=860b61a6-6888-4e38-8807-2fca971f454a, raftlog=9456f629-97b8-4527-b4fd-0706f8d70381@group-32B1AEC08B9F-SegmentedRaftLog:OPENED:c-1, conf=-1: [0b7c48c7-0b6d-482c-a819-333bb540c4fb|rpc:10.1.0.28:44851|priority:1, 860b61a6-6888-4e38-8807-2fca971f454a|rpc:10.1.0.28:40193|priority:0, 9456f629-97b8-4527-b4fd-0706f8d70381|rpc:10.1.0.28:39067|priority:0], old=null
2022-03-03 15:05:01,946 [Listener at 127.0.0.1/44823] INFO  ozone.MiniOzoneClusterImpl (MiniOzoneClusterImpl.java:lambda$waitForClusterToBeReady$0(219)) - Nodes are ready. Got 3 of 3 DN Heartbeats.
2022-03-03 15:05:01,946 [Listener at 127.0.0.1/44823] INFO  ozone.MiniOzoneClusterImpl (MiniOzoneClusterImpl.java:lambda$waitForClusterToBeReady$0(222)) - Waiting for cluster to exit safe mode
2022-03-03 15:05:01,946 [Listener at 127.0.0.1/44823] INFO  ozone.MiniOzoneClusterImpl (MiniOzoneClusterImpl.java:lambda$waitForClusterToBeReady$0(224)) - SCM became leader
2022-03-03 15:05:02,946 [Listener at 127.0.0.1/44823] INFO  ozone.MiniOzoneClusterImpl (MiniOzoneClusterImpl.java:lambda$waitForClusterToBeReady$0(219)) - Nodes are ready. Got 3 of 3 DN Heartbeats.
2022-03-03 15:05:02,947 [Listener at 127.0.0.1/44823] INFO  ozone.MiniOzoneClusterImpl (MiniOzoneClusterImpl.java:lambda$waitForClusterToBeReady$0(222)) - Waiting for cluster to exit safe mode
2022-03-03 15:05:02,947 [Listener at 127.0.0.1/44823] INFO  ozone.MiniOzoneClusterImpl (MiniOzoneClusterImpl.java:lambda$waitForClusterToBeReady$0(224)) - SCM became leader
2022-03-03 15:05:03,947 [Listener at 127.0.0.1/44823] INFO  ozone.MiniOzoneClusterImpl (MiniOzoneClusterImpl.java:lambda$waitForClusterToBeReady$0(219)) - Nodes are ready. Got 3 of 3 DN Heartbeats.
2022-03-03 15:05:03,947 [Listener at 127.0.0.1/44823] INFO  ozone.MiniOzoneClusterImpl (MiniOzoneClusterImpl.java:lambda$waitForClusterToBeReady$0(222)) - Waiting for cluster to exit safe mode
2022-03-03 15:05:03,947 [Listener at 127.0.0.1/44823] INFO  ozone.MiniOzoneClusterImpl (MiniOzoneClusterImpl.java:lambda$waitForClusterToBeReady$0(224)) - SCM became leader
2022-03-03 15:05:04,948 [Listener at 127.0.0.1/44823] INFO  ozone.MiniOzoneClusterImpl (MiniOzoneClusterImpl.java:lambda$waitForClusterToBeReady$0(219)) - Nodes are ready. Got 3 of 3 DN Heartbeats.
2022-03-03 15:05:04,948 [Listener at 127.0.0.1/44823] INFO  ozone.MiniOzoneClusterImpl (MiniOzoneClusterImpl.java:lambda$waitForClusterToBeReady$0(222)) - Waiting for cluster to exit safe mode
2022-03-03 15:05:04,948 [Listener at 127.0.0.1/44823] INFO  ozone.MiniOzoneClusterImpl (MiniOzoneClusterImpl.java:lambda$waitForClusterToBeReady$0(224)) - SCM became leader
2022-03-03 15:05:05,948 [Listener at 127.0.0.1/44823] INFO  ozone.MiniOzoneClusterImpl (MiniOzoneClusterImpl.java:lambda$waitForClusterToBeReady$0(219)) - Nodes are ready. Got 3 of 3 DN Heartbeats.
2022-03-03 15:05:05,949 [Listener at 127.0.0.1/44823] INFO  ozone.MiniOzoneClusterImpl (MiniOzoneClusterImpl.java:lambda$waitForClusterToBeReady$0(222)) - Waiting for cluster to exit safe mode
2022-03-03 15:05:05,949 [Listener at 127.0.0.1/44823] INFO  ozone.MiniOzoneClusterImpl (MiniOzoneClusterImpl.java:lambda$waitForClusterToBeReady$0(224)) - SCM became leader
2022-03-03 15:05:05,955 [860b61a6-6888-4e38-8807-2fca971f454a@group-32B1AEC08B9F-FollowerState] INFO  impl.FollowerState (FollowerState.java:run(134)) - 860b61a6-6888-4e38-8807-2fca971f454a@group-32B1AEC08B9F-FollowerState: change to CANDIDATE, lastRpcElapsedTime:5027509339ns, electionTimeout:5014ms
2022-03-03 15:05:05,975 [860b61a6-6888-4e38-8807-2fca971f454a@group-32B1AEC08B9F-FollowerState] INFO  impl.RoleInfo (RoleInfo.java:shutdownFollowerState(108)) - 860b61a6-6888-4e38-8807-2fca971f454a: shutdown 860b61a6-6888-4e38-8807-2fca971f454a@group-32B1AEC08B9F-FollowerState
2022-03-03 15:05:05,975 [860b61a6-6888-4e38-8807-2fca971f454a@group-32B1AEC08B9F-FollowerState] INFO  server.RaftServer$Division (RaftServerImpl.java:setRole(290)) - 860b61a6-6888-4e38-8807-2fca971f454a@group-32B1AEC08B9F: changes role from  FOLLOWER to CANDIDATE at term 5 for changeToCandidate
2022-03-03 15:05:05,975 [860b61a6-6888-4e38-8807-2fca971f454a@group-32B1AEC08B9F-FollowerState] INFO  server.RaftServerConfigKeys (ConfUtils.java:logGet(44)) - raft.server.leaderelection.pre-vote = false (custom)
2022-03-03 15:05:05,975 [860b61a6-6888-4e38-8807-2fca971f454a@group-32B1AEC08B9F-FollowerState] INFO  impl.RoleInfo (RoleInfo.java:updateAndGet(130)) - 860b61a6-6888-4e38-8807-2fca971f454a: start 860b61a6-6888-4e38-8807-2fca971f454a@group-32B1AEC08B9F-LeaderElection27
2022-03-03 15:05:05,964 [0b7c48c7-0b6d-482c-a819-333bb540c4fb@group-32B1AEC08B9F-FollowerState] INFO  impl.FollowerState (FollowerState.java:run(134)) - 0b7c48c7-0b6d-482c-a819-333bb540c4fb@group-32B1AEC08B9F-FollowerState: change to CANDIDATE, lastRpcElapsedTime:5059894394ns, electionTimeout:5058ms
2022-03-03 15:05:05,975 [0b7c48c7-0b6d-482c-a819-333bb540c4fb@group-32B1AEC08B9F-FollowerState] INFO  impl.RoleInfo (RoleInfo.java:shutdownFollowerState(108)) - 0b7c48c7-0b6d-482c-a819-333bb540c4fb: shutdown 0b7c48c7-0b6d-482c-a819-333bb540c4fb@group-32B1AEC08B9F-FollowerState
2022-03-03 15:05:05,975 [0b7c48c7-0b6d-482c-a819-333bb540c4fb@group-32B1AEC08B9F-FollowerState] INFO  server.RaftServer$Division (RaftServerImpl.java:setRole(290)) - 0b7c48c7-0b6d-482c-a819-333bb540c4fb@group-32B1AEC08B9F: changes role from  FOLLOWER to CANDIDATE at term 5 for changeToCandidate
2022-03-03 15:05:05,986 [0b7c48c7-0b6d-482c-a819-333bb540c4fb@group-32B1AEC08B9F-FollowerState] INFO  server.RaftServerConfigKeys (ConfUtils.java:logGet(44)) - raft.server.leaderelection.pre-vote = false (custom)
2022-03-03 15:05:05,986 [0b7c48c7-0b6d-482c-a819-333bb540c4fb@group-32B1AEC08B9F-FollowerState] INFO  impl.RoleInfo (RoleInfo.java:updateAndGet(130)) - 0b7c48c7-0b6d-482c-a819-333bb540c4fb: start 0b7c48c7-0b6d-482c-a819-333bb540c4fb@group-32B1AEC08B9F-LeaderElection28
2022-03-03 15:05:06,007 [860b61a6-6888-4e38-8807-2fca971f454a@group-32B1AEC08B9F-LeaderElection27] INFO  impl.LeaderElection (LeaderElection.java:askForVotes(306)) - 860b61a6-6888-4e38-8807-2fca971f454a@group-32B1AEC08B9F-LeaderElection27 ELECTION round 0: submit vote requests at term 6 for -1: [0b7c48c7-0b6d-482c-a819-333bb540c4fb|rpc:10.1.0.28:44851|dataStream:|priority:1, 860b61a6-6888-4e38-8807-2fca971f454a|rpc:10.1.0.28:40193|dataStream:|priority:0, 9456f629-97b8-4527-b4fd-0706f8d70381|rpc:10.1.0.28:39067|dataStream:|priority:0], old=null
2022-03-03 15:05:06,007 [0b7c48c7-0b6d-482c-a819-333bb540c4fb@group-32B1AEC08B9F-LeaderElection28] INFO  impl.LeaderElection (LeaderElection.java:askForVotes(306)) - 0b7c48c7-0b6d-482c-a819-333bb540c4fb@group-32B1AEC08B9F-LeaderElection28 ELECTION round 0: submit vote requests at term 6 for -1: [0b7c48c7-0b6d-482c-a819-333bb540c4fb|rpc:10.1.0.28:44851|dataStream:|priority:1, 860b61a6-6888-4e38-8807-2fca971f454a|rpc:10.1.0.28:40193|dataStream:|priority:0, 9456f629-97b8-4527-b4fd-0706f8d70381|rpc:10.1.0.28:39067|dataStream:|priority:0], old=null
2022-03-03 15:05:06,028 [grpc-default-executor-2] INFO  server.RaftServer$Division (RaftServerImpl.java:requestVote(1046)) - 0b7c48c7-0b6d-482c-a819-333bb540c4fb@group-32B1AEC08B9F: receive requestVote(ELECTION, 860b61a6-6888-4e38-8807-2fca971f454a, group-32B1AEC08B9F, 6, (t:0, i:0))
2022-03-03 15:05:06,029 [grpc-default-executor-2] INFO  impl.VoteContext (VoteContext.java:log(48)) - 0b7c48c7-0b6d-482c-a819-333bb540c4fb@group-32B1AEC08B9F-CANDIDATE: reject ELECTION from 860b61a6-6888-4e38-8807-2fca971f454a: already has voted for 0b7c48c7-0b6d-482c-a819-333bb540c4fb at current term 6
2022-03-03 15:05:06,029 [grpc-default-executor-2] INFO  server.RaftServer$Division (RaftServerImpl.java:requestVote(1078)) - 0b7c48c7-0b6d-482c-a819-333bb540c4fb@group-32B1AEC08B9F replies to ELECTION vote request: 860b61a6-6888-4e38-8807-2fca971f454a<-0b7c48c7-0b6d-482c-a819-333bb540c4fb#0:FAIL-t6. Peer's state: 0b7c48c7-0b6d-482c-a819-333bb540c4fb@group-32B1AEC08B9F:t6, leader=null, voted=0b7c48c7-0b6d-482c-a819-333bb540c4fb, raftlog=0b7c48c7-0b6d-482c-a819-333bb540c4fb@group-32B1AEC08B9F-SegmentedRaftLog:OPENED:c-1, conf=-1: [0b7c48c7-0b6d-482c-a819-333bb540c4fb|rpc:10.1.0.28:44851|dataStream:|priority:1, 860b61a6-6888-4e38-8807-2fca971f454a|rpc:10.1.0.28:40193|dataStream:|priority:0, 9456f629-97b8-4527-b4fd-0706f8d70381|rpc:10.1.0.28:39067|dataStream:|priority:0], old=null
2022-03-03 15:05:06,033 [860b61a6-6888-4e38-8807-2fca971f454a@group-32B1AEC08B9F-LeaderElection27] INFO  impl.LeaderElection (LeaderElection.java:logAndReturn(89)) - 860b61a6-6888-4e38-8807-2fca971f454a@group-32B1AEC08B9F-LeaderElection27: ELECTION REJECTED received 1 response(s) and 0 exception(s):
2022-03-03 15:05:06,050 [860b61a6-6888-4e38-8807-2fca971f454a@group-32B1AEC08B9F-LeaderElection27] INFO  impl.LeaderElection (LeaderElection.java:logAndReturn(93)) -   Response 0: 860b61a6-6888-4e38-8807-2fca971f454a<-0b7c48c7-0b6d-482c-a819-333bb540c4fb#0:FAIL-t6
2022-03-03 15:05:06,050 [860b61a6-6888-4e38-8807-2fca971f454a@group-32B1AEC08B9F-LeaderElection27] INFO  impl.LeaderElection (LeaderElection.java:askForVotes(308)) - 860b61a6-6888-4e38-8807-2fca971f454a@group-32B1AEC08B9F-LeaderElection27 ELECTION round 0: result REJECTED
2022-03-03 15:05:06,050 [860b61a6-6888-4e38-8807-2fca971f454a@group-32B1AEC08B9F-LeaderElection27] INFO  server.RaftServer$Division (RaftServerImpl.java:setRole(290)) - 860b61a6-6888-4e38-8807-2fca971f454a@group-32B1AEC08B9F: changes role from CANDIDATE to FOLLOWER at term 6 for REJECTED
2022-03-03 15:05:06,051 [860b61a6-6888-4e38-8807-2fca971f454a@group-32B1AEC08B9F-LeaderElection27] INFO  impl.RoleInfo (RoleInfo.java:shutdownLeaderElection(121)) - 860b61a6-6888-4e38-8807-2fca971f454a: shutdown 860b61a6-6888-4e38-8807-2fca971f454a@group-32B1AEC08B9F-LeaderElection27
2022-03-03 15:05:06,051 [860b61a6-6888-4e38-8807-2fca971f454a@group-32B1AEC08B9F-LeaderElection27] INFO  impl.RoleInfo (RoleInfo.java:updateAndGet(130)) - 860b61a6-6888-4e38-8807-2fca971f454a: start 860b61a6-6888-4e38-8807-2fca971f454a@group-32B1AEC08B9F-FollowerState
2022-03-03 15:05:06,051 [grpc-default-executor-0] INFO  server.RaftServer$Division (RaftServerImpl.java:requestVote(1046)) - 9456f629-97b8-4527-b4fd-0706f8d70381@group-32B1AEC08B9F: receive requestVote(ELECTION, 860b61a6-6888-4e38-8807-2fca971f454a, group-32B1AEC08B9F, 6, (t:0, i:0))
2022-03-03 15:05:06,071 [grpc-default-executor-0] INFO  impl.VoteContext (VoteContext.java:log(48)) - 9456f629-97b8-4527-b4fd-0706f8d70381@group-32B1AEC08B9F-FOLLOWER: accept ELECTION from 860b61a6-6888-4e38-8807-2fca971f454a: our priority 0 <= candidate's priority 0
2022-03-03 15:05:06,071 [grpc-default-executor-0] INFO  server.RaftServer$Division (RaftServerImpl.java:setRole(290)) - 9456f629-97b8-4527-b4fd-0706f8d70381@group-32B1AEC08B9F: changes role from  FOLLOWER to FOLLOWER at term 6 for candidate:860b61a6-6888-4e38-8807-2fca971f454a
2022-03-03 15:05:06,071 [grpc-default-executor-0] INFO  impl.RoleInfo (RoleInfo.java:shutdownFollowerState(108)) - 9456f629-97b8-4527-b4fd-0706f8d70381: shutdown 9456f629-97b8-4527-b4fd-0706f8d70381@group-32B1AEC08B9F-FollowerState
2022-03-03 15:05:06,071 [grpc-default-executor-0] INFO  impl.RoleInfo (RoleInfo.java:updateAndGet(130)) - 9456f629-97b8-4527-b4fd-0706f8d70381: start 9456f629-97b8-4527-b4fd-0706f8d70381@group-32B1AEC08B9F-FollowerState
2022-03-03 15:05:06,071 [9456f629-97b8-4527-b4fd-0706f8d70381@group-32B1AEC08B9F-FollowerState] INFO  impl.FollowerState (FollowerState.java:run(143)) - 9456f629-97b8-4527-b4fd-0706f8d70381@group-32B1AEC08B9F-FollowerState was interrupted: {}
java.lang.InterruptedException: sleep interrupted
	at java.lang.Thread.sleep(Native Method)
	at java.lang.Thread.sleep(Thread.java:342)
	at java.util.concurrent.TimeUnit.sleep(TimeUnit.java:386)
	at org.apache.ratis.util.TimeDuration.sleep(TimeDuration.java:324)
	at org.apache.ratis.util.TimeDuration.sleep(TimeDuration.java:309)
	at org.apache.ratis.server.impl.FollowerState.run(FollowerState.java:118)
2022-03-03 15:05:06,051 [grpc-default-executor-2] INFO  server.RaftServer$Division (RaftServerImpl.java:requestVote(1046)) - 860b61a6-6888-4e38-8807-2fca971f454a@group-32B1AEC08B9F: receive requestVote(ELECTION, 0b7c48c7-0b6d-482c-a819-333bb540c4fb, group-32B1AEC08B9F, 6, (t:0, i:0))
2022-03-03 15:05:06,100 [grpc-default-executor-2] INFO  impl.VoteContext (VoteContext.java:log(48)) - 860b61a6-6888-4e38-8807-2fca971f454a@group-32B1AEC08B9F-FOLLOWER: reject ELECTION from 0b7c48c7-0b6d-482c-a819-333bb540c4fb: already has voted for 860b61a6-6888-4e38-8807-2fca971f454a at current term 6
2022-03-03 15:05:06,100 [grpc-default-executor-2] INFO  server.RaftServer$Division (RaftServerImpl.java:requestVote(1078)) - 860b61a6-6888-4e38-8807-2fca971f454a@group-32B1AEC08B9F replies to ELECTION vote request: 0b7c48c7-0b6d-482c-a819-333bb540c4fb<-860b61a6-6888-4e38-8807-2fca971f454a#0:FAIL-t6. Peer's state: 860b61a6-6888-4e38-8807-2fca971f454a@group-32B1AEC08B9F:t6, leader=null, voted=860b61a6-6888-4e38-8807-2fca971f454a, raftlog=860b61a6-6888-4e38-8807-2fca971f454a@group-32B1AEC08B9F-SegmentedRaftLog:OPENED:c-1, conf=-1: [0b7c48c7-0b6d-482c-a819-333bb540c4fb|rpc:10.1.0.28:44851|dataStream:|priority:1, 860b61a6-6888-4e38-8807-2fca971f454a|rpc:10.1.0.28:40193|dataStream:|priority:0, 9456f629-97b8-4527-b4fd-0706f8d70381|rpc:10.1.0.28:39067|dataStream:|priority:0], old=null
2022-03-03 15:05:06,074 [grpc-default-executor-0] INFO  server.RaftServer$Division (RaftServerImpl.java:requestVote(1078)) - 9456f629-97b8-4527-b4fd-0706f8d70381@group-32B1AEC08B9F replies to ELECTION vote request: 860b61a6-6888-4e38-8807-2fca971f454a<-9456f629-97b8-4527-b4fd-0706f8d70381#0:OK-t6. Peer's state: 9456f629-97b8-4527-b4fd-0706f8d70381@group-32B1AEC08B9F:t6, leader=null, voted=860b61a6-6888-4e38-8807-2fca971f454a, raftlog=9456f629-97b8-4527-b4fd-0706f8d70381@group-32B1AEC08B9F-SegmentedRaftLog:OPENED:c-1, conf=-1: [0b7c48c7-0b6d-482c-a819-333bb540c4fb|rpc:10.1.0.28:44851|priority:1, 860b61a6-6888-4e38-8807-2fca971f454a|rpc:10.1.0.28:40193|priority:0, 9456f629-97b8-4527-b4fd-0706f8d70381|rpc:10.1.0.28:39067|priority:0], old=null
2022-03-03 15:05:06,116 [grpc-default-executor-3] INFO  server.RaftServer$Division (RaftServerImpl.java:requestVote(1046)) - 9456f629-97b8-4527-b4fd-0706f8d70381@group-32B1AEC08B9F: receive requestVote(ELECTION, 0b7c48c7-0b6d-482c-a819-333bb540c4fb, group-32B1AEC08B9F, 6, (t:0, i:0))
2022-03-03 15:05:06,117 [grpc-default-executor-3] INFO  impl.VoteContext (VoteContext.java:log(48)) - 9456f629-97b8-4527-b4fd-0706f8d70381@group-32B1AEC08B9F-FOLLOWER: reject ELECTION from 0b7c48c7-0b6d-482c-a819-333bb540c4fb: already has voted for 860b61a6-6888-4e38-8807-2fca971f454a at current term 6
2022-03-03 15:05:06,117 [grpc-default-executor-3] INFO  server.RaftServer$Division (RaftServerImpl.java:requestVote(1078)) - 9456f629-97b8-4527-b4fd-0706f8d70381@group-32B1AEC08B9F replies to ELECTION vote request: 0b7c48c7-0b6d-482c-a819-333bb540c4fb<-9456f629-97b8-4527-b4fd-0706f8d70381#0:FAIL-t6. Peer's state: 9456f629-97b8-4527-b4fd-0706f8d70381@group-32B1AEC08B9F:t6, leader=null, voted=860b61a6-6888-4e38-8807-2fca971f454a, raftlog=9456f629-97b8-4527-b4fd-0706f8d70381@group-32B1AEC08B9F-SegmentedRaftLog:OPENED:c-1, conf=-1: [0b7c48c7-0b6d-482c-a819-333bb540c4fb|rpc:10.1.0.28:44851|priority:1, 860b61a6-6888-4e38-8807-2fca971f454a|rpc:10.1.0.28:40193|priority:0, 9456f629-97b8-4527-b4fd-0706f8d70381|rpc:10.1.0.28:39067|priority:0], old=null
2022-03-03 15:05:06,128 [0b7c48c7-0b6d-482c-a819-333bb540c4fb@group-32B1AEC08B9F-LeaderElection28] INFO  impl.LeaderElection (LeaderElection.java:logAndReturn(89)) - 0b7c48c7-0b6d-482c-a819-333bb540c4fb@group-32B1AEC08B9F-LeaderElection28: ELECTION REJECTED received 2 response(s) and 0 exception(s):
2022-03-03 15:05:06,129 [0b7c48c7-0b6d-482c-a819-333bb540c4fb@group-32B1AEC08B9F-LeaderElection28] INFO  impl.LeaderElection (LeaderElection.java:logAndReturn(93)) -   Response 0: 0b7c48c7-0b6d-482c-a819-333bb540c4fb<-860b61a6-6888-4e38-8807-2fca971f454a#0:FAIL-t6
2022-03-03 15:05:06,129 [0b7c48c7-0b6d-482c-a819-333bb540c4fb@group-32B1AEC08B9F-LeaderElection28] INFO  impl.LeaderElection (LeaderElection.java:logAndReturn(93)) -   Response 1: 0b7c48c7-0b6d-482c-a819-333bb540c4fb<-9456f629-97b8-4527-b4fd-0706f8d70381#0:FAIL-t6
2022-03-03 15:05:06,129 [0b7c48c7-0b6d-482c-a819-333bb540c4fb@group-32B1AEC08B9F-LeaderElection28] INFO  impl.LeaderElection (LeaderElection.java:askForVotes(308)) - 0b7c48c7-0b6d-482c-a819-333bb540c4fb@group-32B1AEC08B9F-LeaderElection28 ELECTION round 0: result REJECTED
2022-03-03 15:05:06,131 [0b7c48c7-0b6d-482c-a819-333bb540c4fb@group-32B1AEC08B9F-LeaderElection28] INFO  server.RaftServer$Division (RaftServerImpl.java:setRole(290)) - 0b7c48c7-0b6d-482c-a819-333bb540c4fb@group-32B1AEC08B9F: changes role from CANDIDATE to FOLLOWER at term 6 for REJECTED
2022-03-03 15:05:06,132 [0b7c48c7-0b6d-482c-a819-333bb540c4fb@group-32B1AEC08B9F-LeaderElection28] INFO  impl.RoleInfo (RoleInfo.java:shutdownLeaderElection(121)) - 0b7c48c7-0b6d-482c-a819-333bb540c4fb: shutdown 0b7c48c7-0b6d-482c-a819-333bb540c4fb@group-32B1AEC08B9F-LeaderElection28
2022-03-03 15:05:06,132 [0b7c48c7-0b6d-482c-a819-333bb540c4fb@group-32B1AEC08B9F-LeaderElection28] INFO  impl.RoleInfo (RoleInfo.java:updateAndGet(130)) - 0b7c48c7-0b6d-482c-a819-333bb540c4fb: start 0b7c48c7-0b6d-482c-a819-333bb540c4fb@group-32B1AEC08B9F-FollowerState
2022-03-03 15:05:06,949 [Listener at 127.0.0.1/44823] INFO  ozone.MiniOzoneClusterImpl (MiniOzoneClusterImpl.java:lambda$waitForClusterToBeReady$0(219)) - Nodes are ready. Got 3 of 3 DN Heartbeats.
2022-03-03 15:05:06,950 [Listener at 127.0.0.1/44823] INFO  ozone.MiniOzoneClusterImpl (MiniOzoneClusterImpl.java:lambda$waitForClusterToBeReady$0(222)) - Waiting for cluster to exit safe mode
2022-03-03 15:05:06,950 [Listener at 127.0.0.1/44823] INFO  ozone.MiniOzoneClusterImpl (MiniOzoneClusterImpl.java:lambda$waitForClusterToBeReady$0(224)) - SCM became leader
2022-03-03 15:05:07,959 [Listener at 127.0.0.1/44823] INFO  ozone.MiniOzoneClusterImpl (MiniOzoneClusterImpl.java:lambda$waitForClusterToBeReady$0(219)) - Nodes are ready. Got 3 of 3 DN Heartbeats.
2022-03-03 15:05:07,959 [Listener at 127.0.0.1/44823] INFO  ozone.MiniOzoneClusterImpl (MiniOzoneClusterImpl.java:lambda$waitForClusterToBeReady$0(222)) - Waiting for cluster to exit safe mode
2022-03-03 15:05:07,959 [Listener at 127.0.0.1/44823] INFO  ozone.MiniOzoneClusterImpl (MiniOzoneClusterImpl.java:lambda$waitForClusterToBeReady$0(224)) - SCM became leader
2022-03-03 15:05:08,959 [Listener at 127.0.0.1/44823] INFO  ozone.MiniOzoneClusterImpl (MiniOzoneClusterImpl.java:lambda$waitForClusterToBeReady$0(219)) - Nodes are ready. Got 3 of 3 DN Heartbeats.
2022-03-03 15:05:08,959 [Listener at 127.0.0.1/44823] INFO  ozone.MiniOzoneClusterImpl (MiniOzoneClusterImpl.java:lambda$waitForClusterToBeReady$0(222)) - Waiting for cluster to exit safe mode
2022-03-03 15:05:08,959 [Listener at 127.0.0.1/44823] INFO  ozone.MiniOzoneClusterImpl (MiniOzoneClusterImpl.java:lambda$waitForClusterToBeReady$0(224)) - SCM became leader
2022-03-03 15:05:09,960 [Listener at 127.0.0.1/44823] INFO  ozone.MiniOzoneClusterImpl (MiniOzoneClusterImpl.java:lambda$waitForClusterToBeReady$0(219)) - Nodes are ready. Got 3 of 3 DN Heartbeats.
2022-03-03 15:05:09,960 [Listener at 127.0.0.1/44823] INFO  ozone.MiniOzoneClusterImpl (MiniOzoneClusterImpl.java:lambda$waitForClusterToBeReady$0(222)) - Waiting for cluster to exit safe mode
2022-03-03 15:05:09,960 [Listener at 127.0.0.1/44823] INFO  ozone.MiniOzoneClusterImpl (MiniOzoneClusterImpl.java:lambda$waitForClusterToBeReady$0(224)) - SCM became leader
2022-03-03 15:05:10,960 [Listener at 127.0.0.1/44823] INFO  ozone.MiniOzoneClusterImpl (MiniOzoneClusterImpl.java:lambda$waitForClusterToBeReady$0(219)) - Nodes are ready. Got 3 of 3 DN Heartbeats.
2022-03-03 15:05:10,960 [Listener at 127.0.0.1/44823] INFO  ozone.MiniOzoneClusterImpl (MiniOzoneClusterImpl.java:lambda$waitForClusterToBeReady$0(222)) - Waiting for cluster to exit safe mode
2022-03-03 15:05:10,960 [Listener at 127.0.0.1/44823] INFO  ozone.MiniOzoneClusterImpl (MiniOzoneClusterImpl.java:lambda$waitForClusterToBeReady$0(224)) - SCM became leader
2022-03-03 15:05:11,185 [860b61a6-6888-4e38-8807-2fca971f454a@group-32B1AEC08B9F-FollowerState] INFO  impl.FollowerState (FollowerState.java:run(134)) - 860b61a6-6888-4e38-8807-2fca971f454a@group-32B1AEC08B9F-FollowerState: change to CANDIDATE, lastRpcElapsedTime:5134409842ns, electionTimeout:5134ms
2022-03-03 15:05:11,185 [860b61a6-6888-4e38-8807-2fca971f454a@group-32B1AEC08B9F-FollowerState] INFO  impl.RoleInfo (RoleInfo.java:shutdownFollowerState(108)) - 860b61a6-6888-4e38-8807-2fca971f454a: shutdown 860b61a6-6888-4e38-8807-2fca971f454a@group-32B1AEC08B9F-FollowerState
2022-03-03 15:05:11,185 [860b61a6-6888-4e38-8807-2fca971f454a@group-32B1AEC08B9F-FollowerState] INFO  server.RaftServer$Division (RaftServerImpl.java:setRole(290)) - 860b61a6-6888-4e38-8807-2fca971f454a@group-32B1AEC08B9F: changes role from  FOLLOWER to CANDIDATE at term 6 for changeToCandidate
2022-03-03 15:05:11,185 [860b61a6-6888-4e38-8807-2fca971f454a@group-32B1AEC08B9F-FollowerState] INFO  server.RaftServerConfigKeys (ConfUtils.java:logGet(44)) - raft.server.leaderelection.pre-vote = false (custom)
2022-03-03 15:05:11,185 [860b61a6-6888-4e38-8807-2fca971f454a@group-32B1AEC08B9F-FollowerState] INFO  impl.RoleInfo (RoleInfo.java:updateAndGet(130)) - 860b61a6-6888-4e38-8807-2fca971f454a: start 860b61a6-6888-4e38-8807-2fca971f454a@group-32B1AEC08B9F-LeaderElection29
2022-03-03 15:05:11,218 [0b7c48c7-0b6d-482c-a819-333bb540c4fb@group-32B1AEC08B9F-FollowerState] INFO  impl.FollowerState (FollowerState.java:run(134)) - 0b7c48c7-0b6d-482c-a819-333bb540c4fb@group-32B1AEC08B9F-FollowerState: change to CANDIDATE, lastRpcElapsedTime:5086270663ns, electionTimeout:5078ms
2022-03-03 15:05:11,218 [0b7c48c7-0b6d-482c-a819-333bb540c4fb@group-32B1AEC08B9F-FollowerState] INFO  impl.RoleInfo (RoleInfo.java:shutdownFollowerState(108)) - 0b7c48c7-0b6d-482c-a819-333bb540c4fb: shutdown 0b7c48c7-0b6d-482c-a819-333bb540c4fb@group-32B1AEC08B9F-FollowerState
2022-03-03 15:05:11,218 [0b7c48c7-0b6d-482c-a819-333bb540c4fb@group-32B1AEC08B9F-FollowerState] INFO  server.RaftServer$Division (RaftServerImpl.java:setRole(290)) - 0b7c48c7-0b6d-482c-a819-333bb540c4fb@group-32B1AEC08B9F: changes role from  FOLLOWER to CANDIDATE at term 6 for changeToCandidate
2022-03-03 15:05:11,219 [0b7c48c7-0b6d-482c-a819-333bb540c4fb@group-32B1AEC08B9F-FollowerState] INFO  server.RaftServerConfigKeys (ConfUtils.java:logGet(44)) - raft.server.leaderelection.pre-vote = false (custom)
2022-03-03 15:05:11,219 [0b7c48c7-0b6d-482c-a819-333bb540c4fb@group-32B1AEC08B9F-FollowerState] INFO  impl.RoleInfo (RoleInfo.java:updateAndGet(130)) - 0b7c48c7-0b6d-482c-a819-333bb540c4fb: start 0b7c48c7-0b6d-482c-a819-333bb540c4fb@group-32B1AEC08B9F-LeaderElection30
2022-03-03 15:05:11,239 [860b61a6-6888-4e38-8807-2fca971f454a@group-32B1AEC08B9F-LeaderElection29] INFO  impl.LeaderElection (LeaderElection.java:askForVotes(306)) - 860b61a6-6888-4e38-8807-2fca971f454a@group-32B1AEC08B9F-LeaderElection29 ELECTION round 0: submit vote requests at term 7 for -1: [0b7c48c7-0b6d-482c-a819-333bb540c4fb|rpc:10.1.0.28:44851|dataStream:|priority:1, 860b61a6-6888-4e38-8807-2fca971f454a|rpc:10.1.0.28:40193|dataStream:|priority:0, 9456f629-97b8-4527-b4fd-0706f8d70381|rpc:10.1.0.28:39067|dataStream:|priority:0], old=null
2022-03-03 15:05:11,241 [0b7c48c7-0b6d-482c-a819-333bb540c4fb@group-32B1AEC08B9F-LeaderElection30] INFO  impl.LeaderElection (LeaderElection.java:askForVotes(306)) - 0b7c48c7-0b6d-482c-a819-333bb540c4fb@group-32B1AEC08B9F-LeaderElection30 ELECTION round 0: submit vote requests at term 7 for -1: [0b7c48c7-0b6d-482c-a819-333bb540c4fb|rpc:10.1.0.28:44851|dataStream:|priority:1, 860b61a6-6888-4e38-8807-2fca971f454a|rpc:10.1.0.28:40193|dataStream:|priority:0, 9456f629-97b8-4527-b4fd-0706f8d70381|rpc:10.1.0.28:39067|dataStream:|priority:0], old=null
2022-03-03 15:05:11,258 [grpc-default-executor-3] INFO  server.RaftServer$Division (RaftServerImpl.java:requestVote(1046)) - 0b7c48c7-0b6d-482c-a819-333bb540c4fb@group-32B1AEC08B9F: receive requestVote(ELECTION, 860b61a6-6888-4e38-8807-2fca971f454a, group-32B1AEC08B9F, 7, (t:0, i:0))
2022-03-03 15:05:11,261 [grpc-default-executor-3] INFO  impl.VoteContext (VoteContext.java:log(48)) - 0b7c48c7-0b6d-482c-a819-333bb540c4fb@group-32B1AEC08B9F-CANDIDATE: reject ELECTION from 860b61a6-6888-4e38-8807-2fca971f454a: already has voted for 0b7c48c7-0b6d-482c-a819-333bb540c4fb at current term 7
2022-03-03 15:05:11,261 [grpc-default-executor-3] INFO  server.RaftServer$Division (RaftServerImpl.java:requestVote(1078)) - 0b7c48c7-0b6d-482c-a819-333bb540c4fb@group-32B1AEC08B9F replies to ELECTION vote request: 860b61a6-6888-4e38-8807-2fca971f454a<-0b7c48c7-0b6d-482c-a819-333bb540c4fb#0:FAIL-t7. Peer's state: 0b7c48c7-0b6d-482c-a819-333bb540c4fb@group-32B1AEC08B9F:t7, leader=null, voted=0b7c48c7-0b6d-482c-a819-333bb540c4fb, raftlog=0b7c48c7-0b6d-482c-a819-333bb540c4fb@group-32B1AEC08B9F-SegmentedRaftLog:OPENED:c-1, conf=-1: [0b7c48c7-0b6d-482c-a819-333bb540c4fb|rpc:10.1.0.28:44851|dataStream:|priority:1, 860b61a6-6888-4e38-8807-2fca971f454a|rpc:10.1.0.28:40193|dataStream:|priority:0, 9456f629-97b8-4527-b4fd-0706f8d70381|rpc:10.1.0.28:39067|dataStream:|priority:0], old=null
2022-03-03 15:05:11,261 [grpc-default-executor-2] INFO  server.RaftServer$Division (RaftServerImpl.java:requestVote(1046)) - 860b61a6-6888-4e38-8807-2fca971f454a@group-32B1AEC08B9F: receive requestVote(ELECTION, 0b7c48c7-0b6d-482c-a819-333bb540c4fb, group-32B1AEC08B9F, 7, (t:0, i:0))
2022-03-03 15:05:11,262 [grpc-default-executor-2] INFO  impl.VoteContext (VoteContext.java:log(48)) - 860b61a6-6888-4e38-8807-2fca971f454a@group-32B1AEC08B9F-CANDIDATE: reject ELECTION from 0b7c48c7-0b6d-482c-a819-333bb540c4fb: already has voted for 860b61a6-6888-4e38-8807-2fca971f454a at current term 7
2022-03-03 15:05:11,263 [grpc-default-executor-2] INFO  server.RaftServer$Division (RaftServerImpl.java:requestVote(1078)) - 860b61a6-6888-4e38-8807-2fca971f454a@group-32B1AEC08B9F replies to ELECTION vote request: 0b7c48c7-0b6d-482c-a819-333bb540c4fb<-860b61a6-6888-4e38-8807-2fca971f454a#0:FAIL-t7. Peer's state: 860b61a6-6888-4e38-8807-2fca971f454a@group-32B1AEC08B9F:t7, leader=null, voted=860b61a6-6888-4e38-8807-2fca971f454a, raftlog=860b61a6-6888-4e38-8807-2fca971f454a@group-32B1AEC08B9F-SegmentedRaftLog:OPENED:c-1, conf=-1: [0b7c48c7-0b6d-482c-a819-333bb540c4fb|rpc:10.1.0.28:44851|dataStream:|priority:1, 860b61a6-6888-4e38-8807-2fca971f454a|rpc:10.1.0.28:40193|dataStream:|priority:0, 9456f629-97b8-4527-b4fd-0706f8d70381|rpc:10.1.0.28:39067|dataStream:|priority:0], old=null
2022-03-03 15:05:11,266 [grpc-default-executor-2] INFO  server.RaftServer$Division (RaftServerImpl.java:requestVote(1046)) - 9456f629-97b8-4527-b4fd-0706f8d70381@group-32B1AEC08B9F: receive requestVote(ELECTION, 860b61a6-6888-4e38-8807-2fca971f454a, group-32B1AEC08B9F, 7, (t:0, i:0))
2022-03-03 15:05:11,267 [grpc-default-executor-2] INFO  impl.VoteContext (VoteContext.java:log(48)) - 9456f629-97b8-4527-b4fd-0706f8d70381@group-32B1AEC08B9F-FOLLOWER: accept ELECTION from 860b61a6-6888-4e38-8807-2fca971f454a: our priority 0 <= candidate's priority 0
2022-03-03 15:05:11,267 [grpc-default-executor-2] INFO  server.RaftServer$Division (RaftServerImpl.java:setRole(290)) - 9456f629-97b8-4527-b4fd-0706f8d70381@group-32B1AEC08B9F: changes role from  FOLLOWER to FOLLOWER at term 7 for candidate:860b61a6-6888-4e38-8807-2fca971f454a
2022-03-03 15:05:11,267 [grpc-default-executor-2] INFO  impl.RoleInfo (RoleInfo.java:shutdownFollowerState(108)) - 9456f629-97b8-4527-b4fd-0706f8d70381: shutdown 9456f629-97b8-4527-b4fd-0706f8d70381@group-32B1AEC08B9F-FollowerState
2022-03-03 15:05:11,267 [860b61a6-6888-4e38-8807-2fca971f454a@group-32B1AEC08B9F-LeaderElection29] INFO  impl.LeaderElection (LeaderElection.java:logAndReturn(89)) - 860b61a6-6888-4e38-8807-2fca971f454a@group-32B1AEC08B9F-LeaderElection29: ELECTION REJECTED received 1 response(s) and 0 exception(s):
2022-03-03 15:05:11,268 [860b61a6-6888-4e38-8807-2fca971f454a@group-32B1AEC08B9F-LeaderElection29] INFO  impl.LeaderElection (LeaderElection.java:logAndReturn(93)) -   Response 0: 860b61a6-6888-4e38-8807-2fca971f454a<-0b7c48c7-0b6d-482c-a819-333bb540c4fb#0:FAIL-t7
2022-03-03 15:05:11,268 [860b61a6-6888-4e38-8807-2fca971f454a@group-32B1AEC08B9F-LeaderElection29] INFO  impl.LeaderElection (LeaderElection.java:askForVotes(308)) - 860b61a6-6888-4e38-8807-2fca971f454a@group-32B1AEC08B9F-LeaderElection29 ELECTION round 0: result REJECTED
2022-03-03 15:05:11,279 [860b61a6-6888-4e38-8807-2fca971f454a@group-32B1AEC08B9F-LeaderElection29] INFO  server.RaftServer$Division (RaftServerImpl.java:setRole(290)) - 860b61a6-6888-4e38-8807-2fca971f454a@group-32B1AEC08B9F: changes role from CANDIDATE to FOLLOWER at term 7 for REJECTED
2022-03-03 15:05:11,279 [860b61a6-6888-4e38-8807-2fca971f454a@group-32B1AEC08B9F-LeaderElection29] INFO  impl.RoleInfo (RoleInfo.java:shutdownLeaderElection(121)) - 860b61a6-6888-4e38-8807-2fca971f454a: shutdown 860b61a6-6888-4e38-8807-2fca971f454a@group-32B1AEC08B9F-LeaderElection29
2022-03-03 15:05:11,279 [860b61a6-6888-4e38-8807-2fca971f454a@group-32B1AEC08B9F-LeaderElection29] INFO  impl.RoleInfo (RoleInfo.java:updateAndGet(130)) - 860b61a6-6888-4e38-8807-2fca971f454a: start 860b61a6-6888-4e38-8807-2fca971f454a@group-32B1AEC08B9F-FollowerState
2022-03-03 15:05:11,267 [9456f629-97b8-4527-b4fd-0706f8d70381@group-32B1AEC08B9F-FollowerState] INFO  impl.FollowerState (FollowerState.java:run(143)) - 9456f629-97b8-4527-b4fd-0706f8d70381@group-32B1AEC08B9F-FollowerState was interrupted: {}
java.lang.InterruptedException: sleep interrupted
	at java.lang.Thread.sleep(Native Method)
	at java.lang.Thread.sleep(Thread.java:342)
	at java.util.concurrent.TimeUnit.sleep(TimeUnit.java:386)
	at org.apache.ratis.util.TimeDuration.sleep(TimeDuration.java:324)
	at org.apache.ratis.util.TimeDuration.sleep(TimeDuration.java:309)
	at org.apache.ratis.server.impl.FollowerState.run(FollowerState.java:118)
2022-03-03 15:05:11,267 [grpc-default-executor-2] INFO  impl.RoleInfo (RoleInfo.java:updateAndGet(130)) - 9456f629-97b8-4527-b4fd-0706f8d70381: start 9456f629-97b8-4527-b4fd-0706f8d70381@group-32B1AEC08B9F-FollowerState
2022-03-03 15:05:11,287 [grpc-default-executor-0] INFO  server.RaftServer$Division (RaftServerImpl.java:requestVote(1046)) - 9456f629-97b8-4527-b4fd-0706f8d70381@group-32B1AEC08B9F: receive requestVote(ELECTION, 0b7c48c7-0b6d-482c-a819-333bb540c4fb, group-32B1AEC08B9F, 7, (t:0, i:0))
2022-03-03 15:05:11,299 [grpc-default-executor-2] INFO  server.RaftServer$Division (RaftServerImpl.java:requestVote(1078)) - 9456f629-97b8-4527-b4fd-0706f8d70381@group-32B1AEC08B9F replies to ELECTION vote request: 860b61a6-6888-4e38-8807-2fca971f454a<-9456f629-97b8-4527-b4fd-0706f8d70381#0:OK-t7. Peer's state: 9456f629-97b8-4527-b4fd-0706f8d70381@group-32B1AEC08B9F:t7, leader=null, voted=860b61a6-6888-4e38-8807-2fca971f454a, raftlog=9456f629-97b8-4527-b4fd-0706f8d70381@group-32B1AEC08B9F-SegmentedRaftLog:OPENED:c-1, conf=-1: [0b7c48c7-0b6d-482c-a819-333bb540c4fb|rpc:10.1.0.28:44851|priority:1, 860b61a6-6888-4e38-8807-2fca971f454a|rpc:10.1.0.28:40193|priority:0, 9456f629-97b8-4527-b4fd-0706f8d70381|rpc:10.1.0.28:39067|priority:0], old=null
2022-03-03 15:05:11,302 [grpc-default-executor-0] INFO  impl.VoteContext (VoteContext.java:log(48)) - 9456f629-97b8-4527-b4fd-0706f8d70381@group-32B1AEC08B9F-FOLLOWER: reject ELECTION from 0b7c48c7-0b6d-482c-a819-333bb540c4fb: already has voted for 860b61a6-6888-4e38-8807-2fca971f454a at current term 7
2022-03-03 15:05:11,302 [grpc-default-executor-0] INFO  server.RaftServer$Division (RaftServerImpl.java:requestVote(1078)) - 9456f629-97b8-4527-b4fd-0706f8d70381@group-32B1AEC08B9F replies to ELECTION vote request: 0b7c48c7-0b6d-482c-a819-333bb540c4fb<-9456f629-97b8-4527-b4fd-0706f8d70381#0:FAIL-t7. Peer's state: 9456f629-97b8-4527-b4fd-0706f8d70381@group-32B1AEC08B9F:t7, leader=null, voted=860b61a6-6888-4e38-8807-2fca971f454a, raftlog=9456f629-97b8-4527-b4fd-0706f8d70381@group-32B1AEC08B9F-SegmentedRaftLog:OPENED:c-1, conf=-1: [0b7c48c7-0b6d-482c-a819-333bb540c4fb|rpc:10.1.0.28:44851|priority:1, 860b61a6-6888-4e38-8807-2fca971f454a|rpc:10.1.0.28:40193|priority:0, 9456f629-97b8-4527-b4fd-0706f8d70381|rpc:10.1.0.28:39067|priority:0], old=null
2022-03-03 15:05:11,319 [0b7c48c7-0b6d-482c-a819-333bb540c4fb@group-32B1AEC08B9F-LeaderElection30] INFO  impl.LeaderElection (LeaderElection.java:logAndReturn(89)) - 0b7c48c7-0b6d-482c-a819-333bb540c4fb@group-32B1AEC08B9F-LeaderElection30: ELECTION REJECTED received 2 response(s) and 0 exception(s):
2022-03-03 15:05:11,320 [0b7c48c7-0b6d-482c-a819-333bb540c4fb@group-32B1AEC08B9F-LeaderElection30] INFO  impl.LeaderElection (LeaderElection.java:logAndReturn(93)) -   Response 0: 0b7c48c7-0b6d-482c-a819-333bb540c4fb<-860b61a6-6888-4e38-8807-2fca971f454a#0:FAIL-t7
2022-03-03 15:05:11,320 [0b7c48c7-0b6d-482c-a819-333bb540c4fb@group-32B1AEC08B9F-LeaderElection30] INFO  impl.LeaderElection (LeaderElection.java:logAndReturn(93)) -   Response 1: 0b7c48c7-0b6d-482c-a819-333bb540c4fb<-9456f629-97b8-4527-b4fd-0706f8d70381#0:FAIL-t7
2022-03-03 15:05:11,320 [0b7c48c7-0b6d-482c-a819-333bb540c4fb@group-32B1AEC08B9F-LeaderElection30] INFO  impl.LeaderElection (LeaderElection.java:askForVotes(308)) - 0b7c48c7-0b6d-482c-a819-333bb540c4fb@group-32B1AEC08B9F-LeaderElection30 ELECTION round 0: result REJECTED
2022-03-03 15:05:11,320 [0b7c48c7-0b6d-482c-a819-333bb540c4fb@group-32B1AEC08B9F-LeaderElection30] INFO  server.RaftServer$Division (RaftServerImpl.java:setRole(290)) - 0b7c48c7-0b6d-482c-a819-333bb540c4fb@group-32B1AEC08B9F: changes role from CANDIDATE to FOLLOWER at term 7 for REJECTED
2022-03-03 15:05:11,320 [0b7c48c7-0b6d-482c-a819-333bb540c4fb@group-32B1AEC08B9F-LeaderElection30] INFO  impl.RoleInfo (RoleInfo.java:shutdownLeaderElection(121)) - 0b7c48c7-0b6d-482c-a819-333bb540c4fb: shutdown 0b7c48c7-0b6d-482c-a819-333bb540c4fb@group-32B1AEC08B9F-LeaderElection30
2022-03-03 15:05:11,320 [0b7c48c7-0b6d-482c-a819-333bb540c4fb@group-32B1AEC08B9F-LeaderElection30] INFO  impl.RoleInfo (RoleInfo.java:updateAndGet(130)) - 0b7c48c7-0b6d-482c-a819-333bb540c4fb: start 0b7c48c7-0b6d-482c-a819-333bb540c4fb@group-32B1AEC08B9F-FollowerState
2022-03-03 15:05:11,960 [Listener at 127.0.0.1/44823] INFO  ozone.MiniOzoneClusterImpl (MiniOzoneClusterImpl.java:lambda$waitForClusterToBeReady$0(219)) - Nodes are ready. Got 3 of 3 DN Heartbeats.
2022-03-03 15:05:11,961 [Listener at 127.0.0.1/44823] INFO  ozone.MiniOzoneClusterImpl (MiniOzoneClusterImpl.java:lambda$waitForClusterToBeReady$0(222)) - Waiting for cluster to exit safe mode
2022-03-03 15:05:11,961 [Listener at 127.0.0.1/44823] INFO  ozone.MiniOzoneClusterImpl (MiniOzoneClusterImpl.java:lambda$waitForClusterToBeReady$0(224)) - SCM became leader
2022-03-03 15:05:12,962 [Listener at 127.0.0.1/44823] INFO  ozone.MiniOzoneClusterImpl (MiniOzoneClusterImpl.java:lambda$waitForClusterToBeReady$0(219)) - Nodes are ready. Got 3 of 3 DN Heartbeats.
2022-03-03 15:05:12,962 [Listener at 127.0.0.1/44823] INFO  ozone.MiniOzoneClusterImpl (MiniOzoneClusterImpl.java:lambda$waitForClusterToBeReady$0(222)) - Waiting for cluster to exit safe mode
2022-03-03 15:05:12,962 [Listener at 127.0.0.1/44823] INFO  ozone.MiniOzoneClusterImpl (MiniOzoneClusterImpl.java:lambda$waitForClusterToBeReady$0(224)) - SCM became leader
2022-03-03 15:05:13,962 [Listener at 127.0.0.1/44823] INFO  ozone.MiniOzoneClusterImpl (MiniOzoneClusterImpl.java:lambda$waitForClusterToBeReady$0(219)) - Nodes are ready. Got 3 of 3 DN Heartbeats.
2022-03-03 15:05:13,962 [Listener at 127.0.0.1/44823] INFO  ozone.MiniOzoneClusterImpl (MiniOzoneClusterImpl.java:lambda$waitForClusterToBeReady$0(222)) - Waiting for cluster to exit safe mode
2022-03-03 15:05:13,962 [Listener at 127.0.0.1/44823] INFO  ozone.MiniOzoneClusterImpl (MiniOzoneClusterImpl.java:lambda$waitForClusterToBeReady$0(224)) - SCM became leader
2022-03-03 15:05:14,963 [Listener at 127.0.0.1/44823] INFO  ozone.MiniOzoneClusterImpl (MiniOzoneClusterImpl.java:lambda$waitForClusterToBeReady$0(219)) - Nodes are ready. Got 3 of 3 DN Heartbeats.
2022-03-03 15:05:14,963 [Listener at 127.0.0.1/44823] INFO  ozone.MiniOzoneClusterImpl (MiniOzoneClusterImpl.java:lambda$waitForClusterToBeReady$0(222)) - Waiting for cluster to exit safe mode
2022-03-03 15:05:14,963 [Listener at 127.0.0.1/44823] INFO  ozone.MiniOzoneClusterImpl (MiniOzoneClusterImpl.java:lambda$waitForClusterToBeReady$0(224)) - SCM became leader
2022-03-03 15:05:15,963 [Listener at 127.0.0.1/44823] INFO  ozone.MiniOzoneClusterImpl (MiniOzoneClusterImpl.java:lambda$waitForClusterToBeReady$0(219)) - Nodes are ready. Got 3 of 3 DN Heartbeats.
2022-03-03 15:05:15,963 [Listener at 127.0.0.1/44823] INFO  ozone.MiniOzoneClusterImpl (MiniOzoneClusterImpl.java:lambda$waitForClusterToBeReady$0(222)) - Waiting for cluster to exit safe mode
2022-03-03 15:05:15,963 [Listener at 127.0.0.1/44823] INFO  ozone.MiniOzoneClusterImpl (MiniOzoneClusterImpl.java:lambda$waitForClusterToBeReady$0(224)) - SCM became leader
2022-03-03 15:05:16,309 [860b61a6-6888-4e38-8807-2fca971f454a@group-32B1AEC08B9F-FollowerState] INFO  impl.FollowerState (FollowerState.java:run(134)) - 860b61a6-6888-4e38-8807-2fca971f454a@group-32B1AEC08B9F-FollowerState: change to CANDIDATE, lastRpcElapsedTime:5030108482ns, electionTimeout:5019ms
2022-03-03 15:05:16,309 [860b61a6-6888-4e38-8807-2fca971f454a@group-32B1AEC08B9F-FollowerState] INFO  impl.RoleInfo (RoleInfo.java:shutdownFollowerState(108)) - 860b61a6-6888-4e38-8807-2fca971f454a: shutdown 860b61a6-6888-4e38-8807-2fca971f454a@group-32B1AEC08B9F-FollowerState
2022-03-03 15:05:16,309 [860b61a6-6888-4e38-8807-2fca971f454a@group-32B1AEC08B9F-FollowerState] INFO  server.RaftServer$Division (RaftServerImpl.java:setRole(290)) - 860b61a6-6888-4e38-8807-2fca971f454a@group-32B1AEC08B9F: changes role from  FOLLOWER to CANDIDATE at term 7 for changeToCandidate
2022-03-03 15:05:16,310 [860b61a6-6888-4e38-8807-2fca971f454a@group-32B1AEC08B9F-FollowerState] INFO  server.RaftServerConfigKeys (ConfUtils.java:logGet(44)) - raft.server.leaderelection.pre-vote = false (custom)
2022-03-03 15:05:16,310 [860b61a6-6888-4e38-8807-2fca971f454a@group-32B1AEC08B9F-FollowerState] INFO  impl.RoleInfo (RoleInfo.java:updateAndGet(130)) - 860b61a6-6888-4e38-8807-2fca971f454a: start 860b61a6-6888-4e38-8807-2fca971f454a@group-32B1AEC08B9F-LeaderElection31
2022-03-03 15:05:16,315 [860b61a6-6888-4e38-8807-2fca971f454a@group-32B1AEC08B9F-LeaderElection31] INFO  impl.LeaderElection (LeaderElection.java:askForVotes(306)) - 860b61a6-6888-4e38-8807-2fca971f454a@group-32B1AEC08B9F-LeaderElection31 ELECTION round 0: submit vote requests at term 8 for -1: [0b7c48c7-0b6d-482c-a819-333bb540c4fb|rpc:10.1.0.28:44851|dataStream:|priority:1, 860b61a6-6888-4e38-8807-2fca971f454a|rpc:10.1.0.28:40193|dataStream:|priority:0, 9456f629-97b8-4527-b4fd-0706f8d70381|rpc:10.1.0.28:39067|dataStream:|priority:0], old=null
2022-03-03 15:05:16,339 [grpc-default-executor-2] INFO  server.RaftServer$Division (RaftServerImpl.java:requestVote(1046)) - 0b7c48c7-0b6d-482c-a819-333bb540c4fb@group-32B1AEC08B9F: receive requestVote(ELECTION, 860b61a6-6888-4e38-8807-2fca971f454a, group-32B1AEC08B9F, 8, (t:0, i:0))
2022-03-03 15:05:16,340 [grpc-default-executor-2] INFO  impl.VoteContext (VoteContext.java:log(48)) - 0b7c48c7-0b6d-482c-a819-333bb540c4fb@group-32B1AEC08B9F-FOLLOWER: reject ELECTION from 860b61a6-6888-4e38-8807-2fca971f454a: our priority 1 > candidate's priority 0
2022-03-03 15:05:16,340 [grpc-default-executor-2] INFO  server.RaftServer$Division (RaftServerImpl.java:setRole(290)) - 0b7c48c7-0b6d-482c-a819-333bb540c4fb@group-32B1AEC08B9F: changes role from  FOLLOWER to FOLLOWER at term 8 for candidate:860b61a6-6888-4e38-8807-2fca971f454a
2022-03-03 15:05:16,340 [grpc-default-executor-2] INFO  impl.RoleInfo (RoleInfo.java:shutdownFollowerState(108)) - 0b7c48c7-0b6d-482c-a819-333bb540c4fb: shutdown 0b7c48c7-0b6d-482c-a819-333bb540c4fb@group-32B1AEC08B9F-FollowerState
2022-03-03 15:05:16,340 [grpc-default-executor-2] INFO  impl.RoleInfo (RoleInfo.java:updateAndGet(130)) - 0b7c48c7-0b6d-482c-a819-333bb540c4fb: start 0b7c48c7-0b6d-482c-a819-333bb540c4fb@group-32B1AEC08B9F-FollowerState
2022-03-03 15:05:16,341 [grpc-default-executor-2] INFO  server.RaftServer$Division (RaftServerImpl.java:requestVote(1078)) - 0b7c48c7-0b6d-482c-a819-333bb540c4fb@group-32B1AEC08B9F replies to ELECTION vote request: 860b61a6-6888-4e38-8807-2fca971f454a<-0b7c48c7-0b6d-482c-a819-333bb540c4fb#0:FAIL-t8. Peer's state: 0b7c48c7-0b6d-482c-a819-333bb540c4fb@group-32B1AEC08B9F:t8, leader=null, voted=null, raftlog=0b7c48c7-0b6d-482c-a819-333bb540c4fb@group-32B1AEC08B9F-SegmentedRaftLog:OPENED:c-1, conf=-1: [0b7c48c7-0b6d-482c-a819-333bb540c4fb|rpc:10.1.0.28:44851|dataStream:|priority:1, 860b61a6-6888-4e38-8807-2fca971f454a|rpc:10.1.0.28:40193|dataStream:|priority:0, 9456f629-97b8-4527-b4fd-0706f8d70381|rpc:10.1.0.28:39067|dataStream:|priority:0], old=null
2022-03-03 15:05:16,343 [0b7c48c7-0b6d-482c-a819-333bb540c4fb@group-32B1AEC08B9F-FollowerState] INFO  impl.FollowerState (FollowerState.java:run(143)) - 0b7c48c7-0b6d-482c-a819-333bb540c4fb@group-32B1AEC08B9F-FollowerState was interrupted: {}
java.lang.InterruptedException: sleep interrupted
	at java.lang.Thread.sleep(Native Method)
	at java.lang.Thread.sleep(Thread.java:342)
	at java.util.concurrent.TimeUnit.sleep(TimeUnit.java:386)
	at org.apache.ratis.util.TimeDuration.sleep(TimeDuration.java:324)
	at org.apache.ratis.util.TimeDuration.sleep(TimeDuration.java:309)
	at org.apache.ratis.server.impl.FollowerState.run(FollowerState.java:118)
2022-03-03 15:05:16,347 [860b61a6-6888-4e38-8807-2fca971f454a@group-32B1AEC08B9F-LeaderElection31] INFO  impl.LeaderElection (LeaderElection.java:logAndReturn(89)) - 860b61a6-6888-4e38-8807-2fca971f454a@group-32B1AEC08B9F-LeaderElection31: ELECTION REJECTED received 1 response(s) and 0 exception(s):
2022-03-03 15:05:16,350 [860b61a6-6888-4e38-8807-2fca971f454a@group-32B1AEC08B9F-LeaderElection31] INFO  impl.LeaderElection (LeaderElection.java:logAndReturn(93)) -   Response 0: 860b61a6-6888-4e38-8807-2fca971f454a<-0b7c48c7-0b6d-482c-a819-333bb540c4fb#0:FAIL-t8
2022-03-03 15:05:16,350 [860b61a6-6888-4e38-8807-2fca971f454a@group-32B1AEC08B9F-LeaderElection31] INFO  impl.LeaderElection (LeaderElection.java:askForVotes(308)) - 860b61a6-6888-4e38-8807-2fca971f454a@group-32B1AEC08B9F-LeaderElection31 ELECTION round 0: result REJECTED
2022-03-03 15:05:16,350 [860b61a6-6888-4e38-8807-2fca971f454a@group-32B1AEC08B9F-LeaderElection31] INFO  server.RaftServer$Division (RaftServerImpl.java:setRole(290)) - 860b61a6-6888-4e38-8807-2fca971f454a@group-32B1AEC08B9F: changes role from CANDIDATE to FOLLOWER at term 8 for REJECTED
2022-03-03 15:05:16,351 [860b61a6-6888-4e38-8807-2fca971f454a@group-32B1AEC08B9F-LeaderElection31] INFO  impl.RoleInfo (RoleInfo.java:shutdownLeaderElection(121)) - 860b61a6-6888-4e38-8807-2fca971f454a: shutdown 860b61a6-6888-4e38-8807-2fca971f454a@group-32B1AEC08B9F-LeaderElection31
2022-03-03 15:05:16,351 [860b61a6-6888-4e38-8807-2fca971f454a@group-32B1AEC08B9F-LeaderElection31] INFO  impl.RoleInfo (RoleInfo.java:updateAndGet(130)) - 860b61a6-6888-4e38-8807-2fca971f454a: start 860b61a6-6888-4e38-8807-2fca971f454a@group-32B1AEC08B9F-FollowerState
2022-03-03 15:05:16,383 [grpc-default-executor-2] INFO  server.RaftServer$Division (RaftServerImpl.java:requestVote(1046)) - 9456f629-97b8-4527-b4fd-0706f8d70381@group-32B1AEC08B9F: receive requestVote(ELECTION, 860b61a6-6888-4e38-8807-2fca971f454a, group-32B1AEC08B9F, 8, (t:0, i:0))
2022-03-03 15:05:16,383 [grpc-default-executor-2] INFO  impl.VoteContext (VoteContext.java:log(48)) - 9456f629-97b8-4527-b4fd-0706f8d70381@group-32B1AEC08B9F-FOLLOWER: accept ELECTION from 860b61a6-6888-4e38-8807-2fca971f454a: our priority 0 <= candidate's priority 0
2022-03-03 15:05:16,383 [grpc-default-executor-2] INFO  server.RaftServer$Division (RaftServerImpl.java:setRole(290)) - 9456f629-97b8-4527-b4fd-0706f8d70381@group-32B1AEC08B9F: changes role from  FOLLOWER to FOLLOWER at term 8 for candidate:860b61a6-6888-4e38-8807-2fca971f454a
2022-03-03 15:05:16,383 [grpc-default-executor-2] INFO  impl.RoleInfo (RoleInfo.java:shutdownFollowerState(108)) - 9456f629-97b8-4527-b4fd-0706f8d70381: shutdown 9456f629-97b8-4527-b4fd-0706f8d70381@group-32B1AEC08B9F-FollowerState
2022-03-03 15:05:16,383 [grpc-default-executor-2] INFO  impl.RoleInfo (RoleInfo.java:updateAndGet(130)) - 9456f629-97b8-4527-b4fd-0706f8d70381: start 9456f629-97b8-4527-b4fd-0706f8d70381@group-32B1AEC08B9F-FollowerState
2022-03-03 15:05:16,383 [9456f629-97b8-4527-b4fd-0706f8d70381@group-32B1AEC08B9F-FollowerState] INFO  impl.FollowerState (FollowerState.java:run(143)) - 9456f629-97b8-4527-b4fd-0706f8d70381@group-32B1AEC08B9F-FollowerState was interrupted: {}
java.lang.InterruptedException: sleep interrupted
	at java.lang.Thread.sleep(Native Method)
	at java.lang.Thread.sleep(Thread.java:342)
	at java.util.concurrent.TimeUnit.sleep(TimeUnit.java:386)
	at org.apache.ratis.util.TimeDuration.sleep(TimeDuration.java:324)
	at org.apache.ratis.util.TimeDuration.sleep(TimeDuration.java:309)
	at org.apache.ratis.server.impl.FollowerState.run(FollowerState.java:118)
2022-03-03 15:05:16,404 [grpc-default-executor-2] INFO  server.RaftServer$Division (RaftServerImpl.java:requestVote(1078)) - 9456f629-97b8-4527-b4fd-0706f8d70381@group-32B1AEC08B9F replies to ELECTION vote request: 860b61a6-6888-4e38-8807-2fca971f454a<-9456f629-97b8-4527-b4fd-0706f8d70381#0:OK-t8. Peer's state: 9456f629-97b8-4527-b4fd-0706f8d70381@group-32B1AEC08B9F:t8, leader=null, voted=860b61a6-6888-4e38-8807-2fca971f454a, raftlog=9456f629-97b8-4527-b4fd-0706f8d70381@group-32B1AEC08B9F-SegmentedRaftLog:OPENED:c-1, conf=-1: [0b7c48c7-0b6d-482c-a819-333bb540c4fb|rpc:10.1.0.28:44851|priority:1, 860b61a6-6888-4e38-8807-2fca971f454a|rpc:10.1.0.28:40193|priority:0, 9456f629-97b8-4527-b4fd-0706f8d70381|rpc:10.1.0.28:39067|priority:0], old=null
2022-03-03 15:05:16,964 [Listener at 127.0.0.1/44823] INFO  ozone.MiniOzoneClusterImpl (MiniOzoneClusterImpl.java:lambda$waitForClusterToBeReady$0(219)) - Nodes are ready. Got 3 of 3 DN Heartbeats.
2022-03-03 15:05:16,964 [Listener at 127.0.0.1/44823] INFO  ozone.MiniOzoneClusterImpl (MiniOzoneClusterImpl.java:lambda$waitForClusterToBeReady$0(222)) - Waiting for cluster to exit safe mode
2022-03-03 15:05:16,964 [Listener at 127.0.0.1/44823] INFO  ozone.MiniOzoneClusterImpl (MiniOzoneClusterImpl.java:lambda$waitForClusterToBeReady$0(224)) - SCM became leader
2022-03-03 15:05:17,964 [Listener at 127.0.0.1/44823] INFO  ozone.MiniOzoneClusterImpl (MiniOzoneClusterImpl.java:lambda$waitForClusterToBeReady$0(219)) - Nodes are ready. Got 3 of 3 DN Heartbeats.
2022-03-03 15:05:17,964 [Listener at 127.0.0.1/44823] INFO  ozone.MiniOzoneClusterImpl (MiniOzoneClusterImpl.java:lambda$waitForClusterToBeReady$0(222)) - Waiting for cluster to exit safe mode
2022-03-03 15:05:17,964 [Listener at 127.0.0.1/44823] INFO  ozone.MiniOzoneClusterImpl (MiniOzoneClusterImpl.java:lambda$waitForClusterToBeReady$0(224)) - SCM became leader
2022-03-03 15:05:18,964 [Listener at 127.0.0.1/44823] INFO  ozone.MiniOzoneClusterImpl (MiniOzoneClusterImpl.java:lambda$waitForClusterToBeReady$0(219)) - Nodes are ready. Got 3 of 3 DN Heartbeats.
2022-03-03 15:05:18,965 [Listener at 127.0.0.1/44823] INFO  ozone.MiniOzoneClusterImpl (MiniOzoneClusterImpl.java:lambda$waitForClusterToBeReady$0(222)) - Waiting for cluster to exit safe mode
2022-03-03 15:05:18,965 [Listener at 127.0.0.1/44823] INFO  ozone.MiniOzoneClusterImpl (MiniOzoneClusterImpl.java:lambda$waitForClusterToBeReady$0(224)) - SCM became leader
2022-03-03 15:05:19,965 [Listener at 127.0.0.1/44823] INFO  ozone.MiniOzoneClusterImpl (MiniOzoneClusterImpl.java:lambda$waitForClusterToBeReady$0(219)) - Nodes are ready. Got 3 of 3 DN Heartbeats.
2022-03-03 15:05:19,965 [Listener at 127.0.0.1/44823] INFO  ozone.MiniOzoneClusterImpl (MiniOzoneClusterImpl.java:lambda$waitForClusterToBeReady$0(222)) - Waiting for cluster to exit safe mode
2022-03-03 15:05:19,965 [Listener at 127.0.0.1/44823] INFO  ozone.MiniOzoneClusterImpl (MiniOzoneClusterImpl.java:lambda$waitForClusterToBeReady$0(224)) - SCM became leader
2022-03-03 15:05:20,965 [Listener at 127.0.0.1/44823] INFO  ozone.MiniOzoneClusterImpl (MiniOzoneClusterImpl.java:lambda$waitForClusterToBeReady$0(219)) - Nodes are ready. Got 3 of 3 DN Heartbeats.
2022-03-03 15:05:20,965 [Listener at 127.0.0.1/44823] INFO  ozone.MiniOzoneClusterImpl (MiniOzoneClusterImpl.java:lambda$waitForClusterToBeReady$0(222)) - Waiting for cluster to exit safe mode
2022-03-03 15:05:20,966 [Listener at 127.0.0.1/44823] INFO  ozone.MiniOzoneClusterImpl (MiniOzoneClusterImpl.java:lambda$waitForClusterToBeReady$0(224)) - SCM became leader
2022-03-03 15:05:21,486 [860b61a6-6888-4e38-8807-2fca971f454a@group-32B1AEC08B9F-FollowerState] INFO  impl.FollowerState (FollowerState.java:run(134)) - 860b61a6-6888-4e38-8807-2fca971f454a@group-32B1AEC08B9F-FollowerState: change to CANDIDATE, lastRpcElapsedTime:5135078371ns, electionTimeout:5103ms
2022-03-03 15:05:21,487 [860b61a6-6888-4e38-8807-2fca971f454a@group-32B1AEC08B9F-FollowerState] INFO  impl.RoleInfo (RoleInfo.java:shutdownFollowerState(108)) - 860b61a6-6888-4e38-8807-2fca971f454a: shutdown 860b61a6-6888-4e38-8807-2fca971f454a@group-32B1AEC08B9F-FollowerState
2022-03-03 15:05:21,487 [860b61a6-6888-4e38-8807-2fca971f454a@group-32B1AEC08B9F-FollowerState] INFO  server.RaftServer$Division (RaftServerImpl.java:setRole(290)) - 860b61a6-6888-4e38-8807-2fca971f454a@group-32B1AEC08B9F: changes role from  FOLLOWER to CANDIDATE at term 8 for changeToCandidate
2022-03-03 15:05:21,487 [860b61a6-6888-4e38-8807-2fca971f454a@group-32B1AEC08B9F-FollowerState] INFO  server.RaftServerConfigKeys (ConfUtils.java:logGet(44)) - raft.server.leaderelection.pre-vote = false (custom)
2022-03-03 15:05:21,487 [860b61a6-6888-4e38-8807-2fca971f454a@group-32B1AEC08B9F-FollowerState] INFO  impl.RoleInfo (RoleInfo.java:updateAndGet(130)) - 860b61a6-6888-4e38-8807-2fca971f454a: start 860b61a6-6888-4e38-8807-2fca971f454a@group-32B1AEC08B9F-LeaderElection32
2022-03-03 15:05:21,493 [860b61a6-6888-4e38-8807-2fca971f454a@group-32B1AEC08B9F-LeaderElection32] INFO  impl.LeaderElection (LeaderElection.java:askForVotes(306)) - 860b61a6-6888-4e38-8807-2fca971f454a@group-32B1AEC08B9F-LeaderElection32 ELECTION round 0: submit vote requests at term 9 for -1: [0b7c48c7-0b6d-482c-a819-333bb540c4fb|rpc:10.1.0.28:44851|dataStream:|priority:1, 860b61a6-6888-4e38-8807-2fca971f454a|rpc:10.1.0.28:40193|dataStream:|priority:0, 9456f629-97b8-4527-b4fd-0706f8d70381|rpc:10.1.0.28:39067|dataStream:|priority:0], old=null
2022-03-03 15:05:21,515 [grpc-default-executor-0] INFO  server.RaftServer$Division (RaftServerImpl.java:requestVote(1046)) - 9456f629-97b8-4527-b4fd-0706f8d70381@group-32B1AEC08B9F: receive requestVote(ELECTION, 860b61a6-6888-4e38-8807-2fca971f454a, group-32B1AEC08B9F, 9, (t:0, i:0))
2022-03-03 15:05:21,515 [grpc-default-executor-0] INFO  impl.VoteContext (VoteContext.java:log(48)) - 9456f629-97b8-4527-b4fd-0706f8d70381@group-32B1AEC08B9F-FOLLOWER: accept ELECTION from 860b61a6-6888-4e38-8807-2fca971f454a: our priority 0 <= candidate's priority 0
2022-03-03 15:05:21,515 [grpc-default-executor-0] INFO  server.RaftServer$Division (RaftServerImpl.java:setRole(290)) - 9456f629-97b8-4527-b4fd-0706f8d70381@group-32B1AEC08B9F: changes role from  FOLLOWER to FOLLOWER at term 9 for candidate:860b61a6-6888-4e38-8807-2fca971f454a
2022-03-03 15:05:21,515 [grpc-default-executor-0] INFO  impl.RoleInfo (RoleInfo.java:shutdownFollowerState(108)) - 9456f629-97b8-4527-b4fd-0706f8d70381: shutdown 9456f629-97b8-4527-b4fd-0706f8d70381@group-32B1AEC08B9F-FollowerState
2022-03-03 15:05:21,516 [grpc-default-executor-0] INFO  impl.RoleInfo (RoleInfo.java:updateAndGet(130)) - 9456f629-97b8-4527-b4fd-0706f8d70381: start 9456f629-97b8-4527-b4fd-0706f8d70381@group-32B1AEC08B9F-FollowerState
2022-03-03 15:05:21,516 [grpc-default-executor-2] INFO  server.RaftServer$Division (RaftServerImpl.java:requestVote(1046)) - 0b7c48c7-0b6d-482c-a819-333bb540c4fb@group-32B1AEC08B9F: receive requestVote(ELECTION, 860b61a6-6888-4e38-8807-2fca971f454a, group-32B1AEC08B9F, 9, (t:0, i:0))
2022-03-03 15:05:21,528 [grpc-default-executor-2] INFO  impl.VoteContext (VoteContext.java:log(48)) - 0b7c48c7-0b6d-482c-a819-333bb540c4fb@group-32B1AEC08B9F-FOLLOWER: reject ELECTION from 860b61a6-6888-4e38-8807-2fca971f454a: our priority 1 > candidate's priority 0
2022-03-03 15:05:21,528 [grpc-default-executor-2] INFO  server.RaftServer$Division (RaftServerImpl.java:setRole(290)) - 0b7c48c7-0b6d-482c-a819-333bb540c4fb@group-32B1AEC08B9F: changes role from  FOLLOWER to FOLLOWER at term 9 for candidate:860b61a6-6888-4e38-8807-2fca971f454a
2022-03-03 15:05:21,528 [grpc-default-executor-2] INFO  impl.RoleInfo (RoleInfo.java:shutdownFollowerState(108)) - 0b7c48c7-0b6d-482c-a819-333bb540c4fb: shutdown 0b7c48c7-0b6d-482c-a819-333bb540c4fb@group-32B1AEC08B9F-FollowerState
2022-03-03 15:05:21,528 [grpc-default-executor-2] INFO  impl.RoleInfo (RoleInfo.java:updateAndGet(130)) - 0b7c48c7-0b6d-482c-a819-333bb540c4fb: start 0b7c48c7-0b6d-482c-a819-333bb540c4fb@group-32B1AEC08B9F-FollowerState
2022-03-03 15:05:21,528 [grpc-default-executor-0] INFO  server.RaftServer$Division (RaftServerImpl.java:requestVote(1078)) - 9456f629-97b8-4527-b4fd-0706f8d70381@group-32B1AEC08B9F replies to ELECTION vote request: 860b61a6-6888-4e38-8807-2fca971f454a<-9456f629-97b8-4527-b4fd-0706f8d70381#0:OK-t9. Peer's state: 9456f629-97b8-4527-b4fd-0706f8d70381@group-32B1AEC08B9F:t9, leader=null, voted=860b61a6-6888-4e38-8807-2fca971f454a, raftlog=9456f629-97b8-4527-b4fd-0706f8d70381@group-32B1AEC08B9F-SegmentedRaftLog:OPENED:c-1, conf=-1: [0b7c48c7-0b6d-482c-a819-333bb540c4fb|rpc:10.1.0.28:44851|priority:1, 860b61a6-6888-4e38-8807-2fca971f454a|rpc:10.1.0.28:40193|priority:0, 9456f629-97b8-4527-b4fd-0706f8d70381|rpc:10.1.0.28:39067|priority:0], old=null
2022-03-03 15:05:21,529 [0b7c48c7-0b6d-482c-a819-333bb540c4fb@group-32B1AEC08B9F-FollowerState] INFO  impl.FollowerState (FollowerState.java:run(143)) - 0b7c48c7-0b6d-482c-a819-333bb540c4fb@group-32B1AEC08B9F-FollowerState was interrupted: {}
java.lang.InterruptedException: sleep interrupted
	at java.lang.Thread.sleep(Native Method)
	at java.lang.Thread.sleep(Thread.java:342)
	at java.util.concurrent.TimeUnit.sleep(TimeUnit.java:386)
	at org.apache.ratis.util.TimeDuration.sleep(TimeDuration.java:324)
	at org.apache.ratis.util.TimeDuration.sleep(TimeDuration.java:309)
	at org.apache.ratis.server.impl.FollowerState.run(FollowerState.java:118)
2022-03-03 15:05:21,516 [9456f629-97b8-4527-b4fd-0706f8d70381@group-32B1AEC08B9F-FollowerState] INFO  impl.FollowerState (FollowerState.java:run(143)) - 9456f629-97b8-4527-b4fd-0706f8d70381@group-32B1AEC08B9F-FollowerState was interrupted: {}
java.lang.InterruptedException: sleep interrupted
	at java.lang.Thread.sleep(Native Method)
	at java.lang.Thread.sleep(Thread.java:342)
	at java.util.concurrent.TimeUnit.sleep(TimeUnit.java:386)
	at org.apache.ratis.util.TimeDuration.sleep(TimeDuration.java:324)
	at org.apache.ratis.util.TimeDuration.sleep(TimeDuration.java:309)
	at org.apache.ratis.server.impl.FollowerState.run(FollowerState.java:118)
2022-03-03 15:05:21,535 [grpc-default-executor-2] INFO  server.RaftServer$Division (RaftServerImpl.java:requestVote(1078)) - 0b7c48c7-0b6d-482c-a819-333bb540c4fb@group-32B1AEC08B9F replies to ELECTION vote request: 860b61a6-6888-4e38-8807-2fca971f454a<-0b7c48c7-0b6d-482c-a819-333bb540c4fb#0:FAIL-t9. Peer's state: 0b7c48c7-0b6d-482c-a819-333bb540c4fb@group-32B1AEC08B9F:t9, leader=null, voted=null, raftlog=0b7c48c7-0b6d-482c-a819-333bb540c4fb@group-32B1AEC08B9F-SegmentedRaftLog:OPENED:c-1, conf=-1: [0b7c48c7-0b6d-482c-a819-333bb540c4fb|rpc:10.1.0.28:44851|dataStream:|priority:1, 860b61a6-6888-4e38-8807-2fca971f454a|rpc:10.1.0.28:40193|dataStream:|priority:0, 9456f629-97b8-4527-b4fd-0706f8d70381|rpc:10.1.0.28:39067|dataStream:|priority:0], old=null
2022-03-03 15:05:21,546 [860b61a6-6888-4e38-8807-2fca971f454a@group-32B1AEC08B9F-LeaderElection32] INFO  impl.LeaderElection (LeaderElection.java:logAndReturn(89)) - 860b61a6-6888-4e38-8807-2fca971f454a@group-32B1AEC08B9F-LeaderElection32: ELECTION REJECTED received 2 response(s) and 0 exception(s):
2022-03-03 15:05:21,546 [860b61a6-6888-4e38-8807-2fca971f454a@group-32B1AEC08B9F-LeaderElection32] INFO  impl.LeaderElection (LeaderElection.java:logAndReturn(93)) -   Response 0: 860b61a6-6888-4e38-8807-2fca971f454a<-0b7c48c7-0b6d-482c-a819-333bb540c4fb#0:FAIL-t9
2022-03-03 15:05:21,546 [860b61a6-6888-4e38-8807-2fca971f454a@group-32B1AEC08B9F-LeaderElection32] INFO  impl.LeaderElection (LeaderElection.java:logAndReturn(93)) -   Response 1: 860b61a6-6888-4e38-8807-2fca971f454a<-9456f629-97b8-4527-b4fd-0706f8d70381#0:OK-t9
2022-03-03 15:05:21,546 [860b61a6-6888-4e38-8807-2fca971f454a@group-32B1AEC08B9F-LeaderElection32] INFO  impl.LeaderElection (LeaderElection.java:askForVotes(308)) - 860b61a6-6888-4e38-8807-2fca971f454a@group-32B1AEC08B9F-LeaderElection32 ELECTION round 0: result REJECTED
2022-03-03 15:05:21,546 [860b61a6-6888-4e38-8807-2fca971f454a@group-32B1AEC08B9F-LeaderElection32] INFO  server.RaftServer$Division (RaftServerImpl.java:setRole(290)) - 860b61a6-6888-4e38-8807-2fca971f454a@group-32B1AEC08B9F: changes role from CANDIDATE to FOLLOWER at term 9 for REJECTED
2022-03-03 15:05:21,546 [860b61a6-6888-4e38-8807-2fca971f454a@group-32B1AEC08B9F-LeaderElection32] INFO  impl.RoleInfo (RoleInfo.java:shutdownLeaderElection(121)) - 860b61a6-6888-4e38-8807-2fca971f454a: shutdown 860b61a6-6888-4e38-8807-2fca971f454a@group-32B1AEC08B9F-LeaderElection32
2022-03-03 15:05:21,546 [860b61a6-6888-4e38-8807-2fca971f454a@group-32B1AEC08B9F-LeaderElection32] INFO  impl.RoleInfo (RoleInfo.java:updateAndGet(130)) - 860b61a6-6888-4e38-8807-2fca971f454a: start 860b61a6-6888-4e38-8807-2fca971f454a@group-32B1AEC08B9F-FollowerState
2022-03-03 15:05:21,966 [Listener at 127.0.0.1/44823] INFO  ozone.MiniOzoneClusterImpl (MiniOzoneClusterImpl.java:lambda$waitForClusterToBeReady$0(219)) - Nodes are ready. Got 3 of 3 DN Heartbeats.
2022-03-03 15:05:21,968 [Listener at 127.0.0.1/44823] INFO  ozone.MiniOzoneClusterImpl (MiniOzoneClusterImpl.java:lambda$waitForClusterToBeReady$0(222)) - Waiting for cluster to exit safe mode
2022-03-03 15:05:21,968 [Listener at 127.0.0.1/44823] INFO  ozone.MiniOzoneClusterImpl (MiniOzoneClusterImpl.java:lambda$waitForClusterToBeReady$0(224)) - SCM became leader
2022-03-03 15:05:22,968 [Listener at 127.0.0.1/44823] INFO  ozone.MiniOzoneClusterImpl (MiniOzoneClusterImpl.java:lambda$waitForClusterToBeReady$0(219)) - Nodes are ready. Got 3 of 3 DN Heartbeats.
2022-03-03 15:05:22,968 [Listener at 127.0.0.1/44823] INFO  ozone.MiniOzoneClusterImpl (MiniOzoneClusterImpl.java:lambda$waitForClusterToBeReady$0(222)) - Waiting for cluster to exit safe mode
2022-03-03 15:05:22,968 [Listener at 127.0.0.1/44823] INFO  ozone.MiniOzoneClusterImpl (MiniOzoneClusterImpl.java:lambda$waitForClusterToBeReady$0(224)) - SCM became leader
2022-03-03 15:05:23,968 [Listener at 127.0.0.1/44823] INFO  ozone.MiniOzoneClusterImpl (MiniOzoneClusterImpl.java:lambda$waitForClusterToBeReady$0(219)) - Nodes are ready. Got 3 of 3 DN Heartbeats.
2022-03-03 15:05:23,969 [Listener at 127.0.0.1/44823] INFO  ozone.MiniOzoneClusterImpl (MiniOzoneClusterImpl.java:lambda$waitForClusterToBeReady$0(222)) - Waiting for cluster to exit safe mode
2022-03-03 15:05:23,969 [Listener at 127.0.0.1/44823] INFO  ozone.MiniOzoneClusterImpl (MiniOzoneClusterImpl.java:lambda$waitForClusterToBeReady$0(224)) - SCM became leader
2022-03-03 15:05:24,969 [Listener at 127.0.0.1/44823] INFO  ozone.MiniOzoneClusterImpl (MiniOzoneClusterImpl.java:lambda$waitForClusterToBeReady$0(219)) - Nodes are ready. Got 3 of 3 DN Heartbeats.
2022-03-03 15:05:24,969 [Listener at 127.0.0.1/44823] INFO  ozone.MiniOzoneClusterImpl (MiniOzoneClusterImpl.java:lambda$waitForClusterToBeReady$0(222)) - Waiting for cluster to exit safe mode
2022-03-03 15:05:24,969 [Listener at 127.0.0.1/44823] INFO  ozone.MiniOzoneClusterImpl (MiniOzoneClusterImpl.java:lambda$waitForClusterToBeReady$0(224)) - SCM became leader
2022-03-03 15:05:25,969 [Listener at 127.0.0.1/44823] INFO  ozone.MiniOzoneClusterImpl (MiniOzoneClusterImpl.java:lambda$waitForClusterToBeReady$0(219)) - Nodes are ready. Got 3 of 3 DN Heartbeats.
2022-03-03 15:05:25,970 [Listener at 127.0.0.1/44823] INFO  ozone.MiniOzoneClusterImpl (MiniOzoneClusterImpl.java:lambda$waitForClusterToBeReady$0(222)) - Waiting for cluster to exit safe mode
2022-03-03 15:05:25,970 [Listener at 127.0.0.1/44823] INFO  ozone.MiniOzoneClusterImpl (MiniOzoneClusterImpl.java:lambda$waitForClusterToBeReady$0(224)) - SCM became leader
2022-03-03 15:05:26,544 [0b7c48c7-0b6d-482c-a819-333bb540c4fb@group-32B1AEC08B9F-FollowerState] INFO  impl.FollowerState (FollowerState.java:run(134)) - 0b7c48c7-0b6d-482c-a819-333bb540c4fb@group-32B1AEC08B9F-FollowerState: change to CANDIDATE, lastRpcElapsedTime:5015851697ns, electionTimeout:5003ms
2022-03-03 15:05:26,544 [0b7c48c7-0b6d-482c-a819-333bb540c4fb@group-32B1AEC08B9F-FollowerState] INFO  impl.RoleInfo (RoleInfo.java:shutdownFollowerState(108)) - 0b7c48c7-0b6d-482c-a819-333bb540c4fb: shutdown 0b7c48c7-0b6d-482c-a819-333bb540c4fb@group-32B1AEC08B9F-FollowerState
2022-03-03 15:05:26,544 [0b7c48c7-0b6d-482c-a819-333bb540c4fb@group-32B1AEC08B9F-FollowerState] INFO  server.RaftServer$Division (RaftServerImpl.java:setRole(290)) - 0b7c48c7-0b6d-482c-a819-333bb540c4fb@group-32B1AEC08B9F: changes role from  FOLLOWER to CANDIDATE at term 9 for changeToCandidate
2022-03-03 15:05:26,544 [0b7c48c7-0b6d-482c-a819-333bb540c4fb@group-32B1AEC08B9F-FollowerState] INFO  server.RaftServerConfigKeys (ConfUtils.java:logGet(44)) - raft.server.leaderelection.pre-vote = false (custom)
2022-03-03 15:05:26,544 [0b7c48c7-0b6d-482c-a819-333bb540c4fb@group-32B1AEC08B9F-FollowerState] INFO  impl.RoleInfo (RoleInfo.java:updateAndGet(130)) - 0b7c48c7-0b6d-482c-a819-333bb540c4fb: start 0b7c48c7-0b6d-482c-a819-333bb540c4fb@group-32B1AEC08B9F-LeaderElection33
2022-03-03 15:05:26,568 [0b7c48c7-0b6d-482c-a819-333bb540c4fb@group-32B1AEC08B9F-LeaderElection33] INFO  impl.LeaderElection (LeaderElection.java:askForVotes(306)) - 0b7c48c7-0b6d-482c-a819-333bb540c4fb@group-32B1AEC08B9F-LeaderElection33 ELECTION round 0: submit vote requests at term 10 for -1: [0b7c48c7-0b6d-482c-a819-333bb540c4fb|rpc:10.1.0.28:44851|dataStream:|priority:1, 860b61a6-6888-4e38-8807-2fca971f454a|rpc:10.1.0.28:40193|dataStream:|priority:0, 9456f629-97b8-4527-b4fd-0706f8d70381|rpc:10.1.0.28:39067|dataStream:|priority:0], old=null
2022-03-03 15:05:26,591 [grpc-default-executor-2] INFO  server.RaftServer$Division (RaftServerImpl.java:requestVote(1046)) - 860b61a6-6888-4e38-8807-2fca971f454a@group-32B1AEC08B9F: receive requestVote(ELECTION, 0b7c48c7-0b6d-482c-a819-333bb540c4fb, group-32B1AEC08B9F, 10, (t:0, i:0))
2022-03-03 15:05:26,591 [grpc-default-executor-2] INFO  impl.VoteContext (VoteContext.java:log(48)) - 860b61a6-6888-4e38-8807-2fca971f454a@group-32B1AEC08B9F-FOLLOWER: accept ELECTION from 0b7c48c7-0b6d-482c-a819-333bb540c4fb: our priority 0 <= candidate's priority 1
2022-03-03 15:05:26,591 [grpc-default-executor-2] INFO  server.RaftServer$Division (RaftServerImpl.java:setRole(290)) - 860b61a6-6888-4e38-8807-2fca971f454a@group-32B1AEC08B9F: changes role from  FOLLOWER to FOLLOWER at term 10 for candidate:0b7c48c7-0b6d-482c-a819-333bb540c4fb
2022-03-03 15:05:26,591 [grpc-default-executor-2] INFO  impl.RoleInfo (RoleInfo.java:shutdownFollowerState(108)) - 860b61a6-6888-4e38-8807-2fca971f454a: shutdown 860b61a6-6888-4e38-8807-2fca971f454a@group-32B1AEC08B9F-FollowerState
2022-03-03 15:05:26,591 [grpc-default-executor-2] INFO  impl.RoleInfo (RoleInfo.java:updateAndGet(130)) - 860b61a6-6888-4e38-8807-2fca971f454a: start 860b61a6-6888-4e38-8807-2fca971f454a@group-32B1AEC08B9F-FollowerState
2022-03-03 15:05:26,591 [860b61a6-6888-4e38-8807-2fca971f454a@group-32B1AEC08B9F-FollowerState] INFO  impl.FollowerState (FollowerState.java:run(143)) - 860b61a6-6888-4e38-8807-2fca971f454a@group-32B1AEC08B9F-FollowerState was interrupted: {}
java.lang.InterruptedException: sleep interrupted
	at java.lang.Thread.sleep(Native Method)
	at java.lang.Thread.sleep(Thread.java:342)
	at java.util.concurrent.TimeUnit.sleep(TimeUnit.java:386)
	at org.apache.ratis.util.TimeDuration.sleep(TimeDuration.java:324)
	at org.apache.ratis.util.TimeDuration.sleep(TimeDuration.java:309)
	at org.apache.ratis.server.impl.FollowerState.run(FollowerState.java:118)
2022-03-03 15:05:26,596 [grpc-default-executor-2] INFO  server.RaftServer$Division (RaftServerImpl.java:requestVote(1078)) - 860b61a6-6888-4e38-8807-2fca971f454a@group-32B1AEC08B9F replies to ELECTION vote request: 0b7c48c7-0b6d-482c-a819-333bb540c4fb<-860b61a6-6888-4e38-8807-2fca971f454a#0:OK-t10. Peer's state: 860b61a6-6888-4e38-8807-2fca971f454a@group-32B1AEC08B9F:t10, leader=null, voted=0b7c48c7-0b6d-482c-a819-333bb540c4fb, raftlog=860b61a6-6888-4e38-8807-2fca971f454a@group-32B1AEC08B9F-SegmentedRaftLog:OPENED:c-1, conf=-1: [0b7c48c7-0b6d-482c-a819-333bb540c4fb|rpc:10.1.0.28:44851|dataStream:|priority:1, 860b61a6-6888-4e38-8807-2fca971f454a|rpc:10.1.0.28:40193|dataStream:|priority:0, 9456f629-97b8-4527-b4fd-0706f8d70381|rpc:10.1.0.28:39067|dataStream:|priority:0], old=null
2022-03-03 15:05:26,617 [0b7c48c7-0b6d-482c-a819-333bb540c4fb@group-32B1AEC08B9F-LeaderElection33] INFO  impl.LeaderElection (LeaderElection.java:logAndReturn(89)) - 0b7c48c7-0b6d-482c-a819-333bb540c4fb@group-32B1AEC08B9F-LeaderElection33: ELECTION PASSED received 1 response(s) and 0 exception(s):
2022-03-03 15:05:26,617 [0b7c48c7-0b6d-482c-a819-333bb540c4fb@group-32B1AEC08B9F-LeaderElection33] INFO  impl.LeaderElection (LeaderElection.java:logAndReturn(93)) -   Response 0: 0b7c48c7-0b6d-482c-a819-333bb540c4fb<-860b61a6-6888-4e38-8807-2fca971f454a#0:OK-t10
2022-03-03 15:05:26,617 [0b7c48c7-0b6d-482c-a819-333bb540c4fb@group-32B1AEC08B9F-LeaderElection33] INFO  impl.LeaderElection (LeaderElection.java:askForVotes(308)) - 0b7c48c7-0b6d-482c-a819-333bb540c4fb@group-32B1AEC08B9F-LeaderElection33 ELECTION round 0: result PASSED
2022-03-03 15:05:26,617 [0b7c48c7-0b6d-482c-a819-333bb540c4fb@group-32B1AEC08B9F-LeaderElection33] INFO  impl.RoleInfo (RoleInfo.java:shutdownLeaderElection(121)) - 0b7c48c7-0b6d-482c-a819-333bb540c4fb: shutdown 0b7c48c7-0b6d-482c-a819-333bb540c4fb@group-32B1AEC08B9F-LeaderElection33
2022-03-03 15:05:26,617 [grpc-default-executor-0] INFO  server.RaftServer$Division (RaftServerImpl.java:requestVote(1046)) - 9456f629-97b8-4527-b4fd-0706f8d70381@group-32B1AEC08B9F: receive requestVote(ELECTION, 0b7c48c7-0b6d-482c-a819-333bb540c4fb, group-32B1AEC08B9F, 10, (t:0, i:0))
2022-03-03 15:05:26,621 [grpc-default-executor-0] INFO  impl.VoteContext (VoteContext.java:log(48)) - 9456f629-97b8-4527-b4fd-0706f8d70381@group-32B1AEC08B9F-FOLLOWER: accept ELECTION from 0b7c48c7-0b6d-482c-a819-333bb540c4fb: our priority 0 <= candidate's priority 1
2022-03-03 15:05:26,621 [grpc-default-executor-0] INFO  server.RaftServer$Division (RaftServerImpl.java:setRole(290)) - 9456f629-97b8-4527-b4fd-0706f8d70381@group-32B1AEC08B9F: changes role from  FOLLOWER to FOLLOWER at term 10 for candidate:0b7c48c7-0b6d-482c-a819-333bb540c4fb
2022-03-03 15:05:26,621 [grpc-default-executor-0] INFO  impl.RoleInfo (RoleInfo.java:shutdownFollowerState(108)) - 9456f629-97b8-4527-b4fd-0706f8d70381: shutdown 9456f629-97b8-4527-b4fd-0706f8d70381@group-32B1AEC08B9F-FollowerState
2022-03-03 15:05:26,621 [grpc-default-executor-0] INFO  impl.RoleInfo (RoleInfo.java:updateAndGet(130)) - 9456f629-97b8-4527-b4fd-0706f8d70381: start 9456f629-97b8-4527-b4fd-0706f8d70381@group-32B1AEC08B9F-FollowerState
2022-03-03 15:05:26,622 [9456f629-97b8-4527-b4fd-0706f8d70381@group-32B1AEC08B9F-FollowerState] INFO  impl.FollowerState (FollowerState.java:run(143)) - 9456f629-97b8-4527-b4fd-0706f8d70381@group-32B1AEC08B9F-FollowerState was interrupted: {}
java.lang.InterruptedException: sleep interrupted
	at java.lang.Thread.sleep(Native Method)
	at java.lang.Thread.sleep(Thread.java:342)
	at java.util.concurrent.TimeUnit.sleep(TimeUnit.java:386)
	at org.apache.ratis.util.TimeDuration.sleep(TimeDuration.java:324)
	at org.apache.ratis.util.TimeDuration.sleep(TimeDuration.java:309)
	at org.apache.ratis.server.impl.FollowerState.run(FollowerState.java:118)
2022-03-03 15:05:26,617 [0b7c48c7-0b6d-482c-a819-333bb540c4fb@group-32B1AEC08B9F-LeaderElection33] INFO  server.RaftServer$Division (RaftServerImpl.java:setRole(290)) - 0b7c48c7-0b6d-482c-a819-333bb540c4fb@group-32B1AEC08B9F: changes role from CANDIDATE to LEADER at term 10 for changeToLeader
2022-03-03 15:05:26,622 [0b7c48c7-0b6d-482c-a819-333bb540c4fb@group-32B1AEC08B9F-LeaderElection33] INFO  ratis.XceiverServerRatis (XceiverServerRatis.java:handleLeaderChangedNotification(867)) - Leader change notification received for group: group-32B1AEC08B9F with new leaderId: 0b7c48c7-0b6d-482c-a819-333bb540c4fb
2022-03-03 15:05:26,627 [0b7c48c7-0b6d-482c-a819-333bb540c4fb@group-32B1AEC08B9F-LeaderElection33] INFO  server.RaftServer$Division (ServerState.java:setLeader(285)) - 0b7c48c7-0b6d-482c-a819-333bb540c4fb@group-32B1AEC08B9F: change Leader from null to 0b7c48c7-0b6d-482c-a819-333bb540c4fb at term 10 for becomeLeader, leader elected after 51369ms
2022-03-03 15:05:26,628 [0b7c48c7-0b6d-482c-a819-333bb540c4fb@group-32B1AEC08B9F-LeaderElection33] INFO  server.RaftServerConfigKeys (ConfUtils.java:logGet(44)) - raft.server.staging.catchup.gap = 1000 (default)
2022-03-03 15:05:26,628 [0b7c48c7-0b6d-482c-a819-333bb540c4fb@group-32B1AEC08B9F-LeaderElection33] INFO  server.RaftServerConfigKeys (ConfUtils.java:logGet(44)) - raft.server.write.element-limit = 1024 (custom)
2022-03-03 15:05:26,628 [0b7c48c7-0b6d-482c-a819-333bb540c4fb@group-32B1AEC08B9F-LeaderElection33] INFO  server.RaftServerConfigKeys (ConfUtils.java:logGet(44)) - raft.server.write.byte-limit = 1024 M (=1073741824) (custom)
2022-03-03 15:05:26,628 [0b7c48c7-0b6d-482c-a819-333bb540c4fb@group-32B1AEC08B9F-LeaderElection33] INFO  server.RaftServerConfigKeys (ConfUtils.java:logGet(44)) - raft.server.watch.timeout = 180s (custom)
2022-03-03 15:05:26,628 [0b7c48c7-0b6d-482c-a819-333bb540c4fb@group-32B1AEC08B9F-LeaderElection33] INFO  server.RaftServerConfigKeys (ConfUtils.java:logGet(44)) - raft.server.watch.timeout.denomination = 1s (default)
2022-03-03 15:05:26,628 [0b7c48c7-0b6d-482c-a819-333bb540c4fb@group-32B1AEC08B9F-LeaderElection33] INFO  server.RaftServerConfigKeys (ConfUtils.java:logGet(44)) - raft.server.watch.element-limit = 65536 (default)
2022-03-03 15:05:26,628 [0b7c48c7-0b6d-482c-a819-333bb540c4fb@group-32B1AEC08B9F-LeaderElection33] INFO  server.RaftServerConfigKeys (ConfUtils.java:logGet(44)) - raft.server.write.element-limit = 1024 (custom)
2022-03-03 15:05:26,628 [0b7c48c7-0b6d-482c-a819-333bb540c4fb@group-32B1AEC08B9F-LeaderElection33] INFO  server.RaftServerConfigKeys (ConfUtils.java:logGet(44)) - raft.server.write.follower.gap.ratio.max = -1.0 (default)
2022-03-03 15:05:26,628 [0b7c48c7-0b6d-482c-a819-333bb540c4fb@group-32B1AEC08B9F-LeaderElection33] INFO  server.RaftServerConfigKeys (ConfUtils.java:logGet(44)) - raft.server.log.appender.snapshot.chunk.size.max = 16MB (=16777216) (default)
2022-03-03 15:05:26,629 [0b7c48c7-0b6d-482c-a819-333bb540c4fb@group-32B1AEC08B9F-LeaderElection33] INFO  server.RaftServerConfigKeys (ConfUtils.java:logGet(44)) - raft.server.log.appender.buffer.byte-limit = 33554432 (custom)
2022-03-03 15:05:26,629 [0b7c48c7-0b6d-482c-a819-333bb540c4fb@group-32B1AEC08B9F-LeaderElection33] INFO  server.RaftServerConfigKeys (ConfUtils.java:logGet(44)) - raft.server.log.appender.buffer.element-limit = 1 (custom)
2022-03-03 15:05:26,629 [0b7c48c7-0b6d-482c-a819-333bb540c4fb@group-32B1AEC08B9F-LeaderElection33] INFO  grpc.GrpcConfigKeys (ConfUtils.java:logGet(44)) - raft.grpc.server.leader.outstanding.appends.max = 128 (default)
2022-03-03 15:05:26,629 [0b7c48c7-0b6d-482c-a819-333bb540c4fb@group-32B1AEC08B9F-LeaderElection33] INFO  server.RaftServerConfigKeys (ConfUtils.java:logGet(44)) - raft.server.rpc.request.timeout = 60s (custom)
2022-03-03 15:05:26,629 [0b7c48c7-0b6d-482c-a819-333bb540c4fb@group-32B1AEC08B9F-LeaderElection33] INFO  server.RaftServerConfigKeys (ConfUtils.java:logGet(44)) - raft.server.log.appender.install.snapshot.enabled = false (custom)
2022-03-03 15:05:26,629 [0b7c48c7-0b6d-482c-a819-333bb540c4fb@group-32B1AEC08B9F-LeaderElection33] INFO  server.RaftServerConfigKeys (ConfUtils.java:logGet(44)) - raft.server.log.appender.snapshot.chunk.size.max = 16MB (=16777216) (default)
2022-03-03 15:05:26,630 [0b7c48c7-0b6d-482c-a819-333bb540c4fb@group-32B1AEC08B9F-LeaderElection33] INFO  server.RaftServerConfigKeys (ConfUtils.java:logGet(44)) - raft.server.log.appender.buffer.byte-limit = 33554432 (custom)
2022-03-03 15:05:26,630 [0b7c48c7-0b6d-482c-a819-333bb540c4fb@group-32B1AEC08B9F-LeaderElection33] INFO  server.RaftServerConfigKeys (ConfUtils.java:logGet(44)) - raft.server.log.appender.buffer.element-limit = 1 (custom)
2022-03-03 15:05:26,630 [0b7c48c7-0b6d-482c-a819-333bb540c4fb@group-32B1AEC08B9F-LeaderElection33] INFO  grpc.GrpcConfigKeys (ConfUtils.java:logGet(44)) - raft.grpc.server.leader.outstanding.appends.max = 128 (default)
2022-03-03 15:05:26,630 [0b7c48c7-0b6d-482c-a819-333bb540c4fb@group-32B1AEC08B9F-LeaderElection33] INFO  server.RaftServerConfigKeys (ConfUtils.java:logGet(44)) - raft.server.rpc.request.timeout = 60s (custom)
2022-03-03 15:05:26,630 [0b7c48c7-0b6d-482c-a819-333bb540c4fb@group-32B1AEC08B9F-LeaderElection33] INFO  server.RaftServerConfigKeys (ConfUtils.java:logGet(44)) - raft.server.log.appender.install.snapshot.enabled = false (custom)
2022-03-03 15:05:26,630 [0b7c48c7-0b6d-482c-a819-333bb540c4fb@group-32B1AEC08B9F-LeaderElection33] INFO  impl.RoleInfo (RoleInfo.java:updateAndGet(130)) - 0b7c48c7-0b6d-482c-a819-333bb540c4fb: start 0b7c48c7-0b6d-482c-a819-333bb540c4fb@group-32B1AEC08B9F-LeaderStateImpl
2022-03-03 15:05:26,631 [0b7c48c7-0b6d-482c-a819-333bb540c4fb@group-32B1AEC08B9F-LeaderElection33] INFO  segmented.SegmentedRaftLogWorker (SegmentedRaftLogWorker.java:startLogSegment(394)) - 0b7c48c7-0b6d-482c-a819-333bb540c4fb@group-32B1AEC08B9F-SegmentedRaftLogWorker: Starting segment from index:0
2022-03-03 15:05:26,632 [EventQueue-PipelineReportForPipelineReportHandler] INFO  pipeline.PipelineManagerImpl (PipelineManagerImpl.java:openPipeline(291)) - Pipeline Pipeline[ Id: d5c299c4-1f29-447c-8692-32b1aec08b9f, Nodes: 9456f629-97b8-4527-b4fd-0706f8d70381{ip: 10.1.0.28, host: fv-az50-851.grzltbmokehuzjyc5b133kdqgh.cx.internal.cloudapp.net, ports: [REPLICATION=38263, RATIS=39067, RATIS_ADMIN=39067, RATIS_SERVER=39067, STANDALONE=41499], networkLocation: /default-rack, certSerialId: null, persistedOpState: IN_SERVICE, persistedOpStateExpiryEpochSec: 0}860b61a6-6888-4e38-8807-2fca971f454a{ip: 10.1.0.28, host: fv-az50-851.grzltbmokehuzjyc5b133kdqgh.cx.internal.cloudapp.net, ports: [REPLICATION=42855, RATIS=40193, RATIS_ADMIN=40193, RATIS_SERVER=40193, STANDALONE=41949], networkLocation: /default-rack, certSerialId: null, persistedOpState: IN_SERVICE, persistedOpStateExpiryEpochSec: 0}0b7c48c7-0b6d-482c-a819-333bb540c4fb{ip: 10.1.0.28, host: fv-az50-851.grzltbmokehuzjyc5b133kdqgh.cx.internal.cloudapp.net, ports: [REPLICATION=34751, RATIS=44851, RATIS_ADMIN=44851, RATIS_SERVER=44851, STANDALONE=35693], networkLocation: /default-rack, certSerialId: null, persistedOpState: IN_SERVICE, persistedOpStateExpiryEpochSec: 0}, ReplicationConfig: RATIS/THREE, State:ALLOCATED, leaderId:0b7c48c7-0b6d-482c-a819-333bb540c4fb, CreationTimestamp2022-03-03T15:04:32.935Z[Etc/UTC]] moved to OPEN state
2022-03-03 15:05:26,633 [EventQueue-OpenPipelineForHealthyPipelineSafeModeRule] INFO  safemode.SCMSafeModeManager (HealthyPipelineSafeModeRule.java:process(124)) - SCM in safe mode. Healthy pipelines reported count is 0, required healthy pipeline reported count is 1
2022-03-03 15:05:26,634 [0b7c48c7-0b6d-482c-a819-333bb540c4fb@group-32B1AEC08B9F-SegmentedRaftLogWorker] INFO  segmented.SegmentedRaftLogWorker (SegmentedRaftLogWorker.java:execute(601)) - 0b7c48c7-0b6d-482c-a819-333bb540c4fb@group-32B1AEC08B9F-SegmentedRaftLogWorker: created new log segment /home/runner/work/ozone/ozone/hadoop-ozone/integration-test/target/test-dir/MiniOzoneClusterImpl-1780bea0-e071-4232-b145-eeecbe4e4805/datanode-2/data/ratis/d5c299c4-1f29-447c-8692-32b1aec08b9f/current/log_inprogress_0
2022-03-03 15:05:26,650 [grpc-default-executor-0] INFO  server.RaftServer$Division (RaftServerImpl.java:requestVote(1078)) - 9456f629-97b8-4527-b4fd-0706f8d70381@group-32B1AEC08B9F replies to ELECTION vote request: 0b7c48c7-0b6d-482c-a819-333bb540c4fb<-9456f629-97b8-4527-b4fd-0706f8d70381#0:OK-t10. Peer's state: 9456f629-97b8-4527-b4fd-0706f8d70381@group-32B1AEC08B9F:t10, leader=null, voted=0b7c48c7-0b6d-482c-a819-333bb540c4fb, raftlog=9456f629-97b8-4527-b4fd-0706f8d70381@group-32B1AEC08B9F-SegmentedRaftLog:OPENED:c-1, conf=-1: [0b7c48c7-0b6d-482c-a819-333bb540c4fb|rpc:10.1.0.28:44851|priority:1, 860b61a6-6888-4e38-8807-2fca971f454a|rpc:10.1.0.28:40193|priority:0, 9456f629-97b8-4527-b4fd-0706f8d70381|rpc:10.1.0.28:39067|priority:0], old=null
2022-03-03 15:05:26,635 [f41ede9f-c29a-4957-a329-430a35551df1@group-EEECBE4E4805-StateMachineUpdater] INFO  safemode.HealthyPipelineSafeModeRule (HealthyPipelineSafeModeRule.java:initializeRule(152)) - Refreshed total pipeline count is 1, healthy pipeline threshold count is 1
2022-03-03 15:05:26,672 [grpc-default-executor-2] INFO  ratis.XceiverServerRatis (XceiverServerRatis.java:handleLeaderChangedNotification(867)) - Leader change notification received for group: group-32B1AEC08B9F with new leaderId: 0b7c48c7-0b6d-482c-a819-333bb540c4fb
2022-03-03 15:05:26,686 [grpc-default-executor-2] INFO  server.RaftServer$Division (ServerState.java:setLeader(285)) - 9456f629-97b8-4527-b4fd-0706f8d70381@group-32B1AEC08B9F: change Leader from null to 0b7c48c7-0b6d-482c-a819-333bb540c4fb at term 10 for appendEntries, leader elected after 51658ms
2022-03-03 15:05:26,667 [0b7c48c7-0b6d-482c-a819-333bb540c4fb@group-32B1AEC08B9F-LeaderElection33] INFO  server.RaftServer$Division (ServerState.java:setRaftConf(387)) - 0b7c48c7-0b6d-482c-a819-333bb540c4fb@group-32B1AEC08B9F: set configuration 0: [0b7c48c7-0b6d-482c-a819-333bb540c4fb|rpc:10.1.0.28:44851|dataStream:|priority:1, 860b61a6-6888-4e38-8807-2fca971f454a|rpc:10.1.0.28:40193|dataStream:|priority:0, 9456f629-97b8-4527-b4fd-0706f8d70381|rpc:10.1.0.28:39067|dataStream:|priority:0], old=null
2022-03-03 15:05:26,672 [EventQueue-OpenPipelineForHealthyPipelineSafeModeRule] INFO  safemode.SCMSafeModeManager (HealthyPipelineSafeModeRule.java:process(124)) - SCM in safe mode. Healthy pipelines reported count is 1, required healthy pipeline reported count is 1
2022-03-03 15:05:26,687 [EventQueue-OpenPipelineForHealthyPipelineSafeModeRule] INFO  safemode.SCMSafeModeManager (SCMSafeModeManager.java:validateSafeModeExitRules(204)) - HealthyPipelineSafeModeRule rule is successfully validated
2022-03-03 15:05:26,687 [EventQueue-OpenPipelineForHealthyPipelineSafeModeRule] INFO  safemode.SCMSafeModeManager (SCMSafeModeManager.java:validateSafeModeExitRules(219)) - ScmSafeModeManager, all rules are successfully validated
2022-03-03 15:05:26,687 [EventQueue-OpenPipelineForHealthyPipelineSafeModeRule] INFO  safemode.SCMSafeModeManager (SCMSafeModeManager.java:exitSafeMode(248)) - SCM exiting safe mode.
2022-03-03 15:05:26,687 [EventQueue-OpenPipelineForHealthyPipelineSafeModeRule] WARN  events.EventQueue (EventQueue.java:fireEvent(194)) - No event handler registered for event TypedEvent{payloadType=SafeModeStatus, name='Safe mode status'}
2022-03-03 15:05:26,687 [grpc-default-executor-3] INFO  ratis.XceiverServerRatis (XceiverServerRatis.java:handleLeaderChangedNotification(867)) - Leader change notification received for group: group-32B1AEC08B9F with new leaderId: 0b7c48c7-0b6d-482c-a819-333bb540c4fb
2022-03-03 15:05:26,687 [grpc-default-executor-3] INFO  server.RaftServer$Division (ServerState.java:setLeader(285)) - 860b61a6-6888-4e38-8807-2fca971f454a@group-32B1AEC08B9F: change Leader from null to 0b7c48c7-0b6d-482c-a819-333bb540c4fb at term 10 for appendEntries, leader elected after 51597ms
2022-03-03 15:05:26,687 [EventQueue-OpenPipelineForHealthyPipelineSafeModeRule] INFO  ha.SCMContext (SCMContext.java:updateSafeModeStatus(211)) - Update SafeModeStatus from SafeModeStatus{safeModeStatus=true, preCheckPassed=true} to SafeModeStatus{safeModeStatus=false, preCheckPassed=true}.
2022-03-03 15:05:26,687 [EventQueue-OpenPipelineForHealthyPipelineSafeModeRule] INFO  container.ReplicationManager (ReplicationManager.java:notifyStatusChanged(1807)) - Service ReplicationManager transitions to RUNNING.
2022-03-03 15:05:26,711 [grpc-default-executor-2] INFO  server.RaftServer$Division (ServerState.java:setRaftConf(387)) - 9456f629-97b8-4527-b4fd-0706f8d70381@group-32B1AEC08B9F: set configuration 0: [0b7c48c7-0b6d-482c-a819-333bb540c4fb|rpc:10.1.0.28:44851|dataStream:|priority:1, 860b61a6-6888-4e38-8807-2fca971f454a|rpc:10.1.0.28:40193|dataStream:|priority:0, 9456f629-97b8-4527-b4fd-0706f8d70381|rpc:10.1.0.28:39067|dataStream:|priority:0], old=null
2022-03-03 15:05:26,712 [grpc-default-executor-2] INFO  segmented.SegmentedRaftLogWorker (SegmentedRaftLogWorker.java:startLogSegment(394)) - 9456f629-97b8-4527-b4fd-0706f8d70381@group-32B1AEC08B9F-SegmentedRaftLogWorker: Starting segment from index:0
2022-03-03 15:05:26,714 [9456f629-97b8-4527-b4fd-0706f8d70381@group-32B1AEC08B9F-SegmentedRaftLogWorker] INFO  segmented.SegmentedRaftLogWorker (SegmentedRaftLogWorker.java:execute(601)) - 9456f629-97b8-4527-b4fd-0706f8d70381@group-32B1AEC08B9F-SegmentedRaftLogWorker: created new log segment /home/runner/work/ozone/ozone/hadoop-ozone/integration-test/target/test-dir/MiniOzoneClusterImpl-1780bea0-e071-4232-b145-eeecbe4e4805/datanode-0/data/ratis/d5c299c4-1f29-447c-8692-32b1aec08b9f/current/log_inprogress_0
2022-03-03 15:05:26,731 [grpc-default-executor-3] INFO  server.RaftServer$Division (ServerState.java:setRaftConf(387)) - 860b61a6-6888-4e38-8807-2fca971f454a@group-32B1AEC08B9F: set configuration 0: [0b7c48c7-0b6d-482c-a819-333bb540c4fb|rpc:10.1.0.28:44851|dataStream:|priority:1, 860b61a6-6888-4e38-8807-2fca971f454a|rpc:10.1.0.28:40193|dataStream:|priority:0, 9456f629-97b8-4527-b4fd-0706f8d70381|rpc:10.1.0.28:39067|dataStream:|priority:0], old=null
2022-03-03 15:05:26,732 [grpc-default-executor-3] INFO  segmented.SegmentedRaftLogWorker (SegmentedRaftLogWorker.java:startLogSegment(394)) - 860b61a6-6888-4e38-8807-2fca971f454a@group-32B1AEC08B9F-SegmentedRaftLogWorker: Starting segment from index:0
2022-03-03 15:05:26,736 [860b61a6-6888-4e38-8807-2fca971f454a@group-32B1AEC08B9F-SegmentedRaftLogWorker] INFO  segmented.SegmentedRaftLogWorker (SegmentedRaftLogWorker.java:execute(601)) - 860b61a6-6888-4e38-8807-2fca971f454a@group-32B1AEC08B9F-SegmentedRaftLogWorker: created new log segment /home/runner/work/ozone/ozone/hadoop-ozone/integration-test/target/test-dir/MiniOzoneClusterImpl-1780bea0-e071-4232-b145-eeecbe4e4805/datanode-1/data/ratis/d5c299c4-1f29-447c-8692-32b1aec08b9f/current/log_inprogress_0
2022-03-03 15:05:26,970 [Listener at 127.0.0.1/44823] INFO  ozone.MiniOzoneClusterImpl (MiniOzoneClusterImpl.java:lambda$waitForClusterToBeReady$0(219)) - Nodes are ready. Got 3 of 3 DN Heartbeats.
2022-03-03 15:05:26,970 [Listener at 127.0.0.1/44823] INFO  ozone.MiniOzoneClusterImpl (MiniOzoneClusterImpl.java:lambda$waitForClusterToBeReady$0(222)) - Cluster exits safe mode
2022-03-03 15:05:26,970 [Listener at 127.0.0.1/44823] INFO  ozone.MiniOzoneClusterImpl (MiniOzoneClusterImpl.java:lambda$waitForClusterToBeReady$0(224)) - SCM became leader
2022-03-03 15:05:26,970 [Listener at 127.0.0.1/44823] INFO  server.StorageContainerManager (StorageContainerManager.java:stop(1414)) - Stopping Container Balancer service.
2022-03-03 15:05:26,970 [Listener at 127.0.0.1/44823] INFO  balancer.ContainerBalancer (ContainerBalancer.java:stop(788)) - Container Balancer is not running.
2022-03-03 15:05:26,970 [Listener at 127.0.0.1/44823] INFO  server.StorageContainerManager (StorageContainerManager.java:stop(1421)) - Stopping Replication Manager Service.
2022-03-03 15:05:26,970 [Listener at 127.0.0.1/44823] INFO  container.ReplicationManager (ReplicationManager.java:stop(357)) - Stopping Replication Monitor Thread.
2022-03-03 15:05:26,970 [Listener at 127.0.0.1/44823] INFO  server.StorageContainerManager (StorageContainerManager.java:stop(1428)) - Stopping the Datanode Admin Monitor.
2022-03-03 15:05:26,970 [Listener at 127.0.0.1/44823] INFO  server.StorageContainerManager (StorageContainerManager.java:stop(1435)) - Stopping Lease Manager of the command watchers
2022-03-03 15:05:26,970 [Listener at 127.0.0.1/44823] INFO  server.StorageContainerManager (StorageContainerManager.java:stop(1442)) - Stopping datanode service RPC server
2022-03-03 15:05:26,970 [Listener at 127.0.0.1/44823] INFO  server.SCMDatanodeProtocolServer (SCMDatanodeProtocolServer.java:stop(400)) - Stopping the RPC server for DataNodes
2022-03-03 15:05:26,971 [Listener at 127.0.0.1/44823] INFO  ipc.Server (Server.java:stop(3414)) - Stopping server on 34909
2022-03-03 15:05:26,984 [IPC Server listener on 0] INFO  ipc.Server (Server.java:run(1376)) - Stopping IPC Server listener on 0
2022-03-03 15:05:26,989 [IPC Server Responder] INFO  ipc.Server (Server.java:run(1512)) - Stopping IPC Server Responder
2022-03-03 15:05:27,068 [SCM Heartbeat Processing Thread - 0] WARN  node.NodeStateManager (NodeStateManager.java:scheduleNextHealthCheck(815)) - Current Thread is interrupted, shutting down HB processing thread for Node Manager.
2022-03-03 15:05:27,070 [Listener at 127.0.0.1/44823] INFO  server.StorageContainerManager (StorageContainerManager.java:stop(1450)) - Stopping block service RPC server
2022-03-03 15:05:27,070 [Listener at 127.0.0.1/44823] INFO  server.SCMBlockProtocolServer (SCMBlockProtocolServer.java:stop(160)) - Stopping the RPC server for Block Protocol
2022-03-03 15:05:27,071 [Listener at 127.0.0.1/44823] INFO  ipc.Server (Server.java:stop(3414)) - Stopping server on 45625
2022-03-03 15:05:27,078 [Listener at 127.0.0.1/44823] INFO  server.StorageContainerManager (StorageContainerManager.java:stop(1457)) - Stopping the StorageContainerLocationProtocol RPC server
2022-03-03 15:05:27,078 [Listener at 127.0.0.1/44823] INFO  server.SCMClientProtocolServer (SCMClientProtocolServer.java:stop(174)) - Stopping the RPC server for Client Protocol
2022-03-03 15:05:27,078 [Listener at 127.0.0.1/44823] INFO  ipc.Server (Server.java:stop(3414)) - Stopping server on 36715
2022-03-03 15:05:27,078 [IPC Server listener on 0] INFO  ipc.Server (Server.java:run(1376)) - Stopping IPC Server listener on 0
2022-03-03 15:05:27,079 [IPC Server Responder] INFO  ipc.Server (Server.java:run(1512)) - Stopping IPC Server Responder
2022-03-03 15:05:27,091 [IPC Server listener on 0] INFO  ipc.Server (Server.java:run(1376)) - Stopping IPC Server listener on 0
2022-03-03 15:05:27,091 [Listener at 127.0.0.1/44823] INFO  server.StorageContainerManager (StorageContainerManager.java:stop(1464)) - Stopping Storage Container Manager HTTP server.
2022-03-03 15:05:27,092 [IPC Server Responder] INFO  ipc.Server (Server.java:run(1512)) - Stopping IPC Server Responder
2022-03-03 15:05:27,092 [Listener at 127.0.0.1/44823] INFO  handler.ContextHandler (ContextHandler.java:doStop(1153)) - Stopped o.e.j.w.WebAppContext@4fcc7805{scm,/,null,STOPPED}{file:/home/runner/work/ozone/ozone/hadoop-ozone/integration-test/target/test-classes/webapps/scm}
2022-03-03 15:05:27,093 [Listener at 127.0.0.1/44823] INFO  server.AbstractConnector (AbstractConnector.java:doStop(381)) - Stopped ServerConnector@7ca6f30f{HTTP/1.1, (http/1.1)}{0.0.0.0:0}
2022-03-03 15:05:27,094 [Listener at 127.0.0.1/44823] INFO  server.session (HouseKeeper.java:stopScavenging(149)) - node0 Stopped scavenging
2022-03-03 15:05:27,094 [Listener at 127.0.0.1/44823] INFO  handler.ContextHandler (ContextHandler.java:doStop(1153)) - Stopped o.e.j.s.ServletContextHandler@612077eb{static,/static,file:///home/runner/work/ozone/ozone/hadoop-ozone/integration-test/target/test-classes/webapps/static,STOPPED}
2022-03-03 15:05:27,094 [Listener at 127.0.0.1/44823] INFO  handler.ContextHandler (ContextHandler.java:doStop(1153)) - Stopped o.e.j.s.ServletContextHandler@10a59750{logs,/logs,file:///home/runner/work/ozone/ozone/hadoop-ozone/integration-test/target/log,STOPPED}
2022-03-03 15:05:27,106 [Listener at 127.0.0.1/44823] INFO  server.StorageContainerManager (StorageContainerManager.java:stop(1475)) - Stopping Block Manager Service.
2022-03-03 15:05:27,107 [Listener at 127.0.0.1/44823] INFO  utils.BackgroundService (BackgroundService.java:shutdown(132)) - Shutting down service SCMBlockDeletingService
2022-03-03 15:05:27,107 [Listener at 127.0.0.1/44823] INFO  utils.BackgroundService (BackgroundService.java:shutdown(132)) - Shutting down service SCMBlockDeletingService
2022-03-03 15:05:27,107 [Listener at 127.0.0.1/44823] INFO  server.StorageContainerManager (StorageContainerManager.java:stop(1502)) - Stopping SCM Event Queue.
2022-03-03 15:05:27,109 [Listener at 127.0.0.1/44823] INFO  server.StorageContainerManager (StorageContainerManager.java:stop(1513)) - Stopping SCM HA services.
2022-03-03 15:05:27,109 [Listener at 127.0.0.1/44823] INFO  ha.SCMRatisServerImpl (SCMRatisServerImpl.java:stop(236)) - stopping ratis server 0.0.0.0:9894
2022-03-03 15:05:27,109 [Listener at 127.0.0.1/44823] INFO  server.RaftServer (RaftServerProxy.java:lambda$close$6(391)) - f41ede9f-c29a-4957-a329-430a35551df1: close
2022-03-03 15:05:27,109 [Listener at 127.0.0.1/44823] INFO  server.RaftServer$Division (RaftServerImpl.java:lambda$close$4(412)) - f41ede9f-c29a-4957-a329-430a35551df1@group-EEECBE4E4805: shutdown
2022-03-03 15:05:27,109 [Listener at 127.0.0.1/44823] INFO  util.JmxRegister (JmxRegister.java:unregister(73)) - Successfully un-registered JMX Bean with object name Ratis:service=RaftServer,group=group-EEECBE4E4805,id=f41ede9f-c29a-4957-a329-430a35551df1
2022-03-03 15:05:27,110 [Listener at 127.0.0.1/44823] INFO  impl.RoleInfo (RoleInfo.java:shutdownLeaderState(91)) - f41ede9f-c29a-4957-a329-430a35551df1: shutdown f41ede9f-c29a-4957-a329-430a35551df1@group-EEECBE4E4805-LeaderStateImpl
2022-03-03 15:05:27,110 [Listener at 127.0.0.1/44823] INFO  impl.PendingRequests (PendingRequests.java:sendNotLeaderResponses(282)) - f41ede9f-c29a-4957-a329-430a35551df1@group-EEECBE4E4805-PendingRequests: sendNotLeaderResponses
2022-03-03 15:05:27,110 [Listener at 127.0.0.1/44823] INFO  ha.SCMStateMachine (SCMStateMachine.java:notifyNotLeader(190)) - current leader SCM steps down.
2022-03-03 15:05:27,110 [Listener at 127.0.0.1/44823] INFO  ha.SCMContext (SCMContext.java:updateLeaderAndTerm(90)) - update <isLeader,term> from <true,2> to <false,0>
2022-03-03 15:05:27,110 [Listener at 127.0.0.1/44823] INFO  ha.SCMContext (SCMContext.java:updateLeaderAndTerm(97)) - update <isLeaderReady> from <false> to <false>
2022-03-03 15:05:27,114 [EndpointStateMachine task thread for /0.0.0.0:34909 - 0 ] WARN  statemachine.EndpointStateMachine (EndpointStateMachine.java:logIfNeeded(236)) - Unable to communicate to SCM server at 0.0.0.0:34909 for past 0 seconds.
java.io.EOFException: End of File Exception between local host is: "fv-az50-851/10.1.0.28"; destination host is: "0.0.0.0":34909; : java.io.EOFException; For more details see:  http://wiki.apache.org/hadoop/EOFException
	at sun.reflect.NativeConstructorAccessorImpl.newInstance0(Native Method)
	at sun.reflect.NativeConstructorAccessorImpl.newInstance(NativeConstructorAccessorImpl.java:62)
	at sun.reflect.DelegatingConstructorAccessorImpl.newInstance(DelegatingConstructorAccessorImpl.java:45)
	at java.lang.reflect.Constructor.newInstance(Constructor.java:423)
	at org.apache.hadoop.net.NetUtils.wrapWithMessage(NetUtils.java:913)
	at org.apache.hadoop.net.NetUtils.wrapException(NetUtils.java:862)
	at org.apache.hadoop.ipc.Client.getRpcResponse(Client.java:1577)
	at org.apache.hadoop.ipc.Client.call(Client.java:1519)
	at org.apache.hadoop.ipc.Client.call(Client.java:1416)
	at org.apache.hadoop.ipc.ProtobufRpcEngine$Invoker.invoke(ProtobufRpcEngine.java:236)
	at org.apache.hadoop.ipc.ProtobufRpcEngine$Invoker.invoke(ProtobufRpcEngine.java:123)
	at com.sun.proxy.$Proxy49.submitRequest(Unknown Source)
	at org.apache.hadoop.ozone.protocolPB.StorageContainerDatanodeProtocolClientSideTranslatorPB.submitRequest(StorageContainerDatanodeProtocolClientSideTranslatorPB.java:117)
	at org.apache.hadoop.ozone.protocolPB.StorageContainerDatanodeProtocolClientSideTranslatorPB.sendHeartbeat(StorageContainerDatanodeProtocolClientSideTranslatorPB.java:149)
	at org.apache.hadoop.ozone.container.common.states.endpoint.HeartbeatEndpointTask.call(HeartbeatEndpointTask.java:180)
	at org.apache.hadoop.ozone.container.common.states.endpoint.HeartbeatEndpointTask.call(HeartbeatEndpointTask.java:83)
	at java.util.concurrent.FutureTask.run(FutureTask.java:266)
	at java.util.concurrent.ThreadPoolExecutor.runWorker(ThreadPoolExecutor.java:1149)
	at java.util.concurrent.ThreadPoolExecutor$Worker.run(ThreadPoolExecutor.java:624)
	at java.lang.Thread.run(Thread.java:750)
Caused by: java.io.EOFException
	at java.io.DataInputStream.readInt(DataInputStream.java:392)
	at org.apache.hadoop.ipc.Client$IpcStreams.readResponse(Client.java:1892)
	at org.apache.hadoop.ipc.Client$Connection.receiveRpcResponse(Client.java:1202)
	at org.apache.hadoop.ipc.Client$Connection.run(Client.java:1098)
2022-03-03 15:05:27,123 [Listener at 127.0.0.1/44823] INFO  impl.StateMachineUpdater (StateMachineUpdater.java:stopAndJoin(149)) - f41ede9f-c29a-4957-a329-430a35551df1@group-EEECBE4E4805-StateMachineUpdater: set stopIndex = 18
2022-03-03 15:05:27,123 [f41ede9f-c29a-4957-a329-430a35551df1@group-EEECBE4E4805-StateMachineUpdater] INFO  ha.SCMStateMachine (SCMStateMachine.java:takeSnapshot(297)) - Current Snapshot Index 18, takeSnapshot took 0 ms
2022-03-03 15:05:27,123 [f41ede9f-c29a-4957-a329-430a35551df1@group-EEECBE4E4805-StateMachineUpdater] INFO  impl.StateMachineUpdater (StateMachineUpdater.java:takeSnapshot(281)) - f41ede9f-c29a-4957-a329-430a35551df1@group-EEECBE4E4805-StateMachineUpdater: Took a snapshot at index 18
2022-03-03 15:05:27,123 [f41ede9f-c29a-4957-a329-430a35551df1@group-EEECBE4E4805-StateMachineUpdater] INFO  impl.StateMachineUpdater (StateMachineUpdater.java:lambda$new$0(89)) - f41ede9f-c29a-4957-a329-430a35551df1@group-EEECBE4E4805-StateMachineUpdater: snapshotIndex: updateIncreasingly -1 -> 18
2022-03-03 15:05:27,126 [Listener at 127.0.0.1/44823] INFO  server.RaftServer$Division (ServerState.java:close(419)) - f41ede9f-c29a-4957-a329-430a35551df1@group-EEECBE4E4805: closes. applyIndex: 18
2022-03-03 15:05:27,127 [f41ede9f-c29a-4957-a329-430a35551df1@group-EEECBE4E4805-SegmentedRaftLogWorker] INFO  segmented.SegmentedRaftLogWorker (SegmentedRaftLogWorker.java:run(327)) - f41ede9f-c29a-4957-a329-430a35551df1@group-EEECBE4E4805-SegmentedRaftLogWorker was interrupted, exiting. There are 0 tasks remaining in the queue.
2022-03-03 15:05:27,129 [Listener at 127.0.0.1/44823] INFO  segmented.SegmentedRaftLogWorker (SegmentedRaftLogWorker.java:close(237)) - f41ede9f-c29a-4957-a329-430a35551df1@group-EEECBE4E4805-SegmentedRaftLogWorker close()
2022-03-03 15:05:27,130 [Listener at 127.0.0.1/44823] INFO  server.GrpcService (GrpcService.java:closeImpl(262)) - f41ede9f-c29a-4957-a329-430a35551df1: shutdown server with port 9894 now
2022-03-03 15:05:27,131 [Listener at 127.0.0.1/44823] INFO  server.GrpcService (GrpcService.java:closeImpl(271)) - f41ede9f-c29a-4957-a329-430a35551df1: shutdown server with port 9894 successfully
2022-03-03 15:05:27,131 [org.apache.ratis.util.JvmPauseMonitor$$Lambda$431/2038447515@7eaa60ef] INFO  util.JvmPauseMonitor (JvmPauseMonitor.java:run(109)) - JvmPauseMonitor-f41ede9f-c29a-4957-a329-430a35551df1: Stopped
2022-03-03 15:05:27,134 [Listener at 127.0.0.1/44823] INFO  pipeline.BackgroundPipelineCreator (BackgroundPipelineCreator.java:stop(158)) - Stopping RatisPipelineUtilsThread.
2022-03-03 15:05:27,135 [Listener at 127.0.0.1/44823] INFO  server.StorageContainerManager (StorageContainerManager.java:stop(1523)) - Stopping SCM MetadataStore.
2022-03-03 15:05:27,136 [Listener at 127.0.0.1/44823] INFO  impl.MetricsSystemImpl (MetricsSystemImpl.java:stop(210)) - Stopping HddsDatanode metrics system...
2022-03-03 15:05:27,163 [prometheus] INFO  impl.MetricsSinkAdapter (MetricsSinkAdapter.java:publishMetricsFromQueue(141)) - prometheus thread interrupted.
2022-03-03 15:05:27,163 [Listener at 127.0.0.1/44823] INFO  impl.MetricsSystemImpl (MetricsSystemImpl.java:stop(216)) - HddsDatanode metrics system stopped.
2022-03-03 15:05:28,589 [EndpointStateMachine task thread for /0.0.0.0:34909 - 0 ] INFO  ipc.Client (Client.java:handleConnectionFailure(977)) - Retrying connect to server: 0.0.0.0/0.0.0.0:34909. Already tried 0 time(s); retry policy is RetryUpToMaximumCountWithFixedSleep(maxRetries=15, sleepTime=1000 MILLISECONDS)
2022-03-03 15:05:29,590 [EndpointStateMachine task thread for /0.0.0.0:34909 - 0 ] INFO  ipc.Client (Client.java:handleConnectionFailure(977)) - Retrying connect to server: 0.0.0.0/0.0.0.0:34909. Already tried 1 time(s); retry policy is RetryUpToMaximumCountWithFixedSleep(maxRetries=15, sleepTime=1000 MILLISECONDS)
2022-03-03 15:05:30,590 [EndpointStateMachine task thread for /0.0.0.0:34909 - 0 ] INFO  ipc.Client (Client.java:handleConnectionFailure(977)) - Retrying connect to server: 0.0.0.0/0.0.0.0:34909. Already tried 2 time(s); retry policy is RetryUpToMaximumCountWithFixedSleep(maxRetries=15, sleepTime=1000 MILLISECONDS)
2022-03-03 15:05:31,591 [EndpointStateMachine task thread for /0.0.0.0:34909 - 0 ] INFO  ipc.Client (Client.java:handleConnectionFailure(977)) - Retrying connect to server: 0.0.0.0/0.0.0.0:34909. Already tried 3 time(s); retry policy is RetryUpToMaximumCountWithFixedSleep(maxRetries=15, sleepTime=1000 MILLISECONDS)
2022-03-03 15:05:31,635 [Datanode State Machine Daemon Thread] ERROR datanode.RunningDatanodeState (RunningDatanodeState.java:computeNextContainerState(201)) - Error in executing end point task.
java.util.concurrent.ExecutionException: java.util.concurrent.TimeoutException
	at java.util.concurrent.FutureTask.report(FutureTask.java:122)
	at java.util.concurrent.FutureTask.get(FutureTask.java:192)
	at org.apache.hadoop.ozone.container.common.states.datanode.RunningDatanodeState.computeNextContainerState(RunningDatanodeState.java:193)
	at org.apache.hadoop.ozone.container.common.states.datanode.RunningDatanodeState.await(RunningDatanodeState.java:233)
	at org.apache.hadoop.ozone.container.common.states.datanode.RunningDatanodeState.await(RunningDatanodeState.java:50)
	at org.apache.hadoop.ozone.container.common.statemachine.StateContext.execute(StateContext.java:658)
	at org.apache.hadoop.ozone.container.common.statemachine.DatanodeStateMachine.startStateMachineThread(DatanodeStateMachine.java:283)
	at org.apache.hadoop.ozone.container.common.statemachine.DatanodeStateMachine.lambda$startDaemon$0(DatanodeStateMachine.java:471)
	at java.lang.Thread.run(Thread.java:750)
Caused by: java.util.concurrent.TimeoutException
	at java.util.concurrent.FutureTask.get(FutureTask.java:205)
	at org.apache.hadoop.ozone.container.common.states.datanode.RunningDatanodeState.lambda$execute$0(RunningDatanodeState.java:151)
	at java.util.concurrent.FutureTask.run(FutureTask.java:266)
	at java.util.concurrent.Executors$RunnableAdapter.call(Executors.java:511)
	at java.util.concurrent.FutureTask.run(FutureTask.java:266)
	at java.util.concurrent.ThreadPoolExecutor.runWorker(ThreadPoolExecutor.java:1149)
	at java.util.concurrent.ThreadPoolExecutor$Worker.run(ThreadPoolExecutor.java:624)
	... 1 more
2022-03-03 15:05:32,164 [Listener at 127.0.0.1/44823] INFO  ozoneimpl.OzoneContainer (OzoneContainer.java:stop(356)) - Attempting to stop container services.
2022-03-03 15:05:32,165 [Listener at 127.0.0.1/44823] INFO  server.RaftServer (RaftServerProxy.java:lambda$close$6(391)) - 9456f629-97b8-4527-b4fd-0706f8d70381: close
2022-03-03 15:05:32,168 [Listener at 127.0.0.1/44823] INFO  server.RaftServer$Division (RaftServerImpl.java:lambda$close$4(412)) - 9456f629-97b8-4527-b4fd-0706f8d70381@group-FDB91A4CFAE0: shutdown
2022-03-03 15:05:32,168 [Listener at 127.0.0.1/44823] INFO  util.JmxRegister (JmxRegister.java:unregister(73)) - Successfully un-registered JMX Bean with object name Ratis:service=RaftServer,group=group-FDB91A4CFAE0,id=9456f629-97b8-4527-b4fd-0706f8d70381
2022-03-03 15:05:32,168 [Listener at 127.0.0.1/44823] INFO  impl.RoleInfo (RoleInfo.java:shutdownLeaderState(91)) - 9456f629-97b8-4527-b4fd-0706f8d70381: shutdown 9456f629-97b8-4527-b4fd-0706f8d70381@group-FDB91A4CFAE0-LeaderStateImpl
2022-03-03 15:05:32,169 [Listener at 127.0.0.1/44823] INFO  impl.PendingRequests (PendingRequests.java:sendNotLeaderResponses(282)) - 9456f629-97b8-4527-b4fd-0706f8d70381@group-FDB91A4CFAE0-PendingRequests: sendNotLeaderResponses
2022-03-03 15:05:32,173 [9456f629-97b8-4527-b4fd-0706f8d70381@group-FDB91A4CFAE0-StateMachineUpdater] INFO  ratis.ContainerStateMachine (ContainerStateMachine.java:takeSnapshot(304)) - group-FDB91A4CFAE0: Taking a snapshot at:(t:1, i:0) file /home/runner/work/ozone/ozone/hadoop-ozone/integration-test/target/test-dir/MiniOzoneClusterImpl-1780bea0-e071-4232-b145-eeecbe4e4805/datanode-0/data/ratis/1377c51b-9d53-4df9-a28b-fdb91a4cfae0/sm/snapshot.1_0
2022-03-03 15:05:32,173 [Listener at 127.0.0.1/44823] INFO  impl.StateMachineUpdater (StateMachineUpdater.java:stopAndJoin(149)) - 9456f629-97b8-4527-b4fd-0706f8d70381@group-FDB91A4CFAE0-StateMachineUpdater: set stopIndex = 0
2022-03-03 15:05:32,174 [9456f629-97b8-4527-b4fd-0706f8d70381@group-FDB91A4CFAE0-StateMachineUpdater] INFO  ratis.ContainerStateMachine (ContainerStateMachine.java:takeSnapshot(315)) - group-FDB91A4CFAE0: Finished taking a snapshot at:(t:1, i:0) file:/home/runner/work/ozone/ozone/hadoop-ozone/integration-test/target/test-dir/MiniOzoneClusterImpl-1780bea0-e071-4232-b145-eeecbe4e4805/datanode-0/data/ratis/1377c51b-9d53-4df9-a28b-fdb91a4cfae0/sm/snapshot.1_0 took: 2 ms
2022-03-03 15:05:32,175 [9456f629-97b8-4527-b4fd-0706f8d70381@group-FDB91A4CFAE0-StateMachineUpdater] INFO  impl.StateMachineUpdater (StateMachineUpdater.java:takeSnapshot(281)) - 9456f629-97b8-4527-b4fd-0706f8d70381@group-FDB91A4CFAE0-StateMachineUpdater: Took a snapshot at index 0
2022-03-03 15:05:32,175 [9456f629-97b8-4527-b4fd-0706f8d70381@group-FDB91A4CFAE0-StateMachineUpdater] INFO  impl.StateMachineUpdater (StateMachineUpdater.java:lambda$new$0(89)) - 9456f629-97b8-4527-b4fd-0706f8d70381@group-FDB91A4CFAE0-StateMachineUpdater: snapshotIndex: updateIncreasingly -1 -> 0
2022-03-03 15:05:32,176 [Listener at 127.0.0.1/44823] INFO  server.RaftServer$Division (ServerState.java:close(419)) - 9456f629-97b8-4527-b4fd-0706f8d70381@group-FDB91A4CFAE0: closes. applyIndex: 0
2022-03-03 15:05:32,176 [9456f629-97b8-4527-b4fd-0706f8d70381@group-FDB91A4CFAE0-SegmentedRaftLogWorker] INFO  segmented.SegmentedRaftLogWorker (SegmentedRaftLogWorker.java:run(327)) - 9456f629-97b8-4527-b4fd-0706f8d70381@group-FDB91A4CFAE0-SegmentedRaftLogWorker was interrupted, exiting. There are 0 tasks remaining in the queue.
2022-03-03 15:05:32,178 [Listener at 127.0.0.1/44823] INFO  segmented.SegmentedRaftLogWorker (SegmentedRaftLogWorker.java:close(237)) - 9456f629-97b8-4527-b4fd-0706f8d70381@group-FDB91A4CFAE0-SegmentedRaftLogWorker close()
2022-03-03 15:05:32,191 [Listener at 127.0.0.1/44823] INFO  server.RaftServer$Division (RaftServerImpl.java:lambda$close$4(412)) - 9456f629-97b8-4527-b4fd-0706f8d70381@group-32B1AEC08B9F: shutdown
2022-03-03 15:05:32,191 [Listener at 127.0.0.1/44823] INFO  util.JmxRegister (JmxRegister.java:unregister(73)) - Successfully un-registered JMX Bean with object name Ratis:service=RaftServer,group=group-32B1AEC08B9F,id=9456f629-97b8-4527-b4fd-0706f8d70381
2022-03-03 15:05:32,191 [Listener at 127.0.0.1/44823] INFO  impl.RoleInfo (RoleInfo.java:shutdownFollowerState(108)) - 9456f629-97b8-4527-b4fd-0706f8d70381: shutdown 9456f629-97b8-4527-b4fd-0706f8d70381@group-32B1AEC08B9F-FollowerState
2022-03-03 15:05:32,191 [Listener at 127.0.0.1/44823] INFO  impl.StateMachineUpdater (StateMachineUpdater.java:stopAndJoin(149)) - 9456f629-97b8-4527-b4fd-0706f8d70381@group-32B1AEC08B9F-StateMachineUpdater: set stopIndex = 0
2022-03-03 15:05:32,191 [9456f629-97b8-4527-b4fd-0706f8d70381@group-32B1AEC08B9F-FollowerState] INFO  impl.FollowerState (FollowerState.java:run(143)) - 9456f629-97b8-4527-b4fd-0706f8d70381@group-32B1AEC08B9F-FollowerState was interrupted: {}
java.lang.InterruptedException: sleep interrupted
	at java.lang.Thread.sleep(Native Method)
	at java.lang.Thread.sleep(Thread.java:342)
	at java.util.concurrent.TimeUnit.sleep(TimeUnit.java:386)
	at org.apache.ratis.util.TimeDuration.sleep(TimeDuration.java:324)
	at org.apache.ratis.util.TimeDuration.sleep(TimeDuration.java:309)
	at org.apache.ratis.server.impl.FollowerState.run(FollowerState.java:118)
2022-03-03 15:05:32,191 [9456f629-97b8-4527-b4fd-0706f8d70381@group-32B1AEC08B9F-StateMachineUpdater] INFO  ratis.ContainerStateMachine (ContainerStateMachine.java:takeSnapshot(304)) - group-32B1AEC08B9F: Taking a snapshot at:(t:10, i:0) file /home/runner/work/ozone/ozone/hadoop-ozone/integration-test/target/test-dir/MiniOzoneClusterImpl-1780bea0-e071-4232-b145-eeecbe4e4805/datanode-0/data/ratis/d5c299c4-1f29-447c-8692-32b1aec08b9f/sm/snapshot.10_0
2022-03-03 15:05:32,194 [9456f629-97b8-4527-b4fd-0706f8d70381@group-32B1AEC08B9F-StateMachineUpdater] INFO  ratis.ContainerStateMachine (ContainerStateMachine.java:takeSnapshot(315)) - group-32B1AEC08B9F: Finished taking a snapshot at:(t:10, i:0) file:/home/runner/work/ozone/ozone/hadoop-ozone/integration-test/target/test-dir/MiniOzoneClusterImpl-1780bea0-e071-4232-b145-eeecbe4e4805/datanode-0/data/ratis/d5c299c4-1f29-447c-8692-32b1aec08b9f/sm/snapshot.10_0 took: 2 ms
2022-03-03 15:05:32,194 [9456f629-97b8-4527-b4fd-0706f8d70381@group-32B1AEC08B9F-StateMachineUpdater] INFO  impl.StateMachineUpdater (StateMachineUpdater.java:takeSnapshot(281)) - 9456f629-97b8-4527-b4fd-0706f8d70381@group-32B1AEC08B9F-StateMachineUpdater: Took a snapshot at index 0
2022-03-03 15:05:32,194 [9456f629-97b8-4527-b4fd-0706f8d70381@group-32B1AEC08B9F-StateMachineUpdater] INFO  impl.StateMachineUpdater (StateMachineUpdater.java:lambda$new$0(89)) - 9456f629-97b8-4527-b4fd-0706f8d70381@group-32B1AEC08B9F-StateMachineUpdater: snapshotIndex: updateIncreasingly -1 -> 0
2022-03-03 15:05:32,194 [Listener at 127.0.0.1/44823] INFO  server.RaftServer$Division (ServerState.java:close(419)) - 9456f629-97b8-4527-b4fd-0706f8d70381@group-32B1AEC08B9F: closes. applyIndex: 0
2022-03-03 15:05:32,195 [9456f629-97b8-4527-b4fd-0706f8d70381@group-32B1AEC08B9F-SegmentedRaftLogWorker] INFO  segmented.SegmentedRaftLogWorker (SegmentedRaftLogWorker.java:run(327)) - 9456f629-97b8-4527-b4fd-0706f8d70381@group-32B1AEC08B9F-SegmentedRaftLogWorker was interrupted, exiting. There are 0 tasks remaining in the queue.
2022-03-03 15:05:32,195 [Listener at 127.0.0.1/44823] INFO  segmented.SegmentedRaftLogWorker (SegmentedRaftLogWorker.java:close(237)) - 9456f629-97b8-4527-b4fd-0706f8d70381@group-32B1AEC08B9F-SegmentedRaftLogWorker close()
2022-03-03 15:05:32,196 [Listener at 127.0.0.1/44823] INFO  server.GrpcService (GrpcService.java:closeImpl(262)) - 9456f629-97b8-4527-b4fd-0706f8d70381: shutdown server with port 39067 now
2022-03-03 15:05:32,218 [grpc-default-executor-3] WARN  server.GrpcServerProtocolService (LogUtils.java:warn(122)) - 9456f629-97b8-4527-b4fd-0706f8d70381: installSnapshot onError, lastRequest: 0b7c48c7-0b6d-482c-a819-333bb540c4fb->9456f629-97b8-4527-b4fd-0706f8d70381#1-t10,previous=(t:0, i:0),leaderCommit=-1,initializing? true,entries: size=1, first=(t:10, i:0), CONFIGURATIONENTRY: org.apache.ratis.thirdparty.io.grpc.StatusRuntimeException: CANCELLED: client cancelled
2022-03-03 15:05:32,227 [grpc-default-executor-2] WARN  server.GrpcLogAppender (LogUtils.java:warn(122)) - 0b7c48c7-0b6d-482c-a819-333bb540c4fb@group-32B1AEC08B9F->9456f629-97b8-4527-b4fd-0706f8d70381-AppendLogResponseHandler: Failed appendEntries: org.apache.ratis.thirdparty.io.grpc.StatusRuntimeException: CANCELLED: HTTP/2 error code: CANCEL
Received Rst Stream
2022-03-03 15:05:32,228 [grpc-default-executor-2] WARN  server.GrpcLogAppender (GrpcLogAppender.java:resetClient(110)) - 0b7c48c7-0b6d-482c-a819-333bb540c4fb@group-32B1AEC08B9F->9456f629-97b8-4527-b4fd-0706f8d70381-GrpcLogAppender: Leader has not got in touch with Follower 0b7c48c7-0b6d-482c-a819-333bb540c4fb@group-32B1AEC08B9F->9456f629-97b8-4527-b4fd-0706f8d70381(c0,m0,n1, attendVote=true, lastRpcSendTime=443, lastRpcResponseTime=423) yet, just keep nextIndex unchanged and retry.
2022-03-03 15:05:32,295 [Listener at 127.0.0.1/44823] INFO  server.GrpcService (GrpcService.java:closeImpl(271)) - 9456f629-97b8-4527-b4fd-0706f8d70381: shutdown server with port 39067 successfully
2022-03-03 15:05:32,303 [org.apache.ratis.util.JvmPauseMonitor$$Lambda$431/2038447515@6b210327] INFO  util.JvmPauseMonitor (JvmPauseMonitor.java:run(109)) - JvmPauseMonitor-9456f629-97b8-4527-b4fd-0706f8d70381: Stopped
2022-03-03 15:05:32,592 [EndpointStateMachine task thread for /0.0.0.0:34909 - 0 ] INFO  ipc.Client (Client.java:handleConnectionFailure(977)) - Retrying connect to server: 0.0.0.0/0.0.0.0:34909. Already tried 4 time(s); retry policy is RetryUpToMaximumCountWithFixedSleep(maxRetries=15, sleepTime=1000 MILLISECONDS)
2022-03-03 15:05:33,593 [EndpointStateMachine task thread for /0.0.0.0:34909 - 0 ] INFO  ipc.Client (Client.java:handleConnectionFailure(977)) - Retrying connect to server: 0.0.0.0/0.0.0.0:34909. Already tried 5 time(s); retry policy is RetryUpToMaximumCountWithFixedSleep(maxRetries=15, sleepTime=1000 MILLISECONDS)
2022-03-03 15:05:34,308 [Listener at 127.0.0.1/44823] INFO  utils.BackgroundService (BackgroundService.java:shutdown(132)) - Shutting down service BlockDeletingService
2022-03-03 15:05:34,345 [grpc-default-executor-3] WARN  server.GrpcLogAppender (LogUtils.java:warn(122)) - 0b7c48c7-0b6d-482c-a819-333bb540c4fb@group-32B1AEC08B9F->9456f629-97b8-4527-b4fd-0706f8d70381-AppendLogResponseHandler: Failed appendEntries: org.apache.ratis.thirdparty.io.grpc.StatusRuntimeException: UNAVAILABLE: io exception
2022-03-03 15:05:34,346 [grpc-default-executor-3] WARN  server.GrpcLogAppender (GrpcLogAppender.java:resetClient(110)) - 0b7c48c7-0b6d-482c-a819-333bb540c4fb@group-32B1AEC08B9F->9456f629-97b8-4527-b4fd-0706f8d70381-GrpcLogAppender: Leader has not got in touch with Follower 0b7c48c7-0b6d-482c-a819-333bb540c4fb@group-32B1AEC08B9F->9456f629-97b8-4527-b4fd-0706f8d70381(c0,m0,n1, attendVote=true, lastRpcSendTime=22, lastRpcResponseTime=2540) yet, just keep nextIndex unchanged and retry.
2022-03-03 15:05:34,599 [EndpointStateMachine task thread for /0.0.0.0:34909 - 0 ] INFO  ipc.Client (Client.java:handleConnectionFailure(977)) - Retrying connect to server: 0.0.0.0/0.0.0.0:34909. Already tried 6 time(s); retry policy is RetryUpToMaximumCountWithFixedSleep(maxRetries=15, sleepTime=1000 MILLISECONDS)
2022-03-03 15:05:35,600 [EndpointStateMachine task thread for /0.0.0.0:34909 - 0 ] INFO  ipc.Client (Client.java:handleConnectionFailure(977)) - Retrying connect to server: 0.0.0.0/0.0.0.0:34909. Already tried 7 time(s); retry policy is RetryUpToMaximumCountWithFixedSleep(maxRetries=15, sleepTime=1000 MILLISECONDS)
2022-03-03 15:05:36,601 [EndpointStateMachine task thread for /0.0.0.0:34909 - 0 ] INFO  ipc.Client (Client.java:handleConnectionFailure(977)) - Retrying connect to server: 0.0.0.0/0.0.0.0:34909. Already tried 8 time(s); retry policy is RetryUpToMaximumCountWithFixedSleep(maxRetries=15, sleepTime=1000 MILLISECONDS)
2022-03-03 15:05:36,832 [grpc-default-executor-3] WARN  server.GrpcLogAppender (LogUtils.java:warn(122)) - 0b7c48c7-0b6d-482c-a819-333bb540c4fb@group-32B1AEC08B9F->9456f629-97b8-4527-b4fd-0706f8d70381-AppendLogResponseHandler: Failed appendEntries: org.apache.ratis.thirdparty.io.grpc.StatusRuntimeException: UNAVAILABLE: io exception
2022-03-03 15:05:36,833 [grpc-default-executor-3] WARN  server.GrpcLogAppender (GrpcLogAppender.java:resetClient(110)) - 0b7c48c7-0b6d-482c-a819-333bb540c4fb@group-32B1AEC08B9F->9456f629-97b8-4527-b4fd-0706f8d70381-GrpcLogAppender: Leader has not got in touch with Follower 0b7c48c7-0b6d-482c-a819-333bb540c4fb@group-32B1AEC08B9F->9456f629-97b8-4527-b4fd-0706f8d70381(c0,m0,n1, attendVote=true, lastRpcSendTime=2509, lastRpcResponseTime=5027) yet, just keep nextIndex unchanged and retry.
2022-03-03 15:05:37,346 [Listener at 127.0.0.1/44823] INFO  statemachine.DatanodeStateMachine (DatanodeStateMachine.java:stopDaemon(529)) - Ozone container server stopped.
2022-03-03 15:05:37,347 [Listener at 127.0.0.1/44823] INFO  handler.ContextHandler (ContextHandler.java:doStop(1153)) - Stopped o.e.j.w.WebAppContext@6c988424{hddsDatanode,/,null,STOPPED}{jar:file:/home/runner/.m2/repository/org/apache/ozone/hdds-container-service/1.3.0-SNAPSHOT/hdds-container-service-1.3.0-SNAPSHOT.jar!/webapps/hddsDatanode}
2022-03-03 15:05:37,348 [Listener at 127.0.0.1/44823] INFO  server.AbstractConnector (AbstractConnector.java:doStop(381)) - Stopped ServerConnector@e22442a{HTTP/1.1, (http/1.1)}{0.0.0.0:0}
2022-03-03 15:05:37,348 [Listener at 127.0.0.1/44823] INFO  server.session (HouseKeeper.java:stopScavenging(149)) - node0 Stopped scavenging
2022-03-03 15:05:37,349 [Listener at 127.0.0.1/44823] INFO  handler.ContextHandler (ContextHandler.java:doStop(1153)) - Stopped o.e.j.s.ServletContextHandler@706171a7{static,/static,jar:file:/home/runner/.m2/repository/org/apache/ozone/hdds-container-service/1.3.0-SNAPSHOT/hdds-container-service-1.3.0-SNAPSHOT.jar!/webapps/static,STOPPED}
2022-03-03 15:05:37,349 [Listener at 127.0.0.1/44823] INFO  handler.ContextHandler (ContextHandler.java:doStop(1153)) - Stopped o.e.j.s.ServletContextHandler@23738d17{logs,/logs,file:///home/runner/work/ozone/ozone/hadoop-ozone/integration-test/target/log,STOPPED}
2022-03-03 15:05:37,357 [Listener at 127.0.0.1/44823] WARN  impl.MetricRegistriesImpl (MetricRegistriesImpl.java:addReporterRegistration(111)) - New reporters are added after registries were created. Some metrics will be missing from the reporter. Please add reporter before adding any new registry.
2022-03-03 15:05:37,362 [Listener at 127.0.0.1/44823] WARN  impl.MetricRegistriesImpl (MetricRegistriesImpl.java:addReporterRegistration(111)) - New reporters are added after registries were created. Some metrics will be missing from the reporter. Please add reporter before adding any new registry.
2022-03-03 15:05:37,365 [Listener at 127.0.0.1/44823] WARN  impl.MetricsConfig (MetricsConfig.java:loadFirst(136)) - Cannot locate configuration: tried hadoop-metrics2-hddsdatanode.properties,hadoop-metrics2.properties
2022-03-03 15:05:37,382 [Listener at 127.0.0.1/44823] INFO  impl.MetricsSystemImpl (MetricsSystemImpl.java:startTimer(378)) - Scheduled Metric snapshot period at 10 second(s).
2022-03-03 15:05:37,382 [Listener at 127.0.0.1/44823] INFO  impl.MetricsSystemImpl (MetricsSystemImpl.java:start(191)) - HddsDatanode metrics system started
2022-03-03 15:05:37,546 [Listener at 127.0.0.1/44823] INFO  impl.MetricsSinkAdapter (MetricsSinkAdapter.java:start(204)) - Sink prometheus started
2022-03-03 15:05:37,546 [Listener at 127.0.0.1/44823] INFO  impl.MetricsSystemImpl (MetricsSystemImpl.java:registerSink(305)) - Registered sink prometheus
2022-03-03 15:05:37,602 [EndpointStateMachine task thread for /0.0.0.0:34909 - 0 ] INFO  ipc.Client (Client.java:handleConnectionFailure(977)) - Retrying connect to server: 0.0.0.0/0.0.0.0:34909. Already tried 9 time(s); retry policy is RetryUpToMaximumCountWithFixedSleep(maxRetries=15, sleepTime=1000 MILLISECONDS)
2022-03-03 15:05:37,744 [Listener at 127.0.0.1/44823] INFO  ozone.HddsDatanodeService (HddsDatanodeService.java:start(233)) - HddsDatanodeService host:fv-az50-851.grzltbmokehuzjyc5b133kdqgh.cx.internal.cloudapp.net ip:10.1.0.28
2022-03-03 15:05:37,813 [Listener at 127.0.0.1/44823] INFO  upgrade.AbstractLayoutVersionManager (AbstractLayoutVersionManager.java:init(79)) - Initializing Layout version manager with metadata layout = SCM_HA (version = 2), software layout = SCM_HA (version = 2)
2022-03-03 15:05:38,134 [Listener at 127.0.0.1/44823] INFO  reflections.Reflections (Reflections.java:scan(232)) - Reflections took 314 ms to scan 7 urls, producing 122 keys and 286 values 
2022-03-03 15:05:38,145 [Listener at 127.0.0.1/44823] INFO  statemachine.DatanodeStateMachine (DatanodeStateMachine.java:getEndPointTaskThreadPoolSize(222)) - Datanode State Machine Task Thread Pool size 2
2022-03-03 15:05:38,152 [Listener at 127.0.0.1/44823] INFO  volume.HddsVolume (HddsVolume.java:<init>(120)) - Creating HddsVolume: /home/runner/work/ozone/ozone/hadoop-ozone/integration-test/target/test-dir/MiniOzoneClusterImpl-1780bea0-e071-4232-b145-eeecbe4e4805/datanode-0/data-0/containers/hdds of storage type : DISK capacity : 9223372036854775807
2022-03-03 15:05:38,153 [Listener at 127.0.0.1/44823] INFO  volume.MutableVolumeSet (MutableVolumeSet.java:initializeVolumeSet(168)) - Added Volume : /home/runner/work/ozone/ozone/hadoop-ozone/integration-test/target/test-dir/MiniOzoneClusterImpl-1780bea0-e071-4232-b145-eeecbe4e4805/datanode-0/data-0/containers/hdds to VolumeSet
2022-03-03 15:05:38,153 [Listener at 127.0.0.1/44823] INFO  volume.ThrottledAsyncChecker (ThrottledAsyncChecker.java:schedule(141)) - Scheduling a check for /home/runner/work/ozone/ozone/hadoop-ozone/integration-test/target/test-dir/MiniOzoneClusterImpl-1780bea0-e071-4232-b145-eeecbe4e4805/datanode-0/data-0/containers/hdds
2022-03-03 15:05:38,175 [Listener at 127.0.0.1/44823] INFO  volume.StorageVolumeChecker (StorageVolumeChecker.java:checkAllVolumes(202)) - Scheduled health check for volume /home/runner/work/ozone/ozone/hadoop-ozone/integration-test/target/test-dir/MiniOzoneClusterImpl-1780bea0-e071-4232-b145-eeecbe4e4805/datanode-0/data-0/containers/hdds
2022-03-03 15:05:38,287 [Listener at 127.0.0.1/44823] INFO  volume.MutableVolumeSet (MutableVolumeSet.java:initializeVolumeSet(168)) - Added Volume : /home/runner/work/ozone/ozone/hadoop-ozone/integration-test/target/test-dir/MiniOzoneClusterImpl-1780bea0-e071-4232-b145-eeecbe4e4805/datanode-0/data/ratis to VolumeSet
2022-03-03 15:05:38,291 [Listener at 127.0.0.1/44823] INFO  volume.ThrottledAsyncChecker (ThrottledAsyncChecker.java:schedule(141)) - Scheduling a check for /home/runner/work/ozone/ozone/hadoop-ozone/integration-test/target/test-dir/MiniOzoneClusterImpl-1780bea0-e071-4232-b145-eeecbe4e4805/datanode-0/data/ratis
2022-03-03 15:05:38,291 [Listener at 127.0.0.1/44823] INFO  volume.StorageVolumeChecker (StorageVolumeChecker.java:checkAllVolumes(202)) - Scheduled health check for volume /home/runner/work/ozone/ozone/hadoop-ozone/integration-test/target/test-dir/MiniOzoneClusterImpl-1780bea0-e071-4232-b145-eeecbe4e4805/datanode-0/data/ratis
2022-03-03 15:05:38,399 [Thread-704] INFO  ozoneimpl.ContainerReader (ContainerReader.java:readVolume(142)) - Start to verify containers on volume /home/runner/work/ozone/ozone/hadoop-ozone/integration-test/target/test-dir/MiniOzoneClusterImpl-1780bea0-e071-4232-b145-eeecbe4e4805/datanode-0/data-0/containers/hdds
2022-03-03 15:05:38,407 [Thread-704] INFO  ozoneimpl.ContainerReader (ContainerReader.java:readVolume(172)) - Finish verifying containers on volume /home/runner/work/ozone/ozone/hadoop-ozone/integration-test/target/test-dir/MiniOzoneClusterImpl-1780bea0-e071-4232-b145-eeecbe4e4805/datanode-0/data-0/containers/hdds
2022-03-03 15:05:38,407 [Listener at 127.0.0.1/44823] INFO  ozoneimpl.OzoneContainer (OzoneContainer.java:buildContainerSet(257)) - Build ContainerSet costs 0s
2022-03-03 15:05:38,412 [Listener at 127.0.0.1/44823] INFO  server.RaftServer (ConfUtils.java:logGet(44)) - raft.rpc.type = GRPC (default)
2022-03-03 15:05:38,413 [Listener at 127.0.0.1/44823] INFO  grpc.GrpcFactory (GrpcFactory.java:checkPooledByteBufAllocatorUseCacheForAllThreads(48)) - PERFORMANCE WARNING: useCacheForAllThreads is true that may cause Netty to create a lot garbage objects and, as a result, trigger GC.
	It is recommended to disable useCacheForAllThreads by setting -Dorg.apache.ratis.thirdparty.io.netty.allocator.useCacheForAllThreads=false in command line.
2022-03-03 15:05:38,413 [Listener at 127.0.0.1/44823] INFO  grpc.GrpcConfigKeys (ConfUtils.java:logGet(44)) - raft.grpc.admin.port = 39067 (custom)
2022-03-03 15:05:38,414 [Listener at 127.0.0.1/44823] INFO  grpc.GrpcConfigKeys (ConfUtils.java:logGet(44)) - raft.grpc.client.port = 39067 (custom)
2022-03-03 15:05:38,414 [Listener at 127.0.0.1/44823] INFO  grpc.GrpcConfigKeys (ConfUtils.java:logGet(44)) - raft.grpc.server.port = 39067 (custom)
2022-03-03 15:05:38,414 [Listener at 127.0.0.1/44823] INFO  server.GrpcService (ConfUtils.java:logGet(44)) - raft.grpc.message.size.max = 32MB (=33554432) (custom)
2022-03-03 15:05:38,414 [Listener at 127.0.0.1/44823] INFO  server.RaftServerConfigKeys (ConfUtils.java:logGet(44)) - raft.server.log.appender.buffer.byte-limit = 33554432 (custom)
2022-03-03 15:05:38,415 [Listener at 127.0.0.1/44823] INFO  server.GrpcService (ConfUtils.java:logGet(44)) - raft.grpc.flow.control.window = 5MB (=5242880) (custom)
2022-03-03 15:05:38,415 [Listener at 127.0.0.1/44823] INFO  server.RaftServerConfigKeys (ConfUtils.java:logGet(44)) - raft.server.rpc.request.timeout = 60s (custom)
2022-03-03 15:05:38,417 [Listener at 127.0.0.1/44823] INFO  impl.DataStreamServerImpl (ConfUtils.java:logGet(44)) - raft.datastream.type = DISABLED (default)
2022-03-03 15:05:38,418 [Listener at 127.0.0.1/44823] INFO  server.RaftServerConfigKeys (ConfUtils.java:logGet(44)) - raft.server.rpc.slowness.timeout = 300s (custom)
2022-03-03 15:05:38,418 [Listener at 127.0.0.1/44823] INFO  server.RaftServerConfigKeys (ConfUtils.java:logGet(44)) - raft.server.leaderelection.leader.step-down.wait-time = 10s (default)
2022-03-03 15:05:38,418 [Listener at 127.0.0.1/44823] INFO  server.RaftServerConfigKeys (ConfUtils.java:logGet(44)) - raft.server.storage.dir = [/home/runner/work/ozone/ozone/hadoop-ozone/integration-test/target/test-dir/MiniOzoneClusterImpl-1780bea0-e071-4232-b145-eeecbe4e4805/datanode-0/data/ratis] (custom)
2022-03-03 15:05:38,419 [Listener at 127.0.0.1/44823] INFO  server.RaftServer (RaftServerProxy.java:lambda$null$1(235)) - 9456f629-97b8-4527-b4fd-0706f8d70381: found a subdirectory /home/runner/work/ozone/ozone/hadoop-ozone/integration-test/target/test-dir/MiniOzoneClusterImpl-1780bea0-e071-4232-b145-eeecbe4e4805/datanode-0/data/ratis/1377c51b-9d53-4df9-a28b-fdb91a4cfae0
2022-03-03 15:05:38,439 [Listener at 127.0.0.1/44823] INFO  server.RaftServer (RaftServerProxy.java:addNew(95)) - 9456f629-97b8-4527-b4fd-0706f8d70381: addNew group-FDB91A4CFAE0:[] returns group-FDB91A4CFAE0:java.util.concurrent.CompletableFuture@668517fe[Not completed]
2022-03-03 15:05:38,439 [Listener at 127.0.0.1/44823] INFO  server.RaftServer (RaftServerProxy.java:lambda$null$1(235)) - 9456f629-97b8-4527-b4fd-0706f8d70381: found a subdirectory /home/runner/work/ozone/ozone/hadoop-ozone/integration-test/target/test-dir/MiniOzoneClusterImpl-1780bea0-e071-4232-b145-eeecbe4e4805/datanode-0/data/ratis/d5c299c4-1f29-447c-8692-32b1aec08b9f
2022-03-03 15:05:38,439 [Listener at 127.0.0.1/44823] INFO  server.RaftServer (RaftServerProxy.java:addNew(95)) - 9456f629-97b8-4527-b4fd-0706f8d70381: addNew group-32B1AEC08B9F:[] returns group-32B1AEC08B9F:java.util.concurrent.CompletableFuture@416d429b[Not completed]
2022-03-03 15:05:38,442 [Listener at 127.0.0.1/44823] INFO  server.XceiverServerGrpc (XceiverServerGrpc.java:<init>(132)) - GrpcServer channel type EpollServerSocketChannel
2022-03-03 15:05:38,461 [pool-339-thread-1] INFO  server.RaftServer$Division (RaftServerImpl.java:<init>(184)) - 9456f629-97b8-4527-b4fd-0706f8d70381: new RaftServerImpl for group-FDB91A4CFAE0:[] with ContainerStateMachine:uninitialized
2022-03-03 15:05:38,472 [pool-339-thread-1] INFO  server.RaftServerConfigKeys (ConfUtils.java:logGet(44)) - raft.server.rpc.timeout.min = 5s (custom)
2022-03-03 15:05:38,472 [pool-339-thread-1] INFO  server.RaftServerConfigKeys (ConfUtils.java:logGet(44)) - raft.server.rpc.timeout.max = 5200ms (custom)
2022-03-03 15:05:38,472 [pool-339-thread-1] INFO  server.RaftServerConfigKeys (ConfUtils.java:logGet(44)) - raft.server.rpc.sleep.time = 25ms (default)
2022-03-03 15:05:38,472 [pool-339-thread-1] INFO  server.RaftServerConfigKeys (ConfUtils.java:logGet(44)) - raft.server.rpc.slowness.timeout = 300s (custom)
2022-03-03 15:05:38,472 [pool-339-thread-1] INFO  server.RaftServerConfigKeys (ConfUtils.java:logGet(44)) - raft.server.leaderelection.leader.step-down.wait-time = 10s (default)
2022-03-03 15:05:38,472 [pool-339-thread-1] INFO  server.RaftServerConfigKeys (ConfUtils.java:logGet(44)) - raft.server.sleep.deviation.threshold = 300ms (default)
2022-03-03 15:05:38,472 [pool-339-thread-1] INFO  server.RaftServerConfigKeys (ConfUtils.java:logGet(44)) - raft.server.log.appender.install.snapshot.enabled = false (custom)
2022-03-03 15:05:38,472 [pool-339-thread-1] INFO  server.RaftServer$Division (ServerState.java:<init>(105)) - 9456f629-97b8-4527-b4fd-0706f8d70381@group-FDB91A4CFAE0: ConfigurationManager, init=-1: [], old=null, confs=<EMPTY_MAP>
2022-03-03 15:05:38,472 [pool-339-thread-1] INFO  server.RaftServerConfigKeys (ConfUtils.java:logGet(44)) - raft.server.storage.dir = [/home/runner/work/ozone/ozone/hadoop-ozone/integration-test/target/test-dir/MiniOzoneClusterImpl-1780bea0-e071-4232-b145-eeecbe4e4805/datanode-0/data/ratis] (custom)
2022-03-03 15:05:38,472 [pool-339-thread-1] INFO  server.RaftServerConfigKeys (ConfUtils.java:logGet(44)) - raft.server.log.corruption.policy = EXCEPTION (default)
2022-03-03 15:05:38,472 [pool-339-thread-1] INFO  server.RaftServerConfigKeys (ConfUtils.java:logGet(44)) - raft.server.storage.free-space.min = 0MB (=0) (default)
2022-03-03 15:05:38,474 [Listener at 127.0.0.1/44823] INFO  http.BaseHttpServer (BaseHttpServer.java:newHttpServer2BuilderForOzone(209)) - Starting Web-server for hddsDatanode at: http://0.0.0.0:45741
2022-03-03 15:05:38,474 [Listener at 127.0.0.1/44823] INFO  http.BaseHttpServer (BaseHttpServer.java:<init>(107)) - Hadoop Security Enabled: false Ozone Security Enabled: false Ozone HTTP Security Enabled: false 
2022-03-03 15:05:38,475 [Listener at 127.0.0.1/44823] INFO  server.AuthenticationFilter (AuthenticationFilter.java:constructSecretProvider(240)) - Unable to initialize FileSignerSecretProvider, falling back to use random secrets.
2022-03-03 15:05:38,475 [pool-339-thread-1] INFO  storage.RaftStorageDirectory (RaftStorageDirectoryImpl.java:tryLock(230)) - Lock on /home/runner/work/ozone/ozone/hadoop-ozone/integration-test/target/test-dir/MiniOzoneClusterImpl-1780bea0-e071-4232-b145-eeecbe4e4805/datanode-0/data/ratis/1377c51b-9d53-4df9-a28b-fdb91a4cfae0/in_use.lock acquired by nodename 16342@fv-az50-851
2022-03-03 15:05:38,476 [pool-339-thread-1] INFO  storage.RaftStorage (RaftStorageImpl.java:analyzeAndRecoverStorage(110)) - Read RaftStorageMetadata{term=1, votedFor=9456f629-97b8-4527-b4fd-0706f8d70381} from /home/runner/work/ozone/ozone/hadoop-ozone/integration-test/target/test-dir/MiniOzoneClusterImpl-1780bea0-e071-4232-b145-eeecbe4e4805/datanode-0/data/ratis/1377c51b-9d53-4df9-a28b-fdb91a4cfae0/current/raft-meta
2022-03-03 15:05:38,483 [Listener at 127.0.0.1/44823] WARN  http.HttpRequestLog (HttpRequestLog.java:getRequestLog(103)) - Jetty request log can only be enabled using Log4j
2022-03-03 15:05:38,483 [Listener at 127.0.0.1/44823] INFO  http.HttpServer2 (HttpServer2.java:addGlobalFilter(1030)) - Added global filter 'safety' (class=org.apache.hadoop.hdds.server.http.HttpServer2$QuotingInputFilter)
2022-03-03 15:05:38,484 [Listener at 127.0.0.1/44823] INFO  http.HttpServer2 (HttpServer2.java:addFilter(1006)) - Added filter static_user_filter (class=org.apache.hadoop.http.lib.StaticUserWebFilter$StaticUserFilter) to context hddsDatanode
2022-03-03 15:05:38,484 [Listener at 127.0.0.1/44823] INFO  http.HttpServer2 (HttpServer2.java:addFilter(1014)) - Added filter static_user_filter (class=org.apache.hadoop.http.lib.StaticUserWebFilter$StaticUserFilter) to context logs
2022-03-03 15:05:38,484 [Listener at 127.0.0.1/44823] INFO  http.HttpServer2 (HttpServer2.java:addFilter(1014)) - Added filter static_user_filter (class=org.apache.hadoop.http.lib.StaticUserWebFilter$StaticUserFilter) to context static
2022-03-03 15:05:38,484 [Listener at 127.0.0.1/44823] INFO  http.HttpServer2 (HttpServer2.java:bindListener(1249)) - Jetty bound to port 45741
2022-03-03 15:05:38,484 [Listener at 127.0.0.1/44823] INFO  server.Server (Server.java:doStart(375)) - jetty-9.4.43.v20210629; built: 2021-06-30T11:07:22.254Z; git: 526006ecfa3af7f1a27ef3a288e2bef7ea9dd7e8; jvm 1.8.0_322-b06
2022-03-03 15:05:38,504 [pool-339-thread-1] INFO  ratis.ContainerStateMachine (ContainerStateMachine.java:loadSnapshot(245)) - group-FDB91A4CFAE0: Setting the last applied index to (t:1, i:0)
2022-03-03 15:05:38,504 [pool-339-thread-1] INFO  server.RaftServer$Division (ServerState.java:setRaftConf(387)) - 9456f629-97b8-4527-b4fd-0706f8d70381@group-FDB91A4CFAE0: set configuration 0: [9456f629-97b8-4527-b4fd-0706f8d70381|rpc:10.1.0.28:39067|dataStream:|priority:1], old=null
2022-03-03 15:05:38,505 [pool-339-thread-1] INFO  server.RaftServerConfigKeys (ConfUtils.java:logGet(44)) - raft.server.notification.no-leader.timeout = 300s (custom)
2022-03-03 15:05:38,505 [pool-339-thread-1] INFO  server.RaftServerConfigKeys (ConfUtils.java:logGet(44)) - raft.server.log.use.memory = false (default)
2022-03-03 15:05:38,505 [pool-339-thread-1] INFO  server.RaftServerConfigKeys (ConfUtils.java:logGet(44)) - raft.server.log.purge.gap = 1000000 (custom)
2022-03-03 15:05:38,505 [pool-339-thread-1] INFO  server.RaftServerConfigKeys (ConfUtils.java:logGet(44)) - raft.server.log.appender.buffer.byte-limit = 33554432 (custom)
2022-03-03 15:05:38,505 [pool-339-thread-1] INFO  server.RaftServerConfigKeys (ConfUtils.java:logGet(44)) - raft.server.log.segment.size.max = 1048576 (custom)
2022-03-03 15:05:38,505 [pool-339-thread-1] INFO  server.RaftServerConfigKeys (ConfUtils.java:logGet(44)) - raft.server.log.segment.cache.num.max = 2 (custom)
2022-03-03 15:05:38,505 [pool-339-thread-1] INFO  server.RaftServerConfigKeys (ConfUtils.java:logGet(44)) - raft.server.log.segment.cache.size.max = 200MB (=209715200) (default)
2022-03-03 15:05:38,505 [pool-339-thread-1] INFO  segmented.SegmentedRaftLogWorker (SegmentedRaftLogWorker.java:<init>(182)) - new 9456f629-97b8-4527-b4fd-0706f8d70381@group-FDB91A4CFAE0-SegmentedRaftLogWorker for RaftStorageImpl:Storage Directory /home/runner/work/ozone/ozone/hadoop-ozone/integration-test/target/test-dir/MiniOzoneClusterImpl-1780bea0-e071-4232-b145-eeecbe4e4805/datanode-0/data/ratis/1377c51b-9d53-4df9-a28b-fdb91a4cfae0
2022-03-03 15:05:38,505 [pool-339-thread-1] INFO  server.RaftServerConfigKeys (ConfUtils.java:logGet(44)) - raft.server.log.queue.byte-limit = 4294967296 (custom)
2022-03-03 15:05:38,505 [pool-339-thread-1] INFO  server.RaftServerConfigKeys (ConfUtils.java:logGet(44)) - raft.server.log.queue.element-limit = 1024 (custom)
2022-03-03 15:05:38,505 [pool-339-thread-1] INFO  server.RaftServerConfigKeys (ConfUtils.java:logGet(44)) - raft.server.log.segment.size.max = 1048576 (custom)
2022-03-03 15:05:38,505 [pool-339-thread-1] INFO  server.RaftServerConfigKeys (ConfUtils.java:logGet(44)) - raft.server.log.preallocated.size = 16384 (custom)
2022-03-03 15:05:38,505 [pool-339-thread-1] INFO  server.RaftServerConfigKeys (ConfUtils.java:logGet(44)) - raft.server.log.force.sync.num = 128 (default)
2022-03-03 15:05:38,506 [pool-339-thread-1] INFO  server.RaftServerConfigKeys (ConfUtils.java:logGet(44)) - raft.server.log.statemachine.data.sync = true (default)
2022-03-03 15:05:38,506 [pool-339-thread-1] INFO  server.RaftServerConfigKeys (ConfUtils.java:logGet(44)) - raft.server.log.statemachine.data.sync.timeout = 10s (default)
2022-03-03 15:05:38,506 [pool-339-thread-1] INFO  server.RaftServerConfigKeys (ConfUtils.java:logGet(44)) - raft.server.log.statemachine.data.sync.timeout.retry = -1 (default)
2022-03-03 15:05:38,507 [Listener at 127.0.0.1/44823] INFO  server.session (DefaultSessionIdManager.java:doStart(334)) - DefaultSessionIdManager workerName=node0
2022-03-03 15:05:38,507 [Listener at 127.0.0.1/44823] INFO  server.session (DefaultSessionIdManager.java:doStart(339)) - No SessionScavenger set, using defaults
2022-03-03 15:05:38,508 [Listener at 127.0.0.1/44823] INFO  server.session (HouseKeeper.java:startScavenging(132)) - node0 Scavenging every 600000ms
2022-03-03 15:05:38,508 [Listener at 127.0.0.1/44823] INFO  handler.ContextHandler (ContextHandler.java:doStart(915)) - Started o.e.j.s.ServletContextHandler@2dbdd64f{logs,/logs,file:///home/runner/work/ozone/ozone/hadoop-ozone/integration-test/target/log,AVAILABLE}
2022-03-03 15:05:38,508 [Listener at 127.0.0.1/44823] INFO  handler.ContextHandler (ContextHandler.java:doStart(915)) - Started o.e.j.s.ServletContextHandler@797db8c1{static,/static,jar:file:/home/runner/.m2/repository/org/apache/ozone/hdds-container-service/1.3.0-SNAPSHOT/hdds-container-service-1.3.0-SNAPSHOT.jar!/webapps/static,AVAILABLE}
2022-03-03 15:05:38,527 [pool-339-thread-1] INFO  server.RaftServerConfigKeys (ConfUtils.java:logGet(44)) - raft.server.log.write.buffer.size = 1048576 (custom)
2022-03-03 15:05:38,528 [pool-339-thread-1] INFO  server.RaftServerConfigKeys (ConfUtils.java:logGet(44)) - raft.server.log.statemachine.data.caching.enabled = true (custom)
2022-03-03 15:05:38,528 [pool-339-thread-1] INFO  server.RaftServer$Division (ServerState.java:setRaftConf(387)) - 9456f629-97b8-4527-b4fd-0706f8d70381@group-FDB91A4CFAE0: set configuration 0: [9456f629-97b8-4527-b4fd-0706f8d70381|rpc:10.1.0.28:39067|dataStream:|priority:1], old=null
2022-03-03 15:05:38,528 [pool-339-thread-1] INFO  segmented.LogSegment (LogSegment.java:loadSegment(173)) - Successfully read 1 entries from segment file /home/runner/work/ozone/ozone/hadoop-ozone/integration-test/target/test-dir/MiniOzoneClusterImpl-1780bea0-e071-4232-b145-eeecbe4e4805/datanode-0/data/ratis/1377c51b-9d53-4df9-a28b-fdb91a4cfae0/current/log_inprogress_0
2022-03-03 15:05:38,528 [pool-339-thread-1] INFO  segmented.SegmentedRaftLogWorker (SegmentedRaftLogWorker.java:lambda$new$0(133)) - 9456f629-97b8-4527-b4fd-0706f8d70381@group-FDB91A4CFAE0-SegmentedRaftLogWorker: flushIndex: setUnconditionally 0 -> 0
2022-03-03 15:05:38,529 [pool-339-thread-1] INFO  segmented.SegmentedRaftLogWorker (SegmentedRaftLogWorker.java:lambda$new$0(133)) - 9456f629-97b8-4527-b4fd-0706f8d70381@group-FDB91A4CFAE0-SegmentedRaftLogWorker: safeCacheEvictIndex: setUnconditionally 0 -> -1
2022-03-03 15:05:38,553 [pool-339-thread-1] INFO  server.RaftServerConfigKeys (ConfUtils.java:logGet(44)) - raft.server.snapshot.auto.trigger.enabled = true (custom)
2022-03-03 15:05:38,553 [pool-339-thread-1] INFO  server.RaftServerConfigKeys (ConfUtils.java:logGet(44)) - raft.server.snapshot.auto.trigger.threshold = 10000 (custom)
2022-03-03 15:05:38,553 [pool-339-thread-1] INFO  server.RaftServerConfigKeys (ConfUtils.java:logGet(44)) - raft.server.snapshot.retention.file.num = 5 (custom)
2022-03-03 15:05:38,553 [pool-339-thread-1] INFO  server.RaftServerConfigKeys (ConfUtils.java:logGet(44)) - raft.server.log.purge.upto.snapshot.index = false (default)
2022-03-03 15:05:38,553 [pool-339-thread-1] INFO  server.RaftServerConfigKeys (ConfUtils.java:logGet(44)) - raft.server.retrycache.expirytime = 600000ms (custom)
2022-03-03 15:05:38,553 [pool-339-thread-1] INFO  server.RaftServerConfigKeys (ConfUtils.java:logGet(44)) - raft.server.retrycache.statistics.expirytime = 100μs (default)
2022-03-03 15:05:38,555 [pool-339-thread-1] INFO  server.RaftServer$Division (RaftServerImpl.java:<init>(184)) - 9456f629-97b8-4527-b4fd-0706f8d70381: new RaftServerImpl for group-32B1AEC08B9F:[] with ContainerStateMachine:uninitialized
2022-03-03 15:05:38,555 [pool-339-thread-1] INFO  server.RaftServerConfigKeys (ConfUtils.java:logGet(44)) - raft.server.rpc.timeout.min = 5s (custom)
2022-03-03 15:05:38,555 [pool-339-thread-1] INFO  server.RaftServerConfigKeys (ConfUtils.java:logGet(44)) - raft.server.rpc.timeout.max = 5200ms (custom)
2022-03-03 15:05:38,555 [pool-339-thread-1] INFO  server.RaftServerConfigKeys (ConfUtils.java:logGet(44)) - raft.server.rpc.sleep.time = 25ms (default)
2022-03-03 15:05:38,555 [pool-339-thread-1] INFO  server.RaftServerConfigKeys (ConfUtils.java:logGet(44)) - raft.server.rpc.slowness.timeout = 300s (custom)
2022-03-03 15:05:38,555 [pool-339-thread-1] INFO  server.RaftServerConfigKeys (ConfUtils.java:logGet(44)) - raft.server.leaderelection.leader.step-down.wait-time = 10s (default)
2022-03-03 15:05:38,555 [pool-339-thread-1] INFO  server.RaftServerConfigKeys (ConfUtils.java:logGet(44)) - raft.server.sleep.deviation.threshold = 300ms (default)
2022-03-03 15:05:38,555 [pool-339-thread-1] INFO  server.RaftServerConfigKeys (ConfUtils.java:logGet(44)) - raft.server.log.appender.install.snapshot.enabled = false (custom)
2022-03-03 15:05:38,555 [pool-339-thread-1] INFO  server.RaftServer$Division (ServerState.java:<init>(105)) - 9456f629-97b8-4527-b4fd-0706f8d70381@group-32B1AEC08B9F: ConfigurationManager, init=-1: [], old=null, confs=<EMPTY_MAP>
2022-03-03 15:05:38,555 [pool-339-thread-1] INFO  server.RaftServerConfigKeys (ConfUtils.java:logGet(44)) - raft.server.storage.dir = [/home/runner/work/ozone/ozone/hadoop-ozone/integration-test/target/test-dir/MiniOzoneClusterImpl-1780bea0-e071-4232-b145-eeecbe4e4805/datanode-0/data/ratis] (custom)
2022-03-03 15:05:38,555 [pool-339-thread-1] INFO  server.RaftServerConfigKeys (ConfUtils.java:logGet(44)) - raft.server.log.corruption.policy = EXCEPTION (default)
2022-03-03 15:05:38,556 [pool-339-thread-1] INFO  server.RaftServerConfigKeys (ConfUtils.java:logGet(44)) - raft.server.storage.free-space.min = 0MB (=0) (default)
2022-03-03 15:05:38,557 [pool-339-thread-1] INFO  storage.RaftStorageDirectory (RaftStorageDirectoryImpl.java:tryLock(230)) - Lock on /home/runner/work/ozone/ozone/hadoop-ozone/integration-test/target/test-dir/MiniOzoneClusterImpl-1780bea0-e071-4232-b145-eeecbe4e4805/datanode-0/data/ratis/d5c299c4-1f29-447c-8692-32b1aec08b9f/in_use.lock acquired by nodename 16342@fv-az50-851
2022-03-03 15:05:38,557 [pool-339-thread-1] INFO  storage.RaftStorage (RaftStorageImpl.java:analyzeAndRecoverStorage(110)) - Read RaftStorageMetadata{term=10, votedFor=0b7c48c7-0b6d-482c-a819-333bb540c4fb} from /home/runner/work/ozone/ozone/hadoop-ozone/integration-test/target/test-dir/MiniOzoneClusterImpl-1780bea0-e071-4232-b145-eeecbe4e4805/datanode-0/data/ratis/d5c299c4-1f29-447c-8692-32b1aec08b9f/current/raft-meta
2022-03-03 15:05:38,557 [pool-339-thread-1] INFO  ratis.ContainerStateMachine (ContainerStateMachine.java:loadSnapshot(245)) - group-32B1AEC08B9F: Setting the last applied index to (t:10, i:0)
2022-03-03 15:05:38,558 [pool-339-thread-1] INFO  server.RaftServer$Division (ServerState.java:setRaftConf(387)) - 9456f629-97b8-4527-b4fd-0706f8d70381@group-32B1AEC08B9F: set configuration 0: [0b7c48c7-0b6d-482c-a819-333bb540c4fb|rpc:10.1.0.28:44851|dataStream:|priority:1, 860b61a6-6888-4e38-8807-2fca971f454a|rpc:10.1.0.28:40193|dataStream:|priority:0, 9456f629-97b8-4527-b4fd-0706f8d70381|rpc:10.1.0.28:39067|dataStream:|priority:0], old=null
2022-03-03 15:05:38,558 [pool-339-thread-1] INFO  server.RaftServerConfigKeys (ConfUtils.java:logGet(44)) - raft.server.notification.no-leader.timeout = 300s (custom)
2022-03-03 15:05:38,558 [pool-339-thread-1] INFO  server.RaftServerConfigKeys (ConfUtils.java:logGet(44)) - raft.server.log.use.memory = false (default)
2022-03-03 15:05:38,558 [pool-339-thread-1] INFO  server.RaftServerConfigKeys (ConfUtils.java:logGet(44)) - raft.server.log.purge.gap = 1000000 (custom)
2022-03-03 15:05:38,558 [pool-339-thread-1] INFO  server.RaftServerConfigKeys (ConfUtils.java:logGet(44)) - raft.server.log.appender.buffer.byte-limit = 33554432 (custom)
2022-03-03 15:05:38,558 [pool-339-thread-1] INFO  server.RaftServerConfigKeys (ConfUtils.java:logGet(44)) - raft.server.log.segment.size.max = 1048576 (custom)
2022-03-03 15:05:38,558 [pool-339-thread-1] INFO  server.RaftServerConfigKeys (ConfUtils.java:logGet(44)) - raft.server.log.segment.cache.num.max = 2 (custom)
2022-03-03 15:05:38,558 [pool-339-thread-1] INFO  server.RaftServerConfigKeys (ConfUtils.java:logGet(44)) - raft.server.log.segment.cache.size.max = 200MB (=209715200) (default)
2022-03-03 15:05:38,558 [pool-339-thread-1] INFO  segmented.SegmentedRaftLogWorker (SegmentedRaftLogWorker.java:<init>(182)) - new 9456f629-97b8-4527-b4fd-0706f8d70381@group-32B1AEC08B9F-SegmentedRaftLogWorker for RaftStorageImpl:Storage Directory /home/runner/work/ozone/ozone/hadoop-ozone/integration-test/target/test-dir/MiniOzoneClusterImpl-1780bea0-e071-4232-b145-eeecbe4e4805/datanode-0/data/ratis/d5c299c4-1f29-447c-8692-32b1aec08b9f
2022-03-03 15:05:38,558 [pool-339-thread-1] INFO  server.RaftServerConfigKeys (ConfUtils.java:logGet(44)) - raft.server.log.queue.byte-limit = 4294967296 (custom)
2022-03-03 15:05:38,559 [pool-339-thread-1] INFO  server.RaftServerConfigKeys (ConfUtils.java:logGet(44)) - raft.server.log.queue.element-limit = 1024 (custom)
2022-03-03 15:05:38,559 [pool-339-thread-1] INFO  server.RaftServerConfigKeys (ConfUtils.java:logGet(44)) - raft.server.log.segment.size.max = 1048576 (custom)
2022-03-03 15:05:38,559 [pool-339-thread-1] INFO  server.RaftServerConfigKeys (ConfUtils.java:logGet(44)) - raft.server.log.preallocated.size = 16384 (custom)
2022-03-03 15:05:38,559 [pool-339-thread-1] INFO  server.RaftServerConfigKeys (ConfUtils.java:logGet(44)) - raft.server.log.force.sync.num = 128 (default)
2022-03-03 15:05:38,559 [pool-339-thread-1] INFO  server.RaftServerConfigKeys (ConfUtils.java:logGet(44)) - raft.server.log.statemachine.data.sync = true (default)
2022-03-03 15:05:38,559 [pool-339-thread-1] INFO  server.RaftServerConfigKeys (ConfUtils.java:logGet(44)) - raft.server.log.statemachine.data.sync.timeout = 10s (default)
2022-03-03 15:05:38,559 [pool-339-thread-1] INFO  server.RaftServerConfigKeys (ConfUtils.java:logGet(44)) - raft.server.log.statemachine.data.sync.timeout.retry = -1 (default)
2022-03-03 15:05:38,559 [pool-339-thread-1] INFO  server.RaftServerConfigKeys (ConfUtils.java:logGet(44)) - raft.server.log.write.buffer.size = 1048576 (custom)
2022-03-03 15:05:38,560 [pool-339-thread-1] INFO  server.RaftServerConfigKeys (ConfUtils.java:logGet(44)) - raft.server.log.statemachine.data.caching.enabled = true (custom)
2022-03-03 15:05:38,561 [pool-339-thread-1] INFO  server.RaftServer$Division (ServerState.java:setRaftConf(387)) - 9456f629-97b8-4527-b4fd-0706f8d70381@group-32B1AEC08B9F: set configuration 0: [0b7c48c7-0b6d-482c-a819-333bb540c4fb|rpc:10.1.0.28:44851|dataStream:|priority:1, 860b61a6-6888-4e38-8807-2fca971f454a|rpc:10.1.0.28:40193|dataStream:|priority:0, 9456f629-97b8-4527-b4fd-0706f8d70381|rpc:10.1.0.28:39067|dataStream:|priority:0], old=null
2022-03-03 15:05:38,571 [pool-339-thread-1] INFO  segmented.LogSegment (LogSegment.java:loadSegment(173)) - Successfully read 1 entries from segment file /home/runner/work/ozone/ozone/hadoop-ozone/integration-test/target/test-dir/MiniOzoneClusterImpl-1780bea0-e071-4232-b145-eeecbe4e4805/datanode-0/data/ratis/d5c299c4-1f29-447c-8692-32b1aec08b9f/current/log_inprogress_0
2022-03-03 15:05:38,571 [pool-339-thread-1] INFO  segmented.SegmentedRaftLogWorker (SegmentedRaftLogWorker.java:lambda$new$0(133)) - 9456f629-97b8-4527-b4fd-0706f8d70381@group-32B1AEC08B9F-SegmentedRaftLogWorker: flushIndex: setUnconditionally 0 -> 0
2022-03-03 15:05:38,571 [pool-339-thread-1] INFO  segmented.SegmentedRaftLogWorker (SegmentedRaftLogWorker.java:lambda$new$0(133)) - 9456f629-97b8-4527-b4fd-0706f8d70381@group-32B1AEC08B9F-SegmentedRaftLogWorker: safeCacheEvictIndex: setUnconditionally 0 -> -1
2022-03-03 15:05:38,575 [pool-339-thread-1] INFO  server.RaftServerConfigKeys (ConfUtils.java:logGet(44)) - raft.server.snapshot.auto.trigger.enabled = true (custom)
2022-03-03 15:05:38,575 [pool-339-thread-1] INFO  server.RaftServerConfigKeys (ConfUtils.java:logGet(44)) - raft.server.snapshot.auto.trigger.threshold = 10000 (custom)
2022-03-03 15:05:38,575 [pool-339-thread-1] INFO  server.RaftServerConfigKeys (ConfUtils.java:logGet(44)) - raft.server.snapshot.retention.file.num = 5 (custom)
2022-03-03 15:05:38,575 [pool-339-thread-1] INFO  server.RaftServerConfigKeys (ConfUtils.java:logGet(44)) - raft.server.log.purge.upto.snapshot.index = false (default)
2022-03-03 15:05:38,575 [pool-339-thread-1] INFO  server.RaftServerConfigKeys (ConfUtils.java:logGet(44)) - raft.server.retrycache.expirytime = 600000ms (custom)
2022-03-03 15:05:38,575 [pool-339-thread-1] INFO  server.RaftServerConfigKeys (ConfUtils.java:logGet(44)) - raft.server.retrycache.statistics.expirytime = 100μs (default)
2022-03-03 15:05:38,603 [EndpointStateMachine task thread for /0.0.0.0:34909 - 0 ] INFO  ipc.Client (Client.java:handleConnectionFailure(977)) - Retrying connect to server: 0.0.0.0/0.0.0.0:34909. Already tried 10 time(s); retry policy is RetryUpToMaximumCountWithFixedSleep(maxRetries=15, sleepTime=1000 MILLISECONDS)
2022-03-03 15:05:38,624 [Listener at 127.0.0.1/44823] INFO  handler.ContextHandler (ContextHandler.java:doStart(915)) - Started o.e.j.w.WebAppContext@1d197845{hddsDatanode,/,file:///tmp/jetty-0_0_0_0-45741-hdds-container-service-1_3_0-SNAPSHOT_jar-_-any-8675137457054449416/webapp/,AVAILABLE}{jar:file:/home/runner/.m2/repository/org/apache/ozone/hdds-container-service/1.3.0-SNAPSHOT/hdds-container-service-1.3.0-SNAPSHOT.jar!/webapps/hddsDatanode}
2022-03-03 15:05:38,626 [Listener at 127.0.0.1/44823] INFO  server.AbstractConnector (AbstractConnector.java:doStart(331)) - Started ServerConnector@2f5254db{HTTP/1.1, (http/1.1)}{0.0.0.0:45741}
2022-03-03 15:05:38,626 [Listener at 127.0.0.1/44823] INFO  server.Server (Server.java:doStart(415)) - Started @162570ms
2022-03-03 15:05:38,626 [Listener at 127.0.0.1/44823] WARN  impl.MetricsSystemImpl (MetricsSystemImpl.java:register(279)) - Sink prometheus already exists!
2022-03-03 15:05:38,627 [Listener at 127.0.0.1/44823] INFO  http.BaseHttpServer (BaseHttpServer.java:updateConnectorAddress(329)) - HTTP server of hddsDatanode listening at http://0.0.0.0:45741
2022-03-03 15:05:38,643 [Datanode State Machine Daemon Thread] INFO  statemachine.DatanodeStateMachine (DatanodeStateMachine.java:lambda$startDaemon$0(470)) - Ozone container server started.
2022-03-03 15:05:38,735 [org.apache.hadoop.util.JvmPauseMonitor$Monitor@560f0217] INFO  util.JvmPauseMonitor (JvmPauseMonitor.java:run(188)) - Starting JVM pause monitor
2022-03-03 15:05:39,349 [grpc-default-executor-3] WARN  server.GrpcLogAppender (LogUtils.java:warn(122)) - 0b7c48c7-0b6d-482c-a819-333bb540c4fb@group-32B1AEC08B9F->9456f629-97b8-4527-b4fd-0706f8d70381-AppendLogResponseHandler: Failed appendEntries: org.apache.ratis.thirdparty.io.grpc.StatusRuntimeException: UNAVAILABLE: io exception
2022-03-03 15:05:39,350 [grpc-default-executor-3] WARN  server.GrpcLogAppender (GrpcLogAppender.java:resetClient(110)) - 0b7c48c7-0b6d-482c-a819-333bb540c4fb@group-32B1AEC08B9F->9456f629-97b8-4527-b4fd-0706f8d70381-GrpcLogAppender: Leader has not got in touch with Follower 0b7c48c7-0b6d-482c-a819-333bb540c4fb@group-32B1AEC08B9F->9456f629-97b8-4527-b4fd-0706f8d70381(c0,m0,n1, attendVote=true, lastRpcSendTime=2513, lastRpcResponseTime=7545) yet, just keep nextIndex unchanged and retry.
2022-03-03 15:05:39,604 [EndpointStateMachine task thread for /0.0.0.0:34909 - 0 ] INFO  ipc.Client (Client.java:handleConnectionFailure(977)) - Retrying connect to server: 0.0.0.0/0.0.0.0:34909. Already tried 11 time(s); retry policy is RetryUpToMaximumCountWithFixedSleep(maxRetries=15, sleepTime=1000 MILLISECONDS)
2022-03-03 15:05:40,605 [EndpointStateMachine task thread for /0.0.0.0:34909 - 0 ] INFO  ipc.Client (Client.java:handleConnectionFailure(977)) - Retrying connect to server: 0.0.0.0/0.0.0.0:34909. Already tried 12 time(s); retry policy is RetryUpToMaximumCountWithFixedSleep(maxRetries=15, sleepTime=1000 MILLISECONDS)
2022-03-03 15:05:41,606 [EndpointStateMachine task thread for /0.0.0.0:34909 - 0 ] INFO  ipc.Client (Client.java:handleConnectionFailure(977)) - Retrying connect to server: 0.0.0.0/0.0.0.0:34909. Already tried 13 time(s); retry policy is RetryUpToMaximumCountWithFixedSleep(maxRetries=15, sleepTime=1000 MILLISECONDS)
2022-03-03 15:05:41,859 [grpc-default-executor-3] WARN  server.GrpcLogAppender (LogUtils.java:warn(122)) - 0b7c48c7-0b6d-482c-a819-333bb540c4fb@group-32B1AEC08B9F->9456f629-97b8-4527-b4fd-0706f8d70381-AppendLogResponseHandler: Failed appendEntries: org.apache.ratis.thirdparty.io.grpc.StatusRuntimeException: UNAVAILABLE: io exception
2022-03-03 15:05:41,860 [grpc-default-executor-3] WARN  server.GrpcLogAppender (GrpcLogAppender.java:resetClient(110)) - 0b7c48c7-0b6d-482c-a819-333bb540c4fb@group-32B1AEC08B9F->9456f629-97b8-4527-b4fd-0706f8d70381-GrpcLogAppender: Leader has not got in touch with Follower 0b7c48c7-0b6d-482c-a819-333bb540c4fb@group-32B1AEC08B9F->9456f629-97b8-4527-b4fd-0706f8d70381(c0,m0,n1, attendVote=true, lastRpcSendTime=1, lastRpcResponseTime=10054) yet, just keep nextIndex unchanged and retry.
2022-03-03 15:05:42,607 [EndpointStateMachine task thread for /0.0.0.0:34909 - 0 ] INFO  ipc.Client (Client.java:handleConnectionFailure(977)) - Retrying connect to server: 0.0.0.0/0.0.0.0:34909. Already tried 14 time(s); retry policy is RetryUpToMaximumCountWithFixedSleep(maxRetries=15, sleepTime=1000 MILLISECONDS)
2022-03-03 15:05:42,609 [EndpointStateMachine task thread for /0.0.0.0:34909 - 0 ] WARN  statemachine.EndpointStateMachine (EndpointStateMachine.java:logIfNeeded(236)) - Unable to communicate to SCM server at 0.0.0.0:34909 for past 0 seconds.
java.net.ConnectException: Your endpoint configuration is wrong; For more details see:  http://wiki.apache.org/hadoop/UnsetHostnameOrPort
	at sun.reflect.NativeConstructorAccessorImpl.newInstance0(Native Method)
	at sun.reflect.NativeConstructorAccessorImpl.newInstance(NativeConstructorAccessorImpl.java:62)
	at sun.reflect.DelegatingConstructorAccessorImpl.newInstance(DelegatingConstructorAccessorImpl.java:45)
	at java.lang.reflect.Constructor.newInstance(Constructor.java:423)
	at org.apache.hadoop.net.NetUtils.wrapWithMessage(NetUtils.java:913)
	at org.apache.hadoop.net.NetUtils.wrapException(NetUtils.java:824)
	at org.apache.hadoop.ipc.Client.getRpcResponse(Client.java:1577)
	at org.apache.hadoop.ipc.Client.call(Client.java:1519)
	at org.apache.hadoop.ipc.Client.call(Client.java:1416)
	at org.apache.hadoop.ipc.ProtobufRpcEngine$Invoker.invoke(ProtobufRpcEngine.java:236)
	at org.apache.hadoop.ipc.ProtobufRpcEngine$Invoker.invoke(ProtobufRpcEngine.java:123)
	at com.sun.proxy.$Proxy49.submitRequest(Unknown Source)
	at org.apache.hadoop.ozone.protocolPB.StorageContainerDatanodeProtocolClientSideTranslatorPB.submitRequest(StorageContainerDatanodeProtocolClientSideTranslatorPB.java:117)
	at org.apache.hadoop.ozone.protocolPB.StorageContainerDatanodeProtocolClientSideTranslatorPB.sendHeartbeat(StorageContainerDatanodeProtocolClientSideTranslatorPB.java:149)
	at org.apache.hadoop.ozone.container.common.states.endpoint.HeartbeatEndpointTask.call(HeartbeatEndpointTask.java:180)
	at org.apache.hadoop.ozone.container.common.states.endpoint.HeartbeatEndpointTask.call(HeartbeatEndpointTask.java:83)
	at java.util.concurrent.FutureTask.run(FutureTask.java:266)
	at java.util.concurrent.ThreadPoolExecutor.runWorker(ThreadPoolExecutor.java:1149)
	at java.util.concurrent.ThreadPoolExecutor$Worker.run(ThreadPoolExecutor.java:624)
	at java.lang.Thread.run(Thread.java:750)
Caused by: java.net.ConnectException: Connection refused
	at sun.nio.ch.SocketChannelImpl.checkConnect(Native Method)
	at sun.nio.ch.SocketChannelImpl.finishConnect(SocketChannelImpl.java:716)
	at org.apache.hadoop.net.SocketIOWithTimeout.connect(SocketIOWithTimeout.java:206)
	at org.apache.hadoop.net.NetUtils.connect(NetUtils.java:586)
	at org.apache.hadoop.ipc.Client$Connection.setupConnection(Client.java:701)
	at org.apache.hadoop.ipc.Client$Connection.setupIOstreams(Client.java:822)
	at org.apache.hadoop.ipc.Client$Connection.access$3800(Client.java:414)
	at org.apache.hadoop.ipc.Client.getConnection(Client.java:1647)
	at org.apache.hadoop.ipc.Client.call(Client.java:1463)
	... 12 more
2022-03-03 15:05:43,612 [EndpointStateMachine task thread for /0.0.0.0:34909 - 0 ] INFO  ipc.Client (Client.java:handleConnectionFailure(977)) - Retrying connect to server: 0.0.0.0/0.0.0.0:34909. Already tried 0 time(s); retry policy is RetryUpToMaximumCountWithFixedSleep(maxRetries=15, sleepTime=1000 MILLISECONDS)
2022-03-03 15:05:44,366 [grpc-default-executor-2] WARN  server.GrpcLogAppender (LogUtils.java:warn(122)) - 0b7c48c7-0b6d-482c-a819-333bb540c4fb@group-32B1AEC08B9F->9456f629-97b8-4527-b4fd-0706f8d70381-AppendLogResponseHandler: Failed appendEntries: org.apache.ratis.thirdparty.io.grpc.StatusRuntimeException: UNAVAILABLE: io exception
2022-03-03 15:05:44,367 [grpc-default-executor-2] WARN  server.GrpcLogAppender (GrpcLogAppender.java:resetClient(110)) - 0b7c48c7-0b6d-482c-a819-333bb540c4fb@group-32B1AEC08B9F->9456f629-97b8-4527-b4fd-0706f8d70381-GrpcLogAppender: Leader has not got in touch with Follower 0b7c48c7-0b6d-482c-a819-333bb540c4fb@group-32B1AEC08B9F->9456f629-97b8-4527-b4fd-0706f8d70381(c0,m0,n1, attendVote=true, lastRpcSendTime=1, lastRpcResponseTime=12561) yet, just keep nextIndex unchanged and retry.
2022-03-03 15:05:44,613 [EndpointStateMachine task thread for /0.0.0.0:34909 - 0 ] INFO  ipc.Client (Client.java:handleConnectionFailure(977)) - Retrying connect to server: 0.0.0.0/0.0.0.0:34909. Already tried 1 time(s); retry policy is RetryUpToMaximumCountWithFixedSleep(maxRetries=15, sleepTime=1000 MILLISECONDS)
2022-03-03 15:05:45,614 [EndpointStateMachine task thread for /0.0.0.0:34909 - 0 ] INFO  ipc.Client (Client.java:handleConnectionFailure(977)) - Retrying connect to server: 0.0.0.0/0.0.0.0:34909. Already tried 2 time(s); retry policy is RetryUpToMaximumCountWithFixedSleep(maxRetries=15, sleepTime=1000 MILLISECONDS)
2022-03-03 15:05:46,615 [EndpointStateMachine task thread for /0.0.0.0:34909 - 0 ] INFO  ipc.Client (Client.java:handleConnectionFailure(977)) - Retrying connect to server: 0.0.0.0/0.0.0.0:34909. Already tried 3 time(s); retry policy is RetryUpToMaximumCountWithFixedSleep(maxRetries=15, sleepTime=1000 MILLISECONDS)
2022-03-03 15:05:46,866 [grpc-default-executor-2] WARN  server.GrpcLogAppender (LogUtils.java:warn(122)) - 0b7c48c7-0b6d-482c-a819-333bb540c4fb@group-32B1AEC08B9F->9456f629-97b8-4527-b4fd-0706f8d70381-AppendLogResponseHandler: Failed appendEntries: org.apache.ratis.thirdparty.io.grpc.StatusRuntimeException: UNAVAILABLE: io exception
2022-03-03 15:05:46,868 [grpc-default-executor-2] WARN  server.GrpcLogAppender (GrpcLogAppender.java:resetClient(110)) - 0b7c48c7-0b6d-482c-a819-333bb540c4fb@group-32B1AEC08B9F->9456f629-97b8-4527-b4fd-0706f8d70381-GrpcLogAppender: Leader has not got in touch with Follower 0b7c48c7-0b6d-482c-a819-333bb540c4fb@group-32B1AEC08B9F->9456f629-97b8-4527-b4fd-0706f8d70381(c0,m0,n1, attendVote=true, lastRpcSendTime=2502, lastRpcResponseTime=15062) yet, just keep nextIndex unchanged and retry.
2022-03-03 15:05:47,616 [EndpointStateMachine task thread for /0.0.0.0:34909 - 0 ] INFO  ipc.Client (Client.java:handleConnectionFailure(977)) - Retrying connect to server: 0.0.0.0/0.0.0.0:34909. Already tried 4 time(s); retry policy is RetryUpToMaximumCountWithFixedSleep(maxRetries=15, sleepTime=1000 MILLISECONDS)
2022-03-03 15:05:48,617 [EndpointStateMachine task thread for /0.0.0.0:34909 - 0 ] INFO  ipc.Client (Client.java:handleConnectionFailure(977)) - Retrying connect to server: 0.0.0.0/0.0.0.0:34909. Already tried 5 time(s); retry policy is RetryUpToMaximumCountWithFixedSleep(maxRetries=15, sleepTime=1000 MILLISECONDS)
2022-03-03 15:05:49,375 [grpc-default-executor-2] WARN  server.GrpcLogAppender (LogUtils.java:warn(122)) - 0b7c48c7-0b6d-482c-a819-333bb540c4fb@group-32B1AEC08B9F->9456f629-97b8-4527-b4fd-0706f8d70381-AppendLogResponseHandler: Failed appendEntries: org.apache.ratis.thirdparty.io.grpc.StatusRuntimeException: UNAVAILABLE: io exception
2022-03-03 15:05:49,377 [grpc-default-executor-2] WARN  server.GrpcLogAppender (GrpcLogAppender.java:resetClient(110)) - 0b7c48c7-0b6d-482c-a819-333bb540c4fb@group-32B1AEC08B9F->9456f629-97b8-4527-b4fd-0706f8d70381-GrpcLogAppender: Leader has not got in touch with Follower 0b7c48c7-0b6d-482c-a819-333bb540c4fb@group-32B1AEC08B9F->9456f629-97b8-4527-b4fd-0706f8d70381(c0,m0,n1, attendVote=true, lastRpcSendTime=2502, lastRpcResponseTime=17571) yet, just keep nextIndex unchanged and retry.
2022-03-03 15:05:49,618 [EndpointStateMachine task thread for /0.0.0.0:34909 - 0 ] INFO  ipc.Client (Client.java:handleConnectionFailure(977)) - Retrying connect to server: 0.0.0.0/0.0.0.0:34909. Already tried 6 time(s); retry policy is RetryUpToMaximumCountWithFixedSleep(maxRetries=15, sleepTime=1000 MILLISECONDS)
2022-03-03 15:05:50,618 [EndpointStateMachine task thread for /0.0.0.0:34909 - 0 ] INFO  ipc.Client (Client.java:handleConnectionFailure(977)) - Retrying connect to server: 0.0.0.0/0.0.0.0:34909. Already tried 7 time(s); retry policy is RetryUpToMaximumCountWithFixedSleep(maxRetries=15, sleepTime=1000 MILLISECONDS)
2022-03-03 15:05:51,622 [EndpointStateMachine task thread for /0.0.0.0:34909 - 0 ] INFO  ipc.Client (Client.java:handleConnectionFailure(977)) - Retrying connect to server: 0.0.0.0/0.0.0.0:34909. Already tried 8 time(s); retry policy is RetryUpToMaximumCountWithFixedSleep(maxRetries=15, sleepTime=1000 MILLISECONDS)
2022-03-03 15:05:51,899 [grpc-default-executor-2] WARN  server.GrpcLogAppender (LogUtils.java:warn(122)) - 0b7c48c7-0b6d-482c-a819-333bb540c4fb@group-32B1AEC08B9F->9456f629-97b8-4527-b4fd-0706f8d70381-AppendLogResponseHandler: Failed appendEntries: org.apache.ratis.thirdparty.io.grpc.StatusRuntimeException: UNAVAILABLE: io exception
2022-03-03 15:05:51,900 [grpc-default-executor-2] WARN  server.GrpcLogAppender (GrpcLogAppender.java:resetClient(110)) - 0b7c48c7-0b6d-482c-a819-333bb540c4fb@group-32B1AEC08B9F->9456f629-97b8-4527-b4fd-0706f8d70381-GrpcLogAppender: Leader has not got in touch with Follower 0b7c48c7-0b6d-482c-a819-333bb540c4fb@group-32B1AEC08B9F->9456f629-97b8-4527-b4fd-0706f8d70381(c0,m0,n1, attendVote=true, lastRpcSendTime=1, lastRpcResponseTime=20095) yet, just keep nextIndex unchanged and retry.
2022-03-03 15:05:52,623 [EndpointStateMachine task thread for /0.0.0.0:34909 - 0 ] INFO  ipc.Client (Client.java:handleConnectionFailure(977)) - Retrying connect to server: 0.0.0.0/0.0.0.0:34909. Already tried 9 time(s); retry policy is RetryUpToMaximumCountWithFixedSleep(maxRetries=15, sleepTime=1000 MILLISECONDS)
2022-03-03 15:05:53,625 [EndpointStateMachine task thread for /0.0.0.0:34909 - 0 ] INFO  ipc.Client (Client.java:handleConnectionFailure(977)) - Retrying connect to server: 0.0.0.0/0.0.0.0:34909. Already tried 10 time(s); retry policy is RetryUpToMaximumCountWithFixedSleep(maxRetries=15, sleepTime=1000 MILLISECONDS)
2022-03-03 15:05:53,783 [Time-limited test] INFO  ozone.MiniOzoneClusterImpl (MiniOzoneClusterImpl.java:shutdown(449)) - Shutting down the Mini Ozone Cluster
2022-03-03 15:05:53,783 [Time-limited test] INFO  ozone.MiniOzoneClusterImpl (MiniOzoneClusterImpl.java:stop(464)) - Stopping the Mini Ozone Cluster
2022-03-03 15:05:53,783 [Time-limited test] INFO  ozone.MiniOzoneClusterImpl (MiniOzoneClusterImpl.java:stopOM(546)) - Stopping the OzoneManager
2022-03-03 15:05:53,784 [Time-limited test] INFO  om.OzoneManager (OzoneManager.java:stop(1893)) - om1[localhost:0]: Stopping Ozone Manager
2022-03-03 15:05:53,787 [Time-limited test] INFO  ipc.Server (Server.java:stop(3414)) - Stopping server on 44823
2022-03-03 15:05:53,789 [IPC Server Responder] INFO  ipc.Server (Server.java:run(1512)) - Stopping IPC Server Responder
2022-03-03 15:05:53,795 [Time-limited test] INFO  server.RaftServer (RaftServerProxy.java:lambda$close$6(391)) - om1: close
2022-03-03 15:05:53,795 [Time-limited test] INFO  server.RaftServer$Division (RaftServerImpl.java:lambda$close$4(412)) - om1@group-C5BA1605619E: shutdown
2022-03-03 15:05:53,796 [Time-limited test] INFO  util.JmxRegister (JmxRegister.java:unregister(73)) - Successfully un-registered JMX Bean with object name Ratis:service=RaftServer,group=group-C5BA1605619E,id=om1
2022-03-03 15:05:53,796 [Time-limited test] INFO  impl.RoleInfo (RoleInfo.java:shutdownLeaderState(91)) - om1: shutdown om1@group-C5BA1605619E-LeaderStateImpl
2022-03-03 15:05:53,796 [Time-limited test] INFO  impl.PendingRequests (PendingRequests.java:sendNotLeaderResponses(282)) - om1@group-C5BA1605619E-PendingRequests: sendNotLeaderResponses
2022-03-03 15:05:53,797 [Time-limited test] INFO  impl.StateMachineUpdater (StateMachineUpdater.java:stopAndJoin(149)) - om1@group-C5BA1605619E-StateMachineUpdater: set stopIndex = 0
2022-03-03 15:05:53,798 [om1@group-C5BA1605619E-StateMachineUpdater] INFO  ratis.OzoneManagerStateMachine (OzoneManagerStateMachine.java:takeSnapshot(417)) - Current Snapshot Index (t:1, i:0)
2022-03-03 15:05:53,798 [om1@group-C5BA1605619E-StateMachineUpdater] INFO  impl.StateMachineUpdater (StateMachineUpdater.java:takeSnapshot(281)) - om1@group-C5BA1605619E-StateMachineUpdater: Took a snapshot at index 0
2022-03-03 15:05:53,798 [om1@group-C5BA1605619E-StateMachineUpdater] INFO  impl.StateMachineUpdater (StateMachineUpdater.java:lambda$new$0(89)) - om1@group-C5BA1605619E-StateMachineUpdater: snapshotIndex: updateIncreasingly -1 -> 0
2022-03-03 15:05:53,798 [om1@group-C5BA1605619E-StateMachineUpdater] INFO  ratis.OzoneManagerStateMachine (OzoneManagerStateMachine.java:close(471)) - StateMachine has shutdown. Shutdown OzoneManager if not already shutdown.
2022-03-03 15:05:53,802 [IPC Server listener on 0] INFO  ipc.Server (Server.java:run(1376)) - Stopping IPC Server listener on 0
2022-03-03 15:05:53,819 [Time-limited test] INFO  server.RaftServer$Division (ServerState.java:close(419)) - om1@group-C5BA1605619E: closes. applyIndex: 0
2022-03-03 15:05:53,819 [om1@group-C5BA1605619E-SegmentedRaftLogWorker] INFO  segmented.SegmentedRaftLogWorker (SegmentedRaftLogWorker.java:run(327)) - om1@group-C5BA1605619E-SegmentedRaftLogWorker was interrupted, exiting. There are 0 tasks remaining in the queue.
2022-03-03 15:05:53,829 [Time-limited test] INFO  segmented.SegmentedRaftLogWorker (SegmentedRaftLogWorker.java:close(237)) - om1@group-C5BA1605619E-SegmentedRaftLogWorker close()
2022-03-03 15:05:53,830 [Time-limited test] INFO  server.GrpcService (GrpcService.java:closeImpl(262)) - om1: shutdown server with port 9872 now
2022-03-03 15:05:53,831 [Time-limited test] INFO  server.GrpcService (GrpcService.java:closeImpl(271)) - om1: shutdown server with port 9872 successfully
2022-03-03 15:05:53,831 [org.apache.ratis.util.JvmPauseMonitor$$Lambda$431/2038447515@a16a05d] INFO  util.JvmPauseMonitor (JvmPauseMonitor.java:run(109)) - JvmPauseMonitor-om1: Stopped
2022-03-03 15:05:53,831 [Time-limited test] INFO  ratis.OzoneManagerDoubleBuffer (OzoneManagerDoubleBuffer.java:stop(437)) - Stopping OMDoubleBuffer flush thread
2022-03-03 15:05:53,832 [OMDoubleBufferFlushThread] INFO  ratis.OzoneManagerDoubleBuffer (OzoneManagerDoubleBuffer.java:flushTransactions(356)) - OMDoubleBuffer flush thread OMDoubleBufferFlushThread is interrupted and will exit. OMDoubleBufferFlushThread
2022-03-03 15:05:53,835 [Time-limited test] INFO  utils.BackgroundService (BackgroundService.java:shutdown(132)) - Shutting down service KeyDeletingService
2022-03-03 15:05:53,835 [Time-limited test] INFO  utils.BackgroundService (BackgroundService.java:shutdown(132)) - Shutting down service DirectoryDeletingService
2022-03-03 15:05:53,837 [Time-limited test] INFO  handler.ContextHandler (ContextHandler.java:doStop(1153)) - Stopped o.e.j.w.WebAppContext@44a3a03e{ozoneManager,/,null,STOPPED}{file:/home/runner/work/ozone/ozone/hadoop-ozone/integration-test/target/test-classes/webapps/ozoneManager}
2022-03-03 15:05:53,846 [Time-limited test] INFO  server.AbstractConnector (AbstractConnector.java:doStop(381)) - Stopped ServerConnector@2c147f29{HTTP/1.1, (http/1.1)}{0.0.0.0:0}
2022-03-03 15:05:53,847 [Time-limited test] INFO  server.session (HouseKeeper.java:stopScavenging(149)) - node0 Stopped scavenging
2022-03-03 15:05:53,852 [Time-limited test] INFO  handler.ContextHandler (ContextHandler.java:doStop(1153)) - Stopped o.e.j.s.ServletContextHandler@53ad9433{static,/static,file:///home/runner/work/ozone/ozone/hadoop-ozone/integration-test/target/test-classes/webapps/static,STOPPED}
2022-03-03 15:05:53,853 [Time-limited test] INFO  handler.ContextHandler (ContextHandler.java:doStop(1153)) - Stopped o.e.j.s.ServletContextHandler@7de0b8a3{logs,/logs,file:///home/runner/work/ozone/ozone/hadoop-ozone/integration-test/target/log,STOPPED}
2022-03-03 15:05:53,870 [Time-limited test] INFO  ozone.MiniOzoneClusterImpl (MiniOzoneClusterImpl.java:stopDatanodes(523)) - Stopping the HddsDatanodes
2022-03-03 15:05:54,409 [grpc-default-executor-2] WARN  server.GrpcLogAppender (LogUtils.java:warn(122)) - 0b7c48c7-0b6d-482c-a819-333bb540c4fb@group-32B1AEC08B9F->9456f629-97b8-4527-b4fd-0706f8d70381-AppendLogResponseHandler: Failed appendEntries: org.apache.ratis.thirdparty.io.grpc.StatusRuntimeException: UNAVAILABLE: io exception
2022-03-03 15:05:54,411 [grpc-default-executor-2] WARN  server.GrpcLogAppender (GrpcLogAppender.java:resetClient(110)) - 0b7c48c7-0b6d-482c-a819-333bb540c4fb@group-32B1AEC08B9F->9456f629-97b8-4527-b4fd-0706f8d70381-GrpcLogAppender: Leader has not got in touch with Follower 0b7c48c7-0b6d-482c-a819-333bb540c4fb@group-32B1AEC08B9F->9456f629-97b8-4527-b4fd-0706f8d70381(c0,m0,n1, attendVote=true, lastRpcSendTime=1, lastRpcResponseTime=22605) yet, just keep nextIndex unchanged and retry.
2022-03-03 15:05:54,626 [Datanode State Machine Daemon Thread] WARN  statemachine.StateContext (StateContext.java:setState(250)) - Ignore disallowed transition from SHUTDOWN to RUNNING
2022-03-03 15:05:54,626 [EndpointStateMachine task thread for /0.0.0.0:34909 - 0 ] INFO  ipc.Client (Client.java:handleConnectionFailure(977)) - Retrying connect to server: 0.0.0.0/0.0.0.0:34909. Already tried 11 time(s); retry policy is RetryUpToMaximumCountWithFixedSleep(maxRetries=15, sleepTime=1000 MILLISECONDS)
2022-03-03 15:05:54,728 [Datanode State Machine Daemon Thread] WARN  statemachine.StateContext (StateContext.java:setState(250)) - Ignore disallowed transition from SHUTDOWN to RUNNING
2022-03-03 15:05:55,626 [EndpointStateMachine task thread for /0.0.0.0:34909 - 0 ] INFO  ipc.Client (Client.java:handleConnectionFailure(977)) - Retrying connect to server: 0.0.0.0/0.0.0.0:34909. Already tried 12 time(s); retry policy is RetryUpToMaximumCountWithFixedSleep(maxRetries=15, sleepTime=1000 MILLISECONDS)
2022-03-03 15:05:56,627 [EndpointStateMachine task thread for /0.0.0.0:34909 - 0 ] INFO  ipc.Client (Client.java:handleConnectionFailure(977)) - Retrying connect to server: 0.0.0.0/0.0.0.0:34909. Already tried 13 time(s); retry policy is RetryUpToMaximumCountWithFixedSleep(maxRetries=15, sleepTime=1000 MILLISECONDS)
2022-03-03 15:05:56,914 [grpc-default-executor-2] WARN  server.GrpcLogAppender (LogUtils.java:warn(122)) - 0b7c48c7-0b6d-482c-a819-333bb540c4fb@group-32B1AEC08B9F->9456f629-97b8-4527-b4fd-0706f8d70381-AppendLogResponseHandler: Failed appendEntries: org.apache.ratis.thirdparty.io.grpc.StatusRuntimeException: UNAVAILABLE: io exception
2022-03-03 15:05:56,915 [grpc-default-executor-2] WARN  server.GrpcLogAppender (GrpcLogAppender.java:resetClient(110)) - 0b7c48c7-0b6d-482c-a819-333bb540c4fb@group-32B1AEC08B9F->9456f629-97b8-4527-b4fd-0706f8d70381-GrpcLogAppender: Leader has not got in touch with Follower 0b7c48c7-0b6d-482c-a819-333bb540c4fb@group-32B1AEC08B9F->9456f629-97b8-4527-b4fd-0706f8d70381(c0,m0,n1, attendVote=true, lastRpcSendTime=2505, lastRpcResponseTime=25109) yet, just keep nextIndex unchanged and retry.
2022-03-03 15:05:57,628 [EndpointStateMachine task thread for /0.0.0.0:34909 - 0 ] INFO  ipc.Client (Client.java:handleConnectionFailure(977)) - Retrying connect to server: 0.0.0.0/0.0.0.0:34909. Already tried 14 time(s); retry policy is RetryUpToMaximumCountWithFixedSleep(maxRetries=15, sleepTime=1000 MILLISECONDS)
2022-03-03 15:05:57,629 [EndpointStateMachine task thread for /0.0.0.0:34909 - 0 ] WARN  statemachine.EndpointStateMachine (EndpointStateMachine.java:logIfNeeded(236)) - Unable to communicate to SCM server at 0.0.0.0:34909 for past 0 seconds.
java.net.ConnectException: Your endpoint configuration is wrong; For more details see:  http://wiki.apache.org/hadoop/UnsetHostnameOrPort
	at sun.reflect.NativeConstructorAccessorImpl.newInstance0(Native Method)
	at sun.reflect.NativeConstructorAccessorImpl.newInstance(NativeConstructorAccessorImpl.java:62)
	at sun.reflect.DelegatingConstructorAccessorImpl.newInstance(DelegatingConstructorAccessorImpl.java:45)
	at java.lang.reflect.Constructor.newInstance(Constructor.java:423)
	at org.apache.hadoop.net.NetUtils.wrapWithMessage(NetUtils.java:913)
	at org.apache.hadoop.net.NetUtils.wrapException(NetUtils.java:824)
	at org.apache.hadoop.ipc.Client.getRpcResponse(Client.java:1577)
	at org.apache.hadoop.ipc.Client.call(Client.java:1519)
	at org.apache.hadoop.ipc.Client.call(Client.java:1416)
	at org.apache.hadoop.ipc.ProtobufRpcEngine$Invoker.invoke(ProtobufRpcEngine.java:236)
	at org.apache.hadoop.ipc.ProtobufRpcEngine$Invoker.invoke(ProtobufRpcEngine.java:123)
	at com.sun.proxy.$Proxy49.submitRequest(Unknown Source)
	at org.apache.hadoop.ozone.protocolPB.StorageContainerDatanodeProtocolClientSideTranslatorPB.submitRequest(StorageContainerDatanodeProtocolClientSideTranslatorPB.java:117)
	at org.apache.hadoop.ozone.protocolPB.StorageContainerDatanodeProtocolClientSideTranslatorPB.getVersion(StorageContainerDatanodeProtocolClientSideTranslatorPB.java:133)
	at org.apache.hadoop.ozone.container.common.states.endpoint.VersionEndpointTask.call(VersionEndpointTask.java:71)
	at org.apache.hadoop.ozone.container.common.states.endpoint.VersionEndpointTask.call(VersionEndpointTask.java:42)
	at java.util.concurrent.FutureTask.run(FutureTask.java:266)
	at java.util.concurrent.ThreadPoolExecutor.runWorker(ThreadPoolExecutor.java:1149)
	at java.util.concurrent.ThreadPoolExecutor$Worker.run(ThreadPoolExecutor.java:624)
	at java.lang.Thread.run(Thread.java:750)
Caused by: java.net.ConnectException: Connection refused
	at sun.nio.ch.SocketChannelImpl.checkConnect(Native Method)
	at sun.nio.ch.SocketChannelImpl.finishConnect(SocketChannelImpl.java:716)
	at org.apache.hadoop.net.SocketIOWithTimeout.connect(SocketIOWithTimeout.java:206)
	at org.apache.hadoop.net.NetUtils.connect(NetUtils.java:586)
	at org.apache.hadoop.ipc.Client$Connection.setupConnection(Client.java:701)
	at org.apache.hadoop.ipc.Client$Connection.setupIOstreams(Client.java:822)
	at org.apache.hadoop.ipc.Client$Connection.access$3800(Client.java:414)
	at org.apache.hadoop.ipc.Client.getConnection(Client.java:1647)
	at org.apache.hadoop.ipc.Client.call(Client.java:1463)
	... 12 more
2022-03-03 15:05:58,629 [EndpointStateMachine task thread for /0.0.0.0:34909 - 0 ] INFO  ipc.Client (Client.java:handleConnectionFailure(977)) - Retrying connect to server: 0.0.0.0/0.0.0.0:34909. Already tried 0 time(s); retry policy is RetryUpToMaximumCountWithFixedSleep(maxRetries=15, sleepTime=1000 MILLISECONDS)
2022-03-03 15:05:58,875 [Time-limited test] INFO  ozoneimpl.OzoneContainer (OzoneContainer.java:stop(356)) - Attempting to stop container services.
2022-03-03 15:05:58,890 [Time-limited test] INFO  server.RaftServer (RaftServerProxy.java:lambda$close$6(391)) - 860b61a6-6888-4e38-8807-2fca971f454a: close
2022-03-03 15:05:58,890 [Time-limited test] INFO  server.RaftServer$Division (RaftServerImpl.java:lambda$close$4(412)) - 860b61a6-6888-4e38-8807-2fca971f454a@group-E70E23541A26: shutdown
2022-03-03 15:05:58,890 [Time-limited test] INFO  util.JmxRegister (JmxRegister.java:unregister(73)) - Successfully un-registered JMX Bean with object name Ratis:service=RaftServer,group=group-E70E23541A26,id=860b61a6-6888-4e38-8807-2fca971f454a
2022-03-03 15:05:58,890 [Time-limited test] INFO  impl.RoleInfo (RoleInfo.java:shutdownLeaderState(91)) - 860b61a6-6888-4e38-8807-2fca971f454a: shutdown 860b61a6-6888-4e38-8807-2fca971f454a@group-E70E23541A26-LeaderStateImpl
2022-03-03 15:05:58,890 [Time-limited test] INFO  impl.PendingRequests (PendingRequests.java:sendNotLeaderResponses(282)) - 860b61a6-6888-4e38-8807-2fca971f454a@group-E70E23541A26-PendingRequests: sendNotLeaderResponses
2022-03-03 15:05:58,891 [Time-limited test] INFO  impl.StateMachineUpdater (StateMachineUpdater.java:stopAndJoin(149)) - 860b61a6-6888-4e38-8807-2fca971f454a@group-E70E23541A26-StateMachineUpdater: set stopIndex = 0
2022-03-03 15:05:58,894 [860b61a6-6888-4e38-8807-2fca971f454a@group-E70E23541A26-StateMachineUpdater] INFO  ratis.ContainerStateMachine (ContainerStateMachine.java:takeSnapshot(304)) - group-E70E23541A26: Taking a snapshot at:(t:1, i:0) file /home/runner/work/ozone/ozone/hadoop-ozone/integration-test/target/test-dir/MiniOzoneClusterImpl-1780bea0-e071-4232-b145-eeecbe4e4805/datanode-1/data/ratis/037598ef-8231-4f71-b58d-e70e23541a26/sm/snapshot.1_0
2022-03-03 15:05:58,895 [ForkJoinPool.commonPool-worker-1] INFO  ozoneimpl.OzoneContainer (OzoneContainer.java:stop(356)) - Attempting to stop container services.
2022-03-03 15:05:58,895 [860b61a6-6888-4e38-8807-2fca971f454a@group-E70E23541A26-StateMachineUpdater] INFO  ratis.ContainerStateMachine (ContainerStateMachine.java:takeSnapshot(315)) - group-E70E23541A26: Finished taking a snapshot at:(t:1, i:0) file:/home/runner/work/ozone/ozone/hadoop-ozone/integration-test/target/test-dir/MiniOzoneClusterImpl-1780bea0-e071-4232-b145-eeecbe4e4805/datanode-1/data/ratis/037598ef-8231-4f71-b58d-e70e23541a26/sm/snapshot.1_0 took: 2 ms
2022-03-03 15:05:58,896 [860b61a6-6888-4e38-8807-2fca971f454a@group-E70E23541A26-StateMachineUpdater] INFO  impl.StateMachineUpdater (StateMachineUpdater.java:takeSnapshot(281)) - 860b61a6-6888-4e38-8807-2fca971f454a@group-E70E23541A26-StateMachineUpdater: Took a snapshot at index 0
2022-03-03 15:05:58,896 [860b61a6-6888-4e38-8807-2fca971f454a@group-E70E23541A26-StateMachineUpdater] INFO  impl.StateMachineUpdater (StateMachineUpdater.java:lambda$new$0(89)) - 860b61a6-6888-4e38-8807-2fca971f454a@group-E70E23541A26-StateMachineUpdater: snapshotIndex: updateIncreasingly -1 -> 0
2022-03-03 15:05:58,896 [ForkJoinPool.commonPool-worker-1] INFO  utils.BackgroundService (BackgroundService.java:shutdown(132)) - Shutting down service BlockDeletingService
2022-03-03 15:05:58,897 [Time-limited test] INFO  server.RaftServer$Division (ServerState.java:close(419)) - 860b61a6-6888-4e38-8807-2fca971f454a@group-E70E23541A26: closes. applyIndex: 0
2022-03-03 15:05:58,898 [860b61a6-6888-4e38-8807-2fca971f454a@group-E70E23541A26-SegmentedRaftLogWorker] INFO  segmented.SegmentedRaftLogWorker (SegmentedRaftLogWorker.java:run(327)) - 860b61a6-6888-4e38-8807-2fca971f454a@group-E70E23541A26-SegmentedRaftLogWorker was interrupted, exiting. There are 0 tasks remaining in the queue.
2022-03-03 15:05:58,899 [Time-limited test] INFO  segmented.SegmentedRaftLogWorker (SegmentedRaftLogWorker.java:close(237)) - 860b61a6-6888-4e38-8807-2fca971f454a@group-E70E23541A26-SegmentedRaftLogWorker close()
2022-03-03 15:05:58,899 [Time-limited test] INFO  server.RaftServer$Division (RaftServerImpl.java:lambda$close$4(412)) - 860b61a6-6888-4e38-8807-2fca971f454a@group-32B1AEC08B9F: shutdown
2022-03-03 15:05:58,900 [Time-limited test] INFO  util.JmxRegister (JmxRegister.java:unregister(73)) - Successfully un-registered JMX Bean with object name Ratis:service=RaftServer,group=group-32B1AEC08B9F,id=860b61a6-6888-4e38-8807-2fca971f454a
2022-03-03 15:05:58,900 [Time-limited test] INFO  impl.RoleInfo (RoleInfo.java:shutdownFollowerState(108)) - 860b61a6-6888-4e38-8807-2fca971f454a: shutdown 860b61a6-6888-4e38-8807-2fca971f454a@group-32B1AEC08B9F-FollowerState
2022-03-03 15:05:58,900 [860b61a6-6888-4e38-8807-2fca971f454a@group-32B1AEC08B9F-FollowerState] INFO  impl.FollowerState (FollowerState.java:run(143)) - 860b61a6-6888-4e38-8807-2fca971f454a@group-32B1AEC08B9F-FollowerState was interrupted: {}
java.lang.InterruptedException: sleep interrupted
	at java.lang.Thread.sleep(Native Method)
	at java.lang.Thread.sleep(Thread.java:342)
	at java.util.concurrent.TimeUnit.sleep(TimeUnit.java:386)
	at org.apache.ratis.util.TimeDuration.sleep(TimeDuration.java:324)
	at org.apache.ratis.util.TimeDuration.sleep(TimeDuration.java:309)
	at org.apache.ratis.server.impl.FollowerState.run(FollowerState.java:118)
2022-03-03 15:05:58,900 [860b61a6-6888-4e38-8807-2fca971f454a@group-32B1AEC08B9F-StateMachineUpdater] INFO  ratis.ContainerStateMachine (ContainerStateMachine.java:takeSnapshot(304)) - group-32B1AEC08B9F: Taking a snapshot at:(t:10, i:0) file /home/runner/work/ozone/ozone/hadoop-ozone/integration-test/target/test-dir/MiniOzoneClusterImpl-1780bea0-e071-4232-b145-eeecbe4e4805/datanode-1/data/ratis/d5c299c4-1f29-447c-8692-32b1aec08b9f/sm/snapshot.10_0
2022-03-03 15:05:58,900 [Time-limited test] INFO  impl.StateMachineUpdater (StateMachineUpdater.java:stopAndJoin(149)) - 860b61a6-6888-4e38-8807-2fca971f454a@group-32B1AEC08B9F-StateMachineUpdater: set stopIndex = 0
2022-03-03 15:05:58,904 [860b61a6-6888-4e38-8807-2fca971f454a@group-32B1AEC08B9F-StateMachineUpdater] INFO  ratis.ContainerStateMachine (ContainerStateMachine.java:takeSnapshot(315)) - group-32B1AEC08B9F: Finished taking a snapshot at:(t:10, i:0) file:/home/runner/work/ozone/ozone/hadoop-ozone/integration-test/target/test-dir/MiniOzoneClusterImpl-1780bea0-e071-4232-b145-eeecbe4e4805/datanode-1/data/ratis/d5c299c4-1f29-447c-8692-32b1aec08b9f/sm/snapshot.10_0 took: 4 ms
2022-03-03 15:05:58,905 [860b61a6-6888-4e38-8807-2fca971f454a@group-32B1AEC08B9F-StateMachineUpdater] INFO  impl.StateMachineUpdater (StateMachineUpdater.java:takeSnapshot(281)) - 860b61a6-6888-4e38-8807-2fca971f454a@group-32B1AEC08B9F-StateMachineUpdater: Took a snapshot at index 0
2022-03-03 15:05:58,905 [860b61a6-6888-4e38-8807-2fca971f454a@group-32B1AEC08B9F-StateMachineUpdater] INFO  impl.StateMachineUpdater (StateMachineUpdater.java:lambda$new$0(89)) - 860b61a6-6888-4e38-8807-2fca971f454a@group-32B1AEC08B9F-StateMachineUpdater: snapshotIndex: updateIncreasingly -1 -> 0
2022-03-03 15:05:58,905 [Time-limited test] INFO  server.RaftServer$Division (ServerState.java:close(419)) - 860b61a6-6888-4e38-8807-2fca971f454a@group-32B1AEC08B9F: closes. applyIndex: 0
2022-03-03 15:05:58,906 [860b61a6-6888-4e38-8807-2fca971f454a@group-32B1AEC08B9F-SegmentedRaftLogWorker] INFO  segmented.SegmentedRaftLogWorker (SegmentedRaftLogWorker.java:run(327)) - 860b61a6-6888-4e38-8807-2fca971f454a@group-32B1AEC08B9F-SegmentedRaftLogWorker was interrupted, exiting. There are 0 tasks remaining in the queue.
2022-03-03 15:05:58,907 [Time-limited test] INFO  segmented.SegmentedRaftLogWorker (SegmentedRaftLogWorker.java:close(237)) - 860b61a6-6888-4e38-8807-2fca971f454a@group-32B1AEC08B9F-SegmentedRaftLogWorker close()
2022-03-03 15:05:58,920 [Time-limited test] INFO  server.GrpcService (GrpcService.java:closeImpl(262)) - 860b61a6-6888-4e38-8807-2fca971f454a: shutdown server with port 40193 now
2022-03-03 15:05:58,941 [grpc-default-executor-3] WARN  server.GrpcServerProtocolService (LogUtils.java:warn(122)) - 860b61a6-6888-4e38-8807-2fca971f454a: installSnapshot onError, lastRequest: 0b7c48c7-0b6d-482c-a819-333bb540c4fb->860b61a6-6888-4e38-8807-2fca971f454a#1-t10,previous=(t:0, i:0),leaderCommit=-1,initializing? true,entries: size=1, first=(t:10, i:0), CONFIGURATIONENTRY: org.apache.ratis.thirdparty.io.grpc.StatusRuntimeException: CANCELLED: client cancelled
2022-03-03 15:05:58,941 [Time-limited test] INFO  server.GrpcService (GrpcService.java:closeImpl(271)) - 860b61a6-6888-4e38-8807-2fca971f454a: shutdown server with port 40193 successfully
2022-03-03 15:05:58,942 [org.apache.ratis.util.JvmPauseMonitor$$Lambda$431/2038447515@5c2c1425] INFO  util.JvmPauseMonitor (JvmPauseMonitor.java:run(109)) - JvmPauseMonitor-860b61a6-6888-4e38-8807-2fca971f454a: Stopped
2022-03-03 15:05:58,963 [grpc-default-executor-0] WARN  server.GrpcLogAppender (LogUtils.java:warn(122)) - 0b7c48c7-0b6d-482c-a819-333bb540c4fb@group-32B1AEC08B9F->860b61a6-6888-4e38-8807-2fca971f454a-AppendLogResponseHandler: Failed appendEntries: org.apache.ratis.thirdparty.io.grpc.StatusRuntimeException: CANCELLED: HTTP/2 error code: CANCEL
Received Rst Stream
2022-03-03 15:05:58,963 [grpc-default-executor-0] WARN  server.GrpcLogAppender (GrpcLogAppender.java:resetClient(110)) - 0b7c48c7-0b6d-482c-a819-333bb540c4fb@group-32B1AEC08B9F->860b61a6-6888-4e38-8807-2fca971f454a-GrpcLogAppender: Leader has not got in touch with Follower 0b7c48c7-0b6d-482c-a819-333bb540c4fb@group-32B1AEC08B9F->860b61a6-6888-4e38-8807-2fca971f454a(c0,m0,n1, attendVote=true, lastRpcSendTime=2007, lastRpcResponseTime=1997) yet, just keep nextIndex unchanged and retry.
2022-03-03 15:05:59,427 [grpc-default-executor-0] WARN  server.GrpcLogAppender (LogUtils.java:warn(122)) - 0b7c48c7-0b6d-482c-a819-333bb540c4fb@group-32B1AEC08B9F->9456f629-97b8-4527-b4fd-0706f8d70381-AppendLogResponseHandler: Failed appendEntries: org.apache.ratis.thirdparty.io.grpc.StatusRuntimeException: UNAVAILABLE: io exception
2022-03-03 15:05:59,429 [grpc-default-executor-0] WARN  server.GrpcLogAppender (GrpcLogAppender.java:resetClient(110)) - 0b7c48c7-0b6d-482c-a819-333bb540c4fb@group-32B1AEC08B9F->9456f629-97b8-4527-b4fd-0706f8d70381-GrpcLogAppender: Leader has not got in touch with Follower 0b7c48c7-0b6d-482c-a819-333bb540c4fb@group-32B1AEC08B9F->9456f629-97b8-4527-b4fd-0706f8d70381(c0,m0,n1, attendVote=true, lastRpcSendTime=2502, lastRpcResponseTime=27623) yet, just keep nextIndex unchanged and retry.
2022-03-03 15:05:59,504 [grpc-default-executor-2] WARN  server.GrpcLogAppender (LogUtils.java:warn(122)) - 0b7c48c7-0b6d-482c-a819-333bb540c4fb@group-32B1AEC08B9F->860b61a6-6888-4e38-8807-2fca971f454a-AppendLogResponseHandler: Failed appendEntries: org.apache.ratis.thirdparty.io.grpc.StatusRuntimeException: UNAVAILABLE: io exception
2022-03-03 15:05:59,505 [grpc-default-executor-2] WARN  server.GrpcLogAppender (GrpcLogAppender.java:resetClient(110)) - 0b7c48c7-0b6d-482c-a819-333bb540c4fb@group-32B1AEC08B9F->860b61a6-6888-4e38-8807-2fca971f454a-GrpcLogAppender: Leader has not got in touch with Follower 0b7c48c7-0b6d-482c-a819-333bb540c4fb@group-32B1AEC08B9F->860b61a6-6888-4e38-8807-2fca971f454a(c0,m0,n1, attendVote=true, lastRpcSendTime=21, lastRpcResponseTime=2539) yet, just keep nextIndex unchanged and retry.
2022-03-03 15:05:59,630 [EndpointStateMachine task thread for /0.0.0.0:34909 - 0 ] INFO  ipc.Client (Client.java:handleConnectionFailure(977)) - Retrying connect to server: 0.0.0.0/0.0.0.0:34909. Already tried 1 time(s); retry policy is RetryUpToMaximumCountWithFixedSleep(maxRetries=15, sleepTime=1000 MILLISECONDS)
2022-03-03 15:06:00,631 [EndpointStateMachine task thread for /0.0.0.0:34909 - 0 ] INFO  ipc.Client (Client.java:handleConnectionFailure(977)) - Retrying connect to server: 0.0.0.0/0.0.0.0:34909. Already tried 2 time(s); retry policy is RetryUpToMaximumCountWithFixedSleep(maxRetries=15, sleepTime=1000 MILLISECONDS)
2022-03-03 15:06:00,998 [Time-limited test] INFO  utils.BackgroundService (BackgroundService.java:shutdown(132)) - Shutting down service BlockDeletingService
2022-03-03 15:06:01,632 [EndpointStateMachine task thread for /0.0.0.0:34909 - 0 ] INFO  ipc.Client (Client.java:handleConnectionFailure(977)) - Retrying connect to server: 0.0.0.0/0.0.0.0:34909. Already tried 3 time(s); retry policy is RetryUpToMaximumCountWithFixedSleep(maxRetries=15, sleepTime=1000 MILLISECONDS)
2022-03-03 15:06:01,907 [ForkJoinPool.commonPool-worker-1] INFO  statemachine.DatanodeStateMachine (DatanodeStateMachine.java:stopDaemon(529)) - Ozone container server stopped.
2022-03-03 15:06:01,908 [ForkJoinPool.commonPool-worker-1] INFO  handler.ContextHandler (ContextHandler.java:doStop(1153)) - Stopped o.e.j.w.WebAppContext@1d197845{hddsDatanode,/,null,STOPPED}{jar:file:/home/runner/.m2/repository/org/apache/ozone/hdds-container-service/1.3.0-SNAPSHOT/hdds-container-service-1.3.0-SNAPSHOT.jar!/webapps/hddsDatanode}
2022-03-03 15:06:01,910 [ForkJoinPool.commonPool-worker-1] INFO  server.AbstractConnector (AbstractConnector.java:doStop(381)) - Stopped ServerConnector@2f5254db{HTTP/1.1, (http/1.1)}{0.0.0.0:45741}
2022-03-03 15:06:01,910 [ForkJoinPool.commonPool-worker-1] INFO  server.session (HouseKeeper.java:stopScavenging(149)) - node0 Stopped scavenging
2022-03-03 15:06:01,911 [ForkJoinPool.commonPool-worker-1] INFO  handler.ContextHandler (ContextHandler.java:doStop(1153)) - Stopped o.e.j.s.ServletContextHandler@797db8c1{static,/static,jar:file:/home/runner/.m2/repository/org/apache/ozone/hdds-container-service/1.3.0-SNAPSHOT/hdds-container-service-1.3.0-SNAPSHOT.jar!/webapps/static,STOPPED}
2022-03-03 15:06:01,911 [ForkJoinPool.commonPool-worker-1] INFO  handler.ContextHandler (ContextHandler.java:doStop(1153)) - Stopped o.e.j.s.ServletContextHandler@2dbdd64f{logs,/logs,file:///home/runner/work/ozone/ozone/hadoop-ozone/integration-test/target/log,STOPPED}
2022-03-03 15:06:01,937 [grpc-default-executor-2] WARN  server.GrpcLogAppender (LogUtils.java:warn(122)) - 0b7c48c7-0b6d-482c-a819-333bb540c4fb@group-32B1AEC08B9F->9456f629-97b8-4527-b4fd-0706f8d70381-AppendLogResponseHandler: Failed appendEntries: org.apache.ratis.thirdparty.io.grpc.StatusRuntimeException: UNAVAILABLE: io exception
2022-03-03 15:06:01,938 [grpc-default-executor-2] WARN  server.GrpcLogAppender (GrpcLogAppender.java:resetClient(110)) - 0b7c48c7-0b6d-482c-a819-333bb540c4fb@group-32B1AEC08B9F->9456f629-97b8-4527-b4fd-0706f8d70381-GrpcLogAppender: Leader has not got in touch with Follower 0b7c48c7-0b6d-482c-a819-333bb540c4fb@group-32B1AEC08B9F->9456f629-97b8-4527-b4fd-0706f8d70381(c0,m0,n1, attendVote=true, lastRpcSendTime=1, lastRpcResponseTime=30132) yet, just keep nextIndex unchanged and retry.
2022-03-03 15:06:01,984 [grpc-default-executor-2] WARN  server.GrpcLogAppender (LogUtils.java:warn(122)) - 0b7c48c7-0b6d-482c-a819-333bb540c4fb@group-32B1AEC08B9F->860b61a6-6888-4e38-8807-2fca971f454a-AppendLogResponseHandler: Failed appendEntries: org.apache.ratis.thirdparty.io.grpc.StatusRuntimeException: UNAVAILABLE: io exception
2022-03-03 15:06:01,985 [grpc-default-executor-2] WARN  server.GrpcLogAppender (GrpcLogAppender.java:resetClient(110)) - 0b7c48c7-0b6d-482c-a819-333bb540c4fb@group-32B1AEC08B9F->860b61a6-6888-4e38-8807-2fca971f454a-GrpcLogAppender: Leader has not got in touch with Follower 0b7c48c7-0b6d-482c-a819-333bb540c4fb@group-32B1AEC08B9F->860b61a6-6888-4e38-8807-2fca971f454a(c0,m0,n1, attendVote=true, lastRpcSendTime=1, lastRpcResponseTime=5019) yet, just keep nextIndex unchanged and retry.
2022-03-03 15:06:02,632 [EndpointStateMachine task thread for /0.0.0.0:34909 - 0 ] INFO  ipc.Client (Client.java:handleConnectionFailure(977)) - Retrying connect to server: 0.0.0.0/0.0.0.0:34909. Already tried 4 time(s); retry policy is RetryUpToMaximumCountWithFixedSleep(maxRetries=15, sleepTime=1000 MILLISECONDS)
2022-03-03 15:06:02,683 [Datanode State Machine Daemon Thread] WARN  statemachine.StateContext (StateContext.java:setState(250)) - Ignore disallowed transition from SHUTDOWN to RUNNING
2022-03-03 15:06:03,109 [0b7c48c7-0b6d-482c-a819-333bb540c4fb@group-32B1AEC08B9F-LeaderStateImpl] WARN  server.RaftServer$Division (LeaderStateImpl.java:checkLeadership(974)) - 0b7c48c7-0b6d-482c-a819-333bb540c4fb@group-32B1AEC08B9F-LeaderStateImpl: Lost leadership on term: 10. Election timeout: 5200ms. In charge for: 36486ms. Conf: 0: [0b7c48c7-0b6d-482c-a819-333bb540c4fb|rpc:10.1.0.28:44851|dataStream:|priority:1, 860b61a6-6888-4e38-8807-2fca971f454a|rpc:10.1.0.28:40193|dataStream:|priority:0, 9456f629-97b8-4527-b4fd-0706f8d70381|rpc:10.1.0.28:39067|dataStream:|priority:0], old=null
2022-03-03 15:06:03,109 [0b7c48c7-0b6d-482c-a819-333bb540c4fb@group-32B1AEC08B9F-LeaderStateImpl] WARN  server.RaftServer$Division (LeaderStateImpl.java:lambda$checkLeadership$15(978)) - Follower 0b7c48c7-0b6d-482c-a819-333bb540c4fb@group-32B1AEC08B9F->860b61a6-6888-4e38-8807-2fca971f454a(c0,m0,n1, attendVote=true, lastRpcSendTime=1125, lastRpcResponseTime=6143)
2022-03-03 15:06:03,110 [0b7c48c7-0b6d-482c-a819-333bb540c4fb@group-32B1AEC08B9F-LeaderStateImpl] WARN  server.RaftServer$Division (LeaderStateImpl.java:lambda$checkLeadership$15(978)) - Follower 0b7c48c7-0b6d-482c-a819-333bb540c4fb@group-32B1AEC08B9F->9456f629-97b8-4527-b4fd-0706f8d70381(c0,m0,n1, attendVote=true, lastRpcSendTime=1172, lastRpcResponseTime=31304)
2022-03-03 15:06:03,110 [0b7c48c7-0b6d-482c-a819-333bb540c4fb@group-32B1AEC08B9F-LeaderStateImpl] INFO  server.RaftServer$Division (RaftServerImpl.java:setRole(290)) - 0b7c48c7-0b6d-482c-a819-333bb540c4fb@group-32B1AEC08B9F: changes role from    LEADER to FOLLOWER at term 10 for StepDownReason:LOST_MAJORITY_HEARTBEATS
2022-03-03 15:06:03,110 [0b7c48c7-0b6d-482c-a819-333bb540c4fb@group-32B1AEC08B9F-LeaderStateImpl] INFO  impl.RoleInfo (RoleInfo.java:shutdownLeaderState(91)) - 0b7c48c7-0b6d-482c-a819-333bb540c4fb: shutdown 0b7c48c7-0b6d-482c-a819-333bb540c4fb@group-32B1AEC08B9F-LeaderStateImpl
2022-03-03 15:06:03,110 [0b7c48c7-0b6d-482c-a819-333bb540c4fb@group-32B1AEC08B9F-LeaderStateImpl] INFO  impl.PendingRequests (PendingRequests.java:sendNotLeaderResponses(282)) - 0b7c48c7-0b6d-482c-a819-333bb540c4fb@group-32B1AEC08B9F-PendingRequests: sendNotLeaderResponses
2022-03-03 15:06:03,110 [0b7c48c7-0b6d-482c-a819-333bb540c4fb@group-32B1AEC08B9F-LeaderStateImpl] INFO  impl.RoleInfo (RoleInfo.java:updateAndGet(130)) - 0b7c48c7-0b6d-482c-a819-333bb540c4fb: start 0b7c48c7-0b6d-482c-a819-333bb540c4fb@group-32B1AEC08B9F-FollowerState
2022-03-03 15:06:03,633 [EndpointStateMachine task thread for /0.0.0.0:34909 - 0 ] INFO  ipc.Client (Client.java:handleConnectionFailure(977)) - Retrying connect to server: 0.0.0.0/0.0.0.0:34909. Already tried 5 time(s); retry policy is RetryUpToMaximumCountWithFixedSleep(maxRetries=15, sleepTime=1000 MILLISECONDS)
2022-03-03 15:06:04,047 [Time-limited test] INFO  statemachine.DatanodeStateMachine (DatanodeStateMachine.java:stopDaemon(529)) - Ozone container server stopped.
2022-03-03 15:06:04,052 [Time-limited test] INFO  handler.ContextHandler (ContextHandler.java:doStop(1153)) - Stopped o.e.j.w.WebAppContext@5771b2a8{hddsDatanode,/,null,STOPPED}{jar:file:/home/runner/.m2/repository/org/apache/ozone/hdds-container-service/1.3.0-SNAPSHOT/hdds-container-service-1.3.0-SNAPSHOT.jar!/webapps/hddsDatanode}
2022-03-03 15:06:04,053 [Time-limited test] INFO  server.AbstractConnector (AbstractConnector.java:doStop(381)) - Stopped ServerConnector@9fb8019{HTTP/1.1, (http/1.1)}{0.0.0.0:0}
2022-03-03 15:06:04,053 [Time-limited test] INFO  server.session (HouseKeeper.java:stopScavenging(149)) - node0 Stopped scavenging
2022-03-03 15:06:04,054 [Time-limited test] INFO  handler.ContextHandler (ContextHandler.java:doStop(1153)) - Stopped o.e.j.s.ServletContextHandler@75b9df3c{static,/static,jar:file:/home/runner/.m2/repository/org/apache/ozone/hdds-container-service/1.3.0-SNAPSHOT/hdds-container-service-1.3.0-SNAPSHOT.jar!/webapps/static,STOPPED}
2022-03-03 15:06:04,054 [Time-limited test] INFO  handler.ContextHandler (ContextHandler.java:doStop(1153)) - Stopped o.e.j.s.ServletContextHandler@52f9351c{logs,/logs,file:///home/runner/work/ozone/ozone/hadoop-ozone/integration-test/target/log,STOPPED}
2022-03-03 15:06:04,636 [EndpointStateMachine task thread for /0.0.0.0:34909 - 0 ] INFO  ipc.Client (Client.java:handleConnectionFailure(977)) - Retrying connect to server: 0.0.0.0/0.0.0.0:34909. Already tried 6 time(s); retry policy is RetryUpToMaximumCountWithFixedSleep(maxRetries=15, sleepTime=1000 MILLISECONDS)
2022-03-03 15:06:05,636 [EndpointStateMachine task thread for /0.0.0.0:34909 - 0 ] INFO  ipc.Client (Client.java:handleConnectionFailure(977)) - Retrying connect to server: 0.0.0.0/0.0.0.0:34909. Already tried 7 time(s); retry policy is RetryUpToMaximumCountWithFixedSleep(maxRetries=15, sleepTime=1000 MILLISECONDS)
2022-03-03 15:06:06,637 [EndpointStateMachine task thread for /0.0.0.0:34909 - 0 ] INFO  ipc.Client (Client.java:handleConnectionFailure(977)) - Retrying connect to server: 0.0.0.0/0.0.0.0:34909. Already tried 8 time(s); retry policy is RetryUpToMaximumCountWithFixedSleep(maxRetries=15, sleepTime=1000 MILLISECONDS)
2022-03-03 15:06:06,920 [ForkJoinPool.commonPool-worker-1] INFO  ozoneimpl.OzoneContainer (OzoneContainer.java:stop(356)) - Attempting to stop container services.
2022-03-03 15:06:06,921 [ForkJoinPool.commonPool-worker-1] INFO  server.RaftServer (RaftServerProxy.java:lambda$close$6(391)) - 0b7c48c7-0b6d-482c-a819-333bb540c4fb: close
2022-03-03 15:06:06,921 [ForkJoinPool.commonPool-worker-1] INFO  server.RaftServer$Division (RaftServerImpl.java:lambda$close$4(412)) - 0b7c48c7-0b6d-482c-a819-333bb540c4fb@group-D8DF7AB1D00D: shutdown
2022-03-03 15:06:06,922 [ForkJoinPool.commonPool-worker-1] INFO  util.JmxRegister (JmxRegister.java:unregister(73)) - Successfully un-registered JMX Bean with object name Ratis:service=RaftServer,group=group-D8DF7AB1D00D,id=0b7c48c7-0b6d-482c-a819-333bb540c4fb
2022-03-03 15:06:06,922 [ForkJoinPool.commonPool-worker-1] INFO  impl.RoleInfo (RoleInfo.java:shutdownLeaderState(91)) - 0b7c48c7-0b6d-482c-a819-333bb540c4fb: shutdown 0b7c48c7-0b6d-482c-a819-333bb540c4fb@group-D8DF7AB1D00D-LeaderStateImpl
2022-03-03 15:06:06,922 [ForkJoinPool.commonPool-worker-1] INFO  impl.PendingRequests (PendingRequests.java:sendNotLeaderResponses(282)) - 0b7c48c7-0b6d-482c-a819-333bb540c4fb@group-D8DF7AB1D00D-PendingRequests: sendNotLeaderResponses
2022-03-03 15:06:06,925 [0b7c48c7-0b6d-482c-a819-333bb540c4fb@group-D8DF7AB1D00D-StateMachineUpdater] INFO  ratis.ContainerStateMachine (ContainerStateMachine.java:takeSnapshot(304)) - group-D8DF7AB1D00D: Taking a snapshot at:(t:1, i:0) file /home/runner/work/ozone/ozone/hadoop-ozone/integration-test/target/test-dir/MiniOzoneClusterImpl-1780bea0-e071-4232-b145-eeecbe4e4805/datanode-2/data/ratis/67d29bc8-47fe-423b-a682-d8df7ab1d00d/sm/snapshot.1_0
2022-03-03 15:06:06,927 [0b7c48c7-0b6d-482c-a819-333bb540c4fb@group-D8DF7AB1D00D-StateMachineUpdater] INFO  ratis.ContainerStateMachine (ContainerStateMachine.java:takeSnapshot(315)) - group-D8DF7AB1D00D: Finished taking a snapshot at:(t:1, i:0) file:/home/runner/work/ozone/ozone/hadoop-ozone/integration-test/target/test-dir/MiniOzoneClusterImpl-1780bea0-e071-4232-b145-eeecbe4e4805/datanode-2/data/ratis/67d29bc8-47fe-423b-a682-d8df7ab1d00d/sm/snapshot.1_0 took: 2 ms
2022-03-03 15:06:06,927 [0b7c48c7-0b6d-482c-a819-333bb540c4fb@group-D8DF7AB1D00D-StateMachineUpdater] INFO  impl.StateMachineUpdater (StateMachineUpdater.java:takeSnapshot(281)) - 0b7c48c7-0b6d-482c-a819-333bb540c4fb@group-D8DF7AB1D00D-StateMachineUpdater: Took a snapshot at index 0
2022-03-03 15:06:06,927 [0b7c48c7-0b6d-482c-a819-333bb540c4fb@group-D8DF7AB1D00D-StateMachineUpdater] INFO  impl.StateMachineUpdater (StateMachineUpdater.java:lambda$new$0(89)) - 0b7c48c7-0b6d-482c-a819-333bb540c4fb@group-D8DF7AB1D00D-StateMachineUpdater: snapshotIndex: updateIncreasingly -1 -> 0
2022-03-03 15:06:06,928 [ForkJoinPool.commonPool-worker-1] INFO  impl.StateMachineUpdater (StateMachineUpdater.java:stopAndJoin(149)) - 0b7c48c7-0b6d-482c-a819-333bb540c4fb@group-D8DF7AB1D00D-StateMachineUpdater: set stopIndex = 0
2022-03-03 15:06:06,929 [ForkJoinPool.commonPool-worker-1] INFO  server.RaftServer$Division (ServerState.java:close(419)) - 0b7c48c7-0b6d-482c-a819-333bb540c4fb@group-D8DF7AB1D00D: closes. applyIndex: 0
2022-03-03 15:06:06,929 [0b7c48c7-0b6d-482c-a819-333bb540c4fb@group-D8DF7AB1D00D-SegmentedRaftLogWorker] INFO  segmented.SegmentedRaftLogWorker (SegmentedRaftLogWorker.java:run(327)) - 0b7c48c7-0b6d-482c-a819-333bb540c4fb@group-D8DF7AB1D00D-SegmentedRaftLogWorker was interrupted, exiting. There are 0 tasks remaining in the queue.
2022-03-03 15:06:06,930 [ForkJoinPool.commonPool-worker-1] INFO  segmented.SegmentedRaftLogWorker (SegmentedRaftLogWorker.java:close(237)) - 0b7c48c7-0b6d-482c-a819-333bb540c4fb@group-D8DF7AB1D00D-SegmentedRaftLogWorker close()
2022-03-03 15:06:06,933 [ForkJoinPool.commonPool-worker-1] INFO  server.RaftServer$Division (RaftServerImpl.java:lambda$close$4(412)) - 0b7c48c7-0b6d-482c-a819-333bb540c4fb@group-32B1AEC08B9F: shutdown
2022-03-03 15:06:06,934 [ForkJoinPool.commonPool-worker-1] INFO  util.JmxRegister (JmxRegister.java:unregister(73)) - Successfully un-registered JMX Bean with object name Ratis:service=RaftServer,group=group-32B1AEC08B9F,id=0b7c48c7-0b6d-482c-a819-333bb540c4fb
2022-03-03 15:06:06,934 [ForkJoinPool.commonPool-worker-1] INFO  impl.RoleInfo (RoleInfo.java:shutdownFollowerState(108)) - 0b7c48c7-0b6d-482c-a819-333bb540c4fb: shutdown 0b7c48c7-0b6d-482c-a819-333bb540c4fb@group-32B1AEC08B9F-FollowerState
2022-03-03 15:06:06,935 [0b7c48c7-0b6d-482c-a819-333bb540c4fb@group-32B1AEC08B9F-StateMachineUpdater] INFO  ratis.ContainerStateMachine (ContainerStateMachine.java:takeSnapshot(304)) - group-32B1AEC08B9F: Taking a snapshot at:(t:10, i:0) file /home/runner/work/ozone/ozone/hadoop-ozone/integration-test/target/test-dir/MiniOzoneClusterImpl-1780bea0-e071-4232-b145-eeecbe4e4805/datanode-2/data/ratis/d5c299c4-1f29-447c-8692-32b1aec08b9f/sm/snapshot.10_0
2022-03-03 15:06:06,935 [ForkJoinPool.commonPool-worker-1] INFO  impl.StateMachineUpdater (StateMachineUpdater.java:stopAndJoin(149)) - 0b7c48c7-0b6d-482c-a819-333bb540c4fb@group-32B1AEC08B9F-StateMachineUpdater: set stopIndex = 0
2022-03-03 15:06:06,936 [0b7c48c7-0b6d-482c-a819-333bb540c4fb@group-32B1AEC08B9F-FollowerState] INFO  impl.FollowerState (FollowerState.java:run(143)) - 0b7c48c7-0b6d-482c-a819-333bb540c4fb@group-32B1AEC08B9F-FollowerState was interrupted: {}
java.lang.InterruptedException: sleep interrupted
	at java.lang.Thread.sleep(Native Method)
	at java.lang.Thread.sleep(Thread.java:342)
	at java.util.concurrent.TimeUnit.sleep(TimeUnit.java:386)
	at org.apache.ratis.util.TimeDuration.sleep(TimeDuration.java:324)
	at org.apache.ratis.util.TimeDuration.sleep(TimeDuration.java:309)
	at org.apache.ratis.server.impl.FollowerState.run(FollowerState.java:118)
2022-03-03 15:06:06,943 [0b7c48c7-0b6d-482c-a819-333bb540c4fb@group-32B1AEC08B9F-StateMachineUpdater] INFO  ratis.ContainerStateMachine (ContainerStateMachine.java:takeSnapshot(315)) - group-32B1AEC08B9F: Finished taking a snapshot at:(t:10, i:0) file:/home/runner/work/ozone/ozone/hadoop-ozone/integration-test/target/test-dir/MiniOzoneClusterImpl-1780bea0-e071-4232-b145-eeecbe4e4805/datanode-2/data/ratis/d5c299c4-1f29-447c-8692-32b1aec08b9f/sm/snapshot.10_0 took: 8 ms
2022-03-03 15:06:06,943 [0b7c48c7-0b6d-482c-a819-333bb540c4fb@group-32B1AEC08B9F-StateMachineUpdater] INFO  impl.StateMachineUpdater (StateMachineUpdater.java:takeSnapshot(281)) - 0b7c48c7-0b6d-482c-a819-333bb540c4fb@group-32B1AEC08B9F-StateMachineUpdater: Took a snapshot at index 0
2022-03-03 15:06:06,943 [0b7c48c7-0b6d-482c-a819-333bb540c4fb@group-32B1AEC08B9F-StateMachineUpdater] INFO  impl.StateMachineUpdater (StateMachineUpdater.java:lambda$new$0(89)) - 0b7c48c7-0b6d-482c-a819-333bb540c4fb@group-32B1AEC08B9F-StateMachineUpdater: snapshotIndex: updateIncreasingly -1 -> 0
2022-03-03 15:06:06,950 [ForkJoinPool.commonPool-worker-1] INFO  server.RaftServer$Division (ServerState.java:close(419)) - 0b7c48c7-0b6d-482c-a819-333bb540c4fb@group-32B1AEC08B9F: closes. applyIndex: 0
2022-03-03 15:06:06,951 [0b7c48c7-0b6d-482c-a819-333bb540c4fb@group-32B1AEC08B9F-SegmentedRaftLogWorker] INFO  segmented.SegmentedRaftLogWorker (SegmentedRaftLogWorker.java:run(327)) - 0b7c48c7-0b6d-482c-a819-333bb540c4fb@group-32B1AEC08B9F-SegmentedRaftLogWorker was interrupted, exiting. There are 0 tasks remaining in the queue.
2022-03-03 15:06:06,951 [ForkJoinPool.commonPool-worker-1] INFO  segmented.SegmentedRaftLogWorker (SegmentedRaftLogWorker.java:close(237)) - 0b7c48c7-0b6d-482c-a819-333bb540c4fb@group-32B1AEC08B9F-SegmentedRaftLogWorker close()
2022-03-03 15:06:06,952 [ForkJoinPool.commonPool-worker-1] INFO  server.GrpcService (GrpcService.java:closeImpl(262)) - 0b7c48c7-0b6d-482c-a819-333bb540c4fb: shutdown server with port 44851 now
2022-03-03 15:06:06,976 [ForkJoinPool.commonPool-worker-1] INFO  server.GrpcService (GrpcService.java:closeImpl(271)) - 0b7c48c7-0b6d-482c-a819-333bb540c4fb: shutdown server with port 44851 successfully
2022-03-03 15:06:06,977 [org.apache.ratis.util.JvmPauseMonitor$$Lambda$431/2038447515@41a0212c] INFO  util.JvmPauseMonitor (JvmPauseMonitor.java:run(109)) - JvmPauseMonitor-0b7c48c7-0b6d-482c-a819-333bb540c4fb: Stopped
2022-03-03 15:06:07,637 [EndpointStateMachine task thread for /0.0.0.0:34909 - 0 ] INFO  ipc.Client (Client.java:handleConnectionFailure(977)) - Retrying connect to server: 0.0.0.0/0.0.0.0:34909. Already tried 9 time(s); retry policy is RetryUpToMaximumCountWithFixedSleep(maxRetries=15, sleepTime=1000 MILLISECONDS)
2022-03-03 15:06:08,638 [EndpointStateMachine task thread for /0.0.0.0:34909 - 0 ] INFO  ipc.Client (Client.java:handleConnectionFailure(977)) - Retrying connect to server: 0.0.0.0/0.0.0.0:34909. Already tried 10 time(s); retry policy is RetryUpToMaximumCountWithFixedSleep(maxRetries=15, sleepTime=1000 MILLISECONDS)
2022-03-03 15:06:08,983 [ForkJoinPool.commonPool-worker-1] INFO  utils.BackgroundService (BackgroundService.java:shutdown(132)) - Shutting down service BlockDeletingService
2022-03-03 15:06:09,639 [EndpointStateMachine task thread for /0.0.0.0:34909 - 0 ] INFO  ipc.Client (Client.java:handleConnectionFailure(977)) - Retrying connect to server: 0.0.0.0/0.0.0.0:34909. Already tried 11 time(s); retry policy is RetryUpToMaximumCountWithFixedSleep(maxRetries=15, sleepTime=1000 MILLISECONDS)
2022-03-03 15:06:10,639 [EndpointStateMachine task thread for /0.0.0.0:34909 - 0 ] INFO  ipc.Client (Client.java:handleConnectionFailure(977)) - Retrying connect to server: 0.0.0.0/0.0.0.0:34909. Already tried 12 time(s); retry policy is RetryUpToMaximumCountWithFixedSleep(maxRetries=15, sleepTime=1000 MILLISECONDS)
2022-03-03 15:06:11,641 [EndpointStateMachine task thread for /0.0.0.0:34909 - 0 ] INFO  ipc.Client (Client.java:handleConnectionFailure(977)) - Retrying connect to server: 0.0.0.0/0.0.0.0:34909. Already tried 13 time(s); retry policy is RetryUpToMaximumCountWithFixedSleep(maxRetries=15, sleepTime=1000 MILLISECONDS)
2022-03-03 15:06:11,991 [ForkJoinPool.commonPool-worker-1] INFO  statemachine.DatanodeStateMachine (DatanodeStateMachine.java:stopDaemon(529)) - Ozone container server stopped.
2022-03-03 15:06:11,993 [ForkJoinPool.commonPool-worker-1] INFO  handler.ContextHandler (ContextHandler.java:doStop(1153)) - Stopped o.e.j.w.WebAppContext@75038bed{hddsDatanode,/,null,STOPPED}{jar:file:/home/runner/.m2/repository/org/apache/ozone/hdds-container-service/1.3.0-SNAPSHOT/hdds-container-service-1.3.0-SNAPSHOT.jar!/webapps/hddsDatanode}
2022-03-03 15:06:11,994 [ForkJoinPool.commonPool-worker-1] INFO  server.AbstractConnector (AbstractConnector.java:doStop(381)) - Stopped ServerConnector@649912e8{HTTP/1.1, (http/1.1)}{0.0.0.0:0}
2022-03-03 15:06:11,995 [ForkJoinPool.commonPool-worker-1] INFO  server.session (HouseKeeper.java:stopScavenging(149)) - node0 Stopped scavenging
2022-03-03 15:06:11,995 [ForkJoinPool.commonPool-worker-1] INFO  handler.ContextHandler (ContextHandler.java:doStop(1153)) - Stopped o.e.j.s.ServletContextHandler@7524a297{static,/static,jar:file:/home/runner/.m2/repository/org/apache/ozone/hdds-container-service/1.3.0-SNAPSHOT/hdds-container-service-1.3.0-SNAPSHOT.jar!/webapps/static,STOPPED}
2022-03-03 15:06:11,996 [ForkJoinPool.commonPool-worker-1] INFO  handler.ContextHandler (ContextHandler.java:doStop(1153)) - Stopped o.e.j.s.ServletContextHandler@32b4fb46{logs,/logs,file:///home/runner/work/ozone/ozone/hadoop-ozone/integration-test/target/log,STOPPED}
2022-03-03 15:06:11,999 [Time-limited test] INFO  ozone.MiniOzoneClusterImpl (MiniOzoneClusterImpl.java:stopSCM(538)) - Stopping the StorageContainerManager
2022-03-03 15:06:11,999 [Time-limited test] INFO  server.StorageContainerManager (StorageContainerManager.java:stop(1414)) - Stopping Container Balancer service.
2022-03-03 15:06:11,999 [Time-limited test] INFO  balancer.ContainerBalancer (ContainerBalancer.java:stop(788)) - Container Balancer is not running.
2022-03-03 15:06:12,000 [Time-limited test] INFO  server.StorageContainerManager (StorageContainerManager.java:stop(1421)) - Stopping Replication Manager Service.
2022-03-03 15:06:12,000 [Time-limited test] INFO  container.ReplicationManager (ReplicationManager.java:stop(364)) - Replication Monitor Thread is not running.
2022-03-03 15:06:12,000 [Time-limited test] INFO  server.StorageContainerManager (StorageContainerManager.java:stop(1428)) - Stopping the Datanode Admin Monitor.
2022-03-03 15:06:12,001 [Time-limited test] INFO  server.StorageContainerManager (StorageContainerManager.java:stop(1435)) - Stopping Lease Manager of the command watchers
2022-03-03 15:06:12,001 [Time-limited test] ERROR server.StorageContainerManager (StorageContainerManager.java:stop(1438)) - Lease Manager of the command watchers stop failed
2022-03-03 15:06:12,001 [Time-limited test] INFO  server.StorageContainerManager (StorageContainerManager.java:stop(1442)) - Stopping datanode service RPC server
2022-03-03 15:06:12,001 [Time-limited test] INFO  server.SCMDatanodeProtocolServer (SCMDatanodeProtocolServer.java:stop(400)) - Stopping the RPC server for DataNodes
2022-03-03 15:06:12,001 [Time-limited test] INFO  ipc.Server (Server.java:stop(3414)) - Stopping server on 34909
2022-03-03 15:06:12,001 [Time-limited test] INFO  server.StorageContainerManager (StorageContainerManager.java:stop(1450)) - Stopping block service RPC server
2022-03-03 15:06:12,002 [Time-limited test] INFO  server.SCMBlockProtocolServer (SCMBlockProtocolServer.java:stop(160)) - Stopping the RPC server for Block Protocol
2022-03-03 15:06:12,002 [Time-limited test] INFO  ipc.Server (Server.java:stop(3414)) - Stopping server on 45625
2022-03-03 15:06:12,002 [Time-limited test] INFO  server.StorageContainerManager (StorageContainerManager.java:stop(1457)) - Stopping the StorageContainerLocationProtocol RPC server
2022-03-03 15:06:12,002 [Time-limited test] INFO  server.SCMClientProtocolServer (SCMClientProtocolServer.java:stop(174)) - Stopping the RPC server for Client Protocol
2022-03-03 15:06:12,002 [Time-limited test] INFO  ipc.Server (Server.java:stop(3414)) - Stopping server on 36715
2022-03-03 15:06:12,002 [Time-limited test] INFO  server.StorageContainerManager (StorageContainerManager.java:stop(1464)) - Stopping Storage Container Manager HTTP server.
2022-03-03 15:06:12,018 [Time-limited test] INFO  server.StorageContainerManager (StorageContainerManager.java:stop(1475)) - Stopping Block Manager Service.
2022-03-03 15:06:12,019 [Time-limited test] INFO  utils.BackgroundService (BackgroundService.java:shutdown(132)) - Shutting down service SCMBlockDeletingService
2022-03-03 15:06:12,019 [Time-limited test] INFO  utils.BackgroundService (BackgroundService.java:shutdown(132)) - Shutting down service SCMBlockDeletingService
2022-03-03 15:06:12,019 [Time-limited test] INFO  server.StorageContainerManager (StorageContainerManager.java:stop(1502)) - Stopping SCM Event Queue.
2022-03-03 15:06:12,019 [Time-limited test] INFO  server.StorageContainerManager (StorageContainerManager.java:stop(1513)) - Stopping SCM HA services.
2022-03-03 15:06:12,019 [Time-limited test] INFO  ha.SCMRatisServerImpl (SCMRatisServerImpl.java:stop(236)) - stopping ratis server 0.0.0.0:9894
2022-03-03 15:06:12,020 [Time-limited test] WARN  pipeline.BackgroundPipelineCreator (BackgroundPipelineCreator.java:stop(154)) - RatisPipelineUtilsThread is not running, just ignore.
2022-03-03 15:06:12,020 [Time-limited test] INFO  server.StorageContainerManager (StorageContainerManager.java:stop(1523)) - Stopping SCM MetadataStore.
2022-03-03 15:06:12,020 [Time-limited test] INFO  impl.MetricsSystemImpl (MetricsSystemImpl.java:stop(210)) - Stopping HddsDatanode metrics system...
2022-03-03 15:06:12,023 [prometheus] INFO  impl.MetricsSinkAdapter (MetricsSinkAdapter.java:publishMetricsFromQueue(141)) - prometheus thread interrupted.
2022-03-03 15:06:12,027 [Time-limited test] INFO  impl.MetricsSystemImpl (MetricsSystemImpl.java:stop(216)) - HddsDatanode metrics system stopped.
]]></system-out>
  </testcase>
  <testcase name="testDatanodeIDPersistent" classname="org.apache.hadoop.ozone.TestMiniOzoneCluster" time="0.118"/>
  <testcase name="testContainerRandomPort" classname="org.apache.hadoop.ozone.TestMiniOzoneCluster" time="26.21"/>
</testsuite>