<?xml version="1.0" encoding="UTF-8"?>
<testsuite xmlns:xsi="http://www.w3.org/2001/XMLSchema-instance" xsi:noNamespaceSchemaLocation="https://maven.apache.org/surefire/maven-surefire-plugin/xsd/surefire-test-report.xsd" name="org.apache.hadoop.ozone.om.TestAddRemoveOzoneManager" time="245.643" tests="4" errors="0" skipped="0" failures="1">
  <properties>
    <property name="awt.toolkit" value="sun.awt.X11.XToolkit"/>
    <property name="file.encoding.pkg" value="sun.io"/>
    <property name="java.specification.version" value="1.8"/>
    <property name="sun.cpu.isalist" value=""/>
    <property name="sun.jnu.encoding" value="UTF-8"/>
    <property name="java.class.path" value="/home/runner/work/ozone/ozone/hadoop-ozone/integration-test/target/test-classes:/home/runner/work/ozone/ozone/hadoop-ozone/integration-test/target/classes:/home/runner/.m2/repository/org/apache/ozone/ozone-common/1.3.0-SNAPSHOT/ozone-common-1.3.0-SNAPSHOT.jar:/home/runner/.m2/repository/org/apache/commons/commons-compress/1.21/commons-compress-1.21.jar:/home/runner/.m2/repository/org/apache/ozone/hdds-common/1.3.0-SNAPSHOT/hdds-common-1.3.0-SNAPSHOT.jar:/home/runner/.m2/repository/org/apache/ozone/hdds-client/1.3.0-SNAPSHOT/hdds-client-1.3.0-SNAPSHOT.jar:/home/runner/.m2/repository/org/apache/ozone/ozone-interface-client/1.3.0-SNAPSHOT/ozone-interface-client-1.3.0-SNAPSHOT.jar:/home/runner/.m2/repository/org/apache/ozone/hdds-test-utils/1.3.0-SNAPSHOT/hdds-test-utils-1.3.0-SNAPSHOT.jar:/home/runner/.m2/repository/com/google/guava/guava/30.1.1-jre/guava-30.1.1-jre.jar:/home/runner/.m2/repository/com/google/guava/failureaccess/1.0.1/failureaccess-1.0.1.jar:/home/runner/.m2/repository/com/google/guava/listenablefuture/9999.0-empty-to-avoid-conflict-with-guava/listenablefuture-9999.0-empty-to-avoid-conflict-with-guava.jar:/home/runner/.m2/repository/com/google/code/findbugs/jsr305/3.0.0/jsr305-3.0.0.jar:/home/runner/.m2/repository/org/checkerframework/checker-qual/3.8.0/checker-qual-3.8.0.jar:/home/runner/.m2/repository/com/google/errorprone/error_prone_annotations/2.2.0/error_prone_annotations-2.2.0.jar:/home/runner/.m2/repository/com/google/j2objc/j2objc-annotations/1.3/j2objc-annotations-1.3.jar:/home/runner/.m2/repository/commons-io/commons-io/2.11.0/commons-io-2.11.0.jar:/home/runner/.m2/repository/commons-logging/commons-logging/1.2/commons-logging-1.2.jar:/home/runner/.m2/repository/log4j/log4j/1.2.17/log4j-1.2.17.jar:/home/runner/.m2/repository/org/slf4j/slf4j-api/1.7.30/slf4j-api-1.7.30.jar:/home/runner/.m2/repository/org/apache/ozone/hdds-server-scm/1.3.0-SNAPSHOT/hdds-server-scm-1.3.0-SNAPSHOT.jar:/home/runner/.m2/repository/org/apache/ozone/hdds-container-service/1.3.0-SNAPSHOT/hdds-container-service-1.3.0-SNAPSHOT.jar:/home/runner/.m2/repository/org/apache/ozone/hdds-hadoop-dependency-server/1.3.0-SNAPSHOT/hdds-hadoop-dependency-server-1.3.0-SNAPSHOT.jar:/home/runner/.m2/repository/org/apache/hadoop/hadoop-hdfs/3.3.1/hadoop-hdfs-3.3.1.jar:/home/runner/.m2/repository/org/apache/ozone/hdds-server-framework/1.3.0-SNAPSHOT/hdds-server-framework-1.3.0-SNAPSHOT.jar:/home/runner/.m2/repository/org/apache/ozone/hdds-interface-server/1.3.0-SNAPSHOT/hdds-interface-server-1.3.0-SNAPSHOT.jar:/home/runner/.m2/repository/org/eclipse/jetty/jetty-servlet/9.4.43.v20210629/jetty-servlet-9.4.43.v20210629.jar:/home/runner/.m2/repository/org/eclipse/jetty/jetty-security/9.4.43.v20210629/jetty-security-9.4.43.v20210629.jar:/home/runner/.m2/repository/org/rocksdb/rocksdbjni/6.25.3/rocksdbjni-6.25.3.jar:/home/runner/.m2/repository/io/prometheus/simpleclient_dropwizard/0.7.0/simpleclient_dropwizard-0.7.0.jar:/home/runner/.m2/repository/io/prometheus/simpleclient/0.7.0/simpleclient-0.7.0.jar:/home/runner/.m2/repository/io/prometheus/simpleclient_common/0.7.0/simpleclient_common-0.7.0.jar:/home/runner/.m2/repository/com/fasterxml/jackson/datatype/jackson-datatype-jsr310/2.12.1/jackson-datatype-jsr310-2.12.1.jar:/home/runner/.m2/repository/io/dropwizard/metrics/metrics-core/3.2.4/metrics-core-3.2.4.jar:/home/runner/.m2/repository/org/apache/hadoop/hadoop-hdfs-client/3.3.1/hadoop-hdfs-client-3.3.1.jar:/home/runner/.m2/repository/org/bouncycastle/bcprov-jdk15on/1.67/bcprov-jdk15on-1.67.jar:/home/runner/.m2/repository/com/google/protobuf/protobuf-java/2.5.0/protobuf-java-2.5.0.jar:/home/runner/.m2/repository/org/apache/ozone/ozone-manager/1.3.0-SNAPSHOT/ozone-manager-1.3.0-SNAPSHOT.jar:/home/runner/.m2/repository/org/aspectj/aspectjrt/1.9.7/aspectjrt-1.9.7.jar:/home/runner/.m2/repository/org/aspectj/aspectjweaver/1.9.7/aspectjweaver-1.9.7.jar:/home/runner/.m2/repository/org/apache/ozone/hdds-interface-client/1.3.0-SNAPSHOT/hdds-interface-client-1.3.0-SNAPSHOT.jar:/home/runner/.m2/repository/org/apache/hadoop/thirdparty/hadoop-shaded-protobuf_3_7/1.1.1/hadoop-shaded-protobuf_3_7-1.1.1.jar:/home/runner/.m2/repository/org/apache/ozone/ozone-interface-storage/1.3.0-SNAPSHOT/ozone-interface-storage-1.3.0-SNAPSHOT.jar:/home/runner/.m2/repository/org/reflections/reflections/0.9.11/reflections-0.9.11.jar:/home/runner/.m2/repository/org/apache/hadoop/hadoop-minikdc/3.3.1/hadoop-minikdc-3.3.1.jar:/home/runner/.m2/repository/org/apache/kerby/kerb-simplekdc/1.0.1/kerb-simplekdc-1.0.1.jar:/home/runner/.m2/repository/org/apache/kerby/kerb-client/1.0.1/kerb-client-1.0.1.jar:/home/runner/.m2/repository/org/apache/kerby/kerby-config/1.0.1/kerby-config-1.0.1.jar:/home/runner/.m2/repository/org/apache/kerby/kerb-common/1.0.1/kerb-common-1.0.1.jar:/home/runner/.m2/repository/org/apache/kerby/kerb-crypto/1.0.1/kerb-crypto-1.0.1.jar:/home/runner/.m2/repository/org/apache/kerby/kerb-util/1.0.1/kerb-util-1.0.1.jar:/home/runner/.m2/repository/org/apache/kerby/token-provider/1.0.1/token-provider-1.0.1.jar:/home/runner/.m2/repository/org/apache/kerby/kerb-admin/1.0.1/kerb-admin-1.0.1.jar:/home/runner/.m2/repository/org/apache/kerby/kerb-server/1.0.1/kerb-server-1.0.1.jar:/home/runner/.m2/repository/org/apache/kerby/kerb-identity/1.0.1/kerb-identity-1.0.1.jar:/home/runner/.m2/repository/org/apache/kerby/kerby-xdr/1.0.1/kerby-xdr-1.0.1.jar:/home/runner/.m2/repository/org/slf4j/slf4j-log4j12/1.7.30/slf4j-log4j12-1.7.30.jar:/home/runner/.m2/repository/org/apache/ozone/ozone-s3gateway/1.3.0-SNAPSHOT/ozone-s3gateway-1.3.0-SNAPSHOT.jar:/home/runner/.m2/repository/org/javassist/javassist/3.21.0-GA/javassist-3.21.0-GA.jar:/home/runner/.m2/repository/org/jboss/weld/servlet/weld-servlet/2.4.7.Final/weld-servlet-2.4.7.Final.jar:/home/runner/.m2/repository/org/glassfish/jersey/containers/jersey-container-servlet-core/2.33/jersey-container-servlet-core-2.33.jar:/home/runner/.m2/repository/org/glassfish/hk2/external/jakarta.inject/2.6.1/jakarta.inject-2.6.1.jar:/home/runner/.m2/repository/org/glassfish/jersey/core/jersey-common/2.33/jersey-common-2.33.jar:/home/runner/.m2/repository/jakarta/ws/rs/jakarta.ws.rs-api/2.1.6/jakarta.ws.rs-api-2.1.6.jar:/home/runner/.m2/repository/org/glassfish/jersey/ext/cdi/jersey-cdi1x/2.33/jersey-cdi1x-2.33.jar:/home/runner/.m2/repository/org/glassfish/jersey/inject/jersey-hk2/2.33/jersey-hk2-2.33.jar:/home/runner/.m2/repository/org/glassfish/hk2/hk2-locator/2.6.1/hk2-locator-2.6.1.jar:/home/runner/.m2/repository/org/glassfish/jersey/media/jersey-media-jaxb/2.33/jersey-media-jaxb-2.33.jar:/home/runner/.m2/repository/org/glassfish/hk2/osgi-resource-locator/1.0.3/osgi-resource-locator-1.0.3.jar:/home/runner/.m2/repository/org/glassfish/hk2/hk2-api/2.5.0/hk2-api-2.5.0.jar:/home/runner/.m2/repository/org/glassfish/hk2/hk2-utils/2.5.0/hk2-utils-2.5.0.jar:/home/runner/.m2/repository/org/glassfish/hk2/external/aopalliance-repackaged/2.5.0/aopalliance-repackaged-2.5.0.jar:/home/runner/.m2/repository/com/fasterxml/jackson/dataformat/jackson-dataformat-xml/2.12.1/jackson-dataformat-xml-2.12.1.jar:/home/runner/.m2/repository/com/fasterxml/jackson/core/jackson-core/2.12.1/jackson-core-2.12.1.jar:/home/runner/.m2/repository/com/fasterxml/jackson/module/jackson-module-jaxb-annotations/2.12.1/jackson-module-jaxb-annotations-2.12.1.jar:/home/runner/.m2/repository/jakarta/xml/bind/jakarta.xml.bind-api/2.3.2/jakarta.xml.bind-api-2.3.2.jar:/home/runner/.m2/repository/org/codehaus/woodstox/stax2-api/3.1.4/stax2-api-3.1.4.jar:/home/runner/.m2/repository/com/fasterxml/woodstox/woodstox-core/5.0.3/woodstox-core-5.0.3.jar:/home/runner/.m2/repository/javax/enterprise/cdi-api/1.2/cdi-api-1.2.jar:/home/runner/.m2/repository/javax/el/javax.el-api/3.0.0/javax.el-api-3.0.0.jar:/home/runner/.m2/repository/javax/interceptor/javax.interceptor-api/1.2/javax.interceptor-api-1.2.jar:/home/runner/.m2/repository/javax/inject/javax.inject/1/javax.inject-1.jar:/home/runner/.m2/repository/javax/xml/bind/jaxb-api/2.3.0/jaxb-api-2.3.0.jar:/home/runner/.m2/repository/org/glassfish/jaxb/jaxb-runtime/2.3.0.1/jaxb-runtime-2.3.0.1.jar:/home/runner/.m2/repository/org/glassfish/jaxb/jaxb-core/2.3.0.1/jaxb-core-2.3.0.1.jar:/home/runner/.m2/repository/org/glassfish/jaxb/txw2/2.3.0.1/txw2-2.3.0.1.jar:/home/runner/.m2/repository/com/sun/istack/istack-commons-runtime/3.0.5/istack-commons-runtime-3.0.5.jar:/home/runner/.m2/repository/org/jvnet/staxex/stax-ex/1.7.8/stax-ex-1.7.8.jar:/home/runner/.m2/repository/com/sun/xml/fastinfoset/FastInfoset/1.2.13/FastInfoset-1.2.13.jar:/home/runner/.m2/repository/javax/activation/activation/1.1.1/activation-1.1.1.jar:/home/runner/.m2/repository/org/apache/ozone/ozone-csi/1.3.0-SNAPSHOT/ozone-csi-1.3.0-SNAPSHOT.jar:/home/runner/.m2/repository/com/google/protobuf/protobuf-java-util/3.12.0/protobuf-java-util-3.12.0.jar:/home/runner/.m2/repository/com/google/code/gson/gson/2.2.4/gson-2.2.4.jar:/home/runner/.m2/repository/org/apache/ozone/hdds-config/1.3.0-SNAPSHOT/hdds-config-1.3.0-SNAPSHOT.jar:/home/runner/.m2/repository/io/grpc/grpc-netty/1.33.0/grpc-netty-1.33.0.jar:/home/runner/.m2/repository/io/grpc/grpc-core/1.33.0/grpc-core-1.33.0.jar:/home/runner/.m2/repository/com/google/android/annotations/4.1.1.4/annotations-4.1.1.4.jar:/home/runner/.m2/repository/io/netty/netty-codec-http2/4.1.63.Final/netty-codec-http2-4.1.63.Final.jar:/home/runner/.m2/repository/io/netty/netty-codec-http/4.1.63.Final/netty-codec-http-4.1.63.Final.jar:/home/runner/.m2/repository/io/netty/netty-handler-proxy/4.1.63.Final/netty-handler-proxy-4.1.63.Final.jar:/home/runner/.m2/repository/io/netty/netty-codec-socks/4.1.63.Final/netty-codec-socks-4.1.63.Final.jar:/home/runner/.m2/repository/io/perfmark/perfmark-api/0.19.0/perfmark-api-0.19.0.jar:/home/runner/.m2/repository/org/codehaus/mojo/animal-sniffer-annotations/1.18/animal-sniffer-annotations-1.18.jar:/home/runner/.m2/repository/io/netty/netty-transport-native-epoll/4.1.63.Final/netty-transport-native-epoll-4.1.63.Final.jar:/home/runner/.m2/repository/io/netty/netty-common/4.1.63.Final/netty-common-4.1.63.Final.jar:/home/runner/.m2/repository/io/netty/netty-buffer/4.1.63.Final/netty-buffer-4.1.63.Final.jar:/home/runner/.m2/repository/io/netty/netty-transport-native-unix-common/4.1.63.Final/netty-transport-native-unix-common-4.1.63.Final.jar:/home/runner/.m2/repository/io/grpc/grpc-protobuf/1.33.0/grpc-protobuf-1.33.0.jar:/home/runner/.m2/repository/io/grpc/grpc-api/1.33.0/grpc-api-1.33.0.jar:/home/runner/.m2/repository/io/grpc/grpc-context/1.33.0/grpc-context-1.33.0.jar:/home/runner/.m2/repository/com/google/api/grpc/proto-google-common-protos/1.17.0/proto-google-common-protos-1.17.0.jar:/home/runner/.m2/repository/io/grpc/grpc-protobuf-lite/1.33.0/grpc-protobuf-lite-1.33.0.jar:/home/runner/.m2/repository/io/grpc/grpc-stub/1.33.0/grpc-stub-1.33.0.jar:/home/runner/.m2/repository/org/apache/ozone/ozone-recon/1.3.0-SNAPSHOT/ozone-recon-1.3.0-SNAPSHOT.jar:/home/runner/.m2/repository/org/apache/ozone/ozone-reconcodegen/1.3.0-SNAPSHOT/ozone-reconcodegen-1.3.0-SNAPSHOT.jar:/home/runner/.m2/repository/com/google/inject/extensions/guice-multibindings/4.0/guice-multibindings-4.0.jar:/home/runner/.m2/repository/com/google/inject/guice/4.0/guice-4.0.jar:/home/runner/.m2/repository/aopalliance/aopalliance/1.0/aopalliance-1.0.jar:/home/runner/.m2/repository/com/google/inject/extensions/guice-assistedinject/4.0/guice-assistedinject-4.0.jar:/home/runner/.m2/repository/com/google/inject/extensions/guice-servlet/4.0/guice-servlet-4.0.jar:/home/runner/.m2/repository/org/glassfish/jersey/containers/jersey-container-servlet/2.33/jersey-container-servlet-2.33.jar:/home/runner/.m2/repository/org/glassfish/hk2/guice-bridge/2.5.0/guice-bridge-2.5.0.jar:/home/runner/.m2/repository/org/glassfish/jersey/core/jersey-server/2.33/jersey-server-2.33.jar:/home/runner/.m2/repository/org/glassfish/jersey/core/jersey-client/2.33/jersey-client-2.33.jar:/home/runner/.m2/repository/jakarta/annotation/jakarta.annotation-api/1.3.5/jakarta.annotation-api-1.3.5.jar:/home/runner/.m2/repository/jakarta/validation/jakarta.validation-api/2.0.2/jakarta.validation-api-2.0.2.jar:/home/runner/.m2/repository/org/glassfish/jersey/media/jersey-media-json-jackson/2.33/jersey-media-json-jackson-2.33.jar:/home/runner/.m2/repository/org/glassfish/jersey/ext/jersey-entity-filtering/2.33/jersey-entity-filtering-2.33.jar:/home/runner/.m2/repository/org/jooq/jooq/3.11.10/jooq-3.11.10.jar:/home/runner/.m2/repository/org/jooq/jooq-meta/3.11.10/jooq-meta-3.11.10.jar:/home/runner/.m2/repository/org/jooq/jooq-codegen/3.11.10/jooq-codegen-3.11.10.jar:/home/runner/.m2/repository/com/jolbox/bonecp/0.8.0.RELEASE/bonecp-0.8.0.RELEASE.jar:/home/runner/.m2/repository/org/apache/derby/derby/10.14.2.0/derby-10.14.2.0.jar:/home/runner/.m2/repository/org/xerial/sqlite-jdbc/3.25.2/sqlite-jdbc-3.25.2.jar:/home/runner/.m2/repository/org/springframework/spring-jdbc/5.2.18.RELEASE/spring-jdbc-5.2.18.RELEASE.jar:/home/runner/.m2/repository/org/springframework/spring-beans/5.2.18.RELEASE/spring-beans-5.2.18.RELEASE.jar:/home/runner/.m2/repository/org/springframework/spring-core/5.2.18.RELEASE/spring-core-5.2.18.RELEASE.jar:/home/runner/.m2/repository/org/springframework/spring-jcl/5.2.18.RELEASE/spring-jcl-5.2.18.RELEASE.jar:/home/runner/.m2/repository/org/springframework/spring-tx/5.2.18.RELEASE/spring-tx-5.2.18.RELEASE.jar:/home/runner/.m2/repository/org/apache/ozone/ozone-client/1.3.0-SNAPSHOT/ozone-client-1.3.0-SNAPSHOT.jar:/home/runner/.m2/repository/org/apache/ozone/ozone-filesystem/1.3.0-SNAPSHOT/ozone-filesystem-1.3.0-SNAPSHOT.jar:/home/runner/.m2/repository/org/apache/ozone/ozone-filesystem-common/1.3.0-SNAPSHOT/ozone-filesystem-common-1.3.0-SNAPSHOT.jar:/home/runner/.m2/repository/org/apache/ozone/ozone-tools/1.3.0-SNAPSHOT/ozone-tools-1.3.0-SNAPSHOT.jar:/home/runner/.m2/repository/org/apache/ratis/ratis-tools/2.2.0/ratis-tools-2.2.0.jar:/home/runner/.m2/repository/com/amazonaws/aws-java-sdk-core/1.12.124/aws-java-sdk-core-1.12.124.jar:/home/runner/.m2/repository/org/apache/httpcomponents/httpclient/4.5.13/httpclient-4.5.13.jar:/home/runner/.m2/repository/org/apache/httpcomponents/httpcore/4.4.13/httpcore-4.4.13.jar:/home/runner/.m2/repository/software/amazon/ion/ion-java/1.0.2/ion-java-1.0.2.jar:/home/runner/.m2/repository/com/fasterxml/jackson/dataformat/jackson-dataformat-cbor/2.12.1/jackson-dataformat-cbor-2.12.1.jar:/home/runner/.m2/repository/joda-time/joda-time/2.8.1/joda-time-2.8.1.jar:/home/runner/.m2/repository/com/amazonaws/aws-java-sdk-s3/1.12.124/aws-java-sdk-s3-1.12.124.jar:/home/runner/.m2/repository/com/amazonaws/aws-java-sdk-kms/1.12.124/aws-java-sdk-kms-1.12.124.jar:/home/runner/.m2/repository/com/amazonaws/jmespath-java/1.12.124/jmespath-java-1.12.124.jar:/home/runner/.m2/repository/org/kohsuke/metainf-services/metainf-services/1.8/metainf-services-1.8.jar:/home/runner/.m2/repository/org/apache/ozone/hdds-tools/1.3.0-SNAPSHOT/hdds-tools-1.3.0-SNAPSHOT.jar:/home/runner/.m2/repository/commons-cli/commons-cli/1.2/commons-cli-1.2.jar:/home/runner/.m2/repository/org/apache/commons/commons-lang3/3.7/commons-lang3-3.7.jar:/home/runner/.m2/repository/org/apache/ozone/ozone-manager/1.3.0-SNAPSHOT/ozone-manager-1.3.0-SNAPSHOT-tests.jar:/home/runner/.m2/repository/org/apache/ozone/hdds-common/1.3.0-SNAPSHOT/hdds-common-1.3.0-SNAPSHOT-tests.jar:/home/runner/.m2/repository/org/apache/ozone/hdds-hadoop-dependency-client/1.3.0-SNAPSHOT/hdds-hadoop-dependency-client-1.3.0-SNAPSHOT.jar:/home/runner/.m2/repository/info/picocli/picocli/4.6.1/picocli-4.6.1.jar:/home/runner/.m2/repository/com/fasterxml/jackson/core/jackson-annotations/2.12.1/jackson-annotations-2.12.1.jar:/home/runner/.m2/repository/javax/annotation/javax.annotation-api/1.2/javax.annotation-api-1.2.jar:/home/runner/.m2/repository/org/apache/ratis/ratis-server/2.2.0/ratis-server-2.2.0.jar:/home/runner/.m2/repository/org/apache/ratis/ratis-client/2.2.0/ratis-client-2.2.0.jar:/home/runner/.m2/repository/org/apache/ratis/ratis-server-api/2.2.0/ratis-server-api-2.2.0.jar:/home/runner/.m2/repository/org/apache/ratis/ratis-metrics/2.2.0/ratis-metrics-2.2.0.jar:/home/runner/.m2/repository/org/apache/ratis/ratis-netty/2.2.0/ratis-netty-2.2.0.jar:/home/runner/.m2/repository/org/apache/ratis/ratis-grpc/2.2.0/ratis-grpc-2.2.0.jar:/home/runner/.m2/repository/org/apache/logging/log4j/log4j-api/2.17.1/log4j-api-2.17.1.jar:/home/runner/.m2/repository/org/apache/logging/log4j/log4j-core/2.17.1/log4j-core-2.17.1.jar:/home/runner/.m2/repository/com/lmax/disruptor/3.4.2/disruptor-3.4.2.jar:/home/runner/.m2/repository/org/apache/commons/commons-pool2/2.6.0/commons-pool2-2.6.0.jar:/home/runner/.m2/repository/org/bouncycastle/bcpkix-jdk15on/1.67/bcpkix-jdk15on-1.67.jar:/home/runner/.m2/repository/commons-validator/commons-validator/1.6/commons-validator-1.6.jar:/home/runner/.m2/repository/commons-beanutils/commons-beanutils/1.9.4/commons-beanutils-1.9.4.jar:/home/runner/.m2/repository/commons-digester/commons-digester/1.8.1/commons-digester-1.8.1.jar:/home/runner/.m2/repository/commons-collections/commons-collections/3.2.2/commons-collections-3.2.2.jar:/home/runner/.m2/repository/io/jaegertracing/jaeger-client/1.6.0/jaeger-client-1.6.0.jar:/home/runner/.m2/repository/io/jaegertracing/jaeger-thrift/1.6.0/jaeger-thrift-1.6.0.jar:/home/runner/.m2/repository/org/apache/thrift/libthrift/0.14.1/libthrift-0.14.1.jar:/home/runner/.m2/repository/com/squareup/okhttp3/okhttp/4.9.0/okhttp-4.9.0.jar:/home/runner/.m2/repository/com/squareup/okio/okio/2.8.0/okio-2.8.0.jar:/home/runner/.m2/repository/io/jaegertracing/jaeger-core/1.6.0/jaeger-core-1.6.0.jar:/home/runner/.m2/repository/io/jaegertracing/jaeger-tracerresolver/1.6.0/jaeger-tracerresolver-1.6.0.jar:/home/runner/.m2/repository/io/opentracing/contrib/opentracing-tracerresolver/0.1.8/opentracing-tracerresolver-0.1.8.jar:/home/runner/.m2/repository/org/jetbrains/kotlin/kotlin-stdlib/1.4.31/kotlin-stdlib-1.4.31.jar:/home/runner/.m2/repository/org/jetbrains/kotlin/kotlin-stdlib-common/1.4.31/kotlin-stdlib-common-1.4.31.jar:/home/runner/.m2/repository/org/jetbrains/annotations/13.0/annotations-13.0.jar:/home/runner/.m2/repository/io/opentracing/opentracing-util/0.33.0/opentracing-util-0.33.0.jar:/home/runner/.m2/repository/io/opentracing/opentracing-api/0.33.0/opentracing-api-0.33.0.jar:/home/runner/.m2/repository/io/opentracing/opentracing-noop/0.33.0/opentracing-noop-0.33.0.jar:/home/runner/.m2/repository/org/yaml/snakeyaml/1.26/snakeyaml-1.26.jar:/home/runner/.m2/repository/org/apache/ozone/hdds-interface-admin/1.3.0-SNAPSHOT/hdds-interface-admin-1.3.0-SNAPSHOT.jar:/home/runner/.m2/repository/junit/junit/4.13.1/junit-4.13.1.jar:/home/runner/.m2/repository/org/hamcrest/hamcrest-core/1.3/hamcrest-core-1.3.jar:/home/runner/.m2/repository/org/junit/jupiter/junit-jupiter-api/5.7.0/junit-jupiter-api-5.7.0.jar:/home/runner/.m2/repository/org/apiguardian/apiguardian-api/1.1.0/apiguardian-api-1.1.0.jar:/home/runner/.m2/repository/org/opentest4j/opentest4j/1.2.0/opentest4j-1.2.0.jar:/home/runner/.m2/repository/org/junit/platform/junit-platform-commons/1.7.0/junit-platform-commons-1.7.0.jar:/home/runner/.m2/repository/org/junit/jupiter/junit-jupiter-engine/5.7.0/junit-jupiter-engine-5.7.0.jar:/home/runner/.m2/repository/org/junit/platform/junit-platform-engine/1.7.0/junit-platform-engine-1.7.0.jar:/home/runner/.m2/repository/org/junit/vintage/junit-vintage-engine/5.7.0/junit-vintage-engine-5.7.0.jar:/home/runner/.m2/repository/org/junit/platform/junit-platform-launcher/1.7.0/junit-platform-launcher-1.7.0.jar:/home/runner/.m2/repository/org/mockito/mockito-core/2.28.2/mockito-core-2.28.2.jar:/home/runner/.m2/repository/net/bytebuddy/byte-buddy/1.9.10/byte-buddy-1.9.10.jar:/home/runner/.m2/repository/net/bytebuddy/byte-buddy-agent/1.9.10/byte-buddy-agent-1.9.10.jar:/home/runner/.m2/repository/org/objenesis/objenesis/1.0/objenesis-1.0.jar:/home/runner/.m2/repository/org/apache/hadoop/hadoop-kms/3.3.1/hadoop-kms-3.3.1.jar:/home/runner/.m2/repository/org/apache/hadoop/hadoop-auth/3.3.1/hadoop-auth-3.3.1.jar:/home/runner/.m2/repository/com/nimbusds/nimbus-jose-jwt/7.9/nimbus-jose-jwt-7.9.jar:/home/runner/.m2/repository/com/github/stephenc/jcip/jcip-annotations/1.0-1/jcip-annotations-1.0-1.jar:/home/runner/.m2/repository/net/minidev/json-smart/2.4.7/json-smart-2.4.7.jar:/home/runner/.m2/repository/net/minidev/accessors-smart/2.4.7/accessors-smart-2.4.7.jar:/home/runner/.m2/repository/org/ow2/asm/asm/5.0.4/asm-5.0.4.jar:/home/runner/.m2/repository/org/apache/zookeeper/zookeeper/3.5.6/zookeeper-3.5.6.jar:/home/runner/.m2/repository/org/apache/zookeeper/zookeeper-jute/3.5.6/zookeeper-jute-3.5.6.jar:/home/runner/.m2/repository/org/apache/yetus/audience-annotations/0.5.0/audience-annotations-0.5.0.jar:/home/runner/.m2/repository/org/apache/curator/curator-framework/4.2.0/curator-framework-4.2.0.jar:/home/runner/.m2/repository/org/apache/hadoop/thirdparty/hadoop-shaded-guava/1.1.1/hadoop-shaded-guava-1.1.1.jar:/home/runner/.m2/repository/com/sun/jersey/jersey-core/1.19/jersey-core-1.19.jar:/home/runner/.m2/repository/javax/ws/rs/jsr311-api/1.1.1/jsr311-api-1.1.1.jar:/home/runner/.m2/repository/com/sun/jersey/jersey-server/1.19/jersey-server-1.19.jar:/home/runner/.m2/repository/javax/servlet/javax.servlet-api/3.1.0/javax.servlet-api-3.1.0.jar:/home/runner/.m2/repository/org/eclipse/jetty/jetty-server/9.4.43.v20210629/jetty-server-9.4.43.v20210629.jar:/home/runner/.m2/repository/org/eclipse/jetty/jetty-http/9.4.43.v20210629/jetty-http-9.4.43.v20210629.jar:/home/runner/.m2/repository/org/eclipse/jetty/jetty-io/9.4.43.v20210629/jetty-io-9.4.43.v20210629.jar:/home/runner/.m2/repository/org/eclipse/jetty/jetty-webapp/9.4.43.v20210629/jetty-webapp-9.4.43.v20210629.jar:/home/runner/.m2/repository/org/eclipse/jetty/jetty-xml/9.4.43.v20210629/jetty-xml-9.4.43.v20210629.jar:/home/runner/.m2/repository/org/apache/hadoop/hadoop-common/3.3.1/hadoop-common-3.3.1.jar:/home/runner/.m2/repository/org/apache/commons/commons-math3/3.1.1/commons-math3-3.1.1.jar:/home/runner/.m2/repository/commons-net/commons-net/3.6/commons-net-3.6.jar:/home/runner/.m2/repository/jakarta/activation/jakarta.activation-api/1.2.1/jakarta.activation-api-1.2.1.jar:/home/runner/.m2/repository/com/sun/jersey/jersey-servlet/1.19/jersey-servlet-1.19.jar:/home/runner/.m2/repository/com/sun/jersey/jersey-json/1.19/jersey-json-1.19.jar:/home/runner/.m2/repository/org/codehaus/jettison/jettison/1.1/jettison-1.1.jar:/home/runner/.m2/repository/com/sun/xml/bind/jaxb-impl/2.2.3-1/jaxb-impl-2.2.3-1.jar:/home/runner/.m2/repository/org/codehaus/jackson/jackson-jaxrs/1.9.2/jackson-jaxrs-1.9.2.jar:/home/runner/.m2/repository/org/codehaus/jackson/jackson-xc/1.9.2/jackson-xc-1.9.2.jar:/home/runner/.m2/repository/org/apache/commons/commons-configuration2/2.1.1/commons-configuration2-2.1.1.jar:/home/runner/.m2/repository/org/apache/commons/commons-text/1.4/commons-text-1.4.jar:/home/runner/.m2/repository/com/google/re2j/re2j/1.1/re2j-1.1.jar:/home/runner/.m2/repository/com/jcraft/jsch/0.1.54/jsch-0.1.54.jar:/home/runner/.m2/repository/org/apache/curator/curator-client/4.2.0/curator-client-4.2.0.jar:/home/runner/.m2/repository/org/apache/curator/curator-recipes/4.2.0/curator-recipes-4.2.0.jar:/home/runner/.m2/repository/org/apache/kerby/kerb-core/1.0.1/kerb-core-1.0.1.jar:/home/runner/.m2/repository/org/apache/kerby/kerby-pkix/1.0.1/kerby-pkix-1.0.1.jar:/home/runner/.m2/repository/org/apache/kerby/kerby-asn1/1.0.1/kerby-asn1-1.0.1.jar:/home/runner/.m2/repository/org/apache/kerby/kerby-util/1.0.1/kerby-util-1.0.1.jar:/home/runner/.m2/repository/dnsjava/dnsjava/2.1.7/dnsjava-2.1.7.jar:/home/runner/.m2/repository/org/xerial/snappy/snappy-java/1.1.8.2/snappy-java-1.1.8.2.jar:/home/runner/.m2/repository/org/slf4j/jul-to-slf4j/1.7.30/jul-to-slf4j-1.7.30.jar:/home/runner/.m2/repository/org/eclipse/jetty/jetty-util/9.4.43.v20210629/jetty-util-9.4.43.v20210629.jar:/home/runner/.m2/repository/com/fasterxml/jackson/core/jackson-databind/2.12.1/jackson-databind-2.12.1.jar:/home/runner/.m2/repository/org/apache/hadoop/hadoop-kms/3.3.1/hadoop-kms-3.3.1-tests.jar:/home/runner/.m2/repository/org/apache/ozone/hdds-server-scm/1.3.0-SNAPSHOT/hdds-server-scm-1.3.0-SNAPSHOT-tests.jar:/home/runner/.m2/repository/org/apache/ozone/hdds-container-service/1.3.0-SNAPSHOT/hdds-container-service-1.3.0-SNAPSHOT-tests.jar:/home/runner/.m2/repository/commons-codec/commons-codec/1.11/commons-codec-1.11.jar:/home/runner/.m2/repository/io/netty/netty-transport/4.1.63.Final/netty-transport-4.1.63.Final.jar:/home/runner/.m2/repository/io/netty/netty-resolver/4.1.63.Final/netty-resolver-4.1.63.Final.jar:/home/runner/.m2/repository/io/netty/netty-codec/4.1.63.Final/netty-codec-4.1.63.Final.jar:/home/runner/.m2/repository/io/netty/netty-handler/4.1.63.Final/netty-handler-4.1.63.Final.jar:/home/runner/.m2/repository/org/apache/ozone/hdds-hadoop-dependency-test/1.3.0-SNAPSHOT/hdds-hadoop-dependency-test-1.3.0-SNAPSHOT.jar:/home/runner/.m2/repository/org/apache/hadoop/hadoop-common/3.3.1/hadoop-common-3.3.1-tests.jar:/home/runner/.m2/repository/org/assertj/assertj-core/3.12.2/assertj-core-3.12.2.jar:/home/runner/.m2/repository/org/apache/hadoop/hadoop-hdfs/3.3.1/hadoop-hdfs-3.3.1-tests.jar:/home/runner/.m2/repository/org/eclipse/jetty/jetty-util-ajax/9.4.43.v20210629/jetty-util-ajax-9.4.43.v20210629.jar:/home/runner/.m2/repository/commons-daemon/commons-daemon/1.0.13/commons-daemon-1.0.13.jar:/home/runner/.m2/repository/io/netty/netty/3.10.6.Final/netty-3.10.6.Final.jar:/home/runner/.m2/repository/io/netty/netty-all/4.1.63.Final/netty-all-4.1.63.Final.jar:/home/runner/.m2/repository/org/apache/htrace/htrace-core4/4.1.0-incubating/htrace-core4-4.1.0-incubating.jar:/home/runner/.m2/repository/org/fusesource/leveldbjni/leveldbjni-all/1.8/leveldbjni-all-1.8.jar:/home/runner/.m2/repository/org/apache/hadoop/hadoop-distcp/3.3.1/hadoop-distcp-3.3.1.jar:/home/runner/.m2/repository/org/apache/hadoop/hadoop-mapreduce-client-jobclient/3.3.1/hadoop-mapreduce-client-jobclient-3.3.1.jar:/home/runner/.m2/repository/org/apache/hadoop/hadoop-mapreduce-client-common/3.3.1/hadoop-mapreduce-client-common-3.3.1.jar:/home/runner/.m2/repository/org/apache/hadoop/hadoop-yarn-common/3.3.1/hadoop-yarn-common-3.3.1.jar:/home/runner/.m2/repository/org/apache/hadoop/hadoop-yarn-api/3.3.1/hadoop-yarn-api-3.3.1.jar:/home/runner/.m2/repository/com/sun/jersey/jersey-client/1.19/jersey-client-1.19.jar:/home/runner/.m2/repository/com/sun/jersey/contribs/jersey-guice/1.19/jersey-guice-1.19.jar:/home/runner/.m2/repository/com/fasterxml/jackson/jaxrs/jackson-jaxrs-json-provider/2.12.1/jackson-jaxrs-json-provider-2.12.1.jar:/home/runner/.m2/repository/com/fasterxml/jackson/jaxrs/jackson-jaxrs-base/2.12.1/jackson-jaxrs-base-2.12.1.jar:/home/runner/.m2/repository/org/apache/hadoop/hadoop-yarn-client/3.3.1/hadoop-yarn-client-3.3.1.jar:/home/runner/.m2/repository/org/eclipse/jetty/websocket/websocket-client/9.4.40.v20210413/websocket-client-9.4.40.v20210413.jar:/home/runner/.m2/repository/org/eclipse/jetty/jetty-client/9.4.40.v20210413/jetty-client-9.4.40.v20210413.jar:/home/runner/.m2/repository/org/eclipse/jetty/websocket/websocket-common/9.4.40.v20210413/websocket-common-9.4.40.v20210413.jar:/home/runner/.m2/repository/org/eclipse/jetty/websocket/websocket-api/9.4.40.v20210413/websocket-api-9.4.40.v20210413.jar:/home/runner/.m2/repository/org/jline/jline/3.9.0/jline-3.9.0.jar:/home/runner/.m2/repository/org/apache/hadoop/hadoop-mapreduce-client-core/3.3.1/hadoop-mapreduce-client-core-3.3.1.jar:/home/runner/.m2/repository/org/apache/avro/avro/1.7.7/avro-1.7.7.jar:/home/runner/.m2/repository/org/codehaus/jackson/jackson-core-asl/1.9.13/jackson-core-asl-1.9.13.jar:/home/runner/.m2/repository/org/codehaus/jackson/jackson-mapper-asl/1.9.13/jackson-mapper-asl-1.9.13.jar:/home/runner/.m2/repository/com/thoughtworks/paranamer/paranamer/2.3/paranamer-2.3.jar:/home/runner/.m2/repository/org/apache/hadoop/hadoop-annotations/3.3.1/hadoop-annotations-3.3.1.jar:/usr/lib/jvm/temurin-8-jdk-amd64/jre/../lib/tools.jar:/home/runner/.m2/repository/org/apache/hadoop/hadoop-distcp/3.3.1/hadoop-distcp-3.3.1-tests.jar:/home/runner/.m2/repository/org/apache/ratis/ratis-common/2.2.0/ratis-common-2.2.0.jar:/home/runner/.m2/repository/org/apache/ratis/ratis-thirdparty-misc/0.7.0/ratis-thirdparty-misc-0.7.0.jar:/home/runner/.m2/repository/org/apache/ratis/ratis-proto/2.2.0/ratis-proto-2.2.0.jar:"/>
    <property name="java.vm.vendor" value="Temurin"/>
    <property name="sun.arch.data.model" value="64"/>
    <property name="test.build.dir" value="/home/runner/work/ozone/ozone/hadoop-ozone/integration-test/target/test-dir"/>
    <property name="test.cache.data" value=""/>
    <property name="java.vendor.url" value="https://adoptium.net/"/>
    <property name="user.timezone" value=""/>
    <property name="java.vm.specification.version" value="1.8"/>
    <property name="os.name" value="Linux"/>
    <property name="test.build.data" value="/home/runner/work/ozone/ozone/hadoop-ozone/integration-test/target/test-dir"/>
    <property name="sun.java.launcher" value="SUN_STANDARD"/>
    <property name="sun.boot.library.path" value="/usr/lib/jvm/temurin-8-jdk-amd64/jre/lib/amd64"/>
    <property name="sun.java.command" value="/home/runner/work/ozone/ozone/hadoop-ozone/integration-test/target/surefire/surefirebooter7355582860609584726.jar /home/runner/work/ozone/ozone/hadoop-ozone/integration-test/target/surefire 2022-03-03T13-18-24_214-jvmRun1 surefire789935461378999558tmp surefire_333335261834179455617tmp"/>
    <property name="surefire.test.class.path" value="/home/runner/work/ozone/ozone/hadoop-ozone/integration-test/target/test-classes:/home/runner/work/ozone/ozone/hadoop-ozone/integration-test/target/classes:/home/runner/.m2/repository/org/apache/ozone/ozone-common/1.3.0-SNAPSHOT/ozone-common-1.3.0-SNAPSHOT.jar:/home/runner/.m2/repository/org/apache/commons/commons-compress/1.21/commons-compress-1.21.jar:/home/runner/.m2/repository/org/apache/ozone/hdds-common/1.3.0-SNAPSHOT/hdds-common-1.3.0-SNAPSHOT.jar:/home/runner/.m2/repository/org/apache/ozone/hdds-client/1.3.0-SNAPSHOT/hdds-client-1.3.0-SNAPSHOT.jar:/home/runner/.m2/repository/org/apache/ozone/ozone-interface-client/1.3.0-SNAPSHOT/ozone-interface-client-1.3.0-SNAPSHOT.jar:/home/runner/.m2/repository/org/apache/ozone/hdds-test-utils/1.3.0-SNAPSHOT/hdds-test-utils-1.3.0-SNAPSHOT.jar:/home/runner/.m2/repository/com/google/guava/guava/30.1.1-jre/guava-30.1.1-jre.jar:/home/runner/.m2/repository/com/google/guava/failureaccess/1.0.1/failureaccess-1.0.1.jar:/home/runner/.m2/repository/com/google/guava/listenablefuture/9999.0-empty-to-avoid-conflict-with-guava/listenablefuture-9999.0-empty-to-avoid-conflict-with-guava.jar:/home/runner/.m2/repository/com/google/code/findbugs/jsr305/3.0.0/jsr305-3.0.0.jar:/home/runner/.m2/repository/org/checkerframework/checker-qual/3.8.0/checker-qual-3.8.0.jar:/home/runner/.m2/repository/com/google/errorprone/error_prone_annotations/2.2.0/error_prone_annotations-2.2.0.jar:/home/runner/.m2/repository/com/google/j2objc/j2objc-annotations/1.3/j2objc-annotations-1.3.jar:/home/runner/.m2/repository/commons-io/commons-io/2.11.0/commons-io-2.11.0.jar:/home/runner/.m2/repository/commons-logging/commons-logging/1.2/commons-logging-1.2.jar:/home/runner/.m2/repository/log4j/log4j/1.2.17/log4j-1.2.17.jar:/home/runner/.m2/repository/org/slf4j/slf4j-api/1.7.30/slf4j-api-1.7.30.jar:/home/runner/.m2/repository/org/apache/ozone/hdds-server-scm/1.3.0-SNAPSHOT/hdds-server-scm-1.3.0-SNAPSHOT.jar:/home/runner/.m2/repository/org/apache/ozone/hdds-container-service/1.3.0-SNAPSHOT/hdds-container-service-1.3.0-SNAPSHOT.jar:/home/runner/.m2/repository/org/apache/ozone/hdds-hadoop-dependency-server/1.3.0-SNAPSHOT/hdds-hadoop-dependency-server-1.3.0-SNAPSHOT.jar:/home/runner/.m2/repository/org/apache/hadoop/hadoop-hdfs/3.3.1/hadoop-hdfs-3.3.1.jar:/home/runner/.m2/repository/org/apache/ozone/hdds-server-framework/1.3.0-SNAPSHOT/hdds-server-framework-1.3.0-SNAPSHOT.jar:/home/runner/.m2/repository/org/apache/ozone/hdds-interface-server/1.3.0-SNAPSHOT/hdds-interface-server-1.3.0-SNAPSHOT.jar:/home/runner/.m2/repository/org/eclipse/jetty/jetty-servlet/9.4.43.v20210629/jetty-servlet-9.4.43.v20210629.jar:/home/runner/.m2/repository/org/eclipse/jetty/jetty-security/9.4.43.v20210629/jetty-security-9.4.43.v20210629.jar:/home/runner/.m2/repository/org/rocksdb/rocksdbjni/6.25.3/rocksdbjni-6.25.3.jar:/home/runner/.m2/repository/io/prometheus/simpleclient_dropwizard/0.7.0/simpleclient_dropwizard-0.7.0.jar:/home/runner/.m2/repository/io/prometheus/simpleclient/0.7.0/simpleclient-0.7.0.jar:/home/runner/.m2/repository/io/prometheus/simpleclient_common/0.7.0/simpleclient_common-0.7.0.jar:/home/runner/.m2/repository/com/fasterxml/jackson/datatype/jackson-datatype-jsr310/2.12.1/jackson-datatype-jsr310-2.12.1.jar:/home/runner/.m2/repository/io/dropwizard/metrics/metrics-core/3.2.4/metrics-core-3.2.4.jar:/home/runner/.m2/repository/org/apache/hadoop/hadoop-hdfs-client/3.3.1/hadoop-hdfs-client-3.3.1.jar:/home/runner/.m2/repository/org/bouncycastle/bcprov-jdk15on/1.67/bcprov-jdk15on-1.67.jar:/home/runner/.m2/repository/com/google/protobuf/protobuf-java/2.5.0/protobuf-java-2.5.0.jar:/home/runner/.m2/repository/org/apache/ozone/ozone-manager/1.3.0-SNAPSHOT/ozone-manager-1.3.0-SNAPSHOT.jar:/home/runner/.m2/repository/org/aspectj/aspectjrt/1.9.7/aspectjrt-1.9.7.jar:/home/runner/.m2/repository/org/aspectj/aspectjweaver/1.9.7/aspectjweaver-1.9.7.jar:/home/runner/.m2/repository/org/apache/ozone/hdds-interface-client/1.3.0-SNAPSHOT/hdds-interface-client-1.3.0-SNAPSHOT.jar:/home/runner/.m2/repository/org/apache/hadoop/thirdparty/hadoop-shaded-protobuf_3_7/1.1.1/hadoop-shaded-protobuf_3_7-1.1.1.jar:/home/runner/.m2/repository/org/apache/ozone/ozone-interface-storage/1.3.0-SNAPSHOT/ozone-interface-storage-1.3.0-SNAPSHOT.jar:/home/runner/.m2/repository/org/reflections/reflections/0.9.11/reflections-0.9.11.jar:/home/runner/.m2/repository/org/apache/hadoop/hadoop-minikdc/3.3.1/hadoop-minikdc-3.3.1.jar:/home/runner/.m2/repository/org/apache/kerby/kerb-simplekdc/1.0.1/kerb-simplekdc-1.0.1.jar:/home/runner/.m2/repository/org/apache/kerby/kerb-client/1.0.1/kerb-client-1.0.1.jar:/home/runner/.m2/repository/org/apache/kerby/kerby-config/1.0.1/kerby-config-1.0.1.jar:/home/runner/.m2/repository/org/apache/kerby/kerb-common/1.0.1/kerb-common-1.0.1.jar:/home/runner/.m2/repository/org/apache/kerby/kerb-crypto/1.0.1/kerb-crypto-1.0.1.jar:/home/runner/.m2/repository/org/apache/kerby/kerb-util/1.0.1/kerb-util-1.0.1.jar:/home/runner/.m2/repository/org/apache/kerby/token-provider/1.0.1/token-provider-1.0.1.jar:/home/runner/.m2/repository/org/apache/kerby/kerb-admin/1.0.1/kerb-admin-1.0.1.jar:/home/runner/.m2/repository/org/apache/kerby/kerb-server/1.0.1/kerb-server-1.0.1.jar:/home/runner/.m2/repository/org/apache/kerby/kerb-identity/1.0.1/kerb-identity-1.0.1.jar:/home/runner/.m2/repository/org/apache/kerby/kerby-xdr/1.0.1/kerby-xdr-1.0.1.jar:/home/runner/.m2/repository/org/slf4j/slf4j-log4j12/1.7.30/slf4j-log4j12-1.7.30.jar:/home/runner/.m2/repository/org/apache/ozone/ozone-s3gateway/1.3.0-SNAPSHOT/ozone-s3gateway-1.3.0-SNAPSHOT.jar:/home/runner/.m2/repository/org/javassist/javassist/3.21.0-GA/javassist-3.21.0-GA.jar:/home/runner/.m2/repository/org/jboss/weld/servlet/weld-servlet/2.4.7.Final/weld-servlet-2.4.7.Final.jar:/home/runner/.m2/repository/org/glassfish/jersey/containers/jersey-container-servlet-core/2.33/jersey-container-servlet-core-2.33.jar:/home/runner/.m2/repository/org/glassfish/hk2/external/jakarta.inject/2.6.1/jakarta.inject-2.6.1.jar:/home/runner/.m2/repository/org/glassfish/jersey/core/jersey-common/2.33/jersey-common-2.33.jar:/home/runner/.m2/repository/jakarta/ws/rs/jakarta.ws.rs-api/2.1.6/jakarta.ws.rs-api-2.1.6.jar:/home/runner/.m2/repository/org/glassfish/jersey/ext/cdi/jersey-cdi1x/2.33/jersey-cdi1x-2.33.jar:/home/runner/.m2/repository/org/glassfish/jersey/inject/jersey-hk2/2.33/jersey-hk2-2.33.jar:/home/runner/.m2/repository/org/glassfish/hk2/hk2-locator/2.6.1/hk2-locator-2.6.1.jar:/home/runner/.m2/repository/org/glassfish/jersey/media/jersey-media-jaxb/2.33/jersey-media-jaxb-2.33.jar:/home/runner/.m2/repository/org/glassfish/hk2/osgi-resource-locator/1.0.3/osgi-resource-locator-1.0.3.jar:/home/runner/.m2/repository/org/glassfish/hk2/hk2-api/2.5.0/hk2-api-2.5.0.jar:/home/runner/.m2/repository/org/glassfish/hk2/hk2-utils/2.5.0/hk2-utils-2.5.0.jar:/home/runner/.m2/repository/org/glassfish/hk2/external/aopalliance-repackaged/2.5.0/aopalliance-repackaged-2.5.0.jar:/home/runner/.m2/repository/com/fasterxml/jackson/dataformat/jackson-dataformat-xml/2.12.1/jackson-dataformat-xml-2.12.1.jar:/home/runner/.m2/repository/com/fasterxml/jackson/core/jackson-core/2.12.1/jackson-core-2.12.1.jar:/home/runner/.m2/repository/com/fasterxml/jackson/module/jackson-module-jaxb-annotations/2.12.1/jackson-module-jaxb-annotations-2.12.1.jar:/home/runner/.m2/repository/jakarta/xml/bind/jakarta.xml.bind-api/2.3.2/jakarta.xml.bind-api-2.3.2.jar:/home/runner/.m2/repository/org/codehaus/woodstox/stax2-api/3.1.4/stax2-api-3.1.4.jar:/home/runner/.m2/repository/com/fasterxml/woodstox/woodstox-core/5.0.3/woodstox-core-5.0.3.jar:/home/runner/.m2/repository/javax/enterprise/cdi-api/1.2/cdi-api-1.2.jar:/home/runner/.m2/repository/javax/el/javax.el-api/3.0.0/javax.el-api-3.0.0.jar:/home/runner/.m2/repository/javax/interceptor/javax.interceptor-api/1.2/javax.interceptor-api-1.2.jar:/home/runner/.m2/repository/javax/inject/javax.inject/1/javax.inject-1.jar:/home/runner/.m2/repository/javax/xml/bind/jaxb-api/2.3.0/jaxb-api-2.3.0.jar:/home/runner/.m2/repository/org/glassfish/jaxb/jaxb-runtime/2.3.0.1/jaxb-runtime-2.3.0.1.jar:/home/runner/.m2/repository/org/glassfish/jaxb/jaxb-core/2.3.0.1/jaxb-core-2.3.0.1.jar:/home/runner/.m2/repository/org/glassfish/jaxb/txw2/2.3.0.1/txw2-2.3.0.1.jar:/home/runner/.m2/repository/com/sun/istack/istack-commons-runtime/3.0.5/istack-commons-runtime-3.0.5.jar:/home/runner/.m2/repository/org/jvnet/staxex/stax-ex/1.7.8/stax-ex-1.7.8.jar:/home/runner/.m2/repository/com/sun/xml/fastinfoset/FastInfoset/1.2.13/FastInfoset-1.2.13.jar:/home/runner/.m2/repository/javax/activation/activation/1.1.1/activation-1.1.1.jar:/home/runner/.m2/repository/org/apache/ozone/ozone-csi/1.3.0-SNAPSHOT/ozone-csi-1.3.0-SNAPSHOT.jar:/home/runner/.m2/repository/com/google/protobuf/protobuf-java-util/3.12.0/protobuf-java-util-3.12.0.jar:/home/runner/.m2/repository/com/google/code/gson/gson/2.2.4/gson-2.2.4.jar:/home/runner/.m2/repository/org/apache/ozone/hdds-config/1.3.0-SNAPSHOT/hdds-config-1.3.0-SNAPSHOT.jar:/home/runner/.m2/repository/io/grpc/grpc-netty/1.33.0/grpc-netty-1.33.0.jar:/home/runner/.m2/repository/io/grpc/grpc-core/1.33.0/grpc-core-1.33.0.jar:/home/runner/.m2/repository/com/google/android/annotations/4.1.1.4/annotations-4.1.1.4.jar:/home/runner/.m2/repository/io/netty/netty-codec-http2/4.1.63.Final/netty-codec-http2-4.1.63.Final.jar:/home/runner/.m2/repository/io/netty/netty-codec-http/4.1.63.Final/netty-codec-http-4.1.63.Final.jar:/home/runner/.m2/repository/io/netty/netty-handler-proxy/4.1.63.Final/netty-handler-proxy-4.1.63.Final.jar:/home/runner/.m2/repository/io/netty/netty-codec-socks/4.1.63.Final/netty-codec-socks-4.1.63.Final.jar:/home/runner/.m2/repository/io/perfmark/perfmark-api/0.19.0/perfmark-api-0.19.0.jar:/home/runner/.m2/repository/org/codehaus/mojo/animal-sniffer-annotations/1.18/animal-sniffer-annotations-1.18.jar:/home/runner/.m2/repository/io/netty/netty-transport-native-epoll/4.1.63.Final/netty-transport-native-epoll-4.1.63.Final.jar:/home/runner/.m2/repository/io/netty/netty-common/4.1.63.Final/netty-common-4.1.63.Final.jar:/home/runner/.m2/repository/io/netty/netty-buffer/4.1.63.Final/netty-buffer-4.1.63.Final.jar:/home/runner/.m2/repository/io/netty/netty-transport-native-unix-common/4.1.63.Final/netty-transport-native-unix-common-4.1.63.Final.jar:/home/runner/.m2/repository/io/grpc/grpc-protobuf/1.33.0/grpc-protobuf-1.33.0.jar:/home/runner/.m2/repository/io/grpc/grpc-api/1.33.0/grpc-api-1.33.0.jar:/home/runner/.m2/repository/io/grpc/grpc-context/1.33.0/grpc-context-1.33.0.jar:/home/runner/.m2/repository/com/google/api/grpc/proto-google-common-protos/1.17.0/proto-google-common-protos-1.17.0.jar:/home/runner/.m2/repository/io/grpc/grpc-protobuf-lite/1.33.0/grpc-protobuf-lite-1.33.0.jar:/home/runner/.m2/repository/io/grpc/grpc-stub/1.33.0/grpc-stub-1.33.0.jar:/home/runner/.m2/repository/org/apache/ozone/ozone-recon/1.3.0-SNAPSHOT/ozone-recon-1.3.0-SNAPSHOT.jar:/home/runner/.m2/repository/org/apache/ozone/ozone-reconcodegen/1.3.0-SNAPSHOT/ozone-reconcodegen-1.3.0-SNAPSHOT.jar:/home/runner/.m2/repository/com/google/inject/extensions/guice-multibindings/4.0/guice-multibindings-4.0.jar:/home/runner/.m2/repository/com/google/inject/guice/4.0/guice-4.0.jar:/home/runner/.m2/repository/aopalliance/aopalliance/1.0/aopalliance-1.0.jar:/home/runner/.m2/repository/com/google/inject/extensions/guice-assistedinject/4.0/guice-assistedinject-4.0.jar:/home/runner/.m2/repository/com/google/inject/extensions/guice-servlet/4.0/guice-servlet-4.0.jar:/home/runner/.m2/repository/org/glassfish/jersey/containers/jersey-container-servlet/2.33/jersey-container-servlet-2.33.jar:/home/runner/.m2/repository/org/glassfish/hk2/guice-bridge/2.5.0/guice-bridge-2.5.0.jar:/home/runner/.m2/repository/org/glassfish/jersey/core/jersey-server/2.33/jersey-server-2.33.jar:/home/runner/.m2/repository/org/glassfish/jersey/core/jersey-client/2.33/jersey-client-2.33.jar:/home/runner/.m2/repository/jakarta/annotation/jakarta.annotation-api/1.3.5/jakarta.annotation-api-1.3.5.jar:/home/runner/.m2/repository/jakarta/validation/jakarta.validation-api/2.0.2/jakarta.validation-api-2.0.2.jar:/home/runner/.m2/repository/org/glassfish/jersey/media/jersey-media-json-jackson/2.33/jersey-media-json-jackson-2.33.jar:/home/runner/.m2/repository/org/glassfish/jersey/ext/jersey-entity-filtering/2.33/jersey-entity-filtering-2.33.jar:/home/runner/.m2/repository/org/jooq/jooq/3.11.10/jooq-3.11.10.jar:/home/runner/.m2/repository/org/jooq/jooq-meta/3.11.10/jooq-meta-3.11.10.jar:/home/runner/.m2/repository/org/jooq/jooq-codegen/3.11.10/jooq-codegen-3.11.10.jar:/home/runner/.m2/repository/com/jolbox/bonecp/0.8.0.RELEASE/bonecp-0.8.0.RELEASE.jar:/home/runner/.m2/repository/org/apache/derby/derby/10.14.2.0/derby-10.14.2.0.jar:/home/runner/.m2/repository/org/xerial/sqlite-jdbc/3.25.2/sqlite-jdbc-3.25.2.jar:/home/runner/.m2/repository/org/springframework/spring-jdbc/5.2.18.RELEASE/spring-jdbc-5.2.18.RELEASE.jar:/home/runner/.m2/repository/org/springframework/spring-beans/5.2.18.RELEASE/spring-beans-5.2.18.RELEASE.jar:/home/runner/.m2/repository/org/springframework/spring-core/5.2.18.RELEASE/spring-core-5.2.18.RELEASE.jar:/home/runner/.m2/repository/org/springframework/spring-jcl/5.2.18.RELEASE/spring-jcl-5.2.18.RELEASE.jar:/home/runner/.m2/repository/org/springframework/spring-tx/5.2.18.RELEASE/spring-tx-5.2.18.RELEASE.jar:/home/runner/.m2/repository/org/apache/ozone/ozone-client/1.3.0-SNAPSHOT/ozone-client-1.3.0-SNAPSHOT.jar:/home/runner/.m2/repository/org/apache/ozone/ozone-filesystem/1.3.0-SNAPSHOT/ozone-filesystem-1.3.0-SNAPSHOT.jar:/home/runner/.m2/repository/org/apache/ozone/ozone-filesystem-common/1.3.0-SNAPSHOT/ozone-filesystem-common-1.3.0-SNAPSHOT.jar:/home/runner/.m2/repository/org/apache/ozone/ozone-tools/1.3.0-SNAPSHOT/ozone-tools-1.3.0-SNAPSHOT.jar:/home/runner/.m2/repository/org/apache/ratis/ratis-tools/2.2.0/ratis-tools-2.2.0.jar:/home/runner/.m2/repository/com/amazonaws/aws-java-sdk-core/1.12.124/aws-java-sdk-core-1.12.124.jar:/home/runner/.m2/repository/org/apache/httpcomponents/httpclient/4.5.13/httpclient-4.5.13.jar:/home/runner/.m2/repository/org/apache/httpcomponents/httpcore/4.4.13/httpcore-4.4.13.jar:/home/runner/.m2/repository/software/amazon/ion/ion-java/1.0.2/ion-java-1.0.2.jar:/home/runner/.m2/repository/com/fasterxml/jackson/dataformat/jackson-dataformat-cbor/2.12.1/jackson-dataformat-cbor-2.12.1.jar:/home/runner/.m2/repository/joda-time/joda-time/2.8.1/joda-time-2.8.1.jar:/home/runner/.m2/repository/com/amazonaws/aws-java-sdk-s3/1.12.124/aws-java-sdk-s3-1.12.124.jar:/home/runner/.m2/repository/com/amazonaws/aws-java-sdk-kms/1.12.124/aws-java-sdk-kms-1.12.124.jar:/home/runner/.m2/repository/com/amazonaws/jmespath-java/1.12.124/jmespath-java-1.12.124.jar:/home/runner/.m2/repository/org/kohsuke/metainf-services/metainf-services/1.8/metainf-services-1.8.jar:/home/runner/.m2/repository/org/apache/ozone/hdds-tools/1.3.0-SNAPSHOT/hdds-tools-1.3.0-SNAPSHOT.jar:/home/runner/.m2/repository/commons-cli/commons-cli/1.2/commons-cli-1.2.jar:/home/runner/.m2/repository/org/apache/commons/commons-lang3/3.7/commons-lang3-3.7.jar:/home/runner/.m2/repository/org/apache/ozone/ozone-manager/1.3.0-SNAPSHOT/ozone-manager-1.3.0-SNAPSHOT-tests.jar:/home/runner/.m2/repository/org/apache/ozone/hdds-common/1.3.0-SNAPSHOT/hdds-common-1.3.0-SNAPSHOT-tests.jar:/home/runner/.m2/repository/org/apache/ozone/hdds-hadoop-dependency-client/1.3.0-SNAPSHOT/hdds-hadoop-dependency-client-1.3.0-SNAPSHOT.jar:/home/runner/.m2/repository/info/picocli/picocli/4.6.1/picocli-4.6.1.jar:/home/runner/.m2/repository/com/fasterxml/jackson/core/jackson-annotations/2.12.1/jackson-annotations-2.12.1.jar:/home/runner/.m2/repository/javax/annotation/javax.annotation-api/1.2/javax.annotation-api-1.2.jar:/home/runner/.m2/repository/org/apache/ratis/ratis-server/2.2.0/ratis-server-2.2.0.jar:/home/runner/.m2/repository/org/apache/ratis/ratis-client/2.2.0/ratis-client-2.2.0.jar:/home/runner/.m2/repository/org/apache/ratis/ratis-server-api/2.2.0/ratis-server-api-2.2.0.jar:/home/runner/.m2/repository/org/apache/ratis/ratis-metrics/2.2.0/ratis-metrics-2.2.0.jar:/home/runner/.m2/repository/org/apache/ratis/ratis-netty/2.2.0/ratis-netty-2.2.0.jar:/home/runner/.m2/repository/org/apache/ratis/ratis-grpc/2.2.0/ratis-grpc-2.2.0.jar:/home/runner/.m2/repository/org/apache/logging/log4j/log4j-api/2.17.1/log4j-api-2.17.1.jar:/home/runner/.m2/repository/org/apache/logging/log4j/log4j-core/2.17.1/log4j-core-2.17.1.jar:/home/runner/.m2/repository/com/lmax/disruptor/3.4.2/disruptor-3.4.2.jar:/home/runner/.m2/repository/org/apache/commons/commons-pool2/2.6.0/commons-pool2-2.6.0.jar:/home/runner/.m2/repository/org/bouncycastle/bcpkix-jdk15on/1.67/bcpkix-jdk15on-1.67.jar:/home/runner/.m2/repository/commons-validator/commons-validator/1.6/commons-validator-1.6.jar:/home/runner/.m2/repository/commons-beanutils/commons-beanutils/1.9.4/commons-beanutils-1.9.4.jar:/home/runner/.m2/repository/commons-digester/commons-digester/1.8.1/commons-digester-1.8.1.jar:/home/runner/.m2/repository/commons-collections/commons-collections/3.2.2/commons-collections-3.2.2.jar:/home/runner/.m2/repository/io/jaegertracing/jaeger-client/1.6.0/jaeger-client-1.6.0.jar:/home/runner/.m2/repository/io/jaegertracing/jaeger-thrift/1.6.0/jaeger-thrift-1.6.0.jar:/home/runner/.m2/repository/org/apache/thrift/libthrift/0.14.1/libthrift-0.14.1.jar:/home/runner/.m2/repository/com/squareup/okhttp3/okhttp/4.9.0/okhttp-4.9.0.jar:/home/runner/.m2/repository/com/squareup/okio/okio/2.8.0/okio-2.8.0.jar:/home/runner/.m2/repository/io/jaegertracing/jaeger-core/1.6.0/jaeger-core-1.6.0.jar:/home/runner/.m2/repository/io/jaegertracing/jaeger-tracerresolver/1.6.0/jaeger-tracerresolver-1.6.0.jar:/home/runner/.m2/repository/io/opentracing/contrib/opentracing-tracerresolver/0.1.8/opentracing-tracerresolver-0.1.8.jar:/home/runner/.m2/repository/org/jetbrains/kotlin/kotlin-stdlib/1.4.31/kotlin-stdlib-1.4.31.jar:/home/runner/.m2/repository/org/jetbrains/kotlin/kotlin-stdlib-common/1.4.31/kotlin-stdlib-common-1.4.31.jar:/home/runner/.m2/repository/org/jetbrains/annotations/13.0/annotations-13.0.jar:/home/runner/.m2/repository/io/opentracing/opentracing-util/0.33.0/opentracing-util-0.33.0.jar:/home/runner/.m2/repository/io/opentracing/opentracing-api/0.33.0/opentracing-api-0.33.0.jar:/home/runner/.m2/repository/io/opentracing/opentracing-noop/0.33.0/opentracing-noop-0.33.0.jar:/home/runner/.m2/repository/org/yaml/snakeyaml/1.26/snakeyaml-1.26.jar:/home/runner/.m2/repository/org/apache/ozone/hdds-interface-admin/1.3.0-SNAPSHOT/hdds-interface-admin-1.3.0-SNAPSHOT.jar:/home/runner/.m2/repository/junit/junit/4.13.1/junit-4.13.1.jar:/home/runner/.m2/repository/org/hamcrest/hamcrest-core/1.3/hamcrest-core-1.3.jar:/home/runner/.m2/repository/org/junit/jupiter/junit-jupiter-api/5.7.0/junit-jupiter-api-5.7.0.jar:/home/runner/.m2/repository/org/apiguardian/apiguardian-api/1.1.0/apiguardian-api-1.1.0.jar:/home/runner/.m2/repository/org/opentest4j/opentest4j/1.2.0/opentest4j-1.2.0.jar:/home/runner/.m2/repository/org/junit/platform/junit-platform-commons/1.7.0/junit-platform-commons-1.7.0.jar:/home/runner/.m2/repository/org/junit/jupiter/junit-jupiter-engine/5.7.0/junit-jupiter-engine-5.7.0.jar:/home/runner/.m2/repository/org/junit/platform/junit-platform-engine/1.7.0/junit-platform-engine-1.7.0.jar:/home/runner/.m2/repository/org/junit/vintage/junit-vintage-engine/5.7.0/junit-vintage-engine-5.7.0.jar:/home/runner/.m2/repository/org/junit/platform/junit-platform-launcher/1.7.0/junit-platform-launcher-1.7.0.jar:/home/runner/.m2/repository/org/mockito/mockito-core/2.28.2/mockito-core-2.28.2.jar:/home/runner/.m2/repository/net/bytebuddy/byte-buddy/1.9.10/byte-buddy-1.9.10.jar:/home/runner/.m2/repository/net/bytebuddy/byte-buddy-agent/1.9.10/byte-buddy-agent-1.9.10.jar:/home/runner/.m2/repository/org/objenesis/objenesis/1.0/objenesis-1.0.jar:/home/runner/.m2/repository/org/apache/hadoop/hadoop-kms/3.3.1/hadoop-kms-3.3.1.jar:/home/runner/.m2/repository/org/apache/hadoop/hadoop-auth/3.3.1/hadoop-auth-3.3.1.jar:/home/runner/.m2/repository/com/nimbusds/nimbus-jose-jwt/7.9/nimbus-jose-jwt-7.9.jar:/home/runner/.m2/repository/com/github/stephenc/jcip/jcip-annotations/1.0-1/jcip-annotations-1.0-1.jar:/home/runner/.m2/repository/net/minidev/json-smart/2.4.7/json-smart-2.4.7.jar:/home/runner/.m2/repository/net/minidev/accessors-smart/2.4.7/accessors-smart-2.4.7.jar:/home/runner/.m2/repository/org/ow2/asm/asm/5.0.4/asm-5.0.4.jar:/home/runner/.m2/repository/org/apache/zookeeper/zookeeper/3.5.6/zookeeper-3.5.6.jar:/home/runner/.m2/repository/org/apache/zookeeper/zookeeper-jute/3.5.6/zookeeper-jute-3.5.6.jar:/home/runner/.m2/repository/org/apache/yetus/audience-annotations/0.5.0/audience-annotations-0.5.0.jar:/home/runner/.m2/repository/org/apache/curator/curator-framework/4.2.0/curator-framework-4.2.0.jar:/home/runner/.m2/repository/org/apache/hadoop/thirdparty/hadoop-shaded-guava/1.1.1/hadoop-shaded-guava-1.1.1.jar:/home/runner/.m2/repository/com/sun/jersey/jersey-core/1.19/jersey-core-1.19.jar:/home/runner/.m2/repository/javax/ws/rs/jsr311-api/1.1.1/jsr311-api-1.1.1.jar:/home/runner/.m2/repository/com/sun/jersey/jersey-server/1.19/jersey-server-1.19.jar:/home/runner/.m2/repository/javax/servlet/javax.servlet-api/3.1.0/javax.servlet-api-3.1.0.jar:/home/runner/.m2/repository/org/eclipse/jetty/jetty-server/9.4.43.v20210629/jetty-server-9.4.43.v20210629.jar:/home/runner/.m2/repository/org/eclipse/jetty/jetty-http/9.4.43.v20210629/jetty-http-9.4.43.v20210629.jar:/home/runner/.m2/repository/org/eclipse/jetty/jetty-io/9.4.43.v20210629/jetty-io-9.4.43.v20210629.jar:/home/runner/.m2/repository/org/eclipse/jetty/jetty-webapp/9.4.43.v20210629/jetty-webapp-9.4.43.v20210629.jar:/home/runner/.m2/repository/org/eclipse/jetty/jetty-xml/9.4.43.v20210629/jetty-xml-9.4.43.v20210629.jar:/home/runner/.m2/repository/org/apache/hadoop/hadoop-common/3.3.1/hadoop-common-3.3.1.jar:/home/runner/.m2/repository/org/apache/commons/commons-math3/3.1.1/commons-math3-3.1.1.jar:/home/runner/.m2/repository/commons-net/commons-net/3.6/commons-net-3.6.jar:/home/runner/.m2/repository/jakarta/activation/jakarta.activation-api/1.2.1/jakarta.activation-api-1.2.1.jar:/home/runner/.m2/repository/com/sun/jersey/jersey-servlet/1.19/jersey-servlet-1.19.jar:/home/runner/.m2/repository/com/sun/jersey/jersey-json/1.19/jersey-json-1.19.jar:/home/runner/.m2/repository/org/codehaus/jettison/jettison/1.1/jettison-1.1.jar:/home/runner/.m2/repository/com/sun/xml/bind/jaxb-impl/2.2.3-1/jaxb-impl-2.2.3-1.jar:/home/runner/.m2/repository/org/codehaus/jackson/jackson-jaxrs/1.9.2/jackson-jaxrs-1.9.2.jar:/home/runner/.m2/repository/org/codehaus/jackson/jackson-xc/1.9.2/jackson-xc-1.9.2.jar:/home/runner/.m2/repository/org/apache/commons/commons-configuration2/2.1.1/commons-configuration2-2.1.1.jar:/home/runner/.m2/repository/org/apache/commons/commons-text/1.4/commons-text-1.4.jar:/home/runner/.m2/repository/com/google/re2j/re2j/1.1/re2j-1.1.jar:/home/runner/.m2/repository/com/jcraft/jsch/0.1.54/jsch-0.1.54.jar:/home/runner/.m2/repository/org/apache/curator/curator-client/4.2.0/curator-client-4.2.0.jar:/home/runner/.m2/repository/org/apache/curator/curator-recipes/4.2.0/curator-recipes-4.2.0.jar:/home/runner/.m2/repository/org/apache/kerby/kerb-core/1.0.1/kerb-core-1.0.1.jar:/home/runner/.m2/repository/org/apache/kerby/kerby-pkix/1.0.1/kerby-pkix-1.0.1.jar:/home/runner/.m2/repository/org/apache/kerby/kerby-asn1/1.0.1/kerby-asn1-1.0.1.jar:/home/runner/.m2/repository/org/apache/kerby/kerby-util/1.0.1/kerby-util-1.0.1.jar:/home/runner/.m2/repository/dnsjava/dnsjava/2.1.7/dnsjava-2.1.7.jar:/home/runner/.m2/repository/org/xerial/snappy/snappy-java/1.1.8.2/snappy-java-1.1.8.2.jar:/home/runner/.m2/repository/org/slf4j/jul-to-slf4j/1.7.30/jul-to-slf4j-1.7.30.jar:/home/runner/.m2/repository/org/eclipse/jetty/jetty-util/9.4.43.v20210629/jetty-util-9.4.43.v20210629.jar:/home/runner/.m2/repository/com/fasterxml/jackson/core/jackson-databind/2.12.1/jackson-databind-2.12.1.jar:/home/runner/.m2/repository/org/apache/hadoop/hadoop-kms/3.3.1/hadoop-kms-3.3.1-tests.jar:/home/runner/.m2/repository/org/apache/ozone/hdds-server-scm/1.3.0-SNAPSHOT/hdds-server-scm-1.3.0-SNAPSHOT-tests.jar:/home/runner/.m2/repository/org/apache/ozone/hdds-container-service/1.3.0-SNAPSHOT/hdds-container-service-1.3.0-SNAPSHOT-tests.jar:/home/runner/.m2/repository/commons-codec/commons-codec/1.11/commons-codec-1.11.jar:/home/runner/.m2/repository/io/netty/netty-transport/4.1.63.Final/netty-transport-4.1.63.Final.jar:/home/runner/.m2/repository/io/netty/netty-resolver/4.1.63.Final/netty-resolver-4.1.63.Final.jar:/home/runner/.m2/repository/io/netty/netty-codec/4.1.63.Final/netty-codec-4.1.63.Final.jar:/home/runner/.m2/repository/io/netty/netty-handler/4.1.63.Final/netty-handler-4.1.63.Final.jar:/home/runner/.m2/repository/org/apache/ozone/hdds-hadoop-dependency-test/1.3.0-SNAPSHOT/hdds-hadoop-dependency-test-1.3.0-SNAPSHOT.jar:/home/runner/.m2/repository/org/apache/hadoop/hadoop-common/3.3.1/hadoop-common-3.3.1-tests.jar:/home/runner/.m2/repository/org/assertj/assertj-core/3.12.2/assertj-core-3.12.2.jar:/home/runner/.m2/repository/org/apache/hadoop/hadoop-hdfs/3.3.1/hadoop-hdfs-3.3.1-tests.jar:/home/runner/.m2/repository/org/eclipse/jetty/jetty-util-ajax/9.4.43.v20210629/jetty-util-ajax-9.4.43.v20210629.jar:/home/runner/.m2/repository/commons-daemon/commons-daemon/1.0.13/commons-daemon-1.0.13.jar:/home/runner/.m2/repository/io/netty/netty/3.10.6.Final/netty-3.10.6.Final.jar:/home/runner/.m2/repository/io/netty/netty-all/4.1.63.Final/netty-all-4.1.63.Final.jar:/home/runner/.m2/repository/org/apache/htrace/htrace-core4/4.1.0-incubating/htrace-core4-4.1.0-incubating.jar:/home/runner/.m2/repository/org/fusesource/leveldbjni/leveldbjni-all/1.8/leveldbjni-all-1.8.jar:/home/runner/.m2/repository/org/apache/hadoop/hadoop-distcp/3.3.1/hadoop-distcp-3.3.1.jar:/home/runner/.m2/repository/org/apache/hadoop/hadoop-mapreduce-client-jobclient/3.3.1/hadoop-mapreduce-client-jobclient-3.3.1.jar:/home/runner/.m2/repository/org/apache/hadoop/hadoop-mapreduce-client-common/3.3.1/hadoop-mapreduce-client-common-3.3.1.jar:/home/runner/.m2/repository/org/apache/hadoop/hadoop-yarn-common/3.3.1/hadoop-yarn-common-3.3.1.jar:/home/runner/.m2/repository/org/apache/hadoop/hadoop-yarn-api/3.3.1/hadoop-yarn-api-3.3.1.jar:/home/runner/.m2/repository/com/sun/jersey/jersey-client/1.19/jersey-client-1.19.jar:/home/runner/.m2/repository/com/sun/jersey/contribs/jersey-guice/1.19/jersey-guice-1.19.jar:/home/runner/.m2/repository/com/fasterxml/jackson/jaxrs/jackson-jaxrs-json-provider/2.12.1/jackson-jaxrs-json-provider-2.12.1.jar:/home/runner/.m2/repository/com/fasterxml/jackson/jaxrs/jackson-jaxrs-base/2.12.1/jackson-jaxrs-base-2.12.1.jar:/home/runner/.m2/repository/org/apache/hadoop/hadoop-yarn-client/3.3.1/hadoop-yarn-client-3.3.1.jar:/home/runner/.m2/repository/org/eclipse/jetty/websocket/websocket-client/9.4.40.v20210413/websocket-client-9.4.40.v20210413.jar:/home/runner/.m2/repository/org/eclipse/jetty/jetty-client/9.4.40.v20210413/jetty-client-9.4.40.v20210413.jar:/home/runner/.m2/repository/org/eclipse/jetty/websocket/websocket-common/9.4.40.v20210413/websocket-common-9.4.40.v20210413.jar:/home/runner/.m2/repository/org/eclipse/jetty/websocket/websocket-api/9.4.40.v20210413/websocket-api-9.4.40.v20210413.jar:/home/runner/.m2/repository/org/jline/jline/3.9.0/jline-3.9.0.jar:/home/runner/.m2/repository/org/apache/hadoop/hadoop-mapreduce-client-core/3.3.1/hadoop-mapreduce-client-core-3.3.1.jar:/home/runner/.m2/repository/org/apache/avro/avro/1.7.7/avro-1.7.7.jar:/home/runner/.m2/repository/org/codehaus/jackson/jackson-core-asl/1.9.13/jackson-core-asl-1.9.13.jar:/home/runner/.m2/repository/org/codehaus/jackson/jackson-mapper-asl/1.9.13/jackson-mapper-asl-1.9.13.jar:/home/runner/.m2/repository/com/thoughtworks/paranamer/paranamer/2.3/paranamer-2.3.jar:/home/runner/.m2/repository/org/apache/hadoop/hadoop-annotations/3.3.1/hadoop-annotations-3.3.1.jar:/usr/lib/jvm/temurin-8-jdk-amd64/jre/../lib/tools.jar:/home/runner/.m2/repository/org/apache/hadoop/hadoop-distcp/3.3.1/hadoop-distcp-3.3.1-tests.jar:/home/runner/.m2/repository/org/apache/ratis/ratis-common/2.2.0/ratis-common-2.2.0.jar:/home/runner/.m2/repository/org/apache/ratis/ratis-thirdparty-misc/0.7.0/ratis-thirdparty-misc-0.7.0.jar:/home/runner/.m2/repository/org/apache/ratis/ratis-proto/2.2.0/ratis-proto-2.2.0.jar:"/>
    <property name="sun.cpu.endian" value="little"/>
    <property name="user.home" value="/home/runner"/>
    <property name="user.language" value="en"/>
    <property name="java.specification.vendor" value="Oracle Corporation"/>
    <property name="java.home" value="/usr/lib/jvm/temurin-8-jdk-amd64/jre"/>
    <property name="java.security.krb5.conf" value="/home/runner/work/ozone/ozone/hadoop-ozone/integration-test/target/test-classes/krb5.conf"/>
    <property name="basedir" value="/home/runner/work/ozone/ozone/hadoop-ozone/integration-test"/>
    <property name="file.separator" value="/"/>
    <property name="line.separator" value="&#10;"/>
    <property name="java.vm.specification.vendor" value="Oracle Corporation"/>
    <property name="java.specification.name" value="Java Platform API Specification"/>
    <property name="java.awt.graphicsenv" value="sun.awt.X11GraphicsEnvironment"/>
    <property name="skip.installnpx" value="true"/>
    <property name="surefire.real.class.path" value="/home/runner/work/ozone/ozone/hadoop-ozone/integration-test/target/surefire/surefirebooter7355582860609584726.jar:/home/runner/.m2/repository/org/jacoco/org.jacoco.agent/0.8.5/org.jacoco.agent-0.8.5-runtime.jar"/>
    <property name="hadoop.log.dir" value="/home/runner/work/ozone/ozone/hadoop-ozone/integration-test/target/log"/>
    <property name="sun.boot.class.path" value="/usr/lib/jvm/temurin-8-jdk-amd64/jre/lib/resources.jar:/usr/lib/jvm/temurin-8-jdk-amd64/jre/lib/rt.jar:/usr/lib/jvm/temurin-8-jdk-amd64/jre/lib/sunrsasign.jar:/usr/lib/jvm/temurin-8-jdk-amd64/jre/lib/jsse.jar:/usr/lib/jvm/temurin-8-jdk-amd64/jre/lib/jce.jar:/usr/lib/jvm/temurin-8-jdk-amd64/jre/lib/charsets.jar:/usr/lib/jvm/temurin-8-jdk-amd64/jre/lib/jfr.jar:/usr/lib/jvm/temurin-8-jdk-amd64/jre/classes"/>
    <property name="sun.management.compiler" value="HotSpot 64-Bit Tiered Compilers"/>
    <property name="skip.npx" value="true"/>
    <property name="java.runtime.version" value="1.8.0_322-b06"/>
    <property name="java.net.preferIPv4Stack" value="true"/>
    <property name="user.name" value="runner"/>
    <property name="path.separator" value=":"/>
    <property name="java.security.egd" value="file:///dev/urandom"/>
    <property name="os.version" value="5.4.0-1070-azure"/>
    <property name="java.endorsed.dirs" value="/usr/lib/jvm/temurin-8-jdk-amd64/jre/lib/endorsed"/>
    <property name="java.runtime.name" value="OpenJDK Runtime Environment"/>
    <property name="file.encoding" value="UTF-8"/>
    <property name="java.vm.name" value="OpenJDK 64-Bit Server VM"/>
    <property name="test.build.webapps" value=""/>
    <property name="localRepository" value="/home/runner/.m2/repository"/>
    <property name="java.vendor.url.bug" value="https://github.com/adoptium/adoptium-support/issues"/>
    <property name="java.io.tmpdir" value="/tmp"/>
    <property name="require.test.libhadoop" value=""/>
    <property name="java.version" value="1.8.0_322"/>
    <property name="user.dir" value="/home/runner/work/ozone/ozone/hadoop-ozone/integration-test"/>
    <property name="os.arch" value="amd64"/>
    <property name="java.vm.specification.name" value="Java Virtual Machine Specification"/>
    <property name="test.build.classes" value="/home/runner/work/ozone/ozone/hadoop-ozone/integration-test/target/test-classes"/>
    <property name="java.awt.printerjob" value="sun.print.PSPrinterJob"/>
    <property name="sun.os.patch.level" value="unknown"/>
    <property name="hadoop.tmp.dir" value="/home/runner/work/ozone/ozone/hadoop-ozone/integration-test/target/tmp"/>
    <property name="java.library.path" value="/usr/java/packages/lib/amd64:/usr/lib64:/lib64:/lib:/usr/lib"/>
    <property name="java.vm.info" value="mixed mode"/>
    <property name="java.vendor" value="Temurin"/>
    <property name="java.vm.version" value="25.322-b06"/>
    <property name="java.ext.dirs" value="/usr/lib/jvm/temurin-8-jdk-amd64/jre/lib/ext:/usr/java/packages/lib/ext"/>
    <property name="sun.io.unicode.encoding" value="UnicodeLittle"/>
    <property name="java.class.version" value="52.0"/>
  </properties>
  <testcase name="testForceBootstrap" classname="org.apache.hadoop.ozone.om.TestAddRemoveOzoneManager" time="71.745"/>
  <testcase name="testBootstrapWithoutConfigUpdate" classname="org.apache.hadoop.ozone.om.TestAddRemoveOzoneManager" time="50.645">
    <failure type="java.lang.AssertionError">java.lang.AssertionError
	at org.junit.Assert.fail(Assert.java:87)
	at org.junit.Assert.fail(Assert.java:96)
	at org.apache.hadoop.ozone.om.TestAddRemoveOzoneManager.testBootstrapWithoutConfigUpdate(TestAddRemoveOzoneManager.java:265)
	at sun.reflect.NativeMethodAccessorImpl.invoke0(Native Method)
	at sun.reflect.NativeMethodAccessorImpl.invoke(NativeMethodAccessorImpl.java:62)
	at sun.reflect.DelegatingMethodAccessorImpl.invoke(DelegatingMethodAccessorImpl.java:43)
	at java.lang.reflect.Method.invoke(Method.java:498)
	at org.junit.runners.model.FrameworkMethod$1.runReflectiveCall(FrameworkMethod.java:59)
	at org.junit.internal.runners.model.ReflectiveCallable.run(ReflectiveCallable.java:12)
	at org.junit.runners.model.FrameworkMethod.invokeExplosively(FrameworkMethod.java:56)
	at org.junit.internal.runners.statements.InvokeMethod.evaluate(InvokeMethod.java:17)
	at org.junit.internal.runners.statements.RunAfters.evaluate(RunAfters.java:27)
	at org.junit.rules.ExpectedException$ExpectedExceptionStatement.evaluate(ExpectedException.java:258)
	at org.junit.internal.runners.statements.FailOnTimeout$CallableStatement.call(FailOnTimeout.java:288)
	at org.junit.internal.runners.statements.FailOnTimeout$CallableStatement.call(FailOnTimeout.java:282)
	at java.util.concurrent.FutureTask.run(FutureTask.java:266)
	at java.lang.Thread.run(Thread.java:750)
</failure>
    <system-out><![CDATA[2022-03-03 13:56:21,927 [Time-limited test] WARN  server.ServerUtils (ServerUtils.java:getScmDbDir(148)) - ozone.scm.db.dirs is not configured. We recommend adding this setting. Falling back to ozone.metadata.dirs instead.
2022-03-03 13:56:21,927 [Time-limited test] INFO  ha.SCMHANodeDetails (SCMHANodeDetails.java:loadSCMHAConfig(157)) - ServiceID for StorageContainerManager is scmServiceId
2022-03-03 13:56:21,928 [Time-limited test] INFO  ha.SCMHANodeDetails (SCMHANodeDetails.java:loadSCMHAConfig(168)) - ServiceID for StorageContainerManager is scmServiceId
2022-03-03 13:56:21,928 [Time-limited test] INFO  ha.SCMHANodeDetails (SCMHANodeDetails.java:loadSCMHAConfig(250)) - Found matching SCM address with SCMServiceId: scmServiceId, SCMNodeId: scmNode-1, RPC Address: localhost:44833 and Ratis port: 44833
2022-03-03 13:56:21,928 [Time-limited test] INFO  ha.SCMHANodeDetails (ConfUtils.java:setNodeSpecificConfigs(108)) - Setting configuration key ozone.scm.datanode.address with value of key ozone.scm.datanode.address.scmServiceId.scmNode-1: 127.0.0.1:43477
2022-03-03 13:56:21,928 [Time-limited test] INFO  ha.SCMHANodeDetails (ConfUtils.java:setNodeSpecificConfigs(108)) - Setting configuration key ozone.scm.block.client.address with value of key ozone.scm.block.client.address.scmServiceId.scmNode-1: 127.0.0.1:36825
2022-03-03 13:56:21,928 [Time-limited test] INFO  ha.SCMHANodeDetails (ConfUtils.java:setNodeSpecificConfigs(108)) - Setting configuration key ozone.scm.client.address with value of key ozone.scm.client.address.scmServiceId.scmNode-1: 127.0.0.1:35019
2022-03-03 13:56:21,928 [Time-limited test] INFO  ha.SCMHANodeDetails (ConfUtils.java:setNodeSpecificConfigs(108)) - Setting configuration key ozone.scm.ratis.port with value of key ozone.scm.ratis.port.scmServiceId.scmNode-1: 44833
2022-03-03 13:56:21,928 [Time-limited test] INFO  ha.SCMHANodeDetails (ConfUtils.java:setNodeSpecificConfigs(108)) - Setting configuration key ozone.scm.grpc.port with value of key ozone.scm.grpc.port.scmServiceId.scmNode-1: 37901
2022-03-03 13:56:21,928 [Time-limited test] INFO  ha.SCMHANodeDetails (ConfUtils.java:setNodeSpecificConfigs(108)) - Setting configuration key ozone.scm.http-address with value of key ozone.scm.http-address.scmServiceId.scmNode-1: 127.0.0.1:32809
2022-03-03 13:56:21,928 [Time-limited test] INFO  ha.SCMHANodeDetails (ConfUtils.java:setNodeSpecificConfigs(108)) - Setting configuration key ozone.scm.https-address with value of key ozone.scm.https-address.scmServiceId.scmNode-1: 127.0.0.1:46223
2022-03-03 13:56:21,928 [Time-limited test] INFO  ha.SCMHANodeDetails (ConfUtils.java:setNodeSpecificConfigs(108)) - Setting configuration key ozone.scm.address with value of key ozone.scm.address.scmServiceId.scmNode-1: 127.0.0.1
2022-03-03 13:56:21,928 [Time-limited test] WARN  scm.ScmUtils (ScmUtils.java:logWarn(179)) - ConfigKey ozone.scm.block.client.address is deprecated, For configuring different ports for each SCM use PortConfigKey ozone.scm.block.client.port appended with serviceId and nodeId. If want to configure same port configure ozone.scm.block.client.port
2022-03-03 13:56:21,928 [Time-limited test] WARN  scm.ScmUtils (ScmUtils.java:logWarn(179)) - ConfigKey ozone.scm.client.address is deprecated, For configuring different ports for each SCM use PortConfigKey ozone.scm.client.port appended with serviceId and nodeId. If want to configure same port configure ozone.scm.client.port
2022-03-03 13:56:21,928 [Time-limited test] WARN  scm.ScmUtils (ScmUtils.java:logWarn(179)) - ConfigKey ozone.scm.datanode.address is deprecated, For configuring different ports for each SCM use PortConfigKey ozone.scm.datanode.port appended with serviceId and nodeId. If want to configure same port configure ozone.scm.datanode.port
2022-03-03 13:56:21,936 [Time-limited test] INFO  server.RaftServer (ConfUtils.java:logGet(44)) - raft.rpc.type = GRPC (default)
2022-03-03 13:56:21,936 [Time-limited test] INFO  grpc.GrpcFactory (GrpcFactory.java:checkPooledByteBufAllocatorUseCacheForAllThreads(48)) - PERFORMANCE WARNING: useCacheForAllThreads is true that may cause Netty to create a lot garbage objects and, as a result, trigger GC.
	It is recommended to disable useCacheForAllThreads by setting -Dorg.apache.ratis.thirdparty.io.netty.allocator.useCacheForAllThreads=false in command line.
2022-03-03 13:56:21,936 [Time-limited test] INFO  grpc.GrpcConfigKeys (ConfUtils.java:logGet(44)) - raft.grpc.admin.port = -1 (default)
2022-03-03 13:56:21,937 [Time-limited test] INFO  grpc.GrpcConfigKeys (ConfUtils.java:logGet(44)) - raft.grpc.server.port = 44833 (custom)
2022-03-03 13:56:21,937 [Time-limited test] INFO  grpc.GrpcConfigKeys (ConfUtils.java:logGet(44)) - raft.grpc.client.port = -1 (default)
2022-03-03 13:56:21,937 [Time-limited test] INFO  grpc.GrpcConfigKeys (ConfUtils.java:logGet(44)) - raft.grpc.server.port = 44833 (custom)
2022-03-03 13:56:21,937 [Time-limited test] INFO  grpc.GrpcConfigKeys (ConfUtils.java:logGet(44)) - raft.grpc.server.port = 44833 (custom)
2022-03-03 13:56:21,937 [Time-limited test] INFO  server.GrpcService (ConfUtils.java:logGet(44)) - raft.grpc.message.size.max = 32m (=33554432) (custom)
2022-03-03 13:56:21,937 [Time-limited test] INFO  server.RaftServerConfigKeys (ConfUtils.java:logGet(44)) - raft.server.log.appender.buffer.byte-limit = 33554432 (custom)
2022-03-03 13:56:21,937 [Time-limited test] INFO  server.GrpcService (ConfUtils.java:logGet(44)) - raft.grpc.flow.control.window = 1MB (=1048576) (default)
2022-03-03 13:56:21,937 [Time-limited test] INFO  server.RaftServerConfigKeys (ConfUtils.java:logGet(44)) - raft.server.rpc.request.timeout = 30000ms (custom)
2022-03-03 13:56:21,938 [Time-limited test] INFO  impl.DataStreamServerImpl (ConfUtils.java:logGet(44)) - raft.datastream.type = DISABLED (default)
2022-03-03 13:56:21,938 [Time-limited test] INFO  server.RaftServerConfigKeys (ConfUtils.java:logGet(44)) - raft.server.rpc.slowness.timeout = 120000ms (custom)
2022-03-03 13:56:21,939 [Time-limited test] INFO  server.RaftServerConfigKeys (ConfUtils.java:logGet(44)) - raft.server.leaderelection.leader.step-down.wait-time = 10s (default)
2022-03-03 13:56:21,939 [Time-limited test] INFO  server.RaftServerConfigKeys (ConfUtils.java:logGet(44)) - raft.server.storage.dir = [/home/runner/work/ozone/ozone/hadoop-ozone/integration-test/target/test-dir/MiniOzoneClusterImpl-66b45f8e-1cec-491e-b66c-9260b08df491/scmNode-1/scm-ha] (custom)
2022-03-03 13:56:21,939 [Time-limited test] INFO  server.RaftServer (RaftServerProxy.java:addNew(95)) - d391911d-a494-49f8-a9db-8a15da5a0d08: addNew group-9260B08DF491:[d391911d-a494-49f8-a9db-8a15da5a0d08|rpc:localhost:44833|priority:0] returns group-9260B08DF491:java.util.concurrent.CompletableFuture@84e509a[Not completed]
2022-03-03 13:56:21,939 [pool-236-thread-1] INFO  server.RaftServer$Division (RaftServerImpl.java:<init>(184)) - d391911d-a494-49f8-a9db-8a15da5a0d08: new RaftServerImpl for group-9260B08DF491:[d391911d-a494-49f8-a9db-8a15da5a0d08|rpc:localhost:44833|priority:0] with SCMStateMachine:uninitialized
2022-03-03 13:56:21,955 [pool-236-thread-1] INFO  server.RaftServerConfigKeys (ConfUtils.java:logGet(44)) - raft.server.rpc.timeout.min = 5000ms (custom)
2022-03-03 13:56:21,955 [pool-236-thread-1] INFO  server.RaftServerConfigKeys (ConfUtils.java:logGet(44)) - raft.server.rpc.timeout.max = 5200ms (custom)
2022-03-03 13:56:21,955 [pool-236-thread-1] INFO  server.RaftServerConfigKeys (ConfUtils.java:logGet(44)) - raft.server.rpc.sleep.time = 25ms (default)
2022-03-03 13:56:21,955 [pool-236-thread-1] INFO  server.RaftServerConfigKeys (ConfUtils.java:logGet(44)) - raft.server.rpc.slowness.timeout = 120000ms (custom)
2022-03-03 13:56:21,955 [pool-236-thread-1] INFO  server.RaftServerConfigKeys (ConfUtils.java:logGet(44)) - raft.server.leaderelection.leader.step-down.wait-time = 10s (default)
2022-03-03 13:56:21,955 [pool-236-thread-1] INFO  server.RaftServerConfigKeys (ConfUtils.java:logGet(44)) - raft.server.sleep.deviation.threshold = 300ms (default)
2022-03-03 13:56:21,955 [pool-236-thread-1] INFO  server.RaftServerConfigKeys (ConfUtils.java:logGet(44)) - raft.server.log.appender.install.snapshot.enabled = false (custom)
2022-03-03 13:56:21,955 [pool-236-thread-1] INFO  server.RaftServer$Division (ServerState.java:<init>(105)) - d391911d-a494-49f8-a9db-8a15da5a0d08@group-9260B08DF491: ConfigurationManager, init=-1: [d391911d-a494-49f8-a9db-8a15da5a0d08|rpc:localhost:44833|priority:0], old=null, confs=<EMPTY_MAP>
2022-03-03 13:56:21,955 [pool-236-thread-1] INFO  server.RaftServerConfigKeys (ConfUtils.java:logGet(44)) - raft.server.storage.dir = [/home/runner/work/ozone/ozone/hadoop-ozone/integration-test/target/test-dir/MiniOzoneClusterImpl-66b45f8e-1cec-491e-b66c-9260b08df491/scmNode-1/scm-ha] (custom)
2022-03-03 13:56:21,956 [pool-236-thread-1] INFO  server.RaftServerConfigKeys (ConfUtils.java:logGet(44)) - raft.server.log.corruption.policy = EXCEPTION (default)
2022-03-03 13:56:21,956 [pool-236-thread-1] INFO  server.RaftServerConfigKeys (ConfUtils.java:logGet(44)) - raft.server.storage.free-space.min = 0MB (=0) (default)
2022-03-03 13:56:21,956 [pool-236-thread-1] INFO  storage.RaftStorageDirectory (RaftStorageDirectoryImpl.java:analyzeStorage(135)) - The storage directory /home/runner/work/ozone/ozone/hadoop-ozone/integration-test/target/test-dir/MiniOzoneClusterImpl-66b45f8e-1cec-491e-b66c-9260b08df491/scmNode-1/scm-ha/66b45f8e-1cec-491e-b66c-9260b08df491 does not exist. Creating ...
2022-03-03 13:56:21,963 [pool-236-thread-1] INFO  storage.RaftStorageDirectory (RaftStorageDirectoryImpl.java:tryLock(230)) - Lock on /home/runner/work/ozone/ozone/hadoop-ozone/integration-test/target/test-dir/MiniOzoneClusterImpl-66b45f8e-1cec-491e-b66c-9260b08df491/scmNode-1/scm-ha/66b45f8e-1cec-491e-b66c-9260b08df491/in_use.lock acquired by nodename 17744@fv-az50-851
2022-03-03 13:56:21,964 [pool-236-thread-1] INFO  storage.RaftStorage (RaftStorageImpl.java:format(89)) - Storage directory /home/runner/work/ozone/ozone/hadoop-ozone/integration-test/target/test-dir/MiniOzoneClusterImpl-66b45f8e-1cec-491e-b66c-9260b08df491/scmNode-1/scm-ha/66b45f8e-1cec-491e-b66c-9260b08df491 has been successfully formatted.
2022-03-03 13:56:21,964 [pool-236-thread-1] INFO  server.RaftServerConfigKeys (ConfUtils.java:logGet(44)) - raft.server.notification.no-leader.timeout = 60s (default)
2022-03-03 13:56:21,964 [pool-236-thread-1] INFO  server.RaftServerConfigKeys (ConfUtils.java:logGet(44)) - raft.server.log.use.memory = false (default)
2022-03-03 13:56:21,964 [pool-236-thread-1] INFO  server.RaftServerConfigKeys (ConfUtils.java:logGet(44)) - raft.server.log.purge.gap = 1000000 (custom)
2022-03-03 13:56:21,964 [pool-236-thread-1] INFO  server.RaftServerConfigKeys (ConfUtils.java:logGet(44)) - raft.server.log.appender.buffer.byte-limit = 33554432 (custom)
2022-03-03 13:56:21,965 [pool-236-thread-1] INFO  server.RaftServerConfigKeys (ConfUtils.java:logGet(44)) - raft.server.log.segment.size.max = 4194304 (custom)
2022-03-03 13:56:21,965 [pool-236-thread-1] INFO  server.RaftServerConfigKeys (ConfUtils.java:logGet(44)) - raft.server.log.segment.cache.num.max = 2 (custom)
2022-03-03 13:56:21,965 [pool-236-thread-1] INFO  server.RaftServerConfigKeys (ConfUtils.java:logGet(44)) - raft.server.log.segment.cache.size.max = 200MB (=209715200) (default)
2022-03-03 13:56:21,965 [pool-236-thread-1] INFO  segmented.SegmentedRaftLogWorker (SegmentedRaftLogWorker.java:<init>(182)) - new d391911d-a494-49f8-a9db-8a15da5a0d08@group-9260B08DF491-SegmentedRaftLogWorker for RaftStorageImpl:Storage Directory /home/runner/work/ozone/ozone/hadoop-ozone/integration-test/target/test-dir/MiniOzoneClusterImpl-66b45f8e-1cec-491e-b66c-9260b08df491/scmNode-1/scm-ha/66b45f8e-1cec-491e-b66c-9260b08df491
2022-03-03 13:56:21,965 [pool-236-thread-1] INFO  server.RaftServerConfigKeys (ConfUtils.java:logGet(44)) - raft.server.log.queue.byte-limit = 64MB (=67108864) (default)
2022-03-03 13:56:21,965 [pool-236-thread-1] INFO  server.RaftServerConfigKeys (ConfUtils.java:logGet(44)) - raft.server.log.queue.element-limit = 4096 (default)
2022-03-03 13:56:21,965 [pool-236-thread-1] INFO  server.RaftServerConfigKeys (ConfUtils.java:logGet(44)) - raft.server.log.segment.size.max = 4194304 (custom)
2022-03-03 13:56:21,965 [pool-236-thread-1] INFO  server.RaftServerConfigKeys (ConfUtils.java:logGet(44)) - raft.server.log.preallocated.size = 4194304 (custom)
2022-03-03 13:56:21,965 [pool-236-thread-1] INFO  server.RaftServerConfigKeys (ConfUtils.java:logGet(44)) - raft.server.log.force.sync.num = 128 (default)
2022-03-03 13:56:21,965 [pool-236-thread-1] INFO  server.RaftServerConfigKeys (ConfUtils.java:logGet(44)) - raft.server.log.statemachine.data.sync = true (default)
2022-03-03 13:56:21,965 [pool-236-thread-1] INFO  server.RaftServerConfigKeys (ConfUtils.java:logGet(44)) - raft.server.log.statemachine.data.sync.timeout = 10s (default)
2022-03-03 13:56:21,965 [pool-236-thread-1] INFO  server.RaftServerConfigKeys (ConfUtils.java:logGet(44)) - raft.server.log.statemachine.data.sync.timeout.retry = -1 (default)
2022-03-03 13:56:21,966 [pool-236-thread-1] INFO  server.RaftServerConfigKeys (ConfUtils.java:logGet(44)) - raft.server.log.write.buffer.size = 64KB (=65536) (default)
2022-03-03 13:56:21,966 [pool-236-thread-1] INFO  server.RaftServerConfigKeys (ConfUtils.java:logGet(44)) - raft.server.log.statemachine.data.caching.enabled = false (default)
2022-03-03 13:56:21,966 [pool-236-thread-1] INFO  segmented.SegmentedRaftLogWorker (SegmentedRaftLogWorker.java:lambda$new$0(133)) - d391911d-a494-49f8-a9db-8a15da5a0d08@group-9260B08DF491-SegmentedRaftLogWorker: flushIndex: setUnconditionally 0 -> -1
2022-03-03 13:56:21,966 [pool-236-thread-1] INFO  segmented.SegmentedRaftLogWorker (SegmentedRaftLogWorker.java:lambda$new$0(133)) - d391911d-a494-49f8-a9db-8a15da5a0d08@group-9260B08DF491-SegmentedRaftLogWorker: safeCacheEvictIndex: setUnconditionally 0 -> -1
2022-03-03 13:56:21,975 [pool-236-thread-1] INFO  server.RaftServerConfigKeys (ConfUtils.java:logGet(44)) - raft.server.snapshot.auto.trigger.enabled = true (custom)
2022-03-03 13:56:21,975 [pool-236-thread-1] INFO  server.RaftServerConfigKeys (ConfUtils.java:logGet(44)) - raft.server.snapshot.auto.trigger.threshold = 1000 (custom)
2022-03-03 13:56:21,975 [pool-236-thread-1] INFO  server.RaftServerConfigKeys (ConfUtils.java:logGet(44)) - raft.server.snapshot.retention.file.num = -1 (default)
2022-03-03 13:56:21,975 [pool-236-thread-1] INFO  server.RaftServerConfigKeys (ConfUtils.java:logGet(44)) - raft.server.log.purge.upto.snapshot.index = false (default)
2022-03-03 13:56:21,975 [pool-236-thread-1] INFO  server.RaftServerConfigKeys (ConfUtils.java:logGet(44)) - raft.server.retrycache.expirytime = 60000ms (default)
2022-03-03 13:56:21,975 [pool-236-thread-1] INFO  server.RaftServerConfigKeys (ConfUtils.java:logGet(44)) - raft.server.retrycache.statistics.expirytime = 100μs (default)
2022-03-03 13:56:21,976 [Time-limited test] INFO  server.RaftServer$Division (RaftServerImpl.java:start(301)) - d391911d-a494-49f8-a9db-8a15da5a0d08@group-9260B08DF491: start as a follower, conf=-1: [d391911d-a494-49f8-a9db-8a15da5a0d08|rpc:localhost:44833|priority:0], old=null
2022-03-03 13:56:21,976 [Time-limited test] INFO  server.RaftServer$Division (RaftServerImpl.java:setRole(290)) - d391911d-a494-49f8-a9db-8a15da5a0d08@group-9260B08DF491: changes role from      null to FOLLOWER at term 0 for startAsFollower
2022-03-03 13:56:21,976 [Time-limited test] INFO  impl.RoleInfo (RoleInfo.java:updateAndGet(130)) - d391911d-a494-49f8-a9db-8a15da5a0d08: start d391911d-a494-49f8-a9db-8a15da5a0d08@group-9260B08DF491-FollowerState
2022-03-03 13:56:21,987 [Time-limited test] INFO  util.JmxRegister (JmxRegister.java:tryRegister(44)) - Successfully registered JMX Bean with object name Ratis:service=RaftServer,group=group-9260B08DF491,id=d391911d-a494-49f8-a9db-8a15da5a0d08
2022-03-03 13:56:21,999 [Time-limited test] INFO  server.RaftServer (RaftServerProxy.java:lambda$start$5(374)) - d391911d-a494-49f8-a9db-8a15da5a0d08: start RPC server
2022-03-03 13:56:21,999 [Time-limited test] INFO  server.GrpcService (GrpcService.java:startImpl(253)) - d391911d-a494-49f8-a9db-8a15da5a0d08: GrpcService started, listening on 44833
2022-03-03 13:56:22,015 [org.apache.ratis.util.JvmPauseMonitor$$Lambda$435/931852204@73fe50be] INFO  util.JvmPauseMonitor (JvmPauseMonitor.java:run(103)) - JvmPauseMonitor-d391911d-a494-49f8-a9db-8a15da5a0d08: Started
2022-03-03 13:56:22,071 [EndpointStateMachine task thread for /127.0.0.1:35581 - 0 ] INFO  ipc.Client (Client.java:handleConnectionFailure(977)) - Retrying connect to server: localhost/127.0.0.1:35581. Already tried 5 time(s); retry policy is RetryUpToMaximumCountWithFixedSleep(maxRetries=15, sleepTime=1000 MILLISECONDS)
2022-03-03 13:56:23,072 [EndpointStateMachine task thread for /127.0.0.1:35581 - 0 ] INFO  ipc.Client (Client.java:handleConnectionFailure(977)) - Retrying connect to server: localhost/127.0.0.1:35581. Already tried 6 time(s); retry policy is RetryUpToMaximumCountWithFixedSleep(maxRetries=15, sleepTime=1000 MILLISECONDS)
2022-03-03 13:56:24,073 [EndpointStateMachine task thread for /127.0.0.1:35581 - 0 ] INFO  ipc.Client (Client.java:handleConnectionFailure(977)) - Retrying connect to server: localhost/127.0.0.1:35581. Already tried 7 time(s); retry policy is RetryUpToMaximumCountWithFixedSleep(maxRetries=15, sleepTime=1000 MILLISECONDS)
2022-03-03 13:56:25,073 [EndpointStateMachine task thread for /127.0.0.1:35581 - 0 ] INFO  ipc.Client (Client.java:handleConnectionFailure(977)) - Retrying connect to server: localhost/127.0.0.1:35581. Already tried 8 time(s); retry policy is RetryUpToMaximumCountWithFixedSleep(maxRetries=15, sleepTime=1000 MILLISECONDS)
2022-03-03 13:56:26,074 [EndpointStateMachine task thread for /127.0.0.1:35581 - 0 ] INFO  ipc.Client (Client.java:handleConnectionFailure(977)) - Retrying connect to server: localhost/127.0.0.1:35581. Already tried 9 time(s); retry policy is RetryUpToMaximumCountWithFixedSleep(maxRetries=15, sleepTime=1000 MILLISECONDS)
2022-03-03 13:56:27,014 [d391911d-a494-49f8-a9db-8a15da5a0d08@group-9260B08DF491-FollowerState] INFO  impl.FollowerState (FollowerState.java:run(134)) - d391911d-a494-49f8-a9db-8a15da5a0d08@group-9260B08DF491-FollowerState: change to CANDIDATE, lastRpcElapsedTime:5037545423ns, electionTimeout:5027ms
2022-03-03 13:56:27,014 [d391911d-a494-49f8-a9db-8a15da5a0d08@group-9260B08DF491-FollowerState] INFO  impl.RoleInfo (RoleInfo.java:shutdownFollowerState(108)) - d391911d-a494-49f8-a9db-8a15da5a0d08: shutdown d391911d-a494-49f8-a9db-8a15da5a0d08@group-9260B08DF491-FollowerState
2022-03-03 13:56:27,014 [d391911d-a494-49f8-a9db-8a15da5a0d08@group-9260B08DF491-FollowerState] INFO  server.RaftServer$Division (RaftServerImpl.java:setRole(290)) - d391911d-a494-49f8-a9db-8a15da5a0d08@group-9260B08DF491: changes role from  FOLLOWER to CANDIDATE at term 0 for changeToCandidate
2022-03-03 13:56:27,014 [d391911d-a494-49f8-a9db-8a15da5a0d08@group-9260B08DF491-FollowerState] INFO  server.RaftServerConfigKeys (ConfUtils.java:logGet(44)) - raft.server.leaderelection.pre-vote = false (custom)
2022-03-03 13:56:27,014 [d391911d-a494-49f8-a9db-8a15da5a0d08@group-9260B08DF491-FollowerState] INFO  impl.RoleInfo (RoleInfo.java:updateAndGet(130)) - d391911d-a494-49f8-a9db-8a15da5a0d08: start d391911d-a494-49f8-a9db-8a15da5a0d08@group-9260B08DF491-LeaderElection18
2022-03-03 13:56:27,035 [d391911d-a494-49f8-a9db-8a15da5a0d08@group-9260B08DF491-LeaderElection18] INFO  impl.LeaderElection (LeaderElection.java:askForVotes(306)) - d391911d-a494-49f8-a9db-8a15da5a0d08@group-9260B08DF491-LeaderElection18 ELECTION round 0: submit vote requests at term 1 for -1: [d391911d-a494-49f8-a9db-8a15da5a0d08|rpc:localhost:44833|priority:0], old=null
2022-03-03 13:56:27,035 [d391911d-a494-49f8-a9db-8a15da5a0d08@group-9260B08DF491-LeaderElection18] INFO  impl.LeaderElection (LeaderElection.java:askForVotes(308)) - d391911d-a494-49f8-a9db-8a15da5a0d08@group-9260B08DF491-LeaderElection18 ELECTION round 0: result PASSED (term=1)
2022-03-03 13:56:27,035 [d391911d-a494-49f8-a9db-8a15da5a0d08@group-9260B08DF491-LeaderElection18] INFO  impl.RoleInfo (RoleInfo.java:shutdownLeaderElection(121)) - d391911d-a494-49f8-a9db-8a15da5a0d08: shutdown d391911d-a494-49f8-a9db-8a15da5a0d08@group-9260B08DF491-LeaderElection18
2022-03-03 13:56:27,036 [d391911d-a494-49f8-a9db-8a15da5a0d08@group-9260B08DF491-LeaderElection18] INFO  server.RaftServer$Division (RaftServerImpl.java:setRole(290)) - d391911d-a494-49f8-a9db-8a15da5a0d08@group-9260B08DF491: changes role from CANDIDATE to LEADER at term 1 for changeToLeader
2022-03-03 13:56:27,036 [d391911d-a494-49f8-a9db-8a15da5a0d08@group-9260B08DF491-LeaderElection18] INFO  server.RaftServer$Division (ServerState.java:setLeader(285)) - d391911d-a494-49f8-a9db-8a15da5a0d08@group-9260B08DF491: change Leader from null to d391911d-a494-49f8-a9db-8a15da5a0d08 at term 1 for becomeLeader, leader elected after 5072ms
2022-03-03 13:56:27,037 [d391911d-a494-49f8-a9db-8a15da5a0d08@group-9260B08DF491-LeaderElection18] INFO  server.RaftServerConfigKeys (ConfUtils.java:logGet(44)) - raft.server.staging.catchup.gap = 1000 (default)
2022-03-03 13:56:27,037 [d391911d-a494-49f8-a9db-8a15da5a0d08@group-9260B08DF491-LeaderElection18] INFO  server.RaftServerConfigKeys (ConfUtils.java:logGet(44)) - raft.server.write.element-limit = 4096 (default)
2022-03-03 13:56:27,037 [d391911d-a494-49f8-a9db-8a15da5a0d08@group-9260B08DF491-LeaderElection18] INFO  server.RaftServerConfigKeys (ConfUtils.java:logGet(44)) - raft.server.write.byte-limit = 64MB (=67108864) (default)
2022-03-03 13:56:27,037 [d391911d-a494-49f8-a9db-8a15da5a0d08@group-9260B08DF491-LeaderElection18] INFO  server.RaftServerConfigKeys (ConfUtils.java:logGet(44)) - raft.server.watch.timeout = 10s (default)
2022-03-03 13:56:27,038 [d391911d-a494-49f8-a9db-8a15da5a0d08@group-9260B08DF491-LeaderElection18] INFO  server.RaftServerConfigKeys (ConfUtils.java:logGet(44)) - raft.server.watch.timeout.denomination = 1s (default)
2022-03-03 13:56:27,040 [d391911d-a494-49f8-a9db-8a15da5a0d08@group-9260B08DF491-LeaderElection18] INFO  server.RaftServerConfigKeys (ConfUtils.java:logGet(44)) - raft.server.watch.element-limit = 65536 (default)
2022-03-03 13:56:27,040 [d391911d-a494-49f8-a9db-8a15da5a0d08@group-9260B08DF491-LeaderElection18] INFO  server.RaftServerConfigKeys (ConfUtils.java:logGet(44)) - raft.server.write.element-limit = 4096 (default)
2022-03-03 13:56:27,040 [d391911d-a494-49f8-a9db-8a15da5a0d08@group-9260B08DF491-LeaderElection18] INFO  server.RaftServerConfigKeys (ConfUtils.java:logGet(44)) - raft.server.write.follower.gap.ratio.max = -1.0 (default)
2022-03-03 13:56:27,040 [d391911d-a494-49f8-a9db-8a15da5a0d08@group-9260B08DF491-LeaderElection18] INFO  impl.RoleInfo (RoleInfo.java:updateAndGet(130)) - d391911d-a494-49f8-a9db-8a15da5a0d08: start d391911d-a494-49f8-a9db-8a15da5a0d08@group-9260B08DF491-LeaderStateImpl
2022-03-03 13:56:27,040 [d391911d-a494-49f8-a9db-8a15da5a0d08@group-9260B08DF491-LeaderElection18] INFO  segmented.SegmentedRaftLogWorker (SegmentedRaftLogWorker.java:startLogSegment(394)) - d391911d-a494-49f8-a9db-8a15da5a0d08@group-9260B08DF491-SegmentedRaftLogWorker: Starting segment from index:0
2022-03-03 13:56:27,055 [d391911d-a494-49f8-a9db-8a15da5a0d08@group-9260B08DF491-LeaderElection18] INFO  server.RaftServer$Division (ServerState.java:setRaftConf(387)) - d391911d-a494-49f8-a9db-8a15da5a0d08@group-9260B08DF491: set configuration 0: [d391911d-a494-49f8-a9db-8a15da5a0d08|rpc:localhost:44833|admin:|client:|dataStream:|priority:0], old=null
2022-03-03 13:56:27,062 [d391911d-a494-49f8-a9db-8a15da5a0d08@group-9260B08DF491-SegmentedRaftLogWorker] INFO  segmented.SegmentedRaftLogWorker (SegmentedRaftLogWorker.java:execute(601)) - d391911d-a494-49f8-a9db-8a15da5a0d08@group-9260B08DF491-SegmentedRaftLogWorker: created new log segment /home/runner/work/ozone/ozone/hadoop-ozone/integration-test/target/test-dir/MiniOzoneClusterImpl-66b45f8e-1cec-491e-b66c-9260b08df491/scmNode-1/scm-ha/66b45f8e-1cec-491e-b66c-9260b08df491/current/log_inprogress_0
2022-03-03 13:56:27,075 [EndpointStateMachine task thread for /127.0.0.1:35581 - 0 ] INFO  ipc.Client (Client.java:handleConnectionFailure(977)) - Retrying connect to server: localhost/127.0.0.1:35581. Already tried 10 time(s); retry policy is RetryUpToMaximumCountWithFixedSleep(maxRetries=15, sleepTime=1000 MILLISECONDS)
2022-03-03 13:56:28,015 [Time-limited test] INFO  server.RaftServer (RaftServerProxy.java:lambda$close$6(391)) - d391911d-a494-49f8-a9db-8a15da5a0d08: close
2022-03-03 13:56:28,015 [Time-limited test] INFO  server.RaftServer$Division (RaftServerImpl.java:lambda$close$4(412)) - d391911d-a494-49f8-a9db-8a15da5a0d08@group-9260B08DF491: shutdown
2022-03-03 13:56:28,015 [Time-limited test] INFO  util.JmxRegister (JmxRegister.java:unregister(73)) - Successfully un-registered JMX Bean with object name Ratis:service=RaftServer,group=group-9260B08DF491,id=d391911d-a494-49f8-a9db-8a15da5a0d08
2022-03-03 13:56:28,015 [Time-limited test] INFO  impl.RoleInfo (RoleInfo.java:shutdownLeaderState(91)) - d391911d-a494-49f8-a9db-8a15da5a0d08: shutdown d391911d-a494-49f8-a9db-8a15da5a0d08@group-9260B08DF491-LeaderStateImpl
2022-03-03 13:56:28,016 [Time-limited test] INFO  impl.PendingRequests (PendingRequests.java:sendNotLeaderResponses(282)) - d391911d-a494-49f8-a9db-8a15da5a0d08@group-9260B08DF491-PendingRequests: sendNotLeaderResponses
2022-03-03 13:56:28,016 [Time-limited test] INFO  impl.StateMachineUpdater (StateMachineUpdater.java:stopAndJoin(149)) - d391911d-a494-49f8-a9db-8a15da5a0d08@group-9260B08DF491-StateMachineUpdater: set stopIndex = 0
2022-03-03 13:56:28,016 [d391911d-a494-49f8-a9db-8a15da5a0d08@group-9260B08DF491-StateMachineUpdater] INFO  impl.StateMachineUpdater (StateMachineUpdater.java:takeSnapshot(281)) - d391911d-a494-49f8-a9db-8a15da5a0d08@group-9260B08DF491-StateMachineUpdater: Took a snapshot at index 0
2022-03-03 13:56:28,016 [d391911d-a494-49f8-a9db-8a15da5a0d08@group-9260B08DF491-StateMachineUpdater] INFO  impl.StateMachineUpdater (StateMachineUpdater.java:lambda$new$0(89)) - d391911d-a494-49f8-a9db-8a15da5a0d08@group-9260B08DF491-StateMachineUpdater: snapshotIndex: updateIncreasingly -1 -> 0
2022-03-03 13:56:28,017 [Time-limited test] INFO  server.RaftServer$Division (ServerState.java:close(419)) - d391911d-a494-49f8-a9db-8a15da5a0d08@group-9260B08DF491: closes. applyIndex: 0
2022-03-03 13:56:28,017 [d391911d-a494-49f8-a9db-8a15da5a0d08@group-9260B08DF491-SegmentedRaftLogWorker] INFO  segmented.SegmentedRaftLogWorker (SegmentedRaftLogWorker.java:run(327)) - d391911d-a494-49f8-a9db-8a15da5a0d08@group-9260B08DF491-SegmentedRaftLogWorker was interrupted, exiting. There are 0 tasks remaining in the queue.
2022-03-03 13:56:28,019 [Time-limited test] INFO  segmented.SegmentedRaftLogWorker (SegmentedRaftLogWorker.java:close(237)) - d391911d-a494-49f8-a9db-8a15da5a0d08@group-9260B08DF491-SegmentedRaftLogWorker close()
2022-03-03 13:56:28,020 [Time-limited test] INFO  server.GrpcService (GrpcService.java:closeImpl(262)) - d391911d-a494-49f8-a9db-8a15da5a0d08: shutdown server with port 44833 now
2022-03-03 13:56:28,020 [Time-limited test] INFO  server.GrpcService (GrpcService.java:closeImpl(271)) - d391911d-a494-49f8-a9db-8a15da5a0d08: shutdown server with port 44833 successfully
2022-03-03 13:56:28,020 [org.apache.ratis.util.JvmPauseMonitor$$Lambda$435/931852204@73fe50be] INFO  util.JvmPauseMonitor (JvmPauseMonitor.java:run(109)) - JvmPauseMonitor-d391911d-a494-49f8-a9db-8a15da5a0d08: Stopped
2022-03-03 13:56:28,020 [Time-limited test] WARN  server.ServerUtils (ServerUtils.java:getScmDbDir(148)) - ozone.scm.db.dirs is not configured. We recommend adding this setting. Falling back to ozone.metadata.dirs instead.
2022-03-03 13:56:28,023 [Time-limited test] INFO  server.StorageContainerManager (StorageContainerManager.java:scmInit(1107)) - SCM initialization succeeded. Current cluster id for sd=/home/runner/work/ozone/ozone/hadoop-ozone/integration-test/target/test-dir/MiniOzoneClusterImpl-66b45f8e-1cec-491e-b66c-9260b08df491/scmNode-1/scm; cid=66b45f8e-1cec-491e-b66c-9260b08df491; layoutVersion=2; scmId=d391911d-a494-49f8-a9db-8a15da5a0d08
2022-03-03 13:56:28,024 [Time-limited test] INFO  ha.SCMHANodeDetails (SCMHANodeDetails.java:loadSCMHAConfig(157)) - ServiceID for StorageContainerManager is scmServiceId
2022-03-03 13:56:28,024 [Time-limited test] INFO  ha.SCMHANodeDetails (SCMHANodeDetails.java:loadSCMHAConfig(168)) - ServiceID for StorageContainerManager is scmServiceId
2022-03-03 13:56:28,024 [Time-limited test] INFO  ha.SCMHANodeDetails (SCMHANodeDetails.java:loadSCMHAConfig(250)) - Found matching SCM address with SCMServiceId: scmServiceId, SCMNodeId: scmNode-1, RPC Address: localhost:44833 and Ratis port: 44833
2022-03-03 13:56:28,024 [Time-limited test] INFO  ha.SCMHANodeDetails (ConfUtils.java:setNodeSpecificConfigs(108)) - Setting configuration key ozone.scm.datanode.address with value of key ozone.scm.datanode.address.scmServiceId.scmNode-1: 127.0.0.1:43477
2022-03-03 13:56:28,024 [Time-limited test] INFO  ha.SCMHANodeDetails (ConfUtils.java:setNodeSpecificConfigs(108)) - Setting configuration key ozone.scm.block.client.address with value of key ozone.scm.block.client.address.scmServiceId.scmNode-1: 127.0.0.1:36825
2022-03-03 13:56:28,024 [Time-limited test] INFO  ha.SCMHANodeDetails (ConfUtils.java:setNodeSpecificConfigs(108)) - Setting configuration key ozone.scm.client.address with value of key ozone.scm.client.address.scmServiceId.scmNode-1: 127.0.0.1:35019
2022-03-03 13:56:28,024 [Time-limited test] INFO  ha.SCMHANodeDetails (ConfUtils.java:setNodeSpecificConfigs(108)) - Setting configuration key ozone.scm.ratis.port with value of key ozone.scm.ratis.port.scmServiceId.scmNode-1: 44833
2022-03-03 13:56:28,024 [Time-limited test] INFO  ha.SCMHANodeDetails (ConfUtils.java:setNodeSpecificConfigs(108)) - Setting configuration key ozone.scm.grpc.port with value of key ozone.scm.grpc.port.scmServiceId.scmNode-1: 37901
2022-03-03 13:56:28,024 [Time-limited test] INFO  ha.SCMHANodeDetails (ConfUtils.java:setNodeSpecificConfigs(108)) - Setting configuration key ozone.scm.http-address with value of key ozone.scm.http-address.scmServiceId.scmNode-1: 127.0.0.1:32809
2022-03-03 13:56:28,024 [Time-limited test] INFO  ha.SCMHANodeDetails (ConfUtils.java:setNodeSpecificConfigs(108)) - Setting configuration key ozone.scm.https-address with value of key ozone.scm.https-address.scmServiceId.scmNode-1: 127.0.0.1:46223
2022-03-03 13:56:28,024 [Time-limited test] INFO  ha.SCMHANodeDetails (ConfUtils.java:setNodeSpecificConfigs(108)) - Setting configuration key ozone.scm.address with value of key ozone.scm.address.scmServiceId.scmNode-1: 127.0.0.1
2022-03-03 13:56:28,024 [Time-limited test] WARN  scm.ScmUtils (ScmUtils.java:logWarn(179)) - ConfigKey ozone.scm.block.client.address is deprecated, For configuring different ports for each SCM use PortConfigKey ozone.scm.block.client.port appended with serviceId and nodeId. If want to configure same port configure ozone.scm.block.client.port
2022-03-03 13:56:28,024 [Time-limited test] WARN  scm.ScmUtils (ScmUtils.java:logWarn(179)) - ConfigKey ozone.scm.client.address is deprecated, For configuring different ports for each SCM use PortConfigKey ozone.scm.client.port appended with serviceId and nodeId. If want to configure same port configure ozone.scm.client.port
2022-03-03 13:56:28,025 [Time-limited test] WARN  scm.ScmUtils (ScmUtils.java:logWarn(179)) - ConfigKey ozone.scm.datanode.address is deprecated, For configuring different ports for each SCM use PortConfigKey ozone.scm.datanode.port appended with serviceId and nodeId. If want to configure same port configure ozone.scm.datanode.port
2022-03-03 13:56:28,025 [Time-limited test] WARN  server.ServerUtils (ServerUtils.java:getScmDbDir(148)) - ozone.scm.db.dirs is not configured. We recommend adding this setting. Falling back to ozone.metadata.dirs instead.
2022-03-03 13:56:28,025 [Time-limited test] INFO  upgrade.AbstractLayoutVersionManager (AbstractLayoutVersionManager.java:init(79)) - Initializing Layout version manager with metadata layout = SCM_HA (version = 2), software layout = SCM_HA (version = 2)
2022-03-03 13:56:28,075 [EndpointStateMachine task thread for /127.0.0.1:35581 - 0 ] INFO  ipc.Client (Client.java:handleConnectionFailure(977)) - Retrying connect to server: localhost/127.0.0.1:35581. Already tried 11 time(s); retry policy is RetryUpToMaximumCountWithFixedSleep(maxRetries=15, sleepTime=1000 MILLISECONDS)
2022-03-03 13:56:28,111 [Time-limited test] INFO  reflections.Reflections (Reflections.java:scan(232)) - Reflections took 75 ms to scan 7 urls, producing 122 keys and 286 values 
2022-03-03 13:56:28,122 [Time-limited test] WARN  utils.HAUtils (HAUtils.java:getMetaDir(342)) - ozone.scm.db.dirs is not configured. We recommend adding this setting. Falling back to ozone.metadata.dirs instead.
2022-03-03 13:56:28,124 [Time-limited test] WARN  db.DBStoreBuilder (DBStoreBuilder.java:applyDBDefinition(145)) - ozone.scm.db.dirs is not configured. We recommend adding this setting. Falling back to ozone.metadata.dirs instead.
2022-03-03 13:56:28,236 [Time-limited test] INFO  net.NodeSchemaLoader (NodeSchemaLoader.java:loadSchemaFromFile(129)) - Loading schema from [jar:file:/home/runner/.m2/repository/org/apache/ozone/hdds-common/1.3.0-SNAPSHOT/hdds-common-1.3.0-SNAPSHOT.jar!/network-topology-default.xml]
2022-03-03 13:56:28,236 [Time-limited test] INFO  net.NodeSchemaLoader (NodeSchemaLoader.java:loadSchema(176)) - Loading network topology layer schema file
2022-03-03 13:56:28,240 [Time-limited test] WARN  impl.MetricRegistriesImpl (MetricRegistriesImpl.java:addReporterRegistration(111)) - New reporters are added after registries were created. Some metrics will be missing from the reporter. Please add reporter before adding any new registry.
2022-03-03 13:56:28,240 [Time-limited test] WARN  impl.MetricRegistriesImpl (MetricRegistriesImpl.java:addReporterRegistration(111)) - New reporters are added after registries were created. Some metrics will be missing from the reporter. Please add reporter before adding any new registry.
2022-03-03 13:56:28,242 [Time-limited test] INFO  ha.SCMRatisServerImpl (SCMRatisServerImpl.java:<init>(87)) - starting Raft server for scm:d391911d-a494-49f8-a9db-8a15da5a0d08
2022-03-03 13:56:28,246 [Time-limited test] INFO  server.RaftServer (ConfUtils.java:logGet(44)) - raft.rpc.type = GRPC (default)
2022-03-03 13:56:28,247 [Time-limited test] INFO  grpc.GrpcFactory (GrpcFactory.java:checkPooledByteBufAllocatorUseCacheForAllThreads(48)) - PERFORMANCE WARNING: useCacheForAllThreads is true that may cause Netty to create a lot garbage objects and, as a result, trigger GC.
	It is recommended to disable useCacheForAllThreads by setting -Dorg.apache.ratis.thirdparty.io.netty.allocator.useCacheForAllThreads=false in command line.
2022-03-03 13:56:28,247 [Time-limited test] INFO  grpc.GrpcConfigKeys (ConfUtils.java:logGet(44)) - raft.grpc.admin.port = -1 (default)
2022-03-03 13:56:28,247 [Time-limited test] INFO  grpc.GrpcConfigKeys (ConfUtils.java:logGet(44)) - raft.grpc.server.port = 44833 (custom)
2022-03-03 13:56:28,247 [Time-limited test] INFO  grpc.GrpcConfigKeys (ConfUtils.java:logGet(44)) - raft.grpc.client.port = -1 (default)
2022-03-03 13:56:28,247 [Time-limited test] INFO  grpc.GrpcConfigKeys (ConfUtils.java:logGet(44)) - raft.grpc.server.port = 44833 (custom)
2022-03-03 13:56:28,247 [Time-limited test] INFO  grpc.GrpcConfigKeys (ConfUtils.java:logGet(44)) - raft.grpc.server.port = 44833 (custom)
2022-03-03 13:56:28,247 [Time-limited test] INFO  server.GrpcService (ConfUtils.java:logGet(44)) - raft.grpc.message.size.max = 32m (=33554432) (custom)
2022-03-03 13:56:28,247 [Time-limited test] INFO  server.RaftServerConfigKeys (ConfUtils.java:logGet(44)) - raft.server.log.appender.buffer.byte-limit = 33554432 (custom)
2022-03-03 13:56:28,247 [Time-limited test] INFO  server.GrpcService (ConfUtils.java:logGet(44)) - raft.grpc.flow.control.window = 1MB (=1048576) (default)
2022-03-03 13:56:28,247 [Time-limited test] INFO  server.RaftServerConfigKeys (ConfUtils.java:logGet(44)) - raft.server.rpc.request.timeout = 30000ms (custom)
2022-03-03 13:56:28,249 [Time-limited test] INFO  impl.DataStreamServerImpl (ConfUtils.java:logGet(44)) - raft.datastream.type = DISABLED (default)
2022-03-03 13:56:28,249 [Time-limited test] INFO  server.RaftServerConfigKeys (ConfUtils.java:logGet(44)) - raft.server.rpc.slowness.timeout = 120000ms (custom)
2022-03-03 13:56:28,249 [Time-limited test] INFO  server.RaftServerConfigKeys (ConfUtils.java:logGet(44)) - raft.server.leaderelection.leader.step-down.wait-time = 10s (default)
2022-03-03 13:56:28,249 [Time-limited test] INFO  server.RaftServerConfigKeys (ConfUtils.java:logGet(44)) - raft.server.storage.dir = [/home/runner/work/ozone/ozone/hadoop-ozone/integration-test/target/test-dir/MiniOzoneClusterImpl-66b45f8e-1cec-491e-b66c-9260b08df491/scmNode-1/scm-ha] (custom)
2022-03-03 13:56:28,250 [Time-limited test] INFO  server.RaftServer (RaftServerProxy.java:lambda$null$1(235)) - d391911d-a494-49f8-a9db-8a15da5a0d08: found a subdirectory /home/runner/work/ozone/ozone/hadoop-ozone/integration-test/target/test-dir/MiniOzoneClusterImpl-66b45f8e-1cec-491e-b66c-9260b08df491/scmNode-1/scm-ha/66b45f8e-1cec-491e-b66c-9260b08df491
2022-03-03 13:56:28,250 [Time-limited test] INFO  server.RaftServer (RaftServerProxy.java:addNew(95)) - d391911d-a494-49f8-a9db-8a15da5a0d08: addNew group-9260B08DF491:[] returns group-9260B08DF491:java.util.concurrent.CompletableFuture@56d1b8f1[Not completed]
2022-03-03 13:56:28,257 [pool-249-thread-1] INFO  server.RaftServer$Division (RaftServerImpl.java:<init>(184)) - d391911d-a494-49f8-a9db-8a15da5a0d08: new RaftServerImpl for group-9260B08DF491:[] with SCMStateMachine:uninitialized
2022-03-03 13:56:28,260 [pool-249-thread-1] INFO  server.RaftServerConfigKeys (ConfUtils.java:logGet(44)) - raft.server.rpc.timeout.min = 5000ms (custom)
2022-03-03 13:56:28,260 [pool-249-thread-1] INFO  server.RaftServerConfigKeys (ConfUtils.java:logGet(44)) - raft.server.rpc.timeout.max = 5200ms (custom)
2022-03-03 13:56:28,260 [pool-249-thread-1] INFO  server.RaftServerConfigKeys (ConfUtils.java:logGet(44)) - raft.server.rpc.sleep.time = 25ms (default)
2022-03-03 13:56:28,260 [pool-249-thread-1] INFO  server.RaftServerConfigKeys (ConfUtils.java:logGet(44)) - raft.server.rpc.slowness.timeout = 120000ms (custom)
2022-03-03 13:56:28,260 [pool-249-thread-1] INFO  server.RaftServerConfigKeys (ConfUtils.java:logGet(44)) - raft.server.leaderelection.leader.step-down.wait-time = 10s (default)
2022-03-03 13:56:28,260 [pool-249-thread-1] INFO  server.RaftServerConfigKeys (ConfUtils.java:logGet(44)) - raft.server.sleep.deviation.threshold = 300ms (default)
2022-03-03 13:56:28,261 [pool-249-thread-1] INFO  server.RaftServerConfigKeys (ConfUtils.java:logGet(44)) - raft.server.log.appender.install.snapshot.enabled = false (custom)
2022-03-03 13:56:28,261 [pool-249-thread-1] INFO  server.RaftServer$Division (ServerState.java:<init>(105)) - d391911d-a494-49f8-a9db-8a15da5a0d08@group-9260B08DF491: ConfigurationManager, init=-1: [], old=null, confs=<EMPTY_MAP>
2022-03-03 13:56:28,261 [pool-249-thread-1] INFO  server.RaftServerConfigKeys (ConfUtils.java:logGet(44)) - raft.server.storage.dir = [/home/runner/work/ozone/ozone/hadoop-ozone/integration-test/target/test-dir/MiniOzoneClusterImpl-66b45f8e-1cec-491e-b66c-9260b08df491/scmNode-1/scm-ha] (custom)
2022-03-03 13:56:28,261 [pool-249-thread-1] INFO  server.RaftServerConfigKeys (ConfUtils.java:logGet(44)) - raft.server.log.corruption.policy = EXCEPTION (default)
2022-03-03 13:56:28,261 [pool-249-thread-1] INFO  server.RaftServerConfigKeys (ConfUtils.java:logGet(44)) - raft.server.storage.free-space.min = 0MB (=0) (default)
2022-03-03 13:56:28,262 [pool-249-thread-1] INFO  storage.RaftStorageDirectory (RaftStorageDirectoryImpl.java:tryLock(230)) - Lock on /home/runner/work/ozone/ozone/hadoop-ozone/integration-test/target/test-dir/MiniOzoneClusterImpl-66b45f8e-1cec-491e-b66c-9260b08df491/scmNode-1/scm-ha/66b45f8e-1cec-491e-b66c-9260b08df491/in_use.lock acquired by nodename 17744@fv-az50-851
2022-03-03 13:56:28,263 [pool-249-thread-1] INFO  storage.RaftStorage (RaftStorageImpl.java:analyzeAndRecoverStorage(110)) - Read RaftStorageMetadata{term=1, votedFor=d391911d-a494-49f8-a9db-8a15da5a0d08} from /home/runner/work/ozone/ozone/hadoop-ozone/integration-test/target/test-dir/MiniOzoneClusterImpl-66b45f8e-1cec-491e-b66c-9260b08df491/scmNode-1/scm-ha/66b45f8e-1cec-491e-b66c-9260b08df491/current/raft-meta
2022-03-03 13:56:28,263 [pool-249-thread-1] INFO  server.RaftServer$Division (ServerState.java:setRaftConf(387)) - d391911d-a494-49f8-a9db-8a15da5a0d08@group-9260B08DF491: set configuration 0: [d391911d-a494-49f8-a9db-8a15da5a0d08|rpc:localhost:44833|admin:|client:|dataStream:|priority:0], old=null
2022-03-03 13:56:28,263 [pool-249-thread-1] INFO  server.RaftServerConfigKeys (ConfUtils.java:logGet(44)) - raft.server.notification.no-leader.timeout = 60s (default)
2022-03-03 13:56:28,263 [pool-249-thread-1] INFO  server.RaftServerConfigKeys (ConfUtils.java:logGet(44)) - raft.server.log.use.memory = false (default)
2022-03-03 13:56:28,263 [pool-249-thread-1] INFO  server.RaftServerConfigKeys (ConfUtils.java:logGet(44)) - raft.server.log.purge.gap = 1000000 (custom)
2022-03-03 13:56:28,263 [pool-249-thread-1] INFO  server.RaftServerConfigKeys (ConfUtils.java:logGet(44)) - raft.server.log.appender.buffer.byte-limit = 33554432 (custom)
2022-03-03 13:56:28,264 [pool-249-thread-1] INFO  server.RaftServerConfigKeys (ConfUtils.java:logGet(44)) - raft.server.log.segment.size.max = 4194304 (custom)
2022-03-03 13:56:28,265 [pool-249-thread-1] INFO  server.RaftServerConfigKeys (ConfUtils.java:logGet(44)) - raft.server.log.segment.cache.num.max = 2 (custom)
2022-03-03 13:56:28,265 [pool-249-thread-1] INFO  server.RaftServerConfigKeys (ConfUtils.java:logGet(44)) - raft.server.log.segment.cache.size.max = 200MB (=209715200) (default)
2022-03-03 13:56:28,265 [pool-249-thread-1] INFO  segmented.SegmentedRaftLogWorker (SegmentedRaftLogWorker.java:<init>(182)) - new d391911d-a494-49f8-a9db-8a15da5a0d08@group-9260B08DF491-SegmentedRaftLogWorker for RaftStorageImpl:Storage Directory /home/runner/work/ozone/ozone/hadoop-ozone/integration-test/target/test-dir/MiniOzoneClusterImpl-66b45f8e-1cec-491e-b66c-9260b08df491/scmNode-1/scm-ha/66b45f8e-1cec-491e-b66c-9260b08df491
2022-03-03 13:56:28,265 [pool-249-thread-1] INFO  server.RaftServerConfigKeys (ConfUtils.java:logGet(44)) - raft.server.log.queue.byte-limit = 64MB (=67108864) (default)
2022-03-03 13:56:28,265 [pool-249-thread-1] INFO  server.RaftServerConfigKeys (ConfUtils.java:logGet(44)) - raft.server.log.queue.element-limit = 4096 (default)
2022-03-03 13:56:28,265 [pool-249-thread-1] INFO  server.RaftServerConfigKeys (ConfUtils.java:logGet(44)) - raft.server.log.segment.size.max = 4194304 (custom)
2022-03-03 13:56:28,265 [pool-249-thread-1] INFO  server.RaftServerConfigKeys (ConfUtils.java:logGet(44)) - raft.server.log.preallocated.size = 4194304 (custom)
2022-03-03 13:56:28,265 [pool-249-thread-1] INFO  server.RaftServerConfigKeys (ConfUtils.java:logGet(44)) - raft.server.log.force.sync.num = 128 (default)
2022-03-03 13:56:28,265 [pool-249-thread-1] INFO  server.RaftServerConfigKeys (ConfUtils.java:logGet(44)) - raft.server.log.statemachine.data.sync = true (default)
2022-03-03 13:56:28,265 [pool-249-thread-1] INFO  server.RaftServerConfigKeys (ConfUtils.java:logGet(44)) - raft.server.log.statemachine.data.sync.timeout = 10s (default)
2022-03-03 13:56:28,265 [pool-249-thread-1] INFO  server.RaftServerConfigKeys (ConfUtils.java:logGet(44)) - raft.server.log.statemachine.data.sync.timeout.retry = -1 (default)
2022-03-03 13:56:28,268 [pool-249-thread-1] INFO  server.RaftServerConfigKeys (ConfUtils.java:logGet(44)) - raft.server.log.write.buffer.size = 64KB (=65536) (default)
2022-03-03 13:56:28,268 [pool-249-thread-1] INFO  server.RaftServerConfigKeys (ConfUtils.java:logGet(44)) - raft.server.log.statemachine.data.caching.enabled = false (default)
2022-03-03 13:56:28,269 [pool-249-thread-1] INFO  server.RaftServer$Division (ServerState.java:setRaftConf(387)) - d391911d-a494-49f8-a9db-8a15da5a0d08@group-9260B08DF491: set configuration 0: [d391911d-a494-49f8-a9db-8a15da5a0d08|rpc:localhost:44833|admin:|client:|dataStream:|priority:0], old=null
2022-03-03 13:56:28,269 [pool-249-thread-1] INFO  segmented.LogSegment (LogSegment.java:loadSegment(173)) - Successfully read 1 entries from segment file /home/runner/work/ozone/ozone/hadoop-ozone/integration-test/target/test-dir/MiniOzoneClusterImpl-66b45f8e-1cec-491e-b66c-9260b08df491/scmNode-1/scm-ha/66b45f8e-1cec-491e-b66c-9260b08df491/current/log_inprogress_0
2022-03-03 13:56:28,270 [pool-249-thread-1] INFO  segmented.SegmentedRaftLogWorker (SegmentedRaftLogWorker.java:lambda$new$0(133)) - d391911d-a494-49f8-a9db-8a15da5a0d08@group-9260B08DF491-SegmentedRaftLogWorker: flushIndex: setUnconditionally 0 -> 0
2022-03-03 13:56:28,270 [pool-249-thread-1] INFO  segmented.SegmentedRaftLogWorker (SegmentedRaftLogWorker.java:lambda$new$0(133)) - d391911d-a494-49f8-a9db-8a15da5a0d08@group-9260B08DF491-SegmentedRaftLogWorker: safeCacheEvictIndex: setUnconditionally 0 -> -1
2022-03-03 13:56:28,275 [pool-249-thread-1] INFO  server.RaftServerConfigKeys (ConfUtils.java:logGet(44)) - raft.server.snapshot.auto.trigger.enabled = true (custom)
2022-03-03 13:56:28,275 [pool-249-thread-1] INFO  server.RaftServerConfigKeys (ConfUtils.java:logGet(44)) - raft.server.snapshot.auto.trigger.threshold = 1000 (custom)
2022-03-03 13:56:28,275 [pool-249-thread-1] INFO  server.RaftServerConfigKeys (ConfUtils.java:logGet(44)) - raft.server.snapshot.retention.file.num = -1 (default)
2022-03-03 13:56:28,275 [pool-249-thread-1] INFO  server.RaftServerConfigKeys (ConfUtils.java:logGet(44)) - raft.server.log.purge.upto.snapshot.index = false (default)
2022-03-03 13:56:28,275 [pool-249-thread-1] INFO  server.RaftServerConfigKeys (ConfUtils.java:logGet(44)) - raft.server.retrycache.expirytime = 60000ms (default)
2022-03-03 13:56:28,275 [pool-249-thread-1] INFO  server.RaftServerConfigKeys (ConfUtils.java:logGet(44)) - raft.server.retrycache.statistics.expirytime = 100μs (default)
2022-03-03 13:56:28,277 [Time-limited test] INFO  ha.SCMSnapshotProvider (SCMSnapshotProvider.java:<init>(66)) - Initializing SCM Snapshot Provider
2022-03-03 13:56:28,277 [Time-limited test] WARN  server.ServerUtils (ServerUtils.java:getDefaultRatisDirectory(237)) - Storage directory for Ratis is not configured. It is a good idea to map this to an SSD disk. Falling back to ozone.metadata.dirs
2022-03-03 13:56:28,277 [Time-limited test] WARN  ha.SCMHAUtils (SCMHAUtils.java:getSCMRatisSnapshotDirectory(151)) - SCM snapshot dir is not configured. Falling back to ozone.metadata.dirs config
2022-03-03 13:56:28,278 [Time-limited test] INFO  ha.SequenceIdGenerator (SequenceIdGenerator.java:upgradeToSequenceId(347)) - upgrade localId to 109611004723200000
2022-03-03 13:56:28,278 [Time-limited test] INFO  ha.SequenceIdGenerator (SequenceIdGenerator.java:upgradeToSequenceId(357)) - upgrade delTxnId to 0
2022-03-03 13:56:28,279 [Time-limited test] INFO  ha.SequenceIdGenerator (SequenceIdGenerator.java:upgradeToSequenceId(371)) - upgrade containerId to 0
2022-03-03 13:56:28,279 [Time-limited test] INFO  ha.SequenceIdGenerator (SequenceIdGenerator.java:<init>(218)) - Init the HA SequenceIdGenerator.
2022-03-03 13:56:28,280 [Time-limited test] INFO  node.SCMNodeManager (SCMNodeManager.java:<init>(146)) - Entering startup safe mode.
2022-03-03 13:56:28,281 [Time-limited test] INFO  algorithms.ContainerPlacementPolicyFactory (ContainerPlacementPolicyFactory.java:getPolicy(60)) - Create container placement policy of type org.apache.hadoop.hdds.scm.container.placement.algorithms.SCMContainerPlacementRandom
2022-03-03 13:56:28,281 [Time-limited test] INFO  pipeline.PipelineStateManagerImpl (PipelineStateManagerImpl.java:initialize(78)) - No pipeline exists in current db
2022-03-03 13:56:28,282 [Time-limited test] INFO  algorithms.LeaderChoosePolicyFactory (LeaderChoosePolicyFactory.java:getPolicy(57)) - Create leader choose policy of type org.apache.hadoop.hdds.scm.pipeline.leader.choose.algorithms.MinLeaderCountChoosePolicy
2022-03-03 13:56:28,282 [Time-limited test] INFO  ha.SCMServiceManager (SCMServiceManager.java:register(42)) - Registering service BackgroundPipelineCreator.
2022-03-03 13:56:28,282 [Time-limited test] INFO  pipeline.BackgroundPipelineCreator (BackgroundPipelineCreator.java:start(130)) - Starting RatisPipelineUtilsThread.
2022-03-03 13:56:28,283 [Time-limited test] INFO  algorithms.PipelineChoosePolicyFactory (PipelineChoosePolicyFactory.java:createPipelineChoosePolicyFromClass(73)) - Create pipeline choose policy of type org.apache.hadoop.hdds.scm.pipeline.choose.algorithms.RandomPipelineChoosePolicy
2022-03-03 13:56:28,283 [Time-limited test] INFO  ha.SCMServiceManager (SCMServiceManager.java:register(42)) - Registering service SCMBlockDeletingService.
2022-03-03 13:56:28,283 [Time-limited test] INFO  ha.SCMServiceManager (SCMServiceManager.java:register(42)) - Registering service ReplicationManager.
2022-03-03 13:56:28,284 [Time-limited test] INFO  container.ReplicationManager (ReplicationManager.java:start(326)) - Starting Replication Monitor Thread.
2022-03-03 13:56:28,288 [Time-limited test] INFO  safemode.ContainerSafeModeRule (ContainerSafeModeRule.java:<init>(89)) - containers with one replica threshold count 0
2022-03-03 13:56:28,288 [Time-limited test] INFO  safemode.HealthyPipelineSafeModeRule (HealthyPipelineSafeModeRule.java:initializeRule(156)) - Total pipeline count is 0, healthy pipeline threshold count is 1
2022-03-03 13:56:28,288 [Time-limited test] INFO  safemode.OneReplicaPipelineSafeModeRule (OneReplicaPipelineSafeModeRule.java:initializeRule(180)) - Total pipeline count is 0, pipeline's with at least one datanode reported threshold count is 0
2022-03-03 13:56:28,290 [Time-limited test] INFO  ipc.CallQueueManager (CallQueueManager.java:<init>(90)) - Using callQueue: class java.util.concurrent.LinkedBlockingQueue, queueCapacity: 10000, scheduler: class org.apache.hadoop.ipc.DefaultRpcScheduler, ipcBackoff: false.
2022-03-03 13:56:28,290 [Socket Reader #1 for port 43477] INFO  ipc.Server (Server.java:run(1265)) - Starting Socket Reader #1 for port 43477
2022-03-03 13:56:28,291 [Listener at 0.0.0.0/43477] INFO  ipc.CallQueueManager (CallQueueManager.java:<init>(90)) - Using callQueue: class java.util.concurrent.LinkedBlockingQueue, queueCapacity: 10000, scheduler: class org.apache.hadoop.ipc.DefaultRpcScheduler, ipcBackoff: false.
2022-03-03 13:56:28,295 [Socket Reader #1 for port 36825] INFO  ipc.Server (Server.java:run(1265)) - Starting Socket Reader #1 for port 36825
2022-03-03 13:56:28,295 [Listener at 0.0.0.0/36825] INFO  ipc.CallQueueManager (CallQueueManager.java:<init>(90)) - Using callQueue: class java.util.concurrent.LinkedBlockingQueue, queueCapacity: 10000, scheduler: class org.apache.hadoop.ipc.DefaultRpcScheduler, ipcBackoff: false.
2022-03-03 13:56:28,307 [Socket Reader #1 for port 35019] INFO  ipc.Server (Server.java:run(1265)) - Starting Socket Reader #1 for port 35019
2022-03-03 13:56:28,319 [ReplicationMonitor] INFO  container.ReplicationManager (ReplicationManager.java:processAll(374)) - Replication Manager is not ready to run until 300000ms after safemode exit
2022-03-03 13:56:28,346 [Listener at 0.0.0.0/35019] INFO  server.StorageContainerManager (StorageContainerManager.java:<init>(389)) - 
Container Balancer status:
Key                            Value
Running                        false
Container Balancer Configuration values:
Key                                                Value
Threshold                                          10
Max Datanodes to Involve per Iteration(percent)    20
Max Size to Move per Iteration                     500GB
Max Size Entering Target per Iteration             26GB
Max Size Leaving Source per Iteration              26GB

2022-03-03 13:56:28,350 [Listener at 0.0.0.0/35019] WARN  events.EventQueue (EventQueue.java:fireEvent(194)) - No event handler registered for event TypedEvent{payloadType=SafeModeStatus, name='Safe mode status'}
2022-03-03 13:56:28,350 [Listener at 0.0.0.0/35019] INFO  ha.SCMContext (SCMContext.java:updateSafeModeStatus(211)) - Update SafeModeStatus from SafeModeStatus{safeModeStatus=true, preCheckPassed=false} to SafeModeStatus{safeModeStatus=true, preCheckPassed=false}.
2022-03-03 13:56:28,352 [Listener at 0.0.0.0/35019] INFO  server.StorageContainerManager (StorageContainerManager.java:start(1327)) - StorageContainerLocationProtocol RPC server is listening at /0.0.0.0:35019
2022-03-03 13:56:28,352 [Listener at 0.0.0.0/35019] INFO  ha.SCMRatisServerImpl (SCMRatisServerImpl.java:start(177)) - starting ratis server 0.0.0.0:44833
2022-03-03 13:56:28,352 [Listener at 0.0.0.0/35019] INFO  server.RaftServer$Division (RaftServerImpl.java:start(301)) - d391911d-a494-49f8-a9db-8a15da5a0d08@group-9260B08DF491: start as a follower, conf=0: [d391911d-a494-49f8-a9db-8a15da5a0d08|rpc:localhost:44833|admin:|client:|dataStream:|priority:0], old=null
2022-03-03 13:56:28,352 [Listener at 0.0.0.0/35019] INFO  server.RaftServer$Division (RaftServerImpl.java:setRole(290)) - d391911d-a494-49f8-a9db-8a15da5a0d08@group-9260B08DF491: changes role from      null to FOLLOWER at term 1 for startAsFollower
2022-03-03 13:56:28,352 [Listener at 0.0.0.0/35019] INFO  impl.RoleInfo (RoleInfo.java:updateAndGet(130)) - d391911d-a494-49f8-a9db-8a15da5a0d08: start d391911d-a494-49f8-a9db-8a15da5a0d08@group-9260B08DF491-FollowerState
2022-03-03 13:56:28,352 [Listener at 0.0.0.0/35019] INFO  util.JmxRegister (JmxRegister.java:tryRegister(44)) - Successfully registered JMX Bean with object name Ratis:service=RaftServer,group=group-9260B08DF491,id=d391911d-a494-49f8-a9db-8a15da5a0d08
2022-03-03 13:56:28,353 [Listener at 0.0.0.0/35019] INFO  server.RaftServer (RaftServerProxy.java:lambda$start$5(374)) - d391911d-a494-49f8-a9db-8a15da5a0d08: start RPC server
2022-03-03 13:56:28,353 [Listener at 0.0.0.0/35019] INFO  server.GrpcService (GrpcService.java:startImpl(253)) - d391911d-a494-49f8-a9db-8a15da5a0d08: GrpcService started, listening on 44833
2022-03-03 13:56:28,354 [Listener at 0.0.0.0/35019] INFO  ha.SCMHAManagerImpl (SCMHAManagerImpl.java:start(121)) -  scm role is FOLLOWER peers [d391911d-a494-49f8-a9db-8a15da5a0d08|rpc:localhost:44833|admin:|client:|dataStream:|priority:0]
2022-03-03 13:56:28,354 [Listener at 0.0.0.0/35019] INFO  ha.InterSCMGrpcService (InterSCMGrpcProtocolService.java:start(94)) - Starting SCM Grpc Service at port 37901
2022-03-03 13:56:28,355 [Listener at 0.0.0.0/35019] WARN  impl.MetricsConfig (MetricsConfig.java:loadFirst(136)) - Cannot locate configuration: tried hadoop-metrics2-storagecontainermanager.properties,hadoop-metrics2.properties
2022-03-03 13:56:28,363 [org.apache.ratis.util.JvmPauseMonitor$$Lambda$435/931852204@518fa08d] INFO  util.JvmPauseMonitor (JvmPauseMonitor.java:run(103)) - JvmPauseMonitor-d391911d-a494-49f8-a9db-8a15da5a0d08: Started
2022-03-03 13:56:28,367 [Listener at 0.0.0.0/35019] INFO  impl.MetricsSystemImpl (MetricsSystemImpl.java:startTimer(378)) - Scheduled Metric snapshot period at 10 second(s).
2022-03-03 13:56:28,367 [Listener at 0.0.0.0/35019] INFO  impl.MetricsSystemImpl (MetricsSystemImpl.java:start(191)) - StorageContainerManager metrics system started
2022-03-03 13:56:28,386 [Listener at 0.0.0.0/35019] INFO  impl.MetricsSinkAdapter (MetricsSinkAdapter.java:start(204)) - Sink prometheus started
2022-03-03 13:56:28,391 [Listener at 0.0.0.0/35019] INFO  impl.MetricsSystemImpl (MetricsSystemImpl.java:registerSink(305)) - Registered sink prometheus
2022-03-03 13:56:28,435 [Listener at 0.0.0.0/35019] INFO  server.SCMClientProtocolServer (SCMClientProtocolServer.java:start(165)) - RPC server for Client  is listening at /0.0.0.0:35019
2022-03-03 13:56:28,447 [IPC Server Responder] INFO  ipc.Server (Server.java:run(1507)) - IPC Server Responder: starting
2022-03-03 13:56:28,459 [IPC Server listener on 35019] INFO  ipc.Server (Server.java:run(1344)) - IPC Server listener on 35019: starting
2022-03-03 13:56:28,492 [Listener at 0.0.0.0/35019] INFO  server.StorageContainerManager (StorageContainerManager.java:start(1342)) - ScmBlockLocationProtocol RPC server is listening at /0.0.0.0:36825
2022-03-03 13:56:28,493 [Listener at 0.0.0.0/35019] INFO  server.SCMBlockProtocolServer (SCMBlockProtocolServer.java:start(151)) - RPC server for Block Protocol is listening at /0.0.0.0:36825
2022-03-03 13:56:28,516 [Listener at 0.0.0.0/35019] INFO  http.BaseHttpServer (BaseHttpServer.java:newHttpServer2BuilderForOzone(209)) - Starting Web-server for scm at: http://0.0.0.0:32809
2022-03-03 13:56:28,516 [Listener at 0.0.0.0/35019] INFO  http.BaseHttpServer (BaseHttpServer.java:<init>(107)) - Hadoop Security Enabled: false Ozone Security Enabled: false Ozone HTTP Security Enabled: false 
2022-03-03 13:56:28,517 [Listener at 0.0.0.0/35019] INFO  server.AuthenticationFilter (AuthenticationFilter.java:constructSecretProvider(240)) - Unable to initialize FileSignerSecretProvider, falling back to use random secrets.
2022-03-03 13:56:28,518 [Listener at 0.0.0.0/35019] WARN  http.HttpRequestLog (HttpRequestLog.java:getRequestLog(103)) - Jetty request log can only be enabled using Log4j
2022-03-03 13:56:28,519 [Listener at 0.0.0.0/35019] INFO  http.HttpServer2 (HttpServer2.java:addGlobalFilter(1030)) - Added global filter 'safety' (class=org.apache.hadoop.hdds.server.http.HttpServer2$QuotingInputFilter)
2022-03-03 13:56:28,519 [Listener at 0.0.0.0/35019] INFO  http.HttpServer2 (HttpServer2.java:addFilter(1006)) - Added filter static_user_filter (class=org.apache.hadoop.http.lib.StaticUserWebFilter$StaticUserFilter) to context scm
2022-03-03 13:56:28,519 [Listener at 0.0.0.0/35019] INFO  http.HttpServer2 (HttpServer2.java:addFilter(1014)) - Added filter static_user_filter (class=org.apache.hadoop.http.lib.StaticUserWebFilter$StaticUserFilter) to context logs
2022-03-03 13:56:28,519 [Listener at 0.0.0.0/35019] INFO  http.HttpServer2 (HttpServer2.java:addFilter(1014)) - Added filter static_user_filter (class=org.apache.hadoop.http.lib.StaticUserWebFilter$StaticUserFilter) to context static
2022-03-03 13:56:28,520 [Listener at 0.0.0.0/35019] INFO  http.HttpServer2 (HttpServer2.java:bindListener(1249)) - Jetty bound to port 32809
2022-03-03 13:56:28,520 [Listener at 0.0.0.0/35019] INFO  server.Server (Server.java:doStart(375)) - jetty-9.4.43.v20210629; built: 2021-06-30T11:07:22.254Z; git: 526006ecfa3af7f1a27ef3a288e2bef7ea9dd7e8; jvm 1.8.0_322-b06
2022-03-03 13:56:28,521 [Listener at 0.0.0.0/35019] INFO  server.session (DefaultSessionIdManager.java:doStart(334)) - DefaultSessionIdManager workerName=node0
2022-03-03 13:56:28,521 [Listener at 0.0.0.0/35019] INFO  server.session (DefaultSessionIdManager.java:doStart(339)) - No SessionScavenger set, using defaults
2022-03-03 13:56:28,521 [Listener at 0.0.0.0/35019] INFO  server.session (HouseKeeper.java:startScavenging(132)) - node0 Scavenging every 600000ms
2022-03-03 13:56:28,522 [Listener at 0.0.0.0/35019] INFO  handler.ContextHandler (ContextHandler.java:doStart(915)) - Started o.e.j.s.ServletContextHandler@aeb4def{logs,/logs,file:///home/runner/work/ozone/ozone/hadoop-ozone/integration-test/target/log,AVAILABLE}
2022-03-03 13:56:28,522 [Listener at 0.0.0.0/35019] INFO  handler.ContextHandler (ContextHandler.java:doStart(915)) - Started o.e.j.s.ServletContextHandler@442155e4{static,/static,file:///home/runner/work/ozone/ozone/hadoop-ozone/integration-test/target/test-classes/webapps/static,AVAILABLE}
2022-03-03 13:56:28,522 [org.apache.hadoop.util.JvmPauseMonitor$Monitor@288dbe5] INFO  util.JvmPauseMonitor (JvmPauseMonitor.java:run(188)) - Starting JVM pause monitor
2022-03-03 13:56:28,523 [IPC Server listener on 36825] INFO  ipc.Server (Server.java:run(1344)) - IPC Server listener on 36825: starting
2022-03-03 13:56:28,532 [Listener at 0.0.0.0/35019] INFO  handler.ContextHandler (ContextHandler.java:doStart(915)) - Started o.e.j.w.WebAppContext@1dc59a30{scm,/,file:///home/runner/work/ozone/ozone/hadoop-ozone/integration-test/target/test-classes/webapps/scm/,AVAILABLE}{file:/home/runner/work/ozone/ozone/hadoop-ozone/integration-test/target/test-classes/webapps/scm}
2022-03-03 13:56:28,535 [IPC Server Responder] INFO  ipc.Server (Server.java:run(1507)) - IPC Server Responder: starting
2022-03-03 13:56:28,539 [Listener at 0.0.0.0/35019] INFO  server.AbstractConnector (AbstractConnector.java:doStart(331)) - Started ServerConnector@12b1aad0{HTTP/1.1, (http/1.1)}{0.0.0.0:32809}
2022-03-03 13:56:28,542 [Listener at 0.0.0.0/35019] INFO  server.Server (Server.java:doStart(415)) - Started @79405ms
2022-03-03 13:56:28,543 [Listener at 0.0.0.0/35019] WARN  impl.MetricsSystemImpl (MetricsSystemImpl.java:register(279)) - Sink prometheus already exists!
2022-03-03 13:56:28,543 [Listener at 0.0.0.0/35019] INFO  http.BaseHttpServer (BaseHttpServer.java:updateConnectorAddress(329)) - HTTP server of scm listening at http://0.0.0.0:32809
2022-03-03 13:56:28,543 [Listener at 0.0.0.0/35019] INFO  ozone.MiniOzoneHAClusterImpl (MiniOzoneHAClusterImpl.java:createSCMService(600)) - Started SCM RPC server at /0.0.0.0:35019
2022-03-03 13:56:28,544 [Listener at 0.0.0.0/35019] INFO  ha.OMHANodeDetails (OMHANodeDetails.java:loadOMHAConfig(118)) - ServiceID for OzoneManager is om-add-remove
2022-03-03 13:56:28,544 [Listener at 0.0.0.0/35019] INFO  ha.OMHANodeDetails (OMHANodeDetails.java:loadOMHAConfig(193)) - Found matching OM address with OMServiceId: om-add-remove, OMNodeId: omNode-1, RPC Address: localhost:42531 and Ratis port: 46107
2022-03-03 13:56:28,544 [Listener at 0.0.0.0/35019] INFO  ha.OMHANodeDetails (ConfUtils.java:setNodeSpecificConfigs(108)) - Setting configuration key ozone.om.http-address with value of key ozone.om.http-address.om-add-remove.omNode-1: 127.0.0.1:33345
2022-03-03 13:56:28,544 [Listener at 0.0.0.0/35019] INFO  ha.OMHANodeDetails (ConfUtils.java:setNodeSpecificConfigs(108)) - Setting configuration key ozone.om.https-address with value of key ozone.om.https-address.om-add-remove.omNode-1: 127.0.0.1:39383
2022-03-03 13:56:28,544 [Listener at 0.0.0.0/35019] INFO  ha.OMHANodeDetails (ConfUtils.java:setNodeSpecificConfigs(108)) - Setting configuration key ozone.om.address with value of key ozone.om.address.om-add-remove.omNode-1: 127.0.0.1:42531
2022-03-03 13:56:28,544 [Listener at 0.0.0.0/35019] WARN  server.ServerUtils (ServerUtils.java:getDBPath(225)) - ozone.om.db.dirs is not configured. We recommend adding this setting. Falling back to ozone.metadata.dirs instead.
2022-03-03 13:56:28,545 [Listener at 0.0.0.0/35019] INFO  ha.SCMNodeInfo (SCMNodeInfo.java:getPort(197)) - ConfigKey ozone.scm.client.address is deprecated, For configuring different ports for each SCM use PortConfigKey ozone.scm.client.port appended with serviceId and nodeId
2022-03-03 13:56:28,545 [Listener at 0.0.0.0/35019] INFO  ha.SCMNodeInfo (SCMNodeInfo.java:getPort(197)) - ConfigKey ozone.scm.block.client.address is deprecated, For configuring different ports for each SCM use PortConfigKey ozone.scm.block.client.port appended with serviceId and nodeId
2022-03-03 13:56:28,545 [Listener at 0.0.0.0/35019] INFO  ha.SCMNodeInfo (SCMNodeInfo.java:getPort(197)) - ConfigKey ozone.scm.datanode.address is deprecated, For configuring different ports for each SCM use PortConfigKey ozone.scm.datanode.port appended with serviceId and nodeId
2022-03-03 13:56:29,076 [EndpointStateMachine task thread for /127.0.0.1:35581 - 0 ] INFO  ipc.Client (Client.java:handleConnectionFailure(977)) - Retrying connect to server: localhost/127.0.0.1:35581. Already tried 12 time(s); retry policy is RetryUpToMaximumCountWithFixedSleep(maxRetries=15, sleepTime=1000 MILLISECONDS)
2022-03-03 13:56:30,076 [EndpointStateMachine task thread for /127.0.0.1:35581 - 0 ] INFO  ipc.Client (Client.java:handleConnectionFailure(977)) - Retrying connect to server: localhost/127.0.0.1:35581. Already tried 13 time(s); retry policy is RetryUpToMaximumCountWithFixedSleep(maxRetries=15, sleepTime=1000 MILLISECONDS)
2022-03-03 13:56:30,581 [Listener at 0.0.0.0/35019] INFO  retry.RetryInvocationHandler (RetryInvocationHandler.java:log(411)) - com.google.protobuf.ServiceException: org.apache.hadoop.ipc.RemoteException(org.apache.hadoop.hdds.ratis.ServerNotLeaderException): Server:d391911d-a494-49f8-a9db-8a15da5a0d08 is not the leader. Could not determine the leader node.
	at org.apache.hadoop.hdds.ratis.ServerNotLeaderException.convertToNotLeaderException(ServerNotLeaderException.java:109)
	at org.apache.hadoop.hdds.scm.ha.RatisUtil.checkRatisException(RatisUtil.java:246)
	at org.apache.hadoop.hdds.scm.protocol.ScmBlockLocationProtocolServerSideTranslatorPB.send(ScmBlockLocationProtocolServerSideTranslatorPB.java:108)
	at org.apache.hadoop.hdds.protocol.proto.ScmBlockLocationProtocolProtos$ScmBlockLocationProtocolService$2.callBlockingMethod(ScmBlockLocationProtocolProtos.java:13937)
	at org.apache.hadoop.ipc.ProtobufRpcEngine$Server.processCall(ProtobufRpcEngine.java:466)
	at org.apache.hadoop.ipc.ProtobufRpcEngine2$Server$ProtoBufRpcInvoker.call(ProtobufRpcEngine2.java:574)
	at org.apache.hadoop.ipc.ProtobufRpcEngine2$Server$ProtoBufRpcInvoker.call(ProtobufRpcEngine2.java:552)
	at org.apache.hadoop.ipc.RPC$Server.call(RPC.java:1093)
	at org.apache.hadoop.ipc.Server$RpcCall.run(Server.java:1035)
	at org.apache.hadoop.ipc.Server$RpcCall.run(Server.java:963)
	at java.security.AccessController.doPrivileged(Native Method)
	at javax.security.auth.Subject.doAs(Subject.java:422)
	at org.apache.hadoop.security.UserGroupInformation.doAs(UserGroupInformation.java:1878)
	at org.apache.hadoop.ipc.Server$Handler.run(Server.java:2966)
, while invoking $Proxy40.send over nodeId=scmNode-1,nodeAddress=/127.0.0.1:36825 after 1 failover attempts. Trying to failover after sleeping for 2000ms.
2022-03-03 13:56:31,077 [EndpointStateMachine task thread for /127.0.0.1:35581 - 0 ] INFO  ipc.Client (Client.java:handleConnectionFailure(977)) - Retrying connect to server: localhost/127.0.0.1:35581. Already tried 14 time(s); retry policy is RetryUpToMaximumCountWithFixedSleep(maxRetries=15, sleepTime=1000 MILLISECONDS)
2022-03-03 13:56:32,078 [EndpointStateMachine task thread for /127.0.0.1:35581 - 0 ] INFO  ipc.Client (Client.java:handleConnectionFailure(977)) - Retrying connect to server: localhost/127.0.0.1:35581. Already tried 0 time(s); retry policy is RetryUpToMaximumCountWithFixedSleep(maxRetries=15, sleepTime=1000 MILLISECONDS)
2022-03-03 13:56:32,586 [Listener at 0.0.0.0/35019] INFO  retry.RetryInvocationHandler (RetryInvocationHandler.java:log(411)) - com.google.protobuf.ServiceException: org.apache.hadoop.ipc.RemoteException(org.apache.hadoop.hdds.ratis.ServerNotLeaderException): Server:d391911d-a494-49f8-a9db-8a15da5a0d08 is not the leader. Could not determine the leader node.
	at org.apache.hadoop.hdds.ratis.ServerNotLeaderException.convertToNotLeaderException(ServerNotLeaderException.java:109)
	at org.apache.hadoop.hdds.scm.ha.RatisUtil.checkRatisException(RatisUtil.java:246)
	at org.apache.hadoop.hdds.scm.protocol.ScmBlockLocationProtocolServerSideTranslatorPB.send(ScmBlockLocationProtocolServerSideTranslatorPB.java:108)
	at org.apache.hadoop.hdds.protocol.proto.ScmBlockLocationProtocolProtos$ScmBlockLocationProtocolService$2.callBlockingMethod(ScmBlockLocationProtocolProtos.java:13937)
	at org.apache.hadoop.ipc.ProtobufRpcEngine$Server.processCall(ProtobufRpcEngine.java:466)
	at org.apache.hadoop.ipc.ProtobufRpcEngine2$Server$ProtoBufRpcInvoker.call(ProtobufRpcEngine2.java:574)
	at org.apache.hadoop.ipc.ProtobufRpcEngine2$Server$ProtoBufRpcInvoker.call(ProtobufRpcEngine2.java:552)
	at org.apache.hadoop.ipc.RPC$Server.call(RPC.java:1093)
	at org.apache.hadoop.ipc.Server$RpcCall.run(Server.java:1035)
	at org.apache.hadoop.ipc.Server$RpcCall.run(Server.java:963)
	at java.security.AccessController.doPrivileged(Native Method)
	at javax.security.auth.Subject.doAs(Subject.java:422)
	at org.apache.hadoop.security.UserGroupInformation.doAs(UserGroupInformation.java:1878)
	at org.apache.hadoop.ipc.Server$Handler.run(Server.java:2966)
, while invoking $Proxy40.send over nodeId=scmNode-1,nodeAddress=/127.0.0.1:36825 after 2 failover attempts. Trying to failover after sleeping for 2000ms.
2022-03-03 13:56:33,080 [EndpointStateMachine task thread for /127.0.0.1:35581 - 0 ] INFO  ipc.Client (Client.java:handleConnectionFailure(977)) - Retrying connect to server: localhost/127.0.0.1:35581. Already tried 1 time(s); retry policy is RetryUpToMaximumCountWithFixedSleep(maxRetries=15, sleepTime=1000 MILLISECONDS)
2022-03-03 13:56:33,491 [d391911d-a494-49f8-a9db-8a15da5a0d08@group-9260B08DF491-FollowerState] INFO  impl.FollowerState (FollowerState.java:run(134)) - d391911d-a494-49f8-a9db-8a15da5a0d08@group-9260B08DF491-FollowerState: change to CANDIDATE, lastRpcElapsedTime:5138926546ns, electionTimeout:5138ms
2022-03-03 13:56:33,492 [d391911d-a494-49f8-a9db-8a15da5a0d08@group-9260B08DF491-FollowerState] INFO  impl.RoleInfo (RoleInfo.java:shutdownFollowerState(108)) - d391911d-a494-49f8-a9db-8a15da5a0d08: shutdown d391911d-a494-49f8-a9db-8a15da5a0d08@group-9260B08DF491-FollowerState
2022-03-03 13:56:33,492 [d391911d-a494-49f8-a9db-8a15da5a0d08@group-9260B08DF491-FollowerState] INFO  server.RaftServer$Division (RaftServerImpl.java:setRole(290)) - d391911d-a494-49f8-a9db-8a15da5a0d08@group-9260B08DF491: changes role from  FOLLOWER to CANDIDATE at term 1 for changeToCandidate
2022-03-03 13:56:33,492 [d391911d-a494-49f8-a9db-8a15da5a0d08@group-9260B08DF491-FollowerState] INFO  server.RaftServerConfigKeys (ConfUtils.java:logGet(44)) - raft.server.leaderelection.pre-vote = false (custom)
2022-03-03 13:56:33,492 [d391911d-a494-49f8-a9db-8a15da5a0d08@group-9260B08DF491-FollowerState] INFO  impl.RoleInfo (RoleInfo.java:updateAndGet(130)) - d391911d-a494-49f8-a9db-8a15da5a0d08: start d391911d-a494-49f8-a9db-8a15da5a0d08@group-9260B08DF491-LeaderElection19
2022-03-03 13:56:33,515 [d391911d-a494-49f8-a9db-8a15da5a0d08@group-9260B08DF491-LeaderElection19] INFO  impl.LeaderElection (LeaderElection.java:askForVotes(306)) - d391911d-a494-49f8-a9db-8a15da5a0d08@group-9260B08DF491-LeaderElection19 ELECTION round 0: submit vote requests at term 2 for 0: [d391911d-a494-49f8-a9db-8a15da5a0d08|rpc:localhost:44833|admin:|client:|dataStream:|priority:0], old=null
2022-03-03 13:56:33,515 [d391911d-a494-49f8-a9db-8a15da5a0d08@group-9260B08DF491-LeaderElection19] INFO  impl.LeaderElection (LeaderElection.java:askForVotes(308)) - d391911d-a494-49f8-a9db-8a15da5a0d08@group-9260B08DF491-LeaderElection19 ELECTION round 0: result PASSED (term=2)
2022-03-03 13:56:33,515 [d391911d-a494-49f8-a9db-8a15da5a0d08@group-9260B08DF491-LeaderElection19] INFO  impl.RoleInfo (RoleInfo.java:shutdownLeaderElection(121)) - d391911d-a494-49f8-a9db-8a15da5a0d08: shutdown d391911d-a494-49f8-a9db-8a15da5a0d08@group-9260B08DF491-LeaderElection19
2022-03-03 13:56:33,515 [d391911d-a494-49f8-a9db-8a15da5a0d08@group-9260B08DF491-LeaderElection19] INFO  server.RaftServer$Division (RaftServerImpl.java:setRole(290)) - d391911d-a494-49f8-a9db-8a15da5a0d08@group-9260B08DF491: changes role from CANDIDATE to LEADER at term 2 for changeToLeader
2022-03-03 13:56:33,515 [d391911d-a494-49f8-a9db-8a15da5a0d08@group-9260B08DF491-LeaderElection19] INFO  ha.SCMStateMachine (SCMStateMachine.java:notifyLeaderChanged(259)) - current SCM becomes leader of term 2.
2022-03-03 13:56:33,515 [d391911d-a494-49f8-a9db-8a15da5a0d08@group-9260B08DF491-LeaderElection19] INFO  ha.SCMContext (SCMContext.java:updateLeaderAndTerm(90)) - update <isLeader,term> from <false,0> to <true,2>
2022-03-03 13:56:33,516 [d391911d-a494-49f8-a9db-8a15da5a0d08@group-9260B08DF491-LeaderElection19] INFO  server.RaftServer$Division (ServerState.java:setLeader(285)) - d391911d-a494-49f8-a9db-8a15da5a0d08@group-9260B08DF491: change Leader from null to d391911d-a494-49f8-a9db-8a15da5a0d08 at term 2 for becomeLeader, leader elected after 5252ms
2022-03-03 13:56:33,516 [d391911d-a494-49f8-a9db-8a15da5a0d08@group-9260B08DF491-LeaderElection19] INFO  server.RaftServerConfigKeys (ConfUtils.java:logGet(44)) - raft.server.staging.catchup.gap = 1000 (default)
2022-03-03 13:56:33,516 [d391911d-a494-49f8-a9db-8a15da5a0d08@group-9260B08DF491-LeaderElection19] INFO  server.RaftServerConfigKeys (ConfUtils.java:logGet(44)) - raft.server.write.element-limit = 4096 (default)
2022-03-03 13:56:33,516 [d391911d-a494-49f8-a9db-8a15da5a0d08@group-9260B08DF491-LeaderElection19] INFO  server.RaftServerConfigKeys (ConfUtils.java:logGet(44)) - raft.server.write.byte-limit = 64MB (=67108864) (default)
2022-03-03 13:56:33,516 [d391911d-a494-49f8-a9db-8a15da5a0d08@group-9260B08DF491-LeaderElection19] INFO  server.RaftServerConfigKeys (ConfUtils.java:logGet(44)) - raft.server.watch.timeout = 10s (default)
2022-03-03 13:56:33,516 [d391911d-a494-49f8-a9db-8a15da5a0d08@group-9260B08DF491-LeaderElection19] INFO  server.RaftServerConfigKeys (ConfUtils.java:logGet(44)) - raft.server.watch.timeout.denomination = 1s (default)
2022-03-03 13:56:33,516 [d391911d-a494-49f8-a9db-8a15da5a0d08@group-9260B08DF491-LeaderElection19] INFO  server.RaftServerConfigKeys (ConfUtils.java:logGet(44)) - raft.server.watch.element-limit = 65536 (default)
2022-03-03 13:56:33,516 [d391911d-a494-49f8-a9db-8a15da5a0d08@group-9260B08DF491-LeaderElection19] INFO  server.RaftServerConfigKeys (ConfUtils.java:logGet(44)) - raft.server.write.element-limit = 4096 (default)
2022-03-03 13:56:33,516 [d391911d-a494-49f8-a9db-8a15da5a0d08@group-9260B08DF491-LeaderElection19] INFO  server.RaftServerConfigKeys (ConfUtils.java:logGet(44)) - raft.server.write.follower.gap.ratio.max = -1.0 (default)
2022-03-03 13:56:33,516 [d391911d-a494-49f8-a9db-8a15da5a0d08@group-9260B08DF491-LeaderElection19] INFO  impl.RoleInfo (RoleInfo.java:updateAndGet(130)) - d391911d-a494-49f8-a9db-8a15da5a0d08: start d391911d-a494-49f8-a9db-8a15da5a0d08@group-9260B08DF491-LeaderStateImpl
2022-03-03 13:56:33,517 [d391911d-a494-49f8-a9db-8a15da5a0d08@group-9260B08DF491-LeaderElection19] INFO  segmented.SegmentedRaftLogWorker (SegmentedRaftLogWorker.java:rollLogSegment(399)) - d391911d-a494-49f8-a9db-8a15da5a0d08@group-9260B08DF491-SegmentedRaftLogWorker: Rolling segment log-0_0 to index:0
2022-03-03 13:56:33,525 [d391911d-a494-49f8-a9db-8a15da5a0d08@group-9260B08DF491-SegmentedRaftLogWorker] INFO  segmented.SegmentedRaftLogWorker (SegmentedRaftLogWorker.java:execute(558)) - d391911d-a494-49f8-a9db-8a15da5a0d08@group-9260B08DF491-SegmentedRaftLogWorker: Rolled log segment from /home/runner/work/ozone/ozone/hadoop-ozone/integration-test/target/test-dir/MiniOzoneClusterImpl-66b45f8e-1cec-491e-b66c-9260b08df491/scmNode-1/scm-ha/66b45f8e-1cec-491e-b66c-9260b08df491/current/log_inprogress_0 to /home/runner/work/ozone/ozone/hadoop-ozone/integration-test/target/test-dir/MiniOzoneClusterImpl-66b45f8e-1cec-491e-b66c-9260b08df491/scmNode-1/scm-ha/66b45f8e-1cec-491e-b66c-9260b08df491/current/log_0-0
2022-03-03 13:56:33,531 [d391911d-a494-49f8-a9db-8a15da5a0d08@group-9260B08DF491-LeaderElection19] INFO  server.RaftServer$Division (ServerState.java:setRaftConf(387)) - d391911d-a494-49f8-a9db-8a15da5a0d08@group-9260B08DF491: set configuration 1: [d391911d-a494-49f8-a9db-8a15da5a0d08|rpc:localhost:44833|admin:|client:|dataStream:|priority:0], old=null
2022-03-03 13:56:33,535 [d391911d-a494-49f8-a9db-8a15da5a0d08@group-9260B08DF491-SegmentedRaftLogWorker] INFO  segmented.SegmentedRaftLogWorker (SegmentedRaftLogWorker.java:execute(601)) - d391911d-a494-49f8-a9db-8a15da5a0d08@group-9260B08DF491-SegmentedRaftLogWorker: created new log segment /home/runner/work/ozone/ozone/hadoop-ozone/integration-test/target/test-dir/MiniOzoneClusterImpl-66b45f8e-1cec-491e-b66c-9260b08df491/scmNode-1/scm-ha/66b45f8e-1cec-491e-b66c-9260b08df491/current/log_inprogress_1
2022-03-03 13:56:33,538 [d391911d-a494-49f8-a9db-8a15da5a0d08@group-9260B08DF491-StateMachineUpdater] INFO  ha.SCMContext (SCMContext.java:setLeaderReady(117)) - update <isLeaderReady> from <false> to <true>
2022-03-03 13:56:33,551 [d391911d-a494-49f8-a9db-8a15da5a0d08@group-9260B08DF491-StateMachineUpdater] INFO  pipeline.BackgroundPipelineCreator (BackgroundPipelineCreator.java:notifyStatusChanged(264)) - Service BackgroundPipelineCreator transitions to RUNNING.
2022-03-03 13:56:33,551 [d391911d-a494-49f8-a9db-8a15da5a0d08@group-9260B08DF491-StateMachineUpdater] INFO  safemode.HealthyPipelineSafeModeRule (HealthyPipelineSafeModeRule.java:initializeRule(152)) - Refreshed total pipeline count is 0, healthy pipeline threshold count is 1
2022-03-03 13:56:33,552 [d391911d-a494-49f8-a9db-8a15da5a0d08@group-9260B08DF491-StateMachineUpdater] INFO  safemode.ContainerSafeModeRule (ContainerSafeModeRule.java:reInitializeRule(177)) - Refreshed one replica container threshold 0, currentThreshold 0
2022-03-03 13:56:33,552 [d391911d-a494-49f8-a9db-8a15da5a0d08@group-9260B08DF491-StateMachineUpdater] INFO  safemode.OneReplicaPipelineSafeModeRule (OneReplicaPipelineSafeModeRule.java:initializeRule(176)) - Refreshed Total pipeline count is 0, pipeline's with at least one datanode reported threshold count is 0
2022-03-03 13:56:33,552 [d391911d-a494-49f8-a9db-8a15da5a0d08@group-9260B08DF491-StateMachineUpdater] INFO  server.SCMDatanodeProtocolServer (SCMDatanodeProtocolServer.java:start(183)) - ScmDatanodeProtocol RPC server for DataNodes is listening at /0.0.0.0:43477
2022-03-03 13:56:33,561 [IPC Server listener on 43477] INFO  ipc.Server (Server.java:run(1344)) - IPC Server listener on 43477: starting
2022-03-03 13:56:33,580 [IPC Server Responder] INFO  ipc.Server (Server.java:run(1507)) - IPC Server Responder: starting
2022-03-03 13:56:34,080 [EndpointStateMachine task thread for /127.0.0.1:35581 - 0 ] INFO  ipc.Client (Client.java:handleConnectionFailure(977)) - Retrying connect to server: localhost/127.0.0.1:35581. Already tried 2 time(s); retry policy is RetryUpToMaximumCountWithFixedSleep(maxRetries=15, sleepTime=1000 MILLISECONDS)
OM initialization succeeded.Current cluster id for sd=/home/runner/work/ozone/ozone/hadoop-ozone/integration-test/target/test-dir/MiniOzoneClusterImpl-66b45f8e-1cec-491e-b66c-9260b08df491/omNode-1/om;cid=66b45f8e-1cec-491e-b66c-9260b08df491;layoutVersion=0
2022-03-03 13:56:34,589 [Listener at 0.0.0.0/35019] INFO  ha.OMHANodeDetails (OMHANodeDetails.java:loadOMHAConfig(118)) - ServiceID for OzoneManager is om-add-remove
2022-03-03 13:56:34,590 [Listener at 0.0.0.0/35019] INFO  ha.OMHANodeDetails (OMHANodeDetails.java:loadOMHAConfig(193)) - Found matching OM address with OMServiceId: om-add-remove, OMNodeId: omNode-1, RPC Address: localhost:42531 and Ratis port: 46107
2022-03-03 13:56:34,590 [Listener at 0.0.0.0/35019] INFO  ha.OMHANodeDetails (ConfUtils.java:setNodeSpecificConfigs(108)) - Setting configuration key ozone.om.http-address with value of key ozone.om.http-address.om-add-remove.omNode-1: 127.0.0.1:33345
2022-03-03 13:56:34,590 [Listener at 0.0.0.0/35019] INFO  ha.OMHANodeDetails (ConfUtils.java:setNodeSpecificConfigs(108)) - Setting configuration key ozone.om.https-address with value of key ozone.om.https-address.om-add-remove.omNode-1: 127.0.0.1:39383
2022-03-03 13:56:34,590 [Listener at 0.0.0.0/35019] INFO  ha.OMHANodeDetails (ConfUtils.java:setNodeSpecificConfigs(108)) - Setting configuration key ozone.om.address with value of key ozone.om.address.om-add-remove.omNode-1: 127.0.0.1:42531
2022-03-03 13:56:34,590 [Listener at 0.0.0.0/35019] WARN  server.ServerUtils (ServerUtils.java:getDBPath(225)) - ozone.om.db.dirs is not configured. We recommend adding this setting. Falling back to ozone.metadata.dirs instead.
2022-03-03 13:56:34,590 [Listener at 0.0.0.0/35019] INFO  upgrade.AbstractLayoutVersionManager (AbstractLayoutVersionManager.java:init(79)) - Initializing Layout version manager with metadata layout = INITIAL_VERSION (version = 0), software layout = INITIAL_VERSION (version = 0)
2022-03-03 13:56:34,692 [Listener at 0.0.0.0/35019] INFO  reflections.Reflections (Reflections.java:scan(232)) - Reflections took 101 ms to scan 2 urls, producing 134 keys and 349 values [using 2 cores]
2022-03-03 13:56:34,693 [Listener at 0.0.0.0/35019] INFO  upgrade.OMLayoutVersionManager (OMLayoutVersionManager.java:lambda$0(115)) - Skipping Upgrade Action MockOmUpgradeAction since it has been finalized.
2022-03-03 13:56:34,693 [Listener at 0.0.0.0/35019] WARN  server.ServerUtils (ServerUtils.java:getDBPath(225)) - ozone.om.db.dirs is not configured. We recommend adding this setting. Falling back to ozone.metadata.dirs instead.
2022-03-03 13:56:34,693 [Listener at 0.0.0.0/35019] INFO  ha.SCMNodeInfo (SCMNodeInfo.java:getPort(197)) - ConfigKey ozone.scm.client.address is deprecated, For configuring different ports for each SCM use PortConfigKey ozone.scm.client.port appended with serviceId and nodeId
2022-03-03 13:56:34,693 [Listener at 0.0.0.0/35019] INFO  ha.SCMNodeInfo (SCMNodeInfo.java:getPort(197)) - ConfigKey ozone.scm.block.client.address is deprecated, For configuring different ports for each SCM use PortConfigKey ozone.scm.block.client.port appended with serviceId and nodeId
2022-03-03 13:56:34,693 [Listener at 0.0.0.0/35019] INFO  ha.SCMNodeInfo (SCMNodeInfo.java:getPort(197)) - ConfigKey ozone.scm.datanode.address is deprecated, For configuring different ports for each SCM use PortConfigKey ozone.scm.datanode.port appended with serviceId and nodeId
2022-03-03 13:56:34,693 [Listener at 0.0.0.0/35019] INFO  ha.SCMNodeInfo (SCMNodeInfo.java:getPort(197)) - ConfigKey ozone.scm.client.address is deprecated, For configuring different ports for each SCM use PortConfigKey ozone.scm.client.port appended with serviceId and nodeId
2022-03-03 13:56:34,694 [Listener at 0.0.0.0/35019] INFO  ha.SCMNodeInfo (SCMNodeInfo.java:getPort(197)) - ConfigKey ozone.scm.block.client.address is deprecated, For configuring different ports for each SCM use PortConfigKey ozone.scm.block.client.port appended with serviceId and nodeId
2022-03-03 13:56:34,694 [Listener at 0.0.0.0/35019] INFO  ha.SCMNodeInfo (SCMNodeInfo.java:getPort(197)) - ConfigKey ozone.scm.datanode.address is deprecated, For configuring different ports for each SCM use PortConfigKey ozone.scm.datanode.port appended with serviceId and nodeId
2022-03-03 13:56:34,694 [Listener at 0.0.0.0/35019] INFO  ha.SCMNodeInfo (SCMNodeInfo.java:getPort(197)) - ConfigKey ozone.scm.client.address is deprecated, For configuring different ports for each SCM use PortConfigKey ozone.scm.client.port appended with serviceId and nodeId
2022-03-03 13:56:34,694 [Listener at 0.0.0.0/35019] INFO  ha.SCMNodeInfo (SCMNodeInfo.java:getPort(197)) - ConfigKey ozone.scm.block.client.address is deprecated, For configuring different ports for each SCM use PortConfigKey ozone.scm.block.client.port appended with serviceId and nodeId
2022-03-03 13:56:34,695 [Listener at 0.0.0.0/35019] INFO  ha.SCMNodeInfo (SCMNodeInfo.java:getPort(197)) - ConfigKey ozone.scm.datanode.address is deprecated, For configuring different ports for each SCM use PortConfigKey ozone.scm.datanode.port appended with serviceId and nodeId
2022-03-03 13:56:34,720 [Listener at 0.0.0.0/35019] WARN  server.ServerUtils (ServerUtils.java:getDBPath(225)) - ozone.om.db.dirs is not configured. We recommend adding this setting. Falling back to ozone.metadata.dirs instead.
2022-03-03 13:56:34,721 [Listener at 0.0.0.0/35019] INFO  codec.OmKeyInfoCodec (OmKeyInfoCodec.java:<init>(50)) - OmKeyInfoCodec ignorePipeline = true
2022-03-03 13:56:34,721 [Listener at 0.0.0.0/35019] INFO  codec.RepeatedOmKeyInfoCodec (RepeatedOmKeyInfoCodec.java:<init>(42)) - RepeatedOmKeyInfoCodec ignorePipeline = true
2022-03-03 13:56:34,906 [Listener at 0.0.0.0/35019] INFO  om.OzoneManager (OzoneManager.java:addS3GVolumeToDB(3733)) - Created Volume s3v With Owner runner required for S3Gateway operations.
2022-03-03 13:56:34,906 [Listener at 0.0.0.0/35019] WARN  server.ServerUtils (ServerUtils.java:getDefaultRatisDirectory(237)) - Storage directory for Ratis is not configured. It is a good idea to map this to an SSD disk. Falling back to ozone.metadata.dirs
2022-03-03 13:56:34,906 [Listener at 0.0.0.0/35019] WARN  utils.OzoneManagerRatisUtils (OzoneManagerRatisUtils.java:getOMRatisSnapshotDirectory(330)) - ozone.om.ratis.snapshot.dir is not configured. Falling back to ozone.metadata.dirs config
2022-03-03 13:56:34,907 [Listener at 0.0.0.0/35019] WARN  impl.MetricRegistriesImpl (MetricRegistriesImpl.java:addReporterRegistration(111)) - New reporters are added after registries were created. Some metrics will be missing from the reporter. Please add reporter before adding any new registry.
2022-03-03 13:56:34,910 [Listener at 0.0.0.0/35019] WARN  impl.MetricRegistriesImpl (MetricRegistriesImpl.java:addReporterRegistration(111)) - New reporters are added after registries were created. Some metrics will be missing from the reporter. Please add reporter before adding any new registry.
2022-03-03 13:56:34,911 [Listener at 0.0.0.0/35019] WARN  server.ServerUtils (ServerUtils.java:getDefaultRatisDirectory(237)) - Storage directory for Ratis is not configured. It is a good idea to map this to an SSD disk. Falling back to ozone.metadata.dirs
2022-03-03 13:56:34,913 [Listener at 0.0.0.0/35019] INFO  ratis.OzoneManagerRatisServer (OzoneManagerRatisServer.java:<init>(159)) - Instantiating OM Ratis server with groupID: om-add-remove and peers: localhost:46107
2022-03-03 13:56:34,917 [Listener at 0.0.0.0/35019] INFO  ratis.OzoneManagerStateMachine (OzoneManagerStateMachine.java:loadSnapshotInfoFromDB(605)) - LastAppliedIndex is set from TransactionInfo from OM DB as (t:0, i:~)
2022-03-03 13:56:34,927 [Listener at 0.0.0.0/35019] INFO  server.RaftServer (ConfUtils.java:logGet(44)) - raft.rpc.type = GRPC (default)
2022-03-03 13:56:34,927 [Listener at 0.0.0.0/35019] INFO  grpc.GrpcFactory (GrpcFactory.java:checkPooledByteBufAllocatorUseCacheForAllThreads(48)) - PERFORMANCE WARNING: useCacheForAllThreads is true that may cause Netty to create a lot garbage objects and, as a result, trigger GC.
	It is recommended to disable useCacheForAllThreads by setting -Dorg.apache.ratis.thirdparty.io.netty.allocator.useCacheForAllThreads=false in command line.
2022-03-03 13:56:34,927 [Listener at 0.0.0.0/35019] INFO  grpc.GrpcConfigKeys (ConfUtils.java:logGet(44)) - raft.grpc.admin.port = -1 (default)
2022-03-03 13:56:34,927 [Listener at 0.0.0.0/35019] INFO  grpc.GrpcConfigKeys (ConfUtils.java:logGet(44)) - raft.grpc.server.port = 46107 (custom)
2022-03-03 13:56:34,927 [Listener at 0.0.0.0/35019] INFO  grpc.GrpcConfigKeys (ConfUtils.java:logGet(44)) - raft.grpc.client.port = -1 (default)
2022-03-03 13:56:34,927 [Listener at 0.0.0.0/35019] INFO  grpc.GrpcConfigKeys (ConfUtils.java:logGet(44)) - raft.grpc.server.port = 46107 (custom)
2022-03-03 13:56:34,927 [Listener at 0.0.0.0/35019] INFO  grpc.GrpcConfigKeys (ConfUtils.java:logGet(44)) - raft.grpc.server.port = 46107 (custom)
2022-03-03 13:56:34,927 [Listener at 0.0.0.0/35019] INFO  server.GrpcService (ConfUtils.java:logGet(44)) - raft.grpc.message.size.max = 33554432 (custom)
2022-03-03 13:56:34,927 [Listener at 0.0.0.0/35019] INFO  server.RaftServerConfigKeys (ConfUtils.java:logGet(44)) - raft.server.log.appender.buffer.byte-limit = 33554432 (custom)
2022-03-03 13:56:34,927 [Listener at 0.0.0.0/35019] INFO  server.GrpcService (ConfUtils.java:logGet(44)) - raft.grpc.flow.control.window = 1MB (=1048576) (default)
2022-03-03 13:56:34,927 [Listener at 0.0.0.0/35019] INFO  server.RaftServerConfigKeys (ConfUtils.java:logGet(44)) - raft.server.rpc.request.timeout = 3000ms (default)
2022-03-03 13:56:34,929 [Listener at 0.0.0.0/35019] INFO  impl.DataStreamServerImpl (ConfUtils.java:logGet(44)) - raft.datastream.type = DISABLED (default)
2022-03-03 13:56:34,929 [Listener at 0.0.0.0/35019] INFO  server.RaftServerConfigKeys (ConfUtils.java:logGet(44)) - raft.server.rpc.slowness.timeout = 2s (custom)
2022-03-03 13:56:34,930 [Listener at 0.0.0.0/35019] INFO  server.RaftServerConfigKeys (ConfUtils.java:logGet(44)) - raft.server.leaderelection.leader.step-down.wait-time = 10s (default)
2022-03-03 13:56:34,930 [Listener at 0.0.0.0/35019] INFO  server.RaftServerConfigKeys (ConfUtils.java:logGet(44)) - raft.server.storage.dir = [/home/runner/work/ozone/ozone/hadoop-ozone/integration-test/target/test-dir/MiniOzoneClusterImpl-66b45f8e-1cec-491e-b66c-9260b08df491/omNode-1/ratis] (custom)
2022-03-03 13:56:34,935 [Listener at 0.0.0.0/35019] INFO  server.RaftServer (RaftServerProxy.java:addNew(95)) - omNode-1: addNew group-0AAC5367B30E:[omNode-1|rpc:localhost:46107|priority:0] returns group-0AAC5367B30E:java.util.concurrent.CompletableFuture@5ea21705[Not completed]
2022-03-03 13:56:34,935 [Listener at 0.0.0.0/35019] INFO  om.OzoneManager (OzoneManager.java:initializeRatisServer(1834)) - OzoneManager Ratis server initialized at port 46107
2022-03-03 13:56:34,935 [pool-285-thread-1] INFO  server.RaftServer$Division (RaftServerImpl.java:<init>(184)) - omNode-1: new RaftServerImpl for group-0AAC5367B30E:[omNode-1|rpc:localhost:46107|priority:0] with OzoneManagerStateMachine:uninitialized
2022-03-03 13:56:34,937 [Listener at 0.0.0.0/35019] INFO  ipc.CallQueueManager (CallQueueManager.java:<init>(90)) - Using callQueue: class java.util.concurrent.LinkedBlockingQueue, queueCapacity: 2000, scheduler: class org.apache.hadoop.ipc.DefaultRpcScheduler, ipcBackoff: false.
2022-03-03 13:56:34,939 [Socket Reader #1 for port 42531] INFO  ipc.Server (Server.java:run(1265)) - Starting Socket Reader #1 for port 42531
2022-03-03 13:56:34,961 [pool-285-thread-1] INFO  server.RaftServerConfigKeys (ConfUtils.java:logGet(44)) - raft.server.rpc.timeout.min = 1s (custom)
2022-03-03 13:56:34,961 [pool-285-thread-1] INFO  server.RaftServerConfigKeys (ConfUtils.java:logGet(44)) - raft.server.rpc.timeout.max = 1200ms (custom)
2022-03-03 13:56:34,961 [pool-285-thread-1] INFO  server.RaftServerConfigKeys (ConfUtils.java:logGet(44)) - raft.server.rpc.sleep.time = 25ms (default)
2022-03-03 13:56:34,961 [pool-285-thread-1] INFO  server.RaftServerConfigKeys (ConfUtils.java:logGet(44)) - raft.server.rpc.slowness.timeout = 2s (custom)
2022-03-03 13:56:34,961 [pool-285-thread-1] INFO  server.RaftServerConfigKeys (ConfUtils.java:logGet(44)) - raft.server.leaderelection.leader.step-down.wait-time = 10s (default)
2022-03-03 13:56:34,962 [pool-285-thread-1] INFO  server.RaftServerConfigKeys (ConfUtils.java:logGet(44)) - raft.server.sleep.deviation.threshold = 300ms (default)
2022-03-03 13:56:34,962 [pool-285-thread-1] INFO  server.RaftServerConfigKeys (ConfUtils.java:logGet(44)) - raft.server.log.appender.install.snapshot.enabled = false (custom)
2022-03-03 13:56:34,962 [pool-285-thread-1] INFO  server.RaftServer$Division (ServerState.java:<init>(105)) - omNode-1@group-0AAC5367B30E: ConfigurationManager, init=-1: [omNode-1|rpc:localhost:46107|priority:0], old=null, confs=<EMPTY_MAP>
2022-03-03 13:56:34,962 [pool-285-thread-1] INFO  server.RaftServerConfigKeys (ConfUtils.java:logGet(44)) - raft.server.storage.dir = [/home/runner/work/ozone/ozone/hadoop-ozone/integration-test/target/test-dir/MiniOzoneClusterImpl-66b45f8e-1cec-491e-b66c-9260b08df491/omNode-1/ratis] (custom)
2022-03-03 13:56:34,962 [pool-285-thread-1] INFO  server.RaftServerConfigKeys (ConfUtils.java:logGet(44)) - raft.server.log.corruption.policy = EXCEPTION (default)
2022-03-03 13:56:34,962 [pool-285-thread-1] INFO  server.RaftServerConfigKeys (ConfUtils.java:logGet(44)) - raft.server.storage.free-space.min = 0MB (=0) (default)
2022-03-03 13:56:34,962 [pool-285-thread-1] INFO  storage.RaftStorageDirectory (RaftStorageDirectoryImpl.java:analyzeStorage(135)) - The storage directory /home/runner/work/ozone/ozone/hadoop-ozone/integration-test/target/test-dir/MiniOzoneClusterImpl-66b45f8e-1cec-491e-b66c-9260b08df491/omNode-1/ratis/0718e334-ffa1-36bc-8e9a-0aac5367b30e does not exist. Creating ...
2022-03-03 13:56:34,963 [pool-285-thread-1] INFO  storage.RaftStorageDirectory (RaftStorageDirectoryImpl.java:tryLock(230)) - Lock on /home/runner/work/ozone/ozone/hadoop-ozone/integration-test/target/test-dir/MiniOzoneClusterImpl-66b45f8e-1cec-491e-b66c-9260b08df491/omNode-1/ratis/0718e334-ffa1-36bc-8e9a-0aac5367b30e/in_use.lock acquired by nodename 17744@fv-az50-851
2022-03-03 13:56:34,964 [pool-285-thread-1] INFO  storage.RaftStorage (RaftStorageImpl.java:format(89)) - Storage directory /home/runner/work/ozone/ozone/hadoop-ozone/integration-test/target/test-dir/MiniOzoneClusterImpl-66b45f8e-1cec-491e-b66c-9260b08df491/omNode-1/ratis/0718e334-ffa1-36bc-8e9a-0aac5367b30e has been successfully formatted.
2022-03-03 13:56:34,964 [pool-285-thread-1] INFO  server.RaftServerConfigKeys (ConfUtils.java:logGet(44)) - raft.server.notification.no-leader.timeout = 2s (custom)
2022-03-03 13:56:34,964 [pool-285-thread-1] INFO  server.RaftServerConfigKeys (ConfUtils.java:logGet(44)) - raft.server.log.use.memory = false (default)
2022-03-03 13:56:34,964 [pool-285-thread-1] INFO  server.RaftServerConfigKeys (ConfUtils.java:logGet(44)) - raft.server.log.purge.gap = 1000000 (custom)
2022-03-03 13:56:34,964 [pool-285-thread-1] INFO  server.RaftServerConfigKeys (ConfUtils.java:logGet(44)) - raft.server.log.appender.buffer.byte-limit = 33554432 (custom)
2022-03-03 13:56:34,965 [pool-285-thread-1] INFO  server.RaftServerConfigKeys (ConfUtils.java:logGet(44)) - raft.server.log.segment.size.max = 4194304 (custom)
2022-03-03 13:56:34,965 [pool-285-thread-1] INFO  server.RaftServerConfigKeys (ConfUtils.java:logGet(44)) - raft.server.log.segment.cache.num.max = 2 (custom)
2022-03-03 13:56:34,965 [pool-285-thread-1] INFO  server.RaftServerConfigKeys (ConfUtils.java:logGet(44)) - raft.server.log.segment.cache.size.max = 200MB (=209715200) (default)
2022-03-03 13:56:34,965 [pool-285-thread-1] INFO  segmented.SegmentedRaftLogWorker (SegmentedRaftLogWorker.java:<init>(182)) - new omNode-1@group-0AAC5367B30E-SegmentedRaftLogWorker for RaftStorageImpl:Storage Directory /home/runner/work/ozone/ozone/hadoop-ozone/integration-test/target/test-dir/MiniOzoneClusterImpl-66b45f8e-1cec-491e-b66c-9260b08df491/omNode-1/ratis/0718e334-ffa1-36bc-8e9a-0aac5367b30e
2022-03-03 13:56:34,965 [pool-285-thread-1] INFO  server.RaftServerConfigKeys (ConfUtils.java:logGet(44)) - raft.server.log.queue.byte-limit = 64MB (=67108864) (default)
2022-03-03 13:56:34,965 [pool-285-thread-1] INFO  server.RaftServerConfigKeys (ConfUtils.java:logGet(44)) - raft.server.log.queue.element-limit = 4096 (default)
2022-03-03 13:56:34,965 [pool-285-thread-1] INFO  server.RaftServerConfigKeys (ConfUtils.java:logGet(44)) - raft.server.log.segment.size.max = 4194304 (custom)
2022-03-03 13:56:34,965 [pool-285-thread-1] INFO  server.RaftServerConfigKeys (ConfUtils.java:logGet(44)) - raft.server.log.preallocated.size = 4194304 (custom)
2022-03-03 13:56:34,965 [pool-285-thread-1] INFO  server.RaftServerConfigKeys (ConfUtils.java:logGet(44)) - raft.server.log.force.sync.num = 128 (default)
2022-03-03 13:56:34,965 [pool-285-thread-1] INFO  server.RaftServerConfigKeys (ConfUtils.java:logGet(44)) - raft.server.log.statemachine.data.sync = true (default)
2022-03-03 13:56:34,965 [pool-285-thread-1] INFO  server.RaftServerConfigKeys (ConfUtils.java:logGet(44)) - raft.server.log.statemachine.data.sync.timeout = 10s (default)
2022-03-03 13:56:34,965 [pool-285-thread-1] INFO  server.RaftServerConfigKeys (ConfUtils.java:logGet(44)) - raft.server.log.statemachine.data.sync.timeout.retry = -1 (default)
2022-03-03 13:56:34,966 [pool-285-thread-1] INFO  server.RaftServerConfigKeys (ConfUtils.java:logGet(44)) - raft.server.log.write.buffer.size = 64KB (=65536) (default)
2022-03-03 13:56:34,966 [pool-285-thread-1] INFO  server.RaftServerConfigKeys (ConfUtils.java:logGet(44)) - raft.server.log.statemachine.data.caching.enabled = false (default)
2022-03-03 13:56:34,966 [pool-285-thread-1] INFO  segmented.SegmentedRaftLogWorker (SegmentedRaftLogWorker.java:lambda$new$0(133)) - omNode-1@group-0AAC5367B30E-SegmentedRaftLogWorker: flushIndex: setUnconditionally 0 -> -1
2022-03-03 13:56:34,966 [pool-285-thread-1] INFO  segmented.SegmentedRaftLogWorker (SegmentedRaftLogWorker.java:lambda$new$0(133)) - omNode-1@group-0AAC5367B30E-SegmentedRaftLogWorker: safeCacheEvictIndex: setUnconditionally 0 -> -1
2022-03-03 13:56:34,979 [pool-285-thread-1] INFO  server.RaftServerConfigKeys (ConfUtils.java:logGet(44)) - raft.server.snapshot.auto.trigger.enabled = true (custom)
2022-03-03 13:56:34,979 [pool-285-thread-1] INFO  server.RaftServerConfigKeys (ConfUtils.java:logGet(44)) - raft.server.snapshot.auto.trigger.threshold = 400000 (default)
2022-03-03 13:56:34,979 [pool-285-thread-1] INFO  server.RaftServerConfigKeys (ConfUtils.java:logGet(44)) - raft.server.snapshot.retention.file.num = -1 (default)
2022-03-03 13:56:34,979 [pool-285-thread-1] INFO  server.RaftServerConfigKeys (ConfUtils.java:logGet(44)) - raft.server.log.purge.upto.snapshot.index = true (custom)
2022-03-03 13:56:34,979 [pool-285-thread-1] INFO  server.RaftServerConfigKeys (ConfUtils.java:logGet(44)) - raft.server.retrycache.expirytime = 300s (custom)
2022-03-03 13:56:34,979 [pool-285-thread-1] INFO  server.RaftServerConfigKeys (ConfUtils.java:logGet(44)) - raft.server.retrycache.statistics.expirytime = 100μs (default)
2022-03-03 13:56:34,985 [Listener at 127.0.0.1/42531] INFO  impl.MetricsSystemImpl (MetricsSystemImpl.java:init(158)) - OzoneManager metrics system started (again)
2022-03-03 13:56:35,009 [Listener at 127.0.0.1/42531] INFO  om.OzoneManager (OzoneManager.java:start(1365)) - OzoneManager RPC server is listening at localhost/127.0.0.1:42531
2022-03-03 13:56:35,009 [Listener at 127.0.0.1/42531] INFO  ratis.OzoneManagerRatisServer (OzoneManagerRatisServer.java:start(554)) - Starting OzoneManagerRatisServer omNode-1 at port 46107
2022-03-03 13:56:35,009 [Listener at 127.0.0.1/42531] INFO  server.RaftServer$Division (RaftServerImpl.java:start(301)) - omNode-1@group-0AAC5367B30E: start as a follower, conf=-1: [omNode-1|rpc:localhost:46107|priority:0], old=null
2022-03-03 13:56:35,009 [Listener at 127.0.0.1/42531] INFO  server.RaftServer$Division (RaftServerImpl.java:setRole(290)) - omNode-1@group-0AAC5367B30E: changes role from      null to FOLLOWER at term 0 for startAsFollower
2022-03-03 13:56:35,009 [Listener at 127.0.0.1/42531] INFO  impl.RoleInfo (RoleInfo.java:updateAndGet(130)) - omNode-1: start omNode-1@group-0AAC5367B30E-FollowerState
2022-03-03 13:56:35,010 [Listener at 127.0.0.1/42531] INFO  util.JmxRegister (JmxRegister.java:tryRegister(44)) - Successfully registered JMX Bean with object name Ratis:service=RaftServer,group=group-0AAC5367B30E,id=omNode-1
2022-03-03 13:56:35,011 [Listener at 127.0.0.1/42531] INFO  server.RaftServer (RaftServerProxy.java:lambda$start$5(374)) - omNode-1: start RPC server
2022-03-03 13:56:35,014 [Listener at 127.0.0.1/42531] INFO  server.GrpcService (GrpcService.java:startImpl(253)) - omNode-1: GrpcService started, listening on 46107
2022-03-03 13:56:35,027 [Listener at 127.0.0.1/42531] INFO  om.OzoneManager (OzoneManager.java:start(1381)) - Version File has different layout version (0) than OM DB (null). That is expected if this OM has never been finalized to a newer layout version.
2022-03-03 13:56:35,031 [org.apache.ratis.util.JvmPauseMonitor$$Lambda$435/931852204@79228fe9] INFO  util.JvmPauseMonitor (JvmPauseMonitor.java:run(103)) - JvmPauseMonitor-omNode-1: Started
2022-03-03 13:56:35,038 [Listener at 127.0.0.1/42531] INFO  http.BaseHttpServer (BaseHttpServer.java:newHttpServer2BuilderForOzone(209)) - Starting Web-server for ozoneManager at: http://0.0.0.0:33345
2022-03-03 13:56:35,038 [Listener at 127.0.0.1/42531] INFO  http.BaseHttpServer (BaseHttpServer.java:<init>(107)) - Hadoop Security Enabled: false Ozone Security Enabled: false Ozone HTTP Security Enabled: false 
2022-03-03 13:56:35,039 [Listener at 127.0.0.1/42531] INFO  server.AuthenticationFilter (AuthenticationFilter.java:constructSecretProvider(240)) - Unable to initialize FileSignerSecretProvider, falling back to use random secrets.
2022-03-03 13:56:35,043 [Listener at 127.0.0.1/42531] WARN  http.HttpRequestLog (HttpRequestLog.java:getRequestLog(103)) - Jetty request log can only be enabled using Log4j
2022-03-03 13:56:35,043 [Listener at 127.0.0.1/42531] INFO  http.HttpServer2 (HttpServer2.java:addGlobalFilter(1030)) - Added global filter 'safety' (class=org.apache.hadoop.hdds.server.http.HttpServer2$QuotingInputFilter)
2022-03-03 13:56:35,047 [Listener at 127.0.0.1/42531] INFO  http.HttpServer2 (HttpServer2.java:addFilter(1006)) - Added filter static_user_filter (class=org.apache.hadoop.http.lib.StaticUserWebFilter$StaticUserFilter) to context ozoneManager
2022-03-03 13:56:35,047 [Listener at 127.0.0.1/42531] INFO  http.HttpServer2 (HttpServer2.java:addFilter(1014)) - Added filter static_user_filter (class=org.apache.hadoop.http.lib.StaticUserWebFilter$StaticUserFilter) to context static
2022-03-03 13:56:35,047 [Listener at 127.0.0.1/42531] INFO  http.HttpServer2 (HttpServer2.java:addFilter(1014)) - Added filter static_user_filter (class=org.apache.hadoop.http.lib.StaticUserWebFilter$StaticUserFilter) to context logs
2022-03-03 13:56:35,047 [Listener at 127.0.0.1/42531] INFO  http.HttpServer2 (HttpServer2.java:bindListener(1249)) - Jetty bound to port 33345
2022-03-03 13:56:35,048 [Listener at 127.0.0.1/42531] INFO  server.Server (Server.java:doStart(375)) - jetty-9.4.43.v20210629; built: 2021-06-30T11:07:22.254Z; git: 526006ecfa3af7f1a27ef3a288e2bef7ea9dd7e8; jvm 1.8.0_322-b06
2022-03-03 13:56:35,076 [Listener at 127.0.0.1/42531] INFO  server.session (DefaultSessionIdManager.java:doStart(334)) - DefaultSessionIdManager workerName=node0
2022-03-03 13:56:35,076 [Listener at 127.0.0.1/42531] INFO  server.session (DefaultSessionIdManager.java:doStart(339)) - No SessionScavenger set, using defaults
2022-03-03 13:56:35,076 [Listener at 127.0.0.1/42531] INFO  server.session (HouseKeeper.java:startScavenging(132)) - node0 Scavenging every 660000ms
2022-03-03 13:56:35,078 [Listener at 127.0.0.1/42531] INFO  handler.ContextHandler (ContextHandler.java:doStart(915)) - Started o.e.j.s.ServletContextHandler@2537b5c9{logs,/logs,file:///home/runner/work/ozone/ozone/hadoop-ozone/integration-test/target/log,AVAILABLE}
2022-03-03 13:56:35,078 [Listener at 127.0.0.1/42531] INFO  handler.ContextHandler (ContextHandler.java:doStart(915)) - Started o.e.j.s.ServletContextHandler@7ad8ef65{static,/static,file:///home/runner/work/ozone/ozone/hadoop-ozone/integration-test/target/test-classes/webapps/static,AVAILABLE}
2022-03-03 13:56:35,081 [EndpointStateMachine task thread for /127.0.0.1:35581 - 0 ] INFO  ipc.Client (Client.java:handleConnectionFailure(977)) - Retrying connect to server: localhost/127.0.0.1:35581. Already tried 3 time(s); retry policy is RetryUpToMaximumCountWithFixedSleep(maxRetries=15, sleepTime=1000 MILLISECONDS)
2022-03-03 13:56:35,081 [Listener at 127.0.0.1/42531] INFO  handler.ContextHandler (ContextHandler.java:doStart(915)) - Started o.e.j.w.WebAppContext@3cf0b5cc{ozoneManager,/,file:///home/runner/work/ozone/ozone/hadoop-ozone/integration-test/target/test-classes/webapps/ozoneManager/,AVAILABLE}{file:/home/runner/work/ozone/ozone/hadoop-ozone/integration-test/target/test-classes/webapps/ozoneManager}
2022-03-03 13:56:35,094 [Listener at 127.0.0.1/42531] INFO  server.AbstractConnector (AbstractConnector.java:doStart(331)) - Started ServerConnector@69f133af{HTTP/1.1, (http/1.1)}{0.0.0.0:33345}
2022-03-03 13:56:35,094 [Listener at 127.0.0.1/42531] INFO  server.Server (Server.java:doStart(415)) - Started @85956ms
2022-03-03 13:56:35,094 [Listener at 127.0.0.1/42531] WARN  impl.MetricsSystemImpl (MetricsSystemImpl.java:register(279)) - Sink prometheus already exists!
2022-03-03 13:56:35,095 [Listener at 127.0.0.1/42531] INFO  http.BaseHttpServer (BaseHttpServer.java:updateConnectorAddress(329)) - HTTP server of ozoneManager listening at http://0.0.0.0:33345
2022-03-03 13:56:35,099 [IPC Server Responder] INFO  ipc.Server (Server.java:run(1507)) - IPC Server Responder: starting
2022-03-03 13:56:35,107 [IPC Server listener on 42531] INFO  ipc.Server (Server.java:run(1344)) - IPC Server listener on 42531: starting
2022-03-03 13:56:35,136 [Listener at 127.0.0.1/42531] INFO  om.OzoneManager (OzoneManager.java:startTrashEmptier(1792)) - Trash Interval set to 0. Files deleted will not move to trash
2022-03-03 13:56:35,136 [Listener at 127.0.0.1/42531] INFO  ozone.MiniOzoneHAClusterImpl (MiniOzoneHAClusterImpl.java:createOMService(522)) - Started OzoneManager omNode-1 RPC server at localhost/127.0.0.1:42531
2022-03-03 13:56:35,155 [org.apache.hadoop.util.JvmPauseMonitor$Monitor@3fee5d03] INFO  util.JvmPauseMonitor (JvmPauseMonitor.java:run(188)) - Starting JVM pause monitor
2022-03-03 13:56:35,157 [Listener at 127.0.0.1/42531] WARN  impl.MetricRegistriesImpl (MetricRegistriesImpl.java:addReporterRegistration(111)) - New reporters are added after registries were created. Some metrics will be missing from the reporter. Please add reporter before adding any new registry.
2022-03-03 13:56:35,157 [Listener at 127.0.0.1/42531] WARN  impl.MetricRegistriesImpl (MetricRegistriesImpl.java:addReporterRegistration(111)) - New reporters are added after registries were created. Some metrics will be missing from the reporter. Please add reporter before adding any new registry.
2022-03-03 13:56:35,157 [Listener at 127.0.0.1/42531] INFO  impl.MetricsSystemImpl (MetricsSystemImpl.java:init(158)) - HddsDatanode metrics system started (again)
2022-03-03 13:56:35,187 [Listener at 127.0.0.1/42531] INFO  ozone.HddsDatanodeService (HddsDatanodeService.java:start(233)) - HddsDatanodeService host:fv-az50-851.grzltbmokehuzjyc5b133kdqgh.cx.internal.cloudapp.net ip:10.1.0.28
2022-03-03 13:56:35,229 [Listener at 127.0.0.1/42531] INFO  upgrade.AbstractLayoutVersionManager (AbstractLayoutVersionManager.java:init(79)) - Initializing Layout version manager with metadata layout = SCM_HA (version = 2), software layout = SCM_HA (version = 2)
2022-03-03 13:56:35,297 [Listener at 127.0.0.1/42531] INFO  reflections.Reflections (Reflections.java:scan(232)) - Reflections took 62 ms to scan 7 urls, producing 122 keys and 286 values 
2022-03-03 13:56:35,303 [Listener at 127.0.0.1/42531] INFO  ha.SCMNodeInfo (SCMNodeInfo.java:getPort(197)) - ConfigKey ozone.scm.client.address is deprecated, For configuring different ports for each SCM use PortConfigKey ozone.scm.client.port appended with serviceId and nodeId
2022-03-03 13:56:35,304 [Listener at 127.0.0.1/42531] INFO  ha.SCMNodeInfo (SCMNodeInfo.java:getPort(197)) - ConfigKey ozone.scm.block.client.address is deprecated, For configuring different ports for each SCM use PortConfigKey ozone.scm.block.client.port appended with serviceId and nodeId
2022-03-03 13:56:35,304 [Listener at 127.0.0.1/42531] INFO  ha.SCMNodeInfo (SCMNodeInfo.java:getPort(197)) - ConfigKey ozone.scm.datanode.address is deprecated, For configuring different ports for each SCM use PortConfigKey ozone.scm.datanode.port appended with serviceId and nodeId
2022-03-03 13:56:35,304 [Listener at 127.0.0.1/42531] INFO  statemachine.DatanodeStateMachine (DatanodeStateMachine.java:getEndPointTaskThreadPoolSize(222)) - Datanode State Machine Task Thread Pool size 2
2022-03-03 13:56:35,319 [Listener at 127.0.0.1/42531] INFO  volume.HddsVolume (HddsVolume.java:<init>(120)) - Creating HddsVolume: /home/runner/work/ozone/ozone/hadoop-ozone/integration-test/target/test-dir/MiniOzoneClusterImpl-66b45f8e-1cec-491e-b66c-9260b08df491/datanode-0/data-0/containers/hdds of storage type : DISK capacity : 9223372036854775807
2022-03-03 13:56:35,320 [Listener at 127.0.0.1/42531] INFO  volume.MutableVolumeSet (MutableVolumeSet.java:initializeVolumeSet(168)) - Added Volume : /home/runner/work/ozone/ozone/hadoop-ozone/integration-test/target/test-dir/MiniOzoneClusterImpl-66b45f8e-1cec-491e-b66c-9260b08df491/datanode-0/data-0/containers/hdds to VolumeSet
2022-03-03 13:56:35,320 [Listener at 127.0.0.1/42531] INFO  volume.ThrottledAsyncChecker (ThrottledAsyncChecker.java:schedule(141)) - Scheduling a check for /home/runner/work/ozone/ozone/hadoop-ozone/integration-test/target/test-dir/MiniOzoneClusterImpl-66b45f8e-1cec-491e-b66c-9260b08df491/datanode-0/data-0/containers/hdds
2022-03-03 13:56:35,335 [Listener at 127.0.0.1/42531] INFO  volume.StorageVolumeChecker (StorageVolumeChecker.java:checkAllVolumes(202)) - Scheduled health check for volume /home/runner/work/ozone/ozone/hadoop-ozone/integration-test/target/test-dir/MiniOzoneClusterImpl-66b45f8e-1cec-491e-b66c-9260b08df491/datanode-0/data-0/containers/hdds
2022-03-03 13:56:35,346 [Listener at 127.0.0.1/42531] INFO  volume.MutableVolumeSet (MutableVolumeSet.java:initializeVolumeSet(168)) - Added Volume : /home/runner/work/ozone/ozone/hadoop-ozone/integration-test/target/test-dir/MiniOzoneClusterImpl-66b45f8e-1cec-491e-b66c-9260b08df491/datanode-0/data/ratis to VolumeSet
2022-03-03 13:56:35,361 [Listener at 127.0.0.1/42531] INFO  volume.ThrottledAsyncChecker (ThrottledAsyncChecker.java:schedule(141)) - Scheduling a check for /home/runner/work/ozone/ozone/hadoop-ozone/integration-test/target/test-dir/MiniOzoneClusterImpl-66b45f8e-1cec-491e-b66c-9260b08df491/datanode-0/data/ratis
2022-03-03 13:56:35,362 [Listener at 127.0.0.1/42531] INFO  volume.StorageVolumeChecker (StorageVolumeChecker.java:checkAllVolumes(202)) - Scheduled health check for volume /home/runner/work/ozone/ozone/hadoop-ozone/integration-test/target/test-dir/MiniOzoneClusterImpl-66b45f8e-1cec-491e-b66c-9260b08df491/datanode-0/data/ratis
2022-03-03 13:56:35,391 [Thread-1224] INFO  ozoneimpl.ContainerReader (ContainerReader.java:readVolume(172)) - Finish verifying containers on volume /home/runner/work/ozone/ozone/hadoop-ozone/integration-test/target/test-dir/MiniOzoneClusterImpl-66b45f8e-1cec-491e-b66c-9260b08df491/datanode-0/data-0/containers/hdds
2022-03-03 13:56:35,391 [Listener at 127.0.0.1/42531] INFO  ozoneimpl.OzoneContainer (OzoneContainer.java:buildContainerSet(257)) - Build ContainerSet costs 0s
2022-03-03 13:56:35,403 [Listener at 127.0.0.1/42531] INFO  server.RaftServer (ConfUtils.java:logGet(44)) - raft.rpc.type = GRPC (default)
2022-03-03 13:56:35,404 [Listener at 127.0.0.1/42531] INFO  grpc.GrpcFactory (GrpcFactory.java:checkPooledByteBufAllocatorUseCacheForAllThreads(48)) - PERFORMANCE WARNING: useCacheForAllThreads is true that may cause Netty to create a lot garbage objects and, as a result, trigger GC.
	It is recommended to disable useCacheForAllThreads by setting -Dorg.apache.ratis.thirdparty.io.netty.allocator.useCacheForAllThreads=false in command line.
2022-03-03 13:56:35,404 [Listener at 127.0.0.1/42531] INFO  grpc.GrpcConfigKeys (ConfUtils.java:logGet(44)) - raft.grpc.admin.port = 0 (custom)
2022-03-03 13:56:35,404 [Listener at 127.0.0.1/42531] INFO  grpc.GrpcConfigKeys (ConfUtils.java:logGet(44)) - raft.grpc.client.port = 0 (custom)
2022-03-03 13:56:35,404 [Listener at 127.0.0.1/42531] INFO  grpc.GrpcConfigKeys (ConfUtils.java:logGet(44)) - raft.grpc.server.port = 0 (default)
2022-03-03 13:56:35,404 [Listener at 127.0.0.1/42531] INFO  server.GrpcService (ConfUtils.java:logGet(44)) - raft.grpc.message.size.max = 32MB (=33554432) (custom)
2022-03-03 13:56:35,404 [Listener at 127.0.0.1/42531] INFO  server.RaftServerConfigKeys (ConfUtils.java:logGet(44)) - raft.server.log.appender.buffer.byte-limit = 33554432 (custom)
2022-03-03 13:56:35,404 [Listener at 127.0.0.1/42531] INFO  server.GrpcService (ConfUtils.java:logGet(44)) - raft.grpc.flow.control.window = 5MB (=5242880) (custom)
2022-03-03 13:56:35,404 [Listener at 127.0.0.1/42531] INFO  server.RaftServerConfigKeys (ConfUtils.java:logGet(44)) - raft.server.rpc.request.timeout = 60s (custom)
2022-03-03 13:56:35,405 [Listener at 127.0.0.1/42531] INFO  impl.DataStreamServerImpl (ConfUtils.java:logGet(44)) - raft.datastream.type = DISABLED (default)
2022-03-03 13:56:35,405 [Listener at 127.0.0.1/42531] INFO  server.RaftServerConfigKeys (ConfUtils.java:logGet(44)) - raft.server.rpc.slowness.timeout = 300s (custom)
2022-03-03 13:56:35,405 [Listener at 127.0.0.1/42531] INFO  server.RaftServerConfigKeys (ConfUtils.java:logGet(44)) - raft.server.leaderelection.leader.step-down.wait-time = 10s (default)
2022-03-03 13:56:35,405 [Listener at 127.0.0.1/42531] INFO  server.RaftServerConfigKeys (ConfUtils.java:logGet(44)) - raft.server.storage.dir = [/home/runner/work/ozone/ozone/hadoop-ozone/integration-test/target/test-dir/MiniOzoneClusterImpl-66b45f8e-1cec-491e-b66c-9260b08df491/datanode-0/data/ratis] (custom)
2022-03-03 13:56:35,407 [Listener at 127.0.0.1/42531] INFO  server.XceiverServerGrpc (XceiverServerGrpc.java:<init>(132)) - GrpcServer channel type EpollServerSocketChannel
2022-03-03 13:56:35,415 [Listener at 127.0.0.1/42531] INFO  http.BaseHttpServer (BaseHttpServer.java:newHttpServer2BuilderForOzone(209)) - Starting Web-server for hddsDatanode at: http://0.0.0.0:0
2022-03-03 13:56:35,415 [Listener at 127.0.0.1/42531] INFO  http.BaseHttpServer (BaseHttpServer.java:<init>(107)) - Hadoop Security Enabled: false Ozone Security Enabled: false Ozone HTTP Security Enabled: false 
2022-03-03 13:56:35,416 [Listener at 127.0.0.1/42531] INFO  server.AuthenticationFilter (AuthenticationFilter.java:constructSecretProvider(240)) - Unable to initialize FileSignerSecretProvider, falling back to use random secrets.
2022-03-03 13:56:35,423 [Listener at 127.0.0.1/42531] WARN  http.HttpRequestLog (HttpRequestLog.java:getRequestLog(103)) - Jetty request log can only be enabled using Log4j
2022-03-03 13:56:35,424 [Listener at 127.0.0.1/42531] INFO  http.HttpServer2 (HttpServer2.java:addGlobalFilter(1030)) - Added global filter 'safety' (class=org.apache.hadoop.hdds.server.http.HttpServer2$QuotingInputFilter)
2022-03-03 13:56:35,425 [Listener at 127.0.0.1/42531] INFO  http.HttpServer2 (HttpServer2.java:addFilter(1006)) - Added filter static_user_filter (class=org.apache.hadoop.http.lib.StaticUserWebFilter$StaticUserFilter) to context hddsDatanode
2022-03-03 13:56:35,425 [Listener at 127.0.0.1/42531] INFO  http.HttpServer2 (HttpServer2.java:addFilter(1014)) - Added filter static_user_filter (class=org.apache.hadoop.http.lib.StaticUserWebFilter$StaticUserFilter) to context logs
2022-03-03 13:56:35,425 [Listener at 127.0.0.1/42531] INFO  http.HttpServer2 (HttpServer2.java:addFilter(1014)) - Added filter static_user_filter (class=org.apache.hadoop.http.lib.StaticUserWebFilter$StaticUserFilter) to context static
2022-03-03 13:56:35,425 [Listener at 127.0.0.1/42531] INFO  http.HttpServer2 (HttpServer2.java:bindListener(1249)) - Jetty bound to port 38269
2022-03-03 13:56:35,425 [Listener at 127.0.0.1/42531] INFO  server.Server (Server.java:doStart(375)) - jetty-9.4.43.v20210629; built: 2021-06-30T11:07:22.254Z; git: 526006ecfa3af7f1a27ef3a288e2bef7ea9dd7e8; jvm 1.8.0_322-b06
2022-03-03 13:56:35,463 [Listener at 127.0.0.1/42531] INFO  server.session (DefaultSessionIdManager.java:doStart(334)) - DefaultSessionIdManager workerName=node0
2022-03-03 13:56:35,463 [Listener at 127.0.0.1/42531] INFO  server.session (DefaultSessionIdManager.java:doStart(339)) - No SessionScavenger set, using defaults
2022-03-03 13:56:35,463 [Listener at 127.0.0.1/42531] INFO  server.session (HouseKeeper.java:startScavenging(132)) - node0 Scavenging every 600000ms
2022-03-03 13:56:35,468 [Listener at 127.0.0.1/42531] INFO  handler.ContextHandler (ContextHandler.java:doStart(915)) - Started o.e.j.s.ServletContextHandler@1a766372{logs,/logs,file:///home/runner/work/ozone/ozone/hadoop-ozone/integration-test/target/log,AVAILABLE}
2022-03-03 13:56:35,469 [Listener at 127.0.0.1/42531] INFO  handler.ContextHandler (ContextHandler.java:doStart(915)) - Started o.e.j.s.ServletContextHandler@57eaf67f{static,/static,jar:file:/home/runner/.m2/repository/org/apache/ozone/hdds-container-service/1.3.0-SNAPSHOT/hdds-container-service-1.3.0-SNAPSHOT.jar!/webapps/static,AVAILABLE}
2022-03-03 13:56:35,569 [Listener at 127.0.0.1/42531] INFO  handler.ContextHandler (ContextHandler.java:doStart(915)) - Started o.e.j.w.WebAppContext@4d109cd7{hddsDatanode,/,file:///tmp/jetty-0_0_0_0-38269-hdds-container-service-1_3_0-SNAPSHOT_jar-_-any-4865581211700685975/webapp/,AVAILABLE}{jar:file:/home/runner/.m2/repository/org/apache/ozone/hdds-container-service/1.3.0-SNAPSHOT/hdds-container-service-1.3.0-SNAPSHOT.jar!/webapps/hddsDatanode}
2022-03-03 13:56:35,573 [Listener at 127.0.0.1/42531] INFO  server.AbstractConnector (AbstractConnector.java:doStart(331)) - Started ServerConnector@18bacabb{HTTP/1.1, (http/1.1)}{0.0.0.0:38269}
2022-03-03 13:56:35,573 [Listener at 127.0.0.1/42531] INFO  server.Server (Server.java:doStart(415)) - Started @86435ms
2022-03-03 13:56:35,573 [Listener at 127.0.0.1/42531] WARN  impl.MetricsSystemImpl (MetricsSystemImpl.java:register(279)) - Sink prometheus already exists!
2022-03-03 13:56:35,574 [Listener at 127.0.0.1/42531] INFO  http.BaseHttpServer (BaseHttpServer.java:updateConnectorAddress(329)) - HTTP server of hddsDatanode listening at http://0.0.0.0:38269
2022-03-03 13:56:35,580 [Datanode State Machine Daemon Thread] INFO  statemachine.DatanodeStateMachine (DatanodeStateMachine.java:lambda$startDaemon$0(470)) - Ozone container server started.
2022-03-03 13:56:35,580 [Listener at 127.0.0.1/42531] WARN  impl.MetricRegistriesImpl (MetricRegistriesImpl.java:addReporterRegistration(111)) - New reporters are added after registries were created. Some metrics will be missing from the reporter. Please add reporter before adding any new registry.
2022-03-03 13:56:35,580 [Listener at 127.0.0.1/42531] WARN  impl.MetricRegistriesImpl (MetricRegistriesImpl.java:addReporterRegistration(111)) - New reporters are added after registries were created. Some metrics will be missing from the reporter. Please add reporter before adding any new registry.
2022-03-03 13:56:35,580 [Listener at 127.0.0.1/42531] INFO  impl.MetricsSystemImpl (MetricsSystemImpl.java:init(158)) - HddsDatanode metrics system started (again)
2022-03-03 13:56:35,595 [org.apache.hadoop.util.JvmPauseMonitor$Monitor@7aaf58f4] INFO  util.JvmPauseMonitor (JvmPauseMonitor.java:run(188)) - Starting JVM pause monitor
2022-03-03 13:56:35,602 [Datanode State Machine Task Thread - 0] INFO  ha.SCMNodeInfo (SCMNodeInfo.java:getPort(197)) - ConfigKey ozone.scm.client.address is deprecated, For configuring different ports for each SCM use PortConfigKey ozone.scm.client.port appended with serviceId and nodeId
2022-03-03 13:56:35,602 [Datanode State Machine Task Thread - 0] INFO  ha.SCMNodeInfo (SCMNodeInfo.java:getPort(197)) - ConfigKey ozone.scm.block.client.address is deprecated, For configuring different ports for each SCM use PortConfigKey ozone.scm.block.client.port appended with serviceId and nodeId
2022-03-03 13:56:35,602 [Datanode State Machine Task Thread - 0] INFO  ha.SCMNodeInfo (SCMNodeInfo.java:getPort(197)) - ConfigKey ozone.scm.datanode.address is deprecated, For configuring different ports for each SCM use PortConfigKey ozone.scm.datanode.port appended with serviceId and nodeId
2022-03-03 13:56:35,615 [Listener at 127.0.0.1/42531] INFO  ozone.HddsDatanodeService (HddsDatanodeService.java:start(233)) - HddsDatanodeService host:fv-az50-851.grzltbmokehuzjyc5b133kdqgh.cx.internal.cloudapp.net ip:10.1.0.28
2022-03-03 13:56:35,627 [Datanode State Machine Task Thread - 0] INFO  datanode.InitDatanodeState (InitDatanodeState.java:persistContainerDatanodeDetails(138)) - DatanodeDetails is persisted to /home/runner/work/ozone/ozone/hadoop-ozone/integration-test/target/test-dir/MiniOzoneClusterImpl-66b45f8e-1cec-491e-b66c-9260b08df491/datanode-0/meta/datanode.id
2022-03-03 13:56:35,656 [Listener at 127.0.0.1/42531] INFO  upgrade.AbstractLayoutVersionManager (AbstractLayoutVersionManager.java:init(79)) - Initializing Layout version manager with metadata layout = SCM_HA (version = 2), software layout = SCM_HA (version = 2)
2022-03-03 13:56:35,726 [Listener at 127.0.0.1/42531] INFO  reflections.Reflections (Reflections.java:scan(232)) - Reflections took 68 ms to scan 7 urls, producing 122 keys and 286 values 
2022-03-03 13:56:35,727 [Listener at 127.0.0.1/42531] INFO  ha.SCMNodeInfo (SCMNodeInfo.java:getPort(197)) - ConfigKey ozone.scm.client.address is deprecated, For configuring different ports for each SCM use PortConfigKey ozone.scm.client.port appended with serviceId and nodeId
2022-03-03 13:56:35,735 [Listener at 127.0.0.1/42531] INFO  ha.SCMNodeInfo (SCMNodeInfo.java:getPort(197)) - ConfigKey ozone.scm.block.client.address is deprecated, For configuring different ports for each SCM use PortConfigKey ozone.scm.block.client.port appended with serviceId and nodeId
2022-03-03 13:56:35,735 [Listener at 127.0.0.1/42531] INFO  ha.SCMNodeInfo (SCMNodeInfo.java:getPort(197)) - ConfigKey ozone.scm.datanode.address is deprecated, For configuring different ports for each SCM use PortConfigKey ozone.scm.datanode.port appended with serviceId and nodeId
2022-03-03 13:56:35,735 [Listener at 127.0.0.1/42531] INFO  statemachine.DatanodeStateMachine (DatanodeStateMachine.java:getEndPointTaskThreadPoolSize(222)) - Datanode State Machine Task Thread Pool size 2
2022-03-03 13:56:35,755 [Listener at 127.0.0.1/42531] INFO  volume.HddsVolume (HddsVolume.java:<init>(120)) - Creating HddsVolume: /home/runner/work/ozone/ozone/hadoop-ozone/integration-test/target/test-dir/MiniOzoneClusterImpl-66b45f8e-1cec-491e-b66c-9260b08df491/datanode-1/data-0/containers/hdds of storage type : DISK capacity : 9223372036854775807
2022-03-03 13:56:35,755 [Listener at 127.0.0.1/42531] INFO  volume.MutableVolumeSet (MutableVolumeSet.java:initializeVolumeSet(168)) - Added Volume : /home/runner/work/ozone/ozone/hadoop-ozone/integration-test/target/test-dir/MiniOzoneClusterImpl-66b45f8e-1cec-491e-b66c-9260b08df491/datanode-1/data-0/containers/hdds to VolumeSet
2022-03-03 13:56:35,755 [Listener at 127.0.0.1/42531] INFO  volume.ThrottledAsyncChecker (ThrottledAsyncChecker.java:schedule(141)) - Scheduling a check for /home/runner/work/ozone/ozone/hadoop-ozone/integration-test/target/test-dir/MiniOzoneClusterImpl-66b45f8e-1cec-491e-b66c-9260b08df491/datanode-1/data-0/containers/hdds
2022-03-03 13:56:35,756 [Listener at 127.0.0.1/42531] INFO  volume.StorageVolumeChecker (StorageVolumeChecker.java:checkAllVolumes(202)) - Scheduled health check for volume /home/runner/work/ozone/ozone/hadoop-ozone/integration-test/target/test-dir/MiniOzoneClusterImpl-66b45f8e-1cec-491e-b66c-9260b08df491/datanode-1/data-0/containers/hdds
2022-03-03 13:56:35,778 [Listener at 127.0.0.1/42531] INFO  volume.MutableVolumeSet (MutableVolumeSet.java:initializeVolumeSet(168)) - Added Volume : /home/runner/work/ozone/ozone/hadoop-ozone/integration-test/target/test-dir/MiniOzoneClusterImpl-66b45f8e-1cec-491e-b66c-9260b08df491/datanode-1/data/ratis to VolumeSet
2022-03-03 13:56:35,778 [Listener at 127.0.0.1/42531] INFO  volume.ThrottledAsyncChecker (ThrottledAsyncChecker.java:schedule(141)) - Scheduling a check for /home/runner/work/ozone/ozone/hadoop-ozone/integration-test/target/test-dir/MiniOzoneClusterImpl-66b45f8e-1cec-491e-b66c-9260b08df491/datanode-1/data/ratis
2022-03-03 13:56:35,778 [Listener at 127.0.0.1/42531] INFO  volume.StorageVolumeChecker (StorageVolumeChecker.java:checkAllVolumes(202)) - Scheduled health check for volume /home/runner/work/ozone/ozone/hadoop-ozone/integration-test/target/test-dir/MiniOzoneClusterImpl-66b45f8e-1cec-491e-b66c-9260b08df491/datanode-1/data/ratis
2022-03-03 13:56:35,804 [Thread-1236] INFO  ozoneimpl.ContainerReader (ContainerReader.java:readVolume(172)) - Finish verifying containers on volume /home/runner/work/ozone/ozone/hadoop-ozone/integration-test/target/test-dir/MiniOzoneClusterImpl-66b45f8e-1cec-491e-b66c-9260b08df491/datanode-1/data-0/containers/hdds
2022-03-03 13:56:35,805 [Listener at 127.0.0.1/42531] INFO  ozoneimpl.OzoneContainer (OzoneContainer.java:buildContainerSet(257)) - Build ContainerSet costs 0s
2022-03-03 13:56:35,813 [Listener at 127.0.0.1/42531] INFO  server.RaftServer (ConfUtils.java:logGet(44)) - raft.rpc.type = GRPC (default)
2022-03-03 13:56:35,813 [Listener at 127.0.0.1/42531] INFO  grpc.GrpcFactory (GrpcFactory.java:checkPooledByteBufAllocatorUseCacheForAllThreads(48)) - PERFORMANCE WARNING: useCacheForAllThreads is true that may cause Netty to create a lot garbage objects and, as a result, trigger GC.
	It is recommended to disable useCacheForAllThreads by setting -Dorg.apache.ratis.thirdparty.io.netty.allocator.useCacheForAllThreads=false in command line.
2022-03-03 13:56:35,813 [Listener at 127.0.0.1/42531] INFO  grpc.GrpcConfigKeys (ConfUtils.java:logGet(44)) - raft.grpc.admin.port = 0 (custom)
2022-03-03 13:56:35,813 [Listener at 127.0.0.1/42531] INFO  grpc.GrpcConfigKeys (ConfUtils.java:logGet(44)) - raft.grpc.client.port = 0 (custom)
2022-03-03 13:56:35,813 [Listener at 127.0.0.1/42531] INFO  grpc.GrpcConfigKeys (ConfUtils.java:logGet(44)) - raft.grpc.server.port = 0 (default)
2022-03-03 13:56:35,813 [Listener at 127.0.0.1/42531] INFO  server.GrpcService (ConfUtils.java:logGet(44)) - raft.grpc.message.size.max = 32MB (=33554432) (custom)
2022-03-03 13:56:35,813 [Listener at 127.0.0.1/42531] INFO  server.RaftServerConfigKeys (ConfUtils.java:logGet(44)) - raft.server.log.appender.buffer.byte-limit = 33554432 (custom)
2022-03-03 13:56:35,813 [Listener at 127.0.0.1/42531] INFO  server.GrpcService (ConfUtils.java:logGet(44)) - raft.grpc.flow.control.window = 5MB (=5242880) (custom)
2022-03-03 13:56:35,813 [Listener at 127.0.0.1/42531] INFO  server.RaftServerConfigKeys (ConfUtils.java:logGet(44)) - raft.server.rpc.request.timeout = 60s (custom)
2022-03-03 13:56:35,814 [Listener at 127.0.0.1/42531] INFO  impl.DataStreamServerImpl (ConfUtils.java:logGet(44)) - raft.datastream.type = DISABLED (default)
2022-03-03 13:56:35,814 [Listener at 127.0.0.1/42531] INFO  server.RaftServerConfigKeys (ConfUtils.java:logGet(44)) - raft.server.rpc.slowness.timeout = 300s (custom)
2022-03-03 13:56:35,815 [Listener at 127.0.0.1/42531] INFO  server.RaftServerConfigKeys (ConfUtils.java:logGet(44)) - raft.server.leaderelection.leader.step-down.wait-time = 10s (default)
2022-03-03 13:56:35,815 [Listener at 127.0.0.1/42531] INFO  server.RaftServerConfigKeys (ConfUtils.java:logGet(44)) - raft.server.storage.dir = [/home/runner/work/ozone/ozone/hadoop-ozone/integration-test/target/test-dir/MiniOzoneClusterImpl-66b45f8e-1cec-491e-b66c-9260b08df491/datanode-1/data/ratis] (custom)
2022-03-03 13:56:35,816 [Listener at 127.0.0.1/42531] INFO  server.XceiverServerGrpc (XceiverServerGrpc.java:<init>(132)) - GrpcServer channel type EpollServerSocketChannel
2022-03-03 13:56:35,831 [Listener at 127.0.0.1/42531] INFO  http.BaseHttpServer (BaseHttpServer.java:newHttpServer2BuilderForOzone(209)) - Starting Web-server for hddsDatanode at: http://0.0.0.0:0
2022-03-03 13:56:35,831 [Listener at 127.0.0.1/42531] INFO  http.BaseHttpServer (BaseHttpServer.java:<init>(107)) - Hadoop Security Enabled: false Ozone Security Enabled: false Ozone HTTP Security Enabled: false 
2022-03-03 13:56:35,832 [Listener at 127.0.0.1/42531] INFO  server.AuthenticationFilter (AuthenticationFilter.java:constructSecretProvider(240)) - Unable to initialize FileSignerSecretProvider, falling back to use random secrets.
2022-03-03 13:56:35,833 [Listener at 127.0.0.1/42531] WARN  http.HttpRequestLog (HttpRequestLog.java:getRequestLog(103)) - Jetty request log can only be enabled using Log4j
2022-03-03 13:56:35,833 [Listener at 127.0.0.1/42531] INFO  http.HttpServer2 (HttpServer2.java:addGlobalFilter(1030)) - Added global filter 'safety' (class=org.apache.hadoop.hdds.server.http.HttpServer2$QuotingInputFilter)
2022-03-03 13:56:35,834 [Listener at 127.0.0.1/42531] INFO  http.HttpServer2 (HttpServer2.java:addFilter(1006)) - Added filter static_user_filter (class=org.apache.hadoop.http.lib.StaticUserWebFilter$StaticUserFilter) to context hddsDatanode
2022-03-03 13:56:35,834 [Listener at 127.0.0.1/42531] INFO  http.HttpServer2 (HttpServer2.java:addFilter(1014)) - Added filter static_user_filter (class=org.apache.hadoop.http.lib.StaticUserWebFilter$StaticUserFilter) to context static
2022-03-03 13:56:35,834 [Listener at 127.0.0.1/42531] INFO  http.HttpServer2 (HttpServer2.java:addFilter(1014)) - Added filter static_user_filter (class=org.apache.hadoop.http.lib.StaticUserWebFilter$StaticUserFilter) to context logs
2022-03-03 13:56:35,835 [Listener at 127.0.0.1/42531] INFO  http.HttpServer2 (HttpServer2.java:bindListener(1249)) - Jetty bound to port 37015
2022-03-03 13:56:35,835 [Listener at 127.0.0.1/42531] INFO  server.Server (Server.java:doStart(375)) - jetty-9.4.43.v20210629; built: 2021-06-30T11:07:22.254Z; git: 526006ecfa3af7f1a27ef3a288e2bef7ea9dd7e8; jvm 1.8.0_322-b06
2022-03-03 13:56:35,861 [Listener at 127.0.0.1/42531] INFO  server.session (DefaultSessionIdManager.java:doStart(334)) - DefaultSessionIdManager workerName=node0
2022-03-03 13:56:35,861 [Listener at 127.0.0.1/42531] INFO  server.session (DefaultSessionIdManager.java:doStart(339)) - No SessionScavenger set, using defaults
2022-03-03 13:56:35,862 [Listener at 127.0.0.1/42531] INFO  server.session (HouseKeeper.java:startScavenging(132)) - node0 Scavenging every 600000ms
2022-03-03 13:56:35,862 [Listener at 127.0.0.1/42531] INFO  handler.ContextHandler (ContextHandler.java:doStart(915)) - Started o.e.j.s.ServletContextHandler@aa5de68{logs,/logs,file:///home/runner/work/ozone/ozone/hadoop-ozone/integration-test/target/log,AVAILABLE}
2022-03-03 13:56:35,863 [Listener at 127.0.0.1/42531] INFO  handler.ContextHandler (ContextHandler.java:doStart(915)) - Started o.e.j.s.ServletContextHandler@2b85e3b5{static,/static,jar:file:/home/runner/.m2/repository/org/apache/ozone/hdds-container-service/1.3.0-SNAPSHOT/hdds-container-service-1.3.0-SNAPSHOT.jar!/webapps/static,AVAILABLE}
2022-03-03 13:56:35,954 [Listener at 127.0.0.1/42531] INFO  handler.ContextHandler (ContextHandler.java:doStart(915)) - Started o.e.j.w.WebAppContext@1ec10062{hddsDatanode,/,file:///tmp/jetty-0_0_0_0-37015-hdds-container-service-1_3_0-SNAPSHOT_jar-_-any-1565660576229835698/webapp/,AVAILABLE}{jar:file:/home/runner/.m2/repository/org/apache/ozone/hdds-container-service/1.3.0-SNAPSHOT/hdds-container-service-1.3.0-SNAPSHOT.jar!/webapps/hddsDatanode}
2022-03-03 13:56:35,968 [Listener at 127.0.0.1/42531] INFO  server.AbstractConnector (AbstractConnector.java:doStart(331)) - Started ServerConnector@caa426b{HTTP/1.1, (http/1.1)}{0.0.0.0:37015}
2022-03-03 13:56:35,968 [Listener at 127.0.0.1/42531] INFO  server.Server (Server.java:doStart(415)) - Started @86830ms
2022-03-03 13:56:35,968 [Listener at 127.0.0.1/42531] WARN  impl.MetricsSystemImpl (MetricsSystemImpl.java:register(279)) - Sink prometheus already exists!
2022-03-03 13:56:35,969 [Listener at 127.0.0.1/42531] INFO  http.BaseHttpServer (BaseHttpServer.java:updateConnectorAddress(329)) - HTTP server of hddsDatanode listening at http://0.0.0.0:37015
2022-03-03 13:56:35,978 [Listener at 127.0.0.1/42531] WARN  impl.MetricRegistriesImpl (MetricRegistriesImpl.java:addReporterRegistration(111)) - New reporters are added after registries were created. Some metrics will be missing from the reporter. Please add reporter before adding any new registry.
2022-03-03 13:56:35,978 [Listener at 127.0.0.1/42531] WARN  impl.MetricRegistriesImpl (MetricRegistriesImpl.java:addReporterRegistration(111)) - New reporters are added after registries were created. Some metrics will be missing from the reporter. Please add reporter before adding any new registry.
2022-03-03 13:56:35,978 [Listener at 127.0.0.1/42531] INFO  impl.MetricsSystemImpl (MetricsSystemImpl.java:init(158)) - HddsDatanode metrics system started (again)
2022-03-03 13:56:35,980 [Datanode State Machine Daemon Thread] INFO  statemachine.DatanodeStateMachine (DatanodeStateMachine.java:lambda$startDaemon$0(470)) - Ozone container server started.
2022-03-03 13:56:36,004 [Listener at 127.0.0.1/42531] INFO  ozone.HddsDatanodeService (HddsDatanodeService.java:start(233)) - HddsDatanodeService host:fv-az50-851.grzltbmokehuzjyc5b133kdqgh.cx.internal.cloudapp.net ip:10.1.0.28
2022-03-03 13:56:36,027 [org.apache.hadoop.util.JvmPauseMonitor$Monitor@56b14b76] INFO  util.JvmPauseMonitor (JvmPauseMonitor.java:run(188)) - Starting JVM pause monitor
2022-03-03 13:56:36,028 [Datanode State Machine Task Thread - 0] INFO  ha.SCMNodeInfo (SCMNodeInfo.java:getPort(197)) - ConfigKey ozone.scm.client.address is deprecated, For configuring different ports for each SCM use PortConfigKey ozone.scm.client.port appended with serviceId and nodeId
2022-03-03 13:56:36,028 [Datanode State Machine Task Thread - 0] INFO  ha.SCMNodeInfo (SCMNodeInfo.java:getPort(197)) - ConfigKey ozone.scm.block.client.address is deprecated, For configuring different ports for each SCM use PortConfigKey ozone.scm.block.client.port appended with serviceId and nodeId
2022-03-03 13:56:36,030 [Datanode State Machine Task Thread - 0] INFO  ha.SCMNodeInfo (SCMNodeInfo.java:getPort(197)) - ConfigKey ozone.scm.datanode.address is deprecated, For configuring different ports for each SCM use PortConfigKey ozone.scm.datanode.port appended with serviceId and nodeId
2022-03-03 13:56:36,030 [Listener at 127.0.0.1/42531] INFO  upgrade.AbstractLayoutVersionManager (AbstractLayoutVersionManager.java:init(79)) - Initializing Layout version manager with metadata layout = SCM_HA (version = 2), software layout = SCM_HA (version = 2)
2022-03-03 13:56:36,046 [Datanode State Machine Task Thread - 0] INFO  datanode.InitDatanodeState (InitDatanodeState.java:persistContainerDatanodeDetails(138)) - DatanodeDetails is persisted to /home/runner/work/ozone/ozone/hadoop-ozone/integration-test/target/test-dir/MiniOzoneClusterImpl-66b45f8e-1cec-491e-b66c-9260b08df491/datanode-1/meta/datanode.id
2022-03-03 13:56:36,081 [EndpointStateMachine task thread for /127.0.0.1:35581 - 0 ] INFO  ipc.Client (Client.java:handleConnectionFailure(977)) - Retrying connect to server: localhost/127.0.0.1:35581. Already tried 4 time(s); retry policy is RetryUpToMaximumCountWithFixedSleep(maxRetries=15, sleepTime=1000 MILLISECONDS)
2022-03-03 13:56:36,112 [Listener at 127.0.0.1/42531] INFO  reflections.Reflections (Reflections.java:scan(232)) - Reflections took 80 ms to scan 7 urls, producing 122 keys and 286 values 
2022-03-03 13:56:36,120 [Listener at 127.0.0.1/42531] INFO  ha.SCMNodeInfo (SCMNodeInfo.java:getPort(197)) - ConfigKey ozone.scm.client.address is deprecated, For configuring different ports for each SCM use PortConfigKey ozone.scm.client.port appended with serviceId and nodeId
2022-03-03 13:56:36,120 [Listener at 127.0.0.1/42531] INFO  ha.SCMNodeInfo (SCMNodeInfo.java:getPort(197)) - ConfigKey ozone.scm.block.client.address is deprecated, For configuring different ports for each SCM use PortConfigKey ozone.scm.block.client.port appended with serviceId and nodeId
2022-03-03 13:56:36,120 [Listener at 127.0.0.1/42531] INFO  ha.SCMNodeInfo (SCMNodeInfo.java:getPort(197)) - ConfigKey ozone.scm.datanode.address is deprecated, For configuring different ports for each SCM use PortConfigKey ozone.scm.datanode.port appended with serviceId and nodeId
2022-03-03 13:56:36,120 [Listener at 127.0.0.1/42531] INFO  statemachine.DatanodeStateMachine (DatanodeStateMachine.java:getEndPointTaskThreadPoolSize(222)) - Datanode State Machine Task Thread Pool size 2
2022-03-03 13:56:36,136 [Listener at 127.0.0.1/42531] INFO  volume.HddsVolume (HddsVolume.java:<init>(120)) - Creating HddsVolume: /home/runner/work/ozone/ozone/hadoop-ozone/integration-test/target/test-dir/MiniOzoneClusterImpl-66b45f8e-1cec-491e-b66c-9260b08df491/datanode-2/data-0/containers/hdds of storage type : DISK capacity : 9223372036854775807
2022-03-03 13:56:36,136 [Listener at 127.0.0.1/42531] INFO  volume.MutableVolumeSet (MutableVolumeSet.java:initializeVolumeSet(168)) - Added Volume : /home/runner/work/ozone/ozone/hadoop-ozone/integration-test/target/test-dir/MiniOzoneClusterImpl-66b45f8e-1cec-491e-b66c-9260b08df491/datanode-2/data-0/containers/hdds to VolumeSet
2022-03-03 13:56:36,136 [Listener at 127.0.0.1/42531] INFO  volume.ThrottledAsyncChecker (ThrottledAsyncChecker.java:schedule(141)) - Scheduling a check for /home/runner/work/ozone/ozone/hadoop-ozone/integration-test/target/test-dir/MiniOzoneClusterImpl-66b45f8e-1cec-491e-b66c-9260b08df491/datanode-2/data-0/containers/hdds
2022-03-03 13:56:36,139 [Listener at 127.0.0.1/42531] INFO  volume.StorageVolumeChecker (StorageVolumeChecker.java:checkAllVolumes(202)) - Scheduled health check for volume /home/runner/work/ozone/ozone/hadoop-ozone/integration-test/target/test-dir/MiniOzoneClusterImpl-66b45f8e-1cec-491e-b66c-9260b08df491/datanode-2/data-0/containers/hdds
2022-03-03 13:56:36,156 [Listener at 127.0.0.1/42531] INFO  volume.MutableVolumeSet (MutableVolumeSet.java:initializeVolumeSet(168)) - Added Volume : /home/runner/work/ozone/ozone/hadoop-ozone/integration-test/target/test-dir/MiniOzoneClusterImpl-66b45f8e-1cec-491e-b66c-9260b08df491/datanode-2/data/ratis to VolumeSet
2022-03-03 13:56:36,166 [omNode-1@group-0AAC5367B30E-FollowerState] INFO  impl.FollowerState (FollowerState.java:run(134)) - omNode-1@group-0AAC5367B30E-FollowerState: change to CANDIDATE, lastRpcElapsedTime:1156567198ns, electionTimeout:1155ms
2022-03-03 13:56:36,166 [omNode-1@group-0AAC5367B30E-FollowerState] INFO  impl.RoleInfo (RoleInfo.java:shutdownFollowerState(108)) - omNode-1: shutdown omNode-1@group-0AAC5367B30E-FollowerState
2022-03-03 13:56:36,166 [omNode-1@group-0AAC5367B30E-FollowerState] INFO  server.RaftServer$Division (RaftServerImpl.java:setRole(290)) - omNode-1@group-0AAC5367B30E: changes role from  FOLLOWER to CANDIDATE at term 0 for changeToCandidate
2022-03-03 13:56:36,166 [omNode-1@group-0AAC5367B30E-FollowerState] INFO  server.RaftServerConfigKeys (ConfUtils.java:logGet(44)) - raft.server.leaderelection.pre-vote = false (custom)
2022-03-03 13:56:36,166 [omNode-1@group-0AAC5367B30E-FollowerState] INFO  impl.RoleInfo (RoleInfo.java:updateAndGet(130)) - omNode-1: start omNode-1@group-0AAC5367B30E-LeaderElection20
2022-03-03 13:56:36,167 [Listener at 127.0.0.1/42531] INFO  volume.ThrottledAsyncChecker (ThrottledAsyncChecker.java:schedule(141)) - Scheduling a check for /home/runner/work/ozone/ozone/hadoop-ozone/integration-test/target/test-dir/MiniOzoneClusterImpl-66b45f8e-1cec-491e-b66c-9260b08df491/datanode-2/data/ratis
2022-03-03 13:56:36,172 [Listener at 127.0.0.1/42531] INFO  volume.StorageVolumeChecker (StorageVolumeChecker.java:checkAllVolumes(202)) - Scheduled health check for volume /home/runner/work/ozone/ozone/hadoop-ozone/integration-test/target/test-dir/MiniOzoneClusterImpl-66b45f8e-1cec-491e-b66c-9260b08df491/datanode-2/data/ratis
2022-03-03 13:56:36,188 [omNode-1@group-0AAC5367B30E-LeaderElection20] INFO  impl.LeaderElection (LeaderElection.java:askForVotes(306)) - omNode-1@group-0AAC5367B30E-LeaderElection20 ELECTION round 0: submit vote requests at term 1 for -1: [omNode-1|rpc:localhost:46107|priority:0], old=null
2022-03-03 13:56:36,188 [omNode-1@group-0AAC5367B30E-LeaderElection20] INFO  impl.LeaderElection (LeaderElection.java:askForVotes(308)) - omNode-1@group-0AAC5367B30E-LeaderElection20 ELECTION round 0: result PASSED (term=1)
2022-03-03 13:56:36,188 [omNode-1@group-0AAC5367B30E-LeaderElection20] INFO  impl.RoleInfo (RoleInfo.java:shutdownLeaderElection(121)) - omNode-1: shutdown omNode-1@group-0AAC5367B30E-LeaderElection20
2022-03-03 13:56:36,188 [omNode-1@group-0AAC5367B30E-LeaderElection20] INFO  server.RaftServer$Division (RaftServerImpl.java:setRole(290)) - omNode-1@group-0AAC5367B30E: changes role from CANDIDATE to LEADER at term 1 for changeToLeader
2022-03-03 13:56:36,188 [omNode-1@group-0AAC5367B30E-LeaderElection20] INFO  server.RaftServer$Division (ServerState.java:setLeader(285)) - omNode-1@group-0AAC5367B30E: change Leader from null to omNode-1 at term 1 for becomeLeader, leader elected after 1223ms
2022-03-03 13:56:36,188 [omNode-1@group-0AAC5367B30E-LeaderElection20] INFO  server.RaftServerConfigKeys (ConfUtils.java:logGet(44)) - raft.server.staging.catchup.gap = 1000 (default)
2022-03-03 13:56:36,188 [omNode-1@group-0AAC5367B30E-LeaderElection20] INFO  server.RaftServerConfigKeys (ConfUtils.java:logGet(44)) - raft.server.write.element-limit = 4096 (default)
2022-03-03 13:56:36,188 [omNode-1@group-0AAC5367B30E-LeaderElection20] INFO  server.RaftServerConfigKeys (ConfUtils.java:logGet(44)) - raft.server.write.byte-limit = 64MB (=67108864) (default)
2022-03-03 13:56:36,189 [omNode-1@group-0AAC5367B30E-LeaderElection20] INFO  server.RaftServerConfigKeys (ConfUtils.java:logGet(44)) - raft.server.watch.timeout = 10s (default)
2022-03-03 13:56:36,189 [omNode-1@group-0AAC5367B30E-LeaderElection20] INFO  server.RaftServerConfigKeys (ConfUtils.java:logGet(44)) - raft.server.watch.timeout.denomination = 1s (default)
2022-03-03 13:56:36,189 [omNode-1@group-0AAC5367B30E-LeaderElection20] INFO  server.RaftServerConfigKeys (ConfUtils.java:logGet(44)) - raft.server.watch.element-limit = 65536 (default)
2022-03-03 13:56:36,189 [omNode-1@group-0AAC5367B30E-LeaderElection20] INFO  server.RaftServerConfigKeys (ConfUtils.java:logGet(44)) - raft.server.write.element-limit = 4096 (default)
2022-03-03 13:56:36,189 [omNode-1@group-0AAC5367B30E-LeaderElection20] INFO  server.RaftServerConfigKeys (ConfUtils.java:logGet(44)) - raft.server.write.follower.gap.ratio.max = -1.0 (default)
2022-03-03 13:56:36,189 [omNode-1@group-0AAC5367B30E-LeaderElection20] INFO  impl.RoleInfo (RoleInfo.java:updateAndGet(130)) - omNode-1: start omNode-1@group-0AAC5367B30E-LeaderStateImpl
2022-03-03 13:56:36,189 [omNode-1@group-0AAC5367B30E-LeaderElection20] INFO  segmented.SegmentedRaftLogWorker (SegmentedRaftLogWorker.java:startLogSegment(394)) - omNode-1@group-0AAC5367B30E-SegmentedRaftLogWorker: Starting segment from index:0
2022-03-03 13:56:36,203 [Thread-1250] INFO  ozoneimpl.ContainerReader (ContainerReader.java:readVolume(172)) - Finish verifying containers on volume /home/runner/work/ozone/ozone/hadoop-ozone/integration-test/target/test-dir/MiniOzoneClusterImpl-66b45f8e-1cec-491e-b66c-9260b08df491/datanode-2/data-0/containers/hdds
2022-03-03 13:56:36,203 [Listener at 127.0.0.1/42531] INFO  ozoneimpl.OzoneContainer (OzoneContainer.java:buildContainerSet(257)) - Build ContainerSet costs 0s
2022-03-03 13:56:36,206 [Listener at 127.0.0.1/42531] INFO  server.RaftServer (ConfUtils.java:logGet(44)) - raft.rpc.type = GRPC (default)
2022-03-03 13:56:36,219 [Listener at 127.0.0.1/42531] INFO  grpc.GrpcFactory (GrpcFactory.java:checkPooledByteBufAllocatorUseCacheForAllThreads(48)) - PERFORMANCE WARNING: useCacheForAllThreads is true that may cause Netty to create a lot garbage objects and, as a result, trigger GC.
	It is recommended to disable useCacheForAllThreads by setting -Dorg.apache.ratis.thirdparty.io.netty.allocator.useCacheForAllThreads=false in command line.
2022-03-03 13:56:36,219 [Listener at 127.0.0.1/42531] INFO  grpc.GrpcConfigKeys (ConfUtils.java:logGet(44)) - raft.grpc.admin.port = 0 (custom)
2022-03-03 13:56:36,219 [Listener at 127.0.0.1/42531] INFO  grpc.GrpcConfigKeys (ConfUtils.java:logGet(44)) - raft.grpc.client.port = 0 (custom)
2022-03-03 13:56:36,219 [Listener at 127.0.0.1/42531] INFO  grpc.GrpcConfigKeys (ConfUtils.java:logGet(44)) - raft.grpc.server.port = 0 (default)
2022-03-03 13:56:36,219 [Listener at 127.0.0.1/42531] INFO  server.GrpcService (ConfUtils.java:logGet(44)) - raft.grpc.message.size.max = 32MB (=33554432) (custom)
2022-03-03 13:56:36,219 [Listener at 127.0.0.1/42531] INFO  server.RaftServerConfigKeys (ConfUtils.java:logGet(44)) - raft.server.log.appender.buffer.byte-limit = 33554432 (custom)
2022-03-03 13:56:36,219 [Listener at 127.0.0.1/42531] INFO  server.GrpcService (ConfUtils.java:logGet(44)) - raft.grpc.flow.control.window = 5MB (=5242880) (custom)
2022-03-03 13:56:36,219 [Listener at 127.0.0.1/42531] INFO  server.RaftServerConfigKeys (ConfUtils.java:logGet(44)) - raft.server.rpc.request.timeout = 60s (custom)
2022-03-03 13:56:36,220 [Listener at 127.0.0.1/42531] INFO  impl.DataStreamServerImpl (ConfUtils.java:logGet(44)) - raft.datastream.type = DISABLED (default)
2022-03-03 13:56:36,221 [Listener at 127.0.0.1/42531] INFO  server.RaftServerConfigKeys (ConfUtils.java:logGet(44)) - raft.server.rpc.slowness.timeout = 300s (custom)
2022-03-03 13:56:36,221 [Listener at 127.0.0.1/42531] INFO  server.RaftServerConfigKeys (ConfUtils.java:logGet(44)) - raft.server.leaderelection.leader.step-down.wait-time = 10s (default)
2022-03-03 13:56:36,221 [Listener at 127.0.0.1/42531] INFO  server.RaftServerConfigKeys (ConfUtils.java:logGet(44)) - raft.server.storage.dir = [/home/runner/work/ozone/ozone/hadoop-ozone/integration-test/target/test-dir/MiniOzoneClusterImpl-66b45f8e-1cec-491e-b66c-9260b08df491/datanode-2/data/ratis] (custom)
2022-03-03 13:56:36,222 [Listener at 127.0.0.1/42531] INFO  server.XceiverServerGrpc (XceiverServerGrpc.java:<init>(132)) - GrpcServer channel type EpollServerSocketChannel
2022-03-03 13:56:36,209 [omNode-1@group-0AAC5367B30E-SegmentedRaftLogWorker] INFO  segmented.SegmentedRaftLogWorker (SegmentedRaftLogWorker.java:execute(601)) - omNode-1@group-0AAC5367B30E-SegmentedRaftLogWorker: created new log segment /home/runner/work/ozone/ozone/hadoop-ozone/integration-test/target/test-dir/MiniOzoneClusterImpl-66b45f8e-1cec-491e-b66c-9260b08df491/omNode-1/ratis/0718e334-ffa1-36bc-8e9a-0aac5367b30e/current/log_inprogress_0
2022-03-03 13:56:36,208 [omNode-1@group-0AAC5367B30E-LeaderElection20] INFO  server.RaftServer$Division (ServerState.java:setRaftConf(387)) - omNode-1@group-0AAC5367B30E: set configuration 0: [omNode-1|rpc:localhost:46107|admin:|client:|dataStream:|priority:0], old=null
2022-03-03 13:56:36,233 [omNode-1@group-0AAC5367B30E-StateMachineUpdater] INFO  ratis.OzoneManagerStateMachine (OzoneManagerStateMachine.java:notifyConfigurationChanged(188)) - Received Configuration change notification from Ratis. New Peer list:
[id: "omNode-1"
address: "localhost:46107"
]
2022-03-03 13:56:36,251 [Listener at 127.0.0.1/42531] INFO  http.BaseHttpServer (BaseHttpServer.java:newHttpServer2BuilderForOzone(209)) - Starting Web-server for hddsDatanode at: http://0.0.0.0:0
2022-03-03 13:56:36,251 [Listener at 127.0.0.1/42531] INFO  http.BaseHttpServer (BaseHttpServer.java:<init>(107)) - Hadoop Security Enabled: false Ozone Security Enabled: false Ozone HTTP Security Enabled: false 
2022-03-03 13:56:36,252 [Listener at 127.0.0.1/42531] INFO  server.AuthenticationFilter (AuthenticationFilter.java:constructSecretProvider(240)) - Unable to initialize FileSignerSecretProvider, falling back to use random secrets.
2022-03-03 13:56:36,259 [Listener at 127.0.0.1/42531] WARN  http.HttpRequestLog (HttpRequestLog.java:getRequestLog(103)) - Jetty request log can only be enabled using Log4j
2022-03-03 13:56:36,259 [Listener at 127.0.0.1/42531] INFO  http.HttpServer2 (HttpServer2.java:addGlobalFilter(1030)) - Added global filter 'safety' (class=org.apache.hadoop.hdds.server.http.HttpServer2$QuotingInputFilter)
2022-03-03 13:56:36,260 [Listener at 127.0.0.1/42531] INFO  http.HttpServer2 (HttpServer2.java:addFilter(1006)) - Added filter static_user_filter (class=org.apache.hadoop.http.lib.StaticUserWebFilter$StaticUserFilter) to context hddsDatanode
2022-03-03 13:56:36,260 [Listener at 127.0.0.1/42531] INFO  http.HttpServer2 (HttpServer2.java:addFilter(1014)) - Added filter static_user_filter (class=org.apache.hadoop.http.lib.StaticUserWebFilter$StaticUserFilter) to context logs
2022-03-03 13:56:36,260 [Listener at 127.0.0.1/42531] INFO  http.HttpServer2 (HttpServer2.java:addFilter(1014)) - Added filter static_user_filter (class=org.apache.hadoop.http.lib.StaticUserWebFilter$StaticUserFilter) to context static
2022-03-03 13:56:36,260 [Listener at 127.0.0.1/42531] INFO  http.HttpServer2 (HttpServer2.java:bindListener(1249)) - Jetty bound to port 43669
2022-03-03 13:56:36,260 [Listener at 127.0.0.1/42531] INFO  server.Server (Server.java:doStart(375)) - jetty-9.4.43.v20210629; built: 2021-06-30T11:07:22.254Z; git: 526006ecfa3af7f1a27ef3a288e2bef7ea9dd7e8; jvm 1.8.0_322-b06
2022-03-03 13:56:36,315 [Listener at 127.0.0.1/42531] INFO  server.session (DefaultSessionIdManager.java:doStart(334)) - DefaultSessionIdManager workerName=node0
2022-03-03 13:56:36,315 [Listener at 127.0.0.1/42531] INFO  server.session (DefaultSessionIdManager.java:doStart(339)) - No SessionScavenger set, using defaults
2022-03-03 13:56:36,315 [Listener at 127.0.0.1/42531] INFO  server.session (HouseKeeper.java:startScavenging(132)) - node0 Scavenging every 600000ms
2022-03-03 13:56:36,316 [Listener at 127.0.0.1/42531] INFO  handler.ContextHandler (ContextHandler.java:doStart(915)) - Started o.e.j.s.ServletContextHandler@47d862a5{logs,/logs,file:///home/runner/work/ozone/ozone/hadoop-ozone/integration-test/target/log,AVAILABLE}
2022-03-03 13:56:36,316 [Listener at 127.0.0.1/42531] INFO  handler.ContextHandler (ContextHandler.java:doStart(915)) - Started o.e.j.s.ServletContextHandler@753f4200{static,/static,jar:file:/home/runner/.m2/repository/org/apache/ozone/hdds-container-service/1.3.0-SNAPSHOT/hdds-container-service-1.3.0-SNAPSHOT.jar!/webapps/static,AVAILABLE}
2022-03-03 13:56:36,387 [Listener at 127.0.0.1/42531] INFO  handler.ContextHandler (ContextHandler.java:doStart(915)) - Started o.e.j.w.WebAppContext@3944d991{hddsDatanode,/,file:///tmp/jetty-0_0_0_0-43669-hdds-container-service-1_3_0-SNAPSHOT_jar-_-any-9020682695785825744/webapp/,AVAILABLE}{jar:file:/home/runner/.m2/repository/org/apache/ozone/hdds-container-service/1.3.0-SNAPSHOT/hdds-container-service-1.3.0-SNAPSHOT.jar!/webapps/hddsDatanode}
2022-03-03 13:56:36,400 [Listener at 127.0.0.1/42531] INFO  server.AbstractConnector (AbstractConnector.java:doStart(331)) - Started ServerConnector@4f4f4086{HTTP/1.1, (http/1.1)}{0.0.0.0:43669}
2022-03-03 13:56:36,400 [Listener at 127.0.0.1/42531] INFO  server.Server (Server.java:doStart(415)) - Started @87263ms
2022-03-03 13:56:36,400 [Listener at 127.0.0.1/42531] WARN  impl.MetricsSystemImpl (MetricsSystemImpl.java:register(279)) - Sink prometheus already exists!
2022-03-03 13:56:36,401 [Listener at 127.0.0.1/42531] INFO  http.BaseHttpServer (BaseHttpServer.java:updateConnectorAddress(329)) - HTTP server of hddsDatanode listening at http://0.0.0.0:43669
2022-03-03 13:56:36,407 [Listener at 127.0.0.1/42531] INFO  ozone.MiniOzoneClusterImpl (MiniOzoneClusterImpl.java:lambda$waitForClusterToBeReady$0(219)) - Waiting for nodes to be ready. Got 0 of 3 DN Heartbeats.
2022-03-03 13:56:36,407 [Listener at 127.0.0.1/42531] INFO  ozone.MiniOzoneClusterImpl (MiniOzoneClusterImpl.java:lambda$waitForClusterToBeReady$0(222)) - Waiting for cluster to exit safe mode
2022-03-03 13:56:36,407 [Listener at 127.0.0.1/42531] INFO  ozone.MiniOzoneClusterImpl (MiniOzoneClusterImpl.java:lambda$waitForClusterToBeReady$0(224)) - SCM became leader
2022-03-03 13:56:36,411 [Datanode State Machine Daemon Thread] INFO  statemachine.DatanodeStateMachine (DatanodeStateMachine.java:lambda$startDaemon$0(470)) - Ozone container server started.
2022-03-03 13:56:36,435 [org.apache.hadoop.util.JvmPauseMonitor$Monitor@56b2a70c] INFO  util.JvmPauseMonitor (JvmPauseMonitor.java:run(188)) - Starting JVM pause monitor
2022-03-03 13:56:36,443 [Datanode State Machine Task Thread - 0] INFO  ha.SCMNodeInfo (SCMNodeInfo.java:getPort(197)) - ConfigKey ozone.scm.client.address is deprecated, For configuring different ports for each SCM use PortConfigKey ozone.scm.client.port appended with serviceId and nodeId
2022-03-03 13:56:36,443 [Datanode State Machine Task Thread - 0] INFO  ha.SCMNodeInfo (SCMNodeInfo.java:getPort(197)) - ConfigKey ozone.scm.block.client.address is deprecated, For configuring different ports for each SCM use PortConfigKey ozone.scm.block.client.port appended with serviceId and nodeId
2022-03-03 13:56:36,443 [Datanode State Machine Task Thread - 0] INFO  ha.SCMNodeInfo (SCMNodeInfo.java:getPort(197)) - ConfigKey ozone.scm.datanode.address is deprecated, For configuring different ports for each SCM use PortConfigKey ozone.scm.datanode.port appended with serviceId and nodeId
2022-03-03 13:56:36,445 [Datanode State Machine Task Thread - 0] INFO  datanode.InitDatanodeState (InitDatanodeState.java:persistContainerDatanodeDetails(138)) - DatanodeDetails is persisted to /home/runner/work/ozone/ozone/hadoop-ozone/integration-test/target/test-dir/MiniOzoneClusterImpl-66b45f8e-1cec-491e-b66c-9260b08df491/datanode-2/meta/datanode.id
2022-03-03 13:56:37,082 [EndpointStateMachine task thread for /127.0.0.1:35581 - 0 ] INFO  ipc.Client (Client.java:handleConnectionFailure(977)) - Retrying connect to server: localhost/127.0.0.1:35581. Already tried 5 time(s); retry policy is RetryUpToMaximumCountWithFixedSleep(maxRetries=15, sleepTime=1000 MILLISECONDS)
2022-03-03 13:56:37,407 [Listener at 127.0.0.1/42531] INFO  ozone.MiniOzoneClusterImpl (MiniOzoneClusterImpl.java:lambda$waitForClusterToBeReady$0(219)) - Waiting for nodes to be ready. Got 0 of 3 DN Heartbeats.
2022-03-03 13:56:37,407 [Listener at 127.0.0.1/42531] INFO  ozone.MiniOzoneClusterImpl (MiniOzoneClusterImpl.java:lambda$waitForClusterToBeReady$0(222)) - Waiting for cluster to exit safe mode
2022-03-03 13:56:37,407 [Listener at 127.0.0.1/42531] INFO  ozone.MiniOzoneClusterImpl (MiniOzoneClusterImpl.java:lambda$waitForClusterToBeReady$0(224)) - SCM became leader
2022-03-03 13:56:37,622 [EndpointStateMachine task thread for /127.0.0.1:43477 - 0 ] INFO  ozoneimpl.OzoneContainer (OzoneContainer.java:start(335)) - Attempting to start container services.
2022-03-03 13:56:37,622 [EndpointStateMachine task thread for /127.0.0.1:43477 - 0 ] INFO  ozoneimpl.OzoneContainer (OzoneContainer.java:startContainerScrub(270)) - Background container scanner has been disabled.
2022-03-03 13:56:37,624 [EndpointStateMachine task thread for /127.0.0.1:43477 - 0 ] INFO  replication.ReplicationServer (ReplicationServer.java:start(111)) - ReplicationServer is started using port 43795
2022-03-03 13:56:37,631 [EndpointStateMachine task thread for /127.0.0.1:43477 - 0 ] INFO  ratis.XceiverServerRatis (XceiverServerRatis.java:start(485)) - Starting XceiverServerRatis 5bf7c3ec-7d76-406c-b229-eaa9a4a03e62
2022-03-03 13:56:37,632 [EndpointStateMachine task thread for /127.0.0.1:43477 - 0 ] INFO  server.RaftServer (RaftServerProxy.java:lambda$start$5(374)) - 5bf7c3ec-7d76-406c-b229-eaa9a4a03e62: start RPC server
2022-03-03 13:56:37,635 [EndpointStateMachine task thread for /127.0.0.1:43477 - 0 ] INFO  server.GrpcService (GrpcService.java:startImpl(253)) - 5bf7c3ec-7d76-406c-b229-eaa9a4a03e62: GrpcService started, listening on 36845
2022-03-03 13:56:37,667 [EndpointStateMachine task thread for /127.0.0.1:43477 - 0 ] INFO  ratis.XceiverServerRatis (XceiverServerRatis.java:getRealPort(506)) - XceiverServerRatis 5bf7c3ec-7d76-406c-b229-eaa9a4a03e62 is started using port 36845 for RATIS
2022-03-03 13:56:37,667 [EndpointStateMachine task thread for /127.0.0.1:43477 - 0 ] INFO  ratis.XceiverServerRatis (XceiverServerRatis.java:getRealPort(506)) - XceiverServerRatis 5bf7c3ec-7d76-406c-b229-eaa9a4a03e62 is started using port 36845 for RATIS_ADMIN
2022-03-03 13:56:37,667 [EndpointStateMachine task thread for /127.0.0.1:43477 - 0 ] INFO  ratis.XceiverServerRatis (XceiverServerRatis.java:getRealPort(506)) - XceiverServerRatis 5bf7c3ec-7d76-406c-b229-eaa9a4a03e62 is started using port 36845 for RATIS_SERVER
2022-03-03 13:56:37,667 [org.apache.ratis.util.JvmPauseMonitor$$Lambda$435/931852204@1c818688] INFO  util.JvmPauseMonitor (JvmPauseMonitor.java:run(103)) - JvmPauseMonitor-5bf7c3ec-7d76-406c-b229-eaa9a4a03e62: Started
2022-03-03 13:56:37,673 [EndpointStateMachine task thread for /127.0.0.1:43477 - 0 ] INFO  server.XceiverServerGrpc (XceiverServerGrpc.java:start(180)) - XceiverServerGrpc 5bf7c3ec-7d76-406c-b229-eaa9a4a03e62 is started using port 34031
2022-03-03 13:56:38,041 [EndpointStateMachine task thread for /127.0.0.1:43477 - 0 ] INFO  ozoneimpl.OzoneContainer (OzoneContainer.java:start(335)) - Attempting to start container services.
2022-03-03 13:56:38,041 [EndpointStateMachine task thread for /127.0.0.1:43477 - 0 ] INFO  ozoneimpl.OzoneContainer (OzoneContainer.java:startContainerScrub(270)) - Background container scanner has been disabled.
2022-03-03 13:56:38,042 [EndpointStateMachine task thread for /127.0.0.1:43477 - 0 ] INFO  replication.ReplicationServer (ReplicationServer.java:start(111)) - ReplicationServer is started using port 46641
2022-03-03 13:56:38,043 [EndpointStateMachine task thread for /127.0.0.1:43477 - 0 ] INFO  ratis.XceiverServerRatis (XceiverServerRatis.java:start(485)) - Starting XceiverServerRatis 65d3439d-931f-471d-8772-cb5ffca9deeb
2022-03-03 13:56:38,063 [EndpointStateMachine task thread for /127.0.0.1:43477 - 0 ] INFO  server.RaftServer (RaftServerProxy.java:lambda$start$5(374)) - 65d3439d-931f-471d-8772-cb5ffca9deeb: start RPC server
2022-03-03 13:56:38,067 [EndpointStateMachine task thread for /127.0.0.1:43477 - 0 ] INFO  server.GrpcService (GrpcService.java:startImpl(253)) - 65d3439d-931f-471d-8772-cb5ffca9deeb: GrpcService started, listening on 45489
2022-03-03 13:56:38,072 [EndpointStateMachine task thread for /127.0.0.1:43477 - 0 ] INFO  ratis.XceiverServerRatis (XceiverServerRatis.java:getRealPort(506)) - XceiverServerRatis 65d3439d-931f-471d-8772-cb5ffca9deeb is started using port 45489 for RATIS
2022-03-03 13:56:38,072 [EndpointStateMachine task thread for /127.0.0.1:43477 - 0 ] INFO  ratis.XceiverServerRatis (XceiverServerRatis.java:getRealPort(506)) - XceiverServerRatis 65d3439d-931f-471d-8772-cb5ffca9deeb is started using port 45489 for RATIS_ADMIN
2022-03-03 13:56:38,072 [EndpointStateMachine task thread for /127.0.0.1:43477 - 0 ] INFO  ratis.XceiverServerRatis (XceiverServerRatis.java:getRealPort(506)) - XceiverServerRatis 65d3439d-931f-471d-8772-cb5ffca9deeb is started using port 45489 for RATIS_SERVER
2022-03-03 13:56:38,072 [org.apache.ratis.util.JvmPauseMonitor$$Lambda$435/931852204@3f082f96] INFO  util.JvmPauseMonitor (JvmPauseMonitor.java:run(103)) - JvmPauseMonitor-65d3439d-931f-471d-8772-cb5ffca9deeb: Started
2022-03-03 13:56:38,077 [EndpointStateMachine task thread for /127.0.0.1:43477 - 0 ] INFO  server.XceiverServerGrpc (XceiverServerGrpc.java:start(180)) - XceiverServerGrpc 65d3439d-931f-471d-8772-cb5ffca9deeb is started using port 46281
2022-03-03 13:56:38,085 [EndpointStateMachine task thread for /127.0.0.1:35581 - 0 ] INFO  ipc.Client (Client.java:handleConnectionFailure(977)) - Retrying connect to server: localhost/127.0.0.1:35581. Already tried 6 time(s); retry policy is RetryUpToMaximumCountWithFixedSleep(maxRetries=15, sleepTime=1000 MILLISECONDS)
2022-03-03 13:56:38,409 [Listener at 127.0.0.1/42531] INFO  ozone.MiniOzoneClusterImpl (MiniOzoneClusterImpl.java:lambda$waitForClusterToBeReady$0(219)) - Waiting for nodes to be ready. Got 0 of 3 DN Heartbeats.
2022-03-03 13:56:38,409 [Listener at 127.0.0.1/42531] INFO  ozone.MiniOzoneClusterImpl (MiniOzoneClusterImpl.java:lambda$waitForClusterToBeReady$0(222)) - Waiting for cluster to exit safe mode
2022-03-03 13:56:38,409 [Listener at 127.0.0.1/42531] INFO  ozone.MiniOzoneClusterImpl (MiniOzoneClusterImpl.java:lambda$waitForClusterToBeReady$0(224)) - SCM became leader
2022-03-03 13:56:38,459 [EndpointStateMachine task thread for /127.0.0.1:43477 - 0 ] INFO  ozoneimpl.OzoneContainer (OzoneContainer.java:start(335)) - Attempting to start container services.
2022-03-03 13:56:38,459 [EndpointStateMachine task thread for /127.0.0.1:43477 - 0 ] INFO  ozoneimpl.OzoneContainer (OzoneContainer.java:startContainerScrub(270)) - Background container scanner has been disabled.
2022-03-03 13:56:38,460 [EndpointStateMachine task thread for /127.0.0.1:43477 - 0 ] INFO  replication.ReplicationServer (ReplicationServer.java:start(111)) - ReplicationServer is started using port 39197
2022-03-03 13:56:38,461 [EndpointStateMachine task thread for /127.0.0.1:43477 - 0 ] INFO  ratis.XceiverServerRatis (XceiverServerRatis.java:start(485)) - Starting XceiverServerRatis 27c0535d-9f26-46d8-bf91-046d0b15bd6c
2022-03-03 13:56:38,503 [EndpointStateMachine task thread for /127.0.0.1:43477 - 0 ] INFO  server.RaftServer (RaftServerProxy.java:lambda$start$5(374)) - 27c0535d-9f26-46d8-bf91-046d0b15bd6c: start RPC server
2022-03-03 13:56:38,503 [EndpointStateMachine task thread for /127.0.0.1:43477 - 0 ] INFO  server.GrpcService (GrpcService.java:startImpl(253)) - 27c0535d-9f26-46d8-bf91-046d0b15bd6c: GrpcService started, listening on 40065
2022-03-03 13:56:38,505 [EndpointStateMachine task thread for /127.0.0.1:43477 - 0 ] INFO  ratis.XceiverServerRatis (XceiverServerRatis.java:getRealPort(506)) - XceiverServerRatis 27c0535d-9f26-46d8-bf91-046d0b15bd6c is started using port 40065 for RATIS
2022-03-03 13:56:38,505 [EndpointStateMachine task thread for /127.0.0.1:43477 - 0 ] INFO  ratis.XceiverServerRatis (XceiverServerRatis.java:getRealPort(506)) - XceiverServerRatis 27c0535d-9f26-46d8-bf91-046d0b15bd6c is started using port 40065 for RATIS_ADMIN
2022-03-03 13:56:38,505 [EndpointStateMachine task thread for /127.0.0.1:43477 - 0 ] INFO  ratis.XceiverServerRatis (XceiverServerRatis.java:getRealPort(506)) - XceiverServerRatis 27c0535d-9f26-46d8-bf91-046d0b15bd6c is started using port 40065 for RATIS_SERVER
2022-03-03 13:56:38,505 [org.apache.ratis.util.JvmPauseMonitor$$Lambda$435/931852204@4f78d017] INFO  util.JvmPauseMonitor (JvmPauseMonitor.java:run(103)) - JvmPauseMonitor-27c0535d-9f26-46d8-bf91-046d0b15bd6c: Started
2022-03-03 13:56:38,506 [EndpointStateMachine task thread for /127.0.0.1:43477 - 0 ] INFO  server.XceiverServerGrpc (XceiverServerGrpc.java:start(180)) - XceiverServerGrpc 27c0535d-9f26-46d8-bf91-046d0b15bd6c is started using port 42813
2022-03-03 13:56:39,085 [EndpointStateMachine task thread for /127.0.0.1:35581 - 0 ] INFO  ipc.Client (Client.java:handleConnectionFailure(977)) - Retrying connect to server: localhost/127.0.0.1:35581. Already tried 7 time(s); retry policy is RetryUpToMaximumCountWithFixedSleep(maxRetries=15, sleepTime=1000 MILLISECONDS)
2022-03-03 13:56:39,410 [Listener at 127.0.0.1/42531] INFO  ozone.MiniOzoneClusterImpl (MiniOzoneClusterImpl.java:lambda$waitForClusterToBeReady$0(219)) - Waiting for nodes to be ready. Got 0 of 3 DN Heartbeats.
2022-03-03 13:56:39,410 [Listener at 127.0.0.1/42531] INFO  ozone.MiniOzoneClusterImpl (MiniOzoneClusterImpl.java:lambda$waitForClusterToBeReady$0(222)) - Waiting for cluster to exit safe mode
2022-03-03 13:56:39,410 [Listener at 127.0.0.1/42531] INFO  ozone.MiniOzoneClusterImpl (MiniOzoneClusterImpl.java:lambda$waitForClusterToBeReady$0(224)) - SCM became leader
2022-03-03 13:56:39,596 [IPC Server handler 30 on default port 43477] INFO  net.NetworkTopologyImpl (NetworkTopologyImpl.java:add(112)) - Added a new node: /default-rack/5bf7c3ec-7d76-406c-b229-eaa9a4a03e62
2022-03-03 13:56:39,596 [IPC Server handler 30 on default port 43477] INFO  node.SCMNodeManager (SCMNodeManager.java:register(391)) - Registered Data node : 5bf7c3ec-7d76-406c-b229-eaa9a4a03e62{ip: 127.0.0.1, host: localhost, ports: [REPLICATION=43795, RATIS=36845, RATIS_ADMIN=36845, RATIS_SERVER=36845, STANDALONE=34031], networkLocation: /default-rack, certSerialId: null, persistedOpState: null, persistedOpStateExpiryEpochSec: 0}
2022-03-03 13:56:39,602 [EventQueue-NewNodeForNewNodeHandler] INFO  pipeline.BackgroundPipelineCreator (BackgroundPipelineCreator.java:notifyEventTriggered(285)) - trigger a one-shot run on RatisPipelineUtilsThread.
2022-03-03 13:56:39,603 [RatisPipelineUtilsThread - 0] INFO  pipeline.RatisPipelineProvider (RatisPipelineProvider.java:lambda$create$0(183)) - Sending CreatePipelineCommand for pipeline:PipelineID=e596e21b-c1fb-4916-96f9-f6f098fe6fc7 to datanode:5bf7c3ec-7d76-406c-b229-eaa9a4a03e62
2022-03-03 13:56:39,607 [EventQueue-NodeRegistrationContainerReportForDataNodeSafeModeRule] INFO  safemode.SCMSafeModeManager (DataNodeSafeModeRule.java:process(71)) - SCM in safe mode. 1 DataNodes registered, 3 required.
2022-03-03 13:56:39,617 [EventQueue-NodeRegistrationContainerReportForContainerSafeModeRule] INFO  safemode.SCMSafeModeManager (SCMSafeModeManager.java:validateSafeModeExitRules(204)) - ContainerSafeModeRule rule is successfully validated
2022-03-03 13:56:39,636 [EventQueue-PipelineReportForOneReplicaPipelineSafeModeRule] INFO  safemode.SCMSafeModeManager (SCMSafeModeManager.java:validateSafeModeExitRules(204)) - AtleastOneDatanodeReportedRule rule is successfully validated
2022-03-03 13:56:39,645 [d391911d-a494-49f8-a9db-8a15da5a0d08@group-9260B08DF491-StateMachineUpdater] INFO  pipeline.PipelineStateManagerImpl (PipelineStateManagerImpl.java:addPipeline(101)) - Created pipeline Pipeline[ Id: e596e21b-c1fb-4916-96f9-f6f098fe6fc7, Nodes: 5bf7c3ec-7d76-406c-b229-eaa9a4a03e62{ip: 127.0.0.1, host: localhost, ports: [REPLICATION=43795, RATIS=36845, RATIS_ADMIN=36845, RATIS_SERVER=36845, STANDALONE=34031], networkLocation: /default-rack, certSerialId: null, persistedOpState: IN_SERVICE, persistedOpStateExpiryEpochSec: 0}, ReplicationConfig: RATIS/ONE, State:ALLOCATED, leaderId:, CreationTimestamp2022-03-03T13:56:39.603Z[Etc/UTC]].
2022-03-03 13:56:39,645 [d391911d-a494-49f8-a9db-8a15da5a0d08@group-9260B08DF491-StateMachineUpdater] INFO  safemode.HealthyPipelineSafeModeRule (HealthyPipelineSafeModeRule.java:initializeRule(152)) - Refreshed total pipeline count is 0, healthy pipeline threshold count is 1
2022-03-03 13:56:40,032 [IPC Server handler 0 on default port 43477] INFO  net.NetworkTopologyImpl (NetworkTopologyImpl.java:add(112)) - Added a new node: /default-rack/65d3439d-931f-471d-8772-cb5ffca9deeb
2022-03-03 13:56:40,034 [IPC Server handler 0 on default port 43477] INFO  node.SCMNodeManager (SCMNodeManager.java:register(391)) - Registered Data node : 65d3439d-931f-471d-8772-cb5ffca9deeb{ip: 127.0.0.1, host: localhost, ports: [REPLICATION=46641, RATIS=45489, RATIS_ADMIN=45489, RATIS_SERVER=45489, STANDALONE=46281], networkLocation: /default-rack, certSerialId: null, persistedOpState: null, persistedOpStateExpiryEpochSec: 0}
2022-03-03 13:56:40,034 [EventQueue-NewNodeForNewNodeHandler] INFO  pipeline.BackgroundPipelineCreator (BackgroundPipelineCreator.java:notifyEventTriggered(285)) - trigger a one-shot run on RatisPipelineUtilsThread.
2022-03-03 13:56:40,035 [EventQueue-NodeRegistrationContainerReportForDataNodeSafeModeRule] INFO  safemode.SCMSafeModeManager (DataNodeSafeModeRule.java:process(71)) - SCM in safe mode. 2 DataNodes registered, 3 required.
2022-03-03 13:56:40,045 [RatisPipelineUtilsThread - 0] INFO  pipeline.RatisPipelineProvider (RatisPipelineProvider.java:lambda$create$0(183)) - Sending CreatePipelineCommand for pipeline:PipelineID=fe2cbdfc-26c6-41a5-b064-d23d9a37baab to datanode:65d3439d-931f-471d-8772-cb5ffca9deeb
2022-03-03 13:56:40,047 [d391911d-a494-49f8-a9db-8a15da5a0d08@group-9260B08DF491-StateMachineUpdater] INFO  pipeline.PipelineStateManagerImpl (PipelineStateManagerImpl.java:addPipeline(101)) - Created pipeline Pipeline[ Id: fe2cbdfc-26c6-41a5-b064-d23d9a37baab, Nodes: 65d3439d-931f-471d-8772-cb5ffca9deeb{ip: 127.0.0.1, host: localhost, ports: [REPLICATION=46641, RATIS=45489, RATIS_ADMIN=45489, RATIS_SERVER=45489, STANDALONE=46281], networkLocation: /default-rack, certSerialId: null, persistedOpState: IN_SERVICE, persistedOpStateExpiryEpochSec: 0}, ReplicationConfig: RATIS/ONE, State:ALLOCATED, leaderId:, CreationTimestamp2022-03-03T13:56:40.045Z[Etc/UTC]].
2022-03-03 13:56:40,047 [d391911d-a494-49f8-a9db-8a15da5a0d08@group-9260B08DF491-StateMachineUpdater] INFO  safemode.HealthyPipelineSafeModeRule (HealthyPipelineSafeModeRule.java:initializeRule(152)) - Refreshed total pipeline count is 0, healthy pipeline threshold count is 1
2022-03-03 13:56:40,086 [EndpointStateMachine task thread for /127.0.0.1:35581 - 0 ] INFO  ipc.Client (Client.java:handleConnectionFailure(977)) - Retrying connect to server: localhost/127.0.0.1:35581. Already tried 8 time(s); retry policy is RetryUpToMaximumCountWithFixedSleep(maxRetries=15, sleepTime=1000 MILLISECONDS)
2022-03-03 13:56:40,410 [Listener at 127.0.0.1/42531] INFO  ozone.MiniOzoneClusterImpl (MiniOzoneClusterImpl.java:lambda$waitForClusterToBeReady$0(219)) - Waiting for nodes to be ready. Got 2 of 3 DN Heartbeats.
2022-03-03 13:56:40,410 [Listener at 127.0.0.1/42531] INFO  ozone.MiniOzoneClusterImpl (MiniOzoneClusterImpl.java:lambda$waitForClusterToBeReady$0(222)) - Waiting for cluster to exit safe mode
2022-03-03 13:56:40,410 [Listener at 127.0.0.1/42531] INFO  ozone.MiniOzoneClusterImpl (MiniOzoneClusterImpl.java:lambda$waitForClusterToBeReady$0(224)) - SCM became leader
2022-03-03 13:56:40,436 [IPC Server handler 1 on default port 43477] INFO  net.NetworkTopologyImpl (NetworkTopologyImpl.java:add(112)) - Added a new node: /default-rack/27c0535d-9f26-46d8-bf91-046d0b15bd6c
2022-03-03 13:56:40,436 [IPC Server handler 1 on default port 43477] INFO  node.SCMNodeManager (SCMNodeManager.java:register(391)) - Registered Data node : 27c0535d-9f26-46d8-bf91-046d0b15bd6c{ip: 127.0.0.1, host: localhost, ports: [REPLICATION=39197, RATIS=40065, RATIS_ADMIN=40065, RATIS_SERVER=40065, STANDALONE=42813], networkLocation: /default-rack, certSerialId: null, persistedOpState: null, persistedOpStateExpiryEpochSec: 0}
2022-03-03 13:56:40,437 [EventQueue-NewNodeForNewNodeHandler] INFO  pipeline.BackgroundPipelineCreator (BackgroundPipelineCreator.java:notifyEventTriggered(285)) - trigger a one-shot run on RatisPipelineUtilsThread.
2022-03-03 13:56:40,437 [EventQueue-NodeRegistrationContainerReportForDataNodeSafeModeRule] INFO  safemode.SCMSafeModeManager (DataNodeSafeModeRule.java:process(71)) - SCM in safe mode. 3 DataNodes registered, 3 required.
2022-03-03 13:56:40,437 [EventQueue-NodeRegistrationContainerReportForDataNodeSafeModeRule] INFO  safemode.SCMSafeModeManager (SCMSafeModeManager.java:validateSafeModeExitRules(204)) - DataNodeSafeModeRule rule is successfully validated
2022-03-03 13:56:40,437 [EventQueue-NodeRegistrationContainerReportForDataNodeSafeModeRule] INFO  safemode.SCMSafeModeManager (SCMSafeModeManager.java:completePreCheck(233)) - All SCM safe mode pre check rules have passed
2022-03-03 13:56:40,437 [EventQueue-NodeRegistrationContainerReportForDataNodeSafeModeRule] WARN  events.EventQueue (EventQueue.java:fireEvent(194)) - No event handler registered for event TypedEvent{payloadType=SafeModeStatus, name='Safe mode status'}
2022-03-03 13:56:40,437 [EventQueue-NodeRegistrationContainerReportForDataNodeSafeModeRule] INFO  ha.SCMContext (SCMContext.java:updateSafeModeStatus(211)) - Update SafeModeStatus from SafeModeStatus{safeModeStatus=true, preCheckPassed=false} to SafeModeStatus{safeModeStatus=true, preCheckPassed=true}.
2022-03-03 13:56:40,437 [EventQueue-NodeRegistrationContainerReportForDataNodeSafeModeRule] INFO  pipeline.BackgroundPipelineCreator (BackgroundPipelineCreator.java:notifyEventTriggered(285)) - trigger a one-shot run on RatisPipelineUtilsThread.
2022-03-03 13:56:40,438 [RatisPipelineUtilsThread - 0] INFO  pipeline.RatisPipelineProvider (RatisPipelineProvider.java:lambda$create$0(183)) - Sending CreatePipelineCommand for pipeline:PipelineID=6a6e2fd8-22ed-4e8a-9cda-7d1e74cd45bf to datanode:27c0535d-9f26-46d8-bf91-046d0b15bd6c
2022-03-03 13:56:40,440 [d391911d-a494-49f8-a9db-8a15da5a0d08@group-9260B08DF491-StateMachineUpdater] INFO  pipeline.PipelineStateManagerImpl (PipelineStateManagerImpl.java:addPipeline(101)) - Created pipeline Pipeline[ Id: 6a6e2fd8-22ed-4e8a-9cda-7d1e74cd45bf, Nodes: 27c0535d-9f26-46d8-bf91-046d0b15bd6c{ip: 127.0.0.1, host: localhost, ports: [REPLICATION=39197, RATIS=40065, RATIS_ADMIN=40065, RATIS_SERVER=40065, STANDALONE=42813], networkLocation: /default-rack, certSerialId: null, persistedOpState: IN_SERVICE, persistedOpStateExpiryEpochSec: 0}, ReplicationConfig: RATIS/ONE, State:ALLOCATED, leaderId:, CreationTimestamp2022-03-03T13:56:40.438Z[Etc/UTC]].
2022-03-03 13:56:40,440 [d391911d-a494-49f8-a9db-8a15da5a0d08@group-9260B08DF491-StateMachineUpdater] INFO  safemode.HealthyPipelineSafeModeRule (HealthyPipelineSafeModeRule.java:initializeRule(152)) - Refreshed total pipeline count is 0, healthy pipeline threshold count is 1
2022-03-03 13:56:40,440 [RatisPipelineUtilsThread - 0] INFO  pipeline.RatisPipelineProvider (RatisPipelineProvider.java:lambda$create$0(183)) - Sending CreatePipelineCommand for pipeline:PipelineID=31032684-6364-44b4-a1b3-e306aaf451c0 to datanode:27c0535d-9f26-46d8-bf91-046d0b15bd6c
2022-03-03 13:56:40,454 [RatisPipelineUtilsThread - 0] INFO  pipeline.RatisPipelineProvider (RatisPipelineProvider.java:lambda$create$0(183)) - Sending CreatePipelineCommand for pipeline:PipelineID=31032684-6364-44b4-a1b3-e306aaf451c0 to datanode:65d3439d-931f-471d-8772-cb5ffca9deeb
2022-03-03 13:56:40,454 [RatisPipelineUtilsThread - 0] INFO  pipeline.RatisPipelineProvider (RatisPipelineProvider.java:lambda$create$0(183)) - Sending CreatePipelineCommand for pipeline:PipelineID=31032684-6364-44b4-a1b3-e306aaf451c0 to datanode:5bf7c3ec-7d76-406c-b229-eaa9a4a03e62
2022-03-03 13:56:40,456 [d391911d-a494-49f8-a9db-8a15da5a0d08@group-9260B08DF491-StateMachineUpdater] INFO  pipeline.PipelineStateManagerImpl (PipelineStateManagerImpl.java:addPipeline(101)) - Created pipeline Pipeline[ Id: 31032684-6364-44b4-a1b3-e306aaf451c0, Nodes: 27c0535d-9f26-46d8-bf91-046d0b15bd6c{ip: 127.0.0.1, host: localhost, ports: [REPLICATION=39197, RATIS=40065, RATIS_ADMIN=40065, RATIS_SERVER=40065, STANDALONE=42813], networkLocation: /default-rack, certSerialId: null, persistedOpState: IN_SERVICE, persistedOpStateExpiryEpochSec: 0}65d3439d-931f-471d-8772-cb5ffca9deeb{ip: 127.0.0.1, host: localhost, ports: [REPLICATION=46641, RATIS=45489, RATIS_ADMIN=45489, RATIS_SERVER=45489, STANDALONE=46281], networkLocation: /default-rack, certSerialId: null, persistedOpState: IN_SERVICE, persistedOpStateExpiryEpochSec: 0}5bf7c3ec-7d76-406c-b229-eaa9a4a03e62{ip: 127.0.0.1, host: localhost, ports: [REPLICATION=43795, RATIS=36845, RATIS_ADMIN=36845, RATIS_SERVER=36845, STANDALONE=34031], networkLocation: /default-rack, certSerialId: null, persistedOpState: IN_SERVICE, persistedOpStateExpiryEpochSec: 0}, ReplicationConfig: RATIS/THREE, State:ALLOCATED, leaderId:, CreationTimestamp2022-03-03T13:56:40.440Z[Etc/UTC]].
2022-03-03 13:56:40,456 [d391911d-a494-49f8-a9db-8a15da5a0d08@group-9260B08DF491-StateMachineUpdater] INFO  safemode.HealthyPipelineSafeModeRule (HealthyPipelineSafeModeRule.java:initializeRule(152)) - Refreshed total pipeline count is 0, healthy pipeline threshold count is 1
2022-03-03 13:56:40,458 [RatisPipelineUtilsThread - 0] INFO  pipeline.RatisPipelineProvider (RatisPipelineProvider.java:lambda$create$0(183)) - Sending CreatePipelineCommand for pipeline:PipelineID=dc2f315a-49b8-4c84-98f4-cc0bc6ad9588 to datanode:5bf7c3ec-7d76-406c-b229-eaa9a4a03e62
2022-03-03 13:56:40,465 [RatisPipelineUtilsThread - 0] INFO  pipeline.RatisPipelineProvider (RatisPipelineProvider.java:lambda$create$0(183)) - Sending CreatePipelineCommand for pipeline:PipelineID=dc2f315a-49b8-4c84-98f4-cc0bc6ad9588 to datanode:27c0535d-9f26-46d8-bf91-046d0b15bd6c
2022-03-03 13:56:40,465 [RatisPipelineUtilsThread - 0] INFO  pipeline.RatisPipelineProvider (RatisPipelineProvider.java:lambda$create$0(183)) - Sending CreatePipelineCommand for pipeline:PipelineID=dc2f315a-49b8-4c84-98f4-cc0bc6ad9588 to datanode:65d3439d-931f-471d-8772-cb5ffca9deeb
2022-03-03 13:56:40,467 [d391911d-a494-49f8-a9db-8a15da5a0d08@group-9260B08DF491-StateMachineUpdater] INFO  pipeline.PipelineStateManagerImpl (PipelineStateManagerImpl.java:addPipeline(101)) - Created pipeline Pipeline[ Id: dc2f315a-49b8-4c84-98f4-cc0bc6ad9588, Nodes: 5bf7c3ec-7d76-406c-b229-eaa9a4a03e62{ip: 127.0.0.1, host: localhost, ports: [REPLICATION=43795, RATIS=36845, RATIS_ADMIN=36845, RATIS_SERVER=36845, STANDALONE=34031], networkLocation: /default-rack, certSerialId: null, persistedOpState: IN_SERVICE, persistedOpStateExpiryEpochSec: 0}27c0535d-9f26-46d8-bf91-046d0b15bd6c{ip: 127.0.0.1, host: localhost, ports: [REPLICATION=39197, RATIS=40065, RATIS_ADMIN=40065, RATIS_SERVER=40065, STANDALONE=42813], networkLocation: /default-rack, certSerialId: null, persistedOpState: IN_SERVICE, persistedOpStateExpiryEpochSec: 0}65d3439d-931f-471d-8772-cb5ffca9deeb{ip: 127.0.0.1, host: localhost, ports: [REPLICATION=46641, RATIS=45489, RATIS_ADMIN=45489, RATIS_SERVER=45489, STANDALONE=46281], networkLocation: /default-rack, certSerialId: null, persistedOpState: IN_SERVICE, persistedOpStateExpiryEpochSec: 0}, ReplicationConfig: RATIS/THREE, State:ALLOCATED, leaderId:, CreationTimestamp2022-03-03T13:56:40.458Z[Etc/UTC]].
2022-03-03 13:56:40,467 [d391911d-a494-49f8-a9db-8a15da5a0d08@group-9260B08DF491-StateMachineUpdater] INFO  safemode.HealthyPipelineSafeModeRule (HealthyPipelineSafeModeRule.java:initializeRule(152)) - Refreshed total pipeline count is 0, healthy pipeline threshold count is 1
2022-03-03 13:56:40,470 [RatisPipelineUtilsThread - 0] INFO  pipeline.PipelineManagerImpl (PipelineManagerImpl.java:recordMetricsForPipeline(639)) - Pipeline: PipelineID=dc2f315a-49b8-4c84-98f4-cc0bc6ad9588 contains same datanodes as previous pipelines: PipelineID=31032684-6364-44b4-a1b3-e306aaf451c0 nodeIds: 5bf7c3ec-7d76-406c-b229-eaa9a4a03e62, 27c0535d-9f26-46d8-bf91-046d0b15bd6c, 65d3439d-931f-471d-8772-cb5ffca9deeb
2022-03-03 13:56:41,088 [EndpointStateMachine task thread for /127.0.0.1:35581 - 0 ] INFO  ipc.Client (Client.java:handleConnectionFailure(977)) - Retrying connect to server: localhost/127.0.0.1:35581. Already tried 9 time(s); retry policy is RetryUpToMaximumCountWithFixedSleep(maxRetries=15, sleepTime=1000 MILLISECONDS)
2022-03-03 13:56:41,411 [Listener at 127.0.0.1/42531] INFO  ozone.MiniOzoneClusterImpl (MiniOzoneClusterImpl.java:lambda$waitForClusterToBeReady$0(219)) - Nodes are ready. Got 3 of 3 DN Heartbeats.
2022-03-03 13:56:41,411 [Listener at 127.0.0.1/42531] INFO  ozone.MiniOzoneClusterImpl (MiniOzoneClusterImpl.java:lambda$waitForClusterToBeReady$0(222)) - Waiting for cluster to exit safe mode
2022-03-03 13:56:41,411 [Listener at 127.0.0.1/42531] INFO  ozone.MiniOzoneClusterImpl (MiniOzoneClusterImpl.java:lambda$waitForClusterToBeReady$0(224)) - SCM became leader
2022-03-03 13:56:42,089 [EndpointStateMachine task thread for /127.0.0.1:35581 - 0 ] INFO  ipc.Client (Client.java:handleConnectionFailure(977)) - Retrying connect to server: localhost/127.0.0.1:35581. Already tried 10 time(s); retry policy is RetryUpToMaximumCountWithFixedSleep(maxRetries=15, sleepTime=1000 MILLISECONDS)
2022-03-03 13:56:42,411 [Listener at 127.0.0.1/42531] INFO  ozone.MiniOzoneClusterImpl (MiniOzoneClusterImpl.java:lambda$waitForClusterToBeReady$0(219)) - Nodes are ready. Got 3 of 3 DN Heartbeats.
2022-03-03 13:56:42,411 [Listener at 127.0.0.1/42531] INFO  ozone.MiniOzoneClusterImpl (MiniOzoneClusterImpl.java:lambda$waitForClusterToBeReady$0(222)) - Waiting for cluster to exit safe mode
2022-03-03 13:56:42,411 [Listener at 127.0.0.1/42531] INFO  ozone.MiniOzoneClusterImpl (MiniOzoneClusterImpl.java:lambda$waitForClusterToBeReady$0(224)) - SCM became leader
2022-03-03 13:56:42,596 [Command processor thread] INFO  server.RaftServer (RaftServerProxy.java:addNew(95)) - 5bf7c3ec-7d76-406c-b229-eaa9a4a03e62: addNew group-F6F098FE6FC7:[5bf7c3ec-7d76-406c-b229-eaa9a4a03e62|rpc:127.0.0.1:36845|priority:1] returns group-F6F098FE6FC7:java.util.concurrent.CompletableFuture@50524305[Not completed]
2022-03-03 13:56:42,609 [pool-298-thread-1] INFO  server.RaftServer$Division (RaftServerImpl.java:<init>(184)) - 5bf7c3ec-7d76-406c-b229-eaa9a4a03e62: new RaftServerImpl for group-F6F098FE6FC7:[5bf7c3ec-7d76-406c-b229-eaa9a4a03e62|rpc:127.0.0.1:36845|priority:1] with ContainerStateMachine:uninitialized
2022-03-03 13:56:42,615 [pool-298-thread-1] INFO  server.RaftServerConfigKeys (ConfUtils.java:logGet(44)) - raft.server.rpc.timeout.min = 5s (custom)
2022-03-03 13:56:42,615 [pool-298-thread-1] INFO  server.RaftServerConfigKeys (ConfUtils.java:logGet(44)) - raft.server.rpc.timeout.max = 5200ms (custom)
2022-03-03 13:56:42,615 [pool-298-thread-1] INFO  server.RaftServerConfigKeys (ConfUtils.java:logGet(44)) - raft.server.rpc.sleep.time = 25ms (default)
2022-03-03 13:56:42,615 [pool-298-thread-1] INFO  server.RaftServerConfigKeys (ConfUtils.java:logGet(44)) - raft.server.rpc.slowness.timeout = 300s (custom)
2022-03-03 13:56:42,615 [pool-298-thread-1] INFO  server.RaftServerConfigKeys (ConfUtils.java:logGet(44)) - raft.server.leaderelection.leader.step-down.wait-time = 10s (default)
2022-03-03 13:56:42,615 [pool-298-thread-1] INFO  server.RaftServerConfigKeys (ConfUtils.java:logGet(44)) - raft.server.sleep.deviation.threshold = 300ms (default)
2022-03-03 13:56:42,615 [pool-298-thread-1] INFO  server.RaftServerConfigKeys (ConfUtils.java:logGet(44)) - raft.server.log.appender.install.snapshot.enabled = false (custom)
2022-03-03 13:56:42,615 [pool-298-thread-1] INFO  server.RaftServer$Division (ServerState.java:<init>(105)) - 5bf7c3ec-7d76-406c-b229-eaa9a4a03e62@group-F6F098FE6FC7: ConfigurationManager, init=-1: [5bf7c3ec-7d76-406c-b229-eaa9a4a03e62|rpc:127.0.0.1:36845|priority:1], old=null, confs=<EMPTY_MAP>
2022-03-03 13:56:42,615 [pool-298-thread-1] INFO  server.RaftServerConfigKeys (ConfUtils.java:logGet(44)) - raft.server.storage.dir = [/home/runner/work/ozone/ozone/hadoop-ozone/integration-test/target/test-dir/MiniOzoneClusterImpl-66b45f8e-1cec-491e-b66c-9260b08df491/datanode-0/data/ratis] (custom)
2022-03-03 13:56:42,616 [pool-298-thread-1] INFO  server.RaftServerConfigKeys (ConfUtils.java:logGet(44)) - raft.server.log.corruption.policy = EXCEPTION (default)
2022-03-03 13:56:42,616 [pool-298-thread-1] INFO  server.RaftServerConfigKeys (ConfUtils.java:logGet(44)) - raft.server.storage.free-space.min = 0MB (=0) (default)
2022-03-03 13:56:42,616 [pool-298-thread-1] INFO  storage.RaftStorageDirectory (RaftStorageDirectoryImpl.java:analyzeStorage(135)) - The storage directory /home/runner/work/ozone/ozone/hadoop-ozone/integration-test/target/test-dir/MiniOzoneClusterImpl-66b45f8e-1cec-491e-b66c-9260b08df491/datanode-0/data/ratis/e596e21b-c1fb-4916-96f9-f6f098fe6fc7 does not exist. Creating ...
2022-03-03 13:56:42,619 [pool-298-thread-1] INFO  storage.RaftStorageDirectory (RaftStorageDirectoryImpl.java:tryLock(230)) - Lock on /home/runner/work/ozone/ozone/hadoop-ozone/integration-test/target/test-dir/MiniOzoneClusterImpl-66b45f8e-1cec-491e-b66c-9260b08df491/datanode-0/data/ratis/e596e21b-c1fb-4916-96f9-f6f098fe6fc7/in_use.lock acquired by nodename 17744@fv-az50-851
2022-03-03 13:56:42,620 [pool-298-thread-1] INFO  storage.RaftStorage (RaftStorageImpl.java:format(89)) - Storage directory /home/runner/work/ozone/ozone/hadoop-ozone/integration-test/target/test-dir/MiniOzoneClusterImpl-66b45f8e-1cec-491e-b66c-9260b08df491/datanode-0/data/ratis/e596e21b-c1fb-4916-96f9-f6f098fe6fc7 has been successfully formatted.
2022-03-03 13:56:42,621 [pool-298-thread-1] INFO  ratis.ContainerStateMachine (ContainerStateMachine.java:loadSnapshot(236)) - group-F6F098FE6FC7: The snapshot info is null. Setting the last applied indexto:(t:0, i:~)
2022-03-03 13:56:42,622 [pool-298-thread-1] INFO  server.RaftServerConfigKeys (ConfUtils.java:logGet(44)) - raft.server.notification.no-leader.timeout = 300s (custom)
2022-03-03 13:56:42,622 [pool-298-thread-1] INFO  server.RaftServerConfigKeys (ConfUtils.java:logGet(44)) - raft.server.log.use.memory = false (default)
2022-03-03 13:56:42,622 [pool-298-thread-1] INFO  server.RaftServerConfigKeys (ConfUtils.java:logGet(44)) - raft.server.log.purge.gap = 1000000 (custom)
2022-03-03 13:56:42,622 [pool-298-thread-1] INFO  server.RaftServerConfigKeys (ConfUtils.java:logGet(44)) - raft.server.log.appender.buffer.byte-limit = 33554432 (custom)
2022-03-03 13:56:42,622 [pool-298-thread-1] INFO  server.RaftServerConfigKeys (ConfUtils.java:logGet(44)) - raft.server.log.segment.size.max = 1048576 (custom)
2022-03-03 13:56:42,623 [pool-298-thread-1] INFO  server.RaftServerConfigKeys (ConfUtils.java:logGet(44)) - raft.server.log.segment.cache.num.max = 2 (custom)
2022-03-03 13:56:42,623 [pool-298-thread-1] INFO  server.RaftServerConfigKeys (ConfUtils.java:logGet(44)) - raft.server.log.segment.cache.size.max = 200MB (=209715200) (default)
2022-03-03 13:56:42,623 [pool-298-thread-1] INFO  segmented.SegmentedRaftLogWorker (SegmentedRaftLogWorker.java:<init>(182)) - new 5bf7c3ec-7d76-406c-b229-eaa9a4a03e62@group-F6F098FE6FC7-SegmentedRaftLogWorker for RaftStorageImpl:Storage Directory /home/runner/work/ozone/ozone/hadoop-ozone/integration-test/target/test-dir/MiniOzoneClusterImpl-66b45f8e-1cec-491e-b66c-9260b08df491/datanode-0/data/ratis/e596e21b-c1fb-4916-96f9-f6f098fe6fc7
2022-03-03 13:56:42,623 [pool-298-thread-1] INFO  server.RaftServerConfigKeys (ConfUtils.java:logGet(44)) - raft.server.log.queue.byte-limit = 4294967296 (custom)
2022-03-03 13:56:42,623 [pool-298-thread-1] INFO  server.RaftServerConfigKeys (ConfUtils.java:logGet(44)) - raft.server.log.queue.element-limit = 1024 (custom)
2022-03-03 13:56:42,623 [pool-298-thread-1] INFO  server.RaftServerConfigKeys (ConfUtils.java:logGet(44)) - raft.server.log.segment.size.max = 1048576 (custom)
2022-03-03 13:56:42,623 [pool-298-thread-1] INFO  server.RaftServerConfigKeys (ConfUtils.java:logGet(44)) - raft.server.log.preallocated.size = 16384 (custom)
2022-03-03 13:56:42,623 [pool-298-thread-1] INFO  server.RaftServerConfigKeys (ConfUtils.java:logGet(44)) - raft.server.log.force.sync.num = 128 (default)
2022-03-03 13:56:42,623 [pool-298-thread-1] INFO  server.RaftServerConfigKeys (ConfUtils.java:logGet(44)) - raft.server.log.statemachine.data.sync = true (default)
2022-03-03 13:56:42,623 [pool-298-thread-1] INFO  server.RaftServerConfigKeys (ConfUtils.java:logGet(44)) - raft.server.log.statemachine.data.sync.timeout = 10s (default)
2022-03-03 13:56:42,623 [pool-298-thread-1] INFO  server.RaftServerConfigKeys (ConfUtils.java:logGet(44)) - raft.server.log.statemachine.data.sync.timeout.retry = -1 (default)
2022-03-03 13:56:42,624 [pool-298-thread-1] INFO  server.RaftServerConfigKeys (ConfUtils.java:logGet(44)) - raft.server.log.write.buffer.size = 1048576 (custom)
2022-03-03 13:56:42,624 [pool-298-thread-1] INFO  server.RaftServerConfigKeys (ConfUtils.java:logGet(44)) - raft.server.log.statemachine.data.caching.enabled = true (custom)
2022-03-03 13:56:42,625 [pool-298-thread-1] INFO  segmented.SegmentedRaftLogWorker (SegmentedRaftLogWorker.java:lambda$new$0(133)) - 5bf7c3ec-7d76-406c-b229-eaa9a4a03e62@group-F6F098FE6FC7-SegmentedRaftLogWorker: flushIndex: setUnconditionally 0 -> -1
2022-03-03 13:56:42,625 [pool-298-thread-1] INFO  segmented.SegmentedRaftLogWorker (SegmentedRaftLogWorker.java:lambda$new$0(133)) - 5bf7c3ec-7d76-406c-b229-eaa9a4a03e62@group-F6F098FE6FC7-SegmentedRaftLogWorker: safeCacheEvictIndex: setUnconditionally 0 -> -1
2022-03-03 13:56:42,627 [EventQueue-PipelineReportForPipelineReportHandler] INFO  pipeline.PipelineManagerImpl (PipelineManagerImpl.java:openPipeline(291)) - Pipeline Pipeline[ Id: e596e21b-c1fb-4916-96f9-f6f098fe6fc7, Nodes: 5bf7c3ec-7d76-406c-b229-eaa9a4a03e62{ip: 127.0.0.1, host: localhost, ports: [REPLICATION=43795, RATIS=36845, RATIS_ADMIN=36845, RATIS_SERVER=36845, STANDALONE=34031], networkLocation: /default-rack, certSerialId: null, persistedOpState: IN_SERVICE, persistedOpStateExpiryEpochSec: 0}, ReplicationConfig: RATIS/ONE, State:ALLOCATED, leaderId:5bf7c3ec-7d76-406c-b229-eaa9a4a03e62, CreationTimestamp2022-03-03T13:56:39.603Z[Etc/UTC]] moved to OPEN state
2022-03-03 13:56:42,663 [pool-298-thread-1] INFO  server.RaftServerConfigKeys (ConfUtils.java:logGet(44)) - raft.server.snapshot.auto.trigger.enabled = true (custom)
2022-03-03 13:56:42,663 [pool-298-thread-1] INFO  server.RaftServerConfigKeys (ConfUtils.java:logGet(44)) - raft.server.snapshot.auto.trigger.threshold = 10000 (custom)
2022-03-03 13:56:42,663 [pool-298-thread-1] INFO  server.RaftServerConfigKeys (ConfUtils.java:logGet(44)) - raft.server.snapshot.retention.file.num = 5 (custom)
2022-03-03 13:56:42,663 [pool-298-thread-1] INFO  server.RaftServerConfigKeys (ConfUtils.java:logGet(44)) - raft.server.log.purge.upto.snapshot.index = false (default)
2022-03-03 13:56:42,663 [pool-298-thread-1] INFO  server.RaftServerConfigKeys (ConfUtils.java:logGet(44)) - raft.server.retrycache.expirytime = 600000ms (custom)
2022-03-03 13:56:42,663 [pool-298-thread-1] INFO  server.RaftServerConfigKeys (ConfUtils.java:logGet(44)) - raft.server.retrycache.statistics.expirytime = 100μs (default)
2022-03-03 13:56:42,665 [pool-298-thread-1] INFO  server.RaftServer$Division (RaftServerImpl.java:start(301)) - 5bf7c3ec-7d76-406c-b229-eaa9a4a03e62@group-F6F098FE6FC7: start as a follower, conf=-1: [5bf7c3ec-7d76-406c-b229-eaa9a4a03e62|rpc:127.0.0.1:36845|priority:1], old=null
2022-03-03 13:56:42,665 [pool-298-thread-1] INFO  server.RaftServer$Division (RaftServerImpl.java:setRole(290)) - 5bf7c3ec-7d76-406c-b229-eaa9a4a03e62@group-F6F098FE6FC7: changes role from      null to FOLLOWER at term 0 for startAsFollower
2022-03-03 13:56:42,665 [pool-298-thread-1] INFO  impl.RoleInfo (RoleInfo.java:updateAndGet(130)) - 5bf7c3ec-7d76-406c-b229-eaa9a4a03e62: start 5bf7c3ec-7d76-406c-b229-eaa9a4a03e62@group-F6F098FE6FC7-FollowerState
2022-03-03 13:56:42,665 [pool-298-thread-1] INFO  util.JmxRegister (JmxRegister.java:tryRegister(44)) - Successfully registered JMX Bean with object name Ratis:service=RaftServer,group=group-F6F098FE6FC7,id=5bf7c3ec-7d76-406c-b229-eaa9a4a03e62
2022-03-03 13:56:42,665 [d391911d-a494-49f8-a9db-8a15da5a0d08@group-9260B08DF491-StateMachineUpdater] INFO  safemode.HealthyPipelineSafeModeRule (HealthyPipelineSafeModeRule.java:initializeRule(152)) - Refreshed total pipeline count is 0, healthy pipeline threshold count is 1
2022-03-03 13:56:42,666 [Command processor thread] INFO  ratis.XceiverServerRatis (XceiverServerRatis.java:addGroup(769)) - Created group PipelineID=e596e21b-c1fb-4916-96f9-f6f098fe6fc7
2022-03-03 13:56:42,674 [Command processor thread] INFO  commandhandler.CreatePipelineCommandHandler (CreatePipelineCommandHandler.java:handle(106)) - Created Pipeline RATIS ONE PipelineID=e596e21b-c1fb-4916-96f9-f6f098fe6fc7.
2022-03-03 13:56:42,674 [Command processor thread] INFO  server.RaftServer (RaftServerProxy.java:addNew(95)) - 5bf7c3ec-7d76-406c-b229-eaa9a4a03e62: addNew group-E306AAF451C0:[27c0535d-9f26-46d8-bf91-046d0b15bd6c|rpc:127.0.0.1:40065|priority:0, 65d3439d-931f-471d-8772-cb5ffca9deeb|rpc:127.0.0.1:45489|priority:1, 5bf7c3ec-7d76-406c-b229-eaa9a4a03e62|rpc:127.0.0.1:36845|priority:0] returns group-E306AAF451C0:java.util.concurrent.CompletableFuture@546dcdd7[Not completed]
2022-03-03 13:56:42,675 [pool-298-thread-1] INFO  server.RaftServer$Division (RaftServerImpl.java:<init>(184)) - 5bf7c3ec-7d76-406c-b229-eaa9a4a03e62: new RaftServerImpl for group-E306AAF451C0:[27c0535d-9f26-46d8-bf91-046d0b15bd6c|rpc:127.0.0.1:40065|priority:0, 65d3439d-931f-471d-8772-cb5ffca9deeb|rpc:127.0.0.1:45489|priority:1, 5bf7c3ec-7d76-406c-b229-eaa9a4a03e62|rpc:127.0.0.1:36845|priority:0] with ContainerStateMachine:uninitialized
2022-03-03 13:56:42,675 [pool-298-thread-1] INFO  server.RaftServerConfigKeys (ConfUtils.java:logGet(44)) - raft.server.rpc.timeout.min = 5s (custom)
2022-03-03 13:56:42,675 [pool-298-thread-1] INFO  server.RaftServerConfigKeys (ConfUtils.java:logGet(44)) - raft.server.rpc.timeout.max = 5200ms (custom)
2022-03-03 13:56:42,675 [pool-298-thread-1] INFO  server.RaftServerConfigKeys (ConfUtils.java:logGet(44)) - raft.server.rpc.sleep.time = 25ms (default)
2022-03-03 13:56:42,675 [pool-298-thread-1] INFO  server.RaftServerConfigKeys (ConfUtils.java:logGet(44)) - raft.server.rpc.slowness.timeout = 300s (custom)
2022-03-03 13:56:42,675 [pool-298-thread-1] INFO  server.RaftServerConfigKeys (ConfUtils.java:logGet(44)) - raft.server.leaderelection.leader.step-down.wait-time = 10s (default)
2022-03-03 13:56:42,675 [pool-298-thread-1] INFO  server.RaftServerConfigKeys (ConfUtils.java:logGet(44)) - raft.server.sleep.deviation.threshold = 300ms (default)
2022-03-03 13:56:42,675 [pool-298-thread-1] INFO  server.RaftServerConfigKeys (ConfUtils.java:logGet(44)) - raft.server.log.appender.install.snapshot.enabled = false (custom)
2022-03-03 13:56:42,675 [pool-298-thread-1] INFO  server.RaftServer$Division (ServerState.java:<init>(105)) - 5bf7c3ec-7d76-406c-b229-eaa9a4a03e62@group-E306AAF451C0: ConfigurationManager, init=-1: [27c0535d-9f26-46d8-bf91-046d0b15bd6c|rpc:127.0.0.1:40065|priority:0, 65d3439d-931f-471d-8772-cb5ffca9deeb|rpc:127.0.0.1:45489|priority:1, 5bf7c3ec-7d76-406c-b229-eaa9a4a03e62|rpc:127.0.0.1:36845|priority:0], old=null, confs=<EMPTY_MAP>
2022-03-03 13:56:42,687 [pool-298-thread-1] INFO  server.RaftServerConfigKeys (ConfUtils.java:logGet(44)) - raft.server.storage.dir = [/home/runner/work/ozone/ozone/hadoop-ozone/integration-test/target/test-dir/MiniOzoneClusterImpl-66b45f8e-1cec-491e-b66c-9260b08df491/datanode-0/data/ratis] (custom)
2022-03-03 13:56:42,687 [pool-298-thread-1] INFO  server.RaftServerConfigKeys (ConfUtils.java:logGet(44)) - raft.server.log.corruption.policy = EXCEPTION (default)
2022-03-03 13:56:42,687 [pool-298-thread-1] INFO  server.RaftServerConfigKeys (ConfUtils.java:logGet(44)) - raft.server.storage.free-space.min = 0MB (=0) (default)
2022-03-03 13:56:42,687 [pool-298-thread-1] INFO  storage.RaftStorageDirectory (RaftStorageDirectoryImpl.java:analyzeStorage(135)) - The storage directory /home/runner/work/ozone/ozone/hadoop-ozone/integration-test/target/test-dir/MiniOzoneClusterImpl-66b45f8e-1cec-491e-b66c-9260b08df491/datanode-0/data/ratis/31032684-6364-44b4-a1b3-e306aaf451c0 does not exist. Creating ...
2022-03-03 13:56:42,689 [pool-298-thread-1] INFO  storage.RaftStorageDirectory (RaftStorageDirectoryImpl.java:tryLock(230)) - Lock on /home/runner/work/ozone/ozone/hadoop-ozone/integration-test/target/test-dir/MiniOzoneClusterImpl-66b45f8e-1cec-491e-b66c-9260b08df491/datanode-0/data/ratis/31032684-6364-44b4-a1b3-e306aaf451c0/in_use.lock acquired by nodename 17744@fv-az50-851
2022-03-03 13:56:42,690 [pool-298-thread-1] INFO  storage.RaftStorage (RaftStorageImpl.java:format(89)) - Storage directory /home/runner/work/ozone/ozone/hadoop-ozone/integration-test/target/test-dir/MiniOzoneClusterImpl-66b45f8e-1cec-491e-b66c-9260b08df491/datanode-0/data/ratis/31032684-6364-44b4-a1b3-e306aaf451c0 has been successfully formatted.
2022-03-03 13:56:42,690 [pool-298-thread-1] INFO  ratis.ContainerStateMachine (ContainerStateMachine.java:loadSnapshot(236)) - group-E306AAF451C0: The snapshot info is null. Setting the last applied indexto:(t:0, i:~)
2022-03-03 13:56:42,690 [pool-298-thread-1] INFO  server.RaftServerConfigKeys (ConfUtils.java:logGet(44)) - raft.server.notification.no-leader.timeout = 300s (custom)
2022-03-03 13:56:42,690 [pool-298-thread-1] INFO  server.RaftServerConfigKeys (ConfUtils.java:logGet(44)) - raft.server.log.use.memory = false (default)
2022-03-03 13:56:42,690 [pool-298-thread-1] INFO  server.RaftServerConfigKeys (ConfUtils.java:logGet(44)) - raft.server.log.purge.gap = 1000000 (custom)
2022-03-03 13:56:42,690 [pool-298-thread-1] INFO  server.RaftServerConfigKeys (ConfUtils.java:logGet(44)) - raft.server.log.appender.buffer.byte-limit = 33554432 (custom)
2022-03-03 13:56:42,694 [pool-298-thread-1] INFO  server.RaftServerConfigKeys (ConfUtils.java:logGet(44)) - raft.server.log.segment.size.max = 1048576 (custom)
2022-03-03 13:56:42,695 [pool-298-thread-1] INFO  server.RaftServerConfigKeys (ConfUtils.java:logGet(44)) - raft.server.log.segment.cache.num.max = 2 (custom)
2022-03-03 13:56:42,695 [pool-298-thread-1] INFO  server.RaftServerConfigKeys (ConfUtils.java:logGet(44)) - raft.server.log.segment.cache.size.max = 200MB (=209715200) (default)
2022-03-03 13:56:42,695 [pool-298-thread-1] INFO  segmented.SegmentedRaftLogWorker (SegmentedRaftLogWorker.java:<init>(182)) - new 5bf7c3ec-7d76-406c-b229-eaa9a4a03e62@group-E306AAF451C0-SegmentedRaftLogWorker for RaftStorageImpl:Storage Directory /home/runner/work/ozone/ozone/hadoop-ozone/integration-test/target/test-dir/MiniOzoneClusterImpl-66b45f8e-1cec-491e-b66c-9260b08df491/datanode-0/data/ratis/31032684-6364-44b4-a1b3-e306aaf451c0
2022-03-03 13:56:42,695 [pool-298-thread-1] INFO  server.RaftServerConfigKeys (ConfUtils.java:logGet(44)) - raft.server.log.queue.byte-limit = 4294967296 (custom)
2022-03-03 13:56:42,696 [pool-298-thread-1] INFO  server.RaftServerConfigKeys (ConfUtils.java:logGet(44)) - raft.server.log.queue.element-limit = 1024 (custom)
2022-03-03 13:56:42,696 [pool-298-thread-1] INFO  server.RaftServerConfigKeys (ConfUtils.java:logGet(44)) - raft.server.log.segment.size.max = 1048576 (custom)
2022-03-03 13:56:42,696 [pool-298-thread-1] INFO  server.RaftServerConfigKeys (ConfUtils.java:logGet(44)) - raft.server.log.preallocated.size = 16384 (custom)
2022-03-03 13:56:42,696 [pool-298-thread-1] INFO  server.RaftServerConfigKeys (ConfUtils.java:logGet(44)) - raft.server.log.force.sync.num = 128 (default)
2022-03-03 13:56:42,696 [pool-298-thread-1] INFO  server.RaftServerConfigKeys (ConfUtils.java:logGet(44)) - raft.server.log.statemachine.data.sync = true (default)
2022-03-03 13:56:42,696 [pool-298-thread-1] INFO  server.RaftServerConfigKeys (ConfUtils.java:logGet(44)) - raft.server.log.statemachine.data.sync.timeout = 10s (default)
2022-03-03 13:56:42,696 [pool-298-thread-1] INFO  server.RaftServerConfigKeys (ConfUtils.java:logGet(44)) - raft.server.log.statemachine.data.sync.timeout.retry = -1 (default)
2022-03-03 13:56:42,697 [pool-298-thread-1] INFO  server.RaftServerConfigKeys (ConfUtils.java:logGet(44)) - raft.server.log.write.buffer.size = 1048576 (custom)
2022-03-03 13:56:42,697 [pool-298-thread-1] INFO  server.RaftServerConfigKeys (ConfUtils.java:logGet(44)) - raft.server.log.statemachine.data.caching.enabled = true (custom)
2022-03-03 13:56:42,697 [pool-298-thread-1] INFO  segmented.SegmentedRaftLogWorker (SegmentedRaftLogWorker.java:lambda$new$0(133)) - 5bf7c3ec-7d76-406c-b229-eaa9a4a03e62@group-E306AAF451C0-SegmentedRaftLogWorker: flushIndex: setUnconditionally 0 -> -1
2022-03-03 13:56:42,698 [pool-298-thread-1] INFO  segmented.SegmentedRaftLogWorker (SegmentedRaftLogWorker.java:lambda$new$0(133)) - 5bf7c3ec-7d76-406c-b229-eaa9a4a03e62@group-E306AAF451C0-SegmentedRaftLogWorker: safeCacheEvictIndex: setUnconditionally 0 -> -1
2022-03-03 13:56:42,698 [EventQueue-OpenPipelineForHealthyPipelineSafeModeRule] INFO  safemode.SCMSafeModeManager (HealthyPipelineSafeModeRule.java:process(124)) - SCM in safe mode. Healthy pipelines reported count is 0, required healthy pipeline reported count is 1
2022-03-03 13:56:42,698 [EventQueue-OpenPipelineForHealthyPipelineSafeModeRule] INFO  safemode.SCMSafeModeManager (HealthyPipelineSafeModeRule.java:process(124)) - SCM in safe mode. Healthy pipelines reported count is 0, required healthy pipeline reported count is 1
2022-03-03 13:56:42,707 [pool-298-thread-1] INFO  server.RaftServerConfigKeys (ConfUtils.java:logGet(44)) - raft.server.snapshot.auto.trigger.enabled = true (custom)
2022-03-03 13:56:42,707 [pool-298-thread-1] INFO  server.RaftServerConfigKeys (ConfUtils.java:logGet(44)) - raft.server.snapshot.auto.trigger.threshold = 10000 (custom)
2022-03-03 13:56:42,707 [pool-298-thread-1] INFO  server.RaftServerConfigKeys (ConfUtils.java:logGet(44)) - raft.server.snapshot.retention.file.num = 5 (custom)
2022-03-03 13:56:42,707 [pool-298-thread-1] INFO  server.RaftServerConfigKeys (ConfUtils.java:logGet(44)) - raft.server.log.purge.upto.snapshot.index = false (default)
2022-03-03 13:56:42,707 [pool-298-thread-1] INFO  server.RaftServerConfigKeys (ConfUtils.java:logGet(44)) - raft.server.retrycache.expirytime = 600000ms (custom)
2022-03-03 13:56:42,707 [pool-298-thread-1] INFO  server.RaftServerConfigKeys (ConfUtils.java:logGet(44)) - raft.server.retrycache.statistics.expirytime = 100μs (default)
2022-03-03 13:56:42,708 [pool-298-thread-1] INFO  server.RaftServer$Division (RaftServerImpl.java:start(301)) - 5bf7c3ec-7d76-406c-b229-eaa9a4a03e62@group-E306AAF451C0: start as a follower, conf=-1: [27c0535d-9f26-46d8-bf91-046d0b15bd6c|rpc:127.0.0.1:40065|priority:0, 65d3439d-931f-471d-8772-cb5ffca9deeb|rpc:127.0.0.1:45489|priority:1, 5bf7c3ec-7d76-406c-b229-eaa9a4a03e62|rpc:127.0.0.1:36845|priority:0], old=null
2022-03-03 13:56:42,708 [pool-298-thread-1] INFO  server.RaftServer$Division (RaftServerImpl.java:setRole(290)) - 5bf7c3ec-7d76-406c-b229-eaa9a4a03e62@group-E306AAF451C0: changes role from      null to FOLLOWER at term 0 for startAsFollower
2022-03-03 13:56:42,708 [pool-298-thread-1] INFO  impl.RoleInfo (RoleInfo.java:updateAndGet(130)) - 5bf7c3ec-7d76-406c-b229-eaa9a4a03e62: start 5bf7c3ec-7d76-406c-b229-eaa9a4a03e62@group-E306AAF451C0-FollowerState
2022-03-03 13:56:42,714 [pool-298-thread-1] INFO  util.JmxRegister (JmxRegister.java:tryRegister(44)) - Successfully registered JMX Bean with object name Ratis:service=RaftServer,group=group-E306AAF451C0,id=5bf7c3ec-7d76-406c-b229-eaa9a4a03e62
2022-03-03 13:56:42,720 [Command processor thread] INFO  ratis.XceiverServerRatis (XceiverServerRatis.java:addGroup(769)) - Created group PipelineID=31032684-6364-44b4-a1b3-e306aaf451c0
2022-03-03 13:56:42,731 [grpc-default-executor-5] INFO  server.RaftServer (RaftServerProxy.java:addNew(95)) - 27c0535d-9f26-46d8-bf91-046d0b15bd6c: addNew group-E306AAF451C0:[27c0535d-9f26-46d8-bf91-046d0b15bd6c|rpc:127.0.0.1:40065|dataStream:|priority:0, 65d3439d-931f-471d-8772-cb5ffca9deeb|rpc:127.0.0.1:45489|dataStream:|priority:1, 5bf7c3ec-7d76-406c-b229-eaa9a4a03e62|rpc:127.0.0.1:36845|dataStream:|priority:0] returns group-E306AAF451C0:java.util.concurrent.CompletableFuture@66996301[Not completed]
2022-03-03 13:56:42,755 [pool-340-thread-1] INFO  server.RaftServer$Division (RaftServerImpl.java:<init>(184)) - 27c0535d-9f26-46d8-bf91-046d0b15bd6c: new RaftServerImpl for group-E306AAF451C0:[27c0535d-9f26-46d8-bf91-046d0b15bd6c|rpc:127.0.0.1:40065|dataStream:|priority:0, 65d3439d-931f-471d-8772-cb5ffca9deeb|rpc:127.0.0.1:45489|dataStream:|priority:1, 5bf7c3ec-7d76-406c-b229-eaa9a4a03e62|rpc:127.0.0.1:36845|dataStream:|priority:0] with ContainerStateMachine:uninitialized
2022-03-03 13:56:42,757 [pool-340-thread-1] INFO  server.RaftServerConfigKeys (ConfUtils.java:logGet(44)) - raft.server.rpc.timeout.min = 5s (custom)
2022-03-03 13:56:42,757 [pool-340-thread-1] INFO  server.RaftServerConfigKeys (ConfUtils.java:logGet(44)) - raft.server.rpc.timeout.max = 5200ms (custom)
2022-03-03 13:56:42,757 [pool-340-thread-1] INFO  server.RaftServerConfigKeys (ConfUtils.java:logGet(44)) - raft.server.rpc.sleep.time = 25ms (default)
2022-03-03 13:56:42,757 [pool-340-thread-1] INFO  server.RaftServerConfigKeys (ConfUtils.java:logGet(44)) - raft.server.rpc.slowness.timeout = 300s (custom)
2022-03-03 13:56:42,757 [pool-340-thread-1] INFO  server.RaftServerConfigKeys (ConfUtils.java:logGet(44)) - raft.server.leaderelection.leader.step-down.wait-time = 10s (default)
2022-03-03 13:56:42,757 [pool-340-thread-1] INFO  server.RaftServerConfigKeys (ConfUtils.java:logGet(44)) - raft.server.sleep.deviation.threshold = 300ms (default)
2022-03-03 13:56:42,757 [pool-340-thread-1] INFO  server.RaftServerConfigKeys (ConfUtils.java:logGet(44)) - raft.server.log.appender.install.snapshot.enabled = false (custom)
2022-03-03 13:56:42,757 [pool-340-thread-1] INFO  server.RaftServer$Division (ServerState.java:<init>(105)) - 27c0535d-9f26-46d8-bf91-046d0b15bd6c@group-E306AAF451C0: ConfigurationManager, init=-1: [27c0535d-9f26-46d8-bf91-046d0b15bd6c|rpc:127.0.0.1:40065|dataStream:|priority:0, 65d3439d-931f-471d-8772-cb5ffca9deeb|rpc:127.0.0.1:45489|dataStream:|priority:1, 5bf7c3ec-7d76-406c-b229-eaa9a4a03e62|rpc:127.0.0.1:36845|dataStream:|priority:0], old=null, confs=<EMPTY_MAP>
2022-03-03 13:56:42,757 [pool-340-thread-1] INFO  server.RaftServerConfigKeys (ConfUtils.java:logGet(44)) - raft.server.storage.dir = [/home/runner/work/ozone/ozone/hadoop-ozone/integration-test/target/test-dir/MiniOzoneClusterImpl-66b45f8e-1cec-491e-b66c-9260b08df491/datanode-2/data/ratis] (custom)
2022-03-03 13:56:42,757 [pool-340-thread-1] INFO  server.RaftServerConfigKeys (ConfUtils.java:logGet(44)) - raft.server.log.corruption.policy = EXCEPTION (default)
2022-03-03 13:56:42,757 [pool-340-thread-1] INFO  server.RaftServerConfigKeys (ConfUtils.java:logGet(44)) - raft.server.storage.free-space.min = 0MB (=0) (default)
2022-03-03 13:56:42,758 [pool-340-thread-1] INFO  storage.RaftStorageDirectory (RaftStorageDirectoryImpl.java:analyzeStorage(135)) - The storage directory /home/runner/work/ozone/ozone/hadoop-ozone/integration-test/target/test-dir/MiniOzoneClusterImpl-66b45f8e-1cec-491e-b66c-9260b08df491/datanode-2/data/ratis/31032684-6364-44b4-a1b3-e306aaf451c0 does not exist. Creating ...
2022-03-03 13:56:42,759 [pool-340-thread-1] INFO  storage.RaftStorageDirectory (RaftStorageDirectoryImpl.java:tryLock(230)) - Lock on /home/runner/work/ozone/ozone/hadoop-ozone/integration-test/target/test-dir/MiniOzoneClusterImpl-66b45f8e-1cec-491e-b66c-9260b08df491/datanode-2/data/ratis/31032684-6364-44b4-a1b3-e306aaf451c0/in_use.lock acquired by nodename 17744@fv-az50-851
2022-03-03 13:56:42,767 [pool-340-thread-1] INFO  storage.RaftStorage (RaftStorageImpl.java:format(89)) - Storage directory /home/runner/work/ozone/ozone/hadoop-ozone/integration-test/target/test-dir/MiniOzoneClusterImpl-66b45f8e-1cec-491e-b66c-9260b08df491/datanode-2/data/ratis/31032684-6364-44b4-a1b3-e306aaf451c0 has been successfully formatted.
2022-03-03 13:56:42,768 [pool-340-thread-1] INFO  ratis.ContainerStateMachine (ContainerStateMachine.java:loadSnapshot(236)) - group-E306AAF451C0: The snapshot info is null. Setting the last applied indexto:(t:0, i:~)
2022-03-03 13:56:42,768 [pool-340-thread-1] INFO  server.RaftServerConfigKeys (ConfUtils.java:logGet(44)) - raft.server.notification.no-leader.timeout = 300s (custom)
2022-03-03 13:56:42,768 [pool-340-thread-1] INFO  server.RaftServerConfigKeys (ConfUtils.java:logGet(44)) - raft.server.log.use.memory = false (default)
2022-03-03 13:56:42,768 [pool-340-thread-1] INFO  server.RaftServerConfigKeys (ConfUtils.java:logGet(44)) - raft.server.log.purge.gap = 1000000 (custom)
2022-03-03 13:56:42,768 [pool-340-thread-1] INFO  server.RaftServerConfigKeys (ConfUtils.java:logGet(44)) - raft.server.log.appender.buffer.byte-limit = 33554432 (custom)
2022-03-03 13:56:42,769 [pool-340-thread-1] INFO  server.RaftServerConfigKeys (ConfUtils.java:logGet(44)) - raft.server.log.segment.size.max = 1048576 (custom)
2022-03-03 13:56:42,769 [pool-340-thread-1] INFO  server.RaftServerConfigKeys (ConfUtils.java:logGet(44)) - raft.server.log.segment.cache.num.max = 2 (custom)
2022-03-03 13:56:42,769 [pool-340-thread-1] INFO  server.RaftServerConfigKeys (ConfUtils.java:logGet(44)) - raft.server.log.segment.cache.size.max = 200MB (=209715200) (default)
2022-03-03 13:56:42,769 [pool-340-thread-1] INFO  segmented.SegmentedRaftLogWorker (SegmentedRaftLogWorker.java:<init>(182)) - new 27c0535d-9f26-46d8-bf91-046d0b15bd6c@group-E306AAF451C0-SegmentedRaftLogWorker for RaftStorageImpl:Storage Directory /home/runner/work/ozone/ozone/hadoop-ozone/integration-test/target/test-dir/MiniOzoneClusterImpl-66b45f8e-1cec-491e-b66c-9260b08df491/datanode-2/data/ratis/31032684-6364-44b4-a1b3-e306aaf451c0
2022-03-03 13:56:42,769 [pool-340-thread-1] INFO  server.RaftServerConfigKeys (ConfUtils.java:logGet(44)) - raft.server.log.queue.byte-limit = 4294967296 (custom)
2022-03-03 13:56:42,769 [pool-340-thread-1] INFO  server.RaftServerConfigKeys (ConfUtils.java:logGet(44)) - raft.server.log.queue.element-limit = 1024 (custom)
2022-03-03 13:56:42,769 [pool-340-thread-1] INFO  server.RaftServerConfigKeys (ConfUtils.java:logGet(44)) - raft.server.log.segment.size.max = 1048576 (custom)
2022-03-03 13:56:42,769 [pool-340-thread-1] INFO  server.RaftServerConfigKeys (ConfUtils.java:logGet(44)) - raft.server.log.preallocated.size = 16384 (custom)
2022-03-03 13:56:42,769 [pool-340-thread-1] INFO  server.RaftServerConfigKeys (ConfUtils.java:logGet(44)) - raft.server.log.force.sync.num = 128 (default)
2022-03-03 13:56:42,769 [pool-340-thread-1] INFO  server.RaftServerConfigKeys (ConfUtils.java:logGet(44)) - raft.server.log.statemachine.data.sync = true (default)
2022-03-03 13:56:42,769 [pool-340-thread-1] INFO  server.RaftServerConfigKeys (ConfUtils.java:logGet(44)) - raft.server.log.statemachine.data.sync.timeout = 10s (default)
2022-03-03 13:56:42,769 [pool-340-thread-1] INFO  server.RaftServerConfigKeys (ConfUtils.java:logGet(44)) - raft.server.log.statemachine.data.sync.timeout.retry = -1 (default)
2022-03-03 13:56:42,770 [pool-340-thread-1] INFO  server.RaftServerConfigKeys (ConfUtils.java:logGet(44)) - raft.server.log.write.buffer.size = 1048576 (custom)
2022-03-03 13:56:42,770 [pool-340-thread-1] INFO  server.RaftServerConfigKeys (ConfUtils.java:logGet(44)) - raft.server.log.statemachine.data.caching.enabled = true (custom)
2022-03-03 13:56:42,771 [pool-340-thread-1] INFO  segmented.SegmentedRaftLogWorker (SegmentedRaftLogWorker.java:lambda$new$0(133)) - 27c0535d-9f26-46d8-bf91-046d0b15bd6c@group-E306AAF451C0-SegmentedRaftLogWorker: flushIndex: setUnconditionally 0 -> -1
2022-03-03 13:56:42,771 [pool-340-thread-1] INFO  segmented.SegmentedRaftLogWorker (SegmentedRaftLogWorker.java:lambda$new$0(133)) - 27c0535d-9f26-46d8-bf91-046d0b15bd6c@group-E306AAF451C0-SegmentedRaftLogWorker: safeCacheEvictIndex: setUnconditionally 0 -> -1
2022-03-03 13:56:42,772 [pool-340-thread-1] INFO  server.RaftServerConfigKeys (ConfUtils.java:logGet(44)) - raft.server.snapshot.auto.trigger.enabled = true (custom)
2022-03-03 13:56:42,772 [pool-340-thread-1] INFO  server.RaftServerConfigKeys (ConfUtils.java:logGet(44)) - raft.server.snapshot.auto.trigger.threshold = 10000 (custom)
2022-03-03 13:56:42,772 [pool-340-thread-1] INFO  server.RaftServerConfigKeys (ConfUtils.java:logGet(44)) - raft.server.snapshot.retention.file.num = 5 (custom)
2022-03-03 13:56:42,772 [pool-340-thread-1] INFO  server.RaftServerConfigKeys (ConfUtils.java:logGet(44)) - raft.server.log.purge.upto.snapshot.index = false (default)
2022-03-03 13:56:42,772 [pool-340-thread-1] INFO  server.RaftServerConfigKeys (ConfUtils.java:logGet(44)) - raft.server.retrycache.expirytime = 600000ms (custom)
2022-03-03 13:56:42,772 [pool-340-thread-1] INFO  server.RaftServerConfigKeys (ConfUtils.java:logGet(44)) - raft.server.retrycache.statistics.expirytime = 100μs (default)
2022-03-03 13:56:42,773 [pool-340-thread-1] INFO  server.RaftServer$Division (RaftServerImpl.java:start(301)) - 27c0535d-9f26-46d8-bf91-046d0b15bd6c@group-E306AAF451C0: start as a follower, conf=-1: [27c0535d-9f26-46d8-bf91-046d0b15bd6c|rpc:127.0.0.1:40065|dataStream:|priority:0, 65d3439d-931f-471d-8772-cb5ffca9deeb|rpc:127.0.0.1:45489|dataStream:|priority:1, 5bf7c3ec-7d76-406c-b229-eaa9a4a03e62|rpc:127.0.0.1:36845|dataStream:|priority:0], old=null
2022-03-03 13:56:42,773 [pool-340-thread-1] INFO  server.RaftServer$Division (RaftServerImpl.java:setRole(290)) - 27c0535d-9f26-46d8-bf91-046d0b15bd6c@group-E306AAF451C0: changes role from      null to FOLLOWER at term 0 for startAsFollower
2022-03-03 13:56:42,773 [pool-340-thread-1] INFO  impl.RoleInfo (RoleInfo.java:updateAndGet(130)) - 27c0535d-9f26-46d8-bf91-046d0b15bd6c: start 27c0535d-9f26-46d8-bf91-046d0b15bd6c@group-E306AAF451C0-FollowerState
2022-03-03 13:56:42,786 [pool-340-thread-1] INFO  util.JmxRegister (JmxRegister.java:tryRegister(44)) - Successfully registered JMX Bean with object name Ratis:service=RaftServer,group=group-E306AAF451C0,id=27c0535d-9f26-46d8-bf91-046d0b15bd6c
2022-03-03 13:56:42,841 [grpc-default-executor-5] INFO  server.RaftServer (RaftServerProxy.java:addNew(95)) - 65d3439d-931f-471d-8772-cb5ffca9deeb: addNew group-E306AAF451C0:[27c0535d-9f26-46d8-bf91-046d0b15bd6c|rpc:127.0.0.1:40065|dataStream:|priority:0, 65d3439d-931f-471d-8772-cb5ffca9deeb|rpc:127.0.0.1:45489|dataStream:|priority:1, 5bf7c3ec-7d76-406c-b229-eaa9a4a03e62|rpc:127.0.0.1:36845|dataStream:|priority:0] returns group-E306AAF451C0:java.util.concurrent.CompletableFuture@379f3cf[Not completed]
2022-03-03 13:56:42,856 [pool-319-thread-1] INFO  server.RaftServer$Division (RaftServerImpl.java:<init>(184)) - 65d3439d-931f-471d-8772-cb5ffca9deeb: new RaftServerImpl for group-E306AAF451C0:[27c0535d-9f26-46d8-bf91-046d0b15bd6c|rpc:127.0.0.1:40065|dataStream:|priority:0, 65d3439d-931f-471d-8772-cb5ffca9deeb|rpc:127.0.0.1:45489|dataStream:|priority:1, 5bf7c3ec-7d76-406c-b229-eaa9a4a03e62|rpc:127.0.0.1:36845|dataStream:|priority:0] with ContainerStateMachine:uninitialized
2022-03-03 13:56:42,863 [pool-319-thread-1] INFO  server.RaftServerConfigKeys (ConfUtils.java:logGet(44)) - raft.server.rpc.timeout.min = 5s (custom)
2022-03-03 13:56:42,863 [pool-319-thread-1] INFO  server.RaftServerConfigKeys (ConfUtils.java:logGet(44)) - raft.server.rpc.timeout.max = 5200ms (custom)
2022-03-03 13:56:42,863 [pool-319-thread-1] INFO  server.RaftServerConfigKeys (ConfUtils.java:logGet(44)) - raft.server.rpc.sleep.time = 25ms (default)
2022-03-03 13:56:42,863 [pool-319-thread-1] INFO  server.RaftServerConfigKeys (ConfUtils.java:logGet(44)) - raft.server.rpc.slowness.timeout = 300s (custom)
2022-03-03 13:56:42,863 [pool-319-thread-1] INFO  server.RaftServerConfigKeys (ConfUtils.java:logGet(44)) - raft.server.leaderelection.leader.step-down.wait-time = 10s (default)
2022-03-03 13:56:42,864 [pool-319-thread-1] INFO  server.RaftServerConfigKeys (ConfUtils.java:logGet(44)) - raft.server.sleep.deviation.threshold = 300ms (default)
2022-03-03 13:56:42,864 [pool-319-thread-1] INFO  server.RaftServerConfigKeys (ConfUtils.java:logGet(44)) - raft.server.log.appender.install.snapshot.enabled = false (custom)
2022-03-03 13:56:42,864 [pool-319-thread-1] INFO  server.RaftServer$Division (ServerState.java:<init>(105)) - 65d3439d-931f-471d-8772-cb5ffca9deeb@group-E306AAF451C0: ConfigurationManager, init=-1: [27c0535d-9f26-46d8-bf91-046d0b15bd6c|rpc:127.0.0.1:40065|dataStream:|priority:0, 65d3439d-931f-471d-8772-cb5ffca9deeb|rpc:127.0.0.1:45489|dataStream:|priority:1, 5bf7c3ec-7d76-406c-b229-eaa9a4a03e62|rpc:127.0.0.1:36845|dataStream:|priority:0], old=null, confs=<EMPTY_MAP>
2022-03-03 13:56:42,864 [pool-319-thread-1] INFO  server.RaftServerConfigKeys (ConfUtils.java:logGet(44)) - raft.server.storage.dir = [/home/runner/work/ozone/ozone/hadoop-ozone/integration-test/target/test-dir/MiniOzoneClusterImpl-66b45f8e-1cec-491e-b66c-9260b08df491/datanode-1/data/ratis] (custom)
2022-03-03 13:56:42,864 [pool-319-thread-1] INFO  server.RaftServerConfigKeys (ConfUtils.java:logGet(44)) - raft.server.log.corruption.policy = EXCEPTION (default)
2022-03-03 13:56:42,864 [pool-319-thread-1] INFO  server.RaftServerConfigKeys (ConfUtils.java:logGet(44)) - raft.server.storage.free-space.min = 0MB (=0) (default)
2022-03-03 13:56:42,864 [pool-319-thread-1] INFO  storage.RaftStorageDirectory (RaftStorageDirectoryImpl.java:analyzeStorage(135)) - The storage directory /home/runner/work/ozone/ozone/hadoop-ozone/integration-test/target/test-dir/MiniOzoneClusterImpl-66b45f8e-1cec-491e-b66c-9260b08df491/datanode-1/data/ratis/31032684-6364-44b4-a1b3-e306aaf451c0 does not exist. Creating ...
2022-03-03 13:56:42,865 [pool-319-thread-1] INFO  storage.RaftStorageDirectory (RaftStorageDirectoryImpl.java:tryLock(230)) - Lock on /home/runner/work/ozone/ozone/hadoop-ozone/integration-test/target/test-dir/MiniOzoneClusterImpl-66b45f8e-1cec-491e-b66c-9260b08df491/datanode-1/data/ratis/31032684-6364-44b4-a1b3-e306aaf451c0/in_use.lock acquired by nodename 17744@fv-az50-851
2022-03-03 13:56:42,866 [pool-319-thread-1] INFO  storage.RaftStorage (RaftStorageImpl.java:format(89)) - Storage directory /home/runner/work/ozone/ozone/hadoop-ozone/integration-test/target/test-dir/MiniOzoneClusterImpl-66b45f8e-1cec-491e-b66c-9260b08df491/datanode-1/data/ratis/31032684-6364-44b4-a1b3-e306aaf451c0 has been successfully formatted.
2022-03-03 13:56:42,867 [pool-319-thread-1] INFO  ratis.ContainerStateMachine (ContainerStateMachine.java:loadSnapshot(236)) - group-E306AAF451C0: The snapshot info is null. Setting the last applied indexto:(t:0, i:~)
2022-03-03 13:56:42,867 [pool-319-thread-1] INFO  server.RaftServerConfigKeys (ConfUtils.java:logGet(44)) - raft.server.notification.no-leader.timeout = 300s (custom)
2022-03-03 13:56:42,867 [pool-319-thread-1] INFO  server.RaftServerConfigKeys (ConfUtils.java:logGet(44)) - raft.server.log.use.memory = false (default)
2022-03-03 13:56:42,867 [pool-319-thread-1] INFO  server.RaftServerConfigKeys (ConfUtils.java:logGet(44)) - raft.server.log.purge.gap = 1000000 (custom)
2022-03-03 13:56:42,867 [pool-319-thread-1] INFO  server.RaftServerConfigKeys (ConfUtils.java:logGet(44)) - raft.server.log.appender.buffer.byte-limit = 33554432 (custom)
2022-03-03 13:56:42,867 [pool-319-thread-1] INFO  server.RaftServerConfigKeys (ConfUtils.java:logGet(44)) - raft.server.log.segment.size.max = 1048576 (custom)
2022-03-03 13:56:42,868 [pool-319-thread-1] INFO  server.RaftServerConfigKeys (ConfUtils.java:logGet(44)) - raft.server.log.segment.cache.num.max = 2 (custom)
2022-03-03 13:56:42,868 [pool-319-thread-1] INFO  server.RaftServerConfigKeys (ConfUtils.java:logGet(44)) - raft.server.log.segment.cache.size.max = 200MB (=209715200) (default)
2022-03-03 13:56:42,868 [pool-319-thread-1] INFO  segmented.SegmentedRaftLogWorker (SegmentedRaftLogWorker.java:<init>(182)) - new 65d3439d-931f-471d-8772-cb5ffca9deeb@group-E306AAF451C0-SegmentedRaftLogWorker for RaftStorageImpl:Storage Directory /home/runner/work/ozone/ozone/hadoop-ozone/integration-test/target/test-dir/MiniOzoneClusterImpl-66b45f8e-1cec-491e-b66c-9260b08df491/datanode-1/data/ratis/31032684-6364-44b4-a1b3-e306aaf451c0
2022-03-03 13:56:42,868 [pool-319-thread-1] INFO  server.RaftServerConfigKeys (ConfUtils.java:logGet(44)) - raft.server.log.queue.byte-limit = 4294967296 (custom)
2022-03-03 13:56:42,868 [pool-319-thread-1] INFO  server.RaftServerConfigKeys (ConfUtils.java:logGet(44)) - raft.server.log.queue.element-limit = 1024 (custom)
2022-03-03 13:56:42,868 [pool-319-thread-1] INFO  server.RaftServerConfigKeys (ConfUtils.java:logGet(44)) - raft.server.log.segment.size.max = 1048576 (custom)
2022-03-03 13:56:42,868 [pool-319-thread-1] INFO  server.RaftServerConfigKeys (ConfUtils.java:logGet(44)) - raft.server.log.preallocated.size = 16384 (custom)
2022-03-03 13:56:42,868 [pool-319-thread-1] INFO  server.RaftServerConfigKeys (ConfUtils.java:logGet(44)) - raft.server.log.force.sync.num = 128 (default)
2022-03-03 13:56:42,868 [pool-319-thread-1] INFO  server.RaftServerConfigKeys (ConfUtils.java:logGet(44)) - raft.server.log.statemachine.data.sync = true (default)
2022-03-03 13:56:42,868 [pool-319-thread-1] INFO  server.RaftServerConfigKeys (ConfUtils.java:logGet(44)) - raft.server.log.statemachine.data.sync.timeout = 10s (default)
2022-03-03 13:56:42,868 [pool-319-thread-1] INFO  server.RaftServerConfigKeys (ConfUtils.java:logGet(44)) - raft.server.log.statemachine.data.sync.timeout.retry = -1 (default)
2022-03-03 13:56:42,869 [pool-319-thread-1] INFO  server.RaftServerConfigKeys (ConfUtils.java:logGet(44)) - raft.server.log.write.buffer.size = 1048576 (custom)
2022-03-03 13:56:42,870 [pool-319-thread-1] INFO  server.RaftServerConfigKeys (ConfUtils.java:logGet(44)) - raft.server.log.statemachine.data.caching.enabled = true (custom)
2022-03-03 13:56:42,870 [pool-319-thread-1] INFO  segmented.SegmentedRaftLogWorker (SegmentedRaftLogWorker.java:lambda$new$0(133)) - 65d3439d-931f-471d-8772-cb5ffca9deeb@group-E306AAF451C0-SegmentedRaftLogWorker: flushIndex: setUnconditionally 0 -> -1
2022-03-03 13:56:42,870 [pool-319-thread-1] INFO  segmented.SegmentedRaftLogWorker (SegmentedRaftLogWorker.java:lambda$new$0(133)) - 65d3439d-931f-471d-8772-cb5ffca9deeb@group-E306AAF451C0-SegmentedRaftLogWorker: safeCacheEvictIndex: setUnconditionally 0 -> -1
2022-03-03 13:56:42,872 [pool-319-thread-1] INFO  server.RaftServerConfigKeys (ConfUtils.java:logGet(44)) - raft.server.snapshot.auto.trigger.enabled = true (custom)
2022-03-03 13:56:42,872 [pool-319-thread-1] INFO  server.RaftServerConfigKeys (ConfUtils.java:logGet(44)) - raft.server.snapshot.auto.trigger.threshold = 10000 (custom)
2022-03-03 13:56:42,872 [pool-319-thread-1] INFO  server.RaftServerConfigKeys (ConfUtils.java:logGet(44)) - raft.server.snapshot.retention.file.num = 5 (custom)
2022-03-03 13:56:42,872 [pool-319-thread-1] INFO  server.RaftServerConfigKeys (ConfUtils.java:logGet(44)) - raft.server.log.purge.upto.snapshot.index = false (default)
2022-03-03 13:56:42,872 [pool-319-thread-1] INFO  server.RaftServerConfigKeys (ConfUtils.java:logGet(44)) - raft.server.retrycache.expirytime = 600000ms (custom)
2022-03-03 13:56:42,872 [pool-319-thread-1] INFO  server.RaftServerConfigKeys (ConfUtils.java:logGet(44)) - raft.server.retrycache.statistics.expirytime = 100μs (default)
2022-03-03 13:56:42,873 [pool-319-thread-1] INFO  server.RaftServer$Division (RaftServerImpl.java:start(301)) - 65d3439d-931f-471d-8772-cb5ffca9deeb@group-E306AAF451C0: start as a follower, conf=-1: [27c0535d-9f26-46d8-bf91-046d0b15bd6c|rpc:127.0.0.1:40065|dataStream:|priority:0, 65d3439d-931f-471d-8772-cb5ffca9deeb|rpc:127.0.0.1:45489|dataStream:|priority:1, 5bf7c3ec-7d76-406c-b229-eaa9a4a03e62|rpc:127.0.0.1:36845|dataStream:|priority:0], old=null
2022-03-03 13:56:42,874 [pool-319-thread-1] INFO  server.RaftServer$Division (RaftServerImpl.java:setRole(290)) - 65d3439d-931f-471d-8772-cb5ffca9deeb@group-E306AAF451C0: changes role from      null to FOLLOWER at term 0 for startAsFollower
2022-03-03 13:56:42,874 [pool-319-thread-1] INFO  impl.RoleInfo (RoleInfo.java:updateAndGet(130)) - 65d3439d-931f-471d-8772-cb5ffca9deeb: start 65d3439d-931f-471d-8772-cb5ffca9deeb@group-E306AAF451C0-FollowerState
2022-03-03 13:56:42,891 [pool-319-thread-1] INFO  util.JmxRegister (JmxRegister.java:tryRegister(44)) - Successfully registered JMX Bean with object name Ratis:service=RaftServer,group=group-E306AAF451C0,id=65d3439d-931f-471d-8772-cb5ffca9deeb
2022-03-03 13:56:42,907 [Command processor thread] INFO  commandhandler.CreatePipelineCommandHandler (CreatePipelineCommandHandler.java:handle(106)) - Created Pipeline RATIS THREE PipelineID=31032684-6364-44b4-a1b3-e306aaf451c0.
2022-03-03 13:56:42,907 [Command processor thread] INFO  server.RaftServer (RaftServerProxy.java:addNew(95)) - 5bf7c3ec-7d76-406c-b229-eaa9a4a03e62: addNew group-CC0BC6AD9588:[27c0535d-9f26-46d8-bf91-046d0b15bd6c|rpc:127.0.0.1:40065|priority:0, 65d3439d-931f-471d-8772-cb5ffca9deeb|rpc:127.0.0.1:45489|priority:0, 5bf7c3ec-7d76-406c-b229-eaa9a4a03e62|rpc:127.0.0.1:36845|priority:1] returns group-CC0BC6AD9588:java.util.concurrent.CompletableFuture@308a579f[Not completed]
2022-03-03 13:56:42,908 [pool-298-thread-1] INFO  server.RaftServer$Division (RaftServerImpl.java:<init>(184)) - 5bf7c3ec-7d76-406c-b229-eaa9a4a03e62: new RaftServerImpl for group-CC0BC6AD9588:[27c0535d-9f26-46d8-bf91-046d0b15bd6c|rpc:127.0.0.1:40065|priority:0, 65d3439d-931f-471d-8772-cb5ffca9deeb|rpc:127.0.0.1:45489|priority:0, 5bf7c3ec-7d76-406c-b229-eaa9a4a03e62|rpc:127.0.0.1:36845|priority:1] with ContainerStateMachine:uninitialized
2022-03-03 13:56:42,908 [pool-298-thread-1] INFO  server.RaftServerConfigKeys (ConfUtils.java:logGet(44)) - raft.server.rpc.timeout.min = 5s (custom)
2022-03-03 13:56:42,908 [pool-298-thread-1] INFO  server.RaftServerConfigKeys (ConfUtils.java:logGet(44)) - raft.server.rpc.timeout.max = 5200ms (custom)
2022-03-03 13:56:42,908 [pool-298-thread-1] INFO  server.RaftServerConfigKeys (ConfUtils.java:logGet(44)) - raft.server.rpc.sleep.time = 25ms (default)
2022-03-03 13:56:42,908 [pool-298-thread-1] INFO  server.RaftServerConfigKeys (ConfUtils.java:logGet(44)) - raft.server.rpc.slowness.timeout = 300s (custom)
2022-03-03 13:56:42,908 [pool-298-thread-1] INFO  server.RaftServerConfigKeys (ConfUtils.java:logGet(44)) - raft.server.leaderelection.leader.step-down.wait-time = 10s (default)
2022-03-03 13:56:42,908 [pool-298-thread-1] INFO  server.RaftServerConfigKeys (ConfUtils.java:logGet(44)) - raft.server.sleep.deviation.threshold = 300ms (default)
2022-03-03 13:56:42,908 [pool-298-thread-1] INFO  server.RaftServerConfigKeys (ConfUtils.java:logGet(44)) - raft.server.log.appender.install.snapshot.enabled = false (custom)
2022-03-03 13:56:42,908 [pool-298-thread-1] INFO  server.RaftServer$Division (ServerState.java:<init>(105)) - 5bf7c3ec-7d76-406c-b229-eaa9a4a03e62@group-CC0BC6AD9588: ConfigurationManager, init=-1: [27c0535d-9f26-46d8-bf91-046d0b15bd6c|rpc:127.0.0.1:40065|priority:0, 65d3439d-931f-471d-8772-cb5ffca9deeb|rpc:127.0.0.1:45489|priority:0, 5bf7c3ec-7d76-406c-b229-eaa9a4a03e62|rpc:127.0.0.1:36845|priority:1], old=null, confs=<EMPTY_MAP>
2022-03-03 13:56:42,908 [pool-298-thread-1] INFO  server.RaftServerConfigKeys (ConfUtils.java:logGet(44)) - raft.server.storage.dir = [/home/runner/work/ozone/ozone/hadoop-ozone/integration-test/target/test-dir/MiniOzoneClusterImpl-66b45f8e-1cec-491e-b66c-9260b08df491/datanode-0/data/ratis] (custom)
2022-03-03 13:56:42,909 [pool-298-thread-1] INFO  server.RaftServerConfigKeys (ConfUtils.java:logGet(44)) - raft.server.log.corruption.policy = EXCEPTION (default)
2022-03-03 13:56:42,909 [pool-298-thread-1] INFO  server.RaftServerConfigKeys (ConfUtils.java:logGet(44)) - raft.server.storage.free-space.min = 0MB (=0) (default)
2022-03-03 13:56:42,909 [pool-298-thread-1] INFO  storage.RaftStorageDirectory (RaftStorageDirectoryImpl.java:analyzeStorage(135)) - The storage directory /home/runner/work/ozone/ozone/hadoop-ozone/integration-test/target/test-dir/MiniOzoneClusterImpl-66b45f8e-1cec-491e-b66c-9260b08df491/datanode-0/data/ratis/dc2f315a-49b8-4c84-98f4-cc0bc6ad9588 does not exist. Creating ...
2022-03-03 13:56:42,909 [pool-298-thread-1] INFO  storage.RaftStorageDirectory (RaftStorageDirectoryImpl.java:tryLock(230)) - Lock on /home/runner/work/ozone/ozone/hadoop-ozone/integration-test/target/test-dir/MiniOzoneClusterImpl-66b45f8e-1cec-491e-b66c-9260b08df491/datanode-0/data/ratis/dc2f315a-49b8-4c84-98f4-cc0bc6ad9588/in_use.lock acquired by nodename 17744@fv-az50-851
2022-03-03 13:56:42,910 [pool-298-thread-1] INFO  storage.RaftStorage (RaftStorageImpl.java:format(89)) - Storage directory /home/runner/work/ozone/ozone/hadoop-ozone/integration-test/target/test-dir/MiniOzoneClusterImpl-66b45f8e-1cec-491e-b66c-9260b08df491/datanode-0/data/ratis/dc2f315a-49b8-4c84-98f4-cc0bc6ad9588 has been successfully formatted.
2022-03-03 13:56:42,911 [pool-298-thread-1] INFO  ratis.ContainerStateMachine (ContainerStateMachine.java:loadSnapshot(236)) - group-CC0BC6AD9588: The snapshot info is null. Setting the last applied indexto:(t:0, i:~)
2022-03-03 13:56:42,911 [pool-298-thread-1] INFO  server.RaftServerConfigKeys (ConfUtils.java:logGet(44)) - raft.server.notification.no-leader.timeout = 300s (custom)
2022-03-03 13:56:42,911 [pool-298-thread-1] INFO  server.RaftServerConfigKeys (ConfUtils.java:logGet(44)) - raft.server.log.use.memory = false (default)
2022-03-03 13:56:42,911 [pool-298-thread-1] INFO  server.RaftServerConfigKeys (ConfUtils.java:logGet(44)) - raft.server.log.purge.gap = 1000000 (custom)
2022-03-03 13:56:42,911 [pool-298-thread-1] INFO  server.RaftServerConfigKeys (ConfUtils.java:logGet(44)) - raft.server.log.appender.buffer.byte-limit = 33554432 (custom)
2022-03-03 13:56:42,912 [EventQueue-OpenPipelineForHealthyPipelineSafeModeRule] INFO  safemode.SCMSafeModeManager (HealthyPipelineSafeModeRule.java:process(124)) - SCM in safe mode. Healthy pipelines reported count is 0, required healthy pipeline reported count is 1
2022-03-03 13:56:42,913 [pool-298-thread-1] INFO  server.RaftServerConfigKeys (ConfUtils.java:logGet(44)) - raft.server.log.segment.size.max = 1048576 (custom)
2022-03-03 13:56:42,913 [pool-298-thread-1] INFO  server.RaftServerConfigKeys (ConfUtils.java:logGet(44)) - raft.server.log.segment.cache.num.max = 2 (custom)
2022-03-03 13:56:42,913 [pool-298-thread-1] INFO  server.RaftServerConfigKeys (ConfUtils.java:logGet(44)) - raft.server.log.segment.cache.size.max = 200MB (=209715200) (default)
2022-03-03 13:56:42,913 [pool-298-thread-1] INFO  segmented.SegmentedRaftLogWorker (SegmentedRaftLogWorker.java:<init>(182)) - new 5bf7c3ec-7d76-406c-b229-eaa9a4a03e62@group-CC0BC6AD9588-SegmentedRaftLogWorker for RaftStorageImpl:Storage Directory /home/runner/work/ozone/ozone/hadoop-ozone/integration-test/target/test-dir/MiniOzoneClusterImpl-66b45f8e-1cec-491e-b66c-9260b08df491/datanode-0/data/ratis/dc2f315a-49b8-4c84-98f4-cc0bc6ad9588
2022-03-03 13:56:42,913 [pool-298-thread-1] INFO  server.RaftServerConfigKeys (ConfUtils.java:logGet(44)) - raft.server.log.queue.byte-limit = 4294967296 (custom)
2022-03-03 13:56:42,913 [pool-298-thread-1] INFO  server.RaftServerConfigKeys (ConfUtils.java:logGet(44)) - raft.server.log.queue.element-limit = 1024 (custom)
2022-03-03 13:56:42,913 [pool-298-thread-1] INFO  server.RaftServerConfigKeys (ConfUtils.java:logGet(44)) - raft.server.log.segment.size.max = 1048576 (custom)
2022-03-03 13:56:42,913 [pool-298-thread-1] INFO  server.RaftServerConfigKeys (ConfUtils.java:logGet(44)) - raft.server.log.preallocated.size = 16384 (custom)
2022-03-03 13:56:42,913 [pool-298-thread-1] INFO  server.RaftServerConfigKeys (ConfUtils.java:logGet(44)) - raft.server.log.force.sync.num = 128 (default)
2022-03-03 13:56:42,913 [pool-298-thread-1] INFO  server.RaftServerConfigKeys (ConfUtils.java:logGet(44)) - raft.server.log.statemachine.data.sync = true (default)
2022-03-03 13:56:42,914 [pool-298-thread-1] INFO  server.RaftServerConfigKeys (ConfUtils.java:logGet(44)) - raft.server.log.statemachine.data.sync.timeout = 10s (default)
2022-03-03 13:56:42,914 [pool-298-thread-1] INFO  server.RaftServerConfigKeys (ConfUtils.java:logGet(44)) - raft.server.log.statemachine.data.sync.timeout.retry = -1 (default)
2022-03-03 13:56:42,914 [pool-298-thread-1] INFO  server.RaftServerConfigKeys (ConfUtils.java:logGet(44)) - raft.server.log.write.buffer.size = 1048576 (custom)
2022-03-03 13:56:42,916 [pool-298-thread-1] INFO  server.RaftServerConfigKeys (ConfUtils.java:logGet(44)) - raft.server.log.statemachine.data.caching.enabled = true (custom)
2022-03-03 13:56:42,916 [pool-298-thread-1] INFO  segmented.SegmentedRaftLogWorker (SegmentedRaftLogWorker.java:lambda$new$0(133)) - 5bf7c3ec-7d76-406c-b229-eaa9a4a03e62@group-CC0BC6AD9588-SegmentedRaftLogWorker: flushIndex: setUnconditionally 0 -> -1
2022-03-03 13:56:42,920 [pool-298-thread-1] INFO  segmented.SegmentedRaftLogWorker (SegmentedRaftLogWorker.java:lambda$new$0(133)) - 5bf7c3ec-7d76-406c-b229-eaa9a4a03e62@group-CC0BC6AD9588-SegmentedRaftLogWorker: safeCacheEvictIndex: setUnconditionally 0 -> -1
2022-03-03 13:56:42,926 [pool-298-thread-1] INFO  server.RaftServerConfigKeys (ConfUtils.java:logGet(44)) - raft.server.snapshot.auto.trigger.enabled = true (custom)
2022-03-03 13:56:42,927 [pool-298-thread-1] INFO  server.RaftServerConfigKeys (ConfUtils.java:logGet(44)) - raft.server.snapshot.auto.trigger.threshold = 10000 (custom)
2022-03-03 13:56:42,927 [pool-298-thread-1] INFO  server.RaftServerConfigKeys (ConfUtils.java:logGet(44)) - raft.server.snapshot.retention.file.num = 5 (custom)
2022-03-03 13:56:42,927 [pool-298-thread-1] INFO  server.RaftServerConfigKeys (ConfUtils.java:logGet(44)) - raft.server.log.purge.upto.snapshot.index = false (default)
2022-03-03 13:56:42,927 [pool-298-thread-1] INFO  server.RaftServerConfigKeys (ConfUtils.java:logGet(44)) - raft.server.retrycache.expirytime = 600000ms (custom)
2022-03-03 13:56:42,927 [pool-298-thread-1] INFO  server.RaftServerConfigKeys (ConfUtils.java:logGet(44)) - raft.server.retrycache.statistics.expirytime = 100μs (default)
2022-03-03 13:56:42,928 [pool-298-thread-1] INFO  server.RaftServer$Division (RaftServerImpl.java:start(301)) - 5bf7c3ec-7d76-406c-b229-eaa9a4a03e62@group-CC0BC6AD9588: start as a follower, conf=-1: [27c0535d-9f26-46d8-bf91-046d0b15bd6c|rpc:127.0.0.1:40065|priority:0, 65d3439d-931f-471d-8772-cb5ffca9deeb|rpc:127.0.0.1:45489|priority:0, 5bf7c3ec-7d76-406c-b229-eaa9a4a03e62|rpc:127.0.0.1:36845|priority:1], old=null
2022-03-03 13:56:42,928 [pool-298-thread-1] INFO  server.RaftServer$Division (RaftServerImpl.java:setRole(290)) - 5bf7c3ec-7d76-406c-b229-eaa9a4a03e62@group-CC0BC6AD9588: changes role from      null to FOLLOWER at term 0 for startAsFollower
2022-03-03 13:56:42,928 [pool-298-thread-1] INFO  impl.RoleInfo (RoleInfo.java:updateAndGet(130)) - 5bf7c3ec-7d76-406c-b229-eaa9a4a03e62: start 5bf7c3ec-7d76-406c-b229-eaa9a4a03e62@group-CC0BC6AD9588-FollowerState
2022-03-03 13:56:42,928 [pool-298-thread-1] INFO  util.JmxRegister (JmxRegister.java:tryRegister(44)) - Successfully registered JMX Bean with object name Ratis:service=RaftServer,group=group-CC0BC6AD9588,id=5bf7c3ec-7d76-406c-b229-eaa9a4a03e62
2022-03-03 13:56:42,929 [Command processor thread] INFO  ratis.XceiverServerRatis (XceiverServerRatis.java:addGroup(769)) - Created group PipelineID=dc2f315a-49b8-4c84-98f4-cc0bc6ad9588
2022-03-03 13:56:42,945 [grpc-default-executor-5] INFO  server.RaftServer (RaftServerProxy.java:addNew(95)) - 27c0535d-9f26-46d8-bf91-046d0b15bd6c: addNew group-CC0BC6AD9588:[27c0535d-9f26-46d8-bf91-046d0b15bd6c|rpc:127.0.0.1:40065|dataStream:|priority:0, 65d3439d-931f-471d-8772-cb5ffca9deeb|rpc:127.0.0.1:45489|dataStream:|priority:0, 5bf7c3ec-7d76-406c-b229-eaa9a4a03e62|rpc:127.0.0.1:36845|dataStream:|priority:1] returns group-CC0BC6AD9588:java.util.concurrent.CompletableFuture@3430746e[Not completed]
2022-03-03 13:56:42,946 [pool-340-thread-1] INFO  server.RaftServer$Division (RaftServerImpl.java:<init>(184)) - 27c0535d-9f26-46d8-bf91-046d0b15bd6c: new RaftServerImpl for group-CC0BC6AD9588:[27c0535d-9f26-46d8-bf91-046d0b15bd6c|rpc:127.0.0.1:40065|dataStream:|priority:0, 65d3439d-931f-471d-8772-cb5ffca9deeb|rpc:127.0.0.1:45489|dataStream:|priority:0, 5bf7c3ec-7d76-406c-b229-eaa9a4a03e62|rpc:127.0.0.1:36845|dataStream:|priority:1] with ContainerStateMachine:uninitialized
2022-03-03 13:56:42,947 [pool-340-thread-1] INFO  server.RaftServerConfigKeys (ConfUtils.java:logGet(44)) - raft.server.rpc.timeout.min = 5s (custom)
2022-03-03 13:56:42,947 [pool-340-thread-1] INFO  server.RaftServerConfigKeys (ConfUtils.java:logGet(44)) - raft.server.rpc.timeout.max = 5200ms (custom)
2022-03-03 13:56:42,947 [pool-340-thread-1] INFO  server.RaftServerConfigKeys (ConfUtils.java:logGet(44)) - raft.server.rpc.sleep.time = 25ms (default)
2022-03-03 13:56:42,947 [pool-340-thread-1] INFO  server.RaftServerConfigKeys (ConfUtils.java:logGet(44)) - raft.server.rpc.slowness.timeout = 300s (custom)
2022-03-03 13:56:42,947 [pool-340-thread-1] INFO  server.RaftServerConfigKeys (ConfUtils.java:logGet(44)) - raft.server.leaderelection.leader.step-down.wait-time = 10s (default)
2022-03-03 13:56:42,947 [pool-340-thread-1] INFO  server.RaftServerConfigKeys (ConfUtils.java:logGet(44)) - raft.server.sleep.deviation.threshold = 300ms (default)
2022-03-03 13:56:42,947 [pool-340-thread-1] INFO  server.RaftServerConfigKeys (ConfUtils.java:logGet(44)) - raft.server.log.appender.install.snapshot.enabled = false (custom)
2022-03-03 13:56:42,947 [pool-340-thread-1] INFO  server.RaftServer$Division (ServerState.java:<init>(105)) - 27c0535d-9f26-46d8-bf91-046d0b15bd6c@group-CC0BC6AD9588: ConfigurationManager, init=-1: [27c0535d-9f26-46d8-bf91-046d0b15bd6c|rpc:127.0.0.1:40065|dataStream:|priority:0, 65d3439d-931f-471d-8772-cb5ffca9deeb|rpc:127.0.0.1:45489|dataStream:|priority:0, 5bf7c3ec-7d76-406c-b229-eaa9a4a03e62|rpc:127.0.0.1:36845|dataStream:|priority:1], old=null, confs=<EMPTY_MAP>
2022-03-03 13:56:42,947 [pool-340-thread-1] INFO  server.RaftServerConfigKeys (ConfUtils.java:logGet(44)) - raft.server.storage.dir = [/home/runner/work/ozone/ozone/hadoop-ozone/integration-test/target/test-dir/MiniOzoneClusterImpl-66b45f8e-1cec-491e-b66c-9260b08df491/datanode-2/data/ratis] (custom)
2022-03-03 13:56:42,947 [pool-340-thread-1] INFO  server.RaftServerConfigKeys (ConfUtils.java:logGet(44)) - raft.server.log.corruption.policy = EXCEPTION (default)
2022-03-03 13:56:42,947 [pool-340-thread-1] INFO  server.RaftServerConfigKeys (ConfUtils.java:logGet(44)) - raft.server.storage.free-space.min = 0MB (=0) (default)
2022-03-03 13:56:42,947 [pool-340-thread-1] INFO  storage.RaftStorageDirectory (RaftStorageDirectoryImpl.java:analyzeStorage(135)) - The storage directory /home/runner/work/ozone/ozone/hadoop-ozone/integration-test/target/test-dir/MiniOzoneClusterImpl-66b45f8e-1cec-491e-b66c-9260b08df491/datanode-2/data/ratis/dc2f315a-49b8-4c84-98f4-cc0bc6ad9588 does not exist. Creating ...
2022-03-03 13:56:42,948 [pool-340-thread-1] INFO  storage.RaftStorageDirectory (RaftStorageDirectoryImpl.java:tryLock(230)) - Lock on /home/runner/work/ozone/ozone/hadoop-ozone/integration-test/target/test-dir/MiniOzoneClusterImpl-66b45f8e-1cec-491e-b66c-9260b08df491/datanode-2/data/ratis/dc2f315a-49b8-4c84-98f4-cc0bc6ad9588/in_use.lock acquired by nodename 17744@fv-az50-851
2022-03-03 13:56:42,949 [pool-340-thread-1] INFO  storage.RaftStorage (RaftStorageImpl.java:format(89)) - Storage directory /home/runner/work/ozone/ozone/hadoop-ozone/integration-test/target/test-dir/MiniOzoneClusterImpl-66b45f8e-1cec-491e-b66c-9260b08df491/datanode-2/data/ratis/dc2f315a-49b8-4c84-98f4-cc0bc6ad9588 has been successfully formatted.
2022-03-03 13:56:42,949 [pool-340-thread-1] INFO  ratis.ContainerStateMachine (ContainerStateMachine.java:loadSnapshot(236)) - group-CC0BC6AD9588: The snapshot info is null. Setting the last applied indexto:(t:0, i:~)
2022-03-03 13:56:42,949 [pool-340-thread-1] INFO  server.RaftServerConfigKeys (ConfUtils.java:logGet(44)) - raft.server.notification.no-leader.timeout = 300s (custom)
2022-03-03 13:56:42,950 [pool-340-thread-1] INFO  server.RaftServerConfigKeys (ConfUtils.java:logGet(44)) - raft.server.log.use.memory = false (default)
2022-03-03 13:56:42,950 [pool-340-thread-1] INFO  server.RaftServerConfigKeys (ConfUtils.java:logGet(44)) - raft.server.log.purge.gap = 1000000 (custom)
2022-03-03 13:56:42,950 [pool-340-thread-1] INFO  server.RaftServerConfigKeys (ConfUtils.java:logGet(44)) - raft.server.log.appender.buffer.byte-limit = 33554432 (custom)
2022-03-03 13:56:42,950 [pool-340-thread-1] INFO  server.RaftServerConfigKeys (ConfUtils.java:logGet(44)) - raft.server.log.segment.size.max = 1048576 (custom)
2022-03-03 13:56:42,950 [pool-340-thread-1] INFO  server.RaftServerConfigKeys (ConfUtils.java:logGet(44)) - raft.server.log.segment.cache.num.max = 2 (custom)
2022-03-03 13:56:42,950 [pool-340-thread-1] INFO  server.RaftServerConfigKeys (ConfUtils.java:logGet(44)) - raft.server.log.segment.cache.size.max = 200MB (=209715200) (default)
2022-03-03 13:56:42,950 [pool-340-thread-1] INFO  segmented.SegmentedRaftLogWorker (SegmentedRaftLogWorker.java:<init>(182)) - new 27c0535d-9f26-46d8-bf91-046d0b15bd6c@group-CC0BC6AD9588-SegmentedRaftLogWorker for RaftStorageImpl:Storage Directory /home/runner/work/ozone/ozone/hadoop-ozone/integration-test/target/test-dir/MiniOzoneClusterImpl-66b45f8e-1cec-491e-b66c-9260b08df491/datanode-2/data/ratis/dc2f315a-49b8-4c84-98f4-cc0bc6ad9588
2022-03-03 13:56:42,950 [pool-340-thread-1] INFO  server.RaftServerConfigKeys (ConfUtils.java:logGet(44)) - raft.server.log.queue.byte-limit = 4294967296 (custom)
2022-03-03 13:56:42,950 [pool-340-thread-1] INFO  server.RaftServerConfigKeys (ConfUtils.java:logGet(44)) - raft.server.log.queue.element-limit = 1024 (custom)
2022-03-03 13:56:42,950 [pool-340-thread-1] INFO  server.RaftServerConfigKeys (ConfUtils.java:logGet(44)) - raft.server.log.segment.size.max = 1048576 (custom)
2022-03-03 13:56:42,950 [pool-340-thread-1] INFO  server.RaftServerConfigKeys (ConfUtils.java:logGet(44)) - raft.server.log.preallocated.size = 16384 (custom)
2022-03-03 13:56:42,950 [pool-340-thread-1] INFO  server.RaftServerConfigKeys (ConfUtils.java:logGet(44)) - raft.server.log.force.sync.num = 128 (default)
2022-03-03 13:56:42,950 [pool-340-thread-1] INFO  server.RaftServerConfigKeys (ConfUtils.java:logGet(44)) - raft.server.log.statemachine.data.sync = true (default)
2022-03-03 13:56:42,950 [pool-340-thread-1] INFO  server.RaftServerConfigKeys (ConfUtils.java:logGet(44)) - raft.server.log.statemachine.data.sync.timeout = 10s (default)
2022-03-03 13:56:42,950 [pool-340-thread-1] INFO  server.RaftServerConfigKeys (ConfUtils.java:logGet(44)) - raft.server.log.statemachine.data.sync.timeout.retry = -1 (default)
2022-03-03 13:56:42,951 [pool-340-thread-1] INFO  server.RaftServerConfigKeys (ConfUtils.java:logGet(44)) - raft.server.log.write.buffer.size = 1048576 (custom)
2022-03-03 13:56:42,952 [pool-340-thread-1] INFO  server.RaftServerConfigKeys (ConfUtils.java:logGet(44)) - raft.server.log.statemachine.data.caching.enabled = true (custom)
2022-03-03 13:56:42,952 [pool-340-thread-1] INFO  segmented.SegmentedRaftLogWorker (SegmentedRaftLogWorker.java:lambda$new$0(133)) - 27c0535d-9f26-46d8-bf91-046d0b15bd6c@group-CC0BC6AD9588-SegmentedRaftLogWorker: flushIndex: setUnconditionally 0 -> -1
2022-03-03 13:56:42,952 [pool-340-thread-1] INFO  segmented.SegmentedRaftLogWorker (SegmentedRaftLogWorker.java:lambda$new$0(133)) - 27c0535d-9f26-46d8-bf91-046d0b15bd6c@group-CC0BC6AD9588-SegmentedRaftLogWorker: safeCacheEvictIndex: setUnconditionally 0 -> -1
2022-03-03 13:56:42,963 [pool-340-thread-1] INFO  server.RaftServerConfigKeys (ConfUtils.java:logGet(44)) - raft.server.snapshot.auto.trigger.enabled = true (custom)
2022-03-03 13:56:42,963 [pool-340-thread-1] INFO  server.RaftServerConfigKeys (ConfUtils.java:logGet(44)) - raft.server.snapshot.auto.trigger.threshold = 10000 (custom)
2022-03-03 13:56:42,963 [pool-340-thread-1] INFO  server.RaftServerConfigKeys (ConfUtils.java:logGet(44)) - raft.server.snapshot.retention.file.num = 5 (custom)
2022-03-03 13:56:42,963 [pool-340-thread-1] INFO  server.RaftServerConfigKeys (ConfUtils.java:logGet(44)) - raft.server.log.purge.upto.snapshot.index = false (default)
2022-03-03 13:56:42,963 [pool-340-thread-1] INFO  server.RaftServerConfigKeys (ConfUtils.java:logGet(44)) - raft.server.retrycache.expirytime = 600000ms (custom)
2022-03-03 13:56:42,963 [pool-340-thread-1] INFO  server.RaftServerConfigKeys (ConfUtils.java:logGet(44)) - raft.server.retrycache.statistics.expirytime = 100μs (default)
2022-03-03 13:56:42,964 [pool-340-thread-1] INFO  server.RaftServer$Division (RaftServerImpl.java:start(301)) - 27c0535d-9f26-46d8-bf91-046d0b15bd6c@group-CC0BC6AD9588: start as a follower, conf=-1: [27c0535d-9f26-46d8-bf91-046d0b15bd6c|rpc:127.0.0.1:40065|dataStream:|priority:0, 65d3439d-931f-471d-8772-cb5ffca9deeb|rpc:127.0.0.1:45489|dataStream:|priority:0, 5bf7c3ec-7d76-406c-b229-eaa9a4a03e62|rpc:127.0.0.1:36845|dataStream:|priority:1], old=null
2022-03-03 13:56:42,964 [pool-340-thread-1] INFO  server.RaftServer$Division (RaftServerImpl.java:setRole(290)) - 27c0535d-9f26-46d8-bf91-046d0b15bd6c@group-CC0BC6AD9588: changes role from      null to FOLLOWER at term 0 for startAsFollower
2022-03-03 13:56:42,964 [pool-340-thread-1] INFO  impl.RoleInfo (RoleInfo.java:updateAndGet(130)) - 27c0535d-9f26-46d8-bf91-046d0b15bd6c: start 27c0535d-9f26-46d8-bf91-046d0b15bd6c@group-CC0BC6AD9588-FollowerState
2022-03-03 13:56:42,965 [pool-340-thread-1] INFO  util.JmxRegister (JmxRegister.java:tryRegister(44)) - Successfully registered JMX Bean with object name Ratis:service=RaftServer,group=group-CC0BC6AD9588,id=27c0535d-9f26-46d8-bf91-046d0b15bd6c
2022-03-03 13:56:43,027 [grpc-default-executor-5] INFO  server.RaftServer (RaftServerProxy.java:addNew(95)) - 65d3439d-931f-471d-8772-cb5ffca9deeb: addNew group-CC0BC6AD9588:[27c0535d-9f26-46d8-bf91-046d0b15bd6c|rpc:127.0.0.1:40065|dataStream:|priority:0, 65d3439d-931f-471d-8772-cb5ffca9deeb|rpc:127.0.0.1:45489|dataStream:|priority:0, 5bf7c3ec-7d76-406c-b229-eaa9a4a03e62|rpc:127.0.0.1:36845|dataStream:|priority:1] returns group-CC0BC6AD9588:java.util.concurrent.CompletableFuture@a62afd[Not completed]
2022-03-03 13:56:43,028 [pool-319-thread-1] INFO  server.RaftServer$Division (RaftServerImpl.java:<init>(184)) - 65d3439d-931f-471d-8772-cb5ffca9deeb: new RaftServerImpl for group-CC0BC6AD9588:[27c0535d-9f26-46d8-bf91-046d0b15bd6c|rpc:127.0.0.1:40065|dataStream:|priority:0, 65d3439d-931f-471d-8772-cb5ffca9deeb|rpc:127.0.0.1:45489|dataStream:|priority:0, 5bf7c3ec-7d76-406c-b229-eaa9a4a03e62|rpc:127.0.0.1:36845|dataStream:|priority:1] with ContainerStateMachine:uninitialized
2022-03-03 13:56:43,028 [pool-319-thread-1] INFO  server.RaftServerConfigKeys (ConfUtils.java:logGet(44)) - raft.server.rpc.timeout.min = 5s (custom)
2022-03-03 13:56:43,028 [pool-319-thread-1] INFO  server.RaftServerConfigKeys (ConfUtils.java:logGet(44)) - raft.server.rpc.timeout.max = 5200ms (custom)
2022-03-03 13:56:43,028 [pool-319-thread-1] INFO  server.RaftServerConfigKeys (ConfUtils.java:logGet(44)) - raft.server.rpc.sleep.time = 25ms (default)
2022-03-03 13:56:43,028 [pool-319-thread-1] INFO  server.RaftServerConfigKeys (ConfUtils.java:logGet(44)) - raft.server.rpc.slowness.timeout = 300s (custom)
2022-03-03 13:56:43,028 [pool-319-thread-1] INFO  server.RaftServerConfigKeys (ConfUtils.java:logGet(44)) - raft.server.leaderelection.leader.step-down.wait-time = 10s (default)
2022-03-03 13:56:43,028 [pool-319-thread-1] INFO  server.RaftServerConfigKeys (ConfUtils.java:logGet(44)) - raft.server.sleep.deviation.threshold = 300ms (default)
2022-03-03 13:56:43,028 [pool-319-thread-1] INFO  server.RaftServerConfigKeys (ConfUtils.java:logGet(44)) - raft.server.log.appender.install.snapshot.enabled = false (custom)
2022-03-03 13:56:43,028 [pool-319-thread-1] INFO  server.RaftServer$Division (ServerState.java:<init>(105)) - 65d3439d-931f-471d-8772-cb5ffca9deeb@group-CC0BC6AD9588: ConfigurationManager, init=-1: [27c0535d-9f26-46d8-bf91-046d0b15bd6c|rpc:127.0.0.1:40065|dataStream:|priority:0, 65d3439d-931f-471d-8772-cb5ffca9deeb|rpc:127.0.0.1:45489|dataStream:|priority:0, 5bf7c3ec-7d76-406c-b229-eaa9a4a03e62|rpc:127.0.0.1:36845|dataStream:|priority:1], old=null, confs=<EMPTY_MAP>
2022-03-03 13:56:43,028 [pool-319-thread-1] INFO  server.RaftServerConfigKeys (ConfUtils.java:logGet(44)) - raft.server.storage.dir = [/home/runner/work/ozone/ozone/hadoop-ozone/integration-test/target/test-dir/MiniOzoneClusterImpl-66b45f8e-1cec-491e-b66c-9260b08df491/datanode-1/data/ratis] (custom)
2022-03-03 13:56:43,028 [pool-319-thread-1] INFO  server.RaftServerConfigKeys (ConfUtils.java:logGet(44)) - raft.server.log.corruption.policy = EXCEPTION (default)
2022-03-03 13:56:43,028 [pool-319-thread-1] INFO  server.RaftServerConfigKeys (ConfUtils.java:logGet(44)) - raft.server.storage.free-space.min = 0MB (=0) (default)
2022-03-03 13:56:43,028 [pool-319-thread-1] INFO  storage.RaftStorageDirectory (RaftStorageDirectoryImpl.java:analyzeStorage(135)) - The storage directory /home/runner/work/ozone/ozone/hadoop-ozone/integration-test/target/test-dir/MiniOzoneClusterImpl-66b45f8e-1cec-491e-b66c-9260b08df491/datanode-1/data/ratis/dc2f315a-49b8-4c84-98f4-cc0bc6ad9588 does not exist. Creating ...
2022-03-03 13:56:43,029 [Command processor thread] INFO  server.RaftServer (RaftServerProxy.java:addNew(95)) - 65d3439d-931f-471d-8772-cb5ffca9deeb: addNew group-D23D9A37BAAB:[65d3439d-931f-471d-8772-cb5ffca9deeb|rpc:127.0.0.1:45489|priority:1] returns group-D23D9A37BAAB:java.util.concurrent.CompletableFuture@e5b78af[Not completed]
2022-03-03 13:56:43,030 [pool-319-thread-1] INFO  storage.RaftStorageDirectory (RaftStorageDirectoryImpl.java:tryLock(230)) - Lock on /home/runner/work/ozone/ozone/hadoop-ozone/integration-test/target/test-dir/MiniOzoneClusterImpl-66b45f8e-1cec-491e-b66c-9260b08df491/datanode-1/data/ratis/dc2f315a-49b8-4c84-98f4-cc0bc6ad9588/in_use.lock acquired by nodename 17744@fv-az50-851
2022-03-03 13:56:43,031 [pool-319-thread-1] INFO  storage.RaftStorage (RaftStorageImpl.java:format(89)) - Storage directory /home/runner/work/ozone/ozone/hadoop-ozone/integration-test/target/test-dir/MiniOzoneClusterImpl-66b45f8e-1cec-491e-b66c-9260b08df491/datanode-1/data/ratis/dc2f315a-49b8-4c84-98f4-cc0bc6ad9588 has been successfully formatted.
2022-03-03 13:56:43,031 [pool-319-thread-1] INFO  ratis.ContainerStateMachine (ContainerStateMachine.java:loadSnapshot(236)) - group-CC0BC6AD9588: The snapshot info is null. Setting the last applied indexto:(t:0, i:~)
2022-03-03 13:56:43,031 [pool-319-thread-1] INFO  server.RaftServerConfigKeys (ConfUtils.java:logGet(44)) - raft.server.notification.no-leader.timeout = 300s (custom)
2022-03-03 13:56:43,031 [pool-319-thread-1] INFO  server.RaftServerConfigKeys (ConfUtils.java:logGet(44)) - raft.server.log.use.memory = false (default)
2022-03-03 13:56:43,031 [pool-319-thread-1] INFO  server.RaftServerConfigKeys (ConfUtils.java:logGet(44)) - raft.server.log.purge.gap = 1000000 (custom)
2022-03-03 13:56:43,031 [pool-319-thread-1] INFO  server.RaftServerConfigKeys (ConfUtils.java:logGet(44)) - raft.server.log.appender.buffer.byte-limit = 33554432 (custom)
2022-03-03 13:56:43,031 [pool-319-thread-1] INFO  server.RaftServerConfigKeys (ConfUtils.java:logGet(44)) - raft.server.log.segment.size.max = 1048576 (custom)
2022-03-03 13:56:43,032 [pool-319-thread-1] INFO  server.RaftServerConfigKeys (ConfUtils.java:logGet(44)) - raft.server.log.segment.cache.num.max = 2 (custom)
2022-03-03 13:56:43,033 [EventQueue-PipelineReportForPipelineReportHandler] INFO  pipeline.PipelineManagerImpl (PipelineManagerImpl.java:openPipeline(291)) - Pipeline Pipeline[ Id: fe2cbdfc-26c6-41a5-b064-d23d9a37baab, Nodes: 65d3439d-931f-471d-8772-cb5ffca9deeb{ip: 127.0.0.1, host: localhost, ports: [REPLICATION=46641, RATIS=45489, RATIS_ADMIN=45489, RATIS_SERVER=45489, STANDALONE=46281], networkLocation: /default-rack, certSerialId: null, persistedOpState: IN_SERVICE, persistedOpStateExpiryEpochSec: 0}, ReplicationConfig: RATIS/ONE, State:ALLOCATED, leaderId:65d3439d-931f-471d-8772-cb5ffca9deeb, CreationTimestamp2022-03-03T13:56:40.045Z[Etc/UTC]] moved to OPEN state
2022-03-03 13:56:43,034 [pool-319-thread-1] INFO  server.RaftServerConfigKeys (ConfUtils.java:logGet(44)) - raft.server.log.segment.cache.size.max = 200MB (=209715200) (default)
2022-03-03 13:56:43,034 [pool-319-thread-1] INFO  segmented.SegmentedRaftLogWorker (SegmentedRaftLogWorker.java:<init>(182)) - new 65d3439d-931f-471d-8772-cb5ffca9deeb@group-CC0BC6AD9588-SegmentedRaftLogWorker for RaftStorageImpl:Storage Directory /home/runner/work/ozone/ozone/hadoop-ozone/integration-test/target/test-dir/MiniOzoneClusterImpl-66b45f8e-1cec-491e-b66c-9260b08df491/datanode-1/data/ratis/dc2f315a-49b8-4c84-98f4-cc0bc6ad9588
2022-03-03 13:56:43,036 [pool-319-thread-1] INFO  server.RaftServerConfigKeys (ConfUtils.java:logGet(44)) - raft.server.log.queue.byte-limit = 4294967296 (custom)
2022-03-03 13:56:43,036 [pool-319-thread-1] INFO  server.RaftServerConfigKeys (ConfUtils.java:logGet(44)) - raft.server.log.queue.element-limit = 1024 (custom)
2022-03-03 13:56:43,036 [pool-319-thread-1] INFO  server.RaftServerConfigKeys (ConfUtils.java:logGet(44)) - raft.server.log.segment.size.max = 1048576 (custom)
2022-03-03 13:56:43,035 [d391911d-a494-49f8-a9db-8a15da5a0d08@group-9260B08DF491-StateMachineUpdater] INFO  safemode.HealthyPipelineSafeModeRule (HealthyPipelineSafeModeRule.java:initializeRule(152)) - Refreshed total pipeline count is 0, healthy pipeline threshold count is 1
2022-03-03 13:56:43,044 [EventQueue-OpenPipelineForHealthyPipelineSafeModeRule] INFO  safemode.SCMSafeModeManager (HealthyPipelineSafeModeRule.java:process(124)) - SCM in safe mode. Healthy pipelines reported count is 0, required healthy pipeline reported count is 1
2022-03-03 13:56:43,044 [pool-319-thread-1] INFO  server.RaftServerConfigKeys (ConfUtils.java:logGet(44)) - raft.server.log.preallocated.size = 16384 (custom)
2022-03-03 13:56:43,044 [pool-319-thread-1] INFO  server.RaftServerConfigKeys (ConfUtils.java:logGet(44)) - raft.server.log.force.sync.num = 128 (default)
2022-03-03 13:56:43,044 [pool-319-thread-1] INFO  server.RaftServerConfigKeys (ConfUtils.java:logGet(44)) - raft.server.log.statemachine.data.sync = true (default)
2022-03-03 13:56:43,044 [pool-319-thread-1] INFO  server.RaftServerConfigKeys (ConfUtils.java:logGet(44)) - raft.server.log.statemachine.data.sync.timeout = 10s (default)
2022-03-03 13:56:43,044 [pool-319-thread-1] INFO  server.RaftServerConfigKeys (ConfUtils.java:logGet(44)) - raft.server.log.statemachine.data.sync.timeout.retry = -1 (default)
2022-03-03 13:56:43,045 [pool-319-thread-1] INFO  server.RaftServerConfigKeys (ConfUtils.java:logGet(44)) - raft.server.log.write.buffer.size = 1048576 (custom)
2022-03-03 13:56:43,046 [pool-319-thread-1] INFO  server.RaftServerConfigKeys (ConfUtils.java:logGet(44)) - raft.server.log.statemachine.data.caching.enabled = true (custom)
2022-03-03 13:56:43,046 [pool-319-thread-1] INFO  segmented.SegmentedRaftLogWorker (SegmentedRaftLogWorker.java:lambda$new$0(133)) - 65d3439d-931f-471d-8772-cb5ffca9deeb@group-CC0BC6AD9588-SegmentedRaftLogWorker: flushIndex: setUnconditionally 0 -> -1
2022-03-03 13:56:43,046 [pool-319-thread-1] INFO  segmented.SegmentedRaftLogWorker (SegmentedRaftLogWorker.java:lambda$new$0(133)) - 65d3439d-931f-471d-8772-cb5ffca9deeb@group-CC0BC6AD9588-SegmentedRaftLogWorker: safeCacheEvictIndex: setUnconditionally 0 -> -1
2022-03-03 13:56:43,046 [pool-319-thread-1] INFO  server.RaftServerConfigKeys (ConfUtils.java:logGet(44)) - raft.server.snapshot.auto.trigger.enabled = true (custom)
2022-03-03 13:56:43,046 [pool-319-thread-1] INFO  server.RaftServerConfigKeys (ConfUtils.java:logGet(44)) - raft.server.snapshot.auto.trigger.threshold = 10000 (custom)
2022-03-03 13:56:43,046 [pool-319-thread-1] INFO  server.RaftServerConfigKeys (ConfUtils.java:logGet(44)) - raft.server.snapshot.retention.file.num = 5 (custom)
2022-03-03 13:56:43,046 [pool-319-thread-1] INFO  server.RaftServerConfigKeys (ConfUtils.java:logGet(44)) - raft.server.log.purge.upto.snapshot.index = false (default)
2022-03-03 13:56:43,046 [pool-319-thread-1] INFO  server.RaftServerConfigKeys (ConfUtils.java:logGet(44)) - raft.server.retrycache.expirytime = 600000ms (custom)
2022-03-03 13:56:43,046 [pool-319-thread-1] INFO  server.RaftServerConfigKeys (ConfUtils.java:logGet(44)) - raft.server.retrycache.statistics.expirytime = 100μs (default)
2022-03-03 13:56:43,048 [pool-319-thread-1] INFO  server.RaftServer$Division (RaftServerImpl.java:<init>(184)) - 65d3439d-931f-471d-8772-cb5ffca9deeb: new RaftServerImpl for group-D23D9A37BAAB:[65d3439d-931f-471d-8772-cb5ffca9deeb|rpc:127.0.0.1:45489|priority:1] with ContainerStateMachine:uninitialized
2022-03-03 13:56:43,048 [pool-319-thread-1] INFO  server.RaftServerConfigKeys (ConfUtils.java:logGet(44)) - raft.server.rpc.timeout.min = 5s (custom)
2022-03-03 13:56:43,048 [pool-319-thread-1] INFO  server.RaftServerConfigKeys (ConfUtils.java:logGet(44)) - raft.server.rpc.timeout.max = 5200ms (custom)
2022-03-03 13:56:43,048 [pool-319-thread-1] INFO  server.RaftServerConfigKeys (ConfUtils.java:logGet(44)) - raft.server.rpc.sleep.time = 25ms (default)
2022-03-03 13:56:43,048 [pool-319-thread-1] INFO  server.RaftServerConfigKeys (ConfUtils.java:logGet(44)) - raft.server.rpc.slowness.timeout = 300s (custom)
2022-03-03 13:56:43,048 [pool-319-thread-1] INFO  server.RaftServerConfigKeys (ConfUtils.java:logGet(44)) - raft.server.leaderelection.leader.step-down.wait-time = 10s (default)
2022-03-03 13:56:43,048 [pool-319-thread-1] INFO  server.RaftServerConfigKeys (ConfUtils.java:logGet(44)) - raft.server.sleep.deviation.threshold = 300ms (default)
2022-03-03 13:56:43,048 [pool-319-thread-1] INFO  server.RaftServerConfigKeys (ConfUtils.java:logGet(44)) - raft.server.log.appender.install.snapshot.enabled = false (custom)
2022-03-03 13:56:43,048 [pool-319-thread-1] INFO  server.RaftServer$Division (ServerState.java:<init>(105)) - 65d3439d-931f-471d-8772-cb5ffca9deeb@group-D23D9A37BAAB: ConfigurationManager, init=-1: [65d3439d-931f-471d-8772-cb5ffca9deeb|rpc:127.0.0.1:45489|priority:1], old=null, confs=<EMPTY_MAP>
2022-03-03 13:56:43,049 [pool-319-thread-1] INFO  server.RaftServerConfigKeys (ConfUtils.java:logGet(44)) - raft.server.storage.dir = [/home/runner/work/ozone/ozone/hadoop-ozone/integration-test/target/test-dir/MiniOzoneClusterImpl-66b45f8e-1cec-491e-b66c-9260b08df491/datanode-1/data/ratis] (custom)
2022-03-03 13:56:43,049 [pool-319-thread-1] INFO  server.RaftServerConfigKeys (ConfUtils.java:logGet(44)) - raft.server.log.corruption.policy = EXCEPTION (default)
2022-03-03 13:56:43,049 [pool-319-thread-1] INFO  server.RaftServerConfigKeys (ConfUtils.java:logGet(44)) - raft.server.storage.free-space.min = 0MB (=0) (default)
2022-03-03 13:56:43,049 [pool-319-thread-1] INFO  storage.RaftStorageDirectory (RaftStorageDirectoryImpl.java:analyzeStorage(135)) - The storage directory /home/runner/work/ozone/ozone/hadoop-ozone/integration-test/target/test-dir/MiniOzoneClusterImpl-66b45f8e-1cec-491e-b66c-9260b08df491/datanode-1/data/ratis/fe2cbdfc-26c6-41a5-b064-d23d9a37baab does not exist. Creating ...
2022-03-03 13:56:43,050 [pool-319-thread-1] INFO  storage.RaftStorageDirectory (RaftStorageDirectoryImpl.java:tryLock(230)) - Lock on /home/runner/work/ozone/ozone/hadoop-ozone/integration-test/target/test-dir/MiniOzoneClusterImpl-66b45f8e-1cec-491e-b66c-9260b08df491/datanode-1/data/ratis/fe2cbdfc-26c6-41a5-b064-d23d9a37baab/in_use.lock acquired by nodename 17744@fv-az50-851
2022-03-03 13:56:43,051 [pool-319-thread-1] INFO  storage.RaftStorage (RaftStorageImpl.java:format(89)) - Storage directory /home/runner/work/ozone/ozone/hadoop-ozone/integration-test/target/test-dir/MiniOzoneClusterImpl-66b45f8e-1cec-491e-b66c-9260b08df491/datanode-1/data/ratis/fe2cbdfc-26c6-41a5-b064-d23d9a37baab has been successfully formatted.
2022-03-03 13:56:43,051 [pool-319-thread-1] INFO  ratis.ContainerStateMachine (ContainerStateMachine.java:loadSnapshot(236)) - group-D23D9A37BAAB: The snapshot info is null. Setting the last applied indexto:(t:0, i:~)
2022-03-03 13:56:43,051 [pool-319-thread-1] INFO  server.RaftServerConfigKeys (ConfUtils.java:logGet(44)) - raft.server.notification.no-leader.timeout = 300s (custom)
2022-03-03 13:56:43,051 [pool-319-thread-1] INFO  server.RaftServerConfigKeys (ConfUtils.java:logGet(44)) - raft.server.log.use.memory = false (default)
2022-03-03 13:56:43,051 [pool-319-thread-1] INFO  server.RaftServerConfigKeys (ConfUtils.java:logGet(44)) - raft.server.log.purge.gap = 1000000 (custom)
2022-03-03 13:56:43,052 [pool-319-thread-1] INFO  server.RaftServerConfigKeys (ConfUtils.java:logGet(44)) - raft.server.log.appender.buffer.byte-limit = 33554432 (custom)
2022-03-03 13:56:43,052 [EventQueue-OpenPipelineForHealthyPipelineSafeModeRule] INFO  safemode.SCMSafeModeManager (HealthyPipelineSafeModeRule.java:process(124)) - SCM in safe mode. Healthy pipelines reported count is 0, required healthy pipeline reported count is 1
2022-03-03 13:56:43,053 [pool-319-thread-1] INFO  server.RaftServerConfigKeys (ConfUtils.java:logGet(44)) - raft.server.log.segment.size.max = 1048576 (custom)
2022-03-03 13:56:43,053 [pool-319-thread-1] INFO  server.RaftServerConfigKeys (ConfUtils.java:logGet(44)) - raft.server.log.segment.cache.num.max = 2 (custom)
2022-03-03 13:56:43,053 [pool-319-thread-1] INFO  server.RaftServerConfigKeys (ConfUtils.java:logGet(44)) - raft.server.log.segment.cache.size.max = 200MB (=209715200) (default)
2022-03-03 13:56:43,053 [pool-319-thread-1] INFO  segmented.SegmentedRaftLogWorker (SegmentedRaftLogWorker.java:<init>(182)) - new 65d3439d-931f-471d-8772-cb5ffca9deeb@group-D23D9A37BAAB-SegmentedRaftLogWorker for RaftStorageImpl:Storage Directory /home/runner/work/ozone/ozone/hadoop-ozone/integration-test/target/test-dir/MiniOzoneClusterImpl-66b45f8e-1cec-491e-b66c-9260b08df491/datanode-1/data/ratis/fe2cbdfc-26c6-41a5-b064-d23d9a37baab
2022-03-03 13:56:43,053 [pool-319-thread-1] INFO  server.RaftServerConfigKeys (ConfUtils.java:logGet(44)) - raft.server.log.queue.byte-limit = 4294967296 (custom)
2022-03-03 13:56:43,053 [pool-319-thread-1] INFO  server.RaftServerConfigKeys (ConfUtils.java:logGet(44)) - raft.server.log.queue.element-limit = 1024 (custom)
2022-03-03 13:56:43,053 [pool-319-thread-1] INFO  server.RaftServerConfigKeys (ConfUtils.java:logGet(44)) - raft.server.log.segment.size.max = 1048576 (custom)
2022-03-03 13:56:43,053 [pool-319-thread-1] INFO  server.RaftServerConfigKeys (ConfUtils.java:logGet(44)) - raft.server.log.preallocated.size = 16384 (custom)
2022-03-03 13:56:43,053 [pool-319-thread-1] INFO  server.RaftServerConfigKeys (ConfUtils.java:logGet(44)) - raft.server.log.force.sync.num = 128 (default)
2022-03-03 13:56:43,054 [pool-319-thread-1] INFO  server.RaftServerConfigKeys (ConfUtils.java:logGet(44)) - raft.server.log.statemachine.data.sync = true (default)
2022-03-03 13:56:43,054 [pool-319-thread-1] INFO  server.RaftServerConfigKeys (ConfUtils.java:logGet(44)) - raft.server.log.statemachine.data.sync.timeout = 10s (default)
2022-03-03 13:56:43,054 [pool-319-thread-1] INFO  server.RaftServerConfigKeys (ConfUtils.java:logGet(44)) - raft.server.log.statemachine.data.sync.timeout.retry = -1 (default)
2022-03-03 13:56:43,054 [pool-319-thread-1] INFO  server.RaftServerConfigKeys (ConfUtils.java:logGet(44)) - raft.server.log.write.buffer.size = 1048576 (custom)
2022-03-03 13:56:43,055 [pool-319-thread-1] INFO  server.RaftServerConfigKeys (ConfUtils.java:logGet(44)) - raft.server.log.statemachine.data.caching.enabled = true (custom)
2022-03-03 13:56:43,059 [pool-319-thread-1] INFO  segmented.SegmentedRaftLogWorker (SegmentedRaftLogWorker.java:lambda$new$0(133)) - 65d3439d-931f-471d-8772-cb5ffca9deeb@group-D23D9A37BAAB-SegmentedRaftLogWorker: flushIndex: setUnconditionally 0 -> -1
2022-03-03 13:56:43,059 [pool-319-thread-1] INFO  segmented.SegmentedRaftLogWorker (SegmentedRaftLogWorker.java:lambda$new$0(133)) - 65d3439d-931f-471d-8772-cb5ffca9deeb@group-D23D9A37BAAB-SegmentedRaftLogWorker: safeCacheEvictIndex: setUnconditionally 0 -> -1
2022-03-03 13:56:43,066 [pool-319-thread-1] INFO  server.RaftServerConfigKeys (ConfUtils.java:logGet(44)) - raft.server.snapshot.auto.trigger.enabled = true (custom)
2022-03-03 13:56:43,066 [pool-319-thread-1] INFO  server.RaftServerConfigKeys (ConfUtils.java:logGet(44)) - raft.server.snapshot.auto.trigger.threshold = 10000 (custom)
2022-03-03 13:56:43,066 [pool-319-thread-1] INFO  server.RaftServerConfigKeys (ConfUtils.java:logGet(44)) - raft.server.snapshot.retention.file.num = 5 (custom)
2022-03-03 13:56:43,066 [pool-319-thread-1] INFO  server.RaftServerConfigKeys (ConfUtils.java:logGet(44)) - raft.server.log.purge.upto.snapshot.index = false (default)
2022-03-03 13:56:43,066 [pool-319-thread-1] INFO  server.RaftServerConfigKeys (ConfUtils.java:logGet(44)) - raft.server.retrycache.expirytime = 600000ms (custom)
2022-03-03 13:56:43,066 [pool-319-thread-1] INFO  server.RaftServerConfigKeys (ConfUtils.java:logGet(44)) - raft.server.retrycache.statistics.expirytime = 100μs (default)
2022-03-03 13:56:43,067 [pool-319-thread-1] INFO  server.RaftServer$Division (RaftServerImpl.java:start(301)) - 65d3439d-931f-471d-8772-cb5ffca9deeb@group-CC0BC6AD9588: start as a follower, conf=-1: [27c0535d-9f26-46d8-bf91-046d0b15bd6c|rpc:127.0.0.1:40065|dataStream:|priority:0, 65d3439d-931f-471d-8772-cb5ffca9deeb|rpc:127.0.0.1:45489|dataStream:|priority:0, 5bf7c3ec-7d76-406c-b229-eaa9a4a03e62|rpc:127.0.0.1:36845|dataStream:|priority:1], old=null
2022-03-03 13:56:43,067 [pool-319-thread-1] INFO  server.RaftServer$Division (RaftServerImpl.java:setRole(290)) - 65d3439d-931f-471d-8772-cb5ffca9deeb@group-CC0BC6AD9588: changes role from      null to FOLLOWER at term 0 for startAsFollower
2022-03-03 13:56:43,067 [pool-319-thread-1] INFO  impl.RoleInfo (RoleInfo.java:updateAndGet(130)) - 65d3439d-931f-471d-8772-cb5ffca9deeb: start 65d3439d-931f-471d-8772-cb5ffca9deeb@group-CC0BC6AD9588-FollowerState
2022-03-03 13:56:43,076 [pool-319-thread-1] INFO  util.JmxRegister (JmxRegister.java:tryRegister(44)) - Successfully registered JMX Bean with object name Ratis:service=RaftServer,group=group-CC0BC6AD9588,id=65d3439d-931f-471d-8772-cb5ffca9deeb
2022-03-03 13:56:43,081 [pool-319-thread-1] INFO  server.RaftServer$Division (RaftServerImpl.java:start(301)) - 65d3439d-931f-471d-8772-cb5ffca9deeb@group-D23D9A37BAAB: start as a follower, conf=-1: [65d3439d-931f-471d-8772-cb5ffca9deeb|rpc:127.0.0.1:45489|priority:1], old=null
2022-03-03 13:56:43,081 [pool-319-thread-1] INFO  server.RaftServer$Division (RaftServerImpl.java:setRole(290)) - 65d3439d-931f-471d-8772-cb5ffca9deeb@group-D23D9A37BAAB: changes role from      null to FOLLOWER at term 0 for startAsFollower
2022-03-03 13:56:43,081 [pool-319-thread-1] INFO  impl.RoleInfo (RoleInfo.java:updateAndGet(130)) - 65d3439d-931f-471d-8772-cb5ffca9deeb: start 65d3439d-931f-471d-8772-cb5ffca9deeb@group-D23D9A37BAAB-FollowerState
2022-03-03 13:56:43,087 [pool-319-thread-1] INFO  util.JmxRegister (JmxRegister.java:tryRegister(44)) - Successfully registered JMX Bean with object name Ratis:service=RaftServer,group=group-D23D9A37BAAB,id=65d3439d-931f-471d-8772-cb5ffca9deeb
2022-03-03 13:56:43,089 [EndpointStateMachine task thread for /127.0.0.1:35581 - 0 ] INFO  ipc.Client (Client.java:handleConnectionFailure(977)) - Retrying connect to server: localhost/127.0.0.1:35581. Already tried 11 time(s); retry policy is RetryUpToMaximumCountWithFixedSleep(maxRetries=15, sleepTime=1000 MILLISECONDS)
2022-03-03 13:56:43,097 [Command processor thread] INFO  commandhandler.CreatePipelineCommandHandler (CreatePipelineCommandHandler.java:handle(106)) - Created Pipeline RATIS THREE PipelineID=dc2f315a-49b8-4c84-98f4-cc0bc6ad9588.
2022-03-03 13:56:43,098 [Command processor thread] INFO  ratis.XceiverServerRatis (XceiverServerRatis.java:addGroup(769)) - Created group PipelineID=fe2cbdfc-26c6-41a5-b064-d23d9a37baab
2022-03-03 13:56:43,099 [Command processor thread] INFO  commandhandler.CreatePipelineCommandHandler (CreatePipelineCommandHandler.java:handle(106)) - Created Pipeline RATIS ONE PipelineID=fe2cbdfc-26c6-41a5-b064-d23d9a37baab.
2022-03-03 13:56:43,411 [Listener at 127.0.0.1/42531] INFO  ozone.MiniOzoneClusterImpl (MiniOzoneClusterImpl.java:lambda$waitForClusterToBeReady$0(219)) - Nodes are ready. Got 3 of 3 DN Heartbeats.
2022-03-03 13:56:43,412 [Listener at 127.0.0.1/42531] INFO  ozone.MiniOzoneClusterImpl (MiniOzoneClusterImpl.java:lambda$waitForClusterToBeReady$0(222)) - Waiting for cluster to exit safe mode
2022-03-03 13:56:43,412 [Listener at 127.0.0.1/42531] INFO  ozone.MiniOzoneClusterImpl (MiniOzoneClusterImpl.java:lambda$waitForClusterToBeReady$0(224)) - SCM became leader
2022-03-03 13:56:43,435 [Command processor thread] INFO  server.RaftServer (RaftServerProxy.java:addNew(95)) - 27c0535d-9f26-46d8-bf91-046d0b15bd6c: addNew group-7D1E74CD45BF:[27c0535d-9f26-46d8-bf91-046d0b15bd6c|rpc:127.0.0.1:40065|priority:1] returns group-7D1E74CD45BF:java.util.concurrent.CompletableFuture@49197356[Not completed]
2022-03-03 13:56:43,436 [pool-340-thread-1] INFO  server.RaftServer$Division (RaftServerImpl.java:<init>(184)) - 27c0535d-9f26-46d8-bf91-046d0b15bd6c: new RaftServerImpl for group-7D1E74CD45BF:[27c0535d-9f26-46d8-bf91-046d0b15bd6c|rpc:127.0.0.1:40065|priority:1] with ContainerStateMachine:uninitialized
2022-03-03 13:56:43,436 [pool-340-thread-1] INFO  server.RaftServerConfigKeys (ConfUtils.java:logGet(44)) - raft.server.rpc.timeout.min = 5s (custom)
2022-03-03 13:56:43,436 [pool-340-thread-1] INFO  server.RaftServerConfigKeys (ConfUtils.java:logGet(44)) - raft.server.rpc.timeout.max = 5200ms (custom)
2022-03-03 13:56:43,436 [pool-340-thread-1] INFO  server.RaftServerConfigKeys (ConfUtils.java:logGet(44)) - raft.server.rpc.sleep.time = 25ms (default)
2022-03-03 13:56:43,436 [pool-340-thread-1] INFO  server.RaftServerConfigKeys (ConfUtils.java:logGet(44)) - raft.server.rpc.slowness.timeout = 300s (custom)
2022-03-03 13:56:43,436 [pool-340-thread-1] INFO  server.RaftServerConfigKeys (ConfUtils.java:logGet(44)) - raft.server.leaderelection.leader.step-down.wait-time = 10s (default)
2022-03-03 13:56:43,436 [pool-340-thread-1] INFO  server.RaftServerConfigKeys (ConfUtils.java:logGet(44)) - raft.server.sleep.deviation.threshold = 300ms (default)
2022-03-03 13:56:43,437 [pool-340-thread-1] INFO  server.RaftServerConfigKeys (ConfUtils.java:logGet(44)) - raft.server.log.appender.install.snapshot.enabled = false (custom)
2022-03-03 13:56:43,437 [pool-340-thread-1] INFO  server.RaftServer$Division (ServerState.java:<init>(105)) - 27c0535d-9f26-46d8-bf91-046d0b15bd6c@group-7D1E74CD45BF: ConfigurationManager, init=-1: [27c0535d-9f26-46d8-bf91-046d0b15bd6c|rpc:127.0.0.1:40065|priority:1], old=null, confs=<EMPTY_MAP>
2022-03-03 13:56:43,437 [pool-340-thread-1] INFO  server.RaftServerConfigKeys (ConfUtils.java:logGet(44)) - raft.server.storage.dir = [/home/runner/work/ozone/ozone/hadoop-ozone/integration-test/target/test-dir/MiniOzoneClusterImpl-66b45f8e-1cec-491e-b66c-9260b08df491/datanode-2/data/ratis] (custom)
2022-03-03 13:56:43,437 [pool-340-thread-1] INFO  server.RaftServerConfigKeys (ConfUtils.java:logGet(44)) - raft.server.log.corruption.policy = EXCEPTION (default)
2022-03-03 13:56:43,437 [pool-340-thread-1] INFO  server.RaftServerConfigKeys (ConfUtils.java:logGet(44)) - raft.server.storage.free-space.min = 0MB (=0) (default)
2022-03-03 13:56:43,437 [pool-340-thread-1] INFO  storage.RaftStorageDirectory (RaftStorageDirectoryImpl.java:analyzeStorage(135)) - The storage directory /home/runner/work/ozone/ozone/hadoop-ozone/integration-test/target/test-dir/MiniOzoneClusterImpl-66b45f8e-1cec-491e-b66c-9260b08df491/datanode-2/data/ratis/6a6e2fd8-22ed-4e8a-9cda-7d1e74cd45bf does not exist. Creating ...
2022-03-03 13:56:43,438 [pool-340-thread-1] INFO  storage.RaftStorageDirectory (RaftStorageDirectoryImpl.java:tryLock(230)) - Lock on /home/runner/work/ozone/ozone/hadoop-ozone/integration-test/target/test-dir/MiniOzoneClusterImpl-66b45f8e-1cec-491e-b66c-9260b08df491/datanode-2/data/ratis/6a6e2fd8-22ed-4e8a-9cda-7d1e74cd45bf/in_use.lock acquired by nodename 17744@fv-az50-851
2022-03-03 13:56:43,439 [pool-340-thread-1] INFO  storage.RaftStorage (RaftStorageImpl.java:format(89)) - Storage directory /home/runner/work/ozone/ozone/hadoop-ozone/integration-test/target/test-dir/MiniOzoneClusterImpl-66b45f8e-1cec-491e-b66c-9260b08df491/datanode-2/data/ratis/6a6e2fd8-22ed-4e8a-9cda-7d1e74cd45bf has been successfully formatted.
2022-03-03 13:56:43,439 [pool-340-thread-1] INFO  ratis.ContainerStateMachine (ContainerStateMachine.java:loadSnapshot(236)) - group-7D1E74CD45BF: The snapshot info is null. Setting the last applied indexto:(t:0, i:~)
2022-03-03 13:56:43,439 [pool-340-thread-1] INFO  server.RaftServerConfigKeys (ConfUtils.java:logGet(44)) - raft.server.notification.no-leader.timeout = 300s (custom)
2022-03-03 13:56:43,439 [pool-340-thread-1] INFO  server.RaftServerConfigKeys (ConfUtils.java:logGet(44)) - raft.server.log.use.memory = false (default)
2022-03-03 13:56:43,439 [pool-340-thread-1] INFO  server.RaftServerConfigKeys (ConfUtils.java:logGet(44)) - raft.server.log.purge.gap = 1000000 (custom)
2022-03-03 13:56:43,439 [pool-340-thread-1] INFO  server.RaftServerConfigKeys (ConfUtils.java:logGet(44)) - raft.server.log.appender.buffer.byte-limit = 33554432 (custom)
2022-03-03 13:56:43,440 [pool-340-thread-1] INFO  server.RaftServerConfigKeys (ConfUtils.java:logGet(44)) - raft.server.log.segment.size.max = 1048576 (custom)
2022-03-03 13:56:43,440 [pool-340-thread-1] INFO  server.RaftServerConfigKeys (ConfUtils.java:logGet(44)) - raft.server.log.segment.cache.num.max = 2 (custom)
2022-03-03 13:56:43,440 [pool-340-thread-1] INFO  server.RaftServerConfigKeys (ConfUtils.java:logGet(44)) - raft.server.log.segment.cache.size.max = 200MB (=209715200) (default)
2022-03-03 13:56:43,440 [pool-340-thread-1] INFO  segmented.SegmentedRaftLogWorker (SegmentedRaftLogWorker.java:<init>(182)) - new 27c0535d-9f26-46d8-bf91-046d0b15bd6c@group-7D1E74CD45BF-SegmentedRaftLogWorker for RaftStorageImpl:Storage Directory /home/runner/work/ozone/ozone/hadoop-ozone/integration-test/target/test-dir/MiniOzoneClusterImpl-66b45f8e-1cec-491e-b66c-9260b08df491/datanode-2/data/ratis/6a6e2fd8-22ed-4e8a-9cda-7d1e74cd45bf
2022-03-03 13:56:43,440 [pool-340-thread-1] INFO  server.RaftServerConfigKeys (ConfUtils.java:logGet(44)) - raft.server.log.queue.byte-limit = 4294967296 (custom)
2022-03-03 13:56:43,440 [pool-340-thread-1] INFO  server.RaftServerConfigKeys (ConfUtils.java:logGet(44)) - raft.server.log.queue.element-limit = 1024 (custom)
2022-03-03 13:56:43,440 [pool-340-thread-1] INFO  server.RaftServerConfigKeys (ConfUtils.java:logGet(44)) - raft.server.log.segment.size.max = 1048576 (custom)
2022-03-03 13:56:43,440 [pool-340-thread-1] INFO  server.RaftServerConfigKeys (ConfUtils.java:logGet(44)) - raft.server.log.preallocated.size = 16384 (custom)
2022-03-03 13:56:43,440 [pool-340-thread-1] INFO  server.RaftServerConfigKeys (ConfUtils.java:logGet(44)) - raft.server.log.force.sync.num = 128 (default)
2022-03-03 13:56:43,440 [pool-340-thread-1] INFO  server.RaftServerConfigKeys (ConfUtils.java:logGet(44)) - raft.server.log.statemachine.data.sync = true (default)
2022-03-03 13:56:43,440 [pool-340-thread-1] INFO  server.RaftServerConfigKeys (ConfUtils.java:logGet(44)) - raft.server.log.statemachine.data.sync.timeout = 10s (default)
2022-03-03 13:56:43,440 [pool-340-thread-1] INFO  server.RaftServerConfigKeys (ConfUtils.java:logGet(44)) - raft.server.log.statemachine.data.sync.timeout.retry = -1 (default)
2022-03-03 13:56:43,441 [pool-340-thread-1] INFO  server.RaftServerConfigKeys (ConfUtils.java:logGet(44)) - raft.server.log.write.buffer.size = 1048576 (custom)
2022-03-03 13:56:43,442 [pool-340-thread-1] INFO  server.RaftServerConfigKeys (ConfUtils.java:logGet(44)) - raft.server.log.statemachine.data.caching.enabled = true (custom)
2022-03-03 13:56:43,442 [pool-340-thread-1] INFO  segmented.SegmentedRaftLogWorker (SegmentedRaftLogWorker.java:lambda$new$0(133)) - 27c0535d-9f26-46d8-bf91-046d0b15bd6c@group-7D1E74CD45BF-SegmentedRaftLogWorker: flushIndex: setUnconditionally 0 -> -1
2022-03-03 13:56:43,442 [pool-340-thread-1] INFO  segmented.SegmentedRaftLogWorker (SegmentedRaftLogWorker.java:lambda$new$0(133)) - 27c0535d-9f26-46d8-bf91-046d0b15bd6c@group-7D1E74CD45BF-SegmentedRaftLogWorker: safeCacheEvictIndex: setUnconditionally 0 -> -1
2022-03-03 13:56:43,444 [EventQueue-PipelineReportForPipelineReportHandler] INFO  pipeline.PipelineManagerImpl (PipelineManagerImpl.java:openPipeline(291)) - Pipeline Pipeline[ Id: 6a6e2fd8-22ed-4e8a-9cda-7d1e74cd45bf, Nodes: 27c0535d-9f26-46d8-bf91-046d0b15bd6c{ip: 127.0.0.1, host: localhost, ports: [REPLICATION=39197, RATIS=40065, RATIS_ADMIN=40065, RATIS_SERVER=40065, STANDALONE=42813], networkLocation: /default-rack, certSerialId: null, persistedOpState: IN_SERVICE, persistedOpStateExpiryEpochSec: 0}, ReplicationConfig: RATIS/ONE, State:ALLOCATED, leaderId:27c0535d-9f26-46d8-bf91-046d0b15bd6c, CreationTimestamp2022-03-03T13:56:40.438Z[Etc/UTC]] moved to OPEN state
2022-03-03 13:56:43,446 [d391911d-a494-49f8-a9db-8a15da5a0d08@group-9260B08DF491-StateMachineUpdater] INFO  safemode.HealthyPipelineSafeModeRule (HealthyPipelineSafeModeRule.java:initializeRule(152)) - Refreshed total pipeline count is 0, healthy pipeline threshold count is 1
2022-03-03 13:56:43,447 [EventQueue-OpenPipelineForHealthyPipelineSafeModeRule] INFO  safemode.SCMSafeModeManager (HealthyPipelineSafeModeRule.java:process(124)) - SCM in safe mode. Healthy pipelines reported count is 0, required healthy pipeline reported count is 1
2022-03-03 13:56:43,476 [pool-340-thread-1] INFO  server.RaftServerConfigKeys (ConfUtils.java:logGet(44)) - raft.server.snapshot.auto.trigger.enabled = true (custom)
2022-03-03 13:56:43,476 [pool-340-thread-1] INFO  server.RaftServerConfigKeys (ConfUtils.java:logGet(44)) - raft.server.snapshot.auto.trigger.threshold = 10000 (custom)
2022-03-03 13:56:43,476 [pool-340-thread-1] INFO  server.RaftServerConfigKeys (ConfUtils.java:logGet(44)) - raft.server.snapshot.retention.file.num = 5 (custom)
2022-03-03 13:56:43,476 [pool-340-thread-1] INFO  server.RaftServerConfigKeys (ConfUtils.java:logGet(44)) - raft.server.log.purge.upto.snapshot.index = false (default)
2022-03-03 13:56:43,476 [pool-340-thread-1] INFO  server.RaftServerConfigKeys (ConfUtils.java:logGet(44)) - raft.server.retrycache.expirytime = 600000ms (custom)
2022-03-03 13:56:43,476 [pool-340-thread-1] INFO  server.RaftServerConfigKeys (ConfUtils.java:logGet(44)) - raft.server.retrycache.statistics.expirytime = 100μs (default)
2022-03-03 13:56:43,477 [pool-340-thread-1] INFO  server.RaftServer$Division (RaftServerImpl.java:start(301)) - 27c0535d-9f26-46d8-bf91-046d0b15bd6c@group-7D1E74CD45BF: start as a follower, conf=-1: [27c0535d-9f26-46d8-bf91-046d0b15bd6c|rpc:127.0.0.1:40065|priority:1], old=null
2022-03-03 13:56:43,477 [pool-340-thread-1] INFO  server.RaftServer$Division (RaftServerImpl.java:setRole(290)) - 27c0535d-9f26-46d8-bf91-046d0b15bd6c@group-7D1E74CD45BF: changes role from      null to FOLLOWER at term 0 for startAsFollower
2022-03-03 13:56:43,477 [pool-340-thread-1] INFO  impl.RoleInfo (RoleInfo.java:updateAndGet(130)) - 27c0535d-9f26-46d8-bf91-046d0b15bd6c: start 27c0535d-9f26-46d8-bf91-046d0b15bd6c@group-7D1E74CD45BF-FollowerState
2022-03-03 13:56:43,484 [pool-340-thread-1] INFO  util.JmxRegister (JmxRegister.java:tryRegister(44)) - Successfully registered JMX Bean with object name Ratis:service=RaftServer,group=group-7D1E74CD45BF,id=27c0535d-9f26-46d8-bf91-046d0b15bd6c
2022-03-03 13:56:43,485 [Command processor thread] INFO  ratis.XceiverServerRatis (XceiverServerRatis.java:addGroup(769)) - Created group PipelineID=6a6e2fd8-22ed-4e8a-9cda-7d1e74cd45bf
2022-03-03 13:56:43,485 [Command processor thread] INFO  commandhandler.CreatePipelineCommandHandler (CreatePipelineCommandHandler.java:handle(106)) - Created Pipeline RATIS ONE PipelineID=6a6e2fd8-22ed-4e8a-9cda-7d1e74cd45bf.
2022-03-03 13:56:44,090 [EndpointStateMachine task thread for /127.0.0.1:35581 - 0 ] INFO  ipc.Client (Client.java:handleConnectionFailure(977)) - Retrying connect to server: localhost/127.0.0.1:35581. Already tried 12 time(s); retry policy is RetryUpToMaximumCountWithFixedSleep(maxRetries=15, sleepTime=1000 MILLISECONDS)
2022-03-03 13:56:44,412 [Listener at 127.0.0.1/42531] INFO  ozone.MiniOzoneClusterImpl (MiniOzoneClusterImpl.java:lambda$waitForClusterToBeReady$0(219)) - Nodes are ready. Got 3 of 3 DN Heartbeats.
2022-03-03 13:56:44,412 [Listener at 127.0.0.1/42531] INFO  ozone.MiniOzoneClusterImpl (MiniOzoneClusterImpl.java:lambda$waitForClusterToBeReady$0(222)) - Waiting for cluster to exit safe mode
2022-03-03 13:56:44,412 [Listener at 127.0.0.1/42531] INFO  ozone.MiniOzoneClusterImpl (MiniOzoneClusterImpl.java:lambda$waitForClusterToBeReady$0(224)) - SCM became leader
2022-03-03 13:56:45,090 [EndpointStateMachine task thread for /127.0.0.1:35581 - 0 ] INFO  ipc.Client (Client.java:handleConnectionFailure(977)) - Retrying connect to server: localhost/127.0.0.1:35581. Already tried 13 time(s); retry policy is RetryUpToMaximumCountWithFixedSleep(maxRetries=15, sleepTime=1000 MILLISECONDS)
2022-03-03 13:56:45,412 [Listener at 127.0.0.1/42531] INFO  ozone.MiniOzoneClusterImpl (MiniOzoneClusterImpl.java:lambda$waitForClusterToBeReady$0(219)) - Nodes are ready. Got 3 of 3 DN Heartbeats.
2022-03-03 13:56:45,412 [Listener at 127.0.0.1/42531] INFO  ozone.MiniOzoneClusterImpl (MiniOzoneClusterImpl.java:lambda$waitForClusterToBeReady$0(222)) - Waiting for cluster to exit safe mode
2022-03-03 13:56:45,413 [Listener at 127.0.0.1/42531] INFO  ozone.MiniOzoneClusterImpl (MiniOzoneClusterImpl.java:lambda$waitForClusterToBeReady$0(224)) - SCM became leader
2022-03-03 13:56:46,091 [EndpointStateMachine task thread for /127.0.0.1:35581 - 0 ] INFO  ipc.Client (Client.java:handleConnectionFailure(977)) - Retrying connect to server: localhost/127.0.0.1:35581. Already tried 14 time(s); retry policy is RetryUpToMaximumCountWithFixedSleep(maxRetries=15, sleepTime=1000 MILLISECONDS)
2022-03-03 13:56:46,092 [EndpointStateMachine task thread for /127.0.0.1:35581 - 0 ] WARN  statemachine.EndpointStateMachine (EndpointStateMachine.java:logIfNeeded(236)) - Unable to communicate to SCM server at localhost:35581 for past 0 seconds.
java.net.ConnectException: Call From fv-az50-851/10.1.0.28 to localhost:35581 failed on connection exception: java.net.ConnectException: Connection refused; For more details see:  http://wiki.apache.org/hadoop/ConnectionRefused
	at sun.reflect.NativeConstructorAccessorImpl.newInstance0(Native Method)
	at sun.reflect.NativeConstructorAccessorImpl.newInstance(NativeConstructorAccessorImpl.java:62)
	at sun.reflect.DelegatingConstructorAccessorImpl.newInstance(DelegatingConstructorAccessorImpl.java:45)
	at java.lang.reflect.Constructor.newInstance(Constructor.java:423)
	at org.apache.hadoop.net.NetUtils.wrapWithMessage(NetUtils.java:913)
	at org.apache.hadoop.net.NetUtils.wrapException(NetUtils.java:828)
	at org.apache.hadoop.ipc.Client.getRpcResponse(Client.java:1577)
	at org.apache.hadoop.ipc.Client.call(Client.java:1519)
	at org.apache.hadoop.ipc.Client.call(Client.java:1416)
	at org.apache.hadoop.ipc.ProtobufRpcEngine$Invoker.invoke(ProtobufRpcEngine.java:236)
	at org.apache.hadoop.ipc.ProtobufRpcEngine$Invoker.invoke(ProtobufRpcEngine.java:123)
	at com.sun.proxy.$Proxy47.submitRequest(Unknown Source)
	at org.apache.hadoop.ozone.protocolPB.StorageContainerDatanodeProtocolClientSideTranslatorPB.submitRequest(StorageContainerDatanodeProtocolClientSideTranslatorPB.java:117)
	at org.apache.hadoop.ozone.protocolPB.StorageContainerDatanodeProtocolClientSideTranslatorPB.sendHeartbeat(StorageContainerDatanodeProtocolClientSideTranslatorPB.java:149)
	at org.apache.hadoop.ozone.container.common.states.endpoint.HeartbeatEndpointTask.call(HeartbeatEndpointTask.java:180)
	at org.apache.hadoop.ozone.container.common.states.endpoint.HeartbeatEndpointTask.call(HeartbeatEndpointTask.java:83)
	at java.util.concurrent.FutureTask.run(FutureTask.java:266)
	at java.util.concurrent.ThreadPoolExecutor.runWorker(ThreadPoolExecutor.java:1149)
	at java.util.concurrent.ThreadPoolExecutor$Worker.run(ThreadPoolExecutor.java:624)
	at java.lang.Thread.run(Thread.java:750)
Caused by: java.net.ConnectException: Connection refused
	at sun.nio.ch.SocketChannelImpl.checkConnect(Native Method)
	at sun.nio.ch.SocketChannelImpl.finishConnect(SocketChannelImpl.java:716)
	at org.apache.hadoop.net.SocketIOWithTimeout.connect(SocketIOWithTimeout.java:206)
	at org.apache.hadoop.net.NetUtils.connect(NetUtils.java:586)
	at org.apache.hadoop.ipc.Client$Connection.setupConnection(Client.java:701)
	at org.apache.hadoop.ipc.Client$Connection.setupIOstreams(Client.java:822)
	at org.apache.hadoop.ipc.Client$Connection.access$3800(Client.java:414)
	at org.apache.hadoop.ipc.Client.getConnection(Client.java:1647)
	at org.apache.hadoop.ipc.Client.call(Client.java:1463)
	... 12 more
2022-03-03 13:56:46,413 [Listener at 127.0.0.1/42531] INFO  ozone.MiniOzoneClusterImpl (MiniOzoneClusterImpl.java:lambda$waitForClusterToBeReady$0(219)) - Nodes are ready. Got 3 of 3 DN Heartbeats.
2022-03-03 13:56:46,413 [Listener at 127.0.0.1/42531] INFO  ozone.MiniOzoneClusterImpl (MiniOzoneClusterImpl.java:lambda$waitForClusterToBeReady$0(222)) - Waiting for cluster to exit safe mode
2022-03-03 13:56:46,413 [Listener at 127.0.0.1/42531] INFO  ozone.MiniOzoneClusterImpl (MiniOzoneClusterImpl.java:lambda$waitForClusterToBeReady$0(224)) - SCM became leader
2022-03-03 13:56:47,093 [EndpointStateMachine task thread for /127.0.0.1:35581 - 0 ] INFO  ipc.Client (Client.java:handleConnectionFailure(977)) - Retrying connect to server: localhost/127.0.0.1:35581. Already tried 0 time(s); retry policy is RetryUpToMaximumCountWithFixedSleep(maxRetries=15, sleepTime=1000 MILLISECONDS)
2022-03-03 13:56:47,413 [Listener at 127.0.0.1/42531] INFO  ozone.MiniOzoneClusterImpl (MiniOzoneClusterImpl.java:lambda$waitForClusterToBeReady$0(219)) - Nodes are ready. Got 3 of 3 DN Heartbeats.
2022-03-03 13:56:47,413 [Listener at 127.0.0.1/42531] INFO  ozone.MiniOzoneClusterImpl (MiniOzoneClusterImpl.java:lambda$waitForClusterToBeReady$0(222)) - Waiting for cluster to exit safe mode
2022-03-03 13:56:47,413 [Listener at 127.0.0.1/42531] INFO  ozone.MiniOzoneClusterImpl (MiniOzoneClusterImpl.java:lambda$waitForClusterToBeReady$0(224)) - SCM became leader
2022-03-03 13:56:47,784 [27c0535d-9f26-46d8-bf91-046d0b15bd6c@group-E306AAF451C0-FollowerState] INFO  impl.FollowerState (FollowerState.java:run(134)) - 27c0535d-9f26-46d8-bf91-046d0b15bd6c@group-E306AAF451C0-FollowerState: change to CANDIDATE, lastRpcElapsedTime:5010259014ns, electionTimeout:5001ms
2022-03-03 13:56:47,784 [27c0535d-9f26-46d8-bf91-046d0b15bd6c@group-E306AAF451C0-FollowerState] INFO  impl.RoleInfo (RoleInfo.java:shutdownFollowerState(108)) - 27c0535d-9f26-46d8-bf91-046d0b15bd6c: shutdown 27c0535d-9f26-46d8-bf91-046d0b15bd6c@group-E306AAF451C0-FollowerState
2022-03-03 13:56:47,784 [27c0535d-9f26-46d8-bf91-046d0b15bd6c@group-E306AAF451C0-FollowerState] INFO  server.RaftServer$Division (RaftServerImpl.java:setRole(290)) - 27c0535d-9f26-46d8-bf91-046d0b15bd6c@group-E306AAF451C0: changes role from  FOLLOWER to CANDIDATE at term 0 for changeToCandidate
2022-03-03 13:56:47,784 [27c0535d-9f26-46d8-bf91-046d0b15bd6c@group-E306AAF451C0-FollowerState] INFO  server.RaftServerConfigKeys (ConfUtils.java:logGet(44)) - raft.server.leaderelection.pre-vote = false (custom)
2022-03-03 13:56:47,784 [27c0535d-9f26-46d8-bf91-046d0b15bd6c@group-E306AAF451C0-FollowerState] INFO  impl.RoleInfo (RoleInfo.java:updateAndGet(130)) - 27c0535d-9f26-46d8-bf91-046d0b15bd6c: start 27c0535d-9f26-46d8-bf91-046d0b15bd6c@group-E306AAF451C0-LeaderElection21
2022-03-03 13:56:47,808 [27c0535d-9f26-46d8-bf91-046d0b15bd6c@group-E306AAF451C0-LeaderElection21] INFO  impl.LeaderElection (LeaderElection.java:askForVotes(306)) - 27c0535d-9f26-46d8-bf91-046d0b15bd6c@group-E306AAF451C0-LeaderElection21 ELECTION round 0: submit vote requests at term 1 for -1: [27c0535d-9f26-46d8-bf91-046d0b15bd6c|rpc:127.0.0.1:40065|dataStream:|priority:0, 65d3439d-931f-471d-8772-cb5ffca9deeb|rpc:127.0.0.1:45489|dataStream:|priority:1, 5bf7c3ec-7d76-406c-b229-eaa9a4a03e62|rpc:127.0.0.1:36845|dataStream:|priority:0], old=null
2022-03-03 13:56:47,821 [5bf7c3ec-7d76-406c-b229-eaa9a4a03e62@group-F6F098FE6FC7-FollowerState] INFO  impl.FollowerState (FollowerState.java:run(134)) - 5bf7c3ec-7d76-406c-b229-eaa9a4a03e62@group-F6F098FE6FC7-FollowerState: change to CANDIDATE, lastRpcElapsedTime:5155936206ns, electionTimeout:5155ms
2022-03-03 13:56:47,821 [5bf7c3ec-7d76-406c-b229-eaa9a4a03e62@group-F6F098FE6FC7-FollowerState] INFO  impl.RoleInfo (RoleInfo.java:shutdownFollowerState(108)) - 5bf7c3ec-7d76-406c-b229-eaa9a4a03e62: shutdown 5bf7c3ec-7d76-406c-b229-eaa9a4a03e62@group-F6F098FE6FC7-FollowerState
2022-03-03 13:56:47,821 [5bf7c3ec-7d76-406c-b229-eaa9a4a03e62@group-F6F098FE6FC7-FollowerState] INFO  server.RaftServer$Division (RaftServerImpl.java:setRole(290)) - 5bf7c3ec-7d76-406c-b229-eaa9a4a03e62@group-F6F098FE6FC7: changes role from  FOLLOWER to CANDIDATE at term 0 for changeToCandidate
2022-03-03 13:56:47,821 [5bf7c3ec-7d76-406c-b229-eaa9a4a03e62@group-F6F098FE6FC7-FollowerState] INFO  server.RaftServerConfigKeys (ConfUtils.java:logGet(44)) - raft.server.leaderelection.pre-vote = false (custom)
2022-03-03 13:56:47,821 [5bf7c3ec-7d76-406c-b229-eaa9a4a03e62@group-F6F098FE6FC7-FollowerState] INFO  impl.RoleInfo (RoleInfo.java:updateAndGet(130)) - 5bf7c3ec-7d76-406c-b229-eaa9a4a03e62: start 5bf7c3ec-7d76-406c-b229-eaa9a4a03e62@group-F6F098FE6FC7-LeaderElection22
2022-03-03 13:56:47,843 [grpc-default-executor-5] INFO  server.RaftServer$Division (RaftServerImpl.java:requestVote(1046)) - 5bf7c3ec-7d76-406c-b229-eaa9a4a03e62@group-E306AAF451C0: receive requestVote(ELECTION, 27c0535d-9f26-46d8-bf91-046d0b15bd6c, group-E306AAF451C0, 1, (t:0, i:0))
2022-03-03 13:56:47,844 [grpc-default-executor-5] INFO  impl.VoteContext (VoteContext.java:log(48)) - 5bf7c3ec-7d76-406c-b229-eaa9a4a03e62@group-E306AAF451C0-FOLLOWER: accept ELECTION from 27c0535d-9f26-46d8-bf91-046d0b15bd6c: our priority 0 <= candidate's priority 0
2022-03-03 13:56:47,844 [grpc-default-executor-5] INFO  server.RaftServer$Division (RaftServerImpl.java:setRole(290)) - 5bf7c3ec-7d76-406c-b229-eaa9a4a03e62@group-E306AAF451C0: changes role from  FOLLOWER to FOLLOWER at term 1 for candidate:27c0535d-9f26-46d8-bf91-046d0b15bd6c
2022-03-03 13:56:47,845 [grpc-default-executor-5] INFO  impl.RoleInfo (RoleInfo.java:shutdownFollowerState(108)) - 5bf7c3ec-7d76-406c-b229-eaa9a4a03e62: shutdown 5bf7c3ec-7d76-406c-b229-eaa9a4a03e62@group-E306AAF451C0-FollowerState
2022-03-03 13:56:47,845 [grpc-default-executor-5] INFO  impl.RoleInfo (RoleInfo.java:updateAndGet(130)) - 5bf7c3ec-7d76-406c-b229-eaa9a4a03e62: start 5bf7c3ec-7d76-406c-b229-eaa9a4a03e62@group-E306AAF451C0-FollowerState
2022-03-03 13:56:47,843 [grpc-default-executor-2] INFO  server.RaftServer$Division (RaftServerImpl.java:requestVote(1046)) - 65d3439d-931f-471d-8772-cb5ffca9deeb@group-E306AAF451C0: receive requestVote(ELECTION, 27c0535d-9f26-46d8-bf91-046d0b15bd6c, group-E306AAF451C0, 1, (t:0, i:0))
2022-03-03 13:56:47,845 [grpc-default-executor-2] INFO  impl.VoteContext (VoteContext.java:log(48)) - 65d3439d-931f-471d-8772-cb5ffca9deeb@group-E306AAF451C0-FOLLOWER: reject ELECTION from 27c0535d-9f26-46d8-bf91-046d0b15bd6c: our priority 1 > candidate's priority 0
2022-03-03 13:56:47,845 [grpc-default-executor-2] INFO  server.RaftServer$Division (RaftServerImpl.java:setRole(290)) - 65d3439d-931f-471d-8772-cb5ffca9deeb@group-E306AAF451C0: changes role from  FOLLOWER to FOLLOWER at term 1 for candidate:27c0535d-9f26-46d8-bf91-046d0b15bd6c
2022-03-03 13:56:47,845 [grpc-default-executor-2] INFO  impl.RoleInfo (RoleInfo.java:shutdownFollowerState(108)) - 65d3439d-931f-471d-8772-cb5ffca9deeb: shutdown 65d3439d-931f-471d-8772-cb5ffca9deeb@group-E306AAF451C0-FollowerState
2022-03-03 13:56:47,846 [5bf7c3ec-7d76-406c-b229-eaa9a4a03e62@group-E306AAF451C0-FollowerState] INFO  impl.FollowerState (FollowerState.java:run(143)) - 5bf7c3ec-7d76-406c-b229-eaa9a4a03e62@group-E306AAF451C0-FollowerState was interrupted: {}
java.lang.InterruptedException: sleep interrupted
	at java.lang.Thread.sleep(Native Method)
	at java.lang.Thread.sleep(Thread.java:342)
	at java.util.concurrent.TimeUnit.sleep(TimeUnit.java:386)
	at org.apache.ratis.util.TimeDuration.sleep(TimeDuration.java:324)
	at org.apache.ratis.util.TimeDuration.sleep(TimeDuration.java:309)
	at org.apache.ratis.server.impl.FollowerState.run(FollowerState.java:118)
2022-03-03 13:56:47,848 [grpc-default-executor-2] INFO  impl.RoleInfo (RoleInfo.java:updateAndGet(130)) - 65d3439d-931f-471d-8772-cb5ffca9deeb: start 65d3439d-931f-471d-8772-cb5ffca9deeb@group-E306AAF451C0-FollowerState
2022-03-03 13:56:47,849 [65d3439d-931f-471d-8772-cb5ffca9deeb@group-E306AAF451C0-FollowerState] INFO  impl.FollowerState (FollowerState.java:run(143)) - 65d3439d-931f-471d-8772-cb5ffca9deeb@group-E306AAF451C0-FollowerState was interrupted: {}
java.lang.InterruptedException: sleep interrupted
	at java.lang.Thread.sleep(Native Method)
	at java.lang.Thread.sleep(Thread.java:342)
	at java.util.concurrent.TimeUnit.sleep(TimeUnit.java:386)
	at org.apache.ratis.util.TimeDuration.sleep(TimeDuration.java:324)
	at org.apache.ratis.util.TimeDuration.sleep(TimeDuration.java:309)
	at org.apache.ratis.server.impl.FollowerState.run(FollowerState.java:118)
2022-03-03 13:56:47,849 [grpc-default-executor-5] INFO  server.RaftServer$Division (RaftServerImpl.java:requestVote(1078)) - 5bf7c3ec-7d76-406c-b229-eaa9a4a03e62@group-E306AAF451C0 replies to ELECTION vote request: 27c0535d-9f26-46d8-bf91-046d0b15bd6c<-5bf7c3ec-7d76-406c-b229-eaa9a4a03e62#0:OK-t1. Peer's state: 5bf7c3ec-7d76-406c-b229-eaa9a4a03e62@group-E306AAF451C0:t1, leader=null, voted=27c0535d-9f26-46d8-bf91-046d0b15bd6c, raftlog=5bf7c3ec-7d76-406c-b229-eaa9a4a03e62@group-E306AAF451C0-SegmentedRaftLog:OPENED:c-1, conf=-1: [27c0535d-9f26-46d8-bf91-046d0b15bd6c|rpc:127.0.0.1:40065|priority:0, 65d3439d-931f-471d-8772-cb5ffca9deeb|rpc:127.0.0.1:45489|priority:1, 5bf7c3ec-7d76-406c-b229-eaa9a4a03e62|rpc:127.0.0.1:36845|priority:0], old=null
2022-03-03 13:56:47,853 [grpc-default-executor-2] INFO  server.RaftServer$Division (RaftServerImpl.java:requestVote(1078)) - 65d3439d-931f-471d-8772-cb5ffca9deeb@group-E306AAF451C0 replies to ELECTION vote request: 27c0535d-9f26-46d8-bf91-046d0b15bd6c<-65d3439d-931f-471d-8772-cb5ffca9deeb#0:FAIL-t1. Peer's state: 65d3439d-931f-471d-8772-cb5ffca9deeb@group-E306AAF451C0:t1, leader=null, voted=null, raftlog=65d3439d-931f-471d-8772-cb5ffca9deeb@group-E306AAF451C0-SegmentedRaftLog:OPENED:c-1, conf=-1: [27c0535d-9f26-46d8-bf91-046d0b15bd6c|rpc:127.0.0.1:40065|dataStream:|priority:0, 65d3439d-931f-471d-8772-cb5ffca9deeb|rpc:127.0.0.1:45489|dataStream:|priority:1, 5bf7c3ec-7d76-406c-b229-eaa9a4a03e62|rpc:127.0.0.1:36845|dataStream:|priority:0], old=null
2022-03-03 13:56:47,863 [27c0535d-9f26-46d8-bf91-046d0b15bd6c@group-E306AAF451C0-LeaderElection21] INFO  impl.LeaderElection (LeaderElection.java:logAndReturn(89)) - 27c0535d-9f26-46d8-bf91-046d0b15bd6c@group-E306AAF451C0-LeaderElection21: ELECTION REJECTED received 1 response(s) and 0 exception(s):
2022-03-03 13:56:47,864 [27c0535d-9f26-46d8-bf91-046d0b15bd6c@group-E306AAF451C0-LeaderElection21] INFO  impl.LeaderElection (LeaderElection.java:logAndReturn(93)) -   Response 0: 27c0535d-9f26-46d8-bf91-046d0b15bd6c<-65d3439d-931f-471d-8772-cb5ffca9deeb#0:FAIL-t1
2022-03-03 13:56:47,864 [27c0535d-9f26-46d8-bf91-046d0b15bd6c@group-E306AAF451C0-LeaderElection21] INFO  impl.LeaderElection (LeaderElection.java:askForVotes(308)) - 27c0535d-9f26-46d8-bf91-046d0b15bd6c@group-E306AAF451C0-LeaderElection21 ELECTION round 0: result REJECTED
2022-03-03 13:56:47,864 [27c0535d-9f26-46d8-bf91-046d0b15bd6c@group-E306AAF451C0-LeaderElection21] INFO  server.RaftServer$Division (RaftServerImpl.java:setRole(290)) - 27c0535d-9f26-46d8-bf91-046d0b15bd6c@group-E306AAF451C0: changes role from CANDIDATE to FOLLOWER at term 1 for REJECTED
2022-03-03 13:56:47,864 [27c0535d-9f26-46d8-bf91-046d0b15bd6c@group-E306AAF451C0-LeaderElection21] INFO  impl.RoleInfo (RoleInfo.java:shutdownLeaderElection(121)) - 27c0535d-9f26-46d8-bf91-046d0b15bd6c: shutdown 27c0535d-9f26-46d8-bf91-046d0b15bd6c@group-E306AAF451C0-LeaderElection21
2022-03-03 13:56:47,864 [27c0535d-9f26-46d8-bf91-046d0b15bd6c@group-E306AAF451C0-LeaderElection21] INFO  impl.RoleInfo (RoleInfo.java:updateAndGet(130)) - 27c0535d-9f26-46d8-bf91-046d0b15bd6c: start 27c0535d-9f26-46d8-bf91-046d0b15bd6c@group-E306AAF451C0-FollowerState
2022-03-03 13:56:47,868 [5bf7c3ec-7d76-406c-b229-eaa9a4a03e62@group-F6F098FE6FC7-LeaderElection22] INFO  impl.LeaderElection (LeaderElection.java:askForVotes(306)) - 5bf7c3ec-7d76-406c-b229-eaa9a4a03e62@group-F6F098FE6FC7-LeaderElection22 ELECTION round 0: submit vote requests at term 1 for -1: [5bf7c3ec-7d76-406c-b229-eaa9a4a03e62|rpc:127.0.0.1:36845|priority:1], old=null
2022-03-03 13:56:47,869 [5bf7c3ec-7d76-406c-b229-eaa9a4a03e62@group-F6F098FE6FC7-LeaderElection22] INFO  impl.LeaderElection (LeaderElection.java:askForVotes(308)) - 5bf7c3ec-7d76-406c-b229-eaa9a4a03e62@group-F6F098FE6FC7-LeaderElection22 ELECTION round 0: result PASSED (term=1)
2022-03-03 13:56:47,869 [5bf7c3ec-7d76-406c-b229-eaa9a4a03e62@group-F6F098FE6FC7-LeaderElection22] INFO  impl.RoleInfo (RoleInfo.java:shutdownLeaderElection(121)) - 5bf7c3ec-7d76-406c-b229-eaa9a4a03e62: shutdown 5bf7c3ec-7d76-406c-b229-eaa9a4a03e62@group-F6F098FE6FC7-LeaderElection22
2022-03-03 13:56:47,869 [5bf7c3ec-7d76-406c-b229-eaa9a4a03e62@group-F6F098FE6FC7-LeaderElection22] INFO  server.RaftServer$Division (RaftServerImpl.java:setRole(290)) - 5bf7c3ec-7d76-406c-b229-eaa9a4a03e62@group-F6F098FE6FC7: changes role from CANDIDATE to LEADER at term 1 for changeToLeader
2022-03-03 13:56:47,869 [5bf7c3ec-7d76-406c-b229-eaa9a4a03e62@group-F6F098FE6FC7-LeaderElection22] INFO  ratis.XceiverServerRatis (XceiverServerRatis.java:handleLeaderChangedNotification(867)) - Leader change notification received for group: group-F6F098FE6FC7 with new leaderId: 5bf7c3ec-7d76-406c-b229-eaa9a4a03e62
2022-03-03 13:56:47,869 [5bf7c3ec-7d76-406c-b229-eaa9a4a03e62@group-F6F098FE6FC7-LeaderElection22] INFO  server.RaftServer$Division (ServerState.java:setLeader(285)) - 5bf7c3ec-7d76-406c-b229-eaa9a4a03e62@group-F6F098FE6FC7: change Leader from null to 5bf7c3ec-7d76-406c-b229-eaa9a4a03e62 at term 1 for becomeLeader, leader elected after 5247ms
2022-03-03 13:56:47,869 [5bf7c3ec-7d76-406c-b229-eaa9a4a03e62@group-F6F098FE6FC7-LeaderElection22] INFO  server.RaftServerConfigKeys (ConfUtils.java:logGet(44)) - raft.server.staging.catchup.gap = 1000 (default)
2022-03-03 13:56:47,869 [5bf7c3ec-7d76-406c-b229-eaa9a4a03e62@group-F6F098FE6FC7-LeaderElection22] INFO  server.RaftServerConfigKeys (ConfUtils.java:logGet(44)) - raft.server.write.element-limit = 1024 (custom)
2022-03-03 13:56:47,870 [5bf7c3ec-7d76-406c-b229-eaa9a4a03e62@group-F6F098FE6FC7-LeaderElection22] INFO  server.RaftServerConfigKeys (ConfUtils.java:logGet(44)) - raft.server.write.byte-limit = 1024 M (=1073741824) (custom)
2022-03-03 13:56:47,870 [5bf7c3ec-7d76-406c-b229-eaa9a4a03e62@group-F6F098FE6FC7-LeaderElection22] INFO  server.RaftServerConfigKeys (ConfUtils.java:logGet(44)) - raft.server.watch.timeout = 180s (custom)
2022-03-03 13:56:47,870 [5bf7c3ec-7d76-406c-b229-eaa9a4a03e62@group-F6F098FE6FC7-LeaderElection22] INFO  server.RaftServerConfigKeys (ConfUtils.java:logGet(44)) - raft.server.watch.timeout.denomination = 1s (default)
2022-03-03 13:56:47,870 [5bf7c3ec-7d76-406c-b229-eaa9a4a03e62@group-F6F098FE6FC7-LeaderElection22] INFO  server.RaftServerConfigKeys (ConfUtils.java:logGet(44)) - raft.server.watch.element-limit = 65536 (default)
2022-03-03 13:56:47,870 [5bf7c3ec-7d76-406c-b229-eaa9a4a03e62@group-F6F098FE6FC7-LeaderElection22] INFO  server.RaftServerConfigKeys (ConfUtils.java:logGet(44)) - raft.server.write.element-limit = 1024 (custom)
2022-03-03 13:56:47,870 [5bf7c3ec-7d76-406c-b229-eaa9a4a03e62@group-F6F098FE6FC7-LeaderElection22] INFO  server.RaftServerConfigKeys (ConfUtils.java:logGet(44)) - raft.server.write.follower.gap.ratio.max = -1.0 (default)
2022-03-03 13:56:47,871 [5bf7c3ec-7d76-406c-b229-eaa9a4a03e62@group-F6F098FE6FC7-LeaderElection22] INFO  impl.RoleInfo (RoleInfo.java:updateAndGet(130)) - 5bf7c3ec-7d76-406c-b229-eaa9a4a03e62: start 5bf7c3ec-7d76-406c-b229-eaa9a4a03e62@group-F6F098FE6FC7-LeaderStateImpl
2022-03-03 13:56:47,871 [5bf7c3ec-7d76-406c-b229-eaa9a4a03e62@group-F6F098FE6FC7-LeaderElection22] INFO  segmented.SegmentedRaftLogWorker (SegmentedRaftLogWorker.java:startLogSegment(394)) - 5bf7c3ec-7d76-406c-b229-eaa9a4a03e62@group-F6F098FE6FC7-SegmentedRaftLogWorker: Starting segment from index:0
2022-03-03 13:56:47,871 [EventQueue-OpenPipelineForHealthyPipelineSafeModeRule] INFO  safemode.SCMSafeModeManager (HealthyPipelineSafeModeRule.java:process(124)) - SCM in safe mode. Healthy pipelines reported count is 0, required healthy pipeline reported count is 1
2022-03-03 13:56:47,872 [5bf7c3ec-7d76-406c-b229-eaa9a4a03e62@group-F6F098FE6FC7-SegmentedRaftLogWorker] INFO  segmented.SegmentedRaftLogWorker (SegmentedRaftLogWorker.java:execute(601)) - 5bf7c3ec-7d76-406c-b229-eaa9a4a03e62@group-F6F098FE6FC7-SegmentedRaftLogWorker: created new log segment /home/runner/work/ozone/ozone/hadoop-ozone/integration-test/target/test-dir/MiniOzoneClusterImpl-66b45f8e-1cec-491e-b66c-9260b08df491/datanode-0/data/ratis/e596e21b-c1fb-4916-96f9-f6f098fe6fc7/current/log_inprogress_0
2022-03-03 13:56:47,873 [5bf7c3ec-7d76-406c-b229-eaa9a4a03e62@group-F6F098FE6FC7-LeaderElection22] INFO  server.RaftServer$Division (ServerState.java:setRaftConf(387)) - 5bf7c3ec-7d76-406c-b229-eaa9a4a03e62@group-F6F098FE6FC7: set configuration 0: [5bf7c3ec-7d76-406c-b229-eaa9a4a03e62|rpc:127.0.0.1:36845|dataStream:|priority:1], old=null
2022-03-03 13:56:48,006 [5bf7c3ec-7d76-406c-b229-eaa9a4a03e62@group-CC0BC6AD9588-FollowerState] INFO  impl.FollowerState (FollowerState.java:run(134)) - 5bf7c3ec-7d76-406c-b229-eaa9a4a03e62@group-CC0BC6AD9588-FollowerState: change to CANDIDATE, lastRpcElapsedTime:5077952472ns, electionTimeout:5077ms
2022-03-03 13:56:48,006 [5bf7c3ec-7d76-406c-b229-eaa9a4a03e62@group-CC0BC6AD9588-FollowerState] INFO  impl.RoleInfo (RoleInfo.java:shutdownFollowerState(108)) - 5bf7c3ec-7d76-406c-b229-eaa9a4a03e62: shutdown 5bf7c3ec-7d76-406c-b229-eaa9a4a03e62@group-CC0BC6AD9588-FollowerState
2022-03-03 13:56:48,006 [5bf7c3ec-7d76-406c-b229-eaa9a4a03e62@group-CC0BC6AD9588-FollowerState] INFO  server.RaftServer$Division (RaftServerImpl.java:setRole(290)) - 5bf7c3ec-7d76-406c-b229-eaa9a4a03e62@group-CC0BC6AD9588: changes role from  FOLLOWER to CANDIDATE at term 0 for changeToCandidate
2022-03-03 13:56:48,006 [5bf7c3ec-7d76-406c-b229-eaa9a4a03e62@group-CC0BC6AD9588-FollowerState] INFO  server.RaftServerConfigKeys (ConfUtils.java:logGet(44)) - raft.server.leaderelection.pre-vote = false (custom)
2022-03-03 13:56:48,006 [5bf7c3ec-7d76-406c-b229-eaa9a4a03e62@group-CC0BC6AD9588-FollowerState] INFO  impl.RoleInfo (RoleInfo.java:updateAndGet(130)) - 5bf7c3ec-7d76-406c-b229-eaa9a4a03e62: start 5bf7c3ec-7d76-406c-b229-eaa9a4a03e62@group-CC0BC6AD9588-LeaderElection23
2022-03-03 13:56:48,039 [5bf7c3ec-7d76-406c-b229-eaa9a4a03e62@group-CC0BC6AD9588-LeaderElection23] INFO  impl.LeaderElection (LeaderElection.java:askForVotes(306)) - 5bf7c3ec-7d76-406c-b229-eaa9a4a03e62@group-CC0BC6AD9588-LeaderElection23 ELECTION round 0: submit vote requests at term 1 for -1: [27c0535d-9f26-46d8-bf91-046d0b15bd6c|rpc:127.0.0.1:40065|priority:0, 65d3439d-931f-471d-8772-cb5ffca9deeb|rpc:127.0.0.1:45489|priority:0, 5bf7c3ec-7d76-406c-b229-eaa9a4a03e62|rpc:127.0.0.1:36845|priority:1], old=null
2022-03-03 13:56:48,061 [grpc-default-executor-2] INFO  server.RaftServer$Division (RaftServerImpl.java:requestVote(1046)) - 65d3439d-931f-471d-8772-cb5ffca9deeb@group-CC0BC6AD9588: receive requestVote(ELECTION, 5bf7c3ec-7d76-406c-b229-eaa9a4a03e62, group-CC0BC6AD9588, 1, (t:0, i:0))
2022-03-03 13:56:48,061 [grpc-default-executor-2] INFO  impl.VoteContext (VoteContext.java:log(48)) - 65d3439d-931f-471d-8772-cb5ffca9deeb@group-CC0BC6AD9588-FOLLOWER: accept ELECTION from 5bf7c3ec-7d76-406c-b229-eaa9a4a03e62: our priority 0 <= candidate's priority 1
2022-03-03 13:56:48,061 [grpc-default-executor-2] INFO  server.RaftServer$Division (RaftServerImpl.java:setRole(290)) - 65d3439d-931f-471d-8772-cb5ffca9deeb@group-CC0BC6AD9588: changes role from  FOLLOWER to FOLLOWER at term 1 for candidate:5bf7c3ec-7d76-406c-b229-eaa9a4a03e62
2022-03-03 13:56:48,061 [grpc-default-executor-2] INFO  impl.RoleInfo (RoleInfo.java:shutdownFollowerState(108)) - 65d3439d-931f-471d-8772-cb5ffca9deeb: shutdown 65d3439d-931f-471d-8772-cb5ffca9deeb@group-CC0BC6AD9588-FollowerState
2022-03-03 13:56:48,061 [grpc-default-executor-2] INFO  impl.RoleInfo (RoleInfo.java:updateAndGet(130)) - 65d3439d-931f-471d-8772-cb5ffca9deeb: start 65d3439d-931f-471d-8772-cb5ffca9deeb@group-CC0BC6AD9588-FollowerState
2022-03-03 13:56:48,062 [65d3439d-931f-471d-8772-cb5ffca9deeb@group-CC0BC6AD9588-FollowerState] INFO  impl.FollowerState (FollowerState.java:run(143)) - 65d3439d-931f-471d-8772-cb5ffca9deeb@group-CC0BC6AD9588-FollowerState was interrupted: {}
java.lang.InterruptedException: sleep interrupted
	at java.lang.Thread.sleep(Native Method)
	at java.lang.Thread.sleep(Thread.java:342)
	at java.util.concurrent.TimeUnit.sleep(TimeUnit.java:386)
	at org.apache.ratis.util.TimeDuration.sleep(TimeDuration.java:324)
	at org.apache.ratis.util.TimeDuration.sleep(TimeDuration.java:309)
	at org.apache.ratis.server.impl.FollowerState.run(FollowerState.java:118)
2022-03-03 13:56:48,085 [grpc-default-executor-5] INFO  server.RaftServer$Division (RaftServerImpl.java:requestVote(1046)) - 27c0535d-9f26-46d8-bf91-046d0b15bd6c@group-CC0BC6AD9588: receive requestVote(ELECTION, 5bf7c3ec-7d76-406c-b229-eaa9a4a03e62, group-CC0BC6AD9588, 1, (t:0, i:0))
2022-03-03 13:56:48,085 [grpc-default-executor-5] INFO  impl.VoteContext (VoteContext.java:log(48)) - 27c0535d-9f26-46d8-bf91-046d0b15bd6c@group-CC0BC6AD9588-FOLLOWER: accept ELECTION from 5bf7c3ec-7d76-406c-b229-eaa9a4a03e62: our priority 0 <= candidate's priority 1
2022-03-03 13:56:48,085 [grpc-default-executor-5] INFO  server.RaftServer$Division (RaftServerImpl.java:setRole(290)) - 27c0535d-9f26-46d8-bf91-046d0b15bd6c@group-CC0BC6AD9588: changes role from  FOLLOWER to FOLLOWER at term 1 for candidate:5bf7c3ec-7d76-406c-b229-eaa9a4a03e62
2022-03-03 13:56:48,085 [grpc-default-executor-5] INFO  impl.RoleInfo (RoleInfo.java:shutdownFollowerState(108)) - 27c0535d-9f26-46d8-bf91-046d0b15bd6c: shutdown 27c0535d-9f26-46d8-bf91-046d0b15bd6c@group-CC0BC6AD9588-FollowerState
2022-03-03 13:56:48,085 [grpc-default-executor-5] INFO  impl.RoleInfo (RoleInfo.java:updateAndGet(130)) - 27c0535d-9f26-46d8-bf91-046d0b15bd6c: start 27c0535d-9f26-46d8-bf91-046d0b15bd6c@group-CC0BC6AD9588-FollowerState
2022-03-03 13:56:48,072 [grpc-default-executor-2] INFO  server.RaftServer$Division (RaftServerImpl.java:requestVote(1078)) - 65d3439d-931f-471d-8772-cb5ffca9deeb@group-CC0BC6AD9588 replies to ELECTION vote request: 5bf7c3ec-7d76-406c-b229-eaa9a4a03e62<-65d3439d-931f-471d-8772-cb5ffca9deeb#0:OK-t1. Peer's state: 65d3439d-931f-471d-8772-cb5ffca9deeb@group-CC0BC6AD9588:t1, leader=null, voted=5bf7c3ec-7d76-406c-b229-eaa9a4a03e62, raftlog=65d3439d-931f-471d-8772-cb5ffca9deeb@group-CC0BC6AD9588-SegmentedRaftLog:OPENED:c-1, conf=-1: [27c0535d-9f26-46d8-bf91-046d0b15bd6c|rpc:127.0.0.1:40065|dataStream:|priority:0, 65d3439d-931f-471d-8772-cb5ffca9deeb|rpc:127.0.0.1:45489|dataStream:|priority:0, 5bf7c3ec-7d76-406c-b229-eaa9a4a03e62|rpc:127.0.0.1:36845|dataStream:|priority:1], old=null
2022-03-03 13:56:48,085 [27c0535d-9f26-46d8-bf91-046d0b15bd6c@group-CC0BC6AD9588-FollowerState] INFO  impl.FollowerState (FollowerState.java:run(143)) - 27c0535d-9f26-46d8-bf91-046d0b15bd6c@group-CC0BC6AD9588-FollowerState was interrupted: {}
java.lang.InterruptedException: sleep interrupted
	at java.lang.Thread.sleep(Native Method)
	at java.lang.Thread.sleep(Thread.java:342)
	at java.util.concurrent.TimeUnit.sleep(TimeUnit.java:386)
	at org.apache.ratis.util.TimeDuration.sleep(TimeDuration.java:324)
	at org.apache.ratis.util.TimeDuration.sleep(TimeDuration.java:309)
	at org.apache.ratis.server.impl.FollowerState.run(FollowerState.java:118)
2022-03-03 13:56:48,088 [grpc-default-executor-5] INFO  server.RaftServer$Division (RaftServerImpl.java:requestVote(1078)) - 27c0535d-9f26-46d8-bf91-046d0b15bd6c@group-CC0BC6AD9588 replies to ELECTION vote request: 5bf7c3ec-7d76-406c-b229-eaa9a4a03e62<-27c0535d-9f26-46d8-bf91-046d0b15bd6c#0:OK-t1. Peer's state: 27c0535d-9f26-46d8-bf91-046d0b15bd6c@group-CC0BC6AD9588:t1, leader=null, voted=5bf7c3ec-7d76-406c-b229-eaa9a4a03e62, raftlog=27c0535d-9f26-46d8-bf91-046d0b15bd6c@group-CC0BC6AD9588-SegmentedRaftLog:OPENED:c-1, conf=-1: [27c0535d-9f26-46d8-bf91-046d0b15bd6c|rpc:127.0.0.1:40065|dataStream:|priority:0, 65d3439d-931f-471d-8772-cb5ffca9deeb|rpc:127.0.0.1:45489|dataStream:|priority:0, 5bf7c3ec-7d76-406c-b229-eaa9a4a03e62|rpc:127.0.0.1:36845|dataStream:|priority:1], old=null
2022-03-03 13:56:48,091 [5bf7c3ec-7d76-406c-b229-eaa9a4a03e62@group-CC0BC6AD9588-LeaderElection23] INFO  impl.LeaderElection (LeaderElection.java:logAndReturn(89)) - 5bf7c3ec-7d76-406c-b229-eaa9a4a03e62@group-CC0BC6AD9588-LeaderElection23: ELECTION PASSED received 1 response(s) and 0 exception(s):
2022-03-03 13:56:48,091 [5bf7c3ec-7d76-406c-b229-eaa9a4a03e62@group-CC0BC6AD9588-LeaderElection23] INFO  impl.LeaderElection (LeaderElection.java:logAndReturn(93)) -   Response 0: 5bf7c3ec-7d76-406c-b229-eaa9a4a03e62<-27c0535d-9f26-46d8-bf91-046d0b15bd6c#0:OK-t1
2022-03-03 13:56:48,091 [5bf7c3ec-7d76-406c-b229-eaa9a4a03e62@group-CC0BC6AD9588-LeaderElection23] INFO  impl.LeaderElection (LeaderElection.java:askForVotes(308)) - 5bf7c3ec-7d76-406c-b229-eaa9a4a03e62@group-CC0BC6AD9588-LeaderElection23 ELECTION round 0: result PASSED
2022-03-03 13:56:48,091 [5bf7c3ec-7d76-406c-b229-eaa9a4a03e62@group-CC0BC6AD9588-LeaderElection23] INFO  impl.RoleInfo (RoleInfo.java:shutdownLeaderElection(121)) - 5bf7c3ec-7d76-406c-b229-eaa9a4a03e62: shutdown 5bf7c3ec-7d76-406c-b229-eaa9a4a03e62@group-CC0BC6AD9588-LeaderElection23
2022-03-03 13:56:48,091 [5bf7c3ec-7d76-406c-b229-eaa9a4a03e62@group-CC0BC6AD9588-LeaderElection23] INFO  server.RaftServer$Division (RaftServerImpl.java:setRole(290)) - 5bf7c3ec-7d76-406c-b229-eaa9a4a03e62@group-CC0BC6AD9588: changes role from CANDIDATE to LEADER at term 1 for changeToLeader
2022-03-03 13:56:48,091 [5bf7c3ec-7d76-406c-b229-eaa9a4a03e62@group-CC0BC6AD9588-LeaderElection23] INFO  ratis.XceiverServerRatis (XceiverServerRatis.java:handleLeaderChangedNotification(867)) - Leader change notification received for group: group-CC0BC6AD9588 with new leaderId: 5bf7c3ec-7d76-406c-b229-eaa9a4a03e62
2022-03-03 13:56:48,092 [5bf7c3ec-7d76-406c-b229-eaa9a4a03e62@group-CC0BC6AD9588-LeaderElection23] INFO  server.RaftServer$Division (ServerState.java:setLeader(285)) - 5bf7c3ec-7d76-406c-b229-eaa9a4a03e62@group-CC0BC6AD9588: change Leader from null to 5bf7c3ec-7d76-406c-b229-eaa9a4a03e62 at term 1 for becomeLeader, leader elected after 5180ms
2022-03-03 13:56:48,092 [5bf7c3ec-7d76-406c-b229-eaa9a4a03e62@group-CC0BC6AD9588-LeaderElection23] INFO  server.RaftServerConfigKeys (ConfUtils.java:logGet(44)) - raft.server.staging.catchup.gap = 1000 (default)
2022-03-03 13:56:48,092 [5bf7c3ec-7d76-406c-b229-eaa9a4a03e62@group-CC0BC6AD9588-LeaderElection23] INFO  server.RaftServerConfigKeys (ConfUtils.java:logGet(44)) - raft.server.write.element-limit = 1024 (custom)
2022-03-03 13:56:48,092 [5bf7c3ec-7d76-406c-b229-eaa9a4a03e62@group-CC0BC6AD9588-LeaderElection23] INFO  server.RaftServerConfigKeys (ConfUtils.java:logGet(44)) - raft.server.write.byte-limit = 1024 M (=1073741824) (custom)
2022-03-03 13:56:48,092 [5bf7c3ec-7d76-406c-b229-eaa9a4a03e62@group-CC0BC6AD9588-LeaderElection23] INFO  server.RaftServerConfigKeys (ConfUtils.java:logGet(44)) - raft.server.watch.timeout = 180s (custom)
2022-03-03 13:56:48,092 [5bf7c3ec-7d76-406c-b229-eaa9a4a03e62@group-CC0BC6AD9588-LeaderElection23] INFO  server.RaftServerConfigKeys (ConfUtils.java:logGet(44)) - raft.server.watch.timeout.denomination = 1s (default)
2022-03-03 13:56:48,092 [5bf7c3ec-7d76-406c-b229-eaa9a4a03e62@group-CC0BC6AD9588-LeaderElection23] INFO  server.RaftServerConfigKeys (ConfUtils.java:logGet(44)) - raft.server.watch.element-limit = 65536 (default)
2022-03-03 13:56:48,092 [5bf7c3ec-7d76-406c-b229-eaa9a4a03e62@group-CC0BC6AD9588-LeaderElection23] INFO  server.RaftServerConfigKeys (ConfUtils.java:logGet(44)) - raft.server.write.element-limit = 1024 (custom)
2022-03-03 13:56:48,092 [5bf7c3ec-7d76-406c-b229-eaa9a4a03e62@group-CC0BC6AD9588-LeaderElection23] INFO  server.RaftServerConfigKeys (ConfUtils.java:logGet(44)) - raft.server.write.follower.gap.ratio.max = -1.0 (default)
2022-03-03 13:56:48,092 [5bf7c3ec-7d76-406c-b229-eaa9a4a03e62@group-CC0BC6AD9588-LeaderElection23] INFO  server.RaftServerConfigKeys (ConfUtils.java:logGet(44)) - raft.server.log.appender.snapshot.chunk.size.max = 16MB (=16777216) (default)
2022-03-03 13:56:48,092 [5bf7c3ec-7d76-406c-b229-eaa9a4a03e62@group-CC0BC6AD9588-LeaderElection23] INFO  server.RaftServerConfigKeys (ConfUtils.java:logGet(44)) - raft.server.log.appender.buffer.byte-limit = 33554432 (custom)
2022-03-03 13:56:48,093 [5bf7c3ec-7d76-406c-b229-eaa9a4a03e62@group-CC0BC6AD9588-LeaderElection23] INFO  server.RaftServerConfigKeys (ConfUtils.java:logGet(44)) - raft.server.log.appender.buffer.element-limit = 1 (custom)
2022-03-03 13:56:48,093 [5bf7c3ec-7d76-406c-b229-eaa9a4a03e62@group-CC0BC6AD9588-LeaderElection23] INFO  grpc.GrpcConfigKeys (ConfUtils.java:logGet(44)) - raft.grpc.server.leader.outstanding.appends.max = 128 (default)
2022-03-03 13:56:48,093 [5bf7c3ec-7d76-406c-b229-eaa9a4a03e62@group-CC0BC6AD9588-LeaderElection23] INFO  server.RaftServerConfigKeys (ConfUtils.java:logGet(44)) - raft.server.rpc.request.timeout = 60s (custom)
2022-03-03 13:56:48,093 [5bf7c3ec-7d76-406c-b229-eaa9a4a03e62@group-CC0BC6AD9588-LeaderElection23] INFO  server.RaftServerConfigKeys (ConfUtils.java:logGet(44)) - raft.server.log.appender.install.snapshot.enabled = false (custom)
2022-03-03 13:56:48,093 [EndpointStateMachine task thread for /127.0.0.1:35581 - 0 ] INFO  ipc.Client (Client.java:handleConnectionFailure(977)) - Retrying connect to server: localhost/127.0.0.1:35581. Already tried 1 time(s); retry policy is RetryUpToMaximumCountWithFixedSleep(maxRetries=15, sleepTime=1000 MILLISECONDS)
2022-03-03 13:56:48,097 [5bf7c3ec-7d76-406c-b229-eaa9a4a03e62@group-CC0BC6AD9588-LeaderElection23] INFO  server.RaftServerConfigKeys (ConfUtils.java:logGet(44)) - raft.server.log.appender.snapshot.chunk.size.max = 16MB (=16777216) (default)
2022-03-03 13:56:48,098 [5bf7c3ec-7d76-406c-b229-eaa9a4a03e62@group-CC0BC6AD9588-LeaderElection23] INFO  server.RaftServerConfigKeys (ConfUtils.java:logGet(44)) - raft.server.log.appender.buffer.byte-limit = 33554432 (custom)
2022-03-03 13:56:48,098 [5bf7c3ec-7d76-406c-b229-eaa9a4a03e62@group-CC0BC6AD9588-LeaderElection23] INFO  server.RaftServerConfigKeys (ConfUtils.java:logGet(44)) - raft.server.log.appender.buffer.element-limit = 1 (custom)
2022-03-03 13:56:48,098 [5bf7c3ec-7d76-406c-b229-eaa9a4a03e62@group-CC0BC6AD9588-LeaderElection23] INFO  grpc.GrpcConfigKeys (ConfUtils.java:logGet(44)) - raft.grpc.server.leader.outstanding.appends.max = 128 (default)
2022-03-03 13:56:48,098 [5bf7c3ec-7d76-406c-b229-eaa9a4a03e62@group-CC0BC6AD9588-LeaderElection23] INFO  server.RaftServerConfigKeys (ConfUtils.java:logGet(44)) - raft.server.rpc.request.timeout = 60s (custom)
2022-03-03 13:56:48,098 [5bf7c3ec-7d76-406c-b229-eaa9a4a03e62@group-CC0BC6AD9588-LeaderElection23] INFO  server.RaftServerConfigKeys (ConfUtils.java:logGet(44)) - raft.server.log.appender.install.snapshot.enabled = false (custom)
2022-03-03 13:56:48,098 [5bf7c3ec-7d76-406c-b229-eaa9a4a03e62@group-CC0BC6AD9588-LeaderElection23] INFO  impl.RoleInfo (RoleInfo.java:updateAndGet(130)) - 5bf7c3ec-7d76-406c-b229-eaa9a4a03e62: start 5bf7c3ec-7d76-406c-b229-eaa9a4a03e62@group-CC0BC6AD9588-LeaderStateImpl
2022-03-03 13:56:48,099 [5bf7c3ec-7d76-406c-b229-eaa9a4a03e62@group-CC0BC6AD9588-LeaderElection23] INFO  segmented.SegmentedRaftLogWorker (SegmentedRaftLogWorker.java:startLogSegment(394)) - 5bf7c3ec-7d76-406c-b229-eaa9a4a03e62@group-CC0BC6AD9588-SegmentedRaftLogWorker: Starting segment from index:0
2022-03-03 13:56:48,102 [EventQueue-PipelineReportForPipelineReportHandler] INFO  pipeline.PipelineManagerImpl (PipelineManagerImpl.java:openPipeline(291)) - Pipeline Pipeline[ Id: dc2f315a-49b8-4c84-98f4-cc0bc6ad9588, Nodes: 5bf7c3ec-7d76-406c-b229-eaa9a4a03e62{ip: 127.0.0.1, host: localhost, ports: [REPLICATION=43795, RATIS=36845, RATIS_ADMIN=36845, RATIS_SERVER=36845, STANDALONE=34031], networkLocation: /default-rack, certSerialId: null, persistedOpState: IN_SERVICE, persistedOpStateExpiryEpochSec: 0}27c0535d-9f26-46d8-bf91-046d0b15bd6c{ip: 127.0.0.1, host: localhost, ports: [REPLICATION=39197, RATIS=40065, RATIS_ADMIN=40065, RATIS_SERVER=40065, STANDALONE=42813], networkLocation: /default-rack, certSerialId: null, persistedOpState: IN_SERVICE, persistedOpStateExpiryEpochSec: 0}65d3439d-931f-471d-8772-cb5ffca9deeb{ip: 127.0.0.1, host: localhost, ports: [REPLICATION=46641, RATIS=45489, RATIS_ADMIN=45489, RATIS_SERVER=45489, STANDALONE=46281], networkLocation: /default-rack, certSerialId: null, persistedOpState: IN_SERVICE, persistedOpStateExpiryEpochSec: 0}, ReplicationConfig: RATIS/THREE, State:ALLOCATED, leaderId:5bf7c3ec-7d76-406c-b229-eaa9a4a03e62, CreationTimestamp2022-03-03T13:56:40.458Z[Etc/UTC]] moved to OPEN state
2022-03-03 13:56:48,102 [EventQueue-OpenPipelineForHealthyPipelineSafeModeRule] INFO  safemode.SCMSafeModeManager (HealthyPipelineSafeModeRule.java:process(124)) - SCM in safe mode. Healthy pipelines reported count is 0, required healthy pipeline reported count is 1
2022-03-03 13:56:48,105 [d391911d-a494-49f8-a9db-8a15da5a0d08@group-9260B08DF491-StateMachineUpdater] INFO  safemode.HealthyPipelineSafeModeRule (HealthyPipelineSafeModeRule.java:initializeRule(152)) - Refreshed total pipeline count is 1, healthy pipeline threshold count is 1
2022-03-03 13:56:48,106 [5bf7c3ec-7d76-406c-b229-eaa9a4a03e62@group-CC0BC6AD9588-SegmentedRaftLogWorker] INFO  segmented.SegmentedRaftLogWorker (SegmentedRaftLogWorker.java:execute(601)) - 5bf7c3ec-7d76-406c-b229-eaa9a4a03e62@group-CC0BC6AD9588-SegmentedRaftLogWorker: created new log segment /home/runner/work/ozone/ozone/hadoop-ozone/integration-test/target/test-dir/MiniOzoneClusterImpl-66b45f8e-1cec-491e-b66c-9260b08df491/datanode-0/data/ratis/dc2f315a-49b8-4c84-98f4-cc0bc6ad9588/current/log_inprogress_0
2022-03-03 13:56:48,122 [EventQueue-OpenPipelineForHealthyPipelineSafeModeRule] INFO  safemode.SCMSafeModeManager (HealthyPipelineSafeModeRule.java:process(124)) - SCM in safe mode. Healthy pipelines reported count is 1, required healthy pipeline reported count is 1
2022-03-03 13:56:48,122 [EventQueue-OpenPipelineForHealthyPipelineSafeModeRule] INFO  safemode.SCMSafeModeManager (SCMSafeModeManager.java:validateSafeModeExitRules(204)) - HealthyPipelineSafeModeRule rule is successfully validated
2022-03-03 13:56:48,122 [EventQueue-OpenPipelineForHealthyPipelineSafeModeRule] INFO  safemode.SCMSafeModeManager (SCMSafeModeManager.java:validateSafeModeExitRules(219)) - ScmSafeModeManager, all rules are successfully validated
2022-03-03 13:56:48,122 [EventQueue-OpenPipelineForHealthyPipelineSafeModeRule] INFO  safemode.SCMSafeModeManager (SCMSafeModeManager.java:exitSafeMode(248)) - SCM exiting safe mode.
2022-03-03 13:56:48,122 [EventQueue-OpenPipelineForHealthyPipelineSafeModeRule] WARN  events.EventQueue (EventQueue.java:fireEvent(194)) - No event handler registered for event TypedEvent{payloadType=SafeModeStatus, name='Safe mode status'}
2022-03-03 13:56:48,122 [EventQueue-OpenPipelineForHealthyPipelineSafeModeRule] INFO  ha.SCMContext (SCMContext.java:updateSafeModeStatus(211)) - Update SafeModeStatus from SafeModeStatus{safeModeStatus=true, preCheckPassed=true} to SafeModeStatus{safeModeStatus=false, preCheckPassed=true}.
2022-03-03 13:56:48,122 [EventQueue-OpenPipelineForHealthyPipelineSafeModeRule] INFO  container.ReplicationManager (ReplicationManager.java:notifyStatusChanged(1807)) - Service ReplicationManager transitions to RUNNING.
2022-03-03 13:56:48,129 [grpc-default-executor-2] INFO  ratis.XceiverServerRatis (XceiverServerRatis.java:handleLeaderChangedNotification(867)) - Leader change notification received for group: group-CC0BC6AD9588 with new leaderId: 5bf7c3ec-7d76-406c-b229-eaa9a4a03e62
2022-03-03 13:56:48,130 [grpc-default-executor-2] INFO  server.RaftServer$Division (ServerState.java:setLeader(285)) - 65d3439d-931f-471d-8772-cb5ffca9deeb@group-CC0BC6AD9588: change Leader from null to 5bf7c3ec-7d76-406c-b229-eaa9a4a03e62 at term 1 for appendEntries, leader elected after 5098ms
2022-03-03 13:56:48,147 [5bf7c3ec-7d76-406c-b229-eaa9a4a03e62@group-CC0BC6AD9588-LeaderElection23] INFO  server.RaftServer$Division (ServerState.java:setRaftConf(387)) - 5bf7c3ec-7d76-406c-b229-eaa9a4a03e62@group-CC0BC6AD9588: set configuration 0: [27c0535d-9f26-46d8-bf91-046d0b15bd6c|rpc:127.0.0.1:40065|dataStream:|priority:0, 65d3439d-931f-471d-8772-cb5ffca9deeb|rpc:127.0.0.1:45489|dataStream:|priority:0, 5bf7c3ec-7d76-406c-b229-eaa9a4a03e62|rpc:127.0.0.1:36845|dataStream:|priority:1], old=null
2022-03-03 13:56:48,148 [grpc-default-executor-1] INFO  ratis.XceiverServerRatis (XceiverServerRatis.java:handleLeaderChangedNotification(867)) - Leader change notification received for group: group-CC0BC6AD9588 with new leaderId: 5bf7c3ec-7d76-406c-b229-eaa9a4a03e62
2022-03-03 13:56:48,148 [grpc-default-executor-1] INFO  server.RaftServer$Division (ServerState.java:setLeader(285)) - 27c0535d-9f26-46d8-bf91-046d0b15bd6c@group-CC0BC6AD9588: change Leader from null to 5bf7c3ec-7d76-406c-b229-eaa9a4a03e62 at term 1 for appendEntries, leader elected after 5198ms
2022-03-03 13:56:48,154 [65d3439d-931f-471d-8772-cb5ffca9deeb@group-D23D9A37BAAB-FollowerState] INFO  impl.FollowerState (FollowerState.java:run(134)) - 65d3439d-931f-471d-8772-cb5ffca9deeb@group-D23D9A37BAAB-FollowerState: change to CANDIDATE, lastRpcElapsedTime:5073256340ns, electionTimeout:5067ms
2022-03-03 13:56:48,154 [65d3439d-931f-471d-8772-cb5ffca9deeb@group-D23D9A37BAAB-FollowerState] INFO  impl.RoleInfo (RoleInfo.java:shutdownFollowerState(108)) - 65d3439d-931f-471d-8772-cb5ffca9deeb: shutdown 65d3439d-931f-471d-8772-cb5ffca9deeb@group-D23D9A37BAAB-FollowerState
2022-03-03 13:56:48,154 [65d3439d-931f-471d-8772-cb5ffca9deeb@group-D23D9A37BAAB-FollowerState] INFO  server.RaftServer$Division (RaftServerImpl.java:setRole(290)) - 65d3439d-931f-471d-8772-cb5ffca9deeb@group-D23D9A37BAAB: changes role from  FOLLOWER to CANDIDATE at term 0 for changeToCandidate
2022-03-03 13:56:48,154 [65d3439d-931f-471d-8772-cb5ffca9deeb@group-D23D9A37BAAB-FollowerState] INFO  server.RaftServerConfigKeys (ConfUtils.java:logGet(44)) - raft.server.leaderelection.pre-vote = false (custom)
2022-03-03 13:56:48,155 [65d3439d-931f-471d-8772-cb5ffca9deeb@group-D23D9A37BAAB-FollowerState] INFO  impl.RoleInfo (RoleInfo.java:updateAndGet(130)) - 65d3439d-931f-471d-8772-cb5ffca9deeb: start 65d3439d-931f-471d-8772-cb5ffca9deeb@group-D23D9A37BAAB-LeaderElection24
2022-03-03 13:56:48,171 [grpc-default-executor-2] INFO  server.RaftServer$Division (ServerState.java:setRaftConf(387)) - 65d3439d-931f-471d-8772-cb5ffca9deeb@group-CC0BC6AD9588: set configuration 0: [27c0535d-9f26-46d8-bf91-046d0b15bd6c|rpc:127.0.0.1:40065|dataStream:|priority:0, 65d3439d-931f-471d-8772-cb5ffca9deeb|rpc:127.0.0.1:45489|dataStream:|priority:0, 5bf7c3ec-7d76-406c-b229-eaa9a4a03e62|rpc:127.0.0.1:36845|dataStream:|priority:1], old=null
2022-03-03 13:56:48,172 [grpc-default-executor-2] INFO  segmented.SegmentedRaftLogWorker (SegmentedRaftLogWorker.java:startLogSegment(394)) - 65d3439d-931f-471d-8772-cb5ffca9deeb@group-CC0BC6AD9588-SegmentedRaftLogWorker: Starting segment from index:0
2022-03-03 13:56:48,175 [grpc-default-executor-1] INFO  server.RaftServer$Division (ServerState.java:setRaftConf(387)) - 27c0535d-9f26-46d8-bf91-046d0b15bd6c@group-CC0BC6AD9588: set configuration 0: [27c0535d-9f26-46d8-bf91-046d0b15bd6c|rpc:127.0.0.1:40065|dataStream:|priority:0, 65d3439d-931f-471d-8772-cb5ffca9deeb|rpc:127.0.0.1:45489|dataStream:|priority:0, 5bf7c3ec-7d76-406c-b229-eaa9a4a03e62|rpc:127.0.0.1:36845|dataStream:|priority:1], old=null
2022-03-03 13:56:48,175 [grpc-default-executor-1] INFO  segmented.SegmentedRaftLogWorker (SegmentedRaftLogWorker.java:startLogSegment(394)) - 27c0535d-9f26-46d8-bf91-046d0b15bd6c@group-CC0BC6AD9588-SegmentedRaftLogWorker: Starting segment from index:0
2022-03-03 13:56:48,175 [65d3439d-931f-471d-8772-cb5ffca9deeb@group-D23D9A37BAAB-LeaderElection24] INFO  impl.LeaderElection (LeaderElection.java:askForVotes(306)) - 65d3439d-931f-471d-8772-cb5ffca9deeb@group-D23D9A37BAAB-LeaderElection24 ELECTION round 0: submit vote requests at term 1 for -1: [65d3439d-931f-471d-8772-cb5ffca9deeb|rpc:127.0.0.1:45489|priority:1], old=null
2022-03-03 13:56:48,175 [65d3439d-931f-471d-8772-cb5ffca9deeb@group-D23D9A37BAAB-LeaderElection24] INFO  impl.LeaderElection (LeaderElection.java:askForVotes(308)) - 65d3439d-931f-471d-8772-cb5ffca9deeb@group-D23D9A37BAAB-LeaderElection24 ELECTION round 0: result PASSED (term=1)
2022-03-03 13:56:48,175 [65d3439d-931f-471d-8772-cb5ffca9deeb@group-D23D9A37BAAB-LeaderElection24] INFO  impl.RoleInfo (RoleInfo.java:shutdownLeaderElection(121)) - 65d3439d-931f-471d-8772-cb5ffca9deeb: shutdown 65d3439d-931f-471d-8772-cb5ffca9deeb@group-D23D9A37BAAB-LeaderElection24
2022-03-03 13:56:48,175 [65d3439d-931f-471d-8772-cb5ffca9deeb@group-D23D9A37BAAB-LeaderElection24] INFO  server.RaftServer$Division (RaftServerImpl.java:setRole(290)) - 65d3439d-931f-471d-8772-cb5ffca9deeb@group-D23D9A37BAAB: changes role from CANDIDATE to LEADER at term 1 for changeToLeader
2022-03-03 13:56:48,176 [65d3439d-931f-471d-8772-cb5ffca9deeb@group-D23D9A37BAAB-LeaderElection24] INFO  ratis.XceiverServerRatis (XceiverServerRatis.java:handleLeaderChangedNotification(867)) - Leader change notification received for group: group-D23D9A37BAAB with new leaderId: 65d3439d-931f-471d-8772-cb5ffca9deeb
2022-03-03 13:56:48,176 [65d3439d-931f-471d-8772-cb5ffca9deeb@group-D23D9A37BAAB-LeaderElection24] INFO  server.RaftServer$Division (ServerState.java:setLeader(285)) - 65d3439d-931f-471d-8772-cb5ffca9deeb@group-D23D9A37BAAB: change Leader from null to 65d3439d-931f-471d-8772-cb5ffca9deeb at term 1 for becomeLeader, leader elected after 5124ms
2022-03-03 13:56:48,176 [65d3439d-931f-471d-8772-cb5ffca9deeb@group-D23D9A37BAAB-LeaderElection24] INFO  server.RaftServerConfigKeys (ConfUtils.java:logGet(44)) - raft.server.staging.catchup.gap = 1000 (default)
2022-03-03 13:56:48,178 [65d3439d-931f-471d-8772-cb5ffca9deeb@group-CC0BC6AD9588-SegmentedRaftLogWorker] INFO  segmented.SegmentedRaftLogWorker (SegmentedRaftLogWorker.java:execute(601)) - 65d3439d-931f-471d-8772-cb5ffca9deeb@group-CC0BC6AD9588-SegmentedRaftLogWorker: created new log segment /home/runner/work/ozone/ozone/hadoop-ozone/integration-test/target/test-dir/MiniOzoneClusterImpl-66b45f8e-1cec-491e-b66c-9260b08df491/datanode-1/data/ratis/dc2f315a-49b8-4c84-98f4-cc0bc6ad9588/current/log_inprogress_0
2022-03-03 13:56:48,179 [27c0535d-9f26-46d8-bf91-046d0b15bd6c@group-CC0BC6AD9588-SegmentedRaftLogWorker] INFO  segmented.SegmentedRaftLogWorker (SegmentedRaftLogWorker.java:execute(601)) - 27c0535d-9f26-46d8-bf91-046d0b15bd6c@group-CC0BC6AD9588-SegmentedRaftLogWorker: created new log segment /home/runner/work/ozone/ozone/hadoop-ozone/integration-test/target/test-dir/MiniOzoneClusterImpl-66b45f8e-1cec-491e-b66c-9260b08df491/datanode-2/data/ratis/dc2f315a-49b8-4c84-98f4-cc0bc6ad9588/current/log_inprogress_0
2022-03-03 13:56:48,190 [65d3439d-931f-471d-8772-cb5ffca9deeb@group-D23D9A37BAAB-LeaderElection24] INFO  server.RaftServerConfigKeys (ConfUtils.java:logGet(44)) - raft.server.write.element-limit = 1024 (custom)
2022-03-03 13:56:48,190 [65d3439d-931f-471d-8772-cb5ffca9deeb@group-D23D9A37BAAB-LeaderElection24] INFO  server.RaftServerConfigKeys (ConfUtils.java:logGet(44)) - raft.server.write.byte-limit = 1024 M (=1073741824) (custom)
2022-03-03 13:56:48,190 [65d3439d-931f-471d-8772-cb5ffca9deeb@group-D23D9A37BAAB-LeaderElection24] INFO  server.RaftServerConfigKeys (ConfUtils.java:logGet(44)) - raft.server.watch.timeout = 180s (custom)
2022-03-03 13:56:48,190 [65d3439d-931f-471d-8772-cb5ffca9deeb@group-D23D9A37BAAB-LeaderElection24] INFO  server.RaftServerConfigKeys (ConfUtils.java:logGet(44)) - raft.server.watch.timeout.denomination = 1s (default)
2022-03-03 13:56:48,190 [65d3439d-931f-471d-8772-cb5ffca9deeb@group-D23D9A37BAAB-LeaderElection24] INFO  server.RaftServerConfigKeys (ConfUtils.java:logGet(44)) - raft.server.watch.element-limit = 65536 (default)
2022-03-03 13:56:48,191 [65d3439d-931f-471d-8772-cb5ffca9deeb@group-D23D9A37BAAB-LeaderElection24] INFO  server.RaftServerConfigKeys (ConfUtils.java:logGet(44)) - raft.server.write.element-limit = 1024 (custom)
2022-03-03 13:56:48,191 [65d3439d-931f-471d-8772-cb5ffca9deeb@group-D23D9A37BAAB-LeaderElection24] INFO  server.RaftServerConfigKeys (ConfUtils.java:logGet(44)) - raft.server.write.follower.gap.ratio.max = -1.0 (default)
2022-03-03 13:56:48,191 [65d3439d-931f-471d-8772-cb5ffca9deeb@group-D23D9A37BAAB-LeaderElection24] INFO  impl.RoleInfo (RoleInfo.java:updateAndGet(130)) - 65d3439d-931f-471d-8772-cb5ffca9deeb: start 65d3439d-931f-471d-8772-cb5ffca9deeb@group-D23D9A37BAAB-LeaderStateImpl
2022-03-03 13:56:48,191 [65d3439d-931f-471d-8772-cb5ffca9deeb@group-D23D9A37BAAB-LeaderElection24] INFO  segmented.SegmentedRaftLogWorker (SegmentedRaftLogWorker.java:startLogSegment(394)) - 65d3439d-931f-471d-8772-cb5ffca9deeb@group-D23D9A37BAAB-SegmentedRaftLogWorker: Starting segment from index:0
2022-03-03 13:56:48,193 [65d3439d-931f-471d-8772-cb5ffca9deeb@group-D23D9A37BAAB-SegmentedRaftLogWorker] INFO  segmented.SegmentedRaftLogWorker (SegmentedRaftLogWorker.java:execute(601)) - 65d3439d-931f-471d-8772-cb5ffca9deeb@group-D23D9A37BAAB-SegmentedRaftLogWorker: created new log segment /home/runner/work/ozone/ozone/hadoop-ozone/integration-test/target/test-dir/MiniOzoneClusterImpl-66b45f8e-1cec-491e-b66c-9260b08df491/datanode-1/data/ratis/fe2cbdfc-26c6-41a5-b064-d23d9a37baab/current/log_inprogress_0
2022-03-03 13:56:48,199 [65d3439d-931f-471d-8772-cb5ffca9deeb@group-D23D9A37BAAB-LeaderElection24] INFO  server.RaftServer$Division (ServerState.java:setRaftConf(387)) - 65d3439d-931f-471d-8772-cb5ffca9deeb@group-D23D9A37BAAB: set configuration 0: [65d3439d-931f-471d-8772-cb5ffca9deeb|rpc:127.0.0.1:45489|dataStream:|priority:1], old=null
2022-03-03 13:56:48,414 [Listener at 127.0.0.1/42531] INFO  ozone.MiniOzoneClusterImpl (MiniOzoneClusterImpl.java:lambda$waitForClusterToBeReady$0(219)) - Nodes are ready. Got 3 of 3 DN Heartbeats.
2022-03-03 13:56:48,414 [Listener at 127.0.0.1/42531] INFO  ozone.MiniOzoneClusterImpl (MiniOzoneClusterImpl.java:lambda$waitForClusterToBeReady$0(222)) - Cluster exits safe mode
2022-03-03 13:56:48,414 [Listener at 127.0.0.1/42531] INFO  ozone.MiniOzoneClusterImpl (MiniOzoneClusterImpl.java:lambda$waitForClusterToBeReady$0(224)) - SCM became leader
2022-03-03 13:56:48,415 [Listener at 127.0.0.1/42531] INFO  rpc.RpcClient (RpcClient.java:createVolume(399)) - Creating Volume: volume46303, with runner as owner and space quota set to -1 bytes, counts quota set to -1
2022-03-03 13:56:48,501 [OM StateMachine ApplyTransaction Thread - 0] INFO  volume.OMVolumeCreateRequest (OMVolumeCreateRequest.java:validateAndUpdateCache(195)) - created volume:volume46303 for user:runner
2022-03-03 13:56:48,530 [27c0535d-9f26-46d8-bf91-046d0b15bd6c@group-7D1E74CD45BF-FollowerState] INFO  impl.FollowerState (FollowerState.java:run(134)) - 27c0535d-9f26-46d8-bf91-046d0b15bd6c@group-7D1E74CD45BF-FollowerState: change to CANDIDATE, lastRpcElapsedTime:5052716895ns, electionTimeout:5046ms
2022-03-03 13:56:48,530 [27c0535d-9f26-46d8-bf91-046d0b15bd6c@group-7D1E74CD45BF-FollowerState] INFO  impl.RoleInfo (RoleInfo.java:shutdownFollowerState(108)) - 27c0535d-9f26-46d8-bf91-046d0b15bd6c: shutdown 27c0535d-9f26-46d8-bf91-046d0b15bd6c@group-7D1E74CD45BF-FollowerState
2022-03-03 13:56:48,530 [27c0535d-9f26-46d8-bf91-046d0b15bd6c@group-7D1E74CD45BF-FollowerState] INFO  server.RaftServer$Division (RaftServerImpl.java:setRole(290)) - 27c0535d-9f26-46d8-bf91-046d0b15bd6c@group-7D1E74CD45BF: changes role from  FOLLOWER to CANDIDATE at term 0 for changeToCandidate
2022-03-03 13:56:48,531 [27c0535d-9f26-46d8-bf91-046d0b15bd6c@group-7D1E74CD45BF-FollowerState] INFO  server.RaftServerConfigKeys (ConfUtils.java:logGet(44)) - raft.server.leaderelection.pre-vote = false (custom)
2022-03-03 13:56:48,531 [27c0535d-9f26-46d8-bf91-046d0b15bd6c@group-7D1E74CD45BF-FollowerState] INFO  impl.RoleInfo (RoleInfo.java:updateAndGet(130)) - 27c0535d-9f26-46d8-bf91-046d0b15bd6c: start 27c0535d-9f26-46d8-bf91-046d0b15bd6c@group-7D1E74CD45BF-LeaderElection25
2022-03-03 13:56:48,557 [Listener at 127.0.0.1/42531] INFO  rpc.RpcClient (RpcClient.java:createBucket(562)) - Creating Bucket: volume46303/bucket82107, with runner as owner and Versioning false and Storage Type set to DISK and Encryption set to false 
2022-03-03 13:56:48,558 [27c0535d-9f26-46d8-bf91-046d0b15bd6c@group-7D1E74CD45BF-LeaderElection25] INFO  impl.LeaderElection (LeaderElection.java:askForVotes(306)) - 27c0535d-9f26-46d8-bf91-046d0b15bd6c@group-7D1E74CD45BF-LeaderElection25 ELECTION round 0: submit vote requests at term 1 for -1: [27c0535d-9f26-46d8-bf91-046d0b15bd6c|rpc:127.0.0.1:40065|priority:1], old=null
2022-03-03 13:56:48,558 [27c0535d-9f26-46d8-bf91-046d0b15bd6c@group-7D1E74CD45BF-LeaderElection25] INFO  impl.LeaderElection (LeaderElection.java:askForVotes(308)) - 27c0535d-9f26-46d8-bf91-046d0b15bd6c@group-7D1E74CD45BF-LeaderElection25 ELECTION round 0: result PASSED (term=1)
2022-03-03 13:56:48,558 [27c0535d-9f26-46d8-bf91-046d0b15bd6c@group-7D1E74CD45BF-LeaderElection25] INFO  impl.RoleInfo (RoleInfo.java:shutdownLeaderElection(121)) - 27c0535d-9f26-46d8-bf91-046d0b15bd6c: shutdown 27c0535d-9f26-46d8-bf91-046d0b15bd6c@group-7D1E74CD45BF-LeaderElection25
2022-03-03 13:56:48,558 [27c0535d-9f26-46d8-bf91-046d0b15bd6c@group-7D1E74CD45BF-LeaderElection25] INFO  server.RaftServer$Division (RaftServerImpl.java:setRole(290)) - 27c0535d-9f26-46d8-bf91-046d0b15bd6c@group-7D1E74CD45BF: changes role from CANDIDATE to LEADER at term 1 for changeToLeader
2022-03-03 13:56:48,558 [27c0535d-9f26-46d8-bf91-046d0b15bd6c@group-7D1E74CD45BF-LeaderElection25] INFO  ratis.XceiverServerRatis (XceiverServerRatis.java:handleLeaderChangedNotification(867)) - Leader change notification received for group: group-7D1E74CD45BF with new leaderId: 27c0535d-9f26-46d8-bf91-046d0b15bd6c
2022-03-03 13:56:48,558 [27c0535d-9f26-46d8-bf91-046d0b15bd6c@group-7D1E74CD45BF-LeaderElection25] INFO  server.RaftServer$Division (ServerState.java:setLeader(285)) - 27c0535d-9f26-46d8-bf91-046d0b15bd6c@group-7D1E74CD45BF: change Leader from null to 27c0535d-9f26-46d8-bf91-046d0b15bd6c at term 1 for becomeLeader, leader elected after 5118ms
2022-03-03 13:56:48,558 [27c0535d-9f26-46d8-bf91-046d0b15bd6c@group-7D1E74CD45BF-LeaderElection25] INFO  server.RaftServerConfigKeys (ConfUtils.java:logGet(44)) - raft.server.staging.catchup.gap = 1000 (default)
2022-03-03 13:56:48,558 [27c0535d-9f26-46d8-bf91-046d0b15bd6c@group-7D1E74CD45BF-LeaderElection25] INFO  server.RaftServerConfigKeys (ConfUtils.java:logGet(44)) - raft.server.write.element-limit = 1024 (custom)
2022-03-03 13:56:48,559 [27c0535d-9f26-46d8-bf91-046d0b15bd6c@group-7D1E74CD45BF-LeaderElection25] INFO  server.RaftServerConfigKeys (ConfUtils.java:logGet(44)) - raft.server.write.byte-limit = 1024 M (=1073741824) (custom)
2022-03-03 13:56:48,559 [27c0535d-9f26-46d8-bf91-046d0b15bd6c@group-7D1E74CD45BF-LeaderElection25] INFO  server.RaftServerConfigKeys (ConfUtils.java:logGet(44)) - raft.server.watch.timeout = 180s (custom)
2022-03-03 13:56:48,562 [27c0535d-9f26-46d8-bf91-046d0b15bd6c@group-7D1E74CD45BF-LeaderElection25] INFO  server.RaftServerConfigKeys (ConfUtils.java:logGet(44)) - raft.server.watch.timeout.denomination = 1s (default)
2022-03-03 13:56:48,562 [27c0535d-9f26-46d8-bf91-046d0b15bd6c@group-7D1E74CD45BF-LeaderElection25] INFO  server.RaftServerConfigKeys (ConfUtils.java:logGet(44)) - raft.server.watch.element-limit = 65536 (default)
2022-03-03 13:56:48,562 [27c0535d-9f26-46d8-bf91-046d0b15bd6c@group-7D1E74CD45BF-LeaderElection25] INFO  server.RaftServerConfigKeys (ConfUtils.java:logGet(44)) - raft.server.write.element-limit = 1024 (custom)
2022-03-03 13:56:48,562 [27c0535d-9f26-46d8-bf91-046d0b15bd6c@group-7D1E74CD45BF-LeaderElection25] INFO  server.RaftServerConfigKeys (ConfUtils.java:logGet(44)) - raft.server.write.follower.gap.ratio.max = -1.0 (default)
2022-03-03 13:56:48,562 [27c0535d-9f26-46d8-bf91-046d0b15bd6c@group-7D1E74CD45BF-LeaderElection25] INFO  impl.RoleInfo (RoleInfo.java:updateAndGet(130)) - 27c0535d-9f26-46d8-bf91-046d0b15bd6c: start 27c0535d-9f26-46d8-bf91-046d0b15bd6c@group-7D1E74CD45BF-LeaderStateImpl
2022-03-03 13:56:48,562 [27c0535d-9f26-46d8-bf91-046d0b15bd6c@group-7D1E74CD45BF-LeaderElection25] INFO  segmented.SegmentedRaftLogWorker (SegmentedRaftLogWorker.java:startLogSegment(394)) - 27c0535d-9f26-46d8-bf91-046d0b15bd6c@group-7D1E74CD45BF-SegmentedRaftLogWorker: Starting segment from index:0
2022-03-03 13:56:48,564 [27c0535d-9f26-46d8-bf91-046d0b15bd6c@group-7D1E74CD45BF-LeaderElection25] INFO  server.RaftServer$Division (ServerState.java:setRaftConf(387)) - 27c0535d-9f26-46d8-bf91-046d0b15bd6c@group-7D1E74CD45BF: set configuration 0: [27c0535d-9f26-46d8-bf91-046d0b15bd6c|rpc:127.0.0.1:40065|dataStream:|priority:1], old=null
2022-03-03 13:56:48,564 [27c0535d-9f26-46d8-bf91-046d0b15bd6c@group-7D1E74CD45BF-SegmentedRaftLogWorker] INFO  segmented.SegmentedRaftLogWorker (SegmentedRaftLogWorker.java:execute(601)) - 27c0535d-9f26-46d8-bf91-046d0b15bd6c@group-7D1E74CD45BF-SegmentedRaftLogWorker: created new log segment /home/runner/work/ozone/ozone/hadoop-ozone/integration-test/target/test-dir/MiniOzoneClusterImpl-66b45f8e-1cec-491e-b66c-9260b08df491/datanode-2/data/ratis/6a6e2fd8-22ed-4e8a-9cda-7d1e74cd45bf/current/log_inprogress_0
2022-03-03 13:56:48,615 [IPC Server handler 94 on default port 36825] INFO  ha.SequenceIdGenerator (SequenceIdGenerator.java:getNextId(127)) - Allocate a batch for containerId, change lastId from 0 to 1000.
2022-03-03 13:56:48,623 [d391911d-a494-49f8-a9db-8a15da5a0d08@group-9260B08DF491-StateMachineUpdater] WARN  ha.SequenceIdGenerator (SequenceIdGenerator.java:allocateBatch(235)) - Failed to allocate a batch for localId, expected lastId is 0, actual lastId is 109611004723200000.
2022-03-03 13:56:48,625 [IPC Server handler 94 on default port 36825] INFO  ha.SequenceIdGenerator (SequenceIdGenerator.java:getNextId(127)) - Allocate a batch for localId, change lastId from 109611004723200000 to 109611004723201000.
2022-03-03 13:56:48,789 [Listener at 127.0.0.1/42531] INFO  ha.OMHANodeDetails (OMHANodeDetails.java:loadOMHAConfig(118)) - ServiceID for OzoneManager is om-add-remove
2022-03-03 13:56:48,790 [Listener at 127.0.0.1/42531] INFO  ha.OMHANodeDetails (OMHANodeDetails.java:loadOMHAConfig(193)) - Found matching OM address with OMServiceId: om-add-remove, OMNodeId: omNode-bootstrap-1, RPC Address: localhost:45247 and Ratis port: 34487
2022-03-03 13:56:48,790 [Listener at 127.0.0.1/42531] INFO  ha.OMHANodeDetails (ConfUtils.java:setNodeSpecificConfigs(108)) - Setting configuration key ozone.om.http-address with value of key ozone.om.http-address.om-add-remove.omNode-bootstrap-1: 127.0.0.1:45845
2022-03-03 13:56:48,790 [Listener at 127.0.0.1/42531] INFO  ha.OMHANodeDetails (ConfUtils.java:setNodeSpecificConfigs(108)) - Setting configuration key ozone.om.https-address with value of key ozone.om.https-address.om-add-remove.omNode-bootstrap-1: 127.0.0.1:44649
2022-03-03 13:56:48,790 [Listener at 127.0.0.1/42531] INFO  ha.OMHANodeDetails (ConfUtils.java:setNodeSpecificConfigs(108)) - Setting configuration key ozone.om.address with value of key ozone.om.address.om-add-remove.omNode-bootstrap-1: 127.0.0.1:45247
2022-03-03 13:56:48,790 [Listener at 127.0.0.1/42531] WARN  server.ServerUtils (ServerUtils.java:getDBPath(225)) - ozone.om.db.dirs is not configured. We recommend adding this setting. Falling back to ozone.metadata.dirs instead.
2022-03-03 13:56:48,791 [Listener at 127.0.0.1/42531] INFO  ha.SCMNodeInfo (SCMNodeInfo.java:getPort(197)) - ConfigKey ozone.scm.client.address is deprecated, For configuring different ports for each SCM use PortConfigKey ozone.scm.client.port appended with serviceId and nodeId
2022-03-03 13:56:48,791 [Listener at 127.0.0.1/42531] INFO  ha.SCMNodeInfo (SCMNodeInfo.java:getPort(197)) - ConfigKey ozone.scm.block.client.address is deprecated, For configuring different ports for each SCM use PortConfigKey ozone.scm.block.client.port appended with serviceId and nodeId
2022-03-03 13:56:48,791 [Listener at 127.0.0.1/42531] INFO  ha.SCMNodeInfo (SCMNodeInfo.java:getPort(197)) - ConfigKey ozone.scm.datanode.address is deprecated, For configuring different ports for each SCM use PortConfigKey ozone.scm.datanode.port appended with serviceId and nodeId
OM initialization succeeded.Current cluster id for sd=/home/runner/work/ozone/ozone/hadoop-ozone/integration-test/target/test-dir/MiniOzoneClusterImpl-66b45f8e-1cec-491e-b66c-9260b08df491/omNode-bootstrap-1/om;cid=66b45f8e-1cec-491e-b66c-9260b08df491;layoutVersion=0
2022-03-03 13:56:48,826 [Listener at 127.0.0.1/42531] INFO  ha.OMHANodeDetails (OMHANodeDetails.java:loadOMHAConfig(118)) - ServiceID for OzoneManager is om-add-remove
2022-03-03 13:56:48,827 [Listener at 127.0.0.1/42531] INFO  ha.OMHANodeDetails (OMHANodeDetails.java:loadOMHAConfig(193)) - Found matching OM address with OMServiceId: om-add-remove, OMNodeId: omNode-bootstrap-1, RPC Address: localhost:45247 and Ratis port: 34487
2022-03-03 13:56:48,827 [Listener at 127.0.0.1/42531] INFO  ha.OMHANodeDetails (ConfUtils.java:setNodeSpecificConfigs(108)) - Setting configuration key ozone.om.http-address with value of key ozone.om.http-address.om-add-remove.omNode-bootstrap-1: 127.0.0.1:45845
2022-03-03 13:56:48,827 [Listener at 127.0.0.1/42531] INFO  ha.OMHANodeDetails (ConfUtils.java:setNodeSpecificConfigs(108)) - Setting configuration key ozone.om.https-address with value of key ozone.om.https-address.om-add-remove.omNode-bootstrap-1: 127.0.0.1:44649
2022-03-03 13:56:48,827 [Listener at 127.0.0.1/42531] INFO  ha.OMHANodeDetails (ConfUtils.java:setNodeSpecificConfigs(108)) - Setting configuration key ozone.om.address with value of key ozone.om.address.om-add-remove.omNode-bootstrap-1: 127.0.0.1:45247
2022-03-03 13:56:48,827 [Listener at 127.0.0.1/42531] WARN  server.ServerUtils (ServerUtils.java:getDBPath(225)) - ozone.om.db.dirs is not configured. We recommend adding this setting. Falling back to ozone.metadata.dirs instead.
2022-03-03 13:56:48,827 [Listener at 127.0.0.1/42531] INFO  upgrade.AbstractLayoutVersionManager (AbstractLayoutVersionManager.java:init(79)) - Initializing Layout version manager with metadata layout = INITIAL_VERSION (version = 0), software layout = INITIAL_VERSION (version = 0)
2022-03-03 13:56:48,928 [Listener at 127.0.0.1/42531] INFO  reflections.Reflections (Reflections.java:scan(232)) - Reflections took 100 ms to scan 2 urls, producing 134 keys and 349 values [using 2 cores]
2022-03-03 13:56:48,929 [Listener at 127.0.0.1/42531] INFO  upgrade.OMLayoutVersionManager (OMLayoutVersionManager.java:lambda$0(115)) - Skipping Upgrade Action MockOmUpgradeAction since it has been finalized.
2022-03-03 13:56:48,929 [Listener at 127.0.0.1/42531] WARN  server.ServerUtils (ServerUtils.java:getDBPath(225)) - ozone.om.db.dirs is not configured. We recommend adding this setting. Falling back to ozone.metadata.dirs instead.
2022-03-03 13:56:48,929 [Listener at 127.0.0.1/42531] INFO  ha.SCMNodeInfo (SCMNodeInfo.java:getPort(197)) - ConfigKey ozone.scm.client.address is deprecated, For configuring different ports for each SCM use PortConfigKey ozone.scm.client.port appended with serviceId and nodeId
2022-03-03 13:56:48,929 [Listener at 127.0.0.1/42531] INFO  ha.SCMNodeInfo (SCMNodeInfo.java:getPort(197)) - ConfigKey ozone.scm.block.client.address is deprecated, For configuring different ports for each SCM use PortConfigKey ozone.scm.block.client.port appended with serviceId and nodeId
2022-03-03 13:56:48,929 [Listener at 127.0.0.1/42531] INFO  ha.SCMNodeInfo (SCMNodeInfo.java:getPort(197)) - ConfigKey ozone.scm.datanode.address is deprecated, For configuring different ports for each SCM use PortConfigKey ozone.scm.datanode.port appended with serviceId and nodeId
2022-03-03 13:56:48,930 [Listener at 127.0.0.1/42531] INFO  ha.SCMNodeInfo (SCMNodeInfo.java:getPort(197)) - ConfigKey ozone.scm.client.address is deprecated, For configuring different ports for each SCM use PortConfigKey ozone.scm.client.port appended with serviceId and nodeId
2022-03-03 13:56:48,930 [Listener at 127.0.0.1/42531] INFO  ha.SCMNodeInfo (SCMNodeInfo.java:getPort(197)) - ConfigKey ozone.scm.block.client.address is deprecated, For configuring different ports for each SCM use PortConfigKey ozone.scm.block.client.port appended with serviceId and nodeId
2022-03-03 13:56:48,930 [Listener at 127.0.0.1/42531] INFO  ha.SCMNodeInfo (SCMNodeInfo.java:getPort(197)) - ConfigKey ozone.scm.datanode.address is deprecated, For configuring different ports for each SCM use PortConfigKey ozone.scm.datanode.port appended with serviceId and nodeId
2022-03-03 13:56:48,930 [Listener at 127.0.0.1/42531] INFO  ha.SCMNodeInfo (SCMNodeInfo.java:getPort(197)) - ConfigKey ozone.scm.client.address is deprecated, For configuring different ports for each SCM use PortConfigKey ozone.scm.client.port appended with serviceId and nodeId
2022-03-03 13:56:48,934 [Listener at 127.0.0.1/42531] INFO  ha.SCMNodeInfo (SCMNodeInfo.java:getPort(197)) - ConfigKey ozone.scm.block.client.address is deprecated, For configuring different ports for each SCM use PortConfigKey ozone.scm.block.client.port appended with serviceId and nodeId
2022-03-03 13:56:48,934 [Listener at 127.0.0.1/42531] INFO  ha.SCMNodeInfo (SCMNodeInfo.java:getPort(197)) - ConfigKey ozone.scm.datanode.address is deprecated, For configuring different ports for each SCM use PortConfigKey ozone.scm.datanode.port appended with serviceId and nodeId
2022-03-03 13:56:48,962 [Listener at 127.0.0.1/42531] WARN  server.ServerUtils (ServerUtils.java:getDBPath(225)) - ozone.om.db.dirs is not configured. We recommend adding this setting. Falling back to ozone.metadata.dirs instead.
2022-03-03 13:56:48,962 [Listener at 127.0.0.1/42531] INFO  codec.OmKeyInfoCodec (OmKeyInfoCodec.java:<init>(50)) - OmKeyInfoCodec ignorePipeline = true
2022-03-03 13:56:48,962 [Listener at 127.0.0.1/42531] INFO  codec.RepeatedOmKeyInfoCodec (RepeatedOmKeyInfoCodec.java:<init>(42)) - RepeatedOmKeyInfoCodec ignorePipeline = true
2022-03-03 13:56:49,097 [EndpointStateMachine task thread for /127.0.0.1:35581 - 0 ] INFO  ipc.Client (Client.java:handleConnectionFailure(977)) - Retrying connect to server: localhost/127.0.0.1:35581. Already tried 2 time(s); retry policy is RetryUpToMaximumCountWithFixedSleep(maxRetries=15, sleepTime=1000 MILLISECONDS)
2022-03-03 13:56:49,192 [Listener at 127.0.0.1/42531] INFO  om.OzoneManager (OzoneManager.java:addS3GVolumeToDB(3733)) - Created Volume s3v With Owner runner required for S3Gateway operations.
2022-03-03 13:56:49,192 [Listener at 127.0.0.1/42531] WARN  server.ServerUtils (ServerUtils.java:getDefaultRatisDirectory(237)) - Storage directory for Ratis is not configured. It is a good idea to map this to an SSD disk. Falling back to ozone.metadata.dirs
2022-03-03 13:56:49,193 [Listener at 127.0.0.1/42531] WARN  utils.OzoneManagerRatisUtils (OzoneManagerRatisUtils.java:getOMRatisSnapshotDirectory(330)) - ozone.om.ratis.snapshot.dir is not configured. Falling back to ozone.metadata.dirs config
2022-03-03 13:56:49,193 [Listener at 127.0.0.1/42531] INFO  snapshot.OzoneManagerSnapshotProvider (OzoneManagerSnapshotProvider.java:<init>(76)) - Initializing OM Snapshot Provider
2022-03-03 13:56:49,195 [Listener at 127.0.0.1/42531] WARN  impl.MetricRegistriesImpl (MetricRegistriesImpl.java:addReporterRegistration(111)) - New reporters are added after registries were created. Some metrics will be missing from the reporter. Please add reporter before adding any new registry.
2022-03-03 13:56:49,195 [Listener at 127.0.0.1/42531] WARN  impl.MetricRegistriesImpl (MetricRegistriesImpl.java:addReporterRegistration(111)) - New reporters are added after registries were created. Some metrics will be missing from the reporter. Please add reporter before adding any new registry.
2022-03-03 13:56:49,195 [Listener at 127.0.0.1/42531] WARN  server.ServerUtils (ServerUtils.java:getDefaultRatisDirectory(237)) - Storage directory for Ratis is not configured. It is a good idea to map this to an SSD disk. Falling back to ozone.metadata.dirs
2022-03-03 13:56:49,197 [Listener at 127.0.0.1/42531] INFO  ratis.OzoneManagerRatisServer (OzoneManagerRatisServer.java:<init>(152)) - OM started in Bootstrap mode. Instantiating OM Ratis server with groupID: om-add-remove
2022-03-03 13:56:49,197 [Listener at 127.0.0.1/42531] INFO  ratis.OzoneManagerStateMachine (OzoneManagerStateMachine.java:loadSnapshotInfoFromDB(605)) - LastAppliedIndex is set from TransactionInfo from OM DB as (t:0, i:~)
2022-03-03 13:56:49,207 [Listener at 127.0.0.1/42531] INFO  server.RaftServer (ConfUtils.java:logGet(44)) - raft.rpc.type = GRPC (default)
2022-03-03 13:56:49,207 [Listener at 127.0.0.1/42531] INFO  grpc.GrpcFactory (GrpcFactory.java:checkPooledByteBufAllocatorUseCacheForAllThreads(48)) - PERFORMANCE WARNING: useCacheForAllThreads is true that may cause Netty to create a lot garbage objects and, as a result, trigger GC.
	It is recommended to disable useCacheForAllThreads by setting -Dorg.apache.ratis.thirdparty.io.netty.allocator.useCacheForAllThreads=false in command line.
2022-03-03 13:56:49,207 [Listener at 127.0.0.1/42531] INFO  grpc.GrpcConfigKeys (ConfUtils.java:logGet(44)) - raft.grpc.admin.port = -1 (default)
2022-03-03 13:56:49,207 [Listener at 127.0.0.1/42531] INFO  grpc.GrpcConfigKeys (ConfUtils.java:logGet(44)) - raft.grpc.server.port = 34487 (custom)
2022-03-03 13:56:49,207 [Listener at 127.0.0.1/42531] INFO  grpc.GrpcConfigKeys (ConfUtils.java:logGet(44)) - raft.grpc.client.port = -1 (default)
2022-03-03 13:56:49,207 [Listener at 127.0.0.1/42531] INFO  grpc.GrpcConfigKeys (ConfUtils.java:logGet(44)) - raft.grpc.server.port = 34487 (custom)
2022-03-03 13:56:49,207 [Listener at 127.0.0.1/42531] INFO  grpc.GrpcConfigKeys (ConfUtils.java:logGet(44)) - raft.grpc.server.port = 34487 (custom)
2022-03-03 13:56:49,207 [Listener at 127.0.0.1/42531] INFO  server.GrpcService (ConfUtils.java:logGet(44)) - raft.grpc.message.size.max = 33554432 (custom)
2022-03-03 13:56:49,207 [Listener at 127.0.0.1/42531] INFO  server.RaftServerConfigKeys (ConfUtils.java:logGet(44)) - raft.server.log.appender.buffer.byte-limit = 33554432 (custom)
2022-03-03 13:56:49,207 [Listener at 127.0.0.1/42531] INFO  server.GrpcService (ConfUtils.java:logGet(44)) - raft.grpc.flow.control.window = 1MB (=1048576) (default)
2022-03-03 13:56:49,207 [Listener at 127.0.0.1/42531] INFO  server.RaftServerConfigKeys (ConfUtils.java:logGet(44)) - raft.server.rpc.request.timeout = 3000ms (default)
2022-03-03 13:56:49,208 [Listener at 127.0.0.1/42531] INFO  impl.DataStreamServerImpl (ConfUtils.java:logGet(44)) - raft.datastream.type = DISABLED (default)
2022-03-03 13:56:49,208 [Listener at 127.0.0.1/42531] INFO  server.RaftServerConfigKeys (ConfUtils.java:logGet(44)) - raft.server.rpc.slowness.timeout = 2s (custom)
2022-03-03 13:56:49,209 [Listener at 127.0.0.1/42531] INFO  server.RaftServerConfigKeys (ConfUtils.java:logGet(44)) - raft.server.leaderelection.leader.step-down.wait-time = 10s (default)
2022-03-03 13:56:49,209 [Listener at 127.0.0.1/42531] INFO  server.RaftServerConfigKeys (ConfUtils.java:logGet(44)) - raft.server.storage.dir = [/home/runner/work/ozone/ozone/hadoop-ozone/integration-test/target/test-dir/MiniOzoneClusterImpl-66b45f8e-1cec-491e-b66c-9260b08df491/omNode-bootstrap-1/ratis] (custom)
2022-03-03 13:56:49,210 [Listener at 127.0.0.1/42531] INFO  server.RaftServer (RaftServerProxy.java:addNew(95)) - omNode-bootstrap-1: addNew group-0AAC5367B30E:[] returns group-0AAC5367B30E:java.util.concurrent.CompletableFuture@6f20fcb4[Not completed]
2022-03-03 13:56:49,211 [Listener at 127.0.0.1/42531] INFO  om.OzoneManager (OzoneManager.java:initializeRatisServer(1834)) - OzoneManager Ratis server initialized at port 34487
2022-03-03 13:56:49,212 [Listener at 127.0.0.1/42531] INFO  ipc.CallQueueManager (CallQueueManager.java:<init>(90)) - Using callQueue: class java.util.concurrent.LinkedBlockingQueue, queueCapacity: 2000, scheduler: class org.apache.hadoop.ipc.DefaultRpcScheduler, ipcBackoff: false.
2022-03-03 13:56:49,216 [pool-383-thread-1] INFO  server.RaftServer$Division (RaftServerImpl.java:<init>(184)) - omNode-bootstrap-1: new RaftServerImpl for group-0AAC5367B30E:[] with OzoneManagerStateMachine:uninitialized
2022-03-03 13:56:49,220 [pool-383-thread-1] INFO  server.RaftServerConfigKeys (ConfUtils.java:logGet(44)) - raft.server.rpc.timeout.min = 1s (custom)
2022-03-03 13:56:49,220 [pool-383-thread-1] INFO  server.RaftServerConfigKeys (ConfUtils.java:logGet(44)) - raft.server.rpc.timeout.max = 1200ms (custom)
2022-03-03 13:56:49,220 [pool-383-thread-1] INFO  server.RaftServerConfigKeys (ConfUtils.java:logGet(44)) - raft.server.rpc.sleep.time = 25ms (default)
2022-03-03 13:56:49,220 [pool-383-thread-1] INFO  server.RaftServerConfigKeys (ConfUtils.java:logGet(44)) - raft.server.rpc.slowness.timeout = 2s (custom)
2022-03-03 13:56:49,220 [pool-383-thread-1] INFO  server.RaftServerConfigKeys (ConfUtils.java:logGet(44)) - raft.server.leaderelection.leader.step-down.wait-time = 10s (default)
2022-03-03 13:56:49,220 [pool-383-thread-1] INFO  server.RaftServerConfigKeys (ConfUtils.java:logGet(44)) - raft.server.sleep.deviation.threshold = 300ms (default)
2022-03-03 13:56:49,220 [pool-383-thread-1] INFO  server.RaftServerConfigKeys (ConfUtils.java:logGet(44)) - raft.server.log.appender.install.snapshot.enabled = false (custom)
2022-03-03 13:56:49,220 [pool-383-thread-1] INFO  server.RaftServer$Division (ServerState.java:<init>(105)) - omNode-bootstrap-1@group-0AAC5367B30E: ConfigurationManager, init=-1: [], old=null, confs=<EMPTY_MAP>
2022-03-03 13:56:49,220 [pool-383-thread-1] INFO  server.RaftServerConfigKeys (ConfUtils.java:logGet(44)) - raft.server.storage.dir = [/home/runner/work/ozone/ozone/hadoop-ozone/integration-test/target/test-dir/MiniOzoneClusterImpl-66b45f8e-1cec-491e-b66c-9260b08df491/omNode-bootstrap-1/ratis] (custom)
2022-03-03 13:56:49,220 [pool-383-thread-1] INFO  server.RaftServerConfigKeys (ConfUtils.java:logGet(44)) - raft.server.log.corruption.policy = EXCEPTION (default)
2022-03-03 13:56:49,220 [pool-383-thread-1] INFO  server.RaftServerConfigKeys (ConfUtils.java:logGet(44)) - raft.server.storage.free-space.min = 0MB (=0) (default)
2022-03-03 13:56:49,220 [pool-383-thread-1] INFO  storage.RaftStorageDirectory (RaftStorageDirectoryImpl.java:analyzeStorage(135)) - The storage directory /home/runner/work/ozone/ozone/hadoop-ozone/integration-test/target/test-dir/MiniOzoneClusterImpl-66b45f8e-1cec-491e-b66c-9260b08df491/omNode-bootstrap-1/ratis/0718e334-ffa1-36bc-8e9a-0aac5367b30e does not exist. Creating ...
2022-03-03 13:56:49,222 [pool-383-thread-1] INFO  storage.RaftStorageDirectory (RaftStorageDirectoryImpl.java:tryLock(230)) - Lock on /home/runner/work/ozone/ozone/hadoop-ozone/integration-test/target/test-dir/MiniOzoneClusterImpl-66b45f8e-1cec-491e-b66c-9260b08df491/omNode-bootstrap-1/ratis/0718e334-ffa1-36bc-8e9a-0aac5367b30e/in_use.lock acquired by nodename 17744@fv-az50-851
2022-03-03 13:56:49,223 [Socket Reader #1 for port 45247] INFO  ipc.Server (Server.java:run(1265)) - Starting Socket Reader #1 for port 45247
2022-03-03 13:56:49,234 [pool-383-thread-1] INFO  storage.RaftStorage (RaftStorageImpl.java:format(89)) - Storage directory /home/runner/work/ozone/ozone/hadoop-ozone/integration-test/target/test-dir/MiniOzoneClusterImpl-66b45f8e-1cec-491e-b66c-9260b08df491/omNode-bootstrap-1/ratis/0718e334-ffa1-36bc-8e9a-0aac5367b30e has been successfully formatted.
2022-03-03 13:56:49,235 [pool-383-thread-1] INFO  server.RaftServerConfigKeys (ConfUtils.java:logGet(44)) - raft.server.notification.no-leader.timeout = 2s (custom)
2022-03-03 13:56:49,235 [pool-383-thread-1] INFO  server.RaftServerConfigKeys (ConfUtils.java:logGet(44)) - raft.server.log.use.memory = false (default)
2022-03-03 13:56:49,235 [pool-383-thread-1] INFO  server.RaftServerConfigKeys (ConfUtils.java:logGet(44)) - raft.server.log.purge.gap = 1000000 (custom)
2022-03-03 13:56:49,235 [pool-383-thread-1] INFO  server.RaftServerConfigKeys (ConfUtils.java:logGet(44)) - raft.server.log.appender.buffer.byte-limit = 33554432 (custom)
2022-03-03 13:56:49,235 [pool-383-thread-1] INFO  server.RaftServerConfigKeys (ConfUtils.java:logGet(44)) - raft.server.log.segment.size.max = 4194304 (custom)
2022-03-03 13:56:49,235 [pool-383-thread-1] INFO  server.RaftServerConfigKeys (ConfUtils.java:logGet(44)) - raft.server.log.segment.cache.num.max = 2 (custom)
2022-03-03 13:56:49,235 [pool-383-thread-1] INFO  server.RaftServerConfigKeys (ConfUtils.java:logGet(44)) - raft.server.log.segment.cache.size.max = 200MB (=209715200) (default)
2022-03-03 13:56:49,235 [pool-383-thread-1] INFO  segmented.SegmentedRaftLogWorker (SegmentedRaftLogWorker.java:<init>(182)) - new omNode-bootstrap-1@group-0AAC5367B30E-SegmentedRaftLogWorker for RaftStorageImpl:Storage Directory /home/runner/work/ozone/ozone/hadoop-ozone/integration-test/target/test-dir/MiniOzoneClusterImpl-66b45f8e-1cec-491e-b66c-9260b08df491/omNode-bootstrap-1/ratis/0718e334-ffa1-36bc-8e9a-0aac5367b30e
2022-03-03 13:56:49,235 [pool-383-thread-1] INFO  server.RaftServerConfigKeys (ConfUtils.java:logGet(44)) - raft.server.log.queue.byte-limit = 64MB (=67108864) (default)
2022-03-03 13:56:49,235 [pool-383-thread-1] INFO  server.RaftServerConfigKeys (ConfUtils.java:logGet(44)) - raft.server.log.queue.element-limit = 4096 (default)
2022-03-03 13:56:49,236 [pool-383-thread-1] INFO  server.RaftServerConfigKeys (ConfUtils.java:logGet(44)) - raft.server.log.segment.size.max = 4194304 (custom)
2022-03-03 13:56:49,236 [pool-383-thread-1] INFO  server.RaftServerConfigKeys (ConfUtils.java:logGet(44)) - raft.server.log.preallocated.size = 4194304 (custom)
2022-03-03 13:56:49,236 [pool-383-thread-1] INFO  server.RaftServerConfigKeys (ConfUtils.java:logGet(44)) - raft.server.log.force.sync.num = 128 (default)
2022-03-03 13:56:49,236 [pool-383-thread-1] INFO  server.RaftServerConfigKeys (ConfUtils.java:logGet(44)) - raft.server.log.statemachine.data.sync = true (default)
2022-03-03 13:56:49,236 [pool-383-thread-1] INFO  server.RaftServerConfigKeys (ConfUtils.java:logGet(44)) - raft.server.log.statemachine.data.sync.timeout = 10s (default)
2022-03-03 13:56:49,236 [pool-383-thread-1] INFO  server.RaftServerConfigKeys (ConfUtils.java:logGet(44)) - raft.server.log.statemachine.data.sync.timeout.retry = -1 (default)
2022-03-03 13:56:49,236 [pool-383-thread-1] INFO  server.RaftServerConfigKeys (ConfUtils.java:logGet(44)) - raft.server.log.write.buffer.size = 64KB (=65536) (default)
2022-03-03 13:56:49,236 [pool-383-thread-1] INFO  server.RaftServerConfigKeys (ConfUtils.java:logGet(44)) - raft.server.log.statemachine.data.caching.enabled = false (default)
2022-03-03 13:56:49,237 [pool-383-thread-1] INFO  segmented.SegmentedRaftLogWorker (SegmentedRaftLogWorker.java:lambda$new$0(133)) - omNode-bootstrap-1@group-0AAC5367B30E-SegmentedRaftLogWorker: flushIndex: setUnconditionally 0 -> -1
2022-03-03 13:56:49,237 [pool-383-thread-1] INFO  segmented.SegmentedRaftLogWorker (SegmentedRaftLogWorker.java:lambda$new$0(133)) - omNode-bootstrap-1@group-0AAC5367B30E-SegmentedRaftLogWorker: safeCacheEvictIndex: setUnconditionally 0 -> -1
2022-03-03 13:56:49,248 [pool-383-thread-1] INFO  server.RaftServerConfigKeys (ConfUtils.java:logGet(44)) - raft.server.snapshot.auto.trigger.enabled = true (custom)
2022-03-03 13:56:49,248 [pool-383-thread-1] INFO  server.RaftServerConfigKeys (ConfUtils.java:logGet(44)) - raft.server.snapshot.auto.trigger.threshold = 400000 (default)
2022-03-03 13:56:49,248 [pool-383-thread-1] INFO  server.RaftServerConfigKeys (ConfUtils.java:logGet(44)) - raft.server.snapshot.retention.file.num = -1 (default)
2022-03-03 13:56:49,248 [pool-383-thread-1] INFO  server.RaftServerConfigKeys (ConfUtils.java:logGet(44)) - raft.server.log.purge.upto.snapshot.index = true (custom)
2022-03-03 13:56:49,248 [pool-383-thread-1] INFO  server.RaftServerConfigKeys (ConfUtils.java:logGet(44)) - raft.server.retrycache.expirytime = 300s (custom)
2022-03-03 13:56:49,248 [pool-383-thread-1] INFO  server.RaftServerConfigKeys (ConfUtils.java:logGet(44)) - raft.server.retrycache.statistics.expirytime = 100μs (default)
2022-03-03 13:56:49,264 [Listener at 127.0.0.1/45247] ERROR om.OzoneManager (OzoneManager.java:checkConfigBeforeBootstrap(1522)) - Remote OM config check failed on OM omNode-1
java.io.IOException: Remote OM omNode-1 does not have the bootstrapping OM(omNode-bootstrap-1) information on reloading configs or it could not resolve the address.
	at org.apache.hadoop.ozone.om.OzoneManager.checkRemoteOMConfig(OzoneManager.java:1554)
	at org.apache.hadoop.ozone.om.OzoneManager.checkConfigBeforeBootstrap(OzoneManager.java:1520)
	at org.apache.hadoop.ozone.om.OzoneManager.start(OzoneManager.java:1355)
	at org.apache.hadoop.ozone.MiniOzoneHAClusterImpl$MiniOzoneHAService.startInactiveService(MiniOzoneHAClusterImpl.java:1026)
	at org.apache.hadoop.ozone.MiniOzoneHAClusterImpl.startInactiveOM(MiniOzoneHAClusterImpl.java:212)
	at org.apache.hadoop.ozone.MiniOzoneHAClusterImpl.bootstrapNewOM(MiniOzoneHAClusterImpl.java:864)
	at org.apache.hadoop.ozone.MiniOzoneHAClusterImpl.bootstrapOzoneManager(MiniOzoneHAClusterImpl.java:774)
	at org.apache.hadoop.ozone.om.TestAddRemoveOzoneManager.testBootstrapWithoutConfigUpdate(TestAddRemoveOzoneManager.java:237)
	at sun.reflect.NativeMethodAccessorImpl.invoke0(Native Method)
	at sun.reflect.NativeMethodAccessorImpl.invoke(NativeMethodAccessorImpl.java:62)
	at sun.reflect.DelegatingMethodAccessorImpl.invoke(DelegatingMethodAccessorImpl.java:43)
	at java.lang.reflect.Method.invoke(Method.java:498)
	at org.junit.runners.model.FrameworkMethod$1.runReflectiveCall(FrameworkMethod.java:59)
	at org.junit.internal.runners.model.ReflectiveCallable.run(ReflectiveCallable.java:12)
	at org.junit.runners.model.FrameworkMethod.invokeExplosively(FrameworkMethod.java:56)
	at org.junit.internal.runners.statements.InvokeMethod.evaluate(InvokeMethod.java:17)
	at org.junit.internal.runners.statements.RunAfters.evaluate(RunAfters.java:27)
	at org.junit.rules.ExpectedException$ExpectedExceptionStatement.evaluate(ExpectedException.java:258)
	at org.junit.internal.runners.statements.FailOnTimeout$CallableStatement.call(FailOnTimeout.java:288)
	at org.junit.internal.runners.statements.FailOnTimeout$CallableStatement.call(FailOnTimeout.java:282)
	at java.util.concurrent.FutureTask.run(FutureTask.java:266)
	at java.lang.Thread.run(Thread.java:750)
2022-03-03 13:56:49,265 [Listener at 127.0.0.1/45247] ERROR ozone.MiniOzoneHAClusterImpl (MiniOzoneHAClusterImpl.java:exitSystem(1084)) - omNode-bootstrap-1 - System Exit: OM [omNode-1[localhost:42531]] do not have or have incorrect information of the bootstrapping OM. Update their ozone-site.xml before proceeding.
2022-03-03 13:56:49,265 [Listener at 127.0.0.1/45247] INFO  om.OzoneManager (OzoneManager.java:stop(1893)) - omNode-bootstrap-1[localhost:45247]: Stopping Ozone Manager
2022-03-03 13:56:49,265 [Listener at 127.0.0.1/45247] INFO  ipc.Server (Server.java:stop(3414)) - Stopping server on 45247
2022-03-03 13:56:49,266 [Listener at 127.0.0.1/45247] INFO  ratis.OzoneManagerDoubleBuffer (OzoneManagerDoubleBuffer.java:stop(437)) - Stopping OMDoubleBuffer flush thread
2022-03-03 13:56:49,266 [OMDoubleBufferFlushThread] INFO  ratis.OzoneManagerDoubleBuffer (OzoneManagerDoubleBuffer.java:flushTransactions(356)) - OMDoubleBuffer flush thread OMDoubleBufferFlushThread is interrupted and will exit. OMDoubleBufferFlushThread
2022-03-03 13:56:49,273 [Listener at 127.0.0.1/45247] INFO  ha.OMHANodeDetails (OMHANodeDetails.java:loadOMHAConfig(118)) - ServiceID for OzoneManager is om-add-remove
2022-03-03 13:56:49,274 [Listener at 127.0.0.1/45247] INFO  ha.OMHANodeDetails (OMHANodeDetails.java:loadOMHAConfig(193)) - Found matching OM address with OMServiceId: om-add-remove, OMNodeId: omNode-bootstrap-2, RPC Address: localhost:41153 and Ratis port: 38883
2022-03-03 13:56:49,274 [Listener at 127.0.0.1/45247] INFO  ha.OMHANodeDetails (ConfUtils.java:setNodeSpecificConfigs(108)) - Setting configuration key ozone.om.http-address with value of key ozone.om.http-address.om-add-remove.omNode-bootstrap-2: 127.0.0.1:40707
2022-03-03 13:56:49,274 [Listener at 127.0.0.1/45247] INFO  ha.OMHANodeDetails (ConfUtils.java:setNodeSpecificConfigs(108)) - Setting configuration key ozone.om.https-address with value of key ozone.om.https-address.om-add-remove.omNode-bootstrap-2: 127.0.0.1:33487
2022-03-03 13:56:49,274 [Listener at 127.0.0.1/45247] INFO  ha.OMHANodeDetails (ConfUtils.java:setNodeSpecificConfigs(108)) - Setting configuration key ozone.om.address with value of key ozone.om.address.om-add-remove.omNode-bootstrap-2: 127.0.0.1:41153
2022-03-03 13:56:49,274 [Listener at 127.0.0.1/45247] WARN  server.ServerUtils (ServerUtils.java:getDBPath(225)) - ozone.om.db.dirs is not configured. We recommend adding this setting. Falling back to ozone.metadata.dirs instead.
2022-03-03 13:56:49,283 [Listener at 127.0.0.1/45247] INFO  ha.SCMNodeInfo (SCMNodeInfo.java:getPort(197)) - ConfigKey ozone.scm.client.address is deprecated, For configuring different ports for each SCM use PortConfigKey ozone.scm.client.port appended with serviceId and nodeId
2022-03-03 13:56:49,283 [Listener at 127.0.0.1/45247] INFO  ha.SCMNodeInfo (SCMNodeInfo.java:getPort(197)) - ConfigKey ozone.scm.block.client.address is deprecated, For configuring different ports for each SCM use PortConfigKey ozone.scm.block.client.port appended with serviceId and nodeId
2022-03-03 13:56:49,283 [Listener at 127.0.0.1/45247] INFO  ha.SCMNodeInfo (SCMNodeInfo.java:getPort(197)) - ConfigKey ozone.scm.datanode.address is deprecated, For configuring different ports for each SCM use PortConfigKey ozone.scm.datanode.port appended with serviceId and nodeId
OM initialization succeeded.Current cluster id for sd=/home/runner/work/ozone/ozone/hadoop-ozone/integration-test/target/test-dir/MiniOzoneClusterImpl-66b45f8e-1cec-491e-b66c-9260b08df491/omNode-bootstrap-2/om;cid=66b45f8e-1cec-491e-b66c-9260b08df491;layoutVersion=0
2022-03-03 13:56:49,306 [Listener at 127.0.0.1/45247] INFO  ha.OMHANodeDetails (OMHANodeDetails.java:loadOMHAConfig(118)) - ServiceID for OzoneManager is om-add-remove
2022-03-03 13:56:49,307 [Listener at 127.0.0.1/45247] INFO  ha.OMHANodeDetails (OMHANodeDetails.java:loadOMHAConfig(193)) - Found matching OM address with OMServiceId: om-add-remove, OMNodeId: omNode-bootstrap-2, RPC Address: localhost:41153 and Ratis port: 38883
2022-03-03 13:56:49,307 [Listener at 127.0.0.1/45247] INFO  ha.OMHANodeDetails (ConfUtils.java:setNodeSpecificConfigs(108)) - Setting configuration key ozone.om.http-address with value of key ozone.om.http-address.om-add-remove.omNode-bootstrap-2: 127.0.0.1:40707
2022-03-03 13:56:49,307 [Listener at 127.0.0.1/45247] INFO  ha.OMHANodeDetails (ConfUtils.java:setNodeSpecificConfigs(108)) - Setting configuration key ozone.om.https-address with value of key ozone.om.https-address.om-add-remove.omNode-bootstrap-2: 127.0.0.1:33487
2022-03-03 13:56:49,307 [Listener at 127.0.0.1/45247] INFO  ha.OMHANodeDetails (ConfUtils.java:setNodeSpecificConfigs(108)) - Setting configuration key ozone.om.address with value of key ozone.om.address.om-add-remove.omNode-bootstrap-2: 127.0.0.1:41153
2022-03-03 13:56:49,307 [Listener at 127.0.0.1/45247] WARN  server.ServerUtils (ServerUtils.java:getDBPath(225)) - ozone.om.db.dirs is not configured. We recommend adding this setting. Falling back to ozone.metadata.dirs instead.
2022-03-03 13:56:49,307 [Listener at 127.0.0.1/45247] INFO  upgrade.AbstractLayoutVersionManager (AbstractLayoutVersionManager.java:init(79)) - Initializing Layout version manager with metadata layout = INITIAL_VERSION (version = 0), software layout = INITIAL_VERSION (version = 0)
2022-03-03 13:56:49,363 [Listener at 127.0.0.1/45247] INFO  reflections.Reflections (Reflections.java:scan(232)) - Reflections took 55 ms to scan 2 urls, producing 134 keys and 349 values [using 2 cores]
2022-03-03 13:56:49,364 [Listener at 127.0.0.1/45247] INFO  upgrade.OMLayoutVersionManager (OMLayoutVersionManager.java:lambda$0(115)) - Skipping Upgrade Action MockOmUpgradeAction since it has been finalized.
2022-03-03 13:56:49,364 [Listener at 127.0.0.1/45247] WARN  server.ServerUtils (ServerUtils.java:getDBPath(225)) - ozone.om.db.dirs is not configured. We recommend adding this setting. Falling back to ozone.metadata.dirs instead.
2022-03-03 13:56:49,364 [Listener at 127.0.0.1/45247] INFO  ha.SCMNodeInfo (SCMNodeInfo.java:getPort(197)) - ConfigKey ozone.scm.client.address is deprecated, For configuring different ports for each SCM use PortConfigKey ozone.scm.client.port appended with serviceId and nodeId
2022-03-03 13:56:49,364 [Listener at 127.0.0.1/45247] INFO  ha.SCMNodeInfo (SCMNodeInfo.java:getPort(197)) - ConfigKey ozone.scm.block.client.address is deprecated, For configuring different ports for each SCM use PortConfigKey ozone.scm.block.client.port appended with serviceId and nodeId
2022-03-03 13:56:49,364 [Listener at 127.0.0.1/45247] INFO  ha.SCMNodeInfo (SCMNodeInfo.java:getPort(197)) - ConfigKey ozone.scm.datanode.address is deprecated, For configuring different ports for each SCM use PortConfigKey ozone.scm.datanode.port appended with serviceId and nodeId
2022-03-03 13:56:49,365 [Listener at 127.0.0.1/45247] INFO  ha.SCMNodeInfo (SCMNodeInfo.java:getPort(197)) - ConfigKey ozone.scm.client.address is deprecated, For configuring different ports for each SCM use PortConfigKey ozone.scm.client.port appended with serviceId and nodeId
2022-03-03 13:56:49,365 [Listener at 127.0.0.1/45247] INFO  ha.SCMNodeInfo (SCMNodeInfo.java:getPort(197)) - ConfigKey ozone.scm.block.client.address is deprecated, For configuring different ports for each SCM use PortConfigKey ozone.scm.block.client.port appended with serviceId and nodeId
2022-03-03 13:56:49,365 [Listener at 127.0.0.1/45247] INFO  ha.SCMNodeInfo (SCMNodeInfo.java:getPort(197)) - ConfigKey ozone.scm.datanode.address is deprecated, For configuring different ports for each SCM use PortConfigKey ozone.scm.datanode.port appended with serviceId and nodeId
2022-03-03 13:56:49,366 [Listener at 127.0.0.1/45247] INFO  ha.SCMNodeInfo (SCMNodeInfo.java:getPort(197)) - ConfigKey ozone.scm.client.address is deprecated, For configuring different ports for each SCM use PortConfigKey ozone.scm.client.port appended with serviceId and nodeId
2022-03-03 13:56:49,366 [Listener at 127.0.0.1/45247] INFO  ha.SCMNodeInfo (SCMNodeInfo.java:getPort(197)) - ConfigKey ozone.scm.block.client.address is deprecated, For configuring different ports for each SCM use PortConfigKey ozone.scm.block.client.port appended with serviceId and nodeId
2022-03-03 13:56:49,366 [Listener at 127.0.0.1/45247] INFO  ha.SCMNodeInfo (SCMNodeInfo.java:getPort(197)) - ConfigKey ozone.scm.datanode.address is deprecated, For configuring different ports for each SCM use PortConfigKey ozone.scm.datanode.port appended with serviceId and nodeId
2022-03-03 13:56:49,376 [Listener at 127.0.0.1/45247] WARN  server.ServerUtils (ServerUtils.java:getDBPath(225)) - ozone.om.db.dirs is not configured. We recommend adding this setting. Falling back to ozone.metadata.dirs instead.
2022-03-03 13:56:49,377 [Listener at 127.0.0.1/45247] INFO  codec.OmKeyInfoCodec (OmKeyInfoCodec.java:<init>(50)) - OmKeyInfoCodec ignorePipeline = true
2022-03-03 13:56:49,377 [Listener at 127.0.0.1/45247] INFO  codec.RepeatedOmKeyInfoCodec (RepeatedOmKeyInfoCodec.java:<init>(42)) - RepeatedOmKeyInfoCodec ignorePipeline = true
2022-03-03 13:56:49,573 [Listener at 127.0.0.1/45247] INFO  om.OzoneManager (OzoneManager.java:addS3GVolumeToDB(3733)) - Created Volume s3v With Owner runner required for S3Gateway operations.
2022-03-03 13:56:49,575 [Listener at 127.0.0.1/45247] WARN  server.ServerUtils (ServerUtils.java:getDefaultRatisDirectory(237)) - Storage directory for Ratis is not configured. It is a good idea to map this to an SSD disk. Falling back to ozone.metadata.dirs
2022-03-03 13:56:49,579 [Listener at 127.0.0.1/45247] WARN  utils.OzoneManagerRatisUtils (OzoneManagerRatisUtils.java:getOMRatisSnapshotDirectory(330)) - ozone.om.ratis.snapshot.dir is not configured. Falling back to ozone.metadata.dirs config
2022-03-03 13:56:49,579 [Listener at 127.0.0.1/45247] INFO  snapshot.OzoneManagerSnapshotProvider (OzoneManagerSnapshotProvider.java:<init>(76)) - Initializing OM Snapshot Provider
2022-03-03 13:56:49,588 [Listener at 127.0.0.1/45247] WARN  impl.MetricRegistriesImpl (MetricRegistriesImpl.java:addReporterRegistration(111)) - New reporters are added after registries were created. Some metrics will be missing from the reporter. Please add reporter before adding any new registry.
2022-03-03 13:56:49,588 [Listener at 127.0.0.1/45247] WARN  impl.MetricRegistriesImpl (MetricRegistriesImpl.java:addReporterRegistration(111)) - New reporters are added after registries were created. Some metrics will be missing from the reporter. Please add reporter before adding any new registry.
2022-03-03 13:56:49,588 [Listener at 127.0.0.1/45247] WARN  server.ServerUtils (ServerUtils.java:getDefaultRatisDirectory(237)) - Storage directory for Ratis is not configured. It is a good idea to map this to an SSD disk. Falling back to ozone.metadata.dirs
2022-03-03 13:56:49,591 [Listener at 127.0.0.1/45247] INFO  ratis.OzoneManagerRatisServer (OzoneManagerRatisServer.java:<init>(152)) - OM started in Bootstrap mode. Instantiating OM Ratis server with groupID: om-add-remove
2022-03-03 13:56:49,591 [Listener at 127.0.0.1/45247] INFO  ratis.OzoneManagerStateMachine (OzoneManagerStateMachine.java:loadSnapshotInfoFromDB(605)) - LastAppliedIndex is set from TransactionInfo from OM DB as (t:0, i:~)
2022-03-03 13:56:49,593 [Listener at 127.0.0.1/45247] INFO  server.RaftServer (ConfUtils.java:logGet(44)) - raft.rpc.type = GRPC (default)
2022-03-03 13:56:49,593 [Listener at 127.0.0.1/45247] INFO  grpc.GrpcFactory (GrpcFactory.java:checkPooledByteBufAllocatorUseCacheForAllThreads(48)) - PERFORMANCE WARNING: useCacheForAllThreads is true that may cause Netty to create a lot garbage objects and, as a result, trigger GC.
	It is recommended to disable useCacheForAllThreads by setting -Dorg.apache.ratis.thirdparty.io.netty.allocator.useCacheForAllThreads=false in command line.
2022-03-03 13:56:49,593 [Listener at 127.0.0.1/45247] INFO  grpc.GrpcConfigKeys (ConfUtils.java:logGet(44)) - raft.grpc.admin.port = -1 (default)
2022-03-03 13:56:49,593 [Listener at 127.0.0.1/45247] INFO  grpc.GrpcConfigKeys (ConfUtils.java:logGet(44)) - raft.grpc.server.port = 38883 (custom)
2022-03-03 13:56:49,593 [Listener at 127.0.0.1/45247] INFO  grpc.GrpcConfigKeys (ConfUtils.java:logGet(44)) - raft.grpc.client.port = -1 (default)
2022-03-03 13:56:49,593 [Listener at 127.0.0.1/45247] INFO  grpc.GrpcConfigKeys (ConfUtils.java:logGet(44)) - raft.grpc.server.port = 38883 (custom)
2022-03-03 13:56:49,593 [Listener at 127.0.0.1/45247] INFO  grpc.GrpcConfigKeys (ConfUtils.java:logGet(44)) - raft.grpc.server.port = 38883 (custom)
2022-03-03 13:56:49,594 [Listener at 127.0.0.1/45247] INFO  server.GrpcService (ConfUtils.java:logGet(44)) - raft.grpc.message.size.max = 33554432 (custom)
2022-03-03 13:56:49,594 [Listener at 127.0.0.1/45247] INFO  server.RaftServerConfigKeys (ConfUtils.java:logGet(44)) - raft.server.log.appender.buffer.byte-limit = 33554432 (custom)
2022-03-03 13:56:49,594 [Listener at 127.0.0.1/45247] INFO  server.GrpcService (ConfUtils.java:logGet(44)) - raft.grpc.flow.control.window = 1MB (=1048576) (default)
2022-03-03 13:56:49,594 [Listener at 127.0.0.1/45247] INFO  server.RaftServerConfigKeys (ConfUtils.java:logGet(44)) - raft.server.rpc.request.timeout = 3000ms (default)
2022-03-03 13:56:49,595 [Listener at 127.0.0.1/45247] INFO  impl.DataStreamServerImpl (ConfUtils.java:logGet(44)) - raft.datastream.type = DISABLED (default)
2022-03-03 13:56:49,595 [Listener at 127.0.0.1/45247] INFO  server.RaftServerConfigKeys (ConfUtils.java:logGet(44)) - raft.server.rpc.slowness.timeout = 2s (custom)
2022-03-03 13:56:49,595 [Listener at 127.0.0.1/45247] INFO  server.RaftServerConfigKeys (ConfUtils.java:logGet(44)) - raft.server.leaderelection.leader.step-down.wait-time = 10s (default)
2022-03-03 13:56:49,595 [Listener at 127.0.0.1/45247] INFO  server.RaftServerConfigKeys (ConfUtils.java:logGet(44)) - raft.server.storage.dir = [/home/runner/work/ozone/ozone/hadoop-ozone/integration-test/target/test-dir/MiniOzoneClusterImpl-66b45f8e-1cec-491e-b66c-9260b08df491/omNode-bootstrap-2/ratis] (custom)
2022-03-03 13:56:49,603 [Listener at 127.0.0.1/45247] INFO  server.RaftServer (RaftServerProxy.java:addNew(95)) - omNode-bootstrap-2: addNew group-0AAC5367B30E:[] returns group-0AAC5367B30E:java.util.concurrent.CompletableFuture@9c8effb[Not completed]
2022-03-03 13:56:49,603 [Listener at 127.0.0.1/45247] INFO  om.OzoneManager (OzoneManager.java:initializeRatisServer(1834)) - OzoneManager Ratis server initialized at port 38883
2022-03-03 13:56:49,604 [Listener at 127.0.0.1/45247] INFO  ipc.CallQueueManager (CallQueueManager.java:<init>(90)) - Using callQueue: class java.util.concurrent.LinkedBlockingQueue, queueCapacity: 2000, scheduler: class org.apache.hadoop.ipc.DefaultRpcScheduler, ipcBackoff: false.
2022-03-03 13:56:49,606 [pool-403-thread-1] INFO  server.RaftServer$Division (RaftServerImpl.java:<init>(184)) - omNode-bootstrap-2: new RaftServerImpl for group-0AAC5367B30E:[] with OzoneManagerStateMachine:uninitialized
2022-03-03 13:56:49,616 [pool-403-thread-1] INFO  server.RaftServerConfigKeys (ConfUtils.java:logGet(44)) - raft.server.rpc.timeout.min = 1s (custom)
2022-03-03 13:56:49,616 [pool-403-thread-1] INFO  server.RaftServerConfigKeys (ConfUtils.java:logGet(44)) - raft.server.rpc.timeout.max = 1200ms (custom)
2022-03-03 13:56:49,616 [pool-403-thread-1] INFO  server.RaftServerConfigKeys (ConfUtils.java:logGet(44)) - raft.server.rpc.sleep.time = 25ms (default)
2022-03-03 13:56:49,616 [pool-403-thread-1] INFO  server.RaftServerConfigKeys (ConfUtils.java:logGet(44)) - raft.server.rpc.slowness.timeout = 2s (custom)
2022-03-03 13:56:49,616 [pool-403-thread-1] INFO  server.RaftServerConfigKeys (ConfUtils.java:logGet(44)) - raft.server.leaderelection.leader.step-down.wait-time = 10s (default)
2022-03-03 13:56:49,616 [pool-403-thread-1] INFO  server.RaftServerConfigKeys (ConfUtils.java:logGet(44)) - raft.server.sleep.deviation.threshold = 300ms (default)
2022-03-03 13:56:49,616 [pool-403-thread-1] INFO  server.RaftServerConfigKeys (ConfUtils.java:logGet(44)) - raft.server.log.appender.install.snapshot.enabled = false (custom)
2022-03-03 13:56:49,616 [pool-403-thread-1] INFO  server.RaftServer$Division (ServerState.java:<init>(105)) - omNode-bootstrap-2@group-0AAC5367B30E: ConfigurationManager, init=-1: [], old=null, confs=<EMPTY_MAP>
2022-03-03 13:56:49,616 [pool-403-thread-1] INFO  server.RaftServerConfigKeys (ConfUtils.java:logGet(44)) - raft.server.storage.dir = [/home/runner/work/ozone/ozone/hadoop-ozone/integration-test/target/test-dir/MiniOzoneClusterImpl-66b45f8e-1cec-491e-b66c-9260b08df491/omNode-bootstrap-2/ratis] (custom)
2022-03-03 13:56:49,616 [pool-403-thread-1] INFO  server.RaftServerConfigKeys (ConfUtils.java:logGet(44)) - raft.server.log.corruption.policy = EXCEPTION (default)
2022-03-03 13:56:49,616 [pool-403-thread-1] INFO  server.RaftServerConfigKeys (ConfUtils.java:logGet(44)) - raft.server.storage.free-space.min = 0MB (=0) (default)
2022-03-03 13:56:49,617 [pool-403-thread-1] INFO  storage.RaftStorageDirectory (RaftStorageDirectoryImpl.java:analyzeStorage(135)) - The storage directory /home/runner/work/ozone/ozone/hadoop-ozone/integration-test/target/test-dir/MiniOzoneClusterImpl-66b45f8e-1cec-491e-b66c-9260b08df491/omNode-bootstrap-2/ratis/0718e334-ffa1-36bc-8e9a-0aac5367b30e does not exist. Creating ...
2022-03-03 13:56:49,618 [pool-403-thread-1] INFO  storage.RaftStorageDirectory (RaftStorageDirectoryImpl.java:tryLock(230)) - Lock on /home/runner/work/ozone/ozone/hadoop-ozone/integration-test/target/test-dir/MiniOzoneClusterImpl-66b45f8e-1cec-491e-b66c-9260b08df491/omNode-bootstrap-2/ratis/0718e334-ffa1-36bc-8e9a-0aac5367b30e/in_use.lock acquired by nodename 17744@fv-az50-851
2022-03-03 13:56:49,619 [pool-403-thread-1] INFO  storage.RaftStorage (RaftStorageImpl.java:format(89)) - Storage directory /home/runner/work/ozone/ozone/hadoop-ozone/integration-test/target/test-dir/MiniOzoneClusterImpl-66b45f8e-1cec-491e-b66c-9260b08df491/omNode-bootstrap-2/ratis/0718e334-ffa1-36bc-8e9a-0aac5367b30e has been successfully formatted.
2022-03-03 13:56:49,619 [pool-403-thread-1] INFO  server.RaftServerConfigKeys (ConfUtils.java:logGet(44)) - raft.server.notification.no-leader.timeout = 2s (custom)
2022-03-03 13:56:49,619 [pool-403-thread-1] INFO  server.RaftServerConfigKeys (ConfUtils.java:logGet(44)) - raft.server.log.use.memory = false (default)
2022-03-03 13:56:49,619 [pool-403-thread-1] INFO  server.RaftServerConfigKeys (ConfUtils.java:logGet(44)) - raft.server.log.purge.gap = 1000000 (custom)
2022-03-03 13:56:49,619 [pool-403-thread-1] INFO  server.RaftServerConfigKeys (ConfUtils.java:logGet(44)) - raft.server.log.appender.buffer.byte-limit = 33554432 (custom)
2022-03-03 13:56:49,619 [pool-403-thread-1] INFO  server.RaftServerConfigKeys (ConfUtils.java:logGet(44)) - raft.server.log.segment.size.max = 4194304 (custom)
2022-03-03 13:56:49,620 [pool-403-thread-1] INFO  server.RaftServerConfigKeys (ConfUtils.java:logGet(44)) - raft.server.log.segment.cache.num.max = 2 (custom)
2022-03-03 13:56:49,620 [pool-403-thread-1] INFO  server.RaftServerConfigKeys (ConfUtils.java:logGet(44)) - raft.server.log.segment.cache.size.max = 200MB (=209715200) (default)
2022-03-03 13:56:49,620 [pool-403-thread-1] INFO  segmented.SegmentedRaftLogWorker (SegmentedRaftLogWorker.java:<init>(182)) - new omNode-bootstrap-2@group-0AAC5367B30E-SegmentedRaftLogWorker for RaftStorageImpl:Storage Directory /home/runner/work/ozone/ozone/hadoop-ozone/integration-test/target/test-dir/MiniOzoneClusterImpl-66b45f8e-1cec-491e-b66c-9260b08df491/omNode-bootstrap-2/ratis/0718e334-ffa1-36bc-8e9a-0aac5367b30e
2022-03-03 13:56:49,620 [pool-403-thread-1] INFO  server.RaftServerConfigKeys (ConfUtils.java:logGet(44)) - raft.server.log.queue.byte-limit = 64MB (=67108864) (default)
2022-03-03 13:56:49,620 [pool-403-thread-1] INFO  server.RaftServerConfigKeys (ConfUtils.java:logGet(44)) - raft.server.log.queue.element-limit = 4096 (default)
2022-03-03 13:56:49,620 [pool-403-thread-1] INFO  server.RaftServerConfigKeys (ConfUtils.java:logGet(44)) - raft.server.log.segment.size.max = 4194304 (custom)
2022-03-03 13:56:49,620 [pool-403-thread-1] INFO  server.RaftServerConfigKeys (ConfUtils.java:logGet(44)) - raft.server.log.preallocated.size = 4194304 (custom)
2022-03-03 13:56:49,620 [pool-403-thread-1] INFO  server.RaftServerConfigKeys (ConfUtils.java:logGet(44)) - raft.server.log.force.sync.num = 128 (default)
2022-03-03 13:56:49,620 [pool-403-thread-1] INFO  server.RaftServerConfigKeys (ConfUtils.java:logGet(44)) - raft.server.log.statemachine.data.sync = true (default)
2022-03-03 13:56:49,620 [pool-403-thread-1] INFO  server.RaftServerConfigKeys (ConfUtils.java:logGet(44)) - raft.server.log.statemachine.data.sync.timeout = 10s (default)
2022-03-03 13:56:49,620 [pool-403-thread-1] INFO  server.RaftServerConfigKeys (ConfUtils.java:logGet(44)) - raft.server.log.statemachine.data.sync.timeout.retry = -1 (default)
2022-03-03 13:56:49,635 [Socket Reader #1 for port 41153] INFO  ipc.Server (Server.java:run(1265)) - Starting Socket Reader #1 for port 41153
2022-03-03 13:56:49,635 [pool-403-thread-1] INFO  server.RaftServerConfigKeys (ConfUtils.java:logGet(44)) - raft.server.log.write.buffer.size = 64KB (=65536) (default)
2022-03-03 13:56:49,635 [pool-403-thread-1] INFO  server.RaftServerConfigKeys (ConfUtils.java:logGet(44)) - raft.server.log.statemachine.data.caching.enabled = false (default)
2022-03-03 13:56:49,636 [pool-403-thread-1] INFO  segmented.SegmentedRaftLogWorker (SegmentedRaftLogWorker.java:lambda$new$0(133)) - omNode-bootstrap-2@group-0AAC5367B30E-SegmentedRaftLogWorker: flushIndex: setUnconditionally 0 -> -1
2022-03-03 13:56:49,636 [pool-403-thread-1] INFO  segmented.SegmentedRaftLogWorker (SegmentedRaftLogWorker.java:lambda$new$0(133)) - omNode-bootstrap-2@group-0AAC5367B30E-SegmentedRaftLogWorker: safeCacheEvictIndex: setUnconditionally 0 -> -1
2022-03-03 13:56:49,639 [pool-403-thread-1] INFO  server.RaftServerConfigKeys (ConfUtils.java:logGet(44)) - raft.server.snapshot.auto.trigger.enabled = true (custom)
2022-03-03 13:56:49,639 [pool-403-thread-1] INFO  server.RaftServerConfigKeys (ConfUtils.java:logGet(44)) - raft.server.snapshot.auto.trigger.threshold = 400000 (default)
2022-03-03 13:56:49,639 [pool-403-thread-1] INFO  server.RaftServerConfigKeys (ConfUtils.java:logGet(44)) - raft.server.snapshot.retention.file.num = -1 (default)
2022-03-03 13:56:49,639 [pool-403-thread-1] INFO  server.RaftServerConfigKeys (ConfUtils.java:logGet(44)) - raft.server.log.purge.upto.snapshot.index = true (custom)
2022-03-03 13:56:49,639 [pool-403-thread-1] INFO  server.RaftServerConfigKeys (ConfUtils.java:logGet(44)) - raft.server.retrycache.expirytime = 300s (custom)
2022-03-03 13:56:49,639 [pool-403-thread-1] INFO  server.RaftServerConfigKeys (ConfUtils.java:logGet(44)) - raft.server.retrycache.statistics.expirytime = 100μs (default)
2022-03-03 13:56:49,665 [Listener at 127.0.0.1/41153] WARN  om.OzoneManager (OzoneManager.java:start(1357)) - Skipped checking whether existing OM configs have been updated with this OM information as force bootstrap is called.
2022-03-03 13:56:49,666 [Listener at 127.0.0.1/41153] INFO  impl.MetricsSystemImpl (MetricsSystemImpl.java:init(158)) - OzoneManager metrics system started (again)
2022-03-03 13:56:49,697 [Listener at 127.0.0.1/41153] INFO  om.OzoneManager (OzoneManager.java:start(1365)) - OzoneManager RPC server is listening at localhost/127.0.0.1:41153
2022-03-03 13:56:49,697 [Listener at 127.0.0.1/41153] INFO  ratis.OzoneManagerRatisServer (OzoneManagerRatisServer.java:start(554)) - Starting OzoneManagerRatisServer omNode-bootstrap-2 at port 38883
2022-03-03 13:56:49,698 [Listener at 127.0.0.1/41153] INFO  server.RaftServer$Division (RaftServerImpl.java:start(304)) - omNode-bootstrap-2@group-0AAC5367B30E: start with initializing state, conf=-1: [], old=null
2022-03-03 13:56:49,698 [Listener at 127.0.0.1/41153] INFO  server.RaftServer$Division (RaftServerImpl.java:setRole(290)) - omNode-bootstrap-2@group-0AAC5367B30E: changes role from      null to FOLLOWER at term 0 for startInitializing
2022-03-03 13:56:49,698 [Listener at 127.0.0.1/41153] INFO  util.JmxRegister (JmxRegister.java:tryRegister(44)) - Successfully registered JMX Bean with object name Ratis:service=RaftServer,group=group-0AAC5367B30E,id=omNode-bootstrap-2
2022-03-03 13:56:49,699 [Listener at 127.0.0.1/41153] INFO  server.RaftServer (RaftServerProxy.java:lambda$start$5(374)) - omNode-bootstrap-2: start RPC server
2022-03-03 13:56:49,699 [Listener at 127.0.0.1/41153] INFO  server.GrpcService (GrpcService.java:startImpl(253)) - omNode-bootstrap-2: GrpcService started, listening on 38883
2022-03-03 13:56:49,707 [Listener at 127.0.0.1/41153] INFO  om.OzoneManager (OzoneManager.java:start(1381)) - Version File has different layout version (0) than OM DB (null). That is expected if this OM has never been finalized to a newer layout version.
2022-03-03 13:56:49,707 [org.apache.ratis.util.JvmPauseMonitor$$Lambda$435/931852204@6b7d4349] INFO  util.JvmPauseMonitor (JvmPauseMonitor.java:run(103)) - JvmPauseMonitor-omNode-bootstrap-2: Started
2022-03-03 13:56:49,710 [Listener at 127.0.0.1/41153] INFO  http.BaseHttpServer (BaseHttpServer.java:newHttpServer2BuilderForOzone(209)) - Starting Web-server for ozoneManager at: http://0.0.0.0:40707
2022-03-03 13:56:49,710 [Listener at 127.0.0.1/41153] INFO  http.BaseHttpServer (BaseHttpServer.java:<init>(107)) - Hadoop Security Enabled: false Ozone Security Enabled: false Ozone HTTP Security Enabled: false 
2022-03-03 13:56:49,711 [Listener at 127.0.0.1/41153] INFO  server.AuthenticationFilter (AuthenticationFilter.java:constructSecretProvider(240)) - Unable to initialize FileSignerSecretProvider, falling back to use random secrets.
2022-03-03 13:56:49,719 [Listener at 127.0.0.1/41153] WARN  http.HttpRequestLog (HttpRequestLog.java:getRequestLog(103)) - Jetty request log can only be enabled using Log4j
2022-03-03 13:56:49,720 [Listener at 127.0.0.1/41153] INFO  http.HttpServer2 (HttpServer2.java:addGlobalFilter(1030)) - Added global filter 'safety' (class=org.apache.hadoop.hdds.server.http.HttpServer2$QuotingInputFilter)
2022-03-03 13:56:49,720 [Listener at 127.0.0.1/41153] INFO  http.HttpServer2 (HttpServer2.java:addFilter(1006)) - Added filter static_user_filter (class=org.apache.hadoop.http.lib.StaticUserWebFilter$StaticUserFilter) to context ozoneManager
2022-03-03 13:56:49,720 [Listener at 127.0.0.1/41153] INFO  http.HttpServer2 (HttpServer2.java:addFilter(1014)) - Added filter static_user_filter (class=org.apache.hadoop.http.lib.StaticUserWebFilter$StaticUserFilter) to context logs
2022-03-03 13:56:49,721 [Listener at 127.0.0.1/41153] INFO  http.HttpServer2 (HttpServer2.java:addFilter(1014)) - Added filter static_user_filter (class=org.apache.hadoop.http.lib.StaticUserWebFilter$StaticUserFilter) to context static
2022-03-03 13:56:49,721 [Listener at 127.0.0.1/41153] INFO  http.HttpServer2 (HttpServer2.java:bindListener(1249)) - Jetty bound to port 40707
2022-03-03 13:56:49,721 [Listener at 127.0.0.1/41153] INFO  server.Server (Server.java:doStart(375)) - jetty-9.4.43.v20210629; built: 2021-06-30T11:07:22.254Z; git: 526006ecfa3af7f1a27ef3a288e2bef7ea9dd7e8; jvm 1.8.0_322-b06
2022-03-03 13:56:49,754 [Listener at 127.0.0.1/41153] INFO  server.session (DefaultSessionIdManager.java:doStart(334)) - DefaultSessionIdManager workerName=node0
2022-03-03 13:56:49,754 [Listener at 127.0.0.1/41153] INFO  server.session (DefaultSessionIdManager.java:doStart(339)) - No SessionScavenger set, using defaults
2022-03-03 13:56:49,754 [Listener at 127.0.0.1/41153] INFO  server.session (HouseKeeper.java:startScavenging(132)) - node0 Scavenging every 660000ms
2022-03-03 13:56:49,755 [Listener at 127.0.0.1/41153] INFO  handler.ContextHandler (ContextHandler.java:doStart(915)) - Started o.e.j.s.ServletContextHandler@2f8cd47f{logs,/logs,file:///home/runner/work/ozone/ozone/hadoop-ozone/integration-test/target/log,AVAILABLE}
2022-03-03 13:56:49,755 [Listener at 127.0.0.1/41153] INFO  handler.ContextHandler (ContextHandler.java:doStart(915)) - Started o.e.j.s.ServletContextHandler@30fb7298{static,/static,file:///home/runner/work/ozone/ozone/hadoop-ozone/integration-test/target/test-classes/webapps/static,AVAILABLE}
2022-03-03 13:56:49,760 [Listener at 127.0.0.1/41153] INFO  handler.ContextHandler (ContextHandler.java:doStart(915)) - Started o.e.j.w.WebAppContext@7022b517{ozoneManager,/,file:///home/runner/work/ozone/ozone/hadoop-ozone/integration-test/target/test-classes/webapps/ozoneManager/,AVAILABLE}{file:/home/runner/work/ozone/ozone/hadoop-ozone/integration-test/target/test-classes/webapps/ozoneManager}
2022-03-03 13:56:49,767 [Listener at 127.0.0.1/41153] INFO  server.AbstractConnector (AbstractConnector.java:doStart(331)) - Started ServerConnector@78a568d1{HTTP/1.1, (http/1.1)}{0.0.0.0:40707}
2022-03-03 13:56:49,767 [Listener at 127.0.0.1/41153] INFO  server.Server (Server.java:doStart(415)) - Started @100629ms
2022-03-03 13:56:49,767 [Listener at 127.0.0.1/41153] WARN  impl.MetricsSystemImpl (MetricsSystemImpl.java:register(279)) - Sink prometheus already exists!
2022-03-03 13:56:49,769 [Listener at 127.0.0.1/41153] INFO  http.BaseHttpServer (BaseHttpServer.java:updateConnectorAddress(329)) - HTTP server of ozoneManager listening at http://0.0.0.0:40707
2022-03-03 13:56:49,774 [IPC Server Responder] INFO  ipc.Server (Server.java:run(1507)) - IPC Server Responder: starting
2022-03-03 13:56:49,778 [IPC Server listener on 41153] INFO  ipc.Server (Server.java:run(1344)) - IPC Server listener on 41153: starting
2022-03-03 13:56:49,788 [Listener at 127.0.0.1/41153] INFO  om.OzoneManager (OzoneManager.java:startTrashEmptier(1792)) - Trash Interval set to 0. Files deleted will not move to trash
2022-03-03 13:56:49,789 [org.apache.hadoop.util.JvmPauseMonitor$Monitor@714f1487] INFO  util.JvmPauseMonitor (JvmPauseMonitor.java:run(188)) - Starting JVM pause monitor
2022-03-03 13:56:49,799 [IPC Server handler 6 on default port 42531] INFO  ratis.OzoneManagerRatisServer (OzoneManagerRatisServer.java:addOMToRatisRing(309)) - omNode-1: Submitting SetConfiguration request to Ratis server to add new OM peer omNode-bootstrap-2|rpc:localhost:38883|priority:0 to the Ratis group group-0AAC5367B30E:[omNode-1|rpc:localhost:46107|priority:0]
2022-03-03 13:56:49,799 [IPC Server handler 6 on default port 42531] INFO  server.RaftServer$Division (RaftServerImpl.java:setConfigurationAsync(974)) - omNode-1@group-0AAC5367B30E: receive setConfiguration SetConfigurationRequest:client-C9502CFE688C->omNode-1@group-0AAC5367B30E, cid=1, seq=0, RW, null, peers:[omNode-1|rpc:localhost:46107|priority:0, omNode-bootstrap-2|rpc:localhost:38883|priority:0]
2022-03-03 13:56:49,799 [IPC Server handler 6 on default port 42531] INFO  server.RaftServer$Division (LeaderStateImpl.java:startSetConfiguration(358)) - omNode-1@group-0AAC5367B30E-LeaderStateImpl: startSetConfiguration SetConfigurationRequest:client-C9502CFE688C->omNode-1@group-0AAC5367B30E, cid=1, seq=0, RW, null, peers:[omNode-1|rpc:localhost:46107|priority:0, omNode-bootstrap-2|rpc:localhost:38883|priority:0]
2022-03-03 13:56:49,799 [IPC Server handler 6 on default port 42531] INFO  server.RaftServerConfigKeys (ConfUtils.java:logGet(44)) - raft.server.log.appender.snapshot.chunk.size.max = 16MB (=16777216) (default)
2022-03-03 13:56:49,799 [IPC Server handler 6 on default port 42531] INFO  server.RaftServerConfigKeys (ConfUtils.java:logGet(44)) - raft.server.log.appender.buffer.byte-limit = 33554432 (custom)
2022-03-03 13:56:49,799 [IPC Server handler 6 on default port 42531] INFO  server.RaftServerConfigKeys (ConfUtils.java:logGet(44)) - raft.server.log.appender.buffer.element-limit = 1024 (custom)
2022-03-03 13:56:49,800 [IPC Server handler 6 on default port 42531] INFO  grpc.GrpcConfigKeys (ConfUtils.java:logGet(44)) - raft.grpc.server.leader.outstanding.appends.max = 128 (default)
2022-03-03 13:56:49,800 [IPC Server handler 6 on default port 42531] INFO  server.RaftServerConfigKeys (ConfUtils.java:logGet(44)) - raft.server.rpc.request.timeout = 3000ms (default)
2022-03-03 13:56:49,801 [IPC Server handler 6 on default port 42531] INFO  server.RaftServerConfigKeys (ConfUtils.java:logGet(44)) - raft.server.log.appender.install.snapshot.enabled = false (custom)
2022-03-03 13:56:49,827 [grpc-default-executor-2] INFO  server.RaftServer$Division (RaftServerImpl.java:installSnapshot(1332)) - omNode-bootstrap-2@group-0AAC5367B30E: receive installSnapshot: omNode-1->omNode-bootstrap-2#0-t1,notify:(t:1, i:8)
2022-03-03 13:56:49,828 [grpc-default-executor-2] INFO  server.RaftServer$Division (ServerState.java:setLeader(285)) - omNode-bootstrap-2@group-0AAC5367B30E: change Leader from null to omNode-1 at term 1 for installSnapshot, leader elected after 209ms
2022-03-03 13:56:49,828 [grpc-default-executor-2] INFO  server.RaftServer$Division (RaftServerImpl.java:notifyStateMachineToInstallSnapshot(1551)) - omNode-bootstrap-2@group-0AAC5367B30E: Received notification to install snapshot at index 8
2022-03-03 13:56:49,828 [grpc-default-executor-2] INFO  server.RaftServer$Division (RaftServerImpl.java:notifyStateMachineToInstallSnapshot(1582)) - omNode-bootstrap-2@group-0AAC5367B30E: notifyInstallSnapshot: nextIndex is 0 but the leader's first available index is 8.
2022-03-03 13:56:49,828 [grpc-default-executor-2] INFO  ratis.OzoneManagerStateMachine (OzoneManagerStateMachine.java:notifyInstallSnapshotFromLeader(446)) - Received install snapshot notification from OM leader: omNode-1 with term index: (t:1, i:8)
2022-03-03 13:56:49,835 [pool-402-thread-1] INFO  om.OzoneManager (OzoneManager.java:getDBCheckpointFromLeader(3276)) - Downloading checkpoint from leader OM omNode-1 and reloading state from the checkpoint.
2022-03-03 13:56:49,839 [pool-402-thread-1] INFO  snapshot.OzoneManagerSnapshotProvider (OzoneManagerSnapshotProvider.java:getOzoneManagerDBSnapshot(122)) - Downloading latest checkpoint from Leader OM omNode-1. Checkpoint URL: http://127.0.0.1:33345/dbCheckpoint?flushBeforeCheckpoint=true
2022-03-03 13:56:49,858 [qtp474446675-1397] INFO  utils.DBCheckpointServlet (DBCheckpointServlet.java:doGet(110)) - Received request to obtain DB checkpoint snapshot
2022-03-03 13:56:49,873 [qtp474446675-1397] INFO  db.RDBCheckpointManager (RDBCheckpointManager.java:createCheckpoint(86)) - Created checkpoint at /home/runner/work/ozone/ozone/hadoop-ozone/integration-test/target/test-dir/MiniOzoneClusterImpl-66b45f8e-1cec-491e-b66c-9260b08df491/omNode-1/db.checkpoints/om.db_checkpoint_1646315809859 in 13 milliseconds
2022-03-03 13:56:49,880 [qtp474446675-1397] INFO  utils.DBCheckpointServlet (DBCheckpointServlet.java:doGet(183)) - Time taken to write the checkpoint to response output stream: 4 milliseconds
2022-03-03 13:56:49,880 [qtp474446675-1397] INFO  db.RocksDBCheckpoint (RocksDBCheckpoint.java:cleanupCheckpoint(78)) - Cleaning up RocksDB checkpoint at /home/runner/work/ozone/ozone/hadoop-ozone/integration-test/target/test-dir/MiniOzoneClusterImpl-66b45f8e-1cec-491e-b66c-9260b08df491/omNode-1/db.checkpoints/om.db_checkpoint_1646315809859
2022-03-03 13:56:49,912 [pool-402-thread-1] INFO  snapshot.OzoneManagerSnapshotProvider (OzoneManagerSnapshotProvider.java:getOzoneManagerDBSnapshot(147)) - Successfully downloaded latest checkpoint from leader OM: omNode-1
2022-03-03 13:56:49,912 [pool-402-thread-1] INFO  om.OzoneManager (OzoneManager.java:installSnapshotFromLeader(3151)) - Downloaded checkpoint from Leader omNode-1 to the location /home/runner/work/ozone/ozone/hadoop-ozone/integration-test/target/test-dir/MiniOzoneClusterImpl-66b45f8e-1cec-491e-b66c-9260b08df491/omNode-bootstrap-2/snapshot/om.db-omNode-1-1646315809839
2022-03-03 13:56:49,977 [pool-402-thread-1] INFO  om.OzoneManager (OzoneManager.java:installCheckpoint(3176)) - Installing checkpoint with OMTransactionInfo 1#7
2022-03-03 13:56:49,979 [pool-402-thread-1] INFO  utils.BackgroundService (BackgroundService.java:shutdown(132)) - Shutting down service KeyDeletingService
2022-03-03 13:56:49,985 [pool-402-thread-1] INFO  utils.BackgroundService (BackgroundService.java:shutdown(132)) - Shutting down service DirectoryDeletingService
2022-03-03 13:56:49,988 [pool-402-thread-1] INFO  ratis.OzoneManagerDoubleBuffer (OzoneManagerDoubleBuffer.java:stop(437)) - Stopping OMDoubleBuffer flush thread
2022-03-03 13:56:49,989 [OMDoubleBufferFlushThread] INFO  ratis.OzoneManagerDoubleBuffer (OzoneManagerDoubleBuffer.java:flushTransactions(356)) - OMDoubleBuffer flush thread OMDoubleBufferFlushThread is interrupted and will exit. OMDoubleBufferFlushThread
2022-03-03 13:56:49,991 [pool-402-thread-1] INFO  om.OzoneManager (OzoneManager.java:installCheckpoint(3222)) - Replaced DB with checkpoint from OM: omNode-1, term: 1, index: 7
2022-03-03 13:56:49,992 [pool-402-thread-1] WARN  server.ServerUtils (ServerUtils.java:getDBPath(225)) - ozone.om.db.dirs is not configured. We recommend adding this setting. Falling back to ozone.metadata.dirs instead.
2022-03-03 13:56:49,995 [pool-402-thread-1] INFO  codec.OmKeyInfoCodec (OmKeyInfoCodec.java:<init>(50)) - OmKeyInfoCodec ignorePipeline = true
2022-03-03 13:56:49,995 [pool-402-thread-1] INFO  codec.RepeatedOmKeyInfoCodec (RepeatedOmKeyInfoCodec.java:<init>(42)) - RepeatedOmKeyInfoCodec ignorePipeline = true
2022-03-03 13:56:50,085 [pool-402-thread-1] INFO  om.OzoneManager (OzoneManager.java:startTrashEmptier(1792)) - Trash Interval set to 0. Files deleted will not move to trash
2022-03-03 13:56:50,089 [pool-402-thread-1] INFO  om.OzoneManager (OzoneManager.java:installCheckpoint(3240)) - Reloaded OM state with Term: 1 and Index: 7
2022-03-03 13:56:50,089 [pool-402-thread-1] INFO  server.RaftServer$Division (RaftServerImpl.java:lambda$notifyStateMachineToInstallSnapshot$30(1595)) - omNode-bootstrap-2@group-0AAC5367B30E: StateMachine successfully installed snapshot index 7. Reloading the StateMachine.
2022-03-03 13:56:50,089 [pool-402-thread-1] INFO  ratis.OzoneManagerDoubleBuffer (OzoneManagerDoubleBuffer.java:stop(437)) - Stopping OMDoubleBuffer flush thread
2022-03-03 13:56:50,095 [pool-402-thread-1] INFO  segmented.SegmentedRaftLogWorker (SegmentedRaftLogWorker.java:lambda$new$0(133)) - omNode-bootstrap-2@group-0AAC5367B30E-SegmentedRaftLogWorker: flushIndex: setUnconditionally -1 -> 7
2022-03-03 13:56:50,095 [pool-402-thread-1] INFO  segmented.SegmentedRaftLogWorker (SegmentedRaftLogWorker.java:lambda$new$0(133)) - omNode-bootstrap-2@group-0AAC5367B30E-SegmentedRaftLogWorker: safeCacheEvictIndex: setUnconditionally -1 -> 7
2022-03-03 13:56:50,095 [pool-402-thread-1] INFO  raftlog.RaftLog (RaftLogBase.java:lambda$new$0(53)) - omNode-bootstrap-2@group-0AAC5367B30E-SegmentedRaftLog: snapshotIndex: updateIncreasingly -1 -> 7
2022-03-03 13:56:50,095 [grpc-default-executor-2] INFO  server.RaftServer$Division (RaftServerImpl.java:notifyStateMachineToInstallSnapshot(1638)) - omNode-bootstrap-2@group-0AAC5367B30E: InstallSnapshot notification result: SNAPSHOT_INSTALLED, at index: 7
2022-03-03 13:56:50,095 [omNode-bootstrap-2@group-0AAC5367B30E-StateMachineUpdater] INFO  ratis.OzoneManagerStateMachine (OzoneManagerStateMachine.java:loadSnapshotInfoFromDB(605)) - LastAppliedIndex is set from TransactionInfo from OM DB as (t:1, i:7)
2022-03-03 13:56:50,095 [grpc-default-executor-2] INFO  server.RaftServer$Division (RaftServerImpl.java:installSnapshotImpl(1462)) - omNode-bootstrap-2@group-0AAC5367B30E: set new configuration configurationEntry {
  peers {
    id: "omNode-1"
    address: "localhost:46107"
  }
}
 from snapshot
2022-03-03 13:56:50,097 [EndpointStateMachine task thread for /127.0.0.1:35581 - 0 ] INFO  ipc.Client (Client.java:handleConnectionFailure(977)) - Retrying connect to server: localhost/127.0.0.1:35581. Already tried 3 time(s); retry policy is RetryUpToMaximumCountWithFixedSleep(maxRetries=15, sleepTime=1000 MILLISECONDS)
2022-03-03 13:56:50,108 [omNode-bootstrap-2@group-0AAC5367B30E-StateMachineUpdater] INFO  impl.StateMachineUpdater (StateMachineUpdater.java:lambda$new$0(89)) - omNode-bootstrap-2@group-0AAC5367B30E-StateMachineUpdater: snapshotIndex: setUnconditionally -1 -> 7
2022-03-03 13:56:50,108 [omNode-bootstrap-2@group-0AAC5367B30E-StateMachineUpdater] INFO  impl.StateMachineUpdater (StateMachineUpdater.java:lambda$new$0(89)) - omNode-bootstrap-2@group-0AAC5367B30E-StateMachineUpdater: appliedIndex: setUnconditionally -1 -> 7
2022-03-03 13:56:50,108 [grpc-default-executor-2] INFO  server.RaftServer$Division (ServerState.java:setRaftConf(387)) - omNode-bootstrap-2@group-0AAC5367B30E: set configuration 0: [omNode-1|rpc:localhost:46107|admin:|client:|dataStream:|priority:0], old=null
2022-03-03 13:56:50,108 [grpc-default-executor-2] INFO  ratis.OzoneManagerStateMachine (OzoneManagerStateMachine.java:notifyConfigurationChanged(188)) - Received Configuration change notification from Ratis. New Peer list:
[id: "omNode-1"
address: "localhost:46107"
]
2022-03-03 13:56:50,108 [grpc-default-executor-2] INFO  ratis.OzoneManagerRatisServer (OzoneManagerRatisServer.java:addRaftPeer(400)) - Added OM omNode-1 to Ratis Peers list.
2022-03-03 13:56:50,108 [grpc-default-executor-2] INFO  om.OzoneManager (OzoneManager.java:addOMNodeToPeers(1712)) - Added OM omNode-1 to the Peer list.
2022-03-03 13:56:50,108 [grpc-default-executor-2] INFO  server.RaftServer$Division (RaftServerImpl.java:installSnapshot(1343)) - omNode-bootstrap-2@group-0AAC5367B30E: reply installSnapshot: omNode-1<-omNode-bootstrap-2#0:FAIL-t0,SNAPSHOT_INSTALLED,snapshotIndex=7
2022-03-03 13:56:50,109 [grpc-default-executor-2] INFO  server.GrpcServerProtocolService (GrpcServerProtocolService.java:onCompleted(140)) - omNode-bootstrap-2: Completed INSTALL_SNAPSHOT, lastRequest: omNode-1->omNode-bootstrap-2#0-t1,notify:(t:1, i:8)
2022-03-03 13:56:50,116 [grpc-default-executor-2] INFO  impl.RoleInfo (RoleInfo.java:updateAndGet(130)) - omNode-bootstrap-2: start omNode-bootstrap-2@group-0AAC5367B30E-FollowerState
2022-03-03 13:56:50,119 [grpc-default-executor-2] INFO  segmented.SegmentedRaftLogWorker (SegmentedRaftLogWorker.java:startLogSegment(394)) - omNode-bootstrap-2@group-0AAC5367B30E-SegmentedRaftLogWorker: Starting segment from index:8
2022-03-03 13:56:50,133 [omNode-bootstrap-2@group-0AAC5367B30E-SegmentedRaftLogWorker] INFO  segmented.SegmentedRaftLogWorker (SegmentedRaftLogWorker.java:execute(601)) - omNode-bootstrap-2@group-0AAC5367B30E-SegmentedRaftLogWorker: created new log segment /home/runner/work/ozone/ozone/hadoop-ozone/integration-test/target/test-dir/MiniOzoneClusterImpl-66b45f8e-1cec-491e-b66c-9260b08df491/omNode-bootstrap-2/ratis/0718e334-ffa1-36bc-8e9a-0aac5367b30e/current/log_inprogress_8
2022-03-03 13:56:50,145 [omNode-1@group-0AAC5367B30E-LeaderStateImpl] INFO  server.RaftServer$Division (ServerState.java:setRaftConf(387)) - omNode-1@group-0AAC5367B30E: set configuration 9: [omNode-bootstrap-2|rpc:localhost:38883|priority:0, omNode-1|rpc:localhost:46107|priority:0], old=[omNode-1|rpc:localhost:46107|admin:|client:|dataStream:|priority:0]
2022-03-03 13:56:50,146 [grpc-default-executor-2] INFO  server.RaftServer$Division (ServerState.java:setRaftConf(387)) - omNode-bootstrap-2@group-0AAC5367B30E: set configuration 9: [omNode-bootstrap-2|rpc:localhost:38883|admin:|client:|dataStream:|priority:0, omNode-1|rpc:localhost:46107|admin:|client:|dataStream:|priority:0], old=[omNode-1|rpc:localhost:46107|admin:|client:|dataStream:|priority:0]
2022-03-03 13:56:50,153 [omNode-1@group-0AAC5367B30E-LeaderStateImpl] INFO  server.RaftServer$Division (ServerState.java:setRaftConf(387)) - omNode-1@group-0AAC5367B30E: set configuration 11: [omNode-bootstrap-2|rpc:localhost:38883|priority:0, omNode-1|rpc:localhost:46107|priority:0], old=null
2022-03-03 13:56:50,154 [omNode-1@group-0AAC5367B30E-StateMachineUpdater] INFO  ratis.OzoneManagerStateMachine (OzoneManagerStateMachine.java:notifyConfigurationChanged(188)) - Received Configuration change notification from Ratis. New Peer list:
[id: "omNode-bootstrap-2"
address: "localhost:38883"
, id: "omNode-1"
address: "localhost:46107"
]
2022-03-03 13:56:50,154 [omNode-1@group-0AAC5367B30E-StateMachineUpdater] ERROR om.OzoneManager (OzoneManager.java:addOMNodeToPeers(1699)) - omNode-1: Couldn't add OM omNode-bootstrap-2 to peer list.
2022-03-03 13:56:50,158 [grpc-default-executor-2] INFO  server.RaftServer$Division (ServerState.java:setRaftConf(387)) - omNode-bootstrap-2@group-0AAC5367B30E: set configuration 11: [omNode-bootstrap-2|rpc:localhost:38883|admin:|client:|dataStream:|priority:0, omNode-1|rpc:localhost:46107|admin:|client:|dataStream:|priority:0], old=null
2022-03-03 13:56:50,159 [omNode-bootstrap-2@group-0AAC5367B30E-StateMachineUpdater] INFO  ratis.OzoneManagerStateMachine (OzoneManagerStateMachine.java:notifyConfigurationChanged(188)) - Received Configuration change notification from Ratis. New Peer list:
[id: "omNode-bootstrap-2"
address: "localhost:38883"
, id: "omNode-1"
address: "localhost:46107"
]
2022-03-03 13:56:50,159 [omNode-bootstrap-2@group-0AAC5367B30E-StateMachineUpdater] INFO  ratis.OzoneManagerRatisServer (OzoneManagerRatisServer.java:addRaftPeer(400)) - Added OM omNode-bootstrap-2 to Ratis Peers list.
2022-03-03 13:56:50,159 [omNode-bootstrap-2@group-0AAC5367B30E-StateMachineUpdater] INFO  ratis.OzoneManagerRatisServer (OzoneManagerRatisServer.java:addRaftPeer(400)) - Added OM omNode-1 to Ratis Peers list.
2022-03-03 13:56:50,154 [omNode-1@group-0AAC5367B30E-StateMachineUpdater] ERROR ozone.MiniOzoneHAClusterImpl (MiniOzoneHAClusterImpl.java:exitSystem(1076)) - omNode-1 - System Exit: There is no OM configuration for node ID omNode-bootstrap-2 in ozone-site.xml.
java.io.IOException: There is no OM configuration for node ID omNode-bootstrap-2 in ozone-site.xml.
	at org.apache.hadoop.ozone.om.OzoneManager.addOMNodeToPeers(OzoneManager.java:1694)
	at org.apache.hadoop.ozone.om.OzoneManager.updatePeerList(OzoneManager.java:1635)
	at org.apache.hadoop.ozone.om.ratis.OzoneManagerStateMachine.notifyConfigurationChanged(OzoneManagerStateMachine.java:196)
	at org.apache.ratis.server.impl.RaftServerImpl.applyLogToStateMachine(RaftServerImpl.java:1708)
	at org.apache.ratis.server.impl.StateMachineUpdater.applyLog(StateMachineUpdater.java:234)
	at org.apache.ratis.server.impl.StateMachineUpdater.run(StateMachineUpdater.java:179)
	at java.lang.Thread.run(Thread.java:750)
2022-03-03 13:56:50,164 [omNode-1@group-0AAC5367B30E-StateMachineUpdater] INFO  om.OzoneManager (OzoneManager.java:stop(1893)) - omNode-1[localhost:42531]: Stopping Ozone Manager
2022-03-03 13:56:50,164 [IPC Server handler 6 on default port 42531] INFO  ratis.OzoneManagerRatisServer (OzoneManagerRatisServer.java:addOMToRatisRing(323)) - Added OM omNode-bootstrap-2 to Ratis group group-0AAC5367B30E.
2022-03-03 13:56:50,165 [Listener at 127.0.0.1/41153] INFO  om.OzoneManager (OzoneManager.java:bootstrap(1584)) - Successfully bootstrapped OM omNode-bootstrap-2 and joined the Ratis group group-0AAC5367B30E:[]
2022-03-03 13:56:50,165 [Listener at 127.0.0.1/41153] INFO  ozone.MiniOzoneHAClusterImpl (MiniOzoneHAClusterImpl.java:bootstrapOzoneManager(776)) - Bootstrapped OzoneManager omNode-bootstrap-2 RPC server at localhost/127.0.0.1:41153
2022-03-03 13:56:50,166 [Listener at 127.0.0.1/41153] INFO  ozone.MiniOzoneClusterImpl (MiniOzoneClusterImpl.java:shutdown(449)) - Shutting down the Mini Ozone Cluster
2022-03-03 13:56:50,166 [Listener at 127.0.0.1/41153] INFO  ozone.MiniOzoneHAClusterImpl (MiniOzoneHAClusterImpl.java:stop(308)) - Stopping the OzoneManager omNode-1
2022-03-03 13:56:50,166 [Listener at 127.0.0.1/41153] INFO  om.OzoneManager (OzoneManager.java:stop(1893)) - omNode-1[localhost:42531]: Stopping Ozone Manager
2022-03-03 13:56:50,166 [Listener at 127.0.0.1/41153] INFO  ipc.Server (Server.java:stop(3414)) - Stopping server on 42531
2022-03-03 13:56:50,175 [IPC Server Responder] INFO  ipc.Server (Server.java:run(1512)) - Stopping IPC Server Responder
2022-03-03 13:56:50,175 [IPC Server listener on 42531] INFO  ipc.Server (Server.java:run(1376)) - Stopping IPC Server listener on 42531
2022-03-03 13:56:50,175 [omNode-1@group-0AAC5367B30E-StateMachineUpdater] INFO  ipc.Server (Server.java:stop(3414)) - Stopping server on 42531
2022-03-03 13:56:50,175 [omNode-1@group-0AAC5367B30E-StateMachineUpdater] INFO  server.RaftServer (RaftServerProxy.java:lambda$close$6(391)) - omNode-1: close
2022-03-03 13:56:50,176 [omNode-1@group-0AAC5367B30E-StateMachineUpdater] INFO  server.RaftServer$Division (RaftServerImpl.java:lambda$close$4(412)) - omNode-1@group-0AAC5367B30E: shutdown
2022-03-03 13:56:50,176 [omNode-1@group-0AAC5367B30E-StateMachineUpdater] INFO  util.JmxRegister (JmxRegister.java:unregister(73)) - Successfully un-registered JMX Bean with object name Ratis:service=RaftServer,group=group-0AAC5367B30E,id=omNode-1
2022-03-03 13:56:50,176 [omNode-1@group-0AAC5367B30E-StateMachineUpdater] INFO  impl.RoleInfo (RoleInfo.java:shutdownLeaderState(91)) - omNode-1: shutdown omNode-1@group-0AAC5367B30E-LeaderStateImpl
2022-03-03 13:56:50,177 [omNode-bootstrap-2@group-0AAC5367B30E-StateMachineUpdater] INFO  ratis.OzoneManagerStateMachine (OzoneManagerStateMachine.java:notifyConfigurationChanged(188)) - Received Configuration change notification from Ratis. New Peer list:
[id: "omNode-bootstrap-2"
address: "localhost:38883"
, id: "omNode-1"
address: "localhost:46107"
]
2022-03-03 13:56:50,177 [org.apache.ratis.util.JvmPauseMonitor$$Lambda$435/931852204@79228fe9] INFO  util.JvmPauseMonitor (JvmPauseMonitor.java:run(109)) - JvmPauseMonitor-omNode-1: Stopped
2022-03-03 13:56:50,177 [Listener at 127.0.0.1/41153] INFO  ratis.OzoneManagerDoubleBuffer (OzoneManagerDoubleBuffer.java:stop(437)) - Stopping OMDoubleBuffer flush thread
2022-03-03 13:56:50,177 [OMDoubleBufferFlushThread] INFO  ratis.OzoneManagerDoubleBuffer (OzoneManagerDoubleBuffer.java:flushTransactions(356)) - OMDoubleBuffer flush thread OMDoubleBufferFlushThread is interrupted and will exit. OMDoubleBufferFlushThread
2022-03-03 13:56:50,178 [grpc-default-executor-2] INFO  server.GrpcServerProtocolService (GrpcServerProtocolService.java:onCompleted(140)) - omNode-bootstrap-2: Completed APPEND_ENTRIES, lastRequest: omNode-1->omNode-bootstrap-2#6-t1,previous=(t:1, i:11),leaderCommit=11,initializing? true,entries: size=1, first=(t:1, i:12), METADATAENTRY(c:11)
2022-03-03 13:56:50,187 [omNode-1@group-0AAC5367B30E-StateMachineUpdater] INFO  impl.PendingRequests (PendingRequests.java:sendNotLeaderResponses(282)) - omNode-1@group-0AAC5367B30E-PendingRequests: sendNotLeaderResponses
2022-03-03 13:56:50,188 [Listener at 127.0.0.1/41153] INFO  utils.BackgroundService (BackgroundService.java:shutdown(132)) - Shutting down service KeyDeletingService
2022-03-03 13:56:50,188 [Listener at 127.0.0.1/41153] INFO  utils.BackgroundService (BackgroundService.java:shutdown(132)) - Shutting down service DirectoryDeletingService
2022-03-03 13:56:50,190 [Listener at 127.0.0.1/41153] INFO  handler.ContextHandler (ContextHandler.java:doStop(1153)) - Stopped o.e.j.w.WebAppContext@3cf0b5cc{ozoneManager,/,null,STOPPED}{file:/home/runner/work/ozone/ozone/hadoop-ozone/integration-test/target/test-classes/webapps/ozoneManager}
2022-03-03 13:56:50,189 [omNode-1@group-0AAC5367B30E-StateMachineUpdater] INFO  impl.StateMachineUpdater (StateMachineUpdater.java:stopAndJoin(149)) - omNode-1@group-0AAC5367B30E-StateMachineUpdater: set stopIndex = 11
2022-03-03 13:56:50,193 [Listener at 127.0.0.1/41153] INFO  server.AbstractConnector (AbstractConnector.java:doStop(381)) - Stopped ServerConnector@69f133af{HTTP/1.1, (http/1.1)}{0.0.0.0:33345}
2022-03-03 13:56:50,193 [Listener at 127.0.0.1/41153] INFO  server.session (HouseKeeper.java:stopScavenging(149)) - node0 Stopped scavenging
2022-03-03 13:56:50,193 [Listener at 127.0.0.1/41153] INFO  handler.ContextHandler (ContextHandler.java:doStop(1153)) - Stopped o.e.j.s.ServletContextHandler@7ad8ef65{static,/static,file:///home/runner/work/ozone/ozone/hadoop-ozone/integration-test/target/test-classes/webapps/static,STOPPED}
2022-03-03 13:56:50,193 [Listener at 127.0.0.1/41153] INFO  handler.ContextHandler (ContextHandler.java:doStop(1153)) - Stopped o.e.j.s.ServletContextHandler@2537b5c9{logs,/logs,file:///home/runner/work/ozone/ozone/hadoop-ozone/integration-test/target/log,STOPPED}
2022-03-03 13:56:50,196 [Listener at 127.0.0.1/41153] INFO  ozone.MiniOzoneHAClusterImpl (MiniOzoneHAClusterImpl.java:stop(308)) - Stopping the OzoneManager omNode-bootstrap-1
2022-03-03 13:56:50,196 [Listener at 127.0.0.1/41153] INFO  om.OzoneManager (OzoneManager.java:stop(1893)) - omNode-bootstrap-1[localhost:45247]: Stopping Ozone Manager
2022-03-03 13:56:50,196 [Listener at 127.0.0.1/41153] INFO  ipc.Server (Server.java:stop(3414)) - Stopping server on 45247
2022-03-03 13:56:50,197 [Listener at 127.0.0.1/41153] INFO  ozone.MiniOzoneHAClusterImpl (MiniOzoneHAClusterImpl.java:stop(308)) - Stopping the OzoneManager omNode-bootstrap-2
2022-03-03 13:56:50,197 [Listener at 127.0.0.1/41153] INFO  om.OzoneManager (OzoneManager.java:stop(1893)) - omNode-bootstrap-2[localhost:41153]: Stopping Ozone Manager
2022-03-03 13:56:50,203 [Listener at 127.0.0.1/41153] INFO  ipc.Server (Server.java:stop(3414)) - Stopping server on 41153
2022-03-03 13:56:50,203 [IPC Server listener on 41153] INFO  ipc.Server (Server.java:run(1376)) - Stopping IPC Server listener on 41153
2022-03-03 13:56:50,205 [IPC Server Responder] INFO  ipc.Server (Server.java:run(1512)) - Stopping IPC Server Responder
2022-03-03 13:56:50,205 [Listener at 127.0.0.1/41153] INFO  server.RaftServer (RaftServerProxy.java:lambda$close$6(391)) - omNode-bootstrap-2: close
2022-03-03 13:56:50,205 [Listener at 127.0.0.1/41153] INFO  server.RaftServer$Division (RaftServerImpl.java:lambda$close$4(412)) - omNode-bootstrap-2@group-0AAC5367B30E: shutdown
2022-03-03 13:56:50,205 [Listener at 127.0.0.1/41153] INFO  util.JmxRegister (JmxRegister.java:unregister(73)) - Successfully un-registered JMX Bean with object name Ratis:service=RaftServer,group=group-0AAC5367B30E,id=omNode-bootstrap-2
2022-03-03 13:56:50,205 [Listener at 127.0.0.1/41153] INFO  impl.RoleInfo (RoleInfo.java:shutdownFollowerState(108)) - omNode-bootstrap-2: shutdown omNode-bootstrap-2@group-0AAC5367B30E-FollowerState
2022-03-03 13:56:50,205 [omNode-bootstrap-2@group-0AAC5367B30E-FollowerState] INFO  impl.FollowerState (FollowerState.java:run(143)) - omNode-bootstrap-2@group-0AAC5367B30E-FollowerState was interrupted: {}
java.lang.InterruptedException: sleep interrupted
	at java.lang.Thread.sleep(Native Method)
	at java.lang.Thread.sleep(Thread.java:342)
	at java.util.concurrent.TimeUnit.sleep(TimeUnit.java:386)
	at org.apache.ratis.util.TimeDuration.sleep(TimeDuration.java:324)
	at org.apache.ratis.util.TimeDuration.sleep(TimeDuration.java:309)
	at org.apache.ratis.server.impl.FollowerState.run(FollowerState.java:118)
2022-03-03 13:56:50,205 [omNode-bootstrap-2@group-0AAC5367B30E-StateMachineUpdater] INFO  ratis.OzoneManagerStateMachine (OzoneManagerStateMachine.java:takeSnapshot(417)) - Current Snapshot Index (t:1, i:11)
2022-03-03 13:56:50,206 [omNode-bootstrap-2@group-0AAC5367B30E-StateMachineUpdater] INFO  impl.StateMachineUpdater (StateMachineUpdater.java:takeSnapshot(281)) - omNode-bootstrap-2@group-0AAC5367B30E-StateMachineUpdater: Took a snapshot at index 11
2022-03-03 13:56:50,206 [omNode-bootstrap-2@group-0AAC5367B30E-StateMachineUpdater] INFO  impl.StateMachineUpdater (StateMachineUpdater.java:lambda$new$0(89)) - omNode-bootstrap-2@group-0AAC5367B30E-StateMachineUpdater: snapshotIndex: updateIncreasingly 7 -> 11
2022-03-03 13:56:50,206 [omNode-bootstrap-2@group-0AAC5367B30E-StateMachineUpdater] INFO  ratis.OzoneManagerStateMachine (OzoneManagerStateMachine.java:close(471)) - StateMachine has shutdown. Shutdown OzoneManager if not already shutdown.
2022-03-03 13:56:50,206 [Listener at 127.0.0.1/41153] INFO  impl.StateMachineUpdater (StateMachineUpdater.java:stopAndJoin(149)) - omNode-bootstrap-2@group-0AAC5367B30E-StateMachineUpdater: set stopIndex = 11
2022-03-03 13:56:50,206 [Listener at 127.0.0.1/41153] INFO  server.RaftServer$Division (ServerState.java:close(419)) - omNode-bootstrap-2@group-0AAC5367B30E: closes. applyIndex: 11
2022-03-03 13:56:50,206 [omNode-bootstrap-2@group-0AAC5367B30E-SegmentedRaftLogWorker] INFO  segmented.SegmentedRaftLogWorker (SegmentedRaftLogWorker.java:run(327)) - omNode-bootstrap-2@group-0AAC5367B30E-SegmentedRaftLogWorker was interrupted, exiting. There are 0 tasks remaining in the queue.
2022-03-03 13:56:50,207 [Listener at 127.0.0.1/41153] INFO  segmented.SegmentedRaftLogWorker (SegmentedRaftLogWorker.java:close(237)) - omNode-bootstrap-2@group-0AAC5367B30E-SegmentedRaftLogWorker close()
2022-03-03 13:56:50,209 [Listener at 127.0.0.1/41153] INFO  server.GrpcService (GrpcService.java:closeImpl(262)) - omNode-bootstrap-2: shutdown server with port 38883 now
2022-03-03 13:56:50,238 [Listener at 127.0.0.1/41153] INFO  server.GrpcService (GrpcService.java:closeImpl(271)) - omNode-bootstrap-2: shutdown server with port 38883 successfully
2022-03-03 13:56:50,238 [org.apache.ratis.util.JvmPauseMonitor$$Lambda$435/931852204@6b7d4349] INFO  util.JvmPauseMonitor (JvmPauseMonitor.java:run(109)) - JvmPauseMonitor-omNode-bootstrap-2: Stopped
2022-03-03 13:56:50,238 [Listener at 127.0.0.1/41153] INFO  ratis.OzoneManagerDoubleBuffer (OzoneManagerDoubleBuffer.java:stop(437)) - Stopping OMDoubleBuffer flush thread
2022-03-03 13:56:50,238 [OMDoubleBufferFlushThread] INFO  ratis.OzoneManagerDoubleBuffer (OzoneManagerDoubleBuffer.java:flushTransactions(356)) - OMDoubleBuffer flush thread OMDoubleBufferFlushThread is interrupted and will exit. OMDoubleBufferFlushThread
2022-03-03 13:56:50,239 [Listener at 127.0.0.1/41153] INFO  utils.BackgroundService (BackgroundService.java:shutdown(132)) - Shutting down service KeyDeletingService
2022-03-03 13:56:50,240 [Listener at 127.0.0.1/41153] INFO  utils.BackgroundService (BackgroundService.java:shutdown(132)) - Shutting down service DirectoryDeletingService
2022-03-03 13:56:50,242 [Listener at 127.0.0.1/41153] INFO  handler.ContextHandler (ContextHandler.java:doStop(1153)) - Stopped o.e.j.w.WebAppContext@7022b517{ozoneManager,/,null,STOPPED}{file:/home/runner/work/ozone/ozone/hadoop-ozone/integration-test/target/test-classes/webapps/ozoneManager}
2022-03-03 13:56:50,244 [Listener at 127.0.0.1/41153] INFO  server.AbstractConnector (AbstractConnector.java:doStop(381)) - Stopped ServerConnector@78a568d1{HTTP/1.1, (http/1.1)}{0.0.0.0:40707}
2022-03-03 13:56:50,244 [Listener at 127.0.0.1/41153] INFO  server.session (HouseKeeper.java:stopScavenging(149)) - node0 Stopped scavenging
2022-03-03 13:56:50,244 [Listener at 127.0.0.1/41153] INFO  handler.ContextHandler (ContextHandler.java:doStop(1153)) - Stopped o.e.j.s.ServletContextHandler@30fb7298{static,/static,file:///home/runner/work/ozone/ozone/hadoop-ozone/integration-test/target/test-classes/webapps/static,STOPPED}
2022-03-03 13:56:50,245 [Listener at 127.0.0.1/41153] INFO  handler.ContextHandler (ContextHandler.java:doStop(1153)) - Stopped o.e.j.s.ServletContextHandler@2f8cd47f{logs,/logs,file:///home/runner/work/ozone/ozone/hadoop-ozone/integration-test/target/log,STOPPED}
2022-03-03 13:56:50,248 [Listener at 127.0.0.1/41153] INFO  ozone.MiniOzoneHAClusterImpl (MiniOzoneHAClusterImpl.java:stop(316)) - Stopping the StorageContainerManager d391911d-a494-49f8-a9db-8a15da5a0d08
2022-03-03 13:56:50,249 [Listener at 127.0.0.1/41153] INFO  server.StorageContainerManager (StorageContainerManager.java:stop(1414)) - Stopping Container Balancer service.
2022-03-03 13:56:50,249 [Listener at 127.0.0.1/41153] INFO  balancer.ContainerBalancer (ContainerBalancer.java:stop(788)) - Container Balancer is not running.
2022-03-03 13:56:50,249 [Listener at 127.0.0.1/41153] INFO  server.StorageContainerManager (StorageContainerManager.java:stop(1421)) - Stopping Replication Manager Service.
2022-03-03 13:56:50,249 [Listener at 127.0.0.1/41153] INFO  container.ReplicationManager (ReplicationManager.java:stop(357)) - Stopping Replication Monitor Thread.
2022-03-03 13:56:50,249 [Listener at 127.0.0.1/41153] INFO  server.StorageContainerManager (StorageContainerManager.java:stop(1428)) - Stopping the Datanode Admin Monitor.
2022-03-03 13:56:50,249 [Listener at 127.0.0.1/41153] INFO  server.StorageContainerManager (StorageContainerManager.java:stop(1435)) - Stopping Lease Manager of the command watchers
2022-03-03 13:56:50,249 [Listener at 127.0.0.1/41153] INFO  server.StorageContainerManager (StorageContainerManager.java:stop(1442)) - Stopping datanode service RPC server
2022-03-03 13:56:50,249 [Listener at 127.0.0.1/41153] INFO  server.SCMDatanodeProtocolServer (SCMDatanodeProtocolServer.java:stop(400)) - Stopping the RPC server for DataNodes
2022-03-03 13:56:50,249 [Listener at 127.0.0.1/41153] INFO  ipc.Server (Server.java:stop(3414)) - Stopping server on 43477
2022-03-03 13:56:50,256 [IPC Server listener on 43477] INFO  ipc.Server (Server.java:run(1376)) - Stopping IPC Server listener on 43477
2022-03-03 13:56:50,260 [IPC Server Responder] INFO  ipc.Server (Server.java:run(1512)) - Stopping IPC Server Responder
2022-03-03 13:56:50,563 [EndpointStateMachine task thread for /127.0.0.1:43477 - 0 ] WARN  statemachine.EndpointStateMachine (EndpointStateMachine.java:logIfNeeded(236)) - Unable to communicate to SCM server at 127.0.0.1:43477 for past 0 seconds.
java.io.EOFException: End of File Exception between local host is: "fv-az50-851/10.1.0.28"; destination host is: "localhost":43477; : java.io.EOFException; For more details see:  http://wiki.apache.org/hadoop/EOFException
	at sun.reflect.NativeConstructorAccessorImpl.newInstance0(Native Method)
	at sun.reflect.NativeConstructorAccessorImpl.newInstance(NativeConstructorAccessorImpl.java:62)
	at sun.reflect.DelegatingConstructorAccessorImpl.newInstance(DelegatingConstructorAccessorImpl.java:45)
	at java.lang.reflect.Constructor.newInstance(Constructor.java:423)
	at org.apache.hadoop.net.NetUtils.wrapWithMessage(NetUtils.java:913)
	at org.apache.hadoop.net.NetUtils.wrapException(NetUtils.java:862)
	at org.apache.hadoop.ipc.Client.getRpcResponse(Client.java:1577)
	at org.apache.hadoop.ipc.Client.call(Client.java:1519)
	at org.apache.hadoop.ipc.Client.call(Client.java:1416)
	at org.apache.hadoop.ipc.ProtobufRpcEngine$Invoker.invoke(ProtobufRpcEngine.java:236)
	at org.apache.hadoop.ipc.ProtobufRpcEngine$Invoker.invoke(ProtobufRpcEngine.java:123)
	at com.sun.proxy.$Proxy47.submitRequest(Unknown Source)
	at org.apache.hadoop.ozone.protocolPB.StorageContainerDatanodeProtocolClientSideTranslatorPB.submitRequest(StorageContainerDatanodeProtocolClientSideTranslatorPB.java:117)
	at org.apache.hadoop.ozone.protocolPB.StorageContainerDatanodeProtocolClientSideTranslatorPB.sendHeartbeat(StorageContainerDatanodeProtocolClientSideTranslatorPB.java:149)
	at org.apache.hadoop.ozone.container.common.states.endpoint.HeartbeatEndpointTask.call(HeartbeatEndpointTask.java:180)
	at org.apache.hadoop.ozone.container.common.states.endpoint.HeartbeatEndpointTask.call(HeartbeatEndpointTask.java:83)
	at java.util.concurrent.FutureTask.run(FutureTask.java:266)
	at java.util.concurrent.ThreadPoolExecutor.runWorker(ThreadPoolExecutor.java:1149)
	at java.util.concurrent.ThreadPoolExecutor$Worker.run(ThreadPoolExecutor.java:624)
	at java.lang.Thread.run(Thread.java:750)
Caused by: java.io.EOFException
	at java.io.DataInputStream.readInt(DataInputStream.java:392)
	at org.apache.hadoop.ipc.Client$IpcStreams.readResponse(Client.java:1892)
	at org.apache.hadoop.ipc.Client$Connection.receiveRpcResponse(Client.java:1202)
	at org.apache.hadoop.ipc.Client$Connection.run(Client.java:1098)
2022-03-03 13:56:51,098 [EndpointStateMachine task thread for /127.0.0.1:35581 - 0 ] INFO  ipc.Client (Client.java:handleConnectionFailure(977)) - Retrying connect to server: localhost/127.0.0.1:35581. Already tried 4 time(s); retry policy is RetryUpToMaximumCountWithFixedSleep(maxRetries=15, sleepTime=1000 MILLISECONDS)
2022-03-03 13:56:51,718 [EndpointStateMachine task thread for /127.0.0.1:43477 - 0 ] INFO  ipc.Client (Client.java:handleConnectionFailure(977)) - Retrying connect to server: localhost/127.0.0.1:43477. Already tried 0 time(s); retry policy is RetryUpToMaximumCountWithFixedSleep(maxRetries=15, sleepTime=1000 MILLISECONDS)
2022-03-03 13:56:52,099 [EndpointStateMachine task thread for /127.0.0.1:35581 - 0 ] INFO  ipc.Client (Client.java:handleConnectionFailure(977)) - Retrying connect to server: localhost/127.0.0.1:35581. Already tried 5 time(s); retry policy is RetryUpToMaximumCountWithFixedSleep(maxRetries=15, sleepTime=1000 MILLISECONDS)
2022-03-03 13:56:52,177 [Datanode State Machine Daemon Thread] ERROR datanode.RunningDatanodeState (RunningDatanodeState.java:computeNextContainerState(201)) - Error in executing end point task.
java.util.concurrent.ExecutionException: java.util.concurrent.TimeoutException
	at java.util.concurrent.FutureTask.report(FutureTask.java:122)
	at java.util.concurrent.FutureTask.get(FutureTask.java:192)
	at org.apache.hadoop.ozone.container.common.states.datanode.RunningDatanodeState.computeNextContainerState(RunningDatanodeState.java:193)
	at org.apache.hadoop.ozone.container.common.states.datanode.RunningDatanodeState.await(RunningDatanodeState.java:233)
	at org.apache.hadoop.ozone.container.common.states.datanode.RunningDatanodeState.await(RunningDatanodeState.java:50)
	at org.apache.hadoop.ozone.container.common.statemachine.StateContext.execute(StateContext.java:658)
	at org.apache.hadoop.ozone.container.common.statemachine.DatanodeStateMachine.startStateMachineThread(DatanodeStateMachine.java:283)
	at org.apache.hadoop.ozone.container.common.statemachine.DatanodeStateMachine.lambda$startDaemon$0(DatanodeStateMachine.java:471)
	at java.lang.Thread.run(Thread.java:750)
Caused by: java.util.concurrent.TimeoutException
	at java.util.concurrent.FutureTask.get(FutureTask.java:205)
	at org.apache.hadoop.ozone.container.common.states.datanode.RunningDatanodeState.lambda$execute$0(RunningDatanodeState.java:151)
	at java.util.concurrent.FutureTask.run(FutureTask.java:266)
	at java.util.concurrent.Executors$RunnableAdapter.call(Executors.java:511)
	at java.util.concurrent.FutureTask.run(FutureTask.java:266)
	at java.util.concurrent.ThreadPoolExecutor.runWorker(ThreadPoolExecutor.java:1149)
	at java.util.concurrent.ThreadPoolExecutor$Worker.run(ThreadPoolExecutor.java:624)
	... 1 more
2022-03-03 13:56:52,280 [SCM Heartbeat Processing Thread - 0] WARN  node.NodeStateManager (NodeStateManager.java:scheduleNextHealthCheck(815)) - Current Thread is interrupted, shutting down HB processing thread for Node Manager.
2022-03-03 13:56:52,282 [Listener at 127.0.0.1/41153] INFO  server.StorageContainerManager (StorageContainerManager.java:stop(1450)) - Stopping block service RPC server
2022-03-03 13:56:52,282 [Listener at 127.0.0.1/41153] INFO  server.SCMBlockProtocolServer (SCMBlockProtocolServer.java:stop(160)) - Stopping the RPC server for Block Protocol
2022-03-03 13:56:52,282 [Listener at 127.0.0.1/41153] INFO  ipc.Server (Server.java:stop(3414)) - Stopping server on 36825
2022-03-03 13:56:52,289 [IPC Server listener on 36825] INFO  ipc.Server (Server.java:run(1376)) - Stopping IPC Server listener on 36825
2022-03-03 13:56:52,290 [IPC Server Responder] INFO  ipc.Server (Server.java:run(1512)) - Stopping IPC Server Responder
2022-03-03 13:56:52,290 [Listener at 127.0.0.1/41153] INFO  server.StorageContainerManager (StorageContainerManager.java:stop(1457)) - Stopping the StorageContainerLocationProtocol RPC server
2022-03-03 13:56:52,291 [Listener at 127.0.0.1/41153] INFO  server.SCMClientProtocolServer (SCMClientProtocolServer.java:stop(174)) - Stopping the RPC server for Client Protocol
2022-03-03 13:56:52,291 [Listener at 127.0.0.1/41153] INFO  ipc.Server (Server.java:stop(3414)) - Stopping server on 35019
2022-03-03 13:56:52,300 [IPC Server Responder] INFO  ipc.Server (Server.java:run(1512)) - Stopping IPC Server Responder
2022-03-03 13:56:52,300 [Listener at 127.0.0.1/41153] INFO  server.StorageContainerManager (StorageContainerManager.java:stop(1464)) - Stopping Storage Container Manager HTTP server.
2022-03-03 13:56:52,301 [Listener at 127.0.0.1/41153] INFO  handler.ContextHandler (ContextHandler.java:doStop(1153)) - Stopped o.e.j.w.WebAppContext@1dc59a30{scm,/,null,STOPPED}{file:/home/runner/work/ozone/ozone/hadoop-ozone/integration-test/target/test-classes/webapps/scm}
2022-03-03 13:56:52,301 [IPC Server listener on 35019] INFO  ipc.Server (Server.java:run(1376)) - Stopping IPC Server listener on 35019
2022-03-03 13:56:52,302 [Listener at 127.0.0.1/41153] INFO  server.AbstractConnector (AbstractConnector.java:doStop(381)) - Stopped ServerConnector@12b1aad0{HTTP/1.1, (http/1.1)}{0.0.0.0:32809}
2022-03-03 13:56:52,302 [Listener at 127.0.0.1/41153] INFO  server.session (HouseKeeper.java:stopScavenging(149)) - node0 Stopped scavenging
2022-03-03 13:56:52,302 [Listener at 127.0.0.1/41153] INFO  handler.ContextHandler (ContextHandler.java:doStop(1153)) - Stopped o.e.j.s.ServletContextHandler@442155e4{static,/static,file:///home/runner/work/ozone/ozone/hadoop-ozone/integration-test/target/test-classes/webapps/static,STOPPED}
2022-03-03 13:56:52,302 [Listener at 127.0.0.1/41153] INFO  handler.ContextHandler (ContextHandler.java:doStop(1153)) - Stopped o.e.j.s.ServletContextHandler@aeb4def{logs,/logs,file:///home/runner/work/ozone/ozone/hadoop-ozone/integration-test/target/log,STOPPED}
2022-03-03 13:56:52,305 [Listener at 127.0.0.1/41153] INFO  server.StorageContainerManager (StorageContainerManager.java:stop(1475)) - Stopping Block Manager Service.
2022-03-03 13:56:52,305 [Listener at 127.0.0.1/41153] INFO  utils.BackgroundService (BackgroundService.java:shutdown(132)) - Shutting down service SCMBlockDeletingService
2022-03-03 13:56:52,308 [Listener at 127.0.0.1/41153] INFO  utils.BackgroundService (BackgroundService.java:shutdown(132)) - Shutting down service SCMBlockDeletingService
2022-03-03 13:56:52,308 [Listener at 127.0.0.1/41153] INFO  server.StorageContainerManager (StorageContainerManager.java:stop(1502)) - Stopping SCM Event Queue.
2022-03-03 13:56:52,310 [Listener at 127.0.0.1/41153] INFO  server.StorageContainerManager (StorageContainerManager.java:stop(1513)) - Stopping SCM HA services.
2022-03-03 13:56:52,310 [Listener at 127.0.0.1/41153] INFO  ha.SCMRatisServerImpl (SCMRatisServerImpl.java:stop(236)) - stopping ratis server 0.0.0.0:44833
2022-03-03 13:56:52,311 [Listener at 127.0.0.1/41153] INFO  server.RaftServer (RaftServerProxy.java:lambda$close$6(391)) - d391911d-a494-49f8-a9db-8a15da5a0d08: close
2022-03-03 13:56:52,311 [Listener at 127.0.0.1/41153] INFO  server.RaftServer$Division (RaftServerImpl.java:lambda$close$4(412)) - d391911d-a494-49f8-a9db-8a15da5a0d08@group-9260B08DF491: shutdown
2022-03-03 13:56:52,311 [Listener at 127.0.0.1/41153] INFO  util.JmxRegister (JmxRegister.java:unregister(73)) - Successfully un-registered JMX Bean with object name Ratis:service=RaftServer,group=group-9260B08DF491,id=d391911d-a494-49f8-a9db-8a15da5a0d08
2022-03-03 13:56:52,311 [Listener at 127.0.0.1/41153] INFO  impl.RoleInfo (RoleInfo.java:shutdownLeaderState(91)) - d391911d-a494-49f8-a9db-8a15da5a0d08: shutdown d391911d-a494-49f8-a9db-8a15da5a0d08@group-9260B08DF491-LeaderStateImpl
2022-03-03 13:56:52,311 [Listener at 127.0.0.1/41153] INFO  impl.PendingRequests (PendingRequests.java:sendNotLeaderResponses(282)) - d391911d-a494-49f8-a9db-8a15da5a0d08@group-9260B08DF491-PendingRequests: sendNotLeaderResponses
2022-03-03 13:56:52,311 [Listener at 127.0.0.1/41153] INFO  ha.SCMStateMachine (SCMStateMachine.java:notifyNotLeader(190)) - current leader SCM steps down.
2022-03-03 13:56:52,311 [Listener at 127.0.0.1/41153] INFO  ha.SCMContext (SCMContext.java:updateLeaderAndTerm(90)) - update <isLeader,term> from <true,2> to <false,0>
2022-03-03 13:56:52,311 [Listener at 127.0.0.1/41153] INFO  ha.SCMContext (SCMContext.java:updateLeaderAndTerm(97)) - update <isLeaderReady> from <false> to <false>
2022-03-03 13:56:52,320 [d391911d-a494-49f8-a9db-8a15da5a0d08@group-9260B08DF491-StateMachineUpdater] INFO  ha.SCMStateMachine (SCMStateMachine.java:takeSnapshot(297)) - Current Snapshot Index 28, takeSnapshot took 0 ms
2022-03-03 13:56:52,320 [d391911d-a494-49f8-a9db-8a15da5a0d08@group-9260B08DF491-StateMachineUpdater] INFO  impl.StateMachineUpdater (StateMachineUpdater.java:takeSnapshot(281)) - d391911d-a494-49f8-a9db-8a15da5a0d08@group-9260B08DF491-StateMachineUpdater: Took a snapshot at index 28
2022-03-03 13:56:52,320 [d391911d-a494-49f8-a9db-8a15da5a0d08@group-9260B08DF491-StateMachineUpdater] INFO  impl.StateMachineUpdater (StateMachineUpdater.java:lambda$new$0(89)) - d391911d-a494-49f8-a9db-8a15da5a0d08@group-9260B08DF491-StateMachineUpdater: snapshotIndex: updateIncreasingly -1 -> 28
2022-03-03 13:56:52,321 [Listener at 127.0.0.1/41153] INFO  impl.StateMachineUpdater (StateMachineUpdater.java:stopAndJoin(149)) - d391911d-a494-49f8-a9db-8a15da5a0d08@group-9260B08DF491-StateMachineUpdater: set stopIndex = 28
2022-03-03 13:56:52,321 [Listener at 127.0.0.1/41153] INFO  server.RaftServer$Division (ServerState.java:close(419)) - d391911d-a494-49f8-a9db-8a15da5a0d08@group-9260B08DF491: closes. applyIndex: 28
2022-03-03 13:56:52,321 [d391911d-a494-49f8-a9db-8a15da5a0d08@group-9260B08DF491-SegmentedRaftLogWorker] INFO  segmented.SegmentedRaftLogWorker (SegmentedRaftLogWorker.java:run(327)) - d391911d-a494-49f8-a9db-8a15da5a0d08@group-9260B08DF491-SegmentedRaftLogWorker was interrupted, exiting. There are 0 tasks remaining in the queue.
2022-03-03 13:56:52,322 [Listener at 127.0.0.1/41153] INFO  segmented.SegmentedRaftLogWorker (SegmentedRaftLogWorker.java:close(237)) - d391911d-a494-49f8-a9db-8a15da5a0d08@group-9260B08DF491-SegmentedRaftLogWorker close()
2022-03-03 13:56:52,323 [Listener at 127.0.0.1/41153] INFO  server.GrpcService (GrpcService.java:closeImpl(262)) - d391911d-a494-49f8-a9db-8a15da5a0d08: shutdown server with port 44833 now
2022-03-03 13:56:52,324 [Listener at 127.0.0.1/41153] INFO  server.GrpcService (GrpcService.java:closeImpl(271)) - d391911d-a494-49f8-a9db-8a15da5a0d08: shutdown server with port 44833 successfully
2022-03-03 13:56:52,324 [org.apache.ratis.util.JvmPauseMonitor$$Lambda$435/931852204@518fa08d] INFO  util.JvmPauseMonitor (JvmPauseMonitor.java:run(109)) - JvmPauseMonitor-d391911d-a494-49f8-a9db-8a15da5a0d08: Stopped
2022-03-03 13:56:52,324 [Listener at 127.0.0.1/41153] INFO  pipeline.BackgroundPipelineCreator (BackgroundPipelineCreator.java:stop(158)) - Stopping RatisPipelineUtilsThread.
2022-03-03 13:56:52,324 [Listener at 127.0.0.1/41153] INFO  server.StorageContainerManager (StorageContainerManager.java:stop(1523)) - Stopping SCM MetadataStore.
2022-03-03 13:56:52,325 [Listener at 127.0.0.1/41153] INFO  impl.MetricsSystemImpl (MetricsSystemImpl.java:stop(210)) - Stopping OzoneManager metrics system...
2022-03-03 13:56:52,328 [prometheus] INFO  impl.MetricsSinkAdapter (MetricsSinkAdapter.java:publishMetricsFromQueue(141)) - prometheus thread interrupted.
2022-03-03 13:56:52,328 [Listener at 127.0.0.1/41153] INFO  impl.MetricsSystemImpl (MetricsSystemImpl.java:stop(216)) - OzoneManager metrics system stopped.
2022-03-03 13:56:52,328 [Listener at 127.0.0.1/41153] INFO  ozone.MiniOzoneClusterImpl (MiniOzoneClusterImpl.java:stop(464)) - Stopping the Mini Ozone Cluster
2022-03-03 13:56:52,328 [Listener at 127.0.0.1/41153] INFO  ozone.MiniOzoneClusterImpl (MiniOzoneClusterImpl.java:stopDatanodes(523)) - Stopping the HddsDatanodes
2022-03-03 13:56:52,717 [Datanode State Machine Daemon Thread] WARN  statemachine.StateContext (StateContext.java:setState(250)) - Ignore disallowed transition from SHUTDOWN to RUNNING
2022-03-03 13:56:52,718 [EndpointStateMachine task thread for /127.0.0.1:43477 - 0 ] INFO  ipc.Client (Client.java:handleConnectionFailure(977)) - Retrying connect to server: localhost/127.0.0.1:43477. Already tried 1 time(s); retry policy is RetryUpToMaximumCountWithFixedSleep(maxRetries=15, sleepTime=1000 MILLISECONDS)
2022-03-03 13:56:52,887 [27c0535d-9f26-46d8-bf91-046d0b15bd6c@group-E306AAF451C0-FollowerState] INFO  impl.FollowerState (FollowerState.java:run(134)) - 27c0535d-9f26-46d8-bf91-046d0b15bd6c@group-E306AAF451C0-FollowerState: change to CANDIDATE, lastRpcElapsedTime:5022703845ns, electionTimeout:5022ms
2022-03-03 13:56:52,887 [27c0535d-9f26-46d8-bf91-046d0b15bd6c@group-E306AAF451C0-FollowerState] INFO  impl.RoleInfo (RoleInfo.java:shutdownFollowerState(108)) - 27c0535d-9f26-46d8-bf91-046d0b15bd6c: shutdown 27c0535d-9f26-46d8-bf91-046d0b15bd6c@group-E306AAF451C0-FollowerState
2022-03-03 13:56:52,887 [27c0535d-9f26-46d8-bf91-046d0b15bd6c@group-E306AAF451C0-FollowerState] INFO  server.RaftServer$Division (RaftServerImpl.java:setRole(290)) - 27c0535d-9f26-46d8-bf91-046d0b15bd6c@group-E306AAF451C0: changes role from  FOLLOWER to CANDIDATE at term 1 for changeToCandidate
2022-03-03 13:56:52,887 [27c0535d-9f26-46d8-bf91-046d0b15bd6c@group-E306AAF451C0-FollowerState] INFO  server.RaftServerConfigKeys (ConfUtils.java:logGet(44)) - raft.server.leaderelection.pre-vote = false (custom)
2022-03-03 13:56:52,887 [27c0535d-9f26-46d8-bf91-046d0b15bd6c@group-E306AAF451C0-FollowerState] INFO  impl.RoleInfo (RoleInfo.java:updateAndGet(130)) - 27c0535d-9f26-46d8-bf91-046d0b15bd6c: start 27c0535d-9f26-46d8-bf91-046d0b15bd6c@group-E306AAF451C0-LeaderElection26
2022-03-03 13:56:52,898 [27c0535d-9f26-46d8-bf91-046d0b15bd6c@group-E306AAF451C0-LeaderElection26] INFO  impl.LeaderElection (LeaderElection.java:askForVotes(306)) - 27c0535d-9f26-46d8-bf91-046d0b15bd6c@group-E306AAF451C0-LeaderElection26 ELECTION round 0: submit vote requests at term 2 for -1: [27c0535d-9f26-46d8-bf91-046d0b15bd6c|rpc:127.0.0.1:40065|dataStream:|priority:0, 65d3439d-931f-471d-8772-cb5ffca9deeb|rpc:127.0.0.1:45489|dataStream:|priority:1, 5bf7c3ec-7d76-406c-b229-eaa9a4a03e62|rpc:127.0.0.1:36845|dataStream:|priority:0], old=null
2022-03-03 13:56:52,917 [grpc-default-executor-1] INFO  server.RaftServer$Division (RaftServerImpl.java:requestVote(1046)) - 65d3439d-931f-471d-8772-cb5ffca9deeb@group-E306AAF451C0: receive requestVote(ELECTION, 27c0535d-9f26-46d8-bf91-046d0b15bd6c, group-E306AAF451C0, 2, (t:0, i:0))
2022-03-03 13:56:52,918 [grpc-default-executor-1] INFO  impl.VoteContext (VoteContext.java:log(48)) - 65d3439d-931f-471d-8772-cb5ffca9deeb@group-E306AAF451C0-FOLLOWER: reject ELECTION from 27c0535d-9f26-46d8-bf91-046d0b15bd6c: our priority 1 > candidate's priority 0
2022-03-03 13:56:52,918 [grpc-default-executor-1] INFO  server.RaftServer$Division (RaftServerImpl.java:setRole(290)) - 65d3439d-931f-471d-8772-cb5ffca9deeb@group-E306AAF451C0: changes role from  FOLLOWER to FOLLOWER at term 2 for candidate:27c0535d-9f26-46d8-bf91-046d0b15bd6c
2022-03-03 13:56:52,918 [grpc-default-executor-1] INFO  impl.RoleInfo (RoleInfo.java:shutdownFollowerState(108)) - 65d3439d-931f-471d-8772-cb5ffca9deeb: shutdown 65d3439d-931f-471d-8772-cb5ffca9deeb@group-E306AAF451C0-FollowerState
2022-03-03 13:56:52,918 [grpc-default-executor-1] INFO  impl.RoleInfo (RoleInfo.java:updateAndGet(130)) - 65d3439d-931f-471d-8772-cb5ffca9deeb: start 65d3439d-931f-471d-8772-cb5ffca9deeb@group-E306AAF451C0-FollowerState
2022-03-03 13:56:52,918 [65d3439d-931f-471d-8772-cb5ffca9deeb@group-E306AAF451C0-FollowerState] INFO  impl.FollowerState (FollowerState.java:run(143)) - 65d3439d-931f-471d-8772-cb5ffca9deeb@group-E306AAF451C0-FollowerState was interrupted: {}
java.lang.InterruptedException: sleep interrupted
	at java.lang.Thread.sleep(Native Method)
	at java.lang.Thread.sleep(Thread.java:342)
	at java.util.concurrent.TimeUnit.sleep(TimeUnit.java:386)
	at org.apache.ratis.util.TimeDuration.sleep(TimeDuration.java:324)
	at org.apache.ratis.util.TimeDuration.sleep(TimeDuration.java:309)
	at org.apache.ratis.server.impl.FollowerState.run(FollowerState.java:118)
2022-03-03 13:56:52,919 [grpc-default-executor-1] INFO  server.RaftServer$Division (RaftServerImpl.java:requestVote(1078)) - 65d3439d-931f-471d-8772-cb5ffca9deeb@group-E306AAF451C0 replies to ELECTION vote request: 27c0535d-9f26-46d8-bf91-046d0b15bd6c<-65d3439d-931f-471d-8772-cb5ffca9deeb#0:FAIL-t2. Peer's state: 65d3439d-931f-471d-8772-cb5ffca9deeb@group-E306AAF451C0:t2, leader=null, voted=null, raftlog=65d3439d-931f-471d-8772-cb5ffca9deeb@group-E306AAF451C0-SegmentedRaftLog:OPENED:c-1, conf=-1: [27c0535d-9f26-46d8-bf91-046d0b15bd6c|rpc:127.0.0.1:40065|dataStream:|priority:0, 65d3439d-931f-471d-8772-cb5ffca9deeb|rpc:127.0.0.1:45489|dataStream:|priority:1, 5bf7c3ec-7d76-406c-b229-eaa9a4a03e62|rpc:127.0.0.1:36845|dataStream:|priority:0], old=null
2022-03-03 13:56:52,925 [27c0535d-9f26-46d8-bf91-046d0b15bd6c@group-E306AAF451C0-LeaderElection26] INFO  impl.LeaderElection (LeaderElection.java:logAndReturn(89)) - 27c0535d-9f26-46d8-bf91-046d0b15bd6c@group-E306AAF451C0-LeaderElection26: ELECTION REJECTED received 1 response(s) and 0 exception(s):
2022-03-03 13:56:52,925 [27c0535d-9f26-46d8-bf91-046d0b15bd6c@group-E306AAF451C0-LeaderElection26] INFO  impl.LeaderElection (LeaderElection.java:logAndReturn(93)) -   Response 0: 27c0535d-9f26-46d8-bf91-046d0b15bd6c<-65d3439d-931f-471d-8772-cb5ffca9deeb#0:FAIL-t2
2022-03-03 13:56:52,925 [27c0535d-9f26-46d8-bf91-046d0b15bd6c@group-E306AAF451C0-LeaderElection26] INFO  impl.LeaderElection (LeaderElection.java:askForVotes(308)) - 27c0535d-9f26-46d8-bf91-046d0b15bd6c@group-E306AAF451C0-LeaderElection26 ELECTION round 0: result REJECTED
2022-03-03 13:56:52,925 [27c0535d-9f26-46d8-bf91-046d0b15bd6c@group-E306AAF451C0-LeaderElection26] INFO  server.RaftServer$Division (RaftServerImpl.java:setRole(290)) - 27c0535d-9f26-46d8-bf91-046d0b15bd6c@group-E306AAF451C0: changes role from CANDIDATE to FOLLOWER at term 2 for REJECTED
2022-03-03 13:56:52,925 [27c0535d-9f26-46d8-bf91-046d0b15bd6c@group-E306AAF451C0-LeaderElection26] INFO  impl.RoleInfo (RoleInfo.java:shutdownLeaderElection(121)) - 27c0535d-9f26-46d8-bf91-046d0b15bd6c: shutdown 27c0535d-9f26-46d8-bf91-046d0b15bd6c@group-E306AAF451C0-LeaderElection26
2022-03-03 13:56:52,925 [27c0535d-9f26-46d8-bf91-046d0b15bd6c@group-E306AAF451C0-LeaderElection26] INFO  impl.RoleInfo (RoleInfo.java:updateAndGet(130)) - 27c0535d-9f26-46d8-bf91-046d0b15bd6c: start 27c0535d-9f26-46d8-bf91-046d0b15bd6c@group-E306AAF451C0-FollowerState
2022-03-03 13:56:52,929 [grpc-default-executor-2] INFO  server.RaftServer$Division (RaftServerImpl.java:requestVote(1046)) - 5bf7c3ec-7d76-406c-b229-eaa9a4a03e62@group-E306AAF451C0: receive requestVote(ELECTION, 27c0535d-9f26-46d8-bf91-046d0b15bd6c, group-E306AAF451C0, 2, (t:0, i:0))
2022-03-03 13:56:52,939 [grpc-default-executor-2] INFO  impl.VoteContext (VoteContext.java:log(48)) - 5bf7c3ec-7d76-406c-b229-eaa9a4a03e62@group-E306AAF451C0-FOLLOWER: accept ELECTION from 27c0535d-9f26-46d8-bf91-046d0b15bd6c: our priority 0 <= candidate's priority 0
2022-03-03 13:56:52,939 [grpc-default-executor-2] INFO  server.RaftServer$Division (RaftServerImpl.java:setRole(290)) - 5bf7c3ec-7d76-406c-b229-eaa9a4a03e62@group-E306AAF451C0: changes role from  FOLLOWER to FOLLOWER at term 2 for candidate:27c0535d-9f26-46d8-bf91-046d0b15bd6c
2022-03-03 13:56:52,939 [grpc-default-executor-2] INFO  impl.RoleInfo (RoleInfo.java:shutdownFollowerState(108)) - 5bf7c3ec-7d76-406c-b229-eaa9a4a03e62: shutdown 5bf7c3ec-7d76-406c-b229-eaa9a4a03e62@group-E306AAF451C0-FollowerState
2022-03-03 13:56:52,939 [grpc-default-executor-2] INFO  impl.RoleInfo (RoleInfo.java:updateAndGet(130)) - 5bf7c3ec-7d76-406c-b229-eaa9a4a03e62: start 5bf7c3ec-7d76-406c-b229-eaa9a4a03e62@group-E306AAF451C0-FollowerState
2022-03-03 13:56:52,939 [5bf7c3ec-7d76-406c-b229-eaa9a4a03e62@group-E306AAF451C0-FollowerState] INFO  impl.FollowerState (FollowerState.java:run(143)) - 5bf7c3ec-7d76-406c-b229-eaa9a4a03e62@group-E306AAF451C0-FollowerState was interrupted: {}
java.lang.InterruptedException: sleep interrupted
	at java.lang.Thread.sleep(Native Method)
	at java.lang.Thread.sleep(Thread.java:342)
	at java.util.concurrent.TimeUnit.sleep(TimeUnit.java:386)
	at org.apache.ratis.util.TimeDuration.sleep(TimeDuration.java:324)
	at org.apache.ratis.util.TimeDuration.sleep(TimeDuration.java:309)
	at org.apache.ratis.server.impl.FollowerState.run(FollowerState.java:118)
2022-03-03 13:56:52,943 [grpc-default-executor-2] INFO  server.RaftServer$Division (RaftServerImpl.java:requestVote(1078)) - 5bf7c3ec-7d76-406c-b229-eaa9a4a03e62@group-E306AAF451C0 replies to ELECTION vote request: 27c0535d-9f26-46d8-bf91-046d0b15bd6c<-5bf7c3ec-7d76-406c-b229-eaa9a4a03e62#0:OK-t2. Peer's state: 5bf7c3ec-7d76-406c-b229-eaa9a4a03e62@group-E306AAF451C0:t2, leader=null, voted=27c0535d-9f26-46d8-bf91-046d0b15bd6c, raftlog=5bf7c3ec-7d76-406c-b229-eaa9a4a03e62@group-E306AAF451C0-SegmentedRaftLog:OPENED:c-1, conf=-1: [27c0535d-9f26-46d8-bf91-046d0b15bd6c|rpc:127.0.0.1:40065|priority:0, 65d3439d-931f-471d-8772-cb5ffca9deeb|rpc:127.0.0.1:45489|priority:1, 5bf7c3ec-7d76-406c-b229-eaa9a4a03e62|rpc:127.0.0.1:36845|priority:0], old=null
2022-03-03 13:56:53,100 [EndpointStateMachine task thread for /127.0.0.1:35581 - 0 ] INFO  ipc.Client (Client.java:handleConnectionFailure(977)) - Retrying connect to server: localhost/127.0.0.1:35581. Already tried 6 time(s); retry policy is RetryUpToMaximumCountWithFixedSleep(maxRetries=15, sleepTime=1000 MILLISECONDS)
2022-03-03 13:56:53,182 [Datanode State Machine Daemon Thread] WARN  statemachine.StateContext (StateContext.java:setState(250)) - Ignore disallowed transition from SHUTDOWN to RUNNING
2022-03-03 13:56:53,719 [EndpointStateMachine task thread for /127.0.0.1:43477 - 0 ] INFO  ipc.Client (Client.java:handleConnectionFailure(977)) - Retrying connect to server: localhost/127.0.0.1:43477. Already tried 2 time(s); retry policy is RetryUpToMaximumCountWithFixedSleep(maxRetries=15, sleepTime=1000 MILLISECONDS)
2022-03-03 13:56:54,100 [EndpointStateMachine task thread for /127.0.0.1:35581 - 0 ] INFO  ipc.Client (Client.java:handleConnectionFailure(977)) - Retrying connect to server: localhost/127.0.0.1:35581. Already tried 7 time(s); retry policy is RetryUpToMaximumCountWithFixedSleep(maxRetries=15, sleepTime=1000 MILLISECONDS)
2022-03-03 13:56:54,719 [EndpointStateMachine task thread for /127.0.0.1:43477 - 0 ] INFO  ipc.Client (Client.java:handleConnectionFailure(977)) - Retrying connect to server: localhost/127.0.0.1:43477. Already tried 3 time(s); retry policy is RetryUpToMaximumCountWithFixedSleep(maxRetries=15, sleepTime=1000 MILLISECONDS)
2022-03-03 13:56:55,101 [EndpointStateMachine task thread for /127.0.0.1:35581 - 0 ] INFO  ipc.Client (Client.java:handleConnectionFailure(977)) - Retrying connect to server: localhost/127.0.0.1:35581. Already tried 8 time(s); retry policy is RetryUpToMaximumCountWithFixedSleep(maxRetries=15, sleepTime=1000 MILLISECONDS)
2022-03-03 13:56:55,720 [EndpointStateMachine task thread for /127.0.0.1:43477 - 0 ] INFO  ipc.Client (Client.java:handleConnectionFailure(977)) - Retrying connect to server: localhost/127.0.0.1:43477. Already tried 4 time(s); retry policy is RetryUpToMaximumCountWithFixedSleep(maxRetries=15, sleepTime=1000 MILLISECONDS)
2022-03-03 13:56:56,109 [EndpointStateMachine task thread for /127.0.0.1:35581 - 0 ] INFO  ipc.Client (Client.java:handleConnectionFailure(977)) - Retrying connect to server: localhost/127.0.0.1:35581. Already tried 9 time(s); retry policy is RetryUpToMaximumCountWithFixedSleep(maxRetries=15, sleepTime=1000 MILLISECONDS)
2022-03-03 13:56:56,721 [EndpointStateMachine task thread for /127.0.0.1:43477 - 0 ] INFO  ipc.Client (Client.java:handleConnectionFailure(977)) - Retrying connect to server: localhost/127.0.0.1:43477. Already tried 5 time(s); retry policy is RetryUpToMaximumCountWithFixedSleep(maxRetries=15, sleepTime=1000 MILLISECONDS)
2022-03-03 13:56:57,109 [EndpointStateMachine task thread for /127.0.0.1:35581 - 0 ] INFO  ipc.Client (Client.java:handleConnectionFailure(977)) - Retrying connect to server: localhost/127.0.0.1:35581. Already tried 10 time(s); retry policy is RetryUpToMaximumCountWithFixedSleep(maxRetries=15, sleepTime=1000 MILLISECONDS)
2022-03-03 13:56:57,329 [Listener at 127.0.0.1/41153] INFO  ozoneimpl.OzoneContainer (OzoneContainer.java:stop(356)) - Attempting to stop container services.
2022-03-03 13:56:57,330 [ForkJoinPool.commonPool-worker-1] INFO  ozoneimpl.OzoneContainer (OzoneContainer.java:stop(356)) - Attempting to stop container services.
2022-03-03 13:56:57,331 [ForkJoinPool.commonPool-worker-1] INFO  server.RaftServer (RaftServerProxy.java:lambda$close$6(391)) - 5bf7c3ec-7d76-406c-b229-eaa9a4a03e62: close
2022-03-03 13:56:57,331 [ForkJoinPool.commonPool-worker-1] INFO  server.RaftServer$Division (RaftServerImpl.java:lambda$close$4(412)) - 5bf7c3ec-7d76-406c-b229-eaa9a4a03e62@group-F6F098FE6FC7: shutdown
2022-03-03 13:56:57,331 [ForkJoinPool.commonPool-worker-1] INFO  util.JmxRegister (JmxRegister.java:unregister(73)) - Successfully un-registered JMX Bean with object name Ratis:service=RaftServer,group=group-F6F098FE6FC7,id=5bf7c3ec-7d76-406c-b229-eaa9a4a03e62
2022-03-03 13:56:57,331 [ForkJoinPool.commonPool-worker-1] INFO  impl.RoleInfo (RoleInfo.java:shutdownLeaderState(91)) - 5bf7c3ec-7d76-406c-b229-eaa9a4a03e62: shutdown 5bf7c3ec-7d76-406c-b229-eaa9a4a03e62@group-F6F098FE6FC7-LeaderStateImpl
2022-03-03 13:56:57,331 [ForkJoinPool.commonPool-worker-1] INFO  impl.PendingRequests (PendingRequests.java:sendNotLeaderResponses(282)) - 5bf7c3ec-7d76-406c-b229-eaa9a4a03e62@group-F6F098FE6FC7-PendingRequests: sendNotLeaderResponses
2022-03-03 13:56:57,332 [ForkJoinPool.commonPool-worker-1] INFO  impl.StateMachineUpdater (StateMachineUpdater.java:stopAndJoin(149)) - 5bf7c3ec-7d76-406c-b229-eaa9a4a03e62@group-F6F098FE6FC7-StateMachineUpdater: set stopIndex = 3
2022-03-03 13:56:57,333 [5bf7c3ec-7d76-406c-b229-eaa9a4a03e62@group-F6F098FE6FC7-StateMachineUpdater] INFO  ratis.ContainerStateMachine (ContainerStateMachine.java:takeSnapshot(304)) - group-F6F098FE6FC7: Taking a snapshot at:(t:1, i:3) file /home/runner/work/ozone/ozone/hadoop-ozone/integration-test/target/test-dir/MiniOzoneClusterImpl-66b45f8e-1cec-491e-b66c-9260b08df491/datanode-0/data/ratis/e596e21b-c1fb-4916-96f9-f6f098fe6fc7/sm/snapshot.1_3
2022-03-03 13:56:57,334 [Listener at 127.0.0.1/41153] INFO  server.RaftServer (RaftServerProxy.java:lambda$close$6(391)) - 65d3439d-931f-471d-8772-cb5ffca9deeb: close
2022-03-03 13:56:57,334 [Listener at 127.0.0.1/41153] INFO  server.RaftServer$Division (RaftServerImpl.java:lambda$close$4(412)) - 65d3439d-931f-471d-8772-cb5ffca9deeb@group-CC0BC6AD9588: shutdown
2022-03-03 13:56:57,334 [Listener at 127.0.0.1/41153] INFO  util.JmxRegister (JmxRegister.java:unregister(73)) - Successfully un-registered JMX Bean with object name Ratis:service=RaftServer,group=group-CC0BC6AD9588,id=65d3439d-931f-471d-8772-cb5ffca9deeb
2022-03-03 13:56:57,336 [Listener at 127.0.0.1/41153] INFO  impl.RoleInfo (RoleInfo.java:shutdownFollowerState(108)) - 65d3439d-931f-471d-8772-cb5ffca9deeb: shutdown 65d3439d-931f-471d-8772-cb5ffca9deeb@group-CC0BC6AD9588-FollowerState
2022-03-03 13:56:57,336 [Listener at 127.0.0.1/41153] INFO  impl.StateMachineUpdater (StateMachineUpdater.java:stopAndJoin(149)) - 65d3439d-931f-471d-8772-cb5ffca9deeb@group-CC0BC6AD9588-StateMachineUpdater: set stopIndex = 0
2022-03-03 13:56:57,336 [5bf7c3ec-7d76-406c-b229-eaa9a4a03e62@group-F6F098FE6FC7-StateMachineUpdater] INFO  ratis.ContainerStateMachine (ContainerStateMachine.java:takeSnapshot(315)) - group-F6F098FE6FC7: Finished taking a snapshot at:(t:1, i:3) file:/home/runner/work/ozone/ozone/hadoop-ozone/integration-test/target/test-dir/MiniOzoneClusterImpl-66b45f8e-1cec-491e-b66c-9260b08df491/datanode-0/data/ratis/e596e21b-c1fb-4916-96f9-f6f098fe6fc7/sm/snapshot.1_3 took: 3 ms
2022-03-03 13:56:57,336 [65d3439d-931f-471d-8772-cb5ffca9deeb@group-CC0BC6AD9588-StateMachineUpdater] INFO  ratis.ContainerStateMachine (ContainerStateMachine.java:takeSnapshot(304)) - group-CC0BC6AD9588: Taking a snapshot at:(t:1, i:0) file /home/runner/work/ozone/ozone/hadoop-ozone/integration-test/target/test-dir/MiniOzoneClusterImpl-66b45f8e-1cec-491e-b66c-9260b08df491/datanode-1/data/ratis/dc2f315a-49b8-4c84-98f4-cc0bc6ad9588/sm/snapshot.1_0
2022-03-03 13:56:57,336 [65d3439d-931f-471d-8772-cb5ffca9deeb@group-CC0BC6AD9588-FollowerState] INFO  impl.FollowerState (FollowerState.java:run(143)) - 65d3439d-931f-471d-8772-cb5ffca9deeb@group-CC0BC6AD9588-FollowerState was interrupted: {}
java.lang.InterruptedException: sleep interrupted
	at java.lang.Thread.sleep(Native Method)
	at java.lang.Thread.sleep(Thread.java:342)
	at java.util.concurrent.TimeUnit.sleep(TimeUnit.java:386)
	at org.apache.ratis.util.TimeDuration.sleep(TimeDuration.java:324)
	at org.apache.ratis.util.TimeDuration.sleep(TimeDuration.java:309)
	at org.apache.ratis.server.impl.FollowerState.run(FollowerState.java:118)
2022-03-03 13:56:57,336 [5bf7c3ec-7d76-406c-b229-eaa9a4a03e62@group-F6F098FE6FC7-StateMachineUpdater] INFO  impl.StateMachineUpdater (StateMachineUpdater.java:takeSnapshot(281)) - 5bf7c3ec-7d76-406c-b229-eaa9a4a03e62@group-F6F098FE6FC7-StateMachineUpdater: Took a snapshot at index 3
2022-03-03 13:56:57,336 [5bf7c3ec-7d76-406c-b229-eaa9a4a03e62@group-F6F098FE6FC7-StateMachineUpdater] INFO  impl.StateMachineUpdater (StateMachineUpdater.java:lambda$new$0(89)) - 5bf7c3ec-7d76-406c-b229-eaa9a4a03e62@group-F6F098FE6FC7-StateMachineUpdater: snapshotIndex: updateIncreasingly -1 -> 3
2022-03-03 13:56:57,338 [65d3439d-931f-471d-8772-cb5ffca9deeb@group-CC0BC6AD9588-StateMachineUpdater] INFO  ratis.ContainerStateMachine (ContainerStateMachine.java:takeSnapshot(315)) - group-CC0BC6AD9588: Finished taking a snapshot at:(t:1, i:0) file:/home/runner/work/ozone/ozone/hadoop-ozone/integration-test/target/test-dir/MiniOzoneClusterImpl-66b45f8e-1cec-491e-b66c-9260b08df491/datanode-1/data/ratis/dc2f315a-49b8-4c84-98f4-cc0bc6ad9588/sm/snapshot.1_0 took: 2 ms
2022-03-03 13:56:57,339 [65d3439d-931f-471d-8772-cb5ffca9deeb@group-CC0BC6AD9588-StateMachineUpdater] INFO  impl.StateMachineUpdater (StateMachineUpdater.java:takeSnapshot(281)) - 65d3439d-931f-471d-8772-cb5ffca9deeb@group-CC0BC6AD9588-StateMachineUpdater: Took a snapshot at index 0
2022-03-03 13:56:57,339 [65d3439d-931f-471d-8772-cb5ffca9deeb@group-CC0BC6AD9588-StateMachineUpdater] INFO  impl.StateMachineUpdater (StateMachineUpdater.java:lambda$new$0(89)) - 65d3439d-931f-471d-8772-cb5ffca9deeb@group-CC0BC6AD9588-StateMachineUpdater: snapshotIndex: updateIncreasingly -1 -> 0
2022-03-03 13:56:57,339 [ForkJoinPool.commonPool-worker-1] INFO  server.RaftServer$Division (ServerState.java:close(419)) - 5bf7c3ec-7d76-406c-b229-eaa9a4a03e62@group-F6F098FE6FC7: closes. applyIndex: 3
2022-03-03 13:56:57,340 [5bf7c3ec-7d76-406c-b229-eaa9a4a03e62@group-F6F098FE6FC7-SegmentedRaftLogWorker] INFO  segmented.SegmentedRaftLogWorker (SegmentedRaftLogWorker.java:run(327)) - 5bf7c3ec-7d76-406c-b229-eaa9a4a03e62@group-F6F098FE6FC7-SegmentedRaftLogWorker was interrupted, exiting. There are 0 tasks remaining in the queue.
2022-03-03 13:56:57,340 [Listener at 127.0.0.1/41153] INFO  server.RaftServer$Division (ServerState.java:close(419)) - 65d3439d-931f-471d-8772-cb5ffca9deeb@group-CC0BC6AD9588: closes. applyIndex: 0
2022-03-03 13:56:57,340 [65d3439d-931f-471d-8772-cb5ffca9deeb@group-CC0BC6AD9588-SegmentedRaftLogWorker] INFO  segmented.SegmentedRaftLogWorker (SegmentedRaftLogWorker.java:run(327)) - 65d3439d-931f-471d-8772-cb5ffca9deeb@group-CC0BC6AD9588-SegmentedRaftLogWorker was interrupted, exiting. There are 0 tasks remaining in the queue.
2022-03-03 13:56:57,340 [ForkJoinPool.commonPool-worker-1] INFO  segmented.SegmentedRaftLogWorker (SegmentedRaftLogWorker.java:close(237)) - 5bf7c3ec-7d76-406c-b229-eaa9a4a03e62@group-F6F098FE6FC7-SegmentedRaftLogWorker close()
2022-03-03 13:56:57,343 [Listener at 127.0.0.1/41153] INFO  segmented.SegmentedRaftLogWorker (SegmentedRaftLogWorker.java:close(237)) - 65d3439d-931f-471d-8772-cb5ffca9deeb@group-CC0BC6AD9588-SegmentedRaftLogWorker close()
2022-03-03 13:56:57,344 [ForkJoinPool.commonPool-worker-1] INFO  server.RaftServer$Division (RaftServerImpl.java:lambda$close$4(412)) - 5bf7c3ec-7d76-406c-b229-eaa9a4a03e62@group-CC0BC6AD9588: shutdown
2022-03-03 13:56:57,344 [ForkJoinPool.commonPool-worker-1] INFO  util.JmxRegister (JmxRegister.java:unregister(73)) - Successfully un-registered JMX Bean with object name Ratis:service=RaftServer,group=group-CC0BC6AD9588,id=5bf7c3ec-7d76-406c-b229-eaa9a4a03e62
2022-03-03 13:56:57,344 [ForkJoinPool.commonPool-worker-1] INFO  impl.RoleInfo (RoleInfo.java:shutdownLeaderState(91)) - 5bf7c3ec-7d76-406c-b229-eaa9a4a03e62: shutdown 5bf7c3ec-7d76-406c-b229-eaa9a4a03e62@group-CC0BC6AD9588-LeaderStateImpl
2022-03-03 13:56:57,344 [ForkJoinPool.commonPool-worker-1] INFO  impl.PendingRequests (PendingRequests.java:sendNotLeaderResponses(282)) - 5bf7c3ec-7d76-406c-b229-eaa9a4a03e62@group-CC0BC6AD9588-PendingRequests: sendNotLeaderResponses
2022-03-03 13:56:57,345 [grpc-default-executor-2] INFO  server.GrpcServerProtocolService (GrpcServerProtocolService.java:onCompleted(140)) - 65d3439d-931f-471d-8772-cb5ffca9deeb: Completed APPEND_ENTRIES, lastRequest: 5bf7c3ec-7d76-406c-b229-eaa9a4a03e62->65d3439d-931f-471d-8772-cb5ffca9deeb#1-t1,previous=(t:0, i:0),leaderCommit=0,initializing? true,entries: size=1, first=(t:1, i:0), CONFIGURATIONENTRY
2022-03-03 13:56:57,345 [grpc-default-executor-1] INFO  server.GrpcServerProtocolService (GrpcServerProtocolService.java:onCompleted(140)) - 27c0535d-9f26-46d8-bf91-046d0b15bd6c: Completed APPEND_ENTRIES, lastRequest: 5bf7c3ec-7d76-406c-b229-eaa9a4a03e62->27c0535d-9f26-46d8-bf91-046d0b15bd6c#1-t1,previous=(t:0, i:0),leaderCommit=0,initializing? true,entries: size=1, first=(t:1, i:0), CONFIGURATIONENTRY
2022-03-03 13:56:57,345 [ForkJoinPool.commonPool-worker-1] INFO  impl.StateMachineUpdater (StateMachineUpdater.java:stopAndJoin(149)) - 5bf7c3ec-7d76-406c-b229-eaa9a4a03e62@group-CC0BC6AD9588-StateMachineUpdater: set stopIndex = 0
2022-03-03 13:56:57,346 [Listener at 127.0.0.1/41153] INFO  server.RaftServer$Division (RaftServerImpl.java:lambda$close$4(412)) - 65d3439d-931f-471d-8772-cb5ffca9deeb@group-E306AAF451C0: shutdown
2022-03-03 13:56:57,346 [Listener at 127.0.0.1/41153] INFO  util.JmxRegister (JmxRegister.java:unregister(73)) - Successfully un-registered JMX Bean with object name Ratis:service=RaftServer,group=group-E306AAF451C0,id=65d3439d-931f-471d-8772-cb5ffca9deeb
2022-03-03 13:56:57,346 [Listener at 127.0.0.1/41153] INFO  impl.RoleInfo (RoleInfo.java:shutdownFollowerState(108)) - 65d3439d-931f-471d-8772-cb5ffca9deeb: shutdown 65d3439d-931f-471d-8772-cb5ffca9deeb@group-E306AAF451C0-FollowerState
2022-03-03 13:56:57,347 [Listener at 127.0.0.1/41153] INFO  impl.StateMachineUpdater (StateMachineUpdater.java:stopAndJoin(149)) - 65d3439d-931f-471d-8772-cb5ffca9deeb@group-E306AAF451C0-StateMachineUpdater: set stopIndex = -1
2022-03-03 13:56:57,347 [65d3439d-931f-471d-8772-cb5ffca9deeb@group-E306AAF451C0-FollowerState] INFO  impl.FollowerState (FollowerState.java:run(143)) - 65d3439d-931f-471d-8772-cb5ffca9deeb@group-E306AAF451C0-FollowerState was interrupted: {}
java.lang.InterruptedException: sleep interrupted
	at java.lang.Thread.sleep(Native Method)
	at java.lang.Thread.sleep(Thread.java:342)
	at java.util.concurrent.TimeUnit.sleep(TimeUnit.java:386)
	at org.apache.ratis.util.TimeDuration.sleep(TimeDuration.java:324)
	at org.apache.ratis.util.TimeDuration.sleep(TimeDuration.java:309)
	at org.apache.ratis.server.impl.FollowerState.run(FollowerState.java:118)
2022-03-03 13:56:57,347 [Listener at 127.0.0.1/41153] INFO  server.RaftServer$Division (ServerState.java:close(419)) - 65d3439d-931f-471d-8772-cb5ffca9deeb@group-E306AAF451C0: closes. applyIndex: -1
2022-03-03 13:56:57,347 [65d3439d-931f-471d-8772-cb5ffca9deeb@group-E306AAF451C0-SegmentedRaftLogWorker] INFO  segmented.SegmentedRaftLogWorker (SegmentedRaftLogWorker.java:run(327)) - 65d3439d-931f-471d-8772-cb5ffca9deeb@group-E306AAF451C0-SegmentedRaftLogWorker was interrupted, exiting. There are 0 tasks remaining in the queue.
2022-03-03 13:56:57,346 [5bf7c3ec-7d76-406c-b229-eaa9a4a03e62@group-CC0BC6AD9588-StateMachineUpdater] INFO  ratis.ContainerStateMachine (ContainerStateMachine.java:takeSnapshot(304)) - group-CC0BC6AD9588: Taking a snapshot at:(t:1, i:0) file /home/runner/work/ozone/ozone/hadoop-ozone/integration-test/target/test-dir/MiniOzoneClusterImpl-66b45f8e-1cec-491e-b66c-9260b08df491/datanode-0/data/ratis/dc2f315a-49b8-4c84-98f4-cc0bc6ad9588/sm/snapshot.1_0
2022-03-03 13:56:57,347 [Listener at 127.0.0.1/41153] INFO  segmented.SegmentedRaftLogWorker (SegmentedRaftLogWorker.java:close(237)) - 65d3439d-931f-471d-8772-cb5ffca9deeb@group-E306AAF451C0-SegmentedRaftLogWorker close()
2022-03-03 13:56:57,352 [Listener at 127.0.0.1/41153] INFO  server.RaftServer$Division (RaftServerImpl.java:lambda$close$4(412)) - 65d3439d-931f-471d-8772-cb5ffca9deeb@group-D23D9A37BAAB: shutdown
2022-03-03 13:56:57,352 [Listener at 127.0.0.1/41153] INFO  util.JmxRegister (JmxRegister.java:unregister(73)) - Successfully un-registered JMX Bean with object name Ratis:service=RaftServer,group=group-D23D9A37BAAB,id=65d3439d-931f-471d-8772-cb5ffca9deeb
2022-03-03 13:56:57,352 [Listener at 127.0.0.1/41153] INFO  impl.RoleInfo (RoleInfo.java:shutdownLeaderState(91)) - 65d3439d-931f-471d-8772-cb5ffca9deeb: shutdown 65d3439d-931f-471d-8772-cb5ffca9deeb@group-D23D9A37BAAB-LeaderStateImpl
2022-03-03 13:56:57,352 [Listener at 127.0.0.1/41153] INFO  impl.PendingRequests (PendingRequests.java:sendNotLeaderResponses(282)) - 65d3439d-931f-471d-8772-cb5ffca9deeb@group-D23D9A37BAAB-PendingRequests: sendNotLeaderResponses
2022-03-03 13:56:57,353 [Listener at 127.0.0.1/41153] INFO  impl.StateMachineUpdater (StateMachineUpdater.java:stopAndJoin(149)) - 65d3439d-931f-471d-8772-cb5ffca9deeb@group-D23D9A37BAAB-StateMachineUpdater: set stopIndex = 0
2022-03-03 13:56:57,353 [65d3439d-931f-471d-8772-cb5ffca9deeb@group-D23D9A37BAAB-StateMachineUpdater] INFO  ratis.ContainerStateMachine (ContainerStateMachine.java:takeSnapshot(304)) - group-D23D9A37BAAB: Taking a snapshot at:(t:1, i:0) file /home/runner/work/ozone/ozone/hadoop-ozone/integration-test/target/test-dir/MiniOzoneClusterImpl-66b45f8e-1cec-491e-b66c-9260b08df491/datanode-1/data/ratis/fe2cbdfc-26c6-41a5-b064-d23d9a37baab/sm/snapshot.1_0
2022-03-03 13:56:57,353 [5bf7c3ec-7d76-406c-b229-eaa9a4a03e62@group-CC0BC6AD9588-StateMachineUpdater] INFO  ratis.ContainerStateMachine (ContainerStateMachine.java:takeSnapshot(315)) - group-CC0BC6AD9588: Finished taking a snapshot at:(t:1, i:0) file:/home/runner/work/ozone/ozone/hadoop-ozone/integration-test/target/test-dir/MiniOzoneClusterImpl-66b45f8e-1cec-491e-b66c-9260b08df491/datanode-0/data/ratis/dc2f315a-49b8-4c84-98f4-cc0bc6ad9588/sm/snapshot.1_0 took: 7 ms
2022-03-03 13:56:57,354 [5bf7c3ec-7d76-406c-b229-eaa9a4a03e62@group-CC0BC6AD9588-StateMachineUpdater] INFO  impl.StateMachineUpdater (StateMachineUpdater.java:takeSnapshot(281)) - 5bf7c3ec-7d76-406c-b229-eaa9a4a03e62@group-CC0BC6AD9588-StateMachineUpdater: Took a snapshot at index 0
2022-03-03 13:56:57,354 [5bf7c3ec-7d76-406c-b229-eaa9a4a03e62@group-CC0BC6AD9588-StateMachineUpdater] INFO  impl.StateMachineUpdater (StateMachineUpdater.java:lambda$new$0(89)) - 5bf7c3ec-7d76-406c-b229-eaa9a4a03e62@group-CC0BC6AD9588-StateMachineUpdater: snapshotIndex: updateIncreasingly -1 -> 0
2022-03-03 13:56:57,354 [ForkJoinPool.commonPool-worker-1] INFO  server.RaftServer$Division (ServerState.java:close(419)) - 5bf7c3ec-7d76-406c-b229-eaa9a4a03e62@group-CC0BC6AD9588: closes. applyIndex: 0
2022-03-03 13:56:57,354 [65d3439d-931f-471d-8772-cb5ffca9deeb@group-D23D9A37BAAB-StateMachineUpdater] INFO  ratis.ContainerStateMachine (ContainerStateMachine.java:takeSnapshot(315)) - group-D23D9A37BAAB: Finished taking a snapshot at:(t:1, i:0) file:/home/runner/work/ozone/ozone/hadoop-ozone/integration-test/target/test-dir/MiniOzoneClusterImpl-66b45f8e-1cec-491e-b66c-9260b08df491/datanode-1/data/ratis/fe2cbdfc-26c6-41a5-b064-d23d9a37baab/sm/snapshot.1_0 took: 0 ms
2022-03-03 13:56:57,354 [65d3439d-931f-471d-8772-cb5ffca9deeb@group-D23D9A37BAAB-StateMachineUpdater] INFO  impl.StateMachineUpdater (StateMachineUpdater.java:takeSnapshot(281)) - 65d3439d-931f-471d-8772-cb5ffca9deeb@group-D23D9A37BAAB-StateMachineUpdater: Took a snapshot at index 0
2022-03-03 13:56:57,354 [65d3439d-931f-471d-8772-cb5ffca9deeb@group-D23D9A37BAAB-StateMachineUpdater] INFO  impl.StateMachineUpdater (StateMachineUpdater.java:lambda$new$0(89)) - 65d3439d-931f-471d-8772-cb5ffca9deeb@group-D23D9A37BAAB-StateMachineUpdater: snapshotIndex: updateIncreasingly -1 -> 0
2022-03-03 13:56:57,354 [Listener at 127.0.0.1/41153] INFO  server.RaftServer$Division (ServerState.java:close(419)) - 65d3439d-931f-471d-8772-cb5ffca9deeb@group-D23D9A37BAAB: closes. applyIndex: 0
2022-03-03 13:56:57,354 [5bf7c3ec-7d76-406c-b229-eaa9a4a03e62@group-CC0BC6AD9588-SegmentedRaftLogWorker] INFO  segmented.SegmentedRaftLogWorker (SegmentedRaftLogWorker.java:run(327)) - 5bf7c3ec-7d76-406c-b229-eaa9a4a03e62@group-CC0BC6AD9588-SegmentedRaftLogWorker was interrupted, exiting. There are 0 tasks remaining in the queue.
2022-03-03 13:56:57,354 [65d3439d-931f-471d-8772-cb5ffca9deeb@group-D23D9A37BAAB-SegmentedRaftLogWorker] INFO  segmented.SegmentedRaftLogWorker (SegmentedRaftLogWorker.java:run(327)) - 65d3439d-931f-471d-8772-cb5ffca9deeb@group-D23D9A37BAAB-SegmentedRaftLogWorker was interrupted, exiting. There are 0 tasks remaining in the queue.
2022-03-03 13:56:57,363 [Listener at 127.0.0.1/41153] INFO  segmented.SegmentedRaftLogWorker (SegmentedRaftLogWorker.java:close(237)) - 65d3439d-931f-471d-8772-cb5ffca9deeb@group-D23D9A37BAAB-SegmentedRaftLogWorker close()
2022-03-03 13:56:57,363 [ForkJoinPool.commonPool-worker-1] INFO  segmented.SegmentedRaftLogWorker (SegmentedRaftLogWorker.java:close(237)) - 5bf7c3ec-7d76-406c-b229-eaa9a4a03e62@group-CC0BC6AD9588-SegmentedRaftLogWorker close()
2022-03-03 13:56:57,364 [Listener at 127.0.0.1/41153] INFO  server.GrpcService (GrpcService.java:closeImpl(262)) - 65d3439d-931f-471d-8772-cb5ffca9deeb: shutdown server with port 45489 now
2022-03-03 13:56:57,365 [ForkJoinPool.commonPool-worker-1] INFO  server.RaftServer$Division (RaftServerImpl.java:lambda$close$4(412)) - 5bf7c3ec-7d76-406c-b229-eaa9a4a03e62@group-E306AAF451C0: shutdown
2022-03-03 13:56:57,365 [ForkJoinPool.commonPool-worker-1] INFO  util.JmxRegister (JmxRegister.java:unregister(73)) - Successfully un-registered JMX Bean with object name Ratis:service=RaftServer,group=group-E306AAF451C0,id=5bf7c3ec-7d76-406c-b229-eaa9a4a03e62
2022-03-03 13:56:57,365 [ForkJoinPool.commonPool-worker-1] INFO  impl.RoleInfo (RoleInfo.java:shutdownFollowerState(108)) - 5bf7c3ec-7d76-406c-b229-eaa9a4a03e62: shutdown 5bf7c3ec-7d76-406c-b229-eaa9a4a03e62@group-E306AAF451C0-FollowerState
2022-03-03 13:56:57,365 [ForkJoinPool.commonPool-worker-1] INFO  impl.StateMachineUpdater (StateMachineUpdater.java:stopAndJoin(149)) - 5bf7c3ec-7d76-406c-b229-eaa9a4a03e62@group-E306AAF451C0-StateMachineUpdater: set stopIndex = -1
2022-03-03 13:56:57,365 [5bf7c3ec-7d76-406c-b229-eaa9a4a03e62@group-E306AAF451C0-FollowerState] INFO  impl.FollowerState (FollowerState.java:run(143)) - 5bf7c3ec-7d76-406c-b229-eaa9a4a03e62@group-E306AAF451C0-FollowerState was interrupted: {}
java.lang.InterruptedException: sleep interrupted
	at java.lang.Thread.sleep(Native Method)
	at java.lang.Thread.sleep(Thread.java:342)
	at java.util.concurrent.TimeUnit.sleep(TimeUnit.java:386)
	at org.apache.ratis.util.TimeDuration.sleep(TimeDuration.java:324)
	at org.apache.ratis.util.TimeDuration.sleep(TimeDuration.java:309)
	at org.apache.ratis.server.impl.FollowerState.run(FollowerState.java:118)
2022-03-03 13:56:57,366 [Listener at 127.0.0.1/41153] INFO  server.GrpcService (GrpcService.java:closeImpl(271)) - 65d3439d-931f-471d-8772-cb5ffca9deeb: shutdown server with port 45489 successfully
2022-03-03 13:56:57,365 [ForkJoinPool.commonPool-worker-1] INFO  server.RaftServer$Division (ServerState.java:close(419)) - 5bf7c3ec-7d76-406c-b229-eaa9a4a03e62@group-E306AAF451C0: closes. applyIndex: -1
2022-03-03 13:56:57,366 [org.apache.ratis.util.JvmPauseMonitor$$Lambda$435/931852204@3f082f96] INFO  util.JvmPauseMonitor (JvmPauseMonitor.java:run(109)) - JvmPauseMonitor-65d3439d-931f-471d-8772-cb5ffca9deeb: Stopped
2022-03-03 13:56:57,366 [5bf7c3ec-7d76-406c-b229-eaa9a4a03e62@group-E306AAF451C0-SegmentedRaftLogWorker] INFO  segmented.SegmentedRaftLogWorker (SegmentedRaftLogWorker.java:run(327)) - 5bf7c3ec-7d76-406c-b229-eaa9a4a03e62@group-E306AAF451C0-SegmentedRaftLogWorker was interrupted, exiting. There are 0 tasks remaining in the queue.
2022-03-03 13:56:57,366 [ForkJoinPool.commonPool-worker-1] INFO  segmented.SegmentedRaftLogWorker (SegmentedRaftLogWorker.java:close(237)) - 5bf7c3ec-7d76-406c-b229-eaa9a4a03e62@group-E306AAF451C0-SegmentedRaftLogWorker close()
2022-03-03 13:56:57,370 [ForkJoinPool.commonPool-worker-1] INFO  server.GrpcService (GrpcService.java:closeImpl(262)) - 5bf7c3ec-7d76-406c-b229-eaa9a4a03e62: shutdown server with port 36845 now
2022-03-03 13:56:57,374 [ForkJoinPool.commonPool-worker-1] INFO  server.GrpcService (GrpcService.java:closeImpl(271)) - 5bf7c3ec-7d76-406c-b229-eaa9a4a03e62: shutdown server with port 36845 successfully
2022-03-03 13:56:57,374 [org.apache.ratis.util.JvmPauseMonitor$$Lambda$435/931852204@1c818688] INFO  util.JvmPauseMonitor (JvmPauseMonitor.java:run(109)) - JvmPauseMonitor-5bf7c3ec-7d76-406c-b229-eaa9a4a03e62: Stopped
2022-03-03 13:56:57,721 [EndpointStateMachine task thread for /127.0.0.1:43477 - 0 ] INFO  ipc.Client (Client.java:handleConnectionFailure(977)) - Retrying connect to server: localhost/127.0.0.1:43477. Already tried 6 time(s); retry policy is RetryUpToMaximumCountWithFixedSleep(maxRetries=15, sleepTime=1000 MILLISECONDS)
2022-03-03 13:56:58,105 [27c0535d-9f26-46d8-bf91-046d0b15bd6c@group-E306AAF451C0-FollowerState] INFO  impl.FollowerState (FollowerState.java:run(134)) - 27c0535d-9f26-46d8-bf91-046d0b15bd6c@group-E306AAF451C0-FollowerState: change to CANDIDATE, lastRpcElapsedTime:5179192554ns, electionTimeout:5165ms
2022-03-03 13:56:58,105 [27c0535d-9f26-46d8-bf91-046d0b15bd6c@group-E306AAF451C0-FollowerState] INFO  impl.RoleInfo (RoleInfo.java:shutdownFollowerState(108)) - 27c0535d-9f26-46d8-bf91-046d0b15bd6c: shutdown 27c0535d-9f26-46d8-bf91-046d0b15bd6c@group-E306AAF451C0-FollowerState
2022-03-03 13:56:58,105 [27c0535d-9f26-46d8-bf91-046d0b15bd6c@group-E306AAF451C0-FollowerState] INFO  server.RaftServer$Division (RaftServerImpl.java:setRole(290)) - 27c0535d-9f26-46d8-bf91-046d0b15bd6c@group-E306AAF451C0: changes role from  FOLLOWER to CANDIDATE at term 2 for changeToCandidate
2022-03-03 13:56:58,105 [27c0535d-9f26-46d8-bf91-046d0b15bd6c@group-E306AAF451C0-FollowerState] INFO  server.RaftServerConfigKeys (ConfUtils.java:logGet(44)) - raft.server.leaderelection.pre-vote = false (custom)
2022-03-03 13:56:58,105 [27c0535d-9f26-46d8-bf91-046d0b15bd6c@group-E306AAF451C0-FollowerState] INFO  impl.RoleInfo (RoleInfo.java:updateAndGet(130)) - 27c0535d-9f26-46d8-bf91-046d0b15bd6c: start 27c0535d-9f26-46d8-bf91-046d0b15bd6c@group-E306AAF451C0-LeaderElection27
2022-03-03 13:56:58,110 [EndpointStateMachine task thread for /127.0.0.1:35581 - 0 ] INFO  ipc.Client (Client.java:handleConnectionFailure(977)) - Retrying connect to server: localhost/127.0.0.1:35581. Already tried 11 time(s); retry policy is RetryUpToMaximumCountWithFixedSleep(maxRetries=15, sleepTime=1000 MILLISECONDS)
2022-03-03 13:56:58,113 [27c0535d-9f26-46d8-bf91-046d0b15bd6c@group-E306AAF451C0-LeaderElection27] INFO  impl.LeaderElection (LeaderElection.java:askForVotes(306)) - 27c0535d-9f26-46d8-bf91-046d0b15bd6c@group-E306AAF451C0-LeaderElection27 ELECTION round 0: submit vote requests at term 3 for -1: [27c0535d-9f26-46d8-bf91-046d0b15bd6c|rpc:127.0.0.1:40065|dataStream:|priority:0, 65d3439d-931f-471d-8772-cb5ffca9deeb|rpc:127.0.0.1:45489|dataStream:|priority:1, 5bf7c3ec-7d76-406c-b229-eaa9a4a03e62|rpc:127.0.0.1:36845|dataStream:|priority:0], old=null
2022-03-03 13:56:58,119 [27c0535d-9f26-46d8-bf91-046d0b15bd6c@group-E306AAF451C0-LeaderElection27] INFO  impl.LeaderElection (LogUtils.java:infoOrTrace(137)) - 27c0535d-9f26-46d8-bf91-046d0b15bd6c@group-E306AAF451C0-LeaderElection27 got exception when requesting votes: java.util.concurrent.ExecutionException: org.apache.ratis.thirdparty.io.grpc.StatusRuntimeException: UNAVAILABLE: io exception
2022-03-03 13:56:58,127 [27c0535d-9f26-46d8-bf91-046d0b15bd6c@group-E306AAF451C0-LeaderElection27] INFO  impl.LeaderElection (LogUtils.java:infoOrTrace(137)) - 27c0535d-9f26-46d8-bf91-046d0b15bd6c@group-E306AAF451C0-LeaderElection27 got exception when requesting votes: java.util.concurrent.ExecutionException: org.apache.ratis.thirdparty.io.grpc.StatusRuntimeException: UNAVAILABLE: io exception
2022-03-03 13:56:58,127 [27c0535d-9f26-46d8-bf91-046d0b15bd6c@group-E306AAF451C0-LeaderElection27] INFO  impl.LeaderElection (LeaderElection.java:logAndReturn(89)) - 27c0535d-9f26-46d8-bf91-046d0b15bd6c@group-E306AAF451C0-LeaderElection27: ELECTION REJECTED received 0 response(s) and 2 exception(s):
2022-03-03 13:56:58,127 [27c0535d-9f26-46d8-bf91-046d0b15bd6c@group-E306AAF451C0-LeaderElection27] INFO  impl.LeaderElection (LogUtils.java:infoOrTrace(137)) -   Exception 0: java.util.concurrent.ExecutionException: org.apache.ratis.thirdparty.io.grpc.StatusRuntimeException: UNAVAILABLE: io exception
2022-03-03 13:56:58,127 [27c0535d-9f26-46d8-bf91-046d0b15bd6c@group-E306AAF451C0-LeaderElection27] INFO  impl.LeaderElection (LogUtils.java:infoOrTrace(137)) -   Exception 1: java.util.concurrent.ExecutionException: org.apache.ratis.thirdparty.io.grpc.StatusRuntimeException: UNAVAILABLE: io exception
2022-03-03 13:56:58,127 [27c0535d-9f26-46d8-bf91-046d0b15bd6c@group-E306AAF451C0-LeaderElection27] INFO  impl.LeaderElection (LeaderElection.java:askForVotes(308)) - 27c0535d-9f26-46d8-bf91-046d0b15bd6c@group-E306AAF451C0-LeaderElection27 ELECTION round 0: result REJECTED
2022-03-03 13:56:58,127 [27c0535d-9f26-46d8-bf91-046d0b15bd6c@group-E306AAF451C0-LeaderElection27] INFO  server.RaftServer$Division (RaftServerImpl.java:setRole(290)) - 27c0535d-9f26-46d8-bf91-046d0b15bd6c@group-E306AAF451C0: changes role from CANDIDATE to FOLLOWER at term 3 for REJECTED
2022-03-03 13:56:58,127 [27c0535d-9f26-46d8-bf91-046d0b15bd6c@group-E306AAF451C0-LeaderElection27] INFO  impl.RoleInfo (RoleInfo.java:shutdownLeaderElection(121)) - 27c0535d-9f26-46d8-bf91-046d0b15bd6c: shutdown 27c0535d-9f26-46d8-bf91-046d0b15bd6c@group-E306AAF451C0-LeaderElection27
2022-03-03 13:56:58,127 [27c0535d-9f26-46d8-bf91-046d0b15bd6c@group-E306AAF451C0-LeaderElection27] INFO  impl.RoleInfo (RoleInfo.java:updateAndGet(130)) - 27c0535d-9f26-46d8-bf91-046d0b15bd6c: start 27c0535d-9f26-46d8-bf91-046d0b15bd6c@group-E306AAF451C0-FollowerState
2022-03-03 13:56:58,722 [EndpointStateMachine task thread for /127.0.0.1:43477 - 0 ] INFO  ipc.Client (Client.java:handleConnectionFailure(977)) - Retrying connect to server: localhost/127.0.0.1:43477. Already tried 7 time(s); retry policy is RetryUpToMaximumCountWithFixedSleep(maxRetries=15, sleepTime=1000 MILLISECONDS)
2022-03-03 13:56:59,110 [EndpointStateMachine task thread for /127.0.0.1:35581 - 0 ] INFO  ipc.Client (Client.java:handleConnectionFailure(977)) - Retrying connect to server: localhost/127.0.0.1:35581. Already tried 12 time(s); retry policy is RetryUpToMaximumCountWithFixedSleep(maxRetries=15, sleepTime=1000 MILLISECONDS)
2022-03-03 13:56:59,373 [Listener at 127.0.0.1/41153] INFO  utils.BackgroundService (BackgroundService.java:shutdown(132)) - Shutting down service BlockDeletingService
2022-03-03 13:56:59,399 [ForkJoinPool.commonPool-worker-1] INFO  utils.BackgroundService (BackgroundService.java:shutdown(132)) - Shutting down service BlockDeletingService
2022-03-03 13:56:59,724 [EndpointStateMachine task thread for /127.0.0.1:43477 - 0 ] INFO  ipc.Client (Client.java:handleConnectionFailure(977)) - Retrying connect to server: localhost/127.0.0.1:43477. Already tried 8 time(s); retry policy is RetryUpToMaximumCountWithFixedSleep(maxRetries=15, sleepTime=1000 MILLISECONDS)
2022-03-03 13:57:00,111 [EndpointStateMachine task thread for /127.0.0.1:35581 - 0 ] INFO  ipc.Client (Client.java:handleConnectionFailure(977)) - Retrying connect to server: localhost/127.0.0.1:35581. Already tried 13 time(s); retry policy is RetryUpToMaximumCountWithFixedSleep(maxRetries=15, sleepTime=1000 MILLISECONDS)
2022-03-03 13:57:00,724 [EndpointStateMachine task thread for /127.0.0.1:43477 - 0 ] INFO  ipc.Client (Client.java:handleConnectionFailure(977)) - Retrying connect to server: localhost/127.0.0.1:43477. Already tried 9 time(s); retry policy is RetryUpToMaximumCountWithFixedSleep(maxRetries=15, sleepTime=1000 MILLISECONDS)
2022-03-03 13:57:01,112 [EndpointStateMachine task thread for /127.0.0.1:35581 - 0 ] INFO  ipc.Client (Client.java:handleConnectionFailure(977)) - Retrying connect to server: localhost/127.0.0.1:35581. Already tried 14 time(s); retry policy is RetryUpToMaximumCountWithFixedSleep(maxRetries=15, sleepTime=1000 MILLISECONDS)
2022-03-03 13:57:01,725 [EndpointStateMachine task thread for /127.0.0.1:43477 - 0 ] INFO  ipc.Client (Client.java:handleConnectionFailure(977)) - Retrying connect to server: localhost/127.0.0.1:43477. Already tried 10 time(s); retry policy is RetryUpToMaximumCountWithFixedSleep(maxRetries=15, sleepTime=1000 MILLISECONDS)
2022-03-03 13:57:02,113 [EndpointStateMachine task thread for /127.0.0.1:35581 - 0 ] INFO  ipc.Client (Client.java:handleConnectionFailure(977)) - Retrying connect to server: localhost/127.0.0.1:35581. Already tried 0 time(s); retry policy is RetryUpToMaximumCountWithFixedSleep(maxRetries=15, sleepTime=1000 MILLISECONDS)
2022-03-03 13:57:02,375 [Listener at 127.0.0.1/41153] INFO  statemachine.DatanodeStateMachine (DatanodeStateMachine.java:stopDaemon(529)) - Ozone container server stopped.
2022-03-03 13:57:02,376 [Listener at 127.0.0.1/41153] INFO  handler.ContextHandler (ContextHandler.java:doStop(1153)) - Stopped o.e.j.w.WebAppContext@1ec10062{hddsDatanode,/,null,STOPPED}{jar:file:/home/runner/.m2/repository/org/apache/ozone/hdds-container-service/1.3.0-SNAPSHOT/hdds-container-service-1.3.0-SNAPSHOT.jar!/webapps/hddsDatanode}
2022-03-03 13:57:02,376 [Listener at 127.0.0.1/41153] INFO  server.AbstractConnector (AbstractConnector.java:doStop(381)) - Stopped ServerConnector@caa426b{HTTP/1.1, (http/1.1)}{0.0.0.0:0}
2022-03-03 13:57:02,376 [Listener at 127.0.0.1/41153] INFO  server.session (HouseKeeper.java:stopScavenging(149)) - node0 Stopped scavenging
2022-03-03 13:57:02,377 [Listener at 127.0.0.1/41153] INFO  handler.ContextHandler (ContextHandler.java:doStop(1153)) - Stopped o.e.j.s.ServletContextHandler@2b85e3b5{static,/static,jar:file:/home/runner/.m2/repository/org/apache/ozone/hdds-container-service/1.3.0-SNAPSHOT/hdds-container-service-1.3.0-SNAPSHOT.jar!/webapps/static,STOPPED}
2022-03-03 13:57:02,377 [Listener at 127.0.0.1/41153] INFO  handler.ContextHandler (ContextHandler.java:doStop(1153)) - Stopped o.e.j.s.ServletContextHandler@aa5de68{logs,/logs,file:///home/runner/work/ozone/ozone/hadoop-ozone/integration-test/target/log,STOPPED}
2022-03-03 13:57:02,411 [ForkJoinPool.commonPool-worker-1] INFO  statemachine.DatanodeStateMachine (DatanodeStateMachine.java:stopDaemon(529)) - Ozone container server stopped.
2022-03-03 13:57:02,413 [ForkJoinPool.commonPool-worker-1] INFO  handler.ContextHandler (ContextHandler.java:doStop(1153)) - Stopped o.e.j.w.WebAppContext@4d109cd7{hddsDatanode,/,null,STOPPED}{jar:file:/home/runner/.m2/repository/org/apache/ozone/hdds-container-service/1.3.0-SNAPSHOT/hdds-container-service-1.3.0-SNAPSHOT.jar!/webapps/hddsDatanode}
2022-03-03 13:57:02,413 [ForkJoinPool.commonPool-worker-1] INFO  server.AbstractConnector (AbstractConnector.java:doStop(381)) - Stopped ServerConnector@18bacabb{HTTP/1.1, (http/1.1)}{0.0.0.0:0}
2022-03-03 13:57:02,414 [ForkJoinPool.commonPool-worker-1] INFO  server.session (HouseKeeper.java:stopScavenging(149)) - node0 Stopped scavenging
2022-03-03 13:57:02,419 [ForkJoinPool.commonPool-worker-1] INFO  handler.ContextHandler (ContextHandler.java:doStop(1153)) - Stopped o.e.j.s.ServletContextHandler@57eaf67f{static,/static,jar:file:/home/runner/.m2/repository/org/apache/ozone/hdds-container-service/1.3.0-SNAPSHOT/hdds-container-service-1.3.0-SNAPSHOT.jar!/webapps/static,STOPPED}
2022-03-03 13:57:02,420 [ForkJoinPool.commonPool-worker-1] INFO  handler.ContextHandler (ContextHandler.java:doStop(1153)) - Stopped o.e.j.s.ServletContextHandler@1a766372{logs,/logs,file:///home/runner/work/ozone/ozone/hadoop-ozone/integration-test/target/log,STOPPED}
2022-03-03 13:57:02,565 [Datanode State Machine Daemon Thread] WARN  statemachine.StateContext (StateContext.java:setState(250)) - Ignore disallowed transition from SHUTDOWN to RUNNING
2022-03-03 13:57:02,726 [EndpointStateMachine task thread for /127.0.0.1:43477 - 0 ] INFO  ipc.Client (Client.java:handleConnectionFailure(977)) - Retrying connect to server: localhost/127.0.0.1:43477. Already tried 11 time(s); retry policy is RetryUpToMaximumCountWithFixedSleep(maxRetries=15, sleepTime=1000 MILLISECONDS)
2022-03-03 13:57:03,114 [EndpointStateMachine task thread for /127.0.0.1:35581 - 0 ] INFO  ipc.Client (Client.java:handleConnectionFailure(977)) - Retrying connect to server: localhost/127.0.0.1:35581. Already tried 1 time(s); retry policy is RetryUpToMaximumCountWithFixedSleep(maxRetries=15, sleepTime=1000 MILLISECONDS)
2022-03-03 13:57:03,326 [27c0535d-9f26-46d8-bf91-046d0b15bd6c@group-E306AAF451C0-FollowerState] INFO  impl.FollowerState (FollowerState.java:run(134)) - 27c0535d-9f26-46d8-bf91-046d0b15bd6c@group-E306AAF451C0-FollowerState: change to CANDIDATE, lastRpcElapsedTime:5199467637ns, electionTimeout:5199ms
2022-03-03 13:57:03,327 [27c0535d-9f26-46d8-bf91-046d0b15bd6c@group-E306AAF451C0-FollowerState] INFO  impl.RoleInfo (RoleInfo.java:shutdownFollowerState(108)) - 27c0535d-9f26-46d8-bf91-046d0b15bd6c: shutdown 27c0535d-9f26-46d8-bf91-046d0b15bd6c@group-E306AAF451C0-FollowerState
2022-03-03 13:57:03,327 [27c0535d-9f26-46d8-bf91-046d0b15bd6c@group-E306AAF451C0-FollowerState] INFO  server.RaftServer$Division (RaftServerImpl.java:setRole(290)) - 27c0535d-9f26-46d8-bf91-046d0b15bd6c@group-E306AAF451C0: changes role from  FOLLOWER to CANDIDATE at term 3 for changeToCandidate
2022-03-03 13:57:03,327 [27c0535d-9f26-46d8-bf91-046d0b15bd6c@group-E306AAF451C0-FollowerState] INFO  server.RaftServerConfigKeys (ConfUtils.java:logGet(44)) - raft.server.leaderelection.pre-vote = false (custom)
2022-03-03 13:57:03,327 [27c0535d-9f26-46d8-bf91-046d0b15bd6c@group-E306AAF451C0-FollowerState] INFO  impl.RoleInfo (RoleInfo.java:updateAndGet(130)) - 27c0535d-9f26-46d8-bf91-046d0b15bd6c: start 27c0535d-9f26-46d8-bf91-046d0b15bd6c@group-E306AAF451C0-LeaderElection28
2022-03-03 13:57:03,351 [27c0535d-9f26-46d8-bf91-046d0b15bd6c@group-E306AAF451C0-LeaderElection28] INFO  impl.LeaderElection (LeaderElection.java:askForVotes(306)) - 27c0535d-9f26-46d8-bf91-046d0b15bd6c@group-E306AAF451C0-LeaderElection28 ELECTION round 0: submit vote requests at term 4 for -1: [27c0535d-9f26-46d8-bf91-046d0b15bd6c|rpc:127.0.0.1:40065|dataStream:|priority:0, 65d3439d-931f-471d-8772-cb5ffca9deeb|rpc:127.0.0.1:45489|dataStream:|priority:1, 5bf7c3ec-7d76-406c-b229-eaa9a4a03e62|rpc:127.0.0.1:36845|dataStream:|priority:0], old=null
2022-03-03 13:57:03,362 [27c0535d-9f26-46d8-bf91-046d0b15bd6c@group-E306AAF451C0-LeaderElection28] INFO  impl.LeaderElection (LogUtils.java:infoOrTrace(137)) - 27c0535d-9f26-46d8-bf91-046d0b15bd6c@group-E306AAF451C0-LeaderElection28 got exception when requesting votes: java.util.concurrent.ExecutionException: org.apache.ratis.thirdparty.io.grpc.StatusRuntimeException: UNAVAILABLE: io exception
2022-03-03 13:57:03,363 [27c0535d-9f26-46d8-bf91-046d0b15bd6c@group-E306AAF451C0-LeaderElection28] INFO  impl.LeaderElection (LogUtils.java:infoOrTrace(137)) - 27c0535d-9f26-46d8-bf91-046d0b15bd6c@group-E306AAF451C0-LeaderElection28 got exception when requesting votes: java.util.concurrent.ExecutionException: org.apache.ratis.thirdparty.io.grpc.StatusRuntimeException: UNAVAILABLE: io exception
2022-03-03 13:57:03,363 [27c0535d-9f26-46d8-bf91-046d0b15bd6c@group-E306AAF451C0-LeaderElection28] INFO  impl.LeaderElection (LeaderElection.java:logAndReturn(89)) - 27c0535d-9f26-46d8-bf91-046d0b15bd6c@group-E306AAF451C0-LeaderElection28: ELECTION REJECTED received 0 response(s) and 2 exception(s):
2022-03-03 13:57:03,363 [27c0535d-9f26-46d8-bf91-046d0b15bd6c@group-E306AAF451C0-LeaderElection28] INFO  impl.LeaderElection (LogUtils.java:infoOrTrace(137)) -   Exception 0: java.util.concurrent.ExecutionException: org.apache.ratis.thirdparty.io.grpc.StatusRuntimeException: UNAVAILABLE: io exception
2022-03-03 13:57:03,363 [27c0535d-9f26-46d8-bf91-046d0b15bd6c@group-E306AAF451C0-LeaderElection28] INFO  impl.LeaderElection (LogUtils.java:infoOrTrace(137)) -   Exception 1: java.util.concurrent.ExecutionException: org.apache.ratis.thirdparty.io.grpc.StatusRuntimeException: UNAVAILABLE: io exception
2022-03-03 13:57:03,363 [27c0535d-9f26-46d8-bf91-046d0b15bd6c@group-E306AAF451C0-LeaderElection28] INFO  impl.LeaderElection (LeaderElection.java:askForVotes(308)) - 27c0535d-9f26-46d8-bf91-046d0b15bd6c@group-E306AAF451C0-LeaderElection28 ELECTION round 0: result REJECTED
2022-03-03 13:57:03,363 [27c0535d-9f26-46d8-bf91-046d0b15bd6c@group-E306AAF451C0-LeaderElection28] INFO  server.RaftServer$Division (RaftServerImpl.java:setRole(290)) - 27c0535d-9f26-46d8-bf91-046d0b15bd6c@group-E306AAF451C0: changes role from CANDIDATE to FOLLOWER at term 4 for REJECTED
2022-03-03 13:57:03,363 [27c0535d-9f26-46d8-bf91-046d0b15bd6c@group-E306AAF451C0-LeaderElection28] INFO  impl.RoleInfo (RoleInfo.java:shutdownLeaderElection(121)) - 27c0535d-9f26-46d8-bf91-046d0b15bd6c: shutdown 27c0535d-9f26-46d8-bf91-046d0b15bd6c@group-E306AAF451C0-LeaderElection28
2022-03-03 13:57:03,363 [27c0535d-9f26-46d8-bf91-046d0b15bd6c@group-E306AAF451C0-LeaderElection28] INFO  impl.RoleInfo (RoleInfo.java:updateAndGet(130)) - 27c0535d-9f26-46d8-bf91-046d0b15bd6c: start 27c0535d-9f26-46d8-bf91-046d0b15bd6c@group-E306AAF451C0-FollowerState
2022-03-03 13:57:03,437 [27c0535d-9f26-46d8-bf91-046d0b15bd6c@group-CC0BC6AD9588-FollowerState] INFO  impl.FollowerState (FollowerState.java:run(134)) - 27c0535d-9f26-46d8-bf91-046d0b15bd6c@group-CC0BC6AD9588-FollowerState: change to CANDIDATE, lastRpcElapsedTime:7710609372ns, electionTimeout:5168ms
2022-03-03 13:57:03,438 [27c0535d-9f26-46d8-bf91-046d0b15bd6c@group-CC0BC6AD9588-FollowerState] INFO  impl.RoleInfo (RoleInfo.java:shutdownFollowerState(108)) - 27c0535d-9f26-46d8-bf91-046d0b15bd6c: shutdown 27c0535d-9f26-46d8-bf91-046d0b15bd6c@group-CC0BC6AD9588-FollowerState
2022-03-03 13:57:03,438 [27c0535d-9f26-46d8-bf91-046d0b15bd6c@group-CC0BC6AD9588-FollowerState] INFO  server.RaftServer$Division (RaftServerImpl.java:setRole(290)) - 27c0535d-9f26-46d8-bf91-046d0b15bd6c@group-CC0BC6AD9588: changes role from  FOLLOWER to CANDIDATE at term 1 for changeToCandidate
2022-03-03 13:57:03,438 [27c0535d-9f26-46d8-bf91-046d0b15bd6c@group-CC0BC6AD9588-FollowerState] INFO  server.RaftServerConfigKeys (ConfUtils.java:logGet(44)) - raft.server.leaderelection.pre-vote = false (custom)
2022-03-03 13:57:03,438 [27c0535d-9f26-46d8-bf91-046d0b15bd6c@group-CC0BC6AD9588-FollowerState] INFO  impl.RoleInfo (RoleInfo.java:updateAndGet(130)) - 27c0535d-9f26-46d8-bf91-046d0b15bd6c: start 27c0535d-9f26-46d8-bf91-046d0b15bd6c@group-CC0BC6AD9588-LeaderElection29
2022-03-03 13:57:03,439 [27c0535d-9f26-46d8-bf91-046d0b15bd6c@group-CC0BC6AD9588-LeaderElection29] INFO  server.RaftServer$Division (ServerState.java:setLeader(285)) - 27c0535d-9f26-46d8-bf91-046d0b15bd6c@group-CC0BC6AD9588: change Leader from 5bf7c3ec-7d76-406c-b229-eaa9a4a03e62 to null at term 1 for ELECTION
2022-03-03 13:57:03,452 [27c0535d-9f26-46d8-bf91-046d0b15bd6c@group-CC0BC6AD9588-LeaderElection29] INFO  impl.LeaderElection (LeaderElection.java:askForVotes(306)) - 27c0535d-9f26-46d8-bf91-046d0b15bd6c@group-CC0BC6AD9588-LeaderElection29 ELECTION round 0: submit vote requests at term 2 for 0: [27c0535d-9f26-46d8-bf91-046d0b15bd6c|rpc:127.0.0.1:40065|dataStream:|priority:0, 65d3439d-931f-471d-8772-cb5ffca9deeb|rpc:127.0.0.1:45489|dataStream:|priority:0, 5bf7c3ec-7d76-406c-b229-eaa9a4a03e62|rpc:127.0.0.1:36845|dataStream:|priority:1], old=null
2022-03-03 13:57:03,465 [27c0535d-9f26-46d8-bf91-046d0b15bd6c@group-CC0BC6AD9588-LeaderElection29] INFO  impl.LeaderElection (LogUtils.java:infoOrTrace(137)) - 27c0535d-9f26-46d8-bf91-046d0b15bd6c@group-CC0BC6AD9588-LeaderElection29 got exception when requesting votes: java.util.concurrent.ExecutionException: org.apache.ratis.thirdparty.io.grpc.StatusRuntimeException: UNAVAILABLE: io exception
2022-03-03 13:57:03,482 [27c0535d-9f26-46d8-bf91-046d0b15bd6c@group-CC0BC6AD9588-LeaderElection29] INFO  impl.LeaderElection (LogUtils.java:infoOrTrace(137)) - 27c0535d-9f26-46d8-bf91-046d0b15bd6c@group-CC0BC6AD9588-LeaderElection29 got exception when requesting votes: java.util.concurrent.ExecutionException: org.apache.ratis.thirdparty.io.grpc.StatusRuntimeException: UNAVAILABLE: io exception
2022-03-03 13:57:03,483 [27c0535d-9f26-46d8-bf91-046d0b15bd6c@group-CC0BC6AD9588-LeaderElection29] INFO  impl.LeaderElection (LeaderElection.java:logAndReturn(89)) - 27c0535d-9f26-46d8-bf91-046d0b15bd6c@group-CC0BC6AD9588-LeaderElection29: ELECTION REJECTED received 0 response(s) and 2 exception(s):
2022-03-03 13:57:03,483 [27c0535d-9f26-46d8-bf91-046d0b15bd6c@group-CC0BC6AD9588-LeaderElection29] INFO  impl.LeaderElection (LogUtils.java:infoOrTrace(137)) -   Exception 0: java.util.concurrent.ExecutionException: org.apache.ratis.thirdparty.io.grpc.StatusRuntimeException: UNAVAILABLE: io exception
2022-03-03 13:57:03,483 [27c0535d-9f26-46d8-bf91-046d0b15bd6c@group-CC0BC6AD9588-LeaderElection29] INFO  impl.LeaderElection (LogUtils.java:infoOrTrace(137)) -   Exception 1: java.util.concurrent.ExecutionException: org.apache.ratis.thirdparty.io.grpc.StatusRuntimeException: UNAVAILABLE: io exception
2022-03-03 13:57:03,483 [27c0535d-9f26-46d8-bf91-046d0b15bd6c@group-CC0BC6AD9588-LeaderElection29] INFO  impl.LeaderElection (LeaderElection.java:askForVotes(308)) - 27c0535d-9f26-46d8-bf91-046d0b15bd6c@group-CC0BC6AD9588-LeaderElection29 ELECTION round 0: result REJECTED
2022-03-03 13:57:03,483 [27c0535d-9f26-46d8-bf91-046d0b15bd6c@group-CC0BC6AD9588-LeaderElection29] INFO  server.RaftServer$Division (RaftServerImpl.java:setRole(290)) - 27c0535d-9f26-46d8-bf91-046d0b15bd6c@group-CC0BC6AD9588: changes role from CANDIDATE to FOLLOWER at term 2 for REJECTED
2022-03-03 13:57:03,483 [27c0535d-9f26-46d8-bf91-046d0b15bd6c@group-CC0BC6AD9588-LeaderElection29] INFO  impl.RoleInfo (RoleInfo.java:shutdownLeaderElection(121)) - 27c0535d-9f26-46d8-bf91-046d0b15bd6c: shutdown 27c0535d-9f26-46d8-bf91-046d0b15bd6c@group-CC0BC6AD9588-LeaderElection29
2022-03-03 13:57:03,483 [27c0535d-9f26-46d8-bf91-046d0b15bd6c@group-CC0BC6AD9588-LeaderElection29] INFO  impl.RoleInfo (RoleInfo.java:updateAndGet(130)) - 27c0535d-9f26-46d8-bf91-046d0b15bd6c: start 27c0535d-9f26-46d8-bf91-046d0b15bd6c@group-CC0BC6AD9588-FollowerState
2022-03-03 13:57:03,726 [EndpointStateMachine task thread for /127.0.0.1:43477 - 0 ] INFO  ipc.Client (Client.java:handleConnectionFailure(977)) - Retrying connect to server: localhost/127.0.0.1:43477. Already tried 12 time(s); retry policy is RetryUpToMaximumCountWithFixedSleep(maxRetries=15, sleepTime=1000 MILLISECONDS)
2022-03-03 13:57:04,115 [EndpointStateMachine task thread for /127.0.0.1:35581 - 0 ] INFO  ipc.Client (Client.java:handleConnectionFailure(977)) - Retrying connect to server: localhost/127.0.0.1:35581. Already tried 2 time(s); retry policy is RetryUpToMaximumCountWithFixedSleep(maxRetries=15, sleepTime=1000 MILLISECONDS)
2022-03-03 13:57:04,727 [EndpointStateMachine task thread for /127.0.0.1:43477 - 0 ] INFO  ipc.Client (Client.java:handleConnectionFailure(977)) - Retrying connect to server: localhost/127.0.0.1:43477. Already tried 13 time(s); retry policy is RetryUpToMaximumCountWithFixedSleep(maxRetries=15, sleepTime=1000 MILLISECONDS)
2022-03-03 13:57:05,115 [EndpointStateMachine task thread for /127.0.0.1:35581 - 0 ] INFO  ipc.Client (Client.java:handleConnectionFailure(977)) - Retrying connect to server: localhost/127.0.0.1:35581. Already tried 3 time(s); retry policy is RetryUpToMaximumCountWithFixedSleep(maxRetries=15, sleepTime=1000 MILLISECONDS)
2022-03-03 13:57:05,728 [EndpointStateMachine task thread for /127.0.0.1:43477 - 0 ] INFO  ipc.Client (Client.java:handleConnectionFailure(977)) - Retrying connect to server: localhost/127.0.0.1:43477. Already tried 14 time(s); retry policy is RetryUpToMaximumCountWithFixedSleep(maxRetries=15, sleepTime=1000 MILLISECONDS)
2022-03-03 13:57:05,729 [EndpointStateMachine task thread for /127.0.0.1:43477 - 0 ] WARN  statemachine.EndpointStateMachine (EndpointStateMachine.java:logIfNeeded(236)) - Unable to communicate to SCM server at localhost:43477 for past 0 seconds.
java.net.ConnectException: Call From fv-az50-851/10.1.0.28 to localhost:43477 failed on connection exception: java.net.ConnectException: Connection refused; For more details see:  http://wiki.apache.org/hadoop/ConnectionRefused
	at sun.reflect.NativeConstructorAccessorImpl.newInstance0(Native Method)
	at sun.reflect.NativeConstructorAccessorImpl.newInstance(NativeConstructorAccessorImpl.java:62)
	at sun.reflect.DelegatingConstructorAccessorImpl.newInstance(DelegatingConstructorAccessorImpl.java:45)
	at java.lang.reflect.Constructor.newInstance(Constructor.java:423)
	at org.apache.hadoop.net.NetUtils.wrapWithMessage(NetUtils.java:913)
	at org.apache.hadoop.net.NetUtils.wrapException(NetUtils.java:828)
	at org.apache.hadoop.ipc.Client.getRpcResponse(Client.java:1577)
	at org.apache.hadoop.ipc.Client.call(Client.java:1519)
	at org.apache.hadoop.ipc.Client.call(Client.java:1416)
	at org.apache.hadoop.ipc.ProtobufRpcEngine$Invoker.invoke(ProtobufRpcEngine.java:236)
	at org.apache.hadoop.ipc.ProtobufRpcEngine$Invoker.invoke(ProtobufRpcEngine.java:123)
	at com.sun.proxy.$Proxy47.submitRequest(Unknown Source)
	at org.apache.hadoop.ozone.protocolPB.StorageContainerDatanodeProtocolClientSideTranslatorPB.submitRequest(StorageContainerDatanodeProtocolClientSideTranslatorPB.java:117)
	at org.apache.hadoop.ozone.protocolPB.StorageContainerDatanodeProtocolClientSideTranslatorPB.sendHeartbeat(StorageContainerDatanodeProtocolClientSideTranslatorPB.java:149)
	at org.apache.hadoop.ozone.container.common.states.endpoint.HeartbeatEndpointTask.call(HeartbeatEndpointTask.java:180)
	at org.apache.hadoop.ozone.container.common.states.endpoint.HeartbeatEndpointTask.call(HeartbeatEndpointTask.java:83)
	at java.util.concurrent.FutureTask.run(FutureTask.java:266)
	at java.util.concurrent.ThreadPoolExecutor.runWorker(ThreadPoolExecutor.java:1149)
	at java.util.concurrent.ThreadPoolExecutor$Worker.run(ThreadPoolExecutor.java:624)
	at java.lang.Thread.run(Thread.java:750)
Caused by: java.net.ConnectException: Connection refused
	at sun.nio.ch.SocketChannelImpl.checkConnect(Native Method)
	at sun.nio.ch.SocketChannelImpl.finishConnect(SocketChannelImpl.java:716)
	at org.apache.hadoop.net.SocketIOWithTimeout.connect(SocketIOWithTimeout.java:206)
	at org.apache.hadoop.net.NetUtils.connect(NetUtils.java:586)
	at org.apache.hadoop.ipc.Client$Connection.setupConnection(Client.java:701)
	at org.apache.hadoop.ipc.Client$Connection.setupIOstreams(Client.java:822)
	at org.apache.hadoop.ipc.Client$Connection.access$3800(Client.java:414)
	at org.apache.hadoop.ipc.Client.getConnection(Client.java:1647)
	at org.apache.hadoop.ipc.Client.call(Client.java:1463)
	... 12 more
2022-03-03 13:57:06,116 [EndpointStateMachine task thread for /127.0.0.1:35581 - 0 ] INFO  ipc.Client (Client.java:handleConnectionFailure(977)) - Retrying connect to server: localhost/127.0.0.1:35581. Already tried 4 time(s); retry policy is RetryUpToMaximumCountWithFixedSleep(maxRetries=15, sleepTime=1000 MILLISECONDS)
2022-03-03 13:57:06,730 [EndpointStateMachine task thread for /127.0.0.1:43477 - 0 ] INFO  ipc.Client (Client.java:handleConnectionFailure(977)) - Retrying connect to server: localhost/127.0.0.1:43477. Already tried 0 time(s); retry policy is RetryUpToMaximumCountWithFixedSleep(maxRetries=15, sleepTime=1000 MILLISECONDS)
2022-03-03 13:57:07,117 [EndpointStateMachine task thread for /127.0.0.1:35581 - 0 ] INFO  ipc.Client (Client.java:handleConnectionFailure(977)) - Retrying connect to server: localhost/127.0.0.1:35581. Already tried 5 time(s); retry policy is RetryUpToMaximumCountWithFixedSleep(maxRetries=15, sleepTime=1000 MILLISECONDS)
2022-03-03 13:57:07,384 [Listener at 127.0.0.1/41153] INFO  ozoneimpl.OzoneContainer (OzoneContainer.java:stop(356)) - Attempting to stop container services.
2022-03-03 13:57:07,384 [Listener at 127.0.0.1/41153] INFO  server.RaftServer (RaftServerProxy.java:lambda$close$6(391)) - 27c0535d-9f26-46d8-bf91-046d0b15bd6c: close
2022-03-03 13:57:07,391 [Listener at 127.0.0.1/41153] INFO  server.RaftServer$Division (RaftServerImpl.java:lambda$close$4(412)) - 27c0535d-9f26-46d8-bf91-046d0b15bd6c@group-CC0BC6AD9588: shutdown
2022-03-03 13:57:07,391 [Listener at 127.0.0.1/41153] INFO  util.JmxRegister (JmxRegister.java:unregister(73)) - Successfully un-registered JMX Bean with object name Ratis:service=RaftServer,group=group-CC0BC6AD9588,id=27c0535d-9f26-46d8-bf91-046d0b15bd6c
2022-03-03 13:57:07,391 [Listener at 127.0.0.1/41153] INFO  impl.RoleInfo (RoleInfo.java:shutdownFollowerState(108)) - 27c0535d-9f26-46d8-bf91-046d0b15bd6c: shutdown 27c0535d-9f26-46d8-bf91-046d0b15bd6c@group-CC0BC6AD9588-FollowerState
2022-03-03 13:57:07,391 [Listener at 127.0.0.1/41153] INFO  impl.StateMachineUpdater (StateMachineUpdater.java:stopAndJoin(149)) - 27c0535d-9f26-46d8-bf91-046d0b15bd6c@group-CC0BC6AD9588-StateMachineUpdater: set stopIndex = 0
2022-03-03 13:57:07,391 [27c0535d-9f26-46d8-bf91-046d0b15bd6c@group-CC0BC6AD9588-FollowerState] INFO  impl.FollowerState (FollowerState.java:run(143)) - 27c0535d-9f26-46d8-bf91-046d0b15bd6c@group-CC0BC6AD9588-FollowerState was interrupted: {}
java.lang.InterruptedException: sleep interrupted
	at java.lang.Thread.sleep(Native Method)
	at java.lang.Thread.sleep(Thread.java:342)
	at java.util.concurrent.TimeUnit.sleep(TimeUnit.java:386)
	at org.apache.ratis.util.TimeDuration.sleep(TimeDuration.java:324)
	at org.apache.ratis.util.TimeDuration.sleep(TimeDuration.java:309)
	at org.apache.ratis.server.impl.FollowerState.run(FollowerState.java:118)
2022-03-03 13:57:07,391 [27c0535d-9f26-46d8-bf91-046d0b15bd6c@group-CC0BC6AD9588-StateMachineUpdater] INFO  ratis.ContainerStateMachine (ContainerStateMachine.java:takeSnapshot(304)) - group-CC0BC6AD9588: Taking a snapshot at:(t:1, i:0) file /home/runner/work/ozone/ozone/hadoop-ozone/integration-test/target/test-dir/MiniOzoneClusterImpl-66b45f8e-1cec-491e-b66c-9260b08df491/datanode-2/data/ratis/dc2f315a-49b8-4c84-98f4-cc0bc6ad9588/sm/snapshot.1_0
2022-03-03 13:57:07,403 [27c0535d-9f26-46d8-bf91-046d0b15bd6c@group-CC0BC6AD9588-StateMachineUpdater] INFO  ratis.ContainerStateMachine (ContainerStateMachine.java:takeSnapshot(315)) - group-CC0BC6AD9588: Finished taking a snapshot at:(t:1, i:0) file:/home/runner/work/ozone/ozone/hadoop-ozone/integration-test/target/test-dir/MiniOzoneClusterImpl-66b45f8e-1cec-491e-b66c-9260b08df491/datanode-2/data/ratis/dc2f315a-49b8-4c84-98f4-cc0bc6ad9588/sm/snapshot.1_0 took: 11 ms
2022-03-03 13:57:07,403 [27c0535d-9f26-46d8-bf91-046d0b15bd6c@group-CC0BC6AD9588-StateMachineUpdater] INFO  impl.StateMachineUpdater (StateMachineUpdater.java:takeSnapshot(281)) - 27c0535d-9f26-46d8-bf91-046d0b15bd6c@group-CC0BC6AD9588-StateMachineUpdater: Took a snapshot at index 0
2022-03-03 13:57:07,403 [27c0535d-9f26-46d8-bf91-046d0b15bd6c@group-CC0BC6AD9588-StateMachineUpdater] INFO  impl.StateMachineUpdater (StateMachineUpdater.java:lambda$new$0(89)) - 27c0535d-9f26-46d8-bf91-046d0b15bd6c@group-CC0BC6AD9588-StateMachineUpdater: snapshotIndex: updateIncreasingly -1 -> 0
2022-03-03 13:57:07,403 [Listener at 127.0.0.1/41153] INFO  server.RaftServer$Division (ServerState.java:close(419)) - 27c0535d-9f26-46d8-bf91-046d0b15bd6c@group-CC0BC6AD9588: closes. applyIndex: 0
2022-03-03 13:57:07,403 [27c0535d-9f26-46d8-bf91-046d0b15bd6c@group-CC0BC6AD9588-SegmentedRaftLogWorker] INFO  segmented.SegmentedRaftLogWorker (SegmentedRaftLogWorker.java:run(327)) - 27c0535d-9f26-46d8-bf91-046d0b15bd6c@group-CC0BC6AD9588-SegmentedRaftLogWorker was interrupted, exiting. There are 0 tasks remaining in the queue.
2022-03-03 13:57:07,406 [Listener at 127.0.0.1/41153] INFO  segmented.SegmentedRaftLogWorker (SegmentedRaftLogWorker.java:close(237)) - 27c0535d-9f26-46d8-bf91-046d0b15bd6c@group-CC0BC6AD9588-SegmentedRaftLogWorker close()
2022-03-03 13:57:07,407 [Listener at 127.0.0.1/41153] INFO  server.RaftServer$Division (RaftServerImpl.java:lambda$close$4(412)) - 27c0535d-9f26-46d8-bf91-046d0b15bd6c@group-E306AAF451C0: shutdown
2022-03-03 13:57:07,407 [Listener at 127.0.0.1/41153] INFO  util.JmxRegister (JmxRegister.java:unregister(73)) - Successfully un-registered JMX Bean with object name Ratis:service=RaftServer,group=group-E306AAF451C0,id=27c0535d-9f26-46d8-bf91-046d0b15bd6c
2022-03-03 13:57:07,407 [Listener at 127.0.0.1/41153] INFO  impl.RoleInfo (RoleInfo.java:shutdownFollowerState(108)) - 27c0535d-9f26-46d8-bf91-046d0b15bd6c: shutdown 27c0535d-9f26-46d8-bf91-046d0b15bd6c@group-E306AAF451C0-FollowerState
2022-03-03 13:57:07,407 [Listener at 127.0.0.1/41153] INFO  impl.StateMachineUpdater (StateMachineUpdater.java:stopAndJoin(149)) - 27c0535d-9f26-46d8-bf91-046d0b15bd6c@group-E306AAF451C0-StateMachineUpdater: set stopIndex = -1
2022-03-03 13:57:07,407 [27c0535d-9f26-46d8-bf91-046d0b15bd6c@group-E306AAF451C0-FollowerState] INFO  impl.FollowerState (FollowerState.java:run(143)) - 27c0535d-9f26-46d8-bf91-046d0b15bd6c@group-E306AAF451C0-FollowerState was interrupted: {}
java.lang.InterruptedException: sleep interrupted
	at java.lang.Thread.sleep(Native Method)
	at java.lang.Thread.sleep(Thread.java:342)
	at java.util.concurrent.TimeUnit.sleep(TimeUnit.java:386)
	at org.apache.ratis.util.TimeDuration.sleep(TimeDuration.java:324)
	at org.apache.ratis.util.TimeDuration.sleep(TimeDuration.java:309)
	at org.apache.ratis.server.impl.FollowerState.run(FollowerState.java:118)
2022-03-03 13:57:07,407 [Listener at 127.0.0.1/41153] INFO  server.RaftServer$Division (ServerState.java:close(419)) - 27c0535d-9f26-46d8-bf91-046d0b15bd6c@group-E306AAF451C0: closes. applyIndex: -1
2022-03-03 13:57:07,408 [27c0535d-9f26-46d8-bf91-046d0b15bd6c@group-E306AAF451C0-SegmentedRaftLogWorker] INFO  segmented.SegmentedRaftLogWorker (SegmentedRaftLogWorker.java:run(327)) - 27c0535d-9f26-46d8-bf91-046d0b15bd6c@group-E306AAF451C0-SegmentedRaftLogWorker was interrupted, exiting. There are 0 tasks remaining in the queue.
2022-03-03 13:57:07,408 [Listener at 127.0.0.1/41153] INFO  segmented.SegmentedRaftLogWorker (SegmentedRaftLogWorker.java:close(237)) - 27c0535d-9f26-46d8-bf91-046d0b15bd6c@group-E306AAF451C0-SegmentedRaftLogWorker close()
2022-03-03 13:57:07,408 [Listener at 127.0.0.1/41153] INFO  server.RaftServer$Division (RaftServerImpl.java:lambda$close$4(412)) - 27c0535d-9f26-46d8-bf91-046d0b15bd6c@group-7D1E74CD45BF: shutdown
2022-03-03 13:57:07,409 [Listener at 127.0.0.1/41153] INFO  util.JmxRegister (JmxRegister.java:unregister(73)) - Successfully un-registered JMX Bean with object name Ratis:service=RaftServer,group=group-7D1E74CD45BF,id=27c0535d-9f26-46d8-bf91-046d0b15bd6c
2022-03-03 13:57:07,409 [Listener at 127.0.0.1/41153] INFO  impl.RoleInfo (RoleInfo.java:shutdownLeaderState(91)) - 27c0535d-9f26-46d8-bf91-046d0b15bd6c: shutdown 27c0535d-9f26-46d8-bf91-046d0b15bd6c@group-7D1E74CD45BF-LeaderStateImpl
2022-03-03 13:57:07,409 [Listener at 127.0.0.1/41153] INFO  impl.PendingRequests (PendingRequests.java:sendNotLeaderResponses(282)) - 27c0535d-9f26-46d8-bf91-046d0b15bd6c@group-7D1E74CD45BF-PendingRequests: sendNotLeaderResponses
2022-03-03 13:57:07,409 [Listener at 127.0.0.1/41153] INFO  impl.StateMachineUpdater (StateMachineUpdater.java:stopAndJoin(149)) - 27c0535d-9f26-46d8-bf91-046d0b15bd6c@group-7D1E74CD45BF-StateMachineUpdater: set stopIndex = 0
2022-03-03 13:57:07,409 [27c0535d-9f26-46d8-bf91-046d0b15bd6c@group-7D1E74CD45BF-StateMachineUpdater] INFO  ratis.ContainerStateMachine (ContainerStateMachine.java:takeSnapshot(304)) - group-7D1E74CD45BF: Taking a snapshot at:(t:1, i:0) file /home/runner/work/ozone/ozone/hadoop-ozone/integration-test/target/test-dir/MiniOzoneClusterImpl-66b45f8e-1cec-491e-b66c-9260b08df491/datanode-2/data/ratis/6a6e2fd8-22ed-4e8a-9cda-7d1e74cd45bf/sm/snapshot.1_0
2022-03-03 13:57:07,410 [27c0535d-9f26-46d8-bf91-046d0b15bd6c@group-7D1E74CD45BF-StateMachineUpdater] INFO  ratis.ContainerStateMachine (ContainerStateMachine.java:takeSnapshot(315)) - group-7D1E74CD45BF: Finished taking a snapshot at:(t:1, i:0) file:/home/runner/work/ozone/ozone/hadoop-ozone/integration-test/target/test-dir/MiniOzoneClusterImpl-66b45f8e-1cec-491e-b66c-9260b08df491/datanode-2/data/ratis/6a6e2fd8-22ed-4e8a-9cda-7d1e74cd45bf/sm/snapshot.1_0 took: 1 ms
2022-03-03 13:57:07,411 [27c0535d-9f26-46d8-bf91-046d0b15bd6c@group-7D1E74CD45BF-StateMachineUpdater] INFO  impl.StateMachineUpdater (StateMachineUpdater.java:takeSnapshot(281)) - 27c0535d-9f26-46d8-bf91-046d0b15bd6c@group-7D1E74CD45BF-StateMachineUpdater: Took a snapshot at index 0
2022-03-03 13:57:07,411 [27c0535d-9f26-46d8-bf91-046d0b15bd6c@group-7D1E74CD45BF-StateMachineUpdater] INFO  impl.StateMachineUpdater (StateMachineUpdater.java:lambda$new$0(89)) - 27c0535d-9f26-46d8-bf91-046d0b15bd6c@group-7D1E74CD45BF-StateMachineUpdater: snapshotIndex: updateIncreasingly -1 -> 0
2022-03-03 13:57:07,411 [Listener at 127.0.0.1/41153] INFO  server.RaftServer$Division (ServerState.java:close(419)) - 27c0535d-9f26-46d8-bf91-046d0b15bd6c@group-7D1E74CD45BF: closes. applyIndex: 0
2022-03-03 13:57:07,414 [27c0535d-9f26-46d8-bf91-046d0b15bd6c@group-7D1E74CD45BF-SegmentedRaftLogWorker] INFO  segmented.SegmentedRaftLogWorker (SegmentedRaftLogWorker.java:run(327)) - 27c0535d-9f26-46d8-bf91-046d0b15bd6c@group-7D1E74CD45BF-SegmentedRaftLogWorker was interrupted, exiting. There are 0 tasks remaining in the queue.
2022-03-03 13:57:07,416 [Listener at 127.0.0.1/41153] INFO  segmented.SegmentedRaftLogWorker (SegmentedRaftLogWorker.java:close(237)) - 27c0535d-9f26-46d8-bf91-046d0b15bd6c@group-7D1E74CD45BF-SegmentedRaftLogWorker close()
2022-03-03 13:57:07,416 [Listener at 127.0.0.1/41153] INFO  server.GrpcService (GrpcService.java:closeImpl(262)) - 27c0535d-9f26-46d8-bf91-046d0b15bd6c: shutdown server with port 40065 now
2022-03-03 13:57:07,421 [Listener at 127.0.0.1/41153] INFO  server.GrpcService (GrpcService.java:closeImpl(271)) - 27c0535d-9f26-46d8-bf91-046d0b15bd6c: shutdown server with port 40065 successfully
2022-03-03 13:57:07,422 [org.apache.ratis.util.JvmPauseMonitor$$Lambda$435/931852204@4f78d017] INFO  util.JvmPauseMonitor (JvmPauseMonitor.java:run(109)) - JvmPauseMonitor-27c0535d-9f26-46d8-bf91-046d0b15bd6c: Stopped
2022-03-03 13:57:07,731 [EndpointStateMachine task thread for /127.0.0.1:43477 - 0 ] INFO  ipc.Client (Client.java:handleConnectionFailure(977)) - Retrying connect to server: localhost/127.0.0.1:43477. Already tried 1 time(s); retry policy is RetryUpToMaximumCountWithFixedSleep(maxRetries=15, sleepTime=1000 MILLISECONDS)
2022-03-03 13:57:08,117 [EndpointStateMachine task thread for /127.0.0.1:35581 - 0 ] INFO  ipc.Client (Client.java:handleConnectionFailure(977)) - Retrying connect to server: localhost/127.0.0.1:35581. Already tried 6 time(s); retry policy is RetryUpToMaximumCountWithFixedSleep(maxRetries=15, sleepTime=1000 MILLISECONDS)
2022-03-03 13:57:08,731 [EndpointStateMachine task thread for /127.0.0.1:43477 - 0 ] INFO  ipc.Client (Client.java:handleConnectionFailure(977)) - Retrying connect to server: localhost/127.0.0.1:43477. Already tried 2 time(s); retry policy is RetryUpToMaximumCountWithFixedSleep(maxRetries=15, sleepTime=1000 MILLISECONDS)
2022-03-03 13:57:09,118 [EndpointStateMachine task thread for /127.0.0.1:35581 - 0 ] INFO  ipc.Client (Client.java:handleConnectionFailure(977)) - Retrying connect to server: localhost/127.0.0.1:35581. Already tried 7 time(s); retry policy is RetryUpToMaximumCountWithFixedSleep(maxRetries=15, sleepTime=1000 MILLISECONDS)
2022-03-03 13:57:09,433 [Listener at 127.0.0.1/41153] INFO  utils.BackgroundService (BackgroundService.java:shutdown(132)) - Shutting down service BlockDeletingService
2022-03-03 13:57:09,732 [EndpointStateMachine task thread for /127.0.0.1:43477 - 0 ] INFO  ipc.Client (Client.java:handleConnectionFailure(977)) - Retrying connect to server: localhost/127.0.0.1:43477. Already tried 3 time(s); retry policy is RetryUpToMaximumCountWithFixedSleep(maxRetries=15, sleepTime=1000 MILLISECONDS)
2022-03-03 13:57:10,119 [EndpointStateMachine task thread for /127.0.0.1:35581 - 0 ] INFO  ipc.Client (Client.java:handleConnectionFailure(977)) - Retrying connect to server: localhost/127.0.0.1:35581. Already tried 8 time(s); retry policy is RetryUpToMaximumCountWithFixedSleep(maxRetries=15, sleepTime=1000 MILLISECONDS)
2022-03-03 13:57:10,733 [EndpointStateMachine task thread for /127.0.0.1:43477 - 0 ] INFO  ipc.Client (Client.java:handleConnectionFailure(977)) - Retrying connect to server: localhost/127.0.0.1:43477. Already tried 4 time(s); retry policy is RetryUpToMaximumCountWithFixedSleep(maxRetries=15, sleepTime=1000 MILLISECONDS)
2022-03-03 13:57:11,119 [EndpointStateMachine task thread for /127.0.0.1:35581 - 0 ] INFO  ipc.Client (Client.java:handleConnectionFailure(977)) - Retrying connect to server: localhost/127.0.0.1:35581. Already tried 9 time(s); retry policy is RetryUpToMaximumCountWithFixedSleep(maxRetries=15, sleepTime=1000 MILLISECONDS)
2022-03-03 13:57:11,733 [EndpointStateMachine task thread for /127.0.0.1:43477 - 0 ] INFO  ipc.Client (Client.java:handleConnectionFailure(977)) - Retrying connect to server: localhost/127.0.0.1:43477. Already tried 5 time(s); retry policy is RetryUpToMaximumCountWithFixedSleep(maxRetries=15, sleepTime=1000 MILLISECONDS)
2022-03-03 13:57:12,120 [EndpointStateMachine task thread for /127.0.0.1:35581 - 0 ] INFO  ipc.Client (Client.java:handleConnectionFailure(977)) - Retrying connect to server: localhost/127.0.0.1:35581. Already tried 10 time(s); retry policy is RetryUpToMaximumCountWithFixedSleep(maxRetries=15, sleepTime=1000 MILLISECONDS)
2022-03-03 13:57:12,450 [Listener at 127.0.0.1/41153] INFO  statemachine.DatanodeStateMachine (DatanodeStateMachine.java:stopDaemon(529)) - Ozone container server stopped.
2022-03-03 13:57:12,451 [Listener at 127.0.0.1/41153] INFO  handler.ContextHandler (ContextHandler.java:doStop(1153)) - Stopped o.e.j.w.WebAppContext@3944d991{hddsDatanode,/,null,STOPPED}{jar:file:/home/runner/.m2/repository/org/apache/ozone/hdds-container-service/1.3.0-SNAPSHOT/hdds-container-service-1.3.0-SNAPSHOT.jar!/webapps/hddsDatanode}
2022-03-03 13:57:12,452 [Listener at 127.0.0.1/41153] INFO  server.AbstractConnector (AbstractConnector.java:doStop(381)) - Stopped ServerConnector@4f4f4086{HTTP/1.1, (http/1.1)}{0.0.0.0:0}
2022-03-03 13:57:12,452 [Listener at 127.0.0.1/41153] INFO  server.session (HouseKeeper.java:stopScavenging(149)) - node0 Stopped scavenging
2022-03-03 13:57:12,452 [Listener at 127.0.0.1/41153] INFO  handler.ContextHandler (ContextHandler.java:doStop(1153)) - Stopped o.e.j.s.ServletContextHandler@753f4200{static,/static,jar:file:/home/runner/.m2/repository/org/apache/ozone/hdds-container-service/1.3.0-SNAPSHOT/hdds-container-service-1.3.0-SNAPSHOT.jar!/webapps/static,STOPPED}
2022-03-03 13:57:12,452 [Listener at 127.0.0.1/41153] INFO  handler.ContextHandler (ContextHandler.java:doStop(1153)) - Stopped o.e.j.s.ServletContextHandler@47d862a5{logs,/logs,file:///home/runner/work/ozone/ozone/hadoop-ozone/integration-test/target/log,STOPPED}
]]></system-out>
  </testcase>
  <testcase name="testBootstrap" classname="org.apache.hadoop.ozone.om.TestAddRemoveOzoneManager" time="69.129"/>
  <testcase name="testDecommission" classname="org.apache.hadoop.ozone.om.TestAddRemoveOzoneManager" time="54.113"/>
</testsuite>