<?xml version="1.0" encoding="UTF-8"?>
<testsuite xmlns:xsi="http://www.w3.org/2001/XMLSchema-instance" xsi:noNamespaceSchemaLocation="https://maven.apache.org/surefire/maven-surefire-plugin/xsd/surefire-test-report.xsd" name="org.apache.hadoop.ozone.parser.TestOzoneHARatisLogParser" time="76.666" tests="1" errors="1" skipped="0" failures="0">
  <properties>
    <property name="awt.toolkit" value="sun.awt.X11.XToolkit"/>
    <property name="file.encoding.pkg" value="sun.io"/>
    <property name="java.specification.version" value="1.8"/>
    <property name="sun.cpu.isalist" value=""/>
    <property name="sun.jnu.encoding" value="UTF-8"/>
    <property name="java.class.path" value="/home/runner/work/ozone/ozone/hadoop-ozone/integration-test/target/test-classes:/home/runner/work/ozone/ozone/hadoop-ozone/integration-test/target/classes:/home/runner/.m2/repository/org/apache/ozone/ozone-common/1.3.0-SNAPSHOT/ozone-common-1.3.0-SNAPSHOT.jar:/home/runner/.m2/repository/org/apache/commons/commons-compress/1.21/commons-compress-1.21.jar:/home/runner/.m2/repository/org/apache/ozone/hdds-common/1.3.0-SNAPSHOT/hdds-common-1.3.0-SNAPSHOT.jar:/home/runner/.m2/repository/org/apache/ozone/hdds-client/1.3.0-SNAPSHOT/hdds-client-1.3.0-SNAPSHOT.jar:/home/runner/.m2/repository/org/apache/ozone/ozone-interface-client/1.3.0-SNAPSHOT/ozone-interface-client-1.3.0-SNAPSHOT.jar:/home/runner/.m2/repository/org/apache/ozone/hdds-test-utils/1.3.0-SNAPSHOT/hdds-test-utils-1.3.0-SNAPSHOT.jar:/home/runner/.m2/repository/com/google/guava/guava/30.1.1-jre/guava-30.1.1-jre.jar:/home/runner/.m2/repository/com/google/guava/failureaccess/1.0.1/failureaccess-1.0.1.jar:/home/runner/.m2/repository/com/google/guava/listenablefuture/9999.0-empty-to-avoid-conflict-with-guava/listenablefuture-9999.0-empty-to-avoid-conflict-with-guava.jar:/home/runner/.m2/repository/com/google/code/findbugs/jsr305/3.0.0/jsr305-3.0.0.jar:/home/runner/.m2/repository/org/checkerframework/checker-qual/3.8.0/checker-qual-3.8.0.jar:/home/runner/.m2/repository/com/google/errorprone/error_prone_annotations/2.2.0/error_prone_annotations-2.2.0.jar:/home/runner/.m2/repository/com/google/j2objc/j2objc-annotations/1.3/j2objc-annotations-1.3.jar:/home/runner/.m2/repository/commons-io/commons-io/2.11.0/commons-io-2.11.0.jar:/home/runner/.m2/repository/commons-logging/commons-logging/1.2/commons-logging-1.2.jar:/home/runner/.m2/repository/log4j/log4j/1.2.17/log4j-1.2.17.jar:/home/runner/.m2/repository/org/slf4j/slf4j-api/1.7.30/slf4j-api-1.7.30.jar:/home/runner/.m2/repository/org/apache/ozone/hdds-server-scm/1.3.0-SNAPSHOT/hdds-server-scm-1.3.0-SNAPSHOT.jar:/home/runner/.m2/repository/org/apache/ozone/hdds-container-service/1.3.0-SNAPSHOT/hdds-container-service-1.3.0-SNAPSHOT.jar:/home/runner/.m2/repository/org/apache/ozone/hdds-hadoop-dependency-server/1.3.0-SNAPSHOT/hdds-hadoop-dependency-server-1.3.0-SNAPSHOT.jar:/home/runner/.m2/repository/org/apache/hadoop/hadoop-hdfs/3.3.1/hadoop-hdfs-3.3.1.jar:/home/runner/.m2/repository/org/apache/ozone/hdds-server-framework/1.3.0-SNAPSHOT/hdds-server-framework-1.3.0-SNAPSHOT.jar:/home/runner/.m2/repository/org/apache/ozone/hdds-interface-server/1.3.0-SNAPSHOT/hdds-interface-server-1.3.0-SNAPSHOT.jar:/home/runner/.m2/repository/org/eclipse/jetty/jetty-servlet/9.4.43.v20210629/jetty-servlet-9.4.43.v20210629.jar:/home/runner/.m2/repository/org/eclipse/jetty/jetty-security/9.4.43.v20210629/jetty-security-9.4.43.v20210629.jar:/home/runner/.m2/repository/org/rocksdb/rocksdbjni/6.25.3/rocksdbjni-6.25.3.jar:/home/runner/.m2/repository/io/prometheus/simpleclient_dropwizard/0.7.0/simpleclient_dropwizard-0.7.0.jar:/home/runner/.m2/repository/io/prometheus/simpleclient/0.7.0/simpleclient-0.7.0.jar:/home/runner/.m2/repository/io/prometheus/simpleclient_common/0.7.0/simpleclient_common-0.7.0.jar:/home/runner/.m2/repository/com/fasterxml/jackson/datatype/jackson-datatype-jsr310/2.12.1/jackson-datatype-jsr310-2.12.1.jar:/home/runner/.m2/repository/io/dropwizard/metrics/metrics-core/3.2.4/metrics-core-3.2.4.jar:/home/runner/.m2/repository/org/apache/hadoop/hadoop-hdfs-client/3.3.1/hadoop-hdfs-client-3.3.1.jar:/home/runner/.m2/repository/org/bouncycastle/bcprov-jdk15on/1.67/bcprov-jdk15on-1.67.jar:/home/runner/.m2/repository/com/google/protobuf/protobuf-java/2.5.0/protobuf-java-2.5.0.jar:/home/runner/.m2/repository/org/apache/ozone/ozone-manager/1.3.0-SNAPSHOT/ozone-manager-1.3.0-SNAPSHOT.jar:/home/runner/.m2/repository/org/aspectj/aspectjrt/1.9.7/aspectjrt-1.9.7.jar:/home/runner/.m2/repository/org/aspectj/aspectjweaver/1.9.7/aspectjweaver-1.9.7.jar:/home/runner/.m2/repository/org/apache/ozone/hdds-interface-client/1.3.0-SNAPSHOT/hdds-interface-client-1.3.0-SNAPSHOT.jar:/home/runner/.m2/repository/org/apache/hadoop/thirdparty/hadoop-shaded-protobuf_3_7/1.1.1/hadoop-shaded-protobuf_3_7-1.1.1.jar:/home/runner/.m2/repository/org/apache/ozone/ozone-interface-storage/1.3.0-SNAPSHOT/ozone-interface-storage-1.3.0-SNAPSHOT.jar:/home/runner/.m2/repository/org/reflections/reflections/0.9.11/reflections-0.9.11.jar:/home/runner/.m2/repository/org/apache/hadoop/hadoop-minikdc/3.3.1/hadoop-minikdc-3.3.1.jar:/home/runner/.m2/repository/org/apache/kerby/kerb-simplekdc/1.0.1/kerb-simplekdc-1.0.1.jar:/home/runner/.m2/repository/org/apache/kerby/kerb-client/1.0.1/kerb-client-1.0.1.jar:/home/runner/.m2/repository/org/apache/kerby/kerby-config/1.0.1/kerby-config-1.0.1.jar:/home/runner/.m2/repository/org/apache/kerby/kerb-common/1.0.1/kerb-common-1.0.1.jar:/home/runner/.m2/repository/org/apache/kerby/kerb-crypto/1.0.1/kerb-crypto-1.0.1.jar:/home/runner/.m2/repository/org/apache/kerby/kerb-util/1.0.1/kerb-util-1.0.1.jar:/home/runner/.m2/repository/org/apache/kerby/token-provider/1.0.1/token-provider-1.0.1.jar:/home/runner/.m2/repository/org/apache/kerby/kerb-admin/1.0.1/kerb-admin-1.0.1.jar:/home/runner/.m2/repository/org/apache/kerby/kerb-server/1.0.1/kerb-server-1.0.1.jar:/home/runner/.m2/repository/org/apache/kerby/kerb-identity/1.0.1/kerb-identity-1.0.1.jar:/home/runner/.m2/repository/org/apache/kerby/kerby-xdr/1.0.1/kerby-xdr-1.0.1.jar:/home/runner/.m2/repository/org/slf4j/slf4j-log4j12/1.7.30/slf4j-log4j12-1.7.30.jar:/home/runner/.m2/repository/org/apache/ozone/ozone-s3gateway/1.3.0-SNAPSHOT/ozone-s3gateway-1.3.0-SNAPSHOT.jar:/home/runner/.m2/repository/org/javassist/javassist/3.21.0-GA/javassist-3.21.0-GA.jar:/home/runner/.m2/repository/org/jboss/weld/servlet/weld-servlet/2.4.7.Final/weld-servlet-2.4.7.Final.jar:/home/runner/.m2/repository/org/glassfish/jersey/containers/jersey-container-servlet-core/2.33/jersey-container-servlet-core-2.33.jar:/home/runner/.m2/repository/org/glassfish/hk2/external/jakarta.inject/2.6.1/jakarta.inject-2.6.1.jar:/home/runner/.m2/repository/org/glassfish/jersey/core/jersey-common/2.33/jersey-common-2.33.jar:/home/runner/.m2/repository/jakarta/ws/rs/jakarta.ws.rs-api/2.1.6/jakarta.ws.rs-api-2.1.6.jar:/home/runner/.m2/repository/org/glassfish/jersey/ext/cdi/jersey-cdi1x/2.33/jersey-cdi1x-2.33.jar:/home/runner/.m2/repository/org/glassfish/jersey/inject/jersey-hk2/2.33/jersey-hk2-2.33.jar:/home/runner/.m2/repository/org/glassfish/hk2/hk2-locator/2.6.1/hk2-locator-2.6.1.jar:/home/runner/.m2/repository/org/glassfish/jersey/media/jersey-media-jaxb/2.33/jersey-media-jaxb-2.33.jar:/home/runner/.m2/repository/org/glassfish/hk2/osgi-resource-locator/1.0.3/osgi-resource-locator-1.0.3.jar:/home/runner/.m2/repository/org/glassfish/hk2/hk2-api/2.5.0/hk2-api-2.5.0.jar:/home/runner/.m2/repository/org/glassfish/hk2/hk2-utils/2.5.0/hk2-utils-2.5.0.jar:/home/runner/.m2/repository/org/glassfish/hk2/external/aopalliance-repackaged/2.5.0/aopalliance-repackaged-2.5.0.jar:/home/runner/.m2/repository/com/fasterxml/jackson/dataformat/jackson-dataformat-xml/2.12.1/jackson-dataformat-xml-2.12.1.jar:/home/runner/.m2/repository/com/fasterxml/jackson/core/jackson-core/2.12.1/jackson-core-2.12.1.jar:/home/runner/.m2/repository/com/fasterxml/jackson/module/jackson-module-jaxb-annotations/2.12.1/jackson-module-jaxb-annotations-2.12.1.jar:/home/runner/.m2/repository/jakarta/xml/bind/jakarta.xml.bind-api/2.3.2/jakarta.xml.bind-api-2.3.2.jar:/home/runner/.m2/repository/org/codehaus/woodstox/stax2-api/3.1.4/stax2-api-3.1.4.jar:/home/runner/.m2/repository/com/fasterxml/woodstox/woodstox-core/5.0.3/woodstox-core-5.0.3.jar:/home/runner/.m2/repository/javax/enterprise/cdi-api/1.2/cdi-api-1.2.jar:/home/runner/.m2/repository/javax/el/javax.el-api/3.0.0/javax.el-api-3.0.0.jar:/home/runner/.m2/repository/javax/interceptor/javax.interceptor-api/1.2/javax.interceptor-api-1.2.jar:/home/runner/.m2/repository/javax/inject/javax.inject/1/javax.inject-1.jar:/home/runner/.m2/repository/javax/xml/bind/jaxb-api/2.3.0/jaxb-api-2.3.0.jar:/home/runner/.m2/repository/org/glassfish/jaxb/jaxb-runtime/2.3.0.1/jaxb-runtime-2.3.0.1.jar:/home/runner/.m2/repository/org/glassfish/jaxb/jaxb-core/2.3.0.1/jaxb-core-2.3.0.1.jar:/home/runner/.m2/repository/org/glassfish/jaxb/txw2/2.3.0.1/txw2-2.3.0.1.jar:/home/runner/.m2/repository/com/sun/istack/istack-commons-runtime/3.0.5/istack-commons-runtime-3.0.5.jar:/home/runner/.m2/repository/org/jvnet/staxex/stax-ex/1.7.8/stax-ex-1.7.8.jar:/home/runner/.m2/repository/com/sun/xml/fastinfoset/FastInfoset/1.2.13/FastInfoset-1.2.13.jar:/home/runner/.m2/repository/javax/activation/activation/1.1.1/activation-1.1.1.jar:/home/runner/.m2/repository/org/apache/ozone/ozone-csi/1.3.0-SNAPSHOT/ozone-csi-1.3.0-SNAPSHOT.jar:/home/runner/.m2/repository/com/google/protobuf/protobuf-java-util/3.12.0/protobuf-java-util-3.12.0.jar:/home/runner/.m2/repository/com/google/code/gson/gson/2.2.4/gson-2.2.4.jar:/home/runner/.m2/repository/org/apache/ozone/hdds-config/1.3.0-SNAPSHOT/hdds-config-1.3.0-SNAPSHOT.jar:/home/runner/.m2/repository/io/grpc/grpc-netty/1.33.0/grpc-netty-1.33.0.jar:/home/runner/.m2/repository/io/grpc/grpc-core/1.33.0/grpc-core-1.33.0.jar:/home/runner/.m2/repository/com/google/android/annotations/4.1.1.4/annotations-4.1.1.4.jar:/home/runner/.m2/repository/io/netty/netty-codec-http2/4.1.63.Final/netty-codec-http2-4.1.63.Final.jar:/home/runner/.m2/repository/io/netty/netty-codec-http/4.1.63.Final/netty-codec-http-4.1.63.Final.jar:/home/runner/.m2/repository/io/netty/netty-handler-proxy/4.1.63.Final/netty-handler-proxy-4.1.63.Final.jar:/home/runner/.m2/repository/io/netty/netty-codec-socks/4.1.63.Final/netty-codec-socks-4.1.63.Final.jar:/home/runner/.m2/repository/io/perfmark/perfmark-api/0.19.0/perfmark-api-0.19.0.jar:/home/runner/.m2/repository/org/codehaus/mojo/animal-sniffer-annotations/1.18/animal-sniffer-annotations-1.18.jar:/home/runner/.m2/repository/io/netty/netty-transport-native-epoll/4.1.63.Final/netty-transport-native-epoll-4.1.63.Final.jar:/home/runner/.m2/repository/io/netty/netty-common/4.1.63.Final/netty-common-4.1.63.Final.jar:/home/runner/.m2/repository/io/netty/netty-buffer/4.1.63.Final/netty-buffer-4.1.63.Final.jar:/home/runner/.m2/repository/io/netty/netty-transport-native-unix-common/4.1.63.Final/netty-transport-native-unix-common-4.1.63.Final.jar:/home/runner/.m2/repository/io/grpc/grpc-protobuf/1.33.0/grpc-protobuf-1.33.0.jar:/home/runner/.m2/repository/io/grpc/grpc-api/1.33.0/grpc-api-1.33.0.jar:/home/runner/.m2/repository/io/grpc/grpc-context/1.33.0/grpc-context-1.33.0.jar:/home/runner/.m2/repository/com/google/api/grpc/proto-google-common-protos/1.17.0/proto-google-common-protos-1.17.0.jar:/home/runner/.m2/repository/io/grpc/grpc-protobuf-lite/1.33.0/grpc-protobuf-lite-1.33.0.jar:/home/runner/.m2/repository/io/grpc/grpc-stub/1.33.0/grpc-stub-1.33.0.jar:/home/runner/.m2/repository/org/apache/ozone/ozone-recon/1.3.0-SNAPSHOT/ozone-recon-1.3.0-SNAPSHOT.jar:/home/runner/.m2/repository/org/apache/ozone/ozone-reconcodegen/1.3.0-SNAPSHOT/ozone-reconcodegen-1.3.0-SNAPSHOT.jar:/home/runner/.m2/repository/com/google/inject/extensions/guice-multibindings/4.0/guice-multibindings-4.0.jar:/home/runner/.m2/repository/com/google/inject/guice/4.0/guice-4.0.jar:/home/runner/.m2/repository/aopalliance/aopalliance/1.0/aopalliance-1.0.jar:/home/runner/.m2/repository/com/google/inject/extensions/guice-assistedinject/4.0/guice-assistedinject-4.0.jar:/home/runner/.m2/repository/com/google/inject/extensions/guice-servlet/4.0/guice-servlet-4.0.jar:/home/runner/.m2/repository/org/glassfish/jersey/containers/jersey-container-servlet/2.33/jersey-container-servlet-2.33.jar:/home/runner/.m2/repository/org/glassfish/hk2/guice-bridge/2.5.0/guice-bridge-2.5.0.jar:/home/runner/.m2/repository/org/glassfish/jersey/core/jersey-server/2.33/jersey-server-2.33.jar:/home/runner/.m2/repository/org/glassfish/jersey/core/jersey-client/2.33/jersey-client-2.33.jar:/home/runner/.m2/repository/jakarta/annotation/jakarta.annotation-api/1.3.5/jakarta.annotation-api-1.3.5.jar:/home/runner/.m2/repository/jakarta/validation/jakarta.validation-api/2.0.2/jakarta.validation-api-2.0.2.jar:/home/runner/.m2/repository/org/glassfish/jersey/media/jersey-media-json-jackson/2.33/jersey-media-json-jackson-2.33.jar:/home/runner/.m2/repository/org/glassfish/jersey/ext/jersey-entity-filtering/2.33/jersey-entity-filtering-2.33.jar:/home/runner/.m2/repository/org/jooq/jooq/3.11.10/jooq-3.11.10.jar:/home/runner/.m2/repository/org/jooq/jooq-meta/3.11.10/jooq-meta-3.11.10.jar:/home/runner/.m2/repository/org/jooq/jooq-codegen/3.11.10/jooq-codegen-3.11.10.jar:/home/runner/.m2/repository/com/jolbox/bonecp/0.8.0.RELEASE/bonecp-0.8.0.RELEASE.jar:/home/runner/.m2/repository/org/apache/derby/derby/10.14.2.0/derby-10.14.2.0.jar:/home/runner/.m2/repository/org/xerial/sqlite-jdbc/3.25.2/sqlite-jdbc-3.25.2.jar:/home/runner/.m2/repository/org/springframework/spring-jdbc/5.2.18.RELEASE/spring-jdbc-5.2.18.RELEASE.jar:/home/runner/.m2/repository/org/springframework/spring-beans/5.2.18.RELEASE/spring-beans-5.2.18.RELEASE.jar:/home/runner/.m2/repository/org/springframework/spring-core/5.2.18.RELEASE/spring-core-5.2.18.RELEASE.jar:/home/runner/.m2/repository/org/springframework/spring-jcl/5.2.18.RELEASE/spring-jcl-5.2.18.RELEASE.jar:/home/runner/.m2/repository/org/springframework/spring-tx/5.2.18.RELEASE/spring-tx-5.2.18.RELEASE.jar:/home/runner/.m2/repository/org/apache/ozone/ozone-client/1.3.0-SNAPSHOT/ozone-client-1.3.0-SNAPSHOT.jar:/home/runner/.m2/repository/org/apache/ozone/ozone-filesystem/1.3.0-SNAPSHOT/ozone-filesystem-1.3.0-SNAPSHOT.jar:/home/runner/.m2/repository/org/apache/ozone/ozone-filesystem-common/1.3.0-SNAPSHOT/ozone-filesystem-common-1.3.0-SNAPSHOT.jar:/home/runner/.m2/repository/org/apache/ozone/ozone-tools/1.3.0-SNAPSHOT/ozone-tools-1.3.0-SNAPSHOT.jar:/home/runner/.m2/repository/org/apache/ratis/ratis-tools/2.2.0/ratis-tools-2.2.0.jar:/home/runner/.m2/repository/com/amazonaws/aws-java-sdk-core/1.12.124/aws-java-sdk-core-1.12.124.jar:/home/runner/.m2/repository/org/apache/httpcomponents/httpclient/4.5.13/httpclient-4.5.13.jar:/home/runner/.m2/repository/org/apache/httpcomponents/httpcore/4.4.13/httpcore-4.4.13.jar:/home/runner/.m2/repository/software/amazon/ion/ion-java/1.0.2/ion-java-1.0.2.jar:/home/runner/.m2/repository/com/fasterxml/jackson/dataformat/jackson-dataformat-cbor/2.12.1/jackson-dataformat-cbor-2.12.1.jar:/home/runner/.m2/repository/joda-time/joda-time/2.8.1/joda-time-2.8.1.jar:/home/runner/.m2/repository/com/amazonaws/aws-java-sdk-s3/1.12.124/aws-java-sdk-s3-1.12.124.jar:/home/runner/.m2/repository/com/amazonaws/aws-java-sdk-kms/1.12.124/aws-java-sdk-kms-1.12.124.jar:/home/runner/.m2/repository/com/amazonaws/jmespath-java/1.12.124/jmespath-java-1.12.124.jar:/home/runner/.m2/repository/org/kohsuke/metainf-services/metainf-services/1.8/metainf-services-1.8.jar:/home/runner/.m2/repository/org/apache/ozone/hdds-tools/1.3.0-SNAPSHOT/hdds-tools-1.3.0-SNAPSHOT.jar:/home/runner/.m2/repository/commons-cli/commons-cli/1.2/commons-cli-1.2.jar:/home/runner/.m2/repository/org/apache/commons/commons-lang3/3.7/commons-lang3-3.7.jar:/home/runner/.m2/repository/org/apache/ozone/ozone-manager/1.3.0-SNAPSHOT/ozone-manager-1.3.0-SNAPSHOT-tests.jar:/home/runner/.m2/repository/org/apache/ozone/hdds-common/1.3.0-SNAPSHOT/hdds-common-1.3.0-SNAPSHOT-tests.jar:/home/runner/.m2/repository/org/apache/ozone/hdds-hadoop-dependency-client/1.3.0-SNAPSHOT/hdds-hadoop-dependency-client-1.3.0-SNAPSHOT.jar:/home/runner/.m2/repository/info/picocli/picocli/4.6.1/picocli-4.6.1.jar:/home/runner/.m2/repository/com/fasterxml/jackson/core/jackson-annotations/2.12.1/jackson-annotations-2.12.1.jar:/home/runner/.m2/repository/javax/annotation/javax.annotation-api/1.2/javax.annotation-api-1.2.jar:/home/runner/.m2/repository/org/apache/ratis/ratis-server/2.2.0/ratis-server-2.2.0.jar:/home/runner/.m2/repository/org/apache/ratis/ratis-client/2.2.0/ratis-client-2.2.0.jar:/home/runner/.m2/repository/org/apache/ratis/ratis-server-api/2.2.0/ratis-server-api-2.2.0.jar:/home/runner/.m2/repository/org/apache/ratis/ratis-metrics/2.2.0/ratis-metrics-2.2.0.jar:/home/runner/.m2/repository/org/apache/ratis/ratis-netty/2.2.0/ratis-netty-2.2.0.jar:/home/runner/.m2/repository/org/apache/ratis/ratis-grpc/2.2.0/ratis-grpc-2.2.0.jar:/home/runner/.m2/repository/org/apache/logging/log4j/log4j-api/2.17.1/log4j-api-2.17.1.jar:/home/runner/.m2/repository/org/apache/logging/log4j/log4j-core/2.17.1/log4j-core-2.17.1.jar:/home/runner/.m2/repository/com/lmax/disruptor/3.4.2/disruptor-3.4.2.jar:/home/runner/.m2/repository/org/apache/commons/commons-pool2/2.6.0/commons-pool2-2.6.0.jar:/home/runner/.m2/repository/org/bouncycastle/bcpkix-jdk15on/1.67/bcpkix-jdk15on-1.67.jar:/home/runner/.m2/repository/commons-validator/commons-validator/1.6/commons-validator-1.6.jar:/home/runner/.m2/repository/commons-beanutils/commons-beanutils/1.9.4/commons-beanutils-1.9.4.jar:/home/runner/.m2/repository/commons-digester/commons-digester/1.8.1/commons-digester-1.8.1.jar:/home/runner/.m2/repository/commons-collections/commons-collections/3.2.2/commons-collections-3.2.2.jar:/home/runner/.m2/repository/io/jaegertracing/jaeger-client/1.6.0/jaeger-client-1.6.0.jar:/home/runner/.m2/repository/io/jaegertracing/jaeger-thrift/1.6.0/jaeger-thrift-1.6.0.jar:/home/runner/.m2/repository/org/apache/thrift/libthrift/0.14.1/libthrift-0.14.1.jar:/home/runner/.m2/repository/com/squareup/okhttp3/okhttp/4.9.0/okhttp-4.9.0.jar:/home/runner/.m2/repository/com/squareup/okio/okio/2.8.0/okio-2.8.0.jar:/home/runner/.m2/repository/io/jaegertracing/jaeger-core/1.6.0/jaeger-core-1.6.0.jar:/home/runner/.m2/repository/io/jaegertracing/jaeger-tracerresolver/1.6.0/jaeger-tracerresolver-1.6.0.jar:/home/runner/.m2/repository/io/opentracing/contrib/opentracing-tracerresolver/0.1.8/opentracing-tracerresolver-0.1.8.jar:/home/runner/.m2/repository/org/jetbrains/kotlin/kotlin-stdlib/1.4.31/kotlin-stdlib-1.4.31.jar:/home/runner/.m2/repository/org/jetbrains/kotlin/kotlin-stdlib-common/1.4.31/kotlin-stdlib-common-1.4.31.jar:/home/runner/.m2/repository/org/jetbrains/annotations/13.0/annotations-13.0.jar:/home/runner/.m2/repository/io/opentracing/opentracing-util/0.33.0/opentracing-util-0.33.0.jar:/home/runner/.m2/repository/io/opentracing/opentracing-api/0.33.0/opentracing-api-0.33.0.jar:/home/runner/.m2/repository/io/opentracing/opentracing-noop/0.33.0/opentracing-noop-0.33.0.jar:/home/runner/.m2/repository/org/yaml/snakeyaml/1.26/snakeyaml-1.26.jar:/home/runner/.m2/repository/org/apache/ozone/hdds-interface-admin/1.3.0-SNAPSHOT/hdds-interface-admin-1.3.0-SNAPSHOT.jar:/home/runner/.m2/repository/junit/junit/4.13.1/junit-4.13.1.jar:/home/runner/.m2/repository/org/hamcrest/hamcrest-core/1.3/hamcrest-core-1.3.jar:/home/runner/.m2/repository/org/junit/jupiter/junit-jupiter-api/5.7.0/junit-jupiter-api-5.7.0.jar:/home/runner/.m2/repository/org/apiguardian/apiguardian-api/1.1.0/apiguardian-api-1.1.0.jar:/home/runner/.m2/repository/org/opentest4j/opentest4j/1.2.0/opentest4j-1.2.0.jar:/home/runner/.m2/repository/org/junit/platform/junit-platform-commons/1.7.0/junit-platform-commons-1.7.0.jar:/home/runner/.m2/repository/org/junit/jupiter/junit-jupiter-engine/5.7.0/junit-jupiter-engine-5.7.0.jar:/home/runner/.m2/repository/org/junit/platform/junit-platform-engine/1.7.0/junit-platform-engine-1.7.0.jar:/home/runner/.m2/repository/org/junit/vintage/junit-vintage-engine/5.7.0/junit-vintage-engine-5.7.0.jar:/home/runner/.m2/repository/org/junit/platform/junit-platform-launcher/1.7.0/junit-platform-launcher-1.7.0.jar:/home/runner/.m2/repository/org/mockito/mockito-core/2.28.2/mockito-core-2.28.2.jar:/home/runner/.m2/repository/net/bytebuddy/byte-buddy/1.9.10/byte-buddy-1.9.10.jar:/home/runner/.m2/repository/net/bytebuddy/byte-buddy-agent/1.9.10/byte-buddy-agent-1.9.10.jar:/home/runner/.m2/repository/org/objenesis/objenesis/1.0/objenesis-1.0.jar:/home/runner/.m2/repository/org/apache/hadoop/hadoop-kms/3.3.1/hadoop-kms-3.3.1.jar:/home/runner/.m2/repository/org/apache/hadoop/hadoop-auth/3.3.1/hadoop-auth-3.3.1.jar:/home/runner/.m2/repository/com/nimbusds/nimbus-jose-jwt/7.9/nimbus-jose-jwt-7.9.jar:/home/runner/.m2/repository/com/github/stephenc/jcip/jcip-annotations/1.0-1/jcip-annotations-1.0-1.jar:/home/runner/.m2/repository/net/minidev/json-smart/2.4.7/json-smart-2.4.7.jar:/home/runner/.m2/repository/net/minidev/accessors-smart/2.4.7/accessors-smart-2.4.7.jar:/home/runner/.m2/repository/org/ow2/asm/asm/5.0.4/asm-5.0.4.jar:/home/runner/.m2/repository/org/apache/zookeeper/zookeeper/3.5.6/zookeeper-3.5.6.jar:/home/runner/.m2/repository/org/apache/zookeeper/zookeeper-jute/3.5.6/zookeeper-jute-3.5.6.jar:/home/runner/.m2/repository/org/apache/yetus/audience-annotations/0.5.0/audience-annotations-0.5.0.jar:/home/runner/.m2/repository/org/apache/curator/curator-framework/4.2.0/curator-framework-4.2.0.jar:/home/runner/.m2/repository/org/apache/hadoop/thirdparty/hadoop-shaded-guava/1.1.1/hadoop-shaded-guava-1.1.1.jar:/home/runner/.m2/repository/com/sun/jersey/jersey-core/1.19/jersey-core-1.19.jar:/home/runner/.m2/repository/javax/ws/rs/jsr311-api/1.1.1/jsr311-api-1.1.1.jar:/home/runner/.m2/repository/com/sun/jersey/jersey-server/1.19/jersey-server-1.19.jar:/home/runner/.m2/repository/javax/servlet/javax.servlet-api/3.1.0/javax.servlet-api-3.1.0.jar:/home/runner/.m2/repository/org/eclipse/jetty/jetty-server/9.4.43.v20210629/jetty-server-9.4.43.v20210629.jar:/home/runner/.m2/repository/org/eclipse/jetty/jetty-http/9.4.43.v20210629/jetty-http-9.4.43.v20210629.jar:/home/runner/.m2/repository/org/eclipse/jetty/jetty-io/9.4.43.v20210629/jetty-io-9.4.43.v20210629.jar:/home/runner/.m2/repository/org/eclipse/jetty/jetty-webapp/9.4.43.v20210629/jetty-webapp-9.4.43.v20210629.jar:/home/runner/.m2/repository/org/eclipse/jetty/jetty-xml/9.4.43.v20210629/jetty-xml-9.4.43.v20210629.jar:/home/runner/.m2/repository/org/apache/hadoop/hadoop-common/3.3.1/hadoop-common-3.3.1.jar:/home/runner/.m2/repository/org/apache/commons/commons-math3/3.1.1/commons-math3-3.1.1.jar:/home/runner/.m2/repository/commons-net/commons-net/3.6/commons-net-3.6.jar:/home/runner/.m2/repository/jakarta/activation/jakarta.activation-api/1.2.1/jakarta.activation-api-1.2.1.jar:/home/runner/.m2/repository/com/sun/jersey/jersey-servlet/1.19/jersey-servlet-1.19.jar:/home/runner/.m2/repository/com/sun/jersey/jersey-json/1.19/jersey-json-1.19.jar:/home/runner/.m2/repository/org/codehaus/jettison/jettison/1.1/jettison-1.1.jar:/home/runner/.m2/repository/com/sun/xml/bind/jaxb-impl/2.2.3-1/jaxb-impl-2.2.3-1.jar:/home/runner/.m2/repository/org/codehaus/jackson/jackson-jaxrs/1.9.2/jackson-jaxrs-1.9.2.jar:/home/runner/.m2/repository/org/codehaus/jackson/jackson-xc/1.9.2/jackson-xc-1.9.2.jar:/home/runner/.m2/repository/org/apache/commons/commons-configuration2/2.1.1/commons-configuration2-2.1.1.jar:/home/runner/.m2/repository/org/apache/commons/commons-text/1.4/commons-text-1.4.jar:/home/runner/.m2/repository/com/google/re2j/re2j/1.1/re2j-1.1.jar:/home/runner/.m2/repository/com/jcraft/jsch/0.1.54/jsch-0.1.54.jar:/home/runner/.m2/repository/org/apache/curator/curator-client/4.2.0/curator-client-4.2.0.jar:/home/runner/.m2/repository/org/apache/curator/curator-recipes/4.2.0/curator-recipes-4.2.0.jar:/home/runner/.m2/repository/org/apache/kerby/kerb-core/1.0.1/kerb-core-1.0.1.jar:/home/runner/.m2/repository/org/apache/kerby/kerby-pkix/1.0.1/kerby-pkix-1.0.1.jar:/home/runner/.m2/repository/org/apache/kerby/kerby-asn1/1.0.1/kerby-asn1-1.0.1.jar:/home/runner/.m2/repository/org/apache/kerby/kerby-util/1.0.1/kerby-util-1.0.1.jar:/home/runner/.m2/repository/dnsjava/dnsjava/2.1.7/dnsjava-2.1.7.jar:/home/runner/.m2/repository/org/xerial/snappy/snappy-java/1.1.8.2/snappy-java-1.1.8.2.jar:/home/runner/.m2/repository/org/slf4j/jul-to-slf4j/1.7.30/jul-to-slf4j-1.7.30.jar:/home/runner/.m2/repository/org/eclipse/jetty/jetty-util/9.4.43.v20210629/jetty-util-9.4.43.v20210629.jar:/home/runner/.m2/repository/com/fasterxml/jackson/core/jackson-databind/2.12.1/jackson-databind-2.12.1.jar:/home/runner/.m2/repository/org/apache/hadoop/hadoop-kms/3.3.1/hadoop-kms-3.3.1-tests.jar:/home/runner/.m2/repository/org/apache/ozone/hdds-server-scm/1.3.0-SNAPSHOT/hdds-server-scm-1.3.0-SNAPSHOT-tests.jar:/home/runner/.m2/repository/org/apache/ozone/hdds-container-service/1.3.0-SNAPSHOT/hdds-container-service-1.3.0-SNAPSHOT-tests.jar:/home/runner/.m2/repository/commons-codec/commons-codec/1.11/commons-codec-1.11.jar:/home/runner/.m2/repository/io/netty/netty-transport/4.1.63.Final/netty-transport-4.1.63.Final.jar:/home/runner/.m2/repository/io/netty/netty-resolver/4.1.63.Final/netty-resolver-4.1.63.Final.jar:/home/runner/.m2/repository/io/netty/netty-codec/4.1.63.Final/netty-codec-4.1.63.Final.jar:/home/runner/.m2/repository/io/netty/netty-handler/4.1.63.Final/netty-handler-4.1.63.Final.jar:/home/runner/.m2/repository/org/apache/ozone/hdds-hadoop-dependency-test/1.3.0-SNAPSHOT/hdds-hadoop-dependency-test-1.3.0-SNAPSHOT.jar:/home/runner/.m2/repository/org/apache/hadoop/hadoop-common/3.3.1/hadoop-common-3.3.1-tests.jar:/home/runner/.m2/repository/org/assertj/assertj-core/3.12.2/assertj-core-3.12.2.jar:/home/runner/.m2/repository/org/apache/hadoop/hadoop-hdfs/3.3.1/hadoop-hdfs-3.3.1-tests.jar:/home/runner/.m2/repository/org/eclipse/jetty/jetty-util-ajax/9.4.43.v20210629/jetty-util-ajax-9.4.43.v20210629.jar:/home/runner/.m2/repository/commons-daemon/commons-daemon/1.0.13/commons-daemon-1.0.13.jar:/home/runner/.m2/repository/io/netty/netty/3.10.6.Final/netty-3.10.6.Final.jar:/home/runner/.m2/repository/io/netty/netty-all/4.1.63.Final/netty-all-4.1.63.Final.jar:/home/runner/.m2/repository/org/apache/htrace/htrace-core4/4.1.0-incubating/htrace-core4-4.1.0-incubating.jar:/home/runner/.m2/repository/org/fusesource/leveldbjni/leveldbjni-all/1.8/leveldbjni-all-1.8.jar:/home/runner/.m2/repository/org/apache/hadoop/hadoop-distcp/3.3.1/hadoop-distcp-3.3.1.jar:/home/runner/.m2/repository/org/apache/hadoop/hadoop-mapreduce-client-jobclient/3.3.1/hadoop-mapreduce-client-jobclient-3.3.1.jar:/home/runner/.m2/repository/org/apache/hadoop/hadoop-mapreduce-client-common/3.3.1/hadoop-mapreduce-client-common-3.3.1.jar:/home/runner/.m2/repository/org/apache/hadoop/hadoop-yarn-common/3.3.1/hadoop-yarn-common-3.3.1.jar:/home/runner/.m2/repository/org/apache/hadoop/hadoop-yarn-api/3.3.1/hadoop-yarn-api-3.3.1.jar:/home/runner/.m2/repository/com/sun/jersey/jersey-client/1.19/jersey-client-1.19.jar:/home/runner/.m2/repository/com/sun/jersey/contribs/jersey-guice/1.19/jersey-guice-1.19.jar:/home/runner/.m2/repository/com/fasterxml/jackson/jaxrs/jackson-jaxrs-json-provider/2.12.1/jackson-jaxrs-json-provider-2.12.1.jar:/home/runner/.m2/repository/com/fasterxml/jackson/jaxrs/jackson-jaxrs-base/2.12.1/jackson-jaxrs-base-2.12.1.jar:/home/runner/.m2/repository/org/apache/hadoop/hadoop-yarn-client/3.3.1/hadoop-yarn-client-3.3.1.jar:/home/runner/.m2/repository/org/eclipse/jetty/websocket/websocket-client/9.4.40.v20210413/websocket-client-9.4.40.v20210413.jar:/home/runner/.m2/repository/org/eclipse/jetty/jetty-client/9.4.40.v20210413/jetty-client-9.4.40.v20210413.jar:/home/runner/.m2/repository/org/eclipse/jetty/websocket/websocket-common/9.4.40.v20210413/websocket-common-9.4.40.v20210413.jar:/home/runner/.m2/repository/org/eclipse/jetty/websocket/websocket-api/9.4.40.v20210413/websocket-api-9.4.40.v20210413.jar:/home/runner/.m2/repository/org/jline/jline/3.9.0/jline-3.9.0.jar:/home/runner/.m2/repository/org/apache/hadoop/hadoop-mapreduce-client-core/3.3.1/hadoop-mapreduce-client-core-3.3.1.jar:/home/runner/.m2/repository/org/apache/avro/avro/1.7.7/avro-1.7.7.jar:/home/runner/.m2/repository/org/codehaus/jackson/jackson-core-asl/1.9.13/jackson-core-asl-1.9.13.jar:/home/runner/.m2/repository/org/codehaus/jackson/jackson-mapper-asl/1.9.13/jackson-mapper-asl-1.9.13.jar:/home/runner/.m2/repository/com/thoughtworks/paranamer/paranamer/2.3/paranamer-2.3.jar:/home/runner/.m2/repository/org/apache/hadoop/hadoop-annotations/3.3.1/hadoop-annotations-3.3.1.jar:/usr/lib/jvm/temurin-8-jdk-amd64/jre/../lib/tools.jar:/home/runner/.m2/repository/org/apache/hadoop/hadoop-distcp/3.3.1/hadoop-distcp-3.3.1-tests.jar:/home/runner/.m2/repository/org/apache/ratis/ratis-common/2.2.0/ratis-common-2.2.0.jar:/home/runner/.m2/repository/org/apache/ratis/ratis-thirdparty-misc/0.7.0/ratis-thirdparty-misc-0.7.0.jar:/home/runner/.m2/repository/org/apache/ratis/ratis-proto/2.2.0/ratis-proto-2.2.0.jar:"/>
    <property name="java.vm.vendor" value="Temurin"/>
    <property name="sun.arch.data.model" value="64"/>
    <property name="test.build.dir" value="/home/runner/work/ozone/ozone/hadoop-ozone/integration-test/target/test-dir"/>
    <property name="test.cache.data" value=""/>
    <property name="java.vendor.url" value="https://adoptium.net/"/>
    <property name="user.timezone" value=""/>
    <property name="java.vm.specification.version" value="1.8"/>
    <property name="os.name" value="Linux"/>
    <property name="test.build.data" value="/home/runner/work/ozone/ozone/hadoop-ozone/integration-test/target/test-dir"/>
    <property name="sun.java.launcher" value="SUN_STANDARD"/>
    <property name="sun.boot.library.path" value="/usr/lib/jvm/temurin-8-jdk-amd64/jre/lib/amd64"/>
    <property name="sun.java.command" value="/home/runner/work/ozone/ozone/hadoop-ozone/integration-test/target/surefire/surefirebooter5300767465171741585.jar /home/runner/work/ozone/ozone/hadoop-ozone/integration-test/target/surefire 2022-03-03T13-18-24_214-jvmRun1 surefire2434782691953882005tmp surefire_512962434753847779224tmp"/>
    <property name="surefire.test.class.path" value="/home/runner/work/ozone/ozone/hadoop-ozone/integration-test/target/test-classes:/home/runner/work/ozone/ozone/hadoop-ozone/integration-test/target/classes:/home/runner/.m2/repository/org/apache/ozone/ozone-common/1.3.0-SNAPSHOT/ozone-common-1.3.0-SNAPSHOT.jar:/home/runner/.m2/repository/org/apache/commons/commons-compress/1.21/commons-compress-1.21.jar:/home/runner/.m2/repository/org/apache/ozone/hdds-common/1.3.0-SNAPSHOT/hdds-common-1.3.0-SNAPSHOT.jar:/home/runner/.m2/repository/org/apache/ozone/hdds-client/1.3.0-SNAPSHOT/hdds-client-1.3.0-SNAPSHOT.jar:/home/runner/.m2/repository/org/apache/ozone/ozone-interface-client/1.3.0-SNAPSHOT/ozone-interface-client-1.3.0-SNAPSHOT.jar:/home/runner/.m2/repository/org/apache/ozone/hdds-test-utils/1.3.0-SNAPSHOT/hdds-test-utils-1.3.0-SNAPSHOT.jar:/home/runner/.m2/repository/com/google/guava/guava/30.1.1-jre/guava-30.1.1-jre.jar:/home/runner/.m2/repository/com/google/guava/failureaccess/1.0.1/failureaccess-1.0.1.jar:/home/runner/.m2/repository/com/google/guava/listenablefuture/9999.0-empty-to-avoid-conflict-with-guava/listenablefuture-9999.0-empty-to-avoid-conflict-with-guava.jar:/home/runner/.m2/repository/com/google/code/findbugs/jsr305/3.0.0/jsr305-3.0.0.jar:/home/runner/.m2/repository/org/checkerframework/checker-qual/3.8.0/checker-qual-3.8.0.jar:/home/runner/.m2/repository/com/google/errorprone/error_prone_annotations/2.2.0/error_prone_annotations-2.2.0.jar:/home/runner/.m2/repository/com/google/j2objc/j2objc-annotations/1.3/j2objc-annotations-1.3.jar:/home/runner/.m2/repository/commons-io/commons-io/2.11.0/commons-io-2.11.0.jar:/home/runner/.m2/repository/commons-logging/commons-logging/1.2/commons-logging-1.2.jar:/home/runner/.m2/repository/log4j/log4j/1.2.17/log4j-1.2.17.jar:/home/runner/.m2/repository/org/slf4j/slf4j-api/1.7.30/slf4j-api-1.7.30.jar:/home/runner/.m2/repository/org/apache/ozone/hdds-server-scm/1.3.0-SNAPSHOT/hdds-server-scm-1.3.0-SNAPSHOT.jar:/home/runner/.m2/repository/org/apache/ozone/hdds-container-service/1.3.0-SNAPSHOT/hdds-container-service-1.3.0-SNAPSHOT.jar:/home/runner/.m2/repository/org/apache/ozone/hdds-hadoop-dependency-server/1.3.0-SNAPSHOT/hdds-hadoop-dependency-server-1.3.0-SNAPSHOT.jar:/home/runner/.m2/repository/org/apache/hadoop/hadoop-hdfs/3.3.1/hadoop-hdfs-3.3.1.jar:/home/runner/.m2/repository/org/apache/ozone/hdds-server-framework/1.3.0-SNAPSHOT/hdds-server-framework-1.3.0-SNAPSHOT.jar:/home/runner/.m2/repository/org/apache/ozone/hdds-interface-server/1.3.0-SNAPSHOT/hdds-interface-server-1.3.0-SNAPSHOT.jar:/home/runner/.m2/repository/org/eclipse/jetty/jetty-servlet/9.4.43.v20210629/jetty-servlet-9.4.43.v20210629.jar:/home/runner/.m2/repository/org/eclipse/jetty/jetty-security/9.4.43.v20210629/jetty-security-9.4.43.v20210629.jar:/home/runner/.m2/repository/org/rocksdb/rocksdbjni/6.25.3/rocksdbjni-6.25.3.jar:/home/runner/.m2/repository/io/prometheus/simpleclient_dropwizard/0.7.0/simpleclient_dropwizard-0.7.0.jar:/home/runner/.m2/repository/io/prometheus/simpleclient/0.7.0/simpleclient-0.7.0.jar:/home/runner/.m2/repository/io/prometheus/simpleclient_common/0.7.0/simpleclient_common-0.7.0.jar:/home/runner/.m2/repository/com/fasterxml/jackson/datatype/jackson-datatype-jsr310/2.12.1/jackson-datatype-jsr310-2.12.1.jar:/home/runner/.m2/repository/io/dropwizard/metrics/metrics-core/3.2.4/metrics-core-3.2.4.jar:/home/runner/.m2/repository/org/apache/hadoop/hadoop-hdfs-client/3.3.1/hadoop-hdfs-client-3.3.1.jar:/home/runner/.m2/repository/org/bouncycastle/bcprov-jdk15on/1.67/bcprov-jdk15on-1.67.jar:/home/runner/.m2/repository/com/google/protobuf/protobuf-java/2.5.0/protobuf-java-2.5.0.jar:/home/runner/.m2/repository/org/apache/ozone/ozone-manager/1.3.0-SNAPSHOT/ozone-manager-1.3.0-SNAPSHOT.jar:/home/runner/.m2/repository/org/aspectj/aspectjrt/1.9.7/aspectjrt-1.9.7.jar:/home/runner/.m2/repository/org/aspectj/aspectjweaver/1.9.7/aspectjweaver-1.9.7.jar:/home/runner/.m2/repository/org/apache/ozone/hdds-interface-client/1.3.0-SNAPSHOT/hdds-interface-client-1.3.0-SNAPSHOT.jar:/home/runner/.m2/repository/org/apache/hadoop/thirdparty/hadoop-shaded-protobuf_3_7/1.1.1/hadoop-shaded-protobuf_3_7-1.1.1.jar:/home/runner/.m2/repository/org/apache/ozone/ozone-interface-storage/1.3.0-SNAPSHOT/ozone-interface-storage-1.3.0-SNAPSHOT.jar:/home/runner/.m2/repository/org/reflections/reflections/0.9.11/reflections-0.9.11.jar:/home/runner/.m2/repository/org/apache/hadoop/hadoop-minikdc/3.3.1/hadoop-minikdc-3.3.1.jar:/home/runner/.m2/repository/org/apache/kerby/kerb-simplekdc/1.0.1/kerb-simplekdc-1.0.1.jar:/home/runner/.m2/repository/org/apache/kerby/kerb-client/1.0.1/kerb-client-1.0.1.jar:/home/runner/.m2/repository/org/apache/kerby/kerby-config/1.0.1/kerby-config-1.0.1.jar:/home/runner/.m2/repository/org/apache/kerby/kerb-common/1.0.1/kerb-common-1.0.1.jar:/home/runner/.m2/repository/org/apache/kerby/kerb-crypto/1.0.1/kerb-crypto-1.0.1.jar:/home/runner/.m2/repository/org/apache/kerby/kerb-util/1.0.1/kerb-util-1.0.1.jar:/home/runner/.m2/repository/org/apache/kerby/token-provider/1.0.1/token-provider-1.0.1.jar:/home/runner/.m2/repository/org/apache/kerby/kerb-admin/1.0.1/kerb-admin-1.0.1.jar:/home/runner/.m2/repository/org/apache/kerby/kerb-server/1.0.1/kerb-server-1.0.1.jar:/home/runner/.m2/repository/org/apache/kerby/kerb-identity/1.0.1/kerb-identity-1.0.1.jar:/home/runner/.m2/repository/org/apache/kerby/kerby-xdr/1.0.1/kerby-xdr-1.0.1.jar:/home/runner/.m2/repository/org/slf4j/slf4j-log4j12/1.7.30/slf4j-log4j12-1.7.30.jar:/home/runner/.m2/repository/org/apache/ozone/ozone-s3gateway/1.3.0-SNAPSHOT/ozone-s3gateway-1.3.0-SNAPSHOT.jar:/home/runner/.m2/repository/org/javassist/javassist/3.21.0-GA/javassist-3.21.0-GA.jar:/home/runner/.m2/repository/org/jboss/weld/servlet/weld-servlet/2.4.7.Final/weld-servlet-2.4.7.Final.jar:/home/runner/.m2/repository/org/glassfish/jersey/containers/jersey-container-servlet-core/2.33/jersey-container-servlet-core-2.33.jar:/home/runner/.m2/repository/org/glassfish/hk2/external/jakarta.inject/2.6.1/jakarta.inject-2.6.1.jar:/home/runner/.m2/repository/org/glassfish/jersey/core/jersey-common/2.33/jersey-common-2.33.jar:/home/runner/.m2/repository/jakarta/ws/rs/jakarta.ws.rs-api/2.1.6/jakarta.ws.rs-api-2.1.6.jar:/home/runner/.m2/repository/org/glassfish/jersey/ext/cdi/jersey-cdi1x/2.33/jersey-cdi1x-2.33.jar:/home/runner/.m2/repository/org/glassfish/jersey/inject/jersey-hk2/2.33/jersey-hk2-2.33.jar:/home/runner/.m2/repository/org/glassfish/hk2/hk2-locator/2.6.1/hk2-locator-2.6.1.jar:/home/runner/.m2/repository/org/glassfish/jersey/media/jersey-media-jaxb/2.33/jersey-media-jaxb-2.33.jar:/home/runner/.m2/repository/org/glassfish/hk2/osgi-resource-locator/1.0.3/osgi-resource-locator-1.0.3.jar:/home/runner/.m2/repository/org/glassfish/hk2/hk2-api/2.5.0/hk2-api-2.5.0.jar:/home/runner/.m2/repository/org/glassfish/hk2/hk2-utils/2.5.0/hk2-utils-2.5.0.jar:/home/runner/.m2/repository/org/glassfish/hk2/external/aopalliance-repackaged/2.5.0/aopalliance-repackaged-2.5.0.jar:/home/runner/.m2/repository/com/fasterxml/jackson/dataformat/jackson-dataformat-xml/2.12.1/jackson-dataformat-xml-2.12.1.jar:/home/runner/.m2/repository/com/fasterxml/jackson/core/jackson-core/2.12.1/jackson-core-2.12.1.jar:/home/runner/.m2/repository/com/fasterxml/jackson/module/jackson-module-jaxb-annotations/2.12.1/jackson-module-jaxb-annotations-2.12.1.jar:/home/runner/.m2/repository/jakarta/xml/bind/jakarta.xml.bind-api/2.3.2/jakarta.xml.bind-api-2.3.2.jar:/home/runner/.m2/repository/org/codehaus/woodstox/stax2-api/3.1.4/stax2-api-3.1.4.jar:/home/runner/.m2/repository/com/fasterxml/woodstox/woodstox-core/5.0.3/woodstox-core-5.0.3.jar:/home/runner/.m2/repository/javax/enterprise/cdi-api/1.2/cdi-api-1.2.jar:/home/runner/.m2/repository/javax/el/javax.el-api/3.0.0/javax.el-api-3.0.0.jar:/home/runner/.m2/repository/javax/interceptor/javax.interceptor-api/1.2/javax.interceptor-api-1.2.jar:/home/runner/.m2/repository/javax/inject/javax.inject/1/javax.inject-1.jar:/home/runner/.m2/repository/javax/xml/bind/jaxb-api/2.3.0/jaxb-api-2.3.0.jar:/home/runner/.m2/repository/org/glassfish/jaxb/jaxb-runtime/2.3.0.1/jaxb-runtime-2.3.0.1.jar:/home/runner/.m2/repository/org/glassfish/jaxb/jaxb-core/2.3.0.1/jaxb-core-2.3.0.1.jar:/home/runner/.m2/repository/org/glassfish/jaxb/txw2/2.3.0.1/txw2-2.3.0.1.jar:/home/runner/.m2/repository/com/sun/istack/istack-commons-runtime/3.0.5/istack-commons-runtime-3.0.5.jar:/home/runner/.m2/repository/org/jvnet/staxex/stax-ex/1.7.8/stax-ex-1.7.8.jar:/home/runner/.m2/repository/com/sun/xml/fastinfoset/FastInfoset/1.2.13/FastInfoset-1.2.13.jar:/home/runner/.m2/repository/javax/activation/activation/1.1.1/activation-1.1.1.jar:/home/runner/.m2/repository/org/apache/ozone/ozone-csi/1.3.0-SNAPSHOT/ozone-csi-1.3.0-SNAPSHOT.jar:/home/runner/.m2/repository/com/google/protobuf/protobuf-java-util/3.12.0/protobuf-java-util-3.12.0.jar:/home/runner/.m2/repository/com/google/code/gson/gson/2.2.4/gson-2.2.4.jar:/home/runner/.m2/repository/org/apache/ozone/hdds-config/1.3.0-SNAPSHOT/hdds-config-1.3.0-SNAPSHOT.jar:/home/runner/.m2/repository/io/grpc/grpc-netty/1.33.0/grpc-netty-1.33.0.jar:/home/runner/.m2/repository/io/grpc/grpc-core/1.33.0/grpc-core-1.33.0.jar:/home/runner/.m2/repository/com/google/android/annotations/4.1.1.4/annotations-4.1.1.4.jar:/home/runner/.m2/repository/io/netty/netty-codec-http2/4.1.63.Final/netty-codec-http2-4.1.63.Final.jar:/home/runner/.m2/repository/io/netty/netty-codec-http/4.1.63.Final/netty-codec-http-4.1.63.Final.jar:/home/runner/.m2/repository/io/netty/netty-handler-proxy/4.1.63.Final/netty-handler-proxy-4.1.63.Final.jar:/home/runner/.m2/repository/io/netty/netty-codec-socks/4.1.63.Final/netty-codec-socks-4.1.63.Final.jar:/home/runner/.m2/repository/io/perfmark/perfmark-api/0.19.0/perfmark-api-0.19.0.jar:/home/runner/.m2/repository/org/codehaus/mojo/animal-sniffer-annotations/1.18/animal-sniffer-annotations-1.18.jar:/home/runner/.m2/repository/io/netty/netty-transport-native-epoll/4.1.63.Final/netty-transport-native-epoll-4.1.63.Final.jar:/home/runner/.m2/repository/io/netty/netty-common/4.1.63.Final/netty-common-4.1.63.Final.jar:/home/runner/.m2/repository/io/netty/netty-buffer/4.1.63.Final/netty-buffer-4.1.63.Final.jar:/home/runner/.m2/repository/io/netty/netty-transport-native-unix-common/4.1.63.Final/netty-transport-native-unix-common-4.1.63.Final.jar:/home/runner/.m2/repository/io/grpc/grpc-protobuf/1.33.0/grpc-protobuf-1.33.0.jar:/home/runner/.m2/repository/io/grpc/grpc-api/1.33.0/grpc-api-1.33.0.jar:/home/runner/.m2/repository/io/grpc/grpc-context/1.33.0/grpc-context-1.33.0.jar:/home/runner/.m2/repository/com/google/api/grpc/proto-google-common-protos/1.17.0/proto-google-common-protos-1.17.0.jar:/home/runner/.m2/repository/io/grpc/grpc-protobuf-lite/1.33.0/grpc-protobuf-lite-1.33.0.jar:/home/runner/.m2/repository/io/grpc/grpc-stub/1.33.0/grpc-stub-1.33.0.jar:/home/runner/.m2/repository/org/apache/ozone/ozone-recon/1.3.0-SNAPSHOT/ozone-recon-1.3.0-SNAPSHOT.jar:/home/runner/.m2/repository/org/apache/ozone/ozone-reconcodegen/1.3.0-SNAPSHOT/ozone-reconcodegen-1.3.0-SNAPSHOT.jar:/home/runner/.m2/repository/com/google/inject/extensions/guice-multibindings/4.0/guice-multibindings-4.0.jar:/home/runner/.m2/repository/com/google/inject/guice/4.0/guice-4.0.jar:/home/runner/.m2/repository/aopalliance/aopalliance/1.0/aopalliance-1.0.jar:/home/runner/.m2/repository/com/google/inject/extensions/guice-assistedinject/4.0/guice-assistedinject-4.0.jar:/home/runner/.m2/repository/com/google/inject/extensions/guice-servlet/4.0/guice-servlet-4.0.jar:/home/runner/.m2/repository/org/glassfish/jersey/containers/jersey-container-servlet/2.33/jersey-container-servlet-2.33.jar:/home/runner/.m2/repository/org/glassfish/hk2/guice-bridge/2.5.0/guice-bridge-2.5.0.jar:/home/runner/.m2/repository/org/glassfish/jersey/core/jersey-server/2.33/jersey-server-2.33.jar:/home/runner/.m2/repository/org/glassfish/jersey/core/jersey-client/2.33/jersey-client-2.33.jar:/home/runner/.m2/repository/jakarta/annotation/jakarta.annotation-api/1.3.5/jakarta.annotation-api-1.3.5.jar:/home/runner/.m2/repository/jakarta/validation/jakarta.validation-api/2.0.2/jakarta.validation-api-2.0.2.jar:/home/runner/.m2/repository/org/glassfish/jersey/media/jersey-media-json-jackson/2.33/jersey-media-json-jackson-2.33.jar:/home/runner/.m2/repository/org/glassfish/jersey/ext/jersey-entity-filtering/2.33/jersey-entity-filtering-2.33.jar:/home/runner/.m2/repository/org/jooq/jooq/3.11.10/jooq-3.11.10.jar:/home/runner/.m2/repository/org/jooq/jooq-meta/3.11.10/jooq-meta-3.11.10.jar:/home/runner/.m2/repository/org/jooq/jooq-codegen/3.11.10/jooq-codegen-3.11.10.jar:/home/runner/.m2/repository/com/jolbox/bonecp/0.8.0.RELEASE/bonecp-0.8.0.RELEASE.jar:/home/runner/.m2/repository/org/apache/derby/derby/10.14.2.0/derby-10.14.2.0.jar:/home/runner/.m2/repository/org/xerial/sqlite-jdbc/3.25.2/sqlite-jdbc-3.25.2.jar:/home/runner/.m2/repository/org/springframework/spring-jdbc/5.2.18.RELEASE/spring-jdbc-5.2.18.RELEASE.jar:/home/runner/.m2/repository/org/springframework/spring-beans/5.2.18.RELEASE/spring-beans-5.2.18.RELEASE.jar:/home/runner/.m2/repository/org/springframework/spring-core/5.2.18.RELEASE/spring-core-5.2.18.RELEASE.jar:/home/runner/.m2/repository/org/springframework/spring-jcl/5.2.18.RELEASE/spring-jcl-5.2.18.RELEASE.jar:/home/runner/.m2/repository/org/springframework/spring-tx/5.2.18.RELEASE/spring-tx-5.2.18.RELEASE.jar:/home/runner/.m2/repository/org/apache/ozone/ozone-client/1.3.0-SNAPSHOT/ozone-client-1.3.0-SNAPSHOT.jar:/home/runner/.m2/repository/org/apache/ozone/ozone-filesystem/1.3.0-SNAPSHOT/ozone-filesystem-1.3.0-SNAPSHOT.jar:/home/runner/.m2/repository/org/apache/ozone/ozone-filesystem-common/1.3.0-SNAPSHOT/ozone-filesystem-common-1.3.0-SNAPSHOT.jar:/home/runner/.m2/repository/org/apache/ozone/ozone-tools/1.3.0-SNAPSHOT/ozone-tools-1.3.0-SNAPSHOT.jar:/home/runner/.m2/repository/org/apache/ratis/ratis-tools/2.2.0/ratis-tools-2.2.0.jar:/home/runner/.m2/repository/com/amazonaws/aws-java-sdk-core/1.12.124/aws-java-sdk-core-1.12.124.jar:/home/runner/.m2/repository/org/apache/httpcomponents/httpclient/4.5.13/httpclient-4.5.13.jar:/home/runner/.m2/repository/org/apache/httpcomponents/httpcore/4.4.13/httpcore-4.4.13.jar:/home/runner/.m2/repository/software/amazon/ion/ion-java/1.0.2/ion-java-1.0.2.jar:/home/runner/.m2/repository/com/fasterxml/jackson/dataformat/jackson-dataformat-cbor/2.12.1/jackson-dataformat-cbor-2.12.1.jar:/home/runner/.m2/repository/joda-time/joda-time/2.8.1/joda-time-2.8.1.jar:/home/runner/.m2/repository/com/amazonaws/aws-java-sdk-s3/1.12.124/aws-java-sdk-s3-1.12.124.jar:/home/runner/.m2/repository/com/amazonaws/aws-java-sdk-kms/1.12.124/aws-java-sdk-kms-1.12.124.jar:/home/runner/.m2/repository/com/amazonaws/jmespath-java/1.12.124/jmespath-java-1.12.124.jar:/home/runner/.m2/repository/org/kohsuke/metainf-services/metainf-services/1.8/metainf-services-1.8.jar:/home/runner/.m2/repository/org/apache/ozone/hdds-tools/1.3.0-SNAPSHOT/hdds-tools-1.3.0-SNAPSHOT.jar:/home/runner/.m2/repository/commons-cli/commons-cli/1.2/commons-cli-1.2.jar:/home/runner/.m2/repository/org/apache/commons/commons-lang3/3.7/commons-lang3-3.7.jar:/home/runner/.m2/repository/org/apache/ozone/ozone-manager/1.3.0-SNAPSHOT/ozone-manager-1.3.0-SNAPSHOT-tests.jar:/home/runner/.m2/repository/org/apache/ozone/hdds-common/1.3.0-SNAPSHOT/hdds-common-1.3.0-SNAPSHOT-tests.jar:/home/runner/.m2/repository/org/apache/ozone/hdds-hadoop-dependency-client/1.3.0-SNAPSHOT/hdds-hadoop-dependency-client-1.3.0-SNAPSHOT.jar:/home/runner/.m2/repository/info/picocli/picocli/4.6.1/picocli-4.6.1.jar:/home/runner/.m2/repository/com/fasterxml/jackson/core/jackson-annotations/2.12.1/jackson-annotations-2.12.1.jar:/home/runner/.m2/repository/javax/annotation/javax.annotation-api/1.2/javax.annotation-api-1.2.jar:/home/runner/.m2/repository/org/apache/ratis/ratis-server/2.2.0/ratis-server-2.2.0.jar:/home/runner/.m2/repository/org/apache/ratis/ratis-client/2.2.0/ratis-client-2.2.0.jar:/home/runner/.m2/repository/org/apache/ratis/ratis-server-api/2.2.0/ratis-server-api-2.2.0.jar:/home/runner/.m2/repository/org/apache/ratis/ratis-metrics/2.2.0/ratis-metrics-2.2.0.jar:/home/runner/.m2/repository/org/apache/ratis/ratis-netty/2.2.0/ratis-netty-2.2.0.jar:/home/runner/.m2/repository/org/apache/ratis/ratis-grpc/2.2.0/ratis-grpc-2.2.0.jar:/home/runner/.m2/repository/org/apache/logging/log4j/log4j-api/2.17.1/log4j-api-2.17.1.jar:/home/runner/.m2/repository/org/apache/logging/log4j/log4j-core/2.17.1/log4j-core-2.17.1.jar:/home/runner/.m2/repository/com/lmax/disruptor/3.4.2/disruptor-3.4.2.jar:/home/runner/.m2/repository/org/apache/commons/commons-pool2/2.6.0/commons-pool2-2.6.0.jar:/home/runner/.m2/repository/org/bouncycastle/bcpkix-jdk15on/1.67/bcpkix-jdk15on-1.67.jar:/home/runner/.m2/repository/commons-validator/commons-validator/1.6/commons-validator-1.6.jar:/home/runner/.m2/repository/commons-beanutils/commons-beanutils/1.9.4/commons-beanutils-1.9.4.jar:/home/runner/.m2/repository/commons-digester/commons-digester/1.8.1/commons-digester-1.8.1.jar:/home/runner/.m2/repository/commons-collections/commons-collections/3.2.2/commons-collections-3.2.2.jar:/home/runner/.m2/repository/io/jaegertracing/jaeger-client/1.6.0/jaeger-client-1.6.0.jar:/home/runner/.m2/repository/io/jaegertracing/jaeger-thrift/1.6.0/jaeger-thrift-1.6.0.jar:/home/runner/.m2/repository/org/apache/thrift/libthrift/0.14.1/libthrift-0.14.1.jar:/home/runner/.m2/repository/com/squareup/okhttp3/okhttp/4.9.0/okhttp-4.9.0.jar:/home/runner/.m2/repository/com/squareup/okio/okio/2.8.0/okio-2.8.0.jar:/home/runner/.m2/repository/io/jaegertracing/jaeger-core/1.6.0/jaeger-core-1.6.0.jar:/home/runner/.m2/repository/io/jaegertracing/jaeger-tracerresolver/1.6.0/jaeger-tracerresolver-1.6.0.jar:/home/runner/.m2/repository/io/opentracing/contrib/opentracing-tracerresolver/0.1.8/opentracing-tracerresolver-0.1.8.jar:/home/runner/.m2/repository/org/jetbrains/kotlin/kotlin-stdlib/1.4.31/kotlin-stdlib-1.4.31.jar:/home/runner/.m2/repository/org/jetbrains/kotlin/kotlin-stdlib-common/1.4.31/kotlin-stdlib-common-1.4.31.jar:/home/runner/.m2/repository/org/jetbrains/annotations/13.0/annotations-13.0.jar:/home/runner/.m2/repository/io/opentracing/opentracing-util/0.33.0/opentracing-util-0.33.0.jar:/home/runner/.m2/repository/io/opentracing/opentracing-api/0.33.0/opentracing-api-0.33.0.jar:/home/runner/.m2/repository/io/opentracing/opentracing-noop/0.33.0/opentracing-noop-0.33.0.jar:/home/runner/.m2/repository/org/yaml/snakeyaml/1.26/snakeyaml-1.26.jar:/home/runner/.m2/repository/org/apache/ozone/hdds-interface-admin/1.3.0-SNAPSHOT/hdds-interface-admin-1.3.0-SNAPSHOT.jar:/home/runner/.m2/repository/junit/junit/4.13.1/junit-4.13.1.jar:/home/runner/.m2/repository/org/hamcrest/hamcrest-core/1.3/hamcrest-core-1.3.jar:/home/runner/.m2/repository/org/junit/jupiter/junit-jupiter-api/5.7.0/junit-jupiter-api-5.7.0.jar:/home/runner/.m2/repository/org/apiguardian/apiguardian-api/1.1.0/apiguardian-api-1.1.0.jar:/home/runner/.m2/repository/org/opentest4j/opentest4j/1.2.0/opentest4j-1.2.0.jar:/home/runner/.m2/repository/org/junit/platform/junit-platform-commons/1.7.0/junit-platform-commons-1.7.0.jar:/home/runner/.m2/repository/org/junit/jupiter/junit-jupiter-engine/5.7.0/junit-jupiter-engine-5.7.0.jar:/home/runner/.m2/repository/org/junit/platform/junit-platform-engine/1.7.0/junit-platform-engine-1.7.0.jar:/home/runner/.m2/repository/org/junit/vintage/junit-vintage-engine/5.7.0/junit-vintage-engine-5.7.0.jar:/home/runner/.m2/repository/org/junit/platform/junit-platform-launcher/1.7.0/junit-platform-launcher-1.7.0.jar:/home/runner/.m2/repository/org/mockito/mockito-core/2.28.2/mockito-core-2.28.2.jar:/home/runner/.m2/repository/net/bytebuddy/byte-buddy/1.9.10/byte-buddy-1.9.10.jar:/home/runner/.m2/repository/net/bytebuddy/byte-buddy-agent/1.9.10/byte-buddy-agent-1.9.10.jar:/home/runner/.m2/repository/org/objenesis/objenesis/1.0/objenesis-1.0.jar:/home/runner/.m2/repository/org/apache/hadoop/hadoop-kms/3.3.1/hadoop-kms-3.3.1.jar:/home/runner/.m2/repository/org/apache/hadoop/hadoop-auth/3.3.1/hadoop-auth-3.3.1.jar:/home/runner/.m2/repository/com/nimbusds/nimbus-jose-jwt/7.9/nimbus-jose-jwt-7.9.jar:/home/runner/.m2/repository/com/github/stephenc/jcip/jcip-annotations/1.0-1/jcip-annotations-1.0-1.jar:/home/runner/.m2/repository/net/minidev/json-smart/2.4.7/json-smart-2.4.7.jar:/home/runner/.m2/repository/net/minidev/accessors-smart/2.4.7/accessors-smart-2.4.7.jar:/home/runner/.m2/repository/org/ow2/asm/asm/5.0.4/asm-5.0.4.jar:/home/runner/.m2/repository/org/apache/zookeeper/zookeeper/3.5.6/zookeeper-3.5.6.jar:/home/runner/.m2/repository/org/apache/zookeeper/zookeeper-jute/3.5.6/zookeeper-jute-3.5.6.jar:/home/runner/.m2/repository/org/apache/yetus/audience-annotations/0.5.0/audience-annotations-0.5.0.jar:/home/runner/.m2/repository/org/apache/curator/curator-framework/4.2.0/curator-framework-4.2.0.jar:/home/runner/.m2/repository/org/apache/hadoop/thirdparty/hadoop-shaded-guava/1.1.1/hadoop-shaded-guava-1.1.1.jar:/home/runner/.m2/repository/com/sun/jersey/jersey-core/1.19/jersey-core-1.19.jar:/home/runner/.m2/repository/javax/ws/rs/jsr311-api/1.1.1/jsr311-api-1.1.1.jar:/home/runner/.m2/repository/com/sun/jersey/jersey-server/1.19/jersey-server-1.19.jar:/home/runner/.m2/repository/javax/servlet/javax.servlet-api/3.1.0/javax.servlet-api-3.1.0.jar:/home/runner/.m2/repository/org/eclipse/jetty/jetty-server/9.4.43.v20210629/jetty-server-9.4.43.v20210629.jar:/home/runner/.m2/repository/org/eclipse/jetty/jetty-http/9.4.43.v20210629/jetty-http-9.4.43.v20210629.jar:/home/runner/.m2/repository/org/eclipse/jetty/jetty-io/9.4.43.v20210629/jetty-io-9.4.43.v20210629.jar:/home/runner/.m2/repository/org/eclipse/jetty/jetty-webapp/9.4.43.v20210629/jetty-webapp-9.4.43.v20210629.jar:/home/runner/.m2/repository/org/eclipse/jetty/jetty-xml/9.4.43.v20210629/jetty-xml-9.4.43.v20210629.jar:/home/runner/.m2/repository/org/apache/hadoop/hadoop-common/3.3.1/hadoop-common-3.3.1.jar:/home/runner/.m2/repository/org/apache/commons/commons-math3/3.1.1/commons-math3-3.1.1.jar:/home/runner/.m2/repository/commons-net/commons-net/3.6/commons-net-3.6.jar:/home/runner/.m2/repository/jakarta/activation/jakarta.activation-api/1.2.1/jakarta.activation-api-1.2.1.jar:/home/runner/.m2/repository/com/sun/jersey/jersey-servlet/1.19/jersey-servlet-1.19.jar:/home/runner/.m2/repository/com/sun/jersey/jersey-json/1.19/jersey-json-1.19.jar:/home/runner/.m2/repository/org/codehaus/jettison/jettison/1.1/jettison-1.1.jar:/home/runner/.m2/repository/com/sun/xml/bind/jaxb-impl/2.2.3-1/jaxb-impl-2.2.3-1.jar:/home/runner/.m2/repository/org/codehaus/jackson/jackson-jaxrs/1.9.2/jackson-jaxrs-1.9.2.jar:/home/runner/.m2/repository/org/codehaus/jackson/jackson-xc/1.9.2/jackson-xc-1.9.2.jar:/home/runner/.m2/repository/org/apache/commons/commons-configuration2/2.1.1/commons-configuration2-2.1.1.jar:/home/runner/.m2/repository/org/apache/commons/commons-text/1.4/commons-text-1.4.jar:/home/runner/.m2/repository/com/google/re2j/re2j/1.1/re2j-1.1.jar:/home/runner/.m2/repository/com/jcraft/jsch/0.1.54/jsch-0.1.54.jar:/home/runner/.m2/repository/org/apache/curator/curator-client/4.2.0/curator-client-4.2.0.jar:/home/runner/.m2/repository/org/apache/curator/curator-recipes/4.2.0/curator-recipes-4.2.0.jar:/home/runner/.m2/repository/org/apache/kerby/kerb-core/1.0.1/kerb-core-1.0.1.jar:/home/runner/.m2/repository/org/apache/kerby/kerby-pkix/1.0.1/kerby-pkix-1.0.1.jar:/home/runner/.m2/repository/org/apache/kerby/kerby-asn1/1.0.1/kerby-asn1-1.0.1.jar:/home/runner/.m2/repository/org/apache/kerby/kerby-util/1.0.1/kerby-util-1.0.1.jar:/home/runner/.m2/repository/dnsjava/dnsjava/2.1.7/dnsjava-2.1.7.jar:/home/runner/.m2/repository/org/xerial/snappy/snappy-java/1.1.8.2/snappy-java-1.1.8.2.jar:/home/runner/.m2/repository/org/slf4j/jul-to-slf4j/1.7.30/jul-to-slf4j-1.7.30.jar:/home/runner/.m2/repository/org/eclipse/jetty/jetty-util/9.4.43.v20210629/jetty-util-9.4.43.v20210629.jar:/home/runner/.m2/repository/com/fasterxml/jackson/core/jackson-databind/2.12.1/jackson-databind-2.12.1.jar:/home/runner/.m2/repository/org/apache/hadoop/hadoop-kms/3.3.1/hadoop-kms-3.3.1-tests.jar:/home/runner/.m2/repository/org/apache/ozone/hdds-server-scm/1.3.0-SNAPSHOT/hdds-server-scm-1.3.0-SNAPSHOT-tests.jar:/home/runner/.m2/repository/org/apache/ozone/hdds-container-service/1.3.0-SNAPSHOT/hdds-container-service-1.3.0-SNAPSHOT-tests.jar:/home/runner/.m2/repository/commons-codec/commons-codec/1.11/commons-codec-1.11.jar:/home/runner/.m2/repository/io/netty/netty-transport/4.1.63.Final/netty-transport-4.1.63.Final.jar:/home/runner/.m2/repository/io/netty/netty-resolver/4.1.63.Final/netty-resolver-4.1.63.Final.jar:/home/runner/.m2/repository/io/netty/netty-codec/4.1.63.Final/netty-codec-4.1.63.Final.jar:/home/runner/.m2/repository/io/netty/netty-handler/4.1.63.Final/netty-handler-4.1.63.Final.jar:/home/runner/.m2/repository/org/apache/ozone/hdds-hadoop-dependency-test/1.3.0-SNAPSHOT/hdds-hadoop-dependency-test-1.3.0-SNAPSHOT.jar:/home/runner/.m2/repository/org/apache/hadoop/hadoop-common/3.3.1/hadoop-common-3.3.1-tests.jar:/home/runner/.m2/repository/org/assertj/assertj-core/3.12.2/assertj-core-3.12.2.jar:/home/runner/.m2/repository/org/apache/hadoop/hadoop-hdfs/3.3.1/hadoop-hdfs-3.3.1-tests.jar:/home/runner/.m2/repository/org/eclipse/jetty/jetty-util-ajax/9.4.43.v20210629/jetty-util-ajax-9.4.43.v20210629.jar:/home/runner/.m2/repository/commons-daemon/commons-daemon/1.0.13/commons-daemon-1.0.13.jar:/home/runner/.m2/repository/io/netty/netty/3.10.6.Final/netty-3.10.6.Final.jar:/home/runner/.m2/repository/io/netty/netty-all/4.1.63.Final/netty-all-4.1.63.Final.jar:/home/runner/.m2/repository/org/apache/htrace/htrace-core4/4.1.0-incubating/htrace-core4-4.1.0-incubating.jar:/home/runner/.m2/repository/org/fusesource/leveldbjni/leveldbjni-all/1.8/leveldbjni-all-1.8.jar:/home/runner/.m2/repository/org/apache/hadoop/hadoop-distcp/3.3.1/hadoop-distcp-3.3.1.jar:/home/runner/.m2/repository/org/apache/hadoop/hadoop-mapreduce-client-jobclient/3.3.1/hadoop-mapreduce-client-jobclient-3.3.1.jar:/home/runner/.m2/repository/org/apache/hadoop/hadoop-mapreduce-client-common/3.3.1/hadoop-mapreduce-client-common-3.3.1.jar:/home/runner/.m2/repository/org/apache/hadoop/hadoop-yarn-common/3.3.1/hadoop-yarn-common-3.3.1.jar:/home/runner/.m2/repository/org/apache/hadoop/hadoop-yarn-api/3.3.1/hadoop-yarn-api-3.3.1.jar:/home/runner/.m2/repository/com/sun/jersey/jersey-client/1.19/jersey-client-1.19.jar:/home/runner/.m2/repository/com/sun/jersey/contribs/jersey-guice/1.19/jersey-guice-1.19.jar:/home/runner/.m2/repository/com/fasterxml/jackson/jaxrs/jackson-jaxrs-json-provider/2.12.1/jackson-jaxrs-json-provider-2.12.1.jar:/home/runner/.m2/repository/com/fasterxml/jackson/jaxrs/jackson-jaxrs-base/2.12.1/jackson-jaxrs-base-2.12.1.jar:/home/runner/.m2/repository/org/apache/hadoop/hadoop-yarn-client/3.3.1/hadoop-yarn-client-3.3.1.jar:/home/runner/.m2/repository/org/eclipse/jetty/websocket/websocket-client/9.4.40.v20210413/websocket-client-9.4.40.v20210413.jar:/home/runner/.m2/repository/org/eclipse/jetty/jetty-client/9.4.40.v20210413/jetty-client-9.4.40.v20210413.jar:/home/runner/.m2/repository/org/eclipse/jetty/websocket/websocket-common/9.4.40.v20210413/websocket-common-9.4.40.v20210413.jar:/home/runner/.m2/repository/org/eclipse/jetty/websocket/websocket-api/9.4.40.v20210413/websocket-api-9.4.40.v20210413.jar:/home/runner/.m2/repository/org/jline/jline/3.9.0/jline-3.9.0.jar:/home/runner/.m2/repository/org/apache/hadoop/hadoop-mapreduce-client-core/3.3.1/hadoop-mapreduce-client-core-3.3.1.jar:/home/runner/.m2/repository/org/apache/avro/avro/1.7.7/avro-1.7.7.jar:/home/runner/.m2/repository/org/codehaus/jackson/jackson-core-asl/1.9.13/jackson-core-asl-1.9.13.jar:/home/runner/.m2/repository/org/codehaus/jackson/jackson-mapper-asl/1.9.13/jackson-mapper-asl-1.9.13.jar:/home/runner/.m2/repository/com/thoughtworks/paranamer/paranamer/2.3/paranamer-2.3.jar:/home/runner/.m2/repository/org/apache/hadoop/hadoop-annotations/3.3.1/hadoop-annotations-3.3.1.jar:/usr/lib/jvm/temurin-8-jdk-amd64/jre/../lib/tools.jar:/home/runner/.m2/repository/org/apache/hadoop/hadoop-distcp/3.3.1/hadoop-distcp-3.3.1-tests.jar:/home/runner/.m2/repository/org/apache/ratis/ratis-common/2.2.0/ratis-common-2.2.0.jar:/home/runner/.m2/repository/org/apache/ratis/ratis-thirdparty-misc/0.7.0/ratis-thirdparty-misc-0.7.0.jar:/home/runner/.m2/repository/org/apache/ratis/ratis-proto/2.2.0/ratis-proto-2.2.0.jar:"/>
    <property name="sun.cpu.endian" value="little"/>
    <property name="user.home" value="/home/runner"/>
    <property name="user.language" value="en"/>
    <property name="java.specification.vendor" value="Oracle Corporation"/>
    <property name="java.home" value="/usr/lib/jvm/temurin-8-jdk-amd64/jre"/>
    <property name="java.security.krb5.conf" value="/home/runner/work/ozone/ozone/hadoop-ozone/integration-test/target/test-classes/krb5.conf"/>
    <property name="basedir" value="/home/runner/work/ozone/ozone/hadoop-ozone/integration-test"/>
    <property name="file.separator" value="/"/>
    <property name="line.separator" value="&#10;"/>
    <property name="java.vm.specification.vendor" value="Oracle Corporation"/>
    <property name="java.specification.name" value="Java Platform API Specification"/>
    <property name="java.awt.graphicsenv" value="sun.awt.X11GraphicsEnvironment"/>
    <property name="skip.installnpx" value="true"/>
    <property name="surefire.real.class.path" value="/home/runner/work/ozone/ozone/hadoop-ozone/integration-test/target/surefire/surefirebooter5300767465171741585.jar:/home/runner/.m2/repository/org/jacoco/org.jacoco.agent/0.8.5/org.jacoco.agent-0.8.5-runtime.jar"/>
    <property name="hadoop.log.dir" value="/home/runner/work/ozone/ozone/hadoop-ozone/integration-test/target/log"/>
    <property name="sun.boot.class.path" value="/usr/lib/jvm/temurin-8-jdk-amd64/jre/lib/resources.jar:/usr/lib/jvm/temurin-8-jdk-amd64/jre/lib/rt.jar:/usr/lib/jvm/temurin-8-jdk-amd64/jre/lib/sunrsasign.jar:/usr/lib/jvm/temurin-8-jdk-amd64/jre/lib/jsse.jar:/usr/lib/jvm/temurin-8-jdk-amd64/jre/lib/jce.jar:/usr/lib/jvm/temurin-8-jdk-amd64/jre/lib/charsets.jar:/usr/lib/jvm/temurin-8-jdk-amd64/jre/lib/jfr.jar:/usr/lib/jvm/temurin-8-jdk-amd64/jre/classes"/>
    <property name="sun.management.compiler" value="HotSpot 64-Bit Tiered Compilers"/>
    <property name="skip.npx" value="true"/>
    <property name="java.runtime.version" value="1.8.0_322-b06"/>
    <property name="java.net.preferIPv4Stack" value="true"/>
    <property name="user.name" value="runner"/>
    <property name="path.separator" value=":"/>
    <property name="java.security.egd" value="file:///dev/urandom"/>
    <property name="os.version" value="5.4.0-1070-azure"/>
    <property name="java.endorsed.dirs" value="/usr/lib/jvm/temurin-8-jdk-amd64/jre/lib/endorsed"/>
    <property name="java.runtime.name" value="OpenJDK Runtime Environment"/>
    <property name="file.encoding" value="UTF-8"/>
    <property name="java.vm.name" value="OpenJDK 64-Bit Server VM"/>
    <property name="test.build.webapps" value=""/>
    <property name="localRepository" value="/home/runner/.m2/repository"/>
    <property name="java.vendor.url.bug" value="https://github.com/adoptium/adoptium-support/issues"/>
    <property name="java.io.tmpdir" value="/tmp"/>
    <property name="require.test.libhadoop" value=""/>
    <property name="java.version" value="1.8.0_322"/>
    <property name="user.dir" value="/home/runner/work/ozone/ozone/hadoop-ozone/integration-test"/>
    <property name="os.arch" value="amd64"/>
    <property name="java.vm.specification.name" value="Java Virtual Machine Specification"/>
    <property name="test.build.classes" value="/home/runner/work/ozone/ozone/hadoop-ozone/integration-test/target/test-classes"/>
    <property name="java.awt.printerjob" value="sun.print.PSPrinterJob"/>
    <property name="sun.os.patch.level" value="unknown"/>
    <property name="hadoop.tmp.dir" value="/home/runner/work/ozone/ozone/hadoop-ozone/integration-test/target/tmp"/>
    <property name="java.library.path" value="/usr/java/packages/lib/amd64:/usr/lib64:/lib64:/lib:/usr/lib"/>
    <property name="java.vm.info" value="mixed mode"/>
    <property name="java.vendor" value="Temurin"/>
    <property name="java.vm.version" value="25.322-b06"/>
    <property name="java.ext.dirs" value="/usr/lib/jvm/temurin-8-jdk-amd64/jre/lib/ext:/usr/java/packages/lib/ext"/>
    <property name="sun.io.unicode.encoding" value="UnicodeLittle"/>
    <property name="java.class.version" value="52.0"/>
  </properties>
  <testcase name="testRatisLogParsing" classname="org.apache.hadoop.ozone.parser.TestOzoneHARatisLogParser" time="76.659">
    <error message="Timed out waiting for condition. Thread diagnostics:&#10;Timestamp: 2022-03-03 02:19:19,385&#10;&#10;&quot;EndpointStateMachine task thread for /127.0.0.1:37109 - 0 &quot;  prio=5 tid=885 timed_waiting&#10;java.lang.Thread.State: TIMED_WAITING&#10;        at java.lang.Thread.sleep(Native Method)&#10;        at org.apache.hadoop.ipc.Client$Connection.handleConnectionFailure(Client.java:972)&#10;        at org.apache.hadoop.ipc.Client$Connection.setupConnection(Client.java:724)&#10;        at org.apache.hadoop.ipc.Client$Connection.setupIOstreams(Client.java:822)&#10;        at org.apache.hadoop.ipc.Client$Connection.access$3800(Client.java:414)&#10;        at org.apache.hadoop.ipc.Client.getConnection(Client.java:1647)&#10;        at org.apache.hadoop.ipc.Client.call(Client.java:1463)&#10;        at org.apache.hadoop.ipc.Client.call(Client.java:1416)&#10;        at org.apache.hadoop.ipc.ProtobufRpcEngine$Invoker.invoke(ProtobufRpcEngine.java:236)&#10;        at org.apache.hadoop.ipc.ProtobufRpcEngine$Invoker.invoke(ProtobufRpcEngine.java:123)&#10;        at com.sun.proxy.$Proxy48.submitRequest(Unknown Source)&#10;        at org.apache.hadoop.ozone.protocolPB.StorageContainerDatanodeProtocolClientSideTranslatorPB.submitRequest(StorageContainerDatanodeProtocolClientSideTranslatorPB.java:117)&#10;        at org.apache.hadoop.ozone.protocolPB.StorageContainerDatanodeProtocolClientSideTranslatorPB.sendHeartbeat(StorageContainerDatanodeProtocolClientSideTranslatorPB.java:149)&#10;        at org.apache.hadoop.ozone.container.common.states.endpoint.HeartbeatEndpointTask.call(HeartbeatEndpointTask.java:180)&#10;        at org.apache.hadoop.ozone.container.common.states.endpoint.HeartbeatEndpointTask.call(HeartbeatEndpointTask.java:83)&#10;        at java.util.concurrent.FutureTask.run(FutureTask.java:266)&#10;        at java.util.concurrent.ThreadPoolExecutor.runWorker(ThreadPoolExecutor.java:1149)&#10;        at java.util.concurrent.ThreadPoolExecutor$Worker.run(ThreadPoolExecutor.java:624)&#10;        at java.lang.Thread.run(Thread.java:750)&#10;&quot;Datanode ReportManager Thread - 2&quot; daemon prio=5 tid=830 in Object.wait()&#10;java.lang.Thread.State: WAITING (on object monitor)&#10;        at sun.misc.Unsafe.park(Native Method)&#10;        at java.util.concurrent.locks.LockSupport.park(LockSupport.java:175)&#10;        at java.util.concurrent.locks.AbstractQueuedSynchronizer$ConditionObject.await(AbstractQueuedSynchronizer.java:2039)&#10;        at java.util.concurrent.ScheduledThreadPoolExecutor$DelayedWorkQueue.take(ScheduledThreadPoolExecutor.java:1088)&#10;        at java.util.concurrent.ScheduledThreadPoolExecutor$DelayedWorkQueue.take(ScheduledThreadPoolExecutor.java:809)&#10;        at java.util.concurrent.ThreadPoolExecutor.getTask(ThreadPoolExecutor.java:1074)&#10;        at java.util.concurrent.ThreadPoolExecutor.runWorker(ThreadPoolExecutor.java:1134)&#10;        at java.util.concurrent.ThreadPoolExecutor$Worker.run(ThreadPoolExecutor.java:624)&#10;        at java.lang.Thread.run(Thread.java:750)&#10;&quot;java.util.concurrent.ThreadPoolExecutor$Worker@4259ca0f[State = -1, empty queue]&quot; daemon prio=5 tid=1012 timed_waiting&#10;java.lang.Thread.State: TIMED_WAITING&#10;        at sun.misc.Unsafe.park(Native Method)&#10;        at java.util.concurrent.locks.LockSupport.parkNanos(LockSupport.java:215)&#10;        at java.util.concurrent.locks.AbstractQueuedSynchronizer$ConditionObject.awaitNanos(AbstractQueuedSynchronizer.java:2078)&#10;        at java.util.concurrent.ScheduledThreadPoolExecutor$DelayedWorkQueue.take(ScheduledThreadPoolExecutor.java:1093)&#10;        at java.util.concurrent.ScheduledThreadPoolExecutor$DelayedWorkQueue.take(ScheduledThreadPoolExecutor.java:809)&#10;        at java.util.concurrent.ThreadPoolExecutor.getTask(ThreadPoolExecutor.java:1074)&#10;        at java.util.concurrent.ThreadPoolExecutor.runWorker(ThreadPoolExecutor.java:1134)&#10;        at java.util.concurrent.ThreadPoolExecutor$Worker.run(ThreadPoolExecutor.java:624)&#10;        at java.lang.Thread.run(Thread.java:750)&#10;&quot;FullTableCache Cleanup Thread - 0&quot; daemon prio=5 tid=1090 in Object.wait()&#10;java.lang.Thread.State: WAITING (on object monitor)&#10;        at sun.misc.Unsafe.park(Native Method)&#10;        at java.util.concurrent.locks.LockSupport.park(LockSupport.java:175)&#10;        at java.util.concurrent.locks.AbstractQueuedSynchronizer$ConditionObject.await(AbstractQueuedSynchronizer.java:2039)&#10;        at java.util.concurrent.LinkedBlockingQueue.take(LinkedBlockingQueue.java:442)&#10;        at java.util.concurrent.ThreadPoolExecutor.getTask(ThreadPoolExecutor.java:1074)&#10;        at java.util.concurrent.ThreadPoolExecutor.runWorker(ThreadPoolExecutor.java:1134)&#10;        at java.util.concurrent.ThreadPoolExecutor$Worker.run(ThreadPoolExecutor.java:624)&#10;        at java.lang.Thread.run(Thread.java:750)&#10;&quot;Datanode ReportManager Thread - 3&quot; daemon prio=5 tid=804 timed_waiting&#10;java.lang.Thread.State: TIMED_WAITING&#10;        at sun.misc.Unsafe.park(Native Method)&#10;        at java.util.concurrent.locks.LockSupport.parkNanos(LockSupport.java:215)&#10;        at java.util.concurrent.locks.AbstractQueuedSynchronizer$ConditionObject.awaitNanos(AbstractQueuedSynchronizer.java:2078)&#10;        at java.util.concurrent.ScheduledThreadPoolExecutor$DelayedWorkQueue.take(ScheduledThreadPoolExecutor.java:1093)&#10;        at java.util.concurrent.ScheduledThreadPoolExecutor$DelayedWorkQueue.take(ScheduledThreadPoolExecutor.java:809)&#10;        at java.util.concurrent.ThreadPoolExecutor.getTask(ThreadPoolExecutor.java:1074)&#10;        at java.util.concurrent.ThreadPoolExecutor.runWorker(ThreadPoolExecutor.java:1134)&#10;        at java.util.concurrent.ThreadPoolExecutor$Worker.run(ThreadPoolExecutor.java:624)&#10;        at java.lang.Thread.run(Thread.java:750)&#10;&quot;process reaper&quot; daemon prio=10 tid=11 timed_waiting&#10;java.lang.Thread.State: TIMED_WAITING&#10;        at sun.misc.Unsafe.park(Native Method)&#10;        at java.util.concurrent.locks.LockSupport.parkNanos(LockSupport.java:215)&#10;        at java.util.concurrent.SynchronousQueue$TransferStack.awaitFulfill(SynchronousQueue.java:460)&#10;        at java.util.concurrent.SynchronousQueue$TransferStack.transfer(SynchronousQueue.java:362)&#10;        at java.util.concurrent.SynchronousQueue.poll(SynchronousQueue.java:941)&#10;        at java.util.concurrent.ThreadPoolExecutor.getTask(ThreadPoolExecutor.java:1073)&#10;        at java.util.concurrent.ThreadPoolExecutor.runWorker(ThreadPoolExecutor.java:1134)&#10;        at java.util.concurrent.ThreadPoolExecutor$Worker.run(ThreadPoolExecutor.java:624)&#10;        at java.lang.Thread.run(Thread.java:750)&#10;&quot;SSL Certificates Store Monitor&quot; daemon prio=5 tid=643 in Object.wait()&#10;java.lang.Thread.State: WAITING (on object monitor)&#10;        at java.lang.Object.wait(Native Method)&#10;        at java.lang.Object.wait(Object.java:502)&#10;        at java.util.TimerThread.mainLoop(Timer.java:526)&#10;        at java.util.TimerThread.run(Timer.java:505)&#10;&quot;Datanode ReportManager Thread - 2&quot; daemon prio=5 tid=803 in Object.wait()&#10;java.lang.Thread.State: WAITING (on object monitor)&#10;        at sun.misc.Unsafe.park(Native Method)&#10;        at java.util.concurrent.locks.LockSupport.park(LockSupport.java:175)&#10;        at java.util.concurrent.locks.AbstractQueuedSynchronizer$ConditionObject.await(AbstractQueuedSynchronizer.java:2039)&#10;        at java.util.concurrent.ScheduledThreadPoolExecutor$DelayedWorkQueue.take(ScheduledThreadPoolExecutor.java:1088)&#10;        at java.util.concurrent.ScheduledThreadPoolExecutor$DelayedWorkQueue.take(ScheduledThreadPoolExecutor.java:809)&#10;        at java.util.concurrent.ThreadPoolExecutor.getTask(ThreadPoolExecutor.java:1074)&#10;        at java.util.concurrent.ThreadPoolExecutor.runWorker(ThreadPoolExecutor.java:1134)&#10;        at java.util.concurrent.ThreadPoolExecutor$Worker.run(ThreadPoolExecutor.java:624)&#10;        at java.lang.Thread.run(Thread.java:750)&#10;&quot;org.apache.hadoop.ozone.container.common.statemachine.commandhandler.DeleteBlocksCommandHandler$DeleteCmdWorker@662dcd6c&quot; daemon prio=5 tid=816 runnable&#10;java.lang.Thread.State: RUNNABLE&#10;        at java.lang.Thread.sleep(Native Method)&#10;        at org.apache.hadoop.ozone.container.common.statemachine.commandhandler.DeleteBlocksCommandHandler$DeleteCmdWorker.run(DeleteBlocksCommandHandler.java:175)&#10;        at java.lang.Thread.run(Thread.java:750)&#10;&quot;Datanode ReportManager Thread - 0&quot; daemon prio=5 tid=801 in Object.wait()&#10;java.lang.Thread.State: WAITING (on object monitor)&#10;        at sun.misc.Unsafe.park(Native Method)&#10;        at java.util.concurrent.locks.LockSupport.park(LockSupport.java:175)&#10;        at java.util.concurrent.locks.AbstractQueuedSynchronizer$ConditionObject.await(AbstractQueuedSynchronizer.java:2039)&#10;        at java.util.concurrent.ScheduledThreadPoolExecutor$DelayedWorkQueue.take(ScheduledThreadPoolExecutor.java:1088)&#10;        at java.util.concurrent.ScheduledThreadPoolExecutor$DelayedWorkQueue.take(ScheduledThreadPoolExecutor.java:809)&#10;        at java.util.concurrent.ThreadPoolExecutor.getTask(ThreadPoolExecutor.java:1074)&#10;        at java.util.concurrent.ThreadPoolExecutor.runWorker(ThreadPoolExecutor.java:1134)&#10;        at java.util.concurrent.ThreadPoolExecutor$Worker.run(ThreadPoolExecutor.java:624)&#10;        at java.lang.Thread.run(Thread.java:750)&#10;&quot;Finalizer&quot; daemon prio=8 tid=3 in Object.wait()&#10;java.lang.Thread.State: WAITING (on object monitor)&#10;        at java.lang.Object.wait(Native Method)&#10;        at java.lang.ref.ReferenceQueue.remove(ReferenceQueue.java:144)&#10;        at java.lang.ref.ReferenceQueue.remove(ReferenceQueue.java:165)&#10;        at java.lang.ref.Finalizer$FinalizerThread.run(Finalizer.java:216)&#10;&quot;FullTableCache Cleanup Thread - 0&quot; daemon prio=5 tid=1094 in Object.wait()&#10;java.lang.Thread.State: WAITING (on object monitor)&#10;        at sun.misc.Unsafe.park(Native Method)&#10;        at java.util.concurrent.locks.LockSupport.park(LockSupport.java:175)&#10;        at java.util.concurrent.locks.AbstractQueuedSynchronizer$ConditionObject.await(AbstractQueuedSynchronizer.java:2039)&#10;        at java.util.concurrent.LinkedBlockingQueue.take(LinkedBlockingQueue.java:442)&#10;        at java.util.concurrent.ThreadPoolExecutor.getTask(ThreadPoolExecutor.java:1074)&#10;        at java.util.concurrent.ThreadPoolExecutor.runWorker(ThreadPoolExecutor.java:1134)&#10;        at java.util.concurrent.ThreadPoolExecutor$Worker.run(ThreadPoolExecutor.java:624)&#10;        at java.lang.Thread.run(Thread.java:750)&#10;&quot;EndpointStateMachine task thread for /127.0.0.1:37109 - 0 &quot;  prio=5 tid=866 blocked&#10;java.lang.Thread.State: BLOCKED&#10;        at org.apache.hadoop.ipc.Client$Connection.addCall(Client.java:522)&#10;        at org.apache.hadoop.ipc.Client$Connection.access$3700(Client.java:414)&#10;        at org.apache.hadoop.ipc.Client.getConnection(Client.java:1634)&#10;        at org.apache.hadoop.ipc.Client.call(Client.java:1463)&#10;        at org.apache.hadoop.ipc.Client.call(Client.java:1416)&#10;        at org.apache.hadoop.ipc.ProtobufRpcEngine$Invoker.invoke(ProtobufRpcEngine.java:236)&#10;        at org.apache.hadoop.ipc.ProtobufRpcEngine$Invoker.invoke(ProtobufRpcEngine.java:123)&#10;        at com.sun.proxy.$Proxy48.submitRequest(Unknown Source)&#10;        at org.apache.hadoop.ozone.protocolPB.StorageContainerDatanodeProtocolClientSideTranslatorPB.submitRequest(StorageContainerDatanodeProtocolClientSideTranslatorPB.java:117)&#10;        at org.apache.hadoop.ozone.protocolPB.StorageContainerDatanodeProtocolClientSideTranslatorPB.sendHeartbeat(StorageContainerDatanodeProtocolClientSideTranslatorPB.java:149)&#10;        at org.apache.hadoop.ozone.container.common.states.endpoint.HeartbeatEndpointTask.call(HeartbeatEndpointTask.java:180)&#10;        at org.apache.hadoop.ozone.container.common.states.endpoint.HeartbeatEndpointTask.call(HeartbeatEndpointTask.java:83)&#10;        at java.util.concurrent.FutureTask.run(FutureTask.java:266)&#10;        at java.util.concurrent.ThreadPoolExecutor.runWorker(ThreadPoolExecutor.java:1149)&#10;        at java.util.concurrent.ThreadPoolExecutor$Worker.run(ThreadPoolExecutor.java:624)&#10;        at java.lang.Thread.run(Thread.java:750)&#10;&quot;Signal Dispatcher&quot; daemon prio=9 tid=4 runnable&#10;java.lang.Thread.State: RUNNABLE&#10;&quot;EndpointStateMachine task thread for /127.0.0.1:39049 - 0 &quot;  prio=5 tid=886 blocked&#10;java.lang.Thread.State: BLOCKED&#10;        at org.apache.hadoop.ipc.Client$Connection.addCall(Client.java:522)&#10;        at org.apache.hadoop.ipc.Client$Connection.access$3700(Client.java:414)&#10;        at org.apache.hadoop.ipc.Client.getConnection(Client.java:1634)&#10;        at org.apache.hadoop.ipc.Client.call(Client.java:1463)&#10;        at org.apache.hadoop.ipc.Client.call(Client.java:1416)&#10;        at org.apache.hadoop.ipc.ProtobufRpcEngine$Invoker.invoke(ProtobufRpcEngine.java:236)&#10;        at org.apache.hadoop.ipc.ProtobufRpcEngine$Invoker.invoke(ProtobufRpcEngine.java:123)&#10;        at com.sun.proxy.$Proxy48.submitRequest(Unknown Source)&#10;        at org.apache.hadoop.ozone.protocolPB.StorageContainerDatanodeProtocolClientSideTranslatorPB.submitRequest(StorageContainerDatanodeProtocolClientSideTranslatorPB.java:117)&#10;        at org.apache.hadoop.ozone.protocolPB.StorageContainerDatanodeProtocolClientSideTranslatorPB.sendHeartbeat(StorageContainerDatanodeProtocolClientSideTranslatorPB.java:149)&#10;        at org.apache.hadoop.ozone.container.common.states.endpoint.HeartbeatEndpointTask.call(HeartbeatEndpointTask.java:180)&#10;        at org.apache.hadoop.ozone.container.common.states.endpoint.HeartbeatEndpointTask.call(HeartbeatEndpointTask.java:83)&#10;        at java.util.concurrent.FutureTask.run(FutureTask.java:266)&#10;        at java.util.concurrent.ThreadPoolExecutor.runWorker(ThreadPoolExecutor.java:1149)&#10;        at java.util.concurrent.ThreadPoolExecutor$Worker.run(ThreadPoolExecutor.java:624)&#10;        at java.lang.Thread.run(Thread.java:750)&#10;&quot;EndpointStateMachine task thread for /127.0.0.1:41237 - 0 &quot;  prio=5 tid=846 blocked&#10;java.lang.Thread.State: BLOCKED&#10;        at org.apache.hadoop.ipc.Client$Connection.addCall(Client.java:522)&#10;        at org.apache.hadoop.ipc.Client$Connection.access$3700(Client.java:414)&#10;        at org.apache.hadoop.ipc.Client.getConnection(Client.java:1634)&#10;        at org.apache.hadoop.ipc.Client.call(Client.java:1463)&#10;        at org.apache.hadoop.ipc.Client.call(Client.java:1416)&#10;        at org.apache.hadoop.ipc.ProtobufRpcEngine$Invoker.invoke(ProtobufRpcEngine.java:236)&#10;        at org.apache.hadoop.ipc.ProtobufRpcEngine$Invoker.invoke(ProtobufRpcEngine.java:123)&#10;        at com.sun.proxy.$Proxy48.submitRequest(Unknown Source)&#10;        at org.apache.hadoop.ozone.protocolPB.StorageContainerDatanodeProtocolClientSideTranslatorPB.submitRequest(StorageContainerDatanodeProtocolClientSideTranslatorPB.java:117)&#10;        at org.apache.hadoop.ozone.protocolPB.StorageContainerDatanodeProtocolClientSideTranslatorPB.sendHeartbeat(StorageContainerDatanodeProtocolClientSideTranslatorPB.java:149)&#10;        at org.apache.hadoop.ozone.container.common.states.endpoint.HeartbeatEndpointTask.call(HeartbeatEndpointTask.java:180)&#10;        at org.apache.hadoop.ozone.container.common.states.endpoint.HeartbeatEndpointTask.call(HeartbeatEndpointTask.java:83)&#10;        at java.util.concurrent.FutureTask.run(FutureTask.java:266)&#10;        at java.util.concurrent.ThreadPoolExecutor.runWorker(ThreadPoolExecutor.java:1149)&#10;        at java.util.concurrent.ThreadPoolExecutor$Worker.run(ThreadPoolExecutor.java:624)&#10;        at java.lang.Thread.run(Thread.java:750)&#10;&quot;EndpointStateMachine task thread for /127.0.0.1:41237 - 0 &quot;  prio=5 tid=884 timed_waiting&#10;java.lang.Thread.State: TIMED_WAITING&#10;        at java.lang.Thread.sleep(Native Method)&#10;        at org.apache.hadoop.ipc.Client$Connection.handleConnectionFailure(Client.java:972)&#10;        at org.apache.hadoop.ipc.Client$Connection.setupConnection(Client.java:724)&#10;        at org.apache.hadoop.ipc.Client$Connection.setupIOstreams(Client.java:822)&#10;        at org.apache.hadoop.ipc.Client$Connection.access$3800(Client.java:414)&#10;        at org.apache.hadoop.ipc.Client.getConnection(Client.java:1647)&#10;        at org.apache.hadoop.ipc.Client.call(Client.java:1463)&#10;        at org.apache.hadoop.ipc.Client.call(Client.java:1416)&#10;        at org.apache.hadoop.ipc.ProtobufRpcEngine$Invoker.invoke(ProtobufRpcEngine.java:236)&#10;        at org.apache.hadoop.ipc.ProtobufRpcEngine$Invoker.invoke(ProtobufRpcEngine.java:123)&#10;        at com.sun.proxy.$Proxy48.submitRequest(Unknown Source)&#10;        at org.apache.hadoop.ozone.protocolPB.StorageContainerDatanodeProtocolClientSideTranslatorPB.submitRequest(StorageContainerDatanodeProtocolClientSideTranslatorPB.java:117)&#10;        at org.apache.hadoop.ozone.protocolPB.StorageContainerDatanodeProtocolClientSideTranslatorPB.sendHeartbeat(StorageContainerDatanodeProtocolClientSideTranslatorPB.java:149)&#10;        at org.apache.hadoop.ozone.container.common.states.endpoint.HeartbeatEndpointTask.call(HeartbeatEndpointTask.java:180)&#10;        at org.apache.hadoop.ozone.container.common.states.endpoint.HeartbeatEndpointTask.call(HeartbeatEndpointTask.java:83)&#10;        at java.util.concurrent.FutureTask.run(FutureTask.java:266)&#10;        at java.util.concurrent.ThreadPoolExecutor.runWorker(ThreadPoolExecutor.java:1149)&#10;        at java.util.concurrent.ThreadPoolExecutor$Worker.run(ThreadPoolExecutor.java:624)&#10;        at java.lang.Thread.run(Thread.java:750)&#10;&quot;Datanode ReportManager Thread - 3&quot; daemon prio=5 tid=831 in Object.wait()&#10;java.lang.Thread.State: WAITING (on object monitor)&#10;        at sun.misc.Unsafe.park(Native Method)&#10;        at java.util.concurrent.locks.LockSupport.park(LockSupport.java:175)&#10;        at java.util.concurrent.locks.AbstractQueuedSynchronizer$ConditionObject.await(AbstractQueuedSynchronizer.java:2039)&#10;        at java.util.concurrent.ScheduledThreadPoolExecutor$DelayedWorkQueue.take(ScheduledThreadPoolExecutor.java:1088)&#10;        at java.util.concurrent.ScheduledThreadPoolExecutor$DelayedWorkQueue.take(ScheduledThreadPoolExecutor.java:809)&#10;        at java.util.concurrent.ThreadPoolExecutor.getTask(ThreadPoolExecutor.java:1074)&#10;        at java.util.concurrent.ThreadPoolExecutor.runWorker(ThreadPoolExecutor.java:1134)&#10;        at java.util.concurrent.ThreadPoolExecutor$Worker.run(ThreadPoolExecutor.java:624)&#10;        at java.lang.Thread.run(Thread.java:750)&#10;&quot;Datanode ReportManager Thread - 1&quot; daemon prio=5 tid=756 timed_waiting&#10;java.lang.Thread.State: TIMED_WAITING&#10;        at sun.misc.Unsafe.park(Native Method)&#10;        at java.util.concurrent.locks.LockSupport.parkNanos(LockSupport.java:215)&#10;        at java.util.concurrent.locks.AbstractQueuedSynchronizer$ConditionObject.awaitNanos(AbstractQueuedSynchronizer.java:2078)&#10;        at java.util.concurrent.ScheduledThreadPoolExecutor$DelayedWorkQueue.take(ScheduledThreadPoolExecutor.java:1093)&#10;        at java.util.concurrent.ScheduledThreadPoolExecutor$DelayedWorkQueue.take(ScheduledThreadPoolExecutor.java:809)&#10;        at java.util.concurrent.ThreadPoolExecutor.getTask(ThreadPoolExecutor.java:1074)&#10;        at java.util.concurrent.ThreadPoolExecutor.runWorker(ThreadPoolExecutor.java:1134)&#10;        at java.util.concurrent.ThreadPoolExecutor$Worker.run(ThreadPoolExecutor.java:624)&#10;        at java.lang.Thread.run(Thread.java:750)&#10;&quot;Listener at 127.0.0.1/34469&quot; daemon prio=5 tid=13 runnable&#10;java.lang.Thread.State: RUNNABLE&#10;        at java.lang.Thread.dumpThreads(Native Method)&#10;        at java.lang.Thread.getAllStackTraces(Thread.java:1615)&#10;        at org.apache.ozone.test.TimedOutTestsListener.buildThreadDump(TimedOutTestsListener.java:93)&#10;        at org.apache.ozone.test.TimedOutTestsListener.buildThreadDiagnosticString(TimedOutTestsListener.java:79)&#10;        at org.apache.ozone.test.GenericTestUtils.waitFor(GenericTestUtils.java:225)&#10;        at org.apache.hadoop.ozone.parser.TestOzoneHARatisLogParser.testRatisLogParsing(TestOzoneHARatisLogParser.java:129)&#10;        at sun.reflect.NativeMethodAccessorImpl.invoke0(Native Method)&#10;        at sun.reflect.NativeMethodAccessorImpl.invoke(NativeMethodAccessorImpl.java:62)&#10;        at sun.reflect.DelegatingMethodAccessorImpl.invoke(DelegatingMethodAccessorImpl.java:43)&#10;        at java.lang.reflect.Method.invoke(Method.java:498)&#10;        at org.junit.runners.model.FrameworkMethod$1.runReflectiveCall(FrameworkMethod.java:59)&#10;        at org.junit.internal.runners.model.ReflectiveCallable.run(ReflectiveCallable.java:12)&#10;        at org.junit.runners.model.FrameworkMethod.invokeExplosively(FrameworkMethod.java:56)&#10;        at org.junit.internal.runners.statements.InvokeMethod.evaluate(InvokeMethod.java:17)&#10;        at org.junit.internal.runners.statements.RunBefores.evaluate(RunBefores.java:26)&#10;        at org.junit.internal.runners.statements.RunAfters.evaluate(RunAfters.java:27)&#10;        at org.junit.internal.runners.statements.FailOnTimeout$CallableStatement.call(FailOnTimeout.java:288)&#10;        at org.junit.internal.runners.statements.FailOnTimeout$CallableStatement.call(FailOnTimeout.java:282)&#10;        at java.util.concurrent.FutureTask.run(FutureTask.java:266)&#10;        at java.lang.Thread.run(Thread.java:750)&#10;&quot;main&quot;  prio=5 tid=1 timed_waiting&#10;java.lang.Thread.State: TIMED_WAITING&#10;        at sun.misc.Unsafe.park(Native Method)&#10;        at java.util.concurrent.locks.LockSupport.parkNanos(LockSupport.java:215)&#10;        at java.util.concurrent.FutureTask.awaitDone(FutureTask.java:426)&#10;        at java.util.concurrent.FutureTask.get(FutureTask.java:204)&#10;        at org.junit.internal.runners.statements.FailOnTimeout.getResult(FailOnTimeout.java:156)&#10;        at org.junit.internal.runners.statements.FailOnTimeout.evaluate(FailOnTimeout.java:129)&#10;        at org.junit.runners.ParentRunner$3.evaluate(ParentRunner.java:306)&#10;        at org.junit.runners.BlockJUnit4ClassRunner$1.evaluate(BlockJUnit4ClassRunner.java:100)&#10;        at org.junit.runners.ParentRunner.runLeaf(ParentRunner.java:366)&#10;        at org.junit.runners.BlockJUnit4ClassRunner.runChild(BlockJUnit4ClassRunner.java:103)&#10;        at org.junit.runners.BlockJUnit4ClassRunner.runChild(BlockJUnit4ClassRunner.java:63)&#10;        at org.junit.runners.ParentRunner$4.run(ParentRunner.java:331)&#10;        at org.junit.runners.ParentRunner$1.schedule(ParentRunner.java:79)&#10;        at org.junit.runners.ParentRunner.runChildren(ParentRunner.java:329)&#10;        at org.junit.runners.ParentRunner.access$100(ParentRunner.java:66)&#10;        at org.junit.runners.ParentRunner$2.evaluate(ParentRunner.java:293)&#10;        at org.junit.runners.ParentRunner$3.evaluate(ParentRunner.java:306)&#10;        at org.junit.runners.ParentRunner.run(ParentRunner.java:413)&#10;        at org.junit.runner.JUnitCore.run(JUnitCore.java:137)&#10;        at org.junit.runner.JUnitCore.run(JUnitCore.java:115)&#10;        at org.junit.vintage.engine.execution.RunnerExecutor.execute(RunnerExecutor.java:43)&#10;        at org.junit.vintage.engine.VintageTestEngine$$Lambda$193/366873404.accept(Unknown Source)&#10;        at java.util.stream.ForEachOps$ForEachOp$OfRef.accept(ForEachOps.java:183)&#10;        at java.util.stream.ReferencePipeline$3$1.accept(ReferencePipeline.java:193)&#10;        at java.util.Iterator.forEachRemaining(Iterator.java:116)&#10;        at java.util.Spliterators$IteratorSpliterator.forEachRemaining(Spliterators.java:1801)&#10;        at java.util.stream.AbstractPipeline.copyInto(AbstractPipeline.java:482)&#10;        at java.util.stream.AbstractPipeline.wrapAndCopyInto(AbstractPipeline.java:472)&#10;        at java.util.stream.ForEachOps$ForEachOp.evaluateSequential(ForEachOps.java:150)&#10;        at java.util.stream.ForEachOps$ForEachOp$OfRef.evaluateSequential(ForEachOps.java:173)&#10;        at java.util.stream.AbstractPipeline.evaluate(AbstractPipeline.java:234)&#10;        at java.util.stream.ReferencePipeline.forEach(ReferencePipeline.java:485)&#10;        at org.junit.vintage.engine.VintageTestEngine.executeAllChildren(VintageTestEngine.java:82)&#10;        at org.junit.vintage.engine.VintageTestEngine.execute(VintageTestEngine.java:73)&#10;        at org.junit.platform.launcher.core.EngineExecutionOrchestrator.execute(EngineExecutionOrchestrator.java:108)&#10;        at org.junit.platform.launcher.core.EngineExecutionOrchestrator.execute(EngineExecutionOrchestrator.java:88)&#10;        at org.junit.platform.launcher.core.EngineExecutionOrchestrator.lambda$execute$0(EngineExecutionOrchestrator.java:54)&#10;        at org.junit.platform.launcher.core.EngineExecutionOrchestrator$$Lambda$141/1337335626.accept(Unknown Source)&#10;        at org.junit.platform.launcher.core.EngineExecutionOrchestrator.withInterceptedStreams(EngineExecutionOrchestrator.java:67)&#10;        at org.junit.platform.launcher.core.EngineExecutionOrchestrator.execute(EngineExecutionOrchestrator.java:52)&#10;        at org.junit.platform.launcher.core.DefaultLauncher.execute(DefaultLauncher.java:96)&#10;        at org.junit.platform.launcher.core.DefaultLauncher.execute(DefaultLauncher.java:75)&#10;        at org.apache.maven.surefire.junitplatform.JUnitPlatformProvider.invokeAllTests(JUnitPlatformProvider.java:142)&#10;        at org.apache.maven.surefire.junitplatform.JUnitPlatformProvider.invoke(JUnitPlatformProvider.java:113)&#10;        at org.apache.maven.surefire.booter.ForkedBooter.invokeProviderInSameClassLoader(ForkedBooter.java:384)&#10;        at org.apache.maven.surefire.booter.ForkedBooter.runSuitesInProcess(ForkedBooter.java:345)&#10;        at org.apache.maven.surefire.booter.ForkedBooter.execute(ForkedBooter.java:126)&#10;        at org.apache.maven.surefire.booter.ForkedBooter.main(ForkedBooter.java:418)&#10;&quot;Datanode ReportManager Thread - 1&quot; daemon prio=5 tid=802 in Object.wait()&#10;java.lang.Thread.State: WAITING (on object monitor)&#10;        at sun.misc.Unsafe.park(Native Method)&#10;        at java.util.concurrent.locks.LockSupport.park(LockSupport.java:175)&#10;        at java.util.concurrent.locks.AbstractQueuedSynchronizer$ConditionObject.await(AbstractQueuedSynchronizer.java:2039)&#10;        at java.util.concurrent.ScheduledThreadPoolExecutor$DelayedWorkQueue.take(ScheduledThreadPoolExecutor.java:1088)&#10;        at java.util.concurrent.ScheduledThreadPoolExecutor$DelayedWorkQueue.take(ScheduledThreadPoolExecutor.java:809)&#10;        at java.util.concurrent.ThreadPoolExecutor.getTask(ThreadPoolExecutor.java:1074)&#10;        at java.util.concurrent.ThreadPoolExecutor.runWorker(ThreadPoolExecutor.java:1134)&#10;        at java.util.concurrent.ThreadPoolExecutor$Worker.run(ThreadPoolExecutor.java:624)&#10;        at java.lang.Thread.run(Thread.java:750)&#10;&quot;Reference Handler&quot; daemon prio=10 tid=2 in Object.wait()&#10;java.lang.Thread.State: WAITING (on object monitor)&#10;        at java.lang.Object.wait(Native Method)&#10;        at java.lang.Object.wait(Object.java:502)&#10;        at java.lang.ref.Reference.tryHandlePending(Reference.java:191)&#10;        at java.lang.ref.Reference$ReferenceHandler.run(Reference.java:153)&#10;&quot;Datanode ReportManager Thread - 1&quot; daemon prio=5 tid=829 in Object.wait()&#10;java.lang.Thread.State: WAITING (on object monitor)&#10;        at sun.misc.Unsafe.park(Native Method)&#10;        at java.util.concurrent.locks.LockSupport.park(LockSupport.java:175)&#10;        at java.util.concurrent.locks.AbstractQueuedSynchronizer$ConditionObject.await(AbstractQueuedSynchronizer.java:2039)&#10;        at java.util.concurrent.ScheduledThreadPoolExecutor$DelayedWorkQueue.take(ScheduledThreadPoolExecutor.java:1088)&#10;        at java.util.concurrent.ScheduledThreadPoolExecutor$DelayedWorkQueue.take(ScheduledThreadPoolExecutor.java:809)&#10;        at java.util.concurrent.ThreadPoolExecutor.getTask(ThreadPoolExecutor.java:1074)&#10;        at java.util.concurrent.ThreadPoolExecutor.runWorker(ThreadPoolExecutor.java:1134)&#10;        at java.util.concurrent.ThreadPoolExecutor$Worker.run(ThreadPoolExecutor.java:624)&#10;        at java.lang.Thread.run(Thread.java:750)&#10;&quot;IPC Parameter Sending Thread #0&quot; daemon prio=5 tid=262 timed_waiting&#10;java.lang.Thread.State: TIMED_WAITING&#10;        at sun.misc.Unsafe.park(Native Method)&#10;        at java.util.concurrent.locks.LockSupport.parkNanos(LockSupport.java:215)&#10;        at java.util.concurrent.SynchronousQueue$TransferStack.awaitFulfill(SynchronousQueue.java:460)&#10;        at java.util.concurrent.SynchronousQueue$TransferStack.transfer(SynchronousQueue.java:362)&#10;        at java.util.concurrent.SynchronousQueue.poll(SynchronousQueue.java:941)&#10;        at java.util.concurrent.ThreadPoolExecutor.getTask(ThreadPoolExecutor.java:1073)&#10;        at java.util.concurrent.ThreadPoolExecutor.runWorker(ThreadPoolExecutor.java:1134)&#10;        at java.util.concurrent.ThreadPoolExecutor$Worker.run(ThreadPoolExecutor.java:624)&#10;        at java.lang.Thread.run(Thread.java:750)&#10;&quot;FullTableCache Cleanup Thread - 0&quot; daemon prio=5 tid=1096 in Object.wait()&#10;java.lang.Thread.State: WAITING (on object monitor)&#10;        at sun.misc.Unsafe.park(Native Method)&#10;        at java.util.concurrent.locks.LockSupport.park(LockSupport.java:175)&#10;        at java.util.concurrent.locks.AbstractQueuedSynchronizer$ConditionObject.await(AbstractQueuedSynchronizer.java:2039)&#10;        at java.util.concurrent.LinkedBlockingQueue.take(LinkedBlockingQueue.java:442)&#10;        at java.util.concurrent.ThreadPoolExecutor.getTask(ThreadPoolExecutor.java:1074)&#10;        at java.util.concurrent.ThreadPoolExecutor.runWorker(ThreadPoolExecutor.java:1134)&#10;        at java.util.concurrent.ThreadPoolExecutor$Worker.run(ThreadPoolExecutor.java:624)&#10;        at java.lang.Thread.run(Thread.java:750)&#10;&quot;Datanode ReportManager Thread - 3&quot; daemon prio=5 tid=758 in Object.wait()&#10;java.lang.Thread.State: WAITING (on object monitor)&#10;        at sun.misc.Unsafe.park(Native Method)&#10;        at java.util.concurrent.locks.LockSupport.park(LockSupport.java:175)&#10;        at java.util.concurrent.locks.AbstractQueuedSynchronizer$ConditionObject.await(AbstractQueuedSynchronizer.java:2039)&#10;        at java.util.concurrent.ScheduledThreadPoolExecutor$DelayedWorkQueue.take(ScheduledThreadPoolExecutor.java:1088)&#10;        at java.util.concurrent.ScheduledThreadPoolExecutor$DelayedWorkQueue.take(ScheduledThreadPoolExecutor.java:809)&#10;        at java.util.concurrent.ThreadPoolExecutor.getTask(ThreadPoolExecutor.java:1074)&#10;        at java.util.concurrent.ThreadPoolExecutor.runWorker(ThreadPoolExecutor.java:1134)&#10;        at java.util.concurrent.ThreadPoolExecutor$Worker.run(ThreadPoolExecutor.java:624)&#10;        at java.lang.Thread.run(Thread.java:750)&#10;&quot;surefire-forkedjvm-ping-30s&quot; daemon prio=5 tid=10 timed_waiting&#10;java.lang.Thread.State: TIMED_WAITING&#10;        at sun.misc.Unsafe.park(Native Method)&#10;        at java.util.concurrent.locks.LockSupport.parkNanos(LockSupport.java:215)&#10;        at java.util.concurrent.locks.AbstractQueuedSynchronizer$ConditionObject.awaitNanos(AbstractQueuedSynchronizer.java:2078)&#10;        at java.util.concurrent.ScheduledThreadPoolExecutor$DelayedWorkQueue.take(ScheduledThreadPoolExecutor.java:1093)&#10;        at java.util.concurrent.ScheduledThreadPoolExecutor$DelayedWorkQueue.take(ScheduledThreadPoolExecutor.java:809)&#10;        at java.util.concurrent.ThreadPoolExecutor.getTask(ThreadPoolExecutor.java:1074)&#10;        at java.util.concurrent.ThreadPoolExecutor.runWorker(ThreadPoolExecutor.java:1134)&#10;        at java.util.concurrent.ThreadPoolExecutor$Worker.run(ThreadPoolExecutor.java:624)&#10;        at java.lang.Thread.run(Thread.java:750)&#10;&quot;FullTableCache Cleanup Thread - 0&quot; daemon prio=5 tid=1088 in Object.wait()&#10;java.lang.Thread.State: WAITING (on object monitor)&#10;        at sun.misc.Unsafe.park(Native Method)&#10;        at java.util.concurrent.locks.LockSupport.park(LockSupport.java:175)&#10;        at java.util.concurrent.locks.AbstractQueuedSynchronizer$ConditionObject.await(AbstractQueuedSynchronizer.java:2039)&#10;        at java.util.concurrent.LinkedBlockingQueue.take(LinkedBlockingQueue.java:442)&#10;        at java.util.concurrent.ThreadPoolExecutor.getTask(ThreadPoolExecutor.java:1074)&#10;        at java.util.concurrent.ThreadPoolExecutor.runWorker(ThreadPoolExecutor.java:1134)&#10;        at java.util.concurrent.ThreadPoolExecutor$Worker.run(ThreadPoolExecutor.java:624)&#10;        at java.lang.Thread.run(Thread.java:750)&#10;&quot;SSL Certificates Store Monitor&quot; daemon prio=5 tid=593 in Object.wait()&#10;java.lang.Thread.State: WAITING (on object monitor)&#10;        at java.lang.Object.wait(Native Method)&#10;        at java.lang.Object.wait(Object.java:502)&#10;        at java.util.TimerThread.mainLoop(Timer.java:526)&#10;        at java.util.TimerThread.run(Timer.java:505)&#10;&quot;FullTableCache Cleanup Thread - 0&quot; daemon prio=5 tid=1097 in Object.wait()&#10;java.lang.Thread.State: WAITING (on object monitor)&#10;        at sun.misc.Unsafe.park(Native Method)&#10;        at java.util.concurrent.locks.LockSupport.park(LockSupport.java:175)&#10;        at java.util.concurrent.locks.AbstractQueuedSynchronizer$ConditionObject.await(AbstractQueuedSynchronizer.java:2039)&#10;        at java.util.concurrent.LinkedBlockingQueue.take(LinkedBlockingQueue.java:442)&#10;        at java.util.concurrent.ThreadPoolExecutor.getTask(ThreadPoolExecutor.java:1074)&#10;        at java.util.concurrent.ThreadPoolExecutor.runWorker(ThreadPoolExecutor.java:1134)&#10;        at java.util.concurrent.ThreadPoolExecutor$Worker.run(ThreadPoolExecutor.java:624)&#10;        at java.lang.Thread.run(Thread.java:750)&#10;&quot;Datanode ReportManager Thread - 0&quot; daemon prio=5 tid=828 timed_waiting&#10;java.lang.Thread.State: TIMED_WAITING&#10;        at sun.misc.Unsafe.park(Native Method)&#10;        at java.util.concurrent.locks.LockSupport.parkNanos(LockSupport.java:215)&#10;        at java.util.concurrent.locks.AbstractQueuedSynchronizer$ConditionObject.awaitNanos(AbstractQueuedSynchronizer.java:2078)&#10;        at java.util.concurrent.ScheduledThreadPoolExecutor$DelayedWorkQueue.take(ScheduledThreadPoolExecutor.java:1093)&#10;        at java.util.concurrent.ScheduledThreadPoolExecutor$DelayedWorkQueue.take(ScheduledThreadPoolExecutor.java:809)&#10;        at java.util.concurrent.ThreadPoolExecutor.getTask(ThreadPoolExecutor.java:1074)&#10;        at java.util.concurrent.ThreadPoolExecutor.runWorker(ThreadPoolExecutor.java:1134)&#10;        at java.util.concurrent.ThreadPoolExecutor$Worker.run(ThreadPoolExecutor.java:624)&#10;        at java.lang.Thread.run(Thread.java:750)&#10;&quot;EndpointStateMachine task thread for /127.0.0.1:39049 - 0 &quot;  prio=5 tid=848 timed_waiting&#10;java.lang.Thread.State: TIMED_WAITING&#10;        at java.lang.Thread.sleep(Native Method)&#10;        at org.apache.hadoop.ipc.Client$Connection.handleConnectionFailure(Client.java:972)&#10;        at org.apache.hadoop.ipc.Client$Connection.setupConnection(Client.java:724)&#10;        at org.apache.hadoop.ipc.Client$Connection.setupIOstreams(Client.java:822)&#10;        at org.apache.hadoop.ipc.Client$Connection.access$3800(Client.java:414)&#10;        at org.apache.hadoop.ipc.Client.getConnection(Client.java:1647)&#10;        at org.apache.hadoop.ipc.Client.call(Client.java:1463)&#10;        at org.apache.hadoop.ipc.Client.call(Client.java:1416)&#10;        at org.apache.hadoop.ipc.ProtobufRpcEngine$Invoker.invoke(ProtobufRpcEngine.java:236)&#10;        at org.apache.hadoop.ipc.ProtobufRpcEngine$Invoker.invoke(ProtobufRpcEngine.java:123)&#10;        at com.sun.proxy.$Proxy48.submitRequest(Unknown Source)&#10;        at org.apache.hadoop.ozone.protocolPB.StorageContainerDatanodeProtocolClientSideTranslatorPB.submitRequest(StorageContainerDatanodeProtocolClientSideTranslatorPB.java:117)&#10;        at org.apache.hadoop.ozone.protocolPB.StorageContainerDatanodeProtocolClientSideTranslatorPB.sendHeartbeat(StorageContainerDatanodeProtocolClientSideTranslatorPB.java:149)&#10;        at org.apache.hadoop.ozone.container.common.states.endpoint.HeartbeatEndpointTask.call(HeartbeatEndpointTask.java:180)&#10;        at org.apache.hadoop.ozone.container.common.states.endpoint.HeartbeatEndpointTask.call(HeartbeatEndpointTask.java:83)&#10;        at java.util.concurrent.FutureTask.run(FutureTask.java:266)&#10;        at java.util.concurrent.ThreadPoolExecutor.runWorker(ThreadPoolExecutor.java:1149)&#10;        at java.util.concurrent.ThreadPoolExecutor$Worker.run(ThreadPoolExecutor.java:624)&#10;        at java.lang.Thread.run(Thread.java:750)&#10;&quot;EndpointStateMachine task thread for /127.0.0.1:41237 - 0 &quot;  prio=5 tid=864 blocked&#10;java.lang.Thread.State: BLOCKED&#10;        at org.apache.hadoop.ipc.Client$Connection.addCall(Client.java:522)&#10;        at org.apache.hadoop.ipc.Client$Connection.access$3700(Client.java:414)&#10;        at org.apache.hadoop.ipc.Client.getConnection(Client.java:1634)&#10;        at org.apache.hadoop.ipc.Client.call(Client.java:1463)&#10;        at org.apache.hadoop.ipc.Client.call(Client.java:1416)&#10;        at org.apache.hadoop.ipc.ProtobufRpcEngine$Invoker.invoke(ProtobufRpcEngine.java:236)&#10;        at org.apache.hadoop.ipc.ProtobufRpcEngine$Invoker.invoke(ProtobufRpcEngine.java:123)&#10;        at com.sun.proxy.$Proxy48.submitRequest(Unknown Source)&#10;        at org.apache.hadoop.ozone.protocolPB.StorageContainerDatanodeProtocolClientSideTranslatorPB.submitRequest(StorageContainerDatanodeProtocolClientSideTranslatorPB.java:117)&#10;        at org.apache.hadoop.ozone.protocolPB.StorageContainerDatanodeProtocolClientSideTranslatorPB.sendHeartbeat(StorageContainerDatanodeProtocolClientSideTranslatorPB.java:149)&#10;        at org.apache.hadoop.ozone.container.common.states.endpoint.HeartbeatEndpointTask.call(HeartbeatEndpointTask.java:180)&#10;        at org.apache.hadoop.ozone.container.common.states.endpoint.HeartbeatEndpointTask.call(HeartbeatEndpointTask.java:83)&#10;        at java.util.concurrent.FutureTask.run(FutureTask.java:266)&#10;        at java.util.concurrent.ThreadPoolExecutor.runWorker(ThreadPoolExecutor.java:1149)&#10;        at java.util.concurrent.ThreadPoolExecutor$Worker.run(ThreadPoolExecutor.java:624)&#10;        at java.lang.Thread.run(Thread.java:750)&#10;&quot;SSL Certificates Store Monitor&quot; daemon prio=5 tid=692 in Object.wait()&#10;java.lang.Thread.State: WAITING (on object monitor)&#10;        at java.lang.Object.wait(Native Method)&#10;        at java.lang.Object.wait(Object.java:502)&#10;        at java.util.TimerThread.mainLoop(Timer.java:526)&#10;        at java.util.TimerThread.run(Timer.java:505)&#10;&quot;surefire-forkedjvm-command-thread&quot; daemon prio=5 tid=9 runnable&#10;java.lang.Thread.State: RUNNABLE&#10;        at java.io.FileInputStream.readBytes(Native Method)&#10;        at java.io.FileInputStream.read(FileInputStream.java:255)&#10;        at java.io.BufferedInputStream.fill(BufferedInputStream.java:246)&#10;        at java.io.BufferedInputStream.read(BufferedInputStream.java:265)&#10;        at java.io.DataInputStream.readInt(DataInputStream.java:387)&#10;        at org.apache.maven.surefire.booter.MasterProcessCommand.decode(MasterProcessCommand.java:115)&#10;        at org.apache.maven.surefire.booter.CommandReader$CommandRunnable.run(CommandReader.java:390)&#10;        at java.lang.Thread.run(Thread.java:750)&#10;&quot;Datanode ReportManager Thread - 4&quot; daemon prio=5 tid=832 in Object.wait()&#10;java.lang.Thread.State: WAITING (on object monitor)&#10;        at sun.misc.Unsafe.park(Native Method)&#10;        at java.util.concurrent.locks.LockSupport.park(LockSupport.java:175)&#10;        at java.util.concurrent.locks.AbstractQueuedSynchronizer$ConditionObject.await(AbstractQueuedSynchronizer.java:2039)&#10;        at java.util.concurrent.ScheduledThreadPoolExecutor$DelayedWorkQueue.take(ScheduledThreadPoolExecutor.java:1088)&#10;        at java.util.concurrent.ScheduledThreadPoolExecutor$DelayedWorkQueue.take(ScheduledThreadPoolExecutor.java:809)&#10;        at java.util.concurrent.ThreadPoolExecutor.getTask(ThreadPoolExecutor.java:1074)&#10;        at java.util.concurrent.ThreadPoolExecutor.runWorker(ThreadPoolExecutor.java:1134)&#10;        at java.util.concurrent.ThreadPoolExecutor$Worker.run(ThreadPoolExecutor.java:624)&#10;        at java.lang.Thread.run(Thread.java:750)&#10;&quot;Datanode ReportManager Thread - 4&quot; daemon prio=5 tid=759 in Object.wait()&#10;java.lang.Thread.State: WAITING (on object monitor)&#10;        at sun.misc.Unsafe.park(Native Method)&#10;        at java.util.concurrent.locks.LockSupport.park(LockSupport.java:175)&#10;        at java.util.concurrent.locks.AbstractQueuedSynchronizer$ConditionObject.await(AbstractQueuedSynchronizer.java:2039)&#10;        at java.util.concurrent.ScheduledThreadPoolExecutor$DelayedWorkQueue.take(ScheduledThreadPoolExecutor.java:1088)&#10;        at java.util.concurrent.ScheduledThreadPoolExecutor$DelayedWorkQueue.take(ScheduledThreadPoolExecutor.java:809)&#10;        at java.util.concurrent.ThreadPoolExecutor.getTask(ThreadPoolExecutor.java:1074)&#10;        at java.util.concurrent.ThreadPoolExecutor.runWorker(ThreadPoolExecutor.java:1134)&#10;        at java.util.concurrent.ThreadPoolExecutor$Worker.run(ThreadPoolExecutor.java:624)&#10;        at java.lang.Thread.run(Thread.java:750)&#10;&quot;FullTableCache Cleanup Thread - 0&quot; daemon prio=5 tid=1089 in Object.wait()&#10;java.lang.Thread.State: WAITING (on object monitor)&#10;        at sun.misc.Unsafe.park(Native Method)&#10;        at java.util.concurrent.locks.LockSupport.park(LockSupport.java:175)&#10;        at java.util.concurrent.locks.AbstractQueuedSynchronizer$ConditionObject.await(AbstractQueuedSynchronizer.java:2039)&#10;        at java.util.concurrent.LinkedBlockingQueue.take(LinkedBlockingQueue.java:442)&#10;        at java.util.concurrent.ThreadPoolExecutor.getTask(ThreadPoolExecutor.java:1074)&#10;        at java.util.concurrent.ThreadPoolExecutor.runWorker(ThreadPoolExecutor.java:1134)&#10;        at java.util.concurrent.ThreadPoolExecutor$Worker.run(ThreadPoolExecutor.java:624)&#10;        at java.lang.Thread.run(Thread.java:750)&#10;&quot;EndpointStateMachine task thread for /127.0.0.1:37109 - 0 &quot;  prio=5 tid=847 blocked&#10;java.lang.Thread.State: BLOCKED&#10;        at org.apache.hadoop.ipc.Client$Connection.addCall(Client.java:522)&#10;        at org.apache.hadoop.ipc.Client$Connection.access$3700(Client.java:414)&#10;        at org.apache.hadoop.ipc.Client.getConnection(Client.java:1634)&#10;        at org.apache.hadoop.ipc.Client.call(Client.java:1463)&#10;        at org.apache.hadoop.ipc.Client.call(Client.java:1416)&#10;        at org.apache.hadoop.ipc.ProtobufRpcEngine$Invoker.invoke(ProtobufRpcEngine.java:236)&#10;        at org.apache.hadoop.ipc.ProtobufRpcEngine$Invoker.invoke(ProtobufRpcEngine.java:123)&#10;        at com.sun.proxy.$Proxy48.submitRequest(Unknown Source)&#10;        at org.apache.hadoop.ozone.protocolPB.StorageContainerDatanodeProtocolClientSideTranslatorPB.submitRequest(StorageContainerDatanodeProtocolClientSideTranslatorPB.java:117)&#10;        at org.apache.hadoop.ozone.protocolPB.StorageContainerDatanodeProtocolClientSideTranslatorPB.sendHeartbeat(StorageContainerDatanodeProtocolClientSideTranslatorPB.java:149)&#10;        at org.apache.hadoop.ozone.container.common.states.endpoint.HeartbeatEndpointTask.call(HeartbeatEndpointTask.java:180)&#10;        at org.apache.hadoop.ozone.container.common.states.endpoint.HeartbeatEndpointTask.call(HeartbeatEndpointTask.java:83)&#10;        at java.util.concurrent.FutureTask.run(FutureTask.java:266)&#10;        at java.util.concurrent.ThreadPoolExecutor.runWorker(ThreadPoolExecutor.java:1149)&#10;        at java.util.concurrent.ThreadPoolExecutor$Worker.run(ThreadPoolExecutor.java:624)&#10;        at java.lang.Thread.run(Thread.java:750)&#10;&quot;org.apache.hadoop.ozone.container.common.statemachine.commandhandler.DeleteBlocksCommandHandler$DeleteCmdWorker@399ff6f7&quot; daemon prio=5 tid=743 runnable&#10;java.lang.Thread.State: RUNNABLE&#10;        at java.lang.Thread.sleep(Native Method)&#10;        at org.apache.hadoop.ozone.container.common.statemachine.commandhandler.DeleteBlocksCommandHandler$DeleteCmdWorker.run(DeleteBlocksCommandHandler.java:175)&#10;        at java.lang.Thread.run(Thread.java:750)&#10;&quot;IPC Parameter Sending Thread #1&quot; daemon prio=5 tid=852 timed_waiting&#10;java.lang.Thread.State: TIMED_WAITING&#10;        at sun.misc.Unsafe.park(Native Method)&#10;        at java.util.concurrent.locks.LockSupport.parkNanos(LockSupport.java:215)&#10;        at java.util.concurrent.SynchronousQueue$TransferStack.awaitFulfill(SynchronousQueue.java:460)&#10;        at java.util.concurrent.SynchronousQueue$TransferStack.transfer(SynchronousQueue.java:362)&#10;        at java.util.concurrent.SynchronousQueue.poll(SynchronousQueue.java:941)&#10;        at java.util.concurrent.ThreadPoolExecutor.getTask(ThreadPoolExecutor.java:1073)&#10;        at java.util.concurrent.ThreadPoolExecutor.runWorker(ThreadPoolExecutor.java:1134)&#10;        at java.util.concurrent.ThreadPoolExecutor$Worker.run(ThreadPoolExecutor.java:624)&#10;        at java.lang.Thread.run(Thread.java:750)&#10;&quot;Datanode ReportManager Thread - 4&quot; daemon prio=5 tid=805 in Object.wait()&#10;java.lang.Thread.State: WAITING (on object monitor)&#10;        at sun.misc.Unsafe.park(Native Method)&#10;        at java.util.concurrent.locks.LockSupport.park(LockSupport.java:175)&#10;        at java.util.concurrent.locks.AbstractQueuedSynchronizer$ConditionObject.await(AbstractQueuedSynchronizer.java:2039)&#10;        at java.util.concurrent.ScheduledThreadPoolExecutor$DelayedWorkQueue.take(ScheduledThreadPoolExecutor.java:1088)&#10;        at java.util.concurrent.ScheduledThreadPoolExecutor$DelayedWorkQueue.take(ScheduledThreadPoolExecutor.java:809)&#10;        at java.util.concurrent.ThreadPoolExecutor.getTask(ThreadPoolExecutor.java:1074)&#10;        at java.util.concurrent.ThreadPoolExecutor.runWorker(ThreadPoolExecutor.java:1134)&#10;        at java.util.concurrent.ThreadPoolExecutor$Worker.run(ThreadPoolExecutor.java:624)&#10;        at java.lang.Thread.run(Thread.java:750)&#10;&quot;org.apache.hadoop.ozone.container.common.statemachine.commandhandler.DeleteBlocksCommandHandler$DeleteCmdWorker@76204619&quot; daemon prio=5 tid=780 runnable&#10;java.lang.Thread.State: RUNNABLE&#10;        at java.lang.Thread.sleep(Native Method)&#10;        at org.apache.hadoop.ozone.container.common.statemachine.commandhandler.DeleteBlocksCommandHandler$DeleteCmdWorker.run(DeleteBlocksCommandHandler.java:175)&#10;        at java.lang.Thread.run(Thread.java:750)&#10;&quot;Datanode ReportManager Thread - 0&quot; daemon prio=5 tid=755 in Object.wait()&#10;java.lang.Thread.State: WAITING (on object monitor)&#10;        at sun.misc.Unsafe.park(Native Method)&#10;        at java.util.concurrent.locks.LockSupport.park(LockSupport.java:175)&#10;        at java.util.concurrent.locks.AbstractQueuedSynchronizer$ConditionObject.await(AbstractQueuedSynchronizer.java:2039)&#10;        at java.util.concurrent.ScheduledThreadPoolExecutor$DelayedWorkQueue.take(ScheduledThreadPoolExecutor.java:1088)&#10;        at java.util.concurrent.ScheduledThreadPoolExecutor$DelayedWorkQueue.take(ScheduledThreadPoolExecutor.java:809)&#10;        at java.util.concurrent.ThreadPoolExecutor.getTask(ThreadPoolExecutor.java:1074)&#10;        at java.util.concurrent.ThreadPoolExecutor.runWorker(ThreadPoolExecutor.java:1134)&#10;        at java.util.concurrent.ThreadPoolExecutor$Worker.run(ThreadPoolExecutor.java:624)&#10;        at java.lang.Thread.run(Thread.java:750)&#10;&quot;IPC Parameter Sending Thread #2&quot; daemon prio=5 tid=939 timed_waiting&#10;java.lang.Thread.State: TIMED_WAITING&#10;        at sun.misc.Unsafe.park(Native Method)&#10;        at java.util.concurrent.locks.LockSupport.parkNanos(LockSupport.java:215)&#10;        at java.util.concurrent.SynchronousQueue$TransferStack.awaitFulfill(SynchronousQueue.java:460)&#10;        at java.util.concurrent.SynchronousQueue$TransferStack.transfer(SynchronousQueue.java:362)&#10;        at java.util.concurrent.SynchronousQueue.poll(SynchronousQueue.java:941)&#10;        at java.util.concurrent.ThreadPoolExecutor.getTask(ThreadPoolExecutor.java:1073)&#10;        at java.util.concurrent.ThreadPoolExecutor.runWorker(ThreadPoolExecutor.java:1134)&#10;        at java.util.concurrent.ThreadPoolExecutor$Worker.run(ThreadPoolExecutor.java:624)&#10;        at java.lang.Thread.run(Thread.java:750)&#10;&quot;Datanode ReportManager Thread - 2&quot; daemon prio=5 tid=757 in Object.wait()&#10;java.lang.Thread.State: WAITING (on object monitor)&#10;        at sun.misc.Unsafe.park(Native Method)&#10;        at java.util.concurrent.locks.LockSupport.park(LockSupport.java:175)&#10;        at java.util.concurrent.locks.AbstractQueuedSynchronizer$ConditionObject.await(AbstractQueuedSynchronizer.java:2039)&#10;        at java.util.concurrent.ScheduledThreadPoolExecutor$DelayedWorkQueue.take(ScheduledThreadPoolExecutor.java:1088)&#10;        at java.util.concurrent.ScheduledThreadPoolExecutor$DelayedWorkQueue.take(ScheduledThreadPoolExecutor.java:809)&#10;        at java.util.concurrent.ThreadPoolExecutor.getTask(ThreadPoolExecutor.java:1074)&#10;        at java.util.concurrent.ThreadPoolExecutor.runWorker(ThreadPoolExecutor.java:1134)&#10;        at java.util.concurrent.ThreadPoolExecutor$Worker.run(ThreadPoolExecutor.java:624)&#10;        at java.lang.Thread.run(Thread.java:750)&#10;&quot;EndpointStateMachine task thread for /127.0.0.1:39049 - 0 &quot;  prio=5 tid=865 in Object.wait()&#10;java.lang.Thread.State: WAITING (on object monitor)&#10;        at sun.misc.Unsafe.park(Native Method)&#10;        at java.util.concurrent.locks.LockSupport.park(LockSupport.java:175)&#10;        at java.util.concurrent.locks.AbstractQueuedSynchronizer$ConditionObject.await(AbstractQueuedSynchronizer.java:2039)&#10;        at java.util.concurrent.LinkedBlockingQueue.take(LinkedBlockingQueue.java:442)&#10;        at java.util.concurrent.ThreadPoolExecutor.getTask(ThreadPoolExecutor.java:1074)&#10;        at java.util.concurrent.ThreadPoolExecutor.runWorker(ThreadPoolExecutor.java:1134)&#10;        at java.util.concurrent.ThreadPoolExecutor$Worker.run(ThreadPoolExecutor.java:624)&#10;        at java.lang.Thread.run(Thread.java:750)&#10;&#10;" type="java.util.concurrent.TimeoutException">java.util.concurrent.TimeoutException: 
Timed out waiting for condition. Thread diagnostics:
Timestamp: 2022-03-03 02:19:19,385

"EndpointStateMachine task thread for /127.0.0.1:37109 - 0 "  prio=5 tid=885 timed_waiting
java.lang.Thread.State: TIMED_WAITING
        at java.lang.Thread.sleep(Native Method)
        at org.apache.hadoop.ipc.Client$Connection.handleConnectionFailure(Client.java:972)
        at org.apache.hadoop.ipc.Client$Connection.setupConnection(Client.java:724)
        at org.apache.hadoop.ipc.Client$Connection.setupIOstreams(Client.java:822)
        at org.apache.hadoop.ipc.Client$Connection.access$3800(Client.java:414)
        at org.apache.hadoop.ipc.Client.getConnection(Client.java:1647)
        at org.apache.hadoop.ipc.Client.call(Client.java:1463)
        at org.apache.hadoop.ipc.Client.call(Client.java:1416)
        at org.apache.hadoop.ipc.ProtobufRpcEngine$Invoker.invoke(ProtobufRpcEngine.java:236)
        at org.apache.hadoop.ipc.ProtobufRpcEngine$Invoker.invoke(ProtobufRpcEngine.java:123)
        at com.sun.proxy.$Proxy48.submitRequest(Unknown Source)
        at org.apache.hadoop.ozone.protocolPB.StorageContainerDatanodeProtocolClientSideTranslatorPB.submitRequest(StorageContainerDatanodeProtocolClientSideTranslatorPB.java:117)
        at org.apache.hadoop.ozone.protocolPB.StorageContainerDatanodeProtocolClientSideTranslatorPB.sendHeartbeat(StorageContainerDatanodeProtocolClientSideTranslatorPB.java:149)
        at org.apache.hadoop.ozone.container.common.states.endpoint.HeartbeatEndpointTask.call(HeartbeatEndpointTask.java:180)
        at org.apache.hadoop.ozone.container.common.states.endpoint.HeartbeatEndpointTask.call(HeartbeatEndpointTask.java:83)
        at java.util.concurrent.FutureTask.run(FutureTask.java:266)
        at java.util.concurrent.ThreadPoolExecutor.runWorker(ThreadPoolExecutor.java:1149)
        at java.util.concurrent.ThreadPoolExecutor$Worker.run(ThreadPoolExecutor.java:624)
        at java.lang.Thread.run(Thread.java:750)
"Datanode ReportManager Thread - 2" daemon prio=5 tid=830 in Object.wait()
java.lang.Thread.State: WAITING (on object monitor)
        at sun.misc.Unsafe.park(Native Method)
        at java.util.concurrent.locks.LockSupport.park(LockSupport.java:175)
        at java.util.concurrent.locks.AbstractQueuedSynchronizer$ConditionObject.await(AbstractQueuedSynchronizer.java:2039)
        at java.util.concurrent.ScheduledThreadPoolExecutor$DelayedWorkQueue.take(ScheduledThreadPoolExecutor.java:1088)
        at java.util.concurrent.ScheduledThreadPoolExecutor$DelayedWorkQueue.take(ScheduledThreadPoolExecutor.java:809)
        at java.util.concurrent.ThreadPoolExecutor.getTask(ThreadPoolExecutor.java:1074)
        at java.util.concurrent.ThreadPoolExecutor.runWorker(ThreadPoolExecutor.java:1134)
        at java.util.concurrent.ThreadPoolExecutor$Worker.run(ThreadPoolExecutor.java:624)
        at java.lang.Thread.run(Thread.java:750)
"java.util.concurrent.ThreadPoolExecutor$Worker@4259ca0f[State = -1, empty queue]" daemon prio=5 tid=1012 timed_waiting
java.lang.Thread.State: TIMED_WAITING
        at sun.misc.Unsafe.park(Native Method)
        at java.util.concurrent.locks.LockSupport.parkNanos(LockSupport.java:215)
        at java.util.concurrent.locks.AbstractQueuedSynchronizer$ConditionObject.awaitNanos(AbstractQueuedSynchronizer.java:2078)
        at java.util.concurrent.ScheduledThreadPoolExecutor$DelayedWorkQueue.take(ScheduledThreadPoolExecutor.java:1093)
        at java.util.concurrent.ScheduledThreadPoolExecutor$DelayedWorkQueue.take(ScheduledThreadPoolExecutor.java:809)
        at java.util.concurrent.ThreadPoolExecutor.getTask(ThreadPoolExecutor.java:1074)
        at java.util.concurrent.ThreadPoolExecutor.runWorker(ThreadPoolExecutor.java:1134)
        at java.util.concurrent.ThreadPoolExecutor$Worker.run(ThreadPoolExecutor.java:624)
        at java.lang.Thread.run(Thread.java:750)
"FullTableCache Cleanup Thread - 0" daemon prio=5 tid=1090 in Object.wait()
java.lang.Thread.State: WAITING (on object monitor)
        at sun.misc.Unsafe.park(Native Method)
        at java.util.concurrent.locks.LockSupport.park(LockSupport.java:175)
        at java.util.concurrent.locks.AbstractQueuedSynchronizer$ConditionObject.await(AbstractQueuedSynchronizer.java:2039)
        at java.util.concurrent.LinkedBlockingQueue.take(LinkedBlockingQueue.java:442)
        at java.util.concurrent.ThreadPoolExecutor.getTask(ThreadPoolExecutor.java:1074)
        at java.util.concurrent.ThreadPoolExecutor.runWorker(ThreadPoolExecutor.java:1134)
        at java.util.concurrent.ThreadPoolExecutor$Worker.run(ThreadPoolExecutor.java:624)
        at java.lang.Thread.run(Thread.java:750)
"Datanode ReportManager Thread - 3" daemon prio=5 tid=804 timed_waiting
java.lang.Thread.State: TIMED_WAITING
        at sun.misc.Unsafe.park(Native Method)
        at java.util.concurrent.locks.LockSupport.parkNanos(LockSupport.java:215)
        at java.util.concurrent.locks.AbstractQueuedSynchronizer$ConditionObject.awaitNanos(AbstractQueuedSynchronizer.java:2078)
        at java.util.concurrent.ScheduledThreadPoolExecutor$DelayedWorkQueue.take(ScheduledThreadPoolExecutor.java:1093)
        at java.util.concurrent.ScheduledThreadPoolExecutor$DelayedWorkQueue.take(ScheduledThreadPoolExecutor.java:809)
        at java.util.concurrent.ThreadPoolExecutor.getTask(ThreadPoolExecutor.java:1074)
        at java.util.concurrent.ThreadPoolExecutor.runWorker(ThreadPoolExecutor.java:1134)
        at java.util.concurrent.ThreadPoolExecutor$Worker.run(ThreadPoolExecutor.java:624)
        at java.lang.Thread.run(Thread.java:750)
"process reaper" daemon prio=10 tid=11 timed_waiting
java.lang.Thread.State: TIMED_WAITING
        at sun.misc.Unsafe.park(Native Method)
        at java.util.concurrent.locks.LockSupport.parkNanos(LockSupport.java:215)
        at java.util.concurrent.SynchronousQueue$TransferStack.awaitFulfill(SynchronousQueue.java:460)
        at java.util.concurrent.SynchronousQueue$TransferStack.transfer(SynchronousQueue.java:362)
        at java.util.concurrent.SynchronousQueue.poll(SynchronousQueue.java:941)
        at java.util.concurrent.ThreadPoolExecutor.getTask(ThreadPoolExecutor.java:1073)
        at java.util.concurrent.ThreadPoolExecutor.runWorker(ThreadPoolExecutor.java:1134)
        at java.util.concurrent.ThreadPoolExecutor$Worker.run(ThreadPoolExecutor.java:624)
        at java.lang.Thread.run(Thread.java:750)
"SSL Certificates Store Monitor" daemon prio=5 tid=643 in Object.wait()
java.lang.Thread.State: WAITING (on object monitor)
        at java.lang.Object.wait(Native Method)
        at java.lang.Object.wait(Object.java:502)
        at java.util.TimerThread.mainLoop(Timer.java:526)
        at java.util.TimerThread.run(Timer.java:505)
"Datanode ReportManager Thread - 2" daemon prio=5 tid=803 in Object.wait()
java.lang.Thread.State: WAITING (on object monitor)
        at sun.misc.Unsafe.park(Native Method)
        at java.util.concurrent.locks.LockSupport.park(LockSupport.java:175)
        at java.util.concurrent.locks.AbstractQueuedSynchronizer$ConditionObject.await(AbstractQueuedSynchronizer.java:2039)
        at java.util.concurrent.ScheduledThreadPoolExecutor$DelayedWorkQueue.take(ScheduledThreadPoolExecutor.java:1088)
        at java.util.concurrent.ScheduledThreadPoolExecutor$DelayedWorkQueue.take(ScheduledThreadPoolExecutor.java:809)
        at java.util.concurrent.ThreadPoolExecutor.getTask(ThreadPoolExecutor.java:1074)
        at java.util.concurrent.ThreadPoolExecutor.runWorker(ThreadPoolExecutor.java:1134)
        at java.util.concurrent.ThreadPoolExecutor$Worker.run(ThreadPoolExecutor.java:624)
        at java.lang.Thread.run(Thread.java:750)
"org.apache.hadoop.ozone.container.common.statemachine.commandhandler.DeleteBlocksCommandHandler$DeleteCmdWorker@662dcd6c" daemon prio=5 tid=816 runnable
java.lang.Thread.State: RUNNABLE
        at java.lang.Thread.sleep(Native Method)
        at org.apache.hadoop.ozone.container.common.statemachine.commandhandler.DeleteBlocksCommandHandler$DeleteCmdWorker.run(DeleteBlocksCommandHandler.java:175)
        at java.lang.Thread.run(Thread.java:750)
"Datanode ReportManager Thread - 0" daemon prio=5 tid=801 in Object.wait()
java.lang.Thread.State: WAITING (on object monitor)
        at sun.misc.Unsafe.park(Native Method)
        at java.util.concurrent.locks.LockSupport.park(LockSupport.java:175)
        at java.util.concurrent.locks.AbstractQueuedSynchronizer$ConditionObject.await(AbstractQueuedSynchronizer.java:2039)
        at java.util.concurrent.ScheduledThreadPoolExecutor$DelayedWorkQueue.take(ScheduledThreadPoolExecutor.java:1088)
        at java.util.concurrent.ScheduledThreadPoolExecutor$DelayedWorkQueue.take(ScheduledThreadPoolExecutor.java:809)
        at java.util.concurrent.ThreadPoolExecutor.getTask(ThreadPoolExecutor.java:1074)
        at java.util.concurrent.ThreadPoolExecutor.runWorker(ThreadPoolExecutor.java:1134)
        at java.util.concurrent.ThreadPoolExecutor$Worker.run(ThreadPoolExecutor.java:624)
        at java.lang.Thread.run(Thread.java:750)
"Finalizer" daemon prio=8 tid=3 in Object.wait()
java.lang.Thread.State: WAITING (on object monitor)
        at java.lang.Object.wait(Native Method)
        at java.lang.ref.ReferenceQueue.remove(ReferenceQueue.java:144)
        at java.lang.ref.ReferenceQueue.remove(ReferenceQueue.java:165)
        at java.lang.ref.Finalizer$FinalizerThread.run(Finalizer.java:216)
"FullTableCache Cleanup Thread - 0" daemon prio=5 tid=1094 in Object.wait()
java.lang.Thread.State: WAITING (on object monitor)
        at sun.misc.Unsafe.park(Native Method)
        at java.util.concurrent.locks.LockSupport.park(LockSupport.java:175)
        at java.util.concurrent.locks.AbstractQueuedSynchronizer$ConditionObject.await(AbstractQueuedSynchronizer.java:2039)
        at java.util.concurrent.LinkedBlockingQueue.take(LinkedBlockingQueue.java:442)
        at java.util.concurrent.ThreadPoolExecutor.getTask(ThreadPoolExecutor.java:1074)
        at java.util.concurrent.ThreadPoolExecutor.runWorker(ThreadPoolExecutor.java:1134)
        at java.util.concurrent.ThreadPoolExecutor$Worker.run(ThreadPoolExecutor.java:624)
        at java.lang.Thread.run(Thread.java:750)
"EndpointStateMachine task thread for /127.0.0.1:37109 - 0 "  prio=5 tid=866 blocked
java.lang.Thread.State: BLOCKED
        at org.apache.hadoop.ipc.Client$Connection.addCall(Client.java:522)
        at org.apache.hadoop.ipc.Client$Connection.access$3700(Client.java:414)
        at org.apache.hadoop.ipc.Client.getConnection(Client.java:1634)
        at org.apache.hadoop.ipc.Client.call(Client.java:1463)
        at org.apache.hadoop.ipc.Client.call(Client.java:1416)
        at org.apache.hadoop.ipc.ProtobufRpcEngine$Invoker.invoke(ProtobufRpcEngine.java:236)
        at org.apache.hadoop.ipc.ProtobufRpcEngine$Invoker.invoke(ProtobufRpcEngine.java:123)
        at com.sun.proxy.$Proxy48.submitRequest(Unknown Source)
        at org.apache.hadoop.ozone.protocolPB.StorageContainerDatanodeProtocolClientSideTranslatorPB.submitRequest(StorageContainerDatanodeProtocolClientSideTranslatorPB.java:117)
        at org.apache.hadoop.ozone.protocolPB.StorageContainerDatanodeProtocolClientSideTranslatorPB.sendHeartbeat(StorageContainerDatanodeProtocolClientSideTranslatorPB.java:149)
        at org.apache.hadoop.ozone.container.common.states.endpoint.HeartbeatEndpointTask.call(HeartbeatEndpointTask.java:180)
        at org.apache.hadoop.ozone.container.common.states.endpoint.HeartbeatEndpointTask.call(HeartbeatEndpointTask.java:83)
        at java.util.concurrent.FutureTask.run(FutureTask.java:266)
        at java.util.concurrent.ThreadPoolExecutor.runWorker(ThreadPoolExecutor.java:1149)
        at java.util.concurrent.ThreadPoolExecutor$Worker.run(ThreadPoolExecutor.java:624)
        at java.lang.Thread.run(Thread.java:750)
"Signal Dispatcher" daemon prio=9 tid=4 runnable
java.lang.Thread.State: RUNNABLE
"EndpointStateMachine task thread for /127.0.0.1:39049 - 0 "  prio=5 tid=886 blocked
java.lang.Thread.State: BLOCKED
        at org.apache.hadoop.ipc.Client$Connection.addCall(Client.java:522)
        at org.apache.hadoop.ipc.Client$Connection.access$3700(Client.java:414)
        at org.apache.hadoop.ipc.Client.getConnection(Client.java:1634)
        at org.apache.hadoop.ipc.Client.call(Client.java:1463)
        at org.apache.hadoop.ipc.Client.call(Client.java:1416)
        at org.apache.hadoop.ipc.ProtobufRpcEngine$Invoker.invoke(ProtobufRpcEngine.java:236)
        at org.apache.hadoop.ipc.ProtobufRpcEngine$Invoker.invoke(ProtobufRpcEngine.java:123)
        at com.sun.proxy.$Proxy48.submitRequest(Unknown Source)
        at org.apache.hadoop.ozone.protocolPB.StorageContainerDatanodeProtocolClientSideTranslatorPB.submitRequest(StorageContainerDatanodeProtocolClientSideTranslatorPB.java:117)
        at org.apache.hadoop.ozone.protocolPB.StorageContainerDatanodeProtocolClientSideTranslatorPB.sendHeartbeat(StorageContainerDatanodeProtocolClientSideTranslatorPB.java:149)
        at org.apache.hadoop.ozone.container.common.states.endpoint.HeartbeatEndpointTask.call(HeartbeatEndpointTask.java:180)
        at org.apache.hadoop.ozone.container.common.states.endpoint.HeartbeatEndpointTask.call(HeartbeatEndpointTask.java:83)
        at java.util.concurrent.FutureTask.run(FutureTask.java:266)
        at java.util.concurrent.ThreadPoolExecutor.runWorker(ThreadPoolExecutor.java:1149)
        at java.util.concurrent.ThreadPoolExecutor$Worker.run(ThreadPoolExecutor.java:624)
        at java.lang.Thread.run(Thread.java:750)
"EndpointStateMachine task thread for /127.0.0.1:41237 - 0 "  prio=5 tid=846 blocked
java.lang.Thread.State: BLOCKED
        at org.apache.hadoop.ipc.Client$Connection.addCall(Client.java:522)
        at org.apache.hadoop.ipc.Client$Connection.access$3700(Client.java:414)
        at org.apache.hadoop.ipc.Client.getConnection(Client.java:1634)
        at org.apache.hadoop.ipc.Client.call(Client.java:1463)
        at org.apache.hadoop.ipc.Client.call(Client.java:1416)
        at org.apache.hadoop.ipc.ProtobufRpcEngine$Invoker.invoke(ProtobufRpcEngine.java:236)
        at org.apache.hadoop.ipc.ProtobufRpcEngine$Invoker.invoke(ProtobufRpcEngine.java:123)
        at com.sun.proxy.$Proxy48.submitRequest(Unknown Source)
        at org.apache.hadoop.ozone.protocolPB.StorageContainerDatanodeProtocolClientSideTranslatorPB.submitRequest(StorageContainerDatanodeProtocolClientSideTranslatorPB.java:117)
        at org.apache.hadoop.ozone.protocolPB.StorageContainerDatanodeProtocolClientSideTranslatorPB.sendHeartbeat(StorageContainerDatanodeProtocolClientSideTranslatorPB.java:149)
        at org.apache.hadoop.ozone.container.common.states.endpoint.HeartbeatEndpointTask.call(HeartbeatEndpointTask.java:180)
        at org.apache.hadoop.ozone.container.common.states.endpoint.HeartbeatEndpointTask.call(HeartbeatEndpointTask.java:83)
        at java.util.concurrent.FutureTask.run(FutureTask.java:266)
        at java.util.concurrent.ThreadPoolExecutor.runWorker(ThreadPoolExecutor.java:1149)
        at java.util.concurrent.ThreadPoolExecutor$Worker.run(ThreadPoolExecutor.java:624)
        at java.lang.Thread.run(Thread.java:750)
"EndpointStateMachine task thread for /127.0.0.1:41237 - 0 "  prio=5 tid=884 timed_waiting
java.lang.Thread.State: TIMED_WAITING
        at java.lang.Thread.sleep(Native Method)
        at org.apache.hadoop.ipc.Client$Connection.handleConnectionFailure(Client.java:972)
        at org.apache.hadoop.ipc.Client$Connection.setupConnection(Client.java:724)
        at org.apache.hadoop.ipc.Client$Connection.setupIOstreams(Client.java:822)
        at org.apache.hadoop.ipc.Client$Connection.access$3800(Client.java:414)
        at org.apache.hadoop.ipc.Client.getConnection(Client.java:1647)
        at org.apache.hadoop.ipc.Client.call(Client.java:1463)
        at org.apache.hadoop.ipc.Client.call(Client.java:1416)
        at org.apache.hadoop.ipc.ProtobufRpcEngine$Invoker.invoke(ProtobufRpcEngine.java:236)
        at org.apache.hadoop.ipc.ProtobufRpcEngine$Invoker.invoke(ProtobufRpcEngine.java:123)
        at com.sun.proxy.$Proxy48.submitRequest(Unknown Source)
        at org.apache.hadoop.ozone.protocolPB.StorageContainerDatanodeProtocolClientSideTranslatorPB.submitRequest(StorageContainerDatanodeProtocolClientSideTranslatorPB.java:117)
        at org.apache.hadoop.ozone.protocolPB.StorageContainerDatanodeProtocolClientSideTranslatorPB.sendHeartbeat(StorageContainerDatanodeProtocolClientSideTranslatorPB.java:149)
        at org.apache.hadoop.ozone.container.common.states.endpoint.HeartbeatEndpointTask.call(HeartbeatEndpointTask.java:180)
        at org.apache.hadoop.ozone.container.common.states.endpoint.HeartbeatEndpointTask.call(HeartbeatEndpointTask.java:83)
        at java.util.concurrent.FutureTask.run(FutureTask.java:266)
        at java.util.concurrent.ThreadPoolExecutor.runWorker(ThreadPoolExecutor.java:1149)
        at java.util.concurrent.ThreadPoolExecutor$Worker.run(ThreadPoolExecutor.java:624)
        at java.lang.Thread.run(Thread.java:750)
"Datanode ReportManager Thread - 3" daemon prio=5 tid=831 in Object.wait()
java.lang.Thread.State: WAITING (on object monitor)
        at sun.misc.Unsafe.park(Native Method)
        at java.util.concurrent.locks.LockSupport.park(LockSupport.java:175)
        at java.util.concurrent.locks.AbstractQueuedSynchronizer$ConditionObject.await(AbstractQueuedSynchronizer.java:2039)
        at java.util.concurrent.ScheduledThreadPoolExecutor$DelayedWorkQueue.take(ScheduledThreadPoolExecutor.java:1088)
        at java.util.concurrent.ScheduledThreadPoolExecutor$DelayedWorkQueue.take(ScheduledThreadPoolExecutor.java:809)
        at java.util.concurrent.ThreadPoolExecutor.getTask(ThreadPoolExecutor.java:1074)
        at java.util.concurrent.ThreadPoolExecutor.runWorker(ThreadPoolExecutor.java:1134)
        at java.util.concurrent.ThreadPoolExecutor$Worker.run(ThreadPoolExecutor.java:624)
        at java.lang.Thread.run(Thread.java:750)
"Datanode ReportManager Thread - 1" daemon prio=5 tid=756 timed_waiting
java.lang.Thread.State: TIMED_WAITING
        at sun.misc.Unsafe.park(Native Method)
        at java.util.concurrent.locks.LockSupport.parkNanos(LockSupport.java:215)
        at java.util.concurrent.locks.AbstractQueuedSynchronizer$ConditionObject.awaitNanos(AbstractQueuedSynchronizer.java:2078)
        at java.util.concurrent.ScheduledThreadPoolExecutor$DelayedWorkQueue.take(ScheduledThreadPoolExecutor.java:1093)
        at java.util.concurrent.ScheduledThreadPoolExecutor$DelayedWorkQueue.take(ScheduledThreadPoolExecutor.java:809)
        at java.util.concurrent.ThreadPoolExecutor.getTask(ThreadPoolExecutor.java:1074)
        at java.util.concurrent.ThreadPoolExecutor.runWorker(ThreadPoolExecutor.java:1134)
        at java.util.concurrent.ThreadPoolExecutor$Worker.run(ThreadPoolExecutor.java:624)
        at java.lang.Thread.run(Thread.java:750)
"Listener at 127.0.0.1/34469" daemon prio=5 tid=13 runnable
java.lang.Thread.State: RUNNABLE
        at java.lang.Thread.dumpThreads(Native Method)
        at java.lang.Thread.getAllStackTraces(Thread.java:1615)
        at org.apache.ozone.test.TimedOutTestsListener.buildThreadDump(TimedOutTestsListener.java:93)
        at org.apache.ozone.test.TimedOutTestsListener.buildThreadDiagnosticString(TimedOutTestsListener.java:79)
        at org.apache.ozone.test.GenericTestUtils.waitFor(GenericTestUtils.java:225)
        at org.apache.hadoop.ozone.parser.TestOzoneHARatisLogParser.testRatisLogParsing(TestOzoneHARatisLogParser.java:129)
        at sun.reflect.NativeMethodAccessorImpl.invoke0(Native Method)
        at sun.reflect.NativeMethodAccessorImpl.invoke(NativeMethodAccessorImpl.java:62)
        at sun.reflect.DelegatingMethodAccessorImpl.invoke(DelegatingMethodAccessorImpl.java:43)
        at java.lang.reflect.Method.invoke(Method.java:498)
        at org.junit.runners.model.FrameworkMethod$1.runReflectiveCall(FrameworkMethod.java:59)
        at org.junit.internal.runners.model.ReflectiveCallable.run(ReflectiveCallable.java:12)
        at org.junit.runners.model.FrameworkMethod.invokeExplosively(FrameworkMethod.java:56)
        at org.junit.internal.runners.statements.InvokeMethod.evaluate(InvokeMethod.java:17)
        at org.junit.internal.runners.statements.RunBefores.evaluate(RunBefores.java:26)
        at org.junit.internal.runners.statements.RunAfters.evaluate(RunAfters.java:27)
        at org.junit.internal.runners.statements.FailOnTimeout$CallableStatement.call(FailOnTimeout.java:288)
        at org.junit.internal.runners.statements.FailOnTimeout$CallableStatement.call(FailOnTimeout.java:282)
        at java.util.concurrent.FutureTask.run(FutureTask.java:266)
        at java.lang.Thread.run(Thread.java:750)
"main"  prio=5 tid=1 timed_waiting
java.lang.Thread.State: TIMED_WAITING
        at sun.misc.Unsafe.park(Native Method)
        at java.util.concurrent.locks.LockSupport.parkNanos(LockSupport.java:215)
        at java.util.concurrent.FutureTask.awaitDone(FutureTask.java:426)
        at java.util.concurrent.FutureTask.get(FutureTask.java:204)
        at org.junit.internal.runners.statements.FailOnTimeout.getResult(FailOnTimeout.java:156)
        at org.junit.internal.runners.statements.FailOnTimeout.evaluate(FailOnTimeout.java:129)
        at org.junit.runners.ParentRunner$3.evaluate(ParentRunner.java:306)
        at org.junit.runners.BlockJUnit4ClassRunner$1.evaluate(BlockJUnit4ClassRunner.java:100)
        at org.junit.runners.ParentRunner.runLeaf(ParentRunner.java:366)
        at org.junit.runners.BlockJUnit4ClassRunner.runChild(BlockJUnit4ClassRunner.java:103)
        at org.junit.runners.BlockJUnit4ClassRunner.runChild(BlockJUnit4ClassRunner.java:63)
        at org.junit.runners.ParentRunner$4.run(ParentRunner.java:331)
        at org.junit.runners.ParentRunner$1.schedule(ParentRunner.java:79)
        at org.junit.runners.ParentRunner.runChildren(ParentRunner.java:329)
        at org.junit.runners.ParentRunner.access$100(ParentRunner.java:66)
        at org.junit.runners.ParentRunner$2.evaluate(ParentRunner.java:293)
        at org.junit.runners.ParentRunner$3.evaluate(ParentRunner.java:306)
        at org.junit.runners.ParentRunner.run(ParentRunner.java:413)
        at org.junit.runner.JUnitCore.run(JUnitCore.java:137)
        at org.junit.runner.JUnitCore.run(JUnitCore.java:115)
        at org.junit.vintage.engine.execution.RunnerExecutor.execute(RunnerExecutor.java:43)
        at org.junit.vintage.engine.VintageTestEngine$$Lambda$193/366873404.accept(Unknown Source)
        at java.util.stream.ForEachOps$ForEachOp$OfRef.accept(ForEachOps.java:183)
        at java.util.stream.ReferencePipeline$3$1.accept(ReferencePipeline.java:193)
        at java.util.Iterator.forEachRemaining(Iterator.java:116)
        at java.util.Spliterators$IteratorSpliterator.forEachRemaining(Spliterators.java:1801)
        at java.util.stream.AbstractPipeline.copyInto(AbstractPipeline.java:482)
        at java.util.stream.AbstractPipeline.wrapAndCopyInto(AbstractPipeline.java:472)
        at java.util.stream.ForEachOps$ForEachOp.evaluateSequential(ForEachOps.java:150)
        at java.util.stream.ForEachOps$ForEachOp$OfRef.evaluateSequential(ForEachOps.java:173)
        at java.util.stream.AbstractPipeline.evaluate(AbstractPipeline.java:234)
        at java.util.stream.ReferencePipeline.forEach(ReferencePipeline.java:485)
        at org.junit.vintage.engine.VintageTestEngine.executeAllChildren(VintageTestEngine.java:82)
        at org.junit.vintage.engine.VintageTestEngine.execute(VintageTestEngine.java:73)
        at org.junit.platform.launcher.core.EngineExecutionOrchestrator.execute(EngineExecutionOrchestrator.java:108)
        at org.junit.platform.launcher.core.EngineExecutionOrchestrator.execute(EngineExecutionOrchestrator.java:88)
        at org.junit.platform.launcher.core.EngineExecutionOrchestrator.lambda$execute$0(EngineExecutionOrchestrator.java:54)
        at org.junit.platform.launcher.core.EngineExecutionOrchestrator$$Lambda$141/1337335626.accept(Unknown Source)
        at org.junit.platform.launcher.core.EngineExecutionOrchestrator.withInterceptedStreams(EngineExecutionOrchestrator.java:67)
        at org.junit.platform.launcher.core.EngineExecutionOrchestrator.execute(EngineExecutionOrchestrator.java:52)
        at org.junit.platform.launcher.core.DefaultLauncher.execute(DefaultLauncher.java:96)
        at org.junit.platform.launcher.core.DefaultLauncher.execute(DefaultLauncher.java:75)
        at org.apache.maven.surefire.junitplatform.JUnitPlatformProvider.invokeAllTests(JUnitPlatformProvider.java:142)
        at org.apache.maven.surefire.junitplatform.JUnitPlatformProvider.invoke(JUnitPlatformProvider.java:113)
        at org.apache.maven.surefire.booter.ForkedBooter.invokeProviderInSameClassLoader(ForkedBooter.java:384)
        at org.apache.maven.surefire.booter.ForkedBooter.runSuitesInProcess(ForkedBooter.java:345)
        at org.apache.maven.surefire.booter.ForkedBooter.execute(ForkedBooter.java:126)
        at org.apache.maven.surefire.booter.ForkedBooter.main(ForkedBooter.java:418)
"Datanode ReportManager Thread - 1" daemon prio=5 tid=802 in Object.wait()
java.lang.Thread.State: WAITING (on object monitor)
        at sun.misc.Unsafe.park(Native Method)
        at java.util.concurrent.locks.LockSupport.park(LockSupport.java:175)
        at java.util.concurrent.locks.AbstractQueuedSynchronizer$ConditionObject.await(AbstractQueuedSynchronizer.java:2039)
        at java.util.concurrent.ScheduledThreadPoolExecutor$DelayedWorkQueue.take(ScheduledThreadPoolExecutor.java:1088)
        at java.util.concurrent.ScheduledThreadPoolExecutor$DelayedWorkQueue.take(ScheduledThreadPoolExecutor.java:809)
        at java.util.concurrent.ThreadPoolExecutor.getTask(ThreadPoolExecutor.java:1074)
        at java.util.concurrent.ThreadPoolExecutor.runWorker(ThreadPoolExecutor.java:1134)
        at java.util.concurrent.ThreadPoolExecutor$Worker.run(ThreadPoolExecutor.java:624)
        at java.lang.Thread.run(Thread.java:750)
"Reference Handler" daemon prio=10 tid=2 in Object.wait()
java.lang.Thread.State: WAITING (on object monitor)
        at java.lang.Object.wait(Native Method)
        at java.lang.Object.wait(Object.java:502)
        at java.lang.ref.Reference.tryHandlePending(Reference.java:191)
        at java.lang.ref.Reference$ReferenceHandler.run(Reference.java:153)
"Datanode ReportManager Thread - 1" daemon prio=5 tid=829 in Object.wait()
java.lang.Thread.State: WAITING (on object monitor)
        at sun.misc.Unsafe.park(Native Method)
        at java.util.concurrent.locks.LockSupport.park(LockSupport.java:175)
        at java.util.concurrent.locks.AbstractQueuedSynchronizer$ConditionObject.await(AbstractQueuedSynchronizer.java:2039)
        at java.util.concurrent.ScheduledThreadPoolExecutor$DelayedWorkQueue.take(ScheduledThreadPoolExecutor.java:1088)
        at java.util.concurrent.ScheduledThreadPoolExecutor$DelayedWorkQueue.take(ScheduledThreadPoolExecutor.java:809)
        at java.util.concurrent.ThreadPoolExecutor.getTask(ThreadPoolExecutor.java:1074)
        at java.util.concurrent.ThreadPoolExecutor.runWorker(ThreadPoolExecutor.java:1134)
        at java.util.concurrent.ThreadPoolExecutor$Worker.run(ThreadPoolExecutor.java:624)
        at java.lang.Thread.run(Thread.java:750)
"IPC Parameter Sending Thread #0" daemon prio=5 tid=262 timed_waiting
java.lang.Thread.State: TIMED_WAITING
        at sun.misc.Unsafe.park(Native Method)
        at java.util.concurrent.locks.LockSupport.parkNanos(LockSupport.java:215)
        at java.util.concurrent.SynchronousQueue$TransferStack.awaitFulfill(SynchronousQueue.java:460)
        at java.util.concurrent.SynchronousQueue$TransferStack.transfer(SynchronousQueue.java:362)
        at java.util.concurrent.SynchronousQueue.poll(SynchronousQueue.java:941)
        at java.util.concurrent.ThreadPoolExecutor.getTask(ThreadPoolExecutor.java:1073)
        at java.util.concurrent.ThreadPoolExecutor.runWorker(ThreadPoolExecutor.java:1134)
        at java.util.concurrent.ThreadPoolExecutor$Worker.run(ThreadPoolExecutor.java:624)
        at java.lang.Thread.run(Thread.java:750)
"FullTableCache Cleanup Thread - 0" daemon prio=5 tid=1096 in Object.wait()
java.lang.Thread.State: WAITING (on object monitor)
        at sun.misc.Unsafe.park(Native Method)
        at java.util.concurrent.locks.LockSupport.park(LockSupport.java:175)
        at java.util.concurrent.locks.AbstractQueuedSynchronizer$ConditionObject.await(AbstractQueuedSynchronizer.java:2039)
        at java.util.concurrent.LinkedBlockingQueue.take(LinkedBlockingQueue.java:442)
        at java.util.concurrent.ThreadPoolExecutor.getTask(ThreadPoolExecutor.java:1074)
        at java.util.concurrent.ThreadPoolExecutor.runWorker(ThreadPoolExecutor.java:1134)
        at java.util.concurrent.ThreadPoolExecutor$Worker.run(ThreadPoolExecutor.java:624)
        at java.lang.Thread.run(Thread.java:750)
"Datanode ReportManager Thread - 3" daemon prio=5 tid=758 in Object.wait()
java.lang.Thread.State: WAITING (on object monitor)
        at sun.misc.Unsafe.park(Native Method)
        at java.util.concurrent.locks.LockSupport.park(LockSupport.java:175)
        at java.util.concurrent.locks.AbstractQueuedSynchronizer$ConditionObject.await(AbstractQueuedSynchronizer.java:2039)
        at java.util.concurrent.ScheduledThreadPoolExecutor$DelayedWorkQueue.take(ScheduledThreadPoolExecutor.java:1088)
        at java.util.concurrent.ScheduledThreadPoolExecutor$DelayedWorkQueue.take(ScheduledThreadPoolExecutor.java:809)
        at java.util.concurrent.ThreadPoolExecutor.getTask(ThreadPoolExecutor.java:1074)
        at java.util.concurrent.ThreadPoolExecutor.runWorker(ThreadPoolExecutor.java:1134)
        at java.util.concurrent.ThreadPoolExecutor$Worker.run(ThreadPoolExecutor.java:624)
        at java.lang.Thread.run(Thread.java:750)
"surefire-forkedjvm-ping-30s" daemon prio=5 tid=10 timed_waiting
java.lang.Thread.State: TIMED_WAITING
        at sun.misc.Unsafe.park(Native Method)
        at java.util.concurrent.locks.LockSupport.parkNanos(LockSupport.java:215)
        at java.util.concurrent.locks.AbstractQueuedSynchronizer$ConditionObject.awaitNanos(AbstractQueuedSynchronizer.java:2078)
        at java.util.concurrent.ScheduledThreadPoolExecutor$DelayedWorkQueue.take(ScheduledThreadPoolExecutor.java:1093)
        at java.util.concurrent.ScheduledThreadPoolExecutor$DelayedWorkQueue.take(ScheduledThreadPoolExecutor.java:809)
        at java.util.concurrent.ThreadPoolExecutor.getTask(ThreadPoolExecutor.java:1074)
        at java.util.concurrent.ThreadPoolExecutor.runWorker(ThreadPoolExecutor.java:1134)
        at java.util.concurrent.ThreadPoolExecutor$Worker.run(ThreadPoolExecutor.java:624)
        at java.lang.Thread.run(Thread.java:750)
"FullTableCache Cleanup Thread - 0" daemon prio=5 tid=1088 in Object.wait()
java.lang.Thread.State: WAITING (on object monitor)
        at sun.misc.Unsafe.park(Native Method)
        at java.util.concurrent.locks.LockSupport.park(LockSupport.java:175)
        at java.util.concurrent.locks.AbstractQueuedSynchronizer$ConditionObject.await(AbstractQueuedSynchronizer.java:2039)
        at java.util.concurrent.LinkedBlockingQueue.take(LinkedBlockingQueue.java:442)
        at java.util.concurrent.ThreadPoolExecutor.getTask(ThreadPoolExecutor.java:1074)
        at java.util.concurrent.ThreadPoolExecutor.runWorker(ThreadPoolExecutor.java:1134)
        at java.util.concurrent.ThreadPoolExecutor$Worker.run(ThreadPoolExecutor.java:624)
        at java.lang.Thread.run(Thread.java:750)
"SSL Certificates Store Monitor" daemon prio=5 tid=593 in Object.wait()
java.lang.Thread.State: WAITING (on object monitor)
        at java.lang.Object.wait(Native Method)
        at java.lang.Object.wait(Object.java:502)
        at java.util.TimerThread.mainLoop(Timer.java:526)
        at java.util.TimerThread.run(Timer.java:505)
"FullTableCache Cleanup Thread - 0" daemon prio=5 tid=1097 in Object.wait()
java.lang.Thread.State: WAITING (on object monitor)
        at sun.misc.Unsafe.park(Native Method)
        at java.util.concurrent.locks.LockSupport.park(LockSupport.java:175)
        at java.util.concurrent.locks.AbstractQueuedSynchronizer$ConditionObject.await(AbstractQueuedSynchronizer.java:2039)
        at java.util.concurrent.LinkedBlockingQueue.take(LinkedBlockingQueue.java:442)
        at java.util.concurrent.ThreadPoolExecutor.getTask(ThreadPoolExecutor.java:1074)
        at java.util.concurrent.ThreadPoolExecutor.runWorker(ThreadPoolExecutor.java:1134)
        at java.util.concurrent.ThreadPoolExecutor$Worker.run(ThreadPoolExecutor.java:624)
        at java.lang.Thread.run(Thread.java:750)
"Datanode ReportManager Thread - 0" daemon prio=5 tid=828 timed_waiting
java.lang.Thread.State: TIMED_WAITING
        at sun.misc.Unsafe.park(Native Method)
        at java.util.concurrent.locks.LockSupport.parkNanos(LockSupport.java:215)
        at java.util.concurrent.locks.AbstractQueuedSynchronizer$ConditionObject.awaitNanos(AbstractQueuedSynchronizer.java:2078)
        at java.util.concurrent.ScheduledThreadPoolExecutor$DelayedWorkQueue.take(ScheduledThreadPoolExecutor.java:1093)
        at java.util.concurrent.ScheduledThreadPoolExecutor$DelayedWorkQueue.take(ScheduledThreadPoolExecutor.java:809)
        at java.util.concurrent.ThreadPoolExecutor.getTask(ThreadPoolExecutor.java:1074)
        at java.util.concurrent.ThreadPoolExecutor.runWorker(ThreadPoolExecutor.java:1134)
        at java.util.concurrent.ThreadPoolExecutor$Worker.run(ThreadPoolExecutor.java:624)
        at java.lang.Thread.run(Thread.java:750)
"EndpointStateMachine task thread for /127.0.0.1:39049 - 0 "  prio=5 tid=848 timed_waiting
java.lang.Thread.State: TIMED_WAITING
        at java.lang.Thread.sleep(Native Method)
        at org.apache.hadoop.ipc.Client$Connection.handleConnectionFailure(Client.java:972)
        at org.apache.hadoop.ipc.Client$Connection.setupConnection(Client.java:724)
        at org.apache.hadoop.ipc.Client$Connection.setupIOstreams(Client.java:822)
        at org.apache.hadoop.ipc.Client$Connection.access$3800(Client.java:414)
        at org.apache.hadoop.ipc.Client.getConnection(Client.java:1647)
        at org.apache.hadoop.ipc.Client.call(Client.java:1463)
        at org.apache.hadoop.ipc.Client.call(Client.java:1416)
        at org.apache.hadoop.ipc.ProtobufRpcEngine$Invoker.invoke(ProtobufRpcEngine.java:236)
        at org.apache.hadoop.ipc.ProtobufRpcEngine$Invoker.invoke(ProtobufRpcEngine.java:123)
        at com.sun.proxy.$Proxy48.submitRequest(Unknown Source)
        at org.apache.hadoop.ozone.protocolPB.StorageContainerDatanodeProtocolClientSideTranslatorPB.submitRequest(StorageContainerDatanodeProtocolClientSideTranslatorPB.java:117)
        at org.apache.hadoop.ozone.protocolPB.StorageContainerDatanodeProtocolClientSideTranslatorPB.sendHeartbeat(StorageContainerDatanodeProtocolClientSideTranslatorPB.java:149)
        at org.apache.hadoop.ozone.container.common.states.endpoint.HeartbeatEndpointTask.call(HeartbeatEndpointTask.java:180)
        at org.apache.hadoop.ozone.container.common.states.endpoint.HeartbeatEndpointTask.call(HeartbeatEndpointTask.java:83)
        at java.util.concurrent.FutureTask.run(FutureTask.java:266)
        at java.util.concurrent.ThreadPoolExecutor.runWorker(ThreadPoolExecutor.java:1149)
        at java.util.concurrent.ThreadPoolExecutor$Worker.run(ThreadPoolExecutor.java:624)
        at java.lang.Thread.run(Thread.java:750)
"EndpointStateMachine task thread for /127.0.0.1:41237 - 0 "  prio=5 tid=864 blocked
java.lang.Thread.State: BLOCKED
        at org.apache.hadoop.ipc.Client$Connection.addCall(Client.java:522)
        at org.apache.hadoop.ipc.Client$Connection.access$3700(Client.java:414)
        at org.apache.hadoop.ipc.Client.getConnection(Client.java:1634)
        at org.apache.hadoop.ipc.Client.call(Client.java:1463)
        at org.apache.hadoop.ipc.Client.call(Client.java:1416)
        at org.apache.hadoop.ipc.ProtobufRpcEngine$Invoker.invoke(ProtobufRpcEngine.java:236)
        at org.apache.hadoop.ipc.ProtobufRpcEngine$Invoker.invoke(ProtobufRpcEngine.java:123)
        at com.sun.proxy.$Proxy48.submitRequest(Unknown Source)
        at org.apache.hadoop.ozone.protocolPB.StorageContainerDatanodeProtocolClientSideTranslatorPB.submitRequest(StorageContainerDatanodeProtocolClientSideTranslatorPB.java:117)
        at org.apache.hadoop.ozone.protocolPB.StorageContainerDatanodeProtocolClientSideTranslatorPB.sendHeartbeat(StorageContainerDatanodeProtocolClientSideTranslatorPB.java:149)
        at org.apache.hadoop.ozone.container.common.states.endpoint.HeartbeatEndpointTask.call(HeartbeatEndpointTask.java:180)
        at org.apache.hadoop.ozone.container.common.states.endpoint.HeartbeatEndpointTask.call(HeartbeatEndpointTask.java:83)
        at java.util.concurrent.FutureTask.run(FutureTask.java:266)
        at java.util.concurrent.ThreadPoolExecutor.runWorker(ThreadPoolExecutor.java:1149)
        at java.util.concurrent.ThreadPoolExecutor$Worker.run(ThreadPoolExecutor.java:624)
        at java.lang.Thread.run(Thread.java:750)
"SSL Certificates Store Monitor" daemon prio=5 tid=692 in Object.wait()
java.lang.Thread.State: WAITING (on object monitor)
        at java.lang.Object.wait(Native Method)
        at java.lang.Object.wait(Object.java:502)
        at java.util.TimerThread.mainLoop(Timer.java:526)
        at java.util.TimerThread.run(Timer.java:505)
"surefire-forkedjvm-command-thread" daemon prio=5 tid=9 runnable
java.lang.Thread.State: RUNNABLE
        at java.io.FileInputStream.readBytes(Native Method)
        at java.io.FileInputStream.read(FileInputStream.java:255)
        at java.io.BufferedInputStream.fill(BufferedInputStream.java:246)
        at java.io.BufferedInputStream.read(BufferedInputStream.java:265)
        at java.io.DataInputStream.readInt(DataInputStream.java:387)
        at org.apache.maven.surefire.booter.MasterProcessCommand.decode(MasterProcessCommand.java:115)
        at org.apache.maven.surefire.booter.CommandReader$CommandRunnable.run(CommandReader.java:390)
        at java.lang.Thread.run(Thread.java:750)
"Datanode ReportManager Thread - 4" daemon prio=5 tid=832 in Object.wait()
java.lang.Thread.State: WAITING (on object monitor)
        at sun.misc.Unsafe.park(Native Method)
        at java.util.concurrent.locks.LockSupport.park(LockSupport.java:175)
        at java.util.concurrent.locks.AbstractQueuedSynchronizer$ConditionObject.await(AbstractQueuedSynchronizer.java:2039)
        at java.util.concurrent.ScheduledThreadPoolExecutor$DelayedWorkQueue.take(ScheduledThreadPoolExecutor.java:1088)
        at java.util.concurrent.ScheduledThreadPoolExecutor$DelayedWorkQueue.take(ScheduledThreadPoolExecutor.java:809)
        at java.util.concurrent.ThreadPoolExecutor.getTask(ThreadPoolExecutor.java:1074)
        at java.util.concurrent.ThreadPoolExecutor.runWorker(ThreadPoolExecutor.java:1134)
        at java.util.concurrent.ThreadPoolExecutor$Worker.run(ThreadPoolExecutor.java:624)
        at java.lang.Thread.run(Thread.java:750)
"Datanode ReportManager Thread - 4" daemon prio=5 tid=759 in Object.wait()
java.lang.Thread.State: WAITING (on object monitor)
        at sun.misc.Unsafe.park(Native Method)
        at java.util.concurrent.locks.LockSupport.park(LockSupport.java:175)
        at java.util.concurrent.locks.AbstractQueuedSynchronizer$ConditionObject.await(AbstractQueuedSynchronizer.java:2039)
        at java.util.concurrent.ScheduledThreadPoolExecutor$DelayedWorkQueue.take(ScheduledThreadPoolExecutor.java:1088)
        at java.util.concurrent.ScheduledThreadPoolExecutor$DelayedWorkQueue.take(ScheduledThreadPoolExecutor.java:809)
        at java.util.concurrent.ThreadPoolExecutor.getTask(ThreadPoolExecutor.java:1074)
        at java.util.concurrent.ThreadPoolExecutor.runWorker(ThreadPoolExecutor.java:1134)
        at java.util.concurrent.ThreadPoolExecutor$Worker.run(ThreadPoolExecutor.java:624)
        at java.lang.Thread.run(Thread.java:750)
"FullTableCache Cleanup Thread - 0" daemon prio=5 tid=1089 in Object.wait()
java.lang.Thread.State: WAITING (on object monitor)
        at sun.misc.Unsafe.park(Native Method)
        at java.util.concurrent.locks.LockSupport.park(LockSupport.java:175)
        at java.util.concurrent.locks.AbstractQueuedSynchronizer$ConditionObject.await(AbstractQueuedSynchronizer.java:2039)
        at java.util.concurrent.LinkedBlockingQueue.take(LinkedBlockingQueue.java:442)
        at java.util.concurrent.ThreadPoolExecutor.getTask(ThreadPoolExecutor.java:1074)
        at java.util.concurrent.ThreadPoolExecutor.runWorker(ThreadPoolExecutor.java:1134)
        at java.util.concurrent.ThreadPoolExecutor$Worker.run(ThreadPoolExecutor.java:624)
        at java.lang.Thread.run(Thread.java:750)
"EndpointStateMachine task thread for /127.0.0.1:37109 - 0 "  prio=5 tid=847 blocked
java.lang.Thread.State: BLOCKED
        at org.apache.hadoop.ipc.Client$Connection.addCall(Client.java:522)
        at org.apache.hadoop.ipc.Client$Connection.access$3700(Client.java:414)
        at org.apache.hadoop.ipc.Client.getConnection(Client.java:1634)
        at org.apache.hadoop.ipc.Client.call(Client.java:1463)
        at org.apache.hadoop.ipc.Client.call(Client.java:1416)
        at org.apache.hadoop.ipc.ProtobufRpcEngine$Invoker.invoke(ProtobufRpcEngine.java:236)
        at org.apache.hadoop.ipc.ProtobufRpcEngine$Invoker.invoke(ProtobufRpcEngine.java:123)
        at com.sun.proxy.$Proxy48.submitRequest(Unknown Source)
        at org.apache.hadoop.ozone.protocolPB.StorageContainerDatanodeProtocolClientSideTranslatorPB.submitRequest(StorageContainerDatanodeProtocolClientSideTranslatorPB.java:117)
        at org.apache.hadoop.ozone.protocolPB.StorageContainerDatanodeProtocolClientSideTranslatorPB.sendHeartbeat(StorageContainerDatanodeProtocolClientSideTranslatorPB.java:149)
        at org.apache.hadoop.ozone.container.common.states.endpoint.HeartbeatEndpointTask.call(HeartbeatEndpointTask.java:180)
        at org.apache.hadoop.ozone.container.common.states.endpoint.HeartbeatEndpointTask.call(HeartbeatEndpointTask.java:83)
        at java.util.concurrent.FutureTask.run(FutureTask.java:266)
        at java.util.concurrent.ThreadPoolExecutor.runWorker(ThreadPoolExecutor.java:1149)
        at java.util.concurrent.ThreadPoolExecutor$Worker.run(ThreadPoolExecutor.java:624)
        at java.lang.Thread.run(Thread.java:750)
"org.apache.hadoop.ozone.container.common.statemachine.commandhandler.DeleteBlocksCommandHandler$DeleteCmdWorker@399ff6f7" daemon prio=5 tid=743 runnable
java.lang.Thread.State: RUNNABLE
        at java.lang.Thread.sleep(Native Method)
        at org.apache.hadoop.ozone.container.common.statemachine.commandhandler.DeleteBlocksCommandHandler$DeleteCmdWorker.run(DeleteBlocksCommandHandler.java:175)
        at java.lang.Thread.run(Thread.java:750)
"IPC Parameter Sending Thread #1" daemon prio=5 tid=852 timed_waiting
java.lang.Thread.State: TIMED_WAITING
        at sun.misc.Unsafe.park(Native Method)
        at java.util.concurrent.locks.LockSupport.parkNanos(LockSupport.java:215)
        at java.util.concurrent.SynchronousQueue$TransferStack.awaitFulfill(SynchronousQueue.java:460)
        at java.util.concurrent.SynchronousQueue$TransferStack.transfer(SynchronousQueue.java:362)
        at java.util.concurrent.SynchronousQueue.poll(SynchronousQueue.java:941)
        at java.util.concurrent.ThreadPoolExecutor.getTask(ThreadPoolExecutor.java:1073)
        at java.util.concurrent.ThreadPoolExecutor.runWorker(ThreadPoolExecutor.java:1134)
        at java.util.concurrent.ThreadPoolExecutor$Worker.run(ThreadPoolExecutor.java:624)
        at java.lang.Thread.run(Thread.java:750)
"Datanode ReportManager Thread - 4" daemon prio=5 tid=805 in Object.wait()
java.lang.Thread.State: WAITING (on object monitor)
        at sun.misc.Unsafe.park(Native Method)
        at java.util.concurrent.locks.LockSupport.park(LockSupport.java:175)
        at java.util.concurrent.locks.AbstractQueuedSynchronizer$ConditionObject.await(AbstractQueuedSynchronizer.java:2039)
        at java.util.concurrent.ScheduledThreadPoolExecutor$DelayedWorkQueue.take(ScheduledThreadPoolExecutor.java:1088)
        at java.util.concurrent.ScheduledThreadPoolExecutor$DelayedWorkQueue.take(ScheduledThreadPoolExecutor.java:809)
        at java.util.concurrent.ThreadPoolExecutor.getTask(ThreadPoolExecutor.java:1074)
        at java.util.concurrent.ThreadPoolExecutor.runWorker(ThreadPoolExecutor.java:1134)
        at java.util.concurrent.ThreadPoolExecutor$Worker.run(ThreadPoolExecutor.java:624)
        at java.lang.Thread.run(Thread.java:750)
"org.apache.hadoop.ozone.container.common.statemachine.commandhandler.DeleteBlocksCommandHandler$DeleteCmdWorker@76204619" daemon prio=5 tid=780 runnable
java.lang.Thread.State: RUNNABLE
        at java.lang.Thread.sleep(Native Method)
        at org.apache.hadoop.ozone.container.common.statemachine.commandhandler.DeleteBlocksCommandHandler$DeleteCmdWorker.run(DeleteBlocksCommandHandler.java:175)
        at java.lang.Thread.run(Thread.java:750)
"Datanode ReportManager Thread - 0" daemon prio=5 tid=755 in Object.wait()
java.lang.Thread.State: WAITING (on object monitor)
        at sun.misc.Unsafe.park(Native Method)
        at java.util.concurrent.locks.LockSupport.park(LockSupport.java:175)
        at java.util.concurrent.locks.AbstractQueuedSynchronizer$ConditionObject.await(AbstractQueuedSynchronizer.java:2039)
        at java.util.concurrent.ScheduledThreadPoolExecutor$DelayedWorkQueue.take(ScheduledThreadPoolExecutor.java:1088)
        at java.util.concurrent.ScheduledThreadPoolExecutor$DelayedWorkQueue.take(ScheduledThreadPoolExecutor.java:809)
        at java.util.concurrent.ThreadPoolExecutor.getTask(ThreadPoolExecutor.java:1074)
        at java.util.concurrent.ThreadPoolExecutor.runWorker(ThreadPoolExecutor.java:1134)
        at java.util.concurrent.ThreadPoolExecutor$Worker.run(ThreadPoolExecutor.java:624)
        at java.lang.Thread.run(Thread.java:750)
"IPC Parameter Sending Thread #2" daemon prio=5 tid=939 timed_waiting
java.lang.Thread.State: TIMED_WAITING
        at sun.misc.Unsafe.park(Native Method)
        at java.util.concurrent.locks.LockSupport.parkNanos(LockSupport.java:215)
        at java.util.concurrent.SynchronousQueue$TransferStack.awaitFulfill(SynchronousQueue.java:460)
        at java.util.concurrent.SynchronousQueue$TransferStack.transfer(SynchronousQueue.java:362)
        at java.util.concurrent.SynchronousQueue.poll(SynchronousQueue.java:941)
        at java.util.concurrent.ThreadPoolExecutor.getTask(ThreadPoolExecutor.java:1073)
        at java.util.concurrent.ThreadPoolExecutor.runWorker(ThreadPoolExecutor.java:1134)
        at java.util.concurrent.ThreadPoolExecutor$Worker.run(ThreadPoolExecutor.java:624)
        at java.lang.Thread.run(Thread.java:750)
"Datanode ReportManager Thread - 2" daemon prio=5 tid=757 in Object.wait()
java.lang.Thread.State: WAITING (on object monitor)
        at sun.misc.Unsafe.park(Native Method)
        at java.util.concurrent.locks.LockSupport.park(LockSupport.java:175)
        at java.util.concurrent.locks.AbstractQueuedSynchronizer$ConditionObject.await(AbstractQueuedSynchronizer.java:2039)
        at java.util.concurrent.ScheduledThreadPoolExecutor$DelayedWorkQueue.take(ScheduledThreadPoolExecutor.java:1088)
        at java.util.concurrent.ScheduledThreadPoolExecutor$DelayedWorkQueue.take(ScheduledThreadPoolExecutor.java:809)
        at java.util.concurrent.ThreadPoolExecutor.getTask(ThreadPoolExecutor.java:1074)
        at java.util.concurrent.ThreadPoolExecutor.runWorker(ThreadPoolExecutor.java:1134)
        at java.util.concurrent.ThreadPoolExecutor$Worker.run(ThreadPoolExecutor.java:624)
        at java.lang.Thread.run(Thread.java:750)
"EndpointStateMachine task thread for /127.0.0.1:39049 - 0 "  prio=5 tid=865 in Object.wait()
java.lang.Thread.State: WAITING (on object monitor)
        at sun.misc.Unsafe.park(Native Method)
        at java.util.concurrent.locks.LockSupport.park(LockSupport.java:175)
        at java.util.concurrent.locks.AbstractQueuedSynchronizer$ConditionObject.await(AbstractQueuedSynchronizer.java:2039)
        at java.util.concurrent.LinkedBlockingQueue.take(LinkedBlockingQueue.java:442)
        at java.util.concurrent.ThreadPoolExecutor.getTask(ThreadPoolExecutor.java:1074)
        at java.util.concurrent.ThreadPoolExecutor.runWorker(ThreadPoolExecutor.java:1134)
        at java.util.concurrent.ThreadPoolExecutor$Worker.run(ThreadPoolExecutor.java:624)
        at java.lang.Thread.run(Thread.java:750)


	at org.apache.ozone.test.GenericTestUtils.waitFor(GenericTestUtils.java:225)
	at org.apache.hadoop.ozone.parser.TestOzoneHARatisLogParser.testRatisLogParsing(TestOzoneHARatisLogParser.java:129)
	at sun.reflect.NativeMethodAccessorImpl.invoke0(Native Method)
	at sun.reflect.NativeMethodAccessorImpl.invoke(NativeMethodAccessorImpl.java:62)
	at sun.reflect.DelegatingMethodAccessorImpl.invoke(DelegatingMethodAccessorImpl.java:43)
	at java.lang.reflect.Method.invoke(Method.java:498)
	at org.junit.runners.model.FrameworkMethod$1.runReflectiveCall(FrameworkMethod.java:59)
	at org.junit.internal.runners.model.ReflectiveCallable.run(ReflectiveCallable.java:12)
	at org.junit.runners.model.FrameworkMethod.invokeExplosively(FrameworkMethod.java:56)
	at org.junit.internal.runners.statements.InvokeMethod.evaluate(InvokeMethod.java:17)
	at org.junit.internal.runners.statements.RunBefores.evaluate(RunBefores.java:26)
	at org.junit.internal.runners.statements.RunAfters.evaluate(RunAfters.java:27)
	at org.junit.internal.runners.statements.FailOnTimeout$CallableStatement.call(FailOnTimeout.java:288)
	at org.junit.internal.runners.statements.FailOnTimeout$CallableStatement.call(FailOnTimeout.java:282)
	at java.util.concurrent.FutureTask.run(FutureTask.java:266)
	at java.lang.Thread.run(Thread.java:750)
</error>
    <system-out><![CDATA[2022-03-03 14:18:03,270 [Time-limited test] WARN  server.ServerUtils (ServerUtils.java:getScmDbDir(148)) - ozone.scm.db.dirs is not configured. We recommend adding this setting. Falling back to ozone.metadata.dirs instead.
2022-03-03 14:18:03,297 [Time-limited test] INFO  ha.SCMHANodeDetails (SCMHANodeDetails.java:loadSCMHAConfig(157)) - ServiceID for StorageContainerManager is scmServiceId
2022-03-03 14:18:03,297 [Time-limited test] INFO  ha.SCMHANodeDetails (SCMHANodeDetails.java:loadSCMHAConfig(168)) - ServiceID for StorageContainerManager is scmServiceId
2022-03-03 14:18:03,359 [Time-limited test] WARN  scm.ScmUtils (ScmUtils.java:logWarn(179)) - ConfigKey ozone.scm.block.client.address is deprecated, For configuring different ports for each SCM use PortConfigKey ozone.scm.block.client.port appended with serviceId and nodeId. If want to configure same port configure ozone.scm.block.client.port
2022-03-03 14:18:03,359 [Time-limited test] WARN  scm.ScmUtils (ScmUtils.java:logWarn(179)) - ConfigKey ozone.scm.client.address is deprecated, For configuring different ports for each SCM use PortConfigKey ozone.scm.client.port appended with serviceId and nodeId. If want to configure same port configure ozone.scm.client.port
2022-03-03 14:18:03,360 [Time-limited test] WARN  scm.ScmUtils (ScmUtils.java:logWarn(179)) - ConfigKey ozone.scm.datanode.address is deprecated, For configuring different ports for each SCM use PortConfigKey ozone.scm.datanode.port appended with serviceId and nodeId. If want to configure same port configure ozone.scm.datanode.port
2022-03-03 14:18:03,361 [Time-limited test] WARN  scm.ScmUtils (ScmUtils.java:logWarn(179)) - ConfigKey ozone.scm.block.client.address is deprecated, For configuring different ports for each SCM use PortConfigKey ozone.scm.block.client.port appended with serviceId and nodeId. If want to configure same port configure ozone.scm.block.client.port
2022-03-03 14:18:03,362 [Time-limited test] WARN  scm.ScmUtils (ScmUtils.java:logWarn(179)) - ConfigKey ozone.scm.client.address is deprecated, For configuring different ports for each SCM use PortConfigKey ozone.scm.client.port appended with serviceId and nodeId. If want to configure same port configure ozone.scm.client.port
2022-03-03 14:18:03,362 [Time-limited test] WARN  scm.ScmUtils (ScmUtils.java:logWarn(179)) - ConfigKey ozone.scm.datanode.address is deprecated, For configuring different ports for each SCM use PortConfigKey ozone.scm.datanode.port appended with serviceId and nodeId. If want to configure same port configure ozone.scm.datanode.port
2022-03-03 14:18:03,362 [Time-limited test] INFO  ha.SCMHANodeDetails (SCMHANodeDetails.java:loadSCMHAConfig(250)) - Found matching SCM address with SCMServiceId: scmServiceId, SCMNodeId: scmNode-1, RPC Address: localhost:41845 and Ratis port: 41845
2022-03-03 14:18:03,363 [Time-limited test] INFO  ha.SCMHANodeDetails (ConfUtils.java:setNodeSpecificConfigs(108)) - Setting configuration key ozone.scm.datanode.address with value of key ozone.scm.datanode.address.scmServiceId.scmNode-1: 127.0.0.1:39049
2022-03-03 14:18:03,363 [Time-limited test] INFO  ha.SCMHANodeDetails (ConfUtils.java:setNodeSpecificConfigs(108)) - Setting configuration key ozone.scm.block.client.address with value of key ozone.scm.block.client.address.scmServiceId.scmNode-1: 127.0.0.1:41255
2022-03-03 14:18:03,363 [Time-limited test] INFO  ha.SCMHANodeDetails (ConfUtils.java:setNodeSpecificConfigs(108)) - Setting configuration key ozone.scm.client.address with value of key ozone.scm.client.address.scmServiceId.scmNode-1: 127.0.0.1:36335
2022-03-03 14:18:03,363 [Time-limited test] INFO  ha.SCMHANodeDetails (ConfUtils.java:setNodeSpecificConfigs(108)) - Setting configuration key ozone.scm.ratis.port with value of key ozone.scm.ratis.port.scmServiceId.scmNode-1: 41845
2022-03-03 14:18:03,364 [Time-limited test] INFO  ha.SCMHANodeDetails (ConfUtils.java:setNodeSpecificConfigs(108)) - Setting configuration key ozone.scm.grpc.port with value of key ozone.scm.grpc.port.scmServiceId.scmNode-1: 34819
2022-03-03 14:18:03,365 [Time-limited test] INFO  ha.SCMHANodeDetails (ConfUtils.java:setNodeSpecificConfigs(108)) - Setting configuration key ozone.scm.http-address with value of key ozone.scm.http-address.scmServiceId.scmNode-1: 127.0.0.1:45853
2022-03-03 14:18:03,366 [Time-limited test] INFO  ha.SCMHANodeDetails (ConfUtils.java:setNodeSpecificConfigs(108)) - Setting configuration key ozone.scm.https-address with value of key ozone.scm.https-address.scmServiceId.scmNode-1: 127.0.0.1:36963
2022-03-03 14:18:03,367 [Time-limited test] INFO  ha.SCMHANodeDetails (ConfUtils.java:setNodeSpecificConfigs(108)) - Setting configuration key ozone.scm.address with value of key ozone.scm.address.scmServiceId.scmNode-1: 127.0.0.1
2022-03-03 14:18:03,367 [Time-limited test] WARN  scm.ScmUtils (ScmUtils.java:logWarn(179)) - ConfigKey ozone.scm.block.client.address is deprecated, For configuring different ports for each SCM use PortConfigKey ozone.scm.block.client.port appended with serviceId and nodeId. If want to configure same port configure ozone.scm.block.client.port
2022-03-03 14:18:03,368 [Time-limited test] WARN  scm.ScmUtils (ScmUtils.java:logWarn(179)) - ConfigKey ozone.scm.client.address is deprecated, For configuring different ports for each SCM use PortConfigKey ozone.scm.client.port appended with serviceId and nodeId. If want to configure same port configure ozone.scm.client.port
2022-03-03 14:18:03,369 [Time-limited test] WARN  scm.ScmUtils (ScmUtils.java:logWarn(179)) - ConfigKey ozone.scm.datanode.address is deprecated, For configuring different ports for each SCM use PortConfigKey ozone.scm.datanode.port appended with serviceId and nodeId. If want to configure same port configure ozone.scm.datanode.port
2022-03-03 14:18:03,465 [Time-limited test] INFO  server.RaftServer (ConfUtils.java:logGet(44)) - raft.rpc.type = GRPC (default)
2022-03-03 14:18:03,537 [Time-limited test] INFO  grpc.GrpcFactory (GrpcFactory.java:checkPooledByteBufAllocatorUseCacheForAllThreads(48)) - PERFORMANCE WARNING: useCacheForAllThreads is true that may cause Netty to create a lot garbage objects and, as a result, trigger GC.
	It is recommended to disable useCacheForAllThreads by setting -Dorg.apache.ratis.thirdparty.io.netty.allocator.useCacheForAllThreads=false in command line.
2022-03-03 14:18:03,541 [Time-limited test] INFO  grpc.GrpcConfigKeys (ConfUtils.java:logGet(44)) - raft.grpc.admin.port = -1 (default)
2022-03-03 14:18:03,542 [Time-limited test] INFO  grpc.GrpcConfigKeys (ConfUtils.java:logGet(44)) - raft.grpc.server.port = 41845 (custom)
2022-03-03 14:18:03,542 [Time-limited test] INFO  grpc.GrpcConfigKeys (ConfUtils.java:logGet(44)) - raft.grpc.client.port = -1 (default)
2022-03-03 14:18:03,543 [Time-limited test] INFO  grpc.GrpcConfigKeys (ConfUtils.java:logGet(44)) - raft.grpc.server.port = 41845 (custom)
2022-03-03 14:18:03,543 [Time-limited test] INFO  grpc.GrpcConfigKeys (ConfUtils.java:logGet(44)) - raft.grpc.server.port = 41845 (custom)
2022-03-03 14:18:03,543 [Time-limited test] INFO  server.GrpcService (ConfUtils.java:logGet(44)) - raft.grpc.message.size.max = 32m (=33554432) (custom)
2022-03-03 14:18:03,545 [Time-limited test] INFO  server.RaftServerConfigKeys (ConfUtils.java:logGet(44)) - raft.server.log.appender.buffer.byte-limit = 33554432 (custom)
2022-03-03 14:18:03,545 [Time-limited test] INFO  server.GrpcService (ConfUtils.java:logGet(44)) - raft.grpc.flow.control.window = 1MB (=1048576) (default)
2022-03-03 14:18:03,546 [Time-limited test] INFO  server.RaftServerConfigKeys (ConfUtils.java:logGet(44)) - raft.server.rpc.request.timeout = 30000ms (custom)
2022-03-03 14:18:03,854 [Time-limited test] INFO  impl.DataStreamServerImpl (ConfUtils.java:logGet(44)) - raft.datastream.type = DISABLED (default)
2022-03-03 14:18:03,856 [Time-limited test] INFO  server.RaftServerConfigKeys (ConfUtils.java:logGet(44)) - raft.server.rpc.slowness.timeout = 120000ms (custom)
2022-03-03 14:18:03,856 [Time-limited test] INFO  server.RaftServerConfigKeys (ConfUtils.java:logGet(44)) - raft.server.leaderelection.leader.step-down.wait-time = 10s (default)
2022-03-03 14:18:03,869 [Time-limited test] INFO  server.RaftServerConfigKeys (ConfUtils.java:logGet(44)) - raft.server.storage.dir = [/home/runner/work/ozone/ozone/hadoop-ozone/integration-test/target/test-dir/MiniOzoneClusterImpl-0274ca87-c068-4a4d-855f-b1ef4eb933b0/scmNode-1/scm-ha] (custom)
2022-03-03 14:18:03,874 [Time-limited test] INFO  server.RaftServer (RaftServerProxy.java:addNew(95)) - 4fec6c92-8a01-477b-9ee2-8944c630ad1d: addNew group-B1EF4EB933B0:[4fec6c92-8a01-477b-9ee2-8944c630ad1d|rpc:localhost:41845|priority:0] returns group-B1EF4EB933B0:java.util.concurrent.CompletableFuture@1bae4b20[Not completed]
2022-03-03 14:18:03,891 [pool-1-thread-1] INFO  server.RaftServer$Division (RaftServerImpl.java:<init>(184)) - 4fec6c92-8a01-477b-9ee2-8944c630ad1d: new RaftServerImpl for group-B1EF4EB933B0:[4fec6c92-8a01-477b-9ee2-8944c630ad1d|rpc:localhost:41845|priority:0] with SCMStateMachine:uninitialized
2022-03-03 14:18:03,893 [pool-1-thread-1] INFO  server.RaftServerConfigKeys (ConfUtils.java:logGet(44)) - raft.server.rpc.timeout.min = 5000ms (custom)
2022-03-03 14:18:03,893 [pool-1-thread-1] INFO  server.RaftServerConfigKeys (ConfUtils.java:logGet(44)) - raft.server.rpc.timeout.max = 5200ms (custom)
2022-03-03 14:18:03,894 [pool-1-thread-1] INFO  server.RaftServerConfigKeys (ConfUtils.java:logGet(44)) - raft.server.rpc.sleep.time = 25ms (default)
2022-03-03 14:18:03,894 [pool-1-thread-1] INFO  server.RaftServerConfigKeys (ConfUtils.java:logGet(44)) - raft.server.rpc.slowness.timeout = 120000ms (custom)
2022-03-03 14:18:03,894 [pool-1-thread-1] INFO  server.RaftServerConfigKeys (ConfUtils.java:logGet(44)) - raft.server.leaderelection.leader.step-down.wait-time = 10s (default)
2022-03-03 14:18:03,895 [pool-1-thread-1] INFO  server.RaftServerConfigKeys (ConfUtils.java:logGet(44)) - raft.server.sleep.deviation.threshold = 300ms (default)
2022-03-03 14:18:03,895 [pool-1-thread-1] INFO  server.RaftServerConfigKeys (ConfUtils.java:logGet(44)) - raft.server.log.appender.install.snapshot.enabled = false (custom)
2022-03-03 14:18:03,899 [pool-1-thread-1] INFO  server.RaftServer$Division (ServerState.java:<init>(105)) - 4fec6c92-8a01-477b-9ee2-8944c630ad1d@group-B1EF4EB933B0: ConfigurationManager, init=-1: [4fec6c92-8a01-477b-9ee2-8944c630ad1d|rpc:localhost:41845|priority:0], old=null, confs=<EMPTY_MAP>
2022-03-03 14:18:03,902 [pool-1-thread-1] INFO  server.RaftServerConfigKeys (ConfUtils.java:logGet(44)) - raft.server.storage.dir = [/home/runner/work/ozone/ozone/hadoop-ozone/integration-test/target/test-dir/MiniOzoneClusterImpl-0274ca87-c068-4a4d-855f-b1ef4eb933b0/scmNode-1/scm-ha] (custom)
2022-03-03 14:18:03,905 [pool-1-thread-1] INFO  server.RaftServerConfigKeys (ConfUtils.java:logGet(44)) - raft.server.log.corruption.policy = EXCEPTION (default)
2022-03-03 14:18:03,906 [pool-1-thread-1] INFO  server.RaftServerConfigKeys (ConfUtils.java:logGet(44)) - raft.server.storage.free-space.min = 0MB (=0) (default)
2022-03-03 14:18:03,907 [pool-1-thread-1] INFO  storage.RaftStorageDirectory (RaftStorageDirectoryImpl.java:analyzeStorage(135)) - The storage directory /home/runner/work/ozone/ozone/hadoop-ozone/integration-test/target/test-dir/MiniOzoneClusterImpl-0274ca87-c068-4a4d-855f-b1ef4eb933b0/scmNode-1/scm-ha/0274ca87-c068-4a4d-855f-b1ef4eb933b0 does not exist. Creating ...
2022-03-03 14:18:03,911 [pool-1-thread-1] INFO  storage.RaftStorageDirectory (RaftStorageDirectoryImpl.java:tryLock(230)) - Lock on /home/runner/work/ozone/ozone/hadoop-ozone/integration-test/target/test-dir/MiniOzoneClusterImpl-0274ca87-c068-4a4d-855f-b1ef4eb933b0/scmNode-1/scm-ha/0274ca87-c068-4a4d-855f-b1ef4eb933b0/in_use.lock acquired by nodename 586@fv-az50-851
2022-03-03 14:18:03,918 [pool-1-thread-1] INFO  storage.RaftStorage (RaftStorageImpl.java:format(89)) - Storage directory /home/runner/work/ozone/ozone/hadoop-ozone/integration-test/target/test-dir/MiniOzoneClusterImpl-0274ca87-c068-4a4d-855f-b1ef4eb933b0/scmNode-1/scm-ha/0274ca87-c068-4a4d-855f-b1ef4eb933b0 has been successfully formatted.
2022-03-03 14:18:03,921 [pool-1-thread-1] INFO  server.RaftServerConfigKeys (ConfUtils.java:logGet(44)) - raft.server.notification.no-leader.timeout = 60s (default)
2022-03-03 14:18:03,923 [pool-1-thread-1] INFO  server.RaftServerConfigKeys (ConfUtils.java:logGet(44)) - raft.server.log.use.memory = false (default)
2022-03-03 14:18:03,930 [pool-1-thread-1] INFO  server.RaftServerConfigKeys (ConfUtils.java:logGet(44)) - raft.server.log.purge.gap = 1000000 (custom)
2022-03-03 14:18:03,930 [pool-1-thread-1] INFO  server.RaftServerConfigKeys (ConfUtils.java:logGet(44)) - raft.server.log.appender.buffer.byte-limit = 33554432 (custom)
2022-03-03 14:18:03,938 [pool-1-thread-1] INFO  metrics.MetricRegistries (MetricRegistriesLoader.java:load(64)) - Loaded MetricRegistries class org.apache.ratis.metrics.impl.MetricRegistriesImpl
2022-03-03 14:18:04,007 [pool-1-thread-1] INFO  server.RaftServerConfigKeys (ConfUtils.java:logGet(44)) - raft.server.log.segment.size.max = 4194304 (custom)
2022-03-03 14:18:04,014 [pool-1-thread-1] INFO  server.RaftServerConfigKeys (ConfUtils.java:logGet(44)) - raft.server.log.segment.cache.num.max = 2 (custom)
2022-03-03 14:18:04,015 [pool-1-thread-1] INFO  server.RaftServerConfigKeys (ConfUtils.java:logGet(44)) - raft.server.log.segment.cache.size.max = 200MB (=209715200) (default)
2022-03-03 14:18:04,021 [pool-1-thread-1] INFO  segmented.SegmentedRaftLogWorker (SegmentedRaftLogWorker.java:<init>(182)) - new 4fec6c92-8a01-477b-9ee2-8944c630ad1d@group-B1EF4EB933B0-SegmentedRaftLogWorker for RaftStorageImpl:Storage Directory /home/runner/work/ozone/ozone/hadoop-ozone/integration-test/target/test-dir/MiniOzoneClusterImpl-0274ca87-c068-4a4d-855f-b1ef4eb933b0/scmNode-1/scm-ha/0274ca87-c068-4a4d-855f-b1ef4eb933b0
2022-03-03 14:18:04,022 [pool-1-thread-1] INFO  server.RaftServerConfigKeys (ConfUtils.java:logGet(44)) - raft.server.log.queue.byte-limit = 64MB (=67108864) (default)
2022-03-03 14:18:04,023 [pool-1-thread-1] INFO  server.RaftServerConfigKeys (ConfUtils.java:logGet(44)) - raft.server.log.queue.element-limit = 4096 (default)
2022-03-03 14:18:04,025 [pool-1-thread-1] INFO  server.RaftServerConfigKeys (ConfUtils.java:logGet(44)) - raft.server.log.segment.size.max = 4194304 (custom)
2022-03-03 14:18:04,025 [pool-1-thread-1] INFO  server.RaftServerConfigKeys (ConfUtils.java:logGet(44)) - raft.server.log.preallocated.size = 4194304 (custom)
2022-03-03 14:18:04,025 [pool-1-thread-1] INFO  server.RaftServerConfigKeys (ConfUtils.java:logGet(44)) - raft.server.log.force.sync.num = 128 (default)
2022-03-03 14:18:04,027 [pool-1-thread-1] INFO  server.RaftServerConfigKeys (ConfUtils.java:logGet(44)) - raft.server.log.statemachine.data.sync = true (default)
2022-03-03 14:18:04,027 [pool-1-thread-1] INFO  server.RaftServerConfigKeys (ConfUtils.java:logGet(44)) - raft.server.log.statemachine.data.sync.timeout = 10s (default)
2022-03-03 14:18:04,028 [pool-1-thread-1] INFO  server.RaftServerConfigKeys (ConfUtils.java:logGet(44)) - raft.server.log.statemachine.data.sync.timeout.retry = -1 (default)
2022-03-03 14:18:04,039 [pool-1-thread-1] INFO  server.RaftServerConfigKeys (ConfUtils.java:logGet(44)) - raft.server.log.write.buffer.size = 64KB (=65536) (default)
2022-03-03 14:18:04,040 [pool-1-thread-1] INFO  server.RaftServerConfigKeys (ConfUtils.java:logGet(44)) - raft.server.log.statemachine.data.caching.enabled = false (default)
2022-03-03 14:18:04,057 [pool-1-thread-1] INFO  segmented.SegmentedRaftLogWorker (SegmentedRaftLogWorker.java:lambda$new$0(133)) - 4fec6c92-8a01-477b-9ee2-8944c630ad1d@group-B1EF4EB933B0-SegmentedRaftLogWorker: flushIndex: setUnconditionally 0 -> -1
2022-03-03 14:18:04,062 [pool-1-thread-1] INFO  segmented.SegmentedRaftLogWorker (SegmentedRaftLogWorker.java:lambda$new$0(133)) - 4fec6c92-8a01-477b-9ee2-8944c630ad1d@group-B1EF4EB933B0-SegmentedRaftLogWorker: safeCacheEvictIndex: setUnconditionally 0 -> -1
2022-03-03 14:18:04,067 [pool-1-thread-1] INFO  server.RaftServerConfigKeys (ConfUtils.java:logGet(44)) - raft.server.snapshot.auto.trigger.enabled = true (custom)
2022-03-03 14:18:04,067 [pool-1-thread-1] INFO  server.RaftServerConfigKeys (ConfUtils.java:logGet(44)) - raft.server.snapshot.auto.trigger.threshold = 1000 (custom)
2022-03-03 14:18:04,073 [pool-1-thread-1] INFO  server.RaftServerConfigKeys (ConfUtils.java:logGet(44)) - raft.server.snapshot.retention.file.num = -1 (default)
2022-03-03 14:18:04,074 [pool-1-thread-1] INFO  server.RaftServerConfigKeys (ConfUtils.java:logGet(44)) - raft.server.log.purge.upto.snapshot.index = false (default)
2022-03-03 14:18:04,075 [pool-1-thread-1] INFO  server.RaftServerConfigKeys (ConfUtils.java:logGet(44)) - raft.server.retrycache.expirytime = 60000ms (default)
2022-03-03 14:18:04,075 [pool-1-thread-1] INFO  server.RaftServerConfigKeys (ConfUtils.java:logGet(44)) - raft.server.retrycache.statistics.expirytime = 100μs (default)
2022-03-03 14:18:04,115 [Time-limited test] INFO  server.RaftServer$Division (RaftServerImpl.java:start(301)) - 4fec6c92-8a01-477b-9ee2-8944c630ad1d@group-B1EF4EB933B0: start as a follower, conf=-1: [4fec6c92-8a01-477b-9ee2-8944c630ad1d|rpc:localhost:41845|priority:0], old=null
2022-03-03 14:18:04,116 [Time-limited test] INFO  server.RaftServer$Division (RaftServerImpl.java:setRole(290)) - 4fec6c92-8a01-477b-9ee2-8944c630ad1d@group-B1EF4EB933B0: changes role from      null to FOLLOWER at term 0 for startAsFollower
2022-03-03 14:18:04,117 [Time-limited test] INFO  impl.RoleInfo (RoleInfo.java:updateAndGet(130)) - 4fec6c92-8a01-477b-9ee2-8944c630ad1d: start 4fec6c92-8a01-477b-9ee2-8944c630ad1d@group-B1EF4EB933B0-FollowerState
2022-03-03 14:18:04,119 [Time-limited test] INFO  util.JmxRegister (JmxRegister.java:tryRegister(44)) - Successfully registered JMX Bean with object name Ratis:service=RaftServer,group=group-B1EF4EB933B0,id=4fec6c92-8a01-477b-9ee2-8944c630ad1d
2022-03-03 14:18:04,121 [Time-limited test] INFO  server.RaftServer (RaftServerProxy.java:lambda$start$5(374)) - 4fec6c92-8a01-477b-9ee2-8944c630ad1d: start RPC server
2022-03-03 14:18:04,175 [Time-limited test] INFO  server.GrpcService (GrpcService.java:startImpl(253)) - 4fec6c92-8a01-477b-9ee2-8944c630ad1d: GrpcService started, listening on 41845
2022-03-03 14:18:04,178 [org.apache.ratis.util.JvmPauseMonitor$$Lambda$435/453351332@3eb22e76] INFO  util.JvmPauseMonitor (JvmPauseMonitor.java:run(103)) - JvmPauseMonitor-4fec6c92-8a01-477b-9ee2-8944c630ad1d: Started
2022-03-03 14:18:09,235 [4fec6c92-8a01-477b-9ee2-8944c630ad1d@group-B1EF4EB933B0-FollowerState] INFO  impl.FollowerState (FollowerState.java:run(134)) - 4fec6c92-8a01-477b-9ee2-8944c630ad1d@group-B1EF4EB933B0-FollowerState: change to CANDIDATE, lastRpcElapsedTime:5117647514ns, electionTimeout:5113ms
2022-03-03 14:18:09,236 [4fec6c92-8a01-477b-9ee2-8944c630ad1d@group-B1EF4EB933B0-FollowerState] INFO  impl.RoleInfo (RoleInfo.java:shutdownFollowerState(108)) - 4fec6c92-8a01-477b-9ee2-8944c630ad1d: shutdown 4fec6c92-8a01-477b-9ee2-8944c630ad1d@group-B1EF4EB933B0-FollowerState
2022-03-03 14:18:09,236 [4fec6c92-8a01-477b-9ee2-8944c630ad1d@group-B1EF4EB933B0-FollowerState] INFO  server.RaftServer$Division (RaftServerImpl.java:setRole(290)) - 4fec6c92-8a01-477b-9ee2-8944c630ad1d@group-B1EF4EB933B0: changes role from  FOLLOWER to CANDIDATE at term 0 for changeToCandidate
2022-03-03 14:18:09,239 [4fec6c92-8a01-477b-9ee2-8944c630ad1d@group-B1EF4EB933B0-FollowerState] INFO  server.RaftServerConfigKeys (ConfUtils.java:logGet(44)) - raft.server.leaderelection.pre-vote = false (custom)
2022-03-03 14:18:09,239 [4fec6c92-8a01-477b-9ee2-8944c630ad1d@group-B1EF4EB933B0-FollowerState] INFO  impl.RoleInfo (RoleInfo.java:updateAndGet(130)) - 4fec6c92-8a01-477b-9ee2-8944c630ad1d: start 4fec6c92-8a01-477b-9ee2-8944c630ad1d@group-B1EF4EB933B0-LeaderElection1
2022-03-03 14:18:09,243 [4fec6c92-8a01-477b-9ee2-8944c630ad1d@group-B1EF4EB933B0-LeaderElection1] INFO  impl.LeaderElection (LeaderElection.java:askForVotes(306)) - 4fec6c92-8a01-477b-9ee2-8944c630ad1d@group-B1EF4EB933B0-LeaderElection1 ELECTION round 0: submit vote requests at term 1 for -1: [4fec6c92-8a01-477b-9ee2-8944c630ad1d|rpc:localhost:41845|priority:0], old=null
2022-03-03 14:18:09,244 [4fec6c92-8a01-477b-9ee2-8944c630ad1d@group-B1EF4EB933B0-LeaderElection1] INFO  impl.LeaderElection (LeaderElection.java:askForVotes(308)) - 4fec6c92-8a01-477b-9ee2-8944c630ad1d@group-B1EF4EB933B0-LeaderElection1 ELECTION round 0: result PASSED (term=1)
2022-03-03 14:18:09,244 [4fec6c92-8a01-477b-9ee2-8944c630ad1d@group-B1EF4EB933B0-LeaderElection1] INFO  impl.RoleInfo (RoleInfo.java:shutdownLeaderElection(121)) - 4fec6c92-8a01-477b-9ee2-8944c630ad1d: shutdown 4fec6c92-8a01-477b-9ee2-8944c630ad1d@group-B1EF4EB933B0-LeaderElection1
2022-03-03 14:18:09,245 [4fec6c92-8a01-477b-9ee2-8944c630ad1d@group-B1EF4EB933B0-LeaderElection1] INFO  server.RaftServer$Division (RaftServerImpl.java:setRole(290)) - 4fec6c92-8a01-477b-9ee2-8944c630ad1d@group-B1EF4EB933B0: changes role from CANDIDATE to LEADER at term 1 for changeToLeader
2022-03-03 14:18:09,245 [4fec6c92-8a01-477b-9ee2-8944c630ad1d@group-B1EF4EB933B0-LeaderElection1] INFO  server.RaftServer$Division (ServerState.java:setLeader(285)) - 4fec6c92-8a01-477b-9ee2-8944c630ad1d@group-B1EF4EB933B0: change Leader from null to 4fec6c92-8a01-477b-9ee2-8944c630ad1d at term 1 for becomeLeader, leader elected after 5324ms
2022-03-03 14:18:09,250 [4fec6c92-8a01-477b-9ee2-8944c630ad1d@group-B1EF4EB933B0-LeaderElection1] INFO  server.RaftServerConfigKeys (ConfUtils.java:logGet(44)) - raft.server.staging.catchup.gap = 1000 (default)
2022-03-03 14:18:09,254 [4fec6c92-8a01-477b-9ee2-8944c630ad1d@group-B1EF4EB933B0-LeaderElection1] INFO  server.RaftServerConfigKeys (ConfUtils.java:logGet(44)) - raft.server.write.element-limit = 4096 (default)
2022-03-03 14:18:09,255 [4fec6c92-8a01-477b-9ee2-8944c630ad1d@group-B1EF4EB933B0-LeaderElection1] INFO  server.RaftServerConfigKeys (ConfUtils.java:logGet(44)) - raft.server.write.byte-limit = 64MB (=67108864) (default)
2022-03-03 14:18:09,261 [4fec6c92-8a01-477b-9ee2-8944c630ad1d@group-B1EF4EB933B0-LeaderElection1] INFO  server.RaftServerConfigKeys (ConfUtils.java:logGet(44)) - raft.server.watch.timeout = 10s (default)
2022-03-03 14:18:09,261 [4fec6c92-8a01-477b-9ee2-8944c630ad1d@group-B1EF4EB933B0-LeaderElection1] INFO  server.RaftServerConfigKeys (ConfUtils.java:logGet(44)) - raft.server.watch.timeout.denomination = 1s (default)
2022-03-03 14:18:09,262 [4fec6c92-8a01-477b-9ee2-8944c630ad1d@group-B1EF4EB933B0-LeaderElection1] INFO  server.RaftServerConfigKeys (ConfUtils.java:logGet(44)) - raft.server.watch.element-limit = 65536 (default)
2022-03-03 14:18:09,277 [4fec6c92-8a01-477b-9ee2-8944c630ad1d@group-B1EF4EB933B0-LeaderElection1] INFO  server.RaftServerConfigKeys (ConfUtils.java:logGet(44)) - raft.server.write.element-limit = 4096 (default)
2022-03-03 14:18:09,278 [4fec6c92-8a01-477b-9ee2-8944c630ad1d@group-B1EF4EB933B0-LeaderElection1] INFO  server.RaftServerConfigKeys (ConfUtils.java:logGet(44)) - raft.server.write.follower.gap.ratio.max = -1.0 (default)
2022-03-03 14:18:09,280 [4fec6c92-8a01-477b-9ee2-8944c630ad1d@group-B1EF4EB933B0-LeaderElection1] INFO  impl.RoleInfo (RoleInfo.java:updateAndGet(130)) - 4fec6c92-8a01-477b-9ee2-8944c630ad1d: start 4fec6c92-8a01-477b-9ee2-8944c630ad1d@group-B1EF4EB933B0-LeaderStateImpl
2022-03-03 14:18:09,303 [4fec6c92-8a01-477b-9ee2-8944c630ad1d@group-B1EF4EB933B0-LeaderElection1] INFO  segmented.SegmentedRaftLogWorker (SegmentedRaftLogWorker.java:startLogSegment(394)) - 4fec6c92-8a01-477b-9ee2-8944c630ad1d@group-B1EF4EB933B0-SegmentedRaftLogWorker: Starting segment from index:0
2022-03-03 14:18:09,353 [4fec6c92-8a01-477b-9ee2-8944c630ad1d@group-B1EF4EB933B0-LeaderElection1] INFO  server.RaftServer$Division (ServerState.java:setRaftConf(387)) - 4fec6c92-8a01-477b-9ee2-8944c630ad1d@group-B1EF4EB933B0: set configuration 0: [4fec6c92-8a01-477b-9ee2-8944c630ad1d|rpc:localhost:41845|admin:|client:|dataStream:|priority:0], old=null
2022-03-03 14:18:09,390 [4fec6c92-8a01-477b-9ee2-8944c630ad1d@group-B1EF4EB933B0-SegmentedRaftLogWorker] INFO  segmented.SegmentedRaftLogWorker (SegmentedRaftLogWorker.java:execute(601)) - 4fec6c92-8a01-477b-9ee2-8944c630ad1d@group-B1EF4EB933B0-SegmentedRaftLogWorker: created new log segment /home/runner/work/ozone/ozone/hadoop-ozone/integration-test/target/test-dir/MiniOzoneClusterImpl-0274ca87-c068-4a4d-855f-b1ef4eb933b0/scmNode-1/scm-ha/0274ca87-c068-4a4d-855f-b1ef4eb933b0/current/log_inprogress_0
2022-03-03 14:18:10,180 [Time-limited test] INFO  server.RaftServer (RaftServerProxy.java:lambda$close$6(391)) - 4fec6c92-8a01-477b-9ee2-8944c630ad1d: close
2022-03-03 14:18:10,181 [Time-limited test] INFO  server.RaftServer$Division (RaftServerImpl.java:lambda$close$4(412)) - 4fec6c92-8a01-477b-9ee2-8944c630ad1d@group-B1EF4EB933B0: shutdown
2022-03-03 14:18:10,181 [Time-limited test] INFO  util.JmxRegister (JmxRegister.java:unregister(73)) - Successfully un-registered JMX Bean with object name Ratis:service=RaftServer,group=group-B1EF4EB933B0,id=4fec6c92-8a01-477b-9ee2-8944c630ad1d
2022-03-03 14:18:10,181 [Time-limited test] INFO  impl.RoleInfo (RoleInfo.java:shutdownLeaderState(91)) - 4fec6c92-8a01-477b-9ee2-8944c630ad1d: shutdown 4fec6c92-8a01-477b-9ee2-8944c630ad1d@group-B1EF4EB933B0-LeaderStateImpl
2022-03-03 14:18:10,187 [Time-limited test] INFO  impl.PendingRequests (PendingRequests.java:sendNotLeaderResponses(282)) - 4fec6c92-8a01-477b-9ee2-8944c630ad1d@group-B1EF4EB933B0-PendingRequests: sendNotLeaderResponses
2022-03-03 14:18:10,189 [Time-limited test] INFO  impl.StateMachineUpdater (StateMachineUpdater.java:stopAndJoin(149)) - 4fec6c92-8a01-477b-9ee2-8944c630ad1d@group-B1EF4EB933B0-StateMachineUpdater: set stopIndex = 0
2022-03-03 14:18:10,189 [4fec6c92-8a01-477b-9ee2-8944c630ad1d@group-B1EF4EB933B0-StateMachineUpdater] INFO  impl.StateMachineUpdater (StateMachineUpdater.java:takeSnapshot(281)) - 4fec6c92-8a01-477b-9ee2-8944c630ad1d@group-B1EF4EB933B0-StateMachineUpdater: Took a snapshot at index 0
2022-03-03 14:18:10,190 [4fec6c92-8a01-477b-9ee2-8944c630ad1d@group-B1EF4EB933B0-StateMachineUpdater] INFO  impl.StateMachineUpdater (StateMachineUpdater.java:lambda$new$0(89)) - 4fec6c92-8a01-477b-9ee2-8944c630ad1d@group-B1EF4EB933B0-StateMachineUpdater: snapshotIndex: updateIncreasingly -1 -> 0
2022-03-03 14:18:10,192 [Time-limited test] INFO  server.RaftServer$Division (ServerState.java:close(419)) - 4fec6c92-8a01-477b-9ee2-8944c630ad1d@group-B1EF4EB933B0: closes. applyIndex: 0
2022-03-03 14:18:10,193 [4fec6c92-8a01-477b-9ee2-8944c630ad1d@group-B1EF4EB933B0-SegmentedRaftLogWorker] INFO  segmented.SegmentedRaftLogWorker (SegmentedRaftLogWorker.java:run(327)) - 4fec6c92-8a01-477b-9ee2-8944c630ad1d@group-B1EF4EB933B0-SegmentedRaftLogWorker was interrupted, exiting. There are 0 tasks remaining in the queue.
2022-03-03 14:18:10,194 [Time-limited test] INFO  segmented.SegmentedRaftLogWorker (SegmentedRaftLogWorker.java:close(237)) - 4fec6c92-8a01-477b-9ee2-8944c630ad1d@group-B1EF4EB933B0-SegmentedRaftLogWorker close()
2022-03-03 14:18:10,195 [Time-limited test] INFO  server.GrpcService (GrpcService.java:closeImpl(262)) - 4fec6c92-8a01-477b-9ee2-8944c630ad1d: shutdown server with port 41845 now
2022-03-03 14:18:10,203 [Time-limited test] INFO  server.GrpcService (GrpcService.java:closeImpl(271)) - 4fec6c92-8a01-477b-9ee2-8944c630ad1d: shutdown server with port 41845 successfully
2022-03-03 14:18:10,203 [org.apache.ratis.util.JvmPauseMonitor$$Lambda$435/453351332@3eb22e76] INFO  util.JvmPauseMonitor (JvmPauseMonitor.java:run(109)) - JvmPauseMonitor-4fec6c92-8a01-477b-9ee2-8944c630ad1d: Stopped
2022-03-03 14:18:10,203 [Time-limited test] WARN  server.ServerUtils (ServerUtils.java:getScmDbDir(148)) - ozone.scm.db.dirs is not configured. We recommend adding this setting. Falling back to ozone.metadata.dirs instead.
2022-03-03 14:18:10,206 [Time-limited test] INFO  server.StorageContainerManager (StorageContainerManager.java:scmInit(1107)) - SCM initialization succeeded. Current cluster id for sd=/home/runner/work/ozone/ozone/hadoop-ozone/integration-test/target/test-dir/MiniOzoneClusterImpl-0274ca87-c068-4a4d-855f-b1ef4eb933b0/scmNode-1/scm; cid=0274ca87-c068-4a4d-855f-b1ef4eb933b0; layoutVersion=2; scmId=4fec6c92-8a01-477b-9ee2-8944c630ad1d
2022-03-03 14:18:10,215 [Time-limited test] INFO  ha.SCMHANodeDetails (SCMHANodeDetails.java:loadSCMHAConfig(157)) - ServiceID for StorageContainerManager is scmServiceId
2022-03-03 14:18:10,215 [Time-limited test] INFO  ha.SCMHANodeDetails (SCMHANodeDetails.java:loadSCMHAConfig(168)) - ServiceID for StorageContainerManager is scmServiceId
2022-03-03 14:18:10,215 [Time-limited test] WARN  scm.ScmUtils (ScmUtils.java:logWarn(179)) - ConfigKey ozone.scm.block.client.address is deprecated, For configuring different ports for each SCM use PortConfigKey ozone.scm.block.client.port appended with serviceId and nodeId. If want to configure same port configure ozone.scm.block.client.port
2022-03-03 14:18:10,215 [Time-limited test] WARN  scm.ScmUtils (ScmUtils.java:logWarn(179)) - ConfigKey ozone.scm.client.address is deprecated, For configuring different ports for each SCM use PortConfigKey ozone.scm.client.port appended with serviceId and nodeId. If want to configure same port configure ozone.scm.client.port
2022-03-03 14:18:10,216 [Time-limited test] WARN  scm.ScmUtils (ScmUtils.java:logWarn(179)) - ConfigKey ozone.scm.datanode.address is deprecated, For configuring different ports for each SCM use PortConfigKey ozone.scm.datanode.port appended with serviceId and nodeId. If want to configure same port configure ozone.scm.datanode.port
2022-03-03 14:18:10,216 [Time-limited test] WARN  scm.ScmUtils (ScmUtils.java:logWarn(179)) - ConfigKey ozone.scm.block.client.address is deprecated, For configuring different ports for each SCM use PortConfigKey ozone.scm.block.client.port appended with serviceId and nodeId. If want to configure same port configure ozone.scm.block.client.port
2022-03-03 14:18:10,216 [Time-limited test] WARN  scm.ScmUtils (ScmUtils.java:logWarn(179)) - ConfigKey ozone.scm.client.address is deprecated, For configuring different ports for each SCM use PortConfigKey ozone.scm.client.port appended with serviceId and nodeId. If want to configure same port configure ozone.scm.client.port
2022-03-03 14:18:10,216 [Time-limited test] WARN  scm.ScmUtils (ScmUtils.java:logWarn(179)) - ConfigKey ozone.scm.datanode.address is deprecated, For configuring different ports for each SCM use PortConfigKey ozone.scm.datanode.port appended with serviceId and nodeId. If want to configure same port configure ozone.scm.datanode.port
2022-03-03 14:18:10,216 [Time-limited test] INFO  ha.SCMHANodeDetails (SCMHANodeDetails.java:loadSCMHAConfig(250)) - Found matching SCM address with SCMServiceId: scmServiceId, SCMNodeId: scmNode-1, RPC Address: localhost:41845 and Ratis port: 41845
2022-03-03 14:18:10,217 [Time-limited test] INFO  ha.SCMHANodeDetails (ConfUtils.java:setNodeSpecificConfigs(108)) - Setting configuration key ozone.scm.datanode.address with value of key ozone.scm.datanode.address.scmServiceId.scmNode-1: 127.0.0.1:39049
2022-03-03 14:18:10,217 [Time-limited test] INFO  ha.SCMHANodeDetails (ConfUtils.java:setNodeSpecificConfigs(108)) - Setting configuration key ozone.scm.block.client.address with value of key ozone.scm.block.client.address.scmServiceId.scmNode-1: 127.0.0.1:41255
2022-03-03 14:18:10,217 [Time-limited test] INFO  ha.SCMHANodeDetails (ConfUtils.java:setNodeSpecificConfigs(108)) - Setting configuration key ozone.scm.client.address with value of key ozone.scm.client.address.scmServiceId.scmNode-1: 127.0.0.1:36335
2022-03-03 14:18:10,217 [Time-limited test] INFO  ha.SCMHANodeDetails (ConfUtils.java:setNodeSpecificConfigs(108)) - Setting configuration key ozone.scm.ratis.port with value of key ozone.scm.ratis.port.scmServiceId.scmNode-1: 41845
2022-03-03 14:18:10,217 [Time-limited test] INFO  ha.SCMHANodeDetails (ConfUtils.java:setNodeSpecificConfigs(108)) - Setting configuration key ozone.scm.grpc.port with value of key ozone.scm.grpc.port.scmServiceId.scmNode-1: 34819
2022-03-03 14:18:10,217 [Time-limited test] INFO  ha.SCMHANodeDetails (ConfUtils.java:setNodeSpecificConfigs(108)) - Setting configuration key ozone.scm.http-address with value of key ozone.scm.http-address.scmServiceId.scmNode-1: 127.0.0.1:45853
2022-03-03 14:18:10,217 [Time-limited test] INFO  ha.SCMHANodeDetails (ConfUtils.java:setNodeSpecificConfigs(108)) - Setting configuration key ozone.scm.https-address with value of key ozone.scm.https-address.scmServiceId.scmNode-1: 127.0.0.1:36963
2022-03-03 14:18:10,217 [Time-limited test] INFO  ha.SCMHANodeDetails (ConfUtils.java:setNodeSpecificConfigs(108)) - Setting configuration key ozone.scm.address with value of key ozone.scm.address.scmServiceId.scmNode-1: 127.0.0.1
2022-03-03 14:18:10,217 [Time-limited test] WARN  scm.ScmUtils (ScmUtils.java:logWarn(179)) - ConfigKey ozone.scm.block.client.address is deprecated, For configuring different ports for each SCM use PortConfigKey ozone.scm.block.client.port appended with serviceId and nodeId. If want to configure same port configure ozone.scm.block.client.port
2022-03-03 14:18:10,217 [Time-limited test] WARN  scm.ScmUtils (ScmUtils.java:logWarn(179)) - ConfigKey ozone.scm.client.address is deprecated, For configuring different ports for each SCM use PortConfigKey ozone.scm.client.port appended with serviceId and nodeId. If want to configure same port configure ozone.scm.client.port
2022-03-03 14:18:10,217 [Time-limited test] WARN  scm.ScmUtils (ScmUtils.java:logWarn(179)) - ConfigKey ozone.scm.datanode.address is deprecated, For configuring different ports for each SCM use PortConfigKey ozone.scm.datanode.port appended with serviceId and nodeId. If want to configure same port configure ozone.scm.datanode.port
2022-03-03 14:18:10,237 [Time-limited test] WARN  server.ServerUtils (ServerUtils.java:getScmDbDir(148)) - ozone.scm.db.dirs is not configured. We recommend adding this setting. Falling back to ozone.metadata.dirs instead.
2022-03-03 14:18:10,238 [Time-limited test] INFO  upgrade.AbstractLayoutVersionManager (AbstractLayoutVersionManager.java:init(79)) - Initializing Layout version manager with metadata layout = SCM_HA (version = 2), software layout = SCM_HA (version = 2)
2022-03-03 14:18:10,354 [Time-limited test] INFO  reflections.Reflections (Reflections.java:scan(232)) - Reflections took 93 ms to scan 7 urls, producing 122 keys and 286 values 
2022-03-03 14:18:10,705 [Time-limited test] WARN  utils.HAUtils (HAUtils.java:getMetaDir(342)) - ozone.scm.db.dirs is not configured. We recommend adding this setting. Falling back to ozone.metadata.dirs instead.
2022-03-03 14:18:10,820 [Time-limited test] WARN  db.DBStoreBuilder (DBStoreBuilder.java:applyDBDefinition(145)) - ozone.scm.db.dirs is not configured. We recommend adding this setting. Falling back to ozone.metadata.dirs instead.
2022-03-03 14:18:10,954 [Time-limited test] INFO  net.NodeSchemaLoader (NodeSchemaLoader.java:loadSchemaFromFile(129)) - Loading schema from [jar:file:/home/runner/.m2/repository/org/apache/ozone/hdds-common/1.3.0-SNAPSHOT/hdds-common-1.3.0-SNAPSHOT.jar!/network-topology-default.xml]
2022-03-03 14:18:10,955 [Time-limited test] INFO  net.NodeSchemaLoader (NodeSchemaLoader.java:loadSchema(176)) - Loading network topology layer schema file
2022-03-03 14:18:10,992 [Time-limited test] INFO  ha.SCMRatisServerImpl (SCMRatisServerImpl.java:<init>(87)) - starting Raft server for scm:4fec6c92-8a01-477b-9ee2-8944c630ad1d
2022-03-03 14:18:10,996 [Time-limited test] INFO  server.RaftServer (ConfUtils.java:logGet(44)) - raft.rpc.type = GRPC (default)
2022-03-03 14:18:10,996 [Time-limited test] INFO  grpc.GrpcFactory (GrpcFactory.java:checkPooledByteBufAllocatorUseCacheForAllThreads(48)) - PERFORMANCE WARNING: useCacheForAllThreads is true that may cause Netty to create a lot garbage objects and, as a result, trigger GC.
	It is recommended to disable useCacheForAllThreads by setting -Dorg.apache.ratis.thirdparty.io.netty.allocator.useCacheForAllThreads=false in command line.
2022-03-03 14:18:10,996 [Time-limited test] INFO  grpc.GrpcConfigKeys (ConfUtils.java:logGet(44)) - raft.grpc.admin.port = -1 (default)
2022-03-03 14:18:10,997 [Time-limited test] INFO  grpc.GrpcConfigKeys (ConfUtils.java:logGet(44)) - raft.grpc.server.port = 41845 (custom)
2022-03-03 14:18:10,997 [Time-limited test] INFO  grpc.GrpcConfigKeys (ConfUtils.java:logGet(44)) - raft.grpc.client.port = -1 (default)
2022-03-03 14:18:10,997 [Time-limited test] INFO  grpc.GrpcConfigKeys (ConfUtils.java:logGet(44)) - raft.grpc.server.port = 41845 (custom)
2022-03-03 14:18:10,997 [Time-limited test] INFO  grpc.GrpcConfigKeys (ConfUtils.java:logGet(44)) - raft.grpc.server.port = 41845 (custom)
2022-03-03 14:18:10,997 [Time-limited test] INFO  server.GrpcService (ConfUtils.java:logGet(44)) - raft.grpc.message.size.max = 32m (=33554432) (custom)
2022-03-03 14:18:10,997 [Time-limited test] INFO  server.RaftServerConfigKeys (ConfUtils.java:logGet(44)) - raft.server.log.appender.buffer.byte-limit = 33554432 (custom)
2022-03-03 14:18:10,997 [Time-limited test] INFO  server.GrpcService (ConfUtils.java:logGet(44)) - raft.grpc.flow.control.window = 1MB (=1048576) (default)
2022-03-03 14:18:10,997 [Time-limited test] INFO  server.RaftServerConfigKeys (ConfUtils.java:logGet(44)) - raft.server.rpc.request.timeout = 30000ms (custom)
2022-03-03 14:18:10,998 [Time-limited test] INFO  impl.DataStreamServerImpl (ConfUtils.java:logGet(44)) - raft.datastream.type = DISABLED (default)
2022-03-03 14:18:10,998 [Time-limited test] INFO  server.RaftServerConfigKeys (ConfUtils.java:logGet(44)) - raft.server.rpc.slowness.timeout = 120000ms (custom)
2022-03-03 14:18:10,998 [Time-limited test] INFO  server.RaftServerConfigKeys (ConfUtils.java:logGet(44)) - raft.server.leaderelection.leader.step-down.wait-time = 10s (default)
2022-03-03 14:18:10,999 [Time-limited test] INFO  server.RaftServerConfigKeys (ConfUtils.java:logGet(44)) - raft.server.storage.dir = [/home/runner/work/ozone/ozone/hadoop-ozone/integration-test/target/test-dir/MiniOzoneClusterImpl-0274ca87-c068-4a4d-855f-b1ef4eb933b0/scmNode-1/scm-ha] (custom)
2022-03-03 14:18:10,999 [Time-limited test] INFO  server.RaftServer (RaftServerProxy.java:lambda$null$1(235)) - 4fec6c92-8a01-477b-9ee2-8944c630ad1d: found a subdirectory /home/runner/work/ozone/ozone/hadoop-ozone/integration-test/target/test-dir/MiniOzoneClusterImpl-0274ca87-c068-4a4d-855f-b1ef4eb933b0/scmNode-1/scm-ha/0274ca87-c068-4a4d-855f-b1ef4eb933b0
2022-03-03 14:18:11,000 [Time-limited test] INFO  server.RaftServer (RaftServerProxy.java:addNew(95)) - 4fec6c92-8a01-477b-9ee2-8944c630ad1d: addNew group-B1EF4EB933B0:[] returns group-B1EF4EB933B0:java.util.concurrent.CompletableFuture@77cbc831[Not completed]
2022-03-03 14:18:11,003 [pool-16-thread-1] INFO  server.RaftServer$Division (RaftServerImpl.java:<init>(184)) - 4fec6c92-8a01-477b-9ee2-8944c630ad1d: new RaftServerImpl for group-B1EF4EB933B0:[] with SCMStateMachine:uninitialized
2022-03-03 14:18:11,003 [pool-16-thread-1] INFO  server.RaftServerConfigKeys (ConfUtils.java:logGet(44)) - raft.server.rpc.timeout.min = 5000ms (custom)
2022-03-03 14:18:11,003 [pool-16-thread-1] INFO  server.RaftServerConfigKeys (ConfUtils.java:logGet(44)) - raft.server.rpc.timeout.max = 5200ms (custom)
2022-03-03 14:18:11,003 [pool-16-thread-1] INFO  server.RaftServerConfigKeys (ConfUtils.java:logGet(44)) - raft.server.rpc.sleep.time = 25ms (default)
2022-03-03 14:18:11,003 [pool-16-thread-1] INFO  server.RaftServerConfigKeys (ConfUtils.java:logGet(44)) - raft.server.rpc.slowness.timeout = 120000ms (custom)
2022-03-03 14:18:11,003 [pool-16-thread-1] INFO  server.RaftServerConfigKeys (ConfUtils.java:logGet(44)) - raft.server.leaderelection.leader.step-down.wait-time = 10s (default)
2022-03-03 14:18:11,003 [pool-16-thread-1] INFO  server.RaftServerConfigKeys (ConfUtils.java:logGet(44)) - raft.server.sleep.deviation.threshold = 300ms (default)
2022-03-03 14:18:11,003 [pool-16-thread-1] INFO  server.RaftServerConfigKeys (ConfUtils.java:logGet(44)) - raft.server.log.appender.install.snapshot.enabled = false (custom)
2022-03-03 14:18:11,003 [pool-16-thread-1] INFO  server.RaftServer$Division (ServerState.java:<init>(105)) - 4fec6c92-8a01-477b-9ee2-8944c630ad1d@group-B1EF4EB933B0: ConfigurationManager, init=-1: [], old=null, confs=<EMPTY_MAP>
2022-03-03 14:18:11,004 [pool-16-thread-1] INFO  server.RaftServerConfigKeys (ConfUtils.java:logGet(44)) - raft.server.storage.dir = [/home/runner/work/ozone/ozone/hadoop-ozone/integration-test/target/test-dir/MiniOzoneClusterImpl-0274ca87-c068-4a4d-855f-b1ef4eb933b0/scmNode-1/scm-ha] (custom)
2022-03-03 14:18:11,004 [pool-16-thread-1] INFO  server.RaftServerConfigKeys (ConfUtils.java:logGet(44)) - raft.server.log.corruption.policy = EXCEPTION (default)
2022-03-03 14:18:11,004 [pool-16-thread-1] INFO  server.RaftServerConfigKeys (ConfUtils.java:logGet(44)) - raft.server.storage.free-space.min = 0MB (=0) (default)
2022-03-03 14:18:11,005 [pool-16-thread-1] INFO  storage.RaftStorageDirectory (RaftStorageDirectoryImpl.java:tryLock(230)) - Lock on /home/runner/work/ozone/ozone/hadoop-ozone/integration-test/target/test-dir/MiniOzoneClusterImpl-0274ca87-c068-4a4d-855f-b1ef4eb933b0/scmNode-1/scm-ha/0274ca87-c068-4a4d-855f-b1ef4eb933b0/in_use.lock acquired by nodename 586@fv-az50-851
2022-03-03 14:18:11,005 [pool-16-thread-1] INFO  storage.RaftStorage (RaftStorageImpl.java:analyzeAndRecoverStorage(110)) - Read RaftStorageMetadata{term=1, votedFor=4fec6c92-8a01-477b-9ee2-8944c630ad1d} from /home/runner/work/ozone/ozone/hadoop-ozone/integration-test/target/test-dir/MiniOzoneClusterImpl-0274ca87-c068-4a4d-855f-b1ef4eb933b0/scmNode-1/scm-ha/0274ca87-c068-4a4d-855f-b1ef4eb933b0/current/raft-meta
2022-03-03 14:18:11,014 [pool-16-thread-1] INFO  server.RaftServer$Division (ServerState.java:setRaftConf(387)) - 4fec6c92-8a01-477b-9ee2-8944c630ad1d@group-B1EF4EB933B0: set configuration 0: [4fec6c92-8a01-477b-9ee2-8944c630ad1d|rpc:localhost:41845|admin:|client:|dataStream:|priority:0], old=null
2022-03-03 14:18:11,015 [pool-16-thread-1] INFO  server.RaftServerConfigKeys (ConfUtils.java:logGet(44)) - raft.server.notification.no-leader.timeout = 60s (default)
2022-03-03 14:18:11,015 [pool-16-thread-1] INFO  server.RaftServerConfigKeys (ConfUtils.java:logGet(44)) - raft.server.log.use.memory = false (default)
2022-03-03 14:18:11,015 [pool-16-thread-1] INFO  server.RaftServerConfigKeys (ConfUtils.java:logGet(44)) - raft.server.log.purge.gap = 1000000 (custom)
2022-03-03 14:18:11,015 [pool-16-thread-1] INFO  server.RaftServerConfigKeys (ConfUtils.java:logGet(44)) - raft.server.log.appender.buffer.byte-limit = 33554432 (custom)
2022-03-03 14:18:11,018 [pool-16-thread-1] INFO  server.RaftServerConfigKeys (ConfUtils.java:logGet(44)) - raft.server.log.segment.size.max = 4194304 (custom)
2022-03-03 14:18:11,019 [pool-16-thread-1] INFO  server.RaftServerConfigKeys (ConfUtils.java:logGet(44)) - raft.server.log.segment.cache.num.max = 2 (custom)
2022-03-03 14:18:11,019 [pool-16-thread-1] INFO  server.RaftServerConfigKeys (ConfUtils.java:logGet(44)) - raft.server.log.segment.cache.size.max = 200MB (=209715200) (default)
2022-03-03 14:18:11,019 [pool-16-thread-1] INFO  segmented.SegmentedRaftLogWorker (SegmentedRaftLogWorker.java:<init>(182)) - new 4fec6c92-8a01-477b-9ee2-8944c630ad1d@group-B1EF4EB933B0-SegmentedRaftLogWorker for RaftStorageImpl:Storage Directory /home/runner/work/ozone/ozone/hadoop-ozone/integration-test/target/test-dir/MiniOzoneClusterImpl-0274ca87-c068-4a4d-855f-b1ef4eb933b0/scmNode-1/scm-ha/0274ca87-c068-4a4d-855f-b1ef4eb933b0
2022-03-03 14:18:11,019 [pool-16-thread-1] INFO  server.RaftServerConfigKeys (ConfUtils.java:logGet(44)) - raft.server.log.queue.byte-limit = 64MB (=67108864) (default)
2022-03-03 14:18:11,019 [pool-16-thread-1] INFO  server.RaftServerConfigKeys (ConfUtils.java:logGet(44)) - raft.server.log.queue.element-limit = 4096 (default)
2022-03-03 14:18:11,019 [pool-16-thread-1] INFO  server.RaftServerConfigKeys (ConfUtils.java:logGet(44)) - raft.server.log.segment.size.max = 4194304 (custom)
2022-03-03 14:18:11,019 [pool-16-thread-1] INFO  server.RaftServerConfigKeys (ConfUtils.java:logGet(44)) - raft.server.log.preallocated.size = 4194304 (custom)
2022-03-03 14:18:11,019 [pool-16-thread-1] INFO  server.RaftServerConfigKeys (ConfUtils.java:logGet(44)) - raft.server.log.force.sync.num = 128 (default)
2022-03-03 14:18:11,020 [pool-16-thread-1] INFO  server.RaftServerConfigKeys (ConfUtils.java:logGet(44)) - raft.server.log.statemachine.data.sync = true (default)
2022-03-03 14:18:11,020 [pool-16-thread-1] INFO  server.RaftServerConfigKeys (ConfUtils.java:logGet(44)) - raft.server.log.statemachine.data.sync.timeout = 10s (default)
2022-03-03 14:18:11,020 [pool-16-thread-1] INFO  server.RaftServerConfigKeys (ConfUtils.java:logGet(44)) - raft.server.log.statemachine.data.sync.timeout.retry = -1 (default)
2022-03-03 14:18:11,020 [pool-16-thread-1] INFO  server.RaftServerConfigKeys (ConfUtils.java:logGet(44)) - raft.server.log.write.buffer.size = 64KB (=65536) (default)
2022-03-03 14:18:11,020 [pool-16-thread-1] INFO  server.RaftServerConfigKeys (ConfUtils.java:logGet(44)) - raft.server.log.statemachine.data.caching.enabled = false (default)
2022-03-03 14:18:11,026 [pool-16-thread-1] INFO  server.RaftServer$Division (ServerState.java:setRaftConf(387)) - 4fec6c92-8a01-477b-9ee2-8944c630ad1d@group-B1EF4EB933B0: set configuration 0: [4fec6c92-8a01-477b-9ee2-8944c630ad1d|rpc:localhost:41845|admin:|client:|dataStream:|priority:0], old=null
2022-03-03 14:18:11,026 [pool-16-thread-1] INFO  segmented.LogSegment (LogSegment.java:loadSegment(173)) - Successfully read 1 entries from segment file /home/runner/work/ozone/ozone/hadoop-ozone/integration-test/target/test-dir/MiniOzoneClusterImpl-0274ca87-c068-4a4d-855f-b1ef4eb933b0/scmNode-1/scm-ha/0274ca87-c068-4a4d-855f-b1ef4eb933b0/current/log_inprogress_0
2022-03-03 14:18:11,027 [pool-16-thread-1] INFO  segmented.SegmentedRaftLogWorker (SegmentedRaftLogWorker.java:lambda$new$0(133)) - 4fec6c92-8a01-477b-9ee2-8944c630ad1d@group-B1EF4EB933B0-SegmentedRaftLogWorker: flushIndex: setUnconditionally 0 -> 0
2022-03-03 14:18:11,027 [pool-16-thread-1] INFO  segmented.SegmentedRaftLogWorker (SegmentedRaftLogWorker.java:lambda$new$0(133)) - 4fec6c92-8a01-477b-9ee2-8944c630ad1d@group-B1EF4EB933B0-SegmentedRaftLogWorker: safeCacheEvictIndex: setUnconditionally 0 -> -1
2022-03-03 14:18:11,027 [pool-16-thread-1] INFO  server.RaftServerConfigKeys (ConfUtils.java:logGet(44)) - raft.server.snapshot.auto.trigger.enabled = true (custom)
2022-03-03 14:18:11,027 [pool-16-thread-1] INFO  server.RaftServerConfigKeys (ConfUtils.java:logGet(44)) - raft.server.snapshot.auto.trigger.threshold = 1000 (custom)
2022-03-03 14:18:11,027 [pool-16-thread-1] INFO  server.RaftServerConfigKeys (ConfUtils.java:logGet(44)) - raft.server.snapshot.retention.file.num = -1 (default)
2022-03-03 14:18:11,027 [pool-16-thread-1] INFO  server.RaftServerConfigKeys (ConfUtils.java:logGet(44)) - raft.server.log.purge.upto.snapshot.index = false (default)
2022-03-03 14:18:11,027 [pool-16-thread-1] INFO  server.RaftServerConfigKeys (ConfUtils.java:logGet(44)) - raft.server.retrycache.expirytime = 60000ms (default)
2022-03-03 14:18:11,027 [pool-16-thread-1] INFO  server.RaftServerConfigKeys (ConfUtils.java:logGet(44)) - raft.server.retrycache.statistics.expirytime = 100μs (default)
2022-03-03 14:18:11,030 [Time-limited test] INFO  ha.SCMSnapshotProvider (SCMSnapshotProvider.java:<init>(66)) - Initializing SCM Snapshot Provider
2022-03-03 14:18:11,030 [Time-limited test] WARN  server.ServerUtils (ServerUtils.java:getDefaultRatisDirectory(237)) - Storage directory for Ratis is not configured. It is a good idea to map this to an SSD disk. Falling back to ozone.metadata.dirs
2022-03-03 14:18:11,030 [Time-limited test] WARN  ha.SCMHAUtils (SCMHAUtils.java:getSCMRatisSnapshotDirectory(151)) - SCM snapshot dir is not configured. Falling back to ozone.metadata.dirs config
2022-03-03 14:18:11,152 [Time-limited test] INFO  ha.SequenceIdGenerator (SequenceIdGenerator.java:upgradeToSequenceId(347)) - upgrade localId to 109611004723200000
2022-03-03 14:18:11,152 [Time-limited test] INFO  ha.SequenceIdGenerator (SequenceIdGenerator.java:upgradeToSequenceId(357)) - upgrade delTxnId to 0
2022-03-03 14:18:11,155 [Time-limited test] INFO  ha.SequenceIdGenerator (SequenceIdGenerator.java:upgradeToSequenceId(371)) - upgrade containerId to 0
2022-03-03 14:18:11,156 [Time-limited test] INFO  ha.SequenceIdGenerator (SequenceIdGenerator.java:<init>(218)) - Init the HA SequenceIdGenerator.
2022-03-03 14:18:11,209 [Time-limited test] INFO  node.SCMNodeManager (SCMNodeManager.java:<init>(146)) - Entering startup safe mode.
2022-03-03 14:18:11,272 [Time-limited test] INFO  algorithms.ContainerPlacementPolicyFactory (ContainerPlacementPolicyFactory.java:getPolicy(60)) - Create container placement policy of type org.apache.hadoop.hdds.scm.container.placement.algorithms.SCMContainerPlacementRandom
2022-03-03 14:18:11,280 [Time-limited test] INFO  pipeline.PipelineStateManagerImpl (PipelineStateManagerImpl.java:initialize(78)) - No pipeline exists in current db
2022-03-03 14:18:11,308 [Time-limited test] INFO  algorithms.LeaderChoosePolicyFactory (LeaderChoosePolicyFactory.java:getPolicy(57)) - Create leader choose policy of type org.apache.hadoop.hdds.scm.pipeline.leader.choose.algorithms.MinLeaderCountChoosePolicy
2022-03-03 14:18:11,316 [Time-limited test] INFO  ha.SCMServiceManager (SCMServiceManager.java:register(42)) - Registering service BackgroundPipelineCreator.
2022-03-03 14:18:11,316 [Time-limited test] INFO  pipeline.BackgroundPipelineCreator (BackgroundPipelineCreator.java:start(130)) - Starting RatisPipelineUtilsThread.
2022-03-03 14:18:11,348 [Time-limited test] INFO  algorithms.PipelineChoosePolicyFactory (PipelineChoosePolicyFactory.java:createPipelineChoosePolicyFromClass(73)) - Create pipeline choose policy of type org.apache.hadoop.hdds.scm.pipeline.choose.algorithms.RandomPipelineChoosePolicy
2022-03-03 14:18:11,361 [Time-limited test] INFO  ha.SCMServiceManager (SCMServiceManager.java:register(42)) - Registering service SCMBlockDeletingService.
2022-03-03 14:18:11,385 [Time-limited test] INFO  ha.SCMServiceManager (SCMServiceManager.java:register(42)) - Registering service ReplicationManager.
2022-03-03 14:18:11,395 [Time-limited test] INFO  container.ReplicationManager (ReplicationManager.java:start(326)) - Starting Replication Monitor Thread.
2022-03-03 14:18:11,403 [ReplicationMonitor] INFO  container.ReplicationManager (ReplicationManager.java:processAll(374)) - Replication Manager is not ready to run until 300000ms after safemode exit
2022-03-03 14:18:11,404 [Time-limited test] INFO  safemode.ContainerSafeModeRule (ContainerSafeModeRule.java:<init>(89)) - containers with one replica threshold count 0
2022-03-03 14:18:11,408 [Time-limited test] INFO  safemode.HealthyPipelineSafeModeRule (HealthyPipelineSafeModeRule.java:initializeRule(156)) - Total pipeline count is 0, healthy pipeline threshold count is 1
2022-03-03 14:18:11,410 [Time-limited test] INFO  safemode.OneReplicaPipelineSafeModeRule (OneReplicaPipelineSafeModeRule.java:initializeRule(180)) - Total pipeline count is 0, pipeline's with at least one datanode reported threshold count is 0
2022-03-03 14:18:11,726 [Time-limited test] INFO  ipc.CallQueueManager (CallQueueManager.java:<init>(90)) - Using callQueue: class java.util.concurrent.LinkedBlockingQueue, queueCapacity: 10000, scheduler: class org.apache.hadoop.ipc.DefaultRpcScheduler, ipcBackoff: false.
2022-03-03 14:18:11,755 [Socket Reader #1 for port 39049] INFO  ipc.Server (Server.java:run(1265)) - Starting Socket Reader #1 for port 39049
2022-03-03 14:18:11,790 [Listener at 0.0.0.0/39049] INFO  ipc.CallQueueManager (CallQueueManager.java:<init>(90)) - Using callQueue: class java.util.concurrent.LinkedBlockingQueue, queueCapacity: 10000, scheduler: class org.apache.hadoop.ipc.DefaultRpcScheduler, ipcBackoff: false.
2022-03-03 14:18:11,791 [Socket Reader #1 for port 41255] INFO  ipc.Server (Server.java:run(1265)) - Starting Socket Reader #1 for port 41255
2022-03-03 14:18:11,807 [Listener at 0.0.0.0/41255] INFO  ipc.CallQueueManager (CallQueueManager.java:<init>(90)) - Using callQueue: class java.util.concurrent.LinkedBlockingQueue, queueCapacity: 10000, scheduler: class org.apache.hadoop.ipc.DefaultRpcScheduler, ipcBackoff: false.
2022-03-03 14:18:11,811 [Socket Reader #1 for port 36335] INFO  ipc.Server (Server.java:run(1265)) - Starting Socket Reader #1 for port 36335
2022-03-03 14:18:11,858 [Listener at 0.0.0.0/36335] INFO  server.StorageContainerManager (StorageContainerManager.java:<init>(389)) - 
Container Balancer status:
Key                            Value
Running                        false
Container Balancer Configuration values:
Key                                                Value
Threshold                                          10
Max Datanodes to Involve per Iteration(percent)    20
Max Size to Move per Iteration                     500GB
Max Size Entering Target per Iteration             26GB
Max Size Leaving Source per Iteration              26GB

2022-03-03 14:18:11,859 [Listener at 0.0.0.0/36335] WARN  events.EventQueue (EventQueue.java:fireEvent(194)) - No event handler registered for event TypedEvent{payloadType=SafeModeStatus, name='Safe mode status'}
2022-03-03 14:18:11,859 [Listener at 0.0.0.0/36335] INFO  ha.SCMContext (SCMContext.java:updateSafeModeStatus(211)) - Update SafeModeStatus from SafeModeStatus{safeModeStatus=true, preCheckPassed=false} to SafeModeStatus{safeModeStatus=true, preCheckPassed=false}.
2022-03-03 14:18:11,861 [Listener at 0.0.0.0/36335] INFO  server.StorageContainerManager (StorageContainerManager.java:start(1327)) - StorageContainerLocationProtocol RPC server is listening at /0.0.0.0:36335
2022-03-03 14:18:11,862 [Listener at 0.0.0.0/36335] INFO  ha.SCMRatisServerImpl (SCMRatisServerImpl.java:start(177)) - starting ratis server 0.0.0.0:41845
2022-03-03 14:18:11,862 [Listener at 0.0.0.0/36335] INFO  server.RaftServer$Division (RaftServerImpl.java:start(301)) - 4fec6c92-8a01-477b-9ee2-8944c630ad1d@group-B1EF4EB933B0: start as a follower, conf=0: [4fec6c92-8a01-477b-9ee2-8944c630ad1d|rpc:localhost:41845|admin:|client:|dataStream:|priority:0], old=null
2022-03-03 14:18:11,863 [Listener at 0.0.0.0/36335] INFO  server.RaftServer$Division (RaftServerImpl.java:setRole(290)) - 4fec6c92-8a01-477b-9ee2-8944c630ad1d@group-B1EF4EB933B0: changes role from      null to FOLLOWER at term 1 for startAsFollower
2022-03-03 14:18:11,863 [Listener at 0.0.0.0/36335] INFO  impl.RoleInfo (RoleInfo.java:updateAndGet(130)) - 4fec6c92-8a01-477b-9ee2-8944c630ad1d: start 4fec6c92-8a01-477b-9ee2-8944c630ad1d@group-B1EF4EB933B0-FollowerState
2022-03-03 14:18:11,867 [Listener at 0.0.0.0/36335] INFO  util.JmxRegister (JmxRegister.java:tryRegister(44)) - Successfully registered JMX Bean with object name Ratis:service=RaftServer,group=group-B1EF4EB933B0,id=4fec6c92-8a01-477b-9ee2-8944c630ad1d
2022-03-03 14:18:11,868 [Listener at 0.0.0.0/36335] INFO  server.RaftServer (RaftServerProxy.java:lambda$start$5(374)) - 4fec6c92-8a01-477b-9ee2-8944c630ad1d: start RPC server
2022-03-03 14:18:11,869 [Listener at 0.0.0.0/36335] INFO  server.GrpcService (GrpcService.java:startImpl(253)) - 4fec6c92-8a01-477b-9ee2-8944c630ad1d: GrpcService started, listening on 41845
2022-03-03 14:18:11,869 [Listener at 0.0.0.0/36335] INFO  ha.SCMHAManagerImpl (SCMHAManagerImpl.java:start(121)) -  scm role is FOLLOWER peers [4fec6c92-8a01-477b-9ee2-8944c630ad1d|rpc:localhost:41845|admin:|client:|dataStream:|priority:0]
2022-03-03 14:18:11,869 [Listener at 0.0.0.0/36335] INFO  ha.InterSCMGrpcService (InterSCMGrpcProtocolService.java:start(94)) - Starting SCM Grpc Service at port 34819
2022-03-03 14:18:11,871 [org.apache.ratis.util.JvmPauseMonitor$$Lambda$435/453351332@29352588] INFO  util.JvmPauseMonitor (JvmPauseMonitor.java:run(103)) - JvmPauseMonitor-4fec6c92-8a01-477b-9ee2-8944c630ad1d: Started
2022-03-03 14:18:11,934 [Listener at 0.0.0.0/36335] WARN  impl.MetricsConfig (MetricsConfig.java:loadFirst(136)) - Cannot locate configuration: tried hadoop-metrics2-storagecontainermanager.properties,hadoop-metrics2.properties
2022-03-03 14:18:11,954 [Listener at 0.0.0.0/36335] INFO  impl.MetricsSystemImpl (MetricsSystemImpl.java:startTimer(378)) - Scheduled Metric snapshot period at 10 second(s).
2022-03-03 14:18:11,954 [Listener at 0.0.0.0/36335] INFO  impl.MetricsSystemImpl (MetricsSystemImpl.java:start(191)) - StorageContainerManager metrics system started
2022-03-03 14:18:12,188 [Listener at 0.0.0.0/36335] INFO  server.SCMClientProtocolServer (SCMClientProtocolServer.java:start(165)) - RPC server for Client  is listening at /0.0.0.0:36335
2022-03-03 14:18:12,189 [IPC Server Responder] INFO  ipc.Server (Server.java:run(1507)) - IPC Server Responder: starting
2022-03-03 14:18:12,191 [IPC Server listener on 36335] INFO  ipc.Server (Server.java:run(1344)) - IPC Server listener on 36335: starting
2022-03-03 14:18:12,212 [Listener at 0.0.0.0/36335] INFO  server.StorageContainerManager (StorageContainerManager.java:start(1342)) - ScmBlockLocationProtocol RPC server is listening at /0.0.0.0:41255
2022-03-03 14:18:12,213 [Listener at 0.0.0.0/36335] INFO  server.SCMBlockProtocolServer (SCMBlockProtocolServer.java:start(151)) - RPC server for Block Protocol is listening at /0.0.0.0:41255
2022-03-03 14:18:12,213 [IPC Server Responder] INFO  ipc.Server (Server.java:run(1507)) - IPC Server Responder: starting
2022-03-03 14:18:12,213 [IPC Server listener on 41255] INFO  ipc.Server (Server.java:run(1344)) - IPC Server listener on 41255: starting
2022-03-03 14:18:12,240 [org.apache.hadoop.util.JvmPauseMonitor$Monitor@22d7ca3b] INFO  util.JvmPauseMonitor (JvmPauseMonitor.java:run(188)) - Starting JVM pause monitor
2022-03-03 14:18:12,252 [Listener at 0.0.0.0/36335] INFO  http.BaseHttpServer (BaseHttpServer.java:newHttpServer2BuilderForOzone(209)) - Starting Web-server for scm at: http://0.0.0.0:45853
2022-03-03 14:18:12,252 [Listener at 0.0.0.0/36335] INFO  http.BaseHttpServer (BaseHttpServer.java:<init>(107)) - Hadoop Security Enabled: false Ozone Security Enabled: false Ozone HTTP Security Enabled: false 
2022-03-03 14:18:12,275 [Listener at 0.0.0.0/36335] INFO  util.log (Log.java:initialized(170)) - Logging initialized @10288ms to org.eclipse.jetty.util.log.Slf4jLog
2022-03-03 14:18:12,363 [Listener at 0.0.0.0/36335] INFO  server.AuthenticationFilter (AuthenticationFilter.java:constructSecretProvider(240)) - Unable to initialize FileSignerSecretProvider, falling back to use random secrets.
2022-03-03 14:18:12,367 [Listener at 0.0.0.0/36335] WARN  http.HttpRequestLog (HttpRequestLog.java:getRequestLog(103)) - Jetty request log can only be enabled using Log4j
2022-03-03 14:18:12,370 [Listener at 0.0.0.0/36335] INFO  http.HttpServer2 (HttpServer2.java:addGlobalFilter(1030)) - Added global filter 'safety' (class=org.apache.hadoop.hdds.server.http.HttpServer2$QuotingInputFilter)
2022-03-03 14:18:12,372 [Listener at 0.0.0.0/36335] INFO  http.HttpServer2 (HttpServer2.java:addFilter(1006)) - Added filter static_user_filter (class=org.apache.hadoop.http.lib.StaticUserWebFilter$StaticUserFilter) to context scm
2022-03-03 14:18:12,373 [Listener at 0.0.0.0/36335] INFO  http.HttpServer2 (HttpServer2.java:addFilter(1014)) - Added filter static_user_filter (class=org.apache.hadoop.http.lib.StaticUserWebFilter$StaticUserFilter) to context static
2022-03-03 14:18:12,373 [Listener at 0.0.0.0/36335] INFO  http.HttpServer2 (HttpServer2.java:addFilter(1014)) - Added filter static_user_filter (class=org.apache.hadoop.http.lib.StaticUserWebFilter$StaticUserFilter) to context logs
2022-03-03 14:18:12,405 [Listener at 0.0.0.0/36335] INFO  http.HttpServer2 (HttpServer2.java:bindListener(1249)) - Jetty bound to port 45853
2022-03-03 14:18:12,406 [Listener at 0.0.0.0/36335] INFO  server.Server (Server.java:doStart(375)) - jetty-9.4.43.v20210629; built: 2021-06-30T11:07:22.254Z; git: 526006ecfa3af7f1a27ef3a288e2bef7ea9dd7e8; jvm 1.8.0_322-b06
2022-03-03 14:18:12,430 [Listener at 0.0.0.0/36335] INFO  server.session (DefaultSessionIdManager.java:doStart(334)) - DefaultSessionIdManager workerName=node0
2022-03-03 14:18:12,430 [Listener at 0.0.0.0/36335] INFO  server.session (DefaultSessionIdManager.java:doStart(339)) - No SessionScavenger set, using defaults
2022-03-03 14:18:12,431 [Listener at 0.0.0.0/36335] INFO  server.session (HouseKeeper.java:startScavenging(132)) - node0 Scavenging every 600000ms
2022-03-03 14:18:12,442 [Listener at 0.0.0.0/36335] INFO  handler.ContextHandler (ContextHandler.java:doStart(915)) - Started o.e.j.s.ServletContextHandler@39f18326{logs,/logs,file:///home/runner/work/ozone/ozone/hadoop-ozone/integration-test/target/log,AVAILABLE}
2022-03-03 14:18:12,443 [Listener at 0.0.0.0/36335] INFO  handler.ContextHandler (ContextHandler.java:doStart(915)) - Started o.e.j.s.ServletContextHandler@16134346{static,/static,file:///home/runner/work/ozone/ozone/hadoop-ozone/integration-test/target/test-classes/webapps/static,AVAILABLE}
2022-03-03 14:18:12,480 [Listener at 0.0.0.0/36335] INFO  handler.ContextHandler (ContextHandler.java:doStart(915)) - Started o.e.j.w.WebAppContext@603d0960{scm,/,file:///home/runner/work/ozone/ozone/hadoop-ozone/integration-test/target/test-classes/webapps/scm/,AVAILABLE}{file:/home/runner/work/ozone/ozone/hadoop-ozone/integration-test/target/test-classes/webapps/scm}
2022-03-03 14:18:12,489 [Listener at 0.0.0.0/36335] INFO  server.AbstractConnector (AbstractConnector.java:doStart(331)) - Started ServerConnector@62c964df{HTTP/1.1, (http/1.1)}{0.0.0.0:45853}
2022-03-03 14:18:12,489 [Listener at 0.0.0.0/36335] INFO  server.Server (Server.java:doStart(415)) - Started @10502ms
2022-03-03 14:18:12,494 [Listener at 0.0.0.0/36335] INFO  impl.MetricsSinkAdapter (MetricsSinkAdapter.java:start(204)) - Sink prometheus started
2022-03-03 14:18:12,495 [Listener at 0.0.0.0/36335] INFO  impl.MetricsSystemImpl (MetricsSystemImpl.java:registerSink(305)) - Registered sink prometheus
2022-03-03 14:18:12,496 [Listener at 0.0.0.0/36335] INFO  http.BaseHttpServer (BaseHttpServer.java:updateConnectorAddress(329)) - HTTP server of scm listening at http://0.0.0.0:45853
2022-03-03 14:18:12,496 [Listener at 0.0.0.0/36335] INFO  ozone.MiniOzoneHAClusterImpl (MiniOzoneHAClusterImpl.java:createSCMService(600)) - Started SCM RPC server at /0.0.0.0:36335
2022-03-03 14:18:12,511 [Listener at 0.0.0.0/36335] INFO  ha.SCMHANodeDetails (SCMHANodeDetails.java:loadSCMHAConfig(157)) - ServiceID for StorageContainerManager is scmServiceId
2022-03-03 14:18:12,511 [Listener at 0.0.0.0/36335] INFO  ha.SCMHANodeDetails (SCMHANodeDetails.java:loadSCMHAConfig(168)) - ServiceID for StorageContainerManager is scmServiceId
2022-03-03 14:18:12,512 [Listener at 0.0.0.0/36335] WARN  scm.ScmUtils (ScmUtils.java:logWarn(179)) - ConfigKey ozone.scm.block.client.address is deprecated, For configuring different ports for each SCM use PortConfigKey ozone.scm.block.client.port appended with serviceId and nodeId. If want to configure same port configure ozone.scm.block.client.port
2022-03-03 14:18:12,512 [Listener at 0.0.0.0/36335] WARN  scm.ScmUtils (ScmUtils.java:logWarn(179)) - ConfigKey ozone.scm.client.address is deprecated, For configuring different ports for each SCM use PortConfigKey ozone.scm.client.port appended with serviceId and nodeId. If want to configure same port configure ozone.scm.client.port
2022-03-03 14:18:12,512 [Listener at 0.0.0.0/36335] WARN  scm.ScmUtils (ScmUtils.java:logWarn(179)) - ConfigKey ozone.scm.datanode.address is deprecated, For configuring different ports for each SCM use PortConfigKey ozone.scm.datanode.port appended with serviceId and nodeId. If want to configure same port configure ozone.scm.datanode.port
2022-03-03 14:18:12,512 [Listener at 0.0.0.0/36335] WARN  scm.ScmUtils (ScmUtils.java:logWarn(179)) - ConfigKey ozone.scm.block.client.address is deprecated, For configuring different ports for each SCM use PortConfigKey ozone.scm.block.client.port appended with serviceId and nodeId. If want to configure same port configure ozone.scm.block.client.port
2022-03-03 14:18:12,512 [Listener at 0.0.0.0/36335] WARN  scm.ScmUtils (ScmUtils.java:logWarn(179)) - ConfigKey ozone.scm.client.address is deprecated, For configuring different ports for each SCM use PortConfigKey ozone.scm.client.port appended with serviceId and nodeId. If want to configure same port configure ozone.scm.client.port
2022-03-03 14:18:12,513 [Listener at 0.0.0.0/36335] WARN  scm.ScmUtils (ScmUtils.java:logWarn(179)) - ConfigKey ozone.scm.datanode.address is deprecated, For configuring different ports for each SCM use PortConfigKey ozone.scm.datanode.port appended with serviceId and nodeId. If want to configure same port configure ozone.scm.datanode.port
2022-03-03 14:18:12,513 [Listener at 0.0.0.0/36335] INFO  ha.SCMHANodeDetails (SCMHANodeDetails.java:loadSCMHAConfig(250)) - Found matching SCM address with SCMServiceId: scmServiceId, SCMNodeId: scmNode-2, RPC Address: localhost:38819 and Ratis port: 38819
2022-03-03 14:18:12,513 [Listener at 0.0.0.0/36335] INFO  ha.SCMHANodeDetails (ConfUtils.java:setNodeSpecificConfigs(108)) - Setting configuration key ozone.scm.datanode.address with value of key ozone.scm.datanode.address.scmServiceId.scmNode-2: 127.0.0.1:41237
2022-03-03 14:18:12,513 [Listener at 0.0.0.0/36335] INFO  ha.SCMHANodeDetails (ConfUtils.java:setNodeSpecificConfigs(108)) - Setting configuration key ozone.scm.block.client.address with value of key ozone.scm.block.client.address.scmServiceId.scmNode-2: 127.0.0.1:43715
2022-03-03 14:18:12,513 [Listener at 0.0.0.0/36335] INFO  ha.SCMHANodeDetails (ConfUtils.java:setNodeSpecificConfigs(108)) - Setting configuration key ozone.scm.client.address with value of key ozone.scm.client.address.scmServiceId.scmNode-2: 127.0.0.1:37221
2022-03-03 14:18:12,513 [Listener at 0.0.0.0/36335] INFO  ha.SCMHANodeDetails (ConfUtils.java:setNodeSpecificConfigs(108)) - Setting configuration key ozone.scm.ratis.port with value of key ozone.scm.ratis.port.scmServiceId.scmNode-2: 38819
2022-03-03 14:18:12,513 [Listener at 0.0.0.0/36335] INFO  ha.SCMHANodeDetails (ConfUtils.java:setNodeSpecificConfigs(108)) - Setting configuration key ozone.scm.grpc.port with value of key ozone.scm.grpc.port.scmServiceId.scmNode-2: 35547
2022-03-03 14:18:12,513 [Listener at 0.0.0.0/36335] INFO  ha.SCMHANodeDetails (ConfUtils.java:setNodeSpecificConfigs(108)) - Setting configuration key ozone.scm.http-address with value of key ozone.scm.http-address.scmServiceId.scmNode-2: 127.0.0.1:46111
2022-03-03 14:18:12,513 [Listener at 0.0.0.0/36335] INFO  ha.SCMHANodeDetails (ConfUtils.java:setNodeSpecificConfigs(108)) - Setting configuration key ozone.scm.https-address with value of key ozone.scm.https-address.scmServiceId.scmNode-2: 127.0.0.1:37635
2022-03-03 14:18:12,513 [Listener at 0.0.0.0/36335] INFO  ha.SCMHANodeDetails (ConfUtils.java:setNodeSpecificConfigs(108)) - Setting configuration key ozone.scm.address with value of key ozone.scm.address.scmServiceId.scmNode-2: 127.0.0.1
2022-03-03 14:18:12,513 [Listener at 0.0.0.0/36335] WARN  scm.ScmUtils (ScmUtils.java:logWarn(179)) - ConfigKey ozone.scm.block.client.address is deprecated, For configuring different ports for each SCM use PortConfigKey ozone.scm.block.client.port appended with serviceId and nodeId. If want to configure same port configure ozone.scm.block.client.port
2022-03-03 14:18:12,514 [Listener at 0.0.0.0/36335] WARN  scm.ScmUtils (ScmUtils.java:logWarn(179)) - ConfigKey ozone.scm.client.address is deprecated, For configuring different ports for each SCM use PortConfigKey ozone.scm.client.port appended with serviceId and nodeId. If want to configure same port configure ozone.scm.client.port
2022-03-03 14:18:12,514 [Listener at 0.0.0.0/36335] WARN  scm.ScmUtils (ScmUtils.java:logWarn(179)) - ConfigKey ozone.scm.datanode.address is deprecated, For configuring different ports for each SCM use PortConfigKey ozone.scm.datanode.port appended with serviceId and nodeId. If want to configure same port configure ozone.scm.datanode.port
2022-03-03 14:18:12,514 [Listener at 0.0.0.0/36335] WARN  server.ServerUtils (ServerUtils.java:getScmDbDir(148)) - ozone.scm.db.dirs is not configured. We recommend adding this setting. Falling back to ozone.metadata.dirs instead.
2022-03-03 14:18:12,521 [Listener at 0.0.0.0/36335] INFO  ha.SCMNodeInfo (SCMNodeInfo.java:getPort(197)) - ConfigKey ozone.scm.client.address is deprecated, For configuring different ports for each SCM use PortConfigKey ozone.scm.client.port appended with serviceId and nodeId
2022-03-03 14:18:12,521 [Listener at 0.0.0.0/36335] INFO  ha.SCMNodeInfo (SCMNodeInfo.java:getPort(197)) - ConfigKey ozone.scm.block.client.address is deprecated, For configuring different ports for each SCM use PortConfigKey ozone.scm.block.client.port appended with serviceId and nodeId
2022-03-03 14:18:12,521 [Listener at 0.0.0.0/36335] INFO  ha.SCMNodeInfo (SCMNodeInfo.java:getPort(197)) - ConfigKey ozone.scm.datanode.address is deprecated, For configuring different ports for each SCM use PortConfigKey ozone.scm.datanode.port appended with serviceId and nodeId
2022-03-03 14:18:12,522 [Listener at 0.0.0.0/36335] INFO  ha.SCMNodeInfo (SCMNodeInfo.java:getPort(197)) - ConfigKey ozone.scm.client.address is deprecated, For configuring different ports for each SCM use PortConfigKey ozone.scm.client.port appended with serviceId and nodeId
2022-03-03 14:18:12,522 [Listener at 0.0.0.0/36335] INFO  ha.SCMNodeInfo (SCMNodeInfo.java:getPort(197)) - ConfigKey ozone.scm.block.client.address is deprecated, For configuring different ports for each SCM use PortConfigKey ozone.scm.block.client.port appended with serviceId and nodeId
2022-03-03 14:18:12,522 [Listener at 0.0.0.0/36335] INFO  ha.SCMNodeInfo (SCMNodeInfo.java:getPort(197)) - ConfigKey ozone.scm.datanode.address is deprecated, For configuring different ports for each SCM use PortConfigKey ozone.scm.datanode.port appended with serviceId and nodeId
2022-03-03 14:18:12,522 [Listener at 0.0.0.0/36335] INFO  ha.SCMNodeInfo (SCMNodeInfo.java:getPort(197)) - ConfigKey ozone.scm.client.address is deprecated, For configuring different ports for each SCM use PortConfigKey ozone.scm.client.port appended with serviceId and nodeId
2022-03-03 14:18:12,522 [Listener at 0.0.0.0/36335] INFO  ha.SCMNodeInfo (SCMNodeInfo.java:getPort(197)) - ConfigKey ozone.scm.block.client.address is deprecated, For configuring different ports for each SCM use PortConfigKey ozone.scm.block.client.port appended with serviceId and nodeId
2022-03-03 14:18:12,522 [Listener at 0.0.0.0/36335] INFO  ha.SCMNodeInfo (SCMNodeInfo.java:getPort(197)) - ConfigKey ozone.scm.datanode.address is deprecated, For configuring different ports for each SCM use PortConfigKey ozone.scm.datanode.port appended with serviceId and nodeId
2022-03-03 14:18:14,771 [Listener at 0.0.0.0/36335] INFO  retry.RetryInvocationHandler (RetryInvocationHandler.java:log(411)) - com.google.protobuf.ServiceException: java.net.ConnectException: Call From fv-az50-851/10.1.0.28 to localhost:43715 failed on connection exception: java.net.ConnectException: Connection refused; For more details see:  http://wiki.apache.org/hadoop/ConnectionRefused, while invoking $Proxy39.send over nodeId=scmNode-2,nodeAddress=/127.0.0.1:43715 after 1 failover attempts. Trying to failover after sleeping for 2000ms.
2022-03-03 14:18:16,773 [Listener at 0.0.0.0/36335] INFO  retry.RetryInvocationHandler (RetryInvocationHandler.java:log(411)) - com.google.protobuf.ServiceException: java.net.ConnectException: Call From fv-az50-851/10.1.0.28 to localhost:39305 failed on connection exception: java.net.ConnectException: Connection refused; For more details see:  http://wiki.apache.org/hadoop/ConnectionRefused, while invoking $Proxy39.send over nodeId=scmNode-3,nodeAddress=/127.0.0.1:39305 after 2 failover attempts. Trying to failover after sleeping for 2000ms.
2022-03-03 14:18:16,959 [4fec6c92-8a01-477b-9ee2-8944c630ad1d@group-B1EF4EB933B0-FollowerState] INFO  impl.FollowerState (FollowerState.java:run(134)) - 4fec6c92-8a01-477b-9ee2-8944c630ad1d@group-B1EF4EB933B0-FollowerState: change to CANDIDATE, lastRpcElapsedTime:5096328583ns, electionTimeout:5090ms
2022-03-03 14:18:16,960 [4fec6c92-8a01-477b-9ee2-8944c630ad1d@group-B1EF4EB933B0-FollowerState] INFO  impl.RoleInfo (RoleInfo.java:shutdownFollowerState(108)) - 4fec6c92-8a01-477b-9ee2-8944c630ad1d: shutdown 4fec6c92-8a01-477b-9ee2-8944c630ad1d@group-B1EF4EB933B0-FollowerState
2022-03-03 14:18:16,961 [4fec6c92-8a01-477b-9ee2-8944c630ad1d@group-B1EF4EB933B0-FollowerState] INFO  server.RaftServer$Division (RaftServerImpl.java:setRole(290)) - 4fec6c92-8a01-477b-9ee2-8944c630ad1d@group-B1EF4EB933B0: changes role from  FOLLOWER to CANDIDATE at term 1 for changeToCandidate
2022-03-03 14:18:16,961 [4fec6c92-8a01-477b-9ee2-8944c630ad1d@group-B1EF4EB933B0-FollowerState] INFO  server.RaftServerConfigKeys (ConfUtils.java:logGet(44)) - raft.server.leaderelection.pre-vote = false (custom)
2022-03-03 14:18:16,961 [4fec6c92-8a01-477b-9ee2-8944c630ad1d@group-B1EF4EB933B0-FollowerState] INFO  impl.RoleInfo (RoleInfo.java:updateAndGet(130)) - 4fec6c92-8a01-477b-9ee2-8944c630ad1d: start 4fec6c92-8a01-477b-9ee2-8944c630ad1d@group-B1EF4EB933B0-LeaderElection2
2022-03-03 14:18:16,971 [4fec6c92-8a01-477b-9ee2-8944c630ad1d@group-B1EF4EB933B0-LeaderElection2] INFO  impl.LeaderElection (LeaderElection.java:askForVotes(306)) - 4fec6c92-8a01-477b-9ee2-8944c630ad1d@group-B1EF4EB933B0-LeaderElection2 ELECTION round 0: submit vote requests at term 2 for 0: [4fec6c92-8a01-477b-9ee2-8944c630ad1d|rpc:localhost:41845|admin:|client:|dataStream:|priority:0], old=null
2022-03-03 14:18:16,972 [4fec6c92-8a01-477b-9ee2-8944c630ad1d@group-B1EF4EB933B0-LeaderElection2] INFO  impl.LeaderElection (LeaderElection.java:askForVotes(308)) - 4fec6c92-8a01-477b-9ee2-8944c630ad1d@group-B1EF4EB933B0-LeaderElection2 ELECTION round 0: result PASSED (term=2)
2022-03-03 14:18:16,972 [4fec6c92-8a01-477b-9ee2-8944c630ad1d@group-B1EF4EB933B0-LeaderElection2] INFO  impl.RoleInfo (RoleInfo.java:shutdownLeaderElection(121)) - 4fec6c92-8a01-477b-9ee2-8944c630ad1d: shutdown 4fec6c92-8a01-477b-9ee2-8944c630ad1d@group-B1EF4EB933B0-LeaderElection2
2022-03-03 14:18:16,972 [4fec6c92-8a01-477b-9ee2-8944c630ad1d@group-B1EF4EB933B0-LeaderElection2] INFO  server.RaftServer$Division (RaftServerImpl.java:setRole(290)) - 4fec6c92-8a01-477b-9ee2-8944c630ad1d@group-B1EF4EB933B0: changes role from CANDIDATE to LEADER at term 2 for changeToLeader
2022-03-03 14:18:16,972 [4fec6c92-8a01-477b-9ee2-8944c630ad1d@group-B1EF4EB933B0-LeaderElection2] INFO  ha.SCMStateMachine (SCMStateMachine.java:notifyLeaderChanged(259)) - current SCM becomes leader of term 2.
2022-03-03 14:18:16,972 [4fec6c92-8a01-477b-9ee2-8944c630ad1d@group-B1EF4EB933B0-LeaderElection2] INFO  ha.SCMContext (SCMContext.java:updateLeaderAndTerm(90)) - update <isLeader,term> from <false,0> to <true,2>
2022-03-03 14:18:16,974 [4fec6c92-8a01-477b-9ee2-8944c630ad1d@group-B1EF4EB933B0-LeaderElection2] INFO  server.RaftServer$Division (ServerState.java:setLeader(285)) - 4fec6c92-8a01-477b-9ee2-8944c630ad1d@group-B1EF4EB933B0: change Leader from null to 4fec6c92-8a01-477b-9ee2-8944c630ad1d at term 2 for becomeLeader, leader elected after 5957ms
2022-03-03 14:18:16,975 [4fec6c92-8a01-477b-9ee2-8944c630ad1d@group-B1EF4EB933B0-LeaderElection2] INFO  server.RaftServerConfigKeys (ConfUtils.java:logGet(44)) - raft.server.staging.catchup.gap = 1000 (default)
2022-03-03 14:18:16,975 [4fec6c92-8a01-477b-9ee2-8944c630ad1d@group-B1EF4EB933B0-LeaderElection2] INFO  server.RaftServerConfigKeys (ConfUtils.java:logGet(44)) - raft.server.write.element-limit = 4096 (default)
2022-03-03 14:18:16,975 [4fec6c92-8a01-477b-9ee2-8944c630ad1d@group-B1EF4EB933B0-LeaderElection2] INFO  server.RaftServerConfigKeys (ConfUtils.java:logGet(44)) - raft.server.write.byte-limit = 64MB (=67108864) (default)
2022-03-03 14:18:16,976 [4fec6c92-8a01-477b-9ee2-8944c630ad1d@group-B1EF4EB933B0-LeaderElection2] INFO  server.RaftServerConfigKeys (ConfUtils.java:logGet(44)) - raft.server.watch.timeout = 10s (default)
2022-03-03 14:18:16,976 [4fec6c92-8a01-477b-9ee2-8944c630ad1d@group-B1EF4EB933B0-LeaderElection2] INFO  server.RaftServerConfigKeys (ConfUtils.java:logGet(44)) - raft.server.watch.timeout.denomination = 1s (default)
2022-03-03 14:18:16,976 [4fec6c92-8a01-477b-9ee2-8944c630ad1d@group-B1EF4EB933B0-LeaderElection2] INFO  server.RaftServerConfigKeys (ConfUtils.java:logGet(44)) - raft.server.watch.element-limit = 65536 (default)
2022-03-03 14:18:16,976 [4fec6c92-8a01-477b-9ee2-8944c630ad1d@group-B1EF4EB933B0-LeaderElection2] INFO  server.RaftServerConfigKeys (ConfUtils.java:logGet(44)) - raft.server.write.element-limit = 4096 (default)
2022-03-03 14:18:16,976 [4fec6c92-8a01-477b-9ee2-8944c630ad1d@group-B1EF4EB933B0-LeaderElection2] INFO  server.RaftServerConfigKeys (ConfUtils.java:logGet(44)) - raft.server.write.follower.gap.ratio.max = -1.0 (default)
2022-03-03 14:18:16,977 [4fec6c92-8a01-477b-9ee2-8944c630ad1d@group-B1EF4EB933B0-LeaderElection2] INFO  impl.RoleInfo (RoleInfo.java:updateAndGet(130)) - 4fec6c92-8a01-477b-9ee2-8944c630ad1d: start 4fec6c92-8a01-477b-9ee2-8944c630ad1d@group-B1EF4EB933B0-LeaderStateImpl
2022-03-03 14:18:16,977 [4fec6c92-8a01-477b-9ee2-8944c630ad1d@group-B1EF4EB933B0-LeaderElection2] INFO  segmented.SegmentedRaftLogWorker (SegmentedRaftLogWorker.java:rollLogSegment(399)) - 4fec6c92-8a01-477b-9ee2-8944c630ad1d@group-B1EF4EB933B0-SegmentedRaftLogWorker: Rolling segment log-0_0 to index:0
2022-03-03 14:18:16,989 [4fec6c92-8a01-477b-9ee2-8944c630ad1d@group-B1EF4EB933B0-SegmentedRaftLogWorker] INFO  segmented.SegmentedRaftLogWorker (SegmentedRaftLogWorker.java:execute(558)) - 4fec6c92-8a01-477b-9ee2-8944c630ad1d@group-B1EF4EB933B0-SegmentedRaftLogWorker: Rolled log segment from /home/runner/work/ozone/ozone/hadoop-ozone/integration-test/target/test-dir/MiniOzoneClusterImpl-0274ca87-c068-4a4d-855f-b1ef4eb933b0/scmNode-1/scm-ha/0274ca87-c068-4a4d-855f-b1ef4eb933b0/current/log_inprogress_0 to /home/runner/work/ozone/ozone/hadoop-ozone/integration-test/target/test-dir/MiniOzoneClusterImpl-0274ca87-c068-4a4d-855f-b1ef4eb933b0/scmNode-1/scm-ha/0274ca87-c068-4a4d-855f-b1ef4eb933b0/current/log_0-0
2022-03-03 14:18:16,995 [4fec6c92-8a01-477b-9ee2-8944c630ad1d@group-B1EF4EB933B0-LeaderElection2] INFO  server.RaftServer$Division (ServerState.java:setRaftConf(387)) - 4fec6c92-8a01-477b-9ee2-8944c630ad1d@group-B1EF4EB933B0: set configuration 1: [4fec6c92-8a01-477b-9ee2-8944c630ad1d|rpc:localhost:41845|admin:|client:|dataStream:|priority:0], old=null
2022-03-03 14:18:17,000 [4fec6c92-8a01-477b-9ee2-8944c630ad1d@group-B1EF4EB933B0-SegmentedRaftLogWorker] INFO  segmented.SegmentedRaftLogWorker (SegmentedRaftLogWorker.java:execute(601)) - 4fec6c92-8a01-477b-9ee2-8944c630ad1d@group-B1EF4EB933B0-SegmentedRaftLogWorker: created new log segment /home/runner/work/ozone/ozone/hadoop-ozone/integration-test/target/test-dir/MiniOzoneClusterImpl-0274ca87-c068-4a4d-855f-b1ef4eb933b0/scmNode-1/scm-ha/0274ca87-c068-4a4d-855f-b1ef4eb933b0/current/log_inprogress_1
2022-03-03 14:18:17,005 [4fec6c92-8a01-477b-9ee2-8944c630ad1d@group-B1EF4EB933B0-StateMachineUpdater] INFO  ha.SCMContext (SCMContext.java:setLeaderReady(117)) - update <isLeaderReady> from <false> to <true>
2022-03-03 14:18:17,005 [4fec6c92-8a01-477b-9ee2-8944c630ad1d@group-B1EF4EB933B0-StateMachineUpdater] INFO  pipeline.BackgroundPipelineCreator (BackgroundPipelineCreator.java:notifyStatusChanged(264)) - Service BackgroundPipelineCreator transitions to RUNNING.
2022-03-03 14:18:17,006 [4fec6c92-8a01-477b-9ee2-8944c630ad1d@group-B1EF4EB933B0-StateMachineUpdater] INFO  safemode.HealthyPipelineSafeModeRule (HealthyPipelineSafeModeRule.java:initializeRule(152)) - Refreshed total pipeline count is 0, healthy pipeline threshold count is 1
2022-03-03 14:18:17,007 [4fec6c92-8a01-477b-9ee2-8944c630ad1d@group-B1EF4EB933B0-StateMachineUpdater] INFO  safemode.ContainerSafeModeRule (ContainerSafeModeRule.java:reInitializeRule(177)) - Refreshed one replica container threshold 0, currentThreshold 0
2022-03-03 14:18:17,008 [4fec6c92-8a01-477b-9ee2-8944c630ad1d@group-B1EF4EB933B0-StateMachineUpdater] INFO  safemode.OneReplicaPipelineSafeModeRule (OneReplicaPipelineSafeModeRule.java:initializeRule(176)) - Refreshed Total pipeline count is 0, pipeline's with at least one datanode reported threshold count is 0
2022-03-03 14:18:17,008 [4fec6c92-8a01-477b-9ee2-8944c630ad1d@group-B1EF4EB933B0-StateMachineUpdater] INFO  server.SCMDatanodeProtocolServer (SCMDatanodeProtocolServer.java:start(183)) - ScmDatanodeProtocol RPC server for DataNodes is listening at /0.0.0.0:39049
2022-03-03 14:18:17,018 [IPC Server Responder] INFO  ipc.Server (Server.java:run(1507)) - IPC Server Responder: starting
2022-03-03 14:18:17,019 [IPC Server listener on 39049] INFO  ipc.Server (Server.java:run(1344)) - IPC Server listener on 39049: starting
2022-03-03 14:18:18,812 [Listener at 0.0.0.0/36335] INFO  server.StorageContainerManager (StorageContainerManager.java:scmBootstrap(1011)) - SCM BootStrap  is successful for ClusterID 0274ca87-c068-4a4d-855f-b1ef4eb933b0, SCMID fd6a08cb-ca39-44ab-a901-59b74a3535c1
2022-03-03 14:18:18,812 [Listener at 0.0.0.0/36335] INFO  server.StorageContainerManager (StorageContainerManager.java:scmBootstrap(1013)) - Primary SCM Node ID 4fec6c92-8a01-477b-9ee2-8944c630ad1d
2022-03-03 14:18:18,812 [Listener at 0.0.0.0/36335] INFO  ha.SCMHANodeDetails (SCMHANodeDetails.java:loadSCMHAConfig(157)) - ServiceID for StorageContainerManager is scmServiceId
2022-03-03 14:18:18,812 [Listener at 0.0.0.0/36335] INFO  ha.SCMHANodeDetails (SCMHANodeDetails.java:loadSCMHAConfig(168)) - ServiceID for StorageContainerManager is scmServiceId
2022-03-03 14:18:18,812 [Listener at 0.0.0.0/36335] WARN  scm.ScmUtils (ScmUtils.java:logWarn(179)) - ConfigKey ozone.scm.block.client.address is deprecated, For configuring different ports for each SCM use PortConfigKey ozone.scm.block.client.port appended with serviceId and nodeId. If want to configure same port configure ozone.scm.block.client.port
2022-03-03 14:18:18,812 [Listener at 0.0.0.0/36335] WARN  scm.ScmUtils (ScmUtils.java:logWarn(179)) - ConfigKey ozone.scm.client.address is deprecated, For configuring different ports for each SCM use PortConfigKey ozone.scm.client.port appended with serviceId and nodeId. If want to configure same port configure ozone.scm.client.port
2022-03-03 14:18:18,812 [Listener at 0.0.0.0/36335] WARN  scm.ScmUtils (ScmUtils.java:logWarn(179)) - ConfigKey ozone.scm.datanode.address is deprecated, For configuring different ports for each SCM use PortConfigKey ozone.scm.datanode.port appended with serviceId and nodeId. If want to configure same port configure ozone.scm.datanode.port
2022-03-03 14:18:18,813 [Listener at 0.0.0.0/36335] WARN  scm.ScmUtils (ScmUtils.java:logWarn(179)) - ConfigKey ozone.scm.block.client.address is deprecated, For configuring different ports for each SCM use PortConfigKey ozone.scm.block.client.port appended with serviceId and nodeId. If want to configure same port configure ozone.scm.block.client.port
2022-03-03 14:18:18,813 [Listener at 0.0.0.0/36335] WARN  scm.ScmUtils (ScmUtils.java:logWarn(179)) - ConfigKey ozone.scm.client.address is deprecated, For configuring different ports for each SCM use PortConfigKey ozone.scm.client.port appended with serviceId and nodeId. If want to configure same port configure ozone.scm.client.port
2022-03-03 14:18:18,813 [Listener at 0.0.0.0/36335] WARN  scm.ScmUtils (ScmUtils.java:logWarn(179)) - ConfigKey ozone.scm.datanode.address is deprecated, For configuring different ports for each SCM use PortConfigKey ozone.scm.datanode.port appended with serviceId and nodeId. If want to configure same port configure ozone.scm.datanode.port
2022-03-03 14:18:18,813 [Listener at 0.0.0.0/36335] INFO  ha.SCMHANodeDetails (SCMHANodeDetails.java:loadSCMHAConfig(250)) - Found matching SCM address with SCMServiceId: scmServiceId, SCMNodeId: scmNode-2, RPC Address: localhost:38819 and Ratis port: 38819
2022-03-03 14:18:18,813 [Listener at 0.0.0.0/36335] INFO  ha.SCMHANodeDetails (ConfUtils.java:setNodeSpecificConfigs(108)) - Setting configuration key ozone.scm.datanode.address with value of key ozone.scm.datanode.address.scmServiceId.scmNode-2: 127.0.0.1:41237
2022-03-03 14:18:18,813 [Listener at 0.0.0.0/36335] INFO  ha.SCMHANodeDetails (ConfUtils.java:setNodeSpecificConfigs(108)) - Setting configuration key ozone.scm.block.client.address with value of key ozone.scm.block.client.address.scmServiceId.scmNode-2: 127.0.0.1:43715
2022-03-03 14:18:18,813 [Listener at 0.0.0.0/36335] INFO  ha.SCMHANodeDetails (ConfUtils.java:setNodeSpecificConfigs(108)) - Setting configuration key ozone.scm.client.address with value of key ozone.scm.client.address.scmServiceId.scmNode-2: 127.0.0.1:37221
2022-03-03 14:18:18,813 [Listener at 0.0.0.0/36335] INFO  ha.SCMHANodeDetails (ConfUtils.java:setNodeSpecificConfigs(108)) - Setting configuration key ozone.scm.ratis.port with value of key ozone.scm.ratis.port.scmServiceId.scmNode-2: 38819
2022-03-03 14:18:18,813 [Listener at 0.0.0.0/36335] INFO  ha.SCMHANodeDetails (ConfUtils.java:setNodeSpecificConfigs(108)) - Setting configuration key ozone.scm.grpc.port with value of key ozone.scm.grpc.port.scmServiceId.scmNode-2: 35547
2022-03-03 14:18:18,813 [Listener at 0.0.0.0/36335] INFO  ha.SCMHANodeDetails (ConfUtils.java:setNodeSpecificConfigs(108)) - Setting configuration key ozone.scm.http-address with value of key ozone.scm.http-address.scmServiceId.scmNode-2: 127.0.0.1:46111
2022-03-03 14:18:18,813 [Listener at 0.0.0.0/36335] INFO  ha.SCMHANodeDetails (ConfUtils.java:setNodeSpecificConfigs(108)) - Setting configuration key ozone.scm.https-address with value of key ozone.scm.https-address.scmServiceId.scmNode-2: 127.0.0.1:37635
2022-03-03 14:18:18,813 [Listener at 0.0.0.0/36335] INFO  ha.SCMHANodeDetails (ConfUtils.java:setNodeSpecificConfigs(108)) - Setting configuration key ozone.scm.address with value of key ozone.scm.address.scmServiceId.scmNode-2: 127.0.0.1
2022-03-03 14:18:18,813 [Listener at 0.0.0.0/36335] WARN  scm.ScmUtils (ScmUtils.java:logWarn(179)) - ConfigKey ozone.scm.block.client.address is deprecated, For configuring different ports for each SCM use PortConfigKey ozone.scm.block.client.port appended with serviceId and nodeId. If want to configure same port configure ozone.scm.block.client.port
2022-03-03 14:18:18,814 [Listener at 0.0.0.0/36335] WARN  scm.ScmUtils (ScmUtils.java:logWarn(179)) - ConfigKey ozone.scm.client.address is deprecated, For configuring different ports for each SCM use PortConfigKey ozone.scm.client.port appended with serviceId and nodeId. If want to configure same port configure ozone.scm.client.port
2022-03-03 14:18:18,814 [Listener at 0.0.0.0/36335] WARN  scm.ScmUtils (ScmUtils.java:logWarn(179)) - ConfigKey ozone.scm.datanode.address is deprecated, For configuring different ports for each SCM use PortConfigKey ozone.scm.datanode.port appended with serviceId and nodeId. If want to configure same port configure ozone.scm.datanode.port
2022-03-03 14:18:18,815 [Listener at 0.0.0.0/36335] WARN  server.ServerUtils (ServerUtils.java:getScmDbDir(148)) - ozone.scm.db.dirs is not configured. We recommend adding this setting. Falling back to ozone.metadata.dirs instead.
2022-03-03 14:18:18,816 [Listener at 0.0.0.0/36335] INFO  upgrade.AbstractLayoutVersionManager (AbstractLayoutVersionManager.java:init(79)) - Initializing Layout version manager with metadata layout = SCM_HA (version = 2), software layout = SCM_HA (version = 2)
2022-03-03 14:18:18,856 [Listener at 0.0.0.0/36335] INFO  reflections.Reflections (Reflections.java:scan(232)) - Reflections took 39 ms to scan 7 urls, producing 122 keys and 286 values 
2022-03-03 14:18:18,857 [Listener at 0.0.0.0/36335] WARN  utils.HAUtils (HAUtils.java:getMetaDir(342)) - ozone.scm.db.dirs is not configured. We recommend adding this setting. Falling back to ozone.metadata.dirs instead.
2022-03-03 14:18:18,858 [Listener at 0.0.0.0/36335] WARN  db.DBStoreBuilder (DBStoreBuilder.java:applyDBDefinition(145)) - ozone.scm.db.dirs is not configured. We recommend adding this setting. Falling back to ozone.metadata.dirs instead.
2022-03-03 14:18:18,932 [Listener at 0.0.0.0/36335] INFO  net.NodeSchemaLoader (NodeSchemaLoader.java:loadSchemaFromFile(129)) - Loading schema from [jar:file:/home/runner/.m2/repository/org/apache/ozone/hdds-common/1.3.0-SNAPSHOT/hdds-common-1.3.0-SNAPSHOT.jar!/network-topology-default.xml]
2022-03-03 14:18:18,932 [Listener at 0.0.0.0/36335] INFO  net.NodeSchemaLoader (NodeSchemaLoader.java:loadSchema(176)) - Loading network topology layer schema file
2022-03-03 14:18:18,934 [Listener at 0.0.0.0/36335] WARN  impl.MetricRegistriesImpl (MetricRegistriesImpl.java:addReporterRegistration(111)) - New reporters are added after registries were created. Some metrics will be missing from the reporter. Please add reporter before adding any new registry.
2022-03-03 14:18:18,935 [Listener at 0.0.0.0/36335] WARN  impl.MetricRegistriesImpl (MetricRegistriesImpl.java:addReporterRegistration(111)) - New reporters are added after registries were created. Some metrics will be missing from the reporter. Please add reporter before adding any new registry.
2022-03-03 14:18:18,935 [Listener at 0.0.0.0/36335] INFO  ha.SCMRatisServerImpl (SCMRatisServerImpl.java:<init>(87)) - starting Raft server for scm:fd6a08cb-ca39-44ab-a901-59b74a3535c1
2022-03-03 14:18:18,936 [Listener at 0.0.0.0/36335] INFO  server.RaftServer (ConfUtils.java:logGet(44)) - raft.rpc.type = GRPC (default)
2022-03-03 14:18:18,936 [Listener at 0.0.0.0/36335] INFO  grpc.GrpcFactory (GrpcFactory.java:checkPooledByteBufAllocatorUseCacheForAllThreads(48)) - PERFORMANCE WARNING: useCacheForAllThreads is true that may cause Netty to create a lot garbage objects and, as a result, trigger GC.
	It is recommended to disable useCacheForAllThreads by setting -Dorg.apache.ratis.thirdparty.io.netty.allocator.useCacheForAllThreads=false in command line.
2022-03-03 14:18:18,936 [Listener at 0.0.0.0/36335] INFO  grpc.GrpcConfigKeys (ConfUtils.java:logGet(44)) - raft.grpc.admin.port = -1 (default)
2022-03-03 14:18:18,937 [Listener at 0.0.0.0/36335] INFO  grpc.GrpcConfigKeys (ConfUtils.java:logGet(44)) - raft.grpc.server.port = 38819 (custom)
2022-03-03 14:18:18,937 [Listener at 0.0.0.0/36335] INFO  grpc.GrpcConfigKeys (ConfUtils.java:logGet(44)) - raft.grpc.client.port = -1 (default)
2022-03-03 14:18:18,937 [Listener at 0.0.0.0/36335] INFO  grpc.GrpcConfigKeys (ConfUtils.java:logGet(44)) - raft.grpc.server.port = 38819 (custom)
2022-03-03 14:18:18,937 [Listener at 0.0.0.0/36335] INFO  grpc.GrpcConfigKeys (ConfUtils.java:logGet(44)) - raft.grpc.server.port = 38819 (custom)
2022-03-03 14:18:18,937 [Listener at 0.0.0.0/36335] INFO  server.GrpcService (ConfUtils.java:logGet(44)) - raft.grpc.message.size.max = 32m (=33554432) (custom)
2022-03-03 14:18:18,937 [Listener at 0.0.0.0/36335] INFO  server.RaftServerConfigKeys (ConfUtils.java:logGet(44)) - raft.server.log.appender.buffer.byte-limit = 33554432 (custom)
2022-03-03 14:18:18,937 [Listener at 0.0.0.0/36335] INFO  server.GrpcService (ConfUtils.java:logGet(44)) - raft.grpc.flow.control.window = 1MB (=1048576) (default)
2022-03-03 14:18:18,937 [Listener at 0.0.0.0/36335] INFO  server.RaftServerConfigKeys (ConfUtils.java:logGet(44)) - raft.server.rpc.request.timeout = 30000ms (custom)
2022-03-03 14:18:18,938 [Listener at 0.0.0.0/36335] INFO  impl.DataStreamServerImpl (ConfUtils.java:logGet(44)) - raft.datastream.type = DISABLED (default)
2022-03-03 14:18:18,939 [Listener at 0.0.0.0/36335] INFO  server.RaftServerConfigKeys (ConfUtils.java:logGet(44)) - raft.server.rpc.slowness.timeout = 120000ms (custom)
2022-03-03 14:18:18,939 [Listener at 0.0.0.0/36335] INFO  server.RaftServerConfigKeys (ConfUtils.java:logGet(44)) - raft.server.leaderelection.leader.step-down.wait-time = 10s (default)
2022-03-03 14:18:18,939 [Listener at 0.0.0.0/36335] INFO  server.RaftServerConfigKeys (ConfUtils.java:logGet(44)) - raft.server.storage.dir = [/home/runner/work/ozone/ozone/hadoop-ozone/integration-test/target/test-dir/MiniOzoneClusterImpl-0274ca87-c068-4a4d-855f-b1ef4eb933b0/scmNode-2/scm-ha] (custom)
2022-03-03 14:18:18,946 [Listener at 0.0.0.0/36335] INFO  server.RaftServer (RaftServerProxy.java:addNew(95)) - fd6a08cb-ca39-44ab-a901-59b74a3535c1: addNew group-B1EF4EB933B0:[] returns group-B1EF4EB933B0:java.util.concurrent.CompletableFuture@58379070[Not completed]
2022-03-03 14:18:18,947 [pool-48-thread-1] INFO  server.RaftServer$Division (RaftServerImpl.java:<init>(184)) - fd6a08cb-ca39-44ab-a901-59b74a3535c1: new RaftServerImpl for group-B1EF4EB933B0:[] with SCMStateMachine:uninitialized
2022-03-03 14:18:18,948 [pool-48-thread-1] INFO  server.RaftServerConfigKeys (ConfUtils.java:logGet(44)) - raft.server.rpc.timeout.min = 5000ms (custom)
2022-03-03 14:18:18,948 [pool-48-thread-1] INFO  server.RaftServerConfigKeys (ConfUtils.java:logGet(44)) - raft.server.rpc.timeout.max = 5200ms (custom)
2022-03-03 14:18:18,948 [pool-48-thread-1] INFO  server.RaftServerConfigKeys (ConfUtils.java:logGet(44)) - raft.server.rpc.sleep.time = 25ms (default)
2022-03-03 14:18:18,948 [pool-48-thread-1] INFO  server.RaftServerConfigKeys (ConfUtils.java:logGet(44)) - raft.server.rpc.slowness.timeout = 120000ms (custom)
2022-03-03 14:18:18,948 [pool-48-thread-1] INFO  server.RaftServerConfigKeys (ConfUtils.java:logGet(44)) - raft.server.leaderelection.leader.step-down.wait-time = 10s (default)
2022-03-03 14:18:18,948 [pool-48-thread-1] INFO  server.RaftServerConfigKeys (ConfUtils.java:logGet(44)) - raft.server.sleep.deviation.threshold = 300ms (default)
2022-03-03 14:18:18,948 [pool-48-thread-1] INFO  server.RaftServerConfigKeys (ConfUtils.java:logGet(44)) - raft.server.log.appender.install.snapshot.enabled = false (custom)
2022-03-03 14:18:18,948 [pool-48-thread-1] INFO  server.RaftServer$Division (ServerState.java:<init>(105)) - fd6a08cb-ca39-44ab-a901-59b74a3535c1@group-B1EF4EB933B0: ConfigurationManager, init=-1: [], old=null, confs=<EMPTY_MAP>
2022-03-03 14:18:18,949 [pool-48-thread-1] INFO  server.RaftServerConfigKeys (ConfUtils.java:logGet(44)) - raft.server.storage.dir = [/home/runner/work/ozone/ozone/hadoop-ozone/integration-test/target/test-dir/MiniOzoneClusterImpl-0274ca87-c068-4a4d-855f-b1ef4eb933b0/scmNode-2/scm-ha] (custom)
2022-03-03 14:18:18,949 [pool-48-thread-1] INFO  server.RaftServerConfigKeys (ConfUtils.java:logGet(44)) - raft.server.log.corruption.policy = EXCEPTION (default)
2022-03-03 14:18:18,949 [pool-48-thread-1] INFO  server.RaftServerConfigKeys (ConfUtils.java:logGet(44)) - raft.server.storage.free-space.min = 0MB (=0) (default)
2022-03-03 14:18:18,949 [pool-48-thread-1] INFO  storage.RaftStorageDirectory (RaftStorageDirectoryImpl.java:analyzeStorage(135)) - The storage directory /home/runner/work/ozone/ozone/hadoop-ozone/integration-test/target/test-dir/MiniOzoneClusterImpl-0274ca87-c068-4a4d-855f-b1ef4eb933b0/scmNode-2/scm-ha/0274ca87-c068-4a4d-855f-b1ef4eb933b0 does not exist. Creating ...
2022-03-03 14:18:18,950 [pool-48-thread-1] INFO  storage.RaftStorageDirectory (RaftStorageDirectoryImpl.java:tryLock(230)) - Lock on /home/runner/work/ozone/ozone/hadoop-ozone/integration-test/target/test-dir/MiniOzoneClusterImpl-0274ca87-c068-4a4d-855f-b1ef4eb933b0/scmNode-2/scm-ha/0274ca87-c068-4a4d-855f-b1ef4eb933b0/in_use.lock acquired by nodename 586@fv-az50-851
2022-03-03 14:18:18,951 [pool-48-thread-1] INFO  storage.RaftStorage (RaftStorageImpl.java:format(89)) - Storage directory /home/runner/work/ozone/ozone/hadoop-ozone/integration-test/target/test-dir/MiniOzoneClusterImpl-0274ca87-c068-4a4d-855f-b1ef4eb933b0/scmNode-2/scm-ha/0274ca87-c068-4a4d-855f-b1ef4eb933b0 has been successfully formatted.
2022-03-03 14:18:18,952 [pool-48-thread-1] INFO  server.RaftServerConfigKeys (ConfUtils.java:logGet(44)) - raft.server.notification.no-leader.timeout = 60s (default)
2022-03-03 14:18:18,952 [pool-48-thread-1] INFO  server.RaftServerConfigKeys (ConfUtils.java:logGet(44)) - raft.server.log.use.memory = false (default)
2022-03-03 14:18:18,952 [pool-48-thread-1] INFO  server.RaftServerConfigKeys (ConfUtils.java:logGet(44)) - raft.server.log.purge.gap = 1000000 (custom)
2022-03-03 14:18:18,952 [pool-48-thread-1] INFO  server.RaftServerConfigKeys (ConfUtils.java:logGet(44)) - raft.server.log.appender.buffer.byte-limit = 33554432 (custom)
2022-03-03 14:18:18,952 [pool-48-thread-1] INFO  server.RaftServerConfigKeys (ConfUtils.java:logGet(44)) - raft.server.log.segment.size.max = 4194304 (custom)
2022-03-03 14:18:18,953 [pool-48-thread-1] INFO  server.RaftServerConfigKeys (ConfUtils.java:logGet(44)) - raft.server.log.segment.cache.num.max = 2 (custom)
2022-03-03 14:18:18,954 [pool-48-thread-1] INFO  server.RaftServerConfigKeys (ConfUtils.java:logGet(44)) - raft.server.log.segment.cache.size.max = 200MB (=209715200) (default)
2022-03-03 14:18:18,954 [pool-48-thread-1] INFO  segmented.SegmentedRaftLogWorker (SegmentedRaftLogWorker.java:<init>(182)) - new fd6a08cb-ca39-44ab-a901-59b74a3535c1@group-B1EF4EB933B0-SegmentedRaftLogWorker for RaftStorageImpl:Storage Directory /home/runner/work/ozone/ozone/hadoop-ozone/integration-test/target/test-dir/MiniOzoneClusterImpl-0274ca87-c068-4a4d-855f-b1ef4eb933b0/scmNode-2/scm-ha/0274ca87-c068-4a4d-855f-b1ef4eb933b0
2022-03-03 14:18:18,954 [pool-48-thread-1] INFO  server.RaftServerConfigKeys (ConfUtils.java:logGet(44)) - raft.server.log.queue.byte-limit = 64MB (=67108864) (default)
2022-03-03 14:18:18,954 [pool-48-thread-1] INFO  server.RaftServerConfigKeys (ConfUtils.java:logGet(44)) - raft.server.log.queue.element-limit = 4096 (default)
2022-03-03 14:18:18,954 [pool-48-thread-1] INFO  server.RaftServerConfigKeys (ConfUtils.java:logGet(44)) - raft.server.log.segment.size.max = 4194304 (custom)
2022-03-03 14:18:18,954 [pool-48-thread-1] INFO  server.RaftServerConfigKeys (ConfUtils.java:logGet(44)) - raft.server.log.preallocated.size = 4194304 (custom)
2022-03-03 14:18:18,955 [pool-48-thread-1] INFO  server.RaftServerConfigKeys (ConfUtils.java:logGet(44)) - raft.server.log.force.sync.num = 128 (default)
2022-03-03 14:18:18,955 [pool-48-thread-1] INFO  server.RaftServerConfigKeys (ConfUtils.java:logGet(44)) - raft.server.log.statemachine.data.sync = true (default)
2022-03-03 14:18:18,955 [pool-48-thread-1] INFO  server.RaftServerConfigKeys (ConfUtils.java:logGet(44)) - raft.server.log.statemachine.data.sync.timeout = 10s (default)
2022-03-03 14:18:18,955 [pool-48-thread-1] INFO  server.RaftServerConfigKeys (ConfUtils.java:logGet(44)) - raft.server.log.statemachine.data.sync.timeout.retry = -1 (default)
2022-03-03 14:18:18,956 [pool-48-thread-1] INFO  server.RaftServerConfigKeys (ConfUtils.java:logGet(44)) - raft.server.log.write.buffer.size = 64KB (=65536) (default)
2022-03-03 14:18:18,957 [pool-48-thread-1] INFO  server.RaftServerConfigKeys (ConfUtils.java:logGet(44)) - raft.server.log.statemachine.data.caching.enabled = false (default)
2022-03-03 14:18:18,957 [pool-48-thread-1] INFO  segmented.SegmentedRaftLogWorker (SegmentedRaftLogWorker.java:lambda$new$0(133)) - fd6a08cb-ca39-44ab-a901-59b74a3535c1@group-B1EF4EB933B0-SegmentedRaftLogWorker: flushIndex: setUnconditionally 0 -> -1
2022-03-03 14:18:18,957 [pool-48-thread-1] INFO  segmented.SegmentedRaftLogWorker (SegmentedRaftLogWorker.java:lambda$new$0(133)) - fd6a08cb-ca39-44ab-a901-59b74a3535c1@group-B1EF4EB933B0-SegmentedRaftLogWorker: safeCacheEvictIndex: setUnconditionally 0 -> -1
2022-03-03 14:18:18,958 [pool-48-thread-1] INFO  server.RaftServerConfigKeys (ConfUtils.java:logGet(44)) - raft.server.snapshot.auto.trigger.enabled = true (custom)
2022-03-03 14:18:18,959 [pool-48-thread-1] INFO  server.RaftServerConfigKeys (ConfUtils.java:logGet(44)) - raft.server.snapshot.auto.trigger.threshold = 1000 (custom)
2022-03-03 14:18:18,959 [pool-48-thread-1] INFO  server.RaftServerConfigKeys (ConfUtils.java:logGet(44)) - raft.server.snapshot.retention.file.num = -1 (default)
2022-03-03 14:18:18,959 [pool-48-thread-1] INFO  server.RaftServerConfigKeys (ConfUtils.java:logGet(44)) - raft.server.log.purge.upto.snapshot.index = false (default)
2022-03-03 14:18:18,959 [pool-48-thread-1] INFO  server.RaftServerConfigKeys (ConfUtils.java:logGet(44)) - raft.server.retrycache.expirytime = 60000ms (default)
2022-03-03 14:18:18,959 [pool-48-thread-1] INFO  server.RaftServerConfigKeys (ConfUtils.java:logGet(44)) - raft.server.retrycache.statistics.expirytime = 100μs (default)
2022-03-03 14:18:18,960 [Listener at 0.0.0.0/36335] INFO  ha.SCMSnapshotProvider (SCMSnapshotProvider.java:<init>(66)) - Initializing SCM Snapshot Provider
2022-03-03 14:18:18,960 [Listener at 0.0.0.0/36335] WARN  server.ServerUtils (ServerUtils.java:getDefaultRatisDirectory(237)) - Storage directory for Ratis is not configured. It is a good idea to map this to an SSD disk. Falling back to ozone.metadata.dirs
2022-03-03 14:18:18,960 [Listener at 0.0.0.0/36335] WARN  ha.SCMHAUtils (SCMHAUtils.java:getSCMRatisSnapshotDirectory(151)) - SCM snapshot dir is not configured. Falling back to ozone.metadata.dirs config
2022-03-03 14:18:18,961 [Listener at 0.0.0.0/36335] INFO  ha.SequenceIdGenerator (SequenceIdGenerator.java:upgradeToSequenceId(347)) - upgrade localId to 109611004723200000
2022-03-03 14:18:18,962 [Listener at 0.0.0.0/36335] INFO  ha.SequenceIdGenerator (SequenceIdGenerator.java:upgradeToSequenceId(357)) - upgrade delTxnId to 0
2022-03-03 14:18:18,962 [Listener at 0.0.0.0/36335] INFO  ha.SequenceIdGenerator (SequenceIdGenerator.java:upgradeToSequenceId(371)) - upgrade containerId to 0
2022-03-03 14:18:18,962 [Listener at 0.0.0.0/36335] INFO  ha.SequenceIdGenerator (SequenceIdGenerator.java:<init>(218)) - Init the HA SequenceIdGenerator.
2022-03-03 14:18:18,962 [Listener at 0.0.0.0/36335] WARN  server.ServerUtils (ServerUtils.java:sanitizeUserArgs(73)) - ozone.scm.stale.node.interval value = 300000 is larger than max = 100000 based on the key value of ozone.scm.heartbeat.thread.interval, reset to the max value 100000.
2022-03-03 14:18:18,962 [Listener at 0.0.0.0/36335] WARN  server.ServerUtils (ServerUtils.java:sanitizeUserArgs(73)) - ozone.scm.stale.node.interval value = 300000 is larger than max = 100000 based on the key value of ozone.scm.heartbeat.thread.interval, reset to the max value 100000.
2022-03-03 14:18:18,962 [Listener at 0.0.0.0/36335] INFO  node.SCMNodeManager (SCMNodeManager.java:<init>(146)) - Entering startup safe mode.
2022-03-03 14:18:18,964 [Listener at 0.0.0.0/36335] INFO  algorithms.ContainerPlacementPolicyFactory (ContainerPlacementPolicyFactory.java:getPolicy(60)) - Create container placement policy of type org.apache.hadoop.hdds.scm.container.placement.algorithms.SCMContainerPlacementRandom
2022-03-03 14:18:18,964 [Listener at 0.0.0.0/36335] INFO  pipeline.PipelineStateManagerImpl (PipelineStateManagerImpl.java:initialize(78)) - No pipeline exists in current db
2022-03-03 14:18:18,964 [Listener at 0.0.0.0/36335] INFO  algorithms.LeaderChoosePolicyFactory (LeaderChoosePolicyFactory.java:getPolicy(57)) - Create leader choose policy of type org.apache.hadoop.hdds.scm.pipeline.leader.choose.algorithms.MinLeaderCountChoosePolicy
2022-03-03 14:18:18,964 [Listener at 0.0.0.0/36335] INFO  ha.SCMServiceManager (SCMServiceManager.java:register(42)) - Registering service BackgroundPipelineCreator.
2022-03-03 14:18:18,964 [Listener at 0.0.0.0/36335] INFO  pipeline.BackgroundPipelineCreator (BackgroundPipelineCreator.java:start(130)) - Starting RatisPipelineUtilsThread.
2022-03-03 14:18:18,966 [Listener at 0.0.0.0/36335] INFO  algorithms.PipelineChoosePolicyFactory (PipelineChoosePolicyFactory.java:createPipelineChoosePolicyFromClass(73)) - Create pipeline choose policy of type org.apache.hadoop.hdds.scm.pipeline.choose.algorithms.RandomPipelineChoosePolicy
2022-03-03 14:18:18,966 [Listener at 0.0.0.0/36335] INFO  ha.SCMServiceManager (SCMServiceManager.java:register(42)) - Registering service SCMBlockDeletingService.
2022-03-03 14:18:18,966 [Listener at 0.0.0.0/36335] INFO  ha.SCMServiceManager (SCMServiceManager.java:register(42)) - Registering service ReplicationManager.
2022-03-03 14:18:18,967 [Listener at 0.0.0.0/36335] INFO  container.ReplicationManager (ReplicationManager.java:start(326)) - Starting Replication Monitor Thread.
2022-03-03 14:18:18,968 [Listener at 0.0.0.0/36335] INFO  safemode.ContainerSafeModeRule (ContainerSafeModeRule.java:<init>(89)) - containers with one replica threshold count 0
2022-03-03 14:18:18,969 [Listener at 0.0.0.0/36335] INFO  safemode.HealthyPipelineSafeModeRule (HealthyPipelineSafeModeRule.java:initializeRule(156)) - Total pipeline count is 0, healthy pipeline threshold count is 1
2022-03-03 14:18:18,969 [Listener at 0.0.0.0/36335] INFO  safemode.OneReplicaPipelineSafeModeRule (OneReplicaPipelineSafeModeRule.java:initializeRule(180)) - Total pipeline count is 0, pipeline's with at least one datanode reported threshold count is 0
2022-03-03 14:18:18,970 [Listener at 0.0.0.0/36335] INFO  ipc.CallQueueManager (CallQueueManager.java:<init>(90)) - Using callQueue: class java.util.concurrent.LinkedBlockingQueue, queueCapacity: 2000, scheduler: class org.apache.hadoop.ipc.DefaultRpcScheduler, ipcBackoff: false.
2022-03-03 14:18:18,970 [Socket Reader #1 for port 41237] INFO  ipc.Server (Server.java:run(1265)) - Starting Socket Reader #1 for port 41237
2022-03-03 14:18:18,972 [Listener at 0.0.0.0/41237] INFO  ipc.CallQueueManager (CallQueueManager.java:<init>(90)) - Using callQueue: class java.util.concurrent.LinkedBlockingQueue, queueCapacity: 2000, scheduler: class org.apache.hadoop.ipc.DefaultRpcScheduler, ipcBackoff: false.
2022-03-03 14:18:18,973 [Socket Reader #1 for port 43715] INFO  ipc.Server (Server.java:run(1265)) - Starting Socket Reader #1 for port 43715
2022-03-03 14:18:18,974 [Listener at 0.0.0.0/43715] INFO  ipc.CallQueueManager (CallQueueManager.java:<init>(90)) - Using callQueue: class java.util.concurrent.LinkedBlockingQueue, queueCapacity: 2000, scheduler: class org.apache.hadoop.ipc.DefaultRpcScheduler, ipcBackoff: false.
2022-03-03 14:18:18,974 [Socket Reader #1 for port 37221] INFO  ipc.Server (Server.java:run(1265)) - Starting Socket Reader #1 for port 37221
2022-03-03 14:18:18,979 [ReplicationMonitor] INFO  container.ReplicationManager (ReplicationManager.java:processAll(374)) - Replication Manager is not ready to run until 3000ms after safemode exit
2022-03-03 14:18:19,010 [Listener at 0.0.0.0/37221] INFO  server.StorageContainerManager (StorageContainerManager.java:<init>(389)) - 
Container Balancer status:
Key                            Value
Running                        false
Container Balancer Configuration values:
Key                                                Value
Threshold                                          10
Max Datanodes to Involve per Iteration(percent)    20
Max Size to Move per Iteration                     500GB
Max Size Entering Target per Iteration             26GB
Max Size Leaving Source per Iteration              26GB

2022-03-03 14:18:19,010 [Listener at 0.0.0.0/37221] WARN  events.EventQueue (EventQueue.java:fireEvent(194)) - No event handler registered for event TypedEvent{payloadType=SafeModeStatus, name='Safe mode status'}
2022-03-03 14:18:19,010 [Listener at 0.0.0.0/37221] INFO  ha.SCMContext (SCMContext.java:updateSafeModeStatus(211)) - Update SafeModeStatus from SafeModeStatus{safeModeStatus=true, preCheckPassed=false} to SafeModeStatus{safeModeStatus=true, preCheckPassed=false}.
2022-03-03 14:18:19,011 [Listener at 0.0.0.0/37221] INFO  server.StorageContainerManager (StorageContainerManager.java:start(1327)) - StorageContainerLocationProtocol RPC server is listening at /0.0.0.0:37221
2022-03-03 14:18:19,011 [Listener at 0.0.0.0/37221] INFO  ha.SCMRatisServerImpl (SCMRatisServerImpl.java:start(177)) - starting ratis server 0.0.0.0:38819
2022-03-03 14:18:19,011 [Listener at 0.0.0.0/37221] INFO  server.RaftServer$Division (RaftServerImpl.java:start(304)) - fd6a08cb-ca39-44ab-a901-59b74a3535c1@group-B1EF4EB933B0: start with initializing state, conf=-1: [], old=null
2022-03-03 14:18:19,011 [Listener at 0.0.0.0/37221] INFO  server.RaftServer$Division (RaftServerImpl.java:setRole(290)) - fd6a08cb-ca39-44ab-a901-59b74a3535c1@group-B1EF4EB933B0: changes role from      null to FOLLOWER at term 0 for startInitializing
2022-03-03 14:18:19,012 [Listener at 0.0.0.0/37221] INFO  util.JmxRegister (JmxRegister.java:tryRegister(44)) - Successfully registered JMX Bean with object name Ratis:service=RaftServer,group=group-B1EF4EB933B0,id=fd6a08cb-ca39-44ab-a901-59b74a3535c1
2022-03-03 14:18:19,013 [Listener at 0.0.0.0/37221] INFO  server.RaftServer (RaftServerProxy.java:lambda$start$5(374)) - fd6a08cb-ca39-44ab-a901-59b74a3535c1: start RPC server
2022-03-03 14:18:19,014 [Listener at 0.0.0.0/37221] INFO  server.GrpcService (GrpcService.java:startImpl(253)) - fd6a08cb-ca39-44ab-a901-59b74a3535c1: GrpcService started, listening on 38819
2022-03-03 14:18:19,021 [Listener at 0.0.0.0/37221] INFO  ha.SCMNodeInfo (SCMNodeInfo.java:getPort(197)) - ConfigKey ozone.scm.client.address is deprecated, For configuring different ports for each SCM use PortConfigKey ozone.scm.client.port appended with serviceId and nodeId
2022-03-03 14:18:19,021 [Listener at 0.0.0.0/37221] INFO  ha.SCMNodeInfo (SCMNodeInfo.java:getPort(197)) - ConfigKey ozone.scm.block.client.address is deprecated, For configuring different ports for each SCM use PortConfigKey ozone.scm.block.client.port appended with serviceId and nodeId
2022-03-03 14:18:19,021 [Listener at 0.0.0.0/37221] INFO  ha.SCMNodeInfo (SCMNodeInfo.java:getPort(197)) - ConfigKey ozone.scm.datanode.address is deprecated, For configuring different ports for each SCM use PortConfigKey ozone.scm.datanode.port appended with serviceId and nodeId
2022-03-03 14:18:19,021 [Listener at 0.0.0.0/37221] INFO  ha.SCMNodeInfo (SCMNodeInfo.java:getPort(197)) - ConfigKey ozone.scm.client.address is deprecated, For configuring different ports for each SCM use PortConfigKey ozone.scm.client.port appended with serviceId and nodeId
2022-03-03 14:18:19,021 [Listener at 0.0.0.0/37221] INFO  ha.SCMNodeInfo (SCMNodeInfo.java:getPort(197)) - ConfigKey ozone.scm.block.client.address is deprecated, For configuring different ports for each SCM use PortConfigKey ozone.scm.block.client.port appended with serviceId and nodeId
2022-03-03 14:18:19,021 [Listener at 0.0.0.0/37221] INFO  ha.SCMNodeInfo (SCMNodeInfo.java:getPort(197)) - ConfigKey ozone.scm.datanode.address is deprecated, For configuring different ports for each SCM use PortConfigKey ozone.scm.datanode.port appended with serviceId and nodeId
2022-03-03 14:18:19,021 [Listener at 0.0.0.0/37221] INFO  ha.SCMNodeInfo (SCMNodeInfo.java:getPort(197)) - ConfigKey ozone.scm.client.address is deprecated, For configuring different ports for each SCM use PortConfigKey ozone.scm.client.port appended with serviceId and nodeId
2022-03-03 14:18:19,021 [Listener at 0.0.0.0/37221] INFO  ha.SCMNodeInfo (SCMNodeInfo.java:getPort(197)) - ConfigKey ozone.scm.block.client.address is deprecated, For configuring different ports for each SCM use PortConfigKey ozone.scm.block.client.port appended with serviceId and nodeId
2022-03-03 14:18:19,021 [Listener at 0.0.0.0/37221] INFO  ha.SCMNodeInfo (SCMNodeInfo.java:getPort(197)) - ConfigKey ozone.scm.datanode.address is deprecated, For configuring different ports for each SCM use PortConfigKey ozone.scm.datanode.port appended with serviceId and nodeId
2022-03-03 14:18:19,027 [org.apache.ratis.util.JvmPauseMonitor$$Lambda$435/453351332@38e8c1d6] INFO  util.JvmPauseMonitor (JvmPauseMonitor.java:run(103)) - JvmPauseMonitor-fd6a08cb-ca39-44ab-a901-59b74a3535c1: Started
2022-03-03 14:18:19,029 [IPC Server handler 2 on default port 41255] INFO  ha.SCMRatisServerImpl (SCMRatisServerImpl.java:addSCM(292)) - 4fec6c92-8a01-477b-9ee2-8944c630ad1d: Submitting SetConfiguration request to Ratis server with new SCM peers list: [4fec6c92-8a01-477b-9ee2-8944c630ad1d|rpc:localhost:41845|admin:|client:|dataStream:|priority:0, fd6a08cb-ca39-44ab-a901-59b74a3535c1|rpc:localhost:38819|priority:0]
2022-03-03 14:18:19,043 [IPC Server handler 2 on default port 41255] INFO  server.RaftServer$Division (RaftServerImpl.java:setConfigurationAsync(974)) - 4fec6c92-8a01-477b-9ee2-8944c630ad1d@group-B1EF4EB933B0: receive setConfiguration SetConfigurationRequest:client-8FDBE3E15051->4fec6c92-8a01-477b-9ee2-8944c630ad1d@group-B1EF4EB933B0, cid=0, seq=0, RW, null, peers:[4fec6c92-8a01-477b-9ee2-8944c630ad1d|rpc:localhost:41845|admin:|client:|dataStream:|priority:0, fd6a08cb-ca39-44ab-a901-59b74a3535c1|rpc:localhost:38819|priority:0]
2022-03-03 14:18:19,044 [IPC Server handler 2 on default port 41255] INFO  server.RaftServer$Division (LeaderStateImpl.java:startSetConfiguration(358)) - 4fec6c92-8a01-477b-9ee2-8944c630ad1d@group-B1EF4EB933B0-LeaderStateImpl: startSetConfiguration SetConfigurationRequest:client-8FDBE3E15051->4fec6c92-8a01-477b-9ee2-8944c630ad1d@group-B1EF4EB933B0, cid=0, seq=0, RW, null, peers:[4fec6c92-8a01-477b-9ee2-8944c630ad1d|rpc:localhost:41845|admin:|client:|dataStream:|priority:0, fd6a08cb-ca39-44ab-a901-59b74a3535c1|rpc:localhost:38819|priority:0]
2022-03-03 14:18:19,050 [IPC Server handler 2 on default port 41255] INFO  server.RaftServerConfigKeys (ConfUtils.java:logGet(44)) - raft.server.log.appender.snapshot.chunk.size.max = 16MB (=16777216) (default)
2022-03-03 14:18:19,050 [IPC Server handler 2 on default port 41255] INFO  server.RaftServerConfigKeys (ConfUtils.java:logGet(44)) - raft.server.log.appender.buffer.byte-limit = 33554432 (custom)
2022-03-03 14:18:19,050 [IPC Server handler 2 on default port 41255] INFO  server.RaftServerConfigKeys (ConfUtils.java:logGet(44)) - raft.server.log.appender.buffer.element-limit = 1024 (custom)
2022-03-03 14:18:19,053 [IPC Server handler 2 on default port 41255] INFO  grpc.GrpcConfigKeys (ConfUtils.java:logGet(44)) - raft.grpc.server.leader.outstanding.appends.max = 128 (default)
2022-03-03 14:18:19,053 [IPC Server handler 2 on default port 41255] INFO  server.RaftServerConfigKeys (ConfUtils.java:logGet(44)) - raft.server.rpc.request.timeout = 30000ms (custom)
2022-03-03 14:18:19,054 [IPC Server handler 2 on default port 41255] INFO  server.RaftServerConfigKeys (ConfUtils.java:logGet(44)) - raft.server.log.appender.install.snapshot.enabled = false (custom)
2022-03-03 14:18:19,059 [4fec6c92-8a01-477b-9ee2-8944c630ad1d@group-B1EF4EB933B0->fd6a08cb-ca39-44ab-a901-59b74a3535c1-GrpcLogAppender-LogAppenderDaemon] INFO  server.GrpcLogAppender (GrpcLogAppender.java:installSnapshot(550)) - 4fec6c92-8a01-477b-9ee2-8944c630ad1d@group-B1EF4EB933B0->fd6a08cb-ca39-44ab-a901-59b74a3535c1-GrpcLogAppender: followerNextIndex = 0 but logStartIndex = 0, notify follower to install snapshot-(t:2, i:2)
2022-03-03 14:18:19,078 [4fec6c92-8a01-477b-9ee2-8944c630ad1d@group-B1EF4EB933B0->fd6a08cb-ca39-44ab-a901-59b74a3535c1-GrpcLogAppender-LogAppenderDaemon] INFO  server.GrpcLogAppender (GrpcLogAppender.java:installSnapshot(558)) - 4fec6c92-8a01-477b-9ee2-8944c630ad1d@group-B1EF4EB933B0->fd6a08cb-ca39-44ab-a901-59b74a3535c1-GrpcLogAppender: send 4fec6c92-8a01-477b-9ee2-8944c630ad1d->fd6a08cb-ca39-44ab-a901-59b74a3535c1#0-t2,notify:(t:2, i:2)
2022-03-03 14:18:19,446 [grpc-default-executor-0] INFO  server.RaftServer$Division (RaftServerImpl.java:installSnapshot(1332)) - fd6a08cb-ca39-44ab-a901-59b74a3535c1@group-B1EF4EB933B0: receive installSnapshot: 4fec6c92-8a01-477b-9ee2-8944c630ad1d->fd6a08cb-ca39-44ab-a901-59b74a3535c1#0-t2,notify:(t:2, i:2)
2022-03-03 14:18:19,447 [grpc-default-executor-0] INFO  ha.SCMStateMachine (SCMStateMachine.java:notifyLeaderChanged(255)) - leader changed, yet current SCM is still follower.
2022-03-03 14:18:19,448 [grpc-default-executor-0] INFO  server.RaftServer$Division (ServerState.java:setLeader(285)) - fd6a08cb-ca39-44ab-a901-59b74a3535c1@group-B1EF4EB933B0: change Leader from null to 4fec6c92-8a01-477b-9ee2-8944c630ad1d at term 2 for installSnapshot, leader elected after 495ms
2022-03-03 14:18:19,450 [grpc-default-executor-0] INFO  server.RaftServer$Division (RaftServerImpl.java:notifyStateMachineToInstallSnapshot(1551)) - fd6a08cb-ca39-44ab-a901-59b74a3535c1@group-B1EF4EB933B0: Received notification to install snapshot at index 2
2022-03-03 14:18:19,453 [grpc-default-executor-0] INFO  server.RaftServer$Division (RaftServerImpl.java:notifyStateMachineToInstallSnapshot(1582)) - fd6a08cb-ca39-44ab-a901-59b74a3535c1@group-B1EF4EB933B0: notifyInstallSnapshot: nextIndex is 0 but the leader's first available index is 2.
2022-03-03 14:18:19,454 [grpc-default-executor-0] INFO  ha.SCMStateMachine (SCMStateMachine.java:notifyInstallSnapshotFromLeader(219)) - Received install snapshot notification from SCM leader: localhost:41845 with term index: (t:2, i:2)
2022-03-03 14:18:19,458 [pool-49-thread-1] INFO  ha.SCMHAManagerImpl (SCMHAManagerImpl.java:getDBCheckpointFromLeader(207)) - Downloading checkpoint from leader SCM scmNode-1 and reloading state from the checkpoint.
2022-03-03 14:18:19,482 [grpc-default-executor-2] INFO  ha.SCMDBCheckpointProvider (SCMDBCheckpointProvider.java:writeDBCheckPointToSream(48)) - Received request to obtain SCM DB checkpoint snapshot
2022-03-03 14:18:19,489 [grpc-default-executor-2] INFO  db.RDBCheckpointManager (RDBCheckpointManager.java:createCheckpoint(86)) - Created checkpoint at /home/runner/work/ozone/ozone/hadoop-ozone/integration-test/target/test-dir/MiniOzoneClusterImpl-0274ca87-c068-4a4d-855f-b1ef4eb933b0/scmNode-1/db.checkpoints/scm.db_checkpoint_1646317099483 in 6 milliseconds
2022-03-03 14:18:19,520 [grpc-default-executor-2] INFO  ha.SCMGrpcOutputStream (SCMGrpcOutputStream.java:close(111)) - Sent 4493 bytes for cluster 0274ca87-c068-4a4d-855f-b1ef4eb933b0
2022-03-03 14:18:19,520 [grpc-default-executor-2] INFO  ha.SCMDBCheckpointProvider (SCMDBCheckpointProvider.java:writeDBCheckPointToSream(73)) - Time taken to write the checkpoint to response output stream: 29 milliseconds
2022-03-03 14:18:19,523 [grpc-default-executor-2] INFO  db.RocksDBCheckpoint (RocksDBCheckpoint.java:cleanupCheckpoint(78)) - Cleaning up RocksDB checkpoint at /home/runner/work/ozone/ozone/hadoop-ozone/integration-test/target/test-dir/MiniOzoneClusterImpl-0274ca87-c068-4a4d-855f-b1ef4eb933b0/scmNode-1/db.checkpoints/scm.db_checkpoint_1646317099483
2022-03-03 14:18:19,534 [grpc-default-executor-1] INFO  ha.InterSCMGrpcClient (InterSCMGrpcClient.java:onCompleted(173)) - Checkpoint is downloaded to /home/runner/work/ozone/ozone/hadoop-ozone/integration-test/target/test-dir/MiniOzoneClusterImpl-0274ca87-c068-4a4d-855f-b1ef4eb933b0/scmNode-2/snapshot/scm.db-scmNode-1-1646317099459.tar.gz
2022-03-03 14:18:19,553 [pool-49-thread-1] INFO  ha.SCMSnapshotProvider (SCMSnapshotProvider.java:getSCMDBSnapshot(131)) - Successfully downloaded latest checkpoint from leader SCM: scmNode-1 path /home/runner/work/ozone/ozone/hadoop-ozone/integration-test/target/test-dir/MiniOzoneClusterImpl-0274ca87-c068-4a4d-855f-b1ef4eb933b0/scmNode-2/snapshot/scm.db-scmNode-1-1646317099459
2022-03-03 14:18:19,554 [pool-49-thread-1] INFO  ha.SCMHAManagerImpl (SCMHAManagerImpl.java:downloadCheckpointFromLeader(159)) - Downloaded checkpoint from Leader scmNode-1 to the location /home/runner/work/ozone/ozone/hadoop-ozone/integration-test/target/test-dir/MiniOzoneClusterImpl-0274ca87-c068-4a4d-855f-b1ef4eb933b0/scmNode-2/snapshot/scm.db-scmNode-1-1646317099459
2022-03-03 14:18:19,585 [pool-49-thread-1] INFO  ha.SCMHAManagerImpl (SCMHAManagerImpl.java:verifyCheckpointFromLeader(173)) - Installing checkpoint with SCMTransactionInfo 2#2
2022-03-03 14:18:19,585 [pool-49-thread-1] INFO  server.RaftServer$Division (RaftServerImpl.java:lambda$notifyStateMachineToInstallSnapshot$30(1595)) - fd6a08cb-ca39-44ab-a901-59b74a3535c1@group-B1EF4EB933B0: StateMachine successfully installed snapshot index 2. Reloading the StateMachine.
2022-03-03 14:18:19,586 [pool-49-thread-1] INFO  segmented.SegmentedRaftLogWorker (SegmentedRaftLogWorker.java:lambda$new$0(133)) - fd6a08cb-ca39-44ab-a901-59b74a3535c1@group-B1EF4EB933B0-SegmentedRaftLogWorker: flushIndex: setUnconditionally -1 -> 2
2022-03-03 14:18:19,586 [pool-49-thread-1] INFO  segmented.SegmentedRaftLogWorker (SegmentedRaftLogWorker.java:lambda$new$0(133)) - fd6a08cb-ca39-44ab-a901-59b74a3535c1@group-B1EF4EB933B0-SegmentedRaftLogWorker: safeCacheEvictIndex: setUnconditionally -1 -> 2
2022-03-03 14:18:19,586 [pool-49-thread-1] INFO  raftlog.RaftLog (RaftLogBase.java:lambda$new$0(53)) - fd6a08cb-ca39-44ab-a901-59b74a3535c1@group-B1EF4EB933B0-SegmentedRaftLog: snapshotIndex: updateIncreasingly -1 -> 2
2022-03-03 14:18:19,595 [grpc-default-executor-0] INFO  server.RaftServer$Division (RaftServerImpl.java:notifyStateMachineToInstallSnapshot(1638)) - fd6a08cb-ca39-44ab-a901-59b74a3535c1@group-B1EF4EB933B0: InstallSnapshot notification result: SNAPSHOT_INSTALLED, at index: 2
2022-03-03 14:18:19,742 [fd6a08cb-ca39-44ab-a901-59b74a3535c1@group-B1EF4EB933B0-StateMachineUpdater] INFO  ha.SCMHAManagerImpl (SCMHAManagerImpl.java:installCheckpoint(228)) - Installing checkpoint with SCMTransactionInfo 2#2
2022-03-03 14:18:19,749 [fd6a08cb-ca39-44ab-a901-59b74a3535c1@group-B1EF4EB933B0-StateMachineUpdater] INFO  ha.SCMHAManagerImpl (SCMHAManagerImpl.java:installCheckpoint(267)) - Replaced DB with checkpoint, term: 2, index: 2
2022-03-03 14:18:19,749 [fd6a08cb-ca39-44ab-a901-59b74a3535c1@group-B1EF4EB933B0-StateMachineUpdater] WARN  utils.HAUtils (HAUtils.java:getMetaDir(342)) - ozone.scm.db.dirs is not configured. We recommend adding this setting. Falling back to ozone.metadata.dirs instead.
2022-03-03 14:18:19,752 [fd6a08cb-ca39-44ab-a901-59b74a3535c1@group-B1EF4EB933B0-StateMachineUpdater] WARN  db.DBStoreBuilder (DBStoreBuilder.java:applyDBDefinition(145)) - ozone.scm.db.dirs is not configured. We recommend adding this setting. Falling back to ozone.metadata.dirs instead.
2022-03-03 14:18:19,788 [grpc-default-executor-0] INFO  server.RaftServer$Division (RaftServerImpl.java:installSnapshotImpl(1462)) - fd6a08cb-ca39-44ab-a901-59b74a3535c1@group-B1EF4EB933B0: set new configuration index: 1
configurationEntry {
  peers {
    id: "4fec6c92-8a01-477b-9ee2-8944c630ad1d"
    address: "localhost:41845"
  }
}
 from snapshot
2022-03-03 14:18:19,790 [grpc-default-executor-0] INFO  server.RaftServer$Division (ServerState.java:setRaftConf(387)) - fd6a08cb-ca39-44ab-a901-59b74a3535c1@group-B1EF4EB933B0: set configuration 1: [4fec6c92-8a01-477b-9ee2-8944c630ad1d|rpc:localhost:41845|admin:|client:|dataStream:|priority:0], old=null
2022-03-03 14:18:19,790 [grpc-default-executor-0] INFO  server.RaftServer$Division (RaftServerImpl.java:installSnapshot(1343)) - fd6a08cb-ca39-44ab-a901-59b74a3535c1@group-B1EF4EB933B0: reply installSnapshot: 4fec6c92-8a01-477b-9ee2-8944c630ad1d<-fd6a08cb-ca39-44ab-a901-59b74a3535c1#0:FAIL-t0,SNAPSHOT_INSTALLED,snapshotIndex=2
2022-03-03 14:18:19,794 [grpc-default-executor-0] INFO  server.GrpcServerProtocolService (GrpcServerProtocolService.java:onCompleted(140)) - fd6a08cb-ca39-44ab-a901-59b74a3535c1: Completed INSTALL_SNAPSHOT, lastRequest: 4fec6c92-8a01-477b-9ee2-8944c630ad1d->fd6a08cb-ca39-44ab-a901-59b74a3535c1#0-t2,notify:(t:2, i:2)
2022-03-03 14:18:19,795 [grpc-default-executor-2] INFO  server.GrpcLogAppender (GrpcLogAppender.java:onNext(410)) - 4fec6c92-8a01-477b-9ee2-8944c630ad1d@group-B1EF4EB933B0->fd6a08cb-ca39-44ab-a901-59b74a3535c1-InstallSnapshotResponseHandler: received the first reply 4fec6c92-8a01-477b-9ee2-8944c630ad1d<-fd6a08cb-ca39-44ab-a901-59b74a3535c1#0:FAIL-t0,SNAPSHOT_INSTALLED,snapshotIndex=2
2022-03-03 14:18:19,798 [grpc-default-executor-2] INFO  server.GrpcLogAppender (GrpcLogAppender.java:onNext(450)) - 4fec6c92-8a01-477b-9ee2-8944c630ad1d@group-B1EF4EB933B0->fd6a08cb-ca39-44ab-a901-59b74a3535c1-InstallSnapshotResponseHandler: Follower installed snapshot at index 2
2022-03-03 14:18:19,798 [grpc-default-executor-2] INFO  leader.FollowerInfo (FollowerInfoImpl.java:lambda$new$0(47)) - 4fec6c92-8a01-477b-9ee2-8944c630ad1d@group-B1EF4EB933B0->fd6a08cb-ca39-44ab-a901-59b74a3535c1: snapshotIndex: setUnconditionally 0 -> 2
2022-03-03 14:18:19,798 [grpc-default-executor-2] INFO  leader.FollowerInfo (FollowerInfoImpl.java:lambda$new$0(47)) - 4fec6c92-8a01-477b-9ee2-8944c630ad1d@group-B1EF4EB933B0->fd6a08cb-ca39-44ab-a901-59b74a3535c1: matchIndex: setUnconditionally 0 -> 2
2022-03-03 14:18:19,798 [grpc-default-executor-2] INFO  leader.FollowerInfo (FollowerInfoImpl.java:lambda$new$0(47)) - 4fec6c92-8a01-477b-9ee2-8944c630ad1d@group-B1EF4EB933B0->fd6a08cb-ca39-44ab-a901-59b74a3535c1: nextIndex: setUnconditionally 0 -> 3
2022-03-03 14:18:19,798 [grpc-default-executor-2] INFO  leader.FollowerInfo (FollowerInfoImpl.java:setAttemptedToInstallSnapshot(116)) - Follower 4fec6c92-8a01-477b-9ee2-8944c630ad1d@group-B1EF4EB933B0->fd6a08cb-ca39-44ab-a901-59b74a3535c1 acknowledged installing snapshot
2022-03-03 14:18:19,798 [grpc-default-executor-2] INFO  leader.FollowerInfo (FollowerInfoImpl.java:lambda$new$0(47)) - 4fec6c92-8a01-477b-9ee2-8944c630ad1d@group-B1EF4EB933B0->fd6a08cb-ca39-44ab-a901-59b74a3535c1: nextIndex: updateToMax old=3, new=3, updated? false
2022-03-03 14:18:19,812 [fd6a08cb-ca39-44ab-a901-59b74a3535c1@group-B1EF4EB933B0-StateMachineUpdater] INFO  ha.SequenceIdGenerator (SequenceIdGenerator.java:reinitialize(166)) - reinitialize SequenceIdGenerator.
2022-03-03 14:18:19,814 [grpc-default-executor-0] INFO  impl.RoleInfo (RoleInfo.java:updateAndGet(130)) - fd6a08cb-ca39-44ab-a901-59b74a3535c1: start fd6a08cb-ca39-44ab-a901-59b74a3535c1@group-B1EF4EB933B0-FollowerState
2022-03-03 14:18:19,822 [fd6a08cb-ca39-44ab-a901-59b74a3535c1@group-B1EF4EB933B0-StateMachineUpdater] INFO  pipeline.PipelineStateManagerImpl (PipelineStateManagerImpl.java:initialize(78)) - No pipeline exists in current db
2022-03-03 14:18:19,827 [fd6a08cb-ca39-44ab-a901-59b74a3535c1@group-B1EF4EB933B0-StateMachineUpdater] INFO  ha.SCMHAManagerImpl (SCMHAManagerImpl.java:installCheckpoint(282)) - Reloaded SCM state with Term: 2 and Index: 2
2022-03-03 14:18:19,828 [fd6a08cb-ca39-44ab-a901-59b74a3535c1@group-B1EF4EB933B0-StateMachineUpdater] INFO  impl.StateMachineUpdater (StateMachineUpdater.java:lambda$new$0(89)) - fd6a08cb-ca39-44ab-a901-59b74a3535c1@group-B1EF4EB933B0-StateMachineUpdater: snapshotIndex: setUnconditionally -1 -> 2
2022-03-03 14:18:19,828 [fd6a08cb-ca39-44ab-a901-59b74a3535c1@group-B1EF4EB933B0-StateMachineUpdater] INFO  impl.StateMachineUpdater (StateMachineUpdater.java:lambda$new$0(89)) - fd6a08cb-ca39-44ab-a901-59b74a3535c1@group-B1EF4EB933B0-StateMachineUpdater: appliedIndex: setUnconditionally -1 -> 2
2022-03-03 14:18:22,220 [4fec6c92-8a01-477b-9ee2-8944c630ad1d@group-B1EF4EB933B0-LeaderStateImpl] INFO  server.RaftServer$Division (ServerState.java:setRaftConf(387)) - 4fec6c92-8a01-477b-9ee2-8944c630ad1d@group-B1EF4EB933B0: set configuration 3: [fd6a08cb-ca39-44ab-a901-59b74a3535c1|rpc:localhost:38819|priority:0, 4fec6c92-8a01-477b-9ee2-8944c630ad1d|rpc:localhost:41845|admin:|client:|dataStream:|priority:0], old=[4fec6c92-8a01-477b-9ee2-8944c630ad1d|rpc:localhost:41845|admin:|client:|dataStream:|priority:0]
2022-03-03 14:18:22,228 [grpc-default-executor-0] INFO  server.RaftServer$Division (ServerState.java:setRaftConf(387)) - fd6a08cb-ca39-44ab-a901-59b74a3535c1@group-B1EF4EB933B0: set configuration 3: [fd6a08cb-ca39-44ab-a901-59b74a3535c1|rpc:localhost:38819|admin:|client:|dataStream:|priority:0, 4fec6c92-8a01-477b-9ee2-8944c630ad1d|rpc:localhost:41845|admin:|client:|dataStream:|priority:0], old=[4fec6c92-8a01-477b-9ee2-8944c630ad1d|rpc:localhost:41845|admin:|client:|dataStream:|priority:0]
2022-03-03 14:18:22,228 [grpc-default-executor-0] INFO  segmented.SegmentedRaftLogWorker (SegmentedRaftLogWorker.java:startLogSegment(394)) - fd6a08cb-ca39-44ab-a901-59b74a3535c1@group-B1EF4EB933B0-SegmentedRaftLogWorker: Starting segment from index:3
2022-03-03 14:18:22,238 [fd6a08cb-ca39-44ab-a901-59b74a3535c1@group-B1EF4EB933B0-SegmentedRaftLogWorker] INFO  segmented.SegmentedRaftLogWorker (SegmentedRaftLogWorker.java:execute(601)) - fd6a08cb-ca39-44ab-a901-59b74a3535c1@group-B1EF4EB933B0-SegmentedRaftLogWorker: created new log segment /home/runner/work/ozone/ozone/hadoop-ozone/integration-test/target/test-dir/MiniOzoneClusterImpl-0274ca87-c068-4a4d-855f-b1ef4eb933b0/scmNode-2/scm-ha/0274ca87-c068-4a4d-855f-b1ef4eb933b0/current/log_inprogress_3
2022-03-03 14:18:22,259 [fd6a08cb-ca39-44ab-a901-59b74a3535c1@group-B1EF4EB933B0-StateMachineUpdater] INFO  safemode.HealthyPipelineSafeModeRule (HealthyPipelineSafeModeRule.java:initializeRule(152)) - Refreshed total pipeline count is 0, healthy pipeline threshold count is 1
2022-03-03 14:18:22,259 [fd6a08cb-ca39-44ab-a901-59b74a3535c1@group-B1EF4EB933B0-StateMachineUpdater] INFO  safemode.ContainerSafeModeRule (ContainerSafeModeRule.java:reInitializeRule(177)) - Refreshed one replica container threshold 0, currentThreshold 0
2022-03-03 14:18:22,259 [fd6a08cb-ca39-44ab-a901-59b74a3535c1@group-B1EF4EB933B0-StateMachineUpdater] INFO  safemode.OneReplicaPipelineSafeModeRule (OneReplicaPipelineSafeModeRule.java:initializeRule(176)) - Refreshed Total pipeline count is 0, pipeline's with at least one datanode reported threshold count is 0
2022-03-03 14:18:22,260 [4fec6c92-8a01-477b-9ee2-8944c630ad1d@group-B1EF4EB933B0-LeaderStateImpl] INFO  server.RaftServer$Division (ServerState.java:setRaftConf(387)) - 4fec6c92-8a01-477b-9ee2-8944c630ad1d@group-B1EF4EB933B0: set configuration 5: [fd6a08cb-ca39-44ab-a901-59b74a3535c1|rpc:localhost:38819|priority:0, 4fec6c92-8a01-477b-9ee2-8944c630ad1d|rpc:localhost:41845|admin:|client:|dataStream:|priority:0], old=null
2022-03-03 14:18:22,259 [fd6a08cb-ca39-44ab-a901-59b74a3535c1@group-B1EF4EB933B0-StateMachineUpdater] INFO  server.SCMDatanodeProtocolServer (SCMDatanodeProtocolServer.java:start(183)) - ScmDatanodeProtocol RPC server for DataNodes is listening at /0.0.0.0:41237
2022-03-03 14:18:22,265 [IPC Server listener on 41237] INFO  ipc.Server (Server.java:run(1344)) - IPC Server listener on 41237: starting
2022-03-03 14:18:22,266 [grpc-default-executor-2] INFO  server.RaftServer$Division (ServerState.java:setRaftConf(387)) - fd6a08cb-ca39-44ab-a901-59b74a3535c1@group-B1EF4EB933B0: set configuration 5: [fd6a08cb-ca39-44ab-a901-59b74a3535c1|rpc:localhost:38819|admin:|client:|dataStream:|priority:0, 4fec6c92-8a01-477b-9ee2-8944c630ad1d|rpc:localhost:41845|admin:|client:|dataStream:|priority:0], old=null
2022-03-03 14:18:22,269 [IPC Server Responder] INFO  ipc.Server (Server.java:run(1507)) - IPC Server Responder: starting
2022-03-03 14:18:22,281 [IPC Server handler 2 on default port 41255] INFO  ha.SCMRatisServerImpl (SCMRatisServerImpl.java:addSCM(303)) - Successfully added new SCM: fd6a08cb-ca39-44ab-a901-59b74a3535c1.
2022-03-03 14:18:22,287 [Listener at 0.0.0.0/37221] INFO  ha.SCMHAManagerImpl (SCMHAManagerImpl.java:start(117)) - Successfully added SCM scmNode-2 to group group-B1EF4EB933B0:[fd6a08cb-ca39-44ab-a901-59b74a3535c1|rpc:localhost:38819|admin:|client:|dataStream:|priority:0, 4fec6c92-8a01-477b-9ee2-8944c630ad1d|rpc:localhost:41845|admin:|client:|dataStream:|priority:0]
2022-03-03 14:18:22,288 [Listener at 0.0.0.0/37221] INFO  ha.InterSCMGrpcService (InterSCMGrpcProtocolService.java:start(94)) - Starting SCM Grpc Service at port 35547
2022-03-03 14:18:22,292 [Listener at 0.0.0.0/37221] INFO  impl.MetricsSystemImpl (MetricsSystemImpl.java:init(158)) - StorageContainerManager metrics system started (again)
2022-03-03 14:18:22,305 [Listener at 0.0.0.0/37221] INFO  server.SCMClientProtocolServer (SCMClientProtocolServer.java:start(165)) - RPC server for Client  is listening at /0.0.0.0:37221
2022-03-03 14:18:22,306 [IPC Server Responder] INFO  ipc.Server (Server.java:run(1507)) - IPC Server Responder: starting
2022-03-03 14:18:22,306 [IPC Server listener on 37221] INFO  ipc.Server (Server.java:run(1344)) - IPC Server listener on 37221: starting
2022-03-03 14:18:22,311 [Listener at 0.0.0.0/37221] INFO  server.StorageContainerManager (StorageContainerManager.java:start(1342)) - ScmBlockLocationProtocol RPC server is listening at /0.0.0.0:43715
2022-03-03 14:18:22,312 [Listener at 0.0.0.0/37221] INFO  server.SCMBlockProtocolServer (SCMBlockProtocolServer.java:start(151)) - RPC server for Block Protocol is listening at /0.0.0.0:43715
2022-03-03 14:18:22,315 [IPC Server Responder] INFO  ipc.Server (Server.java:run(1507)) - IPC Server Responder: starting
2022-03-03 14:18:22,315 [IPC Server listener on 43715] INFO  ipc.Server (Server.java:run(1344)) - IPC Server listener on 43715: starting
2022-03-03 14:18:22,324 [org.apache.hadoop.util.JvmPauseMonitor$Monitor@28f475b2] INFO  util.JvmPauseMonitor (JvmPauseMonitor.java:run(188)) - Starting JVM pause monitor
2022-03-03 14:18:22,325 [Listener at 0.0.0.0/37221] INFO  http.BaseHttpServer (BaseHttpServer.java:newHttpServer2BuilderForOzone(209)) - Starting Web-server for scm at: http://0.0.0.0:46111
2022-03-03 14:18:22,325 [Listener at 0.0.0.0/37221] INFO  http.BaseHttpServer (BaseHttpServer.java:<init>(107)) - Hadoop Security Enabled: false Ozone Security Enabled: false Ozone HTTP Security Enabled: false 
2022-03-03 14:18:22,327 [Listener at 0.0.0.0/37221] INFO  server.AuthenticationFilter (AuthenticationFilter.java:constructSecretProvider(240)) - Unable to initialize FileSignerSecretProvider, falling back to use random secrets.
2022-03-03 14:18:22,331 [Listener at 0.0.0.0/37221] WARN  http.HttpRequestLog (HttpRequestLog.java:getRequestLog(103)) - Jetty request log can only be enabled using Log4j
2022-03-03 14:18:22,332 [Listener at 0.0.0.0/37221] INFO  http.HttpServer2 (HttpServer2.java:addGlobalFilter(1030)) - Added global filter 'safety' (class=org.apache.hadoop.hdds.server.http.HttpServer2$QuotingInputFilter)
2022-03-03 14:18:22,332 [Listener at 0.0.0.0/37221] INFO  http.HttpServer2 (HttpServer2.java:addFilter(1006)) - Added filter static_user_filter (class=org.apache.hadoop.http.lib.StaticUserWebFilter$StaticUserFilter) to context scm
2022-03-03 14:18:22,333 [Listener at 0.0.0.0/37221] INFO  http.HttpServer2 (HttpServer2.java:addFilter(1014)) - Added filter static_user_filter (class=org.apache.hadoop.http.lib.StaticUserWebFilter$StaticUserFilter) to context static
2022-03-03 14:18:22,333 [Listener at 0.0.0.0/37221] INFO  http.HttpServer2 (HttpServer2.java:addFilter(1014)) - Added filter static_user_filter (class=org.apache.hadoop.http.lib.StaticUserWebFilter$StaticUserFilter) to context logs
2022-03-03 14:18:22,333 [Listener at 0.0.0.0/37221] INFO  http.HttpServer2 (HttpServer2.java:bindListener(1249)) - Jetty bound to port 46111
2022-03-03 14:18:22,333 [Listener at 0.0.0.0/37221] INFO  server.Server (Server.java:doStart(375)) - jetty-9.4.43.v20210629; built: 2021-06-30T11:07:22.254Z; git: 526006ecfa3af7f1a27ef3a288e2bef7ea9dd7e8; jvm 1.8.0_322-b06
2022-03-03 14:18:22,337 [Listener at 0.0.0.0/37221] INFO  server.session (DefaultSessionIdManager.java:doStart(334)) - DefaultSessionIdManager workerName=node0
2022-03-03 14:18:22,337 [Listener at 0.0.0.0/37221] INFO  server.session (DefaultSessionIdManager.java:doStart(339)) - No SessionScavenger set, using defaults
2022-03-03 14:18:22,337 [Listener at 0.0.0.0/37221] INFO  server.session (HouseKeeper.java:startScavenging(132)) - node0 Scavenging every 600000ms
2022-03-03 14:18:22,337 [Listener at 0.0.0.0/37221] INFO  handler.ContextHandler (ContextHandler.java:doStart(915)) - Started o.e.j.s.ServletContextHandler@32d247bd{logs,/logs,file:///home/runner/work/ozone/ozone/hadoop-ozone/integration-test/target/log,AVAILABLE}
2022-03-03 14:18:22,338 [Listener at 0.0.0.0/37221] INFO  handler.ContextHandler (ContextHandler.java:doStart(915)) - Started o.e.j.s.ServletContextHandler@13b8ace8{static,/static,file:///home/runner/work/ozone/ozone/hadoop-ozone/integration-test/target/test-classes/webapps/static,AVAILABLE}
2022-03-03 14:18:22,341 [Listener at 0.0.0.0/37221] INFO  handler.ContextHandler (ContextHandler.java:doStart(915)) - Started o.e.j.w.WebAppContext@45593414{scm,/,file:///home/runner/work/ozone/ozone/hadoop-ozone/integration-test/target/test-classes/webapps/scm/,AVAILABLE}{file:/home/runner/work/ozone/ozone/hadoop-ozone/integration-test/target/test-classes/webapps/scm}
2022-03-03 14:18:22,342 [Listener at 0.0.0.0/37221] INFO  server.AbstractConnector (AbstractConnector.java:doStart(331)) - Started ServerConnector@1c36ef90{HTTP/1.1, (http/1.1)}{0.0.0.0:46111}
2022-03-03 14:18:22,343 [Listener at 0.0.0.0/37221] INFO  server.Server (Server.java:doStart(415)) - Started @20355ms
2022-03-03 14:18:22,343 [Listener at 0.0.0.0/37221] WARN  impl.MetricsSystemImpl (MetricsSystemImpl.java:register(279)) - Sink prometheus already exists!
2022-03-03 14:18:22,343 [Listener at 0.0.0.0/37221] INFO  http.BaseHttpServer (BaseHttpServer.java:updateConnectorAddress(329)) - HTTP server of scm listening at http://0.0.0.0:46111
2022-03-03 14:18:22,343 [Listener at 0.0.0.0/37221] INFO  ozone.MiniOzoneHAClusterImpl (MiniOzoneHAClusterImpl.java:createSCMService(600)) - Started SCM RPC server at /0.0.0.0:37221
2022-03-03 14:18:22,344 [Listener at 0.0.0.0/37221] INFO  ha.SCMHANodeDetails (SCMHANodeDetails.java:loadSCMHAConfig(157)) - ServiceID for StorageContainerManager is scmServiceId
2022-03-03 14:18:22,344 [Listener at 0.0.0.0/37221] INFO  ha.SCMHANodeDetails (SCMHANodeDetails.java:loadSCMHAConfig(168)) - ServiceID for StorageContainerManager is scmServiceId
2022-03-03 14:18:22,344 [Listener at 0.0.0.0/37221] WARN  scm.ScmUtils (ScmUtils.java:logWarn(179)) - ConfigKey ozone.scm.block.client.address is deprecated, For configuring different ports for each SCM use PortConfigKey ozone.scm.block.client.port appended with serviceId and nodeId. If want to configure same port configure ozone.scm.block.client.port
2022-03-03 14:18:22,344 [Listener at 0.0.0.0/37221] WARN  scm.ScmUtils (ScmUtils.java:logWarn(179)) - ConfigKey ozone.scm.client.address is deprecated, For configuring different ports for each SCM use PortConfigKey ozone.scm.client.port appended with serviceId and nodeId. If want to configure same port configure ozone.scm.client.port
2022-03-03 14:18:22,344 [Listener at 0.0.0.0/37221] WARN  scm.ScmUtils (ScmUtils.java:logWarn(179)) - ConfigKey ozone.scm.datanode.address is deprecated, For configuring different ports for each SCM use PortConfigKey ozone.scm.datanode.port appended with serviceId and nodeId. If want to configure same port configure ozone.scm.datanode.port
2022-03-03 14:18:22,345 [Listener at 0.0.0.0/37221] WARN  scm.ScmUtils (ScmUtils.java:logWarn(179)) - ConfigKey ozone.scm.block.client.address is deprecated, For configuring different ports for each SCM use PortConfigKey ozone.scm.block.client.port appended with serviceId and nodeId. If want to configure same port configure ozone.scm.block.client.port
2022-03-03 14:18:22,345 [Listener at 0.0.0.0/37221] WARN  scm.ScmUtils (ScmUtils.java:logWarn(179)) - ConfigKey ozone.scm.client.address is deprecated, For configuring different ports for each SCM use PortConfigKey ozone.scm.client.port appended with serviceId and nodeId. If want to configure same port configure ozone.scm.client.port
2022-03-03 14:18:22,345 [Listener at 0.0.0.0/37221] WARN  scm.ScmUtils (ScmUtils.java:logWarn(179)) - ConfigKey ozone.scm.datanode.address is deprecated, For configuring different ports for each SCM use PortConfigKey ozone.scm.datanode.port appended with serviceId and nodeId. If want to configure same port configure ozone.scm.datanode.port
2022-03-03 14:18:22,345 [Listener at 0.0.0.0/37221] INFO  ha.SCMHANodeDetails (SCMHANodeDetails.java:loadSCMHAConfig(250)) - Found matching SCM address with SCMServiceId: scmServiceId, SCMNodeId: scmNode-3, RPC Address: localhost:45503 and Ratis port: 45503
2022-03-03 14:18:22,345 [Listener at 0.0.0.0/37221] INFO  ha.SCMHANodeDetails (ConfUtils.java:setNodeSpecificConfigs(108)) - Setting configuration key ozone.scm.datanode.address with value of key ozone.scm.datanode.address.scmServiceId.scmNode-3: 127.0.0.1:37109
2022-03-03 14:18:22,345 [Listener at 0.0.0.0/37221] INFO  ha.SCMHANodeDetails (ConfUtils.java:setNodeSpecificConfigs(108)) - Setting configuration key ozone.scm.block.client.address with value of key ozone.scm.block.client.address.scmServiceId.scmNode-3: 127.0.0.1:39305
2022-03-03 14:18:22,345 [Listener at 0.0.0.0/37221] INFO  ha.SCMHANodeDetails (ConfUtils.java:setNodeSpecificConfigs(108)) - Setting configuration key ozone.scm.client.address with value of key ozone.scm.client.address.scmServiceId.scmNode-3: 127.0.0.1:43753
2022-03-03 14:18:22,345 [Listener at 0.0.0.0/37221] INFO  ha.SCMHANodeDetails (ConfUtils.java:setNodeSpecificConfigs(108)) - Setting configuration key ozone.scm.ratis.port with value of key ozone.scm.ratis.port.scmServiceId.scmNode-3: 45503
2022-03-03 14:18:22,345 [Listener at 0.0.0.0/37221] INFO  ha.SCMHANodeDetails (ConfUtils.java:setNodeSpecificConfigs(108)) - Setting configuration key ozone.scm.grpc.port with value of key ozone.scm.grpc.port.scmServiceId.scmNode-3: 42117
2022-03-03 14:18:22,345 [Listener at 0.0.0.0/37221] INFO  ha.SCMHANodeDetails (ConfUtils.java:setNodeSpecificConfigs(108)) - Setting configuration key ozone.scm.http-address with value of key ozone.scm.http-address.scmServiceId.scmNode-3: 127.0.0.1:42611
2022-03-03 14:18:22,346 [Listener at 0.0.0.0/37221] INFO  ha.SCMHANodeDetails (ConfUtils.java:setNodeSpecificConfigs(108)) - Setting configuration key ozone.scm.https-address with value of key ozone.scm.https-address.scmServiceId.scmNode-3: 127.0.0.1:44221
2022-03-03 14:18:22,346 [Listener at 0.0.0.0/37221] INFO  ha.SCMHANodeDetails (ConfUtils.java:setNodeSpecificConfigs(108)) - Setting configuration key ozone.scm.address with value of key ozone.scm.address.scmServiceId.scmNode-3: 127.0.0.1
2022-03-03 14:18:22,346 [Listener at 0.0.0.0/37221] WARN  scm.ScmUtils (ScmUtils.java:logWarn(179)) - ConfigKey ozone.scm.block.client.address is deprecated, For configuring different ports for each SCM use PortConfigKey ozone.scm.block.client.port appended with serviceId and nodeId. If want to configure same port configure ozone.scm.block.client.port
2022-03-03 14:18:22,346 [Listener at 0.0.0.0/37221] WARN  scm.ScmUtils (ScmUtils.java:logWarn(179)) - ConfigKey ozone.scm.client.address is deprecated, For configuring different ports for each SCM use PortConfigKey ozone.scm.client.port appended with serviceId and nodeId. If want to configure same port configure ozone.scm.client.port
2022-03-03 14:18:22,346 [Listener at 0.0.0.0/37221] WARN  scm.ScmUtils (ScmUtils.java:logWarn(179)) - ConfigKey ozone.scm.datanode.address is deprecated, For configuring different ports for each SCM use PortConfigKey ozone.scm.datanode.port appended with serviceId and nodeId. If want to configure same port configure ozone.scm.datanode.port
2022-03-03 14:18:22,346 [Listener at 0.0.0.0/37221] WARN  server.ServerUtils (ServerUtils.java:getScmDbDir(148)) - ozone.scm.db.dirs is not configured. We recommend adding this setting. Falling back to ozone.metadata.dirs instead.
2022-03-03 14:18:22,348 [Listener at 0.0.0.0/37221] INFO  ha.SCMNodeInfo (SCMNodeInfo.java:getPort(197)) - ConfigKey ozone.scm.client.address is deprecated, For configuring different ports for each SCM use PortConfigKey ozone.scm.client.port appended with serviceId and nodeId
2022-03-03 14:18:22,348 [Listener at 0.0.0.0/37221] INFO  ha.SCMNodeInfo (SCMNodeInfo.java:getPort(197)) - ConfigKey ozone.scm.block.client.address is deprecated, For configuring different ports for each SCM use PortConfigKey ozone.scm.block.client.port appended with serviceId and nodeId
2022-03-03 14:18:22,348 [Listener at 0.0.0.0/37221] INFO  ha.SCMNodeInfo (SCMNodeInfo.java:getPort(197)) - ConfigKey ozone.scm.datanode.address is deprecated, For configuring different ports for each SCM use PortConfigKey ozone.scm.datanode.port appended with serviceId and nodeId
2022-03-03 14:18:22,348 [Listener at 0.0.0.0/37221] INFO  ha.SCMNodeInfo (SCMNodeInfo.java:getPort(197)) - ConfigKey ozone.scm.client.address is deprecated, For configuring different ports for each SCM use PortConfigKey ozone.scm.client.port appended with serviceId and nodeId
2022-03-03 14:18:22,348 [Listener at 0.0.0.0/37221] INFO  ha.SCMNodeInfo (SCMNodeInfo.java:getPort(197)) - ConfigKey ozone.scm.block.client.address is deprecated, For configuring different ports for each SCM use PortConfigKey ozone.scm.block.client.port appended with serviceId and nodeId
2022-03-03 14:18:22,348 [Listener at 0.0.0.0/37221] INFO  ha.SCMNodeInfo (SCMNodeInfo.java:getPort(197)) - ConfigKey ozone.scm.datanode.address is deprecated, For configuring different ports for each SCM use PortConfigKey ozone.scm.datanode.port appended with serviceId and nodeId
2022-03-03 14:18:22,348 [Listener at 0.0.0.0/37221] INFO  ha.SCMNodeInfo (SCMNodeInfo.java:getPort(197)) - ConfigKey ozone.scm.client.address is deprecated, For configuring different ports for each SCM use PortConfigKey ozone.scm.client.port appended with serviceId and nodeId
2022-03-03 14:18:22,348 [Listener at 0.0.0.0/37221] INFO  ha.SCMNodeInfo (SCMNodeInfo.java:getPort(197)) - ConfigKey ozone.scm.block.client.address is deprecated, For configuring different ports for each SCM use PortConfigKey ozone.scm.block.client.port appended with serviceId and nodeId
2022-03-03 14:18:22,348 [Listener at 0.0.0.0/37221] INFO  ha.SCMNodeInfo (SCMNodeInfo.java:getPort(197)) - ConfigKey ozone.scm.datanode.address is deprecated, For configuring different ports for each SCM use PortConfigKey ozone.scm.datanode.port appended with serviceId and nodeId
2022-03-03 14:18:22,354 [Listener at 0.0.0.0/37221] INFO  server.StorageContainerManager (StorageContainerManager.java:scmBootstrap(1011)) - SCM BootStrap  is successful for ClusterID 0274ca87-c068-4a4d-855f-b1ef4eb933b0, SCMID a6e28bb1-0085-4f86-91af-c94afacc40c4
2022-03-03 14:18:22,355 [Listener at 0.0.0.0/37221] INFO  server.StorageContainerManager (StorageContainerManager.java:scmBootstrap(1013)) - Primary SCM Node ID 4fec6c92-8a01-477b-9ee2-8944c630ad1d
2022-03-03 14:18:22,355 [Listener at 0.0.0.0/37221] INFO  ha.SCMHANodeDetails (SCMHANodeDetails.java:loadSCMHAConfig(157)) - ServiceID for StorageContainerManager is scmServiceId
2022-03-03 14:18:22,355 [Listener at 0.0.0.0/37221] INFO  ha.SCMHANodeDetails (SCMHANodeDetails.java:loadSCMHAConfig(168)) - ServiceID for StorageContainerManager is scmServiceId
2022-03-03 14:18:22,355 [Listener at 0.0.0.0/37221] WARN  scm.ScmUtils (ScmUtils.java:logWarn(179)) - ConfigKey ozone.scm.block.client.address is deprecated, For configuring different ports for each SCM use PortConfigKey ozone.scm.block.client.port appended with serviceId and nodeId. If want to configure same port configure ozone.scm.block.client.port
2022-03-03 14:18:22,355 [Listener at 0.0.0.0/37221] WARN  scm.ScmUtils (ScmUtils.java:logWarn(179)) - ConfigKey ozone.scm.client.address is deprecated, For configuring different ports for each SCM use PortConfigKey ozone.scm.client.port appended with serviceId and nodeId. If want to configure same port configure ozone.scm.client.port
2022-03-03 14:18:22,355 [Listener at 0.0.0.0/37221] WARN  scm.ScmUtils (ScmUtils.java:logWarn(179)) - ConfigKey ozone.scm.datanode.address is deprecated, For configuring different ports for each SCM use PortConfigKey ozone.scm.datanode.port appended with serviceId and nodeId. If want to configure same port configure ozone.scm.datanode.port
2022-03-03 14:18:22,355 [Listener at 0.0.0.0/37221] WARN  scm.ScmUtils (ScmUtils.java:logWarn(179)) - ConfigKey ozone.scm.block.client.address is deprecated, For configuring different ports for each SCM use PortConfigKey ozone.scm.block.client.port appended with serviceId and nodeId. If want to configure same port configure ozone.scm.block.client.port
2022-03-03 14:18:22,355 [Listener at 0.0.0.0/37221] WARN  scm.ScmUtils (ScmUtils.java:logWarn(179)) - ConfigKey ozone.scm.client.address is deprecated, For configuring different ports for each SCM use PortConfigKey ozone.scm.client.port appended with serviceId and nodeId. If want to configure same port configure ozone.scm.client.port
2022-03-03 14:18:22,355 [Listener at 0.0.0.0/37221] WARN  scm.ScmUtils (ScmUtils.java:logWarn(179)) - ConfigKey ozone.scm.datanode.address is deprecated, For configuring different ports for each SCM use PortConfigKey ozone.scm.datanode.port appended with serviceId and nodeId. If want to configure same port configure ozone.scm.datanode.port
2022-03-03 14:18:22,355 [Listener at 0.0.0.0/37221] INFO  ha.SCMHANodeDetails (SCMHANodeDetails.java:loadSCMHAConfig(250)) - Found matching SCM address with SCMServiceId: scmServiceId, SCMNodeId: scmNode-3, RPC Address: localhost:45503 and Ratis port: 45503
2022-03-03 14:18:22,355 [Listener at 0.0.0.0/37221] INFO  ha.SCMHANodeDetails (ConfUtils.java:setNodeSpecificConfigs(108)) - Setting configuration key ozone.scm.datanode.address with value of key ozone.scm.datanode.address.scmServiceId.scmNode-3: 127.0.0.1:37109
2022-03-03 14:18:22,355 [Listener at 0.0.0.0/37221] INFO  ha.SCMHANodeDetails (ConfUtils.java:setNodeSpecificConfigs(108)) - Setting configuration key ozone.scm.block.client.address with value of key ozone.scm.block.client.address.scmServiceId.scmNode-3: 127.0.0.1:39305
2022-03-03 14:18:22,356 [Listener at 0.0.0.0/37221] INFO  ha.SCMHANodeDetails (ConfUtils.java:setNodeSpecificConfigs(108)) - Setting configuration key ozone.scm.client.address with value of key ozone.scm.client.address.scmServiceId.scmNode-3: 127.0.0.1:43753
2022-03-03 14:18:22,356 [Listener at 0.0.0.0/37221] INFO  ha.SCMHANodeDetails (ConfUtils.java:setNodeSpecificConfigs(108)) - Setting configuration key ozone.scm.ratis.port with value of key ozone.scm.ratis.port.scmServiceId.scmNode-3: 45503
2022-03-03 14:18:22,356 [Listener at 0.0.0.0/37221] INFO  ha.SCMHANodeDetails (ConfUtils.java:setNodeSpecificConfigs(108)) - Setting configuration key ozone.scm.grpc.port with value of key ozone.scm.grpc.port.scmServiceId.scmNode-3: 42117
2022-03-03 14:18:22,356 [Listener at 0.0.0.0/37221] INFO  ha.SCMHANodeDetails (ConfUtils.java:setNodeSpecificConfigs(108)) - Setting configuration key ozone.scm.http-address with value of key ozone.scm.http-address.scmServiceId.scmNode-3: 127.0.0.1:42611
2022-03-03 14:18:22,356 [Listener at 0.0.0.0/37221] INFO  ha.SCMHANodeDetails (ConfUtils.java:setNodeSpecificConfigs(108)) - Setting configuration key ozone.scm.https-address with value of key ozone.scm.https-address.scmServiceId.scmNode-3: 127.0.0.1:44221
2022-03-03 14:18:22,356 [Listener at 0.0.0.0/37221] INFO  ha.SCMHANodeDetails (ConfUtils.java:setNodeSpecificConfigs(108)) - Setting configuration key ozone.scm.address with value of key ozone.scm.address.scmServiceId.scmNode-3: 127.0.0.1
2022-03-03 14:18:22,356 [Listener at 0.0.0.0/37221] WARN  scm.ScmUtils (ScmUtils.java:logWarn(179)) - ConfigKey ozone.scm.block.client.address is deprecated, For configuring different ports for each SCM use PortConfigKey ozone.scm.block.client.port appended with serviceId and nodeId. If want to configure same port configure ozone.scm.block.client.port
2022-03-03 14:18:22,356 [Listener at 0.0.0.0/37221] WARN  scm.ScmUtils (ScmUtils.java:logWarn(179)) - ConfigKey ozone.scm.client.address is deprecated, For configuring different ports for each SCM use PortConfigKey ozone.scm.client.port appended with serviceId and nodeId. If want to configure same port configure ozone.scm.client.port
2022-03-03 14:18:22,356 [Listener at 0.0.0.0/37221] WARN  scm.ScmUtils (ScmUtils.java:logWarn(179)) - ConfigKey ozone.scm.datanode.address is deprecated, For configuring different ports for each SCM use PortConfigKey ozone.scm.datanode.port appended with serviceId and nodeId. If want to configure same port configure ozone.scm.datanode.port
2022-03-03 14:18:22,357 [Listener at 0.0.0.0/37221] WARN  server.ServerUtils (ServerUtils.java:getScmDbDir(148)) - ozone.scm.db.dirs is not configured. We recommend adding this setting. Falling back to ozone.metadata.dirs instead.
2022-03-03 14:18:22,357 [Listener at 0.0.0.0/37221] INFO  upgrade.AbstractLayoutVersionManager (AbstractLayoutVersionManager.java:init(79)) - Initializing Layout version manager with metadata layout = SCM_HA (version = 2), software layout = SCM_HA (version = 2)
2022-03-03 14:18:22,396 [Listener at 0.0.0.0/37221] INFO  reflections.Reflections (Reflections.java:scan(232)) - Reflections took 38 ms to scan 7 urls, producing 122 keys and 286 values 
2022-03-03 14:18:22,397 [Listener at 0.0.0.0/37221] WARN  utils.HAUtils (HAUtils.java:getMetaDir(342)) - ozone.scm.db.dirs is not configured. We recommend adding this setting. Falling back to ozone.metadata.dirs instead.
2022-03-03 14:18:22,398 [Listener at 0.0.0.0/37221] WARN  db.DBStoreBuilder (DBStoreBuilder.java:applyDBDefinition(145)) - ozone.scm.db.dirs is not configured. We recommend adding this setting. Falling back to ozone.metadata.dirs instead.
2022-03-03 14:18:22,468 [Listener at 0.0.0.0/37221] INFO  net.NodeSchemaLoader (NodeSchemaLoader.java:loadSchemaFromFile(129)) - Loading schema from [jar:file:/home/runner/.m2/repository/org/apache/ozone/hdds-common/1.3.0-SNAPSHOT/hdds-common-1.3.0-SNAPSHOT.jar!/network-topology-default.xml]
2022-03-03 14:18:22,468 [Listener at 0.0.0.0/37221] INFO  net.NodeSchemaLoader (NodeSchemaLoader.java:loadSchema(176)) - Loading network topology layer schema file
2022-03-03 14:18:22,471 [Listener at 0.0.0.0/37221] WARN  impl.MetricRegistriesImpl (MetricRegistriesImpl.java:addReporterRegistration(111)) - New reporters are added after registries were created. Some metrics will be missing from the reporter. Please add reporter before adding any new registry.
2022-03-03 14:18:22,471 [Listener at 0.0.0.0/37221] WARN  impl.MetricRegistriesImpl (MetricRegistriesImpl.java:addReporterRegistration(111)) - New reporters are added after registries were created. Some metrics will be missing from the reporter. Please add reporter before adding any new registry.
2022-03-03 14:18:22,472 [Listener at 0.0.0.0/37221] INFO  ha.SCMRatisServerImpl (SCMRatisServerImpl.java:<init>(87)) - starting Raft server for scm:a6e28bb1-0085-4f86-91af-c94afacc40c4
2022-03-03 14:18:22,472 [Listener at 0.0.0.0/37221] INFO  server.RaftServer (ConfUtils.java:logGet(44)) - raft.rpc.type = GRPC (default)
2022-03-03 14:18:22,472 [Listener at 0.0.0.0/37221] INFO  grpc.GrpcFactory (GrpcFactory.java:checkPooledByteBufAllocatorUseCacheForAllThreads(48)) - PERFORMANCE WARNING: useCacheForAllThreads is true that may cause Netty to create a lot garbage objects and, as a result, trigger GC.
	It is recommended to disable useCacheForAllThreads by setting -Dorg.apache.ratis.thirdparty.io.netty.allocator.useCacheForAllThreads=false in command line.
2022-03-03 14:18:22,473 [Listener at 0.0.0.0/37221] INFO  grpc.GrpcConfigKeys (ConfUtils.java:logGet(44)) - raft.grpc.admin.port = -1 (default)
2022-03-03 14:18:22,473 [Listener at 0.0.0.0/37221] INFO  grpc.GrpcConfigKeys (ConfUtils.java:logGet(44)) - raft.grpc.server.port = 45503 (custom)
2022-03-03 14:18:22,473 [Listener at 0.0.0.0/37221] INFO  grpc.GrpcConfigKeys (ConfUtils.java:logGet(44)) - raft.grpc.client.port = -1 (default)
2022-03-03 14:18:22,473 [Listener at 0.0.0.0/37221] INFO  grpc.GrpcConfigKeys (ConfUtils.java:logGet(44)) - raft.grpc.server.port = 45503 (custom)
2022-03-03 14:18:22,473 [Listener at 0.0.0.0/37221] INFO  grpc.GrpcConfigKeys (ConfUtils.java:logGet(44)) - raft.grpc.server.port = 45503 (custom)
2022-03-03 14:18:22,473 [Listener at 0.0.0.0/37221] INFO  server.GrpcService (ConfUtils.java:logGet(44)) - raft.grpc.message.size.max = 32m (=33554432) (custom)
2022-03-03 14:18:22,473 [Listener at 0.0.0.0/37221] INFO  server.RaftServerConfigKeys (ConfUtils.java:logGet(44)) - raft.server.log.appender.buffer.byte-limit = 33554432 (custom)
2022-03-03 14:18:22,473 [Listener at 0.0.0.0/37221] INFO  server.GrpcService (ConfUtils.java:logGet(44)) - raft.grpc.flow.control.window = 1MB (=1048576) (default)
2022-03-03 14:18:22,473 [Listener at 0.0.0.0/37221] INFO  server.RaftServerConfigKeys (ConfUtils.java:logGet(44)) - raft.server.rpc.request.timeout = 30000ms (custom)
2022-03-03 14:18:22,474 [Listener at 0.0.0.0/37221] INFO  impl.DataStreamServerImpl (ConfUtils.java:logGet(44)) - raft.datastream.type = DISABLED (default)
2022-03-03 14:18:22,474 [Listener at 0.0.0.0/37221] INFO  server.RaftServerConfigKeys (ConfUtils.java:logGet(44)) - raft.server.rpc.slowness.timeout = 120000ms (custom)
2022-03-03 14:18:22,475 [Listener at 0.0.0.0/37221] INFO  server.RaftServerConfigKeys (ConfUtils.java:logGet(44)) - raft.server.leaderelection.leader.step-down.wait-time = 10s (default)
2022-03-03 14:18:22,475 [Listener at 0.0.0.0/37221] INFO  server.RaftServerConfigKeys (ConfUtils.java:logGet(44)) - raft.server.storage.dir = [/home/runner/work/ozone/ozone/hadoop-ozone/integration-test/target/test-dir/MiniOzoneClusterImpl-0274ca87-c068-4a4d-855f-b1ef4eb933b0/scmNode-3/scm-ha] (custom)
2022-03-03 14:18:22,475 [Listener at 0.0.0.0/37221] INFO  server.RaftServer (RaftServerProxy.java:addNew(95)) - a6e28bb1-0085-4f86-91af-c94afacc40c4: addNew group-B1EF4EB933B0:[] returns group-B1EF4EB933B0:java.util.concurrent.CompletableFuture@6705e188[Not completed]
2022-03-03 14:18:22,475 [pool-92-thread-1] INFO  server.RaftServer$Division (RaftServerImpl.java:<init>(184)) - a6e28bb1-0085-4f86-91af-c94afacc40c4: new RaftServerImpl for group-B1EF4EB933B0:[] with SCMStateMachine:uninitialized
2022-03-03 14:18:22,476 [pool-92-thread-1] INFO  server.RaftServerConfigKeys (ConfUtils.java:logGet(44)) - raft.server.rpc.timeout.min = 5000ms (custom)
2022-03-03 14:18:22,477 [pool-92-thread-1] INFO  server.RaftServerConfigKeys (ConfUtils.java:logGet(44)) - raft.server.rpc.timeout.max = 5200ms (custom)
2022-03-03 14:18:22,477 [pool-92-thread-1] INFO  server.RaftServerConfigKeys (ConfUtils.java:logGet(44)) - raft.server.rpc.sleep.time = 25ms (default)
2022-03-03 14:18:22,477 [pool-92-thread-1] INFO  server.RaftServerConfigKeys (ConfUtils.java:logGet(44)) - raft.server.rpc.slowness.timeout = 120000ms (custom)
2022-03-03 14:18:22,477 [pool-92-thread-1] INFO  server.RaftServerConfigKeys (ConfUtils.java:logGet(44)) - raft.server.leaderelection.leader.step-down.wait-time = 10s (default)
2022-03-03 14:18:22,477 [pool-92-thread-1] INFO  server.RaftServerConfigKeys (ConfUtils.java:logGet(44)) - raft.server.sleep.deviation.threshold = 300ms (default)
2022-03-03 14:18:22,477 [pool-92-thread-1] INFO  server.RaftServerConfigKeys (ConfUtils.java:logGet(44)) - raft.server.log.appender.install.snapshot.enabled = false (custom)
2022-03-03 14:18:22,477 [pool-92-thread-1] INFO  server.RaftServer$Division (ServerState.java:<init>(105)) - a6e28bb1-0085-4f86-91af-c94afacc40c4@group-B1EF4EB933B0: ConfigurationManager, init=-1: [], old=null, confs=<EMPTY_MAP>
2022-03-03 14:18:22,477 [pool-92-thread-1] INFO  server.RaftServerConfigKeys (ConfUtils.java:logGet(44)) - raft.server.storage.dir = [/home/runner/work/ozone/ozone/hadoop-ozone/integration-test/target/test-dir/MiniOzoneClusterImpl-0274ca87-c068-4a4d-855f-b1ef4eb933b0/scmNode-3/scm-ha] (custom)
2022-03-03 14:18:22,479 [pool-92-thread-1] INFO  server.RaftServerConfigKeys (ConfUtils.java:logGet(44)) - raft.server.log.corruption.policy = EXCEPTION (default)
2022-03-03 14:18:22,479 [pool-92-thread-1] INFO  server.RaftServerConfigKeys (ConfUtils.java:logGet(44)) - raft.server.storage.free-space.min = 0MB (=0) (default)
2022-03-03 14:18:22,479 [pool-92-thread-1] INFO  storage.RaftStorageDirectory (RaftStorageDirectoryImpl.java:analyzeStorage(135)) - The storage directory /home/runner/work/ozone/ozone/hadoop-ozone/integration-test/target/test-dir/MiniOzoneClusterImpl-0274ca87-c068-4a4d-855f-b1ef4eb933b0/scmNode-3/scm-ha/0274ca87-c068-4a4d-855f-b1ef4eb933b0 does not exist. Creating ...
2022-03-03 14:18:22,480 [pool-92-thread-1] INFO  storage.RaftStorageDirectory (RaftStorageDirectoryImpl.java:tryLock(230)) - Lock on /home/runner/work/ozone/ozone/hadoop-ozone/integration-test/target/test-dir/MiniOzoneClusterImpl-0274ca87-c068-4a4d-855f-b1ef4eb933b0/scmNode-3/scm-ha/0274ca87-c068-4a4d-855f-b1ef4eb933b0/in_use.lock acquired by nodename 586@fv-az50-851
2022-03-03 14:18:22,482 [pool-92-thread-1] INFO  storage.RaftStorage (RaftStorageImpl.java:format(89)) - Storage directory /home/runner/work/ozone/ozone/hadoop-ozone/integration-test/target/test-dir/MiniOzoneClusterImpl-0274ca87-c068-4a4d-855f-b1ef4eb933b0/scmNode-3/scm-ha/0274ca87-c068-4a4d-855f-b1ef4eb933b0 has been successfully formatted.
2022-03-03 14:18:22,482 [pool-92-thread-1] INFO  server.RaftServerConfigKeys (ConfUtils.java:logGet(44)) - raft.server.notification.no-leader.timeout = 60s (default)
2022-03-03 14:18:22,482 [pool-92-thread-1] INFO  server.RaftServerConfigKeys (ConfUtils.java:logGet(44)) - raft.server.log.use.memory = false (default)
2022-03-03 14:18:22,482 [pool-92-thread-1] INFO  server.RaftServerConfigKeys (ConfUtils.java:logGet(44)) - raft.server.log.purge.gap = 1000000 (custom)
2022-03-03 14:18:22,482 [pool-92-thread-1] INFO  server.RaftServerConfigKeys (ConfUtils.java:logGet(44)) - raft.server.log.appender.buffer.byte-limit = 33554432 (custom)
2022-03-03 14:18:22,482 [pool-92-thread-1] INFO  server.RaftServerConfigKeys (ConfUtils.java:logGet(44)) - raft.server.log.segment.size.max = 4194304 (custom)
2022-03-03 14:18:22,483 [pool-92-thread-1] INFO  server.RaftServerConfigKeys (ConfUtils.java:logGet(44)) - raft.server.log.segment.cache.num.max = 2 (custom)
2022-03-03 14:18:22,483 [pool-92-thread-1] INFO  server.RaftServerConfigKeys (ConfUtils.java:logGet(44)) - raft.server.log.segment.cache.size.max = 200MB (=209715200) (default)
2022-03-03 14:18:22,483 [pool-92-thread-1] INFO  segmented.SegmentedRaftLogWorker (SegmentedRaftLogWorker.java:<init>(182)) - new a6e28bb1-0085-4f86-91af-c94afacc40c4@group-B1EF4EB933B0-SegmentedRaftLogWorker for RaftStorageImpl:Storage Directory /home/runner/work/ozone/ozone/hadoop-ozone/integration-test/target/test-dir/MiniOzoneClusterImpl-0274ca87-c068-4a4d-855f-b1ef4eb933b0/scmNode-3/scm-ha/0274ca87-c068-4a4d-855f-b1ef4eb933b0
2022-03-03 14:18:22,483 [pool-92-thread-1] INFO  server.RaftServerConfigKeys (ConfUtils.java:logGet(44)) - raft.server.log.queue.byte-limit = 64MB (=67108864) (default)
2022-03-03 14:18:22,483 [pool-92-thread-1] INFO  server.RaftServerConfigKeys (ConfUtils.java:logGet(44)) - raft.server.log.queue.element-limit = 4096 (default)
2022-03-03 14:18:22,483 [pool-92-thread-1] INFO  server.RaftServerConfigKeys (ConfUtils.java:logGet(44)) - raft.server.log.segment.size.max = 4194304 (custom)
2022-03-03 14:18:22,483 [pool-92-thread-1] INFO  server.RaftServerConfigKeys (ConfUtils.java:logGet(44)) - raft.server.log.preallocated.size = 4194304 (custom)
2022-03-03 14:18:22,483 [pool-92-thread-1] INFO  server.RaftServerConfigKeys (ConfUtils.java:logGet(44)) - raft.server.log.force.sync.num = 128 (default)
2022-03-03 14:18:22,483 [pool-92-thread-1] INFO  server.RaftServerConfigKeys (ConfUtils.java:logGet(44)) - raft.server.log.statemachine.data.sync = true (default)
2022-03-03 14:18:22,483 [pool-92-thread-1] INFO  server.RaftServerConfigKeys (ConfUtils.java:logGet(44)) - raft.server.log.statemachine.data.sync.timeout = 10s (default)
2022-03-03 14:18:22,484 [pool-92-thread-1] INFO  server.RaftServerConfigKeys (ConfUtils.java:logGet(44)) - raft.server.log.statemachine.data.sync.timeout.retry = -1 (default)
2022-03-03 14:18:22,484 [pool-92-thread-1] INFO  server.RaftServerConfigKeys (ConfUtils.java:logGet(44)) - raft.server.log.write.buffer.size = 64KB (=65536) (default)
2022-03-03 14:18:22,485 [pool-92-thread-1] INFO  server.RaftServerConfigKeys (ConfUtils.java:logGet(44)) - raft.server.log.statemachine.data.caching.enabled = false (default)
2022-03-03 14:18:22,485 [pool-92-thread-1] INFO  segmented.SegmentedRaftLogWorker (SegmentedRaftLogWorker.java:lambda$new$0(133)) - a6e28bb1-0085-4f86-91af-c94afacc40c4@group-B1EF4EB933B0-SegmentedRaftLogWorker: flushIndex: setUnconditionally 0 -> -1
2022-03-03 14:18:22,485 [pool-92-thread-1] INFO  segmented.SegmentedRaftLogWorker (SegmentedRaftLogWorker.java:lambda$new$0(133)) - a6e28bb1-0085-4f86-91af-c94afacc40c4@group-B1EF4EB933B0-SegmentedRaftLogWorker: safeCacheEvictIndex: setUnconditionally 0 -> -1
2022-03-03 14:18:22,487 [pool-92-thread-1] INFO  server.RaftServerConfigKeys (ConfUtils.java:logGet(44)) - raft.server.snapshot.auto.trigger.enabled = true (custom)
2022-03-03 14:18:22,487 [pool-92-thread-1] INFO  server.RaftServerConfigKeys (ConfUtils.java:logGet(44)) - raft.server.snapshot.auto.trigger.threshold = 1000 (custom)
2022-03-03 14:18:22,490 [pool-92-thread-1] INFO  server.RaftServerConfigKeys (ConfUtils.java:logGet(44)) - raft.server.snapshot.retention.file.num = -1 (default)
2022-03-03 14:18:22,491 [pool-92-thread-1] INFO  server.RaftServerConfigKeys (ConfUtils.java:logGet(44)) - raft.server.log.purge.upto.snapshot.index = false (default)
2022-03-03 14:18:22,491 [pool-92-thread-1] INFO  server.RaftServerConfigKeys (ConfUtils.java:logGet(44)) - raft.server.retrycache.expirytime = 60000ms (default)
2022-03-03 14:18:22,491 [pool-92-thread-1] INFO  server.RaftServerConfigKeys (ConfUtils.java:logGet(44)) - raft.server.retrycache.statistics.expirytime = 100μs (default)
2022-03-03 14:18:22,494 [Listener at 0.0.0.0/37221] INFO  ha.SCMSnapshotProvider (SCMSnapshotProvider.java:<init>(66)) - Initializing SCM Snapshot Provider
2022-03-03 14:18:22,494 [Listener at 0.0.0.0/37221] WARN  server.ServerUtils (ServerUtils.java:getDefaultRatisDirectory(237)) - Storage directory for Ratis is not configured. It is a good idea to map this to an SSD disk. Falling back to ozone.metadata.dirs
2022-03-03 14:18:22,494 [Listener at 0.0.0.0/37221] WARN  ha.SCMHAUtils (SCMHAUtils.java:getSCMRatisSnapshotDirectory(151)) - SCM snapshot dir is not configured. Falling back to ozone.metadata.dirs config
2022-03-03 14:18:22,496 [Listener at 0.0.0.0/37221] INFO  ha.SequenceIdGenerator (SequenceIdGenerator.java:upgradeToSequenceId(347)) - upgrade localId to 109611004723200000
2022-03-03 14:18:22,496 [Listener at 0.0.0.0/37221] INFO  ha.SequenceIdGenerator (SequenceIdGenerator.java:upgradeToSequenceId(357)) - upgrade delTxnId to 0
2022-03-03 14:18:22,496 [Listener at 0.0.0.0/37221] INFO  ha.SequenceIdGenerator (SequenceIdGenerator.java:upgradeToSequenceId(371)) - upgrade containerId to 0
2022-03-03 14:18:22,496 [Listener at 0.0.0.0/37221] INFO  ha.SequenceIdGenerator (SequenceIdGenerator.java:<init>(218)) - Init the HA SequenceIdGenerator.
2022-03-03 14:18:22,496 [Listener at 0.0.0.0/37221] WARN  server.ServerUtils (ServerUtils.java:sanitizeUserArgs(73)) - ozone.scm.stale.node.interval value = 300000 is larger than max = 100000 based on the key value of ozone.scm.heartbeat.thread.interval, reset to the max value 100000.
2022-03-03 14:18:22,496 [Listener at 0.0.0.0/37221] WARN  server.ServerUtils (ServerUtils.java:sanitizeUserArgs(73)) - ozone.scm.stale.node.interval value = 300000 is larger than max = 100000 based on the key value of ozone.scm.heartbeat.thread.interval, reset to the max value 100000.
2022-03-03 14:18:22,496 [Listener at 0.0.0.0/37221] INFO  node.SCMNodeManager (SCMNodeManager.java:<init>(146)) - Entering startup safe mode.
2022-03-03 14:18:22,498 [Listener at 0.0.0.0/37221] INFO  algorithms.ContainerPlacementPolicyFactory (ContainerPlacementPolicyFactory.java:getPolicy(60)) - Create container placement policy of type org.apache.hadoop.hdds.scm.container.placement.algorithms.SCMContainerPlacementRandom
2022-03-03 14:18:22,498 [Listener at 0.0.0.0/37221] INFO  pipeline.PipelineStateManagerImpl (PipelineStateManagerImpl.java:initialize(78)) - No pipeline exists in current db
2022-03-03 14:18:22,498 [Listener at 0.0.0.0/37221] INFO  algorithms.LeaderChoosePolicyFactory (LeaderChoosePolicyFactory.java:getPolicy(57)) - Create leader choose policy of type org.apache.hadoop.hdds.scm.pipeline.leader.choose.algorithms.MinLeaderCountChoosePolicy
2022-03-03 14:18:22,498 [Listener at 0.0.0.0/37221] INFO  ha.SCMServiceManager (SCMServiceManager.java:register(42)) - Registering service BackgroundPipelineCreator.
2022-03-03 14:18:22,498 [Listener at 0.0.0.0/37221] INFO  pipeline.BackgroundPipelineCreator (BackgroundPipelineCreator.java:start(130)) - Starting RatisPipelineUtilsThread.
2022-03-03 14:18:22,500 [Listener at 0.0.0.0/37221] INFO  algorithms.PipelineChoosePolicyFactory (PipelineChoosePolicyFactory.java:createPipelineChoosePolicyFromClass(73)) - Create pipeline choose policy of type org.apache.hadoop.hdds.scm.pipeline.choose.algorithms.RandomPipelineChoosePolicy
2022-03-03 14:18:22,500 [Listener at 0.0.0.0/37221] INFO  ha.SCMServiceManager (SCMServiceManager.java:register(42)) - Registering service SCMBlockDeletingService.
2022-03-03 14:18:22,500 [Listener at 0.0.0.0/37221] INFO  ha.SCMServiceManager (SCMServiceManager.java:register(42)) - Registering service ReplicationManager.
2022-03-03 14:18:22,501 [Listener at 0.0.0.0/37221] INFO  container.ReplicationManager (ReplicationManager.java:start(326)) - Starting Replication Monitor Thread.
2022-03-03 14:18:22,504 [Listener at 0.0.0.0/37221] INFO  safemode.ContainerSafeModeRule (ContainerSafeModeRule.java:<init>(89)) - containers with one replica threshold count 0
2022-03-03 14:18:22,504 [Listener at 0.0.0.0/37221] INFO  safemode.HealthyPipelineSafeModeRule (HealthyPipelineSafeModeRule.java:initializeRule(156)) - Total pipeline count is 0, healthy pipeline threshold count is 1
2022-03-03 14:18:22,505 [Listener at 0.0.0.0/37221] INFO  safemode.OneReplicaPipelineSafeModeRule (OneReplicaPipelineSafeModeRule.java:initializeRule(180)) - Total pipeline count is 0, pipeline's with at least one datanode reported threshold count is 0
2022-03-03 14:18:22,504 [ReplicationMonitor] INFO  container.ReplicationManager (ReplicationManager.java:processAll(374)) - Replication Manager is not ready to run until 3000ms after safemode exit
2022-03-03 14:18:22,505 [Listener at 0.0.0.0/37221] INFO  ipc.CallQueueManager (CallQueueManager.java:<init>(90)) - Using callQueue: class java.util.concurrent.LinkedBlockingQueue, queueCapacity: 2000, scheduler: class org.apache.hadoop.ipc.DefaultRpcScheduler, ipcBackoff: false.
2022-03-03 14:18:22,508 [Listener at 0.0.0.0/37109] INFO  ipc.CallQueueManager (CallQueueManager.java:<init>(90)) - Using callQueue: class java.util.concurrent.LinkedBlockingQueue, queueCapacity: 2000, scheduler: class org.apache.hadoop.ipc.DefaultRpcScheduler, ipcBackoff: false.
2022-03-03 14:18:22,508 [Socket Reader #1 for port 37109] INFO  ipc.Server (Server.java:run(1265)) - Starting Socket Reader #1 for port 37109
2022-03-03 14:18:22,511 [Socket Reader #1 for port 39305] INFO  ipc.Server (Server.java:run(1265)) - Starting Socket Reader #1 for port 39305
2022-03-03 14:18:22,517 [Listener at 0.0.0.0/39305] INFO  ipc.CallQueueManager (CallQueueManager.java:<init>(90)) - Using callQueue: class java.util.concurrent.LinkedBlockingQueue, queueCapacity: 2000, scheduler: class org.apache.hadoop.ipc.DefaultRpcScheduler, ipcBackoff: false.
2022-03-03 14:18:22,517 [Socket Reader #1 for port 43753] INFO  ipc.Server (Server.java:run(1265)) - Starting Socket Reader #1 for port 43753
2022-03-03 14:18:22,539 [Listener at 0.0.0.0/43753] INFO  server.StorageContainerManager (StorageContainerManager.java:<init>(389)) - 
Container Balancer status:
Key                            Value
Running                        false
Container Balancer Configuration values:
Key                                                Value
Threshold                                          10
Max Datanodes to Involve per Iteration(percent)    20
Max Size to Move per Iteration                     500GB
Max Size Entering Target per Iteration             26GB
Max Size Leaving Source per Iteration              26GB

2022-03-03 14:18:22,539 [Listener at 0.0.0.0/43753] WARN  events.EventQueue (EventQueue.java:fireEvent(194)) - No event handler registered for event TypedEvent{payloadType=SafeModeStatus, name='Safe mode status'}
2022-03-03 14:18:22,539 [Listener at 0.0.0.0/43753] INFO  ha.SCMContext (SCMContext.java:updateSafeModeStatus(211)) - Update SafeModeStatus from SafeModeStatus{safeModeStatus=true, preCheckPassed=false} to SafeModeStatus{safeModeStatus=true, preCheckPassed=false}.
2022-03-03 14:18:22,540 [Listener at 0.0.0.0/43753] INFO  server.StorageContainerManager (StorageContainerManager.java:start(1327)) - StorageContainerLocationProtocol RPC server is listening at /0.0.0.0:43753
2022-03-03 14:18:22,540 [Listener at 0.0.0.0/43753] INFO  ha.SCMRatisServerImpl (SCMRatisServerImpl.java:start(177)) - starting ratis server 0.0.0.0:45503
2022-03-03 14:18:22,540 [Listener at 0.0.0.0/43753] INFO  server.RaftServer$Division (RaftServerImpl.java:start(304)) - a6e28bb1-0085-4f86-91af-c94afacc40c4@group-B1EF4EB933B0: start with initializing state, conf=-1: [], old=null
2022-03-03 14:18:22,540 [Listener at 0.0.0.0/43753] INFO  server.RaftServer$Division (RaftServerImpl.java:setRole(290)) - a6e28bb1-0085-4f86-91af-c94afacc40c4@group-B1EF4EB933B0: changes role from      null to FOLLOWER at term 0 for startInitializing
2022-03-03 14:18:22,540 [Listener at 0.0.0.0/43753] INFO  util.JmxRegister (JmxRegister.java:tryRegister(44)) - Successfully registered JMX Bean with object name Ratis:service=RaftServer,group=group-B1EF4EB933B0,id=a6e28bb1-0085-4f86-91af-c94afacc40c4
2022-03-03 14:18:22,542 [Listener at 0.0.0.0/43753] INFO  server.RaftServer (RaftServerProxy.java:lambda$start$5(374)) - a6e28bb1-0085-4f86-91af-c94afacc40c4: start RPC server
2022-03-03 14:18:22,544 [Listener at 0.0.0.0/43753] INFO  server.GrpcService (GrpcService.java:startImpl(253)) - a6e28bb1-0085-4f86-91af-c94afacc40c4: GrpcService started, listening on 45503
2022-03-03 14:18:22,544 [org.apache.ratis.util.JvmPauseMonitor$$Lambda$435/453351332@718aacaf] INFO  util.JvmPauseMonitor (JvmPauseMonitor.java:run(103)) - JvmPauseMonitor-a6e28bb1-0085-4f86-91af-c94afacc40c4: Started
2022-03-03 14:18:22,545 [Listener at 0.0.0.0/43753] INFO  ha.SCMNodeInfo (SCMNodeInfo.java:getPort(197)) - ConfigKey ozone.scm.client.address is deprecated, For configuring different ports for each SCM use PortConfigKey ozone.scm.client.port appended with serviceId and nodeId
2022-03-03 14:18:22,545 [Listener at 0.0.0.0/43753] INFO  ha.SCMNodeInfo (SCMNodeInfo.java:getPort(197)) - ConfigKey ozone.scm.block.client.address is deprecated, For configuring different ports for each SCM use PortConfigKey ozone.scm.block.client.port appended with serviceId and nodeId
2022-03-03 14:18:22,546 [Listener at 0.0.0.0/43753] INFO  ha.SCMNodeInfo (SCMNodeInfo.java:getPort(197)) - ConfigKey ozone.scm.datanode.address is deprecated, For configuring different ports for each SCM use PortConfigKey ozone.scm.datanode.port appended with serviceId and nodeId
2022-03-03 14:18:22,546 [Listener at 0.0.0.0/43753] INFO  ha.SCMNodeInfo (SCMNodeInfo.java:getPort(197)) - ConfigKey ozone.scm.client.address is deprecated, For configuring different ports for each SCM use PortConfigKey ozone.scm.client.port appended with serviceId and nodeId
2022-03-03 14:18:22,546 [Listener at 0.0.0.0/43753] INFO  ha.SCMNodeInfo (SCMNodeInfo.java:getPort(197)) - ConfigKey ozone.scm.block.client.address is deprecated, For configuring different ports for each SCM use PortConfigKey ozone.scm.block.client.port appended with serviceId and nodeId
2022-03-03 14:18:22,546 [Listener at 0.0.0.0/43753] INFO  ha.SCMNodeInfo (SCMNodeInfo.java:getPort(197)) - ConfigKey ozone.scm.datanode.address is deprecated, For configuring different ports for each SCM use PortConfigKey ozone.scm.datanode.port appended with serviceId and nodeId
2022-03-03 14:18:22,546 [Listener at 0.0.0.0/43753] INFO  ha.SCMNodeInfo (SCMNodeInfo.java:getPort(197)) - ConfigKey ozone.scm.client.address is deprecated, For configuring different ports for each SCM use PortConfigKey ozone.scm.client.port appended with serviceId and nodeId
2022-03-03 14:18:22,546 [Listener at 0.0.0.0/43753] INFO  ha.SCMNodeInfo (SCMNodeInfo.java:getPort(197)) - ConfigKey ozone.scm.block.client.address is deprecated, For configuring different ports for each SCM use PortConfigKey ozone.scm.block.client.port appended with serviceId and nodeId
2022-03-03 14:18:22,546 [Listener at 0.0.0.0/43753] INFO  ha.SCMNodeInfo (SCMNodeInfo.java:getPort(197)) - ConfigKey ozone.scm.datanode.address is deprecated, For configuring different ports for each SCM use PortConfigKey ozone.scm.datanode.port appended with serviceId and nodeId
2022-03-03 14:18:22,551 [IPC Server handler 1 on default port 41255] INFO  ha.SCMRatisServerImpl (SCMRatisServerImpl.java:addSCM(292)) - 4fec6c92-8a01-477b-9ee2-8944c630ad1d: Submitting SetConfiguration request to Ratis server with new SCM peers list: [fd6a08cb-ca39-44ab-a901-59b74a3535c1|rpc:localhost:38819|priority:0, 4fec6c92-8a01-477b-9ee2-8944c630ad1d|rpc:localhost:41845|admin:|client:|dataStream:|priority:0, a6e28bb1-0085-4f86-91af-c94afacc40c4|rpc:localhost:45503|priority:0]
2022-03-03 14:18:22,552 [IPC Server handler 1 on default port 41255] INFO  server.RaftServer$Division (RaftServerImpl.java:setConfigurationAsync(974)) - 4fec6c92-8a01-477b-9ee2-8944c630ad1d@group-B1EF4EB933B0: receive setConfiguration SetConfigurationRequest:client-8FDBE3E15051->4fec6c92-8a01-477b-9ee2-8944c630ad1d@group-B1EF4EB933B0, cid=1, seq=0, RW, null, peers:[fd6a08cb-ca39-44ab-a901-59b74a3535c1|rpc:localhost:38819|priority:0, 4fec6c92-8a01-477b-9ee2-8944c630ad1d|rpc:localhost:41845|admin:|client:|dataStream:|priority:0, a6e28bb1-0085-4f86-91af-c94afacc40c4|rpc:localhost:45503|priority:0]
2022-03-03 14:18:22,552 [IPC Server handler 1 on default port 41255] INFO  server.RaftServer$Division (LeaderStateImpl.java:startSetConfiguration(358)) - 4fec6c92-8a01-477b-9ee2-8944c630ad1d@group-B1EF4EB933B0-LeaderStateImpl: startSetConfiguration SetConfigurationRequest:client-8FDBE3E15051->4fec6c92-8a01-477b-9ee2-8944c630ad1d@group-B1EF4EB933B0, cid=1, seq=0, RW, null, peers:[fd6a08cb-ca39-44ab-a901-59b74a3535c1|rpc:localhost:38819|priority:0, 4fec6c92-8a01-477b-9ee2-8944c630ad1d|rpc:localhost:41845|admin:|client:|dataStream:|priority:0, a6e28bb1-0085-4f86-91af-c94afacc40c4|rpc:localhost:45503|priority:0]
2022-03-03 14:18:22,552 [IPC Server handler 1 on default port 41255] INFO  server.RaftServerConfigKeys (ConfUtils.java:logGet(44)) - raft.server.log.appender.snapshot.chunk.size.max = 16MB (=16777216) (default)
2022-03-03 14:18:22,552 [IPC Server handler 1 on default port 41255] INFO  server.RaftServerConfigKeys (ConfUtils.java:logGet(44)) - raft.server.log.appender.buffer.byte-limit = 33554432 (custom)
2022-03-03 14:18:22,552 [IPC Server handler 1 on default port 41255] INFO  server.RaftServerConfigKeys (ConfUtils.java:logGet(44)) - raft.server.log.appender.buffer.element-limit = 1024 (custom)
2022-03-03 14:18:22,553 [IPC Server handler 1 on default port 41255] INFO  grpc.GrpcConfigKeys (ConfUtils.java:logGet(44)) - raft.grpc.server.leader.outstanding.appends.max = 128 (default)
2022-03-03 14:18:22,553 [IPC Server handler 1 on default port 41255] INFO  server.RaftServerConfigKeys (ConfUtils.java:logGet(44)) - raft.server.rpc.request.timeout = 30000ms (custom)
2022-03-03 14:18:22,553 [IPC Server handler 1 on default port 41255] INFO  server.RaftServerConfigKeys (ConfUtils.java:logGet(44)) - raft.server.log.appender.install.snapshot.enabled = false (custom)
2022-03-03 14:18:22,554 [4fec6c92-8a01-477b-9ee2-8944c630ad1d@group-B1EF4EB933B0->a6e28bb1-0085-4f86-91af-c94afacc40c4-GrpcLogAppender-LogAppenderDaemon] INFO  server.GrpcLogAppender (GrpcLogAppender.java:installSnapshot(550)) - 4fec6c92-8a01-477b-9ee2-8944c630ad1d@group-B1EF4EB933B0->a6e28bb1-0085-4f86-91af-c94afacc40c4-GrpcLogAppender: followerNextIndex = 0 but logStartIndex = 0, notify follower to install snapshot-(t:2, i:6)
2022-03-03 14:18:22,555 [4fec6c92-8a01-477b-9ee2-8944c630ad1d@group-B1EF4EB933B0->a6e28bb1-0085-4f86-91af-c94afacc40c4-GrpcLogAppender-LogAppenderDaemon] INFO  server.GrpcLogAppender (GrpcLogAppender.java:installSnapshot(558)) - 4fec6c92-8a01-477b-9ee2-8944c630ad1d@group-B1EF4EB933B0->a6e28bb1-0085-4f86-91af-c94afacc40c4-GrpcLogAppender: send 4fec6c92-8a01-477b-9ee2-8944c630ad1d->a6e28bb1-0085-4f86-91af-c94afacc40c4#0-t2,notify:(t:2, i:6)
2022-03-03 14:18:22,567 [grpc-default-executor-0] INFO  server.RaftServer$Division (RaftServerImpl.java:installSnapshot(1332)) - a6e28bb1-0085-4f86-91af-c94afacc40c4@group-B1EF4EB933B0: receive installSnapshot: 4fec6c92-8a01-477b-9ee2-8944c630ad1d->a6e28bb1-0085-4f86-91af-c94afacc40c4#0-t2,notify:(t:2, i:6)
2022-03-03 14:18:22,569 [grpc-default-executor-0] INFO  ha.SCMStateMachine (SCMStateMachine.java:notifyLeaderChanged(255)) - leader changed, yet current SCM is still follower.
2022-03-03 14:18:22,569 [grpc-default-executor-0] INFO  server.RaftServer$Division (ServerState.java:setLeader(285)) - a6e28bb1-0085-4f86-91af-c94afacc40c4@group-B1EF4EB933B0: change Leader from null to 4fec6c92-8a01-477b-9ee2-8944c630ad1d at term 2 for installSnapshot, leader elected after 86ms
2022-03-03 14:18:22,569 [grpc-default-executor-0] INFO  server.RaftServer$Division (RaftServerImpl.java:notifyStateMachineToInstallSnapshot(1551)) - a6e28bb1-0085-4f86-91af-c94afacc40c4@group-B1EF4EB933B0: Received notification to install snapshot at index 6
2022-03-03 14:18:22,569 [grpc-default-executor-0] INFO  server.RaftServer$Division (RaftServerImpl.java:notifyStateMachineToInstallSnapshot(1582)) - a6e28bb1-0085-4f86-91af-c94afacc40c4@group-B1EF4EB933B0: notifyInstallSnapshot: nextIndex is 0 but the leader's first available index is 6.
2022-03-03 14:18:22,569 [grpc-default-executor-0] INFO  ha.SCMStateMachine (SCMStateMachine.java:notifyInstallSnapshotFromLeader(219)) - Received install snapshot notification from SCM leader: localhost:41845 with term index: (t:2, i:6)
2022-03-03 14:18:22,570 [pool-93-thread-1] INFO  ha.SCMHAManagerImpl (SCMHAManagerImpl.java:getDBCheckpointFromLeader(207)) - Downloading checkpoint from leader SCM scmNode-1 and reloading state from the checkpoint.
2022-03-03 14:18:22,580 [grpc-default-executor-2] INFO  ha.SCMDBCheckpointProvider (SCMDBCheckpointProvider.java:writeDBCheckPointToSream(48)) - Received request to obtain SCM DB checkpoint snapshot
2022-03-03 14:18:22,586 [grpc-default-executor-2] INFO  db.RDBCheckpointManager (RDBCheckpointManager.java:createCheckpoint(86)) - Created checkpoint at /home/runner/work/ozone/ozone/hadoop-ozone/integration-test/target/test-dir/MiniOzoneClusterImpl-0274ca87-c068-4a4d-855f-b1ef4eb933b0/scmNode-1/db.checkpoints/scm.db_checkpoint_1646317102581 in 5 milliseconds
2022-03-03 14:18:22,589 [grpc-default-executor-2] INFO  ha.SCMGrpcOutputStream (SCMGrpcOutputStream.java:close(111)) - Sent 5125 bytes for cluster 0274ca87-c068-4a4d-855f-b1ef4eb933b0
2022-03-03 14:18:22,589 [grpc-default-executor-2] INFO  ha.SCMDBCheckpointProvider (SCMDBCheckpointProvider.java:writeDBCheckPointToSream(73)) - Time taken to write the checkpoint to response output stream: 3 milliseconds
2022-03-03 14:18:22,589 [grpc-default-executor-2] INFO  db.RocksDBCheckpoint (RocksDBCheckpoint.java:cleanupCheckpoint(78)) - Cleaning up RocksDB checkpoint at /home/runner/work/ozone/ozone/hadoop-ozone/integration-test/target/test-dir/MiniOzoneClusterImpl-0274ca87-c068-4a4d-855f-b1ef4eb933b0/scmNode-1/db.checkpoints/scm.db_checkpoint_1646317102581
2022-03-03 14:18:22,594 [grpc-default-executor-1] INFO  ha.InterSCMGrpcClient (InterSCMGrpcClient.java:onCompleted(173)) - Checkpoint is downloaded to /home/runner/work/ozone/ozone/hadoop-ozone/integration-test/target/test-dir/MiniOzoneClusterImpl-0274ca87-c068-4a4d-855f-b1ef4eb933b0/scmNode-3/snapshot/scm.db-scmNode-1-1646317102570.tar.gz
2022-03-03 14:18:22,618 [pool-93-thread-1] INFO  ha.SCMSnapshotProvider (SCMSnapshotProvider.java:getSCMDBSnapshot(131)) - Successfully downloaded latest checkpoint from leader SCM: scmNode-1 path /home/runner/work/ozone/ozone/hadoop-ozone/integration-test/target/test-dir/MiniOzoneClusterImpl-0274ca87-c068-4a4d-855f-b1ef4eb933b0/scmNode-3/snapshot/scm.db-scmNode-1-1646317102570
2022-03-03 14:18:22,618 [pool-93-thread-1] INFO  ha.SCMHAManagerImpl (SCMHAManagerImpl.java:downloadCheckpointFromLeader(159)) - Downloaded checkpoint from Leader scmNode-1 to the location /home/runner/work/ozone/ozone/hadoop-ozone/integration-test/target/test-dir/MiniOzoneClusterImpl-0274ca87-c068-4a4d-855f-b1ef4eb933b0/scmNode-3/snapshot/scm.db-scmNode-1-1646317102570
2022-03-03 14:18:22,638 [pool-93-thread-1] INFO  ha.SCMHAManagerImpl (SCMHAManagerImpl.java:verifyCheckpointFromLeader(173)) - Installing checkpoint with SCMTransactionInfo 2#6
2022-03-03 14:18:22,639 [pool-93-thread-1] INFO  server.RaftServer$Division (RaftServerImpl.java:lambda$notifyStateMachineToInstallSnapshot$30(1595)) - a6e28bb1-0085-4f86-91af-c94afacc40c4@group-B1EF4EB933B0: StateMachine successfully installed snapshot index 6. Reloading the StateMachine.
2022-03-03 14:18:22,639 [pool-93-thread-1] INFO  segmented.SegmentedRaftLogWorker (SegmentedRaftLogWorker.java:lambda$new$0(133)) - a6e28bb1-0085-4f86-91af-c94afacc40c4@group-B1EF4EB933B0-SegmentedRaftLogWorker: flushIndex: setUnconditionally -1 -> 6
2022-03-03 14:18:22,639 [pool-93-thread-1] INFO  segmented.SegmentedRaftLogWorker (SegmentedRaftLogWorker.java:lambda$new$0(133)) - a6e28bb1-0085-4f86-91af-c94afacc40c4@group-B1EF4EB933B0-SegmentedRaftLogWorker: safeCacheEvictIndex: setUnconditionally -1 -> 6
2022-03-03 14:18:22,639 [pool-93-thread-1] INFO  raftlog.RaftLog (RaftLogBase.java:lambda$new$0(53)) - a6e28bb1-0085-4f86-91af-c94afacc40c4@group-B1EF4EB933B0-SegmentedRaftLog: snapshotIndex: updateIncreasingly -1 -> 6
2022-03-03 14:18:22,639 [grpc-default-executor-0] INFO  server.RaftServer$Division (RaftServerImpl.java:notifyStateMachineToInstallSnapshot(1638)) - a6e28bb1-0085-4f86-91af-c94afacc40c4@group-B1EF4EB933B0: InstallSnapshot notification result: SNAPSHOT_INSTALLED, at index: 6
2022-03-03 14:18:22,639 [grpc-default-executor-0] INFO  server.RaftServer$Division (RaftServerImpl.java:installSnapshotImpl(1462)) - a6e28bb1-0085-4f86-91af-c94afacc40c4@group-B1EF4EB933B0: set new configuration index: 5
configurationEntry {
  peers {
    id: "fd6a08cb-ca39-44ab-a901-59b74a3535c1"
    address: "localhost:38819"
  }
  peers {
    id: "4fec6c92-8a01-477b-9ee2-8944c630ad1d"
    address: "localhost:41845"
  }
}
 from snapshot
2022-03-03 14:18:22,643 [grpc-default-executor-0] INFO  server.RaftServer$Division (ServerState.java:setRaftConf(387)) - a6e28bb1-0085-4f86-91af-c94afacc40c4@group-B1EF4EB933B0: set configuration 5: [fd6a08cb-ca39-44ab-a901-59b74a3535c1|rpc:localhost:38819|admin:|client:|dataStream:|priority:0, 4fec6c92-8a01-477b-9ee2-8944c630ad1d|rpc:localhost:41845|admin:|client:|dataStream:|priority:0], old=null
2022-03-03 14:18:22,643 [grpc-default-executor-0] INFO  server.RaftServer$Division (RaftServerImpl.java:installSnapshot(1343)) - a6e28bb1-0085-4f86-91af-c94afacc40c4@group-B1EF4EB933B0: reply installSnapshot: 4fec6c92-8a01-477b-9ee2-8944c630ad1d<-a6e28bb1-0085-4f86-91af-c94afacc40c4#0:FAIL-t0,SNAPSHOT_INSTALLED,snapshotIndex=6
2022-03-03 14:18:22,643 [grpc-default-executor-0] INFO  server.GrpcServerProtocolService (GrpcServerProtocolService.java:onCompleted(140)) - a6e28bb1-0085-4f86-91af-c94afacc40c4: Completed INSTALL_SNAPSHOT, lastRequest: 4fec6c92-8a01-477b-9ee2-8944c630ad1d->a6e28bb1-0085-4f86-91af-c94afacc40c4#0-t2,notify:(t:2, i:6)
2022-03-03 14:18:22,650 [grpc-default-executor-1] INFO  server.GrpcLogAppender (GrpcLogAppender.java:onNext(410)) - 4fec6c92-8a01-477b-9ee2-8944c630ad1d@group-B1EF4EB933B0->a6e28bb1-0085-4f86-91af-c94afacc40c4-InstallSnapshotResponseHandler: received the first reply 4fec6c92-8a01-477b-9ee2-8944c630ad1d<-a6e28bb1-0085-4f86-91af-c94afacc40c4#0:FAIL-t0,SNAPSHOT_INSTALLED,snapshotIndex=6
2022-03-03 14:18:22,650 [grpc-default-executor-1] INFO  server.GrpcLogAppender (GrpcLogAppender.java:onNext(450)) - 4fec6c92-8a01-477b-9ee2-8944c630ad1d@group-B1EF4EB933B0->a6e28bb1-0085-4f86-91af-c94afacc40c4-InstallSnapshotResponseHandler: Follower installed snapshot at index 6
2022-03-03 14:18:22,650 [grpc-default-executor-1] INFO  leader.FollowerInfo (FollowerInfoImpl.java:lambda$new$0(47)) - 4fec6c92-8a01-477b-9ee2-8944c630ad1d@group-B1EF4EB933B0->a6e28bb1-0085-4f86-91af-c94afacc40c4: snapshotIndex: setUnconditionally 0 -> 6
2022-03-03 14:18:22,651 [grpc-default-executor-1] INFO  leader.FollowerInfo (FollowerInfoImpl.java:lambda$new$0(47)) - 4fec6c92-8a01-477b-9ee2-8944c630ad1d@group-B1EF4EB933B0->a6e28bb1-0085-4f86-91af-c94afacc40c4: matchIndex: setUnconditionally 0 -> 6
2022-03-03 14:18:22,651 [grpc-default-executor-1] INFO  leader.FollowerInfo (FollowerInfoImpl.java:lambda$new$0(47)) - 4fec6c92-8a01-477b-9ee2-8944c630ad1d@group-B1EF4EB933B0->a6e28bb1-0085-4f86-91af-c94afacc40c4: nextIndex: setUnconditionally 0 -> 7
2022-03-03 14:18:22,651 [grpc-default-executor-1] INFO  leader.FollowerInfo (FollowerInfoImpl.java:setAttemptedToInstallSnapshot(116)) - Follower 4fec6c92-8a01-477b-9ee2-8944c630ad1d@group-B1EF4EB933B0->a6e28bb1-0085-4f86-91af-c94afacc40c4 acknowledged installing snapshot
2022-03-03 14:18:22,651 [grpc-default-executor-1] INFO  leader.FollowerInfo (FollowerInfoImpl.java:lambda$new$0(47)) - 4fec6c92-8a01-477b-9ee2-8944c630ad1d@group-B1EF4EB933B0->a6e28bb1-0085-4f86-91af-c94afacc40c4: nextIndex: updateToMax old=7, new=7, updated? false
2022-03-03 14:18:22,656 [grpc-default-executor-0] INFO  impl.RoleInfo (RoleInfo.java:updateAndGet(130)) - a6e28bb1-0085-4f86-91af-c94afacc40c4: start a6e28bb1-0085-4f86-91af-c94afacc40c4@group-B1EF4EB933B0-FollowerState
2022-03-03 14:18:22,677 [a6e28bb1-0085-4f86-91af-c94afacc40c4@group-B1EF4EB933B0-StateMachineUpdater] INFO  ha.SCMHAManagerImpl (SCMHAManagerImpl.java:installCheckpoint(228)) - Installing checkpoint with SCMTransactionInfo 2#6
2022-03-03 14:18:22,680 [a6e28bb1-0085-4f86-91af-c94afacc40c4@group-B1EF4EB933B0-StateMachineUpdater] INFO  ha.SCMHAManagerImpl (SCMHAManagerImpl.java:installCheckpoint(267)) - Replaced DB with checkpoint, term: 2, index: 6
2022-03-03 14:18:22,680 [a6e28bb1-0085-4f86-91af-c94afacc40c4@group-B1EF4EB933B0-StateMachineUpdater] WARN  utils.HAUtils (HAUtils.java:getMetaDir(342)) - ozone.scm.db.dirs is not configured. We recommend adding this setting. Falling back to ozone.metadata.dirs instead.
2022-03-03 14:18:22,680 [a6e28bb1-0085-4f86-91af-c94afacc40c4@group-B1EF4EB933B0-StateMachineUpdater] WARN  db.DBStoreBuilder (DBStoreBuilder.java:applyDBDefinition(145)) - ozone.scm.db.dirs is not configured. We recommend adding this setting. Falling back to ozone.metadata.dirs instead.
2022-03-03 14:18:22,702 [a6e28bb1-0085-4f86-91af-c94afacc40c4@group-B1EF4EB933B0-StateMachineUpdater] INFO  ha.SequenceIdGenerator (SequenceIdGenerator.java:reinitialize(166)) - reinitialize SequenceIdGenerator.
2022-03-03 14:18:22,703 [a6e28bb1-0085-4f86-91af-c94afacc40c4@group-B1EF4EB933B0-StateMachineUpdater] INFO  pipeline.PipelineStateManagerImpl (PipelineStateManagerImpl.java:initialize(78)) - No pipeline exists in current db
2022-03-03 14:18:22,703 [a6e28bb1-0085-4f86-91af-c94afacc40c4@group-B1EF4EB933B0-StateMachineUpdater] INFO  ha.SCMHAManagerImpl (SCMHAManagerImpl.java:installCheckpoint(282)) - Reloaded SCM state with Term: 2 and Index: 6
2022-03-03 14:18:22,705 [a6e28bb1-0085-4f86-91af-c94afacc40c4@group-B1EF4EB933B0-StateMachineUpdater] INFO  impl.StateMachineUpdater (StateMachineUpdater.java:lambda$new$0(89)) - a6e28bb1-0085-4f86-91af-c94afacc40c4@group-B1EF4EB933B0-StateMachineUpdater: snapshotIndex: setUnconditionally -1 -> 6
2022-03-03 14:18:22,705 [a6e28bb1-0085-4f86-91af-c94afacc40c4@group-B1EF4EB933B0-StateMachineUpdater] INFO  impl.StateMachineUpdater (StateMachineUpdater.java:lambda$new$0(89)) - a6e28bb1-0085-4f86-91af-c94afacc40c4@group-B1EF4EB933B0-StateMachineUpdater: appliedIndex: setUnconditionally -1 -> 6
2022-03-03 14:18:27,495 [4fec6c92-8a01-477b-9ee2-8944c630ad1d@group-B1EF4EB933B0-LeaderStateImpl] INFO  server.RaftServer$Division (ServerState.java:setRaftConf(387)) - 4fec6c92-8a01-477b-9ee2-8944c630ad1d@group-B1EF4EB933B0: set configuration 7: [fd6a08cb-ca39-44ab-a901-59b74a3535c1|rpc:localhost:38819|priority:0, 4fec6c92-8a01-477b-9ee2-8944c630ad1d|rpc:localhost:41845|admin:|client:|dataStream:|priority:0, a6e28bb1-0085-4f86-91af-c94afacc40c4|rpc:localhost:45503|priority:0], old=[fd6a08cb-ca39-44ab-a901-59b74a3535c1|rpc:localhost:38819|priority:0, 4fec6c92-8a01-477b-9ee2-8944c630ad1d|rpc:localhost:41845|admin:|client:|dataStream:|priority:0]
2022-03-03 14:18:27,497 [grpc-default-executor-0] INFO  server.RaftServer$Division (ServerState.java:setRaftConf(387)) - fd6a08cb-ca39-44ab-a901-59b74a3535c1@group-B1EF4EB933B0: set configuration 7: [fd6a08cb-ca39-44ab-a901-59b74a3535c1|rpc:localhost:38819|admin:|client:|dataStream:|priority:0, 4fec6c92-8a01-477b-9ee2-8944c630ad1d|rpc:localhost:41845|admin:|client:|dataStream:|priority:0, a6e28bb1-0085-4f86-91af-c94afacc40c4|rpc:localhost:45503|admin:|client:|dataStream:|priority:0], old=[fd6a08cb-ca39-44ab-a901-59b74a3535c1|rpc:localhost:38819|admin:|client:|dataStream:|priority:0, 4fec6c92-8a01-477b-9ee2-8944c630ad1d|rpc:localhost:41845|admin:|client:|dataStream:|priority:0]
2022-03-03 14:18:27,500 [grpc-default-executor-0] INFO  server.RaftServer$Division (ServerState.java:setRaftConf(387)) - a6e28bb1-0085-4f86-91af-c94afacc40c4@group-B1EF4EB933B0: set configuration 7: [fd6a08cb-ca39-44ab-a901-59b74a3535c1|rpc:localhost:38819|admin:|client:|dataStream:|priority:0, 4fec6c92-8a01-477b-9ee2-8944c630ad1d|rpc:localhost:41845|admin:|client:|dataStream:|priority:0, a6e28bb1-0085-4f86-91af-c94afacc40c4|rpc:localhost:45503|admin:|client:|dataStream:|priority:0], old=[fd6a08cb-ca39-44ab-a901-59b74a3535c1|rpc:localhost:38819|admin:|client:|dataStream:|priority:0, 4fec6c92-8a01-477b-9ee2-8944c630ad1d|rpc:localhost:41845|admin:|client:|dataStream:|priority:0]
2022-03-03 14:18:27,500 [grpc-default-executor-0] INFO  segmented.SegmentedRaftLogWorker (SegmentedRaftLogWorker.java:startLogSegment(394)) - a6e28bb1-0085-4f86-91af-c94afacc40c4@group-B1EF4EB933B0-SegmentedRaftLogWorker: Starting segment from index:7
2022-03-03 14:18:27,508 [4fec6c92-8a01-477b-9ee2-8944c630ad1d@group-B1EF4EB933B0-LeaderStateImpl] INFO  server.RaftServer$Division (ServerState.java:setRaftConf(387)) - 4fec6c92-8a01-477b-9ee2-8944c630ad1d@group-B1EF4EB933B0: set configuration 9: [fd6a08cb-ca39-44ab-a901-59b74a3535c1|rpc:localhost:38819|priority:0, 4fec6c92-8a01-477b-9ee2-8944c630ad1d|rpc:localhost:41845|admin:|client:|dataStream:|priority:0, a6e28bb1-0085-4f86-91af-c94afacc40c4|rpc:localhost:45503|priority:0], old=null
2022-03-03 14:18:27,512 [grpc-default-executor-1] INFO  server.RaftServer$Division (ServerState.java:setRaftConf(387)) - fd6a08cb-ca39-44ab-a901-59b74a3535c1@group-B1EF4EB933B0: set configuration 9: [fd6a08cb-ca39-44ab-a901-59b74a3535c1|rpc:localhost:38819|admin:|client:|dataStream:|priority:0, 4fec6c92-8a01-477b-9ee2-8944c630ad1d|rpc:localhost:41845|admin:|client:|dataStream:|priority:0, a6e28bb1-0085-4f86-91af-c94afacc40c4|rpc:localhost:45503|admin:|client:|dataStream:|priority:0], old=null
2022-03-03 14:18:27,513 [grpc-default-executor-0] INFO  server.RaftServer$Division (ServerState.java:setRaftConf(387)) - a6e28bb1-0085-4f86-91af-c94afacc40c4@group-B1EF4EB933B0: set configuration 9: [fd6a08cb-ca39-44ab-a901-59b74a3535c1|rpc:localhost:38819|admin:|client:|dataStream:|priority:0, 4fec6c92-8a01-477b-9ee2-8944c630ad1d|rpc:localhost:41845|admin:|client:|dataStream:|priority:0, a6e28bb1-0085-4f86-91af-c94afacc40c4|rpc:localhost:45503|admin:|client:|dataStream:|priority:0], old=null
2022-03-03 14:18:27,516 [a6e28bb1-0085-4f86-91af-c94afacc40c4@group-B1EF4EB933B0-SegmentedRaftLogWorker] INFO  segmented.SegmentedRaftLogWorker (SegmentedRaftLogWorker.java:execute(601)) - a6e28bb1-0085-4f86-91af-c94afacc40c4@group-B1EF4EB933B0-SegmentedRaftLogWorker: created new log segment /home/runner/work/ozone/ozone/hadoop-ozone/integration-test/target/test-dir/MiniOzoneClusterImpl-0274ca87-c068-4a4d-855f-b1ef4eb933b0/scmNode-3/scm-ha/0274ca87-c068-4a4d-855f-b1ef4eb933b0/current/log_inprogress_7
2022-03-03 14:18:27,518 [IPC Server handler 1 on default port 41255] INFO  ha.SCMRatisServerImpl (SCMRatisServerImpl.java:addSCM(303)) - Successfully added new SCM: a6e28bb1-0085-4f86-91af-c94afacc40c4.
2022-03-03 14:18:27,519 [Listener at 0.0.0.0/43753] INFO  ha.SCMHAManagerImpl (SCMHAManagerImpl.java:start(117)) - Successfully added SCM scmNode-3 to group group-B1EF4EB933B0:[fd6a08cb-ca39-44ab-a901-59b74a3535c1|rpc:localhost:38819|admin:|client:|dataStream:|priority:0, 4fec6c92-8a01-477b-9ee2-8944c630ad1d|rpc:localhost:41845|admin:|client:|dataStream:|priority:0, a6e28bb1-0085-4f86-91af-c94afacc40c4|rpc:localhost:45503|admin:|client:|dataStream:|priority:0]
2022-03-03 14:18:27,520 [Listener at 0.0.0.0/43753] INFO  ha.InterSCMGrpcService (InterSCMGrpcProtocolService.java:start(94)) - Starting SCM Grpc Service at port 42117
2022-03-03 14:18:27,523 [Listener at 0.0.0.0/43753] INFO  impl.MetricsSystemImpl (MetricsSystemImpl.java:init(158)) - StorageContainerManager metrics system started (again)
2022-03-03 14:18:27,527 [a6e28bb1-0085-4f86-91af-c94afacc40c4@group-B1EF4EB933B0-StateMachineUpdater] INFO  safemode.HealthyPipelineSafeModeRule (HealthyPipelineSafeModeRule.java:initializeRule(152)) - Refreshed total pipeline count is 0, healthy pipeline threshold count is 1
2022-03-03 14:18:27,527 [a6e28bb1-0085-4f86-91af-c94afacc40c4@group-B1EF4EB933B0-StateMachineUpdater] INFO  safemode.ContainerSafeModeRule (ContainerSafeModeRule.java:reInitializeRule(177)) - Refreshed one replica container threshold 0, currentThreshold 0
2022-03-03 14:18:27,527 [a6e28bb1-0085-4f86-91af-c94afacc40c4@group-B1EF4EB933B0-StateMachineUpdater] INFO  safemode.OneReplicaPipelineSafeModeRule (OneReplicaPipelineSafeModeRule.java:initializeRule(176)) - Refreshed Total pipeline count is 0, pipeline's with at least one datanode reported threshold count is 0
2022-03-03 14:18:27,527 [a6e28bb1-0085-4f86-91af-c94afacc40c4@group-B1EF4EB933B0-StateMachineUpdater] INFO  server.SCMDatanodeProtocolServer (SCMDatanodeProtocolServer.java:start(183)) - ScmDatanodeProtocol RPC server for DataNodes is listening at /0.0.0.0:37109
2022-03-03 14:18:27,541 [IPC Server listener on 37109] INFO  ipc.Server (Server.java:run(1344)) - IPC Server listener on 37109: starting
2022-03-03 14:18:27,544 [IPC Server Responder] INFO  ipc.Server (Server.java:run(1507)) - IPC Server Responder: starting
2022-03-03 14:18:27,548 [Listener at 0.0.0.0/43753] INFO  server.SCMClientProtocolServer (SCMClientProtocolServer.java:start(165)) - RPC server for Client  is listening at /0.0.0.0:43753
2022-03-03 14:18:27,548 [IPC Server Responder] INFO  ipc.Server (Server.java:run(1507)) - IPC Server Responder: starting
2022-03-03 14:18:27,551 [IPC Server listener on 43753] INFO  ipc.Server (Server.java:run(1344)) - IPC Server listener on 43753: starting
2022-03-03 14:18:27,560 [Listener at 0.0.0.0/43753] INFO  server.StorageContainerManager (StorageContainerManager.java:start(1342)) - ScmBlockLocationProtocol RPC server is listening at /0.0.0.0:39305
2022-03-03 14:18:27,560 [Listener at 0.0.0.0/43753] INFO  server.SCMBlockProtocolServer (SCMBlockProtocolServer.java:start(151)) - RPC server for Block Protocol is listening at /0.0.0.0:39305
2022-03-03 14:18:27,561 [IPC Server Responder] INFO  ipc.Server (Server.java:run(1507)) - IPC Server Responder: starting
2022-03-03 14:18:27,562 [IPC Server listener on 39305] INFO  ipc.Server (Server.java:run(1344)) - IPC Server listener on 39305: starting
2022-03-03 14:18:27,573 [org.apache.hadoop.util.JvmPauseMonitor$Monitor@485f91c8] INFO  util.JvmPauseMonitor (JvmPauseMonitor.java:run(188)) - Starting JVM pause monitor
2022-03-03 14:18:27,573 [Listener at 0.0.0.0/43753] INFO  http.BaseHttpServer (BaseHttpServer.java:newHttpServer2BuilderForOzone(209)) - Starting Web-server for scm at: http://0.0.0.0:42611
2022-03-03 14:18:27,573 [Listener at 0.0.0.0/43753] INFO  http.BaseHttpServer (BaseHttpServer.java:<init>(107)) - Hadoop Security Enabled: false Ozone Security Enabled: false Ozone HTTP Security Enabled: false 
2022-03-03 14:18:27,575 [Listener at 0.0.0.0/43753] INFO  server.AuthenticationFilter (AuthenticationFilter.java:constructSecretProvider(240)) - Unable to initialize FileSignerSecretProvider, falling back to use random secrets.
2022-03-03 14:18:27,575 [Listener at 0.0.0.0/43753] WARN  http.HttpRequestLog (HttpRequestLog.java:getRequestLog(103)) - Jetty request log can only be enabled using Log4j
2022-03-03 14:18:27,576 [Listener at 0.0.0.0/43753] INFO  http.HttpServer2 (HttpServer2.java:addGlobalFilter(1030)) - Added global filter 'safety' (class=org.apache.hadoop.hdds.server.http.HttpServer2$QuotingInputFilter)
2022-03-03 14:18:27,577 [Listener at 0.0.0.0/43753] INFO  http.HttpServer2 (HttpServer2.java:addFilter(1006)) - Added filter static_user_filter (class=org.apache.hadoop.http.lib.StaticUserWebFilter$StaticUserFilter) to context scm
2022-03-03 14:18:27,577 [Listener at 0.0.0.0/43753] INFO  http.HttpServer2 (HttpServer2.java:addFilter(1014)) - Added filter static_user_filter (class=org.apache.hadoop.http.lib.StaticUserWebFilter$StaticUserFilter) to context static
2022-03-03 14:18:27,577 [Listener at 0.0.0.0/43753] INFO  http.HttpServer2 (HttpServer2.java:addFilter(1014)) - Added filter static_user_filter (class=org.apache.hadoop.http.lib.StaticUserWebFilter$StaticUserFilter) to context logs
2022-03-03 14:18:27,580 [Listener at 0.0.0.0/43753] INFO  http.HttpServer2 (HttpServer2.java:bindListener(1249)) - Jetty bound to port 42611
2022-03-03 14:18:27,580 [Listener at 0.0.0.0/43753] INFO  server.Server (Server.java:doStart(375)) - jetty-9.4.43.v20210629; built: 2021-06-30T11:07:22.254Z; git: 526006ecfa3af7f1a27ef3a288e2bef7ea9dd7e8; jvm 1.8.0_322-b06
2022-03-03 14:18:27,585 [Listener at 0.0.0.0/43753] INFO  server.session (DefaultSessionIdManager.java:doStart(334)) - DefaultSessionIdManager workerName=node0
2022-03-03 14:18:27,585 [Listener at 0.0.0.0/43753] INFO  server.session (DefaultSessionIdManager.java:doStart(339)) - No SessionScavenger set, using defaults
2022-03-03 14:18:27,585 [Listener at 0.0.0.0/43753] INFO  server.session (HouseKeeper.java:startScavenging(132)) - node0 Scavenging every 600000ms
2022-03-03 14:18:27,586 [Listener at 0.0.0.0/43753] INFO  handler.ContextHandler (ContextHandler.java:doStart(915)) - Started o.e.j.s.ServletContextHandler@5f4b3806{logs,/logs,file:///home/runner/work/ozone/ozone/hadoop-ozone/integration-test/target/log,AVAILABLE}
2022-03-03 14:18:27,586 [Listener at 0.0.0.0/43753] INFO  handler.ContextHandler (ContextHandler.java:doStart(915)) - Started o.e.j.s.ServletContextHandler@74842418{static,/static,file:///home/runner/work/ozone/ozone/hadoop-ozone/integration-test/target/test-classes/webapps/static,AVAILABLE}
2022-03-03 14:18:27,589 [Listener at 0.0.0.0/43753] INFO  handler.ContextHandler (ContextHandler.java:doStart(915)) - Started o.e.j.w.WebAppContext@d73f0d5{scm,/,file:///home/runner/work/ozone/ozone/hadoop-ozone/integration-test/target/test-classes/webapps/scm/,AVAILABLE}{file:/home/runner/work/ozone/ozone/hadoop-ozone/integration-test/target/test-classes/webapps/scm}
2022-03-03 14:18:27,591 [Listener at 0.0.0.0/43753] INFO  server.AbstractConnector (AbstractConnector.java:doStart(331)) - Started ServerConnector@364575dc{HTTP/1.1, (http/1.1)}{0.0.0.0:42611}
2022-03-03 14:18:27,591 [Listener at 0.0.0.0/43753] INFO  server.Server (Server.java:doStart(415)) - Started @25604ms
2022-03-03 14:18:27,591 [Listener at 0.0.0.0/43753] WARN  impl.MetricsSystemImpl (MetricsSystemImpl.java:register(279)) - Sink prometheus already exists!
2022-03-03 14:18:27,591 [Listener at 0.0.0.0/43753] INFO  http.BaseHttpServer (BaseHttpServer.java:updateConnectorAddress(329)) - HTTP server of scm listening at http://0.0.0.0:42611
2022-03-03 14:18:27,592 [Listener at 0.0.0.0/43753] INFO  ozone.MiniOzoneHAClusterImpl (MiniOzoneHAClusterImpl.java:createSCMService(600)) - Started SCM RPC server at /0.0.0.0:43753
2022-03-03 14:18:27,693 [Listener at 0.0.0.0/43753] INFO  ha.OMHANodeDetails (OMHANodeDetails.java:loadOMHAConfig(118)) - ServiceID for OzoneManager is omServiceId1
2022-03-03 14:18:27,698 [Listener at 0.0.0.0/43753] INFO  ha.OMHANodeDetails (OMHANodeDetails.java:loadOMHAConfig(193)) - Found matching OM address with OMServiceId: omServiceId1, OMNodeId: omNode-1, RPC Address: localhost:42585 and Ratis port: 39721
2022-03-03 14:18:27,698 [Listener at 0.0.0.0/43753] INFO  ha.OMHANodeDetails (ConfUtils.java:setNodeSpecificConfigs(108)) - Setting configuration key ozone.om.http-address with value of key ozone.om.http-address.omServiceId1.omNode-1: 127.0.0.1:45377
2022-03-03 14:18:27,698 [Listener at 0.0.0.0/43753] INFO  ha.OMHANodeDetails (ConfUtils.java:setNodeSpecificConfigs(108)) - Setting configuration key ozone.om.https-address with value of key ozone.om.https-address.omServiceId1.omNode-1: 127.0.0.1:36377
2022-03-03 14:18:27,698 [Listener at 0.0.0.0/43753] INFO  ha.OMHANodeDetails (ConfUtils.java:setNodeSpecificConfigs(108)) - Setting configuration key ozone.om.address with value of key ozone.om.address.omServiceId1.omNode-1: 127.0.0.1:42585
2022-03-03 14:18:27,698 [Listener at 0.0.0.0/43753] WARN  server.ServerUtils (ServerUtils.java:getDBPath(225)) - ozone.om.db.dirs is not configured. We recommend adding this setting. Falling back to ozone.metadata.dirs instead.
2022-03-03 14:18:27,702 [Listener at 0.0.0.0/43753] INFO  ha.SCMNodeInfo (SCMNodeInfo.java:getPort(197)) - ConfigKey ozone.scm.client.address is deprecated, For configuring different ports for each SCM use PortConfigKey ozone.scm.client.port appended with serviceId and nodeId
2022-03-03 14:18:27,702 [Listener at 0.0.0.0/43753] INFO  ha.SCMNodeInfo (SCMNodeInfo.java:getPort(197)) - ConfigKey ozone.scm.block.client.address is deprecated, For configuring different ports for each SCM use PortConfigKey ozone.scm.block.client.port appended with serviceId and nodeId
2022-03-03 14:18:27,702 [Listener at 0.0.0.0/43753] INFO  ha.SCMNodeInfo (SCMNodeInfo.java:getPort(197)) - ConfigKey ozone.scm.datanode.address is deprecated, For configuring different ports for each SCM use PortConfigKey ozone.scm.datanode.port appended with serviceId and nodeId
2022-03-03 14:18:27,702 [Listener at 0.0.0.0/43753] INFO  ha.SCMNodeInfo (SCMNodeInfo.java:getPort(197)) - ConfigKey ozone.scm.client.address is deprecated, For configuring different ports for each SCM use PortConfigKey ozone.scm.client.port appended with serviceId and nodeId
2022-03-03 14:18:27,703 [Listener at 0.0.0.0/43753] INFO  ha.SCMNodeInfo (SCMNodeInfo.java:getPort(197)) - ConfigKey ozone.scm.block.client.address is deprecated, For configuring different ports for each SCM use PortConfigKey ozone.scm.block.client.port appended with serviceId and nodeId
2022-03-03 14:18:27,703 [Listener at 0.0.0.0/43753] INFO  ha.SCMNodeInfo (SCMNodeInfo.java:getPort(197)) - ConfigKey ozone.scm.datanode.address is deprecated, For configuring different ports for each SCM use PortConfigKey ozone.scm.datanode.port appended with serviceId and nodeId
2022-03-03 14:18:27,703 [Listener at 0.0.0.0/43753] INFO  ha.SCMNodeInfo (SCMNodeInfo.java:getPort(197)) - ConfigKey ozone.scm.client.address is deprecated, For configuring different ports for each SCM use PortConfigKey ozone.scm.client.port appended with serviceId and nodeId
2022-03-03 14:18:27,703 [Listener at 0.0.0.0/43753] INFO  ha.SCMNodeInfo (SCMNodeInfo.java:getPort(197)) - ConfigKey ozone.scm.block.client.address is deprecated, For configuring different ports for each SCM use PortConfigKey ozone.scm.block.client.port appended with serviceId and nodeId
2022-03-03 14:18:27,703 [Listener at 0.0.0.0/43753] INFO  ha.SCMNodeInfo (SCMNodeInfo.java:getPort(197)) - ConfigKey ozone.scm.datanode.address is deprecated, For configuring different ports for each SCM use PortConfigKey ozone.scm.datanode.port appended with serviceId and nodeId
OM initialization succeeded.Current cluster id for sd=/home/runner/work/ozone/ozone/hadoop-ozone/integration-test/target/test-dir/MiniOzoneClusterImpl-0274ca87-c068-4a4d-855f-b1ef4eb933b0/omNode-1/om;cid=0274ca87-c068-4a4d-855f-b1ef4eb933b0;layoutVersion=0
2022-03-03 14:18:27,712 [Listener at 0.0.0.0/43753] INFO  ha.OMHANodeDetails (OMHANodeDetails.java:loadOMHAConfig(118)) - ServiceID for OzoneManager is omServiceId1
2022-03-03 14:18:27,712 [Listener at 0.0.0.0/43753] INFO  ha.OMHANodeDetails (OMHANodeDetails.java:loadOMHAConfig(193)) - Found matching OM address with OMServiceId: omServiceId1, OMNodeId: omNode-1, RPC Address: localhost:42585 and Ratis port: 39721
2022-03-03 14:18:27,713 [Listener at 0.0.0.0/43753] INFO  ha.OMHANodeDetails (ConfUtils.java:setNodeSpecificConfigs(108)) - Setting configuration key ozone.om.http-address with value of key ozone.om.http-address.omServiceId1.omNode-1: 127.0.0.1:45377
2022-03-03 14:18:27,713 [Listener at 0.0.0.0/43753] INFO  ha.OMHANodeDetails (ConfUtils.java:setNodeSpecificConfigs(108)) - Setting configuration key ozone.om.https-address with value of key ozone.om.https-address.omServiceId1.omNode-1: 127.0.0.1:36377
2022-03-03 14:18:27,713 [Listener at 0.0.0.0/43753] INFO  ha.OMHANodeDetails (ConfUtils.java:setNodeSpecificConfigs(108)) - Setting configuration key ozone.om.address with value of key ozone.om.address.omServiceId1.omNode-1: 127.0.0.1:42585
2022-03-03 14:18:27,713 [Listener at 0.0.0.0/43753] WARN  server.ServerUtils (ServerUtils.java:getDBPath(225)) - ozone.om.db.dirs is not configured. We recommend adding this setting. Falling back to ozone.metadata.dirs instead.
2022-03-03 14:18:27,714 [Listener at 0.0.0.0/43753] INFO  upgrade.AbstractLayoutVersionManager (AbstractLayoutVersionManager.java:init(79)) - Initializing Layout version manager with metadata layout = INITIAL_VERSION (version = 0), software layout = INITIAL_VERSION (version = 0)
2022-03-03 14:18:27,773 [Listener at 0.0.0.0/43753] INFO  reflections.Reflections (Reflections.java:scan(232)) - Reflections took 54 ms to scan 2 urls, producing 134 keys and 349 values [using 2 cores]
2022-03-03 14:18:27,778 [Listener at 0.0.0.0/43753] INFO  upgrade.OMLayoutVersionManager (OMLayoutVersionManager.java:lambda$0(115)) - Skipping Upgrade Action MockOmUpgradeAction since it has been finalized.
2022-03-03 14:18:27,778 [Listener at 0.0.0.0/43753] WARN  server.ServerUtils (ServerUtils.java:getDBPath(225)) - ozone.om.db.dirs is not configured. We recommend adding this setting. Falling back to ozone.metadata.dirs instead.
2022-03-03 14:18:27,784 [Listener at 0.0.0.0/43753] INFO  ha.SCMNodeInfo (SCMNodeInfo.java:getPort(197)) - ConfigKey ozone.scm.client.address is deprecated, For configuring different ports for each SCM use PortConfigKey ozone.scm.client.port appended with serviceId and nodeId
2022-03-03 14:18:27,784 [Listener at 0.0.0.0/43753] INFO  ha.SCMNodeInfo (SCMNodeInfo.java:getPort(197)) - ConfigKey ozone.scm.block.client.address is deprecated, For configuring different ports for each SCM use PortConfigKey ozone.scm.block.client.port appended with serviceId and nodeId
2022-03-03 14:18:27,784 [Listener at 0.0.0.0/43753] INFO  ha.SCMNodeInfo (SCMNodeInfo.java:getPort(197)) - ConfigKey ozone.scm.datanode.address is deprecated, For configuring different ports for each SCM use PortConfigKey ozone.scm.datanode.port appended with serviceId and nodeId
2022-03-03 14:18:27,784 [Listener at 0.0.0.0/43753] INFO  ha.SCMNodeInfo (SCMNodeInfo.java:getPort(197)) - ConfigKey ozone.scm.client.address is deprecated, For configuring different ports for each SCM use PortConfigKey ozone.scm.client.port appended with serviceId and nodeId
2022-03-03 14:18:27,784 [Listener at 0.0.0.0/43753] INFO  ha.SCMNodeInfo (SCMNodeInfo.java:getPort(197)) - ConfigKey ozone.scm.block.client.address is deprecated, For configuring different ports for each SCM use PortConfigKey ozone.scm.block.client.port appended with serviceId and nodeId
2022-03-03 14:18:27,784 [Listener at 0.0.0.0/43753] INFO  ha.SCMNodeInfo (SCMNodeInfo.java:getPort(197)) - ConfigKey ozone.scm.datanode.address is deprecated, For configuring different ports for each SCM use PortConfigKey ozone.scm.datanode.port appended with serviceId and nodeId
2022-03-03 14:18:27,784 [Listener at 0.0.0.0/43753] INFO  ha.SCMNodeInfo (SCMNodeInfo.java:getPort(197)) - ConfigKey ozone.scm.client.address is deprecated, For configuring different ports for each SCM use PortConfigKey ozone.scm.client.port appended with serviceId and nodeId
2022-03-03 14:18:27,785 [Listener at 0.0.0.0/43753] INFO  ha.SCMNodeInfo (SCMNodeInfo.java:getPort(197)) - ConfigKey ozone.scm.block.client.address is deprecated, For configuring different ports for each SCM use PortConfigKey ozone.scm.block.client.port appended with serviceId and nodeId
2022-03-03 14:18:27,785 [Listener at 0.0.0.0/43753] INFO  ha.SCMNodeInfo (SCMNodeInfo.java:getPort(197)) - ConfigKey ozone.scm.datanode.address is deprecated, For configuring different ports for each SCM use PortConfigKey ozone.scm.datanode.port appended with serviceId and nodeId
2022-03-03 14:18:27,909 [Listener at 0.0.0.0/43753] INFO  ha.SCMNodeInfo (SCMNodeInfo.java:getPort(197)) - ConfigKey ozone.scm.client.address is deprecated, For configuring different ports for each SCM use PortConfigKey ozone.scm.client.port appended with serviceId and nodeId
2022-03-03 14:18:27,909 [Listener at 0.0.0.0/43753] INFO  ha.SCMNodeInfo (SCMNodeInfo.java:getPort(197)) - ConfigKey ozone.scm.block.client.address is deprecated, For configuring different ports for each SCM use PortConfigKey ozone.scm.block.client.port appended with serviceId and nodeId
2022-03-03 14:18:27,909 [Listener at 0.0.0.0/43753] INFO  ha.SCMNodeInfo (SCMNodeInfo.java:getPort(197)) - ConfigKey ozone.scm.datanode.address is deprecated, For configuring different ports for each SCM use PortConfigKey ozone.scm.datanode.port appended with serviceId and nodeId
2022-03-03 14:18:27,909 [Listener at 0.0.0.0/43753] INFO  ha.SCMNodeInfo (SCMNodeInfo.java:getPort(197)) - ConfigKey ozone.scm.client.address is deprecated, For configuring different ports for each SCM use PortConfigKey ozone.scm.client.port appended with serviceId and nodeId
2022-03-03 14:18:27,909 [Listener at 0.0.0.0/43753] INFO  ha.SCMNodeInfo (SCMNodeInfo.java:getPort(197)) - ConfigKey ozone.scm.block.client.address is deprecated, For configuring different ports for each SCM use PortConfigKey ozone.scm.block.client.port appended with serviceId and nodeId
2022-03-03 14:18:27,909 [Listener at 0.0.0.0/43753] INFO  ha.SCMNodeInfo (SCMNodeInfo.java:getPort(197)) - ConfigKey ozone.scm.datanode.address is deprecated, For configuring different ports for each SCM use PortConfigKey ozone.scm.datanode.port appended with serviceId and nodeId
2022-03-03 14:18:27,909 [Listener at 0.0.0.0/43753] INFO  ha.SCMNodeInfo (SCMNodeInfo.java:getPort(197)) - ConfigKey ozone.scm.client.address is deprecated, For configuring different ports for each SCM use PortConfigKey ozone.scm.client.port appended with serviceId and nodeId
2022-03-03 14:18:27,909 [Listener at 0.0.0.0/43753] INFO  ha.SCMNodeInfo (SCMNodeInfo.java:getPort(197)) - ConfigKey ozone.scm.block.client.address is deprecated, For configuring different ports for each SCM use PortConfigKey ozone.scm.block.client.port appended with serviceId and nodeId
2022-03-03 14:18:27,909 [Listener at 0.0.0.0/43753] INFO  ha.SCMNodeInfo (SCMNodeInfo.java:getPort(197)) - ConfigKey ozone.scm.datanode.address is deprecated, For configuring different ports for each SCM use PortConfigKey ozone.scm.datanode.port appended with serviceId and nodeId
2022-03-03 14:18:27,911 [Listener at 0.0.0.0/43753] INFO  ha.SCMNodeInfo (SCMNodeInfo.java:getPort(197)) - ConfigKey ozone.scm.client.address is deprecated, For configuring different ports for each SCM use PortConfigKey ozone.scm.client.port appended with serviceId and nodeId
2022-03-03 14:18:27,911 [Listener at 0.0.0.0/43753] INFO  ha.SCMNodeInfo (SCMNodeInfo.java:getPort(197)) - ConfigKey ozone.scm.block.client.address is deprecated, For configuring different ports for each SCM use PortConfigKey ozone.scm.block.client.port appended with serviceId and nodeId
2022-03-03 14:18:27,911 [Listener at 0.0.0.0/43753] INFO  ha.SCMNodeInfo (SCMNodeInfo.java:getPort(197)) - ConfigKey ozone.scm.datanode.address is deprecated, For configuring different ports for each SCM use PortConfigKey ozone.scm.datanode.port appended with serviceId and nodeId
2022-03-03 14:18:27,911 [Listener at 0.0.0.0/43753] INFO  ha.SCMNodeInfo (SCMNodeInfo.java:getPort(197)) - ConfigKey ozone.scm.client.address is deprecated, For configuring different ports for each SCM use PortConfigKey ozone.scm.client.port appended with serviceId and nodeId
2022-03-03 14:18:27,911 [Listener at 0.0.0.0/43753] INFO  ha.SCMNodeInfo (SCMNodeInfo.java:getPort(197)) - ConfigKey ozone.scm.block.client.address is deprecated, For configuring different ports for each SCM use PortConfigKey ozone.scm.block.client.port appended with serviceId and nodeId
2022-03-03 14:18:27,911 [Listener at 0.0.0.0/43753] INFO  ha.SCMNodeInfo (SCMNodeInfo.java:getPort(197)) - ConfigKey ozone.scm.datanode.address is deprecated, For configuring different ports for each SCM use PortConfigKey ozone.scm.datanode.port appended with serviceId and nodeId
2022-03-03 14:18:27,911 [Listener at 0.0.0.0/43753] INFO  ha.SCMNodeInfo (SCMNodeInfo.java:getPort(197)) - ConfigKey ozone.scm.client.address is deprecated, For configuring different ports for each SCM use PortConfigKey ozone.scm.client.port appended with serviceId and nodeId
2022-03-03 14:18:27,911 [Listener at 0.0.0.0/43753] INFO  ha.SCMNodeInfo (SCMNodeInfo.java:getPort(197)) - ConfigKey ozone.scm.block.client.address is deprecated, For configuring different ports for each SCM use PortConfigKey ozone.scm.block.client.port appended with serviceId and nodeId
2022-03-03 14:18:27,911 [Listener at 0.0.0.0/43753] INFO  ha.SCMNodeInfo (SCMNodeInfo.java:getPort(197)) - ConfigKey ozone.scm.datanode.address is deprecated, For configuring different ports for each SCM use PortConfigKey ozone.scm.datanode.port appended with serviceId and nodeId
2022-03-03 14:18:27,936 [Listener at 0.0.0.0/43753] WARN  server.ServerUtils (ServerUtils.java:getDBPath(225)) - ozone.om.db.dirs is not configured. We recommend adding this setting. Falling back to ozone.metadata.dirs instead.
2022-03-03 14:18:27,943 [Listener at 0.0.0.0/43753] INFO  codec.OmKeyInfoCodec (OmKeyInfoCodec.java:<init>(50)) - OmKeyInfoCodec ignorePipeline = true
2022-03-03 14:18:27,944 [Listener at 0.0.0.0/43753] INFO  codec.RepeatedOmKeyInfoCodec (RepeatedOmKeyInfoCodec.java:<init>(42)) - RepeatedOmKeyInfoCodec ignorePipeline = true
2022-03-03 14:18:28,143 [Listener at 0.0.0.0/43753] INFO  om.OzoneManager (OzoneManager.java:addS3GVolumeToDB(3733)) - Created Volume s3v With Owner runner required for S3Gateway operations.
2022-03-03 14:18:28,188 [Listener at 0.0.0.0/43753] WARN  server.ServerUtils (ServerUtils.java:getDefaultRatisDirectory(237)) - Storage directory for Ratis is not configured. It is a good idea to map this to an SSD disk. Falling back to ozone.metadata.dirs
2022-03-03 14:18:28,188 [Listener at 0.0.0.0/43753] WARN  utils.OzoneManagerRatisUtils (OzoneManagerRatisUtils.java:getOMRatisSnapshotDirectory(330)) - ozone.om.ratis.snapshot.dir is not configured. Falling back to ozone.metadata.dirs config
2022-03-03 14:18:28,193 [Listener at 0.0.0.0/43753] INFO  snapshot.OzoneManagerSnapshotProvider (OzoneManagerSnapshotProvider.java:<init>(76)) - Initializing OM Snapshot Provider
2022-03-03 14:18:28,291 [Listener at 0.0.0.0/43753] WARN  impl.MetricRegistriesImpl (MetricRegistriesImpl.java:addReporterRegistration(111)) - New reporters are added after registries were created. Some metrics will be missing from the reporter. Please add reporter before adding any new registry.
2022-03-03 14:18:28,292 [Listener at 0.0.0.0/43753] WARN  impl.MetricRegistriesImpl (MetricRegistriesImpl.java:addReporterRegistration(111)) - New reporters are added after registries were created. Some metrics will be missing from the reporter. Please add reporter before adding any new registry.
2022-03-03 14:18:28,292 [Listener at 0.0.0.0/43753] WARN  server.ServerUtils (ServerUtils.java:getDefaultRatisDirectory(237)) - Storage directory for Ratis is not configured. It is a good idea to map this to an SSD disk. Falling back to ozone.metadata.dirs
2022-03-03 14:18:28,294 [Listener at 0.0.0.0/43753] INFO  ratis.OzoneManagerRatisServer (OzoneManagerRatisServer.java:<init>(159)) - Instantiating OM Ratis server with groupID: omServiceId1 and peers: localhost:39721, localhost:35037, localhost:46363
2022-03-03 14:18:28,298 [Listener at 0.0.0.0/43753] INFO  ratis.OzoneManagerStateMachine (OzoneManagerStateMachine.java:loadSnapshotInfoFromDB(605)) - LastAppliedIndex is set from TransactionInfo from OM DB as (t:0, i:~)
2022-03-03 14:18:28,309 [Listener at 0.0.0.0/43753] INFO  server.RaftServer (ConfUtils.java:logGet(44)) - raft.rpc.type = GRPC (default)
2022-03-03 14:18:28,309 [Listener at 0.0.0.0/43753] INFO  grpc.GrpcFactory (GrpcFactory.java:checkPooledByteBufAllocatorUseCacheForAllThreads(48)) - PERFORMANCE WARNING: useCacheForAllThreads is true that may cause Netty to create a lot garbage objects and, as a result, trigger GC.
	It is recommended to disable useCacheForAllThreads by setting -Dorg.apache.ratis.thirdparty.io.netty.allocator.useCacheForAllThreads=false in command line.
2022-03-03 14:18:28,309 [Listener at 0.0.0.0/43753] INFO  grpc.GrpcConfigKeys (ConfUtils.java:logGet(44)) - raft.grpc.admin.port = -1 (default)
2022-03-03 14:18:28,309 [Listener at 0.0.0.0/43753] INFO  grpc.GrpcConfigKeys (ConfUtils.java:logGet(44)) - raft.grpc.server.port = 39721 (custom)
2022-03-03 14:18:28,309 [Listener at 0.0.0.0/43753] INFO  grpc.GrpcConfigKeys (ConfUtils.java:logGet(44)) - raft.grpc.client.port = -1 (default)
2022-03-03 14:18:28,309 [Listener at 0.0.0.0/43753] INFO  grpc.GrpcConfigKeys (ConfUtils.java:logGet(44)) - raft.grpc.server.port = 39721 (custom)
2022-03-03 14:18:28,309 [Listener at 0.0.0.0/43753] INFO  grpc.GrpcConfigKeys (ConfUtils.java:logGet(44)) - raft.grpc.server.port = 39721 (custom)
2022-03-03 14:18:28,309 [Listener at 0.0.0.0/43753] INFO  server.GrpcService (ConfUtils.java:logGet(44)) - raft.grpc.message.size.max = 33554432 (custom)
2022-03-03 14:18:28,309 [Listener at 0.0.0.0/43753] INFO  server.RaftServerConfigKeys (ConfUtils.java:logGet(44)) - raft.server.log.appender.buffer.byte-limit = 33554432 (custom)
2022-03-03 14:18:28,310 [Listener at 0.0.0.0/43753] INFO  server.GrpcService (ConfUtils.java:logGet(44)) - raft.grpc.flow.control.window = 1MB (=1048576) (default)
2022-03-03 14:18:28,310 [Listener at 0.0.0.0/43753] INFO  server.RaftServerConfigKeys (ConfUtils.java:logGet(44)) - raft.server.rpc.request.timeout = 3000ms (default)
2022-03-03 14:18:28,311 [Listener at 0.0.0.0/43753] INFO  impl.DataStreamServerImpl (ConfUtils.java:logGet(44)) - raft.datastream.type = DISABLED (default)
2022-03-03 14:18:28,311 [Listener at 0.0.0.0/43753] INFO  server.RaftServerConfigKeys (ConfUtils.java:logGet(44)) - raft.server.rpc.slowness.timeout = 2s (custom)
2022-03-03 14:18:28,311 [Listener at 0.0.0.0/43753] INFO  server.RaftServerConfigKeys (ConfUtils.java:logGet(44)) - raft.server.leaderelection.leader.step-down.wait-time = 10s (default)
2022-03-03 14:18:28,311 [Listener at 0.0.0.0/43753] INFO  server.RaftServerConfigKeys (ConfUtils.java:logGet(44)) - raft.server.storage.dir = [/home/runner/work/ozone/ozone/hadoop-ozone/integration-test/target/test-dir/MiniOzoneClusterImpl-0274ca87-c068-4a4d-855f-b1ef4eb933b0/omNode-1/ratis] (custom)
2022-03-03 14:18:28,316 [Listener at 0.0.0.0/43753] INFO  server.RaftServer (RaftServerProxy.java:addNew(95)) - omNode-1: addNew group-6C22E66A003A:[omNode-3|rpc:localhost:35037|priority:0, omNode-1|rpc:localhost:39721|priority:0, omNode-2|rpc:localhost:46363|priority:0] returns group-6C22E66A003A:java.util.concurrent.CompletableFuture@5be29206[Not completed]
2022-03-03 14:18:28,316 [pool-143-thread-1] INFO  server.RaftServer$Division (RaftServerImpl.java:<init>(184)) - omNode-1: new RaftServerImpl for group-6C22E66A003A:[omNode-3|rpc:localhost:35037|priority:0, omNode-1|rpc:localhost:39721|priority:0, omNode-2|rpc:localhost:46363|priority:0] with OzoneManagerStateMachine:uninitialized
2022-03-03 14:18:28,316 [Listener at 0.0.0.0/43753] INFO  om.OzoneManager (OzoneManager.java:initializeRatisServer(1834)) - OzoneManager Ratis server initialized at port 39721
2022-03-03 14:18:28,318 [pool-143-thread-1] INFO  server.RaftServerConfigKeys (ConfUtils.java:logGet(44)) - raft.server.rpc.timeout.min = 1s (custom)
2022-03-03 14:18:28,318 [pool-143-thread-1] INFO  server.RaftServerConfigKeys (ConfUtils.java:logGet(44)) - raft.server.rpc.timeout.max = 1200ms (custom)
2022-03-03 14:18:28,318 [pool-143-thread-1] INFO  server.RaftServerConfigKeys (ConfUtils.java:logGet(44)) - raft.server.rpc.sleep.time = 25ms (default)
2022-03-03 14:18:28,318 [pool-143-thread-1] INFO  server.RaftServerConfigKeys (ConfUtils.java:logGet(44)) - raft.server.rpc.slowness.timeout = 2s (custom)
2022-03-03 14:18:28,318 [pool-143-thread-1] INFO  server.RaftServerConfigKeys (ConfUtils.java:logGet(44)) - raft.server.leaderelection.leader.step-down.wait-time = 10s (default)
2022-03-03 14:18:28,318 [pool-143-thread-1] INFO  server.RaftServerConfigKeys (ConfUtils.java:logGet(44)) - raft.server.sleep.deviation.threshold = 300ms (default)
2022-03-03 14:18:28,318 [pool-143-thread-1] INFO  server.RaftServerConfigKeys (ConfUtils.java:logGet(44)) - raft.server.log.appender.install.snapshot.enabled = false (custom)
2022-03-03 14:18:28,319 [pool-143-thread-1] INFO  server.RaftServer$Division (ServerState.java:<init>(105)) - omNode-1@group-6C22E66A003A: ConfigurationManager, init=-1: [omNode-3|rpc:localhost:35037|priority:0, omNode-1|rpc:localhost:39721|priority:0, omNode-2|rpc:localhost:46363|priority:0], old=null, confs=<EMPTY_MAP>
2022-03-03 14:18:28,319 [pool-143-thread-1] INFO  server.RaftServerConfigKeys (ConfUtils.java:logGet(44)) - raft.server.storage.dir = [/home/runner/work/ozone/ozone/hadoop-ozone/integration-test/target/test-dir/MiniOzoneClusterImpl-0274ca87-c068-4a4d-855f-b1ef4eb933b0/omNode-1/ratis] (custom)
2022-03-03 14:18:28,319 [pool-143-thread-1] INFO  server.RaftServerConfigKeys (ConfUtils.java:logGet(44)) - raft.server.log.corruption.policy = EXCEPTION (default)
2022-03-03 14:18:28,319 [pool-143-thread-1] INFO  server.RaftServerConfigKeys (ConfUtils.java:logGet(44)) - raft.server.storage.free-space.min = 0MB (=0) (default)
2022-03-03 14:18:28,319 [pool-143-thread-1] INFO  storage.RaftStorageDirectory (RaftStorageDirectoryImpl.java:analyzeStorage(135)) - The storage directory /home/runner/work/ozone/ozone/hadoop-ozone/integration-test/target/test-dir/MiniOzoneClusterImpl-0274ca87-c068-4a4d-855f-b1ef4eb933b0/omNode-1/ratis/9c9825ce-8ba7-3ee6-a7c3-6c22e66a003a does not exist. Creating ...
2022-03-03 14:18:28,320 [pool-143-thread-1] INFO  storage.RaftStorageDirectory (RaftStorageDirectoryImpl.java:tryLock(230)) - Lock on /home/runner/work/ozone/ozone/hadoop-ozone/integration-test/target/test-dir/MiniOzoneClusterImpl-0274ca87-c068-4a4d-855f-b1ef4eb933b0/omNode-1/ratis/9c9825ce-8ba7-3ee6-a7c3-6c22e66a003a/in_use.lock acquired by nodename 586@fv-az50-851
2022-03-03 14:18:28,322 [pool-143-thread-1] INFO  storage.RaftStorage (RaftStorageImpl.java:format(89)) - Storage directory /home/runner/work/ozone/ozone/hadoop-ozone/integration-test/target/test-dir/MiniOzoneClusterImpl-0274ca87-c068-4a4d-855f-b1ef4eb933b0/omNode-1/ratis/9c9825ce-8ba7-3ee6-a7c3-6c22e66a003a has been successfully formatted.
2022-03-03 14:18:28,324 [pool-143-thread-1] INFO  server.RaftServerConfigKeys (ConfUtils.java:logGet(44)) - raft.server.notification.no-leader.timeout = 2s (custom)
2022-03-03 14:18:28,324 [pool-143-thread-1] INFO  server.RaftServerConfigKeys (ConfUtils.java:logGet(44)) - raft.server.log.use.memory = false (default)
2022-03-03 14:18:28,324 [pool-143-thread-1] INFO  server.RaftServerConfigKeys (ConfUtils.java:logGet(44)) - raft.server.log.purge.gap = 1000000 (custom)
2022-03-03 14:18:28,324 [pool-143-thread-1] INFO  server.RaftServerConfigKeys (ConfUtils.java:logGet(44)) - raft.server.log.appender.buffer.byte-limit = 33554432 (custom)
2022-03-03 14:18:28,329 [pool-143-thread-1] INFO  server.RaftServerConfigKeys (ConfUtils.java:logGet(44)) - raft.server.log.segment.size.max = 4194304 (custom)
2022-03-03 14:18:28,329 [pool-143-thread-1] INFO  server.RaftServerConfigKeys (ConfUtils.java:logGet(44)) - raft.server.log.segment.cache.num.max = 2 (custom)
2022-03-03 14:18:28,329 [pool-143-thread-1] INFO  server.RaftServerConfigKeys (ConfUtils.java:logGet(44)) - raft.server.log.segment.cache.size.max = 200MB (=209715200) (default)
2022-03-03 14:18:28,329 [pool-143-thread-1] INFO  segmented.SegmentedRaftLogWorker (SegmentedRaftLogWorker.java:<init>(182)) - new omNode-1@group-6C22E66A003A-SegmentedRaftLogWorker for RaftStorageImpl:Storage Directory /home/runner/work/ozone/ozone/hadoop-ozone/integration-test/target/test-dir/MiniOzoneClusterImpl-0274ca87-c068-4a4d-855f-b1ef4eb933b0/omNode-1/ratis/9c9825ce-8ba7-3ee6-a7c3-6c22e66a003a
2022-03-03 14:18:28,329 [pool-143-thread-1] INFO  server.RaftServerConfigKeys (ConfUtils.java:logGet(44)) - raft.server.log.queue.byte-limit = 64MB (=67108864) (default)
2022-03-03 14:18:28,330 [pool-143-thread-1] INFO  server.RaftServerConfigKeys (ConfUtils.java:logGet(44)) - raft.server.log.queue.element-limit = 4096 (default)
2022-03-03 14:18:28,331 [pool-143-thread-1] INFO  server.RaftServerConfigKeys (ConfUtils.java:logGet(44)) - raft.server.log.segment.size.max = 4194304 (custom)
2022-03-03 14:18:28,331 [pool-143-thread-1] INFO  server.RaftServerConfigKeys (ConfUtils.java:logGet(44)) - raft.server.log.preallocated.size = 4194304 (custom)
2022-03-03 14:18:28,331 [pool-143-thread-1] INFO  server.RaftServerConfigKeys (ConfUtils.java:logGet(44)) - raft.server.log.force.sync.num = 128 (default)
2022-03-03 14:18:28,331 [pool-143-thread-1] INFO  server.RaftServerConfigKeys (ConfUtils.java:logGet(44)) - raft.server.log.statemachine.data.sync = true (default)
2022-03-03 14:18:28,336 [pool-143-thread-1] INFO  server.RaftServerConfigKeys (ConfUtils.java:logGet(44)) - raft.server.log.statemachine.data.sync.timeout = 10s (default)
2022-03-03 14:18:28,337 [pool-143-thread-1] INFO  server.RaftServerConfigKeys (ConfUtils.java:logGet(44)) - raft.server.log.statemachine.data.sync.timeout.retry = -1 (default)
2022-03-03 14:18:28,340 [pool-143-thread-1] INFO  server.RaftServerConfigKeys (ConfUtils.java:logGet(44)) - raft.server.log.write.buffer.size = 64KB (=65536) (default)
2022-03-03 14:18:28,342 [pool-143-thread-1] INFO  server.RaftServerConfigKeys (ConfUtils.java:logGet(44)) - raft.server.log.statemachine.data.caching.enabled = false (default)
2022-03-03 14:18:28,342 [pool-143-thread-1] INFO  segmented.SegmentedRaftLogWorker (SegmentedRaftLogWorker.java:lambda$new$0(133)) - omNode-1@group-6C22E66A003A-SegmentedRaftLogWorker: flushIndex: setUnconditionally 0 -> -1
2022-03-03 14:18:28,342 [pool-143-thread-1] INFO  segmented.SegmentedRaftLogWorker (SegmentedRaftLogWorker.java:lambda$new$0(133)) - omNode-1@group-6C22E66A003A-SegmentedRaftLogWorker: safeCacheEvictIndex: setUnconditionally 0 -> -1
2022-03-03 14:18:28,347 [pool-143-thread-1] INFO  server.RaftServerConfigKeys (ConfUtils.java:logGet(44)) - raft.server.snapshot.auto.trigger.enabled = true (custom)
2022-03-03 14:18:28,347 [pool-143-thread-1] INFO  server.RaftServerConfigKeys (ConfUtils.java:logGet(44)) - raft.server.snapshot.auto.trigger.threshold = 400000 (default)
2022-03-03 14:18:28,347 [pool-143-thread-1] INFO  server.RaftServerConfigKeys (ConfUtils.java:logGet(44)) - raft.server.snapshot.retention.file.num = -1 (default)
2022-03-03 14:18:28,347 [pool-143-thread-1] INFO  server.RaftServerConfigKeys (ConfUtils.java:logGet(44)) - raft.server.log.purge.upto.snapshot.index = true (custom)
2022-03-03 14:18:28,347 [pool-143-thread-1] INFO  server.RaftServerConfigKeys (ConfUtils.java:logGet(44)) - raft.server.retrycache.expirytime = 300s (custom)
2022-03-03 14:18:28,347 [pool-143-thread-1] INFO  server.RaftServerConfigKeys (ConfUtils.java:logGet(44)) - raft.server.retrycache.statistics.expirytime = 100μs (default)
2022-03-03 14:18:28,375 [Listener at 0.0.0.0/43753] INFO  ipc.CallQueueManager (CallQueueManager.java:<init>(90)) - Using callQueue: class java.util.concurrent.LinkedBlockingQueue, queueCapacity: 2000, scheduler: class org.apache.hadoop.ipc.DefaultRpcScheduler, ipcBackoff: false.
2022-03-03 14:18:28,376 [Socket Reader #1 for port 42585] INFO  ipc.Server (Server.java:run(1265)) - Starting Socket Reader #1 for port 42585
2022-03-03 14:18:28,402 [Listener at 127.0.0.1/42585] INFO  impl.MetricsSystemImpl (MetricsSystemImpl.java:init(158)) - OzoneManager metrics system started (again)
2022-03-03 14:18:28,413 [Listener at 127.0.0.1/42585] INFO  om.OzoneManager (OzoneManager.java:start(1365)) - OzoneManager RPC server is listening at localhost/127.0.0.1:42585
2022-03-03 14:18:28,413 [Listener at 127.0.0.1/42585] INFO  ratis.OzoneManagerRatisServer (OzoneManagerRatisServer.java:start(554)) - Starting OzoneManagerRatisServer omNode-1 at port 39721
2022-03-03 14:18:28,413 [Listener at 127.0.0.1/42585] INFO  server.RaftServer$Division (RaftServerImpl.java:start(301)) - omNode-1@group-6C22E66A003A: start as a follower, conf=-1: [omNode-3|rpc:localhost:35037|priority:0, omNode-1|rpc:localhost:39721|priority:0, omNode-2|rpc:localhost:46363|priority:0], old=null
2022-03-03 14:18:28,414 [Listener at 127.0.0.1/42585] INFO  server.RaftServer$Division (RaftServerImpl.java:setRole(290)) - omNode-1@group-6C22E66A003A: changes role from      null to FOLLOWER at term 0 for startAsFollower
2022-03-03 14:18:28,414 [Listener at 127.0.0.1/42585] INFO  impl.RoleInfo (RoleInfo.java:updateAndGet(130)) - omNode-1: start omNode-1@group-6C22E66A003A-FollowerState
2022-03-03 14:18:28,414 [Listener at 127.0.0.1/42585] INFO  util.JmxRegister (JmxRegister.java:tryRegister(44)) - Successfully registered JMX Bean with object name Ratis:service=RaftServer,group=group-6C22E66A003A,id=omNode-1
2022-03-03 14:18:28,416 [Listener at 127.0.0.1/42585] INFO  server.RaftServer (RaftServerProxy.java:lambda$start$5(374)) - omNode-1: start RPC server
2022-03-03 14:18:28,418 [Listener at 127.0.0.1/42585] INFO  server.GrpcService (GrpcService.java:startImpl(253)) - omNode-1: GrpcService started, listening on 39721
2022-03-03 14:18:28,418 [Listener at 127.0.0.1/42585] INFO  om.OzoneManager (OzoneManager.java:start(1381)) - Version File has different layout version (0) than OM DB (null). That is expected if this OM has never been finalized to a newer layout version.
2022-03-03 14:18:28,445 [org.apache.ratis.util.JvmPauseMonitor$$Lambda$435/453351332@6c99df05] INFO  util.JvmPauseMonitor (JvmPauseMonitor.java:run(103)) - JvmPauseMonitor-omNode-1: Started
2022-03-03 14:18:28,453 [Listener at 127.0.0.1/42585] INFO  http.BaseHttpServer (BaseHttpServer.java:newHttpServer2BuilderForOzone(209)) - Starting Web-server for ozoneManager at: http://0.0.0.0:45377
2022-03-03 14:18:28,453 [Listener at 127.0.0.1/42585] INFO  http.BaseHttpServer (BaseHttpServer.java:<init>(107)) - Hadoop Security Enabled: false Ozone Security Enabled: false Ozone HTTP Security Enabled: false 
2022-03-03 14:18:28,454 [Listener at 127.0.0.1/42585] INFO  server.AuthenticationFilter (AuthenticationFilter.java:constructSecretProvider(240)) - Unable to initialize FileSignerSecretProvider, falling back to use random secrets.
2022-03-03 14:18:28,455 [Listener at 127.0.0.1/42585] WARN  http.HttpRequestLog (HttpRequestLog.java:getRequestLog(103)) - Jetty request log can only be enabled using Log4j
2022-03-03 14:18:28,456 [Listener at 127.0.0.1/42585] INFO  http.HttpServer2 (HttpServer2.java:addGlobalFilter(1030)) - Added global filter 'safety' (class=org.apache.hadoop.hdds.server.http.HttpServer2$QuotingInputFilter)
2022-03-03 14:18:28,456 [Listener at 127.0.0.1/42585] INFO  http.HttpServer2 (HttpServer2.java:addFilter(1006)) - Added filter static_user_filter (class=org.apache.hadoop.http.lib.StaticUserWebFilter$StaticUserFilter) to context ozoneManager
2022-03-03 14:18:28,456 [Listener at 127.0.0.1/42585] INFO  http.HttpServer2 (HttpServer2.java:addFilter(1014)) - Added filter static_user_filter (class=org.apache.hadoop.http.lib.StaticUserWebFilter$StaticUserFilter) to context static
2022-03-03 14:18:28,457 [Listener at 127.0.0.1/42585] INFO  http.HttpServer2 (HttpServer2.java:addFilter(1014)) - Added filter static_user_filter (class=org.apache.hadoop.http.lib.StaticUserWebFilter$StaticUserFilter) to context logs
2022-03-03 14:18:28,459 [Listener at 127.0.0.1/42585] INFO  http.HttpServer2 (HttpServer2.java:bindListener(1249)) - Jetty bound to port 45377
2022-03-03 14:18:28,459 [Listener at 127.0.0.1/42585] INFO  server.Server (Server.java:doStart(375)) - jetty-9.4.43.v20210629; built: 2021-06-30T11:07:22.254Z; git: 526006ecfa3af7f1a27ef3a288e2bef7ea9dd7e8; jvm 1.8.0_322-b06
2022-03-03 14:18:28,465 [Listener at 127.0.0.1/42585] INFO  server.session (DefaultSessionIdManager.java:doStart(334)) - DefaultSessionIdManager workerName=node0
2022-03-03 14:18:28,465 [Listener at 127.0.0.1/42585] INFO  server.session (DefaultSessionIdManager.java:doStart(339)) - No SessionScavenger set, using defaults
2022-03-03 14:18:28,465 [Listener at 127.0.0.1/42585] INFO  server.session (HouseKeeper.java:startScavenging(132)) - node0 Scavenging every 600000ms
2022-03-03 14:18:28,466 [Listener at 127.0.0.1/42585] INFO  handler.ContextHandler (ContextHandler.java:doStart(915)) - Started o.e.j.s.ServletContextHandler@4f8a5001{logs,/logs,file:///home/runner/work/ozone/ozone/hadoop-ozone/integration-test/target/log,AVAILABLE}
2022-03-03 14:18:28,467 [Listener at 127.0.0.1/42585] INFO  handler.ContextHandler (ContextHandler.java:doStart(915)) - Started o.e.j.s.ServletContextHandler@28ec02ad{static,/static,file:///home/runner/work/ozone/ozone/hadoop-ozone/integration-test/target/test-classes/webapps/static,AVAILABLE}
2022-03-03 14:18:28,471 [Listener at 127.0.0.1/42585] INFO  handler.ContextHandler (ContextHandler.java:doStart(915)) - Started o.e.j.w.WebAppContext@66aae4c5{ozoneManager,/,file:///home/runner/work/ozone/ozone/hadoop-ozone/integration-test/target/test-classes/webapps/ozoneManager/,AVAILABLE}{file:/home/runner/work/ozone/ozone/hadoop-ozone/integration-test/target/test-classes/webapps/ozoneManager}
2022-03-03 14:18:28,479 [Listener at 127.0.0.1/42585] INFO  server.AbstractConnector (AbstractConnector.java:doStart(331)) - Started ServerConnector@70fa6317{HTTP/1.1, (http/1.1)}{0.0.0.0:45377}
2022-03-03 14:18:28,479 [Listener at 127.0.0.1/42585] INFO  server.Server (Server.java:doStart(415)) - Started @26492ms
2022-03-03 14:18:28,479 [Listener at 127.0.0.1/42585] WARN  impl.MetricsSystemImpl (MetricsSystemImpl.java:register(279)) - Sink prometheus already exists!
2022-03-03 14:18:28,480 [Listener at 127.0.0.1/42585] INFO  http.BaseHttpServer (BaseHttpServer.java:updateConnectorAddress(329)) - HTTP server of ozoneManager listening at http://0.0.0.0:45377
2022-03-03 14:18:28,485 [IPC Server Responder] INFO  ipc.Server (Server.java:run(1507)) - IPC Server Responder: starting
2022-03-03 14:18:28,485 [IPC Server listener on 42585] INFO  ipc.Server (Server.java:run(1344)) - IPC Server listener on 42585: starting
2022-03-03 14:18:28,488 [Listener at 127.0.0.1/42585] INFO  om.OzoneManager (OzoneManager.java:startTrashEmptier(1792)) - Trash Interval set to 0. Files deleted will not move to trash
2022-03-03 14:18:28,488 [Listener at 127.0.0.1/42585] INFO  ozone.MiniOzoneHAClusterImpl (MiniOzoneHAClusterImpl.java:createOMService(522)) - Started OzoneManager omNode-1 RPC server at localhost/127.0.0.1:42585
2022-03-03 14:18:28,489 [Listener at 127.0.0.1/42585] INFO  ha.OMHANodeDetails (OMHANodeDetails.java:loadOMHAConfig(118)) - ServiceID for OzoneManager is omServiceId1
2022-03-03 14:18:28,489 [Listener at 127.0.0.1/42585] INFO  ha.OMHANodeDetails (OMHANodeDetails.java:loadOMHAConfig(193)) - Found matching OM address with OMServiceId: omServiceId1, OMNodeId: omNode-2, RPC Address: localhost:42271 and Ratis port: 46363
2022-03-03 14:18:28,489 [Listener at 127.0.0.1/42585] INFO  ha.OMHANodeDetails (ConfUtils.java:setNodeSpecificConfigs(108)) - Setting configuration key ozone.om.http-address with value of key ozone.om.http-address.omServiceId1.omNode-2: 127.0.0.1:38655
2022-03-03 14:18:28,490 [Listener at 127.0.0.1/42585] INFO  ha.OMHANodeDetails (ConfUtils.java:setNodeSpecificConfigs(108)) - Setting configuration key ozone.om.https-address with value of key ozone.om.https-address.omServiceId1.omNode-2: 127.0.0.1:45089
2022-03-03 14:18:28,490 [Listener at 127.0.0.1/42585] INFO  ha.OMHANodeDetails (ConfUtils.java:setNodeSpecificConfigs(108)) - Setting configuration key ozone.om.address with value of key ozone.om.address.omServiceId1.omNode-2: 127.0.0.1:42271
2022-03-03 14:18:28,490 [Listener at 127.0.0.1/42585] WARN  server.ServerUtils (ServerUtils.java:getDBPath(225)) - ozone.om.db.dirs is not configured. We recommend adding this setting. Falling back to ozone.metadata.dirs instead.
2022-03-03 14:18:28,491 [Listener at 127.0.0.1/42585] INFO  ha.SCMNodeInfo (SCMNodeInfo.java:getPort(197)) - ConfigKey ozone.scm.client.address is deprecated, For configuring different ports for each SCM use PortConfigKey ozone.scm.client.port appended with serviceId and nodeId
2022-03-03 14:18:28,491 [Listener at 127.0.0.1/42585] INFO  ha.SCMNodeInfo (SCMNodeInfo.java:getPort(197)) - ConfigKey ozone.scm.block.client.address is deprecated, For configuring different ports for each SCM use PortConfigKey ozone.scm.block.client.port appended with serviceId and nodeId
2022-03-03 14:18:28,491 [Listener at 127.0.0.1/42585] INFO  ha.SCMNodeInfo (SCMNodeInfo.java:getPort(197)) - ConfigKey ozone.scm.datanode.address is deprecated, For configuring different ports for each SCM use PortConfigKey ozone.scm.datanode.port appended with serviceId and nodeId
2022-03-03 14:18:28,491 [Listener at 127.0.0.1/42585] INFO  ha.SCMNodeInfo (SCMNodeInfo.java:getPort(197)) - ConfigKey ozone.scm.client.address is deprecated, For configuring different ports for each SCM use PortConfigKey ozone.scm.client.port appended with serviceId and nodeId
2022-03-03 14:18:28,491 [Listener at 127.0.0.1/42585] INFO  ha.SCMNodeInfo (SCMNodeInfo.java:getPort(197)) - ConfigKey ozone.scm.block.client.address is deprecated, For configuring different ports for each SCM use PortConfigKey ozone.scm.block.client.port appended with serviceId and nodeId
2022-03-03 14:18:28,491 [Listener at 127.0.0.1/42585] INFO  ha.SCMNodeInfo (SCMNodeInfo.java:getPort(197)) - ConfigKey ozone.scm.datanode.address is deprecated, For configuring different ports for each SCM use PortConfigKey ozone.scm.datanode.port appended with serviceId and nodeId
2022-03-03 14:18:28,491 [Listener at 127.0.0.1/42585] INFO  ha.SCMNodeInfo (SCMNodeInfo.java:getPort(197)) - ConfigKey ozone.scm.client.address is deprecated, For configuring different ports for each SCM use PortConfigKey ozone.scm.client.port appended with serviceId and nodeId
2022-03-03 14:18:28,491 [Listener at 127.0.0.1/42585] INFO  ha.SCMNodeInfo (SCMNodeInfo.java:getPort(197)) - ConfigKey ozone.scm.block.client.address is deprecated, For configuring different ports for each SCM use PortConfigKey ozone.scm.block.client.port appended with serviceId and nodeId
2022-03-03 14:18:28,491 [Listener at 127.0.0.1/42585] INFO  ha.SCMNodeInfo (SCMNodeInfo.java:getPort(197)) - ConfigKey ozone.scm.datanode.address is deprecated, For configuring different ports for each SCM use PortConfigKey ozone.scm.datanode.port appended with serviceId and nodeId
2022-03-03 14:18:28,495 [org.apache.hadoop.util.JvmPauseMonitor$Monitor@45e49e0e] INFO  util.JvmPauseMonitor (JvmPauseMonitor.java:run(188)) - Starting JVM pause monitor
OM initialization succeeded.Current cluster id for sd=/home/runner/work/ozone/ozone/hadoop-ozone/integration-test/target/test-dir/MiniOzoneClusterImpl-0274ca87-c068-4a4d-855f-b1ef4eb933b0/omNode-2/om;cid=0274ca87-c068-4a4d-855f-b1ef4eb933b0;layoutVersion=0
2022-03-03 14:18:28,497 [Listener at 127.0.0.1/42585] INFO  ha.OMHANodeDetails (OMHANodeDetails.java:loadOMHAConfig(118)) - ServiceID for OzoneManager is omServiceId1
2022-03-03 14:18:28,497 [Listener at 127.0.0.1/42585] INFO  ha.OMHANodeDetails (OMHANodeDetails.java:loadOMHAConfig(193)) - Found matching OM address with OMServiceId: omServiceId1, OMNodeId: omNode-2, RPC Address: localhost:42271 and Ratis port: 46363
2022-03-03 14:18:28,497 [Listener at 127.0.0.1/42585] INFO  ha.OMHANodeDetails (ConfUtils.java:setNodeSpecificConfigs(108)) - Setting configuration key ozone.om.http-address with value of key ozone.om.http-address.omServiceId1.omNode-2: 127.0.0.1:38655
2022-03-03 14:18:28,497 [Listener at 127.0.0.1/42585] INFO  ha.OMHANodeDetails (ConfUtils.java:setNodeSpecificConfigs(108)) - Setting configuration key ozone.om.https-address with value of key ozone.om.https-address.omServiceId1.omNode-2: 127.0.0.1:45089
2022-03-03 14:18:28,497 [Listener at 127.0.0.1/42585] INFO  ha.OMHANodeDetails (ConfUtils.java:setNodeSpecificConfigs(108)) - Setting configuration key ozone.om.address with value of key ozone.om.address.omServiceId1.omNode-2: 127.0.0.1:42271
2022-03-03 14:18:28,498 [Listener at 127.0.0.1/42585] WARN  server.ServerUtils (ServerUtils.java:getDBPath(225)) - ozone.om.db.dirs is not configured. We recommend adding this setting. Falling back to ozone.metadata.dirs instead.
2022-03-03 14:18:28,498 [Listener at 127.0.0.1/42585] INFO  upgrade.AbstractLayoutVersionManager (AbstractLayoutVersionManager.java:init(79)) - Initializing Layout version manager with metadata layout = INITIAL_VERSION (version = 0), software layout = INITIAL_VERSION (version = 0)
2022-03-03 14:18:28,552 [Listener at 127.0.0.1/42585] INFO  reflections.Reflections (Reflections.java:scan(232)) - Reflections took 53 ms to scan 2 urls, producing 134 keys and 349 values [using 2 cores]
2022-03-03 14:18:28,552 [Listener at 127.0.0.1/42585] INFO  upgrade.OMLayoutVersionManager (OMLayoutVersionManager.java:lambda$0(115)) - Skipping Upgrade Action MockOmUpgradeAction since it has been finalized.
2022-03-03 14:18:28,553 [Listener at 127.0.0.1/42585] WARN  server.ServerUtils (ServerUtils.java:getDBPath(225)) - ozone.om.db.dirs is not configured. We recommend adding this setting. Falling back to ozone.metadata.dirs instead.
2022-03-03 14:18:28,553 [Listener at 127.0.0.1/42585] INFO  ha.SCMNodeInfo (SCMNodeInfo.java:getPort(197)) - ConfigKey ozone.scm.client.address is deprecated, For configuring different ports for each SCM use PortConfigKey ozone.scm.client.port appended with serviceId and nodeId
2022-03-03 14:18:28,553 [Listener at 127.0.0.1/42585] INFO  ha.SCMNodeInfo (SCMNodeInfo.java:getPort(197)) - ConfigKey ozone.scm.block.client.address is deprecated, For configuring different ports for each SCM use PortConfigKey ozone.scm.block.client.port appended with serviceId and nodeId
2022-03-03 14:18:28,553 [Listener at 127.0.0.1/42585] INFO  ha.SCMNodeInfo (SCMNodeInfo.java:getPort(197)) - ConfigKey ozone.scm.datanode.address is deprecated, For configuring different ports for each SCM use PortConfigKey ozone.scm.datanode.port appended with serviceId and nodeId
2022-03-03 14:18:28,553 [Listener at 127.0.0.1/42585] INFO  ha.SCMNodeInfo (SCMNodeInfo.java:getPort(197)) - ConfigKey ozone.scm.client.address is deprecated, For configuring different ports for each SCM use PortConfigKey ozone.scm.client.port appended with serviceId and nodeId
2022-03-03 14:18:28,553 [Listener at 127.0.0.1/42585] INFO  ha.SCMNodeInfo (SCMNodeInfo.java:getPort(197)) - ConfigKey ozone.scm.block.client.address is deprecated, For configuring different ports for each SCM use PortConfigKey ozone.scm.block.client.port appended with serviceId and nodeId
2022-03-03 14:18:28,553 [Listener at 127.0.0.1/42585] INFO  ha.SCMNodeInfo (SCMNodeInfo.java:getPort(197)) - ConfigKey ozone.scm.datanode.address is deprecated, For configuring different ports for each SCM use PortConfigKey ozone.scm.datanode.port appended with serviceId and nodeId
2022-03-03 14:18:28,553 [Listener at 127.0.0.1/42585] INFO  ha.SCMNodeInfo (SCMNodeInfo.java:getPort(197)) - ConfigKey ozone.scm.client.address is deprecated, For configuring different ports for each SCM use PortConfigKey ozone.scm.client.port appended with serviceId and nodeId
2022-03-03 14:18:28,553 [Listener at 127.0.0.1/42585] INFO  ha.SCMNodeInfo (SCMNodeInfo.java:getPort(197)) - ConfigKey ozone.scm.block.client.address is deprecated, For configuring different ports for each SCM use PortConfigKey ozone.scm.block.client.port appended with serviceId and nodeId
2022-03-03 14:18:28,553 [Listener at 127.0.0.1/42585] INFO  ha.SCMNodeInfo (SCMNodeInfo.java:getPort(197)) - ConfigKey ozone.scm.datanode.address is deprecated, For configuring different ports for each SCM use PortConfigKey ozone.scm.datanode.port appended with serviceId and nodeId
2022-03-03 14:18:28,554 [Listener at 127.0.0.1/42585] INFO  ha.SCMNodeInfo (SCMNodeInfo.java:getPort(197)) - ConfigKey ozone.scm.client.address is deprecated, For configuring different ports for each SCM use PortConfigKey ozone.scm.client.port appended with serviceId and nodeId
2022-03-03 14:18:28,554 [Listener at 127.0.0.1/42585] INFO  ha.SCMNodeInfo (SCMNodeInfo.java:getPort(197)) - ConfigKey ozone.scm.block.client.address is deprecated, For configuring different ports for each SCM use PortConfigKey ozone.scm.block.client.port appended with serviceId and nodeId
2022-03-03 14:18:28,554 [Listener at 127.0.0.1/42585] INFO  ha.SCMNodeInfo (SCMNodeInfo.java:getPort(197)) - ConfigKey ozone.scm.datanode.address is deprecated, For configuring different ports for each SCM use PortConfigKey ozone.scm.datanode.port appended with serviceId and nodeId
2022-03-03 14:18:28,554 [Listener at 127.0.0.1/42585] INFO  ha.SCMNodeInfo (SCMNodeInfo.java:getPort(197)) - ConfigKey ozone.scm.client.address is deprecated, For configuring different ports for each SCM use PortConfigKey ozone.scm.client.port appended with serviceId and nodeId
2022-03-03 14:18:28,554 [Listener at 127.0.0.1/42585] INFO  ha.SCMNodeInfo (SCMNodeInfo.java:getPort(197)) - ConfigKey ozone.scm.block.client.address is deprecated, For configuring different ports for each SCM use PortConfigKey ozone.scm.block.client.port appended with serviceId and nodeId
2022-03-03 14:18:28,554 [Listener at 127.0.0.1/42585] INFO  ha.SCMNodeInfo (SCMNodeInfo.java:getPort(197)) - ConfigKey ozone.scm.datanode.address is deprecated, For configuring different ports for each SCM use PortConfigKey ozone.scm.datanode.port appended with serviceId and nodeId
2022-03-03 14:18:28,554 [Listener at 127.0.0.1/42585] INFO  ha.SCMNodeInfo (SCMNodeInfo.java:getPort(197)) - ConfigKey ozone.scm.client.address is deprecated, For configuring different ports for each SCM use PortConfigKey ozone.scm.client.port appended with serviceId and nodeId
2022-03-03 14:18:28,554 [Listener at 127.0.0.1/42585] INFO  ha.SCMNodeInfo (SCMNodeInfo.java:getPort(197)) - ConfigKey ozone.scm.block.client.address is deprecated, For configuring different ports for each SCM use PortConfigKey ozone.scm.block.client.port appended with serviceId and nodeId
2022-03-03 14:18:28,554 [Listener at 127.0.0.1/42585] INFO  ha.SCMNodeInfo (SCMNodeInfo.java:getPort(197)) - ConfigKey ozone.scm.datanode.address is deprecated, For configuring different ports for each SCM use PortConfigKey ozone.scm.datanode.port appended with serviceId and nodeId
2022-03-03 14:18:28,558 [Listener at 127.0.0.1/42585] INFO  ha.SCMNodeInfo (SCMNodeInfo.java:getPort(197)) - ConfigKey ozone.scm.client.address is deprecated, For configuring different ports for each SCM use PortConfigKey ozone.scm.client.port appended with serviceId and nodeId
2022-03-03 14:18:28,558 [Listener at 127.0.0.1/42585] INFO  ha.SCMNodeInfo (SCMNodeInfo.java:getPort(197)) - ConfigKey ozone.scm.block.client.address is deprecated, For configuring different ports for each SCM use PortConfigKey ozone.scm.block.client.port appended with serviceId and nodeId
2022-03-03 14:18:28,558 [Listener at 127.0.0.1/42585] INFO  ha.SCMNodeInfo (SCMNodeInfo.java:getPort(197)) - ConfigKey ozone.scm.datanode.address is deprecated, For configuring different ports for each SCM use PortConfigKey ozone.scm.datanode.port appended with serviceId and nodeId
2022-03-03 14:18:28,558 [Listener at 127.0.0.1/42585] INFO  ha.SCMNodeInfo (SCMNodeInfo.java:getPort(197)) - ConfigKey ozone.scm.client.address is deprecated, For configuring different ports for each SCM use PortConfigKey ozone.scm.client.port appended with serviceId and nodeId
2022-03-03 14:18:28,558 [Listener at 127.0.0.1/42585] INFO  ha.SCMNodeInfo (SCMNodeInfo.java:getPort(197)) - ConfigKey ozone.scm.block.client.address is deprecated, For configuring different ports for each SCM use PortConfigKey ozone.scm.block.client.port appended with serviceId and nodeId
2022-03-03 14:18:28,558 [Listener at 127.0.0.1/42585] INFO  ha.SCMNodeInfo (SCMNodeInfo.java:getPort(197)) - ConfigKey ozone.scm.datanode.address is deprecated, For configuring different ports for each SCM use PortConfigKey ozone.scm.datanode.port appended with serviceId and nodeId
2022-03-03 14:18:28,558 [Listener at 127.0.0.1/42585] INFO  ha.SCMNodeInfo (SCMNodeInfo.java:getPort(197)) - ConfigKey ozone.scm.client.address is deprecated, For configuring different ports for each SCM use PortConfigKey ozone.scm.client.port appended with serviceId and nodeId
2022-03-03 14:18:28,558 [Listener at 127.0.0.1/42585] INFO  ha.SCMNodeInfo (SCMNodeInfo.java:getPort(197)) - ConfigKey ozone.scm.block.client.address is deprecated, For configuring different ports for each SCM use PortConfigKey ozone.scm.block.client.port appended with serviceId and nodeId
2022-03-03 14:18:28,558 [Listener at 127.0.0.1/42585] INFO  ha.SCMNodeInfo (SCMNodeInfo.java:getPort(197)) - ConfigKey ozone.scm.datanode.address is deprecated, For configuring different ports for each SCM use PortConfigKey ozone.scm.datanode.port appended with serviceId and nodeId
2022-03-03 14:18:28,564 [Listener at 127.0.0.1/42585] WARN  server.ServerUtils (ServerUtils.java:getDBPath(225)) - ozone.om.db.dirs is not configured. We recommend adding this setting. Falling back to ozone.metadata.dirs instead.
2022-03-03 14:18:28,565 [Listener at 127.0.0.1/42585] INFO  codec.OmKeyInfoCodec (OmKeyInfoCodec.java:<init>(50)) - OmKeyInfoCodec ignorePipeline = true
2022-03-03 14:18:28,565 [Listener at 127.0.0.1/42585] INFO  codec.RepeatedOmKeyInfoCodec (RepeatedOmKeyInfoCodec.java:<init>(42)) - RepeatedOmKeyInfoCodec ignorePipeline = true
2022-03-03 14:18:28,667 [Listener at 127.0.0.1/42585] INFO  om.OzoneManager (OzoneManager.java:addS3GVolumeToDB(3733)) - Created Volume s3v With Owner runner required for S3Gateway operations.
2022-03-03 14:18:28,667 [Listener at 127.0.0.1/42585] WARN  server.ServerUtils (ServerUtils.java:getDefaultRatisDirectory(237)) - Storage directory for Ratis is not configured. It is a good idea to map this to an SSD disk. Falling back to ozone.metadata.dirs
2022-03-03 14:18:28,667 [Listener at 127.0.0.1/42585] WARN  utils.OzoneManagerRatisUtils (OzoneManagerRatisUtils.java:getOMRatisSnapshotDirectory(330)) - ozone.om.ratis.snapshot.dir is not configured. Falling back to ozone.metadata.dirs config
2022-03-03 14:18:28,667 [Listener at 127.0.0.1/42585] INFO  snapshot.OzoneManagerSnapshotProvider (OzoneManagerSnapshotProvider.java:<init>(76)) - Initializing OM Snapshot Provider
2022-03-03 14:18:28,669 [Listener at 127.0.0.1/42585] WARN  impl.MetricRegistriesImpl (MetricRegistriesImpl.java:addReporterRegistration(111)) - New reporters are added after registries were created. Some metrics will be missing from the reporter. Please add reporter before adding any new registry.
2022-03-03 14:18:28,669 [Listener at 127.0.0.1/42585] WARN  impl.MetricRegistriesImpl (MetricRegistriesImpl.java:addReporterRegistration(111)) - New reporters are added after registries were created. Some metrics will be missing from the reporter. Please add reporter before adding any new registry.
2022-03-03 14:18:28,669 [Listener at 127.0.0.1/42585] WARN  server.ServerUtils (ServerUtils.java:getDefaultRatisDirectory(237)) - Storage directory for Ratis is not configured. It is a good idea to map this to an SSD disk. Falling back to ozone.metadata.dirs
2022-03-03 14:18:28,670 [Listener at 127.0.0.1/42585] INFO  ratis.OzoneManagerRatisServer (OzoneManagerRatisServer.java:<init>(159)) - Instantiating OM Ratis server with groupID: omServiceId1 and peers: localhost:46363, localhost:35037, localhost:39721
2022-03-03 14:18:28,670 [Listener at 127.0.0.1/42585] INFO  ratis.OzoneManagerStateMachine (OzoneManagerStateMachine.java:loadSnapshotInfoFromDB(605)) - LastAppliedIndex is set from TransactionInfo from OM DB as (t:0, i:~)
2022-03-03 14:18:28,671 [Listener at 127.0.0.1/42585] INFO  server.RaftServer (ConfUtils.java:logGet(44)) - raft.rpc.type = GRPC (default)
2022-03-03 14:18:28,671 [Listener at 127.0.0.1/42585] INFO  grpc.GrpcFactory (GrpcFactory.java:checkPooledByteBufAllocatorUseCacheForAllThreads(48)) - PERFORMANCE WARNING: useCacheForAllThreads is true that may cause Netty to create a lot garbage objects and, as a result, trigger GC.
	It is recommended to disable useCacheForAllThreads by setting -Dorg.apache.ratis.thirdparty.io.netty.allocator.useCacheForAllThreads=false in command line.
2022-03-03 14:18:28,671 [Listener at 127.0.0.1/42585] INFO  grpc.GrpcConfigKeys (ConfUtils.java:logGet(44)) - raft.grpc.admin.port = -1 (default)
2022-03-03 14:18:28,671 [Listener at 127.0.0.1/42585] INFO  grpc.GrpcConfigKeys (ConfUtils.java:logGet(44)) - raft.grpc.server.port = 46363 (custom)
2022-03-03 14:18:28,671 [Listener at 127.0.0.1/42585] INFO  grpc.GrpcConfigKeys (ConfUtils.java:logGet(44)) - raft.grpc.client.port = -1 (default)
2022-03-03 14:18:28,671 [Listener at 127.0.0.1/42585] INFO  grpc.GrpcConfigKeys (ConfUtils.java:logGet(44)) - raft.grpc.server.port = 46363 (custom)
2022-03-03 14:18:28,671 [Listener at 127.0.0.1/42585] INFO  grpc.GrpcConfigKeys (ConfUtils.java:logGet(44)) - raft.grpc.server.port = 46363 (custom)
2022-03-03 14:18:28,671 [Listener at 127.0.0.1/42585] INFO  server.GrpcService (ConfUtils.java:logGet(44)) - raft.grpc.message.size.max = 33554432 (custom)
2022-03-03 14:18:28,672 [Listener at 127.0.0.1/42585] INFO  server.RaftServerConfigKeys (ConfUtils.java:logGet(44)) - raft.server.log.appender.buffer.byte-limit = 33554432 (custom)
2022-03-03 14:18:28,672 [Listener at 127.0.0.1/42585] INFO  server.GrpcService (ConfUtils.java:logGet(44)) - raft.grpc.flow.control.window = 1MB (=1048576) (default)
2022-03-03 14:18:28,672 [Listener at 127.0.0.1/42585] INFO  server.RaftServerConfigKeys (ConfUtils.java:logGet(44)) - raft.server.rpc.request.timeout = 3000ms (default)
2022-03-03 14:18:28,673 [Listener at 127.0.0.1/42585] INFO  impl.DataStreamServerImpl (ConfUtils.java:logGet(44)) - raft.datastream.type = DISABLED (default)
2022-03-03 14:18:28,673 [Listener at 127.0.0.1/42585] INFO  server.RaftServerConfigKeys (ConfUtils.java:logGet(44)) - raft.server.rpc.slowness.timeout = 2s (custom)
2022-03-03 14:18:28,673 [Listener at 127.0.0.1/42585] INFO  server.RaftServerConfigKeys (ConfUtils.java:logGet(44)) - raft.server.leaderelection.leader.step-down.wait-time = 10s (default)
2022-03-03 14:18:28,673 [Listener at 127.0.0.1/42585] INFO  server.RaftServerConfigKeys (ConfUtils.java:logGet(44)) - raft.server.storage.dir = [/home/runner/work/ozone/ozone/hadoop-ozone/integration-test/target/test-dir/MiniOzoneClusterImpl-0274ca87-c068-4a4d-855f-b1ef4eb933b0/omNode-2/ratis] (custom)
2022-03-03 14:18:28,673 [Listener at 127.0.0.1/42585] INFO  server.RaftServer (RaftServerProxy.java:addNew(95)) - omNode-2: addNew group-6C22E66A003A:[omNode-3|rpc:localhost:35037|priority:0, omNode-1|rpc:localhost:39721|priority:0, omNode-2|rpc:localhost:46363|priority:0] returns group-6C22E66A003A:java.util.concurrent.CompletableFuture@1f14daca[Not completed]
2022-03-03 14:18:28,673 [Listener at 127.0.0.1/42585] INFO  om.OzoneManager (OzoneManager.java:initializeRatisServer(1834)) - OzoneManager Ratis server initialized at port 46363
2022-03-03 14:18:28,675 [Listener at 127.0.0.1/42585] INFO  ipc.CallQueueManager (CallQueueManager.java:<init>(90)) - Using callQueue: class java.util.concurrent.LinkedBlockingQueue, queueCapacity: 2000, scheduler: class org.apache.hadoop.ipc.DefaultRpcScheduler, ipcBackoff: false.
2022-03-03 14:18:28,675 [pool-165-thread-1] INFO  server.RaftServer$Division (RaftServerImpl.java:<init>(184)) - omNode-2: new RaftServerImpl for group-6C22E66A003A:[omNode-3|rpc:localhost:35037|priority:0, omNode-1|rpc:localhost:39721|priority:0, omNode-2|rpc:localhost:46363|priority:0] with OzoneManagerStateMachine:uninitialized
2022-03-03 14:18:28,677 [pool-165-thread-1] INFO  server.RaftServerConfigKeys (ConfUtils.java:logGet(44)) - raft.server.rpc.timeout.min = 1s (custom)
2022-03-03 14:18:28,677 [pool-165-thread-1] INFO  server.RaftServerConfigKeys (ConfUtils.java:logGet(44)) - raft.server.rpc.timeout.max = 1200ms (custom)
2022-03-03 14:18:28,677 [pool-165-thread-1] INFO  server.RaftServerConfigKeys (ConfUtils.java:logGet(44)) - raft.server.rpc.sleep.time = 25ms (default)
2022-03-03 14:18:28,677 [pool-165-thread-1] INFO  server.RaftServerConfigKeys (ConfUtils.java:logGet(44)) - raft.server.rpc.slowness.timeout = 2s (custom)
2022-03-03 14:18:28,677 [pool-165-thread-1] INFO  server.RaftServerConfigKeys (ConfUtils.java:logGet(44)) - raft.server.leaderelection.leader.step-down.wait-time = 10s (default)
2022-03-03 14:18:28,677 [pool-165-thread-1] INFO  server.RaftServerConfigKeys (ConfUtils.java:logGet(44)) - raft.server.sleep.deviation.threshold = 300ms (default)
2022-03-03 14:18:28,677 [pool-165-thread-1] INFO  server.RaftServerConfigKeys (ConfUtils.java:logGet(44)) - raft.server.log.appender.install.snapshot.enabled = false (custom)
2022-03-03 14:18:28,677 [pool-165-thread-1] INFO  server.RaftServer$Division (ServerState.java:<init>(105)) - omNode-2@group-6C22E66A003A: ConfigurationManager, init=-1: [omNode-3|rpc:localhost:35037|priority:0, omNode-1|rpc:localhost:39721|priority:0, omNode-2|rpc:localhost:46363|priority:0], old=null, confs=<EMPTY_MAP>
2022-03-03 14:18:28,677 [pool-165-thread-1] INFO  server.RaftServerConfigKeys (ConfUtils.java:logGet(44)) - raft.server.storage.dir = [/home/runner/work/ozone/ozone/hadoop-ozone/integration-test/target/test-dir/MiniOzoneClusterImpl-0274ca87-c068-4a4d-855f-b1ef4eb933b0/omNode-2/ratis] (custom)
2022-03-03 14:18:28,677 [pool-165-thread-1] INFO  server.RaftServerConfigKeys (ConfUtils.java:logGet(44)) - raft.server.log.corruption.policy = EXCEPTION (default)
2022-03-03 14:18:28,677 [pool-165-thread-1] INFO  server.RaftServerConfigKeys (ConfUtils.java:logGet(44)) - raft.server.storage.free-space.min = 0MB (=0) (default)
2022-03-03 14:18:28,677 [pool-165-thread-1] INFO  storage.RaftStorageDirectory (RaftStorageDirectoryImpl.java:analyzeStorage(135)) - The storage directory /home/runner/work/ozone/ozone/hadoop-ozone/integration-test/target/test-dir/MiniOzoneClusterImpl-0274ca87-c068-4a4d-855f-b1ef4eb933b0/omNode-2/ratis/9c9825ce-8ba7-3ee6-a7c3-6c22e66a003a does not exist. Creating ...
2022-03-03 14:18:28,683 [Socket Reader #1 for port 42271] INFO  ipc.Server (Server.java:run(1265)) - Starting Socket Reader #1 for port 42271
2022-03-03 14:18:28,686 [pool-165-thread-1] INFO  storage.RaftStorageDirectory (RaftStorageDirectoryImpl.java:tryLock(230)) - Lock on /home/runner/work/ozone/ozone/hadoop-ozone/integration-test/target/test-dir/MiniOzoneClusterImpl-0274ca87-c068-4a4d-855f-b1ef4eb933b0/omNode-2/ratis/9c9825ce-8ba7-3ee6-a7c3-6c22e66a003a/in_use.lock acquired by nodename 586@fv-az50-851
2022-03-03 14:18:28,695 [pool-165-thread-1] INFO  storage.RaftStorage (RaftStorageImpl.java:format(89)) - Storage directory /home/runner/work/ozone/ozone/hadoop-ozone/integration-test/target/test-dir/MiniOzoneClusterImpl-0274ca87-c068-4a4d-855f-b1ef4eb933b0/omNode-2/ratis/9c9825ce-8ba7-3ee6-a7c3-6c22e66a003a has been successfully formatted.
2022-03-03 14:18:28,695 [pool-165-thread-1] INFO  server.RaftServerConfigKeys (ConfUtils.java:logGet(44)) - raft.server.notification.no-leader.timeout = 2s (custom)
2022-03-03 14:18:28,695 [pool-165-thread-1] INFO  server.RaftServerConfigKeys (ConfUtils.java:logGet(44)) - raft.server.log.use.memory = false (default)
2022-03-03 14:18:28,695 [pool-165-thread-1] INFO  server.RaftServerConfigKeys (ConfUtils.java:logGet(44)) - raft.server.log.purge.gap = 1000000 (custom)
2022-03-03 14:18:28,696 [pool-165-thread-1] INFO  server.RaftServerConfigKeys (ConfUtils.java:logGet(44)) - raft.server.log.appender.buffer.byte-limit = 33554432 (custom)
2022-03-03 14:18:28,696 [pool-165-thread-1] INFO  server.RaftServerConfigKeys (ConfUtils.java:logGet(44)) - raft.server.log.segment.size.max = 4194304 (custom)
2022-03-03 14:18:28,696 [pool-165-thread-1] INFO  server.RaftServerConfigKeys (ConfUtils.java:logGet(44)) - raft.server.log.segment.cache.num.max = 2 (custom)
2022-03-03 14:18:28,696 [pool-165-thread-1] INFO  server.RaftServerConfigKeys (ConfUtils.java:logGet(44)) - raft.server.log.segment.cache.size.max = 200MB (=209715200) (default)
2022-03-03 14:18:28,696 [pool-165-thread-1] INFO  segmented.SegmentedRaftLogWorker (SegmentedRaftLogWorker.java:<init>(182)) - new omNode-2@group-6C22E66A003A-SegmentedRaftLogWorker for RaftStorageImpl:Storage Directory /home/runner/work/ozone/ozone/hadoop-ozone/integration-test/target/test-dir/MiniOzoneClusterImpl-0274ca87-c068-4a4d-855f-b1ef4eb933b0/omNode-2/ratis/9c9825ce-8ba7-3ee6-a7c3-6c22e66a003a
2022-03-03 14:18:28,696 [pool-165-thread-1] INFO  server.RaftServerConfigKeys (ConfUtils.java:logGet(44)) - raft.server.log.queue.byte-limit = 64MB (=67108864) (default)
2022-03-03 14:18:28,696 [pool-165-thread-1] INFO  server.RaftServerConfigKeys (ConfUtils.java:logGet(44)) - raft.server.log.queue.element-limit = 4096 (default)
2022-03-03 14:18:28,696 [pool-165-thread-1] INFO  server.RaftServerConfigKeys (ConfUtils.java:logGet(44)) - raft.server.log.segment.size.max = 4194304 (custom)
2022-03-03 14:18:28,697 [pool-165-thread-1] INFO  server.RaftServerConfigKeys (ConfUtils.java:logGet(44)) - raft.server.log.preallocated.size = 4194304 (custom)
2022-03-03 14:18:28,697 [pool-165-thread-1] INFO  server.RaftServerConfigKeys (ConfUtils.java:logGet(44)) - raft.server.log.force.sync.num = 128 (default)
2022-03-03 14:18:28,697 [pool-165-thread-1] INFO  server.RaftServerConfigKeys (ConfUtils.java:logGet(44)) - raft.server.log.statemachine.data.sync = true (default)
2022-03-03 14:18:28,697 [pool-165-thread-1] INFO  server.RaftServerConfigKeys (ConfUtils.java:logGet(44)) - raft.server.log.statemachine.data.sync.timeout = 10s (default)
2022-03-03 14:18:28,697 [pool-165-thread-1] INFO  server.RaftServerConfigKeys (ConfUtils.java:logGet(44)) - raft.server.log.statemachine.data.sync.timeout.retry = -1 (default)
2022-03-03 14:18:28,698 [pool-165-thread-1] INFO  server.RaftServerConfigKeys (ConfUtils.java:logGet(44)) - raft.server.log.write.buffer.size = 64KB (=65536) (default)
2022-03-03 14:18:28,698 [pool-165-thread-1] INFO  server.RaftServerConfigKeys (ConfUtils.java:logGet(44)) - raft.server.log.statemachine.data.caching.enabled = false (default)
2022-03-03 14:18:28,698 [pool-165-thread-1] INFO  segmented.SegmentedRaftLogWorker (SegmentedRaftLogWorker.java:lambda$new$0(133)) - omNode-2@group-6C22E66A003A-SegmentedRaftLogWorker: flushIndex: setUnconditionally 0 -> -1
2022-03-03 14:18:28,698 [pool-165-thread-1] INFO  segmented.SegmentedRaftLogWorker (SegmentedRaftLogWorker.java:lambda$new$0(133)) - omNode-2@group-6C22E66A003A-SegmentedRaftLogWorker: safeCacheEvictIndex: setUnconditionally 0 -> -1
2022-03-03 14:18:28,704 [Listener at 127.0.0.1/42271] INFO  impl.MetricsSystemImpl (MetricsSystemImpl.java:init(158)) - OzoneManager metrics system started (again)
2022-03-03 14:18:28,704 [pool-165-thread-1] INFO  server.RaftServerConfigKeys (ConfUtils.java:logGet(44)) - raft.server.snapshot.auto.trigger.enabled = true (custom)
2022-03-03 14:18:28,704 [pool-165-thread-1] INFO  server.RaftServerConfigKeys (ConfUtils.java:logGet(44)) - raft.server.snapshot.auto.trigger.threshold = 400000 (default)
2022-03-03 14:18:28,704 [pool-165-thread-1] INFO  server.RaftServerConfigKeys (ConfUtils.java:logGet(44)) - raft.server.snapshot.retention.file.num = -1 (default)
2022-03-03 14:18:28,704 [pool-165-thread-1] INFO  server.RaftServerConfigKeys (ConfUtils.java:logGet(44)) - raft.server.log.purge.upto.snapshot.index = true (custom)
2022-03-03 14:18:28,704 [pool-165-thread-1] INFO  server.RaftServerConfigKeys (ConfUtils.java:logGet(44)) - raft.server.retrycache.expirytime = 300s (custom)
2022-03-03 14:18:28,704 [pool-165-thread-1] INFO  server.RaftServerConfigKeys (ConfUtils.java:logGet(44)) - raft.server.retrycache.statistics.expirytime = 100μs (default)
2022-03-03 14:18:28,715 [Listener at 127.0.0.1/42271] INFO  om.OzoneManager (OzoneManager.java:start(1365)) - OzoneManager RPC server is listening at localhost/127.0.0.1:42271
2022-03-03 14:18:28,715 [Listener at 127.0.0.1/42271] INFO  ratis.OzoneManagerRatisServer (OzoneManagerRatisServer.java:start(554)) - Starting OzoneManagerRatisServer omNode-2 at port 46363
2022-03-03 14:18:28,716 [Listener at 127.0.0.1/42271] INFO  server.RaftServer$Division (RaftServerImpl.java:start(301)) - omNode-2@group-6C22E66A003A: start as a follower, conf=-1: [omNode-3|rpc:localhost:35037|priority:0, omNode-1|rpc:localhost:39721|priority:0, omNode-2|rpc:localhost:46363|priority:0], old=null
2022-03-03 14:18:28,716 [Listener at 127.0.0.1/42271] INFO  server.RaftServer$Division (RaftServerImpl.java:setRole(290)) - omNode-2@group-6C22E66A003A: changes role from      null to FOLLOWER at term 0 for startAsFollower
2022-03-03 14:18:28,716 [Listener at 127.0.0.1/42271] INFO  impl.RoleInfo (RoleInfo.java:updateAndGet(130)) - omNode-2: start omNode-2@group-6C22E66A003A-FollowerState
2022-03-03 14:18:28,716 [Listener at 127.0.0.1/42271] INFO  util.JmxRegister (JmxRegister.java:tryRegister(44)) - Successfully registered JMX Bean with object name Ratis:service=RaftServer,group=group-6C22E66A003A,id=omNode-2
2022-03-03 14:18:28,724 [Listener at 127.0.0.1/42271] INFO  server.RaftServer (RaftServerProxy.java:lambda$start$5(374)) - omNode-2: start RPC server
2022-03-03 14:18:28,725 [Listener at 127.0.0.1/42271] INFO  server.GrpcService (GrpcService.java:startImpl(253)) - omNode-2: GrpcService started, listening on 46363
2022-03-03 14:18:28,725 [Listener at 127.0.0.1/42271] INFO  om.OzoneManager (OzoneManager.java:start(1381)) - Version File has different layout version (0) than OM DB (null). That is expected if this OM has never been finalized to a newer layout version.
2022-03-03 14:18:28,725 [org.apache.ratis.util.JvmPauseMonitor$$Lambda$435/453351332@94d282e] INFO  util.JvmPauseMonitor (JvmPauseMonitor.java:run(103)) - JvmPauseMonitor-omNode-2: Started
2022-03-03 14:18:28,741 [Listener at 127.0.0.1/42271] INFO  http.BaseHttpServer (BaseHttpServer.java:newHttpServer2BuilderForOzone(209)) - Starting Web-server for ozoneManager at: http://0.0.0.0:38655
2022-03-03 14:18:28,741 [Listener at 127.0.0.1/42271] INFO  http.BaseHttpServer (BaseHttpServer.java:<init>(107)) - Hadoop Security Enabled: false Ozone Security Enabled: false Ozone HTTP Security Enabled: false 
2022-03-03 14:18:28,743 [Listener at 127.0.0.1/42271] INFO  server.AuthenticationFilter (AuthenticationFilter.java:constructSecretProvider(240)) - Unable to initialize FileSignerSecretProvider, falling back to use random secrets.
2022-03-03 14:18:28,743 [Listener at 127.0.0.1/42271] WARN  http.HttpRequestLog (HttpRequestLog.java:getRequestLog(103)) - Jetty request log can only be enabled using Log4j
2022-03-03 14:18:28,744 [Listener at 127.0.0.1/42271] INFO  http.HttpServer2 (HttpServer2.java:addGlobalFilter(1030)) - Added global filter 'safety' (class=org.apache.hadoop.hdds.server.http.HttpServer2$QuotingInputFilter)
2022-03-03 14:18:28,745 [Listener at 127.0.0.1/42271] INFO  http.HttpServer2 (HttpServer2.java:addFilter(1006)) - Added filter static_user_filter (class=org.apache.hadoop.http.lib.StaticUserWebFilter$StaticUserFilter) to context ozoneManager
2022-03-03 14:18:28,745 [Listener at 127.0.0.1/42271] INFO  http.HttpServer2 (HttpServer2.java:addFilter(1014)) - Added filter static_user_filter (class=org.apache.hadoop.http.lib.StaticUserWebFilter$StaticUserFilter) to context static
2022-03-03 14:18:28,745 [Listener at 127.0.0.1/42271] INFO  http.HttpServer2 (HttpServer2.java:addFilter(1014)) - Added filter static_user_filter (class=org.apache.hadoop.http.lib.StaticUserWebFilter$StaticUserFilter) to context logs
2022-03-03 14:18:28,746 [Listener at 127.0.0.1/42271] INFO  http.HttpServer2 (HttpServer2.java:bindListener(1249)) - Jetty bound to port 38655
2022-03-03 14:18:28,746 [Listener at 127.0.0.1/42271] INFO  server.Server (Server.java:doStart(375)) - jetty-9.4.43.v20210629; built: 2021-06-30T11:07:22.254Z; git: 526006ecfa3af7f1a27ef3a288e2bef7ea9dd7e8; jvm 1.8.0_322-b06
2022-03-03 14:18:28,747 [Listener at 127.0.0.1/42271] INFO  server.session (DefaultSessionIdManager.java:doStart(334)) - DefaultSessionIdManager workerName=node0
2022-03-03 14:18:28,747 [Listener at 127.0.0.1/42271] INFO  server.session (DefaultSessionIdManager.java:doStart(339)) - No SessionScavenger set, using defaults
2022-03-03 14:18:28,747 [Listener at 127.0.0.1/42271] INFO  server.session (HouseKeeper.java:startScavenging(132)) - node0 Scavenging every 600000ms
2022-03-03 14:18:28,748 [Listener at 127.0.0.1/42271] INFO  handler.ContextHandler (ContextHandler.java:doStart(915)) - Started o.e.j.s.ServletContextHandler@18931ead{logs,/logs,file:///home/runner/work/ozone/ozone/hadoop-ozone/integration-test/target/log,AVAILABLE}
2022-03-03 14:18:28,748 [Listener at 127.0.0.1/42271] INFO  handler.ContextHandler (ContextHandler.java:doStart(915)) - Started o.e.j.s.ServletContextHandler@82d7896{static,/static,file:///home/runner/work/ozone/ozone/hadoop-ozone/integration-test/target/test-classes/webapps/static,AVAILABLE}
2022-03-03 14:18:28,751 [Listener at 127.0.0.1/42271] INFO  handler.ContextHandler (ContextHandler.java:doStart(915)) - Started o.e.j.w.WebAppContext@236b2d09{ozoneManager,/,file:///home/runner/work/ozone/ozone/hadoop-ozone/integration-test/target/test-classes/webapps/ozoneManager/,AVAILABLE}{file:/home/runner/work/ozone/ozone/hadoop-ozone/integration-test/target/test-classes/webapps/ozoneManager}
2022-03-03 14:18:28,753 [Listener at 127.0.0.1/42271] INFO  server.AbstractConnector (AbstractConnector.java:doStart(331)) - Started ServerConnector@27a96401{HTTP/1.1, (http/1.1)}{0.0.0.0:38655}
2022-03-03 14:18:28,753 [Listener at 127.0.0.1/42271] INFO  server.Server (Server.java:doStart(415)) - Started @26766ms
2022-03-03 14:18:28,753 [Listener at 127.0.0.1/42271] WARN  impl.MetricsSystemImpl (MetricsSystemImpl.java:register(279)) - Sink prometheus already exists!
2022-03-03 14:18:28,754 [Listener at 127.0.0.1/42271] INFO  http.BaseHttpServer (BaseHttpServer.java:updateConnectorAddress(329)) - HTTP server of ozoneManager listening at http://0.0.0.0:38655
2022-03-03 14:18:28,754 [IPC Server Responder] INFO  ipc.Server (Server.java:run(1507)) - IPC Server Responder: starting
2022-03-03 14:18:28,755 [IPC Server listener on 42271] INFO  ipc.Server (Server.java:run(1344)) - IPC Server listener on 42271: starting
2022-03-03 14:18:28,760 [Listener at 127.0.0.1/42271] INFO  om.OzoneManager (OzoneManager.java:startTrashEmptier(1792)) - Trash Interval set to 0. Files deleted will not move to trash
2022-03-03 14:18:28,760 [Listener at 127.0.0.1/42271] INFO  ozone.MiniOzoneHAClusterImpl (MiniOzoneHAClusterImpl.java:createOMService(522)) - Started OzoneManager omNode-2 RPC server at localhost/127.0.0.1:42271
2022-03-03 14:18:28,761 [Listener at 127.0.0.1/42271] INFO  ha.OMHANodeDetails (OMHANodeDetails.java:loadOMHAConfig(118)) - ServiceID for OzoneManager is omServiceId1
2022-03-03 14:18:28,761 [Listener at 127.0.0.1/42271] INFO  ha.OMHANodeDetails (OMHANodeDetails.java:loadOMHAConfig(193)) - Found matching OM address with OMServiceId: omServiceId1, OMNodeId: omNode-3, RPC Address: localhost:34469 and Ratis port: 35037
2022-03-03 14:18:28,761 [Listener at 127.0.0.1/42271] INFO  ha.OMHANodeDetails (ConfUtils.java:setNodeSpecificConfigs(108)) - Setting configuration key ozone.om.http-address with value of key ozone.om.http-address.omServiceId1.omNode-3: 127.0.0.1:36309
2022-03-03 14:18:28,761 [Listener at 127.0.0.1/42271] INFO  ha.OMHANodeDetails (ConfUtils.java:setNodeSpecificConfigs(108)) - Setting configuration key ozone.om.https-address with value of key ozone.om.https-address.omServiceId1.omNode-3: 127.0.0.1:37287
2022-03-03 14:18:28,761 [Listener at 127.0.0.1/42271] INFO  ha.OMHANodeDetails (ConfUtils.java:setNodeSpecificConfigs(108)) - Setting configuration key ozone.om.address with value of key ozone.om.address.omServiceId1.omNode-3: 127.0.0.1:34469
2022-03-03 14:18:28,761 [Listener at 127.0.0.1/42271] WARN  server.ServerUtils (ServerUtils.java:getDBPath(225)) - ozone.om.db.dirs is not configured. We recommend adding this setting. Falling back to ozone.metadata.dirs instead.
2022-03-03 14:18:28,762 [Listener at 127.0.0.1/42271] INFO  ha.SCMNodeInfo (SCMNodeInfo.java:getPort(197)) - ConfigKey ozone.scm.client.address is deprecated, For configuring different ports for each SCM use PortConfigKey ozone.scm.client.port appended with serviceId and nodeId
2022-03-03 14:18:28,762 [Listener at 127.0.0.1/42271] INFO  ha.SCMNodeInfo (SCMNodeInfo.java:getPort(197)) - ConfigKey ozone.scm.block.client.address is deprecated, For configuring different ports for each SCM use PortConfigKey ozone.scm.block.client.port appended with serviceId and nodeId
2022-03-03 14:18:28,762 [Listener at 127.0.0.1/42271] INFO  ha.SCMNodeInfo (SCMNodeInfo.java:getPort(197)) - ConfigKey ozone.scm.datanode.address is deprecated, For configuring different ports for each SCM use PortConfigKey ozone.scm.datanode.port appended with serviceId and nodeId
2022-03-03 14:18:28,762 [Listener at 127.0.0.1/42271] INFO  ha.SCMNodeInfo (SCMNodeInfo.java:getPort(197)) - ConfigKey ozone.scm.client.address is deprecated, For configuring different ports for each SCM use PortConfigKey ozone.scm.client.port appended with serviceId and nodeId
2022-03-03 14:18:28,762 [Listener at 127.0.0.1/42271] INFO  ha.SCMNodeInfo (SCMNodeInfo.java:getPort(197)) - ConfigKey ozone.scm.block.client.address is deprecated, For configuring different ports for each SCM use PortConfigKey ozone.scm.block.client.port appended with serviceId and nodeId
2022-03-03 14:18:28,763 [Listener at 127.0.0.1/42271] INFO  ha.SCMNodeInfo (SCMNodeInfo.java:getPort(197)) - ConfigKey ozone.scm.datanode.address is deprecated, For configuring different ports for each SCM use PortConfigKey ozone.scm.datanode.port appended with serviceId and nodeId
2022-03-03 14:18:28,763 [Listener at 127.0.0.1/42271] INFO  ha.SCMNodeInfo (SCMNodeInfo.java:getPort(197)) - ConfigKey ozone.scm.client.address is deprecated, For configuring different ports for each SCM use PortConfigKey ozone.scm.client.port appended with serviceId and nodeId
2022-03-03 14:18:28,764 [Listener at 127.0.0.1/42271] INFO  ha.SCMNodeInfo (SCMNodeInfo.java:getPort(197)) - ConfigKey ozone.scm.block.client.address is deprecated, For configuring different ports for each SCM use PortConfigKey ozone.scm.block.client.port appended with serviceId and nodeId
2022-03-03 14:18:28,764 [Listener at 127.0.0.1/42271] INFO  ha.SCMNodeInfo (SCMNodeInfo.java:getPort(197)) - ConfigKey ozone.scm.datanode.address is deprecated, For configuring different ports for each SCM use PortConfigKey ozone.scm.datanode.port appended with serviceId and nodeId
2022-03-03 14:18:28,769 [org.apache.hadoop.util.JvmPauseMonitor$Monitor@1267f1b7] INFO  util.JvmPauseMonitor (JvmPauseMonitor.java:run(188)) - Starting JVM pause monitor
OM initialization succeeded.Current cluster id for sd=/home/runner/work/ozone/ozone/hadoop-ozone/integration-test/target/test-dir/MiniOzoneClusterImpl-0274ca87-c068-4a4d-855f-b1ef4eb933b0/omNode-3/om;cid=0274ca87-c068-4a4d-855f-b1ef4eb933b0;layoutVersion=0
2022-03-03 14:18:28,784 [Listener at 127.0.0.1/42271] INFO  ha.OMHANodeDetails (OMHANodeDetails.java:loadOMHAConfig(118)) - ServiceID for OzoneManager is omServiceId1
2022-03-03 14:18:28,784 [Listener at 127.0.0.1/42271] INFO  ha.OMHANodeDetails (OMHANodeDetails.java:loadOMHAConfig(193)) - Found matching OM address with OMServiceId: omServiceId1, OMNodeId: omNode-3, RPC Address: localhost:34469 and Ratis port: 35037
2022-03-03 14:18:28,784 [Listener at 127.0.0.1/42271] INFO  ha.OMHANodeDetails (ConfUtils.java:setNodeSpecificConfigs(108)) - Setting configuration key ozone.om.http-address with value of key ozone.om.http-address.omServiceId1.omNode-3: 127.0.0.1:36309
2022-03-03 14:18:28,784 [Listener at 127.0.0.1/42271] INFO  ha.OMHANodeDetails (ConfUtils.java:setNodeSpecificConfigs(108)) - Setting configuration key ozone.om.https-address with value of key ozone.om.https-address.omServiceId1.omNode-3: 127.0.0.1:37287
2022-03-03 14:18:28,784 [Listener at 127.0.0.1/42271] INFO  ha.OMHANodeDetails (ConfUtils.java:setNodeSpecificConfigs(108)) - Setting configuration key ozone.om.address with value of key ozone.om.address.omServiceId1.omNode-3: 127.0.0.1:34469
2022-03-03 14:18:28,784 [Listener at 127.0.0.1/42271] WARN  server.ServerUtils (ServerUtils.java:getDBPath(225)) - ozone.om.db.dirs is not configured. We recommend adding this setting. Falling back to ozone.metadata.dirs instead.
2022-03-03 14:18:28,785 [Listener at 127.0.0.1/42271] INFO  upgrade.AbstractLayoutVersionManager (AbstractLayoutVersionManager.java:init(79)) - Initializing Layout version manager with metadata layout = INITIAL_VERSION (version = 0), software layout = INITIAL_VERSION (version = 0)
2022-03-03 14:18:28,829 [Listener at 127.0.0.1/42271] INFO  reflections.Reflections (Reflections.java:scan(232)) - Reflections took 44 ms to scan 2 urls, producing 134 keys and 349 values [using 2 cores]
2022-03-03 14:18:28,829 [Listener at 127.0.0.1/42271] INFO  upgrade.OMLayoutVersionManager (OMLayoutVersionManager.java:lambda$0(115)) - Skipping Upgrade Action MockOmUpgradeAction since it has been finalized.
2022-03-03 14:18:28,830 [Listener at 127.0.0.1/42271] WARN  server.ServerUtils (ServerUtils.java:getDBPath(225)) - ozone.om.db.dirs is not configured. We recommend adding this setting. Falling back to ozone.metadata.dirs instead.
2022-03-03 14:18:28,830 [Listener at 127.0.0.1/42271] INFO  ha.SCMNodeInfo (SCMNodeInfo.java:getPort(197)) - ConfigKey ozone.scm.client.address is deprecated, For configuring different ports for each SCM use PortConfigKey ozone.scm.client.port appended with serviceId and nodeId
2022-03-03 14:18:28,830 [Listener at 127.0.0.1/42271] INFO  ha.SCMNodeInfo (SCMNodeInfo.java:getPort(197)) - ConfigKey ozone.scm.block.client.address is deprecated, For configuring different ports for each SCM use PortConfigKey ozone.scm.block.client.port appended with serviceId and nodeId
2022-03-03 14:18:28,830 [Listener at 127.0.0.1/42271] INFO  ha.SCMNodeInfo (SCMNodeInfo.java:getPort(197)) - ConfigKey ozone.scm.datanode.address is deprecated, For configuring different ports for each SCM use PortConfigKey ozone.scm.datanode.port appended with serviceId and nodeId
2022-03-03 14:18:28,830 [Listener at 127.0.0.1/42271] INFO  ha.SCMNodeInfo (SCMNodeInfo.java:getPort(197)) - ConfigKey ozone.scm.client.address is deprecated, For configuring different ports for each SCM use PortConfigKey ozone.scm.client.port appended with serviceId and nodeId
2022-03-03 14:18:28,830 [Listener at 127.0.0.1/42271] INFO  ha.SCMNodeInfo (SCMNodeInfo.java:getPort(197)) - ConfigKey ozone.scm.block.client.address is deprecated, For configuring different ports for each SCM use PortConfigKey ozone.scm.block.client.port appended with serviceId and nodeId
2022-03-03 14:18:28,830 [Listener at 127.0.0.1/42271] INFO  ha.SCMNodeInfo (SCMNodeInfo.java:getPort(197)) - ConfigKey ozone.scm.datanode.address is deprecated, For configuring different ports for each SCM use PortConfigKey ozone.scm.datanode.port appended with serviceId and nodeId
2022-03-03 14:18:28,830 [Listener at 127.0.0.1/42271] INFO  ha.SCMNodeInfo (SCMNodeInfo.java:getPort(197)) - ConfigKey ozone.scm.client.address is deprecated, For configuring different ports for each SCM use PortConfigKey ozone.scm.client.port appended with serviceId and nodeId
2022-03-03 14:18:28,830 [Listener at 127.0.0.1/42271] INFO  ha.SCMNodeInfo (SCMNodeInfo.java:getPort(197)) - ConfigKey ozone.scm.block.client.address is deprecated, For configuring different ports for each SCM use PortConfigKey ozone.scm.block.client.port appended with serviceId and nodeId
2022-03-03 14:18:28,830 [Listener at 127.0.0.1/42271] INFO  ha.SCMNodeInfo (SCMNodeInfo.java:getPort(197)) - ConfigKey ozone.scm.datanode.address is deprecated, For configuring different ports for each SCM use PortConfigKey ozone.scm.datanode.port appended with serviceId and nodeId
2022-03-03 14:18:28,831 [Listener at 127.0.0.1/42271] INFO  ha.SCMNodeInfo (SCMNodeInfo.java:getPort(197)) - ConfigKey ozone.scm.client.address is deprecated, For configuring different ports for each SCM use PortConfigKey ozone.scm.client.port appended with serviceId and nodeId
2022-03-03 14:18:28,831 [Listener at 127.0.0.1/42271] INFO  ha.SCMNodeInfo (SCMNodeInfo.java:getPort(197)) - ConfigKey ozone.scm.block.client.address is deprecated, For configuring different ports for each SCM use PortConfigKey ozone.scm.block.client.port appended with serviceId and nodeId
2022-03-03 14:18:28,831 [Listener at 127.0.0.1/42271] INFO  ha.SCMNodeInfo (SCMNodeInfo.java:getPort(197)) - ConfigKey ozone.scm.datanode.address is deprecated, For configuring different ports for each SCM use PortConfigKey ozone.scm.datanode.port appended with serviceId and nodeId
2022-03-03 14:18:28,831 [Listener at 127.0.0.1/42271] INFO  ha.SCMNodeInfo (SCMNodeInfo.java:getPort(197)) - ConfigKey ozone.scm.client.address is deprecated, For configuring different ports for each SCM use PortConfigKey ozone.scm.client.port appended with serviceId and nodeId
2022-03-03 14:18:28,831 [Listener at 127.0.0.1/42271] INFO  ha.SCMNodeInfo (SCMNodeInfo.java:getPort(197)) - ConfigKey ozone.scm.block.client.address is deprecated, For configuring different ports for each SCM use PortConfigKey ozone.scm.block.client.port appended with serviceId and nodeId
2022-03-03 14:18:28,831 [Listener at 127.0.0.1/42271] INFO  ha.SCMNodeInfo (SCMNodeInfo.java:getPort(197)) - ConfigKey ozone.scm.datanode.address is deprecated, For configuring different ports for each SCM use PortConfigKey ozone.scm.datanode.port appended with serviceId and nodeId
2022-03-03 14:18:28,831 [Listener at 127.0.0.1/42271] INFO  ha.SCMNodeInfo (SCMNodeInfo.java:getPort(197)) - ConfigKey ozone.scm.client.address is deprecated, For configuring different ports for each SCM use PortConfigKey ozone.scm.client.port appended with serviceId and nodeId
2022-03-03 14:18:28,831 [Listener at 127.0.0.1/42271] INFO  ha.SCMNodeInfo (SCMNodeInfo.java:getPort(197)) - ConfigKey ozone.scm.block.client.address is deprecated, For configuring different ports for each SCM use PortConfigKey ozone.scm.block.client.port appended with serviceId and nodeId
2022-03-03 14:18:28,831 [Listener at 127.0.0.1/42271] INFO  ha.SCMNodeInfo (SCMNodeInfo.java:getPort(197)) - ConfigKey ozone.scm.datanode.address is deprecated, For configuring different ports for each SCM use PortConfigKey ozone.scm.datanode.port appended with serviceId and nodeId
2022-03-03 14:18:28,832 [Listener at 127.0.0.1/42271] INFO  ha.SCMNodeInfo (SCMNodeInfo.java:getPort(197)) - ConfigKey ozone.scm.client.address is deprecated, For configuring different ports for each SCM use PortConfigKey ozone.scm.client.port appended with serviceId and nodeId
2022-03-03 14:18:28,832 [Listener at 127.0.0.1/42271] INFO  ha.SCMNodeInfo (SCMNodeInfo.java:getPort(197)) - ConfigKey ozone.scm.block.client.address is deprecated, For configuring different ports for each SCM use PortConfigKey ozone.scm.block.client.port appended with serviceId and nodeId
2022-03-03 14:18:28,832 [Listener at 127.0.0.1/42271] INFO  ha.SCMNodeInfo (SCMNodeInfo.java:getPort(197)) - ConfigKey ozone.scm.datanode.address is deprecated, For configuring different ports for each SCM use PortConfigKey ozone.scm.datanode.port appended with serviceId and nodeId
2022-03-03 14:18:28,833 [Listener at 127.0.0.1/42271] INFO  ha.SCMNodeInfo (SCMNodeInfo.java:getPort(197)) - ConfigKey ozone.scm.client.address is deprecated, For configuring different ports for each SCM use PortConfigKey ozone.scm.client.port appended with serviceId and nodeId
2022-03-03 14:18:28,833 [Listener at 127.0.0.1/42271] INFO  ha.SCMNodeInfo (SCMNodeInfo.java:getPort(197)) - ConfigKey ozone.scm.block.client.address is deprecated, For configuring different ports for each SCM use PortConfigKey ozone.scm.block.client.port appended with serviceId and nodeId
2022-03-03 14:18:28,833 [Listener at 127.0.0.1/42271] INFO  ha.SCMNodeInfo (SCMNodeInfo.java:getPort(197)) - ConfigKey ozone.scm.datanode.address is deprecated, For configuring different ports for each SCM use PortConfigKey ozone.scm.datanode.port appended with serviceId and nodeId
2022-03-03 14:18:28,833 [Listener at 127.0.0.1/42271] INFO  ha.SCMNodeInfo (SCMNodeInfo.java:getPort(197)) - ConfigKey ozone.scm.client.address is deprecated, For configuring different ports for each SCM use PortConfigKey ozone.scm.client.port appended with serviceId and nodeId
2022-03-03 14:18:28,833 [Listener at 127.0.0.1/42271] INFO  ha.SCMNodeInfo (SCMNodeInfo.java:getPort(197)) - ConfigKey ozone.scm.block.client.address is deprecated, For configuring different ports for each SCM use PortConfigKey ozone.scm.block.client.port appended with serviceId and nodeId
2022-03-03 14:18:28,833 [Listener at 127.0.0.1/42271] INFO  ha.SCMNodeInfo (SCMNodeInfo.java:getPort(197)) - ConfigKey ozone.scm.datanode.address is deprecated, For configuring different ports for each SCM use PortConfigKey ozone.scm.datanode.port appended with serviceId and nodeId
2022-03-03 14:18:28,840 [Listener at 127.0.0.1/42271] WARN  server.ServerUtils (ServerUtils.java:getDBPath(225)) - ozone.om.db.dirs is not configured. We recommend adding this setting. Falling back to ozone.metadata.dirs instead.
2022-03-03 14:18:28,841 [Listener at 127.0.0.1/42271] INFO  codec.OmKeyInfoCodec (OmKeyInfoCodec.java:<init>(50)) - OmKeyInfoCodec ignorePipeline = true
2022-03-03 14:18:28,841 [Listener at 127.0.0.1/42271] INFO  codec.RepeatedOmKeyInfoCodec (RepeatedOmKeyInfoCodec.java:<init>(42)) - RepeatedOmKeyInfoCodec ignorePipeline = true
2022-03-03 14:18:28,952 [Listener at 127.0.0.1/42271] INFO  om.OzoneManager (OzoneManager.java:addS3GVolumeToDB(3733)) - Created Volume s3v With Owner runner required for S3Gateway operations.
2022-03-03 14:18:28,952 [Listener at 127.0.0.1/42271] WARN  server.ServerUtils (ServerUtils.java:getDefaultRatisDirectory(237)) - Storage directory for Ratis is not configured. It is a good idea to map this to an SSD disk. Falling back to ozone.metadata.dirs
2022-03-03 14:18:28,952 [Listener at 127.0.0.1/42271] WARN  utils.OzoneManagerRatisUtils (OzoneManagerRatisUtils.java:getOMRatisSnapshotDirectory(330)) - ozone.om.ratis.snapshot.dir is not configured. Falling back to ozone.metadata.dirs config
2022-03-03 14:18:28,952 [Listener at 127.0.0.1/42271] INFO  snapshot.OzoneManagerSnapshotProvider (OzoneManagerSnapshotProvider.java:<init>(76)) - Initializing OM Snapshot Provider
2022-03-03 14:18:28,957 [Listener at 127.0.0.1/42271] WARN  impl.MetricRegistriesImpl (MetricRegistriesImpl.java:addReporterRegistration(111)) - New reporters are added after registries were created. Some metrics will be missing from the reporter. Please add reporter before adding any new registry.
2022-03-03 14:18:28,957 [Listener at 127.0.0.1/42271] WARN  impl.MetricRegistriesImpl (MetricRegistriesImpl.java:addReporterRegistration(111)) - New reporters are added after registries were created. Some metrics will be missing from the reporter. Please add reporter before adding any new registry.
2022-03-03 14:18:28,957 [Listener at 127.0.0.1/42271] WARN  server.ServerUtils (ServerUtils.java:getDefaultRatisDirectory(237)) - Storage directory for Ratis is not configured. It is a good idea to map this to an SSD disk. Falling back to ozone.metadata.dirs
2022-03-03 14:18:28,958 [Listener at 127.0.0.1/42271] INFO  ratis.OzoneManagerRatisServer (OzoneManagerRatisServer.java:<init>(159)) - Instantiating OM Ratis server with groupID: omServiceId1 and peers: localhost:35037, localhost:39721, localhost:46363
2022-03-03 14:18:28,958 [Listener at 127.0.0.1/42271] INFO  ratis.OzoneManagerStateMachine (OzoneManagerStateMachine.java:loadSnapshotInfoFromDB(605)) - LastAppliedIndex is set from TransactionInfo from OM DB as (t:0, i:~)
2022-03-03 14:18:28,959 [Listener at 127.0.0.1/42271] INFO  server.RaftServer (ConfUtils.java:logGet(44)) - raft.rpc.type = GRPC (default)
2022-03-03 14:18:28,960 [Listener at 127.0.0.1/42271] INFO  grpc.GrpcFactory (GrpcFactory.java:checkPooledByteBufAllocatorUseCacheForAllThreads(48)) - PERFORMANCE WARNING: useCacheForAllThreads is true that may cause Netty to create a lot garbage objects and, as a result, trigger GC.
	It is recommended to disable useCacheForAllThreads by setting -Dorg.apache.ratis.thirdparty.io.netty.allocator.useCacheForAllThreads=false in command line.
2022-03-03 14:18:28,960 [Listener at 127.0.0.1/42271] INFO  grpc.GrpcConfigKeys (ConfUtils.java:logGet(44)) - raft.grpc.admin.port = -1 (default)
2022-03-03 14:18:28,960 [Listener at 127.0.0.1/42271] INFO  grpc.GrpcConfigKeys (ConfUtils.java:logGet(44)) - raft.grpc.server.port = 35037 (custom)
2022-03-03 14:18:28,960 [Listener at 127.0.0.1/42271] INFO  grpc.GrpcConfigKeys (ConfUtils.java:logGet(44)) - raft.grpc.client.port = -1 (default)
2022-03-03 14:18:28,960 [Listener at 127.0.0.1/42271] INFO  grpc.GrpcConfigKeys (ConfUtils.java:logGet(44)) - raft.grpc.server.port = 35037 (custom)
2022-03-03 14:18:28,960 [Listener at 127.0.0.1/42271] INFO  grpc.GrpcConfigKeys (ConfUtils.java:logGet(44)) - raft.grpc.server.port = 35037 (custom)
2022-03-03 14:18:28,960 [Listener at 127.0.0.1/42271] INFO  server.GrpcService (ConfUtils.java:logGet(44)) - raft.grpc.message.size.max = 33554432 (custom)
2022-03-03 14:18:28,960 [Listener at 127.0.0.1/42271] INFO  server.RaftServerConfigKeys (ConfUtils.java:logGet(44)) - raft.server.log.appender.buffer.byte-limit = 33554432 (custom)
2022-03-03 14:18:28,960 [Listener at 127.0.0.1/42271] INFO  server.GrpcService (ConfUtils.java:logGet(44)) - raft.grpc.flow.control.window = 1MB (=1048576) (default)
2022-03-03 14:18:28,960 [Listener at 127.0.0.1/42271] INFO  server.RaftServerConfigKeys (ConfUtils.java:logGet(44)) - raft.server.rpc.request.timeout = 3000ms (default)
2022-03-03 14:18:28,961 [Listener at 127.0.0.1/42271] INFO  impl.DataStreamServerImpl (ConfUtils.java:logGet(44)) - raft.datastream.type = DISABLED (default)
2022-03-03 14:18:28,961 [Listener at 127.0.0.1/42271] INFO  server.RaftServerConfigKeys (ConfUtils.java:logGet(44)) - raft.server.rpc.slowness.timeout = 2s (custom)
2022-03-03 14:18:28,961 [Listener at 127.0.0.1/42271] INFO  server.RaftServerConfigKeys (ConfUtils.java:logGet(44)) - raft.server.leaderelection.leader.step-down.wait-time = 10s (default)
2022-03-03 14:18:28,962 [Listener at 127.0.0.1/42271] INFO  server.RaftServerConfigKeys (ConfUtils.java:logGet(44)) - raft.server.storage.dir = [/home/runner/work/ozone/ozone/hadoop-ozone/integration-test/target/test-dir/MiniOzoneClusterImpl-0274ca87-c068-4a4d-855f-b1ef4eb933b0/omNode-3/ratis] (custom)
2022-03-03 14:18:28,962 [Listener at 127.0.0.1/42271] INFO  server.RaftServer (RaftServerProxy.java:addNew(95)) - omNode-3: addNew group-6C22E66A003A:[omNode-3|rpc:localhost:35037|priority:0, omNode-1|rpc:localhost:39721|priority:0, omNode-2|rpc:localhost:46363|priority:0] returns group-6C22E66A003A:java.util.concurrent.CompletableFuture@28258830[Not completed]
2022-03-03 14:18:28,963 [Listener at 127.0.0.1/42271] INFO  om.OzoneManager (OzoneManager.java:initializeRatisServer(1834)) - OzoneManager Ratis server initialized at port 35037
2022-03-03 14:18:28,963 [pool-186-thread-1] INFO  server.RaftServer$Division (RaftServerImpl.java:<init>(184)) - omNode-3: new RaftServerImpl for group-6C22E66A003A:[omNode-3|rpc:localhost:35037|priority:0, omNode-1|rpc:localhost:39721|priority:0, omNode-2|rpc:localhost:46363|priority:0] with OzoneManagerStateMachine:uninitialized
2022-03-03 14:18:28,965 [pool-186-thread-1] INFO  server.RaftServerConfigKeys (ConfUtils.java:logGet(44)) - raft.server.rpc.timeout.min = 1s (custom)
2022-03-03 14:18:28,965 [pool-186-thread-1] INFO  server.RaftServerConfigKeys (ConfUtils.java:logGet(44)) - raft.server.rpc.timeout.max = 1200ms (custom)
2022-03-03 14:18:28,966 [pool-186-thread-1] INFO  server.RaftServerConfigKeys (ConfUtils.java:logGet(44)) - raft.server.rpc.sleep.time = 25ms (default)
2022-03-03 14:18:28,966 [pool-186-thread-1] INFO  server.RaftServerConfigKeys (ConfUtils.java:logGet(44)) - raft.server.rpc.slowness.timeout = 2s (custom)
2022-03-03 14:18:28,966 [pool-186-thread-1] INFO  server.RaftServerConfigKeys (ConfUtils.java:logGet(44)) - raft.server.leaderelection.leader.step-down.wait-time = 10s (default)
2022-03-03 14:18:28,966 [pool-186-thread-1] INFO  server.RaftServerConfigKeys (ConfUtils.java:logGet(44)) - raft.server.sleep.deviation.threshold = 300ms (default)
2022-03-03 14:18:28,966 [pool-186-thread-1] INFO  server.RaftServerConfigKeys (ConfUtils.java:logGet(44)) - raft.server.log.appender.install.snapshot.enabled = false (custom)
2022-03-03 14:18:28,966 [pool-186-thread-1] INFO  server.RaftServer$Division (ServerState.java:<init>(105)) - omNode-3@group-6C22E66A003A: ConfigurationManager, init=-1: [omNode-3|rpc:localhost:35037|priority:0, omNode-1|rpc:localhost:39721|priority:0, omNode-2|rpc:localhost:46363|priority:0], old=null, confs=<EMPTY_MAP>
2022-03-03 14:18:28,966 [pool-186-thread-1] INFO  server.RaftServerConfigKeys (ConfUtils.java:logGet(44)) - raft.server.storage.dir = [/home/runner/work/ozone/ozone/hadoop-ozone/integration-test/target/test-dir/MiniOzoneClusterImpl-0274ca87-c068-4a4d-855f-b1ef4eb933b0/omNode-3/ratis] (custom)
2022-03-03 14:18:28,966 [pool-186-thread-1] INFO  server.RaftServerConfigKeys (ConfUtils.java:logGet(44)) - raft.server.log.corruption.policy = EXCEPTION (default)
2022-03-03 14:18:28,966 [pool-186-thread-1] INFO  server.RaftServerConfigKeys (ConfUtils.java:logGet(44)) - raft.server.storage.free-space.min = 0MB (=0) (default)
2022-03-03 14:18:28,966 [pool-186-thread-1] INFO  storage.RaftStorageDirectory (RaftStorageDirectoryImpl.java:analyzeStorage(135)) - The storage directory /home/runner/work/ozone/ozone/hadoop-ozone/integration-test/target/test-dir/MiniOzoneClusterImpl-0274ca87-c068-4a4d-855f-b1ef4eb933b0/omNode-3/ratis/9c9825ce-8ba7-3ee6-a7c3-6c22e66a003a does not exist. Creating ...
2022-03-03 14:18:28,967 [Listener at 127.0.0.1/42271] INFO  ipc.CallQueueManager (CallQueueManager.java:<init>(90)) - Using callQueue: class java.util.concurrent.LinkedBlockingQueue, queueCapacity: 2000, scheduler: class org.apache.hadoop.ipc.DefaultRpcScheduler, ipcBackoff: false.
2022-03-03 14:18:28,967 [Socket Reader #1 for port 34469] INFO  ipc.Server (Server.java:run(1265)) - Starting Socket Reader #1 for port 34469
2022-03-03 14:18:28,969 [pool-186-thread-1] INFO  storage.RaftStorageDirectory (RaftStorageDirectoryImpl.java:tryLock(230)) - Lock on /home/runner/work/ozone/ozone/hadoop-ozone/integration-test/target/test-dir/MiniOzoneClusterImpl-0274ca87-c068-4a4d-855f-b1ef4eb933b0/omNode-3/ratis/9c9825ce-8ba7-3ee6-a7c3-6c22e66a003a/in_use.lock acquired by nodename 586@fv-az50-851
2022-03-03 14:18:28,975 [pool-186-thread-1] INFO  storage.RaftStorage (RaftStorageImpl.java:format(89)) - Storage directory /home/runner/work/ozone/ozone/hadoop-ozone/integration-test/target/test-dir/MiniOzoneClusterImpl-0274ca87-c068-4a4d-855f-b1ef4eb933b0/omNode-3/ratis/9c9825ce-8ba7-3ee6-a7c3-6c22e66a003a has been successfully formatted.
2022-03-03 14:18:28,975 [pool-186-thread-1] INFO  server.RaftServerConfigKeys (ConfUtils.java:logGet(44)) - raft.server.notification.no-leader.timeout = 2s (custom)
2022-03-03 14:18:28,975 [pool-186-thread-1] INFO  server.RaftServerConfigKeys (ConfUtils.java:logGet(44)) - raft.server.log.use.memory = false (default)
2022-03-03 14:18:28,975 [pool-186-thread-1] INFO  server.RaftServerConfigKeys (ConfUtils.java:logGet(44)) - raft.server.log.purge.gap = 1000000 (custom)
2022-03-03 14:18:28,975 [pool-186-thread-1] INFO  server.RaftServerConfigKeys (ConfUtils.java:logGet(44)) - raft.server.log.appender.buffer.byte-limit = 33554432 (custom)
2022-03-03 14:18:28,976 [pool-186-thread-1] INFO  server.RaftServerConfigKeys (ConfUtils.java:logGet(44)) - raft.server.log.segment.size.max = 4194304 (custom)
2022-03-03 14:18:28,976 [pool-186-thread-1] INFO  server.RaftServerConfigKeys (ConfUtils.java:logGet(44)) - raft.server.log.segment.cache.num.max = 2 (custom)
2022-03-03 14:18:28,976 [pool-186-thread-1] INFO  server.RaftServerConfigKeys (ConfUtils.java:logGet(44)) - raft.server.log.segment.cache.size.max = 200MB (=209715200) (default)
2022-03-03 14:18:28,976 [pool-186-thread-1] INFO  segmented.SegmentedRaftLogWorker (SegmentedRaftLogWorker.java:<init>(182)) - new omNode-3@group-6C22E66A003A-SegmentedRaftLogWorker for RaftStorageImpl:Storage Directory /home/runner/work/ozone/ozone/hadoop-ozone/integration-test/target/test-dir/MiniOzoneClusterImpl-0274ca87-c068-4a4d-855f-b1ef4eb933b0/omNode-3/ratis/9c9825ce-8ba7-3ee6-a7c3-6c22e66a003a
2022-03-03 14:18:28,976 [pool-186-thread-1] INFO  server.RaftServerConfigKeys (ConfUtils.java:logGet(44)) - raft.server.log.queue.byte-limit = 64MB (=67108864) (default)
2022-03-03 14:18:28,976 [pool-186-thread-1] INFO  server.RaftServerConfigKeys (ConfUtils.java:logGet(44)) - raft.server.log.queue.element-limit = 4096 (default)
2022-03-03 14:18:28,976 [pool-186-thread-1] INFO  server.RaftServerConfigKeys (ConfUtils.java:logGet(44)) - raft.server.log.segment.size.max = 4194304 (custom)
2022-03-03 14:18:28,976 [pool-186-thread-1] INFO  server.RaftServerConfigKeys (ConfUtils.java:logGet(44)) - raft.server.log.preallocated.size = 4194304 (custom)
2022-03-03 14:18:28,976 [pool-186-thread-1] INFO  server.RaftServerConfigKeys (ConfUtils.java:logGet(44)) - raft.server.log.force.sync.num = 128 (default)
2022-03-03 14:18:28,977 [pool-186-thread-1] INFO  server.RaftServerConfigKeys (ConfUtils.java:logGet(44)) - raft.server.log.statemachine.data.sync = true (default)
2022-03-03 14:18:28,977 [pool-186-thread-1] INFO  server.RaftServerConfigKeys (ConfUtils.java:logGet(44)) - raft.server.log.statemachine.data.sync.timeout = 10s (default)
2022-03-03 14:18:28,977 [pool-186-thread-1] INFO  server.RaftServerConfigKeys (ConfUtils.java:logGet(44)) - raft.server.log.statemachine.data.sync.timeout.retry = -1 (default)
2022-03-03 14:18:28,977 [pool-186-thread-1] INFO  server.RaftServerConfigKeys (ConfUtils.java:logGet(44)) - raft.server.log.write.buffer.size = 64KB (=65536) (default)
2022-03-03 14:18:28,977 [pool-186-thread-1] INFO  server.RaftServerConfigKeys (ConfUtils.java:logGet(44)) - raft.server.log.statemachine.data.caching.enabled = false (default)
2022-03-03 14:18:28,978 [pool-186-thread-1] INFO  segmented.SegmentedRaftLogWorker (SegmentedRaftLogWorker.java:lambda$new$0(133)) - omNode-3@group-6C22E66A003A-SegmentedRaftLogWorker: flushIndex: setUnconditionally 0 -> -1
2022-03-03 14:18:28,978 [pool-186-thread-1] INFO  segmented.SegmentedRaftLogWorker (SegmentedRaftLogWorker.java:lambda$new$0(133)) - omNode-3@group-6C22E66A003A-SegmentedRaftLogWorker: safeCacheEvictIndex: setUnconditionally 0 -> -1
2022-03-03 14:18:28,979 [pool-186-thread-1] INFO  server.RaftServerConfigKeys (ConfUtils.java:logGet(44)) - raft.server.snapshot.auto.trigger.enabled = true (custom)
2022-03-03 14:18:28,979 [pool-186-thread-1] INFO  server.RaftServerConfigKeys (ConfUtils.java:logGet(44)) - raft.server.snapshot.auto.trigger.threshold = 400000 (default)
2022-03-03 14:18:28,979 [pool-186-thread-1] INFO  server.RaftServerConfigKeys (ConfUtils.java:logGet(44)) - raft.server.snapshot.retention.file.num = -1 (default)
2022-03-03 14:18:28,979 [pool-186-thread-1] INFO  server.RaftServerConfigKeys (ConfUtils.java:logGet(44)) - raft.server.log.purge.upto.snapshot.index = true (custom)
2022-03-03 14:18:28,979 [pool-186-thread-1] INFO  server.RaftServerConfigKeys (ConfUtils.java:logGet(44)) - raft.server.retrycache.expirytime = 300s (custom)
2022-03-03 14:18:28,980 [pool-186-thread-1] INFO  server.RaftServerConfigKeys (ConfUtils.java:logGet(44)) - raft.server.retrycache.statistics.expirytime = 100μs (default)
2022-03-03 14:18:28,990 [Listener at 127.0.0.1/34469] INFO  impl.MetricsSystemImpl (MetricsSystemImpl.java:init(158)) - OzoneManager metrics system started (again)
2022-03-03 14:18:29,000 [Listener at 127.0.0.1/34469] INFO  om.OzoneManager (OzoneManager.java:start(1365)) - OzoneManager RPC server is listening at localhost/127.0.0.1:34469
2022-03-03 14:18:29,000 [Listener at 127.0.0.1/34469] INFO  ratis.OzoneManagerRatisServer (OzoneManagerRatisServer.java:start(554)) - Starting OzoneManagerRatisServer omNode-3 at port 35037
2022-03-03 14:18:29,000 [Listener at 127.0.0.1/34469] INFO  server.RaftServer$Division (RaftServerImpl.java:start(301)) - omNode-3@group-6C22E66A003A: start as a follower, conf=-1: [omNode-3|rpc:localhost:35037|priority:0, omNode-1|rpc:localhost:39721|priority:0, omNode-2|rpc:localhost:46363|priority:0], old=null
2022-03-03 14:18:29,000 [Listener at 127.0.0.1/34469] INFO  server.RaftServer$Division (RaftServerImpl.java:setRole(290)) - omNode-3@group-6C22E66A003A: changes role from      null to FOLLOWER at term 0 for startAsFollower
2022-03-03 14:18:29,001 [Listener at 127.0.0.1/34469] INFO  impl.RoleInfo (RoleInfo.java:updateAndGet(130)) - omNode-3: start omNode-3@group-6C22E66A003A-FollowerState
2022-03-03 14:18:29,001 [Listener at 127.0.0.1/34469] INFO  util.JmxRegister (JmxRegister.java:tryRegister(44)) - Successfully registered JMX Bean with object name Ratis:service=RaftServer,group=group-6C22E66A003A,id=omNode-3
2022-03-03 14:18:29,003 [Listener at 127.0.0.1/34469] INFO  server.RaftServer (RaftServerProxy.java:lambda$start$5(374)) - omNode-3: start RPC server
2022-03-03 14:18:29,004 [Listener at 127.0.0.1/34469] INFO  server.GrpcService (GrpcService.java:startImpl(253)) - omNode-3: GrpcService started, listening on 35037
2022-03-03 14:18:29,005 [Listener at 127.0.0.1/34469] INFO  om.OzoneManager (OzoneManager.java:start(1381)) - Version File has different layout version (0) than OM DB (null). That is expected if this OM has never been finalized to a newer layout version.
2022-03-03 14:18:29,005 [org.apache.ratis.util.JvmPauseMonitor$$Lambda$435/453351332@6b89c741] INFO  util.JvmPauseMonitor (JvmPauseMonitor.java:run(103)) - JvmPauseMonitor-omNode-3: Started
2022-03-03 14:18:29,015 [Listener at 127.0.0.1/34469] INFO  http.BaseHttpServer (BaseHttpServer.java:newHttpServer2BuilderForOzone(209)) - Starting Web-server for ozoneManager at: http://0.0.0.0:36309
2022-03-03 14:18:29,015 [Listener at 127.0.0.1/34469] INFO  http.BaseHttpServer (BaseHttpServer.java:<init>(107)) - Hadoop Security Enabled: false Ozone Security Enabled: false Ozone HTTP Security Enabled: false 
2022-03-03 14:18:29,016 [Listener at 127.0.0.1/34469] INFO  server.AuthenticationFilter (AuthenticationFilter.java:constructSecretProvider(240)) - Unable to initialize FileSignerSecretProvider, falling back to use random secrets.
2022-03-03 14:18:29,017 [Listener at 127.0.0.1/34469] WARN  http.HttpRequestLog (HttpRequestLog.java:getRequestLog(103)) - Jetty request log can only be enabled using Log4j
2022-03-03 14:18:29,017 [Listener at 127.0.0.1/34469] INFO  http.HttpServer2 (HttpServer2.java:addGlobalFilter(1030)) - Added global filter 'safety' (class=org.apache.hadoop.hdds.server.http.HttpServer2$QuotingInputFilter)
2022-03-03 14:18:29,018 [Listener at 127.0.0.1/34469] INFO  http.HttpServer2 (HttpServer2.java:addFilter(1006)) - Added filter static_user_filter (class=org.apache.hadoop.http.lib.StaticUserWebFilter$StaticUserFilter) to context ozoneManager
2022-03-03 14:18:29,018 [Listener at 127.0.0.1/34469] INFO  http.HttpServer2 (HttpServer2.java:addFilter(1014)) - Added filter static_user_filter (class=org.apache.hadoop.http.lib.StaticUserWebFilter$StaticUserFilter) to context static
2022-03-03 14:18:29,018 [Listener at 127.0.0.1/34469] INFO  http.HttpServer2 (HttpServer2.java:addFilter(1014)) - Added filter static_user_filter (class=org.apache.hadoop.http.lib.StaticUserWebFilter$StaticUserFilter) to context logs
2022-03-03 14:18:29,020 [Listener at 127.0.0.1/34469] INFO  http.HttpServer2 (HttpServer2.java:bindListener(1249)) - Jetty bound to port 36309
2022-03-03 14:18:29,020 [Listener at 127.0.0.1/34469] INFO  server.Server (Server.java:doStart(375)) - jetty-9.4.43.v20210629; built: 2021-06-30T11:07:22.254Z; git: 526006ecfa3af7f1a27ef3a288e2bef7ea9dd7e8; jvm 1.8.0_322-b06
2022-03-03 14:18:29,021 [Listener at 127.0.0.1/34469] INFO  server.session (DefaultSessionIdManager.java:doStart(334)) - DefaultSessionIdManager workerName=node0
2022-03-03 14:18:29,021 [Listener at 127.0.0.1/34469] INFO  server.session (DefaultSessionIdManager.java:doStart(339)) - No SessionScavenger set, using defaults
2022-03-03 14:18:29,021 [Listener at 127.0.0.1/34469] INFO  server.session (HouseKeeper.java:startScavenging(132)) - node0 Scavenging every 600000ms
2022-03-03 14:18:29,022 [Listener at 127.0.0.1/34469] INFO  handler.ContextHandler (ContextHandler.java:doStart(915)) - Started o.e.j.s.ServletContextHandler@1e670e32{logs,/logs,file:///home/runner/work/ozone/ozone/hadoop-ozone/integration-test/target/log,AVAILABLE}
2022-03-03 14:18:29,022 [Listener at 127.0.0.1/34469] INFO  handler.ContextHandler (ContextHandler.java:doStart(915)) - Started o.e.j.s.ServletContextHandler@41f222e1{static,/static,file:///home/runner/work/ozone/ozone/hadoop-ozone/integration-test/target/test-classes/webapps/static,AVAILABLE}
2022-03-03 14:18:29,025 [Listener at 127.0.0.1/34469] INFO  handler.ContextHandler (ContextHandler.java:doStart(915)) - Started o.e.j.w.WebAppContext@7972e75b{ozoneManager,/,file:///home/runner/work/ozone/ozone/hadoop-ozone/integration-test/target/test-classes/webapps/ozoneManager/,AVAILABLE}{file:/home/runner/work/ozone/ozone/hadoop-ozone/integration-test/target/test-classes/webapps/ozoneManager}
2022-03-03 14:18:29,027 [Listener at 127.0.0.1/34469] INFO  server.AbstractConnector (AbstractConnector.java:doStart(331)) - Started ServerConnector@340c684{HTTP/1.1, (http/1.1)}{0.0.0.0:36309}
2022-03-03 14:18:29,027 [Listener at 127.0.0.1/34469] INFO  server.Server (Server.java:doStart(415)) - Started @27040ms
2022-03-03 14:18:29,027 [Listener at 127.0.0.1/34469] WARN  impl.MetricsSystemImpl (MetricsSystemImpl.java:register(279)) - Sink prometheus already exists!
2022-03-03 14:18:29,027 [Listener at 127.0.0.1/34469] INFO  http.BaseHttpServer (BaseHttpServer.java:updateConnectorAddress(329)) - HTTP server of ozoneManager listening at http://0.0.0.0:36309
2022-03-03 14:18:29,028 [IPC Server Responder] INFO  ipc.Server (Server.java:run(1507)) - IPC Server Responder: starting
2022-03-03 14:18:29,031 [IPC Server listener on 34469] INFO  ipc.Server (Server.java:run(1344)) - IPC Server listener on 34469: starting
2022-03-03 14:18:29,043 [Listener at 127.0.0.1/34469] INFO  om.OzoneManager (OzoneManager.java:startTrashEmptier(1792)) - Trash Interval set to 0. Files deleted will not move to trash
2022-03-03 14:18:29,043 [Listener at 127.0.0.1/34469] INFO  ozone.MiniOzoneHAClusterImpl (MiniOzoneHAClusterImpl.java:createOMService(522)) - Started OzoneManager omNode-3 RPC server at localhost/127.0.0.1:34469
2022-03-03 14:18:29,043 [org.apache.hadoop.util.JvmPauseMonitor$Monitor@50bd3661] INFO  util.JvmPauseMonitor (JvmPauseMonitor.java:run(188)) - Starting JVM pause monitor
2022-03-03 14:18:29,176 [Listener at 127.0.0.1/34469] WARN  impl.MetricRegistriesImpl (MetricRegistriesImpl.java:addReporterRegistration(111)) - New reporters are added after registries were created. Some metrics will be missing from the reporter. Please add reporter before adding any new registry.
2022-03-03 14:18:29,177 [Listener at 127.0.0.1/34469] WARN  impl.MetricRegistriesImpl (MetricRegistriesImpl.java:addReporterRegistration(111)) - New reporters are added after registries were created. Some metrics will be missing from the reporter. Please add reporter before adding any new registry.
2022-03-03 14:18:29,177 [Listener at 127.0.0.1/34469] INFO  impl.MetricsSystemImpl (MetricsSystemImpl.java:init(158)) - HddsDatanode metrics system started (again)
2022-03-03 14:18:29,190 [Listener at 127.0.0.1/34469] INFO  ozone.HddsDatanodeService (HddsDatanodeService.java:start(233)) - HddsDatanodeService host:fv-az50-851.grzltbmokehuzjyc5b133kdqgh.cx.internal.cloudapp.net ip:10.1.0.28
2022-03-03 14:18:29,211 [Listener at 127.0.0.1/34469] INFO  upgrade.AbstractLayoutVersionManager (AbstractLayoutVersionManager.java:init(79)) - Initializing Layout version manager with metadata layout = SCM_HA (version = 2), software layout = SCM_HA (version = 2)
2022-03-03 14:18:29,249 [Listener at 127.0.0.1/34469] INFO  reflections.Reflections (Reflections.java:scan(232)) - Reflections took 37 ms to scan 7 urls, producing 122 keys and 286 values 
2022-03-03 14:18:29,252 [Listener at 127.0.0.1/34469] INFO  ha.SCMNodeInfo (SCMNodeInfo.java:getPort(197)) - ConfigKey ozone.scm.client.address is deprecated, For configuring different ports for each SCM use PortConfigKey ozone.scm.client.port appended with serviceId and nodeId
2022-03-03 14:18:29,252 [Listener at 127.0.0.1/34469] INFO  ha.SCMNodeInfo (SCMNodeInfo.java:getPort(197)) - ConfigKey ozone.scm.block.client.address is deprecated, For configuring different ports for each SCM use PortConfigKey ozone.scm.block.client.port appended with serviceId and nodeId
2022-03-03 14:18:29,252 [Listener at 127.0.0.1/34469] INFO  ha.SCMNodeInfo (SCMNodeInfo.java:getPort(197)) - ConfigKey ozone.scm.datanode.address is deprecated, For configuring different ports for each SCM use PortConfigKey ozone.scm.datanode.port appended with serviceId and nodeId
2022-03-03 14:18:29,252 [Listener at 127.0.0.1/34469] INFO  ha.SCMNodeInfo (SCMNodeInfo.java:getPort(197)) - ConfigKey ozone.scm.client.address is deprecated, For configuring different ports for each SCM use PortConfigKey ozone.scm.client.port appended with serviceId and nodeId
2022-03-03 14:18:29,252 [Listener at 127.0.0.1/34469] INFO  ha.SCMNodeInfo (SCMNodeInfo.java:getPort(197)) - ConfigKey ozone.scm.block.client.address is deprecated, For configuring different ports for each SCM use PortConfigKey ozone.scm.block.client.port appended with serviceId and nodeId
2022-03-03 14:18:29,252 [Listener at 127.0.0.1/34469] INFO  ha.SCMNodeInfo (SCMNodeInfo.java:getPort(197)) - ConfigKey ozone.scm.datanode.address is deprecated, For configuring different ports for each SCM use PortConfigKey ozone.scm.datanode.port appended with serviceId and nodeId
2022-03-03 14:18:29,252 [Listener at 127.0.0.1/34469] INFO  ha.SCMNodeInfo (SCMNodeInfo.java:getPort(197)) - ConfigKey ozone.scm.client.address is deprecated, For configuring different ports for each SCM use PortConfigKey ozone.scm.client.port appended with serviceId and nodeId
2022-03-03 14:18:29,252 [Listener at 127.0.0.1/34469] INFO  ha.SCMNodeInfo (SCMNodeInfo.java:getPort(197)) - ConfigKey ozone.scm.block.client.address is deprecated, For configuring different ports for each SCM use PortConfigKey ozone.scm.block.client.port appended with serviceId and nodeId
2022-03-03 14:18:29,252 [Listener at 127.0.0.1/34469] INFO  ha.SCMNodeInfo (SCMNodeInfo.java:getPort(197)) - ConfigKey ozone.scm.datanode.address is deprecated, For configuring different ports for each SCM use PortConfigKey ozone.scm.datanode.port appended with serviceId and nodeId
2022-03-03 14:18:29,253 [Listener at 127.0.0.1/34469] INFO  statemachine.DatanodeStateMachine (DatanodeStateMachine.java:getEndPointTaskThreadPoolSize(222)) - Datanode State Machine Task Thread Pool size 4
2022-03-03 14:18:29,300 [Listener at 127.0.0.1/34469] INFO  volume.HddsVolume (HddsVolume.java:<init>(120)) - Creating HddsVolume: /home/runner/work/ozone/ozone/hadoop-ozone/integration-test/target/test-dir/MiniOzoneClusterImpl-0274ca87-c068-4a4d-855f-b1ef4eb933b0/datanode-0/data-0/containers/hdds of storage type : DISK capacity : 9223372036854775807
2022-03-03 14:18:29,302 [Listener at 127.0.0.1/34469] INFO  volume.MutableVolumeSet (MutableVolumeSet.java:initializeVolumeSet(168)) - Added Volume : /home/runner/work/ozone/ozone/hadoop-ozone/integration-test/target/test-dir/MiniOzoneClusterImpl-0274ca87-c068-4a4d-855f-b1ef4eb933b0/datanode-0/data-0/containers/hdds to VolumeSet
2022-03-03 14:18:29,304 [Listener at 127.0.0.1/34469] INFO  volume.ThrottledAsyncChecker (ThrottledAsyncChecker.java:schedule(141)) - Scheduling a check for /home/runner/work/ozone/ozone/hadoop-ozone/integration-test/target/test-dir/MiniOzoneClusterImpl-0274ca87-c068-4a4d-855f-b1ef4eb933b0/datanode-0/data-0/containers/hdds
2022-03-03 14:18:29,322 [Listener at 127.0.0.1/34469] INFO  volume.StorageVolumeChecker (StorageVolumeChecker.java:checkAllVolumes(202)) - Scheduled health check for volume /home/runner/work/ozone/ozone/hadoop-ozone/integration-test/target/test-dir/MiniOzoneClusterImpl-0274ca87-c068-4a4d-855f-b1ef4eb933b0/datanode-0/data-0/containers/hdds
2022-03-03 14:18:29,338 [Listener at 127.0.0.1/34469] INFO  volume.MutableVolumeSet (MutableVolumeSet.java:initializeVolumeSet(168)) - Added Volume : /home/runner/work/ozone/ozone/hadoop-ozone/integration-test/target/test-dir/MiniOzoneClusterImpl-0274ca87-c068-4a4d-855f-b1ef4eb933b0/datanode-0/data/ratis to VolumeSet
2022-03-03 14:18:29,338 [Listener at 127.0.0.1/34469] INFO  volume.ThrottledAsyncChecker (ThrottledAsyncChecker.java:schedule(141)) - Scheduling a check for /home/runner/work/ozone/ozone/hadoop-ozone/integration-test/target/test-dir/MiniOzoneClusterImpl-0274ca87-c068-4a4d-855f-b1ef4eb933b0/datanode-0/data/ratis
2022-03-03 14:18:29,338 [Listener at 127.0.0.1/34469] INFO  volume.StorageVolumeChecker (StorageVolumeChecker.java:checkAllVolumes(202)) - Scheduled health check for volume /home/runner/work/ozone/ozone/hadoop-ozone/integration-test/target/test-dir/MiniOzoneClusterImpl-0274ca87-c068-4a4d-855f-b1ef4eb933b0/datanode-0/data/ratis
2022-03-03 14:18:29,359 [Thread-659] INFO  ozoneimpl.ContainerReader (ContainerReader.java:readVolume(172)) - Finish verifying containers on volume /home/runner/work/ozone/ozone/hadoop-ozone/integration-test/target/test-dir/MiniOzoneClusterImpl-0274ca87-c068-4a4d-855f-b1ef4eb933b0/datanode-0/data-0/containers/hdds
2022-03-03 14:18:29,359 [Listener at 127.0.0.1/34469] INFO  ozoneimpl.OzoneContainer (OzoneContainer.java:buildContainerSet(257)) - Build ContainerSet costs 0s
2022-03-03 14:18:29,414 [Listener at 127.0.0.1/34469] INFO  server.RaftServer (ConfUtils.java:logGet(44)) - raft.rpc.type = GRPC (default)
2022-03-03 14:18:29,417 [Listener at 127.0.0.1/34469] INFO  grpc.GrpcFactory (GrpcFactory.java:checkPooledByteBufAllocatorUseCacheForAllThreads(48)) - PERFORMANCE WARNING: useCacheForAllThreads is true that may cause Netty to create a lot garbage objects and, as a result, trigger GC.
	It is recommended to disable useCacheForAllThreads by setting -Dorg.apache.ratis.thirdparty.io.netty.allocator.useCacheForAllThreads=false in command line.
2022-03-03 14:18:29,417 [Listener at 127.0.0.1/34469] INFO  grpc.GrpcConfigKeys (ConfUtils.java:logGet(44)) - raft.grpc.admin.port = 0 (custom)
2022-03-03 14:18:29,417 [Listener at 127.0.0.1/34469] INFO  grpc.GrpcConfigKeys (ConfUtils.java:logGet(44)) - raft.grpc.client.port = 0 (custom)
2022-03-03 14:18:29,417 [Listener at 127.0.0.1/34469] INFO  grpc.GrpcConfigKeys (ConfUtils.java:logGet(44)) - raft.grpc.server.port = 0 (default)
2022-03-03 14:18:29,417 [Listener at 127.0.0.1/34469] INFO  server.GrpcService (ConfUtils.java:logGet(44)) - raft.grpc.message.size.max = 32MB (=33554432) (custom)
2022-03-03 14:18:29,417 [Listener at 127.0.0.1/34469] INFO  server.RaftServerConfigKeys (ConfUtils.java:logGet(44)) - raft.server.log.appender.buffer.byte-limit = 33554432 (custom)
2022-03-03 14:18:29,417 [Listener at 127.0.0.1/34469] INFO  server.GrpcService (ConfUtils.java:logGet(44)) - raft.grpc.flow.control.window = 5MB (=5242880) (custom)
2022-03-03 14:18:29,418 [Listener at 127.0.0.1/34469] INFO  server.RaftServerConfigKeys (ConfUtils.java:logGet(44)) - raft.server.rpc.request.timeout = 60s (custom)
2022-03-03 14:18:29,419 [Listener at 127.0.0.1/34469] INFO  impl.DataStreamServerImpl (ConfUtils.java:logGet(44)) - raft.datastream.type = DISABLED (default)
2022-03-03 14:18:29,419 [Listener at 127.0.0.1/34469] INFO  server.RaftServerConfigKeys (ConfUtils.java:logGet(44)) - raft.server.rpc.slowness.timeout = 300s (custom)
2022-03-03 14:18:29,419 [Listener at 127.0.0.1/34469] INFO  server.RaftServerConfigKeys (ConfUtils.java:logGet(44)) - raft.server.leaderelection.leader.step-down.wait-time = 10s (default)
2022-03-03 14:18:29,419 [Listener at 127.0.0.1/34469] INFO  server.RaftServerConfigKeys (ConfUtils.java:logGet(44)) - raft.server.storage.dir = [/home/runner/work/ozone/ozone/hadoop-ozone/integration-test/target/test-dir/MiniOzoneClusterImpl-0274ca87-c068-4a4d-855f-b1ef4eb933b0/datanode-0/data/ratis] (custom)
2022-03-03 14:18:29,435 [Listener at 127.0.0.1/34469] INFO  server.XceiverServerGrpc (XceiverServerGrpc.java:<init>(132)) - GrpcServer channel type EpollServerSocketChannel
2022-03-03 14:18:29,481 [Listener at 127.0.0.1/34469] INFO  http.BaseHttpServer (BaseHttpServer.java:newHttpServer2BuilderForOzone(209)) - Starting Web-server for hddsDatanode at: http://0.0.0.0:0
2022-03-03 14:18:29,481 [Listener at 127.0.0.1/34469] INFO  http.BaseHttpServer (BaseHttpServer.java:<init>(107)) - Hadoop Security Enabled: false Ozone Security Enabled: false Ozone HTTP Security Enabled: false 
2022-03-03 14:18:29,483 [Listener at 127.0.0.1/34469] INFO  server.AuthenticationFilter (AuthenticationFilter.java:constructSecretProvider(240)) - Unable to initialize FileSignerSecretProvider, falling back to use random secrets.
2022-03-03 14:18:29,484 [Listener at 127.0.0.1/34469] WARN  http.HttpRequestLog (HttpRequestLog.java:getRequestLog(103)) - Jetty request log can only be enabled using Log4j
2022-03-03 14:18:29,484 [Listener at 127.0.0.1/34469] INFO  http.HttpServer2 (HttpServer2.java:addGlobalFilter(1030)) - Added global filter 'safety' (class=org.apache.hadoop.hdds.server.http.HttpServer2$QuotingInputFilter)
2022-03-03 14:18:29,485 [Listener at 127.0.0.1/34469] INFO  http.HttpServer2 (HttpServer2.java:addFilter(1006)) - Added filter static_user_filter (class=org.apache.hadoop.http.lib.StaticUserWebFilter$StaticUserFilter) to context hddsDatanode
2022-03-03 14:18:29,485 [Listener at 127.0.0.1/34469] INFO  http.HttpServer2 (HttpServer2.java:addFilter(1014)) - Added filter static_user_filter (class=org.apache.hadoop.http.lib.StaticUserWebFilter$StaticUserFilter) to context static
2022-03-03 14:18:29,485 [Listener at 127.0.0.1/34469] INFO  http.HttpServer2 (HttpServer2.java:addFilter(1014)) - Added filter static_user_filter (class=org.apache.hadoop.http.lib.StaticUserWebFilter$StaticUserFilter) to context logs
2022-03-03 14:18:29,486 [Listener at 127.0.0.1/34469] INFO  http.HttpServer2 (HttpServer2.java:bindListener(1249)) - Jetty bound to port 36127
2022-03-03 14:18:29,486 [Listener at 127.0.0.1/34469] INFO  server.Server (Server.java:doStart(375)) - jetty-9.4.43.v20210629; built: 2021-06-30T11:07:22.254Z; git: 526006ecfa3af7f1a27ef3a288e2bef7ea9dd7e8; jvm 1.8.0_322-b06
2022-03-03 14:18:29,491 [Listener at 127.0.0.1/34469] INFO  server.session (DefaultSessionIdManager.java:doStart(334)) - DefaultSessionIdManager workerName=node0
2022-03-03 14:18:29,491 [Listener at 127.0.0.1/34469] INFO  server.session (DefaultSessionIdManager.java:doStart(339)) - No SessionScavenger set, using defaults
2022-03-03 14:18:29,491 [Listener at 127.0.0.1/34469] INFO  server.session (HouseKeeper.java:startScavenging(132)) - node0 Scavenging every 600000ms
2022-03-03 14:18:29,492 [Listener at 127.0.0.1/34469] INFO  handler.ContextHandler (ContextHandler.java:doStart(915)) - Started o.e.j.s.ServletContextHandler@66d18f4d{logs,/logs,file:///home/runner/work/ozone/ozone/hadoop-ozone/integration-test/target/log,AVAILABLE}
2022-03-03 14:18:29,492 [Listener at 127.0.0.1/34469] INFO  handler.ContextHandler (ContextHandler.java:doStart(915)) - Started o.e.j.s.ServletContextHandler@1ce758ae{static,/static,jar:file:/home/runner/.m2/repository/org/apache/ozone/hdds-container-service/1.3.0-SNAPSHOT/hdds-container-service-1.3.0-SNAPSHOT.jar!/webapps/static,AVAILABLE}
2022-03-03 14:18:29,551 [Listener at 127.0.0.1/34469] INFO  handler.ContextHandler (ContextHandler.java:doStart(915)) - Started o.e.j.w.WebAppContext@c0f3c1{hddsDatanode,/,file:///tmp/jetty-0_0_0_0-36127-hdds-container-service-1_3_0-SNAPSHOT_jar-_-any-6863406065546971934/webapp/,AVAILABLE}{jar:file:/home/runner/.m2/repository/org/apache/ozone/hdds-container-service/1.3.0-SNAPSHOT/hdds-container-service-1.3.0-SNAPSHOT.jar!/webapps/hddsDatanode}
2022-03-03 14:18:29,553 [Listener at 127.0.0.1/34469] INFO  server.AbstractConnector (AbstractConnector.java:doStart(331)) - Started ServerConnector@fc4f925{HTTP/1.1, (http/1.1)}{0.0.0.0:36127}
2022-03-03 14:18:29,553 [Listener at 127.0.0.1/34469] INFO  server.Server (Server.java:doStart(415)) - Started @27566ms
2022-03-03 14:18:29,553 [Listener at 127.0.0.1/34469] WARN  impl.MetricsSystemImpl (MetricsSystemImpl.java:register(279)) - Sink prometheus already exists!
2022-03-03 14:18:29,554 [Listener at 127.0.0.1/34469] INFO  http.BaseHttpServer (BaseHttpServer.java:updateConnectorAddress(329)) - HTTP server of hddsDatanode listening at http://0.0.0.0:36127
2022-03-03 14:18:29,555 [Datanode State Machine Daemon Thread] INFO  statemachine.DatanodeStateMachine (DatanodeStateMachine.java:lambda$startDaemon$0(470)) - Ozone container server started.
2022-03-03 14:18:29,559 [Listener at 127.0.0.1/34469] WARN  impl.MetricRegistriesImpl (MetricRegistriesImpl.java:addReporterRegistration(111)) - New reporters are added after registries were created. Some metrics will be missing from the reporter. Please add reporter before adding any new registry.
2022-03-03 14:18:29,559 [Listener at 127.0.0.1/34469] WARN  impl.MetricRegistriesImpl (MetricRegistriesImpl.java:addReporterRegistration(111)) - New reporters are added after registries were created. Some metrics will be missing from the reporter. Please add reporter before adding any new registry.
2022-03-03 14:18:29,561 [Listener at 127.0.0.1/34469] INFO  impl.MetricsSystemImpl (MetricsSystemImpl.java:init(158)) - HddsDatanode metrics system started (again)
2022-03-03 14:18:29,569 [org.apache.hadoop.util.JvmPauseMonitor$Monitor@7685b528] INFO  util.JvmPauseMonitor (JvmPauseMonitor.java:run(188)) - Starting JVM pause monitor
2022-03-03 14:18:29,569 [Datanode State Machine Task Thread - 0] INFO  ha.SCMNodeInfo (SCMNodeInfo.java:getPort(197)) - ConfigKey ozone.scm.client.address is deprecated, For configuring different ports for each SCM use PortConfigKey ozone.scm.client.port appended with serviceId and nodeId
2022-03-03 14:18:29,572 [Datanode State Machine Task Thread - 0] INFO  ha.SCMNodeInfo (SCMNodeInfo.java:getPort(197)) - ConfigKey ozone.scm.block.client.address is deprecated, For configuring different ports for each SCM use PortConfigKey ozone.scm.block.client.port appended with serviceId and nodeId
2022-03-03 14:18:29,572 [Datanode State Machine Task Thread - 0] INFO  ha.SCMNodeInfo (SCMNodeInfo.java:getPort(197)) - ConfigKey ozone.scm.datanode.address is deprecated, For configuring different ports for each SCM use PortConfigKey ozone.scm.datanode.port appended with serviceId and nodeId
2022-03-03 14:18:29,573 [Datanode State Machine Task Thread - 0] INFO  ha.SCMNodeInfo (SCMNodeInfo.java:getPort(197)) - ConfigKey ozone.scm.client.address is deprecated, For configuring different ports for each SCM use PortConfigKey ozone.scm.client.port appended with serviceId and nodeId
2022-03-03 14:18:29,573 [Datanode State Machine Task Thread - 0] INFO  ha.SCMNodeInfo (SCMNodeInfo.java:getPort(197)) - ConfigKey ozone.scm.block.client.address is deprecated, For configuring different ports for each SCM use PortConfigKey ozone.scm.block.client.port appended with serviceId and nodeId
2022-03-03 14:18:29,573 [Datanode State Machine Task Thread - 0] INFO  ha.SCMNodeInfo (SCMNodeInfo.java:getPort(197)) - ConfigKey ozone.scm.datanode.address is deprecated, For configuring different ports for each SCM use PortConfigKey ozone.scm.datanode.port appended with serviceId and nodeId
2022-03-03 14:18:29,573 [Datanode State Machine Task Thread - 0] INFO  ha.SCMNodeInfo (SCMNodeInfo.java:getPort(197)) - ConfigKey ozone.scm.client.address is deprecated, For configuring different ports for each SCM use PortConfigKey ozone.scm.client.port appended with serviceId and nodeId
2022-03-03 14:18:29,573 [Datanode State Machine Task Thread - 0] INFO  ha.SCMNodeInfo (SCMNodeInfo.java:getPort(197)) - ConfigKey ozone.scm.block.client.address is deprecated, For configuring different ports for each SCM use PortConfigKey ozone.scm.block.client.port appended with serviceId and nodeId
2022-03-03 14:18:29,573 [Datanode State Machine Task Thread - 0] INFO  ha.SCMNodeInfo (SCMNodeInfo.java:getPort(197)) - ConfigKey ozone.scm.datanode.address is deprecated, For configuring different ports for each SCM use PortConfigKey ozone.scm.datanode.port appended with serviceId and nodeId
2022-03-03 14:18:29,588 [Listener at 127.0.0.1/34469] INFO  ozone.HddsDatanodeService (HddsDatanodeService.java:start(233)) - HddsDatanodeService host:fv-az50-851.grzltbmokehuzjyc5b133kdqgh.cx.internal.cloudapp.net ip:10.1.0.28
2022-03-03 14:18:29,617 [Listener at 127.0.0.1/34469] INFO  upgrade.AbstractLayoutVersionManager (AbstractLayoutVersionManager.java:init(79)) - Initializing Layout version manager with metadata layout = SCM_HA (version = 2), software layout = SCM_HA (version = 2)
2022-03-03 14:18:29,627 [omNode-1@group-6C22E66A003A-FollowerState] INFO  impl.FollowerState (FollowerState.java:run(134)) - omNode-1@group-6C22E66A003A-FollowerState: change to CANDIDATE, lastRpcElapsedTime:1213175963ns, electionTimeout:1183ms
2022-03-03 14:18:29,627 [omNode-1@group-6C22E66A003A-FollowerState] INFO  impl.RoleInfo (RoleInfo.java:shutdownFollowerState(108)) - omNode-1: shutdown omNode-1@group-6C22E66A003A-FollowerState
2022-03-03 14:18:29,627 [omNode-1@group-6C22E66A003A-FollowerState] INFO  server.RaftServer$Division (RaftServerImpl.java:setRole(290)) - omNode-1@group-6C22E66A003A: changes role from  FOLLOWER to CANDIDATE at term 0 for changeToCandidate
2022-03-03 14:18:29,627 [omNode-1@group-6C22E66A003A-FollowerState] INFO  server.RaftServerConfigKeys (ConfUtils.java:logGet(44)) - raft.server.leaderelection.pre-vote = false (custom)
2022-03-03 14:18:29,627 [omNode-1@group-6C22E66A003A-FollowerState] INFO  impl.RoleInfo (RoleInfo.java:updateAndGet(130)) - omNode-1: start omNode-1@group-6C22E66A003A-LeaderElection3
2022-03-03 14:18:29,647 [omNode-1@group-6C22E66A003A-LeaderElection3] INFO  impl.LeaderElection (LeaderElection.java:askForVotes(306)) - omNode-1@group-6C22E66A003A-LeaderElection3 ELECTION round 0: submit vote requests at term 1 for -1: [omNode-3|rpc:localhost:35037|priority:0, omNode-1|rpc:localhost:39721|priority:0, omNode-2|rpc:localhost:46363|priority:0], old=null
2022-03-03 14:18:29,684 [Listener at 127.0.0.1/34469] INFO  reflections.Reflections (Reflections.java:scan(232)) - Reflections took 66 ms to scan 7 urls, producing 122 keys and 286 values 
2022-03-03 14:18:29,685 [Listener at 127.0.0.1/34469] INFO  ha.SCMNodeInfo (SCMNodeInfo.java:getPort(197)) - ConfigKey ozone.scm.client.address is deprecated, For configuring different ports for each SCM use PortConfigKey ozone.scm.client.port appended with serviceId and nodeId
2022-03-03 14:18:29,703 [Listener at 127.0.0.1/34469] INFO  ha.SCMNodeInfo (SCMNodeInfo.java:getPort(197)) - ConfigKey ozone.scm.block.client.address is deprecated, For configuring different ports for each SCM use PortConfigKey ozone.scm.block.client.port appended with serviceId and nodeId
2022-03-03 14:18:29,704 [Listener at 127.0.0.1/34469] INFO  ha.SCMNodeInfo (SCMNodeInfo.java:getPort(197)) - ConfigKey ozone.scm.datanode.address is deprecated, For configuring different ports for each SCM use PortConfigKey ozone.scm.datanode.port appended with serviceId and nodeId
2022-03-03 14:18:29,704 [Listener at 127.0.0.1/34469] INFO  ha.SCMNodeInfo (SCMNodeInfo.java:getPort(197)) - ConfigKey ozone.scm.client.address is deprecated, For configuring different ports for each SCM use PortConfigKey ozone.scm.client.port appended with serviceId and nodeId
2022-03-03 14:18:29,704 [Listener at 127.0.0.1/34469] INFO  ha.SCMNodeInfo (SCMNodeInfo.java:getPort(197)) - ConfigKey ozone.scm.block.client.address is deprecated, For configuring different ports for each SCM use PortConfigKey ozone.scm.block.client.port appended with serviceId and nodeId
2022-03-03 14:18:29,704 [Listener at 127.0.0.1/34469] INFO  ha.SCMNodeInfo (SCMNodeInfo.java:getPort(197)) - ConfigKey ozone.scm.datanode.address is deprecated, For configuring different ports for each SCM use PortConfigKey ozone.scm.datanode.port appended with serviceId and nodeId
2022-03-03 14:18:29,704 [Listener at 127.0.0.1/34469] INFO  ha.SCMNodeInfo (SCMNodeInfo.java:getPort(197)) - ConfigKey ozone.scm.client.address is deprecated, For configuring different ports for each SCM use PortConfigKey ozone.scm.client.port appended with serviceId and nodeId
2022-03-03 14:18:29,704 [Listener at 127.0.0.1/34469] INFO  ha.SCMNodeInfo (SCMNodeInfo.java:getPort(197)) - ConfigKey ozone.scm.block.client.address is deprecated, For configuring different ports for each SCM use PortConfigKey ozone.scm.block.client.port appended with serviceId and nodeId
2022-03-03 14:18:29,704 [Listener at 127.0.0.1/34469] INFO  ha.SCMNodeInfo (SCMNodeInfo.java:getPort(197)) - ConfigKey ozone.scm.datanode.address is deprecated, For configuring different ports for each SCM use PortConfigKey ozone.scm.datanode.port appended with serviceId and nodeId
2022-03-03 14:18:29,704 [Listener at 127.0.0.1/34469] INFO  statemachine.DatanodeStateMachine (DatanodeStateMachine.java:getEndPointTaskThreadPoolSize(222)) - Datanode State Machine Task Thread Pool size 4
2022-03-03 14:18:29,715 [Listener at 127.0.0.1/34469] INFO  volume.HddsVolume (HddsVolume.java:<init>(120)) - Creating HddsVolume: /home/runner/work/ozone/ozone/hadoop-ozone/integration-test/target/test-dir/MiniOzoneClusterImpl-0274ca87-c068-4a4d-855f-b1ef4eb933b0/datanode-1/data-0/containers/hdds of storage type : DISK capacity : 9223372036854775807
2022-03-03 14:18:29,716 [Listener at 127.0.0.1/34469] INFO  volume.MutableVolumeSet (MutableVolumeSet.java:initializeVolumeSet(168)) - Added Volume : /home/runner/work/ozone/ozone/hadoop-ozone/integration-test/target/test-dir/MiniOzoneClusterImpl-0274ca87-c068-4a4d-855f-b1ef4eb933b0/datanode-1/data-0/containers/hdds to VolumeSet
2022-03-03 14:18:29,716 [Listener at 127.0.0.1/34469] INFO  volume.ThrottledAsyncChecker (ThrottledAsyncChecker.java:schedule(141)) - Scheduling a check for /home/runner/work/ozone/ozone/hadoop-ozone/integration-test/target/test-dir/MiniOzoneClusterImpl-0274ca87-c068-4a4d-855f-b1ef4eb933b0/datanode-1/data-0/containers/hdds
2022-03-03 14:18:29,722 [Datanode State Machine Task Thread - 0] INFO  datanode.InitDatanodeState (InitDatanodeState.java:persistContainerDatanodeDetails(138)) - DatanodeDetails is persisted to /home/runner/work/ozone/ozone/hadoop-ozone/integration-test/target/test-dir/MiniOzoneClusterImpl-0274ca87-c068-4a4d-855f-b1ef4eb933b0/datanode-0/meta/datanode.id
2022-03-03 14:18:29,722 [Listener at 127.0.0.1/34469] INFO  volume.StorageVolumeChecker (StorageVolumeChecker.java:checkAllVolumes(202)) - Scheduled health check for volume /home/runner/work/ozone/ozone/hadoop-ozone/integration-test/target/test-dir/MiniOzoneClusterImpl-0274ca87-c068-4a4d-855f-b1ef4eb933b0/datanode-1/data-0/containers/hdds
2022-03-03 14:18:29,743 [grpc-default-executor-0] INFO  server.RaftServer$Division (RaftServerImpl.java:requestVote(1046)) - omNode-3@group-6C22E66A003A: receive requestVote(ELECTION, omNode-1, group-6C22E66A003A, 1, (t:0, i:~))
2022-03-03 14:18:29,744 [grpc-default-executor-0] INFO  impl.VoteContext (VoteContext.java:log(48)) - omNode-3@group-6C22E66A003A-FOLLOWER: accept ELECTION from omNode-1: our priority 0 <= candidate's priority 0
2022-03-03 14:18:29,745 [grpc-default-executor-0] INFO  server.RaftServer$Division (RaftServerImpl.java:setRole(290)) - omNode-3@group-6C22E66A003A: changes role from  FOLLOWER to FOLLOWER at term 1 for candidate:omNode-1
2022-03-03 14:18:29,745 [grpc-default-executor-0] INFO  impl.RoleInfo (RoleInfo.java:shutdownFollowerState(108)) - omNode-3: shutdown omNode-3@group-6C22E66A003A-FollowerState
2022-03-03 14:18:29,745 [grpc-default-executor-0] INFO  impl.RoleInfo (RoleInfo.java:updateAndGet(130)) - omNode-3: start omNode-3@group-6C22E66A003A-FollowerState
2022-03-03 14:18:29,745 [grpc-default-executor-1] INFO  server.RaftServer$Division (RaftServerImpl.java:requestVote(1046)) - omNode-2@group-6C22E66A003A: receive requestVote(ELECTION, omNode-1, group-6C22E66A003A, 1, (t:0, i:~))
2022-03-03 14:18:29,745 [omNode-3@group-6C22E66A003A-FollowerState] INFO  impl.FollowerState (FollowerState.java:run(143)) - omNode-3@group-6C22E66A003A-FollowerState was interrupted: {}
java.lang.InterruptedException: sleep interrupted
	at java.lang.Thread.sleep(Native Method)
	at java.lang.Thread.sleep(Thread.java:342)
	at java.util.concurrent.TimeUnit.sleep(TimeUnit.java:386)
	at org.apache.ratis.util.TimeDuration.sleep(TimeDuration.java:324)
	at org.apache.ratis.util.TimeDuration.sleep(TimeDuration.java:309)
	at org.apache.ratis.server.impl.FollowerState.run(FollowerState.java:118)
2022-03-03 14:18:29,748 [Listener at 127.0.0.1/34469] INFO  volume.MutableVolumeSet (MutableVolumeSet.java:initializeVolumeSet(168)) - Added Volume : /home/runner/work/ozone/ozone/hadoop-ozone/integration-test/target/test-dir/MiniOzoneClusterImpl-0274ca87-c068-4a4d-855f-b1ef4eb933b0/datanode-1/data/ratis to VolumeSet
2022-03-03 14:18:29,748 [Listener at 127.0.0.1/34469] INFO  volume.ThrottledAsyncChecker (ThrottledAsyncChecker.java:schedule(141)) - Scheduling a check for /home/runner/work/ozone/ozone/hadoop-ozone/integration-test/target/test-dir/MiniOzoneClusterImpl-0274ca87-c068-4a4d-855f-b1ef4eb933b0/datanode-1/data/ratis
2022-03-03 14:18:29,760 [Listener at 127.0.0.1/34469] INFO  volume.StorageVolumeChecker (StorageVolumeChecker.java:checkAllVolumes(202)) - Scheduled health check for volume /home/runner/work/ozone/ozone/hadoop-ozone/integration-test/target/test-dir/MiniOzoneClusterImpl-0274ca87-c068-4a4d-855f-b1ef4eb933b0/datanode-1/data/ratis
2022-03-03 14:18:29,763 [grpc-default-executor-0] INFO  server.RaftServer$Division (RaftServerImpl.java:requestVote(1078)) - omNode-3@group-6C22E66A003A replies to ELECTION vote request: omNode-1<-omNode-3#0:OK-t1. Peer's state: omNode-3@group-6C22E66A003A:t1, leader=null, voted=omNode-1, raftlog=omNode-3@group-6C22E66A003A-SegmentedRaftLog:OPENED:c-1, conf=-1: [omNode-3|rpc:localhost:35037|priority:0, omNode-1|rpc:localhost:39721|priority:0, omNode-2|rpc:localhost:46363|priority:0], old=null
2022-03-03 14:18:29,745 [grpc-default-executor-1] INFO  impl.VoteContext (VoteContext.java:log(48)) - omNode-2@group-6C22E66A003A-FOLLOWER: accept ELECTION from omNode-1: our priority 0 <= candidate's priority 0
2022-03-03 14:18:29,764 [grpc-default-executor-1] INFO  server.RaftServer$Division (RaftServerImpl.java:setRole(290)) - omNode-2@group-6C22E66A003A: changes role from  FOLLOWER to FOLLOWER at term 1 for candidate:omNode-1
2022-03-03 14:18:29,764 [grpc-default-executor-1] INFO  impl.RoleInfo (RoleInfo.java:shutdownFollowerState(108)) - omNode-2: shutdown omNode-2@group-6C22E66A003A-FollowerState
2022-03-03 14:18:29,764 [grpc-default-executor-1] INFO  impl.RoleInfo (RoleInfo.java:updateAndGet(130)) - omNode-2: start omNode-2@group-6C22E66A003A-FollowerState
2022-03-03 14:18:29,770 [grpc-default-executor-1] INFO  server.RaftServer$Division (RaftServerImpl.java:requestVote(1078)) - omNode-2@group-6C22E66A003A replies to ELECTION vote request: omNode-1<-omNode-2#0:OK-t1. Peer's state: omNode-2@group-6C22E66A003A:t1, leader=null, voted=omNode-1, raftlog=omNode-2@group-6C22E66A003A-SegmentedRaftLog:OPENED:c-1, conf=-1: [omNode-3|rpc:localhost:35037|priority:0, omNode-1|rpc:localhost:39721|priority:0, omNode-2|rpc:localhost:46363|priority:0], old=null
2022-03-03 14:18:29,770 [omNode-2@group-6C22E66A003A-FollowerState] INFO  impl.FollowerState (FollowerState.java:run(134)) - omNode-2@group-6C22E66A003A-FollowerState: change to CANDIDATE, lastRpcElapsedTime:1054589839ns, electionTimeout:1036ms
2022-03-03 14:18:29,773 [omNode-1@group-6C22E66A003A-LeaderElection3] INFO  impl.LeaderElection (LeaderElection.java:logAndReturn(89)) - omNode-1@group-6C22E66A003A-LeaderElection3: ELECTION PASSED received 1 response(s) and 0 exception(s):
2022-03-03 14:18:29,773 [omNode-1@group-6C22E66A003A-LeaderElection3] INFO  impl.LeaderElection (LeaderElection.java:logAndReturn(93)) -   Response 0: omNode-1<-omNode-3#0:OK-t1
2022-03-03 14:18:29,773 [omNode-1@group-6C22E66A003A-LeaderElection3] INFO  impl.LeaderElection (LeaderElection.java:askForVotes(308)) - omNode-1@group-6C22E66A003A-LeaderElection3 ELECTION round 0: result PASSED
2022-03-03 14:18:29,773 [omNode-1@group-6C22E66A003A-LeaderElection3] INFO  impl.RoleInfo (RoleInfo.java:shutdownLeaderElection(121)) - omNode-1: shutdown omNode-1@group-6C22E66A003A-LeaderElection3
2022-03-03 14:18:29,773 [omNode-1@group-6C22E66A003A-LeaderElection3] INFO  server.RaftServer$Division (RaftServerImpl.java:setRole(290)) - omNode-1@group-6C22E66A003A: changes role from CANDIDATE to LEADER at term 1 for changeToLeader
2022-03-03 14:18:29,773 [omNode-1@group-6C22E66A003A-LeaderElection3] INFO  server.RaftServer$Division (ServerState.java:setLeader(285)) - omNode-1@group-6C22E66A003A: change Leader from null to omNode-1 at term 1 for becomeLeader, leader elected after 1449ms
2022-03-03 14:18:29,773 [omNode-1@group-6C22E66A003A-LeaderElection3] INFO  server.RaftServerConfigKeys (ConfUtils.java:logGet(44)) - raft.server.staging.catchup.gap = 1000 (default)
2022-03-03 14:18:29,774 [omNode-1@group-6C22E66A003A-LeaderElection3] INFO  server.RaftServerConfigKeys (ConfUtils.java:logGet(44)) - raft.server.write.element-limit = 4096 (default)
2022-03-03 14:18:29,774 [omNode-1@group-6C22E66A003A-LeaderElection3] INFO  server.RaftServerConfigKeys (ConfUtils.java:logGet(44)) - raft.server.write.byte-limit = 64MB (=67108864) (default)
2022-03-03 14:18:29,774 [omNode-1@group-6C22E66A003A-LeaderElection3] INFO  server.RaftServerConfigKeys (ConfUtils.java:logGet(44)) - raft.server.watch.timeout = 10s (default)
2022-03-03 14:18:29,774 [omNode-1@group-6C22E66A003A-LeaderElection3] INFO  server.RaftServerConfigKeys (ConfUtils.java:logGet(44)) - raft.server.watch.timeout.denomination = 1s (default)
2022-03-03 14:18:29,774 [omNode-1@group-6C22E66A003A-LeaderElection3] INFO  server.RaftServerConfigKeys (ConfUtils.java:logGet(44)) - raft.server.watch.element-limit = 65536 (default)
2022-03-03 14:18:29,774 [omNode-1@group-6C22E66A003A-LeaderElection3] INFO  server.RaftServerConfigKeys (ConfUtils.java:logGet(44)) - raft.server.write.element-limit = 4096 (default)
2022-03-03 14:18:29,774 [omNode-1@group-6C22E66A003A-LeaderElection3] INFO  server.RaftServerConfigKeys (ConfUtils.java:logGet(44)) - raft.server.write.follower.gap.ratio.max = -1.0 (default)
2022-03-03 14:18:29,774 [omNode-1@group-6C22E66A003A-LeaderElection3] INFO  server.RaftServerConfigKeys (ConfUtils.java:logGet(44)) - raft.server.log.appender.snapshot.chunk.size.max = 16MB (=16777216) (default)
2022-03-03 14:18:29,774 [omNode-1@group-6C22E66A003A-LeaderElection3] INFO  server.RaftServerConfigKeys (ConfUtils.java:logGet(44)) - raft.server.log.appender.buffer.byte-limit = 33554432 (custom)
2022-03-03 14:18:29,774 [omNode-1@group-6C22E66A003A-LeaderElection3] INFO  server.RaftServerConfigKeys (ConfUtils.java:logGet(44)) - raft.server.log.appender.buffer.element-limit = 1024 (custom)
2022-03-03 14:18:29,774 [omNode-1@group-6C22E66A003A-LeaderElection3] INFO  grpc.GrpcConfigKeys (ConfUtils.java:logGet(44)) - raft.grpc.server.leader.outstanding.appends.max = 128 (default)
2022-03-03 14:18:29,775 [omNode-2@group-6C22E66A003A-FollowerState] INFO  impl.RoleInfo (RoleInfo.java:shutdownFollowerState(108)) - omNode-2: shutdown omNode-2@group-6C22E66A003A-FollowerState
2022-03-03 14:18:29,775 [omNode-2@group-6C22E66A003A-FollowerState] INFO  server.RaftServer$Division (RaftServerImpl.java:setRole(290)) - omNode-2@group-6C22E66A003A: changes role from  FOLLOWER to CANDIDATE at term 1 for changeToCandidate
2022-03-03 14:18:29,775 [omNode-2@group-6C22E66A003A-FollowerState] INFO  server.RaftServerConfigKeys (ConfUtils.java:logGet(44)) - raft.server.leaderelection.pre-vote = false (custom)
2022-03-03 14:18:29,775 [omNode-2@group-6C22E66A003A-FollowerState] INFO  impl.RoleInfo (RoleInfo.java:updateAndGet(130)) - omNode-2: start omNode-2@group-6C22E66A003A-LeaderElection4
2022-03-03 14:18:29,779 [omNode-1@group-6C22E66A003A-LeaderElection3] INFO  server.RaftServerConfigKeys (ConfUtils.java:logGet(44)) - raft.server.rpc.request.timeout = 3000ms (default)
2022-03-03 14:18:29,779 [omNode-1@group-6C22E66A003A-LeaderElection3] INFO  server.RaftServerConfigKeys (ConfUtils.java:logGet(44)) - raft.server.log.appender.install.snapshot.enabled = false (custom)
2022-03-03 14:18:29,779 [omNode-1@group-6C22E66A003A-LeaderElection3] INFO  server.RaftServerConfigKeys (ConfUtils.java:logGet(44)) - raft.server.log.appender.snapshot.chunk.size.max = 16MB (=16777216) (default)
2022-03-03 14:18:29,780 [omNode-1@group-6C22E66A003A-LeaderElection3] INFO  server.RaftServerConfigKeys (ConfUtils.java:logGet(44)) - raft.server.log.appender.buffer.byte-limit = 33554432 (custom)
2022-03-03 14:18:29,780 [omNode-1@group-6C22E66A003A-LeaderElection3] INFO  server.RaftServerConfigKeys (ConfUtils.java:logGet(44)) - raft.server.log.appender.buffer.element-limit = 1024 (custom)
2022-03-03 14:18:29,789 [omNode-1@group-6C22E66A003A-LeaderElection3] INFO  grpc.GrpcConfigKeys (ConfUtils.java:logGet(44)) - raft.grpc.server.leader.outstanding.appends.max = 128 (default)
2022-03-03 14:18:29,789 [omNode-1@group-6C22E66A003A-LeaderElection3] INFO  server.RaftServerConfigKeys (ConfUtils.java:logGet(44)) - raft.server.rpc.request.timeout = 3000ms (default)
2022-03-03 14:18:29,789 [omNode-1@group-6C22E66A003A-LeaderElection3] INFO  server.RaftServerConfigKeys (ConfUtils.java:logGet(44)) - raft.server.log.appender.install.snapshot.enabled = false (custom)
2022-03-03 14:18:29,790 [omNode-1@group-6C22E66A003A-LeaderElection3] INFO  impl.RoleInfo (RoleInfo.java:updateAndGet(130)) - omNode-1: start omNode-1@group-6C22E66A003A-LeaderStateImpl
2022-03-03 14:18:29,790 [omNode-1@group-6C22E66A003A-LeaderElection3] INFO  segmented.SegmentedRaftLogWorker (SegmentedRaftLogWorker.java:startLogSegment(394)) - omNode-1@group-6C22E66A003A-SegmentedRaftLogWorker: Starting segment from index:0
2022-03-03 14:18:29,795 [Thread-680] INFO  ozoneimpl.ContainerReader (ContainerReader.java:readVolume(172)) - Finish verifying containers on volume /home/runner/work/ozone/ozone/hadoop-ozone/integration-test/target/test-dir/MiniOzoneClusterImpl-0274ca87-c068-4a4d-855f-b1ef4eb933b0/datanode-1/data-0/containers/hdds
2022-03-03 14:18:29,795 [Listener at 127.0.0.1/34469] INFO  ozoneimpl.OzoneContainer (OzoneContainer.java:buildContainerSet(257)) - Build ContainerSet costs 0s
2022-03-03 14:18:29,799 [Listener at 127.0.0.1/34469] INFO  server.RaftServer (ConfUtils.java:logGet(44)) - raft.rpc.type = GRPC (default)
2022-03-03 14:18:29,818 [Listener at 127.0.0.1/34469] INFO  grpc.GrpcFactory (GrpcFactory.java:checkPooledByteBufAllocatorUseCacheForAllThreads(48)) - PERFORMANCE WARNING: useCacheForAllThreads is true that may cause Netty to create a lot garbage objects and, as a result, trigger GC.
	It is recommended to disable useCacheForAllThreads by setting -Dorg.apache.ratis.thirdparty.io.netty.allocator.useCacheForAllThreads=false in command line.
2022-03-03 14:18:29,818 [Listener at 127.0.0.1/34469] INFO  grpc.GrpcConfigKeys (ConfUtils.java:logGet(44)) - raft.grpc.admin.port = 0 (custom)
2022-03-03 14:18:29,818 [Listener at 127.0.0.1/34469] INFO  grpc.GrpcConfigKeys (ConfUtils.java:logGet(44)) - raft.grpc.client.port = 0 (custom)
2022-03-03 14:18:29,819 [Listener at 127.0.0.1/34469] INFO  grpc.GrpcConfigKeys (ConfUtils.java:logGet(44)) - raft.grpc.server.port = 0 (default)
2022-03-03 14:18:29,819 [Listener at 127.0.0.1/34469] INFO  server.GrpcService (ConfUtils.java:logGet(44)) - raft.grpc.message.size.max = 32MB (=33554432) (custom)
2022-03-03 14:18:29,819 [Listener at 127.0.0.1/34469] INFO  server.RaftServerConfigKeys (ConfUtils.java:logGet(44)) - raft.server.log.appender.buffer.byte-limit = 33554432 (custom)
2022-03-03 14:18:29,819 [Listener at 127.0.0.1/34469] INFO  server.GrpcService (ConfUtils.java:logGet(44)) - raft.grpc.flow.control.window = 5MB (=5242880) (custom)
2022-03-03 14:18:29,819 [Listener at 127.0.0.1/34469] INFO  server.RaftServerConfigKeys (ConfUtils.java:logGet(44)) - raft.server.rpc.request.timeout = 60s (custom)
2022-03-03 14:18:29,820 [Listener at 127.0.0.1/34469] INFO  impl.DataStreamServerImpl (ConfUtils.java:logGet(44)) - raft.datastream.type = DISABLED (default)
2022-03-03 14:18:29,820 [Listener at 127.0.0.1/34469] INFO  server.RaftServerConfigKeys (ConfUtils.java:logGet(44)) - raft.server.rpc.slowness.timeout = 300s (custom)
2022-03-03 14:18:29,820 [Listener at 127.0.0.1/34469] INFO  server.RaftServerConfigKeys (ConfUtils.java:logGet(44)) - raft.server.leaderelection.leader.step-down.wait-time = 10s (default)
2022-03-03 14:18:29,820 [Listener at 127.0.0.1/34469] INFO  server.RaftServerConfigKeys (ConfUtils.java:logGet(44)) - raft.server.storage.dir = [/home/runner/work/ozone/ozone/hadoop-ozone/integration-test/target/test-dir/MiniOzoneClusterImpl-0274ca87-c068-4a4d-855f-b1ef4eb933b0/datanode-1/data/ratis] (custom)
2022-03-03 14:18:29,821 [Listener at 127.0.0.1/34469] INFO  server.XceiverServerGrpc (XceiverServerGrpc.java:<init>(132)) - GrpcServer channel type EpollServerSocketChannel
2022-03-03 14:18:29,818 [grpc-default-executor-0] INFO  server.RaftServer$Division (ServerState.java:setLeader(285)) - omNode-3@group-6C22E66A003A: change Leader from null to omNode-1 at term 1 for appendEntries, leader elected after 842ms
2022-03-03 14:18:29,818 [omNode-1@group-6C22E66A003A-SegmentedRaftLogWorker] INFO  segmented.SegmentedRaftLogWorker (SegmentedRaftLogWorker.java:execute(601)) - omNode-1@group-6C22E66A003A-SegmentedRaftLogWorker: created new log segment /home/runner/work/ozone/ozone/hadoop-ozone/integration-test/target/test-dir/MiniOzoneClusterImpl-0274ca87-c068-4a4d-855f-b1ef4eb933b0/omNode-1/ratis/9c9825ce-8ba7-3ee6-a7c3-6c22e66a003a/current/log_inprogress_0
2022-03-03 14:18:29,817 [omNode-1@group-6C22E66A003A-LeaderElection3] INFO  server.RaftServer$Division (ServerState.java:setRaftConf(387)) - omNode-1@group-6C22E66A003A: set configuration 0: [omNode-3|rpc:localhost:35037|admin:|client:|dataStream:|priority:0, omNode-1|rpc:localhost:39721|admin:|client:|dataStream:|priority:0, omNode-2|rpc:localhost:46363|admin:|client:|dataStream:|priority:0], old=null
2022-03-03 14:18:29,816 [omNode-2@group-6C22E66A003A-LeaderElection4] INFO  impl.LeaderElection (LeaderElection.java:askForVotes(306)) - omNode-2@group-6C22E66A003A-LeaderElection4 ELECTION round 0: submit vote requests at term 2 for -1: [omNode-3|rpc:localhost:35037|priority:0, omNode-1|rpc:localhost:39721|priority:0, omNode-2|rpc:localhost:46363|priority:0], old=null
2022-03-03 14:18:29,834 [omNode-1@group-6C22E66A003A-StateMachineUpdater] INFO  ratis.OzoneManagerStateMachine (OzoneManagerStateMachine.java:notifyConfigurationChanged(188)) - Received Configuration change notification from Ratis. New Peer list:
[id: "omNode-3"
address: "localhost:35037"
, id: "omNode-1"
address: "localhost:39721"
, id: "omNode-2"
address: "localhost:46363"
]
2022-03-03 14:18:29,836 [grpc-default-executor-0] INFO  server.RaftServer$Division (ServerState.java:setRaftConf(387)) - omNode-3@group-6C22E66A003A: set configuration 0: [omNode-3|rpc:localhost:35037|admin:|client:|dataStream:|priority:0, omNode-1|rpc:localhost:39721|admin:|client:|dataStream:|priority:0, omNode-2|rpc:localhost:46363|admin:|client:|dataStream:|priority:0], old=null
2022-03-03 14:18:29,836 [grpc-default-executor-0] INFO  segmented.SegmentedRaftLogWorker (SegmentedRaftLogWorker.java:startLogSegment(394)) - omNode-3@group-6C22E66A003A-SegmentedRaftLogWorker: Starting segment from index:0
2022-03-03 14:18:29,858 [Listener at 127.0.0.1/34469] INFO  http.BaseHttpServer (BaseHttpServer.java:newHttpServer2BuilderForOzone(209)) - Starting Web-server for hddsDatanode at: http://0.0.0.0:0
2022-03-03 14:18:29,858 [Listener at 127.0.0.1/34469] INFO  http.BaseHttpServer (BaseHttpServer.java:<init>(107)) - Hadoop Security Enabled: false Ozone Security Enabled: false Ozone HTTP Security Enabled: false 
2022-03-03 14:18:29,860 [Listener at 127.0.0.1/34469] INFO  server.AuthenticationFilter (AuthenticationFilter.java:constructSecretProvider(240)) - Unable to initialize FileSignerSecretProvider, falling back to use random secrets.
2022-03-03 14:18:29,862 [Listener at 127.0.0.1/34469] WARN  http.HttpRequestLog (HttpRequestLog.java:getRequestLog(103)) - Jetty request log can only be enabled using Log4j
2022-03-03 14:18:29,863 [Listener at 127.0.0.1/34469] INFO  http.HttpServer2 (HttpServer2.java:addGlobalFilter(1030)) - Added global filter 'safety' (class=org.apache.hadoop.hdds.server.http.HttpServer2$QuotingInputFilter)
2022-03-03 14:18:29,863 [Listener at 127.0.0.1/34469] INFO  http.HttpServer2 (HttpServer2.java:addFilter(1006)) - Added filter static_user_filter (class=org.apache.hadoop.http.lib.StaticUserWebFilter$StaticUserFilter) to context hddsDatanode
2022-03-03 14:18:29,864 [Listener at 127.0.0.1/34469] INFO  http.HttpServer2 (HttpServer2.java:addFilter(1014)) - Added filter static_user_filter (class=org.apache.hadoop.http.lib.StaticUserWebFilter$StaticUserFilter) to context logs
2022-03-03 14:18:29,864 [Listener at 127.0.0.1/34469] INFO  http.HttpServer2 (HttpServer2.java:addFilter(1014)) - Added filter static_user_filter (class=org.apache.hadoop.http.lib.StaticUserWebFilter$StaticUserFilter) to context static
2022-03-03 14:18:29,864 [omNode-1@group-6C22E66A003A-LeaderStateImpl] INFO  server.RaftServer$Division (ServerState.java:setLeader(285)) - omNode-1@group-6C22E66A003A: change Leader from omNode-1 to null at term 2 for updateCurrentTerm
2022-03-03 14:18:29,864 [omNode-1@group-6C22E66A003A-LeaderStateImpl] INFO  server.RaftServer$Division (RaftServerImpl.java:setRole(290)) - omNode-1@group-6C22E66A003A: changes role from    LEADER to FOLLOWER at term 2 for StepDownReason:HIGHER_TERM
2022-03-03 14:18:29,864 [omNode-1@group-6C22E66A003A-LeaderStateImpl] INFO  impl.RoleInfo (RoleInfo.java:shutdownLeaderState(91)) - omNode-1: shutdown omNode-1@group-6C22E66A003A-LeaderStateImpl
2022-03-03 14:18:29,864 [Listener at 127.0.0.1/34469] INFO  http.HttpServer2 (HttpServer2.java:bindListener(1249)) - Jetty bound to port 44483
2022-03-03 14:18:29,864 [Listener at 127.0.0.1/34469] INFO  server.Server (Server.java:doStart(375)) - jetty-9.4.43.v20210629; built: 2021-06-30T11:07:22.254Z; git: 526006ecfa3af7f1a27ef3a288e2bef7ea9dd7e8; jvm 1.8.0_322-b06
2022-03-03 14:18:29,865 [omNode-3@group-6C22E66A003A-SegmentedRaftLogWorker] INFO  segmented.SegmentedRaftLogWorker (SegmentedRaftLogWorker.java:execute(601)) - omNode-3@group-6C22E66A003A-SegmentedRaftLogWorker: created new log segment /home/runner/work/ozone/ozone/hadoop-ozone/integration-test/target/test-dir/MiniOzoneClusterImpl-0274ca87-c068-4a4d-855f-b1ef4eb933b0/omNode-3/ratis/9c9825ce-8ba7-3ee6-a7c3-6c22e66a003a/current/log_inprogress_0
2022-03-03 14:18:29,865 [omNode-1@group-6C22E66A003A-LeaderStateImpl] INFO  impl.PendingRequests (PendingRequests.java:sendNotLeaderResponses(282)) - omNode-1@group-6C22E66A003A-PendingRequests: sendNotLeaderResponses
2022-03-03 14:18:29,871 [omNode-1@group-6C22E66A003A-LeaderStateImpl] INFO  impl.RoleInfo (RoleInfo.java:updateAndGet(130)) - omNode-1: start omNode-1@group-6C22E66A003A-FollowerState
2022-03-03 14:18:29,912 [grpc-default-executor-2] INFO  server.GrpcServerProtocolService (GrpcServerProtocolService.java:onCompleted(140)) - omNode-3: Completed APPEND_ENTRIES, lastRequest: omNode-1->omNode-3#1-t1,previous=(t:0, i:0),leaderCommit=-1,initializing? true,entries: size=1, first=(t:1, i:0), CONFIGURATIONENTRY
2022-03-03 14:18:29,917 [grpc-default-executor-3] INFO  server.GrpcLogAppender (GrpcLogAppender.java:onCompleted(346)) - omNode-1@group-6C22E66A003A->omNode-3-AppendLogResponseHandler: follower responses appendEntries COMPLETED
2022-03-03 14:18:29,920 [grpc-default-executor-3] INFO  leader.FollowerInfo (FollowerInfoImpl.java:lambda$new$0(47)) - omNode-1@group-6C22E66A003A->omNode-3: nextIndex: updateUnconditionally 1 -> 0
2022-03-03 14:18:29,921 [Listener at 127.0.0.1/34469] INFO  server.session (DefaultSessionIdManager.java:doStart(334)) - DefaultSessionIdManager workerName=node0
2022-03-03 14:18:29,921 [Listener at 127.0.0.1/34469] INFO  server.session (DefaultSessionIdManager.java:doStart(339)) - No SessionScavenger set, using defaults
2022-03-03 14:18:29,921 [Listener at 127.0.0.1/34469] INFO  server.session (HouseKeeper.java:startScavenging(132)) - node0 Scavenging every 600000ms
2022-03-03 14:18:29,923 [grpc-default-executor-0] INFO  server.GrpcServerProtocolService (GrpcServerProtocolService.java:onCompleted(140)) - omNode-2: Completed APPEND_ENTRIES, lastRequest: omNode-1->omNode-2#1-t1,previous=(t:0, i:0),leaderCommit=-1,initializing? true,entries: size=1, first=(t:1, i:0), CONFIGURATIONENTRY
2022-03-03 14:18:29,923 [Listener at 127.0.0.1/34469] INFO  handler.ContextHandler (ContextHandler.java:doStart(915)) - Started o.e.j.s.ServletContextHandler@68e6a05d{logs,/logs,file:///home/runner/work/ozone/ozone/hadoop-ozone/integration-test/target/log,AVAILABLE}
2022-03-03 14:18:29,924 [grpc-default-executor-3] INFO  server.GrpcLogAppender (GrpcLogAppender.java:onCompleted(346)) - omNode-1@group-6C22E66A003A->omNode-2-AppendLogResponseHandler: follower responses appendEntries COMPLETED
2022-03-03 14:18:29,924 [grpc-default-executor-3] INFO  leader.FollowerInfo (FollowerInfoImpl.java:lambda$new$0(47)) - omNode-1@group-6C22E66A003A->omNode-2: nextIndex: updateUnconditionally 1 -> 0
2022-03-03 14:18:29,924 [Listener at 127.0.0.1/34469] INFO  handler.ContextHandler (ContextHandler.java:doStart(915)) - Started o.e.j.s.ServletContextHandler@5773826d{static,/static,jar:file:/home/runner/.m2/repository/org/apache/ozone/hdds-container-service/1.3.0-SNAPSHOT/hdds-container-service-1.3.0-SNAPSHOT.jar!/webapps/static,AVAILABLE}
2022-03-03 14:18:29,926 [grpc-default-executor-1] INFO  server.RaftServer$Division (RaftServerImpl.java:requestVote(1046)) - omNode-1@group-6C22E66A003A: receive requestVote(ELECTION, omNode-2, group-6C22E66A003A, 2, (t:0, i:~))
2022-03-03 14:18:29,926 [grpc-default-executor-1] INFO  impl.VoteContext (VoteContext.java:log(48)) - omNode-1@group-6C22E66A003A-FOLLOWER: reject ELECTION from omNode-2: our last entry (t:1, i:0) > candidate's last entry (t:0, i:~)
2022-03-03 14:18:29,926 [grpc-default-executor-1] INFO  server.RaftServer$Division (RaftServerImpl.java:setRole(290)) - omNode-1@group-6C22E66A003A: changes role from  FOLLOWER to FOLLOWER at term 2 for candidate:omNode-2
2022-03-03 14:18:29,926 [grpc-default-executor-1] INFO  impl.RoleInfo (RoleInfo.java:shutdownFollowerState(108)) - omNode-1: shutdown omNode-1@group-6C22E66A003A-FollowerState
2022-03-03 14:18:29,926 [grpc-default-executor-1] INFO  impl.RoleInfo (RoleInfo.java:updateAndGet(130)) - omNode-1: start omNode-1@group-6C22E66A003A-FollowerState
2022-03-03 14:18:29,926 [omNode-1@group-6C22E66A003A-FollowerState] INFO  impl.FollowerState (FollowerState.java:run(143)) - omNode-1@group-6C22E66A003A-FollowerState was interrupted: {}
java.lang.InterruptedException: sleep interrupted
	at java.lang.Thread.sleep(Native Method)
	at java.lang.Thread.sleep(Thread.java:342)
	at java.util.concurrent.TimeUnit.sleep(TimeUnit.java:386)
	at org.apache.ratis.util.TimeDuration.sleep(TimeDuration.java:324)
	at org.apache.ratis.util.TimeDuration.sleep(TimeDuration.java:309)
	at org.apache.ratis.server.impl.FollowerState.run(FollowerState.java:118)
2022-03-03 14:18:29,927 [grpc-default-executor-4] INFO  server.RaftServer$Division (RaftServerImpl.java:requestVote(1046)) - omNode-3@group-6C22E66A003A: receive requestVote(ELECTION, omNode-2, group-6C22E66A003A, 2, (t:0, i:~))
2022-03-03 14:18:29,927 [grpc-default-executor-4] INFO  impl.VoteContext (VoteContext.java:log(48)) - omNode-3@group-6C22E66A003A-FOLLOWER: reject ELECTION from omNode-2: our last entry (t:1, i:0) > candidate's last entry (t:0, i:~)
2022-03-03 14:18:29,927 [grpc-default-executor-4] INFO  server.RaftServer$Division (ServerState.java:setLeader(285)) - omNode-3@group-6C22E66A003A: change Leader from omNode-1 to null at term 2 for updateCurrentTerm
2022-03-03 14:18:29,927 [grpc-default-executor-4] INFO  server.RaftServer$Division (RaftServerImpl.java:setRole(290)) - omNode-3@group-6C22E66A003A: changes role from  FOLLOWER to FOLLOWER at term 2 for candidate:omNode-2
2022-03-03 14:18:29,927 [grpc-default-executor-4] INFO  impl.RoleInfo (RoleInfo.java:shutdownFollowerState(108)) - omNode-3: shutdown omNode-3@group-6C22E66A003A-FollowerState
2022-03-03 14:18:29,928 [grpc-default-executor-1] INFO  server.RaftServer$Division (RaftServerImpl.java:requestVote(1078)) - omNode-1@group-6C22E66A003A replies to ELECTION vote request: omNode-2<-omNode-1#0:FAIL-t2. Peer's state: omNode-1@group-6C22E66A003A:t2, leader=null, voted=null, raftlog=omNode-1@group-6C22E66A003A-SegmentedRaftLog:OPENED:c0, conf=0: [omNode-3|rpc:localhost:35037|admin:|client:|dataStream:|priority:0, omNode-1|rpc:localhost:39721|admin:|client:|dataStream:|priority:0, omNode-2|rpc:localhost:46363|admin:|client:|dataStream:|priority:0], old=null
2022-03-03 14:18:29,927 [omNode-3@group-6C22E66A003A-StateMachineUpdater] INFO  ratis.OzoneManagerStateMachine (OzoneManagerStateMachine.java:notifyConfigurationChanged(188)) - Received Configuration change notification from Ratis. New Peer list:
[id: "omNode-3"
address: "localhost:35037"
, id: "omNode-1"
address: "localhost:39721"
, id: "omNode-2"
address: "localhost:46363"
]
2022-03-03 14:18:29,939 [omNode-3@group-6C22E66A003A-FollowerState] INFO  impl.FollowerState (FollowerState.java:run(143)) - omNode-3@group-6C22E66A003A-FollowerState was interrupted: {}
java.lang.InterruptedException: sleep interrupted
	at java.lang.Thread.sleep(Native Method)
	at java.lang.Thread.sleep(Thread.java:342)
	at java.util.concurrent.TimeUnit.sleep(TimeUnit.java:386)
	at org.apache.ratis.util.TimeDuration.sleep(TimeDuration.java:324)
	at org.apache.ratis.util.TimeDuration.sleep(TimeDuration.java:309)
	at org.apache.ratis.server.impl.FollowerState.run(FollowerState.java:118)
2022-03-03 14:18:29,938 [grpc-default-executor-4] INFO  impl.RoleInfo (RoleInfo.java:updateAndGet(130)) - omNode-3: start omNode-3@group-6C22E66A003A-FollowerState
2022-03-03 14:18:29,943 [grpc-default-executor-4] INFO  server.RaftServer$Division (RaftServerImpl.java:requestVote(1078)) - omNode-3@group-6C22E66A003A replies to ELECTION vote request: omNode-2<-omNode-3#0:FAIL-t2. Peer's state: omNode-3@group-6C22E66A003A:t2, leader=null, voted=null, raftlog=omNode-3@group-6C22E66A003A-SegmentedRaftLog:OPENED:c0, conf=0: [omNode-3|rpc:localhost:35037|admin:|client:|dataStream:|priority:0, omNode-1|rpc:localhost:39721|admin:|client:|dataStream:|priority:0, omNode-2|rpc:localhost:46363|admin:|client:|dataStream:|priority:0], old=null
2022-03-03 14:18:29,961 [omNode-2@group-6C22E66A003A-LeaderElection4] INFO  impl.LeaderElection (LeaderElection.java:logAndReturn(89)) - omNode-2@group-6C22E66A003A-LeaderElection4: ELECTION REJECTED received 2 response(s) and 0 exception(s):
2022-03-03 14:18:29,961 [omNode-2@group-6C22E66A003A-LeaderElection4] INFO  impl.LeaderElection (LeaderElection.java:logAndReturn(93)) -   Response 0: omNode-2<-omNode-3#0:FAIL-t2
2022-03-03 14:18:29,961 [omNode-2@group-6C22E66A003A-LeaderElection4] INFO  impl.LeaderElection (LeaderElection.java:logAndReturn(93)) -   Response 1: omNode-2<-omNode-1#0:FAIL-t2
2022-03-03 14:18:29,961 [omNode-2@group-6C22E66A003A-LeaderElection4] INFO  impl.LeaderElection (LeaderElection.java:askForVotes(308)) - omNode-2@group-6C22E66A003A-LeaderElection4 ELECTION round 0: result REJECTED
2022-03-03 14:18:29,961 [omNode-2@group-6C22E66A003A-LeaderElection4] INFO  server.RaftServer$Division (RaftServerImpl.java:setRole(290)) - omNode-2@group-6C22E66A003A: changes role from CANDIDATE to FOLLOWER at term 2 for REJECTED
2022-03-03 14:18:29,961 [omNode-2@group-6C22E66A003A-LeaderElection4] INFO  impl.RoleInfo (RoleInfo.java:shutdownLeaderElection(121)) - omNode-2: shutdown omNode-2@group-6C22E66A003A-LeaderElection4
2022-03-03 14:18:29,961 [omNode-2@group-6C22E66A003A-LeaderElection4] INFO  impl.RoleInfo (RoleInfo.java:updateAndGet(130)) - omNode-2: start omNode-2@group-6C22E66A003A-FollowerState
2022-03-03 14:18:29,996 [Listener at 127.0.0.1/34469] INFO  handler.ContextHandler (ContextHandler.java:doStart(915)) - Started o.e.j.w.WebAppContext@311cef9d{hddsDatanode,/,file:///tmp/jetty-0_0_0_0-44483-hdds-container-service-1_3_0-SNAPSHOT_jar-_-any-593780947249567225/webapp/,AVAILABLE}{jar:file:/home/runner/.m2/repository/org/apache/ozone/hdds-container-service/1.3.0-SNAPSHOT/hdds-container-service-1.3.0-SNAPSHOT.jar!/webapps/hddsDatanode}
2022-03-03 14:18:29,999 [Listener at 127.0.0.1/34469] INFO  server.AbstractConnector (AbstractConnector.java:doStart(331)) - Started ServerConnector@766ce958{HTTP/1.1, (http/1.1)}{0.0.0.0:44483}
2022-03-03 14:18:29,999 [Listener at 127.0.0.1/34469] INFO  server.Server (Server.java:doStart(415)) - Started @28012ms
2022-03-03 14:18:29,999 [Listener at 127.0.0.1/34469] WARN  impl.MetricsSystemImpl (MetricsSystemImpl.java:register(279)) - Sink prometheus already exists!
2022-03-03 14:18:30,000 [Listener at 127.0.0.1/34469] INFO  http.BaseHttpServer (BaseHttpServer.java:updateConnectorAddress(329)) - HTTP server of hddsDatanode listening at http://0.0.0.0:44483
2022-03-03 14:18:30,000 [Listener at 127.0.0.1/34469] WARN  impl.MetricRegistriesImpl (MetricRegistriesImpl.java:addReporterRegistration(111)) - New reporters are added after registries were created. Some metrics will be missing from the reporter. Please add reporter before adding any new registry.
2022-03-03 14:18:30,000 [Listener at 127.0.0.1/34469] WARN  impl.MetricRegistriesImpl (MetricRegistriesImpl.java:addReporterRegistration(111)) - New reporters are added after registries were created. Some metrics will be missing from the reporter. Please add reporter before adding any new registry.
2022-03-03 14:18:30,001 [Listener at 127.0.0.1/34469] INFO  impl.MetricsSystemImpl (MetricsSystemImpl.java:init(158)) - HddsDatanode metrics system started (again)
2022-03-03 14:18:30,007 [Datanode State Machine Daemon Thread] INFO  statemachine.DatanodeStateMachine (DatanodeStateMachine.java:lambda$startDaemon$0(470)) - Ozone container server started.
2022-03-03 14:18:30,013 [Listener at 127.0.0.1/34469] INFO  ozone.HddsDatanodeService (HddsDatanodeService.java:start(233)) - HddsDatanodeService host:fv-az50-851.grzltbmokehuzjyc5b133kdqgh.cx.internal.cloudapp.net ip:10.1.0.28
2022-03-03 14:18:30,033 [org.apache.hadoop.util.JvmPauseMonitor$Monitor@47f3f48f] INFO  util.JvmPauseMonitor (JvmPauseMonitor.java:run(188)) - Starting JVM pause monitor
2022-03-03 14:18:30,041 [Datanode State Machine Task Thread - 0] INFO  ha.SCMNodeInfo (SCMNodeInfo.java:getPort(197)) - ConfigKey ozone.scm.client.address is deprecated, For configuring different ports for each SCM use PortConfigKey ozone.scm.client.port appended with serviceId and nodeId
2022-03-03 14:18:30,041 [Datanode State Machine Task Thread - 0] INFO  ha.SCMNodeInfo (SCMNodeInfo.java:getPort(197)) - ConfigKey ozone.scm.block.client.address is deprecated, For configuring different ports for each SCM use PortConfigKey ozone.scm.block.client.port appended with serviceId and nodeId
2022-03-03 14:18:30,041 [Datanode State Machine Task Thread - 0] INFO  ha.SCMNodeInfo (SCMNodeInfo.java:getPort(197)) - ConfigKey ozone.scm.datanode.address is deprecated, For configuring different ports for each SCM use PortConfigKey ozone.scm.datanode.port appended with serviceId and nodeId
2022-03-03 14:18:30,041 [Datanode State Machine Task Thread - 0] INFO  ha.SCMNodeInfo (SCMNodeInfo.java:getPort(197)) - ConfigKey ozone.scm.client.address is deprecated, For configuring different ports for each SCM use PortConfigKey ozone.scm.client.port appended with serviceId and nodeId
2022-03-03 14:18:30,041 [Datanode State Machine Task Thread - 0] INFO  ha.SCMNodeInfo (SCMNodeInfo.java:getPort(197)) - ConfigKey ozone.scm.block.client.address is deprecated, For configuring different ports for each SCM use PortConfigKey ozone.scm.block.client.port appended with serviceId and nodeId
2022-03-03 14:18:30,041 [Datanode State Machine Task Thread - 0] INFO  ha.SCMNodeInfo (SCMNodeInfo.java:getPort(197)) - ConfigKey ozone.scm.datanode.address is deprecated, For configuring different ports for each SCM use PortConfigKey ozone.scm.datanode.port appended with serviceId and nodeId
2022-03-03 14:18:30,041 [Datanode State Machine Task Thread - 0] INFO  ha.SCMNodeInfo (SCMNodeInfo.java:getPort(197)) - ConfigKey ozone.scm.client.address is deprecated, For configuring different ports for each SCM use PortConfigKey ozone.scm.client.port appended with serviceId and nodeId
2022-03-03 14:18:30,041 [Datanode State Machine Task Thread - 0] INFO  ha.SCMNodeInfo (SCMNodeInfo.java:getPort(197)) - ConfigKey ozone.scm.block.client.address is deprecated, For configuring different ports for each SCM use PortConfigKey ozone.scm.block.client.port appended with serviceId and nodeId
2022-03-03 14:18:30,042 [Datanode State Machine Task Thread - 0] INFO  ha.SCMNodeInfo (SCMNodeInfo.java:getPort(197)) - ConfigKey ozone.scm.datanode.address is deprecated, For configuring different ports for each SCM use PortConfigKey ozone.scm.datanode.port appended with serviceId and nodeId
2022-03-03 14:18:30,042 [Listener at 127.0.0.1/34469] INFO  upgrade.AbstractLayoutVersionManager (AbstractLayoutVersionManager.java:init(79)) - Initializing Layout version manager with metadata layout = SCM_HA (version = 2), software layout = SCM_HA (version = 2)
2022-03-03 14:18:30,079 [Datanode State Machine Task Thread - 0] INFO  datanode.InitDatanodeState (InitDatanodeState.java:persistContainerDatanodeDetails(138)) - DatanodeDetails is persisted to /home/runner/work/ozone/ozone/hadoop-ozone/integration-test/target/test-dir/MiniOzoneClusterImpl-0274ca87-c068-4a4d-855f-b1ef4eb933b0/datanode-1/meta/datanode.id
2022-03-03 14:18:30,103 [Listener at 127.0.0.1/34469] INFO  reflections.Reflections (Reflections.java:scan(232)) - Reflections took 59 ms to scan 7 urls, producing 122 keys and 286 values 
2022-03-03 14:18:30,105 [Listener at 127.0.0.1/34469] INFO  ha.SCMNodeInfo (SCMNodeInfo.java:getPort(197)) - ConfigKey ozone.scm.client.address is deprecated, For configuring different ports for each SCM use PortConfigKey ozone.scm.client.port appended with serviceId and nodeId
2022-03-03 14:18:30,105 [Listener at 127.0.0.1/34469] INFO  ha.SCMNodeInfo (SCMNodeInfo.java:getPort(197)) - ConfigKey ozone.scm.block.client.address is deprecated, For configuring different ports for each SCM use PortConfigKey ozone.scm.block.client.port appended with serviceId and nodeId
2022-03-03 14:18:30,105 [Listener at 127.0.0.1/34469] INFO  ha.SCMNodeInfo (SCMNodeInfo.java:getPort(197)) - ConfigKey ozone.scm.datanode.address is deprecated, For configuring different ports for each SCM use PortConfigKey ozone.scm.datanode.port appended with serviceId and nodeId
2022-03-03 14:18:30,105 [Listener at 127.0.0.1/34469] INFO  ha.SCMNodeInfo (SCMNodeInfo.java:getPort(197)) - ConfigKey ozone.scm.client.address is deprecated, For configuring different ports for each SCM use PortConfigKey ozone.scm.client.port appended with serviceId and nodeId
2022-03-03 14:18:30,105 [Listener at 127.0.0.1/34469] INFO  ha.SCMNodeInfo (SCMNodeInfo.java:getPort(197)) - ConfigKey ozone.scm.block.client.address is deprecated, For configuring different ports for each SCM use PortConfigKey ozone.scm.block.client.port appended with serviceId and nodeId
2022-03-03 14:18:30,105 [Listener at 127.0.0.1/34469] INFO  ha.SCMNodeInfo (SCMNodeInfo.java:getPort(197)) - ConfigKey ozone.scm.datanode.address is deprecated, For configuring different ports for each SCM use PortConfigKey ozone.scm.datanode.port appended with serviceId and nodeId
2022-03-03 14:18:30,105 [Listener at 127.0.0.1/34469] INFO  ha.SCMNodeInfo (SCMNodeInfo.java:getPort(197)) - ConfigKey ozone.scm.client.address is deprecated, For configuring different ports for each SCM use PortConfigKey ozone.scm.client.port appended with serviceId and nodeId
2022-03-03 14:18:30,105 [Listener at 127.0.0.1/34469] INFO  ha.SCMNodeInfo (SCMNodeInfo.java:getPort(197)) - ConfigKey ozone.scm.block.client.address is deprecated, For configuring different ports for each SCM use PortConfigKey ozone.scm.block.client.port appended with serviceId and nodeId
2022-03-03 14:18:30,105 [Listener at 127.0.0.1/34469] INFO  ha.SCMNodeInfo (SCMNodeInfo.java:getPort(197)) - ConfigKey ozone.scm.datanode.address is deprecated, For configuring different ports for each SCM use PortConfigKey ozone.scm.datanode.port appended with serviceId and nodeId
2022-03-03 14:18:30,105 [Listener at 127.0.0.1/34469] INFO  statemachine.DatanodeStateMachine (DatanodeStateMachine.java:getEndPointTaskThreadPoolSize(222)) - Datanode State Machine Task Thread Pool size 4
2022-03-03 14:18:30,107 [Listener at 127.0.0.1/34469] INFO  volume.HddsVolume (HddsVolume.java:<init>(120)) - Creating HddsVolume: /home/runner/work/ozone/ozone/hadoop-ozone/integration-test/target/test-dir/MiniOzoneClusterImpl-0274ca87-c068-4a4d-855f-b1ef4eb933b0/datanode-2/data-0/containers/hdds of storage type : DISK capacity : 9223372036854775807
2022-03-03 14:18:30,107 [Listener at 127.0.0.1/34469] INFO  volume.MutableVolumeSet (MutableVolumeSet.java:initializeVolumeSet(168)) - Added Volume : /home/runner/work/ozone/ozone/hadoop-ozone/integration-test/target/test-dir/MiniOzoneClusterImpl-0274ca87-c068-4a4d-855f-b1ef4eb933b0/datanode-2/data-0/containers/hdds to VolumeSet
2022-03-03 14:18:30,107 [Listener at 127.0.0.1/34469] INFO  volume.ThrottledAsyncChecker (ThrottledAsyncChecker.java:schedule(141)) - Scheduling a check for /home/runner/work/ozone/ozone/hadoop-ozone/integration-test/target/test-dir/MiniOzoneClusterImpl-0274ca87-c068-4a4d-855f-b1ef4eb933b0/datanode-2/data-0/containers/hdds
2022-03-03 14:18:30,108 [Listener at 127.0.0.1/34469] INFO  volume.StorageVolumeChecker (StorageVolumeChecker.java:checkAllVolumes(202)) - Scheduled health check for volume /home/runner/work/ozone/ozone/hadoop-ozone/integration-test/target/test-dir/MiniOzoneClusterImpl-0274ca87-c068-4a4d-855f-b1ef4eb933b0/datanode-2/data-0/containers/hdds
2022-03-03 14:18:30,119 [Listener at 127.0.0.1/34469] INFO  volume.MutableVolumeSet (MutableVolumeSet.java:initializeVolumeSet(168)) - Added Volume : /home/runner/work/ozone/ozone/hadoop-ozone/integration-test/target/test-dir/MiniOzoneClusterImpl-0274ca87-c068-4a4d-855f-b1ef4eb933b0/datanode-2/data/ratis to VolumeSet
2022-03-03 14:18:30,119 [Listener at 127.0.0.1/34469] INFO  volume.ThrottledAsyncChecker (ThrottledAsyncChecker.java:schedule(141)) - Scheduling a check for /home/runner/work/ozone/ozone/hadoop-ozone/integration-test/target/test-dir/MiniOzoneClusterImpl-0274ca87-c068-4a4d-855f-b1ef4eb933b0/datanode-2/data/ratis
2022-03-03 14:18:30,119 [Listener at 127.0.0.1/34469] INFO  volume.StorageVolumeChecker (StorageVolumeChecker.java:checkAllVolumes(202)) - Scheduled health check for volume /home/runner/work/ozone/ozone/hadoop-ozone/integration-test/target/test-dir/MiniOzoneClusterImpl-0274ca87-c068-4a4d-855f-b1ef4eb933b0/datanode-2/data/ratis
2022-03-03 14:18:30,130 [Thread-703] INFO  ozoneimpl.ContainerReader (ContainerReader.java:readVolume(172)) - Finish verifying containers on volume /home/runner/work/ozone/ozone/hadoop-ozone/integration-test/target/test-dir/MiniOzoneClusterImpl-0274ca87-c068-4a4d-855f-b1ef4eb933b0/datanode-2/data-0/containers/hdds
2022-03-03 14:18:30,132 [Listener at 127.0.0.1/34469] INFO  ozoneimpl.OzoneContainer (OzoneContainer.java:buildContainerSet(257)) - Build ContainerSet costs 0s
2022-03-03 14:18:30,134 [Listener at 127.0.0.1/34469] INFO  server.RaftServer (ConfUtils.java:logGet(44)) - raft.rpc.type = GRPC (default)
2022-03-03 14:18:30,134 [Listener at 127.0.0.1/34469] INFO  grpc.GrpcFactory (GrpcFactory.java:checkPooledByteBufAllocatorUseCacheForAllThreads(48)) - PERFORMANCE WARNING: useCacheForAllThreads is true that may cause Netty to create a lot garbage objects and, as a result, trigger GC.
	It is recommended to disable useCacheForAllThreads by setting -Dorg.apache.ratis.thirdparty.io.netty.allocator.useCacheForAllThreads=false in command line.
2022-03-03 14:18:30,134 [Listener at 127.0.0.1/34469] INFO  grpc.GrpcConfigKeys (ConfUtils.java:logGet(44)) - raft.grpc.admin.port = 0 (custom)
2022-03-03 14:18:30,135 [Listener at 127.0.0.1/34469] INFO  grpc.GrpcConfigKeys (ConfUtils.java:logGet(44)) - raft.grpc.client.port = 0 (custom)
2022-03-03 14:18:30,135 [Listener at 127.0.0.1/34469] INFO  grpc.GrpcConfigKeys (ConfUtils.java:logGet(44)) - raft.grpc.server.port = 0 (default)
2022-03-03 14:18:30,135 [Listener at 127.0.0.1/34469] INFO  server.GrpcService (ConfUtils.java:logGet(44)) - raft.grpc.message.size.max = 32MB (=33554432) (custom)
2022-03-03 14:18:30,135 [Listener at 127.0.0.1/34469] INFO  server.RaftServerConfigKeys (ConfUtils.java:logGet(44)) - raft.server.log.appender.buffer.byte-limit = 33554432 (custom)
2022-03-03 14:18:30,135 [Listener at 127.0.0.1/34469] INFO  server.GrpcService (ConfUtils.java:logGet(44)) - raft.grpc.flow.control.window = 5MB (=5242880) (custom)
2022-03-03 14:18:30,135 [Listener at 127.0.0.1/34469] INFO  server.RaftServerConfigKeys (ConfUtils.java:logGet(44)) - raft.server.rpc.request.timeout = 60s (custom)
2022-03-03 14:18:30,136 [Listener at 127.0.0.1/34469] INFO  impl.DataStreamServerImpl (ConfUtils.java:logGet(44)) - raft.datastream.type = DISABLED (default)
2022-03-03 14:18:30,136 [Listener at 127.0.0.1/34469] INFO  server.RaftServerConfigKeys (ConfUtils.java:logGet(44)) - raft.server.rpc.slowness.timeout = 300s (custom)
2022-03-03 14:18:30,136 [Listener at 127.0.0.1/34469] INFO  server.RaftServerConfigKeys (ConfUtils.java:logGet(44)) - raft.server.leaderelection.leader.step-down.wait-time = 10s (default)
2022-03-03 14:18:30,136 [Listener at 127.0.0.1/34469] INFO  server.RaftServerConfigKeys (ConfUtils.java:logGet(44)) - raft.server.storage.dir = [/home/runner/work/ozone/ozone/hadoop-ozone/integration-test/target/test-dir/MiniOzoneClusterImpl-0274ca87-c068-4a4d-855f-b1ef4eb933b0/datanode-2/data/ratis] (custom)
2022-03-03 14:18:30,137 [Listener at 127.0.0.1/34469] INFO  server.XceiverServerGrpc (XceiverServerGrpc.java:<init>(132)) - GrpcServer channel type EpollServerSocketChannel
2022-03-03 14:18:30,140 [Listener at 127.0.0.1/34469] INFO  http.BaseHttpServer (BaseHttpServer.java:newHttpServer2BuilderForOzone(209)) - Starting Web-server for hddsDatanode at: http://0.0.0.0:0
2022-03-03 14:18:30,140 [Listener at 127.0.0.1/34469] INFO  http.BaseHttpServer (BaseHttpServer.java:<init>(107)) - Hadoop Security Enabled: false Ozone Security Enabled: false Ozone HTTP Security Enabled: false 
2022-03-03 14:18:30,141 [Listener at 127.0.0.1/34469] INFO  server.AuthenticationFilter (AuthenticationFilter.java:constructSecretProvider(240)) - Unable to initialize FileSignerSecretProvider, falling back to use random secrets.
2022-03-03 14:18:30,141 [Listener at 127.0.0.1/34469] WARN  http.HttpRequestLog (HttpRequestLog.java:getRequestLog(103)) - Jetty request log can only be enabled using Log4j
2022-03-03 14:18:30,142 [Listener at 127.0.0.1/34469] INFO  http.HttpServer2 (HttpServer2.java:addGlobalFilter(1030)) - Added global filter 'safety' (class=org.apache.hadoop.hdds.server.http.HttpServer2$QuotingInputFilter)
2022-03-03 14:18:30,143 [Listener at 127.0.0.1/34469] INFO  http.HttpServer2 (HttpServer2.java:addFilter(1006)) - Added filter static_user_filter (class=org.apache.hadoop.http.lib.StaticUserWebFilter$StaticUserFilter) to context hddsDatanode
2022-03-03 14:18:30,143 [Listener at 127.0.0.1/34469] INFO  http.HttpServer2 (HttpServer2.java:addFilter(1014)) - Added filter static_user_filter (class=org.apache.hadoop.http.lib.StaticUserWebFilter$StaticUserFilter) to context static
2022-03-03 14:18:30,143 [Listener at 127.0.0.1/34469] INFO  http.HttpServer2 (HttpServer2.java:addFilter(1014)) - Added filter static_user_filter (class=org.apache.hadoop.http.lib.StaticUserWebFilter$StaticUserFilter) to context logs
2022-03-03 14:18:30,144 [Listener at 127.0.0.1/34469] INFO  http.HttpServer2 (HttpServer2.java:bindListener(1249)) - Jetty bound to port 32773
2022-03-03 14:18:30,144 [Listener at 127.0.0.1/34469] INFO  server.Server (Server.java:doStart(375)) - jetty-9.4.43.v20210629; built: 2021-06-30T11:07:22.254Z; git: 526006ecfa3af7f1a27ef3a288e2bef7ea9dd7e8; jvm 1.8.0_322-b06
2022-03-03 14:18:30,145 [Listener at 127.0.0.1/34469] INFO  server.session (DefaultSessionIdManager.java:doStart(334)) - DefaultSessionIdManager workerName=node0
2022-03-03 14:18:30,145 [Listener at 127.0.0.1/34469] INFO  server.session (DefaultSessionIdManager.java:doStart(339)) - No SessionScavenger set, using defaults
2022-03-03 14:18:30,145 [Listener at 127.0.0.1/34469] INFO  server.session (HouseKeeper.java:startScavenging(132)) - node0 Scavenging every 600000ms
2022-03-03 14:18:30,146 [Listener at 127.0.0.1/34469] INFO  handler.ContextHandler (ContextHandler.java:doStart(915)) - Started o.e.j.s.ServletContextHandler@ca84289{logs,/logs,file:///home/runner/work/ozone/ozone/hadoop-ozone/integration-test/target/log,AVAILABLE}
2022-03-03 14:18:30,146 [Listener at 127.0.0.1/34469] INFO  handler.ContextHandler (ContextHandler.java:doStart(915)) - Started o.e.j.s.ServletContextHandler@b754645{static,/static,jar:file:/home/runner/.m2/repository/org/apache/ozone/hdds-container-service/1.3.0-SNAPSHOT/hdds-container-service-1.3.0-SNAPSHOT.jar!/webapps/static,AVAILABLE}
2022-03-03 14:18:30,185 [Listener at 127.0.0.1/34469] INFO  handler.ContextHandler (ContextHandler.java:doStart(915)) - Started o.e.j.w.WebAppContext@4b75a0bc{hddsDatanode,/,file:///tmp/jetty-0_0_0_0-32773-hdds-container-service-1_3_0-SNAPSHOT_jar-_-any-7393323001213122056/webapp/,AVAILABLE}{jar:file:/home/runner/.m2/repository/org/apache/ozone/hdds-container-service/1.3.0-SNAPSHOT/hdds-container-service-1.3.0-SNAPSHOT.jar!/webapps/hddsDatanode}
2022-03-03 14:18:30,187 [Listener at 127.0.0.1/34469] INFO  server.AbstractConnector (AbstractConnector.java:doStart(331)) - Started ServerConnector@50d2e029{HTTP/1.1, (http/1.1)}{0.0.0.0:32773}
2022-03-03 14:18:30,188 [Listener at 127.0.0.1/34469] INFO  server.Server (Server.java:doStart(415)) - Started @28201ms
2022-03-03 14:18:30,188 [Listener at 127.0.0.1/34469] WARN  impl.MetricsSystemImpl (MetricsSystemImpl.java:register(279)) - Sink prometheus already exists!
2022-03-03 14:18:30,188 [Listener at 127.0.0.1/34469] INFO  http.BaseHttpServer (BaseHttpServer.java:updateConnectorAddress(329)) - HTTP server of hddsDatanode listening at http://0.0.0.0:32773
2022-03-03 14:18:30,193 [Datanode State Machine Daemon Thread] INFO  statemachine.DatanodeStateMachine (DatanodeStateMachine.java:lambda$startDaemon$0(470)) - Ozone container server started.
2022-03-03 14:18:30,198 [Listener at 127.0.0.1/34469] INFO  ozone.MiniOzoneClusterImpl (MiniOzoneClusterImpl.java:lambda$waitForClusterToBeReady$0(219)) - Waiting for nodes to be ready. Got 0 of 3 DN Heartbeats.
2022-03-03 14:18:30,198 [Listener at 127.0.0.1/34469] INFO  ozone.MiniOzoneClusterImpl (MiniOzoneClusterImpl.java:lambda$waitForClusterToBeReady$0(222)) - Waiting for cluster to exit safe mode
2022-03-03 14:18:30,198 [Listener at 127.0.0.1/34469] INFO  ozone.MiniOzoneClusterImpl (MiniOzoneClusterImpl.java:lambda$waitForClusterToBeReady$0(224)) - SCM became leader
2022-03-03 14:18:30,205 [org.apache.hadoop.util.JvmPauseMonitor$Monitor@a837df7] INFO  util.JvmPauseMonitor (JvmPauseMonitor.java:run(188)) - Starting JVM pause monitor
2022-03-03 14:18:30,206 [Datanode State Machine Task Thread - 0] INFO  ha.SCMNodeInfo (SCMNodeInfo.java:getPort(197)) - ConfigKey ozone.scm.client.address is deprecated, For configuring different ports for each SCM use PortConfigKey ozone.scm.client.port appended with serviceId and nodeId
2022-03-03 14:18:30,206 [Datanode State Machine Task Thread - 0] INFO  ha.SCMNodeInfo (SCMNodeInfo.java:getPort(197)) - ConfigKey ozone.scm.block.client.address is deprecated, For configuring different ports for each SCM use PortConfigKey ozone.scm.block.client.port appended with serviceId and nodeId
2022-03-03 14:18:30,207 [Datanode State Machine Task Thread - 0] INFO  ha.SCMNodeInfo (SCMNodeInfo.java:getPort(197)) - ConfigKey ozone.scm.datanode.address is deprecated, For configuring different ports for each SCM use PortConfigKey ozone.scm.datanode.port appended with serviceId and nodeId
2022-03-03 14:18:30,207 [Datanode State Machine Task Thread - 0] INFO  ha.SCMNodeInfo (SCMNodeInfo.java:getPort(197)) - ConfigKey ozone.scm.client.address is deprecated, For configuring different ports for each SCM use PortConfigKey ozone.scm.client.port appended with serviceId and nodeId
2022-03-03 14:18:30,208 [Datanode State Machine Task Thread - 0] INFO  ha.SCMNodeInfo (SCMNodeInfo.java:getPort(197)) - ConfigKey ozone.scm.block.client.address is deprecated, For configuring different ports for each SCM use PortConfigKey ozone.scm.block.client.port appended with serviceId and nodeId
2022-03-03 14:18:30,208 [Datanode State Machine Task Thread - 0] INFO  ha.SCMNodeInfo (SCMNodeInfo.java:getPort(197)) - ConfigKey ozone.scm.datanode.address is deprecated, For configuring different ports for each SCM use PortConfigKey ozone.scm.datanode.port appended with serviceId and nodeId
2022-03-03 14:18:30,208 [Datanode State Machine Task Thread - 0] INFO  ha.SCMNodeInfo (SCMNodeInfo.java:getPort(197)) - ConfigKey ozone.scm.client.address is deprecated, For configuring different ports for each SCM use PortConfigKey ozone.scm.client.port appended with serviceId and nodeId
2022-03-03 14:18:30,208 [Datanode State Machine Task Thread - 0] INFO  ha.SCMNodeInfo (SCMNodeInfo.java:getPort(197)) - ConfigKey ozone.scm.block.client.address is deprecated, For configuring different ports for each SCM use PortConfigKey ozone.scm.block.client.port appended with serviceId and nodeId
2022-03-03 14:18:30,208 [Datanode State Machine Task Thread - 0] INFO  ha.SCMNodeInfo (SCMNodeInfo.java:getPort(197)) - ConfigKey ozone.scm.datanode.address is deprecated, For configuring different ports for each SCM use PortConfigKey ozone.scm.datanode.port appended with serviceId and nodeId
2022-03-03 14:18:30,214 [Datanode State Machine Task Thread - 0] INFO  datanode.InitDatanodeState (InitDatanodeState.java:persistContainerDatanodeDetails(138)) - DatanodeDetails is persisted to /home/runner/work/ozone/ozone/hadoop-ozone/integration-test/target/test-dir/MiniOzoneClusterImpl-0274ca87-c068-4a4d-855f-b1ef4eb933b0/datanode-2/meta/datanode.id
2022-03-03 14:18:31,026 [omNode-2@group-6C22E66A003A-FollowerState] INFO  impl.FollowerState (FollowerState.java:run(134)) - omNode-2@group-6C22E66A003A-FollowerState: change to CANDIDATE, lastRpcElapsedTime:1064854499ns, electionTimeout:1057ms
2022-03-03 14:18:31,026 [omNode-2@group-6C22E66A003A-FollowerState] INFO  impl.RoleInfo (RoleInfo.java:shutdownFollowerState(108)) - omNode-2: shutdown omNode-2@group-6C22E66A003A-FollowerState
2022-03-03 14:18:31,027 [omNode-2@group-6C22E66A003A-FollowerState] INFO  server.RaftServer$Division (RaftServerImpl.java:setRole(290)) - omNode-2@group-6C22E66A003A: changes role from  FOLLOWER to CANDIDATE at term 2 for changeToCandidate
2022-03-03 14:18:31,030 [omNode-2@group-6C22E66A003A-FollowerState] INFO  server.RaftServerConfigKeys (ConfUtils.java:logGet(44)) - raft.server.leaderelection.pre-vote = false (custom)
2022-03-03 14:18:31,030 [omNode-2@group-6C22E66A003A-FollowerState] INFO  impl.RoleInfo (RoleInfo.java:updateAndGet(130)) - omNode-2: start omNode-2@group-6C22E66A003A-LeaderElection5
2022-03-03 14:18:31,033 [omNode-2@group-6C22E66A003A-LeaderElection5] INFO  impl.LeaderElection (LeaderElection.java:askForVotes(306)) - omNode-2@group-6C22E66A003A-LeaderElection5 ELECTION round 0: submit vote requests at term 3 for -1: [omNode-3|rpc:localhost:35037|priority:0, omNode-1|rpc:localhost:39721|priority:0, omNode-2|rpc:localhost:46363|priority:0], old=null
2022-03-03 14:18:31,040 [grpc-default-executor-4] INFO  server.RaftServer$Division (RaftServerImpl.java:requestVote(1046)) - omNode-1@group-6C22E66A003A: receive requestVote(ELECTION, omNode-2, group-6C22E66A003A, 3, (t:0, i:~))
2022-03-03 14:18:31,040 [grpc-default-executor-4] INFO  impl.VoteContext (VoteContext.java:log(48)) - omNode-1@group-6C22E66A003A-FOLLOWER: reject ELECTION from omNode-2: our last entry (t:1, i:0) > candidate's last entry (t:0, i:~)
2022-03-03 14:18:31,040 [grpc-default-executor-4] INFO  server.RaftServer$Division (RaftServerImpl.java:setRole(290)) - omNode-1@group-6C22E66A003A: changes role from  FOLLOWER to FOLLOWER at term 3 for candidate:omNode-2
2022-03-03 14:18:31,040 [grpc-default-executor-4] INFO  impl.RoleInfo (RoleInfo.java:shutdownFollowerState(108)) - omNode-1: shutdown omNode-1@group-6C22E66A003A-FollowerState
2022-03-03 14:18:31,040 [omNode-1@group-6C22E66A003A-FollowerState] INFO  impl.FollowerState (FollowerState.java:run(143)) - omNode-1@group-6C22E66A003A-FollowerState was interrupted: {}
java.lang.InterruptedException: sleep interrupted
	at java.lang.Thread.sleep(Native Method)
	at java.lang.Thread.sleep(Thread.java:342)
	at java.util.concurrent.TimeUnit.sleep(TimeUnit.java:386)
	at org.apache.ratis.util.TimeDuration.sleep(TimeDuration.java:324)
	at org.apache.ratis.util.TimeDuration.sleep(TimeDuration.java:309)
	at org.apache.ratis.server.impl.FollowerState.run(FollowerState.java:118)
2022-03-03 14:18:31,040 [grpc-default-executor-4] INFO  impl.RoleInfo (RoleInfo.java:updateAndGet(130)) - omNode-1: start omNode-1@group-6C22E66A003A-FollowerState
2022-03-03 14:18:31,044 [omNode-3@group-6C22E66A003A-FollowerState] INFO  impl.FollowerState (FollowerState.java:run(134)) - omNode-3@group-6C22E66A003A-FollowerState: change to CANDIDATE, lastRpcElapsedTime:1105754437ns, electionTimeout:1092ms
2022-03-03 14:18:31,044 [omNode-3@group-6C22E66A003A-FollowerState] INFO  impl.RoleInfo (RoleInfo.java:shutdownFollowerState(108)) - omNode-3: shutdown omNode-3@group-6C22E66A003A-FollowerState
2022-03-03 14:18:31,044 [omNode-3@group-6C22E66A003A-FollowerState] INFO  server.RaftServer$Division (RaftServerImpl.java:setRole(290)) - omNode-3@group-6C22E66A003A: changes role from  FOLLOWER to CANDIDATE at term 2 for changeToCandidate
2022-03-03 14:18:31,049 [omNode-3@group-6C22E66A003A-FollowerState] INFO  server.RaftServerConfigKeys (ConfUtils.java:logGet(44)) - raft.server.leaderelection.pre-vote = false (custom)
2022-03-03 14:18:31,049 [omNode-3@group-6C22E66A003A-FollowerState] INFO  impl.RoleInfo (RoleInfo.java:updateAndGet(130)) - omNode-3: start omNode-3@group-6C22E66A003A-LeaderElection6
2022-03-03 14:18:31,050 [grpc-default-executor-4] INFO  server.RaftServer$Division (RaftServerImpl.java:requestVote(1078)) - omNode-1@group-6C22E66A003A replies to ELECTION vote request: omNode-2<-omNode-1#0:FAIL-t3. Peer's state: omNode-1@group-6C22E66A003A:t3, leader=null, voted=null, raftlog=omNode-1@group-6C22E66A003A-SegmentedRaftLog:OPENED:c0, conf=0: [omNode-3|rpc:localhost:35037|admin:|client:|dataStream:|priority:0, omNode-1|rpc:localhost:39721|admin:|client:|dataStream:|priority:0, omNode-2|rpc:localhost:46363|admin:|client:|dataStream:|priority:0], old=null
2022-03-03 14:18:31,056 [grpc-default-executor-1] INFO  server.RaftServer$Division (RaftServerImpl.java:requestVote(1046)) - omNode-3@group-6C22E66A003A: receive requestVote(ELECTION, omNode-2, group-6C22E66A003A, 3, (t:0, i:~))
2022-03-03 14:18:31,056 [grpc-default-executor-1] INFO  impl.VoteContext (VoteContext.java:log(48)) - omNode-3@group-6C22E66A003A-CANDIDATE: reject ELECTION from omNode-2: our last entry (t:1, i:0) > candidate's last entry (t:0, i:~)
2022-03-03 14:18:31,056 [grpc-default-executor-1] INFO  server.RaftServer$Division (RaftServerImpl.java:setRole(290)) - omNode-3@group-6C22E66A003A: changes role from CANDIDATE to FOLLOWER at term 3 for candidate:omNode-2
2022-03-03 14:18:31,056 [grpc-default-executor-1] INFO  impl.RoleInfo (RoleInfo.java:shutdownLeaderElection(121)) - omNode-3: shutdown omNode-3@group-6C22E66A003A-LeaderElection6
2022-03-03 14:18:31,056 [grpc-default-executor-1] INFO  impl.RoleInfo (RoleInfo.java:updateAndGet(130)) - omNode-3: start omNode-3@group-6C22E66A003A-FollowerState
2022-03-03 14:18:31,058 [omNode-3@group-6C22E66A003A-LeaderElection6] INFO  impl.LeaderElection (LeaderElection.java:run(230)) - omNode-3@group-6C22E66A003A-LeaderElection6: skip running since this is already CLOSING
2022-03-03 14:18:31,066 [grpc-default-executor-1] INFO  server.RaftServer$Division (RaftServerImpl.java:requestVote(1078)) - omNode-3@group-6C22E66A003A replies to ELECTION vote request: omNode-2<-omNode-3#0:FAIL-t3. Peer's state: omNode-3@group-6C22E66A003A:t3, leader=null, voted=null, raftlog=omNode-3@group-6C22E66A003A-SegmentedRaftLog:OPENED:c0, conf=0: [omNode-3|rpc:localhost:35037|admin:|client:|dataStream:|priority:0, omNode-1|rpc:localhost:39721|admin:|client:|dataStream:|priority:0, omNode-2|rpc:localhost:46363|admin:|client:|dataStream:|priority:0], old=null
2022-03-03 14:18:31,069 [omNode-2@group-6C22E66A003A-LeaderElection5] INFO  impl.LeaderElection (LeaderElection.java:logAndReturn(89)) - omNode-2@group-6C22E66A003A-LeaderElection5: ELECTION REJECTED received 2 response(s) and 0 exception(s):
2022-03-03 14:18:31,069 [omNode-2@group-6C22E66A003A-LeaderElection5] INFO  impl.LeaderElection (LeaderElection.java:logAndReturn(93)) -   Response 0: omNode-2<-omNode-3#0:FAIL-t3
2022-03-03 14:18:31,069 [omNode-2@group-6C22E66A003A-LeaderElection5] INFO  impl.LeaderElection (LeaderElection.java:logAndReturn(93)) -   Response 1: omNode-2<-omNode-1#0:FAIL-t3
2022-03-03 14:18:31,069 [omNode-2@group-6C22E66A003A-LeaderElection5] INFO  impl.LeaderElection (LeaderElection.java:askForVotes(308)) - omNode-2@group-6C22E66A003A-LeaderElection5 ELECTION round 0: result REJECTED
2022-03-03 14:18:31,069 [omNode-2@group-6C22E66A003A-LeaderElection5] INFO  server.RaftServer$Division (RaftServerImpl.java:setRole(290)) - omNode-2@group-6C22E66A003A: changes role from CANDIDATE to FOLLOWER at term 3 for REJECTED
2022-03-03 14:18:31,069 [omNode-2@group-6C22E66A003A-LeaderElection5] INFO  impl.RoleInfo (RoleInfo.java:shutdownLeaderElection(121)) - omNode-2: shutdown omNode-2@group-6C22E66A003A-LeaderElection5
2022-03-03 14:18:31,069 [omNode-2@group-6C22E66A003A-LeaderElection5] INFO  impl.RoleInfo (RoleInfo.java:updateAndGet(130)) - omNode-2: start omNode-2@group-6C22E66A003A-FollowerState
2022-03-03 14:18:31,199 [Listener at 127.0.0.1/34469] INFO  ozone.MiniOzoneClusterImpl (MiniOzoneClusterImpl.java:lambda$waitForClusterToBeReady$0(219)) - Waiting for nodes to be ready. Got 0 of 3 DN Heartbeats.
2022-03-03 14:18:31,200 [Listener at 127.0.0.1/34469] INFO  ozone.MiniOzoneClusterImpl (MiniOzoneClusterImpl.java:lambda$waitForClusterToBeReady$0(222)) - Waiting for cluster to exit safe mode
2022-03-03 14:18:31,200 [Listener at 127.0.0.1/34469] INFO  ozone.MiniOzoneClusterImpl (MiniOzoneClusterImpl.java:lambda$waitForClusterToBeReady$0(224)) - SCM became leader
2022-03-03 14:18:31,656 [EndpointStateMachine task thread for /127.0.0.1:37109 - 0 ] INFO  ozoneimpl.OzoneContainer (OzoneContainer.java:start(335)) - Attempting to start container services.
2022-03-03 14:18:31,659 [EndpointStateMachine task thread for /127.0.0.1:37109 - 0 ] INFO  ozoneimpl.OzoneContainer (OzoneContainer.java:startContainerScrub(270)) - Background container scanner has been disabled.
2022-03-03 14:18:31,663 [EndpointStateMachine task thread for /127.0.0.1:37109 - 0 ] INFO  replication.ReplicationServer (ReplicationServer.java:start(111)) - ReplicationServer is started using port 46745
2022-03-03 14:18:31,665 [EndpointStateMachine task thread for /127.0.0.1:37109 - 0 ] INFO  ratis.XceiverServerRatis (XceiverServerRatis.java:start(485)) - Starting XceiverServerRatis 730569a9-18c0-4e52-b327-799f192de729
2022-03-03 14:18:31,670 [EndpointStateMachine task thread for /127.0.0.1:37109 - 0 ] INFO  server.RaftServer (RaftServerProxy.java:lambda$start$5(374)) - 730569a9-18c0-4e52-b327-799f192de729: start RPC server
2022-03-03 14:18:31,680 [EndpointStateMachine task thread for /127.0.0.1:37109 - 0 ] INFO  server.GrpcService (GrpcService.java:startImpl(253)) - 730569a9-18c0-4e52-b327-799f192de729: GrpcService started, listening on 37839
2022-03-03 14:18:31,681 [EndpointStateMachine task thread for /127.0.0.1:37109 - 0 ] INFO  ratis.XceiverServerRatis (XceiverServerRatis.java:getRealPort(506)) - XceiverServerRatis 730569a9-18c0-4e52-b327-799f192de729 is started using port 37839 for RATIS
2022-03-03 14:18:31,681 [EndpointStateMachine task thread for /127.0.0.1:37109 - 0 ] INFO  ratis.XceiverServerRatis (XceiverServerRatis.java:getRealPort(506)) - XceiverServerRatis 730569a9-18c0-4e52-b327-799f192de729 is started using port 37839 for RATIS_ADMIN
2022-03-03 14:18:31,681 [EndpointStateMachine task thread for /127.0.0.1:37109 - 0 ] INFO  ratis.XceiverServerRatis (XceiverServerRatis.java:getRealPort(506)) - XceiverServerRatis 730569a9-18c0-4e52-b327-799f192de729 is started using port 37839 for RATIS_SERVER
2022-03-03 14:18:31,686 [org.apache.ratis.util.JvmPauseMonitor$$Lambda$435/453351332@338a4468] INFO  util.JvmPauseMonitor (JvmPauseMonitor.java:run(103)) - JvmPauseMonitor-730569a9-18c0-4e52-b327-799f192de729: Started
2022-03-03 14:18:31,689 [EndpointStateMachine task thread for /127.0.0.1:37109 - 0 ] INFO  server.XceiverServerGrpc (XceiverServerGrpc.java:start(180)) - XceiverServerGrpc 730569a9-18c0-4e52-b327-799f192de729 is started using port 41233
2022-03-03 14:18:31,692 [EndpointStateMachine task thread for /127.0.0.1:41237 - 0 ] INFO  ozoneimpl.OzoneContainer (OzoneContainer.java:start(331)) - Ignore. OzoneContainer already started.
2022-03-03 14:18:31,694 [EndpointStateMachine task thread for /127.0.0.1:39049 - 0 ] INFO  ozoneimpl.OzoneContainer (OzoneContainer.java:start(331)) - Ignore. OzoneContainer already started.
2022-03-03 14:18:32,057 [EndpointStateMachine task thread for /127.0.0.1:39049 - 0 ] INFO  ozoneimpl.OzoneContainer (OzoneContainer.java:start(335)) - Attempting to start container services.
2022-03-03 14:18:32,058 [EndpointStateMachine task thread for /127.0.0.1:39049 - 0 ] INFO  ozoneimpl.OzoneContainer (OzoneContainer.java:startContainerScrub(270)) - Background container scanner has been disabled.
2022-03-03 14:18:32,060 [EndpointStateMachine task thread for /127.0.0.1:39049 - 0 ] INFO  replication.ReplicationServer (ReplicationServer.java:start(111)) - ReplicationServer is started using port 32985
2022-03-03 14:18:32,062 [EndpointStateMachine task thread for /127.0.0.1:39049 - 0 ] INFO  ratis.XceiverServerRatis (XceiverServerRatis.java:start(485)) - Starting XceiverServerRatis f2c8ddcd-7296-4a0c-a4e5-1b3106edde55
2022-03-03 14:18:32,063 [EndpointStateMachine task thread for /127.0.0.1:39049 - 0 ] INFO  server.RaftServer (RaftServerProxy.java:lambda$start$5(374)) - f2c8ddcd-7296-4a0c-a4e5-1b3106edde55: start RPC server
2022-03-03 14:18:32,064 [EndpointStateMachine task thread for /127.0.0.1:39049 - 0 ] INFO  server.GrpcService (GrpcService.java:startImpl(253)) - f2c8ddcd-7296-4a0c-a4e5-1b3106edde55: GrpcService started, listening on 34023
2022-03-03 14:18:32,066 [EndpointStateMachine task thread for /127.0.0.1:39049 - 0 ] INFO  ratis.XceiverServerRatis (XceiverServerRatis.java:getRealPort(506)) - XceiverServerRatis f2c8ddcd-7296-4a0c-a4e5-1b3106edde55 is started using port 34023 for RATIS
2022-03-03 14:18:32,066 [org.apache.ratis.util.JvmPauseMonitor$$Lambda$435/453351332@77362b81] INFO  util.JvmPauseMonitor (JvmPauseMonitor.java:run(103)) - JvmPauseMonitor-f2c8ddcd-7296-4a0c-a4e5-1b3106edde55: Started
2022-03-03 14:18:32,066 [EndpointStateMachine task thread for /127.0.0.1:39049 - 0 ] INFO  ratis.XceiverServerRatis (XceiverServerRatis.java:getRealPort(506)) - XceiverServerRatis f2c8ddcd-7296-4a0c-a4e5-1b3106edde55 is started using port 34023 for RATIS_ADMIN
2022-03-03 14:18:32,066 [EndpointStateMachine task thread for /127.0.0.1:39049 - 0 ] INFO  ratis.XceiverServerRatis (XceiverServerRatis.java:getRealPort(506)) - XceiverServerRatis f2c8ddcd-7296-4a0c-a4e5-1b3106edde55 is started using port 34023 for RATIS_SERVER
2022-03-03 14:18:32,067 [EndpointStateMachine task thread for /127.0.0.1:39049 - 0 ] INFO  server.XceiverServerGrpc (XceiverServerGrpc.java:start(180)) - XceiverServerGrpc f2c8ddcd-7296-4a0c-a4e5-1b3106edde55 is started using port 43531
2022-03-03 14:18:32,068 [EndpointStateMachine task thread for /127.0.0.1:37109 - 0 ] INFO  ozoneimpl.OzoneContainer (OzoneContainer.java:start(331)) - Ignore. OzoneContainer already started.
2022-03-03 14:18:32,068 [EndpointStateMachine task thread for /127.0.0.1:41237 - 0 ] INFO  ozoneimpl.OzoneContainer (OzoneContainer.java:start(331)) - Ignore. OzoneContainer already started.
2022-03-03 14:18:32,126 [omNode-2@group-6C22E66A003A-FollowerState] INFO  impl.FollowerState (FollowerState.java:run(134)) - omNode-2@group-6C22E66A003A-FollowerState: change to CANDIDATE, lastRpcElapsedTime:1056878053ns, electionTimeout:1055ms
2022-03-03 14:18:32,126 [omNode-2@group-6C22E66A003A-FollowerState] INFO  impl.RoleInfo (RoleInfo.java:shutdownFollowerState(108)) - omNode-2: shutdown omNode-2@group-6C22E66A003A-FollowerState
2022-03-03 14:18:32,126 [omNode-2@group-6C22E66A003A-FollowerState] INFO  server.RaftServer$Division (RaftServerImpl.java:setRole(290)) - omNode-2@group-6C22E66A003A: changes role from  FOLLOWER to CANDIDATE at term 3 for changeToCandidate
2022-03-03 14:18:32,126 [omNode-2@group-6C22E66A003A-FollowerState] INFO  server.RaftServerConfigKeys (ConfUtils.java:logGet(44)) - raft.server.leaderelection.pre-vote = false (custom)
2022-03-03 14:18:32,126 [omNode-2@group-6C22E66A003A-FollowerState] INFO  impl.RoleInfo (RoleInfo.java:updateAndGet(130)) - omNode-2: start omNode-2@group-6C22E66A003A-LeaderElection7
2022-03-03 14:18:32,129 [omNode-2@group-6C22E66A003A-LeaderElection7] INFO  impl.LeaderElection (LeaderElection.java:askForVotes(306)) - omNode-2@group-6C22E66A003A-LeaderElection7 ELECTION round 0: submit vote requests at term 4 for -1: [omNode-3|rpc:localhost:35037|priority:0, omNode-1|rpc:localhost:39721|priority:0, omNode-2|rpc:localhost:46363|priority:0], old=null
2022-03-03 14:18:32,133 [grpc-default-executor-1] INFO  server.RaftServer$Division (RaftServerImpl.java:requestVote(1046)) - omNode-1@group-6C22E66A003A: receive requestVote(ELECTION, omNode-2, group-6C22E66A003A, 4, (t:0, i:~))
2022-03-03 14:18:32,133 [grpc-default-executor-1] INFO  impl.VoteContext (VoteContext.java:log(48)) - omNode-1@group-6C22E66A003A-FOLLOWER: reject ELECTION from omNode-2: our last entry (t:1, i:0) > candidate's last entry (t:0, i:~)
2022-03-03 14:18:32,133 [grpc-default-executor-1] INFO  server.RaftServer$Division (RaftServerImpl.java:setRole(290)) - omNode-1@group-6C22E66A003A: changes role from  FOLLOWER to FOLLOWER at term 4 for candidate:omNode-2
2022-03-03 14:18:32,133 [grpc-default-executor-1] INFO  impl.RoleInfo (RoleInfo.java:shutdownFollowerState(108)) - omNode-1: shutdown omNode-1@group-6C22E66A003A-FollowerState
2022-03-03 14:18:32,133 [grpc-default-executor-1] INFO  impl.RoleInfo (RoleInfo.java:updateAndGet(130)) - omNode-1: start omNode-1@group-6C22E66A003A-FollowerState
2022-03-03 14:18:32,133 [omNode-1@group-6C22E66A003A-FollowerState] INFO  impl.FollowerState (FollowerState.java:run(143)) - omNode-1@group-6C22E66A003A-FollowerState was interrupted: {}
java.lang.InterruptedException: sleep interrupted
	at java.lang.Thread.sleep(Native Method)
	at java.lang.Thread.sleep(Thread.java:342)
	at java.util.concurrent.TimeUnit.sleep(TimeUnit.java:386)
	at org.apache.ratis.util.TimeDuration.sleep(TimeDuration.java:324)
	at org.apache.ratis.util.TimeDuration.sleep(TimeDuration.java:309)
	at org.apache.ratis.server.impl.FollowerState.run(FollowerState.java:118)
2022-03-03 14:18:32,136 [grpc-default-executor-4] INFO  server.RaftServer$Division (RaftServerImpl.java:requestVote(1046)) - omNode-3@group-6C22E66A003A: receive requestVote(ELECTION, omNode-2, group-6C22E66A003A, 4, (t:0, i:~))
2022-03-03 14:18:32,136 [grpc-default-executor-4] INFO  impl.VoteContext (VoteContext.java:log(48)) - omNode-3@group-6C22E66A003A-FOLLOWER: reject ELECTION from omNode-2: our last entry (t:1, i:0) > candidate's last entry (t:0, i:~)
2022-03-03 14:18:32,136 [grpc-default-executor-4] INFO  server.RaftServer$Division (RaftServerImpl.java:setRole(290)) - omNode-3@group-6C22E66A003A: changes role from  FOLLOWER to FOLLOWER at term 4 for candidate:omNode-2
2022-03-03 14:18:32,136 [grpc-default-executor-4] INFO  impl.RoleInfo (RoleInfo.java:shutdownFollowerState(108)) - omNode-3: shutdown omNode-3@group-6C22E66A003A-FollowerState
2022-03-03 14:18:32,137 [omNode-3@group-6C22E66A003A-FollowerState] INFO  impl.FollowerState (FollowerState.java:run(143)) - omNode-3@group-6C22E66A003A-FollowerState was interrupted: {}
java.lang.InterruptedException: sleep interrupted
	at java.lang.Thread.sleep(Native Method)
	at java.lang.Thread.sleep(Thread.java:342)
	at java.util.concurrent.TimeUnit.sleep(TimeUnit.java:386)
	at org.apache.ratis.util.TimeDuration.sleep(TimeDuration.java:324)
	at org.apache.ratis.util.TimeDuration.sleep(TimeDuration.java:309)
	at org.apache.ratis.server.impl.FollowerState.run(FollowerState.java:118)
2022-03-03 14:18:32,137 [grpc-default-executor-4] INFO  impl.RoleInfo (RoleInfo.java:updateAndGet(130)) - omNode-3: start omNode-3@group-6C22E66A003A-FollowerState
2022-03-03 14:18:32,137 [grpc-default-executor-1] INFO  server.RaftServer$Division (RaftServerImpl.java:requestVote(1078)) - omNode-1@group-6C22E66A003A replies to ELECTION vote request: omNode-2<-omNode-1#0:FAIL-t4. Peer's state: omNode-1@group-6C22E66A003A:t4, leader=null, voted=null, raftlog=omNode-1@group-6C22E66A003A-SegmentedRaftLog:OPENED:c0, conf=0: [omNode-3|rpc:localhost:35037|admin:|client:|dataStream:|priority:0, omNode-1|rpc:localhost:39721|admin:|client:|dataStream:|priority:0, omNode-2|rpc:localhost:46363|admin:|client:|dataStream:|priority:0], old=null
2022-03-03 14:18:32,152 [grpc-default-executor-4] INFO  server.RaftServer$Division (RaftServerImpl.java:requestVote(1078)) - omNode-3@group-6C22E66A003A replies to ELECTION vote request: omNode-2<-omNode-3#0:FAIL-t4. Peer's state: omNode-3@group-6C22E66A003A:t4, leader=null, voted=null, raftlog=omNode-3@group-6C22E66A003A-SegmentedRaftLog:OPENED:c0, conf=0: [omNode-3|rpc:localhost:35037|admin:|client:|dataStream:|priority:0, omNode-1|rpc:localhost:39721|admin:|client:|dataStream:|priority:0, omNode-2|rpc:localhost:46363|admin:|client:|dataStream:|priority:0], old=null
2022-03-03 14:18:32,153 [omNode-2@group-6C22E66A003A-LeaderElection7] INFO  impl.LeaderElection (LeaderElection.java:logAndReturn(89)) - omNode-2@group-6C22E66A003A-LeaderElection7: ELECTION REJECTED received 2 response(s) and 0 exception(s):
2022-03-03 14:18:32,155 [omNode-2@group-6C22E66A003A-LeaderElection7] INFO  impl.LeaderElection (LeaderElection.java:logAndReturn(93)) -   Response 0: omNode-2<-omNode-3#0:FAIL-t4
2022-03-03 14:18:32,156 [omNode-2@group-6C22E66A003A-LeaderElection7] INFO  impl.LeaderElection (LeaderElection.java:logAndReturn(93)) -   Response 1: omNode-2<-omNode-1#0:FAIL-t4
2022-03-03 14:18:32,156 [omNode-2@group-6C22E66A003A-LeaderElection7] INFO  impl.LeaderElection (LeaderElection.java:askForVotes(308)) - omNode-2@group-6C22E66A003A-LeaderElection7 ELECTION round 0: result REJECTED
2022-03-03 14:18:32,156 [omNode-2@group-6C22E66A003A-LeaderElection7] INFO  server.RaftServer$Division (RaftServerImpl.java:setRole(290)) - omNode-2@group-6C22E66A003A: changes role from CANDIDATE to FOLLOWER at term 4 for REJECTED
2022-03-03 14:18:32,156 [omNode-2@group-6C22E66A003A-LeaderElection7] INFO  impl.RoleInfo (RoleInfo.java:shutdownLeaderElection(121)) - omNode-2: shutdown omNode-2@group-6C22E66A003A-LeaderElection7
2022-03-03 14:18:32,156 [omNode-2@group-6C22E66A003A-LeaderElection7] INFO  impl.RoleInfo (RoleInfo.java:updateAndGet(130)) - omNode-2: start omNode-2@group-6C22E66A003A-FollowerState
2022-03-03 14:18:32,201 [Listener at 127.0.0.1/34469] INFO  ozone.MiniOzoneClusterImpl (MiniOzoneClusterImpl.java:lambda$waitForClusterToBeReady$0(219)) - Waiting for nodes to be ready. Got 0 of 3 DN Heartbeats.
2022-03-03 14:18:32,203 [Listener at 127.0.0.1/34469] INFO  ozone.MiniOzoneClusterImpl (MiniOzoneClusterImpl.java:lambda$waitForClusterToBeReady$0(222)) - Waiting for cluster to exit safe mode
2022-03-03 14:18:32,203 [Listener at 127.0.0.1/34469] INFO  ozone.MiniOzoneClusterImpl (MiniOzoneClusterImpl.java:lambda$waitForClusterToBeReady$0(224)) - SCM became leader
2022-03-03 14:18:32,223 [EndpointStateMachine task thread for /127.0.0.1:41237 - 0 ] INFO  ozoneimpl.OzoneContainer (OzoneContainer.java:start(335)) - Attempting to start container services.
2022-03-03 14:18:32,224 [EndpointStateMachine task thread for /127.0.0.1:41237 - 0 ] INFO  ozoneimpl.OzoneContainer (OzoneContainer.java:startContainerScrub(270)) - Background container scanner has been disabled.
2022-03-03 14:18:32,226 [EndpointStateMachine task thread for /127.0.0.1:41237 - 0 ] INFO  replication.ReplicationServer (ReplicationServer.java:start(111)) - ReplicationServer is started using port 38167
2022-03-03 14:18:32,227 [EndpointStateMachine task thread for /127.0.0.1:41237 - 0 ] INFO  ratis.XceiverServerRatis (XceiverServerRatis.java:start(485)) - Starting XceiverServerRatis b19705a0-6382-4e36-86d9-fb546cb602cf
2022-03-03 14:18:32,228 [EndpointStateMachine task thread for /127.0.0.1:41237 - 0 ] INFO  server.RaftServer (RaftServerProxy.java:lambda$start$5(374)) - b19705a0-6382-4e36-86d9-fb546cb602cf: start RPC server
2022-03-03 14:18:32,229 [EndpointStateMachine task thread for /127.0.0.1:41237 - 0 ] INFO  server.GrpcService (GrpcService.java:startImpl(253)) - b19705a0-6382-4e36-86d9-fb546cb602cf: GrpcService started, listening on 44167
2022-03-03 14:18:32,229 [EndpointStateMachine task thread for /127.0.0.1:41237 - 0 ] INFO  ratis.XceiverServerRatis (XceiverServerRatis.java:getRealPort(506)) - XceiverServerRatis b19705a0-6382-4e36-86d9-fb546cb602cf is started using port 44167 for RATIS
2022-03-03 14:18:32,229 [EndpointStateMachine task thread for /127.0.0.1:41237 - 0 ] INFO  ratis.XceiverServerRatis (XceiverServerRatis.java:getRealPort(506)) - XceiverServerRatis b19705a0-6382-4e36-86d9-fb546cb602cf is started using port 44167 for RATIS_ADMIN
2022-03-03 14:18:32,229 [EndpointStateMachine task thread for /127.0.0.1:41237 - 0 ] INFO  ratis.XceiverServerRatis (XceiverServerRatis.java:getRealPort(506)) - XceiverServerRatis b19705a0-6382-4e36-86d9-fb546cb602cf is started using port 44167 for RATIS_SERVER
2022-03-03 14:18:32,230 [org.apache.ratis.util.JvmPauseMonitor$$Lambda$435/453351332@26ce4cd4] INFO  util.JvmPauseMonitor (JvmPauseMonitor.java:run(103)) - JvmPauseMonitor-b19705a0-6382-4e36-86d9-fb546cb602cf: Started
2022-03-03 14:18:32,231 [EndpointStateMachine task thread for /127.0.0.1:41237 - 0 ] INFO  server.XceiverServerGrpc (XceiverServerGrpc.java:start(180)) - XceiverServerGrpc b19705a0-6382-4e36-86d9-fb546cb602cf is started using port 34509
2022-03-03 14:18:32,233 [EndpointStateMachine task thread for /127.0.0.1:37109 - 0 ] INFO  ozoneimpl.OzoneContainer (OzoneContainer.java:start(331)) - Ignore. OzoneContainer already started.
2022-03-03 14:18:32,233 [EndpointStateMachine task thread for /127.0.0.1:39049 - 0 ] INFO  ozoneimpl.OzoneContainer (OzoneContainer.java:start(331)) - Ignore. OzoneContainer already started.
2022-03-03 14:18:33,203 [Listener at 127.0.0.1/34469] INFO  ozone.MiniOzoneClusterImpl (MiniOzoneClusterImpl.java:lambda$waitForClusterToBeReady$0(219)) - Waiting for nodes to be ready. Got 0 of 3 DN Heartbeats.
2022-03-03 14:18:33,203 [Listener at 127.0.0.1/34469] INFO  ozone.MiniOzoneClusterImpl (MiniOzoneClusterImpl.java:lambda$waitForClusterToBeReady$0(222)) - Waiting for cluster to exit safe mode
2022-03-03 14:18:33,203 [Listener at 127.0.0.1/34469] INFO  ozone.MiniOzoneClusterImpl (MiniOzoneClusterImpl.java:lambda$waitForClusterToBeReady$0(224)) - SCM became leader
2022-03-03 14:18:33,206 [omNode-3@group-6C22E66A003A-FollowerState] INFO  impl.FollowerState (FollowerState.java:run(134)) - omNode-3@group-6C22E66A003A-FollowerState: change to CANDIDATE, lastRpcElapsedTime:1069090724ns, electionTimeout:1054ms
2022-03-03 14:18:33,206 [omNode-3@group-6C22E66A003A-FollowerState] INFO  impl.RoleInfo (RoleInfo.java:shutdownFollowerState(108)) - omNode-3: shutdown omNode-3@group-6C22E66A003A-FollowerState
2022-03-03 14:18:33,206 [omNode-3@group-6C22E66A003A-FollowerState] INFO  server.RaftServer$Division (RaftServerImpl.java:setRole(290)) - omNode-3@group-6C22E66A003A: changes role from  FOLLOWER to CANDIDATE at term 4 for changeToCandidate
2022-03-03 14:18:33,206 [omNode-3@group-6C22E66A003A-FollowerState] INFO  server.RaftServerConfigKeys (ConfUtils.java:logGet(44)) - raft.server.leaderelection.pre-vote = false (custom)
2022-03-03 14:18:33,206 [omNode-3@group-6C22E66A003A-FollowerState] INFO  impl.RoleInfo (RoleInfo.java:updateAndGet(130)) - omNode-3: start omNode-3@group-6C22E66A003A-LeaderElection8
2022-03-03 14:18:33,211 [omNode-3@group-6C22E66A003A-LeaderElection8] INFO  impl.LeaderElection (LeaderElection.java:askForVotes(306)) - omNode-3@group-6C22E66A003A-LeaderElection8 ELECTION round 0: submit vote requests at term 5 for 0: [omNode-3|rpc:localhost:35037|admin:|client:|dataStream:|priority:0, omNode-1|rpc:localhost:39721|admin:|client:|dataStream:|priority:0, omNode-2|rpc:localhost:46363|admin:|client:|dataStream:|priority:0], old=null
2022-03-03 14:18:33,231 [omNode-2@group-6C22E66A003A-FollowerState] INFO  impl.FollowerState (FollowerState.java:run(134)) - omNode-2@group-6C22E66A003A-FollowerState: change to CANDIDATE, lastRpcElapsedTime:1075106458ns, electionTimeout:1070ms
2022-03-03 14:18:33,231 [omNode-2@group-6C22E66A003A-FollowerState] INFO  impl.RoleInfo (RoleInfo.java:shutdownFollowerState(108)) - omNode-2: shutdown omNode-2@group-6C22E66A003A-FollowerState
2022-03-03 14:18:33,231 [omNode-2@group-6C22E66A003A-FollowerState] INFO  server.RaftServer$Division (RaftServerImpl.java:setRole(290)) - omNode-2@group-6C22E66A003A: changes role from  FOLLOWER to CANDIDATE at term 4 for changeToCandidate
2022-03-03 14:18:33,231 [grpc-default-executor-4] INFO  server.RaftServer$Division (RaftServerImpl.java:requestVote(1046)) - omNode-1@group-6C22E66A003A: receive requestVote(ELECTION, omNode-3, group-6C22E66A003A, 5, (t:1, i:0))
2022-03-03 14:18:33,231 [grpc-default-executor-4] INFO  impl.VoteContext (VoteContext.java:log(48)) - omNode-1@group-6C22E66A003A-FOLLOWER: accept ELECTION from omNode-3: our priority 0 <= candidate's priority 0
2022-03-03 14:18:33,231 [grpc-default-executor-4] INFO  server.RaftServer$Division (RaftServerImpl.java:setRole(290)) - omNode-1@group-6C22E66A003A: changes role from  FOLLOWER to FOLLOWER at term 5 for candidate:omNode-3
2022-03-03 14:18:33,231 [grpc-default-executor-4] INFO  impl.RoleInfo (RoleInfo.java:shutdownFollowerState(108)) - omNode-1: shutdown omNode-1@group-6C22E66A003A-FollowerState
2022-03-03 14:18:33,231 [omNode-1@group-6C22E66A003A-FollowerState] INFO  impl.FollowerState (FollowerState.java:run(143)) - omNode-1@group-6C22E66A003A-FollowerState was interrupted: {}
java.lang.InterruptedException: sleep interrupted
	at java.lang.Thread.sleep(Native Method)
	at java.lang.Thread.sleep(Thread.java:342)
	at java.util.concurrent.TimeUnit.sleep(TimeUnit.java:386)
	at org.apache.ratis.util.TimeDuration.sleep(TimeDuration.java:324)
	at org.apache.ratis.util.TimeDuration.sleep(TimeDuration.java:309)
	at org.apache.ratis.server.impl.FollowerState.run(FollowerState.java:118)
2022-03-03 14:18:33,231 [omNode-2@group-6C22E66A003A-FollowerState] INFO  server.RaftServerConfigKeys (ConfUtils.java:logGet(44)) - raft.server.leaderelection.pre-vote = false (custom)
2022-03-03 14:18:33,233 [omNode-2@group-6C22E66A003A-FollowerState] INFO  impl.RoleInfo (RoleInfo.java:updateAndGet(130)) - omNode-2: start omNode-2@group-6C22E66A003A-LeaderElection9
2022-03-03 14:18:33,232 [grpc-default-executor-4] INFO  impl.RoleInfo (RoleInfo.java:updateAndGet(130)) - omNode-1: start omNode-1@group-6C22E66A003A-FollowerState
2022-03-03 14:18:33,235 [grpc-default-executor-1] INFO  server.RaftServer$Division (RaftServerImpl.java:requestVote(1046)) - omNode-2@group-6C22E66A003A: receive requestVote(ELECTION, omNode-3, group-6C22E66A003A, 5, (t:1, i:0))
2022-03-03 14:18:33,235 [grpc-default-executor-4] INFO  server.RaftServer$Division (RaftServerImpl.java:requestVote(1078)) - omNode-1@group-6C22E66A003A replies to ELECTION vote request: omNode-3<-omNode-1#0:OK-t5. Peer's state: omNode-1@group-6C22E66A003A:t5, leader=null, voted=omNode-3, raftlog=omNode-1@group-6C22E66A003A-SegmentedRaftLog:OPENED:c0, conf=0: [omNode-3|rpc:localhost:35037|admin:|client:|dataStream:|priority:0, omNode-1|rpc:localhost:39721|admin:|client:|dataStream:|priority:0, omNode-2|rpc:localhost:46363|admin:|client:|dataStream:|priority:0], old=null
2022-03-03 14:18:33,236 [omNode-2@group-6C22E66A003A-LeaderElection9] INFO  impl.LeaderElection (LeaderElection.java:askForVotes(306)) - omNode-2@group-6C22E66A003A-LeaderElection9 ELECTION round 0: submit vote requests at term 5 for -1: [omNode-3|rpc:localhost:35037|priority:0, omNode-1|rpc:localhost:39721|priority:0, omNode-2|rpc:localhost:46363|priority:0], old=null
2022-03-03 14:18:33,236 [grpc-default-executor-1] INFO  impl.VoteContext (VoteContext.java:log(48)) - omNode-2@group-6C22E66A003A-CANDIDATE: reject ELECTION from omNode-3: already has voted for omNode-2 at current term 5
2022-03-03 14:18:33,240 [grpc-default-executor-1] INFO  server.RaftServer$Division (RaftServerImpl.java:requestVote(1078)) - omNode-2@group-6C22E66A003A replies to ELECTION vote request: omNode-3<-omNode-2#0:FAIL-t5. Peer's state: omNode-2@group-6C22E66A003A:t5, leader=null, voted=omNode-2, raftlog=omNode-2@group-6C22E66A003A-SegmentedRaftLog:OPENED:c-1, conf=-1: [omNode-3|rpc:localhost:35037|priority:0, omNode-1|rpc:localhost:39721|priority:0, omNode-2|rpc:localhost:46363|priority:0], old=null
2022-03-03 14:18:33,241 [omNode-3@group-6C22E66A003A-LeaderElection8] INFO  impl.LeaderElection (LeaderElection.java:logAndReturn(89)) - omNode-3@group-6C22E66A003A-LeaderElection8: ELECTION PASSED received 1 response(s) and 0 exception(s):
2022-03-03 14:18:33,241 [omNode-3@group-6C22E66A003A-LeaderElection8] INFO  impl.LeaderElection (LeaderElection.java:logAndReturn(93)) -   Response 0: omNode-3<-omNode-1#0:OK-t5
2022-03-03 14:18:33,241 [omNode-3@group-6C22E66A003A-LeaderElection8] INFO  impl.LeaderElection (LeaderElection.java:askForVotes(308)) - omNode-3@group-6C22E66A003A-LeaderElection8 ELECTION round 0: result PASSED
2022-03-03 14:18:33,241 [omNode-3@group-6C22E66A003A-LeaderElection8] INFO  impl.RoleInfo (RoleInfo.java:shutdownLeaderElection(121)) - omNode-3: shutdown omNode-3@group-6C22E66A003A-LeaderElection8
2022-03-03 14:18:33,241 [omNode-3@group-6C22E66A003A-LeaderElection8] INFO  server.RaftServer$Division (RaftServerImpl.java:setRole(290)) - omNode-3@group-6C22E66A003A: changes role from CANDIDATE to LEADER at term 5 for changeToLeader
2022-03-03 14:18:33,241 [omNode-3@group-6C22E66A003A-LeaderElection8] INFO  server.RaftServer$Division (ServerState.java:setLeader(285)) - omNode-3@group-6C22E66A003A: change Leader from null to omNode-3 at term 5 for becomeLeader, leader elected after 3314ms
2022-03-03 14:18:33,241 [omNode-3@group-6C22E66A003A-LeaderElection8] INFO  server.RaftServerConfigKeys (ConfUtils.java:logGet(44)) - raft.server.staging.catchup.gap = 1000 (default)
2022-03-03 14:18:33,242 [omNode-3@group-6C22E66A003A-LeaderElection8] INFO  server.RaftServerConfigKeys (ConfUtils.java:logGet(44)) - raft.server.write.element-limit = 4096 (default)
2022-03-03 14:18:33,242 [omNode-3@group-6C22E66A003A-LeaderElection8] INFO  server.RaftServerConfigKeys (ConfUtils.java:logGet(44)) - raft.server.write.byte-limit = 64MB (=67108864) (default)
2022-03-03 14:18:33,242 [omNode-3@group-6C22E66A003A-LeaderElection8] INFO  server.RaftServerConfigKeys (ConfUtils.java:logGet(44)) - raft.server.watch.timeout = 10s (default)
2022-03-03 14:18:33,242 [omNode-3@group-6C22E66A003A-LeaderElection8] INFO  server.RaftServerConfigKeys (ConfUtils.java:logGet(44)) - raft.server.watch.timeout.denomination = 1s (default)
2022-03-03 14:18:33,242 [omNode-3@group-6C22E66A003A-LeaderElection8] INFO  server.RaftServerConfigKeys (ConfUtils.java:logGet(44)) - raft.server.watch.element-limit = 65536 (default)
2022-03-03 14:18:33,242 [omNode-3@group-6C22E66A003A-LeaderElection8] INFO  server.RaftServerConfigKeys (ConfUtils.java:logGet(44)) - raft.server.write.element-limit = 4096 (default)
2022-03-03 14:18:33,242 [omNode-3@group-6C22E66A003A-LeaderElection8] INFO  server.RaftServerConfigKeys (ConfUtils.java:logGet(44)) - raft.server.write.follower.gap.ratio.max = -1.0 (default)
2022-03-03 14:18:33,243 [omNode-3@group-6C22E66A003A-LeaderElection8] INFO  server.RaftServerConfigKeys (ConfUtils.java:logGet(44)) - raft.server.log.appender.snapshot.chunk.size.max = 16MB (=16777216) (default)
2022-03-03 14:18:33,243 [omNode-3@group-6C22E66A003A-LeaderElection8] INFO  server.RaftServerConfigKeys (ConfUtils.java:logGet(44)) - raft.server.log.appender.buffer.byte-limit = 33554432 (custom)
2022-03-03 14:18:33,243 [omNode-3@group-6C22E66A003A-LeaderElection8] INFO  server.RaftServerConfigKeys (ConfUtils.java:logGet(44)) - raft.server.log.appender.buffer.element-limit = 1024 (custom)
2022-03-03 14:18:33,243 [omNode-3@group-6C22E66A003A-LeaderElection8] INFO  grpc.GrpcConfigKeys (ConfUtils.java:logGet(44)) - raft.grpc.server.leader.outstanding.appends.max = 128 (default)
2022-03-03 14:18:33,243 [omNode-3@group-6C22E66A003A-LeaderElection8] INFO  server.RaftServerConfigKeys (ConfUtils.java:logGet(44)) - raft.server.rpc.request.timeout = 3000ms (default)
2022-03-03 14:18:33,243 [omNode-3@group-6C22E66A003A-LeaderElection8] INFO  server.RaftServerConfigKeys (ConfUtils.java:logGet(44)) - raft.server.log.appender.install.snapshot.enabled = false (custom)
2022-03-03 14:18:33,245 [grpc-default-executor-4] INFO  server.RaftServer$Division (RaftServerImpl.java:requestVote(1046)) - omNode-3@group-6C22E66A003A: receive requestVote(ELECTION, omNode-2, group-6C22E66A003A, 5, (t:0, i:~))
2022-03-03 14:18:33,245 [omNode-3@group-6C22E66A003A-LeaderElection8] INFO  server.RaftServerConfigKeys (ConfUtils.java:logGet(44)) - raft.server.log.appender.snapshot.chunk.size.max = 16MB (=16777216) (default)
2022-03-03 14:18:33,245 [omNode-3@group-6C22E66A003A-LeaderElection8] INFO  server.RaftServerConfigKeys (ConfUtils.java:logGet(44)) - raft.server.log.appender.buffer.byte-limit = 33554432 (custom)
2022-03-03 14:18:33,245 [omNode-3@group-6C22E66A003A-LeaderElection8] INFO  server.RaftServerConfigKeys (ConfUtils.java:logGet(44)) - raft.server.log.appender.buffer.element-limit = 1024 (custom)
2022-03-03 14:18:33,245 [omNode-3@group-6C22E66A003A-LeaderElection8] INFO  grpc.GrpcConfigKeys (ConfUtils.java:logGet(44)) - raft.grpc.server.leader.outstanding.appends.max = 128 (default)
2022-03-03 14:18:33,246 [omNode-3@group-6C22E66A003A-LeaderElection8] INFO  server.RaftServerConfigKeys (ConfUtils.java:logGet(44)) - raft.server.rpc.request.timeout = 3000ms (default)
2022-03-03 14:18:33,246 [omNode-3@group-6C22E66A003A-LeaderElection8] INFO  server.RaftServerConfigKeys (ConfUtils.java:logGet(44)) - raft.server.log.appender.install.snapshot.enabled = false (custom)
2022-03-03 14:18:33,247 [omNode-3@group-6C22E66A003A-LeaderElection8] INFO  impl.RoleInfo (RoleInfo.java:updateAndGet(130)) - omNode-3: start omNode-3@group-6C22E66A003A-LeaderStateImpl
2022-03-03 14:18:33,247 [omNode-3@group-6C22E66A003A-LeaderElection8] INFO  segmented.SegmentedRaftLogWorker (SegmentedRaftLogWorker.java:rollLogSegment(399)) - omNode-3@group-6C22E66A003A-SegmentedRaftLogWorker: Rolling segment log-0_0 to index:0
2022-03-03 14:18:33,248 [omNode-3@group-6C22E66A003A-SegmentedRaftLogWorker] INFO  segmented.SegmentedRaftLogWorker (SegmentedRaftLogWorker.java:execute(558)) - omNode-3@group-6C22E66A003A-SegmentedRaftLogWorker: Rolled log segment from /home/runner/work/ozone/ozone/hadoop-ozone/integration-test/target/test-dir/MiniOzoneClusterImpl-0274ca87-c068-4a4d-855f-b1ef4eb933b0/omNode-3/ratis/9c9825ce-8ba7-3ee6-a7c3-6c22e66a003a/current/log_inprogress_0 to /home/runner/work/ozone/ozone/hadoop-ozone/integration-test/target/test-dir/MiniOzoneClusterImpl-0274ca87-c068-4a4d-855f-b1ef4eb933b0/omNode-3/ratis/9c9825ce-8ba7-3ee6-a7c3-6c22e66a003a/current/log_0-0
2022-03-03 14:18:33,250 [grpc-default-executor-2] INFO  server.RaftServer$Division (RaftServerImpl.java:setRole(290)) - omNode-2@group-6C22E66A003A: changes role from CANDIDATE to FOLLOWER at term 5 for appendEntries
2022-03-03 14:18:33,250 [grpc-default-executor-2] INFO  impl.RoleInfo (RoleInfo.java:shutdownLeaderElection(121)) - omNode-2: shutdown omNode-2@group-6C22E66A003A-LeaderElection9
2022-03-03 14:18:33,250 [grpc-default-executor-2] INFO  impl.RoleInfo (RoleInfo.java:updateAndGet(130)) - omNode-2: start omNode-2@group-6C22E66A003A-FollowerState
2022-03-03 14:18:33,251 [grpc-default-executor-2] INFO  server.RaftServer$Division (ServerState.java:setLeader(285)) - omNode-2@group-6C22E66A003A: change Leader from null to omNode-3 at term 5 for appendEntries, leader elected after 4555ms
2022-03-03 14:18:33,251 [grpc-default-executor-2] INFO  server.RaftServer$Division (RaftServerImpl.java:checkInconsistentAppendEntries(1322)) - omNode-2@group-6C22E66A003A: Failed appendEntries as previous log entry ((t:1, i:0)) is not found
2022-03-03 14:18:33,251 [grpc-default-executor-2] INFO  server.RaftServer$Division (RaftServerImpl.java:checkInconsistentAppendEntries(1288)) - omNode-2@group-6C22E66A003A: inconsistency entries. Reply:omNode-3<-omNode-2#0:FAIL-t5,INCONSISTENCY,nextIndex=0,followerCommit=-1
2022-03-03 14:18:33,253 [grpc-default-executor-2] INFO  server.RaftServer$Division (RaftServerImpl.java:checkInconsistentAppendEntries(1322)) - omNode-2@group-6C22E66A003A: Failed appendEntries as previous log entry ((t:1, i:0)) is not found
2022-03-03 14:18:33,253 [grpc-default-executor-2] INFO  server.RaftServer$Division (RaftServerImpl.java:checkInconsistentAppendEntries(1288)) - omNode-2@group-6C22E66A003A: inconsistency entries. Reply:omNode-3<-omNode-2#1:FAIL-t5,INCONSISTENCY,nextIndex=0,followerCommit=-1
2022-03-03 14:18:33,253 [grpc-default-executor-0] INFO  leader.FollowerInfo (FollowerInfoImpl.java:lambda$new$0(47)) - omNode-3@group-6C22E66A003A->omNode-2: nextIndex: updateUnconditionally 2 -> 0
2022-03-03 14:18:33,260 [omNode-3@group-6C22E66A003A-LeaderElection8] INFO  server.RaftServer$Division (ServerState.java:setRaftConf(387)) - omNode-3@group-6C22E66A003A: set configuration 1: [omNode-3|rpc:localhost:35037|admin:|client:|dataStream:|priority:0, omNode-1|rpc:localhost:39721|admin:|client:|dataStream:|priority:0, omNode-2|rpc:localhost:46363|admin:|client:|dataStream:|priority:0], old=null
2022-03-03 14:18:33,261 [grpc-default-executor-0] INFO  leader.FollowerInfo (FollowerInfoImpl.java:lambda$new$0(47)) - omNode-3@group-6C22E66A003A->omNode-2: nextIndex: updateUnconditionally 0 -> 0
2022-03-03 14:18:33,260 [grpc-default-executor-1] INFO  server.RaftServer$Division (RaftServerImpl.java:requestVote(1046)) - omNode-1@group-6C22E66A003A: receive requestVote(ELECTION, omNode-2, group-6C22E66A003A, 5, (t:0, i:~))
2022-03-03 14:18:33,261 [grpc-default-executor-1] INFO  impl.VoteContext (VoteContext.java:log(48)) - omNode-1@group-6C22E66A003A-FOLLOWER: reject ELECTION from omNode-2: already has voted for omNode-3 at current term 5
2022-03-03 14:18:33,261 [grpc-default-executor-4] INFO  impl.VoteContext (VoteContext.java:log(48)) - omNode-3@group-6C22E66A003A-LEADER: reject ELECTION from omNode-2: already has voted for omNode-3 at current term 5
2022-03-03 14:18:33,267 [grpc-default-executor-4] INFO  server.RaftServer$Division (RaftServerImpl.java:requestVote(1078)) - omNode-3@group-6C22E66A003A replies to ELECTION vote request: omNode-2<-omNode-3#0:FAIL-t5. Peer's state: omNode-3@group-6C22E66A003A:t5, leader=omNode-3, voted=omNode-3, raftlog=omNode-3@group-6C22E66A003A-SegmentedRaftLog:OPENED:c0, conf=1: [omNode-3|rpc:localhost:35037|admin:|client:|dataStream:|priority:0, omNode-1|rpc:localhost:39721|admin:|client:|dataStream:|priority:0, omNode-2|rpc:localhost:46363|admin:|client:|dataStream:|priority:0], old=null
2022-03-03 14:18:33,261 [grpc-default-executor-1] INFO  server.RaftServer$Division (RaftServerImpl.java:requestVote(1078)) - omNode-1@group-6C22E66A003A replies to ELECTION vote request: omNode-2<-omNode-1#0:FAIL-t5. Peer's state: omNode-1@group-6C22E66A003A:t5, leader=null, voted=omNode-3, raftlog=omNode-1@group-6C22E66A003A-SegmentedRaftLog:OPENED:c0, conf=0: [omNode-3|rpc:localhost:35037|admin:|client:|dataStream:|priority:0, omNode-1|rpc:localhost:39721|admin:|client:|dataStream:|priority:0, omNode-2|rpc:localhost:46363|admin:|client:|dataStream:|priority:0], old=null
2022-03-03 14:18:33,269 [omNode-3@group-6C22E66A003A-SegmentedRaftLogWorker] INFO  segmented.SegmentedRaftLogWorker (SegmentedRaftLogWorker.java:execute(601)) - omNode-3@group-6C22E66A003A-SegmentedRaftLogWorker: created new log segment /home/runner/work/ozone/ozone/hadoop-ozone/integration-test/target/test-dir/MiniOzoneClusterImpl-0274ca87-c068-4a4d-855f-b1ef4eb933b0/omNode-3/ratis/9c9825ce-8ba7-3ee6-a7c3-6c22e66a003a/current/log_inprogress_1
2022-03-03 14:18:33,274 [grpc-default-executor-1] INFO  server.RaftServer$Division (ServerState.java:setRaftConf(387)) - omNode-2@group-6C22E66A003A: set configuration 0: [omNode-3|rpc:localhost:35037|admin:|client:|dataStream:|priority:0, omNode-1|rpc:localhost:39721|admin:|client:|dataStream:|priority:0, omNode-2|rpc:localhost:46363|admin:|client:|dataStream:|priority:0], old=null
2022-03-03 14:18:33,278 [grpc-default-executor-1] INFO  server.RaftServer$Division (ServerState.java:setRaftConf(387)) - omNode-2@group-6C22E66A003A: set configuration 1: [omNode-3|rpc:localhost:35037|admin:|client:|dataStream:|priority:0, omNode-1|rpc:localhost:39721|admin:|client:|dataStream:|priority:0, omNode-2|rpc:localhost:46363|admin:|client:|dataStream:|priority:0], old=null
2022-03-03 14:18:33,278 [grpc-default-executor-1] INFO  segmented.SegmentedRaftLogWorker (SegmentedRaftLogWorker.java:startLogSegment(394)) - omNode-2@group-6C22E66A003A-SegmentedRaftLogWorker: Starting segment from index:0
2022-03-03 14:18:33,278 [grpc-default-executor-1] INFO  segmented.SegmentedRaftLogWorker (SegmentedRaftLogWorker.java:rollLogSegment(399)) - omNode-2@group-6C22E66A003A-SegmentedRaftLogWorker: Rolling segment log-0_0 to index:0
2022-03-03 14:18:33,272 [grpc-default-executor-4] INFO  server.RaftServer$Division (ServerState.java:setLeader(285)) - omNode-1@group-6C22E66A003A: change Leader from null to omNode-3 at term 5 for appendEntries, leader elected after 3408ms
2022-03-03 14:18:33,280 [grpc-default-executor-4] INFO  server.RaftServer$Division (ServerState.java:setRaftConf(387)) - omNode-1@group-6C22E66A003A: set configuration 1: [omNode-3|rpc:localhost:35037|admin:|client:|dataStream:|priority:0, omNode-1|rpc:localhost:39721|admin:|client:|dataStream:|priority:0, omNode-2|rpc:localhost:46363|admin:|client:|dataStream:|priority:0], old=null
2022-03-03 14:18:33,280 [grpc-default-executor-4] INFO  segmented.SegmentedRaftLogWorker (SegmentedRaftLogWorker.java:rollLogSegment(399)) - omNode-1@group-6C22E66A003A-SegmentedRaftLogWorker: Rolling segment log-0_0 to index:0
2022-03-03 14:18:33,281 [omNode-1@group-6C22E66A003A-SegmentedRaftLogWorker] INFO  segmented.SegmentedRaftLogWorker (SegmentedRaftLogWorker.java:execute(558)) - omNode-1@group-6C22E66A003A-SegmentedRaftLogWorker: Rolled log segment from /home/runner/work/ozone/ozone/hadoop-ozone/integration-test/target/test-dir/MiniOzoneClusterImpl-0274ca87-c068-4a4d-855f-b1ef4eb933b0/omNode-1/ratis/9c9825ce-8ba7-3ee6-a7c3-6c22e66a003a/current/log_inprogress_0 to /home/runner/work/ozone/ozone/hadoop-ozone/integration-test/target/test-dir/MiniOzoneClusterImpl-0274ca87-c068-4a4d-855f-b1ef4eb933b0/omNode-1/ratis/9c9825ce-8ba7-3ee6-a7c3-6c22e66a003a/current/log_0-0
2022-03-03 14:18:33,270 [omNode-2@group-6C22E66A003A-LeaderElection9] INFO  impl.LeaderElection (LeaderElection.java:logAndReturn(89)) - omNode-2@group-6C22E66A003A-LeaderElection9: ELECTION REJECTED received 1 response(s) and 0 exception(s):
2022-03-03 14:18:33,283 [omNode-2@group-6C22E66A003A-LeaderElection9] INFO  impl.LeaderElection (LeaderElection.java:logAndReturn(93)) -   Response 0: omNode-2<-omNode-1#0:FAIL-t5
2022-03-03 14:18:33,283 [omNode-2@group-6C22E66A003A-LeaderElection9] INFO  impl.LeaderElection (LeaderElection.java:askForVotes(308)) - omNode-2@group-6C22E66A003A-LeaderElection9 ELECTION round 0: result REJECTED
2022-03-03 14:18:33,296 [omNode-1@group-6C22E66A003A-SegmentedRaftLogWorker] INFO  segmented.SegmentedRaftLogWorker (SegmentedRaftLogWorker.java:execute(601)) - omNode-1@group-6C22E66A003A-SegmentedRaftLogWorker: created new log segment /home/runner/work/ozone/ozone/hadoop-ozone/integration-test/target/test-dir/MiniOzoneClusterImpl-0274ca87-c068-4a4d-855f-b1ef4eb933b0/omNode-1/ratis/9c9825ce-8ba7-3ee6-a7c3-6c22e66a003a/current/log_inprogress_1
2022-03-03 14:18:33,297 [omNode-2@group-6C22E66A003A-SegmentedRaftLogWorker] INFO  segmented.SegmentedRaftLogWorker (SegmentedRaftLogWorker.java:execute(601)) - omNode-2@group-6C22E66A003A-SegmentedRaftLogWorker: created new log segment /home/runner/work/ozone/ozone/hadoop-ozone/integration-test/target/test-dir/MiniOzoneClusterImpl-0274ca87-c068-4a4d-855f-b1ef4eb933b0/omNode-2/ratis/9c9825ce-8ba7-3ee6-a7c3-6c22e66a003a/current/log_inprogress_0
2022-03-03 14:18:33,299 [omNode-2@group-6C22E66A003A-SegmentedRaftLogWorker] INFO  segmented.SegmentedRaftLogWorker (SegmentedRaftLogWorker.java:execute(558)) - omNode-2@group-6C22E66A003A-SegmentedRaftLogWorker: Rolled log segment from /home/runner/work/ozone/ozone/hadoop-ozone/integration-test/target/test-dir/MiniOzoneClusterImpl-0274ca87-c068-4a4d-855f-b1ef4eb933b0/omNode-2/ratis/9c9825ce-8ba7-3ee6-a7c3-6c22e66a003a/current/log_inprogress_0 to /home/runner/work/ozone/ozone/hadoop-ozone/integration-test/target/test-dir/MiniOzoneClusterImpl-0274ca87-c068-4a4d-855f-b1ef4eb933b0/omNode-2/ratis/9c9825ce-8ba7-3ee6-a7c3-6c22e66a003a/current/log_0-0
2022-03-03 14:18:33,301 [omNode-3@group-6C22E66A003A-StateMachineUpdater] INFO  ratis.OzoneManagerStateMachine (OzoneManagerStateMachine.java:notifyConfigurationChanged(188)) - Received Configuration change notification from Ratis. New Peer list:
[id: "omNode-3"
address: "localhost:35037"
, id: "omNode-1"
address: "localhost:39721"
, id: "omNode-2"
address: "localhost:46363"
]
2022-03-03 14:18:33,305 [omNode-1@group-6C22E66A003A-StateMachineUpdater] INFO  ratis.OzoneManagerStateMachine (OzoneManagerStateMachine.java:notifyConfigurationChanged(188)) - Received Configuration change notification from Ratis. New Peer list:
[id: "omNode-3"
address: "localhost:35037"
, id: "omNode-1"
address: "localhost:39721"
, id: "omNode-2"
address: "localhost:46363"
]
2022-03-03 14:18:33,311 [omNode-2@group-6C22E66A003A-SegmentedRaftLogWorker] INFO  segmented.SegmentedRaftLogWorker (SegmentedRaftLogWorker.java:execute(601)) - omNode-2@group-6C22E66A003A-SegmentedRaftLogWorker: created new log segment /home/runner/work/ozone/ozone/hadoop-ozone/integration-test/target/test-dir/MiniOzoneClusterImpl-0274ca87-c068-4a4d-855f-b1ef4eb933b0/omNode-2/ratis/9c9825ce-8ba7-3ee6-a7c3-6c22e66a003a/current/log_inprogress_1
2022-03-03 14:18:33,318 [omNode-2@group-6C22E66A003A-StateMachineUpdater] INFO  ratis.OzoneManagerStateMachine (OzoneManagerStateMachine.java:notifyConfigurationChanged(188)) - Received Configuration change notification from Ratis. New Peer list:
[id: "omNode-3"
address: "localhost:35037"
, id: "omNode-1"
address: "localhost:39721"
, id: "omNode-2"
address: "localhost:46363"
]
2022-03-03 14:18:33,318 [omNode-2@group-6C22E66A003A-StateMachineUpdater] INFO  ratis.OzoneManagerStateMachine (OzoneManagerStateMachine.java:notifyConfigurationChanged(188)) - Received Configuration change notification from Ratis. New Peer list:
[id: "omNode-3"
address: "localhost:35037"
, id: "omNode-1"
address: "localhost:39721"
, id: "omNode-2"
address: "localhost:46363"
]
2022-03-03 14:18:33,606 [IPC Server handler 0 on default port 37109] INFO  net.NetworkTopologyImpl (NetworkTopologyImpl.java:add(112)) - Added a new node: /default-rack/730569a9-18c0-4e52-b327-799f192de729
2022-03-03 14:18:33,608 [IPC Server handler 0 on default port 37109] INFO  node.SCMNodeManager (SCMNodeManager.java:register(391)) - Registered Data node : 730569a9-18c0-4e52-b327-799f192de729{ip: 127.0.0.1, host: localhost, ports: [REPLICATION=46745, RATIS=37839, RATIS_ADMIN=37839, RATIS_SERVER=37839, STANDALONE=41233], networkLocation: /default-rack, certSerialId: null, persistedOpState: null, persistedOpStateExpiryEpochSec: 0}
2022-03-03 14:18:33,606 [IPC Server handler 8 on default port 39049] INFO  net.NetworkTopologyImpl (NetworkTopologyImpl.java:add(112)) - Added a new node: /default-rack/730569a9-18c0-4e52-b327-799f192de729
2022-03-03 14:18:33,607 [IPC Server handler 0 on default port 41237] INFO  net.NetworkTopologyImpl (NetworkTopologyImpl.java:add(112)) - Added a new node: /default-rack/730569a9-18c0-4e52-b327-799f192de729
2022-03-03 14:18:33,609 [IPC Server handler 8 on default port 39049] INFO  node.SCMNodeManager (SCMNodeManager.java:register(391)) - Registered Data node : 730569a9-18c0-4e52-b327-799f192de729{ip: 127.0.0.1, host: localhost, ports: [REPLICATION=46745, RATIS=37839, RATIS_ADMIN=37839, RATIS_SERVER=37839, STANDALONE=41233], networkLocation: /default-rack, certSerialId: null, persistedOpState: null, persistedOpStateExpiryEpochSec: 0}
2022-03-03 14:18:33,609 [IPC Server handler 0 on default port 41237] INFO  node.SCMNodeManager (SCMNodeManager.java:register(391)) - Registered Data node : 730569a9-18c0-4e52-b327-799f192de729{ip: 127.0.0.1, host: localhost, ports: [REPLICATION=46745, RATIS=37839, RATIS_ADMIN=37839, RATIS_SERVER=37839, STANDALONE=41233], networkLocation: /default-rack, certSerialId: null, persistedOpState: null, persistedOpStateExpiryEpochSec: 0}
2022-03-03 14:18:33,613 [EventQueue-NewNodeForNewNodeHandler] INFO  pipeline.BackgroundPipelineCreator (BackgroundPipelineCreator.java:notifyEventTriggered(279)) - ignore, not leader SCM.
2022-03-03 14:18:33,614 [EventQueue-NodeRegistrationContainerReportForDataNodeSafeModeRule] INFO  safemode.SCMSafeModeManager (DataNodeSafeModeRule.java:process(71)) - SCM in safe mode. 1 DataNodes registered, 3 required.
2022-03-03 14:18:33,620 [EventQueue-NewNodeForNewNodeHandler] INFO  pipeline.BackgroundPipelineCreator (BackgroundPipelineCreator.java:notifyEventTriggered(279)) - ignore, not leader SCM.
2022-03-03 14:18:33,620 [EventQueue-NodeRegistrationContainerReportForContainerSafeModeRule] INFO  safemode.SCMSafeModeManager (SCMSafeModeManager.java:validateSafeModeExitRules(204)) - ContainerSafeModeRule rule is successfully validated
2022-03-03 14:18:33,626 [EventQueue-NodeRegistrationContainerReportForContainerSafeModeRule] INFO  safemode.SCMSafeModeManager (SCMSafeModeManager.java:validateSafeModeExitRules(204)) - ContainerSafeModeRule rule is successfully validated
2022-03-03 14:18:33,624 [EventQueue-NodeRegistrationContainerReportForDataNodeSafeModeRule] INFO  safemode.SCMSafeModeManager (DataNodeSafeModeRule.java:process(71)) - SCM in safe mode. 1 DataNodes registered, 3 required.
2022-03-03 14:18:33,627 [EventQueue-NodeRegistrationContainerReportForDataNodeSafeModeRule] INFO  safemode.SCMSafeModeManager (DataNodeSafeModeRule.java:process(71)) - SCM in safe mode. 1 DataNodes registered, 3 required.
2022-03-03 14:18:33,631 [EventQueue-PipelineReportForOneReplicaPipelineSafeModeRule] INFO  safemode.SCMSafeModeManager (SCMSafeModeManager.java:validateSafeModeExitRules(204)) - AtleastOneDatanodeReportedRule rule is successfully validated
2022-03-03 14:18:33,631 [EventQueue-PipelineReportForOneReplicaPipelineSafeModeRule] INFO  safemode.SCMSafeModeManager (SCMSafeModeManager.java:validateSafeModeExitRules(204)) - AtleastOneDatanodeReportedRule rule is successfully validated
2022-03-03 14:18:33,631 [EventQueue-NodeRegistrationContainerReportForContainerSafeModeRule] INFO  safemode.SCMSafeModeManager (SCMSafeModeManager.java:validateSafeModeExitRules(204)) - ContainerSafeModeRule rule is successfully validated
2022-03-03 14:18:33,632 [EventQueue-PipelineReportForOneReplicaPipelineSafeModeRule] INFO  safemode.SCMSafeModeManager (SCMSafeModeManager.java:validateSafeModeExitRules(204)) - AtleastOneDatanodeReportedRule rule is successfully validated
2022-03-03 14:18:33,632 [EventQueue-NewNodeForNewNodeHandler] INFO  pipeline.BackgroundPipelineCreator (BackgroundPipelineCreator.java:notifyEventTriggered(285)) - trigger a one-shot run on RatisPipelineUtilsThread.
2022-03-03 14:18:33,643 [RatisPipelineUtilsThread - 0] INFO  pipeline.RatisPipelineProvider (RatisPipelineProvider.java:lambda$create$0(183)) - Sending CreatePipelineCommand for pipeline:PipelineID=8770f789-fe90-4bd1-a9b0-3a299cfc6973 to datanode:730569a9-18c0-4e52-b327-799f192de729
2022-03-03 14:18:33,713 [4fec6c92-8a01-477b-9ee2-8944c630ad1d@group-B1EF4EB933B0-StateMachineUpdater] INFO  pipeline.PipelineStateManagerImpl (PipelineStateManagerImpl.java:addPipeline(101)) - Created pipeline Pipeline[ Id: 8770f789-fe90-4bd1-a9b0-3a299cfc6973, Nodes: 730569a9-18c0-4e52-b327-799f192de729{ip: 127.0.0.1, host: localhost, ports: [REPLICATION=46745, RATIS=37839, RATIS_ADMIN=37839, RATIS_SERVER=37839, STANDALONE=41233], networkLocation: /default-rack, certSerialId: null, persistedOpState: IN_SERVICE, persistedOpStateExpiryEpochSec: 0}, ReplicationConfig: RATIS/ONE, State:ALLOCATED, leaderId:, CreationTimestamp2022-03-03T14:18:33.640Z[Etc/UTC]].
2022-03-03 14:18:33,715 [4fec6c92-8a01-477b-9ee2-8944c630ad1d@group-B1EF4EB933B0-StateMachineUpdater] INFO  safemode.HealthyPipelineSafeModeRule (HealthyPipelineSafeModeRule.java:initializeRule(152)) - Refreshed total pipeline count is 0, healthy pipeline threshold count is 1
2022-03-03 14:18:33,717 [fd6a08cb-ca39-44ab-a901-59b74a3535c1@group-B1EF4EB933B0-StateMachineUpdater] INFO  pipeline.PipelineStateManagerImpl (PipelineStateManagerImpl.java:addPipeline(101)) - Created pipeline Pipeline[ Id: 8770f789-fe90-4bd1-a9b0-3a299cfc6973, Nodes: 730569a9-18c0-4e52-b327-799f192de729{ip: 127.0.0.1, host: localhost, ports: [REPLICATION=46745, RATIS=37839, RATIS_ADMIN=37839, RATIS_SERVER=37839, STANDALONE=41233], networkLocation: /default-rack, certSerialId: null, persistedOpState: IN_SERVICE, persistedOpStateExpiryEpochSec: 0}, ReplicationConfig: RATIS/ONE, State:ALLOCATED, leaderId:, CreationTimestamp2022-03-03T14:18:33.640Z[Etc/UTC]].
2022-03-03 14:18:33,719 [fd6a08cb-ca39-44ab-a901-59b74a3535c1@group-B1EF4EB933B0-StateMachineUpdater] INFO  safemode.HealthyPipelineSafeModeRule (HealthyPipelineSafeModeRule.java:initializeRule(152)) - Refreshed total pipeline count is 0, healthy pipeline threshold count is 1
2022-03-03 14:18:33,723 [a6e28bb1-0085-4f86-91af-c94afacc40c4@group-B1EF4EB933B0-StateMachineUpdater] INFO  pipeline.PipelineStateManagerImpl (PipelineStateManagerImpl.java:addPipeline(101)) - Created pipeline Pipeline[ Id: 8770f789-fe90-4bd1-a9b0-3a299cfc6973, Nodes: 730569a9-18c0-4e52-b327-799f192de729{ip: 127.0.0.1, host: localhost, ports: [REPLICATION=46745, RATIS=37839, RATIS_ADMIN=37839, RATIS_SERVER=37839, STANDALONE=41233], networkLocation: /default-rack, certSerialId: null, persistedOpState: IN_SERVICE, persistedOpStateExpiryEpochSec: 0}, ReplicationConfig: RATIS/ONE, State:ALLOCATED, leaderId:, CreationTimestamp2022-03-03T14:18:33.640Z[Etc/UTC]].
2022-03-03 14:18:33,725 [a6e28bb1-0085-4f86-91af-c94afacc40c4@group-B1EF4EB933B0-StateMachineUpdater] INFO  safemode.HealthyPipelineSafeModeRule (HealthyPipelineSafeModeRule.java:initializeRule(152)) - Refreshed total pipeline count is 0, healthy pipeline threshold count is 1
2022-03-03 14:18:34,041 [IPC Server handler 2 on default port 37109] INFO  net.NetworkTopologyImpl (NetworkTopologyImpl.java:add(112)) - Added a new node: /default-rack/f2c8ddcd-7296-4a0c-a4e5-1b3106edde55
2022-03-03 14:18:34,042 [IPC Server handler 2 on default port 37109] INFO  node.SCMNodeManager (SCMNodeManager.java:register(391)) - Registered Data node : f2c8ddcd-7296-4a0c-a4e5-1b3106edde55{ip: 127.0.0.1, host: localhost, ports: [REPLICATION=32985, RATIS=34023, RATIS_ADMIN=34023, RATIS_SERVER=34023, STANDALONE=43531], networkLocation: /default-rack, certSerialId: null, persistedOpState: null, persistedOpStateExpiryEpochSec: 0}
2022-03-03 14:18:34,043 [IPC Server handler 1 on default port 41237] INFO  net.NetworkTopologyImpl (NetworkTopologyImpl.java:add(112)) - Added a new node: /default-rack/f2c8ddcd-7296-4a0c-a4e5-1b3106edde55
2022-03-03 14:18:34,043 [EventQueue-NewNodeForNewNodeHandler] INFO  pipeline.BackgroundPipelineCreator (BackgroundPipelineCreator.java:notifyEventTriggered(279)) - ignore, not leader SCM.
2022-03-03 14:18:34,044 [EventQueue-NodeRegistrationContainerReportForDataNodeSafeModeRule] INFO  safemode.SCMSafeModeManager (DataNodeSafeModeRule.java:process(71)) - SCM in safe mode. 2 DataNodes registered, 3 required.
2022-03-03 14:18:34,044 [IPC Server handler 62 on default port 39049] INFO  net.NetworkTopologyImpl (NetworkTopologyImpl.java:add(112)) - Added a new node: /default-rack/f2c8ddcd-7296-4a0c-a4e5-1b3106edde55
2022-03-03 14:18:34,044 [IPC Server handler 62 on default port 39049] INFO  node.SCMNodeManager (SCMNodeManager.java:register(391)) - Registered Data node : f2c8ddcd-7296-4a0c-a4e5-1b3106edde55{ip: 127.0.0.1, host: localhost, ports: [REPLICATION=32985, RATIS=34023, RATIS_ADMIN=34023, RATIS_SERVER=34023, STANDALONE=43531], networkLocation: /default-rack, certSerialId: null, persistedOpState: null, persistedOpStateExpiryEpochSec: 0}
2022-03-03 14:18:34,044 [EventQueue-NewNodeForNewNodeHandler] INFO  pipeline.BackgroundPipelineCreator (BackgroundPipelineCreator.java:notifyEventTriggered(285)) - trigger a one-shot run on RatisPipelineUtilsThread.
2022-03-03 14:18:34,044 [IPC Server handler 1 on default port 41237] INFO  node.SCMNodeManager (SCMNodeManager.java:register(391)) - Registered Data node : f2c8ddcd-7296-4a0c-a4e5-1b3106edde55{ip: 127.0.0.1, host: localhost, ports: [REPLICATION=32985, RATIS=34023, RATIS_ADMIN=34023, RATIS_SERVER=34023, STANDALONE=43531], networkLocation: /default-rack, certSerialId: null, persistedOpState: null, persistedOpStateExpiryEpochSec: 0}
2022-03-03 14:18:34,045 [RatisPipelineUtilsThread - 0] INFO  pipeline.RatisPipelineProvider (RatisPipelineProvider.java:lambda$create$0(183)) - Sending CreatePipelineCommand for pipeline:PipelineID=1a16404a-c875-4870-b480-368786588b77 to datanode:f2c8ddcd-7296-4a0c-a4e5-1b3106edde55
2022-03-03 14:18:34,046 [EventQueue-NodeRegistrationContainerReportForDataNodeSafeModeRule] INFO  safemode.SCMSafeModeManager (DataNodeSafeModeRule.java:process(71)) - SCM in safe mode. 2 DataNodes registered, 3 required.
2022-03-03 14:18:34,048 [EventQueue-NewNodeForNewNodeHandler] INFO  pipeline.BackgroundPipelineCreator (BackgroundPipelineCreator.java:notifyEventTriggered(279)) - ignore, not leader SCM.
2022-03-03 14:18:34,051 [EventQueue-NodeRegistrationContainerReportForDataNodeSafeModeRule] INFO  safemode.SCMSafeModeManager (DataNodeSafeModeRule.java:process(71)) - SCM in safe mode. 2 DataNodes registered, 3 required.
2022-03-03 14:18:34,054 [4fec6c92-8a01-477b-9ee2-8944c630ad1d@group-B1EF4EB933B0-StateMachineUpdater] INFO  pipeline.PipelineStateManagerImpl (PipelineStateManagerImpl.java:addPipeline(101)) - Created pipeline Pipeline[ Id: 1a16404a-c875-4870-b480-368786588b77, Nodes: f2c8ddcd-7296-4a0c-a4e5-1b3106edde55{ip: 127.0.0.1, host: localhost, ports: [REPLICATION=32985, RATIS=34023, RATIS_ADMIN=34023, RATIS_SERVER=34023, STANDALONE=43531], networkLocation: /default-rack, certSerialId: null, persistedOpState: IN_SERVICE, persistedOpStateExpiryEpochSec: 0}, ReplicationConfig: RATIS/ONE, State:ALLOCATED, leaderId:, CreationTimestamp2022-03-03T14:18:34.045Z[Etc/UTC]].
2022-03-03 14:18:34,054 [4fec6c92-8a01-477b-9ee2-8944c630ad1d@group-B1EF4EB933B0-StateMachineUpdater] INFO  safemode.HealthyPipelineSafeModeRule (HealthyPipelineSafeModeRule.java:initializeRule(152)) - Refreshed total pipeline count is 0, healthy pipeline threshold count is 1
2022-03-03 14:18:34,057 [fd6a08cb-ca39-44ab-a901-59b74a3535c1@group-B1EF4EB933B0-StateMachineUpdater] INFO  pipeline.PipelineStateManagerImpl (PipelineStateManagerImpl.java:addPipeline(101)) - Created pipeline Pipeline[ Id: 1a16404a-c875-4870-b480-368786588b77, Nodes: f2c8ddcd-7296-4a0c-a4e5-1b3106edde55{ip: 127.0.0.1, host: localhost, ports: [REPLICATION=32985, RATIS=34023, RATIS_ADMIN=34023, RATIS_SERVER=34023, STANDALONE=43531], networkLocation: /default-rack, certSerialId: null, persistedOpState: IN_SERVICE, persistedOpStateExpiryEpochSec: 0}, ReplicationConfig: RATIS/ONE, State:ALLOCATED, leaderId:, CreationTimestamp2022-03-03T14:18:34.045Z[Etc/UTC]].
2022-03-03 14:18:34,059 [fd6a08cb-ca39-44ab-a901-59b74a3535c1@group-B1EF4EB933B0-StateMachineUpdater] INFO  safemode.HealthyPipelineSafeModeRule (HealthyPipelineSafeModeRule.java:initializeRule(152)) - Refreshed total pipeline count is 0, healthy pipeline threshold count is 1
2022-03-03 14:18:34,061 [a6e28bb1-0085-4f86-91af-c94afacc40c4@group-B1EF4EB933B0-StateMachineUpdater] INFO  pipeline.PipelineStateManagerImpl (PipelineStateManagerImpl.java:addPipeline(101)) - Created pipeline Pipeline[ Id: 1a16404a-c875-4870-b480-368786588b77, Nodes: f2c8ddcd-7296-4a0c-a4e5-1b3106edde55{ip: 127.0.0.1, host: localhost, ports: [REPLICATION=32985, RATIS=34023, RATIS_ADMIN=34023, RATIS_SERVER=34023, STANDALONE=43531], networkLocation: /default-rack, certSerialId: null, persistedOpState: IN_SERVICE, persistedOpStateExpiryEpochSec: 0}, ReplicationConfig: RATIS/ONE, State:ALLOCATED, leaderId:, CreationTimestamp2022-03-03T14:18:34.045Z[Etc/UTC]].
2022-03-03 14:18:34,063 [a6e28bb1-0085-4f86-91af-c94afacc40c4@group-B1EF4EB933B0-StateMachineUpdater] INFO  safemode.HealthyPipelineSafeModeRule (HealthyPipelineSafeModeRule.java:initializeRule(152)) - Refreshed total pipeline count is 0, healthy pipeline threshold count is 1
2022-03-03 14:18:34,204 [Listener at 127.0.0.1/34469] INFO  ozone.MiniOzoneClusterImpl (MiniOzoneClusterImpl.java:lambda$waitForClusterToBeReady$0(219)) - Waiting for nodes to be ready. Got 2 of 3 DN Heartbeats.
2022-03-03 14:18:34,205 [Listener at 127.0.0.1/34469] INFO  ozone.MiniOzoneClusterImpl (MiniOzoneClusterImpl.java:lambda$waitForClusterToBeReady$0(222)) - Waiting for cluster to exit safe mode
2022-03-03 14:18:34,205 [Listener at 127.0.0.1/34469] INFO  ozone.MiniOzoneClusterImpl (MiniOzoneClusterImpl.java:lambda$waitForClusterToBeReady$0(224)) - SCM became leader
2022-03-03 14:18:34,211 [IPC Server handler 1 on default port 37109] INFO  net.NetworkTopologyImpl (NetworkTopologyImpl.java:add(112)) - Added a new node: /default-rack/b19705a0-6382-4e36-86d9-fb546cb602cf
2022-03-03 14:18:34,211 [IPC Server handler 1 on default port 39049] INFO  net.NetworkTopologyImpl (NetworkTopologyImpl.java:add(112)) - Added a new node: /default-rack/b19705a0-6382-4e36-86d9-fb546cb602cf
2022-03-03 14:18:34,211 [IPC Server handler 1 on default port 39049] INFO  node.SCMNodeManager (SCMNodeManager.java:register(391)) - Registered Data node : b19705a0-6382-4e36-86d9-fb546cb602cf{ip: 127.0.0.1, host: localhost, ports: [REPLICATION=38167, RATIS=44167, RATIS_ADMIN=44167, RATIS_SERVER=44167, STANDALONE=34509], networkLocation: /default-rack, certSerialId: null, persistedOpState: null, persistedOpStateExpiryEpochSec: 0}
2022-03-03 14:18:34,211 [IPC Server handler 1 on default port 37109] INFO  node.SCMNodeManager (SCMNodeManager.java:register(391)) - Registered Data node : b19705a0-6382-4e36-86d9-fb546cb602cf{ip: 127.0.0.1, host: localhost, ports: [REPLICATION=38167, RATIS=44167, RATIS_ADMIN=44167, RATIS_SERVER=44167, STANDALONE=34509], networkLocation: /default-rack, certSerialId: null, persistedOpState: null, persistedOpStateExpiryEpochSec: 0}
2022-03-03 14:18:34,212 [EventQueue-NodeRegistrationContainerReportForDataNodeSafeModeRule] INFO  safemode.SCMSafeModeManager (DataNodeSafeModeRule.java:process(71)) - SCM in safe mode. 3 DataNodes registered, 3 required.
2022-03-03 14:18:34,212 [EventQueue-NodeRegistrationContainerReportForDataNodeSafeModeRule] INFO  safemode.SCMSafeModeManager (SCMSafeModeManager.java:validateSafeModeExitRules(204)) - DataNodeSafeModeRule rule is successfully validated
2022-03-03 14:18:34,212 [EventQueue-NodeRegistrationContainerReportForDataNodeSafeModeRule] INFO  safemode.SCMSafeModeManager (SCMSafeModeManager.java:completePreCheck(233)) - All SCM safe mode pre check rules have passed
2022-03-03 14:18:34,212 [EventQueue-NodeRegistrationContainerReportForDataNodeSafeModeRule] WARN  events.EventQueue (EventQueue.java:fireEvent(194)) - No event handler registered for event TypedEvent{payloadType=SafeModeStatus, name='Safe mode status'}
2022-03-03 14:18:34,212 [EventQueue-NodeRegistrationContainerReportForDataNodeSafeModeRule] INFO  ha.SCMContext (SCMContext.java:updateSafeModeStatus(211)) - Update SafeModeStatus from SafeModeStatus{safeModeStatus=true, preCheckPassed=false} to SafeModeStatus{safeModeStatus=true, preCheckPassed=true}.
2022-03-03 14:18:34,212 [EventQueue-NodeRegistrationContainerReportForDataNodeSafeModeRule] INFO  pipeline.BackgroundPipelineCreator (BackgroundPipelineCreator.java:notifyEventTriggered(285)) - trigger a one-shot run on RatisPipelineUtilsThread.
2022-03-03 14:18:34,212 [IPC Server handler 4 on default port 41237] INFO  net.NetworkTopologyImpl (NetworkTopologyImpl.java:add(112)) - Added a new node: /default-rack/b19705a0-6382-4e36-86d9-fb546cb602cf
2022-03-03 14:18:34,212 [EventQueue-NodeRegistrationContainerReportForDataNodeSafeModeRule] INFO  safemode.SCMSafeModeManager (DataNodeSafeModeRule.java:process(71)) - SCM in safe mode. 3 DataNodes registered, 3 required.
2022-03-03 14:18:34,212 [EventQueue-NodeRegistrationContainerReportForDataNodeSafeModeRule] INFO  safemode.SCMSafeModeManager (SCMSafeModeManager.java:validateSafeModeExitRules(204)) - DataNodeSafeModeRule rule is successfully validated
2022-03-03 14:18:34,212 [EventQueue-NodeRegistrationContainerReportForDataNodeSafeModeRule] INFO  safemode.SCMSafeModeManager (SCMSafeModeManager.java:completePreCheck(233)) - All SCM safe mode pre check rules have passed
2022-03-03 14:18:34,212 [EventQueue-NewNodeForNewNodeHandler] INFO  pipeline.BackgroundPipelineCreator (BackgroundPipelineCreator.java:notifyEventTriggered(285)) - trigger a one-shot run on RatisPipelineUtilsThread.
2022-03-03 14:18:34,212 [EventQueue-NewNodeForNewNodeHandler] INFO  pipeline.BackgroundPipelineCreator (BackgroundPipelineCreator.java:notifyEventTriggered(279)) - ignore, not leader SCM.
2022-03-03 14:18:34,212 [RatisPipelineUtilsThread - 0] INFO  pipeline.RatisPipelineProvider (RatisPipelineProvider.java:lambda$create$0(183)) - Sending CreatePipelineCommand for pipeline:PipelineID=5821992f-f8cc-4337-9ac8-c5160fb0f25f to datanode:b19705a0-6382-4e36-86d9-fb546cb602cf
2022-03-03 14:18:34,212 [IPC Server handler 4 on default port 41237] INFO  node.SCMNodeManager (SCMNodeManager.java:register(391)) - Registered Data node : b19705a0-6382-4e36-86d9-fb546cb602cf{ip: 127.0.0.1, host: localhost, ports: [REPLICATION=38167, RATIS=44167, RATIS_ADMIN=44167, RATIS_SERVER=44167, STANDALONE=34509], networkLocation: /default-rack, certSerialId: null, persistedOpState: null, persistedOpStateExpiryEpochSec: 0}
2022-03-03 14:18:34,213 [EventQueue-NewNodeForNewNodeHandler] INFO  pipeline.BackgroundPipelineCreator (BackgroundPipelineCreator.java:notifyEventTriggered(279)) - ignore, not leader SCM.
2022-03-03 14:18:34,213 [EventQueue-NodeRegistrationContainerReportForDataNodeSafeModeRule] INFO  safemode.SCMSafeModeManager (DataNodeSafeModeRule.java:process(71)) - SCM in safe mode. 3 DataNodes registered, 3 required.
2022-03-03 14:18:34,213 [EventQueue-NodeRegistrationContainerReportForDataNodeSafeModeRule] INFO  safemode.SCMSafeModeManager (SCMSafeModeManager.java:validateSafeModeExitRules(204)) - DataNodeSafeModeRule rule is successfully validated
2022-03-03 14:18:34,213 [EventQueue-NodeRegistrationContainerReportForDataNodeSafeModeRule] INFO  safemode.SCMSafeModeManager (SCMSafeModeManager.java:completePreCheck(233)) - All SCM safe mode pre check rules have passed
2022-03-03 14:18:34,212 [EventQueue-NodeRegistrationContainerReportForDataNodeSafeModeRule] WARN  events.EventQueue (EventQueue.java:fireEvent(194)) - No event handler registered for event TypedEvent{payloadType=SafeModeStatus, name='Safe mode status'}
2022-03-03 14:18:34,216 [EventQueue-NodeRegistrationContainerReportForDataNodeSafeModeRule] INFO  ha.SCMContext (SCMContext.java:updateSafeModeStatus(211)) - Update SafeModeStatus from SafeModeStatus{safeModeStatus=true, preCheckPassed=false} to SafeModeStatus{safeModeStatus=true, preCheckPassed=true}.
2022-03-03 14:18:34,216 [EventQueue-NodeRegistrationContainerReportForDataNodeSafeModeRule] INFO  pipeline.BackgroundPipelineCreator (BackgroundPipelineCreator.java:notifyEventTriggered(279)) - ignore, not leader SCM.
2022-03-03 14:18:34,213 [EventQueue-NodeRegistrationContainerReportForDataNodeSafeModeRule] WARN  events.EventQueue (EventQueue.java:fireEvent(194)) - No event handler registered for event TypedEvent{payloadType=SafeModeStatus, name='Safe mode status'}
2022-03-03 14:18:34,217 [EventQueue-NodeRegistrationContainerReportForDataNodeSafeModeRule] INFO  ha.SCMContext (SCMContext.java:updateSafeModeStatus(211)) - Update SafeModeStatus from SafeModeStatus{safeModeStatus=true, preCheckPassed=false} to SafeModeStatus{safeModeStatus=true, preCheckPassed=true}.
2022-03-03 14:18:34,217 [EventQueue-NodeRegistrationContainerReportForDataNodeSafeModeRule] INFO  pipeline.BackgroundPipelineCreator (BackgroundPipelineCreator.java:notifyEventTriggered(279)) - ignore, not leader SCM.
2022-03-03 14:18:34,221 [4fec6c92-8a01-477b-9ee2-8944c630ad1d@group-B1EF4EB933B0-StateMachineUpdater] INFO  pipeline.PipelineStateManagerImpl (PipelineStateManagerImpl.java:addPipeline(101)) - Created pipeline Pipeline[ Id: 5821992f-f8cc-4337-9ac8-c5160fb0f25f, Nodes: b19705a0-6382-4e36-86d9-fb546cb602cf{ip: 127.0.0.1, host: localhost, ports: [REPLICATION=38167, RATIS=44167, RATIS_ADMIN=44167, RATIS_SERVER=44167, STANDALONE=34509], networkLocation: /default-rack, certSerialId: null, persistedOpState: IN_SERVICE, persistedOpStateExpiryEpochSec: 0}, ReplicationConfig: RATIS/ONE, State:ALLOCATED, leaderId:, CreationTimestamp2022-03-03T14:18:34.212Z[Etc/UTC]].
2022-03-03 14:18:34,221 [4fec6c92-8a01-477b-9ee2-8944c630ad1d@group-B1EF4EB933B0-StateMachineUpdater] INFO  safemode.HealthyPipelineSafeModeRule (HealthyPipelineSafeModeRule.java:initializeRule(152)) - Refreshed total pipeline count is 0, healthy pipeline threshold count is 1
2022-03-03 14:18:34,226 [RatisPipelineUtilsThread - 0] INFO  pipeline.RatisPipelineProvider (RatisPipelineProvider.java:lambda$create$0(183)) - Sending CreatePipelineCommand for pipeline:PipelineID=d4e088ac-d662-4fb5-bec4-bea9097ecb80 to datanode:f2c8ddcd-7296-4a0c-a4e5-1b3106edde55
2022-03-03 14:18:34,229 [RatisPipelineUtilsThread - 0] INFO  pipeline.RatisPipelineProvider (RatisPipelineProvider.java:lambda$create$0(183)) - Sending CreatePipelineCommand for pipeline:PipelineID=d4e088ac-d662-4fb5-bec4-bea9097ecb80 to datanode:b19705a0-6382-4e36-86d9-fb546cb602cf
2022-03-03 14:18:34,229 [RatisPipelineUtilsThread - 0] INFO  pipeline.RatisPipelineProvider (RatisPipelineProvider.java:lambda$create$0(183)) - Sending CreatePipelineCommand for pipeline:PipelineID=d4e088ac-d662-4fb5-bec4-bea9097ecb80 to datanode:730569a9-18c0-4e52-b327-799f192de729
2022-03-03 14:18:34,235 [fd6a08cb-ca39-44ab-a901-59b74a3535c1@group-B1EF4EB933B0-StateMachineUpdater] INFO  pipeline.PipelineStateManagerImpl (PipelineStateManagerImpl.java:addPipeline(101)) - Created pipeline Pipeline[ Id: 5821992f-f8cc-4337-9ac8-c5160fb0f25f, Nodes: b19705a0-6382-4e36-86d9-fb546cb602cf{ip: 127.0.0.1, host: localhost, ports: [REPLICATION=38167, RATIS=44167, RATIS_ADMIN=44167, RATIS_SERVER=44167, STANDALONE=34509], networkLocation: /default-rack, certSerialId: null, persistedOpState: IN_SERVICE, persistedOpStateExpiryEpochSec: 0}, ReplicationConfig: RATIS/ONE, State:ALLOCATED, leaderId:, CreationTimestamp2022-03-03T14:18:34.212Z[Etc/UTC]].
2022-03-03 14:18:34,235 [fd6a08cb-ca39-44ab-a901-59b74a3535c1@group-B1EF4EB933B0-StateMachineUpdater] INFO  safemode.HealthyPipelineSafeModeRule (HealthyPipelineSafeModeRule.java:initializeRule(152)) - Refreshed total pipeline count is 0, healthy pipeline threshold count is 1
2022-03-03 14:18:34,242 [a6e28bb1-0085-4f86-91af-c94afacc40c4@group-B1EF4EB933B0-StateMachineUpdater] INFO  pipeline.PipelineStateManagerImpl (PipelineStateManagerImpl.java:addPipeline(101)) - Created pipeline Pipeline[ Id: 5821992f-f8cc-4337-9ac8-c5160fb0f25f, Nodes: b19705a0-6382-4e36-86d9-fb546cb602cf{ip: 127.0.0.1, host: localhost, ports: [REPLICATION=38167, RATIS=44167, RATIS_ADMIN=44167, RATIS_SERVER=44167, STANDALONE=34509], networkLocation: /default-rack, certSerialId: null, persistedOpState: IN_SERVICE, persistedOpStateExpiryEpochSec: 0}, ReplicationConfig: RATIS/ONE, State:ALLOCATED, leaderId:, CreationTimestamp2022-03-03T14:18:34.212Z[Etc/UTC]].
2022-03-03 14:18:34,245 [a6e28bb1-0085-4f86-91af-c94afacc40c4@group-B1EF4EB933B0-StateMachineUpdater] INFO  safemode.HealthyPipelineSafeModeRule (HealthyPipelineSafeModeRule.java:initializeRule(152)) - Refreshed total pipeline count is 0, healthy pipeline threshold count is 1
2022-03-03 14:18:34,248 [4fec6c92-8a01-477b-9ee2-8944c630ad1d@group-B1EF4EB933B0-StateMachineUpdater] INFO  pipeline.PipelineStateManagerImpl (PipelineStateManagerImpl.java:addPipeline(101)) - Created pipeline Pipeline[ Id: d4e088ac-d662-4fb5-bec4-bea9097ecb80, Nodes: f2c8ddcd-7296-4a0c-a4e5-1b3106edde55{ip: 127.0.0.1, host: localhost, ports: [REPLICATION=32985, RATIS=34023, RATIS_ADMIN=34023, RATIS_SERVER=34023, STANDALONE=43531], networkLocation: /default-rack, certSerialId: null, persistedOpState: IN_SERVICE, persistedOpStateExpiryEpochSec: 0}b19705a0-6382-4e36-86d9-fb546cb602cf{ip: 127.0.0.1, host: localhost, ports: [REPLICATION=38167, RATIS=44167, RATIS_ADMIN=44167, RATIS_SERVER=44167, STANDALONE=34509], networkLocation: /default-rack, certSerialId: null, persistedOpState: IN_SERVICE, persistedOpStateExpiryEpochSec: 0}730569a9-18c0-4e52-b327-799f192de729{ip: 127.0.0.1, host: localhost, ports: [REPLICATION=46745, RATIS=37839, RATIS_ADMIN=37839, RATIS_SERVER=37839, STANDALONE=41233], networkLocation: /default-rack, certSerialId: null, persistedOpState: IN_SERVICE, persistedOpStateExpiryEpochSec: 0}, ReplicationConfig: RATIS/THREE, State:ALLOCATED, leaderId:, CreationTimestamp2022-03-03T14:18:34.226Z[Etc/UTC]].
2022-03-03 14:18:34,251 [4fec6c92-8a01-477b-9ee2-8944c630ad1d@group-B1EF4EB933B0-StateMachineUpdater] INFO  safemode.HealthyPipelineSafeModeRule (HealthyPipelineSafeModeRule.java:initializeRule(152)) - Refreshed total pipeline count is 0, healthy pipeline threshold count is 1
2022-03-03 14:18:34,253 [RatisPipelineUtilsThread - 0] INFO  pipeline.RatisPipelineProvider (RatisPipelineProvider.java:lambda$create$0(183)) - Sending CreatePipelineCommand for pipeline:PipelineID=54237aad-58d3-4277-a3e7-1baca9cb8e95 to datanode:730569a9-18c0-4e52-b327-799f192de729
2022-03-03 14:18:34,256 [RatisPipelineUtilsThread - 0] INFO  pipeline.RatisPipelineProvider (RatisPipelineProvider.java:lambda$create$0(183)) - Sending CreatePipelineCommand for pipeline:PipelineID=54237aad-58d3-4277-a3e7-1baca9cb8e95 to datanode:f2c8ddcd-7296-4a0c-a4e5-1b3106edde55
2022-03-03 14:18:34,256 [RatisPipelineUtilsThread - 0] INFO  pipeline.RatisPipelineProvider (RatisPipelineProvider.java:lambda$create$0(183)) - Sending CreatePipelineCommand for pipeline:PipelineID=54237aad-58d3-4277-a3e7-1baca9cb8e95 to datanode:b19705a0-6382-4e36-86d9-fb546cb602cf
2022-03-03 14:18:34,257 [a6e28bb1-0085-4f86-91af-c94afacc40c4@group-B1EF4EB933B0-StateMachineUpdater] INFO  pipeline.PipelineStateManagerImpl (PipelineStateManagerImpl.java:addPipeline(101)) - Created pipeline Pipeline[ Id: d4e088ac-d662-4fb5-bec4-bea9097ecb80, Nodes: f2c8ddcd-7296-4a0c-a4e5-1b3106edde55{ip: 127.0.0.1, host: localhost, ports: [REPLICATION=32985, RATIS=34023, RATIS_ADMIN=34023, RATIS_SERVER=34023, STANDALONE=43531], networkLocation: /default-rack, certSerialId: null, persistedOpState: IN_SERVICE, persistedOpStateExpiryEpochSec: 0}b19705a0-6382-4e36-86d9-fb546cb602cf{ip: 127.0.0.1, host: localhost, ports: [REPLICATION=38167, RATIS=44167, RATIS_ADMIN=44167, RATIS_SERVER=44167, STANDALONE=34509], networkLocation: /default-rack, certSerialId: null, persistedOpState: IN_SERVICE, persistedOpStateExpiryEpochSec: 0}730569a9-18c0-4e52-b327-799f192de729{ip: 127.0.0.1, host: localhost, ports: [REPLICATION=46745, RATIS=37839, RATIS_ADMIN=37839, RATIS_SERVER=37839, STANDALONE=41233], networkLocation: /default-rack, certSerialId: null, persistedOpState: IN_SERVICE, persistedOpStateExpiryEpochSec: 0}, ReplicationConfig: RATIS/THREE, State:ALLOCATED, leaderId:, CreationTimestamp2022-03-03T14:18:34.226Z[Etc/UTC]].
2022-03-03 14:18:34,257 [a6e28bb1-0085-4f86-91af-c94afacc40c4@group-B1EF4EB933B0-StateMachineUpdater] INFO  safemode.HealthyPipelineSafeModeRule (HealthyPipelineSafeModeRule.java:initializeRule(152)) - Refreshed total pipeline count is 0, healthy pipeline threshold count is 1
2022-03-03 14:18:34,264 [4fec6c92-8a01-477b-9ee2-8944c630ad1d@group-B1EF4EB933B0-StateMachineUpdater] INFO  pipeline.PipelineStateManagerImpl (PipelineStateManagerImpl.java:addPipeline(101)) - Created pipeline Pipeline[ Id: 54237aad-58d3-4277-a3e7-1baca9cb8e95, Nodes: 730569a9-18c0-4e52-b327-799f192de729{ip: 127.0.0.1, host: localhost, ports: [REPLICATION=46745, RATIS=37839, RATIS_ADMIN=37839, RATIS_SERVER=37839, STANDALONE=41233], networkLocation: /default-rack, certSerialId: null, persistedOpState: IN_SERVICE, persistedOpStateExpiryEpochSec: 0}f2c8ddcd-7296-4a0c-a4e5-1b3106edde55{ip: 127.0.0.1, host: localhost, ports: [REPLICATION=32985, RATIS=34023, RATIS_ADMIN=34023, RATIS_SERVER=34023, STANDALONE=43531], networkLocation: /default-rack, certSerialId: null, persistedOpState: IN_SERVICE, persistedOpStateExpiryEpochSec: 0}b19705a0-6382-4e36-86d9-fb546cb602cf{ip: 127.0.0.1, host: localhost, ports: [REPLICATION=38167, RATIS=44167, RATIS_ADMIN=44167, RATIS_SERVER=44167, STANDALONE=34509], networkLocation: /default-rack, certSerialId: null, persistedOpState: IN_SERVICE, persistedOpStateExpiryEpochSec: 0}, ReplicationConfig: RATIS/THREE, State:ALLOCATED, leaderId:, CreationTimestamp2022-03-03T14:18:34.253Z[Etc/UTC]].
2022-03-03 14:18:34,266 [4fec6c92-8a01-477b-9ee2-8944c630ad1d@group-B1EF4EB933B0-StateMachineUpdater] INFO  safemode.HealthyPipelineSafeModeRule (HealthyPipelineSafeModeRule.java:initializeRule(152)) - Refreshed total pipeline count is 0, healthy pipeline threshold count is 1
2022-03-03 14:18:34,266 [fd6a08cb-ca39-44ab-a901-59b74a3535c1@group-B1EF4EB933B0-StateMachineUpdater] INFO  pipeline.PipelineStateManagerImpl (PipelineStateManagerImpl.java:addPipeline(101)) - Created pipeline Pipeline[ Id: d4e088ac-d662-4fb5-bec4-bea9097ecb80, Nodes: f2c8ddcd-7296-4a0c-a4e5-1b3106edde55{ip: 127.0.0.1, host: localhost, ports: [REPLICATION=32985, RATIS=34023, RATIS_ADMIN=34023, RATIS_SERVER=34023, STANDALONE=43531], networkLocation: /default-rack, certSerialId: null, persistedOpState: IN_SERVICE, persistedOpStateExpiryEpochSec: 0}b19705a0-6382-4e36-86d9-fb546cb602cf{ip: 127.0.0.1, host: localhost, ports: [REPLICATION=38167, RATIS=44167, RATIS_ADMIN=44167, RATIS_SERVER=44167, STANDALONE=34509], networkLocation: /default-rack, certSerialId: null, persistedOpState: IN_SERVICE, persistedOpStateExpiryEpochSec: 0}730569a9-18c0-4e52-b327-799f192de729{ip: 127.0.0.1, host: localhost, ports: [REPLICATION=46745, RATIS=37839, RATIS_ADMIN=37839, RATIS_SERVER=37839, STANDALONE=41233], networkLocation: /default-rack, certSerialId: null, persistedOpState: IN_SERVICE, persistedOpStateExpiryEpochSec: 0}, ReplicationConfig: RATIS/THREE, State:ALLOCATED, leaderId:, CreationTimestamp2022-03-03T14:18:34.226Z[Etc/UTC]].
2022-03-03 14:18:34,275 [fd6a08cb-ca39-44ab-a901-59b74a3535c1@group-B1EF4EB933B0-StateMachineUpdater] INFO  safemode.HealthyPipelineSafeModeRule (HealthyPipelineSafeModeRule.java:initializeRule(152)) - Refreshed total pipeline count is 0, healthy pipeline threshold count is 1
2022-03-03 14:18:34,267 [RatisPipelineUtilsThread - 0] INFO  pipeline.PipelineManagerImpl (PipelineManagerImpl.java:recordMetricsForPipeline(639)) - Pipeline: PipelineID=54237aad-58d3-4277-a3e7-1baca9cb8e95 contains same datanodes as previous pipelines: PipelineID=d4e088ac-d662-4fb5-bec4-bea9097ecb80 nodeIds: 730569a9-18c0-4e52-b327-799f192de729, f2c8ddcd-7296-4a0c-a4e5-1b3106edde55, b19705a0-6382-4e36-86d9-fb546cb602cf
2022-03-03 14:18:34,277 [fd6a08cb-ca39-44ab-a901-59b74a3535c1@group-B1EF4EB933B0-StateMachineUpdater] INFO  pipeline.PipelineStateManagerImpl (PipelineStateManagerImpl.java:addPipeline(101)) - Created pipeline Pipeline[ Id: 54237aad-58d3-4277-a3e7-1baca9cb8e95, Nodes: 730569a9-18c0-4e52-b327-799f192de729{ip: 127.0.0.1, host: localhost, ports: [REPLICATION=46745, RATIS=37839, RATIS_ADMIN=37839, RATIS_SERVER=37839, STANDALONE=41233], networkLocation: /default-rack, certSerialId: null, persistedOpState: IN_SERVICE, persistedOpStateExpiryEpochSec: 0}f2c8ddcd-7296-4a0c-a4e5-1b3106edde55{ip: 127.0.0.1, host: localhost, ports: [REPLICATION=32985, RATIS=34023, RATIS_ADMIN=34023, RATIS_SERVER=34023, STANDALONE=43531], networkLocation: /default-rack, certSerialId: null, persistedOpState: IN_SERVICE, persistedOpStateExpiryEpochSec: 0}b19705a0-6382-4e36-86d9-fb546cb602cf{ip: 127.0.0.1, host: localhost, ports: [REPLICATION=38167, RATIS=44167, RATIS_ADMIN=44167, RATIS_SERVER=44167, STANDALONE=34509], networkLocation: /default-rack, certSerialId: null, persistedOpState: IN_SERVICE, persistedOpStateExpiryEpochSec: 0}, ReplicationConfig: RATIS/THREE, State:ALLOCATED, leaderId:, CreationTimestamp2022-03-03T14:18:34.253Z[Etc/UTC]].
2022-03-03 14:18:34,278 [fd6a08cb-ca39-44ab-a901-59b74a3535c1@group-B1EF4EB933B0-StateMachineUpdater] INFO  safemode.HealthyPipelineSafeModeRule (HealthyPipelineSafeModeRule.java:initializeRule(152)) - Refreshed total pipeline count is 0, healthy pipeline threshold count is 1
2022-03-03 14:18:34,276 [a6e28bb1-0085-4f86-91af-c94afacc40c4@group-B1EF4EB933B0-StateMachineUpdater] INFO  pipeline.PipelineStateManagerImpl (PipelineStateManagerImpl.java:addPipeline(101)) - Created pipeline Pipeline[ Id: 54237aad-58d3-4277-a3e7-1baca9cb8e95, Nodes: 730569a9-18c0-4e52-b327-799f192de729{ip: 127.0.0.1, host: localhost, ports: [REPLICATION=46745, RATIS=37839, RATIS_ADMIN=37839, RATIS_SERVER=37839, STANDALONE=41233], networkLocation: /default-rack, certSerialId: null, persistedOpState: IN_SERVICE, persistedOpStateExpiryEpochSec: 0}f2c8ddcd-7296-4a0c-a4e5-1b3106edde55{ip: 127.0.0.1, host: localhost, ports: [REPLICATION=32985, RATIS=34023, RATIS_ADMIN=34023, RATIS_SERVER=34023, STANDALONE=43531], networkLocation: /default-rack, certSerialId: null, persistedOpState: IN_SERVICE, persistedOpStateExpiryEpochSec: 0}b19705a0-6382-4e36-86d9-fb546cb602cf{ip: 127.0.0.1, host: localhost, ports: [REPLICATION=38167, RATIS=44167, RATIS_ADMIN=44167, RATIS_SERVER=44167, STANDALONE=34509], networkLocation: /default-rack, certSerialId: null, persistedOpState: IN_SERVICE, persistedOpStateExpiryEpochSec: 0}, ReplicationConfig: RATIS/THREE, State:ALLOCATED, leaderId:, CreationTimestamp2022-03-03T14:18:34.253Z[Etc/UTC]].
2022-03-03 14:18:34,279 [a6e28bb1-0085-4f86-91af-c94afacc40c4@group-B1EF4EB933B0-StateMachineUpdater] INFO  safemode.HealthyPipelineSafeModeRule (HealthyPipelineSafeModeRule.java:initializeRule(152)) - Refreshed total pipeline count is 0, healthy pipeline threshold count is 1
2022-03-03 14:18:35,206 [Listener at 127.0.0.1/34469] INFO  ozone.MiniOzoneClusterImpl (MiniOzoneClusterImpl.java:lambda$waitForClusterToBeReady$0(219)) - Nodes are ready. Got 3 of 3 DN Heartbeats.
2022-03-03 14:18:35,208 [Listener at 127.0.0.1/34469] INFO  ozone.MiniOzoneClusterImpl (MiniOzoneClusterImpl.java:lambda$waitForClusterToBeReady$0(222)) - Waiting for cluster to exit safe mode
2022-03-03 14:18:35,208 [Listener at 127.0.0.1/34469] INFO  ozone.MiniOzoneClusterImpl (MiniOzoneClusterImpl.java:lambda$waitForClusterToBeReady$0(224)) - SCM became leader
2022-03-03 14:18:36,208 [Listener at 127.0.0.1/34469] INFO  ozone.MiniOzoneClusterImpl (MiniOzoneClusterImpl.java:lambda$waitForClusterToBeReady$0(219)) - Nodes are ready. Got 3 of 3 DN Heartbeats.
2022-03-03 14:18:36,211 [Listener at 127.0.0.1/34469] INFO  ozone.MiniOzoneClusterImpl (MiniOzoneClusterImpl.java:lambda$waitForClusterToBeReady$0(222)) - Waiting for cluster to exit safe mode
2022-03-03 14:18:36,211 [Listener at 127.0.0.1/34469] INFO  ozone.MiniOzoneClusterImpl (MiniOzoneClusterImpl.java:lambda$waitForClusterToBeReady$0(224)) - SCM became leader
2022-03-03 14:18:36,574 [Command processor thread] INFO  server.RaftServer (RaftServerProxy.java:addNew(95)) - 730569a9-18c0-4e52-b327-799f192de729: addNew group-3A299CFC6973:[730569a9-18c0-4e52-b327-799f192de729|rpc:127.0.0.1:37839|priority:1] returns group-3A299CFC6973:java.util.concurrent.CompletableFuture@7847a74a[Not completed]
2022-03-03 14:18:36,587 [pool-200-thread-1] INFO  server.RaftServer$Division (RaftServerImpl.java:<init>(184)) - 730569a9-18c0-4e52-b327-799f192de729: new RaftServerImpl for group-3A299CFC6973:[730569a9-18c0-4e52-b327-799f192de729|rpc:127.0.0.1:37839|priority:1] with ContainerStateMachine:uninitialized
2022-03-03 14:18:36,587 [pool-200-thread-1] INFO  server.RaftServerConfigKeys (ConfUtils.java:logGet(44)) - raft.server.rpc.timeout.min = 5s (custom)
2022-03-03 14:18:36,587 [pool-200-thread-1] INFO  server.RaftServerConfigKeys (ConfUtils.java:logGet(44)) - raft.server.rpc.timeout.max = 5200ms (custom)
2022-03-03 14:18:36,587 [pool-200-thread-1] INFO  server.RaftServerConfigKeys (ConfUtils.java:logGet(44)) - raft.server.rpc.sleep.time = 25ms (default)
2022-03-03 14:18:36,587 [pool-200-thread-1] INFO  server.RaftServerConfigKeys (ConfUtils.java:logGet(44)) - raft.server.rpc.slowness.timeout = 300s (custom)
2022-03-03 14:18:36,587 [pool-200-thread-1] INFO  server.RaftServerConfigKeys (ConfUtils.java:logGet(44)) - raft.server.leaderelection.leader.step-down.wait-time = 10s (default)
2022-03-03 14:18:36,587 [pool-200-thread-1] INFO  server.RaftServerConfigKeys (ConfUtils.java:logGet(44)) - raft.server.sleep.deviation.threshold = 300ms (default)
2022-03-03 14:18:36,587 [pool-200-thread-1] INFO  server.RaftServerConfigKeys (ConfUtils.java:logGet(44)) - raft.server.log.appender.install.snapshot.enabled = false (custom)
2022-03-03 14:18:36,587 [pool-200-thread-1] INFO  server.RaftServer$Division (ServerState.java:<init>(105)) - 730569a9-18c0-4e52-b327-799f192de729@group-3A299CFC6973: ConfigurationManager, init=-1: [730569a9-18c0-4e52-b327-799f192de729|rpc:127.0.0.1:37839|priority:1], old=null, confs=<EMPTY_MAP>
2022-03-03 14:18:36,587 [pool-200-thread-1] INFO  server.RaftServerConfigKeys (ConfUtils.java:logGet(44)) - raft.server.storage.dir = [/home/runner/work/ozone/ozone/hadoop-ozone/integration-test/target/test-dir/MiniOzoneClusterImpl-0274ca87-c068-4a4d-855f-b1ef4eb933b0/datanode-0/data/ratis] (custom)
2022-03-03 14:18:36,588 [pool-200-thread-1] INFO  server.RaftServerConfigKeys (ConfUtils.java:logGet(44)) - raft.server.log.corruption.policy = EXCEPTION (default)
2022-03-03 14:18:36,588 [pool-200-thread-1] INFO  server.RaftServerConfigKeys (ConfUtils.java:logGet(44)) - raft.server.storage.free-space.min = 0MB (=0) (default)
2022-03-03 14:18:36,588 [pool-200-thread-1] INFO  storage.RaftStorageDirectory (RaftStorageDirectoryImpl.java:analyzeStorage(135)) - The storage directory /home/runner/work/ozone/ozone/hadoop-ozone/integration-test/target/test-dir/MiniOzoneClusterImpl-0274ca87-c068-4a4d-855f-b1ef4eb933b0/datanode-0/data/ratis/8770f789-fe90-4bd1-a9b0-3a299cfc6973 does not exist. Creating ...
2022-03-03 14:18:36,589 [pool-200-thread-1] INFO  storage.RaftStorageDirectory (RaftStorageDirectoryImpl.java:tryLock(230)) - Lock on /home/runner/work/ozone/ozone/hadoop-ozone/integration-test/target/test-dir/MiniOzoneClusterImpl-0274ca87-c068-4a4d-855f-b1ef4eb933b0/datanode-0/data/ratis/8770f789-fe90-4bd1-a9b0-3a299cfc6973/in_use.lock acquired by nodename 586@fv-az50-851
2022-03-03 14:18:36,590 [pool-200-thread-1] INFO  storage.RaftStorage (RaftStorageImpl.java:format(89)) - Storage directory /home/runner/work/ozone/ozone/hadoop-ozone/integration-test/target/test-dir/MiniOzoneClusterImpl-0274ca87-c068-4a4d-855f-b1ef4eb933b0/datanode-0/data/ratis/8770f789-fe90-4bd1-a9b0-3a299cfc6973 has been successfully formatted.
2022-03-03 14:18:36,593 [pool-200-thread-1] INFO  ratis.ContainerStateMachine (ContainerStateMachine.java:loadSnapshot(236)) - group-3A299CFC6973: The snapshot info is null. Setting the last applied indexto:(t:0, i:~)
2022-03-03 14:18:36,594 [pool-200-thread-1] INFO  server.RaftServerConfigKeys (ConfUtils.java:logGet(44)) - raft.server.notification.no-leader.timeout = 300s (custom)
2022-03-03 14:18:36,594 [pool-200-thread-1] INFO  server.RaftServerConfigKeys (ConfUtils.java:logGet(44)) - raft.server.log.use.memory = false (default)
2022-03-03 14:18:36,594 [pool-200-thread-1] INFO  server.RaftServerConfigKeys (ConfUtils.java:logGet(44)) - raft.server.log.purge.gap = 1000000 (custom)
2022-03-03 14:18:36,594 [pool-200-thread-1] INFO  server.RaftServerConfigKeys (ConfUtils.java:logGet(44)) - raft.server.log.appender.buffer.byte-limit = 33554432 (custom)
2022-03-03 14:18:36,595 [pool-200-thread-1] INFO  server.RaftServerConfigKeys (ConfUtils.java:logGet(44)) - raft.server.log.segment.size.max = 1048576 (custom)
2022-03-03 14:18:36,596 [pool-200-thread-1] INFO  server.RaftServerConfigKeys (ConfUtils.java:logGet(44)) - raft.server.log.segment.cache.num.max = 2 (custom)
2022-03-03 14:18:36,596 [pool-200-thread-1] INFO  server.RaftServerConfigKeys (ConfUtils.java:logGet(44)) - raft.server.log.segment.cache.size.max = 200MB (=209715200) (default)
2022-03-03 14:18:36,596 [pool-200-thread-1] INFO  segmented.SegmentedRaftLogWorker (SegmentedRaftLogWorker.java:<init>(182)) - new 730569a9-18c0-4e52-b327-799f192de729@group-3A299CFC6973-SegmentedRaftLogWorker for RaftStorageImpl:Storage Directory /home/runner/work/ozone/ozone/hadoop-ozone/integration-test/target/test-dir/MiniOzoneClusterImpl-0274ca87-c068-4a4d-855f-b1ef4eb933b0/datanode-0/data/ratis/8770f789-fe90-4bd1-a9b0-3a299cfc6973
2022-03-03 14:18:36,596 [pool-200-thread-1] INFO  server.RaftServerConfigKeys (ConfUtils.java:logGet(44)) - raft.server.log.queue.byte-limit = 4294967296 (custom)
2022-03-03 14:18:36,596 [pool-200-thread-1] INFO  server.RaftServerConfigKeys (ConfUtils.java:logGet(44)) - raft.server.log.queue.element-limit = 1024 (custom)
2022-03-03 14:18:36,596 [pool-200-thread-1] INFO  server.RaftServerConfigKeys (ConfUtils.java:logGet(44)) - raft.server.log.segment.size.max = 1048576 (custom)
2022-03-03 14:18:36,597 [pool-200-thread-1] INFO  server.RaftServerConfigKeys (ConfUtils.java:logGet(44)) - raft.server.log.preallocated.size = 16384 (custom)
2022-03-03 14:18:36,597 [pool-200-thread-1] INFO  server.RaftServerConfigKeys (ConfUtils.java:logGet(44)) - raft.server.log.force.sync.num = 128 (default)
2022-03-03 14:18:36,598 [pool-200-thread-1] INFO  server.RaftServerConfigKeys (ConfUtils.java:logGet(44)) - raft.server.log.statemachine.data.sync = true (default)
2022-03-03 14:18:36,598 [pool-200-thread-1] INFO  server.RaftServerConfigKeys (ConfUtils.java:logGet(44)) - raft.server.log.statemachine.data.sync.timeout = 10s (default)
2022-03-03 14:18:36,598 [pool-200-thread-1] INFO  server.RaftServerConfigKeys (ConfUtils.java:logGet(44)) - raft.server.log.statemachine.data.sync.timeout.retry = -1 (default)
2022-03-03 14:18:36,606 [pool-200-thread-1] INFO  server.RaftServerConfigKeys (ConfUtils.java:logGet(44)) - raft.server.log.write.buffer.size = 1048576 (custom)
2022-03-03 14:18:36,607 [pool-200-thread-1] INFO  server.RaftServerConfigKeys (ConfUtils.java:logGet(44)) - raft.server.log.statemachine.data.caching.enabled = true (custom)
2022-03-03 14:18:36,607 [pool-200-thread-1] INFO  segmented.SegmentedRaftLogWorker (SegmentedRaftLogWorker.java:lambda$new$0(133)) - 730569a9-18c0-4e52-b327-799f192de729@group-3A299CFC6973-SegmentedRaftLogWorker: flushIndex: setUnconditionally 0 -> -1
2022-03-03 14:18:36,607 [pool-200-thread-1] INFO  segmented.SegmentedRaftLogWorker (SegmentedRaftLogWorker.java:lambda$new$0(133)) - 730569a9-18c0-4e52-b327-799f192de729@group-3A299CFC6973-SegmentedRaftLogWorker: safeCacheEvictIndex: setUnconditionally 0 -> -1
2022-03-03 14:18:36,614 [pool-200-thread-1] INFO  server.RaftServerConfigKeys (ConfUtils.java:logGet(44)) - raft.server.snapshot.auto.trigger.enabled = true (custom)
2022-03-03 14:18:36,614 [pool-200-thread-1] INFO  server.RaftServerConfigKeys (ConfUtils.java:logGet(44)) - raft.server.snapshot.auto.trigger.threshold = 10000 (custom)
2022-03-03 14:18:36,614 [pool-200-thread-1] INFO  server.RaftServerConfigKeys (ConfUtils.java:logGet(44)) - raft.server.snapshot.retention.file.num = 5 (custom)
2022-03-03 14:18:36,615 [pool-200-thread-1] INFO  server.RaftServerConfigKeys (ConfUtils.java:logGet(44)) - raft.server.log.purge.upto.snapshot.index = false (default)
2022-03-03 14:18:36,615 [pool-200-thread-1] INFO  server.RaftServerConfigKeys (ConfUtils.java:logGet(44)) - raft.server.retrycache.expirytime = 600000ms (custom)
2022-03-03 14:18:36,615 [pool-200-thread-1] INFO  server.RaftServerConfigKeys (ConfUtils.java:logGet(44)) - raft.server.retrycache.statistics.expirytime = 100μs (default)
2022-03-03 14:18:36,620 [pool-200-thread-1] INFO  server.RaftServer$Division (RaftServerImpl.java:start(301)) - 730569a9-18c0-4e52-b327-799f192de729@group-3A299CFC6973: start as a follower, conf=-1: [730569a9-18c0-4e52-b327-799f192de729|rpc:127.0.0.1:37839|priority:1], old=null
2022-03-03 14:18:36,620 [pool-200-thread-1] INFO  server.RaftServer$Division (RaftServerImpl.java:setRole(290)) - 730569a9-18c0-4e52-b327-799f192de729@group-3A299CFC6973: changes role from      null to FOLLOWER at term 0 for startAsFollower
2022-03-03 14:18:36,620 [pool-200-thread-1] INFO  impl.RoleInfo (RoleInfo.java:updateAndGet(130)) - 730569a9-18c0-4e52-b327-799f192de729: start 730569a9-18c0-4e52-b327-799f192de729@group-3A299CFC6973-FollowerState
2022-03-03 14:18:36,622 [pool-200-thread-1] INFO  util.JmxRegister (JmxRegister.java:tryRegister(44)) - Successfully registered JMX Bean with object name Ratis:service=RaftServer,group=group-3A299CFC6973,id=730569a9-18c0-4e52-b327-799f192de729
2022-03-03 14:18:36,623 [EventQueue-PipelineReportForPipelineReportHandler] INFO  pipeline.PipelineManagerImpl (PipelineManagerImpl.java:openPipeline(291)) - Pipeline Pipeline[ Id: 8770f789-fe90-4bd1-a9b0-3a299cfc6973, Nodes: 730569a9-18c0-4e52-b327-799f192de729{ip: 127.0.0.1, host: localhost, ports: [REPLICATION=46745, RATIS=37839, RATIS_ADMIN=37839, RATIS_SERVER=37839, STANDALONE=41233], networkLocation: /default-rack, certSerialId: null, persistedOpState: IN_SERVICE, persistedOpStateExpiryEpochSec: 0}, ReplicationConfig: RATIS/ONE, State:ALLOCATED, leaderId:730569a9-18c0-4e52-b327-799f192de729, CreationTimestamp2022-03-03T14:18:33.640Z[Etc/UTC]] moved to OPEN state
2022-03-03 14:18:36,623 [EventQueue-PipelineReportForPipelineReportHandler] INFO  pipeline.PipelineManagerImpl (PipelineManagerImpl.java:openPipeline(291)) - Pipeline Pipeline[ Id: 8770f789-fe90-4bd1-a9b0-3a299cfc6973, Nodes: 730569a9-18c0-4e52-b327-799f192de729{ip: 127.0.0.1, host: localhost, ports: [REPLICATION=46745, RATIS=37839, RATIS_ADMIN=37839, RATIS_SERVER=37839, STANDALONE=41233], networkLocation: /default-rack, certSerialId: null, persistedOpState: IN_SERVICE, persistedOpStateExpiryEpochSec: 0}, ReplicationConfig: RATIS/ONE, State:ALLOCATED, leaderId:730569a9-18c0-4e52-b327-799f192de729, CreationTimestamp2022-03-03T14:18:33.640Z[Etc/UTC]] moved to OPEN state
2022-03-03 14:18:36,633 [Command processor thread] INFO  ratis.XceiverServerRatis (XceiverServerRatis.java:addGroup(769)) - Created group PipelineID=8770f789-fe90-4bd1-a9b0-3a299cfc6973
2022-03-03 14:18:36,625 [EventQueue-PipelineReportForPipelineReportHandler] INFO  pipeline.PipelineManagerImpl (PipelineManagerImpl.java:openPipeline(291)) - Pipeline Pipeline[ Id: 8770f789-fe90-4bd1-a9b0-3a299cfc6973, Nodes: 730569a9-18c0-4e52-b327-799f192de729{ip: 127.0.0.1, host: localhost, ports: [REPLICATION=46745, RATIS=37839, RATIS_ADMIN=37839, RATIS_SERVER=37839, STANDALONE=41233], networkLocation: /default-rack, certSerialId: null, persistedOpState: IN_SERVICE, persistedOpStateExpiryEpochSec: 0}, ReplicationConfig: RATIS/ONE, State:ALLOCATED, leaderId:730569a9-18c0-4e52-b327-799f192de729, CreationTimestamp2022-03-03T14:18:33.640Z[Etc/UTC]] moved to OPEN state
2022-03-03 14:18:36,647 [Command processor thread] INFO  commandhandler.CreatePipelineCommandHandler (CreatePipelineCommandHandler.java:handle(106)) - Created Pipeline RATIS ONE PipelineID=8770f789-fe90-4bd1-a9b0-3a299cfc6973.
2022-03-03 14:18:36,663 [Command processor thread] INFO  server.RaftServer (RaftServerProxy.java:addNew(95)) - 730569a9-18c0-4e52-b327-799f192de729: addNew group-BEA9097ECB80:[730569a9-18c0-4e52-b327-799f192de729|rpc:127.0.0.1:37839|priority:1, f2c8ddcd-7296-4a0c-a4e5-1b3106edde55|rpc:127.0.0.1:34023|priority:0, b19705a0-6382-4e36-86d9-fb546cb602cf|rpc:127.0.0.1:44167|priority:0] returns group-BEA9097ECB80:java.util.concurrent.CompletableFuture@7bdf2823[Not completed]
2022-03-03 14:18:36,719 [pool-200-thread-1] INFO  server.RaftServer$Division (RaftServerImpl.java:<init>(184)) - 730569a9-18c0-4e52-b327-799f192de729: new RaftServerImpl for group-BEA9097ECB80:[730569a9-18c0-4e52-b327-799f192de729|rpc:127.0.0.1:37839|priority:1, f2c8ddcd-7296-4a0c-a4e5-1b3106edde55|rpc:127.0.0.1:34023|priority:0, b19705a0-6382-4e36-86d9-fb546cb602cf|rpc:127.0.0.1:44167|priority:0] with ContainerStateMachine:uninitialized
2022-03-03 14:18:36,720 [pool-200-thread-1] INFO  server.RaftServerConfigKeys (ConfUtils.java:logGet(44)) - raft.server.rpc.timeout.min = 5s (custom)
2022-03-03 14:18:36,720 [pool-200-thread-1] INFO  server.RaftServerConfigKeys (ConfUtils.java:logGet(44)) - raft.server.rpc.timeout.max = 5200ms (custom)
2022-03-03 14:18:36,720 [pool-200-thread-1] INFO  server.RaftServerConfigKeys (ConfUtils.java:logGet(44)) - raft.server.rpc.sleep.time = 25ms (default)
2022-03-03 14:18:36,720 [pool-200-thread-1] INFO  server.RaftServerConfigKeys (ConfUtils.java:logGet(44)) - raft.server.rpc.slowness.timeout = 300s (custom)
2022-03-03 14:18:36,720 [pool-200-thread-1] INFO  server.RaftServerConfigKeys (ConfUtils.java:logGet(44)) - raft.server.leaderelection.leader.step-down.wait-time = 10s (default)
2022-03-03 14:18:36,720 [pool-200-thread-1] INFO  server.RaftServerConfigKeys (ConfUtils.java:logGet(44)) - raft.server.sleep.deviation.threshold = 300ms (default)
2022-03-03 14:18:36,720 [pool-200-thread-1] INFO  server.RaftServerConfigKeys (ConfUtils.java:logGet(44)) - raft.server.log.appender.install.snapshot.enabled = false (custom)
2022-03-03 14:18:36,720 [pool-200-thread-1] INFO  server.RaftServer$Division (ServerState.java:<init>(105)) - 730569a9-18c0-4e52-b327-799f192de729@group-BEA9097ECB80: ConfigurationManager, init=-1: [730569a9-18c0-4e52-b327-799f192de729|rpc:127.0.0.1:37839|priority:1, f2c8ddcd-7296-4a0c-a4e5-1b3106edde55|rpc:127.0.0.1:34023|priority:0, b19705a0-6382-4e36-86d9-fb546cb602cf|rpc:127.0.0.1:44167|priority:0], old=null, confs=<EMPTY_MAP>
2022-03-03 14:18:36,720 [pool-200-thread-1] INFO  server.RaftServerConfigKeys (ConfUtils.java:logGet(44)) - raft.server.storage.dir = [/home/runner/work/ozone/ozone/hadoop-ozone/integration-test/target/test-dir/MiniOzoneClusterImpl-0274ca87-c068-4a4d-855f-b1ef4eb933b0/datanode-0/data/ratis] (custom)
2022-03-03 14:18:36,720 [pool-200-thread-1] INFO  server.RaftServerConfigKeys (ConfUtils.java:logGet(44)) - raft.server.log.corruption.policy = EXCEPTION (default)
2022-03-03 14:18:36,720 [pool-200-thread-1] INFO  server.RaftServerConfigKeys (ConfUtils.java:logGet(44)) - raft.server.storage.free-space.min = 0MB (=0) (default)
2022-03-03 14:18:36,721 [pool-200-thread-1] INFO  storage.RaftStorageDirectory (RaftStorageDirectoryImpl.java:analyzeStorage(135)) - The storage directory /home/runner/work/ozone/ozone/hadoop-ozone/integration-test/target/test-dir/MiniOzoneClusterImpl-0274ca87-c068-4a4d-855f-b1ef4eb933b0/datanode-0/data/ratis/d4e088ac-d662-4fb5-bec4-bea9097ecb80 does not exist. Creating ...
2022-03-03 14:18:36,724 [pool-200-thread-1] INFO  storage.RaftStorageDirectory (RaftStorageDirectoryImpl.java:tryLock(230)) - Lock on /home/runner/work/ozone/ozone/hadoop-ozone/integration-test/target/test-dir/MiniOzoneClusterImpl-0274ca87-c068-4a4d-855f-b1ef4eb933b0/datanode-0/data/ratis/d4e088ac-d662-4fb5-bec4-bea9097ecb80/in_use.lock acquired by nodename 586@fv-az50-851
2022-03-03 14:18:36,728 [pool-200-thread-1] INFO  storage.RaftStorage (RaftStorageImpl.java:format(89)) - Storage directory /home/runner/work/ozone/ozone/hadoop-ozone/integration-test/target/test-dir/MiniOzoneClusterImpl-0274ca87-c068-4a4d-855f-b1ef4eb933b0/datanode-0/data/ratis/d4e088ac-d662-4fb5-bec4-bea9097ecb80 has been successfully formatted.
2022-03-03 14:18:36,731 [4fec6c92-8a01-477b-9ee2-8944c630ad1d@group-B1EF4EB933B0-StateMachineUpdater] INFO  safemode.HealthyPipelineSafeModeRule (HealthyPipelineSafeModeRule.java:initializeRule(152)) - Refreshed total pipeline count is 0, healthy pipeline threshold count is 1
2022-03-03 14:18:36,735 [EventQueue-OpenPipelineForHealthyPipelineSafeModeRule] INFO  safemode.SCMSafeModeManager (HealthyPipelineSafeModeRule.java:process(124)) - SCM in safe mode. Healthy pipelines reported count is 0, required healthy pipeline reported count is 1
2022-03-03 14:18:36,735 [pool-200-thread-1] INFO  ratis.ContainerStateMachine (ContainerStateMachine.java:loadSnapshot(236)) - group-BEA9097ECB80: The snapshot info is null. Setting the last applied indexto:(t:0, i:~)
2022-03-03 14:18:36,736 [pool-200-thread-1] INFO  server.RaftServerConfigKeys (ConfUtils.java:logGet(44)) - raft.server.notification.no-leader.timeout = 300s (custom)
2022-03-03 14:18:36,736 [pool-200-thread-1] INFO  server.RaftServerConfigKeys (ConfUtils.java:logGet(44)) - raft.server.log.use.memory = false (default)
2022-03-03 14:18:36,736 [pool-200-thread-1] INFO  server.RaftServerConfigKeys (ConfUtils.java:logGet(44)) - raft.server.log.purge.gap = 1000000 (custom)
2022-03-03 14:18:36,736 [pool-200-thread-1] INFO  server.RaftServerConfigKeys (ConfUtils.java:logGet(44)) - raft.server.log.appender.buffer.byte-limit = 33554432 (custom)
2022-03-03 14:18:36,736 [pool-200-thread-1] INFO  server.RaftServerConfigKeys (ConfUtils.java:logGet(44)) - raft.server.log.segment.size.max = 1048576 (custom)
2022-03-03 14:18:36,736 [pool-200-thread-1] INFO  server.RaftServerConfigKeys (ConfUtils.java:logGet(44)) - raft.server.log.segment.cache.num.max = 2 (custom)
2022-03-03 14:18:36,736 [pool-200-thread-1] INFO  server.RaftServerConfigKeys (ConfUtils.java:logGet(44)) - raft.server.log.segment.cache.size.max = 200MB (=209715200) (default)
2022-03-03 14:18:36,737 [pool-200-thread-1] INFO  segmented.SegmentedRaftLogWorker (SegmentedRaftLogWorker.java:<init>(182)) - new 730569a9-18c0-4e52-b327-799f192de729@group-BEA9097ECB80-SegmentedRaftLogWorker for RaftStorageImpl:Storage Directory /home/runner/work/ozone/ozone/hadoop-ozone/integration-test/target/test-dir/MiniOzoneClusterImpl-0274ca87-c068-4a4d-855f-b1ef4eb933b0/datanode-0/data/ratis/d4e088ac-d662-4fb5-bec4-bea9097ecb80
2022-03-03 14:18:36,737 [pool-200-thread-1] INFO  server.RaftServerConfigKeys (ConfUtils.java:logGet(44)) - raft.server.log.queue.byte-limit = 4294967296 (custom)
2022-03-03 14:18:36,737 [pool-200-thread-1] INFO  server.RaftServerConfigKeys (ConfUtils.java:logGet(44)) - raft.server.log.queue.element-limit = 1024 (custom)
2022-03-03 14:18:36,737 [pool-200-thread-1] INFO  server.RaftServerConfigKeys (ConfUtils.java:logGet(44)) - raft.server.log.segment.size.max = 1048576 (custom)
2022-03-03 14:18:36,737 [pool-200-thread-1] INFO  server.RaftServerConfigKeys (ConfUtils.java:logGet(44)) - raft.server.log.preallocated.size = 16384 (custom)
2022-03-03 14:18:36,737 [pool-200-thread-1] INFO  server.RaftServerConfigKeys (ConfUtils.java:logGet(44)) - raft.server.log.force.sync.num = 128 (default)
2022-03-03 14:18:36,737 [pool-200-thread-1] INFO  server.RaftServerConfigKeys (ConfUtils.java:logGet(44)) - raft.server.log.statemachine.data.sync = true (default)
2022-03-03 14:18:36,737 [pool-200-thread-1] INFO  server.RaftServerConfigKeys (ConfUtils.java:logGet(44)) - raft.server.log.statemachine.data.sync.timeout = 10s (default)
2022-03-03 14:18:36,737 [pool-200-thread-1] INFO  server.RaftServerConfigKeys (ConfUtils.java:logGet(44)) - raft.server.log.statemachine.data.sync.timeout.retry = -1 (default)
2022-03-03 14:18:36,746 [pool-200-thread-1] INFO  server.RaftServerConfigKeys (ConfUtils.java:logGet(44)) - raft.server.log.write.buffer.size = 1048576 (custom)
2022-03-03 14:18:36,747 [pool-200-thread-1] INFO  server.RaftServerConfigKeys (ConfUtils.java:logGet(44)) - raft.server.log.statemachine.data.caching.enabled = true (custom)
2022-03-03 14:18:36,747 [EventQueue-PipelineReportForPipelineReportHandler] INFO  pipeline.PipelineManagerImpl (PipelineManagerImpl.java:openPipeline(291)) - Pipeline Pipeline[ Id: 8770f789-fe90-4bd1-a9b0-3a299cfc6973, Nodes: 730569a9-18c0-4e52-b327-799f192de729{ip: 127.0.0.1, host: localhost, ports: [REPLICATION=46745, RATIS=37839, RATIS_ADMIN=37839, RATIS_SERVER=37839, STANDALONE=41233], networkLocation: /default-rack, certSerialId: null, persistedOpState: IN_SERVICE, persistedOpStateExpiryEpochSec: 0}, ReplicationConfig: RATIS/ONE, State:ALLOCATED, leaderId:730569a9-18c0-4e52-b327-799f192de729, CreationTimestamp2022-03-03T14:18:33.640Z[Etc/UTC]] moved to OPEN state
2022-03-03 14:18:36,748 [EventQueue-PipelineReportForPipelineReportHandler] INFO  pipeline.PipelineManagerImpl (PipelineManagerImpl.java:openPipeline(291)) - Pipeline Pipeline[ Id: 8770f789-fe90-4bd1-a9b0-3a299cfc6973, Nodes: 730569a9-18c0-4e52-b327-799f192de729{ip: 127.0.0.1, host: localhost, ports: [REPLICATION=46745, RATIS=37839, RATIS_ADMIN=37839, RATIS_SERVER=37839, STANDALONE=41233], networkLocation: /default-rack, certSerialId: null, persistedOpState: IN_SERVICE, persistedOpStateExpiryEpochSec: 0}, ReplicationConfig: RATIS/ONE, State:ALLOCATED, leaderId:730569a9-18c0-4e52-b327-799f192de729, CreationTimestamp2022-03-03T14:18:33.640Z[Etc/UTC]] moved to OPEN state
2022-03-03 14:18:36,748 [pool-200-thread-1] INFO  segmented.SegmentedRaftLogWorker (SegmentedRaftLogWorker.java:lambda$new$0(133)) - 730569a9-18c0-4e52-b327-799f192de729@group-BEA9097ECB80-SegmentedRaftLogWorker: flushIndex: setUnconditionally 0 -> -1
2022-03-03 14:18:36,748 [pool-200-thread-1] INFO  segmented.SegmentedRaftLogWorker (SegmentedRaftLogWorker.java:lambda$new$0(133)) - 730569a9-18c0-4e52-b327-799f192de729@group-BEA9097ECB80-SegmentedRaftLogWorker: safeCacheEvictIndex: setUnconditionally 0 -> -1
2022-03-03 14:18:36,748 [EventQueue-OpenPipelineForHealthyPipelineSafeModeRule] INFO  safemode.SCMSafeModeManager (HealthyPipelineSafeModeRule.java:process(124)) - SCM in safe mode. Healthy pipelines reported count is 0, required healthy pipeline reported count is 1
2022-03-03 14:18:36,748 [pool-200-thread-1] INFO  server.RaftServerConfigKeys (ConfUtils.java:logGet(44)) - raft.server.snapshot.auto.trigger.enabled = true (custom)
2022-03-03 14:18:36,748 [pool-200-thread-1] INFO  server.RaftServerConfigKeys (ConfUtils.java:logGet(44)) - raft.server.snapshot.auto.trigger.threshold = 10000 (custom)
2022-03-03 14:18:36,748 [pool-200-thread-1] INFO  server.RaftServerConfigKeys (ConfUtils.java:logGet(44)) - raft.server.snapshot.retention.file.num = 5 (custom)
2022-03-03 14:18:36,748 [pool-200-thread-1] INFO  server.RaftServerConfigKeys (ConfUtils.java:logGet(44)) - raft.server.log.purge.upto.snapshot.index = false (default)
2022-03-03 14:18:36,748 [pool-200-thread-1] INFO  server.RaftServerConfigKeys (ConfUtils.java:logGet(44)) - raft.server.retrycache.expirytime = 600000ms (custom)
2022-03-03 14:18:36,749 [pool-200-thread-1] INFO  server.RaftServerConfigKeys (ConfUtils.java:logGet(44)) - raft.server.retrycache.statistics.expirytime = 100μs (default)
2022-03-03 14:18:36,750 [pool-200-thread-1] INFO  server.RaftServer$Division (RaftServerImpl.java:start(301)) - 730569a9-18c0-4e52-b327-799f192de729@group-BEA9097ECB80: start as a follower, conf=-1: [730569a9-18c0-4e52-b327-799f192de729|rpc:127.0.0.1:37839|priority:1, f2c8ddcd-7296-4a0c-a4e5-1b3106edde55|rpc:127.0.0.1:34023|priority:0, b19705a0-6382-4e36-86d9-fb546cb602cf|rpc:127.0.0.1:44167|priority:0], old=null
2022-03-03 14:18:36,750 [pool-200-thread-1] INFO  server.RaftServer$Division (RaftServerImpl.java:setRole(290)) - 730569a9-18c0-4e52-b327-799f192de729@group-BEA9097ECB80: changes role from      null to FOLLOWER at term 0 for startAsFollower
2022-03-03 14:18:36,750 [pool-200-thread-1] INFO  impl.RoleInfo (RoleInfo.java:updateAndGet(130)) - 730569a9-18c0-4e52-b327-799f192de729: start 730569a9-18c0-4e52-b327-799f192de729@group-BEA9097ECB80-FollowerState
2022-03-03 14:18:36,750 [pool-200-thread-1] INFO  util.JmxRegister (JmxRegister.java:tryRegister(44)) - Successfully registered JMX Bean with object name Ratis:service=RaftServer,group=group-BEA9097ECB80,id=730569a9-18c0-4e52-b327-799f192de729
2022-03-03 14:18:36,751 [fd6a08cb-ca39-44ab-a901-59b74a3535c1@group-B1EF4EB933B0-StateMachineUpdater] INFO  safemode.HealthyPipelineSafeModeRule (HealthyPipelineSafeModeRule.java:initializeRule(152)) - Refreshed total pipeline count is 0, healthy pipeline threshold count is 1
2022-03-03 14:18:36,759 [a6e28bb1-0085-4f86-91af-c94afacc40c4@group-B1EF4EB933B0-StateMachineUpdater] INFO  safemode.HealthyPipelineSafeModeRule (HealthyPipelineSafeModeRule.java:initializeRule(152)) - Refreshed total pipeline count is 0, healthy pipeline threshold count is 1
2022-03-03 14:18:36,762 [Command processor thread] INFO  ratis.XceiverServerRatis (XceiverServerRatis.java:addGroup(769)) - Created group PipelineID=d4e088ac-d662-4fb5-bec4-bea9097ecb80
2022-03-03 14:18:36,818 [grpc-default-executor-4] INFO  server.RaftServer (RaftServerProxy.java:addNew(95)) - f2c8ddcd-7296-4a0c-a4e5-1b3106edde55: addNew group-BEA9097ECB80:[730569a9-18c0-4e52-b327-799f192de729|rpc:127.0.0.1:37839|dataStream:|priority:1, f2c8ddcd-7296-4a0c-a4e5-1b3106edde55|rpc:127.0.0.1:34023|dataStream:|priority:0, b19705a0-6382-4e36-86d9-fb546cb602cf|rpc:127.0.0.1:44167|dataStream:|priority:0] returns group-BEA9097ECB80:java.util.concurrent.CompletableFuture@a180a0a[Not completed]
2022-03-03 14:18:36,819 [pool-223-thread-1] INFO  server.RaftServer$Division (RaftServerImpl.java:<init>(184)) - f2c8ddcd-7296-4a0c-a4e5-1b3106edde55: new RaftServerImpl for group-BEA9097ECB80:[730569a9-18c0-4e52-b327-799f192de729|rpc:127.0.0.1:37839|dataStream:|priority:1, f2c8ddcd-7296-4a0c-a4e5-1b3106edde55|rpc:127.0.0.1:34023|dataStream:|priority:0, b19705a0-6382-4e36-86d9-fb546cb602cf|rpc:127.0.0.1:44167|dataStream:|priority:0] with ContainerStateMachine:uninitialized
2022-03-03 14:18:36,819 [pool-223-thread-1] INFO  server.RaftServerConfigKeys (ConfUtils.java:logGet(44)) - raft.server.rpc.timeout.min = 5s (custom)
2022-03-03 14:18:36,819 [pool-223-thread-1] INFO  server.RaftServerConfigKeys (ConfUtils.java:logGet(44)) - raft.server.rpc.timeout.max = 5200ms (custom)
2022-03-03 14:18:36,819 [pool-223-thread-1] INFO  server.RaftServerConfigKeys (ConfUtils.java:logGet(44)) - raft.server.rpc.sleep.time = 25ms (default)
2022-03-03 14:18:36,819 [pool-223-thread-1] INFO  server.RaftServerConfigKeys (ConfUtils.java:logGet(44)) - raft.server.rpc.slowness.timeout = 300s (custom)
2022-03-03 14:18:36,819 [pool-223-thread-1] INFO  server.RaftServerConfigKeys (ConfUtils.java:logGet(44)) - raft.server.leaderelection.leader.step-down.wait-time = 10s (default)
2022-03-03 14:18:36,819 [pool-223-thread-1] INFO  server.RaftServerConfigKeys (ConfUtils.java:logGet(44)) - raft.server.sleep.deviation.threshold = 300ms (default)
2022-03-03 14:18:36,819 [pool-223-thread-1] INFO  server.RaftServerConfigKeys (ConfUtils.java:logGet(44)) - raft.server.log.appender.install.snapshot.enabled = false (custom)
2022-03-03 14:18:36,820 [pool-223-thread-1] INFO  server.RaftServer$Division (ServerState.java:<init>(105)) - f2c8ddcd-7296-4a0c-a4e5-1b3106edde55@group-BEA9097ECB80: ConfigurationManager, init=-1: [730569a9-18c0-4e52-b327-799f192de729|rpc:127.0.0.1:37839|dataStream:|priority:1, f2c8ddcd-7296-4a0c-a4e5-1b3106edde55|rpc:127.0.0.1:34023|dataStream:|priority:0, b19705a0-6382-4e36-86d9-fb546cb602cf|rpc:127.0.0.1:44167|dataStream:|priority:0], old=null, confs=<EMPTY_MAP>
2022-03-03 14:18:36,820 [pool-223-thread-1] INFO  server.RaftServerConfigKeys (ConfUtils.java:logGet(44)) - raft.server.storage.dir = [/home/runner/work/ozone/ozone/hadoop-ozone/integration-test/target/test-dir/MiniOzoneClusterImpl-0274ca87-c068-4a4d-855f-b1ef4eb933b0/datanode-1/data/ratis] (custom)
2022-03-03 14:18:36,820 [pool-223-thread-1] INFO  server.RaftServerConfigKeys (ConfUtils.java:logGet(44)) - raft.server.log.corruption.policy = EXCEPTION (default)
2022-03-03 14:18:36,820 [pool-223-thread-1] INFO  server.RaftServerConfigKeys (ConfUtils.java:logGet(44)) - raft.server.storage.free-space.min = 0MB (=0) (default)
2022-03-03 14:18:36,820 [pool-223-thread-1] INFO  storage.RaftStorageDirectory (RaftStorageDirectoryImpl.java:analyzeStorage(135)) - The storage directory /home/runner/work/ozone/ozone/hadoop-ozone/integration-test/target/test-dir/MiniOzoneClusterImpl-0274ca87-c068-4a4d-855f-b1ef4eb933b0/datanode-1/data/ratis/d4e088ac-d662-4fb5-bec4-bea9097ecb80 does not exist. Creating ...
2022-03-03 14:18:36,821 [pool-223-thread-1] INFO  storage.RaftStorageDirectory (RaftStorageDirectoryImpl.java:tryLock(230)) - Lock on /home/runner/work/ozone/ozone/hadoop-ozone/integration-test/target/test-dir/MiniOzoneClusterImpl-0274ca87-c068-4a4d-855f-b1ef4eb933b0/datanode-1/data/ratis/d4e088ac-d662-4fb5-bec4-bea9097ecb80/in_use.lock acquired by nodename 586@fv-az50-851
2022-03-03 14:18:36,822 [pool-223-thread-1] INFO  storage.RaftStorage (RaftStorageImpl.java:format(89)) - Storage directory /home/runner/work/ozone/ozone/hadoop-ozone/integration-test/target/test-dir/MiniOzoneClusterImpl-0274ca87-c068-4a4d-855f-b1ef4eb933b0/datanode-1/data/ratis/d4e088ac-d662-4fb5-bec4-bea9097ecb80 has been successfully formatted.
2022-03-03 14:18:36,822 [pool-223-thread-1] INFO  ratis.ContainerStateMachine (ContainerStateMachine.java:loadSnapshot(236)) - group-BEA9097ECB80: The snapshot info is null. Setting the last applied indexto:(t:0, i:~)
2022-03-03 14:18:36,822 [pool-223-thread-1] INFO  server.RaftServerConfigKeys (ConfUtils.java:logGet(44)) - raft.server.notification.no-leader.timeout = 300s (custom)
2022-03-03 14:18:36,823 [pool-223-thread-1] INFO  server.RaftServerConfigKeys (ConfUtils.java:logGet(44)) - raft.server.log.use.memory = false (default)
2022-03-03 14:18:36,823 [pool-223-thread-1] INFO  server.RaftServerConfigKeys (ConfUtils.java:logGet(44)) - raft.server.log.purge.gap = 1000000 (custom)
2022-03-03 14:18:36,823 [pool-223-thread-1] INFO  server.RaftServerConfigKeys (ConfUtils.java:logGet(44)) - raft.server.log.appender.buffer.byte-limit = 33554432 (custom)
2022-03-03 14:18:36,823 [pool-223-thread-1] INFO  server.RaftServerConfigKeys (ConfUtils.java:logGet(44)) - raft.server.log.segment.size.max = 1048576 (custom)
2022-03-03 14:18:36,823 [pool-223-thread-1] INFO  server.RaftServerConfigKeys (ConfUtils.java:logGet(44)) - raft.server.log.segment.cache.num.max = 2 (custom)
2022-03-03 14:18:36,823 [pool-223-thread-1] INFO  server.RaftServerConfigKeys (ConfUtils.java:logGet(44)) - raft.server.log.segment.cache.size.max = 200MB (=209715200) (default)
2022-03-03 14:18:36,824 [pool-223-thread-1] INFO  segmented.SegmentedRaftLogWorker (SegmentedRaftLogWorker.java:<init>(182)) - new f2c8ddcd-7296-4a0c-a4e5-1b3106edde55@group-BEA9097ECB80-SegmentedRaftLogWorker for RaftStorageImpl:Storage Directory /home/runner/work/ozone/ozone/hadoop-ozone/integration-test/target/test-dir/MiniOzoneClusterImpl-0274ca87-c068-4a4d-855f-b1ef4eb933b0/datanode-1/data/ratis/d4e088ac-d662-4fb5-bec4-bea9097ecb80
2022-03-03 14:18:36,824 [pool-223-thread-1] INFO  server.RaftServerConfigKeys (ConfUtils.java:logGet(44)) - raft.server.log.queue.byte-limit = 4294967296 (custom)
2022-03-03 14:18:36,824 [pool-223-thread-1] INFO  server.RaftServerConfigKeys (ConfUtils.java:logGet(44)) - raft.server.log.queue.element-limit = 1024 (custom)
2022-03-03 14:18:36,824 [pool-223-thread-1] INFO  server.RaftServerConfigKeys (ConfUtils.java:logGet(44)) - raft.server.log.segment.size.max = 1048576 (custom)
2022-03-03 14:18:36,824 [pool-223-thread-1] INFO  server.RaftServerConfigKeys (ConfUtils.java:logGet(44)) - raft.server.log.preallocated.size = 16384 (custom)
2022-03-03 14:18:36,824 [pool-223-thread-1] INFO  server.RaftServerConfigKeys (ConfUtils.java:logGet(44)) - raft.server.log.force.sync.num = 128 (default)
2022-03-03 14:18:36,824 [pool-223-thread-1] INFO  server.RaftServerConfigKeys (ConfUtils.java:logGet(44)) - raft.server.log.statemachine.data.sync = true (default)
2022-03-03 14:18:36,824 [pool-223-thread-1] INFO  server.RaftServerConfigKeys (ConfUtils.java:logGet(44)) - raft.server.log.statemachine.data.sync.timeout = 10s (default)
2022-03-03 14:18:36,824 [pool-223-thread-1] INFO  server.RaftServerConfigKeys (ConfUtils.java:logGet(44)) - raft.server.log.statemachine.data.sync.timeout.retry = -1 (default)
2022-03-03 14:18:36,826 [pool-223-thread-1] INFO  server.RaftServerConfigKeys (ConfUtils.java:logGet(44)) - raft.server.log.write.buffer.size = 1048576 (custom)
2022-03-03 14:18:36,827 [pool-223-thread-1] INFO  server.RaftServerConfigKeys (ConfUtils.java:logGet(44)) - raft.server.log.statemachine.data.caching.enabled = true (custom)
2022-03-03 14:18:36,827 [pool-223-thread-1] INFO  segmented.SegmentedRaftLogWorker (SegmentedRaftLogWorker.java:lambda$new$0(133)) - f2c8ddcd-7296-4a0c-a4e5-1b3106edde55@group-BEA9097ECB80-SegmentedRaftLogWorker: flushIndex: setUnconditionally 0 -> -1
2022-03-03 14:18:36,827 [pool-223-thread-1] INFO  segmented.SegmentedRaftLogWorker (SegmentedRaftLogWorker.java:lambda$new$0(133)) - f2c8ddcd-7296-4a0c-a4e5-1b3106edde55@group-BEA9097ECB80-SegmentedRaftLogWorker: safeCacheEvictIndex: setUnconditionally 0 -> -1
2022-03-03 14:18:36,828 [pool-223-thread-1] INFO  server.RaftServerConfigKeys (ConfUtils.java:logGet(44)) - raft.server.snapshot.auto.trigger.enabled = true (custom)
2022-03-03 14:18:36,828 [pool-223-thread-1] INFO  server.RaftServerConfigKeys (ConfUtils.java:logGet(44)) - raft.server.snapshot.auto.trigger.threshold = 10000 (custom)
2022-03-03 14:18:36,828 [pool-223-thread-1] INFO  server.RaftServerConfigKeys (ConfUtils.java:logGet(44)) - raft.server.snapshot.retention.file.num = 5 (custom)
2022-03-03 14:18:36,828 [pool-223-thread-1] INFO  server.RaftServerConfigKeys (ConfUtils.java:logGet(44)) - raft.server.log.purge.upto.snapshot.index = false (default)
2022-03-03 14:18:36,828 [pool-223-thread-1] INFO  server.RaftServerConfigKeys (ConfUtils.java:logGet(44)) - raft.server.retrycache.expirytime = 600000ms (custom)
2022-03-03 14:18:36,828 [pool-223-thread-1] INFO  server.RaftServerConfigKeys (ConfUtils.java:logGet(44)) - raft.server.retrycache.statistics.expirytime = 100μs (default)
2022-03-03 14:18:36,829 [pool-223-thread-1] INFO  server.RaftServer$Division (RaftServerImpl.java:start(301)) - f2c8ddcd-7296-4a0c-a4e5-1b3106edde55@group-BEA9097ECB80: start as a follower, conf=-1: [730569a9-18c0-4e52-b327-799f192de729|rpc:127.0.0.1:37839|dataStream:|priority:1, f2c8ddcd-7296-4a0c-a4e5-1b3106edde55|rpc:127.0.0.1:34023|dataStream:|priority:0, b19705a0-6382-4e36-86d9-fb546cb602cf|rpc:127.0.0.1:44167|dataStream:|priority:0], old=null
2022-03-03 14:18:36,829 [pool-223-thread-1] INFO  server.RaftServer$Division (RaftServerImpl.java:setRole(290)) - f2c8ddcd-7296-4a0c-a4e5-1b3106edde55@group-BEA9097ECB80: changes role from      null to FOLLOWER at term 0 for startAsFollower
2022-03-03 14:18:36,829 [pool-223-thread-1] INFO  impl.RoleInfo (RoleInfo.java:updateAndGet(130)) - f2c8ddcd-7296-4a0c-a4e5-1b3106edde55: start f2c8ddcd-7296-4a0c-a4e5-1b3106edde55@group-BEA9097ECB80-FollowerState
2022-03-03 14:18:36,830 [pool-223-thread-1] INFO  util.JmxRegister (JmxRegister.java:tryRegister(44)) - Successfully registered JMX Bean with object name Ratis:service=RaftServer,group=group-BEA9097ECB80,id=f2c8ddcd-7296-4a0c-a4e5-1b3106edde55
2022-03-03 14:18:36,870 [grpc-default-executor-1] INFO  server.RaftServer (RaftServerProxy.java:addNew(95)) - b19705a0-6382-4e36-86d9-fb546cb602cf: addNew group-BEA9097ECB80:[730569a9-18c0-4e52-b327-799f192de729|rpc:127.0.0.1:37839|dataStream:|priority:1, f2c8ddcd-7296-4a0c-a4e5-1b3106edde55|rpc:127.0.0.1:34023|dataStream:|priority:0, b19705a0-6382-4e36-86d9-fb546cb602cf|rpc:127.0.0.1:44167|dataStream:|priority:0] returns group-BEA9097ECB80:java.util.concurrent.CompletableFuture@19f4289a[Not completed]
2022-03-03 14:18:36,871 [pool-246-thread-1] INFO  server.RaftServer$Division (RaftServerImpl.java:<init>(184)) - b19705a0-6382-4e36-86d9-fb546cb602cf: new RaftServerImpl for group-BEA9097ECB80:[730569a9-18c0-4e52-b327-799f192de729|rpc:127.0.0.1:37839|dataStream:|priority:1, f2c8ddcd-7296-4a0c-a4e5-1b3106edde55|rpc:127.0.0.1:34023|dataStream:|priority:0, b19705a0-6382-4e36-86d9-fb546cb602cf|rpc:127.0.0.1:44167|dataStream:|priority:0] with ContainerStateMachine:uninitialized
2022-03-03 14:18:36,871 [pool-246-thread-1] INFO  server.RaftServerConfigKeys (ConfUtils.java:logGet(44)) - raft.server.rpc.timeout.min = 5s (custom)
2022-03-03 14:18:36,871 [pool-246-thread-1] INFO  server.RaftServerConfigKeys (ConfUtils.java:logGet(44)) - raft.server.rpc.timeout.max = 5200ms (custom)
2022-03-03 14:18:36,872 [pool-246-thread-1] INFO  server.RaftServerConfigKeys (ConfUtils.java:logGet(44)) - raft.server.rpc.sleep.time = 25ms (default)
2022-03-03 14:18:36,872 [pool-246-thread-1] INFO  server.RaftServerConfigKeys (ConfUtils.java:logGet(44)) - raft.server.rpc.slowness.timeout = 300s (custom)
2022-03-03 14:18:36,872 [pool-246-thread-1] INFO  server.RaftServerConfigKeys (ConfUtils.java:logGet(44)) - raft.server.leaderelection.leader.step-down.wait-time = 10s (default)
2022-03-03 14:18:36,872 [pool-246-thread-1] INFO  server.RaftServerConfigKeys (ConfUtils.java:logGet(44)) - raft.server.sleep.deviation.threshold = 300ms (default)
2022-03-03 14:18:36,872 [pool-246-thread-1] INFO  server.RaftServerConfigKeys (ConfUtils.java:logGet(44)) - raft.server.log.appender.install.snapshot.enabled = false (custom)
2022-03-03 14:18:36,872 [pool-246-thread-1] INFO  server.RaftServer$Division (ServerState.java:<init>(105)) - b19705a0-6382-4e36-86d9-fb546cb602cf@group-BEA9097ECB80: ConfigurationManager, init=-1: [730569a9-18c0-4e52-b327-799f192de729|rpc:127.0.0.1:37839|dataStream:|priority:1, f2c8ddcd-7296-4a0c-a4e5-1b3106edde55|rpc:127.0.0.1:34023|dataStream:|priority:0, b19705a0-6382-4e36-86d9-fb546cb602cf|rpc:127.0.0.1:44167|dataStream:|priority:0], old=null, confs=<EMPTY_MAP>
2022-03-03 14:18:36,872 [pool-246-thread-1] INFO  server.RaftServerConfigKeys (ConfUtils.java:logGet(44)) - raft.server.storage.dir = [/home/runner/work/ozone/ozone/hadoop-ozone/integration-test/target/test-dir/MiniOzoneClusterImpl-0274ca87-c068-4a4d-855f-b1ef4eb933b0/datanode-2/data/ratis] (custom)
2022-03-03 14:18:36,872 [pool-246-thread-1] INFO  server.RaftServerConfigKeys (ConfUtils.java:logGet(44)) - raft.server.log.corruption.policy = EXCEPTION (default)
2022-03-03 14:18:36,872 [pool-246-thread-1] INFO  server.RaftServerConfigKeys (ConfUtils.java:logGet(44)) - raft.server.storage.free-space.min = 0MB (=0) (default)
2022-03-03 14:18:36,872 [pool-246-thread-1] INFO  storage.RaftStorageDirectory (RaftStorageDirectoryImpl.java:analyzeStorage(135)) - The storage directory /home/runner/work/ozone/ozone/hadoop-ozone/integration-test/target/test-dir/MiniOzoneClusterImpl-0274ca87-c068-4a4d-855f-b1ef4eb933b0/datanode-2/data/ratis/d4e088ac-d662-4fb5-bec4-bea9097ecb80 does not exist. Creating ...
2022-03-03 14:18:36,873 [pool-246-thread-1] INFO  storage.RaftStorageDirectory (RaftStorageDirectoryImpl.java:tryLock(230)) - Lock on /home/runner/work/ozone/ozone/hadoop-ozone/integration-test/target/test-dir/MiniOzoneClusterImpl-0274ca87-c068-4a4d-855f-b1ef4eb933b0/datanode-2/data/ratis/d4e088ac-d662-4fb5-bec4-bea9097ecb80/in_use.lock acquired by nodename 586@fv-az50-851
2022-03-03 14:18:36,874 [pool-246-thread-1] INFO  storage.RaftStorage (RaftStorageImpl.java:format(89)) - Storage directory /home/runner/work/ozone/ozone/hadoop-ozone/integration-test/target/test-dir/MiniOzoneClusterImpl-0274ca87-c068-4a4d-855f-b1ef4eb933b0/datanode-2/data/ratis/d4e088ac-d662-4fb5-bec4-bea9097ecb80 has been successfully formatted.
2022-03-03 14:18:36,877 [pool-246-thread-1] INFO  ratis.ContainerStateMachine (ContainerStateMachine.java:loadSnapshot(236)) - group-BEA9097ECB80: The snapshot info is null. Setting the last applied indexto:(t:0, i:~)
2022-03-03 14:18:36,878 [pool-246-thread-1] INFO  server.RaftServerConfigKeys (ConfUtils.java:logGet(44)) - raft.server.notification.no-leader.timeout = 300s (custom)
2022-03-03 14:18:36,878 [pool-246-thread-1] INFO  server.RaftServerConfigKeys (ConfUtils.java:logGet(44)) - raft.server.log.use.memory = false (default)
2022-03-03 14:18:36,878 [pool-246-thread-1] INFO  server.RaftServerConfigKeys (ConfUtils.java:logGet(44)) - raft.server.log.purge.gap = 1000000 (custom)
2022-03-03 14:18:36,878 [pool-246-thread-1] INFO  server.RaftServerConfigKeys (ConfUtils.java:logGet(44)) - raft.server.log.appender.buffer.byte-limit = 33554432 (custom)
2022-03-03 14:18:36,878 [pool-246-thread-1] INFO  server.RaftServerConfigKeys (ConfUtils.java:logGet(44)) - raft.server.log.segment.size.max = 1048576 (custom)
2022-03-03 14:18:36,879 [pool-246-thread-1] INFO  server.RaftServerConfigKeys (ConfUtils.java:logGet(44)) - raft.server.log.segment.cache.num.max = 2 (custom)
2022-03-03 14:18:36,879 [pool-246-thread-1] INFO  server.RaftServerConfigKeys (ConfUtils.java:logGet(44)) - raft.server.log.segment.cache.size.max = 200MB (=209715200) (default)
2022-03-03 14:18:36,879 [pool-246-thread-1] INFO  segmented.SegmentedRaftLogWorker (SegmentedRaftLogWorker.java:<init>(182)) - new b19705a0-6382-4e36-86d9-fb546cb602cf@group-BEA9097ECB80-SegmentedRaftLogWorker for RaftStorageImpl:Storage Directory /home/runner/work/ozone/ozone/hadoop-ozone/integration-test/target/test-dir/MiniOzoneClusterImpl-0274ca87-c068-4a4d-855f-b1ef4eb933b0/datanode-2/data/ratis/d4e088ac-d662-4fb5-bec4-bea9097ecb80
2022-03-03 14:18:36,879 [pool-246-thread-1] INFO  server.RaftServerConfigKeys (ConfUtils.java:logGet(44)) - raft.server.log.queue.byte-limit = 4294967296 (custom)
2022-03-03 14:18:36,879 [pool-246-thread-1] INFO  server.RaftServerConfigKeys (ConfUtils.java:logGet(44)) - raft.server.log.queue.element-limit = 1024 (custom)
2022-03-03 14:18:36,879 [pool-246-thread-1] INFO  server.RaftServerConfigKeys (ConfUtils.java:logGet(44)) - raft.server.log.segment.size.max = 1048576 (custom)
2022-03-03 14:18:36,879 [pool-246-thread-1] INFO  server.RaftServerConfigKeys (ConfUtils.java:logGet(44)) - raft.server.log.preallocated.size = 16384 (custom)
2022-03-03 14:18:36,879 [pool-246-thread-1] INFO  server.RaftServerConfigKeys (ConfUtils.java:logGet(44)) - raft.server.log.force.sync.num = 128 (default)
2022-03-03 14:18:36,879 [pool-246-thread-1] INFO  server.RaftServerConfigKeys (ConfUtils.java:logGet(44)) - raft.server.log.statemachine.data.sync = true (default)
2022-03-03 14:18:36,879 [pool-246-thread-1] INFO  server.RaftServerConfigKeys (ConfUtils.java:logGet(44)) - raft.server.log.statemachine.data.sync.timeout = 10s (default)
2022-03-03 14:18:36,879 [pool-246-thread-1] INFO  server.RaftServerConfigKeys (ConfUtils.java:logGet(44)) - raft.server.log.statemachine.data.sync.timeout.retry = -1 (default)
2022-03-03 14:18:36,880 [pool-246-thread-1] INFO  server.RaftServerConfigKeys (ConfUtils.java:logGet(44)) - raft.server.log.write.buffer.size = 1048576 (custom)
2022-03-03 14:18:36,881 [pool-246-thread-1] INFO  server.RaftServerConfigKeys (ConfUtils.java:logGet(44)) - raft.server.log.statemachine.data.caching.enabled = true (custom)
2022-03-03 14:18:36,881 [pool-246-thread-1] INFO  segmented.SegmentedRaftLogWorker (SegmentedRaftLogWorker.java:lambda$new$0(133)) - b19705a0-6382-4e36-86d9-fb546cb602cf@group-BEA9097ECB80-SegmentedRaftLogWorker: flushIndex: setUnconditionally 0 -> -1
2022-03-03 14:18:36,881 [pool-246-thread-1] INFO  segmented.SegmentedRaftLogWorker (SegmentedRaftLogWorker.java:lambda$new$0(133)) - b19705a0-6382-4e36-86d9-fb546cb602cf@group-BEA9097ECB80-SegmentedRaftLogWorker: safeCacheEvictIndex: setUnconditionally 0 -> -1
2022-03-03 14:18:36,881 [pool-246-thread-1] INFO  server.RaftServerConfigKeys (ConfUtils.java:logGet(44)) - raft.server.snapshot.auto.trigger.enabled = true (custom)
2022-03-03 14:18:36,881 [pool-246-thread-1] INFO  server.RaftServerConfigKeys (ConfUtils.java:logGet(44)) - raft.server.snapshot.auto.trigger.threshold = 10000 (custom)
2022-03-03 14:18:36,881 [pool-246-thread-1] INFO  server.RaftServerConfigKeys (ConfUtils.java:logGet(44)) - raft.server.snapshot.retention.file.num = 5 (custom)
2022-03-03 14:18:36,881 [pool-246-thread-1] INFO  server.RaftServerConfigKeys (ConfUtils.java:logGet(44)) - raft.server.log.purge.upto.snapshot.index = false (default)
2022-03-03 14:18:36,882 [pool-246-thread-1] INFO  server.RaftServerConfigKeys (ConfUtils.java:logGet(44)) - raft.server.retrycache.expirytime = 600000ms (custom)
2022-03-03 14:18:36,882 [pool-246-thread-1] INFO  server.RaftServerConfigKeys (ConfUtils.java:logGet(44)) - raft.server.retrycache.statistics.expirytime = 100μs (default)
2022-03-03 14:18:36,883 [pool-246-thread-1] INFO  server.RaftServer$Division (RaftServerImpl.java:start(301)) - b19705a0-6382-4e36-86d9-fb546cb602cf@group-BEA9097ECB80: start as a follower, conf=-1: [730569a9-18c0-4e52-b327-799f192de729|rpc:127.0.0.1:37839|dataStream:|priority:1, f2c8ddcd-7296-4a0c-a4e5-1b3106edde55|rpc:127.0.0.1:34023|dataStream:|priority:0, b19705a0-6382-4e36-86d9-fb546cb602cf|rpc:127.0.0.1:44167|dataStream:|priority:0], old=null
2022-03-03 14:18:36,883 [pool-246-thread-1] INFO  server.RaftServer$Division (RaftServerImpl.java:setRole(290)) - b19705a0-6382-4e36-86d9-fb546cb602cf@group-BEA9097ECB80: changes role from      null to FOLLOWER at term 0 for startAsFollower
2022-03-03 14:18:36,883 [pool-246-thread-1] INFO  impl.RoleInfo (RoleInfo.java:updateAndGet(130)) - b19705a0-6382-4e36-86d9-fb546cb602cf: start b19705a0-6382-4e36-86d9-fb546cb602cf@group-BEA9097ECB80-FollowerState
2022-03-03 14:18:36,887 [pool-246-thread-1] INFO  util.JmxRegister (JmxRegister.java:tryRegister(44)) - Successfully registered JMX Bean with object name Ratis:service=RaftServer,group=group-BEA9097ECB80,id=b19705a0-6382-4e36-86d9-fb546cb602cf
2022-03-03 14:18:36,899 [Command processor thread] INFO  commandhandler.CreatePipelineCommandHandler (CreatePipelineCommandHandler.java:handle(106)) - Created Pipeline RATIS THREE PipelineID=d4e088ac-d662-4fb5-bec4-bea9097ecb80.
2022-03-03 14:18:36,899 [Command processor thread] INFO  server.RaftServer (RaftServerProxy.java:addNew(95)) - 730569a9-18c0-4e52-b327-799f192de729: addNew group-1BACA9CB8E95:[730569a9-18c0-4e52-b327-799f192de729|rpc:127.0.0.1:37839|priority:0, f2c8ddcd-7296-4a0c-a4e5-1b3106edde55|rpc:127.0.0.1:34023|priority:1, b19705a0-6382-4e36-86d9-fb546cb602cf|rpc:127.0.0.1:44167|priority:0] returns group-1BACA9CB8E95:java.util.concurrent.CompletableFuture@150801f5[Not completed]
2022-03-03 14:18:36,900 [pool-200-thread-1] INFO  server.RaftServer$Division (RaftServerImpl.java:<init>(184)) - 730569a9-18c0-4e52-b327-799f192de729: new RaftServerImpl for group-1BACA9CB8E95:[730569a9-18c0-4e52-b327-799f192de729|rpc:127.0.0.1:37839|priority:0, f2c8ddcd-7296-4a0c-a4e5-1b3106edde55|rpc:127.0.0.1:34023|priority:1, b19705a0-6382-4e36-86d9-fb546cb602cf|rpc:127.0.0.1:44167|priority:0] with ContainerStateMachine:uninitialized
2022-03-03 14:18:36,900 [pool-200-thread-1] INFO  server.RaftServerConfigKeys (ConfUtils.java:logGet(44)) - raft.server.rpc.timeout.min = 5s (custom)
2022-03-03 14:18:36,901 [pool-200-thread-1] INFO  server.RaftServerConfigKeys (ConfUtils.java:logGet(44)) - raft.server.rpc.timeout.max = 5200ms (custom)
2022-03-03 14:18:36,901 [pool-200-thread-1] INFO  server.RaftServerConfigKeys (ConfUtils.java:logGet(44)) - raft.server.rpc.sleep.time = 25ms (default)
2022-03-03 14:18:36,901 [pool-200-thread-1] INFO  server.RaftServerConfigKeys (ConfUtils.java:logGet(44)) - raft.server.rpc.slowness.timeout = 300s (custom)
2022-03-03 14:18:36,901 [pool-200-thread-1] INFO  server.RaftServerConfigKeys (ConfUtils.java:logGet(44)) - raft.server.leaderelection.leader.step-down.wait-time = 10s (default)
2022-03-03 14:18:36,901 [pool-200-thread-1] INFO  server.RaftServerConfigKeys (ConfUtils.java:logGet(44)) - raft.server.sleep.deviation.threshold = 300ms (default)
2022-03-03 14:18:36,901 [pool-200-thread-1] INFO  server.RaftServerConfigKeys (ConfUtils.java:logGet(44)) - raft.server.log.appender.install.snapshot.enabled = false (custom)
2022-03-03 14:18:36,901 [pool-200-thread-1] INFO  server.RaftServer$Division (ServerState.java:<init>(105)) - 730569a9-18c0-4e52-b327-799f192de729@group-1BACA9CB8E95: ConfigurationManager, init=-1: [730569a9-18c0-4e52-b327-799f192de729|rpc:127.0.0.1:37839|priority:0, f2c8ddcd-7296-4a0c-a4e5-1b3106edde55|rpc:127.0.0.1:34023|priority:1, b19705a0-6382-4e36-86d9-fb546cb602cf|rpc:127.0.0.1:44167|priority:0], old=null, confs=<EMPTY_MAP>
2022-03-03 14:18:36,901 [pool-200-thread-1] INFO  server.RaftServerConfigKeys (ConfUtils.java:logGet(44)) - raft.server.storage.dir = [/home/runner/work/ozone/ozone/hadoop-ozone/integration-test/target/test-dir/MiniOzoneClusterImpl-0274ca87-c068-4a4d-855f-b1ef4eb933b0/datanode-0/data/ratis] (custom)
2022-03-03 14:18:36,901 [pool-200-thread-1] INFO  server.RaftServerConfigKeys (ConfUtils.java:logGet(44)) - raft.server.log.corruption.policy = EXCEPTION (default)
2022-03-03 14:18:36,901 [pool-200-thread-1] INFO  server.RaftServerConfigKeys (ConfUtils.java:logGet(44)) - raft.server.storage.free-space.min = 0MB (=0) (default)
2022-03-03 14:18:36,901 [pool-200-thread-1] INFO  storage.RaftStorageDirectory (RaftStorageDirectoryImpl.java:analyzeStorage(135)) - The storage directory /home/runner/work/ozone/ozone/hadoop-ozone/integration-test/target/test-dir/MiniOzoneClusterImpl-0274ca87-c068-4a4d-855f-b1ef4eb933b0/datanode-0/data/ratis/54237aad-58d3-4277-a3e7-1baca9cb8e95 does not exist. Creating ...
2022-03-03 14:18:36,902 [pool-200-thread-1] INFO  storage.RaftStorageDirectory (RaftStorageDirectoryImpl.java:tryLock(230)) - Lock on /home/runner/work/ozone/ozone/hadoop-ozone/integration-test/target/test-dir/MiniOzoneClusterImpl-0274ca87-c068-4a4d-855f-b1ef4eb933b0/datanode-0/data/ratis/54237aad-58d3-4277-a3e7-1baca9cb8e95/in_use.lock acquired by nodename 586@fv-az50-851
2022-03-03 14:18:36,903 [pool-200-thread-1] INFO  storage.RaftStorage (RaftStorageImpl.java:format(89)) - Storage directory /home/runner/work/ozone/ozone/hadoop-ozone/integration-test/target/test-dir/MiniOzoneClusterImpl-0274ca87-c068-4a4d-855f-b1ef4eb933b0/datanode-0/data/ratis/54237aad-58d3-4277-a3e7-1baca9cb8e95 has been successfully formatted.
2022-03-03 14:18:36,904 [pool-200-thread-1] INFO  ratis.ContainerStateMachine (ContainerStateMachine.java:loadSnapshot(236)) - group-1BACA9CB8E95: The snapshot info is null. Setting the last applied indexto:(t:0, i:~)
2022-03-03 14:18:36,904 [pool-200-thread-1] INFO  server.RaftServerConfigKeys (ConfUtils.java:logGet(44)) - raft.server.notification.no-leader.timeout = 300s (custom)
2022-03-03 14:18:36,904 [pool-200-thread-1] INFO  server.RaftServerConfigKeys (ConfUtils.java:logGet(44)) - raft.server.log.use.memory = false (default)
2022-03-03 14:18:36,904 [pool-200-thread-1] INFO  server.RaftServerConfigKeys (ConfUtils.java:logGet(44)) - raft.server.log.purge.gap = 1000000 (custom)
2022-03-03 14:18:36,904 [pool-200-thread-1] INFO  server.RaftServerConfigKeys (ConfUtils.java:logGet(44)) - raft.server.log.appender.buffer.byte-limit = 33554432 (custom)
2022-03-03 14:18:36,904 [pool-200-thread-1] INFO  server.RaftServerConfigKeys (ConfUtils.java:logGet(44)) - raft.server.log.segment.size.max = 1048576 (custom)
2022-03-03 14:18:36,904 [pool-200-thread-1] INFO  server.RaftServerConfigKeys (ConfUtils.java:logGet(44)) - raft.server.log.segment.cache.num.max = 2 (custom)
2022-03-03 14:18:36,904 [pool-200-thread-1] INFO  server.RaftServerConfigKeys (ConfUtils.java:logGet(44)) - raft.server.log.segment.cache.size.max = 200MB (=209715200) (default)
2022-03-03 14:18:36,905 [pool-200-thread-1] INFO  segmented.SegmentedRaftLogWorker (SegmentedRaftLogWorker.java:<init>(182)) - new 730569a9-18c0-4e52-b327-799f192de729@group-1BACA9CB8E95-SegmentedRaftLogWorker for RaftStorageImpl:Storage Directory /home/runner/work/ozone/ozone/hadoop-ozone/integration-test/target/test-dir/MiniOzoneClusterImpl-0274ca87-c068-4a4d-855f-b1ef4eb933b0/datanode-0/data/ratis/54237aad-58d3-4277-a3e7-1baca9cb8e95
2022-03-03 14:18:36,905 [pool-200-thread-1] INFO  server.RaftServerConfigKeys (ConfUtils.java:logGet(44)) - raft.server.log.queue.byte-limit = 4294967296 (custom)
2022-03-03 14:18:36,905 [pool-200-thread-1] INFO  server.RaftServerConfigKeys (ConfUtils.java:logGet(44)) - raft.server.log.queue.element-limit = 1024 (custom)
2022-03-03 14:18:36,906 [pool-200-thread-1] INFO  server.RaftServerConfigKeys (ConfUtils.java:logGet(44)) - raft.server.log.segment.size.max = 1048576 (custom)
2022-03-03 14:18:36,908 [EventQueue-OpenPipelineForHealthyPipelineSafeModeRule] INFO  safemode.SCMSafeModeManager (HealthyPipelineSafeModeRule.java:process(124)) - SCM in safe mode. Healthy pipelines reported count is 0, required healthy pipeline reported count is 1
2022-03-03 14:18:36,908 [pool-200-thread-1] INFO  server.RaftServerConfigKeys (ConfUtils.java:logGet(44)) - raft.server.log.preallocated.size = 16384 (custom)
2022-03-03 14:18:36,908 [pool-200-thread-1] INFO  server.RaftServerConfigKeys (ConfUtils.java:logGet(44)) - raft.server.log.force.sync.num = 128 (default)
2022-03-03 14:18:36,909 [pool-200-thread-1] INFO  server.RaftServerConfigKeys (ConfUtils.java:logGet(44)) - raft.server.log.statemachine.data.sync = true (default)
2022-03-03 14:18:36,909 [pool-200-thread-1] INFO  server.RaftServerConfigKeys (ConfUtils.java:logGet(44)) - raft.server.log.statemachine.data.sync.timeout = 10s (default)
2022-03-03 14:18:36,909 [pool-200-thread-1] INFO  server.RaftServerConfigKeys (ConfUtils.java:logGet(44)) - raft.server.log.statemachine.data.sync.timeout.retry = -1 (default)
2022-03-03 14:18:36,911 [pool-200-thread-1] INFO  server.RaftServerConfigKeys (ConfUtils.java:logGet(44)) - raft.server.log.write.buffer.size = 1048576 (custom)
2022-03-03 14:18:36,912 [pool-200-thread-1] INFO  server.RaftServerConfigKeys (ConfUtils.java:logGet(44)) - raft.server.log.statemachine.data.caching.enabled = true (custom)
2022-03-03 14:18:36,912 [pool-200-thread-1] INFO  segmented.SegmentedRaftLogWorker (SegmentedRaftLogWorker.java:lambda$new$0(133)) - 730569a9-18c0-4e52-b327-799f192de729@group-1BACA9CB8E95-SegmentedRaftLogWorker: flushIndex: setUnconditionally 0 -> -1
2022-03-03 14:18:36,912 [pool-200-thread-1] INFO  segmented.SegmentedRaftLogWorker (SegmentedRaftLogWorker.java:lambda$new$0(133)) - 730569a9-18c0-4e52-b327-799f192de729@group-1BACA9CB8E95-SegmentedRaftLogWorker: safeCacheEvictIndex: setUnconditionally 0 -> -1
2022-03-03 14:18:36,913 [EventQueue-OpenPipelineForHealthyPipelineSafeModeRule] INFO  safemode.SCMSafeModeManager (HealthyPipelineSafeModeRule.java:process(124)) - SCM in safe mode. Healthy pipelines reported count is 0, required healthy pipeline reported count is 1
2022-03-03 14:18:36,913 [pool-200-thread-1] INFO  server.RaftServerConfigKeys (ConfUtils.java:logGet(44)) - raft.server.snapshot.auto.trigger.enabled = true (custom)
2022-03-03 14:18:36,913 [pool-200-thread-1] INFO  server.RaftServerConfigKeys (ConfUtils.java:logGet(44)) - raft.server.snapshot.auto.trigger.threshold = 10000 (custom)
2022-03-03 14:18:36,913 [pool-200-thread-1] INFO  server.RaftServerConfigKeys (ConfUtils.java:logGet(44)) - raft.server.snapshot.retention.file.num = 5 (custom)
2022-03-03 14:18:36,913 [pool-200-thread-1] INFO  server.RaftServerConfigKeys (ConfUtils.java:logGet(44)) - raft.server.log.purge.upto.snapshot.index = false (default)
2022-03-03 14:18:36,913 [pool-200-thread-1] INFO  server.RaftServerConfigKeys (ConfUtils.java:logGet(44)) - raft.server.retrycache.expirytime = 600000ms (custom)
2022-03-03 14:18:36,913 [pool-200-thread-1] INFO  server.RaftServerConfigKeys (ConfUtils.java:logGet(44)) - raft.server.retrycache.statistics.expirytime = 100μs (default)
2022-03-03 14:18:36,914 [pool-200-thread-1] INFO  server.RaftServer$Division (RaftServerImpl.java:start(301)) - 730569a9-18c0-4e52-b327-799f192de729@group-1BACA9CB8E95: start as a follower, conf=-1: [730569a9-18c0-4e52-b327-799f192de729|rpc:127.0.0.1:37839|priority:0, f2c8ddcd-7296-4a0c-a4e5-1b3106edde55|rpc:127.0.0.1:34023|priority:1, b19705a0-6382-4e36-86d9-fb546cb602cf|rpc:127.0.0.1:44167|priority:0], old=null
2022-03-03 14:18:36,914 [pool-200-thread-1] INFO  server.RaftServer$Division (RaftServerImpl.java:setRole(290)) - 730569a9-18c0-4e52-b327-799f192de729@group-1BACA9CB8E95: changes role from      null to FOLLOWER at term 0 for startAsFollower
2022-03-03 14:18:36,914 [pool-200-thread-1] INFO  impl.RoleInfo (RoleInfo.java:updateAndGet(130)) - 730569a9-18c0-4e52-b327-799f192de729: start 730569a9-18c0-4e52-b327-799f192de729@group-1BACA9CB8E95-FollowerState
2022-03-03 14:18:36,907 [EventQueue-OpenPipelineForHealthyPipelineSafeModeRule] INFO  safemode.SCMSafeModeManager (HealthyPipelineSafeModeRule.java:process(124)) - SCM in safe mode. Healthy pipelines reported count is 0, required healthy pipeline reported count is 1
2022-03-03 14:18:36,917 [pool-200-thread-1] INFO  util.JmxRegister (JmxRegister.java:tryRegister(44)) - Successfully registered JMX Bean with object name Ratis:service=RaftServer,group=group-1BACA9CB8E95,id=730569a9-18c0-4e52-b327-799f192de729
2022-03-03 14:18:36,917 [Command processor thread] INFO  ratis.XceiverServerRatis (XceiverServerRatis.java:addGroup(769)) - Created group PipelineID=54237aad-58d3-4277-a3e7-1baca9cb8e95
2022-03-03 14:18:36,926 [grpc-default-executor-1] INFO  server.RaftServer (RaftServerProxy.java:addNew(95)) - f2c8ddcd-7296-4a0c-a4e5-1b3106edde55: addNew group-1BACA9CB8E95:[730569a9-18c0-4e52-b327-799f192de729|rpc:127.0.0.1:37839|dataStream:|priority:0, f2c8ddcd-7296-4a0c-a4e5-1b3106edde55|rpc:127.0.0.1:34023|dataStream:|priority:1, b19705a0-6382-4e36-86d9-fb546cb602cf|rpc:127.0.0.1:44167|dataStream:|priority:0] returns group-1BACA9CB8E95:java.util.concurrent.CompletableFuture@529795b6[Not completed]
2022-03-03 14:18:36,927 [pool-223-thread-1] INFO  server.RaftServer$Division (RaftServerImpl.java:<init>(184)) - f2c8ddcd-7296-4a0c-a4e5-1b3106edde55: new RaftServerImpl for group-1BACA9CB8E95:[730569a9-18c0-4e52-b327-799f192de729|rpc:127.0.0.1:37839|dataStream:|priority:0, f2c8ddcd-7296-4a0c-a4e5-1b3106edde55|rpc:127.0.0.1:34023|dataStream:|priority:1, b19705a0-6382-4e36-86d9-fb546cb602cf|rpc:127.0.0.1:44167|dataStream:|priority:0] with ContainerStateMachine:uninitialized
2022-03-03 14:18:36,927 [pool-223-thread-1] INFO  server.RaftServerConfigKeys (ConfUtils.java:logGet(44)) - raft.server.rpc.timeout.min = 5s (custom)
2022-03-03 14:18:36,928 [pool-223-thread-1] INFO  server.RaftServerConfigKeys (ConfUtils.java:logGet(44)) - raft.server.rpc.timeout.max = 5200ms (custom)
2022-03-03 14:18:36,928 [pool-223-thread-1] INFO  server.RaftServerConfigKeys (ConfUtils.java:logGet(44)) - raft.server.rpc.sleep.time = 25ms (default)
2022-03-03 14:18:36,928 [pool-223-thread-1] INFO  server.RaftServerConfigKeys (ConfUtils.java:logGet(44)) - raft.server.rpc.slowness.timeout = 300s (custom)
2022-03-03 14:18:36,928 [pool-223-thread-1] INFO  server.RaftServerConfigKeys (ConfUtils.java:logGet(44)) - raft.server.leaderelection.leader.step-down.wait-time = 10s (default)
2022-03-03 14:18:36,928 [pool-223-thread-1] INFO  server.RaftServerConfigKeys (ConfUtils.java:logGet(44)) - raft.server.sleep.deviation.threshold = 300ms (default)
2022-03-03 14:18:36,928 [pool-223-thread-1] INFO  server.RaftServerConfigKeys (ConfUtils.java:logGet(44)) - raft.server.log.appender.install.snapshot.enabled = false (custom)
2022-03-03 14:18:36,928 [pool-223-thread-1] INFO  server.RaftServer$Division (ServerState.java:<init>(105)) - f2c8ddcd-7296-4a0c-a4e5-1b3106edde55@group-1BACA9CB8E95: ConfigurationManager, init=-1: [730569a9-18c0-4e52-b327-799f192de729|rpc:127.0.0.1:37839|dataStream:|priority:0, f2c8ddcd-7296-4a0c-a4e5-1b3106edde55|rpc:127.0.0.1:34023|dataStream:|priority:1, b19705a0-6382-4e36-86d9-fb546cb602cf|rpc:127.0.0.1:44167|dataStream:|priority:0], old=null, confs=<EMPTY_MAP>
2022-03-03 14:18:36,928 [pool-223-thread-1] INFO  server.RaftServerConfigKeys (ConfUtils.java:logGet(44)) - raft.server.storage.dir = [/home/runner/work/ozone/ozone/hadoop-ozone/integration-test/target/test-dir/MiniOzoneClusterImpl-0274ca87-c068-4a4d-855f-b1ef4eb933b0/datanode-1/data/ratis] (custom)
2022-03-03 14:18:36,928 [pool-223-thread-1] INFO  server.RaftServerConfigKeys (ConfUtils.java:logGet(44)) - raft.server.log.corruption.policy = EXCEPTION (default)
2022-03-03 14:18:36,928 [pool-223-thread-1] INFO  server.RaftServerConfigKeys (ConfUtils.java:logGet(44)) - raft.server.storage.free-space.min = 0MB (=0) (default)
2022-03-03 14:18:36,928 [pool-223-thread-1] INFO  storage.RaftStorageDirectory (RaftStorageDirectoryImpl.java:analyzeStorage(135)) - The storage directory /home/runner/work/ozone/ozone/hadoop-ozone/integration-test/target/test-dir/MiniOzoneClusterImpl-0274ca87-c068-4a4d-855f-b1ef4eb933b0/datanode-1/data/ratis/54237aad-58d3-4277-a3e7-1baca9cb8e95 does not exist. Creating ...
2022-03-03 14:18:36,929 [pool-223-thread-1] INFO  storage.RaftStorageDirectory (RaftStorageDirectoryImpl.java:tryLock(230)) - Lock on /home/runner/work/ozone/ozone/hadoop-ozone/integration-test/target/test-dir/MiniOzoneClusterImpl-0274ca87-c068-4a4d-855f-b1ef4eb933b0/datanode-1/data/ratis/54237aad-58d3-4277-a3e7-1baca9cb8e95/in_use.lock acquired by nodename 586@fv-az50-851
2022-03-03 14:18:36,930 [pool-223-thread-1] INFO  storage.RaftStorage (RaftStorageImpl.java:format(89)) - Storage directory /home/runner/work/ozone/ozone/hadoop-ozone/integration-test/target/test-dir/MiniOzoneClusterImpl-0274ca87-c068-4a4d-855f-b1ef4eb933b0/datanode-1/data/ratis/54237aad-58d3-4277-a3e7-1baca9cb8e95 has been successfully formatted.
2022-03-03 14:18:36,934 [pool-223-thread-1] INFO  ratis.ContainerStateMachine (ContainerStateMachine.java:loadSnapshot(236)) - group-1BACA9CB8E95: The snapshot info is null. Setting the last applied indexto:(t:0, i:~)
2022-03-03 14:18:36,934 [pool-223-thread-1] INFO  server.RaftServerConfigKeys (ConfUtils.java:logGet(44)) - raft.server.notification.no-leader.timeout = 300s (custom)
2022-03-03 14:18:36,934 [pool-223-thread-1] INFO  server.RaftServerConfigKeys (ConfUtils.java:logGet(44)) - raft.server.log.use.memory = false (default)
2022-03-03 14:18:36,934 [pool-223-thread-1] INFO  server.RaftServerConfigKeys (ConfUtils.java:logGet(44)) - raft.server.log.purge.gap = 1000000 (custom)
2022-03-03 14:18:36,934 [pool-223-thread-1] INFO  server.RaftServerConfigKeys (ConfUtils.java:logGet(44)) - raft.server.log.appender.buffer.byte-limit = 33554432 (custom)
2022-03-03 14:18:36,935 [pool-223-thread-1] INFO  server.RaftServerConfigKeys (ConfUtils.java:logGet(44)) - raft.server.log.segment.size.max = 1048576 (custom)
2022-03-03 14:18:36,935 [pool-223-thread-1] INFO  server.RaftServerConfigKeys (ConfUtils.java:logGet(44)) - raft.server.log.segment.cache.num.max = 2 (custom)
2022-03-03 14:18:36,935 [pool-223-thread-1] INFO  server.RaftServerConfigKeys (ConfUtils.java:logGet(44)) - raft.server.log.segment.cache.size.max = 200MB (=209715200) (default)
2022-03-03 14:18:36,935 [pool-223-thread-1] INFO  segmented.SegmentedRaftLogWorker (SegmentedRaftLogWorker.java:<init>(182)) - new f2c8ddcd-7296-4a0c-a4e5-1b3106edde55@group-1BACA9CB8E95-SegmentedRaftLogWorker for RaftStorageImpl:Storage Directory /home/runner/work/ozone/ozone/hadoop-ozone/integration-test/target/test-dir/MiniOzoneClusterImpl-0274ca87-c068-4a4d-855f-b1ef4eb933b0/datanode-1/data/ratis/54237aad-58d3-4277-a3e7-1baca9cb8e95
2022-03-03 14:18:36,935 [pool-223-thread-1] INFO  server.RaftServerConfigKeys (ConfUtils.java:logGet(44)) - raft.server.log.queue.byte-limit = 4294967296 (custom)
2022-03-03 14:18:36,935 [pool-223-thread-1] INFO  server.RaftServerConfigKeys (ConfUtils.java:logGet(44)) - raft.server.log.queue.element-limit = 1024 (custom)
2022-03-03 14:18:36,935 [pool-223-thread-1] INFO  server.RaftServerConfigKeys (ConfUtils.java:logGet(44)) - raft.server.log.segment.size.max = 1048576 (custom)
2022-03-03 14:18:36,936 [pool-223-thread-1] INFO  server.RaftServerConfigKeys (ConfUtils.java:logGet(44)) - raft.server.log.preallocated.size = 16384 (custom)
2022-03-03 14:18:36,936 [pool-223-thread-1] INFO  server.RaftServerConfigKeys (ConfUtils.java:logGet(44)) - raft.server.log.force.sync.num = 128 (default)
2022-03-03 14:18:36,936 [pool-223-thread-1] INFO  server.RaftServerConfigKeys (ConfUtils.java:logGet(44)) - raft.server.log.statemachine.data.sync = true (default)
2022-03-03 14:18:36,936 [pool-223-thread-1] INFO  server.RaftServerConfigKeys (ConfUtils.java:logGet(44)) - raft.server.log.statemachine.data.sync.timeout = 10s (default)
2022-03-03 14:18:36,936 [pool-223-thread-1] INFO  server.RaftServerConfigKeys (ConfUtils.java:logGet(44)) - raft.server.log.statemachine.data.sync.timeout.retry = -1 (default)
2022-03-03 14:18:36,936 [pool-223-thread-1] INFO  server.RaftServerConfigKeys (ConfUtils.java:logGet(44)) - raft.server.log.write.buffer.size = 1048576 (custom)
2022-03-03 14:18:36,937 [pool-223-thread-1] INFO  server.RaftServerConfigKeys (ConfUtils.java:logGet(44)) - raft.server.log.statemachine.data.caching.enabled = true (custom)
2022-03-03 14:18:36,937 [pool-223-thread-1] INFO  segmented.SegmentedRaftLogWorker (SegmentedRaftLogWorker.java:lambda$new$0(133)) - f2c8ddcd-7296-4a0c-a4e5-1b3106edde55@group-1BACA9CB8E95-SegmentedRaftLogWorker: flushIndex: setUnconditionally 0 -> -1
2022-03-03 14:18:36,937 [pool-223-thread-1] INFO  segmented.SegmentedRaftLogWorker (SegmentedRaftLogWorker.java:lambda$new$0(133)) - f2c8ddcd-7296-4a0c-a4e5-1b3106edde55@group-1BACA9CB8E95-SegmentedRaftLogWorker: safeCacheEvictIndex: setUnconditionally 0 -> -1
2022-03-03 14:18:36,937 [pool-223-thread-1] INFO  server.RaftServerConfigKeys (ConfUtils.java:logGet(44)) - raft.server.snapshot.auto.trigger.enabled = true (custom)
2022-03-03 14:18:36,938 [pool-223-thread-1] INFO  server.RaftServerConfigKeys (ConfUtils.java:logGet(44)) - raft.server.snapshot.auto.trigger.threshold = 10000 (custom)
2022-03-03 14:18:36,938 [pool-223-thread-1] INFO  server.RaftServerConfigKeys (ConfUtils.java:logGet(44)) - raft.server.snapshot.retention.file.num = 5 (custom)
2022-03-03 14:18:36,938 [pool-223-thread-1] INFO  server.RaftServerConfigKeys (ConfUtils.java:logGet(44)) - raft.server.log.purge.upto.snapshot.index = false (default)
2022-03-03 14:18:36,938 [pool-223-thread-1] INFO  server.RaftServerConfigKeys (ConfUtils.java:logGet(44)) - raft.server.retrycache.expirytime = 600000ms (custom)
2022-03-03 14:18:36,938 [pool-223-thread-1] INFO  server.RaftServerConfigKeys (ConfUtils.java:logGet(44)) - raft.server.retrycache.statistics.expirytime = 100μs (default)
2022-03-03 14:18:36,939 [pool-223-thread-1] INFO  server.RaftServer$Division (RaftServerImpl.java:start(301)) - f2c8ddcd-7296-4a0c-a4e5-1b3106edde55@group-1BACA9CB8E95: start as a follower, conf=-1: [730569a9-18c0-4e52-b327-799f192de729|rpc:127.0.0.1:37839|dataStream:|priority:0, f2c8ddcd-7296-4a0c-a4e5-1b3106edde55|rpc:127.0.0.1:34023|dataStream:|priority:1, b19705a0-6382-4e36-86d9-fb546cb602cf|rpc:127.0.0.1:44167|dataStream:|priority:0], old=null
2022-03-03 14:18:36,939 [pool-223-thread-1] INFO  server.RaftServer$Division (RaftServerImpl.java:setRole(290)) - f2c8ddcd-7296-4a0c-a4e5-1b3106edde55@group-1BACA9CB8E95: changes role from      null to FOLLOWER at term 0 for startAsFollower
2022-03-03 14:18:36,940 [pool-223-thread-1] INFO  impl.RoleInfo (RoleInfo.java:updateAndGet(130)) - f2c8ddcd-7296-4a0c-a4e5-1b3106edde55: start f2c8ddcd-7296-4a0c-a4e5-1b3106edde55@group-1BACA9CB8E95-FollowerState
2022-03-03 14:18:36,940 [pool-223-thread-1] INFO  util.JmxRegister (JmxRegister.java:tryRegister(44)) - Successfully registered JMX Bean with object name Ratis:service=RaftServer,group=group-1BACA9CB8E95,id=f2c8ddcd-7296-4a0c-a4e5-1b3106edde55
2022-03-03 14:18:36,954 [grpc-default-executor-1] INFO  server.RaftServer (RaftServerProxy.java:addNew(95)) - b19705a0-6382-4e36-86d9-fb546cb602cf: addNew group-1BACA9CB8E95:[730569a9-18c0-4e52-b327-799f192de729|rpc:127.0.0.1:37839|dataStream:|priority:0, f2c8ddcd-7296-4a0c-a4e5-1b3106edde55|rpc:127.0.0.1:34023|dataStream:|priority:1, b19705a0-6382-4e36-86d9-fb546cb602cf|rpc:127.0.0.1:44167|dataStream:|priority:0] returns group-1BACA9CB8E95:java.util.concurrent.CompletableFuture@56789a5b[Not completed]
2022-03-03 14:18:36,956 [pool-246-thread-1] INFO  server.RaftServer$Division (RaftServerImpl.java:<init>(184)) - b19705a0-6382-4e36-86d9-fb546cb602cf: new RaftServerImpl for group-1BACA9CB8E95:[730569a9-18c0-4e52-b327-799f192de729|rpc:127.0.0.1:37839|dataStream:|priority:0, f2c8ddcd-7296-4a0c-a4e5-1b3106edde55|rpc:127.0.0.1:34023|dataStream:|priority:1, b19705a0-6382-4e36-86d9-fb546cb602cf|rpc:127.0.0.1:44167|dataStream:|priority:0] with ContainerStateMachine:uninitialized
2022-03-03 14:18:36,956 [pool-246-thread-1] INFO  server.RaftServerConfigKeys (ConfUtils.java:logGet(44)) - raft.server.rpc.timeout.min = 5s (custom)
2022-03-03 14:18:36,956 [pool-246-thread-1] INFO  server.RaftServerConfigKeys (ConfUtils.java:logGet(44)) - raft.server.rpc.timeout.max = 5200ms (custom)
2022-03-03 14:18:36,956 [pool-246-thread-1] INFO  server.RaftServerConfigKeys (ConfUtils.java:logGet(44)) - raft.server.rpc.sleep.time = 25ms (default)
2022-03-03 14:18:36,956 [pool-246-thread-1] INFO  server.RaftServerConfigKeys (ConfUtils.java:logGet(44)) - raft.server.rpc.slowness.timeout = 300s (custom)
2022-03-03 14:18:36,956 [pool-246-thread-1] INFO  server.RaftServerConfigKeys (ConfUtils.java:logGet(44)) - raft.server.leaderelection.leader.step-down.wait-time = 10s (default)
2022-03-03 14:18:36,956 [pool-246-thread-1] INFO  server.RaftServerConfigKeys (ConfUtils.java:logGet(44)) - raft.server.sleep.deviation.threshold = 300ms (default)
2022-03-03 14:18:36,956 [pool-246-thread-1] INFO  server.RaftServerConfigKeys (ConfUtils.java:logGet(44)) - raft.server.log.appender.install.snapshot.enabled = false (custom)
2022-03-03 14:18:36,956 [pool-246-thread-1] INFO  server.RaftServer$Division (ServerState.java:<init>(105)) - b19705a0-6382-4e36-86d9-fb546cb602cf@group-1BACA9CB8E95: ConfigurationManager, init=-1: [730569a9-18c0-4e52-b327-799f192de729|rpc:127.0.0.1:37839|dataStream:|priority:0, f2c8ddcd-7296-4a0c-a4e5-1b3106edde55|rpc:127.0.0.1:34023|dataStream:|priority:1, b19705a0-6382-4e36-86d9-fb546cb602cf|rpc:127.0.0.1:44167|dataStream:|priority:0], old=null, confs=<EMPTY_MAP>
2022-03-03 14:18:36,956 [pool-246-thread-1] INFO  server.RaftServerConfigKeys (ConfUtils.java:logGet(44)) - raft.server.storage.dir = [/home/runner/work/ozone/ozone/hadoop-ozone/integration-test/target/test-dir/MiniOzoneClusterImpl-0274ca87-c068-4a4d-855f-b1ef4eb933b0/datanode-2/data/ratis] (custom)
2022-03-03 14:18:36,957 [pool-246-thread-1] INFO  server.RaftServerConfigKeys (ConfUtils.java:logGet(44)) - raft.server.log.corruption.policy = EXCEPTION (default)
2022-03-03 14:18:36,957 [pool-246-thread-1] INFO  server.RaftServerConfigKeys (ConfUtils.java:logGet(44)) - raft.server.storage.free-space.min = 0MB (=0) (default)
2022-03-03 14:18:36,957 [pool-246-thread-1] INFO  storage.RaftStorageDirectory (RaftStorageDirectoryImpl.java:analyzeStorage(135)) - The storage directory /home/runner/work/ozone/ozone/hadoop-ozone/integration-test/target/test-dir/MiniOzoneClusterImpl-0274ca87-c068-4a4d-855f-b1ef4eb933b0/datanode-2/data/ratis/54237aad-58d3-4277-a3e7-1baca9cb8e95 does not exist. Creating ...
2022-03-03 14:18:36,959 [pool-246-thread-1] INFO  storage.RaftStorageDirectory (RaftStorageDirectoryImpl.java:tryLock(230)) - Lock on /home/runner/work/ozone/ozone/hadoop-ozone/integration-test/target/test-dir/MiniOzoneClusterImpl-0274ca87-c068-4a4d-855f-b1ef4eb933b0/datanode-2/data/ratis/54237aad-58d3-4277-a3e7-1baca9cb8e95/in_use.lock acquired by nodename 586@fv-az50-851
2022-03-03 14:18:36,960 [pool-246-thread-1] INFO  storage.RaftStorage (RaftStorageImpl.java:format(89)) - Storage directory /home/runner/work/ozone/ozone/hadoop-ozone/integration-test/target/test-dir/MiniOzoneClusterImpl-0274ca87-c068-4a4d-855f-b1ef4eb933b0/datanode-2/data/ratis/54237aad-58d3-4277-a3e7-1baca9cb8e95 has been successfully formatted.
2022-03-03 14:18:36,961 [pool-246-thread-1] INFO  ratis.ContainerStateMachine (ContainerStateMachine.java:loadSnapshot(236)) - group-1BACA9CB8E95: The snapshot info is null. Setting the last applied indexto:(t:0, i:~)
2022-03-03 14:18:36,961 [pool-246-thread-1] INFO  server.RaftServerConfigKeys (ConfUtils.java:logGet(44)) - raft.server.notification.no-leader.timeout = 300s (custom)
2022-03-03 14:18:36,961 [pool-246-thread-1] INFO  server.RaftServerConfigKeys (ConfUtils.java:logGet(44)) - raft.server.log.use.memory = false (default)
2022-03-03 14:18:36,961 [pool-246-thread-1] INFO  server.RaftServerConfigKeys (ConfUtils.java:logGet(44)) - raft.server.log.purge.gap = 1000000 (custom)
2022-03-03 14:18:36,961 [pool-246-thread-1] INFO  server.RaftServerConfigKeys (ConfUtils.java:logGet(44)) - raft.server.log.appender.buffer.byte-limit = 33554432 (custom)
2022-03-03 14:18:36,962 [pool-246-thread-1] INFO  server.RaftServerConfigKeys (ConfUtils.java:logGet(44)) - raft.server.log.segment.size.max = 1048576 (custom)
2022-03-03 14:18:36,963 [pool-246-thread-1] INFO  server.RaftServerConfigKeys (ConfUtils.java:logGet(44)) - raft.server.log.segment.cache.num.max = 2 (custom)
2022-03-03 14:18:36,963 [pool-246-thread-1] INFO  server.RaftServerConfigKeys (ConfUtils.java:logGet(44)) - raft.server.log.segment.cache.size.max = 200MB (=209715200) (default)
2022-03-03 14:18:36,964 [pool-246-thread-1] INFO  segmented.SegmentedRaftLogWorker (SegmentedRaftLogWorker.java:<init>(182)) - new b19705a0-6382-4e36-86d9-fb546cb602cf@group-1BACA9CB8E95-SegmentedRaftLogWorker for RaftStorageImpl:Storage Directory /home/runner/work/ozone/ozone/hadoop-ozone/integration-test/target/test-dir/MiniOzoneClusterImpl-0274ca87-c068-4a4d-855f-b1ef4eb933b0/datanode-2/data/ratis/54237aad-58d3-4277-a3e7-1baca9cb8e95
2022-03-03 14:18:36,964 [pool-246-thread-1] INFO  server.RaftServerConfigKeys (ConfUtils.java:logGet(44)) - raft.server.log.queue.byte-limit = 4294967296 (custom)
2022-03-03 14:18:36,967 [pool-246-thread-1] INFO  server.RaftServerConfigKeys (ConfUtils.java:logGet(44)) - raft.server.log.queue.element-limit = 1024 (custom)
2022-03-03 14:18:36,967 [pool-246-thread-1] INFO  server.RaftServerConfigKeys (ConfUtils.java:logGet(44)) - raft.server.log.segment.size.max = 1048576 (custom)
2022-03-03 14:18:36,967 [pool-246-thread-1] INFO  server.RaftServerConfigKeys (ConfUtils.java:logGet(44)) - raft.server.log.preallocated.size = 16384 (custom)
2022-03-03 14:18:36,968 [pool-246-thread-1] INFO  server.RaftServerConfigKeys (ConfUtils.java:logGet(44)) - raft.server.log.force.sync.num = 128 (default)
2022-03-03 14:18:36,968 [pool-246-thread-1] INFO  server.RaftServerConfigKeys (ConfUtils.java:logGet(44)) - raft.server.log.statemachine.data.sync = true (default)
2022-03-03 14:18:36,968 [pool-246-thread-1] INFO  server.RaftServerConfigKeys (ConfUtils.java:logGet(44)) - raft.server.log.statemachine.data.sync.timeout = 10s (default)
2022-03-03 14:18:36,968 [pool-246-thread-1] INFO  server.RaftServerConfigKeys (ConfUtils.java:logGet(44)) - raft.server.log.statemachine.data.sync.timeout.retry = -1 (default)
2022-03-03 14:18:36,968 [pool-246-thread-1] INFO  server.RaftServerConfigKeys (ConfUtils.java:logGet(44)) - raft.server.log.write.buffer.size = 1048576 (custom)
2022-03-03 14:18:36,969 [pool-246-thread-1] INFO  server.RaftServerConfigKeys (ConfUtils.java:logGet(44)) - raft.server.log.statemachine.data.caching.enabled = true (custom)
2022-03-03 14:18:36,974 [pool-246-thread-1] INFO  segmented.SegmentedRaftLogWorker (SegmentedRaftLogWorker.java:lambda$new$0(133)) - b19705a0-6382-4e36-86d9-fb546cb602cf@group-1BACA9CB8E95-SegmentedRaftLogWorker: flushIndex: setUnconditionally 0 -> -1
2022-03-03 14:18:36,974 [pool-246-thread-1] INFO  segmented.SegmentedRaftLogWorker (SegmentedRaftLogWorker.java:lambda$new$0(133)) - b19705a0-6382-4e36-86d9-fb546cb602cf@group-1BACA9CB8E95-SegmentedRaftLogWorker: safeCacheEvictIndex: setUnconditionally 0 -> -1
2022-03-03 14:18:36,976 [pool-246-thread-1] INFO  server.RaftServerConfigKeys (ConfUtils.java:logGet(44)) - raft.server.snapshot.auto.trigger.enabled = true (custom)
2022-03-03 14:18:36,976 [pool-246-thread-1] INFO  server.RaftServerConfigKeys (ConfUtils.java:logGet(44)) - raft.server.snapshot.auto.trigger.threshold = 10000 (custom)
2022-03-03 14:18:36,976 [pool-246-thread-1] INFO  server.RaftServerConfigKeys (ConfUtils.java:logGet(44)) - raft.server.snapshot.retention.file.num = 5 (custom)
2022-03-03 14:18:36,976 [pool-246-thread-1] INFO  server.RaftServerConfigKeys (ConfUtils.java:logGet(44)) - raft.server.log.purge.upto.snapshot.index = false (default)
2022-03-03 14:18:36,976 [pool-246-thread-1] INFO  server.RaftServerConfigKeys (ConfUtils.java:logGet(44)) - raft.server.retrycache.expirytime = 600000ms (custom)
2022-03-03 14:18:36,976 [pool-246-thread-1] INFO  server.RaftServerConfigKeys (ConfUtils.java:logGet(44)) - raft.server.retrycache.statistics.expirytime = 100μs (default)
2022-03-03 14:18:36,977 [pool-246-thread-1] INFO  server.RaftServer$Division (RaftServerImpl.java:start(301)) - b19705a0-6382-4e36-86d9-fb546cb602cf@group-1BACA9CB8E95: start as a follower, conf=-1: [730569a9-18c0-4e52-b327-799f192de729|rpc:127.0.0.1:37839|dataStream:|priority:0, f2c8ddcd-7296-4a0c-a4e5-1b3106edde55|rpc:127.0.0.1:34023|dataStream:|priority:1, b19705a0-6382-4e36-86d9-fb546cb602cf|rpc:127.0.0.1:44167|dataStream:|priority:0], old=null
2022-03-03 14:18:36,977 [pool-246-thread-1] INFO  server.RaftServer$Division (RaftServerImpl.java:setRole(290)) - b19705a0-6382-4e36-86d9-fb546cb602cf@group-1BACA9CB8E95: changes role from      null to FOLLOWER at term 0 for startAsFollower
2022-03-03 14:18:36,977 [pool-246-thread-1] INFO  impl.RoleInfo (RoleInfo.java:updateAndGet(130)) - b19705a0-6382-4e36-86d9-fb546cb602cf: start b19705a0-6382-4e36-86d9-fb546cb602cf@group-1BACA9CB8E95-FollowerState
2022-03-03 14:18:36,978 [pool-246-thread-1] INFO  util.JmxRegister (JmxRegister.java:tryRegister(44)) - Successfully registered JMX Bean with object name Ratis:service=RaftServer,group=group-1BACA9CB8E95,id=b19705a0-6382-4e36-86d9-fb546cb602cf
2022-03-03 14:18:36,994 [Command processor thread] INFO  commandhandler.CreatePipelineCommandHandler (CreatePipelineCommandHandler.java:handle(106)) - Created Pipeline RATIS THREE PipelineID=54237aad-58d3-4277-a3e7-1baca9cb8e95.
2022-03-03 14:18:37,033 [Command processor thread] INFO  server.RaftServer (RaftServerProxy.java:addNew(95)) - f2c8ddcd-7296-4a0c-a4e5-1b3106edde55: addNew group-368786588B77:[f2c8ddcd-7296-4a0c-a4e5-1b3106edde55|rpc:127.0.0.1:34023|priority:1] returns group-368786588B77:java.util.concurrent.CompletableFuture@20ce80ff[Not completed]
2022-03-03 14:18:37,034 [pool-223-thread-1] INFO  server.RaftServer$Division (RaftServerImpl.java:<init>(184)) - f2c8ddcd-7296-4a0c-a4e5-1b3106edde55: new RaftServerImpl for group-368786588B77:[f2c8ddcd-7296-4a0c-a4e5-1b3106edde55|rpc:127.0.0.1:34023|priority:1] with ContainerStateMachine:uninitialized
2022-03-03 14:18:37,034 [pool-223-thread-1] INFO  server.RaftServerConfigKeys (ConfUtils.java:logGet(44)) - raft.server.rpc.timeout.min = 5s (custom)
2022-03-03 14:18:37,034 [pool-223-thread-1] INFO  server.RaftServerConfigKeys (ConfUtils.java:logGet(44)) - raft.server.rpc.timeout.max = 5200ms (custom)
2022-03-03 14:18:37,034 [pool-223-thread-1] INFO  server.RaftServerConfigKeys (ConfUtils.java:logGet(44)) - raft.server.rpc.sleep.time = 25ms (default)
2022-03-03 14:18:37,034 [pool-223-thread-1] INFO  server.RaftServerConfigKeys (ConfUtils.java:logGet(44)) - raft.server.rpc.slowness.timeout = 300s (custom)
2022-03-03 14:18:37,034 [pool-223-thread-1] INFO  server.RaftServerConfigKeys (ConfUtils.java:logGet(44)) - raft.server.leaderelection.leader.step-down.wait-time = 10s (default)
2022-03-03 14:18:37,034 [pool-223-thread-1] INFO  server.RaftServerConfigKeys (ConfUtils.java:logGet(44)) - raft.server.sleep.deviation.threshold = 300ms (default)
2022-03-03 14:18:37,034 [pool-223-thread-1] INFO  server.RaftServerConfigKeys (ConfUtils.java:logGet(44)) - raft.server.log.appender.install.snapshot.enabled = false (custom)
2022-03-03 14:18:37,034 [pool-223-thread-1] INFO  server.RaftServer$Division (ServerState.java:<init>(105)) - f2c8ddcd-7296-4a0c-a4e5-1b3106edde55@group-368786588B77: ConfigurationManager, init=-1: [f2c8ddcd-7296-4a0c-a4e5-1b3106edde55|rpc:127.0.0.1:34023|priority:1], old=null, confs=<EMPTY_MAP>
2022-03-03 14:18:37,034 [pool-223-thread-1] INFO  server.RaftServerConfigKeys (ConfUtils.java:logGet(44)) - raft.server.storage.dir = [/home/runner/work/ozone/ozone/hadoop-ozone/integration-test/target/test-dir/MiniOzoneClusterImpl-0274ca87-c068-4a4d-855f-b1ef4eb933b0/datanode-1/data/ratis] (custom)
2022-03-03 14:18:37,035 [pool-223-thread-1] INFO  server.RaftServerConfigKeys (ConfUtils.java:logGet(44)) - raft.server.log.corruption.policy = EXCEPTION (default)
2022-03-03 14:18:37,035 [pool-223-thread-1] INFO  server.RaftServerConfigKeys (ConfUtils.java:logGet(44)) - raft.server.storage.free-space.min = 0MB (=0) (default)
2022-03-03 14:18:37,035 [pool-223-thread-1] INFO  storage.RaftStorageDirectory (RaftStorageDirectoryImpl.java:analyzeStorage(135)) - The storage directory /home/runner/work/ozone/ozone/hadoop-ozone/integration-test/target/test-dir/MiniOzoneClusterImpl-0274ca87-c068-4a4d-855f-b1ef4eb933b0/datanode-1/data/ratis/1a16404a-c875-4870-b480-368786588b77 does not exist. Creating ...
2022-03-03 14:18:37,036 [pool-223-thread-1] INFO  storage.RaftStorageDirectory (RaftStorageDirectoryImpl.java:tryLock(230)) - Lock on /home/runner/work/ozone/ozone/hadoop-ozone/integration-test/target/test-dir/MiniOzoneClusterImpl-0274ca87-c068-4a4d-855f-b1ef4eb933b0/datanode-1/data/ratis/1a16404a-c875-4870-b480-368786588b77/in_use.lock acquired by nodename 586@fv-az50-851
2022-03-03 14:18:37,037 [pool-223-thread-1] INFO  storage.RaftStorage (RaftStorageImpl.java:format(89)) - Storage directory /home/runner/work/ozone/ozone/hadoop-ozone/integration-test/target/test-dir/MiniOzoneClusterImpl-0274ca87-c068-4a4d-855f-b1ef4eb933b0/datanode-1/data/ratis/1a16404a-c875-4870-b480-368786588b77 has been successfully formatted.
2022-03-03 14:18:37,039 [EventQueue-PipelineReportForPipelineReportHandler] INFO  pipeline.PipelineManagerImpl (PipelineManagerImpl.java:openPipeline(291)) - Pipeline Pipeline[ Id: 1a16404a-c875-4870-b480-368786588b77, Nodes: f2c8ddcd-7296-4a0c-a4e5-1b3106edde55{ip: 127.0.0.1, host: localhost, ports: [REPLICATION=32985, RATIS=34023, RATIS_ADMIN=34023, RATIS_SERVER=34023, STANDALONE=43531], networkLocation: /default-rack, certSerialId: null, persistedOpState: IN_SERVICE, persistedOpStateExpiryEpochSec: 0}, ReplicationConfig: RATIS/ONE, State:ALLOCATED, leaderId:f2c8ddcd-7296-4a0c-a4e5-1b3106edde55, CreationTimestamp2022-03-03T14:18:34.045Z[Etc/UTC]] moved to OPEN state
2022-03-03 14:18:37,041 [EventQueue-PipelineReportForPipelineReportHandler] INFO  pipeline.PipelineManagerImpl (PipelineManagerImpl.java:openPipeline(291)) - Pipeline Pipeline[ Id: 1a16404a-c875-4870-b480-368786588b77, Nodes: f2c8ddcd-7296-4a0c-a4e5-1b3106edde55{ip: 127.0.0.1, host: localhost, ports: [REPLICATION=32985, RATIS=34023, RATIS_ADMIN=34023, RATIS_SERVER=34023, STANDALONE=43531], networkLocation: /default-rack, certSerialId: null, persistedOpState: IN_SERVICE, persistedOpStateExpiryEpochSec: 0}, ReplicationConfig: RATIS/ONE, State:ALLOCATED, leaderId:f2c8ddcd-7296-4a0c-a4e5-1b3106edde55, CreationTimestamp2022-03-03T14:18:34.045Z[Etc/UTC]] moved to OPEN state
2022-03-03 14:18:37,042 [EventQueue-PipelineReportForPipelineReportHandler] INFO  pipeline.PipelineManagerImpl (PipelineManagerImpl.java:openPipeline(291)) - Pipeline Pipeline[ Id: 1a16404a-c875-4870-b480-368786588b77, Nodes: f2c8ddcd-7296-4a0c-a4e5-1b3106edde55{ip: 127.0.0.1, host: localhost, ports: [REPLICATION=32985, RATIS=34023, RATIS_ADMIN=34023, RATIS_SERVER=34023, STANDALONE=43531], networkLocation: /default-rack, certSerialId: null, persistedOpState: IN_SERVICE, persistedOpStateExpiryEpochSec: 0}, ReplicationConfig: RATIS/ONE, State:ALLOCATED, leaderId:f2c8ddcd-7296-4a0c-a4e5-1b3106edde55, CreationTimestamp2022-03-03T14:18:34.045Z[Etc/UTC]] moved to OPEN state
2022-03-03 14:18:37,044 [pool-223-thread-1] INFO  ratis.ContainerStateMachine (ContainerStateMachine.java:loadSnapshot(236)) - group-368786588B77: The snapshot info is null. Setting the last applied indexto:(t:0, i:~)
2022-03-03 14:18:37,044 [pool-223-thread-1] INFO  server.RaftServerConfigKeys (ConfUtils.java:logGet(44)) - raft.server.notification.no-leader.timeout = 300s (custom)
2022-03-03 14:18:37,044 [pool-223-thread-1] INFO  server.RaftServerConfigKeys (ConfUtils.java:logGet(44)) - raft.server.log.use.memory = false (default)
2022-03-03 14:18:37,045 [pool-223-thread-1] INFO  server.RaftServerConfigKeys (ConfUtils.java:logGet(44)) - raft.server.log.purge.gap = 1000000 (custom)
2022-03-03 14:18:37,045 [pool-223-thread-1] INFO  server.RaftServerConfigKeys (ConfUtils.java:logGet(44)) - raft.server.log.appender.buffer.byte-limit = 33554432 (custom)
2022-03-03 14:18:37,045 [pool-223-thread-1] INFO  server.RaftServerConfigKeys (ConfUtils.java:logGet(44)) - raft.server.log.segment.size.max = 1048576 (custom)
2022-03-03 14:18:37,045 [pool-223-thread-1] INFO  server.RaftServerConfigKeys (ConfUtils.java:logGet(44)) - raft.server.log.segment.cache.num.max = 2 (custom)
2022-03-03 14:18:37,045 [pool-223-thread-1] INFO  server.RaftServerConfigKeys (ConfUtils.java:logGet(44)) - raft.server.log.segment.cache.size.max = 200MB (=209715200) (default)
2022-03-03 14:18:37,045 [pool-223-thread-1] INFO  segmented.SegmentedRaftLogWorker (SegmentedRaftLogWorker.java:<init>(182)) - new f2c8ddcd-7296-4a0c-a4e5-1b3106edde55@group-368786588B77-SegmentedRaftLogWorker for RaftStorageImpl:Storage Directory /home/runner/work/ozone/ozone/hadoop-ozone/integration-test/target/test-dir/MiniOzoneClusterImpl-0274ca87-c068-4a4d-855f-b1ef4eb933b0/datanode-1/data/ratis/1a16404a-c875-4870-b480-368786588b77
2022-03-03 14:18:37,045 [pool-223-thread-1] INFO  server.RaftServerConfigKeys (ConfUtils.java:logGet(44)) - raft.server.log.queue.byte-limit = 4294967296 (custom)
2022-03-03 14:18:37,045 [pool-223-thread-1] INFO  server.RaftServerConfigKeys (ConfUtils.java:logGet(44)) - raft.server.log.queue.element-limit = 1024 (custom)
2022-03-03 14:18:37,045 [pool-223-thread-1] INFO  server.RaftServerConfigKeys (ConfUtils.java:logGet(44)) - raft.server.log.segment.size.max = 1048576 (custom)
2022-03-03 14:18:37,046 [pool-223-thread-1] INFO  server.RaftServerConfigKeys (ConfUtils.java:logGet(44)) - raft.server.log.preallocated.size = 16384 (custom)
2022-03-03 14:18:37,046 [pool-223-thread-1] INFO  server.RaftServerConfigKeys (ConfUtils.java:logGet(44)) - raft.server.log.force.sync.num = 128 (default)
2022-03-03 14:18:37,046 [pool-223-thread-1] INFO  server.RaftServerConfigKeys (ConfUtils.java:logGet(44)) - raft.server.log.statemachine.data.sync = true (default)
2022-03-03 14:18:37,046 [pool-223-thread-1] INFO  server.RaftServerConfigKeys (ConfUtils.java:logGet(44)) - raft.server.log.statemachine.data.sync.timeout = 10s (default)
2022-03-03 14:18:37,046 [pool-223-thread-1] INFO  server.RaftServerConfigKeys (ConfUtils.java:logGet(44)) - raft.server.log.statemachine.data.sync.timeout.retry = -1 (default)
2022-03-03 14:18:37,046 [pool-223-thread-1] INFO  server.RaftServerConfigKeys (ConfUtils.java:logGet(44)) - raft.server.log.write.buffer.size = 1048576 (custom)
2022-03-03 14:18:37,049 [pool-223-thread-1] INFO  server.RaftServerConfigKeys (ConfUtils.java:logGet(44)) - raft.server.log.statemachine.data.caching.enabled = true (custom)
2022-03-03 14:18:37,049 [pool-223-thread-1] INFO  segmented.SegmentedRaftLogWorker (SegmentedRaftLogWorker.java:lambda$new$0(133)) - f2c8ddcd-7296-4a0c-a4e5-1b3106edde55@group-368786588B77-SegmentedRaftLogWorker: flushIndex: setUnconditionally 0 -> -1
2022-03-03 14:18:37,049 [pool-223-thread-1] INFO  segmented.SegmentedRaftLogWorker (SegmentedRaftLogWorker.java:lambda$new$0(133)) - f2c8ddcd-7296-4a0c-a4e5-1b3106edde55@group-368786588B77-SegmentedRaftLogWorker: safeCacheEvictIndex: setUnconditionally 0 -> -1
2022-03-03 14:18:37,049 [pool-223-thread-1] INFO  server.RaftServerConfigKeys (ConfUtils.java:logGet(44)) - raft.server.snapshot.auto.trigger.enabled = true (custom)
2022-03-03 14:18:37,049 [pool-223-thread-1] INFO  server.RaftServerConfigKeys (ConfUtils.java:logGet(44)) - raft.server.snapshot.auto.trigger.threshold = 10000 (custom)
2022-03-03 14:18:37,049 [pool-223-thread-1] INFO  server.RaftServerConfigKeys (ConfUtils.java:logGet(44)) - raft.server.snapshot.retention.file.num = 5 (custom)
2022-03-03 14:18:37,049 [pool-223-thread-1] INFO  server.RaftServerConfigKeys (ConfUtils.java:logGet(44)) - raft.server.log.purge.upto.snapshot.index = false (default)
2022-03-03 14:18:37,049 [pool-223-thread-1] INFO  server.RaftServerConfigKeys (ConfUtils.java:logGet(44)) - raft.server.retrycache.expirytime = 600000ms (custom)
2022-03-03 14:18:37,049 [pool-223-thread-1] INFO  server.RaftServerConfigKeys (ConfUtils.java:logGet(44)) - raft.server.retrycache.statistics.expirytime = 100μs (default)
2022-03-03 14:18:37,050 [pool-223-thread-1] INFO  server.RaftServer$Division (RaftServerImpl.java:start(301)) - f2c8ddcd-7296-4a0c-a4e5-1b3106edde55@group-368786588B77: start as a follower, conf=-1: [f2c8ddcd-7296-4a0c-a4e5-1b3106edde55|rpc:127.0.0.1:34023|priority:1], old=null
2022-03-03 14:18:37,050 [pool-223-thread-1] INFO  server.RaftServer$Division (RaftServerImpl.java:setRole(290)) - f2c8ddcd-7296-4a0c-a4e5-1b3106edde55@group-368786588B77: changes role from      null to FOLLOWER at term 0 for startAsFollower
2022-03-03 14:18:37,050 [pool-223-thread-1] INFO  impl.RoleInfo (RoleInfo.java:updateAndGet(130)) - f2c8ddcd-7296-4a0c-a4e5-1b3106edde55: start f2c8ddcd-7296-4a0c-a4e5-1b3106edde55@group-368786588B77-FollowerState
2022-03-03 14:18:37,051 [pool-223-thread-1] INFO  util.JmxRegister (JmxRegister.java:tryRegister(44)) - Successfully registered JMX Bean with object name Ratis:service=RaftServer,group=group-368786588B77,id=f2c8ddcd-7296-4a0c-a4e5-1b3106edde55
2022-03-03 14:18:37,054 [4fec6c92-8a01-477b-9ee2-8944c630ad1d@group-B1EF4EB933B0-StateMachineUpdater] INFO  safemode.HealthyPipelineSafeModeRule (HealthyPipelineSafeModeRule.java:initializeRule(152)) - Refreshed total pipeline count is 0, healthy pipeline threshold count is 1
2022-03-03 14:18:37,054 [EventQueue-OpenPipelineForHealthyPipelineSafeModeRule] INFO  safemode.SCMSafeModeManager (HealthyPipelineSafeModeRule.java:process(124)) - SCM in safe mode. Healthy pipelines reported count is 0, required healthy pipeline reported count is 1
2022-03-03 14:18:37,063 [Command processor thread] INFO  ratis.XceiverServerRatis (XceiverServerRatis.java:addGroup(769)) - Created group PipelineID=1a16404a-c875-4870-b480-368786588b77
2022-03-03 14:18:37,063 [Command processor thread] INFO  commandhandler.CreatePipelineCommandHandler (CreatePipelineCommandHandler.java:handle(106)) - Created Pipeline RATIS ONE PipelineID=1a16404a-c875-4870-b480-368786588b77.
2022-03-03 14:18:37,067 [fd6a08cb-ca39-44ab-a901-59b74a3535c1@group-B1EF4EB933B0-StateMachineUpdater] INFO  safemode.HealthyPipelineSafeModeRule (HealthyPipelineSafeModeRule.java:initializeRule(152)) - Refreshed total pipeline count is 0, healthy pipeline threshold count is 1
2022-03-03 14:18:37,069 [a6e28bb1-0085-4f86-91af-c94afacc40c4@group-B1EF4EB933B0-StateMachineUpdater] INFO  safemode.HealthyPipelineSafeModeRule (HealthyPipelineSafeModeRule.java:initializeRule(152)) - Refreshed total pipeline count is 0, healthy pipeline threshold count is 1
2022-03-03 14:18:37,206 [Command processor thread] INFO  server.RaftServer (RaftServerProxy.java:addNew(95)) - b19705a0-6382-4e36-86d9-fb546cb602cf: addNew group-C5160FB0F25F:[b19705a0-6382-4e36-86d9-fb546cb602cf|rpc:127.0.0.1:44167|priority:1] returns group-C5160FB0F25F:java.util.concurrent.CompletableFuture@3bd6375a[Not completed]
2022-03-03 14:18:37,207 [pool-246-thread-1] INFO  server.RaftServer$Division (RaftServerImpl.java:<init>(184)) - b19705a0-6382-4e36-86d9-fb546cb602cf: new RaftServerImpl for group-C5160FB0F25F:[b19705a0-6382-4e36-86d9-fb546cb602cf|rpc:127.0.0.1:44167|priority:1] with ContainerStateMachine:uninitialized
2022-03-03 14:18:37,207 [pool-246-thread-1] INFO  server.RaftServerConfigKeys (ConfUtils.java:logGet(44)) - raft.server.rpc.timeout.min = 5s (custom)
2022-03-03 14:18:37,208 [pool-246-thread-1] INFO  server.RaftServerConfigKeys (ConfUtils.java:logGet(44)) - raft.server.rpc.timeout.max = 5200ms (custom)
2022-03-03 14:18:37,208 [pool-246-thread-1] INFO  server.RaftServerConfigKeys (ConfUtils.java:logGet(44)) - raft.server.rpc.sleep.time = 25ms (default)
2022-03-03 14:18:37,208 [pool-246-thread-1] INFO  server.RaftServerConfigKeys (ConfUtils.java:logGet(44)) - raft.server.rpc.slowness.timeout = 300s (custom)
2022-03-03 14:18:37,208 [pool-246-thread-1] INFO  server.RaftServerConfigKeys (ConfUtils.java:logGet(44)) - raft.server.leaderelection.leader.step-down.wait-time = 10s (default)
2022-03-03 14:18:37,208 [pool-246-thread-1] INFO  server.RaftServerConfigKeys (ConfUtils.java:logGet(44)) - raft.server.sleep.deviation.threshold = 300ms (default)
2022-03-03 14:18:37,208 [pool-246-thread-1] INFO  server.RaftServerConfigKeys (ConfUtils.java:logGet(44)) - raft.server.log.appender.install.snapshot.enabled = false (custom)
2022-03-03 14:18:37,208 [pool-246-thread-1] INFO  server.RaftServer$Division (ServerState.java:<init>(105)) - b19705a0-6382-4e36-86d9-fb546cb602cf@group-C5160FB0F25F: ConfigurationManager, init=-1: [b19705a0-6382-4e36-86d9-fb546cb602cf|rpc:127.0.0.1:44167|priority:1], old=null, confs=<EMPTY_MAP>
2022-03-03 14:18:37,208 [pool-246-thread-1] INFO  server.RaftServerConfigKeys (ConfUtils.java:logGet(44)) - raft.server.storage.dir = [/home/runner/work/ozone/ozone/hadoop-ozone/integration-test/target/test-dir/MiniOzoneClusterImpl-0274ca87-c068-4a4d-855f-b1ef4eb933b0/datanode-2/data/ratis] (custom)
2022-03-03 14:18:37,208 [pool-246-thread-1] INFO  server.RaftServerConfigKeys (ConfUtils.java:logGet(44)) - raft.server.log.corruption.policy = EXCEPTION (default)
2022-03-03 14:18:37,208 [pool-246-thread-1] INFO  server.RaftServerConfigKeys (ConfUtils.java:logGet(44)) - raft.server.storage.free-space.min = 0MB (=0) (default)
2022-03-03 14:18:37,208 [pool-246-thread-1] INFO  storage.RaftStorageDirectory (RaftStorageDirectoryImpl.java:analyzeStorage(135)) - The storage directory /home/runner/work/ozone/ozone/hadoop-ozone/integration-test/target/test-dir/MiniOzoneClusterImpl-0274ca87-c068-4a4d-855f-b1ef4eb933b0/datanode-2/data/ratis/5821992f-f8cc-4337-9ac8-c5160fb0f25f does not exist. Creating ...
2022-03-03 14:18:37,209 [pool-246-thread-1] INFO  storage.RaftStorageDirectory (RaftStorageDirectoryImpl.java:tryLock(230)) - Lock on /home/runner/work/ozone/ozone/hadoop-ozone/integration-test/target/test-dir/MiniOzoneClusterImpl-0274ca87-c068-4a4d-855f-b1ef4eb933b0/datanode-2/data/ratis/5821992f-f8cc-4337-9ac8-c5160fb0f25f/in_use.lock acquired by nodename 586@fv-az50-851
2022-03-03 14:18:37,211 [pool-246-thread-1] INFO  storage.RaftStorage (RaftStorageImpl.java:format(89)) - Storage directory /home/runner/work/ozone/ozone/hadoop-ozone/integration-test/target/test-dir/MiniOzoneClusterImpl-0274ca87-c068-4a4d-855f-b1ef4eb933b0/datanode-2/data/ratis/5821992f-f8cc-4337-9ac8-c5160fb0f25f has been successfully formatted.
2022-03-03 14:18:37,211 [pool-246-thread-1] INFO  ratis.ContainerStateMachine (ContainerStateMachine.java:loadSnapshot(236)) - group-C5160FB0F25F: The snapshot info is null. Setting the last applied indexto:(t:0, i:~)
2022-03-03 14:18:37,212 [pool-246-thread-1] INFO  server.RaftServerConfigKeys (ConfUtils.java:logGet(44)) - raft.server.notification.no-leader.timeout = 300s (custom)
2022-03-03 14:18:37,212 [pool-246-thread-1] INFO  server.RaftServerConfigKeys (ConfUtils.java:logGet(44)) - raft.server.log.use.memory = false (default)
2022-03-03 14:18:37,212 [pool-246-thread-1] INFO  server.RaftServerConfigKeys (ConfUtils.java:logGet(44)) - raft.server.log.purge.gap = 1000000 (custom)
2022-03-03 14:18:37,212 [pool-246-thread-1] INFO  server.RaftServerConfigKeys (ConfUtils.java:logGet(44)) - raft.server.log.appender.buffer.byte-limit = 33554432 (custom)
2022-03-03 14:18:37,212 [pool-246-thread-1] INFO  server.RaftServerConfigKeys (ConfUtils.java:logGet(44)) - raft.server.log.segment.size.max = 1048576 (custom)
2022-03-03 14:18:37,212 [pool-246-thread-1] INFO  server.RaftServerConfigKeys (ConfUtils.java:logGet(44)) - raft.server.log.segment.cache.num.max = 2 (custom)
2022-03-03 14:18:37,213 [Listener at 127.0.0.1/34469] INFO  ozone.MiniOzoneClusterImpl (MiniOzoneClusterImpl.java:lambda$waitForClusterToBeReady$0(219)) - Nodes are ready. Got 3 of 3 DN Heartbeats.
2022-03-03 14:18:37,213 [Listener at 127.0.0.1/34469] INFO  ozone.MiniOzoneClusterImpl (MiniOzoneClusterImpl.java:lambda$waitForClusterToBeReady$0(222)) - Waiting for cluster to exit safe mode
2022-03-03 14:18:37,213 [Listener at 127.0.0.1/34469] INFO  ozone.MiniOzoneClusterImpl (MiniOzoneClusterImpl.java:lambda$waitForClusterToBeReady$0(224)) - SCM became leader
2022-03-03 14:18:37,213 [pool-246-thread-1] INFO  server.RaftServerConfigKeys (ConfUtils.java:logGet(44)) - raft.server.log.segment.cache.size.max = 200MB (=209715200) (default)
2022-03-03 14:18:37,213 [pool-246-thread-1] INFO  segmented.SegmentedRaftLogWorker (SegmentedRaftLogWorker.java:<init>(182)) - new b19705a0-6382-4e36-86d9-fb546cb602cf@group-C5160FB0F25F-SegmentedRaftLogWorker for RaftStorageImpl:Storage Directory /home/runner/work/ozone/ozone/hadoop-ozone/integration-test/target/test-dir/MiniOzoneClusterImpl-0274ca87-c068-4a4d-855f-b1ef4eb933b0/datanode-2/data/ratis/5821992f-f8cc-4337-9ac8-c5160fb0f25f
2022-03-03 14:18:37,213 [pool-246-thread-1] INFO  server.RaftServerConfigKeys (ConfUtils.java:logGet(44)) - raft.server.log.queue.byte-limit = 4294967296 (custom)
2022-03-03 14:18:37,214 [pool-246-thread-1] INFO  server.RaftServerConfigKeys (ConfUtils.java:logGet(44)) - raft.server.log.queue.element-limit = 1024 (custom)
2022-03-03 14:18:37,214 [pool-246-thread-1] INFO  server.RaftServerConfigKeys (ConfUtils.java:logGet(44)) - raft.server.log.segment.size.max = 1048576 (custom)
2022-03-03 14:18:37,214 [pool-246-thread-1] INFO  server.RaftServerConfigKeys (ConfUtils.java:logGet(44)) - raft.server.log.preallocated.size = 16384 (custom)
2022-03-03 14:18:37,214 [EventQueue-PipelineReportForPipelineReportHandler] INFO  pipeline.PipelineManagerImpl (PipelineManagerImpl.java:openPipeline(291)) - Pipeline Pipeline[ Id: 5821992f-f8cc-4337-9ac8-c5160fb0f25f, Nodes: b19705a0-6382-4e36-86d9-fb546cb602cf{ip: 127.0.0.1, host: localhost, ports: [REPLICATION=38167, RATIS=44167, RATIS_ADMIN=44167, RATIS_SERVER=44167, STANDALONE=34509], networkLocation: /default-rack, certSerialId: null, persistedOpState: IN_SERVICE, persistedOpStateExpiryEpochSec: 0}, ReplicationConfig: RATIS/ONE, State:ALLOCATED, leaderId:b19705a0-6382-4e36-86d9-fb546cb602cf, CreationTimestamp2022-03-03T14:18:34.212Z[Etc/UTC]] moved to OPEN state
2022-03-03 14:18:37,214 [pool-246-thread-1] INFO  server.RaftServerConfigKeys (ConfUtils.java:logGet(44)) - raft.server.log.force.sync.num = 128 (default)
2022-03-03 14:18:37,214 [pool-246-thread-1] INFO  server.RaftServerConfigKeys (ConfUtils.java:logGet(44)) - raft.server.log.statemachine.data.sync = true (default)
2022-03-03 14:18:37,214 [pool-246-thread-1] INFO  server.RaftServerConfigKeys (ConfUtils.java:logGet(44)) - raft.server.log.statemachine.data.sync.timeout = 10s (default)
2022-03-03 14:18:37,214 [pool-246-thread-1] INFO  server.RaftServerConfigKeys (ConfUtils.java:logGet(44)) - raft.server.log.statemachine.data.sync.timeout.retry = -1 (default)
2022-03-03 14:18:37,215 [EventQueue-PipelineReportForPipelineReportHandler] INFO  pipeline.PipelineManagerImpl (PipelineManagerImpl.java:openPipeline(291)) - Pipeline Pipeline[ Id: 5821992f-f8cc-4337-9ac8-c5160fb0f25f, Nodes: b19705a0-6382-4e36-86d9-fb546cb602cf{ip: 127.0.0.1, host: localhost, ports: [REPLICATION=38167, RATIS=44167, RATIS_ADMIN=44167, RATIS_SERVER=44167, STANDALONE=34509], networkLocation: /default-rack, certSerialId: null, persistedOpState: IN_SERVICE, persistedOpStateExpiryEpochSec: 0}, ReplicationConfig: RATIS/ONE, State:ALLOCATED, leaderId:b19705a0-6382-4e36-86d9-fb546cb602cf, CreationTimestamp2022-03-03T14:18:34.212Z[Etc/UTC]] moved to OPEN state
2022-03-03 14:18:37,215 [pool-246-thread-1] INFO  server.RaftServerConfigKeys (ConfUtils.java:logGet(44)) - raft.server.log.write.buffer.size = 1048576 (custom)
2022-03-03 14:18:37,216 [pool-246-thread-1] INFO  server.RaftServerConfigKeys (ConfUtils.java:logGet(44)) - raft.server.log.statemachine.data.caching.enabled = true (custom)
2022-03-03 14:18:37,216 [EventQueue-PipelineReportForPipelineReportHandler] INFO  pipeline.PipelineManagerImpl (PipelineManagerImpl.java:openPipeline(291)) - Pipeline Pipeline[ Id: 5821992f-f8cc-4337-9ac8-c5160fb0f25f, Nodes: b19705a0-6382-4e36-86d9-fb546cb602cf{ip: 127.0.0.1, host: localhost, ports: [REPLICATION=38167, RATIS=44167, RATIS_ADMIN=44167, RATIS_SERVER=44167, STANDALONE=34509], networkLocation: /default-rack, certSerialId: null, persistedOpState: IN_SERVICE, persistedOpStateExpiryEpochSec: 0}, ReplicationConfig: RATIS/ONE, State:ALLOCATED, leaderId:b19705a0-6382-4e36-86d9-fb546cb602cf, CreationTimestamp2022-03-03T14:18:34.212Z[Etc/UTC]] moved to OPEN state
2022-03-03 14:18:37,216 [pool-246-thread-1] INFO  segmented.SegmentedRaftLogWorker (SegmentedRaftLogWorker.java:lambda$new$0(133)) - b19705a0-6382-4e36-86d9-fb546cb602cf@group-C5160FB0F25F-SegmentedRaftLogWorker: flushIndex: setUnconditionally 0 -> -1
2022-03-03 14:18:37,217 [pool-246-thread-1] INFO  segmented.SegmentedRaftLogWorker (SegmentedRaftLogWorker.java:lambda$new$0(133)) - b19705a0-6382-4e36-86d9-fb546cb602cf@group-C5160FB0F25F-SegmentedRaftLogWorker: safeCacheEvictIndex: setUnconditionally 0 -> -1
2022-03-03 14:18:37,220 [pool-246-thread-1] INFO  server.RaftServerConfigKeys (ConfUtils.java:logGet(44)) - raft.server.snapshot.auto.trigger.enabled = true (custom)
2022-03-03 14:18:37,220 [pool-246-thread-1] INFO  server.RaftServerConfigKeys (ConfUtils.java:logGet(44)) - raft.server.snapshot.auto.trigger.threshold = 10000 (custom)
2022-03-03 14:18:37,220 [pool-246-thread-1] INFO  server.RaftServerConfigKeys (ConfUtils.java:logGet(44)) - raft.server.snapshot.retention.file.num = 5 (custom)
2022-03-03 14:18:37,220 [pool-246-thread-1] INFO  server.RaftServerConfigKeys (ConfUtils.java:logGet(44)) - raft.server.log.purge.upto.snapshot.index = false (default)
2022-03-03 14:18:37,220 [pool-246-thread-1] INFO  server.RaftServerConfigKeys (ConfUtils.java:logGet(44)) - raft.server.retrycache.expirytime = 600000ms (custom)
2022-03-03 14:18:37,220 [pool-246-thread-1] INFO  server.RaftServerConfigKeys (ConfUtils.java:logGet(44)) - raft.server.retrycache.statistics.expirytime = 100μs (default)
2022-03-03 14:18:37,221 [pool-246-thread-1] INFO  server.RaftServer$Division (RaftServerImpl.java:start(301)) - b19705a0-6382-4e36-86d9-fb546cb602cf@group-C5160FB0F25F: start as a follower, conf=-1: [b19705a0-6382-4e36-86d9-fb546cb602cf|rpc:127.0.0.1:44167|priority:1], old=null
2022-03-03 14:18:37,221 [pool-246-thread-1] INFO  server.RaftServer$Division (RaftServerImpl.java:setRole(290)) - b19705a0-6382-4e36-86d9-fb546cb602cf@group-C5160FB0F25F: changes role from      null to FOLLOWER at term 0 for startAsFollower
2022-03-03 14:18:37,221 [pool-246-thread-1] INFO  impl.RoleInfo (RoleInfo.java:updateAndGet(130)) - b19705a0-6382-4e36-86d9-fb546cb602cf: start b19705a0-6382-4e36-86d9-fb546cb602cf@group-C5160FB0F25F-FollowerState
2022-03-03 14:18:37,222 [pool-246-thread-1] INFO  util.JmxRegister (JmxRegister.java:tryRegister(44)) - Successfully registered JMX Bean with object name Ratis:service=RaftServer,group=group-C5160FB0F25F,id=b19705a0-6382-4e36-86d9-fb546cb602cf
2022-03-03 14:18:37,227 [4fec6c92-8a01-477b-9ee2-8944c630ad1d@group-B1EF4EB933B0-StateMachineUpdater] INFO  safemode.HealthyPipelineSafeModeRule (HealthyPipelineSafeModeRule.java:initializeRule(152)) - Refreshed total pipeline count is 0, healthy pipeline threshold count is 1
2022-03-03 14:18:37,228 [EventQueue-OpenPipelineForHealthyPipelineSafeModeRule] INFO  safemode.SCMSafeModeManager (HealthyPipelineSafeModeRule.java:process(124)) - SCM in safe mode. Healthy pipelines reported count is 0, required healthy pipeline reported count is 1
2022-03-03 14:18:37,235 [Command processor thread] INFO  ratis.XceiverServerRatis (XceiverServerRatis.java:addGroup(769)) - Created group PipelineID=5821992f-f8cc-4337-9ac8-c5160fb0f25f
2022-03-03 14:18:37,235 [Command processor thread] INFO  commandhandler.CreatePipelineCommandHandler (CreatePipelineCommandHandler.java:handle(106)) - Created Pipeline RATIS ONE PipelineID=5821992f-f8cc-4337-9ac8-c5160fb0f25f.
2022-03-03 14:18:37,235 [fd6a08cb-ca39-44ab-a901-59b74a3535c1@group-B1EF4EB933B0-StateMachineUpdater] INFO  safemode.HealthyPipelineSafeModeRule (HealthyPipelineSafeModeRule.java:initializeRule(152)) - Refreshed total pipeline count is 0, healthy pipeline threshold count is 1
2022-03-03 14:18:37,241 [a6e28bb1-0085-4f86-91af-c94afacc40c4@group-B1EF4EB933B0-StateMachineUpdater] INFO  safemode.HealthyPipelineSafeModeRule (HealthyPipelineSafeModeRule.java:initializeRule(152)) - Refreshed total pipeline count is 0, healthy pipeline threshold count is 1
2022-03-03 14:18:38,213 [Listener at 127.0.0.1/34469] INFO  ozone.MiniOzoneClusterImpl (MiniOzoneClusterImpl.java:lambda$waitForClusterToBeReady$0(219)) - Nodes are ready. Got 3 of 3 DN Heartbeats.
2022-03-03 14:18:38,213 [Listener at 127.0.0.1/34469] INFO  ozone.MiniOzoneClusterImpl (MiniOzoneClusterImpl.java:lambda$waitForClusterToBeReady$0(222)) - Waiting for cluster to exit safe mode
2022-03-03 14:18:38,213 [Listener at 127.0.0.1/34469] INFO  ozone.MiniOzoneClusterImpl (MiniOzoneClusterImpl.java:lambda$waitForClusterToBeReady$0(224)) - SCM became leader
2022-03-03 14:18:39,214 [Listener at 127.0.0.1/34469] INFO  ozone.MiniOzoneClusterImpl (MiniOzoneClusterImpl.java:lambda$waitForClusterToBeReady$0(219)) - Nodes are ready. Got 3 of 3 DN Heartbeats.
2022-03-03 14:18:39,214 [Listener at 127.0.0.1/34469] INFO  ozone.MiniOzoneClusterImpl (MiniOzoneClusterImpl.java:lambda$waitForClusterToBeReady$0(222)) - Waiting for cluster to exit safe mode
2022-03-03 14:18:39,214 [Listener at 127.0.0.1/34469] INFO  ozone.MiniOzoneClusterImpl (MiniOzoneClusterImpl.java:lambda$waitForClusterToBeReady$0(224)) - SCM became leader
2022-03-03 14:18:40,214 [Listener at 127.0.0.1/34469] INFO  ozone.MiniOzoneClusterImpl (MiniOzoneClusterImpl.java:lambda$waitForClusterToBeReady$0(219)) - Nodes are ready. Got 3 of 3 DN Heartbeats.
2022-03-03 14:18:40,214 [Listener at 127.0.0.1/34469] INFO  ozone.MiniOzoneClusterImpl (MiniOzoneClusterImpl.java:lambda$waitForClusterToBeReady$0(222)) - Waiting for cluster to exit safe mode
2022-03-03 14:18:40,214 [Listener at 127.0.0.1/34469] INFO  ozone.MiniOzoneClusterImpl (MiniOzoneClusterImpl.java:lambda$waitForClusterToBeReady$0(224)) - SCM became leader
2022-03-03 14:18:41,215 [Listener at 127.0.0.1/34469] INFO  ozone.MiniOzoneClusterImpl (MiniOzoneClusterImpl.java:lambda$waitForClusterToBeReady$0(219)) - Nodes are ready. Got 3 of 3 DN Heartbeats.
2022-03-03 14:18:41,215 [Listener at 127.0.0.1/34469] INFO  ozone.MiniOzoneClusterImpl (MiniOzoneClusterImpl.java:lambda$waitForClusterToBeReady$0(222)) - Waiting for cluster to exit safe mode
2022-03-03 14:18:41,215 [Listener at 127.0.0.1/34469] INFO  ozone.MiniOzoneClusterImpl (MiniOzoneClusterImpl.java:lambda$waitForClusterToBeReady$0(224)) - SCM became leader
2022-03-03 14:18:41,653 [730569a9-18c0-4e52-b327-799f192de729@group-3A299CFC6973-FollowerState] INFO  impl.FollowerState (FollowerState.java:run(134)) - 730569a9-18c0-4e52-b327-799f192de729@group-3A299CFC6973-FollowerState: change to CANDIDATE, lastRpcElapsedTime:5032752680ns, electionTimeout:5027ms
2022-03-03 14:18:41,653 [730569a9-18c0-4e52-b327-799f192de729@group-3A299CFC6973-FollowerState] INFO  impl.RoleInfo (RoleInfo.java:shutdownFollowerState(108)) - 730569a9-18c0-4e52-b327-799f192de729: shutdown 730569a9-18c0-4e52-b327-799f192de729@group-3A299CFC6973-FollowerState
2022-03-03 14:18:41,653 [730569a9-18c0-4e52-b327-799f192de729@group-3A299CFC6973-FollowerState] INFO  server.RaftServer$Division (RaftServerImpl.java:setRole(290)) - 730569a9-18c0-4e52-b327-799f192de729@group-3A299CFC6973: changes role from  FOLLOWER to CANDIDATE at term 0 for changeToCandidate
2022-03-03 14:18:41,655 [730569a9-18c0-4e52-b327-799f192de729@group-3A299CFC6973-FollowerState] INFO  server.RaftServerConfigKeys (ConfUtils.java:logGet(44)) - raft.server.leaderelection.pre-vote = false (custom)
2022-03-03 14:18:41,655 [730569a9-18c0-4e52-b327-799f192de729@group-3A299CFC6973-FollowerState] INFO  impl.RoleInfo (RoleInfo.java:updateAndGet(130)) - 730569a9-18c0-4e52-b327-799f192de729: start 730569a9-18c0-4e52-b327-799f192de729@group-3A299CFC6973-LeaderElection10
2022-03-03 14:18:41,659 [730569a9-18c0-4e52-b327-799f192de729@group-3A299CFC6973-LeaderElection10] INFO  impl.LeaderElection (LeaderElection.java:askForVotes(306)) - 730569a9-18c0-4e52-b327-799f192de729@group-3A299CFC6973-LeaderElection10 ELECTION round 0: submit vote requests at term 1 for -1: [730569a9-18c0-4e52-b327-799f192de729|rpc:127.0.0.1:37839|priority:1], old=null
2022-03-03 14:18:41,659 [730569a9-18c0-4e52-b327-799f192de729@group-3A299CFC6973-LeaderElection10] INFO  impl.LeaderElection (LeaderElection.java:askForVotes(308)) - 730569a9-18c0-4e52-b327-799f192de729@group-3A299CFC6973-LeaderElection10 ELECTION round 0: result PASSED (term=1)
2022-03-03 14:18:41,659 [730569a9-18c0-4e52-b327-799f192de729@group-3A299CFC6973-LeaderElection10] INFO  impl.RoleInfo (RoleInfo.java:shutdownLeaderElection(121)) - 730569a9-18c0-4e52-b327-799f192de729: shutdown 730569a9-18c0-4e52-b327-799f192de729@group-3A299CFC6973-LeaderElection10
2022-03-03 14:18:41,659 [730569a9-18c0-4e52-b327-799f192de729@group-3A299CFC6973-LeaderElection10] INFO  server.RaftServer$Division (RaftServerImpl.java:setRole(290)) - 730569a9-18c0-4e52-b327-799f192de729@group-3A299CFC6973: changes role from CANDIDATE to LEADER at term 1 for changeToLeader
2022-03-03 14:18:41,659 [730569a9-18c0-4e52-b327-799f192de729@group-3A299CFC6973-LeaderElection10] INFO  ratis.XceiverServerRatis (XceiverServerRatis.java:handleLeaderChangedNotification(867)) - Leader change notification received for group: group-3A299CFC6973 with new leaderId: 730569a9-18c0-4e52-b327-799f192de729
2022-03-03 14:18:41,659 [730569a9-18c0-4e52-b327-799f192de729@group-3A299CFC6973-LeaderElection10] INFO  server.RaftServer$Division (ServerState.java:setLeader(285)) - 730569a9-18c0-4e52-b327-799f192de729@group-3A299CFC6973: change Leader from null to 730569a9-18c0-4e52-b327-799f192de729 at term 1 for becomeLeader, leader elected after 5065ms
2022-03-03 14:18:41,659 [730569a9-18c0-4e52-b327-799f192de729@group-3A299CFC6973-LeaderElection10] INFO  server.RaftServerConfigKeys (ConfUtils.java:logGet(44)) - raft.server.staging.catchup.gap = 1000 (default)
2022-03-03 14:18:41,660 [730569a9-18c0-4e52-b327-799f192de729@group-3A299CFC6973-LeaderElection10] INFO  server.RaftServerConfigKeys (ConfUtils.java:logGet(44)) - raft.server.write.element-limit = 1024 (custom)
2022-03-03 14:18:41,660 [730569a9-18c0-4e52-b327-799f192de729@group-3A299CFC6973-LeaderElection10] INFO  server.RaftServerConfigKeys (ConfUtils.java:logGet(44)) - raft.server.write.byte-limit = 1024 M (=1073741824) (custom)
2022-03-03 14:18:41,660 [730569a9-18c0-4e52-b327-799f192de729@group-3A299CFC6973-LeaderElection10] INFO  server.RaftServerConfigKeys (ConfUtils.java:logGet(44)) - raft.server.watch.timeout = 180s (custom)
2022-03-03 14:18:41,660 [730569a9-18c0-4e52-b327-799f192de729@group-3A299CFC6973-LeaderElection10] INFO  server.RaftServerConfigKeys (ConfUtils.java:logGet(44)) - raft.server.watch.timeout.denomination = 1s (default)
2022-03-03 14:18:41,660 [730569a9-18c0-4e52-b327-799f192de729@group-3A299CFC6973-LeaderElection10] INFO  server.RaftServerConfigKeys (ConfUtils.java:logGet(44)) - raft.server.watch.element-limit = 65536 (default)
2022-03-03 14:18:41,660 [730569a9-18c0-4e52-b327-799f192de729@group-3A299CFC6973-LeaderElection10] INFO  server.RaftServerConfigKeys (ConfUtils.java:logGet(44)) - raft.server.write.element-limit = 1024 (custom)
2022-03-03 14:18:41,660 [730569a9-18c0-4e52-b327-799f192de729@group-3A299CFC6973-LeaderElection10] INFO  server.RaftServerConfigKeys (ConfUtils.java:logGet(44)) - raft.server.write.follower.gap.ratio.max = -1.0 (default)
2022-03-03 14:18:41,661 [730569a9-18c0-4e52-b327-799f192de729@group-3A299CFC6973-LeaderElection10] INFO  impl.RoleInfo (RoleInfo.java:updateAndGet(130)) - 730569a9-18c0-4e52-b327-799f192de729: start 730569a9-18c0-4e52-b327-799f192de729@group-3A299CFC6973-LeaderStateImpl
2022-03-03 14:18:41,661 [730569a9-18c0-4e52-b327-799f192de729@group-3A299CFC6973-LeaderElection10] INFO  segmented.SegmentedRaftLogWorker (SegmentedRaftLogWorker.java:startLogSegment(394)) - 730569a9-18c0-4e52-b327-799f192de729@group-3A299CFC6973-SegmentedRaftLogWorker: Starting segment from index:0
2022-03-03 14:18:41,662 [EventQueue-OpenPipelineForHealthyPipelineSafeModeRule] INFO  safemode.SCMSafeModeManager (HealthyPipelineSafeModeRule.java:process(124)) - SCM in safe mode. Healthy pipelines reported count is 0, required healthy pipeline reported count is 1
2022-03-03 14:18:41,662 [EventQueue-OpenPipelineForHealthyPipelineSafeModeRule] INFO  safemode.SCMSafeModeManager (HealthyPipelineSafeModeRule.java:process(124)) - SCM in safe mode. Healthy pipelines reported count is 0, required healthy pipeline reported count is 1
2022-03-03 14:18:41,665 [EventQueue-OpenPipelineForHealthyPipelineSafeModeRule] INFO  safemode.SCMSafeModeManager (HealthyPipelineSafeModeRule.java:process(124)) - SCM in safe mode. Healthy pipelines reported count is 0, required healthy pipeline reported count is 1
2022-03-03 14:18:41,665 [730569a9-18c0-4e52-b327-799f192de729@group-3A299CFC6973-SegmentedRaftLogWorker] INFO  segmented.SegmentedRaftLogWorker (SegmentedRaftLogWorker.java:execute(601)) - 730569a9-18c0-4e52-b327-799f192de729@group-3A299CFC6973-SegmentedRaftLogWorker: created new log segment /home/runner/work/ozone/ozone/hadoop-ozone/integration-test/target/test-dir/MiniOzoneClusterImpl-0274ca87-c068-4a4d-855f-b1ef4eb933b0/datanode-0/data/ratis/8770f789-fe90-4bd1-a9b0-3a299cfc6973/current/log_inprogress_0
2022-03-03 14:18:41,668 [730569a9-18c0-4e52-b327-799f192de729@group-3A299CFC6973-LeaderElection10] INFO  server.RaftServer$Division (ServerState.java:setRaftConf(387)) - 730569a9-18c0-4e52-b327-799f192de729@group-3A299CFC6973: set configuration 0: [730569a9-18c0-4e52-b327-799f192de729|rpc:127.0.0.1:37839|dataStream:|priority:1], old=null
2022-03-03 14:18:41,767 [730569a9-18c0-4e52-b327-799f192de729@group-BEA9097ECB80-FollowerState] INFO  impl.FollowerState (FollowerState.java:run(134)) - 730569a9-18c0-4e52-b327-799f192de729@group-BEA9097ECB80-FollowerState: change to CANDIDATE, lastRpcElapsedTime:5017067690ns, electionTimeout:5016ms
2022-03-03 14:18:41,767 [730569a9-18c0-4e52-b327-799f192de729@group-BEA9097ECB80-FollowerState] INFO  impl.RoleInfo (RoleInfo.java:shutdownFollowerState(108)) - 730569a9-18c0-4e52-b327-799f192de729: shutdown 730569a9-18c0-4e52-b327-799f192de729@group-BEA9097ECB80-FollowerState
2022-03-03 14:18:41,767 [730569a9-18c0-4e52-b327-799f192de729@group-BEA9097ECB80-FollowerState] INFO  server.RaftServer$Division (RaftServerImpl.java:setRole(290)) - 730569a9-18c0-4e52-b327-799f192de729@group-BEA9097ECB80: changes role from  FOLLOWER to CANDIDATE at term 0 for changeToCandidate
2022-03-03 14:18:41,767 [730569a9-18c0-4e52-b327-799f192de729@group-BEA9097ECB80-FollowerState] INFO  server.RaftServerConfigKeys (ConfUtils.java:logGet(44)) - raft.server.leaderelection.pre-vote = false (custom)
2022-03-03 14:18:41,767 [730569a9-18c0-4e52-b327-799f192de729@group-BEA9097ECB80-FollowerState] INFO  impl.RoleInfo (RoleInfo.java:updateAndGet(130)) - 730569a9-18c0-4e52-b327-799f192de729: start 730569a9-18c0-4e52-b327-799f192de729@group-BEA9097ECB80-LeaderElection11
2022-03-03 14:18:41,777 [730569a9-18c0-4e52-b327-799f192de729@group-BEA9097ECB80-LeaderElection11] INFO  impl.LeaderElection (LeaderElection.java:askForVotes(306)) - 730569a9-18c0-4e52-b327-799f192de729@group-BEA9097ECB80-LeaderElection11 ELECTION round 0: submit vote requests at term 1 for -1: [730569a9-18c0-4e52-b327-799f192de729|rpc:127.0.0.1:37839|priority:1, f2c8ddcd-7296-4a0c-a4e5-1b3106edde55|rpc:127.0.0.1:34023|priority:0, b19705a0-6382-4e36-86d9-fb546cb602cf|rpc:127.0.0.1:44167|priority:0], old=null
2022-03-03 14:18:41,785 [grpc-default-executor-1] INFO  server.RaftServer$Division (RaftServerImpl.java:requestVote(1046)) - f2c8ddcd-7296-4a0c-a4e5-1b3106edde55@group-BEA9097ECB80: receive requestVote(ELECTION, 730569a9-18c0-4e52-b327-799f192de729, group-BEA9097ECB80, 1, (t:0, i:0))
2022-03-03 14:18:41,786 [grpc-default-executor-1] INFO  impl.VoteContext (VoteContext.java:log(48)) - f2c8ddcd-7296-4a0c-a4e5-1b3106edde55@group-BEA9097ECB80-FOLLOWER: accept ELECTION from 730569a9-18c0-4e52-b327-799f192de729: our priority 0 <= candidate's priority 1
2022-03-03 14:18:41,786 [grpc-default-executor-1] INFO  server.RaftServer$Division (RaftServerImpl.java:setRole(290)) - f2c8ddcd-7296-4a0c-a4e5-1b3106edde55@group-BEA9097ECB80: changes role from  FOLLOWER to FOLLOWER at term 1 for candidate:730569a9-18c0-4e52-b327-799f192de729
2022-03-03 14:18:41,786 [grpc-default-executor-1] INFO  impl.RoleInfo (RoleInfo.java:shutdownFollowerState(108)) - f2c8ddcd-7296-4a0c-a4e5-1b3106edde55: shutdown f2c8ddcd-7296-4a0c-a4e5-1b3106edde55@group-BEA9097ECB80-FollowerState
2022-03-03 14:18:41,786 [f2c8ddcd-7296-4a0c-a4e5-1b3106edde55@group-BEA9097ECB80-FollowerState] INFO  impl.FollowerState (FollowerState.java:run(143)) - f2c8ddcd-7296-4a0c-a4e5-1b3106edde55@group-BEA9097ECB80-FollowerState was interrupted: {}
java.lang.InterruptedException: sleep interrupted
	at java.lang.Thread.sleep(Native Method)
	at java.lang.Thread.sleep(Thread.java:342)
	at java.util.concurrent.TimeUnit.sleep(TimeUnit.java:386)
	at org.apache.ratis.util.TimeDuration.sleep(TimeDuration.java:324)
	at org.apache.ratis.util.TimeDuration.sleep(TimeDuration.java:309)
	at org.apache.ratis.server.impl.FollowerState.run(FollowerState.java:118)
2022-03-03 14:18:41,786 [grpc-default-executor-1] INFO  impl.RoleInfo (RoleInfo.java:updateAndGet(130)) - f2c8ddcd-7296-4a0c-a4e5-1b3106edde55: start f2c8ddcd-7296-4a0c-a4e5-1b3106edde55@group-BEA9097ECB80-FollowerState
2022-03-03 14:18:41,792 [grpc-default-executor-1] INFO  server.RaftServer$Division (RaftServerImpl.java:requestVote(1078)) - f2c8ddcd-7296-4a0c-a4e5-1b3106edde55@group-BEA9097ECB80 replies to ELECTION vote request: 730569a9-18c0-4e52-b327-799f192de729<-f2c8ddcd-7296-4a0c-a4e5-1b3106edde55#0:OK-t1. Peer's state: f2c8ddcd-7296-4a0c-a4e5-1b3106edde55@group-BEA9097ECB80:t1, leader=null, voted=730569a9-18c0-4e52-b327-799f192de729, raftlog=f2c8ddcd-7296-4a0c-a4e5-1b3106edde55@group-BEA9097ECB80-SegmentedRaftLog:OPENED:c-1, conf=-1: [730569a9-18c0-4e52-b327-799f192de729|rpc:127.0.0.1:37839|dataStream:|priority:1, f2c8ddcd-7296-4a0c-a4e5-1b3106edde55|rpc:127.0.0.1:34023|dataStream:|priority:0, b19705a0-6382-4e36-86d9-fb546cb602cf|rpc:127.0.0.1:44167|dataStream:|priority:0], old=null
2022-03-03 14:18:41,794 [grpc-default-executor-1] INFO  server.RaftServer$Division (RaftServerImpl.java:requestVote(1046)) - b19705a0-6382-4e36-86d9-fb546cb602cf@group-BEA9097ECB80: receive requestVote(ELECTION, 730569a9-18c0-4e52-b327-799f192de729, group-BEA9097ECB80, 1, (t:0, i:0))
2022-03-03 14:18:41,794 [grpc-default-executor-1] INFO  impl.VoteContext (VoteContext.java:log(48)) - b19705a0-6382-4e36-86d9-fb546cb602cf@group-BEA9097ECB80-FOLLOWER: accept ELECTION from 730569a9-18c0-4e52-b327-799f192de729: our priority 0 <= candidate's priority 1
2022-03-03 14:18:41,794 [grpc-default-executor-1] INFO  server.RaftServer$Division (RaftServerImpl.java:setRole(290)) - b19705a0-6382-4e36-86d9-fb546cb602cf@group-BEA9097ECB80: changes role from  FOLLOWER to FOLLOWER at term 1 for candidate:730569a9-18c0-4e52-b327-799f192de729
2022-03-03 14:18:41,794 [grpc-default-executor-1] INFO  impl.RoleInfo (RoleInfo.java:shutdownFollowerState(108)) - b19705a0-6382-4e36-86d9-fb546cb602cf: shutdown b19705a0-6382-4e36-86d9-fb546cb602cf@group-BEA9097ECB80-FollowerState
2022-03-03 14:18:41,794 [b19705a0-6382-4e36-86d9-fb546cb602cf@group-BEA9097ECB80-FollowerState] INFO  impl.FollowerState (FollowerState.java:run(143)) - b19705a0-6382-4e36-86d9-fb546cb602cf@group-BEA9097ECB80-FollowerState was interrupted: {}
java.lang.InterruptedException: sleep interrupted
	at java.lang.Thread.sleep(Native Method)
	at java.lang.Thread.sleep(Thread.java:342)
	at java.util.concurrent.TimeUnit.sleep(TimeUnit.java:386)
	at org.apache.ratis.util.TimeDuration.sleep(TimeDuration.java:324)
	at org.apache.ratis.util.TimeDuration.sleep(TimeDuration.java:309)
	at org.apache.ratis.server.impl.FollowerState.run(FollowerState.java:118)
2022-03-03 14:18:41,795 [grpc-default-executor-1] INFO  impl.RoleInfo (RoleInfo.java:updateAndGet(130)) - b19705a0-6382-4e36-86d9-fb546cb602cf: start b19705a0-6382-4e36-86d9-fb546cb602cf@group-BEA9097ECB80-FollowerState
2022-03-03 14:18:41,795 [730569a9-18c0-4e52-b327-799f192de729@group-BEA9097ECB80-LeaderElection11] INFO  impl.LeaderElection (LeaderElection.java:logAndReturn(89)) - 730569a9-18c0-4e52-b327-799f192de729@group-BEA9097ECB80-LeaderElection11: ELECTION PASSED received 1 response(s) and 0 exception(s):
2022-03-03 14:18:41,806 [730569a9-18c0-4e52-b327-799f192de729@group-BEA9097ECB80-LeaderElection11] INFO  impl.LeaderElection (LeaderElection.java:logAndReturn(93)) -   Response 0: 730569a9-18c0-4e52-b327-799f192de729<-f2c8ddcd-7296-4a0c-a4e5-1b3106edde55#0:OK-t1
2022-03-03 14:18:41,806 [730569a9-18c0-4e52-b327-799f192de729@group-BEA9097ECB80-LeaderElection11] INFO  impl.LeaderElection (LeaderElection.java:askForVotes(308)) - 730569a9-18c0-4e52-b327-799f192de729@group-BEA9097ECB80-LeaderElection11 ELECTION round 0: result PASSED
2022-03-03 14:18:41,806 [730569a9-18c0-4e52-b327-799f192de729@group-BEA9097ECB80-LeaderElection11] INFO  impl.RoleInfo (RoleInfo.java:shutdownLeaderElection(121)) - 730569a9-18c0-4e52-b327-799f192de729: shutdown 730569a9-18c0-4e52-b327-799f192de729@group-BEA9097ECB80-LeaderElection11
2022-03-03 14:18:41,806 [730569a9-18c0-4e52-b327-799f192de729@group-BEA9097ECB80-LeaderElection11] INFO  server.RaftServer$Division (RaftServerImpl.java:setRole(290)) - 730569a9-18c0-4e52-b327-799f192de729@group-BEA9097ECB80: changes role from CANDIDATE to LEADER at term 1 for changeToLeader
2022-03-03 14:18:41,806 [730569a9-18c0-4e52-b327-799f192de729@group-BEA9097ECB80-LeaderElection11] INFO  ratis.XceiverServerRatis (XceiverServerRatis.java:handleLeaderChangedNotification(867)) - Leader change notification received for group: group-BEA9097ECB80 with new leaderId: 730569a9-18c0-4e52-b327-799f192de729
2022-03-03 14:18:41,806 [730569a9-18c0-4e52-b327-799f192de729@group-BEA9097ECB80-LeaderElection11] INFO  server.RaftServer$Division (ServerState.java:setLeader(285)) - 730569a9-18c0-4e52-b327-799f192de729@group-BEA9097ECB80: change Leader from null to 730569a9-18c0-4e52-b327-799f192de729 at term 1 for becomeLeader, leader elected after 5070ms
2022-03-03 14:18:41,806 [730569a9-18c0-4e52-b327-799f192de729@group-BEA9097ECB80-LeaderElection11] INFO  server.RaftServerConfigKeys (ConfUtils.java:logGet(44)) - raft.server.staging.catchup.gap = 1000 (default)
2022-03-03 14:18:41,808 [730569a9-18c0-4e52-b327-799f192de729@group-BEA9097ECB80-LeaderElection11] INFO  server.RaftServerConfigKeys (ConfUtils.java:logGet(44)) - raft.server.write.element-limit = 1024 (custom)
2022-03-03 14:18:41,808 [730569a9-18c0-4e52-b327-799f192de729@group-BEA9097ECB80-LeaderElection11] INFO  server.RaftServerConfigKeys (ConfUtils.java:logGet(44)) - raft.server.write.byte-limit = 1024 M (=1073741824) (custom)
2022-03-03 14:18:41,808 [730569a9-18c0-4e52-b327-799f192de729@group-BEA9097ECB80-LeaderElection11] INFO  server.RaftServerConfigKeys (ConfUtils.java:logGet(44)) - raft.server.watch.timeout = 180s (custom)
2022-03-03 14:18:41,808 [730569a9-18c0-4e52-b327-799f192de729@group-BEA9097ECB80-LeaderElection11] INFO  server.RaftServerConfigKeys (ConfUtils.java:logGet(44)) - raft.server.watch.timeout.denomination = 1s (default)
2022-03-03 14:18:41,808 [730569a9-18c0-4e52-b327-799f192de729@group-BEA9097ECB80-LeaderElection11] INFO  server.RaftServerConfigKeys (ConfUtils.java:logGet(44)) - raft.server.watch.element-limit = 65536 (default)
2022-03-03 14:18:41,809 [730569a9-18c0-4e52-b327-799f192de729@group-BEA9097ECB80-LeaderElection11] INFO  server.RaftServerConfigKeys (ConfUtils.java:logGet(44)) - raft.server.write.element-limit = 1024 (custom)
2022-03-03 14:18:41,809 [730569a9-18c0-4e52-b327-799f192de729@group-BEA9097ECB80-LeaderElection11] INFO  server.RaftServerConfigKeys (ConfUtils.java:logGet(44)) - raft.server.write.follower.gap.ratio.max = -1.0 (default)
2022-03-03 14:18:41,809 [730569a9-18c0-4e52-b327-799f192de729@group-BEA9097ECB80-LeaderElection11] INFO  server.RaftServerConfigKeys (ConfUtils.java:logGet(44)) - raft.server.log.appender.snapshot.chunk.size.max = 16MB (=16777216) (default)
2022-03-03 14:18:41,809 [730569a9-18c0-4e52-b327-799f192de729@group-BEA9097ECB80-LeaderElection11] INFO  server.RaftServerConfigKeys (ConfUtils.java:logGet(44)) - raft.server.log.appender.buffer.byte-limit = 33554432 (custom)
2022-03-03 14:18:41,809 [730569a9-18c0-4e52-b327-799f192de729@group-BEA9097ECB80-LeaderElection11] INFO  server.RaftServerConfigKeys (ConfUtils.java:logGet(44)) - raft.server.log.appender.buffer.element-limit = 1 (custom)
2022-03-03 14:18:41,809 [730569a9-18c0-4e52-b327-799f192de729@group-BEA9097ECB80-LeaderElection11] INFO  grpc.GrpcConfigKeys (ConfUtils.java:logGet(44)) - raft.grpc.server.leader.outstanding.appends.max = 128 (default)
2022-03-03 14:18:41,809 [730569a9-18c0-4e52-b327-799f192de729@group-BEA9097ECB80-LeaderElection11] INFO  server.RaftServerConfigKeys (ConfUtils.java:logGet(44)) - raft.server.rpc.request.timeout = 60s (custom)
2022-03-03 14:18:41,809 [730569a9-18c0-4e52-b327-799f192de729@group-BEA9097ECB80-LeaderElection11] INFO  server.RaftServerConfigKeys (ConfUtils.java:logGet(44)) - raft.server.log.appender.install.snapshot.enabled = false (custom)
2022-03-03 14:18:41,810 [EventQueue-PipelineReportForPipelineReportHandler] INFO  pipeline.PipelineManagerImpl (PipelineManagerImpl.java:openPipeline(291)) - Pipeline Pipeline[ Id: d4e088ac-d662-4fb5-bec4-bea9097ecb80, Nodes: f2c8ddcd-7296-4a0c-a4e5-1b3106edde55{ip: 127.0.0.1, host: localhost, ports: [REPLICATION=32985, RATIS=34023, RATIS_ADMIN=34023, RATIS_SERVER=34023, STANDALONE=43531], networkLocation: /default-rack, certSerialId: null, persistedOpState: IN_SERVICE, persistedOpStateExpiryEpochSec: 0}b19705a0-6382-4e36-86d9-fb546cb602cf{ip: 127.0.0.1, host: localhost, ports: [REPLICATION=38167, RATIS=44167, RATIS_ADMIN=44167, RATIS_SERVER=44167, STANDALONE=34509], networkLocation: /default-rack, certSerialId: null, persistedOpState: IN_SERVICE, persistedOpStateExpiryEpochSec: 0}730569a9-18c0-4e52-b327-799f192de729{ip: 127.0.0.1, host: localhost, ports: [REPLICATION=46745, RATIS=37839, RATIS_ADMIN=37839, RATIS_SERVER=37839, STANDALONE=41233], networkLocation: /default-rack, certSerialId: null, persistedOpState: IN_SERVICE, persistedOpStateExpiryEpochSec: 0}, ReplicationConfig: RATIS/THREE, State:ALLOCATED, leaderId:730569a9-18c0-4e52-b327-799f192de729, CreationTimestamp2022-03-03T14:18:34.226Z[Etc/UTC]] moved to OPEN state
2022-03-03 14:18:41,810 [EventQueue-OpenPipelineForHealthyPipelineSafeModeRule] INFO  safemode.SCMSafeModeManager (HealthyPipelineSafeModeRule.java:process(124)) - SCM in safe mode. Healthy pipelines reported count is 0, required healthy pipeline reported count is 1
2022-03-03 14:18:41,806 [grpc-default-executor-1] INFO  server.RaftServer$Division (RaftServerImpl.java:requestVote(1078)) - b19705a0-6382-4e36-86d9-fb546cb602cf@group-BEA9097ECB80 replies to ELECTION vote request: 730569a9-18c0-4e52-b327-799f192de729<-b19705a0-6382-4e36-86d9-fb546cb602cf#0:OK-t1. Peer's state: b19705a0-6382-4e36-86d9-fb546cb602cf@group-BEA9097ECB80:t1, leader=null, voted=730569a9-18c0-4e52-b327-799f192de729, raftlog=b19705a0-6382-4e36-86d9-fb546cb602cf@group-BEA9097ECB80-SegmentedRaftLog:OPENED:c-1, conf=-1: [730569a9-18c0-4e52-b327-799f192de729|rpc:127.0.0.1:37839|dataStream:|priority:1, f2c8ddcd-7296-4a0c-a4e5-1b3106edde55|rpc:127.0.0.1:34023|dataStream:|priority:0, b19705a0-6382-4e36-86d9-fb546cb602cf|rpc:127.0.0.1:44167|dataStream:|priority:0], old=null
2022-03-03 14:18:41,815 [730569a9-18c0-4e52-b327-799f192de729@group-BEA9097ECB80-LeaderElection11] INFO  server.RaftServerConfigKeys (ConfUtils.java:logGet(44)) - raft.server.log.appender.snapshot.chunk.size.max = 16MB (=16777216) (default)
2022-03-03 14:18:41,817 [730569a9-18c0-4e52-b327-799f192de729@group-BEA9097ECB80-LeaderElection11] INFO  server.RaftServerConfigKeys (ConfUtils.java:logGet(44)) - raft.server.log.appender.buffer.byte-limit = 33554432 (custom)
2022-03-03 14:18:41,817 [730569a9-18c0-4e52-b327-799f192de729@group-BEA9097ECB80-LeaderElection11] INFO  server.RaftServerConfigKeys (ConfUtils.java:logGet(44)) - raft.server.log.appender.buffer.element-limit = 1 (custom)
2022-03-03 14:18:41,817 [730569a9-18c0-4e52-b327-799f192de729@group-BEA9097ECB80-LeaderElection11] INFO  grpc.GrpcConfigKeys (ConfUtils.java:logGet(44)) - raft.grpc.server.leader.outstanding.appends.max = 128 (default)
2022-03-03 14:18:41,817 [730569a9-18c0-4e52-b327-799f192de729@group-BEA9097ECB80-LeaderElection11] INFO  server.RaftServerConfigKeys (ConfUtils.java:logGet(44)) - raft.server.rpc.request.timeout = 60s (custom)
2022-03-03 14:18:41,817 [730569a9-18c0-4e52-b327-799f192de729@group-BEA9097ECB80-LeaderElection11] INFO  server.RaftServerConfigKeys (ConfUtils.java:logGet(44)) - raft.server.log.appender.install.snapshot.enabled = false (custom)
2022-03-03 14:18:41,818 [730569a9-18c0-4e52-b327-799f192de729@group-BEA9097ECB80-LeaderElection11] INFO  impl.RoleInfo (RoleInfo.java:updateAndGet(130)) - 730569a9-18c0-4e52-b327-799f192de729: start 730569a9-18c0-4e52-b327-799f192de729@group-BEA9097ECB80-LeaderStateImpl
2022-03-03 14:18:41,818 [730569a9-18c0-4e52-b327-799f192de729@group-BEA9097ECB80-LeaderElection11] INFO  segmented.SegmentedRaftLogWorker (SegmentedRaftLogWorker.java:startLogSegment(394)) - 730569a9-18c0-4e52-b327-799f192de729@group-BEA9097ECB80-SegmentedRaftLogWorker: Starting segment from index:0
2022-03-03 14:18:41,820 [730569a9-18c0-4e52-b327-799f192de729@group-BEA9097ECB80-SegmentedRaftLogWorker] INFO  segmented.SegmentedRaftLogWorker (SegmentedRaftLogWorker.java:execute(601)) - 730569a9-18c0-4e52-b327-799f192de729@group-BEA9097ECB80-SegmentedRaftLogWorker: created new log segment /home/runner/work/ozone/ozone/hadoop-ozone/integration-test/target/test-dir/MiniOzoneClusterImpl-0274ca87-c068-4a4d-855f-b1ef4eb933b0/datanode-0/data/ratis/d4e088ac-d662-4fb5-bec4-bea9097ecb80/current/log_inprogress_0
2022-03-03 14:18:41,821 [EventQueue-PipelineReportForPipelineReportHandler] INFO  pipeline.PipelineManagerImpl (PipelineManagerImpl.java:openPipeline(291)) - Pipeline Pipeline[ Id: d4e088ac-d662-4fb5-bec4-bea9097ecb80, Nodes: f2c8ddcd-7296-4a0c-a4e5-1b3106edde55{ip: 127.0.0.1, host: localhost, ports: [REPLICATION=32985, RATIS=34023, RATIS_ADMIN=34023, RATIS_SERVER=34023, STANDALONE=43531], networkLocation: /default-rack, certSerialId: null, persistedOpState: IN_SERVICE, persistedOpStateExpiryEpochSec: 0}b19705a0-6382-4e36-86d9-fb546cb602cf{ip: 127.0.0.1, host: localhost, ports: [REPLICATION=38167, RATIS=44167, RATIS_ADMIN=44167, RATIS_SERVER=44167, STANDALONE=34509], networkLocation: /default-rack, certSerialId: null, persistedOpState: IN_SERVICE, persistedOpStateExpiryEpochSec: 0}730569a9-18c0-4e52-b327-799f192de729{ip: 127.0.0.1, host: localhost, ports: [REPLICATION=46745, RATIS=37839, RATIS_ADMIN=37839, RATIS_SERVER=37839, STANDALONE=41233], networkLocation: /default-rack, certSerialId: null, persistedOpState: IN_SERVICE, persistedOpStateExpiryEpochSec: 0}, ReplicationConfig: RATIS/THREE, State:ALLOCATED, leaderId:730569a9-18c0-4e52-b327-799f192de729, CreationTimestamp2022-03-03T14:18:34.226Z[Etc/UTC]] moved to OPEN state
2022-03-03 14:18:41,822 [EventQueue-PipelineReportForPipelineReportHandler] INFO  pipeline.PipelineManagerImpl (PipelineManagerImpl.java:openPipeline(291)) - Pipeline Pipeline[ Id: d4e088ac-d662-4fb5-bec4-bea9097ecb80, Nodes: f2c8ddcd-7296-4a0c-a4e5-1b3106edde55{ip: 127.0.0.1, host: localhost, ports: [REPLICATION=32985, RATIS=34023, RATIS_ADMIN=34023, RATIS_SERVER=34023, STANDALONE=43531], networkLocation: /default-rack, certSerialId: null, persistedOpState: IN_SERVICE, persistedOpStateExpiryEpochSec: 0}b19705a0-6382-4e36-86d9-fb546cb602cf{ip: 127.0.0.1, host: localhost, ports: [REPLICATION=38167, RATIS=44167, RATIS_ADMIN=44167, RATIS_SERVER=44167, STANDALONE=34509], networkLocation: /default-rack, certSerialId: null, persistedOpState: IN_SERVICE, persistedOpStateExpiryEpochSec: 0}730569a9-18c0-4e52-b327-799f192de729{ip: 127.0.0.1, host: localhost, ports: [REPLICATION=46745, RATIS=37839, RATIS_ADMIN=37839, RATIS_SERVER=37839, STANDALONE=41233], networkLocation: /default-rack, certSerialId: null, persistedOpState: IN_SERVICE, persistedOpStateExpiryEpochSec: 0}, ReplicationConfig: RATIS/THREE, State:ALLOCATED, leaderId:730569a9-18c0-4e52-b327-799f192de729, CreationTimestamp2022-03-03T14:18:34.226Z[Etc/UTC]] moved to OPEN state
2022-03-03 14:18:41,822 [EventQueue-OpenPipelineForHealthyPipelineSafeModeRule] INFO  safemode.SCMSafeModeManager (HealthyPipelineSafeModeRule.java:process(124)) - SCM in safe mode. Healthy pipelines reported count is 0, required healthy pipeline reported count is 1
2022-03-03 14:18:41,825 [730569a9-18c0-4e52-b327-799f192de729@group-BEA9097ECB80-LeaderElection11] INFO  server.RaftServer$Division (ServerState.java:setRaftConf(387)) - 730569a9-18c0-4e52-b327-799f192de729@group-BEA9097ECB80: set configuration 0: [730569a9-18c0-4e52-b327-799f192de729|rpc:127.0.0.1:37839|dataStream:|priority:1, f2c8ddcd-7296-4a0c-a4e5-1b3106edde55|rpc:127.0.0.1:34023|dataStream:|priority:0, b19705a0-6382-4e36-86d9-fb546cb602cf|rpc:127.0.0.1:44167|dataStream:|priority:0], old=null
2022-03-03 14:18:41,828 [grpc-default-executor-1] INFO  ratis.XceiverServerRatis (XceiverServerRatis.java:handleLeaderChangedNotification(867)) - Leader change notification received for group: group-BEA9097ECB80 with new leaderId: 730569a9-18c0-4e52-b327-799f192de729
2022-03-03 14:18:41,828 [grpc-default-executor-1] INFO  server.RaftServer$Division (ServerState.java:setLeader(285)) - f2c8ddcd-7296-4a0c-a4e5-1b3106edde55@group-BEA9097ECB80: change Leader from null to 730569a9-18c0-4e52-b327-799f192de729 at term 1 for appendEntries, leader elected after 5005ms
2022-03-03 14:18:41,834 [grpc-default-executor-4] INFO  ratis.XceiverServerRatis (XceiverServerRatis.java:handleLeaderChangedNotification(867)) - Leader change notification received for group: group-BEA9097ECB80 with new leaderId: 730569a9-18c0-4e52-b327-799f192de729
2022-03-03 14:18:41,834 [grpc-default-executor-4] INFO  server.RaftServer$Division (ServerState.java:setLeader(285)) - b19705a0-6382-4e36-86d9-fb546cb602cf@group-BEA9097ECB80: change Leader from null to 730569a9-18c0-4e52-b327-799f192de729 at term 1 for appendEntries, leader elected after 4956ms
2022-03-03 14:18:41,836 [4fec6c92-8a01-477b-9ee2-8944c630ad1d@group-B1EF4EB933B0-StateMachineUpdater] INFO  safemode.HealthyPipelineSafeModeRule (HealthyPipelineSafeModeRule.java:initializeRule(152)) - Refreshed total pipeline count is 1, healthy pipeline threshold count is 1
2022-03-03 14:18:41,836 [EventQueue-OpenPipelineForHealthyPipelineSafeModeRule] INFO  safemode.SCMSafeModeManager (HealthyPipelineSafeModeRule.java:process(124)) - SCM in safe mode. Healthy pipelines reported count is 1, required healthy pipeline reported count is 1
2022-03-03 14:18:41,836 [EventQueue-OpenPipelineForHealthyPipelineSafeModeRule] INFO  safemode.SCMSafeModeManager (SCMSafeModeManager.java:validateSafeModeExitRules(204)) - HealthyPipelineSafeModeRule rule is successfully validated
2022-03-03 14:18:41,836 [EventQueue-OpenPipelineForHealthyPipelineSafeModeRule] INFO  safemode.SCMSafeModeManager (SCMSafeModeManager.java:validateSafeModeExitRules(219)) - ScmSafeModeManager, all rules are successfully validated
2022-03-03 14:18:41,836 [EventQueue-OpenPipelineForHealthyPipelineSafeModeRule] INFO  safemode.SCMSafeModeManager (SCMSafeModeManager.java:exitSafeMode(248)) - SCM exiting safe mode.
2022-03-03 14:18:41,836 [EventQueue-OpenPipelineForHealthyPipelineSafeModeRule] WARN  events.EventQueue (EventQueue.java:fireEvent(194)) - No event handler registered for event TypedEvent{payloadType=SafeModeStatus, name='Safe mode status'}
2022-03-03 14:18:41,836 [EventQueue-OpenPipelineForHealthyPipelineSafeModeRule] INFO  ha.SCMContext (SCMContext.java:updateSafeModeStatus(211)) - Update SafeModeStatus from SafeModeStatus{safeModeStatus=true, preCheckPassed=true} to SafeModeStatus{safeModeStatus=false, preCheckPassed=true}.
2022-03-03 14:18:41,836 [EventQueue-OpenPipelineForHealthyPipelineSafeModeRule] INFO  container.ReplicationManager (ReplicationManager.java:notifyStatusChanged(1807)) - Service ReplicationManager transitions to RUNNING.
2022-03-03 14:18:41,843 [fd6a08cb-ca39-44ab-a901-59b74a3535c1@group-B1EF4EB933B0-StateMachineUpdater] INFO  safemode.HealthyPipelineSafeModeRule (HealthyPipelineSafeModeRule.java:initializeRule(152)) - Refreshed total pipeline count is 1, healthy pipeline threshold count is 1
2022-03-03 14:18:41,848 [grpc-default-executor-1] INFO  server.RaftServer$Division (ServerState.java:setRaftConf(387)) - f2c8ddcd-7296-4a0c-a4e5-1b3106edde55@group-BEA9097ECB80: set configuration 0: [730569a9-18c0-4e52-b327-799f192de729|rpc:127.0.0.1:37839|dataStream:|priority:1, f2c8ddcd-7296-4a0c-a4e5-1b3106edde55|rpc:127.0.0.1:34023|dataStream:|priority:0, b19705a0-6382-4e36-86d9-fb546cb602cf|rpc:127.0.0.1:44167|dataStream:|priority:0], old=null
2022-03-03 14:18:41,848 [grpc-default-executor-1] INFO  segmented.SegmentedRaftLogWorker (SegmentedRaftLogWorker.java:startLogSegment(394)) - f2c8ddcd-7296-4a0c-a4e5-1b3106edde55@group-BEA9097ECB80-SegmentedRaftLogWorker: Starting segment from index:0
2022-03-03 14:18:41,849 [grpc-default-executor-4] INFO  server.RaftServer$Division (ServerState.java:setRaftConf(387)) - b19705a0-6382-4e36-86d9-fb546cb602cf@group-BEA9097ECB80: set configuration 0: [730569a9-18c0-4e52-b327-799f192de729|rpc:127.0.0.1:37839|dataStream:|priority:1, f2c8ddcd-7296-4a0c-a4e5-1b3106edde55|rpc:127.0.0.1:34023|dataStream:|priority:0, b19705a0-6382-4e36-86d9-fb546cb602cf|rpc:127.0.0.1:44167|dataStream:|priority:0], old=null
2022-03-03 14:18:41,849 [grpc-default-executor-4] INFO  segmented.SegmentedRaftLogWorker (SegmentedRaftLogWorker.java:startLogSegment(394)) - b19705a0-6382-4e36-86d9-fb546cb602cf@group-BEA9097ECB80-SegmentedRaftLogWorker: Starting segment from index:0
2022-03-03 14:18:41,851 [a6e28bb1-0085-4f86-91af-c94afacc40c4@group-B1EF4EB933B0-StateMachineUpdater] INFO  safemode.HealthyPipelineSafeModeRule (HealthyPipelineSafeModeRule.java:initializeRule(152)) - Refreshed total pipeline count is 1, healthy pipeline threshold count is 1
2022-03-03 14:18:41,852 [f2c8ddcd-7296-4a0c-a4e5-1b3106edde55@group-BEA9097ECB80-SegmentedRaftLogWorker] INFO  segmented.SegmentedRaftLogWorker (SegmentedRaftLogWorker.java:execute(601)) - f2c8ddcd-7296-4a0c-a4e5-1b3106edde55@group-BEA9097ECB80-SegmentedRaftLogWorker: created new log segment /home/runner/work/ozone/ozone/hadoop-ozone/integration-test/target/test-dir/MiniOzoneClusterImpl-0274ca87-c068-4a4d-855f-b1ef4eb933b0/datanode-1/data/ratis/d4e088ac-d662-4fb5-bec4-bea9097ecb80/current/log_inprogress_0
2022-03-03 14:18:41,852 [b19705a0-6382-4e36-86d9-fb546cb602cf@group-BEA9097ECB80-SegmentedRaftLogWorker] INFO  segmented.SegmentedRaftLogWorker (SegmentedRaftLogWorker.java:execute(601)) - b19705a0-6382-4e36-86d9-fb546cb602cf@group-BEA9097ECB80-SegmentedRaftLogWorker: created new log segment /home/runner/work/ozone/ozone/hadoop-ozone/integration-test/target/test-dir/MiniOzoneClusterImpl-0274ca87-c068-4a4d-855f-b1ef4eb933b0/datanode-2/data/ratis/d4e088ac-d662-4fb5-bec4-bea9097ecb80/current/log_inprogress_0
2022-03-03 14:18:41,932 [730569a9-18c0-4e52-b327-799f192de729@group-1BACA9CB8E95-FollowerState] INFO  impl.FollowerState (FollowerState.java:run(134)) - 730569a9-18c0-4e52-b327-799f192de729@group-1BACA9CB8E95-FollowerState: change to CANDIDATE, lastRpcElapsedTime:5017704053ns, electionTimeout:5015ms
2022-03-03 14:18:41,932 [730569a9-18c0-4e52-b327-799f192de729@group-1BACA9CB8E95-FollowerState] INFO  impl.RoleInfo (RoleInfo.java:shutdownFollowerState(108)) - 730569a9-18c0-4e52-b327-799f192de729: shutdown 730569a9-18c0-4e52-b327-799f192de729@group-1BACA9CB8E95-FollowerState
2022-03-03 14:18:41,932 [730569a9-18c0-4e52-b327-799f192de729@group-1BACA9CB8E95-FollowerState] INFO  server.RaftServer$Division (RaftServerImpl.java:setRole(290)) - 730569a9-18c0-4e52-b327-799f192de729@group-1BACA9CB8E95: changes role from  FOLLOWER to CANDIDATE at term 0 for changeToCandidate
2022-03-03 14:18:41,932 [730569a9-18c0-4e52-b327-799f192de729@group-1BACA9CB8E95-FollowerState] INFO  server.RaftServerConfigKeys (ConfUtils.java:logGet(44)) - raft.server.leaderelection.pre-vote = false (custom)
2022-03-03 14:18:41,932 [730569a9-18c0-4e52-b327-799f192de729@group-1BACA9CB8E95-FollowerState] INFO  impl.RoleInfo (RoleInfo.java:updateAndGet(130)) - 730569a9-18c0-4e52-b327-799f192de729: start 730569a9-18c0-4e52-b327-799f192de729@group-1BACA9CB8E95-LeaderElection12
2022-03-03 14:18:41,936 [730569a9-18c0-4e52-b327-799f192de729@group-1BACA9CB8E95-LeaderElection12] INFO  impl.LeaderElection (LeaderElection.java:askForVotes(306)) - 730569a9-18c0-4e52-b327-799f192de729@group-1BACA9CB8E95-LeaderElection12 ELECTION round 0: submit vote requests at term 1 for -1: [730569a9-18c0-4e52-b327-799f192de729|rpc:127.0.0.1:37839|priority:0, f2c8ddcd-7296-4a0c-a4e5-1b3106edde55|rpc:127.0.0.1:34023|priority:1, b19705a0-6382-4e36-86d9-fb546cb602cf|rpc:127.0.0.1:44167|priority:0], old=null
2022-03-03 14:18:41,941 [grpc-default-executor-2] INFO  server.RaftServer$Division (RaftServerImpl.java:requestVote(1046)) - b19705a0-6382-4e36-86d9-fb546cb602cf@group-1BACA9CB8E95: receive requestVote(ELECTION, 730569a9-18c0-4e52-b327-799f192de729, group-1BACA9CB8E95, 1, (t:0, i:0))
2022-03-03 14:18:41,941 [grpc-default-executor-2] INFO  impl.VoteContext (VoteContext.java:log(48)) - b19705a0-6382-4e36-86d9-fb546cb602cf@group-1BACA9CB8E95-FOLLOWER: accept ELECTION from 730569a9-18c0-4e52-b327-799f192de729: our priority 0 <= candidate's priority 0
2022-03-03 14:18:41,941 [grpc-default-executor-2] INFO  server.RaftServer$Division (RaftServerImpl.java:setRole(290)) - b19705a0-6382-4e36-86d9-fb546cb602cf@group-1BACA9CB8E95: changes role from  FOLLOWER to FOLLOWER at term 1 for candidate:730569a9-18c0-4e52-b327-799f192de729
2022-03-03 14:18:41,941 [grpc-default-executor-2] INFO  impl.RoleInfo (RoleInfo.java:shutdownFollowerState(108)) - b19705a0-6382-4e36-86d9-fb546cb602cf: shutdown b19705a0-6382-4e36-86d9-fb546cb602cf@group-1BACA9CB8E95-FollowerState
2022-03-03 14:18:41,941 [grpc-default-executor-2] INFO  impl.RoleInfo (RoleInfo.java:updateAndGet(130)) - b19705a0-6382-4e36-86d9-fb546cb602cf: start b19705a0-6382-4e36-86d9-fb546cb602cf@group-1BACA9CB8E95-FollowerState
2022-03-03 14:18:41,941 [b19705a0-6382-4e36-86d9-fb546cb602cf@group-1BACA9CB8E95-FollowerState] INFO  impl.FollowerState (FollowerState.java:run(143)) - b19705a0-6382-4e36-86d9-fb546cb602cf@group-1BACA9CB8E95-FollowerState was interrupted: {}
java.lang.InterruptedException: sleep interrupted
	at java.lang.Thread.sleep(Native Method)
	at java.lang.Thread.sleep(Thread.java:342)
	at java.util.concurrent.TimeUnit.sleep(TimeUnit.java:386)
	at org.apache.ratis.util.TimeDuration.sleep(TimeDuration.java:324)
	at org.apache.ratis.util.TimeDuration.sleep(TimeDuration.java:309)
	at org.apache.ratis.server.impl.FollowerState.run(FollowerState.java:118)
2022-03-03 14:18:41,949 [grpc-default-executor-0] INFO  server.RaftServer$Division (RaftServerImpl.java:requestVote(1046)) - f2c8ddcd-7296-4a0c-a4e5-1b3106edde55@group-1BACA9CB8E95: receive requestVote(ELECTION, 730569a9-18c0-4e52-b327-799f192de729, group-1BACA9CB8E95, 1, (t:0, i:0))
2022-03-03 14:18:41,949 [grpc-default-executor-0] INFO  impl.VoteContext (VoteContext.java:log(48)) - f2c8ddcd-7296-4a0c-a4e5-1b3106edde55@group-1BACA9CB8E95-FOLLOWER: reject ELECTION from 730569a9-18c0-4e52-b327-799f192de729: our priority 1 > candidate's priority 0
2022-03-03 14:18:41,949 [grpc-default-executor-0] INFO  server.RaftServer$Division (RaftServerImpl.java:setRole(290)) - f2c8ddcd-7296-4a0c-a4e5-1b3106edde55@group-1BACA9CB8E95: changes role from  FOLLOWER to FOLLOWER at term 1 for candidate:730569a9-18c0-4e52-b327-799f192de729
2022-03-03 14:18:41,949 [grpc-default-executor-2] INFO  server.RaftServer$Division (RaftServerImpl.java:requestVote(1078)) - b19705a0-6382-4e36-86d9-fb546cb602cf@group-1BACA9CB8E95 replies to ELECTION vote request: 730569a9-18c0-4e52-b327-799f192de729<-b19705a0-6382-4e36-86d9-fb546cb602cf#0:OK-t1. Peer's state: b19705a0-6382-4e36-86d9-fb546cb602cf@group-1BACA9CB8E95:t1, leader=null, voted=730569a9-18c0-4e52-b327-799f192de729, raftlog=b19705a0-6382-4e36-86d9-fb546cb602cf@group-1BACA9CB8E95-SegmentedRaftLog:OPENED:c-1, conf=-1: [730569a9-18c0-4e52-b327-799f192de729|rpc:127.0.0.1:37839|dataStream:|priority:0, f2c8ddcd-7296-4a0c-a4e5-1b3106edde55|rpc:127.0.0.1:34023|dataStream:|priority:1, b19705a0-6382-4e36-86d9-fb546cb602cf|rpc:127.0.0.1:44167|dataStream:|priority:0], old=null
2022-03-03 14:18:41,949 [grpc-default-executor-0] INFO  impl.RoleInfo (RoleInfo.java:shutdownFollowerState(108)) - f2c8ddcd-7296-4a0c-a4e5-1b3106edde55: shutdown f2c8ddcd-7296-4a0c-a4e5-1b3106edde55@group-1BACA9CB8E95-FollowerState
2022-03-03 14:18:41,949 [grpc-default-executor-0] INFO  impl.RoleInfo (RoleInfo.java:updateAndGet(130)) - f2c8ddcd-7296-4a0c-a4e5-1b3106edde55: start f2c8ddcd-7296-4a0c-a4e5-1b3106edde55@group-1BACA9CB8E95-FollowerState
2022-03-03 14:18:41,949 [f2c8ddcd-7296-4a0c-a4e5-1b3106edde55@group-1BACA9CB8E95-FollowerState] INFO  impl.FollowerState (FollowerState.java:run(143)) - f2c8ddcd-7296-4a0c-a4e5-1b3106edde55@group-1BACA9CB8E95-FollowerState was interrupted: {}
java.lang.InterruptedException: sleep interrupted
	at java.lang.Thread.sleep(Native Method)
	at java.lang.Thread.sleep(Thread.java:342)
	at java.util.concurrent.TimeUnit.sleep(TimeUnit.java:386)
	at org.apache.ratis.util.TimeDuration.sleep(TimeDuration.java:324)
	at org.apache.ratis.util.TimeDuration.sleep(TimeDuration.java:309)
	at org.apache.ratis.server.impl.FollowerState.run(FollowerState.java:118)
2022-03-03 14:18:41,951 [grpc-default-executor-0] INFO  server.RaftServer$Division (RaftServerImpl.java:requestVote(1078)) - f2c8ddcd-7296-4a0c-a4e5-1b3106edde55@group-1BACA9CB8E95 replies to ELECTION vote request: 730569a9-18c0-4e52-b327-799f192de729<-f2c8ddcd-7296-4a0c-a4e5-1b3106edde55#0:FAIL-t1. Peer's state: f2c8ddcd-7296-4a0c-a4e5-1b3106edde55@group-1BACA9CB8E95:t1, leader=null, voted=null, raftlog=f2c8ddcd-7296-4a0c-a4e5-1b3106edde55@group-1BACA9CB8E95-SegmentedRaftLog:OPENED:c-1, conf=-1: [730569a9-18c0-4e52-b327-799f192de729|rpc:127.0.0.1:37839|dataStream:|priority:0, f2c8ddcd-7296-4a0c-a4e5-1b3106edde55|rpc:127.0.0.1:34023|dataStream:|priority:1, b19705a0-6382-4e36-86d9-fb546cb602cf|rpc:127.0.0.1:44167|dataStream:|priority:0], old=null
2022-03-03 14:18:41,953 [730569a9-18c0-4e52-b327-799f192de729@group-1BACA9CB8E95-LeaderElection12] INFO  impl.LeaderElection (LeaderElection.java:logAndReturn(89)) - 730569a9-18c0-4e52-b327-799f192de729@group-1BACA9CB8E95-LeaderElection12: ELECTION REJECTED received 2 response(s) and 0 exception(s):
2022-03-03 14:18:41,953 [730569a9-18c0-4e52-b327-799f192de729@group-1BACA9CB8E95-LeaderElection12] INFO  impl.LeaderElection (LeaderElection.java:logAndReturn(93)) -   Response 0: 730569a9-18c0-4e52-b327-799f192de729<-f2c8ddcd-7296-4a0c-a4e5-1b3106edde55#0:FAIL-t1
2022-03-03 14:18:41,953 [730569a9-18c0-4e52-b327-799f192de729@group-1BACA9CB8E95-LeaderElection12] INFO  impl.LeaderElection (LeaderElection.java:logAndReturn(93)) -   Response 1: 730569a9-18c0-4e52-b327-799f192de729<-b19705a0-6382-4e36-86d9-fb546cb602cf#0:OK-t1
2022-03-03 14:18:41,953 [730569a9-18c0-4e52-b327-799f192de729@group-1BACA9CB8E95-LeaderElection12] INFO  impl.LeaderElection (LeaderElection.java:askForVotes(308)) - 730569a9-18c0-4e52-b327-799f192de729@group-1BACA9CB8E95-LeaderElection12 ELECTION round 0: result REJECTED
2022-03-03 14:18:41,953 [730569a9-18c0-4e52-b327-799f192de729@group-1BACA9CB8E95-LeaderElection12] INFO  server.RaftServer$Division (RaftServerImpl.java:setRole(290)) - 730569a9-18c0-4e52-b327-799f192de729@group-1BACA9CB8E95: changes role from CANDIDATE to FOLLOWER at term 1 for REJECTED
2022-03-03 14:18:41,953 [730569a9-18c0-4e52-b327-799f192de729@group-1BACA9CB8E95-LeaderElection12] INFO  impl.RoleInfo (RoleInfo.java:shutdownLeaderElection(121)) - 730569a9-18c0-4e52-b327-799f192de729: shutdown 730569a9-18c0-4e52-b327-799f192de729@group-1BACA9CB8E95-LeaderElection12
2022-03-03 14:18:41,953 [730569a9-18c0-4e52-b327-799f192de729@group-1BACA9CB8E95-LeaderElection12] INFO  impl.RoleInfo (RoleInfo.java:updateAndGet(130)) - 730569a9-18c0-4e52-b327-799f192de729: start 730569a9-18c0-4e52-b327-799f192de729@group-1BACA9CB8E95-FollowerState
2022-03-03 14:18:42,125 [f2c8ddcd-7296-4a0c-a4e5-1b3106edde55@group-368786588B77-FollowerState] INFO  impl.FollowerState (FollowerState.java:run(134)) - f2c8ddcd-7296-4a0c-a4e5-1b3106edde55@group-368786588B77-FollowerState: change to CANDIDATE, lastRpcElapsedTime:5074592037ns, electionTimeout:5069ms
2022-03-03 14:18:42,125 [f2c8ddcd-7296-4a0c-a4e5-1b3106edde55@group-368786588B77-FollowerState] INFO  impl.RoleInfo (RoleInfo.java:shutdownFollowerState(108)) - f2c8ddcd-7296-4a0c-a4e5-1b3106edde55: shutdown f2c8ddcd-7296-4a0c-a4e5-1b3106edde55@group-368786588B77-FollowerState
2022-03-03 14:18:42,125 [f2c8ddcd-7296-4a0c-a4e5-1b3106edde55@group-368786588B77-FollowerState] INFO  server.RaftServer$Division (RaftServerImpl.java:setRole(290)) - f2c8ddcd-7296-4a0c-a4e5-1b3106edde55@group-368786588B77: changes role from  FOLLOWER to CANDIDATE at term 0 for changeToCandidate
2022-03-03 14:18:42,127 [f2c8ddcd-7296-4a0c-a4e5-1b3106edde55@group-368786588B77-FollowerState] INFO  server.RaftServerConfigKeys (ConfUtils.java:logGet(44)) - raft.server.leaderelection.pre-vote = false (custom)
2022-03-03 14:18:42,127 [f2c8ddcd-7296-4a0c-a4e5-1b3106edde55@group-368786588B77-FollowerState] INFO  impl.RoleInfo (RoleInfo.java:updateAndGet(130)) - f2c8ddcd-7296-4a0c-a4e5-1b3106edde55: start f2c8ddcd-7296-4a0c-a4e5-1b3106edde55@group-368786588B77-LeaderElection13
2022-03-03 14:18:42,130 [f2c8ddcd-7296-4a0c-a4e5-1b3106edde55@group-368786588B77-LeaderElection13] INFO  impl.LeaderElection (LeaderElection.java:askForVotes(306)) - f2c8ddcd-7296-4a0c-a4e5-1b3106edde55@group-368786588B77-LeaderElection13 ELECTION round 0: submit vote requests at term 1 for -1: [f2c8ddcd-7296-4a0c-a4e5-1b3106edde55|rpc:127.0.0.1:34023|priority:1], old=null
2022-03-03 14:18:42,131 [f2c8ddcd-7296-4a0c-a4e5-1b3106edde55@group-368786588B77-LeaderElection13] INFO  impl.LeaderElection (LeaderElection.java:askForVotes(308)) - f2c8ddcd-7296-4a0c-a4e5-1b3106edde55@group-368786588B77-LeaderElection13 ELECTION round 0: result PASSED (term=1)
2022-03-03 14:18:42,131 [f2c8ddcd-7296-4a0c-a4e5-1b3106edde55@group-368786588B77-LeaderElection13] INFO  impl.RoleInfo (RoleInfo.java:shutdownLeaderElection(121)) - f2c8ddcd-7296-4a0c-a4e5-1b3106edde55: shutdown f2c8ddcd-7296-4a0c-a4e5-1b3106edde55@group-368786588B77-LeaderElection13
2022-03-03 14:18:42,131 [f2c8ddcd-7296-4a0c-a4e5-1b3106edde55@group-368786588B77-LeaderElection13] INFO  server.RaftServer$Division (RaftServerImpl.java:setRole(290)) - f2c8ddcd-7296-4a0c-a4e5-1b3106edde55@group-368786588B77: changes role from CANDIDATE to LEADER at term 1 for changeToLeader
2022-03-03 14:18:42,131 [f2c8ddcd-7296-4a0c-a4e5-1b3106edde55@group-368786588B77-LeaderElection13] INFO  ratis.XceiverServerRatis (XceiverServerRatis.java:handleLeaderChangedNotification(867)) - Leader change notification received for group: group-368786588B77 with new leaderId: f2c8ddcd-7296-4a0c-a4e5-1b3106edde55
2022-03-03 14:18:42,131 [f2c8ddcd-7296-4a0c-a4e5-1b3106edde55@group-368786588B77-LeaderElection13] INFO  server.RaftServer$Division (ServerState.java:setLeader(285)) - f2c8ddcd-7296-4a0c-a4e5-1b3106edde55@group-368786588B77: change Leader from null to f2c8ddcd-7296-4a0c-a4e5-1b3106edde55 at term 1 for becomeLeader, leader elected after 5086ms
2022-03-03 14:18:42,131 [f2c8ddcd-7296-4a0c-a4e5-1b3106edde55@group-368786588B77-LeaderElection13] INFO  server.RaftServerConfigKeys (ConfUtils.java:logGet(44)) - raft.server.staging.catchup.gap = 1000 (default)
2022-03-03 14:18:42,131 [f2c8ddcd-7296-4a0c-a4e5-1b3106edde55@group-368786588B77-LeaderElection13] INFO  server.RaftServerConfigKeys (ConfUtils.java:logGet(44)) - raft.server.write.element-limit = 1024 (custom)
2022-03-03 14:18:42,132 [f2c8ddcd-7296-4a0c-a4e5-1b3106edde55@group-368786588B77-LeaderElection13] INFO  server.RaftServerConfigKeys (ConfUtils.java:logGet(44)) - raft.server.write.byte-limit = 1024 M (=1073741824) (custom)
2022-03-03 14:18:42,132 [f2c8ddcd-7296-4a0c-a4e5-1b3106edde55@group-368786588B77-LeaderElection13] INFO  server.RaftServerConfigKeys (ConfUtils.java:logGet(44)) - raft.server.watch.timeout = 180s (custom)
2022-03-03 14:18:42,132 [f2c8ddcd-7296-4a0c-a4e5-1b3106edde55@group-368786588B77-LeaderElection13] INFO  server.RaftServerConfigKeys (ConfUtils.java:logGet(44)) - raft.server.watch.timeout.denomination = 1s (default)
2022-03-03 14:18:42,132 [f2c8ddcd-7296-4a0c-a4e5-1b3106edde55@group-368786588B77-LeaderElection13] INFO  server.RaftServerConfigKeys (ConfUtils.java:logGet(44)) - raft.server.watch.element-limit = 65536 (default)
2022-03-03 14:18:42,132 [f2c8ddcd-7296-4a0c-a4e5-1b3106edde55@group-368786588B77-LeaderElection13] INFO  server.RaftServerConfigKeys (ConfUtils.java:logGet(44)) - raft.server.write.element-limit = 1024 (custom)
2022-03-03 14:18:42,132 [f2c8ddcd-7296-4a0c-a4e5-1b3106edde55@group-368786588B77-LeaderElection13] INFO  server.RaftServerConfigKeys (ConfUtils.java:logGet(44)) - raft.server.write.follower.gap.ratio.max = -1.0 (default)
2022-03-03 14:18:42,132 [f2c8ddcd-7296-4a0c-a4e5-1b3106edde55@group-368786588B77-LeaderElection13] INFO  impl.RoleInfo (RoleInfo.java:updateAndGet(130)) - f2c8ddcd-7296-4a0c-a4e5-1b3106edde55: start f2c8ddcd-7296-4a0c-a4e5-1b3106edde55@group-368786588B77-LeaderStateImpl
2022-03-03 14:18:42,133 [f2c8ddcd-7296-4a0c-a4e5-1b3106edde55@group-368786588B77-LeaderElection13] INFO  segmented.SegmentedRaftLogWorker (SegmentedRaftLogWorker.java:startLogSegment(394)) - f2c8ddcd-7296-4a0c-a4e5-1b3106edde55@group-368786588B77-SegmentedRaftLogWorker: Starting segment from index:0
2022-03-03 14:18:42,136 [EventQueue-OpenPipelineForHealthyPipelineSafeModeRule] INFO  safemode.SCMSafeModeManager (HealthyPipelineSafeModeRule.java:process(124)) - SCM in safe mode. Healthy pipelines reported count is 0, required healthy pipeline reported count is 1
2022-03-03 14:18:42,142 [EventQueue-OpenPipelineForHealthyPipelineSafeModeRule] INFO  safemode.SCMSafeModeManager (HealthyPipelineSafeModeRule.java:process(124)) - SCM in safe mode. Healthy pipelines reported count is 1, required healthy pipeline reported count is 1
2022-03-03 14:18:42,142 [EventQueue-OpenPipelineForHealthyPipelineSafeModeRule] INFO  safemode.SCMSafeModeManager (SCMSafeModeManager.java:validateSafeModeExitRules(204)) - HealthyPipelineSafeModeRule rule is successfully validated
2022-03-03 14:18:42,142 [EventQueue-OpenPipelineForHealthyPipelineSafeModeRule] INFO  safemode.SCMSafeModeManager (SCMSafeModeManager.java:validateSafeModeExitRules(219)) - ScmSafeModeManager, all rules are successfully validated
2022-03-03 14:18:42,143 [EventQueue-OpenPipelineForHealthyPipelineSafeModeRule] INFO  safemode.SCMSafeModeManager (SCMSafeModeManager.java:exitSafeMode(248)) - SCM exiting safe mode.
2022-03-03 14:18:42,141 [f2c8ddcd-7296-4a0c-a4e5-1b3106edde55@group-368786588B77-SegmentedRaftLogWorker] INFO  segmented.SegmentedRaftLogWorker (SegmentedRaftLogWorker.java:execute(601)) - f2c8ddcd-7296-4a0c-a4e5-1b3106edde55@group-368786588B77-SegmentedRaftLogWorker: created new log segment /home/runner/work/ozone/ozone/hadoop-ozone/integration-test/target/test-dir/MiniOzoneClusterImpl-0274ca87-c068-4a4d-855f-b1ef4eb933b0/datanode-1/data/ratis/1a16404a-c875-4870-b480-368786588b77/current/log_inprogress_0
2022-03-03 14:18:42,144 [EventQueue-OpenPipelineForHealthyPipelineSafeModeRule] INFO  safemode.SCMSafeModeManager (HealthyPipelineSafeModeRule.java:process(124)) - SCM in safe mode. Healthy pipelines reported count is 0, required healthy pipeline reported count is 1
2022-03-03 14:18:42,144 [EventQueue-OpenPipelineForHealthyPipelineSafeModeRule] INFO  safemode.SCMSafeModeManager (HealthyPipelineSafeModeRule.java:process(124)) - SCM in safe mode. Healthy pipelines reported count is 1, required healthy pipeline reported count is 1
2022-03-03 14:18:42,144 [EventQueue-OpenPipelineForHealthyPipelineSafeModeRule] INFO  safemode.SCMSafeModeManager (SCMSafeModeManager.java:validateSafeModeExitRules(204)) - HealthyPipelineSafeModeRule rule is successfully validated
2022-03-03 14:18:42,144 [EventQueue-OpenPipelineForHealthyPipelineSafeModeRule] INFO  safemode.SCMSafeModeManager (SCMSafeModeManager.java:validateSafeModeExitRules(219)) - ScmSafeModeManager, all rules are successfully validated
2022-03-03 14:18:42,144 [EventQueue-OpenPipelineForHealthyPipelineSafeModeRule] INFO  safemode.SCMSafeModeManager (SCMSafeModeManager.java:exitSafeMode(248)) - SCM exiting safe mode.
2022-03-03 14:18:42,144 [EventQueue-OpenPipelineForHealthyPipelineSafeModeRule] WARN  events.EventQueue (EventQueue.java:fireEvent(194)) - No event handler registered for event TypedEvent{payloadType=SafeModeStatus, name='Safe mode status'}
2022-03-03 14:18:42,144 [EventQueue-OpenPipelineForHealthyPipelineSafeModeRule] INFO  ha.SCMContext (SCMContext.java:updateSafeModeStatus(211)) - Update SafeModeStatus from SafeModeStatus{safeModeStatus=true, preCheckPassed=true} to SafeModeStatus{safeModeStatus=false, preCheckPassed=true}.
2022-03-03 14:18:42,143 [EventQueue-OpenPipelineForHealthyPipelineSafeModeRule] WARN  events.EventQueue (EventQueue.java:fireEvent(194)) - No event handler registered for event TypedEvent{payloadType=SafeModeStatus, name='Safe mode status'}
2022-03-03 14:18:42,144 [EventQueue-OpenPipelineForHealthyPipelineSafeModeRule] INFO  ha.SCMContext (SCMContext.java:updateSafeModeStatus(211)) - Update SafeModeStatus from SafeModeStatus{safeModeStatus=true, preCheckPassed=true} to SafeModeStatus{safeModeStatus=false, preCheckPassed=true}.
2022-03-03 14:18:42,145 [f2c8ddcd-7296-4a0c-a4e5-1b3106edde55@group-368786588B77-LeaderElection13] INFO  server.RaftServer$Division (ServerState.java:setRaftConf(387)) - f2c8ddcd-7296-4a0c-a4e5-1b3106edde55@group-368786588B77: set configuration 0: [f2c8ddcd-7296-4a0c-a4e5-1b3106edde55|rpc:127.0.0.1:34023|dataStream:|priority:1], old=null
2022-03-03 14:18:42,215 [Listener at 127.0.0.1/34469] INFO  ozone.MiniOzoneClusterImpl (MiniOzoneClusterImpl.java:lambda$waitForClusterToBeReady$0(219)) - Nodes are ready. Got 3 of 3 DN Heartbeats.
2022-03-03 14:18:42,216 [Listener at 127.0.0.1/34469] INFO  ozone.MiniOzoneClusterImpl (MiniOzoneClusterImpl.java:lambda$waitForClusterToBeReady$0(222)) - Cluster exits safe mode
2022-03-03 14:18:42,216 [Listener at 127.0.0.1/34469] INFO  ozone.MiniOzoneClusterImpl (MiniOzoneClusterImpl.java:lambda$waitForClusterToBeReady$0(224)) - SCM became leader
2022-03-03 14:18:42,223 [b19705a0-6382-4e36-86d9-fb546cb602cf@group-C5160FB0F25F-FollowerState] INFO  impl.FollowerState (FollowerState.java:run(134)) - b19705a0-6382-4e36-86d9-fb546cb602cf@group-C5160FB0F25F-FollowerState: change to CANDIDATE, lastRpcElapsedTime:5001992704ns, electionTimeout:5000ms
2022-03-03 14:18:42,224 [b19705a0-6382-4e36-86d9-fb546cb602cf@group-C5160FB0F25F-FollowerState] INFO  impl.RoleInfo (RoleInfo.java:shutdownFollowerState(108)) - b19705a0-6382-4e36-86d9-fb546cb602cf: shutdown b19705a0-6382-4e36-86d9-fb546cb602cf@group-C5160FB0F25F-FollowerState
2022-03-03 14:18:42,224 [b19705a0-6382-4e36-86d9-fb546cb602cf@group-C5160FB0F25F-FollowerState] INFO  server.RaftServer$Division (RaftServerImpl.java:setRole(290)) - b19705a0-6382-4e36-86d9-fb546cb602cf@group-C5160FB0F25F: changes role from  FOLLOWER to CANDIDATE at term 0 for changeToCandidate
2022-03-03 14:18:42,225 [b19705a0-6382-4e36-86d9-fb546cb602cf@group-C5160FB0F25F-FollowerState] INFO  server.RaftServerConfigKeys (ConfUtils.java:logGet(44)) - raft.server.leaderelection.pre-vote = false (custom)
2022-03-03 14:18:42,226 [b19705a0-6382-4e36-86d9-fb546cb602cf@group-C5160FB0F25F-FollowerState] INFO  impl.RoleInfo (RoleInfo.java:updateAndGet(130)) - b19705a0-6382-4e36-86d9-fb546cb602cf: start b19705a0-6382-4e36-86d9-fb546cb602cf@group-C5160FB0F25F-LeaderElection14
2022-03-03 14:18:42,228 [b19705a0-6382-4e36-86d9-fb546cb602cf@group-C5160FB0F25F-LeaderElection14] INFO  impl.LeaderElection (LeaderElection.java:askForVotes(306)) - b19705a0-6382-4e36-86d9-fb546cb602cf@group-C5160FB0F25F-LeaderElection14 ELECTION round 0: submit vote requests at term 1 for -1: [b19705a0-6382-4e36-86d9-fb546cb602cf|rpc:127.0.0.1:44167|priority:1], old=null
2022-03-03 14:18:42,229 [b19705a0-6382-4e36-86d9-fb546cb602cf@group-C5160FB0F25F-LeaderElection14] INFO  impl.LeaderElection (LeaderElection.java:askForVotes(308)) - b19705a0-6382-4e36-86d9-fb546cb602cf@group-C5160FB0F25F-LeaderElection14 ELECTION round 0: result PASSED (term=1)
2022-03-03 14:18:42,229 [b19705a0-6382-4e36-86d9-fb546cb602cf@group-C5160FB0F25F-LeaderElection14] INFO  impl.RoleInfo (RoleInfo.java:shutdownLeaderElection(121)) - b19705a0-6382-4e36-86d9-fb546cb602cf: shutdown b19705a0-6382-4e36-86d9-fb546cb602cf@group-C5160FB0F25F-LeaderElection14
2022-03-03 14:18:42,229 [b19705a0-6382-4e36-86d9-fb546cb602cf@group-C5160FB0F25F-LeaderElection14] INFO  server.RaftServer$Division (RaftServerImpl.java:setRole(290)) - b19705a0-6382-4e36-86d9-fb546cb602cf@group-C5160FB0F25F: changes role from CANDIDATE to LEADER at term 1 for changeToLeader
2022-03-03 14:18:42,229 [b19705a0-6382-4e36-86d9-fb546cb602cf@group-C5160FB0F25F-LeaderElection14] INFO  ratis.XceiverServerRatis (XceiverServerRatis.java:handleLeaderChangedNotification(867)) - Leader change notification received for group: group-C5160FB0F25F with new leaderId: b19705a0-6382-4e36-86d9-fb546cb602cf
2022-03-03 14:18:42,229 [b19705a0-6382-4e36-86d9-fb546cb602cf@group-C5160FB0F25F-LeaderElection14] INFO  server.RaftServer$Division (ServerState.java:setLeader(285)) - b19705a0-6382-4e36-86d9-fb546cb602cf@group-C5160FB0F25F: change Leader from null to b19705a0-6382-4e36-86d9-fb546cb602cf at term 1 for becomeLeader, leader elected after 5017ms
2022-03-03 14:18:42,229 [b19705a0-6382-4e36-86d9-fb546cb602cf@group-C5160FB0F25F-LeaderElection14] INFO  server.RaftServerConfigKeys (ConfUtils.java:logGet(44)) - raft.server.staging.catchup.gap = 1000 (default)
2022-03-03 14:18:42,230 [b19705a0-6382-4e36-86d9-fb546cb602cf@group-C5160FB0F25F-LeaderElection14] INFO  server.RaftServerConfigKeys (ConfUtils.java:logGet(44)) - raft.server.write.element-limit = 1024 (custom)
2022-03-03 14:18:42,230 [b19705a0-6382-4e36-86d9-fb546cb602cf@group-C5160FB0F25F-LeaderElection14] INFO  server.RaftServerConfigKeys (ConfUtils.java:logGet(44)) - raft.server.write.byte-limit = 1024 M (=1073741824) (custom)
2022-03-03 14:18:42,230 [b19705a0-6382-4e36-86d9-fb546cb602cf@group-C5160FB0F25F-LeaderElection14] INFO  server.RaftServerConfigKeys (ConfUtils.java:logGet(44)) - raft.server.watch.timeout = 180s (custom)
2022-03-03 14:18:42,230 [b19705a0-6382-4e36-86d9-fb546cb602cf@group-C5160FB0F25F-LeaderElection14] INFO  server.RaftServerConfigKeys (ConfUtils.java:logGet(44)) - raft.server.watch.timeout.denomination = 1s (default)
2022-03-03 14:18:42,230 [b19705a0-6382-4e36-86d9-fb546cb602cf@group-C5160FB0F25F-LeaderElection14] INFO  server.RaftServerConfigKeys (ConfUtils.java:logGet(44)) - raft.server.watch.element-limit = 65536 (default)
2022-03-03 14:18:42,230 [b19705a0-6382-4e36-86d9-fb546cb602cf@group-C5160FB0F25F-LeaderElection14] INFO  server.RaftServerConfigKeys (ConfUtils.java:logGet(44)) - raft.server.write.element-limit = 1024 (custom)
2022-03-03 14:18:42,230 [b19705a0-6382-4e36-86d9-fb546cb602cf@group-C5160FB0F25F-LeaderElection14] INFO  server.RaftServerConfigKeys (ConfUtils.java:logGet(44)) - raft.server.write.follower.gap.ratio.max = -1.0 (default)
2022-03-03 14:18:42,230 [b19705a0-6382-4e36-86d9-fb546cb602cf@group-C5160FB0F25F-LeaderElection14] INFO  impl.RoleInfo (RoleInfo.java:updateAndGet(130)) - b19705a0-6382-4e36-86d9-fb546cb602cf: start b19705a0-6382-4e36-86d9-fb546cb602cf@group-C5160FB0F25F-LeaderStateImpl
2022-03-03 14:18:42,231 [b19705a0-6382-4e36-86d9-fb546cb602cf@group-C5160FB0F25F-LeaderElection14] INFO  segmented.SegmentedRaftLogWorker (SegmentedRaftLogWorker.java:startLogSegment(394)) - b19705a0-6382-4e36-86d9-fb546cb602cf@group-C5160FB0F25F-SegmentedRaftLogWorker: Starting segment from index:0
2022-03-03 14:18:42,232 [b19705a0-6382-4e36-86d9-fb546cb602cf@group-C5160FB0F25F-SegmentedRaftLogWorker] INFO  segmented.SegmentedRaftLogWorker (SegmentedRaftLogWorker.java:execute(601)) - b19705a0-6382-4e36-86d9-fb546cb602cf@group-C5160FB0F25F-SegmentedRaftLogWorker: created new log segment /home/runner/work/ozone/ozone/hadoop-ozone/integration-test/target/test-dir/MiniOzoneClusterImpl-0274ca87-c068-4a4d-855f-b1ef4eb933b0/datanode-2/data/ratis/5821992f-f8cc-4337-9ac8-c5160fb0f25f/current/log_inprogress_0
2022-03-03 14:18:42,243 [b19705a0-6382-4e36-86d9-fb546cb602cf@group-C5160FB0F25F-LeaderElection14] INFO  server.RaftServer$Division (ServerState.java:setRaftConf(387)) - b19705a0-6382-4e36-86d9-fb546cb602cf@group-C5160FB0F25F: set configuration 0: [b19705a0-6382-4e36-86d9-fb546cb602cf|rpc:127.0.0.1:44167|dataStream:|priority:1], old=null
2022-03-03 14:18:42,437 [Listener at 127.0.0.1/34469] INFO  rpc.RpcClient (RpcClient.java:createVolume(399)) - Creating Volume: 1c754b4f-1126-4c84-af0c-b87a7c102bca, with runner as owner and space quota set to -1 bytes, counts quota set to -1
2022-03-03 14:18:42,522 [Listener at 127.0.0.1/34469] INFO  retry.RetryInvocationHandler (RetryInvocationHandler.java:log(411)) - com.google.protobuf.ServiceException: org.apache.hadoop.ipc.RemoteException(org.apache.hadoop.ozone.om.exceptions.OMNotLeaderException): OM:omNode-2 is not the leader. Could not determine the leader node.
	at org.apache.hadoop.ozone.om.ratis.utils.OzoneManagerRatisUtils.createNotLeaderException(OzoneManagerRatisUtils.java:360)
	at org.apache.hadoop.ozone.om.ratis.utils.OzoneManagerRatisUtils.checkLeaderStatus(OzoneManagerRatisUtils.java:346)
	at org.apache.hadoop.ozone.protocolPB.OzoneManagerProtocolServerSideTranslatorPB.checkLeaderStatus(OzoneManagerProtocolServerSideTranslatorPB.java:279)
	at org.apache.hadoop.ozone.protocolPB.OzoneManagerProtocolServerSideTranslatorPB.processRequest(OzoneManagerProtocolServerSideTranslatorPB.java:158)
	at org.apache.hadoop.hdds.server.OzoneProtocolMessageDispatcher.processRequest(OzoneProtocolMessageDispatcher.java:87)
	at org.apache.hadoop.ozone.protocolPB.OzoneManagerProtocolServerSideTranslatorPB.submitRequest(OzoneManagerProtocolServerSideTranslatorPB.java:124)
	at org.apache.hadoop.ozone.protocol.proto.OzoneManagerProtocolProtos$OzoneManagerService$2.callBlockingMethod(OzoneManagerProtocolProtos.java)
	at org.apache.hadoop.ipc.ProtobufRpcEngine$Server.processCall(ProtobufRpcEngine.java:466)
	at org.apache.hadoop.ipc.ProtobufRpcEngine2$Server$ProtoBufRpcInvoker.call(ProtobufRpcEngine2.java:574)
	at org.apache.hadoop.ipc.ProtobufRpcEngine2$Server$ProtoBufRpcInvoker.call(ProtobufRpcEngine2.java:552)
	at org.apache.hadoop.ipc.RPC$Server.call(RPC.java:1093)
	at org.apache.hadoop.ipc.Server$RpcCall.run(Server.java:1035)
	at org.apache.hadoop.ipc.Server$RpcCall.run(Server.java:963)
	at java.security.AccessController.doPrivileged(Native Method)
	at javax.security.auth.Subject.doAs(Subject.java:422)
	at org.apache.hadoop.security.UserGroupInformation.doAs(UserGroupInformation.java:1878)
	at org.apache.hadoop.ipc.Server$Handler.run(Server.java:2966)
, while invoking $Proxy50.submitRequest over nodeId=omNode-2,nodeAddress=127.0.0.1:42271 after 1 failover attempts. Trying to failover immediately.
2022-03-03 14:18:42,686 [OM StateMachine ApplyTransaction Thread - 0] INFO  volume.OMVolumeCreateRequest (OMVolumeCreateRequest.java:validateAndUpdateCache(195)) - created volume:1c754b4f-1126-4c84-af0c-b87a7c102bca for user:runner
2022-03-03 14:18:42,693 [OM StateMachine ApplyTransaction Thread - 0] INFO  volume.OMVolumeCreateRequest (OMVolumeCreateRequest.java:validateAndUpdateCache(195)) - created volume:1c754b4f-1126-4c84-af0c-b87a7c102bca for user:runner
2022-03-03 14:18:42,687 [OM StateMachine ApplyTransaction Thread - 0] INFO  volume.OMVolumeCreateRequest (OMVolumeCreateRequest.java:validateAndUpdateCache(195)) - created volume:1c754b4f-1126-4c84-af0c-b87a7c102bca for user:runner
2022-03-03 14:18:42,719 [Listener at 127.0.0.1/34469] INFO  rpc.RpcClient (RpcClient.java:createBucket(562)) - Creating Bucket: 1c754b4f-1126-4c84-af0c-b87a7c102bca/1a74c572-b4b8-40eb-9f27-4acc72fd1906, with runner as owner and Versioning false and Storage Type set to DISK and Encryption set to false 
2022-03-03 14:18:42,743 [Listener at 127.0.0.1/34469] INFO  ozone.MiniOzoneHAClusterImpl (MiniOzoneHAClusterImpl.java:stop(308)) - Stopping the OzoneManager omNode-3
2022-03-03 14:18:42,743 [Listener at 127.0.0.1/34469] INFO  om.OzoneManager (OzoneManager.java:stop(1893)) - omNode-3[localhost:34469]: Stopping Ozone Manager
2022-03-03 14:18:42,743 [Listener at 127.0.0.1/34469] INFO  ipc.Server (Server.java:stop(3414)) - Stopping server on 34469
2022-03-03 14:18:42,758 [IPC Server Responder] INFO  ipc.Server (Server.java:run(1512)) - Stopping IPC Server Responder
2022-03-03 14:18:42,759 [Listener at 127.0.0.1/34469] INFO  server.RaftServer (RaftServerProxy.java:lambda$close$6(391)) - omNode-3: close
2022-03-03 14:18:42,759 [IPC Server listener on 34469] INFO  ipc.Server (Server.java:run(1376)) - Stopping IPC Server listener on 34469
2022-03-03 14:18:42,759 [Listener at 127.0.0.1/34469] INFO  server.RaftServer$Division (RaftServerImpl.java:lambda$close$4(412)) - omNode-3@group-6C22E66A003A: shutdown
2022-03-03 14:18:42,759 [Listener at 127.0.0.1/34469] INFO  util.JmxRegister (JmxRegister.java:unregister(73)) - Successfully un-registered JMX Bean with object name Ratis:service=RaftServer,group=group-6C22E66A003A,id=omNode-3
2022-03-03 14:18:42,759 [Listener at 127.0.0.1/34469] INFO  impl.RoleInfo (RoleInfo.java:shutdownLeaderState(91)) - omNode-3: shutdown omNode-3@group-6C22E66A003A-LeaderStateImpl
2022-03-03 14:18:42,759 [Listener at 127.0.0.1/34469] INFO  impl.PendingRequests (PendingRequests.java:sendNotLeaderResponses(282)) - omNode-3@group-6C22E66A003A-PendingRequests: sendNotLeaderResponses
2022-03-03 14:18:42,759 [omNode-3@group-6C22E66A003A->omNode-1-GrpcLogAppender-LogAppenderDaemon] WARN  server.GrpcLogAppender (GrpcLogAppender.java:mayWait(177)) - omNode-3@group-6C22E66A003A->omNode-1-GrpcLogAppender: Wait interrupted by java.lang.InterruptedException
2022-03-03 14:18:42,759 [omNode-3@group-6C22E66A003A->omNode-2-GrpcLogAppender-LogAppenderDaemon] WARN  server.GrpcLogAppender (GrpcLogAppender.java:mayWait(177)) - omNode-3@group-6C22E66A003A->omNode-2-GrpcLogAppender: Wait interrupted by java.lang.InterruptedException
2022-03-03 14:18:42,760 [grpc-default-executor-3] INFO  server.GrpcServerProtocolService (GrpcServerProtocolService.java:onCompleted(140)) - omNode-1: Completed APPEND_ENTRIES, lastRequest: omNode-3->omNode-1#97-t5,previous=(t:5, i:5),leaderCommit=5,initializing? true,entries: size=1, first=(t:5, i:6), METADATAENTRY(c:5)
2022-03-03 14:18:42,761 [grpc-default-executor-0] INFO  server.GrpcServerProtocolService (GrpcServerProtocolService.java:onCompleted(140)) - omNode-2: Completed APPEND_ENTRIES, lastRequest: omNode-3->omNode-2#102-t5,previous=(t:5, i:5),leaderCommit=5,initializing? true,entries: size=1, first=(t:5, i:6), METADATAENTRY(c:5)
2022-03-03 14:18:42,761 [grpc-default-executor-1] INFO  server.GrpcLogAppender (GrpcLogAppender.java:onCompleted(346)) - omNode-3@group-6C22E66A003A->omNode-2-AppendLogResponseHandler: follower responses appendEntries COMPLETED
2022-03-03 14:18:42,762 [grpc-default-executor-1] INFO  leader.FollowerInfo (FollowerInfoImpl.java:lambda$new$0(47)) - omNode-3@group-6C22E66A003A->omNode-2: nextIndex: updateUnconditionally 7 -> 6
2022-03-03 14:18:42,762 [grpc-default-executor-2] INFO  server.GrpcLogAppender (GrpcLogAppender.java:onCompleted(346)) - omNode-3@group-6C22E66A003A->omNode-1-AppendLogResponseHandler: follower responses appendEntries COMPLETED
2022-03-03 14:18:42,767 [grpc-default-executor-2] INFO  leader.FollowerInfo (FollowerInfoImpl.java:lambda$new$0(47)) - omNode-3@group-6C22E66A003A->omNode-1: nextIndex: updateUnconditionally 7 -> 6
2022-03-03 14:18:42,767 [Listener at 127.0.0.1/34469] INFO  impl.StateMachineUpdater (StateMachineUpdater.java:stopAndJoin(149)) - omNode-3@group-6C22E66A003A-StateMachineUpdater: set stopIndex = 6
2022-03-03 14:18:42,767 [omNode-3@group-6C22E66A003A-StateMachineUpdater] INFO  ratis.OzoneManagerStateMachine (OzoneManagerStateMachine.java:takeSnapshot(417)) - Current Snapshot Index (t:5, i:6)
2022-03-03 14:18:42,767 [omNode-3@group-6C22E66A003A-StateMachineUpdater] INFO  impl.StateMachineUpdater (StateMachineUpdater.java:takeSnapshot(281)) - omNode-3@group-6C22E66A003A-StateMachineUpdater: Took a snapshot at index 6
2022-03-03 14:18:42,767 [omNode-3@group-6C22E66A003A-StateMachineUpdater] INFO  impl.StateMachineUpdater (StateMachineUpdater.java:lambda$new$0(89)) - omNode-3@group-6C22E66A003A-StateMachineUpdater: snapshotIndex: updateIncreasingly -1 -> 6
2022-03-03 14:18:42,767 [omNode-3@group-6C22E66A003A-StateMachineUpdater] INFO  ratis.OzoneManagerStateMachine (OzoneManagerStateMachine.java:close(471)) - StateMachine has shutdown. Shutdown OzoneManager if not already shutdown.
2022-03-03 14:18:42,768 [Listener at 127.0.0.1/34469] INFO  server.RaftServer$Division (ServerState.java:close(419)) - omNode-3@group-6C22E66A003A: closes. applyIndex: 6
2022-03-03 14:18:42,768 [omNode-3@group-6C22E66A003A-SegmentedRaftLogWorker] INFO  segmented.SegmentedRaftLogWorker (SegmentedRaftLogWorker.java:run(327)) - omNode-3@group-6C22E66A003A-SegmentedRaftLogWorker was interrupted, exiting. There are 0 tasks remaining in the queue.
2022-03-03 14:18:42,769 [Listener at 127.0.0.1/34469] INFO  segmented.SegmentedRaftLogWorker (SegmentedRaftLogWorker.java:close(237)) - omNode-3@group-6C22E66A003A-SegmentedRaftLogWorker close()
2022-03-03 14:18:42,771 [Listener at 127.0.0.1/34469] INFO  server.GrpcService (GrpcService.java:closeImpl(262)) - omNode-3: shutdown server with port 35037 now
2022-03-03 14:18:42,782 [Listener at 127.0.0.1/34469] INFO  server.GrpcService (GrpcService.java:closeImpl(271)) - omNode-3: shutdown server with port 35037 successfully
2022-03-03 14:18:42,782 [org.apache.ratis.util.JvmPauseMonitor$$Lambda$435/453351332@6b89c741] INFO  util.JvmPauseMonitor (JvmPauseMonitor.java:run(109)) - JvmPauseMonitor-omNode-3: Stopped
2022-03-03 14:18:42,782 [Listener at 127.0.0.1/34469] INFO  ratis.OzoneManagerDoubleBuffer (OzoneManagerDoubleBuffer.java:stop(437)) - Stopping OMDoubleBuffer flush thread
2022-03-03 14:18:42,782 [OMDoubleBufferFlushThread] INFO  ratis.OzoneManagerDoubleBuffer (OzoneManagerDoubleBuffer.java:flushTransactions(356)) - OMDoubleBuffer flush thread OMDoubleBufferFlushThread is interrupted and will exit. OMDoubleBufferFlushThread
2022-03-03 14:18:42,782 [Listener at 127.0.0.1/34469] INFO  utils.BackgroundService (BackgroundService.java:shutdown(132)) - Shutting down service KeyDeletingService
2022-03-03 14:18:42,783 [Listener at 127.0.0.1/34469] INFO  utils.BackgroundService (BackgroundService.java:shutdown(132)) - Shutting down service DirectoryDeletingService
2022-03-03 14:18:42,785 [Listener at 127.0.0.1/34469] INFO  handler.ContextHandler (ContextHandler.java:doStop(1153)) - Stopped o.e.j.w.WebAppContext@7972e75b{ozoneManager,/,null,STOPPED}{file:/home/runner/work/ozone/ozone/hadoop-ozone/integration-test/target/test-classes/webapps/ozoneManager}
2022-03-03 14:18:42,788 [Listener at 127.0.0.1/34469] INFO  server.AbstractConnector (AbstractConnector.java:doStop(381)) - Stopped ServerConnector@340c684{HTTP/1.1, (http/1.1)}{0.0.0.0:36309}
2022-03-03 14:18:42,788 [Listener at 127.0.0.1/34469] INFO  server.session (HouseKeeper.java:stopScavenging(149)) - node0 Stopped scavenging
2022-03-03 14:18:42,788 [Listener at 127.0.0.1/34469] INFO  handler.ContextHandler (ContextHandler.java:doStop(1153)) - Stopped o.e.j.s.ServletContextHandler@41f222e1{static,/static,file:///home/runner/work/ozone/ozone/hadoop-ozone/integration-test/target/test-classes/webapps/static,STOPPED}
2022-03-03 14:18:42,788 [Listener at 127.0.0.1/34469] INFO  handler.ContextHandler (ContextHandler.java:doStop(1153)) - Stopped o.e.j.s.ServletContextHandler@1e670e32{logs,/logs,file:///home/runner/work/ozone/ozone/hadoop-ozone/integration-test/target/log,STOPPED}
2022-03-03 14:18:42,792 [Listener at 127.0.0.1/34469] INFO  ozone.MiniOzoneHAClusterImpl (MiniOzoneHAClusterImpl.java:stop(308)) - Stopping the OzoneManager omNode-1
2022-03-03 14:18:42,792 [Listener at 127.0.0.1/34469] INFO  om.OzoneManager (OzoneManager.java:stop(1893)) - omNode-1[localhost:42585]: Stopping Ozone Manager
2022-03-03 14:18:42,792 [Listener at 127.0.0.1/34469] INFO  ipc.Server (Server.java:stop(3414)) - Stopping server on 42585
2022-03-03 14:18:42,794 [IPC Server listener on 42585] INFO  ipc.Server (Server.java:run(1376)) - Stopping IPC Server listener on 42585
2022-03-03 14:18:42,795 [IPC Server Responder] INFO  ipc.Server (Server.java:run(1512)) - Stopping IPC Server Responder
2022-03-03 14:18:42,796 [Listener at 127.0.0.1/34469] INFO  server.RaftServer (RaftServerProxy.java:lambda$close$6(391)) - omNode-1: close
2022-03-03 14:18:42,797 [Listener at 127.0.0.1/34469] INFO  server.RaftServer$Division (RaftServerImpl.java:lambda$close$4(412)) - omNode-1@group-6C22E66A003A: shutdown
2022-03-03 14:18:42,797 [Listener at 127.0.0.1/34469] INFO  util.JmxRegister (JmxRegister.java:unregister(73)) - Successfully un-registered JMX Bean with object name Ratis:service=RaftServer,group=group-6C22E66A003A,id=omNode-1
2022-03-03 14:18:42,797 [Listener at 127.0.0.1/34469] INFO  impl.RoleInfo (RoleInfo.java:shutdownFollowerState(108)) - omNode-1: shutdown omNode-1@group-6C22E66A003A-FollowerState
2022-03-03 14:18:42,797 [omNode-1@group-6C22E66A003A-FollowerState] INFO  impl.FollowerState (FollowerState.java:run(143)) - omNode-1@group-6C22E66A003A-FollowerState was interrupted: {}
java.lang.InterruptedException: sleep interrupted
	at java.lang.Thread.sleep(Native Method)
	at java.lang.Thread.sleep(Thread.java:342)
	at java.util.concurrent.TimeUnit.sleep(TimeUnit.java:386)
	at org.apache.ratis.util.TimeDuration.sleep(TimeDuration.java:324)
	at org.apache.ratis.util.TimeDuration.sleep(TimeDuration.java:309)
	at org.apache.ratis.server.impl.FollowerState.run(FollowerState.java:118)
2022-03-03 14:18:42,797 [Listener at 127.0.0.1/34469] INFO  impl.StateMachineUpdater (StateMachineUpdater.java:stopAndJoin(149)) - omNode-1@group-6C22E66A003A-StateMachineUpdater: set stopIndex = 5
2022-03-03 14:18:42,797 [omNode-1@group-6C22E66A003A-StateMachineUpdater] INFO  ratis.OzoneManagerStateMachine (OzoneManagerStateMachine.java:takeSnapshot(417)) - Current Snapshot Index (t:5, i:5)
2022-03-03 14:18:42,798 [omNode-1@group-6C22E66A003A-StateMachineUpdater] INFO  impl.StateMachineUpdater (StateMachineUpdater.java:takeSnapshot(281)) - omNode-1@group-6C22E66A003A-StateMachineUpdater: Took a snapshot at index 5
2022-03-03 14:18:42,798 [omNode-1@group-6C22E66A003A-StateMachineUpdater] INFO  impl.StateMachineUpdater (StateMachineUpdater.java:lambda$new$0(89)) - omNode-1@group-6C22E66A003A-StateMachineUpdater: snapshotIndex: updateIncreasingly -1 -> 5
2022-03-03 14:18:42,798 [omNode-1@group-6C22E66A003A-StateMachineUpdater] INFO  ratis.OzoneManagerStateMachine (OzoneManagerStateMachine.java:close(471)) - StateMachine has shutdown. Shutdown OzoneManager if not already shutdown.
2022-03-03 14:18:42,798 [Listener at 127.0.0.1/34469] INFO  server.RaftServer$Division (ServerState.java:close(419)) - omNode-1@group-6C22E66A003A: closes. applyIndex: 5
2022-03-03 14:18:42,798 [omNode-1@group-6C22E66A003A-SegmentedRaftLogWorker] INFO  segmented.SegmentedRaftLogWorker (SegmentedRaftLogWorker.java:run(327)) - omNode-1@group-6C22E66A003A-SegmentedRaftLogWorker was interrupted, exiting. There are 0 tasks remaining in the queue.
2022-03-03 14:18:42,799 [Listener at 127.0.0.1/34469] INFO  segmented.SegmentedRaftLogWorker (SegmentedRaftLogWorker.java:close(237)) - omNode-1@group-6C22E66A003A-SegmentedRaftLogWorker close()
2022-03-03 14:18:42,801 [Listener at 127.0.0.1/34469] INFO  server.GrpcService (GrpcService.java:closeImpl(262)) - omNode-1: shutdown server with port 39721 now
2022-03-03 14:18:42,808 [Listener at 127.0.0.1/34469] INFO  server.GrpcService (GrpcService.java:closeImpl(271)) - omNode-1: shutdown server with port 39721 successfully
2022-03-03 14:18:42,809 [org.apache.ratis.util.JvmPauseMonitor$$Lambda$435/453351332@6c99df05] INFO  util.JvmPauseMonitor (JvmPauseMonitor.java:run(109)) - JvmPauseMonitor-omNode-1: Stopped
2022-03-03 14:18:42,809 [Listener at 127.0.0.1/34469] INFO  ratis.OzoneManagerDoubleBuffer (OzoneManagerDoubleBuffer.java:stop(437)) - Stopping OMDoubleBuffer flush thread
2022-03-03 14:18:42,809 [OMDoubleBufferFlushThread] INFO  ratis.OzoneManagerDoubleBuffer (OzoneManagerDoubleBuffer.java:flushTransactions(356)) - OMDoubleBuffer flush thread OMDoubleBufferFlushThread is interrupted and will exit. OMDoubleBufferFlushThread
2022-03-03 14:18:42,810 [Listener at 127.0.0.1/34469] INFO  utils.BackgroundService (BackgroundService.java:shutdown(132)) - Shutting down service KeyDeletingService
2022-03-03 14:18:42,810 [Listener at 127.0.0.1/34469] INFO  utils.BackgroundService (BackgroundService.java:shutdown(132)) - Shutting down service DirectoryDeletingService
2022-03-03 14:18:42,815 [Listener at 127.0.0.1/34469] INFO  handler.ContextHandler (ContextHandler.java:doStop(1153)) - Stopped o.e.j.w.WebAppContext@66aae4c5{ozoneManager,/,null,STOPPED}{file:/home/runner/work/ozone/ozone/hadoop-ozone/integration-test/target/test-classes/webapps/ozoneManager}
2022-03-03 14:18:42,815 [Listener at 127.0.0.1/34469] INFO  server.AbstractConnector (AbstractConnector.java:doStop(381)) - Stopped ServerConnector@70fa6317{HTTP/1.1, (http/1.1)}{0.0.0.0:45377}
2022-03-03 14:18:42,815 [Listener at 127.0.0.1/34469] INFO  server.session (HouseKeeper.java:stopScavenging(149)) - node0 Stopped scavenging
2022-03-03 14:18:42,816 [Listener at 127.0.0.1/34469] INFO  handler.ContextHandler (ContextHandler.java:doStop(1153)) - Stopped o.e.j.s.ServletContextHandler@28ec02ad{static,/static,file:///home/runner/work/ozone/ozone/hadoop-ozone/integration-test/target/test-classes/webapps/static,STOPPED}
2022-03-03 14:18:42,816 [Listener at 127.0.0.1/34469] INFO  handler.ContextHandler (ContextHandler.java:doStop(1153)) - Stopped o.e.j.s.ServletContextHandler@4f8a5001{logs,/logs,file:///home/runner/work/ozone/ozone/hadoop-ozone/integration-test/target/log,STOPPED}
2022-03-03 14:18:42,818 [Listener at 127.0.0.1/34469] INFO  ozone.MiniOzoneHAClusterImpl (MiniOzoneHAClusterImpl.java:stop(308)) - Stopping the OzoneManager omNode-2
2022-03-03 14:18:42,818 [Listener at 127.0.0.1/34469] INFO  om.OzoneManager (OzoneManager.java:stop(1893)) - omNode-2[localhost:42271]: Stopping Ozone Manager
2022-03-03 14:18:42,818 [Listener at 127.0.0.1/34469] INFO  ipc.Server (Server.java:stop(3414)) - Stopping server on 42271
2022-03-03 14:18:42,820 [IPC Server listener on 42271] INFO  ipc.Server (Server.java:run(1376)) - Stopping IPC Server listener on 42271
2022-03-03 14:18:42,822 [IPC Server Responder] INFO  ipc.Server (Server.java:run(1512)) - Stopping IPC Server Responder
2022-03-03 14:18:42,822 [Listener at 127.0.0.1/34469] INFO  server.RaftServer (RaftServerProxy.java:lambda$close$6(391)) - omNode-2: close
2022-03-03 14:18:42,823 [Listener at 127.0.0.1/34469] INFO  server.RaftServer$Division (RaftServerImpl.java:lambda$close$4(412)) - omNode-2@group-6C22E66A003A: shutdown
2022-03-03 14:18:42,823 [Listener at 127.0.0.1/34469] INFO  util.JmxRegister (JmxRegister.java:unregister(73)) - Successfully un-registered JMX Bean with object name Ratis:service=RaftServer,group=group-6C22E66A003A,id=omNode-2
2022-03-03 14:18:42,823 [Listener at 127.0.0.1/34469] INFO  impl.RoleInfo (RoleInfo.java:shutdownFollowerState(108)) - omNode-2: shutdown omNode-2@group-6C22E66A003A-FollowerState
2022-03-03 14:18:42,823 [Listener at 127.0.0.1/34469] INFO  impl.StateMachineUpdater (StateMachineUpdater.java:stopAndJoin(149)) - omNode-2@group-6C22E66A003A-StateMachineUpdater: set stopIndex = 5
2022-03-03 14:18:42,823 [omNode-2@group-6C22E66A003A-FollowerState] INFO  impl.FollowerState (FollowerState.java:run(143)) - omNode-2@group-6C22E66A003A-FollowerState was interrupted: {}
java.lang.InterruptedException: sleep interrupted
	at java.lang.Thread.sleep(Native Method)
	at java.lang.Thread.sleep(Thread.java:342)
	at java.util.concurrent.TimeUnit.sleep(TimeUnit.java:386)
	at org.apache.ratis.util.TimeDuration.sleep(TimeDuration.java:324)
	at org.apache.ratis.util.TimeDuration.sleep(TimeDuration.java:309)
	at org.apache.ratis.server.impl.FollowerState.run(FollowerState.java:118)
2022-03-03 14:18:42,823 [omNode-2@group-6C22E66A003A-StateMachineUpdater] INFO  ratis.OzoneManagerStateMachine (OzoneManagerStateMachine.java:takeSnapshot(417)) - Current Snapshot Index (t:5, i:5)
2022-03-03 14:18:42,823 [omNode-2@group-6C22E66A003A-StateMachineUpdater] INFO  impl.StateMachineUpdater (StateMachineUpdater.java:takeSnapshot(281)) - omNode-2@group-6C22E66A003A-StateMachineUpdater: Took a snapshot at index 5
2022-03-03 14:18:42,823 [omNode-2@group-6C22E66A003A-StateMachineUpdater] INFO  impl.StateMachineUpdater (StateMachineUpdater.java:lambda$new$0(89)) - omNode-2@group-6C22E66A003A-StateMachineUpdater: snapshotIndex: updateIncreasingly -1 -> 5
2022-03-03 14:18:42,824 [omNode-2@group-6C22E66A003A-StateMachineUpdater] INFO  ratis.OzoneManagerStateMachine (OzoneManagerStateMachine.java:close(471)) - StateMachine has shutdown. Shutdown OzoneManager if not already shutdown.
2022-03-03 14:18:42,824 [Listener at 127.0.0.1/34469] INFO  server.RaftServer$Division (ServerState.java:close(419)) - omNode-2@group-6C22E66A003A: closes. applyIndex: 5
2022-03-03 14:18:42,824 [omNode-2@group-6C22E66A003A-SegmentedRaftLogWorker] INFO  segmented.SegmentedRaftLogWorker (SegmentedRaftLogWorker.java:run(327)) - omNode-2@group-6C22E66A003A-SegmentedRaftLogWorker was interrupted, exiting. There are 0 tasks remaining in the queue.
2022-03-03 14:18:42,825 [Listener at 127.0.0.1/34469] INFO  segmented.SegmentedRaftLogWorker (SegmentedRaftLogWorker.java:close(237)) - omNode-2@group-6C22E66A003A-SegmentedRaftLogWorker close()
2022-03-03 14:18:42,827 [Listener at 127.0.0.1/34469] INFO  server.GrpcService (GrpcService.java:closeImpl(262)) - omNode-2: shutdown server with port 46363 now
2022-03-03 14:18:42,836 [Listener at 127.0.0.1/34469] INFO  server.GrpcService (GrpcService.java:closeImpl(271)) - omNode-2: shutdown server with port 46363 successfully
2022-03-03 14:18:42,836 [org.apache.ratis.util.JvmPauseMonitor$$Lambda$435/453351332@94d282e] INFO  util.JvmPauseMonitor (JvmPauseMonitor.java:run(109)) - JvmPauseMonitor-omNode-2: Stopped
2022-03-03 14:18:42,837 [Listener at 127.0.0.1/34469] INFO  ratis.OzoneManagerDoubleBuffer (OzoneManagerDoubleBuffer.java:stop(437)) - Stopping OMDoubleBuffer flush thread
2022-03-03 14:18:42,837 [OMDoubleBufferFlushThread] INFO  ratis.OzoneManagerDoubleBuffer (OzoneManagerDoubleBuffer.java:flushTransactions(356)) - OMDoubleBuffer flush thread OMDoubleBufferFlushThread is interrupted and will exit. OMDoubleBufferFlushThread
2022-03-03 14:18:42,837 [Listener at 127.0.0.1/34469] INFO  utils.BackgroundService (BackgroundService.java:shutdown(132)) - Shutting down service KeyDeletingService
2022-03-03 14:18:42,837 [Listener at 127.0.0.1/34469] INFO  utils.BackgroundService (BackgroundService.java:shutdown(132)) - Shutting down service DirectoryDeletingService
2022-03-03 14:18:42,838 [Listener at 127.0.0.1/34469] INFO  handler.ContextHandler (ContextHandler.java:doStop(1153)) - Stopped o.e.j.w.WebAppContext@236b2d09{ozoneManager,/,null,STOPPED}{file:/home/runner/work/ozone/ozone/hadoop-ozone/integration-test/target/test-classes/webapps/ozoneManager}
2022-03-03 14:18:42,838 [Listener at 127.0.0.1/34469] INFO  server.AbstractConnector (AbstractConnector.java:doStop(381)) - Stopped ServerConnector@27a96401{HTTP/1.1, (http/1.1)}{0.0.0.0:38655}
2022-03-03 14:18:42,838 [Listener at 127.0.0.1/34469] INFO  server.session (HouseKeeper.java:stopScavenging(149)) - node0 Stopped scavenging
2022-03-03 14:18:42,839 [Listener at 127.0.0.1/34469] INFO  handler.ContextHandler (ContextHandler.java:doStop(1153)) - Stopped o.e.j.s.ServletContextHandler@82d7896{static,/static,file:///home/runner/work/ozone/ozone/hadoop-ozone/integration-test/target/test-classes/webapps/static,STOPPED}
2022-03-03 14:18:42,839 [Listener at 127.0.0.1/34469] INFO  handler.ContextHandler (ContextHandler.java:doStop(1153)) - Stopped o.e.j.s.ServletContextHandler@18931ead{logs,/logs,file:///home/runner/work/ozone/ozone/hadoop-ozone/integration-test/target/log,STOPPED}
2022-03-03 14:18:42,841 [Listener at 127.0.0.1/34469] INFO  ozone.MiniOzoneHAClusterImpl (MiniOzoneHAClusterImpl.java:stop(316)) - Stopping the StorageContainerManager fd6a08cb-ca39-44ab-a901-59b74a3535c1
2022-03-03 14:18:42,841 [Listener at 127.0.0.1/34469] INFO  server.StorageContainerManager (StorageContainerManager.java:stop(1414)) - Stopping Container Balancer service.
2022-03-03 14:18:42,841 [Listener at 127.0.0.1/34469] INFO  balancer.ContainerBalancer (ContainerBalancer.java:stop(788)) - Container Balancer is not running.
2022-03-03 14:18:42,841 [Listener at 127.0.0.1/34469] INFO  server.StorageContainerManager (StorageContainerManager.java:stop(1421)) - Stopping Replication Manager Service.
2022-03-03 14:18:42,841 [Listener at 127.0.0.1/34469] INFO  container.ReplicationManager (ReplicationManager.java:stop(357)) - Stopping Replication Monitor Thread.
2022-03-03 14:18:42,841 [Listener at 127.0.0.1/34469] INFO  server.StorageContainerManager (StorageContainerManager.java:stop(1428)) - Stopping the Datanode Admin Monitor.
2022-03-03 14:18:42,842 [Listener at 127.0.0.1/34469] INFO  server.StorageContainerManager (StorageContainerManager.java:stop(1435)) - Stopping Lease Manager of the command watchers
2022-03-03 14:18:42,842 [Listener at 127.0.0.1/34469] INFO  server.StorageContainerManager (StorageContainerManager.java:stop(1442)) - Stopping datanode service RPC server
2022-03-03 14:18:42,842 [Listener at 127.0.0.1/34469] INFO  server.SCMDatanodeProtocolServer (SCMDatanodeProtocolServer.java:stop(400)) - Stopping the RPC server for DataNodes
2022-03-03 14:18:42,842 [Listener at 127.0.0.1/34469] INFO  ipc.Server (Server.java:stop(3414)) - Stopping server on 41237
2022-03-03 14:18:42,844 [IPC Server listener on 41237] INFO  ipc.Server (Server.java:run(1376)) - Stopping IPC Server listener on 41237
2022-03-03 14:18:42,846 [IPC Server Responder] INFO  ipc.Server (Server.java:run(1512)) - Stopping IPC Server Responder
2022-03-03 14:18:42,850 [SCM Heartbeat Processing Thread - 0] WARN  node.NodeStateManager (NodeStateManager.java:scheduleNextHealthCheck(815)) - Current Thread is interrupted, shutting down HB processing thread for Node Manager.
2022-03-03 14:18:42,851 [Listener at 127.0.0.1/34469] INFO  server.StorageContainerManager (StorageContainerManager.java:stop(1450)) - Stopping block service RPC server
2022-03-03 14:18:42,851 [Listener at 127.0.0.1/34469] INFO  server.SCMBlockProtocolServer (SCMBlockProtocolServer.java:stop(160)) - Stopping the RPC server for Block Protocol
2022-03-03 14:18:42,851 [Listener at 127.0.0.1/34469] INFO  ipc.Server (Server.java:stop(3414)) - Stopping server on 43715
2022-03-03 14:18:42,852 [IPC Server listener on 43715] INFO  ipc.Server (Server.java:run(1376)) - Stopping IPC Server listener on 43715
2022-03-03 14:18:42,855 [IPC Server Responder] INFO  ipc.Server (Server.java:run(1512)) - Stopping IPC Server Responder
2022-03-03 14:18:42,855 [Listener at 127.0.0.1/34469] INFO  server.StorageContainerManager (StorageContainerManager.java:stop(1457)) - Stopping the StorageContainerLocationProtocol RPC server
2022-03-03 14:18:42,855 [Listener at 127.0.0.1/34469] INFO  server.SCMClientProtocolServer (SCMClientProtocolServer.java:stop(174)) - Stopping the RPC server for Client Protocol
2022-03-03 14:18:42,855 [Listener at 127.0.0.1/34469] INFO  ipc.Server (Server.java:stop(3414)) - Stopping server on 37221
2022-03-03 14:18:42,856 [IPC Server listener on 37221] INFO  ipc.Server (Server.java:run(1376)) - Stopping IPC Server listener on 37221
2022-03-03 14:18:42,857 [Listener at 127.0.0.1/34469] INFO  server.StorageContainerManager (StorageContainerManager.java:stop(1464)) - Stopping Storage Container Manager HTTP server.
2022-03-03 14:18:42,857 [IPC Server Responder] INFO  ipc.Server (Server.java:run(1512)) - Stopping IPC Server Responder
2022-03-03 14:18:42,858 [Listener at 127.0.0.1/34469] INFO  handler.ContextHandler (ContextHandler.java:doStop(1153)) - Stopped o.e.j.w.WebAppContext@45593414{scm,/,null,STOPPED}{file:/home/runner/work/ozone/ozone/hadoop-ozone/integration-test/target/test-classes/webapps/scm}
2022-03-03 14:18:42,860 [Listener at 127.0.0.1/34469] INFO  server.AbstractConnector (AbstractConnector.java:doStop(381)) - Stopped ServerConnector@1c36ef90{HTTP/1.1, (http/1.1)}{0.0.0.0:46111}
2022-03-03 14:18:42,860 [Listener at 127.0.0.1/34469] INFO  server.session (HouseKeeper.java:stopScavenging(149)) - node0 Stopped scavenging
2022-03-03 14:18:42,860 [Listener at 127.0.0.1/34469] INFO  handler.ContextHandler (ContextHandler.java:doStop(1153)) - Stopped o.e.j.s.ServletContextHandler@13b8ace8{static,/static,file:///home/runner/work/ozone/ozone/hadoop-ozone/integration-test/target/test-classes/webapps/static,STOPPED}
2022-03-03 14:18:42,860 [Listener at 127.0.0.1/34469] INFO  handler.ContextHandler (ContextHandler.java:doStop(1153)) - Stopped o.e.j.s.ServletContextHandler@32d247bd{logs,/logs,file:///home/runner/work/ozone/ozone/hadoop-ozone/integration-test/target/log,STOPPED}
2022-03-03 14:18:42,862 [Listener at 127.0.0.1/34469] INFO  server.StorageContainerManager (StorageContainerManager.java:stop(1475)) - Stopping Block Manager Service.
2022-03-03 14:18:42,862 [Listener at 127.0.0.1/34469] INFO  utils.BackgroundService (BackgroundService.java:shutdown(132)) - Shutting down service SCMBlockDeletingService
2022-03-03 14:18:42,862 [Listener at 127.0.0.1/34469] INFO  utils.BackgroundService (BackgroundService.java:shutdown(132)) - Shutting down service SCMBlockDeletingService
2022-03-03 14:18:42,862 [Listener at 127.0.0.1/34469] INFO  server.StorageContainerManager (StorageContainerManager.java:stop(1502)) - Stopping SCM Event Queue.
2022-03-03 14:18:42,866 [Listener at 127.0.0.1/34469] INFO  server.StorageContainerManager (StorageContainerManager.java:stop(1513)) - Stopping SCM HA services.
2022-03-03 14:18:42,866 [Listener at 127.0.0.1/34469] INFO  ha.SCMRatisServerImpl (SCMRatisServerImpl.java:stop(236)) - stopping ratis server 0.0.0.0:38819
2022-03-03 14:18:42,867 [Listener at 127.0.0.1/34469] INFO  server.RaftServer (RaftServerProxy.java:lambda$close$6(391)) - fd6a08cb-ca39-44ab-a901-59b74a3535c1: close
2022-03-03 14:18:42,867 [Listener at 127.0.0.1/34469] INFO  server.RaftServer$Division (RaftServerImpl.java:lambda$close$4(412)) - fd6a08cb-ca39-44ab-a901-59b74a3535c1@group-B1EF4EB933B0: shutdown
2022-03-03 14:18:42,867 [Listener at 127.0.0.1/34469] INFO  util.JmxRegister (JmxRegister.java:unregister(73)) - Successfully un-registered JMX Bean with object name Ratis:service=RaftServer,group=group-B1EF4EB933B0,id=fd6a08cb-ca39-44ab-a901-59b74a3535c1
2022-03-03 14:18:42,867 [Listener at 127.0.0.1/34469] INFO  impl.RoleInfo (RoleInfo.java:shutdownFollowerState(108)) - fd6a08cb-ca39-44ab-a901-59b74a3535c1: shutdown fd6a08cb-ca39-44ab-a901-59b74a3535c1@group-B1EF4EB933B0-FollowerState
2022-03-03 14:18:42,867 [fd6a08cb-ca39-44ab-a901-59b74a3535c1@group-B1EF4EB933B0-FollowerState] INFO  impl.FollowerState (FollowerState.java:run(143)) - fd6a08cb-ca39-44ab-a901-59b74a3535c1@group-B1EF4EB933B0-FollowerState was interrupted: {}
java.lang.InterruptedException: sleep interrupted
	at java.lang.Thread.sleep(Native Method)
	at java.lang.Thread.sleep(Thread.java:342)
	at java.util.concurrent.TimeUnit.sleep(TimeUnit.java:386)
	at org.apache.ratis.util.TimeDuration.sleep(TimeDuration.java:324)
	at org.apache.ratis.util.TimeDuration.sleep(TimeDuration.java:309)
	at org.apache.ratis.server.impl.FollowerState.run(FollowerState.java:118)
2022-03-03 14:18:42,868 [fd6a08cb-ca39-44ab-a901-59b74a3535c1@group-B1EF4EB933B0-StateMachineUpdater] INFO  ha.SCMStateMachine (SCMStateMachine.java:takeSnapshot(297)) - Current Snapshot Index 27, takeSnapshot took 0 ms
2022-03-03 14:18:42,868 [fd6a08cb-ca39-44ab-a901-59b74a3535c1@group-B1EF4EB933B0-StateMachineUpdater] INFO  impl.StateMachineUpdater (StateMachineUpdater.java:takeSnapshot(281)) - fd6a08cb-ca39-44ab-a901-59b74a3535c1@group-B1EF4EB933B0-StateMachineUpdater: Took a snapshot at index 27
2022-03-03 14:18:42,868 [fd6a08cb-ca39-44ab-a901-59b74a3535c1@group-B1EF4EB933B0-StateMachineUpdater] INFO  impl.StateMachineUpdater (StateMachineUpdater.java:lambda$new$0(89)) - fd6a08cb-ca39-44ab-a901-59b74a3535c1@group-B1EF4EB933B0-StateMachineUpdater: snapshotIndex: updateIncreasingly 2 -> 27
2022-03-03 14:18:42,868 [Listener at 127.0.0.1/34469] INFO  impl.StateMachineUpdater (StateMachineUpdater.java:stopAndJoin(149)) - fd6a08cb-ca39-44ab-a901-59b74a3535c1@group-B1EF4EB933B0-StateMachineUpdater: set stopIndex = 27
2022-03-03 14:18:42,868 [Listener at 127.0.0.1/34469] INFO  server.RaftServer$Division (ServerState.java:close(419)) - fd6a08cb-ca39-44ab-a901-59b74a3535c1@group-B1EF4EB933B0: closes. applyIndex: 26
2022-03-03 14:18:42,868 [fd6a08cb-ca39-44ab-a901-59b74a3535c1@group-B1EF4EB933B0-SegmentedRaftLogWorker] INFO  segmented.SegmentedRaftLogWorker (SegmentedRaftLogWorker.java:run(327)) - fd6a08cb-ca39-44ab-a901-59b74a3535c1@group-B1EF4EB933B0-SegmentedRaftLogWorker was interrupted, exiting. There are 0 tasks remaining in the queue.
2022-03-03 14:18:42,870 [Listener at 127.0.0.1/34469] INFO  segmented.SegmentedRaftLogWorker (SegmentedRaftLogWorker.java:close(237)) - fd6a08cb-ca39-44ab-a901-59b74a3535c1@group-B1EF4EB933B0-SegmentedRaftLogWorker close()
2022-03-03 14:18:42,871 [Listener at 127.0.0.1/34469] INFO  server.GrpcService (GrpcService.java:closeImpl(262)) - fd6a08cb-ca39-44ab-a901-59b74a3535c1: shutdown server with port 38819 now
2022-03-03 14:18:42,877 [grpc-default-executor-1] WARN  server.GrpcServerProtocolService (LogUtils.java:warn(122)) - fd6a08cb-ca39-44ab-a901-59b74a3535c1: installSnapshot onError, lastRequest: 4fec6c92-8a01-477b-9ee2-8944c630ad1d->fd6a08cb-ca39-44ab-a901-59b74a3535c1#1101-t2,previous=(t:2, i:27),leaderCommit=27,initializing? true,entries: size=1, first=(t:2, i:28), METADATAENTRY(c:27): org.apache.ratis.thirdparty.io.grpc.StatusRuntimeException: CANCELLED: client cancelled
2022-03-03 14:18:42,877 [grpc-default-executor-2] WARN  server.GrpcLogAppender (LogUtils.java:warn(122)) - 4fec6c92-8a01-477b-9ee2-8944c630ad1d@group-B1EF4EB933B0->fd6a08cb-ca39-44ab-a901-59b74a3535c1-AppendLogResponseHandler: Failed appendEntries: org.apache.ratis.thirdparty.io.grpc.StatusRuntimeException: CANCELLED: HTTP/2 error code: CANCEL
Received Rst Stream
2022-03-03 14:18:42,877 [grpc-default-executor-2] INFO  leader.FollowerInfo (FollowerInfoImpl.java:lambda$new$0(47)) - 4fec6c92-8a01-477b-9ee2-8944c630ad1d@group-B1EF4EB933B0->fd6a08cb-ca39-44ab-a901-59b74a3535c1: nextIndex: updateUnconditionally 29 -> 28
2022-03-03 14:18:42,880 [Listener at 127.0.0.1/34469] INFO  server.GrpcService (GrpcService.java:closeImpl(271)) - fd6a08cb-ca39-44ab-a901-59b74a3535c1: shutdown server with port 38819 successfully
2022-03-03 14:18:42,881 [org.apache.ratis.util.JvmPauseMonitor$$Lambda$435/453351332@38e8c1d6] INFO  util.JvmPauseMonitor (JvmPauseMonitor.java:run(109)) - JvmPauseMonitor-fd6a08cb-ca39-44ab-a901-59b74a3535c1: Stopped
2022-03-03 14:18:42,883 [Listener at 127.0.0.1/34469] INFO  pipeline.BackgroundPipelineCreator (BackgroundPipelineCreator.java:stop(158)) - Stopping RatisPipelineUtilsThread.
2022-03-03 14:18:42,883 [Listener at 127.0.0.1/34469] INFO  server.StorageContainerManager (StorageContainerManager.java:stop(1523)) - Stopping SCM MetadataStore.
2022-03-03 14:18:42,884 [Listener at 127.0.0.1/34469] INFO  impl.MetricsSystemImpl (MetricsSystemImpl.java:stop(210)) - Stopping HddsDatanode metrics system...
2022-03-03 14:18:42,893 [prometheus] INFO  impl.MetricsSinkAdapter (MetricsSinkAdapter.java:publishMetricsFromQueue(141)) - prometheus thread interrupted.
2022-03-03 14:18:42,893 [Listener at 127.0.0.1/34469] INFO  impl.MetricsSystemImpl (MetricsSystemImpl.java:stop(216)) - HddsDatanode metrics system stopped.
2022-03-03 14:18:42,893 [Listener at 127.0.0.1/34469] INFO  ozone.MiniOzoneHAClusterImpl (MiniOzoneHAClusterImpl.java:stop(316)) - Stopping the StorageContainerManager a6e28bb1-0085-4f86-91af-c94afacc40c4
2022-03-03 14:18:42,893 [Listener at 127.0.0.1/34469] INFO  server.StorageContainerManager (StorageContainerManager.java:stop(1414)) - Stopping Container Balancer service.
2022-03-03 14:18:42,893 [Listener at 127.0.0.1/34469] INFO  balancer.ContainerBalancer (ContainerBalancer.java:stop(788)) - Container Balancer is not running.
2022-03-03 14:18:42,894 [Listener at 127.0.0.1/34469] INFO  server.StorageContainerManager (StorageContainerManager.java:stop(1421)) - Stopping Replication Manager Service.
2022-03-03 14:18:42,894 [Listener at 127.0.0.1/34469] INFO  container.ReplicationManager (ReplicationManager.java:stop(357)) - Stopping Replication Monitor Thread.
2022-03-03 14:18:42,894 [Listener at 127.0.0.1/34469] INFO  server.StorageContainerManager (StorageContainerManager.java:stop(1428)) - Stopping the Datanode Admin Monitor.
2022-03-03 14:18:42,894 [Listener at 127.0.0.1/34469] INFO  server.StorageContainerManager (StorageContainerManager.java:stop(1435)) - Stopping Lease Manager of the command watchers
2022-03-03 14:18:42,894 [Listener at 127.0.0.1/34469] INFO  server.StorageContainerManager (StorageContainerManager.java:stop(1442)) - Stopping datanode service RPC server
2022-03-03 14:18:42,894 [Listener at 127.0.0.1/34469] INFO  server.SCMDatanodeProtocolServer (SCMDatanodeProtocolServer.java:stop(400)) - Stopping the RPC server for DataNodes
2022-03-03 14:18:42,894 [Listener at 127.0.0.1/34469] INFO  ipc.Server (Server.java:stop(3414)) - Stopping server on 37109
2022-03-03 14:18:42,895 [IPC Server listener on 37109] INFO  ipc.Server (Server.java:run(1376)) - Stopping IPC Server listener on 37109
2022-03-03 14:18:42,899 [IPC Server Responder] INFO  ipc.Server (Server.java:run(1512)) - Stopping IPC Server Responder
2022-03-03 14:18:42,901 [grpc-default-executor-2] WARN  server.GrpcLogAppender (LogUtils.java:warn(122)) - 4fec6c92-8a01-477b-9ee2-8944c630ad1d@group-B1EF4EB933B0->fd6a08cb-ca39-44ab-a901-59b74a3535c1-AppendLogResponseHandler: Failed appendEntries: org.apache.ratis.thirdparty.io.grpc.StatusRuntimeException: UNAVAILABLE: io exception
2022-03-03 14:18:42,901 [grpc-default-executor-2] INFO  leader.FollowerInfo (FollowerInfoImpl.java:lambda$new$0(47)) - 4fec6c92-8a01-477b-9ee2-8944c630ad1d@group-B1EF4EB933B0->fd6a08cb-ca39-44ab-a901-59b74a3535c1: nextIndex: updateUnconditionally 29 -> 28
2022-03-03 14:18:42,944 [SCM Heartbeat Processing Thread - 0] WARN  node.NodeStateManager (NodeStateManager.java:scheduleNextHealthCheck(815)) - Current Thread is interrupted, shutting down HB processing thread for Node Manager.
2022-03-03 14:18:42,945 [Listener at 127.0.0.1/34469] INFO  server.StorageContainerManager (StorageContainerManager.java:stop(1450)) - Stopping block service RPC server
2022-03-03 14:18:42,945 [Listener at 127.0.0.1/34469] INFO  server.SCMBlockProtocolServer (SCMBlockProtocolServer.java:stop(160)) - Stopping the RPC server for Block Protocol
2022-03-03 14:18:42,945 [Listener at 127.0.0.1/34469] INFO  ipc.Server (Server.java:stop(3414)) - Stopping server on 39305
2022-03-03 14:18:42,948 [Listener at 127.0.0.1/34469] INFO  server.StorageContainerManager (StorageContainerManager.java:stop(1457)) - Stopping the StorageContainerLocationProtocol RPC server
2022-03-03 14:18:42,948 [IPC Server listener on 39305] INFO  ipc.Server (Server.java:run(1376)) - Stopping IPC Server listener on 39305
2022-03-03 14:18:42,948 [IPC Server Responder] INFO  ipc.Server (Server.java:run(1512)) - Stopping IPC Server Responder
2022-03-03 14:18:42,948 [Listener at 127.0.0.1/34469] INFO  server.SCMClientProtocolServer (SCMClientProtocolServer.java:stop(174)) - Stopping the RPC server for Client Protocol
2022-03-03 14:18:42,949 [Listener at 127.0.0.1/34469] INFO  ipc.Server (Server.java:stop(3414)) - Stopping server on 43753
2022-03-03 14:18:42,950 [IPC Server listener on 43753] INFO  ipc.Server (Server.java:run(1376)) - Stopping IPC Server listener on 43753
2022-03-03 14:18:42,952 [Listener at 127.0.0.1/34469] INFO  server.StorageContainerManager (StorageContainerManager.java:stop(1464)) - Stopping Storage Container Manager HTTP server.
2022-03-03 14:18:42,952 [IPC Server Responder] INFO  ipc.Server (Server.java:run(1512)) - Stopping IPC Server Responder
2022-03-03 14:18:42,953 [Listener at 127.0.0.1/34469] INFO  handler.ContextHandler (ContextHandler.java:doStop(1153)) - Stopped o.e.j.w.WebAppContext@d73f0d5{scm,/,null,STOPPED}{file:/home/runner/work/ozone/ozone/hadoop-ozone/integration-test/target/test-classes/webapps/scm}
2022-03-03 14:18:42,953 [Listener at 127.0.0.1/34469] INFO  server.AbstractConnector (AbstractConnector.java:doStop(381)) - Stopped ServerConnector@364575dc{HTTP/1.1, (http/1.1)}{0.0.0.0:42611}
2022-03-03 14:18:42,953 [Listener at 127.0.0.1/34469] INFO  server.session (HouseKeeper.java:stopScavenging(149)) - node0 Stopped scavenging
2022-03-03 14:18:42,954 [Listener at 127.0.0.1/34469] INFO  handler.ContextHandler (ContextHandler.java:doStop(1153)) - Stopped o.e.j.s.ServletContextHandler@74842418{static,/static,file:///home/runner/work/ozone/ozone/hadoop-ozone/integration-test/target/test-classes/webapps/static,STOPPED}
2022-03-03 14:18:42,954 [Listener at 127.0.0.1/34469] INFO  handler.ContextHandler (ContextHandler.java:doStop(1153)) - Stopped o.e.j.s.ServletContextHandler@5f4b3806{logs,/logs,file:///home/runner/work/ozone/ozone/hadoop-ozone/integration-test/target/log,STOPPED}
2022-03-03 14:18:42,954 [Listener at 127.0.0.1/34469] INFO  server.StorageContainerManager (StorageContainerManager.java:stop(1475)) - Stopping Block Manager Service.
2022-03-03 14:18:42,954 [Listener at 127.0.0.1/34469] INFO  utils.BackgroundService (BackgroundService.java:shutdown(132)) - Shutting down service SCMBlockDeletingService
2022-03-03 14:18:42,955 [Listener at 127.0.0.1/34469] INFO  utils.BackgroundService (BackgroundService.java:shutdown(132)) - Shutting down service SCMBlockDeletingService
2022-03-03 14:18:42,955 [Listener at 127.0.0.1/34469] INFO  server.StorageContainerManager (StorageContainerManager.java:stop(1502)) - Stopping SCM Event Queue.
2022-03-03 14:18:42,956 [Listener at 127.0.0.1/34469] INFO  server.StorageContainerManager (StorageContainerManager.java:stop(1513)) - Stopping SCM HA services.
2022-03-03 14:18:42,956 [Listener at 127.0.0.1/34469] INFO  ha.SCMRatisServerImpl (SCMRatisServerImpl.java:stop(236)) - stopping ratis server 0.0.0.0:45503
2022-03-03 14:18:42,956 [Listener at 127.0.0.1/34469] INFO  server.RaftServer (RaftServerProxy.java:lambda$close$6(391)) - a6e28bb1-0085-4f86-91af-c94afacc40c4: close
2022-03-03 14:18:42,956 [Listener at 127.0.0.1/34469] INFO  server.RaftServer$Division (RaftServerImpl.java:lambda$close$4(412)) - a6e28bb1-0085-4f86-91af-c94afacc40c4@group-B1EF4EB933B0: shutdown
2022-03-03 14:18:42,956 [Listener at 127.0.0.1/34469] INFO  util.JmxRegister (JmxRegister.java:unregister(73)) - Successfully un-registered JMX Bean with object name Ratis:service=RaftServer,group=group-B1EF4EB933B0,id=a6e28bb1-0085-4f86-91af-c94afacc40c4
2022-03-03 14:18:42,956 [Listener at 127.0.0.1/34469] INFO  impl.RoleInfo (RoleInfo.java:shutdownFollowerState(108)) - a6e28bb1-0085-4f86-91af-c94afacc40c4: shutdown a6e28bb1-0085-4f86-91af-c94afacc40c4@group-B1EF4EB933B0-FollowerState
2022-03-03 14:18:42,956 [a6e28bb1-0085-4f86-91af-c94afacc40c4@group-B1EF4EB933B0-FollowerState] INFO  impl.FollowerState (FollowerState.java:run(143)) - a6e28bb1-0085-4f86-91af-c94afacc40c4@group-B1EF4EB933B0-FollowerState was interrupted: {}
java.lang.InterruptedException: sleep interrupted
	at java.lang.Thread.sleep(Native Method)
	at java.lang.Thread.sleep(Thread.java:342)
	at java.util.concurrent.TimeUnit.sleep(TimeUnit.java:386)
	at org.apache.ratis.util.TimeDuration.sleep(TimeDuration.java:324)
	at org.apache.ratis.util.TimeDuration.sleep(TimeDuration.java:309)
	at org.apache.ratis.server.impl.FollowerState.run(FollowerState.java:118)
2022-03-03 14:18:42,957 [a6e28bb1-0085-4f86-91af-c94afacc40c4@group-B1EF4EB933B0-StateMachineUpdater] INFO  ha.SCMStateMachine (SCMStateMachine.java:takeSnapshot(297)) - Current Snapshot Index 27, takeSnapshot took 1 ms
2022-03-03 14:18:42,957 [a6e28bb1-0085-4f86-91af-c94afacc40c4@group-B1EF4EB933B0-StateMachineUpdater] INFO  impl.StateMachineUpdater (StateMachineUpdater.java:takeSnapshot(281)) - a6e28bb1-0085-4f86-91af-c94afacc40c4@group-B1EF4EB933B0-StateMachineUpdater: Took a snapshot at index 27
2022-03-03 14:18:42,957 [a6e28bb1-0085-4f86-91af-c94afacc40c4@group-B1EF4EB933B0-StateMachineUpdater] INFO  impl.StateMachineUpdater (StateMachineUpdater.java:lambda$new$0(89)) - a6e28bb1-0085-4f86-91af-c94afacc40c4@group-B1EF4EB933B0-StateMachineUpdater: snapshotIndex: updateIncreasingly 6 -> 27
2022-03-03 14:18:42,958 [Listener at 127.0.0.1/34469] INFO  impl.StateMachineUpdater (StateMachineUpdater.java:stopAndJoin(149)) - a6e28bb1-0085-4f86-91af-c94afacc40c4@group-B1EF4EB933B0-StateMachineUpdater: set stopIndex = 27
2022-03-03 14:18:42,958 [Listener at 127.0.0.1/34469] INFO  server.RaftServer$Division (ServerState.java:close(419)) - a6e28bb1-0085-4f86-91af-c94afacc40c4@group-B1EF4EB933B0: closes. applyIndex: 26
2022-03-03 14:18:42,958 [a6e28bb1-0085-4f86-91af-c94afacc40c4@group-B1EF4EB933B0-SegmentedRaftLogWorker] INFO  segmented.SegmentedRaftLogWorker (SegmentedRaftLogWorker.java:run(327)) - a6e28bb1-0085-4f86-91af-c94afacc40c4@group-B1EF4EB933B0-SegmentedRaftLogWorker was interrupted, exiting. There are 0 tasks remaining in the queue.
2022-03-03 14:18:42,960 [Listener at 127.0.0.1/34469] INFO  segmented.SegmentedRaftLogWorker (SegmentedRaftLogWorker.java:close(237)) - a6e28bb1-0085-4f86-91af-c94afacc40c4@group-B1EF4EB933B0-SegmentedRaftLogWorker close()
2022-03-03 14:18:42,961 [Listener at 127.0.0.1/34469] INFO  server.GrpcService (GrpcService.java:closeImpl(262)) - a6e28bb1-0085-4f86-91af-c94afacc40c4: shutdown server with port 45503 now
2022-03-03 14:18:42,962 [grpc-default-executor-1] WARN  server.GrpcServerProtocolService (LogUtils.java:warn(122)) - a6e28bb1-0085-4f86-91af-c94afacc40c4: installSnapshot onError, lastRequest: 4fec6c92-8a01-477b-9ee2-8944c630ad1d->a6e28bb1-0085-4f86-91af-c94afacc40c4#856-t2,previous=(t:2, i:27),leaderCommit=27,initializing? true,entries: size=1, first=(t:2, i:28), METADATAENTRY(c:27): org.apache.ratis.thirdparty.io.grpc.StatusRuntimeException: CANCELLED: client cancelled
2022-03-03 14:18:42,962 [grpc-default-executor-3] WARN  server.GrpcLogAppender (LogUtils.java:warn(122)) - 4fec6c92-8a01-477b-9ee2-8944c630ad1d@group-B1EF4EB933B0->a6e28bb1-0085-4f86-91af-c94afacc40c4-AppendLogResponseHandler: Failed appendEntries: org.apache.ratis.thirdparty.io.grpc.StatusRuntimeException: CANCELLED: HTTP/2 error code: CANCEL
Received Rst Stream
2022-03-03 14:18:42,963 [grpc-default-executor-3] INFO  leader.FollowerInfo (FollowerInfoImpl.java:lambda$new$0(47)) - 4fec6c92-8a01-477b-9ee2-8944c630ad1d@group-B1EF4EB933B0->a6e28bb1-0085-4f86-91af-c94afacc40c4: nextIndex: updateUnconditionally 29 -> 28
2022-03-03 14:18:42,963 [Listener at 127.0.0.1/34469] INFO  server.GrpcService (GrpcService.java:closeImpl(271)) - a6e28bb1-0085-4f86-91af-c94afacc40c4: shutdown server with port 45503 successfully
2022-03-03 14:18:42,963 [org.apache.ratis.util.JvmPauseMonitor$$Lambda$435/453351332@718aacaf] INFO  util.JvmPauseMonitor (JvmPauseMonitor.java:run(109)) - JvmPauseMonitor-a6e28bb1-0085-4f86-91af-c94afacc40c4: Stopped
2022-03-03 14:18:42,964 [Listener at 127.0.0.1/34469] INFO  pipeline.BackgroundPipelineCreator (BackgroundPipelineCreator.java:stop(158)) - Stopping RatisPipelineUtilsThread.
2022-03-03 14:18:42,964 [Listener at 127.0.0.1/34469] INFO  server.StorageContainerManager (StorageContainerManager.java:stop(1523)) - Stopping SCM MetadataStore.
2022-03-03 14:18:42,965 [Listener at 127.0.0.1/34469] INFO  impl.MetricsSystemImpl (MetricsSystemImpl.java:stop(205)) - HddsDatanode metrics system stopped (again)
2022-03-03 14:18:42,965 [Listener at 127.0.0.1/34469] INFO  ozone.MiniOzoneHAClusterImpl (MiniOzoneHAClusterImpl.java:stop(316)) - Stopping the StorageContainerManager 4fec6c92-8a01-477b-9ee2-8944c630ad1d
2022-03-03 14:18:42,965 [Listener at 127.0.0.1/34469] INFO  server.StorageContainerManager (StorageContainerManager.java:stop(1414)) - Stopping Container Balancer service.
2022-03-03 14:18:42,965 [Listener at 127.0.0.1/34469] INFO  balancer.ContainerBalancer (ContainerBalancer.java:stop(788)) - Container Balancer is not running.
2022-03-03 14:18:42,965 [Listener at 127.0.0.1/34469] INFO  server.StorageContainerManager (StorageContainerManager.java:stop(1421)) - Stopping Replication Manager Service.
2022-03-03 14:18:42,965 [Listener at 127.0.0.1/34469] INFO  container.ReplicationManager (ReplicationManager.java:stop(357)) - Stopping Replication Monitor Thread.
2022-03-03 14:18:42,965 [Listener at 127.0.0.1/34469] INFO  server.StorageContainerManager (StorageContainerManager.java:stop(1428)) - Stopping the Datanode Admin Monitor.
2022-03-03 14:18:42,965 [Listener at 127.0.0.1/34469] INFO  server.StorageContainerManager (StorageContainerManager.java:stop(1435)) - Stopping Lease Manager of the command watchers
2022-03-03 14:18:42,966 [Listener at 127.0.0.1/34469] INFO  server.StorageContainerManager (StorageContainerManager.java:stop(1442)) - Stopping datanode service RPC server
2022-03-03 14:18:42,966 [Listener at 127.0.0.1/34469] INFO  server.SCMDatanodeProtocolServer (SCMDatanodeProtocolServer.java:stop(400)) - Stopping the RPC server for DataNodes
2022-03-03 14:18:42,966 [Listener at 127.0.0.1/34469] INFO  ipc.Server (Server.java:stop(3414)) - Stopping server on 39049
2022-03-03 14:18:42,968 [IPC Server listener on 39049] INFO  ipc.Server (Server.java:run(1376)) - Stopping IPC Server listener on 39049
2022-03-03 14:18:42,975 [grpc-default-executor-3] WARN  server.GrpcLogAppender (LogUtils.java:warn(122)) - 4fec6c92-8a01-477b-9ee2-8944c630ad1d@group-B1EF4EB933B0->a6e28bb1-0085-4f86-91af-c94afacc40c4-AppendLogResponseHandler: Failed appendEntries: org.apache.ratis.thirdparty.io.grpc.StatusRuntimeException: UNAVAILABLE: io exception
2022-03-03 14:18:42,975 [grpc-default-executor-3] INFO  leader.FollowerInfo (FollowerInfoImpl.java:lambda$new$0(47)) - 4fec6c92-8a01-477b-9ee2-8944c630ad1d@group-B1EF4EB933B0->a6e28bb1-0085-4f86-91af-c94afacc40c4: nextIndex: updateUnconditionally 29 -> 28
2022-03-03 14:18:42,977 [IPC Server Responder] INFO  ipc.Server (Server.java:run(1512)) - Stopping IPC Server Responder
2022-03-03 14:18:43,134 [EndpointStateMachine task thread for /127.0.0.1:39049 - 0 ] WARN  statemachine.EndpointStateMachine (EndpointStateMachine.java:logIfNeeded(236)) - Unable to communicate to SCM server at 127.0.0.1:39049 for past 0 seconds.
java.io.EOFException: End of File Exception between local host is: "fv-az50-851/10.1.0.28"; destination host is: "localhost":39049; : java.io.EOFException; For more details see:  http://wiki.apache.org/hadoop/EOFException
	at sun.reflect.NativeConstructorAccessorImpl.newInstance0(Native Method)
	at sun.reflect.NativeConstructorAccessorImpl.newInstance(NativeConstructorAccessorImpl.java:62)
	at sun.reflect.DelegatingConstructorAccessorImpl.newInstance(DelegatingConstructorAccessorImpl.java:45)
	at java.lang.reflect.Constructor.newInstance(Constructor.java:423)
	at org.apache.hadoop.net.NetUtils.wrapWithMessage(NetUtils.java:913)
	at org.apache.hadoop.net.NetUtils.wrapException(NetUtils.java:862)
	at org.apache.hadoop.ipc.Client.getRpcResponse(Client.java:1577)
	at org.apache.hadoop.ipc.Client.call(Client.java:1519)
	at org.apache.hadoop.ipc.Client.call(Client.java:1416)
	at org.apache.hadoop.ipc.ProtobufRpcEngine$Invoker.invoke(ProtobufRpcEngine.java:236)
	at org.apache.hadoop.ipc.ProtobufRpcEngine$Invoker.invoke(ProtobufRpcEngine.java:123)
	at com.sun.proxy.$Proxy48.submitRequest(Unknown Source)
	at org.apache.hadoop.ozone.protocolPB.StorageContainerDatanodeProtocolClientSideTranslatorPB.submitRequest(StorageContainerDatanodeProtocolClientSideTranslatorPB.java:117)
	at org.apache.hadoop.ozone.protocolPB.StorageContainerDatanodeProtocolClientSideTranslatorPB.sendHeartbeat(StorageContainerDatanodeProtocolClientSideTranslatorPB.java:149)
	at org.apache.hadoop.ozone.container.common.states.endpoint.HeartbeatEndpointTask.call(HeartbeatEndpointTask.java:180)
	at org.apache.hadoop.ozone.container.common.states.endpoint.HeartbeatEndpointTask.call(HeartbeatEndpointTask.java:83)
	at java.util.concurrent.FutureTask.run(FutureTask.java:266)
	at java.util.concurrent.ThreadPoolExecutor.runWorker(ThreadPoolExecutor.java:1149)
	at java.util.concurrent.ThreadPoolExecutor$Worker.run(ThreadPoolExecutor.java:624)
	at java.lang.Thread.run(Thread.java:750)
Caused by: java.io.EOFException
	at java.io.DataInputStream.readInt(DataInputStream.java:392)
	at org.apache.hadoop.ipc.Client$IpcStreams.readResponse(Client.java:1892)
	at org.apache.hadoop.ipc.Client$Connection.receiveRpcResponse(Client.java:1202)
	at org.apache.hadoop.ipc.Client$Connection.run(Client.java:1098)
2022-03-03 14:18:43,135 [EndpointStateMachine task thread for /127.0.0.1:41237 - 0 ] WARN  statemachine.EndpointStateMachine (EndpointStateMachine.java:logIfNeeded(236)) - Unable to communicate to SCM server at 127.0.0.1:41237 for past 0 seconds.
java.io.EOFException: End of File Exception between local host is: "fv-az50-851/10.1.0.28"; destination host is: "localhost":41237; : java.io.EOFException; For more details see:  http://wiki.apache.org/hadoop/EOFException
	at sun.reflect.NativeConstructorAccessorImpl.newInstance0(Native Method)
	at sun.reflect.NativeConstructorAccessorImpl.newInstance(NativeConstructorAccessorImpl.java:62)
	at sun.reflect.DelegatingConstructorAccessorImpl.newInstance(DelegatingConstructorAccessorImpl.java:45)
	at java.lang.reflect.Constructor.newInstance(Constructor.java:423)
	at org.apache.hadoop.net.NetUtils.wrapWithMessage(NetUtils.java:913)
	at org.apache.hadoop.net.NetUtils.wrapException(NetUtils.java:862)
	at org.apache.hadoop.ipc.Client.getRpcResponse(Client.java:1577)
	at org.apache.hadoop.ipc.Client.call(Client.java:1519)
	at org.apache.hadoop.ipc.Client.call(Client.java:1416)
	at org.apache.hadoop.ipc.ProtobufRpcEngine$Invoker.invoke(ProtobufRpcEngine.java:236)
	at org.apache.hadoop.ipc.ProtobufRpcEngine$Invoker.invoke(ProtobufRpcEngine.java:123)
	at com.sun.proxy.$Proxy48.submitRequest(Unknown Source)
	at org.apache.hadoop.ozone.protocolPB.StorageContainerDatanodeProtocolClientSideTranslatorPB.submitRequest(StorageContainerDatanodeProtocolClientSideTranslatorPB.java:117)
	at org.apache.hadoop.ozone.protocolPB.StorageContainerDatanodeProtocolClientSideTranslatorPB.sendHeartbeat(StorageContainerDatanodeProtocolClientSideTranslatorPB.java:149)
	at org.apache.hadoop.ozone.container.common.states.endpoint.HeartbeatEndpointTask.call(HeartbeatEndpointTask.java:180)
	at org.apache.hadoop.ozone.container.common.states.endpoint.HeartbeatEndpointTask.call(HeartbeatEndpointTask.java:83)
	at java.util.concurrent.FutureTask.run(FutureTask.java:266)
	at java.util.concurrent.ThreadPoolExecutor.runWorker(ThreadPoolExecutor.java:1149)
	at java.util.concurrent.ThreadPoolExecutor$Worker.run(ThreadPoolExecutor.java:624)
	at java.lang.Thread.run(Thread.java:750)
Caused by: java.io.EOFException
	at java.io.DataInputStream.readInt(DataInputStream.java:392)
	at org.apache.hadoop.ipc.Client$IpcStreams.readResponse(Client.java:1892)
	at org.apache.hadoop.ipc.Client$Connection.receiveRpcResponse(Client.java:1202)
	at org.apache.hadoop.ipc.Client$Connection.run(Client.java:1098)
2022-03-03 14:18:43,135 [EndpointStateMachine task thread for /127.0.0.1:37109 - 0 ] WARN  statemachine.EndpointStateMachine (EndpointStateMachine.java:logIfNeeded(236)) - Unable to communicate to SCM server at 127.0.0.1:37109 for past 0 seconds.
java.io.EOFException: End of File Exception between local host is: "fv-az50-851/10.1.0.28"; destination host is: "localhost":37109; : java.io.EOFException; For more details see:  http://wiki.apache.org/hadoop/EOFException
	at sun.reflect.NativeConstructorAccessorImpl.newInstance0(Native Method)
	at sun.reflect.NativeConstructorAccessorImpl.newInstance(NativeConstructorAccessorImpl.java:62)
	at sun.reflect.DelegatingConstructorAccessorImpl.newInstance(DelegatingConstructorAccessorImpl.java:45)
	at java.lang.reflect.Constructor.newInstance(Constructor.java:423)
	at org.apache.hadoop.net.NetUtils.wrapWithMessage(NetUtils.java:913)
	at org.apache.hadoop.net.NetUtils.wrapException(NetUtils.java:862)
	at org.apache.hadoop.ipc.Client.getRpcResponse(Client.java:1577)
	at org.apache.hadoop.ipc.Client.call(Client.java:1519)
	at org.apache.hadoop.ipc.Client.call(Client.java:1416)
	at org.apache.hadoop.ipc.ProtobufRpcEngine$Invoker.invoke(ProtobufRpcEngine.java:236)
	at org.apache.hadoop.ipc.ProtobufRpcEngine$Invoker.invoke(ProtobufRpcEngine.java:123)
	at com.sun.proxy.$Proxy48.submitRequest(Unknown Source)
	at org.apache.hadoop.ozone.protocolPB.StorageContainerDatanodeProtocolClientSideTranslatorPB.submitRequest(StorageContainerDatanodeProtocolClientSideTranslatorPB.java:117)
	at org.apache.hadoop.ozone.protocolPB.StorageContainerDatanodeProtocolClientSideTranslatorPB.sendHeartbeat(StorageContainerDatanodeProtocolClientSideTranslatorPB.java:149)
	at org.apache.hadoop.ozone.container.common.states.endpoint.HeartbeatEndpointTask.call(HeartbeatEndpointTask.java:180)
	at org.apache.hadoop.ozone.container.common.states.endpoint.HeartbeatEndpointTask.call(HeartbeatEndpointTask.java:83)
	at java.util.concurrent.FutureTask.run(FutureTask.java:266)
	at java.util.concurrent.ThreadPoolExecutor.runWorker(ThreadPoolExecutor.java:1149)
	at java.util.concurrent.ThreadPoolExecutor$Worker.run(ThreadPoolExecutor.java:624)
	at java.lang.Thread.run(Thread.java:750)
Caused by: java.io.EOFException
	at java.io.DataInputStream.readInt(DataInputStream.java:392)
	at org.apache.hadoop.ipc.Client$IpcStreams.readResponse(Client.java:1892)
	at org.apache.hadoop.ipc.Client$Connection.receiveRpcResponse(Client.java:1202)
	at org.apache.hadoop.ipc.Client$Connection.run(Client.java:1098)
2022-03-03 14:18:44,213 [SCM Heartbeat Processing Thread - 0] WARN  node.NodeStateManager (NodeStateManager.java:scheduleNextHealthCheck(815)) - Current Thread is interrupted, shutting down HB processing thread for Node Manager.
2022-03-03 14:18:44,213 [Listener at 127.0.0.1/34469] INFO  server.StorageContainerManager (StorageContainerManager.java:stop(1450)) - Stopping block service RPC server
2022-03-03 14:18:44,213 [Listener at 127.0.0.1/34469] INFO  server.SCMBlockProtocolServer (SCMBlockProtocolServer.java:stop(160)) - Stopping the RPC server for Block Protocol
2022-03-03 14:18:44,214 [Listener at 127.0.0.1/34469] INFO  ipc.Server (Server.java:stop(3414)) - Stopping server on 41255
2022-03-03 14:18:44,219 [Listener at 127.0.0.1/34469] INFO  server.StorageContainerManager (StorageContainerManager.java:stop(1457)) - Stopping the StorageContainerLocationProtocol RPC server
2022-03-03 14:18:44,219 [Listener at 127.0.0.1/34469] INFO  server.SCMClientProtocolServer (SCMClientProtocolServer.java:stop(174)) - Stopping the RPC server for Client Protocol
2022-03-03 14:18:44,219 [Listener at 127.0.0.1/34469] INFO  ipc.Server (Server.java:stop(3414)) - Stopping server on 36335
2022-03-03 14:18:44,219 [IPC Server Responder] INFO  ipc.Server (Server.java:run(1512)) - Stopping IPC Server Responder
2022-03-03 14:18:44,220 [IPC Server listener on 41255] INFO  ipc.Server (Server.java:run(1376)) - Stopping IPC Server listener on 41255
2022-03-03 14:18:44,227 [Listener at 127.0.0.1/34469] INFO  server.StorageContainerManager (StorageContainerManager.java:stop(1464)) - Stopping Storage Container Manager HTTP server.
2022-03-03 14:18:44,227 [IPC Server Responder] INFO  ipc.Server (Server.java:run(1512)) - Stopping IPC Server Responder
2022-03-03 14:18:44,227 [IPC Server listener on 36335] INFO  ipc.Server (Server.java:run(1376)) - Stopping IPC Server listener on 36335
2022-03-03 14:18:44,228 [Listener at 127.0.0.1/34469] INFO  handler.ContextHandler (ContextHandler.java:doStop(1153)) - Stopped o.e.j.w.WebAppContext@603d0960{scm,/,null,STOPPED}{file:/home/runner/work/ozone/ozone/hadoop-ozone/integration-test/target/test-classes/webapps/scm}
2022-03-03 14:18:44,230 [Listener at 127.0.0.1/34469] INFO  server.AbstractConnector (AbstractConnector.java:doStop(381)) - Stopped ServerConnector@62c964df{HTTP/1.1, (http/1.1)}{0.0.0.0:45853}
2022-03-03 14:18:44,230 [EndpointStateMachine task thread for /127.0.0.1:39049 - 0 ] INFO  ipc.Client (Client.java:handleConnectionFailure(977)) - Retrying connect to server: localhost/127.0.0.1:39049. Already tried 0 time(s); retry policy is RetryUpToMaximumCountWithFixedSleep(maxRetries=15, sleepTime=1000 MILLISECONDS)
2022-03-03 14:18:44,231 [Listener at 127.0.0.1/34469] INFO  server.session (HouseKeeper.java:stopScavenging(149)) - node0 Stopped scavenging
2022-03-03 14:18:44,231 [Listener at 127.0.0.1/34469] INFO  handler.ContextHandler (ContextHandler.java:doStop(1153)) - Stopped o.e.j.s.ServletContextHandler@16134346{static,/static,file:///home/runner/work/ozone/ozone/hadoop-ozone/integration-test/target/test-classes/webapps/static,STOPPED}
2022-03-03 14:18:44,231 [Listener at 127.0.0.1/34469] INFO  handler.ContextHandler (ContextHandler.java:doStop(1153)) - Stopped o.e.j.s.ServletContextHandler@39f18326{logs,/logs,file:///home/runner/work/ozone/ozone/hadoop-ozone/integration-test/target/log,STOPPED}
2022-03-03 14:18:44,233 [EndpointStateMachine task thread for /127.0.0.1:41237 - 0 ] INFO  ipc.Client (Client.java:handleConnectionFailure(977)) - Retrying connect to server: localhost/127.0.0.1:41237. Already tried 0 time(s); retry policy is RetryUpToMaximumCountWithFixedSleep(maxRetries=15, sleepTime=1000 MILLISECONDS)
2022-03-03 14:18:44,230 [Datanode State Machine Daemon Thread] ERROR datanode.RunningDatanodeState (RunningDatanodeState.java:computeNextContainerState(201)) - Error in executing end point task.
java.util.concurrent.ExecutionException: java.util.concurrent.TimeoutException
	at java.util.concurrent.FutureTask.report(FutureTask.java:122)
	at java.util.concurrent.FutureTask.get(FutureTask.java:192)
	at org.apache.hadoop.ozone.container.common.states.datanode.RunningDatanodeState.computeNextContainerState(RunningDatanodeState.java:193)
	at org.apache.hadoop.ozone.container.common.states.datanode.RunningDatanodeState.await(RunningDatanodeState.java:233)
	at org.apache.hadoop.ozone.container.common.states.datanode.RunningDatanodeState.await(RunningDatanodeState.java:50)
	at org.apache.hadoop.ozone.container.common.statemachine.StateContext.execute(StateContext.java:658)
	at org.apache.hadoop.ozone.container.common.statemachine.DatanodeStateMachine.startStateMachineThread(DatanodeStateMachine.java:283)
	at org.apache.hadoop.ozone.container.common.statemachine.DatanodeStateMachine.lambda$startDaemon$0(DatanodeStateMachine.java:471)
	at java.lang.Thread.run(Thread.java:750)
Caused by: java.util.concurrent.TimeoutException
	at java.util.concurrent.FutureTask.get(FutureTask.java:205)
	at org.apache.hadoop.ozone.container.common.states.datanode.RunningDatanodeState.lambda$execute$0(RunningDatanodeState.java:151)
	at java.util.concurrent.FutureTask.run(FutureTask.java:266)
	at java.util.concurrent.Executors$RunnableAdapter.call(Executors.java:511)
	at java.util.concurrent.FutureTask.run(FutureTask.java:266)
	at java.util.concurrent.ThreadPoolExecutor.runWorker(ThreadPoolExecutor.java:1149)
	at java.util.concurrent.ThreadPoolExecutor$Worker.run(ThreadPoolExecutor.java:624)
	... 1 more
2022-03-03 14:18:44,234 [Listener at 127.0.0.1/34469] INFO  server.StorageContainerManager (StorageContainerManager.java:stop(1475)) - Stopping Block Manager Service.
2022-03-03 14:18:44,231 [EndpointStateMachine task thread for /127.0.0.1:37109 - 0 ] INFO  ipc.Client (Client.java:handleConnectionFailure(977)) - Retrying connect to server: localhost/127.0.0.1:37109. Already tried 0 time(s); retry policy is RetryUpToMaximumCountWithFixedSleep(maxRetries=15, sleepTime=1000 MILLISECONDS)
2022-03-03 14:18:44,235 [Listener at 127.0.0.1/34469] INFO  utils.BackgroundService (BackgroundService.java:shutdown(132)) - Shutting down service SCMBlockDeletingService
2022-03-03 14:18:44,235 [Listener at 127.0.0.1/34469] INFO  utils.BackgroundService (BackgroundService.java:shutdown(132)) - Shutting down service SCMBlockDeletingService
2022-03-03 14:18:44,235 [Listener at 127.0.0.1/34469] INFO  server.StorageContainerManager (StorageContainerManager.java:stop(1502)) - Stopping SCM Event Queue.
2022-03-03 14:18:44,237 [Listener at 127.0.0.1/34469] INFO  server.StorageContainerManager (StorageContainerManager.java:stop(1513)) - Stopping SCM HA services.
2022-03-03 14:18:44,237 [Listener at 127.0.0.1/34469] INFO  ha.SCMRatisServerImpl (SCMRatisServerImpl.java:stop(236)) - stopping ratis server 0.0.0.0:41845
2022-03-03 14:18:44,237 [Listener at 127.0.0.1/34469] INFO  server.RaftServer (RaftServerProxy.java:lambda$close$6(391)) - 4fec6c92-8a01-477b-9ee2-8944c630ad1d: close
2022-03-03 14:18:44,237 [Listener at 127.0.0.1/34469] INFO  server.RaftServer$Division (RaftServerImpl.java:lambda$close$4(412)) - 4fec6c92-8a01-477b-9ee2-8944c630ad1d@group-B1EF4EB933B0: shutdown
2022-03-03 14:18:44,237 [Listener at 127.0.0.1/34469] INFO  util.JmxRegister (JmxRegister.java:unregister(73)) - Successfully un-registered JMX Bean with object name Ratis:service=RaftServer,group=group-B1EF4EB933B0,id=4fec6c92-8a01-477b-9ee2-8944c630ad1d
2022-03-03 14:18:44,238 [Listener at 127.0.0.1/34469] INFO  impl.RoleInfo (RoleInfo.java:shutdownLeaderState(91)) - 4fec6c92-8a01-477b-9ee2-8944c630ad1d: shutdown 4fec6c92-8a01-477b-9ee2-8944c630ad1d@group-B1EF4EB933B0-LeaderStateImpl
2022-03-03 14:18:44,238 [4fec6c92-8a01-477b-9ee2-8944c630ad1d@group-B1EF4EB933B0->fd6a08cb-ca39-44ab-a901-59b74a3535c1-GrpcLogAppender-LogAppenderDaemon] WARN  server.GrpcLogAppender (GrpcLogAppender.java:mayWait(177)) - 4fec6c92-8a01-477b-9ee2-8944c630ad1d@group-B1EF4EB933B0->fd6a08cb-ca39-44ab-a901-59b74a3535c1-GrpcLogAppender: Wait interrupted by java.lang.InterruptedException
2022-03-03 14:18:44,238 [Listener at 127.0.0.1/34469] INFO  impl.PendingRequests (PendingRequests.java:sendNotLeaderResponses(282)) - 4fec6c92-8a01-477b-9ee2-8944c630ad1d@group-B1EF4EB933B0-PendingRequests: sendNotLeaderResponses
2022-03-03 14:18:44,238 [4fec6c92-8a01-477b-9ee2-8944c630ad1d@group-B1EF4EB933B0->a6e28bb1-0085-4f86-91af-c94afacc40c4-GrpcLogAppender-LogAppenderDaemon] WARN  server.GrpcLogAppender (GrpcLogAppender.java:mayWait(177)) - 4fec6c92-8a01-477b-9ee2-8944c630ad1d@group-B1EF4EB933B0->a6e28bb1-0085-4f86-91af-c94afacc40c4-GrpcLogAppender: Wait interrupted by java.lang.InterruptedException
2022-03-03 14:18:44,238 [Listener at 127.0.0.1/34469] INFO  ha.SCMStateMachine (SCMStateMachine.java:notifyNotLeader(190)) - current leader SCM steps down.
2022-03-03 14:18:44,238 [Listener at 127.0.0.1/34469] INFO  ha.SCMContext (SCMContext.java:updateLeaderAndTerm(90)) - update <isLeader,term> from <true,2> to <false,0>
2022-03-03 14:18:44,239 [Listener at 127.0.0.1/34469] INFO  ha.SCMContext (SCMContext.java:updateLeaderAndTerm(97)) - update <isLeaderReady> from <false> to <false>
2022-03-03 14:18:44,240 [4fec6c92-8a01-477b-9ee2-8944c630ad1d@group-B1EF4EB933B0-StateMachineUpdater] INFO  ha.SCMStateMachine (SCMStateMachine.java:takeSnapshot(297)) - Current Snapshot Index 28, takeSnapshot took 0 ms
2022-03-03 14:18:44,240 [4fec6c92-8a01-477b-9ee2-8944c630ad1d@group-B1EF4EB933B0-StateMachineUpdater] INFO  impl.StateMachineUpdater (StateMachineUpdater.java:takeSnapshot(281)) - 4fec6c92-8a01-477b-9ee2-8944c630ad1d@group-B1EF4EB933B0-StateMachineUpdater: Took a snapshot at index 28
2022-03-03 14:18:44,240 [4fec6c92-8a01-477b-9ee2-8944c630ad1d@group-B1EF4EB933B0-StateMachineUpdater] INFO  impl.StateMachineUpdater (StateMachineUpdater.java:lambda$new$0(89)) - 4fec6c92-8a01-477b-9ee2-8944c630ad1d@group-B1EF4EB933B0-StateMachineUpdater: snapshotIndex: updateIncreasingly -1 -> 28
2022-03-03 14:18:44,240 [Listener at 127.0.0.1/34469] INFO  impl.StateMachineUpdater (StateMachineUpdater.java:stopAndJoin(149)) - 4fec6c92-8a01-477b-9ee2-8944c630ad1d@group-B1EF4EB933B0-StateMachineUpdater: set stopIndex = 28
2022-03-03 14:18:44,241 [Listener at 127.0.0.1/34469] INFO  server.RaftServer$Division (ServerState.java:close(419)) - 4fec6c92-8a01-477b-9ee2-8944c630ad1d@group-B1EF4EB933B0: closes. applyIndex: 28
2022-03-03 14:18:44,241 [4fec6c92-8a01-477b-9ee2-8944c630ad1d@group-B1EF4EB933B0-SegmentedRaftLogWorker] INFO  segmented.SegmentedRaftLogWorker (SegmentedRaftLogWorker.java:run(327)) - 4fec6c92-8a01-477b-9ee2-8944c630ad1d@group-B1EF4EB933B0-SegmentedRaftLogWorker was interrupted, exiting. There are 0 tasks remaining in the queue.
2022-03-03 14:18:44,242 [Listener at 127.0.0.1/34469] INFO  segmented.SegmentedRaftLogWorker (SegmentedRaftLogWorker.java:close(237)) - 4fec6c92-8a01-477b-9ee2-8944c630ad1d@group-B1EF4EB933B0-SegmentedRaftLogWorker close()
2022-03-03 14:18:44,242 [Listener at 127.0.0.1/34469] INFO  server.GrpcService (GrpcService.java:closeImpl(262)) - 4fec6c92-8a01-477b-9ee2-8944c630ad1d: shutdown server with port 41845 now
2022-03-03 14:18:44,244 [Listener at 127.0.0.1/34469] INFO  server.GrpcService (GrpcService.java:closeImpl(271)) - 4fec6c92-8a01-477b-9ee2-8944c630ad1d: shutdown server with port 41845 successfully
2022-03-03 14:18:44,245 [org.apache.ratis.util.JvmPauseMonitor$$Lambda$435/453351332@29352588] INFO  util.JvmPauseMonitor (JvmPauseMonitor.java:run(109)) - JvmPauseMonitor-4fec6c92-8a01-477b-9ee2-8944c630ad1d: Stopped
2022-03-03 14:18:44,245 [Listener at 127.0.0.1/34469] INFO  pipeline.BackgroundPipelineCreator (BackgroundPipelineCreator.java:stop(158)) - Stopping RatisPipelineUtilsThread.
2022-03-03 14:18:44,245 [Listener at 127.0.0.1/34469] INFO  server.StorageContainerManager (StorageContainerManager.java:stop(1523)) - Stopping SCM MetadataStore.
2022-03-03 14:18:44,246 [Listener at 127.0.0.1/34469] INFO  impl.MetricsSystemImpl (MetricsSystemImpl.java:stop(205)) - HddsDatanode metrics system stopped (again)
2022-03-03 14:18:44,246 [Listener at 127.0.0.1/34469] INFO  ozone.MiniOzoneClusterImpl (MiniOzoneClusterImpl.java:stop(464)) - Stopping the Mini Ozone Cluster
2022-03-03 14:18:44,246 [Listener at 127.0.0.1/34469] INFO  ozone.MiniOzoneClusterImpl (MiniOzoneClusterImpl.java:stopDatanodes(523)) - Stopping the HddsDatanodes
2022-03-03 14:18:44,808 [Datanode State Machine Daemon Thread] WARN  statemachine.StateContext (StateContext.java:setState(250)) - Ignore disallowed transition from SHUTDOWN to RUNNING
2022-03-03 14:18:45,132 [Datanode State Machine Daemon Thread] WARN  statemachine.StateContext (StateContext.java:setState(250)) - Ignore disallowed transition from SHUTDOWN to RUNNING
2022-03-03 14:18:45,231 [EndpointStateMachine task thread for /127.0.0.1:39049 - 0 ] INFO  ipc.Client (Client.java:handleConnectionFailure(977)) - Retrying connect to server: localhost/127.0.0.1:39049. Already tried 1 time(s); retry policy is RetryUpToMaximumCountWithFixedSleep(maxRetries=15, sleepTime=1000 MILLISECONDS)
2022-03-03 14:18:45,233 [EndpointStateMachine task thread for /127.0.0.1:41237 - 0 ] INFO  ipc.Client (Client.java:handleConnectionFailure(977)) - Retrying connect to server: localhost/127.0.0.1:41237. Already tried 1 time(s); retry policy is RetryUpToMaximumCountWithFixedSleep(maxRetries=15, sleepTime=1000 MILLISECONDS)
2022-03-03 14:18:45,235 [EndpointStateMachine task thread for /127.0.0.1:37109 - 0 ] INFO  ipc.Client (Client.java:handleConnectionFailure(977)) - Retrying connect to server: localhost/127.0.0.1:37109. Already tried 1 time(s); retry policy is RetryUpToMaximumCountWithFixedSleep(maxRetries=15, sleepTime=1000 MILLISECONDS)
2022-03-03 14:18:46,232 [EndpointStateMachine task thread for /127.0.0.1:39049 - 0 ] INFO  ipc.Client (Client.java:handleConnectionFailure(977)) - Retrying connect to server: localhost/127.0.0.1:39049. Already tried 2 time(s); retry policy is RetryUpToMaximumCountWithFixedSleep(maxRetries=15, sleepTime=1000 MILLISECONDS)
2022-03-03 14:18:46,234 [EndpointStateMachine task thread for /127.0.0.1:41237 - 0 ] INFO  ipc.Client (Client.java:handleConnectionFailure(977)) - Retrying connect to server: localhost/127.0.0.1:41237. Already tried 2 time(s); retry policy is RetryUpToMaximumCountWithFixedSleep(maxRetries=15, sleepTime=1000 MILLISECONDS)
2022-03-03 14:18:46,235 [EndpointStateMachine task thread for /127.0.0.1:37109 - 0 ] INFO  ipc.Client (Client.java:handleConnectionFailure(977)) - Retrying connect to server: localhost/127.0.0.1:37109. Already tried 2 time(s); retry policy is RetryUpToMaximumCountWithFixedSleep(maxRetries=15, sleepTime=1000 MILLISECONDS)
2022-03-03 14:18:47,015 [b19705a0-6382-4e36-86d9-fb546cb602cf@group-1BACA9CB8E95-FollowerState] INFO  impl.FollowerState (FollowerState.java:run(134)) - b19705a0-6382-4e36-86d9-fb546cb602cf@group-1BACA9CB8E95-FollowerState: change to CANDIDATE, lastRpcElapsedTime:5066413979ns, electionTimeout:5065ms
2022-03-03 14:18:47,016 [b19705a0-6382-4e36-86d9-fb546cb602cf@group-1BACA9CB8E95-FollowerState] INFO  impl.RoleInfo (RoleInfo.java:shutdownFollowerState(108)) - b19705a0-6382-4e36-86d9-fb546cb602cf: shutdown b19705a0-6382-4e36-86d9-fb546cb602cf@group-1BACA9CB8E95-FollowerState
2022-03-03 14:18:47,016 [b19705a0-6382-4e36-86d9-fb546cb602cf@group-1BACA9CB8E95-FollowerState] INFO  server.RaftServer$Division (RaftServerImpl.java:setRole(290)) - b19705a0-6382-4e36-86d9-fb546cb602cf@group-1BACA9CB8E95: changes role from  FOLLOWER to CANDIDATE at term 1 for changeToCandidate
2022-03-03 14:18:47,016 [b19705a0-6382-4e36-86d9-fb546cb602cf@group-1BACA9CB8E95-FollowerState] INFO  server.RaftServerConfigKeys (ConfUtils.java:logGet(44)) - raft.server.leaderelection.pre-vote = false (custom)
2022-03-03 14:18:47,016 [b19705a0-6382-4e36-86d9-fb546cb602cf@group-1BACA9CB8E95-FollowerState] INFO  impl.RoleInfo (RoleInfo.java:updateAndGet(130)) - b19705a0-6382-4e36-86d9-fb546cb602cf: start b19705a0-6382-4e36-86d9-fb546cb602cf@group-1BACA9CB8E95-LeaderElection15
2022-03-03 14:18:47,019 [b19705a0-6382-4e36-86d9-fb546cb602cf@group-1BACA9CB8E95-LeaderElection15] INFO  impl.LeaderElection (LeaderElection.java:askForVotes(306)) - b19705a0-6382-4e36-86d9-fb546cb602cf@group-1BACA9CB8E95-LeaderElection15 ELECTION round 0: submit vote requests at term 2 for -1: [730569a9-18c0-4e52-b327-799f192de729|rpc:127.0.0.1:37839|dataStream:|priority:0, f2c8ddcd-7296-4a0c-a4e5-1b3106edde55|rpc:127.0.0.1:34023|dataStream:|priority:1, b19705a0-6382-4e36-86d9-fb546cb602cf|rpc:127.0.0.1:44167|dataStream:|priority:0], old=null
2022-03-03 14:18:47,028 [grpc-default-executor-3] INFO  server.RaftServer$Division (RaftServerImpl.java:requestVote(1046)) - 730569a9-18c0-4e52-b327-799f192de729@group-1BACA9CB8E95: receive requestVote(ELECTION, b19705a0-6382-4e36-86d9-fb546cb602cf, group-1BACA9CB8E95, 2, (t:0, i:0))
2022-03-03 14:18:47,028 [grpc-default-executor-3] INFO  impl.VoteContext (VoteContext.java:log(48)) - 730569a9-18c0-4e52-b327-799f192de729@group-1BACA9CB8E95-FOLLOWER: accept ELECTION from b19705a0-6382-4e36-86d9-fb546cb602cf: our priority 0 <= candidate's priority 0
2022-03-03 14:18:47,028 [grpc-default-executor-3] INFO  server.RaftServer$Division (RaftServerImpl.java:setRole(290)) - 730569a9-18c0-4e52-b327-799f192de729@group-1BACA9CB8E95: changes role from  FOLLOWER to FOLLOWER at term 2 for candidate:b19705a0-6382-4e36-86d9-fb546cb602cf
2022-03-03 14:18:47,028 [grpc-default-executor-3] INFO  impl.RoleInfo (RoleInfo.java:shutdownFollowerState(108)) - 730569a9-18c0-4e52-b327-799f192de729: shutdown 730569a9-18c0-4e52-b327-799f192de729@group-1BACA9CB8E95-FollowerState
2022-03-03 14:18:47,028 [grpc-default-executor-3] INFO  impl.RoleInfo (RoleInfo.java:updateAndGet(130)) - 730569a9-18c0-4e52-b327-799f192de729: start 730569a9-18c0-4e52-b327-799f192de729@group-1BACA9CB8E95-FollowerState
2022-03-03 14:18:47,028 [730569a9-18c0-4e52-b327-799f192de729@group-1BACA9CB8E95-FollowerState] INFO  impl.FollowerState (FollowerState.java:run(143)) - 730569a9-18c0-4e52-b327-799f192de729@group-1BACA9CB8E95-FollowerState was interrupted: {}
java.lang.InterruptedException: sleep interrupted
	at java.lang.Thread.sleep(Native Method)
	at java.lang.Thread.sleep(Thread.java:342)
	at java.util.concurrent.TimeUnit.sleep(TimeUnit.java:386)
	at org.apache.ratis.util.TimeDuration.sleep(TimeDuration.java:324)
	at org.apache.ratis.util.TimeDuration.sleep(TimeDuration.java:309)
	at org.apache.ratis.server.impl.FollowerState.run(FollowerState.java:118)
2022-03-03 14:18:47,035 [grpc-default-executor-3] INFO  server.RaftServer$Division (RaftServerImpl.java:requestVote(1078)) - 730569a9-18c0-4e52-b327-799f192de729@group-1BACA9CB8E95 replies to ELECTION vote request: b19705a0-6382-4e36-86d9-fb546cb602cf<-730569a9-18c0-4e52-b327-799f192de729#0:OK-t2. Peer's state: 730569a9-18c0-4e52-b327-799f192de729@group-1BACA9CB8E95:t2, leader=null, voted=b19705a0-6382-4e36-86d9-fb546cb602cf, raftlog=730569a9-18c0-4e52-b327-799f192de729@group-1BACA9CB8E95-SegmentedRaftLog:OPENED:c-1, conf=-1: [730569a9-18c0-4e52-b327-799f192de729|rpc:127.0.0.1:37839|priority:0, f2c8ddcd-7296-4a0c-a4e5-1b3106edde55|rpc:127.0.0.1:34023|priority:1, b19705a0-6382-4e36-86d9-fb546cb602cf|rpc:127.0.0.1:44167|priority:0], old=null
2022-03-03 14:18:47,036 [grpc-default-executor-1] INFO  server.RaftServer$Division (RaftServerImpl.java:requestVote(1046)) - f2c8ddcd-7296-4a0c-a4e5-1b3106edde55@group-1BACA9CB8E95: receive requestVote(ELECTION, b19705a0-6382-4e36-86d9-fb546cb602cf, group-1BACA9CB8E95, 2, (t:0, i:0))
2022-03-03 14:18:47,037 [grpc-default-executor-1] INFO  impl.VoteContext (VoteContext.java:log(48)) - f2c8ddcd-7296-4a0c-a4e5-1b3106edde55@group-1BACA9CB8E95-FOLLOWER: reject ELECTION from b19705a0-6382-4e36-86d9-fb546cb602cf: our priority 1 > candidate's priority 0
2022-03-03 14:18:47,037 [grpc-default-executor-1] INFO  server.RaftServer$Division (RaftServerImpl.java:setRole(290)) - f2c8ddcd-7296-4a0c-a4e5-1b3106edde55@group-1BACA9CB8E95: changes role from  FOLLOWER to FOLLOWER at term 2 for candidate:b19705a0-6382-4e36-86d9-fb546cb602cf
2022-03-03 14:18:47,037 [grpc-default-executor-1] INFO  impl.RoleInfo (RoleInfo.java:shutdownFollowerState(108)) - f2c8ddcd-7296-4a0c-a4e5-1b3106edde55: shutdown f2c8ddcd-7296-4a0c-a4e5-1b3106edde55@group-1BACA9CB8E95-FollowerState
2022-03-03 14:18:47,037 [f2c8ddcd-7296-4a0c-a4e5-1b3106edde55@group-1BACA9CB8E95-FollowerState] INFO  impl.FollowerState (FollowerState.java:run(143)) - f2c8ddcd-7296-4a0c-a4e5-1b3106edde55@group-1BACA9CB8E95-FollowerState was interrupted: {}
java.lang.InterruptedException: sleep interrupted
	at java.lang.Thread.sleep(Native Method)
	at java.lang.Thread.sleep(Thread.java:342)
	at java.util.concurrent.TimeUnit.sleep(TimeUnit.java:386)
	at org.apache.ratis.util.TimeDuration.sleep(TimeDuration.java:324)
	at org.apache.ratis.util.TimeDuration.sleep(TimeDuration.java:309)
	at org.apache.ratis.server.impl.FollowerState.run(FollowerState.java:118)
2022-03-03 14:18:47,037 [grpc-default-executor-1] INFO  impl.RoleInfo (RoleInfo.java:updateAndGet(130)) - f2c8ddcd-7296-4a0c-a4e5-1b3106edde55: start f2c8ddcd-7296-4a0c-a4e5-1b3106edde55@group-1BACA9CB8E95-FollowerState
2022-03-03 14:18:47,039 [grpc-default-executor-1] INFO  server.RaftServer$Division (RaftServerImpl.java:requestVote(1078)) - f2c8ddcd-7296-4a0c-a4e5-1b3106edde55@group-1BACA9CB8E95 replies to ELECTION vote request: b19705a0-6382-4e36-86d9-fb546cb602cf<-f2c8ddcd-7296-4a0c-a4e5-1b3106edde55#0:FAIL-t2. Peer's state: f2c8ddcd-7296-4a0c-a4e5-1b3106edde55@group-1BACA9CB8E95:t2, leader=null, voted=null, raftlog=f2c8ddcd-7296-4a0c-a4e5-1b3106edde55@group-1BACA9CB8E95-SegmentedRaftLog:OPENED:c-1, conf=-1: [730569a9-18c0-4e52-b327-799f192de729|rpc:127.0.0.1:37839|dataStream:|priority:0, f2c8ddcd-7296-4a0c-a4e5-1b3106edde55|rpc:127.0.0.1:34023|dataStream:|priority:1, b19705a0-6382-4e36-86d9-fb546cb602cf|rpc:127.0.0.1:44167|dataStream:|priority:0], old=null
2022-03-03 14:18:47,040 [b19705a0-6382-4e36-86d9-fb546cb602cf@group-1BACA9CB8E95-LeaderElection15] INFO  impl.LeaderElection (LeaderElection.java:logAndReturn(89)) - b19705a0-6382-4e36-86d9-fb546cb602cf@group-1BACA9CB8E95-LeaderElection15: ELECTION REJECTED received 2 response(s) and 0 exception(s):
2022-03-03 14:18:47,040 [b19705a0-6382-4e36-86d9-fb546cb602cf@group-1BACA9CB8E95-LeaderElection15] INFO  impl.LeaderElection (LeaderElection.java:logAndReturn(93)) -   Response 0: b19705a0-6382-4e36-86d9-fb546cb602cf<-730569a9-18c0-4e52-b327-799f192de729#0:OK-t2
2022-03-03 14:18:47,040 [b19705a0-6382-4e36-86d9-fb546cb602cf@group-1BACA9CB8E95-LeaderElection15] INFO  impl.LeaderElection (LeaderElection.java:logAndReturn(93)) -   Response 1: b19705a0-6382-4e36-86d9-fb546cb602cf<-f2c8ddcd-7296-4a0c-a4e5-1b3106edde55#0:FAIL-t2
2022-03-03 14:18:47,040 [b19705a0-6382-4e36-86d9-fb546cb602cf@group-1BACA9CB8E95-LeaderElection15] INFO  impl.LeaderElection (LeaderElection.java:askForVotes(308)) - b19705a0-6382-4e36-86d9-fb546cb602cf@group-1BACA9CB8E95-LeaderElection15 ELECTION round 0: result REJECTED
2022-03-03 14:18:47,040 [b19705a0-6382-4e36-86d9-fb546cb602cf@group-1BACA9CB8E95-LeaderElection15] INFO  server.RaftServer$Division (RaftServerImpl.java:setRole(290)) - b19705a0-6382-4e36-86d9-fb546cb602cf@group-1BACA9CB8E95: changes role from CANDIDATE to FOLLOWER at term 2 for REJECTED
2022-03-03 14:18:47,040 [b19705a0-6382-4e36-86d9-fb546cb602cf@group-1BACA9CB8E95-LeaderElection15] INFO  impl.RoleInfo (RoleInfo.java:shutdownLeaderElection(121)) - b19705a0-6382-4e36-86d9-fb546cb602cf: shutdown b19705a0-6382-4e36-86d9-fb546cb602cf@group-1BACA9CB8E95-LeaderElection15
2022-03-03 14:18:47,040 [b19705a0-6382-4e36-86d9-fb546cb602cf@group-1BACA9CB8E95-LeaderElection15] INFO  impl.RoleInfo (RoleInfo.java:updateAndGet(130)) - b19705a0-6382-4e36-86d9-fb546cb602cf: start b19705a0-6382-4e36-86d9-fb546cb602cf@group-1BACA9CB8E95-FollowerState
2022-03-03 14:18:47,233 [EndpointStateMachine task thread for /127.0.0.1:39049 - 0 ] INFO  ipc.Client (Client.java:handleConnectionFailure(977)) - Retrying connect to server: localhost/127.0.0.1:39049. Already tried 3 time(s); retry policy is RetryUpToMaximumCountWithFixedSleep(maxRetries=15, sleepTime=1000 MILLISECONDS)
2022-03-03 14:18:47,234 [EndpointStateMachine task thread for /127.0.0.1:41237 - 0 ] INFO  ipc.Client (Client.java:handleConnectionFailure(977)) - Retrying connect to server: localhost/127.0.0.1:41237. Already tried 3 time(s); retry policy is RetryUpToMaximumCountWithFixedSleep(maxRetries=15, sleepTime=1000 MILLISECONDS)
2022-03-03 14:18:47,236 [EndpointStateMachine task thread for /127.0.0.1:37109 - 0 ] INFO  ipc.Client (Client.java:handleConnectionFailure(977)) - Retrying connect to server: localhost/127.0.0.1:37109. Already tried 3 time(s); retry policy is RetryUpToMaximumCountWithFixedSleep(maxRetries=15, sleepTime=1000 MILLISECONDS)
2022-03-03 14:18:48,233 [EndpointStateMachine task thread for /127.0.0.1:39049 - 0 ] INFO  ipc.Client (Client.java:handleConnectionFailure(977)) - Retrying connect to server: localhost/127.0.0.1:39049. Already tried 4 time(s); retry policy is RetryUpToMaximumCountWithFixedSleep(maxRetries=15, sleepTime=1000 MILLISECONDS)
2022-03-03 14:18:48,235 [EndpointStateMachine task thread for /127.0.0.1:41237 - 0 ] INFO  ipc.Client (Client.java:handleConnectionFailure(977)) - Retrying connect to server: localhost/127.0.0.1:41237. Already tried 4 time(s); retry policy is RetryUpToMaximumCountWithFixedSleep(maxRetries=15, sleepTime=1000 MILLISECONDS)
2022-03-03 14:18:48,236 [Datanode State Machine Daemon Thread] ERROR datanode.RunningDatanodeState (RunningDatanodeState.java:computeNextContainerState(201)) - Error in executing end point task.
java.util.concurrent.ExecutionException: java.util.concurrent.TimeoutException
	at java.util.concurrent.FutureTask.report(FutureTask.java:122)
	at java.util.concurrent.FutureTask.get(FutureTask.java:192)
	at org.apache.hadoop.ozone.container.common.states.datanode.RunningDatanodeState.computeNextContainerState(RunningDatanodeState.java:193)
	at org.apache.hadoop.ozone.container.common.states.datanode.RunningDatanodeState.await(RunningDatanodeState.java:233)
	at org.apache.hadoop.ozone.container.common.states.datanode.RunningDatanodeState.await(RunningDatanodeState.java:50)
	at org.apache.hadoop.ozone.container.common.statemachine.StateContext.execute(StateContext.java:658)
	at org.apache.hadoop.ozone.container.common.statemachine.DatanodeStateMachine.startStateMachineThread(DatanodeStateMachine.java:283)
	at org.apache.hadoop.ozone.container.common.statemachine.DatanodeStateMachine.lambda$startDaemon$0(DatanodeStateMachine.java:471)
	at java.lang.Thread.run(Thread.java:750)
Caused by: java.util.concurrent.TimeoutException
	at java.util.concurrent.FutureTask.get(FutureTask.java:205)
	at org.apache.hadoop.ozone.container.common.states.datanode.RunningDatanodeState.lambda$execute$0(RunningDatanodeState.java:151)
	at java.util.concurrent.FutureTask.run(FutureTask.java:266)
	at java.util.concurrent.Executors$RunnableAdapter.call(Executors.java:511)
	at java.util.concurrent.FutureTask.run(FutureTask.java:266)
	at java.util.concurrent.ThreadPoolExecutor.runWorker(ThreadPoolExecutor.java:1149)
	at java.util.concurrent.ThreadPoolExecutor$Worker.run(ThreadPoolExecutor.java:624)
	... 1 more
2022-03-03 14:18:48,236 [EndpointStateMachine task thread for /127.0.0.1:37109 - 0 ] INFO  ipc.Client (Client.java:handleConnectionFailure(977)) - Retrying connect to server: localhost/127.0.0.1:37109. Already tried 4 time(s); retry policy is RetryUpToMaximumCountWithFixedSleep(maxRetries=15, sleepTime=1000 MILLISECONDS)
2022-03-03 14:18:49,234 [EndpointStateMachine task thread for /127.0.0.1:39049 - 0 ] INFO  ipc.Client (Client.java:handleConnectionFailure(977)) - Retrying connect to server: localhost/127.0.0.1:39049. Already tried 5 time(s); retry policy is RetryUpToMaximumCountWithFixedSleep(maxRetries=15, sleepTime=1000 MILLISECONDS)
2022-03-03 14:18:49,235 [EndpointStateMachine task thread for /127.0.0.1:41237 - 0 ] INFO  ipc.Client (Client.java:handleConnectionFailure(977)) - Retrying connect to server: localhost/127.0.0.1:41237. Already tried 5 time(s); retry policy is RetryUpToMaximumCountWithFixedSleep(maxRetries=15, sleepTime=1000 MILLISECONDS)
2022-03-03 14:18:49,238 [EndpointStateMachine task thread for /127.0.0.1:37109 - 0 ] INFO  ipc.Client (Client.java:handleConnectionFailure(977)) - Retrying connect to server: localhost/127.0.0.1:37109. Already tried 5 time(s); retry policy is RetryUpToMaximumCountWithFixedSleep(maxRetries=15, sleepTime=1000 MILLISECONDS)
2022-03-03 14:18:49,249 [ForkJoinPool.commonPool-worker-0] INFO  ozoneimpl.OzoneContainer (OzoneContainer.java:stop(356)) - Attempting to stop container services.
2022-03-03 14:18:49,249 [Listener at 127.0.0.1/34469] INFO  ozoneimpl.OzoneContainer (OzoneContainer.java:stop(356)) - Attempting to stop container services.
2022-03-03 14:18:49,250 [Listener at 127.0.0.1/34469] INFO  server.RaftServer (RaftServerProxy.java:lambda$close$6(391)) - f2c8ddcd-7296-4a0c-a4e5-1b3106edde55: close
2022-03-03 14:18:49,250 [ForkJoinPool.commonPool-worker-0] INFO  server.RaftServer (RaftServerProxy.java:lambda$close$6(391)) - 730569a9-18c0-4e52-b327-799f192de729: close
2022-03-03 14:18:49,250 [Listener at 127.0.0.1/34469] INFO  server.RaftServer$Division (RaftServerImpl.java:lambda$close$4(412)) - f2c8ddcd-7296-4a0c-a4e5-1b3106edde55@group-368786588B77: shutdown
2022-03-03 14:18:49,250 [ForkJoinPool.commonPool-worker-0] INFO  server.RaftServer$Division (RaftServerImpl.java:lambda$close$4(412)) - 730569a9-18c0-4e52-b327-799f192de729@group-BEA9097ECB80: shutdown
2022-03-03 14:18:49,251 [Listener at 127.0.0.1/34469] INFO  util.JmxRegister (JmxRegister.java:unregister(73)) - Successfully un-registered JMX Bean with object name Ratis:service=RaftServer,group=group-368786588B77,id=f2c8ddcd-7296-4a0c-a4e5-1b3106edde55
2022-03-03 14:18:49,251 [Listener at 127.0.0.1/34469] INFO  impl.RoleInfo (RoleInfo.java:shutdownLeaderState(91)) - f2c8ddcd-7296-4a0c-a4e5-1b3106edde55: shutdown f2c8ddcd-7296-4a0c-a4e5-1b3106edde55@group-368786588B77-LeaderStateImpl
2022-03-03 14:18:49,251 [ForkJoinPool.commonPool-worker-0] INFO  util.JmxRegister (JmxRegister.java:unregister(73)) - Successfully un-registered JMX Bean with object name Ratis:service=RaftServer,group=group-BEA9097ECB80,id=730569a9-18c0-4e52-b327-799f192de729
2022-03-03 14:18:49,251 [ForkJoinPool.commonPool-worker-0] INFO  impl.RoleInfo (RoleInfo.java:shutdownLeaderState(91)) - 730569a9-18c0-4e52-b327-799f192de729: shutdown 730569a9-18c0-4e52-b327-799f192de729@group-BEA9097ECB80-LeaderStateImpl
2022-03-03 14:18:49,251 [Listener at 127.0.0.1/34469] INFO  impl.PendingRequests (PendingRequests.java:sendNotLeaderResponses(282)) - f2c8ddcd-7296-4a0c-a4e5-1b3106edde55@group-368786588B77-PendingRequests: sendNotLeaderResponses
2022-03-03 14:18:49,251 [ForkJoinPool.commonPool-worker-0] INFO  impl.PendingRequests (PendingRequests.java:sendNotLeaderResponses(282)) - 730569a9-18c0-4e52-b327-799f192de729@group-BEA9097ECB80-PendingRequests: sendNotLeaderResponses
2022-03-03 14:18:49,251 [730569a9-18c0-4e52-b327-799f192de729@group-BEA9097ECB80->f2c8ddcd-7296-4a0c-a4e5-1b3106edde55-GrpcLogAppender-LogAppenderDaemon] WARN  server.GrpcLogAppender (GrpcLogAppender.java:mayWait(177)) - 730569a9-18c0-4e52-b327-799f192de729@group-BEA9097ECB80->f2c8ddcd-7296-4a0c-a4e5-1b3106edde55-GrpcLogAppender: Wait interrupted by java.lang.InterruptedException
2022-03-03 14:18:49,251 [730569a9-18c0-4e52-b327-799f192de729@group-BEA9097ECB80->b19705a0-6382-4e36-86d9-fb546cb602cf-GrpcLogAppender-LogAppenderDaemon] WARN  server.GrpcLogAppender (GrpcLogAppender.java:mayWait(177)) - 730569a9-18c0-4e52-b327-799f192de729@group-BEA9097ECB80->b19705a0-6382-4e36-86d9-fb546cb602cf-GrpcLogAppender: Wait interrupted by java.lang.InterruptedException
2022-03-03 14:18:49,253 [grpc-default-executor-1] INFO  server.GrpcServerProtocolService (GrpcServerProtocolService.java:onCompleted(140)) - f2c8ddcd-7296-4a0c-a4e5-1b3106edde55: Completed APPEND_ENTRIES, lastRequest: 730569a9-18c0-4e52-b327-799f192de729->f2c8ddcd-7296-4a0c-a4e5-1b3106edde55#1-t1,previous=(t:0, i:0),leaderCommit=-1,initializing? true,entries: size=1, first=(t:1, i:0), CONFIGURATIONENTRY
2022-03-03 14:18:49,254 [grpc-default-executor-3] INFO  server.GrpcServerProtocolService (GrpcServerProtocolService.java:onCompleted(140)) - b19705a0-6382-4e36-86d9-fb546cb602cf: Completed APPEND_ENTRIES, lastRequest: 730569a9-18c0-4e52-b327-799f192de729->b19705a0-6382-4e36-86d9-fb546cb602cf#1-t1,previous=(t:0, i:0),leaderCommit=-1,initializing? true,entries: size=1, first=(t:1, i:0), CONFIGURATIONENTRY
2022-03-03 14:18:49,256 [grpc-default-executor-3] INFO  server.GrpcLogAppender (GrpcLogAppender.java:onCompleted(346)) - 730569a9-18c0-4e52-b327-799f192de729@group-BEA9097ECB80->f2c8ddcd-7296-4a0c-a4e5-1b3106edde55-AppendLogResponseHandler: follower responses appendEntries COMPLETED
2022-03-03 14:18:49,257 [grpc-default-executor-3] INFO  leader.FollowerInfo (FollowerInfoImpl.java:lambda$new$0(47)) - 730569a9-18c0-4e52-b327-799f192de729@group-BEA9097ECB80->f2c8ddcd-7296-4a0c-a4e5-1b3106edde55: nextIndex: updateUnconditionally 1 -> 0
2022-03-03 14:18:49,257 [grpc-default-executor-2] INFO  server.GrpcLogAppender (GrpcLogAppender.java:onCompleted(346)) - 730569a9-18c0-4e52-b327-799f192de729@group-BEA9097ECB80->b19705a0-6382-4e36-86d9-fb546cb602cf-AppendLogResponseHandler: follower responses appendEntries COMPLETED
2022-03-03 14:18:49,257 [grpc-default-executor-2] INFO  leader.FollowerInfo (FollowerInfoImpl.java:lambda$new$0(47)) - 730569a9-18c0-4e52-b327-799f192de729@group-BEA9097ECB80->b19705a0-6382-4e36-86d9-fb546cb602cf: nextIndex: updateUnconditionally 1 -> 0
2022-03-03 14:18:49,257 [Listener at 127.0.0.1/34469] INFO  impl.StateMachineUpdater (StateMachineUpdater.java:stopAndJoin(149)) - f2c8ddcd-7296-4a0c-a4e5-1b3106edde55@group-368786588B77-StateMachineUpdater: set stopIndex = 0
2022-03-03 14:18:49,257 [730569a9-18c0-4e52-b327-799f192de729@group-BEA9097ECB80-StateMachineUpdater] INFO  ratis.ContainerStateMachine (ContainerStateMachine.java:takeSnapshot(304)) - group-BEA9097ECB80: Taking a snapshot at:(t:1, i:0) file /home/runner/work/ozone/ozone/hadoop-ozone/integration-test/target/test-dir/MiniOzoneClusterImpl-0274ca87-c068-4a4d-855f-b1ef4eb933b0/datanode-0/data/ratis/d4e088ac-d662-4fb5-bec4-bea9097ecb80/sm/snapshot.1_0
2022-03-03 14:18:49,262 [f2c8ddcd-7296-4a0c-a4e5-1b3106edde55@group-368786588B77-StateMachineUpdater] INFO  ratis.ContainerStateMachine (ContainerStateMachine.java:takeSnapshot(304)) - group-368786588B77: Taking a snapshot at:(t:1, i:0) file /home/runner/work/ozone/ozone/hadoop-ozone/integration-test/target/test-dir/MiniOzoneClusterImpl-0274ca87-c068-4a4d-855f-b1ef4eb933b0/datanode-1/data/ratis/1a16404a-c875-4870-b480-368786588b77/sm/snapshot.1_0
2022-03-03 14:18:49,262 [ForkJoinPool.commonPool-worker-0] INFO  impl.StateMachineUpdater (StateMachineUpdater.java:stopAndJoin(149)) - 730569a9-18c0-4e52-b327-799f192de729@group-BEA9097ECB80-StateMachineUpdater: set stopIndex = 0
2022-03-03 14:18:49,283 [730569a9-18c0-4e52-b327-799f192de729@group-BEA9097ECB80-StateMachineUpdater] INFO  ratis.ContainerStateMachine (ContainerStateMachine.java:takeSnapshot(315)) - group-BEA9097ECB80: Finished taking a snapshot at:(t:1, i:0) file:/home/runner/work/ozone/ozone/hadoop-ozone/integration-test/target/test-dir/MiniOzoneClusterImpl-0274ca87-c068-4a4d-855f-b1ef4eb933b0/datanode-0/data/ratis/d4e088ac-d662-4fb5-bec4-bea9097ecb80/sm/snapshot.1_0 took: 25 ms
2022-03-03 14:18:49,284 [730569a9-18c0-4e52-b327-799f192de729@group-BEA9097ECB80-StateMachineUpdater] INFO  impl.StateMachineUpdater (StateMachineUpdater.java:takeSnapshot(281)) - 730569a9-18c0-4e52-b327-799f192de729@group-BEA9097ECB80-StateMachineUpdater: Took a snapshot at index 0
2022-03-03 14:18:49,284 [730569a9-18c0-4e52-b327-799f192de729@group-BEA9097ECB80-StateMachineUpdater] INFO  impl.StateMachineUpdater (StateMachineUpdater.java:lambda$new$0(89)) - 730569a9-18c0-4e52-b327-799f192de729@group-BEA9097ECB80-StateMachineUpdater: snapshotIndex: updateIncreasingly -1 -> 0
2022-03-03 14:18:49,284 [ForkJoinPool.commonPool-worker-0] INFO  server.RaftServer$Division (ServerState.java:close(419)) - 730569a9-18c0-4e52-b327-799f192de729@group-BEA9097ECB80: closes. applyIndex: 0
2022-03-03 14:18:49,284 [f2c8ddcd-7296-4a0c-a4e5-1b3106edde55@group-368786588B77-StateMachineUpdater] INFO  ratis.ContainerStateMachine (ContainerStateMachine.java:takeSnapshot(315)) - group-368786588B77: Finished taking a snapshot at:(t:1, i:0) file:/home/runner/work/ozone/ozone/hadoop-ozone/integration-test/target/test-dir/MiniOzoneClusterImpl-0274ca87-c068-4a4d-855f-b1ef4eb933b0/datanode-1/data/ratis/1a16404a-c875-4870-b480-368786588b77/sm/snapshot.1_0 took: 23 ms
2022-03-03 14:18:49,284 [730569a9-18c0-4e52-b327-799f192de729@group-BEA9097ECB80-SegmentedRaftLogWorker] INFO  segmented.SegmentedRaftLogWorker (SegmentedRaftLogWorker.java:run(327)) - 730569a9-18c0-4e52-b327-799f192de729@group-BEA9097ECB80-SegmentedRaftLogWorker was interrupted, exiting. There are 0 tasks remaining in the queue.
2022-03-03 14:18:49,285 [ForkJoinPool.commonPool-worker-0] INFO  segmented.SegmentedRaftLogWorker (SegmentedRaftLogWorker.java:close(237)) - 730569a9-18c0-4e52-b327-799f192de729@group-BEA9097ECB80-SegmentedRaftLogWorker close()
2022-03-03 14:18:49,286 [ForkJoinPool.commonPool-worker-0] INFO  server.RaftServer$Division (RaftServerImpl.java:lambda$close$4(412)) - 730569a9-18c0-4e52-b327-799f192de729@group-3A299CFC6973: shutdown
2022-03-03 14:18:49,286 [ForkJoinPool.commonPool-worker-0] INFO  util.JmxRegister (JmxRegister.java:unregister(73)) - Successfully un-registered JMX Bean with object name Ratis:service=RaftServer,group=group-3A299CFC6973,id=730569a9-18c0-4e52-b327-799f192de729
2022-03-03 14:18:49,286 [ForkJoinPool.commonPool-worker-0] INFO  impl.RoleInfo (RoleInfo.java:shutdownLeaderState(91)) - 730569a9-18c0-4e52-b327-799f192de729: shutdown 730569a9-18c0-4e52-b327-799f192de729@group-3A299CFC6973-LeaderStateImpl
2022-03-03 14:18:49,286 [ForkJoinPool.commonPool-worker-0] INFO  impl.PendingRequests (PendingRequests.java:sendNotLeaderResponses(282)) - 730569a9-18c0-4e52-b327-799f192de729@group-3A299CFC6973-PendingRequests: sendNotLeaderResponses
2022-03-03 14:18:49,287 [ForkJoinPool.commonPool-worker-0] INFO  impl.StateMachineUpdater (StateMachineUpdater.java:stopAndJoin(149)) - 730569a9-18c0-4e52-b327-799f192de729@group-3A299CFC6973-StateMachineUpdater: set stopIndex = 0
2022-03-03 14:18:49,287 [f2c8ddcd-7296-4a0c-a4e5-1b3106edde55@group-368786588B77-StateMachineUpdater] INFO  impl.StateMachineUpdater (StateMachineUpdater.java:takeSnapshot(281)) - f2c8ddcd-7296-4a0c-a4e5-1b3106edde55@group-368786588B77-StateMachineUpdater: Took a snapshot at index 0
2022-03-03 14:18:49,287 [730569a9-18c0-4e52-b327-799f192de729@group-3A299CFC6973-StateMachineUpdater] INFO  ratis.ContainerStateMachine (ContainerStateMachine.java:takeSnapshot(304)) - group-3A299CFC6973: Taking a snapshot at:(t:1, i:0) file /home/runner/work/ozone/ozone/hadoop-ozone/integration-test/target/test-dir/MiniOzoneClusterImpl-0274ca87-c068-4a4d-855f-b1ef4eb933b0/datanode-0/data/ratis/8770f789-fe90-4bd1-a9b0-3a299cfc6973/sm/snapshot.1_0
2022-03-03 14:18:49,287 [f2c8ddcd-7296-4a0c-a4e5-1b3106edde55@group-368786588B77-StateMachineUpdater] INFO  impl.StateMachineUpdater (StateMachineUpdater.java:lambda$new$0(89)) - f2c8ddcd-7296-4a0c-a4e5-1b3106edde55@group-368786588B77-StateMachineUpdater: snapshotIndex: updateIncreasingly -1 -> 0
2022-03-03 14:18:49,287 [Listener at 127.0.0.1/34469] INFO  server.RaftServer$Division (ServerState.java:close(419)) - f2c8ddcd-7296-4a0c-a4e5-1b3106edde55@group-368786588B77: closes. applyIndex: 0
2022-03-03 14:18:49,287 [f2c8ddcd-7296-4a0c-a4e5-1b3106edde55@group-368786588B77-SegmentedRaftLogWorker] INFO  segmented.SegmentedRaftLogWorker (SegmentedRaftLogWorker.java:run(327)) - f2c8ddcd-7296-4a0c-a4e5-1b3106edde55@group-368786588B77-SegmentedRaftLogWorker was interrupted, exiting. There are 0 tasks remaining in the queue.
2022-03-03 14:18:49,288 [Listener at 127.0.0.1/34469] INFO  segmented.SegmentedRaftLogWorker (SegmentedRaftLogWorker.java:close(237)) - f2c8ddcd-7296-4a0c-a4e5-1b3106edde55@group-368786588B77-SegmentedRaftLogWorker close()
2022-03-03 14:18:49,288 [730569a9-18c0-4e52-b327-799f192de729@group-3A299CFC6973-StateMachineUpdater] INFO  ratis.ContainerStateMachine (ContainerStateMachine.java:takeSnapshot(315)) - group-3A299CFC6973: Finished taking a snapshot at:(t:1, i:0) file:/home/runner/work/ozone/ozone/hadoop-ozone/integration-test/target/test-dir/MiniOzoneClusterImpl-0274ca87-c068-4a4d-855f-b1ef4eb933b0/datanode-0/data/ratis/8770f789-fe90-4bd1-a9b0-3a299cfc6973/sm/snapshot.1_0 took: 2 ms
2022-03-03 14:18:49,289 [Listener at 127.0.0.1/34469] INFO  server.RaftServer$Division (RaftServerImpl.java:lambda$close$4(412)) - f2c8ddcd-7296-4a0c-a4e5-1b3106edde55@group-BEA9097ECB80: shutdown
2022-03-03 14:18:49,289 [730569a9-18c0-4e52-b327-799f192de729@group-3A299CFC6973-StateMachineUpdater] INFO  impl.StateMachineUpdater (StateMachineUpdater.java:takeSnapshot(281)) - 730569a9-18c0-4e52-b327-799f192de729@group-3A299CFC6973-StateMachineUpdater: Took a snapshot at index 0
2022-03-03 14:18:49,289 [Listener at 127.0.0.1/34469] INFO  util.JmxRegister (JmxRegister.java:unregister(73)) - Successfully un-registered JMX Bean with object name Ratis:service=RaftServer,group=group-BEA9097ECB80,id=f2c8ddcd-7296-4a0c-a4e5-1b3106edde55
2022-03-03 14:18:49,289 [Listener at 127.0.0.1/34469] INFO  impl.RoleInfo (RoleInfo.java:shutdownFollowerState(108)) - f2c8ddcd-7296-4a0c-a4e5-1b3106edde55: shutdown f2c8ddcd-7296-4a0c-a4e5-1b3106edde55@group-BEA9097ECB80-FollowerState
2022-03-03 14:18:49,289 [Listener at 127.0.0.1/34469] INFO  impl.StateMachineUpdater (StateMachineUpdater.java:stopAndJoin(149)) - f2c8ddcd-7296-4a0c-a4e5-1b3106edde55@group-BEA9097ECB80-StateMachineUpdater: set stopIndex = 0
2022-03-03 14:18:49,289 [730569a9-18c0-4e52-b327-799f192de729@group-3A299CFC6973-StateMachineUpdater] INFO  impl.StateMachineUpdater (StateMachineUpdater.java:lambda$new$0(89)) - 730569a9-18c0-4e52-b327-799f192de729@group-3A299CFC6973-StateMachineUpdater: snapshotIndex: updateIncreasingly -1 -> 0
2022-03-03 14:18:49,290 [f2c8ddcd-7296-4a0c-a4e5-1b3106edde55@group-BEA9097ECB80-FollowerState] INFO  impl.FollowerState (FollowerState.java:run(143)) - f2c8ddcd-7296-4a0c-a4e5-1b3106edde55@group-BEA9097ECB80-FollowerState was interrupted: {}
java.lang.InterruptedException: sleep interrupted
	at java.lang.Thread.sleep(Native Method)
	at java.lang.Thread.sleep(Thread.java:342)
	at java.util.concurrent.TimeUnit.sleep(TimeUnit.java:386)
	at org.apache.ratis.util.TimeDuration.sleep(TimeDuration.java:324)
	at org.apache.ratis.util.TimeDuration.sleep(TimeDuration.java:309)
	at org.apache.ratis.server.impl.FollowerState.run(FollowerState.java:118)
2022-03-03 14:18:49,290 [ForkJoinPool.commonPool-worker-0] INFO  server.RaftServer$Division (ServerState.java:close(419)) - 730569a9-18c0-4e52-b327-799f192de729@group-3A299CFC6973: closes. applyIndex: 0
2022-03-03 14:18:49,290 [730569a9-18c0-4e52-b327-799f192de729@group-3A299CFC6973-SegmentedRaftLogWorker] INFO  segmented.SegmentedRaftLogWorker (SegmentedRaftLogWorker.java:run(327)) - 730569a9-18c0-4e52-b327-799f192de729@group-3A299CFC6973-SegmentedRaftLogWorker was interrupted, exiting. There are 0 tasks remaining in the queue.
2022-03-03 14:18:49,290 [f2c8ddcd-7296-4a0c-a4e5-1b3106edde55@group-BEA9097ECB80-StateMachineUpdater] INFO  ratis.ContainerStateMachine (ContainerStateMachine.java:takeSnapshot(304)) - group-BEA9097ECB80: Taking a snapshot at:(t:1, i:0) file /home/runner/work/ozone/ozone/hadoop-ozone/integration-test/target/test-dir/MiniOzoneClusterImpl-0274ca87-c068-4a4d-855f-b1ef4eb933b0/datanode-1/data/ratis/d4e088ac-d662-4fb5-bec4-bea9097ecb80/sm/snapshot.1_0
2022-03-03 14:18:49,291 [ForkJoinPool.commonPool-worker-0] INFO  segmented.SegmentedRaftLogWorker (SegmentedRaftLogWorker.java:close(237)) - 730569a9-18c0-4e52-b327-799f192de729@group-3A299CFC6973-SegmentedRaftLogWorker close()
2022-03-03 14:18:49,292 [f2c8ddcd-7296-4a0c-a4e5-1b3106edde55@group-BEA9097ECB80-StateMachineUpdater] INFO  ratis.ContainerStateMachine (ContainerStateMachine.java:takeSnapshot(315)) - group-BEA9097ECB80: Finished taking a snapshot at:(t:1, i:0) file:/home/runner/work/ozone/ozone/hadoop-ozone/integration-test/target/test-dir/MiniOzoneClusterImpl-0274ca87-c068-4a4d-855f-b1ef4eb933b0/datanode-1/data/ratis/d4e088ac-d662-4fb5-bec4-bea9097ecb80/sm/snapshot.1_0 took: 1 ms
2022-03-03 14:18:49,292 [f2c8ddcd-7296-4a0c-a4e5-1b3106edde55@group-BEA9097ECB80-StateMachineUpdater] INFO  impl.StateMachineUpdater (StateMachineUpdater.java:takeSnapshot(281)) - f2c8ddcd-7296-4a0c-a4e5-1b3106edde55@group-BEA9097ECB80-StateMachineUpdater: Took a snapshot at index 0
2022-03-03 14:18:49,292 [f2c8ddcd-7296-4a0c-a4e5-1b3106edde55@group-BEA9097ECB80-StateMachineUpdater] INFO  impl.StateMachineUpdater (StateMachineUpdater.java:lambda$new$0(89)) - f2c8ddcd-7296-4a0c-a4e5-1b3106edde55@group-BEA9097ECB80-StateMachineUpdater: snapshotIndex: updateIncreasingly -1 -> 0
2022-03-03 14:18:49,292 [Listener at 127.0.0.1/34469] INFO  server.RaftServer$Division (ServerState.java:close(419)) - f2c8ddcd-7296-4a0c-a4e5-1b3106edde55@group-BEA9097ECB80: closes. applyIndex: 0
2022-03-03 14:18:49,293 [f2c8ddcd-7296-4a0c-a4e5-1b3106edde55@group-BEA9097ECB80-SegmentedRaftLogWorker] INFO  segmented.SegmentedRaftLogWorker (SegmentedRaftLogWorker.java:run(327)) - f2c8ddcd-7296-4a0c-a4e5-1b3106edde55@group-BEA9097ECB80-SegmentedRaftLogWorker was interrupted, exiting. There are 0 tasks remaining in the queue.
2022-03-03 14:18:49,293 [ForkJoinPool.commonPool-worker-0] INFO  server.RaftServer$Division (RaftServerImpl.java:lambda$close$4(412)) - 730569a9-18c0-4e52-b327-799f192de729@group-1BACA9CB8E95: shutdown
2022-03-03 14:18:49,293 [ForkJoinPool.commonPool-worker-0] INFO  util.JmxRegister (JmxRegister.java:unregister(73)) - Successfully un-registered JMX Bean with object name Ratis:service=RaftServer,group=group-1BACA9CB8E95,id=730569a9-18c0-4e52-b327-799f192de729
2022-03-03 14:18:49,293 [ForkJoinPool.commonPool-worker-0] INFO  impl.RoleInfo (RoleInfo.java:shutdownFollowerState(108)) - 730569a9-18c0-4e52-b327-799f192de729: shutdown 730569a9-18c0-4e52-b327-799f192de729@group-1BACA9CB8E95-FollowerState
2022-03-03 14:18:49,293 [ForkJoinPool.commonPool-worker-0] INFO  impl.StateMachineUpdater (StateMachineUpdater.java:stopAndJoin(149)) - 730569a9-18c0-4e52-b327-799f192de729@group-1BACA9CB8E95-StateMachineUpdater: set stopIndex = -1
2022-03-03 14:18:49,293 [730569a9-18c0-4e52-b327-799f192de729@group-1BACA9CB8E95-FollowerState] INFO  impl.FollowerState (FollowerState.java:run(143)) - 730569a9-18c0-4e52-b327-799f192de729@group-1BACA9CB8E95-FollowerState was interrupted: {}
java.lang.InterruptedException: sleep interrupted
	at java.lang.Thread.sleep(Native Method)
	at java.lang.Thread.sleep(Thread.java:342)
	at java.util.concurrent.TimeUnit.sleep(TimeUnit.java:386)
	at org.apache.ratis.util.TimeDuration.sleep(TimeDuration.java:324)
	at org.apache.ratis.util.TimeDuration.sleep(TimeDuration.java:309)
	at org.apache.ratis.server.impl.FollowerState.run(FollowerState.java:118)
2022-03-03 14:18:49,294 [ForkJoinPool.commonPool-worker-0] INFO  server.RaftServer$Division (ServerState.java:close(419)) - 730569a9-18c0-4e52-b327-799f192de729@group-1BACA9CB8E95: closes. applyIndex: -1
2022-03-03 14:18:49,294 [730569a9-18c0-4e52-b327-799f192de729@group-1BACA9CB8E95-SegmentedRaftLogWorker] INFO  segmented.SegmentedRaftLogWorker (SegmentedRaftLogWorker.java:run(327)) - 730569a9-18c0-4e52-b327-799f192de729@group-1BACA9CB8E95-SegmentedRaftLogWorker was interrupted, exiting. There are 0 tasks remaining in the queue.
2022-03-03 14:18:49,294 [Listener at 127.0.0.1/34469] INFO  segmented.SegmentedRaftLogWorker (SegmentedRaftLogWorker.java:close(237)) - f2c8ddcd-7296-4a0c-a4e5-1b3106edde55@group-BEA9097ECB80-SegmentedRaftLogWorker close()
2022-03-03 14:18:49,294 [Listener at 127.0.0.1/34469] INFO  server.RaftServer$Division (RaftServerImpl.java:lambda$close$4(412)) - f2c8ddcd-7296-4a0c-a4e5-1b3106edde55@group-1BACA9CB8E95: shutdown
2022-03-03 14:18:49,295 [Listener at 127.0.0.1/34469] INFO  util.JmxRegister (JmxRegister.java:unregister(73)) - Successfully un-registered JMX Bean with object name Ratis:service=RaftServer,group=group-1BACA9CB8E95,id=f2c8ddcd-7296-4a0c-a4e5-1b3106edde55
2022-03-03 14:18:49,295 [Listener at 127.0.0.1/34469] INFO  impl.RoleInfo (RoleInfo.java:shutdownFollowerState(108)) - f2c8ddcd-7296-4a0c-a4e5-1b3106edde55: shutdown f2c8ddcd-7296-4a0c-a4e5-1b3106edde55@group-1BACA9CB8E95-FollowerState
2022-03-03 14:18:49,295 [Listener at 127.0.0.1/34469] INFO  impl.StateMachineUpdater (StateMachineUpdater.java:stopAndJoin(149)) - f2c8ddcd-7296-4a0c-a4e5-1b3106edde55@group-1BACA9CB8E95-StateMachineUpdater: set stopIndex = -1
2022-03-03 14:18:49,295 [ForkJoinPool.commonPool-worker-0] INFO  segmented.SegmentedRaftLogWorker (SegmentedRaftLogWorker.java:close(237)) - 730569a9-18c0-4e52-b327-799f192de729@group-1BACA9CB8E95-SegmentedRaftLogWorker close()
2022-03-03 14:18:49,295 [f2c8ddcd-7296-4a0c-a4e5-1b3106edde55@group-1BACA9CB8E95-FollowerState] INFO  impl.FollowerState (FollowerState.java:run(143)) - f2c8ddcd-7296-4a0c-a4e5-1b3106edde55@group-1BACA9CB8E95-FollowerState was interrupted: {}
java.lang.InterruptedException: sleep interrupted
	at java.lang.Thread.sleep(Native Method)
	at java.lang.Thread.sleep(Thread.java:342)
	at java.util.concurrent.TimeUnit.sleep(TimeUnit.java:386)
	at org.apache.ratis.util.TimeDuration.sleep(TimeDuration.java:324)
	at org.apache.ratis.util.TimeDuration.sleep(TimeDuration.java:309)
	at org.apache.ratis.server.impl.FollowerState.run(FollowerState.java:118)
2022-03-03 14:18:49,295 [ForkJoinPool.commonPool-worker-0] INFO  server.GrpcService (GrpcService.java:closeImpl(262)) - 730569a9-18c0-4e52-b327-799f192de729: shutdown server with port 37839 now
2022-03-03 14:18:49,295 [Listener at 127.0.0.1/34469] INFO  server.RaftServer$Division (ServerState.java:close(419)) - f2c8ddcd-7296-4a0c-a4e5-1b3106edde55@group-1BACA9CB8E95: closes. applyIndex: -1
2022-03-03 14:18:49,299 [f2c8ddcd-7296-4a0c-a4e5-1b3106edde55@group-1BACA9CB8E95-SegmentedRaftLogWorker] INFO  segmented.SegmentedRaftLogWorker (SegmentedRaftLogWorker.java:run(327)) - f2c8ddcd-7296-4a0c-a4e5-1b3106edde55@group-1BACA9CB8E95-SegmentedRaftLogWorker was interrupted, exiting. There are 0 tasks remaining in the queue.
2022-03-03 14:18:49,300 [Listener at 127.0.0.1/34469] INFO  segmented.SegmentedRaftLogWorker (SegmentedRaftLogWorker.java:close(237)) - f2c8ddcd-7296-4a0c-a4e5-1b3106edde55@group-1BACA9CB8E95-SegmentedRaftLogWorker close()
2022-03-03 14:18:49,301 [Listener at 127.0.0.1/34469] INFO  server.GrpcService (GrpcService.java:closeImpl(262)) - f2c8ddcd-7296-4a0c-a4e5-1b3106edde55: shutdown server with port 34023 now
2022-03-03 14:18:49,302 [ForkJoinPool.commonPool-worker-0] INFO  server.GrpcService (GrpcService.java:closeImpl(271)) - 730569a9-18c0-4e52-b327-799f192de729: shutdown server with port 37839 successfully
2022-03-03 14:18:49,302 [Listener at 127.0.0.1/34469] INFO  server.GrpcService (GrpcService.java:closeImpl(271)) - f2c8ddcd-7296-4a0c-a4e5-1b3106edde55: shutdown server with port 34023 successfully
2022-03-03 14:18:49,302 [org.apache.ratis.util.JvmPauseMonitor$$Lambda$435/453351332@338a4468] INFO  util.JvmPauseMonitor (JvmPauseMonitor.java:run(109)) - JvmPauseMonitor-730569a9-18c0-4e52-b327-799f192de729: Stopped
2022-03-03 14:18:49,302 [org.apache.ratis.util.JvmPauseMonitor$$Lambda$435/453351332@77362b81] INFO  util.JvmPauseMonitor (JvmPauseMonitor.java:run(109)) - JvmPauseMonitor-f2c8ddcd-7296-4a0c-a4e5-1b3106edde55: Stopped
2022-03-03 14:18:50,235 [EndpointStateMachine task thread for /127.0.0.1:39049 - 0 ] INFO  ipc.Client (Client.java:handleConnectionFailure(977)) - Retrying connect to server: localhost/127.0.0.1:39049. Already tried 6 time(s); retry policy is RetryUpToMaximumCountWithFixedSleep(maxRetries=15, sleepTime=1000 MILLISECONDS)
2022-03-03 14:18:50,236 [EndpointStateMachine task thread for /127.0.0.1:41237 - 0 ] INFO  ipc.Client (Client.java:handleConnectionFailure(977)) - Retrying connect to server: localhost/127.0.0.1:41237. Already tried 6 time(s); retry policy is RetryUpToMaximumCountWithFixedSleep(maxRetries=15, sleepTime=1000 MILLISECONDS)
2022-03-03 14:18:50,238 [EndpointStateMachine task thread for /127.0.0.1:37109 - 0 ] INFO  ipc.Client (Client.java:handleConnectionFailure(977)) - Retrying connect to server: localhost/127.0.0.1:37109. Already tried 6 time(s); retry policy is RetryUpToMaximumCountWithFixedSleep(maxRetries=15, sleepTime=1000 MILLISECONDS)
2022-03-03 14:18:51,235 [EndpointStateMachine task thread for /127.0.0.1:39049 - 0 ] INFO  ipc.Client (Client.java:handleConnectionFailure(977)) - Retrying connect to server: localhost/127.0.0.1:39049. Already tried 7 time(s); retry policy is RetryUpToMaximumCountWithFixedSleep(maxRetries=15, sleepTime=1000 MILLISECONDS)
2022-03-03 14:18:51,236 [EndpointStateMachine task thread for /127.0.0.1:41237 - 0 ] INFO  ipc.Client (Client.java:handleConnectionFailure(977)) - Retrying connect to server: localhost/127.0.0.1:41237. Already tried 7 time(s); retry policy is RetryUpToMaximumCountWithFixedSleep(maxRetries=15, sleepTime=1000 MILLISECONDS)
2022-03-03 14:18:51,238 [EndpointStateMachine task thread for /127.0.0.1:37109 - 0 ] INFO  ipc.Client (Client.java:handleConnectionFailure(977)) - Retrying connect to server: localhost/127.0.0.1:37109. Already tried 7 time(s); retry policy is RetryUpToMaximumCountWithFixedSleep(maxRetries=15, sleepTime=1000 MILLISECONDS)
2022-03-03 14:18:51,314 [Listener at 127.0.0.1/34469] INFO  utils.BackgroundService (BackgroundService.java:shutdown(132)) - Shutting down service BlockDeletingService
2022-03-03 14:18:51,316 [ForkJoinPool.commonPool-worker-0] INFO  utils.BackgroundService (BackgroundService.java:shutdown(132)) - Shutting down service BlockDeletingService
2022-03-03 14:18:52,190 [b19705a0-6382-4e36-86d9-fb546cb602cf@group-BEA9097ECB80-FollowerState] INFO  impl.FollowerState (FollowerState.java:run(134)) - b19705a0-6382-4e36-86d9-fb546cb602cf@group-BEA9097ECB80-FollowerState: change to CANDIDATE, lastRpcElapsedTime:5320107400ns, electionTimeout:5131ms
2022-03-03 14:18:52,191 [b19705a0-6382-4e36-86d9-fb546cb602cf@group-BEA9097ECB80-FollowerState] INFO  impl.RoleInfo (RoleInfo.java:shutdownFollowerState(108)) - b19705a0-6382-4e36-86d9-fb546cb602cf: shutdown b19705a0-6382-4e36-86d9-fb546cb602cf@group-BEA9097ECB80-FollowerState
2022-03-03 14:18:52,191 [b19705a0-6382-4e36-86d9-fb546cb602cf@group-BEA9097ECB80-FollowerState] INFO  server.RaftServer$Division (RaftServerImpl.java:setRole(290)) - b19705a0-6382-4e36-86d9-fb546cb602cf@group-BEA9097ECB80: changes role from  FOLLOWER to CANDIDATE at term 1 for changeToCandidate
2022-03-03 14:18:52,191 [b19705a0-6382-4e36-86d9-fb546cb602cf@group-BEA9097ECB80-FollowerState] INFO  server.RaftServerConfigKeys (ConfUtils.java:logGet(44)) - raft.server.leaderelection.pre-vote = false (custom)
2022-03-03 14:18:52,191 [b19705a0-6382-4e36-86d9-fb546cb602cf@group-BEA9097ECB80-FollowerState] INFO  impl.RoleInfo (RoleInfo.java:updateAndGet(130)) - b19705a0-6382-4e36-86d9-fb546cb602cf: start b19705a0-6382-4e36-86d9-fb546cb602cf@group-BEA9097ECB80-LeaderElection16
2022-03-03 14:18:52,203 [b19705a0-6382-4e36-86d9-fb546cb602cf@group-1BACA9CB8E95-FollowerState] INFO  impl.FollowerState (FollowerState.java:run(134)) - b19705a0-6382-4e36-86d9-fb546cb602cf@group-1BACA9CB8E95-FollowerState: change to CANDIDATE, lastRpcElapsedTime:5162861989ns, electionTimeout:5024ms
2022-03-03 14:18:52,203 [b19705a0-6382-4e36-86d9-fb546cb602cf@group-1BACA9CB8E95-FollowerState] INFO  impl.RoleInfo (RoleInfo.java:shutdownFollowerState(108)) - b19705a0-6382-4e36-86d9-fb546cb602cf: shutdown b19705a0-6382-4e36-86d9-fb546cb602cf@group-1BACA9CB8E95-FollowerState
2022-03-03 14:18:52,203 [b19705a0-6382-4e36-86d9-fb546cb602cf@group-1BACA9CB8E95-FollowerState] INFO  server.RaftServer$Division (RaftServerImpl.java:setRole(290)) - b19705a0-6382-4e36-86d9-fb546cb602cf@group-1BACA9CB8E95: changes role from  FOLLOWER to CANDIDATE at term 2 for changeToCandidate
2022-03-03 14:18:52,203 [b19705a0-6382-4e36-86d9-fb546cb602cf@group-1BACA9CB8E95-FollowerState] INFO  server.RaftServerConfigKeys (ConfUtils.java:logGet(44)) - raft.server.leaderelection.pre-vote = false (custom)
2022-03-03 14:18:52,203 [b19705a0-6382-4e36-86d9-fb546cb602cf@group-1BACA9CB8E95-FollowerState] INFO  impl.RoleInfo (RoleInfo.java:updateAndGet(130)) - b19705a0-6382-4e36-86d9-fb546cb602cf: start b19705a0-6382-4e36-86d9-fb546cb602cf@group-1BACA9CB8E95-LeaderElection17
2022-03-03 14:18:52,203 [b19705a0-6382-4e36-86d9-fb546cb602cf@group-BEA9097ECB80-LeaderElection16] INFO  server.RaftServer$Division (ServerState.java:setLeader(285)) - b19705a0-6382-4e36-86d9-fb546cb602cf@group-BEA9097ECB80: change Leader from 730569a9-18c0-4e52-b327-799f192de729 to null at term 1 for ELECTION
2022-03-03 14:18:52,210 [b19705a0-6382-4e36-86d9-fb546cb602cf@group-BEA9097ECB80-LeaderElection16] INFO  impl.LeaderElection (LeaderElection.java:askForVotes(306)) - b19705a0-6382-4e36-86d9-fb546cb602cf@group-BEA9097ECB80-LeaderElection16 ELECTION round 0: submit vote requests at term 2 for 0: [730569a9-18c0-4e52-b327-799f192de729|rpc:127.0.0.1:37839|dataStream:|priority:1, f2c8ddcd-7296-4a0c-a4e5-1b3106edde55|rpc:127.0.0.1:34023|dataStream:|priority:0, b19705a0-6382-4e36-86d9-fb546cb602cf|rpc:127.0.0.1:44167|dataStream:|priority:0], old=null
2022-03-03 14:18:52,211 [b19705a0-6382-4e36-86d9-fb546cb602cf@group-1BACA9CB8E95-LeaderElection17] INFO  impl.LeaderElection (LeaderElection.java:askForVotes(306)) - b19705a0-6382-4e36-86d9-fb546cb602cf@group-1BACA9CB8E95-LeaderElection17 ELECTION round 0: submit vote requests at term 3 for -1: [730569a9-18c0-4e52-b327-799f192de729|rpc:127.0.0.1:37839|dataStream:|priority:0, f2c8ddcd-7296-4a0c-a4e5-1b3106edde55|rpc:127.0.0.1:34023|dataStream:|priority:1, b19705a0-6382-4e36-86d9-fb546cb602cf|rpc:127.0.0.1:44167|dataStream:|priority:0], old=null
2022-03-03 14:18:52,227 [b19705a0-6382-4e36-86d9-fb546cb602cf@group-BEA9097ECB80-LeaderElection16] INFO  impl.LeaderElection (LogUtils.java:infoOrTrace(137)) - b19705a0-6382-4e36-86d9-fb546cb602cf@group-BEA9097ECB80-LeaderElection16 got exception when requesting votes: java.util.concurrent.ExecutionException: org.apache.ratis.thirdparty.io.grpc.StatusRuntimeException: UNAVAILABLE: io exception
2022-03-03 14:18:52,228 [b19705a0-6382-4e36-86d9-fb546cb602cf@group-1BACA9CB8E95-LeaderElection17] INFO  impl.LeaderElection (LogUtils.java:infoOrTrace(137)) - b19705a0-6382-4e36-86d9-fb546cb602cf@group-1BACA9CB8E95-LeaderElection17 got exception when requesting votes: java.util.concurrent.ExecutionException: org.apache.ratis.thirdparty.io.grpc.StatusRuntimeException: UNAVAILABLE: io exception
2022-03-03 14:18:52,231 [b19705a0-6382-4e36-86d9-fb546cb602cf@group-BEA9097ECB80-LeaderElection16] INFO  impl.LeaderElection (LogUtils.java:infoOrTrace(137)) - b19705a0-6382-4e36-86d9-fb546cb602cf@group-BEA9097ECB80-LeaderElection16 got exception when requesting votes: java.util.concurrent.ExecutionException: org.apache.ratis.thirdparty.io.grpc.StatusRuntimeException: UNAVAILABLE: io exception
2022-03-03 14:18:52,231 [b19705a0-6382-4e36-86d9-fb546cb602cf@group-BEA9097ECB80-LeaderElection16] INFO  impl.LeaderElection (LeaderElection.java:logAndReturn(89)) - b19705a0-6382-4e36-86d9-fb546cb602cf@group-BEA9097ECB80-LeaderElection16: ELECTION REJECTED received 0 response(s) and 2 exception(s):
2022-03-03 14:18:52,231 [b19705a0-6382-4e36-86d9-fb546cb602cf@group-BEA9097ECB80-LeaderElection16] INFO  impl.LeaderElection (LogUtils.java:infoOrTrace(137)) -   Exception 0: java.util.concurrent.ExecutionException: org.apache.ratis.thirdparty.io.grpc.StatusRuntimeException: UNAVAILABLE: io exception
2022-03-03 14:18:52,231 [b19705a0-6382-4e36-86d9-fb546cb602cf@group-BEA9097ECB80-LeaderElection16] INFO  impl.LeaderElection (LogUtils.java:infoOrTrace(137)) -   Exception 1: java.util.concurrent.ExecutionException: org.apache.ratis.thirdparty.io.grpc.StatusRuntimeException: UNAVAILABLE: io exception
2022-03-03 14:18:52,231 [b19705a0-6382-4e36-86d9-fb546cb602cf@group-BEA9097ECB80-LeaderElection16] INFO  impl.LeaderElection (LeaderElection.java:askForVotes(308)) - b19705a0-6382-4e36-86d9-fb546cb602cf@group-BEA9097ECB80-LeaderElection16 ELECTION round 0: result REJECTED
2022-03-03 14:18:52,231 [b19705a0-6382-4e36-86d9-fb546cb602cf@group-BEA9097ECB80-LeaderElection16] INFO  server.RaftServer$Division (RaftServerImpl.java:setRole(290)) - b19705a0-6382-4e36-86d9-fb546cb602cf@group-BEA9097ECB80: changes role from CANDIDATE to FOLLOWER at term 2 for REJECTED
2022-03-03 14:18:52,231 [b19705a0-6382-4e36-86d9-fb546cb602cf@group-BEA9097ECB80-LeaderElection16] INFO  impl.RoleInfo (RoleInfo.java:shutdownLeaderElection(121)) - b19705a0-6382-4e36-86d9-fb546cb602cf: shutdown b19705a0-6382-4e36-86d9-fb546cb602cf@group-BEA9097ECB80-LeaderElection16
2022-03-03 14:18:52,231 [b19705a0-6382-4e36-86d9-fb546cb602cf@group-BEA9097ECB80-LeaderElection16] INFO  impl.RoleInfo (RoleInfo.java:updateAndGet(130)) - b19705a0-6382-4e36-86d9-fb546cb602cf: start b19705a0-6382-4e36-86d9-fb546cb602cf@group-BEA9097ECB80-FollowerState
2022-03-03 14:18:52,232 [b19705a0-6382-4e36-86d9-fb546cb602cf@group-1BACA9CB8E95-LeaderElection17] INFO  impl.LeaderElection (LogUtils.java:infoOrTrace(137)) - b19705a0-6382-4e36-86d9-fb546cb602cf@group-1BACA9CB8E95-LeaderElection17 got exception when requesting votes: java.util.concurrent.ExecutionException: org.apache.ratis.thirdparty.io.grpc.StatusRuntimeException: UNAVAILABLE: io exception
2022-03-03 14:18:52,232 [b19705a0-6382-4e36-86d9-fb546cb602cf@group-1BACA9CB8E95-LeaderElection17] INFO  impl.LeaderElection (LeaderElection.java:logAndReturn(89)) - b19705a0-6382-4e36-86d9-fb546cb602cf@group-1BACA9CB8E95-LeaderElection17: ELECTION REJECTED received 0 response(s) and 2 exception(s):
2022-03-03 14:18:52,232 [b19705a0-6382-4e36-86d9-fb546cb602cf@group-1BACA9CB8E95-LeaderElection17] INFO  impl.LeaderElection (LogUtils.java:infoOrTrace(137)) -   Exception 0: java.util.concurrent.ExecutionException: org.apache.ratis.thirdparty.io.grpc.StatusRuntimeException: UNAVAILABLE: io exception
2022-03-03 14:18:52,232 [b19705a0-6382-4e36-86d9-fb546cb602cf@group-1BACA9CB8E95-LeaderElection17] INFO  impl.LeaderElection (LogUtils.java:infoOrTrace(137)) -   Exception 1: java.util.concurrent.ExecutionException: org.apache.ratis.thirdparty.io.grpc.StatusRuntimeException: UNAVAILABLE: io exception
2022-03-03 14:18:52,233 [b19705a0-6382-4e36-86d9-fb546cb602cf@group-1BACA9CB8E95-LeaderElection17] INFO  impl.LeaderElection (LeaderElection.java:askForVotes(308)) - b19705a0-6382-4e36-86d9-fb546cb602cf@group-1BACA9CB8E95-LeaderElection17 ELECTION round 0: result REJECTED
2022-03-03 14:18:52,233 [b19705a0-6382-4e36-86d9-fb546cb602cf@group-1BACA9CB8E95-LeaderElection17] INFO  server.RaftServer$Division (RaftServerImpl.java:setRole(290)) - b19705a0-6382-4e36-86d9-fb546cb602cf@group-1BACA9CB8E95: changes role from CANDIDATE to FOLLOWER at term 3 for REJECTED
2022-03-03 14:18:52,233 [b19705a0-6382-4e36-86d9-fb546cb602cf@group-1BACA9CB8E95-LeaderElection17] INFO  impl.RoleInfo (RoleInfo.java:shutdownLeaderElection(121)) - b19705a0-6382-4e36-86d9-fb546cb602cf: shutdown b19705a0-6382-4e36-86d9-fb546cb602cf@group-1BACA9CB8E95-LeaderElection17
2022-03-03 14:18:52,233 [b19705a0-6382-4e36-86d9-fb546cb602cf@group-1BACA9CB8E95-LeaderElection17] INFO  impl.RoleInfo (RoleInfo.java:updateAndGet(130)) - b19705a0-6382-4e36-86d9-fb546cb602cf: start b19705a0-6382-4e36-86d9-fb546cb602cf@group-1BACA9CB8E95-FollowerState
2022-03-03 14:18:52,236 [EndpointStateMachine task thread for /127.0.0.1:39049 - 0 ] INFO  ipc.Client (Client.java:handleConnectionFailure(977)) - Retrying connect to server: localhost/127.0.0.1:39049. Already tried 8 time(s); retry policy is RetryUpToMaximumCountWithFixedSleep(maxRetries=15, sleepTime=1000 MILLISECONDS)
2022-03-03 14:18:52,237 [EndpointStateMachine task thread for /127.0.0.1:41237 - 0 ] INFO  ipc.Client (Client.java:handleConnectionFailure(977)) - Retrying connect to server: localhost/127.0.0.1:41237. Already tried 8 time(s); retry policy is RetryUpToMaximumCountWithFixedSleep(maxRetries=15, sleepTime=1000 MILLISECONDS)
2022-03-03 14:18:52,239 [EndpointStateMachine task thread for /127.0.0.1:37109 - 0 ] INFO  ipc.Client (Client.java:handleConnectionFailure(977)) - Retrying connect to server: localhost/127.0.0.1:37109. Already tried 8 time(s); retry policy is RetryUpToMaximumCountWithFixedSleep(maxRetries=15, sleepTime=1000 MILLISECONDS)
2022-03-03 14:18:53,237 [EndpointStateMachine task thread for /127.0.0.1:39049 - 0 ] INFO  ipc.Client (Client.java:handleConnectionFailure(977)) - Retrying connect to server: localhost/127.0.0.1:39049. Already tried 9 time(s); retry policy is RetryUpToMaximumCountWithFixedSleep(maxRetries=15, sleepTime=1000 MILLISECONDS)
2022-03-03 14:18:53,237 [EndpointStateMachine task thread for /127.0.0.1:41237 - 0 ] INFO  ipc.Client (Client.java:handleConnectionFailure(977)) - Retrying connect to server: localhost/127.0.0.1:41237. Already tried 9 time(s); retry policy is RetryUpToMaximumCountWithFixedSleep(maxRetries=15, sleepTime=1000 MILLISECONDS)
2022-03-03 14:18:53,239 [EndpointStateMachine task thread for /127.0.0.1:37109 - 0 ] INFO  ipc.Client (Client.java:handleConnectionFailure(977)) - Retrying connect to server: localhost/127.0.0.1:37109. Already tried 9 time(s); retry policy is RetryUpToMaximumCountWithFixedSleep(maxRetries=15, sleepTime=1000 MILLISECONDS)
2022-03-03 14:18:54,237 [EndpointStateMachine task thread for /127.0.0.1:39049 - 0 ] INFO  ipc.Client (Client.java:handleConnectionFailure(977)) - Retrying connect to server: localhost/127.0.0.1:39049. Already tried 10 time(s); retry policy is RetryUpToMaximumCountWithFixedSleep(maxRetries=15, sleepTime=1000 MILLISECONDS)
2022-03-03 14:18:54,238 [EndpointStateMachine task thread for /127.0.0.1:41237 - 0 ] INFO  ipc.Client (Client.java:handleConnectionFailure(977)) - Retrying connect to server: localhost/127.0.0.1:41237. Already tried 10 time(s); retry policy is RetryUpToMaximumCountWithFixedSleep(maxRetries=15, sleepTime=1000 MILLISECONDS)
2022-03-03 14:18:54,239 [EndpointStateMachine task thread for /127.0.0.1:37109 - 0 ] INFO  ipc.Client (Client.java:handleConnectionFailure(977)) - Retrying connect to server: localhost/127.0.0.1:37109. Already tried 10 time(s); retry policy is RetryUpToMaximumCountWithFixedSleep(maxRetries=15, sleepTime=1000 MILLISECONDS)
2022-03-03 14:18:54,317 [Listener at 127.0.0.1/34469] INFO  statemachine.DatanodeStateMachine (DatanodeStateMachine.java:stopDaemon(529)) - Ozone container server stopped.
2022-03-03 14:18:54,318 [ForkJoinPool.commonPool-worker-0] INFO  statemachine.DatanodeStateMachine (DatanodeStateMachine.java:stopDaemon(529)) - Ozone container server stopped.
2022-03-03 14:18:54,318 [Listener at 127.0.0.1/34469] INFO  handler.ContextHandler (ContextHandler.java:doStop(1153)) - Stopped o.e.j.w.WebAppContext@311cef9d{hddsDatanode,/,null,STOPPED}{jar:file:/home/runner/.m2/repository/org/apache/ozone/hdds-container-service/1.3.0-SNAPSHOT/hdds-container-service-1.3.0-SNAPSHOT.jar!/webapps/hddsDatanode}
2022-03-03 14:18:54,323 [ForkJoinPool.commonPool-worker-0] INFO  handler.ContextHandler (ContextHandler.java:doStop(1153)) - Stopped o.e.j.w.WebAppContext@c0f3c1{hddsDatanode,/,null,STOPPED}{jar:file:/home/runner/.m2/repository/org/apache/ozone/hdds-container-service/1.3.0-SNAPSHOT/hdds-container-service-1.3.0-SNAPSHOT.jar!/webapps/hddsDatanode}
2022-03-03 14:18:54,324 [Listener at 127.0.0.1/34469] INFO  server.AbstractConnector (AbstractConnector.java:doStop(381)) - Stopped ServerConnector@766ce958{HTTP/1.1, (http/1.1)}{0.0.0.0:0}
2022-03-03 14:18:54,324 [Listener at 127.0.0.1/34469] INFO  server.session (HouseKeeper.java:stopScavenging(149)) - node0 Stopped scavenging
2022-03-03 14:18:54,324 [ForkJoinPool.commonPool-worker-0] INFO  server.AbstractConnector (AbstractConnector.java:doStop(381)) - Stopped ServerConnector@fc4f925{HTTP/1.1, (http/1.1)}{0.0.0.0:0}
2022-03-03 14:18:54,324 [ForkJoinPool.commonPool-worker-0] INFO  server.session (HouseKeeper.java:stopScavenging(149)) - node0 Stopped scavenging
2022-03-03 14:18:54,324 [Listener at 127.0.0.1/34469] INFO  handler.ContextHandler (ContextHandler.java:doStop(1153)) - Stopped o.e.j.s.ServletContextHandler@5773826d{static,/static,jar:file:/home/runner/.m2/repository/org/apache/ozone/hdds-container-service/1.3.0-SNAPSHOT/hdds-container-service-1.3.0-SNAPSHOT.jar!/webapps/static,STOPPED}
2022-03-03 14:18:54,324 [Listener at 127.0.0.1/34469] INFO  handler.ContextHandler (ContextHandler.java:doStop(1153)) - Stopped o.e.j.s.ServletContextHandler@68e6a05d{logs,/logs,file:///home/runner/work/ozone/ozone/hadoop-ozone/integration-test/target/log,STOPPED}
2022-03-03 14:18:54,325 [ForkJoinPool.commonPool-worker-0] INFO  handler.ContextHandler (ContextHandler.java:doStop(1153)) - Stopped o.e.j.s.ServletContextHandler@1ce758ae{static,/static,jar:file:/home/runner/.m2/repository/org/apache/ozone/hdds-container-service/1.3.0-SNAPSHOT/hdds-container-service-1.3.0-SNAPSHOT.jar!/webapps/static,STOPPED}
2022-03-03 14:18:54,335 [ForkJoinPool.commonPool-worker-0] INFO  handler.ContextHandler (ContextHandler.java:doStop(1153)) - Stopped o.e.j.s.ServletContextHandler@66d18f4d{logs,/logs,file:///home/runner/work/ozone/ozone/hadoop-ozone/integration-test/target/log,STOPPED}
2022-03-03 14:18:55,238 [EndpointStateMachine task thread for /127.0.0.1:39049 - 0 ] INFO  ipc.Client (Client.java:handleConnectionFailure(977)) - Retrying connect to server: localhost/127.0.0.1:39049. Already tried 11 time(s); retry policy is RetryUpToMaximumCountWithFixedSleep(maxRetries=15, sleepTime=1000 MILLISECONDS)
2022-03-03 14:18:55,238 [EndpointStateMachine task thread for /127.0.0.1:41237 - 0 ] INFO  ipc.Client (Client.java:handleConnectionFailure(977)) - Retrying connect to server: localhost/127.0.0.1:41237. Already tried 11 time(s); retry policy is RetryUpToMaximumCountWithFixedSleep(maxRetries=15, sleepTime=1000 MILLISECONDS)
2022-03-03 14:18:55,239 [Datanode State Machine Daemon Thread] WARN  statemachine.StateContext (StateContext.java:setState(250)) - Ignore disallowed transition from SHUTDOWN to RUNNING
2022-03-03 14:18:55,240 [EndpointStateMachine task thread for /127.0.0.1:37109 - 0 ] INFO  ipc.Client (Client.java:handleConnectionFailure(977)) - Retrying connect to server: localhost/127.0.0.1:37109. Already tried 11 time(s); retry policy is RetryUpToMaximumCountWithFixedSleep(maxRetries=15, sleepTime=1000 MILLISECONDS)
2022-03-03 14:18:56,239 [EndpointStateMachine task thread for /127.0.0.1:41237 - 0 ] INFO  ipc.Client (Client.java:handleConnectionFailure(977)) - Retrying connect to server: localhost/127.0.0.1:41237. Already tried 12 time(s); retry policy is RetryUpToMaximumCountWithFixedSleep(maxRetries=15, sleepTime=1000 MILLISECONDS)
2022-03-03 14:18:56,239 [EndpointStateMachine task thread for /127.0.0.1:39049 - 0 ] INFO  ipc.Client (Client.java:handleConnectionFailure(977)) - Retrying connect to server: localhost/127.0.0.1:39049. Already tried 12 time(s); retry policy is RetryUpToMaximumCountWithFixedSleep(maxRetries=15, sleepTime=1000 MILLISECONDS)
2022-03-03 14:18:56,240 [EndpointStateMachine task thread for /127.0.0.1:37109 - 0 ] INFO  ipc.Client (Client.java:handleConnectionFailure(977)) - Retrying connect to server: localhost/127.0.0.1:37109. Already tried 12 time(s); retry policy is RetryUpToMaximumCountWithFixedSleep(maxRetries=15, sleepTime=1000 MILLISECONDS)
2022-03-03 14:18:57,239 [EndpointStateMachine task thread for /127.0.0.1:41237 - 0 ] INFO  ipc.Client (Client.java:handleConnectionFailure(977)) - Retrying connect to server: localhost/127.0.0.1:41237. Already tried 13 time(s); retry policy is RetryUpToMaximumCountWithFixedSleep(maxRetries=15, sleepTime=1000 MILLISECONDS)
2022-03-03 14:18:57,240 [EndpointStateMachine task thread for /127.0.0.1:39049 - 0 ] INFO  ipc.Client (Client.java:handleConnectionFailure(977)) - Retrying connect to server: localhost/127.0.0.1:39049. Already tried 13 time(s); retry policy is RetryUpToMaximumCountWithFixedSleep(maxRetries=15, sleepTime=1000 MILLISECONDS)
2022-03-03 14:18:57,241 [EndpointStateMachine task thread for /127.0.0.1:37109 - 0 ] INFO  ipc.Client (Client.java:handleConnectionFailure(977)) - Retrying connect to server: localhost/127.0.0.1:37109. Already tried 13 time(s); retry policy is RetryUpToMaximumCountWithFixedSleep(maxRetries=15, sleepTime=1000 MILLISECONDS)
2022-03-03 14:18:57,283 [b19705a0-6382-4e36-86d9-fb546cb602cf@group-1BACA9CB8E95-FollowerState] INFO  impl.FollowerState (FollowerState.java:run(134)) - b19705a0-6382-4e36-86d9-fb546cb602cf@group-1BACA9CB8E95-FollowerState: change to CANDIDATE, lastRpcElapsedTime:5049481931ns, electionTimeout:5049ms
2022-03-03 14:18:57,283 [b19705a0-6382-4e36-86d9-fb546cb602cf@group-1BACA9CB8E95-FollowerState] INFO  impl.RoleInfo (RoleInfo.java:shutdownFollowerState(108)) - b19705a0-6382-4e36-86d9-fb546cb602cf: shutdown b19705a0-6382-4e36-86d9-fb546cb602cf@group-1BACA9CB8E95-FollowerState
2022-03-03 14:18:57,283 [b19705a0-6382-4e36-86d9-fb546cb602cf@group-1BACA9CB8E95-FollowerState] INFO  server.RaftServer$Division (RaftServerImpl.java:setRole(290)) - b19705a0-6382-4e36-86d9-fb546cb602cf@group-1BACA9CB8E95: changes role from  FOLLOWER to CANDIDATE at term 3 for changeToCandidate
2022-03-03 14:18:57,283 [b19705a0-6382-4e36-86d9-fb546cb602cf@group-1BACA9CB8E95-FollowerState] INFO  server.RaftServerConfigKeys (ConfUtils.java:logGet(44)) - raft.server.leaderelection.pre-vote = false (custom)
2022-03-03 14:18:57,283 [b19705a0-6382-4e36-86d9-fb546cb602cf@group-1BACA9CB8E95-FollowerState] INFO  impl.RoleInfo (RoleInfo.java:updateAndGet(130)) - b19705a0-6382-4e36-86d9-fb546cb602cf: start b19705a0-6382-4e36-86d9-fb546cb602cf@group-1BACA9CB8E95-LeaderElection18
2022-03-03 14:18:57,296 [b19705a0-6382-4e36-86d9-fb546cb602cf@group-1BACA9CB8E95-LeaderElection18] INFO  impl.LeaderElection (LeaderElection.java:askForVotes(306)) - b19705a0-6382-4e36-86d9-fb546cb602cf@group-1BACA9CB8E95-LeaderElection18 ELECTION round 0: submit vote requests at term 4 for -1: [730569a9-18c0-4e52-b327-799f192de729|rpc:127.0.0.1:37839|dataStream:|priority:0, f2c8ddcd-7296-4a0c-a4e5-1b3106edde55|rpc:127.0.0.1:34023|dataStream:|priority:1, b19705a0-6382-4e36-86d9-fb546cb602cf|rpc:127.0.0.1:44167|dataStream:|priority:0], old=null
2022-03-03 14:18:57,301 [b19705a0-6382-4e36-86d9-fb546cb602cf@group-1BACA9CB8E95-LeaderElection18] INFO  impl.LeaderElection (LogUtils.java:infoOrTrace(137)) - b19705a0-6382-4e36-86d9-fb546cb602cf@group-1BACA9CB8E95-LeaderElection18 got exception when requesting votes: java.util.concurrent.ExecutionException: org.apache.ratis.thirdparty.io.grpc.StatusRuntimeException: UNAVAILABLE: io exception
2022-03-03 14:18:57,302 [b19705a0-6382-4e36-86d9-fb546cb602cf@group-1BACA9CB8E95-LeaderElection18] INFO  impl.LeaderElection (LogUtils.java:infoOrTrace(137)) - b19705a0-6382-4e36-86d9-fb546cb602cf@group-1BACA9CB8E95-LeaderElection18 got exception when requesting votes: java.util.concurrent.ExecutionException: org.apache.ratis.thirdparty.io.grpc.StatusRuntimeException: UNAVAILABLE: io exception
2022-03-03 14:18:57,302 [b19705a0-6382-4e36-86d9-fb546cb602cf@group-1BACA9CB8E95-LeaderElection18] INFO  impl.LeaderElection (LeaderElection.java:logAndReturn(89)) - b19705a0-6382-4e36-86d9-fb546cb602cf@group-1BACA9CB8E95-LeaderElection18: ELECTION REJECTED received 0 response(s) and 2 exception(s):
2022-03-03 14:18:57,302 [b19705a0-6382-4e36-86d9-fb546cb602cf@group-1BACA9CB8E95-LeaderElection18] INFO  impl.LeaderElection (LogUtils.java:infoOrTrace(137)) -   Exception 0: java.util.concurrent.ExecutionException: org.apache.ratis.thirdparty.io.grpc.StatusRuntimeException: UNAVAILABLE: io exception
2022-03-03 14:18:57,302 [b19705a0-6382-4e36-86d9-fb546cb602cf@group-1BACA9CB8E95-LeaderElection18] INFO  impl.LeaderElection (LogUtils.java:infoOrTrace(137)) -   Exception 1: java.util.concurrent.ExecutionException: org.apache.ratis.thirdparty.io.grpc.StatusRuntimeException: UNAVAILABLE: io exception
2022-03-03 14:18:57,302 [b19705a0-6382-4e36-86d9-fb546cb602cf@group-1BACA9CB8E95-LeaderElection18] INFO  impl.LeaderElection (LeaderElection.java:askForVotes(308)) - b19705a0-6382-4e36-86d9-fb546cb602cf@group-1BACA9CB8E95-LeaderElection18 ELECTION round 0: result REJECTED
2022-03-03 14:18:57,302 [b19705a0-6382-4e36-86d9-fb546cb602cf@group-1BACA9CB8E95-LeaderElection18] INFO  server.RaftServer$Division (RaftServerImpl.java:setRole(290)) - b19705a0-6382-4e36-86d9-fb546cb602cf@group-1BACA9CB8E95: changes role from CANDIDATE to FOLLOWER at term 4 for REJECTED
2022-03-03 14:18:57,302 [b19705a0-6382-4e36-86d9-fb546cb602cf@group-1BACA9CB8E95-LeaderElection18] INFO  impl.RoleInfo (RoleInfo.java:shutdownLeaderElection(121)) - b19705a0-6382-4e36-86d9-fb546cb602cf: shutdown b19705a0-6382-4e36-86d9-fb546cb602cf@group-1BACA9CB8E95-LeaderElection18
2022-03-03 14:18:57,302 [b19705a0-6382-4e36-86d9-fb546cb602cf@group-1BACA9CB8E95-LeaderElection18] INFO  impl.RoleInfo (RoleInfo.java:updateAndGet(130)) - b19705a0-6382-4e36-86d9-fb546cb602cf: start b19705a0-6382-4e36-86d9-fb546cb602cf@group-1BACA9CB8E95-FollowerState
2022-03-03 14:18:57,416 [b19705a0-6382-4e36-86d9-fb546cb602cf@group-BEA9097ECB80-FollowerState] INFO  impl.FollowerState (FollowerState.java:run(134)) - b19705a0-6382-4e36-86d9-fb546cb602cf@group-BEA9097ECB80-FollowerState: change to CANDIDATE, lastRpcElapsedTime:5185292250ns, electionTimeout:5183ms
2022-03-03 14:18:57,417 [b19705a0-6382-4e36-86d9-fb546cb602cf@group-BEA9097ECB80-FollowerState] INFO  impl.RoleInfo (RoleInfo.java:shutdownFollowerState(108)) - b19705a0-6382-4e36-86d9-fb546cb602cf: shutdown b19705a0-6382-4e36-86d9-fb546cb602cf@group-BEA9097ECB80-FollowerState
2022-03-03 14:18:57,417 [b19705a0-6382-4e36-86d9-fb546cb602cf@group-BEA9097ECB80-FollowerState] INFO  server.RaftServer$Division (RaftServerImpl.java:setRole(290)) - b19705a0-6382-4e36-86d9-fb546cb602cf@group-BEA9097ECB80: changes role from  FOLLOWER to CANDIDATE at term 2 for changeToCandidate
2022-03-03 14:18:57,417 [b19705a0-6382-4e36-86d9-fb546cb602cf@group-BEA9097ECB80-FollowerState] INFO  server.RaftServerConfigKeys (ConfUtils.java:logGet(44)) - raft.server.leaderelection.pre-vote = false (custom)
2022-03-03 14:18:57,417 [b19705a0-6382-4e36-86d9-fb546cb602cf@group-BEA9097ECB80-FollowerState] INFO  impl.RoleInfo (RoleInfo.java:updateAndGet(130)) - b19705a0-6382-4e36-86d9-fb546cb602cf: start b19705a0-6382-4e36-86d9-fb546cb602cf@group-BEA9097ECB80-LeaderElection19
2022-03-03 14:18:57,436 [b19705a0-6382-4e36-86d9-fb546cb602cf@group-BEA9097ECB80-LeaderElection19] INFO  impl.LeaderElection (LeaderElection.java:askForVotes(306)) - b19705a0-6382-4e36-86d9-fb546cb602cf@group-BEA9097ECB80-LeaderElection19 ELECTION round 0: submit vote requests at term 3 for 0: [730569a9-18c0-4e52-b327-799f192de729|rpc:127.0.0.1:37839|dataStream:|priority:1, f2c8ddcd-7296-4a0c-a4e5-1b3106edde55|rpc:127.0.0.1:34023|dataStream:|priority:0, b19705a0-6382-4e36-86d9-fb546cb602cf|rpc:127.0.0.1:44167|dataStream:|priority:0], old=null
2022-03-03 14:18:57,439 [b19705a0-6382-4e36-86d9-fb546cb602cf@group-BEA9097ECB80-LeaderElection19] INFO  impl.LeaderElection (LogUtils.java:infoOrTrace(137)) - b19705a0-6382-4e36-86d9-fb546cb602cf@group-BEA9097ECB80-LeaderElection19 got exception when requesting votes: java.util.concurrent.ExecutionException: org.apache.ratis.thirdparty.io.grpc.StatusRuntimeException: UNAVAILABLE: io exception
2022-03-03 14:18:57,439 [b19705a0-6382-4e36-86d9-fb546cb602cf@group-BEA9097ECB80-LeaderElection19] INFO  impl.LeaderElection (LogUtils.java:infoOrTrace(137)) - b19705a0-6382-4e36-86d9-fb546cb602cf@group-BEA9097ECB80-LeaderElection19 got exception when requesting votes: java.util.concurrent.ExecutionException: org.apache.ratis.thirdparty.io.grpc.StatusRuntimeException: UNAVAILABLE: io exception
2022-03-03 14:18:57,439 [b19705a0-6382-4e36-86d9-fb546cb602cf@group-BEA9097ECB80-LeaderElection19] INFO  impl.LeaderElection (LeaderElection.java:logAndReturn(89)) - b19705a0-6382-4e36-86d9-fb546cb602cf@group-BEA9097ECB80-LeaderElection19: ELECTION REJECTED received 0 response(s) and 2 exception(s):
2022-03-03 14:18:57,439 [b19705a0-6382-4e36-86d9-fb546cb602cf@group-BEA9097ECB80-LeaderElection19] INFO  impl.LeaderElection (LogUtils.java:infoOrTrace(137)) -   Exception 0: java.util.concurrent.ExecutionException: org.apache.ratis.thirdparty.io.grpc.StatusRuntimeException: UNAVAILABLE: io exception
2022-03-03 14:18:57,439 [b19705a0-6382-4e36-86d9-fb546cb602cf@group-BEA9097ECB80-LeaderElection19] INFO  impl.LeaderElection (LogUtils.java:infoOrTrace(137)) -   Exception 1: java.util.concurrent.ExecutionException: org.apache.ratis.thirdparty.io.grpc.StatusRuntimeException: UNAVAILABLE: io exception
2022-03-03 14:18:57,439 [b19705a0-6382-4e36-86d9-fb546cb602cf@group-BEA9097ECB80-LeaderElection19] INFO  impl.LeaderElection (LeaderElection.java:askForVotes(308)) - b19705a0-6382-4e36-86d9-fb546cb602cf@group-BEA9097ECB80-LeaderElection19 ELECTION round 0: result REJECTED
2022-03-03 14:18:57,439 [b19705a0-6382-4e36-86d9-fb546cb602cf@group-BEA9097ECB80-LeaderElection19] INFO  server.RaftServer$Division (RaftServerImpl.java:setRole(290)) - b19705a0-6382-4e36-86d9-fb546cb602cf@group-BEA9097ECB80: changes role from CANDIDATE to FOLLOWER at term 3 for REJECTED
2022-03-03 14:18:57,439 [b19705a0-6382-4e36-86d9-fb546cb602cf@group-BEA9097ECB80-LeaderElection19] INFO  impl.RoleInfo (RoleInfo.java:shutdownLeaderElection(121)) - b19705a0-6382-4e36-86d9-fb546cb602cf: shutdown b19705a0-6382-4e36-86d9-fb546cb602cf@group-BEA9097ECB80-LeaderElection19
2022-03-03 14:18:57,439 [b19705a0-6382-4e36-86d9-fb546cb602cf@group-BEA9097ECB80-LeaderElection19] INFO  impl.RoleInfo (RoleInfo.java:updateAndGet(130)) - b19705a0-6382-4e36-86d9-fb546cb602cf: start b19705a0-6382-4e36-86d9-fb546cb602cf@group-BEA9097ECB80-FollowerState
2022-03-03 14:18:58,240 [EndpointStateMachine task thread for /127.0.0.1:41237 - 0 ] INFO  ipc.Client (Client.java:handleConnectionFailure(977)) - Retrying connect to server: localhost/127.0.0.1:41237. Already tried 14 time(s); retry policy is RetryUpToMaximumCountWithFixedSleep(maxRetries=15, sleepTime=1000 MILLISECONDS)
2022-03-03 14:18:58,241 [EndpointStateMachine task thread for /127.0.0.1:41237 - 0 ] WARN  statemachine.EndpointStateMachine (EndpointStateMachine.java:logIfNeeded(236)) - Unable to communicate to SCM server at localhost:41237 for past 0 seconds.
java.net.ConnectException: Call From fv-az50-851/10.1.0.28 to localhost:41237 failed on connection exception: java.net.ConnectException: Connection refused; For more details see:  http://wiki.apache.org/hadoop/ConnectionRefused
	at sun.reflect.NativeConstructorAccessorImpl.newInstance0(Native Method)
	at sun.reflect.NativeConstructorAccessorImpl.newInstance(NativeConstructorAccessorImpl.java:62)
	at sun.reflect.DelegatingConstructorAccessorImpl.newInstance(DelegatingConstructorAccessorImpl.java:45)
	at java.lang.reflect.Constructor.newInstance(Constructor.java:423)
	at org.apache.hadoop.net.NetUtils.wrapWithMessage(NetUtils.java:913)
	at org.apache.hadoop.net.NetUtils.wrapException(NetUtils.java:828)
	at org.apache.hadoop.ipc.Client.getRpcResponse(Client.java:1577)
	at org.apache.hadoop.ipc.Client.call(Client.java:1519)
	at org.apache.hadoop.ipc.Client.call(Client.java:1416)
	at org.apache.hadoop.ipc.ProtobufRpcEngine$Invoker.invoke(ProtobufRpcEngine.java:236)
	at org.apache.hadoop.ipc.ProtobufRpcEngine$Invoker.invoke(ProtobufRpcEngine.java:123)
	at com.sun.proxy.$Proxy48.submitRequest(Unknown Source)
	at org.apache.hadoop.ozone.protocolPB.StorageContainerDatanodeProtocolClientSideTranslatorPB.submitRequest(StorageContainerDatanodeProtocolClientSideTranslatorPB.java:117)
	at org.apache.hadoop.ozone.protocolPB.StorageContainerDatanodeProtocolClientSideTranslatorPB.sendHeartbeat(StorageContainerDatanodeProtocolClientSideTranslatorPB.java:149)
	at org.apache.hadoop.ozone.container.common.states.endpoint.HeartbeatEndpointTask.call(HeartbeatEndpointTask.java:180)
	at org.apache.hadoop.ozone.container.common.states.endpoint.HeartbeatEndpointTask.call(HeartbeatEndpointTask.java:83)
	at java.util.concurrent.FutureTask.run(FutureTask.java:266)
	at java.util.concurrent.ThreadPoolExecutor.runWorker(ThreadPoolExecutor.java:1149)
	at java.util.concurrent.ThreadPoolExecutor$Worker.run(ThreadPoolExecutor.java:624)
	at java.lang.Thread.run(Thread.java:750)
Caused by: java.net.ConnectException: Connection refused
	at sun.nio.ch.SocketChannelImpl.checkConnect(Native Method)
	at sun.nio.ch.SocketChannelImpl.finishConnect(SocketChannelImpl.java:716)
	at org.apache.hadoop.net.SocketIOWithTimeout.connect(SocketIOWithTimeout.java:206)
	at org.apache.hadoop.net.NetUtils.connect(NetUtils.java:586)
	at org.apache.hadoop.ipc.Client$Connection.setupConnection(Client.java:701)
	at org.apache.hadoop.ipc.Client$Connection.setupIOstreams(Client.java:822)
	at org.apache.hadoop.ipc.Client$Connection.access$3800(Client.java:414)
	at org.apache.hadoop.ipc.Client.getConnection(Client.java:1647)
	at org.apache.hadoop.ipc.Client.call(Client.java:1463)
	... 12 more
2022-03-03 14:18:58,241 [EndpointStateMachine task thread for /127.0.0.1:37109 - 0 ] INFO  ipc.Client (Client.java:handleConnectionFailure(977)) - Retrying connect to server: localhost/127.0.0.1:37109. Already tried 14 time(s); retry policy is RetryUpToMaximumCountWithFixedSleep(maxRetries=15, sleepTime=1000 MILLISECONDS)
2022-03-03 14:18:58,242 [EndpointStateMachine task thread for /127.0.0.1:37109 - 0 ] WARN  statemachine.EndpointStateMachine (EndpointStateMachine.java:logIfNeeded(236)) - Unable to communicate to SCM server at localhost:37109 for past 0 seconds.
java.net.ConnectException: Call From fv-az50-851/10.1.0.28 to localhost:37109 failed on connection exception: java.net.ConnectException: Connection refused; For more details see:  http://wiki.apache.org/hadoop/ConnectionRefused
	at sun.reflect.NativeConstructorAccessorImpl.newInstance0(Native Method)
	at sun.reflect.NativeConstructorAccessorImpl.newInstance(NativeConstructorAccessorImpl.java:62)
	at sun.reflect.DelegatingConstructorAccessorImpl.newInstance(DelegatingConstructorAccessorImpl.java:45)
	at java.lang.reflect.Constructor.newInstance(Constructor.java:423)
	at org.apache.hadoop.net.NetUtils.wrapWithMessage(NetUtils.java:913)
	at org.apache.hadoop.net.NetUtils.wrapException(NetUtils.java:828)
	at org.apache.hadoop.ipc.Client.getRpcResponse(Client.java:1577)
	at org.apache.hadoop.ipc.Client.call(Client.java:1519)
	at org.apache.hadoop.ipc.Client.call(Client.java:1416)
	at org.apache.hadoop.ipc.ProtobufRpcEngine$Invoker.invoke(ProtobufRpcEngine.java:236)
	at org.apache.hadoop.ipc.ProtobufRpcEngine$Invoker.invoke(ProtobufRpcEngine.java:123)
	at com.sun.proxy.$Proxy48.submitRequest(Unknown Source)
	at org.apache.hadoop.ozone.protocolPB.StorageContainerDatanodeProtocolClientSideTranslatorPB.submitRequest(StorageContainerDatanodeProtocolClientSideTranslatorPB.java:117)
	at org.apache.hadoop.ozone.protocolPB.StorageContainerDatanodeProtocolClientSideTranslatorPB.sendHeartbeat(StorageContainerDatanodeProtocolClientSideTranslatorPB.java:149)
	at org.apache.hadoop.ozone.container.common.states.endpoint.HeartbeatEndpointTask.call(HeartbeatEndpointTask.java:180)
	at org.apache.hadoop.ozone.container.common.states.endpoint.HeartbeatEndpointTask.call(HeartbeatEndpointTask.java:83)
	at java.util.concurrent.FutureTask.run(FutureTask.java:266)
	at java.util.concurrent.ThreadPoolExecutor.runWorker(ThreadPoolExecutor.java:1149)
	at java.util.concurrent.ThreadPoolExecutor$Worker.run(ThreadPoolExecutor.java:624)
	at java.lang.Thread.run(Thread.java:750)
Caused by: java.net.ConnectException: Connection refused
	at sun.nio.ch.SocketChannelImpl.checkConnect(Native Method)
	at sun.nio.ch.SocketChannelImpl.finishConnect(SocketChannelImpl.java:716)
	at org.apache.hadoop.net.SocketIOWithTimeout.connect(SocketIOWithTimeout.java:206)
	at org.apache.hadoop.net.NetUtils.connect(NetUtils.java:586)
	at org.apache.hadoop.ipc.Client$Connection.setupConnection(Client.java:701)
	at org.apache.hadoop.ipc.Client$Connection.setupIOstreams(Client.java:822)
	at org.apache.hadoop.ipc.Client$Connection.access$3800(Client.java:414)
	at org.apache.hadoop.ipc.Client.getConnection(Client.java:1647)
	at org.apache.hadoop.ipc.Client.call(Client.java:1463)
	... 12 more
2022-03-03 14:18:58,242 [EndpointStateMachine task thread for /127.0.0.1:39049 - 0 ] INFO  ipc.Client (Client.java:handleConnectionFailure(977)) - Retrying connect to server: localhost/127.0.0.1:39049. Already tried 14 time(s); retry policy is RetryUpToMaximumCountWithFixedSleep(maxRetries=15, sleepTime=1000 MILLISECONDS)
2022-03-03 14:18:58,243 [EndpointStateMachine task thread for /127.0.0.1:39049 - 0 ] WARN  statemachine.EndpointStateMachine (EndpointStateMachine.java:logIfNeeded(236)) - Unable to communicate to SCM server at localhost:39049 for past 0 seconds.
java.net.ConnectException: Call From fv-az50-851/10.1.0.28 to localhost:39049 failed on connection exception: java.net.ConnectException: Connection refused; For more details see:  http://wiki.apache.org/hadoop/ConnectionRefused
	at sun.reflect.NativeConstructorAccessorImpl.newInstance0(Native Method)
	at sun.reflect.NativeConstructorAccessorImpl.newInstance(NativeConstructorAccessorImpl.java:62)
	at sun.reflect.DelegatingConstructorAccessorImpl.newInstance(DelegatingConstructorAccessorImpl.java:45)
	at java.lang.reflect.Constructor.newInstance(Constructor.java:423)
	at org.apache.hadoop.net.NetUtils.wrapWithMessage(NetUtils.java:913)
	at org.apache.hadoop.net.NetUtils.wrapException(NetUtils.java:828)
	at org.apache.hadoop.ipc.Client.getRpcResponse(Client.java:1577)
	at org.apache.hadoop.ipc.Client.call(Client.java:1519)
	at org.apache.hadoop.ipc.Client.call(Client.java:1416)
	at org.apache.hadoop.ipc.ProtobufRpcEngine$Invoker.invoke(ProtobufRpcEngine.java:236)
	at org.apache.hadoop.ipc.ProtobufRpcEngine$Invoker.invoke(ProtobufRpcEngine.java:123)
	at com.sun.proxy.$Proxy48.submitRequest(Unknown Source)
	at org.apache.hadoop.ozone.protocolPB.StorageContainerDatanodeProtocolClientSideTranslatorPB.submitRequest(StorageContainerDatanodeProtocolClientSideTranslatorPB.java:117)
	at org.apache.hadoop.ozone.protocolPB.StorageContainerDatanodeProtocolClientSideTranslatorPB.sendHeartbeat(StorageContainerDatanodeProtocolClientSideTranslatorPB.java:149)
	at org.apache.hadoop.ozone.container.common.states.endpoint.HeartbeatEndpointTask.call(HeartbeatEndpointTask.java:180)
	at org.apache.hadoop.ozone.container.common.states.endpoint.HeartbeatEndpointTask.call(HeartbeatEndpointTask.java:83)
	at java.util.concurrent.FutureTask.run(FutureTask.java:266)
	at java.util.concurrent.ThreadPoolExecutor.runWorker(ThreadPoolExecutor.java:1149)
	at java.util.concurrent.ThreadPoolExecutor$Worker.run(ThreadPoolExecutor.java:624)
	at java.lang.Thread.run(Thread.java:750)
Caused by: java.net.ConnectException: Connection refused
	at sun.nio.ch.SocketChannelImpl.checkConnect(Native Method)
	at sun.nio.ch.SocketChannelImpl.finishConnect(SocketChannelImpl.java:716)
	at org.apache.hadoop.net.SocketIOWithTimeout.connect(SocketIOWithTimeout.java:206)
	at org.apache.hadoop.net.NetUtils.connect(NetUtils.java:586)
	at org.apache.hadoop.ipc.Client$Connection.setupConnection(Client.java:701)
	at org.apache.hadoop.ipc.Client$Connection.setupIOstreams(Client.java:822)
	at org.apache.hadoop.ipc.Client$Connection.access$3800(Client.java:414)
	at org.apache.hadoop.ipc.Client.getConnection(Client.java:1647)
	at org.apache.hadoop.ipc.Client.call(Client.java:1463)
	... 12 more
2022-03-03 14:18:59,242 [EndpointStateMachine task thread for /127.0.0.1:41237 - 0 ] INFO  ipc.Client (Client.java:handleConnectionFailure(977)) - Retrying connect to server: localhost/127.0.0.1:41237. Already tried 0 time(s); retry policy is RetryUpToMaximumCountWithFixedSleep(maxRetries=15, sleepTime=1000 MILLISECONDS)
2022-03-03 14:18:59,242 [EndpointStateMachine task thread for /127.0.0.1:37109 - 0 ] INFO  ipc.Client (Client.java:handleConnectionFailure(977)) - Retrying connect to server: localhost/127.0.0.1:37109. Already tried 0 time(s); retry policy is RetryUpToMaximumCountWithFixedSleep(maxRetries=15, sleepTime=1000 MILLISECONDS)
2022-03-03 14:18:59,244 [EndpointStateMachine task thread for /127.0.0.1:39049 - 0 ] INFO  ipc.Client (Client.java:handleConnectionFailure(977)) - Retrying connect to server: localhost/127.0.0.1:39049. Already tried 0 time(s); retry policy is RetryUpToMaximumCountWithFixedSleep(maxRetries=15, sleepTime=1000 MILLISECONDS)
2022-03-03 14:18:59,334 [Listener at 127.0.0.1/34469] INFO  ozoneimpl.OzoneContainer (OzoneContainer.java:stop(356)) - Attempting to stop container services.
2022-03-03 14:18:59,336 [Listener at 127.0.0.1/34469] INFO  server.RaftServer (RaftServerProxy.java:lambda$close$6(391)) - b19705a0-6382-4e36-86d9-fb546cb602cf: close
2022-03-03 14:18:59,336 [Listener at 127.0.0.1/34469] INFO  server.RaftServer$Division (RaftServerImpl.java:lambda$close$4(412)) - b19705a0-6382-4e36-86d9-fb546cb602cf@group-C5160FB0F25F: shutdown
2022-03-03 14:18:59,337 [Listener at 127.0.0.1/34469] INFO  util.JmxRegister (JmxRegister.java:unregister(73)) - Successfully un-registered JMX Bean with object name Ratis:service=RaftServer,group=group-C5160FB0F25F,id=b19705a0-6382-4e36-86d9-fb546cb602cf
2022-03-03 14:18:59,337 [Listener at 127.0.0.1/34469] INFO  impl.RoleInfo (RoleInfo.java:shutdownLeaderState(91)) - b19705a0-6382-4e36-86d9-fb546cb602cf: shutdown b19705a0-6382-4e36-86d9-fb546cb602cf@group-C5160FB0F25F-LeaderStateImpl
2022-03-03 14:18:59,337 [Listener at 127.0.0.1/34469] INFO  impl.PendingRequests (PendingRequests.java:sendNotLeaderResponses(282)) - b19705a0-6382-4e36-86d9-fb546cb602cf@group-C5160FB0F25F-PendingRequests: sendNotLeaderResponses
2022-03-03 14:18:59,337 [Listener at 127.0.0.1/34469] INFO  impl.StateMachineUpdater (StateMachineUpdater.java:stopAndJoin(149)) - b19705a0-6382-4e36-86d9-fb546cb602cf@group-C5160FB0F25F-StateMachineUpdater: set stopIndex = 0
2022-03-03 14:18:59,337 [b19705a0-6382-4e36-86d9-fb546cb602cf@group-C5160FB0F25F-StateMachineUpdater] INFO  ratis.ContainerStateMachine (ContainerStateMachine.java:takeSnapshot(304)) - group-C5160FB0F25F: Taking a snapshot at:(t:1, i:0) file /home/runner/work/ozone/ozone/hadoop-ozone/integration-test/target/test-dir/MiniOzoneClusterImpl-0274ca87-c068-4a4d-855f-b1ef4eb933b0/datanode-2/data/ratis/5821992f-f8cc-4337-9ac8-c5160fb0f25f/sm/snapshot.1_0
2022-03-03 14:18:59,338 [b19705a0-6382-4e36-86d9-fb546cb602cf@group-C5160FB0F25F-StateMachineUpdater] INFO  ratis.ContainerStateMachine (ContainerStateMachine.java:takeSnapshot(315)) - group-C5160FB0F25F: Finished taking a snapshot at:(t:1, i:0) file:/home/runner/work/ozone/ozone/hadoop-ozone/integration-test/target/test-dir/MiniOzoneClusterImpl-0274ca87-c068-4a4d-855f-b1ef4eb933b0/datanode-2/data/ratis/5821992f-f8cc-4337-9ac8-c5160fb0f25f/sm/snapshot.1_0 took: 1 ms
2022-03-03 14:18:59,339 [b19705a0-6382-4e36-86d9-fb546cb602cf@group-C5160FB0F25F-StateMachineUpdater] INFO  impl.StateMachineUpdater (StateMachineUpdater.java:takeSnapshot(281)) - b19705a0-6382-4e36-86d9-fb546cb602cf@group-C5160FB0F25F-StateMachineUpdater: Took a snapshot at index 0
2022-03-03 14:18:59,339 [b19705a0-6382-4e36-86d9-fb546cb602cf@group-C5160FB0F25F-StateMachineUpdater] INFO  impl.StateMachineUpdater (StateMachineUpdater.java:lambda$new$0(89)) - b19705a0-6382-4e36-86d9-fb546cb602cf@group-C5160FB0F25F-StateMachineUpdater: snapshotIndex: updateIncreasingly -1 -> 0
2022-03-03 14:18:59,339 [Listener at 127.0.0.1/34469] INFO  server.RaftServer$Division (ServerState.java:close(419)) - b19705a0-6382-4e36-86d9-fb546cb602cf@group-C5160FB0F25F: closes. applyIndex: 0
2022-03-03 14:18:59,339 [b19705a0-6382-4e36-86d9-fb546cb602cf@group-C5160FB0F25F-SegmentedRaftLogWorker] INFO  segmented.SegmentedRaftLogWorker (SegmentedRaftLogWorker.java:run(327)) - b19705a0-6382-4e36-86d9-fb546cb602cf@group-C5160FB0F25F-SegmentedRaftLogWorker was interrupted, exiting. There are 0 tasks remaining in the queue.
2022-03-03 14:18:59,339 [Listener at 127.0.0.1/34469] INFO  segmented.SegmentedRaftLogWorker (SegmentedRaftLogWorker.java:close(237)) - b19705a0-6382-4e36-86d9-fb546cb602cf@group-C5160FB0F25F-SegmentedRaftLogWorker close()
2022-03-03 14:18:59,343 [Listener at 127.0.0.1/34469] INFO  server.RaftServer$Division (RaftServerImpl.java:lambda$close$4(412)) - b19705a0-6382-4e36-86d9-fb546cb602cf@group-BEA9097ECB80: shutdown
2022-03-03 14:18:59,343 [Listener at 127.0.0.1/34469] INFO  util.JmxRegister (JmxRegister.java:unregister(73)) - Successfully un-registered JMX Bean with object name Ratis:service=RaftServer,group=group-BEA9097ECB80,id=b19705a0-6382-4e36-86d9-fb546cb602cf
2022-03-03 14:18:59,343 [Listener at 127.0.0.1/34469] INFO  impl.RoleInfo (RoleInfo.java:shutdownFollowerState(108)) - b19705a0-6382-4e36-86d9-fb546cb602cf: shutdown b19705a0-6382-4e36-86d9-fb546cb602cf@group-BEA9097ECB80-FollowerState
2022-03-03 14:18:59,343 [Listener at 127.0.0.1/34469] INFO  impl.StateMachineUpdater (StateMachineUpdater.java:stopAndJoin(149)) - b19705a0-6382-4e36-86d9-fb546cb602cf@group-BEA9097ECB80-StateMachineUpdater: set stopIndex = 0
2022-03-03 14:18:59,343 [b19705a0-6382-4e36-86d9-fb546cb602cf@group-BEA9097ECB80-FollowerState] INFO  impl.FollowerState (FollowerState.java:run(143)) - b19705a0-6382-4e36-86d9-fb546cb602cf@group-BEA9097ECB80-FollowerState was interrupted: {}
java.lang.InterruptedException: sleep interrupted
	at java.lang.Thread.sleep(Native Method)
	at java.lang.Thread.sleep(Thread.java:342)
	at java.util.concurrent.TimeUnit.sleep(TimeUnit.java:386)
	at org.apache.ratis.util.TimeDuration.sleep(TimeDuration.java:324)
	at org.apache.ratis.util.TimeDuration.sleep(TimeDuration.java:309)
	at org.apache.ratis.server.impl.FollowerState.run(FollowerState.java:118)
2022-03-03 14:18:59,344 [b19705a0-6382-4e36-86d9-fb546cb602cf@group-BEA9097ECB80-StateMachineUpdater] INFO  ratis.ContainerStateMachine (ContainerStateMachine.java:takeSnapshot(304)) - group-BEA9097ECB80: Taking a snapshot at:(t:1, i:0) file /home/runner/work/ozone/ozone/hadoop-ozone/integration-test/target/test-dir/MiniOzoneClusterImpl-0274ca87-c068-4a4d-855f-b1ef4eb933b0/datanode-2/data/ratis/d4e088ac-d662-4fb5-bec4-bea9097ecb80/sm/snapshot.1_0
2022-03-03 14:18:59,344 [b19705a0-6382-4e36-86d9-fb546cb602cf@group-BEA9097ECB80-StateMachineUpdater] INFO  ratis.ContainerStateMachine (ContainerStateMachine.java:takeSnapshot(315)) - group-BEA9097ECB80: Finished taking a snapshot at:(t:1, i:0) file:/home/runner/work/ozone/ozone/hadoop-ozone/integration-test/target/test-dir/MiniOzoneClusterImpl-0274ca87-c068-4a4d-855f-b1ef4eb933b0/datanode-2/data/ratis/d4e088ac-d662-4fb5-bec4-bea9097ecb80/sm/snapshot.1_0 took: 1 ms
2022-03-03 14:18:59,344 [b19705a0-6382-4e36-86d9-fb546cb602cf@group-BEA9097ECB80-StateMachineUpdater] INFO  impl.StateMachineUpdater (StateMachineUpdater.java:takeSnapshot(281)) - b19705a0-6382-4e36-86d9-fb546cb602cf@group-BEA9097ECB80-StateMachineUpdater: Took a snapshot at index 0
2022-03-03 14:18:59,344 [b19705a0-6382-4e36-86d9-fb546cb602cf@group-BEA9097ECB80-StateMachineUpdater] INFO  impl.StateMachineUpdater (StateMachineUpdater.java:lambda$new$0(89)) - b19705a0-6382-4e36-86d9-fb546cb602cf@group-BEA9097ECB80-StateMachineUpdater: snapshotIndex: updateIncreasingly -1 -> 0
2022-03-03 14:18:59,345 [Listener at 127.0.0.1/34469] INFO  server.RaftServer$Division (ServerState.java:close(419)) - b19705a0-6382-4e36-86d9-fb546cb602cf@group-BEA9097ECB80: closes. applyIndex: 0
2022-03-03 14:18:59,345 [b19705a0-6382-4e36-86d9-fb546cb602cf@group-BEA9097ECB80-SegmentedRaftLogWorker] INFO  segmented.SegmentedRaftLogWorker (SegmentedRaftLogWorker.java:run(327)) - b19705a0-6382-4e36-86d9-fb546cb602cf@group-BEA9097ECB80-SegmentedRaftLogWorker was interrupted, exiting. There are 0 tasks remaining in the queue.
2022-03-03 14:18:59,345 [Listener at 127.0.0.1/34469] INFO  segmented.SegmentedRaftLogWorker (SegmentedRaftLogWorker.java:close(237)) - b19705a0-6382-4e36-86d9-fb546cb602cf@group-BEA9097ECB80-SegmentedRaftLogWorker close()
2022-03-03 14:18:59,345 [Listener at 127.0.0.1/34469] INFO  server.RaftServer$Division (RaftServerImpl.java:lambda$close$4(412)) - b19705a0-6382-4e36-86d9-fb546cb602cf@group-1BACA9CB8E95: shutdown
2022-03-03 14:18:59,346 [Listener at 127.0.0.1/34469] INFO  util.JmxRegister (JmxRegister.java:unregister(73)) - Successfully un-registered JMX Bean with object name Ratis:service=RaftServer,group=group-1BACA9CB8E95,id=b19705a0-6382-4e36-86d9-fb546cb602cf
2022-03-03 14:18:59,346 [Listener at 127.0.0.1/34469] INFO  impl.RoleInfo (RoleInfo.java:shutdownFollowerState(108)) - b19705a0-6382-4e36-86d9-fb546cb602cf: shutdown b19705a0-6382-4e36-86d9-fb546cb602cf@group-1BACA9CB8E95-FollowerState
2022-03-03 14:18:59,346 [Listener at 127.0.0.1/34469] INFO  impl.StateMachineUpdater (StateMachineUpdater.java:stopAndJoin(149)) - b19705a0-6382-4e36-86d9-fb546cb602cf@group-1BACA9CB8E95-StateMachineUpdater: set stopIndex = -1
2022-03-03 14:18:59,346 [b19705a0-6382-4e36-86d9-fb546cb602cf@group-1BACA9CB8E95-FollowerState] INFO  impl.FollowerState (FollowerState.java:run(143)) - b19705a0-6382-4e36-86d9-fb546cb602cf@group-1BACA9CB8E95-FollowerState was interrupted: {}
java.lang.InterruptedException: sleep interrupted
	at java.lang.Thread.sleep(Native Method)
	at java.lang.Thread.sleep(Thread.java:342)
	at java.util.concurrent.TimeUnit.sleep(TimeUnit.java:386)
	at org.apache.ratis.util.TimeDuration.sleep(TimeDuration.java:324)
	at org.apache.ratis.util.TimeDuration.sleep(TimeDuration.java:309)
	at org.apache.ratis.server.impl.FollowerState.run(FollowerState.java:118)
2022-03-03 14:18:59,346 [Listener at 127.0.0.1/34469] INFO  server.RaftServer$Division (ServerState.java:close(419)) - b19705a0-6382-4e36-86d9-fb546cb602cf@group-1BACA9CB8E95: closes. applyIndex: -1
2022-03-03 14:18:59,346 [b19705a0-6382-4e36-86d9-fb546cb602cf@group-1BACA9CB8E95-SegmentedRaftLogWorker] INFO  segmented.SegmentedRaftLogWorker (SegmentedRaftLogWorker.java:run(327)) - b19705a0-6382-4e36-86d9-fb546cb602cf@group-1BACA9CB8E95-SegmentedRaftLogWorker was interrupted, exiting. There are 0 tasks remaining in the queue.
2022-03-03 14:18:59,346 [Listener at 127.0.0.1/34469] INFO  segmented.SegmentedRaftLogWorker (SegmentedRaftLogWorker.java:close(237)) - b19705a0-6382-4e36-86d9-fb546cb602cf@group-1BACA9CB8E95-SegmentedRaftLogWorker close()
2022-03-03 14:18:59,347 [Listener at 127.0.0.1/34469] INFO  server.GrpcService (GrpcService.java:closeImpl(262)) - b19705a0-6382-4e36-86d9-fb546cb602cf: shutdown server with port 44167 now
2022-03-03 14:18:59,349 [Listener at 127.0.0.1/34469] INFO  server.GrpcService (GrpcService.java:closeImpl(271)) - b19705a0-6382-4e36-86d9-fb546cb602cf: shutdown server with port 44167 successfully
2022-03-03 14:18:59,349 [org.apache.ratis.util.JvmPauseMonitor$$Lambda$435/453351332@26ce4cd4] INFO  util.JvmPauseMonitor (JvmPauseMonitor.java:run(109)) - JvmPauseMonitor-b19705a0-6382-4e36-86d9-fb546cb602cf: Stopped
2022-03-03 14:19:00,242 [EndpointStateMachine task thread for /127.0.0.1:41237 - 0 ] INFO  ipc.Client (Client.java:handleConnectionFailure(977)) - Retrying connect to server: localhost/127.0.0.1:41237. Already tried 1 time(s); retry policy is RetryUpToMaximumCountWithFixedSleep(maxRetries=15, sleepTime=1000 MILLISECONDS)
2022-03-03 14:19:00,243 [EndpointStateMachine task thread for /127.0.0.1:37109 - 0 ] INFO  ipc.Client (Client.java:handleConnectionFailure(977)) - Retrying connect to server: localhost/127.0.0.1:37109. Already tried 1 time(s); retry policy is RetryUpToMaximumCountWithFixedSleep(maxRetries=15, sleepTime=1000 MILLISECONDS)
2022-03-03 14:19:00,245 [EndpointStateMachine task thread for /127.0.0.1:39049 - 0 ] INFO  ipc.Client (Client.java:handleConnectionFailure(977)) - Retrying connect to server: localhost/127.0.0.1:39049. Already tried 1 time(s); retry policy is RetryUpToMaximumCountWithFixedSleep(maxRetries=15, sleepTime=1000 MILLISECONDS)
2022-03-03 14:19:01,244 [EndpointStateMachine task thread for /127.0.0.1:37109 - 0 ] INFO  ipc.Client (Client.java:handleConnectionFailure(977)) - Retrying connect to server: localhost/127.0.0.1:37109. Already tried 2 time(s); retry policy is RetryUpToMaximumCountWithFixedSleep(maxRetries=15, sleepTime=1000 MILLISECONDS)
2022-03-03 14:19:01,245 [EndpointStateMachine task thread for /127.0.0.1:41237 - 0 ] INFO  ipc.Client (Client.java:handleConnectionFailure(977)) - Retrying connect to server: localhost/127.0.0.1:41237. Already tried 2 time(s); retry policy is RetryUpToMaximumCountWithFixedSleep(maxRetries=15, sleepTime=1000 MILLISECONDS)
2022-03-03 14:19:01,245 [EndpointStateMachine task thread for /127.0.0.1:39049 - 0 ] INFO  ipc.Client (Client.java:handleConnectionFailure(977)) - Retrying connect to server: localhost/127.0.0.1:39049. Already tried 2 time(s); retry policy is RetryUpToMaximumCountWithFixedSleep(maxRetries=15, sleepTime=1000 MILLISECONDS)
2022-03-03 14:19:01,353 [Listener at 127.0.0.1/34469] INFO  utils.BackgroundService (BackgroundService.java:shutdown(132)) - Shutting down service BlockDeletingService
2022-03-03 14:19:02,245 [EndpointStateMachine task thread for /127.0.0.1:37109 - 0 ] INFO  ipc.Client (Client.java:handleConnectionFailure(977)) - Retrying connect to server: localhost/127.0.0.1:37109. Already tried 3 time(s); retry policy is RetryUpToMaximumCountWithFixedSleep(maxRetries=15, sleepTime=1000 MILLISECONDS)
2022-03-03 14:19:02,245 [EndpointStateMachine task thread for /127.0.0.1:41237 - 0 ] INFO  ipc.Client (Client.java:handleConnectionFailure(977)) - Retrying connect to server: localhost/127.0.0.1:41237. Already tried 3 time(s); retry policy is RetryUpToMaximumCountWithFixedSleep(maxRetries=15, sleepTime=1000 MILLISECONDS)
2022-03-03 14:19:02,245 [EndpointStateMachine task thread for /127.0.0.1:39049 - 0 ] INFO  ipc.Client (Client.java:handleConnectionFailure(977)) - Retrying connect to server: localhost/127.0.0.1:39049. Already tried 3 time(s); retry policy is RetryUpToMaximumCountWithFixedSleep(maxRetries=15, sleepTime=1000 MILLISECONDS)
2022-03-03 14:19:03,245 [EndpointStateMachine task thread for /127.0.0.1:37109 - 0 ] INFO  ipc.Client (Client.java:handleConnectionFailure(977)) - Retrying connect to server: localhost/127.0.0.1:37109. Already tried 4 time(s); retry policy is RetryUpToMaximumCountWithFixedSleep(maxRetries=15, sleepTime=1000 MILLISECONDS)
2022-03-03 14:19:03,246 [EndpointStateMachine task thread for /127.0.0.1:39049 - 0 ] INFO  ipc.Client (Client.java:handleConnectionFailure(977)) - Retrying connect to server: localhost/127.0.0.1:39049. Already tried 4 time(s); retry policy is RetryUpToMaximumCountWithFixedSleep(maxRetries=15, sleepTime=1000 MILLISECONDS)
2022-03-03 14:19:03,246 [EndpointStateMachine task thread for /127.0.0.1:41237 - 0 ] INFO  ipc.Client (Client.java:handleConnectionFailure(977)) - Retrying connect to server: localhost/127.0.0.1:41237. Already tried 4 time(s); retry policy is RetryUpToMaximumCountWithFixedSleep(maxRetries=15, sleepTime=1000 MILLISECONDS)
2022-03-03 14:19:04,246 [EndpointStateMachine task thread for /127.0.0.1:37109 - 0 ] INFO  ipc.Client (Client.java:handleConnectionFailure(977)) - Retrying connect to server: localhost/127.0.0.1:37109. Already tried 5 time(s); retry policy is RetryUpToMaximumCountWithFixedSleep(maxRetries=15, sleepTime=1000 MILLISECONDS)
2022-03-03 14:19:04,246 [EndpointStateMachine task thread for /127.0.0.1:39049 - 0 ] INFO  ipc.Client (Client.java:handleConnectionFailure(977)) - Retrying connect to server: localhost/127.0.0.1:39049. Already tried 5 time(s); retry policy is RetryUpToMaximumCountWithFixedSleep(maxRetries=15, sleepTime=1000 MILLISECONDS)
2022-03-03 14:19:04,246 [EndpointStateMachine task thread for /127.0.0.1:41237 - 0 ] INFO  ipc.Client (Client.java:handleConnectionFailure(977)) - Retrying connect to server: localhost/127.0.0.1:41237. Already tried 5 time(s); retry policy is RetryUpToMaximumCountWithFixedSleep(maxRetries=15, sleepTime=1000 MILLISECONDS)
2022-03-03 14:19:04,354 [Listener at 127.0.0.1/34469] INFO  statemachine.DatanodeStateMachine (DatanodeStateMachine.java:stopDaemon(529)) - Ozone container server stopped.
2022-03-03 14:19:04,355 [Listener at 127.0.0.1/34469] INFO  handler.ContextHandler (ContextHandler.java:doStop(1153)) - Stopped o.e.j.w.WebAppContext@4b75a0bc{hddsDatanode,/,null,STOPPED}{jar:file:/home/runner/.m2/repository/org/apache/ozone/hdds-container-service/1.3.0-SNAPSHOT/hdds-container-service-1.3.0-SNAPSHOT.jar!/webapps/hddsDatanode}
2022-03-03 14:19:04,357 [Listener at 127.0.0.1/34469] INFO  server.AbstractConnector (AbstractConnector.java:doStop(381)) - Stopped ServerConnector@50d2e029{HTTP/1.1, (http/1.1)}{0.0.0.0:0}
2022-03-03 14:19:04,357 [Listener at 127.0.0.1/34469] INFO  server.session (HouseKeeper.java:stopScavenging(149)) - node0 Stopped scavenging
2022-03-03 14:19:04,357 [Listener at 127.0.0.1/34469] INFO  handler.ContextHandler (ContextHandler.java:doStop(1153)) - Stopped o.e.j.s.ServletContextHandler@b754645{static,/static,jar:file:/home/runner/.m2/repository/org/apache/ozone/hdds-container-service/1.3.0-SNAPSHOT/hdds-container-service-1.3.0-SNAPSHOT.jar!/webapps/static,STOPPED}
2022-03-03 14:19:04,357 [Listener at 127.0.0.1/34469] INFO  handler.ContextHandler (ContextHandler.java:doStop(1153)) - Stopped o.e.j.s.ServletContextHandler@ca84289{logs,/logs,file:///home/runner/work/ozone/ozone/hadoop-ozone/integration-test/target/log,STOPPED}
2022-03-03 14:19:05,247 [EndpointStateMachine task thread for /127.0.0.1:39049 - 0 ] INFO  ipc.Client (Client.java:handleConnectionFailure(977)) - Retrying connect to server: localhost/127.0.0.1:39049. Already tried 6 time(s); retry policy is RetryUpToMaximumCountWithFixedSleep(maxRetries=15, sleepTime=1000 MILLISECONDS)
2022-03-03 14:19:05,248 [EndpointStateMachine task thread for /127.0.0.1:41237 - 0 ] INFO  ipc.Client (Client.java:handleConnectionFailure(977)) - Retrying connect to server: localhost/127.0.0.1:41237. Already tried 6 time(s); retry policy is RetryUpToMaximumCountWithFixedSleep(maxRetries=15, sleepTime=1000 MILLISECONDS)
2022-03-03 14:19:05,249 [EndpointStateMachine task thread for /127.0.0.1:37109 - 0 ] INFO  ipc.Client (Client.java:handleConnectionFailure(977)) - Retrying connect to server: localhost/127.0.0.1:37109. Already tried 6 time(s); retry policy is RetryUpToMaximumCountWithFixedSleep(maxRetries=15, sleepTime=1000 MILLISECONDS)
2022-03-03 14:19:06,248 [EndpointStateMachine task thread for /127.0.0.1:39049 - 0 ] INFO  ipc.Client (Client.java:handleConnectionFailure(977)) - Retrying connect to server: localhost/127.0.0.1:39049. Already tried 7 time(s); retry policy is RetryUpToMaximumCountWithFixedSleep(maxRetries=15, sleepTime=1000 MILLISECONDS)
2022-03-03 14:19:06,249 [EndpointStateMachine task thread for /127.0.0.1:41237 - 0 ] INFO  ipc.Client (Client.java:handleConnectionFailure(977)) - Retrying connect to server: localhost/127.0.0.1:41237. Already tried 7 time(s); retry policy is RetryUpToMaximumCountWithFixedSleep(maxRetries=15, sleepTime=1000 MILLISECONDS)
2022-03-03 14:19:06,250 [EndpointStateMachine task thread for /127.0.0.1:37109 - 0 ] INFO  ipc.Client (Client.java:handleConnectionFailure(977)) - Retrying connect to server: localhost/127.0.0.1:37109. Already tried 7 time(s); retry policy is RetryUpToMaximumCountWithFixedSleep(maxRetries=15, sleepTime=1000 MILLISECONDS)
2022-03-03 14:19:07,249 [EndpointStateMachine task thread for /127.0.0.1:39049 - 0 ] INFO  ipc.Client (Client.java:handleConnectionFailure(977)) - Retrying connect to server: localhost/127.0.0.1:39049. Already tried 8 time(s); retry policy is RetryUpToMaximumCountWithFixedSleep(maxRetries=15, sleepTime=1000 MILLISECONDS)
2022-03-03 14:19:07,249 [EndpointStateMachine task thread for /127.0.0.1:41237 - 0 ] INFO  ipc.Client (Client.java:handleConnectionFailure(977)) - Retrying connect to server: localhost/127.0.0.1:41237. Already tried 8 time(s); retry policy is RetryUpToMaximumCountWithFixedSleep(maxRetries=15, sleepTime=1000 MILLISECONDS)
2022-03-03 14:19:07,251 [EndpointStateMachine task thread for /127.0.0.1:37109 - 0 ] INFO  ipc.Client (Client.java:handleConnectionFailure(977)) - Retrying connect to server: localhost/127.0.0.1:37109. Already tried 8 time(s); retry policy is RetryUpToMaximumCountWithFixedSleep(maxRetries=15, sleepTime=1000 MILLISECONDS)
2022-03-03 14:19:08,249 [EndpointStateMachine task thread for /127.0.0.1:39049 - 0 ] INFO  ipc.Client (Client.java:handleConnectionFailure(977)) - Retrying connect to server: localhost/127.0.0.1:39049. Already tried 9 time(s); retry policy is RetryUpToMaximumCountWithFixedSleep(maxRetries=15, sleepTime=1000 MILLISECONDS)
2022-03-03 14:19:08,250 [EndpointStateMachine task thread for /127.0.0.1:41237 - 0 ] INFO  ipc.Client (Client.java:handleConnectionFailure(977)) - Retrying connect to server: localhost/127.0.0.1:41237. Already tried 9 time(s); retry policy is RetryUpToMaximumCountWithFixedSleep(maxRetries=15, sleepTime=1000 MILLISECONDS)
2022-03-03 14:19:08,251 [EndpointStateMachine task thread for /127.0.0.1:37109 - 0 ] INFO  ipc.Client (Client.java:handleConnectionFailure(977)) - Retrying connect to server: localhost/127.0.0.1:37109. Already tried 9 time(s); retry policy is RetryUpToMaximumCountWithFixedSleep(maxRetries=15, sleepTime=1000 MILLISECONDS)
2022-03-03 14:19:09,250 [EndpointStateMachine task thread for /127.0.0.1:39049 - 0 ] INFO  ipc.Client (Client.java:handleConnectionFailure(977)) - Retrying connect to server: localhost/127.0.0.1:39049. Already tried 10 time(s); retry policy is RetryUpToMaximumCountWithFixedSleep(maxRetries=15, sleepTime=1000 MILLISECONDS)
2022-03-03 14:19:09,250 [EndpointStateMachine task thread for /127.0.0.1:41237 - 0 ] INFO  ipc.Client (Client.java:handleConnectionFailure(977)) - Retrying connect to server: localhost/127.0.0.1:41237. Already tried 10 time(s); retry policy is RetryUpToMaximumCountWithFixedSleep(maxRetries=15, sleepTime=1000 MILLISECONDS)
2022-03-03 14:19:09,251 [EndpointStateMachine task thread for /127.0.0.1:37109 - 0 ] INFO  ipc.Client (Client.java:handleConnectionFailure(977)) - Retrying connect to server: localhost/127.0.0.1:37109. Already tried 10 time(s); retry policy is RetryUpToMaximumCountWithFixedSleep(maxRetries=15, sleepTime=1000 MILLISECONDS)
2022-03-03 14:19:10,251 [EndpointStateMachine task thread for /127.0.0.1:39049 - 0 ] INFO  ipc.Client (Client.java:handleConnectionFailure(977)) - Retrying connect to server: localhost/127.0.0.1:39049. Already tried 11 time(s); retry policy is RetryUpToMaximumCountWithFixedSleep(maxRetries=15, sleepTime=1000 MILLISECONDS)
2022-03-03 14:19:10,251 [EndpointStateMachine task thread for /127.0.0.1:41237 - 0 ] INFO  ipc.Client (Client.java:handleConnectionFailure(977)) - Retrying connect to server: localhost/127.0.0.1:41237. Already tried 11 time(s); retry policy is RetryUpToMaximumCountWithFixedSleep(maxRetries=15, sleepTime=1000 MILLISECONDS)
2022-03-03 14:19:10,252 [EndpointStateMachine task thread for /127.0.0.1:37109 - 0 ] INFO  ipc.Client (Client.java:handleConnectionFailure(977)) - Retrying connect to server: localhost/127.0.0.1:37109. Already tried 11 time(s); retry policy is RetryUpToMaximumCountWithFixedSleep(maxRetries=15, sleepTime=1000 MILLISECONDS)
2022-03-03 14:19:11,251 [EndpointStateMachine task thread for /127.0.0.1:39049 - 0 ] INFO  ipc.Client (Client.java:handleConnectionFailure(977)) - Retrying connect to server: localhost/127.0.0.1:39049. Already tried 12 time(s); retry policy is RetryUpToMaximumCountWithFixedSleep(maxRetries=15, sleepTime=1000 MILLISECONDS)
2022-03-03 14:19:11,251 [EndpointStateMachine task thread for /127.0.0.1:41237 - 0 ] INFO  ipc.Client (Client.java:handleConnectionFailure(977)) - Retrying connect to server: localhost/127.0.0.1:41237. Already tried 12 time(s); retry policy is RetryUpToMaximumCountWithFixedSleep(maxRetries=15, sleepTime=1000 MILLISECONDS)
2022-03-03 14:19:11,253 [EndpointStateMachine task thread for /127.0.0.1:37109 - 0 ] INFO  ipc.Client (Client.java:handleConnectionFailure(977)) - Retrying connect to server: localhost/127.0.0.1:37109. Already tried 12 time(s); retry policy is RetryUpToMaximumCountWithFixedSleep(maxRetries=15, sleepTime=1000 MILLISECONDS)
2022-03-03 14:19:12,252 [EndpointStateMachine task thread for /127.0.0.1:39049 - 0 ] INFO  ipc.Client (Client.java:handleConnectionFailure(977)) - Retrying connect to server: localhost/127.0.0.1:39049. Already tried 13 time(s); retry policy is RetryUpToMaximumCountWithFixedSleep(maxRetries=15, sleepTime=1000 MILLISECONDS)
2022-03-03 14:19:12,252 [EndpointStateMachine task thread for /127.0.0.1:41237 - 0 ] INFO  ipc.Client (Client.java:handleConnectionFailure(977)) - Retrying connect to server: localhost/127.0.0.1:41237. Already tried 13 time(s); retry policy is RetryUpToMaximumCountWithFixedSleep(maxRetries=15, sleepTime=1000 MILLISECONDS)
2022-03-03 14:19:12,254 [EndpointStateMachine task thread for /127.0.0.1:37109 - 0 ] INFO  ipc.Client (Client.java:handleConnectionFailure(977)) - Retrying connect to server: localhost/127.0.0.1:37109. Already tried 13 time(s); retry policy is RetryUpToMaximumCountWithFixedSleep(maxRetries=15, sleepTime=1000 MILLISECONDS)
2022-03-03 14:19:13,252 [EndpointStateMachine task thread for /127.0.0.1:39049 - 0 ] INFO  ipc.Client (Client.java:handleConnectionFailure(977)) - Retrying connect to server: localhost/127.0.0.1:39049. Already tried 14 time(s); retry policy is RetryUpToMaximumCountWithFixedSleep(maxRetries=15, sleepTime=1000 MILLISECONDS)
2022-03-03 14:19:13,252 [EndpointStateMachine task thread for /127.0.0.1:41237 - 0 ] INFO  ipc.Client (Client.java:handleConnectionFailure(977)) - Retrying connect to server: localhost/127.0.0.1:41237. Already tried 14 time(s); retry policy is RetryUpToMaximumCountWithFixedSleep(maxRetries=15, sleepTime=1000 MILLISECONDS)
2022-03-03 14:19:13,254 [EndpointStateMachine task thread for /127.0.0.1:37109 - 0 ] INFO  ipc.Client (Client.java:handleConnectionFailure(977)) - Retrying connect to server: localhost/127.0.0.1:37109. Already tried 14 time(s); retry policy is RetryUpToMaximumCountWithFixedSleep(maxRetries=15, sleepTime=1000 MILLISECONDS)
2022-03-03 14:19:14,255 [EndpointStateMachine task thread for /127.0.0.1:37109 - 0 ] INFO  ipc.Client (Client.java:handleConnectionFailure(977)) - Retrying connect to server: localhost/127.0.0.1:37109. Already tried 0 time(s); retry policy is RetryUpToMaximumCountWithFixedSleep(maxRetries=15, sleepTime=1000 MILLISECONDS)
2022-03-03 14:19:14,256 [EndpointStateMachine task thread for /127.0.0.1:41237 - 0 ] INFO  ipc.Client (Client.java:handleConnectionFailure(977)) - Retrying connect to server: localhost/127.0.0.1:41237. Already tried 0 time(s); retry policy is RetryUpToMaximumCountWithFixedSleep(maxRetries=15, sleepTime=1000 MILLISECONDS)
2022-03-03 14:19:14,256 [EndpointStateMachine task thread for /127.0.0.1:39049 - 0 ] INFO  ipc.Client (Client.java:handleConnectionFailure(977)) - Retrying connect to server: localhost/127.0.0.1:39049. Already tried 0 time(s); retry policy is RetryUpToMaximumCountWithFixedSleep(maxRetries=15, sleepTime=1000 MILLISECONDS)
2022-03-03 14:19:15,256 [EndpointStateMachine task thread for /127.0.0.1:37109 - 0 ] INFO  ipc.Client (Client.java:handleConnectionFailure(977)) - Retrying connect to server: localhost/127.0.0.1:37109. Already tried 1 time(s); retry policy is RetryUpToMaximumCountWithFixedSleep(maxRetries=15, sleepTime=1000 MILLISECONDS)
2022-03-03 14:19:15,256 [EndpointStateMachine task thread for /127.0.0.1:41237 - 0 ] INFO  ipc.Client (Client.java:handleConnectionFailure(977)) - Retrying connect to server: localhost/127.0.0.1:41237. Already tried 1 time(s); retry policy is RetryUpToMaximumCountWithFixedSleep(maxRetries=15, sleepTime=1000 MILLISECONDS)
2022-03-03 14:19:15,256 [EndpointStateMachine task thread for /127.0.0.1:39049 - 0 ] INFO  ipc.Client (Client.java:handleConnectionFailure(977)) - Retrying connect to server: localhost/127.0.0.1:39049. Already tried 1 time(s); retry policy is RetryUpToMaximumCountWithFixedSleep(maxRetries=15, sleepTime=1000 MILLISECONDS)
2022-03-03 14:19:16,256 [EndpointStateMachine task thread for /127.0.0.1:37109 - 0 ] INFO  ipc.Client (Client.java:handleConnectionFailure(977)) - Retrying connect to server: localhost/127.0.0.1:37109. Already tried 2 time(s); retry policy is RetryUpToMaximumCountWithFixedSleep(maxRetries=15, sleepTime=1000 MILLISECONDS)
2022-03-03 14:19:16,257 [EndpointStateMachine task thread for /127.0.0.1:39049 - 0 ] INFO  ipc.Client (Client.java:handleConnectionFailure(977)) - Retrying connect to server: localhost/127.0.0.1:39049. Already tried 2 time(s); retry policy is RetryUpToMaximumCountWithFixedSleep(maxRetries=15, sleepTime=1000 MILLISECONDS)
2022-03-03 14:19:16,257 [EndpointStateMachine task thread for /127.0.0.1:41237 - 0 ] INFO  ipc.Client (Client.java:handleConnectionFailure(977)) - Retrying connect to server: localhost/127.0.0.1:41237. Already tried 2 time(s); retry policy is RetryUpToMaximumCountWithFixedSleep(maxRetries=15, sleepTime=1000 MILLISECONDS)
2022-03-03 14:19:17,257 [EndpointStateMachine task thread for /127.0.0.1:37109 - 0 ] INFO  ipc.Client (Client.java:handleConnectionFailure(977)) - Retrying connect to server: localhost/127.0.0.1:37109. Already tried 3 time(s); retry policy is RetryUpToMaximumCountWithFixedSleep(maxRetries=15, sleepTime=1000 MILLISECONDS)
2022-03-03 14:19:17,258 [EndpointStateMachine task thread for /127.0.0.1:39049 - 0 ] INFO  ipc.Client (Client.java:handleConnectionFailure(977)) - Retrying connect to server: localhost/127.0.0.1:39049. Already tried 3 time(s); retry policy is RetryUpToMaximumCountWithFixedSleep(maxRetries=15, sleepTime=1000 MILLISECONDS)
2022-03-03 14:19:17,258 [EndpointStateMachine task thread for /127.0.0.1:41237 - 0 ] INFO  ipc.Client (Client.java:handleConnectionFailure(977)) - Retrying connect to server: localhost/127.0.0.1:41237. Already tried 3 time(s); retry policy is RetryUpToMaximumCountWithFixedSleep(maxRetries=15, sleepTime=1000 MILLISECONDS)
2022-03-03 14:19:18,258 [EndpointStateMachine task thread for /127.0.0.1:37109 - 0 ] INFO  ipc.Client (Client.java:handleConnectionFailure(977)) - Retrying connect to server: localhost/127.0.0.1:37109. Already tried 4 time(s); retry policy is RetryUpToMaximumCountWithFixedSleep(maxRetries=15, sleepTime=1000 MILLISECONDS)
2022-03-03 14:19:18,258 [EndpointStateMachine task thread for /127.0.0.1:39049 - 0 ] INFO  ipc.Client (Client.java:handleConnectionFailure(977)) - Retrying connect to server: localhost/127.0.0.1:39049. Already tried 4 time(s); retry policy is RetryUpToMaximumCountWithFixedSleep(maxRetries=15, sleepTime=1000 MILLISECONDS)
2022-03-03 14:19:18,258 [EndpointStateMachine task thread for /127.0.0.1:41237 - 0 ] INFO  ipc.Client (Client.java:handleConnectionFailure(977)) - Retrying connect to server: localhost/127.0.0.1:41237. Already tried 4 time(s); retry policy is RetryUpToMaximumCountWithFixedSleep(maxRetries=15, sleepTime=1000 MILLISECONDS)
2022-03-03 14:19:19,258 [EndpointStateMachine task thread for /127.0.0.1:37109 - 0 ] INFO  ipc.Client (Client.java:handleConnectionFailure(977)) - Retrying connect to server: localhost/127.0.0.1:37109. Already tried 5 time(s); retry policy is RetryUpToMaximumCountWithFixedSleep(maxRetries=15, sleepTime=1000 MILLISECONDS)
2022-03-03 14:19:19,259 [EndpointStateMachine task thread for /127.0.0.1:41237 - 0 ] INFO  ipc.Client (Client.java:handleConnectionFailure(977)) - Retrying connect to server: localhost/127.0.0.1:41237. Already tried 5 time(s); retry policy is RetryUpToMaximumCountWithFixedSleep(maxRetries=15, sleepTime=1000 MILLISECONDS)
2022-03-03 14:19:19,260 [EndpointStateMachine task thread for /127.0.0.1:39049 - 0 ] INFO  ipc.Client (Client.java:handleConnectionFailure(977)) - Retrying connect to server: localhost/127.0.0.1:39049. Already tried 5 time(s); retry policy is RetryUpToMaximumCountWithFixedSleep(maxRetries=15, sleepTime=1000 MILLISECONDS)
2022-03-03 14:19:19,399 [Listener at 127.0.0.1/34469] INFO  ozone.MiniOzoneClusterImpl (MiniOzoneClusterImpl.java:shutdown(449)) - Shutting down the Mini Ozone Cluster
2022-03-03 14:19:19,399 [Listener at 127.0.0.1/34469] INFO  ozone.MiniOzoneHAClusterImpl (MiniOzoneHAClusterImpl.java:stop(308)) - Stopping the OzoneManager omNode-3
2022-03-03 14:19:19,399 [Listener at 127.0.0.1/34469] INFO  om.OzoneManager (OzoneManager.java:stop(1893)) - omNode-3[localhost:34469]: Stopping Ozone Manager
2022-03-03 14:19:19,399 [Listener at 127.0.0.1/34469] INFO  ipc.Server (Server.java:stop(3414)) - Stopping server on 34469
2022-03-03 14:19:19,400 [Listener at 127.0.0.1/34469] INFO  ozone.MiniOzoneHAClusterImpl (MiniOzoneHAClusterImpl.java:stop(308)) - Stopping the OzoneManager omNode-1
2022-03-03 14:19:19,400 [Listener at 127.0.0.1/34469] INFO  om.OzoneManager (OzoneManager.java:stop(1893)) - omNode-1[localhost:42585]: Stopping Ozone Manager
2022-03-03 14:19:19,400 [Listener at 127.0.0.1/34469] INFO  ipc.Server (Server.java:stop(3414)) - Stopping server on 42585
2022-03-03 14:19:19,401 [Listener at 127.0.0.1/34469] INFO  ozone.MiniOzoneHAClusterImpl (MiniOzoneHAClusterImpl.java:stop(308)) - Stopping the OzoneManager omNode-2
2022-03-03 14:19:19,401 [Listener at 127.0.0.1/34469] INFO  om.OzoneManager (OzoneManager.java:stop(1893)) - omNode-2[localhost:42271]: Stopping Ozone Manager
2022-03-03 14:19:19,401 [Listener at 127.0.0.1/34469] INFO  ipc.Server (Server.java:stop(3414)) - Stopping server on 42271
2022-03-03 14:19:19,401 [Listener at 127.0.0.1/34469] INFO  ozone.MiniOzoneHAClusterImpl (MiniOzoneHAClusterImpl.java:stop(316)) - Stopping the StorageContainerManager fd6a08cb-ca39-44ab-a901-59b74a3535c1
2022-03-03 14:19:19,401 [Listener at 127.0.0.1/34469] INFO  server.StorageContainerManager (StorageContainerManager.java:stop(1414)) - Stopping Container Balancer service.
2022-03-03 14:19:19,401 [Listener at 127.0.0.1/34469] INFO  balancer.ContainerBalancer (ContainerBalancer.java:stop(788)) - Container Balancer is not running.
2022-03-03 14:19:19,401 [Listener at 127.0.0.1/34469] INFO  server.StorageContainerManager (StorageContainerManager.java:stop(1421)) - Stopping Replication Manager Service.
2022-03-03 14:19:19,401 [Listener at 127.0.0.1/34469] INFO  container.ReplicationManager (ReplicationManager.java:stop(364)) - Replication Monitor Thread is not running.
2022-03-03 14:19:19,401 [Listener at 127.0.0.1/34469] INFO  server.StorageContainerManager (StorageContainerManager.java:stop(1428)) - Stopping the Datanode Admin Monitor.
2022-03-03 14:19:19,401 [Listener at 127.0.0.1/34469] INFO  server.StorageContainerManager (StorageContainerManager.java:stop(1435)) - Stopping Lease Manager of the command watchers
2022-03-03 14:19:19,401 [Listener at 127.0.0.1/34469] ERROR server.StorageContainerManager (StorageContainerManager.java:stop(1438)) - Lease Manager of the command watchers stop failed
2022-03-03 14:19:19,401 [Listener at 127.0.0.1/34469] INFO  server.StorageContainerManager (StorageContainerManager.java:stop(1442)) - Stopping datanode service RPC server
2022-03-03 14:19:19,401 [Listener at 127.0.0.1/34469] INFO  server.SCMDatanodeProtocolServer (SCMDatanodeProtocolServer.java:stop(400)) - Stopping the RPC server for DataNodes
2022-03-03 14:19:19,401 [Listener at 127.0.0.1/34469] INFO  ipc.Server (Server.java:stop(3414)) - Stopping server on 41237
2022-03-03 14:19:19,401 [Listener at 127.0.0.1/34469] INFO  server.StorageContainerManager (StorageContainerManager.java:stop(1450)) - Stopping block service RPC server
2022-03-03 14:19:19,402 [Listener at 127.0.0.1/34469] INFO  server.SCMBlockProtocolServer (SCMBlockProtocolServer.java:stop(160)) - Stopping the RPC server for Block Protocol
2022-03-03 14:19:19,402 [Listener at 127.0.0.1/34469] INFO  ipc.Server (Server.java:stop(3414)) - Stopping server on 43715
2022-03-03 14:19:19,402 [Listener at 127.0.0.1/34469] INFO  server.StorageContainerManager (StorageContainerManager.java:stop(1457)) - Stopping the StorageContainerLocationProtocol RPC server
2022-03-03 14:19:19,402 [Listener at 127.0.0.1/34469] INFO  server.SCMClientProtocolServer (SCMClientProtocolServer.java:stop(174)) - Stopping the RPC server for Client Protocol
2022-03-03 14:19:19,402 [Listener at 127.0.0.1/34469] INFO  ipc.Server (Server.java:stop(3414)) - Stopping server on 37221
2022-03-03 14:19:19,402 [Listener at 127.0.0.1/34469] INFO  server.StorageContainerManager (StorageContainerManager.java:stop(1464)) - Stopping Storage Container Manager HTTP server.
2022-03-03 14:19:19,402 [Listener at 127.0.0.1/34469] INFO  server.StorageContainerManager (StorageContainerManager.java:stop(1475)) - Stopping Block Manager Service.
2022-03-03 14:19:19,402 [Listener at 127.0.0.1/34469] INFO  utils.BackgroundService (BackgroundService.java:shutdown(132)) - Shutting down service SCMBlockDeletingService
2022-03-03 14:19:19,402 [Listener at 127.0.0.1/34469] INFO  utils.BackgroundService (BackgroundService.java:shutdown(132)) - Shutting down service SCMBlockDeletingService
2022-03-03 14:19:19,402 [Listener at 127.0.0.1/34469] INFO  server.StorageContainerManager (StorageContainerManager.java:stop(1502)) - Stopping SCM Event Queue.
2022-03-03 14:19:19,402 [Listener at 127.0.0.1/34469] INFO  server.StorageContainerManager (StorageContainerManager.java:stop(1513)) - Stopping SCM HA services.
2022-03-03 14:19:19,402 [Listener at 127.0.0.1/34469] INFO  ha.SCMRatisServerImpl (SCMRatisServerImpl.java:stop(236)) - stopping ratis server 0.0.0.0:38819
2022-03-03 14:19:19,402 [Listener at 127.0.0.1/34469] WARN  pipeline.BackgroundPipelineCreator (BackgroundPipelineCreator.java:stop(154)) - RatisPipelineUtilsThread is not running, just ignore.
2022-03-03 14:19:19,402 [Listener at 127.0.0.1/34469] INFO  server.StorageContainerManager (StorageContainerManager.java:stop(1523)) - Stopping SCM MetadataStore.
2022-03-03 14:19:19,402 [Listener at 127.0.0.1/34469] INFO  impl.MetricsSystemImpl (MetricsSystemImpl.java:stop(205)) - HddsDatanode metrics system stopped (again)
2022-03-03 14:19:19,403 [Listener at 127.0.0.1/34469] INFO  ozone.MiniOzoneHAClusterImpl (MiniOzoneHAClusterImpl.java:stop(316)) - Stopping the StorageContainerManager a6e28bb1-0085-4f86-91af-c94afacc40c4
2022-03-03 14:19:19,403 [Listener at 127.0.0.1/34469] INFO  server.StorageContainerManager (StorageContainerManager.java:stop(1414)) - Stopping Container Balancer service.
2022-03-03 14:19:19,403 [Listener at 127.0.0.1/34469] INFO  balancer.ContainerBalancer (ContainerBalancer.java:stop(788)) - Container Balancer is not running.
2022-03-03 14:19:19,403 [Listener at 127.0.0.1/34469] INFO  server.StorageContainerManager (StorageContainerManager.java:stop(1421)) - Stopping Replication Manager Service.
2022-03-03 14:19:19,403 [Listener at 127.0.0.1/34469] INFO  container.ReplicationManager (ReplicationManager.java:stop(364)) - Replication Monitor Thread is not running.
2022-03-03 14:19:19,403 [Listener at 127.0.0.1/34469] INFO  server.StorageContainerManager (StorageContainerManager.java:stop(1428)) - Stopping the Datanode Admin Monitor.
2022-03-03 14:19:19,403 [Listener at 127.0.0.1/34469] INFO  server.StorageContainerManager (StorageContainerManager.java:stop(1435)) - Stopping Lease Manager of the command watchers
2022-03-03 14:19:19,403 [Listener at 127.0.0.1/34469] ERROR server.StorageContainerManager (StorageContainerManager.java:stop(1438)) - Lease Manager of the command watchers stop failed
2022-03-03 14:19:19,403 [Listener at 127.0.0.1/34469] INFO  server.StorageContainerManager (StorageContainerManager.java:stop(1442)) - Stopping datanode service RPC server
2022-03-03 14:19:19,403 [Listener at 127.0.0.1/34469] INFO  server.SCMDatanodeProtocolServer (SCMDatanodeProtocolServer.java:stop(400)) - Stopping the RPC server for DataNodes
2022-03-03 14:19:19,403 [Listener at 127.0.0.1/34469] INFO  ipc.Server (Server.java:stop(3414)) - Stopping server on 37109
2022-03-03 14:19:19,403 [Listener at 127.0.0.1/34469] INFO  server.StorageContainerManager (StorageContainerManager.java:stop(1450)) - Stopping block service RPC server
2022-03-03 14:19:19,403 [Listener at 127.0.0.1/34469] INFO  server.SCMBlockProtocolServer (SCMBlockProtocolServer.java:stop(160)) - Stopping the RPC server for Block Protocol
2022-03-03 14:19:19,403 [Listener at 127.0.0.1/34469] INFO  ipc.Server (Server.java:stop(3414)) - Stopping server on 39305
2022-03-03 14:19:19,403 [Listener at 127.0.0.1/34469] INFO  server.StorageContainerManager (StorageContainerManager.java:stop(1457)) - Stopping the StorageContainerLocationProtocol RPC server
2022-03-03 14:19:19,403 [Listener at 127.0.0.1/34469] INFO  server.SCMClientProtocolServer (SCMClientProtocolServer.java:stop(174)) - Stopping the RPC server for Client Protocol
2022-03-03 14:19:19,415 [Listener at 127.0.0.1/34469] INFO  ipc.Server (Server.java:stop(3414)) - Stopping server on 43753
2022-03-03 14:19:19,415 [Listener at 127.0.0.1/34469] INFO  server.StorageContainerManager (StorageContainerManager.java:stop(1464)) - Stopping Storage Container Manager HTTP server.
2022-03-03 14:19:19,415 [Listener at 127.0.0.1/34469] INFO  server.StorageContainerManager (StorageContainerManager.java:stop(1475)) - Stopping Block Manager Service.
2022-03-03 14:19:19,415 [Listener at 127.0.0.1/34469] INFO  utils.BackgroundService (BackgroundService.java:shutdown(132)) - Shutting down service SCMBlockDeletingService
2022-03-03 14:19:19,415 [Listener at 127.0.0.1/34469] INFO  utils.BackgroundService (BackgroundService.java:shutdown(132)) - Shutting down service SCMBlockDeletingService
2022-03-03 14:19:19,415 [Listener at 127.0.0.1/34469] INFO  server.StorageContainerManager (StorageContainerManager.java:stop(1502)) - Stopping SCM Event Queue.
2022-03-03 14:19:19,416 [Listener at 127.0.0.1/34469] INFO  server.StorageContainerManager (StorageContainerManager.java:stop(1513)) - Stopping SCM HA services.
2022-03-03 14:19:19,416 [Listener at 127.0.0.1/34469] INFO  ha.SCMRatisServerImpl (SCMRatisServerImpl.java:stop(236)) - stopping ratis server 0.0.0.0:45503
2022-03-03 14:19:19,416 [Listener at 127.0.0.1/34469] WARN  pipeline.BackgroundPipelineCreator (BackgroundPipelineCreator.java:stop(154)) - RatisPipelineUtilsThread is not running, just ignore.
2022-03-03 14:19:19,416 [Listener at 127.0.0.1/34469] INFO  server.StorageContainerManager (StorageContainerManager.java:stop(1523)) - Stopping SCM MetadataStore.
2022-03-03 14:19:19,416 [Listener at 127.0.0.1/34469] INFO  impl.MetricsSystemImpl (MetricsSystemImpl.java:stop(205)) - HddsDatanode metrics system stopped (again)
2022-03-03 14:19:19,416 [Listener at 127.0.0.1/34469] INFO  ozone.MiniOzoneHAClusterImpl (MiniOzoneHAClusterImpl.java:stop(316)) - Stopping the StorageContainerManager 4fec6c92-8a01-477b-9ee2-8944c630ad1d
2022-03-03 14:19:19,416 [Listener at 127.0.0.1/34469] INFO  server.StorageContainerManager (StorageContainerManager.java:stop(1414)) - Stopping Container Balancer service.
2022-03-03 14:19:19,416 [Listener at 127.0.0.1/34469] INFO  balancer.ContainerBalancer (ContainerBalancer.java:stop(788)) - Container Balancer is not running.
2022-03-03 14:19:19,416 [Listener at 127.0.0.1/34469] INFO  server.StorageContainerManager (StorageContainerManager.java:stop(1421)) - Stopping Replication Manager Service.
2022-03-03 14:19:19,416 [Listener at 127.0.0.1/34469] INFO  container.ReplicationManager (ReplicationManager.java:stop(364)) - Replication Monitor Thread is not running.
2022-03-03 14:19:19,416 [Listener at 127.0.0.1/34469] INFO  server.StorageContainerManager (StorageContainerManager.java:stop(1428)) - Stopping the Datanode Admin Monitor.
2022-03-03 14:19:19,416 [Listener at 127.0.0.1/34469] INFO  server.StorageContainerManager (StorageContainerManager.java:stop(1435)) - Stopping Lease Manager of the command watchers
2022-03-03 14:19:19,416 [Listener at 127.0.0.1/34469] ERROR server.StorageContainerManager (StorageContainerManager.java:stop(1438)) - Lease Manager of the command watchers stop failed
2022-03-03 14:19:19,416 [Listener at 127.0.0.1/34469] INFO  server.StorageContainerManager (StorageContainerManager.java:stop(1442)) - Stopping datanode service RPC server
2022-03-03 14:19:19,416 [Listener at 127.0.0.1/34469] INFO  server.SCMDatanodeProtocolServer (SCMDatanodeProtocolServer.java:stop(400)) - Stopping the RPC server for DataNodes
2022-03-03 14:19:19,416 [Listener at 127.0.0.1/34469] INFO  ipc.Server (Server.java:stop(3414)) - Stopping server on 39049
2022-03-03 14:19:19,416 [Listener at 127.0.0.1/34469] INFO  server.StorageContainerManager (StorageContainerManager.java:stop(1450)) - Stopping block service RPC server
2022-03-03 14:19:19,417 [Listener at 127.0.0.1/34469] INFO  server.SCMBlockProtocolServer (SCMBlockProtocolServer.java:stop(160)) - Stopping the RPC server for Block Protocol
2022-03-03 14:19:19,417 [Listener at 127.0.0.1/34469] INFO  ipc.Server (Server.java:stop(3414)) - Stopping server on 41255
2022-03-03 14:19:19,417 [Listener at 127.0.0.1/34469] INFO  server.StorageContainerManager (StorageContainerManager.java:stop(1457)) - Stopping the StorageContainerLocationProtocol RPC server
2022-03-03 14:19:19,417 [Listener at 127.0.0.1/34469] INFO  server.SCMClientProtocolServer (SCMClientProtocolServer.java:stop(174)) - Stopping the RPC server for Client Protocol
2022-03-03 14:19:19,417 [Listener at 127.0.0.1/34469] INFO  ipc.Server (Server.java:stop(3414)) - Stopping server on 36335
2022-03-03 14:19:19,417 [Listener at 127.0.0.1/34469] INFO  server.StorageContainerManager (StorageContainerManager.java:stop(1464)) - Stopping Storage Container Manager HTTP server.
2022-03-03 14:19:19,417 [Listener at 127.0.0.1/34469] INFO  server.StorageContainerManager (StorageContainerManager.java:stop(1475)) - Stopping Block Manager Service.
2022-03-03 14:19:19,422 [Listener at 127.0.0.1/34469] INFO  utils.BackgroundService (BackgroundService.java:shutdown(132)) - Shutting down service SCMBlockDeletingService
2022-03-03 14:19:19,423 [Listener at 127.0.0.1/34469] INFO  utils.BackgroundService (BackgroundService.java:shutdown(132)) - Shutting down service SCMBlockDeletingService
2022-03-03 14:19:19,423 [Listener at 127.0.0.1/34469] INFO  server.StorageContainerManager (StorageContainerManager.java:stop(1502)) - Stopping SCM Event Queue.
2022-03-03 14:19:19,423 [Listener at 127.0.0.1/34469] INFO  server.StorageContainerManager (StorageContainerManager.java:stop(1513)) - Stopping SCM HA services.
2022-03-03 14:19:19,423 [Listener at 127.0.0.1/34469] INFO  ha.SCMRatisServerImpl (SCMRatisServerImpl.java:stop(236)) - stopping ratis server 0.0.0.0:41845
2022-03-03 14:19:19,423 [Listener at 127.0.0.1/34469] WARN  pipeline.BackgroundPipelineCreator (BackgroundPipelineCreator.java:stop(154)) - RatisPipelineUtilsThread is not running, just ignore.
2022-03-03 14:19:19,424 [Listener at 127.0.0.1/34469] INFO  server.StorageContainerManager (StorageContainerManager.java:stop(1523)) - Stopping SCM MetadataStore.
2022-03-03 14:19:19,424 [Listener at 127.0.0.1/34469] INFO  impl.MetricsSystemImpl (MetricsSystemImpl.java:stop(205)) - HddsDatanode metrics system stopped (again)
2022-03-03 14:19:19,424 [Listener at 127.0.0.1/34469] INFO  ozone.MiniOzoneClusterImpl (MiniOzoneClusterImpl.java:stop(464)) - Stopping the Mini Ozone Cluster
2022-03-03 14:19:19,424 [Listener at 127.0.0.1/34469] INFO  ozone.MiniOzoneClusterImpl (MiniOzoneClusterImpl.java:stopDatanodes(523)) - Stopping the HddsDatanodes
]]></system-out>
  </testcase>
</testsuite>