<?xml version="1.0" encoding="UTF-8"?>
<testsuite xmlns:xsi="http://www.w3.org/2001/XMLSchema-instance" xsi:noNamespaceSchemaLocation="https://maven.apache.org/surefire/maven-surefire-plugin/xsd/surefire-test-report.xsd" version="3.0.2" name="org.apache.hadoop.ozone.TestSecureOzoneCluster" time="8.887" tests="1" errors="1" skipped="0" failures="0">
  <properties>
    <property name="java.specification.version" value="21"/>
    <property name="sun.jnu.encoding" value="UTF-8"/>
    <property name="java.class.path" value="/home/runner/work/ozone/ozone/hadoop-ozone/integration-test/target/test-classes:/home/runner/work/ozone/ozone/hadoop-ozone/integration-test/target/classes:/home/runner/work/ozone/ozone/hadoop-hdds/server-scm/target/hdds-server-scm-2.1.0-SNAPSHOT.jar:/home/runner/.m2/repository/com/fasterxml/jackson/core/jackson-annotations/2.16.2/jackson-annotations-2.16.2.jar:/home/runner/.m2/repository/com/fasterxml/jackson/core/jackson-core/2.16.2/jackson-core-2.16.2.jar:/home/runner/.m2/repository/com/fasterxml/jackson/core/jackson-databind/2.16.2/jackson-databind-2.16.2.jar:/home/runner/.m2/repository/com/google/guava/guava/32.1.3-jre/guava-32.1.3-jre.jar:/home/runner/.m2/repository/com/google/guava/failureaccess/1.0.1/failureaccess-1.0.1.jar:/home/runner/.m2/repository/com/google/guava/listenablefuture/9999.0-empty-to-avoid-conflict-with-guava/listenablefuture-9999.0-empty-to-avoid-conflict-with-guava.jar:/home/runner/.m2/repository/org/checkerframework/checker-qual/3.37.0/checker-qual-3.37.0.jar:/home/runner/.m2/repository/com/google/errorprone/error_prone_annotations/2.29.2/error_prone_annotations-2.29.2.jar:/home/runner/.m2/repository/com/google/j2objc/j2objc-annotations/2.8/j2objc-annotations-2.8.jar:/home/runner/.m2/repository/com/google/protobuf/protobuf-java/2.5.0/protobuf-java-2.5.0.jar:/home/runner/.m2/repository/commons-collections/commons-collections/3.2.2/commons-collections-3.2.2.jar:/home/runner/.m2/repository/commons-io/commons-io/2.18.0/commons-io-2.18.0.jar:/home/runner/.m2/repository/info/picocli/picocli/4.7.7/picocli-4.7.7.jar:/home/runner/.m2/repository/io/dropwizard/metrics/metrics-core/3.2.6/metrics-core-3.2.6.jar:/home/runner/.m2/repository/jakarta/annotation/jakarta.annotation-api/2.1.1/jakarta.annotation-api-2.1.1.jar:/home/runner/.m2/repository/javax/servlet/javax.servlet-api/3.1.0/javax.servlet-api-3.1.0.jar:/home/runner/.m2/repository/org/apache/commons/commons-compress/1.27.1/commons-compress-1.27.1.jar:/home/runner/.m2/repository/org/apache/commons/commons-text/1.12.0/commons-text-1.12.0.jar:/home/runner/.m2/repository/org/apache/hadoop/hadoop-auth/3.4.1/hadoop-auth-3.4.1.jar:/home/runner/.m2/repository/org/apache/hadoop/hadoop-common/3.4.1/hadoop-common-3.4.1.jar:/home/runner/work/ozone/ozone/hadoop-hdds/client/target/hdds-client-2.1.0-SNAPSHOT.jar:/home/runner/work/ozone/ozone/hadoop-hdds/common/target/hdds-common-2.1.0-SNAPSHOT.jar:/home/runner/work/ozone/ozone/hadoop-hdds/config/target/hdds-config-2.1.0-SNAPSHOT.jar:/home/runner/work/ozone/ozone/hadoop-hdds/container-service/target/hdds-container-service-2.1.0-SNAPSHOT.jar:/home/runner/work/ozone/ozone/hadoop-hdds/interface-admin/target/hdds-interface-admin-2.1.0-SNAPSHOT.jar:/home/runner/work/ozone/ozone/hadoop-hdds/interface-client/target/hdds-interface-client-2.1.0-SNAPSHOT.jar:/home/runner/work/ozone/ozone/hadoop-hdds/interface-server/target/hdds-interface-server-2.1.0-SNAPSHOT.jar:/home/runner/work/ozone/ozone/hadoop-hdds/framework/target/hdds-server-framework-2.1.0-SNAPSHOT.jar:/home/runner/.m2/repository/org/apache/ratis/ratis-client/3.1.2/ratis-client-3.1.2.jar:/home/runner/.m2/repository/org/apache/ratis/ratis-common/3.1.2/ratis-common-3.1.2.jar:/home/runner/.m2/repository/org/apache/ratis/ratis-grpc/3.1.2/ratis-grpc-3.1.2.jar:/home/runner/.m2/repository/org/apache/ratis/ratis-netty/3.1.2/ratis-netty-3.1.2.jar:/home/runner/.m2/repository/org/apache/ratis/ratis-proto/3.1.2/ratis-proto-3.1.2.jar:/home/runner/.m2/repository/org/apache/ratis/ratis-server-api/3.1.2/ratis-server-api-3.1.2.jar:/home/runner/.m2/repository/org/apache/ratis/ratis-thirdparty-misc/1.0.6/ratis-thirdparty-misc-1.0.6.jar:/home/runner/.m2/repository/org/bouncycastle/bcpkix-jdk18on/1.80/bcpkix-jdk18on-1.80.jar:/home/runner/.m2/repository/org/bouncycastle/bcprov-jdk18on/1.80/bcprov-jdk18on-1.80.jar:/home/runner/.m2/repository/org/eclipse/jetty/jetty-webapp/9.4.57.v20241219/jetty-webapp-9.4.57.v20241219.jar:/home/runner/.m2/repository/org/eclipse/jetty/jetty-xml/9.4.57.v20241219/jetty-xml-9.4.57.v20241219.jar:/home/runner/.m2/repository/org/slf4j/slf4j-api/2.0.17/slf4j-api-2.0.17.jar:/home/runner/work/ozone/ozone/hadoop-ozone/cli-admin/target/ozone-cli-admin-2.1.0-SNAPSHOT.jar:/home/runner/.m2/repository/com/fasterxml/jackson/datatype/jackson-datatype-jsr310/2.16.2/jackson-datatype-jsr310-2.16.2.jar:/home/runner/.m2/repository/org/apache/hadoop/hadoop-hdfs-client/3.4.1/hadoop-hdfs-client-3.4.1.jar:/home/runner/work/ozone/ozone/hadoop-ozone/interface-client/target/ozone-interface-client-2.1.0-SNAPSHOT.jar:/home/runner/.m2/repository/commons-codec/commons-codec/1.17.1/commons-codec-1.17.1.jar:/home/runner/work/ozone/ozone/hadoop-ozone/cli-shell/target/ozone-cli-shell-2.1.0-SNAPSHOT.jar:/home/runner/.m2/repository/info/picocli/picocli-shell-jline3/4.7.7/picocli-shell-jline3-4.7.7.jar:/home/runner/.m2/repository/jakarta/xml/bind/jakarta.xml.bind-api/2.3.3/jakarta.xml.bind-api-2.3.3.jar:/home/runner/.m2/repository/org/apache/httpcomponents/httpclient/4.5.14/httpclient-4.5.14.jar:/home/runner/work/ozone/ozone/hadoop-ozone/ozonefs-common/target/ozone-filesystem-common-2.1.0-SNAPSHOT.jar:/home/runner/.m2/repository/org/jline/jline/3.30.0/jline-3.30.0.jar:/home/runner/.m2/repository/org/slf4j/slf4j-reload4j/2.0.17/slf4j-reload4j-2.0.17.jar:/home/runner/work/ozone/ozone/hadoop-ozone/client/target/ozone-client-2.1.0-SNAPSHOT.jar:/home/runner/.m2/repository/com/github/stephenc/jcip/jcip-annotations/1.0-1/jcip-annotations-1.0-1.jar:/home/runner/work/ozone/ozone/hadoop-hdds/erasurecode/target/hdds-erasurecode-2.1.0-SNAPSHOT.jar:/home/runner/work/ozone/ozone/hadoop-ozone/common/target/ozone-common-2.1.0-SNAPSHOT.jar:/home/runner/.m2/repository/io/grpc/grpc-api/1.58.0/grpc-api-1.58.0.jar:/home/runner/.m2/repository/io/grpc/grpc-netty/1.58.0/grpc-netty-1.58.0.jar:/home/runner/.m2/repository/io/grpc/grpc-core/1.58.0/grpc-core-1.58.0.jar:/home/runner/.m2/repository/com/google/android/annotations/4.1.1.4/annotations-4.1.1.4.jar:/home/runner/.m2/repository/org/codehaus/mojo/animal-sniffer-annotations/1.23/animal-sniffer-annotations-1.23.jar:/home/runner/.m2/repository/io/grpc/grpc-context/1.58.0/grpc-context-1.58.0.jar:/home/runner/.m2/repository/io/grpc/grpc-util/1.58.0/grpc-util-1.58.0.jar:/home/runner/.m2/repository/io/perfmark/perfmark-api/0.26.0/perfmark-api-0.26.0.jar:/home/runner/.m2/repository/io/netty/netty-codec-http2/4.1.109.Final/netty-codec-http2-4.1.109.Final.jar:/home/runner/.m2/repository/io/netty/netty-codec-http/4.1.109.Final/netty-codec-http-4.1.109.Final.jar:/home/runner/.m2/repository/io/netty/netty-common/4.1.109.Final/netty-common-4.1.109.Final.jar:/home/runner/.m2/repository/io/netty/netty-handler/4.1.109.Final/netty-handler-4.1.109.Final.jar:/home/runner/.m2/repository/io/netty/netty-resolver/4.1.109.Final/netty-resolver-4.1.109.Final.jar:/home/runner/.m2/repository/io/netty/netty-handler-proxy/4.1.109.Final/netty-handler-proxy-4.1.109.Final.jar:/home/runner/.m2/repository/io/netty/netty-codec-socks/4.1.109.Final/netty-codec-socks-4.1.109.Final.jar:/home/runner/.m2/repository/org/apache/httpcomponents/httpcore/4.4.16/httpcore-4.4.16.jar:/home/runner/.m2/repository/io/netty/netty-tcnative-boringssl-static/2.0.65.Final/netty-tcnative-boringssl-static-2.0.65.Final.jar:/home/runner/.m2/repository/io/netty/netty-tcnative-classes/2.0.65.Final/netty-tcnative-classes-2.0.65.Final.jar:/home/runner/.m2/repository/io/netty/netty-tcnative-boringssl-static/2.0.65.Final/netty-tcnative-boringssl-static-2.0.65.Final-linux-x86_64.jar:/home/runner/.m2/repository/io/netty/netty-tcnative-boringssl-static/2.0.65.Final/netty-tcnative-boringssl-static-2.0.65.Final-linux-aarch_64.jar:/home/runner/.m2/repository/io/netty/netty-tcnative-boringssl-static/2.0.65.Final/netty-tcnative-boringssl-static-2.0.65.Final-osx-x86_64.jar:/home/runner/.m2/repository/io/netty/netty-tcnative-boringssl-static/2.0.65.Final/netty-tcnative-boringssl-static-2.0.65.Final-osx-aarch_64.jar:/home/runner/.m2/repository/io/netty/netty-tcnative-boringssl-static/2.0.65.Final/netty-tcnative-boringssl-static-2.0.65.Final-windows-x86_64.jar:/home/runner/work/ozone/ozone/hadoop-ozone/csi/target/ozone-csi-2.1.0-SNAPSHOT.jar:/home/runner/.m2/repository/ch/qos/reload4j/reload4j/1.2.26/reload4j-1.2.26.jar:/home/runner/.m2/repository/com/google/protobuf/protobuf-java-util/3.19.6/protobuf-java-util-3.19.6.jar:/home/runner/.m2/repository/io/grpc/grpc-protobuf/1.58.0/grpc-protobuf-1.58.0.jar:/home/runner/.m2/repository/com/google/api/grpc/proto-google-common-protos/2.22.0/proto-google-common-protos-2.22.0.jar:/home/runner/.m2/repository/io/grpc/grpc-protobuf-lite/1.58.0/grpc-protobuf-lite-1.58.0.jar:/home/runner/.m2/repository/io/grpc/grpc-stub/1.58.0/grpc-stub-1.58.0.jar:/home/runner/.m2/repository/io/netty/netty-transport/4.1.109.Final/netty-transport-4.1.109.Final.jar:/home/runner/.m2/repository/io/netty/netty-transport-classes-epoll/4.1.109.Final/netty-transport-classes-epoll-4.1.109.Final.jar:/home/runner/.m2/repository/io/netty/netty-transport-native-epoll/4.1.109.Final/netty-transport-native-epoll-4.1.109.Final-linux-x86_64.jar:/home/runner/.m2/repository/io/netty/netty-transport-native-unix-common/4.1.109.Final/netty-transport-native-unix-common-4.1.109.Final.jar:/home/runner/work/ozone/ozone/hadoop-ozone/ozonefs/target/ozone-filesystem-2.1.0-SNAPSHOT.jar:/home/runner/.m2/repository/io/opentracing/opentracing-api/0.33.0/opentracing-api-0.33.0.jar:/home/runner/.m2/repository/io/opentracing/opentracing-util/0.33.0/opentracing-util-0.33.0.jar:/home/runner/.m2/repository/io/opentracing/opentracing-noop/0.33.0/opentracing-noop-0.33.0.jar:/home/runner/work/ozone/ozone/hadoop-ozone/freon/target/ozone-freon-2.1.0-SNAPSHOT.jar:/home/runner/.m2/repository/com/amazonaws/aws-java-sdk-core/1.12.661/aws-java-sdk-core-1.12.661.jar:/home/runner/.m2/repository/com/fasterxml/jackson/dataformat/jackson-dataformat-cbor/2.16.2/jackson-dataformat-cbor-2.16.2.jar:/home/runner/.m2/repository/joda-time/joda-time/2.12.7/joda-time-2.12.7.jar:/home/runner/.m2/repository/com/amazonaws/aws-java-sdk-s3/1.12.661/aws-java-sdk-s3-1.12.661.jar:/home/runner/.m2/repository/com/amazonaws/aws-java-sdk-kms/1.12.661/aws-java-sdk-kms-1.12.661.jar:/home/runner/.m2/repository/com/amazonaws/jmespath-java/1.12.661/jmespath-java-1.12.661.jar:/home/runner/.m2/repository/org/apache/hadoop/hadoop-hdfs/3.4.1/hadoop-hdfs-3.4.1.jar:/home/runner/work/ozone/ozone/hadoop-ozone/interface-storage/target/ozone-interface-storage-2.1.0-SNAPSHOT.jar:/home/runner/.m2/repository/org/kohsuke/metainf-services/metainf-services/1.11/metainf-services-1.11.jar:/home/runner/work/ozone/ozone/hadoop-ozone/ozone-manager/target/ozone-manager-2.1.0-SNAPSHOT.jar:/home/runner/.m2/repository/com/sun/jersey/jersey-client/1.19.4/jersey-client-1.19.4.jar:/home/runner/.m2/repository/org/apache/kerby/kerby-util/1.0.1/kerby-util-1.0.1.jar:/home/runner/.m2/repository/org/apache/logging/log4j/log4j-api/2.24.2/log4j-api-2.24.2.jar:/home/runner/work/ozone/ozone/hadoop-hdds/managed-rocksdb/target/hdds-managed-rocksdb-2.1.0-SNAPSHOT.jar:/home/runner/work/ozone/ozone/hadoop-hdds/rocks-native/target/hdds-rocks-native-2.1.0-SNAPSHOT.jar:/home/runner/.m2/repository/org/eclipse/jetty/jetty-io/9.4.57.v20241219/jetty-io-9.4.57.v20241219.jar:/home/runner/work/ozone/ozone/hadoop-hdds/rocksdb-checkpoint-differ/target/rocksdb-checkpoint-differ-2.1.0-SNAPSHOT.jar:/home/runner/.m2/repository/com/github/vlsi/mxgraph/jgraphx/3.9.12/jgraphx-3.9.12.jar:/home/runner/.m2/repository/org/jgrapht/jgrapht-core/1.4.0/jgrapht-core-1.4.0.jar:/home/runner/.m2/repository/org/jheaps/jheaps/0.11/jheaps-0.11.jar:/home/runner/.m2/repository/org/jgrapht/jgrapht-ext/1.4.0/jgrapht-ext-1.4.0.jar:/home/runner/.m2/repository/org/apache/ranger/ranger-intg/2.6.0/ranger-intg-2.6.0.jar:/home/runner/.m2/repository/org/apache/ranger/ranger-plugins-common/2.6.0/ranger-plugins-common-2.6.0.jar:/home/runner/.m2/repository/com/fasterxml/jackson/jaxrs/jackson-jaxrs-base/2.16.2/jackson-jaxrs-base-2.16.2.jar:/home/runner/.m2/repository/com/fasterxml/jackson/jaxrs/jackson-jaxrs-json-provider/2.16.2/jackson-jaxrs-json-provider-2.16.2.jar:/home/runner/.m2/repository/com/kstruct/gethostname4j/1.0.0/gethostname4j-1.0.0.jar:/home/runner/.m2/repository/commons-lang/commons-lang/2.6/commons-lang-2.6.jar:/home/runner/.m2/repository/net/java/dev/jna/jna/5.2.0/jna-5.2.0.jar:/home/runner/.m2/repository/net/java/dev/jna/jna-platform/5.2.0/jna-platform-5.2.0.jar:/home/runner/.m2/repository/org/apache/ranger/ranger-plugin-classloader/2.6.0/ranger-plugin-classloader-2.6.0.jar:/home/runner/.m2/repository/org/apache/ranger/ranger-plugins-audit/2.6.0/ranger-plugins-audit-2.6.0.jar:/home/runner/.m2/repository/com/amazonaws/aws-java-sdk-logs/1.12.765/aws-java-sdk-logs-1.12.765.jar:/home/runner/.m2/repository/com/carrotsearch/hppc/0.8.0/hppc-0.8.0.jar:/home/runner/.m2/repository/io/airlift/aircompressor/0.27/aircompressor-0.27.jar:/home/runner/.m2/repository/org/apache/httpcomponents/httpasyncclient/4.1.4/httpasyncclient-4.1.4.jar:/home/runner/.m2/repository/org/apache/httpcomponents/httpcore-nio/4.4.16/httpcore-nio-4.4.16.jar:/home/runner/.m2/repository/org/apache/httpcomponents/httpmime/4.5.13/httpmime-4.5.13.jar:/home/runner/.m2/repository/org/apache/orc/orc-core/1.5.8/orc-core-1.5.8.jar:/home/runner/.m2/repository/org/apache/orc/orc-shims/1.5.8/orc-shims-1.5.8.jar:/home/runner/.m2/repository/org/eclipse/jetty/jetty-client/9.4.57.v20241219/jetty-client-9.4.57.v20241219.jar:/home/runner/.m2/repository/org/apache/ranger/ranger-plugins-cred/2.6.0/ranger-plugins-cred-2.6.0.jar:/home/runner/.m2/repository/org/aspectj/aspectjrt/1.9.7/aspectjrt-1.9.7.jar:/home/runner/.m2/repository/org/aspectj/aspectjweaver/1.9.7/aspectjweaver-1.9.7.jar:/home/runner/.m2/repository/org/eclipse/jetty/jetty-util/9.4.57.v20241219/jetty-util-9.4.57.v20241219.jar:/home/runner/.m2/repository/org/reflections/reflections/0.10.2/reflections-0.10.2.jar:/home/runner/.m2/repository/org/rocksdb/rocksdbjni/7.7.3/rocksdbjni-7.7.3.jar:/home/runner/work/ozone/ozone/hadoop-ozone/recon/target/ozone-recon-2.1.0-SNAPSHOT.jar:/home/runner/.m2/repository/aopalliance/aopalliance/1.0/aopalliance-1.0.jar:/home/runner/.m2/repository/com/google/inject/guice/6.0.0/guice-6.0.0.jar:/home/runner/.m2/repository/jakarta/inject/jakarta.inject-api/2.0.1/jakarta.inject-api-2.0.1.jar:/home/runner/.m2/repository/com/google/inject/extensions/guice-assistedinject/6.0.0/guice-assistedinject-6.0.0.jar:/home/runner/.m2/repository/com/google/inject/extensions/guice-servlet/6.0.0/guice-servlet-6.0.0.jar:/home/runner/.m2/repository/com/jolbox/bonecp/0.8.0.RELEASE/bonecp-0.8.0.RELEASE.jar:/home/runner/.m2/repository/jakarta/activation/jakarta.activation-api/1.2.2/jakarta.activation-api-1.2.2.jar:/home/runner/.m2/repository/jakarta/validation/jakarta.validation-api/2.0.2/jakarta.validation-api-2.0.2.jar:/home/runner/.m2/repository/jakarta/ws/rs/jakarta.ws.rs-api/2.1.6/jakarta.ws.rs-api-2.1.6.jar:/home/runner/.m2/repository/javax/inject/javax.inject/1/javax.inject-1.jar:/home/runner/.m2/repository/org/apache/derby/derby/10.14.2.0/derby-10.14.2.0.jar:/home/runner/work/ozone/ozone/hadoop-ozone/recon-codegen/target/ozone-reconcodegen-2.1.0-SNAPSHOT.jar:/home/runner/.m2/repository/org/eclipse/jetty/jetty-servlet/9.4.57.v20241219/jetty-servlet-9.4.57.v20241219.jar:/home/runner/.m2/repository/org/eclipse/jetty/jetty-security/9.4.57.v20241219/jetty-security-9.4.57.v20241219.jar:/home/runner/.m2/repository/org/glassfish/hk2/guice-bridge/2.6.1/guice-bridge-2.6.1.jar:/home/runner/.m2/repository/org/glassfish/hk2/hk2-api/2.6.1/hk2-api-2.6.1.jar:/home/runner/.m2/repository/org/glassfish/hk2/hk2-utils/2.6.1/hk2-utils-2.6.1.jar:/home/runner/.m2/repository/org/glassfish/hk2/external/aopalliance-repackaged/2.6.1/aopalliance-repackaged-2.6.1.jar:/home/runner/.m2/repository/org/glassfish/hk2/external/jakarta.inject/2.6.1/jakarta.inject-2.6.1.jar:/home/runner/.m2/repository/org/glassfish/jersey/containers/jersey-container-servlet/2.46/jersey-container-servlet-2.46.jar:/home/runner/.m2/repository/org/glassfish/jersey/containers/jersey-container-servlet-core/2.46/jersey-container-servlet-core-2.46.jar:/home/runner/.m2/repository/org/glassfish/jersey/core/jersey-common/2.46/jersey-common-2.46.jar:/home/runner/.m2/repository/org/glassfish/hk2/osgi-resource-locator/1.0.3/osgi-resource-locator-1.0.3.jar:/home/runner/.m2/repository/org/glassfish/jersey/core/jersey-server/2.46/jersey-server-2.46.jar:/home/runner/.m2/repository/org/glassfish/jersey/core/jersey-client/2.46/jersey-client-2.46.jar:/home/runner/.m2/repository/org/glassfish/jersey/inject/jersey-hk2/2.46/jersey-hk2-2.46.jar:/home/runner/.m2/repository/org/glassfish/hk2/hk2-locator/2.6.1/hk2-locator-2.6.1.jar:/home/runner/.m2/repository/org/glassfish/jersey/media/jersey-media-jaxb/2.46/jersey-media-jaxb-2.46.jar:/home/runner/.m2/repository/org/glassfish/jersey/media/jersey-media-json-jackson/2.46/jersey-media-json-jackson-2.46.jar:/home/runner/.m2/repository/org/glassfish/jersey/ext/jersey-entity-filtering/2.46/jersey-entity-filtering-2.46.jar:/home/runner/.m2/repository/com/fasterxml/jackson/module/jackson-module-jaxb-annotations/2.16.2/jackson-module-jaxb-annotations-2.16.2.jar:/home/runner/.m2/repository/org/javassist/javassist/3.30.2-GA/javassist-3.30.2-GA.jar:/home/runner/.m2/repository/org/jooq/jooq/3.11.10/jooq-3.11.10.jar:/home/runner/.m2/repository/org/jooq/jooq-codegen/3.11.10/jooq-codegen-3.11.10.jar:/home/runner/.m2/repository/org/jooq/jooq-meta/3.11.10/jooq-meta-3.11.10.jar:/home/runner/.m2/repository/org/springframework/spring-core/5.3.39/spring-core-5.3.39.jar:/home/runner/.m2/repository/org/springframework/spring-jdbc/5.3.39/spring-jdbc-5.3.39.jar:/home/runner/.m2/repository/org/springframework/spring-beans/5.3.39/spring-beans-5.3.39.jar:/home/runner/.m2/repository/org/springframework/spring-tx/5.3.39/spring-tx-5.3.39.jar:/home/runner/.m2/repository/org/xerial/sqlite-jdbc/3.49.1.0/sqlite-jdbc-3.49.1.0.jar:/home/runner/work/ozone/ozone/hadoop-ozone/s3gateway/target/ozone-s3gateway-2.1.0-SNAPSHOT.jar:/home/runner/work/ozone/ozone/hadoop-ozone/tools/target/ozone-tools-2.1.0-SNAPSHOT.jar:/home/runner/.m2/repository/org/apache/ratis/ratis-shell/3.1.2/ratis-shell-3.1.2.jar:/home/runner/.m2/repository/org/apache/ratis/ratis-tools/3.1.2/ratis-tools-3.1.2.jar:/home/runner/.m2/repository/org/glassfish/jaxb/jaxb-runtime/2.3.9/jaxb-runtime-2.3.9.jar:/home/runner/.m2/repository/org/glassfish/jaxb/txw2/2.3.9/txw2-2.3.9.jar:/home/runner/.m2/repository/com/sun/istack/istack-commons-runtime/3.0.12/istack-commons-runtime-3.0.12.jar:/home/runner/.m2/repository/com/sun/activation/jakarta.activation/1.2.2/jakarta.activation-1.2.2.jar:/home/runner/.m2/repository/org/apache/ratis/ratis-server/3.1.2/ratis-server-3.1.2.jar:/home/runner/.m2/repository/org/apache/ratis/ratis-metrics-api/3.1.2/ratis-metrics-api-3.1.2.jar:/home/runner/.m2/repository/org/hamcrest/hamcrest/2.2/hamcrest-2.2.jar:/home/runner/.m2/repository/org/slf4j/jul-to-slf4j/2.0.17/jul-to-slf4j-2.0.17.jar:/home/runner/.m2/repository/org/apache/commons/commons-lang3/3.17.0/commons-lang3-3.17.0.jar:/home/runner/.m2/repository/org/apache/hadoop/hadoop-common/3.4.1/hadoop-common-3.4.1-tests.jar:/home/runner/.m2/repository/org/apache/hadoop/thirdparty/hadoop-shaded-protobuf_3_25/1.4.0/hadoop-shaded-protobuf_3_25-1.4.0.jar:/home/runner/.m2/repository/org/apache/hadoop/hadoop-annotations/3.4.1/hadoop-annotations-3.4.1.jar:/home/runner/.m2/repository/org/apache/hadoop/thirdparty/hadoop-shaded-guava/1.3.0/hadoop-shaded-guava-1.3.0.jar:/home/runner/.m2/repository/commons-cli/commons-cli/1.8.0/commons-cli-1.8.0.jar:/home/runner/.m2/repository/org/apache/commons/commons-math3/3.6.1/commons-math3-3.6.1.jar:/home/runner/.m2/repository/commons-net/commons-net/3.11.1/commons-net-3.11.1.jar:/home/runner/.m2/repository/org/eclipse/jetty/jetty-server/9.4.57.v20241219/jetty-server-9.4.57.v20241219.jar:/home/runner/.m2/repository/javax/servlet/jsp/jsp-api/2.1/jsp-api-2.1.jar:/home/runner/.m2/repository/com/sun/jersey/jersey-core/1.19.4/jersey-core-1.19.4.jar:/home/runner/.m2/repository/javax/ws/rs/jsr311-api/1.1.1/jsr311-api-1.1.1.jar:/home/runner/.m2/repository/com/sun/jersey/jersey-servlet/1.19.4/jersey-servlet-1.19.4.jar:/home/runner/.m2/repository/com/github/pjfanning/jersey-json/1.22.0/jersey-json-1.22.0.jar:/home/runner/.m2/repository/com/sun/xml/bind/jaxb-impl/2.2.3-1/jaxb-impl-2.2.3-1.jar:/home/runner/.m2/repository/org/codehaus/jettison/jettison/1.5.4/jettison-1.5.4.jar:/home/runner/.m2/repository/com/sun/jersey/jersey-server/1.19.4/jersey-server-1.19.4.jar:/home/runner/.m2/repository/commons-beanutils/commons-beanutils/1.9.4/commons-beanutils-1.9.4.jar:/home/runner/.m2/repository/org/apache/commons/commons-configuration2/2.11.0/commons-configuration2-2.11.0.jar:/home/runner/.m2/repository/org/apache/avro/avro/1.9.2/avro-1.9.2.jar:/home/runner/.m2/repository/com/google/re2j/re2j/1.7/re2j-1.7.jar:/home/runner/.m2/repository/com/google/code/gson/gson/2.10.1/gson-2.10.1.jar:/home/runner/.m2/repository/com/jcraft/jsch/0.1.55/jsch-0.1.55.jar:/home/runner/.m2/repository/org/apache/curator/curator-client/4.2.0/curator-client-4.2.0.jar:/home/runner/.m2/repository/org/apache/curator/curator-recipes/5.2.0/curator-recipes-5.2.0.jar:/home/runner/.m2/repository/org/apache/curator/curator-framework/4.2.0/curator-framework-4.2.0.jar:/home/runner/.m2/repository/com/google/code/findbugs/jsr305/3.0.2/jsr305-3.0.2.jar:/home/runner/.m2/repository/org/apache/zookeeper/zookeeper/3.8.4/zookeeper-3.8.4.jar:/home/runner/.m2/repository/org/apache/zookeeper/zookeeper-jute/3.8.4/zookeeper-jute-3.8.4.jar:/home/runner/.m2/repository/org/apache/yetus/audience-annotations/0.12.0/audience-annotations-0.12.0.jar:/home/runner/.m2/repository/io/netty/netty-transport-native-epoll/4.1.109.Final/netty-transport-native-epoll-4.1.109.Final.jar:/home/runner/.m2/repository/org/apache/kerby/kerb-core/1.0.1/kerb-core-1.0.1.jar:/home/runner/.m2/repository/org/apache/kerby/kerby-pkix/1.0.1/kerby-pkix-1.0.1.jar:/home/runner/.m2/repository/org/apache/kerby/kerby-asn1/1.0.1/kerby-asn1-1.0.1.jar:/home/runner/.m2/repository/org/codehaus/woodstox/stax2-api/4.2.1/stax2-api-4.2.1.jar:/home/runner/.m2/repository/com/fasterxml/woodstox/woodstox-core/5.4.0/woodstox-core-5.4.0.jar:/home/runner/.m2/repository/dnsjava/dnsjava/3.6.1/dnsjava-3.6.1.jar:/home/runner/.m2/repository/org/xerial/snappy/snappy-java/1.1.10.7/snappy-java-1.1.10.7.jar:/home/runner/.m2/repository/org/apache/hadoop/hadoop-distcp/3.4.1/hadoop-distcp-3.4.1.jar:/home/runner/.m2/repository/org/apache/hadoop/hadoop-distcp/3.4.1/hadoop-distcp-3.4.1-tests.jar:/home/runner/.m2/repository/org/apache/hadoop/hadoop-hdfs/3.4.1/hadoop-hdfs-3.4.1-tests.jar:/home/runner/.m2/repository/org/eclipse/jetty/jetty-util-ajax/9.4.57.v20241219/jetty-util-ajax-9.4.57.v20241219.jar:/home/runner/.m2/repository/commons-daemon/commons-daemon/1.4.0/commons-daemon-1.4.0.jar:/home/runner/.m2/repository/io/netty/netty-all/4.1.109.Final/netty-all-4.1.109.Final.jar:/home/runner/.m2/repository/io/netty/netty-codec-dns/4.1.109.Final/netty-codec-dns-4.1.109.Final.jar:/home/runner/.m2/repository/io/netty/netty-codec-haproxy/4.1.109.Final/netty-codec-haproxy-4.1.109.Final.jar:/home/runner/.m2/repository/io/netty/netty-codec-memcache/4.1.109.Final/netty-codec-memcache-4.1.109.Final.jar:/home/runner/.m2/repository/io/netty/netty-codec-mqtt/4.1.109.Final/netty-codec-mqtt-4.1.109.Final.jar:/home/runner/.m2/repository/io/netty/netty-codec-redis/4.1.109.Final/netty-codec-redis-4.1.109.Final.jar:/home/runner/.m2/repository/io/netty/netty-codec-smtp/4.1.109.Final/netty-codec-smtp-4.1.109.Final.jar:/home/runner/.m2/repository/io/netty/netty-codec-stomp/4.1.109.Final/netty-codec-stomp-4.1.109.Final.jar:/home/runner/.m2/repository/io/netty/netty-codec-xml/4.1.109.Final/netty-codec-xml-4.1.109.Final.jar:/home/runner/.m2/repository/io/netty/netty-handler-ssl-ocsp/4.1.109.Final/netty-handler-ssl-ocsp-4.1.109.Final.jar:/home/runner/.m2/repository/io/netty/netty-resolver-dns/4.1.109.Final/netty-resolver-dns-4.1.109.Final.jar:/home/runner/.m2/repository/io/netty/netty-transport-rxtx/4.1.109.Final/netty-transport-rxtx-4.1.109.Final.jar:/home/runner/.m2/repository/io/netty/netty-transport-sctp/4.1.109.Final/netty-transport-sctp-4.1.109.Final.jar:/home/runner/.m2/repository/io/netty/netty-transport-udt/4.1.109.Final/netty-transport-udt-4.1.109.Final.jar:/home/runner/.m2/repository/io/netty/netty-transport-classes-kqueue/4.1.109.Final/netty-transport-classes-kqueue-4.1.109.Final.jar:/home/runner/.m2/repository/io/netty/netty-resolver-dns-classes-macos/4.1.109.Final/netty-resolver-dns-classes-macos-4.1.109.Final.jar:/home/runner/.m2/repository/io/netty/netty-transport-native-epoll/4.1.109.Final/netty-transport-native-epoll-4.1.109.Final-linux-aarch_64.jar:/home/runner/.m2/repository/io/netty/netty-transport-native-epoll/4.1.109.Final/netty-transport-native-epoll-4.1.109.Final-linux-riscv64.jar:/home/runner/.m2/repository/io/netty/netty-transport-native-kqueue/4.1.109.Final/netty-transport-native-kqueue-4.1.109.Final-osx-x86_64.jar:/home/runner/.m2/repository/io/netty/netty-transport-native-kqueue/4.1.109.Final/netty-transport-native-kqueue-4.1.109.Final-osx-aarch_64.jar:/home/runner/.m2/repository/io/netty/netty-resolver-dns-native-macos/4.1.109.Final/netty-resolver-dns-native-macos-4.1.109.Final-osx-x86_64.jar:/home/runner/.m2/repository/io/netty/netty-resolver-dns-native-macos/4.1.109.Final/netty-resolver-dns-native-macos-4.1.109.Final-osx-aarch_64.jar:/home/runner/.m2/repository/org/fusesource/leveldbjni/leveldbjni-all/1.8/leveldbjni-all-1.8.jar:/home/runner/.m2/repository/org/apache/hadoop/hadoop-kms/3.4.1/hadoop-kms-3.4.1.jar:/home/runner/.m2/repository/org/apache/hadoop/hadoop-kms/3.4.1/hadoop-kms-3.4.1-tests.jar:/home/runner/.m2/repository/org/apache/hadoop/hadoop-mapreduce-client-core/3.4.1/hadoop-mapreduce-client-core-3.4.1.jar:/home/runner/.m2/repository/org/apache/hadoop/hadoop-yarn-client/3.4.1/hadoop-yarn-client-3.4.1.jar:/home/runner/.m2/repository/org/eclipse/jetty/websocket/websocket-client/9.4.53.v20231009/websocket-client-9.4.53.v20231009.jar:/home/runner/.m2/repository/org/eclipse/jetty/websocket/websocket-common/9.4.53.v20231009/websocket-common-9.4.53.v20231009.jar:/home/runner/.m2/repository/org/eclipse/jetty/websocket/websocket-api/9.4.53.v20231009/websocket-api-9.4.53.v20231009.jar:/home/runner/.m2/repository/org/apache/hadoop/hadoop-yarn-api/3.4.1/hadoop-yarn-api-3.4.1.jar:/home/runner/.m2/repository/org/apache/hadoop/hadoop-yarn-common/3.4.1/hadoop-yarn-common-3.4.1.jar:/home/runner/.m2/repository/javax/xml/bind/jaxb-api/2.2.11/jaxb-api-2.2.11.jar:/home/runner/.m2/repository/com/sun/jersey/contribs/jersey-guice/1.19.4/jersey-guice-1.19.4.jar:/home/runner/.m2/repository/org/apache/hadoop/hadoop-mapreduce-client-jobclient/3.4.1/hadoop-mapreduce-client-jobclient-3.4.1.jar:/home/runner/.m2/repository/org/apache/hadoop/hadoop-mapreduce-client-common/3.4.1/hadoop-mapreduce-client-common-3.4.1.jar:/home/runner/.m2/repository/org/apache/hadoop/hadoop-minikdc/3.4.1/hadoop-minikdc-3.4.1.jar:/home/runner/.m2/repository/org/apache/kerby/kerb-simplekdc/2.0.3/kerb-simplekdc-2.0.3.jar:/home/runner/.m2/repository/org/apache/kerby/kerb-client/2.0.3/kerb-client-2.0.3.jar:/home/runner/.m2/repository/org/apache/kerby/kerb-common/2.0.3/kerb-common-2.0.3.jar:/home/runner/.m2/repository/org/apache/kerby/token-provider/2.0.3/token-provider-2.0.3.jar:/home/runner/.m2/repository/org/apache/kerby/kerb-admin/2.0.3/kerb-admin-2.0.3.jar:/home/runner/.m2/repository/org/apache/kerby/kerb-server/2.0.3/kerb-server-2.0.3.jar:/home/runner/.m2/repository/org/apache/kerby/kerb-identity/2.0.3/kerb-identity-2.0.3.jar:/home/runner/.m2/repository/org/apache/kerby/kerby-xdr/2.0.3/kerby-xdr-2.0.3.jar:/home/runner/.m2/repository/junit/junit/4.13.2/junit-4.13.2.jar:/home/runner/.m2/repository/org/hamcrest/hamcrest-core/1.3/hamcrest-core-1.3.jar:/home/runner/work/ozone/ozone/hadoop-hdds/common/target/hdds-common-2.1.0-SNAPSHOT-tests.jar:/home/runner/.m2/repository/commons-validator/commons-validator/1.6/commons-validator-1.6.jar:/home/runner/.m2/repository/commons-digester/commons-digester/1.8.1/commons-digester-1.8.1.jar:/home/runner/.m2/repository/io/jaegertracing/jaeger-client/1.8.1/jaeger-client-1.8.1.jar:/home/runner/.m2/repository/io/jaegertracing/jaeger-thrift/1.8.1/jaeger-thrift-1.8.1.jar:/home/runner/.m2/repository/org/apache/thrift/libthrift/0.15.0/libthrift-0.15.0.jar:/home/runner/.m2/repository/com/squareup/okhttp3/okhttp/4.12.0/okhttp-4.12.0.jar:/home/runner/.m2/repository/com/squareup/okio/okio/3.6.0/okio-3.6.0.jar:/home/runner/.m2/repository/com/squareup/okio/okio-jvm/3.6.0/okio-jvm-3.6.0.jar:/home/runner/.m2/repository/org/jetbrains/kotlin/kotlin-stdlib-common/1.9.25/kotlin-stdlib-common-1.9.25.jar:/home/runner/.m2/repository/org/jetbrains/kotlin/kotlin-stdlib-jdk8/1.9.25/kotlin-stdlib-jdk8-1.9.25.jar:/home/runner/.m2/repository/org/jetbrains/kotlin/kotlin-stdlib-jdk7/1.9.25/kotlin-stdlib-jdk7-1.9.25.jar:/home/runner/.m2/repository/io/jaegertracing/jaeger-tracerresolver/1.8.1/jaeger-tracerresolver-1.8.1.jar:/home/runner/.m2/repository/io/opentracing/contrib/opentracing-tracerresolver/0.1.8/opentracing-tracerresolver-0.1.8.jar:/home/runner/.m2/repository/io/jaegertracing/jaeger-core/1.8.1/jaeger-core-1.8.1.jar:/home/runner/.m2/repository/javax/annotation/javax.annotation-api/1.3.2/javax.annotation-api-1.3.2.jar:/home/runner/work/ozone/ozone/hadoop-hdds/annotations/target/hdds-annotation-processing-2.1.0-SNAPSHOT.jar:/home/runner/.m2/repository/org/apache/ratis/ratis-metrics-dropwizard3/3.1.2/ratis-metrics-dropwizard3-3.1.2.jar:/home/runner/.m2/repository/org/bouncycastle/bcutil-jdk18on/1.80/bcutil-jdk18on-1.80.jar:/home/runner/.m2/repository/org/jetbrains/kotlin/kotlin-stdlib/1.9.25/kotlin-stdlib-1.9.25.jar:/home/runner/.m2/repository/org/jetbrains/annotations/13.0/annotations-13.0.jar:/home/runner/.m2/repository/org/slf4j/jcl-over-slf4j/2.0.17/jcl-over-slf4j-2.0.17.jar:/home/runner/.m2/repository/org/yaml/snakeyaml/2.0/snakeyaml-2.0.jar:/home/runner/work/ozone/ozone/hadoop-hdds/container-service/target/hdds-container-service-2.1.0-SNAPSHOT-tests.jar:/home/runner/.m2/repository/com/github/luben/zstd-jni/1.5.7-3/zstd-jni-1.5.7-3.jar:/home/runner/.m2/repository/io/netty/netty-buffer/4.1.109.Final/netty-buffer-4.1.109.Final.jar:/home/runner/.m2/repository/io/netty/netty-codec/4.1.109.Final/netty-codec-4.1.109.Final.jar:/home/runner/.m2/repository/log4j/apache-log4j-extras/1.2.17/apache-log4j-extras-1.2.17.jar:/home/runner/work/ozone/ozone/hadoop-hdds/framework/target/hdds-server-framework-2.1.0-SNAPSHOT-tests.jar:/home/runner/.m2/repository/com/github/jnr/jnr-constants/0.10.4/jnr-constants-0.10.4.jar:/home/runner/.m2/repository/com/github/jnr/jnr-posix/3.1.20/jnr-posix-3.1.20.jar:/home/runner/.m2/repository/com/github/jnr/jnr-ffi/2.2.17/jnr-ffi-2.2.17.jar:/home/runner/.m2/repository/com/github/jnr/jffi/1.3.13/jffi-1.3.13.jar:/home/runner/.m2/repository/com/github/jnr/jffi/1.3.13/jffi-1.3.13-native.jar:/home/runner/.m2/repository/org/ow2/asm/asm/9.7.1/asm-9.7.1.jar:/home/runner/.m2/repository/org/ow2/asm/asm-commons/9.7.1/asm-commons-9.7.1.jar:/home/runner/.m2/repository/org/ow2/asm/asm-analysis/9.7.1/asm-analysis-9.7.1.jar:/home/runner/.m2/repository/org/ow2/asm/asm-tree/9.7.1/asm-tree-9.7.1.jar:/home/runner/.m2/repository/org/ow2/asm/asm-util/9.7.1/asm-util-9.7.1.jar:/home/runner/.m2/repository/com/github/jnr/jnr-a64asm/1.0.0/jnr-a64asm-1.0.0.jar:/home/runner/.m2/repository/com/github/jnr/jnr-x86asm/1.0.2/jnr-x86asm-1.0.2.jar:/home/runner/.m2/repository/commons-fileupload/commons-fileupload/1.5/commons-fileupload-1.5.jar:/home/runner/.m2/repository/io/prometheus/simpleclient/0.16.0/simpleclient-0.16.0.jar:/home/runner/.m2/repository/io/prometheus/simpleclient_common/0.16.0/simpleclient_common-0.16.0.jar:/home/runner/.m2/repository/io/prometheus/simpleclient_dropwizard/0.16.0/simpleclient_dropwizard-0.16.0.jar:/home/runner/.m2/repository/org/apache/logging/log4j/log4j-core/2.24.2/log4j-core-2.24.2.jar:/home/runner/.m2/repository/org/eclipse/jetty/jetty-http/9.4.57.v20241219/jetty-http-9.4.57.v20241219.jar:/home/runner/.m2/repository/com/lmax/disruptor/3.4.4/disruptor-3.4.4.jar:/home/runner/.m2/repository/com/nimbusds/nimbus-jose-jwt/9.40/nimbus-jose-jwt-9.40.jar:/home/runner/.m2/repository/org/apache/kerby/kerb-util/1.0.1/kerb-util-1.0.1.jar:/home/runner/.m2/repository/org/apache/kerby/kerby-config/1.0.1/kerby-config-1.0.1.jar:/home/runner/.m2/repository/org/apache/kerby/kerb-crypto/1.0.1/kerb-crypto-1.0.1.jar:/home/runner/work/ozone/ozone/hadoop-hdds/server-scm/target/hdds-server-scm-2.1.0-SNAPSHOT-tests.jar:/home/runner/work/ozone/ozone/hadoop-hdds/test-utils/target/hdds-test-utils-2.1.0-SNAPSHOT-tests.jar:/home/runner/work/ozone/ozone/hadoop-ozone/ozone-manager/target/ozone-manager-2.1.0-SNAPSHOT-tests.jar:/home/runner/work/ozone/ozone/hadoop-ozone/mini-cluster/target/ozone-mini-cluster-2.1.0-SNAPSHOT.jar:/home/runner/.m2/repository/org/assertj/assertj-core/3.27.3/assertj-core-3.27.3.jar:/home/runner/.m2/repository/net/bytebuddy/byte-buddy/1.15.11/byte-buddy-1.15.11.jar:/home/runner/.m2/repository/org/junit/jupiter/junit-jupiter-api/5.12.2/junit-jupiter-api-5.12.2.jar:/home/runner/.m2/repository/org/opentest4j/opentest4j/1.3.0/opentest4j-1.3.0.jar:/home/runner/.m2/repository/org/junit/platform/junit-platform-commons/1.12.2/junit-platform-commons-1.12.2.jar:/home/runner/.m2/repository/org/apiguardian/apiguardian-api/1.1.2/apiguardian-api-1.1.2.jar:/home/runner/.m2/repository/org/junit/jupiter/junit-jupiter-params/5.12.2/junit-jupiter-params-5.12.2.jar:/home/runner/.m2/repository/org/mockito/mockito-core/4.11.0/mockito-core-4.11.0.jar:/home/runner/.m2/repository/net/bytebuddy/byte-buddy-agent/1.12.19/byte-buddy-agent-1.12.19.jar:/home/runner/.m2/repository/org/objenesis/objenesis/3.3/objenesis-3.3.jar:/home/runner/.m2/repository/org/mockito/mockito-inline/4.11.0/mockito-inline-4.11.0.jar:/home/runner/.m2/repository/org/mockito/mockito-junit-jupiter/4.11.0/mockito-junit-jupiter-4.11.0.jar:/home/runner/work/ozone/ozone/hadoop-ozone/integration-test/target/gradle-enterprise/test-listeners.jar:"/>
    <property name="java.vm.vendor" value="Eclipse Adoptium"/>
    <property name="sun.arch.data.model" value="64"/>
    <property name="test.build.dir" value="/home/runner/work/ozone/ozone/hadoop-ozone/integration-test/target/test-dir"/>
    <property name="sun.security.krb5.debug" value="false"/>
    <property name="test.cache.data" value=""/>
    <property name="java.vendor.url" value="https://adoptium.net/"/>
    <property name="user.timezone" value="Etc/UTC"/>
    <property name="maven-surefire-plugin.argLineAccessArgs" value=" --add-opens java.management/com.sun.jmx.mbeanserver=ALL-UNNAMED --add-exports java.management/com.sun.jmx.mbeanserver=ALL-UNNAMED --add-opens java.base/java.nio=ALL-UNNAMED --add-opens java.base/java.lang=ALL-UNNAMED --add-opens java.base/java.lang.reflect=ALL-UNNAMED"/>
    <property name="java.vm.specification.version" value="21"/>
    <property name="os.name" value="Linux"/>
    <property name="test.build.data" value="/home/runner/work/ozone/ozone/hadoop-ozone/integration-test/target/test-dir"/>
    <property name="sun.java.launcher" value="SUN_STANDARD"/>
    <property name="sun.boot.library.path" value="/usr/lib/jvm/temurin-21-jdk-amd64/lib"/>
    <property name="sun.java.command" value="/home/runner/work/ozone/ozone/hadoop-ozone/integration-test/target/surefire/surefirebooter-20250512135255004_73.jar /home/runner/work/ozone/ozone/hadoop-ozone/integration-test/target/surefire 2025-05-12T13-49-24_400-jvmRun1 surefire-20250512135255004_71tmp surefire_4-20250512135255004_72tmp"/>
    <property name="jdk.debug" value="release"/>
    <property name="native.lib.tmp.dir" value="/tmp"/>
    <property name="surefire.test.class.path" value="/home/runner/work/ozone/ozone/hadoop-ozone/integration-test/target/test-classes:/home/runner/work/ozone/ozone/hadoop-ozone/integration-test/target/classes:/home/runner/work/ozone/ozone/hadoop-hdds/server-scm/target/hdds-server-scm-2.1.0-SNAPSHOT.jar:/home/runner/.m2/repository/com/fasterxml/jackson/core/jackson-annotations/2.16.2/jackson-annotations-2.16.2.jar:/home/runner/.m2/repository/com/fasterxml/jackson/core/jackson-core/2.16.2/jackson-core-2.16.2.jar:/home/runner/.m2/repository/com/fasterxml/jackson/core/jackson-databind/2.16.2/jackson-databind-2.16.2.jar:/home/runner/.m2/repository/com/google/guava/guava/32.1.3-jre/guava-32.1.3-jre.jar:/home/runner/.m2/repository/com/google/guava/failureaccess/1.0.1/failureaccess-1.0.1.jar:/home/runner/.m2/repository/com/google/guava/listenablefuture/9999.0-empty-to-avoid-conflict-with-guava/listenablefuture-9999.0-empty-to-avoid-conflict-with-guava.jar:/home/runner/.m2/repository/org/checkerframework/checker-qual/3.37.0/checker-qual-3.37.0.jar:/home/runner/.m2/repository/com/google/errorprone/error_prone_annotations/2.29.2/error_prone_annotations-2.29.2.jar:/home/runner/.m2/repository/com/google/j2objc/j2objc-annotations/2.8/j2objc-annotations-2.8.jar:/home/runner/.m2/repository/com/google/protobuf/protobuf-java/2.5.0/protobuf-java-2.5.0.jar:/home/runner/.m2/repository/commons-collections/commons-collections/3.2.2/commons-collections-3.2.2.jar:/home/runner/.m2/repository/commons-io/commons-io/2.18.0/commons-io-2.18.0.jar:/home/runner/.m2/repository/info/picocli/picocli/4.7.7/picocli-4.7.7.jar:/home/runner/.m2/repository/io/dropwizard/metrics/metrics-core/3.2.6/metrics-core-3.2.6.jar:/home/runner/.m2/repository/jakarta/annotation/jakarta.annotation-api/2.1.1/jakarta.annotation-api-2.1.1.jar:/home/runner/.m2/repository/javax/servlet/javax.servlet-api/3.1.0/javax.servlet-api-3.1.0.jar:/home/runner/.m2/repository/org/apache/commons/commons-compress/1.27.1/commons-compress-1.27.1.jar:/home/runner/.m2/repository/org/apache/commons/commons-text/1.12.0/commons-text-1.12.0.jar:/home/runner/.m2/repository/org/apache/hadoop/hadoop-auth/3.4.1/hadoop-auth-3.4.1.jar:/home/runner/.m2/repository/org/apache/hadoop/hadoop-common/3.4.1/hadoop-common-3.4.1.jar:/home/runner/work/ozone/ozone/hadoop-hdds/client/target/hdds-client-2.1.0-SNAPSHOT.jar:/home/runner/work/ozone/ozone/hadoop-hdds/common/target/hdds-common-2.1.0-SNAPSHOT.jar:/home/runner/work/ozone/ozone/hadoop-hdds/config/target/hdds-config-2.1.0-SNAPSHOT.jar:/home/runner/work/ozone/ozone/hadoop-hdds/container-service/target/hdds-container-service-2.1.0-SNAPSHOT.jar:/home/runner/work/ozone/ozone/hadoop-hdds/interface-admin/target/hdds-interface-admin-2.1.0-SNAPSHOT.jar:/home/runner/work/ozone/ozone/hadoop-hdds/interface-client/target/hdds-interface-client-2.1.0-SNAPSHOT.jar:/home/runner/work/ozone/ozone/hadoop-hdds/interface-server/target/hdds-interface-server-2.1.0-SNAPSHOT.jar:/home/runner/work/ozone/ozone/hadoop-hdds/framework/target/hdds-server-framework-2.1.0-SNAPSHOT.jar:/home/runner/.m2/repository/org/apache/ratis/ratis-client/3.1.2/ratis-client-3.1.2.jar:/home/runner/.m2/repository/org/apache/ratis/ratis-common/3.1.2/ratis-common-3.1.2.jar:/home/runner/.m2/repository/org/apache/ratis/ratis-grpc/3.1.2/ratis-grpc-3.1.2.jar:/home/runner/.m2/repository/org/apache/ratis/ratis-netty/3.1.2/ratis-netty-3.1.2.jar:/home/runner/.m2/repository/org/apache/ratis/ratis-proto/3.1.2/ratis-proto-3.1.2.jar:/home/runner/.m2/repository/org/apache/ratis/ratis-server-api/3.1.2/ratis-server-api-3.1.2.jar:/home/runner/.m2/repository/org/apache/ratis/ratis-thirdparty-misc/1.0.6/ratis-thirdparty-misc-1.0.6.jar:/home/runner/.m2/repository/org/bouncycastle/bcpkix-jdk18on/1.80/bcpkix-jdk18on-1.80.jar:/home/runner/.m2/repository/org/bouncycastle/bcprov-jdk18on/1.80/bcprov-jdk18on-1.80.jar:/home/runner/.m2/repository/org/eclipse/jetty/jetty-webapp/9.4.57.v20241219/jetty-webapp-9.4.57.v20241219.jar:/home/runner/.m2/repository/org/eclipse/jetty/jetty-xml/9.4.57.v20241219/jetty-xml-9.4.57.v20241219.jar:/home/runner/.m2/repository/org/slf4j/slf4j-api/2.0.17/slf4j-api-2.0.17.jar:/home/runner/work/ozone/ozone/hadoop-ozone/cli-admin/target/ozone-cli-admin-2.1.0-SNAPSHOT.jar:/home/runner/.m2/repository/com/fasterxml/jackson/datatype/jackson-datatype-jsr310/2.16.2/jackson-datatype-jsr310-2.16.2.jar:/home/runner/.m2/repository/org/apache/hadoop/hadoop-hdfs-client/3.4.1/hadoop-hdfs-client-3.4.1.jar:/home/runner/work/ozone/ozone/hadoop-ozone/interface-client/target/ozone-interface-client-2.1.0-SNAPSHOT.jar:/home/runner/.m2/repository/commons-codec/commons-codec/1.17.1/commons-codec-1.17.1.jar:/home/runner/work/ozone/ozone/hadoop-ozone/cli-shell/target/ozone-cli-shell-2.1.0-SNAPSHOT.jar:/home/runner/.m2/repository/info/picocli/picocli-shell-jline3/4.7.7/picocli-shell-jline3-4.7.7.jar:/home/runner/.m2/repository/jakarta/xml/bind/jakarta.xml.bind-api/2.3.3/jakarta.xml.bind-api-2.3.3.jar:/home/runner/.m2/repository/org/apache/httpcomponents/httpclient/4.5.14/httpclient-4.5.14.jar:/home/runner/work/ozone/ozone/hadoop-ozone/ozonefs-common/target/ozone-filesystem-common-2.1.0-SNAPSHOT.jar:/home/runner/.m2/repository/org/jline/jline/3.30.0/jline-3.30.0.jar:/home/runner/.m2/repository/org/slf4j/slf4j-reload4j/2.0.17/slf4j-reload4j-2.0.17.jar:/home/runner/work/ozone/ozone/hadoop-ozone/client/target/ozone-client-2.1.0-SNAPSHOT.jar:/home/runner/.m2/repository/com/github/stephenc/jcip/jcip-annotations/1.0-1/jcip-annotations-1.0-1.jar:/home/runner/work/ozone/ozone/hadoop-hdds/erasurecode/target/hdds-erasurecode-2.1.0-SNAPSHOT.jar:/home/runner/work/ozone/ozone/hadoop-ozone/common/target/ozone-common-2.1.0-SNAPSHOT.jar:/home/runner/.m2/repository/io/grpc/grpc-api/1.58.0/grpc-api-1.58.0.jar:/home/runner/.m2/repository/io/grpc/grpc-netty/1.58.0/grpc-netty-1.58.0.jar:/home/runner/.m2/repository/io/grpc/grpc-core/1.58.0/grpc-core-1.58.0.jar:/home/runner/.m2/repository/com/google/android/annotations/4.1.1.4/annotations-4.1.1.4.jar:/home/runner/.m2/repository/org/codehaus/mojo/animal-sniffer-annotations/1.23/animal-sniffer-annotations-1.23.jar:/home/runner/.m2/repository/io/grpc/grpc-context/1.58.0/grpc-context-1.58.0.jar:/home/runner/.m2/repository/io/grpc/grpc-util/1.58.0/grpc-util-1.58.0.jar:/home/runner/.m2/repository/io/perfmark/perfmark-api/0.26.0/perfmark-api-0.26.0.jar:/home/runner/.m2/repository/io/netty/netty-codec-http2/4.1.109.Final/netty-codec-http2-4.1.109.Final.jar:/home/runner/.m2/repository/io/netty/netty-codec-http/4.1.109.Final/netty-codec-http-4.1.109.Final.jar:/home/runner/.m2/repository/io/netty/netty-common/4.1.109.Final/netty-common-4.1.109.Final.jar:/home/runner/.m2/repository/io/netty/netty-handler/4.1.109.Final/netty-handler-4.1.109.Final.jar:/home/runner/.m2/repository/io/netty/netty-resolver/4.1.109.Final/netty-resolver-4.1.109.Final.jar:/home/runner/.m2/repository/io/netty/netty-handler-proxy/4.1.109.Final/netty-handler-proxy-4.1.109.Final.jar:/home/runner/.m2/repository/io/netty/netty-codec-socks/4.1.109.Final/netty-codec-socks-4.1.109.Final.jar:/home/runner/.m2/repository/org/apache/httpcomponents/httpcore/4.4.16/httpcore-4.4.16.jar:/home/runner/.m2/repository/io/netty/netty-tcnative-boringssl-static/2.0.65.Final/netty-tcnative-boringssl-static-2.0.65.Final.jar:/home/runner/.m2/repository/io/netty/netty-tcnative-classes/2.0.65.Final/netty-tcnative-classes-2.0.65.Final.jar:/home/runner/.m2/repository/io/netty/netty-tcnative-boringssl-static/2.0.65.Final/netty-tcnative-boringssl-static-2.0.65.Final-linux-x86_64.jar:/home/runner/.m2/repository/io/netty/netty-tcnative-boringssl-static/2.0.65.Final/netty-tcnative-boringssl-static-2.0.65.Final-linux-aarch_64.jar:/home/runner/.m2/repository/io/netty/netty-tcnative-boringssl-static/2.0.65.Final/netty-tcnative-boringssl-static-2.0.65.Final-osx-x86_64.jar:/home/runner/.m2/repository/io/netty/netty-tcnative-boringssl-static/2.0.65.Final/netty-tcnative-boringssl-static-2.0.65.Final-osx-aarch_64.jar:/home/runner/.m2/repository/io/netty/netty-tcnative-boringssl-static/2.0.65.Final/netty-tcnative-boringssl-static-2.0.65.Final-windows-x86_64.jar:/home/runner/work/ozone/ozone/hadoop-ozone/csi/target/ozone-csi-2.1.0-SNAPSHOT.jar:/home/runner/.m2/repository/ch/qos/reload4j/reload4j/1.2.26/reload4j-1.2.26.jar:/home/runner/.m2/repository/com/google/protobuf/protobuf-java-util/3.19.6/protobuf-java-util-3.19.6.jar:/home/runner/.m2/repository/io/grpc/grpc-protobuf/1.58.0/grpc-protobuf-1.58.0.jar:/home/runner/.m2/repository/com/google/api/grpc/proto-google-common-protos/2.22.0/proto-google-common-protos-2.22.0.jar:/home/runner/.m2/repository/io/grpc/grpc-protobuf-lite/1.58.0/grpc-protobuf-lite-1.58.0.jar:/home/runner/.m2/repository/io/grpc/grpc-stub/1.58.0/grpc-stub-1.58.0.jar:/home/runner/.m2/repository/io/netty/netty-transport/4.1.109.Final/netty-transport-4.1.109.Final.jar:/home/runner/.m2/repository/io/netty/netty-transport-classes-epoll/4.1.109.Final/netty-transport-classes-epoll-4.1.109.Final.jar:/home/runner/.m2/repository/io/netty/netty-transport-native-epoll/4.1.109.Final/netty-transport-native-epoll-4.1.109.Final-linux-x86_64.jar:/home/runner/.m2/repository/io/netty/netty-transport-native-unix-common/4.1.109.Final/netty-transport-native-unix-common-4.1.109.Final.jar:/home/runner/work/ozone/ozone/hadoop-ozone/ozonefs/target/ozone-filesystem-2.1.0-SNAPSHOT.jar:/home/runner/.m2/repository/io/opentracing/opentracing-api/0.33.0/opentracing-api-0.33.0.jar:/home/runner/.m2/repository/io/opentracing/opentracing-util/0.33.0/opentracing-util-0.33.0.jar:/home/runner/.m2/repository/io/opentracing/opentracing-noop/0.33.0/opentracing-noop-0.33.0.jar:/home/runner/work/ozone/ozone/hadoop-ozone/freon/target/ozone-freon-2.1.0-SNAPSHOT.jar:/home/runner/.m2/repository/com/amazonaws/aws-java-sdk-core/1.12.661/aws-java-sdk-core-1.12.661.jar:/home/runner/.m2/repository/com/fasterxml/jackson/dataformat/jackson-dataformat-cbor/2.16.2/jackson-dataformat-cbor-2.16.2.jar:/home/runner/.m2/repository/joda-time/joda-time/2.12.7/joda-time-2.12.7.jar:/home/runner/.m2/repository/com/amazonaws/aws-java-sdk-s3/1.12.661/aws-java-sdk-s3-1.12.661.jar:/home/runner/.m2/repository/com/amazonaws/aws-java-sdk-kms/1.12.661/aws-java-sdk-kms-1.12.661.jar:/home/runner/.m2/repository/com/amazonaws/jmespath-java/1.12.661/jmespath-java-1.12.661.jar:/home/runner/.m2/repository/org/apache/hadoop/hadoop-hdfs/3.4.1/hadoop-hdfs-3.4.1.jar:/home/runner/work/ozone/ozone/hadoop-ozone/interface-storage/target/ozone-interface-storage-2.1.0-SNAPSHOT.jar:/home/runner/.m2/repository/org/kohsuke/metainf-services/metainf-services/1.11/metainf-services-1.11.jar:/home/runner/work/ozone/ozone/hadoop-ozone/ozone-manager/target/ozone-manager-2.1.0-SNAPSHOT.jar:/home/runner/.m2/repository/com/sun/jersey/jersey-client/1.19.4/jersey-client-1.19.4.jar:/home/runner/.m2/repository/org/apache/kerby/kerby-util/1.0.1/kerby-util-1.0.1.jar:/home/runner/.m2/repository/org/apache/logging/log4j/log4j-api/2.24.2/log4j-api-2.24.2.jar:/home/runner/work/ozone/ozone/hadoop-hdds/managed-rocksdb/target/hdds-managed-rocksdb-2.1.0-SNAPSHOT.jar:/home/runner/work/ozone/ozone/hadoop-hdds/rocks-native/target/hdds-rocks-native-2.1.0-SNAPSHOT.jar:/home/runner/.m2/repository/org/eclipse/jetty/jetty-io/9.4.57.v20241219/jetty-io-9.4.57.v20241219.jar:/home/runner/work/ozone/ozone/hadoop-hdds/rocksdb-checkpoint-differ/target/rocksdb-checkpoint-differ-2.1.0-SNAPSHOT.jar:/home/runner/.m2/repository/com/github/vlsi/mxgraph/jgraphx/3.9.12/jgraphx-3.9.12.jar:/home/runner/.m2/repository/org/jgrapht/jgrapht-core/1.4.0/jgrapht-core-1.4.0.jar:/home/runner/.m2/repository/org/jheaps/jheaps/0.11/jheaps-0.11.jar:/home/runner/.m2/repository/org/jgrapht/jgrapht-ext/1.4.0/jgrapht-ext-1.4.0.jar:/home/runner/.m2/repository/org/apache/ranger/ranger-intg/2.6.0/ranger-intg-2.6.0.jar:/home/runner/.m2/repository/org/apache/ranger/ranger-plugins-common/2.6.0/ranger-plugins-common-2.6.0.jar:/home/runner/.m2/repository/com/fasterxml/jackson/jaxrs/jackson-jaxrs-base/2.16.2/jackson-jaxrs-base-2.16.2.jar:/home/runner/.m2/repository/com/fasterxml/jackson/jaxrs/jackson-jaxrs-json-provider/2.16.2/jackson-jaxrs-json-provider-2.16.2.jar:/home/runner/.m2/repository/com/kstruct/gethostname4j/1.0.0/gethostname4j-1.0.0.jar:/home/runner/.m2/repository/commons-lang/commons-lang/2.6/commons-lang-2.6.jar:/home/runner/.m2/repository/net/java/dev/jna/jna/5.2.0/jna-5.2.0.jar:/home/runner/.m2/repository/net/java/dev/jna/jna-platform/5.2.0/jna-platform-5.2.0.jar:/home/runner/.m2/repository/org/apache/ranger/ranger-plugin-classloader/2.6.0/ranger-plugin-classloader-2.6.0.jar:/home/runner/.m2/repository/org/apache/ranger/ranger-plugins-audit/2.6.0/ranger-plugins-audit-2.6.0.jar:/home/runner/.m2/repository/com/amazonaws/aws-java-sdk-logs/1.12.765/aws-java-sdk-logs-1.12.765.jar:/home/runner/.m2/repository/com/carrotsearch/hppc/0.8.0/hppc-0.8.0.jar:/home/runner/.m2/repository/io/airlift/aircompressor/0.27/aircompressor-0.27.jar:/home/runner/.m2/repository/org/apache/httpcomponents/httpasyncclient/4.1.4/httpasyncclient-4.1.4.jar:/home/runner/.m2/repository/org/apache/httpcomponents/httpcore-nio/4.4.16/httpcore-nio-4.4.16.jar:/home/runner/.m2/repository/org/apache/httpcomponents/httpmime/4.5.13/httpmime-4.5.13.jar:/home/runner/.m2/repository/org/apache/orc/orc-core/1.5.8/orc-core-1.5.8.jar:/home/runner/.m2/repository/org/apache/orc/orc-shims/1.5.8/orc-shims-1.5.8.jar:/home/runner/.m2/repository/org/eclipse/jetty/jetty-client/9.4.57.v20241219/jetty-client-9.4.57.v20241219.jar:/home/runner/.m2/repository/org/apache/ranger/ranger-plugins-cred/2.6.0/ranger-plugins-cred-2.6.0.jar:/home/runner/.m2/repository/org/aspectj/aspectjrt/1.9.7/aspectjrt-1.9.7.jar:/home/runner/.m2/repository/org/aspectj/aspectjweaver/1.9.7/aspectjweaver-1.9.7.jar:/home/runner/.m2/repository/org/eclipse/jetty/jetty-util/9.4.57.v20241219/jetty-util-9.4.57.v20241219.jar:/home/runner/.m2/repository/org/reflections/reflections/0.10.2/reflections-0.10.2.jar:/home/runner/.m2/repository/org/rocksdb/rocksdbjni/7.7.3/rocksdbjni-7.7.3.jar:/home/runner/work/ozone/ozone/hadoop-ozone/recon/target/ozone-recon-2.1.0-SNAPSHOT.jar:/home/runner/.m2/repository/aopalliance/aopalliance/1.0/aopalliance-1.0.jar:/home/runner/.m2/repository/com/google/inject/guice/6.0.0/guice-6.0.0.jar:/home/runner/.m2/repository/jakarta/inject/jakarta.inject-api/2.0.1/jakarta.inject-api-2.0.1.jar:/home/runner/.m2/repository/com/google/inject/extensions/guice-assistedinject/6.0.0/guice-assistedinject-6.0.0.jar:/home/runner/.m2/repository/com/google/inject/extensions/guice-servlet/6.0.0/guice-servlet-6.0.0.jar:/home/runner/.m2/repository/com/jolbox/bonecp/0.8.0.RELEASE/bonecp-0.8.0.RELEASE.jar:/home/runner/.m2/repository/jakarta/activation/jakarta.activation-api/1.2.2/jakarta.activation-api-1.2.2.jar:/home/runner/.m2/repository/jakarta/validation/jakarta.validation-api/2.0.2/jakarta.validation-api-2.0.2.jar:/home/runner/.m2/repository/jakarta/ws/rs/jakarta.ws.rs-api/2.1.6/jakarta.ws.rs-api-2.1.6.jar:/home/runner/.m2/repository/javax/inject/javax.inject/1/javax.inject-1.jar:/home/runner/.m2/repository/org/apache/derby/derby/10.14.2.0/derby-10.14.2.0.jar:/home/runner/work/ozone/ozone/hadoop-ozone/recon-codegen/target/ozone-reconcodegen-2.1.0-SNAPSHOT.jar:/home/runner/.m2/repository/org/eclipse/jetty/jetty-servlet/9.4.57.v20241219/jetty-servlet-9.4.57.v20241219.jar:/home/runner/.m2/repository/org/eclipse/jetty/jetty-security/9.4.57.v20241219/jetty-security-9.4.57.v20241219.jar:/home/runner/.m2/repository/org/glassfish/hk2/guice-bridge/2.6.1/guice-bridge-2.6.1.jar:/home/runner/.m2/repository/org/glassfish/hk2/hk2-api/2.6.1/hk2-api-2.6.1.jar:/home/runner/.m2/repository/org/glassfish/hk2/hk2-utils/2.6.1/hk2-utils-2.6.1.jar:/home/runner/.m2/repository/org/glassfish/hk2/external/aopalliance-repackaged/2.6.1/aopalliance-repackaged-2.6.1.jar:/home/runner/.m2/repository/org/glassfish/hk2/external/jakarta.inject/2.6.1/jakarta.inject-2.6.1.jar:/home/runner/.m2/repository/org/glassfish/jersey/containers/jersey-container-servlet/2.46/jersey-container-servlet-2.46.jar:/home/runner/.m2/repository/org/glassfish/jersey/containers/jersey-container-servlet-core/2.46/jersey-container-servlet-core-2.46.jar:/home/runner/.m2/repository/org/glassfish/jersey/core/jersey-common/2.46/jersey-common-2.46.jar:/home/runner/.m2/repository/org/glassfish/hk2/osgi-resource-locator/1.0.3/osgi-resource-locator-1.0.3.jar:/home/runner/.m2/repository/org/glassfish/jersey/core/jersey-server/2.46/jersey-server-2.46.jar:/home/runner/.m2/repository/org/glassfish/jersey/core/jersey-client/2.46/jersey-client-2.46.jar:/home/runner/.m2/repository/org/glassfish/jersey/inject/jersey-hk2/2.46/jersey-hk2-2.46.jar:/home/runner/.m2/repository/org/glassfish/hk2/hk2-locator/2.6.1/hk2-locator-2.6.1.jar:/home/runner/.m2/repository/org/glassfish/jersey/media/jersey-media-jaxb/2.46/jersey-media-jaxb-2.46.jar:/home/runner/.m2/repository/org/glassfish/jersey/media/jersey-media-json-jackson/2.46/jersey-media-json-jackson-2.46.jar:/home/runner/.m2/repository/org/glassfish/jersey/ext/jersey-entity-filtering/2.46/jersey-entity-filtering-2.46.jar:/home/runner/.m2/repository/com/fasterxml/jackson/module/jackson-module-jaxb-annotations/2.16.2/jackson-module-jaxb-annotations-2.16.2.jar:/home/runner/.m2/repository/org/javassist/javassist/3.30.2-GA/javassist-3.30.2-GA.jar:/home/runner/.m2/repository/org/jooq/jooq/3.11.10/jooq-3.11.10.jar:/home/runner/.m2/repository/org/jooq/jooq-codegen/3.11.10/jooq-codegen-3.11.10.jar:/home/runner/.m2/repository/org/jooq/jooq-meta/3.11.10/jooq-meta-3.11.10.jar:/home/runner/.m2/repository/org/springframework/spring-core/5.3.39/spring-core-5.3.39.jar:/home/runner/.m2/repository/org/springframework/spring-jdbc/5.3.39/spring-jdbc-5.3.39.jar:/home/runner/.m2/repository/org/springframework/spring-beans/5.3.39/spring-beans-5.3.39.jar:/home/runner/.m2/repository/org/springframework/spring-tx/5.3.39/spring-tx-5.3.39.jar:/home/runner/.m2/repository/org/xerial/sqlite-jdbc/3.49.1.0/sqlite-jdbc-3.49.1.0.jar:/home/runner/work/ozone/ozone/hadoop-ozone/s3gateway/target/ozone-s3gateway-2.1.0-SNAPSHOT.jar:/home/runner/work/ozone/ozone/hadoop-ozone/tools/target/ozone-tools-2.1.0-SNAPSHOT.jar:/home/runner/.m2/repository/org/apache/ratis/ratis-shell/3.1.2/ratis-shell-3.1.2.jar:/home/runner/.m2/repository/org/apache/ratis/ratis-tools/3.1.2/ratis-tools-3.1.2.jar:/home/runner/.m2/repository/org/glassfish/jaxb/jaxb-runtime/2.3.9/jaxb-runtime-2.3.9.jar:/home/runner/.m2/repository/org/glassfish/jaxb/txw2/2.3.9/txw2-2.3.9.jar:/home/runner/.m2/repository/com/sun/istack/istack-commons-runtime/3.0.12/istack-commons-runtime-3.0.12.jar:/home/runner/.m2/repository/com/sun/activation/jakarta.activation/1.2.2/jakarta.activation-1.2.2.jar:/home/runner/.m2/repository/org/apache/ratis/ratis-server/3.1.2/ratis-server-3.1.2.jar:/home/runner/.m2/repository/org/apache/ratis/ratis-metrics-api/3.1.2/ratis-metrics-api-3.1.2.jar:/home/runner/.m2/repository/org/hamcrest/hamcrest/2.2/hamcrest-2.2.jar:/home/runner/.m2/repository/org/slf4j/jul-to-slf4j/2.0.17/jul-to-slf4j-2.0.17.jar:/home/runner/.m2/repository/org/apache/commons/commons-lang3/3.17.0/commons-lang3-3.17.0.jar:/home/runner/.m2/repository/org/apache/hadoop/hadoop-common/3.4.1/hadoop-common-3.4.1-tests.jar:/home/runner/.m2/repository/org/apache/hadoop/thirdparty/hadoop-shaded-protobuf_3_25/1.4.0/hadoop-shaded-protobuf_3_25-1.4.0.jar:/home/runner/.m2/repository/org/apache/hadoop/hadoop-annotations/3.4.1/hadoop-annotations-3.4.1.jar:/home/runner/.m2/repository/org/apache/hadoop/thirdparty/hadoop-shaded-guava/1.3.0/hadoop-shaded-guava-1.3.0.jar:/home/runner/.m2/repository/commons-cli/commons-cli/1.8.0/commons-cli-1.8.0.jar:/home/runner/.m2/repository/org/apache/commons/commons-math3/3.6.1/commons-math3-3.6.1.jar:/home/runner/.m2/repository/commons-net/commons-net/3.11.1/commons-net-3.11.1.jar:/home/runner/.m2/repository/org/eclipse/jetty/jetty-server/9.4.57.v20241219/jetty-server-9.4.57.v20241219.jar:/home/runner/.m2/repository/javax/servlet/jsp/jsp-api/2.1/jsp-api-2.1.jar:/home/runner/.m2/repository/com/sun/jersey/jersey-core/1.19.4/jersey-core-1.19.4.jar:/home/runner/.m2/repository/javax/ws/rs/jsr311-api/1.1.1/jsr311-api-1.1.1.jar:/home/runner/.m2/repository/com/sun/jersey/jersey-servlet/1.19.4/jersey-servlet-1.19.4.jar:/home/runner/.m2/repository/com/github/pjfanning/jersey-json/1.22.0/jersey-json-1.22.0.jar:/home/runner/.m2/repository/com/sun/xml/bind/jaxb-impl/2.2.3-1/jaxb-impl-2.2.3-1.jar:/home/runner/.m2/repository/org/codehaus/jettison/jettison/1.5.4/jettison-1.5.4.jar:/home/runner/.m2/repository/com/sun/jersey/jersey-server/1.19.4/jersey-server-1.19.4.jar:/home/runner/.m2/repository/commons-beanutils/commons-beanutils/1.9.4/commons-beanutils-1.9.4.jar:/home/runner/.m2/repository/org/apache/commons/commons-configuration2/2.11.0/commons-configuration2-2.11.0.jar:/home/runner/.m2/repository/org/apache/avro/avro/1.9.2/avro-1.9.2.jar:/home/runner/.m2/repository/com/google/re2j/re2j/1.7/re2j-1.7.jar:/home/runner/.m2/repository/com/google/code/gson/gson/2.10.1/gson-2.10.1.jar:/home/runner/.m2/repository/com/jcraft/jsch/0.1.55/jsch-0.1.55.jar:/home/runner/.m2/repository/org/apache/curator/curator-client/4.2.0/curator-client-4.2.0.jar:/home/runner/.m2/repository/org/apache/curator/curator-recipes/5.2.0/curator-recipes-5.2.0.jar:/home/runner/.m2/repository/org/apache/curator/curator-framework/4.2.0/curator-framework-4.2.0.jar:/home/runner/.m2/repository/com/google/code/findbugs/jsr305/3.0.2/jsr305-3.0.2.jar:/home/runner/.m2/repository/org/apache/zookeeper/zookeeper/3.8.4/zookeeper-3.8.4.jar:/home/runner/.m2/repository/org/apache/zookeeper/zookeeper-jute/3.8.4/zookeeper-jute-3.8.4.jar:/home/runner/.m2/repository/org/apache/yetus/audience-annotations/0.12.0/audience-annotations-0.12.0.jar:/home/runner/.m2/repository/io/netty/netty-transport-native-epoll/4.1.109.Final/netty-transport-native-epoll-4.1.109.Final.jar:/home/runner/.m2/repository/org/apache/kerby/kerb-core/1.0.1/kerb-core-1.0.1.jar:/home/runner/.m2/repository/org/apache/kerby/kerby-pkix/1.0.1/kerby-pkix-1.0.1.jar:/home/runner/.m2/repository/org/apache/kerby/kerby-asn1/1.0.1/kerby-asn1-1.0.1.jar:/home/runner/.m2/repository/org/codehaus/woodstox/stax2-api/4.2.1/stax2-api-4.2.1.jar:/home/runner/.m2/repository/com/fasterxml/woodstox/woodstox-core/5.4.0/woodstox-core-5.4.0.jar:/home/runner/.m2/repository/dnsjava/dnsjava/3.6.1/dnsjava-3.6.1.jar:/home/runner/.m2/repository/org/xerial/snappy/snappy-java/1.1.10.7/snappy-java-1.1.10.7.jar:/home/runner/.m2/repository/org/apache/hadoop/hadoop-distcp/3.4.1/hadoop-distcp-3.4.1.jar:/home/runner/.m2/repository/org/apache/hadoop/hadoop-distcp/3.4.1/hadoop-distcp-3.4.1-tests.jar:/home/runner/.m2/repository/org/apache/hadoop/hadoop-hdfs/3.4.1/hadoop-hdfs-3.4.1-tests.jar:/home/runner/.m2/repository/org/eclipse/jetty/jetty-util-ajax/9.4.57.v20241219/jetty-util-ajax-9.4.57.v20241219.jar:/home/runner/.m2/repository/commons-daemon/commons-daemon/1.4.0/commons-daemon-1.4.0.jar:/home/runner/.m2/repository/io/netty/netty-all/4.1.109.Final/netty-all-4.1.109.Final.jar:/home/runner/.m2/repository/io/netty/netty-codec-dns/4.1.109.Final/netty-codec-dns-4.1.109.Final.jar:/home/runner/.m2/repository/io/netty/netty-codec-haproxy/4.1.109.Final/netty-codec-haproxy-4.1.109.Final.jar:/home/runner/.m2/repository/io/netty/netty-codec-memcache/4.1.109.Final/netty-codec-memcache-4.1.109.Final.jar:/home/runner/.m2/repository/io/netty/netty-codec-mqtt/4.1.109.Final/netty-codec-mqtt-4.1.109.Final.jar:/home/runner/.m2/repository/io/netty/netty-codec-redis/4.1.109.Final/netty-codec-redis-4.1.109.Final.jar:/home/runner/.m2/repository/io/netty/netty-codec-smtp/4.1.109.Final/netty-codec-smtp-4.1.109.Final.jar:/home/runner/.m2/repository/io/netty/netty-codec-stomp/4.1.109.Final/netty-codec-stomp-4.1.109.Final.jar:/home/runner/.m2/repository/io/netty/netty-codec-xml/4.1.109.Final/netty-codec-xml-4.1.109.Final.jar:/home/runner/.m2/repository/io/netty/netty-handler-ssl-ocsp/4.1.109.Final/netty-handler-ssl-ocsp-4.1.109.Final.jar:/home/runner/.m2/repository/io/netty/netty-resolver-dns/4.1.109.Final/netty-resolver-dns-4.1.109.Final.jar:/home/runner/.m2/repository/io/netty/netty-transport-rxtx/4.1.109.Final/netty-transport-rxtx-4.1.109.Final.jar:/home/runner/.m2/repository/io/netty/netty-transport-sctp/4.1.109.Final/netty-transport-sctp-4.1.109.Final.jar:/home/runner/.m2/repository/io/netty/netty-transport-udt/4.1.109.Final/netty-transport-udt-4.1.109.Final.jar:/home/runner/.m2/repository/io/netty/netty-transport-classes-kqueue/4.1.109.Final/netty-transport-classes-kqueue-4.1.109.Final.jar:/home/runner/.m2/repository/io/netty/netty-resolver-dns-classes-macos/4.1.109.Final/netty-resolver-dns-classes-macos-4.1.109.Final.jar:/home/runner/.m2/repository/io/netty/netty-transport-native-epoll/4.1.109.Final/netty-transport-native-epoll-4.1.109.Final-linux-aarch_64.jar:/home/runner/.m2/repository/io/netty/netty-transport-native-epoll/4.1.109.Final/netty-transport-native-epoll-4.1.109.Final-linux-riscv64.jar:/home/runner/.m2/repository/io/netty/netty-transport-native-kqueue/4.1.109.Final/netty-transport-native-kqueue-4.1.109.Final-osx-x86_64.jar:/home/runner/.m2/repository/io/netty/netty-transport-native-kqueue/4.1.109.Final/netty-transport-native-kqueue-4.1.109.Final-osx-aarch_64.jar:/home/runner/.m2/repository/io/netty/netty-resolver-dns-native-macos/4.1.109.Final/netty-resolver-dns-native-macos-4.1.109.Final-osx-x86_64.jar:/home/runner/.m2/repository/io/netty/netty-resolver-dns-native-macos/4.1.109.Final/netty-resolver-dns-native-macos-4.1.109.Final-osx-aarch_64.jar:/home/runner/.m2/repository/org/fusesource/leveldbjni/leveldbjni-all/1.8/leveldbjni-all-1.8.jar:/home/runner/.m2/repository/org/apache/hadoop/hadoop-kms/3.4.1/hadoop-kms-3.4.1.jar:/home/runner/.m2/repository/org/apache/hadoop/hadoop-kms/3.4.1/hadoop-kms-3.4.1-tests.jar:/home/runner/.m2/repository/org/apache/hadoop/hadoop-mapreduce-client-core/3.4.1/hadoop-mapreduce-client-core-3.4.1.jar:/home/runner/.m2/repository/org/apache/hadoop/hadoop-yarn-client/3.4.1/hadoop-yarn-client-3.4.1.jar:/home/runner/.m2/repository/org/eclipse/jetty/websocket/websocket-client/9.4.53.v20231009/websocket-client-9.4.53.v20231009.jar:/home/runner/.m2/repository/org/eclipse/jetty/websocket/websocket-common/9.4.53.v20231009/websocket-common-9.4.53.v20231009.jar:/home/runner/.m2/repository/org/eclipse/jetty/websocket/websocket-api/9.4.53.v20231009/websocket-api-9.4.53.v20231009.jar:/home/runner/.m2/repository/org/apache/hadoop/hadoop-yarn-api/3.4.1/hadoop-yarn-api-3.4.1.jar:/home/runner/.m2/repository/org/apache/hadoop/hadoop-yarn-common/3.4.1/hadoop-yarn-common-3.4.1.jar:/home/runner/.m2/repository/javax/xml/bind/jaxb-api/2.2.11/jaxb-api-2.2.11.jar:/home/runner/.m2/repository/com/sun/jersey/contribs/jersey-guice/1.19.4/jersey-guice-1.19.4.jar:/home/runner/.m2/repository/org/apache/hadoop/hadoop-mapreduce-client-jobclient/3.4.1/hadoop-mapreduce-client-jobclient-3.4.1.jar:/home/runner/.m2/repository/org/apache/hadoop/hadoop-mapreduce-client-common/3.4.1/hadoop-mapreduce-client-common-3.4.1.jar:/home/runner/.m2/repository/org/apache/hadoop/hadoop-minikdc/3.4.1/hadoop-minikdc-3.4.1.jar:/home/runner/.m2/repository/org/apache/kerby/kerb-simplekdc/2.0.3/kerb-simplekdc-2.0.3.jar:/home/runner/.m2/repository/org/apache/kerby/kerb-client/2.0.3/kerb-client-2.0.3.jar:/home/runner/.m2/repository/org/apache/kerby/kerb-common/2.0.3/kerb-common-2.0.3.jar:/home/runner/.m2/repository/org/apache/kerby/token-provider/2.0.3/token-provider-2.0.3.jar:/home/runner/.m2/repository/org/apache/kerby/kerb-admin/2.0.3/kerb-admin-2.0.3.jar:/home/runner/.m2/repository/org/apache/kerby/kerb-server/2.0.3/kerb-server-2.0.3.jar:/home/runner/.m2/repository/org/apache/kerby/kerb-identity/2.0.3/kerb-identity-2.0.3.jar:/home/runner/.m2/repository/org/apache/kerby/kerby-xdr/2.0.3/kerby-xdr-2.0.3.jar:/home/runner/.m2/repository/junit/junit/4.13.2/junit-4.13.2.jar:/home/runner/.m2/repository/org/hamcrest/hamcrest-core/1.3/hamcrest-core-1.3.jar:/home/runner/work/ozone/ozone/hadoop-hdds/common/target/hdds-common-2.1.0-SNAPSHOT-tests.jar:/home/runner/.m2/repository/commons-validator/commons-validator/1.6/commons-validator-1.6.jar:/home/runner/.m2/repository/commons-digester/commons-digester/1.8.1/commons-digester-1.8.1.jar:/home/runner/.m2/repository/io/jaegertracing/jaeger-client/1.8.1/jaeger-client-1.8.1.jar:/home/runner/.m2/repository/io/jaegertracing/jaeger-thrift/1.8.1/jaeger-thrift-1.8.1.jar:/home/runner/.m2/repository/org/apache/thrift/libthrift/0.15.0/libthrift-0.15.0.jar:/home/runner/.m2/repository/com/squareup/okhttp3/okhttp/4.12.0/okhttp-4.12.0.jar:/home/runner/.m2/repository/com/squareup/okio/okio/3.6.0/okio-3.6.0.jar:/home/runner/.m2/repository/com/squareup/okio/okio-jvm/3.6.0/okio-jvm-3.6.0.jar:/home/runner/.m2/repository/org/jetbrains/kotlin/kotlin-stdlib-common/1.9.25/kotlin-stdlib-common-1.9.25.jar:/home/runner/.m2/repository/org/jetbrains/kotlin/kotlin-stdlib-jdk8/1.9.25/kotlin-stdlib-jdk8-1.9.25.jar:/home/runner/.m2/repository/org/jetbrains/kotlin/kotlin-stdlib-jdk7/1.9.25/kotlin-stdlib-jdk7-1.9.25.jar:/home/runner/.m2/repository/io/jaegertracing/jaeger-tracerresolver/1.8.1/jaeger-tracerresolver-1.8.1.jar:/home/runner/.m2/repository/io/opentracing/contrib/opentracing-tracerresolver/0.1.8/opentracing-tracerresolver-0.1.8.jar:/home/runner/.m2/repository/io/jaegertracing/jaeger-core/1.8.1/jaeger-core-1.8.1.jar:/home/runner/.m2/repository/javax/annotation/javax.annotation-api/1.3.2/javax.annotation-api-1.3.2.jar:/home/runner/work/ozone/ozone/hadoop-hdds/annotations/target/hdds-annotation-processing-2.1.0-SNAPSHOT.jar:/home/runner/.m2/repository/org/apache/ratis/ratis-metrics-dropwizard3/3.1.2/ratis-metrics-dropwizard3-3.1.2.jar:/home/runner/.m2/repository/org/bouncycastle/bcutil-jdk18on/1.80/bcutil-jdk18on-1.80.jar:/home/runner/.m2/repository/org/jetbrains/kotlin/kotlin-stdlib/1.9.25/kotlin-stdlib-1.9.25.jar:/home/runner/.m2/repository/org/jetbrains/annotations/13.0/annotations-13.0.jar:/home/runner/.m2/repository/org/slf4j/jcl-over-slf4j/2.0.17/jcl-over-slf4j-2.0.17.jar:/home/runner/.m2/repository/org/yaml/snakeyaml/2.0/snakeyaml-2.0.jar:/home/runner/work/ozone/ozone/hadoop-hdds/container-service/target/hdds-container-service-2.1.0-SNAPSHOT-tests.jar:/home/runner/.m2/repository/com/github/luben/zstd-jni/1.5.7-3/zstd-jni-1.5.7-3.jar:/home/runner/.m2/repository/io/netty/netty-buffer/4.1.109.Final/netty-buffer-4.1.109.Final.jar:/home/runner/.m2/repository/io/netty/netty-codec/4.1.109.Final/netty-codec-4.1.109.Final.jar:/home/runner/.m2/repository/log4j/apache-log4j-extras/1.2.17/apache-log4j-extras-1.2.17.jar:/home/runner/work/ozone/ozone/hadoop-hdds/framework/target/hdds-server-framework-2.1.0-SNAPSHOT-tests.jar:/home/runner/.m2/repository/com/github/jnr/jnr-constants/0.10.4/jnr-constants-0.10.4.jar:/home/runner/.m2/repository/com/github/jnr/jnr-posix/3.1.20/jnr-posix-3.1.20.jar:/home/runner/.m2/repository/com/github/jnr/jnr-ffi/2.2.17/jnr-ffi-2.2.17.jar:/home/runner/.m2/repository/com/github/jnr/jffi/1.3.13/jffi-1.3.13.jar:/home/runner/.m2/repository/com/github/jnr/jffi/1.3.13/jffi-1.3.13-native.jar:/home/runner/.m2/repository/org/ow2/asm/asm/9.7.1/asm-9.7.1.jar:/home/runner/.m2/repository/org/ow2/asm/asm-commons/9.7.1/asm-commons-9.7.1.jar:/home/runner/.m2/repository/org/ow2/asm/asm-analysis/9.7.1/asm-analysis-9.7.1.jar:/home/runner/.m2/repository/org/ow2/asm/asm-tree/9.7.1/asm-tree-9.7.1.jar:/home/runner/.m2/repository/org/ow2/asm/asm-util/9.7.1/asm-util-9.7.1.jar:/home/runner/.m2/repository/com/github/jnr/jnr-a64asm/1.0.0/jnr-a64asm-1.0.0.jar:/home/runner/.m2/repository/com/github/jnr/jnr-x86asm/1.0.2/jnr-x86asm-1.0.2.jar:/home/runner/.m2/repository/commons-fileupload/commons-fileupload/1.5/commons-fileupload-1.5.jar:/home/runner/.m2/repository/io/prometheus/simpleclient/0.16.0/simpleclient-0.16.0.jar:/home/runner/.m2/repository/io/prometheus/simpleclient_common/0.16.0/simpleclient_common-0.16.0.jar:/home/runner/.m2/repository/io/prometheus/simpleclient_dropwizard/0.16.0/simpleclient_dropwizard-0.16.0.jar:/home/runner/.m2/repository/org/apache/logging/log4j/log4j-core/2.24.2/log4j-core-2.24.2.jar:/home/runner/.m2/repository/org/eclipse/jetty/jetty-http/9.4.57.v20241219/jetty-http-9.4.57.v20241219.jar:/home/runner/.m2/repository/com/lmax/disruptor/3.4.4/disruptor-3.4.4.jar:/home/runner/.m2/repository/com/nimbusds/nimbus-jose-jwt/9.40/nimbus-jose-jwt-9.40.jar:/home/runner/.m2/repository/org/apache/kerby/kerb-util/1.0.1/kerb-util-1.0.1.jar:/home/runner/.m2/repository/org/apache/kerby/kerby-config/1.0.1/kerby-config-1.0.1.jar:/home/runner/.m2/repository/org/apache/kerby/kerb-crypto/1.0.1/kerb-crypto-1.0.1.jar:/home/runner/work/ozone/ozone/hadoop-hdds/server-scm/target/hdds-server-scm-2.1.0-SNAPSHOT-tests.jar:/home/runner/work/ozone/ozone/hadoop-hdds/test-utils/target/hdds-test-utils-2.1.0-SNAPSHOT-tests.jar:/home/runner/work/ozone/ozone/hadoop-ozone/ozone-manager/target/ozone-manager-2.1.0-SNAPSHOT-tests.jar:/home/runner/work/ozone/ozone/hadoop-ozone/mini-cluster/target/ozone-mini-cluster-2.1.0-SNAPSHOT.jar:/home/runner/.m2/repository/org/assertj/assertj-core/3.27.3/assertj-core-3.27.3.jar:/home/runner/.m2/repository/net/bytebuddy/byte-buddy/1.15.11/byte-buddy-1.15.11.jar:/home/runner/.m2/repository/org/junit/jupiter/junit-jupiter-api/5.12.2/junit-jupiter-api-5.12.2.jar:/home/runner/.m2/repository/org/opentest4j/opentest4j/1.3.0/opentest4j-1.3.0.jar:/home/runner/.m2/repository/org/junit/platform/junit-platform-commons/1.12.2/junit-platform-commons-1.12.2.jar:/home/runner/.m2/repository/org/apiguardian/apiguardian-api/1.1.2/apiguardian-api-1.1.2.jar:/home/runner/.m2/repository/org/junit/jupiter/junit-jupiter-params/5.12.2/junit-jupiter-params-5.12.2.jar:/home/runner/.m2/repository/org/mockito/mockito-core/4.11.0/mockito-core-4.11.0.jar:/home/runner/.m2/repository/net/bytebuddy/byte-buddy-agent/1.12.19/byte-buddy-agent-1.12.19.jar:/home/runner/.m2/repository/org/objenesis/objenesis/3.3/objenesis-3.3.jar:/home/runner/.m2/repository/org/mockito/mockito-inline/4.11.0/mockito-inline-4.11.0.jar:/home/runner/.m2/repository/org/mockito/mockito-junit-jupiter/4.11.0/mockito-junit-jupiter-4.11.0.jar:/home/runner/work/ozone/ozone/hadoop-ozone/integration-test/target/gradle-enterprise/test-listeners.jar:"/>
    <property name="sun.cpu.endian" value="little"/>
    <property name="user.home" value="/home/runner"/>
    <property name="user.language" value="en"/>
    <property name="java.specification.vendor" value="Oracle Corporation"/>
    <property name="skipRecon" value="true"/>
    <property name="java.version.date" value="2025-04-15"/>
    <property name="java.home" value="/usr/lib/jvm/temurin-21-jdk-amd64"/>
    <property name="java.security.krb5.conf" value="/tmp/junit-5774183720346243141/workdir/1747058389904/krb5.conf"/>
    <property name="file.separator" value="/"/>
    <property name="basedir" value="/home/runner/work/ozone/ozone/hadoop-ozone/integration-test"/>
    <property name="java.vm.compressedOopsMode" value="Zero based"/>
    <property name="line.separator" value="&#10;"/>
    <property name="java.vm.specification.vendor" value="Oracle Corporation"/>
    <property name="java.specification.name" value="Java Platform API Specification"/>
    <property name="surefire.fork.timeout" value="3600"/>
    <property name="surefire.real.class.path" value="/home/runner/work/ozone/ozone/hadoop-ozone/integration-test/target/surefire/surefirebooter-20250512135255004_73.jar"/>
    <property name="hadoop.log.dir" value="/home/runner/work/ozone/ozone/hadoop-ozone/integration-test/target/log"/>
    <property name="sun.management.compiler" value="HotSpot 64-Bit Tiered Compilers"/>
    <property name="skipShade" value="true"/>
    <property name="java.runtime.version" value="21.0.7+6-LTS"/>
    <property name="user.name" value="runner"/>
    <property name="java.net.preferIPv4Stack" value="true"/>
    <property name="stdout.encoding" value="UTF-8"/>
    <property name="path.separator" value=":"/>
    <property name="java.security.egd" value="file:///dev/urandom"/>
    <property name="os.version" value="6.11.0-1012-azure"/>
    <property name="java.runtime.name" value="OpenJDK Runtime Environment"/>
    <property name="com.gradle.maven.scan.extension.test.listener.junitplatform.NestedExecutionSafeDelegatingTestExecutionListener" value="55e33487"/>
    <property name="file.encoding" value="UTF-8"/>
    <property name="java.vm.name" value="OpenJDK 64-Bit Server VM"/>
    <property name="rocks_tools_native" value="true"/>
    <property name="java.vendor.version" value="Temurin-21.0.7+6"/>
    <property name="test.build.webapps" value=""/>
    <property name="develocity.listener.surefire.forkId" value="1"/>
    <property name="localRepository" value="/home/runner/.m2/repository"/>
    <property name="java.vendor.url.bug" value="https://github.com/adoptium/adoptium-support/issues"/>
    <property name="jetty.git.hash" value="df524e6b29271c2e09ba9aea83c18dc9db464a31"/>
    <property name="java.io.tmpdir" value="/tmp"/>
    <property name="require.test.libhadoop" value=""/>
    <property name="java.version" value="21.0.7"/>
    <property name="surefire.rerunFailingTestsCount" value="5"/>
    <property name="user.dir" value="/home/runner/work/ozone/ozone/hadoop-ozone/integration-test"/>
    <property name="os.arch" value="amd64"/>
    <property name="java.vm.specification.name" value="Java Virtual Machine Specification"/>
    <property name="test.build.classes" value="/home/runner/work/ozone/ozone/hadoop-ozone/integration-test/target/test-classes"/>
    <property name="org.apache.ratis.thirdparty.io.netty.allocator.useCacheForAllThreads" value="false"/>
    <property name="native.encoding" value="UTF-8"/>
    <property name="hadoop.tmp.dir" value="/home/runner/work/ozone/ozone/hadoop-ozone/integration-test/target/tmp"/>
    <property name="java.library.path" value="/usr/java/packages/lib:/usr/lib64:/lib64:/lib:/usr/lib"/>
    <property name="java.vm.info" value="mixed mode, sharing"/>
    <property name="stderr.encoding" value="UTF-8"/>
    <property name="java.vendor" value="Eclipse Adoptium"/>
    <property name="java.vm.version" value="21.0.7+6-LTS"/>
    <property name="sun.io.unicode.encoding" value="UnicodeLittle"/>
    <property name="develocity.listener.port" value="40341"/>
    <property name="java.class.version" value="65.0"/>
  </properties>
  <testcase name="testGetSetRevokeS3Secret" classname="org.apache.hadoop.ozone.TestSecureOzoneCluster" time="15.185">
    <error message="Problem binding to [pkrvmberfyhpb9w.internal.cloudapp.net:15006] java.net.BindException: Cannot assign requested address; For more details see:  http://wiki.apache.org/hadoop/BindException" type="java.net.BindException"><![CDATA[java.net.BindException: Problem binding to [pkrvmberfyhpb9w.internal.cloudapp.net:15006] java.net.BindException: Cannot assign requested address; For more details see:  http://wiki.apache.org/hadoop/BindException
	at java.base/jdk.internal.reflect.DirectConstructorHandleAccessor.newInstance(DirectConstructorHandleAccessor.java:62)
	at java.base/java.lang.reflect.Constructor.newInstanceWithCaller(Constructor.java:502)
	at java.base/java.lang.reflect.Constructor.newInstance(Constructor.java:486)
	at org.apache.hadoop.net.NetUtils.wrapWithMessage(NetUtils.java:961)
	at org.apache.hadoop.net.NetUtils.wrapException(NetUtils.java:857)
	at org.apache.hadoop.ipc.Server.bind(Server.java:715)
	at org.apache.hadoop.ipc.Server$Listener.<init>(Server.java:1435)
	at org.apache.hadoop.ipc.Server.<init>(Server.java:3364)
	at org.apache.hadoop.ipc.RPC$Server.<init>(RPC.java:1195)
	at org.apache.hadoop.ipc.ProtobufRpcEngine2$Server.<init>(ProtobufRpcEngine2.java:485)
	at org.apache.hadoop.ipc.ProtobufRpcEngine$Server.<init>(ProtobufRpcEngine.java:452)
	at org.apache.hadoop.ipc.ProtobufRpcEngine.getServer(ProtobufRpcEngine.java:375)
	at org.apache.hadoop.ipc.RPC$Builder.build(RPC.java:986)
	at org.apache.hadoop.ozone.om.OzoneManager.startRpcServer(OzoneManager.java:1414)
	at org.apache.hadoop.ozone.om.OzoneManager.getRpcServer(OzoneManager.java:1376)
	at org.apache.hadoop.ozone.om.OzoneManager.<init>(OzoneManager.java:695)
	at org.apache.hadoop.ozone.om.OzoneManager.createOm(OzoneManager.java:877)
	at org.apache.hadoop.ozone.TestSecureOzoneCluster.setupOm(TestSecureOzoneCluster.java:716)
	at org.apache.hadoop.ozone.TestSecureOzoneCluster.testGetSetRevokeS3Secret(TestSecureOzoneCluster.java:728)
	at java.base/java.lang.reflect.Method.invoke(Method.java:580)
	at java.base/java.util.ArrayList.forEach(ArrayList.java:1596)
	at java.base/java.util.ArrayList.forEach(ArrayList.java:1596)
Caused by: java.net.BindException: Cannot assign requested address
	at java.base/sun.nio.ch.Net.bind0(Native Method)
	at java.base/sun.nio.ch.Net.bind(Net.java:565)
	at java.base/sun.nio.ch.ServerSocketChannelImpl.netBind(ServerSocketChannelImpl.java:344)
	at java.base/sun.nio.ch.ServerSocketChannelImpl.bind(ServerSocketChannelImpl.java:301)
	at java.base/sun.nio.ch.ServerSocketAdaptor.bind(ServerSocketAdaptor.java:89)
	at org.apache.hadoop.ipc.Server.bind(Server.java:698)
	... 16 more
]]></error>
    <system-out><![CDATA[2025-05-12 13:58:58,538 [main] INFO  minikdc.MiniKdc (MiniKdc.java:<init>(225)) - Configuration:
2025-05-12 13:58:58,540 [main] INFO  minikdc.MiniKdc (MiniKdc.java:<init>(226)) - ---------------------------------------------------------------
2025-05-12 13:58:58,541 [main] INFO  minikdc.MiniKdc (MiniKdc.java:<init>(228)) -   max.renewable.lifetime: 604800000
2025-05-12 13:58:58,541 [main] INFO  minikdc.MiniKdc (MiniKdc.java:<init>(228)) -   instance: DefaultKrbServer
2025-05-12 13:58:58,541 [main] INFO  minikdc.MiniKdc (MiniKdc.java:<init>(228)) -   debug: false
2025-05-12 13:58:58,542 [main] INFO  minikdc.MiniKdc (MiniKdc.java:<init>(228)) -   kdc.bind.address: localhost
2025-05-12 13:58:58,542 [main] INFO  minikdc.MiniKdc (MiniKdc.java:<init>(228)) -   max.ticket.lifetime: 86400000
2025-05-12 13:58:58,542 [main] INFO  minikdc.MiniKdc (MiniKdc.java:<init>(228)) -   transport: TCP
2025-05-12 13:58:58,542 [main] INFO  minikdc.MiniKdc (MiniKdc.java:<init>(228)) -   org.name: EXAMPLE
2025-05-12 13:58:58,543 [main] INFO  minikdc.MiniKdc (MiniKdc.java:<init>(228)) -   org.domain: COM
2025-05-12 13:58:58,543 [main] INFO  minikdc.MiniKdc (MiniKdc.java:<init>(228)) -   kdc.port: 0
2025-05-12 13:58:58,543 [main] INFO  minikdc.MiniKdc (MiniKdc.java:<init>(230)) - ---------------------------------------------------------------
2025-05-12 13:58:58,594 [main] INFO  minikdc.MiniKdc (MiniKdc.java:start(285)) - MiniKdc started.
2025-05-12 13:58:59,593 [main] INFO  keys.KeyStorage (KeyStorage.java:storePublicKey(210)) - Storing public key to /tmp/junit-14886674664454860871/om-meta/om/keys/public.pem.
2025-05-12 13:58:59,597 [main] INFO  keys.KeyStorage (KeyStorage.java:storePrivateKey(194)) - Storing private key to /tmp/junit-14886674664454860871/om-meta/om/keys/private.pem.
2025-05-12 13:58:59,911 [main] INFO  audit.AuditLogger (AuditLogger.java:refreshDebugCmdSet(133)) - Refresh DebugCmdSet for OMAudit to [].
2025-05-12 13:58:59,933 [main] INFO  audit.AuditLogger (AuditLogger.java:refreshDebugCmdSet(133)) - Refresh DebugCmdSet for OMSystemAudit to [].
2025-05-12 13:59:00,102 [main] INFO  om.OzoneManager (OzoneManager.java:getOmDetailsProto(4941)) - OzoneManager ports added:[name: "RPC"
value: 15006
]
2025-05-12 13:59:00,109 [main] WARN  server.ServerUtils (ServerUtils.java:getScmDbDir(138)) - ozone.scm.db.dirs is not configured. We recommend adding this setting. Falling back to ozone.metadata.dirs instead.
2025-05-12 13:59:00,262 [main] INFO  reflections.Reflections (Reflections.java:scan(219)) - Reflections took 140 ms to scan 7 urls, producing 165 keys and 367 values
2025-05-12 13:59:00,361 [main] INFO  ha.HASecurityUtils (HASecurityUtils.java:initializeSecurity(79)) - Initializing secure StorageContainerManager.
2025-05-12 13:59:00,373 [main] INFO  proxy.SCMSecurityProtocolFailoverProxyProvider (SCMFailoverProxyProviderBase.java:<init>(120)) - Created fail-over proxy for protocol SCMSecurityProtocolPB with 1 nodes: [nodeId=scmNodeId,nodeAddress=localhost/127.0.0.1:15003]
2025-05-12 13:59:00,405 [main] INFO  client.SCMCertificateClient (DefaultCertificateClient.java:updateCertSerialId(1289)) - Certificate serial ID set to null
2025-05-12 13:59:00,406 [main] ERROR client.SCMCertificateClient (DefaultCertificateClient.java:getCertPath(373)) - Default certificate serial id is not set. Can't locate the default certificate for this client.
2025-05-12 13:59:00,406 [main] INFO  client.SCMCertificateClient (DefaultCertificateClient.java:init(717)) - Certificate client init case: 0
2025-05-12 13:59:00,407 [main] INFO  client.SCMCertificateClient (DefaultCertificateClient.java:handleCase(735)) - Creating keypair for client as keypair and certificate not found.
2025-05-12 13:59:00,714 [main] INFO  keys.KeyStorage (KeyStorage.java:storePublicKey(210)) - Storing public key to /tmp/junit-14886674664454860871/scm-meta/scm/sub-ca/keys/public.pem.
2025-05-12 13:59:00,715 [main] INFO  keys.KeyStorage (KeyStorage.java:storePrivateKey(194)) - Storing private key to /tmp/junit-14886674664454860871/scm-meta/scm/sub-ca/keys/private.pem.
2025-05-12 13:59:00,716 [main] INFO  client.SCMCertificateClient (SCMCertificateClient.java:recoverStateIfNeeded(278)) - Init response: GETCERT
2025-05-12 13:59:00,741 [main] INFO  keys.KeyStorage (KeyStorage.java:readPublicKey(174)) - Reading public key from /tmp/junit-14886674664454860871/scm-meta/scm/ca/keys/public.pem.
2025-05-12 13:59:00,742 [main] ERROR keys.KeyStorage (KeyStorage.java:readPublicKey(178)) - Failed to read the public key.
java.nio.file.NoSuchFileException: /tmp/junit-14886674664454860871/scm-meta/scm/ca/keys/public.pem
	at java.base/sun.nio.fs.UnixException.translateToIOException(UnixException.java:92)
	at java.base/sun.nio.fs.UnixException.rethrowAsIOException(UnixException.java:106)
	at java.base/sun.nio.fs.UnixException.rethrowAsIOException(UnixException.java:111)
	at java.base/sun.nio.fs.UnixFileSystemProvider.newByteChannel(UnixFileSystemProvider.java:261)
	at java.base/java.nio.file.Files.newByteChannel(Files.java:380)
	at java.base/java.nio.file.Files.newByteChannel(Files.java:432)
	at java.base/java.nio.file.Files.readAllBytes(Files.java:3281)
	at org.apache.hadoop.hdds.security.x509.keys.KeyStorage.readPublicKey(KeyStorage.java:176)
	at org.apache.hadoop.hdds.security.x509.keys.KeyStorage.readKeyPair(KeyStorage.java:184)
	at org.apache.hadoop.hdds.security.x509.certificate.authority.DefaultCAServer.checkIfKeysExist(DefaultCAServer.java:354)
	at org.apache.hadoop.hdds.security.x509.certificate.authority.DefaultCAServer.verifySelfSignedCA(DefaultCAServer.java:323)
	at org.apache.hadoop.hdds.security.x509.certificate.authority.DefaultCAServer.init(DefaultCAServer.java:162)
	at org.apache.hadoop.hdds.security.x509.certificate.client.SCMCertificateClient.initializeRootCertificateServer(SCMCertificateClient.java:396)
	at org.apache.hadoop.hdds.security.x509.certificate.client.SCMCertificateClient.getPrimarySCMSelfSignedCert(SCMCertificateClient.java:346)
	at org.apache.hadoop.hdds.security.x509.certificate.client.SCMCertificateClient.recoverStateIfNeeded(SCMCertificateClient.java:287)
	at org.apache.hadoop.hdds.security.x509.certificate.client.DefaultCertificateClient.initWithRecovery(DefaultCertificateClient.java:698)
	at org.apache.hadoop.hdds.scm.ha.HASecurityUtils.initializeSecurity(HASecurityUtils.java:96)
	at org.apache.hadoop.ozone.TestSecureOzoneCluster.initSCM(TestSecureOzoneCluster.java:450)
	at org.apache.hadoop.ozone.TestSecureOzoneCluster.testGetSetRevokeS3Secret(TestSecureOzoneCluster.java:722)
	at java.base/jdk.internal.reflect.DirectMethodHandleAccessor.invoke(DirectMethodHandleAccessor.java:103)
	at java.base/java.lang.reflect.Method.invoke(Method.java:580)
	at org.junit.platform.commons.util.ReflectionUtils.invokeMethod(ReflectionUtils.java:775)
	at org.junit.platform.commons.support.ReflectionSupport.invokeMethod(ReflectionSupport.java:479)
	at org.junit.jupiter.engine.execution.MethodInvocation.proceed(MethodInvocation.java:60)
	at org.junit.jupiter.engine.execution.InvocationInterceptorChain$ValidatingInvocation.proceed(InvocationInterceptorChain.java:131)
	at org.junit.jupiter.engine.extension.SameThreadTimeoutInvocation.proceed(SameThreadTimeoutInvocation.java:49)
	at org.junit.jupiter.engine.extension.TimeoutExtension.intercept(TimeoutExtension.java:161)
	at org.junit.jupiter.engine.extension.TimeoutExtension.interceptTestableMethod(TimeoutExtension.java:152)
	at org.junit.jupiter.engine.extension.TimeoutExtension.interceptTestMethod(TimeoutExtension.java:91)
	at org.junit.jupiter.engine.execution.InterceptingExecutableInvoker$ReflectiveInterceptorCall.lambda$ofVoidMethod$0(InterceptingExecutableInvoker.java:112)
	at org.junit.jupiter.engine.execution.InterceptingExecutableInvoker.lambda$invoke$0(InterceptingExecutableInvoker.java:94)
	at org.junit.jupiter.engine.execution.InvocationInterceptorChain$InterceptedInvocation.proceed(InvocationInterceptorChain.java:106)
	at org.junit.jupiter.engine.execution.InvocationInterceptorChain.proceed(InvocationInterceptorChain.java:64)
	at org.junit.jupiter.engine.execution.InvocationInterceptorChain.chainAndInvoke(InvocationInterceptorChain.java:45)
	at org.junit.jupiter.engine.execution.InvocationInterceptorChain.invoke(InvocationInterceptorChain.java:37)
	at org.junit.jupiter.engine.execution.InterceptingExecutableInvoker.invoke(InterceptingExecutableInvoker.java:93)
	at org.junit.jupiter.engine.execution.InterceptingExecutableInvoker.invoke(InterceptingExecutableInvoker.java:87)
	at org.junit.jupiter.engine.descriptor.TestMethodTestDescriptor.lambda$invokeTestMethod$7(TestMethodTestDescriptor.java:216)
	at org.junit.platform.engine.support.hierarchical.ThrowableCollector.execute(ThrowableCollector.java:73)
	at org.junit.jupiter.engine.descriptor.TestMethodTestDescriptor.invokeTestMethod(TestMethodTestDescriptor.java:212)
	at org.junit.jupiter.engine.descriptor.TestMethodTestDescriptor.execute(TestMethodTestDescriptor.java:137)
	at org.junit.jupiter.engine.descriptor.TestMethodTestDescriptor.execute(TestMethodTestDescriptor.java:69)
	at org.junit.platform.engine.support.hierarchical.NodeTestTask.lambda$executeRecursively$6(NodeTestTask.java:156)
	at org.junit.platform.engine.support.hierarchical.ThrowableCollector.execute(ThrowableCollector.java:73)
	at org.junit.platform.engine.support.hierarchical.NodeTestTask.lambda$executeRecursively$8(NodeTestTask.java:146)
	at org.junit.platform.engine.support.hierarchical.Node.around(Node.java:137)
	at org.junit.platform.engine.support.hierarchical.NodeTestTask.lambda$executeRecursively$9(NodeTestTask.java:144)
	at org.junit.platform.engine.support.hierarchical.ThrowableCollector.execute(ThrowableCollector.java:73)
	at org.junit.platform.engine.support.hierarchical.NodeTestTask.executeRecursively(NodeTestTask.java:143)
	at org.junit.platform.engine.support.hierarchical.NodeTestTask.execute(NodeTestTask.java:100)
	at java.base/java.util.ArrayList.forEach(ArrayList.java:1596)
	at org.junit.platform.engine.support.hierarchical.SameThreadHierarchicalTestExecutorService.invokeAll(SameThreadHierarchicalTestExecutorService.java:41)
	at org.junit.platform.engine.support.hierarchical.NodeTestTask.lambda$executeRecursively$6(NodeTestTask.java:160)
	at org.junit.platform.engine.support.hierarchical.ThrowableCollector.execute(ThrowableCollector.java:73)
	at org.junit.platform.engine.support.hierarchical.NodeTestTask.lambda$executeRecursively$8(NodeTestTask.java:146)
	at org.junit.platform.engine.support.hierarchical.Node.around(Node.java:137)
	at org.junit.platform.engine.support.hierarchical.NodeTestTask.lambda$executeRecursively$9(NodeTestTask.java:144)
	at org.junit.platform.engine.support.hierarchical.ThrowableCollector.execute(ThrowableCollector.java:73)
	at org.junit.platform.engine.support.hierarchical.NodeTestTask.executeRecursively(NodeTestTask.java:143)
	at org.junit.platform.engine.support.hierarchical.NodeTestTask.execute(NodeTestTask.java:100)
	at java.base/java.util.ArrayList.forEach(ArrayList.java:1596)
	at org.junit.platform.engine.support.hierarchical.SameThreadHierarchicalTestExecutorService.invokeAll(SameThreadHierarchicalTestExecutorService.java:41)
	at org.junit.platform.engine.support.hierarchical.NodeTestTask.lambda$executeRecursively$6(NodeTestTask.java:160)
	at org.junit.platform.engine.support.hierarchical.ThrowableCollector.execute(ThrowableCollector.java:73)
	at org.junit.platform.engine.support.hierarchical.NodeTestTask.lambda$executeRecursively$8(NodeTestTask.java:146)
	at org.junit.platform.engine.support.hierarchical.Node.around(Node.java:137)
	at org.junit.platform.engine.support.hierarchical.NodeTestTask.lambda$executeRecursively$9(NodeTestTask.java:144)
	at org.junit.platform.engine.support.hierarchical.ThrowableCollector.execute(ThrowableCollector.java:73)
	at org.junit.platform.engine.support.hierarchical.NodeTestTask.executeRecursively(NodeTestTask.java:143)
	at org.junit.platform.engine.support.hierarchical.NodeTestTask.execute(NodeTestTask.java:100)
	at org.junit.platform.engine.support.hierarchical.SameThreadHierarchicalTestExecutorService.submit(SameThreadHierarchicalTestExecutorService.java:35)
	at org.junit.platform.engine.support.hierarchical.HierarchicalTestExecutor.execute(HierarchicalTestExecutor.java:57)
	at org.junit.platform.engine.support.hierarchical.HierarchicalTestEngine.execute(HierarchicalTestEngine.java:54)
	at org.junit.platform.launcher.core.EngineExecutionOrchestrator.execute(EngineExecutionOrchestrator.java:201)
	at org.junit.platform.launcher.core.EngineExecutionOrchestrator.execute(EngineExecutionOrchestrator.java:170)
	at org.junit.platform.launcher.core.EngineExecutionOrchestrator.execute(EngineExecutionOrchestrator.java:94)
	at org.junit.platform.launcher.core.EngineExecutionOrchestrator.lambda$execute$0(EngineExecutionOrchestrator.java:59)
	at org.junit.platform.launcher.core.EngineExecutionOrchestrator.withInterceptedStreams(EngineExecutionOrchestrator.java:142)
	at org.junit.platform.launcher.core.EngineExecutionOrchestrator.execute(EngineExecutionOrchestrator.java:58)
	at org.junit.platform.launcher.core.DefaultLauncher.execute(DefaultLauncher.java:103)
	at org.junit.platform.launcher.core.DefaultLauncher.execute(DefaultLauncher.java:85)
	at org.junit.platform.launcher.core.DelegatingLauncher.execute(DelegatingLauncher.java:47)
	at org.junit.platform.launcher.core.InterceptingLauncher.lambda$execute$1(InterceptingLauncher.java:39)
	at org.junit.platform.launcher.core.ClasspathAlignmentCheckingLauncherInterceptor.intercept(ClasspathAlignmentCheckingLauncherInterceptor.java:25)
	at org.junit.platform.launcher.core.InterceptingLauncher.execute(InterceptingLauncher.java:38)
	at org.junit.platform.launcher.core.DelegatingLauncher.execute(DelegatingLauncher.java:47)
	at org.apache.maven.surefire.junitplatform.LazyLauncher.execute(LazyLauncher.java:56)
	at org.apache.maven.surefire.junitplatform.JUnitPlatformProvider.execute(JUnitPlatformProvider.java:184)
	at org.apache.maven.surefire.junitplatform.JUnitPlatformProvider.invokeAllTests(JUnitPlatformProvider.java:148)
	at org.apache.maven.surefire.junitplatform.JUnitPlatformProvider.invoke(JUnitPlatformProvider.java:120)
	at org.apache.maven.surefire.booter.ForkedBooter.runSuitesInProcess(ForkedBooter.java:385)
	at org.apache.maven.surefire.booter.ForkedBooter.execute(ForkedBooter.java:162)
	at org.apache.maven.surefire.booter.ForkedBooter.run(ForkedBooter.java:507)
	at org.apache.maven.surefire.booter.ForkedBooter.main(ForkedBooter.java:495)
2025-05-12 13:59:01,365 [main] INFO  keys.KeyStorage (KeyStorage.java:storePublicKey(210)) - Storing public key to /tmp/junit-14886674664454860871/scm-meta/scm/ca/keys/public.pem.
2025-05-12 13:59:01,366 [main] INFO  keys.KeyStorage (KeyStorage.java:storePrivateKey(194)) - Storing private key to /tmp/junit-14886674664454860871/scm-meta/scm/ca/keys/private.pem.
2025-05-12 13:59:01,376 [main] INFO  ozone.OzoneSecurityUtil (OzoneSecurityUtil.java:getValidInetsForCurrentHost(116)) - ip:fe80:0:0:0:6245:bdff:fe33:754b%eth0 not returned.
2025-05-12 13:59:01,380 [main] INFO  ozone.OzoneSecurityUtil (OzoneSecurityUtil.java:getValidInetsForCurrentHost(113)) - Adding ip:10.1.1.103,host:10.1.1.103
2025-05-12 13:59:01,381 [main] INFO  ozone.OzoneSecurityUtil (OzoneSecurityUtil.java:getValidInetsForCurrentHost(116)) - ip:0:0:0:0:0:0:0:1%lo not returned.
2025-05-12 13:59:01,381 [main] INFO  ozone.OzoneSecurityUtil (OzoneSecurityUtil.java:getValidInetsForCurrentHost(116)) - ip:127.0.0.1 not returned.
2025-05-12 13:59:01,386 [main] ERROR utils.SelfSignedCertificate (SelfSignedCertificate.java:lambda$addInetAddresses$0(244)) - Invalid domain 10.1.1.103
2025-05-12 13:59:01,443 [main] INFO  utils.SelfSignedCertificate (SelfSignedCertificate.java:generateCertificate(156)) - Certificate 1 is issued by SERIALNUMBER=1, O=1453e71e-0623-46ec-94a5-2b4ae716219a, OU=81eeb1ed-a39d-4a83-b4ea-8a94ec525eea, CN=scm@pkrvmberfyhpb9w to SERIALNUMBER=1, O=1453e71e-0623-46ec-94a5-2b4ae716219a, OU=81eeb1ed-a39d-4a83-b4ea-8a94ec525eea, CN=scm@pkrvmberfyhpb9w, valid from Mon May 12 13:59:01 UTC 2025 to Thu Jun 20 13:59:01 UTC 2030
2025-05-12 13:59:01,448 [main] INFO  utils.CertificateCodec (CertificateCodec.java:writeCertificate(239)) - Save certificate to /tmp/junit-14886674664454860871/scm-meta/scm/ca/certs/certificate.crt
2025-05-12 13:59:01,448 [main] INFO  utils.CertificateCodec (CertificateCodec.java:writeCertificate(240)) - Certificate -----BEGIN CERTIFICATE-----
MIIDwTCCAqmgAwIBAgIBATANBgkqhkiG9w0BAQsFADCBiDEcMBoGA1UEAwwTc2Nt
QHBrcnZtYmVyZnlocGI5dzEtMCsGA1UECwwkODFlZWIxZWQtYTM5ZC00YTgzLWI0
ZWEtOGE5NGVjNTI1ZWVhMS0wKwYDVQQKDCQxNDUzZTcxZS0wNjIzLTQ2ZWMtOTRh
NS0yYjRhZTcxNjIxOWExCjAIBgNVBAUTATEwHhcNMjUwNTEyMTM1OTAxWhcNMzAw
NjIwMTM1OTAxWjCBiDEcMBoGA1UEAwwTc2NtQHBrcnZtYmVyZnlocGI5dzEtMCsG
A1UECwwkODFlZWIxZWQtYTM5ZC00YTgzLWI0ZWEtOGE5NGVjNTI1ZWVhMS0wKwYD
VQQKDCQxNDUzZTcxZS0wNjIzLTQ2ZWMtOTRhNS0yYjRhZTcxNjIxOWExCjAIBgNV
BAUTATEwggEiMA0GCSqGSIb3DQEBAQUAA4IBDwAwggEKAoIBAQCnUMheB92WjSzQ
rUz93BbkFGeY465Bfa2oZgtsDZZjVEqATkS5T0grwS3rjDGP9jZTlRsKD0e55zfl
Y51lPisMotvol2TV+JFT4w/8VFKD6edfAK8naTWPjLgW7kZFx8Xyr0YDXPtobAQA
53UVpwrh/X+1BUk3FfYq4Ifo4BCb1lbv8vYTgM6WIh7OXwa3dx45sXUF6paN0jcL
C8fEps33t0jMK+F1BQXpCpfSV7v4CsE5QFj8S1U/atwqtZiXxodT2bSJMyOeFGlx
i7RR+NegT7ArrWADCJ1GiW0s1oPDfWGD8Xz0w1eKpxDq7kkGsaZJ8PObNikQUmIG
kOgGzAMrAgMBAAGjNDAyMA8GA1UdEwEB/wQFMAMBAf8wDgYDVR0PAQH/BAQDAgEG
MA8GA1UdEQQIMAaHBAoBAWcwDQYJKoZIhvcNAQELBQADggEBAFzAKbpUdfcm+3ie
o3w/Sd5KWt1tE2PJT39z5DNZqxbsewUBWdo8KgS0NYkmD3IdZu6oC4AvQ+fsijpV
61KtjtRTmGbHKNw3quxffl9WtlqKcTc8MM0kVO374aTXSCDXD9FiVEVPIK21k7Ze
bM6SktBbkIu8HgZ7PGhCS1HWpTbYKJpwUv0EYVBujtJGPInQUOq564tE/6AwSWFC
2CFxSu3dDAd+96tY8guqI9xujQMmDlUthB7kKvuHw/ycbcRyF2DV0XUQSvzL5dKf
9VNBz4IugI4iUdQgKPsqxRtoynQaOORypEiAN6jN0fGRLEVkKK3aCZPUiEvQCrWY
6r6mSBk=
-----END CERTIFICATE-----

2025-05-12 13:59:01,449 [main] INFO  keys.KeyStorage (KeyStorage.java:readPublicKey(174)) - Reading public key from /tmp/junit-14886674664454860871/scm-meta/scm/ca/keys/public.pem.
2025-05-12 13:59:01,452 [main] INFO  keys.KeyStorage (KeyStorage.java:readPrivateKey(158)) - Reading private key from /tmp/junit-14886674664454860871/scm-meta/scm/ca/keys/private.pem.
2025-05-12 13:59:01,464 [main] INFO  client.SCMCertificateClient (SCMCertificateClient.java:configureCSRBuilder(141)) - Creating csr for SCM->hostName:pkrvmberfyhpb9w,scmId:81eeb1ed-a39d-4a83-b4ea-8a94ec525eea,clusterId:1453e71e-0623-46ec-94a5-2b4ae716219a,subject:scm-sub@pkrvmberfyhpb9w
2025-05-12 13:59:01,465 [main] INFO  ozone.OzoneSecurityUtil (OzoneSecurityUtil.java:getValidInetsForCurrentHost(116)) - ip:fe80:0:0:0:6245:bdff:fe33:754b%eth0 not returned.
2025-05-12 13:59:01,474 [main] INFO  ozone.OzoneSecurityUtil (OzoneSecurityUtil.java:getValidInetsForCurrentHost(113)) - Adding ip:10.1.1.103,host:10.1.1.103
2025-05-12 13:59:01,476 [main] INFO  ozone.OzoneSecurityUtil (OzoneSecurityUtil.java:getValidInetsForCurrentHost(116)) - ip:0:0:0:0:0:0:0:1%lo not returned.
2025-05-12 13:59:01,477 [main] INFO  ozone.OzoneSecurityUtil (OzoneSecurityUtil.java:getValidInetsForCurrentHost(116)) - ip:127.0.0.1 not returned.
2025-05-12 13:59:01,482 [main] ERROR utils.CertificateSignRequest (CertificateSignRequest.java:lambda$addInetAddresses$0(316)) - Invalid domain 10.1.1.103
2025-05-12 13:59:01,496 [main] INFO  keys.KeyStorage (KeyStorage.java:readPrivateKey(158)) - Reading private key from /tmp/junit-14886674664454860871/scm-meta/scm/ca/keys/private.pem.
2025-05-12 13:59:01,508 [main] INFO  authority.DefaultApprover (DefaultApprover.java:sign(171)) - Extensions in CSR: 2.5.29.19, 2.5.29.15, 2.5.29.17
2025-05-12 13:59:01,509 [main] INFO  authority.DefaultApprover (DefaultApprover.java:sign(175)) - Extensions to add to the certificate if they present in CSR: 2.5.29.15, 2.5.29.17, 2.5.29.35, 2.5.29.37, 2.5.29.19, 1.3.6.1.5.5.7.1.12
2025-05-12 13:59:01,520 [main] INFO  utils.CertificateCodec (CertificateCodec.java:writeCertificate(239)) - Save certificate to /tmp/junit-14886674664454860871/scm-meta/scm/sub-ca/certs/CA-1.crt
2025-05-12 13:59:01,520 [main] INFO  utils.CertificateCodec (CertificateCodec.java:writeCertificate(240)) - Certificate -----BEGIN CERTIFICATE-----
MIIDwTCCAqmgAwIBAgIBATANBgkqhkiG9w0BAQsFADCBiDEcMBoGA1UEAwwTc2Nt
QHBrcnZtYmVyZnlocGI5dzEtMCsGA1UECwwkODFlZWIxZWQtYTM5ZC00YTgzLWI0
ZWEtOGE5NGVjNTI1ZWVhMS0wKwYDVQQKDCQxNDUzZTcxZS0wNjIzLTQ2ZWMtOTRh
NS0yYjRhZTcxNjIxOWExCjAIBgNVBAUTATEwHhcNMjUwNTEyMTM1OTAxWhcNMzAw
NjIwMTM1OTAxWjCBiDEcMBoGA1UEAwwTc2NtQHBrcnZtYmVyZnlocGI5dzEtMCsG
A1UECwwkODFlZWIxZWQtYTM5ZC00YTgzLWI0ZWEtOGE5NGVjNTI1ZWVhMS0wKwYD
VQQKDCQxNDUzZTcxZS0wNjIzLTQ2ZWMtOTRhNS0yYjRhZTcxNjIxOWExCjAIBgNV
BAUTATEwggEiMA0GCSqGSIb3DQEBAQUAA4IBDwAwggEKAoIBAQCnUMheB92WjSzQ
rUz93BbkFGeY465Bfa2oZgtsDZZjVEqATkS5T0grwS3rjDGP9jZTlRsKD0e55zfl
Y51lPisMotvol2TV+JFT4w/8VFKD6edfAK8naTWPjLgW7kZFx8Xyr0YDXPtobAQA
53UVpwrh/X+1BUk3FfYq4Ifo4BCb1lbv8vYTgM6WIh7OXwa3dx45sXUF6paN0jcL
C8fEps33t0jMK+F1BQXpCpfSV7v4CsE5QFj8S1U/atwqtZiXxodT2bSJMyOeFGlx
i7RR+NegT7ArrWADCJ1GiW0s1oPDfWGD8Xz0w1eKpxDq7kkGsaZJ8PObNikQUmIG
kOgGzAMrAgMBAAGjNDAyMA8GA1UdEwEB/wQFMAMBAf8wDgYDVR0PAQH/BAQDAgEG
MA8GA1UdEQQIMAaHBAoBAWcwDQYJKoZIhvcNAQELBQADggEBAFzAKbpUdfcm+3ie
o3w/Sd5KWt1tE2PJT39z5DNZqxbsewUBWdo8KgS0NYkmD3IdZu6oC4AvQ+fsijpV
61KtjtRTmGbHKNw3quxffl9WtlqKcTc8MM0kVO374aTXSCDXD9FiVEVPIK21k7Ze
bM6SktBbkIu8HgZ7PGhCS1HWpTbYKJpwUv0EYVBujtJGPInQUOq564tE/6AwSWFC
2CFxSu3dDAd+96tY8guqI9xujQMmDlUthB7kKvuHw/ycbcRyF2DV0XUQSvzL5dKf
9VNBz4IugI4iUdQgKPsqxRtoynQaOORypEiAN6jN0fGRLEVkKK3aCZPUiEvQCrWY
6r6mSBk=
-----END CERTIFICATE-----

2025-05-12 13:59:01,523 [main] INFO  utils.CertificateCodec (CertificateCodec.java:writeCertificate(239)) - Save certificate to /tmp/junit-14886674664454860871/scm-meta/scm/sub-ca/certs/2.crt
2025-05-12 13:59:01,523 [main] INFO  utils.CertificateCodec (CertificateCodec.java:writeCertificate(240)) - Certificate -----BEGIN CERTIFICATE-----
MIIDxTCCAq2gAwIBAgIBAjANBgkqhkiG9w0BAQsFADCBiDEcMBoGA1UEAwwTc2Nt
QHBrcnZtYmVyZnlocGI5dzEtMCsGA1UECwwkODFlZWIxZWQtYTM5ZC00YTgzLWI0
ZWEtOGE5NGVjNTI1ZWVhMS0wKwYDVQQKDCQxNDUzZTcxZS0wNjIzLTQ2ZWMtOTRh
NS0yYjRhZTcxNjIxOWExCjAIBgNVBAUTATEwHhcNMjUwNTEyMTM1OTAxWhcNMzAw
NjIwMTM1OTAxWjCBjDEgMB4GA1UEAwwXc2NtLXN1YkBwa3J2bWJlcmZ5aHBiOXcx
LTArBgNVBAsMJDgxZWViMWVkLWEzOWQtNGE4My1iNGVhLThhOTRlYzUyNWVlYTEt
MCsGA1UECgwkMTQ1M2U3MWUtMDYyMy00NmVjLTk0YTUtMmI0YWU3MTYyMTlhMQow
CAYDVQQFEwEyMIIBIjANBgkqhkiG9w0BAQEFAAOCAQ8AMIIBCgKCAQEAybZqme0O
NQE++KkXRYqrIier30vCOKyVAIXQEdaRBM4xf7QVQUAmcnB+lGPrzO4sOhA2cob8
8t1zdghKVNWPuRmbMb/NnwVYGhnPrBOiWZQiSPH/PP5FKpwWDCbsqFM9jdYdMLPQ
2o9bCMwbLUtG3xtX863BQoxZJms/DvwVptFzVACxeFrhvB8MvoDIM5ohnK9Am2ki
WQ9oP4aYijgTu9MOI84OqGnb77OAOjMKD/XLXMWDrZw/AIUKHmRN77HcEHTkuKKx
hzJMEm9ubb1CFq1StmIpdNb3xefrzuCCSNxFEufm4xFoqTsTsRc9bVViHjvHdJ1F
7En2Ai9crXRniQIDAQABozQwMjAOBgNVHQ8BAf8EBAMCAb4wDwYDVR0RBAgwBocE
CgEBZzAPBgNVHRMBAf8EBTADAQH/MA0GCSqGSIb3DQEBCwUAA4IBAQBDYeqvYZkR
tj5UM/sQqnEciJ15HHEfeQnp6i0OgYgIXwTRWg7JBD4CkghnQMqLQQG8Zo3S9T6Z
aW8OXEo/5M1CePc9N5MX4Xbi9SszX2Gk88iCJ/EmRm+jgWaDoEl9F0m7dNE5aMt9
iWwzUV+1m5DWYaGlWGirv7YXAIGUSp6RZgIQEp8RUj3NVeaZQzAKWdbheAe/NfnD
HU1HUXFf3lgXEb8UYza/Ai0xo7pHCes8A1jyG1Mkuvri1H7xagXpSHmWEKJgqc4N
hjMrHBucd2VEijoiV8wq1wWVjOAcWi186TDkvfIsGuXfS9IijW576smyGTVaLDBF
K+h8QV79eEhu
-----END CERTIFICATE-----

-----BEGIN CERTIFICATE-----
MIIDwTCCAqmgAwIBAgIBATANBgkqhkiG9w0BAQsFADCBiDEcMBoGA1UEAwwTc2Nt
QHBrcnZtYmVyZnlocGI5dzEtMCsGA1UECwwkODFlZWIxZWQtYTM5ZC00YTgzLWI0
ZWEtOGE5NGVjNTI1ZWVhMS0wKwYDVQQKDCQxNDUzZTcxZS0wNjIzLTQ2ZWMtOTRh
NS0yYjRhZTcxNjIxOWExCjAIBgNVBAUTATEwHhcNMjUwNTEyMTM1OTAxWhcNMzAw
NjIwMTM1OTAxWjCBiDEcMBoGA1UEAwwTc2NtQHBrcnZtYmVyZnlocGI5dzEtMCsG
A1UECwwkODFlZWIxZWQtYTM5ZC00YTgzLWI0ZWEtOGE5NGVjNTI1ZWVhMS0wKwYD
VQQKDCQxNDUzZTcxZS0wNjIzLTQ2ZWMtOTRhNS0yYjRhZTcxNjIxOWExCjAIBgNV
BAUTATEwggEiMA0GCSqGSIb3DQEBAQUAA4IBDwAwggEKAoIBAQCnUMheB92WjSzQ
rUz93BbkFGeY465Bfa2oZgtsDZZjVEqATkS5T0grwS3rjDGP9jZTlRsKD0e55zfl
Y51lPisMotvol2TV+JFT4w/8VFKD6edfAK8naTWPjLgW7kZFx8Xyr0YDXPtobAQA
53UVpwrh/X+1BUk3FfYq4Ifo4BCb1lbv8vYTgM6WIh7OXwa3dx45sXUF6paN0jcL
C8fEps33t0jMK+F1BQXpCpfSV7v4CsE5QFj8S1U/atwqtZiXxodT2bSJMyOeFGlx
i7RR+NegT7ArrWADCJ1GiW0s1oPDfWGD8Xz0w1eKpxDq7kkGsaZJ8PObNikQUmIG
kOgGzAMrAgMBAAGjNDAyMA8GA1UdEwEB/wQFMAMBAf8wDgYDVR0PAQH/BAQDAgEG
MA8GA1UdEQQIMAaHBAoBAWcwDQYJKoZIhvcNAQELBQADggEBAFzAKbpUdfcm+3ie
o3w/Sd5KWt1tE2PJT39z5DNZqxbsewUBWdo8KgS0NYkmD3IdZu6oC4AvQ+fsijpV
61KtjtRTmGbHKNw3quxffl9WtlqKcTc8MM0kVO374aTXSCDXD9FiVEVPIK21k7Ze
bM6SktBbkIu8HgZ7PGhCS1HWpTbYKJpwUv0EYVBujtJGPInQUOq564tE/6AwSWFC
2CFxSu3dDAd+96tY8guqI9xujQMmDlUthB7kKvuHw/ycbcRyF2DV0XUQSvzL5dKf
9VNBz4IugI4iUdQgKPsqxRtoynQaOORypEiAN6jN0fGRLEVkKK3aCZPUiEvQCrWY
6r6mSBk=
-----END CERTIFICATE-----

2025-05-12 13:59:01,524 [main] INFO  utils.CertificateCodec (CertificateCodec.java:writeCertificate(239)) - Save certificate to /tmp/junit-14886674664454860871/scm-meta/scm/sub-ca/certs/certificate.crt
2025-05-12 13:59:01,524 [main] INFO  utils.CertificateCodec (CertificateCodec.java:writeCertificate(240)) - Certificate -----BEGIN CERTIFICATE-----
MIIDxTCCAq2gAwIBAgIBAjANBgkqhkiG9w0BAQsFADCBiDEcMBoGA1UEAwwTc2Nt
QHBrcnZtYmVyZnlocGI5dzEtMCsGA1UECwwkODFlZWIxZWQtYTM5ZC00YTgzLWI0
ZWEtOGE5NGVjNTI1ZWVhMS0wKwYDVQQKDCQxNDUzZTcxZS0wNjIzLTQ2ZWMtOTRh
NS0yYjRhZTcxNjIxOWExCjAIBgNVBAUTATEwHhcNMjUwNTEyMTM1OTAxWhcNMzAw
NjIwMTM1OTAxWjCBjDEgMB4GA1UEAwwXc2NtLXN1YkBwa3J2bWJlcmZ5aHBiOXcx
LTArBgNVBAsMJDgxZWViMWVkLWEzOWQtNGE4My1iNGVhLThhOTRlYzUyNWVlYTEt
MCsGA1UECgwkMTQ1M2U3MWUtMDYyMy00NmVjLTk0YTUtMmI0YWU3MTYyMTlhMQow
CAYDVQQFEwEyMIIBIjANBgkqhkiG9w0BAQEFAAOCAQ8AMIIBCgKCAQEAybZqme0O
NQE++KkXRYqrIier30vCOKyVAIXQEdaRBM4xf7QVQUAmcnB+lGPrzO4sOhA2cob8
8t1zdghKVNWPuRmbMb/NnwVYGhnPrBOiWZQiSPH/PP5FKpwWDCbsqFM9jdYdMLPQ
2o9bCMwbLUtG3xtX863BQoxZJms/DvwVptFzVACxeFrhvB8MvoDIM5ohnK9Am2ki
WQ9oP4aYijgTu9MOI84OqGnb77OAOjMKD/XLXMWDrZw/AIUKHmRN77HcEHTkuKKx
hzJMEm9ubb1CFq1StmIpdNb3xefrzuCCSNxFEufm4xFoqTsTsRc9bVViHjvHdJ1F
7En2Ai9crXRniQIDAQABozQwMjAOBgNVHQ8BAf8EBAMCAb4wDwYDVR0RBAgwBocE
CgEBZzAPBgNVHRMBAf8EBTADAQH/MA0GCSqGSIb3DQEBCwUAA4IBAQBDYeqvYZkR
tj5UM/sQqnEciJ15HHEfeQnp6i0OgYgIXwTRWg7JBD4CkghnQMqLQQG8Zo3S9T6Z
aW8OXEo/5M1CePc9N5MX4Xbi9SszX2Gk88iCJ/EmRm+jgWaDoEl9F0m7dNE5aMt9
iWwzUV+1m5DWYaGlWGirv7YXAIGUSp6RZgIQEp8RUj3NVeaZQzAKWdbheAe/NfnD
HU1HUXFf3lgXEb8UYza/Ai0xo7pHCes8A1jyG1Mkuvri1H7xagXpSHmWEKJgqc4N
hjMrHBucd2VEijoiV8wq1wWVjOAcWi186TDkvfIsGuXfS9IijW576smyGTVaLDBF
K+h8QV79eEhu
-----END CERTIFICATE-----

-----BEGIN CERTIFICATE-----
MIIDwTCCAqmgAwIBAgIBATANBgkqhkiG9w0BAQsFADCBiDEcMBoGA1UEAwwTc2Nt
QHBrcnZtYmVyZnlocGI5dzEtMCsGA1UECwwkODFlZWIxZWQtYTM5ZC00YTgzLWI0
ZWEtOGE5NGVjNTI1ZWVhMS0wKwYDVQQKDCQxNDUzZTcxZS0wNjIzLTQ2ZWMtOTRh
NS0yYjRhZTcxNjIxOWExCjAIBgNVBAUTATEwHhcNMjUwNTEyMTM1OTAxWhcNMzAw
NjIwMTM1OTAxWjCBiDEcMBoGA1UEAwwTc2NtQHBrcnZtYmVyZnlocGI5dzEtMCsG
A1UECwwkODFlZWIxZWQtYTM5ZC00YTgzLWI0ZWEtOGE5NGVjNTI1ZWVhMS0wKwYD
VQQKDCQxNDUzZTcxZS0wNjIzLTQ2ZWMtOTRhNS0yYjRhZTcxNjIxOWExCjAIBgNV
BAUTATEwggEiMA0GCSqGSIb3DQEBAQUAA4IBDwAwggEKAoIBAQCnUMheB92WjSzQ
rUz93BbkFGeY465Bfa2oZgtsDZZjVEqATkS5T0grwS3rjDGP9jZTlRsKD0e55zfl
Y51lPisMotvol2TV+JFT4w/8VFKD6edfAK8naTWPjLgW7kZFx8Xyr0YDXPtobAQA
53UVpwrh/X+1BUk3FfYq4Ifo4BCb1lbv8vYTgM6WIh7OXwa3dx45sXUF6paN0jcL
C8fEps33t0jMK+F1BQXpCpfSV7v4CsE5QFj8S1U/atwqtZiXxodT2bSJMyOeFGlx
i7RR+NegT7ArrWADCJ1GiW0s1oPDfWGD8Xz0w1eKpxDq7kkGsaZJ8PObNikQUmIG
kOgGzAMrAgMBAAGjNDAyMA8GA1UdEwEB/wQFMAMBAf8wDgYDVR0PAQH/BAQDAgEG
MA8GA1UdEQQIMAaHBAoBAWcwDQYJKoZIhvcNAQELBQADggEBAFzAKbpUdfcm+3ie
o3w/Sd5KWt1tE2PJT39z5DNZqxbsewUBWdo8KgS0NYkmD3IdZu6oC4AvQ+fsijpV
61KtjtRTmGbHKNw3quxffl9WtlqKcTc8MM0kVO374aTXSCDXD9FiVEVPIK21k7Ze
bM6SktBbkIu8HgZ7PGhCS1HWpTbYKJpwUv0EYVBujtJGPInQUOq564tE/6AwSWFC
2CFxSu3dDAd+96tY8guqI9xujQMmDlUthB7kKvuHw/ycbcRyF2DV0XUQSvzL5dKf
9VNBz4IugI4iUdQgKPsqxRtoynQaOORypEiAN6jN0fGRLEVkKK3aCZPUiEvQCrWY
6r6mSBk=
-----END CERTIFICATE-----

2025-05-12 13:59:01,525 [main] INFO  client.SCMCertificateClient (SCMCertificateClient.java:recoverStateIfNeeded(289)) - Successfully stored SCM signed certificate.
2025-05-12 13:59:01,536 [main] INFO  ha.SCMHANodeDetails (SCMHANodeDetails.java:loadSCMHAConfig(162)) - ServiceID for StorageContainerManager is null
2025-05-12 13:59:01,537 [main] INFO  ha.SCMHANodeDetails (SCMHANodeDetails.java:loadSCMHAConfig(166)) - ozone.scm.default.service.id is not defined, falling back to ozone.scm.service.ids to find serviceID for StorageContainerManager if it is HA enabled cluster
2025-05-12 13:59:01,591 [main] INFO  server.RaftServerConfigKeys (ConfUtils.java:logGet(46)) - raft.server.log.appender.buffer.byte-limit = 4194304 (custom)
2025-05-12 13:59:01,609 [main] INFO  server.RaftServer (ConfUtils.java:logGet(46)) - raft.rpc.type = GRPC (default)
2025-05-12 13:59:01,660 [main] INFO  grpc.GrpcConfigKeys (ConfUtils.java:logFallback(53)) - raft.grpc.admin.host = null (fallback to raft.grpc.server.host)
2025-05-12 13:59:01,661 [main] INFO  grpc.GrpcConfigKeys (ConfUtils.java:logFallback(53)) - raft.grpc.admin.port = 15004 (fallback to raft.grpc.server.port)
2025-05-12 13:59:01,661 [main] INFO  grpc.GrpcConfigKeys (ConfUtils.java:logFallback(53)) - raft.grpc.client.host = null (fallback to raft.grpc.server.host)
2025-05-12 13:59:01,667 [main] INFO  grpc.GrpcConfigKeys (ConfUtils.java:logFallback(53)) - raft.grpc.client.port = 15004 (fallback to raft.grpc.server.port)
2025-05-12 13:59:01,668 [main] INFO  grpc.GrpcConfigKeys (ConfUtils.java:logGet(46)) - raft.grpc.server.host = null (default)
2025-05-12 13:59:01,668 [main] INFO  grpc.GrpcConfigKeys (ConfUtils.java:logGet(46)) - raft.grpc.server.port = 15004 (custom)
2025-05-12 13:59:01,670 [main] INFO  server.GrpcService (ConfUtils.java:logGet(46)) - raft.grpc.message.size.max = 5242880 (custom)
2025-05-12 13:59:01,670 [main] INFO  server.GrpcService (ConfUtils.java:logGet(46)) - raft.grpc.flow.control.window = 1MB (=1048576) (default)
2025-05-12 13:59:01,672 [main] INFO  server.RaftServerConfigKeys (ConfUtils.java:logGet(46)) - raft.server.rpc.request.timeout = 30000ms (custom)
2025-05-12 13:59:01,679 [main] INFO  grpc.GrpcConfigKeys (ConfUtils.java:logGet(46)) - raft.grpc.server.heartbeat.channel = true (default)
2025-05-12 13:59:01,679 [main] INFO  server.RaftServerConfigKeys (ConfUtils.java:logGet(46)) - raft.server.log.appender.buffer.byte-limit = 4194304 (custom)
2025-05-12 13:59:01,682 [main] INFO  grpc.GrpcConfigKeys (ConfUtils.java:logGet(46)) - raft.grpc.server.async.request.thread.pool.cached = true (default)
2025-05-12 13:59:01,682 [main] INFO  grpc.GrpcConfigKeys (ConfUtils.java:logGet(46)) - raft.grpc.server.async.request.thread.pool.size = 32 (default)
2025-05-12 13:59:01,833 [main] INFO  impl.DataStreamServerImpl (ConfUtils.java:logGet(46)) - raft.datastream.type = DISABLED (default)
2025-05-12 13:59:01,835 [main] INFO  server.RaftServerConfigKeys (ConfUtils.java:logGet(46)) - raft.server.sleep.deviation.threshold = 300ms (default)
2025-05-12 13:59:01,835 [main] INFO  server.RaftServerConfigKeys (ConfUtils.java:logGet(46)) - raft.server.close.threshold = 60s (default)
2025-05-12 13:59:01,835 [main] INFO  server.RaftServerConfigKeys (ConfUtils.java:logGet(46)) - raft.server.leaderelection.leader.step-down.wait-time = 10s (default)
2025-05-12 13:59:01,838 [main] INFO  server.RaftServerConfigKeys (ConfUtils.java:logGet(46)) - raft.server.storage.dir = [/tmp/junit-14886674664454860871/scm-meta/scm-ha] (custom)
2025-05-12 13:59:01,838 [main] INFO  server.RaftServerConfigKeys (ConfUtils.java:logGet(46)) - raft.server.threadpool.proxy.cached = true (default)
2025-05-12 13:59:01,839 [main] INFO  server.RaftServerConfigKeys (ConfUtils.java:logGet(46)) - raft.server.threadpool.proxy.size = 0 (default)
2025-05-12 13:59:01,844 [main] INFO  server.RaftServer (RaftServerProxy.java:addNew(100)) - 81eeb1ed-a39d-4a83-b4ea-8a94ec525eea: addNew group-2B4AE716219A:[81eeb1ed-a39d-4a83-b4ea-8a94ec525eea|pkrvmberfyhpb9w:15004] returns group-2B4AE716219A:java.util.concurrent.CompletableFuture@3b25709e[Not completed]
2025-05-12 13:59:01,855 [81eeb1ed-a39d-4a83-b4ea-8a94ec525eea-groupManagement] INFO  server.RaftServer$Division (RaftServerImpl.java:<init>(255)) - 81eeb1ed-a39d-4a83-b4ea-8a94ec525eea: new RaftServerImpl for group-2B4AE716219A:[81eeb1ed-a39d-4a83-b4ea-8a94ec525eea|pkrvmberfyhpb9w:15004] with SCMStateMachine:uninitialized
2025-05-12 13:59:01,856 [81eeb1ed-a39d-4a83-b4ea-8a94ec525eea-groupManagement] INFO  server.RaftServerConfigKeys (ConfUtils.java:logGet(46)) - raft.server.rpc.timeout.min = 5000ms (custom)
2025-05-12 13:59:01,857 [81eeb1ed-a39d-4a83-b4ea-8a94ec525eea-groupManagement] INFO  server.RaftServerConfigKeys (ConfUtils.java:logGet(46)) - raft.server.rpc.timeout.max = 5200ms (custom)
2025-05-12 13:59:01,857 [81eeb1ed-a39d-4a83-b4ea-8a94ec525eea-groupManagement] INFO  server.RaftServerConfigKeys (ConfUtils.java:logGet(46)) - raft.server.rpc.sleep.time = 25ms (default)
2025-05-12 13:59:01,857 [81eeb1ed-a39d-4a83-b4ea-8a94ec525eea-groupManagement] INFO  server.RaftServerConfigKeys (ConfUtils.java:logGet(46)) - raft.server.rpc.slowness.timeout = 120000ms (custom)
2025-05-12 13:59:01,857 [81eeb1ed-a39d-4a83-b4ea-8a94ec525eea-groupManagement] INFO  server.RaftServerConfigKeys (ConfUtils.java:logGet(46)) - raft.server.leaderelection.leader.step-down.wait-time = 10s (default)
2025-05-12 13:59:01,858 [81eeb1ed-a39d-4a83-b4ea-8a94ec525eea-groupManagement] INFO  server.RaftServerConfigKeys (ConfUtils.java:logGet(46)) - raft.server.leaderelection.member.majority-add = false (default)
2025-05-12 13:59:01,858 [81eeb1ed-a39d-4a83-b4ea-8a94ec525eea-groupManagement] INFO  server.RaftServerConfigKeys (ConfUtils.java:logGet(46)) - raft.server.sleep.deviation.threshold = 300ms (default)
2025-05-12 13:59:01,862 [81eeb1ed-a39d-4a83-b4ea-8a94ec525eea-groupManagement] INFO  server.RaftServer$Division (ServerState.java:<init>(114)) - 81eeb1ed-a39d-4a83-b4ea-8a94ec525eea@group-2B4AE716219A: ConfigurationManager, init=conf: {index: -1, cur=peers:[81eeb1ed-a39d-4a83-b4ea-8a94ec525eea|pkrvmberfyhpb9w:15004]|listeners:[], old=null}, confs=<EMPTY_MAP>
2025-05-12 13:59:01,866 [81eeb1ed-a39d-4a83-b4ea-8a94ec525eea-groupManagement] INFO  server.RaftServerConfigKeys (ConfUtils.java:logGet(46)) - raft.server.notification.no-leader.timeout = 60s (default)
2025-05-12 13:59:01,868 [81eeb1ed-a39d-4a83-b4ea-8a94ec525eea-groupManagement] INFO  server.RaftServerConfigKeys (ConfUtils.java:logGet(46)) - raft.server.read.timeout = 10s (default)
2025-05-12 13:59:01,870 [81eeb1ed-a39d-4a83-b4ea-8a94ec525eea-groupManagement] INFO  server.RaftServerConfigKeys (ConfUtils.java:logGet(46)) - raft.server.retrycache.expirytime = 60000ms (default)
2025-05-12 13:59:01,871 [81eeb1ed-a39d-4a83-b4ea-8a94ec525eea-groupManagement] INFO  server.RaftServerConfigKeys (ConfUtils.java:logGet(46)) - raft.server.retrycache.statistics.expirytime = 100ms (default)
2025-05-12 13:59:01,873 [81eeb1ed-a39d-4a83-b4ea-8a94ec525eea-groupManagement] INFO  server.RaftServerConfigKeys (ConfUtils.java:logGet(46)) - raft.server.read.option = DEFAULT (default)
2025-05-12 13:59:01,874 [81eeb1ed-a39d-4a83-b4ea-8a94ec525eea-groupManagement] INFO  server.RaftServerConfigKeys (ConfUtils.java:logGet(46)) - raft.server.read.read-after-write-consistent.write-index-cache.expiry-time = 60s (default)
2025-05-12 13:59:01,989 [81eeb1ed-a39d-4a83-b4ea-8a94ec525eea-groupManagement] INFO  server.RaftServerConfigKeys (ConfUtils.java:logGet(46)) - raft.server.rpc.request.timeout = 30000ms (custom)
2025-05-12 13:59:01,991 [81eeb1ed-a39d-4a83-b4ea-8a94ec525eea-groupManagement] INFO  server.RaftServerConfigKeys (ConfUtils.java:logGet(46)) - raft.server.log.appender.install.snapshot.enabled = false (custom)
2025-05-12 13:59:01,991 [81eeb1ed-a39d-4a83-b4ea-8a94ec525eea-groupManagement] INFO  server.RaftServerConfigKeys (ConfUtils.java:logGet(46)) - raft.server.threadpool.server.cached = true (default)
2025-05-12 13:59:01,991 [81eeb1ed-a39d-4a83-b4ea-8a94ec525eea-groupManagement] INFO  server.RaftServerConfigKeys (ConfUtils.java:logGet(46)) - raft.server.threadpool.server.size = 0 (default)
2025-05-12 13:59:01,992 [81eeb1ed-a39d-4a83-b4ea-8a94ec525eea-groupManagement] INFO  server.RaftServerConfigKeys (ConfUtils.java:logGet(46)) - raft.server.threadpool.client.cached = true (default)
2025-05-12 13:59:01,992 [81eeb1ed-a39d-4a83-b4ea-8a94ec525eea-groupManagement] INFO  server.RaftServerConfigKeys (ConfUtils.java:logGet(46)) - raft.server.threadpool.client.size = 0 (default)
2025-05-12 13:59:01,993 [81eeb1ed-a39d-4a83-b4ea-8a94ec525eea-impl-thread1] INFO  server.RaftServerConfigKeys (ConfUtils.java:logGet(46)) - raft.server.storage.free-space.min = 0MB (=0) (default)
2025-05-12 13:59:01,995 [81eeb1ed-a39d-4a83-b4ea-8a94ec525eea-impl-thread1] INFO  server.RaftServerConfigKeys (ConfUtils.java:logGet(46)) - raft.server.log.corruption.policy = EXCEPTION (default)
2025-05-12 13:59:01,995 [81eeb1ed-a39d-4a83-b4ea-8a94ec525eea-impl-thread1] INFO  server.RaftServerConfigKeys (ConfUtils.java:logGet(46)) - raft.server.storage.dir = [/tmp/junit-14886674664454860871/scm-meta/scm-ha] (custom)
2025-05-12 13:59:02,000 [81eeb1ed-a39d-4a83-b4ea-8a94ec525eea-impl-thread1] INFO  storage.RaftStorageDirectory (RaftStorageDirectoryImpl.java:analyzeStorage(138)) - The storage directory /tmp/junit-14886674664454860871/scm-meta/scm-ha/1453e71e-0623-46ec-94a5-2b4ae716219a does not exist. Creating ...
2025-05-12 13:59:02,002 [81eeb1ed-a39d-4a83-b4ea-8a94ec525eea-impl-thread1] INFO  storage.RaftStorageDirectory (RaftStorageDirectoryImpl.java:tryLock(229)) - Lock on /tmp/junit-14886674664454860871/scm-meta/scm-ha/1453e71e-0623-46ec-94a5-2b4ae716219a/in_use.lock acquired by nodename 14437@pkrvmberfyhpb9w
2025-05-12 13:59:02,006 [81eeb1ed-a39d-4a83-b4ea-8a94ec525eea-impl-thread1] INFO  storage.RaftStorage (RaftStorageImpl.java:format(98)) - Storage directory /tmp/junit-14886674664454860871/scm-meta/scm-ha/1453e71e-0623-46ec-94a5-2b4ae716219a has been successfully formatted.
2025-05-12 13:59:02,007 [81eeb1ed-a39d-4a83-b4ea-8a94ec525eea-impl-thread1] INFO  ha.SCMStateMachine (SCMStateMachine.java:lambda$initialize$0(135)) - 81eeb1ed-a39d-4a83-b4ea-8a94ec525eea: initialize group-2B4AE716219A
2025-05-12 13:59:02,008 [81eeb1ed-a39d-4a83-b4ea-8a94ec525eea-impl-thread1] INFO  server.RaftServerConfigKeys (ConfUtils.java:logGet(46)) - raft.server.log.use.memory = false (default)
2025-05-12 13:59:02,013 [81eeb1ed-a39d-4a83-b4ea-8a94ec525eea-impl-thread1] INFO  server.RaftServerConfigKeys (ConfUtils.java:logGet(46)) - raft.server.log.purge.gap = 1000000 (custom)
2025-05-12 13:59:02,013 [81eeb1ed-a39d-4a83-b4ea-8a94ec525eea-impl-thread1] INFO  server.RaftServerConfigKeys (ConfUtils.java:logGet(46)) - raft.server.log.appender.buffer.byte-limit = 4194304 (custom)
2025-05-12 13:59:02,014 [81eeb1ed-a39d-4a83-b4ea-8a94ec525eea-impl-thread1] INFO  server.RaftServerConfigKeys (ConfUtils.java:logGet(46)) - raft.server.log.statemachine.data.read.timeout = 1000ms (default)
2025-05-12 13:59:02,015 [81eeb1ed-a39d-4a83-b4ea-8a94ec525eea-impl-thread1] INFO  server.RaftServerConfigKeys (ConfUtils.java:logGet(46)) - raft.server.log.purge.preservation.log.num = 0 (default)
2025-05-12 13:59:02,018 [81eeb1ed-a39d-4a83-b4ea-8a94ec525eea-impl-thread1] INFO  server.RaftServerConfigKeys (ConfUtils.java:logGet(46)) - raft.server.log.segment.size.max = 4194304 (custom)
2025-05-12 13:59:02,021 [81eeb1ed-a39d-4a83-b4ea-8a94ec525eea-impl-thread1] INFO  server.RaftServerConfigKeys (ConfUtils.java:logGet(46)) - raft.server.log.segment.cache.num.max = 2 (custom)
2025-05-12 13:59:02,021 [81eeb1ed-a39d-4a83-b4ea-8a94ec525eea-impl-thread1] INFO  server.RaftServerConfigKeys (ConfUtils.java:logGet(46)) - raft.server.log.segment.cache.size.max = 200MB (=209715200) (default)
2025-05-12 13:59:02,022 [81eeb1ed-a39d-4a83-b4ea-8a94ec525eea-impl-thread1] INFO  server.RaftServerConfigKeys (ConfUtils.java:logGet(46)) - raft.server.log.appender.buffer.byte-limit = 4194304 (custom)
2025-05-12 13:59:02,023 [81eeb1ed-a39d-4a83-b4ea-8a94ec525eea-impl-thread1] INFO  util.AwaitToRun (AwaitToRun.java:start(81)) - Thread[#40,81eeb1ed-a39d-4a83-b4ea-8a94ec525eea@group-2B4AE716219A-cacheEviction-AwaitToRun,5,main] started
2025-05-12 13:59:02,026 [81eeb1ed-a39d-4a83-b4ea-8a94ec525eea-impl-thread1] INFO  segmented.SegmentedRaftLogWorker (SegmentedRaftLogWorker.java:<init>(188)) - new 81eeb1ed-a39d-4a83-b4ea-8a94ec525eea@group-2B4AE716219A-SegmentedRaftLogWorker for RaftStorageImpl:Storage Directory /tmp/junit-14886674664454860871/scm-meta/scm-ha/1453e71e-0623-46ec-94a5-2b4ae716219a
2025-05-12 13:59:02,026 [81eeb1ed-a39d-4a83-b4ea-8a94ec525eea-impl-thread1] INFO  server.RaftServerConfigKeys (ConfUtils.java:logGet(46)) - raft.server.log.queue.byte-limit = 64MB (=67108864) (default)
2025-05-12 13:59:02,027 [81eeb1ed-a39d-4a83-b4ea-8a94ec525eea-impl-thread1] INFO  server.RaftServerConfigKeys (ConfUtils.java:logGet(46)) - raft.server.log.queue.element-limit = 4096 (default)
2025-05-12 13:59:02,028 [81eeb1ed-a39d-4a83-b4ea-8a94ec525eea-impl-thread1] INFO  server.RaftServerConfigKeys (ConfUtils.java:logGet(46)) - raft.server.log.segment.size.max = 4194304 (custom)
2025-05-12 13:59:02,028 [81eeb1ed-a39d-4a83-b4ea-8a94ec525eea-impl-thread1] INFO  server.RaftServerConfigKeys (ConfUtils.java:logGet(46)) - raft.server.log.preallocated.size = 4194304 (custom)
2025-05-12 13:59:02,028 [81eeb1ed-a39d-4a83-b4ea-8a94ec525eea-impl-thread1] INFO  server.RaftServerConfigKeys (ConfUtils.java:logGet(46)) - raft.server.log.force.sync.num = 128 (default)
2025-05-12 13:59:02,029 [81eeb1ed-a39d-4a83-b4ea-8a94ec525eea-impl-thread1] INFO  server.RaftServerConfigKeys (ConfUtils.java:logGet(46)) - raft.server.log.statemachine.data.sync = true (default)
2025-05-12 13:59:02,029 [81eeb1ed-a39d-4a83-b4ea-8a94ec525eea-impl-thread1] INFO  server.RaftServerConfigKeys (ConfUtils.java:logGet(46)) - raft.server.log.statemachine.data.sync.timeout = 10s (default)
2025-05-12 13:59:02,030 [81eeb1ed-a39d-4a83-b4ea-8a94ec525eea-impl-thread1] INFO  server.RaftServerConfigKeys (ConfUtils.java:logGet(46)) - raft.server.log.statemachine.data.sync.timeout.retry = -1 (default)
2025-05-12 13:59:02,031 [81eeb1ed-a39d-4a83-b4ea-8a94ec525eea-impl-thread1] INFO  server.RaftServerConfigKeys (ConfUtils.java:logGet(46)) - raft.server.log.write.buffer.size = 4194312 (custom)
2025-05-12 13:59:02,032 [81eeb1ed-a39d-4a83-b4ea-8a94ec525eea-impl-thread1] INFO  server.RaftServerConfigKeys (ConfUtils.java:logGet(46)) - raft.server.log.appender.buffer.byte-limit = 4194304 (custom)
2025-05-12 13:59:02,032 [81eeb1ed-a39d-4a83-b4ea-8a94ec525eea-impl-thread1] INFO  server.RaftServerConfigKeys (ConfUtils.java:logGet(46)) - raft.server.log.unsafe-flush.enabled = false (default)
2025-05-12 13:59:02,032 [81eeb1ed-a39d-4a83-b4ea-8a94ec525eea-impl-thread1] INFO  server.RaftServerConfigKeys (ConfUtils.java:logGet(46)) - raft.server.log.async-flush.enabled = false (default)
2025-05-12 13:59:02,033 [81eeb1ed-a39d-4a83-b4ea-8a94ec525eea-impl-thread1] INFO  server.RaftServerConfigKeys (ConfUtils.java:logGet(46)) - raft.server.log.statemachine.data.caching.enabled = false (default)
2025-05-12 13:59:02,036 [81eeb1ed-a39d-4a83-b4ea-8a94ec525eea-impl-thread1] INFO  segmented.SegmentedRaftLogWorker (SegmentedRaftLogWorker.java:lambda$new$0(139)) - 81eeb1ed-a39d-4a83-b4ea-8a94ec525eea@group-2B4AE716219A-SegmentedRaftLogWorker: flushIndex: setUnconditionally 0 -> -1
2025-05-12 13:59:02,037 [81eeb1ed-a39d-4a83-b4ea-8a94ec525eea-impl-thread1] INFO  segmented.SegmentedRaftLogWorker (SegmentedRaftLogWorker.java:lambda$new$0(139)) - 81eeb1ed-a39d-4a83-b4ea-8a94ec525eea@group-2B4AE716219A-SegmentedRaftLogWorker: safeCacheEvictIndex: setUnconditionally 0 -> -1
2025-05-12 13:59:02,038 [81eeb1ed-a39d-4a83-b4ea-8a94ec525eea-impl-thread1] INFO  server.RaftServer$Division (RaftServerImpl.java:start(391)) - 81eeb1ed-a39d-4a83-b4ea-8a94ec525eea@group-2B4AE716219A: start as a follower, conf=conf: {index: -1, cur=peers:[81eeb1ed-a39d-4a83-b4ea-8a94ec525eea|pkrvmberfyhpb9w:15004]|listeners:[], old=null}
2025-05-12 13:59:02,038 [81eeb1ed-a39d-4a83-b4ea-8a94ec525eea-impl-thread1] INFO  server.RaftServer$Division (RaftServerImpl.java:setRole(378)) - 81eeb1ed-a39d-4a83-b4ea-8a94ec525eea@group-2B4AE716219A: changes role from      null to FOLLOWER at term 0 for startAsFollower
2025-05-12 13:59:02,039 [81eeb1ed-a39d-4a83-b4ea-8a94ec525eea-impl-thread1] INFO  impl.RoleInfo (RoleInfo.java:updateAndGet(148)) - 81eeb1ed-a39d-4a83-b4ea-8a94ec525eea: start 81eeb1ed-a39d-4a83-b4ea-8a94ec525eea@group-2B4AE716219A-FollowerState
2025-05-12 13:59:02,040 [81eeb1ed-a39d-4a83-b4ea-8a94ec525eea@group-2B4AE716219A-FollowerState] INFO  server.RaftServerConfigKeys (ConfUtils.java:logFallback(53)) - raft.server.rpc.first-election.timeout.min = 5000ms (fallback to raft.server.rpc.timeout.min)
2025-05-12 13:59:02,040 [81eeb1ed-a39d-4a83-b4ea-8a94ec525eea@group-2B4AE716219A-FollowerState] INFO  server.RaftServerConfigKeys (ConfUtils.java:logFallback(53)) - raft.server.rpc.first-election.timeout.max = 5200ms (fallback to raft.server.rpc.timeout.max)
2025-05-12 13:59:02,041 [81eeb1ed-a39d-4a83-b4ea-8a94ec525eea-impl-thread1] INFO  util.JmxRegister (JmxRegister.java:tryRegister(44)) - Successfully registered JMX Bean with object name Ratis:service=RaftServer,group=group-2B4AE716219A,id=81eeb1ed-a39d-4a83-b4ea-8a94ec525eea
2025-05-12 13:59:02,041 [81eeb1ed-a39d-4a83-b4ea-8a94ec525eea-impl-thread1] INFO  util.JmxRegister (JmxRegister.java:register(58)) - register mxBean class org.apache.ratis.server.impl.RaftServerJmxAdapter as Ratis:service=RaftServer,group=group-2B4AE716219A,id=81eeb1ed-a39d-4a83-b4ea-8a94ec525eea
2025-05-12 13:59:02,042 [81eeb1ed-a39d-4a83-b4ea-8a94ec525eea-impl-thread1] INFO  server.RaftServerConfigKeys (ConfUtils.java:logGet(46)) - raft.server.snapshot.trigger-when-stop.enabled = true (default)
2025-05-12 13:59:02,043 [81eeb1ed-a39d-4a83-b4ea-8a94ec525eea-impl-thread1] INFO  server.RaftServerConfigKeys (ConfUtils.java:logGet(46)) - raft.server.snapshot.trigger-when-remove.enabled = true (default)
2025-05-12 13:59:02,043 [81eeb1ed-a39d-4a83-b4ea-8a94ec525eea-impl-thread1] INFO  server.RaftServerConfigKeys (ConfUtils.java:logGet(46)) - raft.server.snapshot.auto.trigger.enabled = true (custom)
2025-05-12 13:59:02,043 [81eeb1ed-a39d-4a83-b4ea-8a94ec525eea-impl-thread1] INFO  server.RaftServerConfigKeys (ConfUtils.java:logGet(46)) - raft.server.snapshot.auto.trigger.threshold = 1000 (custom)
2025-05-12 13:59:02,043 [81eeb1ed-a39d-4a83-b4ea-8a94ec525eea-impl-thread1] INFO  server.RaftServerConfigKeys (ConfUtils.java:logGet(46)) - raft.server.snapshot.retention.file.num = -1 (default)
2025-05-12 13:59:02,044 [81eeb1ed-a39d-4a83-b4ea-8a94ec525eea-impl-thread1] INFO  server.RaftServerConfigKeys (ConfUtils.java:logGet(46)) - raft.server.log.purge.upto.snapshot.index = false (default)
2025-05-12 13:59:02,047 [81eeb1ed-a39d-4a83-b4ea-8a94ec525eea-impl-thread1] INFO  server.RaftServer$Division (RaftServerImpl.java:start(405)) - 81eeb1ed-a39d-4a83-b4ea-8a94ec525eea@group-2B4AE716219A: Successfully started.
2025-05-12 13:59:02,048 [main] INFO  server.RaftServer (RaftServerProxy.java:startImpl(407)) - 81eeb1ed-a39d-4a83-b4ea-8a94ec525eea: start RPC server
2025-05-12 13:59:02,074 [main] INFO  server.GrpcService (GrpcService.java:startImpl(334)) - 81eeb1ed-a39d-4a83-b4ea-8a94ec525eea: GrpcService started, listening on 15004
2025-05-12 13:59:02,076 [JvmPauseMonitor0] INFO  util.JvmPauseMonitor (JvmPauseMonitor.java:run(146)) - JvmPauseMonitor-81eeb1ed-a39d-4a83-b4ea-8a94ec525eea: Started
2025-05-12 13:59:07,113 [81eeb1ed-a39d-4a83-b4ea-8a94ec525eea@group-2B4AE716219A-FollowerState] INFO  impl.FollowerState (FollowerState.java:runImpl(161)) - 81eeb1ed-a39d-4a83-b4ea-8a94ec525eea@group-2B4AE716219A-FollowerState: change to CANDIDATE, lastRpcElapsedTime:5074139775ns, electionTimeout:5072ms
2025-05-12 13:59:07,114 [81eeb1ed-a39d-4a83-b4ea-8a94ec525eea@group-2B4AE716219A-FollowerState] INFO  impl.RoleInfo (RoleInfo.java:shutdownFollowerState(121)) - 81eeb1ed-a39d-4a83-b4ea-8a94ec525eea: shutdown 81eeb1ed-a39d-4a83-b4ea-8a94ec525eea@group-2B4AE716219A-FollowerState
2025-05-12 13:59:07,114 [81eeb1ed-a39d-4a83-b4ea-8a94ec525eea@group-2B4AE716219A-FollowerState] INFO  server.RaftServer$Division (RaftServerImpl.java:setRole(378)) - 81eeb1ed-a39d-4a83-b4ea-8a94ec525eea@group-2B4AE716219A: changes role from  FOLLOWER to CANDIDATE at term 0 for changeToCandidate
2025-05-12 13:59:07,116 [81eeb1ed-a39d-4a83-b4ea-8a94ec525eea@group-2B4AE716219A-FollowerState] INFO  server.RaftServerConfigKeys (ConfUtils.java:logGet(46)) - raft.server.leaderelection.pre-vote = true (default)
2025-05-12 13:59:07,116 [81eeb1ed-a39d-4a83-b4ea-8a94ec525eea@group-2B4AE716219A-FollowerState] INFO  impl.RoleInfo (RoleInfo.java:updateAndGet(148)) - 81eeb1ed-a39d-4a83-b4ea-8a94ec525eea: start 81eeb1ed-a39d-4a83-b4ea-8a94ec525eea@group-2B4AE716219A-LeaderElection1
2025-05-12 13:59:07,118 [81eeb1ed-a39d-4a83-b4ea-8a94ec525eea@group-2B4AE716219A-LeaderElection1] INFO  impl.LeaderElection (LeaderElection.java:askForVotes(332)) - 81eeb1ed-a39d-4a83-b4ea-8a94ec525eea@group-2B4AE716219A-LeaderElection1 PRE_VOTE round 0: submit vote requests at term 0 for conf: {index: -1, cur=peers:[81eeb1ed-a39d-4a83-b4ea-8a94ec525eea|pkrvmberfyhpb9w:15004]|listeners:[], old=null}
2025-05-12 13:59:07,118 [81eeb1ed-a39d-4a83-b4ea-8a94ec525eea@group-2B4AE716219A-LeaderElection1] INFO  impl.LeaderElection (LeaderElection.java:askForVotes(334)) - 81eeb1ed-a39d-4a83-b4ea-8a94ec525eea@group-2B4AE716219A-LeaderElection1 PRE_VOTE round 0: result PASSED (term=0)
2025-05-12 13:59:07,121 [81eeb1ed-a39d-4a83-b4ea-8a94ec525eea@group-2B4AE716219A-LeaderElection1] INFO  impl.LeaderElection (LeaderElection.java:askForVotes(332)) - 81eeb1ed-a39d-4a83-b4ea-8a94ec525eea@group-2B4AE716219A-LeaderElection1 ELECTION round 0: submit vote requests at term 1 for conf: {index: -1, cur=peers:[81eeb1ed-a39d-4a83-b4ea-8a94ec525eea|pkrvmberfyhpb9w:15004]|listeners:[], old=null}
2025-05-12 13:59:07,121 [81eeb1ed-a39d-4a83-b4ea-8a94ec525eea@group-2B4AE716219A-LeaderElection1] INFO  impl.LeaderElection (LeaderElection.java:askForVotes(334)) - 81eeb1ed-a39d-4a83-b4ea-8a94ec525eea@group-2B4AE716219A-LeaderElection1 ELECTION round 0: result PASSED (term=1)
2025-05-12 13:59:07,121 [81eeb1ed-a39d-4a83-b4ea-8a94ec525eea@group-2B4AE716219A-LeaderElection1] INFO  impl.RoleInfo (RoleInfo.java:shutdownLeaderElection(141)) - 81eeb1ed-a39d-4a83-b4ea-8a94ec525eea: shutdown 81eeb1ed-a39d-4a83-b4ea-8a94ec525eea@group-2B4AE716219A-LeaderElection1
2025-05-12 13:59:07,121 [81eeb1ed-a39d-4a83-b4ea-8a94ec525eea@group-2B4AE716219A-LeaderElection1] INFO  server.RaftServer$Division (RaftServerImpl.java:setRole(378)) - 81eeb1ed-a39d-4a83-b4ea-8a94ec525eea@group-2B4AE716219A: changes role from CANDIDATE to LEADER at term 1 for changeToLeader
2025-05-12 13:59:07,124 [81eeb1ed-a39d-4a83-b4ea-8a94ec525eea@group-2B4AE716219A-LeaderElection1] INFO  server.RaftServerConfigKeys (ConfUtils.java:logGet(46)) - raft.server.staging.catchup.gap = 1000 (default)
2025-05-12 13:59:07,126 [81eeb1ed-a39d-4a83-b4ea-8a94ec525eea@group-2B4AE716219A-LeaderElection1] INFO  server.RaftServerConfigKeys (ConfUtils.java:logGet(46)) - raft.server.write.element-limit = 4096 (default)
2025-05-12 13:59:07,127 [81eeb1ed-a39d-4a83-b4ea-8a94ec525eea@group-2B4AE716219A-LeaderElection1] INFO  server.RaftServerConfigKeys (ConfUtils.java:logGet(46)) - raft.server.write.byte-limit = 64MB (=67108864) (default)
2025-05-12 13:59:07,129 [81eeb1ed-a39d-4a83-b4ea-8a94ec525eea@group-2B4AE716219A-LeaderElection1] INFO  server.RaftServerConfigKeys (ConfUtils.java:logGet(46)) - raft.server.watch.timeout = 10s (default)
2025-05-12 13:59:07,129 [81eeb1ed-a39d-4a83-b4ea-8a94ec525eea@group-2B4AE716219A-LeaderElection1] INFO  server.RaftServerConfigKeys (ConfUtils.java:logGet(46)) - raft.server.watch.timeout.denomination = 1s (default)
2025-05-12 13:59:07,129 [81eeb1ed-a39d-4a83-b4ea-8a94ec525eea@group-2B4AE716219A-LeaderElection1] INFO  server.RaftServerConfigKeys (ConfUtils.java:logGet(46)) - raft.server.watch.element-limit = 65536 (default)
2025-05-12 13:59:07,134 [81eeb1ed-a39d-4a83-b4ea-8a94ec525eea@group-2B4AE716219A-LeaderElection1] INFO  server.RaftServerConfigKeys (ConfUtils.java:logGet(46)) - raft.server.read.leader.lease.enabled = false (default)
2025-05-12 13:59:07,135 [81eeb1ed-a39d-4a83-b4ea-8a94ec525eea@group-2B4AE716219A-LeaderElection1] INFO  server.RaftServerConfigKeys (ConfUtils.java:logGet(46)) - raft.server.read.leader.lease.timeout.ratio = 0.9 (default)
2025-05-12 13:59:07,135 [81eeb1ed-a39d-4a83-b4ea-8a94ec525eea@group-2B4AE716219A-LeaderElection1] INFO  server.RaftServerConfigKeys (ConfUtils.java:logGet(46)) - raft.server.rpc.timeout.min = 5000ms (custom)
2025-05-12 13:59:07,135 [81eeb1ed-a39d-4a83-b4ea-8a94ec525eea@group-2B4AE716219A-LeaderElection1] INFO  server.RaftServerConfigKeys (ConfUtils.java:logGet(46)) - raft.server.log.log-metadata.enabled = true (default)
2025-05-12 13:59:07,136 [81eeb1ed-a39d-4a83-b4ea-8a94ec525eea@group-2B4AE716219A-LeaderElection1] INFO  server.RaftServerConfigKeys (ConfUtils.java:logGet(46)) - raft.server.write.element-limit = 4096 (default)
2025-05-12 13:59:07,136 [81eeb1ed-a39d-4a83-b4ea-8a94ec525eea@group-2B4AE716219A-LeaderElection1] INFO  server.RaftServerConfigKeys (ConfUtils.java:logGet(46)) - raft.server.write.follower.gap.ratio.max = -1.0 (default)
2025-05-12 13:59:07,137 [81eeb1ed-a39d-4a83-b4ea-8a94ec525eea@group-2B4AE716219A-LeaderElection1] INFO  impl.RoleInfo (RoleInfo.java:updateAndGet(148)) - 81eeb1ed-a39d-4a83-b4ea-8a94ec525eea: start 81eeb1ed-a39d-4a83-b4ea-8a94ec525eea@group-2B4AE716219A-LeaderStateImpl
2025-05-12 13:59:07,137 [81eeb1ed-a39d-4a83-b4ea-8a94ec525eea@group-2B4AE716219A-LeaderElection1] INFO  server.RaftServer$Division (RaftServerImpl.java:setFirstElection(562)) - 81eeb1ed-a39d-4a83-b4ea-8a94ec525eea@group-2B4AE716219A: set firstElectionSinceStartup to false for becomeLeader
2025-05-12 13:59:07,137 [81eeb1ed-a39d-4a83-b4ea-8a94ec525eea@group-2B4AE716219A-LeaderElection1] INFO  server.RaftServer$Division (ServerState.java:setLeader(272)) - 81eeb1ed-a39d-4a83-b4ea-8a94ec525eea@group-2B4AE716219A: change Leader from null to 81eeb1ed-a39d-4a83-b4ea-8a94ec525eea at term 1 for becomeLeader, leader elected after 5271ms
2025-05-12 13:59:07,149 [81eeb1ed-a39d-4a83-b4ea-8a94ec525eea@group-2B4AE716219A-LeaderElection1] INFO  segmented.SegmentedRaftLogWorker (SegmentedRaftLogWorker.java:startLogSegment(438)) - 81eeb1ed-a39d-4a83-b4ea-8a94ec525eea@group-2B4AE716219A-SegmentedRaftLogWorker: Starting segment from index:0
2025-05-12 13:59:07,162 [81eeb1ed-a39d-4a83-b4ea-8a94ec525eea@group-2B4AE716219A-LeaderElection1] INFO  server.RaftServer$Division (ServerState.java:setRaftConf(386)) - 81eeb1ed-a39d-4a83-b4ea-8a94ec525eea@group-2B4AE716219A: set configuration conf: {index: 0, cur=peers:[81eeb1ed-a39d-4a83-b4ea-8a94ec525eea|pkrvmberfyhpb9w:15004]|listeners:[], old=null}
2025-05-12 13:59:07,175 [81eeb1ed-a39d-4a83-b4ea-8a94ec525eea@group-2B4AE716219A-SegmentedRaftLogWorker] INFO  segmented.BufferedWriteChannel (BufferedWriteChannel.java:open(61)) - open log_inprogress_0 at position 0
2025-05-12 13:59:07,181 [81eeb1ed-a39d-4a83-b4ea-8a94ec525eea@group-2B4AE716219A-SegmentedRaftLogWorker] INFO  segmented.SegmentedRaftLogWorker (SegmentedRaftLogWorker.java:execute(644)) - 81eeb1ed-a39d-4a83-b4ea-8a94ec525eea@group-2B4AE716219A-SegmentedRaftLogWorker: created new log segment /tmp/junit-14886674664454860871/scm-meta/scm-ha/1453e71e-0623-46ec-94a5-2b4ae716219a/current/log_inprogress_0
2025-05-12 13:59:07,189 [81eeb1ed-a39d-4a83-b4ea-8a94ec525eea@group-2B4AE716219A-StateMachineUpdater] INFO  server.RaftServer$Division (LeaderStateImpl.java:checkStartIndex(313)) - Leader 81eeb1ed-a39d-4a83-b4ea-8a94ec525eea@group-2B4AE716219A-LeaderStateImpl is ready since appliedIndex == startIndex == 0
2025-05-12 13:59:08,077 [main] INFO  server.RaftServer (RaftServerProxy.java:lambda$close$9(417)) - 81eeb1ed-a39d-4a83-b4ea-8a94ec525eea: close
2025-05-12 13:59:08,078 [81eeb1ed-a39d-4a83-b4ea-8a94ec525eea-impl-thread1] INFO  server.RaftServer$Division (RaftServerImpl.java:lambda$close$1(513)) - 81eeb1ed-a39d-4a83-b4ea-8a94ec525eea@group-2B4AE716219A: shutdown
2025-05-12 13:59:08,078 [main] INFO  server.GrpcService (GrpcService.java:closeImpl(343)) - 81eeb1ed-a39d-4a83-b4ea-8a94ec525eea: shutdown server GrpcServerProtocolService now
2025-05-12 13:59:08,078 [81eeb1ed-a39d-4a83-b4ea-8a94ec525eea-impl-thread1] INFO  util.JmxRegister (JmxRegister.java:unregister(74)) - Successfully un-registered JMX Bean with object name Ratis:service=RaftServer,group=group-2B4AE716219A,id=81eeb1ed-a39d-4a83-b4ea-8a94ec525eea
2025-05-12 13:59:08,078 [81eeb1ed-a39d-4a83-b4ea-8a94ec525eea-impl-thread1] INFO  impl.RoleInfo (RoleInfo.java:shutdownLeaderState(103)) - 81eeb1ed-a39d-4a83-b4ea-8a94ec525eea: shutdown 81eeb1ed-a39d-4a83-b4ea-8a94ec525eea@group-2B4AE716219A-LeaderStateImpl
2025-05-12 13:59:08,081 [81eeb1ed-a39d-4a83-b4ea-8a94ec525eea-impl-thread1] INFO  impl.PendingRequests (PendingRequests.java:sendNotLeaderResponses(287)) - 81eeb1ed-a39d-4a83-b4ea-8a94ec525eea@group-2B4AE716219A-PendingRequests: sendNotLeaderResponses
2025-05-12 13:59:08,083 [main] INFO  server.GrpcService (GrpcService.java:closeImpl(352)) - 81eeb1ed-a39d-4a83-b4ea-8a94ec525eea: shutdown server GrpcServerProtocolService successfully
2025-05-12 13:59:08,084 [81eeb1ed-a39d-4a83-b4ea-8a94ec525eea-impl-thread1] INFO  impl.StateMachineUpdater (StateMachineUpdater.java:stopAndJoin(164)) - 81eeb1ed-a39d-4a83-b4ea-8a94ec525eea@group-2B4AE716219A-StateMachineUpdater: set stopIndex = 0
2025-05-12 13:59:08,085 [81eeb1ed-a39d-4a83-b4ea-8a94ec525eea@group-2B4AE716219A-StateMachineUpdater] INFO  impl.StateMachineUpdater (StateMachineUpdater.java:takeSnapshot(303)) - 81eeb1ed-a39d-4a83-b4ea-8a94ec525eea@group-2B4AE716219A-StateMachineUpdater: Took a snapshot at index 0
2025-05-12 13:59:08,085 [81eeb1ed-a39d-4a83-b4ea-8a94ec525eea@group-2B4AE716219A-StateMachineUpdater] INFO  impl.StateMachineUpdater (StateMachineUpdater.java:lambda$new$0(102)) - 81eeb1ed-a39d-4a83-b4ea-8a94ec525eea@group-2B4AE716219A-StateMachineUpdater: snapshotIndex: updateIncreasingly -1 -> 0
2025-05-12 13:59:08,086 [81eeb1ed-a39d-4a83-b4ea-8a94ec525eea@group-2B4AE716219A-StateMachineUpdater] INFO  impl.StateMachineUpdater (StateMachineUpdater.java:stop(141)) - 81eeb1ed-a39d-4a83-b4ea-8a94ec525eea@group-2B4AE716219A-StateMachineUpdater: closing SCMStateMachine, lastApplied=(t:1, i:0)
2025-05-12 13:59:08,087 [81eeb1ed-a39d-4a83-b4ea-8a94ec525eea@group-2B4AE716219A-cacheEviction-AwaitToRun] INFO  util.AwaitToRun (AwaitToRun.java:run(49)) - 81eeb1ed-a39d-4a83-b4ea-8a94ec525eea@group-2B4AE716219A-cacheEviction-AwaitToRun-AwaitForSignal is interrupted
2025-05-12 13:59:08,185 [81eeb1ed-a39d-4a83-b4ea-8a94ec525eea-impl-thread1] INFO  segmented.SegmentedRaftLogWorker (SegmentedRaftLogWorker.java:close(252)) - 81eeb1ed-a39d-4a83-b4ea-8a94ec525eea@group-2B4AE716219A-SegmentedRaftLogWorker close()
2025-05-12 13:59:08,190 [JvmPauseMonitor0] INFO  util.JvmPauseMonitor (JvmPauseMonitor.java:run(152)) - JvmPauseMonitor-81eeb1ed-a39d-4a83-b4ea-8a94ec525eea: Stopped
2025-05-12 13:59:08,206 [main] WARN  server.ServerUtils (ServerUtils.java:getScmDbDir(138)) - ozone.scm.db.dirs is not configured. We recommend adding this setting. Falling back to ozone.metadata.dirs instead.
2025-05-12 13:59:08,207 [main] INFO  ha.SCMHANodeDetails (SCMHANodeDetails.java:loadSCMHAConfig(162)) - ServiceID for StorageContainerManager is null
2025-05-12 13:59:08,207 [main] INFO  ha.SCMHANodeDetails (SCMHANodeDetails.java:loadSCMHAConfig(166)) - ozone.scm.default.service.id is not defined, falling back to ozone.scm.service.ids to find serviceID for StorageContainerManager if it is HA enabled cluster
2025-05-12 13:59:08,384 [pool-2-thread-1] INFO  request.KdcRequest (KdcRequest.java:preauth(683)) - The preauth data is empty.
2025-05-12 13:59:08,387 [pool-2-thread-1] INFO  server.KdcHandler (KdcHandler.java:handleRecoverableException(177)) - KRB error occurred while processing request: Additional pre-authentication required
2025-05-12 13:59:08,401 [pool-2-thread-1] INFO  request.AsRequest (AsRequest.java:issueTicket(112)) - AS_REQ ISSUE: authtime 1747058348400,om/pkrvmberfyhpb9w.internal.cloudapp.net@EXAMPLE.COM for krbtgt/EXAMPLE.COM@EXAMPLE.COM
2025-05-12 13:59:08,406 [main] INFO  security.UserGroupInformation (UserGroupInformation.java:loginUserFromKeytab(1143)) - Login successful for user om/pkrvmberfyhpb9w.internal.cloudapp.net@EXAMPLE.COM using keytab file om.keytab. Keytab auto renewal enabled : false
2025-05-12 13:59:08,406 [main] INFO  server.StorageContainerManager (StorageContainerManager.java:loginAsSCMUserIfSecurityEnabled(1062)) - SCM login successful.
2025-05-12 13:59:08,410 [main] INFO  proxy.SCMSecurityProtocolFailoverProxyProvider (SCMFailoverProxyProviderBase.java:<init>(120)) - Created fail-over proxy for protocol SCMSecurityProtocolPB with 1 nodes: [nodeId=scmNodeId,nodeAddress=localhost/127.0.0.1:15003]
2025-05-12 13:59:08,559 [main] INFO  client.SCMCertificateClient (DefaultCertificateClient.java:updateCertSerialId(1289)) - Certificate serial ID set to 2
2025-05-12 13:59:08,562 [main] INFO  client.SCMCertificateClient (DefaultCertificateClient.java:readCertificateFile(247)) - Added certificate 2 from file: /tmp/junit-14886674664454860871/scm-meta/scm/sub-ca/certs/2.crt.
2025-05-12 13:59:08,563 [main] INFO  client.SCMCertificateClient (DefaultCertificateClient.java:readCertificateFile(247)) - Added certificate 1 from file: /tmp/junit-14886674664454860871/scm-meta/scm/sub-ca/certs/CA-1.crt.
2025-05-12 13:59:08,564 [main] INFO  client.SCMCertificateClient (DefaultCertificateClient.java:readCertificateFile(247)) - Added certificate 2 from file: /tmp/junit-14886674664454860871/scm-meta/scm/sub-ca/certs/certificate.crt.
2025-05-12 13:59:08,564 [main] INFO  client.SCMCertificateClient (DefaultCertificateClient.java:loadAllCertificates(196)) - CertificateRenewerService and root ca rotation polling is disabled for scm/sub-ca
2025-05-12 13:59:08,614 [main] WARN  utils.HAUtils (HAUtils.java:getMetaDir(311)) - ozone.scm.db.dirs is not configured. We recommend adding this setting. Falling back to ozone.metadata.dirs instead.
2025-05-12 13:59:08,715 [main] WARN  db.DBStoreBuilder (DBStoreBuilder.java:getDBDirPath(160)) - ozone.scm.db.dirs is not configured. We recommend adding this setting. Falling back to ozone.metadata.dirs instead.
2025-05-12 13:59:08,876 [main] INFO  net.NodeSchemaLoader (NodeSchemaLoader.java:loadSchemaFromFile(128)) - Loading schema from [jar:file:/home/runner/work/ozone/ozone/hadoop-hdds/common/target/hdds-common-2.1.0-SNAPSHOT.jar!/network-topology-default.xml]
2025-05-12 13:59:08,877 [main] INFO  net.NodeSchemaLoader (NodeSchemaLoader.java:loadSchema(175)) - Loading network topology layer schema file
2025-05-12 13:59:08,961 [main] INFO  ha.SCMRatisServerImpl (SCMRatisServerImpl.java:<init>(100)) - starting Raft server for scm:81eeb1ed-a39d-4a83-b4ea-8a94ec525eea
2025-05-12 13:59:08,962 [main] INFO  server.RaftServerConfigKeys (ConfUtils.java:logGet(46)) - raft.server.log.appender.buffer.byte-limit = 4194304 (custom)
2025-05-12 13:59:08,964 [main] INFO  server.RaftServer (ConfUtils.java:logGet(46)) - raft.rpc.type = GRPC (default)
2025-05-12 13:59:08,964 [main] INFO  grpc.GrpcConfigKeys (ConfUtils.java:logFallback(53)) - raft.grpc.admin.host = null (fallback to raft.grpc.server.host)
2025-05-12 13:59:08,964 [main] INFO  grpc.GrpcConfigKeys (ConfUtils.java:logFallback(53)) - raft.grpc.admin.port = 15004 (fallback to raft.grpc.server.port)
2025-05-12 13:59:08,965 [main] INFO  grpc.GrpcConfigKeys (ConfUtils.java:logFallback(53)) - raft.grpc.client.host = null (fallback to raft.grpc.server.host)
2025-05-12 13:59:08,965 [main] INFO  grpc.GrpcConfigKeys (ConfUtils.java:logFallback(53)) - raft.grpc.client.port = 15004 (fallback to raft.grpc.server.port)
2025-05-12 13:59:08,965 [main] INFO  grpc.GrpcConfigKeys (ConfUtils.java:logGet(46)) - raft.grpc.server.host = null (default)
2025-05-12 13:59:08,965 [main] INFO  grpc.GrpcConfigKeys (ConfUtils.java:logGet(46)) - raft.grpc.server.port = 15004 (custom)
2025-05-12 13:59:08,965 [main] INFO  server.GrpcService (ConfUtils.java:logGet(46)) - raft.grpc.message.size.max = 5242880 (custom)
2025-05-12 13:59:08,965 [main] INFO  server.GrpcService (ConfUtils.java:logGet(46)) - raft.grpc.flow.control.window = 1MB (=1048576) (default)
2025-05-12 13:59:08,966 [main] INFO  server.RaftServerConfigKeys (ConfUtils.java:logGet(46)) - raft.server.rpc.request.timeout = 30000ms (custom)
2025-05-12 13:59:08,966 [main] INFO  grpc.GrpcConfigKeys (ConfUtils.java:logGet(46)) - raft.grpc.server.heartbeat.channel = true (default)
2025-05-12 13:59:08,966 [main] INFO  server.RaftServerConfigKeys (ConfUtils.java:logGet(46)) - raft.server.log.appender.buffer.byte-limit = 4194304 (custom)
2025-05-12 13:59:08,966 [main] INFO  grpc.GrpcConfigKeys (ConfUtils.java:logGet(46)) - raft.grpc.server.async.request.thread.pool.cached = true (default)
2025-05-12 13:59:08,967 [main] INFO  grpc.GrpcConfigKeys (ConfUtils.java:logGet(46)) - raft.grpc.server.async.request.thread.pool.size = 32 (default)
2025-05-12 13:59:08,969 [main] INFO  impl.DataStreamServerImpl (ConfUtils.java:logGet(46)) - raft.datastream.type = DISABLED (default)
2025-05-12 13:59:08,969 [main] INFO  server.RaftServerConfigKeys (ConfUtils.java:logGet(46)) - raft.server.sleep.deviation.threshold = 300ms (default)
2025-05-12 13:59:08,970 [main] INFO  server.RaftServerConfigKeys (ConfUtils.java:logGet(46)) - raft.server.close.threshold = 60s (default)
2025-05-12 13:59:08,970 [main] INFO  server.RaftServerConfigKeys (ConfUtils.java:logGet(46)) - raft.server.leaderelection.leader.step-down.wait-time = 10s (default)
2025-05-12 13:59:08,970 [main] INFO  server.RaftServerConfigKeys (ConfUtils.java:logGet(46)) - raft.server.storage.dir = [/tmp/junit-14886674664454860871/scm-meta/scm-ha] (custom)
2025-05-12 13:59:08,970 [main] INFO  server.RaftServerConfigKeys (ConfUtils.java:logGet(46)) - raft.server.threadpool.proxy.cached = true (default)
2025-05-12 13:59:08,970 [main] INFO  server.RaftServerConfigKeys (ConfUtils.java:logGet(46)) - raft.server.threadpool.proxy.size = 0 (default)
2025-05-12 13:59:08,971 [81eeb1ed-a39d-4a83-b4ea-8a94ec525eea-impl-thread1] INFO  server.RaftServer (RaftServerProxy.java:initGroupDir(265)) - 81eeb1ed-a39d-4a83-b4ea-8a94ec525eea: found a subdirectory /tmp/junit-14886674664454860871/scm-meta/scm-ha/1453e71e-0623-46ec-94a5-2b4ae716219a
2025-05-12 13:59:08,972 [main] INFO  server.RaftServer (RaftServerProxy.java:addNew(100)) - 81eeb1ed-a39d-4a83-b4ea-8a94ec525eea: addNew group-2B4AE716219A:[] returns group-2B4AE716219A:java.util.concurrent.CompletableFuture@7022fb5c[Not completed]
2025-05-12 13:59:08,975 [81eeb1ed-a39d-4a83-b4ea-8a94ec525eea-groupManagement] INFO  server.RaftServer$Division (RaftServerImpl.java:<init>(255)) - 81eeb1ed-a39d-4a83-b4ea-8a94ec525eea: new RaftServerImpl for group-2B4AE716219A:[] with SCMStateMachine:uninitialized
2025-05-12 13:59:08,975 [81eeb1ed-a39d-4a83-b4ea-8a94ec525eea-groupManagement] INFO  server.RaftServerConfigKeys (ConfUtils.java:logGet(46)) - raft.server.rpc.timeout.min = 5000ms (custom)
2025-05-12 13:59:08,975 [81eeb1ed-a39d-4a83-b4ea-8a94ec525eea-groupManagement] INFO  server.RaftServerConfigKeys (ConfUtils.java:logGet(46)) - raft.server.rpc.timeout.max = 5200ms (custom)
2025-05-12 13:59:08,975 [81eeb1ed-a39d-4a83-b4ea-8a94ec525eea-groupManagement] INFO  server.RaftServerConfigKeys (ConfUtils.java:logGet(46)) - raft.server.rpc.sleep.time = 25ms (default)
2025-05-12 13:59:08,975 [81eeb1ed-a39d-4a83-b4ea-8a94ec525eea-groupManagement] INFO  server.RaftServerConfigKeys (ConfUtils.java:logGet(46)) - raft.server.rpc.slowness.timeout = 120000ms (custom)
2025-05-12 13:59:08,975 [81eeb1ed-a39d-4a83-b4ea-8a94ec525eea-groupManagement] INFO  server.RaftServerConfigKeys (ConfUtils.java:logGet(46)) - raft.server.leaderelection.leader.step-down.wait-time = 10s (default)
2025-05-12 13:59:08,975 [81eeb1ed-a39d-4a83-b4ea-8a94ec525eea-groupManagement] INFO  server.RaftServerConfigKeys (ConfUtils.java:logGet(46)) - raft.server.leaderelection.member.majority-add = false (default)
2025-05-12 13:59:08,976 [81eeb1ed-a39d-4a83-b4ea-8a94ec525eea-groupManagement] INFO  server.RaftServerConfigKeys (ConfUtils.java:logGet(46)) - raft.server.sleep.deviation.threshold = 300ms (default)
2025-05-12 13:59:08,976 [81eeb1ed-a39d-4a83-b4ea-8a94ec525eea-groupManagement] INFO  server.RaftServer$Division (ServerState.java:<init>(114)) - 81eeb1ed-a39d-4a83-b4ea-8a94ec525eea@group-2B4AE716219A: ConfigurationManager, init=conf: {index: -1, cur=peers:[]|listeners:[], old=null}, confs=<EMPTY_MAP>
2025-05-12 13:59:08,976 [81eeb1ed-a39d-4a83-b4ea-8a94ec525eea-groupManagement] INFO  server.RaftServerConfigKeys (ConfUtils.java:logGet(46)) - raft.server.notification.no-leader.timeout = 60s (default)
2025-05-12 13:59:08,976 [81eeb1ed-a39d-4a83-b4ea-8a94ec525eea-groupManagement] INFO  server.RaftServerConfigKeys (ConfUtils.java:logGet(46)) - raft.server.read.timeout = 10s (default)
2025-05-12 13:59:08,976 [81eeb1ed-a39d-4a83-b4ea-8a94ec525eea-groupManagement] INFO  server.RaftServerConfigKeys (ConfUtils.java:logGet(46)) - raft.server.retrycache.expirytime = 60000ms (default)
2025-05-12 13:59:08,976 [81eeb1ed-a39d-4a83-b4ea-8a94ec525eea-groupManagement] INFO  server.RaftServerConfigKeys (ConfUtils.java:logGet(46)) - raft.server.retrycache.statistics.expirytime = 100ms (default)
2025-05-12 13:59:08,977 [81eeb1ed-a39d-4a83-b4ea-8a94ec525eea-groupManagement] INFO  server.RaftServerConfigKeys (ConfUtils.java:logGet(46)) - raft.server.read.option = DEFAULT (default)
2025-05-12 13:59:08,977 [81eeb1ed-a39d-4a83-b4ea-8a94ec525eea-groupManagement] INFO  server.RaftServerConfigKeys (ConfUtils.java:logGet(46)) - raft.server.read.read-after-write-consistent.write-index-cache.expiry-time = 60s (default)
2025-05-12 13:59:08,984 [81eeb1ed-a39d-4a83-b4ea-8a94ec525eea-groupManagement] INFO  server.RaftServerConfigKeys (ConfUtils.java:logGet(46)) - raft.server.rpc.request.timeout = 30000ms (custom)
2025-05-12 13:59:08,984 [81eeb1ed-a39d-4a83-b4ea-8a94ec525eea-groupManagement] INFO  server.RaftServerConfigKeys (ConfUtils.java:logGet(46)) - raft.server.log.appender.install.snapshot.enabled = false (custom)
2025-05-12 13:59:08,984 [81eeb1ed-a39d-4a83-b4ea-8a94ec525eea-groupManagement] INFO  server.RaftServerConfigKeys (ConfUtils.java:logGet(46)) - raft.server.threadpool.server.cached = true (default)
2025-05-12 13:59:08,984 [81eeb1ed-a39d-4a83-b4ea-8a94ec525eea-groupManagement] INFO  server.RaftServerConfigKeys (ConfUtils.java:logGet(46)) - raft.server.threadpool.server.size = 0 (default)
2025-05-12 13:59:08,984 [81eeb1ed-a39d-4a83-b4ea-8a94ec525eea-groupManagement] INFO  server.RaftServerConfigKeys (ConfUtils.java:logGet(46)) - raft.server.threadpool.client.cached = true (default)
2025-05-12 13:59:08,985 [81eeb1ed-a39d-4a83-b4ea-8a94ec525eea-groupManagement] INFO  server.RaftServerConfigKeys (ConfUtils.java:logGet(46)) - raft.server.threadpool.client.size = 0 (default)
2025-05-12 13:59:08,986 [main] INFO  ha.SCMSnapshotProvider (SCMSnapshotProvider.java:<init>(61)) - Initializing SCM Snapshot Provider
2025-05-12 13:59:08,986 [main] WARN  server.ServerUtils (ServerUtils.java:getDefaultRatisDirectory(304)) - Storage directory for Ratis is not configured. It is a good idea to map this to an SSD disk. Falling back to ozone.metadata.dirs
2025-05-12 13:59:08,987 [main] WARN  ha.SCMHAUtils (SCMHAUtils.java:getSCMRatisSnapshotDirectory(120)) - SCM snapshot dir is not configured. Falling back to ozone.metadata.dirs config
2025-05-12 13:59:09,008 [main] INFO  upgrade.AbstractLayoutVersionManager (AbstractLayoutVersionManager.java:init(80)) - Initializing Layout version manager with metadata layout = HBASE_SUPPORT (version = 8), software layout = HBASE_SUPPORT (version = 8)
2025-05-12 13:59:09,027 [main] INFO  ha.SequenceIdGenerator (SequenceIdGenerator.java:upgradeToSequenceId(355)) - upgrade localId to 115816896921600000
2025-05-12 13:59:09,028 [main] INFO  ha.SequenceIdGenerator (SequenceIdGenerator.java:upgradeToSequenceId(365)) - upgrade delTxnId to 0
2025-05-12 13:59:09,032 [main] INFO  ha.SequenceIdGenerator (SequenceIdGenerator.java:upgradeToSequenceId(382)) - upgrade containerId to 0
2025-05-12 13:59:09,034 [main] INFO  ha.SequenceIdGenerator (SequenceIdGenerator.java:upgradeToCertificateSequenceId(419)) - upgrade CertificateId to 2
2025-05-12 13:59:09,036 [main] INFO  ha.SequenceIdGenerator (SequenceIdGenerator.java:<init>(232)) - Init the HA SequenceIdGenerator.
2025-05-12 13:59:09,068 [main] WARN  server.ServerUtils (ServerUtils.java:sanitizeUserArgs(76)) - ozone.scm.stale.node.interval value = 300000 is larger than max = 100000 based on the key value of ozone.scm.heartbeat.thread.interval, reset to the max value 100000.
2025-05-12 13:59:09,069 [main] WARN  server.ServerUtils (ServerUtils.java:sanitizeUserArgs(76)) - ozone.scm.stale.node.interval value = 300000 is larger than max = 100000 based on the key value of ozone.scm.heartbeat.thread.interval, reset to the max value 100000.
2025-05-12 13:59:09,072 [main] INFO  node.SCMNodeManager (SCMNodeManager.java:<init>(182)) - Entering startup safe mode.
2025-05-12 13:59:09,081 [main] INFO  algorithms.ContainerPlacementPolicyFactory (ContainerPlacementPolicyFactory.java:getPolicyInternal(84)) - Create container placement policy of type org.apache.hadoop.hdds.scm.container.placement.algorithms.SCMContainerPlacementRackAware
2025-05-12 13:59:09,085 [main] INFO  algorithms.ContainerPlacementPolicyFactory (ContainerPlacementPolicyFactory.java:getPolicyInternal(84)) - Create container placement policy of type org.apache.hadoop.hdds.scm.container.placement.algorithms.SCMContainerPlacementRackScatter
2025-05-12 13:59:09,090 [main] INFO  pipeline.PipelineStateManagerImpl (PipelineStateManagerImpl.java:initialize(75)) - No pipeline exists in current db
2025-05-12 13:59:09,099 [main] INFO  algorithms.LeaderChoosePolicyFactory (LeaderChoosePolicyFactory.java:getPolicy(55)) - Create leader choose policy of type org.apache.hadoop.hdds.scm.pipeline.leader.choose.algorithms.MinLeaderCountChoosePolicy
2025-05-12 13:59:09,100 [main] INFO  algorithms.ContainerPlacementPolicyFactory (ContainerPlacementPolicyFactory.java:getPolicyInternal(84)) - Create container placement policy of type org.apache.hadoop.hdds.scm.container.placement.algorithms.SCMContainerPlacementRackScatter
2025-05-12 13:59:09,105 [main] INFO  ha.SCMServiceManager (SCMServiceManager.java:register(42)) - Registering service BackgroundPipelineCreator.
2025-05-12 13:59:09,105 [main] INFO  pipeline.BackgroundPipelineCreator (BackgroundPipelineCreator.java:start(126)) - Starting RatisPipelineUtilsThread.
2025-05-12 13:59:09,107 [main] INFO  BackgroundPipelineScrubber (BackgroundSCMService.java:start(64)) - Starting BackgroundPipelineScrubber Service.
2025-05-12 13:59:09,107 [main] INFO  ha.SCMServiceManager (SCMServiceManager.java:register(42)) - Registering service BackgroundPipelineScrubber.
2025-05-12 13:59:09,111 [main] INFO  ExpiredContainerReplicaOpScrubber (BackgroundSCMService.java:start(64)) - Starting ExpiredContainerReplicaOpScrubber Service.
2025-05-12 13:59:09,112 [main] INFO  ha.SCMServiceManager (SCMServiceManager.java:register(42)) - Registering service ExpiredContainerReplicaOpScrubber.
2025-05-12 13:59:09,130 [main] INFO  algorithms.PipelineChoosePolicyFactory (PipelineChoosePolicyFactory.java:createPipelineChoosePolicyFromClass(78)) - Create pipeline choose policy of type org.apache.hadoop.hdds.scm.pipeline.choose.algorithms.RandomPipelineChoosePolicy
2025-05-12 13:59:09,130 [main] INFO  algorithms.PipelineChoosePolicyFactory (PipelineChoosePolicyFactory.java:createPipelineChoosePolicyFromClass(78)) - Create pipeline choose policy of type org.apache.hadoop.hdds.scm.pipeline.choose.algorithms.RandomPipelineChoosePolicy
2025-05-12 13:59:09,154 [main] INFO  ha.SCMServiceManager (SCMServiceManager.java:register(42)) - Registering service SCMBlockDeletingService.
2025-05-12 13:59:09,197 [main] INFO  replication.ReplicationManager (ReplicationManager.java:start(285)) - Starting Replication Monitor Thread.
2025-05-12 13:59:09,199 [main] INFO  ha.SCMServiceManager (SCMServiceManager.java:register(42)) - Registering service ReplicationManager.
2025-05-12 13:59:09,207 [main] INFO  safemode.RatisContainerSafeModeRule (RatisContainerSafeModeRule.java:initializeRule(160)) - Refreshed Containers with one replica threshold count 0.
2025-05-12 13:59:09,208 [main] INFO  safemode.ECContainerSafeModeRule (ECContainerSafeModeRule.java:initializeRule(205)) - Refreshed Containers with ec n replica threshold count 0.
2025-05-12 13:59:09,211 [main] INFO  safemode.HealthyPipelineSafeModeRule (HealthyPipelineSafeModeRule.java:initializeRule(177)) - Total pipeline count is 0, healthy pipeline threshold count is 0
2025-05-12 13:59:09,212 [main] INFO  safemode.OneReplicaPipelineSafeModeRule (OneReplicaPipelineSafeModeRule.java:initializeRule(190)) - Total pipeline count is 0, pipeline's with at least one datanode reported threshold count is 0
2025-05-12 13:59:09,243 [main] INFO  security.SecretKeyManagerService (SecretKeyManagerService.java:start(143)) - Scheduling rotation checker with interval PT10M
2025-05-12 13:59:09,243 [main] INFO  ha.SCMServiceManager (SCMServiceManager.java:register(42)) - Registering service SecretKeyManagerService.
2025-05-12 13:59:09,246 [main] INFO  keys.KeyStorage (KeyStorage.java:readPublicKey(174)) - Reading public key from /tmp/junit-14886674664454860871/scm-meta/scm/sub-ca/keys/public.pem.
2025-05-12 13:59:09,246 [main] INFO  keys.KeyStorage (KeyStorage.java:readPrivateKey(158)) - Reading private key from /tmp/junit-14886674664454860871/scm-meta/scm/sub-ca/keys/private.pem.
2025-05-12 13:59:09,247 [main] INFO  authority.DefaultCAServer (DefaultCAServer.java:lambda$processVerificationStatus$0(392)) - CertificateServer validation is successful
2025-05-12 13:59:09,247 [main] INFO  keys.KeyStorage (KeyStorage.java:readPublicKey(174)) - Reading public key from /tmp/junit-14886674664454860871/scm-meta/scm/ca/keys/public.pem.
2025-05-12 13:59:09,248 [main] INFO  keys.KeyStorage (KeyStorage.java:readPrivateKey(158)) - Reading private key from /tmp/junit-14886674664454860871/scm-meta/scm/ca/keys/private.pem.
2025-05-12 13:59:09,248 [main] INFO  authority.DefaultCAServer (DefaultCAServer.java:lambda$processVerificationStatus$0(392)) - CertificateServer validation is successful
2025-05-12 13:59:09,249 [main] INFO  server.StorageContainerManager (StorageContainerManager.java:persistPrimarySCMCerts(950)) - Storing sub-ca certificate serialId 2 on primary SCM
2025-05-12 13:59:09,258 [main] INFO  server.SCMCertStore (SCMCertStore.java:storeValidScmCertificate(96)) - Scm certificate 2 for CN=scm-sub@pkrvmberfyhpb9w,OU=81eeb1ed-a39d-4a83-b4ea-8a94ec525eea,O=1453e71e-0623-46ec-94a5-2b4ae716219a,SERIALNUMBER=2 is stored
2025-05-12 13:59:09,258 [main] INFO  server.StorageContainerManager (StorageContainerManager.java:persistPrimarySCMCerts(957)) - Storing root certificate serialId 1
2025-05-12 13:59:09,260 [main] INFO  server.SCMCertStore (SCMCertStore.java:storeValidScmCertificate(96)) - Scm certificate 1 for CN=scm@pkrvmberfyhpb9w,OU=81eeb1ed-a39d-4a83-b4ea-8a94ec525eea,O=1453e71e-0623-46ec-94a5-2b4ae716219a,SERIALNUMBER=1 is stored
2025-05-12 13:59:09,264 [main] INFO  ha.SequenceIdGenerator (SequenceIdGenerator.java:upgradeToCertificateSequenceId(419)) - upgrade CertificateId to 2
2025-05-12 13:59:09,277 [main] INFO  ipc.CallQueueManager (CallQueueManager.java:<init>(93)) - Using callQueue: class java.util.concurrent.LinkedBlockingQueue, queueCapacity: 200, scheduler: class org.apache.hadoop.ipc.DefaultRpcScheduler, ipcBackoff: false, ipcFailOver: false.
2025-05-12 13:59:09,298 [main] INFO  ipc.Server (Server.java:<init>(1438)) - Listener at 0.0.0.0:15003
2025-05-12 13:59:09,299 [Socket Reader #1 for port 15003] INFO  ipc.Server (Server.java:run(1474)) - Starting Socket Reader #1 for port 15003
2025-05-12 13:59:09,316 [main] INFO  server.StorageContainerManager (StorageContainerManager.java:<init>(430)) - SCM start with adminUsers: [runner, om]
2025-05-12 13:59:09,334 [main] INFO  audit.AuditLogger (AuditLogger.java:refreshDebugCmdSet(133)) - Refresh DebugCmdSet for SCMAudit to [].
2025-05-12 13:59:09,338 [main] INFO  ipc.CallQueueManager (CallQueueManager.java:<init>(93)) - Using callQueue: class java.util.concurrent.LinkedBlockingQueue, queueCapacity: 10000, scheduler: class org.apache.hadoop.ipc.DefaultRpcScheduler, ipcBackoff: false, ipcFailOver: false.
2025-05-12 13:59:09,338 [main] INFO  ipc.Server (Server.java:<init>(1438)) - Listener at 0.0.0.0:15001
2025-05-12 13:59:09,339 [Socket Reader #1 for port 15001] INFO  ipc.Server (Server.java:run(1474)) - Starting Socket Reader #1 for port 15001
2025-05-12 13:59:09,339 [Socket Reader #2 for port 15001] INFO  ipc.Server (Server.java:run(1474)) - Starting Socket Reader #2 for port 15001
2025-05-12 13:59:09,339 [Socket Reader #3 for port 15001] INFO  ipc.Server (Server.java:run(1474)) - Starting Socket Reader #3 for port 15001
2025-05-12 13:59:09,339 [Socket Reader #4 for port 15001] INFO  ipc.Server (Server.java:run(1474)) - Starting Socket Reader #4 for port 15001
2025-05-12 13:59:09,341 [Socket Reader #6 for port 15001] INFO  ipc.Server (Server.java:run(1474)) - Starting Socket Reader #6 for port 15001
2025-05-12 13:59:09,341 [Socket Reader #7 for port 15001] INFO  ipc.Server (Server.java:run(1474)) - Starting Socket Reader #7 for port 15001
2025-05-12 13:59:09,341 [Socket Reader #5 for port 15001] INFO  ipc.Server (Server.java:run(1474)) - Starting Socket Reader #5 for port 15001
2025-05-12 13:59:09,341 [Socket Reader #8 for port 15001] INFO  ipc.Server (Server.java:run(1474)) - Starting Socket Reader #8 for port 15001
2025-05-12 13:59:09,342 [Socket Reader #9 for port 15001] INFO  ipc.Server (Server.java:run(1474)) - Starting Socket Reader #9 for port 15001
2025-05-12 13:59:09,343 [Socket Reader #10 for port 15001] INFO  ipc.Server (Server.java:run(1474)) - Starting Socket Reader #10 for port 15001
2025-05-12 13:59:09,363 [main] INFO  audit.AuditLogger (AuditLogger.java:refreshDebugCmdSet(133)) - Refresh DebugCmdSet for SCMAudit to [].
2025-05-12 13:59:09,367 [main] INFO  ipc.CallQueueManager (CallQueueManager.java:<init>(93)) - Using callQueue: class java.util.concurrent.LinkedBlockingQueue, queueCapacity: 10000, scheduler: class org.apache.hadoop.ipc.DefaultRpcScheduler, ipcBackoff: false, ipcFailOver: false.
2025-05-12 13:59:09,368 [main] INFO  ipc.Server (Server.java:<init>(1438)) - Listener at 0.0.0.0:15002
2025-05-12 13:59:09,368 [Socket Reader #1 for port 15002] INFO  ipc.Server (Server.java:run(1474)) - Starting Socket Reader #1 for port 15002
2025-05-12 13:59:09,369 [Socket Reader #2 for port 15002] INFO  ipc.Server (Server.java:run(1474)) - Starting Socket Reader #2 for port 15002
2025-05-12 13:59:09,369 [Socket Reader #3 for port 15002] INFO  ipc.Server (Server.java:run(1474)) - Starting Socket Reader #3 for port 15002
2025-05-12 13:59:09,369 [Socket Reader #4 for port 15002] INFO  ipc.Server (Server.java:run(1474)) - Starting Socket Reader #4 for port 15002
2025-05-12 13:59:09,370 [Socket Reader #5 for port 15002] INFO  ipc.Server (Server.java:run(1474)) - Starting Socket Reader #5 for port 15002
2025-05-12 13:59:09,370 [Socket Reader #6 for port 15002] INFO  ipc.Server (Server.java:run(1474)) - Starting Socket Reader #6 for port 15002
2025-05-12 13:59:09,370 [Socket Reader #7 for port 15002] INFO  ipc.Server (Server.java:run(1474)) - Starting Socket Reader #7 for port 15002
2025-05-12 13:59:09,371 [Socket Reader #8 for port 15002] INFO  ipc.Server (Server.java:run(1474)) - Starting Socket Reader #8 for port 15002
2025-05-12 13:59:09,372 [Socket Reader #10 for port 15002] INFO  ipc.Server (Server.java:run(1474)) - Starting Socket Reader #10 for port 15002
2025-05-12 13:59:09,372 [Socket Reader #9 for port 15002] INFO  ipc.Server (Server.java:run(1474)) - Starting Socket Reader #9 for port 15002
2025-05-12 13:59:09,393 [main] INFO  audit.AuditLogger (AuditLogger.java:refreshDebugCmdSet(133)) - Refresh DebugCmdSet for SCMAudit to [].
2025-05-12 13:59:09,400 [main] INFO  ipc.CallQueueManager (CallQueueManager.java:<init>(93)) - Using callQueue: class java.util.concurrent.LinkedBlockingQueue, queueCapacity: 10000, scheduler: class org.apache.hadoop.ipc.DefaultRpcScheduler, ipcBackoff: false, ipcFailOver: false.
2025-05-12 13:59:09,401 [main] INFO  ipc.Server (Server.java:<init>(1438)) - Listener at 0.0.0.0:15000
2025-05-12 13:59:09,401 [Socket Reader #1 for port 15000] INFO  ipc.Server (Server.java:run(1474)) - Starting Socket Reader #1 for port 15000
2025-05-12 13:59:09,401 [Socket Reader #2 for port 15000] INFO  ipc.Server (Server.java:run(1474)) - Starting Socket Reader #2 for port 15000
2025-05-12 13:59:09,402 [Socket Reader #3 for port 15000] INFO  ipc.Server (Server.java:run(1474)) - Starting Socket Reader #3 for port 15000
2025-05-12 13:59:09,403 [Socket Reader #4 for port 15000] INFO  ipc.Server (Server.java:run(1474)) - Starting Socket Reader #4 for port 15000
2025-05-12 13:59:09,403 [Socket Reader #5 for port 15000] INFO  ipc.Server (Server.java:run(1474)) - Starting Socket Reader #5 for port 15000
2025-05-12 13:59:09,403 [Socket Reader #6 for port 15000] INFO  ipc.Server (Server.java:run(1474)) - Starting Socket Reader #6 for port 15000
2025-05-12 13:59:09,404 [Socket Reader #8 for port 15000] INFO  ipc.Server (Server.java:run(1474)) - Starting Socket Reader #8 for port 15000
2025-05-12 13:59:09,404 [Socket Reader #9 for port 15000] INFO  ipc.Server (Server.java:run(1474)) - Starting Socket Reader #9 for port 15000
2025-05-12 13:59:09,405 [Socket Reader #10 for port 15000] INFO  ipc.Server (Server.java:run(1474)) - Starting Socket Reader #10 for port 15000
2025-05-12 13:59:09,407 [Socket Reader #7 for port 15000] INFO  ipc.Server (Server.java:run(1474)) - Starting Socket Reader #7 for port 15000
2025-05-12 13:59:09,439 [main] INFO  ha.SCMServiceManager (SCMServiceManager.java:register(42)) - Registering service ContainerBalancer.
2025-05-12 13:59:09,440 [main] INFO  ha.SCMContext (SCMContext.java:updateSafeModeStatus(224)) - Update SafeModeStatus from SafeModeStatus{safeModeStatus=true, preCheckPassed=false} to SafeModeStatus{safeModeStatus=true, preCheckPassed=false}.
2025-05-12 13:59:09,447 [main] INFO  server.StorageContainerManager (StorageContainerManager.java:start(1507)) - StorageContainerLocationProtocol RPC server is listening at /0.0.0.0:15000
2025-05-12 13:59:09,448 [main] INFO  ha.SCMRatisServerImpl (SCMRatisServerImpl.java:start(203)) - starting ratis server 0.0.0.0:15004
2025-05-12 13:59:09,448 [81eeb1ed-a39d-4a83-b4ea-8a94ec525eea-impl-thread1] INFO  server.RaftServerConfigKeys (ConfUtils.java:logGet(46)) - raft.server.storage.free-space.min = 0MB (=0) (default)
2025-05-12 13:59:09,448 [81eeb1ed-a39d-4a83-b4ea-8a94ec525eea-impl-thread1] INFO  server.RaftServerConfigKeys (ConfUtils.java:logGet(46)) - raft.server.log.corruption.policy = EXCEPTION (default)
2025-05-12 13:59:09,448 [81eeb1ed-a39d-4a83-b4ea-8a94ec525eea-impl-thread1] INFO  server.RaftServerConfigKeys (ConfUtils.java:logGet(46)) - raft.server.storage.dir = [/tmp/junit-14886674664454860871/scm-meta/scm-ha] (custom)
2025-05-12 13:59:09,449 [81eeb1ed-a39d-4a83-b4ea-8a94ec525eea-impl-thread1] INFO  storage.RaftStorageDirectory (RaftStorageDirectoryImpl.java:tryLock(229)) - Lock on /tmp/junit-14886674664454860871/scm-meta/scm-ha/1453e71e-0623-46ec-94a5-2b4ae716219a/in_use.lock acquired by nodename 14437@pkrvmberfyhpb9w
2025-05-12 13:59:09,451 [81eeb1ed-a39d-4a83-b4ea-8a94ec525eea-impl-thread1] INFO  storage.RaftStorage (RaftStorageImpl.java:analyzeAndRecoverStorage(118)) - Read RaftStorageMetadata{term=1, votedFor=81eeb1ed-a39d-4a83-b4ea-8a94ec525eea} from /tmp/junit-14886674664454860871/scm-meta/scm-ha/1453e71e-0623-46ec-94a5-2b4ae716219a/current/raft-meta
2025-05-12 13:59:09,453 [81eeb1ed-a39d-4a83-b4ea-8a94ec525eea-impl-thread1] INFO  server.RaftServer$Division (ServerState.java:setRaftConf(386)) - 81eeb1ed-a39d-4a83-b4ea-8a94ec525eea@group-2B4AE716219A: set configuration conf: {index: 0, cur=peers:[81eeb1ed-a39d-4a83-b4ea-8a94ec525eea|pkrvmberfyhpb9w:15004]|listeners:[], old=null}
2025-05-12 13:59:09,453 [81eeb1ed-a39d-4a83-b4ea-8a94ec525eea-impl-thread1] INFO  ha.SCMStateMachine (SCMStateMachine.java:lambda$initialize$0(135)) - 81eeb1ed-a39d-4a83-b4ea-8a94ec525eea: initialize group-2B4AE716219A
2025-05-12 13:59:09,453 [81eeb1ed-a39d-4a83-b4ea-8a94ec525eea-impl-thread1] INFO  server.RaftServerConfigKeys (ConfUtils.java:logGet(46)) - raft.server.log.use.memory = false (default)
2025-05-12 13:59:09,453 [81eeb1ed-a39d-4a83-b4ea-8a94ec525eea-impl-thread1] INFO  server.RaftServerConfigKeys (ConfUtils.java:logGet(46)) - raft.server.log.purge.gap = 1000000 (custom)
2025-05-12 13:59:09,453 [81eeb1ed-a39d-4a83-b4ea-8a94ec525eea-impl-thread1] INFO  server.RaftServerConfigKeys (ConfUtils.java:logGet(46)) - raft.server.log.appender.buffer.byte-limit = 4194304 (custom)
2025-05-12 13:59:09,453 [81eeb1ed-a39d-4a83-b4ea-8a94ec525eea-impl-thread1] INFO  server.RaftServerConfigKeys (ConfUtils.java:logGet(46)) - raft.server.log.statemachine.data.read.timeout = 1000ms (default)
2025-05-12 13:59:09,453 [81eeb1ed-a39d-4a83-b4ea-8a94ec525eea-impl-thread1] INFO  server.RaftServerConfigKeys (ConfUtils.java:logGet(46)) - raft.server.log.purge.preservation.log.num = 0 (default)
2025-05-12 13:59:09,455 [81eeb1ed-a39d-4a83-b4ea-8a94ec525eea-impl-thread1] INFO  server.RaftServerConfigKeys (ConfUtils.java:logGet(46)) - raft.server.log.segment.size.max = 4194304 (custom)
2025-05-12 13:59:09,455 [81eeb1ed-a39d-4a83-b4ea-8a94ec525eea-impl-thread1] INFO  server.RaftServerConfigKeys (ConfUtils.java:logGet(46)) - raft.server.log.segment.cache.num.max = 2 (custom)
2025-05-12 13:59:09,455 [81eeb1ed-a39d-4a83-b4ea-8a94ec525eea-impl-thread1] INFO  server.RaftServerConfigKeys (ConfUtils.java:logGet(46)) - raft.server.log.segment.cache.size.max = 200MB (=209715200) (default)
2025-05-12 13:59:09,456 [81eeb1ed-a39d-4a83-b4ea-8a94ec525eea-impl-thread1] INFO  server.RaftServerConfigKeys (ConfUtils.java:logGet(46)) - raft.server.log.appender.buffer.byte-limit = 4194304 (custom)
2025-05-12 13:59:09,456 [81eeb1ed-a39d-4a83-b4ea-8a94ec525eea-impl-thread1] INFO  util.AwaitToRun (AwaitToRun.java:start(81)) - Thread[#120,81eeb1ed-a39d-4a83-b4ea-8a94ec525eea@group-2B4AE716219A-cacheEviction-AwaitToRun,5,main] started
2025-05-12 13:59:09,456 [81eeb1ed-a39d-4a83-b4ea-8a94ec525eea-impl-thread1] INFO  segmented.SegmentedRaftLogWorker (SegmentedRaftLogWorker.java:<init>(188)) - new 81eeb1ed-a39d-4a83-b4ea-8a94ec525eea@group-2B4AE716219A-SegmentedRaftLogWorker for RaftStorageImpl:Storage Directory /tmp/junit-14886674664454860871/scm-meta/scm-ha/1453e71e-0623-46ec-94a5-2b4ae716219a
2025-05-12 13:59:09,456 [81eeb1ed-a39d-4a83-b4ea-8a94ec525eea-impl-thread1] INFO  server.RaftServerConfigKeys (ConfUtils.java:logGet(46)) - raft.server.log.queue.byte-limit = 64MB (=67108864) (default)
2025-05-12 13:59:09,456 [81eeb1ed-a39d-4a83-b4ea-8a94ec525eea-impl-thread1] INFO  server.RaftServerConfigKeys (ConfUtils.java:logGet(46)) - raft.server.log.queue.element-limit = 4096 (default)
2025-05-12 13:59:09,456 [81eeb1ed-a39d-4a83-b4ea-8a94ec525eea-impl-thread1] INFO  server.RaftServerConfigKeys (ConfUtils.java:logGet(46)) - raft.server.log.segment.size.max = 4194304 (custom)
2025-05-12 13:59:09,456 [81eeb1ed-a39d-4a83-b4ea-8a94ec525eea-impl-thread1] INFO  server.RaftServerConfigKeys (ConfUtils.java:logGet(46)) - raft.server.log.preallocated.size = 4194304 (custom)
2025-05-12 13:59:09,456 [81eeb1ed-a39d-4a83-b4ea-8a94ec525eea-impl-thread1] INFO  server.RaftServerConfigKeys (ConfUtils.java:logGet(46)) - raft.server.log.force.sync.num = 128 (default)
2025-05-12 13:59:09,456 [81eeb1ed-a39d-4a83-b4ea-8a94ec525eea-impl-thread1] INFO  server.RaftServerConfigKeys (ConfUtils.java:logGet(46)) - raft.server.log.statemachine.data.sync = true (default)
2025-05-12 13:59:09,457 [81eeb1ed-a39d-4a83-b4ea-8a94ec525eea-impl-thread1] INFO  server.RaftServerConfigKeys (ConfUtils.java:logGet(46)) - raft.server.log.statemachine.data.sync.timeout = 10s (default)
2025-05-12 13:59:09,457 [81eeb1ed-a39d-4a83-b4ea-8a94ec525eea-impl-thread1] INFO  server.RaftServerConfigKeys (ConfUtils.java:logGet(46)) - raft.server.log.statemachine.data.sync.timeout.retry = -1 (default)
2025-05-12 13:59:09,457 [81eeb1ed-a39d-4a83-b4ea-8a94ec525eea-impl-thread1] INFO  server.RaftServerConfigKeys (ConfUtils.java:logGet(46)) - raft.server.log.write.buffer.size = 4194312 (custom)
2025-05-12 13:59:09,459 [81eeb1ed-a39d-4a83-b4ea-8a94ec525eea-impl-thread1] INFO  server.RaftServerConfigKeys (ConfUtils.java:logGet(46)) - raft.server.log.appender.buffer.byte-limit = 4194304 (custom)
2025-05-12 13:59:09,459 [81eeb1ed-a39d-4a83-b4ea-8a94ec525eea-impl-thread1] INFO  server.RaftServerConfigKeys (ConfUtils.java:logGet(46)) - raft.server.log.unsafe-flush.enabled = false (default)
2025-05-12 13:59:09,459 [81eeb1ed-a39d-4a83-b4ea-8a94ec525eea-impl-thread1] INFO  server.RaftServerConfigKeys (ConfUtils.java:logGet(46)) - raft.server.log.async-flush.enabled = false (default)
2025-05-12 13:59:09,459 [81eeb1ed-a39d-4a83-b4ea-8a94ec525eea-impl-thread1] INFO  server.RaftServerConfigKeys (ConfUtils.java:logGet(46)) - raft.server.log.statemachine.data.caching.enabled = false (default)
2025-05-12 13:59:09,464 [81eeb1ed-a39d-4a83-b4ea-8a94ec525eea-impl-thread1] INFO  server.RaftServer$Division (ServerState.java:setRaftConf(386)) - 81eeb1ed-a39d-4a83-b4ea-8a94ec525eea@group-2B4AE716219A: set configuration conf: {index: 0, cur=peers:[81eeb1ed-a39d-4a83-b4ea-8a94ec525eea|pkrvmberfyhpb9w:15004]|listeners:[], old=null}
2025-05-12 13:59:09,464 [81eeb1ed-a39d-4a83-b4ea-8a94ec525eea-impl-thread1] INFO  segmented.LogSegment (LogSegment.java:loadSegment(171)) - Successfully read 1 entries from segment file /tmp/junit-14886674664454860871/scm-meta/scm-ha/1453e71e-0623-46ec-94a5-2b4ae716219a/current/log_inprogress_0
2025-05-12 13:59:09,465 [81eeb1ed-a39d-4a83-b4ea-8a94ec525eea-impl-thread1] INFO  segmented.SegmentedRaftLogWorker (SegmentedRaftLogWorker.java:lambda$new$0(139)) - 81eeb1ed-a39d-4a83-b4ea-8a94ec525eea@group-2B4AE716219A-SegmentedRaftLogWorker: safeCacheEvictIndex: setUnconditionally 0 -> -1
2025-05-12 13:59:09,465 [81eeb1ed-a39d-4a83-b4ea-8a94ec525eea-impl-thread1] INFO  segmented.BufferedWriteChannel (BufferedWriteChannel.java:open(61)) - open log_inprogress_0 (append) at position 82
2025-05-12 13:59:09,465 [81eeb1ed-a39d-4a83-b4ea-8a94ec525eea-impl-thread1] INFO  server.RaftServer$Division (RaftServerImpl.java:start(391)) - 81eeb1ed-a39d-4a83-b4ea-8a94ec525eea@group-2B4AE716219A: start as a follower, conf=conf: {index: 0, cur=peers:[81eeb1ed-a39d-4a83-b4ea-8a94ec525eea|pkrvmberfyhpb9w:15004]|listeners:[], old=null}
2025-05-12 13:59:09,466 [81eeb1ed-a39d-4a83-b4ea-8a94ec525eea-impl-thread1] INFO  server.RaftServer$Division (RaftServerImpl.java:setRole(378)) - 81eeb1ed-a39d-4a83-b4ea-8a94ec525eea@group-2B4AE716219A: changes role from      null to FOLLOWER at term 1 for startAsFollower
2025-05-12 13:59:09,466 [81eeb1ed-a39d-4a83-b4ea-8a94ec525eea-impl-thread1] INFO  impl.RoleInfo (RoleInfo.java:updateAndGet(148)) - 81eeb1ed-a39d-4a83-b4ea-8a94ec525eea: start 81eeb1ed-a39d-4a83-b4ea-8a94ec525eea@group-2B4AE716219A-FollowerState
2025-05-12 13:59:09,466 [81eeb1ed-a39d-4a83-b4ea-8a94ec525eea@group-2B4AE716219A-FollowerState] INFO  server.RaftServerConfigKeys (ConfUtils.java:logFallback(53)) - raft.server.rpc.first-election.timeout.min = 5000ms (fallback to raft.server.rpc.timeout.min)
2025-05-12 13:59:09,467 [81eeb1ed-a39d-4a83-b4ea-8a94ec525eea@group-2B4AE716219A-FollowerState] INFO  server.RaftServerConfigKeys (ConfUtils.java:logFallback(53)) - raft.server.rpc.first-election.timeout.max = 5200ms (fallback to raft.server.rpc.timeout.max)
2025-05-12 13:59:09,467 [81eeb1ed-a39d-4a83-b4ea-8a94ec525eea-impl-thread1] INFO  util.JmxRegister (JmxRegister.java:tryRegister(44)) - Successfully registered JMX Bean with object name Ratis:service=RaftServer,group=group-2B4AE716219A,id=81eeb1ed-a39d-4a83-b4ea-8a94ec525eea
2025-05-12 13:59:09,467 [81eeb1ed-a39d-4a83-b4ea-8a94ec525eea-impl-thread1] INFO  util.JmxRegister (JmxRegister.java:register(58)) - register mxBean class org.apache.ratis.server.impl.RaftServerJmxAdapter as Ratis:service=RaftServer,group=group-2B4AE716219A,id=81eeb1ed-a39d-4a83-b4ea-8a94ec525eea
2025-05-12 13:59:09,467 [81eeb1ed-a39d-4a83-b4ea-8a94ec525eea-impl-thread1] INFO  server.RaftServerConfigKeys (ConfUtils.java:logGet(46)) - raft.server.snapshot.trigger-when-stop.enabled = true (default)
2025-05-12 13:59:09,467 [81eeb1ed-a39d-4a83-b4ea-8a94ec525eea-impl-thread1] INFO  server.RaftServerConfigKeys (ConfUtils.java:logGet(46)) - raft.server.snapshot.trigger-when-remove.enabled = true (default)
2025-05-12 13:59:09,468 [81eeb1ed-a39d-4a83-b4ea-8a94ec525eea-impl-thread1] INFO  server.RaftServerConfigKeys (ConfUtils.java:logGet(46)) - raft.server.snapshot.auto.trigger.enabled = true (custom)
2025-05-12 13:59:09,468 [81eeb1ed-a39d-4a83-b4ea-8a94ec525eea-impl-thread1] INFO  server.RaftServerConfigKeys (ConfUtils.java:logGet(46)) - raft.server.snapshot.auto.trigger.threshold = 1000 (custom)
2025-05-12 13:59:09,468 [81eeb1ed-a39d-4a83-b4ea-8a94ec525eea-impl-thread1] INFO  server.RaftServerConfigKeys (ConfUtils.java:logGet(46)) - raft.server.snapshot.retention.file.num = -1 (default)
2025-05-12 13:59:09,468 [81eeb1ed-a39d-4a83-b4ea-8a94ec525eea-impl-thread1] INFO  server.RaftServerConfigKeys (ConfUtils.java:logGet(46)) - raft.server.log.purge.upto.snapshot.index = false (default)
2025-05-12 13:59:09,469 [81eeb1ed-a39d-4a83-b4ea-8a94ec525eea-impl-thread1] INFO  server.RaftServer$Division (RaftServerImpl.java:start(405)) - 81eeb1ed-a39d-4a83-b4ea-8a94ec525eea@group-2B4AE716219A: Successfully started.
2025-05-12 13:59:09,469 [main] INFO  server.RaftServer (RaftServerProxy.java:startImpl(407)) - 81eeb1ed-a39d-4a83-b4ea-8a94ec525eea: start RPC server
2025-05-12 13:59:09,470 [main] INFO  server.GrpcService (GrpcService.java:startImpl(334)) - 81eeb1ed-a39d-4a83-b4ea-8a94ec525eea: GrpcService started, listening on 15004
2025-05-12 13:59:09,471 [JvmPauseMonitor1] INFO  util.JvmPauseMonitor (JvmPauseMonitor.java:run(146)) - JvmPauseMonitor-81eeb1ed-a39d-4a83-b4ea-8a94ec525eea: Started
2025-05-12 13:59:09,477 [main] INFO  ha.SCMHAManagerImpl (SCMHAManagerImpl.java:start(131)) -  scm role is FOLLOWER peers [81eeb1ed-a39d-4a83-b4ea-8a94ec525eea|pkrvmberfyhpb9w:15004]
2025-05-12 13:59:09,478 [main] INFO  ha.InterSCMGrpcService (InterSCMGrpcProtocolService.java:start(98)) - Starting SCM Grpc Service at port 15005
2025-05-12 13:59:09,479 [main] INFO  SCMHATransactionMonitor (BackgroundSCMService.java:start(64)) - Starting SCMHATransactionMonitor Service.
2025-05-12 13:59:09,479 [main] INFO  ha.SCMServiceManager (SCMServiceManager.java:register(42)) - Registering service SCMHATransactionMonitor.
2025-05-12 13:59:09,479 [main] INFO  SCMHATransactionMonitor (BackgroundSCMService.java:start(61)) - SCMHATransactionMonitor Service is already running, skip start.
2025-05-12 13:59:09,523 [main] WARN  impl.MetricsConfig (MetricsConfig.java:loadFirst(138)) - Cannot locate configuration: tried hadoop-metrics2-storagecontainermanager.properties,hadoop-metrics2.properties
2025-05-12 13:59:09,529 [main] INFO  impl.MetricsSystemImpl (MetricsSystemImpl.java:startTimer(378)) - Scheduled Metric snapshot period at 10 second(s).
2025-05-12 13:59:09,530 [main] INFO  impl.MetricsSystemImpl (MetricsSystemImpl.java:start(191)) - StorageContainerManager metrics system started
2025-05-12 13:59:09,575 [main] INFO  server.SCMClientProtocolServer (SCMClientProtocolServer.java:start(207)) - RPC server for Client  is listening at /0.0.0.0:15000
2025-05-12 13:59:09,576 [IPC Server Responder] INFO  ipc.Server (Server.java:run(1713)) - IPC Server Responder: starting
2025-05-12 13:59:09,577 [IPC Server listener on 15000] INFO  ipc.Server (Server.java:run(1553)) - IPC Server listener on 15000: starting
2025-05-12 13:59:09,593 [main] INFO  server.StorageContainerManager (StorageContainerManager.java:start(1520)) - ScmBlockLocationProtocol RPC server is listening at /0.0.0.0:15002
2025-05-12 13:59:09,594 [main] INFO  server.SCMBlockProtocolServer (SCMBlockProtocolServer.java:start(166)) - RPC server for Block Protocol is listening at /0.0.0.0:15002
2025-05-12 13:59:09,595 [IPC Server Responder] INFO  ipc.Server (Server.java:run(1713)) - IPC Server Responder: starting
2025-05-12 13:59:09,595 [IPC Server listener on 15002] INFO  ipc.Server (Server.java:run(1553)) - IPC Server listener on 15002: starting
2025-05-12 13:59:09,611 [main] INFO  server.SCMSecurityProtocolServer (SCMSecurityProtocolServer.java:start(503)) - Starting RPC server for SCMSecurityProtocolServer. is listening at /0.0.0.0:15003
2025-05-12 13:59:09,611 [IPC Server Responder] INFO  ipc.Server (Server.java:run(1713)) - IPC Server Responder: starting
2025-05-12 13:59:09,612 [IPC Server listener on 15003] INFO  ipc.Server (Server.java:run(1553)) - IPC Server listener on 15003: starting
2025-05-12 13:59:09,624 [main] INFO  http.BaseHttpServer (BaseHttpServer.java:newHttpServer2BuilderForOzone(229)) - Starting Web-server for scm at: http://0.0.0.0:9876
2025-05-12 13:59:09,624 [main] INFO  http.BaseHttpServer (BaseHttpServer.java:<init>(107)) - Hadoop Security Enabled: true Ozone Security Enabled: true Ozone HTTP Security Enabled: false 
2025-05-12 13:59:09,644 [main] INFO  util.log (Log.java:initialized(170)) - Logging initialized @12396ms to org.eclipse.jetty.util.log.Slf4jLog
2025-05-12 13:59:09,727 [main] WARN  server.AuthenticationFilter (AuthenticationFilter.java:constructSecretProvider(240)) - Unable to initialize FileSignerSecretProvider, falling back to use random secrets. Reason: Could not read signature secret file: /home/runner/hadoop-http-auth-signature-secret
2025-05-12 13:59:09,751 [main] INFO  http.HttpServer2 (HttpServer2.java:addGlobalFilter(1042)) - Added global filter 'safety' (class=org.apache.hadoop.hdds.server.http.HttpServer2$QuotingInputFilter)
2025-05-12 13:59:09,753 [main] INFO  http.HttpServer2 (HttpServer2.java:addFilter(1018)) - Added filter static_user_filter (class=org.apache.hadoop.http.lib.StaticUserWebFilter$StaticUserFilter) to context scm
2025-05-12 13:59:09,754 [main] INFO  http.HttpServer2 (HttpServer2.java:addFilter(1026)) - Added filter static_user_filter (class=org.apache.hadoop.http.lib.StaticUserWebFilter$StaticUserFilter) to context logs
2025-05-12 13:59:09,754 [main] INFO  http.HttpServer2 (HttpServer2.java:addFilter(1026)) - Added filter static_user_filter (class=org.apache.hadoop.http.lib.StaticUserWebFilter$StaticUserFilter) to context static
2025-05-12 13:59:09,779 [main] INFO  http.BaseHttpServer (BaseHttpServer.java:<init>(195)) - HTTP server of scm uses base directory /tmp/junit-14886674664454860871/scm-meta/webserver
2025-05-12 13:59:09,780 [main] INFO  http.HttpServer2 (HttpServer2.java:bindListener(1242)) - Jetty bound to port 9876
2025-05-12 13:59:09,781 [main] INFO  server.Server (Server.java:doStart(375)) - jetty-9.4.57.v20241219; built: 2025-01-08T21:24:30.412Z; git: df524e6b29271c2e09ba9aea83c18dc9db464a31; jvm 21.0.7+6-LTS
2025-05-12 13:59:09,802 [main] INFO  server.session (DefaultSessionIdManager.java:doStart(334)) - DefaultSessionIdManager workerName=node0
2025-05-12 13:59:09,802 [main] INFO  server.session (DefaultSessionIdManager.java:doStart(339)) - No SessionScavenger set, using defaults
2025-05-12 13:59:09,803 [main] INFO  server.session (HouseKeeper.java:startScavenging(132)) - node0 Scavenging every 660000ms
2025-05-12 13:59:09,811 [main] INFO  handler.ContextHandler (ContextHandler.java:doStart(921)) - Started o.e.j.s.ServletContextHandler@7bd4f212{logs,/logs,file:///home/runner/work/ozone/ozone/hadoop-ozone/integration-test/target/log,AVAILABLE}
2025-05-12 13:59:09,811 [main] INFO  handler.ContextHandler (ContextHandler.java:doStart(921)) - Started o.e.j.s.ServletContextHandler@19d75d3c{static,/static,file:///home/runner/work/ozone/ozone/hadoop-ozone/integration-test/target/test-classes/webapps/static,AVAILABLE}
2025-05-12 13:59:09,853 [main] INFO  handler.ContextHandler (ContextHandler.java:doStart(921)) - Started o.e.j.w.WebAppContext@22b112bb{scm,/,file:///home/runner/work/ozone/ozone/hadoop-ozone/integration-test/target/test-classes/webapps/scm/,AVAILABLE}{file:/home/runner/work/ozone/ozone/hadoop-ozone/integration-test/target/test-classes/webapps/scm}
2025-05-12 13:59:09,859 [main] INFO  server.AbstractConnector (AbstractConnector.java:doStart(333)) - Started ServerConnector@5d0ea2af{HTTP/1.1, (http/1.1)}{0.0.0.0:9876}
2025-05-12 13:59:09,860 [main] INFO  server.Server (Server.java:doStart(415)) - Started @12612ms
2025-05-12 13:59:09,862 [main] INFO  impl.MetricsSinkAdapter (MetricsSinkAdapter.java:start(204)) - Sink prometheus started
2025-05-12 13:59:09,864 [main] INFO  impl.MetricsSystemImpl (MetricsSystemImpl.java:registerSink(305)) - Registered sink prometheus
2025-05-12 13:59:09,865 [main] INFO  http.BaseHttpServer (BaseHttpServer.java:updateConnectorAddress(359)) - HTTP server of scm listening at http://0.0.0.0:9876
2025-05-12 13:59:09,871 [main] WARN  server.ServerUtils (ServerUtils.java:getDBPath(292)) - ozone.om.db.dirs is not configured. We recommend adding this setting. Falling back to ozone.metadata.dirs instead.
2025-05-12 13:59:09,880 [main] INFO  ha.OMHANodeDetails (OMHANodeDetails.java:loadOMHAConfig(113)) - ozone.om.internal.service.id is not defined, falling back to ozone.om.service.ids to find serviceID for OzoneManager if it is HA enabled cluster
2025-05-12 13:59:09,881 [main] INFO  ha.OMHANodeDetails (OMHANodeDetails.java:loadOMHAConfig(224)) - Configuration does not have ozone.om.address set. Falling back to the default OM address pkrvmberfyhpb9w.internal.cloudapp.net/10.1.1.27:15006
2025-05-12 13:59:09,881 [main] INFO  ha.OMHANodeDetails (OMHANodeDetails.java:getOMNodeDetailsForNonHA(252)) - OM Service ID is not set. Setting it to the default ID: omServiceIdDefault
2025-05-12 13:59:09,881 [main] INFO  ha.OMHANodeDetails (OMHANodeDetails.java:getOMNodeDetailsForNonHA(259)) - OM Node ID is not set. Setting it to the default ID: om1
2025-05-12 13:59:09,884 [main] WARN  server.ServerUtils (ServerUtils.java:getDBPath(292)) - ozone.om.db.dirs is not configured. We recommend adding this setting. Falling back to ozone.metadata.dirs instead.
2025-05-12 13:59:09,889 [main] INFO  upgrade.AbstractLayoutVersionManager (AbstractLayoutVersionManager.java:init(80)) - Initializing Layout version manager with metadata layout = DELEGATION_TOKEN_SYMMETRIC_SIGN (version = 8), software layout = DELEGATION_TOKEN_SYMMETRIC_SIGN (version = 8)
2025-05-12 13:59:10,010 [pool-2-thread-1] INFO  request.TgsRequest (TgsRequest.java:issueTicket(117)) - TGS_REQ ISSUE: authtime 1747058350008,om/pkrvmberfyhpb9w.internal.cloudapp.net@EXAMPLE.COM for om/pkrvmberfyhpb9w.internal.cloudapp.net@EXAMPLE.COM
2025-05-12 13:59:10,031 [Socket Reader #1 for port 15003] INFO  ipc.Server (Server.java:saslProcess(2290)) - Auth successful for om/pkrvmberfyhpb9w.internal.cloudapp.net@EXAMPLE.COM (auth:KERBEROS) from 127.0.0.1:48476
2025-05-12 13:59:10,037 [main] INFO  reflections.Reflections (Reflections.java:scan(219)) - Reflections took 145 ms to scan 2 urls, producing 207 keys and 618 values
2025-05-12 13:59:10,042 [main] INFO  upgrade.OMLayoutVersionManager (OMLayoutVersionManager.java:lambda$0(110)) - Skipping Upgrade Action QuotaRepairUpgradeAction since it has been finalized.
2025-05-12 13:59:10,043 [main] INFO  upgrade.OMLayoutVersionManager (OMLayoutVersionManager.java:lambda$0(110)) - Skipping Upgrade Action MockOmUpgradeAction since it has been finalized.
2025-05-12 13:59:10,048 [pool-2-thread-1] INFO  request.KdcRequest (KdcRequest.java:preauth(683)) - The preauth data is empty.
2025-05-12 13:59:10,049 [pool-2-thread-1] INFO  server.KdcHandler (KdcHandler.java:handleRecoverableException(177)) - KRB error occurred while processing request: Additional pre-authentication required
2025-05-12 13:59:10,054 [pool-2-thread-1] INFO  request.AsRequest (AsRequest.java:issueTicket(112)) - AS_REQ ISSUE: authtime 1747058350054,om/pkrvmberfyhpb9w.internal.cloudapp.net@EXAMPLE.COM for krbtgt/EXAMPLE.COM@EXAMPLE.COM
2025-05-12 13:59:10,057 [main] INFO  security.UserGroupInformation (UserGroupInformation.java:loginUserFromKeytab(1143)) - Login successful for user om/pkrvmberfyhpb9w.internal.cloudapp.net@EXAMPLE.COM using keytab file om.keytab. Keytab auto renewal enabled : false
2025-05-12 13:59:10,057 [main] INFO  om.OzoneManager (OzoneManager.java:loginOMUser(1308)) - Ozone Manager login successful.
2025-05-12 13:59:10,065 [main] WARN  server.ServerUtils (ServerUtils.java:getDBPath(292)) - ozone.om.db.dirs is not configured. We recommend adding this setting. Falling back to ozone.metadata.dirs instead.
2025-05-12 13:59:10,070 [main] INFO  om.OzoneManager (OzoneManager.java:setReplicationFromConfig(4596)) - Set default replication in OM: RATIS/3 -> RATIS/THREE
2025-05-12 13:59:10,073 [IPC Server handler 0 on default port 15003] INFO  ipc.Server (Server.java:logException(3260)) - IPC Server handler 0 on default port 15003, call Call#0 Retry#0 org.apache.hadoop.hdds.protocol.SCMSecurityProtocol.submitRequest from 127.0.0.1:48476
org.apache.hadoop.hdds.ratis.ServerNotLeaderException: SCM Server:81eeb1ed-a39d-4a83-b4ea-8a94ec525eea(pkrvmberfyhpb9w.internal.cloudapp.net) is not the leader. Could not determine the leader node.
	at org.apache.hadoop.hdds.ratis.ServerNotLeaderException.convertToNotLeaderException(ServerNotLeaderException.java:106)
	at org.apache.hadoop.hdds.scm.ha.RatisUtil.checkRatisException(RatisUtil.java:248)
	at org.apache.hadoop.hdds.scm.protocol.SCMSecurityProtocolServerSideTranslatorPB.submitRequest(SCMSecurityProtocolServerSideTranslatorPB.java:83)
	at org.apache.hadoop.hdds.protocol.proto.SCMSecurityProtocolProtos$SCMSecurityProtocolService$2.callBlockingMethod(SCMSecurityProtocolProtos.java:18942)
	at org.apache.hadoop.ipc.ProtobufRpcEngine$Server.processCall(ProtobufRpcEngine.java:484)
	at org.apache.hadoop.ipc.ProtobufRpcEngine2$Server$ProtoBufRpcInvoker.call(ProtobufRpcEngine2.java:595)
	at org.apache.hadoop.ipc.ProtobufRpcEngine2$Server$ProtoBufRpcInvoker.call(ProtobufRpcEngine2.java:573)
	at org.apache.hadoop.ipc.RPC$Server.call(RPC.java:1227)
	at org.apache.hadoop.ipc.Server$RpcCall.run(Server.java:1246)
	at org.apache.hadoop.ipc.Server$RpcCall.run(Server.java:1169)
	at java.base/java.security.AccessController.doPrivileged(AccessController.java:714)
	at java.base/javax.security.auth.Subject.doAs(Subject.java:525)
	at org.apache.hadoop.security.UserGroupInformation.doAs(UserGroupInformation.java:1953)
	at org.apache.hadoop.ipc.Server$Handler.run(Server.java:3198)
2025-05-12 13:59:10,074 [main] INFO  proxy.SCMContainerLocationFailoverProxyProvider (SCMFailoverProxyProviderBase.java:<init>(120)) - Created fail-over proxy for protocol StorageContainerLocationProtocolPB with 1 nodes: [nodeId=scmNodeId,nodeAddress=/0.0.0.0:15000]
2025-05-12 13:59:10,099 [main] INFO  proxy.SCMBlockLocationFailoverProxyProvider (SCMFailoverProxyProviderBase.java:<init>(120)) - Created fail-over proxy for protocol ScmBlockLocationProtocolPB with 1 nodes: [nodeId=scmNodeId,nodeAddress=/0.0.0.0:15002]
2025-05-12 13:59:10,116 [main] INFO  om.OzoneManager (OzoneManager.java:getOmDetailsProto(4941)) - OzoneManager ports added:[name: "RPC"
value: 15006
]
2025-05-12 13:59:10,118 [main] INFO  proxy.SCMSecurityProtocolFailoverProxyProvider (SCMFailoverProxyProviderBase.java:<init>(120)) - Created fail-over proxy for protocol SCMSecurityProtocolPB with 1 nodes: [nodeId=scmNodeId,nodeAddress=/0.0.0.0:15003]
2025-05-12 13:59:10,119 [main] INFO  security.OMCertificateClient (DefaultCertificateClient.java:updateCertSerialId(1289)) - Certificate serial ID set to 9879877970576
2025-05-12 13:59:10,119 [main] WARN  security.OMCertificateClient (DefaultCertificateClient.java:loadAllCertificates(178)) - Certificates could not be loaded.
java.nio.file.NoSuchFileException: /tmp/junit-14886674664454860871/scm-meta/om/certs
	at java.base/sun.nio.fs.UnixException.translateToIOException(UnixException.java:92)
	at java.base/sun.nio.fs.UnixException.asIOException(UnixException.java:115)
	at java.base/sun.nio.fs.UnixFileSystemProvider.newDirectoryStream(UnixFileSystemProvider.java:501)
	at java.base/java.nio.file.Files.newDirectoryStream(Files.java:482)
	at java.base/java.nio.file.Files.list(Files.java:3785)
	at org.apache.hadoop.hdds.security.x509.certificate.client.DefaultCertificateClient.loadAllCertificates(DefaultCertificateClient.java:173)
	at org.apache.hadoop.hdds.security.x509.certificate.client.DefaultCertificateClient.updateCertSerialId(DefaultCertificateClient.java:1290)
	at org.apache.hadoop.hdds.security.x509.certificate.client.DefaultCertificateClient.<init>(DefaultCertificateClient.java:155)
	at org.apache.hadoop.ozone.security.OMCertificateClient.<init>(OMCertificateClient.java:65)
	at org.apache.hadoop.ozone.om.OzoneManager.<init>(OzoneManager.java:646)
	at org.apache.hadoop.ozone.om.OzoneManager.createOm(OzoneManager.java:877)
	at org.apache.hadoop.ozone.TestSecureOzoneCluster.setupOm(TestSecureOzoneCluster.java:716)
	at org.apache.hadoop.ozone.TestSecureOzoneCluster.testGetSetRevokeS3Secret(TestSecureOzoneCluster.java:728)
	at java.base/jdk.internal.reflect.DirectMethodHandleAccessor.invoke(DirectMethodHandleAccessor.java:103)
	at java.base/java.lang.reflect.Method.invoke(Method.java:580)
	at org.junit.platform.commons.util.ReflectionUtils.invokeMethod(ReflectionUtils.java:775)
	at org.junit.platform.commons.support.ReflectionSupport.invokeMethod(ReflectionSupport.java:479)
	at org.junit.jupiter.engine.execution.MethodInvocation.proceed(MethodInvocation.java:60)
	at org.junit.jupiter.engine.execution.InvocationInterceptorChain$ValidatingInvocation.proceed(InvocationInterceptorChain.java:131)
	at org.junit.jupiter.engine.extension.SameThreadTimeoutInvocation.proceed(SameThreadTimeoutInvocation.java:49)
	at org.junit.jupiter.engine.extension.TimeoutExtension.intercept(TimeoutExtension.java:161)
	at org.junit.jupiter.engine.extension.TimeoutExtension.interceptTestableMethod(TimeoutExtension.java:152)
	at org.junit.jupiter.engine.extension.TimeoutExtension.interceptTestMethod(TimeoutExtension.java:91)
	at org.junit.jupiter.engine.execution.InterceptingExecutableInvoker$ReflectiveInterceptorCall.lambda$ofVoidMethod$0(InterceptingExecutableInvoker.java:112)
	at org.junit.jupiter.engine.execution.InterceptingExecutableInvoker.lambda$invoke$0(InterceptingExecutableInvoker.java:94)
	at org.junit.jupiter.engine.execution.InvocationInterceptorChain$InterceptedInvocation.proceed(InvocationInterceptorChain.java:106)
	at org.junit.jupiter.engine.execution.InvocationInterceptorChain.proceed(InvocationInterceptorChain.java:64)
	at org.junit.jupiter.engine.execution.InvocationInterceptorChain.chainAndInvoke(InvocationInterceptorChain.java:45)
	at org.junit.jupiter.engine.execution.InvocationInterceptorChain.invoke(InvocationInterceptorChain.java:37)
	at org.junit.jupiter.engine.execution.InterceptingExecutableInvoker.invoke(InterceptingExecutableInvoker.java:93)
	at org.junit.jupiter.engine.execution.InterceptingExecutableInvoker.invoke(InterceptingExecutableInvoker.java:87)
	at org.junit.jupiter.engine.descriptor.TestMethodTestDescriptor.lambda$invokeTestMethod$7(TestMethodTestDescriptor.java:216)
	at org.junit.platform.engine.support.hierarchical.ThrowableCollector.execute(ThrowableCollector.java:73)
	at org.junit.jupiter.engine.descriptor.TestMethodTestDescriptor.invokeTestMethod(TestMethodTestDescriptor.java:212)
	at org.junit.jupiter.engine.descriptor.TestMethodTestDescriptor.execute(TestMethodTestDescriptor.java:137)
	at org.junit.jupiter.engine.descriptor.TestMethodTestDescriptor.execute(TestMethodTestDescriptor.java:69)
	at org.junit.platform.engine.support.hierarchical.NodeTestTask.lambda$executeRecursively$6(NodeTestTask.java:156)
	at org.junit.platform.engine.support.hierarchical.ThrowableCollector.execute(ThrowableCollector.java:73)
	at org.junit.platform.engine.support.hierarchical.NodeTestTask.lambda$executeRecursively$8(NodeTestTask.java:146)
	at org.junit.platform.engine.support.hierarchical.Node.around(Node.java:137)
	at org.junit.platform.engine.support.hierarchical.NodeTestTask.lambda$executeRecursively$9(NodeTestTask.java:144)
	at org.junit.platform.engine.support.hierarchical.ThrowableCollector.execute(ThrowableCollector.java:73)
	at org.junit.platform.engine.support.hierarchical.NodeTestTask.executeRecursively(NodeTestTask.java:143)
	at org.junit.platform.engine.support.hierarchical.NodeTestTask.execute(NodeTestTask.java:100)
	at java.base/java.util.ArrayList.forEach(ArrayList.java:1596)
	at org.junit.platform.engine.support.hierarchical.SameThreadHierarchicalTestExecutorService.invokeAll(SameThreadHierarchicalTestExecutorService.java:41)
	at org.junit.platform.engine.support.hierarchical.NodeTestTask.lambda$executeRecursively$6(NodeTestTask.java:160)
	at org.junit.platform.engine.support.hierarchical.ThrowableCollector.execute(ThrowableCollector.java:73)
	at org.junit.platform.engine.support.hierarchical.NodeTestTask.lambda$executeRecursively$8(NodeTestTask.java:146)
	at org.junit.platform.engine.support.hierarchical.Node.around(Node.java:137)
	at org.junit.platform.engine.support.hierarchical.NodeTestTask.lambda$executeRecursively$9(NodeTestTask.java:144)
	at org.junit.platform.engine.support.hierarchical.ThrowableCollector.execute(ThrowableCollector.java:73)
	at org.junit.platform.engine.support.hierarchical.NodeTestTask.executeRecursively(NodeTestTask.java:143)
	at org.junit.platform.engine.support.hierarchical.NodeTestTask.execute(NodeTestTask.java:100)
	at java.base/java.util.ArrayList.forEach(ArrayList.java:1596)
	at org.junit.platform.engine.support.hierarchical.SameThreadHierarchicalTestExecutorService.invokeAll(SameThreadHierarchicalTestExecutorService.java:41)
	at org.junit.platform.engine.support.hierarchical.NodeTestTask.lambda$executeRecursively$6(NodeTestTask.java:160)
	at org.junit.platform.engine.support.hierarchical.ThrowableCollector.execute(ThrowableCollector.java:73)
	at org.junit.platform.engine.support.hierarchical.NodeTestTask.lambda$executeRecursively$8(NodeTestTask.java:146)
	at org.junit.platform.engine.support.hierarchical.Node.around(Node.java:137)
	at org.junit.platform.engine.support.hierarchical.NodeTestTask.lambda$executeRecursively$9(NodeTestTask.java:144)
	at org.junit.platform.engine.support.hierarchical.ThrowableCollector.execute(ThrowableCollector.java:73)
	at org.junit.platform.engine.support.hierarchical.NodeTestTask.executeRecursively(NodeTestTask.java:143)
	at org.junit.platform.engine.support.hierarchical.NodeTestTask.execute(NodeTestTask.java:100)
	at org.junit.platform.engine.support.hierarchical.SameThreadHierarchicalTestExecutorService.submit(SameThreadHierarchicalTestExecutorService.java:35)
	at org.junit.platform.engine.support.hierarchical.HierarchicalTestExecutor.execute(HierarchicalTestExecutor.java:57)
	at org.junit.platform.engine.support.hierarchical.HierarchicalTestEngine.execute(HierarchicalTestEngine.java:54)
	at org.junit.platform.launcher.core.EngineExecutionOrchestrator.execute(EngineExecutionOrchestrator.java:201)
	at org.junit.platform.launcher.core.EngineExecutionOrchestrator.execute(EngineExecutionOrchestrator.java:170)
	at org.junit.platform.launcher.core.EngineExecutionOrchestrator.execute(EngineExecutionOrchestrator.java:94)
	at org.junit.platform.launcher.core.EngineExecutionOrchestrator.lambda$execute$0(EngineExecutionOrchestrator.java:59)
	at org.junit.platform.launcher.core.EngineExecutionOrchestrator.withInterceptedStreams(EngineExecutionOrchestrator.java:142)
	at org.junit.platform.launcher.core.EngineExecutionOrchestrator.execute(EngineExecutionOrchestrator.java:58)
	at org.junit.platform.launcher.core.DefaultLauncher.execute(DefaultLauncher.java:103)
	at org.junit.platform.launcher.core.DefaultLauncher.execute(DefaultLauncher.java:85)
	at org.junit.platform.launcher.core.DelegatingLauncher.execute(DelegatingLauncher.java:47)
	at org.junit.platform.launcher.core.InterceptingLauncher.lambda$execute$1(InterceptingLauncher.java:39)
	at org.junit.platform.launcher.core.ClasspathAlignmentCheckingLauncherInterceptor.intercept(ClasspathAlignmentCheckingLauncherInterceptor.java:25)
	at org.junit.platform.launcher.core.InterceptingLauncher.execute(InterceptingLauncher.java:38)
	at org.junit.platform.launcher.core.DelegatingLauncher.execute(DelegatingLauncher.java:47)
	at org.apache.maven.surefire.junitplatform.LazyLauncher.execute(LazyLauncher.java:56)
	at org.apache.maven.surefire.junitplatform.JUnitPlatformProvider.execute(JUnitPlatformProvider.java:184)
	at org.apache.maven.surefire.junitplatform.JUnitPlatformProvider.invokeAllTests(JUnitPlatformProvider.java:148)
	at org.apache.maven.surefire.junitplatform.JUnitPlatformProvider.invoke(JUnitPlatformProvider.java:120)
	at org.apache.maven.surefire.booter.ForkedBooter.runSuitesInProcess(ForkedBooter.java:385)
	at org.apache.maven.surefire.booter.ForkedBooter.execute(ForkedBooter.java:162)
	at org.apache.maven.surefire.booter.ForkedBooter.run(ForkedBooter.java:507)
	at org.apache.maven.surefire.booter.ForkedBooter.main(ForkedBooter.java:495)
2025-05-12 13:59:10,122 [main] INFO  proxy.SecretKeyProtocolFailoverProxyProvider (SCMFailoverProxyProviderBase.java:<init>(120)) - Created fail-over proxy for protocol SecretKeyProtocolOmPB with 1 nodes: [nodeId=scmNodeId,nodeAddress=/0.0.0.0:15003]
2025-05-12 13:59:10,128 [main] INFO  symmetric.DefaultSecretKeyVerifierClient (DefaultSecretKeyVerifierClient.java:<init>(76)) - Initializing secret key cache with size 16, TTL PT168H
2025-05-12 13:59:10,147 [main] INFO  om.OzoneManager (OzoneManager.java:<init>(670)) - OM start with adminUsers: [runner, om]
2025-05-12 13:59:10,162 [main] WARN  server.ServerUtils (ServerUtils.java:getDBPath(292)) - ozone.om.db.dirs is not configured. We recommend adding this setting. Falling back to ozone.metadata.dirs instead.
2025-05-12 13:59:10,408 [main] INFO  om.OzoneManager (OzoneManager.java:instantiateServices(914)) - S3 Multi-Tenancy is disabled
2025-05-12 13:59:10,414 [main] INFO  security.OzoneSecretStore (OzoneSecretStore.java:loadState(70)) - Loaded 0 tokens
2025-05-12 13:59:10,415 [main] INFO  security.OzoneDelegationTokenSecretManager (OzoneDelegationTokenSecretManager.java:loadTokenSecretState(513)) - Loading token state into token manager.
2025-05-12 13:59:10,434 [main] INFO  om.OmSnapshotManager (OmSnapshotManager.java:<init>(187)) - Ozone filesystem snapshot feature is enabled.
2025-05-12 13:59:10,443 [main] WARN  server.ServerUtils (ServerUtils.java:getDBPath(292)) - ozone.om.snapshot.diff.db.dir is not configured. We recommend adding this setting. Falling back to ozone.metadata.dirs instead.
2025-05-12 13:59:10,475 [main] INFO  utils.NativeLibraryLoader (NativeLibraryLoader.java:loadLibrary(120)) - Loading Library: ozone_rocksdb_tools
2025-05-12 13:59:10,649 [main] INFO  om.OzoneManager (OzoneManager.java:addS3GVolumeToDB(4654)) - Created Volume s3v With Owner om required for S3Gateway operations.
2025-05-12 13:59:10,700 [main] WARN  server.ServerUtils (ServerUtils.java:getDefaultRatisDirectory(304)) - Storage directory for Ratis is not configured. It is a good idea to map this to an SSD disk. Falling back to ozone.metadata.dirs
2025-05-12 13:59:10,701 [main] WARN  utils.OzoneManagerRatisUtils (OzoneManagerRatisUtils.java:getOMRatisSnapshotDirectory(488)) - ozone.om.ratis.snapshot.dir is not configured. Falling back to ozone.metadata.dirs config
2025-05-12 13:59:10,705 [main] WARN  dropwizard3.Dm3MetricRegistriesImpl (Dm3MetricRegistriesImpl.java:addReporterRegistration(114)) - New reporters are added after registries were created. Some metrics will be missing from the reporter. Please add reporter before adding any new registry.
2025-05-12 13:59:10,705 [main] WARN  dropwizard3.Dm3MetricRegistriesImpl (Dm3MetricRegistriesImpl.java:addReporterRegistration(114)) - New reporters are added after registries were created. Some metrics will be missing from the reporter. Please add reporter before adding any new registry.
2025-05-12 13:59:10,705 [main] WARN  server.ServerUtils (ServerUtils.java:getDefaultRatisDirectory(304)) - Storage directory for Ratis is not configured. It is a good idea to map this to an SSD disk. Falling back to ozone.metadata.dirs
2025-05-12 13:59:10,706 [main] INFO  server.RaftServerConfigKeys (ConfUtils.java:logGet(46)) - raft.server.log.appender.buffer.byte-limit = 4194304 (custom)
2025-05-12 13:59:10,708 [main] INFO  ratis.OzoneManagerRatisServer (OzoneManagerRatisServer.java:<init>(167)) - Instantiating OM Ratis server with groupID: omServiceIdDefault and peers: pkrvmberfyhpb9w.internal.cloudapp.net:9872
2025-05-12 13:59:10,712 [main] INFO  ratis.OzoneManagerStateMachine (OzoneManagerStateMachine.java:loadSnapshotInfoFromDB(618)) - TransactionInfo not found in OM DB.
2025-05-12 13:59:10,750 [main] INFO  server.RaftServer (ConfUtils.java:logGet(46)) - raft.rpc.type = GRPC (default)
2025-05-12 13:59:10,750 [main] INFO  grpc.GrpcConfigKeys (ConfUtils.java:logFallback(53)) - raft.grpc.admin.host = null (fallback to raft.grpc.server.host)
2025-05-12 13:59:10,751 [main] INFO  grpc.GrpcConfigKeys (ConfUtils.java:logFallback(53)) - raft.grpc.admin.port = 9872 (fallback to raft.grpc.server.port)
2025-05-12 13:59:10,751 [main] INFO  grpc.GrpcConfigKeys (ConfUtils.java:logFallback(53)) - raft.grpc.client.host = null (fallback to raft.grpc.server.host)
2025-05-12 13:59:10,751 [main] INFO  grpc.GrpcConfigKeys (ConfUtils.java:logFallback(53)) - raft.grpc.client.port = 9872 (fallback to raft.grpc.server.port)
2025-05-12 13:59:10,751 [main] INFO  grpc.GrpcConfigKeys (ConfUtils.java:logGet(46)) - raft.grpc.server.host = null (default)
2025-05-12 13:59:10,751 [main] INFO  grpc.GrpcConfigKeys (ConfUtils.java:logGet(46)) - raft.grpc.server.port = 9872 (custom)
2025-05-12 13:59:10,751 [main] INFO  server.GrpcService (ConfUtils.java:logGet(46)) - raft.grpc.message.size.max = 5242880 (custom)
2025-05-12 13:59:10,751 [main] INFO  server.GrpcService (ConfUtils.java:logGet(46)) - raft.grpc.flow.control.window = 1MB (=1048576) (default)
2025-05-12 13:59:10,752 [main] INFO  server.RaftServerConfigKeys (ConfUtils.java:logGet(46)) - raft.server.rpc.request.timeout = 3000ms (default)
2025-05-12 13:59:10,752 [main] INFO  grpc.GrpcConfigKeys (ConfUtils.java:logGet(46)) - raft.grpc.server.heartbeat.channel = true (default)
2025-05-12 13:59:10,752 [main] INFO  server.RaftServerConfigKeys (ConfUtils.java:logGet(46)) - raft.server.log.appender.buffer.byte-limit = 4194304 (custom)
2025-05-12 13:59:10,752 [main] INFO  grpc.GrpcConfigKeys (ConfUtils.java:logGet(46)) - raft.grpc.server.async.request.thread.pool.cached = true (default)
2025-05-12 13:59:10,752 [main] INFO  grpc.GrpcConfigKeys (ConfUtils.java:logGet(46)) - raft.grpc.server.async.request.thread.pool.size = 32 (default)
2025-05-12 13:59:10,753 [main] INFO  impl.DataStreamServerImpl (ConfUtils.java:logGet(46)) - raft.datastream.type = DISABLED (default)
2025-05-12 13:59:10,753 [main] INFO  server.RaftServerConfigKeys (ConfUtils.java:logGet(46)) - raft.server.sleep.deviation.threshold = 300ms (default)
2025-05-12 13:59:10,754 [main] INFO  server.RaftServerConfigKeys (ConfUtils.java:logGet(46)) - raft.server.close.threshold = 60s (default)
2025-05-12 13:59:10,754 [main] INFO  server.RaftServerConfigKeys (ConfUtils.java:logGet(46)) - raft.server.leaderelection.leader.step-down.wait-time = 10s (default)
2025-05-12 13:59:10,754 [main] INFO  server.RaftServerConfigKeys (ConfUtils.java:logGet(46)) - raft.server.storage.dir = [/tmp/junit-14886674664454860871/scm-meta/ratis] (custom)
2025-05-12 13:59:10,754 [main] INFO  server.RaftServerConfigKeys (ConfUtils.java:logGet(46)) - raft.server.threadpool.proxy.cached = true (default)
2025-05-12 13:59:10,755 [main] INFO  server.RaftServerConfigKeys (ConfUtils.java:logGet(46)) - raft.server.threadpool.proxy.size = 0 (default)
2025-05-12 13:59:10,755 [main] INFO  server.RaftServer (RaftServerProxy.java:addNew(100)) - om1: addNew group-C5BA1605619E:[om1|pkrvmberfyhpb9w.internal.cloudapp.net:9872] returns group-C5BA1605619E:java.util.concurrent.CompletableFuture@99c24c[Not completed]
2025-05-12 13:59:10,756 [main] INFO  om.OzoneManager (OzoneManager.java:initializeRatisServer(2284)) - OzoneManager Ratis server initialized at port 9872
2025-05-12 13:59:10,757 [om1-groupManagement] INFO  server.RaftServer$Division (RaftServerImpl.java:<init>(255)) - om1: new RaftServerImpl for group-C5BA1605619E:[om1|pkrvmberfyhpb9w.internal.cloudapp.net:9872] with OzoneManagerStateMachine:uninitialized
2025-05-12 13:59:10,757 [om1-groupManagement] INFO  server.RaftServerConfigKeys (ConfUtils.java:logGet(46)) - raft.server.rpc.timeout.min = 5s (custom)
2025-05-12 13:59:10,757 [om1-groupManagement] INFO  server.RaftServerConfigKeys (ConfUtils.java:logGet(46)) - raft.server.rpc.timeout.max = 5200ms (custom)
2025-05-12 13:59:10,757 [om1-groupManagement] INFO  server.RaftServerConfigKeys (ConfUtils.java:logGet(46)) - raft.server.rpc.sleep.time = 25ms (default)
2025-05-12 13:59:10,757 [om1-groupManagement] INFO  server.RaftServerConfigKeys (ConfUtils.java:logGet(46)) - raft.server.rpc.slowness.timeout = 120s (custom)
2025-05-12 13:59:10,758 [om1-groupManagement] INFO  server.RaftServerConfigKeys (ConfUtils.java:logGet(46)) - raft.server.leaderelection.leader.step-down.wait-time = 10s (default)
2025-05-12 13:59:10,758 [om1-groupManagement] INFO  server.RaftServerConfigKeys (ConfUtils.java:logGet(46)) - raft.server.leaderelection.member.majority-add = false (default)
2025-05-12 13:59:10,758 [om1-groupManagement] INFO  server.RaftServerConfigKeys (ConfUtils.java:logGet(46)) - raft.server.sleep.deviation.threshold = 300ms (default)
2025-05-12 13:59:10,758 [om1-groupManagement] INFO  server.RaftServer$Division (ServerState.java:<init>(114)) - om1@group-C5BA1605619E: ConfigurationManager, init=conf: {index: -1, cur=peers:[om1|pkrvmberfyhpb9w.internal.cloudapp.net:9872]|listeners:[], old=null}, confs=<EMPTY_MAP>
2025-05-12 13:59:10,758 [om1-groupManagement] INFO  server.RaftServerConfigKeys (ConfUtils.java:logGet(46)) - raft.server.notification.no-leader.timeout = 120s (custom)
2025-05-12 13:59:10,758 [om1-groupManagement] INFO  server.RaftServerConfigKeys (ConfUtils.java:logGet(46)) - raft.server.read.timeout = 10s (default)
2025-05-12 13:59:10,758 [om1-groupManagement] INFO  server.RaftServerConfigKeys (ConfUtils.java:logGet(46)) - raft.server.retrycache.expirytime = 300s (custom)
2025-05-12 13:59:10,758 [om1-groupManagement] INFO  server.RaftServerConfigKeys (ConfUtils.java:logGet(46)) - raft.server.retrycache.statistics.expirytime = 100ms (default)
2025-05-12 13:59:10,758 [om1-groupManagement] INFO  server.RaftServerConfigKeys (ConfUtils.java:logGet(46)) - raft.server.read.option = DEFAULT (default)
2025-05-12 13:59:10,758 [om1-groupManagement] INFO  server.RaftServerConfigKeys (ConfUtils.java:logGet(46)) - raft.server.read.read-after-write-consistent.write-index-cache.expiry-time = 60s (default)
2025-05-12 13:59:10,761 [main] INFO  om.OzoneManager (OzoneManager.java:getRpcServer(1340)) - Creating RPC Server
2025-05-12 13:59:10,768 [om1-groupManagement] INFO  server.RaftServerConfigKeys (ConfUtils.java:logGet(46)) - raft.server.rpc.request.timeout = 3000ms (default)
2025-05-12 13:59:10,768 [om1-groupManagement] INFO  server.RaftServerConfigKeys (ConfUtils.java:logGet(46)) - raft.server.log.appender.install.snapshot.enabled = false (custom)
2025-05-12 13:59:10,769 [om1-groupManagement] INFO  server.RaftServerConfigKeys (ConfUtils.java:logGet(46)) - raft.server.threadpool.server.cached = true (default)
2025-05-12 13:59:10,769 [om1-groupManagement] INFO  server.RaftServerConfigKeys (ConfUtils.java:logGet(46)) - raft.server.threadpool.server.size = 0 (default)
2025-05-12 13:59:10,769 [om1-groupManagement] INFO  server.RaftServerConfigKeys (ConfUtils.java:logGet(46)) - raft.server.threadpool.client.cached = true (default)
2025-05-12 13:59:10,769 [om1-groupManagement] INFO  server.RaftServerConfigKeys (ConfUtils.java:logGet(46)) - raft.server.threadpool.client.size = 0 (default)
2025-05-12 13:59:11,597 [main] INFO  reflections.Reflections (Reflections.java:scan(219)) - Reflections took 798 ms to scan 24 urls, producing 60 keys and 7515 values
2025-05-12 13:59:11,742 [main] INFO  ipc.CallQueueManager (CallQueueManager.java:<init>(93)) - Using callQueue: class java.util.concurrent.LinkedBlockingQueue, queueCapacity: 2000, scheduler: class org.apache.hadoop.ipc.DefaultRpcScheduler, ipcBackoff: false, ipcFailOver: false.
2025-05-12 13:59:11,744 [main] INFO  server.StorageContainerManager (StorageContainerManager.java:stop(1608)) - Container Balancer is not running.
2025-05-12 13:59:11,744 [main] INFO  server.StorageContainerManager (StorageContainerManager.java:stopReplicationManager(1742)) - Stopping Replication Manager Service.
2025-05-12 13:59:11,744 [main] INFO  replication.ReplicationManager (ReplicationManager.java:stop(316)) - Stopping Replication Monitor Thread.
2025-05-12 13:59:11,744 [UnderReplicatedProcessor] WARN  replication.UnhealthyReplicationProcessor (UnhealthyReplicationProcessor.java:run(178)) - UnderReplicatedProcessor interrupted. Exiting...
2025-05-12 13:59:11,744 [main] INFO  server.StorageContainerManager (StorageContainerManager.java:stop(1617)) - Stopping the Datanode Admin Monitor.
2025-05-12 13:59:11,745 [main] INFO  server.StorageContainerManager (StorageContainerManager.java:stop(1624)) - Stopping datanode service RPC server
2025-05-12 13:59:11,745 [main] INFO  server.SCMDatanodeProtocolServer (SCMDatanodeProtocolServer.java:stop(447)) - Stopping the RPC server for DataNodes
2025-05-12 13:59:11,745 [main] INFO  ipc.Server (Server.java:stop(3697)) - Stopping server on 15001
2025-05-12 13:59:11,746 [OverReplicatedProcessor] WARN  replication.UnhealthyReplicationProcessor (UnhealthyReplicationProcessor.java:run(178)) - OverReplicatedProcessor interrupted. Exiting...
2025-05-12 13:59:11,746 [ReplicationMonitor] INFO  replication.ReplicationManager (ReplicationManager.java:run(936)) - Replication Monitor Thread is stopped
2025-05-12 13:59:11,786 [SCMHeartbeatProcessor-0] WARN  node.NodeStateManager (NodeStateManager.java:scheduleNextHealthCheck(909)) - Current Thread is interrupted, shutting down HB processing thread for Node Manager.
2025-05-12 13:59:11,787 [main] INFO  server.StorageContainerManager (StorageContainerManager.java:stop(1632)) - Stopping block service RPC server
2025-05-12 13:59:11,787 [main] INFO  server.SCMBlockProtocolServer (SCMBlockProtocolServer.java:stop(175)) - Stopping the RPC server for Block Protocol
2025-05-12 13:59:11,788 [main] INFO  ipc.Server (Server.java:stop(3697)) - Stopping server on 15002
2025-05-12 13:59:11,792 [IPC Server listener on 15002] INFO  ipc.Server (Server.java:run(1585)) - Stopping IPC Server listener on 15002
2025-05-12 13:59:11,793 [IPC Server Responder] INFO  ipc.Server (Server.java:run(1718)) - Stopping IPC Server Responder
2025-05-12 13:59:11,793 [main] INFO  server.StorageContainerManager (StorageContainerManager.java:stop(1639)) - Stopping the StorageContainerLocationProtocol RPC server
2025-05-12 13:59:11,793 [main] INFO  server.SCMClientProtocolServer (SCMClientProtocolServer.java:stop(216)) - Stopping the RPC server for Client Protocol
2025-05-12 13:59:11,794 [main] INFO  ipc.Server (Server.java:stop(3697)) - Stopping server on 15000
2025-05-12 13:59:11,798 [IPC Server listener on 15000] INFO  ipc.Server (Server.java:run(1585)) - Stopping IPC Server listener on 15000
2025-05-12 13:59:11,799 [IPC Server Responder] INFO  ipc.Server (Server.java:run(1718)) - Stopping IPC Server Responder
2025-05-12 13:59:11,799 [main] INFO  server.StorageContainerManager (StorageContainerManager.java:stop(1646)) - Stopping Storage Container Manager HTTP server.
2025-05-12 13:59:11,803 [main] INFO  handler.ContextHandler (ContextHandler.java:doStop(1159)) - Stopped o.e.j.w.WebAppContext@22b112bb{scm,/,null,STOPPED}{file:/home/runner/work/ozone/ozone/hadoop-ozone/integration-test/target/test-classes/webapps/scm}
2025-05-12 13:59:11,807 [main] INFO  server.AbstractConnector (AbstractConnector.java:doStop(383)) - Stopped ServerConnector@5d0ea2af{HTTP/1.1, (http/1.1)}{0.0.0.0:9876}
2025-05-12 13:59:11,807 [main] INFO  server.session (HouseKeeper.java:stopScavenging(149)) - node0 Stopped scavenging
2025-05-12 13:59:11,807 [main] INFO  handler.ContextHandler (ContextHandler.java:doStop(1159)) - Stopped o.e.j.s.ServletContextHandler@19d75d3c{static,/static,file:///home/runner/work/ozone/ozone/hadoop-ozone/integration-test/target/test-classes/webapps/static,STOPPED}
2025-05-12 13:59:11,807 [main] INFO  handler.ContextHandler (ContextHandler.java:doStop(1159)) - Stopped o.e.j.s.ServletContextHandler@7bd4f212{logs,/logs,file:///home/runner/work/ozone/ozone/hadoop-ozone/integration-test/target/log,STOPPED}
2025-05-12 13:59:11,809 [main] INFO  server.StorageContainerManager (StorageContainerManager.java:stop(1654)) - Stopping SCM LayoutVersionManager Service.
2025-05-12 13:59:11,809 [main] INFO  server.SCMSecurityProtocolServer (SCMSecurityProtocolServer.java:stop(510)) - Stopping the SCMSecurityProtocolServer.
2025-05-12 13:59:11,809 [main] INFO  ipc.Server (Server.java:stop(3697)) - Stopping server on 15003
2025-05-12 13:59:11,809 [IPC Server listener on 15003] INFO  ipc.Server (Server.java:run(1585)) - Stopping IPC Server listener on 15003
2025-05-12 13:59:11,810 [main] INFO  server.StorageContainerManager (StorageContainerManager.java:stop(1666)) - Stopping Block Manager Service.
2025-05-12 13:59:11,809 [IPC Server Responder] INFO  ipc.Server (Server.java:run(1718)) - Stopping IPC Server Responder
2025-05-12 13:59:11,810 [main] INFO  utils.BackgroundService (BackgroundService.java:shutdown(160)) - Shutting down service SCMBlockDeletingService
2025-05-12 13:59:11,810 [main] INFO  utils.BackgroundService (BackgroundService.java:shutdown(160)) - Shutting down service SCMBlockDeletingService
2025-05-12 13:59:11,811 [main] INFO  server.StorageContainerManager (StorageContainerManager.java:stop(1691)) - Stopping SCM Event Queue.
2025-05-12 13:59:11,813 [main] INFO  server.StorageContainerManager (StorageContainerManager.java:stop(1698)) - Stopping SCM HA services.
2025-05-12 13:59:11,813 [main] INFO  ha.SCMRatisServerImpl (SCMRatisServerImpl.java:stop(266)) - stopping ratis server 0.0.0.0:15004
2025-05-12 13:59:11,813 [main] INFO  server.RaftServer (RaftServerProxy.java:lambda$close$9(417)) - 81eeb1ed-a39d-4a83-b4ea-8a94ec525eea: close
2025-05-12 13:59:11,814 [main] INFO  server.GrpcService (GrpcService.java:closeImpl(343)) - 81eeb1ed-a39d-4a83-b4ea-8a94ec525eea: shutdown server GrpcServerProtocolService now
2025-05-12 13:59:11,815 [81eeb1ed-a39d-4a83-b4ea-8a94ec525eea-impl-thread1] INFO  server.RaftServer$Division (RaftServerImpl.java:lambda$close$1(513)) - 81eeb1ed-a39d-4a83-b4ea-8a94ec525eea@group-2B4AE716219A: shutdown
2025-05-12 13:59:11,815 [81eeb1ed-a39d-4a83-b4ea-8a94ec525eea-impl-thread1] INFO  util.JmxRegister (JmxRegister.java:unregister(74)) - Successfully un-registered JMX Bean with object name Ratis:service=RaftServer,group=group-2B4AE716219A,id=81eeb1ed-a39d-4a83-b4ea-8a94ec525eea
2025-05-12 13:59:11,815 [81eeb1ed-a39d-4a83-b4ea-8a94ec525eea-impl-thread1] INFO  impl.RoleInfo (RoleInfo.java:shutdownFollowerState(121)) - 81eeb1ed-a39d-4a83-b4ea-8a94ec525eea: shutdown 81eeb1ed-a39d-4a83-b4ea-8a94ec525eea@group-2B4AE716219A-FollowerState
2025-05-12 13:59:11,815 [81eeb1ed-a39d-4a83-b4ea-8a94ec525eea-impl-thread1] INFO  impl.StateMachineUpdater (StateMachineUpdater.java:stopAndJoin(164)) - 81eeb1ed-a39d-4a83-b4ea-8a94ec525eea@group-2B4AE716219A-StateMachineUpdater: set stopIndex = -1
2025-05-12 13:59:11,815 [81eeb1ed-a39d-4a83-b4ea-8a94ec525eea@group-2B4AE716219A-StateMachineUpdater] INFO  impl.StateMachineUpdater (StateMachineUpdater.java:stop(141)) - 81eeb1ed-a39d-4a83-b4ea-8a94ec525eea@group-2B4AE716219A-StateMachineUpdater: closing SCMStateMachine, lastApplied=(t:0, i:~)
2025-05-12 13:59:11,816 [main] INFO  server.GrpcService (GrpcService.java:closeImpl(352)) - 81eeb1ed-a39d-4a83-b4ea-8a94ec525eea: shutdown server GrpcServerProtocolService successfully
2025-05-12 13:59:11,817 [81eeb1ed-a39d-4a83-b4ea-8a94ec525eea@group-2B4AE716219A-FollowerState] INFO  impl.FollowerState (FollowerState.java:runImpl(170)) - 81eeb1ed-a39d-4a83-b4ea-8a94ec525eea@group-2B4AE716219A-FollowerState was interrupted
2025-05-12 13:59:11,817 [81eeb1ed-a39d-4a83-b4ea-8a94ec525eea@group-2B4AE716219A-cacheEviction-AwaitToRun] INFO  util.AwaitToRun (AwaitToRun.java:run(49)) - 81eeb1ed-a39d-4a83-b4ea-8a94ec525eea@group-2B4AE716219A-cacheEviction-AwaitToRun-AwaitForSignal is interrupted
2025-05-12 13:59:12,080 [81eeb1ed-a39d-4a83-b4ea-8a94ec525eea-scm/sub-ca-refreshCACertificates] INFO  retry.RetryInvocationHandler (RetryInvocationHandler.java:log(426)) - com.google.protobuf.ServiceException: java.io.EOFException: End of File Exception between local host is: "pkrvmberfyhpb9w/10.1.1.27"; destination host is: "localhost":15003; : java.io.EOFException; For more details see:  http://wiki.apache.org/hadoop/EOFException, while invoking $Proxy45.submitRequest over nodeId=scmNodeId,nodeAddress=localhost/127.0.0.1:15003 after 1 failover attempts. Trying to failover after sleeping for 2000ms. Current retry count: 1.
2025-05-12 13:59:12,466 [81eeb1ed-a39d-4a83-b4ea-8a94ec525eea-impl-thread1] INFO  segmented.SegmentedRaftLogWorker (SegmentedRaftLogWorker.java:close(252)) - 81eeb1ed-a39d-4a83-b4ea-8a94ec525eea@group-2B4AE716219A-SegmentedRaftLogWorker close()
2025-05-12 13:59:12,467 [JvmPauseMonitor1] INFO  util.JvmPauseMonitor (JvmPauseMonitor.java:run(152)) - JvmPauseMonitor-81eeb1ed-a39d-4a83-b4ea-8a94ec525eea: Stopped
2025-05-12 13:59:12,467 [main] INFO  SCMHATransactionMonitor (BackgroundSCMService.java:stop(127)) - Stopping SCMHATransactionMonitor Service.
2025-05-12 13:59:12,467 [SCMHATransactionMonitor] WARN  SCMHATransactionMonitor (BackgroundSCMService.java:run(111)) - SCMHATransactionMonitor is interrupted, exit
2025-05-12 13:59:12,468 [main] INFO  pipeline.BackgroundPipelineCreator (BackgroundPipelineCreator.java:stop(154)) - Stopping RatisPipelineUtilsThread.
2025-05-12 13:59:12,468 [RatisPipelineUtilsThread-0] WARN  pipeline.BackgroundPipelineCreator (BackgroundPipelineCreator.java:run(185)) - RatisPipelineUtilsThread is interrupted.
2025-05-12 13:59:12,468 [main] INFO  BackgroundPipelineScrubber (BackgroundSCMService.java:stop(127)) - Stopping BackgroundPipelineScrubber Service.
2025-05-12 13:59:12,468 [BackgroundPipelineScrubber] WARN  BackgroundPipelineScrubber (BackgroundSCMService.java:run(111)) - BackgroundPipelineScrubber is interrupted, exit
2025-05-12 13:59:12,469 [main] INFO  impl.MetricsSystemImpl (MetricsSystemImpl.java:stop(210)) - Stopping StorageContainerManager metrics system...
2025-05-12 13:59:12,469 [prometheus] INFO  impl.MetricsSinkAdapter (MetricsSinkAdapter.java:publishMetricsFromQueue(141)) - prometheus thread interrupted.
2025-05-12 13:59:12,469 [main] INFO  impl.MetricsSystemImpl (MetricsSystemImpl.java:stop(216)) - StorageContainerManager metrics system stopped.
2025-05-12 13:59:12,470 [main] WARN  pipeline.BackgroundPipelineCreator (BackgroundPipelineCreator.java:stop(150)) - RatisPipelineUtilsThread is not running, just ignore.
2025-05-12 13:59:12,470 [main] INFO  BackgroundPipelineScrubber (BackgroundSCMService.java:stop(122)) - BackgroundPipelineScrubber Service is not running, skip stop.
2025-05-12 13:59:12,470 [main] INFO  ExpiredContainerReplicaOpScrubber (BackgroundSCMService.java:stop(127)) - Stopping ExpiredContainerReplicaOpScrubber Service.
2025-05-12 13:59:12,470 [main] INFO  utils.BackgroundService (BackgroundService.java:shutdown(160)) - Shutting down service SCMBlockDeletingService
2025-05-12 13:59:12,470 [main] INFO  replication.ReplicationManager (ReplicationManager.java:stop(323)) - Replication Monitor Thread is not running.
2025-05-12 13:59:12,470 [main] WARN  balancer.ContainerBalancer (ContainerBalancer.java:stop(350)) - Cannot stop Container Balancer because it's not running or stopping
2025-05-12 13:59:12,471 [ExpiredContainerReplicaOpScrubber] WARN  ExpiredContainerReplicaOpScrubber (BackgroundSCMService.java:run(111)) - ExpiredContainerReplicaOpScrubber is interrupted, exit
2025-05-12 13:59:12,471 [main] INFO  SCMHATransactionMonitor (BackgroundSCMService.java:stop(122)) - SCMHATransactionMonitor Service is not running, skip stop.
2025-05-12 13:59:12,471 [LeaseManager#LeaseMonitor] WARN  lease.LeaseManager (LeaseManager.java:run(285)) - Lease manager is interrupted. Shutting down...
java.lang.InterruptedException
	at java.base/java.util.concurrent.locks.AbstractQueuedSynchronizer.tryAcquireSharedNanos(AbstractQueuedSynchronizer.java:1133)
	at java.base/java.util.concurrent.Semaphore.tryAcquire(Semaphore.java:415)
	at org.apache.hadoop.ozone.lease.LeaseManager$LeaseMonitor.run(LeaseManager.java:283)
	at java.base/java.lang.Thread.run(Thread.java:1583)
2025-05-12 13:59:12,472 [main] INFO  server.StorageContainerManager (StorageContainerManager.java:stop(1733)) - Stopping SCM MetadataStore.
2025-05-12 13:59:12,472 [81eeb1ed-a39d-4a83-b4ea-8a94ec525eea-scm/sub-ca-refreshCACertificates] ERROR util.ExitUtils (ExitUtils.java:terminate(133)) - Terminating with exit status -1: Thread[#342,81eeb1ed-a39d-4a83-b4ea-8a94ec525eea-scm/sub-ca-refreshCACertificates,5,main] has thrown an uncaught exception
java.lang.reflect.UndeclaredThrowableException
	at jdk.proxy2/jdk.proxy2.$Proxy45.submitRequest(Unknown Source)
	at org.apache.hadoop.hdds.protocolPB.SCMSecurityProtocolClientSideTranslatorPB.submitRequest(SCMSecurityProtocolClientSideTranslatorPB.java:93)
	at org.apache.hadoop.hdds.protocolPB.SCMSecurityProtocolClientSideTranslatorPB.getAllRootCaCertificates(SCMSecurityProtocolClientSideTranslatorPB.java:382)
	at org.apache.hadoop.hdds.security.x509.certificate.client.SCMCertificateClient$RefreshCACertificates.run(SCMCertificateClient.java:238)
	at java.base/java.util.concurrent.ThreadPoolExecutor.runWorker(ThreadPoolExecutor.java:1144)
	at java.base/java.util.concurrent.ThreadPoolExecutor$Worker.run(ThreadPoolExecutor.java:642)
	at java.base/java.lang.Thread.run(Thread.java:1583)
Caused by: java.io.InterruptedIOException: Retry interrupted
	at org.apache.hadoop.io.retry.RetryInvocationHandler$Call.processWaitTimeAndRetryInfo(RetryInvocationHandler.java:141)
	at org.apache.hadoop.io.retry.RetryInvocationHandler$Call.invokeOnce(RetryInvocationHandler.java:112)
	at org.apache.hadoop.io.retry.RetryInvocationHandler.invoke(RetryInvocationHandler.java:366)
	... 7 more
Caused by: java.lang.InterruptedException: sleep interrupted
	at java.base/java.lang.Thread.sleep0(Native Method)
	at java.base/java.lang.Thread.sleep(Thread.java:509)
	at org.apache.hadoop.io.retry.RetryInvocationHandler$Call.processWaitTimeAndRetryInfo(RetryInvocationHandler.java:135)
	... 9 more
2025-05-12 13:59:12,483 [main] INFO  impl.DefaultInternalKdcServerImpl (DefaultInternalKdcServerImpl.java:doStop(102)) - Default Internal kdc server stopped.
2025-05-12 13:59:13,484 [main] INFO  minikdc.MiniKdc (MiniKdc.java:stop(359)) - MiniKdc stopped.
2025-05-12 13:59:13,484 [main] INFO  server.StorageContainerManager (StorageContainerManager.java:stop(1597)) - Storage Container Manager is not running.
2025-05-12 13:59:13,484 [main] INFO  server.StorageContainerManager (StorageContainerManager.java:stopReplicationManager(1742)) - Stopping Replication Manager Service.
2025-05-12 13:59:13,484 [main] INFO  replication.ReplicationManager (ReplicationManager.java:stop(323)) - Replication Monitor Thread is not running.
2025-05-12 13:59:13,485 [main] INFO  server.SCMSecurityProtocolServer (SCMSecurityProtocolServer.java:join(519)) - Join RPC server for SCMSecurityProtocolServer.
2025-05-12 13:59:13,485 [main] INFO  server.SCMSecurityProtocolServer (SCMSecurityProtocolServer.java:join(521)) - Join gRPC server for SCMSecurityProtocolServer.
]]></system-out>
    <rerunError message="Problem binding to [pkrvmberfyhpb9w.internal.cloudapp.net:15013] java.net.BindException: Cannot assign requested address; For more details see:  http://wiki.apache.org/hadoop/BindException" type="java.net.BindException">
      <stackTrace><![CDATA[java.net.BindException: Problem binding to [pkrvmberfyhpb9w.internal.cloudapp.net:15013] java.net.BindException: Cannot assign requested address; For more details see:  http://wiki.apache.org/hadoop/BindException
	at java.base/jdk.internal.reflect.DirectConstructorHandleAccessor.newInstance(DirectConstructorHandleAccessor.java:62)
	at java.base/java.lang.reflect.Constructor.newInstanceWithCaller(Constructor.java:502)
	at java.base/java.lang.reflect.Constructor.newInstance(Constructor.java:486)
	at org.apache.hadoop.net.NetUtils.wrapWithMessage(NetUtils.java:961)
	at org.apache.hadoop.net.NetUtils.wrapException(NetUtils.java:857)
	at org.apache.hadoop.ipc.Server.bind(Server.java:715)
	at org.apache.hadoop.ipc.Server$Listener.<init>(Server.java:1435)
	at org.apache.hadoop.ipc.Server.<init>(Server.java:3364)
	at org.apache.hadoop.ipc.RPC$Server.<init>(RPC.java:1195)
	at org.apache.hadoop.ipc.ProtobufRpcEngine2$Server.<init>(ProtobufRpcEngine2.java:485)
	at org.apache.hadoop.ipc.ProtobufRpcEngine$Server.<init>(ProtobufRpcEngine.java:452)
	at org.apache.hadoop.ipc.ProtobufRpcEngine.getServer(ProtobufRpcEngine.java:375)
	at org.apache.hadoop.ipc.RPC$Builder.build(RPC.java:986)
	at org.apache.hadoop.ozone.om.OzoneManager.startRpcServer(OzoneManager.java:1414)
	at org.apache.hadoop.ozone.om.OzoneManager.getRpcServer(OzoneManager.java:1376)
	at org.apache.hadoop.ozone.om.OzoneManager.<init>(OzoneManager.java:695)
	at org.apache.hadoop.ozone.om.OzoneManager.createOm(OzoneManager.java:877)
	at org.apache.hadoop.ozone.TestSecureOzoneCluster.setupOm(TestSecureOzoneCluster.java:716)
	at org.apache.hadoop.ozone.TestSecureOzoneCluster.testGetSetRevokeS3Secret(TestSecureOzoneCluster.java:728)
	at java.base/java.lang.reflect.Method.invoke(Method.java:580)
	at java.base/java.util.ArrayList.forEach(ArrayList.java:1596)
	at java.base/java.util.ArrayList.forEach(ArrayList.java:1596)
Caused by: java.net.BindException: Cannot assign requested address
	at java.base/sun.nio.ch.Net.bind0(Native Method)
	at java.base/sun.nio.ch.Net.bind(Net.java:565)
	at java.base/sun.nio.ch.ServerSocketChannelImpl.netBind(ServerSocketChannelImpl.java:344)
	at java.base/sun.nio.ch.ServerSocketChannelImpl.bind(ServerSocketChannelImpl.java:301)
	at java.base/sun.nio.ch.ServerSocketAdaptor.bind(ServerSocketAdaptor.java:89)
	at org.apache.hadoop.ipc.Server.bind(Server.java:698)
	... 16 more
]]></stackTrace>
      <system-out><![CDATA[2025-05-12 13:59:13,567 [main] INFO  minikdc.MiniKdc (MiniKdc.java:<init>(225)) - Configuration:
2025-05-12 13:59:13,567 [main] INFO  minikdc.MiniKdc (MiniKdc.java:<init>(226)) - ---------------------------------------------------------------
2025-05-12 13:59:13,568 [main] INFO  minikdc.MiniKdc (MiniKdc.java:<init>(228)) -   max.renewable.lifetime: 604800000
2025-05-12 13:59:13,568 [main] INFO  minikdc.MiniKdc (MiniKdc.java:<init>(228)) -   instance: DefaultKrbServer
2025-05-12 13:59:13,568 [main] INFO  minikdc.MiniKdc (MiniKdc.java:<init>(228)) -   debug: false
2025-05-12 13:59:13,568 [main] INFO  minikdc.MiniKdc (MiniKdc.java:<init>(228)) -   kdc.bind.address: localhost
2025-05-12 13:59:13,568 [main] INFO  minikdc.MiniKdc (MiniKdc.java:<init>(228)) -   max.ticket.lifetime: 86400000
2025-05-12 13:59:13,568 [main] INFO  minikdc.MiniKdc (MiniKdc.java:<init>(228)) -   transport: TCP
2025-05-12 13:59:13,568 [main] INFO  minikdc.MiniKdc (MiniKdc.java:<init>(228)) -   org.name: EXAMPLE
2025-05-12 13:59:13,568 [main] INFO  minikdc.MiniKdc (MiniKdc.java:<init>(228)) -   org.domain: COM
2025-05-12 13:59:13,568 [main] INFO  minikdc.MiniKdc (MiniKdc.java:<init>(228)) -   kdc.port: 0
2025-05-12 13:59:13,569 [main] INFO  minikdc.MiniKdc (MiniKdc.java:<init>(230)) - ---------------------------------------------------------------
2025-05-12 13:59:13,573 [main] INFO  minikdc.MiniKdc (MiniKdc.java:start(285)) - MiniKdc started.
2025-05-12 13:59:14,139 [main] INFO  keys.KeyStorage (KeyStorage.java:storePublicKey(210)) - Storing public key to /tmp/junit-10406717276589115243/om-meta/om/keys/public.pem.
2025-05-12 13:59:14,140 [main] INFO  keys.KeyStorage (KeyStorage.java:storePrivateKey(194)) - Storing private key to /tmp/junit-10406717276589115243/om-meta/om/keys/private.pem.
2025-05-12 13:59:14,140 [main] INFO  om.OzoneManager (OzoneManager.java:getOmDetailsProto(4941)) - OzoneManager ports added:[name: "RPC"
value: 15013
]
2025-05-12 13:59:14,141 [main] WARN  server.ServerUtils (ServerUtils.java:getScmDbDir(138)) - ozone.scm.db.dirs is not configured. We recommend adding this setting. Falling back to ozone.metadata.dirs instead.
2025-05-12 13:59:14,141 [main] INFO  ha.HASecurityUtils (HASecurityUtils.java:initializeSecurity(79)) - Initializing secure StorageContainerManager.
2025-05-12 13:59:14,142 [main] INFO  proxy.SCMSecurityProtocolFailoverProxyProvider (SCMFailoverProxyProviderBase.java:<init>(120)) - Created fail-over proxy for protocol SCMSecurityProtocolPB with 1 nodes: [nodeId=scmNodeId,nodeAddress=localhost/127.0.0.1:15010]
2025-05-12 13:59:14,142 [main] INFO  client.SCMCertificateClient (DefaultCertificateClient.java:updateCertSerialId(1289)) - Certificate serial ID set to null
2025-05-12 13:59:14,142 [main] ERROR client.SCMCertificateClient (DefaultCertificateClient.java:getCertPath(373)) - Default certificate serial id is not set. Can't locate the default certificate for this client.
2025-05-12 13:59:14,142 [main] INFO  client.SCMCertificateClient (DefaultCertificateClient.java:init(717)) - Certificate client init case: 0
2025-05-12 13:59:14,143 [main] INFO  client.SCMCertificateClient (DefaultCertificateClient.java:handleCase(735)) - Creating keypair for client as keypair and certificate not found.
2025-05-12 13:59:14,211 [main] INFO  keys.KeyStorage (KeyStorage.java:storePublicKey(210)) - Storing public key to /tmp/junit-10406717276589115243/scm-meta/scm/sub-ca/keys/public.pem.
2025-05-12 13:59:14,212 [main] INFO  keys.KeyStorage (KeyStorage.java:storePrivateKey(194)) - Storing private key to /tmp/junit-10406717276589115243/scm-meta/scm/sub-ca/keys/private.pem.
2025-05-12 13:59:14,212 [main] INFO  client.SCMCertificateClient (SCMCertificateClient.java:recoverStateIfNeeded(278)) - Init response: GETCERT
2025-05-12 13:59:14,213 [main] INFO  keys.KeyStorage (KeyStorage.java:readPublicKey(174)) - Reading public key from /tmp/junit-10406717276589115243/scm-meta/scm/ca/keys/public.pem.
2025-05-12 13:59:14,213 [main] ERROR keys.KeyStorage (KeyStorage.java:readPublicKey(178)) - Failed to read the public key.
java.nio.file.NoSuchFileException: /tmp/junit-10406717276589115243/scm-meta/scm/ca/keys/public.pem
	at java.base/sun.nio.fs.UnixException.translateToIOException(UnixException.java:92)
	at java.base/sun.nio.fs.UnixException.rethrowAsIOException(UnixException.java:106)
	at java.base/sun.nio.fs.UnixException.rethrowAsIOException(UnixException.java:111)
	at java.base/sun.nio.fs.UnixFileSystemProvider.newByteChannel(UnixFileSystemProvider.java:261)
	at java.base/java.nio.file.Files.newByteChannel(Files.java:380)
	at java.base/java.nio.file.Files.newByteChannel(Files.java:432)
	at java.base/java.nio.file.Files.readAllBytes(Files.java:3281)
	at org.apache.hadoop.hdds.security.x509.keys.KeyStorage.readPublicKey(KeyStorage.java:176)
	at org.apache.hadoop.hdds.security.x509.keys.KeyStorage.readKeyPair(KeyStorage.java:184)
	at org.apache.hadoop.hdds.security.x509.certificate.authority.DefaultCAServer.checkIfKeysExist(DefaultCAServer.java:354)
	at org.apache.hadoop.hdds.security.x509.certificate.authority.DefaultCAServer.verifySelfSignedCA(DefaultCAServer.java:323)
	at org.apache.hadoop.hdds.security.x509.certificate.authority.DefaultCAServer.init(DefaultCAServer.java:162)
	at org.apache.hadoop.hdds.security.x509.certificate.client.SCMCertificateClient.initializeRootCertificateServer(SCMCertificateClient.java:396)
	at org.apache.hadoop.hdds.security.x509.certificate.client.SCMCertificateClient.getPrimarySCMSelfSignedCert(SCMCertificateClient.java:346)
	at org.apache.hadoop.hdds.security.x509.certificate.client.SCMCertificateClient.recoverStateIfNeeded(SCMCertificateClient.java:287)
	at org.apache.hadoop.hdds.security.x509.certificate.client.DefaultCertificateClient.initWithRecovery(DefaultCertificateClient.java:698)
	at org.apache.hadoop.hdds.scm.ha.HASecurityUtils.initializeSecurity(HASecurityUtils.java:96)
	at org.apache.hadoop.ozone.TestSecureOzoneCluster.initSCM(TestSecureOzoneCluster.java:450)
	at org.apache.hadoop.ozone.TestSecureOzoneCluster.testGetSetRevokeS3Secret(TestSecureOzoneCluster.java:722)
	at java.base/jdk.internal.reflect.DirectMethodHandleAccessor.invoke(DirectMethodHandleAccessor.java:103)
	at java.base/java.lang.reflect.Method.invoke(Method.java:580)
	at org.junit.platform.commons.util.ReflectionUtils.invokeMethod(ReflectionUtils.java:775)
	at org.junit.platform.commons.support.ReflectionSupport.invokeMethod(ReflectionSupport.java:479)
	at org.junit.jupiter.engine.execution.MethodInvocation.proceed(MethodInvocation.java:60)
	at org.junit.jupiter.engine.execution.InvocationInterceptorChain$ValidatingInvocation.proceed(InvocationInterceptorChain.java:131)
	at org.junit.jupiter.engine.extension.SameThreadTimeoutInvocation.proceed(SameThreadTimeoutInvocation.java:49)
	at org.junit.jupiter.engine.extension.TimeoutExtension.intercept(TimeoutExtension.java:161)
	at org.junit.jupiter.engine.extension.TimeoutExtension.interceptTestableMethod(TimeoutExtension.java:152)
	at org.junit.jupiter.engine.extension.TimeoutExtension.interceptTestMethod(TimeoutExtension.java:91)
	at org.junit.jupiter.engine.execution.InterceptingExecutableInvoker$ReflectiveInterceptorCall.lambda$ofVoidMethod$0(InterceptingExecutableInvoker.java:112)
	at org.junit.jupiter.engine.execution.InterceptingExecutableInvoker.lambda$invoke$0(InterceptingExecutableInvoker.java:94)
	at org.junit.jupiter.engine.execution.InvocationInterceptorChain$InterceptedInvocation.proceed(InvocationInterceptorChain.java:106)
	at org.junit.jupiter.engine.execution.InvocationInterceptorChain.proceed(InvocationInterceptorChain.java:64)
	at org.junit.jupiter.engine.execution.InvocationInterceptorChain.chainAndInvoke(InvocationInterceptorChain.java:45)
	at org.junit.jupiter.engine.execution.InvocationInterceptorChain.invoke(InvocationInterceptorChain.java:37)
	at org.junit.jupiter.engine.execution.InterceptingExecutableInvoker.invoke(InterceptingExecutableInvoker.java:93)
	at org.junit.jupiter.engine.execution.InterceptingExecutableInvoker.invoke(InterceptingExecutableInvoker.java:87)
	at org.junit.jupiter.engine.descriptor.TestMethodTestDescriptor.lambda$invokeTestMethod$7(TestMethodTestDescriptor.java:216)
	at org.junit.platform.engine.support.hierarchical.ThrowableCollector.execute(ThrowableCollector.java:73)
	at org.junit.jupiter.engine.descriptor.TestMethodTestDescriptor.invokeTestMethod(TestMethodTestDescriptor.java:212)
	at org.junit.jupiter.engine.descriptor.TestMethodTestDescriptor.execute(TestMethodTestDescriptor.java:137)
	at org.junit.jupiter.engine.descriptor.TestMethodTestDescriptor.execute(TestMethodTestDescriptor.java:69)
	at org.junit.platform.engine.support.hierarchical.NodeTestTask.lambda$executeRecursively$6(NodeTestTask.java:156)
	at org.junit.platform.engine.support.hierarchical.ThrowableCollector.execute(ThrowableCollector.java:73)
	at org.junit.platform.engine.support.hierarchical.NodeTestTask.lambda$executeRecursively$8(NodeTestTask.java:146)
	at org.junit.platform.engine.support.hierarchical.Node.around(Node.java:137)
	at org.junit.platform.engine.support.hierarchical.NodeTestTask.lambda$executeRecursively$9(NodeTestTask.java:144)
	at org.junit.platform.engine.support.hierarchical.ThrowableCollector.execute(ThrowableCollector.java:73)
	at org.junit.platform.engine.support.hierarchical.NodeTestTask.executeRecursively(NodeTestTask.java:143)
	at org.junit.platform.engine.support.hierarchical.NodeTestTask.execute(NodeTestTask.java:100)
	at java.base/java.util.ArrayList.forEach(ArrayList.java:1596)
	at org.junit.platform.engine.support.hierarchical.SameThreadHierarchicalTestExecutorService.invokeAll(SameThreadHierarchicalTestExecutorService.java:41)
	at org.junit.platform.engine.support.hierarchical.NodeTestTask.lambda$executeRecursively$6(NodeTestTask.java:160)
	at org.junit.platform.engine.support.hierarchical.ThrowableCollector.execute(ThrowableCollector.java:73)
	at org.junit.platform.engine.support.hierarchical.NodeTestTask.lambda$executeRecursively$8(NodeTestTask.java:146)
	at org.junit.platform.engine.support.hierarchical.Node.around(Node.java:137)
	at org.junit.platform.engine.support.hierarchical.NodeTestTask.lambda$executeRecursively$9(NodeTestTask.java:144)
	at org.junit.platform.engine.support.hierarchical.ThrowableCollector.execute(ThrowableCollector.java:73)
	at org.junit.platform.engine.support.hierarchical.NodeTestTask.executeRecursively(NodeTestTask.java:143)
	at org.junit.platform.engine.support.hierarchical.NodeTestTask.execute(NodeTestTask.java:100)
	at java.base/java.util.ArrayList.forEach(ArrayList.java:1596)
	at org.junit.platform.engine.support.hierarchical.SameThreadHierarchicalTestExecutorService.invokeAll(SameThreadHierarchicalTestExecutorService.java:41)
	at org.junit.platform.engine.support.hierarchical.NodeTestTask.lambda$executeRecursively$6(NodeTestTask.java:160)
	at org.junit.platform.engine.support.hierarchical.ThrowableCollector.execute(ThrowableCollector.java:73)
	at org.junit.platform.engine.support.hierarchical.NodeTestTask.lambda$executeRecursively$8(NodeTestTask.java:146)
	at org.junit.platform.engine.support.hierarchical.Node.around(Node.java:137)
	at org.junit.platform.engine.support.hierarchical.NodeTestTask.lambda$executeRecursively$9(NodeTestTask.java:144)
	at org.junit.platform.engine.support.hierarchical.ThrowableCollector.execute(ThrowableCollector.java:73)
	at org.junit.platform.engine.support.hierarchical.NodeTestTask.executeRecursively(NodeTestTask.java:143)
	at org.junit.platform.engine.support.hierarchical.NodeTestTask.execute(NodeTestTask.java:100)
	at org.junit.platform.engine.support.hierarchical.SameThreadHierarchicalTestExecutorService.submit(SameThreadHierarchicalTestExecutorService.java:35)
	at org.junit.platform.engine.support.hierarchical.HierarchicalTestExecutor.execute(HierarchicalTestExecutor.java:57)
	at org.junit.platform.engine.support.hierarchical.HierarchicalTestEngine.execute(HierarchicalTestEngine.java:54)
	at org.junit.platform.launcher.core.EngineExecutionOrchestrator.execute(EngineExecutionOrchestrator.java:201)
	at org.junit.platform.launcher.core.EngineExecutionOrchestrator.execute(EngineExecutionOrchestrator.java:170)
	at org.junit.platform.launcher.core.EngineExecutionOrchestrator.execute(EngineExecutionOrchestrator.java:94)
	at org.junit.platform.launcher.core.EngineExecutionOrchestrator.lambda$execute$0(EngineExecutionOrchestrator.java:59)
	at org.junit.platform.launcher.core.EngineExecutionOrchestrator.withInterceptedStreams(EngineExecutionOrchestrator.java:142)
	at org.junit.platform.launcher.core.EngineExecutionOrchestrator.execute(EngineExecutionOrchestrator.java:58)
	at org.junit.platform.launcher.core.DefaultLauncher.execute(DefaultLauncher.java:103)
	at org.junit.platform.launcher.core.DefaultLauncher.execute(DefaultLauncher.java:85)
	at org.junit.platform.launcher.core.DelegatingLauncher.execute(DelegatingLauncher.java:47)
	at org.junit.platform.launcher.core.InterceptingLauncher.lambda$execute$1(InterceptingLauncher.java:39)
	at org.junit.platform.launcher.core.ClasspathAlignmentCheckingLauncherInterceptor.intercept(ClasspathAlignmentCheckingLauncherInterceptor.java:25)
	at org.junit.platform.launcher.core.InterceptingLauncher.execute(InterceptingLauncher.java:38)
	at org.junit.platform.launcher.core.DelegatingLauncher.execute(DelegatingLauncher.java:47)
	at org.apache.maven.surefire.junitplatform.LazyLauncher.execute(LazyLauncher.java:56)
	at org.apache.maven.surefire.junitplatform.JUnitPlatformProvider.invokeAllTests(JUnitPlatformProvider.java:162)
	at org.apache.maven.surefire.junitplatform.JUnitPlatformProvider.invoke(JUnitPlatformProvider.java:120)
	at org.apache.maven.surefire.booter.ForkedBooter.runSuitesInProcess(ForkedBooter.java:385)
	at org.apache.maven.surefire.booter.ForkedBooter.execute(ForkedBooter.java:162)
	at org.apache.maven.surefire.booter.ForkedBooter.run(ForkedBooter.java:507)
	at org.apache.maven.surefire.booter.ForkedBooter.main(ForkedBooter.java:495)
2025-05-12 13:59:14,676 [main] INFO  keys.KeyStorage (KeyStorage.java:storePublicKey(210)) - Storing public key to /tmp/junit-10406717276589115243/scm-meta/scm/ca/keys/public.pem.
2025-05-12 13:59:14,677 [main] INFO  keys.KeyStorage (KeyStorage.java:storePrivateKey(194)) - Storing private key to /tmp/junit-10406717276589115243/scm-meta/scm/ca/keys/private.pem.
2025-05-12 13:59:14,677 [main] INFO  ozone.OzoneSecurityUtil (OzoneSecurityUtil.java:getValidInetsForCurrentHost(116)) - ip:fe80:0:0:0:6245:bdff:fe33:754b%eth0 not returned.
2025-05-12 13:59:14,682 [main] INFO  ozone.OzoneSecurityUtil (OzoneSecurityUtil.java:getValidInetsForCurrentHost(113)) - Adding ip:10.1.1.103,host:10.1.1.103
2025-05-12 13:59:14,682 [main] INFO  ozone.OzoneSecurityUtil (OzoneSecurityUtil.java:getValidInetsForCurrentHost(116)) - ip:0:0:0:0:0:0:0:1%lo not returned.
2025-05-12 13:59:14,682 [main] INFO  ozone.OzoneSecurityUtil (OzoneSecurityUtil.java:getValidInetsForCurrentHost(116)) - ip:127.0.0.1 not returned.
2025-05-12 13:59:14,686 [main] ERROR utils.SelfSignedCertificate (SelfSignedCertificate.java:lambda$addInetAddresses$0(244)) - Invalid domain 10.1.1.103
2025-05-12 13:59:14,689 [main] INFO  utils.SelfSignedCertificate (SelfSignedCertificate.java:generateCertificate(156)) - Certificate 1 is issued by SERIALNUMBER=1, O=16575a13-5c4b-4ae1-b0d5-a7be4d65fb3a, OU=24ddb537-416a-4354-9846-7e6052fc354d, CN=scm@pkrvmberfyhpb9w to SERIALNUMBER=1, O=16575a13-5c4b-4ae1-b0d5-a7be4d65fb3a, OU=24ddb537-416a-4354-9846-7e6052fc354d, CN=scm@pkrvmberfyhpb9w, valid from Mon May 12 13:59:14 UTC 2025 to Thu Jun 20 13:59:14 UTC 2030
2025-05-12 13:59:14,690 [main] INFO  utils.CertificateCodec (CertificateCodec.java:writeCertificate(239)) - Save certificate to /tmp/junit-10406717276589115243/scm-meta/scm/ca/certs/certificate.crt
2025-05-12 13:59:14,690 [main] INFO  utils.CertificateCodec (CertificateCodec.java:writeCertificate(240)) - Certificate -----BEGIN CERTIFICATE-----
MIIDwTCCAqmgAwIBAgIBATANBgkqhkiG9w0BAQsFADCBiDEcMBoGA1UEAwwTc2Nt
QHBrcnZtYmVyZnlocGI5dzEtMCsGA1UECwwkMjRkZGI1MzctNDE2YS00MzU0LTk4
NDYtN2U2MDUyZmMzNTRkMS0wKwYDVQQKDCQxNjU3NWExMy01YzRiLTRhZTEtYjBk
NS1hN2JlNGQ2NWZiM2ExCjAIBgNVBAUTATEwHhcNMjUwNTEyMTM1OTE0WhcNMzAw
NjIwMTM1OTE0WjCBiDEcMBoGA1UEAwwTc2NtQHBrcnZtYmVyZnlocGI5dzEtMCsG
A1UECwwkMjRkZGI1MzctNDE2YS00MzU0LTk4NDYtN2U2MDUyZmMzNTRkMS0wKwYD
VQQKDCQxNjU3NWExMy01YzRiLTRhZTEtYjBkNS1hN2JlNGQ2NWZiM2ExCjAIBgNV
BAUTATEwggEiMA0GCSqGSIb3DQEBAQUAA4IBDwAwggEKAoIBAQDVR7FAnhOxPJc7
ln7YdMd8RPv+tZ0YZGY2lQ4Z6tWowClbVDKi86qxPa1FiB2w2qJiPq+iPZ8MJw7Z
kKyOn66coAHXHNomeOiLfR4KEHf0te7VV395Ak2ac1f5mOUi9tm6vPXdu0U3FOu4
BrEcjRr4eBPNBHnegEPda6OJ318Kqaz++kCp87/e7ujbPgqsA4ZRkAbc298XexVq
LwsHaQ17jXgAiPls/OnhKKp1MnqWYXkOd6JO01Pm7QBN6xlnCz9Odzl/4DwCaDtB
cLOyRf+UQ4wQsivUZctCrcxETOHDTKLCGxvTQ85U3gi+pAvL++ViBhPl/BxujRr2
1jVus9sLAgMBAAGjNDAyMA8GA1UdEwEB/wQFMAMBAf8wDgYDVR0PAQH/BAQDAgEG
MA8GA1UdEQQIMAaHBAoBAWcwDQYJKoZIhvcNAQELBQADggEBAKSZUT+RTP4jw7AM
Mk7h1SKQ8SmHpUk9CKgYTzR8uouYkSwmSJneer8/V895pVpIzEPaDYqDOhKwG7vE
X8D1XePEG7tMFs+HgBq3fsruCErxT3eM9K6hauLv2HrpN+vKbpODXCIF13rHKhUa
XJNKs5FGN1VXqyvkqY60dVV7+loCl7hAQThWRYuNHD63BpKylVBAkYnC9GCC9Q52
+xGv1lL0L4tpJUjEFqx5/fQcxxXKS9yhB8cQRsOFfa/ZeLwOZTeWO4Q4PRwnTCzd
PyrrLy1cLJfKbXcJs14aaqSPxGan/FwDpNPECHRLIRppVIxFvfh5c5gZY+qk5dib
6UOoq2M=
-----END CERTIFICATE-----

2025-05-12 13:59:14,690 [main] INFO  keys.KeyStorage (KeyStorage.java:readPublicKey(174)) - Reading public key from /tmp/junit-10406717276589115243/scm-meta/scm/ca/keys/public.pem.
2025-05-12 13:59:14,690 [main] INFO  keys.KeyStorage (KeyStorage.java:readPrivateKey(158)) - Reading private key from /tmp/junit-10406717276589115243/scm-meta/scm/ca/keys/private.pem.
2025-05-12 13:59:14,691 [main] INFO  client.SCMCertificateClient (SCMCertificateClient.java:configureCSRBuilder(141)) - Creating csr for SCM->hostName:pkrvmberfyhpb9w,scmId:24ddb537-416a-4354-9846-7e6052fc354d,clusterId:16575a13-5c4b-4ae1-b0d5-a7be4d65fb3a,subject:scm-sub@pkrvmberfyhpb9w
2025-05-12 13:59:14,692 [main] INFO  ozone.OzoneSecurityUtil (OzoneSecurityUtil.java:getValidInetsForCurrentHost(116)) - ip:fe80:0:0:0:6245:bdff:fe33:754b%eth0 not returned.
2025-05-12 13:59:14,695 [main] INFO  ozone.OzoneSecurityUtil (OzoneSecurityUtil.java:getValidInetsForCurrentHost(113)) - Adding ip:10.1.1.103,host:10.1.1.103
2025-05-12 13:59:14,695 [main] INFO  ozone.OzoneSecurityUtil (OzoneSecurityUtil.java:getValidInetsForCurrentHost(116)) - ip:0:0:0:0:0:0:0:1%lo not returned.
2025-05-12 13:59:14,695 [main] INFO  ozone.OzoneSecurityUtil (OzoneSecurityUtil.java:getValidInetsForCurrentHost(116)) - ip:127.0.0.1 not returned.
2025-05-12 13:59:14,697 [main] ERROR utils.CertificateSignRequest (CertificateSignRequest.java:lambda$addInetAddresses$0(316)) - Invalid domain 10.1.1.103
2025-05-12 13:59:14,700 [main] INFO  keys.KeyStorage (KeyStorage.java:readPrivateKey(158)) - Reading private key from /tmp/junit-10406717276589115243/scm-meta/scm/ca/keys/private.pem.
2025-05-12 13:59:14,702 [main] INFO  authority.DefaultApprover (DefaultApprover.java:sign(171)) - Extensions in CSR: 2.5.29.19, 2.5.29.15, 2.5.29.17
2025-05-12 13:59:14,702 [main] INFO  authority.DefaultApprover (DefaultApprover.java:sign(175)) - Extensions to add to the certificate if they present in CSR: 2.5.29.15, 2.5.29.17, 2.5.29.35, 2.5.29.37, 2.5.29.19, 1.3.6.1.5.5.7.1.12
2025-05-12 13:59:14,707 [main] INFO  utils.CertificateCodec (CertificateCodec.java:writeCertificate(239)) - Save certificate to /tmp/junit-10406717276589115243/scm-meta/scm/sub-ca/certs/CA-1.crt
2025-05-12 13:59:14,707 [main] INFO  utils.CertificateCodec (CertificateCodec.java:writeCertificate(240)) - Certificate -----BEGIN CERTIFICATE-----
MIIDwTCCAqmgAwIBAgIBATANBgkqhkiG9w0BAQsFADCBiDEcMBoGA1UEAwwTc2Nt
QHBrcnZtYmVyZnlocGI5dzEtMCsGA1UECwwkMjRkZGI1MzctNDE2YS00MzU0LTk4
NDYtN2U2MDUyZmMzNTRkMS0wKwYDVQQKDCQxNjU3NWExMy01YzRiLTRhZTEtYjBk
NS1hN2JlNGQ2NWZiM2ExCjAIBgNVBAUTATEwHhcNMjUwNTEyMTM1OTE0WhcNMzAw
NjIwMTM1OTE0WjCBiDEcMBoGA1UEAwwTc2NtQHBrcnZtYmVyZnlocGI5dzEtMCsG
A1UECwwkMjRkZGI1MzctNDE2YS00MzU0LTk4NDYtN2U2MDUyZmMzNTRkMS0wKwYD
VQQKDCQxNjU3NWExMy01YzRiLTRhZTEtYjBkNS1hN2JlNGQ2NWZiM2ExCjAIBgNV
BAUTATEwggEiMA0GCSqGSIb3DQEBAQUAA4IBDwAwggEKAoIBAQDVR7FAnhOxPJc7
ln7YdMd8RPv+tZ0YZGY2lQ4Z6tWowClbVDKi86qxPa1FiB2w2qJiPq+iPZ8MJw7Z
kKyOn66coAHXHNomeOiLfR4KEHf0te7VV395Ak2ac1f5mOUi9tm6vPXdu0U3FOu4
BrEcjRr4eBPNBHnegEPda6OJ318Kqaz++kCp87/e7ujbPgqsA4ZRkAbc298XexVq
LwsHaQ17jXgAiPls/OnhKKp1MnqWYXkOd6JO01Pm7QBN6xlnCz9Odzl/4DwCaDtB
cLOyRf+UQ4wQsivUZctCrcxETOHDTKLCGxvTQ85U3gi+pAvL++ViBhPl/BxujRr2
1jVus9sLAgMBAAGjNDAyMA8GA1UdEwEB/wQFMAMBAf8wDgYDVR0PAQH/BAQDAgEG
MA8GA1UdEQQIMAaHBAoBAWcwDQYJKoZIhvcNAQELBQADggEBAKSZUT+RTP4jw7AM
Mk7h1SKQ8SmHpUk9CKgYTzR8uouYkSwmSJneer8/V895pVpIzEPaDYqDOhKwG7vE
X8D1XePEG7tMFs+HgBq3fsruCErxT3eM9K6hauLv2HrpN+vKbpODXCIF13rHKhUa
XJNKs5FGN1VXqyvkqY60dVV7+loCl7hAQThWRYuNHD63BpKylVBAkYnC9GCC9Q52
+xGv1lL0L4tpJUjEFqx5/fQcxxXKS9yhB8cQRsOFfa/ZeLwOZTeWO4Q4PRwnTCzd
PyrrLy1cLJfKbXcJs14aaqSPxGan/FwDpNPECHRLIRppVIxFvfh5c5gZY+qk5dib
6UOoq2M=
-----END CERTIFICATE-----

2025-05-12 13:59:14,708 [main] INFO  utils.CertificateCodec (CertificateCodec.java:writeCertificate(239)) - Save certificate to /tmp/junit-10406717276589115243/scm-meta/scm/sub-ca/certs/2.crt
2025-05-12 13:59:14,708 [main] INFO  utils.CertificateCodec (CertificateCodec.java:writeCertificate(240)) - Certificate -----BEGIN CERTIFICATE-----
MIIDxTCCAq2gAwIBAgIBAjANBgkqhkiG9w0BAQsFADCBiDEcMBoGA1UEAwwTc2Nt
QHBrcnZtYmVyZnlocGI5dzEtMCsGA1UECwwkMjRkZGI1MzctNDE2YS00MzU0LTk4
NDYtN2U2MDUyZmMzNTRkMS0wKwYDVQQKDCQxNjU3NWExMy01YzRiLTRhZTEtYjBk
NS1hN2JlNGQ2NWZiM2ExCjAIBgNVBAUTATEwHhcNMjUwNTEyMTM1OTE0WhcNMzAw
NjIwMTM1OTE0WjCBjDEgMB4GA1UEAwwXc2NtLXN1YkBwa3J2bWJlcmZ5aHBiOXcx
LTArBgNVBAsMJDI0ZGRiNTM3LTQxNmEtNDM1NC05ODQ2LTdlNjA1MmZjMzU0ZDEt
MCsGA1UECgwkMTY1NzVhMTMtNWM0Yi00YWUxLWIwZDUtYTdiZTRkNjVmYjNhMQow
CAYDVQQFEwEyMIIBIjANBgkqhkiG9w0BAQEFAAOCAQ8AMIIBCgKCAQEApqqG1Rb7
FhRTplEUpGoPc/XIe2ZhA5r6thEA+n2FTh3lxNrwx4nCudFmZZ7GVI7YElmoDv+N
izjnHsjLj4Fd6po1pGlRByNZBRZvn9wY7K+gcFZ7kPGWD4E9Kcbbu5+Gs7jbPM/c
zbrSILF7YqbMAfSrpAeJhTvotkX6sGJKw83G5Df2Z625GUgjFLYSx2nCjBfB3EDh
82uQc/N85feITGMXyyAF+LXT8tEZpQqYFsyDqnASsX4B/6TbrYbnqICBgPz64EdE
SucytRbLQG8jlG9oPAvQeIbfTpC271Ip260ORNiIAuGrpOiHOFBlV5dE4nC4IYTf
HVMD5l30ZFn9twIDAQABozQwMjAOBgNVHQ8BAf8EBAMCAb4wDwYDVR0RBAgwBocE
CgEBZzAPBgNVHRMBAf8EBTADAQH/MA0GCSqGSIb3DQEBCwUAA4IBAQAmT0nGizWk
B6QqqrY9WaELUzqodYOmhtZjFExkXLQDouDCtJLxqNNmAcYP32yM8fHkD/qIlacN
abOW6llqleoZ/hnRjulJ8pQCk1O+l9AYY3LTZvGx1kWCAW1erVX1az7s+mbUCPJz
xuYi1wsPX2rFB8VsbgDhCx+mTDpksQJ50QoXcKvrnd9m3xsGYTyjp5+LsH18FyO9
1fr1qp9fU3oWvXvxgzDDbAQ2xAFFrUfQ1ot62SBiPEXgw+jA/sr6bsYcRKO7Fxat
jaqaTnyGNPaCMRFciw2j3wkw24UFS18e0kzvLC74SRhgNb4nBeSi+T7BC7XbllwA
nXN4KH3fJ95f
-----END CERTIFICATE-----

-----BEGIN CERTIFICATE-----
MIIDwTCCAqmgAwIBAgIBATANBgkqhkiG9w0BAQsFADCBiDEcMBoGA1UEAwwTc2Nt
QHBrcnZtYmVyZnlocGI5dzEtMCsGA1UECwwkMjRkZGI1MzctNDE2YS00MzU0LTk4
NDYtN2U2MDUyZmMzNTRkMS0wKwYDVQQKDCQxNjU3NWExMy01YzRiLTRhZTEtYjBk
NS1hN2JlNGQ2NWZiM2ExCjAIBgNVBAUTATEwHhcNMjUwNTEyMTM1OTE0WhcNMzAw
NjIwMTM1OTE0WjCBiDEcMBoGA1UEAwwTc2NtQHBrcnZtYmVyZnlocGI5dzEtMCsG
A1UECwwkMjRkZGI1MzctNDE2YS00MzU0LTk4NDYtN2U2MDUyZmMzNTRkMS0wKwYD
VQQKDCQxNjU3NWExMy01YzRiLTRhZTEtYjBkNS1hN2JlNGQ2NWZiM2ExCjAIBgNV
BAUTATEwggEiMA0GCSqGSIb3DQEBAQUAA4IBDwAwggEKAoIBAQDVR7FAnhOxPJc7
ln7YdMd8RPv+tZ0YZGY2lQ4Z6tWowClbVDKi86qxPa1FiB2w2qJiPq+iPZ8MJw7Z
kKyOn66coAHXHNomeOiLfR4KEHf0te7VV395Ak2ac1f5mOUi9tm6vPXdu0U3FOu4
BrEcjRr4eBPNBHnegEPda6OJ318Kqaz++kCp87/e7ujbPgqsA4ZRkAbc298XexVq
LwsHaQ17jXgAiPls/OnhKKp1MnqWYXkOd6JO01Pm7QBN6xlnCz9Odzl/4DwCaDtB
cLOyRf+UQ4wQsivUZctCrcxETOHDTKLCGxvTQ85U3gi+pAvL++ViBhPl/BxujRr2
1jVus9sLAgMBAAGjNDAyMA8GA1UdEwEB/wQFMAMBAf8wDgYDVR0PAQH/BAQDAgEG
MA8GA1UdEQQIMAaHBAoBAWcwDQYJKoZIhvcNAQELBQADggEBAKSZUT+RTP4jw7AM
Mk7h1SKQ8SmHpUk9CKgYTzR8uouYkSwmSJneer8/V895pVpIzEPaDYqDOhKwG7vE
X8D1XePEG7tMFs+HgBq3fsruCErxT3eM9K6hauLv2HrpN+vKbpODXCIF13rHKhUa
XJNKs5FGN1VXqyvkqY60dVV7+loCl7hAQThWRYuNHD63BpKylVBAkYnC9GCC9Q52
+xGv1lL0L4tpJUjEFqx5/fQcxxXKS9yhB8cQRsOFfa/ZeLwOZTeWO4Q4PRwnTCzd
PyrrLy1cLJfKbXcJs14aaqSPxGan/FwDpNPECHRLIRppVIxFvfh5c5gZY+qk5dib
6UOoq2M=
-----END CERTIFICATE-----

2025-05-12 13:59:14,709 [main] INFO  utils.CertificateCodec (CertificateCodec.java:writeCertificate(239)) - Save certificate to /tmp/junit-10406717276589115243/scm-meta/scm/sub-ca/certs/certificate.crt
2025-05-12 13:59:14,709 [main] INFO  utils.CertificateCodec (CertificateCodec.java:writeCertificate(240)) - Certificate -----BEGIN CERTIFICATE-----
MIIDxTCCAq2gAwIBAgIBAjANBgkqhkiG9w0BAQsFADCBiDEcMBoGA1UEAwwTc2Nt
QHBrcnZtYmVyZnlocGI5dzEtMCsGA1UECwwkMjRkZGI1MzctNDE2YS00MzU0LTk4
NDYtN2U2MDUyZmMzNTRkMS0wKwYDVQQKDCQxNjU3NWExMy01YzRiLTRhZTEtYjBk
NS1hN2JlNGQ2NWZiM2ExCjAIBgNVBAUTATEwHhcNMjUwNTEyMTM1OTE0WhcNMzAw
NjIwMTM1OTE0WjCBjDEgMB4GA1UEAwwXc2NtLXN1YkBwa3J2bWJlcmZ5aHBiOXcx
LTArBgNVBAsMJDI0ZGRiNTM3LTQxNmEtNDM1NC05ODQ2LTdlNjA1MmZjMzU0ZDEt
MCsGA1UECgwkMTY1NzVhMTMtNWM0Yi00YWUxLWIwZDUtYTdiZTRkNjVmYjNhMQow
CAYDVQQFEwEyMIIBIjANBgkqhkiG9w0BAQEFAAOCAQ8AMIIBCgKCAQEApqqG1Rb7
FhRTplEUpGoPc/XIe2ZhA5r6thEA+n2FTh3lxNrwx4nCudFmZZ7GVI7YElmoDv+N
izjnHsjLj4Fd6po1pGlRByNZBRZvn9wY7K+gcFZ7kPGWD4E9Kcbbu5+Gs7jbPM/c
zbrSILF7YqbMAfSrpAeJhTvotkX6sGJKw83G5Df2Z625GUgjFLYSx2nCjBfB3EDh
82uQc/N85feITGMXyyAF+LXT8tEZpQqYFsyDqnASsX4B/6TbrYbnqICBgPz64EdE
SucytRbLQG8jlG9oPAvQeIbfTpC271Ip260ORNiIAuGrpOiHOFBlV5dE4nC4IYTf
HVMD5l30ZFn9twIDAQABozQwMjAOBgNVHQ8BAf8EBAMCAb4wDwYDVR0RBAgwBocE
CgEBZzAPBgNVHRMBAf8EBTADAQH/MA0GCSqGSIb3DQEBCwUAA4IBAQAmT0nGizWk
B6QqqrY9WaELUzqodYOmhtZjFExkXLQDouDCtJLxqNNmAcYP32yM8fHkD/qIlacN
abOW6llqleoZ/hnRjulJ8pQCk1O+l9AYY3LTZvGx1kWCAW1erVX1az7s+mbUCPJz
xuYi1wsPX2rFB8VsbgDhCx+mTDpksQJ50QoXcKvrnd9m3xsGYTyjp5+LsH18FyO9
1fr1qp9fU3oWvXvxgzDDbAQ2xAFFrUfQ1ot62SBiPEXgw+jA/sr6bsYcRKO7Fxat
jaqaTnyGNPaCMRFciw2j3wkw24UFS18e0kzvLC74SRhgNb4nBeSi+T7BC7XbllwA
nXN4KH3fJ95f
-----END CERTIFICATE-----

-----BEGIN CERTIFICATE-----
MIIDwTCCAqmgAwIBAgIBATANBgkqhkiG9w0BAQsFADCBiDEcMBoGA1UEAwwTc2Nt
QHBrcnZtYmVyZnlocGI5dzEtMCsGA1UECwwkMjRkZGI1MzctNDE2YS00MzU0LTk4
NDYtN2U2MDUyZmMzNTRkMS0wKwYDVQQKDCQxNjU3NWExMy01YzRiLTRhZTEtYjBk
NS1hN2JlNGQ2NWZiM2ExCjAIBgNVBAUTATEwHhcNMjUwNTEyMTM1OTE0WhcNMzAw
NjIwMTM1OTE0WjCBiDEcMBoGA1UEAwwTc2NtQHBrcnZtYmVyZnlocGI5dzEtMCsG
A1UECwwkMjRkZGI1MzctNDE2YS00MzU0LTk4NDYtN2U2MDUyZmMzNTRkMS0wKwYD
VQQKDCQxNjU3NWExMy01YzRiLTRhZTEtYjBkNS1hN2JlNGQ2NWZiM2ExCjAIBgNV
BAUTATEwggEiMA0GCSqGSIb3DQEBAQUAA4IBDwAwggEKAoIBAQDVR7FAnhOxPJc7
ln7YdMd8RPv+tZ0YZGY2lQ4Z6tWowClbVDKi86qxPa1FiB2w2qJiPq+iPZ8MJw7Z
kKyOn66coAHXHNomeOiLfR4KEHf0te7VV395Ak2ac1f5mOUi9tm6vPXdu0U3FOu4
BrEcjRr4eBPNBHnegEPda6OJ318Kqaz++kCp87/e7ujbPgqsA4ZRkAbc298XexVq
LwsHaQ17jXgAiPls/OnhKKp1MnqWYXkOd6JO01Pm7QBN6xlnCz9Odzl/4DwCaDtB
cLOyRf+UQ4wQsivUZctCrcxETOHDTKLCGxvTQ85U3gi+pAvL++ViBhPl/BxujRr2
1jVus9sLAgMBAAGjNDAyMA8GA1UdEwEB/wQFMAMBAf8wDgYDVR0PAQH/BAQDAgEG
MA8GA1UdEQQIMAaHBAoBAWcwDQYJKoZIhvcNAQELBQADggEBAKSZUT+RTP4jw7AM
Mk7h1SKQ8SmHpUk9CKgYTzR8uouYkSwmSJneer8/V895pVpIzEPaDYqDOhKwG7vE
X8D1XePEG7tMFs+HgBq3fsruCErxT3eM9K6hauLv2HrpN+vKbpODXCIF13rHKhUa
XJNKs5FGN1VXqyvkqY60dVV7+loCl7hAQThWRYuNHD63BpKylVBAkYnC9GCC9Q52
+xGv1lL0L4tpJUjEFqx5/fQcxxXKS9yhB8cQRsOFfa/ZeLwOZTeWO4Q4PRwnTCzd
PyrrLy1cLJfKbXcJs14aaqSPxGan/FwDpNPECHRLIRppVIxFvfh5c5gZY+qk5dib
6UOoq2M=
-----END CERTIFICATE-----

2025-05-12 13:59:14,709 [main] INFO  client.SCMCertificateClient (SCMCertificateClient.java:recoverStateIfNeeded(289)) - Successfully stored SCM signed certificate.
2025-05-12 13:59:14,711 [main] INFO  ha.SCMHANodeDetails (SCMHANodeDetails.java:loadSCMHAConfig(162)) - ServiceID for StorageContainerManager is null
2025-05-12 13:59:14,711 [main] INFO  ha.SCMHANodeDetails (SCMHANodeDetails.java:loadSCMHAConfig(166)) - ozone.scm.default.service.id is not defined, falling back to ozone.scm.service.ids to find serviceID for StorageContainerManager if it is HA enabled cluster
2025-05-12 13:59:14,712 [main] INFO  server.RaftServerConfigKeys (ConfUtils.java:logGet(46)) - raft.server.log.appender.buffer.byte-limit = 4194304 (custom)
2025-05-12 13:59:14,713 [main] INFO  server.RaftServer (ConfUtils.java:logGet(46)) - raft.rpc.type = GRPC (default)
2025-05-12 13:59:14,714 [main] INFO  grpc.GrpcConfigKeys (ConfUtils.java:logFallback(53)) - raft.grpc.admin.host = null (fallback to raft.grpc.server.host)
2025-05-12 13:59:14,714 [main] INFO  grpc.GrpcConfigKeys (ConfUtils.java:logFallback(53)) - raft.grpc.admin.port = 15011 (fallback to raft.grpc.server.port)
2025-05-12 13:59:14,714 [main] INFO  grpc.GrpcConfigKeys (ConfUtils.java:logFallback(53)) - raft.grpc.client.host = null (fallback to raft.grpc.server.host)
2025-05-12 13:59:14,714 [main] INFO  grpc.GrpcConfigKeys (ConfUtils.java:logFallback(53)) - raft.grpc.client.port = 15011 (fallback to raft.grpc.server.port)
2025-05-12 13:59:14,714 [main] INFO  grpc.GrpcConfigKeys (ConfUtils.java:logGet(46)) - raft.grpc.server.host = null (default)
2025-05-12 13:59:14,714 [main] INFO  grpc.GrpcConfigKeys (ConfUtils.java:logGet(46)) - raft.grpc.server.port = 15011 (custom)
2025-05-12 13:59:14,714 [main] INFO  server.GrpcService (ConfUtils.java:logGet(46)) - raft.grpc.message.size.max = 5242880 (custom)
2025-05-12 13:59:14,714 [main] INFO  server.GrpcService (ConfUtils.java:logGet(46)) - raft.grpc.flow.control.window = 1MB (=1048576) (default)
2025-05-12 13:59:14,715 [main] INFO  server.RaftServerConfigKeys (ConfUtils.java:logGet(46)) - raft.server.rpc.request.timeout = 30000ms (custom)
2025-05-12 13:59:14,715 [main] INFO  grpc.GrpcConfigKeys (ConfUtils.java:logGet(46)) - raft.grpc.server.heartbeat.channel = true (default)
2025-05-12 13:59:14,715 [main] INFO  server.RaftServerConfigKeys (ConfUtils.java:logGet(46)) - raft.server.log.appender.buffer.byte-limit = 4194304 (custom)
2025-05-12 13:59:14,715 [main] INFO  grpc.GrpcConfigKeys (ConfUtils.java:logGet(46)) - raft.grpc.server.async.request.thread.pool.cached = true (default)
2025-05-12 13:59:14,715 [main] INFO  grpc.GrpcConfigKeys (ConfUtils.java:logGet(46)) - raft.grpc.server.async.request.thread.pool.size = 32 (default)
2025-05-12 13:59:14,716 [main] INFO  impl.DataStreamServerImpl (ConfUtils.java:logGet(46)) - raft.datastream.type = DISABLED (default)
2025-05-12 13:59:14,716 [main] INFO  server.RaftServerConfigKeys (ConfUtils.java:logGet(46)) - raft.server.sleep.deviation.threshold = 300ms (default)
2025-05-12 13:59:14,717 [main] INFO  server.RaftServerConfigKeys (ConfUtils.java:logGet(46)) - raft.server.close.threshold = 60s (default)
2025-05-12 13:59:14,717 [main] INFO  server.RaftServerConfigKeys (ConfUtils.java:logGet(46)) - raft.server.leaderelection.leader.step-down.wait-time = 10s (default)
2025-05-12 13:59:14,717 [main] INFO  server.RaftServerConfigKeys (ConfUtils.java:logGet(46)) - raft.server.storage.dir = [/tmp/junit-10406717276589115243/scm-meta/scm-ha] (custom)
2025-05-12 13:59:14,717 [main] INFO  server.RaftServerConfigKeys (ConfUtils.java:logGet(46)) - raft.server.threadpool.proxy.cached = true (default)
2025-05-12 13:59:14,717 [main] INFO  server.RaftServerConfigKeys (ConfUtils.java:logGet(46)) - raft.server.threadpool.proxy.size = 0 (default)
2025-05-12 13:59:14,718 [main] INFO  server.RaftServer (RaftServerProxy.java:addNew(100)) - 24ddb537-416a-4354-9846-7e6052fc354d: addNew group-A7BE4D65FB3A:[24ddb537-416a-4354-9846-7e6052fc354d|pkrvmberfyhpb9w:15011] returns group-A7BE4D65FB3A:java.util.concurrent.CompletableFuture@1ee69b3[Not completed]
2025-05-12 13:59:14,718 [24ddb537-416a-4354-9846-7e6052fc354d-groupManagement] INFO  server.RaftServer$Division (RaftServerImpl.java:<init>(255)) - 24ddb537-416a-4354-9846-7e6052fc354d: new RaftServerImpl for group-A7BE4D65FB3A:[24ddb537-416a-4354-9846-7e6052fc354d|pkrvmberfyhpb9w:15011] with SCMStateMachine:uninitialized
2025-05-12 13:59:14,718 [24ddb537-416a-4354-9846-7e6052fc354d-groupManagement] INFO  server.RaftServerConfigKeys (ConfUtils.java:logGet(46)) - raft.server.rpc.timeout.min = 5000ms (custom)
2025-05-12 13:59:14,718 [24ddb537-416a-4354-9846-7e6052fc354d-groupManagement] INFO  server.RaftServerConfigKeys (ConfUtils.java:logGet(46)) - raft.server.rpc.timeout.max = 5200ms (custom)
2025-05-12 13:59:14,718 [24ddb537-416a-4354-9846-7e6052fc354d-groupManagement] INFO  server.RaftServerConfigKeys (ConfUtils.java:logGet(46)) - raft.server.rpc.sleep.time = 25ms (default)
2025-05-12 13:59:14,718 [24ddb537-416a-4354-9846-7e6052fc354d-groupManagement] INFO  server.RaftServerConfigKeys (ConfUtils.java:logGet(46)) - raft.server.rpc.slowness.timeout = 120000ms (custom)
2025-05-12 13:59:14,718 [24ddb537-416a-4354-9846-7e6052fc354d-groupManagement] INFO  server.RaftServerConfigKeys (ConfUtils.java:logGet(46)) - raft.server.leaderelection.leader.step-down.wait-time = 10s (default)
2025-05-12 13:59:14,719 [24ddb537-416a-4354-9846-7e6052fc354d-groupManagement] INFO  server.RaftServerConfigKeys (ConfUtils.java:logGet(46)) - raft.server.leaderelection.member.majority-add = false (default)
2025-05-12 13:59:14,719 [24ddb537-416a-4354-9846-7e6052fc354d-groupManagement] INFO  server.RaftServerConfigKeys (ConfUtils.java:logGet(46)) - raft.server.sleep.deviation.threshold = 300ms (default)
2025-05-12 13:59:14,719 [24ddb537-416a-4354-9846-7e6052fc354d-groupManagement] INFO  server.RaftServer$Division (ServerState.java:<init>(114)) - 24ddb537-416a-4354-9846-7e6052fc354d@group-A7BE4D65FB3A: ConfigurationManager, init=conf: {index: -1, cur=peers:[24ddb537-416a-4354-9846-7e6052fc354d|pkrvmberfyhpb9w:15011]|listeners:[], old=null}, confs=<EMPTY_MAP>
2025-05-12 13:59:14,719 [24ddb537-416a-4354-9846-7e6052fc354d-groupManagement] INFO  server.RaftServerConfigKeys (ConfUtils.java:logGet(46)) - raft.server.notification.no-leader.timeout = 60s (default)
2025-05-12 13:59:14,719 [24ddb537-416a-4354-9846-7e6052fc354d-groupManagement] INFO  server.RaftServerConfigKeys (ConfUtils.java:logGet(46)) - raft.server.read.timeout = 10s (default)
2025-05-12 13:59:14,719 [24ddb537-416a-4354-9846-7e6052fc354d-groupManagement] INFO  server.RaftServerConfigKeys (ConfUtils.java:logGet(46)) - raft.server.retrycache.expirytime = 60000ms (default)
2025-05-12 13:59:14,719 [24ddb537-416a-4354-9846-7e6052fc354d-groupManagement] INFO  server.RaftServerConfigKeys (ConfUtils.java:logGet(46)) - raft.server.retrycache.statistics.expirytime = 100ms (default)
2025-05-12 13:59:14,719 [24ddb537-416a-4354-9846-7e6052fc354d-groupManagement] INFO  server.RaftServerConfigKeys (ConfUtils.java:logGet(46)) - raft.server.read.option = DEFAULT (default)
2025-05-12 13:59:14,719 [24ddb537-416a-4354-9846-7e6052fc354d-groupManagement] INFO  server.RaftServerConfigKeys (ConfUtils.java:logGet(46)) - raft.server.read.read-after-write-consistent.write-index-cache.expiry-time = 60s (default)
2025-05-12 13:59:14,722 [24ddb537-416a-4354-9846-7e6052fc354d-groupManagement] INFO  server.RaftServerConfigKeys (ConfUtils.java:logGet(46)) - raft.server.rpc.request.timeout = 30000ms (custom)
2025-05-12 13:59:14,723 [24ddb537-416a-4354-9846-7e6052fc354d-groupManagement] INFO  server.RaftServerConfigKeys (ConfUtils.java:logGet(46)) - raft.server.log.appender.install.snapshot.enabled = false (custom)
2025-05-12 13:59:14,723 [24ddb537-416a-4354-9846-7e6052fc354d-groupManagement] INFO  server.RaftServerConfigKeys (ConfUtils.java:logGet(46)) - raft.server.threadpool.server.cached = true (default)
2025-05-12 13:59:14,723 [24ddb537-416a-4354-9846-7e6052fc354d-groupManagement] INFO  server.RaftServerConfigKeys (ConfUtils.java:logGet(46)) - raft.server.threadpool.server.size = 0 (default)
2025-05-12 13:59:14,723 [24ddb537-416a-4354-9846-7e6052fc354d-groupManagement] INFO  server.RaftServerConfigKeys (ConfUtils.java:logGet(46)) - raft.server.threadpool.client.cached = true (default)
2025-05-12 13:59:14,723 [24ddb537-416a-4354-9846-7e6052fc354d-groupManagement] INFO  server.RaftServerConfigKeys (ConfUtils.java:logGet(46)) - raft.server.threadpool.client.size = 0 (default)
2025-05-12 13:59:14,723 [24ddb537-416a-4354-9846-7e6052fc354d-impl-thread1] INFO  server.RaftServerConfigKeys (ConfUtils.java:logGet(46)) - raft.server.storage.free-space.min = 0MB (=0) (default)
2025-05-12 13:59:14,723 [24ddb537-416a-4354-9846-7e6052fc354d-impl-thread1] INFO  server.RaftServerConfigKeys (ConfUtils.java:logGet(46)) - raft.server.log.corruption.policy = EXCEPTION (default)
2025-05-12 13:59:14,723 [24ddb537-416a-4354-9846-7e6052fc354d-impl-thread1] INFO  server.RaftServerConfigKeys (ConfUtils.java:logGet(46)) - raft.server.storage.dir = [/tmp/junit-10406717276589115243/scm-meta/scm-ha] (custom)
2025-05-12 13:59:14,723 [24ddb537-416a-4354-9846-7e6052fc354d-impl-thread1] INFO  storage.RaftStorageDirectory (RaftStorageDirectoryImpl.java:analyzeStorage(138)) - The storage directory /tmp/junit-10406717276589115243/scm-meta/scm-ha/16575a13-5c4b-4ae1-b0d5-a7be4d65fb3a does not exist. Creating ...
2025-05-12 13:59:14,725 [24ddb537-416a-4354-9846-7e6052fc354d-impl-thread1] INFO  storage.RaftStorageDirectory (RaftStorageDirectoryImpl.java:tryLock(229)) - Lock on /tmp/junit-10406717276589115243/scm-meta/scm-ha/16575a13-5c4b-4ae1-b0d5-a7be4d65fb3a/in_use.lock acquired by nodename 14437@pkrvmberfyhpb9w
2025-05-12 13:59:14,727 [24ddb537-416a-4354-9846-7e6052fc354d-impl-thread1] INFO  storage.RaftStorage (RaftStorageImpl.java:format(98)) - Storage directory /tmp/junit-10406717276589115243/scm-meta/scm-ha/16575a13-5c4b-4ae1-b0d5-a7be4d65fb3a has been successfully formatted.
2025-05-12 13:59:14,727 [24ddb537-416a-4354-9846-7e6052fc354d-impl-thread1] INFO  ha.SCMStateMachine (SCMStateMachine.java:lambda$initialize$0(135)) - 24ddb537-416a-4354-9846-7e6052fc354d: initialize group-A7BE4D65FB3A
2025-05-12 13:59:14,728 [24ddb537-416a-4354-9846-7e6052fc354d-impl-thread1] INFO  server.RaftServerConfigKeys (ConfUtils.java:logGet(46)) - raft.server.log.use.memory = false (default)
2025-05-12 13:59:14,728 [24ddb537-416a-4354-9846-7e6052fc354d-impl-thread1] INFO  server.RaftServerConfigKeys (ConfUtils.java:logGet(46)) - raft.server.log.purge.gap = 1000000 (custom)
2025-05-12 13:59:14,729 [24ddb537-416a-4354-9846-7e6052fc354d-impl-thread1] INFO  server.RaftServerConfigKeys (ConfUtils.java:logGet(46)) - raft.server.log.appender.buffer.byte-limit = 4194304 (custom)
2025-05-12 13:59:14,730 [24ddb537-416a-4354-9846-7e6052fc354d-impl-thread1] INFO  server.RaftServerConfigKeys (ConfUtils.java:logGet(46)) - raft.server.log.statemachine.data.read.timeout = 1000ms (default)
2025-05-12 13:59:14,730 [24ddb537-416a-4354-9846-7e6052fc354d-impl-thread1] INFO  server.RaftServerConfigKeys (ConfUtils.java:logGet(46)) - raft.server.log.purge.preservation.log.num = 0 (default)
2025-05-12 13:59:14,731 [24ddb537-416a-4354-9846-7e6052fc354d-impl-thread1] INFO  server.RaftServerConfigKeys (ConfUtils.java:logGet(46)) - raft.server.log.segment.size.max = 4194304 (custom)
2025-05-12 13:59:14,731 [24ddb537-416a-4354-9846-7e6052fc354d-impl-thread1] INFO  server.RaftServerConfigKeys (ConfUtils.java:logGet(46)) - raft.server.log.segment.cache.num.max = 2 (custom)
2025-05-12 13:59:14,731 [24ddb537-416a-4354-9846-7e6052fc354d-impl-thread1] INFO  server.RaftServerConfigKeys (ConfUtils.java:logGet(46)) - raft.server.log.segment.cache.size.max = 200MB (=209715200) (default)
2025-05-12 13:59:14,732 [24ddb537-416a-4354-9846-7e6052fc354d-impl-thread1] INFO  server.RaftServerConfigKeys (ConfUtils.java:logGet(46)) - raft.server.log.appender.buffer.byte-limit = 4194304 (custom)
2025-05-12 13:59:14,732 [24ddb537-416a-4354-9846-7e6052fc354d-impl-thread1] INFO  util.AwaitToRun (AwaitToRun.java:start(81)) - Thread[#362,24ddb537-416a-4354-9846-7e6052fc354d@group-A7BE4D65FB3A-cacheEviction-AwaitToRun,5,main] started
2025-05-12 13:59:14,732 [24ddb537-416a-4354-9846-7e6052fc354d-impl-thread1] INFO  segmented.SegmentedRaftLogWorker (SegmentedRaftLogWorker.java:<init>(188)) - new 24ddb537-416a-4354-9846-7e6052fc354d@group-A7BE4D65FB3A-SegmentedRaftLogWorker for RaftStorageImpl:Storage Directory /tmp/junit-10406717276589115243/scm-meta/scm-ha/16575a13-5c4b-4ae1-b0d5-a7be4d65fb3a
2025-05-12 13:59:14,732 [24ddb537-416a-4354-9846-7e6052fc354d-impl-thread1] INFO  server.RaftServerConfigKeys (ConfUtils.java:logGet(46)) - raft.server.log.queue.byte-limit = 64MB (=67108864) (default)
2025-05-12 13:59:14,732 [24ddb537-416a-4354-9846-7e6052fc354d-impl-thread1] INFO  server.RaftServerConfigKeys (ConfUtils.java:logGet(46)) - raft.server.log.queue.element-limit = 4096 (default)
2025-05-12 13:59:14,732 [24ddb537-416a-4354-9846-7e6052fc354d-impl-thread1] INFO  server.RaftServerConfigKeys (ConfUtils.java:logGet(46)) - raft.server.log.segment.size.max = 4194304 (custom)
2025-05-12 13:59:14,732 [24ddb537-416a-4354-9846-7e6052fc354d-impl-thread1] INFO  server.RaftServerConfigKeys (ConfUtils.java:logGet(46)) - raft.server.log.preallocated.size = 4194304 (custom)
2025-05-12 13:59:14,732 [24ddb537-416a-4354-9846-7e6052fc354d-impl-thread1] INFO  server.RaftServerConfigKeys (ConfUtils.java:logGet(46)) - raft.server.log.force.sync.num = 128 (default)
2025-05-12 13:59:14,732 [24ddb537-416a-4354-9846-7e6052fc354d-impl-thread1] INFO  server.RaftServerConfigKeys (ConfUtils.java:logGet(46)) - raft.server.log.statemachine.data.sync = true (default)
2025-05-12 13:59:14,732 [24ddb537-416a-4354-9846-7e6052fc354d-impl-thread1] INFO  server.RaftServerConfigKeys (ConfUtils.java:logGet(46)) - raft.server.log.statemachine.data.sync.timeout = 10s (default)
2025-05-12 13:59:14,732 [24ddb537-416a-4354-9846-7e6052fc354d-impl-thread1] INFO  server.RaftServerConfigKeys (ConfUtils.java:logGet(46)) - raft.server.log.statemachine.data.sync.timeout.retry = -1 (default)
2025-05-12 13:59:14,733 [24ddb537-416a-4354-9846-7e6052fc354d-impl-thread1] INFO  server.RaftServerConfigKeys (ConfUtils.java:logGet(46)) - raft.server.log.write.buffer.size = 4194312 (custom)
2025-05-12 13:59:14,735 [24ddb537-416a-4354-9846-7e6052fc354d-impl-thread1] INFO  server.RaftServerConfigKeys (ConfUtils.java:logGet(46)) - raft.server.log.appender.buffer.byte-limit = 4194304 (custom)
2025-05-12 13:59:14,735 [24ddb537-416a-4354-9846-7e6052fc354d-impl-thread1] INFO  server.RaftServerConfigKeys (ConfUtils.java:logGet(46)) - raft.server.log.unsafe-flush.enabled = false (default)
2025-05-12 13:59:14,735 [24ddb537-416a-4354-9846-7e6052fc354d-impl-thread1] INFO  server.RaftServerConfigKeys (ConfUtils.java:logGet(46)) - raft.server.log.async-flush.enabled = false (default)
2025-05-12 13:59:14,735 [24ddb537-416a-4354-9846-7e6052fc354d-impl-thread1] INFO  server.RaftServerConfigKeys (ConfUtils.java:logGet(46)) - raft.server.log.statemachine.data.caching.enabled = false (default)
2025-05-12 13:59:14,735 [24ddb537-416a-4354-9846-7e6052fc354d-impl-thread1] INFO  segmented.SegmentedRaftLogWorker (SegmentedRaftLogWorker.java:lambda$new$0(139)) - 24ddb537-416a-4354-9846-7e6052fc354d@group-A7BE4D65FB3A-SegmentedRaftLogWorker: flushIndex: setUnconditionally 0 -> -1
2025-05-12 13:59:14,735 [24ddb537-416a-4354-9846-7e6052fc354d-impl-thread1] INFO  segmented.SegmentedRaftLogWorker (SegmentedRaftLogWorker.java:lambda$new$0(139)) - 24ddb537-416a-4354-9846-7e6052fc354d@group-A7BE4D65FB3A-SegmentedRaftLogWorker: safeCacheEvictIndex: setUnconditionally 0 -> -1
2025-05-12 13:59:14,735 [24ddb537-416a-4354-9846-7e6052fc354d-impl-thread1] INFO  server.RaftServer$Division (RaftServerImpl.java:start(391)) - 24ddb537-416a-4354-9846-7e6052fc354d@group-A7BE4D65FB3A: start as a follower, conf=conf: {index: -1, cur=peers:[24ddb537-416a-4354-9846-7e6052fc354d|pkrvmberfyhpb9w:15011]|listeners:[], old=null}
2025-05-12 13:59:14,735 [24ddb537-416a-4354-9846-7e6052fc354d-impl-thread1] INFO  server.RaftServer$Division (RaftServerImpl.java:setRole(378)) - 24ddb537-416a-4354-9846-7e6052fc354d@group-A7BE4D65FB3A: changes role from      null to FOLLOWER at term 0 for startAsFollower
2025-05-12 13:59:14,736 [24ddb537-416a-4354-9846-7e6052fc354d-impl-thread1] INFO  impl.RoleInfo (RoleInfo.java:updateAndGet(148)) - 24ddb537-416a-4354-9846-7e6052fc354d: start 24ddb537-416a-4354-9846-7e6052fc354d@group-A7BE4D65FB3A-FollowerState
2025-05-12 13:59:14,736 [24ddb537-416a-4354-9846-7e6052fc354d@group-A7BE4D65FB3A-FollowerState] INFO  server.RaftServerConfigKeys (ConfUtils.java:logFallback(53)) - raft.server.rpc.first-election.timeout.min = 5000ms (fallback to raft.server.rpc.timeout.min)
2025-05-12 13:59:14,736 [24ddb537-416a-4354-9846-7e6052fc354d@group-A7BE4D65FB3A-FollowerState] INFO  server.RaftServerConfigKeys (ConfUtils.java:logFallback(53)) - raft.server.rpc.first-election.timeout.max = 5200ms (fallback to raft.server.rpc.timeout.max)
2025-05-12 13:59:14,736 [24ddb537-416a-4354-9846-7e6052fc354d-impl-thread1] INFO  util.JmxRegister (JmxRegister.java:tryRegister(44)) - Successfully registered JMX Bean with object name Ratis:service=RaftServer,group=group-A7BE4D65FB3A,id=24ddb537-416a-4354-9846-7e6052fc354d
2025-05-12 13:59:14,737 [24ddb537-416a-4354-9846-7e6052fc354d-impl-thread1] INFO  util.JmxRegister (JmxRegister.java:register(58)) - register mxBean class org.apache.ratis.server.impl.RaftServerJmxAdapter as Ratis:service=RaftServer,group=group-A7BE4D65FB3A,id=24ddb537-416a-4354-9846-7e6052fc354d
2025-05-12 13:59:14,737 [24ddb537-416a-4354-9846-7e6052fc354d-impl-thread1] INFO  server.RaftServerConfigKeys (ConfUtils.java:logGet(46)) - raft.server.snapshot.trigger-when-stop.enabled = true (default)
2025-05-12 13:59:14,737 [24ddb537-416a-4354-9846-7e6052fc354d-impl-thread1] INFO  server.RaftServerConfigKeys (ConfUtils.java:logGet(46)) - raft.server.snapshot.trigger-when-remove.enabled = true (default)
2025-05-12 13:59:14,737 [24ddb537-416a-4354-9846-7e6052fc354d-impl-thread1] INFO  server.RaftServerConfigKeys (ConfUtils.java:logGet(46)) - raft.server.snapshot.auto.trigger.enabled = true (custom)
2025-05-12 13:59:14,739 [24ddb537-416a-4354-9846-7e6052fc354d-impl-thread1] INFO  server.RaftServerConfigKeys (ConfUtils.java:logGet(46)) - raft.server.snapshot.auto.trigger.threshold = 1000 (custom)
2025-05-12 13:59:14,739 [24ddb537-416a-4354-9846-7e6052fc354d-impl-thread1] INFO  server.RaftServerConfigKeys (ConfUtils.java:logGet(46)) - raft.server.snapshot.retention.file.num = -1 (default)
2025-05-12 13:59:14,739 [24ddb537-416a-4354-9846-7e6052fc354d-impl-thread1] INFO  server.RaftServerConfigKeys (ConfUtils.java:logGet(46)) - raft.server.log.purge.upto.snapshot.index = false (default)
2025-05-12 13:59:14,740 [24ddb537-416a-4354-9846-7e6052fc354d-impl-thread1] INFO  server.RaftServer$Division (RaftServerImpl.java:start(405)) - 24ddb537-416a-4354-9846-7e6052fc354d@group-A7BE4D65FB3A: Successfully started.
2025-05-12 13:59:14,740 [main] INFO  server.RaftServer (RaftServerProxy.java:startImpl(407)) - 24ddb537-416a-4354-9846-7e6052fc354d: start RPC server
2025-05-12 13:59:14,741 [main] INFO  server.GrpcService (GrpcService.java:startImpl(334)) - 24ddb537-416a-4354-9846-7e6052fc354d: GrpcService started, listening on 15011
2025-05-12 13:59:14,742 [JvmPauseMonitor2] INFO  util.JvmPauseMonitor (JvmPauseMonitor.java:run(146)) - JvmPauseMonitor-24ddb537-416a-4354-9846-7e6052fc354d: Started
2025-05-12 13:59:19,859 [24ddb537-416a-4354-9846-7e6052fc354d@group-A7BE4D65FB3A-FollowerState] INFO  impl.FollowerState (FollowerState.java:runImpl(161)) - 24ddb537-416a-4354-9846-7e6052fc354d@group-A7BE4D65FB3A-FollowerState: change to CANDIDATE, lastRpcElapsedTime:5123726110ns, electionTimeout:5123ms
2025-05-12 13:59:19,860 [24ddb537-416a-4354-9846-7e6052fc354d@group-A7BE4D65FB3A-FollowerState] INFO  impl.RoleInfo (RoleInfo.java:shutdownFollowerState(121)) - 24ddb537-416a-4354-9846-7e6052fc354d: shutdown 24ddb537-416a-4354-9846-7e6052fc354d@group-A7BE4D65FB3A-FollowerState
2025-05-12 13:59:19,860 [24ddb537-416a-4354-9846-7e6052fc354d@group-A7BE4D65FB3A-FollowerState] INFO  server.RaftServer$Division (RaftServerImpl.java:setRole(378)) - 24ddb537-416a-4354-9846-7e6052fc354d@group-A7BE4D65FB3A: changes role from  FOLLOWER to CANDIDATE at term 0 for changeToCandidate
2025-05-12 13:59:19,860 [24ddb537-416a-4354-9846-7e6052fc354d@group-A7BE4D65FB3A-FollowerState] INFO  server.RaftServerConfigKeys (ConfUtils.java:logGet(46)) - raft.server.leaderelection.pre-vote = true (default)
2025-05-12 13:59:19,860 [24ddb537-416a-4354-9846-7e6052fc354d@group-A7BE4D65FB3A-FollowerState] INFO  impl.RoleInfo (RoleInfo.java:updateAndGet(148)) - 24ddb537-416a-4354-9846-7e6052fc354d: start 24ddb537-416a-4354-9846-7e6052fc354d@group-A7BE4D65FB3A-LeaderElection2
2025-05-12 13:59:19,861 [24ddb537-416a-4354-9846-7e6052fc354d@group-A7BE4D65FB3A-LeaderElection2] INFO  impl.LeaderElection (LeaderElection.java:askForVotes(332)) - 24ddb537-416a-4354-9846-7e6052fc354d@group-A7BE4D65FB3A-LeaderElection2 PRE_VOTE round 0: submit vote requests at term 0 for conf: {index: -1, cur=peers:[24ddb537-416a-4354-9846-7e6052fc354d|pkrvmberfyhpb9w:15011]|listeners:[], old=null}
2025-05-12 13:59:19,861 [24ddb537-416a-4354-9846-7e6052fc354d@group-A7BE4D65FB3A-LeaderElection2] INFO  impl.LeaderElection (LeaderElection.java:askForVotes(334)) - 24ddb537-416a-4354-9846-7e6052fc354d@group-A7BE4D65FB3A-LeaderElection2 PRE_VOTE round 0: result PASSED (term=0)
2025-05-12 13:59:19,862 [24ddb537-416a-4354-9846-7e6052fc354d@group-A7BE4D65FB3A-LeaderElection2] INFO  impl.LeaderElection (LeaderElection.java:askForVotes(332)) - 24ddb537-416a-4354-9846-7e6052fc354d@group-A7BE4D65FB3A-LeaderElection2 ELECTION round 0: submit vote requests at term 1 for conf: {index: -1, cur=peers:[24ddb537-416a-4354-9846-7e6052fc354d|pkrvmberfyhpb9w:15011]|listeners:[], old=null}
2025-05-12 13:59:19,862 [24ddb537-416a-4354-9846-7e6052fc354d@group-A7BE4D65FB3A-LeaderElection2] INFO  impl.LeaderElection (LeaderElection.java:askForVotes(334)) - 24ddb537-416a-4354-9846-7e6052fc354d@group-A7BE4D65FB3A-LeaderElection2 ELECTION round 0: result PASSED (term=1)
2025-05-12 13:59:19,862 [24ddb537-416a-4354-9846-7e6052fc354d@group-A7BE4D65FB3A-LeaderElection2] INFO  impl.RoleInfo (RoleInfo.java:shutdownLeaderElection(141)) - 24ddb537-416a-4354-9846-7e6052fc354d: shutdown 24ddb537-416a-4354-9846-7e6052fc354d@group-A7BE4D65FB3A-LeaderElection2
2025-05-12 13:59:19,862 [24ddb537-416a-4354-9846-7e6052fc354d@group-A7BE4D65FB3A-LeaderElection2] INFO  server.RaftServer$Division (RaftServerImpl.java:setRole(378)) - 24ddb537-416a-4354-9846-7e6052fc354d@group-A7BE4D65FB3A: changes role from CANDIDATE to LEADER at term 1 for changeToLeader
2025-05-12 13:59:19,862 [24ddb537-416a-4354-9846-7e6052fc354d@group-A7BE4D65FB3A-LeaderElection2] INFO  server.RaftServerConfigKeys (ConfUtils.java:logGet(46)) - raft.server.staging.catchup.gap = 1000 (default)
2025-05-12 13:59:19,863 [24ddb537-416a-4354-9846-7e6052fc354d@group-A7BE4D65FB3A-LeaderElection2] INFO  server.RaftServerConfigKeys (ConfUtils.java:logGet(46)) - raft.server.write.element-limit = 4096 (default)
2025-05-12 13:59:19,863 [24ddb537-416a-4354-9846-7e6052fc354d@group-A7BE4D65FB3A-LeaderElection2] INFO  server.RaftServerConfigKeys (ConfUtils.java:logGet(46)) - raft.server.write.byte-limit = 64MB (=67108864) (default)
2025-05-12 13:59:19,863 [24ddb537-416a-4354-9846-7e6052fc354d@group-A7BE4D65FB3A-LeaderElection2] INFO  server.RaftServerConfigKeys (ConfUtils.java:logGet(46)) - raft.server.watch.timeout = 10s (default)
2025-05-12 13:59:19,863 [24ddb537-416a-4354-9846-7e6052fc354d@group-A7BE4D65FB3A-LeaderElection2] INFO  server.RaftServerConfigKeys (ConfUtils.java:logGet(46)) - raft.server.watch.timeout.denomination = 1s (default)
2025-05-12 13:59:19,863 [24ddb537-416a-4354-9846-7e6052fc354d@group-A7BE4D65FB3A-LeaderElection2] INFO  server.RaftServerConfigKeys (ConfUtils.java:logGet(46)) - raft.server.watch.element-limit = 65536 (default)
2025-05-12 13:59:19,864 [24ddb537-416a-4354-9846-7e6052fc354d@group-A7BE4D65FB3A-LeaderElection2] INFO  server.RaftServerConfigKeys (ConfUtils.java:logGet(46)) - raft.server.read.leader.lease.enabled = false (default)
2025-05-12 13:59:19,864 [24ddb537-416a-4354-9846-7e6052fc354d@group-A7BE4D65FB3A-LeaderElection2] INFO  server.RaftServerConfigKeys (ConfUtils.java:logGet(46)) - raft.server.read.leader.lease.timeout.ratio = 0.9 (default)
2025-05-12 13:59:19,864 [24ddb537-416a-4354-9846-7e6052fc354d@group-A7BE4D65FB3A-LeaderElection2] INFO  server.RaftServerConfigKeys (ConfUtils.java:logGet(46)) - raft.server.rpc.timeout.min = 5000ms (custom)
2025-05-12 13:59:19,864 [24ddb537-416a-4354-9846-7e6052fc354d@group-A7BE4D65FB3A-LeaderElection2] INFO  server.RaftServerConfigKeys (ConfUtils.java:logGet(46)) - raft.server.log.log-metadata.enabled = true (default)
2025-05-12 13:59:19,864 [24ddb537-416a-4354-9846-7e6052fc354d@group-A7BE4D65FB3A-LeaderElection2] INFO  server.RaftServerConfigKeys (ConfUtils.java:logGet(46)) - raft.server.write.element-limit = 4096 (default)
2025-05-12 13:59:19,864 [24ddb537-416a-4354-9846-7e6052fc354d@group-A7BE4D65FB3A-LeaderElection2] INFO  server.RaftServerConfigKeys (ConfUtils.java:logGet(46)) - raft.server.write.follower.gap.ratio.max = -1.0 (default)
2025-05-12 13:59:19,864 [24ddb537-416a-4354-9846-7e6052fc354d@group-A7BE4D65FB3A-LeaderElection2] INFO  impl.RoleInfo (RoleInfo.java:updateAndGet(148)) - 24ddb537-416a-4354-9846-7e6052fc354d: start 24ddb537-416a-4354-9846-7e6052fc354d@group-A7BE4D65FB3A-LeaderStateImpl
2025-05-12 13:59:19,864 [24ddb537-416a-4354-9846-7e6052fc354d@group-A7BE4D65FB3A-LeaderElection2] INFO  server.RaftServer$Division (RaftServerImpl.java:setFirstElection(562)) - 24ddb537-416a-4354-9846-7e6052fc354d@group-A7BE4D65FB3A: set firstElectionSinceStartup to false for becomeLeader
2025-05-12 13:59:19,864 [24ddb537-416a-4354-9846-7e6052fc354d@group-A7BE4D65FB3A-LeaderElection2] INFO  server.RaftServer$Division (ServerState.java:setLeader(272)) - 24ddb537-416a-4354-9846-7e6052fc354d@group-A7BE4D65FB3A: change Leader from null to 24ddb537-416a-4354-9846-7e6052fc354d at term 1 for becomeLeader, leader elected after 5145ms
2025-05-12 13:59:19,865 [24ddb537-416a-4354-9846-7e6052fc354d@group-A7BE4D65FB3A-LeaderElection2] INFO  segmented.SegmentedRaftLogWorker (SegmentedRaftLogWorker.java:startLogSegment(438)) - 24ddb537-416a-4354-9846-7e6052fc354d@group-A7BE4D65FB3A-SegmentedRaftLogWorker: Starting segment from index:0
2025-05-12 13:59:19,865 [24ddb537-416a-4354-9846-7e6052fc354d@group-A7BE4D65FB3A-LeaderElection2] INFO  server.RaftServer$Division (ServerState.java:setRaftConf(386)) - 24ddb537-416a-4354-9846-7e6052fc354d@group-A7BE4D65FB3A: set configuration conf: {index: 0, cur=peers:[24ddb537-416a-4354-9846-7e6052fc354d|pkrvmberfyhpb9w:15011]|listeners:[], old=null}
2025-05-12 13:59:19,865 [24ddb537-416a-4354-9846-7e6052fc354d@group-A7BE4D65FB3A-SegmentedRaftLogWorker] INFO  segmented.BufferedWriteChannel (BufferedWriteChannel.java:open(61)) - open log_inprogress_0 at position 0
2025-05-12 13:59:19,870 [24ddb537-416a-4354-9846-7e6052fc354d@group-A7BE4D65FB3A-SegmentedRaftLogWorker] INFO  segmented.SegmentedRaftLogWorker (SegmentedRaftLogWorker.java:execute(644)) - 24ddb537-416a-4354-9846-7e6052fc354d@group-A7BE4D65FB3A-SegmentedRaftLogWorker: created new log segment /tmp/junit-10406717276589115243/scm-meta/scm-ha/16575a13-5c4b-4ae1-b0d5-a7be4d65fb3a/current/log_inprogress_0
2025-05-12 13:59:19,872 [24ddb537-416a-4354-9846-7e6052fc354d@group-A7BE4D65FB3A-StateMachineUpdater] INFO  server.RaftServer$Division (LeaderStateImpl.java:checkStartIndex(313)) - Leader 24ddb537-416a-4354-9846-7e6052fc354d@group-A7BE4D65FB3A-LeaderStateImpl is ready since appliedIndex == startIndex == 0
2025-05-12 13:59:20,743 [main] INFO  server.RaftServer (RaftServerProxy.java:lambda$close$9(417)) - 24ddb537-416a-4354-9846-7e6052fc354d: close
2025-05-12 13:59:20,743 [main] INFO  server.GrpcService (GrpcService.java:closeImpl(343)) - 24ddb537-416a-4354-9846-7e6052fc354d: shutdown server GrpcServerProtocolService now
2025-05-12 13:59:20,743 [24ddb537-416a-4354-9846-7e6052fc354d-impl-thread1] INFO  server.RaftServer$Division (RaftServerImpl.java:lambda$close$1(513)) - 24ddb537-416a-4354-9846-7e6052fc354d@group-A7BE4D65FB3A: shutdown
2025-05-12 13:59:20,743 [24ddb537-416a-4354-9846-7e6052fc354d-impl-thread1] INFO  util.JmxRegister (JmxRegister.java:unregister(74)) - Successfully un-registered JMX Bean with object name Ratis:service=RaftServer,group=group-A7BE4D65FB3A,id=24ddb537-416a-4354-9846-7e6052fc354d
2025-05-12 13:59:20,743 [24ddb537-416a-4354-9846-7e6052fc354d-impl-thread1] INFO  impl.RoleInfo (RoleInfo.java:shutdownLeaderState(103)) - 24ddb537-416a-4354-9846-7e6052fc354d: shutdown 24ddb537-416a-4354-9846-7e6052fc354d@group-A7BE4D65FB3A-LeaderStateImpl
2025-05-12 13:59:20,744 [24ddb537-416a-4354-9846-7e6052fc354d-impl-thread1] INFO  impl.PendingRequests (PendingRequests.java:sendNotLeaderResponses(287)) - 24ddb537-416a-4354-9846-7e6052fc354d@group-A7BE4D65FB3A-PendingRequests: sendNotLeaderResponses
2025-05-12 13:59:20,744 [main] INFO  server.GrpcService (GrpcService.java:closeImpl(352)) - 24ddb537-416a-4354-9846-7e6052fc354d: shutdown server GrpcServerProtocolService successfully
2025-05-12 13:59:20,744 [24ddb537-416a-4354-9846-7e6052fc354d-impl-thread1] INFO  impl.StateMachineUpdater (StateMachineUpdater.java:stopAndJoin(164)) - 24ddb537-416a-4354-9846-7e6052fc354d@group-A7BE4D65FB3A-StateMachineUpdater: set stopIndex = 0
2025-05-12 13:59:20,744 [24ddb537-416a-4354-9846-7e6052fc354d@group-A7BE4D65FB3A-StateMachineUpdater] INFO  impl.StateMachineUpdater (StateMachineUpdater.java:takeSnapshot(303)) - 24ddb537-416a-4354-9846-7e6052fc354d@group-A7BE4D65FB3A-StateMachineUpdater: Took a snapshot at index 0
2025-05-12 13:59:20,744 [24ddb537-416a-4354-9846-7e6052fc354d@group-A7BE4D65FB3A-StateMachineUpdater] INFO  impl.StateMachineUpdater (StateMachineUpdater.java:lambda$new$0(102)) - 24ddb537-416a-4354-9846-7e6052fc354d@group-A7BE4D65FB3A-StateMachineUpdater: snapshotIndex: updateIncreasingly -1 -> 0
2025-05-12 13:59:20,744 [24ddb537-416a-4354-9846-7e6052fc354d@group-A7BE4D65FB3A-StateMachineUpdater] INFO  impl.StateMachineUpdater (StateMachineUpdater.java:stop(141)) - 24ddb537-416a-4354-9846-7e6052fc354d@group-A7BE4D65FB3A-StateMachineUpdater: closing SCMStateMachine, lastApplied=(t:1, i:0)
2025-05-12 13:59:20,745 [24ddb537-416a-4354-9846-7e6052fc354d@group-A7BE4D65FB3A-cacheEviction-AwaitToRun] INFO  util.AwaitToRun (AwaitToRun.java:run(49)) - 24ddb537-416a-4354-9846-7e6052fc354d@group-A7BE4D65FB3A-cacheEviction-AwaitToRun-AwaitForSignal is interrupted
2025-05-12 13:59:20,872 [24ddb537-416a-4354-9846-7e6052fc354d-impl-thread1] INFO  segmented.SegmentedRaftLogWorker (SegmentedRaftLogWorker.java:close(252)) - 24ddb537-416a-4354-9846-7e6052fc354d@group-A7BE4D65FB3A-SegmentedRaftLogWorker close()
2025-05-12 13:59:20,873 [JvmPauseMonitor2] INFO  util.JvmPauseMonitor (JvmPauseMonitor.java:run(152)) - JvmPauseMonitor-24ddb537-416a-4354-9846-7e6052fc354d: Stopped
2025-05-12 13:59:20,873 [main] WARN  server.ServerUtils (ServerUtils.java:getScmDbDir(138)) - ozone.scm.db.dirs is not configured. We recommend adding this setting. Falling back to ozone.metadata.dirs instead.
2025-05-12 13:59:20,873 [main] INFO  ha.SCMHANodeDetails (SCMHANodeDetails.java:loadSCMHAConfig(162)) - ServiceID for StorageContainerManager is null
2025-05-12 13:59:20,873 [main] INFO  ha.SCMHANodeDetails (SCMHANodeDetails.java:loadSCMHAConfig(166)) - ozone.scm.default.service.id is not defined, falling back to ozone.scm.service.ids to find serviceID for StorageContainerManager if it is HA enabled cluster
2025-05-12 13:59:20,892 [pool-68-thread-1] INFO  request.KdcRequest (KdcRequest.java:preauth(683)) - The preauth data is empty.
2025-05-12 13:59:20,893 [pool-68-thread-1] INFO  server.KdcHandler (KdcHandler.java:handleRecoverableException(177)) - KRB error occurred while processing request: Additional pre-authentication required
2025-05-12 13:59:20,898 [pool-68-thread-1] INFO  request.AsRequest (AsRequest.java:issueTicket(112)) - AS_REQ ISSUE: authtime 1747058360898,om/pkrvmberfyhpb9w.internal.cloudapp.net@EXAMPLE.COM for krbtgt/EXAMPLE.COM@EXAMPLE.COM
2025-05-12 13:59:20,900 [main] INFO  security.UserGroupInformation (UserGroupInformation.java:loginUserFromKeytab(1143)) - Login successful for user om/pkrvmberfyhpb9w.internal.cloudapp.net@EXAMPLE.COM using keytab file om.keytab. Keytab auto renewal enabled : false
2025-05-12 13:59:20,901 [main] INFO  server.StorageContainerManager (StorageContainerManager.java:loginAsSCMUserIfSecurityEnabled(1062)) - SCM login successful.
2025-05-12 13:59:20,903 [main] INFO  proxy.SCMSecurityProtocolFailoverProxyProvider (SCMFailoverProxyProviderBase.java:<init>(120)) - Created fail-over proxy for protocol SCMSecurityProtocolPB with 1 nodes: [nodeId=scmNodeId,nodeAddress=localhost/127.0.0.1:15010]
2025-05-12 13:59:20,903 [main] INFO  client.SCMCertificateClient (DefaultCertificateClient.java:updateCertSerialId(1289)) - Certificate serial ID set to 2
2025-05-12 13:59:20,906 [main] INFO  client.SCMCertificateClient (DefaultCertificateClient.java:readCertificateFile(247)) - Added certificate 2 from file: /tmp/junit-10406717276589115243/scm-meta/scm/sub-ca/certs/2.crt.
2025-05-12 13:59:20,907 [main] INFO  client.SCMCertificateClient (DefaultCertificateClient.java:readCertificateFile(247)) - Added certificate 1 from file: /tmp/junit-10406717276589115243/scm-meta/scm/sub-ca/certs/CA-1.crt.
2025-05-12 13:59:20,909 [main] INFO  client.SCMCertificateClient (DefaultCertificateClient.java:readCertificateFile(247)) - Added certificate 2 from file: /tmp/junit-10406717276589115243/scm-meta/scm/sub-ca/certs/certificate.crt.
2025-05-12 13:59:20,909 [main] INFO  client.SCMCertificateClient (DefaultCertificateClient.java:loadAllCertificates(196)) - CertificateRenewerService and root ca rotation polling is disabled for scm/sub-ca
2025-05-12 13:59:20,909 [main] WARN  utils.HAUtils (HAUtils.java:getMetaDir(311)) - ozone.scm.db.dirs is not configured. We recommend adding this setting. Falling back to ozone.metadata.dirs instead.
2025-05-12 13:59:20,911 [main] WARN  db.DBStoreBuilder (DBStoreBuilder.java:getDBDirPath(160)) - ozone.scm.db.dirs is not configured. We recommend adding this setting. Falling back to ozone.metadata.dirs instead.
2025-05-12 13:59:20,972 [main] INFO  net.NodeSchemaLoader (NodeSchemaLoader.java:loadSchemaFromFile(128)) - Loading schema from [jar:file:/home/runner/work/ozone/ozone/hadoop-hdds/common/target/hdds-common-2.1.0-SNAPSHOT.jar!/network-topology-default.xml]
2025-05-12 13:59:20,972 [main] INFO  net.NodeSchemaLoader (NodeSchemaLoader.java:loadSchema(175)) - Loading network topology layer schema file
2025-05-12 13:59:20,994 [main] INFO  ha.SCMRatisServerImpl (SCMRatisServerImpl.java:<init>(100)) - starting Raft server for scm:24ddb537-416a-4354-9846-7e6052fc354d
2025-05-12 13:59:20,995 [main] INFO  server.RaftServerConfigKeys (ConfUtils.java:logGet(46)) - raft.server.log.appender.buffer.byte-limit = 4194304 (custom)
2025-05-12 13:59:20,997 [main] INFO  server.RaftServer (ConfUtils.java:logGet(46)) - raft.rpc.type = GRPC (default)
2025-05-12 13:59:20,997 [main] INFO  grpc.GrpcConfigKeys (ConfUtils.java:logFallback(53)) - raft.grpc.admin.host = null (fallback to raft.grpc.server.host)
2025-05-12 13:59:20,997 [main] INFO  grpc.GrpcConfigKeys (ConfUtils.java:logFallback(53)) - raft.grpc.admin.port = 15011 (fallback to raft.grpc.server.port)
2025-05-12 13:59:20,997 [main] INFO  grpc.GrpcConfigKeys (ConfUtils.java:logFallback(53)) - raft.grpc.client.host = null (fallback to raft.grpc.server.host)
2025-05-12 13:59:20,998 [main] INFO  grpc.GrpcConfigKeys (ConfUtils.java:logFallback(53)) - raft.grpc.client.port = 15011 (fallback to raft.grpc.server.port)
2025-05-12 13:59:20,998 [main] INFO  grpc.GrpcConfigKeys (ConfUtils.java:logGet(46)) - raft.grpc.server.host = null (default)
2025-05-12 13:59:20,998 [main] INFO  grpc.GrpcConfigKeys (ConfUtils.java:logGet(46)) - raft.grpc.server.port = 15011 (custom)
2025-05-12 13:59:20,998 [main] INFO  server.GrpcService (ConfUtils.java:logGet(46)) - raft.grpc.message.size.max = 5242880 (custom)
2025-05-12 13:59:20,998 [main] INFO  server.GrpcService (ConfUtils.java:logGet(46)) - raft.grpc.flow.control.window = 1MB (=1048576) (default)
2025-05-12 13:59:20,998 [main] INFO  server.RaftServerConfigKeys (ConfUtils.java:logGet(46)) - raft.server.rpc.request.timeout = 30000ms (custom)
2025-05-12 13:59:20,998 [main] INFO  grpc.GrpcConfigKeys (ConfUtils.java:logGet(46)) - raft.grpc.server.heartbeat.channel = true (default)
2025-05-12 13:59:20,998 [main] INFO  server.RaftServerConfigKeys (ConfUtils.java:logGet(46)) - raft.server.log.appender.buffer.byte-limit = 4194304 (custom)
2025-05-12 13:59:20,998 [main] INFO  grpc.GrpcConfigKeys (ConfUtils.java:logGet(46)) - raft.grpc.server.async.request.thread.pool.cached = true (default)
2025-05-12 13:59:20,998 [main] INFO  grpc.GrpcConfigKeys (ConfUtils.java:logGet(46)) - raft.grpc.server.async.request.thread.pool.size = 32 (default)
2025-05-12 13:59:20,999 [main] INFO  impl.DataStreamServerImpl (ConfUtils.java:logGet(46)) - raft.datastream.type = DISABLED (default)
2025-05-12 13:59:21,000 [main] INFO  server.RaftServerConfigKeys (ConfUtils.java:logGet(46)) - raft.server.sleep.deviation.threshold = 300ms (default)
2025-05-12 13:59:21,000 [main] INFO  server.RaftServerConfigKeys (ConfUtils.java:logGet(46)) - raft.server.close.threshold = 60s (default)
2025-05-12 13:59:21,000 [main] INFO  server.RaftServerConfigKeys (ConfUtils.java:logGet(46)) - raft.server.leaderelection.leader.step-down.wait-time = 10s (default)
2025-05-12 13:59:21,000 [main] INFO  server.RaftServerConfigKeys (ConfUtils.java:logGet(46)) - raft.server.storage.dir = [/tmp/junit-10406717276589115243/scm-meta/scm-ha] (custom)
2025-05-12 13:59:21,000 [main] INFO  server.RaftServerConfigKeys (ConfUtils.java:logGet(46)) - raft.server.threadpool.proxy.cached = true (default)
2025-05-12 13:59:21,000 [main] INFO  server.RaftServerConfigKeys (ConfUtils.java:logGet(46)) - raft.server.threadpool.proxy.size = 0 (default)
2025-05-12 13:59:21,001 [24ddb537-416a-4354-9846-7e6052fc354d-impl-thread1] INFO  server.RaftServer (RaftServerProxy.java:initGroupDir(265)) - 24ddb537-416a-4354-9846-7e6052fc354d: found a subdirectory /tmp/junit-10406717276589115243/scm-meta/scm-ha/16575a13-5c4b-4ae1-b0d5-a7be4d65fb3a
2025-05-12 13:59:21,001 [main] INFO  server.RaftServer (RaftServerProxy.java:addNew(100)) - 24ddb537-416a-4354-9846-7e6052fc354d: addNew group-A7BE4D65FB3A:[] returns group-A7BE4D65FB3A:java.util.concurrent.CompletableFuture@259ec563[Not completed]
2025-05-12 13:59:21,002 [24ddb537-416a-4354-9846-7e6052fc354d-groupManagement] INFO  server.RaftServer$Division (RaftServerImpl.java:<init>(255)) - 24ddb537-416a-4354-9846-7e6052fc354d: new RaftServerImpl for group-A7BE4D65FB3A:[] with SCMStateMachine:uninitialized
2025-05-12 13:59:21,002 [24ddb537-416a-4354-9846-7e6052fc354d-groupManagement] INFO  server.RaftServerConfigKeys (ConfUtils.java:logGet(46)) - raft.server.rpc.timeout.min = 5000ms (custom)
2025-05-12 13:59:21,002 [24ddb537-416a-4354-9846-7e6052fc354d-groupManagement] INFO  server.RaftServerConfigKeys (ConfUtils.java:logGet(46)) - raft.server.rpc.timeout.max = 5200ms (custom)
2025-05-12 13:59:21,002 [24ddb537-416a-4354-9846-7e6052fc354d-groupManagement] INFO  server.RaftServerConfigKeys (ConfUtils.java:logGet(46)) - raft.server.rpc.sleep.time = 25ms (default)
2025-05-12 13:59:21,002 [24ddb537-416a-4354-9846-7e6052fc354d-groupManagement] INFO  server.RaftServerConfigKeys (ConfUtils.java:logGet(46)) - raft.server.rpc.slowness.timeout = 120000ms (custom)
2025-05-12 13:59:21,002 [24ddb537-416a-4354-9846-7e6052fc354d-groupManagement] INFO  server.RaftServerConfigKeys (ConfUtils.java:logGet(46)) - raft.server.leaderelection.leader.step-down.wait-time = 10s (default)
2025-05-12 13:59:21,002 [24ddb537-416a-4354-9846-7e6052fc354d-groupManagement] INFO  server.RaftServerConfigKeys (ConfUtils.java:logGet(46)) - raft.server.leaderelection.member.majority-add = false (default)
2025-05-12 13:59:21,002 [24ddb537-416a-4354-9846-7e6052fc354d-groupManagement] INFO  server.RaftServerConfigKeys (ConfUtils.java:logGet(46)) - raft.server.sleep.deviation.threshold = 300ms (default)
2025-05-12 13:59:21,002 [24ddb537-416a-4354-9846-7e6052fc354d-groupManagement] INFO  server.RaftServer$Division (ServerState.java:<init>(114)) - 24ddb537-416a-4354-9846-7e6052fc354d@group-A7BE4D65FB3A: ConfigurationManager, init=conf: {index: -1, cur=peers:[]|listeners:[], old=null}, confs=<EMPTY_MAP>
2025-05-12 13:59:21,002 [24ddb537-416a-4354-9846-7e6052fc354d-groupManagement] INFO  server.RaftServerConfigKeys (ConfUtils.java:logGet(46)) - raft.server.notification.no-leader.timeout = 60s (default)
2025-05-12 13:59:21,003 [24ddb537-416a-4354-9846-7e6052fc354d-groupManagement] INFO  server.RaftServerConfigKeys (ConfUtils.java:logGet(46)) - raft.server.read.timeout = 10s (default)
2025-05-12 13:59:21,003 [24ddb537-416a-4354-9846-7e6052fc354d-groupManagement] INFO  server.RaftServerConfigKeys (ConfUtils.java:logGet(46)) - raft.server.retrycache.expirytime = 60000ms (default)
2025-05-12 13:59:21,003 [24ddb537-416a-4354-9846-7e6052fc354d-groupManagement] INFO  server.RaftServerConfigKeys (ConfUtils.java:logGet(46)) - raft.server.retrycache.statistics.expirytime = 100ms (default)
2025-05-12 13:59:21,003 [24ddb537-416a-4354-9846-7e6052fc354d-groupManagement] INFO  server.RaftServerConfigKeys (ConfUtils.java:logGet(46)) - raft.server.read.option = DEFAULT (default)
2025-05-12 13:59:21,003 [24ddb537-416a-4354-9846-7e6052fc354d-groupManagement] INFO  server.RaftServerConfigKeys (ConfUtils.java:logGet(46)) - raft.server.read.read-after-write-consistent.write-index-cache.expiry-time = 60s (default)
2025-05-12 13:59:21,007 [24ddb537-416a-4354-9846-7e6052fc354d-groupManagement] INFO  server.RaftServerConfigKeys (ConfUtils.java:logGet(46)) - raft.server.rpc.request.timeout = 30000ms (custom)
2025-05-12 13:59:21,007 [24ddb537-416a-4354-9846-7e6052fc354d-groupManagement] INFO  server.RaftServerConfigKeys (ConfUtils.java:logGet(46)) - raft.server.log.appender.install.snapshot.enabled = false (custom)
2025-05-12 13:59:21,007 [24ddb537-416a-4354-9846-7e6052fc354d-groupManagement] INFO  server.RaftServerConfigKeys (ConfUtils.java:logGet(46)) - raft.server.threadpool.server.cached = true (default)
2025-05-12 13:59:21,007 [24ddb537-416a-4354-9846-7e6052fc354d-groupManagement] INFO  server.RaftServerConfigKeys (ConfUtils.java:logGet(46)) - raft.server.threadpool.server.size = 0 (default)
2025-05-12 13:59:21,007 [24ddb537-416a-4354-9846-7e6052fc354d-groupManagement] INFO  server.RaftServerConfigKeys (ConfUtils.java:logGet(46)) - raft.server.threadpool.client.cached = true (default)
2025-05-12 13:59:21,007 [24ddb537-416a-4354-9846-7e6052fc354d-groupManagement] INFO  server.RaftServerConfigKeys (ConfUtils.java:logGet(46)) - raft.server.threadpool.client.size = 0 (default)
2025-05-12 13:59:21,007 [main] INFO  ha.SCMSnapshotProvider (SCMSnapshotProvider.java:<init>(61)) - Initializing SCM Snapshot Provider
2025-05-12 13:59:21,007 [main] WARN  server.ServerUtils (ServerUtils.java:getDefaultRatisDirectory(304)) - Storage directory for Ratis is not configured. It is a good idea to map this to an SSD disk. Falling back to ozone.metadata.dirs
2025-05-12 13:59:21,008 [main] WARN  ha.SCMHAUtils (SCMHAUtils.java:getSCMRatisSnapshotDirectory(120)) - SCM snapshot dir is not configured. Falling back to ozone.metadata.dirs config
2025-05-12 13:59:21,009 [main] INFO  upgrade.AbstractLayoutVersionManager (AbstractLayoutVersionManager.java:init(80)) - Initializing Layout version manager with metadata layout = HBASE_SUPPORT (version = 8), software layout = HBASE_SUPPORT (version = 8)
2025-05-12 13:59:21,011 [main] INFO  ha.SequenceIdGenerator (SequenceIdGenerator.java:upgradeToSequenceId(355)) - upgrade localId to 115816896921600000
2025-05-12 13:59:21,012 [main] INFO  ha.SequenceIdGenerator (SequenceIdGenerator.java:upgradeToSequenceId(365)) - upgrade delTxnId to 0
2025-05-12 13:59:21,013 [main] INFO  ha.SequenceIdGenerator (SequenceIdGenerator.java:upgradeToSequenceId(382)) - upgrade containerId to 0
2025-05-12 13:59:21,014 [main] INFO  ha.SequenceIdGenerator (SequenceIdGenerator.java:upgradeToCertificateSequenceId(419)) - upgrade CertificateId to 2
2025-05-12 13:59:21,015 [main] INFO  ha.SequenceIdGenerator (SequenceIdGenerator.java:<init>(232)) - Init the HA SequenceIdGenerator.
2025-05-12 13:59:21,015 [main] WARN  server.ServerUtils (ServerUtils.java:sanitizeUserArgs(76)) - ozone.scm.stale.node.interval value = 300000 is larger than max = 100000 based on the key value of ozone.scm.heartbeat.thread.interval, reset to the max value 100000.
2025-05-12 13:59:21,015 [main] WARN  server.ServerUtils (ServerUtils.java:sanitizeUserArgs(76)) - ozone.scm.stale.node.interval value = 300000 is larger than max = 100000 based on the key value of ozone.scm.heartbeat.thread.interval, reset to the max value 100000.
2025-05-12 13:59:21,016 [main] INFO  node.SCMNodeManager (SCMNodeManager.java:<init>(182)) - Entering startup safe mode.
2025-05-12 13:59:21,017 [main] INFO  algorithms.ContainerPlacementPolicyFactory (ContainerPlacementPolicyFactory.java:getPolicyInternal(84)) - Create container placement policy of type org.apache.hadoop.hdds.scm.container.placement.algorithms.SCMContainerPlacementRackAware
2025-05-12 13:59:21,017 [main] INFO  algorithms.ContainerPlacementPolicyFactory (ContainerPlacementPolicyFactory.java:getPolicyInternal(84)) - Create container placement policy of type org.apache.hadoop.hdds.scm.container.placement.algorithms.SCMContainerPlacementRackScatter
2025-05-12 13:59:21,017 [main] INFO  pipeline.PipelineStateManagerImpl (PipelineStateManagerImpl.java:initialize(75)) - No pipeline exists in current db
2025-05-12 13:59:21,018 [main] INFO  algorithms.LeaderChoosePolicyFactory (LeaderChoosePolicyFactory.java:getPolicy(55)) - Create leader choose policy of type org.apache.hadoop.hdds.scm.pipeline.leader.choose.algorithms.MinLeaderCountChoosePolicy
2025-05-12 13:59:21,018 [main] INFO  algorithms.ContainerPlacementPolicyFactory (ContainerPlacementPolicyFactory.java:getPolicyInternal(84)) - Create container placement policy of type org.apache.hadoop.hdds.scm.container.placement.algorithms.SCMContainerPlacementRackScatter
2025-05-12 13:59:21,018 [main] INFO  ha.SCMServiceManager (SCMServiceManager.java:register(42)) - Registering service BackgroundPipelineCreator.
2025-05-12 13:59:21,018 [main] INFO  pipeline.BackgroundPipelineCreator (BackgroundPipelineCreator.java:start(126)) - Starting RatisPipelineUtilsThread.
2025-05-12 13:59:21,019 [main] INFO  BackgroundPipelineScrubber (BackgroundSCMService.java:start(64)) - Starting BackgroundPipelineScrubber Service.
2025-05-12 13:59:21,019 [main] INFO  ha.SCMServiceManager (SCMServiceManager.java:register(42)) - Registering service BackgroundPipelineScrubber.
2025-05-12 13:59:21,019 [main] INFO  ExpiredContainerReplicaOpScrubber (BackgroundSCMService.java:start(64)) - Starting ExpiredContainerReplicaOpScrubber Service.
2025-05-12 13:59:21,019 [main] INFO  ha.SCMServiceManager (SCMServiceManager.java:register(42)) - Registering service ExpiredContainerReplicaOpScrubber.
2025-05-12 13:59:21,021 [main] INFO  algorithms.PipelineChoosePolicyFactory (PipelineChoosePolicyFactory.java:createPipelineChoosePolicyFromClass(78)) - Create pipeline choose policy of type org.apache.hadoop.hdds.scm.pipeline.choose.algorithms.RandomPipelineChoosePolicy
2025-05-12 13:59:21,021 [main] INFO  algorithms.PipelineChoosePolicyFactory (PipelineChoosePolicyFactory.java:createPipelineChoosePolicyFromClass(78)) - Create pipeline choose policy of type org.apache.hadoop.hdds.scm.pipeline.choose.algorithms.RandomPipelineChoosePolicy
2025-05-12 13:59:21,022 [main] INFO  ha.SCMServiceManager (SCMServiceManager.java:register(42)) - Registering service SCMBlockDeletingService.
2025-05-12 13:59:21,023 [main] INFO  replication.ReplicationManager (ReplicationManager.java:start(285)) - Starting Replication Monitor Thread.
2025-05-12 13:59:21,024 [main] INFO  ha.SCMServiceManager (SCMServiceManager.java:register(42)) - Registering service ReplicationManager.
2025-05-12 13:59:21,025 [main] INFO  safemode.RatisContainerSafeModeRule (RatisContainerSafeModeRule.java:initializeRule(160)) - Refreshed Containers with one replica threshold count 0.
2025-05-12 13:59:21,025 [main] INFO  safemode.ECContainerSafeModeRule (ECContainerSafeModeRule.java:initializeRule(205)) - Refreshed Containers with ec n replica threshold count 0.
2025-05-12 13:59:21,025 [main] INFO  safemode.HealthyPipelineSafeModeRule (HealthyPipelineSafeModeRule.java:initializeRule(177)) - Total pipeline count is 0, healthy pipeline threshold count is 0
2025-05-12 13:59:21,026 [main] INFO  safemode.OneReplicaPipelineSafeModeRule (OneReplicaPipelineSafeModeRule.java:initializeRule(190)) - Total pipeline count is 0, pipeline's with at least one datanode reported threshold count is 0
2025-05-12 13:59:21,027 [main] INFO  security.SecretKeyManagerService (SecretKeyManagerService.java:start(143)) - Scheduling rotation checker with interval PT10M
2025-05-12 13:59:21,027 [main] INFO  ha.SCMServiceManager (SCMServiceManager.java:register(42)) - Registering service SecretKeyManagerService.
2025-05-12 13:59:21,028 [main] INFO  keys.KeyStorage (KeyStorage.java:readPublicKey(174)) - Reading public key from /tmp/junit-10406717276589115243/scm-meta/scm/sub-ca/keys/public.pem.
2025-05-12 13:59:21,028 [main] INFO  keys.KeyStorage (KeyStorage.java:readPrivateKey(158)) - Reading private key from /tmp/junit-10406717276589115243/scm-meta/scm/sub-ca/keys/private.pem.
2025-05-12 13:59:21,029 [main] INFO  authority.DefaultCAServer (DefaultCAServer.java:lambda$processVerificationStatus$0(392)) - CertificateServer validation is successful
2025-05-12 13:59:21,029 [main] INFO  keys.KeyStorage (KeyStorage.java:readPublicKey(174)) - Reading public key from /tmp/junit-10406717276589115243/scm-meta/scm/ca/keys/public.pem.
2025-05-12 13:59:21,029 [main] INFO  keys.KeyStorage (KeyStorage.java:readPrivateKey(158)) - Reading private key from /tmp/junit-10406717276589115243/scm-meta/scm/ca/keys/private.pem.
2025-05-12 13:59:21,030 [main] INFO  authority.DefaultCAServer (DefaultCAServer.java:lambda$processVerificationStatus$0(392)) - CertificateServer validation is successful
2025-05-12 13:59:21,030 [main] INFO  server.StorageContainerManager (StorageContainerManager.java:persistPrimarySCMCerts(950)) - Storing sub-ca certificate serialId 2 on primary SCM
2025-05-12 13:59:21,032 [main] INFO  server.SCMCertStore (SCMCertStore.java:storeValidScmCertificate(96)) - Scm certificate 2 for CN=scm-sub@pkrvmberfyhpb9w,OU=24ddb537-416a-4354-9846-7e6052fc354d,O=16575a13-5c4b-4ae1-b0d5-a7be4d65fb3a,SERIALNUMBER=2 is stored
2025-05-12 13:59:21,032 [main] INFO  server.StorageContainerManager (StorageContainerManager.java:persistPrimarySCMCerts(957)) - Storing root certificate serialId 1
2025-05-12 13:59:21,033 [main] INFO  server.SCMCertStore (SCMCertStore.java:storeValidScmCertificate(96)) - Scm certificate 1 for CN=scm@pkrvmberfyhpb9w,OU=24ddb537-416a-4354-9846-7e6052fc354d,O=16575a13-5c4b-4ae1-b0d5-a7be4d65fb3a,SERIALNUMBER=1 is stored
2025-05-12 13:59:21,036 [main] INFO  ha.SequenceIdGenerator (SequenceIdGenerator.java:upgradeToCertificateSequenceId(419)) - upgrade CertificateId to 2
2025-05-12 13:59:21,037 [main] INFO  ipc.CallQueueManager (CallQueueManager.java:<init>(93)) - Using callQueue: class java.util.concurrent.LinkedBlockingQueue, queueCapacity: 200, scheduler: class org.apache.hadoop.ipc.DefaultRpcScheduler, ipcBackoff: false, ipcFailOver: false.
2025-05-12 13:59:21,037 [main] INFO  ipc.Server (Server.java:<init>(1438)) - Listener at 0.0.0.0:15010
2025-05-12 13:59:21,038 [Socket Reader #1 for port 15010] INFO  ipc.Server (Server.java:run(1474)) - Starting Socket Reader #1 for port 15010
2025-05-12 13:59:21,039 [main] INFO  server.StorageContainerManager (StorageContainerManager.java:<init>(430)) - SCM start with adminUsers: [om/pkrvmberfyhpb9w.internal.cloudapp.net@EXAMPLE.COM, om]
2025-05-12 13:59:21,040 [main] INFO  ipc.CallQueueManager (CallQueueManager.java:<init>(93)) - Using callQueue: class java.util.concurrent.LinkedBlockingQueue, queueCapacity: 10000, scheduler: class org.apache.hadoop.ipc.DefaultRpcScheduler, ipcBackoff: false, ipcFailOver: false.
2025-05-12 13:59:21,040 [main] INFO  ipc.Server (Server.java:<init>(1438)) - Listener at 0.0.0.0:15008
2025-05-12 13:59:21,041 [Socket Reader #1 for port 15008] INFO  ipc.Server (Server.java:run(1474)) - Starting Socket Reader #1 for port 15008
2025-05-12 13:59:21,041 [Socket Reader #2 for port 15008] INFO  ipc.Server (Server.java:run(1474)) - Starting Socket Reader #2 for port 15008
2025-05-12 13:59:21,041 [Socket Reader #3 for port 15008] INFO  ipc.Server (Server.java:run(1474)) - Starting Socket Reader #3 for port 15008
2025-05-12 13:59:21,041 [Socket Reader #4 for port 15008] INFO  ipc.Server (Server.java:run(1474)) - Starting Socket Reader #4 for port 15008
2025-05-12 13:59:21,042 [Socket Reader #5 for port 15008] INFO  ipc.Server (Server.java:run(1474)) - Starting Socket Reader #5 for port 15008
2025-05-12 13:59:21,042 [Socket Reader #6 for port 15008] INFO  ipc.Server (Server.java:run(1474)) - Starting Socket Reader #6 for port 15008
2025-05-12 13:59:21,042 [Socket Reader #7 for port 15008] INFO  ipc.Server (Server.java:run(1474)) - Starting Socket Reader #7 for port 15008
2025-05-12 13:59:21,042 [Socket Reader #8 for port 15008] INFO  ipc.Server (Server.java:run(1474)) - Starting Socket Reader #8 for port 15008
2025-05-12 13:59:21,042 [Socket Reader #9 for port 15008] INFO  ipc.Server (Server.java:run(1474)) - Starting Socket Reader #9 for port 15008
2025-05-12 13:59:21,043 [Socket Reader #10 for port 15008] INFO  ipc.Server (Server.java:run(1474)) - Starting Socket Reader #10 for port 15008
2025-05-12 13:59:21,044 [main] INFO  ipc.CallQueueManager (CallQueueManager.java:<init>(93)) - Using callQueue: class java.util.concurrent.LinkedBlockingQueue, queueCapacity: 10000, scheduler: class org.apache.hadoop.ipc.DefaultRpcScheduler, ipcBackoff: false, ipcFailOver: false.
2025-05-12 13:59:21,044 [main] INFO  ipc.Server (Server.java:<init>(1438)) - Listener at 0.0.0.0:15009
2025-05-12 13:59:21,044 [Socket Reader #1 for port 15009] INFO  ipc.Server (Server.java:run(1474)) - Starting Socket Reader #1 for port 15009
2025-05-12 13:59:21,045 [Socket Reader #2 for port 15009] INFO  ipc.Server (Server.java:run(1474)) - Starting Socket Reader #2 for port 15009
2025-05-12 13:59:21,045 [Socket Reader #3 for port 15009] INFO  ipc.Server (Server.java:run(1474)) - Starting Socket Reader #3 for port 15009
2025-05-12 13:59:21,045 [Socket Reader #4 for port 15009] INFO  ipc.Server (Server.java:run(1474)) - Starting Socket Reader #4 for port 15009
2025-05-12 13:59:21,045 [Socket Reader #5 for port 15009] INFO  ipc.Server (Server.java:run(1474)) - Starting Socket Reader #5 for port 15009
2025-05-12 13:59:21,046 [Socket Reader #6 for port 15009] INFO  ipc.Server (Server.java:run(1474)) - Starting Socket Reader #6 for port 15009
2025-05-12 13:59:21,046 [Socket Reader #7 for port 15009] INFO  ipc.Server (Server.java:run(1474)) - Starting Socket Reader #7 for port 15009
2025-05-12 13:59:21,046 [Socket Reader #8 for port 15009] INFO  ipc.Server (Server.java:run(1474)) - Starting Socket Reader #8 for port 15009
2025-05-12 13:59:21,046 [Socket Reader #9 for port 15009] INFO  ipc.Server (Server.java:run(1474)) - Starting Socket Reader #9 for port 15009
2025-05-12 13:59:21,046 [Socket Reader #10 for port 15009] INFO  ipc.Server (Server.java:run(1474)) - Starting Socket Reader #10 for port 15009
2025-05-12 13:59:21,048 [main] INFO  ipc.CallQueueManager (CallQueueManager.java:<init>(93)) - Using callQueue: class java.util.concurrent.LinkedBlockingQueue, queueCapacity: 10000, scheduler: class org.apache.hadoop.ipc.DefaultRpcScheduler, ipcBackoff: false, ipcFailOver: false.
2025-05-12 13:59:21,048 [main] INFO  ipc.Server (Server.java:<init>(1438)) - Listener at 0.0.0.0:15007
2025-05-12 13:59:21,048 [Socket Reader #1 for port 15007] INFO  ipc.Server (Server.java:run(1474)) - Starting Socket Reader #1 for port 15007
2025-05-12 13:59:21,048 [Socket Reader #2 for port 15007] INFO  ipc.Server (Server.java:run(1474)) - Starting Socket Reader #2 for port 15007
2025-05-12 13:59:21,049 [Socket Reader #3 for port 15007] INFO  ipc.Server (Server.java:run(1474)) - Starting Socket Reader #3 for port 15007
2025-05-12 13:59:21,049 [Socket Reader #4 for port 15007] INFO  ipc.Server (Server.java:run(1474)) - Starting Socket Reader #4 for port 15007
2025-05-12 13:59:21,049 [Socket Reader #5 for port 15007] INFO  ipc.Server (Server.java:run(1474)) - Starting Socket Reader #5 for port 15007
2025-05-12 13:59:21,049 [Socket Reader #6 for port 15007] INFO  ipc.Server (Server.java:run(1474)) - Starting Socket Reader #6 for port 15007
2025-05-12 13:59:21,049 [Socket Reader #7 for port 15007] INFO  ipc.Server (Server.java:run(1474)) - Starting Socket Reader #7 for port 15007
2025-05-12 13:59:21,049 [Socket Reader #8 for port 15007] INFO  ipc.Server (Server.java:run(1474)) - Starting Socket Reader #8 for port 15007
2025-05-12 13:59:21,050 [Socket Reader #9 for port 15007] INFO  ipc.Server (Server.java:run(1474)) - Starting Socket Reader #9 for port 15007
2025-05-12 13:59:21,050 [Socket Reader #10 for port 15007] INFO  ipc.Server (Server.java:run(1474)) - Starting Socket Reader #10 for port 15007
2025-05-12 13:59:21,056 [main] INFO  ha.SCMServiceManager (SCMServiceManager.java:register(42)) - Registering service ContainerBalancer.
2025-05-12 13:59:21,056 [main] INFO  ha.SCMContext (SCMContext.java:updateSafeModeStatus(224)) - Update SafeModeStatus from SafeModeStatus{safeModeStatus=true, preCheckPassed=false} to SafeModeStatus{safeModeStatus=true, preCheckPassed=false}.
2025-05-12 13:59:21,057 [main] INFO  server.StorageContainerManager (StorageContainerManager.java:start(1507)) - StorageContainerLocationProtocol RPC server is listening at /0.0.0.0:15007
2025-05-12 13:59:21,057 [main] INFO  ha.SCMRatisServerImpl (SCMRatisServerImpl.java:start(203)) - starting ratis server 0.0.0.0:15011
2025-05-12 13:59:21,058 [24ddb537-416a-4354-9846-7e6052fc354d-impl-thread1] INFO  server.RaftServerConfigKeys (ConfUtils.java:logGet(46)) - raft.server.storage.free-space.min = 0MB (=0) (default)
2025-05-12 13:59:21,058 [24ddb537-416a-4354-9846-7e6052fc354d-impl-thread1] INFO  server.RaftServerConfigKeys (ConfUtils.java:logGet(46)) - raft.server.log.corruption.policy = EXCEPTION (default)
2025-05-12 13:59:21,058 [24ddb537-416a-4354-9846-7e6052fc354d-impl-thread1] INFO  server.RaftServerConfigKeys (ConfUtils.java:logGet(46)) - raft.server.storage.dir = [/tmp/junit-10406717276589115243/scm-meta/scm-ha] (custom)
2025-05-12 13:59:21,059 [24ddb537-416a-4354-9846-7e6052fc354d-impl-thread1] INFO  storage.RaftStorageDirectory (RaftStorageDirectoryImpl.java:tryLock(229)) - Lock on /tmp/junit-10406717276589115243/scm-meta/scm-ha/16575a13-5c4b-4ae1-b0d5-a7be4d65fb3a/in_use.lock acquired by nodename 14437@pkrvmberfyhpb9w
2025-05-12 13:59:21,059 [24ddb537-416a-4354-9846-7e6052fc354d-impl-thread1] INFO  storage.RaftStorage (RaftStorageImpl.java:analyzeAndRecoverStorage(118)) - Read RaftStorageMetadata{term=1, votedFor=24ddb537-416a-4354-9846-7e6052fc354d} from /tmp/junit-10406717276589115243/scm-meta/scm-ha/16575a13-5c4b-4ae1-b0d5-a7be4d65fb3a/current/raft-meta
2025-05-12 13:59:21,060 [24ddb537-416a-4354-9846-7e6052fc354d-impl-thread1] INFO  server.RaftServer$Division (ServerState.java:setRaftConf(386)) - 24ddb537-416a-4354-9846-7e6052fc354d@group-A7BE4D65FB3A: set configuration conf: {index: 0, cur=peers:[24ddb537-416a-4354-9846-7e6052fc354d|pkrvmberfyhpb9w:15011]|listeners:[], old=null}
2025-05-12 13:59:21,060 [24ddb537-416a-4354-9846-7e6052fc354d-impl-thread1] INFO  ha.SCMStateMachine (SCMStateMachine.java:lambda$initialize$0(135)) - 24ddb537-416a-4354-9846-7e6052fc354d: initialize group-A7BE4D65FB3A
2025-05-12 13:59:21,060 [24ddb537-416a-4354-9846-7e6052fc354d-impl-thread1] INFO  server.RaftServerConfigKeys (ConfUtils.java:logGet(46)) - raft.server.log.use.memory = false (default)
2025-05-12 13:59:21,060 [24ddb537-416a-4354-9846-7e6052fc354d-impl-thread1] INFO  server.RaftServerConfigKeys (ConfUtils.java:logGet(46)) - raft.server.log.purge.gap = 1000000 (custom)
2025-05-12 13:59:21,060 [24ddb537-416a-4354-9846-7e6052fc354d-impl-thread1] INFO  server.RaftServerConfigKeys (ConfUtils.java:logGet(46)) - raft.server.log.appender.buffer.byte-limit = 4194304 (custom)
2025-05-12 13:59:21,060 [24ddb537-416a-4354-9846-7e6052fc354d-impl-thread1] INFO  server.RaftServerConfigKeys (ConfUtils.java:logGet(46)) - raft.server.log.statemachine.data.read.timeout = 1000ms (default)
2025-05-12 13:59:21,060 [24ddb537-416a-4354-9846-7e6052fc354d-impl-thread1] INFO  server.RaftServerConfigKeys (ConfUtils.java:logGet(46)) - raft.server.log.purge.preservation.log.num = 0 (default)
2025-05-12 13:59:21,062 [24ddb537-416a-4354-9846-7e6052fc354d-impl-thread1] INFO  server.RaftServerConfigKeys (ConfUtils.java:logGet(46)) - raft.server.log.segment.size.max = 4194304 (custom)
2025-05-12 13:59:21,063 [24ddb537-416a-4354-9846-7e6052fc354d-impl-thread1] INFO  server.RaftServerConfigKeys (ConfUtils.java:logGet(46)) - raft.server.log.segment.cache.num.max = 2 (custom)
2025-05-12 13:59:21,063 [24ddb537-416a-4354-9846-7e6052fc354d-impl-thread1] INFO  server.RaftServerConfigKeys (ConfUtils.java:logGet(46)) - raft.server.log.segment.cache.size.max = 200MB (=209715200) (default)
2025-05-12 13:59:21,063 [24ddb537-416a-4354-9846-7e6052fc354d-impl-thread1] INFO  server.RaftServerConfigKeys (ConfUtils.java:logGet(46)) - raft.server.log.appender.buffer.byte-limit = 4194304 (custom)
2025-05-12 13:59:21,063 [24ddb537-416a-4354-9846-7e6052fc354d-impl-thread1] INFO  util.AwaitToRun (AwaitToRun.java:start(81)) - Thread[#439,24ddb537-416a-4354-9846-7e6052fc354d@group-A7BE4D65FB3A-cacheEviction-AwaitToRun,5,main] started
2025-05-12 13:59:21,063 [24ddb537-416a-4354-9846-7e6052fc354d-impl-thread1] INFO  segmented.SegmentedRaftLogWorker (SegmentedRaftLogWorker.java:<init>(188)) - new 24ddb537-416a-4354-9846-7e6052fc354d@group-A7BE4D65FB3A-SegmentedRaftLogWorker for RaftStorageImpl:Storage Directory /tmp/junit-10406717276589115243/scm-meta/scm-ha/16575a13-5c4b-4ae1-b0d5-a7be4d65fb3a
2025-05-12 13:59:21,063 [24ddb537-416a-4354-9846-7e6052fc354d-impl-thread1] INFO  server.RaftServerConfigKeys (ConfUtils.java:logGet(46)) - raft.server.log.queue.byte-limit = 64MB (=67108864) (default)
2025-05-12 13:59:21,063 [24ddb537-416a-4354-9846-7e6052fc354d-impl-thread1] INFO  server.RaftServerConfigKeys (ConfUtils.java:logGet(46)) - raft.server.log.queue.element-limit = 4096 (default)
2025-05-12 13:59:21,063 [24ddb537-416a-4354-9846-7e6052fc354d-impl-thread1] INFO  server.RaftServerConfigKeys (ConfUtils.java:logGet(46)) - raft.server.log.segment.size.max = 4194304 (custom)
2025-05-12 13:59:21,063 [24ddb537-416a-4354-9846-7e6052fc354d-impl-thread1] INFO  server.RaftServerConfigKeys (ConfUtils.java:logGet(46)) - raft.server.log.preallocated.size = 4194304 (custom)
2025-05-12 13:59:21,063 [24ddb537-416a-4354-9846-7e6052fc354d-impl-thread1] INFO  server.RaftServerConfigKeys (ConfUtils.java:logGet(46)) - raft.server.log.force.sync.num = 128 (default)
2025-05-12 13:59:21,064 [24ddb537-416a-4354-9846-7e6052fc354d-impl-thread1] INFO  server.RaftServerConfigKeys (ConfUtils.java:logGet(46)) - raft.server.log.statemachine.data.sync = true (default)
2025-05-12 13:59:21,064 [24ddb537-416a-4354-9846-7e6052fc354d-impl-thread1] INFO  server.RaftServerConfigKeys (ConfUtils.java:logGet(46)) - raft.server.log.statemachine.data.sync.timeout = 10s (default)
2025-05-12 13:59:21,064 [24ddb537-416a-4354-9846-7e6052fc354d-impl-thread1] INFO  server.RaftServerConfigKeys (ConfUtils.java:logGet(46)) - raft.server.log.statemachine.data.sync.timeout.retry = -1 (default)
2025-05-12 13:59:21,064 [24ddb537-416a-4354-9846-7e6052fc354d-impl-thread1] INFO  server.RaftServerConfigKeys (ConfUtils.java:logGet(46)) - raft.server.log.write.buffer.size = 4194312 (custom)
2025-05-12 13:59:21,064 [24ddb537-416a-4354-9846-7e6052fc354d-impl-thread1] INFO  server.RaftServerConfigKeys (ConfUtils.java:logGet(46)) - raft.server.log.appender.buffer.byte-limit = 4194304 (custom)
2025-05-12 13:59:21,065 [24ddb537-416a-4354-9846-7e6052fc354d-impl-thread1] INFO  server.RaftServerConfigKeys (ConfUtils.java:logGet(46)) - raft.server.log.unsafe-flush.enabled = false (default)
2025-05-12 13:59:21,065 [24ddb537-416a-4354-9846-7e6052fc354d-impl-thread1] INFO  server.RaftServerConfigKeys (ConfUtils.java:logGet(46)) - raft.server.log.async-flush.enabled = false (default)
2025-05-12 13:59:21,065 [24ddb537-416a-4354-9846-7e6052fc354d-impl-thread1] INFO  server.RaftServerConfigKeys (ConfUtils.java:logGet(46)) - raft.server.log.statemachine.data.caching.enabled = false (default)
2025-05-12 13:59:21,065 [24ddb537-416a-4354-9846-7e6052fc354d-impl-thread1] INFO  server.RaftServer$Division (ServerState.java:setRaftConf(386)) - 24ddb537-416a-4354-9846-7e6052fc354d@group-A7BE4D65FB3A: set configuration conf: {index: 0, cur=peers:[24ddb537-416a-4354-9846-7e6052fc354d|pkrvmberfyhpb9w:15011]|listeners:[], old=null}
2025-05-12 13:59:21,066 [24ddb537-416a-4354-9846-7e6052fc354d-impl-thread1] INFO  segmented.LogSegment (LogSegment.java:loadSegment(171)) - Successfully read 1 entries from segment file /tmp/junit-10406717276589115243/scm-meta/scm-ha/16575a13-5c4b-4ae1-b0d5-a7be4d65fb3a/current/log_inprogress_0
2025-05-12 13:59:21,066 [24ddb537-416a-4354-9846-7e6052fc354d-impl-thread1] INFO  segmented.SegmentedRaftLogWorker (SegmentedRaftLogWorker.java:lambda$new$0(139)) - 24ddb537-416a-4354-9846-7e6052fc354d@group-A7BE4D65FB3A-SegmentedRaftLogWorker: safeCacheEvictIndex: setUnconditionally 0 -> -1
2025-05-12 13:59:21,066 [24ddb537-416a-4354-9846-7e6052fc354d-impl-thread1] INFO  segmented.BufferedWriteChannel (BufferedWriteChannel.java:open(61)) - open log_inprogress_0 (append) at position 82
2025-05-12 13:59:21,066 [24ddb537-416a-4354-9846-7e6052fc354d-impl-thread1] INFO  server.RaftServer$Division (RaftServerImpl.java:start(391)) - 24ddb537-416a-4354-9846-7e6052fc354d@group-A7BE4D65FB3A: start as a follower, conf=conf: {index: 0, cur=peers:[24ddb537-416a-4354-9846-7e6052fc354d|pkrvmberfyhpb9w:15011]|listeners:[], old=null}
2025-05-12 13:59:21,066 [24ddb537-416a-4354-9846-7e6052fc354d-impl-thread1] INFO  server.RaftServer$Division (RaftServerImpl.java:setRole(378)) - 24ddb537-416a-4354-9846-7e6052fc354d@group-A7BE4D65FB3A: changes role from      null to FOLLOWER at term 1 for startAsFollower
2025-05-12 13:59:21,066 [24ddb537-416a-4354-9846-7e6052fc354d-impl-thread1] INFO  impl.RoleInfo (RoleInfo.java:updateAndGet(148)) - 24ddb537-416a-4354-9846-7e6052fc354d: start 24ddb537-416a-4354-9846-7e6052fc354d@group-A7BE4D65FB3A-FollowerState
2025-05-12 13:59:21,067 [24ddb537-416a-4354-9846-7e6052fc354d@group-A7BE4D65FB3A-FollowerState] INFO  server.RaftServerConfigKeys (ConfUtils.java:logFallback(53)) - raft.server.rpc.first-election.timeout.min = 5000ms (fallback to raft.server.rpc.timeout.min)
2025-05-12 13:59:21,067 [24ddb537-416a-4354-9846-7e6052fc354d@group-A7BE4D65FB3A-FollowerState] INFO  server.RaftServerConfigKeys (ConfUtils.java:logFallback(53)) - raft.server.rpc.first-election.timeout.max = 5200ms (fallback to raft.server.rpc.timeout.max)
2025-05-12 13:59:21,067 [24ddb537-416a-4354-9846-7e6052fc354d-impl-thread1] INFO  util.JmxRegister (JmxRegister.java:tryRegister(44)) - Successfully registered JMX Bean with object name Ratis:service=RaftServer,group=group-A7BE4D65FB3A,id=24ddb537-416a-4354-9846-7e6052fc354d
2025-05-12 13:59:21,067 [24ddb537-416a-4354-9846-7e6052fc354d-impl-thread1] INFO  util.JmxRegister (JmxRegister.java:register(58)) - register mxBean class org.apache.ratis.server.impl.RaftServerJmxAdapter as Ratis:service=RaftServer,group=group-A7BE4D65FB3A,id=24ddb537-416a-4354-9846-7e6052fc354d
2025-05-12 13:59:21,067 [24ddb537-416a-4354-9846-7e6052fc354d-impl-thread1] INFO  server.RaftServerConfigKeys (ConfUtils.java:logGet(46)) - raft.server.snapshot.trigger-when-stop.enabled = true (default)
2025-05-12 13:59:21,068 [24ddb537-416a-4354-9846-7e6052fc354d-impl-thread1] INFO  server.RaftServerConfigKeys (ConfUtils.java:logGet(46)) - raft.server.snapshot.trigger-when-remove.enabled = true (default)
2025-05-12 13:59:21,068 [24ddb537-416a-4354-9846-7e6052fc354d-impl-thread1] INFO  server.RaftServerConfigKeys (ConfUtils.java:logGet(46)) - raft.server.snapshot.auto.trigger.enabled = true (custom)
2025-05-12 13:59:21,068 [24ddb537-416a-4354-9846-7e6052fc354d-impl-thread1] INFO  server.RaftServerConfigKeys (ConfUtils.java:logGet(46)) - raft.server.snapshot.auto.trigger.threshold = 1000 (custom)
2025-05-12 13:59:21,068 [24ddb537-416a-4354-9846-7e6052fc354d-impl-thread1] INFO  server.RaftServerConfigKeys (ConfUtils.java:logGet(46)) - raft.server.snapshot.retention.file.num = -1 (default)
2025-05-12 13:59:21,068 [24ddb537-416a-4354-9846-7e6052fc354d-impl-thread1] INFO  server.RaftServerConfigKeys (ConfUtils.java:logGet(46)) - raft.server.log.purge.upto.snapshot.index = false (default)
2025-05-12 13:59:21,068 [24ddb537-416a-4354-9846-7e6052fc354d-impl-thread1] INFO  server.RaftServer$Division (RaftServerImpl.java:start(405)) - 24ddb537-416a-4354-9846-7e6052fc354d@group-A7BE4D65FB3A: Successfully started.
2025-05-12 13:59:21,069 [main] INFO  server.RaftServer (RaftServerProxy.java:startImpl(407)) - 24ddb537-416a-4354-9846-7e6052fc354d: start RPC server
2025-05-12 13:59:21,069 [main] INFO  server.GrpcService (GrpcService.java:startImpl(334)) - 24ddb537-416a-4354-9846-7e6052fc354d: GrpcService started, listening on 15011
2025-05-12 13:59:21,070 [main] INFO  ha.SCMHAManagerImpl (SCMHAManagerImpl.java:start(131)) -  scm role is FOLLOWER peers [24ddb537-416a-4354-9846-7e6052fc354d|pkrvmberfyhpb9w:15011]
2025-05-12 13:59:21,070 [main] INFO  ha.InterSCMGrpcService (InterSCMGrpcProtocolService.java:start(98)) - Starting SCM Grpc Service at port 15012
2025-05-12 13:59:21,070 [JvmPauseMonitor3] INFO  util.JvmPauseMonitor (JvmPauseMonitor.java:run(146)) - JvmPauseMonitor-24ddb537-416a-4354-9846-7e6052fc354d: Started
2025-05-12 13:59:21,071 [main] INFO  SCMHATransactionMonitor (BackgroundSCMService.java:start(64)) - Starting SCMHATransactionMonitor Service.
2025-05-12 13:59:21,071 [main] INFO  ha.SCMServiceManager (SCMServiceManager.java:register(42)) - Registering service SCMHATransactionMonitor.
2025-05-12 13:59:21,071 [main] INFO  SCMHATransactionMonitor (BackgroundSCMService.java:start(61)) - SCMHATransactionMonitor Service is already running, skip start.
2025-05-12 13:59:21,073 [main] WARN  impl.MetricsConfig (MetricsConfig.java:loadFirst(138)) - Cannot locate configuration: tried hadoop-metrics2-storagecontainermanager.properties,hadoop-metrics2.properties
2025-05-12 13:59:21,074 [main] INFO  impl.MetricsSystemImpl (MetricsSystemImpl.java:startTimer(378)) - Scheduled Metric snapshot period at 10 second(s).
2025-05-12 13:59:21,074 [main] INFO  impl.MetricsSystemImpl (MetricsSystemImpl.java:start(191)) - StorageContainerManager metrics system started
2025-05-12 13:59:21,088 [main] INFO  impl.MetricsSinkAdapter (MetricsSinkAdapter.java:start(204)) - Sink prometheus started
2025-05-12 13:59:21,088 [main] INFO  impl.MetricsSystemImpl (MetricsSystemImpl.java:registerSink(305)) - Registered sink prometheus
2025-05-12 13:59:21,107 [main] INFO  server.SCMClientProtocolServer (SCMClientProtocolServer.java:start(207)) - RPC server for Client  is listening at /0.0.0.0:15007
2025-05-12 13:59:21,107 [IPC Server Responder] INFO  ipc.Server (Server.java:run(1713)) - IPC Server Responder: starting
2025-05-12 13:59:21,108 [IPC Server listener on 15007] INFO  ipc.Server (Server.java:run(1553)) - IPC Server listener on 15007: starting
2025-05-12 13:59:21,118 [main] INFO  server.StorageContainerManager (StorageContainerManager.java:start(1520)) - ScmBlockLocationProtocol RPC server is listening at /0.0.0.0:15009
2025-05-12 13:59:21,119 [main] INFO  server.SCMBlockProtocolServer (SCMBlockProtocolServer.java:start(166)) - RPC server for Block Protocol is listening at /0.0.0.0:15009
2025-05-12 13:59:21,120 [IPC Server Responder] INFO  ipc.Server (Server.java:run(1713)) - IPC Server Responder: starting
2025-05-12 13:59:21,120 [IPC Server listener on 15009] INFO  ipc.Server (Server.java:run(1553)) - IPC Server listener on 15009: starting
2025-05-12 13:59:21,133 [main] INFO  server.SCMSecurityProtocolServer (SCMSecurityProtocolServer.java:start(503)) - Starting RPC server for SCMSecurityProtocolServer. is listening at /0.0.0.0:15010
2025-05-12 13:59:21,134 [IPC Server Responder] INFO  ipc.Server (Server.java:run(1713)) - IPC Server Responder: starting
2025-05-12 13:59:21,135 [IPC Server listener on 15010] INFO  ipc.Server (Server.java:run(1553)) - IPC Server listener on 15010: starting
2025-05-12 13:59:21,137 [main] INFO  http.BaseHttpServer (BaseHttpServer.java:newHttpServer2BuilderForOzone(229)) - Starting Web-server for scm at: http://0.0.0.0:9876
2025-05-12 13:59:21,137 [main] INFO  http.BaseHttpServer (BaseHttpServer.java:<init>(107)) - Hadoop Security Enabled: true Ozone Security Enabled: true Ozone HTTP Security Enabled: false 
2025-05-12 13:59:21,142 [main] WARN  server.AuthenticationFilter (AuthenticationFilter.java:constructSecretProvider(240)) - Unable to initialize FileSignerSecretProvider, falling back to use random secrets. Reason: Could not read signature secret file: /home/runner/hadoop-http-auth-signature-secret
2025-05-12 13:59:21,145 [main] INFO  http.HttpServer2 (HttpServer2.java:addGlobalFilter(1042)) - Added global filter 'safety' (class=org.apache.hadoop.hdds.server.http.HttpServer2$QuotingInputFilter)
2025-05-12 13:59:21,147 [main] INFO  http.HttpServer2 (HttpServer2.java:addFilter(1018)) - Added filter static_user_filter (class=org.apache.hadoop.http.lib.StaticUserWebFilter$StaticUserFilter) to context scm
2025-05-12 13:59:21,147 [main] INFO  http.HttpServer2 (HttpServer2.java:addFilter(1026)) - Added filter static_user_filter (class=org.apache.hadoop.http.lib.StaticUserWebFilter$StaticUserFilter) to context static
2025-05-12 13:59:21,147 [main] INFO  http.HttpServer2 (HttpServer2.java:addFilter(1026)) - Added filter static_user_filter (class=org.apache.hadoop.http.lib.StaticUserWebFilter$StaticUserFilter) to context logs
2025-05-12 13:59:21,148 [main] INFO  http.BaseHttpServer (BaseHttpServer.java:<init>(195)) - HTTP server of scm uses base directory /tmp/junit-10406717276589115243/scm-meta/webserver
2025-05-12 13:59:21,148 [main] INFO  http.HttpServer2 (HttpServer2.java:bindListener(1242)) - Jetty bound to port 9876
2025-05-12 13:59:21,148 [main] INFO  server.Server (Server.java:doStart(375)) - jetty-9.4.57.v20241219; built: 2025-01-08T21:24:30.412Z; git: df524e6b29271c2e09ba9aea83c18dc9db464a31; jvm 21.0.7+6-LTS
2025-05-12 13:59:21,150 [main] INFO  server.session (DefaultSessionIdManager.java:doStart(334)) - DefaultSessionIdManager workerName=node0
2025-05-12 13:59:21,150 [main] INFO  server.session (DefaultSessionIdManager.java:doStart(339)) - No SessionScavenger set, using defaults
2025-05-12 13:59:21,150 [main] INFO  server.session (HouseKeeper.java:startScavenging(132)) - node0 Scavenging every 660000ms
2025-05-12 13:59:21,151 [main] INFO  handler.ContextHandler (ContextHandler.java:doStart(921)) - Started o.e.j.s.ServletContextHandler@ffd66e1{logs,/logs,file:///home/runner/work/ozone/ozone/hadoop-ozone/integration-test/target/log,AVAILABLE}
2025-05-12 13:59:21,151 [main] INFO  handler.ContextHandler (ContextHandler.java:doStart(921)) - Started o.e.j.s.ServletContextHandler@519552ae{static,/static,file:///home/runner/work/ozone/ozone/hadoop-ozone/integration-test/target/test-classes/webapps/static,AVAILABLE}
2025-05-12 13:59:21,160 [main] INFO  handler.ContextHandler (ContextHandler.java:doStart(921)) - Started o.e.j.w.WebAppContext@6b869242{scm,/,file:///home/runner/work/ozone/ozone/hadoop-ozone/integration-test/target/test-classes/webapps/scm/,AVAILABLE}{file:/home/runner/work/ozone/ozone/hadoop-ozone/integration-test/target/test-classes/webapps/scm}
2025-05-12 13:59:21,161 [main] INFO  server.AbstractConnector (AbstractConnector.java:doStart(333)) - Started ServerConnector@37eb8009{HTTP/1.1, (http/1.1)}{0.0.0.0:9876}
2025-05-12 13:59:21,161 [main] INFO  server.Server (Server.java:doStart(415)) - Started @23914ms
2025-05-12 13:59:21,161 [main] WARN  impl.MetricsSystemImpl (MetricsSystemImpl.java:register(279)) - Sink prometheus already exists!
2025-05-12 13:59:21,162 [main] INFO  http.BaseHttpServer (BaseHttpServer.java:updateConnectorAddress(359)) - HTTP server of scm listening at http://0.0.0.0:9876
2025-05-12 13:59:21,163 [main] WARN  server.ServerUtils (ServerUtils.java:getDBPath(292)) - ozone.om.db.dirs is not configured. We recommend adding this setting. Falling back to ozone.metadata.dirs instead.
2025-05-12 13:59:21,165 [main] INFO  ha.OMHANodeDetails (OMHANodeDetails.java:loadOMHAConfig(113)) - ozone.om.internal.service.id is not defined, falling back to ozone.om.service.ids to find serviceID for OzoneManager if it is HA enabled cluster
2025-05-12 13:59:21,165 [main] INFO  ha.OMHANodeDetails (OMHANodeDetails.java:loadOMHAConfig(224)) - Configuration does not have ozone.om.address set. Falling back to the default OM address pkrvmberfyhpb9w.internal.cloudapp.net/10.1.1.27:15013
2025-05-12 13:59:21,165 [main] INFO  ha.OMHANodeDetails (OMHANodeDetails.java:getOMNodeDetailsForNonHA(252)) - OM Service ID is not set. Setting it to the default ID: omServiceIdDefault
2025-05-12 13:59:21,165 [main] INFO  ha.OMHANodeDetails (OMHANodeDetails.java:getOMNodeDetailsForNonHA(259)) - OM Node ID is not set. Setting it to the default ID: om1
2025-05-12 13:59:21,165 [main] WARN  server.ServerUtils (ServerUtils.java:getDBPath(292)) - ozone.om.db.dirs is not configured. We recommend adding this setting. Falling back to ozone.metadata.dirs instead.
2025-05-12 13:59:21,167 [main] INFO  upgrade.AbstractLayoutVersionManager (AbstractLayoutVersionManager.java:init(80)) - Initializing Layout version manager with metadata layout = DELEGATION_TOKEN_SYMMETRIC_SIGN (version = 8), software layout = DELEGATION_TOKEN_SYMMETRIC_SIGN (version = 8)
2025-05-12 13:59:21,176 [pool-68-thread-1] INFO  request.TgsRequest (TgsRequest.java:issueTicket(117)) - TGS_REQ ISSUE: authtime 1747058361175,om/pkrvmberfyhpb9w.internal.cloudapp.net@EXAMPLE.COM for om/pkrvmberfyhpb9w.internal.cloudapp.net@EXAMPLE.COM
2025-05-12 13:59:21,186 [Socket Reader #1 for port 15010] INFO  ipc.Server (Server.java:saslProcess(2290)) - Auth successful for om/pkrvmberfyhpb9w.internal.cloudapp.net@EXAMPLE.COM (auth:KERBEROS) from 127.0.0.1:48584
2025-05-12 13:59:21,188 [IPC Server handler 0 on default port 15010] INFO  ipc.Server (Server.java:logException(3260)) - IPC Server handler 0 on default port 15010, call Call#1 Retry#0 org.apache.hadoop.hdds.protocol.SCMSecurityProtocol.submitRequest from 127.0.0.1:48584
org.apache.hadoop.hdds.ratis.ServerNotLeaderException: SCM Server:24ddb537-416a-4354-9846-7e6052fc354d(pkrvmberfyhpb9w.internal.cloudapp.net) is not the leader. Could not determine the leader node.
	at org.apache.hadoop.hdds.ratis.ServerNotLeaderException.convertToNotLeaderException(ServerNotLeaderException.java:106)
	at org.apache.hadoop.hdds.scm.ha.RatisUtil.checkRatisException(RatisUtil.java:248)
	at org.apache.hadoop.hdds.scm.protocol.SCMSecurityProtocolServerSideTranslatorPB.submitRequest(SCMSecurityProtocolServerSideTranslatorPB.java:83)
	at org.apache.hadoop.hdds.protocol.proto.SCMSecurityProtocolProtos$SCMSecurityProtocolService$2.callBlockingMethod(SCMSecurityProtocolProtos.java:18942)
	at org.apache.hadoop.ipc.ProtobufRpcEngine$Server.processCall(ProtobufRpcEngine.java:484)
	at org.apache.hadoop.ipc.ProtobufRpcEngine2$Server$ProtoBufRpcInvoker.call(ProtobufRpcEngine2.java:595)
	at org.apache.hadoop.ipc.ProtobufRpcEngine2$Server$ProtoBufRpcInvoker.call(ProtobufRpcEngine2.java:573)
	at org.apache.hadoop.ipc.RPC$Server.call(RPC.java:1227)
	at org.apache.hadoop.ipc.Server$RpcCall.run(Server.java:1246)
	at org.apache.hadoop.ipc.Server$RpcCall.run(Server.java:1169)
	at java.base/java.security.AccessController.doPrivileged(AccessController.java:714)
	at java.base/javax.security.auth.Subject.doAs(Subject.java:525)
	at org.apache.hadoop.security.UserGroupInformation.doAs(UserGroupInformation.java:1953)
	at org.apache.hadoop.ipc.Server$Handler.run(Server.java:3198)
2025-05-12 13:59:21,255 [main] INFO  reflections.Reflections (Reflections.java:scan(219)) - Reflections took 87 ms to scan 2 urls, producing 207 keys and 618 values
2025-05-12 13:59:21,256 [main] INFO  upgrade.OMLayoutVersionManager (OMLayoutVersionManager.java:lambda$0(110)) - Skipping Upgrade Action QuotaRepairUpgradeAction since it has been finalized.
2025-05-12 13:59:21,256 [main] INFO  upgrade.OMLayoutVersionManager (OMLayoutVersionManager.java:lambda$0(110)) - Skipping Upgrade Action MockOmUpgradeAction since it has been finalized.
2025-05-12 13:59:21,259 [pool-68-thread-1] INFO  request.KdcRequest (KdcRequest.java:preauth(683)) - The preauth data is empty.
2025-05-12 13:59:21,260 [pool-68-thread-1] INFO  server.KdcHandler (KdcHandler.java:handleRecoverableException(177)) - KRB error occurred while processing request: Additional pre-authentication required
2025-05-12 13:59:21,265 [pool-68-thread-1] INFO  request.AsRequest (AsRequest.java:issueTicket(112)) - AS_REQ ISSUE: authtime 1747058361264,om/pkrvmberfyhpb9w.internal.cloudapp.net@EXAMPLE.COM for krbtgt/EXAMPLE.COM@EXAMPLE.COM
2025-05-12 13:59:21,267 [main] INFO  security.UserGroupInformation (UserGroupInformation.java:loginUserFromKeytab(1143)) - Login successful for user om/pkrvmberfyhpb9w.internal.cloudapp.net@EXAMPLE.COM using keytab file om.keytab. Keytab auto renewal enabled : false
2025-05-12 13:59:21,267 [main] INFO  om.OzoneManager (OzoneManager.java:loginOMUser(1308)) - Ozone Manager login successful.
2025-05-12 13:59:21,267 [main] WARN  server.ServerUtils (ServerUtils.java:getDBPath(292)) - ozone.om.db.dirs is not configured. We recommend adding this setting. Falling back to ozone.metadata.dirs instead.
2025-05-12 13:59:21,268 [main] INFO  om.OzoneManager (OzoneManager.java:setReplicationFromConfig(4596)) - Set default replication in OM: RATIS/3 -> RATIS/THREE
2025-05-12 13:59:21,268 [main] INFO  proxy.SCMContainerLocationFailoverProxyProvider (SCMFailoverProxyProviderBase.java:<init>(120)) - Created fail-over proxy for protocol StorageContainerLocationProtocolPB with 1 nodes: [nodeId=scmNodeId,nodeAddress=/0.0.0.0:15007]
2025-05-12 13:59:21,269 [main] INFO  proxy.SCMBlockLocationFailoverProxyProvider (SCMFailoverProxyProviderBase.java:<init>(120)) - Created fail-over proxy for protocol ScmBlockLocationProtocolPB with 1 nodes: [nodeId=scmNodeId,nodeAddress=/0.0.0.0:15009]
2025-05-12 13:59:21,270 [main] INFO  om.OzoneManager (OzoneManager.java:getOmDetailsProto(4941)) - OzoneManager ports added:[name: "RPC"
value: 15013
]
2025-05-12 13:59:21,271 [main] INFO  proxy.SCMSecurityProtocolFailoverProxyProvider (SCMFailoverProxyProviderBase.java:<init>(120)) - Created fail-over proxy for protocol SCMSecurityProtocolPB with 1 nodes: [nodeId=scmNodeId,nodeAddress=/0.0.0.0:15010]
2025-05-12 13:59:21,271 [main] INFO  security.OMCertificateClient (DefaultCertificateClient.java:updateCertSerialId(1289)) - Certificate serial ID set to 9879877970576
2025-05-12 13:59:21,272 [main] WARN  security.OMCertificateClient (DefaultCertificateClient.java:loadAllCertificates(178)) - Certificates could not be loaded.
java.nio.file.NoSuchFileException: /tmp/junit-10406717276589115243/scm-meta/om/certs
	at java.base/sun.nio.fs.UnixException.translateToIOException(UnixException.java:92)
	at java.base/sun.nio.fs.UnixException.asIOException(UnixException.java:115)
	at java.base/sun.nio.fs.UnixFileSystemProvider.newDirectoryStream(UnixFileSystemProvider.java:501)
	at java.base/java.nio.file.Files.newDirectoryStream(Files.java:482)
	at java.base/java.nio.file.Files.list(Files.java:3785)
	at org.apache.hadoop.hdds.security.x509.certificate.client.DefaultCertificateClient.loadAllCertificates(DefaultCertificateClient.java:173)
	at org.apache.hadoop.hdds.security.x509.certificate.client.DefaultCertificateClient.updateCertSerialId(DefaultCertificateClient.java:1290)
	at org.apache.hadoop.hdds.security.x509.certificate.client.DefaultCertificateClient.<init>(DefaultCertificateClient.java:155)
	at org.apache.hadoop.ozone.security.OMCertificateClient.<init>(OMCertificateClient.java:65)
	at org.apache.hadoop.ozone.om.OzoneManager.<init>(OzoneManager.java:646)
	at org.apache.hadoop.ozone.om.OzoneManager.createOm(OzoneManager.java:877)
	at org.apache.hadoop.ozone.TestSecureOzoneCluster.setupOm(TestSecureOzoneCluster.java:716)
	at org.apache.hadoop.ozone.TestSecureOzoneCluster.testGetSetRevokeS3Secret(TestSecureOzoneCluster.java:728)
	at java.base/jdk.internal.reflect.DirectMethodHandleAccessor.invoke(DirectMethodHandleAccessor.java:103)
	at java.base/java.lang.reflect.Method.invoke(Method.java:580)
	at org.junit.platform.commons.util.ReflectionUtils.invokeMethod(ReflectionUtils.java:775)
	at org.junit.platform.commons.support.ReflectionSupport.invokeMethod(ReflectionSupport.java:479)
	at org.junit.jupiter.engine.execution.MethodInvocation.proceed(MethodInvocation.java:60)
	at org.junit.jupiter.engine.execution.InvocationInterceptorChain$ValidatingInvocation.proceed(InvocationInterceptorChain.java:131)
	at org.junit.jupiter.engine.extension.SameThreadTimeoutInvocation.proceed(SameThreadTimeoutInvocation.java:49)
	at org.junit.jupiter.engine.extension.TimeoutExtension.intercept(TimeoutExtension.java:161)
	at org.junit.jupiter.engine.extension.TimeoutExtension.interceptTestableMethod(TimeoutExtension.java:152)
	at org.junit.jupiter.engine.extension.TimeoutExtension.interceptTestMethod(TimeoutExtension.java:91)
	at org.junit.jupiter.engine.execution.InterceptingExecutableInvoker$ReflectiveInterceptorCall.lambda$ofVoidMethod$0(InterceptingExecutableInvoker.java:112)
	at org.junit.jupiter.engine.execution.InterceptingExecutableInvoker.lambda$invoke$0(InterceptingExecutableInvoker.java:94)
	at org.junit.jupiter.engine.execution.InvocationInterceptorChain$InterceptedInvocation.proceed(InvocationInterceptorChain.java:106)
	at org.junit.jupiter.engine.execution.InvocationInterceptorChain.proceed(InvocationInterceptorChain.java:64)
	at org.junit.jupiter.engine.execution.InvocationInterceptorChain.chainAndInvoke(InvocationInterceptorChain.java:45)
	at org.junit.jupiter.engine.execution.InvocationInterceptorChain.invoke(InvocationInterceptorChain.java:37)
	at org.junit.jupiter.engine.execution.InterceptingExecutableInvoker.invoke(InterceptingExecutableInvoker.java:93)
	at org.junit.jupiter.engine.execution.InterceptingExecutableInvoker.invoke(InterceptingExecutableInvoker.java:87)
	at org.junit.jupiter.engine.descriptor.TestMethodTestDescriptor.lambda$invokeTestMethod$7(TestMethodTestDescriptor.java:216)
	at org.junit.platform.engine.support.hierarchical.ThrowableCollector.execute(ThrowableCollector.java:73)
	at org.junit.jupiter.engine.descriptor.TestMethodTestDescriptor.invokeTestMethod(TestMethodTestDescriptor.java:212)
	at org.junit.jupiter.engine.descriptor.TestMethodTestDescriptor.execute(TestMethodTestDescriptor.java:137)
	at org.junit.jupiter.engine.descriptor.TestMethodTestDescriptor.execute(TestMethodTestDescriptor.java:69)
	at org.junit.platform.engine.support.hierarchical.NodeTestTask.lambda$executeRecursively$6(NodeTestTask.java:156)
	at org.junit.platform.engine.support.hierarchical.ThrowableCollector.execute(ThrowableCollector.java:73)
	at org.junit.platform.engine.support.hierarchical.NodeTestTask.lambda$executeRecursively$8(NodeTestTask.java:146)
	at org.junit.platform.engine.support.hierarchical.Node.around(Node.java:137)
	at org.junit.platform.engine.support.hierarchical.NodeTestTask.lambda$executeRecursively$9(NodeTestTask.java:144)
	at org.junit.platform.engine.support.hierarchical.ThrowableCollector.execute(ThrowableCollector.java:73)
	at org.junit.platform.engine.support.hierarchical.NodeTestTask.executeRecursively(NodeTestTask.java:143)
	at org.junit.platform.engine.support.hierarchical.NodeTestTask.execute(NodeTestTask.java:100)
	at java.base/java.util.ArrayList.forEach(ArrayList.java:1596)
	at org.junit.platform.engine.support.hierarchical.SameThreadHierarchicalTestExecutorService.invokeAll(SameThreadHierarchicalTestExecutorService.java:41)
	at org.junit.platform.engine.support.hierarchical.NodeTestTask.lambda$executeRecursively$6(NodeTestTask.java:160)
	at org.junit.platform.engine.support.hierarchical.ThrowableCollector.execute(ThrowableCollector.java:73)
	at org.junit.platform.engine.support.hierarchical.NodeTestTask.lambda$executeRecursively$8(NodeTestTask.java:146)
	at org.junit.platform.engine.support.hierarchical.Node.around(Node.java:137)
	at org.junit.platform.engine.support.hierarchical.NodeTestTask.lambda$executeRecursively$9(NodeTestTask.java:144)
	at org.junit.platform.engine.support.hierarchical.ThrowableCollector.execute(ThrowableCollector.java:73)
	at org.junit.platform.engine.support.hierarchical.NodeTestTask.executeRecursively(NodeTestTask.java:143)
	at org.junit.platform.engine.support.hierarchical.NodeTestTask.execute(NodeTestTask.java:100)
	at java.base/java.util.ArrayList.forEach(ArrayList.java:1596)
	at org.junit.platform.engine.support.hierarchical.SameThreadHierarchicalTestExecutorService.invokeAll(SameThreadHierarchicalTestExecutorService.java:41)
	at org.junit.platform.engine.support.hierarchical.NodeTestTask.lambda$executeRecursively$6(NodeTestTask.java:160)
	at org.junit.platform.engine.support.hierarchical.ThrowableCollector.execute(ThrowableCollector.java:73)
	at org.junit.platform.engine.support.hierarchical.NodeTestTask.lambda$executeRecursively$8(NodeTestTask.java:146)
	at org.junit.platform.engine.support.hierarchical.Node.around(Node.java:137)
	at org.junit.platform.engine.support.hierarchical.NodeTestTask.lambda$executeRecursively$9(NodeTestTask.java:144)
	at org.junit.platform.engine.support.hierarchical.ThrowableCollector.execute(ThrowableCollector.java:73)
	at org.junit.platform.engine.support.hierarchical.NodeTestTask.executeRecursively(NodeTestTask.java:143)
	at org.junit.platform.engine.support.hierarchical.NodeTestTask.execute(NodeTestTask.java:100)
	at org.junit.platform.engine.support.hierarchical.SameThreadHierarchicalTestExecutorService.submit(SameThreadHierarchicalTestExecutorService.java:35)
	at org.junit.platform.engine.support.hierarchical.HierarchicalTestExecutor.execute(HierarchicalTestExecutor.java:57)
	at org.junit.platform.engine.support.hierarchical.HierarchicalTestEngine.execute(HierarchicalTestEngine.java:54)
	at org.junit.platform.launcher.core.EngineExecutionOrchestrator.execute(EngineExecutionOrchestrator.java:201)
	at org.junit.platform.launcher.core.EngineExecutionOrchestrator.execute(EngineExecutionOrchestrator.java:170)
	at org.junit.platform.launcher.core.EngineExecutionOrchestrator.execute(EngineExecutionOrchestrator.java:94)
	at org.junit.platform.launcher.core.EngineExecutionOrchestrator.lambda$execute$0(EngineExecutionOrchestrator.java:59)
	at org.junit.platform.launcher.core.EngineExecutionOrchestrator.withInterceptedStreams(EngineExecutionOrchestrator.java:142)
	at org.junit.platform.launcher.core.EngineExecutionOrchestrator.execute(EngineExecutionOrchestrator.java:58)
	at org.junit.platform.launcher.core.DefaultLauncher.execute(DefaultLauncher.java:103)
	at org.junit.platform.launcher.core.DefaultLauncher.execute(DefaultLauncher.java:85)
	at org.junit.platform.launcher.core.DelegatingLauncher.execute(DelegatingLauncher.java:47)
	at org.junit.platform.launcher.core.InterceptingLauncher.lambda$execute$1(InterceptingLauncher.java:39)
	at org.junit.platform.launcher.core.ClasspathAlignmentCheckingLauncherInterceptor.intercept(ClasspathAlignmentCheckingLauncherInterceptor.java:25)
	at org.junit.platform.launcher.core.InterceptingLauncher.execute(InterceptingLauncher.java:38)
	at org.junit.platform.launcher.core.DelegatingLauncher.execute(DelegatingLauncher.java:47)
	at org.apache.maven.surefire.junitplatform.LazyLauncher.execute(LazyLauncher.java:56)
	at org.apache.maven.surefire.junitplatform.JUnitPlatformProvider.invokeAllTests(JUnitPlatformProvider.java:162)
	at org.apache.maven.surefire.junitplatform.JUnitPlatformProvider.invoke(JUnitPlatformProvider.java:120)
	at org.apache.maven.surefire.booter.ForkedBooter.runSuitesInProcess(ForkedBooter.java:385)
	at org.apache.maven.surefire.booter.ForkedBooter.execute(ForkedBooter.java:162)
	at org.apache.maven.surefire.booter.ForkedBooter.run(ForkedBooter.java:507)
	at org.apache.maven.surefire.booter.ForkedBooter.main(ForkedBooter.java:495)
2025-05-12 13:59:21,273 [main] INFO  proxy.SecretKeyProtocolFailoverProxyProvider (SCMFailoverProxyProviderBase.java:<init>(120)) - Created fail-over proxy for protocol SecretKeyProtocolOmPB with 1 nodes: [nodeId=scmNodeId,nodeAddress=/0.0.0.0:15010]
2025-05-12 13:59:21,273 [main] INFO  symmetric.DefaultSecretKeyVerifierClient (DefaultSecretKeyVerifierClient.java:<init>(76)) - Initializing secret key cache with size 16, TTL PT168H
2025-05-12 13:59:21,276 [main] INFO  om.OzoneManager (OzoneManager.java:<init>(670)) - OM start with adminUsers: [om/pkrvmberfyhpb9w.internal.cloudapp.net@EXAMPLE.COM, om]
2025-05-12 13:59:21,277 [main] WARN  server.ServerUtils (ServerUtils.java:getDBPath(292)) - ozone.om.db.dirs is not configured. We recommend adding this setting. Falling back to ozone.metadata.dirs instead.
2025-05-12 13:59:21,406 [main] INFO  om.OzoneManager (OzoneManager.java:instantiateServices(914)) - S3 Multi-Tenancy is disabled
2025-05-12 13:59:21,407 [main] INFO  security.OzoneSecretStore (OzoneSecretStore.java:loadState(70)) - Loaded 0 tokens
2025-05-12 13:59:21,407 [main] INFO  security.OzoneDelegationTokenSecretManager (OzoneDelegationTokenSecretManager.java:loadTokenSecretState(513)) - Loading token state into token manager.
2025-05-12 13:59:21,407 [main] INFO  om.OmSnapshotManager (OmSnapshotManager.java:<init>(187)) - Ozone filesystem snapshot feature is enabled.
2025-05-12 13:59:21,408 [main] WARN  server.ServerUtils (ServerUtils.java:getDBPath(292)) - ozone.om.snapshot.diff.db.dir is not configured. We recommend adding this setting. Falling back to ozone.metadata.dirs instead.
2025-05-12 13:59:21,424 [main] INFO  om.OzoneManager (OzoneManager.java:addS3GVolumeToDB(4654)) - Created Volume s3v With Owner om required for S3Gateway operations.
2025-05-12 13:59:21,424 [main] WARN  server.ServerUtils (ServerUtils.java:getDefaultRatisDirectory(304)) - Storage directory for Ratis is not configured. It is a good idea to map this to an SSD disk. Falling back to ozone.metadata.dirs
2025-05-12 13:59:21,424 [main] WARN  utils.OzoneManagerRatisUtils (OzoneManagerRatisUtils.java:getOMRatisSnapshotDirectory(488)) - ozone.om.ratis.snapshot.dir is not configured. Falling back to ozone.metadata.dirs config
2025-05-12 13:59:21,425 [main] WARN  dropwizard3.Dm3MetricRegistriesImpl (Dm3MetricRegistriesImpl.java:addReporterRegistration(114)) - New reporters are added after registries were created. Some metrics will be missing from the reporter. Please add reporter before adding any new registry.
2025-05-12 13:59:21,425 [main] WARN  dropwizard3.Dm3MetricRegistriesImpl (Dm3MetricRegistriesImpl.java:addReporterRegistration(114)) - New reporters are added after registries were created. Some metrics will be missing from the reporter. Please add reporter before adding any new registry.
2025-05-12 13:59:21,425 [main] WARN  server.ServerUtils (ServerUtils.java:getDefaultRatisDirectory(304)) - Storage directory for Ratis is not configured. It is a good idea to map this to an SSD disk. Falling back to ozone.metadata.dirs
2025-05-12 13:59:21,425 [main] INFO  server.RaftServerConfigKeys (ConfUtils.java:logGet(46)) - raft.server.log.appender.buffer.byte-limit = 4194304 (custom)
2025-05-12 13:59:21,427 [main] INFO  ratis.OzoneManagerRatisServer (OzoneManagerRatisServer.java:<init>(167)) - Instantiating OM Ratis server with groupID: omServiceIdDefault and peers: pkrvmberfyhpb9w.internal.cloudapp.net:9872
2025-05-12 13:59:21,427 [main] INFO  ratis.OzoneManagerStateMachine (OzoneManagerStateMachine.java:loadSnapshotInfoFromDB(618)) - TransactionInfo not found in OM DB.
2025-05-12 13:59:21,428 [main] INFO  server.RaftServer (ConfUtils.java:logGet(46)) - raft.rpc.type = GRPC (default)
2025-05-12 13:59:21,428 [main] INFO  grpc.GrpcConfigKeys (ConfUtils.java:logFallback(53)) - raft.grpc.admin.host = null (fallback to raft.grpc.server.host)
2025-05-12 13:59:21,429 [main] INFO  grpc.GrpcConfigKeys (ConfUtils.java:logFallback(53)) - raft.grpc.admin.port = 9872 (fallback to raft.grpc.server.port)
2025-05-12 13:59:21,429 [main] INFO  grpc.GrpcConfigKeys (ConfUtils.java:logFallback(53)) - raft.grpc.client.host = null (fallback to raft.grpc.server.host)
2025-05-12 13:59:21,429 [main] INFO  grpc.GrpcConfigKeys (ConfUtils.java:logFallback(53)) - raft.grpc.client.port = 9872 (fallback to raft.grpc.server.port)
2025-05-12 13:59:21,429 [main] INFO  grpc.GrpcConfigKeys (ConfUtils.java:logGet(46)) - raft.grpc.server.host = null (default)
2025-05-12 13:59:21,429 [main] INFO  grpc.GrpcConfigKeys (ConfUtils.java:logGet(46)) - raft.grpc.server.port = 9872 (custom)
2025-05-12 13:59:21,429 [main] INFO  server.GrpcService (ConfUtils.java:logGet(46)) - raft.grpc.message.size.max = 5242880 (custom)
2025-05-12 13:59:21,429 [main] INFO  server.GrpcService (ConfUtils.java:logGet(46)) - raft.grpc.flow.control.window = 1MB (=1048576) (default)
2025-05-12 13:59:21,430 [main] INFO  server.RaftServerConfigKeys (ConfUtils.java:logGet(46)) - raft.server.rpc.request.timeout = 3000ms (default)
2025-05-12 13:59:21,430 [main] INFO  grpc.GrpcConfigKeys (ConfUtils.java:logGet(46)) - raft.grpc.server.heartbeat.channel = true (default)
2025-05-12 13:59:21,430 [main] INFO  server.RaftServerConfigKeys (ConfUtils.java:logGet(46)) - raft.server.log.appender.buffer.byte-limit = 4194304 (custom)
2025-05-12 13:59:21,430 [main] INFO  grpc.GrpcConfigKeys (ConfUtils.java:logGet(46)) - raft.grpc.server.async.request.thread.pool.cached = true (default)
2025-05-12 13:59:21,430 [main] INFO  grpc.GrpcConfigKeys (ConfUtils.java:logGet(46)) - raft.grpc.server.async.request.thread.pool.size = 32 (default)
2025-05-12 13:59:21,431 [main] INFO  impl.DataStreamServerImpl (ConfUtils.java:logGet(46)) - raft.datastream.type = DISABLED (default)
2025-05-12 13:59:21,431 [main] INFO  server.RaftServerConfigKeys (ConfUtils.java:logGet(46)) - raft.server.sleep.deviation.threshold = 300ms (default)
2025-05-12 13:59:21,431 [main] INFO  server.RaftServerConfigKeys (ConfUtils.java:logGet(46)) - raft.server.close.threshold = 60s (default)
2025-05-12 13:59:21,431 [main] INFO  server.RaftServerConfigKeys (ConfUtils.java:logGet(46)) - raft.server.leaderelection.leader.step-down.wait-time = 10s (default)
2025-05-12 13:59:21,431 [main] INFO  server.RaftServerConfigKeys (ConfUtils.java:logGet(46)) - raft.server.storage.dir = [/tmp/junit-10406717276589115243/scm-meta/ratis] (custom)
2025-05-12 13:59:21,432 [main] INFO  server.RaftServerConfigKeys (ConfUtils.java:logGet(46)) - raft.server.threadpool.proxy.cached = true (default)
2025-05-12 13:59:21,432 [main] INFO  server.RaftServerConfigKeys (ConfUtils.java:logGet(46)) - raft.server.threadpool.proxy.size = 0 (default)
2025-05-12 13:59:21,432 [main] INFO  server.RaftServer (RaftServerProxy.java:addNew(100)) - om1: addNew group-C5BA1605619E:[om1|pkrvmberfyhpb9w.internal.cloudapp.net:9872] returns group-C5BA1605619E:java.util.concurrent.CompletableFuture@5d7325f3[Not completed]
2025-05-12 13:59:21,432 [om1-groupManagement] INFO  server.RaftServer$Division (RaftServerImpl.java:<init>(255)) - om1: new RaftServerImpl for group-C5BA1605619E:[om1|pkrvmberfyhpb9w.internal.cloudapp.net:9872] with OzoneManagerStateMachine:uninitialized
2025-05-12 13:59:21,432 [main] INFO  om.OzoneManager (OzoneManager.java:initializeRatisServer(2284)) - OzoneManager Ratis server initialized at port 9872
2025-05-12 13:59:21,433 [om1-groupManagement] INFO  server.RaftServerConfigKeys (ConfUtils.java:logGet(46)) - raft.server.rpc.timeout.min = 5s (custom)
2025-05-12 13:59:21,433 [main] INFO  om.OzoneManager (OzoneManager.java:getRpcServer(1340)) - Creating RPC Server
2025-05-12 13:59:21,433 [om1-groupManagement] INFO  server.RaftServerConfigKeys (ConfUtils.java:logGet(46)) - raft.server.rpc.timeout.max = 5200ms (custom)
2025-05-12 13:59:21,433 [om1-groupManagement] INFO  server.RaftServerConfigKeys (ConfUtils.java:logGet(46)) - raft.server.rpc.sleep.time = 25ms (default)
2025-05-12 13:59:21,433 [om1-groupManagement] INFO  server.RaftServerConfigKeys (ConfUtils.java:logGet(46)) - raft.server.rpc.slowness.timeout = 120s (custom)
2025-05-12 13:59:21,433 [om1-groupManagement] INFO  server.RaftServerConfigKeys (ConfUtils.java:logGet(46)) - raft.server.leaderelection.leader.step-down.wait-time = 10s (default)
2025-05-12 13:59:21,433 [om1-groupManagement] INFO  server.RaftServerConfigKeys (ConfUtils.java:logGet(46)) - raft.server.leaderelection.member.majority-add = false (default)
2025-05-12 13:59:21,433 [om1-groupManagement] INFO  server.RaftServerConfigKeys (ConfUtils.java:logGet(46)) - raft.server.sleep.deviation.threshold = 300ms (default)
2025-05-12 13:59:21,433 [om1-groupManagement] INFO  server.RaftServer$Division (ServerState.java:<init>(114)) - om1@group-C5BA1605619E: ConfigurationManager, init=conf: {index: -1, cur=peers:[om1|pkrvmberfyhpb9w.internal.cloudapp.net:9872]|listeners:[], old=null}, confs=<EMPTY_MAP>
2025-05-12 13:59:21,433 [om1-groupManagement] INFO  server.RaftServerConfigKeys (ConfUtils.java:logGet(46)) - raft.server.notification.no-leader.timeout = 120s (custom)
2025-05-12 13:59:21,433 [om1-groupManagement] INFO  server.RaftServerConfigKeys (ConfUtils.java:logGet(46)) - raft.server.read.timeout = 10s (default)
2025-05-12 13:59:21,433 [om1-groupManagement] INFO  server.RaftServerConfigKeys (ConfUtils.java:logGet(46)) - raft.server.retrycache.expirytime = 300s (custom)
2025-05-12 13:59:21,434 [om1-groupManagement] INFO  server.RaftServerConfigKeys (ConfUtils.java:logGet(46)) - raft.server.retrycache.statistics.expirytime = 100ms (default)
2025-05-12 13:59:21,434 [om1-groupManagement] INFO  server.RaftServerConfigKeys (ConfUtils.java:logGet(46)) - raft.server.read.option = DEFAULT (default)
2025-05-12 13:59:21,434 [om1-groupManagement] INFO  server.RaftServerConfigKeys (ConfUtils.java:logGet(46)) - raft.server.read.read-after-write-consistent.write-index-cache.expiry-time = 60s (default)
2025-05-12 13:59:21,435 [om1-groupManagement] INFO  server.RaftServerConfigKeys (ConfUtils.java:logGet(46)) - raft.server.rpc.request.timeout = 3000ms (default)
2025-05-12 13:59:21,435 [om1-groupManagement] INFO  server.RaftServerConfigKeys (ConfUtils.java:logGet(46)) - raft.server.log.appender.install.snapshot.enabled = false (custom)
2025-05-12 13:59:21,435 [om1-groupManagement] INFO  server.RaftServerConfigKeys (ConfUtils.java:logGet(46)) - raft.server.threadpool.server.cached = true (default)
2025-05-12 13:59:21,435 [om1-groupManagement] INFO  server.RaftServerConfigKeys (ConfUtils.java:logGet(46)) - raft.server.threadpool.server.size = 0 (default)
2025-05-12 13:59:21,435 [om1-groupManagement] INFO  server.RaftServerConfigKeys (ConfUtils.java:logGet(46)) - raft.server.threadpool.client.cached = true (default)
2025-05-12 13:59:21,435 [om1-groupManagement] INFO  server.RaftServerConfigKeys (ConfUtils.java:logGet(46)) - raft.server.threadpool.client.size = 0 (default)
2025-05-12 13:59:21,906 [main] INFO  reflections.Reflections (Reflections.java:scan(219)) - Reflections took 473 ms to scan 24 urls, producing 60 keys and 7515 values
2025-05-12 13:59:21,909 [main] INFO  ipc.CallQueueManager (CallQueueManager.java:<init>(93)) - Using callQueue: class java.util.concurrent.LinkedBlockingQueue, queueCapacity: 2000, scheduler: class org.apache.hadoop.ipc.DefaultRpcScheduler, ipcBackoff: false, ipcFailOver: false.
2025-05-12 13:59:21,910 [main] INFO  server.StorageContainerManager (StorageContainerManager.java:stop(1608)) - Container Balancer is not running.
2025-05-12 13:59:21,910 [main] INFO  server.StorageContainerManager (StorageContainerManager.java:stopReplicationManager(1742)) - Stopping Replication Manager Service.
2025-05-12 13:59:21,910 [main] INFO  replication.ReplicationManager (ReplicationManager.java:stop(316)) - Stopping Replication Monitor Thread.
2025-05-12 13:59:21,911 [OverReplicatedProcessor] WARN  replication.UnhealthyReplicationProcessor (UnhealthyReplicationProcessor.java:run(178)) - OverReplicatedProcessor interrupted. Exiting...
2025-05-12 13:59:21,911 [UnderReplicatedProcessor] WARN  replication.UnhealthyReplicationProcessor (UnhealthyReplicationProcessor.java:run(178)) - UnderReplicatedProcessor interrupted. Exiting...
2025-05-12 13:59:21,911 [main] INFO  server.StorageContainerManager (StorageContainerManager.java:stop(1617)) - Stopping the Datanode Admin Monitor.
2025-05-12 13:59:21,911 [ReplicationMonitor] INFO  replication.ReplicationManager (ReplicationManager.java:run(936)) - Replication Monitor Thread is stopped
2025-05-12 13:59:21,912 [main] INFO  server.StorageContainerManager (StorageContainerManager.java:stop(1624)) - Stopping datanode service RPC server
2025-05-12 13:59:21,912 [main] INFO  server.SCMDatanodeProtocolServer (SCMDatanodeProtocolServer.java:stop(447)) - Stopping the RPC server for DataNodes
2025-05-12 13:59:21,912 [main] INFO  ipc.Server (Server.java:stop(3697)) - Stopping server on 15008
2025-05-12 13:59:21,919 [SCMHeartbeatProcessor-0] WARN  node.NodeStateManager (NodeStateManager.java:scheduleNextHealthCheck(909)) - Current Thread is interrupted, shutting down HB processing thread for Node Manager.
2025-05-12 13:59:21,919 [main] INFO  server.StorageContainerManager (StorageContainerManager.java:stop(1632)) - Stopping block service RPC server
2025-05-12 13:59:21,919 [main] INFO  server.SCMBlockProtocolServer (SCMBlockProtocolServer.java:stop(175)) - Stopping the RPC server for Block Protocol
2025-05-12 13:59:21,919 [main] INFO  ipc.Server (Server.java:stop(3697)) - Stopping server on 15009
2025-05-12 13:59:21,923 [IPC Server listener on 15009] INFO  ipc.Server (Server.java:run(1585)) - Stopping IPC Server listener on 15009
2025-05-12 13:59:21,923 [main] INFO  server.StorageContainerManager (StorageContainerManager.java:stop(1639)) - Stopping the StorageContainerLocationProtocol RPC server
2025-05-12 13:59:21,923 [main] INFO  server.SCMClientProtocolServer (SCMClientProtocolServer.java:stop(216)) - Stopping the RPC server for Client Protocol
2025-05-12 13:59:21,923 [main] INFO  ipc.Server (Server.java:stop(3697)) - Stopping server on 15007
2025-05-12 13:59:21,923 [IPC Server Responder] INFO  ipc.Server (Server.java:run(1718)) - Stopping IPC Server Responder
2025-05-12 13:59:21,928 [IPC Server listener on 15007] INFO  ipc.Server (Server.java:run(1585)) - Stopping IPC Server listener on 15007
2025-05-12 13:59:21,928 [IPC Server Responder] INFO  ipc.Server (Server.java:run(1718)) - Stopping IPC Server Responder
2025-05-12 13:59:21,929 [main] INFO  server.StorageContainerManager (StorageContainerManager.java:stop(1646)) - Stopping Storage Container Manager HTTP server.
2025-05-12 13:59:21,930 [main] INFO  handler.ContextHandler (ContextHandler.java:doStop(1159)) - Stopped o.e.j.w.WebAppContext@6b869242{scm,/,null,STOPPED}{file:/home/runner/work/ozone/ozone/hadoop-ozone/integration-test/target/test-classes/webapps/scm}
2025-05-12 13:59:21,931 [main] INFO  server.AbstractConnector (AbstractConnector.java:doStop(383)) - Stopped ServerConnector@37eb8009{HTTP/1.1, (http/1.1)}{0.0.0.0:9876}
2025-05-12 13:59:21,931 [main] INFO  server.session (HouseKeeper.java:stopScavenging(149)) - node0 Stopped scavenging
2025-05-12 13:59:21,932 [main] INFO  handler.ContextHandler (ContextHandler.java:doStop(1159)) - Stopped o.e.j.s.ServletContextHandler@519552ae{static,/static,file:///home/runner/work/ozone/ozone/hadoop-ozone/integration-test/target/test-classes/webapps/static,STOPPED}
2025-05-12 13:59:21,932 [main] INFO  handler.ContextHandler (ContextHandler.java:doStop(1159)) - Stopped o.e.j.s.ServletContextHandler@ffd66e1{logs,/logs,file:///home/runner/work/ozone/ozone/hadoop-ozone/integration-test/target/log,STOPPED}
2025-05-12 13:59:21,932 [main] INFO  server.StorageContainerManager (StorageContainerManager.java:stop(1654)) - Stopping SCM LayoutVersionManager Service.
2025-05-12 13:59:21,932 [main] INFO  server.SCMSecurityProtocolServer (SCMSecurityProtocolServer.java:stop(510)) - Stopping the SCMSecurityProtocolServer.
2025-05-12 13:59:21,933 [main] INFO  ipc.Server (Server.java:stop(3697)) - Stopping server on 15010
2025-05-12 13:59:21,933 [IPC Server listener on 15010] INFO  ipc.Server (Server.java:run(1585)) - Stopping IPC Server listener on 15010
2025-05-12 13:59:21,933 [main] INFO  server.StorageContainerManager (StorageContainerManager.java:stop(1666)) - Stopping Block Manager Service.
2025-05-12 13:59:21,933 [main] INFO  utils.BackgroundService (BackgroundService.java:shutdown(160)) - Shutting down service SCMBlockDeletingService
2025-05-12 13:59:21,933 [IPC Server Responder] INFO  ipc.Server (Server.java:run(1718)) - Stopping IPC Server Responder
2025-05-12 13:59:21,933 [main] INFO  utils.BackgroundService (BackgroundService.java:shutdown(160)) - Shutting down service SCMBlockDeletingService
2025-05-12 13:59:21,934 [main] INFO  server.StorageContainerManager (StorageContainerManager.java:stop(1691)) - Stopping SCM Event Queue.
2025-05-12 13:59:21,935 [main] INFO  server.StorageContainerManager (StorageContainerManager.java:stop(1698)) - Stopping SCM HA services.
2025-05-12 13:59:21,935 [main] INFO  ha.SCMRatisServerImpl (SCMRatisServerImpl.java:stop(266)) - stopping ratis server 0.0.0.0:15011
2025-05-12 13:59:21,935 [main] INFO  server.RaftServer (RaftServerProxy.java:lambda$close$9(417)) - 24ddb537-416a-4354-9846-7e6052fc354d: close
2025-05-12 13:59:21,935 [main] INFO  server.GrpcService (GrpcService.java:closeImpl(343)) - 24ddb537-416a-4354-9846-7e6052fc354d: shutdown server GrpcServerProtocolService now
2025-05-12 13:59:21,936 [24ddb537-416a-4354-9846-7e6052fc354d-impl-thread1] INFO  server.RaftServer$Division (RaftServerImpl.java:lambda$close$1(513)) - 24ddb537-416a-4354-9846-7e6052fc354d@group-A7BE4D65FB3A: shutdown
2025-05-12 13:59:21,936 [24ddb537-416a-4354-9846-7e6052fc354d-impl-thread1] INFO  util.JmxRegister (JmxRegister.java:unregister(74)) - Successfully un-registered JMX Bean with object name Ratis:service=RaftServer,group=group-A7BE4D65FB3A,id=24ddb537-416a-4354-9846-7e6052fc354d
2025-05-12 13:59:21,936 [24ddb537-416a-4354-9846-7e6052fc354d-impl-thread1] INFO  impl.RoleInfo (RoleInfo.java:shutdownFollowerState(121)) - 24ddb537-416a-4354-9846-7e6052fc354d: shutdown 24ddb537-416a-4354-9846-7e6052fc354d@group-A7BE4D65FB3A-FollowerState
2025-05-12 13:59:21,936 [24ddb537-416a-4354-9846-7e6052fc354d-impl-thread1] INFO  impl.StateMachineUpdater (StateMachineUpdater.java:stopAndJoin(164)) - 24ddb537-416a-4354-9846-7e6052fc354d@group-A7BE4D65FB3A-StateMachineUpdater: set stopIndex = -1
2025-05-12 13:59:21,936 [24ddb537-416a-4354-9846-7e6052fc354d@group-A7BE4D65FB3A-StateMachineUpdater] INFO  impl.StateMachineUpdater (StateMachineUpdater.java:stop(141)) - 24ddb537-416a-4354-9846-7e6052fc354d@group-A7BE4D65FB3A-StateMachineUpdater: closing SCMStateMachine, lastApplied=(t:0, i:~)
2025-05-12 13:59:21,936 [24ddb537-416a-4354-9846-7e6052fc354d@group-A7BE4D65FB3A-FollowerState] INFO  impl.FollowerState (FollowerState.java:runImpl(170)) - 24ddb537-416a-4354-9846-7e6052fc354d@group-A7BE4D65FB3A-FollowerState was interrupted
2025-05-12 13:59:21,936 [24ddb537-416a-4354-9846-7e6052fc354d@group-A7BE4D65FB3A-cacheEviction-AwaitToRun] INFO  util.AwaitToRun (AwaitToRun.java:run(49)) - 24ddb537-416a-4354-9846-7e6052fc354d@group-A7BE4D65FB3A-cacheEviction-AwaitToRun-AwaitForSignal is interrupted
2025-05-12 13:59:21,942 [main] INFO  server.GrpcService (GrpcService.java:closeImpl(352)) - 24ddb537-416a-4354-9846-7e6052fc354d: shutdown server GrpcServerProtocolService successfully
2025-05-12 13:59:22,067 [24ddb537-416a-4354-9846-7e6052fc354d-impl-thread1] INFO  segmented.SegmentedRaftLogWorker (SegmentedRaftLogWorker.java:close(252)) - 24ddb537-416a-4354-9846-7e6052fc354d@group-A7BE4D65FB3A-SegmentedRaftLogWorker close()
2025-05-12 13:59:22,067 [JvmPauseMonitor3] INFO  util.JvmPauseMonitor (JvmPauseMonitor.java:run(152)) - JvmPauseMonitor-24ddb537-416a-4354-9846-7e6052fc354d: Stopped
2025-05-12 13:59:22,068 [main] INFO  SCMHATransactionMonitor (BackgroundSCMService.java:stop(127)) - Stopping SCMHATransactionMonitor Service.
2025-05-12 13:59:22,068 [SCMHATransactionMonitor] WARN  SCMHATransactionMonitor (BackgroundSCMService.java:run(111)) - SCMHATransactionMonitor is interrupted, exit
2025-05-12 13:59:22,068 [main] INFO  pipeline.BackgroundPipelineCreator (BackgroundPipelineCreator.java:stop(154)) - Stopping RatisPipelineUtilsThread.
2025-05-12 13:59:22,069 [RatisPipelineUtilsThread-0] WARN  pipeline.BackgroundPipelineCreator (BackgroundPipelineCreator.java:run(185)) - RatisPipelineUtilsThread is interrupted.
2025-05-12 13:59:22,069 [BackgroundPipelineScrubber] WARN  BackgroundPipelineScrubber (BackgroundSCMService.java:run(111)) - BackgroundPipelineScrubber is interrupted, exit
2025-05-12 13:59:22,069 [main] INFO  BackgroundPipelineScrubber (BackgroundSCMService.java:stop(127)) - Stopping BackgroundPipelineScrubber Service.
2025-05-12 13:59:22,069 [main] INFO  impl.MetricsSystemImpl (MetricsSystemImpl.java:stop(210)) - Stopping StorageContainerManager metrics system...
2025-05-12 13:59:22,070 [prometheus] INFO  impl.MetricsSinkAdapter (MetricsSinkAdapter.java:publishMetricsFromQueue(141)) - prometheus thread interrupted.
2025-05-12 13:59:22,070 [main] INFO  impl.MetricsSystemImpl (MetricsSystemImpl.java:stop(216)) - StorageContainerManager metrics system stopped.
2025-05-12 13:59:22,071 [main] WARN  pipeline.BackgroundPipelineCreator (BackgroundPipelineCreator.java:stop(150)) - RatisPipelineUtilsThread is not running, just ignore.
2025-05-12 13:59:22,071 [main] INFO  BackgroundPipelineScrubber (BackgroundSCMService.java:stop(122)) - BackgroundPipelineScrubber Service is not running, skip stop.
2025-05-12 13:59:22,071 [main] INFO  ExpiredContainerReplicaOpScrubber (BackgroundSCMService.java:stop(127)) - Stopping ExpiredContainerReplicaOpScrubber Service.
2025-05-12 13:59:22,071 [main] INFO  utils.BackgroundService (BackgroundService.java:shutdown(160)) - Shutting down service SCMBlockDeletingService
2025-05-12 13:59:22,071 [ExpiredContainerReplicaOpScrubber] WARN  ExpiredContainerReplicaOpScrubber (BackgroundSCMService.java:run(111)) - ExpiredContainerReplicaOpScrubber is interrupted, exit
2025-05-12 13:59:22,071 [main] INFO  replication.ReplicationManager (ReplicationManager.java:stop(323)) - Replication Monitor Thread is not running.
2025-05-12 13:59:22,072 [main] WARN  balancer.ContainerBalancer (ContainerBalancer.java:stop(350)) - Cannot stop Container Balancer because it's not running or stopping
2025-05-12 13:59:22,072 [main] INFO  SCMHATransactionMonitor (BackgroundSCMService.java:stop(122)) - SCMHATransactionMonitor Service is not running, skip stop.
2025-05-12 13:59:22,072 [main] INFO  server.StorageContainerManager (StorageContainerManager.java:stop(1733)) - Stopping SCM MetadataStore.
2025-05-12 13:59:22,072 [24ddb537-416a-4354-9846-7e6052fc354d-scm/sub-ca-refreshCACertificates] ERROR util.ExitUtils (ExitUtils.java:terminate(133)) - Terminating with exit status -1: Thread[#661,24ddb537-416a-4354-9846-7e6052fc354d-scm/sub-ca-refreshCACertificates,5,main] has thrown an uncaught exception
java.lang.reflect.UndeclaredThrowableException
	at jdk.proxy2/jdk.proxy2.$Proxy45.submitRequest(Unknown Source)
	at org.apache.hadoop.hdds.protocolPB.SCMSecurityProtocolClientSideTranslatorPB.submitRequest(SCMSecurityProtocolClientSideTranslatorPB.java:93)
	at org.apache.hadoop.hdds.protocolPB.SCMSecurityProtocolClientSideTranslatorPB.getAllRootCaCertificates(SCMSecurityProtocolClientSideTranslatorPB.java:382)
	at org.apache.hadoop.hdds.security.x509.certificate.client.SCMCertificateClient$RefreshCACertificates.run(SCMCertificateClient.java:238)
	at java.base/java.util.concurrent.ThreadPoolExecutor.runWorker(ThreadPoolExecutor.java:1144)
	at java.base/java.util.concurrent.ThreadPoolExecutor$Worker.run(ThreadPoolExecutor.java:642)
	at java.base/java.lang.Thread.run(Thread.java:1583)
Caused by: java.io.InterruptedIOException: Retry interrupted
	at org.apache.hadoop.io.retry.RetryInvocationHandler$Call.processWaitTimeAndRetryInfo(RetryInvocationHandler.java:141)
	at org.apache.hadoop.io.retry.RetryInvocationHandler$Call.invokeOnce(RetryInvocationHandler.java:112)
	at org.apache.hadoop.io.retry.RetryInvocationHandler.invoke(RetryInvocationHandler.java:366)
	... 7 more
Caused by: java.lang.InterruptedException: sleep interrupted
	at java.base/java.lang.Thread.sleep0(Native Method)
	at java.base/java.lang.Thread.sleep(Thread.java:509)
	at org.apache.hadoop.io.retry.RetryInvocationHandler$Call.processWaitTimeAndRetryInfo(RetryInvocationHandler.java:135)
	... 9 more
2025-05-12 13:59:22,072 [LeaseManager#LeaseMonitor] WARN  lease.LeaseManager (LeaseManager.java:run(285)) - Lease manager is interrupted. Shutting down...
java.lang.InterruptedException
	at java.base/java.util.concurrent.locks.AbstractQueuedSynchronizer.tryAcquireSharedNanos(AbstractQueuedSynchronizer.java:1133)
	at java.base/java.util.concurrent.Semaphore.tryAcquire(Semaphore.java:415)
	at org.apache.hadoop.ozone.lease.LeaseManager$LeaseMonitor.run(LeaseManager.java:283)
	at java.base/java.lang.Thread.run(Thread.java:1583)
2025-05-12 13:59:22,074 [main] INFO  impl.DefaultInternalKdcServerImpl (DefaultInternalKdcServerImpl.java:doStop(102)) - Default Internal kdc server stopped.
2025-05-12 13:59:23,074 [main] INFO  minikdc.MiniKdc (MiniKdc.java:stop(359)) - MiniKdc stopped.
2025-05-12 13:59:23,075 [main] INFO  server.StorageContainerManager (StorageContainerManager.java:stop(1597)) - Storage Container Manager is not running.
2025-05-12 13:59:23,075 [main] INFO  server.StorageContainerManager (StorageContainerManager.java:stopReplicationManager(1742)) - Stopping Replication Manager Service.
2025-05-12 13:59:23,075 [main] INFO  replication.ReplicationManager (ReplicationManager.java:stop(323)) - Replication Monitor Thread is not running.
2025-05-12 13:59:23,075 [main] INFO  server.SCMSecurityProtocolServer (SCMSecurityProtocolServer.java:join(519)) - Join RPC server for SCMSecurityProtocolServer.
2025-05-12 13:59:23,075 [main] INFO  server.SCMSecurityProtocolServer (SCMSecurityProtocolServer.java:join(521)) - Join gRPC server for SCMSecurityProtocolServer.
]]></system-out>
    </rerunError>
    <rerunError message="Problem binding to [pkrvmberfyhpb9w.internal.cloudapp.net:15020] java.net.BindException: Cannot assign requested address; For more details see:  http://wiki.apache.org/hadoop/BindException" type="java.net.BindException">
      <stackTrace><![CDATA[java.net.BindException: Problem binding to [pkrvmberfyhpb9w.internal.cloudapp.net:15020] java.net.BindException: Cannot assign requested address; For more details see:  http://wiki.apache.org/hadoop/BindException
	at java.base/jdk.internal.reflect.DirectConstructorHandleAccessor.newInstance(DirectConstructorHandleAccessor.java:62)
	at java.base/java.lang.reflect.Constructor.newInstanceWithCaller(Constructor.java:502)
	at java.base/java.lang.reflect.Constructor.newInstance(Constructor.java:486)
	at org.apache.hadoop.net.NetUtils.wrapWithMessage(NetUtils.java:961)
	at org.apache.hadoop.net.NetUtils.wrapException(NetUtils.java:857)
	at org.apache.hadoop.ipc.Server.bind(Server.java:715)
	at org.apache.hadoop.ipc.Server$Listener.<init>(Server.java:1435)
	at org.apache.hadoop.ipc.Server.<init>(Server.java:3364)
	at org.apache.hadoop.ipc.RPC$Server.<init>(RPC.java:1195)
	at org.apache.hadoop.ipc.ProtobufRpcEngine2$Server.<init>(ProtobufRpcEngine2.java:485)
	at org.apache.hadoop.ipc.ProtobufRpcEngine$Server.<init>(ProtobufRpcEngine.java:452)
	at org.apache.hadoop.ipc.ProtobufRpcEngine.getServer(ProtobufRpcEngine.java:375)
	at org.apache.hadoop.ipc.RPC$Builder.build(RPC.java:986)
	at org.apache.hadoop.ozone.om.OzoneManager.startRpcServer(OzoneManager.java:1414)
	at org.apache.hadoop.ozone.om.OzoneManager.getRpcServer(OzoneManager.java:1376)
	at org.apache.hadoop.ozone.om.OzoneManager.<init>(OzoneManager.java:695)
	at org.apache.hadoop.ozone.om.OzoneManager.createOm(OzoneManager.java:877)
	at org.apache.hadoop.ozone.TestSecureOzoneCluster.setupOm(TestSecureOzoneCluster.java:716)
	at org.apache.hadoop.ozone.TestSecureOzoneCluster.testGetSetRevokeS3Secret(TestSecureOzoneCluster.java:728)
	at java.base/java.lang.reflect.Method.invoke(Method.java:580)
	at java.base/java.util.ArrayList.forEach(ArrayList.java:1596)
	at java.base/java.util.ArrayList.forEach(ArrayList.java:1596)
Caused by: java.net.BindException: Cannot assign requested address
	at java.base/sun.nio.ch.Net.bind0(Native Method)
	at java.base/sun.nio.ch.Net.bind(Net.java:565)
	at java.base/sun.nio.ch.ServerSocketChannelImpl.netBind(ServerSocketChannelImpl.java:344)
	at java.base/sun.nio.ch.ServerSocketChannelImpl.bind(ServerSocketChannelImpl.java:301)
	at java.base/sun.nio.ch.ServerSocketAdaptor.bind(ServerSocketAdaptor.java:89)
	at org.apache.hadoop.ipc.Server.bind(Server.java:698)
	... 16 more
]]></stackTrace>
      <system-out><![CDATA[2025-05-12 13:59:23,118 [main] INFO  minikdc.MiniKdc (MiniKdc.java:<init>(225)) - Configuration:
2025-05-12 13:59:23,119 [main] INFO  minikdc.MiniKdc (MiniKdc.java:<init>(226)) - ---------------------------------------------------------------
2025-05-12 13:59:23,119 [main] INFO  minikdc.MiniKdc (MiniKdc.java:<init>(228)) -   max.renewable.lifetime: 604800000
2025-05-12 13:59:23,119 [main] INFO  minikdc.MiniKdc (MiniKdc.java:<init>(228)) -   instance: DefaultKrbServer
2025-05-12 13:59:23,119 [main] INFO  minikdc.MiniKdc (MiniKdc.java:<init>(228)) -   debug: false
2025-05-12 13:59:23,119 [main] INFO  minikdc.MiniKdc (MiniKdc.java:<init>(228)) -   kdc.bind.address: localhost
2025-05-12 13:59:23,119 [main] INFO  minikdc.MiniKdc (MiniKdc.java:<init>(228)) -   max.ticket.lifetime: 86400000
2025-05-12 13:59:23,119 [main] INFO  minikdc.MiniKdc (MiniKdc.java:<init>(228)) -   transport: TCP
2025-05-12 13:59:23,119 [main] INFO  minikdc.MiniKdc (MiniKdc.java:<init>(228)) -   org.name: EXAMPLE
2025-05-12 13:59:23,119 [main] INFO  minikdc.MiniKdc (MiniKdc.java:<init>(228)) -   org.domain: COM
2025-05-12 13:59:23,119 [main] INFO  minikdc.MiniKdc (MiniKdc.java:<init>(228)) -   kdc.port: 0
2025-05-12 13:59:23,119 [main] INFO  minikdc.MiniKdc (MiniKdc.java:<init>(230)) - ---------------------------------------------------------------
2025-05-12 13:59:23,121 [main] INFO  minikdc.MiniKdc (MiniKdc.java:start(285)) - MiniKdc started.
2025-05-12 13:59:23,190 [main] INFO  keys.KeyStorage (KeyStorage.java:storePublicKey(210)) - Storing public key to /tmp/junit-13404703109420863903/om-meta/om/keys/public.pem.
2025-05-12 13:59:23,191 [main] INFO  keys.KeyStorage (KeyStorage.java:storePrivateKey(194)) - Storing private key to /tmp/junit-13404703109420863903/om-meta/om/keys/private.pem.
2025-05-12 13:59:23,192 [main] INFO  om.OzoneManager (OzoneManager.java:getOmDetailsProto(4941)) - OzoneManager ports added:[name: "RPC"
value: 15020
]
2025-05-12 13:59:23,192 [main] WARN  server.ServerUtils (ServerUtils.java:getScmDbDir(138)) - ozone.scm.db.dirs is not configured. We recommend adding this setting. Falling back to ozone.metadata.dirs instead.
2025-05-12 13:59:23,193 [main] INFO  ha.HASecurityUtils (HASecurityUtils.java:initializeSecurity(79)) - Initializing secure StorageContainerManager.
2025-05-12 13:59:23,193 [main] INFO  proxy.SCMSecurityProtocolFailoverProxyProvider (SCMFailoverProxyProviderBase.java:<init>(120)) - Created fail-over proxy for protocol SCMSecurityProtocolPB with 1 nodes: [nodeId=scmNodeId,nodeAddress=localhost/127.0.0.1:15017]
2025-05-12 13:59:23,194 [main] INFO  client.SCMCertificateClient (DefaultCertificateClient.java:updateCertSerialId(1289)) - Certificate serial ID set to null
2025-05-12 13:59:23,194 [main] ERROR client.SCMCertificateClient (DefaultCertificateClient.java:getCertPath(373)) - Default certificate serial id is not set. Can't locate the default certificate for this client.
2025-05-12 13:59:23,194 [main] INFO  client.SCMCertificateClient (DefaultCertificateClient.java:init(717)) - Certificate client init case: 0
2025-05-12 13:59:23,194 [main] INFO  client.SCMCertificateClient (DefaultCertificateClient.java:handleCase(735)) - Creating keypair for client as keypair and certificate not found.
2025-05-12 13:59:23,462 [main] INFO  keys.KeyStorage (KeyStorage.java:storePublicKey(210)) - Storing public key to /tmp/junit-13404703109420863903/scm-meta/scm/sub-ca/keys/public.pem.
2025-05-12 13:59:23,463 [main] INFO  keys.KeyStorage (KeyStorage.java:storePrivateKey(194)) - Storing private key to /tmp/junit-13404703109420863903/scm-meta/scm/sub-ca/keys/private.pem.
2025-05-12 13:59:23,463 [main] INFO  client.SCMCertificateClient (SCMCertificateClient.java:recoverStateIfNeeded(278)) - Init response: GETCERT
2025-05-12 13:59:23,464 [main] INFO  keys.KeyStorage (KeyStorage.java:readPublicKey(174)) - Reading public key from /tmp/junit-13404703109420863903/scm-meta/scm/ca/keys/public.pem.
2025-05-12 13:59:23,464 [main] ERROR keys.KeyStorage (KeyStorage.java:readPublicKey(178)) - Failed to read the public key.
java.nio.file.NoSuchFileException: /tmp/junit-13404703109420863903/scm-meta/scm/ca/keys/public.pem
	at java.base/sun.nio.fs.UnixException.translateToIOException(UnixException.java:92)
	at java.base/sun.nio.fs.UnixException.rethrowAsIOException(UnixException.java:106)
	at java.base/sun.nio.fs.UnixException.rethrowAsIOException(UnixException.java:111)
	at java.base/sun.nio.fs.UnixFileSystemProvider.newByteChannel(UnixFileSystemProvider.java:261)
	at java.base/java.nio.file.Files.newByteChannel(Files.java:380)
	at java.base/java.nio.file.Files.newByteChannel(Files.java:432)
	at java.base/java.nio.file.Files.readAllBytes(Files.java:3281)
	at org.apache.hadoop.hdds.security.x509.keys.KeyStorage.readPublicKey(KeyStorage.java:176)
	at org.apache.hadoop.hdds.security.x509.keys.KeyStorage.readKeyPair(KeyStorage.java:184)
	at org.apache.hadoop.hdds.security.x509.certificate.authority.DefaultCAServer.checkIfKeysExist(DefaultCAServer.java:354)
	at org.apache.hadoop.hdds.security.x509.certificate.authority.DefaultCAServer.verifySelfSignedCA(DefaultCAServer.java:323)
	at org.apache.hadoop.hdds.security.x509.certificate.authority.DefaultCAServer.init(DefaultCAServer.java:162)
	at org.apache.hadoop.hdds.security.x509.certificate.client.SCMCertificateClient.initializeRootCertificateServer(SCMCertificateClient.java:396)
	at org.apache.hadoop.hdds.security.x509.certificate.client.SCMCertificateClient.getPrimarySCMSelfSignedCert(SCMCertificateClient.java:346)
	at org.apache.hadoop.hdds.security.x509.certificate.client.SCMCertificateClient.recoverStateIfNeeded(SCMCertificateClient.java:287)
	at org.apache.hadoop.hdds.security.x509.certificate.client.DefaultCertificateClient.initWithRecovery(DefaultCertificateClient.java:698)
	at org.apache.hadoop.hdds.scm.ha.HASecurityUtils.initializeSecurity(HASecurityUtils.java:96)
	at org.apache.hadoop.ozone.TestSecureOzoneCluster.initSCM(TestSecureOzoneCluster.java:450)
	at org.apache.hadoop.ozone.TestSecureOzoneCluster.testGetSetRevokeS3Secret(TestSecureOzoneCluster.java:722)
	at java.base/jdk.internal.reflect.DirectMethodHandleAccessor.invoke(DirectMethodHandleAccessor.java:103)
	at java.base/java.lang.reflect.Method.invoke(Method.java:580)
	at org.junit.platform.commons.util.ReflectionUtils.invokeMethod(ReflectionUtils.java:775)
	at org.junit.platform.commons.support.ReflectionSupport.invokeMethod(ReflectionSupport.java:479)
	at org.junit.jupiter.engine.execution.MethodInvocation.proceed(MethodInvocation.java:60)
	at org.junit.jupiter.engine.execution.InvocationInterceptorChain$ValidatingInvocation.proceed(InvocationInterceptorChain.java:131)
	at org.junit.jupiter.engine.extension.SameThreadTimeoutInvocation.proceed(SameThreadTimeoutInvocation.java:49)
	at org.junit.jupiter.engine.extension.TimeoutExtension.intercept(TimeoutExtension.java:161)
	at org.junit.jupiter.engine.extension.TimeoutExtension.interceptTestableMethod(TimeoutExtension.java:152)
	at org.junit.jupiter.engine.extension.TimeoutExtension.interceptTestMethod(TimeoutExtension.java:91)
	at org.junit.jupiter.engine.execution.InterceptingExecutableInvoker$ReflectiveInterceptorCall.lambda$ofVoidMethod$0(InterceptingExecutableInvoker.java:112)
	at org.junit.jupiter.engine.execution.InterceptingExecutableInvoker.lambda$invoke$0(InterceptingExecutableInvoker.java:94)
	at org.junit.jupiter.engine.execution.InvocationInterceptorChain$InterceptedInvocation.proceed(InvocationInterceptorChain.java:106)
	at org.junit.jupiter.engine.execution.InvocationInterceptorChain.proceed(InvocationInterceptorChain.java:64)
	at org.junit.jupiter.engine.execution.InvocationInterceptorChain.chainAndInvoke(InvocationInterceptorChain.java:45)
	at org.junit.jupiter.engine.execution.InvocationInterceptorChain.invoke(InvocationInterceptorChain.java:37)
	at org.junit.jupiter.engine.execution.InterceptingExecutableInvoker.invoke(InterceptingExecutableInvoker.java:93)
	at org.junit.jupiter.engine.execution.InterceptingExecutableInvoker.invoke(InterceptingExecutableInvoker.java:87)
	at org.junit.jupiter.engine.descriptor.TestMethodTestDescriptor.lambda$invokeTestMethod$7(TestMethodTestDescriptor.java:216)
	at org.junit.platform.engine.support.hierarchical.ThrowableCollector.execute(ThrowableCollector.java:73)
	at org.junit.jupiter.engine.descriptor.TestMethodTestDescriptor.invokeTestMethod(TestMethodTestDescriptor.java:212)
	at org.junit.jupiter.engine.descriptor.TestMethodTestDescriptor.execute(TestMethodTestDescriptor.java:137)
	at org.junit.jupiter.engine.descriptor.TestMethodTestDescriptor.execute(TestMethodTestDescriptor.java:69)
	at org.junit.platform.engine.support.hierarchical.NodeTestTask.lambda$executeRecursively$6(NodeTestTask.java:156)
	at org.junit.platform.engine.support.hierarchical.ThrowableCollector.execute(ThrowableCollector.java:73)
	at org.junit.platform.engine.support.hierarchical.NodeTestTask.lambda$executeRecursively$8(NodeTestTask.java:146)
	at org.junit.platform.engine.support.hierarchical.Node.around(Node.java:137)
	at org.junit.platform.engine.support.hierarchical.NodeTestTask.lambda$executeRecursively$9(NodeTestTask.java:144)
	at org.junit.platform.engine.support.hierarchical.ThrowableCollector.execute(ThrowableCollector.java:73)
	at org.junit.platform.engine.support.hierarchical.NodeTestTask.executeRecursively(NodeTestTask.java:143)
	at org.junit.platform.engine.support.hierarchical.NodeTestTask.execute(NodeTestTask.java:100)
	at java.base/java.util.ArrayList.forEach(ArrayList.java:1596)
	at org.junit.platform.engine.support.hierarchical.SameThreadHierarchicalTestExecutorService.invokeAll(SameThreadHierarchicalTestExecutorService.java:41)
	at org.junit.platform.engine.support.hierarchical.NodeTestTask.lambda$executeRecursively$6(NodeTestTask.java:160)
	at org.junit.platform.engine.support.hierarchical.ThrowableCollector.execute(ThrowableCollector.java:73)
	at org.junit.platform.engine.support.hierarchical.NodeTestTask.lambda$executeRecursively$8(NodeTestTask.java:146)
	at org.junit.platform.engine.support.hierarchical.Node.around(Node.java:137)
	at org.junit.platform.engine.support.hierarchical.NodeTestTask.lambda$executeRecursively$9(NodeTestTask.java:144)
	at org.junit.platform.engine.support.hierarchical.ThrowableCollector.execute(ThrowableCollector.java:73)
	at org.junit.platform.engine.support.hierarchical.NodeTestTask.executeRecursively(NodeTestTask.java:143)
	at org.junit.platform.engine.support.hierarchical.NodeTestTask.execute(NodeTestTask.java:100)
	at java.base/java.util.ArrayList.forEach(ArrayList.java:1596)
	at org.junit.platform.engine.support.hierarchical.SameThreadHierarchicalTestExecutorService.invokeAll(SameThreadHierarchicalTestExecutorService.java:41)
	at org.junit.platform.engine.support.hierarchical.NodeTestTask.lambda$executeRecursively$6(NodeTestTask.java:160)
	at org.junit.platform.engine.support.hierarchical.ThrowableCollector.execute(ThrowableCollector.java:73)
	at org.junit.platform.engine.support.hierarchical.NodeTestTask.lambda$executeRecursively$8(NodeTestTask.java:146)
	at org.junit.platform.engine.support.hierarchical.Node.around(Node.java:137)
	at org.junit.platform.engine.support.hierarchical.NodeTestTask.lambda$executeRecursively$9(NodeTestTask.java:144)
	at org.junit.platform.engine.support.hierarchical.ThrowableCollector.execute(ThrowableCollector.java:73)
	at org.junit.platform.engine.support.hierarchical.NodeTestTask.executeRecursively(NodeTestTask.java:143)
	at org.junit.platform.engine.support.hierarchical.NodeTestTask.execute(NodeTestTask.java:100)
	at org.junit.platform.engine.support.hierarchical.SameThreadHierarchicalTestExecutorService.submit(SameThreadHierarchicalTestExecutorService.java:35)
	at org.junit.platform.engine.support.hierarchical.HierarchicalTestExecutor.execute(HierarchicalTestExecutor.java:57)
	at org.junit.platform.engine.support.hierarchical.HierarchicalTestEngine.execute(HierarchicalTestEngine.java:54)
	at org.junit.platform.launcher.core.EngineExecutionOrchestrator.execute(EngineExecutionOrchestrator.java:201)
	at org.junit.platform.launcher.core.EngineExecutionOrchestrator.execute(EngineExecutionOrchestrator.java:170)
	at org.junit.platform.launcher.core.EngineExecutionOrchestrator.execute(EngineExecutionOrchestrator.java:94)
	at org.junit.platform.launcher.core.EngineExecutionOrchestrator.lambda$execute$0(EngineExecutionOrchestrator.java:59)
	at org.junit.platform.launcher.core.EngineExecutionOrchestrator.withInterceptedStreams(EngineExecutionOrchestrator.java:142)
	at org.junit.platform.launcher.core.EngineExecutionOrchestrator.execute(EngineExecutionOrchestrator.java:58)
	at org.junit.platform.launcher.core.DefaultLauncher.execute(DefaultLauncher.java:103)
	at org.junit.platform.launcher.core.DefaultLauncher.execute(DefaultLauncher.java:85)
	at org.junit.platform.launcher.core.DelegatingLauncher.execute(DelegatingLauncher.java:47)
	at org.junit.platform.launcher.core.InterceptingLauncher.lambda$execute$1(InterceptingLauncher.java:39)
	at org.junit.platform.launcher.core.ClasspathAlignmentCheckingLauncherInterceptor.intercept(ClasspathAlignmentCheckingLauncherInterceptor.java:25)
	at org.junit.platform.launcher.core.InterceptingLauncher.execute(InterceptingLauncher.java:38)
	at org.junit.platform.launcher.core.DelegatingLauncher.execute(DelegatingLauncher.java:47)
	at org.apache.maven.surefire.junitplatform.LazyLauncher.execute(LazyLauncher.java:56)
	at org.apache.maven.surefire.junitplatform.JUnitPlatformProvider.invokeAllTests(JUnitPlatformProvider.java:162)
	at org.apache.maven.surefire.junitplatform.JUnitPlatformProvider.invoke(JUnitPlatformProvider.java:120)
	at org.apache.maven.surefire.booter.ForkedBooter.runSuitesInProcess(ForkedBooter.java:385)
	at org.apache.maven.surefire.booter.ForkedBooter.execute(ForkedBooter.java:162)
	at org.apache.maven.surefire.booter.ForkedBooter.run(ForkedBooter.java:507)
	at org.apache.maven.surefire.booter.ForkedBooter.main(ForkedBooter.java:495)
2025-05-12 13:59:23,671 [main] INFO  keys.KeyStorage (KeyStorage.java:storePublicKey(210)) - Storing public key to /tmp/junit-13404703109420863903/scm-meta/scm/ca/keys/public.pem.
2025-05-12 13:59:23,672 [main] INFO  keys.KeyStorage (KeyStorage.java:storePrivateKey(194)) - Storing private key to /tmp/junit-13404703109420863903/scm-meta/scm/ca/keys/private.pem.
2025-05-12 13:59:23,672 [main] INFO  ozone.OzoneSecurityUtil (OzoneSecurityUtil.java:getValidInetsForCurrentHost(116)) - ip:fe80:0:0:0:6245:bdff:fe33:754b%eth0 not returned.
2025-05-12 13:59:23,676 [main] INFO  ozone.OzoneSecurityUtil (OzoneSecurityUtil.java:getValidInetsForCurrentHost(113)) - Adding ip:10.1.1.103,host:10.1.1.103
2025-05-12 13:59:23,676 [main] INFO  ozone.OzoneSecurityUtil (OzoneSecurityUtil.java:getValidInetsForCurrentHost(116)) - ip:0:0:0:0:0:0:0:1%lo not returned.
2025-05-12 13:59:23,676 [main] INFO  ozone.OzoneSecurityUtil (OzoneSecurityUtil.java:getValidInetsForCurrentHost(116)) - ip:127.0.0.1 not returned.
2025-05-12 13:59:23,679 [main] ERROR utils.SelfSignedCertificate (SelfSignedCertificate.java:lambda$addInetAddresses$0(244)) - Invalid domain 10.1.1.103
2025-05-12 13:59:23,683 [main] INFO  utils.SelfSignedCertificate (SelfSignedCertificate.java:generateCertificate(156)) - Certificate 1 is issued by SERIALNUMBER=1, O=b9d3b9b5-9711-4758-b6f2-21a3e4f42f5e, OU=a2545200-32fe-451b-bae3-26433ce7d32d, CN=scm@pkrvmberfyhpb9w to SERIALNUMBER=1, O=b9d3b9b5-9711-4758-b6f2-21a3e4f42f5e, OU=a2545200-32fe-451b-bae3-26433ce7d32d, CN=scm@pkrvmberfyhpb9w, valid from Mon May 12 13:59:23 UTC 2025 to Thu Jun 20 13:59:23 UTC 2030
2025-05-12 13:59:23,683 [main] INFO  utils.CertificateCodec (CertificateCodec.java:writeCertificate(239)) - Save certificate to /tmp/junit-13404703109420863903/scm-meta/scm/ca/certs/certificate.crt
2025-05-12 13:59:23,683 [main] INFO  utils.CertificateCodec (CertificateCodec.java:writeCertificate(240)) - Certificate -----BEGIN CERTIFICATE-----
MIIDwTCCAqmgAwIBAgIBATANBgkqhkiG9w0BAQsFADCBiDEcMBoGA1UEAwwTc2Nt
QHBrcnZtYmVyZnlocGI5dzEtMCsGA1UECwwkYTI1NDUyMDAtMzJmZS00NTFiLWJh
ZTMtMjY0MzNjZTdkMzJkMS0wKwYDVQQKDCRiOWQzYjliNS05NzExLTQ3NTgtYjZm
Mi0yMWEzZTRmNDJmNWUxCjAIBgNVBAUTATEwHhcNMjUwNTEyMTM1OTIzWhcNMzAw
NjIwMTM1OTIzWjCBiDEcMBoGA1UEAwwTc2NtQHBrcnZtYmVyZnlocGI5dzEtMCsG
A1UECwwkYTI1NDUyMDAtMzJmZS00NTFiLWJhZTMtMjY0MzNjZTdkMzJkMS0wKwYD
VQQKDCRiOWQzYjliNS05NzExLTQ3NTgtYjZmMi0yMWEzZTRmNDJmNWUxCjAIBgNV
BAUTATEwggEiMA0GCSqGSIb3DQEBAQUAA4IBDwAwggEKAoIBAQDzEYl23AaAfZ6w
8KNrBXq5v+gpV5n+m76ezOQMAhJCfaAo8kxhROv8uuioW/o1RJMbjvmrNJHcqKDW
dmid/F4fHM6xwRVQDD0ze3Ry5Bt+Q5RyT5IKDTYP3gn+K8A5hSz6+0M2Lw5RV9tN
y1VR1kBc7N6dv0RfrOru78NfmuWOhZSPAv4ANchWsOTM1VANmNsolbC+uKCz9EGH
CGiNc9BcqD3wgD3AuIZZzJ99CaHhtLsNY/ner16zAK1SBF5JDxX+V0oh/4ZwYwn2
avfb1nFViF8qCLfVQm7Tz7jslz2KzrMV7nky6oV8gAyrHNEliRxEqeB8LSmnC24c
aQoXycglAgMBAAGjNDAyMA8GA1UdEwEB/wQFMAMBAf8wDgYDVR0PAQH/BAQDAgEG
MA8GA1UdEQQIMAaHBAoBAWcwDQYJKoZIhvcNAQELBQADggEBAPIxtOANJoYjXhIy
957KNmcvMTx0dH8bIvgI1w9H1ztHlB275jKtsh+JMZWb7MqHU6sKry1RRM/Ipf9t
i9kf+8VZaQZx/7ar3zUX+/8PxAe3hj/pLPb+oYidPTlken5YW8hjgNFwpPvqMhfV
aA9IUQy/2m43EDmb4MGKd+WpWmtYj5hZTJx1h4KQ17Iswoto3RLlV4bfO2r0J5oi
z56/qdU+Z3LEIgq/EPsKzx1/lHuzuvpMl9gPWW1ZdaftomTXcoOKD5xipNYm5yKZ
xRo+MylOsV7TJB2D2O4k+Qt4lXsFHGoCU/6DMasjF9Yh6J7ZVsQg2xakxplqmK33
Kfhawck=
-----END CERTIFICATE-----

2025-05-12 13:59:23,683 [main] INFO  keys.KeyStorage (KeyStorage.java:readPublicKey(174)) - Reading public key from /tmp/junit-13404703109420863903/scm-meta/scm/ca/keys/public.pem.
2025-05-12 13:59:23,684 [main] INFO  keys.KeyStorage (KeyStorage.java:readPrivateKey(158)) - Reading private key from /tmp/junit-13404703109420863903/scm-meta/scm/ca/keys/private.pem.
2025-05-12 13:59:23,685 [main] INFO  client.SCMCertificateClient (SCMCertificateClient.java:configureCSRBuilder(141)) - Creating csr for SCM->hostName:pkrvmberfyhpb9w,scmId:a2545200-32fe-451b-bae3-26433ce7d32d,clusterId:b9d3b9b5-9711-4758-b6f2-21a3e4f42f5e,subject:scm-sub@pkrvmberfyhpb9w
2025-05-12 13:59:23,685 [main] INFO  ozone.OzoneSecurityUtil (OzoneSecurityUtil.java:getValidInetsForCurrentHost(116)) - ip:fe80:0:0:0:6245:bdff:fe33:754b%eth0 not returned.
2025-05-12 13:59:23,688 [main] INFO  ozone.OzoneSecurityUtil (OzoneSecurityUtil.java:getValidInetsForCurrentHost(113)) - Adding ip:10.1.1.103,host:10.1.1.103
2025-05-12 13:59:23,689 [main] INFO  ozone.OzoneSecurityUtil (OzoneSecurityUtil.java:getValidInetsForCurrentHost(116)) - ip:0:0:0:0:0:0:0:1%lo not returned.
2025-05-12 13:59:23,689 [main] INFO  ozone.OzoneSecurityUtil (OzoneSecurityUtil.java:getValidInetsForCurrentHost(116)) - ip:127.0.0.1 not returned.
2025-05-12 13:59:23,690 [main] ERROR utils.CertificateSignRequest (CertificateSignRequest.java:lambda$addInetAddresses$0(316)) - Invalid domain 10.1.1.103
2025-05-12 13:59:23,693 [main] INFO  keys.KeyStorage (KeyStorage.java:readPrivateKey(158)) - Reading private key from /tmp/junit-13404703109420863903/scm-meta/scm/ca/keys/private.pem.
2025-05-12 13:59:23,695 [main] INFO  authority.DefaultApprover (DefaultApprover.java:sign(171)) - Extensions in CSR: 2.5.29.19, 2.5.29.15, 2.5.29.17
2025-05-12 13:59:23,695 [main] INFO  authority.DefaultApprover (DefaultApprover.java:sign(175)) - Extensions to add to the certificate if they present in CSR: 2.5.29.15, 2.5.29.17, 2.5.29.35, 2.5.29.37, 2.5.29.19, 1.3.6.1.5.5.7.1.12
2025-05-12 13:59:23,699 [main] INFO  utils.CertificateCodec (CertificateCodec.java:writeCertificate(239)) - Save certificate to /tmp/junit-13404703109420863903/scm-meta/scm/sub-ca/certs/CA-1.crt
2025-05-12 13:59:23,700 [main] INFO  utils.CertificateCodec (CertificateCodec.java:writeCertificate(240)) - Certificate -----BEGIN CERTIFICATE-----
MIIDwTCCAqmgAwIBAgIBATANBgkqhkiG9w0BAQsFADCBiDEcMBoGA1UEAwwTc2Nt
QHBrcnZtYmVyZnlocGI5dzEtMCsGA1UECwwkYTI1NDUyMDAtMzJmZS00NTFiLWJh
ZTMtMjY0MzNjZTdkMzJkMS0wKwYDVQQKDCRiOWQzYjliNS05NzExLTQ3NTgtYjZm
Mi0yMWEzZTRmNDJmNWUxCjAIBgNVBAUTATEwHhcNMjUwNTEyMTM1OTIzWhcNMzAw
NjIwMTM1OTIzWjCBiDEcMBoGA1UEAwwTc2NtQHBrcnZtYmVyZnlocGI5dzEtMCsG
A1UECwwkYTI1NDUyMDAtMzJmZS00NTFiLWJhZTMtMjY0MzNjZTdkMzJkMS0wKwYD
VQQKDCRiOWQzYjliNS05NzExLTQ3NTgtYjZmMi0yMWEzZTRmNDJmNWUxCjAIBgNV
BAUTATEwggEiMA0GCSqGSIb3DQEBAQUAA4IBDwAwggEKAoIBAQDzEYl23AaAfZ6w
8KNrBXq5v+gpV5n+m76ezOQMAhJCfaAo8kxhROv8uuioW/o1RJMbjvmrNJHcqKDW
dmid/F4fHM6xwRVQDD0ze3Ry5Bt+Q5RyT5IKDTYP3gn+K8A5hSz6+0M2Lw5RV9tN
y1VR1kBc7N6dv0RfrOru78NfmuWOhZSPAv4ANchWsOTM1VANmNsolbC+uKCz9EGH
CGiNc9BcqD3wgD3AuIZZzJ99CaHhtLsNY/ner16zAK1SBF5JDxX+V0oh/4ZwYwn2
avfb1nFViF8qCLfVQm7Tz7jslz2KzrMV7nky6oV8gAyrHNEliRxEqeB8LSmnC24c
aQoXycglAgMBAAGjNDAyMA8GA1UdEwEB/wQFMAMBAf8wDgYDVR0PAQH/BAQDAgEG
MA8GA1UdEQQIMAaHBAoBAWcwDQYJKoZIhvcNAQELBQADggEBAPIxtOANJoYjXhIy
957KNmcvMTx0dH8bIvgI1w9H1ztHlB275jKtsh+JMZWb7MqHU6sKry1RRM/Ipf9t
i9kf+8VZaQZx/7ar3zUX+/8PxAe3hj/pLPb+oYidPTlken5YW8hjgNFwpPvqMhfV
aA9IUQy/2m43EDmb4MGKd+WpWmtYj5hZTJx1h4KQ17Iswoto3RLlV4bfO2r0J5oi
z56/qdU+Z3LEIgq/EPsKzx1/lHuzuvpMl9gPWW1ZdaftomTXcoOKD5xipNYm5yKZ
xRo+MylOsV7TJB2D2O4k+Qt4lXsFHGoCU/6DMasjF9Yh6J7ZVsQg2xakxplqmK33
Kfhawck=
-----END CERTIFICATE-----

2025-05-12 13:59:23,701 [main] INFO  utils.CertificateCodec (CertificateCodec.java:writeCertificate(239)) - Save certificate to /tmp/junit-13404703109420863903/scm-meta/scm/sub-ca/certs/2.crt
2025-05-12 13:59:23,701 [main] INFO  utils.CertificateCodec (CertificateCodec.java:writeCertificate(240)) - Certificate -----BEGIN CERTIFICATE-----
MIIDxTCCAq2gAwIBAgIBAjANBgkqhkiG9w0BAQsFADCBiDEcMBoGA1UEAwwTc2Nt
QHBrcnZtYmVyZnlocGI5dzEtMCsGA1UECwwkYTI1NDUyMDAtMzJmZS00NTFiLWJh
ZTMtMjY0MzNjZTdkMzJkMS0wKwYDVQQKDCRiOWQzYjliNS05NzExLTQ3NTgtYjZm
Mi0yMWEzZTRmNDJmNWUxCjAIBgNVBAUTATEwHhcNMjUwNTEyMTM1OTIzWhcNMzAw
NjIwMTM1OTIzWjCBjDEgMB4GA1UEAwwXc2NtLXN1YkBwa3J2bWJlcmZ5aHBiOXcx
LTArBgNVBAsMJGEyNTQ1MjAwLTMyZmUtNDUxYi1iYWUzLTI2NDMzY2U3ZDMyZDEt
MCsGA1UECgwkYjlkM2I5YjUtOTcxMS00NzU4LWI2ZjItMjFhM2U0ZjQyZjVlMQow
CAYDVQQFEwEyMIIBIjANBgkqhkiG9w0BAQEFAAOCAQ8AMIIBCgKCAQEA2sALM/aO
U5vzxmTOiuybnUnXochJNtBbQ93TDclLqRr2PzuWAWVbb36cRfgWkpwAmXjExNgT
FnkZFVX64vCH13vRaEiGBvnUjeNMsfSNwh27NsUfYlrOXSqRRlEWGVS42Uv5/pKt
APjOmy0GLt2XInPJge2SCdqAnC5RneOvSamuztaMKAo8TIMtkeweZxuFflpdlWUZ
tD/jx1iTRbqsGbjxdbVcQ10uu6vqWzP7FDIuNQ4cMF8TOgnp71RfcYtg6VTnfRFo
Mb/R0dAOWUWV+l5Dn6LdeBpDhFVA0XSjH5+yil8aqID9A0HP5VrfQGG4NYeMZJhp
xGYBRB/IdsBwyQIDAQABozQwMjAOBgNVHQ8BAf8EBAMCAb4wDwYDVR0RBAgwBocE
CgEBZzAPBgNVHRMBAf8EBTADAQH/MA0GCSqGSIb3DQEBCwUAA4IBAQBR4as3Bjph
JX9fLMJMoHVAdAw20x5OMTxUruzbnhAnYgTMK28YEHaHllfFiCPgvgmZtCcfMysn
W0Gx5qburCIwJq5mKFzO7e3GdrT9Wb1iQOgz2rClXp2644VYyoG0UwNxljfVMZUi
YcEINWEPWC3mZK//0NKpFvVGixbBJN96tg6mcFczDl4x7thGsdNWJtIHWZBCtFDr
rHCIdHVHEgV3qJkYGuohMKUYnuh9wV7JrdV92fX7D1tEmroBAPYihN/Ui1aJQKK+
YfsfA00uy+njGwKfBkeF20MT8FBZ62V5cpL7xD7izAg3/dSgIz5t/7GGJMp81DF9
3LSXNOn5tCpn
-----END CERTIFICATE-----

-----BEGIN CERTIFICATE-----
MIIDwTCCAqmgAwIBAgIBATANBgkqhkiG9w0BAQsFADCBiDEcMBoGA1UEAwwTc2Nt
QHBrcnZtYmVyZnlocGI5dzEtMCsGA1UECwwkYTI1NDUyMDAtMzJmZS00NTFiLWJh
ZTMtMjY0MzNjZTdkMzJkMS0wKwYDVQQKDCRiOWQzYjliNS05NzExLTQ3NTgtYjZm
Mi0yMWEzZTRmNDJmNWUxCjAIBgNVBAUTATEwHhcNMjUwNTEyMTM1OTIzWhcNMzAw
NjIwMTM1OTIzWjCBiDEcMBoGA1UEAwwTc2NtQHBrcnZtYmVyZnlocGI5dzEtMCsG
A1UECwwkYTI1NDUyMDAtMzJmZS00NTFiLWJhZTMtMjY0MzNjZTdkMzJkMS0wKwYD
VQQKDCRiOWQzYjliNS05NzExLTQ3NTgtYjZmMi0yMWEzZTRmNDJmNWUxCjAIBgNV
BAUTATEwggEiMA0GCSqGSIb3DQEBAQUAA4IBDwAwggEKAoIBAQDzEYl23AaAfZ6w
8KNrBXq5v+gpV5n+m76ezOQMAhJCfaAo8kxhROv8uuioW/o1RJMbjvmrNJHcqKDW
dmid/F4fHM6xwRVQDD0ze3Ry5Bt+Q5RyT5IKDTYP3gn+K8A5hSz6+0M2Lw5RV9tN
y1VR1kBc7N6dv0RfrOru78NfmuWOhZSPAv4ANchWsOTM1VANmNsolbC+uKCz9EGH
CGiNc9BcqD3wgD3AuIZZzJ99CaHhtLsNY/ner16zAK1SBF5JDxX+V0oh/4ZwYwn2
avfb1nFViF8qCLfVQm7Tz7jslz2KzrMV7nky6oV8gAyrHNEliRxEqeB8LSmnC24c
aQoXycglAgMBAAGjNDAyMA8GA1UdEwEB/wQFMAMBAf8wDgYDVR0PAQH/BAQDAgEG
MA8GA1UdEQQIMAaHBAoBAWcwDQYJKoZIhvcNAQELBQADggEBAPIxtOANJoYjXhIy
957KNmcvMTx0dH8bIvgI1w9H1ztHlB275jKtsh+JMZWb7MqHU6sKry1RRM/Ipf9t
i9kf+8VZaQZx/7ar3zUX+/8PxAe3hj/pLPb+oYidPTlken5YW8hjgNFwpPvqMhfV
aA9IUQy/2m43EDmb4MGKd+WpWmtYj5hZTJx1h4KQ17Iswoto3RLlV4bfO2r0J5oi
z56/qdU+Z3LEIgq/EPsKzx1/lHuzuvpMl9gPWW1ZdaftomTXcoOKD5xipNYm5yKZ
xRo+MylOsV7TJB2D2O4k+Qt4lXsFHGoCU/6DMasjF9Yh6J7ZVsQg2xakxplqmK33
Kfhawck=
-----END CERTIFICATE-----

2025-05-12 13:59:23,701 [main] INFO  utils.CertificateCodec (CertificateCodec.java:writeCertificate(239)) - Save certificate to /tmp/junit-13404703109420863903/scm-meta/scm/sub-ca/certs/certificate.crt
2025-05-12 13:59:23,701 [main] INFO  utils.CertificateCodec (CertificateCodec.java:writeCertificate(240)) - Certificate -----BEGIN CERTIFICATE-----
MIIDxTCCAq2gAwIBAgIBAjANBgkqhkiG9w0BAQsFADCBiDEcMBoGA1UEAwwTc2Nt
QHBrcnZtYmVyZnlocGI5dzEtMCsGA1UECwwkYTI1NDUyMDAtMzJmZS00NTFiLWJh
ZTMtMjY0MzNjZTdkMzJkMS0wKwYDVQQKDCRiOWQzYjliNS05NzExLTQ3NTgtYjZm
Mi0yMWEzZTRmNDJmNWUxCjAIBgNVBAUTATEwHhcNMjUwNTEyMTM1OTIzWhcNMzAw
NjIwMTM1OTIzWjCBjDEgMB4GA1UEAwwXc2NtLXN1YkBwa3J2bWJlcmZ5aHBiOXcx
LTArBgNVBAsMJGEyNTQ1MjAwLTMyZmUtNDUxYi1iYWUzLTI2NDMzY2U3ZDMyZDEt
MCsGA1UECgwkYjlkM2I5YjUtOTcxMS00NzU4LWI2ZjItMjFhM2U0ZjQyZjVlMQow
CAYDVQQFEwEyMIIBIjANBgkqhkiG9w0BAQEFAAOCAQ8AMIIBCgKCAQEA2sALM/aO
U5vzxmTOiuybnUnXochJNtBbQ93TDclLqRr2PzuWAWVbb36cRfgWkpwAmXjExNgT
FnkZFVX64vCH13vRaEiGBvnUjeNMsfSNwh27NsUfYlrOXSqRRlEWGVS42Uv5/pKt
APjOmy0GLt2XInPJge2SCdqAnC5RneOvSamuztaMKAo8TIMtkeweZxuFflpdlWUZ
tD/jx1iTRbqsGbjxdbVcQ10uu6vqWzP7FDIuNQ4cMF8TOgnp71RfcYtg6VTnfRFo
Mb/R0dAOWUWV+l5Dn6LdeBpDhFVA0XSjH5+yil8aqID9A0HP5VrfQGG4NYeMZJhp
xGYBRB/IdsBwyQIDAQABozQwMjAOBgNVHQ8BAf8EBAMCAb4wDwYDVR0RBAgwBocE
CgEBZzAPBgNVHRMBAf8EBTADAQH/MA0GCSqGSIb3DQEBCwUAA4IBAQBR4as3Bjph
JX9fLMJMoHVAdAw20x5OMTxUruzbnhAnYgTMK28YEHaHllfFiCPgvgmZtCcfMysn
W0Gx5qburCIwJq5mKFzO7e3GdrT9Wb1iQOgz2rClXp2644VYyoG0UwNxljfVMZUi
YcEINWEPWC3mZK//0NKpFvVGixbBJN96tg6mcFczDl4x7thGsdNWJtIHWZBCtFDr
rHCIdHVHEgV3qJkYGuohMKUYnuh9wV7JrdV92fX7D1tEmroBAPYihN/Ui1aJQKK+
YfsfA00uy+njGwKfBkeF20MT8FBZ62V5cpL7xD7izAg3/dSgIz5t/7GGJMp81DF9
3LSXNOn5tCpn
-----END CERTIFICATE-----

-----BEGIN CERTIFICATE-----
MIIDwTCCAqmgAwIBAgIBATANBgkqhkiG9w0BAQsFADCBiDEcMBoGA1UEAwwTc2Nt
QHBrcnZtYmVyZnlocGI5dzEtMCsGA1UECwwkYTI1NDUyMDAtMzJmZS00NTFiLWJh
ZTMtMjY0MzNjZTdkMzJkMS0wKwYDVQQKDCRiOWQzYjliNS05NzExLTQ3NTgtYjZm
Mi0yMWEzZTRmNDJmNWUxCjAIBgNVBAUTATEwHhcNMjUwNTEyMTM1OTIzWhcNMzAw
NjIwMTM1OTIzWjCBiDEcMBoGA1UEAwwTc2NtQHBrcnZtYmVyZnlocGI5dzEtMCsG
A1UECwwkYTI1NDUyMDAtMzJmZS00NTFiLWJhZTMtMjY0MzNjZTdkMzJkMS0wKwYD
VQQKDCRiOWQzYjliNS05NzExLTQ3NTgtYjZmMi0yMWEzZTRmNDJmNWUxCjAIBgNV
BAUTATEwggEiMA0GCSqGSIb3DQEBAQUAA4IBDwAwggEKAoIBAQDzEYl23AaAfZ6w
8KNrBXq5v+gpV5n+m76ezOQMAhJCfaAo8kxhROv8uuioW/o1RJMbjvmrNJHcqKDW
dmid/F4fHM6xwRVQDD0ze3Ry5Bt+Q5RyT5IKDTYP3gn+K8A5hSz6+0M2Lw5RV9tN
y1VR1kBc7N6dv0RfrOru78NfmuWOhZSPAv4ANchWsOTM1VANmNsolbC+uKCz9EGH
CGiNc9BcqD3wgD3AuIZZzJ99CaHhtLsNY/ner16zAK1SBF5JDxX+V0oh/4ZwYwn2
avfb1nFViF8qCLfVQm7Tz7jslz2KzrMV7nky6oV8gAyrHNEliRxEqeB8LSmnC24c
aQoXycglAgMBAAGjNDAyMA8GA1UdEwEB/wQFMAMBAf8wDgYDVR0PAQH/BAQDAgEG
MA8GA1UdEQQIMAaHBAoBAWcwDQYJKoZIhvcNAQELBQADggEBAPIxtOANJoYjXhIy
957KNmcvMTx0dH8bIvgI1w9H1ztHlB275jKtsh+JMZWb7MqHU6sKry1RRM/Ipf9t
i9kf+8VZaQZx/7ar3zUX+/8PxAe3hj/pLPb+oYidPTlken5YW8hjgNFwpPvqMhfV
aA9IUQy/2m43EDmb4MGKd+WpWmtYj5hZTJx1h4KQ17Iswoto3RLlV4bfO2r0J5oi
z56/qdU+Z3LEIgq/EPsKzx1/lHuzuvpMl9gPWW1ZdaftomTXcoOKD5xipNYm5yKZ
xRo+MylOsV7TJB2D2O4k+Qt4lXsFHGoCU/6DMasjF9Yh6J7ZVsQg2xakxplqmK33
Kfhawck=
-----END CERTIFICATE-----

2025-05-12 13:59:23,702 [main] INFO  client.SCMCertificateClient (SCMCertificateClient.java:recoverStateIfNeeded(289)) - Successfully stored SCM signed certificate.
2025-05-12 13:59:23,704 [main] INFO  ha.SCMHANodeDetails (SCMHANodeDetails.java:loadSCMHAConfig(162)) - ServiceID for StorageContainerManager is null
2025-05-12 13:59:23,704 [main] INFO  ha.SCMHANodeDetails (SCMHANodeDetails.java:loadSCMHAConfig(166)) - ozone.scm.default.service.id is not defined, falling back to ozone.scm.service.ids to find serviceID for StorageContainerManager if it is HA enabled cluster
2025-05-12 13:59:23,705 [main] INFO  server.RaftServerConfigKeys (ConfUtils.java:logGet(46)) - raft.server.log.appender.buffer.byte-limit = 4194304 (custom)
2025-05-12 13:59:23,706 [main] INFO  server.RaftServer (ConfUtils.java:logGet(46)) - raft.rpc.type = GRPC (default)
2025-05-12 13:59:23,707 [main] INFO  grpc.GrpcConfigKeys (ConfUtils.java:logFallback(53)) - raft.grpc.admin.host = null (fallback to raft.grpc.server.host)
2025-05-12 13:59:23,707 [main] INFO  grpc.GrpcConfigKeys (ConfUtils.java:logFallback(53)) - raft.grpc.admin.port = 15018 (fallback to raft.grpc.server.port)
2025-05-12 13:59:23,707 [main] INFO  grpc.GrpcConfigKeys (ConfUtils.java:logFallback(53)) - raft.grpc.client.host = null (fallback to raft.grpc.server.host)
2025-05-12 13:59:23,707 [main] INFO  grpc.GrpcConfigKeys (ConfUtils.java:logFallback(53)) - raft.grpc.client.port = 15018 (fallback to raft.grpc.server.port)
2025-05-12 13:59:23,707 [main] INFO  grpc.GrpcConfigKeys (ConfUtils.java:logGet(46)) - raft.grpc.server.host = null (default)
2025-05-12 13:59:23,707 [main] INFO  grpc.GrpcConfigKeys (ConfUtils.java:logGet(46)) - raft.grpc.server.port = 15018 (custom)
2025-05-12 13:59:23,707 [main] INFO  server.GrpcService (ConfUtils.java:logGet(46)) - raft.grpc.message.size.max = 5242880 (custom)
2025-05-12 13:59:23,707 [main] INFO  server.GrpcService (ConfUtils.java:logGet(46)) - raft.grpc.flow.control.window = 1MB (=1048576) (default)
2025-05-12 13:59:23,707 [main] INFO  server.RaftServerConfigKeys (ConfUtils.java:logGet(46)) - raft.server.rpc.request.timeout = 30000ms (custom)
2025-05-12 13:59:23,708 [main] INFO  grpc.GrpcConfigKeys (ConfUtils.java:logGet(46)) - raft.grpc.server.heartbeat.channel = true (default)
2025-05-12 13:59:23,708 [main] INFO  server.RaftServerConfigKeys (ConfUtils.java:logGet(46)) - raft.server.log.appender.buffer.byte-limit = 4194304 (custom)
2025-05-12 13:59:23,708 [main] INFO  grpc.GrpcConfigKeys (ConfUtils.java:logGet(46)) - raft.grpc.server.async.request.thread.pool.cached = true (default)
2025-05-12 13:59:23,708 [main] INFO  grpc.GrpcConfigKeys (ConfUtils.java:logGet(46)) - raft.grpc.server.async.request.thread.pool.size = 32 (default)
2025-05-12 13:59:23,709 [main] INFO  impl.DataStreamServerImpl (ConfUtils.java:logGet(46)) - raft.datastream.type = DISABLED (default)
2025-05-12 13:59:23,709 [main] INFO  server.RaftServerConfigKeys (ConfUtils.java:logGet(46)) - raft.server.sleep.deviation.threshold = 300ms (default)
2025-05-12 13:59:23,709 [main] INFO  server.RaftServerConfigKeys (ConfUtils.java:logGet(46)) - raft.server.close.threshold = 60s (default)
2025-05-12 13:59:23,709 [main] INFO  server.RaftServerConfigKeys (ConfUtils.java:logGet(46)) - raft.server.leaderelection.leader.step-down.wait-time = 10s (default)
2025-05-12 13:59:23,709 [main] INFO  server.RaftServerConfigKeys (ConfUtils.java:logGet(46)) - raft.server.storage.dir = [/tmp/junit-13404703109420863903/scm-meta/scm-ha] (custom)
2025-05-12 13:59:23,710 [main] INFO  server.RaftServerConfigKeys (ConfUtils.java:logGet(46)) - raft.server.threadpool.proxy.cached = true (default)
2025-05-12 13:59:23,710 [main] INFO  server.RaftServerConfigKeys (ConfUtils.java:logGet(46)) - raft.server.threadpool.proxy.size = 0 (default)
2025-05-12 13:59:23,710 [main] INFO  server.RaftServer (RaftServerProxy.java:addNew(100)) - a2545200-32fe-451b-bae3-26433ce7d32d: addNew group-21A3E4F42F5E:[a2545200-32fe-451b-bae3-26433ce7d32d|pkrvmberfyhpb9w:15018] returns group-21A3E4F42F5E:java.util.concurrent.CompletableFuture@5bbcd407[Not completed]
2025-05-12 13:59:23,710 [a2545200-32fe-451b-bae3-26433ce7d32d-groupManagement] INFO  server.RaftServer$Division (RaftServerImpl.java:<init>(255)) - a2545200-32fe-451b-bae3-26433ce7d32d: new RaftServerImpl for group-21A3E4F42F5E:[a2545200-32fe-451b-bae3-26433ce7d32d|pkrvmberfyhpb9w:15018] with SCMStateMachine:uninitialized
2025-05-12 13:59:23,711 [a2545200-32fe-451b-bae3-26433ce7d32d-groupManagement] INFO  server.RaftServerConfigKeys (ConfUtils.java:logGet(46)) - raft.server.rpc.timeout.min = 5000ms (custom)
2025-05-12 13:59:23,711 [a2545200-32fe-451b-bae3-26433ce7d32d-groupManagement] INFO  server.RaftServerConfigKeys (ConfUtils.java:logGet(46)) - raft.server.rpc.timeout.max = 5200ms (custom)
2025-05-12 13:59:23,711 [a2545200-32fe-451b-bae3-26433ce7d32d-groupManagement] INFO  server.RaftServerConfigKeys (ConfUtils.java:logGet(46)) - raft.server.rpc.sleep.time = 25ms (default)
2025-05-12 13:59:23,711 [a2545200-32fe-451b-bae3-26433ce7d32d-groupManagement] INFO  server.RaftServerConfigKeys (ConfUtils.java:logGet(46)) - raft.server.rpc.slowness.timeout = 120000ms (custom)
2025-05-12 13:59:23,711 [a2545200-32fe-451b-bae3-26433ce7d32d-groupManagement] INFO  server.RaftServerConfigKeys (ConfUtils.java:logGet(46)) - raft.server.leaderelection.leader.step-down.wait-time = 10s (default)
2025-05-12 13:59:23,711 [a2545200-32fe-451b-bae3-26433ce7d32d-groupManagement] INFO  server.RaftServerConfigKeys (ConfUtils.java:logGet(46)) - raft.server.leaderelection.member.majority-add = false (default)
2025-05-12 13:59:23,711 [a2545200-32fe-451b-bae3-26433ce7d32d-groupManagement] INFO  server.RaftServerConfigKeys (ConfUtils.java:logGet(46)) - raft.server.sleep.deviation.threshold = 300ms (default)
2025-05-12 13:59:23,711 [a2545200-32fe-451b-bae3-26433ce7d32d-groupManagement] INFO  server.RaftServer$Division (ServerState.java:<init>(114)) - a2545200-32fe-451b-bae3-26433ce7d32d@group-21A3E4F42F5E: ConfigurationManager, init=conf: {index: -1, cur=peers:[a2545200-32fe-451b-bae3-26433ce7d32d|pkrvmberfyhpb9w:15018]|listeners:[], old=null}, confs=<EMPTY_MAP>
2025-05-12 13:59:23,711 [a2545200-32fe-451b-bae3-26433ce7d32d-groupManagement] INFO  server.RaftServerConfigKeys (ConfUtils.java:logGet(46)) - raft.server.notification.no-leader.timeout = 60s (default)
2025-05-12 13:59:23,711 [a2545200-32fe-451b-bae3-26433ce7d32d-groupManagement] INFO  server.RaftServerConfigKeys (ConfUtils.java:logGet(46)) - raft.server.read.timeout = 10s (default)
2025-05-12 13:59:23,711 [a2545200-32fe-451b-bae3-26433ce7d32d-groupManagement] INFO  server.RaftServerConfigKeys (ConfUtils.java:logGet(46)) - raft.server.retrycache.expirytime = 60000ms (default)
2025-05-12 13:59:23,711 [a2545200-32fe-451b-bae3-26433ce7d32d-groupManagement] INFO  server.RaftServerConfigKeys (ConfUtils.java:logGet(46)) - raft.server.retrycache.statistics.expirytime = 100ms (default)
2025-05-12 13:59:23,711 [a2545200-32fe-451b-bae3-26433ce7d32d-groupManagement] INFO  server.RaftServerConfigKeys (ConfUtils.java:logGet(46)) - raft.server.read.option = DEFAULT (default)
2025-05-12 13:59:23,711 [a2545200-32fe-451b-bae3-26433ce7d32d-groupManagement] INFO  server.RaftServerConfigKeys (ConfUtils.java:logGet(46)) - raft.server.read.read-after-write-consistent.write-index-cache.expiry-time = 60s (default)
2025-05-12 13:59:23,714 [a2545200-32fe-451b-bae3-26433ce7d32d-groupManagement] INFO  server.RaftServerConfigKeys (ConfUtils.java:logGet(46)) - raft.server.rpc.request.timeout = 30000ms (custom)
2025-05-12 13:59:23,714 [a2545200-32fe-451b-bae3-26433ce7d32d-groupManagement] INFO  server.RaftServerConfigKeys (ConfUtils.java:logGet(46)) - raft.server.log.appender.install.snapshot.enabled = false (custom)
2025-05-12 13:59:23,714 [a2545200-32fe-451b-bae3-26433ce7d32d-groupManagement] INFO  server.RaftServerConfigKeys (ConfUtils.java:logGet(46)) - raft.server.threadpool.server.cached = true (default)
2025-05-12 13:59:23,714 [a2545200-32fe-451b-bae3-26433ce7d32d-groupManagement] INFO  server.RaftServerConfigKeys (ConfUtils.java:logGet(46)) - raft.server.threadpool.server.size = 0 (default)
2025-05-12 13:59:23,715 [a2545200-32fe-451b-bae3-26433ce7d32d-groupManagement] INFO  server.RaftServerConfigKeys (ConfUtils.java:logGet(46)) - raft.server.threadpool.client.cached = true (default)
2025-05-12 13:59:23,715 [a2545200-32fe-451b-bae3-26433ce7d32d-groupManagement] INFO  server.RaftServerConfigKeys (ConfUtils.java:logGet(46)) - raft.server.threadpool.client.size = 0 (default)
2025-05-12 13:59:23,715 [a2545200-32fe-451b-bae3-26433ce7d32d-impl-thread1] INFO  server.RaftServerConfigKeys (ConfUtils.java:logGet(46)) - raft.server.storage.free-space.min = 0MB (=0) (default)
2025-05-12 13:59:23,715 [a2545200-32fe-451b-bae3-26433ce7d32d-impl-thread1] INFO  server.RaftServerConfigKeys (ConfUtils.java:logGet(46)) - raft.server.log.corruption.policy = EXCEPTION (default)
2025-05-12 13:59:23,715 [a2545200-32fe-451b-bae3-26433ce7d32d-impl-thread1] INFO  server.RaftServerConfigKeys (ConfUtils.java:logGet(46)) - raft.server.storage.dir = [/tmp/junit-13404703109420863903/scm-meta/scm-ha] (custom)
2025-05-12 13:59:23,715 [a2545200-32fe-451b-bae3-26433ce7d32d-impl-thread1] INFO  storage.RaftStorageDirectory (RaftStorageDirectoryImpl.java:analyzeStorage(138)) - The storage directory /tmp/junit-13404703109420863903/scm-meta/scm-ha/b9d3b9b5-9711-4758-b6f2-21a3e4f42f5e does not exist. Creating ...
2025-05-12 13:59:23,716 [a2545200-32fe-451b-bae3-26433ce7d32d-impl-thread1] INFO  storage.RaftStorageDirectory (RaftStorageDirectoryImpl.java:tryLock(229)) - Lock on /tmp/junit-13404703109420863903/scm-meta/scm-ha/b9d3b9b5-9711-4758-b6f2-21a3e4f42f5e/in_use.lock acquired by nodename 14437@pkrvmberfyhpb9w
2025-05-12 13:59:23,717 [a2545200-32fe-451b-bae3-26433ce7d32d-impl-thread1] INFO  storage.RaftStorage (RaftStorageImpl.java:format(98)) - Storage directory /tmp/junit-13404703109420863903/scm-meta/scm-ha/b9d3b9b5-9711-4758-b6f2-21a3e4f42f5e has been successfully formatted.
2025-05-12 13:59:23,717 [a2545200-32fe-451b-bae3-26433ce7d32d-impl-thread1] INFO  ha.SCMStateMachine (SCMStateMachine.java:lambda$initialize$0(135)) - a2545200-32fe-451b-bae3-26433ce7d32d: initialize group-21A3E4F42F5E
2025-05-12 13:59:23,717 [a2545200-32fe-451b-bae3-26433ce7d32d-impl-thread1] INFO  server.RaftServerConfigKeys (ConfUtils.java:logGet(46)) - raft.server.log.use.memory = false (default)
2025-05-12 13:59:23,718 [a2545200-32fe-451b-bae3-26433ce7d32d-impl-thread1] INFO  server.RaftServerConfigKeys (ConfUtils.java:logGet(46)) - raft.server.log.purge.gap = 1000000 (custom)
2025-05-12 13:59:23,718 [a2545200-32fe-451b-bae3-26433ce7d32d-impl-thread1] INFO  server.RaftServerConfigKeys (ConfUtils.java:logGet(46)) - raft.server.log.appender.buffer.byte-limit = 4194304 (custom)
2025-05-12 13:59:23,718 [a2545200-32fe-451b-bae3-26433ce7d32d-impl-thread1] INFO  server.RaftServerConfigKeys (ConfUtils.java:logGet(46)) - raft.server.log.statemachine.data.read.timeout = 1000ms (default)
2025-05-12 13:59:23,718 [a2545200-32fe-451b-bae3-26433ce7d32d-impl-thread1] INFO  server.RaftServerConfigKeys (ConfUtils.java:logGet(46)) - raft.server.log.purge.preservation.log.num = 0 (default)
2025-05-12 13:59:23,719 [a2545200-32fe-451b-bae3-26433ce7d32d-impl-thread1] INFO  server.RaftServerConfigKeys (ConfUtils.java:logGet(46)) - raft.server.log.segment.size.max = 4194304 (custom)
2025-05-12 13:59:23,719 [a2545200-32fe-451b-bae3-26433ce7d32d-impl-thread1] INFO  server.RaftServerConfigKeys (ConfUtils.java:logGet(46)) - raft.server.log.segment.cache.num.max = 2 (custom)
2025-05-12 13:59:23,719 [a2545200-32fe-451b-bae3-26433ce7d32d-impl-thread1] INFO  server.RaftServerConfigKeys (ConfUtils.java:logGet(46)) - raft.server.log.segment.cache.size.max = 200MB (=209715200) (default)
2025-05-12 13:59:23,719 [a2545200-32fe-451b-bae3-26433ce7d32d-impl-thread1] INFO  server.RaftServerConfigKeys (ConfUtils.java:logGet(46)) - raft.server.log.appender.buffer.byte-limit = 4194304 (custom)
2025-05-12 13:59:23,719 [a2545200-32fe-451b-bae3-26433ce7d32d-impl-thread1] INFO  util.AwaitToRun (AwaitToRun.java:start(81)) - Thread[#678,a2545200-32fe-451b-bae3-26433ce7d32d@group-21A3E4F42F5E-cacheEviction-AwaitToRun,5,main] started
2025-05-12 13:59:23,720 [a2545200-32fe-451b-bae3-26433ce7d32d-impl-thread1] INFO  segmented.SegmentedRaftLogWorker (SegmentedRaftLogWorker.java:<init>(188)) - new a2545200-32fe-451b-bae3-26433ce7d32d@group-21A3E4F42F5E-SegmentedRaftLogWorker for RaftStorageImpl:Storage Directory /tmp/junit-13404703109420863903/scm-meta/scm-ha/b9d3b9b5-9711-4758-b6f2-21a3e4f42f5e
2025-05-12 13:59:23,720 [a2545200-32fe-451b-bae3-26433ce7d32d-impl-thread1] INFO  server.RaftServerConfigKeys (ConfUtils.java:logGet(46)) - raft.server.log.queue.byte-limit = 64MB (=67108864) (default)
2025-05-12 13:59:23,720 [a2545200-32fe-451b-bae3-26433ce7d32d-impl-thread1] INFO  server.RaftServerConfigKeys (ConfUtils.java:logGet(46)) - raft.server.log.queue.element-limit = 4096 (default)
2025-05-12 13:59:23,720 [a2545200-32fe-451b-bae3-26433ce7d32d-impl-thread1] INFO  server.RaftServerConfigKeys (ConfUtils.java:logGet(46)) - raft.server.log.segment.size.max = 4194304 (custom)
2025-05-12 13:59:23,720 [a2545200-32fe-451b-bae3-26433ce7d32d-impl-thread1] INFO  server.RaftServerConfigKeys (ConfUtils.java:logGet(46)) - raft.server.log.preallocated.size = 4194304 (custom)
2025-05-12 13:59:23,720 [a2545200-32fe-451b-bae3-26433ce7d32d-impl-thread1] INFO  server.RaftServerConfigKeys (ConfUtils.java:logGet(46)) - raft.server.log.force.sync.num = 128 (default)
2025-05-12 13:59:23,720 [a2545200-32fe-451b-bae3-26433ce7d32d-impl-thread1] INFO  server.RaftServerConfigKeys (ConfUtils.java:logGet(46)) - raft.server.log.statemachine.data.sync = true (default)
2025-05-12 13:59:23,720 [a2545200-32fe-451b-bae3-26433ce7d32d-impl-thread1] INFO  server.RaftServerConfigKeys (ConfUtils.java:logGet(46)) - raft.server.log.statemachine.data.sync.timeout = 10s (default)
2025-05-12 13:59:23,720 [a2545200-32fe-451b-bae3-26433ce7d32d-impl-thread1] INFO  server.RaftServerConfigKeys (ConfUtils.java:logGet(46)) - raft.server.log.statemachine.data.sync.timeout.retry = -1 (default)
2025-05-12 13:59:23,720 [a2545200-32fe-451b-bae3-26433ce7d32d-impl-thread1] INFO  server.RaftServerConfigKeys (ConfUtils.java:logGet(46)) - raft.server.log.write.buffer.size = 4194312 (custom)
2025-05-12 13:59:23,721 [a2545200-32fe-451b-bae3-26433ce7d32d-impl-thread1] INFO  server.RaftServerConfigKeys (ConfUtils.java:logGet(46)) - raft.server.log.appender.buffer.byte-limit = 4194304 (custom)
2025-05-12 13:59:23,721 [a2545200-32fe-451b-bae3-26433ce7d32d-impl-thread1] INFO  server.RaftServerConfigKeys (ConfUtils.java:logGet(46)) - raft.server.log.unsafe-flush.enabled = false (default)
2025-05-12 13:59:23,721 [a2545200-32fe-451b-bae3-26433ce7d32d-impl-thread1] INFO  server.RaftServerConfigKeys (ConfUtils.java:logGet(46)) - raft.server.log.async-flush.enabled = false (default)
2025-05-12 13:59:23,721 [a2545200-32fe-451b-bae3-26433ce7d32d-impl-thread1] INFO  server.RaftServerConfigKeys (ConfUtils.java:logGet(46)) - raft.server.log.statemachine.data.caching.enabled = false (default)
2025-05-12 13:59:23,721 [a2545200-32fe-451b-bae3-26433ce7d32d-impl-thread1] INFO  segmented.SegmentedRaftLogWorker (SegmentedRaftLogWorker.java:lambda$new$0(139)) - a2545200-32fe-451b-bae3-26433ce7d32d@group-21A3E4F42F5E-SegmentedRaftLogWorker: flushIndex: setUnconditionally 0 -> -1
2025-05-12 13:59:23,721 [a2545200-32fe-451b-bae3-26433ce7d32d-impl-thread1] INFO  segmented.SegmentedRaftLogWorker (SegmentedRaftLogWorker.java:lambda$new$0(139)) - a2545200-32fe-451b-bae3-26433ce7d32d@group-21A3E4F42F5E-SegmentedRaftLogWorker: safeCacheEvictIndex: setUnconditionally 0 -> -1
2025-05-12 13:59:23,721 [a2545200-32fe-451b-bae3-26433ce7d32d-impl-thread1] INFO  server.RaftServer$Division (RaftServerImpl.java:start(391)) - a2545200-32fe-451b-bae3-26433ce7d32d@group-21A3E4F42F5E: start as a follower, conf=conf: {index: -1, cur=peers:[a2545200-32fe-451b-bae3-26433ce7d32d|pkrvmberfyhpb9w:15018]|listeners:[], old=null}
2025-05-12 13:59:23,721 [a2545200-32fe-451b-bae3-26433ce7d32d-impl-thread1] INFO  server.RaftServer$Division (RaftServerImpl.java:setRole(378)) - a2545200-32fe-451b-bae3-26433ce7d32d@group-21A3E4F42F5E: changes role from      null to FOLLOWER at term 0 for startAsFollower
2025-05-12 13:59:23,721 [a2545200-32fe-451b-bae3-26433ce7d32d-impl-thread1] INFO  impl.RoleInfo (RoleInfo.java:updateAndGet(148)) - a2545200-32fe-451b-bae3-26433ce7d32d: start a2545200-32fe-451b-bae3-26433ce7d32d@group-21A3E4F42F5E-FollowerState
2025-05-12 13:59:23,722 [a2545200-32fe-451b-bae3-26433ce7d32d@group-21A3E4F42F5E-FollowerState] INFO  server.RaftServerConfigKeys (ConfUtils.java:logFallback(53)) - raft.server.rpc.first-election.timeout.min = 5000ms (fallback to raft.server.rpc.timeout.min)
2025-05-12 13:59:23,722 [a2545200-32fe-451b-bae3-26433ce7d32d@group-21A3E4F42F5E-FollowerState] INFO  server.RaftServerConfigKeys (ConfUtils.java:logFallback(53)) - raft.server.rpc.first-election.timeout.max = 5200ms (fallback to raft.server.rpc.timeout.max)
2025-05-12 13:59:23,722 [a2545200-32fe-451b-bae3-26433ce7d32d-impl-thread1] INFO  util.JmxRegister (JmxRegister.java:tryRegister(44)) - Successfully registered JMX Bean with object name Ratis:service=RaftServer,group=group-21A3E4F42F5E,id=a2545200-32fe-451b-bae3-26433ce7d32d
2025-05-12 13:59:23,722 [a2545200-32fe-451b-bae3-26433ce7d32d-impl-thread1] INFO  util.JmxRegister (JmxRegister.java:register(58)) - register mxBean class org.apache.ratis.server.impl.RaftServerJmxAdapter as Ratis:service=RaftServer,group=group-21A3E4F42F5E,id=a2545200-32fe-451b-bae3-26433ce7d32d
2025-05-12 13:59:23,722 [a2545200-32fe-451b-bae3-26433ce7d32d-impl-thread1] INFO  server.RaftServerConfigKeys (ConfUtils.java:logGet(46)) - raft.server.snapshot.trigger-when-stop.enabled = true (default)
2025-05-12 13:59:23,722 [a2545200-32fe-451b-bae3-26433ce7d32d-impl-thread1] INFO  server.RaftServerConfigKeys (ConfUtils.java:logGet(46)) - raft.server.snapshot.trigger-when-remove.enabled = true (default)
2025-05-12 13:59:23,722 [a2545200-32fe-451b-bae3-26433ce7d32d-impl-thread1] INFO  server.RaftServerConfigKeys (ConfUtils.java:logGet(46)) - raft.server.snapshot.auto.trigger.enabled = true (custom)
2025-05-12 13:59:23,722 [a2545200-32fe-451b-bae3-26433ce7d32d-impl-thread1] INFO  server.RaftServerConfigKeys (ConfUtils.java:logGet(46)) - raft.server.snapshot.auto.trigger.threshold = 1000 (custom)
2025-05-12 13:59:23,722 [a2545200-32fe-451b-bae3-26433ce7d32d-impl-thread1] INFO  server.RaftServerConfigKeys (ConfUtils.java:logGet(46)) - raft.server.snapshot.retention.file.num = -1 (default)
2025-05-12 13:59:23,723 [a2545200-32fe-451b-bae3-26433ce7d32d-impl-thread1] INFO  server.RaftServerConfigKeys (ConfUtils.java:logGet(46)) - raft.server.log.purge.upto.snapshot.index = false (default)
2025-05-12 13:59:23,723 [a2545200-32fe-451b-bae3-26433ce7d32d-impl-thread1] INFO  server.RaftServer$Division (RaftServerImpl.java:start(405)) - a2545200-32fe-451b-bae3-26433ce7d32d@group-21A3E4F42F5E: Successfully started.
2025-05-12 13:59:23,723 [main] INFO  server.RaftServer (RaftServerProxy.java:startImpl(407)) - a2545200-32fe-451b-bae3-26433ce7d32d: start RPC server
2025-05-12 13:59:23,724 [main] INFO  server.GrpcService (GrpcService.java:startImpl(334)) - a2545200-32fe-451b-bae3-26433ce7d32d: GrpcService started, listening on 15018
2025-05-12 13:59:23,725 [JvmPauseMonitor4] INFO  util.JvmPauseMonitor (JvmPauseMonitor.java:run(146)) - JvmPauseMonitor-a2545200-32fe-451b-bae3-26433ce7d32d: Started
2025-05-12 13:59:28,765 [a2545200-32fe-451b-bae3-26433ce7d32d@group-21A3E4F42F5E-FollowerState] INFO  impl.FollowerState (FollowerState.java:runImpl(161)) - a2545200-32fe-451b-bae3-26433ce7d32d@group-21A3E4F42F5E-FollowerState: change to CANDIDATE, lastRpcElapsedTime:5043601885ns, electionTimeout:5043ms
2025-05-12 13:59:28,765 [a2545200-32fe-451b-bae3-26433ce7d32d@group-21A3E4F42F5E-FollowerState] INFO  impl.RoleInfo (RoleInfo.java:shutdownFollowerState(121)) - a2545200-32fe-451b-bae3-26433ce7d32d: shutdown a2545200-32fe-451b-bae3-26433ce7d32d@group-21A3E4F42F5E-FollowerState
2025-05-12 13:59:28,765 [a2545200-32fe-451b-bae3-26433ce7d32d@group-21A3E4F42F5E-FollowerState] INFO  server.RaftServer$Division (RaftServerImpl.java:setRole(378)) - a2545200-32fe-451b-bae3-26433ce7d32d@group-21A3E4F42F5E: changes role from  FOLLOWER to CANDIDATE at term 0 for changeToCandidate
2025-05-12 13:59:28,766 [a2545200-32fe-451b-bae3-26433ce7d32d@group-21A3E4F42F5E-FollowerState] INFO  server.RaftServerConfigKeys (ConfUtils.java:logGet(46)) - raft.server.leaderelection.pre-vote = true (default)
2025-05-12 13:59:28,766 [a2545200-32fe-451b-bae3-26433ce7d32d@group-21A3E4F42F5E-FollowerState] INFO  impl.RoleInfo (RoleInfo.java:updateAndGet(148)) - a2545200-32fe-451b-bae3-26433ce7d32d: start a2545200-32fe-451b-bae3-26433ce7d32d@group-21A3E4F42F5E-LeaderElection3
2025-05-12 13:59:28,766 [a2545200-32fe-451b-bae3-26433ce7d32d@group-21A3E4F42F5E-LeaderElection3] INFO  impl.LeaderElection (LeaderElection.java:askForVotes(332)) - a2545200-32fe-451b-bae3-26433ce7d32d@group-21A3E4F42F5E-LeaderElection3 PRE_VOTE round 0: submit vote requests at term 0 for conf: {index: -1, cur=peers:[a2545200-32fe-451b-bae3-26433ce7d32d|pkrvmberfyhpb9w:15018]|listeners:[], old=null}
2025-05-12 13:59:28,766 [a2545200-32fe-451b-bae3-26433ce7d32d@group-21A3E4F42F5E-LeaderElection3] INFO  impl.LeaderElection (LeaderElection.java:askForVotes(334)) - a2545200-32fe-451b-bae3-26433ce7d32d@group-21A3E4F42F5E-LeaderElection3 PRE_VOTE round 0: result PASSED (term=0)
2025-05-12 13:59:28,767 [a2545200-32fe-451b-bae3-26433ce7d32d@group-21A3E4F42F5E-LeaderElection3] INFO  impl.LeaderElection (LeaderElection.java:askForVotes(332)) - a2545200-32fe-451b-bae3-26433ce7d32d@group-21A3E4F42F5E-LeaderElection3 ELECTION round 0: submit vote requests at term 1 for conf: {index: -1, cur=peers:[a2545200-32fe-451b-bae3-26433ce7d32d|pkrvmberfyhpb9w:15018]|listeners:[], old=null}
2025-05-12 13:59:28,767 [a2545200-32fe-451b-bae3-26433ce7d32d@group-21A3E4F42F5E-LeaderElection3] INFO  impl.LeaderElection (LeaderElection.java:askForVotes(334)) - a2545200-32fe-451b-bae3-26433ce7d32d@group-21A3E4F42F5E-LeaderElection3 ELECTION round 0: result PASSED (term=1)
2025-05-12 13:59:28,767 [a2545200-32fe-451b-bae3-26433ce7d32d@group-21A3E4F42F5E-LeaderElection3] INFO  impl.RoleInfo (RoleInfo.java:shutdownLeaderElection(141)) - a2545200-32fe-451b-bae3-26433ce7d32d: shutdown a2545200-32fe-451b-bae3-26433ce7d32d@group-21A3E4F42F5E-LeaderElection3
2025-05-12 13:59:28,767 [a2545200-32fe-451b-bae3-26433ce7d32d@group-21A3E4F42F5E-LeaderElection3] INFO  server.RaftServer$Division (RaftServerImpl.java:setRole(378)) - a2545200-32fe-451b-bae3-26433ce7d32d@group-21A3E4F42F5E: changes role from CANDIDATE to LEADER at term 1 for changeToLeader
2025-05-12 13:59:28,767 [a2545200-32fe-451b-bae3-26433ce7d32d@group-21A3E4F42F5E-LeaderElection3] INFO  server.RaftServerConfigKeys (ConfUtils.java:logGet(46)) - raft.server.staging.catchup.gap = 1000 (default)
2025-05-12 13:59:28,768 [a2545200-32fe-451b-bae3-26433ce7d32d@group-21A3E4F42F5E-LeaderElection3] INFO  server.RaftServerConfigKeys (ConfUtils.java:logGet(46)) - raft.server.write.element-limit = 4096 (default)
2025-05-12 13:59:28,768 [a2545200-32fe-451b-bae3-26433ce7d32d@group-21A3E4F42F5E-LeaderElection3] INFO  server.RaftServerConfigKeys (ConfUtils.java:logGet(46)) - raft.server.write.byte-limit = 64MB (=67108864) (default)
2025-05-12 13:59:28,768 [a2545200-32fe-451b-bae3-26433ce7d32d@group-21A3E4F42F5E-LeaderElection3] INFO  server.RaftServerConfigKeys (ConfUtils.java:logGet(46)) - raft.server.watch.timeout = 10s (default)
2025-05-12 13:59:28,768 [a2545200-32fe-451b-bae3-26433ce7d32d@group-21A3E4F42F5E-LeaderElection3] INFO  server.RaftServerConfigKeys (ConfUtils.java:logGet(46)) - raft.server.watch.timeout.denomination = 1s (default)
2025-05-12 13:59:28,768 [a2545200-32fe-451b-bae3-26433ce7d32d@group-21A3E4F42F5E-LeaderElection3] INFO  server.RaftServerConfigKeys (ConfUtils.java:logGet(46)) - raft.server.watch.element-limit = 65536 (default)
2025-05-12 13:59:28,769 [a2545200-32fe-451b-bae3-26433ce7d32d@group-21A3E4F42F5E-LeaderElection3] INFO  server.RaftServerConfigKeys (ConfUtils.java:logGet(46)) - raft.server.read.leader.lease.enabled = false (default)
2025-05-12 13:59:28,769 [a2545200-32fe-451b-bae3-26433ce7d32d@group-21A3E4F42F5E-LeaderElection3] INFO  server.RaftServerConfigKeys (ConfUtils.java:logGet(46)) - raft.server.read.leader.lease.timeout.ratio = 0.9 (default)
2025-05-12 13:59:28,769 [a2545200-32fe-451b-bae3-26433ce7d32d@group-21A3E4F42F5E-LeaderElection3] INFO  server.RaftServerConfigKeys (ConfUtils.java:logGet(46)) - raft.server.rpc.timeout.min = 5000ms (custom)
2025-05-12 13:59:28,769 [a2545200-32fe-451b-bae3-26433ce7d32d@group-21A3E4F42F5E-LeaderElection3] INFO  server.RaftServerConfigKeys (ConfUtils.java:logGet(46)) - raft.server.log.log-metadata.enabled = true (default)
2025-05-12 13:59:28,769 [a2545200-32fe-451b-bae3-26433ce7d32d@group-21A3E4F42F5E-LeaderElection3] INFO  server.RaftServerConfigKeys (ConfUtils.java:logGet(46)) - raft.server.write.element-limit = 4096 (default)
2025-05-12 13:59:28,769 [a2545200-32fe-451b-bae3-26433ce7d32d@group-21A3E4F42F5E-LeaderElection3] INFO  server.RaftServerConfigKeys (ConfUtils.java:logGet(46)) - raft.server.write.follower.gap.ratio.max = -1.0 (default)
2025-05-12 13:59:28,769 [a2545200-32fe-451b-bae3-26433ce7d32d@group-21A3E4F42F5E-LeaderElection3] INFO  impl.RoleInfo (RoleInfo.java:updateAndGet(148)) - a2545200-32fe-451b-bae3-26433ce7d32d: start a2545200-32fe-451b-bae3-26433ce7d32d@group-21A3E4F42F5E-LeaderStateImpl
2025-05-12 13:59:28,769 [a2545200-32fe-451b-bae3-26433ce7d32d@group-21A3E4F42F5E-LeaderElection3] INFO  server.RaftServer$Division (RaftServerImpl.java:setFirstElection(562)) - a2545200-32fe-451b-bae3-26433ce7d32d@group-21A3E4F42F5E: set firstElectionSinceStartup to false for becomeLeader
2025-05-12 13:59:28,769 [a2545200-32fe-451b-bae3-26433ce7d32d@group-21A3E4F42F5E-LeaderElection3] INFO  server.RaftServer$Division (ServerState.java:setLeader(272)) - a2545200-32fe-451b-bae3-26433ce7d32d@group-21A3E4F42F5E: change Leader from null to a2545200-32fe-451b-bae3-26433ce7d32d at term 1 for becomeLeader, leader elected after 5058ms
2025-05-12 13:59:28,770 [a2545200-32fe-451b-bae3-26433ce7d32d@group-21A3E4F42F5E-LeaderElection3] INFO  segmented.SegmentedRaftLogWorker (SegmentedRaftLogWorker.java:startLogSegment(438)) - a2545200-32fe-451b-bae3-26433ce7d32d@group-21A3E4F42F5E-SegmentedRaftLogWorker: Starting segment from index:0
2025-05-12 13:59:28,770 [a2545200-32fe-451b-bae3-26433ce7d32d@group-21A3E4F42F5E-LeaderElection3] INFO  server.RaftServer$Division (ServerState.java:setRaftConf(386)) - a2545200-32fe-451b-bae3-26433ce7d32d@group-21A3E4F42F5E: set configuration conf: {index: 0, cur=peers:[a2545200-32fe-451b-bae3-26433ce7d32d|pkrvmberfyhpb9w:15018]|listeners:[], old=null}
2025-05-12 13:59:28,770 [a2545200-32fe-451b-bae3-26433ce7d32d@group-21A3E4F42F5E-SegmentedRaftLogWorker] INFO  segmented.BufferedWriteChannel (BufferedWriteChannel.java:open(61)) - open log_inprogress_0 at position 0
2025-05-12 13:59:28,778 [a2545200-32fe-451b-bae3-26433ce7d32d@group-21A3E4F42F5E-SegmentedRaftLogWorker] INFO  segmented.SegmentedRaftLogWorker (SegmentedRaftLogWorker.java:execute(644)) - a2545200-32fe-451b-bae3-26433ce7d32d@group-21A3E4F42F5E-SegmentedRaftLogWorker: created new log segment /tmp/junit-13404703109420863903/scm-meta/scm-ha/b9d3b9b5-9711-4758-b6f2-21a3e4f42f5e/current/log_inprogress_0
2025-05-12 13:59:28,780 [a2545200-32fe-451b-bae3-26433ce7d32d@group-21A3E4F42F5E-StateMachineUpdater] INFO  server.RaftServer$Division (LeaderStateImpl.java:checkStartIndex(313)) - Leader a2545200-32fe-451b-bae3-26433ce7d32d@group-21A3E4F42F5E-LeaderStateImpl is ready since appliedIndex == startIndex == 0
2025-05-12 13:59:29,726 [main] INFO  server.RaftServer (RaftServerProxy.java:lambda$close$9(417)) - a2545200-32fe-451b-bae3-26433ce7d32d: close
2025-05-12 13:59:29,726 [main] INFO  server.GrpcService (GrpcService.java:closeImpl(343)) - a2545200-32fe-451b-bae3-26433ce7d32d: shutdown server GrpcServerProtocolService now
2025-05-12 13:59:29,726 [a2545200-32fe-451b-bae3-26433ce7d32d-impl-thread1] INFO  server.RaftServer$Division (RaftServerImpl.java:lambda$close$1(513)) - a2545200-32fe-451b-bae3-26433ce7d32d@group-21A3E4F42F5E: shutdown
2025-05-12 13:59:29,726 [a2545200-32fe-451b-bae3-26433ce7d32d-impl-thread1] INFO  util.JmxRegister (JmxRegister.java:unregister(74)) - Successfully un-registered JMX Bean with object name Ratis:service=RaftServer,group=group-21A3E4F42F5E,id=a2545200-32fe-451b-bae3-26433ce7d32d
2025-05-12 13:59:29,726 [a2545200-32fe-451b-bae3-26433ce7d32d-impl-thread1] INFO  impl.RoleInfo (RoleInfo.java:shutdownLeaderState(103)) - a2545200-32fe-451b-bae3-26433ce7d32d: shutdown a2545200-32fe-451b-bae3-26433ce7d32d@group-21A3E4F42F5E-LeaderStateImpl
2025-05-12 13:59:29,726 [a2545200-32fe-451b-bae3-26433ce7d32d-impl-thread1] INFO  impl.PendingRequests (PendingRequests.java:sendNotLeaderResponses(287)) - a2545200-32fe-451b-bae3-26433ce7d32d@group-21A3E4F42F5E-PendingRequests: sendNotLeaderResponses
2025-05-12 13:59:29,727 [main] INFO  server.GrpcService (GrpcService.java:closeImpl(352)) - a2545200-32fe-451b-bae3-26433ce7d32d: shutdown server GrpcServerProtocolService successfully
2025-05-12 13:59:29,727 [a2545200-32fe-451b-bae3-26433ce7d32d-impl-thread1] INFO  impl.StateMachineUpdater (StateMachineUpdater.java:stopAndJoin(164)) - a2545200-32fe-451b-bae3-26433ce7d32d@group-21A3E4F42F5E-StateMachineUpdater: set stopIndex = 0
2025-05-12 13:59:29,727 [a2545200-32fe-451b-bae3-26433ce7d32d@group-21A3E4F42F5E-StateMachineUpdater] INFO  impl.StateMachineUpdater (StateMachineUpdater.java:takeSnapshot(303)) - a2545200-32fe-451b-bae3-26433ce7d32d@group-21A3E4F42F5E-StateMachineUpdater: Took a snapshot at index 0
2025-05-12 13:59:29,727 [a2545200-32fe-451b-bae3-26433ce7d32d@group-21A3E4F42F5E-StateMachineUpdater] INFO  impl.StateMachineUpdater (StateMachineUpdater.java:lambda$new$0(102)) - a2545200-32fe-451b-bae3-26433ce7d32d@group-21A3E4F42F5E-StateMachineUpdater: snapshotIndex: updateIncreasingly -1 -> 0
2025-05-12 13:59:29,727 [a2545200-32fe-451b-bae3-26433ce7d32d@group-21A3E4F42F5E-StateMachineUpdater] INFO  impl.StateMachineUpdater (StateMachineUpdater.java:stop(141)) - a2545200-32fe-451b-bae3-26433ce7d32d@group-21A3E4F42F5E-StateMachineUpdater: closing SCMStateMachine, lastApplied=(t:1, i:0)
2025-05-12 13:59:29,728 [a2545200-32fe-451b-bae3-26433ce7d32d@group-21A3E4F42F5E-cacheEviction-AwaitToRun] INFO  util.AwaitToRun (AwaitToRun.java:run(49)) - a2545200-32fe-451b-bae3-26433ce7d32d@group-21A3E4F42F5E-cacheEviction-AwaitToRun-AwaitForSignal is interrupted
2025-05-12 13:59:29,780 [a2545200-32fe-451b-bae3-26433ce7d32d-impl-thread1] INFO  segmented.SegmentedRaftLogWorker (SegmentedRaftLogWorker.java:close(252)) - a2545200-32fe-451b-bae3-26433ce7d32d@group-21A3E4F42F5E-SegmentedRaftLogWorker close()
2025-05-12 13:59:29,781 [JvmPauseMonitor4] INFO  util.JvmPauseMonitor (JvmPauseMonitor.java:run(152)) - JvmPauseMonitor-a2545200-32fe-451b-bae3-26433ce7d32d: Stopped
2025-05-12 13:59:29,781 [main] WARN  server.ServerUtils (ServerUtils.java:getScmDbDir(138)) - ozone.scm.db.dirs is not configured. We recommend adding this setting. Falling back to ozone.metadata.dirs instead.
2025-05-12 13:59:29,781 [main] INFO  ha.SCMHANodeDetails (SCMHANodeDetails.java:loadSCMHAConfig(162)) - ServiceID for StorageContainerManager is null
2025-05-12 13:59:29,781 [main] INFO  ha.SCMHANodeDetails (SCMHANodeDetails.java:loadSCMHAConfig(166)) - ozone.scm.default.service.id is not defined, falling back to ozone.scm.service.ids to find serviceID for StorageContainerManager if it is HA enabled cluster
2025-05-12 13:59:29,787 [pool-130-thread-1] INFO  request.KdcRequest (KdcRequest.java:preauth(683)) - The preauth data is empty.
2025-05-12 13:59:29,787 [pool-130-thread-1] INFO  server.KdcHandler (KdcHandler.java:handleRecoverableException(177)) - KRB error occurred while processing request: Additional pre-authentication required
2025-05-12 13:59:29,796 [pool-130-thread-1] INFO  request.AsRequest (AsRequest.java:issueTicket(112)) - AS_REQ ISSUE: authtime 1747058369795,om/pkrvmberfyhpb9w.internal.cloudapp.net@EXAMPLE.COM for krbtgt/EXAMPLE.COM@EXAMPLE.COM
2025-05-12 13:59:29,798 [main] INFO  security.UserGroupInformation (UserGroupInformation.java:loginUserFromKeytab(1143)) - Login successful for user om/pkrvmberfyhpb9w.internal.cloudapp.net@EXAMPLE.COM using keytab file om.keytab. Keytab auto renewal enabled : false
2025-05-12 13:59:29,798 [main] INFO  server.StorageContainerManager (StorageContainerManager.java:loginAsSCMUserIfSecurityEnabled(1062)) - SCM login successful.
2025-05-12 13:59:29,800 [main] INFO  proxy.SCMSecurityProtocolFailoverProxyProvider (SCMFailoverProxyProviderBase.java:<init>(120)) - Created fail-over proxy for protocol SCMSecurityProtocolPB with 1 nodes: [nodeId=scmNodeId,nodeAddress=localhost/127.0.0.1:15017]
2025-05-12 13:59:29,800 [main] INFO  client.SCMCertificateClient (DefaultCertificateClient.java:updateCertSerialId(1289)) - Certificate serial ID set to 2
2025-05-12 13:59:29,803 [main] INFO  client.SCMCertificateClient (DefaultCertificateClient.java:readCertificateFile(247)) - Added certificate 2 from file: /tmp/junit-13404703109420863903/scm-meta/scm/sub-ca/certs/2.crt.
2025-05-12 13:59:29,803 [main] INFO  client.SCMCertificateClient (DefaultCertificateClient.java:readCertificateFile(247)) - Added certificate 1 from file: /tmp/junit-13404703109420863903/scm-meta/scm/sub-ca/certs/CA-1.crt.
2025-05-12 13:59:29,805 [main] INFO  client.SCMCertificateClient (DefaultCertificateClient.java:readCertificateFile(247)) - Added certificate 2 from file: /tmp/junit-13404703109420863903/scm-meta/scm/sub-ca/certs/certificate.crt.
2025-05-12 13:59:29,805 [main] INFO  client.SCMCertificateClient (DefaultCertificateClient.java:loadAllCertificates(196)) - CertificateRenewerService and root ca rotation polling is disabled for scm/sub-ca
2025-05-12 13:59:29,805 [main] WARN  utils.HAUtils (HAUtils.java:getMetaDir(311)) - ozone.scm.db.dirs is not configured. We recommend adding this setting. Falling back to ozone.metadata.dirs instead.
2025-05-12 13:59:29,806 [main] WARN  db.DBStoreBuilder (DBStoreBuilder.java:getDBDirPath(160)) - ozone.scm.db.dirs is not configured. We recommend adding this setting. Falling back to ozone.metadata.dirs instead.
2025-05-12 13:59:29,859 [main] INFO  net.NodeSchemaLoader (NodeSchemaLoader.java:loadSchemaFromFile(128)) - Loading schema from [jar:file:/home/runner/work/ozone/ozone/hadoop-hdds/common/target/hdds-common-2.1.0-SNAPSHOT.jar!/network-topology-default.xml]
2025-05-12 13:59:29,859 [main] INFO  net.NodeSchemaLoader (NodeSchemaLoader.java:loadSchema(175)) - Loading network topology layer schema file
2025-05-12 13:59:29,879 [main] INFO  ha.SCMRatisServerImpl (SCMRatisServerImpl.java:<init>(100)) - starting Raft server for scm:a2545200-32fe-451b-bae3-26433ce7d32d
2025-05-12 13:59:29,880 [main] INFO  server.RaftServerConfigKeys (ConfUtils.java:logGet(46)) - raft.server.log.appender.buffer.byte-limit = 4194304 (custom)
2025-05-12 13:59:29,881 [main] INFO  server.RaftServer (ConfUtils.java:logGet(46)) - raft.rpc.type = GRPC (default)
2025-05-12 13:59:29,881 [main] INFO  grpc.GrpcConfigKeys (ConfUtils.java:logFallback(53)) - raft.grpc.admin.host = null (fallback to raft.grpc.server.host)
2025-05-12 13:59:29,881 [main] INFO  grpc.GrpcConfigKeys (ConfUtils.java:logFallback(53)) - raft.grpc.admin.port = 15018 (fallback to raft.grpc.server.port)
2025-05-12 13:59:29,881 [main] INFO  grpc.GrpcConfigKeys (ConfUtils.java:logFallback(53)) - raft.grpc.client.host = null (fallback to raft.grpc.server.host)
2025-05-12 13:59:29,882 [main] INFO  grpc.GrpcConfigKeys (ConfUtils.java:logFallback(53)) - raft.grpc.client.port = 15018 (fallback to raft.grpc.server.port)
2025-05-12 13:59:29,882 [main] INFO  grpc.GrpcConfigKeys (ConfUtils.java:logGet(46)) - raft.grpc.server.host = null (default)
2025-05-12 13:59:29,882 [main] INFO  grpc.GrpcConfigKeys (ConfUtils.java:logGet(46)) - raft.grpc.server.port = 15018 (custom)
2025-05-12 13:59:29,882 [main] INFO  server.GrpcService (ConfUtils.java:logGet(46)) - raft.grpc.message.size.max = 5242880 (custom)
2025-05-12 13:59:29,882 [main] INFO  server.GrpcService (ConfUtils.java:logGet(46)) - raft.grpc.flow.control.window = 1MB (=1048576) (default)
2025-05-12 13:59:29,882 [main] INFO  server.RaftServerConfigKeys (ConfUtils.java:logGet(46)) - raft.server.rpc.request.timeout = 30000ms (custom)
2025-05-12 13:59:29,882 [main] INFO  grpc.GrpcConfigKeys (ConfUtils.java:logGet(46)) - raft.grpc.server.heartbeat.channel = true (default)
2025-05-12 13:59:29,882 [main] INFO  server.RaftServerConfigKeys (ConfUtils.java:logGet(46)) - raft.server.log.appender.buffer.byte-limit = 4194304 (custom)
2025-05-12 13:59:29,882 [main] INFO  grpc.GrpcConfigKeys (ConfUtils.java:logGet(46)) - raft.grpc.server.async.request.thread.pool.cached = true (default)
2025-05-12 13:59:29,883 [main] INFO  grpc.GrpcConfigKeys (ConfUtils.java:logGet(46)) - raft.grpc.server.async.request.thread.pool.size = 32 (default)
2025-05-12 13:59:29,884 [main] INFO  impl.DataStreamServerImpl (ConfUtils.java:logGet(46)) - raft.datastream.type = DISABLED (default)
2025-05-12 13:59:29,884 [main] INFO  server.RaftServerConfigKeys (ConfUtils.java:logGet(46)) - raft.server.sleep.deviation.threshold = 300ms (default)
2025-05-12 13:59:29,884 [main] INFO  server.RaftServerConfigKeys (ConfUtils.java:logGet(46)) - raft.server.close.threshold = 60s (default)
2025-05-12 13:59:29,884 [main] INFO  server.RaftServerConfigKeys (ConfUtils.java:logGet(46)) - raft.server.leaderelection.leader.step-down.wait-time = 10s (default)
2025-05-12 13:59:29,884 [main] INFO  server.RaftServerConfigKeys (ConfUtils.java:logGet(46)) - raft.server.storage.dir = [/tmp/junit-13404703109420863903/scm-meta/scm-ha] (custom)
2025-05-12 13:59:29,884 [main] INFO  server.RaftServerConfigKeys (ConfUtils.java:logGet(46)) - raft.server.threadpool.proxy.cached = true (default)
2025-05-12 13:59:29,884 [main] INFO  server.RaftServerConfigKeys (ConfUtils.java:logGet(46)) - raft.server.threadpool.proxy.size = 0 (default)
2025-05-12 13:59:29,885 [a2545200-32fe-451b-bae3-26433ce7d32d-impl-thread1] INFO  server.RaftServer (RaftServerProxy.java:initGroupDir(265)) - a2545200-32fe-451b-bae3-26433ce7d32d: found a subdirectory /tmp/junit-13404703109420863903/scm-meta/scm-ha/b9d3b9b5-9711-4758-b6f2-21a3e4f42f5e
2025-05-12 13:59:29,885 [main] INFO  server.RaftServer (RaftServerProxy.java:addNew(100)) - a2545200-32fe-451b-bae3-26433ce7d32d: addNew group-21A3E4F42F5E:[] returns group-21A3E4F42F5E:java.util.concurrent.CompletableFuture@39b19673[Not completed]
2025-05-12 13:59:29,886 [a2545200-32fe-451b-bae3-26433ce7d32d-groupManagement] INFO  server.RaftServer$Division (RaftServerImpl.java:<init>(255)) - a2545200-32fe-451b-bae3-26433ce7d32d: new RaftServerImpl for group-21A3E4F42F5E:[] with SCMStateMachine:uninitialized
2025-05-12 13:59:29,886 [a2545200-32fe-451b-bae3-26433ce7d32d-groupManagement] INFO  server.RaftServerConfigKeys (ConfUtils.java:logGet(46)) - raft.server.rpc.timeout.min = 5000ms (custom)
2025-05-12 13:59:29,886 [a2545200-32fe-451b-bae3-26433ce7d32d-groupManagement] INFO  server.RaftServerConfigKeys (ConfUtils.java:logGet(46)) - raft.server.rpc.timeout.max = 5200ms (custom)
2025-05-12 13:59:29,886 [a2545200-32fe-451b-bae3-26433ce7d32d-groupManagement] INFO  server.RaftServerConfigKeys (ConfUtils.java:logGet(46)) - raft.server.rpc.sleep.time = 25ms (default)
2025-05-12 13:59:29,886 [a2545200-32fe-451b-bae3-26433ce7d32d-groupManagement] INFO  server.RaftServerConfigKeys (ConfUtils.java:logGet(46)) - raft.server.rpc.slowness.timeout = 120000ms (custom)
2025-05-12 13:59:29,886 [a2545200-32fe-451b-bae3-26433ce7d32d-groupManagement] INFO  server.RaftServerConfigKeys (ConfUtils.java:logGet(46)) - raft.server.leaderelection.leader.step-down.wait-time = 10s (default)
2025-05-12 13:59:29,886 [a2545200-32fe-451b-bae3-26433ce7d32d-groupManagement] INFO  server.RaftServerConfigKeys (ConfUtils.java:logGet(46)) - raft.server.leaderelection.member.majority-add = false (default)
2025-05-12 13:59:29,886 [a2545200-32fe-451b-bae3-26433ce7d32d-groupManagement] INFO  server.RaftServerConfigKeys (ConfUtils.java:logGet(46)) - raft.server.sleep.deviation.threshold = 300ms (default)
2025-05-12 13:59:29,886 [a2545200-32fe-451b-bae3-26433ce7d32d-groupManagement] INFO  server.RaftServer$Division (ServerState.java:<init>(114)) - a2545200-32fe-451b-bae3-26433ce7d32d@group-21A3E4F42F5E: ConfigurationManager, init=conf: {index: -1, cur=peers:[]|listeners:[], old=null}, confs=<EMPTY_MAP>
2025-05-12 13:59:29,886 [a2545200-32fe-451b-bae3-26433ce7d32d-groupManagement] INFO  server.RaftServerConfigKeys (ConfUtils.java:logGet(46)) - raft.server.notification.no-leader.timeout = 60s (default)
2025-05-12 13:59:29,886 [a2545200-32fe-451b-bae3-26433ce7d32d-groupManagement] INFO  server.RaftServerConfigKeys (ConfUtils.java:logGet(46)) - raft.server.read.timeout = 10s (default)
2025-05-12 13:59:29,886 [a2545200-32fe-451b-bae3-26433ce7d32d-groupManagement] INFO  server.RaftServerConfigKeys (ConfUtils.java:logGet(46)) - raft.server.retrycache.expirytime = 60000ms (default)
2025-05-12 13:59:29,886 [a2545200-32fe-451b-bae3-26433ce7d32d-groupManagement] INFO  server.RaftServerConfigKeys (ConfUtils.java:logGet(46)) - raft.server.retrycache.statistics.expirytime = 100ms (default)
2025-05-12 13:59:29,886 [a2545200-32fe-451b-bae3-26433ce7d32d-groupManagement] INFO  server.RaftServerConfigKeys (ConfUtils.java:logGet(46)) - raft.server.read.option = DEFAULT (default)
2025-05-12 13:59:29,887 [a2545200-32fe-451b-bae3-26433ce7d32d-groupManagement] INFO  server.RaftServerConfigKeys (ConfUtils.java:logGet(46)) - raft.server.read.read-after-write-consistent.write-index-cache.expiry-time = 60s (default)
2025-05-12 13:59:29,890 [a2545200-32fe-451b-bae3-26433ce7d32d-groupManagement] INFO  server.RaftServerConfigKeys (ConfUtils.java:logGet(46)) - raft.server.rpc.request.timeout = 30000ms (custom)
2025-05-12 13:59:29,890 [a2545200-32fe-451b-bae3-26433ce7d32d-groupManagement] INFO  server.RaftServerConfigKeys (ConfUtils.java:logGet(46)) - raft.server.log.appender.install.snapshot.enabled = false (custom)
2025-05-12 13:59:29,890 [a2545200-32fe-451b-bae3-26433ce7d32d-groupManagement] INFO  server.RaftServerConfigKeys (ConfUtils.java:logGet(46)) - raft.server.threadpool.server.cached = true (default)
2025-05-12 13:59:29,890 [a2545200-32fe-451b-bae3-26433ce7d32d-groupManagement] INFO  server.RaftServerConfigKeys (ConfUtils.java:logGet(46)) - raft.server.threadpool.server.size = 0 (default)
2025-05-12 13:59:29,890 [a2545200-32fe-451b-bae3-26433ce7d32d-groupManagement] INFO  server.RaftServerConfigKeys (ConfUtils.java:logGet(46)) - raft.server.threadpool.client.cached = true (default)
2025-05-12 13:59:29,890 [a2545200-32fe-451b-bae3-26433ce7d32d-groupManagement] INFO  server.RaftServerConfigKeys (ConfUtils.java:logGet(46)) - raft.server.threadpool.client.size = 0 (default)
2025-05-12 13:59:29,890 [main] INFO  ha.SCMSnapshotProvider (SCMSnapshotProvider.java:<init>(61)) - Initializing SCM Snapshot Provider
2025-05-12 13:59:29,890 [main] WARN  server.ServerUtils (ServerUtils.java:getDefaultRatisDirectory(304)) - Storage directory for Ratis is not configured. It is a good idea to map this to an SSD disk. Falling back to ozone.metadata.dirs
2025-05-12 13:59:29,891 [main] WARN  ha.SCMHAUtils (SCMHAUtils.java:getSCMRatisSnapshotDirectory(120)) - SCM snapshot dir is not configured. Falling back to ozone.metadata.dirs config
2025-05-12 13:59:29,892 [main] INFO  upgrade.AbstractLayoutVersionManager (AbstractLayoutVersionManager.java:init(80)) - Initializing Layout version manager with metadata layout = HBASE_SUPPORT (version = 8), software layout = HBASE_SUPPORT (version = 8)
2025-05-12 13:59:29,894 [main] INFO  ha.SequenceIdGenerator (SequenceIdGenerator.java:upgradeToSequenceId(355)) - upgrade localId to 115816896921600000
2025-05-12 13:59:29,895 [main] INFO  ha.SequenceIdGenerator (SequenceIdGenerator.java:upgradeToSequenceId(365)) - upgrade delTxnId to 0
2025-05-12 13:59:29,896 [main] INFO  ha.SequenceIdGenerator (SequenceIdGenerator.java:upgradeToSequenceId(382)) - upgrade containerId to 0
2025-05-12 13:59:29,899 [main] INFO  ha.SequenceIdGenerator (SequenceIdGenerator.java:upgradeToCertificateSequenceId(419)) - upgrade CertificateId to 2
2025-05-12 13:59:29,899 [main] INFO  ha.SequenceIdGenerator (SequenceIdGenerator.java:<init>(232)) - Init the HA SequenceIdGenerator.
2025-05-12 13:59:29,900 [main] WARN  server.ServerUtils (ServerUtils.java:sanitizeUserArgs(76)) - ozone.scm.stale.node.interval value = 300000 is larger than max = 100000 based on the key value of ozone.scm.heartbeat.thread.interval, reset to the max value 100000.
2025-05-12 13:59:29,900 [main] WARN  server.ServerUtils (ServerUtils.java:sanitizeUserArgs(76)) - ozone.scm.stale.node.interval value = 300000 is larger than max = 100000 based on the key value of ozone.scm.heartbeat.thread.interval, reset to the max value 100000.
2025-05-12 13:59:29,900 [main] INFO  node.SCMNodeManager (SCMNodeManager.java:<init>(182)) - Entering startup safe mode.
2025-05-12 13:59:29,901 [main] INFO  algorithms.ContainerPlacementPolicyFactory (ContainerPlacementPolicyFactory.java:getPolicyInternal(84)) - Create container placement policy of type org.apache.hadoop.hdds.scm.container.placement.algorithms.SCMContainerPlacementRackAware
2025-05-12 13:59:29,902 [main] INFO  algorithms.ContainerPlacementPolicyFactory (ContainerPlacementPolicyFactory.java:getPolicyInternal(84)) - Create container placement policy of type org.apache.hadoop.hdds.scm.container.placement.algorithms.SCMContainerPlacementRackScatter
2025-05-12 13:59:29,902 [main] INFO  pipeline.PipelineStateManagerImpl (PipelineStateManagerImpl.java:initialize(75)) - No pipeline exists in current db
2025-05-12 13:59:29,902 [main] INFO  algorithms.LeaderChoosePolicyFactory (LeaderChoosePolicyFactory.java:getPolicy(55)) - Create leader choose policy of type org.apache.hadoop.hdds.scm.pipeline.leader.choose.algorithms.MinLeaderCountChoosePolicy
2025-05-12 13:59:29,902 [main] INFO  algorithms.ContainerPlacementPolicyFactory (ContainerPlacementPolicyFactory.java:getPolicyInternal(84)) - Create container placement policy of type org.apache.hadoop.hdds.scm.container.placement.algorithms.SCMContainerPlacementRackScatter
2025-05-12 13:59:29,903 [main] INFO  ha.SCMServiceManager (SCMServiceManager.java:register(42)) - Registering service BackgroundPipelineCreator.
2025-05-12 13:59:29,903 [main] INFO  pipeline.BackgroundPipelineCreator (BackgroundPipelineCreator.java:start(126)) - Starting RatisPipelineUtilsThread.
2025-05-12 13:59:29,903 [main] INFO  BackgroundPipelineScrubber (BackgroundSCMService.java:start(64)) - Starting BackgroundPipelineScrubber Service.
2025-05-12 13:59:29,904 [main] INFO  ha.SCMServiceManager (SCMServiceManager.java:register(42)) - Registering service BackgroundPipelineScrubber.
2025-05-12 13:59:29,904 [main] INFO  ExpiredContainerReplicaOpScrubber (BackgroundSCMService.java:start(64)) - Starting ExpiredContainerReplicaOpScrubber Service.
2025-05-12 13:59:29,905 [main] INFO  ha.SCMServiceManager (SCMServiceManager.java:register(42)) - Registering service ExpiredContainerReplicaOpScrubber.
2025-05-12 13:59:29,906 [main] INFO  algorithms.PipelineChoosePolicyFactory (PipelineChoosePolicyFactory.java:createPipelineChoosePolicyFromClass(78)) - Create pipeline choose policy of type org.apache.hadoop.hdds.scm.pipeline.choose.algorithms.RandomPipelineChoosePolicy
2025-05-12 13:59:29,906 [main] INFO  algorithms.PipelineChoosePolicyFactory (PipelineChoosePolicyFactory.java:createPipelineChoosePolicyFromClass(78)) - Create pipeline choose policy of type org.apache.hadoop.hdds.scm.pipeline.choose.algorithms.RandomPipelineChoosePolicy
2025-05-12 13:59:29,907 [main] INFO  ha.SCMServiceManager (SCMServiceManager.java:register(42)) - Registering service SCMBlockDeletingService.
2025-05-12 13:59:29,908 [main] INFO  replication.ReplicationManager (ReplicationManager.java:start(285)) - Starting Replication Monitor Thread.
2025-05-12 13:59:29,909 [main] INFO  ha.SCMServiceManager (SCMServiceManager.java:register(42)) - Registering service ReplicationManager.
2025-05-12 13:59:29,909 [main] INFO  safemode.RatisContainerSafeModeRule (RatisContainerSafeModeRule.java:initializeRule(160)) - Refreshed Containers with one replica threshold count 0.
2025-05-12 13:59:29,910 [main] INFO  safemode.ECContainerSafeModeRule (ECContainerSafeModeRule.java:initializeRule(205)) - Refreshed Containers with ec n replica threshold count 0.
2025-05-12 13:59:29,910 [main] INFO  safemode.HealthyPipelineSafeModeRule (HealthyPipelineSafeModeRule.java:initializeRule(177)) - Total pipeline count is 0, healthy pipeline threshold count is 0
2025-05-12 13:59:29,910 [main] INFO  safemode.OneReplicaPipelineSafeModeRule (OneReplicaPipelineSafeModeRule.java:initializeRule(190)) - Total pipeline count is 0, pipeline's with at least one datanode reported threshold count is 0
2025-05-12 13:59:29,911 [main] INFO  security.SecretKeyManagerService (SecretKeyManagerService.java:start(143)) - Scheduling rotation checker with interval PT10M
2025-05-12 13:59:29,913 [main] INFO  ha.SCMServiceManager (SCMServiceManager.java:register(42)) - Registering service SecretKeyManagerService.
2025-05-12 13:59:29,914 [main] INFO  keys.KeyStorage (KeyStorage.java:readPublicKey(174)) - Reading public key from /tmp/junit-13404703109420863903/scm-meta/scm/sub-ca/keys/public.pem.
2025-05-12 13:59:29,914 [main] INFO  keys.KeyStorage (KeyStorage.java:readPrivateKey(158)) - Reading private key from /tmp/junit-13404703109420863903/scm-meta/scm/sub-ca/keys/private.pem.
2025-05-12 13:59:29,915 [main] INFO  authority.DefaultCAServer (DefaultCAServer.java:lambda$processVerificationStatus$0(392)) - CertificateServer validation is successful
2025-05-12 13:59:29,915 [main] INFO  keys.KeyStorage (KeyStorage.java:readPublicKey(174)) - Reading public key from /tmp/junit-13404703109420863903/scm-meta/scm/ca/keys/public.pem.
2025-05-12 13:59:29,916 [main] INFO  keys.KeyStorage (KeyStorage.java:readPrivateKey(158)) - Reading private key from /tmp/junit-13404703109420863903/scm-meta/scm/ca/keys/private.pem.
2025-05-12 13:59:29,916 [main] INFO  authority.DefaultCAServer (DefaultCAServer.java:lambda$processVerificationStatus$0(392)) - CertificateServer validation is successful
2025-05-12 13:59:29,916 [main] INFO  server.StorageContainerManager (StorageContainerManager.java:persistPrimarySCMCerts(950)) - Storing sub-ca certificate serialId 2 on primary SCM
2025-05-12 13:59:29,918 [main] INFO  server.SCMCertStore (SCMCertStore.java:storeValidScmCertificate(96)) - Scm certificate 2 for CN=scm-sub@pkrvmberfyhpb9w,OU=a2545200-32fe-451b-bae3-26433ce7d32d,O=b9d3b9b5-9711-4758-b6f2-21a3e4f42f5e,SERIALNUMBER=2 is stored
2025-05-12 13:59:29,919 [main] INFO  server.StorageContainerManager (StorageContainerManager.java:persistPrimarySCMCerts(957)) - Storing root certificate serialId 1
2025-05-12 13:59:29,920 [main] INFO  server.SCMCertStore (SCMCertStore.java:storeValidScmCertificate(96)) - Scm certificate 1 for CN=scm@pkrvmberfyhpb9w,OU=a2545200-32fe-451b-bae3-26433ce7d32d,O=b9d3b9b5-9711-4758-b6f2-21a3e4f42f5e,SERIALNUMBER=1 is stored
2025-05-12 13:59:29,922 [main] INFO  ha.SequenceIdGenerator (SequenceIdGenerator.java:upgradeToCertificateSequenceId(419)) - upgrade CertificateId to 2
2025-05-12 13:59:29,923 [main] INFO  ipc.CallQueueManager (CallQueueManager.java:<init>(93)) - Using callQueue: class java.util.concurrent.LinkedBlockingQueue, queueCapacity: 200, scheduler: class org.apache.hadoop.ipc.DefaultRpcScheduler, ipcBackoff: false, ipcFailOver: false.
2025-05-12 13:59:29,923 [main] INFO  ipc.Server (Server.java:<init>(1438)) - Listener at 0.0.0.0:15017
2025-05-12 13:59:29,923 [Socket Reader #1 for port 15017] INFO  ipc.Server (Server.java:run(1474)) - Starting Socket Reader #1 for port 15017
2025-05-12 13:59:29,925 [main] INFO  server.StorageContainerManager (StorageContainerManager.java:<init>(430)) - SCM start with adminUsers: [om/pkrvmberfyhpb9w.internal.cloudapp.net@EXAMPLE.COM, om]
2025-05-12 13:59:29,925 [main] INFO  ipc.CallQueueManager (CallQueueManager.java:<init>(93)) - Using callQueue: class java.util.concurrent.LinkedBlockingQueue, queueCapacity: 10000, scheduler: class org.apache.hadoop.ipc.DefaultRpcScheduler, ipcBackoff: false, ipcFailOver: false.
2025-05-12 13:59:29,925 [main] INFO  ipc.Server (Server.java:<init>(1438)) - Listener at 0.0.0.0:15015
2025-05-12 13:59:29,925 [Socket Reader #1 for port 15015] INFO  ipc.Server (Server.java:run(1474)) - Starting Socket Reader #1 for port 15015
2025-05-12 13:59:29,926 [Socket Reader #2 for port 15015] INFO  ipc.Server (Server.java:run(1474)) - Starting Socket Reader #2 for port 15015
2025-05-12 13:59:29,926 [Socket Reader #3 for port 15015] INFO  ipc.Server (Server.java:run(1474)) - Starting Socket Reader #3 for port 15015
2025-05-12 13:59:29,926 [Socket Reader #4 for port 15015] INFO  ipc.Server (Server.java:run(1474)) - Starting Socket Reader #4 for port 15015
2025-05-12 13:59:29,926 [Socket Reader #5 for port 15015] INFO  ipc.Server (Server.java:run(1474)) - Starting Socket Reader #5 for port 15015
2025-05-12 13:59:29,927 [Socket Reader #6 for port 15015] INFO  ipc.Server (Server.java:run(1474)) - Starting Socket Reader #6 for port 15015
2025-05-12 13:59:29,927 [Socket Reader #7 for port 15015] INFO  ipc.Server (Server.java:run(1474)) - Starting Socket Reader #7 for port 15015
2025-05-12 13:59:29,927 [Socket Reader #8 for port 15015] INFO  ipc.Server (Server.java:run(1474)) - Starting Socket Reader #8 for port 15015
2025-05-12 13:59:29,927 [Socket Reader #9 for port 15015] INFO  ipc.Server (Server.java:run(1474)) - Starting Socket Reader #9 for port 15015
2025-05-12 13:59:29,928 [Socket Reader #10 for port 15015] INFO  ipc.Server (Server.java:run(1474)) - Starting Socket Reader #10 for port 15015
2025-05-12 13:59:29,929 [main] INFO  ipc.CallQueueManager (CallQueueManager.java:<init>(93)) - Using callQueue: class java.util.concurrent.LinkedBlockingQueue, queueCapacity: 10000, scheduler: class org.apache.hadoop.ipc.DefaultRpcScheduler, ipcBackoff: false, ipcFailOver: false.
2025-05-12 13:59:29,929 [main] INFO  ipc.Server (Server.java:<init>(1438)) - Listener at 0.0.0.0:15016
2025-05-12 13:59:29,929 [Socket Reader #1 for port 15016] INFO  ipc.Server (Server.java:run(1474)) - Starting Socket Reader #1 for port 15016
2025-05-12 13:59:29,930 [Socket Reader #2 for port 15016] INFO  ipc.Server (Server.java:run(1474)) - Starting Socket Reader #2 for port 15016
2025-05-12 13:59:29,930 [Socket Reader #3 for port 15016] INFO  ipc.Server (Server.java:run(1474)) - Starting Socket Reader #3 for port 15016
2025-05-12 13:59:29,930 [Socket Reader #4 for port 15016] INFO  ipc.Server (Server.java:run(1474)) - Starting Socket Reader #4 for port 15016
2025-05-12 13:59:29,930 [Socket Reader #5 for port 15016] INFO  ipc.Server (Server.java:run(1474)) - Starting Socket Reader #5 for port 15016
2025-05-12 13:59:29,931 [Socket Reader #6 for port 15016] INFO  ipc.Server (Server.java:run(1474)) - Starting Socket Reader #6 for port 15016
2025-05-12 13:59:29,931 [Socket Reader #7 for port 15016] INFO  ipc.Server (Server.java:run(1474)) - Starting Socket Reader #7 for port 15016
2025-05-12 13:59:29,931 [Socket Reader #8 for port 15016] INFO  ipc.Server (Server.java:run(1474)) - Starting Socket Reader #8 for port 15016
2025-05-12 13:59:29,932 [Socket Reader #9 for port 15016] INFO  ipc.Server (Server.java:run(1474)) - Starting Socket Reader #9 for port 15016
2025-05-12 13:59:29,933 [Socket Reader #10 for port 15016] INFO  ipc.Server (Server.java:run(1474)) - Starting Socket Reader #10 for port 15016
2025-05-12 13:59:29,934 [main] INFO  ipc.CallQueueManager (CallQueueManager.java:<init>(93)) - Using callQueue: class java.util.concurrent.LinkedBlockingQueue, queueCapacity: 10000, scheduler: class org.apache.hadoop.ipc.DefaultRpcScheduler, ipcBackoff: false, ipcFailOver: false.
2025-05-12 13:59:29,934 [main] INFO  ipc.Server (Server.java:<init>(1438)) - Listener at 0.0.0.0:15014
2025-05-12 13:59:29,934 [Socket Reader #1 for port 15014] INFO  ipc.Server (Server.java:run(1474)) - Starting Socket Reader #1 for port 15014
2025-05-12 13:59:29,935 [Socket Reader #2 for port 15014] INFO  ipc.Server (Server.java:run(1474)) - Starting Socket Reader #2 for port 15014
2025-05-12 13:59:29,935 [Socket Reader #3 for port 15014] INFO  ipc.Server (Server.java:run(1474)) - Starting Socket Reader #3 for port 15014
2025-05-12 13:59:29,936 [Socket Reader #4 for port 15014] INFO  ipc.Server (Server.java:run(1474)) - Starting Socket Reader #4 for port 15014
2025-05-12 13:59:29,936 [Socket Reader #5 for port 15014] INFO  ipc.Server (Server.java:run(1474)) - Starting Socket Reader #5 for port 15014
2025-05-12 13:59:29,937 [Socket Reader #6 for port 15014] INFO  ipc.Server (Server.java:run(1474)) - Starting Socket Reader #6 for port 15014
2025-05-12 13:59:29,937 [Socket Reader #7 for port 15014] INFO  ipc.Server (Server.java:run(1474)) - Starting Socket Reader #7 for port 15014
2025-05-12 13:59:29,937 [Socket Reader #9 for port 15014] INFO  ipc.Server (Server.java:run(1474)) - Starting Socket Reader #9 for port 15014
2025-05-12 13:59:29,938 [Socket Reader #10 for port 15014] INFO  ipc.Server (Server.java:run(1474)) - Starting Socket Reader #10 for port 15014
2025-05-12 13:59:29,938 [Socket Reader #8 for port 15014] INFO  ipc.Server (Server.java:run(1474)) - Starting Socket Reader #8 for port 15014
2025-05-12 13:59:29,943 [main] INFO  ha.SCMServiceManager (SCMServiceManager.java:register(42)) - Registering service ContainerBalancer.
2025-05-12 13:59:29,943 [main] INFO  ha.SCMContext (SCMContext.java:updateSafeModeStatus(224)) - Update SafeModeStatus from SafeModeStatus{safeModeStatus=true, preCheckPassed=false} to SafeModeStatus{safeModeStatus=true, preCheckPassed=false}.
2025-05-12 13:59:29,944 [main] INFO  server.StorageContainerManager (StorageContainerManager.java:start(1507)) - StorageContainerLocationProtocol RPC server is listening at /0.0.0.0:15014
2025-05-12 13:59:29,944 [main] INFO  ha.SCMRatisServerImpl (SCMRatisServerImpl.java:start(203)) - starting ratis server 0.0.0.0:15018
2025-05-12 13:59:29,945 [a2545200-32fe-451b-bae3-26433ce7d32d-impl-thread1] INFO  server.RaftServerConfigKeys (ConfUtils.java:logGet(46)) - raft.server.storage.free-space.min = 0MB (=0) (default)
2025-05-12 13:59:29,945 [a2545200-32fe-451b-bae3-26433ce7d32d-impl-thread1] INFO  server.RaftServerConfigKeys (ConfUtils.java:logGet(46)) - raft.server.log.corruption.policy = EXCEPTION (default)
2025-05-12 13:59:29,945 [a2545200-32fe-451b-bae3-26433ce7d32d-impl-thread1] INFO  server.RaftServerConfigKeys (ConfUtils.java:logGet(46)) - raft.server.storage.dir = [/tmp/junit-13404703109420863903/scm-meta/scm-ha] (custom)
2025-05-12 13:59:29,946 [a2545200-32fe-451b-bae3-26433ce7d32d-impl-thread1] INFO  storage.RaftStorageDirectory (RaftStorageDirectoryImpl.java:tryLock(229)) - Lock on /tmp/junit-13404703109420863903/scm-meta/scm-ha/b9d3b9b5-9711-4758-b6f2-21a3e4f42f5e/in_use.lock acquired by nodename 14437@pkrvmberfyhpb9w
2025-05-12 13:59:29,946 [a2545200-32fe-451b-bae3-26433ce7d32d-impl-thread1] INFO  storage.RaftStorage (RaftStorageImpl.java:analyzeAndRecoverStorage(118)) - Read RaftStorageMetadata{term=1, votedFor=a2545200-32fe-451b-bae3-26433ce7d32d} from /tmp/junit-13404703109420863903/scm-meta/scm-ha/b9d3b9b5-9711-4758-b6f2-21a3e4f42f5e/current/raft-meta
2025-05-12 13:59:29,946 [a2545200-32fe-451b-bae3-26433ce7d32d-impl-thread1] INFO  server.RaftServer$Division (ServerState.java:setRaftConf(386)) - a2545200-32fe-451b-bae3-26433ce7d32d@group-21A3E4F42F5E: set configuration conf: {index: 0, cur=peers:[a2545200-32fe-451b-bae3-26433ce7d32d|pkrvmberfyhpb9w:15018]|listeners:[], old=null}
2025-05-12 13:59:29,947 [a2545200-32fe-451b-bae3-26433ce7d32d-impl-thread1] INFO  ha.SCMStateMachine (SCMStateMachine.java:lambda$initialize$0(135)) - a2545200-32fe-451b-bae3-26433ce7d32d: initialize group-21A3E4F42F5E
2025-05-12 13:59:29,947 [a2545200-32fe-451b-bae3-26433ce7d32d-impl-thread1] INFO  server.RaftServerConfigKeys (ConfUtils.java:logGet(46)) - raft.server.log.use.memory = false (default)
2025-05-12 13:59:29,947 [a2545200-32fe-451b-bae3-26433ce7d32d-impl-thread1] INFO  server.RaftServerConfigKeys (ConfUtils.java:logGet(46)) - raft.server.log.purge.gap = 1000000 (custom)
2025-05-12 13:59:29,947 [a2545200-32fe-451b-bae3-26433ce7d32d-impl-thread1] INFO  server.RaftServerConfigKeys (ConfUtils.java:logGet(46)) - raft.server.log.appender.buffer.byte-limit = 4194304 (custom)
2025-05-12 13:59:29,947 [a2545200-32fe-451b-bae3-26433ce7d32d-impl-thread1] INFO  server.RaftServerConfigKeys (ConfUtils.java:logGet(46)) - raft.server.log.statemachine.data.read.timeout = 1000ms (default)
2025-05-12 13:59:29,947 [a2545200-32fe-451b-bae3-26433ce7d32d-impl-thread1] INFO  server.RaftServerConfigKeys (ConfUtils.java:logGet(46)) - raft.server.log.purge.preservation.log.num = 0 (default)
2025-05-12 13:59:29,949 [a2545200-32fe-451b-bae3-26433ce7d32d-impl-thread1] INFO  server.RaftServerConfigKeys (ConfUtils.java:logGet(46)) - raft.server.log.segment.size.max = 4194304 (custom)
2025-05-12 13:59:29,949 [a2545200-32fe-451b-bae3-26433ce7d32d-impl-thread1] INFO  server.RaftServerConfigKeys (ConfUtils.java:logGet(46)) - raft.server.log.segment.cache.num.max = 2 (custom)
2025-05-12 13:59:29,949 [a2545200-32fe-451b-bae3-26433ce7d32d-impl-thread1] INFO  server.RaftServerConfigKeys (ConfUtils.java:logGet(46)) - raft.server.log.segment.cache.size.max = 200MB (=209715200) (default)
2025-05-12 13:59:29,949 [a2545200-32fe-451b-bae3-26433ce7d32d-impl-thread1] INFO  server.RaftServerConfigKeys (ConfUtils.java:logGet(46)) - raft.server.log.appender.buffer.byte-limit = 4194304 (custom)
2025-05-12 13:59:29,950 [a2545200-32fe-451b-bae3-26433ce7d32d-impl-thread1] INFO  util.AwaitToRun (AwaitToRun.java:start(81)) - Thread[#755,a2545200-32fe-451b-bae3-26433ce7d32d@group-21A3E4F42F5E-cacheEviction-AwaitToRun,5,main] started
2025-05-12 13:59:29,950 [a2545200-32fe-451b-bae3-26433ce7d32d-impl-thread1] INFO  segmented.SegmentedRaftLogWorker (SegmentedRaftLogWorker.java:<init>(188)) - new a2545200-32fe-451b-bae3-26433ce7d32d@group-21A3E4F42F5E-SegmentedRaftLogWorker for RaftStorageImpl:Storage Directory /tmp/junit-13404703109420863903/scm-meta/scm-ha/b9d3b9b5-9711-4758-b6f2-21a3e4f42f5e
2025-05-12 13:59:29,950 [a2545200-32fe-451b-bae3-26433ce7d32d-impl-thread1] INFO  server.RaftServerConfigKeys (ConfUtils.java:logGet(46)) - raft.server.log.queue.byte-limit = 64MB (=67108864) (default)
2025-05-12 13:59:29,950 [a2545200-32fe-451b-bae3-26433ce7d32d-impl-thread1] INFO  server.RaftServerConfigKeys (ConfUtils.java:logGet(46)) - raft.server.log.queue.element-limit = 4096 (default)
2025-05-12 13:59:29,950 [a2545200-32fe-451b-bae3-26433ce7d32d-impl-thread1] INFO  server.RaftServerConfigKeys (ConfUtils.java:logGet(46)) - raft.server.log.segment.size.max = 4194304 (custom)
2025-05-12 13:59:29,950 [a2545200-32fe-451b-bae3-26433ce7d32d-impl-thread1] INFO  server.RaftServerConfigKeys (ConfUtils.java:logGet(46)) - raft.server.log.preallocated.size = 4194304 (custom)
2025-05-12 13:59:29,950 [a2545200-32fe-451b-bae3-26433ce7d32d-impl-thread1] INFO  server.RaftServerConfigKeys (ConfUtils.java:logGet(46)) - raft.server.log.force.sync.num = 128 (default)
2025-05-12 13:59:29,950 [a2545200-32fe-451b-bae3-26433ce7d32d-impl-thread1] INFO  server.RaftServerConfigKeys (ConfUtils.java:logGet(46)) - raft.server.log.statemachine.data.sync = true (default)
2025-05-12 13:59:29,950 [a2545200-32fe-451b-bae3-26433ce7d32d-impl-thread1] INFO  server.RaftServerConfigKeys (ConfUtils.java:logGet(46)) - raft.server.log.statemachine.data.sync.timeout = 10s (default)
2025-05-12 13:59:29,950 [a2545200-32fe-451b-bae3-26433ce7d32d-impl-thread1] INFO  server.RaftServerConfigKeys (ConfUtils.java:logGet(46)) - raft.server.log.statemachine.data.sync.timeout.retry = -1 (default)
2025-05-12 13:59:29,950 [a2545200-32fe-451b-bae3-26433ce7d32d-impl-thread1] INFO  server.RaftServerConfigKeys (ConfUtils.java:logGet(46)) - raft.server.log.write.buffer.size = 4194312 (custom)
2025-05-12 13:59:29,951 [a2545200-32fe-451b-bae3-26433ce7d32d-impl-thread1] INFO  server.RaftServerConfigKeys (ConfUtils.java:logGet(46)) - raft.server.log.appender.buffer.byte-limit = 4194304 (custom)
2025-05-12 13:59:29,951 [a2545200-32fe-451b-bae3-26433ce7d32d-impl-thread1] INFO  server.RaftServerConfigKeys (ConfUtils.java:logGet(46)) - raft.server.log.unsafe-flush.enabled = false (default)
2025-05-12 13:59:29,951 [a2545200-32fe-451b-bae3-26433ce7d32d-impl-thread1] INFO  server.RaftServerConfigKeys (ConfUtils.java:logGet(46)) - raft.server.log.async-flush.enabled = false (default)
2025-05-12 13:59:29,951 [a2545200-32fe-451b-bae3-26433ce7d32d-impl-thread1] INFO  server.RaftServerConfigKeys (ConfUtils.java:logGet(46)) - raft.server.log.statemachine.data.caching.enabled = false (default)
2025-05-12 13:59:29,952 [a2545200-32fe-451b-bae3-26433ce7d32d-impl-thread1] INFO  server.RaftServer$Division (ServerState.java:setRaftConf(386)) - a2545200-32fe-451b-bae3-26433ce7d32d@group-21A3E4F42F5E: set configuration conf: {index: 0, cur=peers:[a2545200-32fe-451b-bae3-26433ce7d32d|pkrvmberfyhpb9w:15018]|listeners:[], old=null}
2025-05-12 13:59:29,952 [a2545200-32fe-451b-bae3-26433ce7d32d-impl-thread1] INFO  segmented.LogSegment (LogSegment.java:loadSegment(171)) - Successfully read 1 entries from segment file /tmp/junit-13404703109420863903/scm-meta/scm-ha/b9d3b9b5-9711-4758-b6f2-21a3e4f42f5e/current/log_inprogress_0
2025-05-12 13:59:29,952 [a2545200-32fe-451b-bae3-26433ce7d32d-impl-thread1] INFO  segmented.SegmentedRaftLogWorker (SegmentedRaftLogWorker.java:lambda$new$0(139)) - a2545200-32fe-451b-bae3-26433ce7d32d@group-21A3E4F42F5E-SegmentedRaftLogWorker: safeCacheEvictIndex: setUnconditionally 0 -> -1
2025-05-12 13:59:29,952 [a2545200-32fe-451b-bae3-26433ce7d32d-impl-thread1] INFO  segmented.BufferedWriteChannel (BufferedWriteChannel.java:open(61)) - open log_inprogress_0 (append) at position 82
2025-05-12 13:59:29,952 [a2545200-32fe-451b-bae3-26433ce7d32d-impl-thread1] INFO  server.RaftServer$Division (RaftServerImpl.java:start(391)) - a2545200-32fe-451b-bae3-26433ce7d32d@group-21A3E4F42F5E: start as a follower, conf=conf: {index: 0, cur=peers:[a2545200-32fe-451b-bae3-26433ce7d32d|pkrvmberfyhpb9w:15018]|listeners:[], old=null}
2025-05-12 13:59:29,952 [a2545200-32fe-451b-bae3-26433ce7d32d-impl-thread1] INFO  server.RaftServer$Division (RaftServerImpl.java:setRole(378)) - a2545200-32fe-451b-bae3-26433ce7d32d@group-21A3E4F42F5E: changes role from      null to FOLLOWER at term 1 for startAsFollower
2025-05-12 13:59:29,953 [a2545200-32fe-451b-bae3-26433ce7d32d-impl-thread1] INFO  impl.RoleInfo (RoleInfo.java:updateAndGet(148)) - a2545200-32fe-451b-bae3-26433ce7d32d: start a2545200-32fe-451b-bae3-26433ce7d32d@group-21A3E4F42F5E-FollowerState
2025-05-12 13:59:29,953 [a2545200-32fe-451b-bae3-26433ce7d32d-impl-thread1] INFO  util.JmxRegister (JmxRegister.java:tryRegister(44)) - Successfully registered JMX Bean with object name Ratis:service=RaftServer,group=group-21A3E4F42F5E,id=a2545200-32fe-451b-bae3-26433ce7d32d
2025-05-12 13:59:29,953 [a2545200-32fe-451b-bae3-26433ce7d32d-impl-thread1] INFO  util.JmxRegister (JmxRegister.java:register(58)) - register mxBean class org.apache.ratis.server.impl.RaftServerJmxAdapter as Ratis:service=RaftServer,group=group-21A3E4F42F5E,id=a2545200-32fe-451b-bae3-26433ce7d32d
2025-05-12 13:59:29,953 [a2545200-32fe-451b-bae3-26433ce7d32d-impl-thread1] INFO  server.RaftServerConfigKeys (ConfUtils.java:logGet(46)) - raft.server.snapshot.trigger-when-stop.enabled = true (default)
2025-05-12 13:59:29,953 [a2545200-32fe-451b-bae3-26433ce7d32d-impl-thread1] INFO  server.RaftServerConfigKeys (ConfUtils.java:logGet(46)) - raft.server.snapshot.trigger-when-remove.enabled = true (default)
2025-05-12 13:59:29,953 [a2545200-32fe-451b-bae3-26433ce7d32d-impl-thread1] INFO  server.RaftServerConfigKeys (ConfUtils.java:logGet(46)) - raft.server.snapshot.auto.trigger.enabled = true (custom)
2025-05-12 13:59:29,953 [a2545200-32fe-451b-bae3-26433ce7d32d-impl-thread1] INFO  server.RaftServerConfigKeys (ConfUtils.java:logGet(46)) - raft.server.snapshot.auto.trigger.threshold = 1000 (custom)
2025-05-12 13:59:29,953 [a2545200-32fe-451b-bae3-26433ce7d32d@group-21A3E4F42F5E-FollowerState] INFO  server.RaftServerConfigKeys (ConfUtils.java:logFallback(53)) - raft.server.rpc.first-election.timeout.min = 5000ms (fallback to raft.server.rpc.timeout.min)
2025-05-12 13:59:29,954 [a2545200-32fe-451b-bae3-26433ce7d32d@group-21A3E4F42F5E-FollowerState] INFO  server.RaftServerConfigKeys (ConfUtils.java:logFallback(53)) - raft.server.rpc.first-election.timeout.max = 5200ms (fallback to raft.server.rpc.timeout.max)
2025-05-12 13:59:29,954 [a2545200-32fe-451b-bae3-26433ce7d32d-impl-thread1] INFO  server.RaftServerConfigKeys (ConfUtils.java:logGet(46)) - raft.server.snapshot.retention.file.num = -1 (default)
2025-05-12 13:59:29,954 [a2545200-32fe-451b-bae3-26433ce7d32d-impl-thread1] INFO  server.RaftServerConfigKeys (ConfUtils.java:logGet(46)) - raft.server.log.purge.upto.snapshot.index = false (default)
2025-05-12 13:59:29,955 [a2545200-32fe-451b-bae3-26433ce7d32d-impl-thread1] INFO  server.RaftServer$Division (RaftServerImpl.java:start(405)) - a2545200-32fe-451b-bae3-26433ce7d32d@group-21A3E4F42F5E: Successfully started.
2025-05-12 13:59:29,955 [main] INFO  server.RaftServer (RaftServerProxy.java:startImpl(407)) - a2545200-32fe-451b-bae3-26433ce7d32d: start RPC server
2025-05-12 13:59:29,956 [main] INFO  server.GrpcService (GrpcService.java:startImpl(334)) - a2545200-32fe-451b-bae3-26433ce7d32d: GrpcService started, listening on 15018
2025-05-12 13:59:29,956 [JvmPauseMonitor5] INFO  util.JvmPauseMonitor (JvmPauseMonitor.java:run(146)) - JvmPauseMonitor-a2545200-32fe-451b-bae3-26433ce7d32d: Started
2025-05-12 13:59:29,956 [main] INFO  ha.SCMHAManagerImpl (SCMHAManagerImpl.java:start(131)) -  scm role is FOLLOWER peers [a2545200-32fe-451b-bae3-26433ce7d32d|pkrvmberfyhpb9w:15018]
2025-05-12 13:59:29,956 [main] INFO  ha.InterSCMGrpcService (InterSCMGrpcProtocolService.java:start(98)) - Starting SCM Grpc Service at port 15019
2025-05-12 13:59:29,957 [main] INFO  SCMHATransactionMonitor (BackgroundSCMService.java:start(64)) - Starting SCMHATransactionMonitor Service.
2025-05-12 13:59:29,957 [main] INFO  ha.SCMServiceManager (SCMServiceManager.java:register(42)) - Registering service SCMHATransactionMonitor.
2025-05-12 13:59:29,957 [main] INFO  SCMHATransactionMonitor (BackgroundSCMService.java:start(61)) - SCMHATransactionMonitor Service is already running, skip start.
2025-05-12 13:59:29,959 [main] WARN  impl.MetricsConfig (MetricsConfig.java:loadFirst(138)) - Cannot locate configuration: tried hadoop-metrics2-storagecontainermanager.properties,hadoop-metrics2.properties
2025-05-12 13:59:29,959 [main] INFO  impl.MetricsSystemImpl (MetricsSystemImpl.java:startTimer(378)) - Scheduled Metric snapshot period at 10 second(s).
2025-05-12 13:59:29,960 [main] INFO  impl.MetricsSystemImpl (MetricsSystemImpl.java:start(191)) - StorageContainerManager metrics system started
2025-05-12 13:59:29,975 [main] INFO  impl.MetricsSinkAdapter (MetricsSinkAdapter.java:start(204)) - Sink prometheus started
2025-05-12 13:59:29,975 [main] INFO  impl.MetricsSystemImpl (MetricsSystemImpl.java:registerSink(305)) - Registered sink prometheus
2025-05-12 13:59:29,991 [main] INFO  server.SCMClientProtocolServer (SCMClientProtocolServer.java:start(207)) - RPC server for Client  is listening at /0.0.0.0:15014
2025-05-12 13:59:29,991 [IPC Server Responder] INFO  ipc.Server (Server.java:run(1713)) - IPC Server Responder: starting
2025-05-12 13:59:29,992 [IPC Server listener on 15014] INFO  ipc.Server (Server.java:run(1553)) - IPC Server listener on 15014: starting
2025-05-12 13:59:30,004 [main] INFO  server.StorageContainerManager (StorageContainerManager.java:start(1520)) - ScmBlockLocationProtocol RPC server is listening at /0.0.0.0:15016
2025-05-12 13:59:30,005 [main] INFO  server.SCMBlockProtocolServer (SCMBlockProtocolServer.java:start(166)) - RPC server for Block Protocol is listening at /0.0.0.0:15016
2025-05-12 13:59:30,005 [IPC Server Responder] INFO  ipc.Server (Server.java:run(1713)) - IPC Server Responder: starting
2025-05-12 13:59:30,005 [IPC Server listener on 15016] INFO  ipc.Server (Server.java:run(1553)) - IPC Server listener on 15016: starting
2025-05-12 13:59:30,017 [main] INFO  server.SCMSecurityProtocolServer (SCMSecurityProtocolServer.java:start(503)) - Starting RPC server for SCMSecurityProtocolServer. is listening at /0.0.0.0:15017
2025-05-12 13:59:30,019 [IPC Server Responder] INFO  ipc.Server (Server.java:run(1713)) - IPC Server Responder: starting
2025-05-12 13:59:30,019 [IPC Server listener on 15017] INFO  ipc.Server (Server.java:run(1553)) - IPC Server listener on 15017: starting
2025-05-12 13:59:30,021 [main] INFO  http.BaseHttpServer (BaseHttpServer.java:newHttpServer2BuilderForOzone(229)) - Starting Web-server for scm at: http://0.0.0.0:9876
2025-05-12 13:59:30,021 [main] INFO  http.BaseHttpServer (BaseHttpServer.java:<init>(107)) - Hadoop Security Enabled: true Ozone Security Enabled: true Ozone HTTP Security Enabled: false 
2025-05-12 13:59:30,025 [main] WARN  server.AuthenticationFilter (AuthenticationFilter.java:constructSecretProvider(240)) - Unable to initialize FileSignerSecretProvider, falling back to use random secrets. Reason: Could not read signature secret file: /home/runner/hadoop-http-auth-signature-secret
2025-05-12 13:59:30,028 [main] INFO  http.HttpServer2 (HttpServer2.java:addGlobalFilter(1042)) - Added global filter 'safety' (class=org.apache.hadoop.hdds.server.http.HttpServer2$QuotingInputFilter)
2025-05-12 13:59:30,030 [main] INFO  http.HttpServer2 (HttpServer2.java:addFilter(1018)) - Added filter static_user_filter (class=org.apache.hadoop.http.lib.StaticUserWebFilter$StaticUserFilter) to context scm
2025-05-12 13:59:30,030 [main] INFO  http.HttpServer2 (HttpServer2.java:addFilter(1026)) - Added filter static_user_filter (class=org.apache.hadoop.http.lib.StaticUserWebFilter$StaticUserFilter) to context logs
2025-05-12 13:59:30,030 [main] INFO  http.HttpServer2 (HttpServer2.java:addFilter(1026)) - Added filter static_user_filter (class=org.apache.hadoop.http.lib.StaticUserWebFilter$StaticUserFilter) to context static
2025-05-12 13:59:30,031 [main] INFO  http.BaseHttpServer (BaseHttpServer.java:<init>(195)) - HTTP server of scm uses base directory /tmp/junit-13404703109420863903/scm-meta/webserver
2025-05-12 13:59:30,031 [main] INFO  http.HttpServer2 (HttpServer2.java:bindListener(1242)) - Jetty bound to port 9876
2025-05-12 13:59:30,031 [main] INFO  server.Server (Server.java:doStart(375)) - jetty-9.4.57.v20241219; built: 2025-01-08T21:24:30.412Z; git: df524e6b29271c2e09ba9aea83c18dc9db464a31; jvm 21.0.7+6-LTS
2025-05-12 13:59:30,032 [main] INFO  server.session (DefaultSessionIdManager.java:doStart(334)) - DefaultSessionIdManager workerName=node0
2025-05-12 13:59:30,032 [main] INFO  server.session (DefaultSessionIdManager.java:doStart(339)) - No SessionScavenger set, using defaults
2025-05-12 13:59:30,032 [main] INFO  server.session (HouseKeeper.java:startScavenging(132)) - node0 Scavenging every 660000ms
2025-05-12 13:59:30,033 [main] INFO  handler.ContextHandler (ContextHandler.java:doStart(921)) - Started o.e.j.s.ServletContextHandler@3dc3c293{logs,/logs,file:///home/runner/work/ozone/ozone/hadoop-ozone/integration-test/target/log,AVAILABLE}
2025-05-12 13:59:30,034 [main] INFO  handler.ContextHandler (ContextHandler.java:doStart(921)) - Started o.e.j.s.ServletContextHandler@56272a62{static,/static,file:///home/runner/work/ozone/ozone/hadoop-ozone/integration-test/target/test-classes/webapps/static,AVAILABLE}
2025-05-12 13:59:30,040 [main] INFO  handler.ContextHandler (ContextHandler.java:doStart(921)) - Started o.e.j.w.WebAppContext@65fcdaeb{scm,/,file:///home/runner/work/ozone/ozone/hadoop-ozone/integration-test/target/test-classes/webapps/scm/,AVAILABLE}{file:/home/runner/work/ozone/ozone/hadoop-ozone/integration-test/target/test-classes/webapps/scm}
2025-05-12 13:59:30,040 [main] INFO  server.AbstractConnector (AbstractConnector.java:doStart(333)) - Started ServerConnector@6c84f223{HTTP/1.1, (http/1.1)}{0.0.0.0:9876}
2025-05-12 13:59:30,040 [main] INFO  server.Server (Server.java:doStart(415)) - Started @32793ms
2025-05-12 13:59:30,041 [main] WARN  impl.MetricsSystemImpl (MetricsSystemImpl.java:register(279)) - Sink prometheus already exists!
2025-05-12 13:59:30,041 [main] INFO  http.BaseHttpServer (BaseHttpServer.java:updateConnectorAddress(359)) - HTTP server of scm listening at http://0.0.0.0:9876
2025-05-12 13:59:30,042 [main] WARN  server.ServerUtils (ServerUtils.java:getDBPath(292)) - ozone.om.db.dirs is not configured. We recommend adding this setting. Falling back to ozone.metadata.dirs instead.
2025-05-12 13:59:30,044 [main] INFO  ha.OMHANodeDetails (OMHANodeDetails.java:loadOMHAConfig(113)) - ozone.om.internal.service.id is not defined, falling back to ozone.om.service.ids to find serviceID for OzoneManager if it is HA enabled cluster
2025-05-12 13:59:30,045 [main] INFO  ha.OMHANodeDetails (OMHANodeDetails.java:loadOMHAConfig(224)) - Configuration does not have ozone.om.address set. Falling back to the default OM address pkrvmberfyhpb9w.internal.cloudapp.net/10.1.1.27:15020
2025-05-12 13:59:30,045 [main] INFO  ha.OMHANodeDetails (OMHANodeDetails.java:getOMNodeDetailsForNonHA(252)) - OM Service ID is not set. Setting it to the default ID: omServiceIdDefault
2025-05-12 13:59:30,045 [main] INFO  ha.OMHANodeDetails (OMHANodeDetails.java:getOMNodeDetailsForNonHA(259)) - OM Node ID is not set. Setting it to the default ID: om1
2025-05-12 13:59:30,045 [main] WARN  server.ServerUtils (ServerUtils.java:getDBPath(292)) - ozone.om.db.dirs is not configured. We recommend adding this setting. Falling back to ozone.metadata.dirs instead.
2025-05-12 13:59:30,049 [main] INFO  upgrade.AbstractLayoutVersionManager (AbstractLayoutVersionManager.java:init(80)) - Initializing Layout version manager with metadata layout = DELEGATION_TOKEN_SYMMETRIC_SIGN (version = 8), software layout = DELEGATION_TOKEN_SYMMETRIC_SIGN (version = 8)
2025-05-12 13:59:30,066 [pool-130-thread-1] INFO  request.TgsRequest (TgsRequest.java:issueTicket(117)) - TGS_REQ ISSUE: authtime 1747058370065,om/pkrvmberfyhpb9w.internal.cloudapp.net@EXAMPLE.COM for om/pkrvmberfyhpb9w.internal.cloudapp.net@EXAMPLE.COM
2025-05-12 13:59:30,076 [Socket Reader #1 for port 15017] INFO  ipc.Server (Server.java:saslProcess(2290)) - Auth successful for om/pkrvmberfyhpb9w.internal.cloudapp.net@EXAMPLE.COM (auth:KERBEROS) from 127.0.0.1:42202
2025-05-12 13:59:30,081 [IPC Server handler 0 on default port 15017] INFO  ipc.Server (Server.java:logException(3260)) - IPC Server handler 0 on default port 15017, call Call#2 Retry#0 org.apache.hadoop.hdds.protocol.SCMSecurityProtocol.submitRequest from 127.0.0.1:42202
org.apache.hadoop.hdds.ratis.ServerNotLeaderException: SCM Server:a2545200-32fe-451b-bae3-26433ce7d32d(pkrvmberfyhpb9w.internal.cloudapp.net) is not the leader. Could not determine the leader node.
	at org.apache.hadoop.hdds.ratis.ServerNotLeaderException.convertToNotLeaderException(ServerNotLeaderException.java:106)
	at org.apache.hadoop.hdds.scm.ha.RatisUtil.checkRatisException(RatisUtil.java:248)
	at org.apache.hadoop.hdds.scm.protocol.SCMSecurityProtocolServerSideTranslatorPB.submitRequest(SCMSecurityProtocolServerSideTranslatorPB.java:83)
	at org.apache.hadoop.hdds.protocol.proto.SCMSecurityProtocolProtos$SCMSecurityProtocolService$2.callBlockingMethod(SCMSecurityProtocolProtos.java:18942)
	at org.apache.hadoop.ipc.ProtobufRpcEngine$Server.processCall(ProtobufRpcEngine.java:484)
	at org.apache.hadoop.ipc.ProtobufRpcEngine2$Server$ProtoBufRpcInvoker.call(ProtobufRpcEngine2.java:595)
	at org.apache.hadoop.ipc.ProtobufRpcEngine2$Server$ProtoBufRpcInvoker.call(ProtobufRpcEngine2.java:573)
	at org.apache.hadoop.ipc.RPC$Server.call(RPC.java:1227)
	at org.apache.hadoop.ipc.Server$RpcCall.run(Server.java:1246)
	at org.apache.hadoop.ipc.Server$RpcCall.run(Server.java:1169)
	at java.base/java.security.AccessController.doPrivileged(AccessController.java:714)
	at java.base/javax.security.auth.Subject.doAs(Subject.java:525)
	at org.apache.hadoop.security.UserGroupInformation.doAs(UserGroupInformation.java:1953)
	at org.apache.hadoop.ipc.Server$Handler.run(Server.java:3198)
2025-05-12 13:59:30,148 [main] INFO  reflections.Reflections (Reflections.java:scan(219)) - Reflections took 99 ms to scan 2 urls, producing 207 keys and 618 values
2025-05-12 13:59:30,150 [main] INFO  upgrade.OMLayoutVersionManager (OMLayoutVersionManager.java:lambda$0(110)) - Skipping Upgrade Action QuotaRepairUpgradeAction since it has been finalized.
2025-05-12 13:59:30,150 [main] INFO  upgrade.OMLayoutVersionManager (OMLayoutVersionManager.java:lambda$0(110)) - Skipping Upgrade Action MockOmUpgradeAction since it has been finalized.
2025-05-12 13:59:30,160 [pool-130-thread-1] INFO  request.KdcRequest (KdcRequest.java:preauth(683)) - The preauth data is empty.
2025-05-12 13:59:30,161 [pool-130-thread-1] INFO  server.KdcHandler (KdcHandler.java:handleRecoverableException(177)) - KRB error occurred while processing request: Additional pre-authentication required
2025-05-12 13:59:30,164 [pool-130-thread-1] INFO  request.AsRequest (AsRequest.java:issueTicket(112)) - AS_REQ ISSUE: authtime 1747058370164,om/pkrvmberfyhpb9w.internal.cloudapp.net@EXAMPLE.COM for krbtgt/EXAMPLE.COM@EXAMPLE.COM
2025-05-12 13:59:30,166 [main] INFO  security.UserGroupInformation (UserGroupInformation.java:loginUserFromKeytab(1143)) - Login successful for user om/pkrvmberfyhpb9w.internal.cloudapp.net@EXAMPLE.COM using keytab file om.keytab. Keytab auto renewal enabled : false
2025-05-12 13:59:30,167 [main] INFO  om.OzoneManager (OzoneManager.java:loginOMUser(1308)) - Ozone Manager login successful.
2025-05-12 13:59:30,167 [main] WARN  server.ServerUtils (ServerUtils.java:getDBPath(292)) - ozone.om.db.dirs is not configured. We recommend adding this setting. Falling back to ozone.metadata.dirs instead.
2025-05-12 13:59:30,168 [main] INFO  om.OzoneManager (OzoneManager.java:setReplicationFromConfig(4596)) - Set default replication in OM: RATIS/3 -> RATIS/THREE
2025-05-12 13:59:30,169 [main] INFO  proxy.SCMContainerLocationFailoverProxyProvider (SCMFailoverProxyProviderBase.java:<init>(120)) - Created fail-over proxy for protocol StorageContainerLocationProtocolPB with 1 nodes: [nodeId=scmNodeId,nodeAddress=/0.0.0.0:15014]
2025-05-12 13:59:30,169 [main] INFO  proxy.SCMBlockLocationFailoverProxyProvider (SCMFailoverProxyProviderBase.java:<init>(120)) - Created fail-over proxy for protocol ScmBlockLocationProtocolPB with 1 nodes: [nodeId=scmNodeId,nodeAddress=/0.0.0.0:15016]
2025-05-12 13:59:30,171 [main] INFO  om.OzoneManager (OzoneManager.java:getOmDetailsProto(4941)) - OzoneManager ports added:[name: "RPC"
value: 15020
]
2025-05-12 13:59:30,172 [main] INFO  proxy.SCMSecurityProtocolFailoverProxyProvider (SCMFailoverProxyProviderBase.java:<init>(120)) - Created fail-over proxy for protocol SCMSecurityProtocolPB with 1 nodes: [nodeId=scmNodeId,nodeAddress=/0.0.0.0:15017]
2025-05-12 13:59:30,173 [main] INFO  security.OMCertificateClient (DefaultCertificateClient.java:updateCertSerialId(1289)) - Certificate serial ID set to 9879877970576
2025-05-12 13:59:30,173 [main] WARN  security.OMCertificateClient (DefaultCertificateClient.java:loadAllCertificates(178)) - Certificates could not be loaded.
java.nio.file.NoSuchFileException: /tmp/junit-13404703109420863903/scm-meta/om/certs
	at java.base/sun.nio.fs.UnixException.translateToIOException(UnixException.java:92)
	at java.base/sun.nio.fs.UnixException.asIOException(UnixException.java:115)
	at java.base/sun.nio.fs.UnixFileSystemProvider.newDirectoryStream(UnixFileSystemProvider.java:501)
	at java.base/java.nio.file.Files.newDirectoryStream(Files.java:482)
	at java.base/java.nio.file.Files.list(Files.java:3785)
	at org.apache.hadoop.hdds.security.x509.certificate.client.DefaultCertificateClient.loadAllCertificates(DefaultCertificateClient.java:173)
	at org.apache.hadoop.hdds.security.x509.certificate.client.DefaultCertificateClient.updateCertSerialId(DefaultCertificateClient.java:1290)
	at org.apache.hadoop.hdds.security.x509.certificate.client.DefaultCertificateClient.<init>(DefaultCertificateClient.java:155)
	at org.apache.hadoop.ozone.security.OMCertificateClient.<init>(OMCertificateClient.java:65)
	at org.apache.hadoop.ozone.om.OzoneManager.<init>(OzoneManager.java:646)
	at org.apache.hadoop.ozone.om.OzoneManager.createOm(OzoneManager.java:877)
	at org.apache.hadoop.ozone.TestSecureOzoneCluster.setupOm(TestSecureOzoneCluster.java:716)
	at org.apache.hadoop.ozone.TestSecureOzoneCluster.testGetSetRevokeS3Secret(TestSecureOzoneCluster.java:728)
	at java.base/jdk.internal.reflect.DirectMethodHandleAccessor.invoke(DirectMethodHandleAccessor.java:103)
	at java.base/java.lang.reflect.Method.invoke(Method.java:580)
	at org.junit.platform.commons.util.ReflectionUtils.invokeMethod(ReflectionUtils.java:775)
	at org.junit.platform.commons.support.ReflectionSupport.invokeMethod(ReflectionSupport.java:479)
	at org.junit.jupiter.engine.execution.MethodInvocation.proceed(MethodInvocation.java:60)
	at org.junit.jupiter.engine.execution.InvocationInterceptorChain$ValidatingInvocation.proceed(InvocationInterceptorChain.java:131)
	at org.junit.jupiter.engine.extension.SameThreadTimeoutInvocation.proceed(SameThreadTimeoutInvocation.java:49)
	at org.junit.jupiter.engine.extension.TimeoutExtension.intercept(TimeoutExtension.java:161)
	at org.junit.jupiter.engine.extension.TimeoutExtension.interceptTestableMethod(TimeoutExtension.java:152)
	at org.junit.jupiter.engine.extension.TimeoutExtension.interceptTestMethod(TimeoutExtension.java:91)
	at org.junit.jupiter.engine.execution.InterceptingExecutableInvoker$ReflectiveInterceptorCall.lambda$ofVoidMethod$0(InterceptingExecutableInvoker.java:112)
	at org.junit.jupiter.engine.execution.InterceptingExecutableInvoker.lambda$invoke$0(InterceptingExecutableInvoker.java:94)
	at org.junit.jupiter.engine.execution.InvocationInterceptorChain$InterceptedInvocation.proceed(InvocationInterceptorChain.java:106)
	at org.junit.jupiter.engine.execution.InvocationInterceptorChain.proceed(InvocationInterceptorChain.java:64)
	at org.junit.jupiter.engine.execution.InvocationInterceptorChain.chainAndInvoke(InvocationInterceptorChain.java:45)
	at org.junit.jupiter.engine.execution.InvocationInterceptorChain.invoke(InvocationInterceptorChain.java:37)
	at org.junit.jupiter.engine.execution.InterceptingExecutableInvoker.invoke(InterceptingExecutableInvoker.java:93)
	at org.junit.jupiter.engine.execution.InterceptingExecutableInvoker.invoke(InterceptingExecutableInvoker.java:87)
	at org.junit.jupiter.engine.descriptor.TestMethodTestDescriptor.lambda$invokeTestMethod$7(TestMethodTestDescriptor.java:216)
	at org.junit.platform.engine.support.hierarchical.ThrowableCollector.execute(ThrowableCollector.java:73)
	at org.junit.jupiter.engine.descriptor.TestMethodTestDescriptor.invokeTestMethod(TestMethodTestDescriptor.java:212)
	at org.junit.jupiter.engine.descriptor.TestMethodTestDescriptor.execute(TestMethodTestDescriptor.java:137)
	at org.junit.jupiter.engine.descriptor.TestMethodTestDescriptor.execute(TestMethodTestDescriptor.java:69)
	at org.junit.platform.engine.support.hierarchical.NodeTestTask.lambda$executeRecursively$6(NodeTestTask.java:156)
	at org.junit.platform.engine.support.hierarchical.ThrowableCollector.execute(ThrowableCollector.java:73)
	at org.junit.platform.engine.support.hierarchical.NodeTestTask.lambda$executeRecursively$8(NodeTestTask.java:146)
	at org.junit.platform.engine.support.hierarchical.Node.around(Node.java:137)
	at org.junit.platform.engine.support.hierarchical.NodeTestTask.lambda$executeRecursively$9(NodeTestTask.java:144)
	at org.junit.platform.engine.support.hierarchical.ThrowableCollector.execute(ThrowableCollector.java:73)
	at org.junit.platform.engine.support.hierarchical.NodeTestTask.executeRecursively(NodeTestTask.java:143)
	at org.junit.platform.engine.support.hierarchical.NodeTestTask.execute(NodeTestTask.java:100)
	at java.base/java.util.ArrayList.forEach(ArrayList.java:1596)
	at org.junit.platform.engine.support.hierarchical.SameThreadHierarchicalTestExecutorService.invokeAll(SameThreadHierarchicalTestExecutorService.java:41)
	at org.junit.platform.engine.support.hierarchical.NodeTestTask.lambda$executeRecursively$6(NodeTestTask.java:160)
	at org.junit.platform.engine.support.hierarchical.ThrowableCollector.execute(ThrowableCollector.java:73)
	at org.junit.platform.engine.support.hierarchical.NodeTestTask.lambda$executeRecursively$8(NodeTestTask.java:146)
	at org.junit.platform.engine.support.hierarchical.Node.around(Node.java:137)
	at org.junit.platform.engine.support.hierarchical.NodeTestTask.lambda$executeRecursively$9(NodeTestTask.java:144)
	at org.junit.platform.engine.support.hierarchical.ThrowableCollector.execute(ThrowableCollector.java:73)
	at org.junit.platform.engine.support.hierarchical.NodeTestTask.executeRecursively(NodeTestTask.java:143)
	at org.junit.platform.engine.support.hierarchical.NodeTestTask.execute(NodeTestTask.java:100)
	at java.base/java.util.ArrayList.forEach(ArrayList.java:1596)
	at org.junit.platform.engine.support.hierarchical.SameThreadHierarchicalTestExecutorService.invokeAll(SameThreadHierarchicalTestExecutorService.java:41)
	at org.junit.platform.engine.support.hierarchical.NodeTestTask.lambda$executeRecursively$6(NodeTestTask.java:160)
	at org.junit.platform.engine.support.hierarchical.ThrowableCollector.execute(ThrowableCollector.java:73)
	at org.junit.platform.engine.support.hierarchical.NodeTestTask.lambda$executeRecursively$8(NodeTestTask.java:146)
	at org.junit.platform.engine.support.hierarchical.Node.around(Node.java:137)
	at org.junit.platform.engine.support.hierarchical.NodeTestTask.lambda$executeRecursively$9(NodeTestTask.java:144)
	at org.junit.platform.engine.support.hierarchical.ThrowableCollector.execute(ThrowableCollector.java:73)
	at org.junit.platform.engine.support.hierarchical.NodeTestTask.executeRecursively(NodeTestTask.java:143)
	at org.junit.platform.engine.support.hierarchical.NodeTestTask.execute(NodeTestTask.java:100)
	at org.junit.platform.engine.support.hierarchical.SameThreadHierarchicalTestExecutorService.submit(SameThreadHierarchicalTestExecutorService.java:35)
	at org.junit.platform.engine.support.hierarchical.HierarchicalTestExecutor.execute(HierarchicalTestExecutor.java:57)
	at org.junit.platform.engine.support.hierarchical.HierarchicalTestEngine.execute(HierarchicalTestEngine.java:54)
	at org.junit.platform.launcher.core.EngineExecutionOrchestrator.execute(EngineExecutionOrchestrator.java:201)
	at org.junit.platform.launcher.core.EngineExecutionOrchestrator.execute(EngineExecutionOrchestrator.java:170)
	at org.junit.platform.launcher.core.EngineExecutionOrchestrator.execute(EngineExecutionOrchestrator.java:94)
	at org.junit.platform.launcher.core.EngineExecutionOrchestrator.lambda$execute$0(EngineExecutionOrchestrator.java:59)
	at org.junit.platform.launcher.core.EngineExecutionOrchestrator.withInterceptedStreams(EngineExecutionOrchestrator.java:142)
	at org.junit.platform.launcher.core.EngineExecutionOrchestrator.execute(EngineExecutionOrchestrator.java:58)
	at org.junit.platform.launcher.core.DefaultLauncher.execute(DefaultLauncher.java:103)
	at org.junit.platform.launcher.core.DefaultLauncher.execute(DefaultLauncher.java:85)
	at org.junit.platform.launcher.core.DelegatingLauncher.execute(DelegatingLauncher.java:47)
	at org.junit.platform.launcher.core.InterceptingLauncher.lambda$execute$1(InterceptingLauncher.java:39)
	at org.junit.platform.launcher.core.ClasspathAlignmentCheckingLauncherInterceptor.intercept(ClasspathAlignmentCheckingLauncherInterceptor.java:25)
	at org.junit.platform.launcher.core.InterceptingLauncher.execute(InterceptingLauncher.java:38)
	at org.junit.platform.launcher.core.DelegatingLauncher.execute(DelegatingLauncher.java:47)
	at org.apache.maven.surefire.junitplatform.LazyLauncher.execute(LazyLauncher.java:56)
	at org.apache.maven.surefire.junitplatform.JUnitPlatformProvider.invokeAllTests(JUnitPlatformProvider.java:162)
	at org.apache.maven.surefire.junitplatform.JUnitPlatformProvider.invoke(JUnitPlatformProvider.java:120)
	at org.apache.maven.surefire.booter.ForkedBooter.runSuitesInProcess(ForkedBooter.java:385)
	at org.apache.maven.surefire.booter.ForkedBooter.execute(ForkedBooter.java:162)
	at org.apache.maven.surefire.booter.ForkedBooter.run(ForkedBooter.java:507)
	at org.apache.maven.surefire.booter.ForkedBooter.main(ForkedBooter.java:495)
2025-05-12 13:59:30,174 [main] INFO  proxy.SecretKeyProtocolFailoverProxyProvider (SCMFailoverProxyProviderBase.java:<init>(120)) - Created fail-over proxy for protocol SecretKeyProtocolOmPB with 1 nodes: [nodeId=scmNodeId,nodeAddress=/0.0.0.0:15017]
2025-05-12 13:59:30,174 [main] INFO  symmetric.DefaultSecretKeyVerifierClient (DefaultSecretKeyVerifierClient.java:<init>(76)) - Initializing secret key cache with size 16, TTL PT168H
2025-05-12 13:59:30,177 [main] INFO  om.OzoneManager (OzoneManager.java:<init>(670)) - OM start with adminUsers: [om/pkrvmberfyhpb9w.internal.cloudapp.net@EXAMPLE.COM, om]
2025-05-12 13:59:30,178 [main] WARN  server.ServerUtils (ServerUtils.java:getDBPath(292)) - ozone.om.db.dirs is not configured. We recommend adding this setting. Falling back to ozone.metadata.dirs instead.
2025-05-12 13:59:30,330 [main] INFO  om.OzoneManager (OzoneManager.java:instantiateServices(914)) - S3 Multi-Tenancy is disabled
2025-05-12 13:59:30,332 [main] INFO  security.OzoneSecretStore (OzoneSecretStore.java:loadState(70)) - Loaded 0 tokens
2025-05-12 13:59:30,332 [main] INFO  security.OzoneDelegationTokenSecretManager (OzoneDelegationTokenSecretManager.java:loadTokenSecretState(513)) - Loading token state into token manager.
2025-05-12 13:59:30,332 [main] INFO  om.OmSnapshotManager (OmSnapshotManager.java:<init>(187)) - Ozone filesystem snapshot feature is enabled.
2025-05-12 13:59:30,332 [main] WARN  server.ServerUtils (ServerUtils.java:getDBPath(292)) - ozone.om.snapshot.diff.db.dir is not configured. We recommend adding this setting. Falling back to ozone.metadata.dirs instead.
2025-05-12 13:59:30,348 [main] INFO  om.OzoneManager (OzoneManager.java:addS3GVolumeToDB(4654)) - Created Volume s3v With Owner om required for S3Gateway operations.
2025-05-12 13:59:30,349 [main] WARN  server.ServerUtils (ServerUtils.java:getDefaultRatisDirectory(304)) - Storage directory for Ratis is not configured. It is a good idea to map this to an SSD disk. Falling back to ozone.metadata.dirs
2025-05-12 13:59:30,349 [main] WARN  utils.OzoneManagerRatisUtils (OzoneManagerRatisUtils.java:getOMRatisSnapshotDirectory(488)) - ozone.om.ratis.snapshot.dir is not configured. Falling back to ozone.metadata.dirs config
2025-05-12 13:59:30,349 [main] WARN  dropwizard3.Dm3MetricRegistriesImpl (Dm3MetricRegistriesImpl.java:addReporterRegistration(114)) - New reporters are added after registries were created. Some metrics will be missing from the reporter. Please add reporter before adding any new registry.
2025-05-12 13:59:30,349 [main] WARN  dropwizard3.Dm3MetricRegistriesImpl (Dm3MetricRegistriesImpl.java:addReporterRegistration(114)) - New reporters are added after registries were created. Some metrics will be missing from the reporter. Please add reporter before adding any new registry.
2025-05-12 13:59:30,349 [main] WARN  server.ServerUtils (ServerUtils.java:getDefaultRatisDirectory(304)) - Storage directory for Ratis is not configured. It is a good idea to map this to an SSD disk. Falling back to ozone.metadata.dirs
2025-05-12 13:59:30,350 [main] INFO  server.RaftServerConfigKeys (ConfUtils.java:logGet(46)) - raft.server.log.appender.buffer.byte-limit = 4194304 (custom)
2025-05-12 13:59:30,351 [main] INFO  ratis.OzoneManagerRatisServer (OzoneManagerRatisServer.java:<init>(167)) - Instantiating OM Ratis server with groupID: omServiceIdDefault and peers: pkrvmberfyhpb9w.internal.cloudapp.net:9872
2025-05-12 13:59:30,351 [main] INFO  ratis.OzoneManagerStateMachine (OzoneManagerStateMachine.java:loadSnapshotInfoFromDB(618)) - TransactionInfo not found in OM DB.
2025-05-12 13:59:30,352 [main] INFO  server.RaftServer (ConfUtils.java:logGet(46)) - raft.rpc.type = GRPC (default)
2025-05-12 13:59:30,352 [main] INFO  grpc.GrpcConfigKeys (ConfUtils.java:logFallback(53)) - raft.grpc.admin.host = null (fallback to raft.grpc.server.host)
2025-05-12 13:59:30,353 [main] INFO  grpc.GrpcConfigKeys (ConfUtils.java:logFallback(53)) - raft.grpc.admin.port = 9872 (fallback to raft.grpc.server.port)
2025-05-12 13:59:30,353 [main] INFO  grpc.GrpcConfigKeys (ConfUtils.java:logFallback(53)) - raft.grpc.client.host = null (fallback to raft.grpc.server.host)
2025-05-12 13:59:30,353 [main] INFO  grpc.GrpcConfigKeys (ConfUtils.java:logFallback(53)) - raft.grpc.client.port = 9872 (fallback to raft.grpc.server.port)
2025-05-12 13:59:30,353 [main] INFO  grpc.GrpcConfigKeys (ConfUtils.java:logGet(46)) - raft.grpc.server.host = null (default)
2025-05-12 13:59:30,353 [main] INFO  grpc.GrpcConfigKeys (ConfUtils.java:logGet(46)) - raft.grpc.server.port = 9872 (custom)
2025-05-12 13:59:30,353 [main] INFO  server.GrpcService (ConfUtils.java:logGet(46)) - raft.grpc.message.size.max = 5242880 (custom)
2025-05-12 13:59:30,353 [main] INFO  server.GrpcService (ConfUtils.java:logGet(46)) - raft.grpc.flow.control.window = 1MB (=1048576) (default)
2025-05-12 13:59:30,353 [main] INFO  server.RaftServerConfigKeys (ConfUtils.java:logGet(46)) - raft.server.rpc.request.timeout = 3000ms (default)
2025-05-12 13:59:30,353 [main] INFO  grpc.GrpcConfigKeys (ConfUtils.java:logGet(46)) - raft.grpc.server.heartbeat.channel = true (default)
2025-05-12 13:59:30,354 [main] INFO  server.RaftServerConfigKeys (ConfUtils.java:logGet(46)) - raft.server.log.appender.buffer.byte-limit = 4194304 (custom)
2025-05-12 13:59:30,354 [main] INFO  grpc.GrpcConfigKeys (ConfUtils.java:logGet(46)) - raft.grpc.server.async.request.thread.pool.cached = true (default)
2025-05-12 13:59:30,354 [main] INFO  grpc.GrpcConfigKeys (ConfUtils.java:logGet(46)) - raft.grpc.server.async.request.thread.pool.size = 32 (default)
2025-05-12 13:59:30,355 [main] INFO  impl.DataStreamServerImpl (ConfUtils.java:logGet(46)) - raft.datastream.type = DISABLED (default)
2025-05-12 13:59:30,355 [main] INFO  server.RaftServerConfigKeys (ConfUtils.java:logGet(46)) - raft.server.sleep.deviation.threshold = 300ms (default)
2025-05-12 13:59:30,355 [main] INFO  server.RaftServerConfigKeys (ConfUtils.java:logGet(46)) - raft.server.close.threshold = 60s (default)
2025-05-12 13:59:30,355 [main] INFO  server.RaftServerConfigKeys (ConfUtils.java:logGet(46)) - raft.server.leaderelection.leader.step-down.wait-time = 10s (default)
2025-05-12 13:59:30,355 [main] INFO  server.RaftServerConfigKeys (ConfUtils.java:logGet(46)) - raft.server.storage.dir = [/tmp/junit-13404703109420863903/scm-meta/ratis] (custom)
2025-05-12 13:59:30,355 [main] INFO  server.RaftServerConfigKeys (ConfUtils.java:logGet(46)) - raft.server.threadpool.proxy.cached = true (default)
2025-05-12 13:59:30,355 [main] INFO  server.RaftServerConfigKeys (ConfUtils.java:logGet(46)) - raft.server.threadpool.proxy.size = 0 (default)
2025-05-12 13:59:30,356 [main] INFO  server.RaftServer (RaftServerProxy.java:addNew(100)) - om1: addNew group-C5BA1605619E:[om1|pkrvmberfyhpb9w.internal.cloudapp.net:9872] returns group-C5BA1605619E:java.util.concurrent.CompletableFuture@122a6bac[Not completed]
2025-05-12 13:59:30,356 [main] INFO  om.OzoneManager (OzoneManager.java:initializeRatisServer(2284)) - OzoneManager Ratis server initialized at port 9872
2025-05-12 13:59:30,356 [main] INFO  om.OzoneManager (OzoneManager.java:getRpcServer(1340)) - Creating RPC Server
2025-05-12 13:59:30,358 [om1-groupManagement] INFO  server.RaftServer$Division (RaftServerImpl.java:<init>(255)) - om1: new RaftServerImpl for group-C5BA1605619E:[om1|pkrvmberfyhpb9w.internal.cloudapp.net:9872] with OzoneManagerStateMachine:uninitialized
2025-05-12 13:59:30,358 [om1-groupManagement] INFO  server.RaftServerConfigKeys (ConfUtils.java:logGet(46)) - raft.server.rpc.timeout.min = 5s (custom)
2025-05-12 13:59:30,358 [om1-groupManagement] INFO  server.RaftServerConfigKeys (ConfUtils.java:logGet(46)) - raft.server.rpc.timeout.max = 5200ms (custom)
2025-05-12 13:59:30,358 [om1-groupManagement] INFO  server.RaftServerConfigKeys (ConfUtils.java:logGet(46)) - raft.server.rpc.sleep.time = 25ms (default)
2025-05-12 13:59:30,358 [om1-groupManagement] INFO  server.RaftServerConfigKeys (ConfUtils.java:logGet(46)) - raft.server.rpc.slowness.timeout = 120s (custom)
2025-05-12 13:59:30,358 [om1-groupManagement] INFO  server.RaftServerConfigKeys (ConfUtils.java:logGet(46)) - raft.server.leaderelection.leader.step-down.wait-time = 10s (default)
2025-05-12 13:59:30,358 [om1-groupManagement] INFO  server.RaftServerConfigKeys (ConfUtils.java:logGet(46)) - raft.server.leaderelection.member.majority-add = false (default)
2025-05-12 13:59:30,358 [om1-groupManagement] INFO  server.RaftServerConfigKeys (ConfUtils.java:logGet(46)) - raft.server.sleep.deviation.threshold = 300ms (default)
2025-05-12 13:59:30,358 [om1-groupManagement] INFO  server.RaftServer$Division (ServerState.java:<init>(114)) - om1@group-C5BA1605619E: ConfigurationManager, init=conf: {index: -1, cur=peers:[om1|pkrvmberfyhpb9w.internal.cloudapp.net:9872]|listeners:[], old=null}, confs=<EMPTY_MAP>
2025-05-12 13:59:30,358 [om1-groupManagement] INFO  server.RaftServerConfigKeys (ConfUtils.java:logGet(46)) - raft.server.notification.no-leader.timeout = 120s (custom)
2025-05-12 13:59:30,358 [om1-groupManagement] INFO  server.RaftServerConfigKeys (ConfUtils.java:logGet(46)) - raft.server.read.timeout = 10s (default)
2025-05-12 13:59:30,359 [om1-groupManagement] INFO  server.RaftServerConfigKeys (ConfUtils.java:logGet(46)) - raft.server.retrycache.expirytime = 300s (custom)
2025-05-12 13:59:30,359 [om1-groupManagement] INFO  server.RaftServerConfigKeys (ConfUtils.java:logGet(46)) - raft.server.retrycache.statistics.expirytime = 100ms (default)
2025-05-12 13:59:30,359 [om1-groupManagement] INFO  server.RaftServerConfigKeys (ConfUtils.java:logGet(46)) - raft.server.read.option = DEFAULT (default)
2025-05-12 13:59:30,359 [om1-groupManagement] INFO  server.RaftServerConfigKeys (ConfUtils.java:logGet(46)) - raft.server.read.read-after-write-consistent.write-index-cache.expiry-time = 60s (default)
2025-05-12 13:59:30,360 [om1-groupManagement] INFO  server.RaftServerConfigKeys (ConfUtils.java:logGet(46)) - raft.server.rpc.request.timeout = 3000ms (default)
2025-05-12 13:59:30,360 [om1-groupManagement] INFO  server.RaftServerConfigKeys (ConfUtils.java:logGet(46)) - raft.server.log.appender.install.snapshot.enabled = false (custom)
2025-05-12 13:59:30,360 [om1-groupManagement] INFO  server.RaftServerConfigKeys (ConfUtils.java:logGet(46)) - raft.server.threadpool.server.cached = true (default)
2025-05-12 13:59:30,360 [om1-groupManagement] INFO  server.RaftServerConfigKeys (ConfUtils.java:logGet(46)) - raft.server.threadpool.server.size = 0 (default)
2025-05-12 13:59:30,360 [om1-groupManagement] INFO  server.RaftServerConfigKeys (ConfUtils.java:logGet(46)) - raft.server.threadpool.client.cached = true (default)
2025-05-12 13:59:30,360 [om1-groupManagement] INFO  server.RaftServerConfigKeys (ConfUtils.java:logGet(46)) - raft.server.threadpool.client.size = 0 (default)
2025-05-12 13:59:30,728 [main] INFO  reflections.Reflections (Reflections.java:scan(219)) - Reflections took 371 ms to scan 24 urls, producing 60 keys and 7515 values
2025-05-12 13:59:30,731 [main] INFO  ipc.CallQueueManager (CallQueueManager.java:<init>(93)) - Using callQueue: class java.util.concurrent.LinkedBlockingQueue, queueCapacity: 2000, scheduler: class org.apache.hadoop.ipc.DefaultRpcScheduler, ipcBackoff: false, ipcFailOver: false.
2025-05-12 13:59:30,731 [main] INFO  server.StorageContainerManager (StorageContainerManager.java:stop(1608)) - Container Balancer is not running.
2025-05-12 13:59:30,731 [main] INFO  server.StorageContainerManager (StorageContainerManager.java:stopReplicationManager(1742)) - Stopping Replication Manager Service.
2025-05-12 13:59:30,732 [main] INFO  replication.ReplicationManager (ReplicationManager.java:stop(316)) - Stopping Replication Monitor Thread.
2025-05-12 13:59:30,732 [main] INFO  server.StorageContainerManager (StorageContainerManager.java:stop(1617)) - Stopping the Datanode Admin Monitor.
2025-05-12 13:59:30,732 [UnderReplicatedProcessor] WARN  replication.UnhealthyReplicationProcessor (UnhealthyReplicationProcessor.java:run(178)) - UnderReplicatedProcessor interrupted. Exiting...
2025-05-12 13:59:30,732 [ReplicationMonitor] INFO  replication.ReplicationManager (ReplicationManager.java:run(936)) - Replication Monitor Thread is stopped
2025-05-12 13:59:30,732 [OverReplicatedProcessor] WARN  replication.UnhealthyReplicationProcessor (UnhealthyReplicationProcessor.java:run(178)) - OverReplicatedProcessor interrupted. Exiting...
2025-05-12 13:59:30,732 [main] INFO  server.StorageContainerManager (StorageContainerManager.java:stop(1624)) - Stopping datanode service RPC server
2025-05-12 13:59:30,732 [main] INFO  server.SCMDatanodeProtocolServer (SCMDatanodeProtocolServer.java:stop(447)) - Stopping the RPC server for DataNodes
2025-05-12 13:59:30,732 [main] INFO  ipc.Server (Server.java:stop(3697)) - Stopping server on 15015
2025-05-12 13:59:30,803 [SCMHeartbeatProcessor-0] WARN  node.NodeStateManager (NodeStateManager.java:scheduleNextHealthCheck(909)) - Current Thread is interrupted, shutting down HB processing thread for Node Manager.
2025-05-12 13:59:30,803 [main] INFO  server.StorageContainerManager (StorageContainerManager.java:stop(1632)) - Stopping block service RPC server
2025-05-12 13:59:30,804 [main] INFO  server.SCMBlockProtocolServer (SCMBlockProtocolServer.java:stop(175)) - Stopping the RPC server for Block Protocol
2025-05-12 13:59:30,804 [main] INFO  ipc.Server (Server.java:stop(3697)) - Stopping server on 15016
2025-05-12 13:59:30,807 [IPC Server Responder] INFO  ipc.Server (Server.java:run(1718)) - Stopping IPC Server Responder
2025-05-12 13:59:30,807 [IPC Server listener on 15016] INFO  ipc.Server (Server.java:run(1585)) - Stopping IPC Server listener on 15016
2025-05-12 13:59:30,807 [main] INFO  server.StorageContainerManager (StorageContainerManager.java:stop(1639)) - Stopping the StorageContainerLocationProtocol RPC server
2025-05-12 13:59:30,807 [main] INFO  server.SCMClientProtocolServer (SCMClientProtocolServer.java:stop(216)) - Stopping the RPC server for Client Protocol
2025-05-12 13:59:30,808 [main] INFO  ipc.Server (Server.java:stop(3697)) - Stopping server on 15014
2025-05-12 13:59:30,811 [IPC Server listener on 15014] INFO  ipc.Server (Server.java:run(1585)) - Stopping IPC Server listener on 15014
2025-05-12 13:59:30,811 [IPC Server Responder] INFO  ipc.Server (Server.java:run(1718)) - Stopping IPC Server Responder
2025-05-12 13:59:30,811 [main] INFO  server.StorageContainerManager (StorageContainerManager.java:stop(1646)) - Stopping Storage Container Manager HTTP server.
2025-05-12 13:59:30,812 [main] INFO  handler.ContextHandler (ContextHandler.java:doStop(1159)) - Stopped o.e.j.w.WebAppContext@65fcdaeb{scm,/,null,STOPPED}{file:/home/runner/work/ozone/ozone/hadoop-ozone/integration-test/target/test-classes/webapps/scm}
2025-05-12 13:59:30,813 [main] INFO  server.AbstractConnector (AbstractConnector.java:doStop(383)) - Stopped ServerConnector@6c84f223{HTTP/1.1, (http/1.1)}{0.0.0.0:9876}
2025-05-12 13:59:30,813 [main] INFO  server.session (HouseKeeper.java:stopScavenging(149)) - node0 Stopped scavenging
2025-05-12 13:59:30,813 [main] INFO  handler.ContextHandler (ContextHandler.java:doStop(1159)) - Stopped o.e.j.s.ServletContextHandler@56272a62{static,/static,file:///home/runner/work/ozone/ozone/hadoop-ozone/integration-test/target/test-classes/webapps/static,STOPPED}
2025-05-12 13:59:30,814 [main] INFO  handler.ContextHandler (ContextHandler.java:doStop(1159)) - Stopped o.e.j.s.ServletContextHandler@3dc3c293{logs,/logs,file:///home/runner/work/ozone/ozone/hadoop-ozone/integration-test/target/log,STOPPED}
2025-05-12 13:59:30,814 [main] INFO  server.StorageContainerManager (StorageContainerManager.java:stop(1654)) - Stopping SCM LayoutVersionManager Service.
2025-05-12 13:59:30,815 [main] INFO  server.SCMSecurityProtocolServer (SCMSecurityProtocolServer.java:stop(510)) - Stopping the SCMSecurityProtocolServer.
2025-05-12 13:59:30,815 [main] INFO  ipc.Server (Server.java:stop(3697)) - Stopping server on 15017
2025-05-12 13:59:30,815 [IPC Server Responder] INFO  ipc.Server (Server.java:run(1718)) - Stopping IPC Server Responder
2025-05-12 13:59:30,815 [IPC Server listener on 15017] INFO  ipc.Server (Server.java:run(1585)) - Stopping IPC Server listener on 15017
2025-05-12 13:59:30,815 [main] INFO  server.StorageContainerManager (StorageContainerManager.java:stop(1666)) - Stopping Block Manager Service.
2025-05-12 13:59:30,815 [main] INFO  utils.BackgroundService (BackgroundService.java:shutdown(160)) - Shutting down service SCMBlockDeletingService
2025-05-12 13:59:30,816 [main] INFO  utils.BackgroundService (BackgroundService.java:shutdown(160)) - Shutting down service SCMBlockDeletingService
2025-05-12 13:59:30,816 [main] INFO  server.StorageContainerManager (StorageContainerManager.java:stop(1691)) - Stopping SCM Event Queue.
2025-05-12 13:59:30,817 [main] INFO  server.StorageContainerManager (StorageContainerManager.java:stop(1698)) - Stopping SCM HA services.
2025-05-12 13:59:30,817 [main] INFO  ha.SCMRatisServerImpl (SCMRatisServerImpl.java:stop(266)) - stopping ratis server 0.0.0.0:15018
2025-05-12 13:59:30,817 [main] INFO  server.RaftServer (RaftServerProxy.java:lambda$close$9(417)) - a2545200-32fe-451b-bae3-26433ce7d32d: close
2025-05-12 13:59:30,818 [main] INFO  server.GrpcService (GrpcService.java:closeImpl(343)) - a2545200-32fe-451b-bae3-26433ce7d32d: shutdown server GrpcServerProtocolService now
2025-05-12 13:59:30,818 [a2545200-32fe-451b-bae3-26433ce7d32d-impl-thread1] INFO  server.RaftServer$Division (RaftServerImpl.java:lambda$close$1(513)) - a2545200-32fe-451b-bae3-26433ce7d32d@group-21A3E4F42F5E: shutdown
2025-05-12 13:59:30,818 [a2545200-32fe-451b-bae3-26433ce7d32d-impl-thread1] INFO  util.JmxRegister (JmxRegister.java:unregister(74)) - Successfully un-registered JMX Bean with object name Ratis:service=RaftServer,group=group-21A3E4F42F5E,id=a2545200-32fe-451b-bae3-26433ce7d32d
2025-05-12 13:59:30,818 [a2545200-32fe-451b-bae3-26433ce7d32d-impl-thread1] INFO  impl.RoleInfo (RoleInfo.java:shutdownFollowerState(121)) - a2545200-32fe-451b-bae3-26433ce7d32d: shutdown a2545200-32fe-451b-bae3-26433ce7d32d@group-21A3E4F42F5E-FollowerState
2025-05-12 13:59:30,818 [a2545200-32fe-451b-bae3-26433ce7d32d-impl-thread1] INFO  impl.StateMachineUpdater (StateMachineUpdater.java:stopAndJoin(164)) - a2545200-32fe-451b-bae3-26433ce7d32d@group-21A3E4F42F5E-StateMachineUpdater: set stopIndex = -1
2025-05-12 13:59:30,819 [a2545200-32fe-451b-bae3-26433ce7d32d@group-21A3E4F42F5E-StateMachineUpdater] INFO  impl.StateMachineUpdater (StateMachineUpdater.java:stop(141)) - a2545200-32fe-451b-bae3-26433ce7d32d@group-21A3E4F42F5E-StateMachineUpdater: closing SCMStateMachine, lastApplied=(t:0, i:~)
2025-05-12 13:59:30,819 [a2545200-32fe-451b-bae3-26433ce7d32d@group-21A3E4F42F5E-FollowerState] INFO  impl.FollowerState (FollowerState.java:runImpl(170)) - a2545200-32fe-451b-bae3-26433ce7d32d@group-21A3E4F42F5E-FollowerState was interrupted
2025-05-12 13:59:30,819 [a2545200-32fe-451b-bae3-26433ce7d32d@group-21A3E4F42F5E-cacheEviction-AwaitToRun] INFO  util.AwaitToRun (AwaitToRun.java:run(49)) - a2545200-32fe-451b-bae3-26433ce7d32d@group-21A3E4F42F5E-cacheEviction-AwaitToRun-AwaitForSignal is interrupted
2025-05-12 13:59:30,824 [main] INFO  server.GrpcService (GrpcService.java:closeImpl(352)) - a2545200-32fe-451b-bae3-26433ce7d32d: shutdown server GrpcServerProtocolService successfully
2025-05-12 13:59:30,953 [a2545200-32fe-451b-bae3-26433ce7d32d-impl-thread1] INFO  segmented.SegmentedRaftLogWorker (SegmentedRaftLogWorker.java:close(252)) - a2545200-32fe-451b-bae3-26433ce7d32d@group-21A3E4F42F5E-SegmentedRaftLogWorker close()
2025-05-12 13:59:30,953 [JvmPauseMonitor5] INFO  util.JvmPauseMonitor (JvmPauseMonitor.java:run(152)) - JvmPauseMonitor-a2545200-32fe-451b-bae3-26433ce7d32d: Stopped
2025-05-12 13:59:30,954 [main] INFO  SCMHATransactionMonitor (BackgroundSCMService.java:stop(127)) - Stopping SCMHATransactionMonitor Service.
2025-05-12 13:59:30,954 [SCMHATransactionMonitor] WARN  SCMHATransactionMonitor (BackgroundSCMService.java:run(111)) - SCMHATransactionMonitor is interrupted, exit
2025-05-12 13:59:30,954 [main] INFO  pipeline.BackgroundPipelineCreator (BackgroundPipelineCreator.java:stop(154)) - Stopping RatisPipelineUtilsThread.
2025-05-12 13:59:30,954 [RatisPipelineUtilsThread-0] WARN  pipeline.BackgroundPipelineCreator (BackgroundPipelineCreator.java:run(185)) - RatisPipelineUtilsThread is interrupted.
2025-05-12 13:59:30,954 [main] INFO  BackgroundPipelineScrubber (BackgroundSCMService.java:stop(127)) - Stopping BackgroundPipelineScrubber Service.
2025-05-12 13:59:30,954 [BackgroundPipelineScrubber] WARN  BackgroundPipelineScrubber (BackgroundSCMService.java:run(111)) - BackgroundPipelineScrubber is interrupted, exit
2025-05-12 13:59:30,955 [main] INFO  impl.MetricsSystemImpl (MetricsSystemImpl.java:stop(210)) - Stopping StorageContainerManager metrics system...
2025-05-12 13:59:30,956 [prometheus] INFO  impl.MetricsSinkAdapter (MetricsSinkAdapter.java:publishMetricsFromQueue(141)) - prometheus thread interrupted.
2025-05-12 13:59:30,956 [main] INFO  impl.MetricsSystemImpl (MetricsSystemImpl.java:stop(216)) - StorageContainerManager metrics system stopped.
2025-05-12 13:59:30,957 [main] WARN  pipeline.BackgroundPipelineCreator (BackgroundPipelineCreator.java:stop(150)) - RatisPipelineUtilsThread is not running, just ignore.
2025-05-12 13:59:30,957 [main] INFO  BackgroundPipelineScrubber (BackgroundSCMService.java:stop(122)) - BackgroundPipelineScrubber Service is not running, skip stop.
2025-05-12 13:59:30,957 [ExpiredContainerReplicaOpScrubber] WARN  ExpiredContainerReplicaOpScrubber (BackgroundSCMService.java:run(111)) - ExpiredContainerReplicaOpScrubber is interrupted, exit
2025-05-12 13:59:30,957 [main] INFO  ExpiredContainerReplicaOpScrubber (BackgroundSCMService.java:stop(127)) - Stopping ExpiredContainerReplicaOpScrubber Service.
2025-05-12 13:59:30,957 [main] INFO  utils.BackgroundService (BackgroundService.java:shutdown(160)) - Shutting down service SCMBlockDeletingService
2025-05-12 13:59:30,958 [main] INFO  replication.ReplicationManager (ReplicationManager.java:stop(323)) - Replication Monitor Thread is not running.
2025-05-12 13:59:30,958 [main] WARN  balancer.ContainerBalancer (ContainerBalancer.java:stop(350)) - Cannot stop Container Balancer because it's not running or stopping
2025-05-12 13:59:30,958 [main] INFO  SCMHATransactionMonitor (BackgroundSCMService.java:stop(122)) - SCMHATransactionMonitor Service is not running, skip stop.
2025-05-12 13:59:30,958 [main] INFO  server.StorageContainerManager (StorageContainerManager.java:stop(1733)) - Stopping SCM MetadataStore.
2025-05-12 13:59:30,958 [a2545200-32fe-451b-bae3-26433ce7d32d-scm/sub-ca-refreshCACertificates] ERROR util.ExitUtils (ExitUtils.java:terminate(133)) - Terminating with exit status -1: Thread[#977,a2545200-32fe-451b-bae3-26433ce7d32d-scm/sub-ca-refreshCACertificates,5,main] has thrown an uncaught exception
java.lang.reflect.UndeclaredThrowableException
	at jdk.proxy2/jdk.proxy2.$Proxy45.submitRequest(Unknown Source)
	at org.apache.hadoop.hdds.protocolPB.SCMSecurityProtocolClientSideTranslatorPB.submitRequest(SCMSecurityProtocolClientSideTranslatorPB.java:93)
	at org.apache.hadoop.hdds.protocolPB.SCMSecurityProtocolClientSideTranslatorPB.getAllRootCaCertificates(SCMSecurityProtocolClientSideTranslatorPB.java:382)
	at org.apache.hadoop.hdds.security.x509.certificate.client.SCMCertificateClient$RefreshCACertificates.run(SCMCertificateClient.java:238)
	at java.base/java.util.concurrent.ThreadPoolExecutor.runWorker(ThreadPoolExecutor.java:1144)
	at java.base/java.util.concurrent.ThreadPoolExecutor$Worker.run(ThreadPoolExecutor.java:642)
	at java.base/java.lang.Thread.run(Thread.java:1583)
Caused by: java.io.InterruptedIOException: Retry interrupted
	at org.apache.hadoop.io.retry.RetryInvocationHandler$Call.processWaitTimeAndRetryInfo(RetryInvocationHandler.java:141)
	at org.apache.hadoop.io.retry.RetryInvocationHandler$Call.invokeOnce(RetryInvocationHandler.java:112)
	at org.apache.hadoop.io.retry.RetryInvocationHandler.invoke(RetryInvocationHandler.java:366)
	... 7 more
Caused by: java.lang.InterruptedException: sleep interrupted
	at java.base/java.lang.Thread.sleep0(Native Method)
	at java.base/java.lang.Thread.sleep(Thread.java:509)
	at org.apache.hadoop.io.retry.RetryInvocationHandler$Call.processWaitTimeAndRetryInfo(RetryInvocationHandler.java:135)
	... 9 more
2025-05-12 13:59:30,959 [LeaseManager#LeaseMonitor] WARN  lease.LeaseManager (LeaseManager.java:run(285)) - Lease manager is interrupted. Shutting down...
java.lang.InterruptedException
	at java.base/java.util.concurrent.locks.AbstractQueuedSynchronizer.tryAcquireSharedNanos(AbstractQueuedSynchronizer.java:1133)
	at java.base/java.util.concurrent.Semaphore.tryAcquire(Semaphore.java:415)
	at org.apache.hadoop.ozone.lease.LeaseManager$LeaseMonitor.run(LeaseManager.java:283)
	at java.base/java.lang.Thread.run(Thread.java:1583)
2025-05-12 13:59:30,960 [main] INFO  impl.DefaultInternalKdcServerImpl (DefaultInternalKdcServerImpl.java:doStop(102)) - Default Internal kdc server stopped.
2025-05-12 13:59:31,960 [main] INFO  minikdc.MiniKdc (MiniKdc.java:stop(359)) - MiniKdc stopped.
2025-05-12 13:59:31,960 [main] INFO  server.StorageContainerManager (StorageContainerManager.java:stop(1597)) - Storage Container Manager is not running.
2025-05-12 13:59:31,961 [main] INFO  server.StorageContainerManager (StorageContainerManager.java:stopReplicationManager(1742)) - Stopping Replication Manager Service.
2025-05-12 13:59:31,961 [main] INFO  replication.ReplicationManager (ReplicationManager.java:stop(323)) - Replication Monitor Thread is not running.
2025-05-12 13:59:31,961 [main] INFO  server.SCMSecurityProtocolServer (SCMSecurityProtocolServer.java:join(519)) - Join RPC server for SCMSecurityProtocolServer.
2025-05-12 13:59:31,961 [main] INFO  server.SCMSecurityProtocolServer (SCMSecurityProtocolServer.java:join(521)) - Join gRPC server for SCMSecurityProtocolServer.
]]></system-out>
    </rerunError>
    <rerunError message="Problem binding to [pkrvmberfyhpb9w.internal.cloudapp.net:15027] java.net.BindException: Cannot assign requested address; For more details see:  http://wiki.apache.org/hadoop/BindException" type="java.net.BindException">
      <stackTrace><![CDATA[java.net.BindException: Problem binding to [pkrvmberfyhpb9w.internal.cloudapp.net:15027] java.net.BindException: Cannot assign requested address; For more details see:  http://wiki.apache.org/hadoop/BindException
	at java.base/jdk.internal.reflect.DirectConstructorHandleAccessor.newInstance(DirectConstructorHandleAccessor.java:62)
	at java.base/java.lang.reflect.Constructor.newInstanceWithCaller(Constructor.java:502)
	at java.base/java.lang.reflect.Constructor.newInstance(Constructor.java:486)
	at org.apache.hadoop.net.NetUtils.wrapWithMessage(NetUtils.java:961)
	at org.apache.hadoop.net.NetUtils.wrapException(NetUtils.java:857)
	at org.apache.hadoop.ipc.Server.bind(Server.java:715)
	at org.apache.hadoop.ipc.Server$Listener.<init>(Server.java:1435)
	at org.apache.hadoop.ipc.Server.<init>(Server.java:3364)
	at org.apache.hadoop.ipc.RPC$Server.<init>(RPC.java:1195)
	at org.apache.hadoop.ipc.ProtobufRpcEngine2$Server.<init>(ProtobufRpcEngine2.java:485)
	at org.apache.hadoop.ipc.ProtobufRpcEngine$Server.<init>(ProtobufRpcEngine.java:452)
	at org.apache.hadoop.ipc.ProtobufRpcEngine.getServer(ProtobufRpcEngine.java:375)
	at org.apache.hadoop.ipc.RPC$Builder.build(RPC.java:986)
	at org.apache.hadoop.ozone.om.OzoneManager.startRpcServer(OzoneManager.java:1414)
	at org.apache.hadoop.ozone.om.OzoneManager.getRpcServer(OzoneManager.java:1376)
	at org.apache.hadoop.ozone.om.OzoneManager.<init>(OzoneManager.java:695)
	at org.apache.hadoop.ozone.om.OzoneManager.createOm(OzoneManager.java:877)
	at org.apache.hadoop.ozone.TestSecureOzoneCluster.setupOm(TestSecureOzoneCluster.java:716)
	at org.apache.hadoop.ozone.TestSecureOzoneCluster.testGetSetRevokeS3Secret(TestSecureOzoneCluster.java:728)
	at java.base/java.lang.reflect.Method.invoke(Method.java:580)
	at java.base/java.util.ArrayList.forEach(ArrayList.java:1596)
	at java.base/java.util.ArrayList.forEach(ArrayList.java:1596)
Caused by: java.net.BindException: Cannot assign requested address
	at java.base/sun.nio.ch.Net.bind0(Native Method)
	at java.base/sun.nio.ch.Net.bind(Net.java:565)
	at java.base/sun.nio.ch.ServerSocketChannelImpl.netBind(ServerSocketChannelImpl.java:344)
	at java.base/sun.nio.ch.ServerSocketChannelImpl.bind(ServerSocketChannelImpl.java:301)
	at java.base/sun.nio.ch.ServerSocketAdaptor.bind(ServerSocketAdaptor.java:89)
	at org.apache.hadoop.ipc.Server.bind(Server.java:698)
	... 16 more
]]></stackTrace>
      <system-out><![CDATA[2025-05-12 13:59:31,996 [main] INFO  minikdc.MiniKdc (MiniKdc.java:<init>(225)) - Configuration:
2025-05-12 13:59:31,996 [main] INFO  minikdc.MiniKdc (MiniKdc.java:<init>(226)) - ---------------------------------------------------------------
2025-05-12 13:59:31,996 [main] INFO  minikdc.MiniKdc (MiniKdc.java:<init>(228)) -   max.renewable.lifetime: 604800000
2025-05-12 13:59:31,996 [main] INFO  minikdc.MiniKdc (MiniKdc.java:<init>(228)) -   instance: DefaultKrbServer
2025-05-12 13:59:31,996 [main] INFO  minikdc.MiniKdc (MiniKdc.java:<init>(228)) -   debug: false
2025-05-12 13:59:31,996 [main] INFO  minikdc.MiniKdc (MiniKdc.java:<init>(228)) -   kdc.bind.address: localhost
2025-05-12 13:59:31,996 [main] INFO  minikdc.MiniKdc (MiniKdc.java:<init>(228)) -   max.ticket.lifetime: 86400000
2025-05-12 13:59:31,996 [main] INFO  minikdc.MiniKdc (MiniKdc.java:<init>(228)) -   transport: TCP
2025-05-12 13:59:31,996 [main] INFO  minikdc.MiniKdc (MiniKdc.java:<init>(228)) -   org.name: EXAMPLE
2025-05-12 13:59:31,996 [main] INFO  minikdc.MiniKdc (MiniKdc.java:<init>(228)) -   org.domain: COM
2025-05-12 13:59:31,996 [main] INFO  minikdc.MiniKdc (MiniKdc.java:<init>(228)) -   kdc.port: 0
2025-05-12 13:59:31,996 [main] INFO  minikdc.MiniKdc (MiniKdc.java:<init>(230)) - ---------------------------------------------------------------
2025-05-12 13:59:31,997 [main] INFO  minikdc.MiniKdc (MiniKdc.java:start(285)) - MiniKdc started.
2025-05-12 13:59:32,544 [main] INFO  keys.KeyStorage (KeyStorage.java:storePublicKey(210)) - Storing public key to /tmp/junit-15725290785370428166/om-meta/om/keys/public.pem.
2025-05-12 13:59:32,544 [main] INFO  keys.KeyStorage (KeyStorage.java:storePrivateKey(194)) - Storing private key to /tmp/junit-15725290785370428166/om-meta/om/keys/private.pem.
2025-05-12 13:59:32,545 [main] INFO  om.OzoneManager (OzoneManager.java:getOmDetailsProto(4941)) - OzoneManager ports added:[name: "RPC"
value: 15027
]
2025-05-12 13:59:32,545 [main] WARN  server.ServerUtils (ServerUtils.java:getScmDbDir(138)) - ozone.scm.db.dirs is not configured. We recommend adding this setting. Falling back to ozone.metadata.dirs instead.
2025-05-12 13:59:32,546 [main] INFO  ha.HASecurityUtils (HASecurityUtils.java:initializeSecurity(79)) - Initializing secure StorageContainerManager.
2025-05-12 13:59:32,546 [main] INFO  proxy.SCMSecurityProtocolFailoverProxyProvider (SCMFailoverProxyProviderBase.java:<init>(120)) - Created fail-over proxy for protocol SCMSecurityProtocolPB with 1 nodes: [nodeId=scmNodeId,nodeAddress=localhost/127.0.0.1:15024]
2025-05-12 13:59:32,547 [main] INFO  client.SCMCertificateClient (DefaultCertificateClient.java:updateCertSerialId(1289)) - Certificate serial ID set to null
2025-05-12 13:59:32,547 [main] ERROR client.SCMCertificateClient (DefaultCertificateClient.java:getCertPath(373)) - Default certificate serial id is not set. Can't locate the default certificate for this client.
2025-05-12 13:59:32,547 [main] INFO  client.SCMCertificateClient (DefaultCertificateClient.java:init(717)) - Certificate client init case: 0
2025-05-12 13:59:32,547 [main] INFO  client.SCMCertificateClient (DefaultCertificateClient.java:handleCase(735)) - Creating keypair for client as keypair and certificate not found.
2025-05-12 13:59:32,722 [main] INFO  keys.KeyStorage (KeyStorage.java:storePublicKey(210)) - Storing public key to /tmp/junit-15725290785370428166/scm-meta/scm/sub-ca/keys/public.pem.
2025-05-12 13:59:32,722 [main] INFO  keys.KeyStorage (KeyStorage.java:storePrivateKey(194)) - Storing private key to /tmp/junit-15725290785370428166/scm-meta/scm/sub-ca/keys/private.pem.
2025-05-12 13:59:32,722 [main] INFO  client.SCMCertificateClient (SCMCertificateClient.java:recoverStateIfNeeded(278)) - Init response: GETCERT
2025-05-12 13:59:32,723 [main] INFO  keys.KeyStorage (KeyStorage.java:readPublicKey(174)) - Reading public key from /tmp/junit-15725290785370428166/scm-meta/scm/ca/keys/public.pem.
2025-05-12 13:59:32,723 [main] ERROR keys.KeyStorage (KeyStorage.java:readPublicKey(178)) - Failed to read the public key.
java.nio.file.NoSuchFileException: /tmp/junit-15725290785370428166/scm-meta/scm/ca/keys/public.pem
	at java.base/sun.nio.fs.UnixException.translateToIOException(UnixException.java:92)
	at java.base/sun.nio.fs.UnixException.rethrowAsIOException(UnixException.java:106)
	at java.base/sun.nio.fs.UnixException.rethrowAsIOException(UnixException.java:111)
	at java.base/sun.nio.fs.UnixFileSystemProvider.newByteChannel(UnixFileSystemProvider.java:261)
	at java.base/java.nio.file.Files.newByteChannel(Files.java:380)
	at java.base/java.nio.file.Files.newByteChannel(Files.java:432)
	at java.base/java.nio.file.Files.readAllBytes(Files.java:3281)
	at org.apache.hadoop.hdds.security.x509.keys.KeyStorage.readPublicKey(KeyStorage.java:176)
	at org.apache.hadoop.hdds.security.x509.keys.KeyStorage.readKeyPair(KeyStorage.java:184)
	at org.apache.hadoop.hdds.security.x509.certificate.authority.DefaultCAServer.checkIfKeysExist(DefaultCAServer.java:354)
	at org.apache.hadoop.hdds.security.x509.certificate.authority.DefaultCAServer.verifySelfSignedCA(DefaultCAServer.java:323)
	at org.apache.hadoop.hdds.security.x509.certificate.authority.DefaultCAServer.init(DefaultCAServer.java:162)
	at org.apache.hadoop.hdds.security.x509.certificate.client.SCMCertificateClient.initializeRootCertificateServer(SCMCertificateClient.java:396)
	at org.apache.hadoop.hdds.security.x509.certificate.client.SCMCertificateClient.getPrimarySCMSelfSignedCert(SCMCertificateClient.java:346)
	at org.apache.hadoop.hdds.security.x509.certificate.client.SCMCertificateClient.recoverStateIfNeeded(SCMCertificateClient.java:287)
	at org.apache.hadoop.hdds.security.x509.certificate.client.DefaultCertificateClient.initWithRecovery(DefaultCertificateClient.java:698)
	at org.apache.hadoop.hdds.scm.ha.HASecurityUtils.initializeSecurity(HASecurityUtils.java:96)
	at org.apache.hadoop.ozone.TestSecureOzoneCluster.initSCM(TestSecureOzoneCluster.java:450)
	at org.apache.hadoop.ozone.TestSecureOzoneCluster.testGetSetRevokeS3Secret(TestSecureOzoneCluster.java:722)
	at java.base/jdk.internal.reflect.DirectMethodHandleAccessor.invoke(DirectMethodHandleAccessor.java:103)
	at java.base/java.lang.reflect.Method.invoke(Method.java:580)
	at org.junit.platform.commons.util.ReflectionUtils.invokeMethod(ReflectionUtils.java:775)
	at org.junit.platform.commons.support.ReflectionSupport.invokeMethod(ReflectionSupport.java:479)
	at org.junit.jupiter.engine.execution.MethodInvocation.proceed(MethodInvocation.java:60)
	at org.junit.jupiter.engine.execution.InvocationInterceptorChain$ValidatingInvocation.proceed(InvocationInterceptorChain.java:131)
	at org.junit.jupiter.engine.extension.SameThreadTimeoutInvocation.proceed(SameThreadTimeoutInvocation.java:49)
	at org.junit.jupiter.engine.extension.TimeoutExtension.intercept(TimeoutExtension.java:161)
	at org.junit.jupiter.engine.extension.TimeoutExtension.interceptTestableMethod(TimeoutExtension.java:152)
	at org.junit.jupiter.engine.extension.TimeoutExtension.interceptTestMethod(TimeoutExtension.java:91)
	at org.junit.jupiter.engine.execution.InterceptingExecutableInvoker$ReflectiveInterceptorCall.lambda$ofVoidMethod$0(InterceptingExecutableInvoker.java:112)
	at org.junit.jupiter.engine.execution.InterceptingExecutableInvoker.lambda$invoke$0(InterceptingExecutableInvoker.java:94)
	at org.junit.jupiter.engine.execution.InvocationInterceptorChain$InterceptedInvocation.proceed(InvocationInterceptorChain.java:106)
	at org.junit.jupiter.engine.execution.InvocationInterceptorChain.proceed(InvocationInterceptorChain.java:64)
	at org.junit.jupiter.engine.execution.InvocationInterceptorChain.chainAndInvoke(InvocationInterceptorChain.java:45)
	at org.junit.jupiter.engine.execution.InvocationInterceptorChain.invoke(InvocationInterceptorChain.java:37)
	at org.junit.jupiter.engine.execution.InterceptingExecutableInvoker.invoke(InterceptingExecutableInvoker.java:93)
	at org.junit.jupiter.engine.execution.InterceptingExecutableInvoker.invoke(InterceptingExecutableInvoker.java:87)
	at org.junit.jupiter.engine.descriptor.TestMethodTestDescriptor.lambda$invokeTestMethod$7(TestMethodTestDescriptor.java:216)
	at org.junit.platform.engine.support.hierarchical.ThrowableCollector.execute(ThrowableCollector.java:73)
	at org.junit.jupiter.engine.descriptor.TestMethodTestDescriptor.invokeTestMethod(TestMethodTestDescriptor.java:212)
	at org.junit.jupiter.engine.descriptor.TestMethodTestDescriptor.execute(TestMethodTestDescriptor.java:137)
	at org.junit.jupiter.engine.descriptor.TestMethodTestDescriptor.execute(TestMethodTestDescriptor.java:69)
	at org.junit.platform.engine.support.hierarchical.NodeTestTask.lambda$executeRecursively$6(NodeTestTask.java:156)
	at org.junit.platform.engine.support.hierarchical.ThrowableCollector.execute(ThrowableCollector.java:73)
	at org.junit.platform.engine.support.hierarchical.NodeTestTask.lambda$executeRecursively$8(NodeTestTask.java:146)
	at org.junit.platform.engine.support.hierarchical.Node.around(Node.java:137)
	at org.junit.platform.engine.support.hierarchical.NodeTestTask.lambda$executeRecursively$9(NodeTestTask.java:144)
	at org.junit.platform.engine.support.hierarchical.ThrowableCollector.execute(ThrowableCollector.java:73)
	at org.junit.platform.engine.support.hierarchical.NodeTestTask.executeRecursively(NodeTestTask.java:143)
	at org.junit.platform.engine.support.hierarchical.NodeTestTask.execute(NodeTestTask.java:100)
	at java.base/java.util.ArrayList.forEach(ArrayList.java:1596)
	at org.junit.platform.engine.support.hierarchical.SameThreadHierarchicalTestExecutorService.invokeAll(SameThreadHierarchicalTestExecutorService.java:41)
	at org.junit.platform.engine.support.hierarchical.NodeTestTask.lambda$executeRecursively$6(NodeTestTask.java:160)
	at org.junit.platform.engine.support.hierarchical.ThrowableCollector.execute(ThrowableCollector.java:73)
	at org.junit.platform.engine.support.hierarchical.NodeTestTask.lambda$executeRecursively$8(NodeTestTask.java:146)
	at org.junit.platform.engine.support.hierarchical.Node.around(Node.java:137)
	at org.junit.platform.engine.support.hierarchical.NodeTestTask.lambda$executeRecursively$9(NodeTestTask.java:144)
	at org.junit.platform.engine.support.hierarchical.ThrowableCollector.execute(ThrowableCollector.java:73)
	at org.junit.platform.engine.support.hierarchical.NodeTestTask.executeRecursively(NodeTestTask.java:143)
	at org.junit.platform.engine.support.hierarchical.NodeTestTask.execute(NodeTestTask.java:100)
	at java.base/java.util.ArrayList.forEach(ArrayList.java:1596)
	at org.junit.platform.engine.support.hierarchical.SameThreadHierarchicalTestExecutorService.invokeAll(SameThreadHierarchicalTestExecutorService.java:41)
	at org.junit.platform.engine.support.hierarchical.NodeTestTask.lambda$executeRecursively$6(NodeTestTask.java:160)
	at org.junit.platform.engine.support.hierarchical.ThrowableCollector.execute(ThrowableCollector.java:73)
	at org.junit.platform.engine.support.hierarchical.NodeTestTask.lambda$executeRecursively$8(NodeTestTask.java:146)
	at org.junit.platform.engine.support.hierarchical.Node.around(Node.java:137)
	at org.junit.platform.engine.support.hierarchical.NodeTestTask.lambda$executeRecursively$9(NodeTestTask.java:144)
	at org.junit.platform.engine.support.hierarchical.ThrowableCollector.execute(ThrowableCollector.java:73)
	at org.junit.platform.engine.support.hierarchical.NodeTestTask.executeRecursively(NodeTestTask.java:143)
	at org.junit.platform.engine.support.hierarchical.NodeTestTask.execute(NodeTestTask.java:100)
	at org.junit.platform.engine.support.hierarchical.SameThreadHierarchicalTestExecutorService.submit(SameThreadHierarchicalTestExecutorService.java:35)
	at org.junit.platform.engine.support.hierarchical.HierarchicalTestExecutor.execute(HierarchicalTestExecutor.java:57)
	at org.junit.platform.engine.support.hierarchical.HierarchicalTestEngine.execute(HierarchicalTestEngine.java:54)
	at org.junit.platform.launcher.core.EngineExecutionOrchestrator.execute(EngineExecutionOrchestrator.java:201)
	at org.junit.platform.launcher.core.EngineExecutionOrchestrator.execute(EngineExecutionOrchestrator.java:170)
	at org.junit.platform.launcher.core.EngineExecutionOrchestrator.execute(EngineExecutionOrchestrator.java:94)
	at org.junit.platform.launcher.core.EngineExecutionOrchestrator.lambda$execute$0(EngineExecutionOrchestrator.java:59)
	at org.junit.platform.launcher.core.EngineExecutionOrchestrator.withInterceptedStreams(EngineExecutionOrchestrator.java:142)
	at org.junit.platform.launcher.core.EngineExecutionOrchestrator.execute(EngineExecutionOrchestrator.java:58)
	at org.junit.platform.launcher.core.DefaultLauncher.execute(DefaultLauncher.java:103)
	at org.junit.platform.launcher.core.DefaultLauncher.execute(DefaultLauncher.java:85)
	at org.junit.platform.launcher.core.DelegatingLauncher.execute(DelegatingLauncher.java:47)
	at org.junit.platform.launcher.core.InterceptingLauncher.lambda$execute$1(InterceptingLauncher.java:39)
	at org.junit.platform.launcher.core.ClasspathAlignmentCheckingLauncherInterceptor.intercept(ClasspathAlignmentCheckingLauncherInterceptor.java:25)
	at org.junit.platform.launcher.core.InterceptingLauncher.execute(InterceptingLauncher.java:38)
	at org.junit.platform.launcher.core.DelegatingLauncher.execute(DelegatingLauncher.java:47)
	at org.apache.maven.surefire.junitplatform.LazyLauncher.execute(LazyLauncher.java:56)
	at org.apache.maven.surefire.junitplatform.JUnitPlatformProvider.invokeAllTests(JUnitPlatformProvider.java:162)
	at org.apache.maven.surefire.junitplatform.JUnitPlatformProvider.invoke(JUnitPlatformProvider.java:120)
	at org.apache.maven.surefire.booter.ForkedBooter.runSuitesInProcess(ForkedBooter.java:385)
	at org.apache.maven.surefire.booter.ForkedBooter.execute(ForkedBooter.java:162)
	at org.apache.maven.surefire.booter.ForkedBooter.run(ForkedBooter.java:507)
	at org.apache.maven.surefire.booter.ForkedBooter.main(ForkedBooter.java:495)
2025-05-12 13:59:32,810 [main] INFO  keys.KeyStorage (KeyStorage.java:storePublicKey(210)) - Storing public key to /tmp/junit-15725290785370428166/scm-meta/scm/ca/keys/public.pem.
2025-05-12 13:59:32,810 [main] INFO  keys.KeyStorage (KeyStorage.java:storePrivateKey(194)) - Storing private key to /tmp/junit-15725290785370428166/scm-meta/scm/ca/keys/private.pem.
2025-05-12 13:59:32,810 [main] INFO  ozone.OzoneSecurityUtil (OzoneSecurityUtil.java:getValidInetsForCurrentHost(116)) - ip:fe80:0:0:0:6245:bdff:fe33:754b%eth0 not returned.
2025-05-12 13:59:32,814 [main] INFO  ozone.OzoneSecurityUtil (OzoneSecurityUtil.java:getValidInetsForCurrentHost(113)) - Adding ip:10.1.1.103,host:10.1.1.103
2025-05-12 13:59:32,814 [main] INFO  ozone.OzoneSecurityUtil (OzoneSecurityUtil.java:getValidInetsForCurrentHost(116)) - ip:0:0:0:0:0:0:0:1%lo not returned.
2025-05-12 13:59:32,814 [main] INFO  ozone.OzoneSecurityUtil (OzoneSecurityUtil.java:getValidInetsForCurrentHost(116)) - ip:127.0.0.1 not returned.
2025-05-12 13:59:32,828 [main] ERROR utils.SelfSignedCertificate (SelfSignedCertificate.java:lambda$addInetAddresses$0(244)) - Invalid domain 10.1.1.103
2025-05-12 13:59:32,832 [main] INFO  utils.SelfSignedCertificate (SelfSignedCertificate.java:generateCertificate(156)) - Certificate 1 is issued by SERIALNUMBER=1, O=b22fb38b-a122-4cd1-a7ea-3d151091f17f, OU=a31b970d-7794-4e3b-90f6-b1b104a36046, CN=scm@pkrvmberfyhpb9w to SERIALNUMBER=1, O=b22fb38b-a122-4cd1-a7ea-3d151091f17f, OU=a31b970d-7794-4e3b-90f6-b1b104a36046, CN=scm@pkrvmberfyhpb9w, valid from Mon May 12 13:59:32 UTC 2025 to Thu Jun 20 13:59:32 UTC 2030
2025-05-12 13:59:32,832 [main] INFO  utils.CertificateCodec (CertificateCodec.java:writeCertificate(239)) - Save certificate to /tmp/junit-15725290785370428166/scm-meta/scm/ca/certs/certificate.crt
2025-05-12 13:59:32,833 [main] INFO  utils.CertificateCodec (CertificateCodec.java:writeCertificate(240)) - Certificate -----BEGIN CERTIFICATE-----
MIIDwTCCAqmgAwIBAgIBATANBgkqhkiG9w0BAQsFADCBiDEcMBoGA1UEAwwTc2Nt
QHBrcnZtYmVyZnlocGI5dzEtMCsGA1UECwwkYTMxYjk3MGQtNzc5NC00ZTNiLTkw
ZjYtYjFiMTA0YTM2MDQ2MS0wKwYDVQQKDCRiMjJmYjM4Yi1hMTIyLTRjZDEtYTdl
YS0zZDE1MTA5MWYxN2YxCjAIBgNVBAUTATEwHhcNMjUwNTEyMTM1OTMyWhcNMzAw
NjIwMTM1OTMyWjCBiDEcMBoGA1UEAwwTc2NtQHBrcnZtYmVyZnlocGI5dzEtMCsG
A1UECwwkYTMxYjk3MGQtNzc5NC00ZTNiLTkwZjYtYjFiMTA0YTM2MDQ2MS0wKwYD
VQQKDCRiMjJmYjM4Yi1hMTIyLTRjZDEtYTdlYS0zZDE1MTA5MWYxN2YxCjAIBgNV
BAUTATEwggEiMA0GCSqGSIb3DQEBAQUAA4IBDwAwggEKAoIBAQCPzhWKZjCWRedn
VyMZlxFl8qbQAVlDzDSnTTEDUxOY9YLUKiT+6jOqZCb5YkxU8PZh+OVhY1fF5YNN
Q7eKTr1f8Rd9wU0gUoybc7kV64vqIbhvn2dYOllhkpZYigY9W8HwvyxFRrgHInSB
OfUSo9BMGTdIHLTu/O3SAc7Bs1yOtuQEqeu+9h6Be2Rila3NDgsnJcV2FJhEQ9tO
lkLn9Jxj5GHqnwz6+7Bi+VRzMXjjCFIq3OLGozrcDzYs1/y7SFbKqDCgTVBk70Yl
G1xyWOBlriIpI5RoAsd1WrbiQ4R4fpxmUH0Li7vGwDCKO6hIa3tWY6TFxWe/1lgp
ZzKO9VQNAgMBAAGjNDAyMA8GA1UdEwEB/wQFMAMBAf8wDgYDVR0PAQH/BAQDAgEG
MA8GA1UdEQQIMAaHBAoBAWcwDQYJKoZIhvcNAQELBQADggEBAI8BeSubtCKTevtT
k2RGsMKrC1cyMzU+J7mtX9tlFo7ojyjAHkAEacMzzGnidWFX5iZ4ZVHIw0LX8nC2
o6W+gotP5VzOgl0JxzRf7F6JGZs3pEbopI8IGvhVzbjRn3d3U0fubcKrp2yjCRVd
YJ+CYGSL9lZDlZEZz6SqFKqS0oh0XtXMSNCTP0AJUZQX1jLJJIN/Mb5AmIDfAcfu
YH49f1EB5RoI9FMFgY8JjvNSubIDpf/rQ1wA2K8mpYYzfTZHEyZpG0QkrJh6tt1n
WaOgHsHMz66SUTCji4qgcL7WkyjsNYADjO2Omy3iDCfHmeTf5m6QabDlQ4PEqpJi
mqsr8Dc=
-----END CERTIFICATE-----

2025-05-12 13:59:32,833 [main] INFO  keys.KeyStorage (KeyStorage.java:readPublicKey(174)) - Reading public key from /tmp/junit-15725290785370428166/scm-meta/scm/ca/keys/public.pem.
2025-05-12 13:59:32,833 [main] INFO  keys.KeyStorage (KeyStorage.java:readPrivateKey(158)) - Reading private key from /tmp/junit-15725290785370428166/scm-meta/scm/ca/keys/private.pem.
2025-05-12 13:59:32,834 [main] INFO  client.SCMCertificateClient (SCMCertificateClient.java:configureCSRBuilder(141)) - Creating csr for SCM->hostName:pkrvmberfyhpb9w,scmId:a31b970d-7794-4e3b-90f6-b1b104a36046,clusterId:b22fb38b-a122-4cd1-a7ea-3d151091f17f,subject:scm-sub@pkrvmberfyhpb9w
2025-05-12 13:59:32,834 [main] INFO  ozone.OzoneSecurityUtil (OzoneSecurityUtil.java:getValidInetsForCurrentHost(116)) - ip:fe80:0:0:0:6245:bdff:fe33:754b%eth0 not returned.
2025-05-12 13:59:32,837 [main] INFO  ozone.OzoneSecurityUtil (OzoneSecurityUtil.java:getValidInetsForCurrentHost(113)) - Adding ip:10.1.1.103,host:10.1.1.103
2025-05-12 13:59:32,838 [main] INFO  ozone.OzoneSecurityUtil (OzoneSecurityUtil.java:getValidInetsForCurrentHost(116)) - ip:0:0:0:0:0:0:0:1%lo not returned.
2025-05-12 13:59:32,838 [main] INFO  ozone.OzoneSecurityUtil (OzoneSecurityUtil.java:getValidInetsForCurrentHost(116)) - ip:127.0.0.1 not returned.
2025-05-12 13:59:32,840 [main] ERROR utils.CertificateSignRequest (CertificateSignRequest.java:lambda$addInetAddresses$0(316)) - Invalid domain 10.1.1.103
2025-05-12 13:59:32,842 [main] INFO  keys.KeyStorage (KeyStorage.java:readPrivateKey(158)) - Reading private key from /tmp/junit-15725290785370428166/scm-meta/scm/ca/keys/private.pem.
2025-05-12 13:59:32,843 [main] INFO  authority.DefaultApprover (DefaultApprover.java:sign(171)) - Extensions in CSR: 2.5.29.19, 2.5.29.15, 2.5.29.17
2025-05-12 13:59:32,843 [main] INFO  authority.DefaultApprover (DefaultApprover.java:sign(175)) - Extensions to add to the certificate if they present in CSR: 2.5.29.15, 2.5.29.17, 2.5.29.35, 2.5.29.37, 2.5.29.19, 1.3.6.1.5.5.7.1.12
2025-05-12 13:59:32,846 [main] INFO  utils.CertificateCodec (CertificateCodec.java:writeCertificate(239)) - Save certificate to /tmp/junit-15725290785370428166/scm-meta/scm/sub-ca/certs/CA-1.crt
2025-05-12 13:59:32,847 [main] INFO  utils.CertificateCodec (CertificateCodec.java:writeCertificate(240)) - Certificate -----BEGIN CERTIFICATE-----
MIIDwTCCAqmgAwIBAgIBATANBgkqhkiG9w0BAQsFADCBiDEcMBoGA1UEAwwTc2Nt
QHBrcnZtYmVyZnlocGI5dzEtMCsGA1UECwwkYTMxYjk3MGQtNzc5NC00ZTNiLTkw
ZjYtYjFiMTA0YTM2MDQ2MS0wKwYDVQQKDCRiMjJmYjM4Yi1hMTIyLTRjZDEtYTdl
YS0zZDE1MTA5MWYxN2YxCjAIBgNVBAUTATEwHhcNMjUwNTEyMTM1OTMyWhcNMzAw
NjIwMTM1OTMyWjCBiDEcMBoGA1UEAwwTc2NtQHBrcnZtYmVyZnlocGI5dzEtMCsG
A1UECwwkYTMxYjk3MGQtNzc5NC00ZTNiLTkwZjYtYjFiMTA0YTM2MDQ2MS0wKwYD
VQQKDCRiMjJmYjM4Yi1hMTIyLTRjZDEtYTdlYS0zZDE1MTA5MWYxN2YxCjAIBgNV
BAUTATEwggEiMA0GCSqGSIb3DQEBAQUAA4IBDwAwggEKAoIBAQCPzhWKZjCWRedn
VyMZlxFl8qbQAVlDzDSnTTEDUxOY9YLUKiT+6jOqZCb5YkxU8PZh+OVhY1fF5YNN
Q7eKTr1f8Rd9wU0gUoybc7kV64vqIbhvn2dYOllhkpZYigY9W8HwvyxFRrgHInSB
OfUSo9BMGTdIHLTu/O3SAc7Bs1yOtuQEqeu+9h6Be2Rila3NDgsnJcV2FJhEQ9tO
lkLn9Jxj5GHqnwz6+7Bi+VRzMXjjCFIq3OLGozrcDzYs1/y7SFbKqDCgTVBk70Yl
G1xyWOBlriIpI5RoAsd1WrbiQ4R4fpxmUH0Li7vGwDCKO6hIa3tWY6TFxWe/1lgp
ZzKO9VQNAgMBAAGjNDAyMA8GA1UdEwEB/wQFMAMBAf8wDgYDVR0PAQH/BAQDAgEG
MA8GA1UdEQQIMAaHBAoBAWcwDQYJKoZIhvcNAQELBQADggEBAI8BeSubtCKTevtT
k2RGsMKrC1cyMzU+J7mtX9tlFo7ojyjAHkAEacMzzGnidWFX5iZ4ZVHIw0LX8nC2
o6W+gotP5VzOgl0JxzRf7F6JGZs3pEbopI8IGvhVzbjRn3d3U0fubcKrp2yjCRVd
YJ+CYGSL9lZDlZEZz6SqFKqS0oh0XtXMSNCTP0AJUZQX1jLJJIN/Mb5AmIDfAcfu
YH49f1EB5RoI9FMFgY8JjvNSubIDpf/rQ1wA2K8mpYYzfTZHEyZpG0QkrJh6tt1n
WaOgHsHMz66SUTCji4qgcL7WkyjsNYADjO2Omy3iDCfHmeTf5m6QabDlQ4PEqpJi
mqsr8Dc=
-----END CERTIFICATE-----

2025-05-12 13:59:32,848 [main] INFO  utils.CertificateCodec (CertificateCodec.java:writeCertificate(239)) - Save certificate to /tmp/junit-15725290785370428166/scm-meta/scm/sub-ca/certs/2.crt
2025-05-12 13:59:32,848 [main] INFO  utils.CertificateCodec (CertificateCodec.java:writeCertificate(240)) - Certificate -----BEGIN CERTIFICATE-----
MIIDxTCCAq2gAwIBAgIBAjANBgkqhkiG9w0BAQsFADCBiDEcMBoGA1UEAwwTc2Nt
QHBrcnZtYmVyZnlocGI5dzEtMCsGA1UECwwkYTMxYjk3MGQtNzc5NC00ZTNiLTkw
ZjYtYjFiMTA0YTM2MDQ2MS0wKwYDVQQKDCRiMjJmYjM4Yi1hMTIyLTRjZDEtYTdl
YS0zZDE1MTA5MWYxN2YxCjAIBgNVBAUTATEwHhcNMjUwNTEyMTM1OTMyWhcNMzAw
NjIwMTM1OTMyWjCBjDEgMB4GA1UEAwwXc2NtLXN1YkBwa3J2bWJlcmZ5aHBiOXcx
LTArBgNVBAsMJGEzMWI5NzBkLTc3OTQtNGUzYi05MGY2LWIxYjEwNGEzNjA0NjEt
MCsGA1UECgwkYjIyZmIzOGItYTEyMi00Y2QxLWE3ZWEtM2QxNTEwOTFmMTdmMQow
CAYDVQQFEwEyMIIBIjANBgkqhkiG9w0BAQEFAAOCAQ8AMIIBCgKCAQEAr/kNMVYy
afKFzpY4INSTKMJY4FJu5aBjdOokC9iwbvTLF5OqXGOCwLhw1AnMtL0NEaxGprXr
kHQiWgER1FEqwUN2i8vNQnlsZRDW8MTQrlWd905OkMbuOeRC8TqZ0X/vnN4Ox/3x
xNX0XNXoOUvsrLLjp/pBh3DQGQRnDDYzIzHSSWsMBPYop++lO0/rXEEoHR38FR3p
mysKIOy2Mq+kdOnYLkcxzFZWkO15umvXsmpYhIK6ZkNYYnEI+CtjHGjM0IwHnc7q
lLAHpkgncTGocoBT7fqJY7MsbY/PHVIvmk1EcWri1/fJHHGK9e4cS1BvQptHNxDE
CG8Xte8oSL2/4QIDAQABozQwMjAOBgNVHQ8BAf8EBAMCAb4wDwYDVR0RBAgwBocE
CgEBZzAPBgNVHRMBAf8EBTADAQH/MA0GCSqGSIb3DQEBCwUAA4IBAQAwK23vzx5l
Oz+kGmSi8v/bPoCc2NW9Hpqm4znXY8I/+0dnp9zBL330xgjcMcen3DvN6XlVKsvt
zdcaDPkdE1cm9pP6P2A8tWMOjQ/zYlTDDOTe6VAtP8LbkcufINPRRAZ0E7XPZeQF
Xc/1IPLTXJakkh/uilg78BQtW2AcUefm4iWeLd1241QOPsqQ04ZE8YMQCAL0Akx5
yCRsXrLPD/aAkzrg7mB4B0OXzgfzx7xk070uOP661v15JQFVjWx1JsKkxQiR/3rn
QnO+++rL6A7/HUdveBJZYMMi8VuLTEOS54MrmqNVDG+aaf+w/tJbqz0Gs0TdsRjd
qoAtC1WGuFqt
-----END CERTIFICATE-----

-----BEGIN CERTIFICATE-----
MIIDwTCCAqmgAwIBAgIBATANBgkqhkiG9w0BAQsFADCBiDEcMBoGA1UEAwwTc2Nt
QHBrcnZtYmVyZnlocGI5dzEtMCsGA1UECwwkYTMxYjk3MGQtNzc5NC00ZTNiLTkw
ZjYtYjFiMTA0YTM2MDQ2MS0wKwYDVQQKDCRiMjJmYjM4Yi1hMTIyLTRjZDEtYTdl
YS0zZDE1MTA5MWYxN2YxCjAIBgNVBAUTATEwHhcNMjUwNTEyMTM1OTMyWhcNMzAw
NjIwMTM1OTMyWjCBiDEcMBoGA1UEAwwTc2NtQHBrcnZtYmVyZnlocGI5dzEtMCsG
A1UECwwkYTMxYjk3MGQtNzc5NC00ZTNiLTkwZjYtYjFiMTA0YTM2MDQ2MS0wKwYD
VQQKDCRiMjJmYjM4Yi1hMTIyLTRjZDEtYTdlYS0zZDE1MTA5MWYxN2YxCjAIBgNV
BAUTATEwggEiMA0GCSqGSIb3DQEBAQUAA4IBDwAwggEKAoIBAQCPzhWKZjCWRedn
VyMZlxFl8qbQAVlDzDSnTTEDUxOY9YLUKiT+6jOqZCb5YkxU8PZh+OVhY1fF5YNN
Q7eKTr1f8Rd9wU0gUoybc7kV64vqIbhvn2dYOllhkpZYigY9W8HwvyxFRrgHInSB
OfUSo9BMGTdIHLTu/O3SAc7Bs1yOtuQEqeu+9h6Be2Rila3NDgsnJcV2FJhEQ9tO
lkLn9Jxj5GHqnwz6+7Bi+VRzMXjjCFIq3OLGozrcDzYs1/y7SFbKqDCgTVBk70Yl
G1xyWOBlriIpI5RoAsd1WrbiQ4R4fpxmUH0Li7vGwDCKO6hIa3tWY6TFxWe/1lgp
ZzKO9VQNAgMBAAGjNDAyMA8GA1UdEwEB/wQFMAMBAf8wDgYDVR0PAQH/BAQDAgEG
MA8GA1UdEQQIMAaHBAoBAWcwDQYJKoZIhvcNAQELBQADggEBAI8BeSubtCKTevtT
k2RGsMKrC1cyMzU+J7mtX9tlFo7ojyjAHkAEacMzzGnidWFX5iZ4ZVHIw0LX8nC2
o6W+gotP5VzOgl0JxzRf7F6JGZs3pEbopI8IGvhVzbjRn3d3U0fubcKrp2yjCRVd
YJ+CYGSL9lZDlZEZz6SqFKqS0oh0XtXMSNCTP0AJUZQX1jLJJIN/Mb5AmIDfAcfu
YH49f1EB5RoI9FMFgY8JjvNSubIDpf/rQ1wA2K8mpYYzfTZHEyZpG0QkrJh6tt1n
WaOgHsHMz66SUTCji4qgcL7WkyjsNYADjO2Omy3iDCfHmeTf5m6QabDlQ4PEqpJi
mqsr8Dc=
-----END CERTIFICATE-----

2025-05-12 13:59:32,848 [main] INFO  utils.CertificateCodec (CertificateCodec.java:writeCertificate(239)) - Save certificate to /tmp/junit-15725290785370428166/scm-meta/scm/sub-ca/certs/certificate.crt
2025-05-12 13:59:32,848 [main] INFO  utils.CertificateCodec (CertificateCodec.java:writeCertificate(240)) - Certificate -----BEGIN CERTIFICATE-----
MIIDxTCCAq2gAwIBAgIBAjANBgkqhkiG9w0BAQsFADCBiDEcMBoGA1UEAwwTc2Nt
QHBrcnZtYmVyZnlocGI5dzEtMCsGA1UECwwkYTMxYjk3MGQtNzc5NC00ZTNiLTkw
ZjYtYjFiMTA0YTM2MDQ2MS0wKwYDVQQKDCRiMjJmYjM4Yi1hMTIyLTRjZDEtYTdl
YS0zZDE1MTA5MWYxN2YxCjAIBgNVBAUTATEwHhcNMjUwNTEyMTM1OTMyWhcNMzAw
NjIwMTM1OTMyWjCBjDEgMB4GA1UEAwwXc2NtLXN1YkBwa3J2bWJlcmZ5aHBiOXcx
LTArBgNVBAsMJGEzMWI5NzBkLTc3OTQtNGUzYi05MGY2LWIxYjEwNGEzNjA0NjEt
MCsGA1UECgwkYjIyZmIzOGItYTEyMi00Y2QxLWE3ZWEtM2QxNTEwOTFmMTdmMQow
CAYDVQQFEwEyMIIBIjANBgkqhkiG9w0BAQEFAAOCAQ8AMIIBCgKCAQEAr/kNMVYy
afKFzpY4INSTKMJY4FJu5aBjdOokC9iwbvTLF5OqXGOCwLhw1AnMtL0NEaxGprXr
kHQiWgER1FEqwUN2i8vNQnlsZRDW8MTQrlWd905OkMbuOeRC8TqZ0X/vnN4Ox/3x
xNX0XNXoOUvsrLLjp/pBh3DQGQRnDDYzIzHSSWsMBPYop++lO0/rXEEoHR38FR3p
mysKIOy2Mq+kdOnYLkcxzFZWkO15umvXsmpYhIK6ZkNYYnEI+CtjHGjM0IwHnc7q
lLAHpkgncTGocoBT7fqJY7MsbY/PHVIvmk1EcWri1/fJHHGK9e4cS1BvQptHNxDE
CG8Xte8oSL2/4QIDAQABozQwMjAOBgNVHQ8BAf8EBAMCAb4wDwYDVR0RBAgwBocE
CgEBZzAPBgNVHRMBAf8EBTADAQH/MA0GCSqGSIb3DQEBCwUAA4IBAQAwK23vzx5l
Oz+kGmSi8v/bPoCc2NW9Hpqm4znXY8I/+0dnp9zBL330xgjcMcen3DvN6XlVKsvt
zdcaDPkdE1cm9pP6P2A8tWMOjQ/zYlTDDOTe6VAtP8LbkcufINPRRAZ0E7XPZeQF
Xc/1IPLTXJakkh/uilg78BQtW2AcUefm4iWeLd1241QOPsqQ04ZE8YMQCAL0Akx5
yCRsXrLPD/aAkzrg7mB4B0OXzgfzx7xk070uOP661v15JQFVjWx1JsKkxQiR/3rn
QnO+++rL6A7/HUdveBJZYMMi8VuLTEOS54MrmqNVDG+aaf+w/tJbqz0Gs0TdsRjd
qoAtC1WGuFqt
-----END CERTIFICATE-----

-----BEGIN CERTIFICATE-----
MIIDwTCCAqmgAwIBAgIBATANBgkqhkiG9w0BAQsFADCBiDEcMBoGA1UEAwwTc2Nt
QHBrcnZtYmVyZnlocGI5dzEtMCsGA1UECwwkYTMxYjk3MGQtNzc5NC00ZTNiLTkw
ZjYtYjFiMTA0YTM2MDQ2MS0wKwYDVQQKDCRiMjJmYjM4Yi1hMTIyLTRjZDEtYTdl
YS0zZDE1MTA5MWYxN2YxCjAIBgNVBAUTATEwHhcNMjUwNTEyMTM1OTMyWhcNMzAw
NjIwMTM1OTMyWjCBiDEcMBoGA1UEAwwTc2NtQHBrcnZtYmVyZnlocGI5dzEtMCsG
A1UECwwkYTMxYjk3MGQtNzc5NC00ZTNiLTkwZjYtYjFiMTA0YTM2MDQ2MS0wKwYD
VQQKDCRiMjJmYjM4Yi1hMTIyLTRjZDEtYTdlYS0zZDE1MTA5MWYxN2YxCjAIBgNV
BAUTATEwggEiMA0GCSqGSIb3DQEBAQUAA4IBDwAwggEKAoIBAQCPzhWKZjCWRedn
VyMZlxFl8qbQAVlDzDSnTTEDUxOY9YLUKiT+6jOqZCb5YkxU8PZh+OVhY1fF5YNN
Q7eKTr1f8Rd9wU0gUoybc7kV64vqIbhvn2dYOllhkpZYigY9W8HwvyxFRrgHInSB
OfUSo9BMGTdIHLTu/O3SAc7Bs1yOtuQEqeu+9h6Be2Rila3NDgsnJcV2FJhEQ9tO
lkLn9Jxj5GHqnwz6+7Bi+VRzMXjjCFIq3OLGozrcDzYs1/y7SFbKqDCgTVBk70Yl
G1xyWOBlriIpI5RoAsd1WrbiQ4R4fpxmUH0Li7vGwDCKO6hIa3tWY6TFxWe/1lgp
ZzKO9VQNAgMBAAGjNDAyMA8GA1UdEwEB/wQFMAMBAf8wDgYDVR0PAQH/BAQDAgEG
MA8GA1UdEQQIMAaHBAoBAWcwDQYJKoZIhvcNAQELBQADggEBAI8BeSubtCKTevtT
k2RGsMKrC1cyMzU+J7mtX9tlFo7ojyjAHkAEacMzzGnidWFX5iZ4ZVHIw0LX8nC2
o6W+gotP5VzOgl0JxzRf7F6JGZs3pEbopI8IGvhVzbjRn3d3U0fubcKrp2yjCRVd
YJ+CYGSL9lZDlZEZz6SqFKqS0oh0XtXMSNCTP0AJUZQX1jLJJIN/Mb5AmIDfAcfu
YH49f1EB5RoI9FMFgY8JjvNSubIDpf/rQ1wA2K8mpYYzfTZHEyZpG0QkrJh6tt1n
WaOgHsHMz66SUTCji4qgcL7WkyjsNYADjO2Omy3iDCfHmeTf5m6QabDlQ4PEqpJi
mqsr8Dc=
-----END CERTIFICATE-----

2025-05-12 13:59:32,848 [main] INFO  client.SCMCertificateClient (SCMCertificateClient.java:recoverStateIfNeeded(289)) - Successfully stored SCM signed certificate.
2025-05-12 13:59:32,850 [main] INFO  ha.SCMHANodeDetails (SCMHANodeDetails.java:loadSCMHAConfig(162)) - ServiceID for StorageContainerManager is null
2025-05-12 13:59:32,850 [main] INFO  ha.SCMHANodeDetails (SCMHANodeDetails.java:loadSCMHAConfig(166)) - ozone.scm.default.service.id is not defined, falling back to ozone.scm.service.ids to find serviceID for StorageContainerManager if it is HA enabled cluster
2025-05-12 13:59:32,851 [main] INFO  server.RaftServerConfigKeys (ConfUtils.java:logGet(46)) - raft.server.log.appender.buffer.byte-limit = 4194304 (custom)
2025-05-12 13:59:32,852 [main] INFO  server.RaftServer (ConfUtils.java:logGet(46)) - raft.rpc.type = GRPC (default)
2025-05-12 13:59:32,852 [main] INFO  grpc.GrpcConfigKeys (ConfUtils.java:logFallback(53)) - raft.grpc.admin.host = null (fallback to raft.grpc.server.host)
2025-05-12 13:59:32,852 [main] INFO  grpc.GrpcConfigKeys (ConfUtils.java:logFallback(53)) - raft.grpc.admin.port = 15025 (fallback to raft.grpc.server.port)
2025-05-12 13:59:32,852 [main] INFO  grpc.GrpcConfigKeys (ConfUtils.java:logFallback(53)) - raft.grpc.client.host = null (fallback to raft.grpc.server.host)
2025-05-12 13:59:32,852 [main] INFO  grpc.GrpcConfigKeys (ConfUtils.java:logFallback(53)) - raft.grpc.client.port = 15025 (fallback to raft.grpc.server.port)
2025-05-12 13:59:32,853 [main] INFO  grpc.GrpcConfigKeys (ConfUtils.java:logGet(46)) - raft.grpc.server.host = null (default)
2025-05-12 13:59:32,853 [main] INFO  grpc.GrpcConfigKeys (ConfUtils.java:logGet(46)) - raft.grpc.server.port = 15025 (custom)
2025-05-12 13:59:32,853 [main] INFO  server.GrpcService (ConfUtils.java:logGet(46)) - raft.grpc.message.size.max = 5242880 (custom)
2025-05-12 13:59:32,853 [main] INFO  server.GrpcService (ConfUtils.java:logGet(46)) - raft.grpc.flow.control.window = 1MB (=1048576) (default)
2025-05-12 13:59:32,853 [main] INFO  server.RaftServerConfigKeys (ConfUtils.java:logGet(46)) - raft.server.rpc.request.timeout = 30000ms (custom)
2025-05-12 13:59:32,853 [main] INFO  grpc.GrpcConfigKeys (ConfUtils.java:logGet(46)) - raft.grpc.server.heartbeat.channel = true (default)
2025-05-12 13:59:32,853 [main] INFO  server.RaftServerConfigKeys (ConfUtils.java:logGet(46)) - raft.server.log.appender.buffer.byte-limit = 4194304 (custom)
2025-05-12 13:59:32,853 [main] INFO  grpc.GrpcConfigKeys (ConfUtils.java:logGet(46)) - raft.grpc.server.async.request.thread.pool.cached = true (default)
2025-05-12 13:59:32,853 [main] INFO  grpc.GrpcConfigKeys (ConfUtils.java:logGet(46)) - raft.grpc.server.async.request.thread.pool.size = 32 (default)
2025-05-12 13:59:32,854 [main] INFO  impl.DataStreamServerImpl (ConfUtils.java:logGet(46)) - raft.datastream.type = DISABLED (default)
2025-05-12 13:59:32,854 [main] INFO  server.RaftServerConfigKeys (ConfUtils.java:logGet(46)) - raft.server.sleep.deviation.threshold = 300ms (default)
2025-05-12 13:59:32,854 [main] INFO  server.RaftServerConfigKeys (ConfUtils.java:logGet(46)) - raft.server.close.threshold = 60s (default)
2025-05-12 13:59:32,855 [main] INFO  server.RaftServerConfigKeys (ConfUtils.java:logGet(46)) - raft.server.leaderelection.leader.step-down.wait-time = 10s (default)
2025-05-12 13:59:32,855 [main] INFO  server.RaftServerConfigKeys (ConfUtils.java:logGet(46)) - raft.server.storage.dir = [/tmp/junit-15725290785370428166/scm-meta/scm-ha] (custom)
2025-05-12 13:59:32,855 [main] INFO  server.RaftServerConfigKeys (ConfUtils.java:logGet(46)) - raft.server.threadpool.proxy.cached = true (default)
2025-05-12 13:59:32,855 [main] INFO  server.RaftServerConfigKeys (ConfUtils.java:logGet(46)) - raft.server.threadpool.proxy.size = 0 (default)
2025-05-12 13:59:32,855 [main] INFO  server.RaftServer (RaftServerProxy.java:addNew(100)) - a31b970d-7794-4e3b-90f6-b1b104a36046: addNew group-3D151091F17F:[a31b970d-7794-4e3b-90f6-b1b104a36046|pkrvmberfyhpb9w:15025] returns group-3D151091F17F:java.util.concurrent.CompletableFuture@54f07365[Not completed]
2025-05-12 13:59:32,856 [a31b970d-7794-4e3b-90f6-b1b104a36046-groupManagement] INFO  server.RaftServer$Division (RaftServerImpl.java:<init>(255)) - a31b970d-7794-4e3b-90f6-b1b104a36046: new RaftServerImpl for group-3D151091F17F:[a31b970d-7794-4e3b-90f6-b1b104a36046|pkrvmberfyhpb9w:15025] with SCMStateMachine:uninitialized
2025-05-12 13:59:32,856 [a31b970d-7794-4e3b-90f6-b1b104a36046-groupManagement] INFO  server.RaftServerConfigKeys (ConfUtils.java:logGet(46)) - raft.server.rpc.timeout.min = 5000ms (custom)
2025-05-12 13:59:32,856 [a31b970d-7794-4e3b-90f6-b1b104a36046-groupManagement] INFO  server.RaftServerConfigKeys (ConfUtils.java:logGet(46)) - raft.server.rpc.timeout.max = 5200ms (custom)
2025-05-12 13:59:32,856 [a31b970d-7794-4e3b-90f6-b1b104a36046-groupManagement] INFO  server.RaftServerConfigKeys (ConfUtils.java:logGet(46)) - raft.server.rpc.sleep.time = 25ms (default)
2025-05-12 13:59:32,856 [a31b970d-7794-4e3b-90f6-b1b104a36046-groupManagement] INFO  server.RaftServerConfigKeys (ConfUtils.java:logGet(46)) - raft.server.rpc.slowness.timeout = 120000ms (custom)
2025-05-12 13:59:32,856 [a31b970d-7794-4e3b-90f6-b1b104a36046-groupManagement] INFO  server.RaftServerConfigKeys (ConfUtils.java:logGet(46)) - raft.server.leaderelection.leader.step-down.wait-time = 10s (default)
2025-05-12 13:59:32,856 [a31b970d-7794-4e3b-90f6-b1b104a36046-groupManagement] INFO  server.RaftServerConfigKeys (ConfUtils.java:logGet(46)) - raft.server.leaderelection.member.majority-add = false (default)
2025-05-12 13:59:32,856 [a31b970d-7794-4e3b-90f6-b1b104a36046-groupManagement] INFO  server.RaftServerConfigKeys (ConfUtils.java:logGet(46)) - raft.server.sleep.deviation.threshold = 300ms (default)
2025-05-12 13:59:32,856 [a31b970d-7794-4e3b-90f6-b1b104a36046-groupManagement] INFO  server.RaftServer$Division (ServerState.java:<init>(114)) - a31b970d-7794-4e3b-90f6-b1b104a36046@group-3D151091F17F: ConfigurationManager, init=conf: {index: -1, cur=peers:[a31b970d-7794-4e3b-90f6-b1b104a36046|pkrvmberfyhpb9w:15025]|listeners:[], old=null}, confs=<EMPTY_MAP>
2025-05-12 13:59:32,856 [a31b970d-7794-4e3b-90f6-b1b104a36046-groupManagement] INFO  server.RaftServerConfigKeys (ConfUtils.java:logGet(46)) - raft.server.notification.no-leader.timeout = 60s (default)
2025-05-12 13:59:32,856 [a31b970d-7794-4e3b-90f6-b1b104a36046-groupManagement] INFO  server.RaftServerConfigKeys (ConfUtils.java:logGet(46)) - raft.server.read.timeout = 10s (default)
2025-05-12 13:59:32,856 [a31b970d-7794-4e3b-90f6-b1b104a36046-groupManagement] INFO  server.RaftServerConfigKeys (ConfUtils.java:logGet(46)) - raft.server.retrycache.expirytime = 60000ms (default)
2025-05-12 13:59:32,856 [a31b970d-7794-4e3b-90f6-b1b104a36046-groupManagement] INFO  server.RaftServerConfigKeys (ConfUtils.java:logGet(46)) - raft.server.retrycache.statistics.expirytime = 100ms (default)
2025-05-12 13:59:32,856 [a31b970d-7794-4e3b-90f6-b1b104a36046-groupManagement] INFO  server.RaftServerConfigKeys (ConfUtils.java:logGet(46)) - raft.server.read.option = DEFAULT (default)
2025-05-12 13:59:32,857 [a31b970d-7794-4e3b-90f6-b1b104a36046-groupManagement] INFO  server.RaftServerConfigKeys (ConfUtils.java:logGet(46)) - raft.server.read.read-after-write-consistent.write-index-cache.expiry-time = 60s (default)
2025-05-12 13:59:32,859 [a31b970d-7794-4e3b-90f6-b1b104a36046-groupManagement] INFO  server.RaftServerConfigKeys (ConfUtils.java:logGet(46)) - raft.server.rpc.request.timeout = 30000ms (custom)
2025-05-12 13:59:32,859 [a31b970d-7794-4e3b-90f6-b1b104a36046-groupManagement] INFO  server.RaftServerConfigKeys (ConfUtils.java:logGet(46)) - raft.server.log.appender.install.snapshot.enabled = false (custom)
2025-05-12 13:59:32,859 [a31b970d-7794-4e3b-90f6-b1b104a36046-groupManagement] INFO  server.RaftServerConfigKeys (ConfUtils.java:logGet(46)) - raft.server.threadpool.server.cached = true (default)
2025-05-12 13:59:32,859 [a31b970d-7794-4e3b-90f6-b1b104a36046-groupManagement] INFO  server.RaftServerConfigKeys (ConfUtils.java:logGet(46)) - raft.server.threadpool.server.size = 0 (default)
2025-05-12 13:59:32,860 [a31b970d-7794-4e3b-90f6-b1b104a36046-groupManagement] INFO  server.RaftServerConfigKeys (ConfUtils.java:logGet(46)) - raft.server.threadpool.client.cached = true (default)
2025-05-12 13:59:32,860 [a31b970d-7794-4e3b-90f6-b1b104a36046-groupManagement] INFO  server.RaftServerConfigKeys (ConfUtils.java:logGet(46)) - raft.server.threadpool.client.size = 0 (default)
2025-05-12 13:59:32,860 [a31b970d-7794-4e3b-90f6-b1b104a36046-impl-thread1] INFO  server.RaftServerConfigKeys (ConfUtils.java:logGet(46)) - raft.server.storage.free-space.min = 0MB (=0) (default)
2025-05-12 13:59:32,860 [a31b970d-7794-4e3b-90f6-b1b104a36046-impl-thread1] INFO  server.RaftServerConfigKeys (ConfUtils.java:logGet(46)) - raft.server.log.corruption.policy = EXCEPTION (default)
2025-05-12 13:59:32,860 [a31b970d-7794-4e3b-90f6-b1b104a36046-impl-thread1] INFO  server.RaftServerConfigKeys (ConfUtils.java:logGet(46)) - raft.server.storage.dir = [/tmp/junit-15725290785370428166/scm-meta/scm-ha] (custom)
2025-05-12 13:59:32,860 [a31b970d-7794-4e3b-90f6-b1b104a36046-impl-thread1] INFO  storage.RaftStorageDirectory (RaftStorageDirectoryImpl.java:analyzeStorage(138)) - The storage directory /tmp/junit-15725290785370428166/scm-meta/scm-ha/b22fb38b-a122-4cd1-a7ea-3d151091f17f does not exist. Creating ...
2025-05-12 13:59:32,861 [a31b970d-7794-4e3b-90f6-b1b104a36046-impl-thread1] INFO  storage.RaftStorageDirectory (RaftStorageDirectoryImpl.java:tryLock(229)) - Lock on /tmp/junit-15725290785370428166/scm-meta/scm-ha/b22fb38b-a122-4cd1-a7ea-3d151091f17f/in_use.lock acquired by nodename 14437@pkrvmberfyhpb9w
2025-05-12 13:59:32,862 [a31b970d-7794-4e3b-90f6-b1b104a36046-impl-thread1] INFO  storage.RaftStorage (RaftStorageImpl.java:format(98)) - Storage directory /tmp/junit-15725290785370428166/scm-meta/scm-ha/b22fb38b-a122-4cd1-a7ea-3d151091f17f has been successfully formatted.
2025-05-12 13:59:32,862 [a31b970d-7794-4e3b-90f6-b1b104a36046-impl-thread1] INFO  ha.SCMStateMachine (SCMStateMachine.java:lambda$initialize$0(135)) - a31b970d-7794-4e3b-90f6-b1b104a36046: initialize group-3D151091F17F
2025-05-12 13:59:32,862 [a31b970d-7794-4e3b-90f6-b1b104a36046-impl-thread1] INFO  server.RaftServerConfigKeys (ConfUtils.java:logGet(46)) - raft.server.log.use.memory = false (default)
2025-05-12 13:59:32,862 [a31b970d-7794-4e3b-90f6-b1b104a36046-impl-thread1] INFO  server.RaftServerConfigKeys (ConfUtils.java:logGet(46)) - raft.server.log.purge.gap = 1000000 (custom)
2025-05-12 13:59:32,862 [a31b970d-7794-4e3b-90f6-b1b104a36046-impl-thread1] INFO  server.RaftServerConfigKeys (ConfUtils.java:logGet(46)) - raft.server.log.appender.buffer.byte-limit = 4194304 (custom)
2025-05-12 13:59:32,862 [a31b970d-7794-4e3b-90f6-b1b104a36046-impl-thread1] INFO  server.RaftServerConfigKeys (ConfUtils.java:logGet(46)) - raft.server.log.statemachine.data.read.timeout = 1000ms (default)
2025-05-12 13:59:32,862 [a31b970d-7794-4e3b-90f6-b1b104a36046-impl-thread1] INFO  server.RaftServerConfigKeys (ConfUtils.java:logGet(46)) - raft.server.log.purge.preservation.log.num = 0 (default)
2025-05-12 13:59:32,864 [a31b970d-7794-4e3b-90f6-b1b104a36046-impl-thread1] INFO  server.RaftServerConfigKeys (ConfUtils.java:logGet(46)) - raft.server.log.segment.size.max = 4194304 (custom)
2025-05-12 13:59:32,864 [a31b970d-7794-4e3b-90f6-b1b104a36046-impl-thread1] INFO  server.RaftServerConfigKeys (ConfUtils.java:logGet(46)) - raft.server.log.segment.cache.num.max = 2 (custom)
2025-05-12 13:59:32,864 [a31b970d-7794-4e3b-90f6-b1b104a36046-impl-thread1] INFO  server.RaftServerConfigKeys (ConfUtils.java:logGet(46)) - raft.server.log.segment.cache.size.max = 200MB (=209715200) (default)
2025-05-12 13:59:32,864 [a31b970d-7794-4e3b-90f6-b1b104a36046-impl-thread1] INFO  server.RaftServerConfigKeys (ConfUtils.java:logGet(46)) - raft.server.log.appender.buffer.byte-limit = 4194304 (custom)
2025-05-12 13:59:32,864 [a31b970d-7794-4e3b-90f6-b1b104a36046-impl-thread1] INFO  util.AwaitToRun (AwaitToRun.java:start(81)) - Thread[#994,a31b970d-7794-4e3b-90f6-b1b104a36046@group-3D151091F17F-cacheEviction-AwaitToRun,5,main] started
2025-05-12 13:59:32,864 [a31b970d-7794-4e3b-90f6-b1b104a36046-impl-thread1] INFO  segmented.SegmentedRaftLogWorker (SegmentedRaftLogWorker.java:<init>(188)) - new a31b970d-7794-4e3b-90f6-b1b104a36046@group-3D151091F17F-SegmentedRaftLogWorker for RaftStorageImpl:Storage Directory /tmp/junit-15725290785370428166/scm-meta/scm-ha/b22fb38b-a122-4cd1-a7ea-3d151091f17f
2025-05-12 13:59:32,865 [a31b970d-7794-4e3b-90f6-b1b104a36046-impl-thread1] INFO  server.RaftServerConfigKeys (ConfUtils.java:logGet(46)) - raft.server.log.queue.byte-limit = 64MB (=67108864) (default)
2025-05-12 13:59:32,865 [a31b970d-7794-4e3b-90f6-b1b104a36046-impl-thread1] INFO  server.RaftServerConfigKeys (ConfUtils.java:logGet(46)) - raft.server.log.queue.element-limit = 4096 (default)
2025-05-12 13:59:32,865 [a31b970d-7794-4e3b-90f6-b1b104a36046-impl-thread1] INFO  server.RaftServerConfigKeys (ConfUtils.java:logGet(46)) - raft.server.log.segment.size.max = 4194304 (custom)
2025-05-12 13:59:32,865 [a31b970d-7794-4e3b-90f6-b1b104a36046-impl-thread1] INFO  server.RaftServerConfigKeys (ConfUtils.java:logGet(46)) - raft.server.log.preallocated.size = 4194304 (custom)
2025-05-12 13:59:32,865 [a31b970d-7794-4e3b-90f6-b1b104a36046-impl-thread1] INFO  server.RaftServerConfigKeys (ConfUtils.java:logGet(46)) - raft.server.log.force.sync.num = 128 (default)
2025-05-12 13:59:32,865 [a31b970d-7794-4e3b-90f6-b1b104a36046-impl-thread1] INFO  server.RaftServerConfigKeys (ConfUtils.java:logGet(46)) - raft.server.log.statemachine.data.sync = true (default)
2025-05-12 13:59:32,865 [a31b970d-7794-4e3b-90f6-b1b104a36046-impl-thread1] INFO  server.RaftServerConfigKeys (ConfUtils.java:logGet(46)) - raft.server.log.statemachine.data.sync.timeout = 10s (default)
2025-05-12 13:59:32,865 [a31b970d-7794-4e3b-90f6-b1b104a36046-impl-thread1] INFO  server.RaftServerConfigKeys (ConfUtils.java:logGet(46)) - raft.server.log.statemachine.data.sync.timeout.retry = -1 (default)
2025-05-12 13:59:32,865 [a31b970d-7794-4e3b-90f6-b1b104a36046-impl-thread1] INFO  server.RaftServerConfigKeys (ConfUtils.java:logGet(46)) - raft.server.log.write.buffer.size = 4194312 (custom)
2025-05-12 13:59:32,866 [a31b970d-7794-4e3b-90f6-b1b104a36046-impl-thread1] INFO  server.RaftServerConfigKeys (ConfUtils.java:logGet(46)) - raft.server.log.appender.buffer.byte-limit = 4194304 (custom)
2025-05-12 13:59:32,866 [a31b970d-7794-4e3b-90f6-b1b104a36046-impl-thread1] INFO  server.RaftServerConfigKeys (ConfUtils.java:logGet(46)) - raft.server.log.unsafe-flush.enabled = false (default)
2025-05-12 13:59:32,866 [a31b970d-7794-4e3b-90f6-b1b104a36046-impl-thread1] INFO  server.RaftServerConfigKeys (ConfUtils.java:logGet(46)) - raft.server.log.async-flush.enabled = false (default)
2025-05-12 13:59:32,866 [a31b970d-7794-4e3b-90f6-b1b104a36046-impl-thread1] INFO  server.RaftServerConfigKeys (ConfUtils.java:logGet(46)) - raft.server.log.statemachine.data.caching.enabled = false (default)
2025-05-12 13:59:32,866 [a31b970d-7794-4e3b-90f6-b1b104a36046-impl-thread1] INFO  segmented.SegmentedRaftLogWorker (SegmentedRaftLogWorker.java:lambda$new$0(139)) - a31b970d-7794-4e3b-90f6-b1b104a36046@group-3D151091F17F-SegmentedRaftLogWorker: flushIndex: setUnconditionally 0 -> -1
2025-05-12 13:59:32,866 [a31b970d-7794-4e3b-90f6-b1b104a36046-impl-thread1] INFO  segmented.SegmentedRaftLogWorker (SegmentedRaftLogWorker.java:lambda$new$0(139)) - a31b970d-7794-4e3b-90f6-b1b104a36046@group-3D151091F17F-SegmentedRaftLogWorker: safeCacheEvictIndex: setUnconditionally 0 -> -1
2025-05-12 13:59:32,866 [a31b970d-7794-4e3b-90f6-b1b104a36046-impl-thread1] INFO  server.RaftServer$Division (RaftServerImpl.java:start(391)) - a31b970d-7794-4e3b-90f6-b1b104a36046@group-3D151091F17F: start as a follower, conf=conf: {index: -1, cur=peers:[a31b970d-7794-4e3b-90f6-b1b104a36046|pkrvmberfyhpb9w:15025]|listeners:[], old=null}
2025-05-12 13:59:32,866 [a31b970d-7794-4e3b-90f6-b1b104a36046-impl-thread1] INFO  server.RaftServer$Division (RaftServerImpl.java:setRole(378)) - a31b970d-7794-4e3b-90f6-b1b104a36046@group-3D151091F17F: changes role from      null to FOLLOWER at term 0 for startAsFollower
2025-05-12 13:59:32,866 [a31b970d-7794-4e3b-90f6-b1b104a36046-impl-thread1] INFO  impl.RoleInfo (RoleInfo.java:updateAndGet(148)) - a31b970d-7794-4e3b-90f6-b1b104a36046: start a31b970d-7794-4e3b-90f6-b1b104a36046@group-3D151091F17F-FollowerState
2025-05-12 13:59:32,867 [a31b970d-7794-4e3b-90f6-b1b104a36046@group-3D151091F17F-FollowerState] INFO  server.RaftServerConfigKeys (ConfUtils.java:logFallback(53)) - raft.server.rpc.first-election.timeout.min = 5000ms (fallback to raft.server.rpc.timeout.min)
2025-05-12 13:59:32,867 [a31b970d-7794-4e3b-90f6-b1b104a36046@group-3D151091F17F-FollowerState] INFO  server.RaftServerConfigKeys (ConfUtils.java:logFallback(53)) - raft.server.rpc.first-election.timeout.max = 5200ms (fallback to raft.server.rpc.timeout.max)
2025-05-12 13:59:32,867 [a31b970d-7794-4e3b-90f6-b1b104a36046-impl-thread1] INFO  util.JmxRegister (JmxRegister.java:tryRegister(44)) - Successfully registered JMX Bean with object name Ratis:service=RaftServer,group=group-3D151091F17F,id=a31b970d-7794-4e3b-90f6-b1b104a36046
2025-05-12 13:59:32,867 [a31b970d-7794-4e3b-90f6-b1b104a36046-impl-thread1] INFO  util.JmxRegister (JmxRegister.java:register(58)) - register mxBean class org.apache.ratis.server.impl.RaftServerJmxAdapter as Ratis:service=RaftServer,group=group-3D151091F17F,id=a31b970d-7794-4e3b-90f6-b1b104a36046
2025-05-12 13:59:32,867 [a31b970d-7794-4e3b-90f6-b1b104a36046-impl-thread1] INFO  server.RaftServerConfigKeys (ConfUtils.java:logGet(46)) - raft.server.snapshot.trigger-when-stop.enabled = true (default)
2025-05-12 13:59:32,867 [a31b970d-7794-4e3b-90f6-b1b104a36046-impl-thread1] INFO  server.RaftServerConfigKeys (ConfUtils.java:logGet(46)) - raft.server.snapshot.trigger-when-remove.enabled = true (default)
2025-05-12 13:59:32,867 [a31b970d-7794-4e3b-90f6-b1b104a36046-impl-thread1] INFO  server.RaftServerConfigKeys (ConfUtils.java:logGet(46)) - raft.server.snapshot.auto.trigger.enabled = true (custom)
2025-05-12 13:59:32,867 [a31b970d-7794-4e3b-90f6-b1b104a36046-impl-thread1] INFO  server.RaftServerConfigKeys (ConfUtils.java:logGet(46)) - raft.server.snapshot.auto.trigger.threshold = 1000 (custom)
2025-05-12 13:59:32,867 [a31b970d-7794-4e3b-90f6-b1b104a36046-impl-thread1] INFO  server.RaftServerConfigKeys (ConfUtils.java:logGet(46)) - raft.server.snapshot.retention.file.num = -1 (default)
2025-05-12 13:59:32,868 [a31b970d-7794-4e3b-90f6-b1b104a36046-impl-thread1] INFO  server.RaftServerConfigKeys (ConfUtils.java:logGet(46)) - raft.server.log.purge.upto.snapshot.index = false (default)
2025-05-12 13:59:32,868 [a31b970d-7794-4e3b-90f6-b1b104a36046-impl-thread1] INFO  server.RaftServer$Division (RaftServerImpl.java:start(405)) - a31b970d-7794-4e3b-90f6-b1b104a36046@group-3D151091F17F: Successfully started.
2025-05-12 13:59:32,869 [main] INFO  server.RaftServer (RaftServerProxy.java:startImpl(407)) - a31b970d-7794-4e3b-90f6-b1b104a36046: start RPC server
2025-05-12 13:59:32,869 [main] INFO  server.GrpcService (GrpcService.java:startImpl(334)) - a31b970d-7794-4e3b-90f6-b1b104a36046: GrpcService started, listening on 15025
2025-05-12 13:59:32,870 [JvmPauseMonitor6] INFO  util.JvmPauseMonitor (JvmPauseMonitor.java:run(146)) - JvmPauseMonitor-a31b970d-7794-4e3b-90f6-b1b104a36046: Started
2025-05-12 13:59:37,985 [a31b970d-7794-4e3b-90f6-b1b104a36046@group-3D151091F17F-FollowerState] INFO  impl.FollowerState (FollowerState.java:runImpl(161)) - a31b970d-7794-4e3b-90f6-b1b104a36046@group-3D151091F17F-FollowerState: change to CANDIDATE, lastRpcElapsedTime:5118558295ns, electionTimeout:5118ms
2025-05-12 13:59:37,985 [a31b970d-7794-4e3b-90f6-b1b104a36046@group-3D151091F17F-FollowerState] INFO  impl.RoleInfo (RoleInfo.java:shutdownFollowerState(121)) - a31b970d-7794-4e3b-90f6-b1b104a36046: shutdown a31b970d-7794-4e3b-90f6-b1b104a36046@group-3D151091F17F-FollowerState
2025-05-12 13:59:37,985 [a31b970d-7794-4e3b-90f6-b1b104a36046@group-3D151091F17F-FollowerState] INFO  server.RaftServer$Division (RaftServerImpl.java:setRole(378)) - a31b970d-7794-4e3b-90f6-b1b104a36046@group-3D151091F17F: changes role from  FOLLOWER to CANDIDATE at term 0 for changeToCandidate
2025-05-12 13:59:37,985 [a31b970d-7794-4e3b-90f6-b1b104a36046@group-3D151091F17F-FollowerState] INFO  server.RaftServerConfigKeys (ConfUtils.java:logGet(46)) - raft.server.leaderelection.pre-vote = true (default)
2025-05-12 13:59:37,985 [a31b970d-7794-4e3b-90f6-b1b104a36046@group-3D151091F17F-FollowerState] INFO  impl.RoleInfo (RoleInfo.java:updateAndGet(148)) - a31b970d-7794-4e3b-90f6-b1b104a36046: start a31b970d-7794-4e3b-90f6-b1b104a36046@group-3D151091F17F-LeaderElection4
2025-05-12 13:59:37,986 [a31b970d-7794-4e3b-90f6-b1b104a36046@group-3D151091F17F-LeaderElection4] INFO  impl.LeaderElection (LeaderElection.java:askForVotes(332)) - a31b970d-7794-4e3b-90f6-b1b104a36046@group-3D151091F17F-LeaderElection4 PRE_VOTE round 0: submit vote requests at term 0 for conf: {index: -1, cur=peers:[a31b970d-7794-4e3b-90f6-b1b104a36046|pkrvmberfyhpb9w:15025]|listeners:[], old=null}
2025-05-12 13:59:37,986 [a31b970d-7794-4e3b-90f6-b1b104a36046@group-3D151091F17F-LeaderElection4] INFO  impl.LeaderElection (LeaderElection.java:askForVotes(334)) - a31b970d-7794-4e3b-90f6-b1b104a36046@group-3D151091F17F-LeaderElection4 PRE_VOTE round 0: result PASSED (term=0)
2025-05-12 13:59:37,987 [a31b970d-7794-4e3b-90f6-b1b104a36046@group-3D151091F17F-LeaderElection4] INFO  impl.LeaderElection (LeaderElection.java:askForVotes(332)) - a31b970d-7794-4e3b-90f6-b1b104a36046@group-3D151091F17F-LeaderElection4 ELECTION round 0: submit vote requests at term 1 for conf: {index: -1, cur=peers:[a31b970d-7794-4e3b-90f6-b1b104a36046|pkrvmberfyhpb9w:15025]|listeners:[], old=null}
2025-05-12 13:59:37,987 [a31b970d-7794-4e3b-90f6-b1b104a36046@group-3D151091F17F-LeaderElection4] INFO  impl.LeaderElection (LeaderElection.java:askForVotes(334)) - a31b970d-7794-4e3b-90f6-b1b104a36046@group-3D151091F17F-LeaderElection4 ELECTION round 0: result PASSED (term=1)
2025-05-12 13:59:37,987 [a31b970d-7794-4e3b-90f6-b1b104a36046@group-3D151091F17F-LeaderElection4] INFO  impl.RoleInfo (RoleInfo.java:shutdownLeaderElection(141)) - a31b970d-7794-4e3b-90f6-b1b104a36046: shutdown a31b970d-7794-4e3b-90f6-b1b104a36046@group-3D151091F17F-LeaderElection4
2025-05-12 13:59:37,987 [a31b970d-7794-4e3b-90f6-b1b104a36046@group-3D151091F17F-LeaderElection4] INFO  server.RaftServer$Division (RaftServerImpl.java:setRole(378)) - a31b970d-7794-4e3b-90f6-b1b104a36046@group-3D151091F17F: changes role from CANDIDATE to LEADER at term 1 for changeToLeader
2025-05-12 13:59:37,988 [a31b970d-7794-4e3b-90f6-b1b104a36046@group-3D151091F17F-LeaderElection4] INFO  server.RaftServerConfigKeys (ConfUtils.java:logGet(46)) - raft.server.staging.catchup.gap = 1000 (default)
2025-05-12 13:59:37,988 [a31b970d-7794-4e3b-90f6-b1b104a36046@group-3D151091F17F-LeaderElection4] INFO  server.RaftServerConfigKeys (ConfUtils.java:logGet(46)) - raft.server.write.element-limit = 4096 (default)
2025-05-12 13:59:37,988 [a31b970d-7794-4e3b-90f6-b1b104a36046@group-3D151091F17F-LeaderElection4] INFO  server.RaftServerConfigKeys (ConfUtils.java:logGet(46)) - raft.server.write.byte-limit = 64MB (=67108864) (default)
2025-05-12 13:59:37,988 [a31b970d-7794-4e3b-90f6-b1b104a36046@group-3D151091F17F-LeaderElection4] INFO  server.RaftServerConfigKeys (ConfUtils.java:logGet(46)) - raft.server.watch.timeout = 10s (default)
2025-05-12 13:59:37,988 [a31b970d-7794-4e3b-90f6-b1b104a36046@group-3D151091F17F-LeaderElection4] INFO  server.RaftServerConfigKeys (ConfUtils.java:logGet(46)) - raft.server.watch.timeout.denomination = 1s (default)
2025-05-12 13:59:37,988 [a31b970d-7794-4e3b-90f6-b1b104a36046@group-3D151091F17F-LeaderElection4] INFO  server.RaftServerConfigKeys (ConfUtils.java:logGet(46)) - raft.server.watch.element-limit = 65536 (default)
2025-05-12 13:59:37,989 [a31b970d-7794-4e3b-90f6-b1b104a36046@group-3D151091F17F-LeaderElection4] INFO  server.RaftServerConfigKeys (ConfUtils.java:logGet(46)) - raft.server.read.leader.lease.enabled = false (default)
2025-05-12 13:59:37,989 [a31b970d-7794-4e3b-90f6-b1b104a36046@group-3D151091F17F-LeaderElection4] INFO  server.RaftServerConfigKeys (ConfUtils.java:logGet(46)) - raft.server.read.leader.lease.timeout.ratio = 0.9 (default)
2025-05-12 13:59:37,989 [a31b970d-7794-4e3b-90f6-b1b104a36046@group-3D151091F17F-LeaderElection4] INFO  server.RaftServerConfigKeys (ConfUtils.java:logGet(46)) - raft.server.rpc.timeout.min = 5000ms (custom)
2025-05-12 13:59:37,989 [a31b970d-7794-4e3b-90f6-b1b104a36046@group-3D151091F17F-LeaderElection4] INFO  server.RaftServerConfigKeys (ConfUtils.java:logGet(46)) - raft.server.log.log-metadata.enabled = true (default)
2025-05-12 13:59:37,989 [a31b970d-7794-4e3b-90f6-b1b104a36046@group-3D151091F17F-LeaderElection4] INFO  server.RaftServerConfigKeys (ConfUtils.java:logGet(46)) - raft.server.write.element-limit = 4096 (default)
2025-05-12 13:59:37,989 [a31b970d-7794-4e3b-90f6-b1b104a36046@group-3D151091F17F-LeaderElection4] INFO  server.RaftServerConfigKeys (ConfUtils.java:logGet(46)) - raft.server.write.follower.gap.ratio.max = -1.0 (default)
2025-05-12 13:59:37,989 [a31b970d-7794-4e3b-90f6-b1b104a36046@group-3D151091F17F-LeaderElection4] INFO  impl.RoleInfo (RoleInfo.java:updateAndGet(148)) - a31b970d-7794-4e3b-90f6-b1b104a36046: start a31b970d-7794-4e3b-90f6-b1b104a36046@group-3D151091F17F-LeaderStateImpl
2025-05-12 13:59:37,989 [a31b970d-7794-4e3b-90f6-b1b104a36046@group-3D151091F17F-LeaderElection4] INFO  server.RaftServer$Division (RaftServerImpl.java:setFirstElection(562)) - a31b970d-7794-4e3b-90f6-b1b104a36046@group-3D151091F17F: set firstElectionSinceStartup to false for becomeLeader
2025-05-12 13:59:37,989 [a31b970d-7794-4e3b-90f6-b1b104a36046@group-3D151091F17F-LeaderElection4] INFO  server.RaftServer$Division (ServerState.java:setLeader(272)) - a31b970d-7794-4e3b-90f6-b1b104a36046@group-3D151091F17F: change Leader from null to a31b970d-7794-4e3b-90f6-b1b104a36046 at term 1 for becomeLeader, leader elected after 5132ms
2025-05-12 13:59:37,989 [a31b970d-7794-4e3b-90f6-b1b104a36046@group-3D151091F17F-LeaderElection4] INFO  segmented.SegmentedRaftLogWorker (SegmentedRaftLogWorker.java:startLogSegment(438)) - a31b970d-7794-4e3b-90f6-b1b104a36046@group-3D151091F17F-SegmentedRaftLogWorker: Starting segment from index:0
2025-05-12 13:59:37,990 [a31b970d-7794-4e3b-90f6-b1b104a36046@group-3D151091F17F-LeaderElection4] INFO  server.RaftServer$Division (ServerState.java:setRaftConf(386)) - a31b970d-7794-4e3b-90f6-b1b104a36046@group-3D151091F17F: set configuration conf: {index: 0, cur=peers:[a31b970d-7794-4e3b-90f6-b1b104a36046|pkrvmberfyhpb9w:15025]|listeners:[], old=null}
2025-05-12 13:59:37,990 [a31b970d-7794-4e3b-90f6-b1b104a36046@group-3D151091F17F-SegmentedRaftLogWorker] INFO  segmented.BufferedWriteChannel (BufferedWriteChannel.java:open(61)) - open log_inprogress_0 at position 0
2025-05-12 13:59:37,996 [a31b970d-7794-4e3b-90f6-b1b104a36046@group-3D151091F17F-SegmentedRaftLogWorker] INFO  segmented.SegmentedRaftLogWorker (SegmentedRaftLogWorker.java:execute(644)) - a31b970d-7794-4e3b-90f6-b1b104a36046@group-3D151091F17F-SegmentedRaftLogWorker: created new log segment /tmp/junit-15725290785370428166/scm-meta/scm-ha/b22fb38b-a122-4cd1-a7ea-3d151091f17f/current/log_inprogress_0
2025-05-12 13:59:37,998 [a31b970d-7794-4e3b-90f6-b1b104a36046@group-3D151091F17F-StateMachineUpdater] INFO  server.RaftServer$Division (LeaderStateImpl.java:checkStartIndex(313)) - Leader a31b970d-7794-4e3b-90f6-b1b104a36046@group-3D151091F17F-LeaderStateImpl is ready since appliedIndex == startIndex == 0
2025-05-12 13:59:38,870 [main] INFO  server.RaftServer (RaftServerProxy.java:lambda$close$9(417)) - a31b970d-7794-4e3b-90f6-b1b104a36046: close
2025-05-12 13:59:38,870 [main] INFO  server.GrpcService (GrpcService.java:closeImpl(343)) - a31b970d-7794-4e3b-90f6-b1b104a36046: shutdown server GrpcServerProtocolService now
2025-05-12 13:59:38,870 [a31b970d-7794-4e3b-90f6-b1b104a36046-impl-thread1] INFO  server.RaftServer$Division (RaftServerImpl.java:lambda$close$1(513)) - a31b970d-7794-4e3b-90f6-b1b104a36046@group-3D151091F17F: shutdown
2025-05-12 13:59:38,871 [a31b970d-7794-4e3b-90f6-b1b104a36046-impl-thread1] INFO  util.JmxRegister (JmxRegister.java:unregister(74)) - Successfully un-registered JMX Bean with object name Ratis:service=RaftServer,group=group-3D151091F17F,id=a31b970d-7794-4e3b-90f6-b1b104a36046
2025-05-12 13:59:38,871 [a31b970d-7794-4e3b-90f6-b1b104a36046-impl-thread1] INFO  impl.RoleInfo (RoleInfo.java:shutdownLeaderState(103)) - a31b970d-7794-4e3b-90f6-b1b104a36046: shutdown a31b970d-7794-4e3b-90f6-b1b104a36046@group-3D151091F17F-LeaderStateImpl
2025-05-12 13:59:38,871 [a31b970d-7794-4e3b-90f6-b1b104a36046-impl-thread1] INFO  impl.PendingRequests (PendingRequests.java:sendNotLeaderResponses(287)) - a31b970d-7794-4e3b-90f6-b1b104a36046@group-3D151091F17F-PendingRequests: sendNotLeaderResponses
2025-05-12 13:59:38,871 [main] INFO  server.GrpcService (GrpcService.java:closeImpl(352)) - a31b970d-7794-4e3b-90f6-b1b104a36046: shutdown server GrpcServerProtocolService successfully
2025-05-12 13:59:38,872 [a31b970d-7794-4e3b-90f6-b1b104a36046-impl-thread1] INFO  impl.StateMachineUpdater (StateMachineUpdater.java:stopAndJoin(164)) - a31b970d-7794-4e3b-90f6-b1b104a36046@group-3D151091F17F-StateMachineUpdater: set stopIndex = 0
2025-05-12 13:59:38,872 [a31b970d-7794-4e3b-90f6-b1b104a36046@group-3D151091F17F-StateMachineUpdater] INFO  impl.StateMachineUpdater (StateMachineUpdater.java:takeSnapshot(303)) - a31b970d-7794-4e3b-90f6-b1b104a36046@group-3D151091F17F-StateMachineUpdater: Took a snapshot at index 0
2025-05-12 13:59:38,872 [a31b970d-7794-4e3b-90f6-b1b104a36046@group-3D151091F17F-StateMachineUpdater] INFO  impl.StateMachineUpdater (StateMachineUpdater.java:lambda$new$0(102)) - a31b970d-7794-4e3b-90f6-b1b104a36046@group-3D151091F17F-StateMachineUpdater: snapshotIndex: updateIncreasingly -1 -> 0
2025-05-12 13:59:38,872 [a31b970d-7794-4e3b-90f6-b1b104a36046@group-3D151091F17F-StateMachineUpdater] INFO  impl.StateMachineUpdater (StateMachineUpdater.java:stop(141)) - a31b970d-7794-4e3b-90f6-b1b104a36046@group-3D151091F17F-StateMachineUpdater: closing SCMStateMachine, lastApplied=(t:1, i:0)
2025-05-12 13:59:38,872 [a31b970d-7794-4e3b-90f6-b1b104a36046@group-3D151091F17F-cacheEviction-AwaitToRun] INFO  util.AwaitToRun (AwaitToRun.java:run(49)) - a31b970d-7794-4e3b-90f6-b1b104a36046@group-3D151091F17F-cacheEviction-AwaitToRun-AwaitForSignal is interrupted
2025-05-12 13:59:38,998 [a31b970d-7794-4e3b-90f6-b1b104a36046-impl-thread1] INFO  segmented.SegmentedRaftLogWorker (SegmentedRaftLogWorker.java:close(252)) - a31b970d-7794-4e3b-90f6-b1b104a36046@group-3D151091F17F-SegmentedRaftLogWorker close()
2025-05-12 13:59:38,999 [JvmPauseMonitor6] INFO  util.JvmPauseMonitor (JvmPauseMonitor.java:run(152)) - JvmPauseMonitor-a31b970d-7794-4e3b-90f6-b1b104a36046: Stopped
2025-05-12 13:59:38,999 [main] WARN  server.ServerUtils (ServerUtils.java:getScmDbDir(138)) - ozone.scm.db.dirs is not configured. We recommend adding this setting. Falling back to ozone.metadata.dirs instead.
2025-05-12 13:59:38,999 [main] INFO  ha.SCMHANodeDetails (SCMHANodeDetails.java:loadSCMHAConfig(162)) - ServiceID for StorageContainerManager is null
2025-05-12 13:59:38,999 [main] INFO  ha.SCMHANodeDetails (SCMHANodeDetails.java:loadSCMHAConfig(166)) - ozone.scm.default.service.id is not defined, falling back to ozone.scm.service.ids to find serviceID for StorageContainerManager if it is HA enabled cluster
2025-05-12 13:59:39,013 [pool-192-thread-1] INFO  request.KdcRequest (KdcRequest.java:preauth(683)) - The preauth data is empty.
2025-05-12 13:59:39,013 [pool-192-thread-1] INFO  server.KdcHandler (KdcHandler.java:handleRecoverableException(177)) - KRB error occurred while processing request: Additional pre-authentication required
2025-05-12 13:59:39,022 [pool-192-thread-1] INFO  request.AsRequest (AsRequest.java:issueTicket(112)) - AS_REQ ISSUE: authtime 1747058379021,om/pkrvmberfyhpb9w.internal.cloudapp.net@EXAMPLE.COM for krbtgt/EXAMPLE.COM@EXAMPLE.COM
2025-05-12 13:59:39,024 [main] INFO  security.UserGroupInformation (UserGroupInformation.java:loginUserFromKeytab(1143)) - Login successful for user om/pkrvmberfyhpb9w.internal.cloudapp.net@EXAMPLE.COM using keytab file om.keytab. Keytab auto renewal enabled : false
2025-05-12 13:59:39,024 [main] INFO  server.StorageContainerManager (StorageContainerManager.java:loginAsSCMUserIfSecurityEnabled(1062)) - SCM login successful.
2025-05-12 13:59:39,026 [main] INFO  proxy.SCMSecurityProtocolFailoverProxyProvider (SCMFailoverProxyProviderBase.java:<init>(120)) - Created fail-over proxy for protocol SCMSecurityProtocolPB with 1 nodes: [nodeId=scmNodeId,nodeAddress=localhost/127.0.0.1:15024]
2025-05-12 13:59:39,026 [main] INFO  client.SCMCertificateClient (DefaultCertificateClient.java:updateCertSerialId(1289)) - Certificate serial ID set to 2
2025-05-12 13:59:39,028 [main] INFO  client.SCMCertificateClient (DefaultCertificateClient.java:readCertificateFile(247)) - Added certificate 2 from file: /tmp/junit-15725290785370428166/scm-meta/scm/sub-ca/certs/2.crt.
2025-05-12 13:59:39,029 [main] INFO  client.SCMCertificateClient (DefaultCertificateClient.java:readCertificateFile(247)) - Added certificate 1 from file: /tmp/junit-15725290785370428166/scm-meta/scm/sub-ca/certs/CA-1.crt.
2025-05-12 13:59:39,030 [main] INFO  client.SCMCertificateClient (DefaultCertificateClient.java:readCertificateFile(247)) - Added certificate 2 from file: /tmp/junit-15725290785370428166/scm-meta/scm/sub-ca/certs/certificate.crt.
2025-05-12 13:59:39,030 [main] INFO  client.SCMCertificateClient (DefaultCertificateClient.java:loadAllCertificates(196)) - CertificateRenewerService and root ca rotation polling is disabled for scm/sub-ca
2025-05-12 13:59:39,030 [main] WARN  utils.HAUtils (HAUtils.java:getMetaDir(311)) - ozone.scm.db.dirs is not configured. We recommend adding this setting. Falling back to ozone.metadata.dirs instead.
2025-05-12 13:59:39,031 [main] WARN  db.DBStoreBuilder (DBStoreBuilder.java:getDBDirPath(160)) - ozone.scm.db.dirs is not configured. We recommend adding this setting. Falling back to ozone.metadata.dirs instead.
2025-05-12 13:59:39,081 [main] INFO  net.NodeSchemaLoader (NodeSchemaLoader.java:loadSchemaFromFile(128)) - Loading schema from [jar:file:/home/runner/work/ozone/ozone/hadoop-hdds/common/target/hdds-common-2.1.0-SNAPSHOT.jar!/network-topology-default.xml]
2025-05-12 13:59:39,082 [main] INFO  net.NodeSchemaLoader (NodeSchemaLoader.java:loadSchema(175)) - Loading network topology layer schema file
2025-05-12 13:59:39,100 [main] INFO  ha.SCMRatisServerImpl (SCMRatisServerImpl.java:<init>(100)) - starting Raft server for scm:a31b970d-7794-4e3b-90f6-b1b104a36046
2025-05-12 13:59:39,100 [main] INFO  server.RaftServerConfigKeys (ConfUtils.java:logGet(46)) - raft.server.log.appender.buffer.byte-limit = 4194304 (custom)
2025-05-12 13:59:39,102 [main] INFO  server.RaftServer (ConfUtils.java:logGet(46)) - raft.rpc.type = GRPC (default)
2025-05-12 13:59:39,102 [main] INFO  grpc.GrpcConfigKeys (ConfUtils.java:logFallback(53)) - raft.grpc.admin.host = null (fallback to raft.grpc.server.host)
2025-05-12 13:59:39,102 [main] INFO  grpc.GrpcConfigKeys (ConfUtils.java:logFallback(53)) - raft.grpc.admin.port = 15025 (fallback to raft.grpc.server.port)
2025-05-12 13:59:39,102 [main] INFO  grpc.GrpcConfigKeys (ConfUtils.java:logFallback(53)) - raft.grpc.client.host = null (fallback to raft.grpc.server.host)
2025-05-12 13:59:39,102 [main] INFO  grpc.GrpcConfigKeys (ConfUtils.java:logFallback(53)) - raft.grpc.client.port = 15025 (fallback to raft.grpc.server.port)
2025-05-12 13:59:39,102 [main] INFO  grpc.GrpcConfigKeys (ConfUtils.java:logGet(46)) - raft.grpc.server.host = null (default)
2025-05-12 13:59:39,103 [main] INFO  grpc.GrpcConfigKeys (ConfUtils.java:logGet(46)) - raft.grpc.server.port = 15025 (custom)
2025-05-12 13:59:39,103 [main] INFO  server.GrpcService (ConfUtils.java:logGet(46)) - raft.grpc.message.size.max = 5242880 (custom)
2025-05-12 13:59:39,103 [main] INFO  server.GrpcService (ConfUtils.java:logGet(46)) - raft.grpc.flow.control.window = 1MB (=1048576) (default)
2025-05-12 13:59:39,103 [main] INFO  server.RaftServerConfigKeys (ConfUtils.java:logGet(46)) - raft.server.rpc.request.timeout = 30000ms (custom)
2025-05-12 13:59:39,103 [main] INFO  grpc.GrpcConfigKeys (ConfUtils.java:logGet(46)) - raft.grpc.server.heartbeat.channel = true (default)
2025-05-12 13:59:39,103 [main] INFO  server.RaftServerConfigKeys (ConfUtils.java:logGet(46)) - raft.server.log.appender.buffer.byte-limit = 4194304 (custom)
2025-05-12 13:59:39,103 [main] INFO  grpc.GrpcConfigKeys (ConfUtils.java:logGet(46)) - raft.grpc.server.async.request.thread.pool.cached = true (default)
2025-05-12 13:59:39,103 [main] INFO  grpc.GrpcConfigKeys (ConfUtils.java:logGet(46)) - raft.grpc.server.async.request.thread.pool.size = 32 (default)
2025-05-12 13:59:39,104 [main] INFO  impl.DataStreamServerImpl (ConfUtils.java:logGet(46)) - raft.datastream.type = DISABLED (default)
2025-05-12 13:59:39,104 [main] INFO  server.RaftServerConfigKeys (ConfUtils.java:logGet(46)) - raft.server.sleep.deviation.threshold = 300ms (default)
2025-05-12 13:59:39,104 [main] INFO  server.RaftServerConfigKeys (ConfUtils.java:logGet(46)) - raft.server.close.threshold = 60s (default)
2025-05-12 13:59:39,104 [main] INFO  server.RaftServerConfigKeys (ConfUtils.java:logGet(46)) - raft.server.leaderelection.leader.step-down.wait-time = 10s (default)
2025-05-12 13:59:39,105 [main] INFO  server.RaftServerConfigKeys (ConfUtils.java:logGet(46)) - raft.server.storage.dir = [/tmp/junit-15725290785370428166/scm-meta/scm-ha] (custom)
2025-05-12 13:59:39,105 [main] INFO  server.RaftServerConfigKeys (ConfUtils.java:logGet(46)) - raft.server.threadpool.proxy.cached = true (default)
2025-05-12 13:59:39,105 [main] INFO  server.RaftServerConfigKeys (ConfUtils.java:logGet(46)) - raft.server.threadpool.proxy.size = 0 (default)
2025-05-12 13:59:39,105 [a31b970d-7794-4e3b-90f6-b1b104a36046-impl-thread1] INFO  server.RaftServer (RaftServerProxy.java:initGroupDir(265)) - a31b970d-7794-4e3b-90f6-b1b104a36046: found a subdirectory /tmp/junit-15725290785370428166/scm-meta/scm-ha/b22fb38b-a122-4cd1-a7ea-3d151091f17f
2025-05-12 13:59:39,106 [main] INFO  server.RaftServer (RaftServerProxy.java:addNew(100)) - a31b970d-7794-4e3b-90f6-b1b104a36046: addNew group-3D151091F17F:[] returns group-3D151091F17F:java.util.concurrent.CompletableFuture@95e3b93[Not completed]
2025-05-12 13:59:39,106 [a31b970d-7794-4e3b-90f6-b1b104a36046-groupManagement] INFO  server.RaftServer$Division (RaftServerImpl.java:<init>(255)) - a31b970d-7794-4e3b-90f6-b1b104a36046: new RaftServerImpl for group-3D151091F17F:[] with SCMStateMachine:uninitialized
2025-05-12 13:59:39,106 [a31b970d-7794-4e3b-90f6-b1b104a36046-groupManagement] INFO  server.RaftServerConfigKeys (ConfUtils.java:logGet(46)) - raft.server.rpc.timeout.min = 5000ms (custom)
2025-05-12 13:59:39,106 [a31b970d-7794-4e3b-90f6-b1b104a36046-groupManagement] INFO  server.RaftServerConfigKeys (ConfUtils.java:logGet(46)) - raft.server.rpc.timeout.max = 5200ms (custom)
2025-05-12 13:59:39,106 [a31b970d-7794-4e3b-90f6-b1b104a36046-groupManagement] INFO  server.RaftServerConfigKeys (ConfUtils.java:logGet(46)) - raft.server.rpc.sleep.time = 25ms (default)
2025-05-12 13:59:39,106 [a31b970d-7794-4e3b-90f6-b1b104a36046-groupManagement] INFO  server.RaftServerConfigKeys (ConfUtils.java:logGet(46)) - raft.server.rpc.slowness.timeout = 120000ms (custom)
2025-05-12 13:59:39,106 [a31b970d-7794-4e3b-90f6-b1b104a36046-groupManagement] INFO  server.RaftServerConfigKeys (ConfUtils.java:logGet(46)) - raft.server.leaderelection.leader.step-down.wait-time = 10s (default)
2025-05-12 13:59:39,106 [a31b970d-7794-4e3b-90f6-b1b104a36046-groupManagement] INFO  server.RaftServerConfigKeys (ConfUtils.java:logGet(46)) - raft.server.leaderelection.member.majority-add = false (default)
2025-05-12 13:59:39,106 [a31b970d-7794-4e3b-90f6-b1b104a36046-groupManagement] INFO  server.RaftServerConfigKeys (ConfUtils.java:logGet(46)) - raft.server.sleep.deviation.threshold = 300ms (default)
2025-05-12 13:59:39,106 [a31b970d-7794-4e3b-90f6-b1b104a36046-groupManagement] INFO  server.RaftServer$Division (ServerState.java:<init>(114)) - a31b970d-7794-4e3b-90f6-b1b104a36046@group-3D151091F17F: ConfigurationManager, init=conf: {index: -1, cur=peers:[]|listeners:[], old=null}, confs=<EMPTY_MAP>
2025-05-12 13:59:39,106 [a31b970d-7794-4e3b-90f6-b1b104a36046-groupManagement] INFO  server.RaftServerConfigKeys (ConfUtils.java:logGet(46)) - raft.server.notification.no-leader.timeout = 60s (default)
2025-05-12 13:59:39,106 [a31b970d-7794-4e3b-90f6-b1b104a36046-groupManagement] INFO  server.RaftServerConfigKeys (ConfUtils.java:logGet(46)) - raft.server.read.timeout = 10s (default)
2025-05-12 13:59:39,107 [a31b970d-7794-4e3b-90f6-b1b104a36046-groupManagement] INFO  server.RaftServerConfigKeys (ConfUtils.java:logGet(46)) - raft.server.retrycache.expirytime = 60000ms (default)
2025-05-12 13:59:39,107 [a31b970d-7794-4e3b-90f6-b1b104a36046-groupManagement] INFO  server.RaftServerConfigKeys (ConfUtils.java:logGet(46)) - raft.server.retrycache.statistics.expirytime = 100ms (default)
2025-05-12 13:59:39,107 [a31b970d-7794-4e3b-90f6-b1b104a36046-groupManagement] INFO  server.RaftServerConfigKeys (ConfUtils.java:logGet(46)) - raft.server.read.option = DEFAULT (default)
2025-05-12 13:59:39,107 [a31b970d-7794-4e3b-90f6-b1b104a36046-groupManagement] INFO  server.RaftServerConfigKeys (ConfUtils.java:logGet(46)) - raft.server.read.read-after-write-consistent.write-index-cache.expiry-time = 60s (default)
2025-05-12 13:59:39,110 [a31b970d-7794-4e3b-90f6-b1b104a36046-groupManagement] INFO  server.RaftServerConfigKeys (ConfUtils.java:logGet(46)) - raft.server.rpc.request.timeout = 30000ms (custom)
2025-05-12 13:59:39,110 [a31b970d-7794-4e3b-90f6-b1b104a36046-groupManagement] INFO  server.RaftServerConfigKeys (ConfUtils.java:logGet(46)) - raft.server.log.appender.install.snapshot.enabled = false (custom)
2025-05-12 13:59:39,110 [a31b970d-7794-4e3b-90f6-b1b104a36046-groupManagement] INFO  server.RaftServerConfigKeys (ConfUtils.java:logGet(46)) - raft.server.threadpool.server.cached = true (default)
2025-05-12 13:59:39,110 [a31b970d-7794-4e3b-90f6-b1b104a36046-groupManagement] INFO  server.RaftServerConfigKeys (ConfUtils.java:logGet(46)) - raft.server.threadpool.server.size = 0 (default)
2025-05-12 13:59:39,111 [a31b970d-7794-4e3b-90f6-b1b104a36046-groupManagement] INFO  server.RaftServerConfigKeys (ConfUtils.java:logGet(46)) - raft.server.threadpool.client.cached = true (default)
2025-05-12 13:59:39,111 [a31b970d-7794-4e3b-90f6-b1b104a36046-groupManagement] INFO  server.RaftServerConfigKeys (ConfUtils.java:logGet(46)) - raft.server.threadpool.client.size = 0 (default)
2025-05-12 13:59:39,111 [main] INFO  ha.SCMSnapshotProvider (SCMSnapshotProvider.java:<init>(61)) - Initializing SCM Snapshot Provider
2025-05-12 13:59:39,111 [main] WARN  server.ServerUtils (ServerUtils.java:getDefaultRatisDirectory(304)) - Storage directory for Ratis is not configured. It is a good idea to map this to an SSD disk. Falling back to ozone.metadata.dirs
2025-05-12 13:59:39,111 [main] WARN  ha.SCMHAUtils (SCMHAUtils.java:getSCMRatisSnapshotDirectory(120)) - SCM snapshot dir is not configured. Falling back to ozone.metadata.dirs config
2025-05-12 13:59:39,112 [main] INFO  upgrade.AbstractLayoutVersionManager (AbstractLayoutVersionManager.java:init(80)) - Initializing Layout version manager with metadata layout = HBASE_SUPPORT (version = 8), software layout = HBASE_SUPPORT (version = 8)
2025-05-12 13:59:39,114 [main] INFO  ha.SequenceIdGenerator (SequenceIdGenerator.java:upgradeToSequenceId(355)) - upgrade localId to 115816896921600000
2025-05-12 13:59:39,115 [main] INFO  ha.SequenceIdGenerator (SequenceIdGenerator.java:upgradeToSequenceId(365)) - upgrade delTxnId to 0
2025-05-12 13:59:39,116 [main] INFO  ha.SequenceIdGenerator (SequenceIdGenerator.java:upgradeToSequenceId(382)) - upgrade containerId to 0
2025-05-12 13:59:39,117 [main] INFO  ha.SequenceIdGenerator (SequenceIdGenerator.java:upgradeToCertificateSequenceId(419)) - upgrade CertificateId to 2
2025-05-12 13:59:39,117 [main] INFO  ha.SequenceIdGenerator (SequenceIdGenerator.java:<init>(232)) - Init the HA SequenceIdGenerator.
2025-05-12 13:59:39,117 [main] WARN  server.ServerUtils (ServerUtils.java:sanitizeUserArgs(76)) - ozone.scm.stale.node.interval value = 300000 is larger than max = 100000 based on the key value of ozone.scm.heartbeat.thread.interval, reset to the max value 100000.
2025-05-12 13:59:39,118 [main] WARN  server.ServerUtils (ServerUtils.java:sanitizeUserArgs(76)) - ozone.scm.stale.node.interval value = 300000 is larger than max = 100000 based on the key value of ozone.scm.heartbeat.thread.interval, reset to the max value 100000.
2025-05-12 13:59:39,118 [main] INFO  node.SCMNodeManager (SCMNodeManager.java:<init>(182)) - Entering startup safe mode.
2025-05-12 13:59:39,119 [main] INFO  algorithms.ContainerPlacementPolicyFactory (ContainerPlacementPolicyFactory.java:getPolicyInternal(84)) - Create container placement policy of type org.apache.hadoop.hdds.scm.container.placement.algorithms.SCMContainerPlacementRackAware
2025-05-12 13:59:39,119 [main] INFO  algorithms.ContainerPlacementPolicyFactory (ContainerPlacementPolicyFactory.java:getPolicyInternal(84)) - Create container placement policy of type org.apache.hadoop.hdds.scm.container.placement.algorithms.SCMContainerPlacementRackScatter
2025-05-12 13:59:39,119 [main] INFO  pipeline.PipelineStateManagerImpl (PipelineStateManagerImpl.java:initialize(75)) - No pipeline exists in current db
2025-05-12 13:59:39,120 [main] INFO  algorithms.LeaderChoosePolicyFactory (LeaderChoosePolicyFactory.java:getPolicy(55)) - Create leader choose policy of type org.apache.hadoop.hdds.scm.pipeline.leader.choose.algorithms.MinLeaderCountChoosePolicy
2025-05-12 13:59:39,120 [main] INFO  algorithms.ContainerPlacementPolicyFactory (ContainerPlacementPolicyFactory.java:getPolicyInternal(84)) - Create container placement policy of type org.apache.hadoop.hdds.scm.container.placement.algorithms.SCMContainerPlacementRackScatter
2025-05-12 13:59:39,120 [main] INFO  ha.SCMServiceManager (SCMServiceManager.java:register(42)) - Registering service BackgroundPipelineCreator.
2025-05-12 13:59:39,120 [main] INFO  pipeline.BackgroundPipelineCreator (BackgroundPipelineCreator.java:start(126)) - Starting RatisPipelineUtilsThread.
2025-05-12 13:59:39,121 [main] INFO  BackgroundPipelineScrubber (BackgroundSCMService.java:start(64)) - Starting BackgroundPipelineScrubber Service.
2025-05-12 13:59:39,121 [main] INFO  ha.SCMServiceManager (SCMServiceManager.java:register(42)) - Registering service BackgroundPipelineScrubber.
2025-05-12 13:59:39,121 [main] INFO  ExpiredContainerReplicaOpScrubber (BackgroundSCMService.java:start(64)) - Starting ExpiredContainerReplicaOpScrubber Service.
2025-05-12 13:59:39,121 [main] INFO  ha.SCMServiceManager (SCMServiceManager.java:register(42)) - Registering service ExpiredContainerReplicaOpScrubber.
2025-05-12 13:59:39,122 [main] INFO  algorithms.PipelineChoosePolicyFactory (PipelineChoosePolicyFactory.java:createPipelineChoosePolicyFromClass(78)) - Create pipeline choose policy of type org.apache.hadoop.hdds.scm.pipeline.choose.algorithms.RandomPipelineChoosePolicy
2025-05-12 13:59:39,123 [main] INFO  algorithms.PipelineChoosePolicyFactory (PipelineChoosePolicyFactory.java:createPipelineChoosePolicyFromClass(78)) - Create pipeline choose policy of type org.apache.hadoop.hdds.scm.pipeline.choose.algorithms.RandomPipelineChoosePolicy
2025-05-12 13:59:39,124 [main] INFO  ha.SCMServiceManager (SCMServiceManager.java:register(42)) - Registering service SCMBlockDeletingService.
2025-05-12 13:59:39,125 [main] INFO  replication.ReplicationManager (ReplicationManager.java:start(285)) - Starting Replication Monitor Thread.
2025-05-12 13:59:39,125 [main] INFO  ha.SCMServiceManager (SCMServiceManager.java:register(42)) - Registering service ReplicationManager.
2025-05-12 13:59:39,126 [main] INFO  safemode.RatisContainerSafeModeRule (RatisContainerSafeModeRule.java:initializeRule(160)) - Refreshed Containers with one replica threshold count 0.
2025-05-12 13:59:39,127 [main] INFO  safemode.ECContainerSafeModeRule (ECContainerSafeModeRule.java:initializeRule(205)) - Refreshed Containers with ec n replica threshold count 0.
2025-05-12 13:59:39,127 [main] INFO  safemode.HealthyPipelineSafeModeRule (HealthyPipelineSafeModeRule.java:initializeRule(177)) - Total pipeline count is 0, healthy pipeline threshold count is 0
2025-05-12 13:59:39,127 [main] INFO  safemode.OneReplicaPipelineSafeModeRule (OneReplicaPipelineSafeModeRule.java:initializeRule(190)) - Total pipeline count is 0, pipeline's with at least one datanode reported threshold count is 0
2025-05-12 13:59:39,128 [main] INFO  security.SecretKeyManagerService (SecretKeyManagerService.java:start(143)) - Scheduling rotation checker with interval PT10M
2025-05-12 13:59:39,128 [main] INFO  ha.SCMServiceManager (SCMServiceManager.java:register(42)) - Registering service SecretKeyManagerService.
2025-05-12 13:59:39,129 [main] INFO  keys.KeyStorage (KeyStorage.java:readPublicKey(174)) - Reading public key from /tmp/junit-15725290785370428166/scm-meta/scm/sub-ca/keys/public.pem.
2025-05-12 13:59:39,129 [main] INFO  keys.KeyStorage (KeyStorage.java:readPrivateKey(158)) - Reading private key from /tmp/junit-15725290785370428166/scm-meta/scm/sub-ca/keys/private.pem.
2025-05-12 13:59:39,130 [main] INFO  authority.DefaultCAServer (DefaultCAServer.java:lambda$processVerificationStatus$0(392)) - CertificateServer validation is successful
2025-05-12 13:59:39,130 [main] INFO  keys.KeyStorage (KeyStorage.java:readPublicKey(174)) - Reading public key from /tmp/junit-15725290785370428166/scm-meta/scm/ca/keys/public.pem.
2025-05-12 13:59:39,130 [main] INFO  keys.KeyStorage (KeyStorage.java:readPrivateKey(158)) - Reading private key from /tmp/junit-15725290785370428166/scm-meta/scm/ca/keys/private.pem.
2025-05-12 13:59:39,130 [main] INFO  authority.DefaultCAServer (DefaultCAServer.java:lambda$processVerificationStatus$0(392)) - CertificateServer validation is successful
2025-05-12 13:59:39,131 [main] INFO  server.StorageContainerManager (StorageContainerManager.java:persistPrimarySCMCerts(950)) - Storing sub-ca certificate serialId 2 on primary SCM
2025-05-12 13:59:39,132 [main] INFO  server.SCMCertStore (SCMCertStore.java:storeValidScmCertificate(96)) - Scm certificate 2 for CN=scm-sub@pkrvmberfyhpb9w,OU=a31b970d-7794-4e3b-90f6-b1b104a36046,O=b22fb38b-a122-4cd1-a7ea-3d151091f17f,SERIALNUMBER=2 is stored
2025-05-12 13:59:39,132 [main] INFO  server.StorageContainerManager (StorageContainerManager.java:persistPrimarySCMCerts(957)) - Storing root certificate serialId 1
2025-05-12 13:59:39,133 [main] INFO  server.SCMCertStore (SCMCertStore.java:storeValidScmCertificate(96)) - Scm certificate 1 for CN=scm@pkrvmberfyhpb9w,OU=a31b970d-7794-4e3b-90f6-b1b104a36046,O=b22fb38b-a122-4cd1-a7ea-3d151091f17f,SERIALNUMBER=1 is stored
2025-05-12 13:59:39,136 [main] INFO  ha.SequenceIdGenerator (SequenceIdGenerator.java:upgradeToCertificateSequenceId(419)) - upgrade CertificateId to 2
2025-05-12 13:59:39,136 [main] INFO  ipc.CallQueueManager (CallQueueManager.java:<init>(93)) - Using callQueue: class java.util.concurrent.LinkedBlockingQueue, queueCapacity: 200, scheduler: class org.apache.hadoop.ipc.DefaultRpcScheduler, ipcBackoff: false, ipcFailOver: false.
2025-05-12 13:59:39,137 [main] INFO  ipc.Server (Server.java:<init>(1438)) - Listener at 0.0.0.0:15024
2025-05-12 13:59:39,137 [Socket Reader #1 for port 15024] INFO  ipc.Server (Server.java:run(1474)) - Starting Socket Reader #1 for port 15024
2025-05-12 13:59:39,139 [main] INFO  server.StorageContainerManager (StorageContainerManager.java:<init>(430)) - SCM start with adminUsers: [om/pkrvmberfyhpb9w.internal.cloudapp.net@EXAMPLE.COM, om]
2025-05-12 13:59:39,140 [main] INFO  ipc.CallQueueManager (CallQueueManager.java:<init>(93)) - Using callQueue: class java.util.concurrent.LinkedBlockingQueue, queueCapacity: 10000, scheduler: class org.apache.hadoop.ipc.DefaultRpcScheduler, ipcBackoff: false, ipcFailOver: false.
2025-05-12 13:59:39,140 [main] INFO  ipc.Server (Server.java:<init>(1438)) - Listener at 0.0.0.0:15022
2025-05-12 13:59:39,141 [Socket Reader #1 for port 15022] INFO  ipc.Server (Server.java:run(1474)) - Starting Socket Reader #1 for port 15022
2025-05-12 13:59:39,141 [Socket Reader #2 for port 15022] INFO  ipc.Server (Server.java:run(1474)) - Starting Socket Reader #2 for port 15022
2025-05-12 13:59:39,141 [Socket Reader #3 for port 15022] INFO  ipc.Server (Server.java:run(1474)) - Starting Socket Reader #3 for port 15022
2025-05-12 13:59:39,142 [Socket Reader #4 for port 15022] INFO  ipc.Server (Server.java:run(1474)) - Starting Socket Reader #4 for port 15022
2025-05-12 13:59:39,142 [Socket Reader #5 for port 15022] INFO  ipc.Server (Server.java:run(1474)) - Starting Socket Reader #5 for port 15022
2025-05-12 13:59:39,142 [Socket Reader #6 for port 15022] INFO  ipc.Server (Server.java:run(1474)) - Starting Socket Reader #6 for port 15022
2025-05-12 13:59:39,142 [Socket Reader #7 for port 15022] INFO  ipc.Server (Server.java:run(1474)) - Starting Socket Reader #7 for port 15022
2025-05-12 13:59:39,142 [Socket Reader #8 for port 15022] INFO  ipc.Server (Server.java:run(1474)) - Starting Socket Reader #8 for port 15022
2025-05-12 13:59:39,143 [Socket Reader #9 for port 15022] INFO  ipc.Server (Server.java:run(1474)) - Starting Socket Reader #9 for port 15022
2025-05-12 13:59:39,143 [Socket Reader #10 for port 15022] INFO  ipc.Server (Server.java:run(1474)) - Starting Socket Reader #10 for port 15022
2025-05-12 13:59:39,144 [main] INFO  ipc.CallQueueManager (CallQueueManager.java:<init>(93)) - Using callQueue: class java.util.concurrent.LinkedBlockingQueue, queueCapacity: 10000, scheduler: class org.apache.hadoop.ipc.DefaultRpcScheduler, ipcBackoff: false, ipcFailOver: false.
2025-05-12 13:59:39,144 [main] INFO  ipc.Server (Server.java:<init>(1438)) - Listener at 0.0.0.0:15023
2025-05-12 13:59:39,145 [Socket Reader #1 for port 15023] INFO  ipc.Server (Server.java:run(1474)) - Starting Socket Reader #1 for port 15023
2025-05-12 13:59:39,145 [Socket Reader #3 for port 15023] INFO  ipc.Server (Server.java:run(1474)) - Starting Socket Reader #3 for port 15023
2025-05-12 13:59:39,145 [Socket Reader #2 for port 15023] INFO  ipc.Server (Server.java:run(1474)) - Starting Socket Reader #2 for port 15023
2025-05-12 13:59:39,145 [Socket Reader #4 for port 15023] INFO  ipc.Server (Server.java:run(1474)) - Starting Socket Reader #4 for port 15023
2025-05-12 13:59:39,145 [Socket Reader #5 for port 15023] INFO  ipc.Server (Server.java:run(1474)) - Starting Socket Reader #5 for port 15023
2025-05-12 13:59:39,146 [Socket Reader #6 for port 15023] INFO  ipc.Server (Server.java:run(1474)) - Starting Socket Reader #6 for port 15023
2025-05-12 13:59:39,146 [Socket Reader #7 for port 15023] INFO  ipc.Server (Server.java:run(1474)) - Starting Socket Reader #7 for port 15023
2025-05-12 13:59:39,146 [Socket Reader #8 for port 15023] INFO  ipc.Server (Server.java:run(1474)) - Starting Socket Reader #8 for port 15023
2025-05-12 13:59:39,146 [Socket Reader #10 for port 15023] INFO  ipc.Server (Server.java:run(1474)) - Starting Socket Reader #10 for port 15023
2025-05-12 13:59:39,147 [Socket Reader #9 for port 15023] INFO  ipc.Server (Server.java:run(1474)) - Starting Socket Reader #9 for port 15023
2025-05-12 13:59:39,148 [main] INFO  ipc.CallQueueManager (CallQueueManager.java:<init>(93)) - Using callQueue: class java.util.concurrent.LinkedBlockingQueue, queueCapacity: 10000, scheduler: class org.apache.hadoop.ipc.DefaultRpcScheduler, ipcBackoff: false, ipcFailOver: false.
2025-05-12 13:59:39,148 [main] INFO  ipc.Server (Server.java:<init>(1438)) - Listener at 0.0.0.0:15021
2025-05-12 13:59:39,148 [Socket Reader #1 for port 15021] INFO  ipc.Server (Server.java:run(1474)) - Starting Socket Reader #1 for port 15021
2025-05-12 13:59:39,149 [Socket Reader #2 for port 15021] INFO  ipc.Server (Server.java:run(1474)) - Starting Socket Reader #2 for port 15021
2025-05-12 13:59:39,149 [Socket Reader #3 for port 15021] INFO  ipc.Server (Server.java:run(1474)) - Starting Socket Reader #3 for port 15021
2025-05-12 13:59:39,149 [Socket Reader #4 for port 15021] INFO  ipc.Server (Server.java:run(1474)) - Starting Socket Reader #4 for port 15021
2025-05-12 13:59:39,149 [Socket Reader #5 for port 15021] INFO  ipc.Server (Server.java:run(1474)) - Starting Socket Reader #5 for port 15021
2025-05-12 13:59:39,149 [Socket Reader #6 for port 15021] INFO  ipc.Server (Server.java:run(1474)) - Starting Socket Reader #6 for port 15021
2025-05-12 13:59:39,150 [Socket Reader #7 for port 15021] INFO  ipc.Server (Server.java:run(1474)) - Starting Socket Reader #7 for port 15021
2025-05-12 13:59:39,150 [Socket Reader #8 for port 15021] INFO  ipc.Server (Server.java:run(1474)) - Starting Socket Reader #8 for port 15021
2025-05-12 13:59:39,150 [Socket Reader #9 for port 15021] INFO  ipc.Server (Server.java:run(1474)) - Starting Socket Reader #9 for port 15021
2025-05-12 13:59:39,150 [Socket Reader #10 for port 15021] INFO  ipc.Server (Server.java:run(1474)) - Starting Socket Reader #10 for port 15021
2025-05-12 13:59:39,156 [main] INFO  ha.SCMServiceManager (SCMServiceManager.java:register(42)) - Registering service ContainerBalancer.
2025-05-12 13:59:39,156 [main] INFO  ha.SCMContext (SCMContext.java:updateSafeModeStatus(224)) - Update SafeModeStatus from SafeModeStatus{safeModeStatus=true, preCheckPassed=false} to SafeModeStatus{safeModeStatus=true, preCheckPassed=false}.
2025-05-12 13:59:39,157 [main] INFO  server.StorageContainerManager (StorageContainerManager.java:start(1507)) - StorageContainerLocationProtocol RPC server is listening at /0.0.0.0:15021
2025-05-12 13:59:39,157 [main] INFO  ha.SCMRatisServerImpl (SCMRatisServerImpl.java:start(203)) - starting ratis server 0.0.0.0:15025
2025-05-12 13:59:39,157 [a31b970d-7794-4e3b-90f6-b1b104a36046-impl-thread1] INFO  server.RaftServerConfigKeys (ConfUtils.java:logGet(46)) - raft.server.storage.free-space.min = 0MB (=0) (default)
2025-05-12 13:59:39,157 [a31b970d-7794-4e3b-90f6-b1b104a36046-impl-thread1] INFO  server.RaftServerConfigKeys (ConfUtils.java:logGet(46)) - raft.server.log.corruption.policy = EXCEPTION (default)
2025-05-12 13:59:39,158 [a31b970d-7794-4e3b-90f6-b1b104a36046-impl-thread1] INFO  server.RaftServerConfigKeys (ConfUtils.java:logGet(46)) - raft.server.storage.dir = [/tmp/junit-15725290785370428166/scm-meta/scm-ha] (custom)
2025-05-12 13:59:39,158 [a31b970d-7794-4e3b-90f6-b1b104a36046-impl-thread1] INFO  storage.RaftStorageDirectory (RaftStorageDirectoryImpl.java:tryLock(229)) - Lock on /tmp/junit-15725290785370428166/scm-meta/scm-ha/b22fb38b-a122-4cd1-a7ea-3d151091f17f/in_use.lock acquired by nodename 14437@pkrvmberfyhpb9w
2025-05-12 13:59:39,159 [a31b970d-7794-4e3b-90f6-b1b104a36046-impl-thread1] INFO  storage.RaftStorage (RaftStorageImpl.java:analyzeAndRecoverStorage(118)) - Read RaftStorageMetadata{term=1, votedFor=a31b970d-7794-4e3b-90f6-b1b104a36046} from /tmp/junit-15725290785370428166/scm-meta/scm-ha/b22fb38b-a122-4cd1-a7ea-3d151091f17f/current/raft-meta
2025-05-12 13:59:39,159 [a31b970d-7794-4e3b-90f6-b1b104a36046-impl-thread1] INFO  server.RaftServer$Division (ServerState.java:setRaftConf(386)) - a31b970d-7794-4e3b-90f6-b1b104a36046@group-3D151091F17F: set configuration conf: {index: 0, cur=peers:[a31b970d-7794-4e3b-90f6-b1b104a36046|pkrvmberfyhpb9w:15025]|listeners:[], old=null}
2025-05-12 13:59:39,159 [a31b970d-7794-4e3b-90f6-b1b104a36046-impl-thread1] INFO  ha.SCMStateMachine (SCMStateMachine.java:lambda$initialize$0(135)) - a31b970d-7794-4e3b-90f6-b1b104a36046: initialize group-3D151091F17F
2025-05-12 13:59:39,159 [a31b970d-7794-4e3b-90f6-b1b104a36046-impl-thread1] INFO  server.RaftServerConfigKeys (ConfUtils.java:logGet(46)) - raft.server.log.use.memory = false (default)
2025-05-12 13:59:39,159 [a31b970d-7794-4e3b-90f6-b1b104a36046-impl-thread1] INFO  server.RaftServerConfigKeys (ConfUtils.java:logGet(46)) - raft.server.log.purge.gap = 1000000 (custom)
2025-05-12 13:59:39,160 [a31b970d-7794-4e3b-90f6-b1b104a36046-impl-thread1] INFO  server.RaftServerConfigKeys (ConfUtils.java:logGet(46)) - raft.server.log.appender.buffer.byte-limit = 4194304 (custom)
2025-05-12 13:59:39,160 [a31b970d-7794-4e3b-90f6-b1b104a36046-impl-thread1] INFO  server.RaftServerConfigKeys (ConfUtils.java:logGet(46)) - raft.server.log.statemachine.data.read.timeout = 1000ms (default)
2025-05-12 13:59:39,160 [a31b970d-7794-4e3b-90f6-b1b104a36046-impl-thread1] INFO  server.RaftServerConfigKeys (ConfUtils.java:logGet(46)) - raft.server.log.purge.preservation.log.num = 0 (default)
2025-05-12 13:59:39,161 [a31b970d-7794-4e3b-90f6-b1b104a36046-impl-thread1] INFO  server.RaftServerConfigKeys (ConfUtils.java:logGet(46)) - raft.server.log.segment.size.max = 4194304 (custom)
2025-05-12 13:59:39,161 [a31b970d-7794-4e3b-90f6-b1b104a36046-impl-thread1] INFO  server.RaftServerConfigKeys (ConfUtils.java:logGet(46)) - raft.server.log.segment.cache.num.max = 2 (custom)
2025-05-12 13:59:39,162 [a31b970d-7794-4e3b-90f6-b1b104a36046-impl-thread1] INFO  server.RaftServerConfigKeys (ConfUtils.java:logGet(46)) - raft.server.log.segment.cache.size.max = 200MB (=209715200) (default)
2025-05-12 13:59:39,162 [a31b970d-7794-4e3b-90f6-b1b104a36046-impl-thread1] INFO  server.RaftServerConfigKeys (ConfUtils.java:logGet(46)) - raft.server.log.appender.buffer.byte-limit = 4194304 (custom)
2025-05-12 13:59:39,162 [a31b970d-7794-4e3b-90f6-b1b104a36046-impl-thread1] INFO  util.AwaitToRun (AwaitToRun.java:start(81)) - Thread[#1071,a31b970d-7794-4e3b-90f6-b1b104a36046@group-3D151091F17F-cacheEviction-AwaitToRun,5,main] started
2025-05-12 13:59:39,162 [a31b970d-7794-4e3b-90f6-b1b104a36046-impl-thread1] INFO  segmented.SegmentedRaftLogWorker (SegmentedRaftLogWorker.java:<init>(188)) - new a31b970d-7794-4e3b-90f6-b1b104a36046@group-3D151091F17F-SegmentedRaftLogWorker for RaftStorageImpl:Storage Directory /tmp/junit-15725290785370428166/scm-meta/scm-ha/b22fb38b-a122-4cd1-a7ea-3d151091f17f
2025-05-12 13:59:39,162 [a31b970d-7794-4e3b-90f6-b1b104a36046-impl-thread1] INFO  server.RaftServerConfigKeys (ConfUtils.java:logGet(46)) - raft.server.log.queue.byte-limit = 64MB (=67108864) (default)
2025-05-12 13:59:39,162 [a31b970d-7794-4e3b-90f6-b1b104a36046-impl-thread1] INFO  server.RaftServerConfigKeys (ConfUtils.java:logGet(46)) - raft.server.log.queue.element-limit = 4096 (default)
2025-05-12 13:59:39,162 [a31b970d-7794-4e3b-90f6-b1b104a36046-impl-thread1] INFO  server.RaftServerConfigKeys (ConfUtils.java:logGet(46)) - raft.server.log.segment.size.max = 4194304 (custom)
2025-05-12 13:59:39,162 [a31b970d-7794-4e3b-90f6-b1b104a36046-impl-thread1] INFO  server.RaftServerConfigKeys (ConfUtils.java:logGet(46)) - raft.server.log.preallocated.size = 4194304 (custom)
2025-05-12 13:59:39,162 [a31b970d-7794-4e3b-90f6-b1b104a36046-impl-thread1] INFO  server.RaftServerConfigKeys (ConfUtils.java:logGet(46)) - raft.server.log.force.sync.num = 128 (default)
2025-05-12 13:59:39,162 [a31b970d-7794-4e3b-90f6-b1b104a36046-impl-thread1] INFO  server.RaftServerConfigKeys (ConfUtils.java:logGet(46)) - raft.server.log.statemachine.data.sync = true (default)
2025-05-12 13:59:39,162 [a31b970d-7794-4e3b-90f6-b1b104a36046-impl-thread1] INFO  server.RaftServerConfigKeys (ConfUtils.java:logGet(46)) - raft.server.log.statemachine.data.sync.timeout = 10s (default)
2025-05-12 13:59:39,162 [a31b970d-7794-4e3b-90f6-b1b104a36046-impl-thread1] INFO  server.RaftServerConfigKeys (ConfUtils.java:logGet(46)) - raft.server.log.statemachine.data.sync.timeout.retry = -1 (default)
2025-05-12 13:59:39,163 [a31b970d-7794-4e3b-90f6-b1b104a36046-impl-thread1] INFO  server.RaftServerConfigKeys (ConfUtils.java:logGet(46)) - raft.server.log.write.buffer.size = 4194312 (custom)
2025-05-12 13:59:39,164 [a31b970d-7794-4e3b-90f6-b1b104a36046-impl-thread1] INFO  server.RaftServerConfigKeys (ConfUtils.java:logGet(46)) - raft.server.log.appender.buffer.byte-limit = 4194304 (custom)
2025-05-12 13:59:39,164 [a31b970d-7794-4e3b-90f6-b1b104a36046-impl-thread1] INFO  server.RaftServerConfigKeys (ConfUtils.java:logGet(46)) - raft.server.log.unsafe-flush.enabled = false (default)
2025-05-12 13:59:39,164 [a31b970d-7794-4e3b-90f6-b1b104a36046-impl-thread1] INFO  server.RaftServerConfigKeys (ConfUtils.java:logGet(46)) - raft.server.log.async-flush.enabled = false (default)
2025-05-12 13:59:39,164 [a31b970d-7794-4e3b-90f6-b1b104a36046-impl-thread1] INFO  server.RaftServerConfigKeys (ConfUtils.java:logGet(46)) - raft.server.log.statemachine.data.caching.enabled = false (default)
2025-05-12 13:59:39,165 [a31b970d-7794-4e3b-90f6-b1b104a36046-impl-thread1] INFO  server.RaftServer$Division (ServerState.java:setRaftConf(386)) - a31b970d-7794-4e3b-90f6-b1b104a36046@group-3D151091F17F: set configuration conf: {index: 0, cur=peers:[a31b970d-7794-4e3b-90f6-b1b104a36046|pkrvmberfyhpb9w:15025]|listeners:[], old=null}
2025-05-12 13:59:39,165 [a31b970d-7794-4e3b-90f6-b1b104a36046-impl-thread1] INFO  segmented.LogSegment (LogSegment.java:loadSegment(171)) - Successfully read 1 entries from segment file /tmp/junit-15725290785370428166/scm-meta/scm-ha/b22fb38b-a122-4cd1-a7ea-3d151091f17f/current/log_inprogress_0
2025-05-12 13:59:39,165 [a31b970d-7794-4e3b-90f6-b1b104a36046-impl-thread1] INFO  segmented.SegmentedRaftLogWorker (SegmentedRaftLogWorker.java:lambda$new$0(139)) - a31b970d-7794-4e3b-90f6-b1b104a36046@group-3D151091F17F-SegmentedRaftLogWorker: safeCacheEvictIndex: setUnconditionally 0 -> -1
2025-05-12 13:59:39,165 [a31b970d-7794-4e3b-90f6-b1b104a36046-impl-thread1] INFO  segmented.BufferedWriteChannel (BufferedWriteChannel.java:open(61)) - open log_inprogress_0 (append) at position 82
2025-05-12 13:59:39,165 [a31b970d-7794-4e3b-90f6-b1b104a36046-impl-thread1] INFO  server.RaftServer$Division (RaftServerImpl.java:start(391)) - a31b970d-7794-4e3b-90f6-b1b104a36046@group-3D151091F17F: start as a follower, conf=conf: {index: 0, cur=peers:[a31b970d-7794-4e3b-90f6-b1b104a36046|pkrvmberfyhpb9w:15025]|listeners:[], old=null}
2025-05-12 13:59:39,165 [a31b970d-7794-4e3b-90f6-b1b104a36046-impl-thread1] INFO  server.RaftServer$Division (RaftServerImpl.java:setRole(378)) - a31b970d-7794-4e3b-90f6-b1b104a36046@group-3D151091F17F: changes role from      null to FOLLOWER at term 1 for startAsFollower
2025-05-12 13:59:39,166 [a31b970d-7794-4e3b-90f6-b1b104a36046-impl-thread1] INFO  impl.RoleInfo (RoleInfo.java:updateAndGet(148)) - a31b970d-7794-4e3b-90f6-b1b104a36046: start a31b970d-7794-4e3b-90f6-b1b104a36046@group-3D151091F17F-FollowerState
2025-05-12 13:59:39,167 [a31b970d-7794-4e3b-90f6-b1b104a36046@group-3D151091F17F-FollowerState] INFO  server.RaftServerConfigKeys (ConfUtils.java:logFallback(53)) - raft.server.rpc.first-election.timeout.min = 5000ms (fallback to raft.server.rpc.timeout.min)
2025-05-12 13:59:39,167 [a31b970d-7794-4e3b-90f6-b1b104a36046@group-3D151091F17F-FollowerState] INFO  server.RaftServerConfigKeys (ConfUtils.java:logFallback(53)) - raft.server.rpc.first-election.timeout.max = 5200ms (fallback to raft.server.rpc.timeout.max)
2025-05-12 13:59:39,167 [a31b970d-7794-4e3b-90f6-b1b104a36046-impl-thread1] INFO  util.JmxRegister (JmxRegister.java:tryRegister(44)) - Successfully registered JMX Bean with object name Ratis:service=RaftServer,group=group-3D151091F17F,id=a31b970d-7794-4e3b-90f6-b1b104a36046
2025-05-12 13:59:39,167 [a31b970d-7794-4e3b-90f6-b1b104a36046-impl-thread1] INFO  util.JmxRegister (JmxRegister.java:register(58)) - register mxBean class org.apache.ratis.server.impl.RaftServerJmxAdapter as Ratis:service=RaftServer,group=group-3D151091F17F,id=a31b970d-7794-4e3b-90f6-b1b104a36046
2025-05-12 13:59:39,167 [a31b970d-7794-4e3b-90f6-b1b104a36046-impl-thread1] INFO  server.RaftServerConfigKeys (ConfUtils.java:logGet(46)) - raft.server.snapshot.trigger-when-stop.enabled = true (default)
2025-05-12 13:59:39,167 [a31b970d-7794-4e3b-90f6-b1b104a36046-impl-thread1] INFO  server.RaftServerConfigKeys (ConfUtils.java:logGet(46)) - raft.server.snapshot.trigger-when-remove.enabled = true (default)
2025-05-12 13:59:39,167 [a31b970d-7794-4e3b-90f6-b1b104a36046-impl-thread1] INFO  server.RaftServerConfigKeys (ConfUtils.java:logGet(46)) - raft.server.snapshot.auto.trigger.enabled = true (custom)
2025-05-12 13:59:39,167 [a31b970d-7794-4e3b-90f6-b1b104a36046-impl-thread1] INFO  server.RaftServerConfigKeys (ConfUtils.java:logGet(46)) - raft.server.snapshot.auto.trigger.threshold = 1000 (custom)
2025-05-12 13:59:39,167 [a31b970d-7794-4e3b-90f6-b1b104a36046-impl-thread1] INFO  server.RaftServerConfigKeys (ConfUtils.java:logGet(46)) - raft.server.snapshot.retention.file.num = -1 (default)
2025-05-12 13:59:39,167 [a31b970d-7794-4e3b-90f6-b1b104a36046-impl-thread1] INFO  server.RaftServerConfigKeys (ConfUtils.java:logGet(46)) - raft.server.log.purge.upto.snapshot.index = false (default)
2025-05-12 13:59:39,169 [a31b970d-7794-4e3b-90f6-b1b104a36046-impl-thread1] INFO  server.RaftServer$Division (RaftServerImpl.java:start(405)) - a31b970d-7794-4e3b-90f6-b1b104a36046@group-3D151091F17F: Successfully started.
2025-05-12 13:59:39,169 [main] INFO  server.RaftServer (RaftServerProxy.java:startImpl(407)) - a31b970d-7794-4e3b-90f6-b1b104a36046: start RPC server
2025-05-12 13:59:39,170 [main] INFO  server.GrpcService (GrpcService.java:startImpl(334)) - a31b970d-7794-4e3b-90f6-b1b104a36046: GrpcService started, listening on 15025
2025-05-12 13:59:39,171 [main] INFO  ha.SCMHAManagerImpl (SCMHAManagerImpl.java:start(131)) -  scm role is FOLLOWER peers [a31b970d-7794-4e3b-90f6-b1b104a36046|pkrvmberfyhpb9w:15025]
2025-05-12 13:59:39,171 [main] INFO  ha.InterSCMGrpcService (InterSCMGrpcProtocolService.java:start(98)) - Starting SCM Grpc Service at port 15026
2025-05-12 13:59:39,172 [main] INFO  SCMHATransactionMonitor (BackgroundSCMService.java:start(64)) - Starting SCMHATransactionMonitor Service.
2025-05-12 13:59:39,172 [main] INFO  ha.SCMServiceManager (SCMServiceManager.java:register(42)) - Registering service SCMHATransactionMonitor.
2025-05-12 13:59:39,172 [main] INFO  SCMHATransactionMonitor (BackgroundSCMService.java:start(61)) - SCMHATransactionMonitor Service is already running, skip start.
2025-05-12 13:59:39,174 [JvmPauseMonitor7] INFO  util.JvmPauseMonitor (JvmPauseMonitor.java:run(146)) - JvmPauseMonitor-a31b970d-7794-4e3b-90f6-b1b104a36046: Started
2025-05-12 13:59:39,175 [main] WARN  impl.MetricsConfig (MetricsConfig.java:loadFirst(138)) - Cannot locate configuration: tried hadoop-metrics2-storagecontainermanager.properties,hadoop-metrics2.properties
2025-05-12 13:59:39,177 [main] INFO  impl.MetricsSystemImpl (MetricsSystemImpl.java:startTimer(378)) - Scheduled Metric snapshot period at 10 second(s).
2025-05-12 13:59:39,177 [main] INFO  impl.MetricsSystemImpl (MetricsSystemImpl.java:start(191)) - StorageContainerManager metrics system started
2025-05-12 13:59:39,190 [main] INFO  impl.MetricsSinkAdapter (MetricsSinkAdapter.java:start(204)) - Sink prometheus started
2025-05-12 13:59:39,191 [main] INFO  impl.MetricsSystemImpl (MetricsSystemImpl.java:registerSink(305)) - Registered sink prometheus
2025-05-12 13:59:39,206 [main] INFO  server.SCMClientProtocolServer (SCMClientProtocolServer.java:start(207)) - RPC server for Client  is listening at /0.0.0.0:15021
2025-05-12 13:59:39,207 [IPC Server Responder] INFO  ipc.Server (Server.java:run(1713)) - IPC Server Responder: starting
2025-05-12 13:59:39,207 [IPC Server listener on 15021] INFO  ipc.Server (Server.java:run(1553)) - IPC Server listener on 15021: starting
2025-05-12 13:59:39,215 [main] INFO  server.StorageContainerManager (StorageContainerManager.java:start(1520)) - ScmBlockLocationProtocol RPC server is listening at /0.0.0.0:15023
2025-05-12 13:59:39,216 [main] INFO  server.SCMBlockProtocolServer (SCMBlockProtocolServer.java:start(166)) - RPC server for Block Protocol is listening at /0.0.0.0:15023
2025-05-12 13:59:39,216 [IPC Server Responder] INFO  ipc.Server (Server.java:run(1713)) - IPC Server Responder: starting
2025-05-12 13:59:39,216 [IPC Server listener on 15023] INFO  ipc.Server (Server.java:run(1553)) - IPC Server listener on 15023: starting
2025-05-12 13:59:39,225 [main] INFO  server.SCMSecurityProtocolServer (SCMSecurityProtocolServer.java:start(503)) - Starting RPC server for SCMSecurityProtocolServer. is listening at /0.0.0.0:15024
2025-05-12 13:59:39,226 [IPC Server Responder] INFO  ipc.Server (Server.java:run(1713)) - IPC Server Responder: starting
2025-05-12 13:59:39,226 [IPC Server listener on 15024] INFO  ipc.Server (Server.java:run(1553)) - IPC Server listener on 15024: starting
2025-05-12 13:59:39,228 [main] INFO  http.BaseHttpServer (BaseHttpServer.java:newHttpServer2BuilderForOzone(229)) - Starting Web-server for scm at: http://0.0.0.0:9876
2025-05-12 13:59:39,228 [main] INFO  http.BaseHttpServer (BaseHttpServer.java:<init>(107)) - Hadoop Security Enabled: true Ozone Security Enabled: true Ozone HTTP Security Enabled: false 
2025-05-12 13:59:39,234 [main] WARN  server.AuthenticationFilter (AuthenticationFilter.java:constructSecretProvider(240)) - Unable to initialize FileSignerSecretProvider, falling back to use random secrets. Reason: Could not read signature secret file: /home/runner/hadoop-http-auth-signature-secret
2025-05-12 13:59:39,236 [main] INFO  http.HttpServer2 (HttpServer2.java:addGlobalFilter(1042)) - Added global filter 'safety' (class=org.apache.hadoop.hdds.server.http.HttpServer2$QuotingInputFilter)
2025-05-12 13:59:39,237 [main] INFO  http.HttpServer2 (HttpServer2.java:addFilter(1018)) - Added filter static_user_filter (class=org.apache.hadoop.http.lib.StaticUserWebFilter$StaticUserFilter) to context scm
2025-05-12 13:59:39,237 [main] INFO  http.HttpServer2 (HttpServer2.java:addFilter(1026)) - Added filter static_user_filter (class=org.apache.hadoop.http.lib.StaticUserWebFilter$StaticUserFilter) to context static
2025-05-12 13:59:39,237 [main] INFO  http.HttpServer2 (HttpServer2.java:addFilter(1026)) - Added filter static_user_filter (class=org.apache.hadoop.http.lib.StaticUserWebFilter$StaticUserFilter) to context logs
2025-05-12 13:59:39,238 [main] INFO  http.BaseHttpServer (BaseHttpServer.java:<init>(195)) - HTTP server of scm uses base directory /tmp/junit-15725290785370428166/scm-meta/webserver
2025-05-12 13:59:39,238 [main] INFO  http.HttpServer2 (HttpServer2.java:bindListener(1242)) - Jetty bound to port 9876
2025-05-12 13:59:39,239 [main] INFO  server.Server (Server.java:doStart(375)) - jetty-9.4.57.v20241219; built: 2025-01-08T21:24:30.412Z; git: df524e6b29271c2e09ba9aea83c18dc9db464a31; jvm 21.0.7+6-LTS
2025-05-12 13:59:39,240 [main] INFO  server.session (DefaultSessionIdManager.java:doStart(334)) - DefaultSessionIdManager workerName=node0
2025-05-12 13:59:39,240 [main] INFO  server.session (DefaultSessionIdManager.java:doStart(339)) - No SessionScavenger set, using defaults
2025-05-12 13:59:39,240 [main] INFO  server.session (HouseKeeper.java:startScavenging(132)) - node0 Scavenging every 660000ms
2025-05-12 13:59:39,241 [main] INFO  handler.ContextHandler (ContextHandler.java:doStart(921)) - Started o.e.j.s.ServletContextHandler@5d3fd216{logs,/logs,file:///home/runner/work/ozone/ozone/hadoop-ozone/integration-test/target/log,AVAILABLE}
2025-05-12 13:59:39,241 [main] INFO  handler.ContextHandler (ContextHandler.java:doStart(921)) - Started o.e.j.s.ServletContextHandler@2ab42a53{static,/static,file:///home/runner/work/ozone/ozone/hadoop-ozone/integration-test/target/test-classes/webapps/static,AVAILABLE}
2025-05-12 13:59:39,246 [main] INFO  handler.ContextHandler (ContextHandler.java:doStart(921)) - Started o.e.j.w.WebAppContext@a278841{scm,/,file:///home/runner/work/ozone/ozone/hadoop-ozone/integration-test/target/test-classes/webapps/scm/,AVAILABLE}{file:/home/runner/work/ozone/ozone/hadoop-ozone/integration-test/target/test-classes/webapps/scm}
2025-05-12 13:59:39,247 [main] INFO  server.AbstractConnector (AbstractConnector.java:doStart(333)) - Started ServerConnector@7984c4dc{HTTP/1.1, (http/1.1)}{0.0.0.0:9876}
2025-05-12 13:59:39,247 [main] INFO  server.Server (Server.java:doStart(415)) - Started @41999ms
2025-05-12 13:59:39,247 [main] WARN  impl.MetricsSystemImpl (MetricsSystemImpl.java:register(279)) - Sink prometheus already exists!
2025-05-12 13:59:39,247 [main] INFO  http.BaseHttpServer (BaseHttpServer.java:updateConnectorAddress(359)) - HTTP server of scm listening at http://0.0.0.0:9876
2025-05-12 13:59:39,248 [main] WARN  server.ServerUtils (ServerUtils.java:getDBPath(292)) - ozone.om.db.dirs is not configured. We recommend adding this setting. Falling back to ozone.metadata.dirs instead.
2025-05-12 13:59:39,250 [main] INFO  ha.OMHANodeDetails (OMHANodeDetails.java:loadOMHAConfig(113)) - ozone.om.internal.service.id is not defined, falling back to ozone.om.service.ids to find serviceID for OzoneManager if it is HA enabled cluster
2025-05-12 13:59:39,250 [main] INFO  ha.OMHANodeDetails (OMHANodeDetails.java:loadOMHAConfig(224)) - Configuration does not have ozone.om.address set. Falling back to the default OM address pkrvmberfyhpb9w.internal.cloudapp.net/10.1.1.27:15027
2025-05-12 13:59:39,251 [main] INFO  ha.OMHANodeDetails (OMHANodeDetails.java:getOMNodeDetailsForNonHA(252)) - OM Service ID is not set. Setting it to the default ID: omServiceIdDefault
2025-05-12 13:59:39,251 [main] INFO  ha.OMHANodeDetails (OMHANodeDetails.java:getOMNodeDetailsForNonHA(259)) - OM Node ID is not set. Setting it to the default ID: om1
2025-05-12 13:59:39,251 [main] WARN  server.ServerUtils (ServerUtils.java:getDBPath(292)) - ozone.om.db.dirs is not configured. We recommend adding this setting. Falling back to ozone.metadata.dirs instead.
2025-05-12 13:59:39,257 [main] INFO  upgrade.AbstractLayoutVersionManager (AbstractLayoutVersionManager.java:init(80)) - Initializing Layout version manager with metadata layout = DELEGATION_TOKEN_SYMMETRIC_SIGN (version = 8), software layout = DELEGATION_TOKEN_SYMMETRIC_SIGN (version = 8)
2025-05-12 13:59:39,261 [pool-192-thread-1] INFO  request.TgsRequest (TgsRequest.java:issueTicket(117)) - TGS_REQ ISSUE: authtime 1747058379260,om/pkrvmberfyhpb9w.internal.cloudapp.net@EXAMPLE.COM for om/pkrvmberfyhpb9w.internal.cloudapp.net@EXAMPLE.COM
2025-05-12 13:59:39,268 [Socket Reader #1 for port 15024] INFO  ipc.Server (Server.java:saslProcess(2290)) - Auth successful for om/pkrvmberfyhpb9w.internal.cloudapp.net@EXAMPLE.COM (auth:KERBEROS) from 127.0.0.1:48068
2025-05-12 13:59:39,270 [IPC Server handler 0 on default port 15024] INFO  ipc.Server (Server.java:logException(3260)) - IPC Server handler 0 on default port 15024, call Call#3 Retry#0 org.apache.hadoop.hdds.protocol.SCMSecurityProtocol.submitRequest from 127.0.0.1:48068
org.apache.hadoop.hdds.ratis.ServerNotLeaderException: SCM Server:a31b970d-7794-4e3b-90f6-b1b104a36046(pkrvmberfyhpb9w.internal.cloudapp.net) is not the leader. Could not determine the leader node.
	at org.apache.hadoop.hdds.ratis.ServerNotLeaderException.convertToNotLeaderException(ServerNotLeaderException.java:106)
	at org.apache.hadoop.hdds.scm.ha.RatisUtil.checkRatisException(RatisUtil.java:248)
	at org.apache.hadoop.hdds.scm.protocol.SCMSecurityProtocolServerSideTranslatorPB.submitRequest(SCMSecurityProtocolServerSideTranslatorPB.java:83)
	at org.apache.hadoop.hdds.protocol.proto.SCMSecurityProtocolProtos$SCMSecurityProtocolService$2.callBlockingMethod(SCMSecurityProtocolProtos.java:18942)
	at org.apache.hadoop.ipc.ProtobufRpcEngine$Server.processCall(ProtobufRpcEngine.java:484)
	at org.apache.hadoop.ipc.ProtobufRpcEngine2$Server$ProtoBufRpcInvoker.call(ProtobufRpcEngine2.java:595)
	at org.apache.hadoop.ipc.ProtobufRpcEngine2$Server$ProtoBufRpcInvoker.call(ProtobufRpcEngine2.java:573)
	at org.apache.hadoop.ipc.RPC$Server.call(RPC.java:1227)
	at org.apache.hadoop.ipc.Server$RpcCall.run(Server.java:1246)
	at org.apache.hadoop.ipc.Server$RpcCall.run(Server.java:1169)
	at java.base/java.security.AccessController.doPrivileged(AccessController.java:714)
	at java.base/javax.security.auth.Subject.doAs(Subject.java:525)
	at org.apache.hadoop.security.UserGroupInformation.doAs(UserGroupInformation.java:1953)
	at org.apache.hadoop.ipc.Server$Handler.run(Server.java:3198)
2025-05-12 13:59:39,316 [main] INFO  reflections.Reflections (Reflections.java:scan(219)) - Reflections took 58 ms to scan 2 urls, producing 207 keys and 618 values
2025-05-12 13:59:39,317 [main] INFO  upgrade.OMLayoutVersionManager (OMLayoutVersionManager.java:lambda$0(110)) - Skipping Upgrade Action QuotaRepairUpgradeAction since it has been finalized.
2025-05-12 13:59:39,317 [main] INFO  upgrade.OMLayoutVersionManager (OMLayoutVersionManager.java:lambda$0(110)) - Skipping Upgrade Action MockOmUpgradeAction since it has been finalized.
2025-05-12 13:59:39,319 [pool-192-thread-1] INFO  request.KdcRequest (KdcRequest.java:preauth(683)) - The preauth data is empty.
2025-05-12 13:59:39,319 [pool-192-thread-1] INFO  server.KdcHandler (KdcHandler.java:handleRecoverableException(177)) - KRB error occurred while processing request: Additional pre-authentication required
2025-05-12 13:59:39,327 [pool-192-thread-1] INFO  request.AsRequest (AsRequest.java:issueTicket(112)) - AS_REQ ISSUE: authtime 1747058379327,om/pkrvmberfyhpb9w.internal.cloudapp.net@EXAMPLE.COM for krbtgt/EXAMPLE.COM@EXAMPLE.COM
2025-05-12 13:59:39,329 [main] INFO  security.UserGroupInformation (UserGroupInformation.java:loginUserFromKeytab(1143)) - Login successful for user om/pkrvmberfyhpb9w.internal.cloudapp.net@EXAMPLE.COM using keytab file om.keytab. Keytab auto renewal enabled : false
2025-05-12 13:59:39,330 [main] INFO  om.OzoneManager (OzoneManager.java:loginOMUser(1308)) - Ozone Manager login successful.
2025-05-12 13:59:39,330 [main] WARN  server.ServerUtils (ServerUtils.java:getDBPath(292)) - ozone.om.db.dirs is not configured. We recommend adding this setting. Falling back to ozone.metadata.dirs instead.
2025-05-12 13:59:39,331 [main] INFO  om.OzoneManager (OzoneManager.java:setReplicationFromConfig(4596)) - Set default replication in OM: RATIS/3 -> RATIS/THREE
2025-05-12 13:59:39,331 [main] INFO  proxy.SCMContainerLocationFailoverProxyProvider (SCMFailoverProxyProviderBase.java:<init>(120)) - Created fail-over proxy for protocol StorageContainerLocationProtocolPB with 1 nodes: [nodeId=scmNodeId,nodeAddress=/0.0.0.0:15021]
2025-05-12 13:59:39,332 [main] INFO  proxy.SCMBlockLocationFailoverProxyProvider (SCMFailoverProxyProviderBase.java:<init>(120)) - Created fail-over proxy for protocol ScmBlockLocationProtocolPB with 1 nodes: [nodeId=scmNodeId,nodeAddress=/0.0.0.0:15023]
2025-05-12 13:59:39,333 [main] INFO  om.OzoneManager (OzoneManager.java:getOmDetailsProto(4941)) - OzoneManager ports added:[name: "RPC"
value: 15027
]
2025-05-12 13:59:39,334 [main] INFO  proxy.SCMSecurityProtocolFailoverProxyProvider (SCMFailoverProxyProviderBase.java:<init>(120)) - Created fail-over proxy for protocol SCMSecurityProtocolPB with 1 nodes: [nodeId=scmNodeId,nodeAddress=/0.0.0.0:15024]
2025-05-12 13:59:39,335 [main] INFO  security.OMCertificateClient (DefaultCertificateClient.java:updateCertSerialId(1289)) - Certificate serial ID set to 9879877970576
2025-05-12 13:59:39,335 [main] WARN  security.OMCertificateClient (DefaultCertificateClient.java:loadAllCertificates(178)) - Certificates could not be loaded.
java.nio.file.NoSuchFileException: /tmp/junit-15725290785370428166/scm-meta/om/certs
	at java.base/sun.nio.fs.UnixException.translateToIOException(UnixException.java:92)
	at java.base/sun.nio.fs.UnixException.asIOException(UnixException.java:115)
	at java.base/sun.nio.fs.UnixFileSystemProvider.newDirectoryStream(UnixFileSystemProvider.java:501)
	at java.base/java.nio.file.Files.newDirectoryStream(Files.java:482)
	at java.base/java.nio.file.Files.list(Files.java:3785)
	at org.apache.hadoop.hdds.security.x509.certificate.client.DefaultCertificateClient.loadAllCertificates(DefaultCertificateClient.java:173)
	at org.apache.hadoop.hdds.security.x509.certificate.client.DefaultCertificateClient.updateCertSerialId(DefaultCertificateClient.java:1290)
	at org.apache.hadoop.hdds.security.x509.certificate.client.DefaultCertificateClient.<init>(DefaultCertificateClient.java:155)
	at org.apache.hadoop.ozone.security.OMCertificateClient.<init>(OMCertificateClient.java:65)
	at org.apache.hadoop.ozone.om.OzoneManager.<init>(OzoneManager.java:646)
	at org.apache.hadoop.ozone.om.OzoneManager.createOm(OzoneManager.java:877)
	at org.apache.hadoop.ozone.TestSecureOzoneCluster.setupOm(TestSecureOzoneCluster.java:716)
	at org.apache.hadoop.ozone.TestSecureOzoneCluster.testGetSetRevokeS3Secret(TestSecureOzoneCluster.java:728)
	at java.base/jdk.internal.reflect.DirectMethodHandleAccessor.invoke(DirectMethodHandleAccessor.java:103)
	at java.base/java.lang.reflect.Method.invoke(Method.java:580)
	at org.junit.platform.commons.util.ReflectionUtils.invokeMethod(ReflectionUtils.java:775)
	at org.junit.platform.commons.support.ReflectionSupport.invokeMethod(ReflectionSupport.java:479)
	at org.junit.jupiter.engine.execution.MethodInvocation.proceed(MethodInvocation.java:60)
	at org.junit.jupiter.engine.execution.InvocationInterceptorChain$ValidatingInvocation.proceed(InvocationInterceptorChain.java:131)
	at org.junit.jupiter.engine.extension.SameThreadTimeoutInvocation.proceed(SameThreadTimeoutInvocation.java:49)
	at org.junit.jupiter.engine.extension.TimeoutExtension.intercept(TimeoutExtension.java:161)
	at org.junit.jupiter.engine.extension.TimeoutExtension.interceptTestableMethod(TimeoutExtension.java:152)
	at org.junit.jupiter.engine.extension.TimeoutExtension.interceptTestMethod(TimeoutExtension.java:91)
	at org.junit.jupiter.engine.execution.InterceptingExecutableInvoker$ReflectiveInterceptorCall.lambda$ofVoidMethod$0(InterceptingExecutableInvoker.java:112)
	at org.junit.jupiter.engine.execution.InterceptingExecutableInvoker.lambda$invoke$0(InterceptingExecutableInvoker.java:94)
	at org.junit.jupiter.engine.execution.InvocationInterceptorChain$InterceptedInvocation.proceed(InvocationInterceptorChain.java:106)
	at org.junit.jupiter.engine.execution.InvocationInterceptorChain.proceed(InvocationInterceptorChain.java:64)
	at org.junit.jupiter.engine.execution.InvocationInterceptorChain.chainAndInvoke(InvocationInterceptorChain.java:45)
	at org.junit.jupiter.engine.execution.InvocationInterceptorChain.invoke(InvocationInterceptorChain.java:37)
	at org.junit.jupiter.engine.execution.InterceptingExecutableInvoker.invoke(InterceptingExecutableInvoker.java:93)
	at org.junit.jupiter.engine.execution.InterceptingExecutableInvoker.invoke(InterceptingExecutableInvoker.java:87)
	at org.junit.jupiter.engine.descriptor.TestMethodTestDescriptor.lambda$invokeTestMethod$7(TestMethodTestDescriptor.java:216)
	at org.junit.platform.engine.support.hierarchical.ThrowableCollector.execute(ThrowableCollector.java:73)
	at org.junit.jupiter.engine.descriptor.TestMethodTestDescriptor.invokeTestMethod(TestMethodTestDescriptor.java:212)
	at org.junit.jupiter.engine.descriptor.TestMethodTestDescriptor.execute(TestMethodTestDescriptor.java:137)
	at org.junit.jupiter.engine.descriptor.TestMethodTestDescriptor.execute(TestMethodTestDescriptor.java:69)
	at org.junit.platform.engine.support.hierarchical.NodeTestTask.lambda$executeRecursively$6(NodeTestTask.java:156)
	at org.junit.platform.engine.support.hierarchical.ThrowableCollector.execute(ThrowableCollector.java:73)
	at org.junit.platform.engine.support.hierarchical.NodeTestTask.lambda$executeRecursively$8(NodeTestTask.java:146)
	at org.junit.platform.engine.support.hierarchical.Node.around(Node.java:137)
	at org.junit.platform.engine.support.hierarchical.NodeTestTask.lambda$executeRecursively$9(NodeTestTask.java:144)
	at org.junit.platform.engine.support.hierarchical.ThrowableCollector.execute(ThrowableCollector.java:73)
	at org.junit.platform.engine.support.hierarchical.NodeTestTask.executeRecursively(NodeTestTask.java:143)
	at org.junit.platform.engine.support.hierarchical.NodeTestTask.execute(NodeTestTask.java:100)
	at java.base/java.util.ArrayList.forEach(ArrayList.java:1596)
	at org.junit.platform.engine.support.hierarchical.SameThreadHierarchicalTestExecutorService.invokeAll(SameThreadHierarchicalTestExecutorService.java:41)
	at org.junit.platform.engine.support.hierarchical.NodeTestTask.lambda$executeRecursively$6(NodeTestTask.java:160)
	at org.junit.platform.engine.support.hierarchical.ThrowableCollector.execute(ThrowableCollector.java:73)
	at org.junit.platform.engine.support.hierarchical.NodeTestTask.lambda$executeRecursively$8(NodeTestTask.java:146)
	at org.junit.platform.engine.support.hierarchical.Node.around(Node.java:137)
	at org.junit.platform.engine.support.hierarchical.NodeTestTask.lambda$executeRecursively$9(NodeTestTask.java:144)
	at org.junit.platform.engine.support.hierarchical.ThrowableCollector.execute(ThrowableCollector.java:73)
	at org.junit.platform.engine.support.hierarchical.NodeTestTask.executeRecursively(NodeTestTask.java:143)
	at org.junit.platform.engine.support.hierarchical.NodeTestTask.execute(NodeTestTask.java:100)
	at java.base/java.util.ArrayList.forEach(ArrayList.java:1596)
	at org.junit.platform.engine.support.hierarchical.SameThreadHierarchicalTestExecutorService.invokeAll(SameThreadHierarchicalTestExecutorService.java:41)
	at org.junit.platform.engine.support.hierarchical.NodeTestTask.lambda$executeRecursively$6(NodeTestTask.java:160)
	at org.junit.platform.engine.support.hierarchical.ThrowableCollector.execute(ThrowableCollector.java:73)
	at org.junit.platform.engine.support.hierarchical.NodeTestTask.lambda$executeRecursively$8(NodeTestTask.java:146)
	at org.junit.platform.engine.support.hierarchical.Node.around(Node.java:137)
	at org.junit.platform.engine.support.hierarchical.NodeTestTask.lambda$executeRecursively$9(NodeTestTask.java:144)
	at org.junit.platform.engine.support.hierarchical.ThrowableCollector.execute(ThrowableCollector.java:73)
	at org.junit.platform.engine.support.hierarchical.NodeTestTask.executeRecursively(NodeTestTask.java:143)
	at org.junit.platform.engine.support.hierarchical.NodeTestTask.execute(NodeTestTask.java:100)
	at org.junit.platform.engine.support.hierarchical.SameThreadHierarchicalTestExecutorService.submit(SameThreadHierarchicalTestExecutorService.java:35)
	at org.junit.platform.engine.support.hierarchical.HierarchicalTestExecutor.execute(HierarchicalTestExecutor.java:57)
	at org.junit.platform.engine.support.hierarchical.HierarchicalTestEngine.execute(HierarchicalTestEngine.java:54)
	at org.junit.platform.launcher.core.EngineExecutionOrchestrator.execute(EngineExecutionOrchestrator.java:201)
	at org.junit.platform.launcher.core.EngineExecutionOrchestrator.execute(EngineExecutionOrchestrator.java:170)
	at org.junit.platform.launcher.core.EngineExecutionOrchestrator.execute(EngineExecutionOrchestrator.java:94)
	at org.junit.platform.launcher.core.EngineExecutionOrchestrator.lambda$execute$0(EngineExecutionOrchestrator.java:59)
	at org.junit.platform.launcher.core.EngineExecutionOrchestrator.withInterceptedStreams(EngineExecutionOrchestrator.java:142)
	at org.junit.platform.launcher.core.EngineExecutionOrchestrator.execute(EngineExecutionOrchestrator.java:58)
	at org.junit.platform.launcher.core.DefaultLauncher.execute(DefaultLauncher.java:103)
	at org.junit.platform.launcher.core.DefaultLauncher.execute(DefaultLauncher.java:85)
	at org.junit.platform.launcher.core.DelegatingLauncher.execute(DelegatingLauncher.java:47)
	at org.junit.platform.launcher.core.InterceptingLauncher.lambda$execute$1(InterceptingLauncher.java:39)
	at org.junit.platform.launcher.core.ClasspathAlignmentCheckingLauncherInterceptor.intercept(ClasspathAlignmentCheckingLauncherInterceptor.java:25)
	at org.junit.platform.launcher.core.InterceptingLauncher.execute(InterceptingLauncher.java:38)
	at org.junit.platform.launcher.core.DelegatingLauncher.execute(DelegatingLauncher.java:47)
	at org.apache.maven.surefire.junitplatform.LazyLauncher.execute(LazyLauncher.java:56)
	at org.apache.maven.surefire.junitplatform.JUnitPlatformProvider.invokeAllTests(JUnitPlatformProvider.java:162)
	at org.apache.maven.surefire.junitplatform.JUnitPlatformProvider.invoke(JUnitPlatformProvider.java:120)
	at org.apache.maven.surefire.booter.ForkedBooter.runSuitesInProcess(ForkedBooter.java:385)
	at org.apache.maven.surefire.booter.ForkedBooter.execute(ForkedBooter.java:162)
	at org.apache.maven.surefire.booter.ForkedBooter.run(ForkedBooter.java:507)
	at org.apache.maven.surefire.booter.ForkedBooter.main(ForkedBooter.java:495)
2025-05-12 13:59:39,336 [main] INFO  proxy.SecretKeyProtocolFailoverProxyProvider (SCMFailoverProxyProviderBase.java:<init>(120)) - Created fail-over proxy for protocol SecretKeyProtocolOmPB with 1 nodes: [nodeId=scmNodeId,nodeAddress=/0.0.0.0:15024]
2025-05-12 13:59:39,336 [main] INFO  symmetric.DefaultSecretKeyVerifierClient (DefaultSecretKeyVerifierClient.java:<init>(76)) - Initializing secret key cache with size 16, TTL PT168H
2025-05-12 13:59:39,338 [main] INFO  om.OzoneManager (OzoneManager.java:<init>(670)) - OM start with adminUsers: [om/pkrvmberfyhpb9w.internal.cloudapp.net@EXAMPLE.COM, om]
2025-05-12 13:59:39,339 [main] WARN  server.ServerUtils (ServerUtils.java:getDBPath(292)) - ozone.om.db.dirs is not configured. We recommend adding this setting. Falling back to ozone.metadata.dirs instead.
2025-05-12 13:59:39,475 [main] INFO  om.OzoneManager (OzoneManager.java:instantiateServices(914)) - S3 Multi-Tenancy is disabled
2025-05-12 13:59:39,476 [main] INFO  security.OzoneSecretStore (OzoneSecretStore.java:loadState(70)) - Loaded 0 tokens
2025-05-12 13:59:39,476 [main] INFO  security.OzoneDelegationTokenSecretManager (OzoneDelegationTokenSecretManager.java:loadTokenSecretState(513)) - Loading token state into token manager.
2025-05-12 13:59:39,476 [main] INFO  om.OmSnapshotManager (OmSnapshotManager.java:<init>(187)) - Ozone filesystem snapshot feature is enabled.
2025-05-12 13:59:39,477 [main] WARN  server.ServerUtils (ServerUtils.java:getDBPath(292)) - ozone.om.snapshot.diff.db.dir is not configured. We recommend adding this setting. Falling back to ozone.metadata.dirs instead.
2025-05-12 13:59:39,492 [main] INFO  om.OzoneManager (OzoneManager.java:addS3GVolumeToDB(4654)) - Created Volume s3v With Owner om required for S3Gateway operations.
2025-05-12 13:59:39,492 [main] WARN  server.ServerUtils (ServerUtils.java:getDefaultRatisDirectory(304)) - Storage directory for Ratis is not configured. It is a good idea to map this to an SSD disk. Falling back to ozone.metadata.dirs
2025-05-12 13:59:39,492 [main] WARN  utils.OzoneManagerRatisUtils (OzoneManagerRatisUtils.java:getOMRatisSnapshotDirectory(488)) - ozone.om.ratis.snapshot.dir is not configured. Falling back to ozone.metadata.dirs config
2025-05-12 13:59:39,493 [main] WARN  dropwizard3.Dm3MetricRegistriesImpl (Dm3MetricRegistriesImpl.java:addReporterRegistration(114)) - New reporters are added after registries were created. Some metrics will be missing from the reporter. Please add reporter before adding any new registry.
2025-05-12 13:59:39,493 [main] WARN  dropwizard3.Dm3MetricRegistriesImpl (Dm3MetricRegistriesImpl.java:addReporterRegistration(114)) - New reporters are added after registries were created. Some metrics will be missing from the reporter. Please add reporter before adding any new registry.
2025-05-12 13:59:39,496 [main] WARN  server.ServerUtils (ServerUtils.java:getDefaultRatisDirectory(304)) - Storage directory for Ratis is not configured. It is a good idea to map this to an SSD disk. Falling back to ozone.metadata.dirs
2025-05-12 13:59:39,497 [main] INFO  server.RaftServerConfigKeys (ConfUtils.java:logGet(46)) - raft.server.log.appender.buffer.byte-limit = 4194304 (custom)
2025-05-12 13:59:39,498 [main] INFO  ratis.OzoneManagerRatisServer (OzoneManagerRatisServer.java:<init>(167)) - Instantiating OM Ratis server with groupID: omServiceIdDefault and peers: pkrvmberfyhpb9w.internal.cloudapp.net:9872
2025-05-12 13:59:39,499 [main] INFO  ratis.OzoneManagerStateMachine (OzoneManagerStateMachine.java:loadSnapshotInfoFromDB(618)) - TransactionInfo not found in OM DB.
2025-05-12 13:59:39,499 [main] INFO  server.RaftServer (ConfUtils.java:logGet(46)) - raft.rpc.type = GRPC (default)
2025-05-12 13:59:39,499 [main] INFO  grpc.GrpcConfigKeys (ConfUtils.java:logFallback(53)) - raft.grpc.admin.host = null (fallback to raft.grpc.server.host)
2025-05-12 13:59:39,500 [main] INFO  grpc.GrpcConfigKeys (ConfUtils.java:logFallback(53)) - raft.grpc.admin.port = 9872 (fallback to raft.grpc.server.port)
2025-05-12 13:59:39,500 [main] INFO  grpc.GrpcConfigKeys (ConfUtils.java:logFallback(53)) - raft.grpc.client.host = null (fallback to raft.grpc.server.host)
2025-05-12 13:59:39,500 [main] INFO  grpc.GrpcConfigKeys (ConfUtils.java:logFallback(53)) - raft.grpc.client.port = 9872 (fallback to raft.grpc.server.port)
2025-05-12 13:59:39,500 [main] INFO  grpc.GrpcConfigKeys (ConfUtils.java:logGet(46)) - raft.grpc.server.host = null (default)
2025-05-12 13:59:39,500 [main] INFO  grpc.GrpcConfigKeys (ConfUtils.java:logGet(46)) - raft.grpc.server.port = 9872 (custom)
2025-05-12 13:59:39,500 [main] INFO  server.GrpcService (ConfUtils.java:logGet(46)) - raft.grpc.message.size.max = 5242880 (custom)
2025-05-12 13:59:39,500 [main] INFO  server.GrpcService (ConfUtils.java:logGet(46)) - raft.grpc.flow.control.window = 1MB (=1048576) (default)
2025-05-12 13:59:39,500 [main] INFO  server.RaftServerConfigKeys (ConfUtils.java:logGet(46)) - raft.server.rpc.request.timeout = 3000ms (default)
2025-05-12 13:59:39,500 [main] INFO  grpc.GrpcConfigKeys (ConfUtils.java:logGet(46)) - raft.grpc.server.heartbeat.channel = true (default)
2025-05-12 13:59:39,500 [main] INFO  server.RaftServerConfigKeys (ConfUtils.java:logGet(46)) - raft.server.log.appender.buffer.byte-limit = 4194304 (custom)
2025-05-12 13:59:39,501 [main] INFO  grpc.GrpcConfigKeys (ConfUtils.java:logGet(46)) - raft.grpc.server.async.request.thread.pool.cached = true (default)
2025-05-12 13:59:39,501 [main] INFO  grpc.GrpcConfigKeys (ConfUtils.java:logGet(46)) - raft.grpc.server.async.request.thread.pool.size = 32 (default)
2025-05-12 13:59:39,502 [main] INFO  impl.DataStreamServerImpl (ConfUtils.java:logGet(46)) - raft.datastream.type = DISABLED (default)
2025-05-12 13:59:39,502 [main] INFO  server.RaftServerConfigKeys (ConfUtils.java:logGet(46)) - raft.server.sleep.deviation.threshold = 300ms (default)
2025-05-12 13:59:39,502 [main] INFO  server.RaftServerConfigKeys (ConfUtils.java:logGet(46)) - raft.server.close.threshold = 60s (default)
2025-05-12 13:59:39,502 [main] INFO  server.RaftServerConfigKeys (ConfUtils.java:logGet(46)) - raft.server.leaderelection.leader.step-down.wait-time = 10s (default)
2025-05-12 13:59:39,502 [main] INFO  server.RaftServerConfigKeys (ConfUtils.java:logGet(46)) - raft.server.storage.dir = [/tmp/junit-15725290785370428166/scm-meta/ratis] (custom)
2025-05-12 13:59:39,502 [main] INFO  server.RaftServerConfigKeys (ConfUtils.java:logGet(46)) - raft.server.threadpool.proxy.cached = true (default)
2025-05-12 13:59:39,502 [main] INFO  server.RaftServerConfigKeys (ConfUtils.java:logGet(46)) - raft.server.threadpool.proxy.size = 0 (default)
2025-05-12 13:59:39,503 [main] INFO  server.RaftServer (RaftServerProxy.java:addNew(100)) - om1: addNew group-C5BA1605619E:[om1|pkrvmberfyhpb9w.internal.cloudapp.net:9872] returns group-C5BA1605619E:java.util.concurrent.CompletableFuture@6f6b7d08[Not completed]
2025-05-12 13:59:39,503 [main] INFO  om.OzoneManager (OzoneManager.java:initializeRatisServer(2284)) - OzoneManager Ratis server initialized at port 9872
2025-05-12 13:59:39,503 [om1-groupManagement] INFO  server.RaftServer$Division (RaftServerImpl.java:<init>(255)) - om1: new RaftServerImpl for group-C5BA1605619E:[om1|pkrvmberfyhpb9w.internal.cloudapp.net:9872] with OzoneManagerStateMachine:uninitialized
2025-05-12 13:59:39,503 [om1-groupManagement] INFO  server.RaftServerConfigKeys (ConfUtils.java:logGet(46)) - raft.server.rpc.timeout.min = 5s (custom)
2025-05-12 13:59:39,503 [om1-groupManagement] INFO  server.RaftServerConfigKeys (ConfUtils.java:logGet(46)) - raft.server.rpc.timeout.max = 5200ms (custom)
2025-05-12 13:59:39,504 [om1-groupManagement] INFO  server.RaftServerConfigKeys (ConfUtils.java:logGet(46)) - raft.server.rpc.sleep.time = 25ms (default)
2025-05-12 13:59:39,503 [main] INFO  om.OzoneManager (OzoneManager.java:getRpcServer(1340)) - Creating RPC Server
2025-05-12 13:59:39,504 [om1-groupManagement] INFO  server.RaftServerConfigKeys (ConfUtils.java:logGet(46)) - raft.server.rpc.slowness.timeout = 120s (custom)
2025-05-12 13:59:39,504 [om1-groupManagement] INFO  server.RaftServerConfigKeys (ConfUtils.java:logGet(46)) - raft.server.leaderelection.leader.step-down.wait-time = 10s (default)
2025-05-12 13:59:39,504 [om1-groupManagement] INFO  server.RaftServerConfigKeys (ConfUtils.java:logGet(46)) - raft.server.leaderelection.member.majority-add = false (default)
2025-05-12 13:59:39,504 [om1-groupManagement] INFO  server.RaftServerConfigKeys (ConfUtils.java:logGet(46)) - raft.server.sleep.deviation.threshold = 300ms (default)
2025-05-12 13:59:39,504 [om1-groupManagement] INFO  server.RaftServer$Division (ServerState.java:<init>(114)) - om1@group-C5BA1605619E: ConfigurationManager, init=conf: {index: -1, cur=peers:[om1|pkrvmberfyhpb9w.internal.cloudapp.net:9872]|listeners:[], old=null}, confs=<EMPTY_MAP>
2025-05-12 13:59:39,504 [om1-groupManagement] INFO  server.RaftServerConfigKeys (ConfUtils.java:logGet(46)) - raft.server.notification.no-leader.timeout = 120s (custom)
2025-05-12 13:59:39,504 [om1-groupManagement] INFO  server.RaftServerConfigKeys (ConfUtils.java:logGet(46)) - raft.server.read.timeout = 10s (default)
2025-05-12 13:59:39,504 [om1-groupManagement] INFO  server.RaftServerConfigKeys (ConfUtils.java:logGet(46)) - raft.server.retrycache.expirytime = 300s (custom)
2025-05-12 13:59:39,504 [om1-groupManagement] INFO  server.RaftServerConfigKeys (ConfUtils.java:logGet(46)) - raft.server.retrycache.statistics.expirytime = 100ms (default)
2025-05-12 13:59:39,504 [om1-groupManagement] INFO  server.RaftServerConfigKeys (ConfUtils.java:logGet(46)) - raft.server.read.option = DEFAULT (default)
2025-05-12 13:59:39,504 [om1-groupManagement] INFO  server.RaftServerConfigKeys (ConfUtils.java:logGet(46)) - raft.server.read.read-after-write-consistent.write-index-cache.expiry-time = 60s (default)
2025-05-12 13:59:39,505 [om1-groupManagement] INFO  server.RaftServerConfigKeys (ConfUtils.java:logGet(46)) - raft.server.rpc.request.timeout = 3000ms (default)
2025-05-12 13:59:39,505 [om1-groupManagement] INFO  server.RaftServerConfigKeys (ConfUtils.java:logGet(46)) - raft.server.log.appender.install.snapshot.enabled = false (custom)
2025-05-12 13:59:39,505 [om1-groupManagement] INFO  server.RaftServerConfigKeys (ConfUtils.java:logGet(46)) - raft.server.threadpool.server.cached = true (default)
2025-05-12 13:59:39,505 [om1-groupManagement] INFO  server.RaftServerConfigKeys (ConfUtils.java:logGet(46)) - raft.server.threadpool.server.size = 0 (default)
2025-05-12 13:59:39,506 [om1-groupManagement] INFO  server.RaftServerConfigKeys (ConfUtils.java:logGet(46)) - raft.server.threadpool.client.cached = true (default)
2025-05-12 13:59:39,506 [om1-groupManagement] INFO  server.RaftServerConfigKeys (ConfUtils.java:logGet(46)) - raft.server.threadpool.client.size = 0 (default)
2025-05-12 13:59:39,857 [main] INFO  reflections.Reflections (Reflections.java:scan(219)) - Reflections took 353 ms to scan 24 urls, producing 60 keys and 7515 values
2025-05-12 13:59:39,858 [main] INFO  ipc.CallQueueManager (CallQueueManager.java:<init>(93)) - Using callQueue: class java.util.concurrent.LinkedBlockingQueue, queueCapacity: 2000, scheduler: class org.apache.hadoop.ipc.DefaultRpcScheduler, ipcBackoff: false, ipcFailOver: false.
2025-05-12 13:59:39,859 [main] INFO  server.StorageContainerManager (StorageContainerManager.java:stop(1608)) - Container Balancer is not running.
2025-05-12 13:59:39,859 [main] INFO  server.StorageContainerManager (StorageContainerManager.java:stopReplicationManager(1742)) - Stopping Replication Manager Service.
2025-05-12 13:59:39,859 [main] INFO  replication.ReplicationManager (ReplicationManager.java:stop(316)) - Stopping Replication Monitor Thread.
2025-05-12 13:59:39,859 [UnderReplicatedProcessor] WARN  replication.UnhealthyReplicationProcessor (UnhealthyReplicationProcessor.java:run(178)) - UnderReplicatedProcessor interrupted. Exiting...
2025-05-12 13:59:39,859 [main] INFO  server.StorageContainerManager (StorageContainerManager.java:stop(1617)) - Stopping the Datanode Admin Monitor.
2025-05-12 13:59:39,859 [OverReplicatedProcessor] WARN  replication.UnhealthyReplicationProcessor (UnhealthyReplicationProcessor.java:run(178)) - OverReplicatedProcessor interrupted. Exiting...
2025-05-12 13:59:39,860 [main] INFO  server.StorageContainerManager (StorageContainerManager.java:stop(1624)) - Stopping datanode service RPC server
2025-05-12 13:59:39,860 [main] INFO  server.SCMDatanodeProtocolServer (SCMDatanodeProtocolServer.java:stop(447)) - Stopping the RPC server for DataNodes
2025-05-12 13:59:39,860 [main] INFO  ipc.Server (Server.java:stop(3697)) - Stopping server on 15022
2025-05-12 13:59:39,860 [ReplicationMonitor] INFO  replication.ReplicationManager (ReplicationManager.java:run(936)) - Replication Monitor Thread is stopped
2025-05-12 13:59:39,922 [SCMHeartbeatProcessor-0] WARN  node.NodeStateManager (NodeStateManager.java:scheduleNextHealthCheck(909)) - Current Thread is interrupted, shutting down HB processing thread for Node Manager.
2025-05-12 13:59:39,922 [main] INFO  server.StorageContainerManager (StorageContainerManager.java:stop(1632)) - Stopping block service RPC server
2025-05-12 13:59:39,922 [main] INFO  server.SCMBlockProtocolServer (SCMBlockProtocolServer.java:stop(175)) - Stopping the RPC server for Block Protocol
2025-05-12 13:59:39,922 [main] INFO  ipc.Server (Server.java:stop(3697)) - Stopping server on 15023
2025-05-12 13:59:39,930 [IPC Server listener on 15023] INFO  ipc.Server (Server.java:run(1585)) - Stopping IPC Server listener on 15023
2025-05-12 13:59:39,931 [IPC Server Responder] INFO  ipc.Server (Server.java:run(1718)) - Stopping IPC Server Responder
2025-05-12 13:59:39,931 [main] INFO  server.StorageContainerManager (StorageContainerManager.java:stop(1639)) - Stopping the StorageContainerLocationProtocol RPC server
2025-05-12 13:59:39,931 [main] INFO  server.SCMClientProtocolServer (SCMClientProtocolServer.java:stop(216)) - Stopping the RPC server for Client Protocol
2025-05-12 13:59:39,931 [main] INFO  ipc.Server (Server.java:stop(3697)) - Stopping server on 15021
2025-05-12 13:59:39,935 [IPC Server listener on 15021] INFO  ipc.Server (Server.java:run(1585)) - Stopping IPC Server listener on 15021
2025-05-12 13:59:39,935 [main] INFO  server.StorageContainerManager (StorageContainerManager.java:stop(1646)) - Stopping Storage Container Manager HTTP server.
2025-05-12 13:59:39,935 [IPC Server Responder] INFO  ipc.Server (Server.java:run(1718)) - Stopping IPC Server Responder
2025-05-12 13:59:39,936 [main] INFO  handler.ContextHandler (ContextHandler.java:doStop(1159)) - Stopped o.e.j.w.WebAppContext@a278841{scm,/,null,STOPPED}{file:/home/runner/work/ozone/ozone/hadoop-ozone/integration-test/target/test-classes/webapps/scm}
2025-05-12 13:59:39,937 [main] INFO  server.AbstractConnector (AbstractConnector.java:doStop(383)) - Stopped ServerConnector@7984c4dc{HTTP/1.1, (http/1.1)}{0.0.0.0:9876}
2025-05-12 13:59:39,938 [main] INFO  server.session (HouseKeeper.java:stopScavenging(149)) - node0 Stopped scavenging
2025-05-12 13:59:39,938 [main] INFO  handler.ContextHandler (ContextHandler.java:doStop(1159)) - Stopped o.e.j.s.ServletContextHandler@2ab42a53{static,/static,file:///home/runner/work/ozone/ozone/hadoop-ozone/integration-test/target/test-classes/webapps/static,STOPPED}
2025-05-12 13:59:39,938 [main] INFO  handler.ContextHandler (ContextHandler.java:doStop(1159)) - Stopped o.e.j.s.ServletContextHandler@5d3fd216{logs,/logs,file:///home/runner/work/ozone/ozone/hadoop-ozone/integration-test/target/log,STOPPED}
2025-05-12 13:59:39,940 [main] INFO  server.StorageContainerManager (StorageContainerManager.java:stop(1654)) - Stopping SCM LayoutVersionManager Service.
2025-05-12 13:59:39,941 [main] INFO  server.SCMSecurityProtocolServer (SCMSecurityProtocolServer.java:stop(510)) - Stopping the SCMSecurityProtocolServer.
2025-05-12 13:59:39,941 [main] INFO  ipc.Server (Server.java:stop(3697)) - Stopping server on 15024
2025-05-12 13:59:39,944 [IPC Server listener on 15024] INFO  ipc.Server (Server.java:run(1585)) - Stopping IPC Server listener on 15024
2025-05-12 13:59:39,945 [main] INFO  server.StorageContainerManager (StorageContainerManager.java:stop(1666)) - Stopping Block Manager Service.
2025-05-12 13:59:39,947 [main] INFO  utils.BackgroundService (BackgroundService.java:shutdown(160)) - Shutting down service SCMBlockDeletingService
2025-05-12 13:59:39,946 [IPC Server Responder] INFO  ipc.Server (Server.java:run(1718)) - Stopping IPC Server Responder
2025-05-12 13:59:39,948 [main] INFO  utils.BackgroundService (BackgroundService.java:shutdown(160)) - Shutting down service SCMBlockDeletingService
2025-05-12 13:59:39,950 [main] INFO  server.StorageContainerManager (StorageContainerManager.java:stop(1691)) - Stopping SCM Event Queue.
2025-05-12 13:59:39,953 [main] INFO  server.StorageContainerManager (StorageContainerManager.java:stop(1698)) - Stopping SCM HA services.
2025-05-12 13:59:39,954 [main] INFO  ha.SCMRatisServerImpl (SCMRatisServerImpl.java:stop(266)) - stopping ratis server 0.0.0.0:15025
2025-05-12 13:59:39,954 [main] INFO  server.RaftServer (RaftServerProxy.java:lambda$close$9(417)) - a31b970d-7794-4e3b-90f6-b1b104a36046: close
2025-05-12 13:59:39,955 [main] INFO  server.GrpcService (GrpcService.java:closeImpl(343)) - a31b970d-7794-4e3b-90f6-b1b104a36046: shutdown server GrpcServerProtocolService now
2025-05-12 13:59:39,956 [a31b970d-7794-4e3b-90f6-b1b104a36046-impl-thread1] INFO  server.RaftServer$Division (RaftServerImpl.java:lambda$close$1(513)) - a31b970d-7794-4e3b-90f6-b1b104a36046@group-3D151091F17F: shutdown
2025-05-12 13:59:39,957 [a31b970d-7794-4e3b-90f6-b1b104a36046-impl-thread1] INFO  util.JmxRegister (JmxRegister.java:unregister(74)) - Successfully un-registered JMX Bean with object name Ratis:service=RaftServer,group=group-3D151091F17F,id=a31b970d-7794-4e3b-90f6-b1b104a36046
2025-05-12 13:59:39,957 [a31b970d-7794-4e3b-90f6-b1b104a36046-impl-thread1] INFO  impl.RoleInfo (RoleInfo.java:shutdownFollowerState(121)) - a31b970d-7794-4e3b-90f6-b1b104a36046: shutdown a31b970d-7794-4e3b-90f6-b1b104a36046@group-3D151091F17F-FollowerState
2025-05-12 13:59:39,958 [a31b970d-7794-4e3b-90f6-b1b104a36046-impl-thread1] INFO  impl.StateMachineUpdater (StateMachineUpdater.java:stopAndJoin(164)) - a31b970d-7794-4e3b-90f6-b1b104a36046@group-3D151091F17F-StateMachineUpdater: set stopIndex = -1
2025-05-12 13:59:39,958 [a31b970d-7794-4e3b-90f6-b1b104a36046@group-3D151091F17F-FollowerState] INFO  impl.FollowerState (FollowerState.java:runImpl(170)) - a31b970d-7794-4e3b-90f6-b1b104a36046@group-3D151091F17F-FollowerState was interrupted
2025-05-12 13:59:39,958 [a31b970d-7794-4e3b-90f6-b1b104a36046@group-3D151091F17F-StateMachineUpdater] INFO  impl.StateMachineUpdater (StateMachineUpdater.java:stop(141)) - a31b970d-7794-4e3b-90f6-b1b104a36046@group-3D151091F17F-StateMachineUpdater: closing SCMStateMachine, lastApplied=(t:0, i:~)
2025-05-12 13:59:39,959 [a31b970d-7794-4e3b-90f6-b1b104a36046@group-3D151091F17F-cacheEviction-AwaitToRun] INFO  util.AwaitToRun (AwaitToRun.java:run(49)) - a31b970d-7794-4e3b-90f6-b1b104a36046@group-3D151091F17F-cacheEviction-AwaitToRun-AwaitForSignal is interrupted
2025-05-12 13:59:39,964 [main] INFO  server.GrpcService (GrpcService.java:closeImpl(352)) - a31b970d-7794-4e3b-90f6-b1b104a36046: shutdown server GrpcServerProtocolService successfully
2025-05-12 13:59:40,166 [a31b970d-7794-4e3b-90f6-b1b104a36046-impl-thread1] INFO  segmented.SegmentedRaftLogWorker (SegmentedRaftLogWorker.java:close(252)) - a31b970d-7794-4e3b-90f6-b1b104a36046@group-3D151091F17F-SegmentedRaftLogWorker close()
2025-05-12 13:59:40,167 [JvmPauseMonitor7] INFO  util.JvmPauseMonitor (JvmPauseMonitor.java:run(152)) - JvmPauseMonitor-a31b970d-7794-4e3b-90f6-b1b104a36046: Stopped
2025-05-12 13:59:40,167 [main] INFO  SCMHATransactionMonitor (BackgroundSCMService.java:stop(127)) - Stopping SCMHATransactionMonitor Service.
2025-05-12 13:59:40,167 [SCMHATransactionMonitor] WARN  SCMHATransactionMonitor (BackgroundSCMService.java:run(111)) - SCMHATransactionMonitor is interrupted, exit
2025-05-12 13:59:40,167 [main] INFO  pipeline.BackgroundPipelineCreator (BackgroundPipelineCreator.java:stop(154)) - Stopping RatisPipelineUtilsThread.
2025-05-12 13:59:40,167 [RatisPipelineUtilsThread-0] WARN  pipeline.BackgroundPipelineCreator (BackgroundPipelineCreator.java:run(185)) - RatisPipelineUtilsThread is interrupted.
2025-05-12 13:59:40,168 [main] INFO  BackgroundPipelineScrubber (BackgroundSCMService.java:stop(127)) - Stopping BackgroundPipelineScrubber Service.
2025-05-12 13:59:40,168 [BackgroundPipelineScrubber] WARN  BackgroundPipelineScrubber (BackgroundSCMService.java:run(111)) - BackgroundPipelineScrubber is interrupted, exit
2025-05-12 13:59:40,168 [main] INFO  impl.MetricsSystemImpl (MetricsSystemImpl.java:stop(210)) - Stopping StorageContainerManager metrics system...
2025-05-12 13:59:40,169 [prometheus] INFO  impl.MetricsSinkAdapter (MetricsSinkAdapter.java:publishMetricsFromQueue(141)) - prometheus thread interrupted.
2025-05-12 13:59:40,169 [main] INFO  impl.MetricsSystemImpl (MetricsSystemImpl.java:stop(216)) - StorageContainerManager metrics system stopped.
2025-05-12 13:59:40,169 [main] WARN  pipeline.BackgroundPipelineCreator (BackgroundPipelineCreator.java:stop(150)) - RatisPipelineUtilsThread is not running, just ignore.
2025-05-12 13:59:40,169 [main] INFO  BackgroundPipelineScrubber (BackgroundSCMService.java:stop(122)) - BackgroundPipelineScrubber Service is not running, skip stop.
2025-05-12 13:59:40,169 [main] INFO  ExpiredContainerReplicaOpScrubber (BackgroundSCMService.java:stop(127)) - Stopping ExpiredContainerReplicaOpScrubber Service.
2025-05-12 13:59:40,169 [main] INFO  utils.BackgroundService (BackgroundService.java:shutdown(160)) - Shutting down service SCMBlockDeletingService
2025-05-12 13:59:40,169 [ExpiredContainerReplicaOpScrubber] WARN  ExpiredContainerReplicaOpScrubber (BackgroundSCMService.java:run(111)) - ExpiredContainerReplicaOpScrubber is interrupted, exit
2025-05-12 13:59:40,169 [main] INFO  replication.ReplicationManager (ReplicationManager.java:stop(323)) - Replication Monitor Thread is not running.
2025-05-12 13:59:40,170 [main] WARN  balancer.ContainerBalancer (ContainerBalancer.java:stop(350)) - Cannot stop Container Balancer because it's not running or stopping
2025-05-12 13:59:40,170 [main] INFO  SCMHATransactionMonitor (BackgroundSCMService.java:stop(122)) - SCMHATransactionMonitor Service is not running, skip stop.
2025-05-12 13:59:40,170 [main] INFO  server.StorageContainerManager (StorageContainerManager.java:stop(1733)) - Stopping SCM MetadataStore.
2025-05-12 13:59:40,170 [a31b970d-7794-4e3b-90f6-b1b104a36046-scm/sub-ca-refreshCACertificates] ERROR util.ExitUtils (ExitUtils.java:terminate(133)) - Terminating with exit status -1: Thread[#1293,a31b970d-7794-4e3b-90f6-b1b104a36046-scm/sub-ca-refreshCACertificates,5,main] has thrown an uncaught exception
java.lang.reflect.UndeclaredThrowableException
	at jdk.proxy2/jdk.proxy2.$Proxy45.submitRequest(Unknown Source)
	at org.apache.hadoop.hdds.protocolPB.SCMSecurityProtocolClientSideTranslatorPB.submitRequest(SCMSecurityProtocolClientSideTranslatorPB.java:93)
	at org.apache.hadoop.hdds.protocolPB.SCMSecurityProtocolClientSideTranslatorPB.getAllRootCaCertificates(SCMSecurityProtocolClientSideTranslatorPB.java:382)
	at org.apache.hadoop.hdds.security.x509.certificate.client.SCMCertificateClient$RefreshCACertificates.run(SCMCertificateClient.java:238)
	at java.base/java.util.concurrent.ThreadPoolExecutor.runWorker(ThreadPoolExecutor.java:1144)
	at java.base/java.util.concurrent.ThreadPoolExecutor$Worker.run(ThreadPoolExecutor.java:642)
	at java.base/java.lang.Thread.run(Thread.java:1583)
Caused by: java.io.InterruptedIOException: Retry interrupted
	at org.apache.hadoop.io.retry.RetryInvocationHandler$Call.processWaitTimeAndRetryInfo(RetryInvocationHandler.java:141)
	at org.apache.hadoop.io.retry.RetryInvocationHandler$Call.invokeOnce(RetryInvocationHandler.java:112)
	at org.apache.hadoop.io.retry.RetryInvocationHandler.invoke(RetryInvocationHandler.java:366)
	... 7 more
Caused by: java.lang.InterruptedException: sleep interrupted
	at java.base/java.lang.Thread.sleep0(Native Method)
	at java.base/java.lang.Thread.sleep(Thread.java:509)
	at org.apache.hadoop.io.retry.RetryInvocationHandler$Call.processWaitTimeAndRetryInfo(RetryInvocationHandler.java:135)
	... 9 more
2025-05-12 13:59:40,170 [LeaseManager#LeaseMonitor] WARN  lease.LeaseManager (LeaseManager.java:run(285)) - Lease manager is interrupted. Shutting down...
java.lang.InterruptedException
	at java.base/java.util.concurrent.locks.AbstractQueuedSynchronizer.tryAcquireSharedNanos(AbstractQueuedSynchronizer.java:1133)
	at java.base/java.util.concurrent.Semaphore.tryAcquire(Semaphore.java:415)
	at org.apache.hadoop.ozone.lease.LeaseManager$LeaseMonitor.run(LeaseManager.java:283)
	at java.base/java.lang.Thread.run(Thread.java:1583)
2025-05-12 13:59:40,172 [main] INFO  impl.DefaultInternalKdcServerImpl (DefaultInternalKdcServerImpl.java:doStop(102)) - Default Internal kdc server stopped.
2025-05-12 13:59:41,172 [main] INFO  minikdc.MiniKdc (MiniKdc.java:stop(359)) - MiniKdc stopped.
2025-05-12 13:59:41,172 [main] INFO  server.StorageContainerManager (StorageContainerManager.java:stop(1597)) - Storage Container Manager is not running.
2025-05-12 13:59:41,173 [main] INFO  server.StorageContainerManager (StorageContainerManager.java:stopReplicationManager(1742)) - Stopping Replication Manager Service.
2025-05-12 13:59:41,173 [main] INFO  replication.ReplicationManager (ReplicationManager.java:stop(323)) - Replication Monitor Thread is not running.
2025-05-12 13:59:41,173 [main] INFO  server.SCMSecurityProtocolServer (SCMSecurityProtocolServer.java:join(519)) - Join RPC server for SCMSecurityProtocolServer.
2025-05-12 13:59:41,173 [main] INFO  server.SCMSecurityProtocolServer (SCMSecurityProtocolServer.java:join(521)) - Join gRPC server for SCMSecurityProtocolServer.
]]></system-out>
    </rerunError>
    <rerunError message="Problem binding to [pkrvmberfyhpb9w.internal.cloudapp.net:15034] java.net.BindException: Cannot assign requested address; For more details see:  http://wiki.apache.org/hadoop/BindException" type="java.net.BindException">
      <stackTrace><![CDATA[java.net.BindException: Problem binding to [pkrvmberfyhpb9w.internal.cloudapp.net:15034] java.net.BindException: Cannot assign requested address; For more details see:  http://wiki.apache.org/hadoop/BindException
	at java.base/jdk.internal.reflect.DirectConstructorHandleAccessor.newInstance(DirectConstructorHandleAccessor.java:62)
	at java.base/java.lang.reflect.Constructor.newInstanceWithCaller(Constructor.java:502)
	at java.base/java.lang.reflect.Constructor.newInstance(Constructor.java:486)
	at org.apache.hadoop.net.NetUtils.wrapWithMessage(NetUtils.java:961)
	at org.apache.hadoop.net.NetUtils.wrapException(NetUtils.java:857)
	at org.apache.hadoop.ipc.Server.bind(Server.java:715)
	at org.apache.hadoop.ipc.Server$Listener.<init>(Server.java:1435)
	at org.apache.hadoop.ipc.Server.<init>(Server.java:3364)
	at org.apache.hadoop.ipc.RPC$Server.<init>(RPC.java:1195)
	at org.apache.hadoop.ipc.ProtobufRpcEngine2$Server.<init>(ProtobufRpcEngine2.java:485)
	at org.apache.hadoop.ipc.ProtobufRpcEngine$Server.<init>(ProtobufRpcEngine.java:452)
	at org.apache.hadoop.ipc.ProtobufRpcEngine.getServer(ProtobufRpcEngine.java:375)
	at org.apache.hadoop.ipc.RPC$Builder.build(RPC.java:986)
	at org.apache.hadoop.ozone.om.OzoneManager.startRpcServer(OzoneManager.java:1414)
	at org.apache.hadoop.ozone.om.OzoneManager.getRpcServer(OzoneManager.java:1376)
	at org.apache.hadoop.ozone.om.OzoneManager.<init>(OzoneManager.java:695)
	at org.apache.hadoop.ozone.om.OzoneManager.createOm(OzoneManager.java:877)
	at org.apache.hadoop.ozone.TestSecureOzoneCluster.setupOm(TestSecureOzoneCluster.java:716)
	at org.apache.hadoop.ozone.TestSecureOzoneCluster.testGetSetRevokeS3Secret(TestSecureOzoneCluster.java:728)
	at java.base/java.lang.reflect.Method.invoke(Method.java:580)
	at java.base/java.util.ArrayList.forEach(ArrayList.java:1596)
	at java.base/java.util.ArrayList.forEach(ArrayList.java:1596)
Caused by: java.net.BindException: Cannot assign requested address
	at java.base/sun.nio.ch.Net.bind0(Native Method)
	at java.base/sun.nio.ch.Net.bind(Net.java:565)
	at java.base/sun.nio.ch.ServerSocketChannelImpl.netBind(ServerSocketChannelImpl.java:344)
	at java.base/sun.nio.ch.ServerSocketChannelImpl.bind(ServerSocketChannelImpl.java:301)
	at java.base/sun.nio.ch.ServerSocketAdaptor.bind(ServerSocketAdaptor.java:89)
	at org.apache.hadoop.ipc.Server.bind(Server.java:698)
	... 16 more
]]></stackTrace>
      <system-out><![CDATA[2025-05-12 13:59:41,215 [main] INFO  minikdc.MiniKdc (MiniKdc.java:<init>(225)) - Configuration:
2025-05-12 13:59:41,215 [main] INFO  minikdc.MiniKdc (MiniKdc.java:<init>(226)) - ---------------------------------------------------------------
2025-05-12 13:59:41,215 [main] INFO  minikdc.MiniKdc (MiniKdc.java:<init>(228)) -   max.renewable.lifetime: 604800000
2025-05-12 13:59:41,215 [main] INFO  minikdc.MiniKdc (MiniKdc.java:<init>(228)) -   instance: DefaultKrbServer
2025-05-12 13:59:41,215 [main] INFO  minikdc.MiniKdc (MiniKdc.java:<init>(228)) -   debug: false
2025-05-12 13:59:41,215 [main] INFO  minikdc.MiniKdc (MiniKdc.java:<init>(228)) -   kdc.bind.address: localhost
2025-05-12 13:59:41,215 [main] INFO  minikdc.MiniKdc (MiniKdc.java:<init>(228)) -   max.ticket.lifetime: 86400000
2025-05-12 13:59:41,215 [main] INFO  minikdc.MiniKdc (MiniKdc.java:<init>(228)) -   transport: TCP
2025-05-12 13:59:41,215 [main] INFO  minikdc.MiniKdc (MiniKdc.java:<init>(228)) -   org.name: EXAMPLE
2025-05-12 13:59:41,216 [main] INFO  minikdc.MiniKdc (MiniKdc.java:<init>(228)) -   org.domain: COM
2025-05-12 13:59:41,216 [main] INFO  minikdc.MiniKdc (MiniKdc.java:<init>(228)) -   kdc.port: 0
2025-05-12 13:59:41,216 [main] INFO  minikdc.MiniKdc (MiniKdc.java:<init>(230)) - ---------------------------------------------------------------
2025-05-12 13:59:41,217 [main] INFO  minikdc.MiniKdc (MiniKdc.java:start(285)) - MiniKdc started.
2025-05-12 13:59:41,384 [main] INFO  keys.KeyStorage (KeyStorage.java:storePublicKey(210)) - Storing public key to /tmp/junit-13173100214457647765/om-meta/om/keys/public.pem.
2025-05-12 13:59:41,385 [main] INFO  keys.KeyStorage (KeyStorage.java:storePrivateKey(194)) - Storing private key to /tmp/junit-13173100214457647765/om-meta/om/keys/private.pem.
2025-05-12 13:59:41,385 [main] INFO  om.OzoneManager (OzoneManager.java:getOmDetailsProto(4941)) - OzoneManager ports added:[name: "RPC"
value: 15034
]
2025-05-12 13:59:41,386 [main] WARN  server.ServerUtils (ServerUtils.java:getScmDbDir(138)) - ozone.scm.db.dirs is not configured. We recommend adding this setting. Falling back to ozone.metadata.dirs instead.
2025-05-12 13:59:41,386 [main] INFO  ha.HASecurityUtils (HASecurityUtils.java:initializeSecurity(79)) - Initializing secure StorageContainerManager.
2025-05-12 13:59:41,387 [main] INFO  proxy.SCMSecurityProtocolFailoverProxyProvider (SCMFailoverProxyProviderBase.java:<init>(120)) - Created fail-over proxy for protocol SCMSecurityProtocolPB with 1 nodes: [nodeId=scmNodeId,nodeAddress=localhost/127.0.0.1:15031]
2025-05-12 13:59:41,387 [main] INFO  client.SCMCertificateClient (DefaultCertificateClient.java:updateCertSerialId(1289)) - Certificate serial ID set to null
2025-05-12 13:59:41,387 [main] ERROR client.SCMCertificateClient (DefaultCertificateClient.java:getCertPath(373)) - Default certificate serial id is not set. Can't locate the default certificate for this client.
2025-05-12 13:59:41,387 [main] INFO  client.SCMCertificateClient (DefaultCertificateClient.java:init(717)) - Certificate client init case: 0
2025-05-12 13:59:41,387 [main] INFO  client.SCMCertificateClient (DefaultCertificateClient.java:handleCase(735)) - Creating keypair for client as keypair and certificate not found.
2025-05-12 13:59:41,470 [main] INFO  keys.KeyStorage (KeyStorage.java:storePublicKey(210)) - Storing public key to /tmp/junit-13173100214457647765/scm-meta/scm/sub-ca/keys/public.pem.
2025-05-12 13:59:41,471 [main] INFO  keys.KeyStorage (KeyStorage.java:storePrivateKey(194)) - Storing private key to /tmp/junit-13173100214457647765/scm-meta/scm/sub-ca/keys/private.pem.
2025-05-12 13:59:41,471 [main] INFO  client.SCMCertificateClient (SCMCertificateClient.java:recoverStateIfNeeded(278)) - Init response: GETCERT
2025-05-12 13:59:41,472 [main] INFO  keys.KeyStorage (KeyStorage.java:readPublicKey(174)) - Reading public key from /tmp/junit-13173100214457647765/scm-meta/scm/ca/keys/public.pem.
2025-05-12 13:59:41,472 [main] ERROR keys.KeyStorage (KeyStorage.java:readPublicKey(178)) - Failed to read the public key.
java.nio.file.NoSuchFileException: /tmp/junit-13173100214457647765/scm-meta/scm/ca/keys/public.pem
	at java.base/sun.nio.fs.UnixException.translateToIOException(UnixException.java:92)
	at java.base/sun.nio.fs.UnixException.rethrowAsIOException(UnixException.java:106)
	at java.base/sun.nio.fs.UnixException.rethrowAsIOException(UnixException.java:111)
	at java.base/sun.nio.fs.UnixFileSystemProvider.newByteChannel(UnixFileSystemProvider.java:261)
	at java.base/java.nio.file.Files.newByteChannel(Files.java:380)
	at java.base/java.nio.file.Files.newByteChannel(Files.java:432)
	at java.base/java.nio.file.Files.readAllBytes(Files.java:3281)
	at org.apache.hadoop.hdds.security.x509.keys.KeyStorage.readPublicKey(KeyStorage.java:176)
	at org.apache.hadoop.hdds.security.x509.keys.KeyStorage.readKeyPair(KeyStorage.java:184)
	at org.apache.hadoop.hdds.security.x509.certificate.authority.DefaultCAServer.checkIfKeysExist(DefaultCAServer.java:354)
	at org.apache.hadoop.hdds.security.x509.certificate.authority.DefaultCAServer.verifySelfSignedCA(DefaultCAServer.java:323)
	at org.apache.hadoop.hdds.security.x509.certificate.authority.DefaultCAServer.init(DefaultCAServer.java:162)
	at org.apache.hadoop.hdds.security.x509.certificate.client.SCMCertificateClient.initializeRootCertificateServer(SCMCertificateClient.java:396)
	at org.apache.hadoop.hdds.security.x509.certificate.client.SCMCertificateClient.getPrimarySCMSelfSignedCert(SCMCertificateClient.java:346)
	at org.apache.hadoop.hdds.security.x509.certificate.client.SCMCertificateClient.recoverStateIfNeeded(SCMCertificateClient.java:287)
	at org.apache.hadoop.hdds.security.x509.certificate.client.DefaultCertificateClient.initWithRecovery(DefaultCertificateClient.java:698)
	at org.apache.hadoop.hdds.scm.ha.HASecurityUtils.initializeSecurity(HASecurityUtils.java:96)
	at org.apache.hadoop.ozone.TestSecureOzoneCluster.initSCM(TestSecureOzoneCluster.java:450)
	at org.apache.hadoop.ozone.TestSecureOzoneCluster.testGetSetRevokeS3Secret(TestSecureOzoneCluster.java:722)
	at java.base/jdk.internal.reflect.DirectMethodHandleAccessor.invoke(DirectMethodHandleAccessor.java:103)
	at java.base/java.lang.reflect.Method.invoke(Method.java:580)
	at org.junit.platform.commons.util.ReflectionUtils.invokeMethod(ReflectionUtils.java:775)
	at org.junit.platform.commons.support.ReflectionSupport.invokeMethod(ReflectionSupport.java:479)
	at org.junit.jupiter.engine.execution.MethodInvocation.proceed(MethodInvocation.java:60)
	at org.junit.jupiter.engine.execution.InvocationInterceptorChain$ValidatingInvocation.proceed(InvocationInterceptorChain.java:131)
	at org.junit.jupiter.engine.extension.SameThreadTimeoutInvocation.proceed(SameThreadTimeoutInvocation.java:49)
	at org.junit.jupiter.engine.extension.TimeoutExtension.intercept(TimeoutExtension.java:161)
	at org.junit.jupiter.engine.extension.TimeoutExtension.interceptTestableMethod(TimeoutExtension.java:152)
	at org.junit.jupiter.engine.extension.TimeoutExtension.interceptTestMethod(TimeoutExtension.java:91)
	at org.junit.jupiter.engine.execution.InterceptingExecutableInvoker$ReflectiveInterceptorCall.lambda$ofVoidMethod$0(InterceptingExecutableInvoker.java:112)
	at org.junit.jupiter.engine.execution.InterceptingExecutableInvoker.lambda$invoke$0(InterceptingExecutableInvoker.java:94)
	at org.junit.jupiter.engine.execution.InvocationInterceptorChain$InterceptedInvocation.proceed(InvocationInterceptorChain.java:106)
	at org.junit.jupiter.engine.execution.InvocationInterceptorChain.proceed(InvocationInterceptorChain.java:64)
	at org.junit.jupiter.engine.execution.InvocationInterceptorChain.chainAndInvoke(InvocationInterceptorChain.java:45)
	at org.junit.jupiter.engine.execution.InvocationInterceptorChain.invoke(InvocationInterceptorChain.java:37)
	at org.junit.jupiter.engine.execution.InterceptingExecutableInvoker.invoke(InterceptingExecutableInvoker.java:93)
	at org.junit.jupiter.engine.execution.InterceptingExecutableInvoker.invoke(InterceptingExecutableInvoker.java:87)
	at org.junit.jupiter.engine.descriptor.TestMethodTestDescriptor.lambda$invokeTestMethod$7(TestMethodTestDescriptor.java:216)
	at org.junit.platform.engine.support.hierarchical.ThrowableCollector.execute(ThrowableCollector.java:73)
	at org.junit.jupiter.engine.descriptor.TestMethodTestDescriptor.invokeTestMethod(TestMethodTestDescriptor.java:212)
	at org.junit.jupiter.engine.descriptor.TestMethodTestDescriptor.execute(TestMethodTestDescriptor.java:137)
	at org.junit.jupiter.engine.descriptor.TestMethodTestDescriptor.execute(TestMethodTestDescriptor.java:69)
	at org.junit.platform.engine.support.hierarchical.NodeTestTask.lambda$executeRecursively$6(NodeTestTask.java:156)
	at org.junit.platform.engine.support.hierarchical.ThrowableCollector.execute(ThrowableCollector.java:73)
	at org.junit.platform.engine.support.hierarchical.NodeTestTask.lambda$executeRecursively$8(NodeTestTask.java:146)
	at org.junit.platform.engine.support.hierarchical.Node.around(Node.java:137)
	at org.junit.platform.engine.support.hierarchical.NodeTestTask.lambda$executeRecursively$9(NodeTestTask.java:144)
	at org.junit.platform.engine.support.hierarchical.ThrowableCollector.execute(ThrowableCollector.java:73)
	at org.junit.platform.engine.support.hierarchical.NodeTestTask.executeRecursively(NodeTestTask.java:143)
	at org.junit.platform.engine.support.hierarchical.NodeTestTask.execute(NodeTestTask.java:100)
	at java.base/java.util.ArrayList.forEach(ArrayList.java:1596)
	at org.junit.platform.engine.support.hierarchical.SameThreadHierarchicalTestExecutorService.invokeAll(SameThreadHierarchicalTestExecutorService.java:41)
	at org.junit.platform.engine.support.hierarchical.NodeTestTask.lambda$executeRecursively$6(NodeTestTask.java:160)
	at org.junit.platform.engine.support.hierarchical.ThrowableCollector.execute(ThrowableCollector.java:73)
	at org.junit.platform.engine.support.hierarchical.NodeTestTask.lambda$executeRecursively$8(NodeTestTask.java:146)
	at org.junit.platform.engine.support.hierarchical.Node.around(Node.java:137)
	at org.junit.platform.engine.support.hierarchical.NodeTestTask.lambda$executeRecursively$9(NodeTestTask.java:144)
	at org.junit.platform.engine.support.hierarchical.ThrowableCollector.execute(ThrowableCollector.java:73)
	at org.junit.platform.engine.support.hierarchical.NodeTestTask.executeRecursively(NodeTestTask.java:143)
	at org.junit.platform.engine.support.hierarchical.NodeTestTask.execute(NodeTestTask.java:100)
	at java.base/java.util.ArrayList.forEach(ArrayList.java:1596)
	at org.junit.platform.engine.support.hierarchical.SameThreadHierarchicalTestExecutorService.invokeAll(SameThreadHierarchicalTestExecutorService.java:41)
	at org.junit.platform.engine.support.hierarchical.NodeTestTask.lambda$executeRecursively$6(NodeTestTask.java:160)
	at org.junit.platform.engine.support.hierarchical.ThrowableCollector.execute(ThrowableCollector.java:73)
	at org.junit.platform.engine.support.hierarchical.NodeTestTask.lambda$executeRecursively$8(NodeTestTask.java:146)
	at org.junit.platform.engine.support.hierarchical.Node.around(Node.java:137)
	at org.junit.platform.engine.support.hierarchical.NodeTestTask.lambda$executeRecursively$9(NodeTestTask.java:144)
	at org.junit.platform.engine.support.hierarchical.ThrowableCollector.execute(ThrowableCollector.java:73)
	at org.junit.platform.engine.support.hierarchical.NodeTestTask.executeRecursively(NodeTestTask.java:143)
	at org.junit.platform.engine.support.hierarchical.NodeTestTask.execute(NodeTestTask.java:100)
	at org.junit.platform.engine.support.hierarchical.SameThreadHierarchicalTestExecutorService.submit(SameThreadHierarchicalTestExecutorService.java:35)
	at org.junit.platform.engine.support.hierarchical.HierarchicalTestExecutor.execute(HierarchicalTestExecutor.java:57)
	at org.junit.platform.engine.support.hierarchical.HierarchicalTestEngine.execute(HierarchicalTestEngine.java:54)
	at org.junit.platform.launcher.core.EngineExecutionOrchestrator.execute(EngineExecutionOrchestrator.java:201)
	at org.junit.platform.launcher.core.EngineExecutionOrchestrator.execute(EngineExecutionOrchestrator.java:170)
	at org.junit.platform.launcher.core.EngineExecutionOrchestrator.execute(EngineExecutionOrchestrator.java:94)
	at org.junit.platform.launcher.core.EngineExecutionOrchestrator.lambda$execute$0(EngineExecutionOrchestrator.java:59)
	at org.junit.platform.launcher.core.EngineExecutionOrchestrator.withInterceptedStreams(EngineExecutionOrchestrator.java:142)
	at org.junit.platform.launcher.core.EngineExecutionOrchestrator.execute(EngineExecutionOrchestrator.java:58)
	at org.junit.platform.launcher.core.DefaultLauncher.execute(DefaultLauncher.java:103)
	at org.junit.platform.launcher.core.DefaultLauncher.execute(DefaultLauncher.java:85)
	at org.junit.platform.launcher.core.DelegatingLauncher.execute(DelegatingLauncher.java:47)
	at org.junit.platform.launcher.core.InterceptingLauncher.lambda$execute$1(InterceptingLauncher.java:39)
	at org.junit.platform.launcher.core.ClasspathAlignmentCheckingLauncherInterceptor.intercept(ClasspathAlignmentCheckingLauncherInterceptor.java:25)
	at org.junit.platform.launcher.core.InterceptingLauncher.execute(InterceptingLauncher.java:38)
	at org.junit.platform.launcher.core.DelegatingLauncher.execute(DelegatingLauncher.java:47)
	at org.apache.maven.surefire.junitplatform.LazyLauncher.execute(LazyLauncher.java:56)
	at org.apache.maven.surefire.junitplatform.JUnitPlatformProvider.invokeAllTests(JUnitPlatformProvider.java:162)
	at org.apache.maven.surefire.junitplatform.JUnitPlatformProvider.invoke(JUnitPlatformProvider.java:120)
	at org.apache.maven.surefire.booter.ForkedBooter.runSuitesInProcess(ForkedBooter.java:385)
	at org.apache.maven.surefire.booter.ForkedBooter.execute(ForkedBooter.java:162)
	at org.apache.maven.surefire.booter.ForkedBooter.run(ForkedBooter.java:507)
	at org.apache.maven.surefire.booter.ForkedBooter.main(ForkedBooter.java:495)
2025-05-12 13:59:41,577 [main] INFO  keys.KeyStorage (KeyStorage.java:storePublicKey(210)) - Storing public key to /tmp/junit-13173100214457647765/scm-meta/scm/ca/keys/public.pem.
2025-05-12 13:59:41,578 [main] INFO  keys.KeyStorage (KeyStorage.java:storePrivateKey(194)) - Storing private key to /tmp/junit-13173100214457647765/scm-meta/scm/ca/keys/private.pem.
2025-05-12 13:59:41,578 [main] INFO  ozone.OzoneSecurityUtil (OzoneSecurityUtil.java:getValidInetsForCurrentHost(116)) - ip:fe80:0:0:0:6245:bdff:fe33:754b%eth0 not returned.
2025-05-12 13:59:41,582 [main] INFO  ozone.OzoneSecurityUtil (OzoneSecurityUtil.java:getValidInetsForCurrentHost(113)) - Adding ip:10.1.1.103,host:10.1.1.103
2025-05-12 13:59:41,582 [main] INFO  ozone.OzoneSecurityUtil (OzoneSecurityUtil.java:getValidInetsForCurrentHost(116)) - ip:0:0:0:0:0:0:0:1%lo not returned.
2025-05-12 13:59:41,582 [main] INFO  ozone.OzoneSecurityUtil (OzoneSecurityUtil.java:getValidInetsForCurrentHost(116)) - ip:127.0.0.1 not returned.
2025-05-12 13:59:41,585 [main] ERROR utils.SelfSignedCertificate (SelfSignedCertificate.java:lambda$addInetAddresses$0(244)) - Invalid domain 10.1.1.103
2025-05-12 13:59:41,589 [main] INFO  utils.SelfSignedCertificate (SelfSignedCertificate.java:generateCertificate(156)) - Certificate 1 is issued by SERIALNUMBER=1, O=053f45b1-f340-4382-b714-5dc8f4242b56, OU=831a0b19-ad36-4c5b-8a54-d42644b67846, CN=scm@pkrvmberfyhpb9w to SERIALNUMBER=1, O=053f45b1-f340-4382-b714-5dc8f4242b56, OU=831a0b19-ad36-4c5b-8a54-d42644b67846, CN=scm@pkrvmberfyhpb9w, valid from Mon May 12 13:59:41 UTC 2025 to Thu Jun 20 13:59:41 UTC 2030
2025-05-12 13:59:41,590 [main] INFO  utils.CertificateCodec (CertificateCodec.java:writeCertificate(239)) - Save certificate to /tmp/junit-13173100214457647765/scm-meta/scm/ca/certs/certificate.crt
2025-05-12 13:59:41,590 [main] INFO  utils.CertificateCodec (CertificateCodec.java:writeCertificate(240)) - Certificate -----BEGIN CERTIFICATE-----
MIIDwTCCAqmgAwIBAgIBATANBgkqhkiG9w0BAQsFADCBiDEcMBoGA1UEAwwTc2Nt
QHBrcnZtYmVyZnlocGI5dzEtMCsGA1UECwwkODMxYTBiMTktYWQzNi00YzViLThh
NTQtZDQyNjQ0YjY3ODQ2MS0wKwYDVQQKDCQwNTNmNDViMS1mMzQwLTQzODItYjcx
NC01ZGM4ZjQyNDJiNTYxCjAIBgNVBAUTATEwHhcNMjUwNTEyMTM1OTQxWhcNMzAw
NjIwMTM1OTQxWjCBiDEcMBoGA1UEAwwTc2NtQHBrcnZtYmVyZnlocGI5dzEtMCsG
A1UECwwkODMxYTBiMTktYWQzNi00YzViLThhNTQtZDQyNjQ0YjY3ODQ2MS0wKwYD
VQQKDCQwNTNmNDViMS1mMzQwLTQzODItYjcxNC01ZGM4ZjQyNDJiNTYxCjAIBgNV
BAUTATEwggEiMA0GCSqGSIb3DQEBAQUAA4IBDwAwggEKAoIBAQCT/EJQTelpoHCa
/fjV61GcVTOl5yepvdNYsX/sHS9o3bQz5WijOZ0cF0FvYewQIQUtnaQy+PR47U4m
ksN+k5eUd1EPIm1D2f+SL+5fkoUXxbATZdQCus/hKh6QZEU/5lE50/Sf6HQqKd3l
jKioNHYAkKr20aJuUeyo4PDjtD1Uun1gwOCPVuje5A8kc7F2YWdZSKekDA6ez++H
zWoCD9BFvLk/aPsfdn56oKnhKXqIUrtl1ShIapMVWQJ6LxOmhOKwe/ta+vOcGbfa
Q4au4SomxHnu/8UJfoifw95q8qdw/h1uttuWfM0b0kIqIuOINOXCZ8ULvhXb1efv
lh5RkMI/AgMBAAGjNDAyMA8GA1UdEwEB/wQFMAMBAf8wDgYDVR0PAQH/BAQDAgEG
MA8GA1UdEQQIMAaHBAoBAWcwDQYJKoZIhvcNAQELBQADggEBAJMFE7twsyX2qEVX
0iiIs7toID1VdMlDW7B4OdxKdZK7GLAFJzKHfph6Zif+IzqsVz61S2uiXRGt8IZ4
awLhZM9IJUOOBkKoKuIvgA/knUP3biEjrHfl1s9NT8T0Sn/1+ToNG9FfUmAUgwNQ
yAgMHypCrwPJPASmaoeeP0O4fnt0FFAnjzeLhUQlUyI9wcKYa5OtEgO6Ehno6Zoq
J/lt3+i2a8F6k7j41vPsmWE4Ro0HbmZ+obO4F5pfGWguE6z4I9nNdXc93ATZ/ZBs
K6hRTGxT79sSTBMURVCiGb4CRGes5Cl/REF7hkZd9DNILOXjO4ix+0BYo8roOS0b
j7Nv4tU=
-----END CERTIFICATE-----

2025-05-12 13:59:41,590 [main] INFO  keys.KeyStorage (KeyStorage.java:readPublicKey(174)) - Reading public key from /tmp/junit-13173100214457647765/scm-meta/scm/ca/keys/public.pem.
2025-05-12 13:59:41,590 [main] INFO  keys.KeyStorage (KeyStorage.java:readPrivateKey(158)) - Reading private key from /tmp/junit-13173100214457647765/scm-meta/scm/ca/keys/private.pem.
2025-05-12 13:59:41,591 [main] INFO  client.SCMCertificateClient (SCMCertificateClient.java:configureCSRBuilder(141)) - Creating csr for SCM->hostName:pkrvmberfyhpb9w,scmId:831a0b19-ad36-4c5b-8a54-d42644b67846,clusterId:053f45b1-f340-4382-b714-5dc8f4242b56,subject:scm-sub@pkrvmberfyhpb9w
2025-05-12 13:59:41,591 [main] INFO  ozone.OzoneSecurityUtil (OzoneSecurityUtil.java:getValidInetsForCurrentHost(116)) - ip:fe80:0:0:0:6245:bdff:fe33:754b%eth0 not returned.
2025-05-12 13:59:41,594 [main] INFO  ozone.OzoneSecurityUtil (OzoneSecurityUtil.java:getValidInetsForCurrentHost(113)) - Adding ip:10.1.1.103,host:10.1.1.103
2025-05-12 13:59:41,594 [main] INFO  ozone.OzoneSecurityUtil (OzoneSecurityUtil.java:getValidInetsForCurrentHost(116)) - ip:0:0:0:0:0:0:0:1%lo not returned.
2025-05-12 13:59:41,594 [main] INFO  ozone.OzoneSecurityUtil (OzoneSecurityUtil.java:getValidInetsForCurrentHost(116)) - ip:127.0.0.1 not returned.
2025-05-12 13:59:41,597 [main] ERROR utils.CertificateSignRequest (CertificateSignRequest.java:lambda$addInetAddresses$0(316)) - Invalid domain 10.1.1.103
2025-05-12 13:59:41,599 [main] INFO  keys.KeyStorage (KeyStorage.java:readPrivateKey(158)) - Reading private key from /tmp/junit-13173100214457647765/scm-meta/scm/ca/keys/private.pem.
2025-05-12 13:59:41,601 [main] INFO  authority.DefaultApprover (DefaultApprover.java:sign(171)) - Extensions in CSR: 2.5.29.19, 2.5.29.15, 2.5.29.17
2025-05-12 13:59:41,601 [main] INFO  authority.DefaultApprover (DefaultApprover.java:sign(175)) - Extensions to add to the certificate if they present in CSR: 2.5.29.15, 2.5.29.17, 2.5.29.35, 2.5.29.37, 2.5.29.19, 1.3.6.1.5.5.7.1.12
2025-05-12 13:59:41,604 [main] INFO  utils.CertificateCodec (CertificateCodec.java:writeCertificate(239)) - Save certificate to /tmp/junit-13173100214457647765/scm-meta/scm/sub-ca/certs/CA-1.crt
2025-05-12 13:59:41,604 [main] INFO  utils.CertificateCodec (CertificateCodec.java:writeCertificate(240)) - Certificate -----BEGIN CERTIFICATE-----
MIIDwTCCAqmgAwIBAgIBATANBgkqhkiG9w0BAQsFADCBiDEcMBoGA1UEAwwTc2Nt
QHBrcnZtYmVyZnlocGI5dzEtMCsGA1UECwwkODMxYTBiMTktYWQzNi00YzViLThh
NTQtZDQyNjQ0YjY3ODQ2MS0wKwYDVQQKDCQwNTNmNDViMS1mMzQwLTQzODItYjcx
NC01ZGM4ZjQyNDJiNTYxCjAIBgNVBAUTATEwHhcNMjUwNTEyMTM1OTQxWhcNMzAw
NjIwMTM1OTQxWjCBiDEcMBoGA1UEAwwTc2NtQHBrcnZtYmVyZnlocGI5dzEtMCsG
A1UECwwkODMxYTBiMTktYWQzNi00YzViLThhNTQtZDQyNjQ0YjY3ODQ2MS0wKwYD
VQQKDCQwNTNmNDViMS1mMzQwLTQzODItYjcxNC01ZGM4ZjQyNDJiNTYxCjAIBgNV
BAUTATEwggEiMA0GCSqGSIb3DQEBAQUAA4IBDwAwggEKAoIBAQCT/EJQTelpoHCa
/fjV61GcVTOl5yepvdNYsX/sHS9o3bQz5WijOZ0cF0FvYewQIQUtnaQy+PR47U4m
ksN+k5eUd1EPIm1D2f+SL+5fkoUXxbATZdQCus/hKh6QZEU/5lE50/Sf6HQqKd3l
jKioNHYAkKr20aJuUeyo4PDjtD1Uun1gwOCPVuje5A8kc7F2YWdZSKekDA6ez++H
zWoCD9BFvLk/aPsfdn56oKnhKXqIUrtl1ShIapMVWQJ6LxOmhOKwe/ta+vOcGbfa
Q4au4SomxHnu/8UJfoifw95q8qdw/h1uttuWfM0b0kIqIuOINOXCZ8ULvhXb1efv
lh5RkMI/AgMBAAGjNDAyMA8GA1UdEwEB/wQFMAMBAf8wDgYDVR0PAQH/BAQDAgEG
MA8GA1UdEQQIMAaHBAoBAWcwDQYJKoZIhvcNAQELBQADggEBAJMFE7twsyX2qEVX
0iiIs7toID1VdMlDW7B4OdxKdZK7GLAFJzKHfph6Zif+IzqsVz61S2uiXRGt8IZ4
awLhZM9IJUOOBkKoKuIvgA/knUP3biEjrHfl1s9NT8T0Sn/1+ToNG9FfUmAUgwNQ
yAgMHypCrwPJPASmaoeeP0O4fnt0FFAnjzeLhUQlUyI9wcKYa5OtEgO6Ehno6Zoq
J/lt3+i2a8F6k7j41vPsmWE4Ro0HbmZ+obO4F5pfGWguE6z4I9nNdXc93ATZ/ZBs
K6hRTGxT79sSTBMURVCiGb4CRGes5Cl/REF7hkZd9DNILOXjO4ix+0BYo8roOS0b
j7Nv4tU=
-----END CERTIFICATE-----

2025-05-12 13:59:41,605 [main] INFO  utils.CertificateCodec (CertificateCodec.java:writeCertificate(239)) - Save certificate to /tmp/junit-13173100214457647765/scm-meta/scm/sub-ca/certs/2.crt
2025-05-12 13:59:41,605 [main] INFO  utils.CertificateCodec (CertificateCodec.java:writeCertificate(240)) - Certificate -----BEGIN CERTIFICATE-----
MIIDxTCCAq2gAwIBAgIBAjANBgkqhkiG9w0BAQsFADCBiDEcMBoGA1UEAwwTc2Nt
QHBrcnZtYmVyZnlocGI5dzEtMCsGA1UECwwkODMxYTBiMTktYWQzNi00YzViLThh
NTQtZDQyNjQ0YjY3ODQ2MS0wKwYDVQQKDCQwNTNmNDViMS1mMzQwLTQzODItYjcx
NC01ZGM4ZjQyNDJiNTYxCjAIBgNVBAUTATEwHhcNMjUwNTEyMTM1OTQxWhcNMzAw
NjIwMTM1OTQxWjCBjDEgMB4GA1UEAwwXc2NtLXN1YkBwa3J2bWJlcmZ5aHBiOXcx
LTArBgNVBAsMJDgzMWEwYjE5LWFkMzYtNGM1Yi04YTU0LWQ0MjY0NGI2Nzg0NjEt
MCsGA1UECgwkMDUzZjQ1YjEtZjM0MC00MzgyLWI3MTQtNWRjOGY0MjQyYjU2MQow
CAYDVQQFEwEyMIIBIjANBgkqhkiG9w0BAQEFAAOCAQ8AMIIBCgKCAQEAusiSLnvZ
c6FW9VfhkC4YxNvffQhAYP7j015xezQ4gexE/o6juoS8I7kMELLMwn2903O6d7IT
fzFotjOUDjIPex26bSots/d39yVVqIJSxFHoOrhB5lWbUdj1hazSE/xn9RXQi1bg
bqmeKODqySa2w5/JSvdNkH3qe3vgI2tdcwGLJ9AELb4b4XiuXk+sIl5GeahMH+C7
UbNETni4hNpoh3UG7KRFEmijhL3grKxTS22WsRVUEHZM1mi0jbTkM7I6CrVIW3Xv
9kcVHZjk3LC8tl0HsO4fCZ8yOONtLkchArCwCxao/4I5uCbWBa7l+g8d2lZMsghc
25gwyT86ELVclQIDAQABozQwMjAOBgNVHQ8BAf8EBAMCAb4wDwYDVR0RBAgwBocE
CgEBZzAPBgNVHRMBAf8EBTADAQH/MA0GCSqGSIb3DQEBCwUAA4IBAQARz8Wh83pc
r/3XDTRfuWoz3bU8vswCVHWGnyfBH7l7XB9YvOXNYUobEU7G3xg935p/KsVJzgdL
/kc9vz7kAMq7Lka7zOQbHsRMSwDFMQeMA4//IvXoYAIzvgidaav5oYhyGyGX182g
CtjBLyfgFBLk/8ctuSR+iB75G3MgPfwbCkB0/Yi963TdOB4cxfw5YxuB/eSlFZH1
uAmAtL+hlKXAcawfYDELN//f9uvwRPx70c7S9aUlohqlotRAUJxCMsW9NGn8N2KV
oGPP+uYRqXdFJP9A94dewubo7+j2Dngc9KhLzO+9/RouQ9lL/qE9LOedZOuE7DwM
ZWvO1zKhvAZn
-----END CERTIFICATE-----

-----BEGIN CERTIFICATE-----
MIIDwTCCAqmgAwIBAgIBATANBgkqhkiG9w0BAQsFADCBiDEcMBoGA1UEAwwTc2Nt
QHBrcnZtYmVyZnlocGI5dzEtMCsGA1UECwwkODMxYTBiMTktYWQzNi00YzViLThh
NTQtZDQyNjQ0YjY3ODQ2MS0wKwYDVQQKDCQwNTNmNDViMS1mMzQwLTQzODItYjcx
NC01ZGM4ZjQyNDJiNTYxCjAIBgNVBAUTATEwHhcNMjUwNTEyMTM1OTQxWhcNMzAw
NjIwMTM1OTQxWjCBiDEcMBoGA1UEAwwTc2NtQHBrcnZtYmVyZnlocGI5dzEtMCsG
A1UECwwkODMxYTBiMTktYWQzNi00YzViLThhNTQtZDQyNjQ0YjY3ODQ2MS0wKwYD
VQQKDCQwNTNmNDViMS1mMzQwLTQzODItYjcxNC01ZGM4ZjQyNDJiNTYxCjAIBgNV
BAUTATEwggEiMA0GCSqGSIb3DQEBAQUAA4IBDwAwggEKAoIBAQCT/EJQTelpoHCa
/fjV61GcVTOl5yepvdNYsX/sHS9o3bQz5WijOZ0cF0FvYewQIQUtnaQy+PR47U4m
ksN+k5eUd1EPIm1D2f+SL+5fkoUXxbATZdQCus/hKh6QZEU/5lE50/Sf6HQqKd3l
jKioNHYAkKr20aJuUeyo4PDjtD1Uun1gwOCPVuje5A8kc7F2YWdZSKekDA6ez++H
zWoCD9BFvLk/aPsfdn56oKnhKXqIUrtl1ShIapMVWQJ6LxOmhOKwe/ta+vOcGbfa
Q4au4SomxHnu/8UJfoifw95q8qdw/h1uttuWfM0b0kIqIuOINOXCZ8ULvhXb1efv
lh5RkMI/AgMBAAGjNDAyMA8GA1UdEwEB/wQFMAMBAf8wDgYDVR0PAQH/BAQDAgEG
MA8GA1UdEQQIMAaHBAoBAWcwDQYJKoZIhvcNAQELBQADggEBAJMFE7twsyX2qEVX
0iiIs7toID1VdMlDW7B4OdxKdZK7GLAFJzKHfph6Zif+IzqsVz61S2uiXRGt8IZ4
awLhZM9IJUOOBkKoKuIvgA/knUP3biEjrHfl1s9NT8T0Sn/1+ToNG9FfUmAUgwNQ
yAgMHypCrwPJPASmaoeeP0O4fnt0FFAnjzeLhUQlUyI9wcKYa5OtEgO6Ehno6Zoq
J/lt3+i2a8F6k7j41vPsmWE4Ro0HbmZ+obO4F5pfGWguE6z4I9nNdXc93ATZ/ZBs
K6hRTGxT79sSTBMURVCiGb4CRGes5Cl/REF7hkZd9DNILOXjO4ix+0BYo8roOS0b
j7Nv4tU=
-----END CERTIFICATE-----

2025-05-12 13:59:41,605 [main] INFO  utils.CertificateCodec (CertificateCodec.java:writeCertificate(239)) - Save certificate to /tmp/junit-13173100214457647765/scm-meta/scm/sub-ca/certs/certificate.crt
2025-05-12 13:59:41,605 [main] INFO  utils.CertificateCodec (CertificateCodec.java:writeCertificate(240)) - Certificate -----BEGIN CERTIFICATE-----
MIIDxTCCAq2gAwIBAgIBAjANBgkqhkiG9w0BAQsFADCBiDEcMBoGA1UEAwwTc2Nt
QHBrcnZtYmVyZnlocGI5dzEtMCsGA1UECwwkODMxYTBiMTktYWQzNi00YzViLThh
NTQtZDQyNjQ0YjY3ODQ2MS0wKwYDVQQKDCQwNTNmNDViMS1mMzQwLTQzODItYjcx
NC01ZGM4ZjQyNDJiNTYxCjAIBgNVBAUTATEwHhcNMjUwNTEyMTM1OTQxWhcNMzAw
NjIwMTM1OTQxWjCBjDEgMB4GA1UEAwwXc2NtLXN1YkBwa3J2bWJlcmZ5aHBiOXcx
LTArBgNVBAsMJDgzMWEwYjE5LWFkMzYtNGM1Yi04YTU0LWQ0MjY0NGI2Nzg0NjEt
MCsGA1UECgwkMDUzZjQ1YjEtZjM0MC00MzgyLWI3MTQtNWRjOGY0MjQyYjU2MQow
CAYDVQQFEwEyMIIBIjANBgkqhkiG9w0BAQEFAAOCAQ8AMIIBCgKCAQEAusiSLnvZ
c6FW9VfhkC4YxNvffQhAYP7j015xezQ4gexE/o6juoS8I7kMELLMwn2903O6d7IT
fzFotjOUDjIPex26bSots/d39yVVqIJSxFHoOrhB5lWbUdj1hazSE/xn9RXQi1bg
bqmeKODqySa2w5/JSvdNkH3qe3vgI2tdcwGLJ9AELb4b4XiuXk+sIl5GeahMH+C7
UbNETni4hNpoh3UG7KRFEmijhL3grKxTS22WsRVUEHZM1mi0jbTkM7I6CrVIW3Xv
9kcVHZjk3LC8tl0HsO4fCZ8yOONtLkchArCwCxao/4I5uCbWBa7l+g8d2lZMsghc
25gwyT86ELVclQIDAQABozQwMjAOBgNVHQ8BAf8EBAMCAb4wDwYDVR0RBAgwBocE
CgEBZzAPBgNVHRMBAf8EBTADAQH/MA0GCSqGSIb3DQEBCwUAA4IBAQARz8Wh83pc
r/3XDTRfuWoz3bU8vswCVHWGnyfBH7l7XB9YvOXNYUobEU7G3xg935p/KsVJzgdL
/kc9vz7kAMq7Lka7zOQbHsRMSwDFMQeMA4//IvXoYAIzvgidaav5oYhyGyGX182g
CtjBLyfgFBLk/8ctuSR+iB75G3MgPfwbCkB0/Yi963TdOB4cxfw5YxuB/eSlFZH1
uAmAtL+hlKXAcawfYDELN//f9uvwRPx70c7S9aUlohqlotRAUJxCMsW9NGn8N2KV
oGPP+uYRqXdFJP9A94dewubo7+j2Dngc9KhLzO+9/RouQ9lL/qE9LOedZOuE7DwM
ZWvO1zKhvAZn
-----END CERTIFICATE-----

-----BEGIN CERTIFICATE-----
MIIDwTCCAqmgAwIBAgIBATANBgkqhkiG9w0BAQsFADCBiDEcMBoGA1UEAwwTc2Nt
QHBrcnZtYmVyZnlocGI5dzEtMCsGA1UECwwkODMxYTBiMTktYWQzNi00YzViLThh
NTQtZDQyNjQ0YjY3ODQ2MS0wKwYDVQQKDCQwNTNmNDViMS1mMzQwLTQzODItYjcx
NC01ZGM4ZjQyNDJiNTYxCjAIBgNVBAUTATEwHhcNMjUwNTEyMTM1OTQxWhcNMzAw
NjIwMTM1OTQxWjCBiDEcMBoGA1UEAwwTc2NtQHBrcnZtYmVyZnlocGI5dzEtMCsG
A1UECwwkODMxYTBiMTktYWQzNi00YzViLThhNTQtZDQyNjQ0YjY3ODQ2MS0wKwYD
VQQKDCQwNTNmNDViMS1mMzQwLTQzODItYjcxNC01ZGM4ZjQyNDJiNTYxCjAIBgNV
BAUTATEwggEiMA0GCSqGSIb3DQEBAQUAA4IBDwAwggEKAoIBAQCT/EJQTelpoHCa
/fjV61GcVTOl5yepvdNYsX/sHS9o3bQz5WijOZ0cF0FvYewQIQUtnaQy+PR47U4m
ksN+k5eUd1EPIm1D2f+SL+5fkoUXxbATZdQCus/hKh6QZEU/5lE50/Sf6HQqKd3l
jKioNHYAkKr20aJuUeyo4PDjtD1Uun1gwOCPVuje5A8kc7F2YWdZSKekDA6ez++H
zWoCD9BFvLk/aPsfdn56oKnhKXqIUrtl1ShIapMVWQJ6LxOmhOKwe/ta+vOcGbfa
Q4au4SomxHnu/8UJfoifw95q8qdw/h1uttuWfM0b0kIqIuOINOXCZ8ULvhXb1efv
lh5RkMI/AgMBAAGjNDAyMA8GA1UdEwEB/wQFMAMBAf8wDgYDVR0PAQH/BAQDAgEG
MA8GA1UdEQQIMAaHBAoBAWcwDQYJKoZIhvcNAQELBQADggEBAJMFE7twsyX2qEVX
0iiIs7toID1VdMlDW7B4OdxKdZK7GLAFJzKHfph6Zif+IzqsVz61S2uiXRGt8IZ4
awLhZM9IJUOOBkKoKuIvgA/knUP3biEjrHfl1s9NT8T0Sn/1+ToNG9FfUmAUgwNQ
yAgMHypCrwPJPASmaoeeP0O4fnt0FFAnjzeLhUQlUyI9wcKYa5OtEgO6Ehno6Zoq
J/lt3+i2a8F6k7j41vPsmWE4Ro0HbmZ+obO4F5pfGWguE6z4I9nNdXc93ATZ/ZBs
K6hRTGxT79sSTBMURVCiGb4CRGes5Cl/REF7hkZd9DNILOXjO4ix+0BYo8roOS0b
j7Nv4tU=
-----END CERTIFICATE-----

2025-05-12 13:59:41,605 [main] INFO  client.SCMCertificateClient (SCMCertificateClient.java:recoverStateIfNeeded(289)) - Successfully stored SCM signed certificate.
2025-05-12 13:59:41,607 [main] INFO  ha.SCMHANodeDetails (SCMHANodeDetails.java:loadSCMHAConfig(162)) - ServiceID for StorageContainerManager is null
2025-05-12 13:59:41,607 [main] INFO  ha.SCMHANodeDetails (SCMHANodeDetails.java:loadSCMHAConfig(166)) - ozone.scm.default.service.id is not defined, falling back to ozone.scm.service.ids to find serviceID for StorageContainerManager if it is HA enabled cluster
2025-05-12 13:59:41,608 [main] INFO  server.RaftServerConfigKeys (ConfUtils.java:logGet(46)) - raft.server.log.appender.buffer.byte-limit = 4194304 (custom)
2025-05-12 13:59:41,610 [main] INFO  server.RaftServer (ConfUtils.java:logGet(46)) - raft.rpc.type = GRPC (default)
2025-05-12 13:59:41,610 [main] INFO  grpc.GrpcConfigKeys (ConfUtils.java:logFallback(53)) - raft.grpc.admin.host = null (fallback to raft.grpc.server.host)
2025-05-12 13:59:41,610 [main] INFO  grpc.GrpcConfigKeys (ConfUtils.java:logFallback(53)) - raft.grpc.admin.port = 15032 (fallback to raft.grpc.server.port)
2025-05-12 13:59:41,610 [main] INFO  grpc.GrpcConfigKeys (ConfUtils.java:logFallback(53)) - raft.grpc.client.host = null (fallback to raft.grpc.server.host)
2025-05-12 13:59:41,610 [main] INFO  grpc.GrpcConfigKeys (ConfUtils.java:logFallback(53)) - raft.grpc.client.port = 15032 (fallback to raft.grpc.server.port)
2025-05-12 13:59:41,610 [main] INFO  grpc.GrpcConfigKeys (ConfUtils.java:logGet(46)) - raft.grpc.server.host = null (default)
2025-05-12 13:59:41,611 [main] INFO  grpc.GrpcConfigKeys (ConfUtils.java:logGet(46)) - raft.grpc.server.port = 15032 (custom)
2025-05-12 13:59:41,611 [main] INFO  server.GrpcService (ConfUtils.java:logGet(46)) - raft.grpc.message.size.max = 5242880 (custom)
2025-05-12 13:59:41,611 [main] INFO  server.GrpcService (ConfUtils.java:logGet(46)) - raft.grpc.flow.control.window = 1MB (=1048576) (default)
2025-05-12 13:59:41,611 [main] INFO  server.RaftServerConfigKeys (ConfUtils.java:logGet(46)) - raft.server.rpc.request.timeout = 30000ms (custom)
2025-05-12 13:59:41,611 [main] INFO  grpc.GrpcConfigKeys (ConfUtils.java:logGet(46)) - raft.grpc.server.heartbeat.channel = true (default)
2025-05-12 13:59:41,611 [main] INFO  server.RaftServerConfigKeys (ConfUtils.java:logGet(46)) - raft.server.log.appender.buffer.byte-limit = 4194304 (custom)
2025-05-12 13:59:41,611 [main] INFO  grpc.GrpcConfigKeys (ConfUtils.java:logGet(46)) - raft.grpc.server.async.request.thread.pool.cached = true (default)
2025-05-12 13:59:41,611 [main] INFO  grpc.GrpcConfigKeys (ConfUtils.java:logGet(46)) - raft.grpc.server.async.request.thread.pool.size = 32 (default)
2025-05-12 13:59:41,612 [main] INFO  impl.DataStreamServerImpl (ConfUtils.java:logGet(46)) - raft.datastream.type = DISABLED (default)
2025-05-12 13:59:41,612 [main] INFO  server.RaftServerConfigKeys (ConfUtils.java:logGet(46)) - raft.server.sleep.deviation.threshold = 300ms (default)
2025-05-12 13:59:41,612 [main] INFO  server.RaftServerConfigKeys (ConfUtils.java:logGet(46)) - raft.server.close.threshold = 60s (default)
2025-05-12 13:59:41,613 [main] INFO  server.RaftServerConfigKeys (ConfUtils.java:logGet(46)) - raft.server.leaderelection.leader.step-down.wait-time = 10s (default)
2025-05-12 13:59:41,613 [main] INFO  server.RaftServerConfigKeys (ConfUtils.java:logGet(46)) - raft.server.storage.dir = [/tmp/junit-13173100214457647765/scm-meta/scm-ha] (custom)
2025-05-12 13:59:41,613 [main] INFO  server.RaftServerConfigKeys (ConfUtils.java:logGet(46)) - raft.server.threadpool.proxy.cached = true (default)
2025-05-12 13:59:41,613 [main] INFO  server.RaftServerConfigKeys (ConfUtils.java:logGet(46)) - raft.server.threadpool.proxy.size = 0 (default)
2025-05-12 13:59:41,613 [main] INFO  server.RaftServer (RaftServerProxy.java:addNew(100)) - 831a0b19-ad36-4c5b-8a54-d42644b67846: addNew group-5DC8F4242B56:[831a0b19-ad36-4c5b-8a54-d42644b67846|pkrvmberfyhpb9w:15032] returns group-5DC8F4242B56:java.util.concurrent.CompletableFuture@4c47e5ec[Not completed]
2025-05-12 13:59:41,614 [831a0b19-ad36-4c5b-8a54-d42644b67846-groupManagement] INFO  server.RaftServer$Division (RaftServerImpl.java:<init>(255)) - 831a0b19-ad36-4c5b-8a54-d42644b67846: new RaftServerImpl for group-5DC8F4242B56:[831a0b19-ad36-4c5b-8a54-d42644b67846|pkrvmberfyhpb9w:15032] with SCMStateMachine:uninitialized
2025-05-12 13:59:41,614 [831a0b19-ad36-4c5b-8a54-d42644b67846-groupManagement] INFO  server.RaftServerConfigKeys (ConfUtils.java:logGet(46)) - raft.server.rpc.timeout.min = 5000ms (custom)
2025-05-12 13:59:41,614 [831a0b19-ad36-4c5b-8a54-d42644b67846-groupManagement] INFO  server.RaftServerConfigKeys (ConfUtils.java:logGet(46)) - raft.server.rpc.timeout.max = 5200ms (custom)
2025-05-12 13:59:41,614 [831a0b19-ad36-4c5b-8a54-d42644b67846-groupManagement] INFO  server.RaftServerConfigKeys (ConfUtils.java:logGet(46)) - raft.server.rpc.sleep.time = 25ms (default)
2025-05-12 13:59:41,614 [831a0b19-ad36-4c5b-8a54-d42644b67846-groupManagement] INFO  server.RaftServerConfigKeys (ConfUtils.java:logGet(46)) - raft.server.rpc.slowness.timeout = 120000ms (custom)
2025-05-12 13:59:41,614 [831a0b19-ad36-4c5b-8a54-d42644b67846-groupManagement] INFO  server.RaftServerConfigKeys (ConfUtils.java:logGet(46)) - raft.server.leaderelection.leader.step-down.wait-time = 10s (default)
2025-05-12 13:59:41,614 [831a0b19-ad36-4c5b-8a54-d42644b67846-groupManagement] INFO  server.RaftServerConfigKeys (ConfUtils.java:logGet(46)) - raft.server.leaderelection.member.majority-add = false (default)
2025-05-12 13:59:41,614 [831a0b19-ad36-4c5b-8a54-d42644b67846-groupManagement] INFO  server.RaftServerConfigKeys (ConfUtils.java:logGet(46)) - raft.server.sleep.deviation.threshold = 300ms (default)
2025-05-12 13:59:41,614 [831a0b19-ad36-4c5b-8a54-d42644b67846-groupManagement] INFO  server.RaftServer$Division (ServerState.java:<init>(114)) - 831a0b19-ad36-4c5b-8a54-d42644b67846@group-5DC8F4242B56: ConfigurationManager, init=conf: {index: -1, cur=peers:[831a0b19-ad36-4c5b-8a54-d42644b67846|pkrvmberfyhpb9w:15032]|listeners:[], old=null}, confs=<EMPTY_MAP>
2025-05-12 13:59:41,614 [831a0b19-ad36-4c5b-8a54-d42644b67846-groupManagement] INFO  server.RaftServerConfigKeys (ConfUtils.java:logGet(46)) - raft.server.notification.no-leader.timeout = 60s (default)
2025-05-12 13:59:41,614 [831a0b19-ad36-4c5b-8a54-d42644b67846-groupManagement] INFO  server.RaftServerConfigKeys (ConfUtils.java:logGet(46)) - raft.server.read.timeout = 10s (default)
2025-05-12 13:59:41,614 [831a0b19-ad36-4c5b-8a54-d42644b67846-groupManagement] INFO  server.RaftServerConfigKeys (ConfUtils.java:logGet(46)) - raft.server.retrycache.expirytime = 60000ms (default)
2025-05-12 13:59:41,614 [831a0b19-ad36-4c5b-8a54-d42644b67846-groupManagement] INFO  server.RaftServerConfigKeys (ConfUtils.java:logGet(46)) - raft.server.retrycache.statistics.expirytime = 100ms (default)
2025-05-12 13:59:41,614 [831a0b19-ad36-4c5b-8a54-d42644b67846-groupManagement] INFO  server.RaftServerConfigKeys (ConfUtils.java:logGet(46)) - raft.server.read.option = DEFAULT (default)
2025-05-12 13:59:41,615 [831a0b19-ad36-4c5b-8a54-d42644b67846-groupManagement] INFO  server.RaftServerConfigKeys (ConfUtils.java:logGet(46)) - raft.server.read.read-after-write-consistent.write-index-cache.expiry-time = 60s (default)
2025-05-12 13:59:41,617 [831a0b19-ad36-4c5b-8a54-d42644b67846-groupManagement] INFO  server.RaftServerConfigKeys (ConfUtils.java:logGet(46)) - raft.server.rpc.request.timeout = 30000ms (custom)
2025-05-12 13:59:41,617 [831a0b19-ad36-4c5b-8a54-d42644b67846-groupManagement] INFO  server.RaftServerConfigKeys (ConfUtils.java:logGet(46)) - raft.server.log.appender.install.snapshot.enabled = false (custom)
2025-05-12 13:59:41,617 [831a0b19-ad36-4c5b-8a54-d42644b67846-groupManagement] INFO  server.RaftServerConfigKeys (ConfUtils.java:logGet(46)) - raft.server.threadpool.server.cached = true (default)
2025-05-12 13:59:41,617 [831a0b19-ad36-4c5b-8a54-d42644b67846-groupManagement] INFO  server.RaftServerConfigKeys (ConfUtils.java:logGet(46)) - raft.server.threadpool.server.size = 0 (default)
2025-05-12 13:59:41,617 [831a0b19-ad36-4c5b-8a54-d42644b67846-groupManagement] INFO  server.RaftServerConfigKeys (ConfUtils.java:logGet(46)) - raft.server.threadpool.client.cached = true (default)
2025-05-12 13:59:41,617 [831a0b19-ad36-4c5b-8a54-d42644b67846-groupManagement] INFO  server.RaftServerConfigKeys (ConfUtils.java:logGet(46)) - raft.server.threadpool.client.size = 0 (default)
2025-05-12 13:59:41,617 [831a0b19-ad36-4c5b-8a54-d42644b67846-impl-thread1] INFO  server.RaftServerConfigKeys (ConfUtils.java:logGet(46)) - raft.server.storage.free-space.min = 0MB (=0) (default)
2025-05-12 13:59:41,618 [831a0b19-ad36-4c5b-8a54-d42644b67846-impl-thread1] INFO  server.RaftServerConfigKeys (ConfUtils.java:logGet(46)) - raft.server.log.corruption.policy = EXCEPTION (default)
2025-05-12 13:59:41,618 [831a0b19-ad36-4c5b-8a54-d42644b67846-impl-thread1] INFO  server.RaftServerConfigKeys (ConfUtils.java:logGet(46)) - raft.server.storage.dir = [/tmp/junit-13173100214457647765/scm-meta/scm-ha] (custom)
2025-05-12 13:59:41,618 [831a0b19-ad36-4c5b-8a54-d42644b67846-impl-thread1] INFO  storage.RaftStorageDirectory (RaftStorageDirectoryImpl.java:analyzeStorage(138)) - The storage directory /tmp/junit-13173100214457647765/scm-meta/scm-ha/053f45b1-f340-4382-b714-5dc8f4242b56 does not exist. Creating ...
2025-05-12 13:59:41,619 [831a0b19-ad36-4c5b-8a54-d42644b67846-impl-thread1] INFO  storage.RaftStorageDirectory (RaftStorageDirectoryImpl.java:tryLock(229)) - Lock on /tmp/junit-13173100214457647765/scm-meta/scm-ha/053f45b1-f340-4382-b714-5dc8f4242b56/in_use.lock acquired by nodename 14437@pkrvmberfyhpb9w
2025-05-12 13:59:41,620 [831a0b19-ad36-4c5b-8a54-d42644b67846-impl-thread1] INFO  storage.RaftStorage (RaftStorageImpl.java:format(98)) - Storage directory /tmp/junit-13173100214457647765/scm-meta/scm-ha/053f45b1-f340-4382-b714-5dc8f4242b56 has been successfully formatted.
2025-05-12 13:59:41,620 [831a0b19-ad36-4c5b-8a54-d42644b67846-impl-thread1] INFO  ha.SCMStateMachine (SCMStateMachine.java:lambda$initialize$0(135)) - 831a0b19-ad36-4c5b-8a54-d42644b67846: initialize group-5DC8F4242B56
2025-05-12 13:59:41,620 [831a0b19-ad36-4c5b-8a54-d42644b67846-impl-thread1] INFO  server.RaftServerConfigKeys (ConfUtils.java:logGet(46)) - raft.server.log.use.memory = false (default)
2025-05-12 13:59:41,620 [831a0b19-ad36-4c5b-8a54-d42644b67846-impl-thread1] INFO  server.RaftServerConfigKeys (ConfUtils.java:logGet(46)) - raft.server.log.purge.gap = 1000000 (custom)
2025-05-12 13:59:41,620 [831a0b19-ad36-4c5b-8a54-d42644b67846-impl-thread1] INFO  server.RaftServerConfigKeys (ConfUtils.java:logGet(46)) - raft.server.log.appender.buffer.byte-limit = 4194304 (custom)
2025-05-12 13:59:41,620 [831a0b19-ad36-4c5b-8a54-d42644b67846-impl-thread1] INFO  server.RaftServerConfigKeys (ConfUtils.java:logGet(46)) - raft.server.log.statemachine.data.read.timeout = 1000ms (default)
2025-05-12 13:59:41,620 [831a0b19-ad36-4c5b-8a54-d42644b67846-impl-thread1] INFO  server.RaftServerConfigKeys (ConfUtils.java:logGet(46)) - raft.server.log.purge.preservation.log.num = 0 (default)
2025-05-12 13:59:41,622 [831a0b19-ad36-4c5b-8a54-d42644b67846-impl-thread1] INFO  server.RaftServerConfigKeys (ConfUtils.java:logGet(46)) - raft.server.log.segment.size.max = 4194304 (custom)
2025-05-12 13:59:41,622 [831a0b19-ad36-4c5b-8a54-d42644b67846-impl-thread1] INFO  server.RaftServerConfigKeys (ConfUtils.java:logGet(46)) - raft.server.log.segment.cache.num.max = 2 (custom)
2025-05-12 13:59:41,622 [831a0b19-ad36-4c5b-8a54-d42644b67846-impl-thread1] INFO  server.RaftServerConfigKeys (ConfUtils.java:logGet(46)) - raft.server.log.segment.cache.size.max = 200MB (=209715200) (default)
2025-05-12 13:59:41,622 [831a0b19-ad36-4c5b-8a54-d42644b67846-impl-thread1] INFO  server.RaftServerConfigKeys (ConfUtils.java:logGet(46)) - raft.server.log.appender.buffer.byte-limit = 4194304 (custom)
2025-05-12 13:59:41,622 [831a0b19-ad36-4c5b-8a54-d42644b67846-impl-thread1] INFO  util.AwaitToRun (AwaitToRun.java:start(81)) - Thread[#1310,831a0b19-ad36-4c5b-8a54-d42644b67846@group-5DC8F4242B56-cacheEviction-AwaitToRun,5,main] started
2025-05-12 13:59:41,622 [831a0b19-ad36-4c5b-8a54-d42644b67846-impl-thread1] INFO  segmented.SegmentedRaftLogWorker (SegmentedRaftLogWorker.java:<init>(188)) - new 831a0b19-ad36-4c5b-8a54-d42644b67846@group-5DC8F4242B56-SegmentedRaftLogWorker for RaftStorageImpl:Storage Directory /tmp/junit-13173100214457647765/scm-meta/scm-ha/053f45b1-f340-4382-b714-5dc8f4242b56
2025-05-12 13:59:41,622 [831a0b19-ad36-4c5b-8a54-d42644b67846-impl-thread1] INFO  server.RaftServerConfigKeys (ConfUtils.java:logGet(46)) - raft.server.log.queue.byte-limit = 64MB (=67108864) (default)
2025-05-12 13:59:41,622 [831a0b19-ad36-4c5b-8a54-d42644b67846-impl-thread1] INFO  server.RaftServerConfigKeys (ConfUtils.java:logGet(46)) - raft.server.log.queue.element-limit = 4096 (default)
2025-05-12 13:59:41,622 [831a0b19-ad36-4c5b-8a54-d42644b67846-impl-thread1] INFO  server.RaftServerConfigKeys (ConfUtils.java:logGet(46)) - raft.server.log.segment.size.max = 4194304 (custom)
2025-05-12 13:59:41,622 [831a0b19-ad36-4c5b-8a54-d42644b67846-impl-thread1] INFO  server.RaftServerConfigKeys (ConfUtils.java:logGet(46)) - raft.server.log.preallocated.size = 4194304 (custom)
2025-05-12 13:59:41,623 [831a0b19-ad36-4c5b-8a54-d42644b67846-impl-thread1] INFO  server.RaftServerConfigKeys (ConfUtils.java:logGet(46)) - raft.server.log.force.sync.num = 128 (default)
2025-05-12 13:59:41,623 [831a0b19-ad36-4c5b-8a54-d42644b67846-impl-thread1] INFO  server.RaftServerConfigKeys (ConfUtils.java:logGet(46)) - raft.server.log.statemachine.data.sync = true (default)
2025-05-12 13:59:41,623 [831a0b19-ad36-4c5b-8a54-d42644b67846-impl-thread1] INFO  server.RaftServerConfigKeys (ConfUtils.java:logGet(46)) - raft.server.log.statemachine.data.sync.timeout = 10s (default)
2025-05-12 13:59:41,623 [831a0b19-ad36-4c5b-8a54-d42644b67846-impl-thread1] INFO  server.RaftServerConfigKeys (ConfUtils.java:logGet(46)) - raft.server.log.statemachine.data.sync.timeout.retry = -1 (default)
2025-05-12 13:59:41,623 [831a0b19-ad36-4c5b-8a54-d42644b67846-impl-thread1] INFO  server.RaftServerConfigKeys (ConfUtils.java:logGet(46)) - raft.server.log.write.buffer.size = 4194312 (custom)
2025-05-12 13:59:41,623 [831a0b19-ad36-4c5b-8a54-d42644b67846-impl-thread1] INFO  server.RaftServerConfigKeys (ConfUtils.java:logGet(46)) - raft.server.log.appender.buffer.byte-limit = 4194304 (custom)
2025-05-12 13:59:41,623 [831a0b19-ad36-4c5b-8a54-d42644b67846-impl-thread1] INFO  server.RaftServerConfigKeys (ConfUtils.java:logGet(46)) - raft.server.log.unsafe-flush.enabled = false (default)
2025-05-12 13:59:41,623 [831a0b19-ad36-4c5b-8a54-d42644b67846-impl-thread1] INFO  server.RaftServerConfigKeys (ConfUtils.java:logGet(46)) - raft.server.log.async-flush.enabled = false (default)
2025-05-12 13:59:41,623 [831a0b19-ad36-4c5b-8a54-d42644b67846-impl-thread1] INFO  server.RaftServerConfigKeys (ConfUtils.java:logGet(46)) - raft.server.log.statemachine.data.caching.enabled = false (default)
2025-05-12 13:59:41,624 [831a0b19-ad36-4c5b-8a54-d42644b67846-impl-thread1] INFO  segmented.SegmentedRaftLogWorker (SegmentedRaftLogWorker.java:lambda$new$0(139)) - 831a0b19-ad36-4c5b-8a54-d42644b67846@group-5DC8F4242B56-SegmentedRaftLogWorker: flushIndex: setUnconditionally 0 -> -1
2025-05-12 13:59:41,624 [831a0b19-ad36-4c5b-8a54-d42644b67846-impl-thread1] INFO  segmented.SegmentedRaftLogWorker (SegmentedRaftLogWorker.java:lambda$new$0(139)) - 831a0b19-ad36-4c5b-8a54-d42644b67846@group-5DC8F4242B56-SegmentedRaftLogWorker: safeCacheEvictIndex: setUnconditionally 0 -> -1
2025-05-12 13:59:41,624 [831a0b19-ad36-4c5b-8a54-d42644b67846-impl-thread1] INFO  server.RaftServer$Division (RaftServerImpl.java:start(391)) - 831a0b19-ad36-4c5b-8a54-d42644b67846@group-5DC8F4242B56: start as a follower, conf=conf: {index: -1, cur=peers:[831a0b19-ad36-4c5b-8a54-d42644b67846|pkrvmberfyhpb9w:15032]|listeners:[], old=null}
2025-05-12 13:59:41,624 [831a0b19-ad36-4c5b-8a54-d42644b67846-impl-thread1] INFO  server.RaftServer$Division (RaftServerImpl.java:setRole(378)) - 831a0b19-ad36-4c5b-8a54-d42644b67846@group-5DC8F4242B56: changes role from      null to FOLLOWER at term 0 for startAsFollower
2025-05-12 13:59:41,624 [831a0b19-ad36-4c5b-8a54-d42644b67846-impl-thread1] INFO  impl.RoleInfo (RoleInfo.java:updateAndGet(148)) - 831a0b19-ad36-4c5b-8a54-d42644b67846: start 831a0b19-ad36-4c5b-8a54-d42644b67846@group-5DC8F4242B56-FollowerState
2025-05-12 13:59:41,624 [831a0b19-ad36-4c5b-8a54-d42644b67846@group-5DC8F4242B56-FollowerState] INFO  server.RaftServerConfigKeys (ConfUtils.java:logFallback(53)) - raft.server.rpc.first-election.timeout.min = 5000ms (fallback to raft.server.rpc.timeout.min)
2025-05-12 13:59:41,624 [831a0b19-ad36-4c5b-8a54-d42644b67846@group-5DC8F4242B56-FollowerState] INFO  server.RaftServerConfigKeys (ConfUtils.java:logFallback(53)) - raft.server.rpc.first-election.timeout.max = 5200ms (fallback to raft.server.rpc.timeout.max)
2025-05-12 13:59:41,624 [831a0b19-ad36-4c5b-8a54-d42644b67846-impl-thread1] INFO  util.JmxRegister (JmxRegister.java:tryRegister(44)) - Successfully registered JMX Bean with object name Ratis:service=RaftServer,group=group-5DC8F4242B56,id=831a0b19-ad36-4c5b-8a54-d42644b67846
2025-05-12 13:59:41,625 [831a0b19-ad36-4c5b-8a54-d42644b67846-impl-thread1] INFO  util.JmxRegister (JmxRegister.java:register(58)) - register mxBean class org.apache.ratis.server.impl.RaftServerJmxAdapter as Ratis:service=RaftServer,group=group-5DC8F4242B56,id=831a0b19-ad36-4c5b-8a54-d42644b67846
2025-05-12 13:59:41,625 [831a0b19-ad36-4c5b-8a54-d42644b67846-impl-thread1] INFO  server.RaftServerConfigKeys (ConfUtils.java:logGet(46)) - raft.server.snapshot.trigger-when-stop.enabled = true (default)
2025-05-12 13:59:41,625 [831a0b19-ad36-4c5b-8a54-d42644b67846-impl-thread1] INFO  server.RaftServerConfigKeys (ConfUtils.java:logGet(46)) - raft.server.snapshot.trigger-when-remove.enabled = true (default)
2025-05-12 13:59:41,625 [831a0b19-ad36-4c5b-8a54-d42644b67846-impl-thread1] INFO  server.RaftServerConfigKeys (ConfUtils.java:logGet(46)) - raft.server.snapshot.auto.trigger.enabled = true (custom)
2025-05-12 13:59:41,625 [831a0b19-ad36-4c5b-8a54-d42644b67846-impl-thread1] INFO  server.RaftServerConfigKeys (ConfUtils.java:logGet(46)) - raft.server.snapshot.auto.trigger.threshold = 1000 (custom)
2025-05-12 13:59:41,625 [831a0b19-ad36-4c5b-8a54-d42644b67846-impl-thread1] INFO  server.RaftServerConfigKeys (ConfUtils.java:logGet(46)) - raft.server.snapshot.retention.file.num = -1 (default)
2025-05-12 13:59:41,625 [831a0b19-ad36-4c5b-8a54-d42644b67846-impl-thread1] INFO  server.RaftServerConfigKeys (ConfUtils.java:logGet(46)) - raft.server.log.purge.upto.snapshot.index = false (default)
2025-05-12 13:59:41,625 [831a0b19-ad36-4c5b-8a54-d42644b67846-impl-thread1] INFO  server.RaftServer$Division (RaftServerImpl.java:start(405)) - 831a0b19-ad36-4c5b-8a54-d42644b67846@group-5DC8F4242B56: Successfully started.
2025-05-12 13:59:41,626 [main] INFO  server.RaftServer (RaftServerProxy.java:startImpl(407)) - 831a0b19-ad36-4c5b-8a54-d42644b67846: start RPC server
2025-05-12 13:59:41,626 [main] INFO  server.GrpcService (GrpcService.java:startImpl(334)) - 831a0b19-ad36-4c5b-8a54-d42644b67846: GrpcService started, listening on 15032
2025-05-12 13:59:41,627 [JvmPauseMonitor8] INFO  util.JvmPauseMonitor (JvmPauseMonitor.java:run(146)) - JvmPauseMonitor-831a0b19-ad36-4c5b-8a54-d42644b67846: Started
2025-05-12 13:59:46,701 [831a0b19-ad36-4c5b-8a54-d42644b67846@group-5DC8F4242B56-FollowerState] INFO  impl.FollowerState (FollowerState.java:runImpl(161)) - 831a0b19-ad36-4c5b-8a54-d42644b67846@group-5DC8F4242B56-FollowerState: change to CANDIDATE, lastRpcElapsedTime:5076536082ns, electionTimeout:5076ms
2025-05-12 13:59:46,701 [831a0b19-ad36-4c5b-8a54-d42644b67846@group-5DC8F4242B56-FollowerState] INFO  impl.RoleInfo (RoleInfo.java:shutdownFollowerState(121)) - 831a0b19-ad36-4c5b-8a54-d42644b67846: shutdown 831a0b19-ad36-4c5b-8a54-d42644b67846@group-5DC8F4242B56-FollowerState
2025-05-12 13:59:46,701 [831a0b19-ad36-4c5b-8a54-d42644b67846@group-5DC8F4242B56-FollowerState] INFO  server.RaftServer$Division (RaftServerImpl.java:setRole(378)) - 831a0b19-ad36-4c5b-8a54-d42644b67846@group-5DC8F4242B56: changes role from  FOLLOWER to CANDIDATE at term 0 for changeToCandidate
2025-05-12 13:59:46,701 [831a0b19-ad36-4c5b-8a54-d42644b67846@group-5DC8F4242B56-FollowerState] INFO  server.RaftServerConfigKeys (ConfUtils.java:logGet(46)) - raft.server.leaderelection.pre-vote = true (default)
2025-05-12 13:59:46,701 [831a0b19-ad36-4c5b-8a54-d42644b67846@group-5DC8F4242B56-FollowerState] INFO  impl.RoleInfo (RoleInfo.java:updateAndGet(148)) - 831a0b19-ad36-4c5b-8a54-d42644b67846: start 831a0b19-ad36-4c5b-8a54-d42644b67846@group-5DC8F4242B56-LeaderElection5
2025-05-12 13:59:46,701 [831a0b19-ad36-4c5b-8a54-d42644b67846@group-5DC8F4242B56-LeaderElection5] INFO  impl.LeaderElection (LeaderElection.java:askForVotes(332)) - 831a0b19-ad36-4c5b-8a54-d42644b67846@group-5DC8F4242B56-LeaderElection5 PRE_VOTE round 0: submit vote requests at term 0 for conf: {index: -1, cur=peers:[831a0b19-ad36-4c5b-8a54-d42644b67846|pkrvmberfyhpb9w:15032]|listeners:[], old=null}
2025-05-12 13:59:46,701 [831a0b19-ad36-4c5b-8a54-d42644b67846@group-5DC8F4242B56-LeaderElection5] INFO  impl.LeaderElection (LeaderElection.java:askForVotes(334)) - 831a0b19-ad36-4c5b-8a54-d42644b67846@group-5DC8F4242B56-LeaderElection5 PRE_VOTE round 0: result PASSED (term=0)
2025-05-12 13:59:46,703 [831a0b19-ad36-4c5b-8a54-d42644b67846@group-5DC8F4242B56-LeaderElection5] INFO  impl.LeaderElection (LeaderElection.java:askForVotes(332)) - 831a0b19-ad36-4c5b-8a54-d42644b67846@group-5DC8F4242B56-LeaderElection5 ELECTION round 0: submit vote requests at term 1 for conf: {index: -1, cur=peers:[831a0b19-ad36-4c5b-8a54-d42644b67846|pkrvmberfyhpb9w:15032]|listeners:[], old=null}
2025-05-12 13:59:46,703 [831a0b19-ad36-4c5b-8a54-d42644b67846@group-5DC8F4242B56-LeaderElection5] INFO  impl.LeaderElection (LeaderElection.java:askForVotes(334)) - 831a0b19-ad36-4c5b-8a54-d42644b67846@group-5DC8F4242B56-LeaderElection5 ELECTION round 0: result PASSED (term=1)
2025-05-12 13:59:46,703 [831a0b19-ad36-4c5b-8a54-d42644b67846@group-5DC8F4242B56-LeaderElection5] INFO  impl.RoleInfo (RoleInfo.java:shutdownLeaderElection(141)) - 831a0b19-ad36-4c5b-8a54-d42644b67846: shutdown 831a0b19-ad36-4c5b-8a54-d42644b67846@group-5DC8F4242B56-LeaderElection5
2025-05-12 13:59:46,703 [831a0b19-ad36-4c5b-8a54-d42644b67846@group-5DC8F4242B56-LeaderElection5] INFO  server.RaftServer$Division (RaftServerImpl.java:setRole(378)) - 831a0b19-ad36-4c5b-8a54-d42644b67846@group-5DC8F4242B56: changes role from CANDIDATE to LEADER at term 1 for changeToLeader
2025-05-12 13:59:46,703 [831a0b19-ad36-4c5b-8a54-d42644b67846@group-5DC8F4242B56-LeaderElection5] INFO  server.RaftServerConfigKeys (ConfUtils.java:logGet(46)) - raft.server.staging.catchup.gap = 1000 (default)
2025-05-12 13:59:46,703 [831a0b19-ad36-4c5b-8a54-d42644b67846@group-5DC8F4242B56-LeaderElection5] INFO  server.RaftServerConfigKeys (ConfUtils.java:logGet(46)) - raft.server.write.element-limit = 4096 (default)
2025-05-12 13:59:46,703 [831a0b19-ad36-4c5b-8a54-d42644b67846@group-5DC8F4242B56-LeaderElection5] INFO  server.RaftServerConfigKeys (ConfUtils.java:logGet(46)) - raft.server.write.byte-limit = 64MB (=67108864) (default)
2025-05-12 13:59:46,703 [831a0b19-ad36-4c5b-8a54-d42644b67846@group-5DC8F4242B56-LeaderElection5] INFO  server.RaftServerConfigKeys (ConfUtils.java:logGet(46)) - raft.server.watch.timeout = 10s (default)
2025-05-12 13:59:46,704 [831a0b19-ad36-4c5b-8a54-d42644b67846@group-5DC8F4242B56-LeaderElection5] INFO  server.RaftServerConfigKeys (ConfUtils.java:logGet(46)) - raft.server.watch.timeout.denomination = 1s (default)
2025-05-12 13:59:46,704 [831a0b19-ad36-4c5b-8a54-d42644b67846@group-5DC8F4242B56-LeaderElection5] INFO  server.RaftServerConfigKeys (ConfUtils.java:logGet(46)) - raft.server.watch.element-limit = 65536 (default)
2025-05-12 13:59:46,704 [831a0b19-ad36-4c5b-8a54-d42644b67846@group-5DC8F4242B56-LeaderElection5] INFO  server.RaftServerConfigKeys (ConfUtils.java:logGet(46)) - raft.server.read.leader.lease.enabled = false (default)
2025-05-12 13:59:46,704 [831a0b19-ad36-4c5b-8a54-d42644b67846@group-5DC8F4242B56-LeaderElection5] INFO  server.RaftServerConfigKeys (ConfUtils.java:logGet(46)) - raft.server.read.leader.lease.timeout.ratio = 0.9 (default)
2025-05-12 13:59:46,704 [831a0b19-ad36-4c5b-8a54-d42644b67846@group-5DC8F4242B56-LeaderElection5] INFO  server.RaftServerConfigKeys (ConfUtils.java:logGet(46)) - raft.server.rpc.timeout.min = 5000ms (custom)
2025-05-12 13:59:46,704 [831a0b19-ad36-4c5b-8a54-d42644b67846@group-5DC8F4242B56-LeaderElection5] INFO  server.RaftServerConfigKeys (ConfUtils.java:logGet(46)) - raft.server.log.log-metadata.enabled = true (default)
2025-05-12 13:59:46,704 [831a0b19-ad36-4c5b-8a54-d42644b67846@group-5DC8F4242B56-LeaderElection5] INFO  server.RaftServerConfigKeys (ConfUtils.java:logGet(46)) - raft.server.write.element-limit = 4096 (default)
2025-05-12 13:59:46,704 [831a0b19-ad36-4c5b-8a54-d42644b67846@group-5DC8F4242B56-LeaderElection5] INFO  server.RaftServerConfigKeys (ConfUtils.java:logGet(46)) - raft.server.write.follower.gap.ratio.max = -1.0 (default)
2025-05-12 13:59:46,704 [831a0b19-ad36-4c5b-8a54-d42644b67846@group-5DC8F4242B56-LeaderElection5] INFO  impl.RoleInfo (RoleInfo.java:updateAndGet(148)) - 831a0b19-ad36-4c5b-8a54-d42644b67846: start 831a0b19-ad36-4c5b-8a54-d42644b67846@group-5DC8F4242B56-LeaderStateImpl
2025-05-12 13:59:46,704 [831a0b19-ad36-4c5b-8a54-d42644b67846@group-5DC8F4242B56-LeaderElection5] INFO  server.RaftServer$Division (RaftServerImpl.java:setFirstElection(562)) - 831a0b19-ad36-4c5b-8a54-d42644b67846@group-5DC8F4242B56: set firstElectionSinceStartup to false for becomeLeader
2025-05-12 13:59:46,705 [831a0b19-ad36-4c5b-8a54-d42644b67846@group-5DC8F4242B56-LeaderElection5] INFO  server.RaftServer$Division (ServerState.java:setLeader(272)) - 831a0b19-ad36-4c5b-8a54-d42644b67846@group-5DC8F4242B56: change Leader from null to 831a0b19-ad36-4c5b-8a54-d42644b67846 at term 1 for becomeLeader, leader elected after 5090ms
2025-05-12 13:59:46,705 [831a0b19-ad36-4c5b-8a54-d42644b67846@group-5DC8F4242B56-LeaderElection5] INFO  segmented.SegmentedRaftLogWorker (SegmentedRaftLogWorker.java:startLogSegment(438)) - 831a0b19-ad36-4c5b-8a54-d42644b67846@group-5DC8F4242B56-SegmentedRaftLogWorker: Starting segment from index:0
2025-05-12 13:59:46,705 [831a0b19-ad36-4c5b-8a54-d42644b67846@group-5DC8F4242B56-LeaderElection5] INFO  server.RaftServer$Division (ServerState.java:setRaftConf(386)) - 831a0b19-ad36-4c5b-8a54-d42644b67846@group-5DC8F4242B56: set configuration conf: {index: 0, cur=peers:[831a0b19-ad36-4c5b-8a54-d42644b67846|pkrvmberfyhpb9w:15032]|listeners:[], old=null}
2025-05-12 13:59:46,705 [831a0b19-ad36-4c5b-8a54-d42644b67846@group-5DC8F4242B56-SegmentedRaftLogWorker] INFO  segmented.BufferedWriteChannel (BufferedWriteChannel.java:open(61)) - open log_inprogress_0 at position 0
2025-05-12 13:59:46,711 [831a0b19-ad36-4c5b-8a54-d42644b67846@group-5DC8F4242B56-SegmentedRaftLogWorker] INFO  segmented.SegmentedRaftLogWorker (SegmentedRaftLogWorker.java:execute(644)) - 831a0b19-ad36-4c5b-8a54-d42644b67846@group-5DC8F4242B56-SegmentedRaftLogWorker: created new log segment /tmp/junit-13173100214457647765/scm-meta/scm-ha/053f45b1-f340-4382-b714-5dc8f4242b56/current/log_inprogress_0
2025-05-12 13:59:46,712 [831a0b19-ad36-4c5b-8a54-d42644b67846@group-5DC8F4242B56-StateMachineUpdater] INFO  server.RaftServer$Division (LeaderStateImpl.java:checkStartIndex(313)) - Leader 831a0b19-ad36-4c5b-8a54-d42644b67846@group-5DC8F4242B56-LeaderStateImpl is ready since appliedIndex == startIndex == 0
2025-05-12 13:59:47,627 [main] INFO  server.RaftServer (RaftServerProxy.java:lambda$close$9(417)) - 831a0b19-ad36-4c5b-8a54-d42644b67846: close
2025-05-12 13:59:47,627 [main] INFO  server.GrpcService (GrpcService.java:closeImpl(343)) - 831a0b19-ad36-4c5b-8a54-d42644b67846: shutdown server GrpcServerProtocolService now
2025-05-12 13:59:47,627 [831a0b19-ad36-4c5b-8a54-d42644b67846-impl-thread1] INFO  server.RaftServer$Division (RaftServerImpl.java:lambda$close$1(513)) - 831a0b19-ad36-4c5b-8a54-d42644b67846@group-5DC8F4242B56: shutdown
2025-05-12 13:59:47,627 [831a0b19-ad36-4c5b-8a54-d42644b67846-impl-thread1] INFO  util.JmxRegister (JmxRegister.java:unregister(74)) - Successfully un-registered JMX Bean with object name Ratis:service=RaftServer,group=group-5DC8F4242B56,id=831a0b19-ad36-4c5b-8a54-d42644b67846
2025-05-12 13:59:47,628 [831a0b19-ad36-4c5b-8a54-d42644b67846-impl-thread1] INFO  impl.RoleInfo (RoleInfo.java:shutdownLeaderState(103)) - 831a0b19-ad36-4c5b-8a54-d42644b67846: shutdown 831a0b19-ad36-4c5b-8a54-d42644b67846@group-5DC8F4242B56-LeaderStateImpl
2025-05-12 13:59:47,628 [831a0b19-ad36-4c5b-8a54-d42644b67846-impl-thread1] INFO  impl.PendingRequests (PendingRequests.java:sendNotLeaderResponses(287)) - 831a0b19-ad36-4c5b-8a54-d42644b67846@group-5DC8F4242B56-PendingRequests: sendNotLeaderResponses
2025-05-12 13:59:47,628 [main] INFO  server.GrpcService (GrpcService.java:closeImpl(352)) - 831a0b19-ad36-4c5b-8a54-d42644b67846: shutdown server GrpcServerProtocolService successfully
2025-05-12 13:59:47,629 [831a0b19-ad36-4c5b-8a54-d42644b67846-impl-thread1] INFO  impl.StateMachineUpdater (StateMachineUpdater.java:stopAndJoin(164)) - 831a0b19-ad36-4c5b-8a54-d42644b67846@group-5DC8F4242B56-StateMachineUpdater: set stopIndex = 0
2025-05-12 13:59:47,629 [831a0b19-ad36-4c5b-8a54-d42644b67846@group-5DC8F4242B56-StateMachineUpdater] INFO  impl.StateMachineUpdater (StateMachineUpdater.java:takeSnapshot(303)) - 831a0b19-ad36-4c5b-8a54-d42644b67846@group-5DC8F4242B56-StateMachineUpdater: Took a snapshot at index 0
2025-05-12 13:59:47,629 [831a0b19-ad36-4c5b-8a54-d42644b67846@group-5DC8F4242B56-StateMachineUpdater] INFO  impl.StateMachineUpdater (StateMachineUpdater.java:lambda$new$0(102)) - 831a0b19-ad36-4c5b-8a54-d42644b67846@group-5DC8F4242B56-StateMachineUpdater: snapshotIndex: updateIncreasingly -1 -> 0
2025-05-12 13:59:47,629 [831a0b19-ad36-4c5b-8a54-d42644b67846@group-5DC8F4242B56-StateMachineUpdater] INFO  impl.StateMachineUpdater (StateMachineUpdater.java:stop(141)) - 831a0b19-ad36-4c5b-8a54-d42644b67846@group-5DC8F4242B56-StateMachineUpdater: closing SCMStateMachine, lastApplied=(t:1, i:0)
2025-05-12 13:59:47,629 [831a0b19-ad36-4c5b-8a54-d42644b67846@group-5DC8F4242B56-cacheEviction-AwaitToRun] INFO  util.AwaitToRun (AwaitToRun.java:run(49)) - 831a0b19-ad36-4c5b-8a54-d42644b67846@group-5DC8F4242B56-cacheEviction-AwaitToRun-AwaitForSignal is interrupted
2025-05-12 13:59:47,713 [831a0b19-ad36-4c5b-8a54-d42644b67846-impl-thread1] INFO  segmented.SegmentedRaftLogWorker (SegmentedRaftLogWorker.java:close(252)) - 831a0b19-ad36-4c5b-8a54-d42644b67846@group-5DC8F4242B56-SegmentedRaftLogWorker close()
2025-05-12 13:59:47,713 [JvmPauseMonitor8] INFO  util.JvmPauseMonitor (JvmPauseMonitor.java:run(152)) - JvmPauseMonitor-831a0b19-ad36-4c5b-8a54-d42644b67846: Stopped
2025-05-12 13:59:47,713 [main] WARN  server.ServerUtils (ServerUtils.java:getScmDbDir(138)) - ozone.scm.db.dirs is not configured. We recommend adding this setting. Falling back to ozone.metadata.dirs instead.
2025-05-12 13:59:47,714 [main] INFO  ha.SCMHANodeDetails (SCMHANodeDetails.java:loadSCMHAConfig(162)) - ServiceID for StorageContainerManager is null
2025-05-12 13:59:47,714 [main] INFO  ha.SCMHANodeDetails (SCMHANodeDetails.java:loadSCMHAConfig(166)) - ozone.scm.default.service.id is not defined, falling back to ozone.scm.service.ids to find serviceID for StorageContainerManager if it is HA enabled cluster
2025-05-12 13:59:47,719 [pool-254-thread-1] INFO  request.KdcRequest (KdcRequest.java:preauth(683)) - The preauth data is empty.
2025-05-12 13:59:47,719 [pool-254-thread-1] INFO  server.KdcHandler (KdcHandler.java:handleRecoverableException(177)) - KRB error occurred while processing request: Additional pre-authentication required
2025-05-12 13:59:47,721 [pool-254-thread-1] INFO  request.AsRequest (AsRequest.java:issueTicket(112)) - AS_REQ ISSUE: authtime 1747058387721,om/pkrvmberfyhpb9w.internal.cloudapp.net@EXAMPLE.COM for krbtgt/EXAMPLE.COM@EXAMPLE.COM
2025-05-12 13:59:47,722 [main] INFO  security.UserGroupInformation (UserGroupInformation.java:loginUserFromKeytab(1143)) - Login successful for user om/pkrvmberfyhpb9w.internal.cloudapp.net@EXAMPLE.COM using keytab file om.keytab. Keytab auto renewal enabled : false
2025-05-12 13:59:47,723 [main] INFO  server.StorageContainerManager (StorageContainerManager.java:loginAsSCMUserIfSecurityEnabled(1062)) - SCM login successful.
2025-05-12 13:59:47,724 [main] INFO  proxy.SCMSecurityProtocolFailoverProxyProvider (SCMFailoverProxyProviderBase.java:<init>(120)) - Created fail-over proxy for protocol SCMSecurityProtocolPB with 1 nodes: [nodeId=scmNodeId,nodeAddress=localhost/127.0.0.1:15031]
2025-05-12 13:59:47,724 [main] INFO  client.SCMCertificateClient (DefaultCertificateClient.java:updateCertSerialId(1289)) - Certificate serial ID set to 2
2025-05-12 13:59:47,725 [main] INFO  client.SCMCertificateClient (DefaultCertificateClient.java:readCertificateFile(247)) - Added certificate 2 from file: /tmp/junit-13173100214457647765/scm-meta/scm/sub-ca/certs/2.crt.
2025-05-12 13:59:47,726 [main] INFO  client.SCMCertificateClient (DefaultCertificateClient.java:readCertificateFile(247)) - Added certificate 1 from file: /tmp/junit-13173100214457647765/scm-meta/scm/sub-ca/certs/CA-1.crt.
2025-05-12 13:59:47,727 [main] INFO  client.SCMCertificateClient (DefaultCertificateClient.java:readCertificateFile(247)) - Added certificate 2 from file: /tmp/junit-13173100214457647765/scm-meta/scm/sub-ca/certs/certificate.crt.
2025-05-12 13:59:47,727 [main] INFO  client.SCMCertificateClient (DefaultCertificateClient.java:loadAllCertificates(196)) - CertificateRenewerService and root ca rotation polling is disabled for scm/sub-ca
2025-05-12 13:59:47,727 [main] WARN  utils.HAUtils (HAUtils.java:getMetaDir(311)) - ozone.scm.db.dirs is not configured. We recommend adding this setting. Falling back to ozone.metadata.dirs instead.
2025-05-12 13:59:47,727 [main] WARN  db.DBStoreBuilder (DBStoreBuilder.java:getDBDirPath(160)) - ozone.scm.db.dirs is not configured. We recommend adding this setting. Falling back to ozone.metadata.dirs instead.
2025-05-12 13:59:47,779 [main] INFO  net.NodeSchemaLoader (NodeSchemaLoader.java:loadSchemaFromFile(128)) - Loading schema from [jar:file:/home/runner/work/ozone/ozone/hadoop-hdds/common/target/hdds-common-2.1.0-SNAPSHOT.jar!/network-topology-default.xml]
2025-05-12 13:59:47,779 [main] INFO  net.NodeSchemaLoader (NodeSchemaLoader.java:loadSchema(175)) - Loading network topology layer schema file
2025-05-12 13:59:47,795 [main] INFO  ha.SCMRatisServerImpl (SCMRatisServerImpl.java:<init>(100)) - starting Raft server for scm:831a0b19-ad36-4c5b-8a54-d42644b67846
2025-05-12 13:59:47,796 [main] INFO  server.RaftServerConfigKeys (ConfUtils.java:logGet(46)) - raft.server.log.appender.buffer.byte-limit = 4194304 (custom)
2025-05-12 13:59:47,797 [main] INFO  server.RaftServer (ConfUtils.java:logGet(46)) - raft.rpc.type = GRPC (default)
2025-05-12 13:59:47,797 [main] INFO  grpc.GrpcConfigKeys (ConfUtils.java:logFallback(53)) - raft.grpc.admin.host = null (fallback to raft.grpc.server.host)
2025-05-12 13:59:47,797 [main] INFO  grpc.GrpcConfigKeys (ConfUtils.java:logFallback(53)) - raft.grpc.admin.port = 15032 (fallback to raft.grpc.server.port)
2025-05-12 13:59:47,797 [main] INFO  grpc.GrpcConfigKeys (ConfUtils.java:logFallback(53)) - raft.grpc.client.host = null (fallback to raft.grpc.server.host)
2025-05-12 13:59:47,797 [main] INFO  grpc.GrpcConfigKeys (ConfUtils.java:logFallback(53)) - raft.grpc.client.port = 15032 (fallback to raft.grpc.server.port)
2025-05-12 13:59:47,798 [main] INFO  grpc.GrpcConfigKeys (ConfUtils.java:logGet(46)) - raft.grpc.server.host = null (default)
2025-05-12 13:59:47,798 [main] INFO  grpc.GrpcConfigKeys (ConfUtils.java:logGet(46)) - raft.grpc.server.port = 15032 (custom)
2025-05-12 13:59:47,798 [main] INFO  server.GrpcService (ConfUtils.java:logGet(46)) - raft.grpc.message.size.max = 5242880 (custom)
2025-05-12 13:59:47,798 [main] INFO  server.GrpcService (ConfUtils.java:logGet(46)) - raft.grpc.flow.control.window = 1MB (=1048576) (default)
2025-05-12 13:59:47,798 [main] INFO  server.RaftServerConfigKeys (ConfUtils.java:logGet(46)) - raft.server.rpc.request.timeout = 30000ms (custom)
2025-05-12 13:59:47,798 [main] INFO  grpc.GrpcConfigKeys (ConfUtils.java:logGet(46)) - raft.grpc.server.heartbeat.channel = true (default)
2025-05-12 13:59:47,798 [main] INFO  server.RaftServerConfigKeys (ConfUtils.java:logGet(46)) - raft.server.log.appender.buffer.byte-limit = 4194304 (custom)
2025-05-12 13:59:47,798 [main] INFO  grpc.GrpcConfigKeys (ConfUtils.java:logGet(46)) - raft.grpc.server.async.request.thread.pool.cached = true (default)
2025-05-12 13:59:47,798 [main] INFO  grpc.GrpcConfigKeys (ConfUtils.java:logGet(46)) - raft.grpc.server.async.request.thread.pool.size = 32 (default)
2025-05-12 13:59:47,799 [main] INFO  impl.DataStreamServerImpl (ConfUtils.java:logGet(46)) - raft.datastream.type = DISABLED (default)
2025-05-12 13:59:47,799 [main] INFO  server.RaftServerConfigKeys (ConfUtils.java:logGet(46)) - raft.server.sleep.deviation.threshold = 300ms (default)
2025-05-12 13:59:47,799 [main] INFO  server.RaftServerConfigKeys (ConfUtils.java:logGet(46)) - raft.server.close.threshold = 60s (default)
2025-05-12 13:59:47,800 [main] INFO  server.RaftServerConfigKeys (ConfUtils.java:logGet(46)) - raft.server.leaderelection.leader.step-down.wait-time = 10s (default)
2025-05-12 13:59:47,800 [main] INFO  server.RaftServerConfigKeys (ConfUtils.java:logGet(46)) - raft.server.storage.dir = [/tmp/junit-13173100214457647765/scm-meta/scm-ha] (custom)
2025-05-12 13:59:47,800 [main] INFO  server.RaftServerConfigKeys (ConfUtils.java:logGet(46)) - raft.server.threadpool.proxy.cached = true (default)
2025-05-12 13:59:47,800 [main] INFO  server.RaftServerConfigKeys (ConfUtils.java:logGet(46)) - raft.server.threadpool.proxy.size = 0 (default)
2025-05-12 13:59:47,800 [831a0b19-ad36-4c5b-8a54-d42644b67846-impl-thread1] INFO  server.RaftServer (RaftServerProxy.java:initGroupDir(265)) - 831a0b19-ad36-4c5b-8a54-d42644b67846: found a subdirectory /tmp/junit-13173100214457647765/scm-meta/scm-ha/053f45b1-f340-4382-b714-5dc8f4242b56
2025-05-12 13:59:47,801 [main] INFO  server.RaftServer (RaftServerProxy.java:addNew(100)) - 831a0b19-ad36-4c5b-8a54-d42644b67846: addNew group-5DC8F4242B56:[] returns group-5DC8F4242B56:java.util.concurrent.CompletableFuture@293cd1e8[Not completed]
2025-05-12 13:59:47,801 [831a0b19-ad36-4c5b-8a54-d42644b67846-groupManagement] INFO  server.RaftServer$Division (RaftServerImpl.java:<init>(255)) - 831a0b19-ad36-4c5b-8a54-d42644b67846: new RaftServerImpl for group-5DC8F4242B56:[] with SCMStateMachine:uninitialized
2025-05-12 13:59:47,801 [831a0b19-ad36-4c5b-8a54-d42644b67846-groupManagement] INFO  server.RaftServerConfigKeys (ConfUtils.java:logGet(46)) - raft.server.rpc.timeout.min = 5000ms (custom)
2025-05-12 13:59:47,801 [831a0b19-ad36-4c5b-8a54-d42644b67846-groupManagement] INFO  server.RaftServerConfigKeys (ConfUtils.java:logGet(46)) - raft.server.rpc.timeout.max = 5200ms (custom)
2025-05-12 13:59:47,801 [831a0b19-ad36-4c5b-8a54-d42644b67846-groupManagement] INFO  server.RaftServerConfigKeys (ConfUtils.java:logGet(46)) - raft.server.rpc.sleep.time = 25ms (default)
2025-05-12 13:59:47,801 [831a0b19-ad36-4c5b-8a54-d42644b67846-groupManagement] INFO  server.RaftServerConfigKeys (ConfUtils.java:logGet(46)) - raft.server.rpc.slowness.timeout = 120000ms (custom)
2025-05-12 13:59:47,801 [831a0b19-ad36-4c5b-8a54-d42644b67846-groupManagement] INFO  server.RaftServerConfigKeys (ConfUtils.java:logGet(46)) - raft.server.leaderelection.leader.step-down.wait-time = 10s (default)
2025-05-12 13:59:47,801 [831a0b19-ad36-4c5b-8a54-d42644b67846-groupManagement] INFO  server.RaftServerConfigKeys (ConfUtils.java:logGet(46)) - raft.server.leaderelection.member.majority-add = false (default)
2025-05-12 13:59:47,801 [831a0b19-ad36-4c5b-8a54-d42644b67846-groupManagement] INFO  server.RaftServerConfigKeys (ConfUtils.java:logGet(46)) - raft.server.sleep.deviation.threshold = 300ms (default)
2025-05-12 13:59:47,801 [831a0b19-ad36-4c5b-8a54-d42644b67846-groupManagement] INFO  server.RaftServer$Division (ServerState.java:<init>(114)) - 831a0b19-ad36-4c5b-8a54-d42644b67846@group-5DC8F4242B56: ConfigurationManager, init=conf: {index: -1, cur=peers:[]|listeners:[], old=null}, confs=<EMPTY_MAP>
2025-05-12 13:59:47,801 [831a0b19-ad36-4c5b-8a54-d42644b67846-groupManagement] INFO  server.RaftServerConfigKeys (ConfUtils.java:logGet(46)) - raft.server.notification.no-leader.timeout = 60s (default)
2025-05-12 13:59:47,801 [831a0b19-ad36-4c5b-8a54-d42644b67846-groupManagement] INFO  server.RaftServerConfigKeys (ConfUtils.java:logGet(46)) - raft.server.read.timeout = 10s (default)
2025-05-12 13:59:47,801 [831a0b19-ad36-4c5b-8a54-d42644b67846-groupManagement] INFO  server.RaftServerConfigKeys (ConfUtils.java:logGet(46)) - raft.server.retrycache.expirytime = 60000ms (default)
2025-05-12 13:59:47,802 [831a0b19-ad36-4c5b-8a54-d42644b67846-groupManagement] INFO  server.RaftServerConfigKeys (ConfUtils.java:logGet(46)) - raft.server.retrycache.statistics.expirytime = 100ms (default)
2025-05-12 13:59:47,802 [831a0b19-ad36-4c5b-8a54-d42644b67846-groupManagement] INFO  server.RaftServerConfigKeys (ConfUtils.java:logGet(46)) - raft.server.read.option = DEFAULT (default)
2025-05-12 13:59:47,802 [831a0b19-ad36-4c5b-8a54-d42644b67846-groupManagement] INFO  server.RaftServerConfigKeys (ConfUtils.java:logGet(46)) - raft.server.read.read-after-write-consistent.write-index-cache.expiry-time = 60s (default)
2025-05-12 13:59:47,804 [831a0b19-ad36-4c5b-8a54-d42644b67846-groupManagement] INFO  server.RaftServerConfigKeys (ConfUtils.java:logGet(46)) - raft.server.rpc.request.timeout = 30000ms (custom)
2025-05-12 13:59:47,804 [831a0b19-ad36-4c5b-8a54-d42644b67846-groupManagement] INFO  server.RaftServerConfigKeys (ConfUtils.java:logGet(46)) - raft.server.log.appender.install.snapshot.enabled = false (custom)
2025-05-12 13:59:47,804 [831a0b19-ad36-4c5b-8a54-d42644b67846-groupManagement] INFO  server.RaftServerConfigKeys (ConfUtils.java:logGet(46)) - raft.server.threadpool.server.cached = true (default)
2025-05-12 13:59:47,804 [831a0b19-ad36-4c5b-8a54-d42644b67846-groupManagement] INFO  server.RaftServerConfigKeys (ConfUtils.java:logGet(46)) - raft.server.threadpool.server.size = 0 (default)
2025-05-12 13:59:47,804 [831a0b19-ad36-4c5b-8a54-d42644b67846-groupManagement] INFO  server.RaftServerConfigKeys (ConfUtils.java:logGet(46)) - raft.server.threadpool.client.cached = true (default)
2025-05-12 13:59:47,804 [831a0b19-ad36-4c5b-8a54-d42644b67846-groupManagement] INFO  server.RaftServerConfigKeys (ConfUtils.java:logGet(46)) - raft.server.threadpool.client.size = 0 (default)
2025-05-12 13:59:47,804 [main] INFO  ha.SCMSnapshotProvider (SCMSnapshotProvider.java:<init>(61)) - Initializing SCM Snapshot Provider
2025-05-12 13:59:47,804 [main] WARN  server.ServerUtils (ServerUtils.java:getDefaultRatisDirectory(304)) - Storage directory for Ratis is not configured. It is a good idea to map this to an SSD disk. Falling back to ozone.metadata.dirs
2025-05-12 13:59:47,805 [main] WARN  ha.SCMHAUtils (SCMHAUtils.java:getSCMRatisSnapshotDirectory(120)) - SCM snapshot dir is not configured. Falling back to ozone.metadata.dirs config
2025-05-12 13:59:47,805 [main] INFO  upgrade.AbstractLayoutVersionManager (AbstractLayoutVersionManager.java:init(80)) - Initializing Layout version manager with metadata layout = HBASE_SUPPORT (version = 8), software layout = HBASE_SUPPORT (version = 8)
2025-05-12 13:59:47,807 [main] INFO  ha.SequenceIdGenerator (SequenceIdGenerator.java:upgradeToSequenceId(355)) - upgrade localId to 115816896921600000
2025-05-12 13:59:47,808 [main] INFO  ha.SequenceIdGenerator (SequenceIdGenerator.java:upgradeToSequenceId(365)) - upgrade delTxnId to 0
2025-05-12 13:59:47,808 [main] INFO  ha.SequenceIdGenerator (SequenceIdGenerator.java:upgradeToSequenceId(382)) - upgrade containerId to 0
2025-05-12 13:59:47,809 [main] INFO  ha.SequenceIdGenerator (SequenceIdGenerator.java:upgradeToCertificateSequenceId(419)) - upgrade CertificateId to 2
2025-05-12 13:59:47,809 [main] INFO  ha.SequenceIdGenerator (SequenceIdGenerator.java:<init>(232)) - Init the HA SequenceIdGenerator.
2025-05-12 13:59:47,810 [main] WARN  server.ServerUtils (ServerUtils.java:sanitizeUserArgs(76)) - ozone.scm.stale.node.interval value = 300000 is larger than max = 100000 based on the key value of ozone.scm.heartbeat.thread.interval, reset to the max value 100000.
2025-05-12 13:59:47,810 [main] WARN  server.ServerUtils (ServerUtils.java:sanitizeUserArgs(76)) - ozone.scm.stale.node.interval value = 300000 is larger than max = 100000 based on the key value of ozone.scm.heartbeat.thread.interval, reset to the max value 100000.
2025-05-12 13:59:47,810 [main] INFO  node.SCMNodeManager (SCMNodeManager.java:<init>(182)) - Entering startup safe mode.
2025-05-12 13:59:47,811 [main] INFO  algorithms.ContainerPlacementPolicyFactory (ContainerPlacementPolicyFactory.java:getPolicyInternal(84)) - Create container placement policy of type org.apache.hadoop.hdds.scm.container.placement.algorithms.SCMContainerPlacementRackAware
2025-05-12 13:59:47,811 [main] INFO  algorithms.ContainerPlacementPolicyFactory (ContainerPlacementPolicyFactory.java:getPolicyInternal(84)) - Create container placement policy of type org.apache.hadoop.hdds.scm.container.placement.algorithms.SCMContainerPlacementRackScatter
2025-05-12 13:59:47,812 [main] INFO  pipeline.PipelineStateManagerImpl (PipelineStateManagerImpl.java:initialize(75)) - No pipeline exists in current db
2025-05-12 13:59:47,812 [main] INFO  algorithms.LeaderChoosePolicyFactory (LeaderChoosePolicyFactory.java:getPolicy(55)) - Create leader choose policy of type org.apache.hadoop.hdds.scm.pipeline.leader.choose.algorithms.MinLeaderCountChoosePolicy
2025-05-12 13:59:47,812 [main] INFO  algorithms.ContainerPlacementPolicyFactory (ContainerPlacementPolicyFactory.java:getPolicyInternal(84)) - Create container placement policy of type org.apache.hadoop.hdds.scm.container.placement.algorithms.SCMContainerPlacementRackScatter
2025-05-12 13:59:47,813 [main] INFO  ha.SCMServiceManager (SCMServiceManager.java:register(42)) - Registering service BackgroundPipelineCreator.
2025-05-12 13:59:47,813 [main] INFO  pipeline.BackgroundPipelineCreator (BackgroundPipelineCreator.java:start(126)) - Starting RatisPipelineUtilsThread.
2025-05-12 13:59:47,813 [main] INFO  BackgroundPipelineScrubber (BackgroundSCMService.java:start(64)) - Starting BackgroundPipelineScrubber Service.
2025-05-12 13:59:47,814 [main] INFO  ha.SCMServiceManager (SCMServiceManager.java:register(42)) - Registering service BackgroundPipelineScrubber.
2025-05-12 13:59:47,814 [main] INFO  ExpiredContainerReplicaOpScrubber (BackgroundSCMService.java:start(64)) - Starting ExpiredContainerReplicaOpScrubber Service.
2025-05-12 13:59:47,814 [main] INFO  ha.SCMServiceManager (SCMServiceManager.java:register(42)) - Registering service ExpiredContainerReplicaOpScrubber.
2025-05-12 13:59:47,815 [main] INFO  algorithms.PipelineChoosePolicyFactory (PipelineChoosePolicyFactory.java:createPipelineChoosePolicyFromClass(78)) - Create pipeline choose policy of type org.apache.hadoop.hdds.scm.pipeline.choose.algorithms.RandomPipelineChoosePolicy
2025-05-12 13:59:47,815 [main] INFO  algorithms.PipelineChoosePolicyFactory (PipelineChoosePolicyFactory.java:createPipelineChoosePolicyFromClass(78)) - Create pipeline choose policy of type org.apache.hadoop.hdds.scm.pipeline.choose.algorithms.RandomPipelineChoosePolicy
2025-05-12 13:59:47,816 [main] INFO  ha.SCMServiceManager (SCMServiceManager.java:register(42)) - Registering service SCMBlockDeletingService.
2025-05-12 13:59:47,817 [main] INFO  replication.ReplicationManager (ReplicationManager.java:start(285)) - Starting Replication Monitor Thread.
2025-05-12 13:59:47,817 [main] INFO  ha.SCMServiceManager (SCMServiceManager.java:register(42)) - Registering service ReplicationManager.
2025-05-12 13:59:47,818 [main] INFO  safemode.RatisContainerSafeModeRule (RatisContainerSafeModeRule.java:initializeRule(160)) - Refreshed Containers with one replica threshold count 0.
2025-05-12 13:59:47,818 [main] INFO  safemode.ECContainerSafeModeRule (ECContainerSafeModeRule.java:initializeRule(205)) - Refreshed Containers with ec n replica threshold count 0.
2025-05-12 13:59:47,818 [main] INFO  safemode.HealthyPipelineSafeModeRule (HealthyPipelineSafeModeRule.java:initializeRule(177)) - Total pipeline count is 0, healthy pipeline threshold count is 0
2025-05-12 13:59:47,818 [main] INFO  safemode.OneReplicaPipelineSafeModeRule (OneReplicaPipelineSafeModeRule.java:initializeRule(190)) - Total pipeline count is 0, pipeline's with at least one datanode reported threshold count is 0
2025-05-12 13:59:47,819 [main] INFO  security.SecretKeyManagerService (SecretKeyManagerService.java:start(143)) - Scheduling rotation checker with interval PT10M
2025-05-12 13:59:47,819 [main] INFO  ha.SCMServiceManager (SCMServiceManager.java:register(42)) - Registering service SecretKeyManagerService.
2025-05-12 13:59:47,819 [main] INFO  keys.KeyStorage (KeyStorage.java:readPublicKey(174)) - Reading public key from /tmp/junit-13173100214457647765/scm-meta/scm/sub-ca/keys/public.pem.
2025-05-12 13:59:47,819 [main] INFO  keys.KeyStorage (KeyStorage.java:readPrivateKey(158)) - Reading private key from /tmp/junit-13173100214457647765/scm-meta/scm/sub-ca/keys/private.pem.
2025-05-12 13:59:47,820 [main] INFO  authority.DefaultCAServer (DefaultCAServer.java:lambda$processVerificationStatus$0(392)) - CertificateServer validation is successful
2025-05-12 13:59:47,820 [main] INFO  keys.KeyStorage (KeyStorage.java:readPublicKey(174)) - Reading public key from /tmp/junit-13173100214457647765/scm-meta/scm/ca/keys/public.pem.
2025-05-12 13:59:47,820 [main] INFO  keys.KeyStorage (KeyStorage.java:readPrivateKey(158)) - Reading private key from /tmp/junit-13173100214457647765/scm-meta/scm/ca/keys/private.pem.
2025-05-12 13:59:47,820 [main] INFO  authority.DefaultCAServer (DefaultCAServer.java:lambda$processVerificationStatus$0(392)) - CertificateServer validation is successful
2025-05-12 13:59:47,821 [main] INFO  server.StorageContainerManager (StorageContainerManager.java:persistPrimarySCMCerts(950)) - Storing sub-ca certificate serialId 2 on primary SCM
2025-05-12 13:59:47,822 [main] INFO  server.SCMCertStore (SCMCertStore.java:storeValidScmCertificate(96)) - Scm certificate 2 for CN=scm-sub@pkrvmberfyhpb9w,OU=831a0b19-ad36-4c5b-8a54-d42644b67846,O=053f45b1-f340-4382-b714-5dc8f4242b56,SERIALNUMBER=2 is stored
2025-05-12 13:59:47,822 [main] INFO  server.StorageContainerManager (StorageContainerManager.java:persistPrimarySCMCerts(957)) - Storing root certificate serialId 1
2025-05-12 13:59:47,823 [main] INFO  server.SCMCertStore (SCMCertStore.java:storeValidScmCertificate(96)) - Scm certificate 1 for CN=scm@pkrvmberfyhpb9w,OU=831a0b19-ad36-4c5b-8a54-d42644b67846,O=053f45b1-f340-4382-b714-5dc8f4242b56,SERIALNUMBER=1 is stored
2025-05-12 13:59:47,825 [main] INFO  ha.SequenceIdGenerator (SequenceIdGenerator.java:upgradeToCertificateSequenceId(419)) - upgrade CertificateId to 2
2025-05-12 13:59:47,825 [main] INFO  ipc.CallQueueManager (CallQueueManager.java:<init>(93)) - Using callQueue: class java.util.concurrent.LinkedBlockingQueue, queueCapacity: 200, scheduler: class org.apache.hadoop.ipc.DefaultRpcScheduler, ipcBackoff: false, ipcFailOver: false.
2025-05-12 13:59:47,826 [main] INFO  ipc.Server (Server.java:<init>(1438)) - Listener at 0.0.0.0:15031
2025-05-12 13:59:47,827 [Socket Reader #1 for port 15031] INFO  ipc.Server (Server.java:run(1474)) - Starting Socket Reader #1 for port 15031
2025-05-12 13:59:47,829 [main] INFO  server.StorageContainerManager (StorageContainerManager.java:<init>(430)) - SCM start with adminUsers: [om/pkrvmberfyhpb9w.internal.cloudapp.net@EXAMPLE.COM, om]
2025-05-12 13:59:47,829 [main] INFO  ipc.CallQueueManager (CallQueueManager.java:<init>(93)) - Using callQueue: class java.util.concurrent.LinkedBlockingQueue, queueCapacity: 10000, scheduler: class org.apache.hadoop.ipc.DefaultRpcScheduler, ipcBackoff: false, ipcFailOver: false.
2025-05-12 13:59:47,829 [main] INFO  ipc.Server (Server.java:<init>(1438)) - Listener at 0.0.0.0:15029
2025-05-12 13:59:47,830 [Socket Reader #1 for port 15029] INFO  ipc.Server (Server.java:run(1474)) - Starting Socket Reader #1 for port 15029
2025-05-12 13:59:47,831 [Socket Reader #2 for port 15029] INFO  ipc.Server (Server.java:run(1474)) - Starting Socket Reader #2 for port 15029
2025-05-12 13:59:47,832 [Socket Reader #3 for port 15029] INFO  ipc.Server (Server.java:run(1474)) - Starting Socket Reader #3 for port 15029
2025-05-12 13:59:47,832 [Socket Reader #4 for port 15029] INFO  ipc.Server (Server.java:run(1474)) - Starting Socket Reader #4 for port 15029
2025-05-12 13:59:47,833 [Socket Reader #5 for port 15029] INFO  ipc.Server (Server.java:run(1474)) - Starting Socket Reader #5 for port 15029
2025-05-12 13:59:47,834 [Socket Reader #6 for port 15029] INFO  ipc.Server (Server.java:run(1474)) - Starting Socket Reader #6 for port 15029
2025-05-12 13:59:47,834 [Socket Reader #8 for port 15029] INFO  ipc.Server (Server.java:run(1474)) - Starting Socket Reader #8 for port 15029
2025-05-12 13:59:47,835 [Socket Reader #9 for port 15029] INFO  ipc.Server (Server.java:run(1474)) - Starting Socket Reader #9 for port 15029
2025-05-12 13:59:47,834 [Socket Reader #7 for port 15029] INFO  ipc.Server (Server.java:run(1474)) - Starting Socket Reader #7 for port 15029
2025-05-12 13:59:47,835 [Socket Reader #10 for port 15029] INFO  ipc.Server (Server.java:run(1474)) - Starting Socket Reader #10 for port 15029
2025-05-12 13:59:47,836 [main] INFO  ipc.CallQueueManager (CallQueueManager.java:<init>(93)) - Using callQueue: class java.util.concurrent.LinkedBlockingQueue, queueCapacity: 10000, scheduler: class org.apache.hadoop.ipc.DefaultRpcScheduler, ipcBackoff: false, ipcFailOver: false.
2025-05-12 13:59:47,836 [main] INFO  ipc.Server (Server.java:<init>(1438)) - Listener at 0.0.0.0:15030
2025-05-12 13:59:47,837 [Socket Reader #1 for port 15030] INFO  ipc.Server (Server.java:run(1474)) - Starting Socket Reader #1 for port 15030
2025-05-12 13:59:47,837 [Socket Reader #2 for port 15030] INFO  ipc.Server (Server.java:run(1474)) - Starting Socket Reader #2 for port 15030
2025-05-12 13:59:47,837 [Socket Reader #3 for port 15030] INFO  ipc.Server (Server.java:run(1474)) - Starting Socket Reader #3 for port 15030
2025-05-12 13:59:47,838 [Socket Reader #4 for port 15030] INFO  ipc.Server (Server.java:run(1474)) - Starting Socket Reader #4 for port 15030
2025-05-12 13:59:47,838 [Socket Reader #5 for port 15030] INFO  ipc.Server (Server.java:run(1474)) - Starting Socket Reader #5 for port 15030
2025-05-12 13:59:47,838 [Socket Reader #6 for port 15030] INFO  ipc.Server (Server.java:run(1474)) - Starting Socket Reader #6 for port 15030
2025-05-12 13:59:47,839 [Socket Reader #7 for port 15030] INFO  ipc.Server (Server.java:run(1474)) - Starting Socket Reader #7 for port 15030
2025-05-12 13:59:47,839 [Socket Reader #8 for port 15030] INFO  ipc.Server (Server.java:run(1474)) - Starting Socket Reader #8 for port 15030
2025-05-12 13:59:47,839 [Socket Reader #10 for port 15030] INFO  ipc.Server (Server.java:run(1474)) - Starting Socket Reader #10 for port 15030
2025-05-12 13:59:47,839 [Socket Reader #9 for port 15030] INFO  ipc.Server (Server.java:run(1474)) - Starting Socket Reader #9 for port 15030
2025-05-12 13:59:47,840 [main] INFO  ipc.CallQueueManager (CallQueueManager.java:<init>(93)) - Using callQueue: class java.util.concurrent.LinkedBlockingQueue, queueCapacity: 10000, scheduler: class org.apache.hadoop.ipc.DefaultRpcScheduler, ipcBackoff: false, ipcFailOver: false.
2025-05-12 13:59:47,841 [main] INFO  ipc.Server (Server.java:<init>(1438)) - Listener at 0.0.0.0:15028
2025-05-12 13:59:47,841 [Socket Reader #1 for port 15028] INFO  ipc.Server (Server.java:run(1474)) - Starting Socket Reader #1 for port 15028
2025-05-12 13:59:47,842 [Socket Reader #2 for port 15028] INFO  ipc.Server (Server.java:run(1474)) - Starting Socket Reader #2 for port 15028
2025-05-12 13:59:47,842 [Socket Reader #3 for port 15028] INFO  ipc.Server (Server.java:run(1474)) - Starting Socket Reader #3 for port 15028
2025-05-12 13:59:47,842 [Socket Reader #4 for port 15028] INFO  ipc.Server (Server.java:run(1474)) - Starting Socket Reader #4 for port 15028
2025-05-12 13:59:47,842 [Socket Reader #5 for port 15028] INFO  ipc.Server (Server.java:run(1474)) - Starting Socket Reader #5 for port 15028
2025-05-12 13:59:47,842 [Socket Reader #6 for port 15028] INFO  ipc.Server (Server.java:run(1474)) - Starting Socket Reader #6 for port 15028
2025-05-12 13:59:47,842 [Socket Reader #7 for port 15028] INFO  ipc.Server (Server.java:run(1474)) - Starting Socket Reader #7 for port 15028
2025-05-12 13:59:47,842 [Socket Reader #8 for port 15028] INFO  ipc.Server (Server.java:run(1474)) - Starting Socket Reader #8 for port 15028
2025-05-12 13:59:47,843 [Socket Reader #9 for port 15028] INFO  ipc.Server (Server.java:run(1474)) - Starting Socket Reader #9 for port 15028
2025-05-12 13:59:47,843 [Socket Reader #10 for port 15028] INFO  ipc.Server (Server.java:run(1474)) - Starting Socket Reader #10 for port 15028
2025-05-12 13:59:47,847 [main] INFO  ha.SCMServiceManager (SCMServiceManager.java:register(42)) - Registering service ContainerBalancer.
2025-05-12 13:59:47,847 [main] INFO  ha.SCMContext (SCMContext.java:updateSafeModeStatus(224)) - Update SafeModeStatus from SafeModeStatus{safeModeStatus=true, preCheckPassed=false} to SafeModeStatus{safeModeStatus=true, preCheckPassed=false}.
2025-05-12 13:59:47,847 [main] INFO  server.StorageContainerManager (StorageContainerManager.java:start(1507)) - StorageContainerLocationProtocol RPC server is listening at /0.0.0.0:15028
2025-05-12 13:59:47,848 [main] INFO  ha.SCMRatisServerImpl (SCMRatisServerImpl.java:start(203)) - starting ratis server 0.0.0.0:15032
2025-05-12 13:59:47,848 [831a0b19-ad36-4c5b-8a54-d42644b67846-impl-thread1] INFO  server.RaftServerConfigKeys (ConfUtils.java:logGet(46)) - raft.server.storage.free-space.min = 0MB (=0) (default)
2025-05-12 13:59:47,848 [831a0b19-ad36-4c5b-8a54-d42644b67846-impl-thread1] INFO  server.RaftServerConfigKeys (ConfUtils.java:logGet(46)) - raft.server.log.corruption.policy = EXCEPTION (default)
2025-05-12 13:59:47,848 [831a0b19-ad36-4c5b-8a54-d42644b67846-impl-thread1] INFO  server.RaftServerConfigKeys (ConfUtils.java:logGet(46)) - raft.server.storage.dir = [/tmp/junit-13173100214457647765/scm-meta/scm-ha] (custom)
2025-05-12 13:59:47,849 [831a0b19-ad36-4c5b-8a54-d42644b67846-impl-thread1] INFO  storage.RaftStorageDirectory (RaftStorageDirectoryImpl.java:tryLock(229)) - Lock on /tmp/junit-13173100214457647765/scm-meta/scm-ha/053f45b1-f340-4382-b714-5dc8f4242b56/in_use.lock acquired by nodename 14437@pkrvmberfyhpb9w
2025-05-12 13:59:47,850 [831a0b19-ad36-4c5b-8a54-d42644b67846-impl-thread1] INFO  storage.RaftStorage (RaftStorageImpl.java:analyzeAndRecoverStorage(118)) - Read RaftStorageMetadata{term=1, votedFor=831a0b19-ad36-4c5b-8a54-d42644b67846} from /tmp/junit-13173100214457647765/scm-meta/scm-ha/053f45b1-f340-4382-b714-5dc8f4242b56/current/raft-meta
2025-05-12 13:59:47,850 [831a0b19-ad36-4c5b-8a54-d42644b67846-impl-thread1] INFO  server.RaftServer$Division (ServerState.java:setRaftConf(386)) - 831a0b19-ad36-4c5b-8a54-d42644b67846@group-5DC8F4242B56: set configuration conf: {index: 0, cur=peers:[831a0b19-ad36-4c5b-8a54-d42644b67846|pkrvmberfyhpb9w:15032]|listeners:[], old=null}
2025-05-12 13:59:47,850 [831a0b19-ad36-4c5b-8a54-d42644b67846-impl-thread1] INFO  ha.SCMStateMachine (SCMStateMachine.java:lambda$initialize$0(135)) - 831a0b19-ad36-4c5b-8a54-d42644b67846: initialize group-5DC8F4242B56
2025-05-12 13:59:47,850 [831a0b19-ad36-4c5b-8a54-d42644b67846-impl-thread1] INFO  server.RaftServerConfigKeys (ConfUtils.java:logGet(46)) - raft.server.log.use.memory = false (default)
2025-05-12 13:59:47,850 [831a0b19-ad36-4c5b-8a54-d42644b67846-impl-thread1] INFO  server.RaftServerConfigKeys (ConfUtils.java:logGet(46)) - raft.server.log.purge.gap = 1000000 (custom)
2025-05-12 13:59:47,850 [831a0b19-ad36-4c5b-8a54-d42644b67846-impl-thread1] INFO  server.RaftServerConfigKeys (ConfUtils.java:logGet(46)) - raft.server.log.appender.buffer.byte-limit = 4194304 (custom)
2025-05-12 13:59:47,850 [831a0b19-ad36-4c5b-8a54-d42644b67846-impl-thread1] INFO  server.RaftServerConfigKeys (ConfUtils.java:logGet(46)) - raft.server.log.statemachine.data.read.timeout = 1000ms (default)
2025-05-12 13:59:47,850 [831a0b19-ad36-4c5b-8a54-d42644b67846-impl-thread1] INFO  server.RaftServerConfigKeys (ConfUtils.java:logGet(46)) - raft.server.log.purge.preservation.log.num = 0 (default)
2025-05-12 13:59:47,851 [831a0b19-ad36-4c5b-8a54-d42644b67846-impl-thread1] INFO  server.RaftServerConfigKeys (ConfUtils.java:logGet(46)) - raft.server.log.segment.size.max = 4194304 (custom)
2025-05-12 13:59:47,852 [831a0b19-ad36-4c5b-8a54-d42644b67846-impl-thread1] INFO  server.RaftServerConfigKeys (ConfUtils.java:logGet(46)) - raft.server.log.segment.cache.num.max = 2 (custom)
2025-05-12 13:59:47,852 [831a0b19-ad36-4c5b-8a54-d42644b67846-impl-thread1] INFO  server.RaftServerConfigKeys (ConfUtils.java:logGet(46)) - raft.server.log.segment.cache.size.max = 200MB (=209715200) (default)
2025-05-12 13:59:47,852 [831a0b19-ad36-4c5b-8a54-d42644b67846-impl-thread1] INFO  server.RaftServerConfigKeys (ConfUtils.java:logGet(46)) - raft.server.log.appender.buffer.byte-limit = 4194304 (custom)
2025-05-12 13:59:47,852 [831a0b19-ad36-4c5b-8a54-d42644b67846-impl-thread1] INFO  util.AwaitToRun (AwaitToRun.java:start(81)) - Thread[#1387,831a0b19-ad36-4c5b-8a54-d42644b67846@group-5DC8F4242B56-cacheEviction-AwaitToRun,5,main] started
2025-05-12 13:59:47,852 [831a0b19-ad36-4c5b-8a54-d42644b67846-impl-thread1] INFO  segmented.SegmentedRaftLogWorker (SegmentedRaftLogWorker.java:<init>(188)) - new 831a0b19-ad36-4c5b-8a54-d42644b67846@group-5DC8F4242B56-SegmentedRaftLogWorker for RaftStorageImpl:Storage Directory /tmp/junit-13173100214457647765/scm-meta/scm-ha/053f45b1-f340-4382-b714-5dc8f4242b56
2025-05-12 13:59:47,852 [831a0b19-ad36-4c5b-8a54-d42644b67846-impl-thread1] INFO  server.RaftServerConfigKeys (ConfUtils.java:logGet(46)) - raft.server.log.queue.byte-limit = 64MB (=67108864) (default)
2025-05-12 13:59:47,852 [831a0b19-ad36-4c5b-8a54-d42644b67846-impl-thread1] INFO  server.RaftServerConfigKeys (ConfUtils.java:logGet(46)) - raft.server.log.queue.element-limit = 4096 (default)
2025-05-12 13:59:47,852 [831a0b19-ad36-4c5b-8a54-d42644b67846-impl-thread1] INFO  server.RaftServerConfigKeys (ConfUtils.java:logGet(46)) - raft.server.log.segment.size.max = 4194304 (custom)
2025-05-12 13:59:47,852 [831a0b19-ad36-4c5b-8a54-d42644b67846-impl-thread1] INFO  server.RaftServerConfigKeys (ConfUtils.java:logGet(46)) - raft.server.log.preallocated.size = 4194304 (custom)
2025-05-12 13:59:47,852 [831a0b19-ad36-4c5b-8a54-d42644b67846-impl-thread1] INFO  server.RaftServerConfigKeys (ConfUtils.java:logGet(46)) - raft.server.log.force.sync.num = 128 (default)
2025-05-12 13:59:47,852 [831a0b19-ad36-4c5b-8a54-d42644b67846-impl-thread1] INFO  server.RaftServerConfigKeys (ConfUtils.java:logGet(46)) - raft.server.log.statemachine.data.sync = true (default)
2025-05-12 13:59:47,852 [831a0b19-ad36-4c5b-8a54-d42644b67846-impl-thread1] INFO  server.RaftServerConfigKeys (ConfUtils.java:logGet(46)) - raft.server.log.statemachine.data.sync.timeout = 10s (default)
2025-05-12 13:59:47,853 [831a0b19-ad36-4c5b-8a54-d42644b67846-impl-thread1] INFO  server.RaftServerConfigKeys (ConfUtils.java:logGet(46)) - raft.server.log.statemachine.data.sync.timeout.retry = -1 (default)
2025-05-12 13:59:47,853 [831a0b19-ad36-4c5b-8a54-d42644b67846-impl-thread1] INFO  server.RaftServerConfigKeys (ConfUtils.java:logGet(46)) - raft.server.log.write.buffer.size = 4194312 (custom)
2025-05-12 13:59:47,854 [831a0b19-ad36-4c5b-8a54-d42644b67846-impl-thread1] INFO  server.RaftServerConfigKeys (ConfUtils.java:logGet(46)) - raft.server.log.appender.buffer.byte-limit = 4194304 (custom)
2025-05-12 13:59:47,854 [831a0b19-ad36-4c5b-8a54-d42644b67846-impl-thread1] INFO  server.RaftServerConfigKeys (ConfUtils.java:logGet(46)) - raft.server.log.unsafe-flush.enabled = false (default)
2025-05-12 13:59:47,854 [831a0b19-ad36-4c5b-8a54-d42644b67846-impl-thread1] INFO  server.RaftServerConfigKeys (ConfUtils.java:logGet(46)) - raft.server.log.async-flush.enabled = false (default)
2025-05-12 13:59:47,854 [831a0b19-ad36-4c5b-8a54-d42644b67846-impl-thread1] INFO  server.RaftServerConfigKeys (ConfUtils.java:logGet(46)) - raft.server.log.statemachine.data.caching.enabled = false (default)
2025-05-12 13:59:47,855 [831a0b19-ad36-4c5b-8a54-d42644b67846-impl-thread1] INFO  server.RaftServer$Division (ServerState.java:setRaftConf(386)) - 831a0b19-ad36-4c5b-8a54-d42644b67846@group-5DC8F4242B56: set configuration conf: {index: 0, cur=peers:[831a0b19-ad36-4c5b-8a54-d42644b67846|pkrvmberfyhpb9w:15032]|listeners:[], old=null}
2025-05-12 13:59:47,855 [831a0b19-ad36-4c5b-8a54-d42644b67846-impl-thread1] INFO  segmented.LogSegment (LogSegment.java:loadSegment(171)) - Successfully read 1 entries from segment file /tmp/junit-13173100214457647765/scm-meta/scm-ha/053f45b1-f340-4382-b714-5dc8f4242b56/current/log_inprogress_0
2025-05-12 13:59:47,855 [831a0b19-ad36-4c5b-8a54-d42644b67846-impl-thread1] INFO  segmented.SegmentedRaftLogWorker (SegmentedRaftLogWorker.java:lambda$new$0(139)) - 831a0b19-ad36-4c5b-8a54-d42644b67846@group-5DC8F4242B56-SegmentedRaftLogWorker: safeCacheEvictIndex: setUnconditionally 0 -> -1
2025-05-12 13:59:47,855 [831a0b19-ad36-4c5b-8a54-d42644b67846-impl-thread1] INFO  segmented.BufferedWriteChannel (BufferedWriteChannel.java:open(61)) - open log_inprogress_0 (append) at position 82
2025-05-12 13:59:47,855 [831a0b19-ad36-4c5b-8a54-d42644b67846-impl-thread1] INFO  server.RaftServer$Division (RaftServerImpl.java:start(391)) - 831a0b19-ad36-4c5b-8a54-d42644b67846@group-5DC8F4242B56: start as a follower, conf=conf: {index: 0, cur=peers:[831a0b19-ad36-4c5b-8a54-d42644b67846|pkrvmberfyhpb9w:15032]|listeners:[], old=null}
2025-05-12 13:59:47,855 [831a0b19-ad36-4c5b-8a54-d42644b67846-impl-thread1] INFO  server.RaftServer$Division (RaftServerImpl.java:setRole(378)) - 831a0b19-ad36-4c5b-8a54-d42644b67846@group-5DC8F4242B56: changes role from      null to FOLLOWER at term 1 for startAsFollower
2025-05-12 13:59:47,855 [831a0b19-ad36-4c5b-8a54-d42644b67846-impl-thread1] INFO  impl.RoleInfo (RoleInfo.java:updateAndGet(148)) - 831a0b19-ad36-4c5b-8a54-d42644b67846: start 831a0b19-ad36-4c5b-8a54-d42644b67846@group-5DC8F4242B56-FollowerState
2025-05-12 13:59:47,856 [831a0b19-ad36-4c5b-8a54-d42644b67846-impl-thread1] INFO  util.JmxRegister (JmxRegister.java:tryRegister(44)) - Successfully registered JMX Bean with object name Ratis:service=RaftServer,group=group-5DC8F4242B56,id=831a0b19-ad36-4c5b-8a54-d42644b67846
2025-05-12 13:59:47,856 [831a0b19-ad36-4c5b-8a54-d42644b67846-impl-thread1] INFO  util.JmxRegister (JmxRegister.java:register(58)) - register mxBean class org.apache.ratis.server.impl.RaftServerJmxAdapter as Ratis:service=RaftServer,group=group-5DC8F4242B56,id=831a0b19-ad36-4c5b-8a54-d42644b67846
2025-05-12 13:59:47,856 [831a0b19-ad36-4c5b-8a54-d42644b67846-impl-thread1] INFO  server.RaftServerConfigKeys (ConfUtils.java:logGet(46)) - raft.server.snapshot.trigger-when-stop.enabled = true (default)
2025-05-12 13:59:47,856 [831a0b19-ad36-4c5b-8a54-d42644b67846-impl-thread1] INFO  server.RaftServerConfigKeys (ConfUtils.java:logGet(46)) - raft.server.snapshot.trigger-when-remove.enabled = true (default)
2025-05-12 13:59:47,856 [831a0b19-ad36-4c5b-8a54-d42644b67846-impl-thread1] INFO  server.RaftServerConfigKeys (ConfUtils.java:logGet(46)) - raft.server.snapshot.auto.trigger.enabled = true (custom)
2025-05-12 13:59:47,856 [831a0b19-ad36-4c5b-8a54-d42644b67846-impl-thread1] INFO  server.RaftServerConfigKeys (ConfUtils.java:logGet(46)) - raft.server.snapshot.auto.trigger.threshold = 1000 (custom)
2025-05-12 13:59:47,856 [831a0b19-ad36-4c5b-8a54-d42644b67846-impl-thread1] INFO  server.RaftServerConfigKeys (ConfUtils.java:logGet(46)) - raft.server.snapshot.retention.file.num = -1 (default)
2025-05-12 13:59:47,856 [831a0b19-ad36-4c5b-8a54-d42644b67846-impl-thread1] INFO  server.RaftServerConfigKeys (ConfUtils.java:logGet(46)) - raft.server.log.purge.upto.snapshot.index = false (default)
2025-05-12 13:59:47,856 [831a0b19-ad36-4c5b-8a54-d42644b67846@group-5DC8F4242B56-FollowerState] INFO  server.RaftServerConfigKeys (ConfUtils.java:logFallback(53)) - raft.server.rpc.first-election.timeout.min = 5000ms (fallback to raft.server.rpc.timeout.min)
2025-05-12 13:59:47,856 [831a0b19-ad36-4c5b-8a54-d42644b67846@group-5DC8F4242B56-FollowerState] INFO  server.RaftServerConfigKeys (ConfUtils.java:logFallback(53)) - raft.server.rpc.first-election.timeout.max = 5200ms (fallback to raft.server.rpc.timeout.max)
2025-05-12 13:59:47,857 [831a0b19-ad36-4c5b-8a54-d42644b67846-impl-thread1] INFO  server.RaftServer$Division (RaftServerImpl.java:start(405)) - 831a0b19-ad36-4c5b-8a54-d42644b67846@group-5DC8F4242B56: Successfully started.
2025-05-12 13:59:47,857 [main] INFO  server.RaftServer (RaftServerProxy.java:startImpl(407)) - 831a0b19-ad36-4c5b-8a54-d42644b67846: start RPC server
2025-05-12 13:59:47,857 [main] INFO  server.GrpcService (GrpcService.java:startImpl(334)) - 831a0b19-ad36-4c5b-8a54-d42644b67846: GrpcService started, listening on 15032
2025-05-12 13:59:47,858 [JvmPauseMonitor9] INFO  util.JvmPauseMonitor (JvmPauseMonitor.java:run(146)) - JvmPauseMonitor-831a0b19-ad36-4c5b-8a54-d42644b67846: Started
2025-05-12 13:59:47,858 [main] INFO  ha.SCMHAManagerImpl (SCMHAManagerImpl.java:start(131)) -  scm role is FOLLOWER peers [831a0b19-ad36-4c5b-8a54-d42644b67846|pkrvmberfyhpb9w:15032]
2025-05-12 13:59:47,858 [main] INFO  ha.InterSCMGrpcService (InterSCMGrpcProtocolService.java:start(98)) - Starting SCM Grpc Service at port 15033
2025-05-12 13:59:47,859 [main] INFO  SCMHATransactionMonitor (BackgroundSCMService.java:start(64)) - Starting SCMHATransactionMonitor Service.
2025-05-12 13:59:47,859 [main] INFO  ha.SCMServiceManager (SCMServiceManager.java:register(42)) - Registering service SCMHATransactionMonitor.
2025-05-12 13:59:47,859 [main] INFO  SCMHATransactionMonitor (BackgroundSCMService.java:start(61)) - SCMHATransactionMonitor Service is already running, skip start.
2025-05-12 13:59:47,860 [main] WARN  impl.MetricsConfig (MetricsConfig.java:loadFirst(138)) - Cannot locate configuration: tried hadoop-metrics2-storagecontainermanager.properties,hadoop-metrics2.properties
2025-05-12 13:59:47,861 [main] INFO  impl.MetricsSystemImpl (MetricsSystemImpl.java:startTimer(378)) - Scheduled Metric snapshot period at 10 second(s).
2025-05-12 13:59:47,861 [main] INFO  impl.MetricsSystemImpl (MetricsSystemImpl.java:start(191)) - StorageContainerManager metrics system started
2025-05-12 13:59:47,875 [main] INFO  impl.MetricsSinkAdapter (MetricsSinkAdapter.java:start(204)) - Sink prometheus started
2025-05-12 13:59:47,875 [main] INFO  impl.MetricsSystemImpl (MetricsSystemImpl.java:registerSink(305)) - Registered sink prometheus
2025-05-12 13:59:47,888 [main] INFO  server.SCMClientProtocolServer (SCMClientProtocolServer.java:start(207)) - RPC server for Client  is listening at /0.0.0.0:15028
2025-05-12 13:59:47,888 [IPC Server Responder] INFO  ipc.Server (Server.java:run(1713)) - IPC Server Responder: starting
2025-05-12 13:59:47,888 [IPC Server listener on 15028] INFO  ipc.Server (Server.java:run(1553)) - IPC Server listener on 15028: starting
2025-05-12 13:59:47,899 [main] INFO  server.StorageContainerManager (StorageContainerManager.java:start(1520)) - ScmBlockLocationProtocol RPC server is listening at /0.0.0.0:15030
2025-05-12 13:59:47,900 [main] INFO  server.SCMBlockProtocolServer (SCMBlockProtocolServer.java:start(166)) - RPC server for Block Protocol is listening at /0.0.0.0:15030
2025-05-12 13:59:47,900 [IPC Server Responder] INFO  ipc.Server (Server.java:run(1713)) - IPC Server Responder: starting
2025-05-12 13:59:47,900 [IPC Server listener on 15030] INFO  ipc.Server (Server.java:run(1553)) - IPC Server listener on 15030: starting
2025-05-12 13:59:47,911 [main] INFO  server.SCMSecurityProtocolServer (SCMSecurityProtocolServer.java:start(503)) - Starting RPC server for SCMSecurityProtocolServer. is listening at /0.0.0.0:15031
2025-05-12 13:59:47,912 [IPC Server Responder] INFO  ipc.Server (Server.java:run(1713)) - IPC Server Responder: starting
2025-05-12 13:59:47,912 [IPC Server listener on 15031] INFO  ipc.Server (Server.java:run(1553)) - IPC Server listener on 15031: starting
2025-05-12 13:59:47,913 [main] INFO  http.BaseHttpServer (BaseHttpServer.java:newHttpServer2BuilderForOzone(229)) - Starting Web-server for scm at: http://0.0.0.0:9876
2025-05-12 13:59:47,914 [main] INFO  http.BaseHttpServer (BaseHttpServer.java:<init>(107)) - Hadoop Security Enabled: true Ozone Security Enabled: true Ozone HTTP Security Enabled: false 
2025-05-12 13:59:47,916 [main] WARN  server.AuthenticationFilter (AuthenticationFilter.java:constructSecretProvider(240)) - Unable to initialize FileSignerSecretProvider, falling back to use random secrets. Reason: Could not read signature secret file: /home/runner/hadoop-http-auth-signature-secret
2025-05-12 13:59:47,919 [main] INFO  http.HttpServer2 (HttpServer2.java:addGlobalFilter(1042)) - Added global filter 'safety' (class=org.apache.hadoop.hdds.server.http.HttpServer2$QuotingInputFilter)
2025-05-12 13:59:47,920 [main] INFO  http.HttpServer2 (HttpServer2.java:addFilter(1018)) - Added filter static_user_filter (class=org.apache.hadoop.http.lib.StaticUserWebFilter$StaticUserFilter) to context scm
2025-05-12 13:59:47,920 [main] INFO  http.HttpServer2 (HttpServer2.java:addFilter(1026)) - Added filter static_user_filter (class=org.apache.hadoop.http.lib.StaticUserWebFilter$StaticUserFilter) to context static
2025-05-12 13:59:47,920 [main] INFO  http.HttpServer2 (HttpServer2.java:addFilter(1026)) - Added filter static_user_filter (class=org.apache.hadoop.http.lib.StaticUserWebFilter$StaticUserFilter) to context logs
2025-05-12 13:59:47,921 [main] INFO  http.BaseHttpServer (BaseHttpServer.java:<init>(195)) - HTTP server of scm uses base directory /tmp/junit-13173100214457647765/scm-meta/webserver
2025-05-12 13:59:47,921 [main] INFO  http.HttpServer2 (HttpServer2.java:bindListener(1242)) - Jetty bound to port 9876
2025-05-12 13:59:47,921 [main] INFO  server.Server (Server.java:doStart(375)) - jetty-9.4.57.v20241219; built: 2025-01-08T21:24:30.412Z; git: df524e6b29271c2e09ba9aea83c18dc9db464a31; jvm 21.0.7+6-LTS
2025-05-12 13:59:47,923 [main] INFO  server.session (DefaultSessionIdManager.java:doStart(334)) - DefaultSessionIdManager workerName=node0
2025-05-12 13:59:47,923 [main] INFO  server.session (DefaultSessionIdManager.java:doStart(339)) - No SessionScavenger set, using defaults
2025-05-12 13:59:47,923 [main] INFO  server.session (HouseKeeper.java:startScavenging(132)) - node0 Scavenging every 600000ms
2025-05-12 13:59:47,924 [main] INFO  handler.ContextHandler (ContextHandler.java:doStart(921)) - Started o.e.j.s.ServletContextHandler@45d34ddc{logs,/logs,file:///home/runner/work/ozone/ozone/hadoop-ozone/integration-test/target/log,AVAILABLE}
2025-05-12 13:59:47,925 [main] INFO  handler.ContextHandler (ContextHandler.java:doStart(921)) - Started o.e.j.s.ServletContextHandler@646bac23{static,/static,file:///home/runner/work/ozone/ozone/hadoop-ozone/integration-test/target/test-classes/webapps/static,AVAILABLE}
2025-05-12 13:59:47,931 [main] INFO  handler.ContextHandler (ContextHandler.java:doStart(921)) - Started o.e.j.w.WebAppContext@4e3d2d76{scm,/,file:///home/runner/work/ozone/ozone/hadoop-ozone/integration-test/target/test-classes/webapps/scm/,AVAILABLE}{file:/home/runner/work/ozone/ozone/hadoop-ozone/integration-test/target/test-classes/webapps/scm}
2025-05-12 13:59:47,932 [main] INFO  server.AbstractConnector (AbstractConnector.java:doStart(333)) - Started ServerConnector@c9ce647{HTTP/1.1, (http/1.1)}{0.0.0.0:9876}
2025-05-12 13:59:47,932 [main] INFO  server.Server (Server.java:doStart(415)) - Started @50684ms
2025-05-12 13:59:47,932 [main] WARN  impl.MetricsSystemImpl (MetricsSystemImpl.java:register(279)) - Sink prometheus already exists!
2025-05-12 13:59:47,932 [main] INFO  http.BaseHttpServer (BaseHttpServer.java:updateConnectorAddress(359)) - HTTP server of scm listening at http://0.0.0.0:9876
2025-05-12 13:59:47,933 [main] WARN  server.ServerUtils (ServerUtils.java:getDBPath(292)) - ozone.om.db.dirs is not configured. We recommend adding this setting. Falling back to ozone.metadata.dirs instead.
2025-05-12 13:59:47,935 [main] INFO  ha.OMHANodeDetails (OMHANodeDetails.java:loadOMHAConfig(113)) - ozone.om.internal.service.id is not defined, falling back to ozone.om.service.ids to find serviceID for OzoneManager if it is HA enabled cluster
2025-05-12 13:59:47,935 [main] INFO  ha.OMHANodeDetails (OMHANodeDetails.java:loadOMHAConfig(224)) - Configuration does not have ozone.om.address set. Falling back to the default OM address pkrvmberfyhpb9w.internal.cloudapp.net/10.1.1.27:15034
2025-05-12 13:59:47,935 [main] INFO  ha.OMHANodeDetails (OMHANodeDetails.java:getOMNodeDetailsForNonHA(252)) - OM Service ID is not set. Setting it to the default ID: omServiceIdDefault
2025-05-12 13:59:47,935 [main] INFO  ha.OMHANodeDetails (OMHANodeDetails.java:getOMNodeDetailsForNonHA(259)) - OM Node ID is not set. Setting it to the default ID: om1
2025-05-12 13:59:47,935 [main] WARN  server.ServerUtils (ServerUtils.java:getDBPath(292)) - ozone.om.db.dirs is not configured. We recommend adding this setting. Falling back to ozone.metadata.dirs instead.
2025-05-12 13:59:47,937 [main] INFO  upgrade.AbstractLayoutVersionManager (AbstractLayoutVersionManager.java:init(80)) - Initializing Layout version manager with metadata layout = DELEGATION_TOKEN_SYMMETRIC_SIGN (version = 8), software layout = DELEGATION_TOKEN_SYMMETRIC_SIGN (version = 8)
2025-05-12 13:59:47,943 [pool-254-thread-1] INFO  request.TgsRequest (TgsRequest.java:issueTicket(117)) - TGS_REQ ISSUE: authtime 1747058387943,om/pkrvmberfyhpb9w.internal.cloudapp.net@EXAMPLE.COM for om/pkrvmberfyhpb9w.internal.cloudapp.net@EXAMPLE.COM
2025-05-12 13:59:47,952 [Socket Reader #1 for port 15031] INFO  ipc.Server (Server.java:saslProcess(2290)) - Auth successful for om/pkrvmberfyhpb9w.internal.cloudapp.net@EXAMPLE.COM (auth:KERBEROS) from 127.0.0.1:35346
2025-05-12 13:59:47,954 [IPC Server handler 0 on default port 15031] INFO  ipc.Server (Server.java:logException(3260)) - IPC Server handler 0 on default port 15031, call Call#4 Retry#0 org.apache.hadoop.hdds.protocol.SCMSecurityProtocol.submitRequest from 127.0.0.1:35346
org.apache.hadoop.hdds.ratis.ServerNotLeaderException: SCM Server:831a0b19-ad36-4c5b-8a54-d42644b67846(pkrvmberfyhpb9w.internal.cloudapp.net) is not the leader. Could not determine the leader node.
	at org.apache.hadoop.hdds.ratis.ServerNotLeaderException.convertToNotLeaderException(ServerNotLeaderException.java:106)
	at org.apache.hadoop.hdds.scm.ha.RatisUtil.checkRatisException(RatisUtil.java:248)
	at org.apache.hadoop.hdds.scm.protocol.SCMSecurityProtocolServerSideTranslatorPB.submitRequest(SCMSecurityProtocolServerSideTranslatorPB.java:83)
	at org.apache.hadoop.hdds.protocol.proto.SCMSecurityProtocolProtos$SCMSecurityProtocolService$2.callBlockingMethod(SCMSecurityProtocolProtos.java:18942)
	at org.apache.hadoop.ipc.ProtobufRpcEngine$Server.processCall(ProtobufRpcEngine.java:484)
	at org.apache.hadoop.ipc.ProtobufRpcEngine2$Server$ProtoBufRpcInvoker.call(ProtobufRpcEngine2.java:595)
	at org.apache.hadoop.ipc.ProtobufRpcEngine2$Server$ProtoBufRpcInvoker.call(ProtobufRpcEngine2.java:573)
	at org.apache.hadoop.ipc.RPC$Server.call(RPC.java:1227)
	at org.apache.hadoop.ipc.Server$RpcCall.run(Server.java:1246)
	at org.apache.hadoop.ipc.Server$RpcCall.run(Server.java:1169)
	at java.base/java.security.AccessController.doPrivileged(AccessController.java:714)
	at java.base/javax.security.auth.Subject.doAs(Subject.java:525)
	at org.apache.hadoop.security.UserGroupInformation.doAs(UserGroupInformation.java:1953)
	at org.apache.hadoop.ipc.Server$Handler.run(Server.java:3198)
2025-05-12 13:59:47,998 [main] INFO  reflections.Reflections (Reflections.java:scan(219)) - Reflections took 61 ms to scan 2 urls, producing 207 keys and 618 values
2025-05-12 13:59:47,999 [main] INFO  upgrade.OMLayoutVersionManager (OMLayoutVersionManager.java:lambda$0(110)) - Skipping Upgrade Action QuotaRepairUpgradeAction since it has been finalized.
2025-05-12 13:59:47,999 [main] INFO  upgrade.OMLayoutVersionManager (OMLayoutVersionManager.java:lambda$0(110)) - Skipping Upgrade Action MockOmUpgradeAction since it has been finalized.
2025-05-12 13:59:48,001 [pool-254-thread-1] INFO  request.KdcRequest (KdcRequest.java:preauth(683)) - The preauth data is empty.
2025-05-12 13:59:48,001 [pool-254-thread-1] INFO  server.KdcHandler (KdcHandler.java:handleRecoverableException(177)) - KRB error occurred while processing request: Additional pre-authentication required
2025-05-12 13:59:48,004 [pool-254-thread-1] INFO  request.AsRequest (AsRequest.java:issueTicket(112)) - AS_REQ ISSUE: authtime 1747058388004,om/pkrvmberfyhpb9w.internal.cloudapp.net@EXAMPLE.COM for krbtgt/EXAMPLE.COM@EXAMPLE.COM
2025-05-12 13:59:48,005 [main] INFO  security.UserGroupInformation (UserGroupInformation.java:loginUserFromKeytab(1143)) - Login successful for user om/pkrvmberfyhpb9w.internal.cloudapp.net@EXAMPLE.COM using keytab file om.keytab. Keytab auto renewal enabled : false
2025-05-12 13:59:48,005 [main] INFO  om.OzoneManager (OzoneManager.java:loginOMUser(1308)) - Ozone Manager login successful.
2025-05-12 13:59:48,005 [main] WARN  server.ServerUtils (ServerUtils.java:getDBPath(292)) - ozone.om.db.dirs is not configured. We recommend adding this setting. Falling back to ozone.metadata.dirs instead.
2025-05-12 13:59:48,006 [main] INFO  om.OzoneManager (OzoneManager.java:setReplicationFromConfig(4596)) - Set default replication in OM: RATIS/3 -> RATIS/THREE
2025-05-12 13:59:48,006 [main] INFO  proxy.SCMContainerLocationFailoverProxyProvider (SCMFailoverProxyProviderBase.java:<init>(120)) - Created fail-over proxy for protocol StorageContainerLocationProtocolPB with 1 nodes: [nodeId=scmNodeId,nodeAddress=/0.0.0.0:15028]
2025-05-12 13:59:48,007 [main] INFO  proxy.SCMBlockLocationFailoverProxyProvider (SCMFailoverProxyProviderBase.java:<init>(120)) - Created fail-over proxy for protocol ScmBlockLocationProtocolPB with 1 nodes: [nodeId=scmNodeId,nodeAddress=/0.0.0.0:15030]
2025-05-12 13:59:48,007 [main] INFO  om.OzoneManager (OzoneManager.java:getOmDetailsProto(4941)) - OzoneManager ports added:[name: "RPC"
value: 15034
]
2025-05-12 13:59:48,009 [main] INFO  proxy.SCMSecurityProtocolFailoverProxyProvider (SCMFailoverProxyProviderBase.java:<init>(120)) - Created fail-over proxy for protocol SCMSecurityProtocolPB with 1 nodes: [nodeId=scmNodeId,nodeAddress=/0.0.0.0:15031]
2025-05-12 13:59:48,009 [main] INFO  security.OMCertificateClient (DefaultCertificateClient.java:updateCertSerialId(1289)) - Certificate serial ID set to 9879877970576
2025-05-12 13:59:48,009 [main] WARN  security.OMCertificateClient (DefaultCertificateClient.java:loadAllCertificates(178)) - Certificates could not be loaded.
java.nio.file.NoSuchFileException: /tmp/junit-13173100214457647765/scm-meta/om/certs
	at java.base/sun.nio.fs.UnixException.translateToIOException(UnixException.java:92)
	at java.base/sun.nio.fs.UnixException.asIOException(UnixException.java:115)
	at java.base/sun.nio.fs.UnixFileSystemProvider.newDirectoryStream(UnixFileSystemProvider.java:501)
	at java.base/java.nio.file.Files.newDirectoryStream(Files.java:482)
	at java.base/java.nio.file.Files.list(Files.java:3785)
	at org.apache.hadoop.hdds.security.x509.certificate.client.DefaultCertificateClient.loadAllCertificates(DefaultCertificateClient.java:173)
	at org.apache.hadoop.hdds.security.x509.certificate.client.DefaultCertificateClient.updateCertSerialId(DefaultCertificateClient.java:1290)
	at org.apache.hadoop.hdds.security.x509.certificate.client.DefaultCertificateClient.<init>(DefaultCertificateClient.java:155)
	at org.apache.hadoop.ozone.security.OMCertificateClient.<init>(OMCertificateClient.java:65)
	at org.apache.hadoop.ozone.om.OzoneManager.<init>(OzoneManager.java:646)
	at org.apache.hadoop.ozone.om.OzoneManager.createOm(OzoneManager.java:877)
	at org.apache.hadoop.ozone.TestSecureOzoneCluster.setupOm(TestSecureOzoneCluster.java:716)
	at org.apache.hadoop.ozone.TestSecureOzoneCluster.testGetSetRevokeS3Secret(TestSecureOzoneCluster.java:728)
	at java.base/jdk.internal.reflect.DirectMethodHandleAccessor.invoke(DirectMethodHandleAccessor.java:103)
	at java.base/java.lang.reflect.Method.invoke(Method.java:580)
	at org.junit.platform.commons.util.ReflectionUtils.invokeMethod(ReflectionUtils.java:775)
	at org.junit.platform.commons.support.ReflectionSupport.invokeMethod(ReflectionSupport.java:479)
	at org.junit.jupiter.engine.execution.MethodInvocation.proceed(MethodInvocation.java:60)
	at org.junit.jupiter.engine.execution.InvocationInterceptorChain$ValidatingInvocation.proceed(InvocationInterceptorChain.java:131)
	at org.junit.jupiter.engine.extension.SameThreadTimeoutInvocation.proceed(SameThreadTimeoutInvocation.java:49)
	at org.junit.jupiter.engine.extension.TimeoutExtension.intercept(TimeoutExtension.java:161)
	at org.junit.jupiter.engine.extension.TimeoutExtension.interceptTestableMethod(TimeoutExtension.java:152)
	at org.junit.jupiter.engine.extension.TimeoutExtension.interceptTestMethod(TimeoutExtension.java:91)
	at org.junit.jupiter.engine.execution.InterceptingExecutableInvoker$ReflectiveInterceptorCall.lambda$ofVoidMethod$0(InterceptingExecutableInvoker.java:112)
	at org.junit.jupiter.engine.execution.InterceptingExecutableInvoker.lambda$invoke$0(InterceptingExecutableInvoker.java:94)
	at org.junit.jupiter.engine.execution.InvocationInterceptorChain$InterceptedInvocation.proceed(InvocationInterceptorChain.java:106)
	at org.junit.jupiter.engine.execution.InvocationInterceptorChain.proceed(InvocationInterceptorChain.java:64)
	at org.junit.jupiter.engine.execution.InvocationInterceptorChain.chainAndInvoke(InvocationInterceptorChain.java:45)
	at org.junit.jupiter.engine.execution.InvocationInterceptorChain.invoke(InvocationInterceptorChain.java:37)
	at org.junit.jupiter.engine.execution.InterceptingExecutableInvoker.invoke(InterceptingExecutableInvoker.java:93)
	at org.junit.jupiter.engine.execution.InterceptingExecutableInvoker.invoke(InterceptingExecutableInvoker.java:87)
	at org.junit.jupiter.engine.descriptor.TestMethodTestDescriptor.lambda$invokeTestMethod$7(TestMethodTestDescriptor.java:216)
	at org.junit.platform.engine.support.hierarchical.ThrowableCollector.execute(ThrowableCollector.java:73)
	at org.junit.jupiter.engine.descriptor.TestMethodTestDescriptor.invokeTestMethod(TestMethodTestDescriptor.java:212)
	at org.junit.jupiter.engine.descriptor.TestMethodTestDescriptor.execute(TestMethodTestDescriptor.java:137)
	at org.junit.jupiter.engine.descriptor.TestMethodTestDescriptor.execute(TestMethodTestDescriptor.java:69)
	at org.junit.platform.engine.support.hierarchical.NodeTestTask.lambda$executeRecursively$6(NodeTestTask.java:156)
	at org.junit.platform.engine.support.hierarchical.ThrowableCollector.execute(ThrowableCollector.java:73)
	at org.junit.platform.engine.support.hierarchical.NodeTestTask.lambda$executeRecursively$8(NodeTestTask.java:146)
	at org.junit.platform.engine.support.hierarchical.Node.around(Node.java:137)
	at org.junit.platform.engine.support.hierarchical.NodeTestTask.lambda$executeRecursively$9(NodeTestTask.java:144)
	at org.junit.platform.engine.support.hierarchical.ThrowableCollector.execute(ThrowableCollector.java:73)
	at org.junit.platform.engine.support.hierarchical.NodeTestTask.executeRecursively(NodeTestTask.java:143)
	at org.junit.platform.engine.support.hierarchical.NodeTestTask.execute(NodeTestTask.java:100)
	at java.base/java.util.ArrayList.forEach(ArrayList.java:1596)
	at org.junit.platform.engine.support.hierarchical.SameThreadHierarchicalTestExecutorService.invokeAll(SameThreadHierarchicalTestExecutorService.java:41)
	at org.junit.platform.engine.support.hierarchical.NodeTestTask.lambda$executeRecursively$6(NodeTestTask.java:160)
	at org.junit.platform.engine.support.hierarchical.ThrowableCollector.execute(ThrowableCollector.java:73)
	at org.junit.platform.engine.support.hierarchical.NodeTestTask.lambda$executeRecursively$8(NodeTestTask.java:146)
	at org.junit.platform.engine.support.hierarchical.Node.around(Node.java:137)
	at org.junit.platform.engine.support.hierarchical.NodeTestTask.lambda$executeRecursively$9(NodeTestTask.java:144)
	at org.junit.platform.engine.support.hierarchical.ThrowableCollector.execute(ThrowableCollector.java:73)
	at org.junit.platform.engine.support.hierarchical.NodeTestTask.executeRecursively(NodeTestTask.java:143)
	at org.junit.platform.engine.support.hierarchical.NodeTestTask.execute(NodeTestTask.java:100)
	at java.base/java.util.ArrayList.forEach(ArrayList.java:1596)
	at org.junit.platform.engine.support.hierarchical.SameThreadHierarchicalTestExecutorService.invokeAll(SameThreadHierarchicalTestExecutorService.java:41)
	at org.junit.platform.engine.support.hierarchical.NodeTestTask.lambda$executeRecursively$6(NodeTestTask.java:160)
	at org.junit.platform.engine.support.hierarchical.ThrowableCollector.execute(ThrowableCollector.java:73)
	at org.junit.platform.engine.support.hierarchical.NodeTestTask.lambda$executeRecursively$8(NodeTestTask.java:146)
	at org.junit.platform.engine.support.hierarchical.Node.around(Node.java:137)
	at org.junit.platform.engine.support.hierarchical.NodeTestTask.lambda$executeRecursively$9(NodeTestTask.java:144)
	at org.junit.platform.engine.support.hierarchical.ThrowableCollector.execute(ThrowableCollector.java:73)
	at org.junit.platform.engine.support.hierarchical.NodeTestTask.executeRecursively(NodeTestTask.java:143)
	at org.junit.platform.engine.support.hierarchical.NodeTestTask.execute(NodeTestTask.java:100)
	at org.junit.platform.engine.support.hierarchical.SameThreadHierarchicalTestExecutorService.submit(SameThreadHierarchicalTestExecutorService.java:35)
	at org.junit.platform.engine.support.hierarchical.HierarchicalTestExecutor.execute(HierarchicalTestExecutor.java:57)
	at org.junit.platform.engine.support.hierarchical.HierarchicalTestEngine.execute(HierarchicalTestEngine.java:54)
	at org.junit.platform.launcher.core.EngineExecutionOrchestrator.execute(EngineExecutionOrchestrator.java:201)
	at org.junit.platform.launcher.core.EngineExecutionOrchestrator.execute(EngineExecutionOrchestrator.java:170)
	at org.junit.platform.launcher.core.EngineExecutionOrchestrator.execute(EngineExecutionOrchestrator.java:94)
	at org.junit.platform.launcher.core.EngineExecutionOrchestrator.lambda$execute$0(EngineExecutionOrchestrator.java:59)
	at org.junit.platform.launcher.core.EngineExecutionOrchestrator.withInterceptedStreams(EngineExecutionOrchestrator.java:142)
	at org.junit.platform.launcher.core.EngineExecutionOrchestrator.execute(EngineExecutionOrchestrator.java:58)
	at org.junit.platform.launcher.core.DefaultLauncher.execute(DefaultLauncher.java:103)
	at org.junit.platform.launcher.core.DefaultLauncher.execute(DefaultLauncher.java:85)
	at org.junit.platform.launcher.core.DelegatingLauncher.execute(DelegatingLauncher.java:47)
	at org.junit.platform.launcher.core.InterceptingLauncher.lambda$execute$1(InterceptingLauncher.java:39)
	at org.junit.platform.launcher.core.ClasspathAlignmentCheckingLauncherInterceptor.intercept(ClasspathAlignmentCheckingLauncherInterceptor.java:25)
	at org.junit.platform.launcher.core.InterceptingLauncher.execute(InterceptingLauncher.java:38)
	at org.junit.platform.launcher.core.DelegatingLauncher.execute(DelegatingLauncher.java:47)
	at org.apache.maven.surefire.junitplatform.LazyLauncher.execute(LazyLauncher.java:56)
	at org.apache.maven.surefire.junitplatform.JUnitPlatformProvider.invokeAllTests(JUnitPlatformProvider.java:162)
	at org.apache.maven.surefire.junitplatform.JUnitPlatformProvider.invoke(JUnitPlatformProvider.java:120)
	at org.apache.maven.surefire.booter.ForkedBooter.runSuitesInProcess(ForkedBooter.java:385)
	at org.apache.maven.surefire.booter.ForkedBooter.execute(ForkedBooter.java:162)
	at org.apache.maven.surefire.booter.ForkedBooter.run(ForkedBooter.java:507)
	at org.apache.maven.surefire.booter.ForkedBooter.main(ForkedBooter.java:495)
2025-05-12 13:59:48,009 [main] INFO  proxy.SecretKeyProtocolFailoverProxyProvider (SCMFailoverProxyProviderBase.java:<init>(120)) - Created fail-over proxy for protocol SecretKeyProtocolOmPB with 1 nodes: [nodeId=scmNodeId,nodeAddress=/0.0.0.0:15031]
2025-05-12 13:59:48,010 [main] INFO  symmetric.DefaultSecretKeyVerifierClient (DefaultSecretKeyVerifierClient.java:<init>(76)) - Initializing secret key cache with size 16, TTL PT168H
2025-05-12 13:59:48,012 [main] INFO  om.OzoneManager (OzoneManager.java:<init>(670)) - OM start with adminUsers: [om/pkrvmberfyhpb9w.internal.cloudapp.net@EXAMPLE.COM, om]
2025-05-12 13:59:48,013 [main] WARN  server.ServerUtils (ServerUtils.java:getDBPath(292)) - ozone.om.db.dirs is not configured. We recommend adding this setting. Falling back to ozone.metadata.dirs instead.
2025-05-12 13:59:48,138 [main] INFO  om.OzoneManager (OzoneManager.java:instantiateServices(914)) - S3 Multi-Tenancy is disabled
2025-05-12 13:59:48,139 [main] INFO  security.OzoneSecretStore (OzoneSecretStore.java:loadState(70)) - Loaded 0 tokens
2025-05-12 13:59:48,139 [main] INFO  security.OzoneDelegationTokenSecretManager (OzoneDelegationTokenSecretManager.java:loadTokenSecretState(513)) - Loading token state into token manager.
2025-05-12 13:59:48,139 [main] INFO  om.OmSnapshotManager (OmSnapshotManager.java:<init>(187)) - Ozone filesystem snapshot feature is enabled.
2025-05-12 13:59:48,139 [main] WARN  server.ServerUtils (ServerUtils.java:getDBPath(292)) - ozone.om.snapshot.diff.db.dir is not configured. We recommend adding this setting. Falling back to ozone.metadata.dirs instead.
2025-05-12 13:59:48,169 [main] INFO  om.OzoneManager (OzoneManager.java:addS3GVolumeToDB(4654)) - Created Volume s3v With Owner om required for S3Gateway operations.
2025-05-12 13:59:48,169 [main] WARN  server.ServerUtils (ServerUtils.java:getDefaultRatisDirectory(304)) - Storage directory for Ratis is not configured. It is a good idea to map this to an SSD disk. Falling back to ozone.metadata.dirs
2025-05-12 13:59:48,169 [main] WARN  utils.OzoneManagerRatisUtils (OzoneManagerRatisUtils.java:getOMRatisSnapshotDirectory(488)) - ozone.om.ratis.snapshot.dir is not configured. Falling back to ozone.metadata.dirs config
2025-05-12 13:59:48,169 [main] WARN  dropwizard3.Dm3MetricRegistriesImpl (Dm3MetricRegistriesImpl.java:addReporterRegistration(114)) - New reporters are added after registries were created. Some metrics will be missing from the reporter. Please add reporter before adding any new registry.
2025-05-12 13:59:48,170 [main] WARN  dropwizard3.Dm3MetricRegistriesImpl (Dm3MetricRegistriesImpl.java:addReporterRegistration(114)) - New reporters are added after registries were created. Some metrics will be missing from the reporter. Please add reporter before adding any new registry.
2025-05-12 13:59:48,170 [main] WARN  server.ServerUtils (ServerUtils.java:getDefaultRatisDirectory(304)) - Storage directory for Ratis is not configured. It is a good idea to map this to an SSD disk. Falling back to ozone.metadata.dirs
2025-05-12 13:59:48,170 [main] INFO  server.RaftServerConfigKeys (ConfUtils.java:logGet(46)) - raft.server.log.appender.buffer.byte-limit = 4194304 (custom)
2025-05-12 13:59:48,171 [main] INFO  ratis.OzoneManagerRatisServer (OzoneManagerRatisServer.java:<init>(167)) - Instantiating OM Ratis server with groupID: omServiceIdDefault and peers: pkrvmberfyhpb9w.internal.cloudapp.net:9872
2025-05-12 13:59:48,172 [main] INFO  ratis.OzoneManagerStateMachine (OzoneManagerStateMachine.java:loadSnapshotInfoFromDB(618)) - TransactionInfo not found in OM DB.
2025-05-12 13:59:48,172 [main] INFO  server.RaftServer (ConfUtils.java:logGet(46)) - raft.rpc.type = GRPC (default)
2025-05-12 13:59:48,172 [main] INFO  grpc.GrpcConfigKeys (ConfUtils.java:logFallback(53)) - raft.grpc.admin.host = null (fallback to raft.grpc.server.host)
2025-05-12 13:59:48,172 [main] INFO  grpc.GrpcConfigKeys (ConfUtils.java:logFallback(53)) - raft.grpc.admin.port = 9872 (fallback to raft.grpc.server.port)
2025-05-12 13:59:48,173 [main] INFO  grpc.GrpcConfigKeys (ConfUtils.java:logFallback(53)) - raft.grpc.client.host = null (fallback to raft.grpc.server.host)
2025-05-12 13:59:48,173 [main] INFO  grpc.GrpcConfigKeys (ConfUtils.java:logFallback(53)) - raft.grpc.client.port = 9872 (fallback to raft.grpc.server.port)
2025-05-12 13:59:48,173 [main] INFO  grpc.GrpcConfigKeys (ConfUtils.java:logGet(46)) - raft.grpc.server.host = null (default)
2025-05-12 13:59:48,173 [main] INFO  grpc.GrpcConfigKeys (ConfUtils.java:logGet(46)) - raft.grpc.server.port = 9872 (custom)
2025-05-12 13:59:48,173 [main] INFO  server.GrpcService (ConfUtils.java:logGet(46)) - raft.grpc.message.size.max = 5242880 (custom)
2025-05-12 13:59:48,173 [main] INFO  server.GrpcService (ConfUtils.java:logGet(46)) - raft.grpc.flow.control.window = 1MB (=1048576) (default)
2025-05-12 13:59:48,173 [main] INFO  server.RaftServerConfigKeys (ConfUtils.java:logGet(46)) - raft.server.rpc.request.timeout = 3000ms (default)
2025-05-12 13:59:48,173 [main] INFO  grpc.GrpcConfigKeys (ConfUtils.java:logGet(46)) - raft.grpc.server.heartbeat.channel = true (default)
2025-05-12 13:59:48,173 [main] INFO  server.RaftServerConfigKeys (ConfUtils.java:logGet(46)) - raft.server.log.appender.buffer.byte-limit = 4194304 (custom)
2025-05-12 13:59:48,174 [main] INFO  grpc.GrpcConfigKeys (ConfUtils.java:logGet(46)) - raft.grpc.server.async.request.thread.pool.cached = true (default)
2025-05-12 13:59:48,174 [main] INFO  grpc.GrpcConfigKeys (ConfUtils.java:logGet(46)) - raft.grpc.server.async.request.thread.pool.size = 32 (default)
2025-05-12 13:59:48,174 [main] INFO  impl.DataStreamServerImpl (ConfUtils.java:logGet(46)) - raft.datastream.type = DISABLED (default)
2025-05-12 13:59:48,175 [main] INFO  server.RaftServerConfigKeys (ConfUtils.java:logGet(46)) - raft.server.sleep.deviation.threshold = 300ms (default)
2025-05-12 13:59:48,175 [main] INFO  server.RaftServerConfigKeys (ConfUtils.java:logGet(46)) - raft.server.close.threshold = 60s (default)
2025-05-12 13:59:48,175 [main] INFO  server.RaftServerConfigKeys (ConfUtils.java:logGet(46)) - raft.server.leaderelection.leader.step-down.wait-time = 10s (default)
2025-05-12 13:59:48,175 [main] INFO  server.RaftServerConfigKeys (ConfUtils.java:logGet(46)) - raft.server.storage.dir = [/tmp/junit-13173100214457647765/scm-meta/ratis] (custom)
2025-05-12 13:59:48,175 [main] INFO  server.RaftServerConfigKeys (ConfUtils.java:logGet(46)) - raft.server.threadpool.proxy.cached = true (default)
2025-05-12 13:59:48,175 [main] INFO  server.RaftServerConfigKeys (ConfUtils.java:logGet(46)) - raft.server.threadpool.proxy.size = 0 (default)
2025-05-12 13:59:48,175 [main] INFO  server.RaftServer (RaftServerProxy.java:addNew(100)) - om1: addNew group-C5BA1605619E:[om1|pkrvmberfyhpb9w.internal.cloudapp.net:9872] returns group-C5BA1605619E:java.util.concurrent.CompletableFuture@7caed18d[Not completed]
2025-05-12 13:59:48,176 [main] INFO  om.OzoneManager (OzoneManager.java:initializeRatisServer(2284)) - OzoneManager Ratis server initialized at port 9872
2025-05-12 13:59:48,176 [om1-groupManagement] INFO  server.RaftServer$Division (RaftServerImpl.java:<init>(255)) - om1: new RaftServerImpl for group-C5BA1605619E:[om1|pkrvmberfyhpb9w.internal.cloudapp.net:9872] with OzoneManagerStateMachine:uninitialized
2025-05-12 13:59:48,176 [main] INFO  om.OzoneManager (OzoneManager.java:getRpcServer(1340)) - Creating RPC Server
2025-05-12 13:59:48,176 [om1-groupManagement] INFO  server.RaftServerConfigKeys (ConfUtils.java:logGet(46)) - raft.server.rpc.timeout.min = 5s (custom)
2025-05-12 13:59:48,176 [om1-groupManagement] INFO  server.RaftServerConfigKeys (ConfUtils.java:logGet(46)) - raft.server.rpc.timeout.max = 5200ms (custom)
2025-05-12 13:59:48,176 [om1-groupManagement] INFO  server.RaftServerConfigKeys (ConfUtils.java:logGet(46)) - raft.server.rpc.sleep.time = 25ms (default)
2025-05-12 13:59:48,176 [om1-groupManagement] INFO  server.RaftServerConfigKeys (ConfUtils.java:logGet(46)) - raft.server.rpc.slowness.timeout = 120s (custom)
2025-05-12 13:59:48,176 [om1-groupManagement] INFO  server.RaftServerConfigKeys (ConfUtils.java:logGet(46)) - raft.server.leaderelection.leader.step-down.wait-time = 10s (default)
2025-05-12 13:59:48,176 [om1-groupManagement] INFO  server.RaftServerConfigKeys (ConfUtils.java:logGet(46)) - raft.server.leaderelection.member.majority-add = false (default)
2025-05-12 13:59:48,176 [om1-groupManagement] INFO  server.RaftServerConfigKeys (ConfUtils.java:logGet(46)) - raft.server.sleep.deviation.threshold = 300ms (default)
2025-05-12 13:59:48,176 [om1-groupManagement] INFO  server.RaftServer$Division (ServerState.java:<init>(114)) - om1@group-C5BA1605619E: ConfigurationManager, init=conf: {index: -1, cur=peers:[om1|pkrvmberfyhpb9w.internal.cloudapp.net:9872]|listeners:[], old=null}, confs=<EMPTY_MAP>
2025-05-12 13:59:48,176 [om1-groupManagement] INFO  server.RaftServerConfigKeys (ConfUtils.java:logGet(46)) - raft.server.notification.no-leader.timeout = 120s (custom)
2025-05-12 13:59:48,176 [om1-groupManagement] INFO  server.RaftServerConfigKeys (ConfUtils.java:logGet(46)) - raft.server.read.timeout = 10s (default)
2025-05-12 13:59:48,176 [om1-groupManagement] INFO  server.RaftServerConfigKeys (ConfUtils.java:logGet(46)) - raft.server.retrycache.expirytime = 300s (custom)
2025-05-12 13:59:48,176 [om1-groupManagement] INFO  server.RaftServerConfigKeys (ConfUtils.java:logGet(46)) - raft.server.retrycache.statistics.expirytime = 100ms (default)
2025-05-12 13:59:48,177 [om1-groupManagement] INFO  server.RaftServerConfigKeys (ConfUtils.java:logGet(46)) - raft.server.read.option = DEFAULT (default)
2025-05-12 13:59:48,177 [om1-groupManagement] INFO  server.RaftServerConfigKeys (ConfUtils.java:logGet(46)) - raft.server.read.read-after-write-consistent.write-index-cache.expiry-time = 60s (default)
2025-05-12 13:59:48,177 [om1-groupManagement] INFO  server.RaftServerConfigKeys (ConfUtils.java:logGet(46)) - raft.server.rpc.request.timeout = 3000ms (default)
2025-05-12 13:59:48,178 [om1-groupManagement] INFO  server.RaftServerConfigKeys (ConfUtils.java:logGet(46)) - raft.server.log.appender.install.snapshot.enabled = false (custom)
2025-05-12 13:59:48,178 [om1-groupManagement] INFO  server.RaftServerConfigKeys (ConfUtils.java:logGet(46)) - raft.server.threadpool.server.cached = true (default)
2025-05-12 13:59:48,178 [om1-groupManagement] INFO  server.RaftServerConfigKeys (ConfUtils.java:logGet(46)) - raft.server.threadpool.server.size = 0 (default)
2025-05-12 13:59:48,178 [om1-groupManagement] INFO  server.RaftServerConfigKeys (ConfUtils.java:logGet(46)) - raft.server.threadpool.client.cached = true (default)
2025-05-12 13:59:48,178 [om1-groupManagement] INFO  server.RaftServerConfigKeys (ConfUtils.java:logGet(46)) - raft.server.threadpool.client.size = 0 (default)
2025-05-12 13:59:48,594 [main] INFO  reflections.Reflections (Reflections.java:scan(219)) - Reflections took 418 ms to scan 24 urls, producing 60 keys and 7515 values
2025-05-12 13:59:48,595 [main] INFO  ipc.CallQueueManager (CallQueueManager.java:<init>(93)) - Using callQueue: class java.util.concurrent.LinkedBlockingQueue, queueCapacity: 2000, scheduler: class org.apache.hadoop.ipc.DefaultRpcScheduler, ipcBackoff: false, ipcFailOver: false.
2025-05-12 13:59:48,596 [main] INFO  server.StorageContainerManager (StorageContainerManager.java:stop(1608)) - Container Balancer is not running.
2025-05-12 13:59:48,596 [main] INFO  server.StorageContainerManager (StorageContainerManager.java:stopReplicationManager(1742)) - Stopping Replication Manager Service.
2025-05-12 13:59:48,596 [main] INFO  replication.ReplicationManager (ReplicationManager.java:stop(316)) - Stopping Replication Monitor Thread.
2025-05-12 13:59:48,596 [main] INFO  server.StorageContainerManager (StorageContainerManager.java:stop(1617)) - Stopping the Datanode Admin Monitor.
2025-05-12 13:59:48,596 [main] INFO  server.StorageContainerManager (StorageContainerManager.java:stop(1624)) - Stopping datanode service RPC server
2025-05-12 13:59:48,596 [main] INFO  server.SCMDatanodeProtocolServer (SCMDatanodeProtocolServer.java:stop(447)) - Stopping the RPC server for DataNodes
2025-05-12 13:59:48,597 [main] INFO  ipc.Server (Server.java:stop(3697)) - Stopping server on 15029
2025-05-12 13:59:48,596 [ReplicationMonitor] INFO  replication.ReplicationManager (ReplicationManager.java:run(936)) - Replication Monitor Thread is stopped
2025-05-12 13:59:48,596 [OverReplicatedProcessor] WARN  replication.UnhealthyReplicationProcessor (UnhealthyReplicationProcessor.java:run(178)) - OverReplicatedProcessor interrupted. Exiting...
2025-05-12 13:59:48,596 [UnderReplicatedProcessor] WARN  replication.UnhealthyReplicationProcessor (UnhealthyReplicationProcessor.java:run(178)) - UnderReplicatedProcessor interrupted. Exiting...
2025-05-12 13:59:48,616 [SCMHeartbeatProcessor-0] WARN  node.NodeStateManager (NodeStateManager.java:scheduleNextHealthCheck(909)) - Current Thread is interrupted, shutting down HB processing thread for Node Manager.
2025-05-12 13:59:48,616 [main] INFO  server.StorageContainerManager (StorageContainerManager.java:stop(1632)) - Stopping block service RPC server
2025-05-12 13:59:48,616 [main] INFO  server.SCMBlockProtocolServer (SCMBlockProtocolServer.java:stop(175)) - Stopping the RPC server for Block Protocol
2025-05-12 13:59:48,616 [main] INFO  ipc.Server (Server.java:stop(3697)) - Stopping server on 15030
2025-05-12 13:59:48,620 [main] INFO  server.StorageContainerManager (StorageContainerManager.java:stop(1639)) - Stopping the StorageContainerLocationProtocol RPC server
2025-05-12 13:59:48,620 [IPC Server Responder] INFO  ipc.Server (Server.java:run(1718)) - Stopping IPC Server Responder
2025-05-12 13:59:48,620 [IPC Server listener on 15030] INFO  ipc.Server (Server.java:run(1585)) - Stopping IPC Server listener on 15030
2025-05-12 13:59:48,620 [main] INFO  server.SCMClientProtocolServer (SCMClientProtocolServer.java:stop(216)) - Stopping the RPC server for Client Protocol
2025-05-12 13:59:48,621 [main] INFO  ipc.Server (Server.java:stop(3697)) - Stopping server on 15028
2025-05-12 13:59:48,625 [IPC Server listener on 15028] INFO  ipc.Server (Server.java:run(1585)) - Stopping IPC Server listener on 15028
2025-05-12 13:59:48,625 [main] INFO  server.StorageContainerManager (StorageContainerManager.java:stop(1646)) - Stopping Storage Container Manager HTTP server.
2025-05-12 13:59:48,625 [IPC Server Responder] INFO  ipc.Server (Server.java:run(1718)) - Stopping IPC Server Responder
2025-05-12 13:59:48,626 [main] INFO  handler.ContextHandler (ContextHandler.java:doStop(1159)) - Stopped o.e.j.w.WebAppContext@4e3d2d76{scm,/,null,STOPPED}{file:/home/runner/work/ozone/ozone/hadoop-ozone/integration-test/target/test-classes/webapps/scm}
2025-05-12 13:59:48,627 [main] INFO  server.AbstractConnector (AbstractConnector.java:doStop(383)) - Stopped ServerConnector@c9ce647{HTTP/1.1, (http/1.1)}{0.0.0.0:9876}
2025-05-12 13:59:48,627 [main] INFO  server.session (HouseKeeper.java:stopScavenging(149)) - node0 Stopped scavenging
2025-05-12 13:59:48,627 [main] INFO  handler.ContextHandler (ContextHandler.java:doStop(1159)) - Stopped o.e.j.s.ServletContextHandler@646bac23{static,/static,file:///home/runner/work/ozone/ozone/hadoop-ozone/integration-test/target/test-classes/webapps/static,STOPPED}
2025-05-12 13:59:48,628 [main] INFO  handler.ContextHandler (ContextHandler.java:doStop(1159)) - Stopped o.e.j.s.ServletContextHandler@45d34ddc{logs,/logs,file:///home/runner/work/ozone/ozone/hadoop-ozone/integration-test/target/log,STOPPED}
2025-05-12 13:59:48,628 [main] INFO  server.StorageContainerManager (StorageContainerManager.java:stop(1654)) - Stopping SCM LayoutVersionManager Service.
2025-05-12 13:59:48,629 [main] INFO  server.SCMSecurityProtocolServer (SCMSecurityProtocolServer.java:stop(510)) - Stopping the SCMSecurityProtocolServer.
2025-05-12 13:59:48,629 [main] INFO  ipc.Server (Server.java:stop(3697)) - Stopping server on 15031
2025-05-12 13:59:48,629 [IPC Server listener on 15031] INFO  ipc.Server (Server.java:run(1585)) - Stopping IPC Server listener on 15031
2025-05-12 13:59:48,629 [main] INFO  server.StorageContainerManager (StorageContainerManager.java:stop(1666)) - Stopping Block Manager Service.
2025-05-12 13:59:48,629 [IPC Server Responder] INFO  ipc.Server (Server.java:run(1718)) - Stopping IPC Server Responder
2025-05-12 13:59:48,629 [main] INFO  utils.BackgroundService (BackgroundService.java:shutdown(160)) - Shutting down service SCMBlockDeletingService
2025-05-12 13:59:48,630 [main] INFO  utils.BackgroundService (BackgroundService.java:shutdown(160)) - Shutting down service SCMBlockDeletingService
2025-05-12 13:59:48,630 [main] INFO  server.StorageContainerManager (StorageContainerManager.java:stop(1691)) - Stopping SCM Event Queue.
2025-05-12 13:59:48,630 [main] INFO  server.StorageContainerManager (StorageContainerManager.java:stop(1698)) - Stopping SCM HA services.
2025-05-12 13:59:48,630 [main] INFO  ha.SCMRatisServerImpl (SCMRatisServerImpl.java:stop(266)) - stopping ratis server 0.0.0.0:15032
2025-05-12 13:59:48,631 [main] INFO  server.RaftServer (RaftServerProxy.java:lambda$close$9(417)) - 831a0b19-ad36-4c5b-8a54-d42644b67846: close
2025-05-12 13:59:48,631 [main] INFO  server.GrpcService (GrpcService.java:closeImpl(343)) - 831a0b19-ad36-4c5b-8a54-d42644b67846: shutdown server GrpcServerProtocolService now
2025-05-12 13:59:48,631 [831a0b19-ad36-4c5b-8a54-d42644b67846-impl-thread1] INFO  server.RaftServer$Division (RaftServerImpl.java:lambda$close$1(513)) - 831a0b19-ad36-4c5b-8a54-d42644b67846@group-5DC8F4242B56: shutdown
2025-05-12 13:59:48,632 [831a0b19-ad36-4c5b-8a54-d42644b67846-impl-thread1] INFO  util.JmxRegister (JmxRegister.java:unregister(74)) - Successfully un-registered JMX Bean with object name Ratis:service=RaftServer,group=group-5DC8F4242B56,id=831a0b19-ad36-4c5b-8a54-d42644b67846
2025-05-12 13:59:48,632 [831a0b19-ad36-4c5b-8a54-d42644b67846-impl-thread1] INFO  impl.RoleInfo (RoleInfo.java:shutdownFollowerState(121)) - 831a0b19-ad36-4c5b-8a54-d42644b67846: shutdown 831a0b19-ad36-4c5b-8a54-d42644b67846@group-5DC8F4242B56-FollowerState
2025-05-12 13:59:48,632 [831a0b19-ad36-4c5b-8a54-d42644b67846@group-5DC8F4242B56-FollowerState] INFO  impl.FollowerState (FollowerState.java:runImpl(170)) - 831a0b19-ad36-4c5b-8a54-d42644b67846@group-5DC8F4242B56-FollowerState was interrupted
2025-05-12 13:59:48,632 [831a0b19-ad36-4c5b-8a54-d42644b67846@group-5DC8F4242B56-StateMachineUpdater] INFO  impl.StateMachineUpdater (StateMachineUpdater.java:stop(141)) - 831a0b19-ad36-4c5b-8a54-d42644b67846@group-5DC8F4242B56-StateMachineUpdater: closing SCMStateMachine, lastApplied=(t:0, i:~)
2025-05-12 13:59:48,632 [831a0b19-ad36-4c5b-8a54-d42644b67846-impl-thread1] INFO  impl.StateMachineUpdater (StateMachineUpdater.java:stopAndJoin(164)) - 831a0b19-ad36-4c5b-8a54-d42644b67846@group-5DC8F4242B56-StateMachineUpdater: set stopIndex = -1
2025-05-12 13:59:48,632 [831a0b19-ad36-4c5b-8a54-d42644b67846@group-5DC8F4242B56-cacheEviction-AwaitToRun] INFO  util.AwaitToRun (AwaitToRun.java:run(49)) - 831a0b19-ad36-4c5b-8a54-d42644b67846@group-5DC8F4242B56-cacheEviction-AwaitToRun-AwaitForSignal is interrupted
2025-05-12 13:59:48,635 [main] INFO  server.GrpcService (GrpcService.java:closeImpl(352)) - 831a0b19-ad36-4c5b-8a54-d42644b67846: shutdown server GrpcServerProtocolService successfully
2025-05-12 13:59:48,856 [831a0b19-ad36-4c5b-8a54-d42644b67846-impl-thread1] INFO  segmented.SegmentedRaftLogWorker (SegmentedRaftLogWorker.java:close(252)) - 831a0b19-ad36-4c5b-8a54-d42644b67846@group-5DC8F4242B56-SegmentedRaftLogWorker close()
2025-05-12 13:59:48,856 [JvmPauseMonitor9] INFO  util.JvmPauseMonitor (JvmPauseMonitor.java:run(152)) - JvmPauseMonitor-831a0b19-ad36-4c5b-8a54-d42644b67846: Stopped
2025-05-12 13:59:48,857 [main] INFO  SCMHATransactionMonitor (BackgroundSCMService.java:stop(127)) - Stopping SCMHATransactionMonitor Service.
2025-05-12 13:59:48,857 [SCMHATransactionMonitor] WARN  SCMHATransactionMonitor (BackgroundSCMService.java:run(111)) - SCMHATransactionMonitor is interrupted, exit
2025-05-12 13:59:48,857 [main] INFO  pipeline.BackgroundPipelineCreator (BackgroundPipelineCreator.java:stop(154)) - Stopping RatisPipelineUtilsThread.
2025-05-12 13:59:48,857 [RatisPipelineUtilsThread-0] WARN  pipeline.BackgroundPipelineCreator (BackgroundPipelineCreator.java:run(185)) - RatisPipelineUtilsThread is interrupted.
2025-05-12 13:59:48,857 [BackgroundPipelineScrubber] WARN  BackgroundPipelineScrubber (BackgroundSCMService.java:run(111)) - BackgroundPipelineScrubber is interrupted, exit
2025-05-12 13:59:48,857 [main] INFO  BackgroundPipelineScrubber (BackgroundSCMService.java:stop(127)) - Stopping BackgroundPipelineScrubber Service.
2025-05-12 13:59:48,858 [main] INFO  impl.MetricsSystemImpl (MetricsSystemImpl.java:stop(210)) - Stopping StorageContainerManager metrics system...
2025-05-12 13:59:48,859 [prometheus] INFO  impl.MetricsSinkAdapter (MetricsSinkAdapter.java:publishMetricsFromQueue(141)) - prometheus thread interrupted.
2025-05-12 13:59:48,859 [main] INFO  impl.MetricsSystemImpl (MetricsSystemImpl.java:stop(216)) - StorageContainerManager metrics system stopped.
2025-05-12 13:59:48,859 [main] WARN  pipeline.BackgroundPipelineCreator (BackgroundPipelineCreator.java:stop(150)) - RatisPipelineUtilsThread is not running, just ignore.
2025-05-12 13:59:48,859 [main] INFO  BackgroundPipelineScrubber (BackgroundSCMService.java:stop(122)) - BackgroundPipelineScrubber Service is not running, skip stop.
2025-05-12 13:59:48,859 [main] INFO  ExpiredContainerReplicaOpScrubber (BackgroundSCMService.java:stop(127)) - Stopping ExpiredContainerReplicaOpScrubber Service.
2025-05-12 13:59:48,859 [main] INFO  utils.BackgroundService (BackgroundService.java:shutdown(160)) - Shutting down service SCMBlockDeletingService
2025-05-12 13:59:48,859 [main] INFO  replication.ReplicationManager (ReplicationManager.java:stop(323)) - Replication Monitor Thread is not running.
2025-05-12 13:59:48,860 [main] WARN  balancer.ContainerBalancer (ContainerBalancer.java:stop(350)) - Cannot stop Container Balancer because it's not running or stopping
2025-05-12 13:59:48,860 [main] INFO  SCMHATransactionMonitor (BackgroundSCMService.java:stop(122)) - SCMHATransactionMonitor Service is not running, skip stop.
2025-05-12 13:59:48,860 [LeaseManager#LeaseMonitor] WARN  lease.LeaseManager (LeaseManager.java:run(285)) - Lease manager is interrupted. Shutting down...
java.lang.InterruptedException
	at java.base/java.util.concurrent.locks.AbstractQueuedSynchronizer.tryAcquireSharedNanos(AbstractQueuedSynchronizer.java:1133)
	at java.base/java.util.concurrent.Semaphore.tryAcquire(Semaphore.java:415)
	at org.apache.hadoop.ozone.lease.LeaseManager$LeaseMonitor.run(LeaseManager.java:283)
	at java.base/java.lang.Thread.run(Thread.java:1583)
2025-05-12 13:59:48,859 [ExpiredContainerReplicaOpScrubber] WARN  ExpiredContainerReplicaOpScrubber (BackgroundSCMService.java:run(111)) - ExpiredContainerReplicaOpScrubber is interrupted, exit
2025-05-12 13:59:48,860 [831a0b19-ad36-4c5b-8a54-d42644b67846-scm/sub-ca-refreshCACertificates] ERROR util.ExitUtils (ExitUtils.java:terminate(133)) - Terminating with exit status -1: Thread[#1609,831a0b19-ad36-4c5b-8a54-d42644b67846-scm/sub-ca-refreshCACertificates,5,main] has thrown an uncaught exception
java.lang.reflect.UndeclaredThrowableException
	at jdk.proxy2/jdk.proxy2.$Proxy45.submitRequest(Unknown Source)
	at org.apache.hadoop.hdds.protocolPB.SCMSecurityProtocolClientSideTranslatorPB.submitRequest(SCMSecurityProtocolClientSideTranslatorPB.java:93)
	at org.apache.hadoop.hdds.protocolPB.SCMSecurityProtocolClientSideTranslatorPB.getAllRootCaCertificates(SCMSecurityProtocolClientSideTranslatorPB.java:382)
	at org.apache.hadoop.hdds.security.x509.certificate.client.SCMCertificateClient$RefreshCACertificates.run(SCMCertificateClient.java:238)
	at java.base/java.util.concurrent.ThreadPoolExecutor.runWorker(ThreadPoolExecutor.java:1144)
	at java.base/java.util.concurrent.ThreadPoolExecutor$Worker.run(ThreadPoolExecutor.java:642)
	at java.base/java.lang.Thread.run(Thread.java:1583)
Caused by: java.io.InterruptedIOException: Retry interrupted
	at org.apache.hadoop.io.retry.RetryInvocationHandler$Call.processWaitTimeAndRetryInfo(RetryInvocationHandler.java:141)
	at org.apache.hadoop.io.retry.RetryInvocationHandler$Call.invokeOnce(RetryInvocationHandler.java:112)
	at org.apache.hadoop.io.retry.RetryInvocationHandler.invoke(RetryInvocationHandler.java:366)
	... 7 more
Caused by: java.lang.InterruptedException: sleep interrupted
	at java.base/java.lang.Thread.sleep0(Native Method)
	at java.base/java.lang.Thread.sleep(Thread.java:509)
	at org.apache.hadoop.io.retry.RetryInvocationHandler$Call.processWaitTimeAndRetryInfo(RetryInvocationHandler.java:135)
	... 9 more
2025-05-12 13:59:48,860 [main] INFO  server.StorageContainerManager (StorageContainerManager.java:stop(1733)) - Stopping SCM MetadataStore.
2025-05-12 13:59:48,862 [main] INFO  impl.DefaultInternalKdcServerImpl (DefaultInternalKdcServerImpl.java:doStop(102)) - Default Internal kdc server stopped.
2025-05-12 13:59:49,862 [main] INFO  minikdc.MiniKdc (MiniKdc.java:stop(359)) - MiniKdc stopped.
2025-05-12 13:59:49,862 [main] INFO  server.StorageContainerManager (StorageContainerManager.java:stop(1597)) - Storage Container Manager is not running.
2025-05-12 13:59:49,863 [main] INFO  server.StorageContainerManager (StorageContainerManager.java:stopReplicationManager(1742)) - Stopping Replication Manager Service.
2025-05-12 13:59:49,863 [main] INFO  replication.ReplicationManager (ReplicationManager.java:stop(323)) - Replication Monitor Thread is not running.
2025-05-12 13:59:49,863 [main] INFO  server.SCMSecurityProtocolServer (SCMSecurityProtocolServer.java:join(519)) - Join RPC server for SCMSecurityProtocolServer.
2025-05-12 13:59:49,863 [main] INFO  server.SCMSecurityProtocolServer (SCMSecurityProtocolServer.java:join(521)) - Join gRPC server for SCMSecurityProtocolServer.
]]></system-out>
    </rerunError>
    <rerunError message="Problem binding to [pkrvmberfyhpb9w.internal.cloudapp.net:15041] java.net.BindException: Cannot assign requested address; For more details see:  http://wiki.apache.org/hadoop/BindException" type="java.net.BindException">
      <stackTrace><![CDATA[java.net.BindException: Problem binding to [pkrvmberfyhpb9w.internal.cloudapp.net:15041] java.net.BindException: Cannot assign requested address; For more details see:  http://wiki.apache.org/hadoop/BindException
	at java.base/jdk.internal.reflect.DirectConstructorHandleAccessor.newInstance(DirectConstructorHandleAccessor.java:62)
	at java.base/java.lang.reflect.Constructor.newInstanceWithCaller(Constructor.java:502)
	at java.base/java.lang.reflect.Constructor.newInstance(Constructor.java:486)
	at org.apache.hadoop.net.NetUtils.wrapWithMessage(NetUtils.java:961)
	at org.apache.hadoop.net.NetUtils.wrapException(NetUtils.java:857)
	at org.apache.hadoop.ipc.Server.bind(Server.java:715)
	at org.apache.hadoop.ipc.Server$Listener.<init>(Server.java:1435)
	at org.apache.hadoop.ipc.Server.<init>(Server.java:3364)
	at org.apache.hadoop.ipc.RPC$Server.<init>(RPC.java:1195)
	at org.apache.hadoop.ipc.ProtobufRpcEngine2$Server.<init>(ProtobufRpcEngine2.java:485)
	at org.apache.hadoop.ipc.ProtobufRpcEngine$Server.<init>(ProtobufRpcEngine.java:452)
	at org.apache.hadoop.ipc.ProtobufRpcEngine.getServer(ProtobufRpcEngine.java:375)
	at org.apache.hadoop.ipc.RPC$Builder.build(RPC.java:986)
	at org.apache.hadoop.ozone.om.OzoneManager.startRpcServer(OzoneManager.java:1414)
	at org.apache.hadoop.ozone.om.OzoneManager.getRpcServer(OzoneManager.java:1376)
	at org.apache.hadoop.ozone.om.OzoneManager.<init>(OzoneManager.java:695)
	at org.apache.hadoop.ozone.om.OzoneManager.createOm(OzoneManager.java:877)
	at org.apache.hadoop.ozone.TestSecureOzoneCluster.setupOm(TestSecureOzoneCluster.java:716)
	at org.apache.hadoop.ozone.TestSecureOzoneCluster.testGetSetRevokeS3Secret(TestSecureOzoneCluster.java:728)
	at java.base/java.lang.reflect.Method.invoke(Method.java:580)
	at java.base/java.util.ArrayList.forEach(ArrayList.java:1596)
	at java.base/java.util.ArrayList.forEach(ArrayList.java:1596)
Caused by: java.net.BindException: Cannot assign requested address
	at java.base/sun.nio.ch.Net.bind0(Native Method)
	at java.base/sun.nio.ch.Net.bind(Net.java:565)
	at java.base/sun.nio.ch.ServerSocketChannelImpl.netBind(ServerSocketChannelImpl.java:344)
	at java.base/sun.nio.ch.ServerSocketChannelImpl.bind(ServerSocketChannelImpl.java:301)
	at java.base/sun.nio.ch.ServerSocketAdaptor.bind(ServerSocketAdaptor.java:89)
	at org.apache.hadoop.ipc.Server.bind(Server.java:698)
	... 16 more
]]></stackTrace>
      <system-out><![CDATA[2025-05-12 13:59:49,904 [main] INFO  minikdc.MiniKdc (MiniKdc.java:<init>(225)) - Configuration:
2025-05-12 13:59:49,905 [main] INFO  minikdc.MiniKdc (MiniKdc.java:<init>(226)) - ---------------------------------------------------------------
2025-05-12 13:59:49,905 [main] INFO  minikdc.MiniKdc (MiniKdc.java:<init>(228)) -   max.renewable.lifetime: 604800000
2025-05-12 13:59:49,905 [main] INFO  minikdc.MiniKdc (MiniKdc.java:<init>(228)) -   instance: DefaultKrbServer
2025-05-12 13:59:49,905 [main] INFO  minikdc.MiniKdc (MiniKdc.java:<init>(228)) -   debug: false
2025-05-12 13:59:49,905 [main] INFO  minikdc.MiniKdc (MiniKdc.java:<init>(228)) -   kdc.bind.address: localhost
2025-05-12 13:59:49,905 [main] INFO  minikdc.MiniKdc (MiniKdc.java:<init>(228)) -   max.ticket.lifetime: 86400000
2025-05-12 13:59:49,905 [main] INFO  minikdc.MiniKdc (MiniKdc.java:<init>(228)) -   transport: TCP
2025-05-12 13:59:49,905 [main] INFO  minikdc.MiniKdc (MiniKdc.java:<init>(228)) -   org.name: EXAMPLE
2025-05-12 13:59:49,905 [main] INFO  minikdc.MiniKdc (MiniKdc.java:<init>(228)) -   org.domain: COM
2025-05-12 13:59:49,905 [main] INFO  minikdc.MiniKdc (MiniKdc.java:<init>(228)) -   kdc.port: 0
2025-05-12 13:59:49,906 [main] INFO  minikdc.MiniKdc (MiniKdc.java:<init>(230)) - ---------------------------------------------------------------
2025-05-12 13:59:49,907 [main] INFO  minikdc.MiniKdc (MiniKdc.java:start(285)) - MiniKdc started.
2025-05-12 13:59:50,048 [main] INFO  keys.KeyStorage (KeyStorage.java:storePublicKey(210)) - Storing public key to /tmp/junit-5774183720346243141/om-meta/om/keys/public.pem.
2025-05-12 13:59:50,048 [main] INFO  keys.KeyStorage (KeyStorage.java:storePrivateKey(194)) - Storing private key to /tmp/junit-5774183720346243141/om-meta/om/keys/private.pem.
2025-05-12 13:59:50,049 [main] INFO  om.OzoneManager (OzoneManager.java:getOmDetailsProto(4941)) - OzoneManager ports added:[name: "RPC"
value: 15041
]
2025-05-12 13:59:50,050 [main] WARN  server.ServerUtils (ServerUtils.java:getScmDbDir(138)) - ozone.scm.db.dirs is not configured. We recommend adding this setting. Falling back to ozone.metadata.dirs instead.
2025-05-12 13:59:50,050 [main] INFO  ha.HASecurityUtils (HASecurityUtils.java:initializeSecurity(79)) - Initializing secure StorageContainerManager.
2025-05-12 13:59:50,051 [main] INFO  proxy.SCMSecurityProtocolFailoverProxyProvider (SCMFailoverProxyProviderBase.java:<init>(120)) - Created fail-over proxy for protocol SCMSecurityProtocolPB with 1 nodes: [nodeId=scmNodeId,nodeAddress=localhost/127.0.0.1:15038]
2025-05-12 13:59:50,051 [main] INFO  client.SCMCertificateClient (DefaultCertificateClient.java:updateCertSerialId(1289)) - Certificate serial ID set to null
2025-05-12 13:59:50,051 [main] ERROR client.SCMCertificateClient (DefaultCertificateClient.java:getCertPath(373)) - Default certificate serial id is not set. Can't locate the default certificate for this client.
2025-05-12 13:59:50,051 [main] INFO  client.SCMCertificateClient (DefaultCertificateClient.java:init(717)) - Certificate client init case: 0
2025-05-12 13:59:50,051 [main] INFO  client.SCMCertificateClient (DefaultCertificateClient.java:handleCase(735)) - Creating keypair for client as keypair and certificate not found.
2025-05-12 13:59:50,151 [main] INFO  keys.KeyStorage (KeyStorage.java:storePublicKey(210)) - Storing public key to /tmp/junit-5774183720346243141/scm-meta/scm/sub-ca/keys/public.pem.
2025-05-12 13:59:50,151 [main] INFO  keys.KeyStorage (KeyStorage.java:storePrivateKey(194)) - Storing private key to /tmp/junit-5774183720346243141/scm-meta/scm/sub-ca/keys/private.pem.
2025-05-12 13:59:50,151 [main] INFO  client.SCMCertificateClient (SCMCertificateClient.java:recoverStateIfNeeded(278)) - Init response: GETCERT
2025-05-12 13:59:50,152 [main] INFO  keys.KeyStorage (KeyStorage.java:readPublicKey(174)) - Reading public key from /tmp/junit-5774183720346243141/scm-meta/scm/ca/keys/public.pem.
2025-05-12 13:59:50,152 [main] ERROR keys.KeyStorage (KeyStorage.java:readPublicKey(178)) - Failed to read the public key.
java.nio.file.NoSuchFileException: /tmp/junit-5774183720346243141/scm-meta/scm/ca/keys/public.pem
	at java.base/sun.nio.fs.UnixException.translateToIOException(UnixException.java:92)
	at java.base/sun.nio.fs.UnixException.rethrowAsIOException(UnixException.java:106)
	at java.base/sun.nio.fs.UnixException.rethrowAsIOException(UnixException.java:111)
	at java.base/sun.nio.fs.UnixFileSystemProvider.newByteChannel(UnixFileSystemProvider.java:261)
	at java.base/java.nio.file.Files.newByteChannel(Files.java:380)
	at java.base/java.nio.file.Files.newByteChannel(Files.java:432)
	at java.base/java.nio.file.Files.readAllBytes(Files.java:3281)
	at org.apache.hadoop.hdds.security.x509.keys.KeyStorage.readPublicKey(KeyStorage.java:176)
	at org.apache.hadoop.hdds.security.x509.keys.KeyStorage.readKeyPair(KeyStorage.java:184)
	at org.apache.hadoop.hdds.security.x509.certificate.authority.DefaultCAServer.checkIfKeysExist(DefaultCAServer.java:354)
	at org.apache.hadoop.hdds.security.x509.certificate.authority.DefaultCAServer.verifySelfSignedCA(DefaultCAServer.java:323)
	at org.apache.hadoop.hdds.security.x509.certificate.authority.DefaultCAServer.init(DefaultCAServer.java:162)
	at org.apache.hadoop.hdds.security.x509.certificate.client.SCMCertificateClient.initializeRootCertificateServer(SCMCertificateClient.java:396)
	at org.apache.hadoop.hdds.security.x509.certificate.client.SCMCertificateClient.getPrimarySCMSelfSignedCert(SCMCertificateClient.java:346)
	at org.apache.hadoop.hdds.security.x509.certificate.client.SCMCertificateClient.recoverStateIfNeeded(SCMCertificateClient.java:287)
	at org.apache.hadoop.hdds.security.x509.certificate.client.DefaultCertificateClient.initWithRecovery(DefaultCertificateClient.java:698)
	at org.apache.hadoop.hdds.scm.ha.HASecurityUtils.initializeSecurity(HASecurityUtils.java:96)
	at org.apache.hadoop.ozone.TestSecureOzoneCluster.initSCM(TestSecureOzoneCluster.java:450)
	at org.apache.hadoop.ozone.TestSecureOzoneCluster.testGetSetRevokeS3Secret(TestSecureOzoneCluster.java:722)
	at java.base/jdk.internal.reflect.DirectMethodHandleAccessor.invoke(DirectMethodHandleAccessor.java:103)
	at java.base/java.lang.reflect.Method.invoke(Method.java:580)
	at org.junit.platform.commons.util.ReflectionUtils.invokeMethod(ReflectionUtils.java:775)
	at org.junit.platform.commons.support.ReflectionSupport.invokeMethod(ReflectionSupport.java:479)
	at org.junit.jupiter.engine.execution.MethodInvocation.proceed(MethodInvocation.java:60)
	at org.junit.jupiter.engine.execution.InvocationInterceptorChain$ValidatingInvocation.proceed(InvocationInterceptorChain.java:131)
	at org.junit.jupiter.engine.extension.SameThreadTimeoutInvocation.proceed(SameThreadTimeoutInvocation.java:49)
	at org.junit.jupiter.engine.extension.TimeoutExtension.intercept(TimeoutExtension.java:161)
	at org.junit.jupiter.engine.extension.TimeoutExtension.interceptTestableMethod(TimeoutExtension.java:152)
	at org.junit.jupiter.engine.extension.TimeoutExtension.interceptTestMethod(TimeoutExtension.java:91)
	at org.junit.jupiter.engine.execution.InterceptingExecutableInvoker$ReflectiveInterceptorCall.lambda$ofVoidMethod$0(InterceptingExecutableInvoker.java:112)
	at org.junit.jupiter.engine.execution.InterceptingExecutableInvoker.lambda$invoke$0(InterceptingExecutableInvoker.java:94)
	at org.junit.jupiter.engine.execution.InvocationInterceptorChain$InterceptedInvocation.proceed(InvocationInterceptorChain.java:106)
	at org.junit.jupiter.engine.execution.InvocationInterceptorChain.proceed(InvocationInterceptorChain.java:64)
	at org.junit.jupiter.engine.execution.InvocationInterceptorChain.chainAndInvoke(InvocationInterceptorChain.java:45)
	at org.junit.jupiter.engine.execution.InvocationInterceptorChain.invoke(InvocationInterceptorChain.java:37)
	at org.junit.jupiter.engine.execution.InterceptingExecutableInvoker.invoke(InterceptingExecutableInvoker.java:93)
	at org.junit.jupiter.engine.execution.InterceptingExecutableInvoker.invoke(InterceptingExecutableInvoker.java:87)
	at org.junit.jupiter.engine.descriptor.TestMethodTestDescriptor.lambda$invokeTestMethod$7(TestMethodTestDescriptor.java:216)
	at org.junit.platform.engine.support.hierarchical.ThrowableCollector.execute(ThrowableCollector.java:73)
	at org.junit.jupiter.engine.descriptor.TestMethodTestDescriptor.invokeTestMethod(TestMethodTestDescriptor.java:212)
	at org.junit.jupiter.engine.descriptor.TestMethodTestDescriptor.execute(TestMethodTestDescriptor.java:137)
	at org.junit.jupiter.engine.descriptor.TestMethodTestDescriptor.execute(TestMethodTestDescriptor.java:69)
	at org.junit.platform.engine.support.hierarchical.NodeTestTask.lambda$executeRecursively$6(NodeTestTask.java:156)
	at org.junit.platform.engine.support.hierarchical.ThrowableCollector.execute(ThrowableCollector.java:73)
	at org.junit.platform.engine.support.hierarchical.NodeTestTask.lambda$executeRecursively$8(NodeTestTask.java:146)
	at org.junit.platform.engine.support.hierarchical.Node.around(Node.java:137)
	at org.junit.platform.engine.support.hierarchical.NodeTestTask.lambda$executeRecursively$9(NodeTestTask.java:144)
	at org.junit.platform.engine.support.hierarchical.ThrowableCollector.execute(ThrowableCollector.java:73)
	at org.junit.platform.engine.support.hierarchical.NodeTestTask.executeRecursively(NodeTestTask.java:143)
	at org.junit.platform.engine.support.hierarchical.NodeTestTask.execute(NodeTestTask.java:100)
	at java.base/java.util.ArrayList.forEach(ArrayList.java:1596)
	at org.junit.platform.engine.support.hierarchical.SameThreadHierarchicalTestExecutorService.invokeAll(SameThreadHierarchicalTestExecutorService.java:41)
	at org.junit.platform.engine.support.hierarchical.NodeTestTask.lambda$executeRecursively$6(NodeTestTask.java:160)
	at org.junit.platform.engine.support.hierarchical.ThrowableCollector.execute(ThrowableCollector.java:73)
	at org.junit.platform.engine.support.hierarchical.NodeTestTask.lambda$executeRecursively$8(NodeTestTask.java:146)
	at org.junit.platform.engine.support.hierarchical.Node.around(Node.java:137)
	at org.junit.platform.engine.support.hierarchical.NodeTestTask.lambda$executeRecursively$9(NodeTestTask.java:144)
	at org.junit.platform.engine.support.hierarchical.ThrowableCollector.execute(ThrowableCollector.java:73)
	at org.junit.platform.engine.support.hierarchical.NodeTestTask.executeRecursively(NodeTestTask.java:143)
	at org.junit.platform.engine.support.hierarchical.NodeTestTask.execute(NodeTestTask.java:100)
	at java.base/java.util.ArrayList.forEach(ArrayList.java:1596)
	at org.junit.platform.engine.support.hierarchical.SameThreadHierarchicalTestExecutorService.invokeAll(SameThreadHierarchicalTestExecutorService.java:41)
	at org.junit.platform.engine.support.hierarchical.NodeTestTask.lambda$executeRecursively$6(NodeTestTask.java:160)
	at org.junit.platform.engine.support.hierarchical.ThrowableCollector.execute(ThrowableCollector.java:73)
	at org.junit.platform.engine.support.hierarchical.NodeTestTask.lambda$executeRecursively$8(NodeTestTask.java:146)
	at org.junit.platform.engine.support.hierarchical.Node.around(Node.java:137)
	at org.junit.platform.engine.support.hierarchical.NodeTestTask.lambda$executeRecursively$9(NodeTestTask.java:144)
	at org.junit.platform.engine.support.hierarchical.ThrowableCollector.execute(ThrowableCollector.java:73)
	at org.junit.platform.engine.support.hierarchical.NodeTestTask.executeRecursively(NodeTestTask.java:143)
	at org.junit.platform.engine.support.hierarchical.NodeTestTask.execute(NodeTestTask.java:100)
	at org.junit.platform.engine.support.hierarchical.SameThreadHierarchicalTestExecutorService.submit(SameThreadHierarchicalTestExecutorService.java:35)
	at org.junit.platform.engine.support.hierarchical.HierarchicalTestExecutor.execute(HierarchicalTestExecutor.java:57)
	at org.junit.platform.engine.support.hierarchical.HierarchicalTestEngine.execute(HierarchicalTestEngine.java:54)
	at org.junit.platform.launcher.core.EngineExecutionOrchestrator.execute(EngineExecutionOrchestrator.java:201)
	at org.junit.platform.launcher.core.EngineExecutionOrchestrator.execute(EngineExecutionOrchestrator.java:170)
	at org.junit.platform.launcher.core.EngineExecutionOrchestrator.execute(EngineExecutionOrchestrator.java:94)
	at org.junit.platform.launcher.core.EngineExecutionOrchestrator.lambda$execute$0(EngineExecutionOrchestrator.java:59)
	at org.junit.platform.launcher.core.EngineExecutionOrchestrator.withInterceptedStreams(EngineExecutionOrchestrator.java:142)
	at org.junit.platform.launcher.core.EngineExecutionOrchestrator.execute(EngineExecutionOrchestrator.java:58)
	at org.junit.platform.launcher.core.DefaultLauncher.execute(DefaultLauncher.java:103)
	at org.junit.platform.launcher.core.DefaultLauncher.execute(DefaultLauncher.java:85)
	at org.junit.platform.launcher.core.DelegatingLauncher.execute(DelegatingLauncher.java:47)
	at org.junit.platform.launcher.core.InterceptingLauncher.lambda$execute$1(InterceptingLauncher.java:39)
	at org.junit.platform.launcher.core.ClasspathAlignmentCheckingLauncherInterceptor.intercept(ClasspathAlignmentCheckingLauncherInterceptor.java:25)
	at org.junit.platform.launcher.core.InterceptingLauncher.execute(InterceptingLauncher.java:38)
	at org.junit.platform.launcher.core.DelegatingLauncher.execute(DelegatingLauncher.java:47)
	at org.apache.maven.surefire.junitplatform.LazyLauncher.execute(LazyLauncher.java:56)
	at org.apache.maven.surefire.junitplatform.JUnitPlatformProvider.invokeAllTests(JUnitPlatformProvider.java:162)
	at org.apache.maven.surefire.junitplatform.JUnitPlatformProvider.invoke(JUnitPlatformProvider.java:120)
	at org.apache.maven.surefire.booter.ForkedBooter.runSuitesInProcess(ForkedBooter.java:385)
	at org.apache.maven.surefire.booter.ForkedBooter.execute(ForkedBooter.java:162)
	at org.apache.maven.surefire.booter.ForkedBooter.run(ForkedBooter.java:507)
	at org.apache.maven.surefire.booter.ForkedBooter.main(ForkedBooter.java:495)
2025-05-12 13:59:50,459 [main] INFO  keys.KeyStorage (KeyStorage.java:storePublicKey(210)) - Storing public key to /tmp/junit-5774183720346243141/scm-meta/scm/ca/keys/public.pem.
2025-05-12 13:59:50,459 [main] INFO  keys.KeyStorage (KeyStorage.java:storePrivateKey(194)) - Storing private key to /tmp/junit-5774183720346243141/scm-meta/scm/ca/keys/private.pem.
2025-05-12 13:59:50,460 [main] INFO  ozone.OzoneSecurityUtil (OzoneSecurityUtil.java:getValidInetsForCurrentHost(116)) - ip:fe80:0:0:0:6245:bdff:fe33:754b%eth0 not returned.
2025-05-12 13:59:50,464 [main] INFO  ozone.OzoneSecurityUtil (OzoneSecurityUtil.java:getValidInetsForCurrentHost(113)) - Adding ip:10.1.1.103,host:10.1.1.103
2025-05-12 13:59:50,464 [main] INFO  ozone.OzoneSecurityUtil (OzoneSecurityUtil.java:getValidInetsForCurrentHost(116)) - ip:0:0:0:0:0:0:0:1%lo not returned.
2025-05-12 13:59:50,464 [main] INFO  ozone.OzoneSecurityUtil (OzoneSecurityUtil.java:getValidInetsForCurrentHost(116)) - ip:127.0.0.1 not returned.
2025-05-12 13:59:50,467 [main] ERROR utils.SelfSignedCertificate (SelfSignedCertificate.java:lambda$addInetAddresses$0(244)) - Invalid domain 10.1.1.103
2025-05-12 13:59:50,470 [main] INFO  utils.SelfSignedCertificate (SelfSignedCertificate.java:generateCertificate(156)) - Certificate 1 is issued by SERIALNUMBER=1, O=34a6602b-e694-42c8-9c52-1be93e8e04dc, OU=152046d9-4666-4fa9-8a17-63719a568d84, CN=scm@pkrvmberfyhpb9w to SERIALNUMBER=1, O=34a6602b-e694-42c8-9c52-1be93e8e04dc, OU=152046d9-4666-4fa9-8a17-63719a568d84, CN=scm@pkrvmberfyhpb9w, valid from Mon May 12 13:59:50 UTC 2025 to Thu Jun 20 13:59:50 UTC 2030
2025-05-12 13:59:50,470 [main] INFO  utils.CertificateCodec (CertificateCodec.java:writeCertificate(239)) - Save certificate to /tmp/junit-5774183720346243141/scm-meta/scm/ca/certs/certificate.crt
2025-05-12 13:59:50,470 [main] INFO  utils.CertificateCodec (CertificateCodec.java:writeCertificate(240)) - Certificate -----BEGIN CERTIFICATE-----
MIIDwTCCAqmgAwIBAgIBATANBgkqhkiG9w0BAQsFADCBiDEcMBoGA1UEAwwTc2Nt
QHBrcnZtYmVyZnlocGI5dzEtMCsGA1UECwwkMTUyMDQ2ZDktNDY2Ni00ZmE5LThh
MTctNjM3MTlhNTY4ZDg0MS0wKwYDVQQKDCQzNGE2NjAyYi1lNjk0LTQyYzgtOWM1
Mi0xYmU5M2U4ZTA0ZGMxCjAIBgNVBAUTATEwHhcNMjUwNTEyMTM1OTUwWhcNMzAw
NjIwMTM1OTUwWjCBiDEcMBoGA1UEAwwTc2NtQHBrcnZtYmVyZnlocGI5dzEtMCsG
A1UECwwkMTUyMDQ2ZDktNDY2Ni00ZmE5LThhMTctNjM3MTlhNTY4ZDg0MS0wKwYD
VQQKDCQzNGE2NjAyYi1lNjk0LTQyYzgtOWM1Mi0xYmU5M2U4ZTA0ZGMxCjAIBgNV
BAUTATEwggEiMA0GCSqGSIb3DQEBAQUAA4IBDwAwggEKAoIBAQCqsHCF0VMB1+Mq
CI8tyMaZZiqXH1sHcgwlMaURNaZkYt2UoENxWjdrBD9sBN6uWHiGhKsWa6/88tiP
3eKGbCNoIUxv4O5MAppjaEagziyqvuZSsRde7ew0+v1yf5sHxohjKXBE8s7ri5MV
j6Jv88nmGOrPJ1JAfz93yhAR/HJBhJZQ12rFI0JmE5IQvi6lw3RQAIXkNDXCmITh
0fCbGzzYpZ4JYOTtkMQnrwPR8hM1DUsI6LBOLyk8Dtb8TcOyWuRj4/KVR3zaM6Hq
LwaSBHGISNq1tMfOu0AIDx1s76+t1g0VLkUL5qrSENN4Y97ZlsJ/qfwmA+JLoqjO
+AUAQkGlAgMBAAGjNDAyMA8GA1UdEwEB/wQFMAMBAf8wDgYDVR0PAQH/BAQDAgEG
MA8GA1UdEQQIMAaHBAoBAWcwDQYJKoZIhvcNAQELBQADggEBAJnBb1HxwnSJ/Tda
DMVaOpEsMwzKGfy43cA8xC1YAbNmQiq9DxO2y6NKa3VwvwPdllPABZmqD6w6m5zB
NKgsHo22jlgG2Re2uqP/zLcyegFfdDFAkZSjIi/S2MHD5gTQ34aCsj49Huv5gvwo
V6+NbwNhj1n372jBgMFqDdc/RcT6mrbaD+2ctqm9wFOkWg2HcS9uwmDo+TTWN0/2
BUUO2FivMMCWPWEml1VV0zm/ILeTiGl+BOdxKrfQQqJ5h77MdajYD6xp8vELMAjI
S3HC2RxQqRUTlKk8TUYveVyCdkSpzpEW8HVV/PV0dIM7xIw+h1AGX6OTi0Pmvj/0
nR/E2lE=
-----END CERTIFICATE-----

2025-05-12 13:59:50,470 [main] INFO  keys.KeyStorage (KeyStorage.java:readPublicKey(174)) - Reading public key from /tmp/junit-5774183720346243141/scm-meta/scm/ca/keys/public.pem.
2025-05-12 13:59:50,471 [main] INFO  keys.KeyStorage (KeyStorage.java:readPrivateKey(158)) - Reading private key from /tmp/junit-5774183720346243141/scm-meta/scm/ca/keys/private.pem.
2025-05-12 13:59:50,471 [main] INFO  client.SCMCertificateClient (SCMCertificateClient.java:configureCSRBuilder(141)) - Creating csr for SCM->hostName:pkrvmberfyhpb9w,scmId:152046d9-4666-4fa9-8a17-63719a568d84,clusterId:34a6602b-e694-42c8-9c52-1be93e8e04dc,subject:scm-sub@pkrvmberfyhpb9w
2025-05-12 13:59:50,472 [main] INFO  ozone.OzoneSecurityUtil (OzoneSecurityUtil.java:getValidInetsForCurrentHost(116)) - ip:fe80:0:0:0:6245:bdff:fe33:754b%eth0 not returned.
2025-05-12 13:59:50,476 [main] INFO  ozone.OzoneSecurityUtil (OzoneSecurityUtil.java:getValidInetsForCurrentHost(113)) - Adding ip:10.1.1.103,host:10.1.1.103
2025-05-12 13:59:50,476 [main] INFO  ozone.OzoneSecurityUtil (OzoneSecurityUtil.java:getValidInetsForCurrentHost(116)) - ip:0:0:0:0:0:0:0:1%lo not returned.
2025-05-12 13:59:50,476 [main] INFO  ozone.OzoneSecurityUtil (OzoneSecurityUtil.java:getValidInetsForCurrentHost(116)) - ip:127.0.0.1 not returned.
2025-05-12 13:59:50,480 [main] ERROR utils.CertificateSignRequest (CertificateSignRequest.java:lambda$addInetAddresses$0(316)) - Invalid domain 10.1.1.103
2025-05-12 13:59:50,482 [main] INFO  keys.KeyStorage (KeyStorage.java:readPrivateKey(158)) - Reading private key from /tmp/junit-5774183720346243141/scm-meta/scm/ca/keys/private.pem.
2025-05-12 13:59:50,483 [main] INFO  authority.DefaultApprover (DefaultApprover.java:sign(171)) - Extensions in CSR: 2.5.29.19, 2.5.29.15, 2.5.29.17
2025-05-12 13:59:50,483 [main] INFO  authority.DefaultApprover (DefaultApprover.java:sign(175)) - Extensions to add to the certificate if they present in CSR: 2.5.29.15, 2.5.29.17, 2.5.29.35, 2.5.29.37, 2.5.29.19, 1.3.6.1.5.5.7.1.12
2025-05-12 13:59:50,485 [main] INFO  utils.CertificateCodec (CertificateCodec.java:writeCertificate(239)) - Save certificate to /tmp/junit-5774183720346243141/scm-meta/scm/sub-ca/certs/CA-1.crt
2025-05-12 13:59:50,485 [main] INFO  utils.CertificateCodec (CertificateCodec.java:writeCertificate(240)) - Certificate -----BEGIN CERTIFICATE-----
MIIDwTCCAqmgAwIBAgIBATANBgkqhkiG9w0BAQsFADCBiDEcMBoGA1UEAwwTc2Nt
QHBrcnZtYmVyZnlocGI5dzEtMCsGA1UECwwkMTUyMDQ2ZDktNDY2Ni00ZmE5LThh
MTctNjM3MTlhNTY4ZDg0MS0wKwYDVQQKDCQzNGE2NjAyYi1lNjk0LTQyYzgtOWM1
Mi0xYmU5M2U4ZTA0ZGMxCjAIBgNVBAUTATEwHhcNMjUwNTEyMTM1OTUwWhcNMzAw
NjIwMTM1OTUwWjCBiDEcMBoGA1UEAwwTc2NtQHBrcnZtYmVyZnlocGI5dzEtMCsG
A1UECwwkMTUyMDQ2ZDktNDY2Ni00ZmE5LThhMTctNjM3MTlhNTY4ZDg0MS0wKwYD
VQQKDCQzNGE2NjAyYi1lNjk0LTQyYzgtOWM1Mi0xYmU5M2U4ZTA0ZGMxCjAIBgNV
BAUTATEwggEiMA0GCSqGSIb3DQEBAQUAA4IBDwAwggEKAoIBAQCqsHCF0VMB1+Mq
CI8tyMaZZiqXH1sHcgwlMaURNaZkYt2UoENxWjdrBD9sBN6uWHiGhKsWa6/88tiP
3eKGbCNoIUxv4O5MAppjaEagziyqvuZSsRde7ew0+v1yf5sHxohjKXBE8s7ri5MV
j6Jv88nmGOrPJ1JAfz93yhAR/HJBhJZQ12rFI0JmE5IQvi6lw3RQAIXkNDXCmITh
0fCbGzzYpZ4JYOTtkMQnrwPR8hM1DUsI6LBOLyk8Dtb8TcOyWuRj4/KVR3zaM6Hq
LwaSBHGISNq1tMfOu0AIDx1s76+t1g0VLkUL5qrSENN4Y97ZlsJ/qfwmA+JLoqjO
+AUAQkGlAgMBAAGjNDAyMA8GA1UdEwEB/wQFMAMBAf8wDgYDVR0PAQH/BAQDAgEG
MA8GA1UdEQQIMAaHBAoBAWcwDQYJKoZIhvcNAQELBQADggEBAJnBb1HxwnSJ/Tda
DMVaOpEsMwzKGfy43cA8xC1YAbNmQiq9DxO2y6NKa3VwvwPdllPABZmqD6w6m5zB
NKgsHo22jlgG2Re2uqP/zLcyegFfdDFAkZSjIi/S2MHD5gTQ34aCsj49Huv5gvwo
V6+NbwNhj1n372jBgMFqDdc/RcT6mrbaD+2ctqm9wFOkWg2HcS9uwmDo+TTWN0/2
BUUO2FivMMCWPWEml1VV0zm/ILeTiGl+BOdxKrfQQqJ5h77MdajYD6xp8vELMAjI
S3HC2RxQqRUTlKk8TUYveVyCdkSpzpEW8HVV/PV0dIM7xIw+h1AGX6OTi0Pmvj/0
nR/E2lE=
-----END CERTIFICATE-----

2025-05-12 13:59:50,486 [main] INFO  utils.CertificateCodec (CertificateCodec.java:writeCertificate(239)) - Save certificate to /tmp/junit-5774183720346243141/scm-meta/scm/sub-ca/certs/2.crt
2025-05-12 13:59:50,486 [main] INFO  utils.CertificateCodec (CertificateCodec.java:writeCertificate(240)) - Certificate -----BEGIN CERTIFICATE-----
MIIDxTCCAq2gAwIBAgIBAjANBgkqhkiG9w0BAQsFADCBiDEcMBoGA1UEAwwTc2Nt
QHBrcnZtYmVyZnlocGI5dzEtMCsGA1UECwwkMTUyMDQ2ZDktNDY2Ni00ZmE5LThh
MTctNjM3MTlhNTY4ZDg0MS0wKwYDVQQKDCQzNGE2NjAyYi1lNjk0LTQyYzgtOWM1
Mi0xYmU5M2U4ZTA0ZGMxCjAIBgNVBAUTATEwHhcNMjUwNTEyMTM1OTUwWhcNMzAw
NjIwMTM1OTUwWjCBjDEgMB4GA1UEAwwXc2NtLXN1YkBwa3J2bWJlcmZ5aHBiOXcx
LTArBgNVBAsMJDE1MjA0NmQ5LTQ2NjYtNGZhOS04YTE3LTYzNzE5YTU2OGQ4NDEt
MCsGA1UECgwkMzRhNjYwMmItZTY5NC00MmM4LTljNTItMWJlOTNlOGUwNGRjMQow
CAYDVQQFEwEyMIIBIjANBgkqhkiG9w0BAQEFAAOCAQ8AMIIBCgKCAQEAy/hbQ8Ok
3kk2TjonILmOsqq4puGPkHzO8bBHpScXlg6RH40Cr0jsvPq38JU+KRF6llD6k7q+
SyNyiHZcBRicGJaHrQGXpTCXY0wMaKde0KW3/TCu8NFVlKuIBcoOSTF09ta+90mA
aHJqni8BoasrcOVYhMz+N6eIknfIBGNq5+hKsMfWjf2iJ8SHcZK0YQUzFuMQKrVD
sHQjy3JdZ9bwVS6FrLXcYbtut4sMPbLAZ62JeE4/8Vw6Mq1Uhra4QWQRFv+TXEcQ
JiRmnXJ7hsHJUqs/LlPJOLUM0FZlR//VKpSkzmqmFqg7I2DfsuCjY6Fy6fjDmmDX
nkpOb/CnGeVWrQIDAQABozQwMjAOBgNVHQ8BAf8EBAMCAb4wDwYDVR0RBAgwBocE
CgEBZzAPBgNVHRMBAf8EBTADAQH/MA0GCSqGSIb3DQEBCwUAA4IBAQAFC9UgkDM8
rk3TqSGjEzKmgfTvZ7S0fpl+a2Jz60dHWqufQ83h/yyeVu5Gp3x66DuplAIhb8iC
+H4PYpq8eLbV2Mb/4/oG3e6nDyHDZ6lWI31NxSMSVnbxXCggVodnYAoUi4ONGA/G
rnxSfPkxqjNJrT2OnpZyfrr8R134MZ3U+yMORhJSZlxG08x8LEXXM5kOc5S44yLn
q/NjS+kGs8l8oyybYcBSAD8O5losaHoszR+2cs2eOoefu0LI8cehUfH25ByhNxy1
zk83POfVY4TkyfhqM4bdLgyQYDXNiDwryy6i1XStWkKa3jPm0bJfs0Wi8KdB2BUC
k3g/iGgFcVZf
-----END CERTIFICATE-----

-----BEGIN CERTIFICATE-----
MIIDwTCCAqmgAwIBAgIBATANBgkqhkiG9w0BAQsFADCBiDEcMBoGA1UEAwwTc2Nt
QHBrcnZtYmVyZnlocGI5dzEtMCsGA1UECwwkMTUyMDQ2ZDktNDY2Ni00ZmE5LThh
MTctNjM3MTlhNTY4ZDg0MS0wKwYDVQQKDCQzNGE2NjAyYi1lNjk0LTQyYzgtOWM1
Mi0xYmU5M2U4ZTA0ZGMxCjAIBgNVBAUTATEwHhcNMjUwNTEyMTM1OTUwWhcNMzAw
NjIwMTM1OTUwWjCBiDEcMBoGA1UEAwwTc2NtQHBrcnZtYmVyZnlocGI5dzEtMCsG
A1UECwwkMTUyMDQ2ZDktNDY2Ni00ZmE5LThhMTctNjM3MTlhNTY4ZDg0MS0wKwYD
VQQKDCQzNGE2NjAyYi1lNjk0LTQyYzgtOWM1Mi0xYmU5M2U4ZTA0ZGMxCjAIBgNV
BAUTATEwggEiMA0GCSqGSIb3DQEBAQUAA4IBDwAwggEKAoIBAQCqsHCF0VMB1+Mq
CI8tyMaZZiqXH1sHcgwlMaURNaZkYt2UoENxWjdrBD9sBN6uWHiGhKsWa6/88tiP
3eKGbCNoIUxv4O5MAppjaEagziyqvuZSsRde7ew0+v1yf5sHxohjKXBE8s7ri5MV
j6Jv88nmGOrPJ1JAfz93yhAR/HJBhJZQ12rFI0JmE5IQvi6lw3RQAIXkNDXCmITh
0fCbGzzYpZ4JYOTtkMQnrwPR8hM1DUsI6LBOLyk8Dtb8TcOyWuRj4/KVR3zaM6Hq
LwaSBHGISNq1tMfOu0AIDx1s76+t1g0VLkUL5qrSENN4Y97ZlsJ/qfwmA+JLoqjO
+AUAQkGlAgMBAAGjNDAyMA8GA1UdEwEB/wQFMAMBAf8wDgYDVR0PAQH/BAQDAgEG
MA8GA1UdEQQIMAaHBAoBAWcwDQYJKoZIhvcNAQELBQADggEBAJnBb1HxwnSJ/Tda
DMVaOpEsMwzKGfy43cA8xC1YAbNmQiq9DxO2y6NKa3VwvwPdllPABZmqD6w6m5zB
NKgsHo22jlgG2Re2uqP/zLcyegFfdDFAkZSjIi/S2MHD5gTQ34aCsj49Huv5gvwo
V6+NbwNhj1n372jBgMFqDdc/RcT6mrbaD+2ctqm9wFOkWg2HcS9uwmDo+TTWN0/2
BUUO2FivMMCWPWEml1VV0zm/ILeTiGl+BOdxKrfQQqJ5h77MdajYD6xp8vELMAjI
S3HC2RxQqRUTlKk8TUYveVyCdkSpzpEW8HVV/PV0dIM7xIw+h1AGX6OTi0Pmvj/0
nR/E2lE=
-----END CERTIFICATE-----

2025-05-12 13:59:50,486 [main] INFO  utils.CertificateCodec (CertificateCodec.java:writeCertificate(239)) - Save certificate to /tmp/junit-5774183720346243141/scm-meta/scm/sub-ca/certs/certificate.crt
2025-05-12 13:59:50,486 [main] INFO  utils.CertificateCodec (CertificateCodec.java:writeCertificate(240)) - Certificate -----BEGIN CERTIFICATE-----
MIIDxTCCAq2gAwIBAgIBAjANBgkqhkiG9w0BAQsFADCBiDEcMBoGA1UEAwwTc2Nt
QHBrcnZtYmVyZnlocGI5dzEtMCsGA1UECwwkMTUyMDQ2ZDktNDY2Ni00ZmE5LThh
MTctNjM3MTlhNTY4ZDg0MS0wKwYDVQQKDCQzNGE2NjAyYi1lNjk0LTQyYzgtOWM1
Mi0xYmU5M2U4ZTA0ZGMxCjAIBgNVBAUTATEwHhcNMjUwNTEyMTM1OTUwWhcNMzAw
NjIwMTM1OTUwWjCBjDEgMB4GA1UEAwwXc2NtLXN1YkBwa3J2bWJlcmZ5aHBiOXcx
LTArBgNVBAsMJDE1MjA0NmQ5LTQ2NjYtNGZhOS04YTE3LTYzNzE5YTU2OGQ4NDEt
MCsGA1UECgwkMzRhNjYwMmItZTY5NC00MmM4LTljNTItMWJlOTNlOGUwNGRjMQow
CAYDVQQFEwEyMIIBIjANBgkqhkiG9w0BAQEFAAOCAQ8AMIIBCgKCAQEAy/hbQ8Ok
3kk2TjonILmOsqq4puGPkHzO8bBHpScXlg6RH40Cr0jsvPq38JU+KRF6llD6k7q+
SyNyiHZcBRicGJaHrQGXpTCXY0wMaKde0KW3/TCu8NFVlKuIBcoOSTF09ta+90mA
aHJqni8BoasrcOVYhMz+N6eIknfIBGNq5+hKsMfWjf2iJ8SHcZK0YQUzFuMQKrVD
sHQjy3JdZ9bwVS6FrLXcYbtut4sMPbLAZ62JeE4/8Vw6Mq1Uhra4QWQRFv+TXEcQ
JiRmnXJ7hsHJUqs/LlPJOLUM0FZlR//VKpSkzmqmFqg7I2DfsuCjY6Fy6fjDmmDX
nkpOb/CnGeVWrQIDAQABozQwMjAOBgNVHQ8BAf8EBAMCAb4wDwYDVR0RBAgwBocE
CgEBZzAPBgNVHRMBAf8EBTADAQH/MA0GCSqGSIb3DQEBCwUAA4IBAQAFC9UgkDM8
rk3TqSGjEzKmgfTvZ7S0fpl+a2Jz60dHWqufQ83h/yyeVu5Gp3x66DuplAIhb8iC
+H4PYpq8eLbV2Mb/4/oG3e6nDyHDZ6lWI31NxSMSVnbxXCggVodnYAoUi4ONGA/G
rnxSfPkxqjNJrT2OnpZyfrr8R134MZ3U+yMORhJSZlxG08x8LEXXM5kOc5S44yLn
q/NjS+kGs8l8oyybYcBSAD8O5losaHoszR+2cs2eOoefu0LI8cehUfH25ByhNxy1
zk83POfVY4TkyfhqM4bdLgyQYDXNiDwryy6i1XStWkKa3jPm0bJfs0Wi8KdB2BUC
k3g/iGgFcVZf
-----END CERTIFICATE-----

-----BEGIN CERTIFICATE-----
MIIDwTCCAqmgAwIBAgIBATANBgkqhkiG9w0BAQsFADCBiDEcMBoGA1UEAwwTc2Nt
QHBrcnZtYmVyZnlocGI5dzEtMCsGA1UECwwkMTUyMDQ2ZDktNDY2Ni00ZmE5LThh
MTctNjM3MTlhNTY4ZDg0MS0wKwYDVQQKDCQzNGE2NjAyYi1lNjk0LTQyYzgtOWM1
Mi0xYmU5M2U4ZTA0ZGMxCjAIBgNVBAUTATEwHhcNMjUwNTEyMTM1OTUwWhcNMzAw
NjIwMTM1OTUwWjCBiDEcMBoGA1UEAwwTc2NtQHBrcnZtYmVyZnlocGI5dzEtMCsG
A1UECwwkMTUyMDQ2ZDktNDY2Ni00ZmE5LThhMTctNjM3MTlhNTY4ZDg0MS0wKwYD
VQQKDCQzNGE2NjAyYi1lNjk0LTQyYzgtOWM1Mi0xYmU5M2U4ZTA0ZGMxCjAIBgNV
BAUTATEwggEiMA0GCSqGSIb3DQEBAQUAA4IBDwAwggEKAoIBAQCqsHCF0VMB1+Mq
CI8tyMaZZiqXH1sHcgwlMaURNaZkYt2UoENxWjdrBD9sBN6uWHiGhKsWa6/88tiP
3eKGbCNoIUxv4O5MAppjaEagziyqvuZSsRde7ew0+v1yf5sHxohjKXBE8s7ri5MV
j6Jv88nmGOrPJ1JAfz93yhAR/HJBhJZQ12rFI0JmE5IQvi6lw3RQAIXkNDXCmITh
0fCbGzzYpZ4JYOTtkMQnrwPR8hM1DUsI6LBOLyk8Dtb8TcOyWuRj4/KVR3zaM6Hq
LwaSBHGISNq1tMfOu0AIDx1s76+t1g0VLkUL5qrSENN4Y97ZlsJ/qfwmA+JLoqjO
+AUAQkGlAgMBAAGjNDAyMA8GA1UdEwEB/wQFMAMBAf8wDgYDVR0PAQH/BAQDAgEG
MA8GA1UdEQQIMAaHBAoBAWcwDQYJKoZIhvcNAQELBQADggEBAJnBb1HxwnSJ/Tda
DMVaOpEsMwzKGfy43cA8xC1YAbNmQiq9DxO2y6NKa3VwvwPdllPABZmqD6w6m5zB
NKgsHo22jlgG2Re2uqP/zLcyegFfdDFAkZSjIi/S2MHD5gTQ34aCsj49Huv5gvwo
V6+NbwNhj1n372jBgMFqDdc/RcT6mrbaD+2ctqm9wFOkWg2HcS9uwmDo+TTWN0/2
BUUO2FivMMCWPWEml1VV0zm/ILeTiGl+BOdxKrfQQqJ5h77MdajYD6xp8vELMAjI
S3HC2RxQqRUTlKk8TUYveVyCdkSpzpEW8HVV/PV0dIM7xIw+h1AGX6OTi0Pmvj/0
nR/E2lE=
-----END CERTIFICATE-----

2025-05-12 13:59:50,486 [main] INFO  client.SCMCertificateClient (SCMCertificateClient.java:recoverStateIfNeeded(289)) - Successfully stored SCM signed certificate.
2025-05-12 13:59:50,488 [main] INFO  ha.SCMHANodeDetails (SCMHANodeDetails.java:loadSCMHAConfig(162)) - ServiceID for StorageContainerManager is null
2025-05-12 13:59:50,488 [main] INFO  ha.SCMHANodeDetails (SCMHANodeDetails.java:loadSCMHAConfig(166)) - ozone.scm.default.service.id is not defined, falling back to ozone.scm.service.ids to find serviceID for StorageContainerManager if it is HA enabled cluster
2025-05-12 13:59:50,488 [main] INFO  server.RaftServerConfigKeys (ConfUtils.java:logGet(46)) - raft.server.log.appender.buffer.byte-limit = 4194304 (custom)
2025-05-12 13:59:50,490 [main] INFO  server.RaftServer (ConfUtils.java:logGet(46)) - raft.rpc.type = GRPC (default)
2025-05-12 13:59:50,490 [main] INFO  grpc.GrpcConfigKeys (ConfUtils.java:logFallback(53)) - raft.grpc.admin.host = null (fallback to raft.grpc.server.host)
2025-05-12 13:59:50,490 [main] INFO  grpc.GrpcConfigKeys (ConfUtils.java:logFallback(53)) - raft.grpc.admin.port = 15039 (fallback to raft.grpc.server.port)
2025-05-12 13:59:50,490 [main] INFO  grpc.GrpcConfigKeys (ConfUtils.java:logFallback(53)) - raft.grpc.client.host = null (fallback to raft.grpc.server.host)
2025-05-12 13:59:50,490 [main] INFO  grpc.GrpcConfigKeys (ConfUtils.java:logFallback(53)) - raft.grpc.client.port = 15039 (fallback to raft.grpc.server.port)
2025-05-12 13:59:50,490 [main] INFO  grpc.GrpcConfigKeys (ConfUtils.java:logGet(46)) - raft.grpc.server.host = null (default)
2025-05-12 13:59:50,490 [main] INFO  grpc.GrpcConfigKeys (ConfUtils.java:logGet(46)) - raft.grpc.server.port = 15039 (custom)
2025-05-12 13:59:50,490 [main] INFO  server.GrpcService (ConfUtils.java:logGet(46)) - raft.grpc.message.size.max = 5242880 (custom)
2025-05-12 13:59:50,490 [main] INFO  server.GrpcService (ConfUtils.java:logGet(46)) - raft.grpc.flow.control.window = 1MB (=1048576) (default)
2025-05-12 13:59:50,490 [main] INFO  server.RaftServerConfigKeys (ConfUtils.java:logGet(46)) - raft.server.rpc.request.timeout = 30000ms (custom)
2025-05-12 13:59:50,490 [main] INFO  grpc.GrpcConfigKeys (ConfUtils.java:logGet(46)) - raft.grpc.server.heartbeat.channel = true (default)
2025-05-12 13:59:50,490 [main] INFO  server.RaftServerConfigKeys (ConfUtils.java:logGet(46)) - raft.server.log.appender.buffer.byte-limit = 4194304 (custom)
2025-05-12 13:59:50,491 [main] INFO  grpc.GrpcConfigKeys (ConfUtils.java:logGet(46)) - raft.grpc.server.async.request.thread.pool.cached = true (default)
2025-05-12 13:59:50,491 [main] INFO  grpc.GrpcConfigKeys (ConfUtils.java:logGet(46)) - raft.grpc.server.async.request.thread.pool.size = 32 (default)
2025-05-12 13:59:50,491 [main] INFO  impl.DataStreamServerImpl (ConfUtils.java:logGet(46)) - raft.datastream.type = DISABLED (default)
2025-05-12 13:59:50,492 [main] INFO  server.RaftServerConfigKeys (ConfUtils.java:logGet(46)) - raft.server.sleep.deviation.threshold = 300ms (default)
2025-05-12 13:59:50,492 [main] INFO  server.RaftServerConfigKeys (ConfUtils.java:logGet(46)) - raft.server.close.threshold = 60s (default)
2025-05-12 13:59:50,492 [main] INFO  server.RaftServerConfigKeys (ConfUtils.java:logGet(46)) - raft.server.leaderelection.leader.step-down.wait-time = 10s (default)
2025-05-12 13:59:50,492 [main] INFO  server.RaftServerConfigKeys (ConfUtils.java:logGet(46)) - raft.server.storage.dir = [/tmp/junit-5774183720346243141/scm-meta/scm-ha] (custom)
2025-05-12 13:59:50,492 [main] INFO  server.RaftServerConfigKeys (ConfUtils.java:logGet(46)) - raft.server.threadpool.proxy.cached = true (default)
2025-05-12 13:59:50,492 [main] INFO  server.RaftServerConfigKeys (ConfUtils.java:logGet(46)) - raft.server.threadpool.proxy.size = 0 (default)
2025-05-12 13:59:50,492 [main] INFO  server.RaftServer (RaftServerProxy.java:addNew(100)) - 152046d9-4666-4fa9-8a17-63719a568d84: addNew group-1BE93E8E04DC:[152046d9-4666-4fa9-8a17-63719a568d84|pkrvmberfyhpb9w:15039] returns group-1BE93E8E04DC:java.util.concurrent.CompletableFuture@2c4ec12b[Not completed]
2025-05-12 13:59:50,493 [152046d9-4666-4fa9-8a17-63719a568d84-groupManagement] INFO  server.RaftServer$Division (RaftServerImpl.java:<init>(255)) - 152046d9-4666-4fa9-8a17-63719a568d84: new RaftServerImpl for group-1BE93E8E04DC:[152046d9-4666-4fa9-8a17-63719a568d84|pkrvmberfyhpb9w:15039] with SCMStateMachine:uninitialized
2025-05-12 13:59:50,493 [152046d9-4666-4fa9-8a17-63719a568d84-groupManagement] INFO  server.RaftServerConfigKeys (ConfUtils.java:logGet(46)) - raft.server.rpc.timeout.min = 5000ms (custom)
2025-05-12 13:59:50,493 [152046d9-4666-4fa9-8a17-63719a568d84-groupManagement] INFO  server.RaftServerConfigKeys (ConfUtils.java:logGet(46)) - raft.server.rpc.timeout.max = 5200ms (custom)
2025-05-12 13:59:50,493 [152046d9-4666-4fa9-8a17-63719a568d84-groupManagement] INFO  server.RaftServerConfigKeys (ConfUtils.java:logGet(46)) - raft.server.rpc.sleep.time = 25ms (default)
2025-05-12 13:59:50,493 [152046d9-4666-4fa9-8a17-63719a568d84-groupManagement] INFO  server.RaftServerConfigKeys (ConfUtils.java:logGet(46)) - raft.server.rpc.slowness.timeout = 120000ms (custom)
2025-05-12 13:59:50,493 [152046d9-4666-4fa9-8a17-63719a568d84-groupManagement] INFO  server.RaftServerConfigKeys (ConfUtils.java:logGet(46)) - raft.server.leaderelection.leader.step-down.wait-time = 10s (default)
2025-05-12 13:59:50,493 [152046d9-4666-4fa9-8a17-63719a568d84-groupManagement] INFO  server.RaftServerConfigKeys (ConfUtils.java:logGet(46)) - raft.server.leaderelection.member.majority-add = false (default)
2025-05-12 13:59:50,493 [152046d9-4666-4fa9-8a17-63719a568d84-groupManagement] INFO  server.RaftServerConfigKeys (ConfUtils.java:logGet(46)) - raft.server.sleep.deviation.threshold = 300ms (default)
2025-05-12 13:59:50,493 [152046d9-4666-4fa9-8a17-63719a568d84-groupManagement] INFO  server.RaftServer$Division (ServerState.java:<init>(114)) - 152046d9-4666-4fa9-8a17-63719a568d84@group-1BE93E8E04DC: ConfigurationManager, init=conf: {index: -1, cur=peers:[152046d9-4666-4fa9-8a17-63719a568d84|pkrvmberfyhpb9w:15039]|listeners:[], old=null}, confs=<EMPTY_MAP>
2025-05-12 13:59:50,493 [152046d9-4666-4fa9-8a17-63719a568d84-groupManagement] INFO  server.RaftServerConfigKeys (ConfUtils.java:logGet(46)) - raft.server.notification.no-leader.timeout = 60s (default)
2025-05-12 13:59:50,493 [152046d9-4666-4fa9-8a17-63719a568d84-groupManagement] INFO  server.RaftServerConfigKeys (ConfUtils.java:logGet(46)) - raft.server.read.timeout = 10s (default)
2025-05-12 13:59:50,493 [152046d9-4666-4fa9-8a17-63719a568d84-groupManagement] INFO  server.RaftServerConfigKeys (ConfUtils.java:logGet(46)) - raft.server.retrycache.expirytime = 60000ms (default)
2025-05-12 13:59:50,493 [152046d9-4666-4fa9-8a17-63719a568d84-groupManagement] INFO  server.RaftServerConfigKeys (ConfUtils.java:logGet(46)) - raft.server.retrycache.statistics.expirytime = 100ms (default)
2025-05-12 13:59:50,493 [152046d9-4666-4fa9-8a17-63719a568d84-groupManagement] INFO  server.RaftServerConfigKeys (ConfUtils.java:logGet(46)) - raft.server.read.option = DEFAULT (default)
2025-05-12 13:59:50,493 [152046d9-4666-4fa9-8a17-63719a568d84-groupManagement] INFO  server.RaftServerConfigKeys (ConfUtils.java:logGet(46)) - raft.server.read.read-after-write-consistent.write-index-cache.expiry-time = 60s (default)
2025-05-12 13:59:50,495 [152046d9-4666-4fa9-8a17-63719a568d84-groupManagement] INFO  server.RaftServerConfigKeys (ConfUtils.java:logGet(46)) - raft.server.rpc.request.timeout = 30000ms (custom)
2025-05-12 13:59:50,495 [152046d9-4666-4fa9-8a17-63719a568d84-groupManagement] INFO  server.RaftServerConfigKeys (ConfUtils.java:logGet(46)) - raft.server.log.appender.install.snapshot.enabled = false (custom)
2025-05-12 13:59:50,495 [152046d9-4666-4fa9-8a17-63719a568d84-groupManagement] INFO  server.RaftServerConfigKeys (ConfUtils.java:logGet(46)) - raft.server.threadpool.server.cached = true (default)
2025-05-12 13:59:50,496 [152046d9-4666-4fa9-8a17-63719a568d84-groupManagement] INFO  server.RaftServerConfigKeys (ConfUtils.java:logGet(46)) - raft.server.threadpool.server.size = 0 (default)
2025-05-12 13:59:50,496 [152046d9-4666-4fa9-8a17-63719a568d84-groupManagement] INFO  server.RaftServerConfigKeys (ConfUtils.java:logGet(46)) - raft.server.threadpool.client.cached = true (default)
2025-05-12 13:59:50,496 [152046d9-4666-4fa9-8a17-63719a568d84-groupManagement] INFO  server.RaftServerConfigKeys (ConfUtils.java:logGet(46)) - raft.server.threadpool.client.size = 0 (default)
2025-05-12 13:59:50,496 [152046d9-4666-4fa9-8a17-63719a568d84-impl-thread1] INFO  server.RaftServerConfigKeys (ConfUtils.java:logGet(46)) - raft.server.storage.free-space.min = 0MB (=0) (default)
2025-05-12 13:59:50,496 [152046d9-4666-4fa9-8a17-63719a568d84-impl-thread1] INFO  server.RaftServerConfigKeys (ConfUtils.java:logGet(46)) - raft.server.log.corruption.policy = EXCEPTION (default)
2025-05-12 13:59:50,496 [152046d9-4666-4fa9-8a17-63719a568d84-impl-thread1] INFO  server.RaftServerConfigKeys (ConfUtils.java:logGet(46)) - raft.server.storage.dir = [/tmp/junit-5774183720346243141/scm-meta/scm-ha] (custom)
2025-05-12 13:59:50,496 [152046d9-4666-4fa9-8a17-63719a568d84-impl-thread1] INFO  storage.RaftStorageDirectory (RaftStorageDirectoryImpl.java:analyzeStorage(138)) - The storage directory /tmp/junit-5774183720346243141/scm-meta/scm-ha/34a6602b-e694-42c8-9c52-1be93e8e04dc does not exist. Creating ...
2025-05-12 13:59:50,497 [152046d9-4666-4fa9-8a17-63719a568d84-impl-thread1] INFO  storage.RaftStorageDirectory (RaftStorageDirectoryImpl.java:tryLock(229)) - Lock on /tmp/junit-5774183720346243141/scm-meta/scm-ha/34a6602b-e694-42c8-9c52-1be93e8e04dc/in_use.lock acquired by nodename 14437@pkrvmberfyhpb9w
2025-05-12 13:59:50,498 [152046d9-4666-4fa9-8a17-63719a568d84-impl-thread1] INFO  storage.RaftStorage (RaftStorageImpl.java:format(98)) - Storage directory /tmp/junit-5774183720346243141/scm-meta/scm-ha/34a6602b-e694-42c8-9c52-1be93e8e04dc has been successfully formatted.
2025-05-12 13:59:50,498 [152046d9-4666-4fa9-8a17-63719a568d84-impl-thread1] INFO  ha.SCMStateMachine (SCMStateMachine.java:lambda$initialize$0(135)) - 152046d9-4666-4fa9-8a17-63719a568d84: initialize group-1BE93E8E04DC
2025-05-12 13:59:50,498 [152046d9-4666-4fa9-8a17-63719a568d84-impl-thread1] INFO  server.RaftServerConfigKeys (ConfUtils.java:logGet(46)) - raft.server.log.use.memory = false (default)
2025-05-12 13:59:50,498 [152046d9-4666-4fa9-8a17-63719a568d84-impl-thread1] INFO  server.RaftServerConfigKeys (ConfUtils.java:logGet(46)) - raft.server.log.purge.gap = 1000000 (custom)
2025-05-12 13:59:50,498 [152046d9-4666-4fa9-8a17-63719a568d84-impl-thread1] INFO  server.RaftServerConfigKeys (ConfUtils.java:logGet(46)) - raft.server.log.appender.buffer.byte-limit = 4194304 (custom)
2025-05-12 13:59:50,498 [152046d9-4666-4fa9-8a17-63719a568d84-impl-thread1] INFO  server.RaftServerConfigKeys (ConfUtils.java:logGet(46)) - raft.server.log.statemachine.data.read.timeout = 1000ms (default)
2025-05-12 13:59:50,498 [152046d9-4666-4fa9-8a17-63719a568d84-impl-thread1] INFO  server.RaftServerConfigKeys (ConfUtils.java:logGet(46)) - raft.server.log.purge.preservation.log.num = 0 (default)
2025-05-12 13:59:50,500 [152046d9-4666-4fa9-8a17-63719a568d84-impl-thread1] INFO  server.RaftServerConfigKeys (ConfUtils.java:logGet(46)) - raft.server.log.segment.size.max = 4194304 (custom)
2025-05-12 13:59:50,500 [152046d9-4666-4fa9-8a17-63719a568d84-impl-thread1] INFO  server.RaftServerConfigKeys (ConfUtils.java:logGet(46)) - raft.server.log.segment.cache.num.max = 2 (custom)
2025-05-12 13:59:50,500 [152046d9-4666-4fa9-8a17-63719a568d84-impl-thread1] INFO  server.RaftServerConfigKeys (ConfUtils.java:logGet(46)) - raft.server.log.segment.cache.size.max = 200MB (=209715200) (default)
2025-05-12 13:59:50,500 [152046d9-4666-4fa9-8a17-63719a568d84-impl-thread1] INFO  server.RaftServerConfigKeys (ConfUtils.java:logGet(46)) - raft.server.log.appender.buffer.byte-limit = 4194304 (custom)
2025-05-12 13:59:50,500 [152046d9-4666-4fa9-8a17-63719a568d84-impl-thread1] INFO  util.AwaitToRun (AwaitToRun.java:start(81)) - Thread[#1627,152046d9-4666-4fa9-8a17-63719a568d84@group-1BE93E8E04DC-cacheEviction-AwaitToRun,5,main] started
2025-05-12 13:59:50,500 [152046d9-4666-4fa9-8a17-63719a568d84-impl-thread1] INFO  segmented.SegmentedRaftLogWorker (SegmentedRaftLogWorker.java:<init>(188)) - new 152046d9-4666-4fa9-8a17-63719a568d84@group-1BE93E8E04DC-SegmentedRaftLogWorker for RaftStorageImpl:Storage Directory /tmp/junit-5774183720346243141/scm-meta/scm-ha/34a6602b-e694-42c8-9c52-1be93e8e04dc
2025-05-12 13:59:50,500 [152046d9-4666-4fa9-8a17-63719a568d84-impl-thread1] INFO  server.RaftServerConfigKeys (ConfUtils.java:logGet(46)) - raft.server.log.queue.byte-limit = 64MB (=67108864) (default)
2025-05-12 13:59:50,500 [152046d9-4666-4fa9-8a17-63719a568d84-impl-thread1] INFO  server.RaftServerConfigKeys (ConfUtils.java:logGet(46)) - raft.server.log.queue.element-limit = 4096 (default)
2025-05-12 13:59:50,500 [152046d9-4666-4fa9-8a17-63719a568d84-impl-thread1] INFO  server.RaftServerConfigKeys (ConfUtils.java:logGet(46)) - raft.server.log.segment.size.max = 4194304 (custom)
2025-05-12 13:59:50,500 [152046d9-4666-4fa9-8a17-63719a568d84-impl-thread1] INFO  server.RaftServerConfigKeys (ConfUtils.java:logGet(46)) - raft.server.log.preallocated.size = 4194304 (custom)
2025-05-12 13:59:50,500 [152046d9-4666-4fa9-8a17-63719a568d84-impl-thread1] INFO  server.RaftServerConfigKeys (ConfUtils.java:logGet(46)) - raft.server.log.force.sync.num = 128 (default)
2025-05-12 13:59:50,501 [152046d9-4666-4fa9-8a17-63719a568d84-impl-thread1] INFO  server.RaftServerConfigKeys (ConfUtils.java:logGet(46)) - raft.server.log.statemachine.data.sync = true (default)
2025-05-12 13:59:50,501 [152046d9-4666-4fa9-8a17-63719a568d84-impl-thread1] INFO  server.RaftServerConfigKeys (ConfUtils.java:logGet(46)) - raft.server.log.statemachine.data.sync.timeout = 10s (default)
2025-05-12 13:59:50,501 [152046d9-4666-4fa9-8a17-63719a568d84-impl-thread1] INFO  server.RaftServerConfigKeys (ConfUtils.java:logGet(46)) - raft.server.log.statemachine.data.sync.timeout.retry = -1 (default)
2025-05-12 13:59:50,501 [152046d9-4666-4fa9-8a17-63719a568d84-impl-thread1] INFO  server.RaftServerConfigKeys (ConfUtils.java:logGet(46)) - raft.server.log.write.buffer.size = 4194312 (custom)
2025-05-12 13:59:50,501 [152046d9-4666-4fa9-8a17-63719a568d84-impl-thread1] INFO  server.RaftServerConfigKeys (ConfUtils.java:logGet(46)) - raft.server.log.appender.buffer.byte-limit = 4194304 (custom)
2025-05-12 13:59:50,501 [152046d9-4666-4fa9-8a17-63719a568d84-impl-thread1] INFO  server.RaftServerConfigKeys (ConfUtils.java:logGet(46)) - raft.server.log.unsafe-flush.enabled = false (default)
2025-05-12 13:59:50,501 [152046d9-4666-4fa9-8a17-63719a568d84-impl-thread1] INFO  server.RaftServerConfigKeys (ConfUtils.java:logGet(46)) - raft.server.log.async-flush.enabled = false (default)
2025-05-12 13:59:50,501 [152046d9-4666-4fa9-8a17-63719a568d84-impl-thread1] INFO  server.RaftServerConfigKeys (ConfUtils.java:logGet(46)) - raft.server.log.statemachine.data.caching.enabled = false (default)
2025-05-12 13:59:50,502 [152046d9-4666-4fa9-8a17-63719a568d84-impl-thread1] INFO  segmented.SegmentedRaftLogWorker (SegmentedRaftLogWorker.java:lambda$new$0(139)) - 152046d9-4666-4fa9-8a17-63719a568d84@group-1BE93E8E04DC-SegmentedRaftLogWorker: flushIndex: setUnconditionally 0 -> -1
2025-05-12 13:59:50,502 [152046d9-4666-4fa9-8a17-63719a568d84-impl-thread1] INFO  segmented.SegmentedRaftLogWorker (SegmentedRaftLogWorker.java:lambda$new$0(139)) - 152046d9-4666-4fa9-8a17-63719a568d84@group-1BE93E8E04DC-SegmentedRaftLogWorker: safeCacheEvictIndex: setUnconditionally 0 -> -1
2025-05-12 13:59:50,502 [152046d9-4666-4fa9-8a17-63719a568d84-impl-thread1] INFO  server.RaftServer$Division (RaftServerImpl.java:start(391)) - 152046d9-4666-4fa9-8a17-63719a568d84@group-1BE93E8E04DC: start as a follower, conf=conf: {index: -1, cur=peers:[152046d9-4666-4fa9-8a17-63719a568d84|pkrvmberfyhpb9w:15039]|listeners:[], old=null}
2025-05-12 13:59:50,502 [152046d9-4666-4fa9-8a17-63719a568d84-impl-thread1] INFO  server.RaftServer$Division (RaftServerImpl.java:setRole(378)) - 152046d9-4666-4fa9-8a17-63719a568d84@group-1BE93E8E04DC: changes role from      null to FOLLOWER at term 0 for startAsFollower
2025-05-12 13:59:50,502 [152046d9-4666-4fa9-8a17-63719a568d84-impl-thread1] INFO  impl.RoleInfo (RoleInfo.java:updateAndGet(148)) - 152046d9-4666-4fa9-8a17-63719a568d84: start 152046d9-4666-4fa9-8a17-63719a568d84@group-1BE93E8E04DC-FollowerState
2025-05-12 13:59:50,502 [152046d9-4666-4fa9-8a17-63719a568d84@group-1BE93E8E04DC-FollowerState] INFO  server.RaftServerConfigKeys (ConfUtils.java:logFallback(53)) - raft.server.rpc.first-election.timeout.min = 5000ms (fallback to raft.server.rpc.timeout.min)
2025-05-12 13:59:50,502 [152046d9-4666-4fa9-8a17-63719a568d84-impl-thread1] INFO  util.JmxRegister (JmxRegister.java:tryRegister(44)) - Successfully registered JMX Bean with object name Ratis:service=RaftServer,group=group-1BE93E8E04DC,id=152046d9-4666-4fa9-8a17-63719a568d84
2025-05-12 13:59:50,502 [152046d9-4666-4fa9-8a17-63719a568d84-impl-thread1] INFO  util.JmxRegister (JmxRegister.java:register(58)) - register mxBean class org.apache.ratis.server.impl.RaftServerJmxAdapter as Ratis:service=RaftServer,group=group-1BE93E8E04DC,id=152046d9-4666-4fa9-8a17-63719a568d84
2025-05-12 13:59:50,502 [152046d9-4666-4fa9-8a17-63719a568d84-impl-thread1] INFO  server.RaftServerConfigKeys (ConfUtils.java:logGet(46)) - raft.server.snapshot.trigger-when-stop.enabled = true (default)
2025-05-12 13:59:50,502 [152046d9-4666-4fa9-8a17-63719a568d84-impl-thread1] INFO  server.RaftServerConfigKeys (ConfUtils.java:logGet(46)) - raft.server.snapshot.trigger-when-remove.enabled = true (default)
2025-05-12 13:59:50,502 [152046d9-4666-4fa9-8a17-63719a568d84@group-1BE93E8E04DC-FollowerState] INFO  server.RaftServerConfigKeys (ConfUtils.java:logFallback(53)) - raft.server.rpc.first-election.timeout.max = 5200ms (fallback to raft.server.rpc.timeout.max)
2025-05-12 13:59:50,503 [152046d9-4666-4fa9-8a17-63719a568d84-impl-thread1] INFO  server.RaftServerConfigKeys (ConfUtils.java:logGet(46)) - raft.server.snapshot.auto.trigger.enabled = true (custom)
2025-05-12 13:59:50,503 [152046d9-4666-4fa9-8a17-63719a568d84-impl-thread1] INFO  server.RaftServerConfigKeys (ConfUtils.java:logGet(46)) - raft.server.snapshot.auto.trigger.threshold = 1000 (custom)
2025-05-12 13:59:50,503 [152046d9-4666-4fa9-8a17-63719a568d84-impl-thread1] INFO  server.RaftServerConfigKeys (ConfUtils.java:logGet(46)) - raft.server.snapshot.retention.file.num = -1 (default)
2025-05-12 13:59:50,503 [152046d9-4666-4fa9-8a17-63719a568d84-impl-thread1] INFO  server.RaftServerConfigKeys (ConfUtils.java:logGet(46)) - raft.server.log.purge.upto.snapshot.index = false (default)
2025-05-12 13:59:50,503 [152046d9-4666-4fa9-8a17-63719a568d84-impl-thread1] INFO  server.RaftServer$Division (RaftServerImpl.java:start(405)) - 152046d9-4666-4fa9-8a17-63719a568d84@group-1BE93E8E04DC: Successfully started.
2025-05-12 13:59:50,503 [main] INFO  server.RaftServer (RaftServerProxy.java:startImpl(407)) - 152046d9-4666-4fa9-8a17-63719a568d84: start RPC server
2025-05-12 13:59:50,504 [main] INFO  server.GrpcService (GrpcService.java:startImpl(334)) - 152046d9-4666-4fa9-8a17-63719a568d84: GrpcService started, listening on 15039
2025-05-12 13:59:50,504 [JvmPauseMonitor10] INFO  util.JvmPauseMonitor (JvmPauseMonitor.java:run(146)) - JvmPauseMonitor-152046d9-4666-4fa9-8a17-63719a568d84: Started
2025-05-12 13:59:55,607 [152046d9-4666-4fa9-8a17-63719a568d84@group-1BE93E8E04DC-FollowerState] INFO  impl.FollowerState (FollowerState.java:runImpl(161)) - 152046d9-4666-4fa9-8a17-63719a568d84@group-1BE93E8E04DC-FollowerState: change to CANDIDATE, lastRpcElapsedTime:5104753894ns, electionTimeout:5104ms
2025-05-12 13:59:55,607 [152046d9-4666-4fa9-8a17-63719a568d84@group-1BE93E8E04DC-FollowerState] INFO  impl.RoleInfo (RoleInfo.java:shutdownFollowerState(121)) - 152046d9-4666-4fa9-8a17-63719a568d84: shutdown 152046d9-4666-4fa9-8a17-63719a568d84@group-1BE93E8E04DC-FollowerState
2025-05-12 13:59:55,607 [152046d9-4666-4fa9-8a17-63719a568d84@group-1BE93E8E04DC-FollowerState] INFO  server.RaftServer$Division (RaftServerImpl.java:setRole(378)) - 152046d9-4666-4fa9-8a17-63719a568d84@group-1BE93E8E04DC: changes role from  FOLLOWER to CANDIDATE at term 0 for changeToCandidate
2025-05-12 13:59:55,607 [152046d9-4666-4fa9-8a17-63719a568d84@group-1BE93E8E04DC-FollowerState] INFO  server.RaftServerConfigKeys (ConfUtils.java:logGet(46)) - raft.server.leaderelection.pre-vote = true (default)
2025-05-12 13:59:55,607 [152046d9-4666-4fa9-8a17-63719a568d84@group-1BE93E8E04DC-FollowerState] INFO  impl.RoleInfo (RoleInfo.java:updateAndGet(148)) - 152046d9-4666-4fa9-8a17-63719a568d84: start 152046d9-4666-4fa9-8a17-63719a568d84@group-1BE93E8E04DC-LeaderElection6
2025-05-12 13:59:55,608 [152046d9-4666-4fa9-8a17-63719a568d84@group-1BE93E8E04DC-LeaderElection6] INFO  impl.LeaderElection (LeaderElection.java:askForVotes(332)) - 152046d9-4666-4fa9-8a17-63719a568d84@group-1BE93E8E04DC-LeaderElection6 PRE_VOTE round 0: submit vote requests at term 0 for conf: {index: -1, cur=peers:[152046d9-4666-4fa9-8a17-63719a568d84|pkrvmberfyhpb9w:15039]|listeners:[], old=null}
2025-05-12 13:59:55,608 [152046d9-4666-4fa9-8a17-63719a568d84@group-1BE93E8E04DC-LeaderElection6] INFO  impl.LeaderElection (LeaderElection.java:askForVotes(334)) - 152046d9-4666-4fa9-8a17-63719a568d84@group-1BE93E8E04DC-LeaderElection6 PRE_VOTE round 0: result PASSED (term=0)
2025-05-12 13:59:55,609 [152046d9-4666-4fa9-8a17-63719a568d84@group-1BE93E8E04DC-LeaderElection6] INFO  impl.LeaderElection (LeaderElection.java:askForVotes(332)) - 152046d9-4666-4fa9-8a17-63719a568d84@group-1BE93E8E04DC-LeaderElection6 ELECTION round 0: submit vote requests at term 1 for conf: {index: -1, cur=peers:[152046d9-4666-4fa9-8a17-63719a568d84|pkrvmberfyhpb9w:15039]|listeners:[], old=null}
2025-05-12 13:59:55,609 [152046d9-4666-4fa9-8a17-63719a568d84@group-1BE93E8E04DC-LeaderElection6] INFO  impl.LeaderElection (LeaderElection.java:askForVotes(334)) - 152046d9-4666-4fa9-8a17-63719a568d84@group-1BE93E8E04DC-LeaderElection6 ELECTION round 0: result PASSED (term=1)
2025-05-12 13:59:55,609 [152046d9-4666-4fa9-8a17-63719a568d84@group-1BE93E8E04DC-LeaderElection6] INFO  impl.RoleInfo (RoleInfo.java:shutdownLeaderElection(141)) - 152046d9-4666-4fa9-8a17-63719a568d84: shutdown 152046d9-4666-4fa9-8a17-63719a568d84@group-1BE93E8E04DC-LeaderElection6
2025-05-12 13:59:55,609 [152046d9-4666-4fa9-8a17-63719a568d84@group-1BE93E8E04DC-LeaderElection6] INFO  server.RaftServer$Division (RaftServerImpl.java:setRole(378)) - 152046d9-4666-4fa9-8a17-63719a568d84@group-1BE93E8E04DC: changes role from CANDIDATE to LEADER at term 1 for changeToLeader
2025-05-12 13:59:55,609 [152046d9-4666-4fa9-8a17-63719a568d84@group-1BE93E8E04DC-LeaderElection6] INFO  server.RaftServerConfigKeys (ConfUtils.java:logGet(46)) - raft.server.staging.catchup.gap = 1000 (default)
2025-05-12 13:59:55,609 [152046d9-4666-4fa9-8a17-63719a568d84@group-1BE93E8E04DC-LeaderElection6] INFO  server.RaftServerConfigKeys (ConfUtils.java:logGet(46)) - raft.server.write.element-limit = 4096 (default)
2025-05-12 13:59:55,610 [152046d9-4666-4fa9-8a17-63719a568d84@group-1BE93E8E04DC-LeaderElection6] INFO  server.RaftServerConfigKeys (ConfUtils.java:logGet(46)) - raft.server.write.byte-limit = 64MB (=67108864) (default)
2025-05-12 13:59:55,610 [152046d9-4666-4fa9-8a17-63719a568d84@group-1BE93E8E04DC-LeaderElection6] INFO  server.RaftServerConfigKeys (ConfUtils.java:logGet(46)) - raft.server.watch.timeout = 10s (default)
2025-05-12 13:59:55,610 [152046d9-4666-4fa9-8a17-63719a568d84@group-1BE93E8E04DC-LeaderElection6] INFO  server.RaftServerConfigKeys (ConfUtils.java:logGet(46)) - raft.server.watch.timeout.denomination = 1s (default)
2025-05-12 13:59:55,610 [152046d9-4666-4fa9-8a17-63719a568d84@group-1BE93E8E04DC-LeaderElection6] INFO  server.RaftServerConfigKeys (ConfUtils.java:logGet(46)) - raft.server.watch.element-limit = 65536 (default)
2025-05-12 13:59:55,610 [152046d9-4666-4fa9-8a17-63719a568d84@group-1BE93E8E04DC-LeaderElection6] INFO  server.RaftServerConfigKeys (ConfUtils.java:logGet(46)) - raft.server.read.leader.lease.enabled = false (default)
2025-05-12 13:59:55,610 [152046d9-4666-4fa9-8a17-63719a568d84@group-1BE93E8E04DC-LeaderElection6] INFO  server.RaftServerConfigKeys (ConfUtils.java:logGet(46)) - raft.server.read.leader.lease.timeout.ratio = 0.9 (default)
2025-05-12 13:59:55,610 [152046d9-4666-4fa9-8a17-63719a568d84@group-1BE93E8E04DC-LeaderElection6] INFO  server.RaftServerConfigKeys (ConfUtils.java:logGet(46)) - raft.server.rpc.timeout.min = 5000ms (custom)
2025-05-12 13:59:55,610 [152046d9-4666-4fa9-8a17-63719a568d84@group-1BE93E8E04DC-LeaderElection6] INFO  server.RaftServerConfigKeys (ConfUtils.java:logGet(46)) - raft.server.log.log-metadata.enabled = true (default)
2025-05-12 13:59:55,610 [152046d9-4666-4fa9-8a17-63719a568d84@group-1BE93E8E04DC-LeaderElection6] INFO  server.RaftServerConfigKeys (ConfUtils.java:logGet(46)) - raft.server.write.element-limit = 4096 (default)
2025-05-12 13:59:55,610 [152046d9-4666-4fa9-8a17-63719a568d84@group-1BE93E8E04DC-LeaderElection6] INFO  server.RaftServerConfigKeys (ConfUtils.java:logGet(46)) - raft.server.write.follower.gap.ratio.max = -1.0 (default)
2025-05-12 13:59:55,611 [152046d9-4666-4fa9-8a17-63719a568d84@group-1BE93E8E04DC-LeaderElection6] INFO  impl.RoleInfo (RoleInfo.java:updateAndGet(148)) - 152046d9-4666-4fa9-8a17-63719a568d84: start 152046d9-4666-4fa9-8a17-63719a568d84@group-1BE93E8E04DC-LeaderStateImpl
2025-05-12 13:59:55,611 [152046d9-4666-4fa9-8a17-63719a568d84@group-1BE93E8E04DC-LeaderElection6] INFO  server.RaftServer$Division (RaftServerImpl.java:setFirstElection(562)) - 152046d9-4666-4fa9-8a17-63719a568d84@group-1BE93E8E04DC: set firstElectionSinceStartup to false for becomeLeader
2025-05-12 13:59:55,611 [152046d9-4666-4fa9-8a17-63719a568d84@group-1BE93E8E04DC-LeaderElection6] INFO  server.RaftServer$Division (ServerState.java:setLeader(272)) - 152046d9-4666-4fa9-8a17-63719a568d84@group-1BE93E8E04DC: change Leader from null to 152046d9-4666-4fa9-8a17-63719a568d84 at term 1 for becomeLeader, leader elected after 5117ms
2025-05-12 13:59:55,611 [152046d9-4666-4fa9-8a17-63719a568d84@group-1BE93E8E04DC-LeaderElection6] INFO  segmented.SegmentedRaftLogWorker (SegmentedRaftLogWorker.java:startLogSegment(438)) - 152046d9-4666-4fa9-8a17-63719a568d84@group-1BE93E8E04DC-SegmentedRaftLogWorker: Starting segment from index:0
2025-05-12 13:59:55,611 [152046d9-4666-4fa9-8a17-63719a568d84@group-1BE93E8E04DC-LeaderElection6] INFO  server.RaftServer$Division (ServerState.java:setRaftConf(386)) - 152046d9-4666-4fa9-8a17-63719a568d84@group-1BE93E8E04DC: set configuration conf: {index: 0, cur=peers:[152046d9-4666-4fa9-8a17-63719a568d84|pkrvmberfyhpb9w:15039]|listeners:[], old=null}
2025-05-12 13:59:55,611 [152046d9-4666-4fa9-8a17-63719a568d84@group-1BE93E8E04DC-SegmentedRaftLogWorker] INFO  segmented.BufferedWriteChannel (BufferedWriteChannel.java:open(61)) - open log_inprogress_0 at position 0
2025-05-12 13:59:55,617 [152046d9-4666-4fa9-8a17-63719a568d84@group-1BE93E8E04DC-SegmentedRaftLogWorker] INFO  segmented.SegmentedRaftLogWorker (SegmentedRaftLogWorker.java:execute(644)) - 152046d9-4666-4fa9-8a17-63719a568d84@group-1BE93E8E04DC-SegmentedRaftLogWorker: created new log segment /tmp/junit-5774183720346243141/scm-meta/scm-ha/34a6602b-e694-42c8-9c52-1be93e8e04dc/current/log_inprogress_0
2025-05-12 13:59:55,618 [152046d9-4666-4fa9-8a17-63719a568d84@group-1BE93E8E04DC-StateMachineUpdater] INFO  server.RaftServer$Division (LeaderStateImpl.java:checkStartIndex(313)) - Leader 152046d9-4666-4fa9-8a17-63719a568d84@group-1BE93E8E04DC-LeaderStateImpl is ready since appliedIndex == startIndex == 0
2025-05-12 13:59:56,504 [main] INFO  server.RaftServer (RaftServerProxy.java:lambda$close$9(417)) - 152046d9-4666-4fa9-8a17-63719a568d84: close
2025-05-12 13:59:56,505 [main] INFO  server.GrpcService (GrpcService.java:closeImpl(343)) - 152046d9-4666-4fa9-8a17-63719a568d84: shutdown server GrpcServerProtocolService now
2025-05-12 13:59:56,505 [152046d9-4666-4fa9-8a17-63719a568d84-impl-thread1] INFO  server.RaftServer$Division (RaftServerImpl.java:lambda$close$1(513)) - 152046d9-4666-4fa9-8a17-63719a568d84@group-1BE93E8E04DC: shutdown
2025-05-12 13:59:56,505 [152046d9-4666-4fa9-8a17-63719a568d84-impl-thread1] INFO  util.JmxRegister (JmxRegister.java:unregister(74)) - Successfully un-registered JMX Bean with object name Ratis:service=RaftServer,group=group-1BE93E8E04DC,id=152046d9-4666-4fa9-8a17-63719a568d84
2025-05-12 13:59:56,505 [152046d9-4666-4fa9-8a17-63719a568d84-impl-thread1] INFO  impl.RoleInfo (RoleInfo.java:shutdownLeaderState(103)) - 152046d9-4666-4fa9-8a17-63719a568d84: shutdown 152046d9-4666-4fa9-8a17-63719a568d84@group-1BE93E8E04DC-LeaderStateImpl
2025-05-12 13:59:56,505 [152046d9-4666-4fa9-8a17-63719a568d84-impl-thread1] INFO  impl.PendingRequests (PendingRequests.java:sendNotLeaderResponses(287)) - 152046d9-4666-4fa9-8a17-63719a568d84@group-1BE93E8E04DC-PendingRequests: sendNotLeaderResponses
2025-05-12 13:59:56,506 [main] INFO  server.GrpcService (GrpcService.java:closeImpl(352)) - 152046d9-4666-4fa9-8a17-63719a568d84: shutdown server GrpcServerProtocolService successfully
2025-05-12 13:59:56,506 [152046d9-4666-4fa9-8a17-63719a568d84-impl-thread1] INFO  impl.StateMachineUpdater (StateMachineUpdater.java:stopAndJoin(164)) - 152046d9-4666-4fa9-8a17-63719a568d84@group-1BE93E8E04DC-StateMachineUpdater: set stopIndex = 0
2025-05-12 13:59:56,506 [152046d9-4666-4fa9-8a17-63719a568d84@group-1BE93E8E04DC-StateMachineUpdater] INFO  impl.StateMachineUpdater (StateMachineUpdater.java:takeSnapshot(303)) - 152046d9-4666-4fa9-8a17-63719a568d84@group-1BE93E8E04DC-StateMachineUpdater: Took a snapshot at index 0
2025-05-12 13:59:56,506 [152046d9-4666-4fa9-8a17-63719a568d84@group-1BE93E8E04DC-StateMachineUpdater] INFO  impl.StateMachineUpdater (StateMachineUpdater.java:lambda$new$0(102)) - 152046d9-4666-4fa9-8a17-63719a568d84@group-1BE93E8E04DC-StateMachineUpdater: snapshotIndex: updateIncreasingly -1 -> 0
2025-05-12 13:59:56,506 [152046d9-4666-4fa9-8a17-63719a568d84@group-1BE93E8E04DC-StateMachineUpdater] INFO  impl.StateMachineUpdater (StateMachineUpdater.java:stop(141)) - 152046d9-4666-4fa9-8a17-63719a568d84@group-1BE93E8E04DC-StateMachineUpdater: closing SCMStateMachine, lastApplied=(t:1, i:0)
2025-05-12 13:59:56,507 [152046d9-4666-4fa9-8a17-63719a568d84@group-1BE93E8E04DC-cacheEviction-AwaitToRun] INFO  util.AwaitToRun (AwaitToRun.java:run(49)) - 152046d9-4666-4fa9-8a17-63719a568d84@group-1BE93E8E04DC-cacheEviction-AwaitToRun-AwaitForSignal is interrupted
2025-05-12 13:59:56,619 [152046d9-4666-4fa9-8a17-63719a568d84-impl-thread1] INFO  segmented.SegmentedRaftLogWorker (SegmentedRaftLogWorker.java:close(252)) - 152046d9-4666-4fa9-8a17-63719a568d84@group-1BE93E8E04DC-SegmentedRaftLogWorker close()
2025-05-12 13:59:56,619 [JvmPauseMonitor10] INFO  util.JvmPauseMonitor (JvmPauseMonitor.java:run(152)) - JvmPauseMonitor-152046d9-4666-4fa9-8a17-63719a568d84: Stopped
2025-05-12 13:59:56,619 [main] WARN  server.ServerUtils (ServerUtils.java:getScmDbDir(138)) - ozone.scm.db.dirs is not configured. We recommend adding this setting. Falling back to ozone.metadata.dirs instead.
2025-05-12 13:59:56,620 [main] INFO  ha.SCMHANodeDetails (SCMHANodeDetails.java:loadSCMHAConfig(162)) - ServiceID for StorageContainerManager is null
2025-05-12 13:59:56,620 [main] INFO  ha.SCMHANodeDetails (SCMHANodeDetails.java:loadSCMHAConfig(166)) - ozone.scm.default.service.id is not defined, falling back to ozone.scm.service.ids to find serviceID for StorageContainerManager if it is HA enabled cluster
2025-05-12 13:59:56,628 [pool-316-thread-1] INFO  request.KdcRequest (KdcRequest.java:preauth(683)) - The preauth data is empty.
2025-05-12 13:59:56,628 [pool-316-thread-1] INFO  server.KdcHandler (KdcHandler.java:handleRecoverableException(177)) - KRB error occurred while processing request: Additional pre-authentication required
2025-05-12 13:59:56,631 [pool-316-thread-1] INFO  request.AsRequest (AsRequest.java:issueTicket(112)) - AS_REQ ISSUE: authtime 1747058396630,om/pkrvmberfyhpb9w.internal.cloudapp.net@EXAMPLE.COM for krbtgt/EXAMPLE.COM@EXAMPLE.COM
2025-05-12 13:59:56,632 [main] INFO  security.UserGroupInformation (UserGroupInformation.java:loginUserFromKeytab(1143)) - Login successful for user om/pkrvmberfyhpb9w.internal.cloudapp.net@EXAMPLE.COM using keytab file om.keytab. Keytab auto renewal enabled : false
2025-05-12 13:59:56,632 [main] INFO  server.StorageContainerManager (StorageContainerManager.java:loginAsSCMUserIfSecurityEnabled(1062)) - SCM login successful.
2025-05-12 13:59:56,633 [main] INFO  proxy.SCMSecurityProtocolFailoverProxyProvider (SCMFailoverProxyProviderBase.java:<init>(120)) - Created fail-over proxy for protocol SCMSecurityProtocolPB with 1 nodes: [nodeId=scmNodeId,nodeAddress=localhost/127.0.0.1:15038]
2025-05-12 13:59:56,634 [main] INFO  client.SCMCertificateClient (DefaultCertificateClient.java:updateCertSerialId(1289)) - Certificate serial ID set to 2
2025-05-12 13:59:56,635 [main] INFO  client.SCMCertificateClient (DefaultCertificateClient.java:readCertificateFile(247)) - Added certificate 2 from file: /tmp/junit-5774183720346243141/scm-meta/scm/sub-ca/certs/2.crt.
2025-05-12 13:59:56,635 [main] INFO  client.SCMCertificateClient (DefaultCertificateClient.java:readCertificateFile(247)) - Added certificate 1 from file: /tmp/junit-5774183720346243141/scm-meta/scm/sub-ca/certs/CA-1.crt.
2025-05-12 13:59:56,636 [main] INFO  client.SCMCertificateClient (DefaultCertificateClient.java:readCertificateFile(247)) - Added certificate 2 from file: /tmp/junit-5774183720346243141/scm-meta/scm/sub-ca/certs/certificate.crt.
2025-05-12 13:59:56,636 [main] INFO  client.SCMCertificateClient (DefaultCertificateClient.java:loadAllCertificates(196)) - CertificateRenewerService and root ca rotation polling is disabled for scm/sub-ca
2025-05-12 13:59:56,636 [main] WARN  utils.HAUtils (HAUtils.java:getMetaDir(311)) - ozone.scm.db.dirs is not configured. We recommend adding this setting. Falling back to ozone.metadata.dirs instead.
2025-05-12 13:59:56,637 [main] WARN  db.DBStoreBuilder (DBStoreBuilder.java:getDBDirPath(160)) - ozone.scm.db.dirs is not configured. We recommend adding this setting. Falling back to ozone.metadata.dirs instead.
2025-05-12 13:59:56,680 [main] INFO  net.NodeSchemaLoader (NodeSchemaLoader.java:loadSchemaFromFile(128)) - Loading schema from [jar:file:/home/runner/work/ozone/ozone/hadoop-hdds/common/target/hdds-common-2.1.0-SNAPSHOT.jar!/network-topology-default.xml]
2025-05-12 13:59:56,680 [main] INFO  net.NodeSchemaLoader (NodeSchemaLoader.java:loadSchema(175)) - Loading network topology layer schema file
2025-05-12 13:59:56,696 [main] INFO  ha.SCMRatisServerImpl (SCMRatisServerImpl.java:<init>(100)) - starting Raft server for scm:152046d9-4666-4fa9-8a17-63719a568d84
2025-05-12 13:59:56,696 [main] INFO  server.RaftServerConfigKeys (ConfUtils.java:logGet(46)) - raft.server.log.appender.buffer.byte-limit = 4194304 (custom)
2025-05-12 13:59:56,697 [main] INFO  server.RaftServer (ConfUtils.java:logGet(46)) - raft.rpc.type = GRPC (default)
2025-05-12 13:59:56,698 [main] INFO  grpc.GrpcConfigKeys (ConfUtils.java:logFallback(53)) - raft.grpc.admin.host = null (fallback to raft.grpc.server.host)
2025-05-12 13:59:56,698 [main] INFO  grpc.GrpcConfigKeys (ConfUtils.java:logFallback(53)) - raft.grpc.admin.port = 15039 (fallback to raft.grpc.server.port)
2025-05-12 13:59:56,698 [main] INFO  grpc.GrpcConfigKeys (ConfUtils.java:logFallback(53)) - raft.grpc.client.host = null (fallback to raft.grpc.server.host)
2025-05-12 13:59:56,698 [main] INFO  grpc.GrpcConfigKeys (ConfUtils.java:logFallback(53)) - raft.grpc.client.port = 15039 (fallback to raft.grpc.server.port)
2025-05-12 13:59:56,698 [main] INFO  grpc.GrpcConfigKeys (ConfUtils.java:logGet(46)) - raft.grpc.server.host = null (default)
2025-05-12 13:59:56,698 [main] INFO  grpc.GrpcConfigKeys (ConfUtils.java:logGet(46)) - raft.grpc.server.port = 15039 (custom)
2025-05-12 13:59:56,698 [main] INFO  server.GrpcService (ConfUtils.java:logGet(46)) - raft.grpc.message.size.max = 5242880 (custom)
2025-05-12 13:59:56,698 [main] INFO  server.GrpcService (ConfUtils.java:logGet(46)) - raft.grpc.flow.control.window = 1MB (=1048576) (default)
2025-05-12 13:59:56,698 [main] INFO  server.RaftServerConfigKeys (ConfUtils.java:logGet(46)) - raft.server.rpc.request.timeout = 30000ms (custom)
2025-05-12 13:59:56,698 [main] INFO  grpc.GrpcConfigKeys (ConfUtils.java:logGet(46)) - raft.grpc.server.heartbeat.channel = true (default)
2025-05-12 13:59:56,699 [main] INFO  server.RaftServerConfigKeys (ConfUtils.java:logGet(46)) - raft.server.log.appender.buffer.byte-limit = 4194304 (custom)
2025-05-12 13:59:56,699 [main] INFO  grpc.GrpcConfigKeys (ConfUtils.java:logGet(46)) - raft.grpc.server.async.request.thread.pool.cached = true (default)
2025-05-12 13:59:56,699 [main] INFO  grpc.GrpcConfigKeys (ConfUtils.java:logGet(46)) - raft.grpc.server.async.request.thread.pool.size = 32 (default)
2025-05-12 13:59:56,699 [main] INFO  impl.DataStreamServerImpl (ConfUtils.java:logGet(46)) - raft.datastream.type = DISABLED (default)
2025-05-12 13:59:56,700 [main] INFO  server.RaftServerConfigKeys (ConfUtils.java:logGet(46)) - raft.server.sleep.deviation.threshold = 300ms (default)
2025-05-12 13:59:56,700 [main] INFO  server.RaftServerConfigKeys (ConfUtils.java:logGet(46)) - raft.server.close.threshold = 60s (default)
2025-05-12 13:59:56,700 [main] INFO  server.RaftServerConfigKeys (ConfUtils.java:logGet(46)) - raft.server.leaderelection.leader.step-down.wait-time = 10s (default)
2025-05-12 13:59:56,700 [main] INFO  server.RaftServerConfigKeys (ConfUtils.java:logGet(46)) - raft.server.storage.dir = [/tmp/junit-5774183720346243141/scm-meta/scm-ha] (custom)
2025-05-12 13:59:56,700 [main] INFO  server.RaftServerConfigKeys (ConfUtils.java:logGet(46)) - raft.server.threadpool.proxy.cached = true (default)
2025-05-12 13:59:56,700 [main] INFO  server.RaftServerConfigKeys (ConfUtils.java:logGet(46)) - raft.server.threadpool.proxy.size = 0 (default)
2025-05-12 13:59:56,701 [152046d9-4666-4fa9-8a17-63719a568d84-impl-thread1] INFO  server.RaftServer (RaftServerProxy.java:initGroupDir(265)) - 152046d9-4666-4fa9-8a17-63719a568d84: found a subdirectory /tmp/junit-5774183720346243141/scm-meta/scm-ha/34a6602b-e694-42c8-9c52-1be93e8e04dc
2025-05-12 13:59:56,701 [main] INFO  server.RaftServer (RaftServerProxy.java:addNew(100)) - 152046d9-4666-4fa9-8a17-63719a568d84: addNew group-1BE93E8E04DC:[] returns group-1BE93E8E04DC:java.util.concurrent.CompletableFuture@278d21cb[Not completed]
2025-05-12 13:59:56,701 [152046d9-4666-4fa9-8a17-63719a568d84-groupManagement] INFO  server.RaftServer$Division (RaftServerImpl.java:<init>(255)) - 152046d9-4666-4fa9-8a17-63719a568d84: new RaftServerImpl for group-1BE93E8E04DC:[] with SCMStateMachine:uninitialized
2025-05-12 13:59:56,701 [152046d9-4666-4fa9-8a17-63719a568d84-groupManagement] INFO  server.RaftServerConfigKeys (ConfUtils.java:logGet(46)) - raft.server.rpc.timeout.min = 5000ms (custom)
2025-05-12 13:59:56,701 [152046d9-4666-4fa9-8a17-63719a568d84-groupManagement] INFO  server.RaftServerConfigKeys (ConfUtils.java:logGet(46)) - raft.server.rpc.timeout.max = 5200ms (custom)
2025-05-12 13:59:56,701 [152046d9-4666-4fa9-8a17-63719a568d84-groupManagement] INFO  server.RaftServerConfigKeys (ConfUtils.java:logGet(46)) - raft.server.rpc.sleep.time = 25ms (default)
2025-05-12 13:59:56,701 [152046d9-4666-4fa9-8a17-63719a568d84-groupManagement] INFO  server.RaftServerConfigKeys (ConfUtils.java:logGet(46)) - raft.server.rpc.slowness.timeout = 120000ms (custom)
2025-05-12 13:59:56,701 [152046d9-4666-4fa9-8a17-63719a568d84-groupManagement] INFO  server.RaftServerConfigKeys (ConfUtils.java:logGet(46)) - raft.server.leaderelection.leader.step-down.wait-time = 10s (default)
2025-05-12 13:59:56,701 [152046d9-4666-4fa9-8a17-63719a568d84-groupManagement] INFO  server.RaftServerConfigKeys (ConfUtils.java:logGet(46)) - raft.server.leaderelection.member.majority-add = false (default)
2025-05-12 13:59:56,701 [152046d9-4666-4fa9-8a17-63719a568d84-groupManagement] INFO  server.RaftServerConfigKeys (ConfUtils.java:logGet(46)) - raft.server.sleep.deviation.threshold = 300ms (default)
2025-05-12 13:59:56,701 [152046d9-4666-4fa9-8a17-63719a568d84-groupManagement] INFO  server.RaftServer$Division (ServerState.java:<init>(114)) - 152046d9-4666-4fa9-8a17-63719a568d84@group-1BE93E8E04DC: ConfigurationManager, init=conf: {index: -1, cur=peers:[]|listeners:[], old=null}, confs=<EMPTY_MAP>
2025-05-12 13:59:56,702 [152046d9-4666-4fa9-8a17-63719a568d84-groupManagement] INFO  server.RaftServerConfigKeys (ConfUtils.java:logGet(46)) - raft.server.notification.no-leader.timeout = 60s (default)
2025-05-12 13:59:56,702 [152046d9-4666-4fa9-8a17-63719a568d84-groupManagement] INFO  server.RaftServerConfigKeys (ConfUtils.java:logGet(46)) - raft.server.read.timeout = 10s (default)
2025-05-12 13:59:56,702 [152046d9-4666-4fa9-8a17-63719a568d84-groupManagement] INFO  server.RaftServerConfigKeys (ConfUtils.java:logGet(46)) - raft.server.retrycache.expirytime = 60000ms (default)
2025-05-12 13:59:56,702 [152046d9-4666-4fa9-8a17-63719a568d84-groupManagement] INFO  server.RaftServerConfigKeys (ConfUtils.java:logGet(46)) - raft.server.retrycache.statistics.expirytime = 100ms (default)
2025-05-12 13:59:56,702 [152046d9-4666-4fa9-8a17-63719a568d84-groupManagement] INFO  server.RaftServerConfigKeys (ConfUtils.java:logGet(46)) - raft.server.read.option = DEFAULT (default)
2025-05-12 13:59:56,702 [152046d9-4666-4fa9-8a17-63719a568d84-groupManagement] INFO  server.RaftServerConfigKeys (ConfUtils.java:logGet(46)) - raft.server.read.read-after-write-consistent.write-index-cache.expiry-time = 60s (default)
2025-05-12 13:59:56,705 [152046d9-4666-4fa9-8a17-63719a568d84-groupManagement] INFO  server.RaftServerConfigKeys (ConfUtils.java:logGet(46)) - raft.server.rpc.request.timeout = 30000ms (custom)
2025-05-12 13:59:56,705 [152046d9-4666-4fa9-8a17-63719a568d84-groupManagement] INFO  server.RaftServerConfigKeys (ConfUtils.java:logGet(46)) - raft.server.log.appender.install.snapshot.enabled = false (custom)
2025-05-12 13:59:56,705 [152046d9-4666-4fa9-8a17-63719a568d84-groupManagement] INFO  server.RaftServerConfigKeys (ConfUtils.java:logGet(46)) - raft.server.threadpool.server.cached = true (default)
2025-05-12 13:59:56,705 [152046d9-4666-4fa9-8a17-63719a568d84-groupManagement] INFO  server.RaftServerConfigKeys (ConfUtils.java:logGet(46)) - raft.server.threadpool.server.size = 0 (default)
2025-05-12 13:59:56,705 [152046d9-4666-4fa9-8a17-63719a568d84-groupManagement] INFO  server.RaftServerConfigKeys (ConfUtils.java:logGet(46)) - raft.server.threadpool.client.cached = true (default)
2025-05-12 13:59:56,706 [152046d9-4666-4fa9-8a17-63719a568d84-groupManagement] INFO  server.RaftServerConfigKeys (ConfUtils.java:logGet(46)) - raft.server.threadpool.client.size = 0 (default)
2025-05-12 13:59:56,706 [main] INFO  ha.SCMSnapshotProvider (SCMSnapshotProvider.java:<init>(61)) - Initializing SCM Snapshot Provider
2025-05-12 13:59:56,706 [main] WARN  server.ServerUtils (ServerUtils.java:getDefaultRatisDirectory(304)) - Storage directory for Ratis is not configured. It is a good idea to map this to an SSD disk. Falling back to ozone.metadata.dirs
2025-05-12 13:59:56,706 [main] WARN  ha.SCMHAUtils (SCMHAUtils.java:getSCMRatisSnapshotDirectory(120)) - SCM snapshot dir is not configured. Falling back to ozone.metadata.dirs config
2025-05-12 13:59:56,707 [main] INFO  upgrade.AbstractLayoutVersionManager (AbstractLayoutVersionManager.java:init(80)) - Initializing Layout version manager with metadata layout = HBASE_SUPPORT (version = 8), software layout = HBASE_SUPPORT (version = 8)
2025-05-12 13:59:56,708 [main] INFO  ha.SequenceIdGenerator (SequenceIdGenerator.java:upgradeToSequenceId(355)) - upgrade localId to 115816896921600000
2025-05-12 13:59:56,709 [main] INFO  ha.SequenceIdGenerator (SequenceIdGenerator.java:upgradeToSequenceId(365)) - upgrade delTxnId to 0
2025-05-12 13:59:56,710 [main] INFO  ha.SequenceIdGenerator (SequenceIdGenerator.java:upgradeToSequenceId(382)) - upgrade containerId to 0
2025-05-12 13:59:56,711 [main] INFO  ha.SequenceIdGenerator (SequenceIdGenerator.java:upgradeToCertificateSequenceId(419)) - upgrade CertificateId to 2
2025-05-12 13:59:56,711 [main] INFO  ha.SequenceIdGenerator (SequenceIdGenerator.java:<init>(232)) - Init the HA SequenceIdGenerator.
2025-05-12 13:59:56,712 [main] WARN  server.ServerUtils (ServerUtils.java:sanitizeUserArgs(76)) - ozone.scm.stale.node.interval value = 300000 is larger than max = 100000 based on the key value of ozone.scm.heartbeat.thread.interval, reset to the max value 100000.
2025-05-12 13:59:56,712 [main] WARN  server.ServerUtils (ServerUtils.java:sanitizeUserArgs(76)) - ozone.scm.stale.node.interval value = 300000 is larger than max = 100000 based on the key value of ozone.scm.heartbeat.thread.interval, reset to the max value 100000.
2025-05-12 13:59:56,712 [main] INFO  node.SCMNodeManager (SCMNodeManager.java:<init>(182)) - Entering startup safe mode.
2025-05-12 13:59:56,713 [main] INFO  algorithms.ContainerPlacementPolicyFactory (ContainerPlacementPolicyFactory.java:getPolicyInternal(84)) - Create container placement policy of type org.apache.hadoop.hdds.scm.container.placement.algorithms.SCMContainerPlacementRackAware
2025-05-12 13:59:56,713 [main] INFO  algorithms.ContainerPlacementPolicyFactory (ContainerPlacementPolicyFactory.java:getPolicyInternal(84)) - Create container placement policy of type org.apache.hadoop.hdds.scm.container.placement.algorithms.SCMContainerPlacementRackScatter
2025-05-12 13:59:56,713 [main] INFO  pipeline.PipelineStateManagerImpl (PipelineStateManagerImpl.java:initialize(75)) - No pipeline exists in current db
2025-05-12 13:59:56,713 [main] INFO  algorithms.LeaderChoosePolicyFactory (LeaderChoosePolicyFactory.java:getPolicy(55)) - Create leader choose policy of type org.apache.hadoop.hdds.scm.pipeline.leader.choose.algorithms.MinLeaderCountChoosePolicy
2025-05-12 13:59:56,714 [main] INFO  algorithms.ContainerPlacementPolicyFactory (ContainerPlacementPolicyFactory.java:getPolicyInternal(84)) - Create container placement policy of type org.apache.hadoop.hdds.scm.container.placement.algorithms.SCMContainerPlacementRackScatter
2025-05-12 13:59:56,714 [main] INFO  ha.SCMServiceManager (SCMServiceManager.java:register(42)) - Registering service BackgroundPipelineCreator.
2025-05-12 13:59:56,714 [main] INFO  pipeline.BackgroundPipelineCreator (BackgroundPipelineCreator.java:start(126)) - Starting RatisPipelineUtilsThread.
2025-05-12 13:59:56,714 [main] INFO  BackgroundPipelineScrubber (BackgroundSCMService.java:start(64)) - Starting BackgroundPipelineScrubber Service.
2025-05-12 13:59:56,714 [main] INFO  ha.SCMServiceManager (SCMServiceManager.java:register(42)) - Registering service BackgroundPipelineScrubber.
2025-05-12 13:59:56,715 [main] INFO  ExpiredContainerReplicaOpScrubber (BackgroundSCMService.java:start(64)) - Starting ExpiredContainerReplicaOpScrubber Service.
2025-05-12 13:59:56,715 [main] INFO  ha.SCMServiceManager (SCMServiceManager.java:register(42)) - Registering service ExpiredContainerReplicaOpScrubber.
2025-05-12 13:59:56,716 [main] INFO  algorithms.PipelineChoosePolicyFactory (PipelineChoosePolicyFactory.java:createPipelineChoosePolicyFromClass(78)) - Create pipeline choose policy of type org.apache.hadoop.hdds.scm.pipeline.choose.algorithms.RandomPipelineChoosePolicy
2025-05-12 13:59:56,716 [main] INFO  algorithms.PipelineChoosePolicyFactory (PipelineChoosePolicyFactory.java:createPipelineChoosePolicyFromClass(78)) - Create pipeline choose policy of type org.apache.hadoop.hdds.scm.pipeline.choose.algorithms.RandomPipelineChoosePolicy
2025-05-12 13:59:56,717 [main] INFO  ha.SCMServiceManager (SCMServiceManager.java:register(42)) - Registering service SCMBlockDeletingService.
2025-05-12 13:59:56,717 [main] INFO  replication.ReplicationManager (ReplicationManager.java:start(285)) - Starting Replication Monitor Thread.
2025-05-12 13:59:56,718 [main] INFO  ha.SCMServiceManager (SCMServiceManager.java:register(42)) - Registering service ReplicationManager.
2025-05-12 13:59:56,718 [main] INFO  safemode.RatisContainerSafeModeRule (RatisContainerSafeModeRule.java:initializeRule(160)) - Refreshed Containers with one replica threshold count 0.
2025-05-12 13:59:56,718 [main] INFO  safemode.ECContainerSafeModeRule (ECContainerSafeModeRule.java:initializeRule(205)) - Refreshed Containers with ec n replica threshold count 0.
2025-05-12 13:59:56,720 [main] INFO  safemode.HealthyPipelineSafeModeRule (HealthyPipelineSafeModeRule.java:initializeRule(177)) - Total pipeline count is 0, healthy pipeline threshold count is 0
2025-05-12 13:59:56,721 [main] INFO  safemode.OneReplicaPipelineSafeModeRule (OneReplicaPipelineSafeModeRule.java:initializeRule(190)) - Total pipeline count is 0, pipeline's with at least one datanode reported threshold count is 0
2025-05-12 13:59:56,721 [main] INFO  security.SecretKeyManagerService (SecretKeyManagerService.java:start(143)) - Scheduling rotation checker with interval PT10M
2025-05-12 13:59:56,722 [main] INFO  ha.SCMServiceManager (SCMServiceManager.java:register(42)) - Registering service SecretKeyManagerService.
2025-05-12 13:59:56,722 [main] INFO  keys.KeyStorage (KeyStorage.java:readPublicKey(174)) - Reading public key from /tmp/junit-5774183720346243141/scm-meta/scm/sub-ca/keys/public.pem.
2025-05-12 13:59:56,722 [main] INFO  keys.KeyStorage (KeyStorage.java:readPrivateKey(158)) - Reading private key from /tmp/junit-5774183720346243141/scm-meta/scm/sub-ca/keys/private.pem.
2025-05-12 13:59:56,722 [main] INFO  authority.DefaultCAServer (DefaultCAServer.java:lambda$processVerificationStatus$0(392)) - CertificateServer validation is successful
2025-05-12 13:59:56,723 [main] INFO  keys.KeyStorage (KeyStorage.java:readPublicKey(174)) - Reading public key from /tmp/junit-5774183720346243141/scm-meta/scm/ca/keys/public.pem.
2025-05-12 13:59:56,723 [main] INFO  keys.KeyStorage (KeyStorage.java:readPrivateKey(158)) - Reading private key from /tmp/junit-5774183720346243141/scm-meta/scm/ca/keys/private.pem.
2025-05-12 13:59:56,723 [main] INFO  authority.DefaultCAServer (DefaultCAServer.java:lambda$processVerificationStatus$0(392)) - CertificateServer validation is successful
2025-05-12 13:59:56,723 [main] INFO  server.StorageContainerManager (StorageContainerManager.java:persistPrimarySCMCerts(950)) - Storing sub-ca certificate serialId 2 on primary SCM
2025-05-12 13:59:56,724 [main] INFO  server.SCMCertStore (SCMCertStore.java:storeValidScmCertificate(96)) - Scm certificate 2 for CN=scm-sub@pkrvmberfyhpb9w,OU=152046d9-4666-4fa9-8a17-63719a568d84,O=34a6602b-e694-42c8-9c52-1be93e8e04dc,SERIALNUMBER=2 is stored
2025-05-12 13:59:56,724 [main] INFO  server.StorageContainerManager (StorageContainerManager.java:persistPrimarySCMCerts(957)) - Storing root certificate serialId 1
2025-05-12 13:59:56,725 [main] INFO  server.SCMCertStore (SCMCertStore.java:storeValidScmCertificate(96)) - Scm certificate 1 for CN=scm@pkrvmberfyhpb9w,OU=152046d9-4666-4fa9-8a17-63719a568d84,O=34a6602b-e694-42c8-9c52-1be93e8e04dc,SERIALNUMBER=1 is stored
2025-05-12 13:59:56,727 [main] INFO  ha.SequenceIdGenerator (SequenceIdGenerator.java:upgradeToCertificateSequenceId(419)) - upgrade CertificateId to 2
2025-05-12 13:59:56,727 [main] INFO  ipc.CallQueueManager (CallQueueManager.java:<init>(93)) - Using callQueue: class java.util.concurrent.LinkedBlockingQueue, queueCapacity: 200, scheduler: class org.apache.hadoop.ipc.DefaultRpcScheduler, ipcBackoff: false, ipcFailOver: false.
2025-05-12 13:59:56,728 [main] INFO  ipc.Server (Server.java:<init>(1438)) - Listener at 0.0.0.0:15038
2025-05-12 13:59:56,728 [Socket Reader #1 for port 15038] INFO  ipc.Server (Server.java:run(1474)) - Starting Socket Reader #1 for port 15038
2025-05-12 13:59:56,729 [main] INFO  server.StorageContainerManager (StorageContainerManager.java:<init>(430)) - SCM start with adminUsers: [om/pkrvmberfyhpb9w.internal.cloudapp.net@EXAMPLE.COM, om]
2025-05-12 13:59:56,729 [main] INFO  ipc.CallQueueManager (CallQueueManager.java:<init>(93)) - Using callQueue: class java.util.concurrent.LinkedBlockingQueue, queueCapacity: 10000, scheduler: class org.apache.hadoop.ipc.DefaultRpcScheduler, ipcBackoff: false, ipcFailOver: false.
2025-05-12 13:59:56,729 [main] INFO  ipc.Server (Server.java:<init>(1438)) - Listener at 0.0.0.0:15036
2025-05-12 13:59:56,730 [Socket Reader #1 for port 15036] INFO  ipc.Server (Server.java:run(1474)) - Starting Socket Reader #1 for port 15036
2025-05-12 13:59:56,730 [Socket Reader #2 for port 15036] INFO  ipc.Server (Server.java:run(1474)) - Starting Socket Reader #2 for port 15036
2025-05-12 13:59:56,730 [Socket Reader #3 for port 15036] INFO  ipc.Server (Server.java:run(1474)) - Starting Socket Reader #3 for port 15036
2025-05-12 13:59:56,730 [Socket Reader #4 for port 15036] INFO  ipc.Server (Server.java:run(1474)) - Starting Socket Reader #4 for port 15036
2025-05-12 13:59:56,730 [Socket Reader #5 for port 15036] INFO  ipc.Server (Server.java:run(1474)) - Starting Socket Reader #5 for port 15036
2025-05-12 13:59:56,731 [Socket Reader #6 for port 15036] INFO  ipc.Server (Server.java:run(1474)) - Starting Socket Reader #6 for port 15036
2025-05-12 13:59:56,731 [Socket Reader #7 for port 15036] INFO  ipc.Server (Server.java:run(1474)) - Starting Socket Reader #7 for port 15036
2025-05-12 13:59:56,731 [Socket Reader #8 for port 15036] INFO  ipc.Server (Server.java:run(1474)) - Starting Socket Reader #8 for port 15036
2025-05-12 13:59:56,731 [Socket Reader #9 for port 15036] INFO  ipc.Server (Server.java:run(1474)) - Starting Socket Reader #9 for port 15036
2025-05-12 13:59:56,732 [Socket Reader #10 for port 15036] INFO  ipc.Server (Server.java:run(1474)) - Starting Socket Reader #10 for port 15036
2025-05-12 13:59:56,732 [main] INFO  ipc.CallQueueManager (CallQueueManager.java:<init>(93)) - Using callQueue: class java.util.concurrent.LinkedBlockingQueue, queueCapacity: 10000, scheduler: class org.apache.hadoop.ipc.DefaultRpcScheduler, ipcBackoff: false, ipcFailOver: false.
2025-05-12 13:59:56,733 [main] INFO  ipc.Server (Server.java:<init>(1438)) - Listener at 0.0.0.0:15037
2025-05-12 13:59:56,733 [Socket Reader #1 for port 15037] INFO  ipc.Server (Server.java:run(1474)) - Starting Socket Reader #1 for port 15037
2025-05-12 13:59:56,733 [Socket Reader #2 for port 15037] INFO  ipc.Server (Server.java:run(1474)) - Starting Socket Reader #2 for port 15037
2025-05-12 13:59:56,733 [Socket Reader #3 for port 15037] INFO  ipc.Server (Server.java:run(1474)) - Starting Socket Reader #3 for port 15037
2025-05-12 13:59:56,734 [Socket Reader #4 for port 15037] INFO  ipc.Server (Server.java:run(1474)) - Starting Socket Reader #4 for port 15037
2025-05-12 13:59:56,734 [Socket Reader #5 for port 15037] INFO  ipc.Server (Server.java:run(1474)) - Starting Socket Reader #5 for port 15037
2025-05-12 13:59:56,734 [Socket Reader #6 for port 15037] INFO  ipc.Server (Server.java:run(1474)) - Starting Socket Reader #6 for port 15037
2025-05-12 13:59:56,734 [Socket Reader #7 for port 15037] INFO  ipc.Server (Server.java:run(1474)) - Starting Socket Reader #7 for port 15037
2025-05-12 13:59:56,735 [Socket Reader #8 for port 15037] INFO  ipc.Server (Server.java:run(1474)) - Starting Socket Reader #8 for port 15037
2025-05-12 13:59:56,735 [Socket Reader #9 for port 15037] INFO  ipc.Server (Server.java:run(1474)) - Starting Socket Reader #9 for port 15037
2025-05-12 13:59:56,735 [Socket Reader #10 for port 15037] INFO  ipc.Server (Server.java:run(1474)) - Starting Socket Reader #10 for port 15037
2025-05-12 13:59:56,736 [main] INFO  ipc.CallQueueManager (CallQueueManager.java:<init>(93)) - Using callQueue: class java.util.concurrent.LinkedBlockingQueue, queueCapacity: 10000, scheduler: class org.apache.hadoop.ipc.DefaultRpcScheduler, ipcBackoff: false, ipcFailOver: false.
2025-05-12 13:59:56,736 [main] INFO  ipc.Server (Server.java:<init>(1438)) - Listener at 0.0.0.0:15035
2025-05-12 13:59:56,737 [Socket Reader #1 for port 15035] INFO  ipc.Server (Server.java:run(1474)) - Starting Socket Reader #1 for port 15035
2025-05-12 13:59:56,737 [Socket Reader #2 for port 15035] INFO  ipc.Server (Server.java:run(1474)) - Starting Socket Reader #2 for port 15035
2025-05-12 13:59:56,737 [Socket Reader #3 for port 15035] INFO  ipc.Server (Server.java:run(1474)) - Starting Socket Reader #3 for port 15035
2025-05-12 13:59:56,737 [Socket Reader #4 for port 15035] INFO  ipc.Server (Server.java:run(1474)) - Starting Socket Reader #4 for port 15035
2025-05-12 13:59:56,737 [Socket Reader #5 for port 15035] INFO  ipc.Server (Server.java:run(1474)) - Starting Socket Reader #5 for port 15035
2025-05-12 13:59:56,738 [Socket Reader #6 for port 15035] INFO  ipc.Server (Server.java:run(1474)) - Starting Socket Reader #6 for port 15035
2025-05-12 13:59:56,738 [Socket Reader #7 for port 15035] INFO  ipc.Server (Server.java:run(1474)) - Starting Socket Reader #7 for port 15035
2025-05-12 13:59:56,738 [Socket Reader #8 for port 15035] INFO  ipc.Server (Server.java:run(1474)) - Starting Socket Reader #8 for port 15035
2025-05-12 13:59:56,738 [Socket Reader #9 for port 15035] INFO  ipc.Server (Server.java:run(1474)) - Starting Socket Reader #9 for port 15035
2025-05-12 13:59:56,738 [Socket Reader #10 for port 15035] INFO  ipc.Server (Server.java:run(1474)) - Starting Socket Reader #10 for port 15035
2025-05-12 13:59:56,742 [main] INFO  ha.SCMServiceManager (SCMServiceManager.java:register(42)) - Registering service ContainerBalancer.
2025-05-12 13:59:56,742 [main] INFO  ha.SCMContext (SCMContext.java:updateSafeModeStatus(224)) - Update SafeModeStatus from SafeModeStatus{safeModeStatus=true, preCheckPassed=false} to SafeModeStatus{safeModeStatus=true, preCheckPassed=false}.
2025-05-12 13:59:56,742 [main] INFO  server.StorageContainerManager (StorageContainerManager.java:start(1507)) - StorageContainerLocationProtocol RPC server is listening at /0.0.0.0:15035
2025-05-12 13:59:56,742 [main] INFO  ha.SCMRatisServerImpl (SCMRatisServerImpl.java:start(203)) - starting ratis server 0.0.0.0:15039
2025-05-12 13:59:56,743 [152046d9-4666-4fa9-8a17-63719a568d84-impl-thread1] INFO  server.RaftServerConfigKeys (ConfUtils.java:logGet(46)) - raft.server.storage.free-space.min = 0MB (=0) (default)
2025-05-12 13:59:56,743 [152046d9-4666-4fa9-8a17-63719a568d84-impl-thread1] INFO  server.RaftServerConfigKeys (ConfUtils.java:logGet(46)) - raft.server.log.corruption.policy = EXCEPTION (default)
2025-05-12 13:59:56,743 [152046d9-4666-4fa9-8a17-63719a568d84-impl-thread1] INFO  server.RaftServerConfigKeys (ConfUtils.java:logGet(46)) - raft.server.storage.dir = [/tmp/junit-5774183720346243141/scm-meta/scm-ha] (custom)
2025-05-12 13:59:56,744 [152046d9-4666-4fa9-8a17-63719a568d84-impl-thread1] INFO  storage.RaftStorageDirectory (RaftStorageDirectoryImpl.java:tryLock(229)) - Lock on /tmp/junit-5774183720346243141/scm-meta/scm-ha/34a6602b-e694-42c8-9c52-1be93e8e04dc/in_use.lock acquired by nodename 14437@pkrvmberfyhpb9w
2025-05-12 13:59:56,744 [152046d9-4666-4fa9-8a17-63719a568d84-impl-thread1] INFO  storage.RaftStorage (RaftStorageImpl.java:analyzeAndRecoverStorage(118)) - Read RaftStorageMetadata{term=1, votedFor=152046d9-4666-4fa9-8a17-63719a568d84} from /tmp/junit-5774183720346243141/scm-meta/scm-ha/34a6602b-e694-42c8-9c52-1be93e8e04dc/current/raft-meta
2025-05-12 13:59:56,744 [152046d9-4666-4fa9-8a17-63719a568d84-impl-thread1] INFO  server.RaftServer$Division (ServerState.java:setRaftConf(386)) - 152046d9-4666-4fa9-8a17-63719a568d84@group-1BE93E8E04DC: set configuration conf: {index: 0, cur=peers:[152046d9-4666-4fa9-8a17-63719a568d84|pkrvmberfyhpb9w:15039]|listeners:[], old=null}
2025-05-12 13:59:56,744 [152046d9-4666-4fa9-8a17-63719a568d84-impl-thread1] INFO  ha.SCMStateMachine (SCMStateMachine.java:lambda$initialize$0(135)) - 152046d9-4666-4fa9-8a17-63719a568d84: initialize group-1BE93E8E04DC
2025-05-12 13:59:56,744 [152046d9-4666-4fa9-8a17-63719a568d84-impl-thread1] INFO  server.RaftServerConfigKeys (ConfUtils.java:logGet(46)) - raft.server.log.use.memory = false (default)
2025-05-12 13:59:56,744 [152046d9-4666-4fa9-8a17-63719a568d84-impl-thread1] INFO  server.RaftServerConfigKeys (ConfUtils.java:logGet(46)) - raft.server.log.purge.gap = 1000000 (custom)
2025-05-12 13:59:56,745 [152046d9-4666-4fa9-8a17-63719a568d84-impl-thread1] INFO  server.RaftServerConfigKeys (ConfUtils.java:logGet(46)) - raft.server.log.appender.buffer.byte-limit = 4194304 (custom)
2025-05-12 13:59:56,745 [152046d9-4666-4fa9-8a17-63719a568d84-impl-thread1] INFO  server.RaftServerConfigKeys (ConfUtils.java:logGet(46)) - raft.server.log.statemachine.data.read.timeout = 1000ms (default)
2025-05-12 13:59:56,745 [152046d9-4666-4fa9-8a17-63719a568d84-impl-thread1] INFO  server.RaftServerConfigKeys (ConfUtils.java:logGet(46)) - raft.server.log.purge.preservation.log.num = 0 (default)
2025-05-12 13:59:56,746 [152046d9-4666-4fa9-8a17-63719a568d84-impl-thread1] INFO  server.RaftServerConfigKeys (ConfUtils.java:logGet(46)) - raft.server.log.segment.size.max = 4194304 (custom)
2025-05-12 13:59:56,747 [152046d9-4666-4fa9-8a17-63719a568d84-impl-thread1] INFO  server.RaftServerConfigKeys (ConfUtils.java:logGet(46)) - raft.server.log.segment.cache.num.max = 2 (custom)
2025-05-12 13:59:56,747 [152046d9-4666-4fa9-8a17-63719a568d84-impl-thread1] INFO  server.RaftServerConfigKeys (ConfUtils.java:logGet(46)) - raft.server.log.segment.cache.size.max = 200MB (=209715200) (default)
2025-05-12 13:59:56,747 [152046d9-4666-4fa9-8a17-63719a568d84-impl-thread1] INFO  server.RaftServerConfigKeys (ConfUtils.java:logGet(46)) - raft.server.log.appender.buffer.byte-limit = 4194304 (custom)
2025-05-12 13:59:56,747 [152046d9-4666-4fa9-8a17-63719a568d84-impl-thread1] INFO  util.AwaitToRun (AwaitToRun.java:start(81)) - Thread[#1704,152046d9-4666-4fa9-8a17-63719a568d84@group-1BE93E8E04DC-cacheEviction-AwaitToRun,5,main] started
2025-05-12 13:59:56,747 [152046d9-4666-4fa9-8a17-63719a568d84-impl-thread1] INFO  segmented.SegmentedRaftLogWorker (SegmentedRaftLogWorker.java:<init>(188)) - new 152046d9-4666-4fa9-8a17-63719a568d84@group-1BE93E8E04DC-SegmentedRaftLogWorker for RaftStorageImpl:Storage Directory /tmp/junit-5774183720346243141/scm-meta/scm-ha/34a6602b-e694-42c8-9c52-1be93e8e04dc
2025-05-12 13:59:56,747 [152046d9-4666-4fa9-8a17-63719a568d84-impl-thread1] INFO  server.RaftServerConfigKeys (ConfUtils.java:logGet(46)) - raft.server.log.queue.byte-limit = 64MB (=67108864) (default)
2025-05-12 13:59:56,747 [152046d9-4666-4fa9-8a17-63719a568d84-impl-thread1] INFO  server.RaftServerConfigKeys (ConfUtils.java:logGet(46)) - raft.server.log.queue.element-limit = 4096 (default)
2025-05-12 13:59:56,747 [152046d9-4666-4fa9-8a17-63719a568d84-impl-thread1] INFO  server.RaftServerConfigKeys (ConfUtils.java:logGet(46)) - raft.server.log.segment.size.max = 4194304 (custom)
2025-05-12 13:59:56,747 [152046d9-4666-4fa9-8a17-63719a568d84-impl-thread1] INFO  server.RaftServerConfigKeys (ConfUtils.java:logGet(46)) - raft.server.log.preallocated.size = 4194304 (custom)
2025-05-12 13:59:56,747 [152046d9-4666-4fa9-8a17-63719a568d84-impl-thread1] INFO  server.RaftServerConfigKeys (ConfUtils.java:logGet(46)) - raft.server.log.force.sync.num = 128 (default)
2025-05-12 13:59:56,747 [152046d9-4666-4fa9-8a17-63719a568d84-impl-thread1] INFO  server.RaftServerConfigKeys (ConfUtils.java:logGet(46)) - raft.server.log.statemachine.data.sync = true (default)
2025-05-12 13:59:56,747 [152046d9-4666-4fa9-8a17-63719a568d84-impl-thread1] INFO  server.RaftServerConfigKeys (ConfUtils.java:logGet(46)) - raft.server.log.statemachine.data.sync.timeout = 10s (default)
2025-05-12 13:59:56,747 [152046d9-4666-4fa9-8a17-63719a568d84-impl-thread1] INFO  server.RaftServerConfigKeys (ConfUtils.java:logGet(46)) - raft.server.log.statemachine.data.sync.timeout.retry = -1 (default)
2025-05-12 13:59:56,748 [152046d9-4666-4fa9-8a17-63719a568d84-impl-thread1] INFO  server.RaftServerConfigKeys (ConfUtils.java:logGet(46)) - raft.server.log.write.buffer.size = 4194312 (custom)
2025-05-12 13:59:56,748 [152046d9-4666-4fa9-8a17-63719a568d84-impl-thread1] INFO  server.RaftServerConfigKeys (ConfUtils.java:logGet(46)) - raft.server.log.appender.buffer.byte-limit = 4194304 (custom)
2025-05-12 13:59:56,748 [152046d9-4666-4fa9-8a17-63719a568d84-impl-thread1] INFO  server.RaftServerConfigKeys (ConfUtils.java:logGet(46)) - raft.server.log.unsafe-flush.enabled = false (default)
2025-05-12 13:59:56,748 [152046d9-4666-4fa9-8a17-63719a568d84-impl-thread1] INFO  server.RaftServerConfigKeys (ConfUtils.java:logGet(46)) - raft.server.log.async-flush.enabled = false (default)
2025-05-12 13:59:56,748 [152046d9-4666-4fa9-8a17-63719a568d84-impl-thread1] INFO  server.RaftServerConfigKeys (ConfUtils.java:logGet(46)) - raft.server.log.statemachine.data.caching.enabled = false (default)
2025-05-12 13:59:56,749 [152046d9-4666-4fa9-8a17-63719a568d84-impl-thread1] INFO  server.RaftServer$Division (ServerState.java:setRaftConf(386)) - 152046d9-4666-4fa9-8a17-63719a568d84@group-1BE93E8E04DC: set configuration conf: {index: 0, cur=peers:[152046d9-4666-4fa9-8a17-63719a568d84|pkrvmberfyhpb9w:15039]|listeners:[], old=null}
2025-05-12 13:59:56,749 [152046d9-4666-4fa9-8a17-63719a568d84-impl-thread1] INFO  segmented.LogSegment (LogSegment.java:loadSegment(171)) - Successfully read 1 entries from segment file /tmp/junit-5774183720346243141/scm-meta/scm-ha/34a6602b-e694-42c8-9c52-1be93e8e04dc/current/log_inprogress_0
2025-05-12 13:59:56,749 [152046d9-4666-4fa9-8a17-63719a568d84-impl-thread1] INFO  segmented.SegmentedRaftLogWorker (SegmentedRaftLogWorker.java:lambda$new$0(139)) - 152046d9-4666-4fa9-8a17-63719a568d84@group-1BE93E8E04DC-SegmentedRaftLogWorker: safeCacheEvictIndex: setUnconditionally 0 -> -1
2025-05-12 13:59:56,749 [152046d9-4666-4fa9-8a17-63719a568d84-impl-thread1] INFO  segmented.BufferedWriteChannel (BufferedWriteChannel.java:open(61)) - open log_inprogress_0 (append) at position 82
2025-05-12 13:59:56,749 [152046d9-4666-4fa9-8a17-63719a568d84-impl-thread1] INFO  server.RaftServer$Division (RaftServerImpl.java:start(391)) - 152046d9-4666-4fa9-8a17-63719a568d84@group-1BE93E8E04DC: start as a follower, conf=conf: {index: 0, cur=peers:[152046d9-4666-4fa9-8a17-63719a568d84|pkrvmberfyhpb9w:15039]|listeners:[], old=null}
2025-05-12 13:59:56,750 [152046d9-4666-4fa9-8a17-63719a568d84-impl-thread1] INFO  server.RaftServer$Division (RaftServerImpl.java:setRole(378)) - 152046d9-4666-4fa9-8a17-63719a568d84@group-1BE93E8E04DC: changes role from      null to FOLLOWER at term 1 for startAsFollower
2025-05-12 13:59:56,750 [152046d9-4666-4fa9-8a17-63719a568d84-impl-thread1] INFO  impl.RoleInfo (RoleInfo.java:updateAndGet(148)) - 152046d9-4666-4fa9-8a17-63719a568d84: start 152046d9-4666-4fa9-8a17-63719a568d84@group-1BE93E8E04DC-FollowerState
2025-05-12 13:59:56,750 [152046d9-4666-4fa9-8a17-63719a568d84-impl-thread1] INFO  util.JmxRegister (JmxRegister.java:tryRegister(44)) - Successfully registered JMX Bean with object name Ratis:service=RaftServer,group=group-1BE93E8E04DC,id=152046d9-4666-4fa9-8a17-63719a568d84
2025-05-12 13:59:56,750 [152046d9-4666-4fa9-8a17-63719a568d84-impl-thread1] INFO  util.JmxRegister (JmxRegister.java:register(58)) - register mxBean class org.apache.ratis.server.impl.RaftServerJmxAdapter as Ratis:service=RaftServer,group=group-1BE93E8E04DC,id=152046d9-4666-4fa9-8a17-63719a568d84
2025-05-12 13:59:56,750 [152046d9-4666-4fa9-8a17-63719a568d84-impl-thread1] INFO  server.RaftServerConfigKeys (ConfUtils.java:logGet(46)) - raft.server.snapshot.trigger-when-stop.enabled = true (default)
2025-05-12 13:59:56,750 [152046d9-4666-4fa9-8a17-63719a568d84-impl-thread1] INFO  server.RaftServerConfigKeys (ConfUtils.java:logGet(46)) - raft.server.snapshot.trigger-when-remove.enabled = true (default)
2025-05-12 13:59:56,750 [152046d9-4666-4fa9-8a17-63719a568d84-impl-thread1] INFO  server.RaftServerConfigKeys (ConfUtils.java:logGet(46)) - raft.server.snapshot.auto.trigger.enabled = true (custom)
2025-05-12 13:59:56,750 [152046d9-4666-4fa9-8a17-63719a568d84-impl-thread1] INFO  server.RaftServerConfigKeys (ConfUtils.java:logGet(46)) - raft.server.snapshot.auto.trigger.threshold = 1000 (custom)
2025-05-12 13:59:56,750 [152046d9-4666-4fa9-8a17-63719a568d84-impl-thread1] INFO  server.RaftServerConfigKeys (ConfUtils.java:logGet(46)) - raft.server.snapshot.retention.file.num = -1 (default)
2025-05-12 13:59:56,750 [152046d9-4666-4fa9-8a17-63719a568d84-impl-thread1] INFO  server.RaftServerConfigKeys (ConfUtils.java:logGet(46)) - raft.server.log.purge.upto.snapshot.index = false (default)
2025-05-12 13:59:56,751 [152046d9-4666-4fa9-8a17-63719a568d84@group-1BE93E8E04DC-FollowerState] INFO  server.RaftServerConfigKeys (ConfUtils.java:logFallback(53)) - raft.server.rpc.first-election.timeout.min = 5000ms (fallback to raft.server.rpc.timeout.min)
2025-05-12 13:59:56,751 [152046d9-4666-4fa9-8a17-63719a568d84@group-1BE93E8E04DC-FollowerState] INFO  server.RaftServerConfigKeys (ConfUtils.java:logFallback(53)) - raft.server.rpc.first-election.timeout.max = 5200ms (fallback to raft.server.rpc.timeout.max)
2025-05-12 13:59:56,751 [152046d9-4666-4fa9-8a17-63719a568d84-impl-thread1] INFO  server.RaftServer$Division (RaftServerImpl.java:start(405)) - 152046d9-4666-4fa9-8a17-63719a568d84@group-1BE93E8E04DC: Successfully started.
2025-05-12 13:59:56,751 [main] INFO  server.RaftServer (RaftServerProxy.java:startImpl(407)) - 152046d9-4666-4fa9-8a17-63719a568d84: start RPC server
2025-05-12 13:59:56,752 [main] INFO  server.GrpcService (GrpcService.java:startImpl(334)) - 152046d9-4666-4fa9-8a17-63719a568d84: GrpcService started, listening on 15039
2025-05-12 13:59:56,752 [JvmPauseMonitor11] INFO  util.JvmPauseMonitor (JvmPauseMonitor.java:run(146)) - JvmPauseMonitor-152046d9-4666-4fa9-8a17-63719a568d84: Started
2025-05-12 13:59:56,752 [main] INFO  ha.SCMHAManagerImpl (SCMHAManagerImpl.java:start(131)) -  scm role is FOLLOWER peers [152046d9-4666-4fa9-8a17-63719a568d84|pkrvmberfyhpb9w:15039]
2025-05-12 13:59:56,752 [main] INFO  ha.InterSCMGrpcService (InterSCMGrpcProtocolService.java:start(98)) - Starting SCM Grpc Service at port 15040
2025-05-12 13:59:56,753 [main] INFO  SCMHATransactionMonitor (BackgroundSCMService.java:start(64)) - Starting SCMHATransactionMonitor Service.
2025-05-12 13:59:56,753 [main] INFO  ha.SCMServiceManager (SCMServiceManager.java:register(42)) - Registering service SCMHATransactionMonitor.
2025-05-12 13:59:56,753 [main] INFO  SCMHATransactionMonitor (BackgroundSCMService.java:start(61)) - SCMHATransactionMonitor Service is already running, skip start.
2025-05-12 13:59:56,754 [main] WARN  impl.MetricsConfig (MetricsConfig.java:loadFirst(138)) - Cannot locate configuration: tried hadoop-metrics2-storagecontainermanager.properties,hadoop-metrics2.properties
2025-05-12 13:59:56,755 [main] INFO  impl.MetricsSystemImpl (MetricsSystemImpl.java:startTimer(378)) - Scheduled Metric snapshot period at 10 second(s).
2025-05-12 13:59:56,755 [main] INFO  impl.MetricsSystemImpl (MetricsSystemImpl.java:start(191)) - StorageContainerManager metrics system started
2025-05-12 13:59:56,758 [main] INFO  impl.MetricsSinkAdapter (MetricsSinkAdapter.java:start(204)) - Sink prometheus started
2025-05-12 13:59:56,758 [main] INFO  impl.MetricsSystemImpl (MetricsSystemImpl.java:registerSink(305)) - Registered sink prometheus
2025-05-12 13:59:56,781 [main] INFO  server.SCMClientProtocolServer (SCMClientProtocolServer.java:start(207)) - RPC server for Client  is listening at /0.0.0.0:15035
2025-05-12 13:59:56,782 [IPC Server Responder] INFO  ipc.Server (Server.java:run(1713)) - IPC Server Responder: starting
2025-05-12 13:59:56,782 [IPC Server listener on 15035] INFO  ipc.Server (Server.java:run(1553)) - IPC Server listener on 15035: starting
2025-05-12 13:59:56,794 [main] INFO  server.StorageContainerManager (StorageContainerManager.java:start(1520)) - ScmBlockLocationProtocol RPC server is listening at /0.0.0.0:15037
2025-05-12 13:59:56,794 [main] INFO  server.SCMBlockProtocolServer (SCMBlockProtocolServer.java:start(166)) - RPC server for Block Protocol is listening at /0.0.0.0:15037
2025-05-12 13:59:56,794 [IPC Server Responder] INFO  ipc.Server (Server.java:run(1713)) - IPC Server Responder: starting
2025-05-12 13:59:56,795 [IPC Server listener on 15037] INFO  ipc.Server (Server.java:run(1553)) - IPC Server listener on 15037: starting
2025-05-12 13:59:56,804 [main] INFO  server.SCMSecurityProtocolServer (SCMSecurityProtocolServer.java:start(503)) - Starting RPC server for SCMSecurityProtocolServer. is listening at /0.0.0.0:15038
2025-05-12 13:59:56,804 [IPC Server Responder] INFO  ipc.Server (Server.java:run(1713)) - IPC Server Responder: starting
2025-05-12 13:59:56,804 [IPC Server listener on 15038] INFO  ipc.Server (Server.java:run(1553)) - IPC Server listener on 15038: starting
2025-05-12 13:59:56,805 [main] INFO  http.BaseHttpServer (BaseHttpServer.java:newHttpServer2BuilderForOzone(229)) - Starting Web-server for scm at: http://0.0.0.0:9876
2025-05-12 13:59:56,806 [main] INFO  http.BaseHttpServer (BaseHttpServer.java:<init>(107)) - Hadoop Security Enabled: true Ozone Security Enabled: true Ozone HTTP Security Enabled: false 
2025-05-12 13:59:56,810 [main] WARN  server.AuthenticationFilter (AuthenticationFilter.java:constructSecretProvider(240)) - Unable to initialize FileSignerSecretProvider, falling back to use random secrets. Reason: Could not read signature secret file: /home/runner/hadoop-http-auth-signature-secret
2025-05-12 13:59:56,813 [main] INFO  http.HttpServer2 (HttpServer2.java:addGlobalFilter(1042)) - Added global filter 'safety' (class=org.apache.hadoop.hdds.server.http.HttpServer2$QuotingInputFilter)
2025-05-12 13:59:56,814 [main] INFO  http.HttpServer2 (HttpServer2.java:addFilter(1018)) - Added filter static_user_filter (class=org.apache.hadoop.http.lib.StaticUserWebFilter$StaticUserFilter) to context scm
2025-05-12 13:59:56,814 [main] INFO  http.HttpServer2 (HttpServer2.java:addFilter(1026)) - Added filter static_user_filter (class=org.apache.hadoop.http.lib.StaticUserWebFilter$StaticUserFilter) to context static
2025-05-12 13:59:56,814 [main] INFO  http.HttpServer2 (HttpServer2.java:addFilter(1026)) - Added filter static_user_filter (class=org.apache.hadoop.http.lib.StaticUserWebFilter$StaticUserFilter) to context logs
2025-05-12 13:59:56,815 [main] INFO  http.BaseHttpServer (BaseHttpServer.java:<init>(195)) - HTTP server of scm uses base directory /tmp/junit-5774183720346243141/scm-meta/webserver
2025-05-12 13:59:56,815 [main] INFO  http.HttpServer2 (HttpServer2.java:bindListener(1242)) - Jetty bound to port 9876
2025-05-12 13:59:56,815 [main] INFO  server.Server (Server.java:doStart(375)) - jetty-9.4.57.v20241219; built: 2025-01-08T21:24:30.412Z; git: df524e6b29271c2e09ba9aea83c18dc9db464a31; jvm 21.0.7+6-LTS
2025-05-12 13:59:56,816 [main] INFO  server.session (DefaultSessionIdManager.java:doStart(334)) - DefaultSessionIdManager workerName=node0
2025-05-12 13:59:56,816 [main] INFO  server.session (DefaultSessionIdManager.java:doStart(339)) - No SessionScavenger set, using defaults
2025-05-12 13:59:56,816 [main] INFO  server.session (HouseKeeper.java:startScavenging(132)) - node0 Scavenging every 660000ms
2025-05-12 13:59:56,817 [main] INFO  handler.ContextHandler (ContextHandler.java:doStart(921)) - Started o.e.j.s.ServletContextHandler@2526d85a{logs,/logs,file:///home/runner/work/ozone/ozone/hadoop-ozone/integration-test/target/log,AVAILABLE}
2025-05-12 13:59:56,817 [main] INFO  handler.ContextHandler (ContextHandler.java:doStart(921)) - Started o.e.j.s.ServletContextHandler@2bba8eeb{static,/static,file:///home/runner/work/ozone/ozone/hadoop-ozone/integration-test/target/test-classes/webapps/static,AVAILABLE}
2025-05-12 13:59:56,823 [main] INFO  handler.ContextHandler (ContextHandler.java:doStart(921)) - Started o.e.j.w.WebAppContext@1e3f66c6{scm,/,file:///home/runner/work/ozone/ozone/hadoop-ozone/integration-test/target/test-classes/webapps/scm/,AVAILABLE}{file:/home/runner/work/ozone/ozone/hadoop-ozone/integration-test/target/test-classes/webapps/scm}
2025-05-12 13:59:56,823 [main] INFO  server.AbstractConnector (AbstractConnector.java:doStart(333)) - Started ServerConnector@67c46c9e{HTTP/1.1, (http/1.1)}{0.0.0.0:9876}
2025-05-12 13:59:56,823 [main] INFO  server.Server (Server.java:doStart(415)) - Started @59576ms
2025-05-12 13:59:56,824 [main] WARN  impl.MetricsSystemImpl (MetricsSystemImpl.java:register(279)) - Sink prometheus already exists!
2025-05-12 13:59:56,824 [main] INFO  http.BaseHttpServer (BaseHttpServer.java:updateConnectorAddress(359)) - HTTP server of scm listening at http://0.0.0.0:9876
2025-05-12 13:59:56,827 [main] WARN  server.ServerUtils (ServerUtils.java:getDBPath(292)) - ozone.om.db.dirs is not configured. We recommend adding this setting. Falling back to ozone.metadata.dirs instead.
2025-05-12 13:59:56,830 [main] INFO  ha.OMHANodeDetails (OMHANodeDetails.java:loadOMHAConfig(113)) - ozone.om.internal.service.id is not defined, falling back to ozone.om.service.ids to find serviceID for OzoneManager if it is HA enabled cluster
2025-05-12 13:59:56,830 [main] INFO  ha.OMHANodeDetails (OMHANodeDetails.java:loadOMHAConfig(224)) - Configuration does not have ozone.om.address set. Falling back to the default OM address pkrvmberfyhpb9w.internal.cloudapp.net/10.1.1.27:15041
2025-05-12 13:59:56,831 [main] INFO  ha.OMHANodeDetails (OMHANodeDetails.java:getOMNodeDetailsForNonHA(252)) - OM Service ID is not set. Setting it to the default ID: omServiceIdDefault
2025-05-12 13:59:56,831 [main] INFO  ha.OMHANodeDetails (OMHANodeDetails.java:getOMNodeDetailsForNonHA(259)) - OM Node ID is not set. Setting it to the default ID: om1
2025-05-12 13:59:56,832 [main] WARN  server.ServerUtils (ServerUtils.java:getDBPath(292)) - ozone.om.db.dirs is not configured. We recommend adding this setting. Falling back to ozone.metadata.dirs instead.
2025-05-12 13:59:56,836 [main] INFO  upgrade.AbstractLayoutVersionManager (AbstractLayoutVersionManager.java:init(80)) - Initializing Layout version manager with metadata layout = DELEGATION_TOKEN_SYMMETRIC_SIGN (version = 8), software layout = DELEGATION_TOKEN_SYMMETRIC_SIGN (version = 8)
2025-05-12 13:59:56,839 [pool-316-thread-1] INFO  request.TgsRequest (TgsRequest.java:issueTicket(117)) - TGS_REQ ISSUE: authtime 1747058396839,om/pkrvmberfyhpb9w.internal.cloudapp.net@EXAMPLE.COM for om/pkrvmberfyhpb9w.internal.cloudapp.net@EXAMPLE.COM
2025-05-12 13:59:56,845 [Socket Reader #1 for port 15038] INFO  ipc.Server (Server.java:saslProcess(2290)) - Auth successful for om/pkrvmberfyhpb9w.internal.cloudapp.net@EXAMPLE.COM (auth:KERBEROS) from 127.0.0.1:35504
2025-05-12 13:59:56,847 [IPC Server handler 0 on default port 15038] INFO  ipc.Server (Server.java:logException(3260)) - IPC Server handler 0 on default port 15038, call Call#5 Retry#0 org.apache.hadoop.hdds.protocol.SCMSecurityProtocol.submitRequest from 127.0.0.1:35504
org.apache.hadoop.hdds.ratis.ServerNotLeaderException: SCM Server:152046d9-4666-4fa9-8a17-63719a568d84(pkrvmberfyhpb9w.internal.cloudapp.net) is not the leader. Could not determine the leader node.
	at org.apache.hadoop.hdds.ratis.ServerNotLeaderException.convertToNotLeaderException(ServerNotLeaderException.java:106)
	at org.apache.hadoop.hdds.scm.ha.RatisUtil.checkRatisException(RatisUtil.java:248)
	at org.apache.hadoop.hdds.scm.protocol.SCMSecurityProtocolServerSideTranslatorPB.submitRequest(SCMSecurityProtocolServerSideTranslatorPB.java:83)
	at org.apache.hadoop.hdds.protocol.proto.SCMSecurityProtocolProtos$SCMSecurityProtocolService$2.callBlockingMethod(SCMSecurityProtocolProtos.java:18942)
	at org.apache.hadoop.ipc.ProtobufRpcEngine$Server.processCall(ProtobufRpcEngine.java:484)
	at org.apache.hadoop.ipc.ProtobufRpcEngine2$Server$ProtoBufRpcInvoker.call(ProtobufRpcEngine2.java:595)
	at org.apache.hadoop.ipc.ProtobufRpcEngine2$Server$ProtoBufRpcInvoker.call(ProtobufRpcEngine2.java:573)
	at org.apache.hadoop.ipc.RPC$Server.call(RPC.java:1227)
	at org.apache.hadoop.ipc.Server$RpcCall.run(Server.java:1246)
	at org.apache.hadoop.ipc.Server$RpcCall.run(Server.java:1169)
	at java.base/java.security.AccessController.doPrivileged(AccessController.java:714)
	at java.base/javax.security.auth.Subject.doAs(Subject.java:525)
	at org.apache.hadoop.security.UserGroupInformation.doAs(UserGroupInformation.java:1953)
	at org.apache.hadoop.ipc.Server$Handler.run(Server.java:3198)
2025-05-12 13:59:56,923 [main] INFO  reflections.Reflections (Reflections.java:scan(219)) - Reflections took 86 ms to scan 2 urls, producing 207 keys and 618 values
2025-05-12 13:59:56,924 [main] INFO  upgrade.OMLayoutVersionManager (OMLayoutVersionManager.java:lambda$0(110)) - Skipping Upgrade Action QuotaRepairUpgradeAction since it has been finalized.
2025-05-12 13:59:56,924 [main] INFO  upgrade.OMLayoutVersionManager (OMLayoutVersionManager.java:lambda$0(110)) - Skipping Upgrade Action MockOmUpgradeAction since it has been finalized.
2025-05-12 13:59:56,926 [pool-316-thread-1] INFO  request.KdcRequest (KdcRequest.java:preauth(683)) - The preauth data is empty.
2025-05-12 13:59:56,926 [pool-316-thread-1] INFO  server.KdcHandler (KdcHandler.java:handleRecoverableException(177)) - KRB error occurred while processing request: Additional pre-authentication required
2025-05-12 13:59:56,929 [pool-316-thread-1] INFO  request.AsRequest (AsRequest.java:issueTicket(112)) - AS_REQ ISSUE: authtime 1747058396928,om/pkrvmberfyhpb9w.internal.cloudapp.net@EXAMPLE.COM for krbtgt/EXAMPLE.COM@EXAMPLE.COM
2025-05-12 13:59:56,930 [main] INFO  security.UserGroupInformation (UserGroupInformation.java:loginUserFromKeytab(1143)) - Login successful for user om/pkrvmberfyhpb9w.internal.cloudapp.net@EXAMPLE.COM using keytab file om.keytab. Keytab auto renewal enabled : false
2025-05-12 13:59:56,930 [main] INFO  om.OzoneManager (OzoneManager.java:loginOMUser(1308)) - Ozone Manager login successful.
2025-05-12 13:59:56,930 [main] WARN  server.ServerUtils (ServerUtils.java:getDBPath(292)) - ozone.om.db.dirs is not configured. We recommend adding this setting. Falling back to ozone.metadata.dirs instead.
2025-05-12 13:59:56,930 [main] INFO  om.OzoneManager (OzoneManager.java:setReplicationFromConfig(4596)) - Set default replication in OM: RATIS/3 -> RATIS/THREE
2025-05-12 13:59:56,931 [main] INFO  proxy.SCMContainerLocationFailoverProxyProvider (SCMFailoverProxyProviderBase.java:<init>(120)) - Created fail-over proxy for protocol StorageContainerLocationProtocolPB with 1 nodes: [nodeId=scmNodeId,nodeAddress=/0.0.0.0:15035]
2025-05-12 13:59:56,931 [main] INFO  proxy.SCMBlockLocationFailoverProxyProvider (SCMFailoverProxyProviderBase.java:<init>(120)) - Created fail-over proxy for protocol ScmBlockLocationProtocolPB with 1 nodes: [nodeId=scmNodeId,nodeAddress=/0.0.0.0:15037]
2025-05-12 13:59:56,932 [main] INFO  om.OzoneManager (OzoneManager.java:getOmDetailsProto(4941)) - OzoneManager ports added:[name: "RPC"
value: 15041
]
2025-05-12 13:59:56,933 [main] INFO  proxy.SCMSecurityProtocolFailoverProxyProvider (SCMFailoverProxyProviderBase.java:<init>(120)) - Created fail-over proxy for protocol SCMSecurityProtocolPB with 1 nodes: [nodeId=scmNodeId,nodeAddress=/0.0.0.0:15038]
2025-05-12 13:59:56,933 [main] INFO  security.OMCertificateClient (DefaultCertificateClient.java:updateCertSerialId(1289)) - Certificate serial ID set to 9879877970576
2025-05-12 13:59:56,934 [main] WARN  security.OMCertificateClient (DefaultCertificateClient.java:loadAllCertificates(178)) - Certificates could not be loaded.
java.nio.file.NoSuchFileException: /tmp/junit-5774183720346243141/scm-meta/om/certs
	at java.base/sun.nio.fs.UnixException.translateToIOException(UnixException.java:92)
	at java.base/sun.nio.fs.UnixException.asIOException(UnixException.java:115)
	at java.base/sun.nio.fs.UnixFileSystemProvider.newDirectoryStream(UnixFileSystemProvider.java:501)
	at java.base/java.nio.file.Files.newDirectoryStream(Files.java:482)
	at java.base/java.nio.file.Files.list(Files.java:3785)
	at org.apache.hadoop.hdds.security.x509.certificate.client.DefaultCertificateClient.loadAllCertificates(DefaultCertificateClient.java:173)
	at org.apache.hadoop.hdds.security.x509.certificate.client.DefaultCertificateClient.updateCertSerialId(DefaultCertificateClient.java:1290)
	at org.apache.hadoop.hdds.security.x509.certificate.client.DefaultCertificateClient.<init>(DefaultCertificateClient.java:155)
	at org.apache.hadoop.ozone.security.OMCertificateClient.<init>(OMCertificateClient.java:65)
	at org.apache.hadoop.ozone.om.OzoneManager.<init>(OzoneManager.java:646)
	at org.apache.hadoop.ozone.om.OzoneManager.createOm(OzoneManager.java:877)
	at org.apache.hadoop.ozone.TestSecureOzoneCluster.setupOm(TestSecureOzoneCluster.java:716)
	at org.apache.hadoop.ozone.TestSecureOzoneCluster.testGetSetRevokeS3Secret(TestSecureOzoneCluster.java:728)
	at java.base/jdk.internal.reflect.DirectMethodHandleAccessor.invoke(DirectMethodHandleAccessor.java:103)
	at java.base/java.lang.reflect.Method.invoke(Method.java:580)
	at org.junit.platform.commons.util.ReflectionUtils.invokeMethod(ReflectionUtils.java:775)
	at org.junit.platform.commons.support.ReflectionSupport.invokeMethod(ReflectionSupport.java:479)
	at org.junit.jupiter.engine.execution.MethodInvocation.proceed(MethodInvocation.java:60)
	at org.junit.jupiter.engine.execution.InvocationInterceptorChain$ValidatingInvocation.proceed(InvocationInterceptorChain.java:131)
	at org.junit.jupiter.engine.extension.SameThreadTimeoutInvocation.proceed(SameThreadTimeoutInvocation.java:49)
	at org.junit.jupiter.engine.extension.TimeoutExtension.intercept(TimeoutExtension.java:161)
	at org.junit.jupiter.engine.extension.TimeoutExtension.interceptTestableMethod(TimeoutExtension.java:152)
	at org.junit.jupiter.engine.extension.TimeoutExtension.interceptTestMethod(TimeoutExtension.java:91)
	at org.junit.jupiter.engine.execution.InterceptingExecutableInvoker$ReflectiveInterceptorCall.lambda$ofVoidMethod$0(InterceptingExecutableInvoker.java:112)
	at org.junit.jupiter.engine.execution.InterceptingExecutableInvoker.lambda$invoke$0(InterceptingExecutableInvoker.java:94)
	at org.junit.jupiter.engine.execution.InvocationInterceptorChain$InterceptedInvocation.proceed(InvocationInterceptorChain.java:106)
	at org.junit.jupiter.engine.execution.InvocationInterceptorChain.proceed(InvocationInterceptorChain.java:64)
	at org.junit.jupiter.engine.execution.InvocationInterceptorChain.chainAndInvoke(InvocationInterceptorChain.java:45)
	at org.junit.jupiter.engine.execution.InvocationInterceptorChain.invoke(InvocationInterceptorChain.java:37)
	at org.junit.jupiter.engine.execution.InterceptingExecutableInvoker.invoke(InterceptingExecutableInvoker.java:93)
	at org.junit.jupiter.engine.execution.InterceptingExecutableInvoker.invoke(InterceptingExecutableInvoker.java:87)
	at org.junit.jupiter.engine.descriptor.TestMethodTestDescriptor.lambda$invokeTestMethod$7(TestMethodTestDescriptor.java:216)
	at org.junit.platform.engine.support.hierarchical.ThrowableCollector.execute(ThrowableCollector.java:73)
	at org.junit.jupiter.engine.descriptor.TestMethodTestDescriptor.invokeTestMethod(TestMethodTestDescriptor.java:212)
	at org.junit.jupiter.engine.descriptor.TestMethodTestDescriptor.execute(TestMethodTestDescriptor.java:137)
	at org.junit.jupiter.engine.descriptor.TestMethodTestDescriptor.execute(TestMethodTestDescriptor.java:69)
	at org.junit.platform.engine.support.hierarchical.NodeTestTask.lambda$executeRecursively$6(NodeTestTask.java:156)
	at org.junit.platform.engine.support.hierarchical.ThrowableCollector.execute(ThrowableCollector.java:73)
	at org.junit.platform.engine.support.hierarchical.NodeTestTask.lambda$executeRecursively$8(NodeTestTask.java:146)
	at org.junit.platform.engine.support.hierarchical.Node.around(Node.java:137)
	at org.junit.platform.engine.support.hierarchical.NodeTestTask.lambda$executeRecursively$9(NodeTestTask.java:144)
	at org.junit.platform.engine.support.hierarchical.ThrowableCollector.execute(ThrowableCollector.java:73)
	at org.junit.platform.engine.support.hierarchical.NodeTestTask.executeRecursively(NodeTestTask.java:143)
	at org.junit.platform.engine.support.hierarchical.NodeTestTask.execute(NodeTestTask.java:100)
	at java.base/java.util.ArrayList.forEach(ArrayList.java:1596)
	at org.junit.platform.engine.support.hierarchical.SameThreadHierarchicalTestExecutorService.invokeAll(SameThreadHierarchicalTestExecutorService.java:41)
	at org.junit.platform.engine.support.hierarchical.NodeTestTask.lambda$executeRecursively$6(NodeTestTask.java:160)
	at org.junit.platform.engine.support.hierarchical.ThrowableCollector.execute(ThrowableCollector.java:73)
	at org.junit.platform.engine.support.hierarchical.NodeTestTask.lambda$executeRecursively$8(NodeTestTask.java:146)
	at org.junit.platform.engine.support.hierarchical.Node.around(Node.java:137)
	at org.junit.platform.engine.support.hierarchical.NodeTestTask.lambda$executeRecursively$9(NodeTestTask.java:144)
	at org.junit.platform.engine.support.hierarchical.ThrowableCollector.execute(ThrowableCollector.java:73)
	at org.junit.platform.engine.support.hierarchical.NodeTestTask.executeRecursively(NodeTestTask.java:143)
	at org.junit.platform.engine.support.hierarchical.NodeTestTask.execute(NodeTestTask.java:100)
	at java.base/java.util.ArrayList.forEach(ArrayList.java:1596)
	at org.junit.platform.engine.support.hierarchical.SameThreadHierarchicalTestExecutorService.invokeAll(SameThreadHierarchicalTestExecutorService.java:41)
	at org.junit.platform.engine.support.hierarchical.NodeTestTask.lambda$executeRecursively$6(NodeTestTask.java:160)
	at org.junit.platform.engine.support.hierarchical.ThrowableCollector.execute(ThrowableCollector.java:73)
	at org.junit.platform.engine.support.hierarchical.NodeTestTask.lambda$executeRecursively$8(NodeTestTask.java:146)
	at org.junit.platform.engine.support.hierarchical.Node.around(Node.java:137)
	at org.junit.platform.engine.support.hierarchical.NodeTestTask.lambda$executeRecursively$9(NodeTestTask.java:144)
	at org.junit.platform.engine.support.hierarchical.ThrowableCollector.execute(ThrowableCollector.java:73)
	at org.junit.platform.engine.support.hierarchical.NodeTestTask.executeRecursively(NodeTestTask.java:143)
	at org.junit.platform.engine.support.hierarchical.NodeTestTask.execute(NodeTestTask.java:100)
	at org.junit.platform.engine.support.hierarchical.SameThreadHierarchicalTestExecutorService.submit(SameThreadHierarchicalTestExecutorService.java:35)
	at org.junit.platform.engine.support.hierarchical.HierarchicalTestExecutor.execute(HierarchicalTestExecutor.java:57)
	at org.junit.platform.engine.support.hierarchical.HierarchicalTestEngine.execute(HierarchicalTestEngine.java:54)
	at org.junit.platform.launcher.core.EngineExecutionOrchestrator.execute(EngineExecutionOrchestrator.java:201)
	at org.junit.platform.launcher.core.EngineExecutionOrchestrator.execute(EngineExecutionOrchestrator.java:170)
	at org.junit.platform.launcher.core.EngineExecutionOrchestrator.execute(EngineExecutionOrchestrator.java:94)
	at org.junit.platform.launcher.core.EngineExecutionOrchestrator.lambda$execute$0(EngineExecutionOrchestrator.java:59)
	at org.junit.platform.launcher.core.EngineExecutionOrchestrator.withInterceptedStreams(EngineExecutionOrchestrator.java:142)
	at org.junit.platform.launcher.core.EngineExecutionOrchestrator.execute(EngineExecutionOrchestrator.java:58)
	at org.junit.platform.launcher.core.DefaultLauncher.execute(DefaultLauncher.java:103)
	at org.junit.platform.launcher.core.DefaultLauncher.execute(DefaultLauncher.java:85)
	at org.junit.platform.launcher.core.DelegatingLauncher.execute(DelegatingLauncher.java:47)
	at org.junit.platform.launcher.core.InterceptingLauncher.lambda$execute$1(InterceptingLauncher.java:39)
	at org.junit.platform.launcher.core.ClasspathAlignmentCheckingLauncherInterceptor.intercept(ClasspathAlignmentCheckingLauncherInterceptor.java:25)
	at org.junit.platform.launcher.core.InterceptingLauncher.execute(InterceptingLauncher.java:38)
	at org.junit.platform.launcher.core.DelegatingLauncher.execute(DelegatingLauncher.java:47)
	at org.apache.maven.surefire.junitplatform.LazyLauncher.execute(LazyLauncher.java:56)
	at org.apache.maven.surefire.junitplatform.JUnitPlatformProvider.invokeAllTests(JUnitPlatformProvider.java:162)
	at org.apache.maven.surefire.junitplatform.JUnitPlatformProvider.invoke(JUnitPlatformProvider.java:120)
	at org.apache.maven.surefire.booter.ForkedBooter.runSuitesInProcess(ForkedBooter.java:385)
	at org.apache.maven.surefire.booter.ForkedBooter.execute(ForkedBooter.java:162)
	at org.apache.maven.surefire.booter.ForkedBooter.run(ForkedBooter.java:507)
	at org.apache.maven.surefire.booter.ForkedBooter.main(ForkedBooter.java:495)
2025-05-12 13:59:56,934 [main] INFO  proxy.SecretKeyProtocolFailoverProxyProvider (SCMFailoverProxyProviderBase.java:<init>(120)) - Created fail-over proxy for protocol SecretKeyProtocolOmPB with 1 nodes: [nodeId=scmNodeId,nodeAddress=/0.0.0.0:15038]
2025-05-12 13:59:56,934 [main] INFO  symmetric.DefaultSecretKeyVerifierClient (DefaultSecretKeyVerifierClient.java:<init>(76)) - Initializing secret key cache with size 16, TTL PT168H
2025-05-12 13:59:56,936 [main] INFO  om.OzoneManager (OzoneManager.java:<init>(670)) - OM start with adminUsers: [om/pkrvmberfyhpb9w.internal.cloudapp.net@EXAMPLE.COM, om]
2025-05-12 13:59:56,937 [main] WARN  server.ServerUtils (ServerUtils.java:getDBPath(292)) - ozone.om.db.dirs is not configured. We recommend adding this setting. Falling back to ozone.metadata.dirs instead.
2025-05-12 13:59:57,086 [main] INFO  om.OzoneManager (OzoneManager.java:instantiateServices(914)) - S3 Multi-Tenancy is disabled
2025-05-12 13:59:57,087 [main] INFO  security.OzoneSecretStore (OzoneSecretStore.java:loadState(70)) - Loaded 0 tokens
2025-05-12 13:59:57,087 [main] INFO  security.OzoneDelegationTokenSecretManager (OzoneDelegationTokenSecretManager.java:loadTokenSecretState(513)) - Loading token state into token manager.
2025-05-12 13:59:57,087 [main] INFO  om.OmSnapshotManager (OmSnapshotManager.java:<init>(187)) - Ozone filesystem snapshot feature is enabled.
2025-05-12 13:59:57,088 [main] WARN  server.ServerUtils (ServerUtils.java:getDBPath(292)) - ozone.om.snapshot.diff.db.dir is not configured. We recommend adding this setting. Falling back to ozone.metadata.dirs instead.
2025-05-12 13:59:57,102 [main] INFO  om.OzoneManager (OzoneManager.java:addS3GVolumeToDB(4654)) - Created Volume s3v With Owner om required for S3Gateway operations.
2025-05-12 13:59:57,102 [main] WARN  server.ServerUtils (ServerUtils.java:getDefaultRatisDirectory(304)) - Storage directory for Ratis is not configured. It is a good idea to map this to an SSD disk. Falling back to ozone.metadata.dirs
2025-05-12 13:59:57,103 [main] WARN  utils.OzoneManagerRatisUtils (OzoneManagerRatisUtils.java:getOMRatisSnapshotDirectory(488)) - ozone.om.ratis.snapshot.dir is not configured. Falling back to ozone.metadata.dirs config
2025-05-12 13:59:57,103 [main] WARN  dropwizard3.Dm3MetricRegistriesImpl (Dm3MetricRegistriesImpl.java:addReporterRegistration(114)) - New reporters are added after registries were created. Some metrics will be missing from the reporter. Please add reporter before adding any new registry.
2025-05-12 13:59:57,103 [main] WARN  dropwizard3.Dm3MetricRegistriesImpl (Dm3MetricRegistriesImpl.java:addReporterRegistration(114)) - New reporters are added after registries were created. Some metrics will be missing from the reporter. Please add reporter before adding any new registry.
2025-05-12 13:59:57,103 [main] WARN  server.ServerUtils (ServerUtils.java:getDefaultRatisDirectory(304)) - Storage directory for Ratis is not configured. It is a good idea to map this to an SSD disk. Falling back to ozone.metadata.dirs
2025-05-12 13:59:57,103 [main] INFO  server.RaftServerConfigKeys (ConfUtils.java:logGet(46)) - raft.server.log.appender.buffer.byte-limit = 4194304 (custom)
2025-05-12 13:59:57,105 [main] INFO  ratis.OzoneManagerRatisServer (OzoneManagerRatisServer.java:<init>(167)) - Instantiating OM Ratis server with groupID: omServiceIdDefault and peers: pkrvmberfyhpb9w.internal.cloudapp.net:9872
2025-05-12 13:59:57,105 [main] INFO  ratis.OzoneManagerStateMachine (OzoneManagerStateMachine.java:loadSnapshotInfoFromDB(618)) - TransactionInfo not found in OM DB.
2025-05-12 13:59:57,106 [main] INFO  server.RaftServer (ConfUtils.java:logGet(46)) - raft.rpc.type = GRPC (default)
2025-05-12 13:59:57,106 [main] INFO  grpc.GrpcConfigKeys (ConfUtils.java:logFallback(53)) - raft.grpc.admin.host = null (fallback to raft.grpc.server.host)
2025-05-12 13:59:57,106 [main] INFO  grpc.GrpcConfigKeys (ConfUtils.java:logFallback(53)) - raft.grpc.admin.port = 9872 (fallback to raft.grpc.server.port)
2025-05-12 13:59:57,106 [main] INFO  grpc.GrpcConfigKeys (ConfUtils.java:logFallback(53)) - raft.grpc.client.host = null (fallback to raft.grpc.server.host)
2025-05-12 13:59:57,106 [main] INFO  grpc.GrpcConfigKeys (ConfUtils.java:logFallback(53)) - raft.grpc.client.port = 9872 (fallback to raft.grpc.server.port)
2025-05-12 13:59:57,106 [main] INFO  grpc.GrpcConfigKeys (ConfUtils.java:logGet(46)) - raft.grpc.server.host = null (default)
2025-05-12 13:59:57,107 [main] INFO  grpc.GrpcConfigKeys (ConfUtils.java:logGet(46)) - raft.grpc.server.port = 9872 (custom)
2025-05-12 13:59:57,107 [main] INFO  server.GrpcService (ConfUtils.java:logGet(46)) - raft.grpc.message.size.max = 5242880 (custom)
2025-05-12 13:59:57,107 [main] INFO  server.GrpcService (ConfUtils.java:logGet(46)) - raft.grpc.flow.control.window = 1MB (=1048576) (default)
2025-05-12 13:59:57,107 [main] INFO  server.RaftServerConfigKeys (ConfUtils.java:logGet(46)) - raft.server.rpc.request.timeout = 3000ms (default)
2025-05-12 13:59:57,107 [main] INFO  grpc.GrpcConfigKeys (ConfUtils.java:logGet(46)) - raft.grpc.server.heartbeat.channel = true (default)
2025-05-12 13:59:57,107 [main] INFO  server.RaftServerConfigKeys (ConfUtils.java:logGet(46)) - raft.server.log.appender.buffer.byte-limit = 4194304 (custom)
2025-05-12 13:59:57,107 [main] INFO  grpc.GrpcConfigKeys (ConfUtils.java:logGet(46)) - raft.grpc.server.async.request.thread.pool.cached = true (default)
2025-05-12 13:59:57,107 [main] INFO  grpc.GrpcConfigKeys (ConfUtils.java:logGet(46)) - raft.grpc.server.async.request.thread.pool.size = 32 (default)
2025-05-12 13:59:57,108 [main] INFO  impl.DataStreamServerImpl (ConfUtils.java:logGet(46)) - raft.datastream.type = DISABLED (default)
2025-05-12 13:59:57,108 [main] INFO  server.RaftServerConfigKeys (ConfUtils.java:logGet(46)) - raft.server.sleep.deviation.threshold = 300ms (default)
2025-05-12 13:59:57,108 [main] INFO  server.RaftServerConfigKeys (ConfUtils.java:logGet(46)) - raft.server.close.threshold = 60s (default)
2025-05-12 13:59:57,108 [main] INFO  server.RaftServerConfigKeys (ConfUtils.java:logGet(46)) - raft.server.leaderelection.leader.step-down.wait-time = 10s (default)
2025-05-12 13:59:57,109 [main] INFO  server.RaftServerConfigKeys (ConfUtils.java:logGet(46)) - raft.server.storage.dir = [/tmp/junit-5774183720346243141/scm-meta/ratis] (custom)
2025-05-12 13:59:57,109 [main] INFO  server.RaftServerConfigKeys (ConfUtils.java:logGet(46)) - raft.server.threadpool.proxy.cached = true (default)
2025-05-12 13:59:57,109 [main] INFO  server.RaftServerConfigKeys (ConfUtils.java:logGet(46)) - raft.server.threadpool.proxy.size = 0 (default)
2025-05-12 13:59:57,110 [main] INFO  server.RaftServer (RaftServerProxy.java:addNew(100)) - om1: addNew group-C5BA1605619E:[om1|pkrvmberfyhpb9w.internal.cloudapp.net:9872] returns group-C5BA1605619E:java.util.concurrent.CompletableFuture@496e9377[Not completed]
2025-05-12 13:59:57,110 [main] INFO  om.OzoneManager (OzoneManager.java:initializeRatisServer(2284)) - OzoneManager Ratis server initialized at port 9872
2025-05-12 13:59:57,110 [om1-groupManagement] INFO  server.RaftServer$Division (RaftServerImpl.java:<init>(255)) - om1: new RaftServerImpl for group-C5BA1605619E:[om1|pkrvmberfyhpb9w.internal.cloudapp.net:9872] with OzoneManagerStateMachine:uninitialized
2025-05-12 13:59:57,110 [om1-groupManagement] INFO  server.RaftServerConfigKeys (ConfUtils.java:logGet(46)) - raft.server.rpc.timeout.min = 5s (custom)
2025-05-12 13:59:57,110 [om1-groupManagement] INFO  server.RaftServerConfigKeys (ConfUtils.java:logGet(46)) - raft.server.rpc.timeout.max = 5200ms (custom)
2025-05-12 13:59:57,110 [om1-groupManagement] INFO  server.RaftServerConfigKeys (ConfUtils.java:logGet(46)) - raft.server.rpc.sleep.time = 25ms (default)
2025-05-12 13:59:57,110 [om1-groupManagement] INFO  server.RaftServerConfigKeys (ConfUtils.java:logGet(46)) - raft.server.rpc.slowness.timeout = 120s (custom)
2025-05-12 13:59:57,110 [om1-groupManagement] INFO  server.RaftServerConfigKeys (ConfUtils.java:logGet(46)) - raft.server.leaderelection.leader.step-down.wait-time = 10s (default)
2025-05-12 13:59:57,110 [main] INFO  om.OzoneManager (OzoneManager.java:getRpcServer(1340)) - Creating RPC Server
2025-05-12 13:59:57,110 [om1-groupManagement] INFO  server.RaftServerConfigKeys (ConfUtils.java:logGet(46)) - raft.server.leaderelection.member.majority-add = false (default)
2025-05-12 13:59:57,110 [om1-groupManagement] INFO  server.RaftServerConfigKeys (ConfUtils.java:logGet(46)) - raft.server.sleep.deviation.threshold = 300ms (default)
2025-05-12 13:59:57,111 [om1-groupManagement] INFO  server.RaftServer$Division (ServerState.java:<init>(114)) - om1@group-C5BA1605619E: ConfigurationManager, init=conf: {index: -1, cur=peers:[om1|pkrvmberfyhpb9w.internal.cloudapp.net:9872]|listeners:[], old=null}, confs=<EMPTY_MAP>
2025-05-12 13:59:57,111 [om1-groupManagement] INFO  server.RaftServerConfigKeys (ConfUtils.java:logGet(46)) - raft.server.notification.no-leader.timeout = 120s (custom)
2025-05-12 13:59:57,111 [om1-groupManagement] INFO  server.RaftServerConfigKeys (ConfUtils.java:logGet(46)) - raft.server.read.timeout = 10s (default)
2025-05-12 13:59:57,111 [om1-groupManagement] INFO  server.RaftServerConfigKeys (ConfUtils.java:logGet(46)) - raft.server.retrycache.expirytime = 300s (custom)
2025-05-12 13:59:57,111 [om1-groupManagement] INFO  server.RaftServerConfigKeys (ConfUtils.java:logGet(46)) - raft.server.retrycache.statistics.expirytime = 100ms (default)
2025-05-12 13:59:57,111 [om1-groupManagement] INFO  server.RaftServerConfigKeys (ConfUtils.java:logGet(46)) - raft.server.read.option = DEFAULT (default)
2025-05-12 13:59:57,111 [om1-groupManagement] INFO  server.RaftServerConfigKeys (ConfUtils.java:logGet(46)) - raft.server.read.read-after-write-consistent.write-index-cache.expiry-time = 60s (default)
2025-05-12 13:59:57,112 [om1-groupManagement] INFO  server.RaftServerConfigKeys (ConfUtils.java:logGet(46)) - raft.server.rpc.request.timeout = 3000ms (default)
2025-05-12 13:59:57,112 [om1-groupManagement] INFO  server.RaftServerConfigKeys (ConfUtils.java:logGet(46)) - raft.server.log.appender.install.snapshot.enabled = false (custom)
2025-05-12 13:59:57,112 [om1-groupManagement] INFO  server.RaftServerConfigKeys (ConfUtils.java:logGet(46)) - raft.server.threadpool.server.cached = true (default)
2025-05-12 13:59:57,112 [om1-groupManagement] INFO  server.RaftServerConfigKeys (ConfUtils.java:logGet(46)) - raft.server.threadpool.server.size = 0 (default)
2025-05-12 13:59:57,112 [om1-groupManagement] INFO  server.RaftServerConfigKeys (ConfUtils.java:logGet(46)) - raft.server.threadpool.client.cached = true (default)
2025-05-12 13:59:57,112 [om1-groupManagement] INFO  server.RaftServerConfigKeys (ConfUtils.java:logGet(46)) - raft.server.threadpool.client.size = 0 (default)
2025-05-12 13:59:57,516 [main] INFO  reflections.Reflections (Reflections.java:scan(219)) - Reflections took 405 ms to scan 24 urls, producing 60 keys and 7515 values
2025-05-12 13:59:57,517 [main] INFO  ipc.CallQueueManager (CallQueueManager.java:<init>(93)) - Using callQueue: class java.util.concurrent.LinkedBlockingQueue, queueCapacity: 2000, scheduler: class org.apache.hadoop.ipc.DefaultRpcScheduler, ipcBackoff: false, ipcFailOver: false.
2025-05-12 13:59:57,517 [main] INFO  server.StorageContainerManager (StorageContainerManager.java:stop(1608)) - Container Balancer is not running.
2025-05-12 13:59:57,517 [main] INFO  server.StorageContainerManager (StorageContainerManager.java:stopReplicationManager(1742)) - Stopping Replication Manager Service.
2025-05-12 13:59:57,517 [main] INFO  replication.ReplicationManager (ReplicationManager.java:stop(316)) - Stopping Replication Monitor Thread.
2025-05-12 13:59:57,517 [main] INFO  server.StorageContainerManager (StorageContainerManager.java:stop(1617)) - Stopping the Datanode Admin Monitor.
2025-05-12 13:59:57,518 [OverReplicatedProcessor] WARN  replication.UnhealthyReplicationProcessor (UnhealthyReplicationProcessor.java:run(178)) - OverReplicatedProcessor interrupted. Exiting...
2025-05-12 13:59:57,518 [main] INFO  server.StorageContainerManager (StorageContainerManager.java:stop(1624)) - Stopping datanode service RPC server
2025-05-12 13:59:57,518 [main] INFO  server.SCMDatanodeProtocolServer (SCMDatanodeProtocolServer.java:stop(447)) - Stopping the RPC server for DataNodes
2025-05-12 13:59:57,518 [main] INFO  ipc.Server (Server.java:stop(3697)) - Stopping server on 15036
2025-05-12 13:59:57,517 [ReplicationMonitor] INFO  replication.ReplicationManager (ReplicationManager.java:run(936)) - Replication Monitor Thread is stopped
2025-05-12 13:59:57,517 [UnderReplicatedProcessor] WARN  replication.UnhealthyReplicationProcessor (UnhealthyReplicationProcessor.java:run(178)) - UnderReplicatedProcessor interrupted. Exiting...
2025-05-12 13:59:57,615 [SCMHeartbeatProcessor-0] WARN  node.NodeStateManager (NodeStateManager.java:scheduleNextHealthCheck(909)) - Current Thread is interrupted, shutting down HB processing thread for Node Manager.
2025-05-12 13:59:57,615 [main] INFO  server.StorageContainerManager (StorageContainerManager.java:stop(1632)) - Stopping block service RPC server
2025-05-12 13:59:57,615 [main] INFO  server.SCMBlockProtocolServer (SCMBlockProtocolServer.java:stop(175)) - Stopping the RPC server for Block Protocol
2025-05-12 13:59:57,615 [main] INFO  ipc.Server (Server.java:stop(3697)) - Stopping server on 15037
2025-05-12 13:59:57,618 [IPC Server Responder] INFO  ipc.Server (Server.java:run(1718)) - Stopping IPC Server Responder
2025-05-12 13:59:57,618 [IPC Server listener on 15037] INFO  ipc.Server (Server.java:run(1585)) - Stopping IPC Server listener on 15037
2025-05-12 13:59:57,618 [main] INFO  server.StorageContainerManager (StorageContainerManager.java:stop(1639)) - Stopping the StorageContainerLocationProtocol RPC server
2025-05-12 13:59:57,619 [main] INFO  server.SCMClientProtocolServer (SCMClientProtocolServer.java:stop(216)) - Stopping the RPC server for Client Protocol
2025-05-12 13:59:57,619 [main] INFO  ipc.Server (Server.java:stop(3697)) - Stopping server on 15035
2025-05-12 13:59:57,623 [IPC Server Responder] INFO  ipc.Server (Server.java:run(1718)) - Stopping IPC Server Responder
2025-05-12 13:59:57,623 [main] INFO  server.StorageContainerManager (StorageContainerManager.java:stop(1646)) - Stopping Storage Container Manager HTTP server.
2025-05-12 13:59:57,623 [IPC Server listener on 15035] INFO  ipc.Server (Server.java:run(1585)) - Stopping IPC Server listener on 15035
2025-05-12 13:59:57,624 [main] INFO  handler.ContextHandler (ContextHandler.java:doStop(1159)) - Stopped o.e.j.w.WebAppContext@1e3f66c6{scm,/,null,STOPPED}{file:/home/runner/work/ozone/ozone/hadoop-ozone/integration-test/target/test-classes/webapps/scm}
2025-05-12 13:59:57,625 [main] INFO  server.AbstractConnector (AbstractConnector.java:doStop(383)) - Stopped ServerConnector@67c46c9e{HTTP/1.1, (http/1.1)}{0.0.0.0:9876}
2025-05-12 13:59:57,625 [main] INFO  server.session (HouseKeeper.java:stopScavenging(149)) - node0 Stopped scavenging
2025-05-12 13:59:57,625 [main] INFO  handler.ContextHandler (ContextHandler.java:doStop(1159)) - Stopped o.e.j.s.ServletContextHandler@2bba8eeb{static,/static,file:///home/runner/work/ozone/ozone/hadoop-ozone/integration-test/target/test-classes/webapps/static,STOPPED}
2025-05-12 13:59:57,625 [main] INFO  handler.ContextHandler (ContextHandler.java:doStop(1159)) - Stopped o.e.j.s.ServletContextHandler@2526d85a{logs,/logs,file:///home/runner/work/ozone/ozone/hadoop-ozone/integration-test/target/log,STOPPED}
2025-05-12 13:59:57,627 [main] INFO  server.StorageContainerManager (StorageContainerManager.java:stop(1654)) - Stopping SCM LayoutVersionManager Service.
2025-05-12 13:59:57,627 [main] INFO  server.SCMSecurityProtocolServer (SCMSecurityProtocolServer.java:stop(510)) - Stopping the SCMSecurityProtocolServer.
2025-05-12 13:59:57,627 [main] INFO  ipc.Server (Server.java:stop(3697)) - Stopping server on 15038
2025-05-12 13:59:57,627 [IPC Server listener on 15038] INFO  ipc.Server (Server.java:run(1585)) - Stopping IPC Server listener on 15038
2025-05-12 13:59:57,628 [main] INFO  server.StorageContainerManager (StorageContainerManager.java:stop(1666)) - Stopping Block Manager Service.
2025-05-12 13:59:57,628 [main] INFO  utils.BackgroundService (BackgroundService.java:shutdown(160)) - Shutting down service SCMBlockDeletingService
2025-05-12 13:59:57,628 [IPC Server Responder] INFO  ipc.Server (Server.java:run(1718)) - Stopping IPC Server Responder
2025-05-12 13:59:57,628 [main] INFO  utils.BackgroundService (BackgroundService.java:shutdown(160)) - Shutting down service SCMBlockDeletingService
2025-05-12 13:59:57,629 [main] INFO  server.StorageContainerManager (StorageContainerManager.java:stop(1691)) - Stopping SCM Event Queue.
2025-05-12 13:59:57,629 [main] INFO  server.StorageContainerManager (StorageContainerManager.java:stop(1698)) - Stopping SCM HA services.
2025-05-12 13:59:57,629 [main] INFO  ha.SCMRatisServerImpl (SCMRatisServerImpl.java:stop(266)) - stopping ratis server 0.0.0.0:15039
2025-05-12 13:59:57,630 [main] INFO  server.RaftServer (RaftServerProxy.java:lambda$close$9(417)) - 152046d9-4666-4fa9-8a17-63719a568d84: close
2025-05-12 13:59:57,630 [main] INFO  server.GrpcService (GrpcService.java:closeImpl(343)) - 152046d9-4666-4fa9-8a17-63719a568d84: shutdown server GrpcServerProtocolService now
2025-05-12 13:59:57,630 [152046d9-4666-4fa9-8a17-63719a568d84-impl-thread1] INFO  server.RaftServer$Division (RaftServerImpl.java:lambda$close$1(513)) - 152046d9-4666-4fa9-8a17-63719a568d84@group-1BE93E8E04DC: shutdown
2025-05-12 13:59:57,630 [152046d9-4666-4fa9-8a17-63719a568d84-impl-thread1] INFO  util.JmxRegister (JmxRegister.java:unregister(74)) - Successfully un-registered JMX Bean with object name Ratis:service=RaftServer,group=group-1BE93E8E04DC,id=152046d9-4666-4fa9-8a17-63719a568d84
2025-05-12 13:59:57,630 [152046d9-4666-4fa9-8a17-63719a568d84-impl-thread1] INFO  impl.RoleInfo (RoleInfo.java:shutdownFollowerState(121)) - 152046d9-4666-4fa9-8a17-63719a568d84: shutdown 152046d9-4666-4fa9-8a17-63719a568d84@group-1BE93E8E04DC-FollowerState
2025-05-12 13:59:57,630 [152046d9-4666-4fa9-8a17-63719a568d84-impl-thread1] INFO  impl.StateMachineUpdater (StateMachineUpdater.java:stopAndJoin(164)) - 152046d9-4666-4fa9-8a17-63719a568d84@group-1BE93E8E04DC-StateMachineUpdater: set stopIndex = -1
2025-05-12 13:59:57,631 [152046d9-4666-4fa9-8a17-63719a568d84@group-1BE93E8E04DC-FollowerState] INFO  impl.FollowerState (FollowerState.java:runImpl(170)) - 152046d9-4666-4fa9-8a17-63719a568d84@group-1BE93E8E04DC-FollowerState was interrupted
2025-05-12 13:59:57,631 [152046d9-4666-4fa9-8a17-63719a568d84@group-1BE93E8E04DC-StateMachineUpdater] INFO  impl.StateMachineUpdater (StateMachineUpdater.java:stop(141)) - 152046d9-4666-4fa9-8a17-63719a568d84@group-1BE93E8E04DC-StateMachineUpdater: closing SCMStateMachine, lastApplied=(t:0, i:~)
2025-05-12 13:59:57,631 [152046d9-4666-4fa9-8a17-63719a568d84@group-1BE93E8E04DC-cacheEviction-AwaitToRun] INFO  util.AwaitToRun (AwaitToRun.java:run(49)) - 152046d9-4666-4fa9-8a17-63719a568d84@group-1BE93E8E04DC-cacheEviction-AwaitToRun-AwaitForSignal is interrupted
2025-05-12 13:59:57,636 [main] INFO  server.GrpcService (GrpcService.java:closeImpl(352)) - 152046d9-4666-4fa9-8a17-63719a568d84: shutdown server GrpcServerProtocolService successfully
2025-05-12 13:59:57,750 [152046d9-4666-4fa9-8a17-63719a568d84-impl-thread1] INFO  segmented.SegmentedRaftLogWorker (SegmentedRaftLogWorker.java:close(252)) - 152046d9-4666-4fa9-8a17-63719a568d84@group-1BE93E8E04DC-SegmentedRaftLogWorker close()
2025-05-12 13:59:57,750 [JvmPauseMonitor11] INFO  util.JvmPauseMonitor (JvmPauseMonitor.java:run(152)) - JvmPauseMonitor-152046d9-4666-4fa9-8a17-63719a568d84: Stopped
2025-05-12 13:59:57,751 [main] INFO  SCMHATransactionMonitor (BackgroundSCMService.java:stop(127)) - Stopping SCMHATransactionMonitor Service.
2025-05-12 13:59:57,751 [SCMHATransactionMonitor] WARN  SCMHATransactionMonitor (BackgroundSCMService.java:run(111)) - SCMHATransactionMonitor is interrupted, exit
2025-05-12 13:59:57,751 [main] INFO  pipeline.BackgroundPipelineCreator (BackgroundPipelineCreator.java:stop(154)) - Stopping RatisPipelineUtilsThread.
2025-05-12 13:59:57,751 [RatisPipelineUtilsThread-0] WARN  pipeline.BackgroundPipelineCreator (BackgroundPipelineCreator.java:run(185)) - RatisPipelineUtilsThread is interrupted.
2025-05-12 13:59:57,751 [BackgroundPipelineScrubber] WARN  BackgroundPipelineScrubber (BackgroundSCMService.java:run(111)) - BackgroundPipelineScrubber is interrupted, exit
2025-05-12 13:59:57,751 [main] INFO  BackgroundPipelineScrubber (BackgroundSCMService.java:stop(127)) - Stopping BackgroundPipelineScrubber Service.
2025-05-12 13:59:57,751 [main] INFO  impl.MetricsSystemImpl (MetricsSystemImpl.java:stop(210)) - Stopping StorageContainerManager metrics system...
2025-05-12 13:59:57,753 [prometheus] INFO  impl.MetricsSinkAdapter (MetricsSinkAdapter.java:publishMetricsFromQueue(141)) - prometheus thread interrupted.
2025-05-12 13:59:57,753 [main] INFO  impl.MetricsSystemImpl (MetricsSystemImpl.java:stop(216)) - StorageContainerManager metrics system stopped.
2025-05-12 13:59:57,753 [main] WARN  pipeline.BackgroundPipelineCreator (BackgroundPipelineCreator.java:stop(150)) - RatisPipelineUtilsThread is not running, just ignore.
2025-05-12 13:59:57,753 [main] INFO  BackgroundPipelineScrubber (BackgroundSCMService.java:stop(122)) - BackgroundPipelineScrubber Service is not running, skip stop.
2025-05-12 13:59:57,753 [main] INFO  ExpiredContainerReplicaOpScrubber (BackgroundSCMService.java:stop(127)) - Stopping ExpiredContainerReplicaOpScrubber Service.
2025-05-12 13:59:57,753 [ExpiredContainerReplicaOpScrubber] WARN  ExpiredContainerReplicaOpScrubber (BackgroundSCMService.java:run(111)) - ExpiredContainerReplicaOpScrubber is interrupted, exit
2025-05-12 13:59:57,753 [main] INFO  utils.BackgroundService (BackgroundService.java:shutdown(160)) - Shutting down service SCMBlockDeletingService
2025-05-12 13:59:57,753 [main] INFO  replication.ReplicationManager (ReplicationManager.java:stop(323)) - Replication Monitor Thread is not running.
2025-05-12 13:59:57,754 [main] WARN  balancer.ContainerBalancer (ContainerBalancer.java:stop(350)) - Cannot stop Container Balancer because it's not running or stopping
2025-05-12 13:59:57,754 [main] INFO  SCMHATransactionMonitor (BackgroundSCMService.java:stop(122)) - SCMHATransactionMonitor Service is not running, skip stop.
2025-05-12 13:59:57,754 [main] INFO  server.StorageContainerManager (StorageContainerManager.java:stop(1733)) - Stopping SCM MetadataStore.
2025-05-12 13:59:57,754 [152046d9-4666-4fa9-8a17-63719a568d84-scm/sub-ca-refreshCACertificates] ERROR util.ExitUtils (ExitUtils.java:terminate(133)) - Terminating with exit status -1: Thread[#1926,152046d9-4666-4fa9-8a17-63719a568d84-scm/sub-ca-refreshCACertificates,5,main] has thrown an uncaught exception
java.lang.reflect.UndeclaredThrowableException
	at jdk.proxy2/jdk.proxy2.$Proxy45.submitRequest(Unknown Source)
	at org.apache.hadoop.hdds.protocolPB.SCMSecurityProtocolClientSideTranslatorPB.submitRequest(SCMSecurityProtocolClientSideTranslatorPB.java:93)
	at org.apache.hadoop.hdds.protocolPB.SCMSecurityProtocolClientSideTranslatorPB.getAllRootCaCertificates(SCMSecurityProtocolClientSideTranslatorPB.java:382)
	at org.apache.hadoop.hdds.security.x509.certificate.client.SCMCertificateClient$RefreshCACertificates.run(SCMCertificateClient.java:238)
	at java.base/java.util.concurrent.ThreadPoolExecutor.runWorker(ThreadPoolExecutor.java:1144)
	at java.base/java.util.concurrent.ThreadPoolExecutor$Worker.run(ThreadPoolExecutor.java:642)
	at java.base/java.lang.Thread.run(Thread.java:1583)
Caused by: java.io.InterruptedIOException: Retry interrupted
	at org.apache.hadoop.io.retry.RetryInvocationHandler$Call.processWaitTimeAndRetryInfo(RetryInvocationHandler.java:141)
	at org.apache.hadoop.io.retry.RetryInvocationHandler$Call.invokeOnce(RetryInvocationHandler.java:112)
	at org.apache.hadoop.io.retry.RetryInvocationHandler.invoke(RetryInvocationHandler.java:366)
	... 7 more
Caused by: java.lang.InterruptedException: sleep interrupted
	at java.base/java.lang.Thread.sleep0(Native Method)
	at java.base/java.lang.Thread.sleep(Thread.java:509)
	at org.apache.hadoop.io.retry.RetryInvocationHandler$Call.processWaitTimeAndRetryInfo(RetryInvocationHandler.java:135)
	... 9 more
2025-05-12 13:59:57,756 [main] INFO  impl.DefaultInternalKdcServerImpl (DefaultInternalKdcServerImpl.java:doStop(102)) - Default Internal kdc server stopped.
2025-05-12 13:59:58,756 [main] INFO  minikdc.MiniKdc (MiniKdc.java:stop(359)) - MiniKdc stopped.
2025-05-12 13:59:58,756 [main] INFO  server.StorageContainerManager (StorageContainerManager.java:stop(1597)) - Storage Container Manager is not running.
2025-05-12 13:59:58,757 [main] INFO  server.StorageContainerManager (StorageContainerManager.java:stopReplicationManager(1742)) - Stopping Replication Manager Service.
2025-05-12 13:59:58,757 [main] INFO  replication.ReplicationManager (ReplicationManager.java:stop(323)) - Replication Monitor Thread is not running.
2025-05-12 13:59:58,757 [main] INFO  server.SCMSecurityProtocolServer (SCMSecurityProtocolServer.java:join(519)) - Join RPC server for SCMSecurityProtocolServer.
2025-05-12 13:59:58,757 [main] INFO  server.SCMSecurityProtocolServer (SCMSecurityProtocolServer.java:join(521)) - Join gRPC server for SCMSecurityProtocolServer.
]]></system-out>
    </rerunError>
  </testcase>
</testsuite>