<?xml version="1.0" encoding="UTF-8"?>
<testsuite xmlns:xsi="http://www.w3.org/2001/XMLSchema-instance" xsi:noNamespaceSchemaLocation="https://maven.apache.org/surefire/maven-surefire-plugin/xsd/surefire-test-report.xsd" name="org.apache.hadoop.ozone.client.rpc.read.TestKeyInputStream" time="569.913" tests="6" errors="1" skipped="0" failures="0">
  <properties>
    <property name="awt.toolkit" value="sun.awt.X11.XToolkit"/>
    <property name="file.encoding.pkg" value="sun.io"/>
    <property name="java.specification.version" value="1.8"/>
    <property name="sun.cpu.isalist" value=""/>
    <property name="sun.jnu.encoding" value="UTF-8"/>
    <property name="java.class.path" value="/home/runner/work/ozone/ozone/hadoop-ozone/integration-test/target/test-classes:/home/runner/work/ozone/ozone/hadoop-ozone/integration-test/target/classes:/home/runner/.m2/repository/org/apache/ozone/ozone-common/1.3.0-SNAPSHOT/ozone-common-1.3.0-SNAPSHOT.jar:/home/runner/.m2/repository/org/apache/commons/commons-compress/1.21/commons-compress-1.21.jar:/home/runner/.m2/repository/org/apache/ozone/hdds-common/1.3.0-SNAPSHOT/hdds-common-1.3.0-SNAPSHOT.jar:/home/runner/.m2/repository/org/apache/ozone/hdds-client/1.3.0-SNAPSHOT/hdds-client-1.3.0-SNAPSHOT.jar:/home/runner/.m2/repository/org/apache/ozone/ozone-interface-client/1.3.0-SNAPSHOT/ozone-interface-client-1.3.0-SNAPSHOT.jar:/home/runner/.m2/repository/org/apache/ozone/hdds-test-utils/1.3.0-SNAPSHOT/hdds-test-utils-1.3.0-SNAPSHOT.jar:/home/runner/.m2/repository/com/google/guava/guava/30.1.1-jre/guava-30.1.1-jre.jar:/home/runner/.m2/repository/com/google/guava/failureaccess/1.0.1/failureaccess-1.0.1.jar:/home/runner/.m2/repository/com/google/guava/listenablefuture/9999.0-empty-to-avoid-conflict-with-guava/listenablefuture-9999.0-empty-to-avoid-conflict-with-guava.jar:/home/runner/.m2/repository/com/google/code/findbugs/jsr305/3.0.0/jsr305-3.0.0.jar:/home/runner/.m2/repository/org/checkerframework/checker-qual/3.8.0/checker-qual-3.8.0.jar:/home/runner/.m2/repository/com/google/errorprone/error_prone_annotations/2.2.0/error_prone_annotations-2.2.0.jar:/home/runner/.m2/repository/com/google/j2objc/j2objc-annotations/1.3/j2objc-annotations-1.3.jar:/home/runner/.m2/repository/commons-io/commons-io/2.11.0/commons-io-2.11.0.jar:/home/runner/.m2/repository/commons-logging/commons-logging/1.2/commons-logging-1.2.jar:/home/runner/.m2/repository/log4j/log4j/1.2.17/log4j-1.2.17.jar:/home/runner/.m2/repository/org/slf4j/slf4j-api/1.7.30/slf4j-api-1.7.30.jar:/home/runner/.m2/repository/org/apache/ozone/hdds-server-scm/1.3.0-SNAPSHOT/hdds-server-scm-1.3.0-SNAPSHOT.jar:/home/runner/.m2/repository/org/apache/ozone/hdds-container-service/1.3.0-SNAPSHOT/hdds-container-service-1.3.0-SNAPSHOT.jar:/home/runner/.m2/repository/org/apache/ozone/hdds-hadoop-dependency-server/1.3.0-SNAPSHOT/hdds-hadoop-dependency-server-1.3.0-SNAPSHOT.jar:/home/runner/.m2/repository/org/apache/hadoop/hadoop-hdfs/3.3.1/hadoop-hdfs-3.3.1.jar:/home/runner/.m2/repository/org/apache/ozone/hdds-server-framework/1.3.0-SNAPSHOT/hdds-server-framework-1.3.0-SNAPSHOT.jar:/home/runner/.m2/repository/org/apache/ozone/hdds-interface-server/1.3.0-SNAPSHOT/hdds-interface-server-1.3.0-SNAPSHOT.jar:/home/runner/.m2/repository/org/eclipse/jetty/jetty-servlet/9.4.43.v20210629/jetty-servlet-9.4.43.v20210629.jar:/home/runner/.m2/repository/org/eclipse/jetty/jetty-security/9.4.43.v20210629/jetty-security-9.4.43.v20210629.jar:/home/runner/.m2/repository/org/rocksdb/rocksdbjni/6.25.3/rocksdbjni-6.25.3.jar:/home/runner/.m2/repository/io/prometheus/simpleclient_dropwizard/0.7.0/simpleclient_dropwizard-0.7.0.jar:/home/runner/.m2/repository/io/prometheus/simpleclient/0.7.0/simpleclient-0.7.0.jar:/home/runner/.m2/repository/io/prometheus/simpleclient_common/0.7.0/simpleclient_common-0.7.0.jar:/home/runner/.m2/repository/com/fasterxml/jackson/datatype/jackson-datatype-jsr310/2.12.1/jackson-datatype-jsr310-2.12.1.jar:/home/runner/.m2/repository/io/dropwizard/metrics/metrics-core/3.2.4/metrics-core-3.2.4.jar:/home/runner/.m2/repository/org/apache/hadoop/hadoop-hdfs-client/3.3.1/hadoop-hdfs-client-3.3.1.jar:/home/runner/.m2/repository/org/bouncycastle/bcprov-jdk15on/1.67/bcprov-jdk15on-1.67.jar:/home/runner/.m2/repository/com/google/protobuf/protobuf-java/2.5.0/protobuf-java-2.5.0.jar:/home/runner/.m2/repository/org/apache/ozone/ozone-manager/1.3.0-SNAPSHOT/ozone-manager-1.3.0-SNAPSHOT.jar:/home/runner/.m2/repository/org/aspectj/aspectjrt/1.9.7/aspectjrt-1.9.7.jar:/home/runner/.m2/repository/org/aspectj/aspectjweaver/1.9.7/aspectjweaver-1.9.7.jar:/home/runner/.m2/repository/org/apache/ozone/hdds-interface-client/1.3.0-SNAPSHOT/hdds-interface-client-1.3.0-SNAPSHOT.jar:/home/runner/.m2/repository/org/apache/hadoop/thirdparty/hadoop-shaded-protobuf_3_7/1.1.1/hadoop-shaded-protobuf_3_7-1.1.1.jar:/home/runner/.m2/repository/org/apache/ozone/ozone-interface-storage/1.3.0-SNAPSHOT/ozone-interface-storage-1.3.0-SNAPSHOT.jar:/home/runner/.m2/repository/org/reflections/reflections/0.9.11/reflections-0.9.11.jar:/home/runner/.m2/repository/org/apache/hadoop/hadoop-minikdc/3.3.1/hadoop-minikdc-3.3.1.jar:/home/runner/.m2/repository/org/apache/kerby/kerb-simplekdc/1.0.1/kerb-simplekdc-1.0.1.jar:/home/runner/.m2/repository/org/apache/kerby/kerb-client/1.0.1/kerb-client-1.0.1.jar:/home/runner/.m2/repository/org/apache/kerby/kerby-config/1.0.1/kerby-config-1.0.1.jar:/home/runner/.m2/repository/org/apache/kerby/kerb-common/1.0.1/kerb-common-1.0.1.jar:/home/runner/.m2/repository/org/apache/kerby/kerb-crypto/1.0.1/kerb-crypto-1.0.1.jar:/home/runner/.m2/repository/org/apache/kerby/kerb-util/1.0.1/kerb-util-1.0.1.jar:/home/runner/.m2/repository/org/apache/kerby/token-provider/1.0.1/token-provider-1.0.1.jar:/home/runner/.m2/repository/org/apache/kerby/kerb-admin/1.0.1/kerb-admin-1.0.1.jar:/home/runner/.m2/repository/org/apache/kerby/kerb-server/1.0.1/kerb-server-1.0.1.jar:/home/runner/.m2/repository/org/apache/kerby/kerb-identity/1.0.1/kerb-identity-1.0.1.jar:/home/runner/.m2/repository/org/apache/kerby/kerby-xdr/1.0.1/kerby-xdr-1.0.1.jar:/home/runner/.m2/repository/org/slf4j/slf4j-log4j12/1.7.30/slf4j-log4j12-1.7.30.jar:/home/runner/.m2/repository/org/apache/ozone/ozone-s3gateway/1.3.0-SNAPSHOT/ozone-s3gateway-1.3.0-SNAPSHOT.jar:/home/runner/.m2/repository/org/javassist/javassist/3.21.0-GA/javassist-3.21.0-GA.jar:/home/runner/.m2/repository/org/jboss/weld/servlet/weld-servlet/2.4.7.Final/weld-servlet-2.4.7.Final.jar:/home/runner/.m2/repository/org/glassfish/jersey/containers/jersey-container-servlet-core/2.33/jersey-container-servlet-core-2.33.jar:/home/runner/.m2/repository/org/glassfish/hk2/external/jakarta.inject/2.6.1/jakarta.inject-2.6.1.jar:/home/runner/.m2/repository/org/glassfish/jersey/core/jersey-common/2.33/jersey-common-2.33.jar:/home/runner/.m2/repository/jakarta/ws/rs/jakarta.ws.rs-api/2.1.6/jakarta.ws.rs-api-2.1.6.jar:/home/runner/.m2/repository/org/glassfish/jersey/ext/cdi/jersey-cdi1x/2.33/jersey-cdi1x-2.33.jar:/home/runner/.m2/repository/org/glassfish/jersey/inject/jersey-hk2/2.33/jersey-hk2-2.33.jar:/home/runner/.m2/repository/org/glassfish/hk2/hk2-locator/2.6.1/hk2-locator-2.6.1.jar:/home/runner/.m2/repository/org/glassfish/jersey/media/jersey-media-jaxb/2.33/jersey-media-jaxb-2.33.jar:/home/runner/.m2/repository/org/glassfish/hk2/osgi-resource-locator/1.0.3/osgi-resource-locator-1.0.3.jar:/home/runner/.m2/repository/org/glassfish/hk2/hk2-api/2.5.0/hk2-api-2.5.0.jar:/home/runner/.m2/repository/org/glassfish/hk2/hk2-utils/2.5.0/hk2-utils-2.5.0.jar:/home/runner/.m2/repository/org/glassfish/hk2/external/aopalliance-repackaged/2.5.0/aopalliance-repackaged-2.5.0.jar:/home/runner/.m2/repository/com/fasterxml/jackson/dataformat/jackson-dataformat-xml/2.12.1/jackson-dataformat-xml-2.12.1.jar:/home/runner/.m2/repository/com/fasterxml/jackson/core/jackson-core/2.12.1/jackson-core-2.12.1.jar:/home/runner/.m2/repository/com/fasterxml/jackson/module/jackson-module-jaxb-annotations/2.12.1/jackson-module-jaxb-annotations-2.12.1.jar:/home/runner/.m2/repository/jakarta/xml/bind/jakarta.xml.bind-api/2.3.2/jakarta.xml.bind-api-2.3.2.jar:/home/runner/.m2/repository/org/codehaus/woodstox/stax2-api/3.1.4/stax2-api-3.1.4.jar:/home/runner/.m2/repository/com/fasterxml/woodstox/woodstox-core/5.0.3/woodstox-core-5.0.3.jar:/home/runner/.m2/repository/javax/enterprise/cdi-api/1.2/cdi-api-1.2.jar:/home/runner/.m2/repository/javax/el/javax.el-api/3.0.0/javax.el-api-3.0.0.jar:/home/runner/.m2/repository/javax/interceptor/javax.interceptor-api/1.2/javax.interceptor-api-1.2.jar:/home/runner/.m2/repository/javax/inject/javax.inject/1/javax.inject-1.jar:/home/runner/.m2/repository/javax/xml/bind/jaxb-api/2.3.0/jaxb-api-2.3.0.jar:/home/runner/.m2/repository/org/glassfish/jaxb/jaxb-runtime/2.3.0.1/jaxb-runtime-2.3.0.1.jar:/home/runner/.m2/repository/org/glassfish/jaxb/jaxb-core/2.3.0.1/jaxb-core-2.3.0.1.jar:/home/runner/.m2/repository/org/glassfish/jaxb/txw2/2.3.0.1/txw2-2.3.0.1.jar:/home/runner/.m2/repository/com/sun/istack/istack-commons-runtime/3.0.5/istack-commons-runtime-3.0.5.jar:/home/runner/.m2/repository/org/jvnet/staxex/stax-ex/1.7.8/stax-ex-1.7.8.jar:/home/runner/.m2/repository/com/sun/xml/fastinfoset/FastInfoset/1.2.13/FastInfoset-1.2.13.jar:/home/runner/.m2/repository/javax/activation/activation/1.1.1/activation-1.1.1.jar:/home/runner/.m2/repository/org/apache/ozone/ozone-csi/1.3.0-SNAPSHOT/ozone-csi-1.3.0-SNAPSHOT.jar:/home/runner/.m2/repository/com/google/protobuf/protobuf-java-util/3.12.0/protobuf-java-util-3.12.0.jar:/home/runner/.m2/repository/com/google/code/gson/gson/2.2.4/gson-2.2.4.jar:/home/runner/.m2/repository/org/apache/ozone/hdds-config/1.3.0-SNAPSHOT/hdds-config-1.3.0-SNAPSHOT.jar:/home/runner/.m2/repository/io/grpc/grpc-netty/1.33.0/grpc-netty-1.33.0.jar:/home/runner/.m2/repository/io/grpc/grpc-core/1.33.0/grpc-core-1.33.0.jar:/home/runner/.m2/repository/com/google/android/annotations/4.1.1.4/annotations-4.1.1.4.jar:/home/runner/.m2/repository/io/netty/netty-codec-http2/4.1.63.Final/netty-codec-http2-4.1.63.Final.jar:/home/runner/.m2/repository/io/netty/netty-codec-http/4.1.63.Final/netty-codec-http-4.1.63.Final.jar:/home/runner/.m2/repository/io/netty/netty-handler-proxy/4.1.63.Final/netty-handler-proxy-4.1.63.Final.jar:/home/runner/.m2/repository/io/netty/netty-codec-socks/4.1.63.Final/netty-codec-socks-4.1.63.Final.jar:/home/runner/.m2/repository/io/perfmark/perfmark-api/0.19.0/perfmark-api-0.19.0.jar:/home/runner/.m2/repository/org/codehaus/mojo/animal-sniffer-annotations/1.18/animal-sniffer-annotations-1.18.jar:/home/runner/.m2/repository/io/netty/netty-transport-native-epoll/4.1.63.Final/netty-transport-native-epoll-4.1.63.Final.jar:/home/runner/.m2/repository/io/netty/netty-common/4.1.63.Final/netty-common-4.1.63.Final.jar:/home/runner/.m2/repository/io/netty/netty-buffer/4.1.63.Final/netty-buffer-4.1.63.Final.jar:/home/runner/.m2/repository/io/netty/netty-transport-native-unix-common/4.1.63.Final/netty-transport-native-unix-common-4.1.63.Final.jar:/home/runner/.m2/repository/io/grpc/grpc-protobuf/1.33.0/grpc-protobuf-1.33.0.jar:/home/runner/.m2/repository/io/grpc/grpc-api/1.33.0/grpc-api-1.33.0.jar:/home/runner/.m2/repository/io/grpc/grpc-context/1.33.0/grpc-context-1.33.0.jar:/home/runner/.m2/repository/com/google/api/grpc/proto-google-common-protos/1.17.0/proto-google-common-protos-1.17.0.jar:/home/runner/.m2/repository/io/grpc/grpc-protobuf-lite/1.33.0/grpc-protobuf-lite-1.33.0.jar:/home/runner/.m2/repository/io/grpc/grpc-stub/1.33.0/grpc-stub-1.33.0.jar:/home/runner/.m2/repository/org/apache/ozone/ozone-recon/1.3.0-SNAPSHOT/ozone-recon-1.3.0-SNAPSHOT.jar:/home/runner/.m2/repository/org/apache/ozone/ozone-reconcodegen/1.3.0-SNAPSHOT/ozone-reconcodegen-1.3.0-SNAPSHOT.jar:/home/runner/.m2/repository/com/google/inject/extensions/guice-multibindings/4.0/guice-multibindings-4.0.jar:/home/runner/.m2/repository/com/google/inject/guice/4.0/guice-4.0.jar:/home/runner/.m2/repository/aopalliance/aopalliance/1.0/aopalliance-1.0.jar:/home/runner/.m2/repository/com/google/inject/extensions/guice-assistedinject/4.0/guice-assistedinject-4.0.jar:/home/runner/.m2/repository/com/google/inject/extensions/guice-servlet/4.0/guice-servlet-4.0.jar:/home/runner/.m2/repository/org/glassfish/jersey/containers/jersey-container-servlet/2.33/jersey-container-servlet-2.33.jar:/home/runner/.m2/repository/org/glassfish/hk2/guice-bridge/2.5.0/guice-bridge-2.5.0.jar:/home/runner/.m2/repository/org/glassfish/jersey/core/jersey-server/2.33/jersey-server-2.33.jar:/home/runner/.m2/repository/org/glassfish/jersey/core/jersey-client/2.33/jersey-client-2.33.jar:/home/runner/.m2/repository/jakarta/annotation/jakarta.annotation-api/1.3.5/jakarta.annotation-api-1.3.5.jar:/home/runner/.m2/repository/jakarta/validation/jakarta.validation-api/2.0.2/jakarta.validation-api-2.0.2.jar:/home/runner/.m2/repository/org/glassfish/jersey/media/jersey-media-json-jackson/2.33/jersey-media-json-jackson-2.33.jar:/home/runner/.m2/repository/org/glassfish/jersey/ext/jersey-entity-filtering/2.33/jersey-entity-filtering-2.33.jar:/home/runner/.m2/repository/org/jooq/jooq/3.11.10/jooq-3.11.10.jar:/home/runner/.m2/repository/org/jooq/jooq-meta/3.11.10/jooq-meta-3.11.10.jar:/home/runner/.m2/repository/org/jooq/jooq-codegen/3.11.10/jooq-codegen-3.11.10.jar:/home/runner/.m2/repository/com/jolbox/bonecp/0.8.0.RELEASE/bonecp-0.8.0.RELEASE.jar:/home/runner/.m2/repository/org/apache/derby/derby/10.14.2.0/derby-10.14.2.0.jar:/home/runner/.m2/repository/org/xerial/sqlite-jdbc/3.25.2/sqlite-jdbc-3.25.2.jar:/home/runner/.m2/repository/org/springframework/spring-jdbc/5.2.18.RELEASE/spring-jdbc-5.2.18.RELEASE.jar:/home/runner/.m2/repository/org/springframework/spring-beans/5.2.18.RELEASE/spring-beans-5.2.18.RELEASE.jar:/home/runner/.m2/repository/org/springframework/spring-core/5.2.18.RELEASE/spring-core-5.2.18.RELEASE.jar:/home/runner/.m2/repository/org/springframework/spring-jcl/5.2.18.RELEASE/spring-jcl-5.2.18.RELEASE.jar:/home/runner/.m2/repository/org/springframework/spring-tx/5.2.18.RELEASE/spring-tx-5.2.18.RELEASE.jar:/home/runner/.m2/repository/org/apache/ozone/ozone-client/1.3.0-SNAPSHOT/ozone-client-1.3.0-SNAPSHOT.jar:/home/runner/.m2/repository/org/apache/ozone/ozone-filesystem/1.3.0-SNAPSHOT/ozone-filesystem-1.3.0-SNAPSHOT.jar:/home/runner/.m2/repository/org/apache/ozone/ozone-filesystem-common/1.3.0-SNAPSHOT/ozone-filesystem-common-1.3.0-SNAPSHOT.jar:/home/runner/.m2/repository/org/apache/ozone/ozone-tools/1.3.0-SNAPSHOT/ozone-tools-1.3.0-SNAPSHOT.jar:/home/runner/.m2/repository/org/apache/ratis/ratis-tools/2.2.0/ratis-tools-2.2.0.jar:/home/runner/.m2/repository/com/amazonaws/aws-java-sdk-core/1.11.1034/aws-java-sdk-core-1.11.1034.jar:/home/runner/.m2/repository/org/apache/httpcomponents/httpclient/4.5.13/httpclient-4.5.13.jar:/home/runner/.m2/repository/org/apache/httpcomponents/httpcore/4.4.13/httpcore-4.4.13.jar:/home/runner/.m2/repository/software/amazon/ion/ion-java/1.0.2/ion-java-1.0.2.jar:/home/runner/.m2/repository/com/fasterxml/jackson/dataformat/jackson-dataformat-cbor/2.12.1/jackson-dataformat-cbor-2.12.1.jar:/home/runner/.m2/repository/joda-time/joda-time/2.8.1/joda-time-2.8.1.jar:/home/runner/.m2/repository/com/amazonaws/aws-java-sdk-s3/1.11.1034/aws-java-sdk-s3-1.11.1034.jar:/home/runner/.m2/repository/com/amazonaws/aws-java-sdk-kms/1.11.1034/aws-java-sdk-kms-1.11.1034.jar:/home/runner/.m2/repository/com/amazonaws/jmespath-java/1.11.1034/jmespath-java-1.11.1034.jar:/home/runner/.m2/repository/org/kohsuke/metainf-services/metainf-services/1.8/metainf-services-1.8.jar:/home/runner/.m2/repository/org/apache/ozone/hdds-tools/1.3.0-SNAPSHOT/hdds-tools-1.3.0-SNAPSHOT.jar:/home/runner/.m2/repository/commons-cli/commons-cli/1.2/commons-cli-1.2.jar:/home/runner/.m2/repository/org/apache/commons/commons-lang3/3.7/commons-lang3-3.7.jar:/home/runner/.m2/repository/org/apache/ozone/ozone-manager/1.3.0-SNAPSHOT/ozone-manager-1.3.0-SNAPSHOT-tests.jar:/home/runner/.m2/repository/org/apache/ozone/hdds-common/1.3.0-SNAPSHOT/hdds-common-1.3.0-SNAPSHOT-tests.jar:/home/runner/.m2/repository/org/apache/ozone/hdds-hadoop-dependency-client/1.3.0-SNAPSHOT/hdds-hadoop-dependency-client-1.3.0-SNAPSHOT.jar:/home/runner/.m2/repository/info/picocli/picocli/4.6.1/picocli-4.6.1.jar:/home/runner/.m2/repository/com/fasterxml/jackson/core/jackson-annotations/2.12.1/jackson-annotations-2.12.1.jar:/home/runner/.m2/repository/javax/annotation/javax.annotation-api/1.2/javax.annotation-api-1.2.jar:/home/runner/.m2/repository/org/apache/ratis/ratis-server/2.2.0/ratis-server-2.2.0.jar:/home/runner/.m2/repository/org/apache/ratis/ratis-client/2.2.0/ratis-client-2.2.0.jar:/home/runner/.m2/repository/org/apache/ratis/ratis-server-api/2.2.0/ratis-server-api-2.2.0.jar:/home/runner/.m2/repository/org/apache/ratis/ratis-metrics/2.2.0/ratis-metrics-2.2.0.jar:/home/runner/.m2/repository/org/apache/ratis/ratis-netty/2.2.0/ratis-netty-2.2.0.jar:/home/runner/.m2/repository/org/apache/ratis/ratis-grpc/2.2.0/ratis-grpc-2.2.0.jar:/home/runner/.m2/repository/org/apache/logging/log4j/log4j-api/2.13.3/log4j-api-2.13.3.jar:/home/runner/.m2/repository/org/apache/logging/log4j/log4j-core/2.13.3/log4j-core-2.13.3.jar:/home/runner/.m2/repository/com/lmax/disruptor/3.4.2/disruptor-3.4.2.jar:/home/runner/.m2/repository/org/apache/commons/commons-pool2/2.6.0/commons-pool2-2.6.0.jar:/home/runner/.m2/repository/org/bouncycastle/bcpkix-jdk15on/1.67/bcpkix-jdk15on-1.67.jar:/home/runner/.m2/repository/commons-validator/commons-validator/1.6/commons-validator-1.6.jar:/home/runner/.m2/repository/commons-beanutils/commons-beanutils/1.9.4/commons-beanutils-1.9.4.jar:/home/runner/.m2/repository/commons-digester/commons-digester/1.8.1/commons-digester-1.8.1.jar:/home/runner/.m2/repository/commons-collections/commons-collections/3.2.2/commons-collections-3.2.2.jar:/home/runner/.m2/repository/io/jaegertracing/jaeger-client/1.6.0/jaeger-client-1.6.0.jar:/home/runner/.m2/repository/io/jaegertracing/jaeger-thrift/1.6.0/jaeger-thrift-1.6.0.jar:/home/runner/.m2/repository/org/apache/thrift/libthrift/0.14.1/libthrift-0.14.1.jar:/home/runner/.m2/repository/com/squareup/okhttp3/okhttp/4.9.0/okhttp-4.9.0.jar:/home/runner/.m2/repository/com/squareup/okio/okio/2.8.0/okio-2.8.0.jar:/home/runner/.m2/repository/io/jaegertracing/jaeger-core/1.6.0/jaeger-core-1.6.0.jar:/home/runner/.m2/repository/io/jaegertracing/jaeger-tracerresolver/1.6.0/jaeger-tracerresolver-1.6.0.jar:/home/runner/.m2/repository/io/opentracing/contrib/opentracing-tracerresolver/0.1.8/opentracing-tracerresolver-0.1.8.jar:/home/runner/.m2/repository/org/jetbrains/kotlin/kotlin-stdlib/1.4.31/kotlin-stdlib-1.4.31.jar:/home/runner/.m2/repository/org/jetbrains/kotlin/kotlin-stdlib-common/1.4.31/kotlin-stdlib-common-1.4.31.jar:/home/runner/.m2/repository/org/jetbrains/annotations/13.0/annotations-13.0.jar:/home/runner/.m2/repository/io/opentracing/opentracing-util/0.33.0/opentracing-util-0.33.0.jar:/home/runner/.m2/repository/io/opentracing/opentracing-api/0.33.0/opentracing-api-0.33.0.jar:/home/runner/.m2/repository/io/opentracing/opentracing-noop/0.33.0/opentracing-noop-0.33.0.jar:/home/runner/.m2/repository/org/yaml/snakeyaml/1.26/snakeyaml-1.26.jar:/home/runner/.m2/repository/org/apache/ozone/hdds-interface-admin/1.3.0-SNAPSHOT/hdds-interface-admin-1.3.0-SNAPSHOT.jar:/home/runner/.m2/repository/junit/junit/4.13.1/junit-4.13.1.jar:/home/runner/.m2/repository/org/hamcrest/hamcrest-core/1.3/hamcrest-core-1.3.jar:/home/runner/.m2/repository/org/junit/jupiter/junit-jupiter-api/5.7.0/junit-jupiter-api-5.7.0.jar:/home/runner/.m2/repository/org/apiguardian/apiguardian-api/1.1.0/apiguardian-api-1.1.0.jar:/home/runner/.m2/repository/org/opentest4j/opentest4j/1.2.0/opentest4j-1.2.0.jar:/home/runner/.m2/repository/org/junit/platform/junit-platform-commons/1.7.0/junit-platform-commons-1.7.0.jar:/home/runner/.m2/repository/org/junit/jupiter/junit-jupiter-engine/5.7.0/junit-jupiter-engine-5.7.0.jar:/home/runner/.m2/repository/org/junit/platform/junit-platform-engine/1.7.0/junit-platform-engine-1.7.0.jar:/home/runner/.m2/repository/org/junit/vintage/junit-vintage-engine/5.7.0/junit-vintage-engine-5.7.0.jar:/home/runner/.m2/repository/org/junit/platform/junit-platform-launcher/1.7.0/junit-platform-launcher-1.7.0.jar:/home/runner/.m2/repository/org/openjdk/jmh/jmh-core/1.19/jmh-core-1.19.jar:/home/runner/.m2/repository/net/sf/jopt-simple/jopt-simple/4.6/jopt-simple-4.6.jar:/home/runner/.m2/repository/org/apache/commons/commons-math3/3.1.1/commons-math3-3.1.1.jar:/home/runner/.m2/repository/org/openjdk/jmh/jmh-generator-annprocess/1.19/jmh-generator-annprocess-1.19.jar:/home/runner/.m2/repository/org/mockito/mockito-core/2.28.2/mockito-core-2.28.2.jar:/home/runner/.m2/repository/net/bytebuddy/byte-buddy/1.9.10/byte-buddy-1.9.10.jar:/home/runner/.m2/repository/net/bytebuddy/byte-buddy-agent/1.9.10/byte-buddy-agent-1.9.10.jar:/home/runner/.m2/repository/org/objenesis/objenesis/1.0/objenesis-1.0.jar:/home/runner/.m2/repository/org/apache/hadoop/hadoop-kms/3.3.1/hadoop-kms-3.3.1.jar:/home/runner/.m2/repository/org/apache/hadoop/hadoop-auth/3.3.1/hadoop-auth-3.3.1.jar:/home/runner/.m2/repository/com/nimbusds/nimbus-jose-jwt/7.9/nimbus-jose-jwt-7.9.jar:/home/runner/.m2/repository/com/github/stephenc/jcip/jcip-annotations/1.0-1/jcip-annotations-1.0-1.jar:/home/runner/.m2/repository/net/minidev/json-smart/2.3.1/json-smart-2.3.1.jar:/home/runner/.m2/repository/net/minidev/accessors-smart/2.3.1/accessors-smart-2.3.1.jar:/home/runner/.m2/repository/org/ow2/asm/asm/5.0.4/asm-5.0.4.jar:/home/runner/.m2/repository/org/apache/zookeeper/zookeeper/3.5.6/zookeeper-3.5.6.jar:/home/runner/.m2/repository/org/apache/zookeeper/zookeeper-jute/3.5.6/zookeeper-jute-3.5.6.jar:/home/runner/.m2/repository/org/apache/yetus/audience-annotations/0.5.0/audience-annotations-0.5.0.jar:/home/runner/.m2/repository/org/apache/curator/curator-framework/4.2.0/curator-framework-4.2.0.jar:/home/runner/.m2/repository/org/apache/hadoop/thirdparty/hadoop-shaded-guava/1.1.1/hadoop-shaded-guava-1.1.1.jar:/home/runner/.m2/repository/com/sun/jersey/jersey-core/1.19/jersey-core-1.19.jar:/home/runner/.m2/repository/javax/ws/rs/jsr311-api/1.1.1/jsr311-api-1.1.1.jar:/home/runner/.m2/repository/com/sun/jersey/jersey-server/1.19/jersey-server-1.19.jar:/home/runner/.m2/repository/javax/servlet/javax.servlet-api/3.1.0/javax.servlet-api-3.1.0.jar:/home/runner/.m2/repository/org/eclipse/jetty/jetty-server/9.4.43.v20210629/jetty-server-9.4.43.v20210629.jar:/home/runner/.m2/repository/org/eclipse/jetty/jetty-http/9.4.43.v20210629/jetty-http-9.4.43.v20210629.jar:/home/runner/.m2/repository/org/eclipse/jetty/jetty-io/9.4.43.v20210629/jetty-io-9.4.43.v20210629.jar:/home/runner/.m2/repository/org/eclipse/jetty/jetty-webapp/9.4.43.v20210629/jetty-webapp-9.4.43.v20210629.jar:/home/runner/.m2/repository/org/eclipse/jetty/jetty-xml/9.4.43.v20210629/jetty-xml-9.4.43.v20210629.jar:/home/runner/.m2/repository/org/apache/hadoop/hadoop-common/3.3.1/hadoop-common-3.3.1.jar:/home/runner/.m2/repository/commons-net/commons-net/3.6/commons-net-3.6.jar:/home/runner/.m2/repository/jakarta/activation/jakarta.activation-api/1.2.1/jakarta.activation-api-1.2.1.jar:/home/runner/.m2/repository/com/sun/jersey/jersey-servlet/1.19/jersey-servlet-1.19.jar:/home/runner/.m2/repository/com/sun/jersey/jersey-json/1.19/jersey-json-1.19.jar:/home/runner/.m2/repository/org/codehaus/jettison/jettison/1.1/jettison-1.1.jar:/home/runner/.m2/repository/com/sun/xml/bind/jaxb-impl/2.2.3-1/jaxb-impl-2.2.3-1.jar:/home/runner/.m2/repository/org/codehaus/jackson/jackson-jaxrs/1.9.2/jackson-jaxrs-1.9.2.jar:/home/runner/.m2/repository/org/codehaus/jackson/jackson-xc/1.9.2/jackson-xc-1.9.2.jar:/home/runner/.m2/repository/org/apache/commons/commons-configuration2/2.1.1/commons-configuration2-2.1.1.jar:/home/runner/.m2/repository/org/apache/commons/commons-text/1.4/commons-text-1.4.jar:/home/runner/.m2/repository/com/google/re2j/re2j/1.1/re2j-1.1.jar:/home/runner/.m2/repository/com/jcraft/jsch/0.1.54/jsch-0.1.54.jar:/home/runner/.m2/repository/org/apache/curator/curator-client/4.2.0/curator-client-4.2.0.jar:/home/runner/.m2/repository/org/apache/curator/curator-recipes/4.2.0/curator-recipes-4.2.0.jar:/home/runner/.m2/repository/org/apache/kerby/kerb-core/1.0.1/kerb-core-1.0.1.jar:/home/runner/.m2/repository/org/apache/kerby/kerby-pkix/1.0.1/kerby-pkix-1.0.1.jar:/home/runner/.m2/repository/org/apache/kerby/kerby-asn1/1.0.1/kerby-asn1-1.0.1.jar:/home/runner/.m2/repository/org/apache/kerby/kerby-util/1.0.1/kerby-util-1.0.1.jar:/home/runner/.m2/repository/dnsjava/dnsjava/2.1.7/dnsjava-2.1.7.jar:/home/runner/.m2/repository/org/xerial/snappy/snappy-java/1.1.8.2/snappy-java-1.1.8.2.jar:/home/runner/.m2/repository/org/slf4j/jul-to-slf4j/1.7.30/jul-to-slf4j-1.7.30.jar:/home/runner/.m2/repository/org/eclipse/jetty/jetty-util/9.4.43.v20210629/jetty-util-9.4.43.v20210629.jar:/home/runner/.m2/repository/com/fasterxml/jackson/core/jackson-databind/2.12.1/jackson-databind-2.12.1.jar:/home/runner/.m2/repository/org/apache/hadoop/hadoop-kms/3.3.1/hadoop-kms-3.3.1-tests.jar:/home/runner/.m2/repository/org/apache/ozone/hdds-server-scm/1.3.0-SNAPSHOT/hdds-server-scm-1.3.0-SNAPSHOT-tests.jar:/home/runner/.m2/repository/org/apache/ozone/hdds-container-service/1.3.0-SNAPSHOT/hdds-container-service-1.3.0-SNAPSHOT-tests.jar:/home/runner/.m2/repository/commons-codec/commons-codec/1.11/commons-codec-1.11.jar:/home/runner/.m2/repository/io/netty/netty-transport/4.1.63.Final/netty-transport-4.1.63.Final.jar:/home/runner/.m2/repository/io/netty/netty-resolver/4.1.63.Final/netty-resolver-4.1.63.Final.jar:/home/runner/.m2/repository/io/netty/netty-codec/4.1.63.Final/netty-codec-4.1.63.Final.jar:/home/runner/.m2/repository/io/netty/netty-handler/4.1.63.Final/netty-handler-4.1.63.Final.jar:/home/runner/.m2/repository/org/apache/ozone/hdds-hadoop-dependency-test/1.3.0-SNAPSHOT/hdds-hadoop-dependency-test-1.3.0-SNAPSHOT.jar:/home/runner/.m2/repository/org/apache/hadoop/hadoop-common/3.3.1/hadoop-common-3.3.1-tests.jar:/home/runner/.m2/repository/org/assertj/assertj-core/3.12.2/assertj-core-3.12.2.jar:/home/runner/.m2/repository/org/apache/hadoop/hadoop-hdfs/3.3.1/hadoop-hdfs-3.3.1-tests.jar:/home/runner/.m2/repository/org/eclipse/jetty/jetty-util-ajax/9.4.43.v20210629/jetty-util-ajax-9.4.43.v20210629.jar:/home/runner/.m2/repository/commons-daemon/commons-daemon/1.0.13/commons-daemon-1.0.13.jar:/home/runner/.m2/repository/io/netty/netty/3.10.6.Final/netty-3.10.6.Final.jar:/home/runner/.m2/repository/io/netty/netty-all/4.1.63.Final/netty-all-4.1.63.Final.jar:/home/runner/.m2/repository/org/apache/htrace/htrace-core4/4.1.0-incubating/htrace-core4-4.1.0-incubating.jar:/home/runner/.m2/repository/org/fusesource/leveldbjni/leveldbjni-all/1.8/leveldbjni-all-1.8.jar:/home/runner/.m2/repository/org/apache/hadoop/hadoop-distcp/3.3.1/hadoop-distcp-3.3.1.jar:/home/runner/.m2/repository/org/apache/hadoop/hadoop-mapreduce-client-jobclient/3.3.1/hadoop-mapreduce-client-jobclient-3.3.1.jar:/home/runner/.m2/repository/org/apache/hadoop/hadoop-mapreduce-client-common/3.3.1/hadoop-mapreduce-client-common-3.3.1.jar:/home/runner/.m2/repository/org/apache/hadoop/hadoop-yarn-common/3.3.1/hadoop-yarn-common-3.3.1.jar:/home/runner/.m2/repository/org/apache/hadoop/hadoop-yarn-api/3.3.1/hadoop-yarn-api-3.3.1.jar:/home/runner/.m2/repository/com/sun/jersey/jersey-client/1.19/jersey-client-1.19.jar:/home/runner/.m2/repository/com/sun/jersey/contribs/jersey-guice/1.19/jersey-guice-1.19.jar:/home/runner/.m2/repository/com/fasterxml/jackson/jaxrs/jackson-jaxrs-json-provider/2.12.1/jackson-jaxrs-json-provider-2.12.1.jar:/home/runner/.m2/repository/com/fasterxml/jackson/jaxrs/jackson-jaxrs-base/2.12.1/jackson-jaxrs-base-2.12.1.jar:/home/runner/.m2/repository/org/apache/hadoop/hadoop-yarn-client/3.3.1/hadoop-yarn-client-3.3.1.jar:/home/runner/.m2/repository/org/eclipse/jetty/websocket/websocket-client/9.4.40.v20210413/websocket-client-9.4.40.v20210413.jar:/home/runner/.m2/repository/org/eclipse/jetty/jetty-client/9.4.40.v20210413/jetty-client-9.4.40.v20210413.jar:/home/runner/.m2/repository/org/eclipse/jetty/websocket/websocket-common/9.4.40.v20210413/websocket-common-9.4.40.v20210413.jar:/home/runner/.m2/repository/org/eclipse/jetty/websocket/websocket-api/9.4.40.v20210413/websocket-api-9.4.40.v20210413.jar:/home/runner/.m2/repository/org/jline/jline/3.9.0/jline-3.9.0.jar:/home/runner/.m2/repository/org/apache/hadoop/hadoop-mapreduce-client-core/3.3.1/hadoop-mapreduce-client-core-3.3.1.jar:/home/runner/.m2/repository/org/apache/avro/avro/1.7.7/avro-1.7.7.jar:/home/runner/.m2/repository/org/codehaus/jackson/jackson-core-asl/1.9.13/jackson-core-asl-1.9.13.jar:/home/runner/.m2/repository/org/codehaus/jackson/jackson-mapper-asl/1.9.13/jackson-mapper-asl-1.9.13.jar:/home/runner/.m2/repository/com/thoughtworks/paranamer/paranamer/2.3/paranamer-2.3.jar:/home/runner/.m2/repository/org/apache/hadoop/hadoop-annotations/3.3.1/hadoop-annotations-3.3.1.jar:/usr/lib/jvm/adoptopenjdk-8-hotspot-amd64/jre/../lib/tools.jar:/home/runner/.m2/repository/org/apache/hadoop/hadoop-distcp/3.3.1/hadoop-distcp-3.3.1-tests.jar:/home/runner/.m2/repository/org/apache/ratis/ratis-common/2.2.0/ratis-common-2.2.0.jar:/home/runner/.m2/repository/org/apache/ratis/ratis-thirdparty-misc/0.7.0/ratis-thirdparty-misc-0.7.0.jar:/home/runner/.m2/repository/org/apache/ratis/ratis-proto/2.2.0/ratis-proto-2.2.0.jar:"/>
    <property name="java.vm.vendor" value="AdoptOpenJDK"/>
    <property name="sun.arch.data.model" value="64"/>
    <property name="test.build.dir" value="/home/runner/work/ozone/ozone/hadoop-ozone/integration-test/target/test-dir"/>
    <property name="test.cache.data" value=""/>
    <property name="java.vendor.url" value="https://adoptopenjdk.net/"/>
    <property name="user.timezone" value=""/>
    <property name="java.vm.specification.version" value="1.8"/>
    <property name="os.name" value="Linux"/>
    <property name="test.build.data" value="/home/runner/work/ozone/ozone/hadoop-ozone/integration-test/target/test-dir"/>
    <property name="sun.java.launcher" value="SUN_STANDARD"/>
    <property name="sun.boot.library.path" value="/usr/lib/jvm/adoptopenjdk-8-hotspot-amd64/jre/lib/amd64"/>
    <property name="sun.java.command" value="/home/runner/work/ozone/ozone/hadoop-ozone/integration-test/target/surefire/surefirebooter7326638498253835246.jar /home/runner/work/ozone/ozone/hadoop-ozone/integration-test/target/surefire 2021-11-29T23-00-23_935-jvmRun1 surefire3593402376469085795tmp surefire_64792882130192634722tmp"/>
    <property name="surefire.test.class.path" value="/home/runner/work/ozone/ozone/hadoop-ozone/integration-test/target/test-classes:/home/runner/work/ozone/ozone/hadoop-ozone/integration-test/target/classes:/home/runner/.m2/repository/org/apache/ozone/ozone-common/1.3.0-SNAPSHOT/ozone-common-1.3.0-SNAPSHOT.jar:/home/runner/.m2/repository/org/apache/commons/commons-compress/1.21/commons-compress-1.21.jar:/home/runner/.m2/repository/org/apache/ozone/hdds-common/1.3.0-SNAPSHOT/hdds-common-1.3.0-SNAPSHOT.jar:/home/runner/.m2/repository/org/apache/ozone/hdds-client/1.3.0-SNAPSHOT/hdds-client-1.3.0-SNAPSHOT.jar:/home/runner/.m2/repository/org/apache/ozone/ozone-interface-client/1.3.0-SNAPSHOT/ozone-interface-client-1.3.0-SNAPSHOT.jar:/home/runner/.m2/repository/org/apache/ozone/hdds-test-utils/1.3.0-SNAPSHOT/hdds-test-utils-1.3.0-SNAPSHOT.jar:/home/runner/.m2/repository/com/google/guava/guava/30.1.1-jre/guava-30.1.1-jre.jar:/home/runner/.m2/repository/com/google/guava/failureaccess/1.0.1/failureaccess-1.0.1.jar:/home/runner/.m2/repository/com/google/guava/listenablefuture/9999.0-empty-to-avoid-conflict-with-guava/listenablefuture-9999.0-empty-to-avoid-conflict-with-guava.jar:/home/runner/.m2/repository/com/google/code/findbugs/jsr305/3.0.0/jsr305-3.0.0.jar:/home/runner/.m2/repository/org/checkerframework/checker-qual/3.8.0/checker-qual-3.8.0.jar:/home/runner/.m2/repository/com/google/errorprone/error_prone_annotations/2.2.0/error_prone_annotations-2.2.0.jar:/home/runner/.m2/repository/com/google/j2objc/j2objc-annotations/1.3/j2objc-annotations-1.3.jar:/home/runner/.m2/repository/commons-io/commons-io/2.11.0/commons-io-2.11.0.jar:/home/runner/.m2/repository/commons-logging/commons-logging/1.2/commons-logging-1.2.jar:/home/runner/.m2/repository/log4j/log4j/1.2.17/log4j-1.2.17.jar:/home/runner/.m2/repository/org/slf4j/slf4j-api/1.7.30/slf4j-api-1.7.30.jar:/home/runner/.m2/repository/org/apache/ozone/hdds-server-scm/1.3.0-SNAPSHOT/hdds-server-scm-1.3.0-SNAPSHOT.jar:/home/runner/.m2/repository/org/apache/ozone/hdds-container-service/1.3.0-SNAPSHOT/hdds-container-service-1.3.0-SNAPSHOT.jar:/home/runner/.m2/repository/org/apache/ozone/hdds-hadoop-dependency-server/1.3.0-SNAPSHOT/hdds-hadoop-dependency-server-1.3.0-SNAPSHOT.jar:/home/runner/.m2/repository/org/apache/hadoop/hadoop-hdfs/3.3.1/hadoop-hdfs-3.3.1.jar:/home/runner/.m2/repository/org/apache/ozone/hdds-server-framework/1.3.0-SNAPSHOT/hdds-server-framework-1.3.0-SNAPSHOT.jar:/home/runner/.m2/repository/org/apache/ozone/hdds-interface-server/1.3.0-SNAPSHOT/hdds-interface-server-1.3.0-SNAPSHOT.jar:/home/runner/.m2/repository/org/eclipse/jetty/jetty-servlet/9.4.43.v20210629/jetty-servlet-9.4.43.v20210629.jar:/home/runner/.m2/repository/org/eclipse/jetty/jetty-security/9.4.43.v20210629/jetty-security-9.4.43.v20210629.jar:/home/runner/.m2/repository/org/rocksdb/rocksdbjni/6.25.3/rocksdbjni-6.25.3.jar:/home/runner/.m2/repository/io/prometheus/simpleclient_dropwizard/0.7.0/simpleclient_dropwizard-0.7.0.jar:/home/runner/.m2/repository/io/prometheus/simpleclient/0.7.0/simpleclient-0.7.0.jar:/home/runner/.m2/repository/io/prometheus/simpleclient_common/0.7.0/simpleclient_common-0.7.0.jar:/home/runner/.m2/repository/com/fasterxml/jackson/datatype/jackson-datatype-jsr310/2.12.1/jackson-datatype-jsr310-2.12.1.jar:/home/runner/.m2/repository/io/dropwizard/metrics/metrics-core/3.2.4/metrics-core-3.2.4.jar:/home/runner/.m2/repository/org/apache/hadoop/hadoop-hdfs-client/3.3.1/hadoop-hdfs-client-3.3.1.jar:/home/runner/.m2/repository/org/bouncycastle/bcprov-jdk15on/1.67/bcprov-jdk15on-1.67.jar:/home/runner/.m2/repository/com/google/protobuf/protobuf-java/2.5.0/protobuf-java-2.5.0.jar:/home/runner/.m2/repository/org/apache/ozone/ozone-manager/1.3.0-SNAPSHOT/ozone-manager-1.3.0-SNAPSHOT.jar:/home/runner/.m2/repository/org/aspectj/aspectjrt/1.9.7/aspectjrt-1.9.7.jar:/home/runner/.m2/repository/org/aspectj/aspectjweaver/1.9.7/aspectjweaver-1.9.7.jar:/home/runner/.m2/repository/org/apache/ozone/hdds-interface-client/1.3.0-SNAPSHOT/hdds-interface-client-1.3.0-SNAPSHOT.jar:/home/runner/.m2/repository/org/apache/hadoop/thirdparty/hadoop-shaded-protobuf_3_7/1.1.1/hadoop-shaded-protobuf_3_7-1.1.1.jar:/home/runner/.m2/repository/org/apache/ozone/ozone-interface-storage/1.3.0-SNAPSHOT/ozone-interface-storage-1.3.0-SNAPSHOT.jar:/home/runner/.m2/repository/org/reflections/reflections/0.9.11/reflections-0.9.11.jar:/home/runner/.m2/repository/org/apache/hadoop/hadoop-minikdc/3.3.1/hadoop-minikdc-3.3.1.jar:/home/runner/.m2/repository/org/apache/kerby/kerb-simplekdc/1.0.1/kerb-simplekdc-1.0.1.jar:/home/runner/.m2/repository/org/apache/kerby/kerb-client/1.0.1/kerb-client-1.0.1.jar:/home/runner/.m2/repository/org/apache/kerby/kerby-config/1.0.1/kerby-config-1.0.1.jar:/home/runner/.m2/repository/org/apache/kerby/kerb-common/1.0.1/kerb-common-1.0.1.jar:/home/runner/.m2/repository/org/apache/kerby/kerb-crypto/1.0.1/kerb-crypto-1.0.1.jar:/home/runner/.m2/repository/org/apache/kerby/kerb-util/1.0.1/kerb-util-1.0.1.jar:/home/runner/.m2/repository/org/apache/kerby/token-provider/1.0.1/token-provider-1.0.1.jar:/home/runner/.m2/repository/org/apache/kerby/kerb-admin/1.0.1/kerb-admin-1.0.1.jar:/home/runner/.m2/repository/org/apache/kerby/kerb-server/1.0.1/kerb-server-1.0.1.jar:/home/runner/.m2/repository/org/apache/kerby/kerb-identity/1.0.1/kerb-identity-1.0.1.jar:/home/runner/.m2/repository/org/apache/kerby/kerby-xdr/1.0.1/kerby-xdr-1.0.1.jar:/home/runner/.m2/repository/org/slf4j/slf4j-log4j12/1.7.30/slf4j-log4j12-1.7.30.jar:/home/runner/.m2/repository/org/apache/ozone/ozone-s3gateway/1.3.0-SNAPSHOT/ozone-s3gateway-1.3.0-SNAPSHOT.jar:/home/runner/.m2/repository/org/javassist/javassist/3.21.0-GA/javassist-3.21.0-GA.jar:/home/runner/.m2/repository/org/jboss/weld/servlet/weld-servlet/2.4.7.Final/weld-servlet-2.4.7.Final.jar:/home/runner/.m2/repository/org/glassfish/jersey/containers/jersey-container-servlet-core/2.33/jersey-container-servlet-core-2.33.jar:/home/runner/.m2/repository/org/glassfish/hk2/external/jakarta.inject/2.6.1/jakarta.inject-2.6.1.jar:/home/runner/.m2/repository/org/glassfish/jersey/core/jersey-common/2.33/jersey-common-2.33.jar:/home/runner/.m2/repository/jakarta/ws/rs/jakarta.ws.rs-api/2.1.6/jakarta.ws.rs-api-2.1.6.jar:/home/runner/.m2/repository/org/glassfish/jersey/ext/cdi/jersey-cdi1x/2.33/jersey-cdi1x-2.33.jar:/home/runner/.m2/repository/org/glassfish/jersey/inject/jersey-hk2/2.33/jersey-hk2-2.33.jar:/home/runner/.m2/repository/org/glassfish/hk2/hk2-locator/2.6.1/hk2-locator-2.6.1.jar:/home/runner/.m2/repository/org/glassfish/jersey/media/jersey-media-jaxb/2.33/jersey-media-jaxb-2.33.jar:/home/runner/.m2/repository/org/glassfish/hk2/osgi-resource-locator/1.0.3/osgi-resource-locator-1.0.3.jar:/home/runner/.m2/repository/org/glassfish/hk2/hk2-api/2.5.0/hk2-api-2.5.0.jar:/home/runner/.m2/repository/org/glassfish/hk2/hk2-utils/2.5.0/hk2-utils-2.5.0.jar:/home/runner/.m2/repository/org/glassfish/hk2/external/aopalliance-repackaged/2.5.0/aopalliance-repackaged-2.5.0.jar:/home/runner/.m2/repository/com/fasterxml/jackson/dataformat/jackson-dataformat-xml/2.12.1/jackson-dataformat-xml-2.12.1.jar:/home/runner/.m2/repository/com/fasterxml/jackson/core/jackson-core/2.12.1/jackson-core-2.12.1.jar:/home/runner/.m2/repository/com/fasterxml/jackson/module/jackson-module-jaxb-annotations/2.12.1/jackson-module-jaxb-annotations-2.12.1.jar:/home/runner/.m2/repository/jakarta/xml/bind/jakarta.xml.bind-api/2.3.2/jakarta.xml.bind-api-2.3.2.jar:/home/runner/.m2/repository/org/codehaus/woodstox/stax2-api/3.1.4/stax2-api-3.1.4.jar:/home/runner/.m2/repository/com/fasterxml/woodstox/woodstox-core/5.0.3/woodstox-core-5.0.3.jar:/home/runner/.m2/repository/javax/enterprise/cdi-api/1.2/cdi-api-1.2.jar:/home/runner/.m2/repository/javax/el/javax.el-api/3.0.0/javax.el-api-3.0.0.jar:/home/runner/.m2/repository/javax/interceptor/javax.interceptor-api/1.2/javax.interceptor-api-1.2.jar:/home/runner/.m2/repository/javax/inject/javax.inject/1/javax.inject-1.jar:/home/runner/.m2/repository/javax/xml/bind/jaxb-api/2.3.0/jaxb-api-2.3.0.jar:/home/runner/.m2/repository/org/glassfish/jaxb/jaxb-runtime/2.3.0.1/jaxb-runtime-2.3.0.1.jar:/home/runner/.m2/repository/org/glassfish/jaxb/jaxb-core/2.3.0.1/jaxb-core-2.3.0.1.jar:/home/runner/.m2/repository/org/glassfish/jaxb/txw2/2.3.0.1/txw2-2.3.0.1.jar:/home/runner/.m2/repository/com/sun/istack/istack-commons-runtime/3.0.5/istack-commons-runtime-3.0.5.jar:/home/runner/.m2/repository/org/jvnet/staxex/stax-ex/1.7.8/stax-ex-1.7.8.jar:/home/runner/.m2/repository/com/sun/xml/fastinfoset/FastInfoset/1.2.13/FastInfoset-1.2.13.jar:/home/runner/.m2/repository/javax/activation/activation/1.1.1/activation-1.1.1.jar:/home/runner/.m2/repository/org/apache/ozone/ozone-csi/1.3.0-SNAPSHOT/ozone-csi-1.3.0-SNAPSHOT.jar:/home/runner/.m2/repository/com/google/protobuf/protobuf-java-util/3.12.0/protobuf-java-util-3.12.0.jar:/home/runner/.m2/repository/com/google/code/gson/gson/2.2.4/gson-2.2.4.jar:/home/runner/.m2/repository/org/apache/ozone/hdds-config/1.3.0-SNAPSHOT/hdds-config-1.3.0-SNAPSHOT.jar:/home/runner/.m2/repository/io/grpc/grpc-netty/1.33.0/grpc-netty-1.33.0.jar:/home/runner/.m2/repository/io/grpc/grpc-core/1.33.0/grpc-core-1.33.0.jar:/home/runner/.m2/repository/com/google/android/annotations/4.1.1.4/annotations-4.1.1.4.jar:/home/runner/.m2/repository/io/netty/netty-codec-http2/4.1.63.Final/netty-codec-http2-4.1.63.Final.jar:/home/runner/.m2/repository/io/netty/netty-codec-http/4.1.63.Final/netty-codec-http-4.1.63.Final.jar:/home/runner/.m2/repository/io/netty/netty-handler-proxy/4.1.63.Final/netty-handler-proxy-4.1.63.Final.jar:/home/runner/.m2/repository/io/netty/netty-codec-socks/4.1.63.Final/netty-codec-socks-4.1.63.Final.jar:/home/runner/.m2/repository/io/perfmark/perfmark-api/0.19.0/perfmark-api-0.19.0.jar:/home/runner/.m2/repository/org/codehaus/mojo/animal-sniffer-annotations/1.18/animal-sniffer-annotations-1.18.jar:/home/runner/.m2/repository/io/netty/netty-transport-native-epoll/4.1.63.Final/netty-transport-native-epoll-4.1.63.Final.jar:/home/runner/.m2/repository/io/netty/netty-common/4.1.63.Final/netty-common-4.1.63.Final.jar:/home/runner/.m2/repository/io/netty/netty-buffer/4.1.63.Final/netty-buffer-4.1.63.Final.jar:/home/runner/.m2/repository/io/netty/netty-transport-native-unix-common/4.1.63.Final/netty-transport-native-unix-common-4.1.63.Final.jar:/home/runner/.m2/repository/io/grpc/grpc-protobuf/1.33.0/grpc-protobuf-1.33.0.jar:/home/runner/.m2/repository/io/grpc/grpc-api/1.33.0/grpc-api-1.33.0.jar:/home/runner/.m2/repository/io/grpc/grpc-context/1.33.0/grpc-context-1.33.0.jar:/home/runner/.m2/repository/com/google/api/grpc/proto-google-common-protos/1.17.0/proto-google-common-protos-1.17.0.jar:/home/runner/.m2/repository/io/grpc/grpc-protobuf-lite/1.33.0/grpc-protobuf-lite-1.33.0.jar:/home/runner/.m2/repository/io/grpc/grpc-stub/1.33.0/grpc-stub-1.33.0.jar:/home/runner/.m2/repository/org/apache/ozone/ozone-recon/1.3.0-SNAPSHOT/ozone-recon-1.3.0-SNAPSHOT.jar:/home/runner/.m2/repository/org/apache/ozone/ozone-reconcodegen/1.3.0-SNAPSHOT/ozone-reconcodegen-1.3.0-SNAPSHOT.jar:/home/runner/.m2/repository/com/google/inject/extensions/guice-multibindings/4.0/guice-multibindings-4.0.jar:/home/runner/.m2/repository/com/google/inject/guice/4.0/guice-4.0.jar:/home/runner/.m2/repository/aopalliance/aopalliance/1.0/aopalliance-1.0.jar:/home/runner/.m2/repository/com/google/inject/extensions/guice-assistedinject/4.0/guice-assistedinject-4.0.jar:/home/runner/.m2/repository/com/google/inject/extensions/guice-servlet/4.0/guice-servlet-4.0.jar:/home/runner/.m2/repository/org/glassfish/jersey/containers/jersey-container-servlet/2.33/jersey-container-servlet-2.33.jar:/home/runner/.m2/repository/org/glassfish/hk2/guice-bridge/2.5.0/guice-bridge-2.5.0.jar:/home/runner/.m2/repository/org/glassfish/jersey/core/jersey-server/2.33/jersey-server-2.33.jar:/home/runner/.m2/repository/org/glassfish/jersey/core/jersey-client/2.33/jersey-client-2.33.jar:/home/runner/.m2/repository/jakarta/annotation/jakarta.annotation-api/1.3.5/jakarta.annotation-api-1.3.5.jar:/home/runner/.m2/repository/jakarta/validation/jakarta.validation-api/2.0.2/jakarta.validation-api-2.0.2.jar:/home/runner/.m2/repository/org/glassfish/jersey/media/jersey-media-json-jackson/2.33/jersey-media-json-jackson-2.33.jar:/home/runner/.m2/repository/org/glassfish/jersey/ext/jersey-entity-filtering/2.33/jersey-entity-filtering-2.33.jar:/home/runner/.m2/repository/org/jooq/jooq/3.11.10/jooq-3.11.10.jar:/home/runner/.m2/repository/org/jooq/jooq-meta/3.11.10/jooq-meta-3.11.10.jar:/home/runner/.m2/repository/org/jooq/jooq-codegen/3.11.10/jooq-codegen-3.11.10.jar:/home/runner/.m2/repository/com/jolbox/bonecp/0.8.0.RELEASE/bonecp-0.8.0.RELEASE.jar:/home/runner/.m2/repository/org/apache/derby/derby/10.14.2.0/derby-10.14.2.0.jar:/home/runner/.m2/repository/org/xerial/sqlite-jdbc/3.25.2/sqlite-jdbc-3.25.2.jar:/home/runner/.m2/repository/org/springframework/spring-jdbc/5.2.18.RELEASE/spring-jdbc-5.2.18.RELEASE.jar:/home/runner/.m2/repository/org/springframework/spring-beans/5.2.18.RELEASE/spring-beans-5.2.18.RELEASE.jar:/home/runner/.m2/repository/org/springframework/spring-core/5.2.18.RELEASE/spring-core-5.2.18.RELEASE.jar:/home/runner/.m2/repository/org/springframework/spring-jcl/5.2.18.RELEASE/spring-jcl-5.2.18.RELEASE.jar:/home/runner/.m2/repository/org/springframework/spring-tx/5.2.18.RELEASE/spring-tx-5.2.18.RELEASE.jar:/home/runner/.m2/repository/org/apache/ozone/ozone-client/1.3.0-SNAPSHOT/ozone-client-1.3.0-SNAPSHOT.jar:/home/runner/.m2/repository/org/apache/ozone/ozone-filesystem/1.3.0-SNAPSHOT/ozone-filesystem-1.3.0-SNAPSHOT.jar:/home/runner/.m2/repository/org/apache/ozone/ozone-filesystem-common/1.3.0-SNAPSHOT/ozone-filesystem-common-1.3.0-SNAPSHOT.jar:/home/runner/.m2/repository/org/apache/ozone/ozone-tools/1.3.0-SNAPSHOT/ozone-tools-1.3.0-SNAPSHOT.jar:/home/runner/.m2/repository/org/apache/ratis/ratis-tools/2.2.0/ratis-tools-2.2.0.jar:/home/runner/.m2/repository/com/amazonaws/aws-java-sdk-core/1.11.1034/aws-java-sdk-core-1.11.1034.jar:/home/runner/.m2/repository/org/apache/httpcomponents/httpclient/4.5.13/httpclient-4.5.13.jar:/home/runner/.m2/repository/org/apache/httpcomponents/httpcore/4.4.13/httpcore-4.4.13.jar:/home/runner/.m2/repository/software/amazon/ion/ion-java/1.0.2/ion-java-1.0.2.jar:/home/runner/.m2/repository/com/fasterxml/jackson/dataformat/jackson-dataformat-cbor/2.12.1/jackson-dataformat-cbor-2.12.1.jar:/home/runner/.m2/repository/joda-time/joda-time/2.8.1/joda-time-2.8.1.jar:/home/runner/.m2/repository/com/amazonaws/aws-java-sdk-s3/1.11.1034/aws-java-sdk-s3-1.11.1034.jar:/home/runner/.m2/repository/com/amazonaws/aws-java-sdk-kms/1.11.1034/aws-java-sdk-kms-1.11.1034.jar:/home/runner/.m2/repository/com/amazonaws/jmespath-java/1.11.1034/jmespath-java-1.11.1034.jar:/home/runner/.m2/repository/org/kohsuke/metainf-services/metainf-services/1.8/metainf-services-1.8.jar:/home/runner/.m2/repository/org/apache/ozone/hdds-tools/1.3.0-SNAPSHOT/hdds-tools-1.3.0-SNAPSHOT.jar:/home/runner/.m2/repository/commons-cli/commons-cli/1.2/commons-cli-1.2.jar:/home/runner/.m2/repository/org/apache/commons/commons-lang3/3.7/commons-lang3-3.7.jar:/home/runner/.m2/repository/org/apache/ozone/ozone-manager/1.3.0-SNAPSHOT/ozone-manager-1.3.0-SNAPSHOT-tests.jar:/home/runner/.m2/repository/org/apache/ozone/hdds-common/1.3.0-SNAPSHOT/hdds-common-1.3.0-SNAPSHOT-tests.jar:/home/runner/.m2/repository/org/apache/ozone/hdds-hadoop-dependency-client/1.3.0-SNAPSHOT/hdds-hadoop-dependency-client-1.3.0-SNAPSHOT.jar:/home/runner/.m2/repository/info/picocli/picocli/4.6.1/picocli-4.6.1.jar:/home/runner/.m2/repository/com/fasterxml/jackson/core/jackson-annotations/2.12.1/jackson-annotations-2.12.1.jar:/home/runner/.m2/repository/javax/annotation/javax.annotation-api/1.2/javax.annotation-api-1.2.jar:/home/runner/.m2/repository/org/apache/ratis/ratis-server/2.2.0/ratis-server-2.2.0.jar:/home/runner/.m2/repository/org/apache/ratis/ratis-client/2.2.0/ratis-client-2.2.0.jar:/home/runner/.m2/repository/org/apache/ratis/ratis-server-api/2.2.0/ratis-server-api-2.2.0.jar:/home/runner/.m2/repository/org/apache/ratis/ratis-metrics/2.2.0/ratis-metrics-2.2.0.jar:/home/runner/.m2/repository/org/apache/ratis/ratis-netty/2.2.0/ratis-netty-2.2.0.jar:/home/runner/.m2/repository/org/apache/ratis/ratis-grpc/2.2.0/ratis-grpc-2.2.0.jar:/home/runner/.m2/repository/org/apache/logging/log4j/log4j-api/2.13.3/log4j-api-2.13.3.jar:/home/runner/.m2/repository/org/apache/logging/log4j/log4j-core/2.13.3/log4j-core-2.13.3.jar:/home/runner/.m2/repository/com/lmax/disruptor/3.4.2/disruptor-3.4.2.jar:/home/runner/.m2/repository/org/apache/commons/commons-pool2/2.6.0/commons-pool2-2.6.0.jar:/home/runner/.m2/repository/org/bouncycastle/bcpkix-jdk15on/1.67/bcpkix-jdk15on-1.67.jar:/home/runner/.m2/repository/commons-validator/commons-validator/1.6/commons-validator-1.6.jar:/home/runner/.m2/repository/commons-beanutils/commons-beanutils/1.9.4/commons-beanutils-1.9.4.jar:/home/runner/.m2/repository/commons-digester/commons-digester/1.8.1/commons-digester-1.8.1.jar:/home/runner/.m2/repository/commons-collections/commons-collections/3.2.2/commons-collections-3.2.2.jar:/home/runner/.m2/repository/io/jaegertracing/jaeger-client/1.6.0/jaeger-client-1.6.0.jar:/home/runner/.m2/repository/io/jaegertracing/jaeger-thrift/1.6.0/jaeger-thrift-1.6.0.jar:/home/runner/.m2/repository/org/apache/thrift/libthrift/0.14.1/libthrift-0.14.1.jar:/home/runner/.m2/repository/com/squareup/okhttp3/okhttp/4.9.0/okhttp-4.9.0.jar:/home/runner/.m2/repository/com/squareup/okio/okio/2.8.0/okio-2.8.0.jar:/home/runner/.m2/repository/io/jaegertracing/jaeger-core/1.6.0/jaeger-core-1.6.0.jar:/home/runner/.m2/repository/io/jaegertracing/jaeger-tracerresolver/1.6.0/jaeger-tracerresolver-1.6.0.jar:/home/runner/.m2/repository/io/opentracing/contrib/opentracing-tracerresolver/0.1.8/opentracing-tracerresolver-0.1.8.jar:/home/runner/.m2/repository/org/jetbrains/kotlin/kotlin-stdlib/1.4.31/kotlin-stdlib-1.4.31.jar:/home/runner/.m2/repository/org/jetbrains/kotlin/kotlin-stdlib-common/1.4.31/kotlin-stdlib-common-1.4.31.jar:/home/runner/.m2/repository/org/jetbrains/annotations/13.0/annotations-13.0.jar:/home/runner/.m2/repository/io/opentracing/opentracing-util/0.33.0/opentracing-util-0.33.0.jar:/home/runner/.m2/repository/io/opentracing/opentracing-api/0.33.0/opentracing-api-0.33.0.jar:/home/runner/.m2/repository/io/opentracing/opentracing-noop/0.33.0/opentracing-noop-0.33.0.jar:/home/runner/.m2/repository/org/yaml/snakeyaml/1.26/snakeyaml-1.26.jar:/home/runner/.m2/repository/org/apache/ozone/hdds-interface-admin/1.3.0-SNAPSHOT/hdds-interface-admin-1.3.0-SNAPSHOT.jar:/home/runner/.m2/repository/junit/junit/4.13.1/junit-4.13.1.jar:/home/runner/.m2/repository/org/hamcrest/hamcrest-core/1.3/hamcrest-core-1.3.jar:/home/runner/.m2/repository/org/junit/jupiter/junit-jupiter-api/5.7.0/junit-jupiter-api-5.7.0.jar:/home/runner/.m2/repository/org/apiguardian/apiguardian-api/1.1.0/apiguardian-api-1.1.0.jar:/home/runner/.m2/repository/org/opentest4j/opentest4j/1.2.0/opentest4j-1.2.0.jar:/home/runner/.m2/repository/org/junit/platform/junit-platform-commons/1.7.0/junit-platform-commons-1.7.0.jar:/home/runner/.m2/repository/org/junit/jupiter/junit-jupiter-engine/5.7.0/junit-jupiter-engine-5.7.0.jar:/home/runner/.m2/repository/org/junit/platform/junit-platform-engine/1.7.0/junit-platform-engine-1.7.0.jar:/home/runner/.m2/repository/org/junit/vintage/junit-vintage-engine/5.7.0/junit-vintage-engine-5.7.0.jar:/home/runner/.m2/repository/org/junit/platform/junit-platform-launcher/1.7.0/junit-platform-launcher-1.7.0.jar:/home/runner/.m2/repository/org/openjdk/jmh/jmh-core/1.19/jmh-core-1.19.jar:/home/runner/.m2/repository/net/sf/jopt-simple/jopt-simple/4.6/jopt-simple-4.6.jar:/home/runner/.m2/repository/org/apache/commons/commons-math3/3.1.1/commons-math3-3.1.1.jar:/home/runner/.m2/repository/org/openjdk/jmh/jmh-generator-annprocess/1.19/jmh-generator-annprocess-1.19.jar:/home/runner/.m2/repository/org/mockito/mockito-core/2.28.2/mockito-core-2.28.2.jar:/home/runner/.m2/repository/net/bytebuddy/byte-buddy/1.9.10/byte-buddy-1.9.10.jar:/home/runner/.m2/repository/net/bytebuddy/byte-buddy-agent/1.9.10/byte-buddy-agent-1.9.10.jar:/home/runner/.m2/repository/org/objenesis/objenesis/1.0/objenesis-1.0.jar:/home/runner/.m2/repository/org/apache/hadoop/hadoop-kms/3.3.1/hadoop-kms-3.3.1.jar:/home/runner/.m2/repository/org/apache/hadoop/hadoop-auth/3.3.1/hadoop-auth-3.3.1.jar:/home/runner/.m2/repository/com/nimbusds/nimbus-jose-jwt/7.9/nimbus-jose-jwt-7.9.jar:/home/runner/.m2/repository/com/github/stephenc/jcip/jcip-annotations/1.0-1/jcip-annotations-1.0-1.jar:/home/runner/.m2/repository/net/minidev/json-smart/2.3.1/json-smart-2.3.1.jar:/home/runner/.m2/repository/net/minidev/accessors-smart/2.3.1/accessors-smart-2.3.1.jar:/home/runner/.m2/repository/org/ow2/asm/asm/5.0.4/asm-5.0.4.jar:/home/runner/.m2/repository/org/apache/zookeeper/zookeeper/3.5.6/zookeeper-3.5.6.jar:/home/runner/.m2/repository/org/apache/zookeeper/zookeeper-jute/3.5.6/zookeeper-jute-3.5.6.jar:/home/runner/.m2/repository/org/apache/yetus/audience-annotations/0.5.0/audience-annotations-0.5.0.jar:/home/runner/.m2/repository/org/apache/curator/curator-framework/4.2.0/curator-framework-4.2.0.jar:/home/runner/.m2/repository/org/apache/hadoop/thirdparty/hadoop-shaded-guava/1.1.1/hadoop-shaded-guava-1.1.1.jar:/home/runner/.m2/repository/com/sun/jersey/jersey-core/1.19/jersey-core-1.19.jar:/home/runner/.m2/repository/javax/ws/rs/jsr311-api/1.1.1/jsr311-api-1.1.1.jar:/home/runner/.m2/repository/com/sun/jersey/jersey-server/1.19/jersey-server-1.19.jar:/home/runner/.m2/repository/javax/servlet/javax.servlet-api/3.1.0/javax.servlet-api-3.1.0.jar:/home/runner/.m2/repository/org/eclipse/jetty/jetty-server/9.4.43.v20210629/jetty-server-9.4.43.v20210629.jar:/home/runner/.m2/repository/org/eclipse/jetty/jetty-http/9.4.43.v20210629/jetty-http-9.4.43.v20210629.jar:/home/runner/.m2/repository/org/eclipse/jetty/jetty-io/9.4.43.v20210629/jetty-io-9.4.43.v20210629.jar:/home/runner/.m2/repository/org/eclipse/jetty/jetty-webapp/9.4.43.v20210629/jetty-webapp-9.4.43.v20210629.jar:/home/runner/.m2/repository/org/eclipse/jetty/jetty-xml/9.4.43.v20210629/jetty-xml-9.4.43.v20210629.jar:/home/runner/.m2/repository/org/apache/hadoop/hadoop-common/3.3.1/hadoop-common-3.3.1.jar:/home/runner/.m2/repository/commons-net/commons-net/3.6/commons-net-3.6.jar:/home/runner/.m2/repository/jakarta/activation/jakarta.activation-api/1.2.1/jakarta.activation-api-1.2.1.jar:/home/runner/.m2/repository/com/sun/jersey/jersey-servlet/1.19/jersey-servlet-1.19.jar:/home/runner/.m2/repository/com/sun/jersey/jersey-json/1.19/jersey-json-1.19.jar:/home/runner/.m2/repository/org/codehaus/jettison/jettison/1.1/jettison-1.1.jar:/home/runner/.m2/repository/com/sun/xml/bind/jaxb-impl/2.2.3-1/jaxb-impl-2.2.3-1.jar:/home/runner/.m2/repository/org/codehaus/jackson/jackson-jaxrs/1.9.2/jackson-jaxrs-1.9.2.jar:/home/runner/.m2/repository/org/codehaus/jackson/jackson-xc/1.9.2/jackson-xc-1.9.2.jar:/home/runner/.m2/repository/org/apache/commons/commons-configuration2/2.1.1/commons-configuration2-2.1.1.jar:/home/runner/.m2/repository/org/apache/commons/commons-text/1.4/commons-text-1.4.jar:/home/runner/.m2/repository/com/google/re2j/re2j/1.1/re2j-1.1.jar:/home/runner/.m2/repository/com/jcraft/jsch/0.1.54/jsch-0.1.54.jar:/home/runner/.m2/repository/org/apache/curator/curator-client/4.2.0/curator-client-4.2.0.jar:/home/runner/.m2/repository/org/apache/curator/curator-recipes/4.2.0/curator-recipes-4.2.0.jar:/home/runner/.m2/repository/org/apache/kerby/kerb-core/1.0.1/kerb-core-1.0.1.jar:/home/runner/.m2/repository/org/apache/kerby/kerby-pkix/1.0.1/kerby-pkix-1.0.1.jar:/home/runner/.m2/repository/org/apache/kerby/kerby-asn1/1.0.1/kerby-asn1-1.0.1.jar:/home/runner/.m2/repository/org/apache/kerby/kerby-util/1.0.1/kerby-util-1.0.1.jar:/home/runner/.m2/repository/dnsjava/dnsjava/2.1.7/dnsjava-2.1.7.jar:/home/runner/.m2/repository/org/xerial/snappy/snappy-java/1.1.8.2/snappy-java-1.1.8.2.jar:/home/runner/.m2/repository/org/slf4j/jul-to-slf4j/1.7.30/jul-to-slf4j-1.7.30.jar:/home/runner/.m2/repository/org/eclipse/jetty/jetty-util/9.4.43.v20210629/jetty-util-9.4.43.v20210629.jar:/home/runner/.m2/repository/com/fasterxml/jackson/core/jackson-databind/2.12.1/jackson-databind-2.12.1.jar:/home/runner/.m2/repository/org/apache/hadoop/hadoop-kms/3.3.1/hadoop-kms-3.3.1-tests.jar:/home/runner/.m2/repository/org/apache/ozone/hdds-server-scm/1.3.0-SNAPSHOT/hdds-server-scm-1.3.0-SNAPSHOT-tests.jar:/home/runner/.m2/repository/org/apache/ozone/hdds-container-service/1.3.0-SNAPSHOT/hdds-container-service-1.3.0-SNAPSHOT-tests.jar:/home/runner/.m2/repository/commons-codec/commons-codec/1.11/commons-codec-1.11.jar:/home/runner/.m2/repository/io/netty/netty-transport/4.1.63.Final/netty-transport-4.1.63.Final.jar:/home/runner/.m2/repository/io/netty/netty-resolver/4.1.63.Final/netty-resolver-4.1.63.Final.jar:/home/runner/.m2/repository/io/netty/netty-codec/4.1.63.Final/netty-codec-4.1.63.Final.jar:/home/runner/.m2/repository/io/netty/netty-handler/4.1.63.Final/netty-handler-4.1.63.Final.jar:/home/runner/.m2/repository/org/apache/ozone/hdds-hadoop-dependency-test/1.3.0-SNAPSHOT/hdds-hadoop-dependency-test-1.3.0-SNAPSHOT.jar:/home/runner/.m2/repository/org/apache/hadoop/hadoop-common/3.3.1/hadoop-common-3.3.1-tests.jar:/home/runner/.m2/repository/org/assertj/assertj-core/3.12.2/assertj-core-3.12.2.jar:/home/runner/.m2/repository/org/apache/hadoop/hadoop-hdfs/3.3.1/hadoop-hdfs-3.3.1-tests.jar:/home/runner/.m2/repository/org/eclipse/jetty/jetty-util-ajax/9.4.43.v20210629/jetty-util-ajax-9.4.43.v20210629.jar:/home/runner/.m2/repository/commons-daemon/commons-daemon/1.0.13/commons-daemon-1.0.13.jar:/home/runner/.m2/repository/io/netty/netty/3.10.6.Final/netty-3.10.6.Final.jar:/home/runner/.m2/repository/io/netty/netty-all/4.1.63.Final/netty-all-4.1.63.Final.jar:/home/runner/.m2/repository/org/apache/htrace/htrace-core4/4.1.0-incubating/htrace-core4-4.1.0-incubating.jar:/home/runner/.m2/repository/org/fusesource/leveldbjni/leveldbjni-all/1.8/leveldbjni-all-1.8.jar:/home/runner/.m2/repository/org/apache/hadoop/hadoop-distcp/3.3.1/hadoop-distcp-3.3.1.jar:/home/runner/.m2/repository/org/apache/hadoop/hadoop-mapreduce-client-jobclient/3.3.1/hadoop-mapreduce-client-jobclient-3.3.1.jar:/home/runner/.m2/repository/org/apache/hadoop/hadoop-mapreduce-client-common/3.3.1/hadoop-mapreduce-client-common-3.3.1.jar:/home/runner/.m2/repository/org/apache/hadoop/hadoop-yarn-common/3.3.1/hadoop-yarn-common-3.3.1.jar:/home/runner/.m2/repository/org/apache/hadoop/hadoop-yarn-api/3.3.1/hadoop-yarn-api-3.3.1.jar:/home/runner/.m2/repository/com/sun/jersey/jersey-client/1.19/jersey-client-1.19.jar:/home/runner/.m2/repository/com/sun/jersey/contribs/jersey-guice/1.19/jersey-guice-1.19.jar:/home/runner/.m2/repository/com/fasterxml/jackson/jaxrs/jackson-jaxrs-json-provider/2.12.1/jackson-jaxrs-json-provider-2.12.1.jar:/home/runner/.m2/repository/com/fasterxml/jackson/jaxrs/jackson-jaxrs-base/2.12.1/jackson-jaxrs-base-2.12.1.jar:/home/runner/.m2/repository/org/apache/hadoop/hadoop-yarn-client/3.3.1/hadoop-yarn-client-3.3.1.jar:/home/runner/.m2/repository/org/eclipse/jetty/websocket/websocket-client/9.4.40.v20210413/websocket-client-9.4.40.v20210413.jar:/home/runner/.m2/repository/org/eclipse/jetty/jetty-client/9.4.40.v20210413/jetty-client-9.4.40.v20210413.jar:/home/runner/.m2/repository/org/eclipse/jetty/websocket/websocket-common/9.4.40.v20210413/websocket-common-9.4.40.v20210413.jar:/home/runner/.m2/repository/org/eclipse/jetty/websocket/websocket-api/9.4.40.v20210413/websocket-api-9.4.40.v20210413.jar:/home/runner/.m2/repository/org/jline/jline/3.9.0/jline-3.9.0.jar:/home/runner/.m2/repository/org/apache/hadoop/hadoop-mapreduce-client-core/3.3.1/hadoop-mapreduce-client-core-3.3.1.jar:/home/runner/.m2/repository/org/apache/avro/avro/1.7.7/avro-1.7.7.jar:/home/runner/.m2/repository/org/codehaus/jackson/jackson-core-asl/1.9.13/jackson-core-asl-1.9.13.jar:/home/runner/.m2/repository/org/codehaus/jackson/jackson-mapper-asl/1.9.13/jackson-mapper-asl-1.9.13.jar:/home/runner/.m2/repository/com/thoughtworks/paranamer/paranamer/2.3/paranamer-2.3.jar:/home/runner/.m2/repository/org/apache/hadoop/hadoop-annotations/3.3.1/hadoop-annotations-3.3.1.jar:/usr/lib/jvm/adoptopenjdk-8-hotspot-amd64/jre/../lib/tools.jar:/home/runner/.m2/repository/org/apache/hadoop/hadoop-distcp/3.3.1/hadoop-distcp-3.3.1-tests.jar:/home/runner/.m2/repository/org/apache/ratis/ratis-common/2.2.0/ratis-common-2.2.0.jar:/home/runner/.m2/repository/org/apache/ratis/ratis-thirdparty-misc/0.7.0/ratis-thirdparty-misc-0.7.0.jar:/home/runner/.m2/repository/org/apache/ratis/ratis-proto/2.2.0/ratis-proto-2.2.0.jar:"/>
    <property name="sun.cpu.endian" value="little"/>
    <property name="user.home" value="/home/runner"/>
    <property name="user.language" value="en"/>
    <property name="java.specification.vendor" value="Oracle Corporation"/>
    <property name="java.home" value="/usr/lib/jvm/adoptopenjdk-8-hotspot-amd64/jre"/>
    <property name="java.security.krb5.conf" value="/home/runner/work/ozone/ozone/hadoop-ozone/integration-test/target/test-classes/krb5.conf"/>
    <property name="basedir" value="/home/runner/work/ozone/ozone/hadoop-ozone/integration-test"/>
    <property name="file.separator" value="/"/>
    <property name="line.separator" value="&#10;"/>
    <property name="java.vm.specification.vendor" value="Oracle Corporation"/>
    <property name="java.specification.name" value="Java Platform API Specification"/>
    <property name="java.awt.graphicsenv" value="sun.awt.X11GraphicsEnvironment"/>
    <property name="skip.installnpx" value="true"/>
    <property name="surefire.real.class.path" value="/home/runner/work/ozone/ozone/hadoop-ozone/integration-test/target/surefire/surefirebooter7326638498253835246.jar:/home/runner/.m2/repository/org/jacoco/org.jacoco.agent/0.8.5/org.jacoco.agent-0.8.5-runtime.jar"/>
    <property name="hadoop.log.dir" value="/home/runner/work/ozone/ozone/hadoop-ozone/integration-test/target/log"/>
    <property name="sun.boot.class.path" value="/usr/lib/jvm/adoptopenjdk-8-hotspot-amd64/jre/lib/resources.jar:/usr/lib/jvm/adoptopenjdk-8-hotspot-amd64/jre/lib/rt.jar:/usr/lib/jvm/adoptopenjdk-8-hotspot-amd64/jre/lib/sunrsasign.jar:/usr/lib/jvm/adoptopenjdk-8-hotspot-amd64/jre/lib/jsse.jar:/usr/lib/jvm/adoptopenjdk-8-hotspot-amd64/jre/lib/jce.jar:/usr/lib/jvm/adoptopenjdk-8-hotspot-amd64/jre/lib/charsets.jar:/usr/lib/jvm/adoptopenjdk-8-hotspot-amd64/jre/lib/jfr.jar:/usr/lib/jvm/adoptopenjdk-8-hotspot-amd64/jre/classes"/>
    <property name="sun.management.compiler" value="HotSpot 64-Bit Tiered Compilers"/>
    <property name="skip.npx" value="true"/>
    <property name="java.runtime.version" value="1.8.0_292-b10"/>
    <property name="java.net.preferIPv4Stack" value="true"/>
    <property name="user.name" value="runner"/>
    <property name="path.separator" value=":"/>
    <property name="java.security.egd" value="file:///dev/urandom"/>
    <property name="os.version" value="5.4.0-1063-azure"/>
    <property name="java.endorsed.dirs" value="/usr/lib/jvm/adoptopenjdk-8-hotspot-amd64/jre/lib/endorsed"/>
    <property name="java.runtime.name" value="OpenJDK Runtime Environment"/>
    <property name="file.encoding" value="UTF-8"/>
    <property name="java.vm.name" value="OpenJDK 64-Bit Server VM"/>
    <property name="test.build.webapps" value=""/>
    <property name="localRepository" value="/home/runner/.m2/repository"/>
    <property name="java.vendor.url.bug" value="https://github.com/AdoptOpenJDK/openjdk-support/issues"/>
    <property name="java.io.tmpdir" value="/tmp"/>
    <property name="require.test.libhadoop" value=""/>
    <property name="java.version" value="1.8.0_292"/>
    <property name="user.dir" value="/home/runner/work/ozone/ozone/hadoop-ozone/integration-test"/>
    <property name="os.arch" value="amd64"/>
    <property name="java.vm.specification.name" value="Java Virtual Machine Specification"/>
    <property name="test.build.classes" value="/home/runner/work/ozone/ozone/hadoop-ozone/integration-test/target/test-classes"/>
    <property name="java.awt.printerjob" value="sun.print.PSPrinterJob"/>
    <property name="sun.os.patch.level" value="unknown"/>
    <property name="hadoop.tmp.dir" value="/home/runner/work/ozone/ozone/hadoop-ozone/integration-test/target/tmp"/>
    <property name="java.library.path" value="/usr/java/packages/lib/amd64:/usr/lib64:/lib64:/lib:/usr/lib"/>
    <property name="java.vm.info" value="mixed mode"/>
    <property name="java.vendor" value="AdoptOpenJDK"/>
    <property name="java.vm.version" value="25.292-b10"/>
    <property name="java.ext.dirs" value="/usr/lib/jvm/adoptopenjdk-8-hotspot-amd64/jre/lib/ext:/usr/java/packages/lib/ext"/>
    <property name="sun.io.unicode.encoding" value="UnicodeLittle"/>
    <property name="java.class.version" value="52.0"/>
  </properties>
  <testcase name="testNonReplicationReads[0]" classname="org.apache.hadoop.ozone.client.rpc.read.TestKeyInputStream" time="82.13"/>
  <testcase name="readAfterReplicationWithUnbuffering[0]" classname="org.apache.hadoop.ozone.client.rpc.read.TestKeyInputStream" time="63.056"/>
  <testcase name="readAfterReplication[0]" classname="org.apache.hadoop.ozone.client.rpc.read.TestKeyInputStream" time="74.915"/>
  <testcase name="testNonReplicationReads[1]" classname="org.apache.hadoop.ozone.client.rpc.read.TestKeyInputStream" time="160.989"/>
  <testcase name="readAfterReplicationWithUnbuffering[1]" classname="org.apache.hadoop.ozone.client.rpc.read.TestKeyInputStream" time="143.158">
    <error message="Timed out waiting for condition. Thread diagnostics:&#10;Timestamp: 2021-11-29 11:23:26,799&#10;&#10;&quot;pool-721-thread-1&quot;  prio=5 tid=3466 timed_waiting&#10;java.lang.Thread.State: TIMED_WAITING&#10;        at sun.misc.Unsafe.park(Native Method)&#10;        at java.util.concurrent.locks.LockSupport.parkNanos(LockSupport.java:215)&#10;        at java.util.concurrent.locks.AbstractQueuedSynchronizer$ConditionObject.awaitNanos(AbstractQueuedSynchronizer.java:2078)&#10;        at java.util.concurrent.ScheduledThreadPoolExecutor$DelayedWorkQueue.take(ScheduledThreadPoolExecutor.java:1093)&#10;        at java.util.concurrent.ScheduledThreadPoolExecutor$DelayedWorkQueue.take(ScheduledThreadPoolExecutor.java:809)&#10;        at java.util.concurrent.ThreadPoolExecutor.getTask(ThreadPoolExecutor.java:1074)&#10;        at java.util.concurrent.ThreadPoolExecutor.runWorker(ThreadPoolExecutor.java:1134)&#10;        at java.util.concurrent.ThreadPoolExecutor$Worker.run(ThreadPoolExecutor.java:624)&#10;        at java.lang.Thread.run(Thread.java:748)&#10;&quot;EndpointStateMachine task thread for /0.0.0.0:46785 - 0 &quot;  prio=5 tid=2313 in Object.wait()&#10;java.lang.Thread.State: WAITING (on object monitor)&#10;        at sun.misc.Unsafe.park(Native Method)&#10;        at java.util.concurrent.locks.LockSupport.park(LockSupport.java:175)&#10;        at java.util.concurrent.locks.AbstractQueuedSynchronizer$ConditionObject.await(AbstractQueuedSynchronizer.java:2039)&#10;        at java.util.concurrent.LinkedBlockingQueue.take(LinkedBlockingQueue.java:442)&#10;        at java.util.concurrent.ThreadPoolExecutor.getTask(ThreadPoolExecutor.java:1074)&#10;        at java.util.concurrent.ThreadPoolExecutor.runWorker(ThreadPoolExecutor.java:1134)&#10;        at java.util.concurrent.ThreadPoolExecutor$Worker.run(ThreadPoolExecutor.java:624)&#10;        at java.lang.Thread.run(Thread.java:748)&#10;&quot;IPC Server handler 15 on default port 38869&quot; daemon prio=5 tid=3323 timed_waiting&#10;java.lang.Thread.State: TIMED_WAITING&#10;        at sun.misc.Unsafe.park(Native Method)&#10;        at java.util.concurrent.locks.LockSupport.parkNanos(LockSupport.java:215)&#10;        at java.util.concurrent.locks.AbstractQueuedSynchronizer$ConditionObject.awaitNanos(AbstractQueuedSynchronizer.java:2078)&#10;        at java.util.concurrent.LinkedBlockingQueue.poll(LinkedBlockingQueue.java:467)&#10;        at org.apache.hadoop.ipc.CallQueueManager.take(CallQueueManager.java:317)&#10;        at org.apache.hadoop.ipc.Server$Handler.run(Server.java:2932)&#10;&quot;Datanode ReportManager Thread - 1&quot; daemon prio=5 tid=3453 timed_waiting&#10;java.lang.Thread.State: TIMED_WAITING&#10;        at sun.misc.Unsafe.park(Native Method)&#10;        at java.util.concurrent.locks.LockSupport.parkNanos(LockSupport.java:215)&#10;        at java.util.concurrent.locks.AbstractQueuedSynchronizer$ConditionObject.awaitNanos(AbstractQueuedSynchronizer.java:2078)&#10;        at java.util.concurrent.ScheduledThreadPoolExecutor$DelayedWorkQueue.take(ScheduledThreadPoolExecutor.java:1093)&#10;        at java.util.concurrent.ScheduledThreadPoolExecutor$DelayedWorkQueue.take(ScheduledThreadPoolExecutor.java:809)&#10;        at java.util.concurrent.ThreadPoolExecutor.getTask(ThreadPoolExecutor.java:1074)&#10;        at java.util.concurrent.ThreadPoolExecutor.runWorker(ThreadPoolExecutor.java:1134)&#10;        at java.util.concurrent.ThreadPoolExecutor$Worker.run(ThreadPoolExecutor.java:624)&#10;        at java.lang.Thread.run(Thread.java:748)&#10;&quot;CommandWatcher-LeaseManager#LeaseMonitor&quot; daemon prio=5 tid=3287 timed_waiting&#10;java.lang.Thread.State: TIMED_WAITING&#10;        at java.lang.Object.wait(Native Method)&#10;        at org.apache.hadoop.ozone.lease.LeaseManager$LeaseMonitor.run(LeaseManager.java:238)&#10;        at java.lang.Thread.run(Thread.java:748)&#10;&quot;Datanode State Machine Daemon Thread&quot; daemon prio=5 tid=3476 timed_waiting&#10;java.lang.Thread.State: TIMED_WAITING&#10;        at java.lang.Thread.sleep(Native Method)&#10;        at org.apache.hadoop.ozone.container.common.statemachine.DatanodeStateMachine.start(DatanodeStateMachine.java:295)&#10;        at org.apache.hadoop.ozone.container.common.statemachine.DatanodeStateMachine.lambda$startDaemon$0(DatanodeStateMachine.java:468)&#10;        at org.apache.hadoop.ozone.container.common.statemachine.DatanodeStateMachine$$Lambda$575/715438968.run(Unknown Source)&#10;        at java.lang.Thread.run(Thread.java:748)&#10;&quot;pool-645-thread-1&quot;  prio=5 tid=3350 timed_waiting&#10;java.lang.Thread.State: TIMED_WAITING&#10;        at sun.misc.Unsafe.park(Native Method)&#10;        at java.util.concurrent.locks.LockSupport.parkNanos(LockSupport.java:215)&#10;        at java.util.concurrent.locks.AbstractQueuedSynchronizer$ConditionObject.awaitNanos(AbstractQueuedSynchronizer.java:2078)&#10;        at java.util.concurrent.ScheduledThreadPoolExecutor$DelayedWorkQueue.take(ScheduledThreadPoolExecutor.java:1093)&#10;        at java.util.concurrent.ScheduledThreadPoolExecutor$DelayedWorkQueue.take(ScheduledThreadPoolExecutor.java:809)&#10;        at java.util.concurrent.ThreadPoolExecutor.getTask(ThreadPoolExecutor.java:1074)&#10;        at java.util.concurrent.ThreadPoolExecutor.runWorker(ThreadPoolExecutor.java:1134)&#10;        at java.util.concurrent.ThreadPoolExecutor$Worker.run(ThreadPoolExecutor.java:624)&#10;        at java.lang.Thread.run(Thread.java:748)&#10;&quot;qtp1951734534-3494&quot; daemon prio=5 tid=3494 timed_waiting&#10;java.lang.Thread.State: TIMED_WAITING&#10;        at sun.misc.Unsafe.park(Native Method)&#10;        at java.util.concurrent.locks.LockSupport.parkNanos(LockSupport.java:215)&#10;        at java.util.concurrent.locks.AbstractQueuedSynchronizer$ConditionObject.awaitNanos(AbstractQueuedSynchronizer.java:2078)&#10;        at org.eclipse.jetty.util.BlockingArrayQueue.poll(BlockingArrayQueue.java:382)&#10;        at org.eclipse.jetty.util.thread.QueuedThreadPool$Runner.idleJobPoll(QueuedThreadPool.java:974)&#10;        at org.eclipse.jetty.util.thread.QueuedThreadPool$Runner.run(QueuedThreadPool.java:1018)&#10;        at java.lang.Thread.run(Thread.java:748)&#10;&quot;Datanode ReportManager Thread - 2&quot; daemon prio=5 tid=1791 in Object.wait()&#10;java.lang.Thread.State: WAITING (on object monitor)&#10;        at sun.misc.Unsafe.park(Native Method)&#10;        at java.util.concurrent.locks.LockSupport.park(LockSupport.java:175)&#10;        at java.util.concurrent.locks.AbstractQueuedSynchronizer$ConditionObject.await(AbstractQueuedSynchronizer.java:2039)&#10;        at java.util.concurrent.ScheduledThreadPoolExecutor$DelayedWorkQueue.take(ScheduledThreadPoolExecutor.java:1088)&#10;        at java.util.concurrent.ScheduledThreadPoolExecutor$DelayedWorkQueue.take(ScheduledThreadPoolExecutor.java:809)&#10;        at java.util.concurrent.ThreadPoolExecutor.getTask(ThreadPoolExecutor.java:1074)&#10;        at java.util.concurrent.ThreadPoolExecutor.runWorker(ThreadPoolExecutor.java:1134)&#10;        at java.util.concurrent.ThreadPoolExecutor$Worker.run(ThreadPoolExecutor.java:624)&#10;        at java.lang.Thread.run(Thread.java:748)&#10;&quot;qtp115531689-3447&quot; daemon prio=5 tid=3447 timed_waiting&#10;java.lang.Thread.State: TIMED_WAITING&#10;        at sun.misc.Unsafe.park(Native Method)&#10;        at java.util.concurrent.locks.LockSupport.parkNanos(LockSupport.java:215)&#10;        at java.util.concurrent.locks.AbstractQueuedSynchronizer$ConditionObject.awaitNanos(AbstractQueuedSynchronizer.java:2078)&#10;        at org.eclipse.jetty.util.BlockingArrayQueue.poll(BlockingArrayQueue.java:382)&#10;        at org.eclipse.jetty.util.thread.QueuedThreadPool$Runner.idleJobPoll(QueuedThreadPool.java:974)&#10;        at org.eclipse.jetty.util.thread.QueuedThreadPool$Runner.run(QueuedThreadPool.java:1018)&#10;        at java.lang.Thread.run(Thread.java:748)&#10;&quot;org.apache.hadoop.ozone.container.common.statemachine.commandhandler.DeleteBlocksCommandHandler$DeleteCmdWorker@5099ab30&quot; daemon prio=5 tid=1827 runnable&#10;java.lang.Thread.State: RUNNABLE&#10;        at java.lang.Thread.sleep(Native Method)&#10;        at org.apache.hadoop.ozone.container.common.statemachine.commandhandler.DeleteBlocksCommandHandler$DeleteCmdWorker.run(DeleteBlocksCommandHandler.java:175)&#10;        at java.lang.Thread.run(Thread.java:748)&#10;&quot;IPC Server handler 12 on default port 43677&quot; daemon prio=5 tid=3340 timed_waiting&#10;java.lang.Thread.State: TIMED_WAITING&#10;        at sun.misc.Unsafe.park(Native Method)&#10;        at java.util.concurrent.locks.LockSupport.parkNanos(LockSupport.java:215)&#10;        at java.util.concurrent.locks.AbstractQueuedSynchronizer$ConditionObject.awaitNanos(AbstractQueuedSynchronizer.java:2078)&#10;        at java.util.concurrent.LinkedBlockingQueue.poll(LinkedBlockingQueue.java:467)&#10;        at org.apache.hadoop.ipc.CallQueueManager.take(CallQueueManager.java:317)&#10;        at org.apache.hadoop.ipc.Server$Handler.run(Server.java:2932)&#10;&quot;IPC Server idle connection scanner for port 43677&quot; daemon prio=5 tid=3275 timed_waiting&#10;java.lang.Thread.State: TIMED_WAITING&#10;        at java.lang.Object.wait(Native Method)&#10;        at java.util.TimerThread.mainLoop(Timer.java:552)&#10;        at java.util.TimerThread.run(Timer.java:505)&#10;&quot;IPC Server handler 10 on default port 43625&quot; daemon prio=5 tid=3298 timed_waiting&#10;java.lang.Thread.State: TIMED_WAITING&#10;        at sun.misc.Unsafe.park(Native Method)&#10;        at java.util.concurrent.locks.LockSupport.parkNanos(LockSupport.java:215)&#10;        at java.util.concurrent.locks.AbstractQueuedSynchronizer$ConditionObject.awaitNanos(AbstractQueuedSynchronizer.java:2078)&#10;        at java.util.concurrent.LinkedBlockingQueue.poll(LinkedBlockingQueue.java:467)&#10;        at org.apache.hadoop.ipc.CallQueueManager.take(CallQueueManager.java:317)&#10;        at org.apache.hadoop.ipc.Server$Handler.run(Server.java:2932)&#10;&quot;Datanode ReportManager Thread - 0&quot; daemon prio=5 tid=2295 in Object.wait()&#10;java.lang.Thread.State: WAITING (on object monitor)&#10;        at sun.misc.Unsafe.park(Native Method)&#10;        at java.util.concurrent.locks.LockSupport.park(LockSupport.java:175)&#10;        at java.util.concurrent.locks.AbstractQueuedSynchronizer$ConditionObject.await(AbstractQueuedSynchronizer.java:2039)&#10;        at java.util.concurrent.ScheduledThreadPoolExecutor$DelayedWorkQueue.take(ScheduledThreadPoolExecutor.java:1088)&#10;        at java.util.concurrent.ScheduledThreadPoolExecutor$DelayedWorkQueue.take(ScheduledThreadPoolExecutor.java:809)&#10;        at java.util.concurrent.ThreadPoolExecutor.getTask(ThreadPoolExecutor.java:1074)&#10;        at java.util.concurrent.ThreadPoolExecutor.runWorker(ThreadPoolExecutor.java:1134)&#10;        at java.util.concurrent.ThreadPoolExecutor$Worker.run(ThreadPoolExecutor.java:624)&#10;        at java.lang.Thread.run(Thread.java:748)&#10;&quot;9eaa9061-0cbd-4a3d-8091-a973303b955e@group-677DDB1507C0-StateMachineUpdater&quot; daemon prio=5 tid=3564 in Object.wait()&#10;java.lang.Thread.State: WAITING (on object monitor)&#10;        at java.lang.Object.wait(Native Method)&#10;        at java.lang.Object.wait(Object.java:502)&#10;        at org.apache.ratis.server.impl.StateMachineUpdater.waitForCommit(StateMachineUpdater.java:204)&#10;        at org.apache.ratis.server.impl.StateMachineUpdater.run(StateMachineUpdater.java:173)&#10;        at java.lang.Thread.run(Thread.java:748)&#10;&quot;pool-735-thread-1&quot;  prio=5 tid=3582 in Object.wait()&#10;java.lang.Thread.State: WAITING (on object monitor)&#10;        at sun.misc.Unsafe.park(Native Method)&#10;        at java.util.concurrent.locks.LockSupport.park(LockSupport.java:175)&#10;        at java.util.concurrent.locks.AbstractQueuedSynchronizer$ConditionObject.await(AbstractQueuedSynchronizer.java:2039)&#10;        at java.util.concurrent.LinkedBlockingQueue.take(LinkedBlockingQueue.java:442)&#10;        at java.util.concurrent.ThreadPoolExecutor.getTask(ThreadPoolExecutor.java:1074)&#10;        at java.util.concurrent.ThreadPoolExecutor.runWorker(ThreadPoolExecutor.java:1134)&#10;        at java.util.concurrent.ThreadPoolExecutor$Worker.run(ThreadPoolExecutor.java:624)&#10;        at java.lang.Thread.run(Thread.java:748)&#10;&quot;ChunkWriter-0-0&quot; daemon prio=5 tid=3547 in Object.wait()&#10;java.lang.Thread.State: WAITING (on object monitor)&#10;        at sun.misc.Unsafe.park(Native Method)&#10;        at java.util.concurrent.locks.LockSupport.park(LockSupport.java:175)&#10;        at java.util.concurrent.locks.AbstractQueuedSynchronizer$ConditionObject.await(AbstractQueuedSynchronizer.java:2039)&#10;        at java.util.concurrent.LinkedBlockingDeque.takeFirst(LinkedBlockingDeque.java:492)&#10;        at java.util.concurrent.LinkedBlockingDeque.take(LinkedBlockingDeque.java:680)&#10;        at java.util.concurrent.ThreadPoolExecutor.getTask(ThreadPoolExecutor.java:1074)&#10;        at java.util.concurrent.ThreadPoolExecutor.runWorker(ThreadPoolExecutor.java:1134)&#10;        at java.util.concurrent.ThreadPoolExecutor$Worker.run(ThreadPoolExecutor.java:624)&#10;        at java.lang.Thread.run(Thread.java:748)&#10;&quot;Datanode ReportManager Thread - 3&quot; daemon prio=5 tid=205 in Object.wait()&#10;java.lang.Thread.State: WAITING (on object monitor)&#10;        at sun.misc.Unsafe.park(Native Method)&#10;        at java.util.concurrent.locks.LockSupport.park(LockSupport.java:175)&#10;        at java.util.concurrent.locks.AbstractQueuedSynchronizer$ConditionObject.await(AbstractQueuedSynchronizer.java:2039)&#10;        at java.util.concurrent.ScheduledThreadPoolExecutor$DelayedWorkQueue.take(ScheduledThreadPoolExecutor.java:1088)&#10;        at java.util.concurrent.ScheduledThreadPoolExecutor$DelayedWorkQueue.take(ScheduledThreadPoolExecutor.java:809)&#10;        at java.util.concurrent.ThreadPoolExecutor.getTask(ThreadPoolExecutor.java:1074)&#10;        at java.util.concurrent.ThreadPoolExecutor.runWorker(ThreadPoolExecutor.java:1134)&#10;        at java.util.concurrent.ThreadPoolExecutor$Worker.run(ThreadPoolExecutor.java:624)&#10;        at java.lang.Thread.run(Thread.java:748)&#10;&quot;Datanode ReportManager Thread - 3&quot; daemon prio=5 tid=178 in Object.wait()&#10;java.lang.Thread.State: WAITING (on object monitor)&#10;        at sun.misc.Unsafe.park(Native Method)&#10;        at java.util.concurrent.locks.LockSupport.park(LockSupport.java:175)&#10;        at java.util.concurrent.locks.AbstractQueuedSynchronizer$ConditionObject.await(AbstractQueuedSynchronizer.java:2039)&#10;        at java.util.concurrent.ScheduledThreadPoolExecutor$DelayedWorkQueue.take(ScheduledThreadPoolExecutor.java:1088)&#10;        at java.util.concurrent.ScheduledThreadPoolExecutor$DelayedWorkQueue.take(ScheduledThreadPoolExecutor.java:809)&#10;        at java.util.concurrent.ThreadPoolExecutor.getTask(ThreadPoolExecutor.java:1074)&#10;        at java.util.concurrent.ThreadPoolExecutor.runWorker(ThreadPoolExecutor.java:1134)&#10;        at java.util.concurrent.ThreadPoolExecutor$Worker.run(ThreadPoolExecutor.java:624)&#10;        at java.lang.Thread.run(Thread.java:748)&#10;&quot;IPC Server handler 7 on default port 43625&quot; daemon prio=5 tid=3295 timed_waiting&#10;java.lang.Thread.State: TIMED_WAITING&#10;        at sun.misc.Unsafe.park(Native Method)&#10;        at java.util.concurrent.locks.LockSupport.parkNanos(LockSupport.java:215)&#10;        at java.util.concurrent.locks.AbstractQueuedSynchronizer$ConditionObject.awaitNanos(AbstractQueuedSynchronizer.java:2078)&#10;        at java.util.concurrent.LinkedBlockingQueue.poll(LinkedBlockingQueue.java:467)&#10;        at org.apache.hadoop.ipc.CallQueueManager.take(CallQueueManager.java:317)&#10;        at org.apache.hadoop.ipc.Server$Handler.run(Server.java:2932)&#10;&quot;org.apache.ratis.util.JvmPauseMonitor$$Lambda$535/1672973847@5e12013d&quot; daemon prio=5 tid=3535 timed_waiting&#10;java.lang.Thread.State: TIMED_WAITING&#10;        at java.lang.Thread.sleep(Native Method)&#10;        at java.lang.Thread.sleep(Thread.java:340)&#10;        at java.util.concurrent.TimeUnit.sleep(TimeUnit.java:386)&#10;        at org.apache.ratis.util.TimeDuration.sleep(TimeDuration.java:324)&#10;        at org.apache.ratis.util.TimeDuration.sleep(TimeDuration.java:309)&#10;        at org.apache.ratis.util.JvmPauseMonitor.detectPause(JvmPauseMonitor.java:117)&#10;        at org.apache.ratis.util.JvmPauseMonitor.run(JvmPauseMonitor.java:106)&#10;        at org.apache.ratis.util.JvmPauseMonitor$$Lambda$535/1672973847.run(Unknown Source)&#10;        at java.lang.Thread.run(Thread.java:748)&#10;&quot;9eaa9061-0cbd-4a3d-8091-a973303b955e@group-677DDB1507C0-SegmentedRaftLogWorker&quot;  prio=5 tid=3563 timed_waiting&#10;java.lang.Thread.State: TIMED_WAITING&#10;        at sun.misc.Unsafe.park(Native Method)&#10;        at java.util.concurrent.locks.LockSupport.parkNanos(LockSupport.java:215)&#10;        at java.util.concurrent.locks.AbstractQueuedSynchronizer$ConditionObject.awaitNanos(AbstractQueuedSynchronizer.java:2078)&#10;        at org.apache.ratis.util.DataBlockingQueue.poll(DataBlockingQueue.java:137)&#10;        at org.apache.ratis.server.raftlog.segmented.SegmentedRaftLogWorker.run(SegmentedRaftLogWorker.java:292)&#10;        at org.apache.ratis.server.raftlog.segmented.SegmentedRaftLogWorker$$Lambda$471/1580114807.run(Unknown Source)&#10;        at java.lang.Thread.run(Thread.java:748)&#10;&quot;org.apache.ratis.util.JvmPauseMonitor$$Lambda$535/1672973847@17e541f3&quot; daemon prio=5 tid=3526 timed_waiting&#10;java.lang.Thread.State: TIMED_WAITING&#10;        at java.lang.Thread.sleep(Native Method)&#10;        at java.lang.Thread.sleep(Thread.java:340)&#10;        at java.util.concurrent.TimeUnit.sleep(TimeUnit.java:386)&#10;        at org.apache.ratis.util.TimeDuration.sleep(TimeDuration.java:324)&#10;        at org.apache.ratis.util.TimeDuration.sleep(TimeDuration.java:309)&#10;        at org.apache.ratis.util.JvmPauseMonitor.detectPause(JvmPauseMonitor.java:117)&#10;        at org.apache.ratis.util.JvmPauseMonitor.run(JvmPauseMonitor.java:106)&#10;        at org.apache.ratis.util.JvmPauseMonitor$$Lambda$535/1672973847.run(Unknown Source)&#10;        at java.lang.Thread.run(Thread.java:748)&#10;&quot;45f86aeb-e384-4aa9-8d84-a9c74618d31d@group-677DDB1507C0-FollowerState&quot; daemon prio=5 tid=3807 timed_waiting&#10;java.lang.Thread.State: TIMED_WAITING&#10;        at java.lang.Thread.sleep(Native Method)&#10;        at java.lang.Thread.sleep(Thread.java:340)&#10;        at java.util.concurrent.TimeUnit.sleep(TimeUnit.java:386)&#10;        at org.apache.ratis.util.TimeDuration.sleep(TimeDuration.java:324)&#10;        at org.apache.ratis.util.TimeDuration.sleep(TimeDuration.java:309)&#10;        at org.apache.ratis.server.impl.FollowerState.run(FollowerState.java:118)&#10;&quot;org.apache.hadoop.util.JvmPauseMonitor$Monitor@77e97478&quot; daemon prio=5 tid=3433 timed_waiting&#10;java.lang.Thread.State: TIMED_WAITING&#10;        at java.lang.Thread.sleep(Native Method)&#10;        at org.apache.hadoop.util.JvmPauseMonitor$Monitor.run(JvmPauseMonitor.java:192)&#10;        at java.lang.Thread.run(Thread.java:748)&#10;&quot;Datanode ReportManager Thread - 0&quot; daemon prio=5 tid=2209 in Object.wait()&#10;java.lang.Thread.State: WAITING (on object monitor)&#10;        at sun.misc.Unsafe.park(Native Method)&#10;        at java.util.concurrent.locks.LockSupport.park(LockSupport.java:175)&#10;        at java.util.concurrent.locks.AbstractQueuedSynchronizer$ConditionObject.await(AbstractQueuedSynchronizer.java:2039)&#10;        at java.util.concurrent.ScheduledThreadPoolExecutor$DelayedWorkQueue.take(ScheduledThreadPoolExecutor.java:1088)&#10;        at java.util.concurrent.ScheduledThreadPoolExecutor$DelayedWorkQueue.take(ScheduledThreadPoolExecutor.java:809)&#10;        at java.util.concurrent.ThreadPoolExecutor.getTask(ThreadPoolExecutor.java:1074)&#10;        at java.util.concurrent.ThreadPoolExecutor.runWorker(ThreadPoolExecutor.java:1134)&#10;        at java.util.concurrent.ThreadPoolExecutor$Worker.run(ThreadPoolExecutor.java:624)&#10;        at java.lang.Thread.run(Thread.java:748)&#10;&quot;74f41514-20ca-4955-9e3a-cfde988d45f9@group-2750B8C67C55-LeaderStateImpl&quot; daemon prio=5 tid=3603 timed_waiting&#10;java.lang.Thread.State: TIMED_WAITING&#10;        at sun.misc.Unsafe.park(Native Method)&#10;        at java.util.concurrent.locks.LockSupport.parkNanos(LockSupport.java:215)&#10;        at java.util.concurrent.locks.AbstractQueuedSynchronizer$ConditionObject.awaitNanos(AbstractQueuedSynchronizer.java:2078)&#10;        at java.util.concurrent.ArrayBlockingQueue.poll(ArrayBlockingQueue.java:418)&#10;        at org.apache.ratis.server.impl.LeaderStateImpl$EventQueue.poll(LeaderStateImpl.java:156)&#10;        at org.apache.ratis.server.impl.LeaderStateImpl$EventProcessor.run(LeaderStateImpl.java:600)&#10;&quot;IPC Server listener on 0&quot; daemon prio=5 tid=3273 runnable&#10;java.lang.Thread.State: RUNNABLE&#10;        at sun.nio.ch.EPollArrayWrapper.epollWait(Native Method)&#10;        at sun.nio.ch.EPollArrayWrapper.poll(EPollArrayWrapper.java:269)&#10;        at sun.nio.ch.EPollSelectorImpl.doSelect(EPollSelectorImpl.java:93)&#10;        at sun.nio.ch.SelectorImpl.lockAndDoSelect(SelectorImpl.java:86)&#10;        at sun.nio.ch.SelectorImpl.select(SelectorImpl.java:97)&#10;        at sun.nio.ch.SelectorImpl.select(SelectorImpl.java:101)&#10;        at org.apache.hadoop.ipc.Server$Listener.run(Server.java:1350)&#10;&quot;IPC Server handler 8 on default port 43625&quot; daemon prio=5 tid=3296 timed_waiting&#10;java.lang.Thread.State: TIMED_WAITING&#10;        at sun.misc.Unsafe.park(Native Method)&#10;        at java.util.concurrent.locks.LockSupport.parkNanos(LockSupport.java:215)&#10;        at java.util.concurrent.locks.AbstractQueuedSynchronizer$ConditionObject.awaitNanos(AbstractQueuedSynchronizer.java:2078)&#10;        at java.util.concurrent.LinkedBlockingQueue.poll(LinkedBlockingQueue.java:467)&#10;        at org.apache.hadoop.ipc.CallQueueManager.take(CallQueueManager.java:317)&#10;        at org.apache.hadoop.ipc.Server$Handler.run(Server.java:2932)&#10;&quot;Periodic HDDS volume checker&quot; daemon prio=5 tid=3461 timed_waiting&#10;java.lang.Thread.State: TIMED_WAITING&#10;        at sun.misc.Unsafe.park(Native Method)&#10;        at java.util.concurrent.locks.LockSupport.parkNanos(LockSupport.java:215)&#10;        at java.util.concurrent.locks.AbstractQueuedSynchronizer$ConditionObject.awaitNanos(AbstractQueuedSynchronizer.java:2078)&#10;        at java.util.concurrent.ScheduledThreadPoolExecutor$DelayedWorkQueue.take(ScheduledThreadPoolExecutor.java:1093)&#10;        at java.util.concurrent.ScheduledThreadPoolExecutor$DelayedWorkQueue.take(ScheduledThreadPoolExecutor.java:809)&#10;        at java.util.concurrent.ThreadPoolExecutor.getTask(ThreadPoolExecutor.java:1074)&#10;        at java.util.concurrent.ThreadPoolExecutor.runWorker(ThreadPoolExecutor.java:1134)&#10;        at java.util.concurrent.ThreadPoolExecutor$Worker.run(ThreadPoolExecutor.java:624)&#10;        at java.lang.Thread.run(Thread.java:748)&#10;&quot;Datanode State Machine Task Thread - 1&quot;  prio=5 tid=3529 in Object.wait()&#10;java.lang.Thread.State: WAITING (on object monitor)&#10;        at sun.misc.Unsafe.park(Native Method)&#10;        at java.util.concurrent.locks.LockSupport.park(LockSupport.java:175)&#10;        at java.util.concurrent.locks.AbstractQueuedSynchronizer$ConditionObject.await(AbstractQueuedSynchronizer.java:2039)&#10;        at java.util.concurrent.LinkedBlockingQueue.take(LinkedBlockingQueue.java:442)&#10;        at java.util.concurrent.ThreadPoolExecutor.getTask(ThreadPoolExecutor.java:1074)&#10;        at java.util.concurrent.ThreadPoolExecutor.runWorker(ThreadPoolExecutor.java:1134)&#10;        at java.util.concurrent.ThreadPoolExecutor$Worker.run(ThreadPoolExecutor.java:624)&#10;        at java.lang.Thread.run(Thread.java:748)&#10;&quot;Datanode State Machine Daemon Thread&quot; daemon prio=5 tid=3451 timed_waiting&#10;java.lang.Thread.State: TIMED_WAITING&#10;        at java.lang.Thread.sleep(Native Method)&#10;        at org.apache.hadoop.ozone.container.common.statemachine.DatanodeStateMachine.start(DatanodeStateMachine.java:295)&#10;        at org.apache.hadoop.ozone.container.common.statemachine.DatanodeStateMachine.lambda$startDaemon$0(DatanodeStateMachine.java:468)&#10;        at org.apache.hadoop.ozone.container.common.statemachine.DatanodeStateMachine$$Lambda$575/715438968.run(Unknown Source)&#10;        at java.lang.Thread.run(Thread.java:748)&#10;&quot;Datanode ReportManager Thread - 2&quot; daemon prio=5 tid=229 in Object.wait()&#10;java.lang.Thread.State: WAITING (on object monitor)&#10;        at sun.misc.Unsafe.park(Native Method)&#10;        at java.util.concurrent.locks.LockSupport.park(LockSupport.java:175)&#10;        at java.util.concurrent.locks.AbstractQueuedSynchronizer$ConditionObject.await(AbstractQueuedSynchronizer.java:2039)&#10;        at java.util.concurrent.ScheduledThreadPoolExecutor$DelayedWorkQueue.take(ScheduledThreadPoolExecutor.java:1088)&#10;        at java.util.concurrent.ScheduledThreadPoolExecutor$DelayedWorkQueue.take(ScheduledThreadPoolExecutor.java:809)&#10;        at java.util.concurrent.ThreadPoolExecutor.getTask(ThreadPoolExecutor.java:1074)&#10;        at java.util.concurrent.ThreadPoolExecutor.runWorker(ThreadPoolExecutor.java:1134)&#10;        at java.util.concurrent.ThreadPoolExecutor$Worker.run(ThreadPoolExecutor.java:624)&#10;        at java.lang.Thread.run(Thread.java:748)&#10;&quot;EventQueue-ContainerReportForContainerReportHandler&quot; daemon prio=5 tid=3556 in Object.wait()&#10;java.lang.Thread.State: WAITING (on object monitor)&#10;        at sun.misc.Unsafe.park(Native Method)&#10;        at java.util.concurrent.locks.LockSupport.park(LockSupport.java:175)&#10;        at java.util.concurrent.locks.AbstractQueuedSynchronizer$ConditionObject.await(AbstractQueuedSynchronizer.java:2039)&#10;        at java.util.concurrent.LinkedBlockingQueue.take(LinkedBlockingQueue.java:442)&#10;        at java.util.concurrent.ThreadPoolExecutor.getTask(ThreadPoolExecutor.java:1074)&#10;        at java.util.concurrent.ThreadPoolExecutor.runWorker(ThreadPoolExecutor.java:1134)&#10;        at java.util.concurrent.ThreadPoolExecutor$Worker.run(ThreadPoolExecutor.java:624)&#10;        at java.lang.Thread.run(Thread.java:748)&#10;&quot;Datanode ReportManager Thread - 3&quot; daemon prio=5 tid=1852 in Object.wait()&#10;java.lang.Thread.State: WAITING (on object monitor)&#10;        at sun.misc.Unsafe.park(Native Method)&#10;        at java.util.concurrent.locks.LockSupport.park(LockSupport.java:175)&#10;        at java.util.concurrent.locks.AbstractQueuedSynchronizer$ConditionObject.await(AbstractQueuedSynchronizer.java:2039)&#10;        at java.util.concurrent.ScheduledThreadPoolExecutor$DelayedWorkQueue.take(ScheduledThreadPoolExecutor.java:1088)&#10;        at java.util.concurrent.ScheduledThreadPoolExecutor$DelayedWorkQueue.take(ScheduledThreadPoolExecutor.java:809)&#10;        at java.util.concurrent.ThreadPoolExecutor.getTask(ThreadPoolExecutor.java:1074)&#10;        at java.util.concurrent.ThreadPoolExecutor.runWorker(ThreadPoolExecutor.java:1134)&#10;        at java.util.concurrent.ThreadPoolExecutor$Worker.run(ThreadPoolExecutor.java:624)&#10;        at java.lang.Thread.run(Thread.java:748)&#10;&quot;BlockDeletingService#1&quot; daemon prio=5 tid=3553 timed_waiting&#10;java.lang.Thread.State: TIMED_WAITING&#10;        at sun.misc.Unsafe.park(Native Method)&#10;        at java.util.concurrent.locks.LockSupport.parkNanos(LockSupport.java:215)&#10;        at java.util.concurrent.locks.AbstractQueuedSynchronizer$ConditionObject.awaitNanos(AbstractQueuedSynchronizer.java:2078)&#10;        at java.util.concurrent.ScheduledThreadPoolExecutor$DelayedWorkQueue.take(ScheduledThreadPoolExecutor.java:1093)&#10;        at java.util.concurrent.ScheduledThreadPoolExecutor$DelayedWorkQueue.take(ScheduledThreadPoolExecutor.java:809)&#10;        at java.util.concurrent.ThreadPoolExecutor.getTask(ThreadPoolExecutor.java:1074)&#10;        at java.util.concurrent.ThreadPoolExecutor.runWorker(ThreadPoolExecutor.java:1134)&#10;        at java.util.concurrent.ThreadPoolExecutor$Worker.run(ThreadPoolExecutor.java:624)&#10;        at java.lang.Thread.run(Thread.java:748)&#10;&quot;BlockDeletingService#0&quot; daemon prio=5 tid=3527 in Object.wait()&#10;java.lang.Thread.State: WAITING (on object monitor)&#10;        at sun.misc.Unsafe.park(Native Method)&#10;        at java.util.concurrent.locks.LockSupport.park(LockSupport.java:175)&#10;        at java.util.concurrent.locks.AbstractQueuedSynchronizer$ConditionObject.await(AbstractQueuedSynchronizer.java:2039)&#10;        at java.util.concurrent.ScheduledThreadPoolExecutor$DelayedWorkQueue.take(ScheduledThreadPoolExecutor.java:1088)&#10;        at java.util.concurrent.ScheduledThreadPoolExecutor$DelayedWorkQueue.take(ScheduledThreadPoolExecutor.java:809)&#10;        at java.util.concurrent.ThreadPoolExecutor.getTask(ThreadPoolExecutor.java:1074)&#10;        at java.util.concurrent.ThreadPoolExecutor.runWorker(ThreadPoolExecutor.java:1134)&#10;        at java.util.concurrent.ThreadPoolExecutor$Worker.run(ThreadPoolExecutor.java:624)&#10;        at java.lang.Thread.run(Thread.java:748)&#10;&quot;IPC Server listener on 0&quot; daemon prio=5 tid=3365 runnable&#10;java.lang.Thread.State: RUNNABLE&#10;        at sun.nio.ch.EPollArrayWrapper.epollWait(Native Method)&#10;        at sun.nio.ch.EPollArrayWrapper.poll(EPollArrayWrapper.java:269)&#10;        at sun.nio.ch.EPollSelectorImpl.doSelect(EPollSelectorImpl.java:93)&#10;        at sun.nio.ch.SelectorImpl.lockAndDoSelect(SelectorImpl.java:86)&#10;        at sun.nio.ch.SelectorImpl.select(SelectorImpl.java:97)&#10;        at sun.nio.ch.SelectorImpl.select(SelectorImpl.java:101)&#10;        at org.apache.hadoop.ipc.Server$Listener.run(Server.java:1350)&#10;&quot;FullTableCache Cleanup Thread - 0&quot; daemon prio=5 tid=1990 in Object.wait()&#10;java.lang.Thread.State: WAITING (on object monitor)&#10;        at sun.misc.Unsafe.park(Native Method)&#10;        at java.util.concurrent.locks.LockSupport.park(LockSupport.java:175)&#10;        at java.util.concurrent.locks.AbstractQueuedSynchronizer$ConditionObject.await(AbstractQueuedSynchronizer.java:2039)&#10;        at java.util.concurrent.LinkedBlockingQueue.take(LinkedBlockingQueue.java:442)&#10;        at java.util.concurrent.ThreadPoolExecutor.getTask(ThreadPoolExecutor.java:1074)&#10;        at java.util.concurrent.ThreadPoolExecutor.runWorker(ThreadPoolExecutor.java:1134)&#10;        at java.util.concurrent.ThreadPoolExecutor$Worker.run(ThreadPoolExecutor.java:624)&#10;        at java.lang.Thread.run(Thread.java:748)&#10;&quot;qtp1910453219-3420&quot; daemon prio=5 tid=3420 timed_waiting&#10;java.lang.Thread.State: TIMED_WAITING&#10;        at sun.misc.Unsafe.park(Native Method)&#10;        at java.util.concurrent.locks.LockSupport.parkNanos(LockSupport.java:215)&#10;        at java.util.concurrent.locks.AbstractQueuedSynchronizer$ConditionObject.awaitNanos(AbstractQueuedSynchronizer.java:2078)&#10;        at org.eclipse.jetty.util.BlockingArrayQueue.poll(BlockingArrayQueue.java:382)&#10;        at org.eclipse.jetty.util.thread.QueuedThreadPool$Runner.idleJobPoll(QueuedThreadPool.java:974)&#10;        at org.eclipse.jetty.util.thread.QueuedThreadPool$Runner.run(QueuedThreadPool.java:1018)&#10;        at java.lang.Thread.run(Thread.java:748)&#10;&quot;Datanode ReportManager Thread - 4&quot; daemon prio=5 tid=1853 in Object.wait()&#10;java.lang.Thread.State: WAITING (on object monitor)&#10;        at sun.misc.Unsafe.park(Native Method)&#10;        at java.util.concurrent.locks.LockSupport.park(LockSupport.java:175)&#10;        at java.util.concurrent.locks.AbstractQueuedSynchronizer$ConditionObject.await(AbstractQueuedSynchronizer.java:2039)&#10;        at java.util.concurrent.ScheduledThreadPoolExecutor$DelayedWorkQueue.take(ScheduledThreadPoolExecutor.java:1088)&#10;        at java.util.concurrent.ScheduledThreadPoolExecutor$DelayedWorkQueue.take(ScheduledThreadPoolExecutor.java:809)&#10;        at java.util.concurrent.ThreadPoolExecutor.getTask(ThreadPoolExecutor.java:1074)&#10;        at java.util.concurrent.ThreadPoolExecutor.runWorker(ThreadPoolExecutor.java:1134)&#10;        at java.util.concurrent.ThreadPoolExecutor$Worker.run(ThreadPoolExecutor.java:624)&#10;        at java.lang.Thread.run(Thread.java:748)&#10;&quot;IPC Server handler 19 on default port 38869&quot; daemon prio=5 tid=3327 timed_waiting&#10;java.lang.Thread.State: TIMED_WAITING&#10;        at sun.misc.Unsafe.park(Native Method)&#10;        at java.util.concurrent.locks.LockSupport.parkNanos(LockSupport.java:215)&#10;        at java.util.concurrent.locks.AbstractQueuedSynchronizer$ConditionObject.awaitNanos(AbstractQueuedSynchronizer.java:2078)&#10;        at java.util.concurrent.LinkedBlockingQueue.poll(LinkedBlockingQueue.java:467)&#10;        at org.apache.hadoop.ipc.CallQueueManager.take(CallQueueManager.java:317)&#10;        at org.apache.hadoop.ipc.Server$Handler.run(Server.java:2932)&#10;&quot;FullTableCache Cleanup Thread - 0&quot; daemon prio=5 tid=380 in Object.wait()&#10;java.lang.Thread.State: WAITING (on object monitor)&#10;        at sun.misc.Unsafe.park(Native Method)&#10;        at java.util.concurrent.locks.LockSupport.park(LockSupport.java:175)&#10;        at java.util.concurrent.locks.AbstractQueuedSynchronizer$ConditionObject.await(AbstractQueuedSynchronizer.java:2039)&#10;        at java.util.concurrent.LinkedBlockingQueue.take(LinkedBlockingQueue.java:442)&#10;        at java.util.concurrent.ThreadPoolExecutor.getTask(ThreadPoolExecutor.java:1074)&#10;        at java.util.concurrent.ThreadPoolExecutor.runWorker(ThreadPoolExecutor.java:1134)&#10;        at java.util.concurrent.ThreadPoolExecutor$Worker.run(ThreadPoolExecutor.java:624)&#10;        at java.lang.Thread.run(Thread.java:748)&#10;&quot;IPC Server handler 6 on default port 46101&quot; daemon prio=5 tid=3393 timed_waiting&#10;java.lang.Thread.State: TIMED_WAITING&#10;        at sun.misc.Unsafe.park(Native Method)&#10;        at java.util.concurrent.locks.LockSupport.parkNanos(LockSupport.java:215)&#10;        at java.util.concurrent.locks.AbstractQueuedSynchronizer$ConditionObject.awaitNanos(AbstractQueuedSynchronizer.java:2078)&#10;        at java.util.concurrent.LinkedBlockingQueue.poll(LinkedBlockingQueue.java:467)&#10;        at org.apache.hadoop.ipc.CallQueueManager.take(CallQueueManager.java:317)&#10;        at org.apache.hadoop.ipc.Server$Handler.run(Server.java:2932)&#10;&quot;Command processor thread&quot; daemon prio=5 tid=3432 timed_waiting&#10;java.lang.Thread.State: TIMED_WAITING&#10;        at java.lang.Thread.sleep(Native Method)&#10;        at org.apache.hadoop.ozone.container.common.statemachine.DatanodeStateMachine.lambda$initCommandHandlerThread$2(DatanodeStateMachine.java:574)&#10;        at org.apache.hadoop.ozone.container.common.statemachine.DatanodeStateMachine$$Lambda$577/1509945893.run(Unknown Source)&#10;        at java.lang.Thread.run(Thread.java:748)&#10;&quot;Datanode State Machine Task Thread - 0&quot;  prio=5 tid=3434 in Object.wait()&#10;java.lang.Thread.State: WAITING (on object monitor)&#10;        at sun.misc.Unsafe.park(Native Method)&#10;        at java.util.concurrent.locks.LockSupport.park(LockSupport.java:175)&#10;        at java.util.concurrent.locks.AbstractQueuedSynchronizer$ConditionObject.await(AbstractQueuedSynchronizer.java:2039)&#10;        at java.util.concurrent.LinkedBlockingQueue.take(LinkedBlockingQueue.java:442)&#10;        at java.util.concurrent.ThreadPoolExecutor.getTask(ThreadPoolExecutor.java:1074)&#10;        at java.util.concurrent.ThreadPoolExecutor.runWorker(ThreadPoolExecutor.java:1134)&#10;        at java.util.concurrent.ThreadPoolExecutor$Worker.run(ThreadPoolExecutor.java:624)&#10;        at java.lang.Thread.run(Thread.java:748)&#10;&quot;Datanode ReportManager Thread - 4&quot; daemon prio=5 tid=3456 in Object.wait()&#10;java.lang.Thread.State: WAITING (on object monitor)&#10;        at sun.misc.Unsafe.park(Native Method)&#10;        at java.util.concurrent.locks.LockSupport.park(LockSupport.java:175)&#10;        at java.util.concurrent.locks.AbstractQueuedSynchronizer$ConditionObject.await(AbstractQueuedSynchronizer.java:2039)&#10;        at java.util.concurrent.ScheduledThreadPoolExecutor$DelayedWorkQueue.take(ScheduledThreadPoolExecutor.java:1088)&#10;        at java.util.concurrent.ScheduledThreadPoolExecutor$DelayedWorkQueue.take(ScheduledThreadPoolExecutor.java:809)&#10;        at java.util.concurrent.ThreadPoolExecutor.getTask(ThreadPoolExecutor.java:1074)&#10;        at java.util.concurrent.ThreadPoolExecutor.runWorker(ThreadPoolExecutor.java:1134)&#10;        at java.util.concurrent.ThreadPoolExecutor$Worker.run(ThreadPoolExecutor.java:624)&#10;        at java.lang.Thread.run(Thread.java:748)&#10;&quot;IPC Server handler 5 on default port 38869&quot; daemon prio=5 tid=3313 timed_waiting&#10;java.lang.Thread.State: TIMED_WAITING&#10;        at sun.misc.Unsafe.park(Native Method)&#10;        at java.util.concurrent.locks.LockSupport.parkNanos(LockSupport.java:215)&#10;        at java.util.concurrent.locks.AbstractQueuedSynchronizer$ConditionObject.awaitNanos(AbstractQueuedSynchronizer.java:2078)&#10;        at java.util.concurrent.LinkedBlockingQueue.poll(LinkedBlockingQueue.java:467)&#10;        at org.apache.hadoop.ipc.CallQueueManager.take(CallQueueManager.java:317)&#10;        at org.apache.hadoop.ipc.Server$Handler.run(Server.java:2932)&#10;&quot;qtp980429648-3473&quot; daemon prio=5 tid=3473 timed_waiting&#10;java.lang.Thread.State: TIMED_WAITING&#10;        at sun.misc.Unsafe.park(Native Method)&#10;        at java.util.concurrent.locks.LockSupport.parkNanos(LockSupport.java:215)&#10;        at java.util.concurrent.locks.AbstractQueuedSynchronizer$ConditionObject.awaitNanos(AbstractQueuedSynchronizer.java:2078)&#10;        at org.eclipse.jetty.util.BlockingArrayQueue.poll(BlockingArrayQueue.java:382)&#10;        at org.eclipse.jetty.util.thread.QueuedThreadPool$Runner.idleJobPoll(QueuedThreadPool.java:974)&#10;        at org.eclipse.jetty.util.thread.QueuedThreadPool$Runner.run(QueuedThreadPool.java:1018)&#10;        at java.lang.Thread.run(Thread.java:748)&#10;&quot;Datanode ReportManager Thread - 0&quot; daemon prio=5 tid=1814 in Object.wait()&#10;java.lang.Thread.State: WAITING (on object monitor)&#10;        at sun.misc.Unsafe.park(Native Method)&#10;        at java.util.concurrent.locks.LockSupport.park(LockSupport.java:175)&#10;        at java.util.concurrent.locks.AbstractQueuedSynchronizer$ConditionObject.await(AbstractQueuedSynchronizer.java:2039)&#10;        at java.util.concurrent.ScheduledThreadPoolExecutor$DelayedWorkQueue.take(ScheduledThreadPoolExecutor.java:1088)&#10;        at java.util.concurrent.ScheduledThreadPoolExecutor$DelayedWorkQueue.take(ScheduledThreadPoolExecutor.java:809)&#10;        at java.util.concurrent.ThreadPoolExecutor.getTask(ThreadPoolExecutor.java:1074)&#10;        at java.util.concurrent.ThreadPoolExecutor.runWorker(ThreadPoolExecutor.java:1134)&#10;        at java.util.concurrent.ThreadPoolExecutor$Worker.run(ThreadPoolExecutor.java:624)&#10;        at java.lang.Thread.run(Thread.java:748)&#10;&quot;IPC Server handler 0 on default port 46101&quot; daemon prio=5 tid=3387 timed_waiting&#10;java.lang.Thread.State: TIMED_WAITING&#10;        at sun.misc.Unsafe.park(Native Method)&#10;        at java.util.concurrent.locks.LockSupport.parkNanos(LockSupport.java:215)&#10;        at java.util.concurrent.locks.AbstractQueuedSynchronizer$ConditionObject.awaitNanos(AbstractQueuedSynchronizer.java:2078)&#10;        at java.util.concurrent.LinkedBlockingQueue.poll(LinkedBlockingQueue.java:467)&#10;        at org.apache.hadoop.ipc.CallQueueManager.take(CallQueueManager.java:317)&#10;        at org.apache.hadoop.ipc.Server$Handler.run(Server.java:2932)&#10;&quot;qtp115531689-3448&quot; daemon prio=5 tid=3448 timed_waiting&#10;java.lang.Thread.State: TIMED_WAITING&#10;        at sun.misc.Unsafe.park(Native Method)&#10;        at java.util.concurrent.locks.LockSupport.parkNanos(LockSupport.java:215)&#10;        at java.util.concurrent.locks.AbstractQueuedSynchronizer$ConditionObject.awaitNanos(AbstractQueuedSynchronizer.java:2078)&#10;        at org.eclipse.jetty.util.BlockingArrayQueue.poll(BlockingArrayQueue.java:382)&#10;        at org.eclipse.jetty.util.thread.QueuedThreadPool$Runner.idleJobPoll(QueuedThreadPool.java:974)&#10;        at org.eclipse.jetty.util.thread.QueuedThreadPool$Runner.run(QueuedThreadPool.java:1018)&#10;        at java.lang.Thread.run(Thread.java:748)&#10;&quot;EndpointStateMachine task thread for /0.0.0.0:46875 - 0 &quot;  prio=5 tid=1858 in Object.wait()&#10;java.lang.Thread.State: WAITING (on object monitor)&#10;        at sun.misc.Unsafe.park(Native Method)&#10;        at java.util.concurrent.locks.LockSupport.park(LockSupport.java:175)&#10;        at java.util.concurrent.locks.AbstractQueuedSynchronizer$ConditionObject.await(AbstractQueuedSynchronizer.java:2039)&#10;        at java.util.concurrent.LinkedBlockingQueue.take(LinkedBlockingQueue.java:442)&#10;        at java.util.concurrent.ThreadPoolExecutor.getTask(ThreadPoolExecutor.java:1074)&#10;        at java.util.concurrent.ThreadPoolExecutor.runWorker(ThreadPoolExecutor.java:1134)&#10;        at java.util.concurrent.ThreadPoolExecutor$Worker.run(ThreadPoolExecutor.java:624)&#10;        at java.lang.Thread.run(Thread.java:748)&#10;&quot;IPC Server Responder&quot; daemon prio=5 tid=3280 runnable&#10;java.lang.Thread.State: RUNNABLE&#10;        at sun.nio.ch.EPollArrayWrapper.epollWait(Native Method)&#10;        at sun.nio.ch.EPollArrayWrapper.poll(EPollArrayWrapper.java:269)&#10;        at sun.nio.ch.EPollSelectorImpl.doSelect(EPollSelectorImpl.java:93)&#10;        at sun.nio.ch.SelectorImpl.lockAndDoSelect(SelectorImpl.java:86)&#10;        at sun.nio.ch.SelectorImpl.select(SelectorImpl.java:97)&#10;        at org.apache.hadoop.ipc.Server$Responder.doRunLoop(Server.java:1527)&#10;        at org.apache.hadoop.ipc.Server$Responder.run(Server.java:1510)&#10;&quot;Datanode ReportManager Thread - 0&quot; daemon prio=5 tid=1331 in Object.wait()&#10;java.lang.Thread.State: WAITING (on object monitor)&#10;        at sun.misc.Unsafe.park(Native Method)&#10;        at java.util.concurrent.locks.LockSupport.park(LockSupport.java:175)&#10;        at java.util.concurrent.locks.AbstractQueuedSynchronizer$ConditionObject.await(AbstractQueuedSynchronizer.java:2039)&#10;        at java.util.concurrent.ScheduledThreadPoolExecutor$DelayedWorkQueue.take(ScheduledThreadPoolExecutor.java:1088)&#10;        at java.util.concurrent.ScheduledThreadPoolExecutor$DelayedWorkQueue.take(ScheduledThreadPoolExecutor.java:809)&#10;        at java.util.concurrent.ThreadPoolExecutor.getTask(ThreadPoolExecutor.java:1074)&#10;        at java.util.concurrent.ThreadPoolExecutor.runWorker(ThreadPoolExecutor.java:1134)&#10;        at java.util.concurrent.ThreadPoolExecutor$Worker.run(ThreadPoolExecutor.java:624)&#10;        at java.lang.Thread.run(Thread.java:748)&#10;&quot;IPC Server handler 13 on default port 46101&quot; daemon prio=5 tid=3400 timed_waiting&#10;java.lang.Thread.State: TIMED_WAITING&#10;        at sun.misc.Unsafe.park(Native Method)&#10;        at java.util.concurrent.locks.LockSupport.parkNanos(LockSupport.java:215)&#10;        at java.util.concurrent.locks.AbstractQueuedSynchronizer$ConditionObject.awaitNanos(AbstractQueuedSynchronizer.java:2078)&#10;        at java.util.concurrent.LinkedBlockingQueue.poll(LinkedBlockingQueue.java:467)&#10;        at org.apache.hadoop.ipc.CallQueueManager.take(CallQueueManager.java:317)&#10;        at org.apache.hadoop.ipc.Server$Handler.run(Server.java:2932)&#10;&quot;Datanode ReportManager Thread - 1&quot; daemon prio=5 tid=2210 in Object.wait()&#10;java.lang.Thread.State: WAITING (on object monitor)&#10;        at sun.misc.Unsafe.park(Native Method)&#10;        at java.util.concurrent.locks.LockSupport.park(LockSupport.java:175)&#10;        at java.util.concurrent.locks.AbstractQueuedSynchronizer$ConditionObject.await(AbstractQueuedSynchronizer.java:2039)&#10;        at java.util.concurrent.ScheduledThreadPoolExecutor$DelayedWorkQueue.take(ScheduledThreadPoolExecutor.java:1088)&#10;        at java.util.concurrent.ScheduledThreadPoolExecutor$DelayedWorkQueue.take(ScheduledThreadPoolExecutor.java:809)&#10;        at java.util.concurrent.ThreadPoolExecutor.getTask(ThreadPoolExecutor.java:1074)&#10;        at java.util.concurrent.ThreadPoolExecutor.runWorker(ThreadPoolExecutor.java:1134)&#10;        at java.util.concurrent.ThreadPoolExecutor$Worker.run(ThreadPoolExecutor.java:624)&#10;        at java.lang.Thread.run(Thread.java:748)&#10;&quot;Datanode ReportManager Thread - 2&quot; daemon prio=5 tid=1851 in Object.wait()&#10;java.lang.Thread.State: WAITING (on object monitor)&#10;        at sun.misc.Unsafe.park(Native Method)&#10;        at java.util.concurrent.locks.LockSupport.park(LockSupport.java:175)&#10;        at java.util.concurrent.locks.AbstractQueuedSynchronizer$ConditionObject.await(AbstractQueuedSynchronizer.java:2039)&#10;        at java.util.concurrent.ScheduledThreadPoolExecutor$DelayedWorkQueue.take(ScheduledThreadPoolExecutor.java:1088)&#10;        at java.util.concurrent.ScheduledThreadPoolExecutor$DelayedWorkQueue.take(ScheduledThreadPoolExecutor.java:809)&#10;        at java.util.concurrent.ThreadPoolExecutor.getTask(ThreadPoolExecutor.java:1074)&#10;        at java.util.concurrent.ThreadPoolExecutor.runWorker(ThreadPoolExecutor.java:1134)&#10;        at java.util.concurrent.ThreadPoolExecutor$Worker.run(ThreadPoolExecutor.java:624)&#10;        at java.lang.Thread.run(Thread.java:748)&#10;&quot;prometheus&quot; daemon prio=5 tid=3286 in Object.wait()&#10;java.lang.Thread.State: WAITING (on object monitor)&#10;        at java.lang.Object.wait(Native Method)&#10;        at java.lang.Object.wait(Object.java:502)&#10;        at org.apache.hadoop.metrics2.impl.SinkQueue.waitForData(SinkQueue.java:114)&#10;        at org.apache.hadoop.metrics2.impl.SinkQueue.consumeAll(SinkQueue.java:83)&#10;        at org.apache.hadoop.metrics2.impl.MetricsSinkAdapter.publishMetricsFromQueue(MetricsSinkAdapter.java:135)&#10;        at org.apache.hadoop.metrics2.impl.MetricsSinkAdapter$1.run(MetricsSinkAdapter.java:89)&#10;&quot;ChunkWriter-1-0&quot; daemon prio=5 tid=3532 in Object.wait()&#10;java.lang.Thread.State: WAITING (on object monitor)&#10;        at sun.misc.Unsafe.park(Native Method)&#10;        at java.util.concurrent.locks.LockSupport.park(LockSupport.java:175)&#10;        at java.util.concurrent.locks.AbstractQueuedSynchronizer$ConditionObject.await(AbstractQueuedSynchronizer.java:2039)&#10;        at java.util.concurrent.LinkedBlockingDeque.takeFirst(LinkedBlockingDeque.java:492)&#10;        at java.util.concurrent.LinkedBlockingDeque.take(LinkedBlockingDeque.java:680)&#10;        at java.util.concurrent.ThreadPoolExecutor.getTask(ThreadPoolExecutor.java:1074)&#10;        at java.util.concurrent.ThreadPoolExecutor.runWorker(ThreadPoolExecutor.java:1134)&#10;        at java.util.concurrent.ThreadPoolExecutor$Worker.run(ThreadPoolExecutor.java:624)&#10;        at java.lang.Thread.run(Thread.java:748)&#10;&quot;49fe3bb7-2dae-482d-a175-9585c41bacad@group-81B74C2B8187-LeaderStateImpl&quot; daemon prio=5 tid=3601 timed_waiting&#10;java.lang.Thread.State: TIMED_WAITING&#10;        at sun.misc.Unsafe.park(Native Method)&#10;        at java.util.concurrent.locks.LockSupport.parkNanos(LockSupport.java:215)&#10;        at java.util.concurrent.locks.AbstractQueuedSynchronizer$ConditionObject.awaitNanos(AbstractQueuedSynchronizer.java:2078)&#10;        at java.util.concurrent.ArrayBlockingQueue.poll(ArrayBlockingQueue.java:418)&#10;        at org.apache.ratis.server.impl.LeaderStateImpl$EventQueue.poll(LeaderStateImpl.java:156)&#10;        at org.apache.ratis.server.impl.LeaderStateImpl$EventProcessor.run(LeaderStateImpl.java:600)&#10;&quot;IPC Server handler 11 on default port 43677&quot; daemon prio=5 tid=3339 timed_waiting&#10;java.lang.Thread.State: TIMED_WAITING&#10;        at sun.misc.Unsafe.park(Native Method)&#10;        at java.util.concurrent.locks.LockSupport.parkNanos(LockSupport.java:215)&#10;        at java.util.concurrent.locks.AbstractQueuedSynchronizer$ConditionObject.awaitNanos(AbstractQueuedSynchronizer.java:2078)&#10;        at java.util.concurrent.LinkedBlockingQueue.poll(LinkedBlockingQueue.java:467)&#10;        at org.apache.hadoop.ipc.CallQueueManager.take(CallQueueManager.java:317)&#10;        at org.apache.hadoop.ipc.Server$Handler.run(Server.java:2932)&#10;&quot;BlockDeletingService#2&quot; daemon prio=5 tid=3689 in Object.wait()&#10;java.lang.Thread.State: WAITING (on object monitor)&#10;        at sun.misc.Unsafe.park(Native Method)&#10;        at java.util.concurrent.locks.LockSupport.park(LockSupport.java:175)&#10;        at java.util.concurrent.locks.AbstractQueuedSynchronizer$ConditionObject.await(AbstractQueuedSynchronizer.java:2039)&#10;        at java.util.concurrent.ScheduledThreadPoolExecutor$DelayedWorkQueue.take(ScheduledThreadPoolExecutor.java:1088)&#10;        at java.util.concurrent.ScheduledThreadPoolExecutor$DelayedWorkQueue.take(ScheduledThreadPoolExecutor.java:809)&#10;        at java.util.concurrent.ThreadPoolExecutor.getTask(ThreadPoolExecutor.java:1074)&#10;        at java.util.concurrent.ThreadPoolExecutor.runWorker(ThreadPoolExecutor.java:1134)&#10;        at java.util.concurrent.ThreadPoolExecutor$Worker.run(ThreadPoolExecutor.java:624)&#10;        at java.lang.Thread.run(Thread.java:748)&#10;&quot;Datanode ReportManager Thread - 3&quot; daemon prio=5 tid=2263 timed_waiting&#10;java.lang.Thread.State: TIMED_WAITING&#10;        at sun.misc.Unsafe.park(Native Method)&#10;        at java.util.concurrent.locks.LockSupport.parkNanos(LockSupport.java:215)&#10;        at java.util.concurrent.locks.AbstractQueuedSynchronizer$ConditionObject.awaitNanos(AbstractQueuedSynchronizer.java:2078)&#10;        at java.util.concurrent.ScheduledThreadPoolExecutor$DelayedWorkQueue.take(ScheduledThreadPoolExecutor.java:1093)&#10;        at java.util.concurrent.ScheduledThreadPoolExecutor$DelayedWorkQueue.take(ScheduledThreadPoolExecutor.java:809)&#10;        at java.util.concurrent.ThreadPoolExecutor.getTask(ThreadPoolExecutor.java:1074)&#10;        at java.util.concurrent.ThreadPoolExecutor.runWorker(ThreadPoolExecutor.java:1134)&#10;        at java.util.concurrent.ThreadPoolExecutor$Worker.run(ThreadPoolExecutor.java:624)&#10;        at java.lang.Thread.run(Thread.java:748)&#10;&quot;pool-740-thread-1&quot;  prio=5 tid=3491 timed_waiting&#10;java.lang.Thread.State: TIMED_WAITING&#10;        at sun.misc.Unsafe.park(Native Method)&#10;        at java.util.concurrent.locks.LockSupport.parkNanos(LockSupport.java:215)&#10;        at java.util.concurrent.locks.AbstractQueuedSynchronizer$ConditionObject.awaitNanos(AbstractQueuedSynchronizer.java:2078)&#10;        at java.util.concurrent.ScheduledThreadPoolExecutor$DelayedWorkQueue.take(ScheduledThreadPoolExecutor.java:1093)&#10;        at java.util.concurrent.ScheduledThreadPoolExecutor$DelayedWorkQueue.take(ScheduledThreadPoolExecutor.java:809)&#10;        at java.util.concurrent.ThreadPoolExecutor.getTask(ThreadPoolExecutor.java:1074)&#10;        at java.util.concurrent.ThreadPoolExecutor.runWorker(ThreadPoolExecutor.java:1134)&#10;        at java.util.concurrent.ThreadPoolExecutor$Worker.run(ThreadPoolExecutor.java:624)&#10;        at java.lang.Thread.run(Thread.java:748)&#10;&quot;FullTableCache Cleanup Thread - 0&quot; daemon prio=5 tid=2419 in Object.wait()&#10;java.lang.Thread.State: WAITING (on object monitor)&#10;        at sun.misc.Unsafe.park(Native Method)&#10;        at java.util.concurrent.locks.LockSupport.park(LockSupport.java:175)&#10;        at java.util.concurrent.locks.AbstractQueuedSynchronizer$ConditionObject.await(AbstractQueuedSynchronizer.java:2039)&#10;        at java.util.concurrent.LinkedBlockingQueue.take(LinkedBlockingQueue.java:442)&#10;        at java.util.concurrent.ThreadPoolExecutor.getTask(ThreadPoolExecutor.java:1074)&#10;        at java.util.concurrent.ThreadPoolExecutor.runWorker(ThreadPoolExecutor.java:1134)&#10;        at java.util.concurrent.ThreadPoolExecutor$Worker.run(ThreadPoolExecutor.java:624)&#10;        at java.lang.Thread.run(Thread.java:748)&#10;&quot;surefire-forkedjvm-command-thread&quot; daemon prio=5 tid=9 runnable&#10;java.lang.Thread.State: RUNNABLE&#10;        at java.io.FileInputStream.readBytes(Native Method)&#10;        at java.io.FileInputStream.read(FileInputStream.java:255)&#10;        at java.io.BufferedInputStream.fill(BufferedInputStream.java:246)&#10;        at java.io.BufferedInputStream.read(BufferedInputStream.java:265)&#10;        at java.io.DataInputStream.readInt(DataInputStream.java:387)&#10;        at org.apache.maven.surefire.booter.MasterProcessCommand.decode(MasterProcessCommand.java:115)&#10;        at org.apache.maven.surefire.booter.CommandReader$CommandRunnable.run(CommandReader.java:390)&#10;        at java.lang.Thread.run(Thread.java:748)&#10;&quot;BlockDeletingService#1&quot; daemon prio=5 tid=3537 timed_waiting&#10;java.lang.Thread.State: TIMED_WAITING&#10;        at sun.misc.Unsafe.park(Native Method)&#10;        at java.util.concurrent.locks.LockSupport.parkNanos(LockSupport.java:215)&#10;        at java.util.concurrent.locks.AbstractQueuedSynchronizer$ConditionObject.awaitNanos(AbstractQueuedSynchronizer.java:2078)&#10;        at java.util.concurrent.ScheduledThreadPoolExecutor$DelayedWorkQueue.take(ScheduledThreadPoolExecutor.java:1093)&#10;        at java.util.concurrent.ScheduledThreadPoolExecutor$DelayedWorkQueue.take(ScheduledThreadPoolExecutor.java:809)&#10;        at java.util.concurrent.ThreadPoolExecutor.getTask(ThreadPoolExecutor.java:1074)&#10;        at java.util.concurrent.ThreadPoolExecutor.runWorker(ThreadPoolExecutor.java:1134)&#10;        at java.util.concurrent.ThreadPoolExecutor$Worker.run(ThreadPoolExecutor.java:624)&#10;        at java.lang.Thread.run(Thread.java:748)&#10;&quot;qtp980429648-3467&quot; daemon prio=5 tid=3467 runnable&#10;java.lang.Thread.State: RUNNABLE&#10;        at sun.nio.ch.EPollArrayWrapper.epollWait(Native Method)&#10;        at sun.nio.ch.EPollArrayWrapper.poll(EPollArrayWrapper.java:269)&#10;        at sun.nio.ch.EPollSelectorImpl.doSelect(EPollSelectorImpl.java:93)&#10;        at sun.nio.ch.SelectorImpl.lockAndDoSelect(SelectorImpl.java:86)&#10;        at sun.nio.ch.SelectorImpl.select(SelectorImpl.java:97)&#10;        at sun.nio.ch.SelectorImpl.select(SelectorImpl.java:101)&#10;        at org.eclipse.jetty.io.ManagedSelector.nioSelect(ManagedSelector.java:183)&#10;        at org.eclipse.jetty.io.ManagedSelector.select(ManagedSelector.java:190)&#10;        at org.eclipse.jetty.io.ManagedSelector$SelectorProducer.select(ManagedSelector.java:606)&#10;        at org.eclipse.jetty.io.ManagedSelector$SelectorProducer.produce(ManagedSelector.java:543)&#10;        at org.eclipse.jetty.util.thread.strategy.EatWhatYouKill.produceTask(EatWhatYouKill.java:362)&#10;        at org.eclipse.jetty.util.thread.strategy.EatWhatYouKill.doProduce(EatWhatYouKill.java:186)&#10;        at org.eclipse.jetty.util.thread.strategy.EatWhatYouKill.tryProduce(EatWhatYouKill.java:173)&#10;        at org.eclipse.jetty.util.thread.strategy.EatWhatYouKill.produce(EatWhatYouKill.java:137)&#10;        at org.eclipse.jetty.io.ManagedSelector$$Lambda$318/882340409.run(Unknown Source)&#10;        at org.eclipse.jetty.util.thread.QueuedThreadPool.runJob(QueuedThreadPool.java:883)&#10;        at org.eclipse.jetty.util.thread.QueuedThreadPool$Runner.run(QueuedThreadPool.java:1034)&#10;        at java.lang.Thread.run(Thread.java:748)&#10;&quot;IPC Server handler 19 on default port 43677&quot; daemon prio=5 tid=3347 timed_waiting&#10;java.lang.Thread.State: TIMED_WAITING&#10;        at sun.misc.Unsafe.park(Native Method)&#10;        at java.util.concurrent.locks.LockSupport.parkNanos(LockSupport.java:215)&#10;        at java.util.concurrent.locks.AbstractQueuedSynchronizer$ConditionObject.awaitNanos(AbstractQueuedSynchronizer.java:2078)&#10;        at java.util.concurrent.LinkedBlockingQueue.poll(LinkedBlockingQueue.java:467)&#10;        at org.apache.hadoop.ipc.CallQueueManager.take(CallQueueManager.java:317)&#10;        at org.apache.hadoop.ipc.Server$Handler.run(Server.java:2932)&#10;&quot;IPC Server handler 1 on default port 38869&quot; daemon prio=5 tid=3309 timed_waiting&#10;java.lang.Thread.State: TIMED_WAITING&#10;        at sun.misc.Unsafe.park(Native Method)&#10;        at java.util.concurrent.locks.LockSupport.parkNanos(LockSupport.java:215)&#10;        at java.util.concurrent.locks.AbstractQueuedSynchronizer$ConditionObject.awaitNanos(AbstractQueuedSynchronizer.java:2078)&#10;        at java.util.concurrent.LinkedBlockingQueue.poll(LinkedBlockingQueue.java:467)&#10;        at org.apache.hadoop.ipc.CallQueueManager.take(CallQueueManager.java:317)&#10;        at org.apache.hadoop.ipc.Server$Handler.run(Server.java:2932)&#10;&quot;qtp1910453219-3415&quot; daemon prio=5 tid=3415 runnable&#10;java.lang.Thread.State: RUNNABLE&#10;        at sun.nio.ch.EPollArrayWrapper.epollWait(Native Method)&#10;        at sun.nio.ch.EPollArrayWrapper.poll(EPollArrayWrapper.java:269)&#10;        at sun.nio.ch.EPollSelectorImpl.doSelect(EPollSelectorImpl.java:93)&#10;        at sun.nio.ch.SelectorImpl.lockAndDoSelect(SelectorImpl.java:86)&#10;        at sun.nio.ch.SelectorImpl.select(SelectorImpl.java:97)&#10;        at sun.nio.ch.SelectorImpl.select(SelectorImpl.java:101)&#10;        at org.eclipse.jetty.io.ManagedSelector.nioSelect(ManagedSelector.java:183)&#10;        at org.eclipse.jetty.io.ManagedSelector.select(ManagedSelector.java:190)&#10;        at org.eclipse.jetty.io.ManagedSelector$SelectorProducer.select(ManagedSelector.java:606)&#10;        at org.eclipse.jetty.io.ManagedSelector$SelectorProducer.produce(ManagedSelector.java:543)&#10;        at org.eclipse.jetty.util.thread.strategy.EatWhatYouKill.produceTask(EatWhatYouKill.java:362)&#10;        at org.eclipse.jetty.util.thread.strategy.EatWhatYouKill.doProduce(EatWhatYouKill.java:186)&#10;        at org.eclipse.jetty.util.thread.strategy.EatWhatYouKill.tryProduce(EatWhatYouKill.java:173)&#10;        at org.eclipse.jetty.util.thread.strategy.EatWhatYouKill.produce(EatWhatYouKill.java:137)&#10;        at org.eclipse.jetty.io.ManagedSelector$$Lambda$318/882340409.run(Unknown Source)&#10;        at org.eclipse.jetty.util.thread.QueuedThreadPool.runJob(QueuedThreadPool.java:883)&#10;        at org.eclipse.jetty.util.thread.QueuedThreadPool$Runner.run(QueuedThreadPool.java:1034)&#10;        at java.lang.Thread.run(Thread.java:748)&#10;&quot;qtp980429648-3474&quot; daemon prio=5 tid=3474 timed_waiting&#10;java.lang.Thread.State: TIMED_WAITING&#10;        at sun.misc.Unsafe.park(Native Method)&#10;        at java.util.concurrent.locks.LockSupport.parkNanos(LockSupport.java:215)&#10;        at java.util.concurrent.locks.AbstractQueuedSynchronizer$ConditionObject.awaitNanos(AbstractQueuedSynchronizer.java:2078)&#10;        at org.eclipse.jetty.util.BlockingArrayQueue.poll(BlockingArrayQueue.java:382)&#10;        at org.eclipse.jetty.util.thread.QueuedThreadPool$Runner.idleJobPoll(QueuedThreadPool.java:974)&#10;        at org.eclipse.jetty.util.thread.QueuedThreadPool$Runner.run(QueuedThreadPool.java:1018)&#10;        at java.lang.Thread.run(Thread.java:748)&#10;&quot;PartialTableCache Cleanup Thread - 0&quot; daemon prio=5 tid=572 in Object.wait()&#10;java.lang.Thread.State: WAITING (on object monitor)&#10;        at sun.misc.Unsafe.park(Native Method)&#10;        at java.util.concurrent.locks.LockSupport.park(LockSupport.java:175)&#10;        at java.util.concurrent.locks.AbstractQueuedSynchronizer$ConditionObject.await(AbstractQueuedSynchronizer.java:2039)&#10;        at java.util.concurrent.LinkedBlockingQueue.take(LinkedBlockingQueue.java:442)&#10;        at java.util.concurrent.ThreadPoolExecutor.getTask(ThreadPoolExecutor.java:1074)&#10;        at java.util.concurrent.ThreadPoolExecutor.runWorker(ThreadPoolExecutor.java:1134)&#10;        at java.util.concurrent.ThreadPoolExecutor$Worker.run(ThreadPoolExecutor.java:624)&#10;        at java.lang.Thread.run(Thread.java:748)&#10;&quot;EndpointStateMachine task thread for /0.0.0.0:43677 - 0 &quot;  prio=5 tid=3521 in Object.wait()&#10;java.lang.Thread.State: WAITING (on object monitor)&#10;        at sun.misc.Unsafe.park(Native Method)&#10;        at java.util.concurrent.locks.LockSupport.park(LockSupport.java:175)&#10;        at java.util.concurrent.locks.AbstractQueuedSynchronizer$ConditionObject.await(AbstractQueuedSynchronizer.java:2039)&#10;        at java.util.concurrent.LinkedBlockingQueue.take(LinkedBlockingQueue.java:442)&#10;        at java.util.concurrent.ThreadPoolExecutor.getTask(ThreadPoolExecutor.java:1074)&#10;        at java.util.concurrent.ThreadPoolExecutor.runWorker(ThreadPoolExecutor.java:1134)&#10;        at java.util.concurrent.ThreadPoolExecutor$Worker.run(ThreadPoolExecutor.java:624)&#10;        at java.lang.Thread.run(Thread.java:748)&#10;&quot;pool-709-thread-1&quot; daemon prio=5 tid=3463 timed_waiting&#10;java.lang.Thread.State: TIMED_WAITING&#10;        at sun.misc.Unsafe.park(Native Method)&#10;        at java.util.concurrent.locks.LockSupport.parkNanos(LockSupport.java:215)&#10;        at java.util.concurrent.locks.AbstractQueuedSynchronizer$ConditionObject.awaitNanos(AbstractQueuedSynchronizer.java:2078)&#10;        at java.util.concurrent.ScheduledThreadPoolExecutor$DelayedWorkQueue.take(ScheduledThreadPoolExecutor.java:1093)&#10;        at java.util.concurrent.ScheduledThreadPoolExecutor$DelayedWorkQueue.take(ScheduledThreadPoolExecutor.java:809)&#10;        at java.util.concurrent.ThreadPoolExecutor.getTask(ThreadPoolExecutor.java:1074)&#10;        at java.util.concurrent.ThreadPoolExecutor.runWorker(ThreadPoolExecutor.java:1134)&#10;        at java.util.concurrent.ThreadPoolExecutor$Worker.run(ThreadPoolExecutor.java:624)&#10;        at java.lang.Thread.run(Thread.java:748)&#10;&quot;BlockDeletingService#2&quot; daemon prio=5 tid=3691 in Object.wait()&#10;java.lang.Thread.State: WAITING (on object monitor)&#10;        at sun.misc.Unsafe.park(Native Method)&#10;        at java.util.concurrent.locks.LockSupport.park(LockSupport.java:175)&#10;        at java.util.concurrent.locks.AbstractQueuedSynchronizer$ConditionObject.await(AbstractQueuedSynchronizer.java:2039)&#10;        at java.util.concurrent.ScheduledThreadPoolExecutor$DelayedWorkQueue.take(ScheduledThreadPoolExecutor.java:1088)&#10;        at java.util.concurrent.ScheduledThreadPoolExecutor$DelayedWorkQueue.take(ScheduledThreadPoolExecutor.java:809)&#10;        at java.util.concurrent.ThreadPoolExecutor.getTask(ThreadPoolExecutor.java:1074)&#10;        at java.util.concurrent.ThreadPoolExecutor.runWorker(ThreadPoolExecutor.java:1134)&#10;        at java.util.concurrent.ThreadPoolExecutor$Worker.run(ThreadPoolExecutor.java:624)&#10;        at java.lang.Thread.run(Thread.java:748)&#10;&quot;pool-666-thread-1&quot;  prio=5 tid=3377 timed_waiting&#10;java.lang.Thread.State: TIMED_WAITING&#10;        at sun.misc.Unsafe.park(Native Method)&#10;        at java.util.concurrent.locks.LockSupport.parkNanos(LockSupport.java:215)&#10;        at java.util.concurrent.locks.AbstractQueuedSynchronizer$ConditionObject.awaitNanos(AbstractQueuedSynchronizer.java:2078)&#10;        at java.util.concurrent.ScheduledThreadPoolExecutor$DelayedWorkQueue.take(ScheduledThreadPoolExecutor.java:1093)&#10;        at java.util.concurrent.ScheduledThreadPoolExecutor$DelayedWorkQueue.take(ScheduledThreadPoolExecutor.java:809)&#10;        at java.util.concurrent.ThreadPoolExecutor.getTask(ThreadPoolExecutor.java:1074)&#10;        at java.util.concurrent.ThreadPoolExecutor.runWorker(ThreadPoolExecutor.java:1134)&#10;        at java.util.concurrent.ThreadPoolExecutor$Worker.run(ThreadPoolExecutor.java:624)&#10;        at java.lang.Thread.run(Thread.java:748)&#10;&quot;45f86aeb-e384-4aa9-8d84-a9c74618d31d@group-677DDB1507C0-StateMachineUpdater&quot; daemon prio=5 tid=3573 in Object.wait()&#10;java.lang.Thread.State: WAITING (on object monitor)&#10;        at java.lang.Object.wait(Native Method)&#10;        at java.lang.Object.wait(Object.java:502)&#10;        at org.apache.ratis.server.impl.StateMachineUpdater.waitForCommit(StateMachineUpdater.java:204)&#10;        at org.apache.ratis.server.impl.StateMachineUpdater.run(StateMachineUpdater.java:173)&#10;        at java.lang.Thread.run(Thread.java:748)&#10;&quot;IPC Server handler 1 on default port 43677&quot; daemon prio=5 tid=3329 timed_waiting&#10;java.lang.Thread.State: TIMED_WAITING&#10;        at sun.misc.Unsafe.park(Native Method)&#10;        at java.util.concurrent.locks.LockSupport.parkNanos(LockSupport.java:215)&#10;        at java.util.concurrent.locks.AbstractQueuedSynchronizer$ConditionObject.awaitNanos(AbstractQueuedSynchronizer.java:2078)&#10;        at java.util.concurrent.LinkedBlockingQueue.poll(LinkedBlockingQueue.java:467)&#10;        at org.apache.hadoop.ipc.CallQueueManager.take(CallQueueManager.java:317)&#10;        at org.apache.hadoop.ipc.Server$Handler.run(Server.java:2932)&#10;&quot;IPC Server handler 6 on default port 43677&quot; daemon prio=5 tid=3334 timed_waiting&#10;java.lang.Thread.State: TIMED_WAITING&#10;        at sun.misc.Unsafe.park(Native Method)&#10;        at java.util.concurrent.locks.LockSupport.parkNanos(LockSupport.java:215)&#10;        at java.util.concurrent.locks.AbstractQueuedSynchronizer$ConditionObject.awaitNanos(AbstractQueuedSynchronizer.java:2078)&#10;        at java.util.concurrent.LinkedBlockingQueue.poll(LinkedBlockingQueue.java:467)&#10;        at org.apache.hadoop.ipc.CallQueueManager.take(CallQueueManager.java:317)&#10;        at org.apache.hadoop.ipc.Server$Handler.run(Server.java:2932)&#10;&quot;EventQueue-NewNodeForNewNodeHandler&quot; daemon prio=5 tid=3538 in Object.wait()&#10;java.lang.Thread.State: WAITING (on object monitor)&#10;        at sun.misc.Unsafe.park(Native Method)&#10;        at java.util.concurrent.locks.LockSupport.park(LockSupport.java:175)&#10;        at java.util.concurrent.locks.AbstractQueuedSynchronizer$ConditionObject.await(AbstractQueuedSynchronizer.java:2039)&#10;        at java.util.concurrent.LinkedBlockingQueue.take(LinkedBlockingQueue.java:442)&#10;        at java.util.concurrent.ThreadPoolExecutor.getTask(ThreadPoolExecutor.java:1074)&#10;        at java.util.concurrent.ThreadPoolExecutor.runWorker(ThreadPoolExecutor.java:1134)&#10;        at java.util.concurrent.ThreadPoolExecutor$Worker.run(ThreadPoolExecutor.java:624)&#10;        at java.lang.Thread.run(Thread.java:748)&#10;&quot;BlockDeletingService#1&quot; daemon prio=5 tid=3519 in Object.wait()&#10;java.lang.Thread.State: WAITING (on object monitor)&#10;        at sun.misc.Unsafe.park(Native Method)&#10;        at java.util.concurrent.locks.LockSupport.parkNanos(LockSupport.java:215)&#10;        at java.util.concurrent.locks.AbstractQueuedSynchronizer$ConditionObject.awaitNanos(AbstractQueuedSynchronizer.java:2078)&#10;        at java.util.concurrent.ScheduledThreadPoolExecutor$DelayedWorkQueue.take(ScheduledThreadPoolExecutor.java:1093)&#10;        at java.util.concurrent.ScheduledThreadPoolExecutor$DelayedWorkQueue.take(ScheduledThreadPoolExecutor.java:809)&#10;        at java.util.concurrent.ThreadPoolExecutor.getTask(ThreadPoolExecutor.java:1074)&#10;        at java.util.concurrent.ThreadPoolExecutor.runWorker(ThreadPoolExecutor.java:1134)&#10;        at java.util.concurrent.ThreadPoolExecutor$Worker.run(ThreadPoolExecutor.java:624)&#10;        at java.lang.Thread.run(Thread.java:748)&#10;&quot;IPC Server handler 4 on default port 43625&quot; daemon prio=5 tid=3292 timed_waiting&#10;java.lang.Thread.State: TIMED_WAITING&#10;        at sun.misc.Unsafe.park(Native Method)&#10;        at java.util.concurrent.locks.LockSupport.parkNanos(LockSupport.java:215)&#10;        at java.util.concurrent.locks.AbstractQueuedSynchronizer$ConditionObject.awaitNanos(AbstractQueuedSynchronizer.java:2078)&#10;        at java.util.concurrent.LinkedBlockingQueue.poll(LinkedBlockingQueue.java:467)&#10;        at org.apache.hadoop.ipc.CallQueueManager.take(CallQueueManager.java:317)&#10;        at org.apache.hadoop.ipc.Server$Handler.run(Server.java:2932)&#10;&quot;IPC Server handler 9 on default port 46101&quot; daemon prio=5 tid=3396 timed_waiting&#10;java.lang.Thread.State: TIMED_WAITING&#10;        at sun.misc.Unsafe.park(Native Method)&#10;        at java.util.concurrent.locks.LockSupport.parkNanos(LockSupport.java:215)&#10;        at java.util.concurrent.locks.AbstractQueuedSynchronizer$ConditionObject.awaitNanos(AbstractQueuedSynchronizer.java:2078)&#10;        at java.util.concurrent.LinkedBlockingQueue.poll(LinkedBlockingQueue.java:467)&#10;        at org.apache.hadoop.ipc.CallQueueManager.take(CallQueueManager.java:317)&#10;        at org.apache.hadoop.ipc.Server$Handler.run(Server.java:2932)&#10;&quot;IPC Server handler 13 on default port 38869&quot; daemon prio=5 tid=3321 timed_waiting&#10;java.lang.Thread.State: TIMED_WAITING&#10;        at sun.misc.Unsafe.park(Native Method)&#10;        at java.util.concurrent.locks.LockSupport.parkNanos(LockSupport.java:215)&#10;        at java.util.concurrent.locks.AbstractQueuedSynchronizer$ConditionObject.awaitNanos(AbstractQueuedSynchronizer.java:2078)&#10;        at java.util.concurrent.LinkedBlockingQueue.poll(LinkedBlockingQueue.java:467)&#10;        at org.apache.hadoop.ipc.CallQueueManager.take(CallQueueManager.java:317)&#10;        at org.apache.hadoop.ipc.Server$Handler.run(Server.java:2932)&#10;&quot;Session-HouseKeeper-64269fc9-1&quot;  prio=5 tid=3359 timed_waiting&#10;java.lang.Thread.State: TIMED_WAITING&#10;        at sun.misc.Unsafe.park(Native Method)&#10;        at java.util.concurrent.locks.LockSupport.parkNanos(LockSupport.java:215)&#10;        at java.util.concurrent.locks.AbstractQueuedSynchronizer$ConditionObject.awaitNanos(AbstractQueuedSynchronizer.java:2078)&#10;        at java.util.concurrent.ScheduledThreadPoolExecutor$DelayedWorkQueue.take(ScheduledThreadPoolExecutor.java:1093)&#10;        at java.util.concurrent.ScheduledThreadPoolExecutor$DelayedWorkQueue.take(ScheduledThreadPoolExecutor.java:809)&#10;        at java.util.concurrent.ThreadPoolExecutor.getTask(ThreadPoolExecutor.java:1074)&#10;        at java.util.concurrent.ThreadPoolExecutor.runWorker(ThreadPoolExecutor.java:1134)&#10;        at java.util.concurrent.ThreadPoolExecutor$Worker.run(ThreadPoolExecutor.java:624)&#10;        at java.lang.Thread.run(Thread.java:748)&#10;&quot;Datanode ReportManager Thread - 1&quot; daemon prio=5 tid=3478 in Object.wait()&#10;java.lang.Thread.State: WAITING (on object monitor)&#10;        at sun.misc.Unsafe.park(Native Method)&#10;        at java.util.concurrent.locks.LockSupport.park(LockSupport.java:175)&#10;        at java.util.concurrent.locks.AbstractQueuedSynchronizer$ConditionObject.await(AbstractQueuedSynchronizer.java:2039)&#10;        at java.util.concurrent.ScheduledThreadPoolExecutor$DelayedWorkQueue.take(ScheduledThreadPoolExecutor.java:1088)&#10;        at java.util.concurrent.ScheduledThreadPoolExecutor$DelayedWorkQueue.take(ScheduledThreadPoolExecutor.java:809)&#10;        at java.util.concurrent.ThreadPoolExecutor.getTask(ThreadPoolExecutor.java:1074)&#10;        at java.util.concurrent.ThreadPoolExecutor.runWorker(ThreadPoolExecutor.java:1134)&#10;        at java.util.concurrent.ThreadPoolExecutor$Worker.run(ThreadPoolExecutor.java:624)&#10;        at java.lang.Thread.run(Thread.java:748)&#10;&quot;IPC Server handler 7 on default port 46101&quot; daemon prio=5 tid=3394 timed_waiting&#10;java.lang.Thread.State: TIMED_WAITING&#10;        at sun.misc.Unsafe.park(Native Method)&#10;        at java.util.concurrent.locks.LockSupport.parkNanos(LockSupport.java:215)&#10;        at java.util.concurrent.locks.AbstractQueuedSynchronizer$ConditionObject.awaitNanos(AbstractQueuedSynchronizer.java:2078)&#10;        at java.util.concurrent.LinkedBlockingQueue.poll(LinkedBlockingQueue.java:467)&#10;        at org.apache.hadoop.ipc.CallQueueManager.take(CallQueueManager.java:317)&#10;        at org.apache.hadoop.ipc.Server$Handler.run(Server.java:2932)&#10;&quot;qtp243164435-3379-acceptor-0@7b8286cf-ServerConnector@3c0e0a1{HTTP/1.1, (http/1.1)}{0.0.0.0:44869}&quot; daemon prio=3 tid=3379 runnable&#10;java.lang.Thread.State: RUNNABLE&#10;        at sun.nio.ch.ServerSocketChannelImpl.accept0(Native Method)&#10;        at sun.nio.ch.ServerSocketChannelImpl.accept(ServerSocketChannelImpl.java:421)&#10;        at sun.nio.ch.ServerSocketChannelImpl.accept(ServerSocketChannelImpl.java:249)&#10;        at org.eclipse.jetty.server.ServerConnector.accept(ServerConnector.java:388)&#10;        at org.eclipse.jetty.server.AbstractConnector$Acceptor.run(AbstractConnector.java:702)&#10;        at org.eclipse.jetty.util.thread.QueuedThreadPool.runJob(QueuedThreadPool.java:883)&#10;        at org.eclipse.jetty.util.thread.QueuedThreadPool$Runner.run(QueuedThreadPool.java:1034)&#10;        at java.lang.Thread.run(Thread.java:748)&#10;&quot;PartialTableCache Cleanup Thread - 0&quot; daemon prio=5 tid=1550 in Object.wait()&#10;java.lang.Thread.State: WAITING (on object monitor)&#10;        at sun.misc.Unsafe.park(Native Method)&#10;        at java.util.concurrent.locks.LockSupport.park(LockSupport.java:175)&#10;        at java.util.concurrent.locks.AbstractQueuedSynchronizer$ConditionObject.await(AbstractQueuedSynchronizer.java:2039)&#10;        at java.util.concurrent.LinkedBlockingQueue.take(LinkedBlockingQueue.java:442)&#10;        at java.util.concurrent.ThreadPoolExecutor.getTask(ThreadPoolExecutor.java:1074)&#10;        at java.util.concurrent.ThreadPoolExecutor.runWorker(ThreadPoolExecutor.java:1134)&#10;        at java.util.concurrent.ThreadPoolExecutor$Worker.run(ThreadPoolExecutor.java:624)&#10;        at java.lang.Thread.run(Thread.java:748)&#10;&quot;grpc-default-executor-6&quot; daemon prio=5 tid=2643 timed_waiting&#10;java.lang.Thread.State: TIMED_WAITING&#10;        at sun.misc.Unsafe.park(Native Method)&#10;        at java.util.concurrent.locks.LockSupport.parkNanos(LockSupport.java:215)&#10;        at java.util.concurrent.SynchronousQueue$TransferStack.awaitFulfill(SynchronousQueue.java:460)&#10;        at java.util.concurrent.SynchronousQueue$TransferStack.transfer(SynchronousQueue.java:362)&#10;        at java.util.concurrent.SynchronousQueue.poll(SynchronousQueue.java:941)&#10;        at java.util.concurrent.ThreadPoolExecutor.getTask(ThreadPoolExecutor.java:1073)&#10;        at java.util.concurrent.ThreadPoolExecutor.runWorker(ThreadPoolExecutor.java:1134)&#10;        at java.util.concurrent.ThreadPoolExecutor$Worker.run(ThreadPoolExecutor.java:624)&#10;        at java.lang.Thread.run(Thread.java:748)&#10;&quot;pool-716-thread-1&quot;  prio=5 tid=3566 in Object.wait()&#10;java.lang.Thread.State: WAITING (on object monitor)&#10;        at sun.misc.Unsafe.park(Native Method)&#10;        at java.util.concurrent.locks.LockSupport.park(LockSupport.java:175)&#10;        at java.util.concurrent.locks.AbstractQueuedSynchronizer$ConditionObject.await(AbstractQueuedSynchronizer.java:2039)&#10;        at java.util.concurrent.LinkedBlockingQueue.take(LinkedBlockingQueue.java:442)&#10;        at java.util.concurrent.ThreadPoolExecutor.getTask(ThreadPoolExecutor.java:1074)&#10;        at java.util.concurrent.ThreadPoolExecutor.runWorker(ThreadPoolExecutor.java:1134)&#10;        at java.util.concurrent.ThreadPoolExecutor$Worker.run(ThreadPoolExecutor.java:624)&#10;        at java.lang.Thread.run(Thread.java:748)&#10;&quot;Datanode ReportManager Thread - 1&quot; daemon prio=5 tid=1359 in Object.wait()&#10;java.lang.Thread.State: WAITING (on object monitor)&#10;        at sun.misc.Unsafe.park(Native Method)&#10;        at java.util.concurrent.locks.LockSupport.park(LockSupport.java:175)&#10;        at java.util.concurrent.locks.AbstractQueuedSynchronizer$ConditionObject.await(AbstractQueuedSynchronizer.java:2039)&#10;        at java.util.concurrent.ScheduledThreadPoolExecutor$DelayedWorkQueue.take(ScheduledThreadPoolExecutor.java:1088)&#10;        at java.util.concurrent.ScheduledThreadPoolExecutor$DelayedWorkQueue.take(ScheduledThreadPoolExecutor.java:809)&#10;        at java.util.concurrent.ThreadPoolExecutor.getTask(ThreadPoolExecutor.java:1074)&#10;        at java.util.concurrent.ThreadPoolExecutor.runWorker(ThreadPoolExecutor.java:1134)&#10;        at java.util.concurrent.ThreadPoolExecutor$Worker.run(ThreadPoolExecutor.java:624)&#10;        at java.lang.Thread.run(Thread.java:748)&#10;&quot;9eaa9061-0cbd-4a3d-8091-a973303b955e@group-828664CAA80E-SegmentedRaftLogWorker&quot;  prio=5 tid=3559 timed_waiting&#10;java.lang.Thread.State: TIMED_WAITING&#10;        at sun.misc.Unsafe.park(Native Method)&#10;        at java.util.concurrent.locks.LockSupport.parkNanos(LockSupport.java:215)&#10;        at java.util.concurrent.locks.AbstractQueuedSynchronizer$ConditionObject.awaitNanos(AbstractQueuedSynchronizer.java:2078)&#10;        at org.apache.ratis.util.DataBlockingQueue.poll(DataBlockingQueue.java:137)&#10;        at org.apache.ratis.server.raftlog.segmented.SegmentedRaftLogWorker.run(SegmentedRaftLogWorker.java:292)&#10;        at org.apache.ratis.server.raftlog.segmented.SegmentedRaftLogWorker$$Lambda$471/1580114807.run(Unknown Source)&#10;        at java.lang.Thread.run(Thread.java:748)&#10;&quot;org.apache.hadoop.ozone.container.common.statemachine.commandhandler.DeleteBlocksCommandHandler$DeleteCmdWorker@455fedeb&quot; daemon prio=5 tid=215 runnable&#10;java.lang.Thread.State: RUNNABLE&#10;        at java.lang.Thread.sleep(Native Method)&#10;        at org.apache.hadoop.ozone.container.common.statemachine.commandhandler.DeleteBlocksCommandHandler$DeleteCmdWorker.run(DeleteBlocksCommandHandler.java:175)&#10;        at java.lang.Thread.run(Thread.java:748)&#10;&quot;qtp1910453219-3421&quot; daemon prio=5 tid=3421 timed_waiting&#10;java.lang.Thread.State: TIMED_WAITING&#10;        at sun.misc.Unsafe.park(Native Method)&#10;        at java.util.concurrent.locks.LockSupport.parkNanos(LockSupport.java:215)&#10;        at java.util.concurrent.locks.AbstractQueuedSynchronizer$ConditionObject.awaitNanos(AbstractQueuedSynchronizer.java:2078)&#10;        at org.eclipse.jetty.util.BlockingArrayQueue.poll(BlockingArrayQueue.java:382)&#10;        at org.eclipse.jetty.util.thread.QueuedThreadPool$Runner.idleJobPoll(QueuedThreadPool.java:974)&#10;        at org.eclipse.jetty.util.thread.QueuedThreadPool$Runner.run(QueuedThreadPool.java:1018)&#10;        at java.lang.Thread.run(Thread.java:748)&#10;&quot;IPC Server handler 17 on default port 43625&quot; daemon prio=5 tid=3305 timed_waiting&#10;java.lang.Thread.State: TIMED_WAITING&#10;        at sun.misc.Unsafe.park(Native Method)&#10;        at java.util.concurrent.locks.LockSupport.parkNanos(LockSupport.java:215)&#10;        at java.util.concurrent.locks.AbstractQueuedSynchronizer$ConditionObject.awaitNanos(AbstractQueuedSynchronizer.java:2078)&#10;        at java.util.concurrent.LinkedBlockingQueue.poll(LinkedBlockingQueue.java:467)&#10;        at org.apache.hadoop.ipc.CallQueueManager.take(CallQueueManager.java:317)&#10;        at org.apache.hadoop.ipc.Server$Handler.run(Server.java:2932)&#10;&quot;FullTableCache Cleanup Thread - 0&quot; daemon prio=5 tid=1547 in Object.wait()&#10;java.lang.Thread.State: WAITING (on object monitor)&#10;        at sun.misc.Unsafe.park(Native Method)&#10;        at java.util.concurrent.locks.LockSupport.park(LockSupport.java:175)&#10;        at java.util.concurrent.locks.AbstractQueuedSynchronizer$ConditionObject.await(AbstractQueuedSynchronizer.java:2039)&#10;        at java.util.concurrent.LinkedBlockingQueue.take(LinkedBlockingQueue.java:442)&#10;        at java.util.concurrent.ThreadPoolExecutor.getTask(ThreadPoolExecutor.java:1074)&#10;        at java.util.concurrent.ThreadPoolExecutor.runWorker(ThreadPoolExecutor.java:1134)&#10;        at java.util.concurrent.ThreadPoolExecutor$Worker.run(ThreadPoolExecutor.java:624)&#10;        at java.lang.Thread.run(Thread.java:748)&#10;&quot;IPC Server handler 9 on default port 43677&quot; daemon prio=5 tid=3337 timed_waiting&#10;java.lang.Thread.State: TIMED_WAITING&#10;        at sun.misc.Unsafe.park(Native Method)&#10;        at java.util.concurrent.locks.LockSupport.parkNanos(LockSupport.java:215)&#10;        at java.util.concurrent.locks.AbstractQueuedSynchronizer$ConditionObject.awaitNanos(AbstractQueuedSynchronizer.java:2078)&#10;        at java.util.concurrent.LinkedBlockingQueue.poll(LinkedBlockingQueue.java:467)&#10;        at org.apache.hadoop.ipc.CallQueueManager.take(CallQueueManager.java:317)&#10;        at org.apache.hadoop.ipc.Server$Handler.run(Server.java:2932)&#10;&quot;EndpointStateMachine task thread for /0.0.0.0:40677 - 0 &quot;  prio=5 tid=280 in Object.wait()&#10;java.lang.Thread.State: WAITING (on object monitor)&#10;        at sun.misc.Unsafe.park(Native Method)&#10;        at java.util.concurrent.locks.LockSupport.park(LockSupport.java:175)&#10;        at java.util.concurrent.locks.AbstractQueuedSynchronizer$ConditionObject.await(AbstractQueuedSynchronizer.java:2039)&#10;        at java.util.concurrent.LinkedBlockingQueue.take(LinkedBlockingQueue.java:442)&#10;        at java.util.concurrent.ThreadPoolExecutor.getTask(ThreadPoolExecutor.java:1074)&#10;        at java.util.concurrent.ThreadPoolExecutor.runWorker(ThreadPoolExecutor.java:1134)&#10;        at java.util.concurrent.ThreadPoolExecutor$Worker.run(ThreadPoolExecutor.java:624)&#10;        at java.lang.Thread.run(Thread.java:748)&#10;&quot;RatisPipelineUtilsThread - 0&quot;  prio=5 tid=3270 timed_waiting&#10;java.lang.Thread.State: TIMED_WAITING&#10;        at java.lang.Object.wait(Native Method)&#10;        at org.apache.hadoop.hdds.scm.pipeline.BackgroundPipelineCreator.run(BackgroundPipelineCreator.java:183)&#10;        at org.apache.hadoop.hdds.scm.pipeline.BackgroundPipelineCreator$$Lambda$245/1958033795.run(Unknown Source)&#10;        at java.lang.Thread.run(Thread.java:748)&#10;&quot;PartialTableCache Cleanup Thread - 0&quot; daemon prio=5 tid=384 in Object.wait()&#10;java.lang.Thread.State: WAITING (on object monitor)&#10;        at sun.misc.Unsafe.park(Native Method)&#10;        at java.util.concurrent.locks.LockSupport.park(LockSupport.java:175)&#10;        at java.util.concurrent.locks.AbstractQueuedSynchronizer$ConditionObject.await(AbstractQueuedSynchronizer.java:2039)&#10;        at java.util.concurrent.LinkedBlockingQueue.take(LinkedBlockingQueue.java:442)&#10;        at java.util.concurrent.ThreadPoolExecutor.getTask(ThreadPoolExecutor.java:1074)&#10;        at java.util.concurrent.ThreadPoolExecutor.runWorker(ThreadPoolExecutor.java:1134)&#10;        at java.util.concurrent.ThreadPoolExecutor$Worker.run(ThreadPoolExecutor.java:624)&#10;        at java.lang.Thread.run(Thread.java:748)&#10;&quot;org.apache.hadoop.ozone.container.common.statemachine.commandhandler.DeleteBlocksCommandHandler$DeleteCmdWorker@711e1709&quot; daemon prio=5 tid=2196 runnable&#10;java.lang.Thread.State: RUNNABLE&#10;        at java.lang.Thread.sleep(Native Method)&#10;        at org.apache.hadoop.ozone.container.common.statemachine.commandhandler.DeleteBlocksCommandHandler$DeleteCmdWorker.run(DeleteBlocksCommandHandler.java:175)&#10;        at java.lang.Thread.run(Thread.java:748)&#10;&quot;ChunkWriter-3-0&quot; daemon prio=5 tid=3516 in Object.wait()&#10;java.lang.Thread.State: WAITING (on object monitor)&#10;        at sun.misc.Unsafe.park(Native Method)&#10;        at java.util.concurrent.locks.LockSupport.park(LockSupport.java:175)&#10;        at java.util.concurrent.locks.AbstractQueuedSynchronizer$ConditionObject.await(AbstractQueuedSynchronizer.java:2039)&#10;        at java.util.concurrent.LinkedBlockingDeque.takeFirst(LinkedBlockingDeque.java:492)&#10;        at java.util.concurrent.LinkedBlockingDeque.take(LinkedBlockingDeque.java:680)&#10;        at java.util.concurrent.ThreadPoolExecutor.getTask(ThreadPoolExecutor.java:1074)&#10;        at java.util.concurrent.ThreadPoolExecutor.runWorker(ThreadPoolExecutor.java:1134)&#10;        at java.util.concurrent.ThreadPoolExecutor$Worker.run(ThreadPoolExecutor.java:624)&#10;        at java.lang.Thread.run(Thread.java:748)&#10;&quot;IPC Server handler 7 on default port 43677&quot; daemon prio=5 tid=3335 timed_waiting&#10;java.lang.Thread.State: TIMED_WAITING&#10;        at sun.misc.Unsafe.park(Native Method)&#10;        at java.util.concurrent.locks.LockSupport.parkNanos(LockSupport.java:215)&#10;        at java.util.concurrent.locks.AbstractQueuedSynchronizer$ConditionObject.awaitNanos(AbstractQueuedSynchronizer.java:2078)&#10;        at java.util.concurrent.LinkedBlockingQueue.poll(LinkedBlockingQueue.java:467)&#10;        at org.apache.hadoop.ipc.CallQueueManager.take(CallQueueManager.java:317)&#10;        at org.apache.hadoop.ipc.Server$Handler.run(Server.java:2932)&#10;&quot;FullTableCache Cleanup Thread - 0&quot; daemon prio=5 tid=1991 in Object.wait()&#10;java.lang.Thread.State: WAITING (on object monitor)&#10;        at sun.misc.Unsafe.park(Native Method)&#10;        at java.util.concurrent.locks.LockSupport.park(LockSupport.java:175)&#10;        at java.util.concurrent.locks.AbstractQueuedSynchronizer$ConditionObject.await(AbstractQueuedSynchronizer.java:2039)&#10;        at java.util.concurrent.LinkedBlockingQueue.take(LinkedBlockingQueue.java:442)&#10;        at java.util.concurrent.ThreadPoolExecutor.getTask(ThreadPoolExecutor.java:1074)&#10;        at java.util.concurrent.ThreadPoolExecutor.runWorker(ThreadPoolExecutor.java:1134)&#10;        at java.util.concurrent.ThreadPoolExecutor$Worker.run(ThreadPoolExecutor.java:624)&#10;        at java.lang.Thread.run(Thread.java:748)&#10;&quot;Datanode ReportManager Thread - 4&quot; daemon prio=5 tid=179 timed_waiting&#10;java.lang.Thread.State: TIMED_WAITING&#10;        at sun.misc.Unsafe.park(Native Method)&#10;        at java.util.concurrent.locks.LockSupport.parkNanos(LockSupport.java:215)&#10;        at java.util.concurrent.locks.AbstractQueuedSynchronizer$ConditionObject.awaitNanos(AbstractQueuedSynchronizer.java:2078)&#10;        at java.util.concurrent.ScheduledThreadPoolExecutor$DelayedWorkQueue.take(ScheduledThreadPoolExecutor.java:1093)&#10;        at java.util.concurrent.ScheduledThreadPoolExecutor$DelayedWorkQueue.take(ScheduledThreadPoolExecutor.java:809)&#10;        at java.util.concurrent.ThreadPoolExecutor.getTask(ThreadPoolExecutor.java:1074)&#10;        at java.util.concurrent.ThreadPoolExecutor.runWorker(ThreadPoolExecutor.java:1134)&#10;        at java.util.concurrent.ThreadPoolExecutor$Worker.run(ThreadPoolExecutor.java:624)&#10;        at java.lang.Thread.run(Thread.java:748)&#10;&quot;KeyDeletingService#0&quot; daemon prio=5 tid=3375 timed_waiting&#10;java.lang.Thread.State: TIMED_WAITING&#10;        at sun.misc.Unsafe.park(Native Method)&#10;        at java.util.concurrent.locks.LockSupport.parkNanos(LockSupport.java:215)&#10;        at java.util.concurrent.locks.AbstractQueuedSynchronizer$ConditionObject.awaitNanos(AbstractQueuedSynchronizer.java:2078)&#10;        at java.util.concurrent.ScheduledThreadPoolExecutor$DelayedWorkQueue.take(ScheduledThreadPoolExecutor.java:1093)&#10;        at java.util.concurrent.ScheduledThreadPoolExecutor$DelayedWorkQueue.take(ScheduledThreadPoolExecutor.java:809)&#10;        at java.util.concurrent.ThreadPoolExecutor.getTask(ThreadPoolExecutor.java:1074)&#10;        at java.util.concurrent.ThreadPoolExecutor.runWorker(ThreadPoolExecutor.java:1134)&#10;        at java.util.concurrent.ThreadPoolExecutor$Worker.run(ThreadPoolExecutor.java:624)&#10;        at java.lang.Thread.run(Thread.java:748)&#10;&quot;IPC Server handler 3 on default port 43625&quot; daemon prio=5 tid=3291 timed_waiting&#10;java.lang.Thread.State: TIMED_WAITING&#10;        at sun.misc.Unsafe.park(Native Method)&#10;        at java.util.concurrent.locks.LockSupport.parkNanos(LockSupport.java:215)&#10;        at java.util.concurrent.locks.AbstractQueuedSynchronizer$ConditionObject.awaitNanos(AbstractQueuedSynchronizer.java:2078)&#10;        at java.util.concurrent.LinkedBlockingQueue.poll(LinkedBlockingQueue.java:467)&#10;        at org.apache.hadoop.ipc.CallQueueManager.take(CallQueueManager.java:317)&#10;        at org.apache.hadoop.ipc.Server$Handler.run(Server.java:2932)&#10;&quot;Datanode ReportManager Thread - 4&quot; daemon prio=5 tid=1793 in Object.wait()&#10;java.lang.Thread.State: WAITING (on object monitor)&#10;        at sun.misc.Unsafe.park(Native Method)&#10;        at java.util.concurrent.locks.LockSupport.park(LockSupport.java:175)&#10;        at java.util.concurrent.locks.AbstractQueuedSynchronizer$ConditionObject.await(AbstractQueuedSynchronizer.java:2039)&#10;        at java.util.concurrent.ScheduledThreadPoolExecutor$DelayedWorkQueue.take(ScheduledThreadPoolExecutor.java:1088)&#10;        at java.util.concurrent.ScheduledThreadPoolExecutor$DelayedWorkQueue.take(ScheduledThreadPoolExecutor.java:809)&#10;        at java.util.concurrent.ThreadPoolExecutor.getTask(ThreadPoolExecutor.java:1074)&#10;        at java.util.concurrent.ThreadPoolExecutor.runWorker(ThreadPoolExecutor.java:1134)&#10;        at java.util.concurrent.ThreadPoolExecutor$Worker.run(ThreadPoolExecutor.java:624)&#10;        at java.lang.Thread.run(Thread.java:748)&#10;&quot;Datanode ReportManager Thread - 0&quot; daemon prio=5 tid=175 in Object.wait()&#10;java.lang.Thread.State: WAITING (on object monitor)&#10;        at sun.misc.Unsafe.park(Native Method)&#10;        at java.util.concurrent.locks.LockSupport.park(LockSupport.java:175)&#10;        at java.util.concurrent.locks.AbstractQueuedSynchronizer$ConditionObject.await(AbstractQueuedSynchronizer.java:2039)&#10;        at java.util.concurrent.ScheduledThreadPoolExecutor$DelayedWorkQueue.take(ScheduledThreadPoolExecutor.java:1088)&#10;        at java.util.concurrent.ScheduledThreadPoolExecutor$DelayedWorkQueue.take(ScheduledThreadPoolExecutor.java:809)&#10;        at java.util.concurrent.ThreadPoolExecutor.getTask(ThreadPoolExecutor.java:1074)&#10;        at java.util.concurrent.ThreadPoolExecutor.runWorker(ThreadPoolExecutor.java:1134)&#10;        at java.util.concurrent.ThreadPoolExecutor$Worker.run(ThreadPoolExecutor.java:624)&#10;        at java.lang.Thread.run(Thread.java:748)&#10;&quot;49fe3bb7-2dae-482d-a175-9585c41bacad@group-677DDB1507C0-FollowerState&quot; daemon prio=5 tid=3808 timed_waiting&#10;java.lang.Thread.State: TIMED_WAITING&#10;        at java.lang.Thread.sleep(Native Method)&#10;        at java.lang.Thread.sleep(Thread.java:340)&#10;        at java.util.concurrent.TimeUnit.sleep(TimeUnit.java:386)&#10;        at org.apache.ratis.util.TimeDuration.sleep(TimeDuration.java:324)&#10;        at org.apache.ratis.util.TimeDuration.sleep(TimeDuration.java:309)&#10;        at org.apache.ratis.server.impl.FollowerState.run(FollowerState.java:118)&#10;&quot;Datanode ReportManager Thread - 2&quot; daemon prio=5 tid=3505 in Object.wait()&#10;java.lang.Thread.State: WAITING (on object monitor)&#10;        at sun.misc.Unsafe.park(Native Method)&#10;        at java.util.concurrent.locks.LockSupport.park(LockSupport.java:175)&#10;        at java.util.concurrent.locks.AbstractQueuedSynchronizer$ConditionObject.await(AbstractQueuedSynchronizer.java:2039)&#10;        at java.util.concurrent.ScheduledThreadPoolExecutor$DelayedWorkQueue.take(ScheduledThreadPoolExecutor.java:1088)&#10;        at java.util.concurrent.ScheduledThreadPoolExecutor$DelayedWorkQueue.take(ScheduledThreadPoolExecutor.java:809)&#10;        at java.util.concurrent.ThreadPoolExecutor.getTask(ThreadPoolExecutor.java:1074)&#10;        at java.util.concurrent.ThreadPoolExecutor.runWorker(ThreadPoolExecutor.java:1134)&#10;        at java.util.concurrent.ThreadPoolExecutor$Worker.run(ThreadPoolExecutor.java:624)&#10;        at java.lang.Thread.run(Thread.java:748)&#10;&quot;IPC Server handler 7 on default port 38869&quot; daemon prio=5 tid=3315 timed_waiting&#10;java.lang.Thread.State: TIMED_WAITING&#10;        at sun.misc.Unsafe.park(Native Method)&#10;        at java.util.concurrent.locks.LockSupport.parkNanos(LockSupport.java:215)&#10;        at java.util.concurrent.locks.AbstractQueuedSynchronizer$ConditionObject.awaitNanos(AbstractQueuedSynchronizer.java:2078)&#10;        at java.util.concurrent.LinkedBlockingQueue.poll(LinkedBlockingQueue.java:467)&#10;        at org.apache.hadoop.ipc.CallQueueManager.take(CallQueueManager.java:317)&#10;        at org.apache.hadoop.ipc.Server$Handler.run(Server.java:2932)&#10;&quot;IPC Server handler 16 on default port 43625&quot; daemon prio=5 tid=3304 timed_waiting&#10;java.lang.Thread.State: TIMED_WAITING&#10;        at sun.misc.Unsafe.park(Native Method)&#10;        at java.util.concurrent.locks.LockSupport.parkNanos(LockSupport.java:215)&#10;        at java.util.concurrent.locks.AbstractQueuedSynchronizer$ConditionObject.awaitNanos(AbstractQueuedSynchronizer.java:2078)&#10;        at java.util.concurrent.LinkedBlockingQueue.poll(LinkedBlockingQueue.java:467)&#10;        at org.apache.hadoop.ipc.CallQueueManager.take(CallQueueManager.java:317)&#10;        at org.apache.hadoop.ipc.Server$Handler.run(Server.java:2932)&#10;&quot;java.util.concurrent.ThreadPoolExecutor$Worker@1b777d25[State = -1, empty queue]&quot; daemon prio=5 tid=2852 timed_waiting&#10;java.lang.Thread.State: TIMED_WAITING&#10;        at sun.misc.Unsafe.park(Native Method)&#10;        at java.util.concurrent.locks.LockSupport.parkNanos(LockSupport.java:215)&#10;        at java.util.concurrent.locks.AbstractQueuedSynchronizer$ConditionObject.awaitNanos(AbstractQueuedSynchronizer.java:2078)&#10;        at java.util.concurrent.ScheduledThreadPoolExecutor$DelayedWorkQueue.take(ScheduledThreadPoolExecutor.java:1093)&#10;        at java.util.concurrent.ScheduledThreadPoolExecutor$DelayedWorkQueue.take(ScheduledThreadPoolExecutor.java:809)&#10;        at java.util.concurrent.ThreadPoolExecutor.getTask(ThreadPoolExecutor.java:1074)&#10;        at java.util.concurrent.ThreadPoolExecutor.runWorker(ThreadPoolExecutor.java:1134)&#10;        at java.util.concurrent.ThreadPoolExecutor$Worker.run(ThreadPoolExecutor.java:624)&#10;        at java.lang.Thread.run(Thread.java:748)&#10;&quot;Datanode ReportManager Thread - 3&quot; daemon prio=5 tid=2212 timed_waiting&#10;java.lang.Thread.State: TIMED_WAITING&#10;        at sun.misc.Unsafe.park(Native Method)&#10;        at java.util.concurrent.locks.LockSupport.parkNanos(LockSupport.java:215)&#10;        at java.util.concurrent.locks.AbstractQueuedSynchronizer$ConditionObject.awaitNanos(AbstractQueuedSynchronizer.java:2078)&#10;        at java.util.concurrent.ScheduledThreadPoolExecutor$DelayedWorkQueue.take(ScheduledThreadPoolExecutor.java:1093)&#10;        at java.util.concurrent.ScheduledThreadPoolExecutor$DelayedWorkQueue.take(ScheduledThreadPoolExecutor.java:809)&#10;        at java.util.concurrent.ThreadPoolExecutor.getTask(ThreadPoolExecutor.java:1074)&#10;        at java.util.concurrent.ThreadPoolExecutor.runWorker(ThreadPoolExecutor.java:1134)&#10;        at java.util.concurrent.ThreadPoolExecutor$Worker.run(ThreadPoolExecutor.java:624)&#10;        at java.lang.Thread.run(Thread.java:748)&#10;&quot;ChunkWriter-0-0&quot; daemon prio=5 tid=3531 in Object.wait()&#10;java.lang.Thread.State: WAITING (on object monitor)&#10;        at sun.misc.Unsafe.park(Native Method)&#10;        at java.util.concurrent.locks.LockSupport.park(LockSupport.java:175)&#10;        at java.util.concurrent.locks.AbstractQueuedSynchronizer$ConditionObject.await(AbstractQueuedSynchronizer.java:2039)&#10;        at java.util.concurrent.LinkedBlockingDeque.takeFirst(LinkedBlockingDeque.java:492)&#10;        at java.util.concurrent.LinkedBlockingDeque.take(LinkedBlockingDeque.java:680)&#10;        at java.util.concurrent.ThreadPoolExecutor.getTask(ThreadPoolExecutor.java:1074)&#10;        at java.util.concurrent.ThreadPoolExecutor.runWorker(ThreadPoolExecutor.java:1134)&#10;        at java.util.concurrent.ThreadPoolExecutor$Worker.run(ThreadPoolExecutor.java:624)&#10;        at java.lang.Thread.run(Thread.java:748)&#10;&quot;EventQueue-OpenPipelineForHealthyPipelineSafeModeRule&quot; daemon prio=5 tid=3562 in Object.wait()&#10;java.lang.Thread.State: WAITING (on object monitor)&#10;        at sun.misc.Unsafe.park(Native Method)&#10;        at java.util.concurrent.locks.LockSupport.park(LockSupport.java:175)&#10;        at java.util.concurrent.locks.AbstractQueuedSynchronizer$ConditionObject.await(AbstractQueuedSynchronizer.java:2039)&#10;        at java.util.concurrent.LinkedBlockingQueue.take(LinkedBlockingQueue.java:442)&#10;        at java.util.concurrent.ThreadPoolExecutor.getTask(ThreadPoolExecutor.java:1074)&#10;        at java.util.concurrent.ThreadPoolExecutor.runWorker(ThreadPoolExecutor.java:1134)&#10;        at java.util.concurrent.ThreadPoolExecutor$Worker.run(ThreadPoolExecutor.java:624)&#10;        at java.lang.Thread.run(Thread.java:748)&#10;&quot;EndpointStateMachine task thread for /0.0.0.0:40677 - 0 &quot;  prio=5 tid=261 in Object.wait()&#10;java.lang.Thread.State: WAITING (on object monitor)&#10;        at sun.misc.Unsafe.park(Native Method)&#10;        at java.util.concurrent.locks.LockSupport.park(LockSupport.java:175)&#10;        at java.util.concurrent.locks.AbstractQueuedSynchronizer$ConditionObject.await(AbstractQueuedSynchronizer.java:2039)&#10;        at java.util.concurrent.LinkedBlockingQueue.take(LinkedBlockingQueue.java:442)&#10;        at java.util.concurrent.ThreadPoolExecutor.getTask(ThreadPoolExecutor.java:1074)&#10;        at java.util.concurrent.ThreadPoolExecutor.runWorker(ThreadPoolExecutor.java:1134)&#10;        at java.util.concurrent.ThreadPoolExecutor$Worker.run(ThreadPoolExecutor.java:624)&#10;        at java.lang.Thread.run(Thread.java:748)&#10;&quot;Datanode ReportManager Thread - 3&quot; daemon prio=5 tid=230 in Object.wait()&#10;java.lang.Thread.State: WAITING (on object monitor)&#10;        at sun.misc.Unsafe.park(Native Method)&#10;        at java.util.concurrent.locks.LockSupport.park(LockSupport.java:175)&#10;        at java.util.concurrent.locks.AbstractQueuedSynchronizer$ConditionObject.await(AbstractQueuedSynchronizer.java:2039)&#10;        at java.util.concurrent.ScheduledThreadPoolExecutor$DelayedWorkQueue.take(ScheduledThreadPoolExecutor.java:1088)&#10;        at java.util.concurrent.ScheduledThreadPoolExecutor$DelayedWorkQueue.take(ScheduledThreadPoolExecutor.java:809)&#10;        at java.util.concurrent.ThreadPoolExecutor.getTask(ThreadPoolExecutor.java:1074)&#10;        at java.util.concurrent.ThreadPoolExecutor.runWorker(ThreadPoolExecutor.java:1134)&#10;        at java.util.concurrent.ThreadPoolExecutor$Worker.run(ThreadPoolExecutor.java:624)&#10;        at java.lang.Thread.run(Thread.java:748)&#10;&quot;IPC Server handler 12 on default port 38869&quot; daemon prio=5 tid=3320 timed_waiting&#10;java.lang.Thread.State: TIMED_WAITING&#10;        at sun.misc.Unsafe.park(Native Method)&#10;        at java.util.concurrent.locks.LockSupport.parkNanos(LockSupport.java:215)&#10;        at java.util.concurrent.locks.AbstractQueuedSynchronizer$ConditionObject.awaitNanos(AbstractQueuedSynchronizer.java:2078)&#10;        at java.util.concurrent.LinkedBlockingQueue.poll(LinkedBlockingQueue.java:467)&#10;        at org.apache.hadoop.ipc.CallQueueManager.take(CallQueueManager.java:317)&#10;        at org.apache.hadoop.ipc.Server$Handler.run(Server.java:2932)&#10;&quot;Datanode ReportManager Thread - 3&quot; daemon prio=5 tid=1334 timed_waiting&#10;java.lang.Thread.State: TIMED_WAITING&#10;        at sun.misc.Unsafe.park(Native Method)&#10;        at java.util.concurrent.locks.LockSupport.parkNanos(LockSupport.java:215)&#10;        at java.util.concurrent.locks.AbstractQueuedSynchronizer$ConditionObject.awaitNanos(AbstractQueuedSynchronizer.java:2078)&#10;        at java.util.concurrent.ScheduledThreadPoolExecutor$DelayedWorkQueue.take(ScheduledThreadPoolExecutor.java:1093)&#10;        at java.util.concurrent.ScheduledThreadPoolExecutor$DelayedWorkQueue.take(ScheduledThreadPoolExecutor.java:809)&#10;        at java.util.concurrent.ThreadPoolExecutor.getTask(ThreadPoolExecutor.java:1074)&#10;        at java.util.concurrent.ThreadPoolExecutor.runWorker(ThreadPoolExecutor.java:1134)&#10;        at java.util.concurrent.ThreadPoolExecutor$Worker.run(ThreadPoolExecutor.java:624)&#10;        at java.lang.Thread.run(Thread.java:748)&#10;&quot;org.apache.hadoop.util.JvmPauseMonitor$Monitor@3e9a0361&quot; daemon prio=5 tid=3407 timed_waiting&#10;java.lang.Thread.State: TIMED_WAITING&#10;        at java.lang.Thread.sleep(Native Method)&#10;        at org.apache.hadoop.util.JvmPauseMonitor$Monitor.run(JvmPauseMonitor.java:192)&#10;        at java.lang.Thread.run(Thread.java:748)&#10;&quot;EndpointStateMachine task thread for /0.0.0.0:43677 - 0 &quot;  prio=5 tid=3511 in Object.wait()&#10;java.lang.Thread.State: WAITING (on object monitor)&#10;        at sun.misc.Unsafe.park(Native Method)&#10;        at java.util.concurrent.locks.LockSupport.park(LockSupport.java:175)&#10;        at java.util.concurrent.locks.AbstractQueuedSynchronizer$ConditionObject.await(AbstractQueuedSynchronizer.java:2039)&#10;        at java.util.concurrent.LinkedBlockingQueue.take(LinkedBlockingQueue.java:442)&#10;        at java.util.concurrent.ThreadPoolExecutor.getTask(ThreadPoolExecutor.java:1074)&#10;        at java.util.concurrent.ThreadPoolExecutor.runWorker(ThreadPoolExecutor.java:1134)&#10;        at java.util.concurrent.ThreadPoolExecutor$Worker.run(ThreadPoolExecutor.java:624)&#10;        at java.lang.Thread.run(Thread.java:748)&#10;&quot;IPC Server handler 3 on default port 43677&quot; daemon prio=5 tid=3331 timed_waiting&#10;java.lang.Thread.State: TIMED_WAITING&#10;        at sun.misc.Unsafe.park(Native Method)&#10;        at java.util.concurrent.locks.LockSupport.parkNanos(LockSupport.java:215)&#10;        at java.util.concurrent.locks.AbstractQueuedSynchronizer$ConditionObject.awaitNanos(AbstractQueuedSynchronizer.java:2078)&#10;        at java.util.concurrent.LinkedBlockingQueue.poll(LinkedBlockingQueue.java:467)&#10;        at org.apache.hadoop.ipc.CallQueueManager.take(CallQueueManager.java:317)&#10;        at org.apache.hadoop.ipc.Server$Handler.run(Server.java:2932)&#10;&quot;Datanode ReportManager Thread - 1&quot; daemon prio=5 tid=2261 in Object.wait()&#10;java.lang.Thread.State: WAITING (on object monitor)&#10;        at sun.misc.Unsafe.park(Native Method)&#10;        at java.util.concurrent.locks.LockSupport.park(LockSupport.java:175)&#10;        at java.util.concurrent.locks.AbstractQueuedSynchronizer$ConditionObject.await(AbstractQueuedSynchronizer.java:2039)&#10;        at java.util.concurrent.ScheduledThreadPoolExecutor$DelayedWorkQueue.take(ScheduledThreadPoolExecutor.java:1088)&#10;        at java.util.concurrent.ScheduledThreadPoolExecutor$DelayedWorkQueue.take(ScheduledThreadPoolExecutor.java:809)&#10;        at java.util.concurrent.ThreadPoolExecutor.getTask(ThreadPoolExecutor.java:1074)&#10;        at java.util.concurrent.ThreadPoolExecutor.runWorker(ThreadPoolExecutor.java:1134)&#10;        at java.util.concurrent.ThreadPoolExecutor$Worker.run(ThreadPoolExecutor.java:624)&#10;        at java.lang.Thread.run(Thread.java:748)&#10;&quot;Datanode ReportManager Thread - 0&quot; daemon prio=5 tid=1358 timed_waiting&#10;java.lang.Thread.State: TIMED_WAITING&#10;        at sun.misc.Unsafe.park(Native Method)&#10;        at java.util.concurrent.locks.LockSupport.parkNanos(LockSupport.java:215)&#10;        at java.util.concurrent.locks.AbstractQueuedSynchronizer$ConditionObject.awaitNanos(AbstractQueuedSynchronizer.java:2078)&#10;        at java.util.concurrent.ScheduledThreadPoolExecutor$DelayedWorkQueue.take(ScheduledThreadPoolExecutor.java:1093)&#10;        at java.util.concurrent.ScheduledThreadPoolExecutor$DelayedWorkQueue.take(ScheduledThreadPoolExecutor.java:809)&#10;        at java.util.concurrent.ThreadPoolExecutor.getTask(ThreadPoolExecutor.java:1074)&#10;        at java.util.concurrent.ThreadPoolExecutor.runWorker(ThreadPoolExecutor.java:1134)&#10;        at java.util.concurrent.ThreadPoolExecutor$Worker.run(ThreadPoolExecutor.java:624)&#10;        at java.lang.Thread.run(Thread.java:748)&#10;&quot;Datanode ReportManager Thread - 3&quot; daemon prio=5 tid=1386 in Object.wait()&#10;java.lang.Thread.State: WAITING (on object monitor)&#10;        at sun.misc.Unsafe.park(Native Method)&#10;        at java.util.concurrent.locks.LockSupport.park(LockSupport.java:175)&#10;        at java.util.concurrent.locks.AbstractQueuedSynchronizer$ConditionObject.await(AbstractQueuedSynchronizer.java:2039)&#10;        at java.util.concurrent.ScheduledThreadPoolExecutor$DelayedWorkQueue.take(ScheduledThreadPoolExecutor.java:1088)&#10;        at java.util.concurrent.ScheduledThreadPoolExecutor$DelayedWorkQueue.take(ScheduledThreadPoolExecutor.java:809)&#10;        at java.util.concurrent.ThreadPoolExecutor.getTask(ThreadPoolExecutor.java:1074)&#10;        at java.util.concurrent.ThreadPoolExecutor.runWorker(ThreadPoolExecutor.java:1134)&#10;        at java.util.concurrent.ThreadPoolExecutor$Worker.run(ThreadPoolExecutor.java:624)&#10;        at java.lang.Thread.run(Thread.java:748)&#10;&quot;pool-678-thread-1&quot;  prio=5 tid=3558 in Object.wait()&#10;java.lang.Thread.State: WAITING (on object monitor)&#10;        at sun.misc.Unsafe.park(Native Method)&#10;        at java.util.concurrent.locks.LockSupport.park(LockSupport.java:175)&#10;        at java.util.concurrent.locks.AbstractQueuedSynchronizer$ConditionObject.await(AbstractQueuedSynchronizer.java:2039)&#10;        at java.util.concurrent.LinkedBlockingQueue.take(LinkedBlockingQueue.java:442)&#10;        at java.util.concurrent.ThreadPoolExecutor.getTask(ThreadPoolExecutor.java:1074)&#10;        at java.util.concurrent.ThreadPoolExecutor.runWorker(ThreadPoolExecutor.java:1134)&#10;        at java.util.concurrent.ThreadPoolExecutor$Worker.run(ThreadPoolExecutor.java:624)&#10;        at java.lang.Thread.run(Thread.java:748)&#10;&quot;Signal Dispatcher&quot; daemon prio=9 tid=4 runnable&#10;java.lang.Thread.State: RUNNABLE&#10;&quot;ChunkWriter-3-0&quot; daemon prio=5 tid=3534 in Object.wait()&#10;java.lang.Thread.State: WAITING (on object monitor)&#10;        at sun.misc.Unsafe.park(Native Method)&#10;        at java.util.concurrent.locks.LockSupport.park(LockSupport.java:175)&#10;        at java.util.concurrent.locks.AbstractQueuedSynchronizer$ConditionObject.await(AbstractQueuedSynchronizer.java:2039)&#10;        at java.util.concurrent.LinkedBlockingDeque.takeFirst(LinkedBlockingDeque.java:492)&#10;        at java.util.concurrent.LinkedBlockingDeque.take(LinkedBlockingDeque.java:680)&#10;        at java.util.concurrent.ThreadPoolExecutor.getTask(ThreadPoolExecutor.java:1074)&#10;        at java.util.concurrent.ThreadPoolExecutor.runWorker(ThreadPoolExecutor.java:1134)&#10;        at java.util.concurrent.ThreadPoolExecutor$Worker.run(ThreadPoolExecutor.java:624)&#10;        at java.lang.Thread.run(Thread.java:748)&#10;&quot;qtp1910453219-3419&quot; daemon prio=5 tid=3419 timed_waiting&#10;java.lang.Thread.State: TIMED_WAITING&#10;        at sun.misc.Unsafe.park(Native Method)&#10;        at java.util.concurrent.locks.LockSupport.parkNanos(LockSupport.java:215)&#10;        at java.util.concurrent.locks.AbstractQueuedSynchronizer$ConditionObject.awaitNanos(AbstractQueuedSynchronizer.java:2078)&#10;        at org.eclipse.jetty.util.BlockingArrayQueue.poll(BlockingArrayQueue.java:382)&#10;        at org.eclipse.jetty.util.thread.QueuedThreadPool$Runner.idleJobPoll(QueuedThreadPool.java:974)&#10;        at org.eclipse.jetty.util.thread.QueuedThreadPool$Runner.run(QueuedThreadPool.java:1018)&#10;        at java.lang.Thread.run(Thread.java:748)&#10;&quot;Datanode ReportManager Thread - 2&quot; daemon prio=5 tid=177 in Object.wait()&#10;java.lang.Thread.State: WAITING (on object monitor)&#10;        at sun.misc.Unsafe.park(Native Method)&#10;        at java.util.concurrent.locks.LockSupport.park(LockSupport.java:175)&#10;        at java.util.concurrent.locks.AbstractQueuedSynchronizer$ConditionObject.await(AbstractQueuedSynchronizer.java:2039)&#10;        at java.util.concurrent.ScheduledThreadPoolExecutor$DelayedWorkQueue.take(ScheduledThreadPoolExecutor.java:1088)&#10;        at java.util.concurrent.ScheduledThreadPoolExecutor$DelayedWorkQueue.take(ScheduledThreadPoolExecutor.java:809)&#10;        at java.util.concurrent.ThreadPoolExecutor.getTask(ThreadPoolExecutor.java:1074)&#10;        at java.util.concurrent.ThreadPoolExecutor.runWorker(ThreadPoolExecutor.java:1134)&#10;        at java.util.concurrent.ThreadPoolExecutor$Worker.run(ThreadPoolExecutor.java:624)&#10;        at java.lang.Thread.run(Thread.java:748)&#10;&quot;EventQueue-ContainerReportForContainerReportHandler&quot; daemon prio=5 tid=3539 in Object.wait()&#10;java.lang.Thread.State: WAITING (on object monitor)&#10;        at sun.misc.Unsafe.park(Native Method)&#10;        at java.util.concurrent.locks.LockSupport.park(LockSupport.java:175)&#10;        at java.util.concurrent.locks.AbstractQueuedSynchronizer$ConditionObject.await(AbstractQueuedSynchronizer.java:2039)&#10;        at java.util.concurrent.LinkedBlockingQueue.take(LinkedBlockingQueue.java:442)&#10;        at java.util.concurrent.ThreadPoolExecutor.getTask(ThreadPoolExecutor.java:1074)&#10;        at java.util.concurrent.ThreadPoolExecutor.runWorker(ThreadPoolExecutor.java:1134)&#10;        at java.util.concurrent.ThreadPoolExecutor$Worker.run(ThreadPoolExecutor.java:624)&#10;        at java.lang.Thread.run(Thread.java:748)&#10;&quot;Datanode ReportManager Thread - 1&quot; daemon prio=5 tid=3428 in Object.wait()&#10;java.lang.Thread.State: WAITING (on object monitor)&#10;        at sun.misc.Unsafe.park(Native Method)&#10;        at java.util.concurrent.locks.LockSupport.park(LockSupport.java:175)&#10;        at java.util.concurrent.locks.AbstractQueuedSynchronizer$ConditionObject.await(AbstractQueuedSynchronizer.java:2039)&#10;        at java.util.concurrent.ScheduledThreadPoolExecutor$DelayedWorkQueue.take(ScheduledThreadPoolExecutor.java:1088)&#10;        at java.util.concurrent.ScheduledThreadPoolExecutor$DelayedWorkQueue.take(ScheduledThreadPoolExecutor.java:809)&#10;        at java.util.concurrent.ThreadPoolExecutor.getTask(ThreadPoolExecutor.java:1074)&#10;        at java.util.concurrent.ThreadPoolExecutor.runWorker(ThreadPoolExecutor.java:1134)&#10;        at java.util.concurrent.ThreadPoolExecutor$Worker.run(ThreadPoolExecutor.java:624)&#10;        at java.lang.Thread.run(Thread.java:748)&#10;&quot;IPC Server handler 3 on default port 38869&quot; daemon prio=5 tid=3311 timed_waiting&#10;java.lang.Thread.State: TIMED_WAITING&#10;        at sun.misc.Unsafe.park(Native Method)&#10;        at java.util.concurrent.locks.LockSupport.parkNanos(LockSupport.java:215)&#10;        at java.util.concurrent.locks.AbstractQueuedSynchronizer$ConditionObject.awaitNanos(AbstractQueuedSynchronizer.java:2078)&#10;        at java.util.concurrent.LinkedBlockingQueue.poll(LinkedBlockingQueue.java:467)&#10;        at org.apache.hadoop.ipc.CallQueueManager.take(CallQueueManager.java:317)&#10;        at org.apache.hadoop.ipc.Server$Handler.run(Server.java:2932)&#10;&quot;EndpointStateMachine task thread for /0.0.0.0:45403 - 0 &quot;  prio=5 tid=1427 in Object.wait()&#10;java.lang.Thread.State: WAITING (on object monitor)&#10;        at sun.misc.Unsafe.park(Native Method)&#10;        at java.util.concurrent.locks.LockSupport.park(LockSupport.java:175)&#10;        at java.util.concurrent.locks.AbstractQueuedSynchronizer$ConditionObject.await(AbstractQueuedSynchronizer.java:2039)&#10;        at java.util.concurrent.LinkedBlockingQueue.take(LinkedBlockingQueue.java:442)&#10;        at java.util.concurrent.ThreadPoolExecutor.getTask(ThreadPoolExecutor.java:1074)&#10;        at java.util.concurrent.ThreadPoolExecutor.runWorker(ThreadPoolExecutor.java:1134)&#10;        at java.util.concurrent.ThreadPoolExecutor$Worker.run(ThreadPoolExecutor.java:624)&#10;        at java.lang.Thread.run(Thread.java:748)&#10;&quot;Datanode ReportManager Thread - 1&quot; daemon prio=5 tid=1409 in Object.wait()&#10;java.lang.Thread.State: WAITING (on object monitor)&#10;        at sun.misc.Unsafe.park(Native Method)&#10;        at java.util.concurrent.locks.LockSupport.park(LockSupport.java:175)&#10;        at java.util.concurrent.locks.AbstractQueuedSynchronizer$ConditionObject.await(AbstractQueuedSynchronizer.java:2039)&#10;        at java.util.concurrent.ScheduledThreadPoolExecutor$DelayedWorkQueue.take(ScheduledThreadPoolExecutor.java:1088)&#10;        at java.util.concurrent.ScheduledThreadPoolExecutor$DelayedWorkQueue.take(ScheduledThreadPoolExecutor.java:809)&#10;        at java.util.concurrent.ThreadPoolExecutor.getTask(ThreadPoolExecutor.java:1074)&#10;        at java.util.concurrent.ThreadPoolExecutor.runWorker(ThreadPoolExecutor.java:1134)&#10;        at java.util.concurrent.ThreadPoolExecutor$Worker.run(ThreadPoolExecutor.java:624)&#10;        at java.lang.Thread.run(Thread.java:748)&#10;&quot;PartialTableCache Cleanup Thread - 0&quot; daemon prio=5 tid=1549 in Object.wait()&#10;java.lang.Thread.State: WAITING (on object monitor)&#10;        at sun.misc.Unsafe.park(Native Method)&#10;        at java.util.concurrent.locks.LockSupport.park(LockSupport.java:175)&#10;        at java.util.concurrent.locks.AbstractQueuedSynchronizer$ConditionObject.await(AbstractQueuedSynchronizer.java:2039)&#10;        at java.util.concurrent.LinkedBlockingQueue.take(LinkedBlockingQueue.java:442)&#10;        at java.util.concurrent.ThreadPoolExecutor.getTask(ThreadPoolExecutor.java:1074)&#10;        at java.util.concurrent.ThreadPoolExecutor.runWorker(ThreadPoolExecutor.java:1134)&#10;        at java.util.concurrent.ThreadPoolExecutor$Worker.run(ThreadPoolExecutor.java:624)&#10;        at java.lang.Thread.run(Thread.java:748)&#10;&quot;EventQueue-PipelineReportForOneReplicaPipelineSafeModeRule&quot; daemon prio=5 tid=3542 in Object.wait()&#10;java.lang.Thread.State: WAITING (on object monitor)&#10;        at sun.misc.Unsafe.park(Native Method)&#10;        at java.util.concurrent.locks.LockSupport.park(LockSupport.java:175)&#10;        at java.util.concurrent.locks.AbstractQueuedSynchronizer$ConditionObject.await(AbstractQueuedSynchronizer.java:2039)&#10;        at java.util.concurrent.LinkedBlockingQueue.take(LinkedBlockingQueue.java:442)&#10;        at java.util.concurrent.ThreadPoolExecutor.getTask(ThreadPoolExecutor.java:1074)&#10;        at java.util.concurrent.ThreadPoolExecutor.runWorker(ThreadPoolExecutor.java:1134)&#10;        at java.util.concurrent.ThreadPoolExecutor$Worker.run(ThreadPoolExecutor.java:624)&#10;        at java.lang.Thread.run(Thread.java:748)&#10;&quot;Timer-4&quot; daemon prio=5 tid=3374 timed_waiting&#10;java.lang.Thread.State: TIMED_WAITING&#10;        at java.lang.Object.wait(Native Method)&#10;        at java.util.TimerThread.mainLoop(Timer.java:552)&#10;        at java.util.TimerThread.run(Timer.java:505)&#10;&quot;45f86aeb-e384-4aa9-8d84-a9c74618d31d@group-D3C789E88085-LeaderStateImpl&quot; daemon prio=5 tid=3599 timed_waiting&#10;java.lang.Thread.State: TIMED_WAITING&#10;        at sun.misc.Unsafe.park(Native Method)&#10;        at java.util.concurrent.locks.LockSupport.parkNanos(LockSupport.java:215)&#10;        at java.util.concurrent.locks.AbstractQueuedSynchronizer$ConditionObject.awaitNanos(AbstractQueuedSynchronizer.java:2078)&#10;        at java.util.concurrent.ArrayBlockingQueue.poll(ArrayBlockingQueue.java:418)&#10;        at org.apache.ratis.server.impl.LeaderStateImpl$EventQueue.poll(LeaderStateImpl.java:156)&#10;        at org.apache.ratis.server.impl.LeaderStateImpl$EventProcessor.run(LeaderStateImpl.java:600)&#10;&quot;org.apache.hadoop.ozone.container.common.statemachine.commandhandler.DeleteBlocksCommandHandler$DeleteCmdWorker@6aa4ec88&quot; daemon prio=5 tid=2223 runnable&#10;java.lang.Thread.State: RUNNABLE&#10;        at java.lang.Thread.sleep(Native Method)&#10;        at org.apache.hadoop.ozone.container.common.statemachine.commandhandler.DeleteBlocksCommandHandler$DeleteCmdWorker.run(DeleteBlocksCommandHandler.java:175)&#10;        at java.lang.Thread.run(Thread.java:748)&#10;&quot;OMDoubleBufferFlushThread&quot; daemon prio=5 tid=3363 timed_waiting&#10;java.lang.Thread.State: TIMED_WAITING&#10;        at java.lang.Object.wait(Native Method)&#10;        at org.apache.hadoop.ozone.om.ratis.OzoneManagerDoubleBuffer.canFlush(OzoneManagerDoubleBuffer.java:509)&#10;        at org.apache.hadoop.ozone.om.ratis.OzoneManagerDoubleBuffer.flushTransactions(OzoneManagerDoubleBuffer.java:241)&#10;        at org.apache.hadoop.ozone.om.ratis.OzoneManagerDoubleBuffer$$Lambda$369/1271123588.run(Unknown Source)&#10;        at java.lang.Thread.run(Thread.java:748)&#10;&quot;ChunkWriter-1-0&quot; daemon prio=5 tid=3523 in Object.wait()&#10;java.lang.Thread.State: WAITING (on object monitor)&#10;        at sun.misc.Unsafe.park(Native Method)&#10;        at java.util.concurrent.locks.LockSupport.park(LockSupport.java:175)&#10;        at java.util.concurrent.locks.AbstractQueuedSynchronizer$ConditionObject.await(AbstractQueuedSynchronizer.java:2039)&#10;        at java.util.concurrent.LinkedBlockingDeque.takeFirst(LinkedBlockingDeque.java:492)&#10;        at java.util.concurrent.LinkedBlockingDeque.take(LinkedBlockingDeque.java:680)&#10;        at java.util.concurrent.ThreadPoolExecutor.getTask(ThreadPoolExecutor.java:1074)&#10;        at java.util.concurrent.ThreadPoolExecutor.runWorker(ThreadPoolExecutor.java:1134)&#10;        at java.util.concurrent.ThreadPoolExecutor$Worker.run(ThreadPoolExecutor.java:624)&#10;        at java.lang.Thread.run(Thread.java:748)&#10;&quot;PartialTableCache Cleanup Thread - 0&quot; daemon prio=5 tid=2608 in Object.wait()&#10;java.lang.Thread.State: WAITING (on object monitor)&#10;        at sun.misc.Unsafe.park(Native Method)&#10;        at java.util.concurrent.locks.LockSupport.park(LockSupport.java:175)&#10;        at java.util.concurrent.locks.AbstractQueuedSynchronizer$ConditionObject.await(AbstractQueuedSynchronizer.java:2039)&#10;        at java.util.concurrent.LinkedBlockingQueue.take(LinkedBlockingQueue.java:442)&#10;        at java.util.concurrent.ThreadPoolExecutor.getTask(ThreadPoolExecutor.java:1074)&#10;        at java.util.concurrent.ThreadPoolExecutor.runWorker(ThreadPoolExecutor.java:1134)&#10;        at java.util.concurrent.ThreadPoolExecutor$Worker.run(ThreadPoolExecutor.java:624)&#10;        at java.lang.Thread.run(Thread.java:748)&#10;&quot;IPC Client (1576274550) connection to /0.0.0.0:43677 from runner&quot; daemon prio=5 tid=3512 timed_waiting&#10;java.lang.Thread.State: TIMED_WAITING&#10;        at java.lang.Object.wait(Native Method)&#10;        at org.apache.hadoop.ipc.Client$Connection.waitForWork(Client.java:1053)&#10;        at org.apache.hadoop.ipc.Client$Connection.run(Client.java:1097)&#10;&quot;org.apache.ratis.util.JvmPauseMonitor$$Lambda$535/1672973847@46dc35e4&quot; daemon prio=5 tid=3517 timed_waiting&#10;java.lang.Thread.State: TIMED_WAITING&#10;        at java.lang.Thread.sleep(Native Method)&#10;        at java.lang.Thread.sleep(Thread.java:340)&#10;        at java.util.concurrent.TimeUnit.sleep(TimeUnit.java:386)&#10;        at org.apache.ratis.util.TimeDuration.sleep(TimeDuration.java:324)&#10;        at org.apache.ratis.util.TimeDuration.sleep(TimeDuration.java:309)&#10;        at org.apache.ratis.util.JvmPauseMonitor.detectPause(JvmPauseMonitor.java:117)&#10;        at org.apache.ratis.util.JvmPauseMonitor.run(JvmPauseMonitor.java:106)&#10;        at org.apache.ratis.util.JvmPauseMonitor$$Lambda$535/1672973847.run(Unknown Source)&#10;        at java.lang.Thread.run(Thread.java:748)&#10;&quot;Session-HouseKeeper-57465d56-1&quot;  prio=5 tid=3450 timed_waiting&#10;java.lang.Thread.State: TIMED_WAITING&#10;        at sun.misc.Unsafe.park(Native Method)&#10;        at java.util.concurrent.locks.LockSupport.parkNanos(LockSupport.java:215)&#10;        at java.util.concurrent.locks.AbstractQueuedSynchronizer$ConditionObject.awaitNanos(AbstractQueuedSynchronizer.java:2078)&#10;        at java.util.concurrent.ScheduledThreadPoolExecutor$DelayedWorkQueue.take(ScheduledThreadPoolExecutor.java:1093)&#10;        at java.util.concurrent.ScheduledThreadPoolExecutor$DelayedWorkQueue.take(ScheduledThreadPoolExecutor.java:809)&#10;        at java.util.concurrent.ThreadPoolExecutor.getTask(ThreadPoolExecutor.java:1074)&#10;        at java.util.concurrent.ThreadPoolExecutor.runWorker(ThreadPoolExecutor.java:1134)&#10;        at java.util.concurrent.ThreadPoolExecutor$Worker.run(ThreadPoolExecutor.java:624)&#10;        at java.lang.Thread.run(Thread.java:748)&#10;&quot;IPC Server handler 2 on default port 38869&quot; daemon prio=5 tid=3310 timed_waiting&#10;java.lang.Thread.State: TIMED_WAITING&#10;        at sun.misc.Unsafe.park(Native Method)&#10;        at java.util.concurrent.locks.LockSupport.parkNanos(LockSupport.java:215)&#10;        at java.util.concurrent.locks.AbstractQueuedSynchronizer$ConditionObject.awaitNanos(AbstractQueuedSynchronizer.java:2078)&#10;        at java.util.concurrent.LinkedBlockingQueue.poll(LinkedBlockingQueue.java:467)&#10;        at org.apache.hadoop.ipc.CallQueueManager.take(CallQueueManager.java:317)&#10;        at org.apache.hadoop.ipc.Server$Handler.run(Server.java:2932)&#10;&quot;IPC Server Responder&quot; daemon prio=5 tid=3368 runnable&#10;java.lang.Thread.State: RUNNABLE&#10;        at sun.nio.ch.EPollArrayWrapper.epollWait(Native Method)&#10;        at sun.nio.ch.EPollArrayWrapper.poll(EPollArrayWrapper.java:269)&#10;        at sun.nio.ch.EPollSelectorImpl.doSelect(EPollSelectorImpl.java:93)&#10;        at sun.nio.ch.SelectorImpl.lockAndDoSelect(SelectorImpl.java:86)&#10;        at sun.nio.ch.SelectorImpl.select(SelectorImpl.java:97)&#10;        at org.apache.hadoop.ipc.Server$Responder.doRunLoop(Server.java:1527)&#10;        at org.apache.hadoop.ipc.Server$Responder.run(Server.java:1510)&#10;&quot;qtp1951734534-3492&quot; daemon prio=5 tid=3492 runnable&#10;java.lang.Thread.State: RUNNABLE&#10;        at sun.nio.ch.EPollArrayWrapper.epollWait(Native Method)&#10;        at sun.nio.ch.EPollArrayWrapper.poll(EPollArrayWrapper.java:269)&#10;        at sun.nio.ch.EPollSelectorImpl.doSelect(EPollSelectorImpl.java:93)&#10;        at sun.nio.ch.SelectorImpl.lockAndDoSelect(SelectorImpl.java:86)&#10;        at sun.nio.ch.SelectorImpl.select(SelectorImpl.java:97)&#10;        at sun.nio.ch.SelectorImpl.select(SelectorImpl.java:101)&#10;        at org.eclipse.jetty.io.ManagedSelector.nioSelect(ManagedSelector.java:183)&#10;        at org.eclipse.jetty.io.ManagedSelector.select(ManagedSelector.java:190)&#10;        at org.eclipse.jetty.io.ManagedSelector$SelectorProducer.select(ManagedSelector.java:606)&#10;        at org.eclipse.jetty.io.ManagedSelector$SelectorProducer.produce(ManagedSelector.java:543)&#10;        at org.eclipse.jetty.util.thread.strategy.EatWhatYouKill.produceTask(EatWhatYouKill.java:362)&#10;        at org.eclipse.jetty.util.thread.strategy.EatWhatYouKill.doProduce(EatWhatYouKill.java:186)&#10;        at org.eclipse.jetty.util.thread.strategy.EatWhatYouKill.tryProduce(EatWhatYouKill.java:173)&#10;        at org.eclipse.jetty.util.thread.strategy.EatWhatYouKill.produce(EatWhatYouKill.java:137)&#10;        at org.eclipse.jetty.io.ManagedSelector$$Lambda$318/882340409.run(Unknown Source)&#10;        at org.eclipse.jetty.util.thread.QueuedThreadPool.runJob(QueuedThreadPool.java:883)&#10;        at org.eclipse.jetty.util.thread.QueuedThreadPool$Runner.run(QueuedThreadPool.java:1034)&#10;        at java.lang.Thread.run(Thread.java:748)&#10;&quot;Datanode ReportManager Thread - 1&quot; daemon prio=5 tid=2296 in Object.wait()&#10;java.lang.Thread.State: WAITING (on object monitor)&#10;        at sun.misc.Unsafe.park(Native Method)&#10;        at java.util.concurrent.locks.LockSupport.park(LockSupport.java:175)&#10;        at java.util.concurrent.locks.AbstractQueuedSynchronizer$ConditionObject.await(AbstractQueuedSynchronizer.java:2039)&#10;        at java.util.concurrent.ScheduledThreadPoolExecutor$DelayedWorkQueue.take(ScheduledThreadPoolExecutor.java:1088)&#10;        at java.util.concurrent.ScheduledThreadPoolExecutor$DelayedWorkQueue.take(ScheduledThreadPoolExecutor.java:809)&#10;        at java.util.concurrent.ThreadPoolExecutor.getTask(ThreadPoolExecutor.java:1074)&#10;        at java.util.concurrent.ThreadPoolExecutor.runWorker(ThreadPoolExecutor.java:1134)&#10;        at java.util.concurrent.ThreadPoolExecutor$Worker.run(ThreadPoolExecutor.java:624)&#10;        at java.lang.Thread.run(Thread.java:748)&#10;&quot;Datanode ReportManager Thread - 0&quot; daemon prio=5 tid=2260 in Object.wait()&#10;java.lang.Thread.State: WAITING (on object monitor)&#10;        at sun.misc.Unsafe.park(Native Method)&#10;        at java.util.concurrent.locks.LockSupport.park(LockSupport.java:175)&#10;        at java.util.concurrent.locks.AbstractQueuedSynchronizer$ConditionObject.await(AbstractQueuedSynchronizer.java:2039)&#10;        at java.util.concurrent.ScheduledThreadPoolExecutor$DelayedWorkQueue.take(ScheduledThreadPoolExecutor.java:1088)&#10;        at java.util.concurrent.ScheduledThreadPoolExecutor$DelayedWorkQueue.take(ScheduledThreadPoolExecutor.java:809)&#10;        at java.util.concurrent.ThreadPoolExecutor.getTask(ThreadPoolExecutor.java:1074)&#10;        at java.util.concurrent.ThreadPoolExecutor.runWorker(ThreadPoolExecutor.java:1134)&#10;        at java.util.concurrent.ThreadPoolExecutor$Worker.run(ThreadPoolExecutor.java:624)&#10;        at java.lang.Thread.run(Thread.java:748)&#10;&quot;Datanode ReportManager Thread - 2&quot; daemon prio=5 tid=3454 in Object.wait()&#10;java.lang.Thread.State: WAITING (on object monitor)&#10;        at sun.misc.Unsafe.park(Native Method)&#10;        at java.util.concurrent.locks.LockSupport.park(LockSupport.java:175)&#10;        at java.util.concurrent.locks.AbstractQueuedSynchronizer$ConditionObject.await(AbstractQueuedSynchronizer.java:2039)&#10;        at java.util.concurrent.ScheduledThreadPoolExecutor$DelayedWorkQueue.take(ScheduledThreadPoolExecutor.java:1088)&#10;        at java.util.concurrent.ScheduledThreadPoolExecutor$DelayedWorkQueue.take(ScheduledThreadPoolExecutor.java:809)&#10;        at java.util.concurrent.ThreadPoolExecutor.getTask(ThreadPoolExecutor.java:1074)&#10;        at java.util.concurrent.ThreadPoolExecutor.runWorker(ThreadPoolExecutor.java:1134)&#10;        at java.util.concurrent.ThreadPoolExecutor$Worker.run(ThreadPoolExecutor.java:624)&#10;        at java.lang.Thread.run(Thread.java:748)&#10;&quot;qtp980429648-3471&quot; daemon prio=5 tid=3471 timed_waiting&#10;java.lang.Thread.State: TIMED_WAITING&#10;        at sun.misc.Unsafe.park(Native Method)&#10;        at java.util.concurrent.locks.LockSupport.parkNanos(LockSupport.java:215)&#10;        at java.util.concurrent.locks.AbstractQueuedSynchronizer$ConditionObject.awaitNanos(AbstractQueuedSynchronizer.java:2078)&#10;        at org.eclipse.jetty.util.BlockingArrayQueue.poll(BlockingArrayQueue.java:382)&#10;        at org.eclipse.jetty.util.thread.QueuedThreadPool$Runner.idleJobPoll(QueuedThreadPool.java:974)&#10;        at org.eclipse.jetty.util.thread.QueuedThreadPool$Runner.run(QueuedThreadPool.java:1018)&#10;        at java.lang.Thread.run(Thread.java:748)&#10;&quot;Session-HouseKeeper-576e87b2-1&quot;  prio=5 tid=3500 timed_waiting&#10;java.lang.Thread.State: TIMED_WAITING&#10;        at sun.misc.Unsafe.park(Native Method)&#10;        at java.util.concurrent.locks.LockSupport.parkNanos(LockSupport.java:215)&#10;        at java.util.concurrent.locks.AbstractQueuedSynchronizer$ConditionObject.awaitNanos(AbstractQueuedSynchronizer.java:2078)&#10;        at java.util.concurrent.ScheduledThreadPoolExecutor$DelayedWorkQueue.take(ScheduledThreadPoolExecutor.java:1093)&#10;        at java.util.concurrent.ScheduledThreadPoolExecutor$DelayedWorkQueue.take(ScheduledThreadPoolExecutor.java:809)&#10;        at java.util.concurrent.ThreadPoolExecutor.getTask(ThreadPoolExecutor.java:1074)&#10;        at java.util.concurrent.ThreadPoolExecutor.runWorker(ThreadPoolExecutor.java:1134)&#10;        at java.util.concurrent.ThreadPoolExecutor$Worker.run(ThreadPoolExecutor.java:624)&#10;        at java.lang.Thread.run(Thread.java:748)&#10;&quot;qtp706884900-3355&quot; daemon prio=5 tid=3355 timed_waiting&#10;java.lang.Thread.State: TIMED_WAITING&#10;        at sun.misc.Unsafe.park(Native Method)&#10;        at java.util.concurrent.locks.LockSupport.parkNanos(LockSupport.java:215)&#10;        at java.util.concurrent.locks.AbstractQueuedSynchronizer$ConditionObject.awaitNanos(AbstractQueuedSynchronizer.java:2078)&#10;        at org.eclipse.jetty.util.BlockingArrayQueue.poll(BlockingArrayQueue.java:382)&#10;        at org.eclipse.jetty.util.thread.QueuedThreadPool$Runner.idleJobPoll(QueuedThreadPool.java:974)&#10;        at org.eclipse.jetty.util.thread.QueuedThreadPool$Runner.run(QueuedThreadPool.java:1018)&#10;        at java.lang.Thread.run(Thread.java:748)&#10;&quot;Datanode ReportManager Thread - 4&quot; daemon prio=5 tid=2213 in Object.wait()&#10;java.lang.Thread.State: WAITING (on object monitor)&#10;        at sun.misc.Unsafe.park(Native Method)&#10;        at java.util.concurrent.locks.LockSupport.park(LockSupport.java:175)&#10;        at java.util.concurrent.locks.AbstractQueuedSynchronizer$ConditionObject.await(AbstractQueuedSynchronizer.java:2039)&#10;        at java.util.concurrent.ScheduledThreadPoolExecutor$DelayedWorkQueue.take(ScheduledThreadPoolExecutor.java:1088)&#10;        at java.util.concurrent.ScheduledThreadPoolExecutor$DelayedWorkQueue.take(ScheduledThreadPoolExecutor.java:809)&#10;        at java.util.concurrent.ThreadPoolExecutor.getTask(ThreadPoolExecutor.java:1074)&#10;        at java.util.concurrent.ThreadPoolExecutor.runWorker(ThreadPoolExecutor.java:1134)&#10;        at java.util.concurrent.ThreadPoolExecutor$Worker.run(ThreadPoolExecutor.java:624)&#10;        at java.lang.Thread.run(Thread.java:748)&#10;&quot;qtp706884900-3356&quot; daemon prio=5 tid=3356 timed_waiting&#10;java.lang.Thread.State: TIMED_WAITING&#10;        at sun.misc.Unsafe.park(Native Method)&#10;        at java.util.concurrent.locks.LockSupport.parkNanos(LockSupport.java:215)&#10;        at java.util.concurrent.locks.AbstractQueuedSynchronizer$ConditionObject.awaitNanos(AbstractQueuedSynchronizer.java:2078)&#10;        at org.eclipse.jetty.util.BlockingArrayQueue.poll(BlockingArrayQueue.java:382)&#10;        at org.eclipse.jetty.util.thread.QueuedThreadPool$Runner.idleJobPoll(QueuedThreadPool.java:974)&#10;        at org.eclipse.jetty.util.thread.QueuedThreadPool$Runner.run(QueuedThreadPool.java:1018)&#10;        at java.lang.Thread.run(Thread.java:748)&#10;&quot;Datanode State Machine Task Thread - 0&quot;  prio=5 tid=3510 in Object.wait()&#10;java.lang.Thread.State: WAITING (on object monitor)&#10;        at sun.misc.Unsafe.park(Native Method)&#10;        at java.util.concurrent.locks.LockSupport.park(LockSupport.java:175)&#10;        at java.util.concurrent.locks.AbstractQueuedSynchronizer$ConditionObject.await(AbstractQueuedSynchronizer.java:2039)&#10;        at java.util.concurrent.LinkedBlockingQueue.take(LinkedBlockingQueue.java:442)&#10;        at java.util.concurrent.ThreadPoolExecutor.getTask(ThreadPoolExecutor.java:1074)&#10;        at java.util.concurrent.ThreadPoolExecutor.runWorker(ThreadPoolExecutor.java:1134)&#10;        at java.util.concurrent.ThreadPoolExecutor$Worker.run(ThreadPoolExecutor.java:624)&#10;        at java.lang.Thread.run(Thread.java:748)&#10;&quot;Datanode ReportManager Thread - 3&quot; daemon prio=5 tid=2238 in Object.wait()&#10;java.lang.Thread.State: WAITING (on object monitor)&#10;        at sun.misc.Unsafe.park(Native Method)&#10;        at java.util.concurrent.locks.LockSupport.park(LockSupport.java:175)&#10;        at java.util.concurrent.locks.AbstractQueuedSynchronizer$ConditionObject.await(AbstractQueuedSynchronizer.java:2039)&#10;        at java.util.concurrent.ScheduledThreadPoolExecutor$DelayedWorkQueue.take(ScheduledThreadPoolExecutor.java:1088)&#10;        at java.util.concurrent.ScheduledThreadPoolExecutor$DelayedWorkQueue.take(ScheduledThreadPoolExecutor.java:809)&#10;        at java.util.concurrent.ThreadPoolExecutor.getTask(ThreadPoolExecutor.java:1074)&#10;        at java.util.concurrent.ThreadPoolExecutor.runWorker(ThreadPoolExecutor.java:1134)&#10;        at java.util.concurrent.ThreadPoolExecutor$Worker.run(ThreadPoolExecutor.java:624)&#10;        at java.lang.Thread.run(Thread.java:748)&#10;&quot;Datanode ReportManager Thread - 0&quot; daemon prio=5 tid=3477 in Object.wait()&#10;java.lang.Thread.State: WAITING (on object monitor)&#10;        at sun.misc.Unsafe.park(Native Method)&#10;        at java.util.concurrent.locks.LockSupport.park(LockSupport.java:175)&#10;        at java.util.concurrent.locks.AbstractQueuedSynchronizer$ConditionObject.await(AbstractQueuedSynchronizer.java:2039)&#10;        at java.util.concurrent.ScheduledThreadPoolExecutor$DelayedWorkQueue.take(ScheduledThreadPoolExecutor.java:1088)&#10;        at java.util.concurrent.ScheduledThreadPoolExecutor$DelayedWorkQueue.take(ScheduledThreadPoolExecutor.java:809)&#10;        at java.util.concurrent.ThreadPoolExecutor.getTask(ThreadPoolExecutor.java:1074)&#10;        at java.util.concurrent.ThreadPoolExecutor.runWorker(ThreadPoolExecutor.java:1134)&#10;        at java.util.concurrent.ThreadPoolExecutor$Worker.run(ThreadPoolExecutor.java:624)&#10;        at java.lang.Thread.run(Thread.java:748)&#10;&quot;IPC Server handler 14 on default port 43677&quot; daemon prio=5 tid=3342 timed_waiting&#10;java.lang.Thread.State: TIMED_WAITING&#10;        at sun.misc.Unsafe.park(Native Method)&#10;        at java.util.concurrent.locks.LockSupport.parkNanos(LockSupport.java:215)&#10;        at java.util.concurrent.locks.AbstractQueuedSynchronizer$ConditionObject.awaitNanos(AbstractQueuedSynchronizer.java:2078)&#10;        at java.util.concurrent.LinkedBlockingQueue.poll(LinkedBlockingQueue.java:467)&#10;        at org.apache.hadoop.ipc.CallQueueManager.take(CallQueueManager.java:317)&#10;        at org.apache.hadoop.ipc.Server$Handler.run(Server.java:2932)&#10;&quot;qtp243164435-3383&quot; daemon prio=5 tid=3383 timed_waiting&#10;java.lang.Thread.State: TIMED_WAITING&#10;        at sun.misc.Unsafe.park(Native Method)&#10;        at java.util.concurrent.locks.LockSupport.parkNanos(LockSupport.java:215)&#10;        at java.util.concurrent.locks.AbstractQueuedSynchronizer$ConditionObject.awaitNanos(AbstractQueuedSynchronizer.java:2078)&#10;        at org.eclipse.jetty.util.BlockingArrayQueue.poll(BlockingArrayQueue.java:382)&#10;        at org.eclipse.jetty.util.thread.QueuedThreadPool$Runner.idleJobPoll(QueuedThreadPool.java:974)&#10;        at org.eclipse.jetty.util.thread.QueuedThreadPool$Runner.run(QueuedThreadPool.java:1018)&#10;        at java.lang.Thread.run(Thread.java:748)&#10;&quot;BlockDeletingService#2&quot; daemon prio=5 tid=3692 in Object.wait()&#10;java.lang.Thread.State: WAITING (on object monitor)&#10;        at sun.misc.Unsafe.park(Native Method)&#10;        at java.util.concurrent.locks.LockSupport.park(LockSupport.java:175)&#10;        at java.util.concurrent.locks.AbstractQueuedSynchronizer$ConditionObject.await(AbstractQueuedSynchronizer.java:2039)&#10;        at java.util.concurrent.ScheduledThreadPoolExecutor$DelayedWorkQueue.take(ScheduledThreadPoolExecutor.java:1088)&#10;        at java.util.concurrent.ScheduledThreadPoolExecutor$DelayedWorkQueue.take(ScheduledThreadPoolExecutor.java:809)&#10;        at java.util.concurrent.ThreadPoolExecutor.getTask(ThreadPoolExecutor.java:1074)&#10;        at java.util.concurrent.ThreadPoolExecutor.runWorker(ThreadPoolExecutor.java:1134)&#10;        at java.util.concurrent.ThreadPoolExecutor$Worker.run(ThreadPoolExecutor.java:624)&#10;        at java.lang.Thread.run(Thread.java:748)&#10;&quot;IPC Server listener on 0&quot; daemon prio=5 tid=3277 runnable&#10;java.lang.Thread.State: RUNNABLE&#10;        at sun.nio.ch.EPollArrayWrapper.epollWait(Native Method)&#10;        at sun.nio.ch.EPollArrayWrapper.poll(EPollArrayWrapper.java:269)&#10;        at sun.nio.ch.EPollSelectorImpl.doSelect(EPollSelectorImpl.java:93)&#10;        at sun.nio.ch.SelectorImpl.lockAndDoSelect(SelectorImpl.java:86)&#10;        at sun.nio.ch.SelectorImpl.select(SelectorImpl.java:97)&#10;        at sun.nio.ch.SelectorImpl.select(SelectorImpl.java:101)&#10;        at org.apache.hadoop.ipc.Server$Listener.run(Server.java:1350)&#10;&quot;PartialTableCache Cleanup Thread - 0&quot; daemon prio=5 tid=383 in Object.wait()&#10;java.lang.Thread.State: WAITING (on object monitor)&#10;        at sun.misc.Unsafe.park(Native Method)&#10;        at java.util.concurrent.locks.LockSupport.park(LockSupport.java:175)&#10;        at java.util.concurrent.locks.AbstractQueuedSynchronizer$ConditionObject.await(AbstractQueuedSynchronizer.java:2039)&#10;        at java.util.concurrent.LinkedBlockingQueue.take(LinkedBlockingQueue.java:442)&#10;        at java.util.concurrent.ThreadPoolExecutor.getTask(ThreadPoolExecutor.java:1074)&#10;        at java.util.concurrent.ThreadPoolExecutor.runWorker(ThreadPoolExecutor.java:1134)&#10;        at java.util.concurrent.ThreadPoolExecutor$Worker.run(ThreadPoolExecutor.java:624)&#10;        at java.lang.Thread.run(Thread.java:748)&#10;&quot;org.apache.hadoop.ozone.container.common.statemachine.commandhandler.DeleteBlocksCommandHandler$DeleteCmdWorker@567a3bb&quot; daemon prio=5 tid=3465 timed_waiting&#10;java.lang.Thread.State: TIMED_WAITING&#10;        at java.lang.Thread.sleep(Native Method)&#10;        at org.apache.hadoop.ozone.container.common.statemachine.commandhandler.DeleteBlocksCommandHandler$DeleteCmdWorker.run(DeleteBlocksCommandHandler.java:175)&#10;        at java.lang.Thread.run(Thread.java:748)&#10;&quot;49fe3bb7-2dae-482d-a175-9585c41bacad@group-677DDB1507C0-SegmentedRaftLogWorker&quot;  prio=5 tid=3567 timed_waiting&#10;java.lang.Thread.State: TIMED_WAITING&#10;        at sun.misc.Unsafe.park(Native Method)&#10;        at java.util.concurrent.locks.LockSupport.parkNanos(LockSupport.java:215)&#10;        at java.util.concurrent.locks.AbstractQueuedSynchronizer$ConditionObject.awaitNanos(AbstractQueuedSynchronizer.java:2078)&#10;        at org.apache.ratis.util.DataBlockingQueue.poll(DataBlockingQueue.java:137)&#10;        at org.apache.ratis.server.raftlog.segmented.SegmentedRaftLogWorker.run(SegmentedRaftLogWorker.java:292)&#10;        at org.apache.ratis.server.raftlog.segmented.SegmentedRaftLogWorker$$Lambda$471/1580114807.run(Unknown Source)&#10;        at java.lang.Thread.run(Thread.java:748)&#10;&quot;Datanode ReportManager Thread - 1&quot; daemon prio=5 tid=1764 in Object.wait()&#10;java.lang.Thread.State: WAITING (on object monitor)&#10;        at sun.misc.Unsafe.park(Native Method)&#10;        at java.util.concurrent.locks.LockSupport.park(LockSupport.java:175)&#10;        at java.util.concurrent.locks.AbstractQueuedSynchronizer$ConditionObject.await(AbstractQueuedSynchronizer.java:2039)&#10;        at java.util.concurrent.ScheduledThreadPoolExecutor$DelayedWorkQueue.take(ScheduledThreadPoolExecutor.java:1088)&#10;        at java.util.concurrent.ScheduledThreadPoolExecutor$DelayedWorkQueue.take(ScheduledThreadPoolExecutor.java:809)&#10;        at java.util.concurrent.ThreadPoolExecutor.getTask(ThreadPoolExecutor.java:1074)&#10;        at java.util.concurrent.ThreadPoolExecutor.runWorker(ThreadPoolExecutor.java:1134)&#10;        at java.util.concurrent.ThreadPoolExecutor$Worker.run(ThreadPoolExecutor.java:624)&#10;        at java.lang.Thread.run(Thread.java:748)&#10;&quot;Datanode ReportManager Thread - 4&quot; daemon prio=5 tid=3481 in Object.wait()&#10;java.lang.Thread.State: WAITING (on object monitor)&#10;        at sun.misc.Unsafe.park(Native Method)&#10;        at java.util.concurrent.locks.LockSupport.park(LockSupport.java:175)&#10;        at java.util.concurrent.locks.AbstractQueuedSynchronizer$ConditionObject.await(AbstractQueuedSynchronizer.java:2039)&#10;        at java.util.concurrent.ScheduledThreadPoolExecutor$DelayedWorkQueue.take(ScheduledThreadPoolExecutor.java:1088)&#10;        at java.util.concurrent.ScheduledThreadPoolExecutor$DelayedWorkQueue.take(ScheduledThreadPoolExecutor.java:809)&#10;        at java.util.concurrent.ThreadPoolExecutor.getTask(ThreadPoolExecutor.java:1074)&#10;        at java.util.concurrent.ThreadPoolExecutor.runWorker(ThreadPoolExecutor.java:1134)&#10;        at java.util.concurrent.ThreadPoolExecutor$Worker.run(ThreadPoolExecutor.java:624)&#10;        at java.lang.Thread.run(Thread.java:748)&#10;&quot;EndpointStateMachine task thread for /0.0.0.0:46785 - 0 &quot;  prio=5 tid=2285 in Object.wait()&#10;java.lang.Thread.State: WAITING (on object monitor)&#10;        at sun.misc.Unsafe.park(Native Method)&#10;        at java.util.concurrent.locks.LockSupport.park(LockSupport.java:175)&#10;        at java.util.concurrent.locks.AbstractQueuedSynchronizer$ConditionObject.await(AbstractQueuedSynchronizer.java:2039)&#10;        at java.util.concurrent.LinkedBlockingQueue.take(LinkedBlockingQueue.java:442)&#10;        at java.util.concurrent.ThreadPoolExecutor.getTask(ThreadPoolExecutor.java:1074)&#10;        at java.util.concurrent.ThreadPoolExecutor.runWorker(ThreadPoolExecutor.java:1134)&#10;        at java.util.concurrent.ThreadPoolExecutor$Worker.run(ThreadPoolExecutor.java:624)&#10;        at java.lang.Thread.run(Thread.java:748)&#10;&quot;45f86aeb-e384-4aa9-8d84-a9c74618d31d@group-D3C789E88085-SegmentedRaftLogWorker&quot;  prio=5 tid=3576 timed_waiting&#10;java.lang.Thread.State: TIMED_WAITING&#10;        at sun.misc.Unsafe.park(Native Method)&#10;        at java.util.concurrent.locks.LockSupport.parkNanos(LockSupport.java:215)&#10;        at java.util.concurrent.locks.AbstractQueuedSynchronizer$ConditionObject.awaitNanos(AbstractQueuedSynchronizer.java:2078)&#10;        at org.apache.ratis.util.DataBlockingQueue.poll(DataBlockingQueue.java:137)&#10;        at org.apache.ratis.server.raftlog.segmented.SegmentedRaftLogWorker.run(SegmentedRaftLogWorker.java:292)&#10;        at org.apache.ratis.server.raftlog.segmented.SegmentedRaftLogWorker$$Lambda$471/1580114807.run(Unknown Source)&#10;        at java.lang.Thread.run(Thread.java:748)&#10;&quot;qtp243164435-3380&quot; daemon prio=5 tid=3380 timed_waiting&#10;java.lang.Thread.State: TIMED_WAITING&#10;        at sun.misc.Unsafe.park(Native Method)&#10;        at java.util.concurrent.locks.LockSupport.parkNanos(LockSupport.java:215)&#10;        at java.util.concurrent.locks.AbstractQueuedSynchronizer$ConditionObject.awaitNanos(AbstractQueuedSynchronizer.java:2078)&#10;        at org.eclipse.jetty.util.BlockingArrayQueue.poll(BlockingArrayQueue.java:382)&#10;        at org.eclipse.jetty.util.thread.QueuedThreadPool$Runner.idleJobPoll(QueuedThreadPool.java:974)&#10;        at org.eclipse.jetty.util.thread.QueuedThreadPool$Runner.run(QueuedThreadPool.java:1018)&#10;        at java.lang.Thread.run(Thread.java:748)&#10;&quot;qtp980429648-3472&quot; daemon prio=5 tid=3472 timed_waiting&#10;java.lang.Thread.State: TIMED_WAITING&#10;        at sun.misc.Unsafe.park(Native Method)&#10;        at java.util.concurrent.locks.LockSupport.parkNanos(LockSupport.java:215)&#10;        at java.util.concurrent.locks.AbstractQueuedSynchronizer$ConditionObject.awaitNanos(AbstractQueuedSynchronizer.java:2078)&#10;        at org.eclipse.jetty.util.BlockingArrayQueue.poll(BlockingArrayQueue.java:382)&#10;        at org.eclipse.jetty.util.thread.QueuedThreadPool$Runner.idleJobPoll(QueuedThreadPool.java:974)&#10;        at org.eclipse.jetty.util.thread.QueuedThreadPool$Runner.run(QueuedThreadPool.java:1018)&#10;        at java.lang.Thread.run(Thread.java:748)&#10;&quot;qtp243164435-3381&quot; daemon prio=5 tid=3381 timed_waiting&#10;java.lang.Thread.State: TIMED_WAITING&#10;        at sun.misc.Unsafe.park(Native Method)&#10;        at java.util.concurrent.locks.LockSupport.parkNanos(LockSupport.java:215)&#10;        at java.util.concurrent.locks.AbstractQueuedSynchronizer$ConditionObject.awaitNanos(AbstractQueuedSynchronizer.java:2078)&#10;        at org.eclipse.jetty.util.BlockingArrayQueue.poll(BlockingArrayQueue.java:382)&#10;        at org.eclipse.jetty.util.thread.QueuedThreadPool$Runner.idleJobPoll(QueuedThreadPool.java:974)&#10;        at org.eclipse.jetty.util.thread.QueuedThreadPool$Runner.run(QueuedThreadPool.java:1018)&#10;        at java.lang.Thread.run(Thread.java:748)&#10;&quot;Datanode ReportManager Thread - 2&quot; daemon prio=5 tid=1360 in Object.wait()&#10;java.lang.Thread.State: WAITING (on object monitor)&#10;        at sun.misc.Unsafe.park(Native Method)&#10;        at java.util.concurrent.locks.LockSupport.park(LockSupport.java:175)&#10;        at java.util.concurrent.locks.AbstractQueuedSynchronizer$ConditionObject.await(AbstractQueuedSynchronizer.java:2039)&#10;        at java.util.concurrent.ScheduledThreadPoolExecutor$DelayedWorkQueue.take(ScheduledThreadPoolExecutor.java:1088)&#10;        at java.util.concurrent.ScheduledThreadPoolExecutor$DelayedWorkQueue.take(ScheduledThreadPoolExecutor.java:809)&#10;        at java.util.concurrent.ThreadPoolExecutor.getTask(ThreadPoolExecutor.java:1074)&#10;        at java.util.concurrent.ThreadPoolExecutor.runWorker(ThreadPoolExecutor.java:1134)&#10;        at java.util.concurrent.ThreadPoolExecutor$Worker.run(ThreadPoolExecutor.java:624)&#10;        at java.lang.Thread.run(Thread.java:748)&#10;&quot;qtp115531689-3442&quot; daemon prio=5 tid=3442 timed_waiting&#10;java.lang.Thread.State: TIMED_WAITING&#10;        at sun.misc.Unsafe.park(Native Method)&#10;        at java.util.concurrent.locks.LockSupport.parkNanos(LockSupport.java:215)&#10;        at java.util.concurrent.locks.AbstractQueuedSynchronizer$ConditionObject.awaitNanos(AbstractQueuedSynchronizer.java:2078)&#10;        at org.eclipse.jetty.util.BlockingArrayQueue.poll(BlockingArrayQueue.java:382)&#10;        at org.eclipse.jetty.util.thread.QueuedThreadPool$Runner.idleJobPoll(QueuedThreadPool.java:974)&#10;        at org.eclipse.jetty.util.thread.QueuedThreadPool$Runner.run(QueuedThreadPool.java:1018)&#10;        at java.lang.Thread.run(Thread.java:748)&#10;&quot;PartialTableCache Cleanup Thread - 0&quot; daemon prio=5 tid=2027 in Object.wait()&#10;java.lang.Thread.State: WAITING (on object monitor)&#10;        at sun.misc.Unsafe.park(Native Method)&#10;        at java.util.concurrent.locks.LockSupport.park(LockSupport.java:175)&#10;        at java.util.concurrent.locks.AbstractQueuedSynchronizer$ConditionObject.await(AbstractQueuedSynchronizer.java:2039)&#10;        at java.util.concurrent.LinkedBlockingQueue.take(LinkedBlockingQueue.java:442)&#10;        at java.util.concurrent.ThreadPoolExecutor.getTask(ThreadPoolExecutor.java:1074)&#10;        at java.util.concurrent.ThreadPoolExecutor.runWorker(ThreadPoolExecutor.java:1134)&#10;        at java.util.concurrent.ThreadPoolExecutor$Worker.run(ThreadPoolExecutor.java:624)&#10;        at java.lang.Thread.run(Thread.java:748)&#10;&quot;Datanode ReportManager Thread - 4&quot; daemon prio=5 tid=3431 in Object.wait()&#10;java.lang.Thread.State: WAITING (on object monitor)&#10;        at sun.misc.Unsafe.park(Native Method)&#10;        at java.util.concurrent.locks.LockSupport.park(LockSupport.java:175)&#10;        at java.util.concurrent.locks.AbstractQueuedSynchronizer$ConditionObject.await(AbstractQueuedSynchronizer.java:2039)&#10;        at java.util.concurrent.ScheduledThreadPoolExecutor$DelayedWorkQueue.take(ScheduledThreadPoolExecutor.java:1088)&#10;        at java.util.concurrent.ScheduledThreadPoolExecutor$DelayedWorkQueue.take(ScheduledThreadPoolExecutor.java:809)&#10;        at java.util.concurrent.ThreadPoolExecutor.getTask(ThreadPoolExecutor.java:1074)&#10;        at java.util.concurrent.ThreadPoolExecutor.runWorker(ThreadPoolExecutor.java:1134)&#10;        at java.util.concurrent.ThreadPoolExecutor$Worker.run(ThreadPoolExecutor.java:624)&#10;        at java.lang.Thread.run(Thread.java:748)&#10;&quot;DirectoryDeletingService#0&quot; daemon prio=5 tid=3376 timed_waiting&#10;java.lang.Thread.State: TIMED_WAITING&#10;        at sun.misc.Unsafe.park(Native Method)&#10;        at java.util.concurrent.locks.LockSupport.parkNanos(LockSupport.java:215)&#10;        at java.util.concurrent.locks.AbstractQueuedSynchronizer$ConditionObject.awaitNanos(AbstractQueuedSynchronizer.java:2078)&#10;        at java.util.concurrent.ScheduledThreadPoolExecutor$DelayedWorkQueue.take(ScheduledThreadPoolExecutor.java:1093)&#10;        at java.util.concurrent.ScheduledThreadPoolExecutor$DelayedWorkQueue.take(ScheduledThreadPoolExecutor.java:809)&#10;        at java.util.concurrent.ThreadPoolExecutor.getTask(ThreadPoolExecutor.java:1074)&#10;        at java.util.concurrent.ThreadPoolExecutor.runWorker(ThreadPoolExecutor.java:1134)&#10;        at java.util.concurrent.ThreadPoolExecutor$Worker.run(ThreadPoolExecutor.java:624)&#10;        at java.lang.Thread.run(Thread.java:748)&#10;&quot;IPC Server handler 18 on default port 43625&quot; daemon prio=5 tid=3306 timed_waiting&#10;java.lang.Thread.State: TIMED_WAITING&#10;        at sun.misc.Unsafe.park(Native Method)&#10;        at java.util.concurrent.locks.LockSupport.parkNanos(LockSupport.java:215)&#10;        at java.util.concurrent.locks.AbstractQueuedSynchronizer$ConditionObject.awaitNanos(AbstractQueuedSynchronizer.java:2078)&#10;        at java.util.concurrent.LinkedBlockingQueue.poll(LinkedBlockingQueue.java:467)&#10;        at org.apache.hadoop.ipc.CallQueueManager.take(CallQueueManager.java:317)&#10;        at org.apache.hadoop.ipc.Server$Handler.run(Server.java:2932)&#10;&quot;qtp115531689-3446&quot; daemon prio=5 tid=3446 timed_waiting&#10;java.lang.Thread.State: TIMED_WAITING&#10;        at sun.misc.Unsafe.park(Native Method)&#10;        at java.util.concurrent.locks.LockSupport.parkNanos(LockSupport.java:215)&#10;        at java.util.concurrent.locks.AbstractQueuedSynchronizer$ConditionObject.awaitNanos(AbstractQueuedSynchronizer.java:2078)&#10;        at org.eclipse.jetty.util.BlockingArrayQueue.poll(BlockingArrayQueue.java:382)&#10;        at org.eclipse.jetty.util.thread.QueuedThreadPool$Runner.idleJobPoll(QueuedThreadPool.java:974)&#10;        at org.eclipse.jetty.util.thread.QueuedThreadPool$Runner.run(QueuedThreadPool.java:1018)&#10;        at java.lang.Thread.run(Thread.java:748)&#10;&quot;qtp243164435-3378&quot; daemon prio=5 tid=3378 timed_waiting&#10;java.lang.Thread.State: TIMED_WAITING&#10;        at sun.misc.Unsafe.park(Native Method)&#10;        at java.util.concurrent.locks.LockSupport.parkNanos(LockSupport.java:215)&#10;        at java.util.concurrent.locks.AbstractQueuedSynchronizer$ConditionObject.awaitNanos(AbstractQueuedSynchronizer.java:2078)&#10;        at org.eclipse.jetty.util.BlockingArrayQueue.poll(BlockingArrayQueue.java:382)&#10;        at org.eclipse.jetty.util.thread.QueuedThreadPool$Runner.idleJobPoll(QueuedThreadPool.java:974)&#10;        at org.eclipse.jetty.util.thread.QueuedThreadPool$Runner.run(QueuedThreadPool.java:1018)&#10;        at java.lang.Thread.run(Thread.java:748)&#10;&quot;qtp115531689-3444-acceptor-0@70d39551-ServerConnector@7164d793{HTTP/1.1, (http/1.1)}{0.0.0.0:37445}&quot; daemon prio=3 tid=3444 runnable&#10;java.lang.Thread.State: RUNNABLE&#10;        at sun.nio.ch.ServerSocketChannelImpl.accept0(Native Method)&#10;        at sun.nio.ch.ServerSocketChannelImpl.accept(ServerSocketChannelImpl.java:421)&#10;        at sun.nio.ch.ServerSocketChannelImpl.accept(ServerSocketChannelImpl.java:249)&#10;        at org.eclipse.jetty.server.ServerConnector.accept(ServerConnector.java:388)&#10;        at org.eclipse.jetty.server.AbstractConnector$Acceptor.run(AbstractConnector.java:702)&#10;        at org.eclipse.jetty.util.thread.QueuedThreadPool.runJob(QueuedThreadPool.java:883)&#10;        at org.eclipse.jetty.util.thread.QueuedThreadPool$Runner.run(QueuedThreadPool.java:1034)&#10;        at java.lang.Thread.run(Thread.java:748)&#10;&quot;Datanode ReportManager Thread - 0&quot; daemon prio=5 tid=3452 in Object.wait()&#10;java.lang.Thread.State: WAITING (on object monitor)&#10;        at sun.misc.Unsafe.park(Native Method)&#10;        at java.util.concurrent.locks.LockSupport.park(LockSupport.java:175)&#10;        at java.util.concurrent.locks.AbstractQueuedSynchronizer$ConditionObject.await(AbstractQueuedSynchronizer.java:2039)&#10;        at java.util.concurrent.ScheduledThreadPoolExecutor$DelayedWorkQueue.take(ScheduledThreadPoolExecutor.java:1088)&#10;        at java.util.concurrent.ScheduledThreadPoolExecutor$DelayedWorkQueue.take(ScheduledThreadPoolExecutor.java:809)&#10;        at java.util.concurrent.ThreadPoolExecutor.getTask(ThreadPoolExecutor.java:1074)&#10;        at java.util.concurrent.ThreadPoolExecutor.runWorker(ThreadPoolExecutor.java:1134)&#10;        at java.util.concurrent.ThreadPoolExecutor$Worker.run(ThreadPoolExecutor.java:624)&#10;        at java.lang.Thread.run(Thread.java:748)&#10;&quot;IPC Server handler 6 on default port 43625&quot; daemon prio=5 tid=3294 timed_waiting&#10;java.lang.Thread.State: TIMED_WAITING&#10;        at sun.misc.Unsafe.park(Native Method)&#10;        at java.util.concurrent.locks.LockSupport.parkNanos(LockSupport.java:215)&#10;        at java.util.concurrent.locks.AbstractQueuedSynchronizer$ConditionObject.awaitNanos(AbstractQueuedSynchronizer.java:2078)&#10;        at java.util.concurrent.LinkedBlockingQueue.poll(LinkedBlockingQueue.java:467)&#10;        at org.apache.hadoop.ipc.CallQueueManager.take(CallQueueManager.java:317)&#10;        at org.apache.hadoop.ipc.Server$Handler.run(Server.java:2932)&#10;&quot;EventQueue-PipelineReportForPipelineReportHandler&quot; daemon prio=5 tid=3543 in Object.wait()&#10;java.lang.Thread.State: WAITING (on object monitor)&#10;        at sun.misc.Unsafe.park(Native Method)&#10;        at java.util.concurrent.locks.LockSupport.park(LockSupport.java:175)&#10;        at java.util.concurrent.locks.AbstractQueuedSynchronizer$ConditionObject.await(AbstractQueuedSynchronizer.java:2039)&#10;        at java.util.concurrent.LinkedBlockingQueue.take(LinkedBlockingQueue.java:442)&#10;        at java.util.concurrent.ThreadPoolExecutor.getTask(ThreadPoolExecutor.java:1074)&#10;        at java.util.concurrent.ThreadPoolExecutor.runWorker(ThreadPoolExecutor.java:1134)&#10;        at java.util.concurrent.ThreadPoolExecutor$Worker.run(ThreadPoolExecutor.java:624)&#10;        at java.lang.Thread.run(Thread.java:748)&#10;&quot;qtp1910453219-3422&quot; daemon prio=5 tid=3422 timed_waiting&#10;java.lang.Thread.State: TIMED_WAITING&#10;        at sun.misc.Unsafe.park(Native Method)&#10;        at java.util.concurrent.locks.LockSupport.parkNanos(LockSupport.java:215)&#10;        at java.util.concurrent.locks.AbstractQueuedSynchronizer$ConditionObject.awaitNanos(AbstractQueuedSynchronizer.java:2078)&#10;        at org.eclipse.jetty.util.BlockingArrayQueue.poll(BlockingArrayQueue.java:382)&#10;        at org.eclipse.jetty.util.thread.QueuedThreadPool$Runner.idleJobPoll(QueuedThreadPool.java:974)&#10;        at org.eclipse.jetty.util.thread.QueuedThreadPool$Runner.run(QueuedThreadPool.java:1018)&#10;        at java.lang.Thread.run(Thread.java:748)&#10;&quot;Datanode ReportManager Thread - 1&quot; daemon prio=5 tid=3504 timed_waiting&#10;java.lang.Thread.State: TIMED_WAITING&#10;        at sun.misc.Unsafe.park(Native Method)&#10;        at java.util.concurrent.locks.LockSupport.parkNanos(LockSupport.java:215)&#10;        at java.util.concurrent.locks.AbstractQueuedSynchronizer$ConditionObject.awaitNanos(AbstractQueuedSynchronizer.java:2078)&#10;        at java.util.concurrent.ScheduledThreadPoolExecutor$DelayedWorkQueue.take(ScheduledThreadPoolExecutor.java:1093)&#10;        at java.util.concurrent.ScheduledThreadPoolExecutor$DelayedWorkQueue.take(ScheduledThreadPoolExecutor.java:809)&#10;        at java.util.concurrent.ThreadPoolExecutor.getTask(ThreadPoolExecutor.java:1074)&#10;        at java.util.concurrent.ThreadPoolExecutor.runWorker(ThreadPoolExecutor.java:1134)&#10;        at java.util.concurrent.ThreadPoolExecutor$Worker.run(ThreadPoolExecutor.java:624)&#10;        at java.lang.Thread.run(Thread.java:748)&#10;&quot;Datanode State Machine Task Thread - 1&quot;  prio=5 tid=3520 in Object.wait()&#10;java.lang.Thread.State: WAITING (on object monitor)&#10;        at sun.misc.Unsafe.park(Native Method)&#10;        at java.util.concurrent.locks.LockSupport.park(LockSupport.java:175)&#10;        at java.util.concurrent.locks.AbstractQueuedSynchronizer$ConditionObject.await(AbstractQueuedSynchronizer.java:2039)&#10;        at java.util.concurrent.LinkedBlockingQueue.take(LinkedBlockingQueue.java:442)&#10;        at java.util.concurrent.ThreadPoolExecutor.getTask(ThreadPoolExecutor.java:1074)&#10;        at java.util.concurrent.ThreadPoolExecutor.runWorker(ThreadPoolExecutor.java:1134)&#10;        at java.util.concurrent.ThreadPoolExecutor$Worker.run(ThreadPoolExecutor.java:624)&#10;        at java.lang.Thread.run(Thread.java:748)&#10;&quot;IPC Server handler 8 on default port 43677&quot; daemon prio=5 tid=3336 timed_waiting&#10;java.lang.Thread.State: TIMED_WAITING&#10;        at sun.misc.Unsafe.park(Native Method)&#10;        at java.util.concurrent.locks.LockSupport.parkNanos(LockSupport.java:215)&#10;        at java.util.concurrent.locks.AbstractQueuedSynchronizer$ConditionObject.awaitNanos(AbstractQueuedSynchronizer.java:2078)&#10;        at java.util.concurrent.LinkedBlockingQueue.poll(LinkedBlockingQueue.java:467)&#10;        at org.apache.hadoop.ipc.CallQueueManager.take(CallQueueManager.java:317)&#10;        at org.apache.hadoop.ipc.Server$Handler.run(Server.java:2932)&#10;&quot;Session-HouseKeeper-2ca7ee0c-1&quot;  prio=5 tid=3475 timed_waiting&#10;java.lang.Thread.State: TIMED_WAITING&#10;        at sun.misc.Unsafe.park(Native Method)&#10;        at java.util.concurrent.locks.LockSupport.parkNanos(LockSupport.java:215)&#10;        at java.util.concurrent.locks.AbstractQueuedSynchronizer$ConditionObject.awaitNanos(AbstractQueuedSynchronizer.java:2078)&#10;        at java.util.concurrent.ScheduledThreadPoolExecutor$DelayedWorkQueue.take(ScheduledThreadPoolExecutor.java:1093)&#10;        at java.util.concurrent.ScheduledThreadPoolExecutor$DelayedWorkQueue.take(ScheduledThreadPoolExecutor.java:809)&#10;        at java.util.concurrent.ThreadPoolExecutor.getTask(ThreadPoolExecutor.java:1074)&#10;        at java.util.concurrent.ThreadPoolExecutor.runWorker(ThreadPoolExecutor.java:1134)&#10;        at java.util.concurrent.ThreadPoolExecutor$Worker.run(ThreadPoolExecutor.java:624)&#10;        at java.lang.Thread.run(Thread.java:748)&#10;&quot;org.apache.hadoop.ozone.container.common.statemachine.commandhandler.DeleteBlocksCommandHandler$DeleteCmdWorker@6ab8fdb2&quot; daemon prio=5 tid=240 runnable&#10;java.lang.Thread.State: RUNNABLE&#10;        at java.lang.Thread.sleep(Native Method)&#10;        at org.apache.hadoop.ozone.container.common.statemachine.commandhandler.DeleteBlocksCommandHandler$DeleteCmdWorker.run(DeleteBlocksCommandHandler.java:175)&#10;        at java.lang.Thread.run(Thread.java:748)&#10;&quot;DatanodeAdminManager-0&quot; daemon prio=5 tid=3272 timed_waiting&#10;java.lang.Thread.State: TIMED_WAITING&#10;        at sun.misc.Unsafe.park(Native Method)&#10;        at java.util.concurrent.locks.LockSupport.parkNanos(LockSupport.java:215)&#10;        at java.util.concurrent.locks.AbstractQueuedSynchronizer$ConditionObject.awaitNanos(AbstractQueuedSynchronizer.java:2078)&#10;        at java.util.concurrent.ScheduledThreadPoolExecutor$DelayedWorkQueue.take(ScheduledThreadPoolExecutor.java:1093)&#10;        at java.util.concurrent.ScheduledThreadPoolExecutor$DelayedWorkQueue.take(ScheduledThreadPoolExecutor.java:809)&#10;        at java.util.concurrent.ThreadPoolExecutor.getTask(ThreadPoolExecutor.java:1074)&#10;        at java.util.concurrent.ThreadPoolExecutor.runWorker(ThreadPoolExecutor.java:1134)&#10;        at java.util.concurrent.ThreadPoolExecutor$Worker.run(ThreadPoolExecutor.java:624)&#10;        at java.lang.Thread.run(Thread.java:748)&#10;&quot;Datanode ReportManager Thread - 4&quot; daemon prio=5 tid=2264 in Object.wait()&#10;java.lang.Thread.State: WAITING (on object monitor)&#10;        at sun.misc.Unsafe.park(Native Method)&#10;        at java.util.concurrent.locks.LockSupport.park(LockSupport.java:175)&#10;        at java.util.concurrent.locks.AbstractQueuedSynchronizer$ConditionObject.await(AbstractQueuedSynchronizer.java:2039)&#10;        at java.util.concurrent.ScheduledThreadPoolExecutor$DelayedWorkQueue.take(ScheduledThreadPoolExecutor.java:1088)&#10;        at java.util.concurrent.ScheduledThreadPoolExecutor$DelayedWorkQueue.take(ScheduledThreadPoolExecutor.java:809)&#10;        at java.util.concurrent.ThreadPoolExecutor.getTask(ThreadPoolExecutor.java:1074)&#10;        at java.util.concurrent.ThreadPoolExecutor.runWorker(ThreadPoolExecutor.java:1134)&#10;        at java.util.concurrent.ThreadPoolExecutor$Worker.run(ThreadPoolExecutor.java:624)&#10;        at java.lang.Thread.run(Thread.java:748)&#10;&quot;org.apache.hadoop.ozone.container.common.statemachine.commandhandler.DeleteBlocksCommandHandler$DeleteCmdWorker@3cd765ea&quot; daemon prio=5 tid=1396 runnable&#10;java.lang.Thread.State: RUNNABLE&#10;        at java.lang.Thread.sleep(Native Method)&#10;        at org.apache.hadoop.ozone.container.common.statemachine.commandhandler.DeleteBlocksCommandHandler$DeleteCmdWorker.run(DeleteBlocksCommandHandler.java:175)&#10;        at java.lang.Thread.run(Thread.java:748)&#10;&quot;IPC Server handler 15 on default port 43677&quot; daemon prio=5 tid=3343 timed_waiting&#10;java.lang.Thread.State: TIMED_WAITING&#10;        at sun.misc.Unsafe.park(Native Method)&#10;        at java.util.concurrent.locks.LockSupport.parkNanos(LockSupport.java:215)&#10;        at java.util.concurrent.locks.AbstractQueuedSynchronizer$ConditionObject.awaitNanos(AbstractQueuedSynchronizer.java:2078)&#10;        at java.util.concurrent.LinkedBlockingQueue.poll(LinkedBlockingQueue.java:467)&#10;        at org.apache.hadoop.ipc.CallQueueManager.take(CallQueueManager.java:317)&#10;        at org.apache.hadoop.ipc.Server$Handler.run(Server.java:2932)&#10;&quot;IPC Server handler 14 on default port 46101&quot; daemon prio=5 tid=3401 timed_waiting&#10;java.lang.Thread.State: TIMED_WAITING&#10;        at sun.misc.Unsafe.park(Native Method)&#10;        at java.util.concurrent.locks.LockSupport.parkNanos(LockSupport.java:215)&#10;        at java.util.concurrent.locks.AbstractQueuedSynchronizer$ConditionObject.awaitNanos(AbstractQueuedSynchronizer.java:2078)&#10;        at java.util.concurrent.LinkedBlockingQueue.poll(LinkedBlockingQueue.java:467)&#10;        at org.apache.hadoop.ipc.CallQueueManager.take(CallQueueManager.java:317)&#10;        at org.apache.hadoop.ipc.Server$Handler.run(Server.java:2932)&#10;&quot;org.apache.hadoop.ozone.container.common.statemachine.commandhandler.DeleteBlocksCommandHandler$DeleteCmdWorker@26e799b7&quot; daemon prio=5 tid=3440 timed_waiting&#10;java.lang.Thread.State: TIMED_WAITING&#10;        at java.lang.Thread.sleep(Native Method)&#10;        at org.apache.hadoop.ozone.container.common.statemachine.commandhandler.DeleteBlocksCommandHandler$DeleteCmdWorker.run(DeleteBlocksCommandHandler.java:175)&#10;        at java.lang.Thread.run(Thread.java:748)&#10;&quot;qtp706884900-3354&quot; daemon prio=5 tid=3354 timed_waiting&#10;java.lang.Thread.State: TIMED_WAITING&#10;        at sun.misc.Unsafe.park(Native Method)&#10;        at java.util.concurrent.locks.LockSupport.parkNanos(LockSupport.java:215)&#10;        at java.util.concurrent.locks.AbstractQueuedSynchronizer$ConditionObject.awaitNanos(AbstractQueuedSynchronizer.java:2078)&#10;        at org.eclipse.jetty.util.BlockingArrayQueue.poll(BlockingArrayQueue.java:382)&#10;        at org.eclipse.jetty.util.thread.QueuedThreadPool$Runner.idleJobPoll(QueuedThreadPool.java:974)&#10;        at org.eclipse.jetty.util.thread.QueuedThreadPool$Runner.run(QueuedThreadPool.java:1018)&#10;        at java.lang.Thread.run(Thread.java:748)&#10;&quot;IPC Server handler 17 on default port 43677&quot; daemon prio=5 tid=3345 timed_waiting&#10;java.lang.Thread.State: TIMED_WAITING&#10;        at sun.misc.Unsafe.park(Native Method)&#10;        at java.util.concurrent.locks.LockSupport.parkNanos(LockSupport.java:215)&#10;        at java.util.concurrent.locks.AbstractQueuedSynchronizer$ConditionObject.awaitNanos(AbstractQueuedSynchronizer.java:2078)&#10;        at java.util.concurrent.LinkedBlockingQueue.poll(LinkedBlockingQueue.java:467)&#10;        at org.apache.hadoop.ipc.CallQueueManager.take(CallQueueManager.java:317)&#10;        at org.apache.hadoop.ipc.Server$Handler.run(Server.java:2932)&#10;&quot;ChunkWriter-3-0&quot; daemon prio=5 tid=3550 in Object.wait()&#10;java.lang.Thread.State: WAITING (on object monitor)&#10;        at sun.misc.Unsafe.park(Native Method)&#10;        at java.util.concurrent.locks.LockSupport.park(LockSupport.java:175)&#10;        at java.util.concurrent.locks.AbstractQueuedSynchronizer$ConditionObject.await(AbstractQueuedSynchronizer.java:2039)&#10;        at java.util.concurrent.LinkedBlockingDeque.takeFirst(LinkedBlockingDeque.java:492)&#10;        at java.util.concurrent.LinkedBlockingDeque.take(LinkedBlockingDeque.java:680)&#10;        at java.util.concurrent.ThreadPoolExecutor.getTask(ThreadPoolExecutor.java:1074)&#10;        at java.util.concurrent.ThreadPoolExecutor.runWorker(ThreadPoolExecutor.java:1134)&#10;        at java.util.concurrent.ThreadPoolExecutor$Worker.run(ThreadPoolExecutor.java:624)&#10;        at java.lang.Thread.run(Thread.java:748)&#10;&quot;EndpointStateMachine task thread for /0.0.0.0:46785 - 0 &quot;  prio=5 tid=2304 in Object.wait()&#10;java.lang.Thread.State: WAITING (on object monitor)&#10;        at sun.misc.Unsafe.park(Native Method)&#10;        at java.util.concurrent.locks.LockSupport.park(LockSupport.java:175)&#10;        at java.util.concurrent.locks.AbstractQueuedSynchronizer$ConditionObject.await(AbstractQueuedSynchronizer.java:2039)&#10;        at java.util.concurrent.LinkedBlockingQueue.take(LinkedBlockingQueue.java:442)&#10;        at java.util.concurrent.ThreadPoolExecutor.getTask(ThreadPoolExecutor.java:1074)&#10;        at java.util.concurrent.ThreadPoolExecutor.runWorker(ThreadPoolExecutor.java:1134)&#10;        at java.util.concurrent.ThreadPoolExecutor$Worker.run(ThreadPoolExecutor.java:624)&#10;        at java.lang.Thread.run(Thread.java:748)&#10;&quot;Datanode ReportManager Thread - 4&quot; daemon prio=5 tid=2299 in Object.wait()&#10;java.lang.Thread.State: WAITING (on object monitor)&#10;        at sun.misc.Unsafe.park(Native Method)&#10;        at java.util.concurrent.locks.LockSupport.park(LockSupport.java:175)&#10;        at java.util.concurrent.locks.AbstractQueuedSynchronizer$ConditionObject.await(AbstractQueuedSynchronizer.java:2039)&#10;        at java.util.concurrent.ScheduledThreadPoolExecutor$DelayedWorkQueue.take(ScheduledThreadPoolExecutor.java:1088)&#10;        at java.util.concurrent.ScheduledThreadPoolExecutor$DelayedWorkQueue.take(ScheduledThreadPoolExecutor.java:809)&#10;        at java.util.concurrent.ThreadPoolExecutor.getTask(ThreadPoolExecutor.java:1074)&#10;        at java.util.concurrent.ThreadPoolExecutor.runWorker(ThreadPoolExecutor.java:1134)&#10;        at java.util.concurrent.ThreadPoolExecutor$Worker.run(ThreadPoolExecutor.java:624)&#10;        at java.lang.Thread.run(Thread.java:748)&#10;&quot;grpc-shared-destroyer-0&quot; daemon prio=5 tid=1172 in Object.wait()&#10;java.lang.Thread.State: WAITING (on object monitor)&#10;        at sun.misc.Unsafe.park(Native Method)&#10;        at java.util.concurrent.locks.LockSupport.park(LockSupport.java:175)&#10;        at java.util.concurrent.locks.AbstractQueuedSynchronizer$ConditionObject.await(AbstractQueuedSynchronizer.java:2039)&#10;        at java.util.concurrent.ScheduledThreadPoolExecutor$DelayedWorkQueue.take(ScheduledThreadPoolExecutor.java:1081)&#10;        at java.util.concurrent.ScheduledThreadPoolExecutor$DelayedWorkQueue.take(ScheduledThreadPoolExecutor.java:809)&#10;        at java.util.concurrent.ThreadPoolExecutor.getTask(ThreadPoolExecutor.java:1074)&#10;        at java.util.concurrent.ThreadPoolExecutor.runWorker(ThreadPoolExecutor.java:1134)&#10;        at java.util.concurrent.ThreadPoolExecutor$Worker.run(ThreadPoolExecutor.java:624)&#10;        at java.lang.Thread.run(Thread.java:748)&#10;&quot;IPC Server listener on 0&quot; daemon prio=5 tid=3281 runnable&#10;java.lang.Thread.State: RUNNABLE&#10;        at sun.nio.ch.EPollArrayWrapper.epollWait(Native Method)&#10;        at sun.nio.ch.EPollArrayWrapper.poll(EPollArrayWrapper.java:269)&#10;        at sun.nio.ch.EPollSelectorImpl.doSelect(EPollSelectorImpl.java:93)&#10;        at sun.nio.ch.SelectorImpl.lockAndDoSelect(SelectorImpl.java:86)&#10;        at sun.nio.ch.SelectorImpl.select(SelectorImpl.java:97)&#10;        at sun.nio.ch.SelectorImpl.select(SelectorImpl.java:101)&#10;        at org.apache.hadoop.ipc.Server$Listener.run(Server.java:1350)&#10;&quot;qtp1951734534-3497&quot; daemon prio=5 tid=3497 timed_waiting&#10;java.lang.Thread.State: TIMED_WAITING&#10;        at sun.misc.Unsafe.park(Native Method)&#10;        at java.util.concurrent.locks.LockSupport.parkNanos(LockSupport.java:215)&#10;        at java.util.concurrent.locks.AbstractQueuedSynchronizer$ConditionObject.awaitNanos(AbstractQueuedSynchronizer.java:2078)&#10;        at org.eclipse.jetty.util.BlockingArrayQueue.poll(BlockingArrayQueue.java:382)&#10;        at org.eclipse.jetty.util.thread.QueuedThreadPool$Runner.idleJobPoll(QueuedThreadPool.java:974)&#10;        at org.eclipse.jetty.util.thread.QueuedThreadPool$Runner.run(QueuedThreadPool.java:1018)&#10;        at java.lang.Thread.run(Thread.java:748)&#10;&quot;qtp1951734534-3499&quot; daemon prio=5 tid=3499 timed_waiting&#10;java.lang.Thread.State: TIMED_WAITING&#10;        at sun.misc.Unsafe.park(Native Method)&#10;        at java.util.concurrent.locks.LockSupport.parkNanos(LockSupport.java:215)&#10;        at java.util.concurrent.locks.AbstractQueuedSynchronizer$ConditionObject.awaitNanos(AbstractQueuedSynchronizer.java:2078)&#10;        at org.eclipse.jetty.util.BlockingArrayQueue.poll(BlockingArrayQueue.java:382)&#10;        at org.eclipse.jetty.util.thread.QueuedThreadPool$Runner.idleJobPoll(QueuedThreadPool.java:974)&#10;        at org.eclipse.jetty.util.thread.QueuedThreadPool$Runner.run(QueuedThreadPool.java:1018)&#10;        at java.lang.Thread.run(Thread.java:748)&#10;&quot;IPC Server handler 0 on default port 38869&quot; daemon prio=5 tid=3308 timed_waiting&#10;java.lang.Thread.State: TIMED_WAITING&#10;        at sun.misc.Unsafe.park(Native Method)&#10;        at java.util.concurrent.locks.LockSupport.parkNanos(LockSupport.java:215)&#10;        at java.util.concurrent.locks.AbstractQueuedSynchronizer$ConditionObject.awaitNanos(AbstractQueuedSynchronizer.java:2078)&#10;        at java.util.concurrent.LinkedBlockingQueue.poll(LinkedBlockingQueue.java:467)&#10;        at org.apache.hadoop.ipc.CallQueueManager.take(CallQueueManager.java:317)&#10;        at org.apache.hadoop.ipc.Server$Handler.run(Server.java:2932)&#10;&quot;pool-665-thread-1&quot;  prio=5 tid=3364 in Object.wait()&#10;java.lang.Thread.State: WAITING (on object monitor)&#10;        at sun.misc.Unsafe.park(Native Method)&#10;        at java.util.concurrent.locks.LockSupport.park(LockSupport.java:175)&#10;        at java.util.concurrent.locks.AbstractQueuedSynchronizer$ConditionObject.await(AbstractQueuedSynchronizer.java:2039)&#10;        at java.util.concurrent.LinkedBlockingQueue.take(LinkedBlockingQueue.java:442)&#10;        at java.util.concurrent.ThreadPoolExecutor.getTask(ThreadPoolExecutor.java:1074)&#10;        at java.util.concurrent.ThreadPoolExecutor.runWorker(ThreadPoolExecutor.java:1134)&#10;        at java.util.concurrent.ThreadPoolExecutor$Worker.run(ThreadPoolExecutor.java:624)&#10;        at java.lang.Thread.run(Thread.java:748)&#10;&quot;pool-728-thread-1&quot; daemon prio=5 tid=3488 timed_waiting&#10;java.lang.Thread.State: TIMED_WAITING&#10;        at sun.misc.Unsafe.park(Native Method)&#10;        at java.util.concurrent.locks.LockSupport.parkNanos(LockSupport.java:215)&#10;        at java.util.concurrent.locks.AbstractQueuedSynchronizer$ConditionObject.awaitNanos(AbstractQueuedSynchronizer.java:2078)&#10;        at java.util.concurrent.ScheduledThreadPoolExecutor$DelayedWorkQueue.take(ScheduledThreadPoolExecutor.java:1093)&#10;        at java.util.concurrent.ScheduledThreadPoolExecutor$DelayedWorkQueue.take(ScheduledThreadPoolExecutor.java:809)&#10;        at java.util.concurrent.ThreadPoolExecutor.getTask(ThreadPoolExecutor.java:1074)&#10;        at java.util.concurrent.ThreadPoolExecutor.runWorker(ThreadPoolExecutor.java:1134)&#10;        at java.util.concurrent.ThreadPoolExecutor$Worker.run(ThreadPoolExecutor.java:624)&#10;        at java.lang.Thread.run(Thread.java:748)&#10;&quot;49fe3bb7-2dae-482d-a175-9585c41bacad@group-81B74C2B8187-SegmentedRaftLogWorker&quot;  prio=5 tid=3579 timed_waiting&#10;java.lang.Thread.State: TIMED_WAITING&#10;        at sun.misc.Unsafe.park(Native Method)&#10;        at java.util.concurrent.locks.LockSupport.parkNanos(LockSupport.java:215)&#10;        at java.util.concurrent.locks.AbstractQueuedSynchronizer$ConditionObject.awaitNanos(AbstractQueuedSynchronizer.java:2078)&#10;        at org.apache.ratis.util.DataBlockingQueue.poll(DataBlockingQueue.java:137)&#10;        at org.apache.ratis.server.raftlog.segmented.SegmentedRaftLogWorker.run(SegmentedRaftLogWorker.java:292)&#10;        at org.apache.ratis.server.raftlog.segmented.SegmentedRaftLogWorker$$Lambda$471/1580114807.run(Unknown Source)&#10;        at java.lang.Thread.run(Thread.java:748)&#10;&quot;org.apache.hadoop.ozone.container.common.statemachine.commandhandler.DeleteBlocksCommandHandler$DeleteCmdWorker@18aee9f3&quot; daemon prio=5 tid=188 runnable&#10;java.lang.Thread.State: RUNNABLE&#10;        at java.lang.Throwable.fillInStackTrace(Native Method)&#10;        at java.lang.Throwable.fillInStackTrace(Throwable.java:784)&#10;        at java.lang.Throwable.&lt;init&gt;(Throwable.java:266)&#10;        at java.lang.Exception.&lt;init&gt;(Exception.java:66)&#10;        at java.lang.InterruptedException.&lt;init&gt;(InterruptedException.java:67)&#10;        at java.lang.Thread.sleep(Native Method)&#10;        at org.apache.hadoop.ozone.container.common.statemachine.commandhandler.DeleteBlocksCommandHandler$DeleteCmdWorker.run(DeleteBlocksCommandHandler.java:175)&#10;        at java.lang.Thread.run(Thread.java:748)&#10;&quot;qtp1910453219-3416-acceptor-0@5338480e-ServerConnector@71184fb9{HTTP/1.1, (http/1.1)}{0.0.0.0:38119}&quot; daemon prio=3 tid=3416 runnable&#10;java.lang.Thread.State: RUNNABLE&#10;        at sun.nio.ch.ServerSocketChannelImpl.accept0(Native Method)&#10;        at sun.nio.ch.ServerSocketChannelImpl.accept(ServerSocketChannelImpl.java:421)&#10;        at sun.nio.ch.ServerSocketChannelImpl.accept(ServerSocketChannelImpl.java:249)&#10;        at org.eclipse.jetty.server.ServerConnector.accept(ServerConnector.java:388)&#10;        at org.eclipse.jetty.server.AbstractConnector$Acceptor.run(AbstractConnector.java:702)&#10;        at org.eclipse.jetty.util.thread.QueuedThreadPool.runJob(QueuedThreadPool.java:883)&#10;        at org.eclipse.jetty.util.thread.QueuedThreadPool$Runner.run(QueuedThreadPool.java:1034)&#10;        at java.lang.Thread.run(Thread.java:748)&#10;&quot;PartialTableCache Cleanup Thread - 0&quot; daemon prio=5 tid=1584 in Object.wait()&#10;java.lang.Thread.State: WAITING (on object monitor)&#10;        at sun.misc.Unsafe.park(Native Method)&#10;        at java.util.concurrent.locks.LockSupport.park(LockSupport.java:175)&#10;        at java.util.concurrent.locks.AbstractQueuedSynchronizer$ConditionObject.await(AbstractQueuedSynchronizer.java:2039)&#10;        at java.util.concurrent.LinkedBlockingQueue.take(LinkedBlockingQueue.java:442)&#10;        at java.util.concurrent.ThreadPoolExecutor.getTask(ThreadPoolExecutor.java:1074)&#10;        at java.util.concurrent.ThreadPoolExecutor.runWorker(ThreadPoolExecutor.java:1134)&#10;        at java.util.concurrent.ThreadPoolExecutor$Worker.run(ThreadPoolExecutor.java:624)&#10;        at java.lang.Thread.run(Thread.java:748)&#10;&quot;PartialTableCache Cleanup Thread - 0&quot; daemon prio=5 tid=1993 in Object.wait()&#10;java.lang.Thread.State: WAITING (on object monitor)&#10;        at sun.misc.Unsafe.park(Native Method)&#10;        at java.util.concurrent.locks.LockSupport.park(LockSupport.java:175)&#10;        at java.util.concurrent.locks.AbstractQueuedSynchronizer$ConditionObject.await(AbstractQueuedSynchronizer.java:2039)&#10;        at java.util.concurrent.LinkedBlockingQueue.take(LinkedBlockingQueue.java:442)&#10;        at java.util.concurrent.ThreadPoolExecutor.getTask(ThreadPoolExecutor.java:1074)&#10;        at java.util.concurrent.ThreadPoolExecutor.runWorker(ThreadPoolExecutor.java:1134)&#10;        at java.util.concurrent.ThreadPoolExecutor$Worker.run(ThreadPoolExecutor.java:624)&#10;        at java.lang.Thread.run(Thread.java:748)&#10;&quot;Datanode ReportManager Thread - 2&quot; daemon prio=5 tid=1816 in Object.wait()&#10;java.lang.Thread.State: WAITING (on object monitor)&#10;        at sun.misc.Unsafe.park(Native Method)&#10;        at java.util.concurrent.locks.LockSupport.park(LockSupport.java:175)&#10;        at java.util.concurrent.locks.AbstractQueuedSynchronizer$ConditionObject.await(AbstractQueuedSynchronizer.java:2039)&#10;        at java.util.concurrent.ScheduledThreadPoolExecutor$DelayedWorkQueue.take(ScheduledThreadPoolExecutor.java:1088)&#10;        at java.util.concurrent.ScheduledThreadPoolExecutor$DelayedWorkQueue.take(ScheduledThreadPoolExecutor.java:809)&#10;        at java.util.concurrent.ThreadPoolExecutor.getTask(ThreadPoolExecutor.java:1074)&#10;        at java.util.concurrent.ThreadPoolExecutor.runWorker(ThreadPoolExecutor.java:1134)&#10;        at java.util.concurrent.ThreadPoolExecutor$Worker.run(ThreadPoolExecutor.java:624)&#10;        at java.lang.Thread.run(Thread.java:748)&#10;&quot;Periodic HDDS volume checker&quot; daemon prio=5 tid=3409 timed_waiting&#10;java.lang.Thread.State: TIMED_WAITING&#10;        at sun.misc.Unsafe.park(Native Method)&#10;        at java.util.concurrent.locks.LockSupport.parkNanos(LockSupport.java:215)&#10;        at java.util.concurrent.locks.AbstractQueuedSynchronizer$ConditionObject.awaitNanos(AbstractQueuedSynchronizer.java:2078)&#10;        at java.util.concurrent.ScheduledThreadPoolExecutor$DelayedWorkQueue.take(ScheduledThreadPoolExecutor.java:1093)&#10;        at java.util.concurrent.ScheduledThreadPoolExecutor$DelayedWorkQueue.take(ScheduledThreadPoolExecutor.java:809)&#10;        at java.util.concurrent.ThreadPoolExecutor.getTask(ThreadPoolExecutor.java:1074)&#10;        at java.util.concurrent.ThreadPoolExecutor.runWorker(ThreadPoolExecutor.java:1134)&#10;        at java.util.concurrent.ThreadPoolExecutor$Worker.run(ThreadPoolExecutor.java:624)&#10;        at java.lang.Thread.run(Thread.java:748)&#10;&quot;SCM Heartbeat Processing Thread - 0&quot; daemon prio=5 tid=3269 timed_waiting&#10;java.lang.Thread.State: TIMED_WAITING&#10;        at sun.misc.Unsafe.park(Native Method)&#10;        at java.util.concurrent.locks.LockSupport.parkNanos(LockSupport.java:215)&#10;        at java.util.concurrent.locks.AbstractQueuedSynchronizer$ConditionObject.awaitNanos(AbstractQueuedSynchronizer.java:2078)&#10;        at java.util.concurrent.ScheduledThreadPoolExecutor$DelayedWorkQueue.take(ScheduledThreadPoolExecutor.java:1093)&#10;        at java.util.concurrent.ScheduledThreadPoolExecutor$DelayedWorkQueue.take(ScheduledThreadPoolExecutor.java:809)&#10;        at java.util.concurrent.ThreadPoolExecutor.getTask(ThreadPoolExecutor.java:1074)&#10;        at java.util.concurrent.ThreadPoolExecutor.runWorker(ThreadPoolExecutor.java:1134)&#10;        at java.util.concurrent.ThreadPoolExecutor$Worker.run(ThreadPoolExecutor.java:624)&#10;        at java.lang.Thread.run(Thread.java:748)&#10;&quot;EndpointStateMachine task thread for /0.0.0.0:43677 - 0 &quot;  prio=5 tid=3546 in Object.wait()&#10;java.lang.Thread.State: WAITING (on object monitor)&#10;        at sun.misc.Unsafe.park(Native Method)&#10;        at java.util.concurrent.locks.LockSupport.park(LockSupport.java:175)&#10;        at java.util.concurrent.locks.AbstractQueuedSynchronizer$ConditionObject.await(AbstractQueuedSynchronizer.java:2039)&#10;        at java.util.concurrent.LinkedBlockingQueue.take(LinkedBlockingQueue.java:442)&#10;        at java.util.concurrent.ThreadPoolExecutor.getTask(ThreadPoolExecutor.java:1074)&#10;        at java.util.concurrent.ThreadPoolExecutor.runWorker(ThreadPoolExecutor.java:1134)&#10;        at java.util.concurrent.ThreadPoolExecutor$Worker.run(ThreadPoolExecutor.java:624)&#10;        at java.lang.Thread.run(Thread.java:748)&#10;&quot;qtp1951734534-3496&quot; daemon prio=5 tid=3496 timed_waiting&#10;java.lang.Thread.State: TIMED_WAITING&#10;        at sun.misc.Unsafe.park(Native Method)&#10;        at java.util.concurrent.locks.LockSupport.parkNanos(LockSupport.java:215)&#10;        at java.util.concurrent.locks.AbstractQueuedSynchronizer$ConditionObject.awaitNanos(AbstractQueuedSynchronizer.java:2078)&#10;        at org.eclipse.jetty.util.BlockingArrayQueue.poll(BlockingArrayQueue.java:382)&#10;        at org.eclipse.jetty.util.thread.QueuedThreadPool$Runner.idleJobPoll(QueuedThreadPool.java:974)&#10;        at org.eclipse.jetty.util.thread.QueuedThreadPool$Runner.run(QueuedThreadPool.java:1018)&#10;        at java.lang.Thread.run(Thread.java:748)&#10;&quot;EventQueue-ContainerReportForContainerReportHandler&quot; daemon prio=5 tid=3554 in Object.wait()&#10;java.lang.Thread.State: WAITING (on object monitor)&#10;        at sun.misc.Unsafe.park(Native Method)&#10;        at java.util.concurrent.locks.LockSupport.park(LockSupport.java:175)&#10;        at java.util.concurrent.locks.AbstractQueuedSynchronizer$ConditionObject.await(AbstractQueuedSynchronizer.java:2039)&#10;        at java.util.concurrent.LinkedBlockingQueue.take(LinkedBlockingQueue.java:442)&#10;        at java.util.concurrent.ThreadPoolExecutor.getTask(ThreadPoolExecutor.java:1074)&#10;        at java.util.concurrent.ThreadPoolExecutor.runWorker(ThreadPoolExecutor.java:1134)&#10;        at java.util.concurrent.ThreadPoolExecutor$Worker.run(ThreadPoolExecutor.java:624)&#10;        at java.lang.Thread.run(Thread.java:748)&#10;&quot;Datanode ReportManager Thread - 0&quot; daemon prio=5 tid=1789 in Object.wait()&#10;java.lang.Thread.State: WAITING (on object monitor)&#10;        at sun.misc.Unsafe.park(Native Method)&#10;        at java.util.concurrent.locks.LockSupport.park(LockSupport.java:175)&#10;        at java.util.concurrent.locks.AbstractQueuedSynchronizer$ConditionObject.await(AbstractQueuedSynchronizer.java:2039)&#10;        at java.util.concurrent.ScheduledThreadPoolExecutor$DelayedWorkQueue.take(ScheduledThreadPoolExecutor.java:1088)&#10;        at java.util.concurrent.ScheduledThreadPoolExecutor$DelayedWorkQueue.take(ScheduledThreadPoolExecutor.java:809)&#10;        at java.util.concurrent.ThreadPoolExecutor.getTask(ThreadPoolExecutor.java:1074)&#10;        at java.util.concurrent.ThreadPoolExecutor.runWorker(ThreadPoolExecutor.java:1134)&#10;        at java.util.concurrent.ThreadPoolExecutor$Worker.run(ThreadPoolExecutor.java:624)&#10;        at java.lang.Thread.run(Thread.java:748)&#10;&quot;Datanode ReportManager Thread - 0&quot; daemon prio=5 tid=1383 in Object.wait()&#10;java.lang.Thread.State: WAITING (on object monitor)&#10;        at sun.misc.Unsafe.park(Native Method)&#10;        at java.util.concurrent.locks.LockSupport.park(LockSupport.java:175)&#10;        at java.util.concurrent.locks.AbstractQueuedSynchronizer$ConditionObject.await(AbstractQueuedSynchronizer.java:2039)&#10;        at java.util.concurrent.ScheduledThreadPoolExecutor$DelayedWorkQueue.take(ScheduledThreadPoolExecutor.java:1088)&#10;        at java.util.concurrent.ScheduledThreadPoolExecutor$DelayedWorkQueue.take(ScheduledThreadPoolExecutor.java:809)&#10;        at java.util.concurrent.ThreadPoolExecutor.getTask(ThreadPoolExecutor.java:1074)&#10;        at java.util.concurrent.ThreadPoolExecutor.runWorker(ThreadPoolExecutor.java:1134)&#10;        at java.util.concurrent.ThreadPoolExecutor$Worker.run(ThreadPoolExecutor.java:624)&#10;        at java.lang.Thread.run(Thread.java:748)&#10;&quot;surefire-forkedjvm-ping-30s&quot; daemon prio=5 tid=10 timed_waiting&#10;java.lang.Thread.State: TIMED_WAITING&#10;        at sun.misc.Unsafe.park(Native Method)&#10;        at java.util.concurrent.locks.LockSupport.parkNanos(LockSupport.java:215)&#10;        at java.util.concurrent.locks.AbstractQueuedSynchronizer$ConditionObject.awaitNanos(AbstractQueuedSynchronizer.java:2078)&#10;        at java.util.concurrent.ScheduledThreadPoolExecutor$DelayedWorkQueue.take(ScheduledThreadPoolExecutor.java:1093)&#10;        at java.util.concurrent.ScheduledThreadPoolExecutor$DelayedWorkQueue.take(ScheduledThreadPoolExecutor.java:809)&#10;        at java.util.concurrent.ThreadPoolExecutor.getTask(ThreadPoolExecutor.java:1074)&#10;        at java.util.concurrent.ThreadPoolExecutor.runWorker(ThreadPoolExecutor.java:1134)&#10;        at java.util.concurrent.ThreadPoolExecutor$Worker.run(ThreadPoolExecutor.java:624)&#10;        at java.lang.Thread.run(Thread.java:748)&#10;&quot;IPC Server handler 0 on default port 43625&quot; daemon prio=5 tid=3288 timed_waiting&#10;java.lang.Thread.State: TIMED_WAITING&#10;        at sun.misc.Unsafe.park(Native Method)&#10;        at java.util.concurrent.locks.LockSupport.parkNanos(LockSupport.java:215)&#10;        at java.util.concurrent.locks.AbstractQueuedSynchronizer$ConditionObject.awaitNanos(AbstractQueuedSynchronizer.java:2078)&#10;        at java.util.concurrent.LinkedBlockingQueue.poll(LinkedBlockingQueue.java:467)&#10;        at org.apache.hadoop.ipc.CallQueueManager.take(CallQueueManager.java:317)&#10;        at org.apache.hadoop.ipc.Server$Handler.run(Server.java:2932)&#10;&quot;49fe3bb7-2dae-482d-a175-9585c41bacad@group-81B74C2B8187-StateMachineUpdater&quot; daemon prio=5 tid=3580 in Object.wait()&#10;java.lang.Thread.State: WAITING (on object monitor)&#10;        at java.lang.Object.wait(Native Method)&#10;        at java.lang.Object.wait(Object.java:502)&#10;        at org.apache.ratis.server.impl.StateMachineUpdater.waitForCommit(StateMachineUpdater.java:204)&#10;        at org.apache.ratis.server.impl.StateMachineUpdater.run(StateMachineUpdater.java:173)&#10;        at java.lang.Thread.run(Thread.java:748)&#10;&quot;IPC Server handler 15 on default port 46101&quot; daemon prio=5 tid=3402 timed_waiting&#10;java.lang.Thread.State: TIMED_WAITING&#10;        at sun.misc.Unsafe.park(Native Method)&#10;        at java.util.concurrent.locks.LockSupport.parkNanos(LockSupport.java:215)&#10;        at java.util.concurrent.locks.AbstractQueuedSynchronizer$ConditionObject.awaitNanos(AbstractQueuedSynchronizer.java:2078)&#10;        at java.util.concurrent.LinkedBlockingQueue.poll(LinkedBlockingQueue.java:467)&#10;        at org.apache.hadoop.ipc.CallQueueManager.take(CallQueueManager.java:317)&#10;        at org.apache.hadoop.ipc.Server$Handler.run(Server.java:2932)&#10;&quot;EndpointStateMachine task thread for /0.0.0.0:43677 - 0 &quot;  prio=5 tid=3530 in Object.wait()&#10;java.lang.Thread.State: WAITING (on object monitor)&#10;        at sun.misc.Unsafe.park(Native Method)&#10;        at java.util.concurrent.locks.LockSupport.park(LockSupport.java:175)&#10;        at java.util.concurrent.locks.AbstractQueuedSynchronizer$ConditionObject.await(AbstractQueuedSynchronizer.java:2039)&#10;        at java.util.concurrent.LinkedBlockingQueue.take(LinkedBlockingQueue.java:442)&#10;        at java.util.concurrent.ThreadPoolExecutor.getTask(ThreadPoolExecutor.java:1074)&#10;        at java.util.concurrent.ThreadPoolExecutor.runWorker(ThreadPoolExecutor.java:1134)&#10;        at java.util.concurrent.ThreadPoolExecutor$Worker.run(ThreadPoolExecutor.java:624)&#10;        at java.lang.Thread.run(Thread.java:748)&#10;&quot;qtp1910453219-3417&quot; daemon prio=5 tid=3417 timed_waiting&#10;java.lang.Thread.State: TIMED_WAITING&#10;        at sun.misc.Unsafe.park(Native Method)&#10;        at java.util.concurrent.locks.LockSupport.parkNanos(LockSupport.java:215)&#10;        at java.util.concurrent.locks.AbstractQueuedSynchronizer$ConditionObject.awaitNanos(AbstractQueuedSynchronizer.java:2078)&#10;        at org.eclipse.jetty.util.BlockingArrayQueue.poll(BlockingArrayQueue.java:382)&#10;        at org.eclipse.jetty.util.thread.QueuedThreadPool$Runner.idleJobPoll(QueuedThreadPool.java:974)&#10;        at org.eclipse.jetty.util.thread.QueuedThreadPool$Runner.run(QueuedThreadPool.java:1018)&#10;        at java.lang.Thread.run(Thread.java:748)&#10;&quot;qtp980429648-3469&quot; daemon prio=5 tid=3469 timed_waiting&#10;java.lang.Thread.State: TIMED_WAITING&#10;        at sun.misc.Unsafe.park(Native Method)&#10;        at java.util.concurrent.locks.LockSupport.parkNanos(LockSupport.java:215)&#10;        at java.util.concurrent.locks.AbstractQueuedSynchronizer$ConditionObject.awaitNanos(AbstractQueuedSynchronizer.java:2078)&#10;        at org.eclipse.jetty.util.BlockingArrayQueue.poll(BlockingArrayQueue.java:382)&#10;        at org.eclipse.jetty.util.thread.QueuedThreadPool$Runner.idleJobPoll(QueuedThreadPool.java:974)&#10;        at org.eclipse.jetty.util.thread.QueuedThreadPool$Runner.run(QueuedThreadPool.java:1018)&#10;        at java.lang.Thread.run(Thread.java:748)&#10;&quot;qtp115531689-3445&quot; daemon prio=5 tid=3445 timed_waiting&#10;java.lang.Thread.State: TIMED_WAITING&#10;        at sun.misc.Unsafe.park(Native Method)&#10;        at java.util.concurrent.locks.LockSupport.parkNanos(LockSupport.java:215)&#10;        at java.util.concurrent.locks.AbstractQueuedSynchronizer$ConditionObject.awaitNanos(AbstractQueuedSynchronizer.java:2078)&#10;        at org.eclipse.jetty.util.BlockingArrayQueue.poll(BlockingArrayQueue.java:382)&#10;        at org.eclipse.jetty.util.thread.QueuedThreadPool$Runner.idleJobPoll(QueuedThreadPool.java:974)&#10;        at org.eclipse.jetty.util.thread.QueuedThreadPool$Runner.run(QueuedThreadPool.java:1018)&#10;        at java.lang.Thread.run(Thread.java:748)&#10;&quot;IPC Server handler 0 on default port 43677&quot; daemon prio=5 tid=3328 timed_waiting&#10;java.lang.Thread.State: TIMED_WAITING&#10;        at sun.misc.Unsafe.park(Native Method)&#10;        at java.util.concurrent.locks.LockSupport.parkNanos(LockSupport.java:215)&#10;        at java.util.concurrent.locks.AbstractQueuedSynchronizer$ConditionObject.awaitNanos(AbstractQueuedSynchronizer.java:2078)&#10;        at java.util.concurrent.LinkedBlockingQueue.poll(LinkedBlockingQueue.java:467)&#10;        at org.apache.hadoop.ipc.CallQueueManager.take(CallQueueManager.java:317)&#10;        at org.apache.hadoop.ipc.Server$Handler.run(Server.java:2932)&#10;&quot;IPC Server idle connection scanner for port 46101&quot; daemon prio=5 tid=3367 timed_waiting&#10;java.lang.Thread.State: TIMED_WAITING&#10;        at java.lang.Object.wait(Native Method)&#10;        at java.util.TimerThread.mainLoop(Timer.java:552)&#10;        at java.util.TimerThread.run(Timer.java:505)&#10;&quot;org.apache.hadoop.util.JvmPauseMonitor$Monitor@4aad865c&quot; daemon prio=5 tid=3483 timed_waiting&#10;java.lang.Thread.State: TIMED_WAITING&#10;        at java.lang.Thread.sleep(Native Method)&#10;        at org.apache.hadoop.util.JvmPauseMonitor$Monitor.run(JvmPauseMonitor.java:192)&#10;        at java.lang.Thread.run(Thread.java:748)&#10;&quot;grpc-default-worker-ELG-3-2&quot; daemon prio=5 tid=318 runnable&#10;java.lang.Thread.State: RUNNABLE&#10;        at org.apache.ratis.thirdparty.io.netty.channel.epoll.Native.epollWait(Native Method)&#10;        at org.apache.ratis.thirdparty.io.netty.channel.epoll.Native.epollWait(Native.java:177)&#10;        at org.apache.ratis.thirdparty.io.netty.channel.epoll.Native.epollWait(Native.java:170)&#10;        at org.apache.ratis.thirdparty.io.netty.channel.epoll.EpollEventLoop.epollWaitNoTimerChange(EpollEventLoop.java:290)&#10;        at org.apache.ratis.thirdparty.io.netty.channel.epoll.EpollEventLoop.run(EpollEventLoop.java:347)&#10;        at org.apache.ratis.thirdparty.io.netty.util.concurrent.SingleThreadEventExecutor$4.run(SingleThreadEventExecutor.java:989)&#10;        at org.apache.ratis.thirdparty.io.netty.util.internal.ThreadExecutorMap$2.run(ThreadExecutorMap.java:74)&#10;        at org.apache.ratis.thirdparty.io.netty.util.concurrent.FastThreadLocalRunnable.run(FastThreadLocalRunnable.java:30)&#10;        at java.lang.Thread.run(Thread.java:748)&#10;&quot;74f41514-20ca-4955-9e3a-cfde988d45f9@group-2750B8C67C55-StateMachineUpdater&quot; daemon prio=5 tid=3584 in Object.wait()&#10;java.lang.Thread.State: WAITING (on object monitor)&#10;        at java.lang.Object.wait(Native Method)&#10;        at java.lang.Object.wait(Object.java:502)&#10;        at org.apache.ratis.server.impl.StateMachineUpdater.waitForCommit(StateMachineUpdater.java:204)&#10;        at org.apache.ratis.server.impl.StateMachineUpdater.run(StateMachineUpdater.java:173)&#10;        at java.lang.Thread.run(Thread.java:748)&#10;&quot;qtp706884900-3358&quot; daemon prio=5 tid=3358 timed_waiting&#10;java.lang.Thread.State: TIMED_WAITING&#10;        at sun.misc.Unsafe.park(Native Method)&#10;        at java.util.concurrent.locks.LockSupport.parkNanos(LockSupport.java:215)&#10;        at java.util.concurrent.locks.AbstractQueuedSynchronizer$ConditionObject.awaitNanos(AbstractQueuedSynchronizer.java:2078)&#10;        at org.eclipse.jetty.util.BlockingArrayQueue.poll(BlockingArrayQueue.java:382)&#10;        at org.eclipse.jetty.util.thread.QueuedThreadPool$Runner.idleJobPoll(QueuedThreadPool.java:974)&#10;        at org.eclipse.jetty.util.thread.QueuedThreadPool$Runner.run(QueuedThreadPool.java:1018)&#10;        at java.lang.Thread.run(Thread.java:748)&#10;&quot;Datanode ReportManager Thread - 1&quot; daemon prio=5 tid=228 in Object.wait()&#10;java.lang.Thread.State: WAITING (on object monitor)&#10;        at sun.misc.Unsafe.park(Native Method)&#10;        at java.util.concurrent.locks.LockSupport.park(LockSupport.java:175)&#10;        at java.util.concurrent.locks.AbstractQueuedSynchronizer$ConditionObject.await(AbstractQueuedSynchronizer.java:2039)&#10;        at java.util.concurrent.ScheduledThreadPoolExecutor$DelayedWorkQueue.take(ScheduledThreadPoolExecutor.java:1088)&#10;        at java.util.concurrent.ScheduledThreadPoolExecutor$DelayedWorkQueue.take(ScheduledThreadPoolExecutor.java:809)&#10;        at java.util.concurrent.ThreadPoolExecutor.getTask(ThreadPoolExecutor.java:1074)&#10;        at java.util.concurrent.ThreadPoolExecutor.runWorker(ThreadPoolExecutor.java:1134)&#10;        at java.util.concurrent.ThreadPoolExecutor$Worker.run(ThreadPoolExecutor.java:624)&#10;        at java.lang.Thread.run(Thread.java:748)&#10;&quot;Datanode ReportManager Thread - 1&quot; daemon prio=5 tid=176 in Object.wait()&#10;java.lang.Thread.State: WAITING (on object monitor)&#10;        at sun.misc.Unsafe.park(Native Method)&#10;        at java.util.concurrent.locks.LockSupport.park(LockSupport.java:175)&#10;        at java.util.concurrent.locks.AbstractQueuedSynchronizer$ConditionObject.await(AbstractQueuedSynchronizer.java:2039)&#10;        at java.util.concurrent.ScheduledThreadPoolExecutor$DelayedWorkQueue.take(ScheduledThreadPoolExecutor.java:1088)&#10;        at java.util.concurrent.ScheduledThreadPoolExecutor$DelayedWorkQueue.take(ScheduledThreadPoolExecutor.java:809)&#10;        at java.util.concurrent.ThreadPoolExecutor.getTask(ThreadPoolExecutor.java:1074)&#10;        at java.util.concurrent.ThreadPoolExecutor.runWorker(ThreadPoolExecutor.java:1134)&#10;        at java.util.concurrent.ThreadPoolExecutor$Worker.run(ThreadPoolExecutor.java:624)&#10;        at java.lang.Thread.run(Thread.java:748)&#10;&quot;Datanode ReportManager Thread - 1&quot; daemon prio=5 tid=2236 timed_waiting&#10;java.lang.Thread.State: TIMED_WAITING&#10;        at sun.misc.Unsafe.park(Native Method)&#10;        at java.util.concurrent.locks.LockSupport.parkNanos(LockSupport.java:215)&#10;        at java.util.concurrent.locks.AbstractQueuedSynchronizer$ConditionObject.awaitNanos(AbstractQueuedSynchronizer.java:2078)&#10;        at java.util.concurrent.ScheduledThreadPoolExecutor$DelayedWorkQueue.take(ScheduledThreadPoolExecutor.java:1093)&#10;        at java.util.concurrent.ScheduledThreadPoolExecutor$DelayedWorkQueue.take(ScheduledThreadPoolExecutor.java:809)&#10;        at java.util.concurrent.ThreadPoolExecutor.getTask(ThreadPoolExecutor.java:1074)&#10;        at java.util.concurrent.ThreadPoolExecutor.runWorker(ThreadPoolExecutor.java:1134)&#10;        at java.util.concurrent.ThreadPoolExecutor$Worker.run(ThreadPoolExecutor.java:624)&#10;        at java.lang.Thread.run(Thread.java:748)&#10;&quot;FullTableCache Cleanup Thread - 0&quot; daemon prio=5 tid=381 in Object.wait()&#10;java.lang.Thread.State: WAITING (on object monitor)&#10;        at sun.misc.Unsafe.park(Native Method)&#10;        at java.util.concurrent.locks.LockSupport.park(LockSupport.java:175)&#10;        at java.util.concurrent.locks.AbstractQueuedSynchronizer$ConditionObject.await(AbstractQueuedSynchronizer.java:2039)&#10;        at java.util.concurrent.LinkedBlockingQueue.take(LinkedBlockingQueue.java:442)&#10;        at java.util.concurrent.ThreadPoolExecutor.getTask(ThreadPoolExecutor.java:1074)&#10;        at java.util.concurrent.ThreadPoolExecutor.runWorker(ThreadPoolExecutor.java:1134)&#10;        at java.util.concurrent.ThreadPoolExecutor$Worker.run(ThreadPoolExecutor.java:624)&#10;        at java.lang.Thread.run(Thread.java:748)&#10;&quot;Datanode ReportManager Thread - 1&quot; daemon prio=5 tid=1384 in Object.wait()&#10;java.lang.Thread.State: WAITING (on object monitor)&#10;        at sun.misc.Unsafe.park(Native Method)&#10;        at java.util.concurrent.locks.LockSupport.park(LockSupport.java:175)&#10;        at java.util.concurrent.locks.AbstractQueuedSynchronizer$ConditionObject.await(AbstractQueuedSynchronizer.java:2039)&#10;        at java.util.concurrent.ScheduledThreadPoolExecutor$DelayedWorkQueue.take(ScheduledThreadPoolExecutor.java:1088)&#10;        at java.util.concurrent.ScheduledThreadPoolExecutor$DelayedWorkQueue.take(ScheduledThreadPoolExecutor.java:809)&#10;        at java.util.concurrent.ThreadPoolExecutor.getTask(ThreadPoolExecutor.java:1074)&#10;        at java.util.concurrent.ThreadPoolExecutor.runWorker(ThreadPoolExecutor.java:1134)&#10;        at java.util.concurrent.ThreadPoolExecutor$Worker.run(ThreadPoolExecutor.java:624)&#10;        at java.lang.Thread.run(Thread.java:748)&#10;&quot;SCMBlockDeletingService#0&quot; daemon prio=5 tid=3348 timed_waiting&#10;java.lang.Thread.State: TIMED_WAITING&#10;        at sun.misc.Unsafe.park(Native Method)&#10;        at java.util.concurrent.locks.LockSupport.parkNanos(LockSupport.java:215)&#10;        at java.util.concurrent.locks.AbstractQueuedSynchronizer$ConditionObject.awaitNanos(AbstractQueuedSynchronizer.java:2078)&#10;        at java.util.concurrent.ScheduledThreadPoolExecutor$DelayedWorkQueue.take(ScheduledThreadPoolExecutor.java:1093)&#10;        at java.util.concurrent.ScheduledThreadPoolExecutor$DelayedWorkQueue.take(ScheduledThreadPoolExecutor.java:809)&#10;        at java.util.concurrent.ThreadPoolExecutor.getTask(ThreadPoolExecutor.java:1074)&#10;        at java.util.concurrent.ThreadPoolExecutor.runWorker(ThreadPoolExecutor.java:1134)&#10;        at java.util.concurrent.ThreadPoolExecutor$Worker.run(ThreadPoolExecutor.java:624)&#10;        at java.lang.Thread.run(Thread.java:748)&#10;&quot;Datanode ReportManager Thread - 2&quot; daemon prio=5 tid=1765 in Object.wait()&#10;java.lang.Thread.State: WAITING (on object monitor)&#10;        at sun.misc.Unsafe.park(Native Method)&#10;        at java.util.concurrent.locks.LockSupport.park(LockSupport.java:175)&#10;        at java.util.concurrent.locks.AbstractQueuedSynchronizer$ConditionObject.await(AbstractQueuedSynchronizer.java:2039)&#10;        at java.util.concurrent.ScheduledThreadPoolExecutor$DelayedWorkQueue.take(ScheduledThreadPoolExecutor.java:1088)&#10;        at java.util.concurrent.ScheduledThreadPoolExecutor$DelayedWorkQueue.take(ScheduledThreadPoolExecutor.java:809)&#10;        at java.util.concurrent.ThreadPoolExecutor.getTask(ThreadPoolExecutor.java:1074)&#10;        at java.util.concurrent.ThreadPoolExecutor.runWorker(ThreadPoolExecutor.java:1134)&#10;        at java.util.concurrent.ThreadPoolExecutor$Worker.run(ThreadPoolExecutor.java:624)&#10;        at java.lang.Thread.run(Thread.java:748)&#10;&quot;BlockDeletingService#2&quot; daemon prio=5 tid=3690 in Object.wait()&#10;java.lang.Thread.State: WAITING (on object monitor)&#10;        at sun.misc.Unsafe.park(Native Method)&#10;        at java.util.concurrent.locks.LockSupport.park(LockSupport.java:175)&#10;        at java.util.concurrent.locks.AbstractQueuedSynchronizer$ConditionObject.await(AbstractQueuedSynchronizer.java:2039)&#10;        at java.util.concurrent.ScheduledThreadPoolExecutor$DelayedWorkQueue.take(ScheduledThreadPoolExecutor.java:1088)&#10;        at java.util.concurrent.ScheduledThreadPoolExecutor$DelayedWorkQueue.take(ScheduledThreadPoolExecutor.java:809)&#10;        at java.util.concurrent.ThreadPoolExecutor.getTask(ThreadPoolExecutor.java:1074)&#10;        at java.util.concurrent.ThreadPoolExecutor.runWorker(ThreadPoolExecutor.java:1134)&#10;        at java.util.concurrent.ThreadPoolExecutor$Worker.run(ThreadPoolExecutor.java:624)&#10;        at java.lang.Thread.run(Thread.java:748)&#10;&quot;qtp706884900-3353&quot; daemon prio=5 tid=3353 timed_waiting&#10;java.lang.Thread.State: TIMED_WAITING&#10;        at sun.misc.Unsafe.park(Native Method)&#10;        at java.util.concurrent.locks.LockSupport.parkNanos(LockSupport.java:215)&#10;        at java.util.concurrent.locks.AbstractQueuedSynchronizer$ConditionObject.awaitNanos(AbstractQueuedSynchronizer.java:2078)&#10;        at org.eclipse.jetty.util.BlockingArrayQueue.poll(BlockingArrayQueue.java:382)&#10;        at org.eclipse.jetty.util.thread.QueuedThreadPool$Runner.idleJobPoll(QueuedThreadPool.java:974)&#10;        at org.eclipse.jetty.util.thread.QueuedThreadPool$Runner.run(QueuedThreadPool.java:1018)&#10;        at java.lang.Thread.run(Thread.java:748)&#10;&quot;45f86aeb-e384-4aa9-8d84-a9c74618d31d@group-677DDB1507C0-SegmentedRaftLogWorker&quot;  prio=5 tid=3572 timed_waiting&#10;java.lang.Thread.State: TIMED_WAITING&#10;        at sun.misc.Unsafe.park(Native Method)&#10;        at java.util.concurrent.locks.LockSupport.parkNanos(LockSupport.java:215)&#10;        at java.util.concurrent.locks.AbstractQueuedSynchronizer$ConditionObject.awaitNanos(AbstractQueuedSynchronizer.java:2078)&#10;        at org.apache.ratis.util.DataBlockingQueue.poll(DataBlockingQueue.java:137)&#10;        at org.apache.ratis.server.raftlog.segmented.SegmentedRaftLogWorker.run(SegmentedRaftLogWorker.java:292)&#10;        at org.apache.ratis.server.raftlog.segmented.SegmentedRaftLogWorker$$Lambda$471/1580114807.run(Unknown Source)&#10;        at java.lang.Thread.run(Thread.java:748)&#10;&quot;org.apache.hadoop.ozone.container.common.statemachine.commandhandler.DeleteBlocksCommandHandler$DeleteCmdWorker@5a2d9380&quot; daemon prio=5 tid=1371 runnable&#10;java.lang.Thread.State: RUNNABLE&#10;        at java.lang.Thread.sleep(Native Method)&#10;        at org.apache.hadoop.ozone.container.common.statemachine.commandhandler.DeleteBlocksCommandHandler$DeleteCmdWorker.run(DeleteBlocksCommandHandler.java:175)&#10;        at java.lang.Thread.run(Thread.java:748)&#10;&quot;IPC Server handler 4 on default port 43677&quot; daemon prio=5 tid=3332 timed_waiting&#10;java.lang.Thread.State: TIMED_WAITING&#10;        at sun.misc.Unsafe.park(Native Method)&#10;        at java.util.concurrent.locks.LockSupport.parkNanos(LockSupport.java:215)&#10;        at java.util.concurrent.locks.AbstractQueuedSynchronizer$ConditionObject.awaitNanos(AbstractQueuedSynchronizer.java:2078)&#10;        at java.util.concurrent.LinkedBlockingQueue.poll(LinkedBlockingQueue.java:467)&#10;        at org.apache.hadoop.ipc.CallQueueManager.take(CallQueueManager.java:317)&#10;        at org.apache.hadoop.ipc.Server$Handler.run(Server.java:2932)&#10;&quot;45f86aeb-e384-4aa9-8d84-a9c74618d31d@group-D3C789E88085-StateMachineUpdater&quot; daemon prio=5 tid=3577 in Object.wait()&#10;java.lang.Thread.State: WAITING (on object monitor)&#10;        at java.lang.Object.wait(Native Method)&#10;        at java.lang.Object.wait(Object.java:502)&#10;        at org.apache.ratis.server.impl.StateMachineUpdater.waitForCommit(StateMachineUpdater.java:204)&#10;        at org.apache.ratis.server.impl.StateMachineUpdater.run(StateMachineUpdater.java:173)&#10;        at java.lang.Thread.run(Thread.java:748)&#10;&quot;Datanode ReportManager Thread - 4&quot; daemon prio=5 tid=1387 timed_waiting&#10;java.lang.Thread.State: TIMED_WAITING&#10;        at sun.misc.Unsafe.park(Native Method)&#10;        at java.util.concurrent.locks.LockSupport.parkNanos(LockSupport.java:215)&#10;        at java.util.concurrent.locks.AbstractQueuedSynchronizer$ConditionObject.awaitNanos(AbstractQueuedSynchronizer.java:2078)&#10;        at java.util.concurrent.ScheduledThreadPoolExecutor$DelayedWorkQueue.take(ScheduledThreadPoolExecutor.java:1093)&#10;        at java.util.concurrent.ScheduledThreadPoolExecutor$DelayedWorkQueue.take(ScheduledThreadPoolExecutor.java:809)&#10;        at java.util.concurrent.ThreadPoolExecutor.getTask(ThreadPoolExecutor.java:1074)&#10;        at java.util.concurrent.ThreadPoolExecutor.runWorker(ThreadPoolExecutor.java:1134)&#10;        at java.util.concurrent.ThreadPoolExecutor$Worker.run(ThreadPoolExecutor.java:624)&#10;        at java.lang.Thread.run(Thread.java:748)&#10;&quot;EndpointStateMachine task thread for /0.0.0.0:45403 - 0 &quot;  prio=5 tid=1417 in Object.wait()&#10;java.lang.Thread.State: WAITING (on object monitor)&#10;        at sun.misc.Unsafe.park(Native Method)&#10;        at java.util.concurrent.locks.LockSupport.park(LockSupport.java:175)&#10;        at java.util.concurrent.locks.AbstractQueuedSynchronizer$ConditionObject.await(AbstractQueuedSynchronizer.java:2039)&#10;        at java.util.concurrent.LinkedBlockingQueue.take(LinkedBlockingQueue.java:442)&#10;        at java.util.concurrent.ThreadPoolExecutor.getTask(ThreadPoolExecutor.java:1074)&#10;        at java.util.concurrent.ThreadPoolExecutor.runWorker(ThreadPoolExecutor.java:1134)&#10;        at java.util.concurrent.ThreadPoolExecutor$Worker.run(ThreadPoolExecutor.java:624)&#10;        at java.lang.Thread.run(Thread.java:748)&#10;&quot;IPC Server handler 4 on default port 46101&quot; daemon prio=5 tid=3391 timed_waiting&#10;java.lang.Thread.State: TIMED_WAITING&#10;        at sun.misc.Unsafe.park(Native Method)&#10;        at java.util.concurrent.locks.LockSupport.parkNanos(LockSupport.java:215)&#10;        at java.util.concurrent.locks.AbstractQueuedSynchronizer$ConditionObject.awaitNanos(AbstractQueuedSynchronizer.java:2078)&#10;        at java.util.concurrent.LinkedBlockingQueue.poll(LinkedBlockingQueue.java:467)&#10;        at org.apache.hadoop.ipc.CallQueueManager.take(CallQueueManager.java:317)&#10;        at org.apache.hadoop.ipc.Server$Handler.run(Server.java:2932)&#10;&quot;grpc-default-worker-ELG-3-1&quot; daemon prio=5 tid=316 runnable&#10;java.lang.Thread.State: RUNNABLE&#10;        at org.apache.ratis.thirdparty.io.netty.channel.epoll.Native.epollWait(Native Method)&#10;        at org.apache.ratis.thirdparty.io.netty.channel.epoll.Native.epollWait(Native.java:177)&#10;        at org.apache.ratis.thirdparty.io.netty.channel.epoll.Native.epollWait(Native.java:170)&#10;        at org.apache.ratis.thirdparty.io.netty.channel.epoll.EpollEventLoop.epollWaitNoTimerChange(EpollEventLoop.java:290)&#10;        at org.apache.ratis.thirdparty.io.netty.channel.epoll.EpollEventLoop.run(EpollEventLoop.java:347)&#10;        at org.apache.ratis.thirdparty.io.netty.util.concurrent.SingleThreadEventExecutor$4.run(SingleThreadEventExecutor.java:989)&#10;        at org.apache.ratis.thirdparty.io.netty.util.internal.ThreadExecutorMap$2.run(ThreadExecutorMap.java:74)&#10;        at org.apache.ratis.thirdparty.io.netty.util.concurrent.FastThreadLocalRunnable.run(FastThreadLocalRunnable.java:30)&#10;        at java.lang.Thread.run(Thread.java:748)&#10;&quot;IPC Server handler 13 on default port 43625&quot; daemon prio=5 tid=3301 timed_waiting&#10;java.lang.Thread.State: TIMED_WAITING&#10;        at sun.misc.Unsafe.park(Native Method)&#10;        at java.util.concurrent.locks.LockSupport.parkNanos(LockSupport.java:215)&#10;        at java.util.concurrent.locks.AbstractQueuedSynchronizer$ConditionObject.awaitNanos(AbstractQueuedSynchronizer.java:2078)&#10;        at java.util.concurrent.LinkedBlockingQueue.poll(LinkedBlockingQueue.java:467)&#10;        at org.apache.hadoop.ipc.CallQueueManager.take(CallQueueManager.java:317)&#10;        at org.apache.hadoop.ipc.Server$Handler.run(Server.java:2932)&#10;&quot;BlockDeletingService#0&quot; daemon prio=5 tid=3552 in Object.wait()&#10;java.lang.Thread.State: WAITING (on object monitor)&#10;        at sun.misc.Unsafe.park(Native Method)&#10;        at java.util.concurrent.locks.LockSupport.park(LockSupport.java:175)&#10;        at java.util.concurrent.locks.AbstractQueuedSynchronizer$ConditionObject.await(AbstractQueuedSynchronizer.java:2039)&#10;        at java.util.concurrent.ScheduledThreadPoolExecutor$DelayedWorkQueue.take(ScheduledThreadPoolExecutor.java:1088)&#10;        at java.util.concurrent.ScheduledThreadPoolExecutor$DelayedWorkQueue.take(ScheduledThreadPoolExecutor.java:809)&#10;        at java.util.concurrent.ThreadPoolExecutor.getTask(ThreadPoolExecutor.java:1074)&#10;        at java.util.concurrent.ThreadPoolExecutor.runWorker(ThreadPoolExecutor.java:1134)&#10;        at java.util.concurrent.ThreadPoolExecutor$Worker.run(ThreadPoolExecutor.java:624)&#10;        at java.lang.Thread.run(Thread.java:748)&#10;&quot;pool-683-thread-1&quot;  prio=5 tid=3414 timed_waiting&#10;java.lang.Thread.State: TIMED_WAITING&#10;        at sun.misc.Unsafe.park(Native Method)&#10;        at java.util.concurrent.locks.LockSupport.parkNanos(LockSupport.java:215)&#10;        at java.util.concurrent.locks.AbstractQueuedSynchronizer$ConditionObject.awaitNanos(AbstractQueuedSynchronizer.java:2078)&#10;        at java.util.concurrent.ScheduledThreadPoolExecutor$DelayedWorkQueue.take(ScheduledThreadPoolExecutor.java:1093)&#10;        at java.util.concurrent.ScheduledThreadPoolExecutor$DelayedWorkQueue.take(ScheduledThreadPoolExecutor.java:809)&#10;        at java.util.concurrent.ThreadPoolExecutor.getTask(ThreadPoolExecutor.java:1074)&#10;        at java.util.concurrent.ThreadPoolExecutor.runWorker(ThreadPoolExecutor.java:1134)&#10;        at java.util.concurrent.ThreadPoolExecutor$Worker.run(ThreadPoolExecutor.java:624)&#10;        at java.lang.Thread.run(Thread.java:748)&#10;&quot;IPC Server idle connection scanner for port 43625&quot; daemon prio=5 tid=3283 timed_waiting&#10;java.lang.Thread.State: TIMED_WAITING&#10;        at java.lang.Object.wait(Native Method)&#10;        at java.util.TimerThread.mainLoop(Timer.java:552)&#10;        at java.util.TimerThread.run(Timer.java:505)&#10;&quot;EndpointStateMachine task thread for /0.0.0.0:46875 - 0 &quot;  prio=5 tid=1839 in Object.wait()&#10;java.lang.Thread.State: WAITING (on object monitor)&#10;        at sun.misc.Unsafe.park(Native Method)&#10;        at java.util.concurrent.locks.LockSupport.park(LockSupport.java:175)&#10;        at java.util.concurrent.locks.AbstractQueuedSynchronizer$ConditionObject.await(AbstractQueuedSynchronizer.java:2039)&#10;        at java.util.concurrent.LinkedBlockingQueue.take(LinkedBlockingQueue.java:442)&#10;        at java.util.concurrent.ThreadPoolExecutor.getTask(ThreadPoolExecutor.java:1074)&#10;        at java.util.concurrent.ThreadPoolExecutor.runWorker(ThreadPoolExecutor.java:1134)&#10;        at java.util.concurrent.ThreadPoolExecutor$Worker.run(ThreadPoolExecutor.java:624)&#10;        at java.lang.Thread.run(Thread.java:748)&#10;&quot;FullTableCache Cleanup Thread - 0&quot; daemon prio=5 tid=1546 in Object.wait()&#10;java.lang.Thread.State: WAITING (on object monitor)&#10;        at sun.misc.Unsafe.park(Native Method)&#10;        at java.util.concurrent.locks.LockSupport.park(LockSupport.java:175)&#10;        at java.util.concurrent.locks.AbstractQueuedSynchronizer$ConditionObject.await(AbstractQueuedSynchronizer.java:2039)&#10;        at java.util.concurrent.LinkedBlockingQueue.take(LinkedBlockingQueue.java:442)&#10;        at java.util.concurrent.ThreadPoolExecutor.getTask(ThreadPoolExecutor.java:1074)&#10;        at java.util.concurrent.ThreadPoolExecutor.runWorker(ThreadPoolExecutor.java:1134)&#10;        at java.util.concurrent.ThreadPoolExecutor$Worker.run(ThreadPoolExecutor.java:624)&#10;        at java.lang.Thread.run(Thread.java:748)&#10;&quot;PartialTableCache Cleanup Thread - 0&quot; daemon prio=5 tid=2423 in Object.wait()&#10;java.lang.Thread.State: WAITING (on object monitor)&#10;        at sun.misc.Unsafe.park(Native Method)&#10;        at java.util.concurrent.locks.LockSupport.park(LockSupport.java:175)&#10;        at java.util.concurrent.locks.AbstractQueuedSynchronizer$ConditionObject.await(AbstractQueuedSynchronizer.java:2039)&#10;        at java.util.concurrent.LinkedBlockingQueue.take(LinkedBlockingQueue.java:442)&#10;        at java.util.concurrent.ThreadPoolExecutor.getTask(ThreadPoolExecutor.java:1074)&#10;        at java.util.concurrent.ThreadPoolExecutor.runWorker(ThreadPoolExecutor.java:1134)&#10;        at java.util.concurrent.ThreadPoolExecutor$Worker.run(ThreadPoolExecutor.java:624)&#10;        at java.lang.Thread.run(Thread.java:748)&#10;&quot;Datanode ReportManager Thread - 1&quot; daemon prio=5 tid=202 in Object.wait()&#10;java.lang.Thread.State: WAITING (on object monitor)&#10;        at sun.misc.Unsafe.park(Native Method)&#10;        at java.util.concurrent.locks.LockSupport.park(LockSupport.java:175)&#10;        at java.util.concurrent.locks.AbstractQueuedSynchronizer$ConditionObject.await(AbstractQueuedSynchronizer.java:2039)&#10;        at java.util.concurrent.ScheduledThreadPoolExecutor$DelayedWorkQueue.take(ScheduledThreadPoolExecutor.java:1088)&#10;        at java.util.concurrent.ScheduledThreadPoolExecutor$DelayedWorkQueue.take(ScheduledThreadPoolExecutor.java:809)&#10;        at java.util.concurrent.ThreadPoolExecutor.getTask(ThreadPoolExecutor.java:1074)&#10;        at java.util.concurrent.ThreadPoolExecutor.runWorker(ThreadPoolExecutor.java:1134)&#10;        at java.util.concurrent.ThreadPoolExecutor$Worker.run(ThreadPoolExecutor.java:624)&#10;        at java.lang.Thread.run(Thread.java:748)&#10;&quot;Datanode ReportManager Thread - 3&quot; daemon prio=5 tid=3430 timed_waiting&#10;java.lang.Thread.State: TIMED_WAITING&#10;        at sun.misc.Unsafe.park(Native Method)&#10;        at java.util.concurrent.locks.LockSupport.parkNanos(LockSupport.java:215)&#10;        at java.util.concurrent.locks.AbstractQueuedSynchronizer$ConditionObject.awaitNanos(AbstractQueuedSynchronizer.java:2078)&#10;        at java.util.concurrent.ScheduledThreadPoolExecutor$DelayedWorkQueue.take(ScheduledThreadPoolExecutor.java:1093)&#10;        at java.util.concurrent.ScheduledThreadPoolExecutor$DelayedWorkQueue.take(ScheduledThreadPoolExecutor.java:809)&#10;        at java.util.concurrent.ThreadPoolExecutor.getTask(ThreadPoolExecutor.java:1074)&#10;        at java.util.concurrent.ThreadPoolExecutor.runWorker(ThreadPoolExecutor.java:1134)&#10;        at java.util.concurrent.ThreadPoolExecutor$Worker.run(ThreadPoolExecutor.java:624)&#10;        at java.lang.Thread.run(Thread.java:748)&#10;&quot;Datanode ReportManager Thread - 2&quot; daemon prio=5 tid=2297 timed_waiting&#10;java.lang.Thread.State: TIMED_WAITING&#10;        at sun.misc.Unsafe.park(Native Method)&#10;        at java.util.concurrent.locks.LockSupport.parkNanos(LockSupport.java:215)&#10;        at java.util.concurrent.locks.AbstractQueuedSynchronizer$ConditionObject.awaitNanos(AbstractQueuedSynchronizer.java:2078)&#10;        at java.util.concurrent.ScheduledThreadPoolExecutor$DelayedWorkQueue.take(ScheduledThreadPoolExecutor.java:1093)&#10;        at java.util.concurrent.ScheduledThreadPoolExecutor$DelayedWorkQueue.take(ScheduledThreadPoolExecutor.java:809)&#10;        at java.util.concurrent.ThreadPoolExecutor.getTask(ThreadPoolExecutor.java:1074)&#10;        at java.util.concurrent.ThreadPoolExecutor.runWorker(ThreadPoolExecutor.java:1134)&#10;        at java.util.concurrent.ThreadPoolExecutor$Worker.run(ThreadPoolExecutor.java:624)&#10;        at java.lang.Thread.run(Thread.java:748)&#10;&quot;Socket Reader #1 for port 0&quot; daemon prio=5 tid=3366 runnable&#10;java.lang.Thread.State: RUNNABLE&#10;        at sun.nio.ch.EPollArrayWrapper.epollWait(Native Method)&#10;        at sun.nio.ch.EPollArrayWrapper.poll(EPollArrayWrapper.java:269)&#10;        at sun.nio.ch.EPollSelectorImpl.doSelect(EPollSelectorImpl.java:93)&#10;        at sun.nio.ch.SelectorImpl.lockAndDoSelect(SelectorImpl.java:86)&#10;        at sun.nio.ch.SelectorImpl.select(SelectorImpl.java:97)&#10;        at sun.nio.ch.SelectorImpl.select(SelectorImpl.java:101)&#10;        at org.apache.hadoop.ipc.Server$Listener$Reader.doRunLoop(Server.java:1288)&#10;        at org.apache.hadoop.ipc.Server$Listener$Reader.run(Server.java:1267)&#10;&quot;ChunkWriter-0-0&quot; daemon prio=5 tid=3522 in Object.wait()&#10;java.lang.Thread.State: WAITING (on object monitor)&#10;        at sun.misc.Unsafe.park(Native Method)&#10;        at java.util.concurrent.locks.LockSupport.park(LockSupport.java:175)&#10;        at java.util.concurrent.locks.AbstractQueuedSynchronizer$ConditionObject.await(AbstractQueuedSynchronizer.java:2039)&#10;        at java.util.concurrent.LinkedBlockingDeque.takeFirst(LinkedBlockingDeque.java:492)&#10;        at java.util.concurrent.LinkedBlockingDeque.take(LinkedBlockingDeque.java:680)&#10;        at java.util.concurrent.ThreadPoolExecutor.getTask(ThreadPoolExecutor.java:1074)&#10;        at java.util.concurrent.ThreadPoolExecutor.runWorker(ThreadPoolExecutor.java:1134)&#10;        at java.util.concurrent.ThreadPoolExecutor$Worker.run(ThreadPoolExecutor.java:624)&#10;        at java.lang.Thread.run(Thread.java:748)&#10;&quot;Datanode ReportManager Thread - 4&quot; daemon prio=5 tid=1818 in Object.wait()&#10;java.lang.Thread.State: WAITING (on object monitor)&#10;        at sun.misc.Unsafe.park(Native Method)&#10;        at java.util.concurrent.locks.LockSupport.park(LockSupport.java:175)&#10;        at java.util.concurrent.locks.AbstractQueuedSynchronizer$ConditionObject.await(AbstractQueuedSynchronizer.java:2039)&#10;        at java.util.concurrent.ScheduledThreadPoolExecutor$DelayedWorkQueue.take(ScheduledThreadPoolExecutor.java:1088)&#10;        at java.util.concurrent.ScheduledThreadPoolExecutor$DelayedWorkQueue.take(ScheduledThreadPoolExecutor.java:809)&#10;        at java.util.concurrent.ThreadPoolExecutor.getTask(ThreadPoolExecutor.java:1074)&#10;        at java.util.concurrent.ThreadPoolExecutor.runWorker(ThreadPoolExecutor.java:1134)&#10;        at java.util.concurrent.ThreadPoolExecutor$Worker.run(ThreadPoolExecutor.java:624)&#10;        at java.lang.Thread.run(Thread.java:748)&#10;&quot;IPC Server handler 2 on default port 46101&quot; daemon prio=5 tid=3389 timed_waiting&#10;java.lang.Thread.State: TIMED_WAITING&#10;        at sun.misc.Unsafe.park(Native Method)&#10;        at java.util.concurrent.locks.LockSupport.parkNanos(LockSupport.java:215)&#10;        at java.util.concurrent.locks.AbstractQueuedSynchronizer$ConditionObject.awaitNanos(AbstractQueuedSynchronizer.java:2078)&#10;        at java.util.concurrent.LinkedBlockingQueue.poll(LinkedBlockingQueue.java:467)&#10;        at org.apache.hadoop.ipc.CallQueueManager.take(CallQueueManager.java:317)&#10;        at org.apache.hadoop.ipc.Server$Handler.run(Server.java:2932)&#10;&quot;Datanode ReportManager Thread - 2&quot; daemon prio=5 tid=2211 in Object.wait()&#10;java.lang.Thread.State: WAITING (on object monitor)&#10;        at sun.misc.Unsafe.park(Native Method)&#10;        at java.util.concurrent.locks.LockSupport.park(LockSupport.java:175)&#10;        at java.util.concurrent.locks.AbstractQueuedSynchronizer$ConditionObject.await(AbstractQueuedSynchronizer.java:2039)&#10;        at java.util.concurrent.ScheduledThreadPoolExecutor$DelayedWorkQueue.take(ScheduledThreadPoolExecutor.java:1088)&#10;        at java.util.concurrent.ScheduledThreadPoolExecutor$DelayedWorkQueue.take(ScheduledThreadPoolExecutor.java:809)&#10;        at java.util.concurrent.ThreadPoolExecutor.getTask(ThreadPoolExecutor.java:1074)&#10;        at java.util.concurrent.ThreadPoolExecutor.runWorker(ThreadPoolExecutor.java:1134)&#10;        at java.util.concurrent.ThreadPoolExecutor$Worker.run(ThreadPoolExecutor.java:624)&#10;        at java.lang.Thread.run(Thread.java:748)&#10;&quot;ChunkWriter-1-0&quot; daemon prio=5 tid=3548 in Object.wait()&#10;java.lang.Thread.State: WAITING (on object monitor)&#10;        at sun.misc.Unsafe.park(Native Method)&#10;        at java.util.concurrent.locks.LockSupport.park(LockSupport.java:175)&#10;        at java.util.concurrent.locks.AbstractQueuedSynchronizer$ConditionObject.await(AbstractQueuedSynchronizer.java:2039)&#10;        at java.util.concurrent.LinkedBlockingDeque.takeFirst(LinkedBlockingDeque.java:492)&#10;        at java.util.concurrent.LinkedBlockingDeque.take(LinkedBlockingDeque.java:680)&#10;        at java.util.concurrent.ThreadPoolExecutor.getTask(ThreadPoolExecutor.java:1074)&#10;        at java.util.concurrent.ThreadPoolExecutor.runWorker(ThreadPoolExecutor.java:1134)&#10;        at java.util.concurrent.ThreadPoolExecutor$Worker.run(ThreadPoolExecutor.java:624)&#10;        at java.lang.Thread.run(Thread.java:748)&#10;&quot;qtp1951734534-3498&quot; daemon prio=5 tid=3498 timed_waiting&#10;java.lang.Thread.State: TIMED_WAITING&#10;        at sun.misc.Unsafe.park(Native Method)&#10;        at java.util.concurrent.locks.LockSupport.parkNanos(LockSupport.java:215)&#10;        at java.util.concurrent.locks.AbstractQueuedSynchronizer$ConditionObject.awaitNanos(AbstractQueuedSynchronizer.java:2078)&#10;        at org.eclipse.jetty.util.BlockingArrayQueue.poll(BlockingArrayQueue.java:382)&#10;        at org.eclipse.jetty.util.thread.QueuedThreadPool$Runner.idleJobPoll(QueuedThreadPool.java:974)&#10;        at org.eclipse.jetty.util.thread.QueuedThreadPool$Runner.run(QueuedThreadPool.java:1018)&#10;        at java.lang.Thread.run(Thread.java:748)&#10;&quot;Datanode ReportManager Thread - 0&quot; daemon prio=5 tid=201 in Object.wait()&#10;java.lang.Thread.State: WAITING (on object monitor)&#10;        at sun.misc.Unsafe.park(Native Method)&#10;        at java.util.concurrent.locks.LockSupport.park(LockSupport.java:175)&#10;        at java.util.concurrent.locks.AbstractQueuedSynchronizer$ConditionObject.await(AbstractQueuedSynchronizer.java:2039)&#10;        at java.util.concurrent.ScheduledThreadPoolExecutor$DelayedWorkQueue.take(ScheduledThreadPoolExecutor.java:1088)&#10;        at java.util.concurrent.ScheduledThreadPoolExecutor$DelayedWorkQueue.take(ScheduledThreadPoolExecutor.java:809)&#10;        at java.util.concurrent.ThreadPoolExecutor.getTask(ThreadPoolExecutor.java:1074)&#10;        at java.util.concurrent.ThreadPoolExecutor.runWorker(ThreadPoolExecutor.java:1134)&#10;        at java.util.concurrent.ThreadPoolExecutor$Worker.run(ThreadPoolExecutor.java:624)&#10;        at java.lang.Thread.run(Thread.java:748)&#10;&quot;Datanode ReportManager Thread - 4&quot; daemon prio=5 tid=2239 in Object.wait()&#10;java.lang.Thread.State: WAITING (on object monitor)&#10;        at sun.misc.Unsafe.park(Native Method)&#10;        at java.util.concurrent.locks.LockSupport.park(LockSupport.java:175)&#10;        at java.util.concurrent.locks.AbstractQueuedSynchronizer$ConditionObject.await(AbstractQueuedSynchronizer.java:2039)&#10;        at java.util.concurrent.ScheduledThreadPoolExecutor$DelayedWorkQueue.take(ScheduledThreadPoolExecutor.java:1088)&#10;        at java.util.concurrent.ScheduledThreadPoolExecutor$DelayedWorkQueue.take(ScheduledThreadPoolExecutor.java:809)&#10;        at java.util.concurrent.ThreadPoolExecutor.getTask(ThreadPoolExecutor.java:1074)&#10;        at java.util.concurrent.ThreadPoolExecutor.runWorker(ThreadPoolExecutor.java:1134)&#10;        at java.util.concurrent.ThreadPoolExecutor$Worker.run(ThreadPoolExecutor.java:624)&#10;        at java.lang.Thread.run(Thread.java:748)&#10;&quot;Command processor thread&quot; daemon prio=5 tid=3508 timed_waiting&#10;java.lang.Thread.State: TIMED_WAITING&#10;        at java.lang.Thread.sleep(Native Method)&#10;        at org.apache.hadoop.ozone.container.common.statemachine.DatanodeStateMachine.lambda$initCommandHandlerThread$2(DatanodeStateMachine.java:574)&#10;        at org.apache.hadoop.ozone.container.common.statemachine.DatanodeStateMachine$$Lambda$577/1509945893.run(Unknown Source)&#10;        at java.lang.Thread.run(Thread.java:748)&#10;&quot;Datanode ReportManager Thread - 4&quot; daemon prio=5 tid=1767 in Object.wait()&#10;java.lang.Thread.State: WAITING (on object monitor)&#10;        at sun.misc.Unsafe.park(Native Method)&#10;        at java.util.concurrent.locks.LockSupport.park(LockSupport.java:175)&#10;        at java.util.concurrent.locks.AbstractQueuedSynchronizer$ConditionObject.await(AbstractQueuedSynchronizer.java:2039)&#10;        at java.util.concurrent.ScheduledThreadPoolExecutor$DelayedWorkQueue.take(ScheduledThreadPoolExecutor.java:1088)&#10;        at java.util.concurrent.ScheduledThreadPoolExecutor$DelayedWorkQueue.take(ScheduledThreadPoolExecutor.java:809)&#10;        at java.util.concurrent.ThreadPoolExecutor.getTask(ThreadPoolExecutor.java:1074)&#10;        at java.util.concurrent.ThreadPoolExecutor.runWorker(ThreadPoolExecutor.java:1134)&#10;        at java.util.concurrent.ThreadPoolExecutor$Worker.run(ThreadPoolExecutor.java:624)&#10;        at java.lang.Thread.run(Thread.java:748)&#10;&quot;IPC Server handler 19 on default port 46101&quot; daemon prio=5 tid=3406 timed_waiting&#10;java.lang.Thread.State: TIMED_WAITING&#10;        at sun.misc.Unsafe.park(Native Method)&#10;        at java.util.concurrent.locks.LockSupport.parkNanos(LockSupport.java:215)&#10;        at java.util.concurrent.locks.AbstractQueuedSynchronizer$ConditionObject.awaitNanos(AbstractQueuedSynchronizer.java:2078)&#10;        at java.util.concurrent.LinkedBlockingQueue.poll(LinkedBlockingQueue.java:467)&#10;        at org.apache.hadoop.ipc.CallQueueManager.take(CallQueueManager.java:317)&#10;        at org.apache.hadoop.ipc.Server$Handler.run(Server.java:2932)&#10;&quot;Datanode ReportManager Thread - 4&quot; daemon prio=5 tid=1412 timed_waiting&#10;java.lang.Thread.State: TIMED_WAITING&#10;        at sun.misc.Unsafe.park(Native Method)&#10;        at java.util.concurrent.locks.LockSupport.parkNanos(LockSupport.java:215)&#10;        at java.util.concurrent.locks.AbstractQueuedSynchronizer$ConditionObject.awaitNanos(AbstractQueuedSynchronizer.java:2078)&#10;        at java.util.concurrent.ScheduledThreadPoolExecutor$DelayedWorkQueue.take(ScheduledThreadPoolExecutor.java:1093)&#10;        at java.util.concurrent.ScheduledThreadPoolExecutor$DelayedWorkQueue.take(ScheduledThreadPoolExecutor.java:809)&#10;        at java.util.concurrent.ThreadPoolExecutor.getTask(ThreadPoolExecutor.java:1074)&#10;        at java.util.concurrent.ThreadPoolExecutor.runWorker(ThreadPoolExecutor.java:1134)&#10;        at java.util.concurrent.ThreadPoolExecutor$Worker.run(ThreadPoolExecutor.java:624)&#10;        at java.lang.Thread.run(Thread.java:748)&#10;&quot;IPC Server handler 5 on default port 46101&quot; daemon prio=5 tid=3392 timed_waiting&#10;java.lang.Thread.State: TIMED_WAITING&#10;        at sun.misc.Unsafe.park(Native Method)&#10;        at java.util.concurrent.locks.LockSupport.parkNanos(LockSupport.java:215)&#10;        at java.util.concurrent.locks.AbstractQueuedSynchronizer$ConditionObject.awaitNanos(AbstractQueuedSynchronizer.java:2078)&#10;        at java.util.concurrent.LinkedBlockingQueue.poll(LinkedBlockingQueue.java:467)&#10;        at org.apache.hadoop.ipc.CallQueueManager.take(CallQueueManager.java:317)&#10;        at org.apache.hadoop.ipc.Server$Handler.run(Server.java:2932)&#10;&quot;qtp243164435-3382&quot; daemon prio=5 tid=3382 timed_waiting&#10;java.lang.Thread.State: TIMED_WAITING&#10;        at sun.misc.Unsafe.park(Native Method)&#10;        at java.util.concurrent.locks.LockSupport.parkNanos(LockSupport.java:215)&#10;        at java.util.concurrent.locks.AbstractQueuedSynchronizer$ConditionObject.awaitNanos(AbstractQueuedSynchronizer.java:2078)&#10;        at org.eclipse.jetty.util.BlockingArrayQueue.poll(BlockingArrayQueue.java:382)&#10;        at org.eclipse.jetty.util.thread.QueuedThreadPool$Runner.idleJobPoll(QueuedThreadPool.java:974)&#10;        at org.eclipse.jetty.util.thread.QueuedThreadPool$Runner.run(QueuedThreadPool.java:1018)&#10;        at java.lang.Thread.run(Thread.java:748)&#10;&quot;org.apache.ratis.util.JvmPauseMonitor$$Lambda$535/1672973847@23b50f4e&quot; daemon prio=5 tid=3551 timed_waiting&#10;java.lang.Thread.State: TIMED_WAITING&#10;        at java.lang.Thread.sleep(Native Method)&#10;        at java.lang.Thread.sleep(Thread.java:340)&#10;        at java.util.concurrent.TimeUnit.sleep(TimeUnit.java:386)&#10;        at org.apache.ratis.util.TimeDuration.sleep(TimeDuration.java:324)&#10;        at org.apache.ratis.util.TimeDuration.sleep(TimeDuration.java:309)&#10;        at org.apache.ratis.util.JvmPauseMonitor.detectPause(JvmPauseMonitor.java:117)&#10;        at org.apache.ratis.util.JvmPauseMonitor.run(JvmPauseMonitor.java:106)&#10;        at org.apache.ratis.util.JvmPauseMonitor$$Lambda$535/1672973847.run(Unknown Source)&#10;        at java.lang.Thread.run(Thread.java:748)&#10;&quot;IPC Server Responder&quot; daemon prio=5 tid=3284 runnable&#10;java.lang.Thread.State: RUNNABLE&#10;        at sun.nio.ch.EPollArrayWrapper.epollWait(Native Method)&#10;        at sun.nio.ch.EPollArrayWrapper.poll(EPollArrayWrapper.java:269)&#10;        at sun.nio.ch.EPollSelectorImpl.doSelect(EPollSelectorImpl.java:93)&#10;        at sun.nio.ch.SelectorImpl.lockAndDoSelect(SelectorImpl.java:86)&#10;        at sun.nio.ch.SelectorImpl.select(SelectorImpl.java:97)&#10;        at org.apache.hadoop.ipc.Server$Responder.doRunLoop(Server.java:1527)&#10;        at org.apache.hadoop.ipc.Server$Responder.run(Server.java:1510)&#10;&quot;IPC Server Responder&quot; daemon prio=5 tid=3276 runnable&#10;java.lang.Thread.State: RUNNABLE&#10;        at sun.nio.ch.EPollArrayWrapper.epollWait(Native Method)&#10;        at sun.nio.ch.EPollArrayWrapper.poll(EPollArrayWrapper.java:269)&#10;        at sun.nio.ch.EPollSelectorImpl.doSelect(EPollSelectorImpl.java:93)&#10;        at sun.nio.ch.SelectorImpl.lockAndDoSelect(SelectorImpl.java:86)&#10;        at sun.nio.ch.SelectorImpl.select(SelectorImpl.java:97)&#10;        at org.apache.hadoop.ipc.Server$Responder.doRunLoop(Server.java:1527)&#10;        at org.apache.hadoop.ipc.Server$Responder.run(Server.java:1510)&#10;&quot;IPC Server handler 13 on default port 43677&quot; daemon prio=5 tid=3341 timed_waiting&#10;java.lang.Thread.State: TIMED_WAITING&#10;        at sun.misc.Unsafe.park(Native Method)&#10;        at java.util.concurrent.locks.LockSupport.parkNanos(LockSupport.java:215)&#10;        at java.util.concurrent.locks.AbstractQueuedSynchronizer$ConditionObject.awaitNanos(AbstractQueuedSynchronizer.java:2078)&#10;        at java.util.concurrent.LinkedBlockingQueue.poll(LinkedBlockingQueue.java:467)&#10;        at org.apache.hadoop.ipc.CallQueueManager.take(CallQueueManager.java:317)&#10;        at org.apache.hadoop.ipc.Server$Handler.run(Server.java:2932)&#10;&quot;pool-671-thread-1&quot; daemon prio=5 tid=3411 timed_waiting&#10;java.lang.Thread.State: TIMED_WAITING&#10;        at sun.misc.Unsafe.park(Native Method)&#10;        at java.util.concurrent.locks.LockSupport.parkNanos(LockSupport.java:215)&#10;        at java.util.concurrent.locks.AbstractQueuedSynchronizer$ConditionObject.awaitNanos(AbstractQueuedSynchronizer.java:2078)&#10;        at java.util.concurrent.ScheduledThreadPoolExecutor$DelayedWorkQueue.take(ScheduledThreadPoolExecutor.java:1093)&#10;        at java.util.concurrent.ScheduledThreadPoolExecutor$DelayedWorkQueue.take(ScheduledThreadPoolExecutor.java:809)&#10;        at java.util.concurrent.ThreadPoolExecutor.getTask(ThreadPoolExecutor.java:1074)&#10;        at java.util.concurrent.ThreadPoolExecutor.runWorker(ThreadPoolExecutor.java:1134)&#10;        at java.util.concurrent.ThreadPoolExecutor$Worker.run(ThreadPoolExecutor.java:624)&#10;        at java.lang.Thread.run(Thread.java:748)&#10;&quot;grpc-default-executor-5&quot; daemon prio=5 tid=1996 timed_waiting&#10;java.lang.Thread.State: TIMED_WAITING&#10;        at sun.misc.Unsafe.park(Native Method)&#10;        at java.util.concurrent.locks.LockSupport.parkNanos(LockSupport.java:215)&#10;        at java.util.concurrent.SynchronousQueue$TransferStack.awaitFulfill(SynchronousQueue.java:460)&#10;        at java.util.concurrent.SynchronousQueue$TransferStack.transfer(SynchronousQueue.java:362)&#10;        at java.util.concurrent.SynchronousQueue.poll(SynchronousQueue.java:941)&#10;        at java.util.concurrent.ThreadPoolExecutor.getTask(ThreadPoolExecutor.java:1073)&#10;        at java.util.concurrent.ThreadPoolExecutor.runWorker(ThreadPoolExecutor.java:1134)&#10;        at java.util.concurrent.ThreadPoolExecutor$Worker.run(ThreadPoolExecutor.java:624)&#10;        at java.lang.Thread.run(Thread.java:748)&#10;&quot;Socket Reader #1 for port 0&quot; daemon prio=5 tid=3278 runnable&#10;java.lang.Thread.State: RUNNABLE&#10;        at sun.nio.ch.EPollArrayWrapper.epollWait(Native Method)&#10;        at sun.nio.ch.EPollArrayWrapper.poll(EPollArrayWrapper.java:269)&#10;        at sun.nio.ch.EPollSelectorImpl.doSelect(EPollSelectorImpl.java:93)&#10;        at sun.nio.ch.SelectorImpl.lockAndDoSelect(SelectorImpl.java:86)&#10;        at sun.nio.ch.SelectorImpl.select(SelectorImpl.java:97)&#10;        at sun.nio.ch.SelectorImpl.select(SelectorImpl.java:101)&#10;        at org.apache.hadoop.ipc.Server$Listener$Reader.doRunLoop(Server.java:1288)&#10;        at org.apache.hadoop.ipc.Server$Listener$Reader.run(Server.java:1267)&#10;&quot;BlockDeletingService#0&quot; daemon prio=5 tid=3518 timed_waiting&#10;java.lang.Thread.State: TIMED_WAITING&#10;        at sun.misc.Unsafe.park(Native Method)&#10;        at java.util.concurrent.locks.LockSupport.park(LockSupport.java:175)&#10;        at java.util.concurrent.locks.AbstractQueuedSynchronizer$ConditionObject.await(AbstractQueuedSynchronizer.java:2039)&#10;        at java.util.concurrent.ScheduledThreadPoolExecutor$DelayedWorkQueue.take(ScheduledThreadPoolExecutor.java:1088)&#10;        at java.util.concurrent.ScheduledThreadPoolExecutor$DelayedWorkQueue.take(ScheduledThreadPoolExecutor.java:809)&#10;        at java.util.concurrent.ThreadPoolExecutor.getTask(ThreadPoolExecutor.java:1074)&#10;        at java.util.concurrent.ThreadPoolExecutor.runWorker(ThreadPoolExecutor.java:1134)&#10;        at java.util.concurrent.ThreadPoolExecutor$Worker.run(ThreadPoolExecutor.java:624)&#10;        at java.lang.Thread.run(Thread.java:748)&#10;&quot;IPC Server handler 16 on default port 46101&quot; daemon prio=5 tid=3403 timed_waiting&#10;java.lang.Thread.State: TIMED_WAITING&#10;        at sun.misc.Unsafe.park(Native Method)&#10;        at java.util.concurrent.locks.LockSupport.parkNanos(LockSupport.java:215)&#10;        at java.util.concurrent.locks.AbstractQueuedSynchronizer$ConditionObject.awaitNanos(AbstractQueuedSynchronizer.java:2078)&#10;        at java.util.concurrent.LinkedBlockingQueue.poll(LinkedBlockingQueue.java:467)&#10;        at org.apache.hadoop.ipc.CallQueueManager.take(CallQueueManager.java:317)&#10;        at org.apache.hadoop.ipc.Server$Handler.run(Server.java:2932)&#10;&quot;EventQueue-ContainerReportForContainerReportHandler&quot; daemon prio=5 tid=3557 in Object.wait()&#10;java.lang.Thread.State: WAITING (on object monitor)&#10;        at sun.misc.Unsafe.park(Native Method)&#10;        at java.util.concurrent.locks.LockSupport.park(LockSupport.java:175)&#10;        at java.util.concurrent.locks.AbstractQueuedSynchronizer$ConditionObject.await(AbstractQueuedSynchronizer.java:2039)&#10;        at java.util.concurrent.LinkedBlockingQueue.take(LinkedBlockingQueue.java:442)&#10;        at java.util.concurrent.ThreadPoolExecutor.getTask(ThreadPoolExecutor.java:1074)&#10;        at java.util.concurrent.ThreadPoolExecutor.runWorker(ThreadPoolExecutor.java:1134)&#10;        at java.util.concurrent.ThreadPoolExecutor$Worker.run(ThreadPoolExecutor.java:624)&#10;        at java.lang.Thread.run(Thread.java:748)&#10;&quot;Timer for &apos;StorageContainerManager&apos; metrics system&quot; daemon prio=5 tid=3285 timed_waiting&#10;java.lang.Thread.State: TIMED_WAITING&#10;        at java.lang.Object.wait(Native Method)&#10;        at java.util.TimerThread.mainLoop(Timer.java:552)&#10;        at java.util.TimerThread.run(Timer.java:505)&#10;&quot;Datanode ReportManager Thread - 2&quot; daemon prio=5 tid=1410 in Object.wait()&#10;java.lang.Thread.State: WAITING (on object monitor)&#10;        at sun.misc.Unsafe.park(Native Method)&#10;        at java.util.concurrent.locks.LockSupport.park(LockSupport.java:175)&#10;        at java.util.concurrent.locks.AbstractQueuedSynchronizer$ConditionObject.await(AbstractQueuedSynchronizer.java:2039)&#10;        at java.util.concurrent.ScheduledThreadPoolExecutor$DelayedWorkQueue.take(ScheduledThreadPoolExecutor.java:1088)&#10;        at java.util.concurrent.ScheduledThreadPoolExecutor$DelayedWorkQueue.take(ScheduledThreadPoolExecutor.java:809)&#10;        at java.util.concurrent.ThreadPoolExecutor.getTask(ThreadPoolExecutor.java:1074)&#10;        at java.util.concurrent.ThreadPoolExecutor.runWorker(ThreadPoolExecutor.java:1134)&#10;        at java.util.concurrent.ThreadPoolExecutor$Worker.run(ThreadPoolExecutor.java:624)&#10;        at java.lang.Thread.run(Thread.java:748)&#10;&quot;IPC Server handler 17 on default port 46101&quot; daemon prio=5 tid=3404 timed_waiting&#10;java.lang.Thread.State: TIMED_WAITING&#10;        at sun.misc.Unsafe.park(Native Method)&#10;        at java.util.concurrent.locks.LockSupport.parkNanos(LockSupport.java:215)&#10;        at java.util.concurrent.locks.AbstractQueuedSynchronizer$ConditionObject.awaitNanos(AbstractQueuedSynchronizer.java:2078)&#10;        at java.util.concurrent.LinkedBlockingQueue.poll(LinkedBlockingQueue.java:467)&#10;        at org.apache.hadoop.ipc.CallQueueManager.take(CallQueueManager.java:317)&#10;        at org.apache.hadoop.ipc.Server$Handler.run(Server.java:2932)&#10;&quot;ChunkWriter-2-0&quot; daemon prio=5 tid=3524 in Object.wait()&#10;java.lang.Thread.State: WAITING (on object monitor)&#10;        at sun.misc.Unsafe.park(Native Method)&#10;        at java.util.concurrent.locks.LockSupport.park(LockSupport.java:175)&#10;        at java.util.concurrent.locks.AbstractQueuedSynchronizer$ConditionObject.await(AbstractQueuedSynchronizer.java:2039)&#10;        at java.util.concurrent.LinkedBlockingDeque.takeFirst(LinkedBlockingDeque.java:492)&#10;        at java.util.concurrent.LinkedBlockingDeque.take(LinkedBlockingDeque.java:680)&#10;        at java.util.concurrent.ThreadPoolExecutor.getTask(ThreadPoolExecutor.java:1074)&#10;        at java.util.concurrent.ThreadPoolExecutor.runWorker(ThreadPoolExecutor.java:1134)&#10;        at java.util.concurrent.ThreadPoolExecutor$Worker.run(ThreadPoolExecutor.java:624)&#10;        at java.lang.Thread.run(Thread.java:748)&#10;&quot;Datanode State Machine Daemon Thread&quot; daemon prio=5 tid=3426 timed_waiting&#10;java.lang.Thread.State: TIMED_WAITING&#10;        at java.lang.Thread.sleep(Native Method)&#10;        at org.apache.hadoop.ozone.container.common.statemachine.DatanodeStateMachine.start(DatanodeStateMachine.java:295)&#10;        at org.apache.hadoop.ozone.container.common.statemachine.DatanodeStateMachine.lambda$startDaemon$0(DatanodeStateMachine.java:468)&#10;        at org.apache.hadoop.ozone.container.common.statemachine.DatanodeStateMachine$$Lambda$575/715438968.run(Unknown Source)&#10;        at java.lang.Thread.run(Thread.java:748)&#10;&quot;IPC Server handler 16 on default port 38869&quot; daemon prio=5 tid=3324 timed_waiting&#10;java.lang.Thread.State: TIMED_WAITING&#10;        at sun.misc.Unsafe.park(Native Method)&#10;        at java.util.concurrent.locks.LockSupport.parkNanos(LockSupport.java:215)&#10;        at java.util.concurrent.locks.AbstractQueuedSynchronizer$ConditionObject.awaitNanos(AbstractQueuedSynchronizer.java:2078)&#10;        at java.util.concurrent.LinkedBlockingQueue.poll(LinkedBlockingQueue.java:467)&#10;        at org.apache.hadoop.ipc.CallQueueManager.take(CallQueueManager.java:317)&#10;        at org.apache.hadoop.ipc.Server$Handler.run(Server.java:2932)&#10;&quot;Datanode ReportManager Thread - 2&quot; daemon prio=5 tid=3479 in Object.wait()&#10;java.lang.Thread.State: WAITING (on object monitor)&#10;        at sun.misc.Unsafe.park(Native Method)&#10;        at java.util.concurrent.locks.LockSupport.park(LockSupport.java:175)&#10;        at java.util.concurrent.locks.AbstractQueuedSynchronizer$ConditionObject.await(AbstractQueuedSynchronizer.java:2039)&#10;        at java.util.concurrent.ScheduledThreadPoolExecutor$DelayedWorkQueue.take(ScheduledThreadPoolExecutor.java:1088)&#10;        at java.util.concurrent.ScheduledThreadPoolExecutor$DelayedWorkQueue.take(ScheduledThreadPoolExecutor.java:809)&#10;        at java.util.concurrent.ThreadPoolExecutor.getTask(ThreadPoolExecutor.java:1074)&#10;        at java.util.concurrent.ThreadPoolExecutor.runWorker(ThreadPoolExecutor.java:1134)&#10;        at java.util.concurrent.ThreadPoolExecutor$Worker.run(ThreadPoolExecutor.java:624)&#10;        at java.lang.Thread.run(Thread.java:748)&#10;&quot;Datanode ReportManager Thread - 4&quot; daemon prio=5 tid=206 timed_waiting&#10;java.lang.Thread.State: TIMED_WAITING&#10;        at sun.misc.Unsafe.park(Native Method)&#10;        at java.util.concurrent.locks.LockSupport.parkNanos(LockSupport.java:215)&#10;        at java.util.concurrent.locks.AbstractQueuedSynchronizer$ConditionObject.awaitNanos(AbstractQueuedSynchronizer.java:2078)&#10;        at java.util.concurrent.ScheduledThreadPoolExecutor$DelayedWorkQueue.take(ScheduledThreadPoolExecutor.java:1093)&#10;        at java.util.concurrent.ScheduledThreadPoolExecutor$DelayedWorkQueue.take(ScheduledThreadPoolExecutor.java:809)&#10;        at java.util.concurrent.ThreadPoolExecutor.getTask(ThreadPoolExecutor.java:1074)&#10;        at java.util.concurrent.ThreadPoolExecutor.runWorker(ThreadPoolExecutor.java:1134)&#10;        at java.util.concurrent.ThreadPoolExecutor$Worker.run(ThreadPoolExecutor.java:624)&#10;        at java.lang.Thread.run(Thread.java:748)&#10;&quot;Datanode ReportManager Thread - 0&quot; daemon prio=5 tid=1763 in Object.wait()&#10;java.lang.Thread.State: WAITING (on object monitor)&#10;        at sun.misc.Unsafe.park(Native Method)&#10;        at java.util.concurrent.locks.LockSupport.park(LockSupport.java:175)&#10;        at java.util.concurrent.locks.AbstractQueuedSynchronizer$ConditionObject.await(AbstractQueuedSynchronizer.java:2039)&#10;        at java.util.concurrent.ScheduledThreadPoolExecutor$DelayedWorkQueue.take(ScheduledThreadPoolExecutor.java:1088)&#10;        at java.util.concurrent.ScheduledThreadPoolExecutor$DelayedWorkQueue.take(ScheduledThreadPoolExecutor.java:809)&#10;        at java.util.concurrent.ThreadPoolExecutor.getTask(ThreadPoolExecutor.java:1074)&#10;        at java.util.concurrent.ThreadPoolExecutor.runWorker(ThreadPoolExecutor.java:1134)&#10;        at java.util.concurrent.ThreadPoolExecutor$Worker.run(ThreadPoolExecutor.java:624)&#10;        at java.lang.Thread.run(Thread.java:748)&#10;&quot;Datanode ReportManager Thread - 3&quot; daemon prio=5 tid=2298 in Object.wait()&#10;java.lang.Thread.State: WAITING (on object monitor)&#10;        at sun.misc.Unsafe.park(Native Method)&#10;        at java.util.concurrent.locks.LockSupport.park(LockSupport.java:175)&#10;        at java.util.concurrent.locks.AbstractQueuedSynchronizer$ConditionObject.await(AbstractQueuedSynchronizer.java:2039)&#10;        at java.util.concurrent.ScheduledThreadPoolExecutor$DelayedWorkQueue.take(ScheduledThreadPoolExecutor.java:1088)&#10;        at java.util.concurrent.ScheduledThreadPoolExecutor$DelayedWorkQueue.take(ScheduledThreadPoolExecutor.java:809)&#10;        at java.util.concurrent.ThreadPoolExecutor.getTask(ThreadPoolExecutor.java:1074)&#10;        at java.util.concurrent.ThreadPoolExecutor.runWorker(ThreadPoolExecutor.java:1134)&#10;        at java.util.concurrent.ThreadPoolExecutor$Worker.run(ThreadPoolExecutor.java:624)&#10;        at java.lang.Thread.run(Thread.java:748)&#10;&quot;IPC Server handler 3 on default port 46101&quot; daemon prio=5 tid=3390 timed_waiting&#10;java.lang.Thread.State: TIMED_WAITING&#10;        at sun.misc.Unsafe.park(Native Method)&#10;        at java.util.concurrent.locks.LockSupport.parkNanos(LockSupport.java:215)&#10;        at java.util.concurrent.locks.AbstractQueuedSynchronizer$ConditionObject.awaitNanos(AbstractQueuedSynchronizer.java:2078)&#10;        at java.util.concurrent.LinkedBlockingQueue.poll(LinkedBlockingQueue.java:467)&#10;        at org.apache.hadoop.ipc.CallQueueManager.take(CallQueueManager.java:317)&#10;        at org.apache.hadoop.ipc.Server$Handler.run(Server.java:2932)&#10;&quot;9eaa9061-0cbd-4a3d-8091-a973303b955e@group-828664CAA80E-StateMachineUpdater&quot; daemon prio=5 tid=3560 in Object.wait()&#10;java.lang.Thread.State: WAITING (on object monitor)&#10;        at java.lang.Object.wait(Native Method)&#10;        at java.lang.Object.wait(Object.java:502)&#10;        at org.apache.ratis.server.impl.StateMachineUpdater.waitForCommit(StateMachineUpdater.java:204)&#10;        at org.apache.ratis.server.impl.StateMachineUpdater.run(StateMachineUpdater.java:173)&#10;        at java.lang.Thread.run(Thread.java:748)&#10;&quot;Reference Handler&quot; daemon prio=10 tid=2 in Object.wait()&#10;java.lang.Thread.State: WAITING (on object monitor)&#10;        at java.lang.Object.wait(Native Method)&#10;        at java.lang.Object.wait(Object.java:502)&#10;        at java.lang.ref.Reference.tryHandlePending(Reference.java:191)&#10;        at java.lang.ref.Reference$ReferenceHandler.run(Reference.java:153)&#10;&quot;FullTableCache Cleanup Thread - 0&quot; daemon prio=5 tid=2417 in Object.wait()&#10;java.lang.Thread.State: WAITING (on object monitor)&#10;        at sun.misc.Unsafe.park(Native Method)&#10;        at java.util.concurrent.locks.LockSupport.park(LockSupport.java:175)&#10;        at java.util.concurrent.locks.AbstractQueuedSynchronizer$ConditionObject.await(AbstractQueuedSynchronizer.java:2039)&#10;        at java.util.concurrent.LinkedBlockingQueue.take(LinkedBlockingQueue.java:442)&#10;        at java.util.concurrent.ThreadPoolExecutor.getTask(ThreadPoolExecutor.java:1074)&#10;        at java.util.concurrent.ThreadPoolExecutor.runWorker(ThreadPoolExecutor.java:1134)&#10;        at java.util.concurrent.ThreadPoolExecutor$Worker.run(ThreadPoolExecutor.java:624)&#10;        at java.lang.Thread.run(Thread.java:748)&#10;&quot;om1@group-C5BA1605619E-StateMachineUpdater&quot; daemon prio=5 tid=3370 in Object.wait()&#10;java.lang.Thread.State: WAITING (on object monitor)&#10;        at java.lang.Object.wait(Native Method)&#10;        at java.lang.Object.wait(Object.java:502)&#10;        at org.apache.ratis.server.impl.StateMachineUpdater.waitForCommit(StateMachineUpdater.java:204)&#10;        at org.apache.ratis.server.impl.StateMachineUpdater.run(StateMachineUpdater.java:173)&#10;        at java.lang.Thread.run(Thread.java:748)&#10;&quot;Datanode ReportManager Thread - 4&quot; daemon prio=5 tid=1335 in Object.wait()&#10;java.lang.Thread.State: WAITING (on object monitor)&#10;        at sun.misc.Unsafe.park(Native Method)&#10;        at java.util.concurrent.locks.LockSupport.park(LockSupport.java:175)&#10;        at java.util.concurrent.locks.AbstractQueuedSynchronizer$ConditionObject.await(AbstractQueuedSynchronizer.java:2039)&#10;        at java.util.concurrent.ScheduledThreadPoolExecutor$DelayedWorkQueue.take(ScheduledThreadPoolExecutor.java:1088)&#10;        at java.util.concurrent.ScheduledThreadPoolExecutor$DelayedWorkQueue.take(ScheduledThreadPoolExecutor.java:809)&#10;        at java.util.concurrent.ThreadPoolExecutor.getTask(ThreadPoolExecutor.java:1074)&#10;        at java.util.concurrent.ThreadPoolExecutor.runWorker(ThreadPoolExecutor.java:1134)&#10;        at java.util.concurrent.ThreadPoolExecutor$Worker.run(ThreadPoolExecutor.java:624)&#10;        at java.lang.Thread.run(Thread.java:748)&#10;&quot;Socket Reader #1 for port 0&quot; daemon prio=5 tid=3282 runnable&#10;java.lang.Thread.State: RUNNABLE&#10;        at sun.nio.ch.EPollArrayWrapper.epollWait(Native Method)&#10;        at sun.nio.ch.EPollArrayWrapper.poll(EPollArrayWrapper.java:269)&#10;        at sun.nio.ch.EPollSelectorImpl.doSelect(EPollSelectorImpl.java:93)&#10;        at sun.nio.ch.SelectorImpl.lockAndDoSelect(SelectorImpl.java:86)&#10;        at sun.nio.ch.SelectorImpl.select(SelectorImpl.java:97)&#10;        at sun.nio.ch.SelectorImpl.select(SelectorImpl.java:101)&#10;        at org.apache.hadoop.ipc.Server$Listener$Reader.doRunLoop(Server.java:1288)&#10;        at org.apache.hadoop.ipc.Server$Listener$Reader.run(Server.java:1267)&#10;&quot;Periodic HDDS volume checker&quot; daemon prio=5 tid=3486 timed_waiting&#10;java.lang.Thread.State: TIMED_WAITING&#10;        at sun.misc.Unsafe.park(Native Method)&#10;        at java.util.concurrent.locks.LockSupport.parkNanos(LockSupport.java:215)&#10;        at java.util.concurrent.locks.AbstractQueuedSynchronizer$ConditionObject.awaitNanos(AbstractQueuedSynchronizer.java:2078)&#10;        at java.util.concurrent.ScheduledThreadPoolExecutor$DelayedWorkQueue.take(ScheduledThreadPoolExecutor.java:1093)&#10;        at java.util.concurrent.ScheduledThreadPoolExecutor$DelayedWorkQueue.take(ScheduledThreadPoolExecutor.java:809)&#10;        at java.util.concurrent.ThreadPoolExecutor.getTask(ThreadPoolExecutor.java:1074)&#10;        at java.util.concurrent.ThreadPoolExecutor.runWorker(ThreadPoolExecutor.java:1134)&#10;        at java.util.concurrent.ThreadPoolExecutor$Worker.run(ThreadPoolExecutor.java:624)&#10;        at java.lang.Thread.run(Thread.java:748)&#10;&quot;IPC Server handler 18 on default port 43677&quot; daemon prio=5 tid=3346 timed_waiting&#10;java.lang.Thread.State: TIMED_WAITING&#10;        at sun.misc.Unsafe.park(Native Method)&#10;        at java.util.concurrent.locks.LockSupport.parkNanos(LockSupport.java:215)&#10;        at java.util.concurrent.locks.AbstractQueuedSynchronizer$ConditionObject.awaitNanos(AbstractQueuedSynchronizer.java:2078)&#10;        at java.util.concurrent.LinkedBlockingQueue.poll(LinkedBlockingQueue.java:467)&#10;        at org.apache.hadoop.ipc.CallQueueManager.take(CallQueueManager.java:317)&#10;        at org.apache.hadoop.ipc.Server$Handler.run(Server.java:2932)&#10;&quot;EndpointStateMachine task thread for /0.0.0.0:46785 - 0 &quot;  prio=5 tid=2329 in Object.wait()&#10;java.lang.Thread.State: WAITING (on object monitor)&#10;        at sun.misc.Unsafe.park(Native Method)&#10;        at java.util.concurrent.locks.LockSupport.park(LockSupport.java:175)&#10;        at java.util.concurrent.locks.AbstractQueuedSynchronizer$ConditionObject.await(AbstractQueuedSynchronizer.java:2039)&#10;        at java.util.concurrent.LinkedBlockingQueue.take(LinkedBlockingQueue.java:442)&#10;        at java.util.concurrent.ThreadPoolExecutor.getTask(ThreadPoolExecutor.java:1074)&#10;        at java.util.concurrent.ThreadPoolExecutor.runWorker(ThreadPoolExecutor.java:1134)&#10;        at java.util.concurrent.ThreadPoolExecutor$Worker.run(ThreadPoolExecutor.java:624)&#10;        at java.lang.Thread.run(Thread.java:748)&#10;&quot;Datanode ReportManager Thread - 0&quot; daemon prio=5 tid=1849 in Object.wait()&#10;java.lang.Thread.State: WAITING (on object monitor)&#10;        at sun.misc.Unsafe.park(Native Method)&#10;        at java.util.concurrent.locks.LockSupport.park(LockSupport.java:175)&#10;        at java.util.concurrent.locks.AbstractQueuedSynchronizer$ConditionObject.await(AbstractQueuedSynchronizer.java:2039)&#10;        at java.util.concurrent.ScheduledThreadPoolExecutor$DelayedWorkQueue.take(ScheduledThreadPoolExecutor.java:1088)&#10;        at java.util.concurrent.ScheduledThreadPoolExecutor$DelayedWorkQueue.take(ScheduledThreadPoolExecutor.java:809)&#10;        at java.util.concurrent.ThreadPoolExecutor.getTask(ThreadPoolExecutor.java:1074)&#10;        at java.util.concurrent.ThreadPoolExecutor.runWorker(ThreadPoolExecutor.java:1134)&#10;        at java.util.concurrent.ThreadPoolExecutor$Worker.run(ThreadPoolExecutor.java:624)&#10;        at java.lang.Thread.run(Thread.java:748)&#10;&quot;EndpointStateMachine task thread for /0.0.0.0:40677 - 0 &quot;  prio=5 tid=271 in Object.wait()&#10;java.lang.Thread.State: WAITING (on object monitor)&#10;        at sun.misc.Unsafe.park(Native Method)&#10;        at java.util.concurrent.locks.LockSupport.park(LockSupport.java:175)&#10;        at java.util.concurrent.locks.AbstractQueuedSynchronizer$ConditionObject.await(AbstractQueuedSynchronizer.java:2039)&#10;        at java.util.concurrent.LinkedBlockingQueue.take(LinkedBlockingQueue.java:442)&#10;        at java.util.concurrent.ThreadPoolExecutor.getTask(ThreadPoolExecutor.java:1074)&#10;        at java.util.concurrent.ThreadPoolExecutor.runWorker(ThreadPoolExecutor.java:1134)&#10;        at java.util.concurrent.ThreadPoolExecutor$Worker.run(ThreadPoolExecutor.java:624)&#10;        at java.lang.Thread.run(Thread.java:748)&#10;&quot;9eaa9061-0cbd-4a3d-8091-a973303b955e@group-828664CAA80E-LeaderStateImpl&quot; daemon prio=5 tid=3587 timed_waiting&#10;java.lang.Thread.State: TIMED_WAITING&#10;        at sun.misc.Unsafe.park(Native Method)&#10;        at java.util.concurrent.locks.LockSupport.parkNanos(LockSupport.java:215)&#10;        at java.util.concurrent.locks.AbstractQueuedSynchronizer$ConditionObject.awaitNanos(AbstractQueuedSynchronizer.java:2078)&#10;        at java.util.concurrent.ArrayBlockingQueue.poll(ArrayBlockingQueue.java:418)&#10;        at org.apache.ratis.server.impl.LeaderStateImpl$EventQueue.poll(LeaderStateImpl.java:156)&#10;        at org.apache.ratis.server.impl.LeaderStateImpl$EventProcessor.run(LeaderStateImpl.java:600)&#10;&quot;ChunkWriter-2-0&quot; daemon prio=5 tid=3515 in Object.wait()&#10;java.lang.Thread.State: WAITING (on object monitor)&#10;        at sun.misc.Unsafe.park(Native Method)&#10;        at java.util.concurrent.locks.LockSupport.park(LockSupport.java:175)&#10;        at java.util.concurrent.locks.AbstractQueuedSynchronizer$ConditionObject.await(AbstractQueuedSynchronizer.java:2039)&#10;        at java.util.concurrent.LinkedBlockingDeque.takeFirst(LinkedBlockingDeque.java:492)&#10;        at java.util.concurrent.LinkedBlockingDeque.take(LinkedBlockingDeque.java:680)&#10;        at java.util.concurrent.ThreadPoolExecutor.getTask(ThreadPoolExecutor.java:1074)&#10;        at java.util.concurrent.ThreadPoolExecutor.runWorker(ThreadPoolExecutor.java:1134)&#10;        at java.util.concurrent.ThreadPoolExecutor$Worker.run(ThreadPoolExecutor.java:624)&#10;        at java.lang.Thread.run(Thread.java:748)&#10;&quot;PartialTableCache Cleanup Thread - 0&quot; daemon prio=5 tid=1994 in Object.wait()&#10;java.lang.Thread.State: WAITING (on object monitor)&#10;        at sun.misc.Unsafe.park(Native Method)&#10;        at java.util.concurrent.locks.LockSupport.park(LockSupport.java:175)&#10;        at java.util.concurrent.locks.AbstractQueuedSynchronizer$ConditionObject.await(AbstractQueuedSynchronizer.java:2039)&#10;        at java.util.concurrent.LinkedBlockingQueue.take(LinkedBlockingQueue.java:442)&#10;        at java.util.concurrent.ThreadPoolExecutor.getTask(ThreadPoolExecutor.java:1074)&#10;        at java.util.concurrent.ThreadPoolExecutor.runWorker(ThreadPoolExecutor.java:1134)&#10;        at java.util.concurrent.ThreadPoolExecutor$Worker.run(ThreadPoolExecutor.java:624)&#10;        at java.lang.Thread.run(Thread.java:748)&#10;&quot;Session-HouseKeeper-6a124879-1&quot;  prio=5 tid=3386 timed_waiting&#10;java.lang.Thread.State: TIMED_WAITING&#10;        at sun.misc.Unsafe.park(Native Method)&#10;        at java.util.concurrent.locks.LockSupport.parkNanos(LockSupport.java:215)&#10;        at java.util.concurrent.locks.AbstractQueuedSynchronizer$ConditionObject.awaitNanos(AbstractQueuedSynchronizer.java:2078)&#10;        at java.util.concurrent.ScheduledThreadPoolExecutor$DelayedWorkQueue.take(ScheduledThreadPoolExecutor.java:1093)&#10;        at java.util.concurrent.ScheduledThreadPoolExecutor$DelayedWorkQueue.take(ScheduledThreadPoolExecutor.java:809)&#10;        at java.util.concurrent.ThreadPoolExecutor.getTask(ThreadPoolExecutor.java:1074)&#10;        at java.util.concurrent.ThreadPoolExecutor.runWorker(ThreadPoolExecutor.java:1134)&#10;        at java.util.concurrent.ThreadPoolExecutor$Worker.run(ThreadPoolExecutor.java:624)&#10;        at java.lang.Thread.run(Thread.java:748)&#10;&quot;qtp1951734534-3493-acceptor-0@39a5a5dd-ServerConnector@19feac7e{HTTP/1.1, (http/1.1)}{0.0.0.0:44045}&quot; daemon prio=3 tid=3493 runnable&#10;java.lang.Thread.State: RUNNABLE&#10;        at sun.nio.ch.ServerSocketChannelImpl.accept0(Native Method)&#10;        at sun.nio.ch.ServerSocketChannelImpl.accept(ServerSocketChannelImpl.java:421)&#10;        at sun.nio.ch.ServerSocketChannelImpl.accept(ServerSocketChannelImpl.java:249)&#10;        at org.eclipse.jetty.server.ServerConnector.accept(ServerConnector.java:388)&#10;        at org.eclipse.jetty.server.AbstractConnector$Acceptor.run(AbstractConnector.java:702)&#10;        at org.eclipse.jetty.util.thread.QueuedThreadPool.runJob(QueuedThreadPool.java:883)&#10;        at org.eclipse.jetty.util.thread.QueuedThreadPool$Runner.run(QueuedThreadPool.java:1034)&#10;        at java.lang.Thread.run(Thread.java:748)&#10;&quot;Datanode ReportManager Thread - 2&quot; daemon prio=5 tid=254 in Object.wait()&#10;java.lang.Thread.State: WAITING (on object monitor)&#10;        at sun.misc.Unsafe.park(Native Method)&#10;        at java.util.concurrent.locks.LockSupport.park(LockSupport.java:175)&#10;        at java.util.concurrent.locks.AbstractQueuedSynchronizer$ConditionObject.await(AbstractQueuedSynchronizer.java:2039)&#10;        at java.util.concurrent.ScheduledThreadPoolExecutor$DelayedWorkQueue.take(ScheduledThreadPoolExecutor.java:1088)&#10;        at java.util.concurrent.ScheduledThreadPoolExecutor$DelayedWorkQueue.take(ScheduledThreadPoolExecutor.java:809)&#10;        at java.util.concurrent.ThreadPoolExecutor.getTask(ThreadPoolExecutor.java:1074)&#10;        at java.util.concurrent.ThreadPoolExecutor.runWorker(ThreadPoolExecutor.java:1134)&#10;        at java.util.concurrent.ThreadPoolExecutor$Worker.run(ThreadPoolExecutor.java:624)&#10;        at java.lang.Thread.run(Thread.java:748)&#10;&quot;qtp706884900-3352-acceptor-0@67eefca5-ServerConnector@3a486b22{HTTP/1.1, (http/1.1)}{0.0.0.0:38615}&quot; daemon prio=3 tid=3352 runnable&#10;java.lang.Thread.State: RUNNABLE&#10;        at sun.nio.ch.ServerSocketChannelImpl.accept0(Native Method)&#10;        at sun.nio.ch.ServerSocketChannelImpl.accept(ServerSocketChannelImpl.java:421)&#10;        at sun.nio.ch.ServerSocketChannelImpl.accept(ServerSocketChannelImpl.java:249)&#10;        at org.eclipse.jetty.server.ServerConnector.accept(ServerConnector.java:388)&#10;        at org.eclipse.jetty.server.AbstractConnector$Acceptor.run(AbstractConnector.java:702)&#10;        at org.eclipse.jetty.util.thread.QueuedThreadPool.runJob(QueuedThreadPool.java:883)&#10;        at org.eclipse.jetty.util.thread.QueuedThreadPool$Runner.run(QueuedThreadPool.java:1034)&#10;        at java.lang.Thread.run(Thread.java:748)&#10;&quot;Datanode ReportManager Thread - 0&quot; daemon prio=5 tid=252 in Object.wait()&#10;java.lang.Thread.State: WAITING (on object monitor)&#10;        at sun.misc.Unsafe.park(Native Method)&#10;        at java.util.concurrent.locks.LockSupport.park(LockSupport.java:175)&#10;        at java.util.concurrent.locks.AbstractQueuedSynchronizer$ConditionObject.await(AbstractQueuedSynchronizer.java:2039)&#10;        at java.util.concurrent.ScheduledThreadPoolExecutor$DelayedWorkQueue.take(ScheduledThreadPoolExecutor.java:1088)&#10;        at java.util.concurrent.ScheduledThreadPoolExecutor$DelayedWorkQueue.take(ScheduledThreadPoolExecutor.java:809)&#10;        at java.util.concurrent.ThreadPoolExecutor.getTask(ThreadPoolExecutor.java:1074)&#10;        at java.util.concurrent.ThreadPoolExecutor.runWorker(ThreadPoolExecutor.java:1134)&#10;        at java.util.concurrent.ThreadPoolExecutor$Worker.run(ThreadPoolExecutor.java:624)&#10;        at java.lang.Thread.run(Thread.java:748)&#10;&quot;om1@group-C5BA1605619E-LeaderStateImpl&quot; daemon prio=5 tid=3425 timed_waiting&#10;java.lang.Thread.State: TIMED_WAITING&#10;        at sun.misc.Unsafe.park(Native Method)&#10;        at java.util.concurrent.locks.LockSupport.parkNanos(LockSupport.java:215)&#10;        at java.util.concurrent.locks.AbstractQueuedSynchronizer$ConditionObject.awaitNanos(AbstractQueuedSynchronizer.java:2078)&#10;        at java.util.concurrent.ArrayBlockingQueue.poll(ArrayBlockingQueue.java:418)&#10;        at org.apache.ratis.server.impl.LeaderStateImpl$EventQueue.poll(LeaderStateImpl.java:156)&#10;        at org.apache.ratis.server.impl.LeaderStateImpl$EventProcessor.run(LeaderStateImpl.java:600)&#10;&quot;Datanode ReportManager Thread - 3&quot; daemon prio=5 tid=3480 timed_waiting&#10;java.lang.Thread.State: TIMED_WAITING&#10;        at sun.misc.Unsafe.park(Native Method)&#10;        at java.util.concurrent.locks.LockSupport.parkNanos(LockSupport.java:215)&#10;        at java.util.concurrent.locks.AbstractQueuedSynchronizer$ConditionObject.awaitNanos(AbstractQueuedSynchronizer.java:2078)&#10;        at java.util.concurrent.ScheduledThreadPoolExecutor$DelayedWorkQueue.take(ScheduledThreadPoolExecutor.java:1093)&#10;        at java.util.concurrent.ScheduledThreadPoolExecutor$DelayedWorkQueue.take(ScheduledThreadPoolExecutor.java:809)&#10;        at java.util.concurrent.ThreadPoolExecutor.getTask(ThreadPoolExecutor.java:1074)&#10;        at java.util.concurrent.ThreadPoolExecutor.runWorker(ThreadPoolExecutor.java:1134)&#10;        at java.util.concurrent.ThreadPoolExecutor$Worker.run(ThreadPoolExecutor.java:624)&#10;        at java.lang.Thread.run(Thread.java:748)&#10;&quot;Datanode ReportManager Thread - 1&quot; daemon prio=5 tid=253 in Object.wait()&#10;java.lang.Thread.State: WAITING (on object monitor)&#10;        at sun.misc.Unsafe.park(Native Method)&#10;        at java.util.concurrent.locks.LockSupport.park(LockSupport.java:175)&#10;        at java.util.concurrent.locks.AbstractQueuedSynchronizer$ConditionObject.await(AbstractQueuedSynchronizer.java:2039)&#10;        at java.util.concurrent.ScheduledThreadPoolExecutor$DelayedWorkQueue.take(ScheduledThreadPoolExecutor.java:1088)&#10;        at java.util.concurrent.ScheduledThreadPoolExecutor$DelayedWorkQueue.take(ScheduledThreadPoolExecutor.java:809)&#10;        at java.util.concurrent.ThreadPoolExecutor.getTask(ThreadPoolExecutor.java:1074)&#10;        at java.util.concurrent.ThreadPoolExecutor.runWorker(ThreadPoolExecutor.java:1134)&#10;        at java.util.concurrent.ThreadPoolExecutor$Worker.run(ThreadPoolExecutor.java:624)&#10;        at java.lang.Thread.run(Thread.java:748)&#10;&quot;EventQueue-DatanodeCommandForSCMNodeManager&quot;  prio=5 tid=3544 in Object.wait()&#10;java.lang.Thread.State: WAITING (on object monitor)&#10;        at sun.misc.Unsafe.park(Native Method)&#10;        at java.util.concurrent.locks.LockSupport.park(LockSupport.java:175)&#10;        at java.util.concurrent.locks.AbstractQueuedSynchronizer$ConditionObject.await(AbstractQueuedSynchronizer.java:2039)&#10;        at java.util.concurrent.LinkedBlockingQueue.take(LinkedBlockingQueue.java:442)&#10;        at java.util.concurrent.ThreadPoolExecutor.getTask(ThreadPoolExecutor.java:1074)&#10;        at java.util.concurrent.ThreadPoolExecutor.runWorker(ThreadPoolExecutor.java:1134)&#10;        at java.util.concurrent.ThreadPoolExecutor$Worker.run(ThreadPoolExecutor.java:624)&#10;        at java.lang.Thread.run(Thread.java:748)&#10;&quot;org.apache.hadoop.ozone.container.common.statemachine.commandhandler.DeleteBlocksCommandHandler$DeleteCmdWorker@382d5e16&quot; daemon prio=5 tid=1344 runnable&#10;java.lang.Thread.State: RUNNABLE&#10;        at java.lang.Thread.sleep(Native Method)&#10;        at org.apache.hadoop.ozone.container.common.statemachine.commandhandler.DeleteBlocksCommandHandler$DeleteCmdWorker.run(DeleteBlocksCommandHandler.java:175)&#10;        at java.lang.Thread.run(Thread.java:748)&#10;&quot;Datanode ReportManager Thread - 2&quot; daemon prio=5 tid=1333 in Object.wait()&#10;java.lang.Thread.State: WAITING (on object monitor)&#10;        at sun.misc.Unsafe.park(Native Method)&#10;        at java.util.concurrent.locks.LockSupport.park(LockSupport.java:175)&#10;        at java.util.concurrent.locks.AbstractQueuedSynchronizer$ConditionObject.await(AbstractQueuedSynchronizer.java:2039)&#10;        at java.util.concurrent.ScheduledThreadPoolExecutor$DelayedWorkQueue.take(ScheduledThreadPoolExecutor.java:1088)&#10;        at java.util.concurrent.ScheduledThreadPoolExecutor$DelayedWorkQueue.take(ScheduledThreadPoolExecutor.java:809)&#10;        at java.util.concurrent.ThreadPoolExecutor.getTask(ThreadPoolExecutor.java:1074)&#10;        at java.util.concurrent.ThreadPoolExecutor.runWorker(ThreadPoolExecutor.java:1134)&#10;        at java.util.concurrent.ThreadPoolExecutor$Worker.run(ThreadPoolExecutor.java:624)&#10;        at java.lang.Thread.run(Thread.java:748)&#10;&quot;Datanode ReportManager Thread - 3&quot; daemon prio=5 tid=1361 in Object.wait()&#10;java.lang.Thread.State: WAITING (on object monitor)&#10;        at sun.misc.Unsafe.park(Native Method)&#10;        at java.util.concurrent.locks.LockSupport.park(LockSupport.java:175)&#10;        at java.util.concurrent.locks.AbstractQueuedSynchronizer$ConditionObject.await(AbstractQueuedSynchronizer.java:2039)&#10;        at java.util.concurrent.ScheduledThreadPoolExecutor$DelayedWorkQueue.take(ScheduledThreadPoolExecutor.java:1088)&#10;        at java.util.concurrent.ScheduledThreadPoolExecutor$DelayedWorkQueue.take(ScheduledThreadPoolExecutor.java:809)&#10;        at java.util.concurrent.ThreadPoolExecutor.getTask(ThreadPoolExecutor.java:1074)&#10;        at java.util.concurrent.ThreadPoolExecutor.runWorker(ThreadPoolExecutor.java:1134)&#10;        at java.util.concurrent.ThreadPoolExecutor$Worker.run(ThreadPoolExecutor.java:624)&#10;        at java.lang.Thread.run(Thread.java:748)&#10;&quot;qtp1910453219-3418&quot; daemon prio=5 tid=3418 timed_waiting&#10;java.lang.Thread.State: TIMED_WAITING&#10;        at sun.misc.Unsafe.park(Native Method)&#10;        at java.util.concurrent.locks.LockSupport.parkNanos(LockSupport.java:215)&#10;        at java.util.concurrent.locks.AbstractQueuedSynchronizer$ConditionObject.awaitNanos(AbstractQueuedSynchronizer.java:2078)&#10;        at org.eclipse.jetty.util.BlockingArrayQueue.poll(BlockingArrayQueue.java:382)&#10;        at org.eclipse.jetty.util.thread.QueuedThreadPool$Runner.idleJobPoll(QueuedThreadPool.java:974)&#10;        at org.eclipse.jetty.util.thread.QueuedThreadPool$Runner.run(QueuedThreadPool.java:1018)&#10;        at java.lang.Thread.run(Thread.java:748)&#10;&quot;IPC Server handler 18 on default port 38869&quot; daemon prio=5 tid=3326 timed_waiting&#10;java.lang.Thread.State: TIMED_WAITING&#10;        at sun.misc.Unsafe.park(Native Method)&#10;        at java.util.concurrent.locks.LockSupport.parkNanos(LockSupport.java:215)&#10;        at java.util.concurrent.locks.AbstractQueuedSynchronizer$ConditionObject.awaitNanos(AbstractQueuedSynchronizer.java:2078)&#10;        at java.util.concurrent.LinkedBlockingQueue.poll(LinkedBlockingQueue.java:467)&#10;        at org.apache.hadoop.ipc.CallQueueManager.take(CallQueueManager.java:317)&#10;        at org.apache.hadoop.ipc.Server$Handler.run(Server.java:2932)&#10;&quot;PartialTableCache Cleanup Thread - 0&quot; daemon prio=5 tid=2422 in Object.wait()&#10;java.lang.Thread.State: WAITING (on object monitor)&#10;        at sun.misc.Unsafe.park(Native Method)&#10;        at java.util.concurrent.locks.LockSupport.park(LockSupport.java:175)&#10;        at java.util.concurrent.locks.AbstractQueuedSynchronizer$ConditionObject.await(AbstractQueuedSynchronizer.java:2039)&#10;        at java.util.concurrent.LinkedBlockingQueue.take(LinkedBlockingQueue.java:442)&#10;        at java.util.concurrent.ThreadPoolExecutor.getTask(ThreadPoolExecutor.java:1074)&#10;        at java.util.concurrent.ThreadPoolExecutor.runWorker(ThreadPoolExecutor.java:1134)&#10;        at java.util.concurrent.ThreadPoolExecutor$Worker.run(ThreadPoolExecutor.java:624)&#10;        at java.lang.Thread.run(Thread.java:748)&#10;&quot;IPC Server handler 10 on default port 38869&quot; daemon prio=5 tid=3318 timed_waiting&#10;java.lang.Thread.State: TIMED_WAITING&#10;        at sun.misc.Unsafe.park(Native Method)&#10;        at java.util.concurrent.locks.LockSupport.parkNanos(LockSupport.java:215)&#10;        at java.util.concurrent.locks.AbstractQueuedSynchronizer$ConditionObject.awaitNanos(AbstractQueuedSynchronizer.java:2078)&#10;        at java.util.concurrent.LinkedBlockingQueue.poll(LinkedBlockingQueue.java:467)&#10;        at org.apache.hadoop.ipc.CallQueueManager.take(CallQueueManager.java:317)&#10;        at org.apache.hadoop.ipc.Server$Handler.run(Server.java:2932)&#10;&quot;Socket Reader #1 for port 0&quot; daemon prio=5 tid=3274 runnable&#10;java.lang.Thread.State: RUNNABLE&#10;        at sun.nio.ch.EPollArrayWrapper.epollWait(Native Method)&#10;        at sun.nio.ch.EPollArrayWrapper.poll(EPollArrayWrapper.java:269)&#10;        at sun.nio.ch.EPollSelectorImpl.doSelect(EPollSelectorImpl.java:93)&#10;        at sun.nio.ch.SelectorImpl.lockAndDoSelect(SelectorImpl.java:86)&#10;        at sun.nio.ch.SelectorImpl.select(SelectorImpl.java:97)&#10;        at sun.nio.ch.SelectorImpl.select(SelectorImpl.java:101)&#10;        at org.apache.hadoop.ipc.Server$Listener$Reader.doRunLoop(Server.java:1288)&#10;        at org.apache.hadoop.ipc.Server$Listener$Reader.run(Server.java:1267)&#10;&quot;IPC Server handler 15 on default port 43625&quot; daemon prio=5 tid=3303 timed_waiting&#10;java.lang.Thread.State: TIMED_WAITING&#10;        at sun.misc.Unsafe.park(Native Method)&#10;        at java.util.concurrent.locks.LockSupport.parkNanos(LockSupport.java:215)&#10;        at java.util.concurrent.locks.AbstractQueuedSynchronizer$ConditionObject.awaitNanos(AbstractQueuedSynchronizer.java:2078)&#10;        at java.util.concurrent.LinkedBlockingQueue.poll(LinkedBlockingQueue.java:467)&#10;        at org.apache.hadoop.ipc.CallQueueManager.take(CallQueueManager.java:317)&#10;        at org.apache.hadoop.ipc.Server$Handler.run(Server.java:2932)&#10;&quot;Datanode ReportManager Thread - 0&quot; daemon prio=5 tid=3503 in Object.wait()&#10;java.lang.Thread.State: WAITING (on object monitor)&#10;        at sun.misc.Unsafe.park(Native Method)&#10;        at java.util.concurrent.locks.LockSupport.park(LockSupport.java:175)&#10;        at java.util.concurrent.locks.AbstractQueuedSynchronizer$ConditionObject.await(AbstractQueuedSynchronizer.java:2039)&#10;        at java.util.concurrent.ScheduledThreadPoolExecutor$DelayedWorkQueue.take(ScheduledThreadPoolExecutor.java:1088)&#10;        at java.util.concurrent.ScheduledThreadPoolExecutor$DelayedWorkQueue.take(ScheduledThreadPoolExecutor.java:809)&#10;        at java.util.concurrent.ThreadPoolExecutor.getTask(ThreadPoolExecutor.java:1074)&#10;        at java.util.concurrent.ThreadPoolExecutor.runWorker(ThreadPoolExecutor.java:1134)&#10;        at java.util.concurrent.ThreadPoolExecutor$Worker.run(ThreadPoolExecutor.java:624)&#10;        at java.lang.Thread.run(Thread.java:748)&#10;&quot;org.apache.hadoop.util.JvmPauseMonitor$Monitor@2c715f24&quot; daemon prio=5 tid=3458 timed_waiting&#10;java.lang.Thread.State: TIMED_WAITING&#10;        at java.lang.Thread.sleep(Native Method)&#10;        at org.apache.hadoop.util.JvmPauseMonitor$Monitor.run(JvmPauseMonitor.java:192)&#10;        at java.lang.Thread.run(Thread.java:748)&#10;&quot;Finalizer&quot; daemon prio=8 tid=3 in Object.wait()&#10;java.lang.Thread.State: WAITING (on object monitor)&#10;        at java.lang.Object.wait(Native Method)&#10;        at java.lang.ref.ReferenceQueue.remove(ReferenceQueue.java:144)&#10;        at java.lang.ref.ReferenceQueue.remove(ReferenceQueue.java:165)&#10;        at java.lang.ref.Finalizer$FinalizerThread.run(Finalizer.java:216)&#10;&quot;Datanode ReportManager Thread - 3&quot; daemon prio=5 tid=255 timed_waiting&#10;java.lang.Thread.State: TIMED_WAITING&#10;        at sun.misc.Unsafe.park(Native Method)&#10;        at java.util.concurrent.locks.LockSupport.parkNanos(LockSupport.java:215)&#10;        at java.util.concurrent.locks.AbstractQueuedSynchronizer$ConditionObject.awaitNanos(AbstractQueuedSynchronizer.java:2078)&#10;        at java.util.concurrent.ScheduledThreadPoolExecutor$DelayedWorkQueue.take(ScheduledThreadPoolExecutor.java:1093)&#10;        at java.util.concurrent.ScheduledThreadPoolExecutor$DelayedWorkQueue.take(ScheduledThreadPoolExecutor.java:809)&#10;        at java.util.concurrent.ThreadPoolExecutor.getTask(ThreadPoolExecutor.java:1074)&#10;        at java.util.concurrent.ThreadPoolExecutor.runWorker(ThreadPoolExecutor.java:1134)&#10;        at java.util.concurrent.ThreadPoolExecutor$Worker.run(ThreadPoolExecutor.java:624)&#10;        at java.lang.Thread.run(Thread.java:748)&#10;&quot;IPC Parameter Sending Thread #0&quot; daemon prio=5 tid=109 timed_waiting&#10;java.lang.Thread.State: TIMED_WAITING&#10;        at sun.misc.Unsafe.park(Native Method)&#10;        at java.util.concurrent.locks.LockSupport.parkNanos(LockSupport.java:215)&#10;        at java.util.concurrent.SynchronousQueue$TransferStack.awaitFulfill(SynchronousQueue.java:460)&#10;        at java.util.concurrent.SynchronousQueue$TransferStack.transfer(SynchronousQueue.java:362)&#10;        at java.util.concurrent.SynchronousQueue.poll(SynchronousQueue.java:941)&#10;        at java.util.concurrent.ThreadPoolExecutor.getTask(ThreadPoolExecutor.java:1073)&#10;        at java.util.concurrent.ThreadPoolExecutor.runWorker(ThreadPoolExecutor.java:1134)&#10;        at java.util.concurrent.ThreadPoolExecutor$Worker.run(ThreadPoolExecutor.java:624)&#10;        at java.lang.Thread.run(Thread.java:748)&#10;&quot;Datanode ReportManager Thread - 2&quot; daemon prio=5 tid=204 in Object.wait()&#10;java.lang.Thread.State: WAITING (on object monitor)&#10;        at sun.misc.Unsafe.park(Native Method)&#10;        at java.util.concurrent.locks.LockSupport.park(LockSupport.java:175)&#10;        at java.util.concurrent.locks.AbstractQueuedSynchronizer$ConditionObject.await(AbstractQueuedSynchronizer.java:2039)&#10;        at java.util.concurrent.ScheduledThreadPoolExecutor$DelayedWorkQueue.take(ScheduledThreadPoolExecutor.java:1088)&#10;        at java.util.concurrent.ScheduledThreadPoolExecutor$DelayedWorkQueue.take(ScheduledThreadPoolExecutor.java:809)&#10;        at java.util.concurrent.ThreadPoolExecutor.getTask(ThreadPoolExecutor.java:1074)&#10;        at java.util.concurrent.ThreadPoolExecutor.runWorker(ThreadPoolExecutor.java:1134)&#10;        at java.util.concurrent.ThreadPoolExecutor$Worker.run(ThreadPoolExecutor.java:624)&#10;        at java.lang.Thread.run(Thread.java:748)&#10;&quot;org.apache.hadoop.ozone.container.common.statemachine.commandhandler.DeleteBlocksCommandHandler$DeleteCmdWorker@1ac80a89&quot; daemon prio=5 tid=2248 runnable&#10;java.lang.Thread.State: RUNNABLE&#10;        at java.lang.Thread.sleep(Native Method)&#10;        at org.apache.hadoop.ozone.container.common.statemachine.commandhandler.DeleteBlocksCommandHandler$DeleteCmdWorker.run(DeleteBlocksCommandHandler.java:175)&#10;        at java.lang.Thread.run(Thread.java:748)&#10;&quot;Datanode ReportManager Thread - 4&quot; daemon prio=5 tid=231 timed_waiting&#10;java.lang.Thread.State: TIMED_WAITING&#10;        at sun.misc.Unsafe.park(Native Method)&#10;        at java.util.concurrent.locks.LockSupport.parkNanos(LockSupport.java:215)&#10;        at java.util.concurrent.locks.AbstractQueuedSynchronizer$ConditionObject.awaitNanos(AbstractQueuedSynchronizer.java:2078)&#10;        at java.util.concurrent.ScheduledThreadPoolExecutor$DelayedWorkQueue.take(ScheduledThreadPoolExecutor.java:1093)&#10;        at java.util.concurrent.ScheduledThreadPoolExecutor$DelayedWorkQueue.take(ScheduledThreadPoolExecutor.java:809)&#10;        at java.util.concurrent.ThreadPoolExecutor.getTask(ThreadPoolExecutor.java:1074)&#10;        at java.util.concurrent.ThreadPoolExecutor.runWorker(ThreadPoolExecutor.java:1134)&#10;        at java.util.concurrent.ThreadPoolExecutor$Worker.run(ThreadPoolExecutor.java:624)&#10;        at java.lang.Thread.run(Thread.java:748)&#10;&quot;ChunkWriter-1-0&quot; daemon prio=5 tid=3514 in Object.wait()&#10;java.lang.Thread.State: WAITING (on object monitor)&#10;        at sun.misc.Unsafe.park(Native Method)&#10;        at java.util.concurrent.locks.LockSupport.park(LockSupport.java:175)&#10;        at java.util.concurrent.locks.AbstractQueuedSynchronizer$ConditionObject.await(AbstractQueuedSynchronizer.java:2039)&#10;        at java.util.concurrent.LinkedBlockingDeque.takeFirst(LinkedBlockingDeque.java:492)&#10;        at java.util.concurrent.LinkedBlockingDeque.take(LinkedBlockingDeque.java:680)&#10;        at java.util.concurrent.ThreadPoolExecutor.getTask(ThreadPoolExecutor.java:1074)&#10;        at java.util.concurrent.ThreadPoolExecutor.runWorker(ThreadPoolExecutor.java:1134)&#10;        at java.util.concurrent.ThreadPoolExecutor$Worker.run(ThreadPoolExecutor.java:624)&#10;        at java.lang.Thread.run(Thread.java:748)&#10;&quot;IPC Server handler 18 on default port 46101&quot; daemon prio=5 tid=3405 timed_waiting&#10;java.lang.Thread.State: TIMED_WAITING&#10;        at sun.misc.Unsafe.park(Native Method)&#10;        at java.util.concurrent.locks.LockSupport.parkNanos(LockSupport.java:215)&#10;        at java.util.concurrent.locks.AbstractQueuedSynchronizer$ConditionObject.awaitNanos(AbstractQueuedSynchronizer.java:2078)&#10;        at java.util.concurrent.LinkedBlockingQueue.poll(LinkedBlockingQueue.java:467)&#10;        at org.apache.hadoop.ipc.CallQueueManager.take(CallQueueManager.java:317)&#10;        at org.apache.hadoop.ipc.Server$Handler.run(Server.java:2932)&#10;&quot;ReplicationMonitor&quot; daemon prio=5 tid=3271 timed_waiting&#10;java.lang.Thread.State: TIMED_WAITING&#10;        at java.lang.Object.wait(Native Method)&#10;        at org.apache.hadoop.hdds.scm.container.ReplicationManager.run(ReplicationManager.java:384)&#10;        at org.apache.hadoop.hdds.scm.container.ReplicationManager$$Lambda$249/663900621.run(Unknown Source)&#10;        at java.lang.Thread.run(Thread.java:748)&#10;&quot;qtp115531689-3449&quot; daemon prio=5 tid=3449 timed_waiting&#10;java.lang.Thread.State: TIMED_WAITING&#10;        at sun.misc.Unsafe.park(Native Method)&#10;        at java.util.concurrent.locks.LockSupport.parkNanos(LockSupport.java:215)&#10;        at java.util.concurrent.locks.AbstractQueuedSynchronizer$ConditionObject.awaitNanos(AbstractQueuedSynchronizer.java:2078)&#10;        at org.eclipse.jetty.util.BlockingArrayQueue.poll(BlockingArrayQueue.java:382)&#10;        at org.eclipse.jetty.util.thread.QueuedThreadPool$Runner.idleJobPoll(QueuedThreadPool.java:974)&#10;        at org.eclipse.jetty.util.thread.QueuedThreadPool$Runner.run(QueuedThreadPool.java:1018)&#10;        at java.lang.Thread.run(Thread.java:748)&#10;&quot;IPC Server handler 14 on default port 38869&quot; daemon prio=5 tid=3322 timed_waiting&#10;java.lang.Thread.State: TIMED_WAITING&#10;        at sun.misc.Unsafe.park(Native Method)&#10;        at java.util.concurrent.locks.LockSupport.parkNanos(LockSupport.java:215)&#10;        at java.util.concurrent.locks.AbstractQueuedSynchronizer$ConditionObject.awaitNanos(AbstractQueuedSynchronizer.java:2078)&#10;        at java.util.concurrent.LinkedBlockingQueue.poll(LinkedBlockingQueue.java:467)&#10;        at org.apache.hadoop.ipc.CallQueueManager.take(CallQueueManager.java:317)&#10;        at org.apache.hadoop.ipc.Server$Handler.run(Server.java:2932)&#10;&quot;EndpointStateMachine task thread for /0.0.0.0:46875 - 0 &quot;  prio=5 tid=1867 in Object.wait()&#10;java.lang.Thread.State: WAITING (on object monitor)&#10;        at sun.misc.Unsafe.park(Native Method)&#10;        at java.util.concurrent.locks.LockSupport.park(LockSupport.java:175)&#10;        at java.util.concurrent.locks.AbstractQueuedSynchronizer$ConditionObject.await(AbstractQueuedSynchronizer.java:2039)&#10;        at java.util.concurrent.LinkedBlockingQueue.take(LinkedBlockingQueue.java:442)&#10;        at java.util.concurrent.ThreadPoolExecutor.getTask(ThreadPoolExecutor.java:1074)&#10;        at java.util.concurrent.ThreadPoolExecutor.runWorker(ThreadPoolExecutor.java:1134)&#10;        at java.util.concurrent.ThreadPoolExecutor$Worker.run(ThreadPoolExecutor.java:624)&#10;        at java.lang.Thread.run(Thread.java:748)&#10;&quot;IPC Server handler 6 on default port 38869&quot; daemon prio=5 tid=3314 timed_waiting&#10;java.lang.Thread.State: TIMED_WAITING&#10;        at sun.misc.Unsafe.park(Native Method)&#10;        at java.util.concurrent.locks.LockSupport.parkNanos(LockSupport.java:215)&#10;        at java.util.concurrent.locks.AbstractQueuedSynchronizer$ConditionObject.awaitNanos(AbstractQueuedSynchronizer.java:2078)&#10;        at java.util.concurrent.LinkedBlockingQueue.poll(LinkedBlockingQueue.java:467)&#10;        at org.apache.hadoop.ipc.CallQueueManager.take(CallQueueManager.java:317)&#10;        at org.apache.hadoop.ipc.Server$Handler.run(Server.java:2932)&#10;&quot;Datanode ReportManager Thread - 2&quot; daemon prio=5 tid=1385 in Object.wait()&#10;java.lang.Thread.State: WAITING (on object monitor)&#10;        at sun.misc.Unsafe.park(Native Method)&#10;        at java.util.concurrent.locks.LockSupport.park(LockSupport.java:175)&#10;        at java.util.concurrent.locks.AbstractQueuedSynchronizer$ConditionObject.await(AbstractQueuedSynchronizer.java:2039)&#10;        at java.util.concurrent.ScheduledThreadPoolExecutor$DelayedWorkQueue.take(ScheduledThreadPoolExecutor.java:1088)&#10;        at java.util.concurrent.ScheduledThreadPoolExecutor$DelayedWorkQueue.take(ScheduledThreadPoolExecutor.java:809)&#10;        at java.util.concurrent.ThreadPoolExecutor.getTask(ThreadPoolExecutor.java:1074)&#10;        at java.util.concurrent.ThreadPoolExecutor.runWorker(ThreadPoolExecutor.java:1134)&#10;        at java.util.concurrent.ThreadPoolExecutor$Worker.run(ThreadPoolExecutor.java:624)&#10;        at java.lang.Thread.run(Thread.java:748)&#10;&quot;org.apache.hadoop.util.JvmPauseMonitor$Monitor@6448eb91&quot; daemon prio=5 tid=3509 timed_waiting&#10;java.lang.Thread.State: TIMED_WAITING&#10;        at java.lang.Thread.sleep(Native Method)&#10;        at org.apache.hadoop.util.JvmPauseMonitor$Monitor.run(JvmPauseMonitor.java:192)&#10;        at java.lang.Thread.run(Thread.java:748)&#10;&quot;Datanode State Machine Task Thread - 1&quot;  prio=5 tid=3545 in Object.wait()&#10;java.lang.Thread.State: WAITING (on object monitor)&#10;        at sun.misc.Unsafe.park(Native Method)&#10;        at java.util.concurrent.locks.LockSupport.park(LockSupport.java:175)&#10;        at java.util.concurrent.locks.AbstractQueuedSynchronizer$ConditionObject.await(AbstractQueuedSynchronizer.java:2039)&#10;        at java.util.concurrent.LinkedBlockingQueue.take(LinkedBlockingQueue.java:442)&#10;        at java.util.concurrent.ThreadPoolExecutor.getTask(ThreadPoolExecutor.java:1074)&#10;        at java.util.concurrent.ThreadPoolExecutor.runWorker(ThreadPoolExecutor.java:1134)&#10;        at java.util.concurrent.ThreadPoolExecutor$Worker.run(ThreadPoolExecutor.java:624)&#10;        at java.lang.Thread.run(Thread.java:748)&#10;&quot;org.apache.ratis.util.JvmPauseMonitor$$Lambda$535/1672973847@3703d946&quot; daemon prio=5 tid=3373 timed_waiting&#10;java.lang.Thread.State: TIMED_WAITING&#10;        at java.lang.Thread.sleep(Native Method)&#10;        at java.lang.Thread.sleep(Thread.java:340)&#10;        at java.util.concurrent.TimeUnit.sleep(TimeUnit.java:386)&#10;        at org.apache.ratis.util.TimeDuration.sleep(TimeDuration.java:324)&#10;        at org.apache.ratis.util.TimeDuration.sleep(TimeDuration.java:309)&#10;        at org.apache.ratis.util.JvmPauseMonitor.detectPause(JvmPauseMonitor.java:117)&#10;        at org.apache.ratis.util.JvmPauseMonitor.run(JvmPauseMonitor.java:106)&#10;        at org.apache.ratis.util.JvmPauseMonitor$$Lambda$535/1672973847.run(Unknown Source)&#10;        at java.lang.Thread.run(Thread.java:748)&#10;&quot;Datanode ReportManager Thread - 3&quot; daemon prio=5 tid=1817 in Object.wait()&#10;java.lang.Thread.State: WAITING (on object monitor)&#10;        at sun.misc.Unsafe.park(Native Method)&#10;        at java.util.concurrent.locks.LockSupport.park(LockSupport.java:175)&#10;        at java.util.concurrent.locks.AbstractQueuedSynchronizer$ConditionObject.await(AbstractQueuedSynchronizer.java:2039)&#10;        at java.util.concurrent.ScheduledThreadPoolExecutor$DelayedWorkQueue.take(ScheduledThreadPoolExecutor.java:1088)&#10;        at java.util.concurrent.ScheduledThreadPoolExecutor$DelayedWorkQueue.take(ScheduledThreadPoolExecutor.java:809)&#10;        at java.util.concurrent.ThreadPoolExecutor.getTask(ThreadPoolExecutor.java:1074)&#10;        at java.util.concurrent.ThreadPoolExecutor.runWorker(ThreadPoolExecutor.java:1134)&#10;        at java.util.concurrent.ThreadPoolExecutor$Worker.run(ThreadPoolExecutor.java:624)&#10;        at java.lang.Thread.run(Thread.java:748)&#10;&quot;EndpointStateMachine task thread for /0.0.0.0:45403 - 0 &quot;  prio=5 tid=1436 in Object.wait()&#10;java.lang.Thread.State: WAITING (on object monitor)&#10;        at sun.misc.Unsafe.park(Native Method)&#10;        at java.util.concurrent.locks.LockSupport.park(LockSupport.java:175)&#10;        at java.util.concurrent.locks.AbstractQueuedSynchronizer$ConditionObject.await(AbstractQueuedSynchronizer.java:2039)&#10;        at java.util.concurrent.LinkedBlockingQueue.take(LinkedBlockingQueue.java:442)&#10;        at java.util.concurrent.ThreadPoolExecutor.getTask(ThreadPoolExecutor.java:1074)&#10;        at java.util.concurrent.ThreadPoolExecutor.runWorker(ThreadPoolExecutor.java:1134)&#10;        at java.util.concurrent.ThreadPoolExecutor$Worker.run(ThreadPoolExecutor.java:624)&#10;        at java.lang.Thread.run(Thread.java:748)&#10;&quot;IPC Server handler 19 on default port 43625&quot; daemon prio=5 tid=3307 timed_waiting&#10;java.lang.Thread.State: TIMED_WAITING&#10;        at sun.misc.Unsafe.park(Native Method)&#10;        at java.util.concurrent.locks.LockSupport.parkNanos(LockSupport.java:215)&#10;        at java.util.concurrent.locks.AbstractQueuedSynchronizer$ConditionObject.awaitNanos(AbstractQueuedSynchronizer.java:2078)&#10;        at java.util.concurrent.LinkedBlockingQueue.poll(LinkedBlockingQueue.java:467)&#10;        at org.apache.hadoop.ipc.CallQueueManager.take(CallQueueManager.java:317)&#10;        at org.apache.hadoop.ipc.Server$Handler.run(Server.java:2932)&#10;&quot;Datanode ReportManager Thread - 3&quot; daemon prio=5 tid=3506 in Object.wait()&#10;java.lang.Thread.State: WAITING (on object monitor)&#10;        at sun.misc.Unsafe.park(Native Method)&#10;        at java.util.concurrent.locks.LockSupport.park(LockSupport.java:175)&#10;        at java.util.concurrent.locks.AbstractQueuedSynchronizer$ConditionObject.await(AbstractQueuedSynchronizer.java:2039)&#10;        at java.util.concurrent.ScheduledThreadPoolExecutor$DelayedWorkQueue.take(ScheduledThreadPoolExecutor.java:1088)&#10;        at java.util.concurrent.ScheduledThreadPoolExecutor$DelayedWorkQueue.take(ScheduledThreadPoolExecutor.java:809)&#10;        at java.util.concurrent.ThreadPoolExecutor.getTask(ThreadPoolExecutor.java:1074)&#10;        at java.util.concurrent.ThreadPoolExecutor.runWorker(ThreadPoolExecutor.java:1134)&#10;        at java.util.concurrent.ThreadPoolExecutor$Worker.run(ThreadPoolExecutor.java:624)&#10;        at java.lang.Thread.run(Thread.java:748)&#10;&quot;qtp1951734534-3495&quot; daemon prio=5 tid=3495 timed_waiting&#10;java.lang.Thread.State: TIMED_WAITING&#10;        at sun.misc.Unsafe.park(Native Method)&#10;        at java.util.concurrent.locks.LockSupport.parkNanos(LockSupport.java:215)&#10;        at java.util.concurrent.locks.AbstractQueuedSynchronizer$ConditionObject.awaitNanos(AbstractQueuedSynchronizer.java:2078)&#10;        at org.eclipse.jetty.util.BlockingArrayQueue.poll(BlockingArrayQueue.java:382)&#10;        at org.eclipse.jetty.util.thread.QueuedThreadPool$Runner.idleJobPoll(QueuedThreadPool.java:974)&#10;        at org.eclipse.jetty.util.thread.QueuedThreadPool$Runner.run(QueuedThreadPool.java:1018)&#10;        at java.lang.Thread.run(Thread.java:748)&#10;&quot;Datanode ReportManager Thread - 4&quot; daemon prio=5 tid=3507 in Object.wait()&#10;java.lang.Thread.State: WAITING (on object monitor)&#10;        at sun.misc.Unsafe.park(Native Method)&#10;        at java.util.concurrent.locks.LockSupport.park(LockSupport.java:175)&#10;        at java.util.concurrent.locks.AbstractQueuedSynchronizer$ConditionObject.await(AbstractQueuedSynchronizer.java:2039)&#10;        at java.util.concurrent.ScheduledThreadPoolExecutor$DelayedWorkQueue.take(ScheduledThreadPoolExecutor.java:1088)&#10;        at java.util.concurrent.ScheduledThreadPoolExecutor$DelayedWorkQueue.take(ScheduledThreadPoolExecutor.java:809)&#10;        at java.util.concurrent.ThreadPoolExecutor.getTask(ThreadPoolExecutor.java:1074)&#10;        at java.util.concurrent.ThreadPoolExecutor.runWorker(ThreadPoolExecutor.java:1134)&#10;        at java.util.concurrent.ThreadPoolExecutor$Worker.run(ThreadPoolExecutor.java:624)&#10;        at java.lang.Thread.run(Thread.java:748)&#10;&quot;Datanode ReportManager Thread - 4&quot; daemon prio=5 tid=1362 in Object.wait()&#10;java.lang.Thread.State: WAITING (on object monitor)&#10;        at sun.misc.Unsafe.park(Native Method)&#10;        at java.util.concurrent.locks.LockSupport.park(LockSupport.java:175)&#10;        at java.util.concurrent.locks.AbstractQueuedSynchronizer$ConditionObject.await(AbstractQueuedSynchronizer.java:2039)&#10;        at java.util.concurrent.ScheduledThreadPoolExecutor$DelayedWorkQueue.take(ScheduledThreadPoolExecutor.java:1088)&#10;        at java.util.concurrent.ScheduledThreadPoolExecutor$DelayedWorkQueue.take(ScheduledThreadPoolExecutor.java:809)&#10;        at java.util.concurrent.ThreadPoolExecutor.getTask(ThreadPoolExecutor.java:1074)&#10;        at java.util.concurrent.ThreadPoolExecutor.runWorker(ThreadPoolExecutor.java:1134)&#10;        at java.util.concurrent.ThreadPoolExecutor$Worker.run(ThreadPoolExecutor.java:624)&#10;        at java.lang.Thread.run(Thread.java:748)&#10;&quot;Datanode State Machine Daemon Thread&quot; daemon prio=5 tid=3501 timed_waiting&#10;java.lang.Thread.State: TIMED_WAITING&#10;        at java.lang.Thread.sleep(Native Method)&#10;        at org.apache.hadoop.ozone.container.common.statemachine.DatanodeStateMachine.start(DatanodeStateMachine.java:295)&#10;        at org.apache.hadoop.ozone.container.common.statemachine.DatanodeStateMachine.lambda$startDaemon$0(DatanodeStateMachine.java:468)&#10;        at org.apache.hadoop.ozone.container.common.statemachine.DatanodeStateMachine$$Lambda$575/715438968.run(Unknown Source)&#10;        at java.lang.Thread.run(Thread.java:748)&#10;&quot;ChunkWriter-2-0&quot; daemon prio=5 tid=3533 in Object.wait()&#10;java.lang.Thread.State: WAITING (on object monitor)&#10;        at sun.misc.Unsafe.park(Native Method)&#10;        at java.util.concurrent.locks.LockSupport.park(LockSupport.java:175)&#10;        at java.util.concurrent.locks.AbstractQueuedSynchronizer$ConditionObject.await(AbstractQueuedSynchronizer.java:2039)&#10;        at java.util.concurrent.LinkedBlockingDeque.takeFirst(LinkedBlockingDeque.java:492)&#10;        at java.util.concurrent.LinkedBlockingDeque.take(LinkedBlockingDeque.java:680)&#10;        at java.util.concurrent.ThreadPoolExecutor.getTask(ThreadPoolExecutor.java:1074)&#10;        at java.util.concurrent.ThreadPoolExecutor.runWorker(ThreadPoolExecutor.java:1134)&#10;        at java.util.concurrent.ThreadPoolExecutor$Worker.run(ThreadPoolExecutor.java:624)&#10;        at java.lang.Thread.run(Thread.java:748)&#10;&quot;IPC Server handler 5 on default port 43625&quot; daemon prio=5 tid=3293 timed_waiting&#10;java.lang.Thread.State: TIMED_WAITING&#10;        at sun.misc.Unsafe.park(Native Method)&#10;        at java.util.concurrent.locks.LockSupport.parkNanos(LockSupport.java:215)&#10;        at java.util.concurrent.locks.AbstractQueuedSynchronizer$ConditionObject.awaitNanos(AbstractQueuedSynchronizer.java:2078)&#10;        at java.util.concurrent.LinkedBlockingQueue.poll(LinkedBlockingQueue.java:467)&#10;        at org.apache.hadoop.ipc.CallQueueManager.take(CallQueueManager.java:317)&#10;        at org.apache.hadoop.ipc.Server$Handler.run(Server.java:2932)&#10;&quot;ChunkWriter-0-0&quot; daemon prio=5 tid=3513 in Object.wait()&#10;java.lang.Thread.State: WAITING (on object monitor)&#10;        at sun.misc.Unsafe.park(Native Method)&#10;        at java.util.concurrent.locks.LockSupport.park(LockSupport.java:175)&#10;        at java.util.concurrent.locks.AbstractQueuedSynchronizer$ConditionObject.await(AbstractQueuedSynchronizer.java:2039)&#10;        at java.util.concurrent.LinkedBlockingDeque.takeFirst(LinkedBlockingDeque.java:492)&#10;        at java.util.concurrent.LinkedBlockingDeque.take(LinkedBlockingDeque.java:680)&#10;        at java.util.concurrent.ThreadPoolExecutor.getTask(ThreadPoolExecutor.java:1074)&#10;        at java.util.concurrent.ThreadPoolExecutor.runWorker(ThreadPoolExecutor.java:1134)&#10;        at java.util.concurrent.ThreadPoolExecutor$Worker.run(ThreadPoolExecutor.java:624)&#10;        at java.lang.Thread.run(Thread.java:748)&#10;&quot;ChunkWriter-3-0&quot; daemon prio=5 tid=3525 in Object.wait()&#10;java.lang.Thread.State: WAITING (on object monitor)&#10;        at sun.misc.Unsafe.park(Native Method)&#10;        at java.util.concurrent.locks.LockSupport.park(LockSupport.java:175)&#10;        at java.util.concurrent.locks.AbstractQueuedSynchronizer$ConditionObject.await(AbstractQueuedSynchronizer.java:2039)&#10;        at java.util.concurrent.LinkedBlockingDeque.takeFirst(LinkedBlockingDeque.java:492)&#10;        at java.util.concurrent.LinkedBlockingDeque.take(LinkedBlockingDeque.java:680)&#10;        at java.util.concurrent.ThreadPoolExecutor.getTask(ThreadPoolExecutor.java:1074)&#10;        at java.util.concurrent.ThreadPoolExecutor.runWorker(ThreadPoolExecutor.java:1134)&#10;        at java.util.concurrent.ThreadPoolExecutor$Worker.run(ThreadPoolExecutor.java:624)&#10;        at java.lang.Thread.run(Thread.java:748)&#10;&quot;org.apache.hadoop.util.JvmPauseMonitor$Monitor@215a1a9b&quot; daemon prio=5 tid=3349 timed_waiting&#10;java.lang.Thread.State: TIMED_WAITING&#10;        at java.lang.Thread.sleep(Native Method)&#10;        at org.apache.hadoop.util.JvmPauseMonitor$Monitor.run(JvmPauseMonitor.java:192)&#10;        at java.lang.Thread.run(Thread.java:748)&#10;&quot;Datanode ReportManager Thread - 1&quot; daemon prio=5 tid=1332 in Object.wait()&#10;java.lang.Thread.State: WAITING (on object monitor)&#10;        at sun.misc.Unsafe.park(Native Method)&#10;        at java.util.concurrent.locks.LockSupport.park(LockSupport.java:175)&#10;        at java.util.concurrent.locks.AbstractQueuedSynchronizer$ConditionObject.await(AbstractQueuedSynchronizer.java:2039)&#10;        at java.util.concurrent.ScheduledThreadPoolExecutor$DelayedWorkQueue.take(ScheduledThreadPoolExecutor.java:1088)&#10;        at java.util.concurrent.ScheduledThreadPoolExecutor$DelayedWorkQueue.take(ScheduledThreadPoolExecutor.java:809)&#10;        at java.util.concurrent.ThreadPoolExecutor.getTask(ThreadPoolExecutor.java:1074)&#10;        at java.util.concurrent.ThreadPoolExecutor.runWorker(ThreadPoolExecutor.java:1134)&#10;        at java.util.concurrent.ThreadPoolExecutor$Worker.run(ThreadPoolExecutor.java:624)&#10;        at java.lang.Thread.run(Thread.java:748)&#10;&quot;org.apache.hadoop.ozone.container.common.statemachine.commandhandler.DeleteBlocksCommandHandler$DeleteCmdWorker@15b61bb9&quot; daemon prio=5 tid=1750 runnable&#10;java.lang.Thread.State: RUNNABLE&#10;        at java.lang.Thread.sleep(Native Method)&#10;        at org.apache.hadoop.ozone.container.common.statemachine.commandhandler.DeleteBlocksCommandHandler$DeleteCmdWorker.run(DeleteBlocksCommandHandler.java:175)&#10;        at java.lang.Thread.run(Thread.java:748)&#10;&quot;IPC Server handler 16 on default port 43677&quot; daemon prio=5 tid=3344 timed_waiting&#10;java.lang.Thread.State: TIMED_WAITING&#10;        at sun.misc.Unsafe.park(Native Method)&#10;        at java.util.concurrent.locks.LockSupport.parkNanos(LockSupport.java:215)&#10;        at java.util.concurrent.locks.AbstractQueuedSynchronizer$ConditionObject.awaitNanos(AbstractQueuedSynchronizer.java:2078)&#10;        at java.util.concurrent.LinkedBlockingQueue.poll(LinkedBlockingQueue.java:467)&#10;        at org.apache.hadoop.ipc.CallQueueManager.take(CallQueueManager.java:317)&#10;        at org.apache.hadoop.ipc.Server$Handler.run(Server.java:2932)&#10;&quot;pool-697-thread-1&quot;  prio=5 tid=3571 in Object.wait()&#10;java.lang.Thread.State: WAITING (on object monitor)&#10;        at sun.misc.Unsafe.park(Native Method)&#10;        at java.util.concurrent.locks.LockSupport.park(LockSupport.java:175)&#10;        at java.util.concurrent.locks.AbstractQueuedSynchronizer$ConditionObject.await(AbstractQueuedSynchronizer.java:2039)&#10;        at java.util.concurrent.LinkedBlockingQueue.take(LinkedBlockingQueue.java:442)&#10;        at java.util.concurrent.ThreadPoolExecutor.getTask(ThreadPoolExecutor.java:1074)&#10;        at java.util.concurrent.ThreadPoolExecutor.runWorker(ThreadPoolExecutor.java:1134)&#10;        at java.util.concurrent.ThreadPoolExecutor$Worker.run(ThreadPoolExecutor.java:624)&#10;        at java.lang.Thread.run(Thread.java:748)&#10;&quot;IPC Server handler 8 on default port 46101&quot; daemon prio=5 tid=3395 timed_waiting&#10;java.lang.Thread.State: TIMED_WAITING&#10;        at sun.misc.Unsafe.park(Native Method)&#10;        at java.util.concurrent.locks.LockSupport.parkNanos(LockSupport.java:215)&#10;        at java.util.concurrent.locks.AbstractQueuedSynchronizer$ConditionObject.awaitNanos(AbstractQueuedSynchronizer.java:2078)&#10;        at java.util.concurrent.LinkedBlockingQueue.poll(LinkedBlockingQueue.java:467)&#10;        at org.apache.hadoop.ipc.CallQueueManager.take(CallQueueManager.java:317)&#10;        at org.apache.hadoop.ipc.Server$Handler.run(Server.java:2932)&#10;&quot;qtp980429648-3468-acceptor-0@5237e3f1-ServerConnector@40eba880{HTTP/1.1, (http/1.1)}{0.0.0.0:36303}&quot; daemon prio=3 tid=3468 runnable&#10;java.lang.Thread.State: RUNNABLE&#10;        at sun.nio.ch.ServerSocketChannelImpl.accept0(Native Method)&#10;        at sun.nio.ch.ServerSocketChannelImpl.accept(ServerSocketChannelImpl.java:421)&#10;        at sun.nio.ch.ServerSocketChannelImpl.accept(ServerSocketChannelImpl.java:249)&#10;        at org.eclipse.jetty.server.ServerConnector.accept(ServerConnector.java:388)&#10;        at org.eclipse.jetty.server.AbstractConnector$Acceptor.run(AbstractConnector.java:702)&#10;        at org.eclipse.jetty.util.thread.QueuedThreadPool.runJob(QueuedThreadPool.java:883)&#10;        at org.eclipse.jetty.util.thread.QueuedThreadPool$Runner.run(QueuedThreadPool.java:1034)&#10;        at java.lang.Thread.run(Thread.java:748)&#10;&quot;Session-HouseKeeper-2930e917-1&quot;  prio=5 tid=3423 timed_waiting&#10;java.lang.Thread.State: TIMED_WAITING&#10;        at sun.misc.Unsafe.park(Native Method)&#10;        at java.util.concurrent.locks.LockSupport.parkNanos(LockSupport.java:215)&#10;        at java.util.concurrent.locks.AbstractQueuedSynchronizer$ConditionObject.awaitNanos(AbstractQueuedSynchronizer.java:2078)&#10;        at java.util.concurrent.ScheduledThreadPoolExecutor$DelayedWorkQueue.take(ScheduledThreadPoolExecutor.java:1093)&#10;        at java.util.concurrent.ScheduledThreadPoolExecutor$DelayedWorkQueue.take(ScheduledThreadPoolExecutor.java:809)&#10;        at java.util.concurrent.ThreadPoolExecutor.getTask(ThreadPoolExecutor.java:1074)&#10;        at java.util.concurrent.ThreadPoolExecutor.runWorker(ThreadPoolExecutor.java:1134)&#10;        at java.util.concurrent.ThreadPoolExecutor$Worker.run(ThreadPoolExecutor.java:624)&#10;        at java.lang.Thread.run(Thread.java:748)&#10;&quot;qtp706884900-3351&quot; daemon prio=5 tid=3351 runnable&#10;java.lang.Thread.State: RUNNABLE&#10;        at sun.nio.ch.EPollArrayWrapper.epollWait(Native Method)&#10;        at sun.nio.ch.EPollArrayWrapper.poll(EPollArrayWrapper.java:269)&#10;        at sun.nio.ch.EPollSelectorImpl.doSelect(EPollSelectorImpl.java:93)&#10;        at sun.nio.ch.SelectorImpl.lockAndDoSelect(SelectorImpl.java:86)&#10;        at sun.nio.ch.SelectorImpl.select(SelectorImpl.java:97)&#10;        at sun.nio.ch.SelectorImpl.select(SelectorImpl.java:101)&#10;        at org.eclipse.jetty.io.ManagedSelector.nioSelect(ManagedSelector.java:183)&#10;        at org.eclipse.jetty.io.ManagedSelector.select(ManagedSelector.java:190)&#10;        at org.eclipse.jetty.io.ManagedSelector$SelectorProducer.select(ManagedSelector.java:606)&#10;        at org.eclipse.jetty.io.ManagedSelector$SelectorProducer.produce(ManagedSelector.java:543)&#10;        at org.eclipse.jetty.util.thread.strategy.EatWhatYouKill.produceTask(EatWhatYouKill.java:362)&#10;        at org.eclipse.jetty.util.thread.strategy.EatWhatYouKill.doProduce(EatWhatYouKill.java:186)&#10;        at org.eclipse.jetty.util.thread.strategy.EatWhatYouKill.tryProduce(EatWhatYouKill.java:173)&#10;        at org.eclipse.jetty.util.thread.strategy.EatWhatYouKill.produce(EatWhatYouKill.java:137)&#10;        at org.eclipse.jetty.io.ManagedSelector$$Lambda$318/882340409.run(Unknown Source)&#10;        at org.eclipse.jetty.util.thread.QueuedThreadPool.runJob(QueuedThreadPool.java:883)&#10;        at org.eclipse.jetty.util.thread.QueuedThreadPool$Runner.run(QueuedThreadPool.java:1034)&#10;        at java.lang.Thread.run(Thread.java:748)&#10;&quot;EventQueue-NodeReportForNodeReportHandler&quot; daemon prio=5 tid=3688 in Object.wait()&#10;java.lang.Thread.State: WAITING (on object monitor)&#10;        at sun.misc.Unsafe.park(Native Method)&#10;        at java.util.concurrent.locks.LockSupport.park(LockSupport.java:175)&#10;        at java.util.concurrent.locks.AbstractQueuedSynchronizer$ConditionObject.await(AbstractQueuedSynchronizer.java:2039)&#10;        at java.util.concurrent.LinkedBlockingQueue.take(LinkedBlockingQueue.java:442)&#10;        at java.util.concurrent.ThreadPoolExecutor.getTask(ThreadPoolExecutor.java:1074)&#10;        at java.util.concurrent.ThreadPoolExecutor.runWorker(ThreadPoolExecutor.java:1134)&#10;        at java.util.concurrent.ThreadPoolExecutor$Worker.run(ThreadPoolExecutor.java:624)&#10;        at java.lang.Thread.run(Thread.java:748)&#10;&quot;IPC Server handler 1 on default port 46101&quot; daemon prio=5 tid=3388 timed_waiting&#10;java.lang.Thread.State: TIMED_WAITING&#10;        at sun.misc.Unsafe.park(Native Method)&#10;        at java.util.concurrent.locks.LockSupport.parkNanos(LockSupport.java:215)&#10;        at java.util.concurrent.locks.AbstractQueuedSynchronizer$ConditionObject.awaitNanos(AbstractQueuedSynchronizer.java:2078)&#10;        at java.util.concurrent.LinkedBlockingQueue.poll(LinkedBlockingQueue.java:467)&#10;        at org.apache.hadoop.ipc.CallQueueManager.take(CallQueueManager.java:317)&#10;        at org.apache.hadoop.ipc.Server$Handler.run(Server.java:2932)&#10;&quot;Datanode ReportManager Thread - 2&quot; daemon prio=5 tid=2262 in Object.wait()&#10;java.lang.Thread.State: WAITING (on object monitor)&#10;        at sun.misc.Unsafe.park(Native Method)&#10;        at java.util.concurrent.locks.LockSupport.park(LockSupport.java:175)&#10;        at java.util.concurrent.locks.AbstractQueuedSynchronizer$ConditionObject.await(AbstractQueuedSynchronizer.java:2039)&#10;        at java.util.concurrent.ScheduledThreadPoolExecutor$DelayedWorkQueue.take(ScheduledThreadPoolExecutor.java:1088)&#10;        at java.util.concurrent.ScheduledThreadPoolExecutor$DelayedWorkQueue.take(ScheduledThreadPoolExecutor.java:809)&#10;        at java.util.concurrent.ThreadPoolExecutor.getTask(ThreadPoolExecutor.java:1074)&#10;        at java.util.concurrent.ThreadPoolExecutor.runWorker(ThreadPoolExecutor.java:1134)&#10;        at java.util.concurrent.ThreadPoolExecutor$Worker.run(ThreadPoolExecutor.java:624)&#10;        at java.lang.Thread.run(Thread.java:748)&#10;&quot;org.apache.hadoop.ozone.container.common.statemachine.commandhandler.DeleteBlocksCommandHandler$DeleteCmdWorker@52666dbf&quot; daemon prio=5 tid=3413 timed_waiting&#10;java.lang.Thread.State: TIMED_WAITING&#10;        at java.lang.Thread.sleep(Native Method)&#10;        at org.apache.hadoop.ozone.container.common.statemachine.commandhandler.DeleteBlocksCommandHandler$DeleteCmdWorker.run(DeleteBlocksCommandHandler.java:175)&#10;        at java.lang.Thread.run(Thread.java:748)&#10;&quot;Command processor thread&quot; daemon prio=5 tid=3457 timed_waiting&#10;java.lang.Thread.State: TIMED_WAITING&#10;        at java.lang.Thread.sleep(Native Method)&#10;        at org.apache.hadoop.ozone.container.common.statemachine.DatanodeStateMachine.lambda$initCommandHandlerThread$2(DatanodeStateMachine.java:574)&#10;        at org.apache.hadoop.ozone.container.common.statemachine.DatanodeStateMachine$$Lambda$577/1509945893.run(Unknown Source)&#10;        at java.lang.Thread.run(Thread.java:748)&#10;&quot;Datanode ReportManager Thread - 2&quot; daemon prio=5 tid=2237 in Object.wait()&#10;java.lang.Thread.State: WAITING (on object monitor)&#10;        at sun.misc.Unsafe.park(Native Method)&#10;        at java.util.concurrent.locks.LockSupport.park(LockSupport.java:175)&#10;        at java.util.concurrent.locks.AbstractQueuedSynchronizer$ConditionObject.await(AbstractQueuedSynchronizer.java:2039)&#10;        at java.util.concurrent.ScheduledThreadPoolExecutor$DelayedWorkQueue.take(ScheduledThreadPoolExecutor.java:1088)&#10;        at java.util.concurrent.ScheduledThreadPoolExecutor$DelayedWorkQueue.take(ScheduledThreadPoolExecutor.java:809)&#10;        at java.util.concurrent.ThreadPoolExecutor.getTask(ThreadPoolExecutor.java:1074)&#10;        at java.util.concurrent.ThreadPoolExecutor.runWorker(ThreadPoolExecutor.java:1134)&#10;        at java.util.concurrent.ThreadPoolExecutor$Worker.run(ThreadPoolExecutor.java:624)&#10;        at java.lang.Thread.run(Thread.java:748)&#10;&quot;Datanode ReportManager Thread - 0&quot; daemon prio=5 tid=227 in Object.wait()&#10;java.lang.Thread.State: WAITING (on object monitor)&#10;        at sun.misc.Unsafe.park(Native Method)&#10;        at java.util.concurrent.locks.LockSupport.park(LockSupport.java:175)&#10;        at java.util.concurrent.locks.AbstractQueuedSynchronizer$ConditionObject.await(AbstractQueuedSynchronizer.java:2039)&#10;        at java.util.concurrent.ScheduledThreadPoolExecutor$DelayedWorkQueue.take(ScheduledThreadPoolExecutor.java:1088)&#10;        at java.util.concurrent.ScheduledThreadPoolExecutor$DelayedWorkQueue.take(ScheduledThreadPoolExecutor.java:809)&#10;        at java.util.concurrent.ThreadPoolExecutor.getTask(ThreadPoolExecutor.java:1074)&#10;        at java.util.concurrent.ThreadPoolExecutor.runWorker(ThreadPoolExecutor.java:1134)&#10;        at java.util.concurrent.ThreadPoolExecutor$Worker.run(ThreadPoolExecutor.java:624)&#10;        at java.lang.Thread.run(Thread.java:748)&#10;&quot;IPC Server handler 11 on default port 38869&quot; daemon prio=5 tid=3319 timed_waiting&#10;java.lang.Thread.State: TIMED_WAITING&#10;        at sun.misc.Unsafe.park(Native Method)&#10;        at java.util.concurrent.locks.LockSupport.parkNanos(LockSupport.java:215)&#10;        at java.util.concurrent.locks.AbstractQueuedSynchronizer$ConditionObject.awaitNanos(AbstractQueuedSynchronizer.java:2078)&#10;        at java.util.concurrent.LinkedBlockingQueue.poll(LinkedBlockingQueue.java:467)&#10;        at org.apache.hadoop.ipc.CallQueueManager.take(CallQueueManager.java:317)&#10;        at org.apache.hadoop.ipc.Server$Handler.run(Server.java:2932)&#10;&quot;Datanode ReportManager Thread - 3&quot; daemon prio=5 tid=3455 in Object.wait()&#10;java.lang.Thread.State: WAITING (on object monitor)&#10;        at sun.misc.Unsafe.park(Native Method)&#10;        at java.util.concurrent.locks.LockSupport.park(LockSupport.java:175)&#10;        at java.util.concurrent.locks.AbstractQueuedSynchronizer$ConditionObject.await(AbstractQueuedSynchronizer.java:2039)&#10;        at java.util.concurrent.ScheduledThreadPoolExecutor$DelayedWorkQueue.take(ScheduledThreadPoolExecutor.java:1088)&#10;        at java.util.concurrent.ScheduledThreadPoolExecutor$DelayedWorkQueue.take(ScheduledThreadPoolExecutor.java:809)&#10;        at java.util.concurrent.ThreadPoolExecutor.getTask(ThreadPoolExecutor.java:1074)&#10;        at java.util.concurrent.ThreadPoolExecutor.runWorker(ThreadPoolExecutor.java:1134)&#10;        at java.util.concurrent.ThreadPoolExecutor$Worker.run(ThreadPoolExecutor.java:624)&#10;        at java.lang.Thread.run(Thread.java:748)&#10;&quot;Datanode ReportManager Thread - 1&quot; daemon prio=5 tid=1850 timed_waiting&#10;java.lang.Thread.State: TIMED_WAITING&#10;        at sun.misc.Unsafe.park(Native Method)&#10;        at java.util.concurrent.locks.LockSupport.parkNanos(LockSupport.java:215)&#10;        at java.util.concurrent.locks.AbstractQueuedSynchronizer$ConditionObject.awaitNanos(AbstractQueuedSynchronizer.java:2078)&#10;        at java.util.concurrent.ScheduledThreadPoolExecutor$DelayedWorkQueue.take(ScheduledThreadPoolExecutor.java:1093)&#10;        at java.util.concurrent.ScheduledThreadPoolExecutor$DelayedWorkQueue.take(ScheduledThreadPoolExecutor.java:809)&#10;        at java.util.concurrent.ThreadPoolExecutor.getTask(ThreadPoolExecutor.java:1074)&#10;        at java.util.concurrent.ThreadPoolExecutor.runWorker(ThreadPoolExecutor.java:1134)&#10;        at java.util.concurrent.ThreadPoolExecutor$Worker.run(ThreadPoolExecutor.java:624)&#10;        at java.lang.Thread.run(Thread.java:748)&#10;&quot;Datanode ReportManager Thread - 4&quot; daemon prio=5 tid=256 in Object.wait()&#10;java.lang.Thread.State: WAITING (on object monitor)&#10;        at sun.misc.Unsafe.park(Native Method)&#10;        at java.util.concurrent.locks.LockSupport.park(LockSupport.java:175)&#10;        at java.util.concurrent.locks.AbstractQueuedSynchronizer$ConditionObject.await(AbstractQueuedSynchronizer.java:2039)&#10;        at java.util.concurrent.ScheduledThreadPoolExecutor$DelayedWorkQueue.take(ScheduledThreadPoolExecutor.java:1088)&#10;        at java.util.concurrent.ScheduledThreadPoolExecutor$DelayedWorkQueue.take(ScheduledThreadPoolExecutor.java:809)&#10;        at java.util.concurrent.ThreadPoolExecutor.getTask(ThreadPoolExecutor.java:1074)&#10;        at java.util.concurrent.ThreadPoolExecutor.runWorker(ThreadPoolExecutor.java:1134)&#10;        at java.util.concurrent.ThreadPoolExecutor$Worker.run(ThreadPoolExecutor.java:624)&#10;        at java.lang.Thread.run(Thread.java:748)&#10;&quot;process reaper&quot; daemon prio=10 tid=11 timed_waiting&#10;java.lang.Thread.State: TIMED_WAITING&#10;        at sun.misc.Unsafe.park(Native Method)&#10;        at java.util.concurrent.locks.LockSupport.parkNanos(LockSupport.java:215)&#10;        at java.util.concurrent.SynchronousQueue$TransferStack.awaitFulfill(SynchronousQueue.java:460)&#10;        at java.util.concurrent.SynchronousQueue$TransferStack.transfer(SynchronousQueue.java:362)&#10;        at java.util.concurrent.SynchronousQueue.poll(SynchronousQueue.java:941)&#10;        at java.util.concurrent.ThreadPoolExecutor.getTask(ThreadPoolExecutor.java:1073)&#10;        at java.util.concurrent.ThreadPoolExecutor.runWorker(ThreadPoolExecutor.java:1134)&#10;        at java.util.concurrent.ThreadPoolExecutor$Worker.run(ThreadPoolExecutor.java:624)&#10;        at java.lang.Thread.run(Thread.java:748)&#10;&quot;IPC Server handler 11 on default port 43625&quot; daemon prio=5 tid=3299 timed_waiting&#10;java.lang.Thread.State: TIMED_WAITING&#10;        at sun.misc.Unsafe.park(Native Method)&#10;        at java.util.concurrent.locks.LockSupport.parkNanos(LockSupport.java:215)&#10;        at java.util.concurrent.locks.AbstractQueuedSynchronizer$ConditionObject.awaitNanos(AbstractQueuedSynchronizer.java:2078)&#10;        at java.util.concurrent.LinkedBlockingQueue.poll(LinkedBlockingQueue.java:467)&#10;        at org.apache.hadoop.ipc.CallQueueManager.take(CallQueueManager.java:317)&#10;        at org.apache.hadoop.ipc.Server$Handler.run(Server.java:2932)&#10;&quot;Datanode ReportManager Thread - 3&quot; daemon prio=5 tid=1766 timed_waiting&#10;java.lang.Thread.State: TIMED_WAITING&#10;        at sun.misc.Unsafe.park(Native Method)&#10;        at java.util.concurrent.locks.LockSupport.parkNanos(LockSupport.java:215)&#10;        at java.util.concurrent.locks.AbstractQueuedSynchronizer$ConditionObject.awaitNanos(AbstractQueuedSynchronizer.java:2078)&#10;        at java.util.concurrent.ScheduledThreadPoolExecutor$DelayedWorkQueue.take(ScheduledThreadPoolExecutor.java:1093)&#10;        at java.util.concurrent.ScheduledThreadPoolExecutor$DelayedWorkQueue.take(ScheduledThreadPoolExecutor.java:809)&#10;        at java.util.concurrent.ThreadPoolExecutor.getTask(ThreadPoolExecutor.java:1074)&#10;        at java.util.concurrent.ThreadPoolExecutor.runWorker(ThreadPoolExecutor.java:1134)&#10;        at java.util.concurrent.ThreadPoolExecutor$Worker.run(ThreadPoolExecutor.java:624)&#10;        at java.lang.Thread.run(Thread.java:748)&#10;&quot;EventQueue-NodeRegistrationContainerReportForContainerSafeModeRule&quot; daemon prio=5 tid=3540 in Object.wait()&#10;java.lang.Thread.State: WAITING (on object monitor)&#10;        at sun.misc.Unsafe.park(Native Method)&#10;        at java.util.concurrent.locks.LockSupport.park(LockSupport.java:175)&#10;        at java.util.concurrent.locks.AbstractQueuedSynchronizer$ConditionObject.await(AbstractQueuedSynchronizer.java:2039)&#10;        at java.util.concurrent.LinkedBlockingQueue.take(LinkedBlockingQueue.java:442)&#10;        at java.util.concurrent.ThreadPoolExecutor.getTask(ThreadPoolExecutor.java:1074)&#10;        at java.util.concurrent.ThreadPoolExecutor.runWorker(ThreadPoolExecutor.java:1134)&#10;        at java.util.concurrent.ThreadPoolExecutor$Worker.run(ThreadPoolExecutor.java:624)&#10;        at java.lang.Thread.run(Thread.java:748)&#10;&quot;EndpointStateMachine task thread for /0.0.0.0:45403 - 0 &quot;  prio=5 tid=1445 in Object.wait()&#10;java.lang.Thread.State: WAITING (on object monitor)&#10;        at sun.misc.Unsafe.park(Native Method)&#10;        at java.util.concurrent.locks.LockSupport.park(LockSupport.java:175)&#10;        at java.util.concurrent.locks.AbstractQueuedSynchronizer$ConditionObject.await(AbstractQueuedSynchronizer.java:2039)&#10;        at java.util.concurrent.LinkedBlockingQueue.take(LinkedBlockingQueue.java:442)&#10;        at java.util.concurrent.ThreadPoolExecutor.getTask(ThreadPoolExecutor.java:1074)&#10;        at java.util.concurrent.ThreadPoolExecutor.runWorker(ThreadPoolExecutor.java:1134)&#10;        at java.util.concurrent.ThreadPoolExecutor$Worker.run(ThreadPoolExecutor.java:624)&#10;        at java.lang.Thread.run(Thread.java:748)&#10;&quot;74f41514-20ca-4955-9e3a-cfde988d45f9@group-2750B8C67C55-SegmentedRaftLogWorker&quot;  prio=5 tid=3583 timed_waiting&#10;java.lang.Thread.State: TIMED_WAITING&#10;        at sun.misc.Unsafe.park(Native Method)&#10;        at java.util.concurrent.locks.LockSupport.parkNanos(LockSupport.java:215)&#10;        at java.util.concurrent.locks.AbstractQueuedSynchronizer$ConditionObject.awaitNanos(AbstractQueuedSynchronizer.java:2078)&#10;        at org.apache.ratis.util.DataBlockingQueue.poll(DataBlockingQueue.java:137)&#10;        at org.apache.ratis.server.raftlog.segmented.SegmentedRaftLogWorker.run(SegmentedRaftLogWorker.java:292)&#10;        at org.apache.ratis.server.raftlog.segmented.SegmentedRaftLogWorker$$Lambda$471/1580114807.run(Unknown Source)&#10;        at java.lang.Thread.run(Thread.java:748)&#10;&quot;Datanode ReportManager Thread - 2&quot; daemon prio=5 tid=3429 in Object.wait()&#10;java.lang.Thread.State: WAITING (on object monitor)&#10;        at sun.misc.Unsafe.park(Native Method)&#10;        at java.util.concurrent.locks.LockSupport.park(LockSupport.java:175)&#10;        at java.util.concurrent.locks.AbstractQueuedSynchronizer$ConditionObject.await(AbstractQueuedSynchronizer.java:2039)&#10;        at java.util.concurrent.ScheduledThreadPoolExecutor$DelayedWorkQueue.take(ScheduledThreadPoolExecutor.java:1088)&#10;        at java.util.concurrent.ScheduledThreadPoolExecutor$DelayedWorkQueue.take(ScheduledThreadPoolExecutor.java:809)&#10;        at java.util.concurrent.ThreadPoolExecutor.getTask(ThreadPoolExecutor.java:1074)&#10;        at java.util.concurrent.ThreadPoolExecutor.runWorker(ThreadPoolExecutor.java:1134)&#10;        at java.util.concurrent.ThreadPoolExecutor$Worker.run(ThreadPoolExecutor.java:624)&#10;        at java.lang.Thread.run(Thread.java:748)&#10;&quot;Periodic HDDS volume checker&quot; daemon prio=5 tid=3436 timed_waiting&#10;java.lang.Thread.State: TIMED_WAITING&#10;        at sun.misc.Unsafe.park(Native Method)&#10;        at java.util.concurrent.locks.LockSupport.parkNanos(LockSupport.java:215)&#10;        at java.util.concurrent.locks.AbstractQueuedSynchronizer$ConditionObject.awaitNanos(AbstractQueuedSynchronizer.java:2078)&#10;        at java.util.concurrent.ScheduledThreadPoolExecutor$DelayedWorkQueue.take(ScheduledThreadPoolExecutor.java:1093)&#10;        at java.util.concurrent.ScheduledThreadPoolExecutor$DelayedWorkQueue.take(ScheduledThreadPoolExecutor.java:809)&#10;        at java.util.concurrent.ThreadPoolExecutor.getTask(ThreadPoolExecutor.java:1074)&#10;        at java.util.concurrent.ThreadPoolExecutor.runWorker(ThreadPoolExecutor.java:1134)&#10;        at java.util.concurrent.ThreadPoolExecutor$Worker.run(ThreadPoolExecutor.java:624)&#10;        at java.lang.Thread.run(Thread.java:748)&#10;&quot;qtp706884900-3357&quot; daemon prio=5 tid=3357 timed_waiting&#10;java.lang.Thread.State: TIMED_WAITING&#10;        at sun.misc.Unsafe.park(Native Method)&#10;        at java.util.concurrent.locks.LockSupport.parkNanos(LockSupport.java:215)&#10;        at java.util.concurrent.locks.AbstractQueuedSynchronizer$ConditionObject.awaitNanos(AbstractQueuedSynchronizer.java:2078)&#10;        at org.eclipse.jetty.util.BlockingArrayQueue.poll(BlockingArrayQueue.java:382)&#10;        at org.eclipse.jetty.util.thread.QueuedThreadPool$Runner.idleJobPoll(QueuedThreadPool.java:974)&#10;        at org.eclipse.jetty.util.thread.QueuedThreadPool$Runner.run(QueuedThreadPool.java:1018)&#10;        at java.lang.Thread.run(Thread.java:748)&#10;&quot;org.apache.hadoop.ozone.container.common.statemachine.commandhandler.DeleteBlocksCommandHandler$DeleteCmdWorker@2e571f27&quot; daemon prio=5 tid=1319 runnable&#10;java.lang.Thread.State: RUNNABLE&#10;        at org.apache.hadoop.ozone.container.common.statemachine.commandhandler.DeleteBlocksCommandHandler$DeleteCmdWorker.run(DeleteBlocksCommandHandler.java:175)&#10;        at java.lang.Thread.run(Thread.java:748)&#10;&quot;BlockDeletingService#1&quot; daemon prio=5 tid=3528 timed_waiting&#10;java.lang.Thread.State: TIMED_WAITING&#10;        at sun.misc.Unsafe.park(Native Method)&#10;        at java.util.concurrent.locks.LockSupport.parkNanos(LockSupport.java:215)&#10;        at java.util.concurrent.locks.AbstractQueuedSynchronizer$ConditionObject.awaitNanos(AbstractQueuedSynchronizer.java:2078)&#10;        at java.util.concurrent.ScheduledThreadPoolExecutor$DelayedWorkQueue.take(ScheduledThreadPoolExecutor.java:1093)&#10;        at java.util.concurrent.ScheduledThreadPoolExecutor$DelayedWorkQueue.take(ScheduledThreadPoolExecutor.java:809)&#10;        at java.util.concurrent.ThreadPoolExecutor.getTask(ThreadPoolExecutor.java:1074)&#10;        at java.util.concurrent.ThreadPoolExecutor.runWorker(ThreadPoolExecutor.java:1134)&#10;        at java.util.concurrent.ThreadPoolExecutor$Worker.run(ThreadPoolExecutor.java:624)&#10;        at java.lang.Thread.run(Thread.java:748)&#10;&quot;IPC Server handler 14 on default port 43625&quot; daemon prio=5 tid=3302 timed_waiting&#10;java.lang.Thread.State: TIMED_WAITING&#10;        at sun.misc.Unsafe.park(Native Method)&#10;        at java.util.concurrent.locks.LockSupport.parkNanos(LockSupport.java:215)&#10;        at java.util.concurrent.locks.AbstractQueuedSynchronizer$ConditionObject.awaitNanos(AbstractQueuedSynchronizer.java:2078)&#10;        at java.util.concurrent.LinkedBlockingQueue.poll(LinkedBlockingQueue.java:467)&#10;        at org.apache.hadoop.ipc.CallQueueManager.take(CallQueueManager.java:317)&#10;        at org.apache.hadoop.ipc.Server$Handler.run(Server.java:2932)&#10;&quot;IPC Server handler 8 on default port 38869&quot; daemon prio=5 tid=3316 timed_waiting&#10;java.lang.Thread.State: TIMED_WAITING&#10;        at sun.misc.Unsafe.park(Native Method)&#10;        at java.util.concurrent.locks.LockSupport.parkNanos(LockSupport.java:215)&#10;        at java.util.concurrent.locks.AbstractQueuedSynchronizer$ConditionObject.awaitNanos(AbstractQueuedSynchronizer.java:2078)&#10;        at java.util.concurrent.LinkedBlockingQueue.poll(LinkedBlockingQueue.java:467)&#10;        at org.apache.hadoop.ipc.CallQueueManager.take(CallQueueManager.java:317)&#10;        at org.apache.hadoop.ipc.Server$Handler.run(Server.java:2932)&#10;&quot;Datanode State Machine Task Thread - 0&quot;  prio=5 tid=3459 in Object.wait()&#10;java.lang.Thread.State: WAITING (on object monitor)&#10;        at sun.misc.Unsafe.park(Native Method)&#10;        at java.util.concurrent.locks.LockSupport.park(LockSupport.java:175)&#10;        at java.util.concurrent.locks.AbstractQueuedSynchronizer$ConditionObject.await(AbstractQueuedSynchronizer.java:2039)&#10;        at java.util.concurrent.LinkedBlockingQueue.take(LinkedBlockingQueue.java:442)&#10;        at java.util.concurrent.ThreadPoolExecutor.getTask(ThreadPoolExecutor.java:1074)&#10;        at java.util.concurrent.ThreadPoolExecutor.runWorker(ThreadPoolExecutor.java:1134)&#10;        at java.util.concurrent.ThreadPoolExecutor$Worker.run(ThreadPoolExecutor.java:624)&#10;        at java.lang.Thread.run(Thread.java:748)&#10;&quot;qtp980429648-3470&quot; daemon prio=5 tid=3470 timed_waiting&#10;java.lang.Thread.State: TIMED_WAITING&#10;        at sun.misc.Unsafe.park(Native Method)&#10;        at java.util.concurrent.locks.LockSupport.parkNanos(LockSupport.java:215)&#10;        at java.util.concurrent.locks.AbstractQueuedSynchronizer$ConditionObject.awaitNanos(AbstractQueuedSynchronizer.java:2078)&#10;        at org.eclipse.jetty.util.BlockingArrayQueue.poll(BlockingArrayQueue.java:382)&#10;        at org.eclipse.jetty.util.thread.QueuedThreadPool$Runner.idleJobPoll(QueuedThreadPool.java:974)&#10;        at org.eclipse.jetty.util.thread.QueuedThreadPool$Runner.run(QueuedThreadPool.java:1018)&#10;        at java.lang.Thread.run(Thread.java:748)&#10;&quot;IPC Server handler 10 on default port 43677&quot; daemon prio=5 tid=3338 timed_waiting&#10;java.lang.Thread.State: TIMED_WAITING&#10;        at sun.misc.Unsafe.park(Native Method)&#10;        at java.util.concurrent.locks.LockSupport.parkNanos(LockSupport.java:215)&#10;        at java.util.concurrent.locks.AbstractQueuedSynchronizer$ConditionObject.awaitNanos(AbstractQueuedSynchronizer.java:2078)&#10;        at java.util.concurrent.LinkedBlockingQueue.poll(LinkedBlockingQueue.java:467)&#10;        at org.apache.hadoop.ipc.CallQueueManager.take(CallQueueManager.java:317)&#10;        at org.apache.hadoop.ipc.Server$Handler.run(Server.java:2932)&#10;&quot;Datanode State Machine Task Thread - 1&quot;  prio=5 tid=3502 in Object.wait()&#10;java.lang.Thread.State: WAITING (on object monitor)&#10;        at sun.misc.Unsafe.park(Native Method)&#10;        at java.util.concurrent.locks.LockSupport.park(LockSupport.java:175)&#10;        at java.util.concurrent.locks.AbstractQueuedSynchronizer$ConditionObject.await(AbstractQueuedSynchronizer.java:2039)&#10;        at java.util.concurrent.LinkedBlockingQueue.take(LinkedBlockingQueue.java:442)&#10;        at java.util.concurrent.ThreadPoolExecutor.getTask(ThreadPoolExecutor.java:1074)&#10;        at java.util.concurrent.ThreadPoolExecutor.runWorker(ThreadPoolExecutor.java:1134)&#10;        at java.util.concurrent.ThreadPoolExecutor$Worker.run(ThreadPoolExecutor.java:624)&#10;        at java.lang.Thread.run(Thread.java:748)&#10;&quot;qtp115531689-3443&quot; daemon prio=5 tid=3443 runnable&#10;java.lang.Thread.State: RUNNABLE&#10;        at sun.nio.ch.EPollArrayWrapper.epollWait(Native Method)&#10;        at sun.nio.ch.EPollArrayWrapper.poll(EPollArrayWrapper.java:269)&#10;        at sun.nio.ch.EPollSelectorImpl.doSelect(EPollSelectorImpl.java:93)&#10;        at sun.nio.ch.SelectorImpl.lockAndDoSelect(SelectorImpl.java:86)&#10;        at sun.nio.ch.SelectorImpl.select(SelectorImpl.java:97)&#10;        at sun.nio.ch.SelectorImpl.select(SelectorImpl.java:101)&#10;        at org.eclipse.jetty.io.ManagedSelector.nioSelect(ManagedSelector.java:183)&#10;        at org.eclipse.jetty.io.ManagedSelector.select(ManagedSelector.java:190)&#10;        at org.eclipse.jetty.io.ManagedSelector$SelectorProducer.select(ManagedSelector.java:606)&#10;        at org.eclipse.jetty.io.ManagedSelector$SelectorProducer.produce(ManagedSelector.java:543)&#10;        at org.eclipse.jetty.util.thread.strategy.EatWhatYouKill.produceTask(EatWhatYouKill.java:362)&#10;        at org.eclipse.jetty.util.thread.strategy.EatWhatYouKill.doProduce(EatWhatYouKill.java:186)&#10;        at org.eclipse.jetty.util.thread.strategy.EatWhatYouKill.tryProduce(EatWhatYouKill.java:173)&#10;        at org.eclipse.jetty.util.thread.strategy.EatWhatYouKill.produce(EatWhatYouKill.java:137)&#10;        at org.eclipse.jetty.io.ManagedSelector$$Lambda$318/882340409.run(Unknown Source)&#10;        at org.eclipse.jetty.util.thread.QueuedThreadPool.runJob(QueuedThreadPool.java:883)&#10;        at org.eclipse.jetty.util.thread.QueuedThreadPool$Runner.run(QueuedThreadPool.java:1034)&#10;        at java.lang.Thread.run(Thread.java:748)&#10;&quot;org.apache.hadoop.ozone.container.common.statemachine.commandhandler.DeleteBlocksCommandHandler$DeleteCmdWorker@6ab915c9&quot; daemon prio=5 tid=163 runnable&#10;java.lang.Thread.State: RUNNABLE&#10;        at java.lang.Thread.sleep(Native Method)&#10;        at org.apache.hadoop.ozone.container.common.statemachine.commandhandler.DeleteBlocksCommandHandler$DeleteCmdWorker.run(DeleteBlocksCommandHandler.java:175)&#10;        at java.lang.Thread.run(Thread.java:748)&#10;&quot;BlockDeletingService#0&quot; daemon prio=5 tid=3536 in Object.wait()&#10;java.lang.Thread.State: WAITING (on object monitor)&#10;        at sun.misc.Unsafe.park(Native Method)&#10;        at java.util.concurrent.locks.LockSupport.park(LockSupport.java:175)&#10;        at java.util.concurrent.locks.AbstractQueuedSynchronizer$ConditionObject.await(AbstractQueuedSynchronizer.java:2039)&#10;        at java.util.concurrent.ScheduledThreadPoolExecutor$DelayedWorkQueue.take(ScheduledThreadPoolExecutor.java:1088)&#10;        at java.util.concurrent.ScheduledThreadPoolExecutor$DelayedWorkQueue.take(ScheduledThreadPoolExecutor.java:809)&#10;        at java.util.concurrent.ThreadPoolExecutor.getTask(ThreadPoolExecutor.java:1074)&#10;        at java.util.concurrent.ThreadPoolExecutor.runWorker(ThreadPoolExecutor.java:1134)&#10;        at java.util.concurrent.ThreadPoolExecutor$Worker.run(ThreadPoolExecutor.java:624)&#10;        at java.lang.Thread.run(Thread.java:748)&#10;&quot;IPC Server handler 11 on default port 46101&quot; daemon prio=5 tid=3398 timed_waiting&#10;java.lang.Thread.State: TIMED_WAITING&#10;        at sun.misc.Unsafe.park(Native Method)&#10;        at java.util.concurrent.locks.LockSupport.parkNanos(LockSupport.java:215)&#10;        at java.util.concurrent.locks.AbstractQueuedSynchronizer$ConditionObject.awaitNanos(AbstractQueuedSynchronizer.java:2078)&#10;        at java.util.concurrent.LinkedBlockingQueue.poll(LinkedBlockingQueue.java:467)&#10;        at org.apache.hadoop.ipc.CallQueueManager.take(CallQueueManager.java:317)&#10;        at org.apache.hadoop.ipc.Server$Handler.run(Server.java:2932)&#10;&quot;IPC Server handler 9 on default port 38869&quot; daemon prio=5 tid=3317 timed_waiting&#10;java.lang.Thread.State: TIMED_WAITING&#10;        at sun.misc.Unsafe.park(Native Method)&#10;        at java.util.concurrent.locks.LockSupport.parkNanos(LockSupport.java:215)&#10;        at java.util.concurrent.locks.AbstractQueuedSynchronizer$ConditionObject.awaitNanos(AbstractQueuedSynchronizer.java:2078)&#10;        at java.util.concurrent.LinkedBlockingQueue.poll(LinkedBlockingQueue.java:467)&#10;        at org.apache.hadoop.ipc.CallQueueManager.take(CallQueueManager.java:317)&#10;        at org.apache.hadoop.ipc.Server$Handler.run(Server.java:2932)&#10;&quot;grpc-default-executor-8&quot; daemon prio=5 tid=3656 timed_waiting&#10;java.lang.Thread.State: TIMED_WAITING&#10;        at sun.misc.Unsafe.park(Native Method)&#10;        at java.util.concurrent.locks.LockSupport.parkNanos(LockSupport.java:215)&#10;        at java.util.concurrent.SynchronousQueue$TransferStack.awaitFulfill(SynchronousQueue.java:460)&#10;        at java.util.concurrent.SynchronousQueue$TransferStack.transfer(SynchronousQueue.java:362)&#10;        at java.util.concurrent.SynchronousQueue.poll(SynchronousQueue.java:941)&#10;        at java.util.concurrent.ThreadPoolExecutor.getTask(ThreadPoolExecutor.java:1073)&#10;        at java.util.concurrent.ThreadPoolExecutor.runWorker(ThreadPoolExecutor.java:1134)&#10;        at java.util.concurrent.ThreadPoolExecutor$Worker.run(ThreadPoolExecutor.java:624)&#10;        at java.lang.Thread.run(Thread.java:748)&#10;&quot;Datanode ReportManager Thread - 0&quot; daemon prio=5 tid=3427 in Object.wait()&#10;java.lang.Thread.State: WAITING (on object monitor)&#10;        at sun.misc.Unsafe.park(Native Method)&#10;        at java.util.concurrent.locks.LockSupport.park(LockSupport.java:175)&#10;        at java.util.concurrent.locks.AbstractQueuedSynchronizer$ConditionObject.await(AbstractQueuedSynchronizer.java:2039)&#10;        at java.util.concurrent.ScheduledThreadPoolExecutor$DelayedWorkQueue.take(ScheduledThreadPoolExecutor.java:1088)&#10;        at java.util.concurrent.ScheduledThreadPoolExecutor$DelayedWorkQueue.take(ScheduledThreadPoolExecutor.java:809)&#10;        at java.util.concurrent.ThreadPoolExecutor.getTask(ThreadPoolExecutor.java:1074)&#10;        at java.util.concurrent.ThreadPoolExecutor.runWorker(ThreadPoolExecutor.java:1134)&#10;        at java.util.concurrent.ThreadPoolExecutor$Worker.run(ThreadPoolExecutor.java:624)&#10;        at java.lang.Thread.run(Thread.java:748)&#10;&quot;IPC Server handler 2 on default port 43625&quot; daemon prio=5 tid=3290 timed_waiting&#10;java.lang.Thread.State: TIMED_WAITING&#10;        at sun.misc.Unsafe.park(Native Method)&#10;        at java.util.concurrent.locks.LockSupport.parkNanos(LockSupport.java:215)&#10;        at java.util.concurrent.locks.AbstractQueuedSynchronizer$ConditionObject.awaitNanos(AbstractQueuedSynchronizer.java:2078)&#10;        at java.util.concurrent.LinkedBlockingQueue.poll(LinkedBlockingQueue.java:467)&#10;        at org.apache.hadoop.ipc.CallQueueManager.take(CallQueueManager.java:317)&#10;        at org.apache.hadoop.ipc.Server$Handler.run(Server.java:2932)&#10;&quot;EndpointStateMachine task thread for /0.0.0.0:46875 - 0 &quot;  prio=5 tid=1883 in Object.wait()&#10;java.lang.Thread.State: WAITING (on object monitor)&#10;        at sun.misc.Unsafe.park(Native Method)&#10;        at java.util.concurrent.locks.LockSupport.park(LockSupport.java:175)&#10;        at java.util.concurrent.locks.AbstractQueuedSynchronizer$ConditionObject.await(AbstractQueuedSynchronizer.java:2039)&#10;        at java.util.concurrent.LinkedBlockingQueue.take(LinkedBlockingQueue.java:442)&#10;        at java.util.concurrent.ThreadPoolExecutor.getTask(ThreadPoolExecutor.java:1074)&#10;        at java.util.concurrent.ThreadPoolExecutor.runWorker(ThreadPoolExecutor.java:1134)&#10;        at java.util.concurrent.ThreadPoolExecutor$Worker.run(ThreadPoolExecutor.java:624)&#10;        at java.lang.Thread.run(Thread.java:748)&#10;&quot;IPC Server handler 9 on default port 43625&quot; daemon prio=5 tid=3297 timed_waiting&#10;java.lang.Thread.State: TIMED_WAITING&#10;        at sun.misc.Unsafe.park(Native Method)&#10;        at java.util.concurrent.locks.LockSupport.parkNanos(LockSupport.java:215)&#10;        at java.util.concurrent.locks.AbstractQueuedSynchronizer$ConditionObject.awaitNanos(AbstractQueuedSynchronizer.java:2078)&#10;        at java.util.concurrent.LinkedBlockingQueue.poll(LinkedBlockingQueue.java:467)&#10;        at org.apache.hadoop.ipc.CallQueueManager.take(CallQueueManager.java:317)&#10;        at org.apache.hadoop.ipc.Server$Handler.run(Server.java:2932)&#10;&quot;Datanode ReportManager Thread - 1&quot; daemon prio=5 tid=1815 timed_waiting&#10;java.lang.Thread.State: TIMED_WAITING&#10;        at sun.misc.Unsafe.park(Native Method)&#10;        at java.util.concurrent.locks.LockSupport.parkNanos(LockSupport.java:215)&#10;        at java.util.concurrent.locks.AbstractQueuedSynchronizer$ConditionObject.awaitNanos(AbstractQueuedSynchronizer.java:2078)&#10;        at java.util.concurrent.ScheduledThreadPoolExecutor$DelayedWorkQueue.take(ScheduledThreadPoolExecutor.java:1093)&#10;        at java.util.concurrent.ScheduledThreadPoolExecutor$DelayedWorkQueue.take(ScheduledThreadPoolExecutor.java:809)&#10;        at java.util.concurrent.ThreadPoolExecutor.getTask(ThreadPoolExecutor.java:1074)&#10;        at java.util.concurrent.ThreadPoolExecutor.runWorker(ThreadPoolExecutor.java:1134)&#10;        at java.util.concurrent.ThreadPoolExecutor$Worker.run(ThreadPoolExecutor.java:624)&#10;        at java.lang.Thread.run(Thread.java:748)&#10;&quot;49fe3bb7-2dae-482d-a175-9585c41bacad@group-677DDB1507C0-StateMachineUpdater&quot; daemon prio=5 tid=3568 in Object.wait()&#10;java.lang.Thread.State: WAITING (on object monitor)&#10;        at java.lang.Object.wait(Native Method)&#10;        at java.lang.Object.wait(Object.java:502)&#10;        at org.apache.ratis.server.impl.StateMachineUpdater.waitForCommit(StateMachineUpdater.java:204)&#10;        at org.apache.ratis.server.impl.StateMachineUpdater.run(StateMachineUpdater.java:173)&#10;        at java.lang.Thread.run(Thread.java:748)&#10;&quot;org.apache.hadoop.ozone.container.common.statemachine.commandhandler.DeleteBlocksCommandHandler$DeleteCmdWorker@7c756387&quot; daemon prio=5 tid=1802 runnable&#10;java.lang.Thread.State: RUNNABLE&#10;        at java.lang.Thread.sleep(Native Method)&#10;        at org.apache.hadoop.ozone.container.common.statemachine.commandhandler.DeleteBlocksCommandHandler$DeleteCmdWorker.run(DeleteBlocksCommandHandler.java:175)&#10;        at java.lang.Thread.run(Thread.java:748)&#10;&quot;qtp243164435-3384&quot; daemon prio=5 tid=3384 timed_waiting&#10;java.lang.Thread.State: TIMED_WAITING&#10;        at sun.misc.Unsafe.park(Native Method)&#10;        at java.util.concurrent.locks.LockSupport.parkNanos(LockSupport.java:215)&#10;        at java.util.concurrent.locks.AbstractQueuedSynchronizer$ConditionObject.awaitNanos(AbstractQueuedSynchronizer.java:2078)&#10;        at org.eclipse.jetty.util.BlockingArrayQueue.poll(BlockingArrayQueue.java:382)&#10;        at org.eclipse.jetty.util.thread.QueuedThreadPool$Runner.idleJobPoll(QueuedThreadPool.java:974)&#10;        at org.eclipse.jetty.util.thread.QueuedThreadPool$Runner.run(QueuedThreadPool.java:1018)&#10;        at java.lang.Thread.run(Thread.java:748)&#10;&quot;IPC Server handler 1 on default port 43625&quot; daemon prio=5 tid=3289 timed_waiting&#10;java.lang.Thread.State: TIMED_WAITING&#10;        at sun.misc.Unsafe.park(Native Method)&#10;        at java.util.concurrent.locks.LockSupport.parkNanos(LockSupport.java:215)&#10;        at java.util.concurrent.locks.AbstractQueuedSynchronizer$ConditionObject.awaitNanos(AbstractQueuedSynchronizer.java:2078)&#10;        at java.util.concurrent.LinkedBlockingQueue.poll(LinkedBlockingQueue.java:467)&#10;        at org.apache.hadoop.ipc.CallQueueManager.take(CallQueueManager.java:317)&#10;        at org.apache.hadoop.ipc.Server$Handler.run(Server.java:2932)&#10;&quot;pool-702-thread-1&quot;  prio=5 tid=3441 timed_waiting&#10;java.lang.Thread.State: TIMED_WAITING&#10;        at sun.misc.Unsafe.park(Native Method)&#10;        at java.util.concurrent.locks.LockSupport.parkNanos(LockSupport.java:215)&#10;        at java.util.concurrent.locks.AbstractQueuedSynchronizer$ConditionObject.awaitNanos(AbstractQueuedSynchronizer.java:2078)&#10;        at java.util.concurrent.ScheduledThreadPoolExecutor$DelayedWorkQueue.take(ScheduledThreadPoolExecutor.java:1093)&#10;        at java.util.concurrent.ScheduledThreadPoolExecutor$DelayedWorkQueue.take(ScheduledThreadPoolExecutor.java:809)&#10;        at java.util.concurrent.ThreadPoolExecutor.getTask(ThreadPoolExecutor.java:1074)&#10;        at java.util.concurrent.ThreadPoolExecutor.runWorker(ThreadPoolExecutor.java:1134)&#10;        at java.util.concurrent.ThreadPoolExecutor$Worker.run(ThreadPoolExecutor.java:624)&#10;        at java.lang.Thread.run(Thread.java:748)&#10;&quot;org.apache.hadoop.ozone.container.common.statemachine.commandhandler.DeleteBlocksCommandHandler$DeleteCmdWorker@4c56cf1f&quot; daemon prio=5 tid=2273 runnable&#10;java.lang.Thread.State: RUNNABLE&#10;        at java.lang.Thread.sleep(Native Method)&#10;        at org.apache.hadoop.ozone.container.common.statemachine.commandhandler.DeleteBlocksCommandHandler$DeleteCmdWorker.run(DeleteBlocksCommandHandler.java:175)&#10;        at java.lang.Thread.run(Thread.java:748)&#10;&quot;IPC Server handler 5 on default port 43677&quot; daemon prio=5 tid=3333 timed_waiting&#10;java.lang.Thread.State: TIMED_WAITING&#10;        at sun.misc.Unsafe.park(Native Method)&#10;        at java.util.concurrent.locks.LockSupport.parkNanos(LockSupport.java:215)&#10;        at java.util.concurrent.locks.AbstractQueuedSynchronizer$ConditionObject.awaitNanos(AbstractQueuedSynchronizer.java:2078)&#10;        at java.util.concurrent.LinkedBlockingQueue.poll(LinkedBlockingQueue.java:467)&#10;        at org.apache.hadoop.ipc.CallQueueManager.take(CallQueueManager.java:317)&#10;        at org.apache.hadoop.ipc.Server$Handler.run(Server.java:2932)&#10;&quot;IPC Server handler 17 on default port 38869&quot; daemon prio=5 tid=3325 timed_waiting&#10;java.lang.Thread.State: TIMED_WAITING&#10;        at sun.misc.Unsafe.park(Native Method)&#10;        at java.util.concurrent.locks.LockSupport.parkNanos(LockSupport.java:215)&#10;        at java.util.concurrent.locks.AbstractQueuedSynchronizer$ConditionObject.awaitNanos(AbstractQueuedSynchronizer.java:2078)&#10;        at java.util.concurrent.LinkedBlockingQueue.poll(LinkedBlockingQueue.java:467)&#10;        at org.apache.hadoop.ipc.CallQueueManager.take(CallQueueManager.java:317)&#10;        at org.apache.hadoop.ipc.Server$Handler.run(Server.java:2932)&#10;&quot;IPC Server handler 12 on default port 43625&quot; daemon prio=5 tid=3300 timed_waiting&#10;java.lang.Thread.State: TIMED_WAITING&#10;        at sun.misc.Unsafe.park(Native Method)&#10;        at java.util.concurrent.locks.LockSupport.parkNanos(LockSupport.java:215)&#10;        at java.util.concurrent.locks.AbstractQueuedSynchronizer$ConditionObject.awaitNanos(AbstractQueuedSynchronizer.java:2078)&#10;        at java.util.concurrent.LinkedBlockingQueue.poll(LinkedBlockingQueue.java:467)&#10;        at org.apache.hadoop.ipc.CallQueueManager.take(CallQueueManager.java:317)&#10;        at org.apache.hadoop.ipc.Server$Handler.run(Server.java:2932)&#10;&quot;Datanode ReportManager Thread - 1&quot; daemon prio=5 tid=1790 in Object.wait()&#10;java.lang.Thread.State: WAITING (on object monitor)&#10;        at sun.misc.Unsafe.park(Native Method)&#10;        at java.util.concurrent.locks.LockSupport.park(LockSupport.java:175)&#10;        at java.util.concurrent.locks.AbstractQueuedSynchronizer$ConditionObject.await(AbstractQueuedSynchronizer.java:2039)&#10;        at java.util.concurrent.ScheduledThreadPoolExecutor$DelayedWorkQueue.take(ScheduledThreadPoolExecutor.java:1088)&#10;        at java.util.concurrent.ScheduledThreadPoolExecutor$DelayedWorkQueue.take(ScheduledThreadPoolExecutor.java:809)&#10;        at java.util.concurrent.ThreadPoolExecutor.getTask(ThreadPoolExecutor.java:1074)&#10;        at java.util.concurrent.ThreadPoolExecutor.runWorker(ThreadPoolExecutor.java:1134)&#10;        at java.util.concurrent.ThreadPoolExecutor$Worker.run(ThreadPoolExecutor.java:624)&#10;        at java.lang.Thread.run(Thread.java:748)&#10;&quot;om1@group-C5BA1605619E-SegmentedRaftLogWorker&quot;  prio=5 tid=3369 timed_waiting&#10;java.lang.Thread.State: TIMED_WAITING&#10;        at sun.misc.Unsafe.park(Native Method)&#10;        at java.util.concurrent.locks.LockSupport.parkNanos(LockSupport.java:215)&#10;        at java.util.concurrent.locks.AbstractQueuedSynchronizer$ConditionObject.awaitNanos(AbstractQueuedSynchronizer.java:2078)&#10;        at org.apache.ratis.util.DataBlockingQueue.poll(DataBlockingQueue.java:137)&#10;        at org.apache.ratis.server.raftlog.segmented.SegmentedRaftLogWorker.run(SegmentedRaftLogWorker.java:292)&#10;        at org.apache.ratis.server.raftlog.segmented.SegmentedRaftLogWorker$$Lambda$471/1580114807.run(Unknown Source)&#10;        at java.lang.Thread.run(Thread.java:748)&#10;&quot;Datanode ReportManager Thread - 0&quot; daemon prio=5 tid=2235 in Object.wait()&#10;java.lang.Thread.State: WAITING (on object monitor)&#10;        at sun.misc.Unsafe.park(Native Method)&#10;        at java.util.concurrent.locks.LockSupport.park(LockSupport.java:175)&#10;        at java.util.concurrent.locks.AbstractQueuedSynchronizer$ConditionObject.await(AbstractQueuedSynchronizer.java:2039)&#10;        at java.util.concurrent.ScheduledThreadPoolExecutor$DelayedWorkQueue.take(ScheduledThreadPoolExecutor.java:1088)&#10;        at java.util.concurrent.ScheduledThreadPoolExecutor$DelayedWorkQueue.take(ScheduledThreadPoolExecutor.java:809)&#10;        at java.util.concurrent.ThreadPoolExecutor.getTask(ThreadPoolExecutor.java:1074)&#10;        at java.util.concurrent.ThreadPoolExecutor.runWorker(ThreadPoolExecutor.java:1134)&#10;        at java.util.concurrent.ThreadPoolExecutor$Worker.run(ThreadPoolExecutor.java:624)&#10;        at java.lang.Thread.run(Thread.java:748)&#10;&quot;pool-690-thread-1&quot; daemon prio=5 tid=3438 timed_waiting&#10;java.lang.Thread.State: TIMED_WAITING&#10;        at sun.misc.Unsafe.park(Native Method)&#10;        at java.util.concurrent.locks.LockSupport.parkNanos(LockSupport.java:215)&#10;        at java.util.concurrent.locks.AbstractQueuedSynchronizer$ConditionObject.awaitNanos(AbstractQueuedSynchronizer.java:2078)&#10;        at java.util.concurrent.ScheduledThreadPoolExecutor$DelayedWorkQueue.take(ScheduledThreadPoolExecutor.java:1093)&#10;        at java.util.concurrent.ScheduledThreadPoolExecutor$DelayedWorkQueue.take(ScheduledThreadPoolExecutor.java:809)&#10;        at java.util.concurrent.ThreadPoolExecutor.getTask(ThreadPoolExecutor.java:1074)&#10;        at java.util.concurrent.ThreadPoolExecutor.runWorker(ThreadPoolExecutor.java:1134)&#10;        at java.util.concurrent.ThreadPoolExecutor$Worker.run(ThreadPoolExecutor.java:624)&#10;        at java.lang.Thread.run(Thread.java:748)&#10;&quot;EndpointStateMachine task thread for /0.0.0.0:40677 - 0 &quot;  prio=5 tid=289 in Object.wait()&#10;java.lang.Thread.State: WAITING (on object monitor)&#10;        at sun.misc.Unsafe.park(Native Method)&#10;        at java.util.concurrent.locks.LockSupport.park(LockSupport.java:175)&#10;        at java.util.concurrent.locks.AbstractQueuedSynchronizer$ConditionObject.await(AbstractQueuedSynchronizer.java:2039)&#10;        at java.util.concurrent.LinkedBlockingQueue.take(LinkedBlockingQueue.java:442)&#10;        at java.util.concurrent.ThreadPoolExecutor.getTask(ThreadPoolExecutor.java:1074)&#10;        at java.util.concurrent.ThreadPoolExecutor.runWorker(ThreadPoolExecutor.java:1134)&#10;        at java.util.concurrent.ThreadPoolExecutor$Worker.run(ThreadPoolExecutor.java:624)&#10;        at java.lang.Thread.run(Thread.java:748)&#10;&quot;IPC Server idle connection scanner for port 38869&quot; daemon prio=5 tid=3279 timed_waiting&#10;java.lang.Thread.State: TIMED_WAITING&#10;        at java.lang.Object.wait(Native Method)&#10;        at java.util.TimerThread.mainLoop(Timer.java:552)&#10;        at java.util.TimerThread.run(Timer.java:505)&#10;&quot;Datanode ReportManager Thread - 3&quot; daemon prio=5 tid=1792 timed_waiting&#10;java.lang.Thread.State: TIMED_WAITING&#10;        at sun.misc.Unsafe.park(Native Method)&#10;        at java.util.concurrent.locks.LockSupport.parkNanos(LockSupport.java:215)&#10;        at java.util.concurrent.locks.AbstractQueuedSynchronizer$ConditionObject.awaitNanos(AbstractQueuedSynchronizer.java:2078)&#10;        at java.util.concurrent.ScheduledThreadPoolExecutor$DelayedWorkQueue.take(ScheduledThreadPoolExecutor.java:1093)&#10;        at java.util.concurrent.ScheduledThreadPoolExecutor$DelayedWorkQueue.take(ScheduledThreadPoolExecutor.java:809)&#10;        at java.util.concurrent.ThreadPoolExecutor.getTask(ThreadPoolExecutor.java:1074)&#10;        at java.util.concurrent.ThreadPoolExecutor.runWorker(ThreadPoolExecutor.java:1134)&#10;        at java.util.concurrent.ThreadPoolExecutor$Worker.run(ThreadPoolExecutor.java:624)&#10;        at java.lang.Thread.run(Thread.java:748)&#10;&quot;Listener at 127.0.0.1/46101&quot; daemon prio=5 tid=3268 runnable&#10;java.lang.Thread.State: RUNNABLE&#10;        at java.lang.Thread.dumpThreads(Native Method)&#10;        at java.lang.Thread.getAllStackTraces(Thread.java:1610)&#10;        at org.apache.ozone.test.TimedOutTestsListener.buildThreadDump(TimedOutTestsListener.java:93)&#10;        at org.apache.ozone.test.TimedOutTestsListener.buildThreadDiagnosticString(TimedOutTestsListener.java:79)&#10;        at org.apache.ozone.test.GenericTestUtils.waitFor(GenericTestUtils.java:225)&#10;        at org.apache.hadoop.ozone.MiniOzoneClusterImpl.waitForClusterToBeReady(MiniOzoneClusterImpl.java:228)&#10;        at org.apache.hadoop.ozone.client.rpc.read.TestInputStreamBase.init(TestInputStreamBase.java:124)&#10;        at sun.reflect.NativeMethodAccessorImpl.invoke0(Native Method)&#10;        at sun.reflect.NativeMethodAccessorImpl.invoke(NativeMethodAccessorImpl.java:62)&#10;        at sun.reflect.DelegatingMethodAccessorImpl.invoke(DelegatingMethodAccessorImpl.java:43)&#10;        at java.lang.reflect.Method.invoke(Method.java:498)&#10;        at org.junit.runners.model.FrameworkMethod$1.runReflectiveCall(FrameworkMethod.java:59)&#10;        at org.junit.internal.runners.model.ReflectiveCallable.run(ReflectiveCallable.java:12)&#10;        at org.junit.runners.model.FrameworkMethod.invokeExplosively(FrameworkMethod.java:56)&#10;        at org.junit.internal.runners.statements.RunBefores.invokeMethod(RunBefores.java:33)&#10;        at org.junit.internal.runners.statements.RunBefores.evaluate(RunBefores.java:24)&#10;        at org.junit.internal.runners.statements.RunAfters.evaluate(RunAfters.java:27)&#10;        at org.junit.internal.runners.statements.FailOnTimeout$CallableStatement.call(FailOnTimeout.java:288)&#10;        at org.junit.internal.runners.statements.FailOnTimeout$CallableStatement.call(FailOnTimeout.java:282)&#10;        at java.util.concurrent.FutureTask.run(FutureTask.java:266)&#10;        at java.lang.Thread.run(Thread.java:748)&#10;&quot;qtp243164435-3385&quot; daemon prio=5 tid=3385 runnable&#10;java.lang.Thread.State: RUNNABLE&#10;        at sun.nio.ch.EPollArrayWrapper.epollWait(Native Method)&#10;        at sun.nio.ch.EPollArrayWrapper.poll(EPollArrayWrapper.java:269)&#10;        at sun.nio.ch.EPollSelectorImpl.doSelect(EPollSelectorImpl.java:93)&#10;        at sun.nio.ch.SelectorImpl.lockAndDoSelect(SelectorImpl.java:86)&#10;        at sun.nio.ch.SelectorImpl.select(SelectorImpl.java:97)&#10;        at sun.nio.ch.SelectorImpl.select(SelectorImpl.java:101)&#10;        at org.eclipse.jetty.io.ManagedSelector.nioSelect(ManagedSelector.java:183)&#10;        at org.eclipse.jetty.io.ManagedSelector.select(ManagedSelector.java:190)&#10;        at org.eclipse.jetty.io.ManagedSelector$SelectorProducer.select(ManagedSelector.java:606)&#10;        at org.eclipse.jetty.io.ManagedSelector$SelectorProducer.produce(ManagedSelector.java:543)&#10;        at org.eclipse.jetty.util.thread.strategy.EatWhatYouKill.produceTask(EatWhatYouKill.java:362)&#10;        at org.eclipse.jetty.util.thread.strategy.EatWhatYouKill.doProduce(EatWhatYouKill.java:186)&#10;        at org.eclipse.jetty.util.thread.strategy.EatWhatYouKill.tryProduce(EatWhatYouKill.java:173)&#10;        at org.eclipse.jetty.util.thread.strategy.EatWhatYouKill.produce(EatWhatYouKill.java:137)&#10;        at org.eclipse.jetty.io.ManagedSelector$$Lambda$318/882340409.run(Unknown Source)&#10;        at org.eclipse.jetty.util.thread.QueuedThreadPool.runJob(QueuedThreadPool.java:883)&#10;        at org.eclipse.jetty.util.thread.QueuedThreadPool$Runner.run(QueuedThreadPool.java:1034)&#10;        at java.lang.Thread.run(Thread.java:748)&#10;&quot;org.apache.hadoop.ozone.container.common.statemachine.commandhandler.DeleteBlocksCommandHandler$DeleteCmdWorker@41fd549b&quot; daemon prio=5 tid=3490 timed_waiting&#10;java.lang.Thread.State: TIMED_WAITING&#10;        at java.lang.Thread.sleep(Native Method)&#10;        at org.apache.hadoop.ozone.container.common.statemachine.commandhandler.DeleteBlocksCommandHandler$DeleteCmdWorker.run(DeleteBlocksCommandHandler.java:175)&#10;        at java.lang.Thread.run(Thread.java:748)&#10;&quot;org.apache.hadoop.ozone.container.common.statemachine.commandhandler.DeleteBlocksCommandHandler$DeleteCmdWorker@6a809c49&quot; daemon prio=5 tid=1777 runnable&#10;java.lang.Thread.State: RUNNABLE&#10;        at java.lang.Thread.sleep(Native Method)&#10;        at org.apache.hadoop.ozone.container.common.statemachine.commandhandler.DeleteBlocksCommandHandler$DeleteCmdWorker.run(DeleteBlocksCommandHandler.java:175)&#10;        at java.lang.Thread.run(Thread.java:748)&#10;&quot;Datanode ReportManager Thread - 3&quot; daemon prio=5 tid=1411 in Object.wait()&#10;java.lang.Thread.State: WAITING (on object monitor)&#10;        at sun.misc.Unsafe.park(Native Method)&#10;        at java.util.concurrent.locks.LockSupport.park(LockSupport.java:175)&#10;        at java.util.concurrent.locks.AbstractQueuedSynchronizer$ConditionObject.await(AbstractQueuedSynchronizer.java:2039)&#10;        at java.util.concurrent.ScheduledThreadPoolExecutor$DelayedWorkQueue.take(ScheduledThreadPoolExecutor.java:1088)&#10;        at java.util.concurrent.ScheduledThreadPoolExecutor$DelayedWorkQueue.take(ScheduledThreadPoolExecutor.java:809)&#10;        at java.util.concurrent.ThreadPoolExecutor.getTask(ThreadPoolExecutor.java:1074)&#10;        at java.util.concurrent.ThreadPoolExecutor.runWorker(ThreadPoolExecutor.java:1134)&#10;        at java.util.concurrent.ThreadPoolExecutor$Worker.run(ThreadPoolExecutor.java:624)&#10;        at java.lang.Thread.run(Thread.java:748)&#10;&quot;IPC Server handler 10 on default port 46101&quot; daemon prio=5 tid=3397 timed_waiting&#10;java.lang.Thread.State: TIMED_WAITING&#10;        at sun.misc.Unsafe.park(Native Method)&#10;        at java.util.concurrent.locks.LockSupport.parkNanos(LockSupport.java:215)&#10;        at java.util.concurrent.locks.AbstractQueuedSynchronizer$ConditionObject.awaitNanos(AbstractQueuedSynchronizer.java:2078)&#10;        at java.util.concurrent.LinkedBlockingQueue.poll(LinkedBlockingQueue.java:467)&#10;        at org.apache.hadoop.ipc.CallQueueManager.take(CallQueueManager.java:317)&#10;        at org.apache.hadoop.ipc.Server$Handler.run(Server.java:2932)&#10;&quot;grpc-default-boss-ELG-7-1&quot; daemon prio=5 tid=3372 runnable&#10;java.lang.Thread.State: RUNNABLE&#10;        at org.apache.ratis.thirdparty.io.netty.channel.epoll.Native.epollWait(Native Method)&#10;        at org.apache.ratis.thirdparty.io.netty.channel.epoll.Native.epollWait(Native.java:177)&#10;        at org.apache.ratis.thirdparty.io.netty.channel.epoll.Native.epollWait(Native.java:170)&#10;        at org.apache.ratis.thirdparty.io.netty.channel.epoll.EpollEventLoop.epollWaitNoTimerChange(EpollEventLoop.java:290)&#10;        at org.apache.ratis.thirdparty.io.netty.channel.epoll.EpollEventLoop.run(EpollEventLoop.java:347)&#10;        at org.apache.ratis.thirdparty.io.netty.util.concurrent.SingleThreadEventExecutor$4.run(SingleThreadEventExecutor.java:989)&#10;        at org.apache.ratis.thirdparty.io.netty.util.internal.ThreadExecutorMap$2.run(ThreadExecutorMap.java:74)&#10;        at org.apache.ratis.thirdparty.io.netty.util.concurrent.FastThreadLocalRunnable.run(FastThreadLocalRunnable.java:30)&#10;        at java.lang.Thread.run(Thread.java:748)&#10;&quot;IPC Server handler 4 on default port 38869&quot; daemon prio=5 tid=3312 timed_waiting&#10;java.lang.Thread.State: TIMED_WAITING&#10;        at sun.misc.Unsafe.park(Native Method)&#10;        at java.util.concurrent.locks.LockSupport.parkNanos(LockSupport.java:215)&#10;        at java.util.concurrent.locks.AbstractQueuedSynchronizer$ConditionObject.awaitNanos(AbstractQueuedSynchronizer.java:2078)&#10;        at java.util.concurrent.LinkedBlockingQueue.poll(LinkedBlockingQueue.java:467)&#10;        at org.apache.hadoop.ipc.CallQueueManager.take(CallQueueManager.java:317)&#10;        at org.apache.hadoop.ipc.Server$Handler.run(Server.java:2932)&#10;&quot;Command processor thread&quot; daemon prio=5 tid=3482 timed_waiting&#10;java.lang.Thread.State: TIMED_WAITING&#10;        at java.lang.Thread.sleep(Native Method)&#10;        at org.apache.hadoop.ozone.container.common.statemachine.DatanodeStateMachine.lambda$initCommandHandlerThread$2(DatanodeStateMachine.java:574)&#10;        at org.apache.hadoop.ozone.container.common.statemachine.DatanodeStateMachine$$Lambda$577/1509945893.run(Unknown Source)&#10;        at java.lang.Thread.run(Thread.java:748)&#10;&quot;main&quot;  prio=5 tid=1 timed_waiting&#10;java.lang.Thread.State: TIMED_WAITING&#10;        at sun.misc.Unsafe.park(Native Method)&#10;        at java.util.concurrent.locks.LockSupport.parkNanos(LockSupport.java:215)&#10;        at java.util.concurrent.FutureTask.awaitDone(FutureTask.java:426)&#10;        at java.util.concurrent.FutureTask.get(FutureTask.java:204)&#10;        at org.junit.internal.runners.statements.FailOnTimeout.getResult(FailOnTimeout.java:156)&#10;        at org.junit.internal.runners.statements.FailOnTimeout.evaluate(FailOnTimeout.java:129)&#10;        at org.junit.runners.ParentRunner$3.evaluate(ParentRunner.java:306)&#10;        at org.junit.runners.BlockJUnit4ClassRunner$1.evaluate(BlockJUnit4ClassRunner.java:100)&#10;        at org.junit.runners.ParentRunner.runLeaf(ParentRunner.java:366)&#10;        at org.junit.runners.BlockJUnit4ClassRunner.runChild(BlockJUnit4ClassRunner.java:103)&#10;        at org.junit.runners.BlockJUnit4ClassRunner.runChild(BlockJUnit4ClassRunner.java:63)&#10;        at org.junit.runners.ParentRunner$4.run(ParentRunner.java:331)&#10;        at org.junit.runners.ParentRunner$1.schedule(ParentRunner.java:79)&#10;        at org.junit.runners.ParentRunner.runChildren(ParentRunner.java:329)&#10;        at org.junit.runners.ParentRunner.access$100(ParentRunner.java:66)&#10;        at org.junit.runners.ParentRunner$2.evaluate(ParentRunner.java:293)&#10;        at org.junit.runners.ParentRunner.run(ParentRunner.java:413)&#10;        at org.junit.runners.Suite.runChild(Suite.java:128)&#10;        at org.junit.runners.Suite.runChild(Suite.java:27)&#10;        at org.junit.runners.ParentRunner$4.run(ParentRunner.java:331)&#10;        at org.junit.runners.ParentRunner$1.schedule(ParentRunner.java:79)&#10;        at org.junit.runners.ParentRunner.runChildren(ParentRunner.java:329)&#10;        at org.junit.runners.ParentRunner.access$100(ParentRunner.java:66)&#10;        at org.junit.runners.ParentRunner$2.evaluate(ParentRunner.java:293)&#10;        at org.junit.runners.ParentRunner$3.evaluate(ParentRunner.java:306)&#10;        at org.junit.runners.ParentRunner.run(ParentRunner.java:413)&#10;        at org.junit.runner.JUnitCore.run(JUnitCore.java:137)&#10;        at org.junit.runner.JUnitCore.run(JUnitCore.java:115)&#10;        at org.junit.vintage.engine.execution.RunnerExecutor.execute(RunnerExecutor.java:43)&#10;        at org.junit.vintage.engine.VintageTestEngine$$Lambda$195/137225802.accept(Unknown Source)&#10;        at java.util.stream.ForEachOps$ForEachOp$OfRef.accept(ForEachOps.java:183)&#10;        at java.util.stream.ReferencePipeline$3$1.accept(ReferencePipeline.java:193)&#10;        at java.util.Iterator.forEachRemaining(Iterator.java:116)&#10;        at java.util.Spliterators$IteratorSpliterator.forEachRemaining(Spliterators.java:1801)&#10;        at java.util.stream.AbstractPipeline.copyInto(AbstractPipeline.java:482)&#10;        at java.util.stream.AbstractPipeline.wrapAndCopyInto(AbstractPipeline.java:472)&#10;        at java.util.stream.ForEachOps$ForEachOp.evaluateSequential(ForEachOps.java:150)&#10;        at java.util.stream.ForEachOps$ForEachOp$OfRef.evaluateSequential(ForEachOps.java:173)&#10;        at java.util.stream.AbstractPipeline.evaluate(AbstractPipeline.java:234)&#10;        at java.util.stream.ReferencePipeline.forEach(ReferencePipeline.java:485)&#10;        at org.junit.vintage.engine.VintageTestEngine.executeAllChildren(VintageTestEngine.java:82)&#10;        at org.junit.vintage.engine.VintageTestEngine.execute(VintageTestEngine.java:73)&#10;        at org.junit.platform.launcher.core.EngineExecutionOrchestrator.execute(EngineExecutionOrchestrator.java:108)&#10;        at org.junit.platform.launcher.core.EngineExecutionOrchestrator.execute(EngineExecutionOrchestrator.java:88)&#10;        at org.junit.platform.launcher.core.EngineExecutionOrchestrator.lambda$execute$0(EngineExecutionOrchestrator.java:54)&#10;        at org.junit.platform.launcher.core.EngineExecutionOrchestrator$$Lambda$143/926434463.accept(Unknown Source)&#10;        at org.junit.platform.launcher.core.EngineExecutionOrchestrator.withInterceptedStreams(EngineExecutionOrchestrator.java:67)&#10;        at org.junit.platform.launcher.core.EngineExecutionOrchestrator.execute(EngineExecutionOrchestrator.java:52)&#10;        at org.junit.platform.launcher.core.DefaultLauncher.execute(DefaultLauncher.java:96)&#10;        at org.junit.platform.launcher.core.DefaultLauncher.execute(DefaultLauncher.java:75)&#10;        at org.apache.maven.surefire.junitplatform.JUnitPlatformProvider.invokeAllTests(JUnitPlatformProvider.java:142)&#10;        at org.apache.maven.surefire.junitplatform.JUnitPlatformProvider.invoke(JUnitPlatformProvider.java:113)&#10;        at org.apache.maven.surefire.booter.ForkedBooter.invokeProviderInSameClassLoader(ForkedBooter.java:384)&#10;        at org.apache.maven.surefire.booter.ForkedBooter.runSuitesInProcess(ForkedBooter.java:345)&#10;        at org.apache.maven.surefire.booter.ForkedBooter.execute(ForkedBooter.java:126)&#10;        at org.apache.maven.surefire.booter.ForkedBooter.main(ForkedBooter.java:418)&#10;&quot;IPC Server handler 12 on default port 46101&quot; daemon prio=5 tid=3399 timed_waiting&#10;java.lang.Thread.State: TIMED_WAITING&#10;        at sun.misc.Unsafe.park(Native Method)&#10;        at java.util.concurrent.locks.LockSupport.parkNanos(LockSupport.java:215)&#10;        at java.util.concurrent.locks.AbstractQueuedSynchronizer$ConditionObject.awaitNanos(AbstractQueuedSynchronizer.java:2078)&#10;        at java.util.concurrent.LinkedBlockingQueue.poll(LinkedBlockingQueue.java:467)&#10;        at org.apache.hadoop.ipc.CallQueueManager.take(CallQueueManager.java:317)&#10;        at org.apache.hadoop.ipc.Server$Handler.run(Server.java:2932)&#10;&quot;Datanode State Machine Task Thread - 0&quot;  prio=5 tid=3484 in Object.wait()&#10;java.lang.Thread.State: WAITING (on object monitor)&#10;        at sun.misc.Unsafe.park(Native Method)&#10;        at java.util.concurrent.locks.LockSupport.park(LockSupport.java:175)&#10;        at java.util.concurrent.locks.AbstractQueuedSynchronizer$ConditionObject.await(AbstractQueuedSynchronizer.java:2039)&#10;        at java.util.concurrent.LinkedBlockingQueue.take(LinkedBlockingQueue.java:442)&#10;        at java.util.concurrent.ThreadPoolExecutor.getTask(ThreadPoolExecutor.java:1074)&#10;        at java.util.concurrent.ThreadPoolExecutor.runWorker(ThreadPoolExecutor.java:1134)&#10;        at java.util.concurrent.ThreadPoolExecutor$Worker.run(ThreadPoolExecutor.java:624)&#10;        at java.lang.Thread.run(Thread.java:748)&#10;&quot;IPC Server handler 2 on default port 43677&quot; daemon prio=5 tid=3330 timed_waiting&#10;java.lang.Thread.State: TIMED_WAITING&#10;        at sun.misc.Unsafe.park(Native Method)&#10;        at java.util.concurrent.locks.LockSupport.parkNanos(LockSupport.java:215)&#10;        at java.util.concurrent.locks.AbstractQueuedSynchronizer$ConditionObject.awaitNanos(AbstractQueuedSynchronizer.java:2078)&#10;        at java.util.concurrent.LinkedBlockingQueue.poll(LinkedBlockingQueue.java:467)&#10;        at org.apache.hadoop.ipc.CallQueueManager.take(CallQueueManager.java:317)&#10;        at org.apache.hadoop.ipc.Server$Handler.run(Server.java:2932)&#10;&quot;ChunkWriter-2-0&quot; daemon prio=5 tid=3549 in Object.wait()&#10;java.lang.Thread.State: WAITING (on object monitor)&#10;        at sun.misc.Unsafe.park(Native Method)&#10;        at java.util.concurrent.locks.LockSupport.park(LockSupport.java:175)&#10;        at java.util.concurrent.locks.AbstractQueuedSynchronizer$ConditionObject.await(AbstractQueuedSynchronizer.java:2039)&#10;        at java.util.concurrent.LinkedBlockingDeque.takeFirst(LinkedBlockingDeque.java:492)&#10;        at java.util.concurrent.LinkedBlockingDeque.take(LinkedBlockingDeque.java:680)&#10;        at java.util.concurrent.ThreadPoolExecutor.getTask(ThreadPoolExecutor.java:1074)&#10;        at java.util.concurrent.ThreadPoolExecutor.runWorker(ThreadPoolExecutor.java:1134)&#10;        at java.util.concurrent.ThreadPoolExecutor$Worker.run(ThreadPoolExecutor.java:624)&#10;        at java.lang.Thread.run(Thread.java:748)&#10;&quot;9eaa9061-0cbd-4a3d-8091-a973303b955e@group-677DDB1507C0-FollowerState&quot; daemon prio=5 tid=3806 timed_waiting&#10;java.lang.Thread.State: TIMED_WAITING&#10;        at java.lang.Thread.sleep(Native Method)&#10;        at java.lang.Thread.sleep(Thread.java:340)&#10;        at java.util.concurrent.TimeUnit.sleep(TimeUnit.java:386)&#10;        at org.apache.ratis.util.TimeDuration.sleep(TimeDuration.java:324)&#10;        at org.apache.ratis.util.TimeDuration.sleep(TimeDuration.java:309)&#10;        at org.apache.ratis.server.impl.FollowerState.run(FollowerState.java:118)&#10;&quot;EventQueue-NodeRegistrationContainerReportForDataNodeSafeModeRule&quot; daemon prio=5 tid=3541 in Object.wait()&#10;java.lang.Thread.State: WAITING (on object monitor)&#10;        at sun.misc.Unsafe.park(Native Method)&#10;        at java.util.concurrent.locks.LockSupport.park(LockSupport.java:175)&#10;        at java.util.concurrent.locks.AbstractQueuedSynchronizer$ConditionObject.await(AbstractQueuedSynchronizer.java:2039)&#10;        at java.util.concurrent.LinkedBlockingQueue.take(LinkedBlockingQueue.java:442)&#10;        at java.util.concurrent.ThreadPoolExecutor.getTask(ThreadPoolExecutor.java:1074)&#10;        at java.util.concurrent.ThreadPoolExecutor.runWorker(ThreadPoolExecutor.java:1134)&#10;        at java.util.concurrent.ThreadPoolExecutor$Worker.run(ThreadPoolExecutor.java:624)&#10;        at java.lang.Thread.run(Thread.java:748)&#10;&quot;Datanode ReportManager Thread - 0&quot; daemon prio=5 tid=1408 in Object.wait()&#10;java.lang.Thread.State: WAITING (on object monitor)&#10;        at sun.misc.Unsafe.park(Native Method)&#10;        at java.util.concurrent.locks.LockSupport.park(LockSupport.java:175)&#10;        at java.util.concurrent.locks.AbstractQueuedSynchronizer$ConditionObject.await(AbstractQueuedSynchronizer.java:2039)&#10;        at java.util.concurrent.ScheduledThreadPoolExecutor$DelayedWorkQueue.take(ScheduledThreadPoolExecutor.java:1088)&#10;        at java.util.concurrent.ScheduledThreadPoolExecutor$DelayedWorkQueue.take(ScheduledThreadPoolExecutor.java:809)&#10;        at java.util.concurrent.ThreadPoolExecutor.getTask(ThreadPoolExecutor.java:1074)&#10;        at java.util.concurrent.ThreadPoolExecutor.runWorker(ThreadPoolExecutor.java:1134)&#10;        at java.util.concurrent.ThreadPoolExecutor$Worker.run(ThreadPoolExecutor.java:624)&#10;        at java.lang.Thread.run(Thread.java:748)&#10;&#10;" type="java.util.concurrent.TimeoutException"><![CDATA[java.util.concurrent.TimeoutException: 
Timed out waiting for condition. Thread diagnostics:
Timestamp: 2021-11-29 11:23:26,799

"pool-721-thread-1"  prio=5 tid=3466 timed_waiting
java.lang.Thread.State: TIMED_WAITING
        at sun.misc.Unsafe.park(Native Method)
        at java.util.concurrent.locks.LockSupport.parkNanos(LockSupport.java:215)
        at java.util.concurrent.locks.AbstractQueuedSynchronizer$ConditionObject.awaitNanos(AbstractQueuedSynchronizer.java:2078)
        at java.util.concurrent.ScheduledThreadPoolExecutor$DelayedWorkQueue.take(ScheduledThreadPoolExecutor.java:1093)
        at java.util.concurrent.ScheduledThreadPoolExecutor$DelayedWorkQueue.take(ScheduledThreadPoolExecutor.java:809)
        at java.util.concurrent.ThreadPoolExecutor.getTask(ThreadPoolExecutor.java:1074)
        at java.util.concurrent.ThreadPoolExecutor.runWorker(ThreadPoolExecutor.java:1134)
        at java.util.concurrent.ThreadPoolExecutor$Worker.run(ThreadPoolExecutor.java:624)
        at java.lang.Thread.run(Thread.java:748)
"EndpointStateMachine task thread for /0.0.0.0:46785 - 0 "  prio=5 tid=2313 in Object.wait()
java.lang.Thread.State: WAITING (on object monitor)
        at sun.misc.Unsafe.park(Native Method)
        at java.util.concurrent.locks.LockSupport.park(LockSupport.java:175)
        at java.util.concurrent.locks.AbstractQueuedSynchronizer$ConditionObject.await(AbstractQueuedSynchronizer.java:2039)
        at java.util.concurrent.LinkedBlockingQueue.take(LinkedBlockingQueue.java:442)
        at java.util.concurrent.ThreadPoolExecutor.getTask(ThreadPoolExecutor.java:1074)
        at java.util.concurrent.ThreadPoolExecutor.runWorker(ThreadPoolExecutor.java:1134)
        at java.util.concurrent.ThreadPoolExecutor$Worker.run(ThreadPoolExecutor.java:624)
        at java.lang.Thread.run(Thread.java:748)
"IPC Server handler 15 on default port 38869" daemon prio=5 tid=3323 timed_waiting
java.lang.Thread.State: TIMED_WAITING
        at sun.misc.Unsafe.park(Native Method)
        at java.util.concurrent.locks.LockSupport.parkNanos(LockSupport.java:215)
        at java.util.concurrent.locks.AbstractQueuedSynchronizer$ConditionObject.awaitNanos(AbstractQueuedSynchronizer.java:2078)
        at java.util.concurrent.LinkedBlockingQueue.poll(LinkedBlockingQueue.java:467)
        at org.apache.hadoop.ipc.CallQueueManager.take(CallQueueManager.java:317)
        at org.apache.hadoop.ipc.Server$Handler.run(Server.java:2932)
"Datanode ReportManager Thread - 1" daemon prio=5 tid=3453 timed_waiting
java.lang.Thread.State: TIMED_WAITING
        at sun.misc.Unsafe.park(Native Method)
        at java.util.concurrent.locks.LockSupport.parkNanos(LockSupport.java:215)
        at java.util.concurrent.locks.AbstractQueuedSynchronizer$ConditionObject.awaitNanos(AbstractQueuedSynchronizer.java:2078)
        at java.util.concurrent.ScheduledThreadPoolExecutor$DelayedWorkQueue.take(ScheduledThreadPoolExecutor.java:1093)
        at java.util.concurrent.ScheduledThreadPoolExecutor$DelayedWorkQueue.take(ScheduledThreadPoolExecutor.java:809)
        at java.util.concurrent.ThreadPoolExecutor.getTask(ThreadPoolExecutor.java:1074)
        at java.util.concurrent.ThreadPoolExecutor.runWorker(ThreadPoolExecutor.java:1134)
        at java.util.concurrent.ThreadPoolExecutor$Worker.run(ThreadPoolExecutor.java:624)
        at java.lang.Thread.run(Thread.java:748)
"CommandWatcher-LeaseManager#LeaseMonitor" daemon prio=5 tid=3287 timed_waiting
java.lang.Thread.State: TIMED_WAITING
        at java.lang.Object.wait(Native Method)
        at org.apache.hadoop.ozone.lease.LeaseManager$LeaseMonitor.run(LeaseManager.java:238)
        at java.lang.Thread.run(Thread.java:748)
"Datanode State Machine Daemon Thread" daemon prio=5 tid=3476 timed_waiting
java.lang.Thread.State: TIMED_WAITING
        at java.lang.Thread.sleep(Native Method)
        at org.apache.hadoop.ozone.container.common.statemachine.DatanodeStateMachine.start(DatanodeStateMachine.java:295)
        at org.apache.hadoop.ozone.container.common.statemachine.DatanodeStateMachine.lambda$startDaemon$0(DatanodeStateMachine.java:468)
        at org.apache.hadoop.ozone.container.common.statemachine.DatanodeStateMachine$$Lambda$575/715438968.run(Unknown Source)
        at java.lang.Thread.run(Thread.java:748)
"pool-645-thread-1"  prio=5 tid=3350 timed_waiting
java.lang.Thread.State: TIMED_WAITING
        at sun.misc.Unsafe.park(Native Method)
        at java.util.concurrent.locks.LockSupport.parkNanos(LockSupport.java:215)
        at java.util.concurrent.locks.AbstractQueuedSynchronizer$ConditionObject.awaitNanos(AbstractQueuedSynchronizer.java:2078)
        at java.util.concurrent.ScheduledThreadPoolExecutor$DelayedWorkQueue.take(ScheduledThreadPoolExecutor.java:1093)
        at java.util.concurrent.ScheduledThreadPoolExecutor$DelayedWorkQueue.take(ScheduledThreadPoolExecutor.java:809)
        at java.util.concurrent.ThreadPoolExecutor.getTask(ThreadPoolExecutor.java:1074)
        at java.util.concurrent.ThreadPoolExecutor.runWorker(ThreadPoolExecutor.java:1134)
        at java.util.concurrent.ThreadPoolExecutor$Worker.run(ThreadPoolExecutor.java:624)
        at java.lang.Thread.run(Thread.java:748)
"qtp1951734534-3494" daemon prio=5 tid=3494 timed_waiting
java.lang.Thread.State: TIMED_WAITING
        at sun.misc.Unsafe.park(Native Method)
        at java.util.concurrent.locks.LockSupport.parkNanos(LockSupport.java:215)
        at java.util.concurrent.locks.AbstractQueuedSynchronizer$ConditionObject.awaitNanos(AbstractQueuedSynchronizer.java:2078)
        at org.eclipse.jetty.util.BlockingArrayQueue.poll(BlockingArrayQueue.java:382)
        at org.eclipse.jetty.util.thread.QueuedThreadPool$Runner.idleJobPoll(QueuedThreadPool.java:974)
        at org.eclipse.jetty.util.thread.QueuedThreadPool$Runner.run(QueuedThreadPool.java:1018)
        at java.lang.Thread.run(Thread.java:748)
"Datanode ReportManager Thread - 2" daemon prio=5 tid=1791 in Object.wait()
java.lang.Thread.State: WAITING (on object monitor)
        at sun.misc.Unsafe.park(Native Method)
        at java.util.concurrent.locks.LockSupport.park(LockSupport.java:175)
        at java.util.concurrent.locks.AbstractQueuedSynchronizer$ConditionObject.await(AbstractQueuedSynchronizer.java:2039)
        at java.util.concurrent.ScheduledThreadPoolExecutor$DelayedWorkQueue.take(ScheduledThreadPoolExecutor.java:1088)
        at java.util.concurrent.ScheduledThreadPoolExecutor$DelayedWorkQueue.take(ScheduledThreadPoolExecutor.java:809)
        at java.util.concurrent.ThreadPoolExecutor.getTask(ThreadPoolExecutor.java:1074)
        at java.util.concurrent.ThreadPoolExecutor.runWorker(ThreadPoolExecutor.java:1134)
        at java.util.concurrent.ThreadPoolExecutor$Worker.run(ThreadPoolExecutor.java:624)
        at java.lang.Thread.run(Thread.java:748)
"qtp115531689-3447" daemon prio=5 tid=3447 timed_waiting
java.lang.Thread.State: TIMED_WAITING
        at sun.misc.Unsafe.park(Native Method)
        at java.util.concurrent.locks.LockSupport.parkNanos(LockSupport.java:215)
        at java.util.concurrent.locks.AbstractQueuedSynchronizer$ConditionObject.awaitNanos(AbstractQueuedSynchronizer.java:2078)
        at org.eclipse.jetty.util.BlockingArrayQueue.poll(BlockingArrayQueue.java:382)
        at org.eclipse.jetty.util.thread.QueuedThreadPool$Runner.idleJobPoll(QueuedThreadPool.java:974)
        at org.eclipse.jetty.util.thread.QueuedThreadPool$Runner.run(QueuedThreadPool.java:1018)
        at java.lang.Thread.run(Thread.java:748)
"org.apache.hadoop.ozone.container.common.statemachine.commandhandler.DeleteBlocksCommandHandler$DeleteCmdWorker@5099ab30" daemon prio=5 tid=1827 runnable
java.lang.Thread.State: RUNNABLE
        at java.lang.Thread.sleep(Native Method)
        at org.apache.hadoop.ozone.container.common.statemachine.commandhandler.DeleteBlocksCommandHandler$DeleteCmdWorker.run(DeleteBlocksCommandHandler.java:175)
        at java.lang.Thread.run(Thread.java:748)
"IPC Server handler 12 on default port 43677" daemon prio=5 tid=3340 timed_waiting
java.lang.Thread.State: TIMED_WAITING
        at sun.misc.Unsafe.park(Native Method)
        at java.util.concurrent.locks.LockSupport.parkNanos(LockSupport.java:215)
        at java.util.concurrent.locks.AbstractQueuedSynchronizer$ConditionObject.awaitNanos(AbstractQueuedSynchronizer.java:2078)
        at java.util.concurrent.LinkedBlockingQueue.poll(LinkedBlockingQueue.java:467)
        at org.apache.hadoop.ipc.CallQueueManager.take(CallQueueManager.java:317)
        at org.apache.hadoop.ipc.Server$Handler.run(Server.java:2932)
"IPC Server idle connection scanner for port 43677" daemon prio=5 tid=3275 timed_waiting
java.lang.Thread.State: TIMED_WAITING
        at java.lang.Object.wait(Native Method)
        at java.util.TimerThread.mainLoop(Timer.java:552)
        at java.util.TimerThread.run(Timer.java:505)
"IPC Server handler 10 on default port 43625" daemon prio=5 tid=3298 timed_waiting
java.lang.Thread.State: TIMED_WAITING
        at sun.misc.Unsafe.park(Native Method)
        at java.util.concurrent.locks.LockSupport.parkNanos(LockSupport.java:215)
        at java.util.concurrent.locks.AbstractQueuedSynchronizer$ConditionObject.awaitNanos(AbstractQueuedSynchronizer.java:2078)
        at java.util.concurrent.LinkedBlockingQueue.poll(LinkedBlockingQueue.java:467)
        at org.apache.hadoop.ipc.CallQueueManager.take(CallQueueManager.java:317)
        at org.apache.hadoop.ipc.Server$Handler.run(Server.java:2932)
"Datanode ReportManager Thread - 0" daemon prio=5 tid=2295 in Object.wait()
java.lang.Thread.State: WAITING (on object monitor)
        at sun.misc.Unsafe.park(Native Method)
        at java.util.concurrent.locks.LockSupport.park(LockSupport.java:175)
        at java.util.concurrent.locks.AbstractQueuedSynchronizer$ConditionObject.await(AbstractQueuedSynchronizer.java:2039)
        at java.util.concurrent.ScheduledThreadPoolExecutor$DelayedWorkQueue.take(ScheduledThreadPoolExecutor.java:1088)
        at java.util.concurrent.ScheduledThreadPoolExecutor$DelayedWorkQueue.take(ScheduledThreadPoolExecutor.java:809)
        at java.util.concurrent.ThreadPoolExecutor.getTask(ThreadPoolExecutor.java:1074)
        at java.util.concurrent.ThreadPoolExecutor.runWorker(ThreadPoolExecutor.java:1134)
        at java.util.concurrent.ThreadPoolExecutor$Worker.run(ThreadPoolExecutor.java:624)
        at java.lang.Thread.run(Thread.java:748)
"9eaa9061-0cbd-4a3d-8091-a973303b955e@group-677DDB1507C0-StateMachineUpdater" daemon prio=5 tid=3564 in Object.wait()
java.lang.Thread.State: WAITING (on object monitor)
        at java.lang.Object.wait(Native Method)
        at java.lang.Object.wait(Object.java:502)
        at org.apache.ratis.server.impl.StateMachineUpdater.waitForCommit(StateMachineUpdater.java:204)
        at org.apache.ratis.server.impl.StateMachineUpdater.run(StateMachineUpdater.java:173)
        at java.lang.Thread.run(Thread.java:748)
"pool-735-thread-1"  prio=5 tid=3582 in Object.wait()
java.lang.Thread.State: WAITING (on object monitor)
        at sun.misc.Unsafe.park(Native Method)
        at java.util.concurrent.locks.LockSupport.park(LockSupport.java:175)
        at java.util.concurrent.locks.AbstractQueuedSynchronizer$ConditionObject.await(AbstractQueuedSynchronizer.java:2039)
        at java.util.concurrent.LinkedBlockingQueue.take(LinkedBlockingQueue.java:442)
        at java.util.concurrent.ThreadPoolExecutor.getTask(ThreadPoolExecutor.java:1074)
        at java.util.concurrent.ThreadPoolExecutor.runWorker(ThreadPoolExecutor.java:1134)
        at java.util.concurrent.ThreadPoolExecutor$Worker.run(ThreadPoolExecutor.java:624)
        at java.lang.Thread.run(Thread.java:748)
"ChunkWriter-0-0" daemon prio=5 tid=3547 in Object.wait()
java.lang.Thread.State: WAITING (on object monitor)
        at sun.misc.Unsafe.park(Native Method)
        at java.util.concurrent.locks.LockSupport.park(LockSupport.java:175)
        at java.util.concurrent.locks.AbstractQueuedSynchronizer$ConditionObject.await(AbstractQueuedSynchronizer.java:2039)
        at java.util.concurrent.LinkedBlockingDeque.takeFirst(LinkedBlockingDeque.java:492)
        at java.util.concurrent.LinkedBlockingDeque.take(LinkedBlockingDeque.java:680)
        at java.util.concurrent.ThreadPoolExecutor.getTask(ThreadPoolExecutor.java:1074)
        at java.util.concurrent.ThreadPoolExecutor.runWorker(ThreadPoolExecutor.java:1134)
        at java.util.concurrent.ThreadPoolExecutor$Worker.run(ThreadPoolExecutor.java:624)
        at java.lang.Thread.run(Thread.java:748)
"Datanode ReportManager Thread - 3" daemon prio=5 tid=205 in Object.wait()
java.lang.Thread.State: WAITING (on object monitor)
        at sun.misc.Unsafe.park(Native Method)
        at java.util.concurrent.locks.LockSupport.park(LockSupport.java:175)
        at java.util.concurrent.locks.AbstractQueuedSynchronizer$ConditionObject.await(AbstractQueuedSynchronizer.java:2039)
        at java.util.concurrent.ScheduledThreadPoolExecutor$DelayedWorkQueue.take(ScheduledThreadPoolExecutor.java:1088)
        at java.util.concurrent.ScheduledThreadPoolExecutor$DelayedWorkQueue.take(ScheduledThreadPoolExecutor.java:809)
        at java.util.concurrent.ThreadPoolExecutor.getTask(ThreadPoolExecutor.java:1074)
        at java.util.concurrent.ThreadPoolExecutor.runWorker(ThreadPoolExecutor.java:1134)
        at java.util.concurrent.ThreadPoolExecutor$Worker.run(ThreadPoolExecutor.java:624)
        at java.lang.Thread.run(Thread.java:748)
"Datanode ReportManager Thread - 3" daemon prio=5 tid=178 in Object.wait()
java.lang.Thread.State: WAITING (on object monitor)
        at sun.misc.Unsafe.park(Native Method)
        at java.util.concurrent.locks.LockSupport.park(LockSupport.java:175)
        at java.util.concurrent.locks.AbstractQueuedSynchronizer$ConditionObject.await(AbstractQueuedSynchronizer.java:2039)
        at java.util.concurrent.ScheduledThreadPoolExecutor$DelayedWorkQueue.take(ScheduledThreadPoolExecutor.java:1088)
        at java.util.concurrent.ScheduledThreadPoolExecutor$DelayedWorkQueue.take(ScheduledThreadPoolExecutor.java:809)
        at java.util.concurrent.ThreadPoolExecutor.getTask(ThreadPoolExecutor.java:1074)
        at java.util.concurrent.ThreadPoolExecutor.runWorker(ThreadPoolExecutor.java:1134)
        at java.util.concurrent.ThreadPoolExecutor$Worker.run(ThreadPoolExecutor.java:624)
        at java.lang.Thread.run(Thread.java:748)
"IPC Server handler 7 on default port 43625" daemon prio=5 tid=3295 timed_waiting
java.lang.Thread.State: TIMED_WAITING
        at sun.misc.Unsafe.park(Native Method)
        at java.util.concurrent.locks.LockSupport.parkNanos(LockSupport.java:215)
        at java.util.concurrent.locks.AbstractQueuedSynchronizer$ConditionObject.awaitNanos(AbstractQueuedSynchronizer.java:2078)
        at java.util.concurrent.LinkedBlockingQueue.poll(LinkedBlockingQueue.java:467)
        at org.apache.hadoop.ipc.CallQueueManager.take(CallQueueManager.java:317)
        at org.apache.hadoop.ipc.Server$Handler.run(Server.java:2932)
"org.apache.ratis.util.JvmPauseMonitor$$Lambda$535/1672973847@5e12013d" daemon prio=5 tid=3535 timed_waiting
java.lang.Thread.State: TIMED_WAITING
        at java.lang.Thread.sleep(Native Method)
        at java.lang.Thread.sleep(Thread.java:340)
        at java.util.concurrent.TimeUnit.sleep(TimeUnit.java:386)
        at org.apache.ratis.util.TimeDuration.sleep(TimeDuration.java:324)
        at org.apache.ratis.util.TimeDuration.sleep(TimeDuration.java:309)
        at org.apache.ratis.util.JvmPauseMonitor.detectPause(JvmPauseMonitor.java:117)
        at org.apache.ratis.util.JvmPauseMonitor.run(JvmPauseMonitor.java:106)
        at org.apache.ratis.util.JvmPauseMonitor$$Lambda$535/1672973847.run(Unknown Source)
        at java.lang.Thread.run(Thread.java:748)
"9eaa9061-0cbd-4a3d-8091-a973303b955e@group-677DDB1507C0-SegmentedRaftLogWorker"  prio=5 tid=3563 timed_waiting
java.lang.Thread.State: TIMED_WAITING
        at sun.misc.Unsafe.park(Native Method)
        at java.util.concurrent.locks.LockSupport.parkNanos(LockSupport.java:215)
        at java.util.concurrent.locks.AbstractQueuedSynchronizer$ConditionObject.awaitNanos(AbstractQueuedSynchronizer.java:2078)
        at org.apache.ratis.util.DataBlockingQueue.poll(DataBlockingQueue.java:137)
        at org.apache.ratis.server.raftlog.segmented.SegmentedRaftLogWorker.run(SegmentedRaftLogWorker.java:292)
        at org.apache.ratis.server.raftlog.segmented.SegmentedRaftLogWorker$$Lambda$471/1580114807.run(Unknown Source)
        at java.lang.Thread.run(Thread.java:748)
"org.apache.ratis.util.JvmPauseMonitor$$Lambda$535/1672973847@17e541f3" daemon prio=5 tid=3526 timed_waiting
java.lang.Thread.State: TIMED_WAITING
        at java.lang.Thread.sleep(Native Method)
        at java.lang.Thread.sleep(Thread.java:340)
        at java.util.concurrent.TimeUnit.sleep(TimeUnit.java:386)
        at org.apache.ratis.util.TimeDuration.sleep(TimeDuration.java:324)
        at org.apache.ratis.util.TimeDuration.sleep(TimeDuration.java:309)
        at org.apache.ratis.util.JvmPauseMonitor.detectPause(JvmPauseMonitor.java:117)
        at org.apache.ratis.util.JvmPauseMonitor.run(JvmPauseMonitor.java:106)
        at org.apache.ratis.util.JvmPauseMonitor$$Lambda$535/1672973847.run(Unknown Source)
        at java.lang.Thread.run(Thread.java:748)
"45f86aeb-e384-4aa9-8d84-a9c74618d31d@group-677DDB1507C0-FollowerState" daemon prio=5 tid=3807 timed_waiting
java.lang.Thread.State: TIMED_WAITING
        at java.lang.Thread.sleep(Native Method)
        at java.lang.Thread.sleep(Thread.java:340)
        at java.util.concurrent.TimeUnit.sleep(TimeUnit.java:386)
        at org.apache.ratis.util.TimeDuration.sleep(TimeDuration.java:324)
        at org.apache.ratis.util.TimeDuration.sleep(TimeDuration.java:309)
        at org.apache.ratis.server.impl.FollowerState.run(FollowerState.java:118)
"org.apache.hadoop.util.JvmPauseMonitor$Monitor@77e97478" daemon prio=5 tid=3433 timed_waiting
java.lang.Thread.State: TIMED_WAITING
        at java.lang.Thread.sleep(Native Method)
        at org.apache.hadoop.util.JvmPauseMonitor$Monitor.run(JvmPauseMonitor.java:192)
        at java.lang.Thread.run(Thread.java:748)
"Datanode ReportManager Thread - 0" daemon prio=5 tid=2209 in Object.wait()
java.lang.Thread.State: WAITING (on object monitor)
        at sun.misc.Unsafe.park(Native Method)
        at java.util.concurrent.locks.LockSupport.park(LockSupport.java:175)
        at java.util.concurrent.locks.AbstractQueuedSynchronizer$ConditionObject.await(AbstractQueuedSynchronizer.java:2039)
        at java.util.concurrent.ScheduledThreadPoolExecutor$DelayedWorkQueue.take(ScheduledThreadPoolExecutor.java:1088)
        at java.util.concurrent.ScheduledThreadPoolExecutor$DelayedWorkQueue.take(ScheduledThreadPoolExecutor.java:809)
        at java.util.concurrent.ThreadPoolExecutor.getTask(ThreadPoolExecutor.java:1074)
        at java.util.concurrent.ThreadPoolExecutor.runWorker(ThreadPoolExecutor.java:1134)
        at java.util.concurrent.ThreadPoolExecutor$Worker.run(ThreadPoolExecutor.java:624)
        at java.lang.Thread.run(Thread.java:748)
"74f41514-20ca-4955-9e3a-cfde988d45f9@group-2750B8C67C55-LeaderStateImpl" daemon prio=5 tid=3603 timed_waiting
java.lang.Thread.State: TIMED_WAITING
        at sun.misc.Unsafe.park(Native Method)
        at java.util.concurrent.locks.LockSupport.parkNanos(LockSupport.java:215)
        at java.util.concurrent.locks.AbstractQueuedSynchronizer$ConditionObject.awaitNanos(AbstractQueuedSynchronizer.java:2078)
        at java.util.concurrent.ArrayBlockingQueue.poll(ArrayBlockingQueue.java:418)
        at org.apache.ratis.server.impl.LeaderStateImpl$EventQueue.poll(LeaderStateImpl.java:156)
        at org.apache.ratis.server.impl.LeaderStateImpl$EventProcessor.run(LeaderStateImpl.java:600)
"IPC Server listener on 0" daemon prio=5 tid=3273 runnable
java.lang.Thread.State: RUNNABLE
        at sun.nio.ch.EPollArrayWrapper.epollWait(Native Method)
        at sun.nio.ch.EPollArrayWrapper.poll(EPollArrayWrapper.java:269)
        at sun.nio.ch.EPollSelectorImpl.doSelect(EPollSelectorImpl.java:93)
        at sun.nio.ch.SelectorImpl.lockAndDoSelect(SelectorImpl.java:86)
        at sun.nio.ch.SelectorImpl.select(SelectorImpl.java:97)
        at sun.nio.ch.SelectorImpl.select(SelectorImpl.java:101)
        at org.apache.hadoop.ipc.Server$Listener.run(Server.java:1350)
"IPC Server handler 8 on default port 43625" daemon prio=5 tid=3296 timed_waiting
java.lang.Thread.State: TIMED_WAITING
        at sun.misc.Unsafe.park(Native Method)
        at java.util.concurrent.locks.LockSupport.parkNanos(LockSupport.java:215)
        at java.util.concurrent.locks.AbstractQueuedSynchronizer$ConditionObject.awaitNanos(AbstractQueuedSynchronizer.java:2078)
        at java.util.concurrent.LinkedBlockingQueue.poll(LinkedBlockingQueue.java:467)
        at org.apache.hadoop.ipc.CallQueueManager.take(CallQueueManager.java:317)
        at org.apache.hadoop.ipc.Server$Handler.run(Server.java:2932)
"Periodic HDDS volume checker" daemon prio=5 tid=3461 timed_waiting
java.lang.Thread.State: TIMED_WAITING
        at sun.misc.Unsafe.park(Native Method)
        at java.util.concurrent.locks.LockSupport.parkNanos(LockSupport.java:215)
        at java.util.concurrent.locks.AbstractQueuedSynchronizer$ConditionObject.awaitNanos(AbstractQueuedSynchronizer.java:2078)
        at java.util.concurrent.ScheduledThreadPoolExecutor$DelayedWorkQueue.take(ScheduledThreadPoolExecutor.java:1093)
        at java.util.concurrent.ScheduledThreadPoolExecutor$DelayedWorkQueue.take(ScheduledThreadPoolExecutor.java:809)
        at java.util.concurrent.ThreadPoolExecutor.getTask(ThreadPoolExecutor.java:1074)
        at java.util.concurrent.ThreadPoolExecutor.runWorker(ThreadPoolExecutor.java:1134)
        at java.util.concurrent.ThreadPoolExecutor$Worker.run(ThreadPoolExecutor.java:624)
        at java.lang.Thread.run(Thread.java:748)
"Datanode State Machine Task Thread - 1"  prio=5 tid=3529 in Object.wait()
java.lang.Thread.State: WAITING (on object monitor)
        at sun.misc.Unsafe.park(Native Method)
        at java.util.concurrent.locks.LockSupport.park(LockSupport.java:175)
        at java.util.concurrent.locks.AbstractQueuedSynchronizer$ConditionObject.await(AbstractQueuedSynchronizer.java:2039)
        at java.util.concurrent.LinkedBlockingQueue.take(LinkedBlockingQueue.java:442)
        at java.util.concurrent.ThreadPoolExecutor.getTask(ThreadPoolExecutor.java:1074)
        at java.util.concurrent.ThreadPoolExecutor.runWorker(ThreadPoolExecutor.java:1134)
        at java.util.concurrent.ThreadPoolExecutor$Worker.run(ThreadPoolExecutor.java:624)
        at java.lang.Thread.run(Thread.java:748)
"Datanode State Machine Daemon Thread" daemon prio=5 tid=3451 timed_waiting
java.lang.Thread.State: TIMED_WAITING
        at java.lang.Thread.sleep(Native Method)
        at org.apache.hadoop.ozone.container.common.statemachine.DatanodeStateMachine.start(DatanodeStateMachine.java:295)
        at org.apache.hadoop.ozone.container.common.statemachine.DatanodeStateMachine.lambda$startDaemon$0(DatanodeStateMachine.java:468)
        at org.apache.hadoop.ozone.container.common.statemachine.DatanodeStateMachine$$Lambda$575/715438968.run(Unknown Source)
        at java.lang.Thread.run(Thread.java:748)
"Datanode ReportManager Thread - 2" daemon prio=5 tid=229 in Object.wait()
java.lang.Thread.State: WAITING (on object monitor)
        at sun.misc.Unsafe.park(Native Method)
        at java.util.concurrent.locks.LockSupport.park(LockSupport.java:175)
        at java.util.concurrent.locks.AbstractQueuedSynchronizer$ConditionObject.await(AbstractQueuedSynchronizer.java:2039)
        at java.util.concurrent.ScheduledThreadPoolExecutor$DelayedWorkQueue.take(ScheduledThreadPoolExecutor.java:1088)
        at java.util.concurrent.ScheduledThreadPoolExecutor$DelayedWorkQueue.take(ScheduledThreadPoolExecutor.java:809)
        at java.util.concurrent.ThreadPoolExecutor.getTask(ThreadPoolExecutor.java:1074)
        at java.util.concurrent.ThreadPoolExecutor.runWorker(ThreadPoolExecutor.java:1134)
        at java.util.concurrent.ThreadPoolExecutor$Worker.run(ThreadPoolExecutor.java:624)
        at java.lang.Thread.run(Thread.java:748)
"EventQueue-ContainerReportForContainerReportHandler" daemon prio=5 tid=3556 in Object.wait()
java.lang.Thread.State: WAITING (on object monitor)
        at sun.misc.Unsafe.park(Native Method)
        at java.util.concurrent.locks.LockSupport.park(LockSupport.java:175)
        at java.util.concurrent.locks.AbstractQueuedSynchronizer$ConditionObject.await(AbstractQueuedSynchronizer.java:2039)
        at java.util.concurrent.LinkedBlockingQueue.take(LinkedBlockingQueue.java:442)
        at java.util.concurrent.ThreadPoolExecutor.getTask(ThreadPoolExecutor.java:1074)
        at java.util.concurrent.ThreadPoolExecutor.runWorker(ThreadPoolExecutor.java:1134)
        at java.util.concurrent.ThreadPoolExecutor$Worker.run(ThreadPoolExecutor.java:624)
        at java.lang.Thread.run(Thread.java:748)
"Datanode ReportManager Thread - 3" daemon prio=5 tid=1852 in Object.wait()
java.lang.Thread.State: WAITING (on object monitor)
        at sun.misc.Unsafe.park(Native Method)
        at java.util.concurrent.locks.LockSupport.park(LockSupport.java:175)
        at java.util.concurrent.locks.AbstractQueuedSynchronizer$ConditionObject.await(AbstractQueuedSynchronizer.java:2039)
        at java.util.concurrent.ScheduledThreadPoolExecutor$DelayedWorkQueue.take(ScheduledThreadPoolExecutor.java:1088)
        at java.util.concurrent.ScheduledThreadPoolExecutor$DelayedWorkQueue.take(ScheduledThreadPoolExecutor.java:809)
        at java.util.concurrent.ThreadPoolExecutor.getTask(ThreadPoolExecutor.java:1074)
        at java.util.concurrent.ThreadPoolExecutor.runWorker(ThreadPoolExecutor.java:1134)
        at java.util.concurrent.ThreadPoolExecutor$Worker.run(ThreadPoolExecutor.java:624)
        at java.lang.Thread.run(Thread.java:748)
"BlockDeletingService#1" daemon prio=5 tid=3553 timed_waiting
java.lang.Thread.State: TIMED_WAITING
        at sun.misc.Unsafe.park(Native Method)
        at java.util.concurrent.locks.LockSupport.parkNanos(LockSupport.java:215)
        at java.util.concurrent.locks.AbstractQueuedSynchronizer$ConditionObject.awaitNanos(AbstractQueuedSynchronizer.java:2078)
        at java.util.concurrent.ScheduledThreadPoolExecutor$DelayedWorkQueue.take(ScheduledThreadPoolExecutor.java:1093)
        at java.util.concurrent.ScheduledThreadPoolExecutor$DelayedWorkQueue.take(ScheduledThreadPoolExecutor.java:809)
        at java.util.concurrent.ThreadPoolExecutor.getTask(ThreadPoolExecutor.java:1074)
        at java.util.concurrent.ThreadPoolExecutor.runWorker(ThreadPoolExecutor.java:1134)
        at java.util.concurrent.ThreadPoolExecutor$Worker.run(ThreadPoolExecutor.java:624)
        at java.lang.Thread.run(Thread.java:748)
"BlockDeletingService#0" daemon prio=5 tid=3527 in Object.wait()
java.lang.Thread.State: WAITING (on object monitor)
        at sun.misc.Unsafe.park(Native Method)
        at java.util.concurrent.locks.LockSupport.park(LockSupport.java:175)
        at java.util.concurrent.locks.AbstractQueuedSynchronizer$ConditionObject.await(AbstractQueuedSynchronizer.java:2039)
        at java.util.concurrent.ScheduledThreadPoolExecutor$DelayedWorkQueue.take(ScheduledThreadPoolExecutor.java:1088)
        at java.util.concurrent.ScheduledThreadPoolExecutor$DelayedWorkQueue.take(ScheduledThreadPoolExecutor.java:809)
        at java.util.concurrent.ThreadPoolExecutor.getTask(ThreadPoolExecutor.java:1074)
        at java.util.concurrent.ThreadPoolExecutor.runWorker(ThreadPoolExecutor.java:1134)
        at java.util.concurrent.ThreadPoolExecutor$Worker.run(ThreadPoolExecutor.java:624)
        at java.lang.Thread.run(Thread.java:748)
"IPC Server listener on 0" daemon prio=5 tid=3365 runnable
java.lang.Thread.State: RUNNABLE
        at sun.nio.ch.EPollArrayWrapper.epollWait(Native Method)
        at sun.nio.ch.EPollArrayWrapper.poll(EPollArrayWrapper.java:269)
        at sun.nio.ch.EPollSelectorImpl.doSelect(EPollSelectorImpl.java:93)
        at sun.nio.ch.SelectorImpl.lockAndDoSelect(SelectorImpl.java:86)
        at sun.nio.ch.SelectorImpl.select(SelectorImpl.java:97)
        at sun.nio.ch.SelectorImpl.select(SelectorImpl.java:101)
        at org.apache.hadoop.ipc.Server$Listener.run(Server.java:1350)
"FullTableCache Cleanup Thread - 0" daemon prio=5 tid=1990 in Object.wait()
java.lang.Thread.State: WAITING (on object monitor)
        at sun.misc.Unsafe.park(Native Method)
        at java.util.concurrent.locks.LockSupport.park(LockSupport.java:175)
        at java.util.concurrent.locks.AbstractQueuedSynchronizer$ConditionObject.await(AbstractQueuedSynchronizer.java:2039)
        at java.util.concurrent.LinkedBlockingQueue.take(LinkedBlockingQueue.java:442)
        at java.util.concurrent.ThreadPoolExecutor.getTask(ThreadPoolExecutor.java:1074)
        at java.util.concurrent.ThreadPoolExecutor.runWorker(ThreadPoolExecutor.java:1134)
        at java.util.concurrent.ThreadPoolExecutor$Worker.run(ThreadPoolExecutor.java:624)
        at java.lang.Thread.run(Thread.java:748)
"qtp1910453219-3420" daemon prio=5 tid=3420 timed_waiting
java.lang.Thread.State: TIMED_WAITING
        at sun.misc.Unsafe.park(Native Method)
        at java.util.concurrent.locks.LockSupport.parkNanos(LockSupport.java:215)
        at java.util.concurrent.locks.AbstractQueuedSynchronizer$ConditionObject.awaitNanos(AbstractQueuedSynchronizer.java:2078)
        at org.eclipse.jetty.util.BlockingArrayQueue.poll(BlockingArrayQueue.java:382)
        at org.eclipse.jetty.util.thread.QueuedThreadPool$Runner.idleJobPoll(QueuedThreadPool.java:974)
        at org.eclipse.jetty.util.thread.QueuedThreadPool$Runner.run(QueuedThreadPool.java:1018)
        at java.lang.Thread.run(Thread.java:748)
"Datanode ReportManager Thread - 4" daemon prio=5 tid=1853 in Object.wait()
java.lang.Thread.State: WAITING (on object monitor)
        at sun.misc.Unsafe.park(Native Method)
        at java.util.concurrent.locks.LockSupport.park(LockSupport.java:175)
        at java.util.concurrent.locks.AbstractQueuedSynchronizer$ConditionObject.await(AbstractQueuedSynchronizer.java:2039)
        at java.util.concurrent.ScheduledThreadPoolExecutor$DelayedWorkQueue.take(ScheduledThreadPoolExecutor.java:1088)
        at java.util.concurrent.ScheduledThreadPoolExecutor$DelayedWorkQueue.take(ScheduledThreadPoolExecutor.java:809)
        at java.util.concurrent.ThreadPoolExecutor.getTask(ThreadPoolExecutor.java:1074)
        at java.util.concurrent.ThreadPoolExecutor.runWorker(ThreadPoolExecutor.java:1134)
        at java.util.concurrent.ThreadPoolExecutor$Worker.run(ThreadPoolExecutor.java:624)
        at java.lang.Thread.run(Thread.java:748)
"IPC Server handler 19 on default port 38869" daemon prio=5 tid=3327 timed_waiting
java.lang.Thread.State: TIMED_WAITING
        at sun.misc.Unsafe.park(Native Method)
        at java.util.concurrent.locks.LockSupport.parkNanos(LockSupport.java:215)
        at java.util.concurrent.locks.AbstractQueuedSynchronizer$ConditionObject.awaitNanos(AbstractQueuedSynchronizer.java:2078)
        at java.util.concurrent.LinkedBlockingQueue.poll(LinkedBlockingQueue.java:467)
        at org.apache.hadoop.ipc.CallQueueManager.take(CallQueueManager.java:317)
        at org.apache.hadoop.ipc.Server$Handler.run(Server.java:2932)
"FullTableCache Cleanup Thread - 0" daemon prio=5 tid=380 in Object.wait()
java.lang.Thread.State: WAITING (on object monitor)
        at sun.misc.Unsafe.park(Native Method)
        at java.util.concurrent.locks.LockSupport.park(LockSupport.java:175)
        at java.util.concurrent.locks.AbstractQueuedSynchronizer$ConditionObject.await(AbstractQueuedSynchronizer.java:2039)
        at java.util.concurrent.LinkedBlockingQueue.take(LinkedBlockingQueue.java:442)
        at java.util.concurrent.ThreadPoolExecutor.getTask(ThreadPoolExecutor.java:1074)
        at java.util.concurrent.ThreadPoolExecutor.runWorker(ThreadPoolExecutor.java:1134)
        at java.util.concurrent.ThreadPoolExecutor$Worker.run(ThreadPoolExecutor.java:624)
        at java.lang.Thread.run(Thread.java:748)
"IPC Server handler 6 on default port 46101" daemon prio=5 tid=3393 timed_waiting
java.lang.Thread.State: TIMED_WAITING
        at sun.misc.Unsafe.park(Native Method)
        at java.util.concurrent.locks.LockSupport.parkNanos(LockSupport.java:215)
        at java.util.concurrent.locks.AbstractQueuedSynchronizer$ConditionObject.awaitNanos(AbstractQueuedSynchronizer.java:2078)
        at java.util.concurrent.LinkedBlockingQueue.poll(LinkedBlockingQueue.java:467)
        at org.apache.hadoop.ipc.CallQueueManager.take(CallQueueManager.java:317)
        at org.apache.hadoop.ipc.Server$Handler.run(Server.java:2932)
"Command processor thread" daemon prio=5 tid=3432 timed_waiting
java.lang.Thread.State: TIMED_WAITING
        at java.lang.Thread.sleep(Native Method)
        at org.apache.hadoop.ozone.container.common.statemachine.DatanodeStateMachine.lambda$initCommandHandlerThread$2(DatanodeStateMachine.java:574)
        at org.apache.hadoop.ozone.container.common.statemachine.DatanodeStateMachine$$Lambda$577/1509945893.run(Unknown Source)
        at java.lang.Thread.run(Thread.java:748)
"Datanode State Machine Task Thread - 0"  prio=5 tid=3434 in Object.wait()
java.lang.Thread.State: WAITING (on object monitor)
        at sun.misc.Unsafe.park(Native Method)
        at java.util.concurrent.locks.LockSupport.park(LockSupport.java:175)
        at java.util.concurrent.locks.AbstractQueuedSynchronizer$ConditionObject.await(AbstractQueuedSynchronizer.java:2039)
        at java.util.concurrent.LinkedBlockingQueue.take(LinkedBlockingQueue.java:442)
        at java.util.concurrent.ThreadPoolExecutor.getTask(ThreadPoolExecutor.java:1074)
        at java.util.concurrent.ThreadPoolExecutor.runWorker(ThreadPoolExecutor.java:1134)
        at java.util.concurrent.ThreadPoolExecutor$Worker.run(ThreadPoolExecutor.java:624)
        at java.lang.Thread.run(Thread.java:748)
"Datanode ReportManager Thread - 4" daemon prio=5 tid=3456 in Object.wait()
java.lang.Thread.State: WAITING (on object monitor)
        at sun.misc.Unsafe.park(Native Method)
        at java.util.concurrent.locks.LockSupport.park(LockSupport.java:175)
        at java.util.concurrent.locks.AbstractQueuedSynchronizer$ConditionObject.await(AbstractQueuedSynchronizer.java:2039)
        at java.util.concurrent.ScheduledThreadPoolExecutor$DelayedWorkQueue.take(ScheduledThreadPoolExecutor.java:1088)
        at java.util.concurrent.ScheduledThreadPoolExecutor$DelayedWorkQueue.take(ScheduledThreadPoolExecutor.java:809)
        at java.util.concurrent.ThreadPoolExecutor.getTask(ThreadPoolExecutor.java:1074)
        at java.util.concurrent.ThreadPoolExecutor.runWorker(ThreadPoolExecutor.java:1134)
        at java.util.concurrent.ThreadPoolExecutor$Worker.run(ThreadPoolExecutor.java:624)
        at java.lang.Thread.run(Thread.java:748)
"IPC Server handler 5 on default port 38869" daemon prio=5 tid=3313 timed_waiting
java.lang.Thread.State: TIMED_WAITING
        at sun.misc.Unsafe.park(Native Method)
        at java.util.concurrent.locks.LockSupport.parkNanos(LockSupport.java:215)
        at java.util.concurrent.locks.AbstractQueuedSynchronizer$ConditionObject.awaitNanos(AbstractQueuedSynchronizer.java:2078)
        at java.util.concurrent.LinkedBlockingQueue.poll(LinkedBlockingQueue.java:467)
        at org.apache.hadoop.ipc.CallQueueManager.take(CallQueueManager.java:317)
        at org.apache.hadoop.ipc.Server$Handler.run(Server.java:2932)
"qtp980429648-3473" daemon prio=5 tid=3473 timed_waiting
java.lang.Thread.State: TIMED_WAITING
        at sun.misc.Unsafe.park(Native Method)
        at java.util.concurrent.locks.LockSupport.parkNanos(LockSupport.java:215)
        at java.util.concurrent.locks.AbstractQueuedSynchronizer$ConditionObject.awaitNanos(AbstractQueuedSynchronizer.java:2078)
        at org.eclipse.jetty.util.BlockingArrayQueue.poll(BlockingArrayQueue.java:382)
        at org.eclipse.jetty.util.thread.QueuedThreadPool$Runner.idleJobPoll(QueuedThreadPool.java:974)
        at org.eclipse.jetty.util.thread.QueuedThreadPool$Runner.run(QueuedThreadPool.java:1018)
        at java.lang.Thread.run(Thread.java:748)
"Datanode ReportManager Thread - 0" daemon prio=5 tid=1814 in Object.wait()
java.lang.Thread.State: WAITING (on object monitor)
        at sun.misc.Unsafe.park(Native Method)
        at java.util.concurrent.locks.LockSupport.park(LockSupport.java:175)
        at java.util.concurrent.locks.AbstractQueuedSynchronizer$ConditionObject.await(AbstractQueuedSynchronizer.java:2039)
        at java.util.concurrent.ScheduledThreadPoolExecutor$DelayedWorkQueue.take(ScheduledThreadPoolExecutor.java:1088)
        at java.util.concurrent.ScheduledThreadPoolExecutor$DelayedWorkQueue.take(ScheduledThreadPoolExecutor.java:809)
        at java.util.concurrent.ThreadPoolExecutor.getTask(ThreadPoolExecutor.java:1074)
        at java.util.concurrent.ThreadPoolExecutor.runWorker(ThreadPoolExecutor.java:1134)
        at java.util.concurrent.ThreadPoolExecutor$Worker.run(ThreadPoolExecutor.java:624)
        at java.lang.Thread.run(Thread.java:748)
"IPC Server handler 0 on default port 46101" daemon prio=5 tid=3387 timed_waiting
java.lang.Thread.State: TIMED_WAITING
        at sun.misc.Unsafe.park(Native Method)
        at java.util.concurrent.locks.LockSupport.parkNanos(LockSupport.java:215)
        at java.util.concurrent.locks.AbstractQueuedSynchronizer$ConditionObject.awaitNanos(AbstractQueuedSynchronizer.java:2078)
        at java.util.concurrent.LinkedBlockingQueue.poll(LinkedBlockingQueue.java:467)
        at org.apache.hadoop.ipc.CallQueueManager.take(CallQueueManager.java:317)
        at org.apache.hadoop.ipc.Server$Handler.run(Server.java:2932)
"qtp115531689-3448" daemon prio=5 tid=3448 timed_waiting
java.lang.Thread.State: TIMED_WAITING
        at sun.misc.Unsafe.park(Native Method)
        at java.util.concurrent.locks.LockSupport.parkNanos(LockSupport.java:215)
        at java.util.concurrent.locks.AbstractQueuedSynchronizer$ConditionObject.awaitNanos(AbstractQueuedSynchronizer.java:2078)
        at org.eclipse.jetty.util.BlockingArrayQueue.poll(BlockingArrayQueue.java:382)
        at org.eclipse.jetty.util.thread.QueuedThreadPool$Runner.idleJobPoll(QueuedThreadPool.java:974)
        at org.eclipse.jetty.util.thread.QueuedThreadPool$Runner.run(QueuedThreadPool.java:1018)
        at java.lang.Thread.run(Thread.java:748)
"EndpointStateMachine task thread for /0.0.0.0:46875 - 0 "  prio=5 tid=1858 in Object.wait()
java.lang.Thread.State: WAITING (on object monitor)
        at sun.misc.Unsafe.park(Native Method)
        at java.util.concurrent.locks.LockSupport.park(LockSupport.java:175)
        at java.util.concurrent.locks.AbstractQueuedSynchronizer$ConditionObject.await(AbstractQueuedSynchronizer.java:2039)
        at java.util.concurrent.LinkedBlockingQueue.take(LinkedBlockingQueue.java:442)
        at java.util.concurrent.ThreadPoolExecutor.getTask(ThreadPoolExecutor.java:1074)
        at java.util.concurrent.ThreadPoolExecutor.runWorker(ThreadPoolExecutor.java:1134)
        at java.util.concurrent.ThreadPoolExecutor$Worker.run(ThreadPoolExecutor.java:624)
        at java.lang.Thread.run(Thread.java:748)
"IPC Server Responder" daemon prio=5 tid=3280 runnable
java.lang.Thread.State: RUNNABLE
        at sun.nio.ch.EPollArrayWrapper.epollWait(Native Method)
        at sun.nio.ch.EPollArrayWrapper.poll(EPollArrayWrapper.java:269)
        at sun.nio.ch.EPollSelectorImpl.doSelect(EPollSelectorImpl.java:93)
        at sun.nio.ch.SelectorImpl.lockAndDoSelect(SelectorImpl.java:86)
        at sun.nio.ch.SelectorImpl.select(SelectorImpl.java:97)
        at org.apache.hadoop.ipc.Server$Responder.doRunLoop(Server.java:1527)
        at org.apache.hadoop.ipc.Server$Responder.run(Server.java:1510)
"Datanode ReportManager Thread - 0" daemon prio=5 tid=1331 in Object.wait()
java.lang.Thread.State: WAITING (on object monitor)
        at sun.misc.Unsafe.park(Native Method)
        at java.util.concurrent.locks.LockSupport.park(LockSupport.java:175)
        at java.util.concurrent.locks.AbstractQueuedSynchronizer$ConditionObject.await(AbstractQueuedSynchronizer.java:2039)
        at java.util.concurrent.ScheduledThreadPoolExecutor$DelayedWorkQueue.take(ScheduledThreadPoolExecutor.java:1088)
        at java.util.concurrent.ScheduledThreadPoolExecutor$DelayedWorkQueue.take(ScheduledThreadPoolExecutor.java:809)
        at java.util.concurrent.ThreadPoolExecutor.getTask(ThreadPoolExecutor.java:1074)
        at java.util.concurrent.ThreadPoolExecutor.runWorker(ThreadPoolExecutor.java:1134)
        at java.util.concurrent.ThreadPoolExecutor$Worker.run(ThreadPoolExecutor.java:624)
        at java.lang.Thread.run(Thread.java:748)
"IPC Server handler 13 on default port 46101" daemon prio=5 tid=3400 timed_waiting
java.lang.Thread.State: TIMED_WAITING
        at sun.misc.Unsafe.park(Native Method)
        at java.util.concurrent.locks.LockSupport.parkNanos(LockSupport.java:215)
        at java.util.concurrent.locks.AbstractQueuedSynchronizer$ConditionObject.awaitNanos(AbstractQueuedSynchronizer.java:2078)
        at java.util.concurrent.LinkedBlockingQueue.poll(LinkedBlockingQueue.java:467)
        at org.apache.hadoop.ipc.CallQueueManager.take(CallQueueManager.java:317)
        at org.apache.hadoop.ipc.Server$Handler.run(Server.java:2932)
"Datanode ReportManager Thread - 1" daemon prio=5 tid=2210 in Object.wait()
java.lang.Thread.State: WAITING (on object monitor)
        at sun.misc.Unsafe.park(Native Method)
        at java.util.concurrent.locks.LockSupport.park(LockSupport.java:175)
        at java.util.concurrent.locks.AbstractQueuedSynchronizer$ConditionObject.await(AbstractQueuedSynchronizer.java:2039)
        at java.util.concurrent.ScheduledThreadPoolExecutor$DelayedWorkQueue.take(ScheduledThreadPoolExecutor.java:1088)
        at java.util.concurrent.ScheduledThreadPoolExecutor$DelayedWorkQueue.take(ScheduledThreadPoolExecutor.java:809)
        at java.util.concurrent.ThreadPoolExecutor.getTask(ThreadPoolExecutor.java:1074)
        at java.util.concurrent.ThreadPoolExecutor.runWorker(ThreadPoolExecutor.java:1134)
        at java.util.concurrent.ThreadPoolExecutor$Worker.run(ThreadPoolExecutor.java:624)
        at java.lang.Thread.run(Thread.java:748)
"Datanode ReportManager Thread - 2" daemon prio=5 tid=1851 in Object.wait()
java.lang.Thread.State: WAITING (on object monitor)
        at sun.misc.Unsafe.park(Native Method)
        at java.util.concurrent.locks.LockSupport.park(LockSupport.java:175)
        at java.util.concurrent.locks.AbstractQueuedSynchronizer$ConditionObject.await(AbstractQueuedSynchronizer.java:2039)
        at java.util.concurrent.ScheduledThreadPoolExecutor$DelayedWorkQueue.take(ScheduledThreadPoolExecutor.java:1088)
        at java.util.concurrent.ScheduledThreadPoolExecutor$DelayedWorkQueue.take(ScheduledThreadPoolExecutor.java:809)
        at java.util.concurrent.ThreadPoolExecutor.getTask(ThreadPoolExecutor.java:1074)
        at java.util.concurrent.ThreadPoolExecutor.runWorker(ThreadPoolExecutor.java:1134)
        at java.util.concurrent.ThreadPoolExecutor$Worker.run(ThreadPoolExecutor.java:624)
        at java.lang.Thread.run(Thread.java:748)
"prometheus" daemon prio=5 tid=3286 in Object.wait()
java.lang.Thread.State: WAITING (on object monitor)
        at java.lang.Object.wait(Native Method)
        at java.lang.Object.wait(Object.java:502)
        at org.apache.hadoop.metrics2.impl.SinkQueue.waitForData(SinkQueue.java:114)
        at org.apache.hadoop.metrics2.impl.SinkQueue.consumeAll(SinkQueue.java:83)
        at org.apache.hadoop.metrics2.impl.MetricsSinkAdapter.publishMetricsFromQueue(MetricsSinkAdapter.java:135)
        at org.apache.hadoop.metrics2.impl.MetricsSinkAdapter$1.run(MetricsSinkAdapter.java:89)
"ChunkWriter-1-0" daemon prio=5 tid=3532 in Object.wait()
java.lang.Thread.State: WAITING (on object monitor)
        at sun.misc.Unsafe.park(Native Method)
        at java.util.concurrent.locks.LockSupport.park(LockSupport.java:175)
        at java.util.concurrent.locks.AbstractQueuedSynchronizer$ConditionObject.await(AbstractQueuedSynchronizer.java:2039)
        at java.util.concurrent.LinkedBlockingDeque.takeFirst(LinkedBlockingDeque.java:492)
        at java.util.concurrent.LinkedBlockingDeque.take(LinkedBlockingDeque.java:680)
        at java.util.concurrent.ThreadPoolExecutor.getTask(ThreadPoolExecutor.java:1074)
        at java.util.concurrent.ThreadPoolExecutor.runWorker(ThreadPoolExecutor.java:1134)
        at java.util.concurrent.ThreadPoolExecutor$Worker.run(ThreadPoolExecutor.java:624)
        at java.lang.Thread.run(Thread.java:748)
"49fe3bb7-2dae-482d-a175-9585c41bacad@group-81B74C2B8187-LeaderStateImpl" daemon prio=5 tid=3601 timed_waiting
java.lang.Thread.State: TIMED_WAITING
        at sun.misc.Unsafe.park(Native Method)
        at java.util.concurrent.locks.LockSupport.parkNanos(LockSupport.java:215)
        at java.util.concurrent.locks.AbstractQueuedSynchronizer$ConditionObject.awaitNanos(AbstractQueuedSynchronizer.java:2078)
        at java.util.concurrent.ArrayBlockingQueue.poll(ArrayBlockingQueue.java:418)
        at org.apache.ratis.server.impl.LeaderStateImpl$EventQueue.poll(LeaderStateImpl.java:156)
        at org.apache.ratis.server.impl.LeaderStateImpl$EventProcessor.run(LeaderStateImpl.java:600)
"IPC Server handler 11 on default port 43677" daemon prio=5 tid=3339 timed_waiting
java.lang.Thread.State: TIMED_WAITING
        at sun.misc.Unsafe.park(Native Method)
        at java.util.concurrent.locks.LockSupport.parkNanos(LockSupport.java:215)
        at java.util.concurrent.locks.AbstractQueuedSynchronizer$ConditionObject.awaitNanos(AbstractQueuedSynchronizer.java:2078)
        at java.util.concurrent.LinkedBlockingQueue.poll(LinkedBlockingQueue.java:467)
        at org.apache.hadoop.ipc.CallQueueManager.take(CallQueueManager.java:317)
        at org.apache.hadoop.ipc.Server$Handler.run(Server.java:2932)
"BlockDeletingService#2" daemon prio=5 tid=3689 in Object.wait()
java.lang.Thread.State: WAITING (on object monitor)
        at sun.misc.Unsafe.park(Native Method)
        at java.util.concurrent.locks.LockSupport.park(LockSupport.java:175)
        at java.util.concurrent.locks.AbstractQueuedSynchronizer$ConditionObject.await(AbstractQueuedSynchronizer.java:2039)
        at java.util.concurrent.ScheduledThreadPoolExecutor$DelayedWorkQueue.take(ScheduledThreadPoolExecutor.java:1088)
        at java.util.concurrent.ScheduledThreadPoolExecutor$DelayedWorkQueue.take(ScheduledThreadPoolExecutor.java:809)
        at java.util.concurrent.ThreadPoolExecutor.getTask(ThreadPoolExecutor.java:1074)
        at java.util.concurrent.ThreadPoolExecutor.runWorker(ThreadPoolExecutor.java:1134)
        at java.util.concurrent.ThreadPoolExecutor$Worker.run(ThreadPoolExecutor.java:624)
        at java.lang.Thread.run(Thread.java:748)
"Datanode ReportManager Thread - 3" daemon prio=5 tid=2263 timed_waiting
java.lang.Thread.State: TIMED_WAITING
        at sun.misc.Unsafe.park(Native Method)
        at java.util.concurrent.locks.LockSupport.parkNanos(LockSupport.java:215)
        at java.util.concurrent.locks.AbstractQueuedSynchronizer$ConditionObject.awaitNanos(AbstractQueuedSynchronizer.java:2078)
        at java.util.concurrent.ScheduledThreadPoolExecutor$DelayedWorkQueue.take(ScheduledThreadPoolExecutor.java:1093)
        at java.util.concurrent.ScheduledThreadPoolExecutor$DelayedWorkQueue.take(ScheduledThreadPoolExecutor.java:809)
        at java.util.concurrent.ThreadPoolExecutor.getTask(ThreadPoolExecutor.java:1074)
        at java.util.concurrent.ThreadPoolExecutor.runWorker(ThreadPoolExecutor.java:1134)
        at java.util.concurrent.ThreadPoolExecutor$Worker.run(ThreadPoolExecutor.java:624)
        at java.lang.Thread.run(Thread.java:748)
"pool-740-thread-1"  prio=5 tid=3491 timed_waiting
java.lang.Thread.State: TIMED_WAITING
        at sun.misc.Unsafe.park(Native Method)
        at java.util.concurrent.locks.LockSupport.parkNanos(LockSupport.java:215)
        at java.util.concurrent.locks.AbstractQueuedSynchronizer$ConditionObject.awaitNanos(AbstractQueuedSynchronizer.java:2078)
        at java.util.concurrent.ScheduledThreadPoolExecutor$DelayedWorkQueue.take(ScheduledThreadPoolExecutor.java:1093)
        at java.util.concurrent.ScheduledThreadPoolExecutor$DelayedWorkQueue.take(ScheduledThreadPoolExecutor.java:809)
        at java.util.concurrent.ThreadPoolExecutor.getTask(ThreadPoolExecutor.java:1074)
        at java.util.concurrent.ThreadPoolExecutor.runWorker(ThreadPoolExecutor.java:1134)
        at java.util.concurrent.ThreadPoolExecutor$Worker.run(ThreadPoolExecutor.java:624)
        at java.lang.Thread.run(Thread.java:748)
"FullTableCache Cleanup Thread - 0" daemon prio=5 tid=2419 in Object.wait()
java.lang.Thread.State: WAITING (on object monitor)
        at sun.misc.Unsafe.park(Native Method)
        at java.util.concurrent.locks.LockSupport.park(LockSupport.java:175)
        at java.util.concurrent.locks.AbstractQueuedSynchronizer$ConditionObject.await(AbstractQueuedSynchronizer.java:2039)
        at java.util.concurrent.LinkedBlockingQueue.take(LinkedBlockingQueue.java:442)
        at java.util.concurrent.ThreadPoolExecutor.getTask(ThreadPoolExecutor.java:1074)
        at java.util.concurrent.ThreadPoolExecutor.runWorker(ThreadPoolExecutor.java:1134)
        at java.util.concurrent.ThreadPoolExecutor$Worker.run(ThreadPoolExecutor.java:624)
        at java.lang.Thread.run(Thread.java:748)
"surefire-forkedjvm-command-thread" daemon prio=5 tid=9 runnable
java.lang.Thread.State: RUNNABLE
        at java.io.FileInputStream.readBytes(Native Method)
        at java.io.FileInputStream.read(FileInputStream.java:255)
        at java.io.BufferedInputStream.fill(BufferedInputStream.java:246)
        at java.io.BufferedInputStream.read(BufferedInputStream.java:265)
        at java.io.DataInputStream.readInt(DataInputStream.java:387)
        at org.apache.maven.surefire.booter.MasterProcessCommand.decode(MasterProcessCommand.java:115)
        at org.apache.maven.surefire.booter.CommandReader$CommandRunnable.run(CommandReader.java:390)
        at java.lang.Thread.run(Thread.java:748)
"BlockDeletingService#1" daemon prio=5 tid=3537 timed_waiting
java.lang.Thread.State: TIMED_WAITING
        at sun.misc.Unsafe.park(Native Method)
        at java.util.concurrent.locks.LockSupport.parkNanos(LockSupport.java:215)
        at java.util.concurrent.locks.AbstractQueuedSynchronizer$ConditionObject.awaitNanos(AbstractQueuedSynchronizer.java:2078)
        at java.util.concurrent.ScheduledThreadPoolExecutor$DelayedWorkQueue.take(ScheduledThreadPoolExecutor.java:1093)
        at java.util.concurrent.ScheduledThreadPoolExecutor$DelayedWorkQueue.take(ScheduledThreadPoolExecutor.java:809)
        at java.util.concurrent.ThreadPoolExecutor.getTask(ThreadPoolExecutor.java:1074)
        at java.util.concurrent.ThreadPoolExecutor.runWorker(ThreadPoolExecutor.java:1134)
        at java.util.concurrent.ThreadPoolExecutor$Worker.run(ThreadPoolExecutor.java:624)
        at java.lang.Thread.run(Thread.java:748)
"qtp980429648-3467" daemon prio=5 tid=3467 runnable
java.lang.Thread.State: RUNNABLE
        at sun.nio.ch.EPollArrayWrapper.epollWait(Native Method)
        at sun.nio.ch.EPollArrayWrapper.poll(EPollArrayWrapper.java:269)
        at sun.nio.ch.EPollSelectorImpl.doSelect(EPollSelectorImpl.java:93)
        at sun.nio.ch.SelectorImpl.lockAndDoSelect(SelectorImpl.java:86)
        at sun.nio.ch.SelectorImpl.select(SelectorImpl.java:97)
        at sun.nio.ch.SelectorImpl.select(SelectorImpl.java:101)
        at org.eclipse.jetty.io.ManagedSelector.nioSelect(ManagedSelector.java:183)
        at org.eclipse.jetty.io.ManagedSelector.select(ManagedSelector.java:190)
        at org.eclipse.jetty.io.ManagedSelector$SelectorProducer.select(ManagedSelector.java:606)
        at org.eclipse.jetty.io.ManagedSelector$SelectorProducer.produce(ManagedSelector.java:543)
        at org.eclipse.jetty.util.thread.strategy.EatWhatYouKill.produceTask(EatWhatYouKill.java:362)
        at org.eclipse.jetty.util.thread.strategy.EatWhatYouKill.doProduce(EatWhatYouKill.java:186)
        at org.eclipse.jetty.util.thread.strategy.EatWhatYouKill.tryProduce(EatWhatYouKill.java:173)
        at org.eclipse.jetty.util.thread.strategy.EatWhatYouKill.produce(EatWhatYouKill.java:137)
        at org.eclipse.jetty.io.ManagedSelector$$Lambda$318/882340409.run(Unknown Source)
        at org.eclipse.jetty.util.thread.QueuedThreadPool.runJob(QueuedThreadPool.java:883)
        at org.eclipse.jetty.util.thread.QueuedThreadPool$Runner.run(QueuedThreadPool.java:1034)
        at java.lang.Thread.run(Thread.java:748)
"IPC Server handler 19 on default port 43677" daemon prio=5 tid=3347 timed_waiting
java.lang.Thread.State: TIMED_WAITING
        at sun.misc.Unsafe.park(Native Method)
        at java.util.concurrent.locks.LockSupport.parkNanos(LockSupport.java:215)
        at java.util.concurrent.locks.AbstractQueuedSynchronizer$ConditionObject.awaitNanos(AbstractQueuedSynchronizer.java:2078)
        at java.util.concurrent.LinkedBlockingQueue.poll(LinkedBlockingQueue.java:467)
        at org.apache.hadoop.ipc.CallQueueManager.take(CallQueueManager.java:317)
        at org.apache.hadoop.ipc.Server$Handler.run(Server.java:2932)
"IPC Server handler 1 on default port 38869" daemon prio=5 tid=3309 timed_waiting
java.lang.Thread.State: TIMED_WAITING
        at sun.misc.Unsafe.park(Native Method)
        at java.util.concurrent.locks.LockSupport.parkNanos(LockSupport.java:215)
        at java.util.concurrent.locks.AbstractQueuedSynchronizer$ConditionObject.awaitNanos(AbstractQueuedSynchronizer.java:2078)
        at java.util.concurrent.LinkedBlockingQueue.poll(LinkedBlockingQueue.java:467)
        at org.apache.hadoop.ipc.CallQueueManager.take(CallQueueManager.java:317)
        at org.apache.hadoop.ipc.Server$Handler.run(Server.java:2932)
"qtp1910453219-3415" daemon prio=5 tid=3415 runnable
java.lang.Thread.State: RUNNABLE
        at sun.nio.ch.EPollArrayWrapper.epollWait(Native Method)
        at sun.nio.ch.EPollArrayWrapper.poll(EPollArrayWrapper.java:269)
        at sun.nio.ch.EPollSelectorImpl.doSelect(EPollSelectorImpl.java:93)
        at sun.nio.ch.SelectorImpl.lockAndDoSelect(SelectorImpl.java:86)
        at sun.nio.ch.SelectorImpl.select(SelectorImpl.java:97)
        at sun.nio.ch.SelectorImpl.select(SelectorImpl.java:101)
        at org.eclipse.jetty.io.ManagedSelector.nioSelect(ManagedSelector.java:183)
        at org.eclipse.jetty.io.ManagedSelector.select(ManagedSelector.java:190)
        at org.eclipse.jetty.io.ManagedSelector$SelectorProducer.select(ManagedSelector.java:606)
        at org.eclipse.jetty.io.ManagedSelector$SelectorProducer.produce(ManagedSelector.java:543)
        at org.eclipse.jetty.util.thread.strategy.EatWhatYouKill.produceTask(EatWhatYouKill.java:362)
        at org.eclipse.jetty.util.thread.strategy.EatWhatYouKill.doProduce(EatWhatYouKill.java:186)
        at org.eclipse.jetty.util.thread.strategy.EatWhatYouKill.tryProduce(EatWhatYouKill.java:173)
        at org.eclipse.jetty.util.thread.strategy.EatWhatYouKill.produce(EatWhatYouKill.java:137)
        at org.eclipse.jetty.io.ManagedSelector$$Lambda$318/882340409.run(Unknown Source)
        at org.eclipse.jetty.util.thread.QueuedThreadPool.runJob(QueuedThreadPool.java:883)
        at org.eclipse.jetty.util.thread.QueuedThreadPool$Runner.run(QueuedThreadPool.java:1034)
        at java.lang.Thread.run(Thread.java:748)
"qtp980429648-3474" daemon prio=5 tid=3474 timed_waiting
java.lang.Thread.State: TIMED_WAITING
        at sun.misc.Unsafe.park(Native Method)
        at java.util.concurrent.locks.LockSupport.parkNanos(LockSupport.java:215)
        at java.util.concurrent.locks.AbstractQueuedSynchronizer$ConditionObject.awaitNanos(AbstractQueuedSynchronizer.java:2078)
        at org.eclipse.jetty.util.BlockingArrayQueue.poll(BlockingArrayQueue.java:382)
        at org.eclipse.jetty.util.thread.QueuedThreadPool$Runner.idleJobPoll(QueuedThreadPool.java:974)
        at org.eclipse.jetty.util.thread.QueuedThreadPool$Runner.run(QueuedThreadPool.java:1018)
        at java.lang.Thread.run(Thread.java:748)
"PartialTableCache Cleanup Thread - 0" daemon prio=5 tid=572 in Object.wait()
java.lang.Thread.State: WAITING (on object monitor)
        at sun.misc.Unsafe.park(Native Method)
        at java.util.concurrent.locks.LockSupport.park(LockSupport.java:175)
        at java.util.concurrent.locks.AbstractQueuedSynchronizer$ConditionObject.await(AbstractQueuedSynchronizer.java:2039)
        at java.util.concurrent.LinkedBlockingQueue.take(LinkedBlockingQueue.java:442)
        at java.util.concurrent.ThreadPoolExecutor.getTask(ThreadPoolExecutor.java:1074)
        at java.util.concurrent.ThreadPoolExecutor.runWorker(ThreadPoolExecutor.java:1134)
        at java.util.concurrent.ThreadPoolExecutor$Worker.run(ThreadPoolExecutor.java:624)
        at java.lang.Thread.run(Thread.java:748)
"EndpointStateMachine task thread for /0.0.0.0:43677 - 0 "  prio=5 tid=3521 in Object.wait()
java.lang.Thread.State: WAITING (on object monitor)
        at sun.misc.Unsafe.park(Native Method)
        at java.util.concurrent.locks.LockSupport.park(LockSupport.java:175)
        at java.util.concurrent.locks.AbstractQueuedSynchronizer$ConditionObject.await(AbstractQueuedSynchronizer.java:2039)
        at java.util.concurrent.LinkedBlockingQueue.take(LinkedBlockingQueue.java:442)
        at java.util.concurrent.ThreadPoolExecutor.getTask(ThreadPoolExecutor.java:1074)
        at java.util.concurrent.ThreadPoolExecutor.runWorker(ThreadPoolExecutor.java:1134)
        at java.util.concurrent.ThreadPoolExecutor$Worker.run(ThreadPoolExecutor.java:624)
        at java.lang.Thread.run(Thread.java:748)
"pool-709-thread-1" daemon prio=5 tid=3463 timed_waiting
java.lang.Thread.State: TIMED_WAITING
        at sun.misc.Unsafe.park(Native Method)
        at java.util.concurrent.locks.LockSupport.parkNanos(LockSupport.java:215)
        at java.util.concurrent.locks.AbstractQueuedSynchronizer$ConditionObject.awaitNanos(AbstractQueuedSynchronizer.java:2078)
        at java.util.concurrent.ScheduledThreadPoolExecutor$DelayedWorkQueue.take(ScheduledThreadPoolExecutor.java:1093)
        at java.util.concurrent.ScheduledThreadPoolExecutor$DelayedWorkQueue.take(ScheduledThreadPoolExecutor.java:809)
        at java.util.concurrent.ThreadPoolExecutor.getTask(ThreadPoolExecutor.java:1074)
        at java.util.concurrent.ThreadPoolExecutor.runWorker(ThreadPoolExecutor.java:1134)
        at java.util.concurrent.ThreadPoolExecutor$Worker.run(ThreadPoolExecutor.java:624)
        at java.lang.Thread.run(Thread.java:748)
"BlockDeletingService#2" daemon prio=5 tid=3691 in Object.wait()
java.lang.Thread.State: WAITING (on object monitor)
        at sun.misc.Unsafe.park(Native Method)
        at java.util.concurrent.locks.LockSupport.park(LockSupport.java:175)
        at java.util.concurrent.locks.AbstractQueuedSynchronizer$ConditionObject.await(AbstractQueuedSynchronizer.java:2039)
        at java.util.concurrent.ScheduledThreadPoolExecutor$DelayedWorkQueue.take(ScheduledThreadPoolExecutor.java:1088)
        at java.util.concurrent.ScheduledThreadPoolExecutor$DelayedWorkQueue.take(ScheduledThreadPoolExecutor.java:809)
        at java.util.concurrent.ThreadPoolExecutor.getTask(ThreadPoolExecutor.java:1074)
        at java.util.concurrent.ThreadPoolExecutor.runWorker(ThreadPoolExecutor.java:1134)
        at java.util.concurrent.ThreadPoolExecutor$Worker.run(ThreadPoolExecutor.java:624)
        at java.lang.Thread.run(Thread.java:748)
"pool-666-thread-1"  prio=5 tid=3377 timed_waiting
java.lang.Thread.State: TIMED_WAITING
        at sun.misc.Unsafe.park(Native Method)
        at java.util.concurrent.locks.LockSupport.parkNanos(LockSupport.java:215)
        at java.util.concurrent.locks.AbstractQueuedSynchronizer$ConditionObject.awaitNanos(AbstractQueuedSynchronizer.java:2078)
        at java.util.concurrent.ScheduledThreadPoolExecutor$DelayedWorkQueue.take(ScheduledThreadPoolExecutor.java:1093)
        at java.util.concurrent.ScheduledThreadPoolExecutor$DelayedWorkQueue.take(ScheduledThreadPoolExecutor.java:809)
        at java.util.concurrent.ThreadPoolExecutor.getTask(ThreadPoolExecutor.java:1074)
        at java.util.concurrent.ThreadPoolExecutor.runWorker(ThreadPoolExecutor.java:1134)
        at java.util.concurrent.ThreadPoolExecutor$Worker.run(ThreadPoolExecutor.java:624)
        at java.lang.Thread.run(Thread.java:748)
"45f86aeb-e384-4aa9-8d84-a9c74618d31d@group-677DDB1507C0-StateMachineUpdater" daemon prio=5 tid=3573 in Object.wait()
java.lang.Thread.State: WAITING (on object monitor)
        at java.lang.Object.wait(Native Method)
        at java.lang.Object.wait(Object.java:502)
        at org.apache.ratis.server.impl.StateMachineUpdater.waitForCommit(StateMachineUpdater.java:204)
        at org.apache.ratis.server.impl.StateMachineUpdater.run(StateMachineUpdater.java:173)
        at java.lang.Thread.run(Thread.java:748)
"IPC Server handler 1 on default port 43677" daemon prio=5 tid=3329 timed_waiting
java.lang.Thread.State: TIMED_WAITING
        at sun.misc.Unsafe.park(Native Method)
        at java.util.concurrent.locks.LockSupport.parkNanos(LockSupport.java:215)
        at java.util.concurrent.locks.AbstractQueuedSynchronizer$ConditionObject.awaitNanos(AbstractQueuedSynchronizer.java:2078)
        at java.util.concurrent.LinkedBlockingQueue.poll(LinkedBlockingQueue.java:467)
        at org.apache.hadoop.ipc.CallQueueManager.take(CallQueueManager.java:317)
        at org.apache.hadoop.ipc.Server$Handler.run(Server.java:2932)
"IPC Server handler 6 on default port 43677" daemon prio=5 tid=3334 timed_waiting
java.lang.Thread.State: TIMED_WAITING
        at sun.misc.Unsafe.park(Native Method)
        at java.util.concurrent.locks.LockSupport.parkNanos(LockSupport.java:215)
        at java.util.concurrent.locks.AbstractQueuedSynchronizer$ConditionObject.awaitNanos(AbstractQueuedSynchronizer.java:2078)
        at java.util.concurrent.LinkedBlockingQueue.poll(LinkedBlockingQueue.java:467)
        at org.apache.hadoop.ipc.CallQueueManager.take(CallQueueManager.java:317)
        at org.apache.hadoop.ipc.Server$Handler.run(Server.java:2932)
"EventQueue-NewNodeForNewNodeHandler" daemon prio=5 tid=3538 in Object.wait()
java.lang.Thread.State: WAITING (on object monitor)
        at sun.misc.Unsafe.park(Native Method)
        at java.util.concurrent.locks.LockSupport.park(LockSupport.java:175)
        at java.util.concurrent.locks.AbstractQueuedSynchronizer$ConditionObject.await(AbstractQueuedSynchronizer.java:2039)
        at java.util.concurrent.LinkedBlockingQueue.take(LinkedBlockingQueue.java:442)
        at java.util.concurrent.ThreadPoolExecutor.getTask(ThreadPoolExecutor.java:1074)
        at java.util.concurrent.ThreadPoolExecutor.runWorker(ThreadPoolExecutor.java:1134)
        at java.util.concurrent.ThreadPoolExecutor$Worker.run(ThreadPoolExecutor.java:624)
        at java.lang.Thread.run(Thread.java:748)
"BlockDeletingService#1" daemon prio=5 tid=3519 in Object.wait()
java.lang.Thread.State: WAITING (on object monitor)
        at sun.misc.Unsafe.park(Native Method)
        at java.util.concurrent.locks.LockSupport.parkNanos(LockSupport.java:215)
        at java.util.concurrent.locks.AbstractQueuedSynchronizer$ConditionObject.awaitNanos(AbstractQueuedSynchronizer.java:2078)
        at java.util.concurrent.ScheduledThreadPoolExecutor$DelayedWorkQueue.take(ScheduledThreadPoolExecutor.java:1093)
        at java.util.concurrent.ScheduledThreadPoolExecutor$DelayedWorkQueue.take(ScheduledThreadPoolExecutor.java:809)
        at java.util.concurrent.ThreadPoolExecutor.getTask(ThreadPoolExecutor.java:1074)
        at java.util.concurrent.ThreadPoolExecutor.runWorker(ThreadPoolExecutor.java:1134)
        at java.util.concurrent.ThreadPoolExecutor$Worker.run(ThreadPoolExecutor.java:624)
        at java.lang.Thread.run(Thread.java:748)
"IPC Server handler 4 on default port 43625" daemon prio=5 tid=3292 timed_waiting
java.lang.Thread.State: TIMED_WAITING
        at sun.misc.Unsafe.park(Native Method)
        at java.util.concurrent.locks.LockSupport.parkNanos(LockSupport.java:215)
        at java.util.concurrent.locks.AbstractQueuedSynchronizer$ConditionObject.awaitNanos(AbstractQueuedSynchronizer.java:2078)
        at java.util.concurrent.LinkedBlockingQueue.poll(LinkedBlockingQueue.java:467)
        at org.apache.hadoop.ipc.CallQueueManager.take(CallQueueManager.java:317)
        at org.apache.hadoop.ipc.Server$Handler.run(Server.java:2932)
"IPC Server handler 9 on default port 46101" daemon prio=5 tid=3396 timed_waiting
java.lang.Thread.State: TIMED_WAITING
        at sun.misc.Unsafe.park(Native Method)
        at java.util.concurrent.locks.LockSupport.parkNanos(LockSupport.java:215)
        at java.util.concurrent.locks.AbstractQueuedSynchronizer$ConditionObject.awaitNanos(AbstractQueuedSynchronizer.java:2078)
        at java.util.concurrent.LinkedBlockingQueue.poll(LinkedBlockingQueue.java:467)
        at org.apache.hadoop.ipc.CallQueueManager.take(CallQueueManager.java:317)
        at org.apache.hadoop.ipc.Server$Handler.run(Server.java:2932)
"IPC Server handler 13 on default port 38869" daemon prio=5 tid=3321 timed_waiting
java.lang.Thread.State: TIMED_WAITING
        at sun.misc.Unsafe.park(Native Method)
        at java.util.concurrent.locks.LockSupport.parkNanos(LockSupport.java:215)
        at java.util.concurrent.locks.AbstractQueuedSynchronizer$ConditionObject.awaitNanos(AbstractQueuedSynchronizer.java:2078)
        at java.util.concurrent.LinkedBlockingQueue.poll(LinkedBlockingQueue.java:467)
        at org.apache.hadoop.ipc.CallQueueManager.take(CallQueueManager.java:317)
        at org.apache.hadoop.ipc.Server$Handler.run(Server.java:2932)
"Session-HouseKeeper-64269fc9-1"  prio=5 tid=3359 timed_waiting
java.lang.Thread.State: TIMED_WAITING
        at sun.misc.Unsafe.park(Native Method)
        at java.util.concurrent.locks.LockSupport.parkNanos(LockSupport.java:215)
        at java.util.concurrent.locks.AbstractQueuedSynchronizer$ConditionObject.awaitNanos(AbstractQueuedSynchronizer.java:2078)
        at java.util.concurrent.ScheduledThreadPoolExecutor$DelayedWorkQueue.take(ScheduledThreadPoolExecutor.java:1093)
        at java.util.concurrent.ScheduledThreadPoolExecutor$DelayedWorkQueue.take(ScheduledThreadPoolExecutor.java:809)
        at java.util.concurrent.ThreadPoolExecutor.getTask(ThreadPoolExecutor.java:1074)
        at java.util.concurrent.ThreadPoolExecutor.runWorker(ThreadPoolExecutor.java:1134)
        at java.util.concurrent.ThreadPoolExecutor$Worker.run(ThreadPoolExecutor.java:624)
        at java.lang.Thread.run(Thread.java:748)
"Datanode ReportManager Thread - 1" daemon prio=5 tid=3478 in Object.wait()
java.lang.Thread.State: WAITING (on object monitor)
        at sun.misc.Unsafe.park(Native Method)
        at java.util.concurrent.locks.LockSupport.park(LockSupport.java:175)
        at java.util.concurrent.locks.AbstractQueuedSynchronizer$ConditionObject.await(AbstractQueuedSynchronizer.java:2039)
        at java.util.concurrent.ScheduledThreadPoolExecutor$DelayedWorkQueue.take(ScheduledThreadPoolExecutor.java:1088)
        at java.util.concurrent.ScheduledThreadPoolExecutor$DelayedWorkQueue.take(ScheduledThreadPoolExecutor.java:809)
        at java.util.concurrent.ThreadPoolExecutor.getTask(ThreadPoolExecutor.java:1074)
        at java.util.concurrent.ThreadPoolExecutor.runWorker(ThreadPoolExecutor.java:1134)
        at java.util.concurrent.ThreadPoolExecutor$Worker.run(ThreadPoolExecutor.java:624)
        at java.lang.Thread.run(Thread.java:748)
"IPC Server handler 7 on default port 46101" daemon prio=5 tid=3394 timed_waiting
java.lang.Thread.State: TIMED_WAITING
        at sun.misc.Unsafe.park(Native Method)
        at java.util.concurrent.locks.LockSupport.parkNanos(LockSupport.java:215)
        at java.util.concurrent.locks.AbstractQueuedSynchronizer$ConditionObject.awaitNanos(AbstractQueuedSynchronizer.java:2078)
        at java.util.concurrent.LinkedBlockingQueue.poll(LinkedBlockingQueue.java:467)
        at org.apache.hadoop.ipc.CallQueueManager.take(CallQueueManager.java:317)
        at org.apache.hadoop.ipc.Server$Handler.run(Server.java:2932)
"qtp243164435-3379-acceptor-0@7b8286cf-ServerConnector@3c0e0a1{HTTP/1.1, (http/1.1)}{0.0.0.0:44869}" daemon prio=3 tid=3379 runnable
java.lang.Thread.State: RUNNABLE
        at sun.nio.ch.ServerSocketChannelImpl.accept0(Native Method)
        at sun.nio.ch.ServerSocketChannelImpl.accept(ServerSocketChannelImpl.java:421)
        at sun.nio.ch.ServerSocketChannelImpl.accept(ServerSocketChannelImpl.java:249)
        at org.eclipse.jetty.server.ServerConnector.accept(ServerConnector.java:388)
        at org.eclipse.jetty.server.AbstractConnector$Acceptor.run(AbstractConnector.java:702)
        at org.eclipse.jetty.util.thread.QueuedThreadPool.runJob(QueuedThreadPool.java:883)
        at org.eclipse.jetty.util.thread.QueuedThreadPool$Runner.run(QueuedThreadPool.java:1034)
        at java.lang.Thread.run(Thread.java:748)
"PartialTableCache Cleanup Thread - 0" daemon prio=5 tid=1550 in Object.wait()
java.lang.Thread.State: WAITING (on object monitor)
        at sun.misc.Unsafe.park(Native Method)
        at java.util.concurrent.locks.LockSupport.park(LockSupport.java:175)
        at java.util.concurrent.locks.AbstractQueuedSynchronizer$ConditionObject.await(AbstractQueuedSynchronizer.java:2039)
        at java.util.concurrent.LinkedBlockingQueue.take(LinkedBlockingQueue.java:442)
        at java.util.concurrent.ThreadPoolExecutor.getTask(ThreadPoolExecutor.java:1074)
        at java.util.concurrent.ThreadPoolExecutor.runWorker(ThreadPoolExecutor.java:1134)
        at java.util.concurrent.ThreadPoolExecutor$Worker.run(ThreadPoolExecutor.java:624)
        at java.lang.Thread.run(Thread.java:748)
"grpc-default-executor-6" daemon prio=5 tid=2643 timed_waiting
java.lang.Thread.State: TIMED_WAITING
        at sun.misc.Unsafe.park(Native Method)
        at java.util.concurrent.locks.LockSupport.parkNanos(LockSupport.java:215)
        at java.util.concurrent.SynchronousQueue$TransferStack.awaitFulfill(SynchronousQueue.java:460)
        at java.util.concurrent.SynchronousQueue$TransferStack.transfer(SynchronousQueue.java:362)
        at java.util.concurrent.SynchronousQueue.poll(SynchronousQueue.java:941)
        at java.util.concurrent.ThreadPoolExecutor.getTask(ThreadPoolExecutor.java:1073)
        at java.util.concurrent.ThreadPoolExecutor.runWorker(ThreadPoolExecutor.java:1134)
        at java.util.concurrent.ThreadPoolExecutor$Worker.run(ThreadPoolExecutor.java:624)
        at java.lang.Thread.run(Thread.java:748)
"pool-716-thread-1"  prio=5 tid=3566 in Object.wait()
java.lang.Thread.State: WAITING (on object monitor)
        at sun.misc.Unsafe.park(Native Method)
        at java.util.concurrent.locks.LockSupport.park(LockSupport.java:175)
        at java.util.concurrent.locks.AbstractQueuedSynchronizer$ConditionObject.await(AbstractQueuedSynchronizer.java:2039)
        at java.util.concurrent.LinkedBlockingQueue.take(LinkedBlockingQueue.java:442)
        at java.util.concurrent.ThreadPoolExecutor.getTask(ThreadPoolExecutor.java:1074)
        at java.util.concurrent.ThreadPoolExecutor.runWorker(ThreadPoolExecutor.java:1134)
        at java.util.concurrent.ThreadPoolExecutor$Worker.run(ThreadPoolExecutor.java:624)
        at java.lang.Thread.run(Thread.java:748)
"Datanode ReportManager Thread - 1" daemon prio=5 tid=1359 in Object.wait()
java.lang.Thread.State: WAITING (on object monitor)
        at sun.misc.Unsafe.park(Native Method)
        at java.util.concurrent.locks.LockSupport.park(LockSupport.java:175)
        at java.util.concurrent.locks.AbstractQueuedSynchronizer$ConditionObject.await(AbstractQueuedSynchronizer.java:2039)
        at java.util.concurrent.ScheduledThreadPoolExecutor$DelayedWorkQueue.take(ScheduledThreadPoolExecutor.java:1088)
        at java.util.concurrent.ScheduledThreadPoolExecutor$DelayedWorkQueue.take(ScheduledThreadPoolExecutor.java:809)
        at java.util.concurrent.ThreadPoolExecutor.getTask(ThreadPoolExecutor.java:1074)
        at java.util.concurrent.ThreadPoolExecutor.runWorker(ThreadPoolExecutor.java:1134)
        at java.util.concurrent.ThreadPoolExecutor$Worker.run(ThreadPoolExecutor.java:624)
        at java.lang.Thread.run(Thread.java:748)
"9eaa9061-0cbd-4a3d-8091-a973303b955e@group-828664CAA80E-SegmentedRaftLogWorker"  prio=5 tid=3559 timed_waiting
java.lang.Thread.State: TIMED_WAITING
        at sun.misc.Unsafe.park(Native Method)
        at java.util.concurrent.locks.LockSupport.parkNanos(LockSupport.java:215)
        at java.util.concurrent.locks.AbstractQueuedSynchronizer$ConditionObject.awaitNanos(AbstractQueuedSynchronizer.java:2078)
        at org.apache.ratis.util.DataBlockingQueue.poll(DataBlockingQueue.java:137)
        at org.apache.ratis.server.raftlog.segmented.SegmentedRaftLogWorker.run(SegmentedRaftLogWorker.java:292)
        at org.apache.ratis.server.raftlog.segmented.SegmentedRaftLogWorker$$Lambda$471/1580114807.run(Unknown Source)
        at java.lang.Thread.run(Thread.java:748)
"org.apache.hadoop.ozone.container.common.statemachine.commandhandler.DeleteBlocksCommandHandler$DeleteCmdWorker@455fedeb" daemon prio=5 tid=215 runnable
java.lang.Thread.State: RUNNABLE
        at java.lang.Thread.sleep(Native Method)
        at org.apache.hadoop.ozone.container.common.statemachine.commandhandler.DeleteBlocksCommandHandler$DeleteCmdWorker.run(DeleteBlocksCommandHandler.java:175)
        at java.lang.Thread.run(Thread.java:748)
"qtp1910453219-3421" daemon prio=5 tid=3421 timed_waiting
java.lang.Thread.State: TIMED_WAITING
        at sun.misc.Unsafe.park(Native Method)
        at java.util.concurrent.locks.LockSupport.parkNanos(LockSupport.java:215)
        at java.util.concurrent.locks.AbstractQueuedSynchronizer$ConditionObject.awaitNanos(AbstractQueuedSynchronizer.java:2078)
        at org.eclipse.jetty.util.BlockingArrayQueue.poll(BlockingArrayQueue.java:382)
        at org.eclipse.jetty.util.thread.QueuedThreadPool$Runner.idleJobPoll(QueuedThreadPool.java:974)
        at org.eclipse.jetty.util.thread.QueuedThreadPool$Runner.run(QueuedThreadPool.java:1018)
        at java.lang.Thread.run(Thread.java:748)
"IPC Server handler 17 on default port 43625" daemon prio=5 tid=3305 timed_waiting
java.lang.Thread.State: TIMED_WAITING
        at sun.misc.Unsafe.park(Native Method)
        at java.util.concurrent.locks.LockSupport.parkNanos(LockSupport.java:215)
        at java.util.concurrent.locks.AbstractQueuedSynchronizer$ConditionObject.awaitNanos(AbstractQueuedSynchronizer.java:2078)
        at java.util.concurrent.LinkedBlockingQueue.poll(LinkedBlockingQueue.java:467)
        at org.apache.hadoop.ipc.CallQueueManager.take(CallQueueManager.java:317)
        at org.apache.hadoop.ipc.Server$Handler.run(Server.java:2932)
"FullTableCache Cleanup Thread - 0" daemon prio=5 tid=1547 in Object.wait()
java.lang.Thread.State: WAITING (on object monitor)
        at sun.misc.Unsafe.park(Native Method)
        at java.util.concurrent.locks.LockSupport.park(LockSupport.java:175)
        at java.util.concurrent.locks.AbstractQueuedSynchronizer$ConditionObject.await(AbstractQueuedSynchronizer.java:2039)
        at java.util.concurrent.LinkedBlockingQueue.take(LinkedBlockingQueue.java:442)
        at java.util.concurrent.ThreadPoolExecutor.getTask(ThreadPoolExecutor.java:1074)
        at java.util.concurrent.ThreadPoolExecutor.runWorker(ThreadPoolExecutor.java:1134)
        at java.util.concurrent.ThreadPoolExecutor$Worker.run(ThreadPoolExecutor.java:624)
        at java.lang.Thread.run(Thread.java:748)
"IPC Server handler 9 on default port 43677" daemon prio=5 tid=3337 timed_waiting
java.lang.Thread.State: TIMED_WAITING
        at sun.misc.Unsafe.park(Native Method)
        at java.util.concurrent.locks.LockSupport.parkNanos(LockSupport.java:215)
        at java.util.concurrent.locks.AbstractQueuedSynchronizer$ConditionObject.awaitNanos(AbstractQueuedSynchronizer.java:2078)
        at java.util.concurrent.LinkedBlockingQueue.poll(LinkedBlockingQueue.java:467)
        at org.apache.hadoop.ipc.CallQueueManager.take(CallQueueManager.java:317)
        at org.apache.hadoop.ipc.Server$Handler.run(Server.java:2932)
"EndpointStateMachine task thread for /0.0.0.0:40677 - 0 "  prio=5 tid=280 in Object.wait()
java.lang.Thread.State: WAITING (on object monitor)
        at sun.misc.Unsafe.park(Native Method)
        at java.util.concurrent.locks.LockSupport.park(LockSupport.java:175)
        at java.util.concurrent.locks.AbstractQueuedSynchronizer$ConditionObject.await(AbstractQueuedSynchronizer.java:2039)
        at java.util.concurrent.LinkedBlockingQueue.take(LinkedBlockingQueue.java:442)
        at java.util.concurrent.ThreadPoolExecutor.getTask(ThreadPoolExecutor.java:1074)
        at java.util.concurrent.ThreadPoolExecutor.runWorker(ThreadPoolExecutor.java:1134)
        at java.util.concurrent.ThreadPoolExecutor$Worker.run(ThreadPoolExecutor.java:624)
        at java.lang.Thread.run(Thread.java:748)
"RatisPipelineUtilsThread - 0"  prio=5 tid=3270 timed_waiting
java.lang.Thread.State: TIMED_WAITING
        at java.lang.Object.wait(Native Method)
        at org.apache.hadoop.hdds.scm.pipeline.BackgroundPipelineCreator.run(BackgroundPipelineCreator.java:183)
        at org.apache.hadoop.hdds.scm.pipeline.BackgroundPipelineCreator$$Lambda$245/1958033795.run(Unknown Source)
        at java.lang.Thread.run(Thread.java:748)
"PartialTableCache Cleanup Thread - 0" daemon prio=5 tid=384 in Object.wait()
java.lang.Thread.State: WAITING (on object monitor)
        at sun.misc.Unsafe.park(Native Method)
        at java.util.concurrent.locks.LockSupport.park(LockSupport.java:175)
        at java.util.concurrent.locks.AbstractQueuedSynchronizer$ConditionObject.await(AbstractQueuedSynchronizer.java:2039)
        at java.util.concurrent.LinkedBlockingQueue.take(LinkedBlockingQueue.java:442)
        at java.util.concurrent.ThreadPoolExecutor.getTask(ThreadPoolExecutor.java:1074)
        at java.util.concurrent.ThreadPoolExecutor.runWorker(ThreadPoolExecutor.java:1134)
        at java.util.concurrent.ThreadPoolExecutor$Worker.run(ThreadPoolExecutor.java:624)
        at java.lang.Thread.run(Thread.java:748)
"org.apache.hadoop.ozone.container.common.statemachine.commandhandler.DeleteBlocksCommandHandler$DeleteCmdWorker@711e1709" daemon prio=5 tid=2196 runnable
java.lang.Thread.State: RUNNABLE
        at java.lang.Thread.sleep(Native Method)
        at org.apache.hadoop.ozone.container.common.statemachine.commandhandler.DeleteBlocksCommandHandler$DeleteCmdWorker.run(DeleteBlocksCommandHandler.java:175)
        at java.lang.Thread.run(Thread.java:748)
"ChunkWriter-3-0" daemon prio=5 tid=3516 in Object.wait()
java.lang.Thread.State: WAITING (on object monitor)
        at sun.misc.Unsafe.park(Native Method)
        at java.util.concurrent.locks.LockSupport.park(LockSupport.java:175)
        at java.util.concurrent.locks.AbstractQueuedSynchronizer$ConditionObject.await(AbstractQueuedSynchronizer.java:2039)
        at java.util.concurrent.LinkedBlockingDeque.takeFirst(LinkedBlockingDeque.java:492)
        at java.util.concurrent.LinkedBlockingDeque.take(LinkedBlockingDeque.java:680)
        at java.util.concurrent.ThreadPoolExecutor.getTask(ThreadPoolExecutor.java:1074)
        at java.util.concurrent.ThreadPoolExecutor.runWorker(ThreadPoolExecutor.java:1134)
        at java.util.concurrent.ThreadPoolExecutor$Worker.run(ThreadPoolExecutor.java:624)
        at java.lang.Thread.run(Thread.java:748)
"IPC Server handler 7 on default port 43677" daemon prio=5 tid=3335 timed_waiting
java.lang.Thread.State: TIMED_WAITING
        at sun.misc.Unsafe.park(Native Method)
        at java.util.concurrent.locks.LockSupport.parkNanos(LockSupport.java:215)
        at java.util.concurrent.locks.AbstractQueuedSynchronizer$ConditionObject.awaitNanos(AbstractQueuedSynchronizer.java:2078)
        at java.util.concurrent.LinkedBlockingQueue.poll(LinkedBlockingQueue.java:467)
        at org.apache.hadoop.ipc.CallQueueManager.take(CallQueueManager.java:317)
        at org.apache.hadoop.ipc.Server$Handler.run(Server.java:2932)
"FullTableCache Cleanup Thread - 0" daemon prio=5 tid=1991 in Object.wait()
java.lang.Thread.State: WAITING (on object monitor)
        at sun.misc.Unsafe.park(Native Method)
        at java.util.concurrent.locks.LockSupport.park(LockSupport.java:175)
        at java.util.concurrent.locks.AbstractQueuedSynchronizer$ConditionObject.await(AbstractQueuedSynchronizer.java:2039)
        at java.util.concurrent.LinkedBlockingQueue.take(LinkedBlockingQueue.java:442)
        at java.util.concurrent.ThreadPoolExecutor.getTask(ThreadPoolExecutor.java:1074)
        at java.util.concurrent.ThreadPoolExecutor.runWorker(ThreadPoolExecutor.java:1134)
        at java.util.concurrent.ThreadPoolExecutor$Worker.run(ThreadPoolExecutor.java:624)
        at java.lang.Thread.run(Thread.java:748)
"Datanode ReportManager Thread - 4" daemon prio=5 tid=179 timed_waiting
java.lang.Thread.State: TIMED_WAITING
        at sun.misc.Unsafe.park(Native Method)
        at java.util.concurrent.locks.LockSupport.parkNanos(LockSupport.java:215)
        at java.util.concurrent.locks.AbstractQueuedSynchronizer$ConditionObject.awaitNanos(AbstractQueuedSynchronizer.java:2078)
        at java.util.concurrent.ScheduledThreadPoolExecutor$DelayedWorkQueue.take(ScheduledThreadPoolExecutor.java:1093)
        at java.util.concurrent.ScheduledThreadPoolExecutor$DelayedWorkQueue.take(ScheduledThreadPoolExecutor.java:809)
        at java.util.concurrent.ThreadPoolExecutor.getTask(ThreadPoolExecutor.java:1074)
        at java.util.concurrent.ThreadPoolExecutor.runWorker(ThreadPoolExecutor.java:1134)
        at java.util.concurrent.ThreadPoolExecutor$Worker.run(ThreadPoolExecutor.java:624)
        at java.lang.Thread.run(Thread.java:748)
"KeyDeletingService#0" daemon prio=5 tid=3375 timed_waiting
java.lang.Thread.State: TIMED_WAITING
        at sun.misc.Unsafe.park(Native Method)
        at java.util.concurrent.locks.LockSupport.parkNanos(LockSupport.java:215)
        at java.util.concurrent.locks.AbstractQueuedSynchronizer$ConditionObject.awaitNanos(AbstractQueuedSynchronizer.java:2078)
        at java.util.concurrent.ScheduledThreadPoolExecutor$DelayedWorkQueue.take(ScheduledThreadPoolExecutor.java:1093)
        at java.util.concurrent.ScheduledThreadPoolExecutor$DelayedWorkQueue.take(ScheduledThreadPoolExecutor.java:809)
        at java.util.concurrent.ThreadPoolExecutor.getTask(ThreadPoolExecutor.java:1074)
        at java.util.concurrent.ThreadPoolExecutor.runWorker(ThreadPoolExecutor.java:1134)
        at java.util.concurrent.ThreadPoolExecutor$Worker.run(ThreadPoolExecutor.java:624)
        at java.lang.Thread.run(Thread.java:748)
"IPC Server handler 3 on default port 43625" daemon prio=5 tid=3291 timed_waiting
java.lang.Thread.State: TIMED_WAITING
        at sun.misc.Unsafe.park(Native Method)
        at java.util.concurrent.locks.LockSupport.parkNanos(LockSupport.java:215)
        at java.util.concurrent.locks.AbstractQueuedSynchronizer$ConditionObject.awaitNanos(AbstractQueuedSynchronizer.java:2078)
        at java.util.concurrent.LinkedBlockingQueue.poll(LinkedBlockingQueue.java:467)
        at org.apache.hadoop.ipc.CallQueueManager.take(CallQueueManager.java:317)
        at org.apache.hadoop.ipc.Server$Handler.run(Server.java:2932)
"Datanode ReportManager Thread - 4" daemon prio=5 tid=1793 in Object.wait()
java.lang.Thread.State: WAITING (on object monitor)
        at sun.misc.Unsafe.park(Native Method)
        at java.util.concurrent.locks.LockSupport.park(LockSupport.java:175)
        at java.util.concurrent.locks.AbstractQueuedSynchronizer$ConditionObject.await(AbstractQueuedSynchronizer.java:2039)
        at java.util.concurrent.ScheduledThreadPoolExecutor$DelayedWorkQueue.take(ScheduledThreadPoolExecutor.java:1088)
        at java.util.concurrent.ScheduledThreadPoolExecutor$DelayedWorkQueue.take(ScheduledThreadPoolExecutor.java:809)
        at java.util.concurrent.ThreadPoolExecutor.getTask(ThreadPoolExecutor.java:1074)
        at java.util.concurrent.ThreadPoolExecutor.runWorker(ThreadPoolExecutor.java:1134)
        at java.util.concurrent.ThreadPoolExecutor$Worker.run(ThreadPoolExecutor.java:624)
        at java.lang.Thread.run(Thread.java:748)
"Datanode ReportManager Thread - 0" daemon prio=5 tid=175 in Object.wait()
java.lang.Thread.State: WAITING (on object monitor)
        at sun.misc.Unsafe.park(Native Method)
        at java.util.concurrent.locks.LockSupport.park(LockSupport.java:175)
        at java.util.concurrent.locks.AbstractQueuedSynchronizer$ConditionObject.await(AbstractQueuedSynchronizer.java:2039)
        at java.util.concurrent.ScheduledThreadPoolExecutor$DelayedWorkQueue.take(ScheduledThreadPoolExecutor.java:1088)
        at java.util.concurrent.ScheduledThreadPoolExecutor$DelayedWorkQueue.take(ScheduledThreadPoolExecutor.java:809)
        at java.util.concurrent.ThreadPoolExecutor.getTask(ThreadPoolExecutor.java:1074)
        at java.util.concurrent.ThreadPoolExecutor.runWorker(ThreadPoolExecutor.java:1134)
        at java.util.concurrent.ThreadPoolExecutor$Worker.run(ThreadPoolExecutor.java:624)
        at java.lang.Thread.run(Thread.java:748)
"49fe3bb7-2dae-482d-a175-9585c41bacad@group-677DDB1507C0-FollowerState" daemon prio=5 tid=3808 timed_waiting
java.lang.Thread.State: TIMED_WAITING
        at java.lang.Thread.sleep(Native Method)
        at java.lang.Thread.sleep(Thread.java:340)
        at java.util.concurrent.TimeUnit.sleep(TimeUnit.java:386)
        at org.apache.ratis.util.TimeDuration.sleep(TimeDuration.java:324)
        at org.apache.ratis.util.TimeDuration.sleep(TimeDuration.java:309)
        at org.apache.ratis.server.impl.FollowerState.run(FollowerState.java:118)
"Datanode ReportManager Thread - 2" daemon prio=5 tid=3505 in Object.wait()
java.lang.Thread.State: WAITING (on object monitor)
        at sun.misc.Unsafe.park(Native Method)
        at java.util.concurrent.locks.LockSupport.park(LockSupport.java:175)
        at java.util.concurrent.locks.AbstractQueuedSynchronizer$ConditionObject.await(AbstractQueuedSynchronizer.java:2039)
        at java.util.concurrent.ScheduledThreadPoolExecutor$DelayedWorkQueue.take(ScheduledThreadPoolExecutor.java:1088)
        at java.util.concurrent.ScheduledThreadPoolExecutor$DelayedWorkQueue.take(ScheduledThreadPoolExecutor.java:809)
        at java.util.concurrent.ThreadPoolExecutor.getTask(ThreadPoolExecutor.java:1074)
        at java.util.concurrent.ThreadPoolExecutor.runWorker(ThreadPoolExecutor.java:1134)
        at java.util.concurrent.ThreadPoolExecutor$Worker.run(ThreadPoolExecutor.java:624)
        at java.lang.Thread.run(Thread.java:748)
"IPC Server handler 7 on default port 38869" daemon prio=5 tid=3315 timed_waiting
java.lang.Thread.State: TIMED_WAITING
        at sun.misc.Unsafe.park(Native Method)
        at java.util.concurrent.locks.LockSupport.parkNanos(LockSupport.java:215)
        at java.util.concurrent.locks.AbstractQueuedSynchronizer$ConditionObject.awaitNanos(AbstractQueuedSynchronizer.java:2078)
        at java.util.concurrent.LinkedBlockingQueue.poll(LinkedBlockingQueue.java:467)
        at org.apache.hadoop.ipc.CallQueueManager.take(CallQueueManager.java:317)
        at org.apache.hadoop.ipc.Server$Handler.run(Server.java:2932)
"IPC Server handler 16 on default port 43625" daemon prio=5 tid=3304 timed_waiting
java.lang.Thread.State: TIMED_WAITING
        at sun.misc.Unsafe.park(Native Method)
        at java.util.concurrent.locks.LockSupport.parkNanos(LockSupport.java:215)
        at java.util.concurrent.locks.AbstractQueuedSynchronizer$ConditionObject.awaitNanos(AbstractQueuedSynchronizer.java:2078)
        at java.util.concurrent.LinkedBlockingQueue.poll(LinkedBlockingQueue.java:467)
        at org.apache.hadoop.ipc.CallQueueManager.take(CallQueueManager.java:317)
        at org.apache.hadoop.ipc.Server$Handler.run(Server.java:2932)
"java.util.concurrent.ThreadPoolExecutor$Worker@1b777d25[State = -1, empty queue]" daemon prio=5 tid=2852 timed_waiting
java.lang.Thread.State: TIMED_WAITING
        at sun.misc.Unsafe.park(Native Method)
        at java.util.concurrent.locks.LockSupport.parkNanos(LockSupport.java:215)
        at java.util.concurrent.locks.AbstractQueuedSynchronizer$ConditionObject.awaitNanos(AbstractQueuedSynchronizer.java:2078)
        at java.util.concurrent.ScheduledThreadPoolExecutor$DelayedWorkQueue.take(ScheduledThreadPoolExecutor.java:1093)
        at java.util.concurrent.ScheduledThreadPoolExecutor$DelayedWorkQueue.take(ScheduledThreadPoolExecutor.java:809)
        at java.util.concurrent.ThreadPoolExecutor.getTask(ThreadPoolExecutor.java:1074)
        at java.util.concurrent.ThreadPoolExecutor.runWorker(ThreadPoolExecutor.java:1134)
        at java.util.concurrent.ThreadPoolExecutor$Worker.run(ThreadPoolExecutor.java:624)
        at java.lang.Thread.run(Thread.java:748)
"Datanode ReportManager Thread - 3" daemon prio=5 tid=2212 timed_waiting
java.lang.Thread.State: TIMED_WAITING
        at sun.misc.Unsafe.park(Native Method)
        at java.util.concurrent.locks.LockSupport.parkNanos(LockSupport.java:215)
        at java.util.concurrent.locks.AbstractQueuedSynchronizer$ConditionObject.awaitNanos(AbstractQueuedSynchronizer.java:2078)
        at java.util.concurrent.ScheduledThreadPoolExecutor$DelayedWorkQueue.take(ScheduledThreadPoolExecutor.java:1093)
        at java.util.concurrent.ScheduledThreadPoolExecutor$DelayedWorkQueue.take(ScheduledThreadPoolExecutor.java:809)
        at java.util.concurrent.ThreadPoolExecutor.getTask(ThreadPoolExecutor.java:1074)
        at java.util.concurrent.ThreadPoolExecutor.runWorker(ThreadPoolExecutor.java:1134)
        at java.util.concurrent.ThreadPoolExecutor$Worker.run(ThreadPoolExecutor.java:624)
        at java.lang.Thread.run(Thread.java:748)
"ChunkWriter-0-0" daemon prio=5 tid=3531 in Object.wait()
java.lang.Thread.State: WAITING (on object monitor)
        at sun.misc.Unsafe.park(Native Method)
        at java.util.concurrent.locks.LockSupport.park(LockSupport.java:175)
        at java.util.concurrent.locks.AbstractQueuedSynchronizer$ConditionObject.await(AbstractQueuedSynchronizer.java:2039)
        at java.util.concurrent.LinkedBlockingDeque.takeFirst(LinkedBlockingDeque.java:492)
        at java.util.concurrent.LinkedBlockingDeque.take(LinkedBlockingDeque.java:680)
        at java.util.concurrent.ThreadPoolExecutor.getTask(ThreadPoolExecutor.java:1074)
        at java.util.concurrent.ThreadPoolExecutor.runWorker(ThreadPoolExecutor.java:1134)
        at java.util.concurrent.ThreadPoolExecutor$Worker.run(ThreadPoolExecutor.java:624)
        at java.lang.Thread.run(Thread.java:748)
"EventQueue-OpenPipelineForHealthyPipelineSafeModeRule" daemon prio=5 tid=3562 in Object.wait()
java.lang.Thread.State: WAITING (on object monitor)
        at sun.misc.Unsafe.park(Native Method)
        at java.util.concurrent.locks.LockSupport.park(LockSupport.java:175)
        at java.util.concurrent.locks.AbstractQueuedSynchronizer$ConditionObject.await(AbstractQueuedSynchronizer.java:2039)
        at java.util.concurrent.LinkedBlockingQueue.take(LinkedBlockingQueue.java:442)
        at java.util.concurrent.ThreadPoolExecutor.getTask(ThreadPoolExecutor.java:1074)
        at java.util.concurrent.ThreadPoolExecutor.runWorker(ThreadPoolExecutor.java:1134)
        at java.util.concurrent.ThreadPoolExecutor$Worker.run(ThreadPoolExecutor.java:624)
        at java.lang.Thread.run(Thread.java:748)
"EndpointStateMachine task thread for /0.0.0.0:40677 - 0 "  prio=5 tid=261 in Object.wait()
java.lang.Thread.State: WAITING (on object monitor)
        at sun.misc.Unsafe.park(Native Method)
        at java.util.concurrent.locks.LockSupport.park(LockSupport.java:175)
        at java.util.concurrent.locks.AbstractQueuedSynchronizer$ConditionObject.await(AbstractQueuedSynchronizer.java:2039)
        at java.util.concurrent.LinkedBlockingQueue.take(LinkedBlockingQueue.java:442)
        at java.util.concurrent.ThreadPoolExecutor.getTask(ThreadPoolExecutor.java:1074)
        at java.util.concurrent.ThreadPoolExecutor.runWorker(ThreadPoolExecutor.java:1134)
        at java.util.concurrent.ThreadPoolExecutor$Worker.run(ThreadPoolExecutor.java:624)
        at java.lang.Thread.run(Thread.java:748)
"Datanode ReportManager Thread - 3" daemon prio=5 tid=230 in Object.wait()
java.lang.Thread.State: WAITING (on object monitor)
        at sun.misc.Unsafe.park(Native Method)
        at java.util.concurrent.locks.LockSupport.park(LockSupport.java:175)
        at java.util.concurrent.locks.AbstractQueuedSynchronizer$ConditionObject.await(AbstractQueuedSynchronizer.java:2039)
        at java.util.concurrent.ScheduledThreadPoolExecutor$DelayedWorkQueue.take(ScheduledThreadPoolExecutor.java:1088)
        at java.util.concurrent.ScheduledThreadPoolExecutor$DelayedWorkQueue.take(ScheduledThreadPoolExecutor.java:809)
        at java.util.concurrent.ThreadPoolExecutor.getTask(ThreadPoolExecutor.java:1074)
        at java.util.concurrent.ThreadPoolExecutor.runWorker(ThreadPoolExecutor.java:1134)
        at java.util.concurrent.ThreadPoolExecutor$Worker.run(ThreadPoolExecutor.java:624)
        at java.lang.Thread.run(Thread.java:748)
"IPC Server handler 12 on default port 38869" daemon prio=5 tid=3320 timed_waiting
java.lang.Thread.State: TIMED_WAITING
        at sun.misc.Unsafe.park(Native Method)
        at java.util.concurrent.locks.LockSupport.parkNanos(LockSupport.java:215)
        at java.util.concurrent.locks.AbstractQueuedSynchronizer$ConditionObject.awaitNanos(AbstractQueuedSynchronizer.java:2078)
        at java.util.concurrent.LinkedBlockingQueue.poll(LinkedBlockingQueue.java:467)
        at org.apache.hadoop.ipc.CallQueueManager.take(CallQueueManager.java:317)
        at org.apache.hadoop.ipc.Server$Handler.run(Server.java:2932)
"Datanode ReportManager Thread - 3" daemon prio=5 tid=1334 timed_waiting
java.lang.Thread.State: TIMED_WAITING
        at sun.misc.Unsafe.park(Native Method)
        at java.util.concurrent.locks.LockSupport.parkNanos(LockSupport.java:215)
        at java.util.concurrent.locks.AbstractQueuedSynchronizer$ConditionObject.awaitNanos(AbstractQueuedSynchronizer.java:2078)
        at java.util.concurrent.ScheduledThreadPoolExecutor$DelayedWorkQueue.take(ScheduledThreadPoolExecutor.java:1093)
        at java.util.concurrent.ScheduledThreadPoolExecutor$DelayedWorkQueue.take(ScheduledThreadPoolExecutor.java:809)
        at java.util.concurrent.ThreadPoolExecutor.getTask(ThreadPoolExecutor.java:1074)
        at java.util.concurrent.ThreadPoolExecutor.runWorker(ThreadPoolExecutor.java:1134)
        at java.util.concurrent.ThreadPoolExecutor$Worker.run(ThreadPoolExecutor.java:624)
        at java.lang.Thread.run(Thread.java:748)
"org.apache.hadoop.util.JvmPauseMonitor$Monitor@3e9a0361" daemon prio=5 tid=3407 timed_waiting
java.lang.Thread.State: TIMED_WAITING
        at java.lang.Thread.sleep(Native Method)
        at org.apache.hadoop.util.JvmPauseMonitor$Monitor.run(JvmPauseMonitor.java:192)
        at java.lang.Thread.run(Thread.java:748)
"EndpointStateMachine task thread for /0.0.0.0:43677 - 0 "  prio=5 tid=3511 in Object.wait()
java.lang.Thread.State: WAITING (on object monitor)
        at sun.misc.Unsafe.park(Native Method)
        at java.util.concurrent.locks.LockSupport.park(LockSupport.java:175)
        at java.util.concurrent.locks.AbstractQueuedSynchronizer$ConditionObject.await(AbstractQueuedSynchronizer.java:2039)
        at java.util.concurrent.LinkedBlockingQueue.take(LinkedBlockingQueue.java:442)
        at java.util.concurrent.ThreadPoolExecutor.getTask(ThreadPoolExecutor.java:1074)
        at java.util.concurrent.ThreadPoolExecutor.runWorker(ThreadPoolExecutor.java:1134)
        at java.util.concurrent.ThreadPoolExecutor$Worker.run(ThreadPoolExecutor.java:624)
        at java.lang.Thread.run(Thread.java:748)
"IPC Server handler 3 on default port 43677" daemon prio=5 tid=3331 timed_waiting
java.lang.Thread.State: TIMED_WAITING
        at sun.misc.Unsafe.park(Native Method)
        at java.util.concurrent.locks.LockSupport.parkNanos(LockSupport.java:215)
        at java.util.concurrent.locks.AbstractQueuedSynchronizer$ConditionObject.awaitNanos(AbstractQueuedSynchronizer.java:2078)
        at java.util.concurrent.LinkedBlockingQueue.poll(LinkedBlockingQueue.java:467)
        at org.apache.hadoop.ipc.CallQueueManager.take(CallQueueManager.java:317)
        at org.apache.hadoop.ipc.Server$Handler.run(Server.java:2932)
"Datanode ReportManager Thread - 1" daemon prio=5 tid=2261 in Object.wait()
java.lang.Thread.State: WAITING (on object monitor)
        at sun.misc.Unsafe.park(Native Method)
        at java.util.concurrent.locks.LockSupport.park(LockSupport.java:175)
        at java.util.concurrent.locks.AbstractQueuedSynchronizer$ConditionObject.await(AbstractQueuedSynchronizer.java:2039)
        at java.util.concurrent.ScheduledThreadPoolExecutor$DelayedWorkQueue.take(ScheduledThreadPoolExecutor.java:1088)
        at java.util.concurrent.ScheduledThreadPoolExecutor$DelayedWorkQueue.take(ScheduledThreadPoolExecutor.java:809)
        at java.util.concurrent.ThreadPoolExecutor.getTask(ThreadPoolExecutor.java:1074)
        at java.util.concurrent.ThreadPoolExecutor.runWorker(ThreadPoolExecutor.java:1134)
        at java.util.concurrent.ThreadPoolExecutor$Worker.run(ThreadPoolExecutor.java:624)
        at java.lang.Thread.run(Thread.java:748)
"Datanode ReportManager Thread - 0" daemon prio=5 tid=1358 timed_waiting
java.lang.Thread.State: TIMED_WAITING
        at sun.misc.Unsafe.park(Native Method)
        at java.util.concurrent.locks.LockSupport.parkNanos(LockSupport.java:215)
        at java.util.concurrent.locks.AbstractQueuedSynchronizer$ConditionObject.awaitNanos(AbstractQueuedSynchronizer.java:2078)
        at java.util.concurrent.ScheduledThreadPoolExecutor$DelayedWorkQueue.take(ScheduledThreadPoolExecutor.java:1093)
        at java.util.concurrent.ScheduledThreadPoolExecutor$DelayedWorkQueue.take(ScheduledThreadPoolExecutor.java:809)
        at java.util.concurrent.ThreadPoolExecutor.getTask(ThreadPoolExecutor.java:1074)
        at java.util.concurrent.ThreadPoolExecutor.runWorker(ThreadPoolExecutor.java:1134)
        at java.util.concurrent.ThreadPoolExecutor$Worker.run(ThreadPoolExecutor.java:624)
        at java.lang.Thread.run(Thread.java:748)
"Datanode ReportManager Thread - 3" daemon prio=5 tid=1386 in Object.wait()
java.lang.Thread.State: WAITING (on object monitor)
        at sun.misc.Unsafe.park(Native Method)
        at java.util.concurrent.locks.LockSupport.park(LockSupport.java:175)
        at java.util.concurrent.locks.AbstractQueuedSynchronizer$ConditionObject.await(AbstractQueuedSynchronizer.java:2039)
        at java.util.concurrent.ScheduledThreadPoolExecutor$DelayedWorkQueue.take(ScheduledThreadPoolExecutor.java:1088)
        at java.util.concurrent.ScheduledThreadPoolExecutor$DelayedWorkQueue.take(ScheduledThreadPoolExecutor.java:809)
        at java.util.concurrent.ThreadPoolExecutor.getTask(ThreadPoolExecutor.java:1074)
        at java.util.concurrent.ThreadPoolExecutor.runWorker(ThreadPoolExecutor.java:1134)
        at java.util.concurrent.ThreadPoolExecutor$Worker.run(ThreadPoolExecutor.java:624)
        at java.lang.Thread.run(Thread.java:748)
"pool-678-thread-1"  prio=5 tid=3558 in Object.wait()
java.lang.Thread.State: WAITING (on object monitor)
        at sun.misc.Unsafe.park(Native Method)
        at java.util.concurrent.locks.LockSupport.park(LockSupport.java:175)
        at java.util.concurrent.locks.AbstractQueuedSynchronizer$ConditionObject.await(AbstractQueuedSynchronizer.java:2039)
        at java.util.concurrent.LinkedBlockingQueue.take(LinkedBlockingQueue.java:442)
        at java.util.concurrent.ThreadPoolExecutor.getTask(ThreadPoolExecutor.java:1074)
        at java.util.concurrent.ThreadPoolExecutor.runWorker(ThreadPoolExecutor.java:1134)
        at java.util.concurrent.ThreadPoolExecutor$Worker.run(ThreadPoolExecutor.java:624)
        at java.lang.Thread.run(Thread.java:748)
"Signal Dispatcher" daemon prio=9 tid=4 runnable
java.lang.Thread.State: RUNNABLE
"ChunkWriter-3-0" daemon prio=5 tid=3534 in Object.wait()
java.lang.Thread.State: WAITING (on object monitor)
        at sun.misc.Unsafe.park(Native Method)
        at java.util.concurrent.locks.LockSupport.park(LockSupport.java:175)
        at java.util.concurrent.locks.AbstractQueuedSynchronizer$ConditionObject.await(AbstractQueuedSynchronizer.java:2039)
        at java.util.concurrent.LinkedBlockingDeque.takeFirst(LinkedBlockingDeque.java:492)
        at java.util.concurrent.LinkedBlockingDeque.take(LinkedBlockingDeque.java:680)
        at java.util.concurrent.ThreadPoolExecutor.getTask(ThreadPoolExecutor.java:1074)
        at java.util.concurrent.ThreadPoolExecutor.runWorker(ThreadPoolExecutor.java:1134)
        at java.util.concurrent.ThreadPoolExecutor$Worker.run(ThreadPoolExecutor.java:624)
        at java.lang.Thread.run(Thread.java:748)
"qtp1910453219-3419" daemon prio=5 tid=3419 timed_waiting
java.lang.Thread.State: TIMED_WAITING
        at sun.misc.Unsafe.park(Native Method)
        at java.util.concurrent.locks.LockSupport.parkNanos(LockSupport.java:215)
        at java.util.concurrent.locks.AbstractQueuedSynchronizer$ConditionObject.awaitNanos(AbstractQueuedSynchronizer.java:2078)
        at org.eclipse.jetty.util.BlockingArrayQueue.poll(BlockingArrayQueue.java:382)
        at org.eclipse.jetty.util.thread.QueuedThreadPool$Runner.idleJobPoll(QueuedThreadPool.java:974)
        at org.eclipse.jetty.util.thread.QueuedThreadPool$Runner.run(QueuedThreadPool.java:1018)
        at java.lang.Thread.run(Thread.java:748)
"Datanode ReportManager Thread - 2" daemon prio=5 tid=177 in Object.wait()
java.lang.Thread.State: WAITING (on object monitor)
        at sun.misc.Unsafe.park(Native Method)
        at java.util.concurrent.locks.LockSupport.park(LockSupport.java:175)
        at java.util.concurrent.locks.AbstractQueuedSynchronizer$ConditionObject.await(AbstractQueuedSynchronizer.java:2039)
        at java.util.concurrent.ScheduledThreadPoolExecutor$DelayedWorkQueue.take(ScheduledThreadPoolExecutor.java:1088)
        at java.util.concurrent.ScheduledThreadPoolExecutor$DelayedWorkQueue.take(ScheduledThreadPoolExecutor.java:809)
        at java.util.concurrent.ThreadPoolExecutor.getTask(ThreadPoolExecutor.java:1074)
        at java.util.concurrent.ThreadPoolExecutor.runWorker(ThreadPoolExecutor.java:1134)
        at java.util.concurrent.ThreadPoolExecutor$Worker.run(ThreadPoolExecutor.java:624)
        at java.lang.Thread.run(Thread.java:748)
"EventQueue-ContainerReportForContainerReportHandler" daemon prio=5 tid=3539 in Object.wait()
java.lang.Thread.State: WAITING (on object monitor)
        at sun.misc.Unsafe.park(Native Method)
        at java.util.concurrent.locks.LockSupport.park(LockSupport.java:175)
        at java.util.concurrent.locks.AbstractQueuedSynchronizer$ConditionObject.await(AbstractQueuedSynchronizer.java:2039)
        at java.util.concurrent.LinkedBlockingQueue.take(LinkedBlockingQueue.java:442)
        at java.util.concurrent.ThreadPoolExecutor.getTask(ThreadPoolExecutor.java:1074)
        at java.util.concurrent.ThreadPoolExecutor.runWorker(ThreadPoolExecutor.java:1134)
        at java.util.concurrent.ThreadPoolExecutor$Worker.run(ThreadPoolExecutor.java:624)
        at java.lang.Thread.run(Thread.java:748)
"Datanode ReportManager Thread - 1" daemon prio=5 tid=3428 in Object.wait()
java.lang.Thread.State: WAITING (on object monitor)
        at sun.misc.Unsafe.park(Native Method)
        at java.util.concurrent.locks.LockSupport.park(LockSupport.java:175)
        at java.util.concurrent.locks.AbstractQueuedSynchronizer$ConditionObject.await(AbstractQueuedSynchronizer.java:2039)
        at java.util.concurrent.ScheduledThreadPoolExecutor$DelayedWorkQueue.take(ScheduledThreadPoolExecutor.java:1088)
        at java.util.concurrent.ScheduledThreadPoolExecutor$DelayedWorkQueue.take(ScheduledThreadPoolExecutor.java:809)
        at java.util.concurrent.ThreadPoolExecutor.getTask(ThreadPoolExecutor.java:1074)
        at java.util.concurrent.ThreadPoolExecutor.runWorker(ThreadPoolExecutor.java:1134)
        at java.util.concurrent.ThreadPoolExecutor$Worker.run(ThreadPoolExecutor.java:624)
        at java.lang.Thread.run(Thread.java:748)
"IPC Server handler 3 on default port 38869" daemon prio=5 tid=3311 timed_waiting
java.lang.Thread.State: TIMED_WAITING
        at sun.misc.Unsafe.park(Native Method)
        at java.util.concurrent.locks.LockSupport.parkNanos(LockSupport.java:215)
        at java.util.concurrent.locks.AbstractQueuedSynchronizer$ConditionObject.awaitNanos(AbstractQueuedSynchronizer.java:2078)
        at java.util.concurrent.LinkedBlockingQueue.poll(LinkedBlockingQueue.java:467)
        at org.apache.hadoop.ipc.CallQueueManager.take(CallQueueManager.java:317)
        at org.apache.hadoop.ipc.Server$Handler.run(Server.java:2932)
"EndpointStateMachine task thread for /0.0.0.0:45403 - 0 "  prio=5 tid=1427 in Object.wait()
java.lang.Thread.State: WAITING (on object monitor)
        at sun.misc.Unsafe.park(Native Method)
        at java.util.concurrent.locks.LockSupport.park(LockSupport.java:175)
        at java.util.concurrent.locks.AbstractQueuedSynchronizer$ConditionObject.await(AbstractQueuedSynchronizer.java:2039)
        at java.util.concurrent.LinkedBlockingQueue.take(LinkedBlockingQueue.java:442)
        at java.util.concurrent.ThreadPoolExecutor.getTask(ThreadPoolExecutor.java:1074)
        at java.util.concurrent.ThreadPoolExecutor.runWorker(ThreadPoolExecutor.java:1134)
        at java.util.concurrent.ThreadPoolExecutor$Worker.run(ThreadPoolExecutor.java:624)
        at java.lang.Thread.run(Thread.java:748)
"Datanode ReportManager Thread - 1" daemon prio=5 tid=1409 in Object.wait()
java.lang.Thread.State: WAITING (on object monitor)
        at sun.misc.Unsafe.park(Native Method)
        at java.util.concurrent.locks.LockSupport.park(LockSupport.java:175)
        at java.util.concurrent.locks.AbstractQueuedSynchronizer$ConditionObject.await(AbstractQueuedSynchronizer.java:2039)
        at java.util.concurrent.ScheduledThreadPoolExecutor$DelayedWorkQueue.take(ScheduledThreadPoolExecutor.java:1088)
        at java.util.concurrent.ScheduledThreadPoolExecutor$DelayedWorkQueue.take(ScheduledThreadPoolExecutor.java:809)
        at java.util.concurrent.ThreadPoolExecutor.getTask(ThreadPoolExecutor.java:1074)
        at java.util.concurrent.ThreadPoolExecutor.runWorker(ThreadPoolExecutor.java:1134)
        at java.util.concurrent.ThreadPoolExecutor$Worker.run(ThreadPoolExecutor.java:624)
        at java.lang.Thread.run(Thread.java:748)
"PartialTableCache Cleanup Thread - 0" daemon prio=5 tid=1549 in Object.wait()
java.lang.Thread.State: WAITING (on object monitor)
        at sun.misc.Unsafe.park(Native Method)
        at java.util.concurrent.locks.LockSupport.park(LockSupport.java:175)
        at java.util.concurrent.locks.AbstractQueuedSynchronizer$ConditionObject.await(AbstractQueuedSynchronizer.java:2039)
        at java.util.concurrent.LinkedBlockingQueue.take(LinkedBlockingQueue.java:442)
        at java.util.concurrent.ThreadPoolExecutor.getTask(ThreadPoolExecutor.java:1074)
        at java.util.concurrent.ThreadPoolExecutor.runWorker(ThreadPoolExecutor.java:1134)
        at java.util.concurrent.ThreadPoolExecutor$Worker.run(ThreadPoolExecutor.java:624)
        at java.lang.Thread.run(Thread.java:748)
"EventQueue-PipelineReportForOneReplicaPipelineSafeModeRule" daemon prio=5 tid=3542 in Object.wait()
java.lang.Thread.State: WAITING (on object monitor)
        at sun.misc.Unsafe.park(Native Method)
        at java.util.concurrent.locks.LockSupport.park(LockSupport.java:175)
        at java.util.concurrent.locks.AbstractQueuedSynchronizer$ConditionObject.await(AbstractQueuedSynchronizer.java:2039)
        at java.util.concurrent.LinkedBlockingQueue.take(LinkedBlockingQueue.java:442)
        at java.util.concurrent.ThreadPoolExecutor.getTask(ThreadPoolExecutor.java:1074)
        at java.util.concurrent.ThreadPoolExecutor.runWorker(ThreadPoolExecutor.java:1134)
        at java.util.concurrent.ThreadPoolExecutor$Worker.run(ThreadPoolExecutor.java:624)
        at java.lang.Thread.run(Thread.java:748)
"Timer-4" daemon prio=5 tid=3374 timed_waiting
java.lang.Thread.State: TIMED_WAITING
        at java.lang.Object.wait(Native Method)
        at java.util.TimerThread.mainLoop(Timer.java:552)
        at java.util.TimerThread.run(Timer.java:505)
"45f86aeb-e384-4aa9-8d84-a9c74618d31d@group-D3C789E88085-LeaderStateImpl" daemon prio=5 tid=3599 timed_waiting
java.lang.Thread.State: TIMED_WAITING
        at sun.misc.Unsafe.park(Native Method)
        at java.util.concurrent.locks.LockSupport.parkNanos(LockSupport.java:215)
        at java.util.concurrent.locks.AbstractQueuedSynchronizer$ConditionObject.awaitNanos(AbstractQueuedSynchronizer.java:2078)
        at java.util.concurrent.ArrayBlockingQueue.poll(ArrayBlockingQueue.java:418)
        at org.apache.ratis.server.impl.LeaderStateImpl$EventQueue.poll(LeaderStateImpl.java:156)
        at org.apache.ratis.server.impl.LeaderStateImpl$EventProcessor.run(LeaderStateImpl.java:600)
"org.apache.hadoop.ozone.container.common.statemachine.commandhandler.DeleteBlocksCommandHandler$DeleteCmdWorker@6aa4ec88" daemon prio=5 tid=2223 runnable
java.lang.Thread.State: RUNNABLE
        at java.lang.Thread.sleep(Native Method)
        at org.apache.hadoop.ozone.container.common.statemachine.commandhandler.DeleteBlocksCommandHandler$DeleteCmdWorker.run(DeleteBlocksCommandHandler.java:175)
        at java.lang.Thread.run(Thread.java:748)
"OMDoubleBufferFlushThread" daemon prio=5 tid=3363 timed_waiting
java.lang.Thread.State: TIMED_WAITING
        at java.lang.Object.wait(Native Method)
        at org.apache.hadoop.ozone.om.ratis.OzoneManagerDoubleBuffer.canFlush(OzoneManagerDoubleBuffer.java:509)
        at org.apache.hadoop.ozone.om.ratis.OzoneManagerDoubleBuffer.flushTransactions(OzoneManagerDoubleBuffer.java:241)
        at org.apache.hadoop.ozone.om.ratis.OzoneManagerDoubleBuffer$$Lambda$369/1271123588.run(Unknown Source)
        at java.lang.Thread.run(Thread.java:748)
"ChunkWriter-1-0" daemon prio=5 tid=3523 in Object.wait()
java.lang.Thread.State: WAITING (on object monitor)
        at sun.misc.Unsafe.park(Native Method)
        at java.util.concurrent.locks.LockSupport.park(LockSupport.java:175)
        at java.util.concurrent.locks.AbstractQueuedSynchronizer$ConditionObject.await(AbstractQueuedSynchronizer.java:2039)
        at java.util.concurrent.LinkedBlockingDeque.takeFirst(LinkedBlockingDeque.java:492)
        at java.util.concurrent.LinkedBlockingDeque.take(LinkedBlockingDeque.java:680)
        at java.util.concurrent.ThreadPoolExecutor.getTask(ThreadPoolExecutor.java:1074)
        at java.util.concurrent.ThreadPoolExecutor.runWorker(ThreadPoolExecutor.java:1134)
        at java.util.concurrent.ThreadPoolExecutor$Worker.run(ThreadPoolExecutor.java:624)
        at java.lang.Thread.run(Thread.java:748)
"PartialTableCache Cleanup Thread - 0" daemon prio=5 tid=2608 in Object.wait()
java.lang.Thread.State: WAITING (on object monitor)
        at sun.misc.Unsafe.park(Native Method)
        at java.util.concurrent.locks.LockSupport.park(LockSupport.java:175)
        at java.util.concurrent.locks.AbstractQueuedSynchronizer$ConditionObject.await(AbstractQueuedSynchronizer.java:2039)
        at java.util.concurrent.LinkedBlockingQueue.take(LinkedBlockingQueue.java:442)
        at java.util.concurrent.ThreadPoolExecutor.getTask(ThreadPoolExecutor.java:1074)
        at java.util.concurrent.ThreadPoolExecutor.runWorker(ThreadPoolExecutor.java:1134)
        at java.util.concurrent.ThreadPoolExecutor$Worker.run(ThreadPoolExecutor.java:624)
        at java.lang.Thread.run(Thread.java:748)
"IPC Client (1576274550) connection to /0.0.0.0:43677 from runner" daemon prio=5 tid=3512 timed_waiting
java.lang.Thread.State: TIMED_WAITING
        at java.lang.Object.wait(Native Method)
        at org.apache.hadoop.ipc.Client$Connection.waitForWork(Client.java:1053)
        at org.apache.hadoop.ipc.Client$Connection.run(Client.java:1097)
"org.apache.ratis.util.JvmPauseMonitor$$Lambda$535/1672973847@46dc35e4" daemon prio=5 tid=3517 timed_waiting
java.lang.Thread.State: TIMED_WAITING
        at java.lang.Thread.sleep(Native Method)
        at java.lang.Thread.sleep(Thread.java:340)
        at java.util.concurrent.TimeUnit.sleep(TimeUnit.java:386)
        at org.apache.ratis.util.TimeDuration.sleep(TimeDuration.java:324)
        at org.apache.ratis.util.TimeDuration.sleep(TimeDuration.java:309)
        at org.apache.ratis.util.JvmPauseMonitor.detectPause(JvmPauseMonitor.java:117)
        at org.apache.ratis.util.JvmPauseMonitor.run(JvmPauseMonitor.java:106)
        at org.apache.ratis.util.JvmPauseMonitor$$Lambda$535/1672973847.run(Unknown Source)
        at java.lang.Thread.run(Thread.java:748)
"Session-HouseKeeper-57465d56-1"  prio=5 tid=3450 timed_waiting
java.lang.Thread.State: TIMED_WAITING
        at sun.misc.Unsafe.park(Native Method)
        at java.util.concurrent.locks.LockSupport.parkNanos(LockSupport.java:215)
        at java.util.concurrent.locks.AbstractQueuedSynchronizer$ConditionObject.awaitNanos(AbstractQueuedSynchronizer.java:2078)
        at java.util.concurrent.ScheduledThreadPoolExecutor$DelayedWorkQueue.take(ScheduledThreadPoolExecutor.java:1093)
        at java.util.concurrent.ScheduledThreadPoolExecutor$DelayedWorkQueue.take(ScheduledThreadPoolExecutor.java:809)
        at java.util.concurrent.ThreadPoolExecutor.getTask(ThreadPoolExecutor.java:1074)
        at java.util.concurrent.ThreadPoolExecutor.runWorker(ThreadPoolExecutor.java:1134)
        at java.util.concurrent.ThreadPoolExecutor$Worker.run(ThreadPoolExecutor.java:624)
        at java.lang.Thread.run(Thread.java:748)
"IPC Server handler 2 on default port 38869" daemon prio=5 tid=3310 timed_waiting
java.lang.Thread.State: TIMED_WAITING
        at sun.misc.Unsafe.park(Native Method)
        at java.util.concurrent.locks.LockSupport.parkNanos(LockSupport.java:215)
        at java.util.concurrent.locks.AbstractQueuedSynchronizer$ConditionObject.awaitNanos(AbstractQueuedSynchronizer.java:2078)
        at java.util.concurrent.LinkedBlockingQueue.poll(LinkedBlockingQueue.java:467)
        at org.apache.hadoop.ipc.CallQueueManager.take(CallQueueManager.java:317)
        at org.apache.hadoop.ipc.Server$Handler.run(Server.java:2932)
"IPC Server Responder" daemon prio=5 tid=3368 runnable
java.lang.Thread.State: RUNNABLE
        at sun.nio.ch.EPollArrayWrapper.epollWait(Native Method)
        at sun.nio.ch.EPollArrayWrapper.poll(EPollArrayWrapper.java:269)
        at sun.nio.ch.EPollSelectorImpl.doSelect(EPollSelectorImpl.java:93)
        at sun.nio.ch.SelectorImpl.lockAndDoSelect(SelectorImpl.java:86)
        at sun.nio.ch.SelectorImpl.select(SelectorImpl.java:97)
        at org.apache.hadoop.ipc.Server$Responder.doRunLoop(Server.java:1527)
        at org.apache.hadoop.ipc.Server$Responder.run(Server.java:1510)
"qtp1951734534-3492" daemon prio=5 tid=3492 runnable
java.lang.Thread.State: RUNNABLE
        at sun.nio.ch.EPollArrayWrapper.epollWait(Native Method)
        at sun.nio.ch.EPollArrayWrapper.poll(EPollArrayWrapper.java:269)
        at sun.nio.ch.EPollSelectorImpl.doSelect(EPollSelectorImpl.java:93)
        at sun.nio.ch.SelectorImpl.lockAndDoSelect(SelectorImpl.java:86)
        at sun.nio.ch.SelectorImpl.select(SelectorImpl.java:97)
        at sun.nio.ch.SelectorImpl.select(SelectorImpl.java:101)
        at org.eclipse.jetty.io.ManagedSelector.nioSelect(ManagedSelector.java:183)
        at org.eclipse.jetty.io.ManagedSelector.select(ManagedSelector.java:190)
        at org.eclipse.jetty.io.ManagedSelector$SelectorProducer.select(ManagedSelector.java:606)
        at org.eclipse.jetty.io.ManagedSelector$SelectorProducer.produce(ManagedSelector.java:543)
        at org.eclipse.jetty.util.thread.strategy.EatWhatYouKill.produceTask(EatWhatYouKill.java:362)
        at org.eclipse.jetty.util.thread.strategy.EatWhatYouKill.doProduce(EatWhatYouKill.java:186)
        at org.eclipse.jetty.util.thread.strategy.EatWhatYouKill.tryProduce(EatWhatYouKill.java:173)
        at org.eclipse.jetty.util.thread.strategy.EatWhatYouKill.produce(EatWhatYouKill.java:137)
        at org.eclipse.jetty.io.ManagedSelector$$Lambda$318/882340409.run(Unknown Source)
        at org.eclipse.jetty.util.thread.QueuedThreadPool.runJob(QueuedThreadPool.java:883)
        at org.eclipse.jetty.util.thread.QueuedThreadPool$Runner.run(QueuedThreadPool.java:1034)
        at java.lang.Thread.run(Thread.java:748)
"Datanode ReportManager Thread - 1" daemon prio=5 tid=2296 in Object.wait()
java.lang.Thread.State: WAITING (on object monitor)
        at sun.misc.Unsafe.park(Native Method)
        at java.util.concurrent.locks.LockSupport.park(LockSupport.java:175)
        at java.util.concurrent.locks.AbstractQueuedSynchronizer$ConditionObject.await(AbstractQueuedSynchronizer.java:2039)
        at java.util.concurrent.ScheduledThreadPoolExecutor$DelayedWorkQueue.take(ScheduledThreadPoolExecutor.java:1088)
        at java.util.concurrent.ScheduledThreadPoolExecutor$DelayedWorkQueue.take(ScheduledThreadPoolExecutor.java:809)
        at java.util.concurrent.ThreadPoolExecutor.getTask(ThreadPoolExecutor.java:1074)
        at java.util.concurrent.ThreadPoolExecutor.runWorker(ThreadPoolExecutor.java:1134)
        at java.util.concurrent.ThreadPoolExecutor$Worker.run(ThreadPoolExecutor.java:624)
        at java.lang.Thread.run(Thread.java:748)
"Datanode ReportManager Thread - 0" daemon prio=5 tid=2260 in Object.wait()
java.lang.Thread.State: WAITING (on object monitor)
        at sun.misc.Unsafe.park(Native Method)
        at java.util.concurrent.locks.LockSupport.park(LockSupport.java:175)
        at java.util.concurrent.locks.AbstractQueuedSynchronizer$ConditionObject.await(AbstractQueuedSynchronizer.java:2039)
        at java.util.concurrent.ScheduledThreadPoolExecutor$DelayedWorkQueue.take(ScheduledThreadPoolExecutor.java:1088)
        at java.util.concurrent.ScheduledThreadPoolExecutor$DelayedWorkQueue.take(ScheduledThreadPoolExecutor.java:809)
        at java.util.concurrent.ThreadPoolExecutor.getTask(ThreadPoolExecutor.java:1074)
        at java.util.concurrent.ThreadPoolExecutor.runWorker(ThreadPoolExecutor.java:1134)
        at java.util.concurrent.ThreadPoolExecutor$Worker.run(ThreadPoolExecutor.java:624)
        at java.lang.Thread.run(Thread.java:748)
"Datanode ReportManager Thread - 2" daemon prio=5 tid=3454 in Object.wait()
java.lang.Thread.State: WAITING (on object monitor)
        at sun.misc.Unsafe.park(Native Method)
        at java.util.concurrent.locks.LockSupport.park(LockSupport.java:175)
        at java.util.concurrent.locks.AbstractQueuedSynchronizer$ConditionObject.await(AbstractQueuedSynchronizer.java:2039)
        at java.util.concurrent.ScheduledThreadPoolExecutor$DelayedWorkQueue.take(ScheduledThreadPoolExecutor.java:1088)
        at java.util.concurrent.ScheduledThreadPoolExecutor$DelayedWorkQueue.take(ScheduledThreadPoolExecutor.java:809)
        at java.util.concurrent.ThreadPoolExecutor.getTask(ThreadPoolExecutor.java:1074)
        at java.util.concurrent.ThreadPoolExecutor.runWorker(ThreadPoolExecutor.java:1134)
        at java.util.concurrent.ThreadPoolExecutor$Worker.run(ThreadPoolExecutor.java:624)
        at java.lang.Thread.run(Thread.java:748)
"qtp980429648-3471" daemon prio=5 tid=3471 timed_waiting
java.lang.Thread.State: TIMED_WAITING
        at sun.misc.Unsafe.park(Native Method)
        at java.util.concurrent.locks.LockSupport.parkNanos(LockSupport.java:215)
        at java.util.concurrent.locks.AbstractQueuedSynchronizer$ConditionObject.awaitNanos(AbstractQueuedSynchronizer.java:2078)
        at org.eclipse.jetty.util.BlockingArrayQueue.poll(BlockingArrayQueue.java:382)
        at org.eclipse.jetty.util.thread.QueuedThreadPool$Runner.idleJobPoll(QueuedThreadPool.java:974)
        at org.eclipse.jetty.util.thread.QueuedThreadPool$Runner.run(QueuedThreadPool.java:1018)
        at java.lang.Thread.run(Thread.java:748)
"Session-HouseKeeper-576e87b2-1"  prio=5 tid=3500 timed_waiting
java.lang.Thread.State: TIMED_WAITING
        at sun.misc.Unsafe.park(Native Method)
        at java.util.concurrent.locks.LockSupport.parkNanos(LockSupport.java:215)
        at java.util.concurrent.locks.AbstractQueuedSynchronizer$ConditionObject.awaitNanos(AbstractQueuedSynchronizer.java:2078)
        at java.util.concurrent.ScheduledThreadPoolExecutor$DelayedWorkQueue.take(ScheduledThreadPoolExecutor.java:1093)
        at java.util.concurrent.ScheduledThreadPoolExecutor$DelayedWorkQueue.take(ScheduledThreadPoolExecutor.java:809)
        at java.util.concurrent.ThreadPoolExecutor.getTask(ThreadPoolExecutor.java:1074)
        at java.util.concurrent.ThreadPoolExecutor.runWorker(ThreadPoolExecutor.java:1134)
        at java.util.concurrent.ThreadPoolExecutor$Worker.run(ThreadPoolExecutor.java:624)
        at java.lang.Thread.run(Thread.java:748)
"qtp706884900-3355" daemon prio=5 tid=3355 timed_waiting
java.lang.Thread.State: TIMED_WAITING
        at sun.misc.Unsafe.park(Native Method)
        at java.util.concurrent.locks.LockSupport.parkNanos(LockSupport.java:215)
        at java.util.concurrent.locks.AbstractQueuedSynchronizer$ConditionObject.awaitNanos(AbstractQueuedSynchronizer.java:2078)
        at org.eclipse.jetty.util.BlockingArrayQueue.poll(BlockingArrayQueue.java:382)
        at org.eclipse.jetty.util.thread.QueuedThreadPool$Runner.idleJobPoll(QueuedThreadPool.java:974)
        at org.eclipse.jetty.util.thread.QueuedThreadPool$Runner.run(QueuedThreadPool.java:1018)
        at java.lang.Thread.run(Thread.java:748)
"Datanode ReportManager Thread - 4" daemon prio=5 tid=2213 in Object.wait()
java.lang.Thread.State: WAITING (on object monitor)
        at sun.misc.Unsafe.park(Native Method)
        at java.util.concurrent.locks.LockSupport.park(LockSupport.java:175)
        at java.util.concurrent.locks.AbstractQueuedSynchronizer$ConditionObject.await(AbstractQueuedSynchronizer.java:2039)
        at java.util.concurrent.ScheduledThreadPoolExecutor$DelayedWorkQueue.take(ScheduledThreadPoolExecutor.java:1088)
        at java.util.concurrent.ScheduledThreadPoolExecutor$DelayedWorkQueue.take(ScheduledThreadPoolExecutor.java:809)
        at java.util.concurrent.ThreadPoolExecutor.getTask(ThreadPoolExecutor.java:1074)
        at java.util.concurrent.ThreadPoolExecutor.runWorker(ThreadPoolExecutor.java:1134)
        at java.util.concurrent.ThreadPoolExecutor$Worker.run(ThreadPoolExecutor.java:624)
        at java.lang.Thread.run(Thread.java:748)
"qtp706884900-3356" daemon prio=5 tid=3356 timed_waiting
java.lang.Thread.State: TIMED_WAITING
        at sun.misc.Unsafe.park(Native Method)
        at java.util.concurrent.locks.LockSupport.parkNanos(LockSupport.java:215)
        at java.util.concurrent.locks.AbstractQueuedSynchronizer$ConditionObject.awaitNanos(AbstractQueuedSynchronizer.java:2078)
        at org.eclipse.jetty.util.BlockingArrayQueue.poll(BlockingArrayQueue.java:382)
        at org.eclipse.jetty.util.thread.QueuedThreadPool$Runner.idleJobPoll(QueuedThreadPool.java:974)
        at org.eclipse.jetty.util.thread.QueuedThreadPool$Runner.run(QueuedThreadPool.java:1018)
        at java.lang.Thread.run(Thread.java:748)
"Datanode State Machine Task Thread - 0"  prio=5 tid=3510 in Object.wait()
java.lang.Thread.State: WAITING (on object monitor)
        at sun.misc.Unsafe.park(Native Method)
        at java.util.concurrent.locks.LockSupport.park(LockSupport.java:175)
        at java.util.concurrent.locks.AbstractQueuedSynchronizer$ConditionObject.await(AbstractQueuedSynchronizer.java:2039)
        at java.util.concurrent.LinkedBlockingQueue.take(LinkedBlockingQueue.java:442)
        at java.util.concurrent.ThreadPoolExecutor.getTask(ThreadPoolExecutor.java:1074)
        at java.util.concurrent.ThreadPoolExecutor.runWorker(ThreadPoolExecutor.java:1134)
        at java.util.concurrent.ThreadPoolExecutor$Worker.run(ThreadPoolExecutor.java:624)
        at java.lang.Thread.run(Thread.java:748)
"Datanode ReportManager Thread - 3" daemon prio=5 tid=2238 in Object.wait()
java.lang.Thread.State: WAITING (on object monitor)
        at sun.misc.Unsafe.park(Native Method)
        at java.util.concurrent.locks.LockSupport.park(LockSupport.java:175)
        at java.util.concurrent.locks.AbstractQueuedSynchronizer$ConditionObject.await(AbstractQueuedSynchronizer.java:2039)
        at java.util.concurrent.ScheduledThreadPoolExecutor$DelayedWorkQueue.take(ScheduledThreadPoolExecutor.java:1088)
        at java.util.concurrent.ScheduledThreadPoolExecutor$DelayedWorkQueue.take(ScheduledThreadPoolExecutor.java:809)
        at java.util.concurrent.ThreadPoolExecutor.getTask(ThreadPoolExecutor.java:1074)
        at java.util.concurrent.ThreadPoolExecutor.runWorker(ThreadPoolExecutor.java:1134)
        at java.util.concurrent.ThreadPoolExecutor$Worker.run(ThreadPoolExecutor.java:624)
        at java.lang.Thread.run(Thread.java:748)
"Datanode ReportManager Thread - 0" daemon prio=5 tid=3477 in Object.wait()
java.lang.Thread.State: WAITING (on object monitor)
        at sun.misc.Unsafe.park(Native Method)
        at java.util.concurrent.locks.LockSupport.park(LockSupport.java:175)
        at java.util.concurrent.locks.AbstractQueuedSynchronizer$ConditionObject.await(AbstractQueuedSynchronizer.java:2039)
        at java.util.concurrent.ScheduledThreadPoolExecutor$DelayedWorkQueue.take(ScheduledThreadPoolExecutor.java:1088)
        at java.util.concurrent.ScheduledThreadPoolExecutor$DelayedWorkQueue.take(ScheduledThreadPoolExecutor.java:809)
        at java.util.concurrent.ThreadPoolExecutor.getTask(ThreadPoolExecutor.java:1074)
        at java.util.concurrent.ThreadPoolExecutor.runWorker(ThreadPoolExecutor.java:1134)
        at java.util.concurrent.ThreadPoolExecutor$Worker.run(ThreadPoolExecutor.java:624)
        at java.lang.Thread.run(Thread.java:748)
"IPC Server handler 14 on default port 43677" daemon prio=5 tid=3342 timed_waiting
java.lang.Thread.State: TIMED_WAITING
        at sun.misc.Unsafe.park(Native Method)
        at java.util.concurrent.locks.LockSupport.parkNanos(LockSupport.java:215)
        at java.util.concurrent.locks.AbstractQueuedSynchronizer$ConditionObject.awaitNanos(AbstractQueuedSynchronizer.java:2078)
        at java.util.concurrent.LinkedBlockingQueue.poll(LinkedBlockingQueue.java:467)
        at org.apache.hadoop.ipc.CallQueueManager.take(CallQueueManager.java:317)
        at org.apache.hadoop.ipc.Server$Handler.run(Server.java:2932)
"qtp243164435-3383" daemon prio=5 tid=3383 timed_waiting
java.lang.Thread.State: TIMED_WAITING
        at sun.misc.Unsafe.park(Native Method)
        at java.util.concurrent.locks.LockSupport.parkNanos(LockSupport.java:215)
        at java.util.concurrent.locks.AbstractQueuedSynchronizer$ConditionObject.awaitNanos(AbstractQueuedSynchronizer.java:2078)
        at org.eclipse.jetty.util.BlockingArrayQueue.poll(BlockingArrayQueue.java:382)
        at org.eclipse.jetty.util.thread.QueuedThreadPool$Runner.idleJobPoll(QueuedThreadPool.java:974)
        at org.eclipse.jetty.util.thread.QueuedThreadPool$Runner.run(QueuedThreadPool.java:1018)
        at java.lang.Thread.run(Thread.java:748)
"BlockDeletingService#2" daemon prio=5 tid=3692 in Object.wait()
java.lang.Thread.State: WAITING (on object monitor)
        at sun.misc.Unsafe.park(Native Method)
        at java.util.concurrent.locks.LockSupport.park(LockSupport.java:175)
        at java.util.concurrent.locks.AbstractQueuedSynchronizer$ConditionObject.await(AbstractQueuedSynchronizer.java:2039)
        at java.util.concurrent.ScheduledThreadPoolExecutor$DelayedWorkQueue.take(ScheduledThreadPoolExecutor.java:1088)
        at java.util.concurrent.ScheduledThreadPoolExecutor$DelayedWorkQueue.take(ScheduledThreadPoolExecutor.java:809)
        at java.util.concurrent.ThreadPoolExecutor.getTask(ThreadPoolExecutor.java:1074)
        at java.util.concurrent.ThreadPoolExecutor.runWorker(ThreadPoolExecutor.java:1134)
        at java.util.concurrent.ThreadPoolExecutor$Worker.run(ThreadPoolExecutor.java:624)
        at java.lang.Thread.run(Thread.java:748)
"IPC Server listener on 0" daemon prio=5 tid=3277 runnable
java.lang.Thread.State: RUNNABLE
        at sun.nio.ch.EPollArrayWrapper.epollWait(Native Method)
        at sun.nio.ch.EPollArrayWrapper.poll(EPollArrayWrapper.java:269)
        at sun.nio.ch.EPollSelectorImpl.doSelect(EPollSelectorImpl.java:93)
        at sun.nio.ch.SelectorImpl.lockAndDoSelect(SelectorImpl.java:86)
        at sun.nio.ch.SelectorImpl.select(SelectorImpl.java:97)
        at sun.nio.ch.SelectorImpl.select(SelectorImpl.java:101)
        at org.apache.hadoop.ipc.Server$Listener.run(Server.java:1350)
"PartialTableCache Cleanup Thread - 0" daemon prio=5 tid=383 in Object.wait()
java.lang.Thread.State: WAITING (on object monitor)
        at sun.misc.Unsafe.park(Native Method)
        at java.util.concurrent.locks.LockSupport.park(LockSupport.java:175)
        at java.util.concurrent.locks.AbstractQueuedSynchronizer$ConditionObject.await(AbstractQueuedSynchronizer.java:2039)
        at java.util.concurrent.LinkedBlockingQueue.take(LinkedBlockingQueue.java:442)
        at java.util.concurrent.ThreadPoolExecutor.getTask(ThreadPoolExecutor.java:1074)
        at java.util.concurrent.ThreadPoolExecutor.runWorker(ThreadPoolExecutor.java:1134)
        at java.util.concurrent.ThreadPoolExecutor$Worker.run(ThreadPoolExecutor.java:624)
        at java.lang.Thread.run(Thread.java:748)
"org.apache.hadoop.ozone.container.common.statemachine.commandhandler.DeleteBlocksCommandHandler$DeleteCmdWorker@567a3bb" daemon prio=5 tid=3465 timed_waiting
java.lang.Thread.State: TIMED_WAITING
        at java.lang.Thread.sleep(Native Method)
        at org.apache.hadoop.ozone.container.common.statemachine.commandhandler.DeleteBlocksCommandHandler$DeleteCmdWorker.run(DeleteBlocksCommandHandler.java:175)
        at java.lang.Thread.run(Thread.java:748)
"49fe3bb7-2dae-482d-a175-9585c41bacad@group-677DDB1507C0-SegmentedRaftLogWorker"  prio=5 tid=3567 timed_waiting
java.lang.Thread.State: TIMED_WAITING
        at sun.misc.Unsafe.park(Native Method)
        at java.util.concurrent.locks.LockSupport.parkNanos(LockSupport.java:215)
        at java.util.concurrent.locks.AbstractQueuedSynchronizer$ConditionObject.awaitNanos(AbstractQueuedSynchronizer.java:2078)
        at org.apache.ratis.util.DataBlockingQueue.poll(DataBlockingQueue.java:137)
        at org.apache.ratis.server.raftlog.segmented.SegmentedRaftLogWorker.run(SegmentedRaftLogWorker.java:292)
        at org.apache.ratis.server.raftlog.segmented.SegmentedRaftLogWorker$$Lambda$471/1580114807.run(Unknown Source)
        at java.lang.Thread.run(Thread.java:748)
"Datanode ReportManager Thread - 1" daemon prio=5 tid=1764 in Object.wait()
java.lang.Thread.State: WAITING (on object monitor)
        at sun.misc.Unsafe.park(Native Method)
        at java.util.concurrent.locks.LockSupport.park(LockSupport.java:175)
        at java.util.concurrent.locks.AbstractQueuedSynchronizer$ConditionObject.await(AbstractQueuedSynchronizer.java:2039)
        at java.util.concurrent.ScheduledThreadPoolExecutor$DelayedWorkQueue.take(ScheduledThreadPoolExecutor.java:1088)
        at java.util.concurrent.ScheduledThreadPoolExecutor$DelayedWorkQueue.take(ScheduledThreadPoolExecutor.java:809)
        at java.util.concurrent.ThreadPoolExecutor.getTask(ThreadPoolExecutor.java:1074)
        at java.util.concurrent.ThreadPoolExecutor.runWorker(ThreadPoolExecutor.java:1134)
        at java.util.concurrent.ThreadPoolExecutor$Worker.run(ThreadPoolExecutor.java:624)
        at java.lang.Thread.run(Thread.java:748)
"Datanode ReportManager Thread - 4" daemon prio=5 tid=3481 in Object.wait()
java.lang.Thread.State: WAITING (on object monitor)
        at sun.misc.Unsafe.park(Native Method)
        at java.util.concurrent.locks.LockSupport.park(LockSupport.java:175)
        at java.util.concurrent.locks.AbstractQueuedSynchronizer$ConditionObject.await(AbstractQueuedSynchronizer.java:2039)
        at java.util.concurrent.ScheduledThreadPoolExecutor$DelayedWorkQueue.take(ScheduledThreadPoolExecutor.java:1088)
        at java.util.concurrent.ScheduledThreadPoolExecutor$DelayedWorkQueue.take(ScheduledThreadPoolExecutor.java:809)
        at java.util.concurrent.ThreadPoolExecutor.getTask(ThreadPoolExecutor.java:1074)
        at java.util.concurrent.ThreadPoolExecutor.runWorker(ThreadPoolExecutor.java:1134)
        at java.util.concurrent.ThreadPoolExecutor$Worker.run(ThreadPoolExecutor.java:624)
        at java.lang.Thread.run(Thread.java:748)
"EndpointStateMachine task thread for /0.0.0.0:46785 - 0 "  prio=5 tid=2285 in Object.wait()
java.lang.Thread.State: WAITING (on object monitor)
        at sun.misc.Unsafe.park(Native Method)
        at java.util.concurrent.locks.LockSupport.park(LockSupport.java:175)
        at java.util.concurrent.locks.AbstractQueuedSynchronizer$ConditionObject.await(AbstractQueuedSynchronizer.java:2039)
        at java.util.concurrent.LinkedBlockingQueue.take(LinkedBlockingQueue.java:442)
        at java.util.concurrent.ThreadPoolExecutor.getTask(ThreadPoolExecutor.java:1074)
        at java.util.concurrent.ThreadPoolExecutor.runWorker(ThreadPoolExecutor.java:1134)
        at java.util.concurrent.ThreadPoolExecutor$Worker.run(ThreadPoolExecutor.java:624)
        at java.lang.Thread.run(Thread.java:748)
"45f86aeb-e384-4aa9-8d84-a9c74618d31d@group-D3C789E88085-SegmentedRaftLogWorker"  prio=5 tid=3576 timed_waiting
java.lang.Thread.State: TIMED_WAITING
        at sun.misc.Unsafe.park(Native Method)
        at java.util.concurrent.locks.LockSupport.parkNanos(LockSupport.java:215)
        at java.util.concurrent.locks.AbstractQueuedSynchronizer$ConditionObject.awaitNanos(AbstractQueuedSynchronizer.java:2078)
        at org.apache.ratis.util.DataBlockingQueue.poll(DataBlockingQueue.java:137)
        at org.apache.ratis.server.raftlog.segmented.SegmentedRaftLogWorker.run(SegmentedRaftLogWorker.java:292)
        at org.apache.ratis.server.raftlog.segmented.SegmentedRaftLogWorker$$Lambda$471/1580114807.run(Unknown Source)
        at java.lang.Thread.run(Thread.java:748)
"qtp243164435-3380" daemon prio=5 tid=3380 timed_waiting
java.lang.Thread.State: TIMED_WAITING
        at sun.misc.Unsafe.park(Native Method)
        at java.util.concurrent.locks.LockSupport.parkNanos(LockSupport.java:215)
        at java.util.concurrent.locks.AbstractQueuedSynchronizer$ConditionObject.awaitNanos(AbstractQueuedSynchronizer.java:2078)
        at org.eclipse.jetty.util.BlockingArrayQueue.poll(BlockingArrayQueue.java:382)
        at org.eclipse.jetty.util.thread.QueuedThreadPool$Runner.idleJobPoll(QueuedThreadPool.java:974)
        at org.eclipse.jetty.util.thread.QueuedThreadPool$Runner.run(QueuedThreadPool.java:1018)
        at java.lang.Thread.run(Thread.java:748)
"qtp980429648-3472" daemon prio=5 tid=3472 timed_waiting
java.lang.Thread.State: TIMED_WAITING
        at sun.misc.Unsafe.park(Native Method)
        at java.util.concurrent.locks.LockSupport.parkNanos(LockSupport.java:215)
        at java.util.concurrent.locks.AbstractQueuedSynchronizer$ConditionObject.awaitNanos(AbstractQueuedSynchronizer.java:2078)
        at org.eclipse.jetty.util.BlockingArrayQueue.poll(BlockingArrayQueue.java:382)
        at org.eclipse.jetty.util.thread.QueuedThreadPool$Runner.idleJobPoll(QueuedThreadPool.java:974)
        at org.eclipse.jetty.util.thread.QueuedThreadPool$Runner.run(QueuedThreadPool.java:1018)
        at java.lang.Thread.run(Thread.java:748)
"qtp243164435-3381" daemon prio=5 tid=3381 timed_waiting
java.lang.Thread.State: TIMED_WAITING
        at sun.misc.Unsafe.park(Native Method)
        at java.util.concurrent.locks.LockSupport.parkNanos(LockSupport.java:215)
        at java.util.concurrent.locks.AbstractQueuedSynchronizer$ConditionObject.awaitNanos(AbstractQueuedSynchronizer.java:2078)
        at org.eclipse.jetty.util.BlockingArrayQueue.poll(BlockingArrayQueue.java:382)
        at org.eclipse.jetty.util.thread.QueuedThreadPool$Runner.idleJobPoll(QueuedThreadPool.java:974)
        at org.eclipse.jetty.util.thread.QueuedThreadPool$Runner.run(QueuedThreadPool.java:1018)
        at java.lang.Thread.run(Thread.java:748)
"Datanode ReportManager Thread - 2" daemon prio=5 tid=1360 in Object.wait()
java.lang.Thread.State: WAITING (on object monitor)
        at sun.misc.Unsafe.park(Native Method)
        at java.util.concurrent.locks.LockSupport.park(LockSupport.java:175)
        at java.util.concurrent.locks.AbstractQueuedSynchronizer$ConditionObject.await(AbstractQueuedSynchronizer.java:2039)
        at java.util.concurrent.ScheduledThreadPoolExecutor$DelayedWorkQueue.take(ScheduledThreadPoolExecutor.java:1088)
        at java.util.concurrent.ScheduledThreadPoolExecutor$DelayedWorkQueue.take(ScheduledThreadPoolExecutor.java:809)
        at java.util.concurrent.ThreadPoolExecutor.getTask(ThreadPoolExecutor.java:1074)
        at java.util.concurrent.ThreadPoolExecutor.runWorker(ThreadPoolExecutor.java:1134)
        at java.util.concurrent.ThreadPoolExecutor$Worker.run(ThreadPoolExecutor.java:624)
        at java.lang.Thread.run(Thread.java:748)
"qtp115531689-3442" daemon prio=5 tid=3442 timed_waiting
java.lang.Thread.State: TIMED_WAITING
        at sun.misc.Unsafe.park(Native Method)
        at java.util.concurrent.locks.LockSupport.parkNanos(LockSupport.java:215)
        at java.util.concurrent.locks.AbstractQueuedSynchronizer$ConditionObject.awaitNanos(AbstractQueuedSynchronizer.java:2078)
        at org.eclipse.jetty.util.BlockingArrayQueue.poll(BlockingArrayQueue.java:382)
        at org.eclipse.jetty.util.thread.QueuedThreadPool$Runner.idleJobPoll(QueuedThreadPool.java:974)
        at org.eclipse.jetty.util.thread.QueuedThreadPool$Runner.run(QueuedThreadPool.java:1018)
        at java.lang.Thread.run(Thread.java:748)
"PartialTableCache Cleanup Thread - 0" daemon prio=5 tid=2027 in Object.wait()
java.lang.Thread.State: WAITING (on object monitor)
        at sun.misc.Unsafe.park(Native Method)
        at java.util.concurrent.locks.LockSupport.park(LockSupport.java:175)
        at java.util.concurrent.locks.AbstractQueuedSynchronizer$ConditionObject.await(AbstractQueuedSynchronizer.java:2039)
        at java.util.concurrent.LinkedBlockingQueue.take(LinkedBlockingQueue.java:442)
        at java.util.concurrent.ThreadPoolExecutor.getTask(ThreadPoolExecutor.java:1074)
        at java.util.concurrent.ThreadPoolExecutor.runWorker(ThreadPoolExecutor.java:1134)
        at java.util.concurrent.ThreadPoolExecutor$Worker.run(ThreadPoolExecutor.java:624)
        at java.lang.Thread.run(Thread.java:748)
"Datanode ReportManager Thread - 4" daemon prio=5 tid=3431 in Object.wait()
java.lang.Thread.State: WAITING (on object monitor)
        at sun.misc.Unsafe.park(Native Method)
        at java.util.concurrent.locks.LockSupport.park(LockSupport.java:175)
        at java.util.concurrent.locks.AbstractQueuedSynchronizer$ConditionObject.await(AbstractQueuedSynchronizer.java:2039)
        at java.util.concurrent.ScheduledThreadPoolExecutor$DelayedWorkQueue.take(ScheduledThreadPoolExecutor.java:1088)
        at java.util.concurrent.ScheduledThreadPoolExecutor$DelayedWorkQueue.take(ScheduledThreadPoolExecutor.java:809)
        at java.util.concurrent.ThreadPoolExecutor.getTask(ThreadPoolExecutor.java:1074)
        at java.util.concurrent.ThreadPoolExecutor.runWorker(ThreadPoolExecutor.java:1134)
        at java.util.concurrent.ThreadPoolExecutor$Worker.run(ThreadPoolExecutor.java:624)
        at java.lang.Thread.run(Thread.java:748)
"DirectoryDeletingService#0" daemon prio=5 tid=3376 timed_waiting
java.lang.Thread.State: TIMED_WAITING
        at sun.misc.Unsafe.park(Native Method)
        at java.util.concurrent.locks.LockSupport.parkNanos(LockSupport.java:215)
        at java.util.concurrent.locks.AbstractQueuedSynchronizer$ConditionObject.awaitNanos(AbstractQueuedSynchronizer.java:2078)
        at java.util.concurrent.ScheduledThreadPoolExecutor$DelayedWorkQueue.take(ScheduledThreadPoolExecutor.java:1093)
        at java.util.concurrent.ScheduledThreadPoolExecutor$DelayedWorkQueue.take(ScheduledThreadPoolExecutor.java:809)
        at java.util.concurrent.ThreadPoolExecutor.getTask(ThreadPoolExecutor.java:1074)
        at java.util.concurrent.ThreadPoolExecutor.runWorker(ThreadPoolExecutor.java:1134)
        at java.util.concurrent.ThreadPoolExecutor$Worker.run(ThreadPoolExecutor.java:624)
        at java.lang.Thread.run(Thread.java:748)
"IPC Server handler 18 on default port 43625" daemon prio=5 tid=3306 timed_waiting
java.lang.Thread.State: TIMED_WAITING
        at sun.misc.Unsafe.park(Native Method)
        at java.util.concurrent.locks.LockSupport.parkNanos(LockSupport.java:215)
        at java.util.concurrent.locks.AbstractQueuedSynchronizer$ConditionObject.awaitNanos(AbstractQueuedSynchronizer.java:2078)
        at java.util.concurrent.LinkedBlockingQueue.poll(LinkedBlockingQueue.java:467)
        at org.apache.hadoop.ipc.CallQueueManager.take(CallQueueManager.java:317)
        at org.apache.hadoop.ipc.Server$Handler.run(Server.java:2932)
"qtp115531689-3446" daemon prio=5 tid=3446 timed_waiting
java.lang.Thread.State: TIMED_WAITING
        at sun.misc.Unsafe.park(Native Method)
        at java.util.concurrent.locks.LockSupport.parkNanos(LockSupport.java:215)
        at java.util.concurrent.locks.AbstractQueuedSynchronizer$ConditionObject.awaitNanos(AbstractQueuedSynchronizer.java:2078)
        at org.eclipse.jetty.util.BlockingArrayQueue.poll(BlockingArrayQueue.java:382)
        at org.eclipse.jetty.util.thread.QueuedThreadPool$Runner.idleJobPoll(QueuedThreadPool.java:974)
        at org.eclipse.jetty.util.thread.QueuedThreadPool$Runner.run(QueuedThreadPool.java:1018)
        at java.lang.Thread.run(Thread.java:748)
"qtp243164435-3378" daemon prio=5 tid=3378 timed_waiting
java.lang.Thread.State: TIMED_WAITING
        at sun.misc.Unsafe.park(Native Method)
        at java.util.concurrent.locks.LockSupport.parkNanos(LockSupport.java:215)
        at java.util.concurrent.locks.AbstractQueuedSynchronizer$ConditionObject.awaitNanos(AbstractQueuedSynchronizer.java:2078)
        at org.eclipse.jetty.util.BlockingArrayQueue.poll(BlockingArrayQueue.java:382)
        at org.eclipse.jetty.util.thread.QueuedThreadPool$Runner.idleJobPoll(QueuedThreadPool.java:974)
        at org.eclipse.jetty.util.thread.QueuedThreadPool$Runner.run(QueuedThreadPool.java:1018)
        at java.lang.Thread.run(Thread.java:748)
"qtp115531689-3444-acceptor-0@70d39551-ServerConnector@7164d793{HTTP/1.1, (http/1.1)}{0.0.0.0:37445}" daemon prio=3 tid=3444 runnable
java.lang.Thread.State: RUNNABLE
        at sun.nio.ch.ServerSocketChannelImpl.accept0(Native Method)
        at sun.nio.ch.ServerSocketChannelImpl.accept(ServerSocketChannelImpl.java:421)
        at sun.nio.ch.ServerSocketChannelImpl.accept(ServerSocketChannelImpl.java:249)
        at org.eclipse.jetty.server.ServerConnector.accept(ServerConnector.java:388)
        at org.eclipse.jetty.server.AbstractConnector$Acceptor.run(AbstractConnector.java:702)
        at org.eclipse.jetty.util.thread.QueuedThreadPool.runJob(QueuedThreadPool.java:883)
        at org.eclipse.jetty.util.thread.QueuedThreadPool$Runner.run(QueuedThreadPool.java:1034)
        at java.lang.Thread.run(Thread.java:748)
"Datanode ReportManager Thread - 0" daemon prio=5 tid=3452 in Object.wait()
java.lang.Thread.State: WAITING (on object monitor)
        at sun.misc.Unsafe.park(Native Method)
        at java.util.concurrent.locks.LockSupport.park(LockSupport.java:175)
        at java.util.concurrent.locks.AbstractQueuedSynchronizer$ConditionObject.await(AbstractQueuedSynchronizer.java:2039)
        at java.util.concurrent.ScheduledThreadPoolExecutor$DelayedWorkQueue.take(ScheduledThreadPoolExecutor.java:1088)
        at java.util.concurrent.ScheduledThreadPoolExecutor$DelayedWorkQueue.take(ScheduledThreadPoolExecutor.java:809)
        at java.util.concurrent.ThreadPoolExecutor.getTask(ThreadPoolExecutor.java:1074)
        at java.util.concurrent.ThreadPoolExecutor.runWorker(ThreadPoolExecutor.java:1134)
        at java.util.concurrent.ThreadPoolExecutor$Worker.run(ThreadPoolExecutor.java:624)
        at java.lang.Thread.run(Thread.java:748)
"IPC Server handler 6 on default port 43625" daemon prio=5 tid=3294 timed_waiting
java.lang.Thread.State: TIMED_WAITING
        at sun.misc.Unsafe.park(Native Method)
        at java.util.concurrent.locks.LockSupport.parkNanos(LockSupport.java:215)
        at java.util.concurrent.locks.AbstractQueuedSynchronizer$ConditionObject.awaitNanos(AbstractQueuedSynchronizer.java:2078)
        at java.util.concurrent.LinkedBlockingQueue.poll(LinkedBlockingQueue.java:467)
        at org.apache.hadoop.ipc.CallQueueManager.take(CallQueueManager.java:317)
        at org.apache.hadoop.ipc.Server$Handler.run(Server.java:2932)
"EventQueue-PipelineReportForPipelineReportHandler" daemon prio=5 tid=3543 in Object.wait()
java.lang.Thread.State: WAITING (on object monitor)
        at sun.misc.Unsafe.park(Native Method)
        at java.util.concurrent.locks.LockSupport.park(LockSupport.java:175)
        at java.util.concurrent.locks.AbstractQueuedSynchronizer$ConditionObject.await(AbstractQueuedSynchronizer.java:2039)
        at java.util.concurrent.LinkedBlockingQueue.take(LinkedBlockingQueue.java:442)
        at java.util.concurrent.ThreadPoolExecutor.getTask(ThreadPoolExecutor.java:1074)
        at java.util.concurrent.ThreadPoolExecutor.runWorker(ThreadPoolExecutor.java:1134)
        at java.util.concurrent.ThreadPoolExecutor$Worker.run(ThreadPoolExecutor.java:624)
        at java.lang.Thread.run(Thread.java:748)
"qtp1910453219-3422" daemon prio=5 tid=3422 timed_waiting
java.lang.Thread.State: TIMED_WAITING
        at sun.misc.Unsafe.park(Native Method)
        at java.util.concurrent.locks.LockSupport.parkNanos(LockSupport.java:215)
        at java.util.concurrent.locks.AbstractQueuedSynchronizer$ConditionObject.awaitNanos(AbstractQueuedSynchronizer.java:2078)
        at org.eclipse.jetty.util.BlockingArrayQueue.poll(BlockingArrayQueue.java:382)
        at org.eclipse.jetty.util.thread.QueuedThreadPool$Runner.idleJobPoll(QueuedThreadPool.java:974)
        at org.eclipse.jetty.util.thread.QueuedThreadPool$Runner.run(QueuedThreadPool.java:1018)
        at java.lang.Thread.run(Thread.java:748)
"Datanode ReportManager Thread - 1" daemon prio=5 tid=3504 timed_waiting
java.lang.Thread.State: TIMED_WAITING
        at sun.misc.Unsafe.park(Native Method)
        at java.util.concurrent.locks.LockSupport.parkNanos(LockSupport.java:215)
        at java.util.concurrent.locks.AbstractQueuedSynchronizer$ConditionObject.awaitNanos(AbstractQueuedSynchronizer.java:2078)
        at java.util.concurrent.ScheduledThreadPoolExecutor$DelayedWorkQueue.take(ScheduledThreadPoolExecutor.java:1093)
        at java.util.concurrent.ScheduledThreadPoolExecutor$DelayedWorkQueue.take(ScheduledThreadPoolExecutor.java:809)
        at java.util.concurrent.ThreadPoolExecutor.getTask(ThreadPoolExecutor.java:1074)
        at java.util.concurrent.ThreadPoolExecutor.runWorker(ThreadPoolExecutor.java:1134)
        at java.util.concurrent.ThreadPoolExecutor$Worker.run(ThreadPoolExecutor.java:624)
        at java.lang.Thread.run(Thread.java:748)
"Datanode State Machine Task Thread - 1"  prio=5 tid=3520 in Object.wait()
java.lang.Thread.State: WAITING (on object monitor)
        at sun.misc.Unsafe.park(Native Method)
        at java.util.concurrent.locks.LockSupport.park(LockSupport.java:175)
        at java.util.concurrent.locks.AbstractQueuedSynchronizer$ConditionObject.await(AbstractQueuedSynchronizer.java:2039)
        at java.util.concurrent.LinkedBlockingQueue.take(LinkedBlockingQueue.java:442)
        at java.util.concurrent.ThreadPoolExecutor.getTask(ThreadPoolExecutor.java:1074)
        at java.util.concurrent.ThreadPoolExecutor.runWorker(ThreadPoolExecutor.java:1134)
        at java.util.concurrent.ThreadPoolExecutor$Worker.run(ThreadPoolExecutor.java:624)
        at java.lang.Thread.run(Thread.java:748)
"IPC Server handler 8 on default port 43677" daemon prio=5 tid=3336 timed_waiting
java.lang.Thread.State: TIMED_WAITING
        at sun.misc.Unsafe.park(Native Method)
        at java.util.concurrent.locks.LockSupport.parkNanos(LockSupport.java:215)
        at java.util.concurrent.locks.AbstractQueuedSynchronizer$ConditionObject.awaitNanos(AbstractQueuedSynchronizer.java:2078)
        at java.util.concurrent.LinkedBlockingQueue.poll(LinkedBlockingQueue.java:467)
        at org.apache.hadoop.ipc.CallQueueManager.take(CallQueueManager.java:317)
        at org.apache.hadoop.ipc.Server$Handler.run(Server.java:2932)
"Session-HouseKeeper-2ca7ee0c-1"  prio=5 tid=3475 timed_waiting
java.lang.Thread.State: TIMED_WAITING
        at sun.misc.Unsafe.park(Native Method)
        at java.util.concurrent.locks.LockSupport.parkNanos(LockSupport.java:215)
        at java.util.concurrent.locks.AbstractQueuedSynchronizer$ConditionObject.awaitNanos(AbstractQueuedSynchronizer.java:2078)
        at java.util.concurrent.ScheduledThreadPoolExecutor$DelayedWorkQueue.take(ScheduledThreadPoolExecutor.java:1093)
        at java.util.concurrent.ScheduledThreadPoolExecutor$DelayedWorkQueue.take(ScheduledThreadPoolExecutor.java:809)
        at java.util.concurrent.ThreadPoolExecutor.getTask(ThreadPoolExecutor.java:1074)
        at java.util.concurrent.ThreadPoolExecutor.runWorker(ThreadPoolExecutor.java:1134)
        at java.util.concurrent.ThreadPoolExecutor$Worker.run(ThreadPoolExecutor.java:624)
        at java.lang.Thread.run(Thread.java:748)
"org.apache.hadoop.ozone.container.common.statemachine.commandhandler.DeleteBlocksCommandHandler$DeleteCmdWorker@6ab8fdb2" daemon prio=5 tid=240 runnable
java.lang.Thread.State: RUNNABLE
        at java.lang.Thread.sleep(Native Method)
        at org.apache.hadoop.ozone.container.common.statemachine.commandhandler.DeleteBlocksCommandHandler$DeleteCmdWorker.run(DeleteBlocksCommandHandler.java:175)
        at java.lang.Thread.run(Thread.java:748)
"DatanodeAdminManager-0" daemon prio=5 tid=3272 timed_waiting
java.lang.Thread.State: TIMED_WAITING
        at sun.misc.Unsafe.park(Native Method)
        at java.util.concurrent.locks.LockSupport.parkNanos(LockSupport.java:215)
        at java.util.concurrent.locks.AbstractQueuedSynchronizer$ConditionObject.awaitNanos(AbstractQueuedSynchronizer.java:2078)
        at java.util.concurrent.ScheduledThreadPoolExecutor$DelayedWorkQueue.take(ScheduledThreadPoolExecutor.java:1093)
        at java.util.concurrent.ScheduledThreadPoolExecutor$DelayedWorkQueue.take(ScheduledThreadPoolExecutor.java:809)
        at java.util.concurrent.ThreadPoolExecutor.getTask(ThreadPoolExecutor.java:1074)
        at java.util.concurrent.ThreadPoolExecutor.runWorker(ThreadPoolExecutor.java:1134)
        at java.util.concurrent.ThreadPoolExecutor$Worker.run(ThreadPoolExecutor.java:624)
        at java.lang.Thread.run(Thread.java:748)
"Datanode ReportManager Thread - 4" daemon prio=5 tid=2264 in Object.wait()
java.lang.Thread.State: WAITING (on object monitor)
        at sun.misc.Unsafe.park(Native Method)
        at java.util.concurrent.locks.LockSupport.park(LockSupport.java:175)
        at java.util.concurrent.locks.AbstractQueuedSynchronizer$ConditionObject.await(AbstractQueuedSynchronizer.java:2039)
        at java.util.concurrent.ScheduledThreadPoolExecutor$DelayedWorkQueue.take(ScheduledThreadPoolExecutor.java:1088)
        at java.util.concurrent.ScheduledThreadPoolExecutor$DelayedWorkQueue.take(ScheduledThreadPoolExecutor.java:809)
        at java.util.concurrent.ThreadPoolExecutor.getTask(ThreadPoolExecutor.java:1074)
        at java.util.concurrent.ThreadPoolExecutor.runWorker(ThreadPoolExecutor.java:1134)
        at java.util.concurrent.ThreadPoolExecutor$Worker.run(ThreadPoolExecutor.java:624)
        at java.lang.Thread.run(Thread.java:748)
"org.apache.hadoop.ozone.container.common.statemachine.commandhandler.DeleteBlocksCommandHandler$DeleteCmdWorker@3cd765ea" daemon prio=5 tid=1396 runnable
java.lang.Thread.State: RUNNABLE
        at java.lang.Thread.sleep(Native Method)
        at org.apache.hadoop.ozone.container.common.statemachine.commandhandler.DeleteBlocksCommandHandler$DeleteCmdWorker.run(DeleteBlocksCommandHandler.java:175)
        at java.lang.Thread.run(Thread.java:748)
"IPC Server handler 15 on default port 43677" daemon prio=5 tid=3343 timed_waiting
java.lang.Thread.State: TIMED_WAITING
        at sun.misc.Unsafe.park(Native Method)
        at java.util.concurrent.locks.LockSupport.parkNanos(LockSupport.java:215)
        at java.util.concurrent.locks.AbstractQueuedSynchronizer$ConditionObject.awaitNanos(AbstractQueuedSynchronizer.java:2078)
        at java.util.concurrent.LinkedBlockingQueue.poll(LinkedBlockingQueue.java:467)
        at org.apache.hadoop.ipc.CallQueueManager.take(CallQueueManager.java:317)
        at org.apache.hadoop.ipc.Server$Handler.run(Server.java:2932)
"IPC Server handler 14 on default port 46101" daemon prio=5 tid=3401 timed_waiting
java.lang.Thread.State: TIMED_WAITING
        at sun.misc.Unsafe.park(Native Method)
        at java.util.concurrent.locks.LockSupport.parkNanos(LockSupport.java:215)
        at java.util.concurrent.locks.AbstractQueuedSynchronizer$ConditionObject.awaitNanos(AbstractQueuedSynchronizer.java:2078)
        at java.util.concurrent.LinkedBlockingQueue.poll(LinkedBlockingQueue.java:467)
        at org.apache.hadoop.ipc.CallQueueManager.take(CallQueueManager.java:317)
        at org.apache.hadoop.ipc.Server$Handler.run(Server.java:2932)
"org.apache.hadoop.ozone.container.common.statemachine.commandhandler.DeleteBlocksCommandHandler$DeleteCmdWorker@26e799b7" daemon prio=5 tid=3440 timed_waiting
java.lang.Thread.State: TIMED_WAITING
        at java.lang.Thread.sleep(Native Method)
        at org.apache.hadoop.ozone.container.common.statemachine.commandhandler.DeleteBlocksCommandHandler$DeleteCmdWorker.run(DeleteBlocksCommandHandler.java:175)
        at java.lang.Thread.run(Thread.java:748)
"qtp706884900-3354" daemon prio=5 tid=3354 timed_waiting
java.lang.Thread.State: TIMED_WAITING
        at sun.misc.Unsafe.park(Native Method)
        at java.util.concurrent.locks.LockSupport.parkNanos(LockSupport.java:215)
        at java.util.concurrent.locks.AbstractQueuedSynchronizer$ConditionObject.awaitNanos(AbstractQueuedSynchronizer.java:2078)
        at org.eclipse.jetty.util.BlockingArrayQueue.poll(BlockingArrayQueue.java:382)
        at org.eclipse.jetty.util.thread.QueuedThreadPool$Runner.idleJobPoll(QueuedThreadPool.java:974)
        at org.eclipse.jetty.util.thread.QueuedThreadPool$Runner.run(QueuedThreadPool.java:1018)
        at java.lang.Thread.run(Thread.java:748)
"IPC Server handler 17 on default port 43677" daemon prio=5 tid=3345 timed_waiting
java.lang.Thread.State: TIMED_WAITING
        at sun.misc.Unsafe.park(Native Method)
        at java.util.concurrent.locks.LockSupport.parkNanos(LockSupport.java:215)
        at java.util.concurrent.locks.AbstractQueuedSynchronizer$ConditionObject.awaitNanos(AbstractQueuedSynchronizer.java:2078)
        at java.util.concurrent.LinkedBlockingQueue.poll(LinkedBlockingQueue.java:467)
        at org.apache.hadoop.ipc.CallQueueManager.take(CallQueueManager.java:317)
        at org.apache.hadoop.ipc.Server$Handler.run(Server.java:2932)
"ChunkWriter-3-0" daemon prio=5 tid=3550 in Object.wait()
java.lang.Thread.State: WAITING (on object monitor)
        at sun.misc.Unsafe.park(Native Method)
        at java.util.concurrent.locks.LockSupport.park(LockSupport.java:175)
        at java.util.concurrent.locks.AbstractQueuedSynchronizer$ConditionObject.await(AbstractQueuedSynchronizer.java:2039)
        at java.util.concurrent.LinkedBlockingDeque.takeFirst(LinkedBlockingDeque.java:492)
        at java.util.concurrent.LinkedBlockingDeque.take(LinkedBlockingDeque.java:680)
        at java.util.concurrent.ThreadPoolExecutor.getTask(ThreadPoolExecutor.java:1074)
        at java.util.concurrent.ThreadPoolExecutor.runWorker(ThreadPoolExecutor.java:1134)
        at java.util.concurrent.ThreadPoolExecutor$Worker.run(ThreadPoolExecutor.java:624)
        at java.lang.Thread.run(Thread.java:748)
"EndpointStateMachine task thread for /0.0.0.0:46785 - 0 "  prio=5 tid=2304 in Object.wait()
java.lang.Thread.State: WAITING (on object monitor)
        at sun.misc.Unsafe.park(Native Method)
        at java.util.concurrent.locks.LockSupport.park(LockSupport.java:175)
        at java.util.concurrent.locks.AbstractQueuedSynchronizer$ConditionObject.await(AbstractQueuedSynchronizer.java:2039)
        at java.util.concurrent.LinkedBlockingQueue.take(LinkedBlockingQueue.java:442)
        at java.util.concurrent.ThreadPoolExecutor.getTask(ThreadPoolExecutor.java:1074)
        at java.util.concurrent.ThreadPoolExecutor.runWorker(ThreadPoolExecutor.java:1134)
        at java.util.concurrent.ThreadPoolExecutor$Worker.run(ThreadPoolExecutor.java:624)
        at java.lang.Thread.run(Thread.java:748)
"Datanode ReportManager Thread - 4" daemon prio=5 tid=2299 in Object.wait()
java.lang.Thread.State: WAITING (on object monitor)
        at sun.misc.Unsafe.park(Native Method)
        at java.util.concurrent.locks.LockSupport.park(LockSupport.java:175)
        at java.util.concurrent.locks.AbstractQueuedSynchronizer$ConditionObject.await(AbstractQueuedSynchronizer.java:2039)
        at java.util.concurrent.ScheduledThreadPoolExecutor$DelayedWorkQueue.take(ScheduledThreadPoolExecutor.java:1088)
        at java.util.concurrent.ScheduledThreadPoolExecutor$DelayedWorkQueue.take(ScheduledThreadPoolExecutor.java:809)
        at java.util.concurrent.ThreadPoolExecutor.getTask(ThreadPoolExecutor.java:1074)
        at java.util.concurrent.ThreadPoolExecutor.runWorker(ThreadPoolExecutor.java:1134)
        at java.util.concurrent.ThreadPoolExecutor$Worker.run(ThreadPoolExecutor.java:624)
        at java.lang.Thread.run(Thread.java:748)
"grpc-shared-destroyer-0" daemon prio=5 tid=1172 in Object.wait()
java.lang.Thread.State: WAITING (on object monitor)
        at sun.misc.Unsafe.park(Native Method)
        at java.util.concurrent.locks.LockSupport.park(LockSupport.java:175)
        at java.util.concurrent.locks.AbstractQueuedSynchronizer$ConditionObject.await(AbstractQueuedSynchronizer.java:2039)
        at java.util.concurrent.ScheduledThreadPoolExecutor$DelayedWorkQueue.take(ScheduledThreadPoolExecutor.java:1081)
        at java.util.concurrent.ScheduledThreadPoolExecutor$DelayedWorkQueue.take(ScheduledThreadPoolExecutor.java:809)
        at java.util.concurrent.ThreadPoolExecutor.getTask(ThreadPoolExecutor.java:1074)
        at java.util.concurrent.ThreadPoolExecutor.runWorker(ThreadPoolExecutor.java:1134)
        at java.util.concurrent.ThreadPoolExecutor$Worker.run(ThreadPoolExecutor.java:624)
        at java.lang.Thread.run(Thread.java:748)
"IPC Server listener on 0" daemon prio=5 tid=3281 runnable
java.lang.Thread.State: RUNNABLE
        at sun.nio.ch.EPollArrayWrapper.epollWait(Native Method)
        at sun.nio.ch.EPollArrayWrapper.poll(EPollArrayWrapper.java:269)
        at sun.nio.ch.EPollSelectorImpl.doSelect(EPollSelectorImpl.java:93)
        at sun.nio.ch.SelectorImpl.lockAndDoSelect(SelectorImpl.java:86)
        at sun.nio.ch.SelectorImpl.select(SelectorImpl.java:97)
        at sun.nio.ch.SelectorImpl.select(SelectorImpl.java:101)
        at org.apache.hadoop.ipc.Server$Listener.run(Server.java:1350)
"qtp1951734534-3497" daemon prio=5 tid=3497 timed_waiting
java.lang.Thread.State: TIMED_WAITING
        at sun.misc.Unsafe.park(Native Method)
        at java.util.concurrent.locks.LockSupport.parkNanos(LockSupport.java:215)
        at java.util.concurrent.locks.AbstractQueuedSynchronizer$ConditionObject.awaitNanos(AbstractQueuedSynchronizer.java:2078)
        at org.eclipse.jetty.util.BlockingArrayQueue.poll(BlockingArrayQueue.java:382)
        at org.eclipse.jetty.util.thread.QueuedThreadPool$Runner.idleJobPoll(QueuedThreadPool.java:974)
        at org.eclipse.jetty.util.thread.QueuedThreadPool$Runner.run(QueuedThreadPool.java:1018)
        at java.lang.Thread.run(Thread.java:748)
"qtp1951734534-3499" daemon prio=5 tid=3499 timed_waiting
java.lang.Thread.State: TIMED_WAITING
        at sun.misc.Unsafe.park(Native Method)
        at java.util.concurrent.locks.LockSupport.parkNanos(LockSupport.java:215)
        at java.util.concurrent.locks.AbstractQueuedSynchronizer$ConditionObject.awaitNanos(AbstractQueuedSynchronizer.java:2078)
        at org.eclipse.jetty.util.BlockingArrayQueue.poll(BlockingArrayQueue.java:382)
        at org.eclipse.jetty.util.thread.QueuedThreadPool$Runner.idleJobPoll(QueuedThreadPool.java:974)
        at org.eclipse.jetty.util.thread.QueuedThreadPool$Runner.run(QueuedThreadPool.java:1018)
        at java.lang.Thread.run(Thread.java:748)
"IPC Server handler 0 on default port 38869" daemon prio=5 tid=3308 timed_waiting
java.lang.Thread.State: TIMED_WAITING
        at sun.misc.Unsafe.park(Native Method)
        at java.util.concurrent.locks.LockSupport.parkNanos(LockSupport.java:215)
        at java.util.concurrent.locks.AbstractQueuedSynchronizer$ConditionObject.awaitNanos(AbstractQueuedSynchronizer.java:2078)
        at java.util.concurrent.LinkedBlockingQueue.poll(LinkedBlockingQueue.java:467)
        at org.apache.hadoop.ipc.CallQueueManager.take(CallQueueManager.java:317)
        at org.apache.hadoop.ipc.Server$Handler.run(Server.java:2932)
"pool-665-thread-1"  prio=5 tid=3364 in Object.wait()
java.lang.Thread.State: WAITING (on object monitor)
        at sun.misc.Unsafe.park(Native Method)
        at java.util.concurrent.locks.LockSupport.park(LockSupport.java:175)
        at java.util.concurrent.locks.AbstractQueuedSynchronizer$ConditionObject.await(AbstractQueuedSynchronizer.java:2039)
        at java.util.concurrent.LinkedBlockingQueue.take(LinkedBlockingQueue.java:442)
        at java.util.concurrent.ThreadPoolExecutor.getTask(ThreadPoolExecutor.java:1074)
        at java.util.concurrent.ThreadPoolExecutor.runWorker(ThreadPoolExecutor.java:1134)
        at java.util.concurrent.ThreadPoolExecutor$Worker.run(ThreadPoolExecutor.java:624)
        at java.lang.Thread.run(Thread.java:748)
"pool-728-thread-1" daemon prio=5 tid=3488 timed_waiting
java.lang.Thread.State: TIMED_WAITING
        at sun.misc.Unsafe.park(Native Method)
        at java.util.concurrent.locks.LockSupport.parkNanos(LockSupport.java:215)
        at java.util.concurrent.locks.AbstractQueuedSynchronizer$ConditionObject.awaitNanos(AbstractQueuedSynchronizer.java:2078)
        at java.util.concurrent.ScheduledThreadPoolExecutor$DelayedWorkQueue.take(ScheduledThreadPoolExecutor.java:1093)
        at java.util.concurrent.ScheduledThreadPoolExecutor$DelayedWorkQueue.take(ScheduledThreadPoolExecutor.java:809)
        at java.util.concurrent.ThreadPoolExecutor.getTask(ThreadPoolExecutor.java:1074)
        at java.util.concurrent.ThreadPoolExecutor.runWorker(ThreadPoolExecutor.java:1134)
        at java.util.concurrent.ThreadPoolExecutor$Worker.run(ThreadPoolExecutor.java:624)
        at java.lang.Thread.run(Thread.java:748)
"49fe3bb7-2dae-482d-a175-9585c41bacad@group-81B74C2B8187-SegmentedRaftLogWorker"  prio=5 tid=3579 timed_waiting
java.lang.Thread.State: TIMED_WAITING
        at sun.misc.Unsafe.park(Native Method)
        at java.util.concurrent.locks.LockSupport.parkNanos(LockSupport.java:215)
        at java.util.concurrent.locks.AbstractQueuedSynchronizer$ConditionObject.awaitNanos(AbstractQueuedSynchronizer.java:2078)
        at org.apache.ratis.util.DataBlockingQueue.poll(DataBlockingQueue.java:137)
        at org.apache.ratis.server.raftlog.segmented.SegmentedRaftLogWorker.run(SegmentedRaftLogWorker.java:292)
        at org.apache.ratis.server.raftlog.segmented.SegmentedRaftLogWorker$$Lambda$471/1580114807.run(Unknown Source)
        at java.lang.Thread.run(Thread.java:748)
"org.apache.hadoop.ozone.container.common.statemachine.commandhandler.DeleteBlocksCommandHandler$DeleteCmdWorker@18aee9f3" daemon prio=5 tid=188 runnable
java.lang.Thread.State: RUNNABLE
        at java.lang.Throwable.fillInStackTrace(Native Method)
        at java.lang.Throwable.fillInStackTrace(Throwable.java:784)
        at java.lang.Throwable.<init>(Throwable.java:266)
        at java.lang.Exception.<init>(Exception.java:66)
        at java.lang.InterruptedException.<init>(InterruptedException.java:67)
        at java.lang.Thread.sleep(Native Method)
        at org.apache.hadoop.ozone.container.common.statemachine.commandhandler.DeleteBlocksCommandHandler$DeleteCmdWorker.run(DeleteBlocksCommandHandler.java:175)
        at java.lang.Thread.run(Thread.java:748)
"qtp1910453219-3416-acceptor-0@5338480e-ServerConnector@71184fb9{HTTP/1.1, (http/1.1)}{0.0.0.0:38119}" daemon prio=3 tid=3416 runnable
java.lang.Thread.State: RUNNABLE
        at sun.nio.ch.ServerSocketChannelImpl.accept0(Native Method)
        at sun.nio.ch.ServerSocketChannelImpl.accept(ServerSocketChannelImpl.java:421)
        at sun.nio.ch.ServerSocketChannelImpl.accept(ServerSocketChannelImpl.java:249)
        at org.eclipse.jetty.server.ServerConnector.accept(ServerConnector.java:388)
        at org.eclipse.jetty.server.AbstractConnector$Acceptor.run(AbstractConnector.java:702)
        at org.eclipse.jetty.util.thread.QueuedThreadPool.runJob(QueuedThreadPool.java:883)
        at org.eclipse.jetty.util.thread.QueuedThreadPool$Runner.run(QueuedThreadPool.java:1034)
        at java.lang.Thread.run(Thread.java:748)
"PartialTableCache Cleanup Thread - 0" daemon prio=5 tid=1584 in Object.wait()
java.lang.Thread.State: WAITING (on object monitor)
        at sun.misc.Unsafe.park(Native Method)
        at java.util.concurrent.locks.LockSupport.park(LockSupport.java:175)
        at java.util.concurrent.locks.AbstractQueuedSynchronizer$ConditionObject.await(AbstractQueuedSynchronizer.java:2039)
        at java.util.concurrent.LinkedBlockingQueue.take(LinkedBlockingQueue.java:442)
        at java.util.concurrent.ThreadPoolExecutor.getTask(ThreadPoolExecutor.java:1074)
        at java.util.concurrent.ThreadPoolExecutor.runWorker(ThreadPoolExecutor.java:1134)
        at java.util.concurrent.ThreadPoolExecutor$Worker.run(ThreadPoolExecutor.java:624)
        at java.lang.Thread.run(Thread.java:748)
"PartialTableCache Cleanup Thread - 0" daemon prio=5 tid=1993 in Object.wait()
java.lang.Thread.State: WAITING (on object monitor)
        at sun.misc.Unsafe.park(Native Method)
        at java.util.concurrent.locks.LockSupport.park(LockSupport.java:175)
        at java.util.concurrent.locks.AbstractQueuedSynchronizer$ConditionObject.await(AbstractQueuedSynchronizer.java:2039)
        at java.util.concurrent.LinkedBlockingQueue.take(LinkedBlockingQueue.java:442)
        at java.util.concurrent.ThreadPoolExecutor.getTask(ThreadPoolExecutor.java:1074)
        at java.util.concurrent.ThreadPoolExecutor.runWorker(ThreadPoolExecutor.java:1134)
        at java.util.concurrent.ThreadPoolExecutor$Worker.run(ThreadPoolExecutor.java:624)
        at java.lang.Thread.run(Thread.java:748)
"Datanode ReportManager Thread - 2" daemon prio=5 tid=1816 in Object.wait()
java.lang.Thread.State: WAITING (on object monitor)
        at sun.misc.Unsafe.park(Native Method)
        at java.util.concurrent.locks.LockSupport.park(LockSupport.java:175)
        at java.util.concurrent.locks.AbstractQueuedSynchronizer$ConditionObject.await(AbstractQueuedSynchronizer.java:2039)
        at java.util.concurrent.ScheduledThreadPoolExecutor$DelayedWorkQueue.take(ScheduledThreadPoolExecutor.java:1088)
        at java.util.concurrent.ScheduledThreadPoolExecutor$DelayedWorkQueue.take(ScheduledThreadPoolExecutor.java:809)
        at java.util.concurrent.ThreadPoolExecutor.getTask(ThreadPoolExecutor.java:1074)
        at java.util.concurrent.ThreadPoolExecutor.runWorker(ThreadPoolExecutor.java:1134)
        at java.util.concurrent.ThreadPoolExecutor$Worker.run(ThreadPoolExecutor.java:624)
        at java.lang.Thread.run(Thread.java:748)
"Periodic HDDS volume checker" daemon prio=5 tid=3409 timed_waiting
java.lang.Thread.State: TIMED_WAITING
        at sun.misc.Unsafe.park(Native Method)
        at java.util.concurrent.locks.LockSupport.parkNanos(LockSupport.java:215)
        at java.util.concurrent.locks.AbstractQueuedSynchronizer$ConditionObject.awaitNanos(AbstractQueuedSynchronizer.java:2078)
        at java.util.concurrent.ScheduledThreadPoolExecutor$DelayedWorkQueue.take(ScheduledThreadPoolExecutor.java:1093)
        at java.util.concurrent.ScheduledThreadPoolExecutor$DelayedWorkQueue.take(ScheduledThreadPoolExecutor.java:809)
        at java.util.concurrent.ThreadPoolExecutor.getTask(ThreadPoolExecutor.java:1074)
        at java.util.concurrent.ThreadPoolExecutor.runWorker(ThreadPoolExecutor.java:1134)
        at java.util.concurrent.ThreadPoolExecutor$Worker.run(ThreadPoolExecutor.java:624)
        at java.lang.Thread.run(Thread.java:748)
"SCM Heartbeat Processing Thread - 0" daemon prio=5 tid=3269 timed_waiting
java.lang.Thread.State: TIMED_WAITING
        at sun.misc.Unsafe.park(Native Method)
        at java.util.concurrent.locks.LockSupport.parkNanos(LockSupport.java:215)
        at java.util.concurrent.locks.AbstractQueuedSynchronizer$ConditionObject.awaitNanos(AbstractQueuedSynchronizer.java:2078)
        at java.util.concurrent.ScheduledThreadPoolExecutor$DelayedWorkQueue.take(ScheduledThreadPoolExecutor.java:1093)
        at java.util.concurrent.ScheduledThreadPoolExecutor$DelayedWorkQueue.take(ScheduledThreadPoolExecutor.java:809)
        at java.util.concurrent.ThreadPoolExecutor.getTask(ThreadPoolExecutor.java:1074)
        at java.util.concurrent.ThreadPoolExecutor.runWorker(ThreadPoolExecutor.java:1134)
        at java.util.concurrent.ThreadPoolExecutor$Worker.run(ThreadPoolExecutor.java:624)
        at java.lang.Thread.run(Thread.java:748)
"EndpointStateMachine task thread for /0.0.0.0:43677 - 0 "  prio=5 tid=3546 in Object.wait()
java.lang.Thread.State: WAITING (on object monitor)
        at sun.misc.Unsafe.park(Native Method)
        at java.util.concurrent.locks.LockSupport.park(LockSupport.java:175)
        at java.util.concurrent.locks.AbstractQueuedSynchronizer$ConditionObject.await(AbstractQueuedSynchronizer.java:2039)
        at java.util.concurrent.LinkedBlockingQueue.take(LinkedBlockingQueue.java:442)
        at java.util.concurrent.ThreadPoolExecutor.getTask(ThreadPoolExecutor.java:1074)
        at java.util.concurrent.ThreadPoolExecutor.runWorker(ThreadPoolExecutor.java:1134)
        at java.util.concurrent.ThreadPoolExecutor$Worker.run(ThreadPoolExecutor.java:624)
        at java.lang.Thread.run(Thread.java:748)
"qtp1951734534-3496" daemon prio=5 tid=3496 timed_waiting
java.lang.Thread.State: TIMED_WAITING
        at sun.misc.Unsafe.park(Native Method)
        at java.util.concurrent.locks.LockSupport.parkNanos(LockSupport.java:215)
        at java.util.concurrent.locks.AbstractQueuedSynchronizer$ConditionObject.awaitNanos(AbstractQueuedSynchronizer.java:2078)
        at org.eclipse.jetty.util.BlockingArrayQueue.poll(BlockingArrayQueue.java:382)
        at org.eclipse.jetty.util.thread.QueuedThreadPool$Runner.idleJobPoll(QueuedThreadPool.java:974)
        at org.eclipse.jetty.util.thread.QueuedThreadPool$Runner.run(QueuedThreadPool.java:1018)
        at java.lang.Thread.run(Thread.java:748)
"EventQueue-ContainerReportForContainerReportHandler" daemon prio=5 tid=3554 in Object.wait()
java.lang.Thread.State: WAITING (on object monitor)
        at sun.misc.Unsafe.park(Native Method)
        at java.util.concurrent.locks.LockSupport.park(LockSupport.java:175)
        at java.util.concurrent.locks.AbstractQueuedSynchronizer$ConditionObject.await(AbstractQueuedSynchronizer.java:2039)
        at java.util.concurrent.LinkedBlockingQueue.take(LinkedBlockingQueue.java:442)
        at java.util.concurrent.ThreadPoolExecutor.getTask(ThreadPoolExecutor.java:1074)
        at java.util.concurrent.ThreadPoolExecutor.runWorker(ThreadPoolExecutor.java:1134)
        at java.util.concurrent.ThreadPoolExecutor$Worker.run(ThreadPoolExecutor.java:624)
        at java.lang.Thread.run(Thread.java:748)
"Datanode ReportManager Thread - 0" daemon prio=5 tid=1789 in Object.wait()
java.lang.Thread.State: WAITING (on object monitor)
        at sun.misc.Unsafe.park(Native Method)
        at java.util.concurrent.locks.LockSupport.park(LockSupport.java:175)
        at java.util.concurrent.locks.AbstractQueuedSynchronizer$ConditionObject.await(AbstractQueuedSynchronizer.java:2039)
        at java.util.concurrent.ScheduledThreadPoolExecutor$DelayedWorkQueue.take(ScheduledThreadPoolExecutor.java:1088)
        at java.util.concurrent.ScheduledThreadPoolExecutor$DelayedWorkQueue.take(ScheduledThreadPoolExecutor.java:809)
        at java.util.concurrent.ThreadPoolExecutor.getTask(ThreadPoolExecutor.java:1074)
        at java.util.concurrent.ThreadPoolExecutor.runWorker(ThreadPoolExecutor.java:1134)
        at java.util.concurrent.ThreadPoolExecutor$Worker.run(ThreadPoolExecutor.java:624)
        at java.lang.Thread.run(Thread.java:748)
"Datanode ReportManager Thread - 0" daemon prio=5 tid=1383 in Object.wait()
java.lang.Thread.State: WAITING (on object monitor)
        at sun.misc.Unsafe.park(Native Method)
        at java.util.concurrent.locks.LockSupport.park(LockSupport.java:175)
        at java.util.concurrent.locks.AbstractQueuedSynchronizer$ConditionObject.await(AbstractQueuedSynchronizer.java:2039)
        at java.util.concurrent.ScheduledThreadPoolExecutor$DelayedWorkQueue.take(ScheduledThreadPoolExecutor.java:1088)
        at java.util.concurrent.ScheduledThreadPoolExecutor$DelayedWorkQueue.take(ScheduledThreadPoolExecutor.java:809)
        at java.util.concurrent.ThreadPoolExecutor.getTask(ThreadPoolExecutor.java:1074)
        at java.util.concurrent.ThreadPoolExecutor.runWorker(ThreadPoolExecutor.java:1134)
        at java.util.concurrent.ThreadPoolExecutor$Worker.run(ThreadPoolExecutor.java:624)
        at java.lang.Thread.run(Thread.java:748)
"surefire-forkedjvm-ping-30s" daemon prio=5 tid=10 timed_waiting
java.lang.Thread.State: TIMED_WAITING
        at sun.misc.Unsafe.park(Native Method)
        at java.util.concurrent.locks.LockSupport.parkNanos(LockSupport.java:215)
        at java.util.concurrent.locks.AbstractQueuedSynchronizer$ConditionObject.awaitNanos(AbstractQueuedSynchronizer.java:2078)
        at java.util.concurrent.ScheduledThreadPoolExecutor$DelayedWorkQueue.take(ScheduledThreadPoolExecutor.java:1093)
        at java.util.concurrent.ScheduledThreadPoolExecutor$DelayedWorkQueue.take(ScheduledThreadPoolExecutor.java:809)
        at java.util.concurrent.ThreadPoolExecutor.getTask(ThreadPoolExecutor.java:1074)
        at java.util.concurrent.ThreadPoolExecutor.runWorker(ThreadPoolExecutor.java:1134)
        at java.util.concurrent.ThreadPoolExecutor$Worker.run(ThreadPoolExecutor.java:624)
        at java.lang.Thread.run(Thread.java:748)
"IPC Server handler 0 on default port 43625" daemon prio=5 tid=3288 timed_waiting
java.lang.Thread.State: TIMED_WAITING
        at sun.misc.Unsafe.park(Native Method)
        at java.util.concurrent.locks.LockSupport.parkNanos(LockSupport.java:215)
        at java.util.concurrent.locks.AbstractQueuedSynchronizer$ConditionObject.awaitNanos(AbstractQueuedSynchronizer.java:2078)
        at java.util.concurrent.LinkedBlockingQueue.poll(LinkedBlockingQueue.java:467)
        at org.apache.hadoop.ipc.CallQueueManager.take(CallQueueManager.java:317)
        at org.apache.hadoop.ipc.Server$Handler.run(Server.java:2932)
"49fe3bb7-2dae-482d-a175-9585c41bacad@group-81B74C2B8187-StateMachineUpdater" daemon prio=5 tid=3580 in Object.wait()
java.lang.Thread.State: WAITING (on object monitor)
        at java.lang.Object.wait(Native Method)
        at java.lang.Object.wait(Object.java:502)
        at org.apache.ratis.server.impl.StateMachineUpdater.waitForCommit(StateMachineUpdater.java:204)
        at org.apache.ratis.server.impl.StateMachineUpdater.run(StateMachineUpdater.java:173)
        at java.lang.Thread.run(Thread.java:748)
"IPC Server handler 15 on default port 46101" daemon prio=5 tid=3402 timed_waiting
java.lang.Thread.State: TIMED_WAITING
        at sun.misc.Unsafe.park(Native Method)
        at java.util.concurrent.locks.LockSupport.parkNanos(LockSupport.java:215)
        at java.util.concurrent.locks.AbstractQueuedSynchronizer$ConditionObject.awaitNanos(AbstractQueuedSynchronizer.java:2078)
        at java.util.concurrent.LinkedBlockingQueue.poll(LinkedBlockingQueue.java:467)
        at org.apache.hadoop.ipc.CallQueueManager.take(CallQueueManager.java:317)
        at org.apache.hadoop.ipc.Server$Handler.run(Server.java:2932)
"EndpointStateMachine task thread for /0.0.0.0:43677 - 0 "  prio=5 tid=3530 in Object.wait()
java.lang.Thread.State: WAITING (on object monitor)
        at sun.misc.Unsafe.park(Native Method)
        at java.util.concurrent.locks.LockSupport.park(LockSupport.java:175)
        at java.util.concurrent.locks.AbstractQueuedSynchronizer$ConditionObject.await(AbstractQueuedSynchronizer.java:2039)
        at java.util.concurrent.LinkedBlockingQueue.take(LinkedBlockingQueue.java:442)
        at java.util.concurrent.ThreadPoolExecutor.getTask(ThreadPoolExecutor.java:1074)
        at java.util.concurrent.ThreadPoolExecutor.runWorker(ThreadPoolExecutor.java:1134)
        at java.util.concurrent.ThreadPoolExecutor$Worker.run(ThreadPoolExecutor.java:624)
        at java.lang.Thread.run(Thread.java:748)
"qtp1910453219-3417" daemon prio=5 tid=3417 timed_waiting
java.lang.Thread.State: TIMED_WAITING
        at sun.misc.Unsafe.park(Native Method)
        at java.util.concurrent.locks.LockSupport.parkNanos(LockSupport.java:215)
        at java.util.concurrent.locks.AbstractQueuedSynchronizer$ConditionObject.awaitNanos(AbstractQueuedSynchronizer.java:2078)
        at org.eclipse.jetty.util.BlockingArrayQueue.poll(BlockingArrayQueue.java:382)
        at org.eclipse.jetty.util.thread.QueuedThreadPool$Runner.idleJobPoll(QueuedThreadPool.java:974)
        at org.eclipse.jetty.util.thread.QueuedThreadPool$Runner.run(QueuedThreadPool.java:1018)
        at java.lang.Thread.run(Thread.java:748)
"qtp980429648-3469" daemon prio=5 tid=3469 timed_waiting
java.lang.Thread.State: TIMED_WAITING
        at sun.misc.Unsafe.park(Native Method)
        at java.util.concurrent.locks.LockSupport.parkNanos(LockSupport.java:215)
        at java.util.concurrent.locks.AbstractQueuedSynchronizer$ConditionObject.awaitNanos(AbstractQueuedSynchronizer.java:2078)
        at org.eclipse.jetty.util.BlockingArrayQueue.poll(BlockingArrayQueue.java:382)
        at org.eclipse.jetty.util.thread.QueuedThreadPool$Runner.idleJobPoll(QueuedThreadPool.java:974)
        at org.eclipse.jetty.util.thread.QueuedThreadPool$Runner.run(QueuedThreadPool.java:1018)
        at java.lang.Thread.run(Thread.java:748)
"qtp115531689-3445" daemon prio=5 tid=3445 timed_waiting
java.lang.Thread.State: TIMED_WAITING
        at sun.misc.Unsafe.park(Native Method)
        at java.util.concurrent.locks.LockSupport.parkNanos(LockSupport.java:215)
        at java.util.concurrent.locks.AbstractQueuedSynchronizer$ConditionObject.awaitNanos(AbstractQueuedSynchronizer.java:2078)
        at org.eclipse.jetty.util.BlockingArrayQueue.poll(BlockingArrayQueue.java:382)
        at org.eclipse.jetty.util.thread.QueuedThreadPool$Runner.idleJobPoll(QueuedThreadPool.java:974)
        at org.eclipse.jetty.util.thread.QueuedThreadPool$Runner.run(QueuedThreadPool.java:1018)
        at java.lang.Thread.run(Thread.java:748)
"IPC Server handler 0 on default port 43677" daemon prio=5 tid=3328 timed_waiting
java.lang.Thread.State: TIMED_WAITING
        at sun.misc.Unsafe.park(Native Method)
        at java.util.concurrent.locks.LockSupport.parkNanos(LockSupport.java:215)
        at java.util.concurrent.locks.AbstractQueuedSynchronizer$ConditionObject.awaitNanos(AbstractQueuedSynchronizer.java:2078)
        at java.util.concurrent.LinkedBlockingQueue.poll(LinkedBlockingQueue.java:467)
        at org.apache.hadoop.ipc.CallQueueManager.take(CallQueueManager.java:317)
        at org.apache.hadoop.ipc.Server$Handler.run(Server.java:2932)
"IPC Server idle connection scanner for port 46101" daemon prio=5 tid=3367 timed_waiting
java.lang.Thread.State: TIMED_WAITING
        at java.lang.Object.wait(Native Method)
        at java.util.TimerThread.mainLoop(Timer.java:552)
        at java.util.TimerThread.run(Timer.java:505)
"org.apache.hadoop.util.JvmPauseMonitor$Monitor@4aad865c" daemon prio=5 tid=3483 timed_waiting
java.lang.Thread.State: TIMED_WAITING
        at java.lang.Thread.sleep(Native Method)
        at org.apache.hadoop.util.JvmPauseMonitor$Monitor.run(JvmPauseMonitor.java:192)
        at java.lang.Thread.run(Thread.java:748)
"grpc-default-worker-ELG-3-2" daemon prio=5 tid=318 runnable
java.lang.Thread.State: RUNNABLE
        at org.apache.ratis.thirdparty.io.netty.channel.epoll.Native.epollWait(Native Method)
        at org.apache.ratis.thirdparty.io.netty.channel.epoll.Native.epollWait(Native.java:177)
        at org.apache.ratis.thirdparty.io.netty.channel.epoll.Native.epollWait(Native.java:170)
        at org.apache.ratis.thirdparty.io.netty.channel.epoll.EpollEventLoop.epollWaitNoTimerChange(EpollEventLoop.java:290)
        at org.apache.ratis.thirdparty.io.netty.channel.epoll.EpollEventLoop.run(EpollEventLoop.java:347)
        at org.apache.ratis.thirdparty.io.netty.util.concurrent.SingleThreadEventExecutor$4.run(SingleThreadEventExecutor.java:989)
        at org.apache.ratis.thirdparty.io.netty.util.internal.ThreadExecutorMap$2.run(ThreadExecutorMap.java:74)
        at org.apache.ratis.thirdparty.io.netty.util.concurrent.FastThreadLocalRunnable.run(FastThreadLocalRunnable.java:30)
        at java.lang.Thread.run(Thread.java:748)
"74f41514-20ca-4955-9e3a-cfde988d45f9@group-2750B8C67C55-StateMachineUpdater" daemon prio=5 tid=3584 in Object.wait()
java.lang.Thread.State: WAITING (on object monitor)
        at java.lang.Object.wait(Native Method)
        at java.lang.Object.wait(Object.java:502)
        at org.apache.ratis.server.impl.StateMachineUpdater.waitForCommit(StateMachineUpdater.java:204)
        at org.apache.ratis.server.impl.StateMachineUpdater.run(StateMachineUpdater.java:173)
        at java.lang.Thread.run(Thread.java:748)
"qtp706884900-3358" daemon prio=5 tid=3358 timed_waiting
java.lang.Thread.State: TIMED_WAITING
        at sun.misc.Unsafe.park(Native Method)
        at java.util.concurrent.locks.LockSupport.parkNanos(LockSupport.java:215)
        at java.util.concurrent.locks.AbstractQueuedSynchronizer$ConditionObject.awaitNanos(AbstractQueuedSynchronizer.java:2078)
        at org.eclipse.jetty.util.BlockingArrayQueue.poll(BlockingArrayQueue.java:382)
        at org.eclipse.jetty.util.thread.QueuedThreadPool$Runner.idleJobPoll(QueuedThreadPool.java:974)
        at org.eclipse.jetty.util.thread.QueuedThreadPool$Runner.run(QueuedThreadPool.java:1018)
        at java.lang.Thread.run(Thread.java:748)
"Datanode ReportManager Thread - 1" daemon prio=5 tid=228 in Object.wait()
java.lang.Thread.State: WAITING (on object monitor)
        at sun.misc.Unsafe.park(Native Method)
        at java.util.concurrent.locks.LockSupport.park(LockSupport.java:175)
        at java.util.concurrent.locks.AbstractQueuedSynchronizer$ConditionObject.await(AbstractQueuedSynchronizer.java:2039)
        at java.util.concurrent.ScheduledThreadPoolExecutor$DelayedWorkQueue.take(ScheduledThreadPoolExecutor.java:1088)
        at java.util.concurrent.ScheduledThreadPoolExecutor$DelayedWorkQueue.take(ScheduledThreadPoolExecutor.java:809)
        at java.util.concurrent.ThreadPoolExecutor.getTask(ThreadPoolExecutor.java:1074)
        at java.util.concurrent.ThreadPoolExecutor.runWorker(ThreadPoolExecutor.java:1134)
        at java.util.concurrent.ThreadPoolExecutor$Worker.run(ThreadPoolExecutor.java:624)
        at java.lang.Thread.run(Thread.java:748)
"Datanode ReportManager Thread - 1" daemon prio=5 tid=176 in Object.wait()
java.lang.Thread.State: WAITING (on object monitor)
        at sun.misc.Unsafe.park(Native Method)
        at java.util.concurrent.locks.LockSupport.park(LockSupport.java:175)
        at java.util.concurrent.locks.AbstractQueuedSynchronizer$ConditionObject.await(AbstractQueuedSynchronizer.java:2039)
        at java.util.concurrent.ScheduledThreadPoolExecutor$DelayedWorkQueue.take(ScheduledThreadPoolExecutor.java:1088)
        at java.util.concurrent.ScheduledThreadPoolExecutor$DelayedWorkQueue.take(ScheduledThreadPoolExecutor.java:809)
        at java.util.concurrent.ThreadPoolExecutor.getTask(ThreadPoolExecutor.java:1074)
        at java.util.concurrent.ThreadPoolExecutor.runWorker(ThreadPoolExecutor.java:1134)
        at java.util.concurrent.ThreadPoolExecutor$Worker.run(ThreadPoolExecutor.java:624)
        at java.lang.Thread.run(Thread.java:748)
"Datanode ReportManager Thread - 1" daemon prio=5 tid=2236 timed_waiting
java.lang.Thread.State: TIMED_WAITING
        at sun.misc.Unsafe.park(Native Method)
        at java.util.concurrent.locks.LockSupport.parkNanos(LockSupport.java:215)
        at java.util.concurrent.locks.AbstractQueuedSynchronizer$ConditionObject.awaitNanos(AbstractQueuedSynchronizer.java:2078)
        at java.util.concurrent.ScheduledThreadPoolExecutor$DelayedWorkQueue.take(ScheduledThreadPoolExecutor.java:1093)
        at java.util.concurrent.ScheduledThreadPoolExecutor$DelayedWorkQueue.take(ScheduledThreadPoolExecutor.java:809)
        at java.util.concurrent.ThreadPoolExecutor.getTask(ThreadPoolExecutor.java:1074)
        at java.util.concurrent.ThreadPoolExecutor.runWorker(ThreadPoolExecutor.java:1134)
        at java.util.concurrent.ThreadPoolExecutor$Worker.run(ThreadPoolExecutor.java:624)
        at java.lang.Thread.run(Thread.java:748)
"FullTableCache Cleanup Thread - 0" daemon prio=5 tid=381 in Object.wait()
java.lang.Thread.State: WAITING (on object monitor)
        at sun.misc.Unsafe.park(Native Method)
        at java.util.concurrent.locks.LockSupport.park(LockSupport.java:175)
        at java.util.concurrent.locks.AbstractQueuedSynchronizer$ConditionObject.await(AbstractQueuedSynchronizer.java:2039)
        at java.util.concurrent.LinkedBlockingQueue.take(LinkedBlockingQueue.java:442)
        at java.util.concurrent.ThreadPoolExecutor.getTask(ThreadPoolExecutor.java:1074)
        at java.util.concurrent.ThreadPoolExecutor.runWorker(ThreadPoolExecutor.java:1134)
        at java.util.concurrent.ThreadPoolExecutor$Worker.run(ThreadPoolExecutor.java:624)
        at java.lang.Thread.run(Thread.java:748)
"Datanode ReportManager Thread - 1" daemon prio=5 tid=1384 in Object.wait()
java.lang.Thread.State: WAITING (on object monitor)
        at sun.misc.Unsafe.park(Native Method)
        at java.util.concurrent.locks.LockSupport.park(LockSupport.java:175)
        at java.util.concurrent.locks.AbstractQueuedSynchronizer$ConditionObject.await(AbstractQueuedSynchronizer.java:2039)
        at java.util.concurrent.ScheduledThreadPoolExecutor$DelayedWorkQueue.take(ScheduledThreadPoolExecutor.java:1088)
        at java.util.concurrent.ScheduledThreadPoolExecutor$DelayedWorkQueue.take(ScheduledThreadPoolExecutor.java:809)
        at java.util.concurrent.ThreadPoolExecutor.getTask(ThreadPoolExecutor.java:1074)
        at java.util.concurrent.ThreadPoolExecutor.runWorker(ThreadPoolExecutor.java:1134)
        at java.util.concurrent.ThreadPoolExecutor$Worker.run(ThreadPoolExecutor.java:624)
        at java.lang.Thread.run(Thread.java:748)
"SCMBlockDeletingService#0" daemon prio=5 tid=3348 timed_waiting
java.lang.Thread.State: TIMED_WAITING
        at sun.misc.Unsafe.park(Native Method)
        at java.util.concurrent.locks.LockSupport.parkNanos(LockSupport.java:215)
        at java.util.concurrent.locks.AbstractQueuedSynchronizer$ConditionObject.awaitNanos(AbstractQueuedSynchronizer.java:2078)
        at java.util.concurrent.ScheduledThreadPoolExecutor$DelayedWorkQueue.take(ScheduledThreadPoolExecutor.java:1093)
        at java.util.concurrent.ScheduledThreadPoolExecutor$DelayedWorkQueue.take(ScheduledThreadPoolExecutor.java:809)
        at java.util.concurrent.ThreadPoolExecutor.getTask(ThreadPoolExecutor.java:1074)
        at java.util.concurrent.ThreadPoolExecutor.runWorker(ThreadPoolExecutor.java:1134)
        at java.util.concurrent.ThreadPoolExecutor$Worker.run(ThreadPoolExecutor.java:624)
        at java.lang.Thread.run(Thread.java:748)
"Datanode ReportManager Thread - 2" daemon prio=5 tid=1765 in Object.wait()
java.lang.Thread.State: WAITING (on object monitor)
        at sun.misc.Unsafe.park(Native Method)
        at java.util.concurrent.locks.LockSupport.park(LockSupport.java:175)
        at java.util.concurrent.locks.AbstractQueuedSynchronizer$ConditionObject.await(AbstractQueuedSynchronizer.java:2039)
        at java.util.concurrent.ScheduledThreadPoolExecutor$DelayedWorkQueue.take(ScheduledThreadPoolExecutor.java:1088)
        at java.util.concurrent.ScheduledThreadPoolExecutor$DelayedWorkQueue.take(ScheduledThreadPoolExecutor.java:809)
        at java.util.concurrent.ThreadPoolExecutor.getTask(ThreadPoolExecutor.java:1074)
        at java.util.concurrent.ThreadPoolExecutor.runWorker(ThreadPoolExecutor.java:1134)
        at java.util.concurrent.ThreadPoolExecutor$Worker.run(ThreadPoolExecutor.java:624)
        at java.lang.Thread.run(Thread.java:748)
"BlockDeletingService#2" daemon prio=5 tid=3690 in Object.wait()
java.lang.Thread.State: WAITING (on object monitor)
        at sun.misc.Unsafe.park(Native Method)
        at java.util.concurrent.locks.LockSupport.park(LockSupport.java:175)
        at java.util.concurrent.locks.AbstractQueuedSynchronizer$ConditionObject.await(AbstractQueuedSynchronizer.java:2039)
        at java.util.concurrent.ScheduledThreadPoolExecutor$DelayedWorkQueue.take(ScheduledThreadPoolExecutor.java:1088)
        at java.util.concurrent.ScheduledThreadPoolExecutor$DelayedWorkQueue.take(ScheduledThreadPoolExecutor.java:809)
        at java.util.concurrent.ThreadPoolExecutor.getTask(ThreadPoolExecutor.java:1074)
        at java.util.concurrent.ThreadPoolExecutor.runWorker(ThreadPoolExecutor.java:1134)
        at java.util.concurrent.ThreadPoolExecutor$Worker.run(ThreadPoolExecutor.java:624)
        at java.lang.Thread.run(Thread.java:748)
"qtp706884900-3353" daemon prio=5 tid=3353 timed_waiting
java.lang.Thread.State: TIMED_WAITING
        at sun.misc.Unsafe.park(Native Method)
        at java.util.concurrent.locks.LockSupport.parkNanos(LockSupport.java:215)
        at java.util.concurrent.locks.AbstractQueuedSynchronizer$ConditionObject.awaitNanos(AbstractQueuedSynchronizer.java:2078)
        at org.eclipse.jetty.util.BlockingArrayQueue.poll(BlockingArrayQueue.java:382)
        at org.eclipse.jetty.util.thread.QueuedThreadPool$Runner.idleJobPoll(QueuedThreadPool.java:974)
        at org.eclipse.jetty.util.thread.QueuedThreadPool$Runner.run(QueuedThreadPool.java:1018)
        at java.lang.Thread.run(Thread.java:748)
"45f86aeb-e384-4aa9-8d84-a9c74618d31d@group-677DDB1507C0-SegmentedRaftLogWorker"  prio=5 tid=3572 timed_waiting
java.lang.Thread.State: TIMED_WAITING
        at sun.misc.Unsafe.park(Native Method)
        at java.util.concurrent.locks.LockSupport.parkNanos(LockSupport.java:215)
        at java.util.concurrent.locks.AbstractQueuedSynchronizer$ConditionObject.awaitNanos(AbstractQueuedSynchronizer.java:2078)
        at org.apache.ratis.util.DataBlockingQueue.poll(DataBlockingQueue.java:137)
        at org.apache.ratis.server.raftlog.segmented.SegmentedRaftLogWorker.run(SegmentedRaftLogWorker.java:292)
        at org.apache.ratis.server.raftlog.segmented.SegmentedRaftLogWorker$$Lambda$471/1580114807.run(Unknown Source)
        at java.lang.Thread.run(Thread.java:748)
"org.apache.hadoop.ozone.container.common.statemachine.commandhandler.DeleteBlocksCommandHandler$DeleteCmdWorker@5a2d9380" daemon prio=5 tid=1371 runnable
java.lang.Thread.State: RUNNABLE
        at java.lang.Thread.sleep(Native Method)
        at org.apache.hadoop.ozone.container.common.statemachine.commandhandler.DeleteBlocksCommandHandler$DeleteCmdWorker.run(DeleteBlocksCommandHandler.java:175)
        at java.lang.Thread.run(Thread.java:748)
"IPC Server handler 4 on default port 43677" daemon prio=5 tid=3332 timed_waiting
java.lang.Thread.State: TIMED_WAITING
        at sun.misc.Unsafe.park(Native Method)
        at java.util.concurrent.locks.LockSupport.parkNanos(LockSupport.java:215)
        at java.util.concurrent.locks.AbstractQueuedSynchronizer$ConditionObject.awaitNanos(AbstractQueuedSynchronizer.java:2078)
        at java.util.concurrent.LinkedBlockingQueue.poll(LinkedBlockingQueue.java:467)
        at org.apache.hadoop.ipc.CallQueueManager.take(CallQueueManager.java:317)
        at org.apache.hadoop.ipc.Server$Handler.run(Server.java:2932)
"45f86aeb-e384-4aa9-8d84-a9c74618d31d@group-D3C789E88085-StateMachineUpdater" daemon prio=5 tid=3577 in Object.wait()
java.lang.Thread.State: WAITING (on object monitor)
        at java.lang.Object.wait(Native Method)
        at java.lang.Object.wait(Object.java:502)
        at org.apache.ratis.server.impl.StateMachineUpdater.waitForCommit(StateMachineUpdater.java:204)
        at org.apache.ratis.server.impl.StateMachineUpdater.run(StateMachineUpdater.java:173)
        at java.lang.Thread.run(Thread.java:748)
"Datanode ReportManager Thread - 4" daemon prio=5 tid=1387 timed_waiting
java.lang.Thread.State: TIMED_WAITING
        at sun.misc.Unsafe.park(Native Method)
        at java.util.concurrent.locks.LockSupport.parkNanos(LockSupport.java:215)
        at java.util.concurrent.locks.AbstractQueuedSynchronizer$ConditionObject.awaitNanos(AbstractQueuedSynchronizer.java:2078)
        at java.util.concurrent.ScheduledThreadPoolExecutor$DelayedWorkQueue.take(ScheduledThreadPoolExecutor.java:1093)
        at java.util.concurrent.ScheduledThreadPoolExecutor$DelayedWorkQueue.take(ScheduledThreadPoolExecutor.java:809)
        at java.util.concurrent.ThreadPoolExecutor.getTask(ThreadPoolExecutor.java:1074)
        at java.util.concurrent.ThreadPoolExecutor.runWorker(ThreadPoolExecutor.java:1134)
        at java.util.concurrent.ThreadPoolExecutor$Worker.run(ThreadPoolExecutor.java:624)
        at java.lang.Thread.run(Thread.java:748)
"EndpointStateMachine task thread for /0.0.0.0:45403 - 0 "  prio=5 tid=1417 in Object.wait()
java.lang.Thread.State: WAITING (on object monitor)
        at sun.misc.Unsafe.park(Native Method)
        at java.util.concurrent.locks.LockSupport.park(LockSupport.java:175)
        at java.util.concurrent.locks.AbstractQueuedSynchronizer$ConditionObject.await(AbstractQueuedSynchronizer.java:2039)
        at java.util.concurrent.LinkedBlockingQueue.take(LinkedBlockingQueue.java:442)
        at java.util.concurrent.ThreadPoolExecutor.getTask(ThreadPoolExecutor.java:1074)
        at java.util.concurrent.ThreadPoolExecutor.runWorker(ThreadPoolExecutor.java:1134)
        at java.util.concurrent.ThreadPoolExecutor$Worker.run(ThreadPoolExecutor.java:624)
        at java.lang.Thread.run(Thread.java:748)
"IPC Server handler 4 on default port 46101" daemon prio=5 tid=3391 timed_waiting
java.lang.Thread.State: TIMED_WAITING
        at sun.misc.Unsafe.park(Native Method)
        at java.util.concurrent.locks.LockSupport.parkNanos(LockSupport.java:215)
        at java.util.concurrent.locks.AbstractQueuedSynchronizer$ConditionObject.awaitNanos(AbstractQueuedSynchronizer.java:2078)
        at java.util.concurrent.LinkedBlockingQueue.poll(LinkedBlockingQueue.java:467)
        at org.apache.hadoop.ipc.CallQueueManager.take(CallQueueManager.java:317)
        at org.apache.hadoop.ipc.Server$Handler.run(Server.java:2932)
"grpc-default-worker-ELG-3-1" daemon prio=5 tid=316 runnable
java.lang.Thread.State: RUNNABLE
        at org.apache.ratis.thirdparty.io.netty.channel.epoll.Native.epollWait(Native Method)
        at org.apache.ratis.thirdparty.io.netty.channel.epoll.Native.epollWait(Native.java:177)
        at org.apache.ratis.thirdparty.io.netty.channel.epoll.Native.epollWait(Native.java:170)
        at org.apache.ratis.thirdparty.io.netty.channel.epoll.EpollEventLoop.epollWaitNoTimerChange(EpollEventLoop.java:290)
        at org.apache.ratis.thirdparty.io.netty.channel.epoll.EpollEventLoop.run(EpollEventLoop.java:347)
        at org.apache.ratis.thirdparty.io.netty.util.concurrent.SingleThreadEventExecutor$4.run(SingleThreadEventExecutor.java:989)
        at org.apache.ratis.thirdparty.io.netty.util.internal.ThreadExecutorMap$2.run(ThreadExecutorMap.java:74)
        at org.apache.ratis.thirdparty.io.netty.util.concurrent.FastThreadLocalRunnable.run(FastThreadLocalRunnable.java:30)
        at java.lang.Thread.run(Thread.java:748)
"IPC Server handler 13 on default port 43625" daemon prio=5 tid=3301 timed_waiting
java.lang.Thread.State: TIMED_WAITING
        at sun.misc.Unsafe.park(Native Method)
        at java.util.concurrent.locks.LockSupport.parkNanos(LockSupport.java:215)
        at java.util.concurrent.locks.AbstractQueuedSynchronizer$ConditionObject.awaitNanos(AbstractQueuedSynchronizer.java:2078)
        at java.util.concurrent.LinkedBlockingQueue.poll(LinkedBlockingQueue.java:467)
        at org.apache.hadoop.ipc.CallQueueManager.take(CallQueueManager.java:317)
        at org.apache.hadoop.ipc.Server$Handler.run(Server.java:2932)
"BlockDeletingService#0" daemon prio=5 tid=3552 in Object.wait()
java.lang.Thread.State: WAITING (on object monitor)
        at sun.misc.Unsafe.park(Native Method)
        at java.util.concurrent.locks.LockSupport.park(LockSupport.java:175)
        at java.util.concurrent.locks.AbstractQueuedSynchronizer$ConditionObject.await(AbstractQueuedSynchronizer.java:2039)
        at java.util.concurrent.ScheduledThreadPoolExecutor$DelayedWorkQueue.take(ScheduledThreadPoolExecutor.java:1088)
        at java.util.concurrent.ScheduledThreadPoolExecutor$DelayedWorkQueue.take(ScheduledThreadPoolExecutor.java:809)
        at java.util.concurrent.ThreadPoolExecutor.getTask(ThreadPoolExecutor.java:1074)
        at java.util.concurrent.ThreadPoolExecutor.runWorker(ThreadPoolExecutor.java:1134)
        at java.util.concurrent.ThreadPoolExecutor$Worker.run(ThreadPoolExecutor.java:624)
        at java.lang.Thread.run(Thread.java:748)
"pool-683-thread-1"  prio=5 tid=3414 timed_waiting
java.lang.Thread.State: TIMED_WAITING
        at sun.misc.Unsafe.park(Native Method)
        at java.util.concurrent.locks.LockSupport.parkNanos(LockSupport.java:215)
        at java.util.concurrent.locks.AbstractQueuedSynchronizer$ConditionObject.awaitNanos(AbstractQueuedSynchronizer.java:2078)
        at java.util.concurrent.ScheduledThreadPoolExecutor$DelayedWorkQueue.take(ScheduledThreadPoolExecutor.java:1093)
        at java.util.concurrent.ScheduledThreadPoolExecutor$DelayedWorkQueue.take(ScheduledThreadPoolExecutor.java:809)
        at java.util.concurrent.ThreadPoolExecutor.getTask(ThreadPoolExecutor.java:1074)
        at java.util.concurrent.ThreadPoolExecutor.runWorker(ThreadPoolExecutor.java:1134)
        at java.util.concurrent.ThreadPoolExecutor$Worker.run(ThreadPoolExecutor.java:624)
        at java.lang.Thread.run(Thread.java:748)
"IPC Server idle connection scanner for port 43625" daemon prio=5 tid=3283 timed_waiting
java.lang.Thread.State: TIMED_WAITING
        at java.lang.Object.wait(Native Method)
        at java.util.TimerThread.mainLoop(Timer.java:552)
        at java.util.TimerThread.run(Timer.java:505)
"EndpointStateMachine task thread for /0.0.0.0:46875 - 0 "  prio=5 tid=1839 in Object.wait()
java.lang.Thread.State: WAITING (on object monitor)
        at sun.misc.Unsafe.park(Native Method)
        at java.util.concurrent.locks.LockSupport.park(LockSupport.java:175)
        at java.util.concurrent.locks.AbstractQueuedSynchronizer$ConditionObject.await(AbstractQueuedSynchronizer.java:2039)
        at java.util.concurrent.LinkedBlockingQueue.take(LinkedBlockingQueue.java:442)
        at java.util.concurrent.ThreadPoolExecutor.getTask(ThreadPoolExecutor.java:1074)
        at java.util.concurrent.ThreadPoolExecutor.runWorker(ThreadPoolExecutor.java:1134)
        at java.util.concurrent.ThreadPoolExecutor$Worker.run(ThreadPoolExecutor.java:624)
        at java.lang.Thread.run(Thread.java:748)
"FullTableCache Cleanup Thread - 0" daemon prio=5 tid=1546 in Object.wait()
java.lang.Thread.State: WAITING (on object monitor)
        at sun.misc.Unsafe.park(Native Method)
        at java.util.concurrent.locks.LockSupport.park(LockSupport.java:175)
        at java.util.concurrent.locks.AbstractQueuedSynchronizer$ConditionObject.await(AbstractQueuedSynchronizer.java:2039)
        at java.util.concurrent.LinkedBlockingQueue.take(LinkedBlockingQueue.java:442)
        at java.util.concurrent.ThreadPoolExecutor.getTask(ThreadPoolExecutor.java:1074)
        at java.util.concurrent.ThreadPoolExecutor.runWorker(ThreadPoolExecutor.java:1134)
        at java.util.concurrent.ThreadPoolExecutor$Worker.run(ThreadPoolExecutor.java:624)
        at java.lang.Thread.run(Thread.java:748)
"PartialTableCache Cleanup Thread - 0" daemon prio=5 tid=2423 in Object.wait()
java.lang.Thread.State: WAITING (on object monitor)
        at sun.misc.Unsafe.park(Native Method)
        at java.util.concurrent.locks.LockSupport.park(LockSupport.java:175)
        at java.util.concurrent.locks.AbstractQueuedSynchronizer$ConditionObject.await(AbstractQueuedSynchronizer.java:2039)
        at java.util.concurrent.LinkedBlockingQueue.take(LinkedBlockingQueue.java:442)
        at java.util.concurrent.ThreadPoolExecutor.getTask(ThreadPoolExecutor.java:1074)
        at java.util.concurrent.ThreadPoolExecutor.runWorker(ThreadPoolExecutor.java:1134)
        at java.util.concurrent.ThreadPoolExecutor$Worker.run(ThreadPoolExecutor.java:624)
        at java.lang.Thread.run(Thread.java:748)
"Datanode ReportManager Thread - 1" daemon prio=5 tid=202 in Object.wait()
java.lang.Thread.State: WAITING (on object monitor)
        at sun.misc.Unsafe.park(Native Method)
        at java.util.concurrent.locks.LockSupport.park(LockSupport.java:175)
        at java.util.concurrent.locks.AbstractQueuedSynchronizer$ConditionObject.await(AbstractQueuedSynchronizer.java:2039)
        at java.util.concurrent.ScheduledThreadPoolExecutor$DelayedWorkQueue.take(ScheduledThreadPoolExecutor.java:1088)
        at java.util.concurrent.ScheduledThreadPoolExecutor$DelayedWorkQueue.take(ScheduledThreadPoolExecutor.java:809)
        at java.util.concurrent.ThreadPoolExecutor.getTask(ThreadPoolExecutor.java:1074)
        at java.util.concurrent.ThreadPoolExecutor.runWorker(ThreadPoolExecutor.java:1134)
        at java.util.concurrent.ThreadPoolExecutor$Worker.run(ThreadPoolExecutor.java:624)
        at java.lang.Thread.run(Thread.java:748)
"Datanode ReportManager Thread - 3" daemon prio=5 tid=3430 timed_waiting
java.lang.Thread.State: TIMED_WAITING
        at sun.misc.Unsafe.park(Native Method)
        at java.util.concurrent.locks.LockSupport.parkNanos(LockSupport.java:215)
        at java.util.concurrent.locks.AbstractQueuedSynchronizer$ConditionObject.awaitNanos(AbstractQueuedSynchronizer.java:2078)
        at java.util.concurrent.ScheduledThreadPoolExecutor$DelayedWorkQueue.take(ScheduledThreadPoolExecutor.java:1093)
        at java.util.concurrent.ScheduledThreadPoolExecutor$DelayedWorkQueue.take(ScheduledThreadPoolExecutor.java:809)
        at java.util.concurrent.ThreadPoolExecutor.getTask(ThreadPoolExecutor.java:1074)
        at java.util.concurrent.ThreadPoolExecutor.runWorker(ThreadPoolExecutor.java:1134)
        at java.util.concurrent.ThreadPoolExecutor$Worker.run(ThreadPoolExecutor.java:624)
        at java.lang.Thread.run(Thread.java:748)
"Datanode ReportManager Thread - 2" daemon prio=5 tid=2297 timed_waiting
java.lang.Thread.State: TIMED_WAITING
        at sun.misc.Unsafe.park(Native Method)
        at java.util.concurrent.locks.LockSupport.parkNanos(LockSupport.java:215)
        at java.util.concurrent.locks.AbstractQueuedSynchronizer$ConditionObject.awaitNanos(AbstractQueuedSynchronizer.java:2078)
        at java.util.concurrent.ScheduledThreadPoolExecutor$DelayedWorkQueue.take(ScheduledThreadPoolExecutor.java:1093)
        at java.util.concurrent.ScheduledThreadPoolExecutor$DelayedWorkQueue.take(ScheduledThreadPoolExecutor.java:809)
        at java.util.concurrent.ThreadPoolExecutor.getTask(ThreadPoolExecutor.java:1074)
        at java.util.concurrent.ThreadPoolExecutor.runWorker(ThreadPoolExecutor.java:1134)
        at java.util.concurrent.ThreadPoolExecutor$Worker.run(ThreadPoolExecutor.java:624)
        at java.lang.Thread.run(Thread.java:748)
"Socket Reader #1 for port 0" daemon prio=5 tid=3366 runnable
java.lang.Thread.State: RUNNABLE
        at sun.nio.ch.EPollArrayWrapper.epollWait(Native Method)
        at sun.nio.ch.EPollArrayWrapper.poll(EPollArrayWrapper.java:269)
        at sun.nio.ch.EPollSelectorImpl.doSelect(EPollSelectorImpl.java:93)
        at sun.nio.ch.SelectorImpl.lockAndDoSelect(SelectorImpl.java:86)
        at sun.nio.ch.SelectorImpl.select(SelectorImpl.java:97)
        at sun.nio.ch.SelectorImpl.select(SelectorImpl.java:101)
        at org.apache.hadoop.ipc.Server$Listener$Reader.doRunLoop(Server.java:1288)
        at org.apache.hadoop.ipc.Server$Listener$Reader.run(Server.java:1267)
"ChunkWriter-0-0" daemon prio=5 tid=3522 in Object.wait()
java.lang.Thread.State: WAITING (on object monitor)
        at sun.misc.Unsafe.park(Native Method)
        at java.util.concurrent.locks.LockSupport.park(LockSupport.java:175)
        at java.util.concurrent.locks.AbstractQueuedSynchronizer$ConditionObject.await(AbstractQueuedSynchronizer.java:2039)
        at java.util.concurrent.LinkedBlockingDeque.takeFirst(LinkedBlockingDeque.java:492)
        at java.util.concurrent.LinkedBlockingDeque.take(LinkedBlockingDeque.java:680)
        at java.util.concurrent.ThreadPoolExecutor.getTask(ThreadPoolExecutor.java:1074)
        at java.util.concurrent.ThreadPoolExecutor.runWorker(ThreadPoolExecutor.java:1134)
        at java.util.concurrent.ThreadPoolExecutor$Worker.run(ThreadPoolExecutor.java:624)
        at java.lang.Thread.run(Thread.java:748)
"Datanode ReportManager Thread - 4" daemon prio=5 tid=1818 in Object.wait()
java.lang.Thread.State: WAITING (on object monitor)
        at sun.misc.Unsafe.park(Native Method)
        at java.util.concurrent.locks.LockSupport.park(LockSupport.java:175)
        at java.util.concurrent.locks.AbstractQueuedSynchronizer$ConditionObject.await(AbstractQueuedSynchronizer.java:2039)
        at java.util.concurrent.ScheduledThreadPoolExecutor$DelayedWorkQueue.take(ScheduledThreadPoolExecutor.java:1088)
        at java.util.concurrent.ScheduledThreadPoolExecutor$DelayedWorkQueue.take(ScheduledThreadPoolExecutor.java:809)
        at java.util.concurrent.ThreadPoolExecutor.getTask(ThreadPoolExecutor.java:1074)
        at java.util.concurrent.ThreadPoolExecutor.runWorker(ThreadPoolExecutor.java:1134)
        at java.util.concurrent.ThreadPoolExecutor$Worker.run(ThreadPoolExecutor.java:624)
        at java.lang.Thread.run(Thread.java:748)
"IPC Server handler 2 on default port 46101" daemon prio=5 tid=3389 timed_waiting
java.lang.Thread.State: TIMED_WAITING
        at sun.misc.Unsafe.park(Native Method)
        at java.util.concurrent.locks.LockSupport.parkNanos(LockSupport.java:215)
        at java.util.concurrent.locks.AbstractQueuedSynchronizer$ConditionObject.awaitNanos(AbstractQueuedSynchronizer.java:2078)
        at java.util.concurrent.LinkedBlockingQueue.poll(LinkedBlockingQueue.java:467)
        at org.apache.hadoop.ipc.CallQueueManager.take(CallQueueManager.java:317)
        at org.apache.hadoop.ipc.Server$Handler.run(Server.java:2932)
"Datanode ReportManager Thread - 2" daemon prio=5 tid=2211 in Object.wait()
java.lang.Thread.State: WAITING (on object monitor)
        at sun.misc.Unsafe.park(Native Method)
        at java.util.concurrent.locks.LockSupport.park(LockSupport.java:175)
        at java.util.concurrent.locks.AbstractQueuedSynchronizer$ConditionObject.await(AbstractQueuedSynchronizer.java:2039)
        at java.util.concurrent.ScheduledThreadPoolExecutor$DelayedWorkQueue.take(ScheduledThreadPoolExecutor.java:1088)
        at java.util.concurrent.ScheduledThreadPoolExecutor$DelayedWorkQueue.take(ScheduledThreadPoolExecutor.java:809)
        at java.util.concurrent.ThreadPoolExecutor.getTask(ThreadPoolExecutor.java:1074)
        at java.util.concurrent.ThreadPoolExecutor.runWorker(ThreadPoolExecutor.java:1134)
        at java.util.concurrent.ThreadPoolExecutor$Worker.run(ThreadPoolExecutor.java:624)
        at java.lang.Thread.run(Thread.java:748)
"ChunkWriter-1-0" daemon prio=5 tid=3548 in Object.wait()
java.lang.Thread.State: WAITING (on object monitor)
        at sun.misc.Unsafe.park(Native Method)
        at java.util.concurrent.locks.LockSupport.park(LockSupport.java:175)
        at java.util.concurrent.locks.AbstractQueuedSynchronizer$ConditionObject.await(AbstractQueuedSynchronizer.java:2039)
        at java.util.concurrent.LinkedBlockingDeque.takeFirst(LinkedBlockingDeque.java:492)
        at java.util.concurrent.LinkedBlockingDeque.take(LinkedBlockingDeque.java:680)
        at java.util.concurrent.ThreadPoolExecutor.getTask(ThreadPoolExecutor.java:1074)
        at java.util.concurrent.ThreadPoolExecutor.runWorker(ThreadPoolExecutor.java:1134)
        at java.util.concurrent.ThreadPoolExecutor$Worker.run(ThreadPoolExecutor.java:624)
        at java.lang.Thread.run(Thread.java:748)
"qtp1951734534-3498" daemon prio=5 tid=3498 timed_waiting
java.lang.Thread.State: TIMED_WAITING
        at sun.misc.Unsafe.park(Native Method)
        at java.util.concurrent.locks.LockSupport.parkNanos(LockSupport.java:215)
        at java.util.concurrent.locks.AbstractQueuedSynchronizer$ConditionObject.awaitNanos(AbstractQueuedSynchronizer.java:2078)
        at org.eclipse.jetty.util.BlockingArrayQueue.poll(BlockingArrayQueue.java:382)
        at org.eclipse.jetty.util.thread.QueuedThreadPool$Runner.idleJobPoll(QueuedThreadPool.java:974)
        at org.eclipse.jetty.util.thread.QueuedThreadPool$Runner.run(QueuedThreadPool.java:1018)
        at java.lang.Thread.run(Thread.java:748)
"Datanode ReportManager Thread - 0" daemon prio=5 tid=201 in Object.wait()
java.lang.Thread.State: WAITING (on object monitor)
        at sun.misc.Unsafe.park(Native Method)
        at java.util.concurrent.locks.LockSupport.park(LockSupport.java:175)
        at java.util.concurrent.locks.AbstractQueuedSynchronizer$ConditionObject.await(AbstractQueuedSynchronizer.java:2039)
        at java.util.concurrent.ScheduledThreadPoolExecutor$DelayedWorkQueue.take(ScheduledThreadPoolExecutor.java:1088)
        at java.util.concurrent.ScheduledThreadPoolExecutor$DelayedWorkQueue.take(ScheduledThreadPoolExecutor.java:809)
        at java.util.concurrent.ThreadPoolExecutor.getTask(ThreadPoolExecutor.java:1074)
        at java.util.concurrent.ThreadPoolExecutor.runWorker(ThreadPoolExecutor.java:1134)
        at java.util.concurrent.ThreadPoolExecutor$Worker.run(ThreadPoolExecutor.java:624)
        at java.lang.Thread.run(Thread.java:748)
"Datanode ReportManager Thread - 4" daemon prio=5 tid=2239 in Object.wait()
java.lang.Thread.State: WAITING (on object monitor)
        at sun.misc.Unsafe.park(Native Method)
        at java.util.concurrent.locks.LockSupport.park(LockSupport.java:175)
        at java.util.concurrent.locks.AbstractQueuedSynchronizer$ConditionObject.await(AbstractQueuedSynchronizer.java:2039)
        at java.util.concurrent.ScheduledThreadPoolExecutor$DelayedWorkQueue.take(ScheduledThreadPoolExecutor.java:1088)
        at java.util.concurrent.ScheduledThreadPoolExecutor$DelayedWorkQueue.take(ScheduledThreadPoolExecutor.java:809)
        at java.util.concurrent.ThreadPoolExecutor.getTask(ThreadPoolExecutor.java:1074)
        at java.util.concurrent.ThreadPoolExecutor.runWorker(ThreadPoolExecutor.java:1134)
        at java.util.concurrent.ThreadPoolExecutor$Worker.run(ThreadPoolExecutor.java:624)
        at java.lang.Thread.run(Thread.java:748)
"Command processor thread" daemon prio=5 tid=3508 timed_waiting
java.lang.Thread.State: TIMED_WAITING
        at java.lang.Thread.sleep(Native Method)
        at org.apache.hadoop.ozone.container.common.statemachine.DatanodeStateMachine.lambda$initCommandHandlerThread$2(DatanodeStateMachine.java:574)
        at org.apache.hadoop.ozone.container.common.statemachine.DatanodeStateMachine$$Lambda$577/1509945893.run(Unknown Source)
        at java.lang.Thread.run(Thread.java:748)
"Datanode ReportManager Thread - 4" daemon prio=5 tid=1767 in Object.wait()
java.lang.Thread.State: WAITING (on object monitor)
        at sun.misc.Unsafe.park(Native Method)
        at java.util.concurrent.locks.LockSupport.park(LockSupport.java:175)
        at java.util.concurrent.locks.AbstractQueuedSynchronizer$ConditionObject.await(AbstractQueuedSynchronizer.java:2039)
        at java.util.concurrent.ScheduledThreadPoolExecutor$DelayedWorkQueue.take(ScheduledThreadPoolExecutor.java:1088)
        at java.util.concurrent.ScheduledThreadPoolExecutor$DelayedWorkQueue.take(ScheduledThreadPoolExecutor.java:809)
        at java.util.concurrent.ThreadPoolExecutor.getTask(ThreadPoolExecutor.java:1074)
        at java.util.concurrent.ThreadPoolExecutor.runWorker(ThreadPoolExecutor.java:1134)
        at java.util.concurrent.ThreadPoolExecutor$Worker.run(ThreadPoolExecutor.java:624)
        at java.lang.Thread.run(Thread.java:748)
"IPC Server handler 19 on default port 46101" daemon prio=5 tid=3406 timed_waiting
java.lang.Thread.State: TIMED_WAITING
        at sun.misc.Unsafe.park(Native Method)
        at java.util.concurrent.locks.LockSupport.parkNanos(LockSupport.java:215)
        at java.util.concurrent.locks.AbstractQueuedSynchronizer$ConditionObject.awaitNanos(AbstractQueuedSynchronizer.java:2078)
        at java.util.concurrent.LinkedBlockingQueue.poll(LinkedBlockingQueue.java:467)
        at org.apache.hadoop.ipc.CallQueueManager.take(CallQueueManager.java:317)
        at org.apache.hadoop.ipc.Server$Handler.run(Server.java:2932)
"Datanode ReportManager Thread - 4" daemon prio=5 tid=1412 timed_waiting
java.lang.Thread.State: TIMED_WAITING
        at sun.misc.Unsafe.park(Native Method)
        at java.util.concurrent.locks.LockSupport.parkNanos(LockSupport.java:215)
        at java.util.concurrent.locks.AbstractQueuedSynchronizer$ConditionObject.awaitNanos(AbstractQueuedSynchronizer.java:2078)
        at java.util.concurrent.ScheduledThreadPoolExecutor$DelayedWorkQueue.take(ScheduledThreadPoolExecutor.java:1093)
        at java.util.concurrent.ScheduledThreadPoolExecutor$DelayedWorkQueue.take(ScheduledThreadPoolExecutor.java:809)
        at java.util.concurrent.ThreadPoolExecutor.getTask(ThreadPoolExecutor.java:1074)
        at java.util.concurrent.ThreadPoolExecutor.runWorker(ThreadPoolExecutor.java:1134)
        at java.util.concurrent.ThreadPoolExecutor$Worker.run(ThreadPoolExecutor.java:624)
        at java.lang.Thread.run(Thread.java:748)
"IPC Server handler 5 on default port 46101" daemon prio=5 tid=3392 timed_waiting
java.lang.Thread.State: TIMED_WAITING
        at sun.misc.Unsafe.park(Native Method)
        at java.util.concurrent.locks.LockSupport.parkNanos(LockSupport.java:215)
        at java.util.concurrent.locks.AbstractQueuedSynchronizer$ConditionObject.awaitNanos(AbstractQueuedSynchronizer.java:2078)
        at java.util.concurrent.LinkedBlockingQueue.poll(LinkedBlockingQueue.java:467)
        at org.apache.hadoop.ipc.CallQueueManager.take(CallQueueManager.java:317)
        at org.apache.hadoop.ipc.Server$Handler.run(Server.java:2932)
"qtp243164435-3382" daemon prio=5 tid=3382 timed_waiting
java.lang.Thread.State: TIMED_WAITING
        at sun.misc.Unsafe.park(Native Method)
        at java.util.concurrent.locks.LockSupport.parkNanos(LockSupport.java:215)
        at java.util.concurrent.locks.AbstractQueuedSynchronizer$ConditionObject.awaitNanos(AbstractQueuedSynchronizer.java:2078)
        at org.eclipse.jetty.util.BlockingArrayQueue.poll(BlockingArrayQueue.java:382)
        at org.eclipse.jetty.util.thread.QueuedThreadPool$Runner.idleJobPoll(QueuedThreadPool.java:974)
        at org.eclipse.jetty.util.thread.QueuedThreadPool$Runner.run(QueuedThreadPool.java:1018)
        at java.lang.Thread.run(Thread.java:748)
"org.apache.ratis.util.JvmPauseMonitor$$Lambda$535/1672973847@23b50f4e" daemon prio=5 tid=3551 timed_waiting
java.lang.Thread.State: TIMED_WAITING
        at java.lang.Thread.sleep(Native Method)
        at java.lang.Thread.sleep(Thread.java:340)
        at java.util.concurrent.TimeUnit.sleep(TimeUnit.java:386)
        at org.apache.ratis.util.TimeDuration.sleep(TimeDuration.java:324)
        at org.apache.ratis.util.TimeDuration.sleep(TimeDuration.java:309)
        at org.apache.ratis.util.JvmPauseMonitor.detectPause(JvmPauseMonitor.java:117)
        at org.apache.ratis.util.JvmPauseMonitor.run(JvmPauseMonitor.java:106)
        at org.apache.ratis.util.JvmPauseMonitor$$Lambda$535/1672973847.run(Unknown Source)
        at java.lang.Thread.run(Thread.java:748)
"IPC Server Responder" daemon prio=5 tid=3284 runnable
java.lang.Thread.State: RUNNABLE
        at sun.nio.ch.EPollArrayWrapper.epollWait(Native Method)
        at sun.nio.ch.EPollArrayWrapper.poll(EPollArrayWrapper.java:269)
        at sun.nio.ch.EPollSelectorImpl.doSelect(EPollSelectorImpl.java:93)
        at sun.nio.ch.SelectorImpl.lockAndDoSelect(SelectorImpl.java:86)
        at sun.nio.ch.SelectorImpl.select(SelectorImpl.java:97)
        at org.apache.hadoop.ipc.Server$Responder.doRunLoop(Server.java:1527)
        at org.apache.hadoop.ipc.Server$Responder.run(Server.java:1510)
"IPC Server Responder" daemon prio=5 tid=3276 runnable
java.lang.Thread.State: RUNNABLE
        at sun.nio.ch.EPollArrayWrapper.epollWait(Native Method)
        at sun.nio.ch.EPollArrayWrapper.poll(EPollArrayWrapper.java:269)
        at sun.nio.ch.EPollSelectorImpl.doSelect(EPollSelectorImpl.java:93)
        at sun.nio.ch.SelectorImpl.lockAndDoSelect(SelectorImpl.java:86)
        at sun.nio.ch.SelectorImpl.select(SelectorImpl.java:97)
        at org.apache.hadoop.ipc.Server$Responder.doRunLoop(Server.java:1527)
        at org.apache.hadoop.ipc.Server$Responder.run(Server.java:1510)
"IPC Server handler 13 on default port 43677" daemon prio=5 tid=3341 timed_waiting
java.lang.Thread.State: TIMED_WAITING
        at sun.misc.Unsafe.park(Native Method)
        at java.util.concurrent.locks.LockSupport.parkNanos(LockSupport.java:215)
        at java.util.concurrent.locks.AbstractQueuedSynchronizer$ConditionObject.awaitNanos(AbstractQueuedSynchronizer.java:2078)
        at java.util.concurrent.LinkedBlockingQueue.poll(LinkedBlockingQueue.java:467)
        at org.apache.hadoop.ipc.CallQueueManager.take(CallQueueManager.java:317)
        at org.apache.hadoop.ipc.Server$Handler.run(Server.java:2932)
"pool-671-thread-1" daemon prio=5 tid=3411 timed_waiting
java.lang.Thread.State: TIMED_WAITING
        at sun.misc.Unsafe.park(Native Method)
        at java.util.concurrent.locks.LockSupport.parkNanos(LockSupport.java:215)
        at java.util.concurrent.locks.AbstractQueuedSynchronizer$ConditionObject.awaitNanos(AbstractQueuedSynchronizer.java:2078)
        at java.util.concurrent.ScheduledThreadPoolExecutor$DelayedWorkQueue.take(ScheduledThreadPoolExecutor.java:1093)
        at java.util.concurrent.ScheduledThreadPoolExecutor$DelayedWorkQueue.take(ScheduledThreadPoolExecutor.java:809)
        at java.util.concurrent.ThreadPoolExecutor.getTask(ThreadPoolExecutor.java:1074)
        at java.util.concurrent.ThreadPoolExecutor.runWorker(ThreadPoolExecutor.java:1134)
        at java.util.concurrent.ThreadPoolExecutor$Worker.run(ThreadPoolExecutor.java:624)
        at java.lang.Thread.run(Thread.java:748)
"grpc-default-executor-5" daemon prio=5 tid=1996 timed_waiting
java.lang.Thread.State: TIMED_WAITING
        at sun.misc.Unsafe.park(Native Method)
        at java.util.concurrent.locks.LockSupport.parkNanos(LockSupport.java:215)
        at java.util.concurrent.SynchronousQueue$TransferStack.awaitFulfill(SynchronousQueue.java:460)
        at java.util.concurrent.SynchronousQueue$TransferStack.transfer(SynchronousQueue.java:362)
        at java.util.concurrent.SynchronousQueue.poll(SynchronousQueue.java:941)
        at java.util.concurrent.ThreadPoolExecutor.getTask(ThreadPoolExecutor.java:1073)
        at java.util.concurrent.ThreadPoolExecutor.runWorker(ThreadPoolExecutor.java:1134)
        at java.util.concurrent.ThreadPoolExecutor$Worker.run(ThreadPoolExecutor.java:624)
        at java.lang.Thread.run(Thread.java:748)
"Socket Reader #1 for port 0" daemon prio=5 tid=3278 runnable
java.lang.Thread.State: RUNNABLE
        at sun.nio.ch.EPollArrayWrapper.epollWait(Native Method)
        at sun.nio.ch.EPollArrayWrapper.poll(EPollArrayWrapper.java:269)
        at sun.nio.ch.EPollSelectorImpl.doSelect(EPollSelectorImpl.java:93)
        at sun.nio.ch.SelectorImpl.lockAndDoSelect(SelectorImpl.java:86)
        at sun.nio.ch.SelectorImpl.select(SelectorImpl.java:97)
        at sun.nio.ch.SelectorImpl.select(SelectorImpl.java:101)
        at org.apache.hadoop.ipc.Server$Listener$Reader.doRunLoop(Server.java:1288)
        at org.apache.hadoop.ipc.Server$Listener$Reader.run(Server.java:1267)
"BlockDeletingService#0" daemon prio=5 tid=3518 timed_waiting
java.lang.Thread.State: TIMED_WAITING
        at sun.misc.Unsafe.park(Native Method)
        at java.util.concurrent.locks.LockSupport.park(LockSupport.java:175)
        at java.util.concurrent.locks.AbstractQueuedSynchronizer$ConditionObject.await(AbstractQueuedSynchronizer.java:2039)
        at java.util.concurrent.ScheduledThreadPoolExecutor$DelayedWorkQueue.take(ScheduledThreadPoolExecutor.java:1088)
        at java.util.concurrent.ScheduledThreadPoolExecutor$DelayedWorkQueue.take(ScheduledThreadPoolExecutor.java:809)
        at java.util.concurrent.ThreadPoolExecutor.getTask(ThreadPoolExecutor.java:1074)
        at java.util.concurrent.ThreadPoolExecutor.runWorker(ThreadPoolExecutor.java:1134)
        at java.util.concurrent.ThreadPoolExecutor$Worker.run(ThreadPoolExecutor.java:624)
        at java.lang.Thread.run(Thread.java:748)
"IPC Server handler 16 on default port 46101" daemon prio=5 tid=3403 timed_waiting
java.lang.Thread.State: TIMED_WAITING
        at sun.misc.Unsafe.park(Native Method)
        at java.util.concurrent.locks.LockSupport.parkNanos(LockSupport.java:215)
        at java.util.concurrent.locks.AbstractQueuedSynchronizer$ConditionObject.awaitNanos(AbstractQueuedSynchronizer.java:2078)
        at java.util.concurrent.LinkedBlockingQueue.poll(LinkedBlockingQueue.java:467)
        at org.apache.hadoop.ipc.CallQueueManager.take(CallQueueManager.java:317)
        at org.apache.hadoop.ipc.Server$Handler.run(Server.java:2932)
"EventQueue-ContainerReportForContainerReportHandler" daemon prio=5 tid=3557 in Object.wait()
java.lang.Thread.State: WAITING (on object monitor)
        at sun.misc.Unsafe.park(Native Method)
        at java.util.concurrent.locks.LockSupport.park(LockSupport.java:175)
        at java.util.concurrent.locks.AbstractQueuedSynchronizer$ConditionObject.await(AbstractQueuedSynchronizer.java:2039)
        at java.util.concurrent.LinkedBlockingQueue.take(LinkedBlockingQueue.java:442)
        at java.util.concurrent.ThreadPoolExecutor.getTask(ThreadPoolExecutor.java:1074)
        at java.util.concurrent.ThreadPoolExecutor.runWorker(ThreadPoolExecutor.java:1134)
        at java.util.concurrent.ThreadPoolExecutor$Worker.run(ThreadPoolExecutor.java:624)
        at java.lang.Thread.run(Thread.java:748)
"Timer for 'StorageContainerManager' metrics system" daemon prio=5 tid=3285 timed_waiting
java.lang.Thread.State: TIMED_WAITING
        at java.lang.Object.wait(Native Method)
        at java.util.TimerThread.mainLoop(Timer.java:552)
        at java.util.TimerThread.run(Timer.java:505)
"Datanode ReportManager Thread - 2" daemon prio=5 tid=1410 in Object.wait()
java.lang.Thread.State: WAITING (on object monitor)
        at sun.misc.Unsafe.park(Native Method)
        at java.util.concurrent.locks.LockSupport.park(LockSupport.java:175)
        at java.util.concurrent.locks.AbstractQueuedSynchronizer$ConditionObject.await(AbstractQueuedSynchronizer.java:2039)
        at java.util.concurrent.ScheduledThreadPoolExecutor$DelayedWorkQueue.take(ScheduledThreadPoolExecutor.java:1088)
        at java.util.concurrent.ScheduledThreadPoolExecutor$DelayedWorkQueue.take(ScheduledThreadPoolExecutor.java:809)
        at java.util.concurrent.ThreadPoolExecutor.getTask(ThreadPoolExecutor.java:1074)
        at java.util.concurrent.ThreadPoolExecutor.runWorker(ThreadPoolExecutor.java:1134)
        at java.util.concurrent.ThreadPoolExecutor$Worker.run(ThreadPoolExecutor.java:624)
        at java.lang.Thread.run(Thread.java:748)
"IPC Server handler 17 on default port 46101" daemon prio=5 tid=3404 timed_waiting
java.lang.Thread.State: TIMED_WAITING
        at sun.misc.Unsafe.park(Native Method)
        at java.util.concurrent.locks.LockSupport.parkNanos(LockSupport.java:215)
        at java.util.concurrent.locks.AbstractQueuedSynchronizer$ConditionObject.awaitNanos(AbstractQueuedSynchronizer.java:2078)
        at java.util.concurrent.LinkedBlockingQueue.poll(LinkedBlockingQueue.java:467)
        at org.apache.hadoop.ipc.CallQueueManager.take(CallQueueManager.java:317)
        at org.apache.hadoop.ipc.Server$Handler.run(Server.java:2932)
"ChunkWriter-2-0" daemon prio=5 tid=3524 in Object.wait()
java.lang.Thread.State: WAITING (on object monitor)
        at sun.misc.Unsafe.park(Native Method)
        at java.util.concurrent.locks.LockSupport.park(LockSupport.java:175)
        at java.util.concurrent.locks.AbstractQueuedSynchronizer$ConditionObject.await(AbstractQueuedSynchronizer.java:2039)
        at java.util.concurrent.LinkedBlockingDeque.takeFirst(LinkedBlockingDeque.java:492)
        at java.util.concurrent.LinkedBlockingDeque.take(LinkedBlockingDeque.java:680)
        at java.util.concurrent.ThreadPoolExecutor.getTask(ThreadPoolExecutor.java:1074)
        at java.util.concurrent.ThreadPoolExecutor.runWorker(ThreadPoolExecutor.java:1134)
        at java.util.concurrent.ThreadPoolExecutor$Worker.run(ThreadPoolExecutor.java:624)
        at java.lang.Thread.run(Thread.java:748)
"Datanode State Machine Daemon Thread" daemon prio=5 tid=3426 timed_waiting
java.lang.Thread.State: TIMED_WAITING
        at java.lang.Thread.sleep(Native Method)
        at org.apache.hadoop.ozone.container.common.statemachine.DatanodeStateMachine.start(DatanodeStateMachine.java:295)
        at org.apache.hadoop.ozone.container.common.statemachine.DatanodeStateMachine.lambda$startDaemon$0(DatanodeStateMachine.java:468)
        at org.apache.hadoop.ozone.container.common.statemachine.DatanodeStateMachine$$Lambda$575/715438968.run(Unknown Source)
        at java.lang.Thread.run(Thread.java:748)
"IPC Server handler 16 on default port 38869" daemon prio=5 tid=3324 timed_waiting
java.lang.Thread.State: TIMED_WAITING
        at sun.misc.Unsafe.park(Native Method)
        at java.util.concurrent.locks.LockSupport.parkNanos(LockSupport.java:215)
        at java.util.concurrent.locks.AbstractQueuedSynchronizer$ConditionObject.awaitNanos(AbstractQueuedSynchronizer.java:2078)
        at java.util.concurrent.LinkedBlockingQueue.poll(LinkedBlockingQueue.java:467)
        at org.apache.hadoop.ipc.CallQueueManager.take(CallQueueManager.java:317)
        at org.apache.hadoop.ipc.Server$Handler.run(Server.java:2932)
"Datanode ReportManager Thread - 2" daemon prio=5 tid=3479 in Object.wait()
java.lang.Thread.State: WAITING (on object monitor)
        at sun.misc.Unsafe.park(Native Method)
        at java.util.concurrent.locks.LockSupport.park(LockSupport.java:175)
        at java.util.concurrent.locks.AbstractQueuedSynchronizer$ConditionObject.await(AbstractQueuedSynchronizer.java:2039)
        at java.util.concurrent.ScheduledThreadPoolExecutor$DelayedWorkQueue.take(ScheduledThreadPoolExecutor.java:1088)
        at java.util.concurrent.ScheduledThreadPoolExecutor$DelayedWorkQueue.take(ScheduledThreadPoolExecutor.java:809)
        at java.util.concurrent.ThreadPoolExecutor.getTask(ThreadPoolExecutor.java:1074)
        at java.util.concurrent.ThreadPoolExecutor.runWorker(ThreadPoolExecutor.java:1134)
        at java.util.concurrent.ThreadPoolExecutor$Worker.run(ThreadPoolExecutor.java:624)
        at java.lang.Thread.run(Thread.java:748)
"Datanode ReportManager Thread - 4" daemon prio=5 tid=206 timed_waiting
java.lang.Thread.State: TIMED_WAITING
        at sun.misc.Unsafe.park(Native Method)
        at java.util.concurrent.locks.LockSupport.parkNanos(LockSupport.java:215)
        at java.util.concurrent.locks.AbstractQueuedSynchronizer$ConditionObject.awaitNanos(AbstractQueuedSynchronizer.java:2078)
        at java.util.concurrent.ScheduledThreadPoolExecutor$DelayedWorkQueue.take(ScheduledThreadPoolExecutor.java:1093)
        at java.util.concurrent.ScheduledThreadPoolExecutor$DelayedWorkQueue.take(ScheduledThreadPoolExecutor.java:809)
        at java.util.concurrent.ThreadPoolExecutor.getTask(ThreadPoolExecutor.java:1074)
        at java.util.concurrent.ThreadPoolExecutor.runWorker(ThreadPoolExecutor.java:1134)
        at java.util.concurrent.ThreadPoolExecutor$Worker.run(ThreadPoolExecutor.java:624)
        at java.lang.Thread.run(Thread.java:748)
"Datanode ReportManager Thread - 0" daemon prio=5 tid=1763 in Object.wait()
java.lang.Thread.State: WAITING (on object monitor)
        at sun.misc.Unsafe.park(Native Method)
        at java.util.concurrent.locks.LockSupport.park(LockSupport.java:175)
        at java.util.concurrent.locks.AbstractQueuedSynchronizer$ConditionObject.await(AbstractQueuedSynchronizer.java:2039)
        at java.util.concurrent.ScheduledThreadPoolExecutor$DelayedWorkQueue.take(ScheduledThreadPoolExecutor.java:1088)
        at java.util.concurrent.ScheduledThreadPoolExecutor$DelayedWorkQueue.take(ScheduledThreadPoolExecutor.java:809)
        at java.util.concurrent.ThreadPoolExecutor.getTask(ThreadPoolExecutor.java:1074)
        at java.util.concurrent.ThreadPoolExecutor.runWorker(ThreadPoolExecutor.java:1134)
        at java.util.concurrent.ThreadPoolExecutor$Worker.run(ThreadPoolExecutor.java:624)
        at java.lang.Thread.run(Thread.java:748)
"Datanode ReportManager Thread - 3" daemon prio=5 tid=2298 in Object.wait()
java.lang.Thread.State: WAITING (on object monitor)
        at sun.misc.Unsafe.park(Native Method)
        at java.util.concurrent.locks.LockSupport.park(LockSupport.java:175)
        at java.util.concurrent.locks.AbstractQueuedSynchronizer$ConditionObject.await(AbstractQueuedSynchronizer.java:2039)
        at java.util.concurrent.ScheduledThreadPoolExecutor$DelayedWorkQueue.take(ScheduledThreadPoolExecutor.java:1088)
        at java.util.concurrent.ScheduledThreadPoolExecutor$DelayedWorkQueue.take(ScheduledThreadPoolExecutor.java:809)
        at java.util.concurrent.ThreadPoolExecutor.getTask(ThreadPoolExecutor.java:1074)
        at java.util.concurrent.ThreadPoolExecutor.runWorker(ThreadPoolExecutor.java:1134)
        at java.util.concurrent.ThreadPoolExecutor$Worker.run(ThreadPoolExecutor.java:624)
        at java.lang.Thread.run(Thread.java:748)
"IPC Server handler 3 on default port 46101" daemon prio=5 tid=3390 timed_waiting
java.lang.Thread.State: TIMED_WAITING
        at sun.misc.Unsafe.park(Native Method)
        at java.util.concurrent.locks.LockSupport.parkNanos(LockSupport.java:215)
        at java.util.concurrent.locks.AbstractQueuedSynchronizer$ConditionObject.awaitNanos(AbstractQueuedSynchronizer.java:2078)
        at java.util.concurrent.LinkedBlockingQueue.poll(LinkedBlockingQueue.java:467)
        at org.apache.hadoop.ipc.CallQueueManager.take(CallQueueManager.java:317)
        at org.apache.hadoop.ipc.Server$Handler.run(Server.java:2932)
"9eaa9061-0cbd-4a3d-8091-a973303b955e@group-828664CAA80E-StateMachineUpdater" daemon prio=5 tid=3560 in Object.wait()
java.lang.Thread.State: WAITING (on object monitor)
        at java.lang.Object.wait(Native Method)
        at java.lang.Object.wait(Object.java:502)
        at org.apache.ratis.server.impl.StateMachineUpdater.waitForCommit(StateMachineUpdater.java:204)
        at org.apache.ratis.server.impl.StateMachineUpdater.run(StateMachineUpdater.java:173)
        at java.lang.Thread.run(Thread.java:748)
"Reference Handler" daemon prio=10 tid=2 in Object.wait()
java.lang.Thread.State: WAITING (on object monitor)
        at java.lang.Object.wait(Native Method)
        at java.lang.Object.wait(Object.java:502)
        at java.lang.ref.Reference.tryHandlePending(Reference.java:191)
        at java.lang.ref.Reference$ReferenceHandler.run(Reference.java:153)
"FullTableCache Cleanup Thread - 0" daemon prio=5 tid=2417 in Object.wait()
java.lang.Thread.State: WAITING (on object monitor)
        at sun.misc.Unsafe.park(Native Method)
        at java.util.concurrent.locks.LockSupport.park(LockSupport.java:175)
        at java.util.concurrent.locks.AbstractQueuedSynchronizer$ConditionObject.await(AbstractQueuedSynchronizer.java:2039)
        at java.util.concurrent.LinkedBlockingQueue.take(LinkedBlockingQueue.java:442)
        at java.util.concurrent.ThreadPoolExecutor.getTask(ThreadPoolExecutor.java:1074)
        at java.util.concurrent.ThreadPoolExecutor.runWorker(ThreadPoolExecutor.java:1134)
        at java.util.concurrent.ThreadPoolExecutor$Worker.run(ThreadPoolExecutor.java:624)
        at java.lang.Thread.run(Thread.java:748)
"om1@group-C5BA1605619E-StateMachineUpdater" daemon prio=5 tid=3370 in Object.wait()
java.lang.Thread.State: WAITING (on object monitor)
        at java.lang.Object.wait(Native Method)
        at java.lang.Object.wait(Object.java:502)
        at org.apache.ratis.server.impl.StateMachineUpdater.waitForCommit(StateMachineUpdater.java:204)
        at org.apache.ratis.server.impl.StateMachineUpdater.run(StateMachineUpdater.java:173)
        at java.lang.Thread.run(Thread.java:748)
"Datanode ReportManager Thread - 4" daemon prio=5 tid=1335 in Object.wait()
java.lang.Thread.State: WAITING (on object monitor)
        at sun.misc.Unsafe.park(Native Method)
        at java.util.concurrent.locks.LockSupport.park(LockSupport.java:175)
        at java.util.concurrent.locks.AbstractQueuedSynchronizer$ConditionObject.await(AbstractQueuedSynchronizer.java:2039)
        at java.util.concurrent.ScheduledThreadPoolExecutor$DelayedWorkQueue.take(ScheduledThreadPoolExecutor.java:1088)
        at java.util.concurrent.ScheduledThreadPoolExecutor$DelayedWorkQueue.take(ScheduledThreadPoolExecutor.java:809)
        at java.util.concurrent.ThreadPoolExecutor.getTask(ThreadPoolExecutor.java:1074)
        at java.util.concurrent.ThreadPoolExecutor.runWorker(ThreadPoolExecutor.java:1134)
        at java.util.concurrent.ThreadPoolExecutor$Worker.run(ThreadPoolExecutor.java:624)
        at java.lang.Thread.run(Thread.java:748)
"Socket Reader #1 for port 0" daemon prio=5 tid=3282 runnable
java.lang.Thread.State: RUNNABLE
        at sun.nio.ch.EPollArrayWrapper.epollWait(Native Method)
        at sun.nio.ch.EPollArrayWrapper.poll(EPollArrayWrapper.java:269)
        at sun.nio.ch.EPollSelectorImpl.doSelect(EPollSelectorImpl.java:93)
        at sun.nio.ch.SelectorImpl.lockAndDoSelect(SelectorImpl.java:86)
        at sun.nio.ch.SelectorImpl.select(SelectorImpl.java:97)
        at sun.nio.ch.SelectorImpl.select(SelectorImpl.java:101)
        at org.apache.hadoop.ipc.Server$Listener$Reader.doRunLoop(Server.java:1288)
        at org.apache.hadoop.ipc.Server$Listener$Reader.run(Server.java:1267)
"Periodic HDDS volume checker" daemon prio=5 tid=3486 timed_waiting
java.lang.Thread.State: TIMED_WAITING
        at sun.misc.Unsafe.park(Native Method)
        at java.util.concurrent.locks.LockSupport.parkNanos(LockSupport.java:215)
        at java.util.concurrent.locks.AbstractQueuedSynchronizer$ConditionObject.awaitNanos(AbstractQueuedSynchronizer.java:2078)
        at java.util.concurrent.ScheduledThreadPoolExecutor$DelayedWorkQueue.take(ScheduledThreadPoolExecutor.java:1093)
        at java.util.concurrent.ScheduledThreadPoolExecutor$DelayedWorkQueue.take(ScheduledThreadPoolExecutor.java:809)
        at java.util.concurrent.ThreadPoolExecutor.getTask(ThreadPoolExecutor.java:1074)
        at java.util.concurrent.ThreadPoolExecutor.runWorker(ThreadPoolExecutor.java:1134)
        at java.util.concurrent.ThreadPoolExecutor$Worker.run(ThreadPoolExecutor.java:624)
        at java.lang.Thread.run(Thread.java:748)
"IPC Server handler 18 on default port 43677" daemon prio=5 tid=3346 timed_waiting
java.lang.Thread.State: TIMED_WAITING
        at sun.misc.Unsafe.park(Native Method)
        at java.util.concurrent.locks.LockSupport.parkNanos(LockSupport.java:215)
        at java.util.concurrent.locks.AbstractQueuedSynchronizer$ConditionObject.awaitNanos(AbstractQueuedSynchronizer.java:2078)
        at java.util.concurrent.LinkedBlockingQueue.poll(LinkedBlockingQueue.java:467)
        at org.apache.hadoop.ipc.CallQueueManager.take(CallQueueManager.java:317)
        at org.apache.hadoop.ipc.Server$Handler.run(Server.java:2932)
"EndpointStateMachine task thread for /0.0.0.0:46785 - 0 "  prio=5 tid=2329 in Object.wait()
java.lang.Thread.State: WAITING (on object monitor)
        at sun.misc.Unsafe.park(Native Method)
        at java.util.concurrent.locks.LockSupport.park(LockSupport.java:175)
        at java.util.concurrent.locks.AbstractQueuedSynchronizer$ConditionObject.await(AbstractQueuedSynchronizer.java:2039)
        at java.util.concurrent.LinkedBlockingQueue.take(LinkedBlockingQueue.java:442)
        at java.util.concurrent.ThreadPoolExecutor.getTask(ThreadPoolExecutor.java:1074)
        at java.util.concurrent.ThreadPoolExecutor.runWorker(ThreadPoolExecutor.java:1134)
        at java.util.concurrent.ThreadPoolExecutor$Worker.run(ThreadPoolExecutor.java:624)
        at java.lang.Thread.run(Thread.java:748)
"Datanode ReportManager Thread - 0" daemon prio=5 tid=1849 in Object.wait()
java.lang.Thread.State: WAITING (on object monitor)
        at sun.misc.Unsafe.park(Native Method)
        at java.util.concurrent.locks.LockSupport.park(LockSupport.java:175)
        at java.util.concurrent.locks.AbstractQueuedSynchronizer$ConditionObject.await(AbstractQueuedSynchronizer.java:2039)
        at java.util.concurrent.ScheduledThreadPoolExecutor$DelayedWorkQueue.take(ScheduledThreadPoolExecutor.java:1088)
        at java.util.concurrent.ScheduledThreadPoolExecutor$DelayedWorkQueue.take(ScheduledThreadPoolExecutor.java:809)
        at java.util.concurrent.ThreadPoolExecutor.getTask(ThreadPoolExecutor.java:1074)
        at java.util.concurrent.ThreadPoolExecutor.runWorker(ThreadPoolExecutor.java:1134)
        at java.util.concurrent.ThreadPoolExecutor$Worker.run(ThreadPoolExecutor.java:624)
        at java.lang.Thread.run(Thread.java:748)
"EndpointStateMachine task thread for /0.0.0.0:40677 - 0 "  prio=5 tid=271 in Object.wait()
java.lang.Thread.State: WAITING (on object monitor)
        at sun.misc.Unsafe.park(Native Method)
        at java.util.concurrent.locks.LockSupport.park(LockSupport.java:175)
        at java.util.concurrent.locks.AbstractQueuedSynchronizer$ConditionObject.await(AbstractQueuedSynchronizer.java:2039)
        at java.util.concurrent.LinkedBlockingQueue.take(LinkedBlockingQueue.java:442)
        at java.util.concurrent.ThreadPoolExecutor.getTask(ThreadPoolExecutor.java:1074)
        at java.util.concurrent.ThreadPoolExecutor.runWorker(ThreadPoolExecutor.java:1134)
        at java.util.concurrent.ThreadPoolExecutor$Worker.run(ThreadPoolExecutor.java:624)
        at java.lang.Thread.run(Thread.java:748)
"9eaa9061-0cbd-4a3d-8091-a973303b955e@group-828664CAA80E-LeaderStateImpl" daemon prio=5 tid=3587 timed_waiting
java.lang.Thread.State: TIMED_WAITING
        at sun.misc.Unsafe.park(Native Method)
        at java.util.concurrent.locks.LockSupport.parkNanos(LockSupport.java:215)
        at java.util.concurrent.locks.AbstractQueuedSynchronizer$ConditionObject.awaitNanos(AbstractQueuedSynchronizer.java:2078)
        at java.util.concurrent.ArrayBlockingQueue.poll(ArrayBlockingQueue.java:418)
        at org.apache.ratis.server.impl.LeaderStateImpl$EventQueue.poll(LeaderStateImpl.java:156)
        at org.apache.ratis.server.impl.LeaderStateImpl$EventProcessor.run(LeaderStateImpl.java:600)
"ChunkWriter-2-0" daemon prio=5 tid=3515 in Object.wait()
java.lang.Thread.State: WAITING (on object monitor)
        at sun.misc.Unsafe.park(Native Method)
        at java.util.concurrent.locks.LockSupport.park(LockSupport.java:175)
        at java.util.concurrent.locks.AbstractQueuedSynchronizer$ConditionObject.await(AbstractQueuedSynchronizer.java:2039)
        at java.util.concurrent.LinkedBlockingDeque.takeFirst(LinkedBlockingDeque.java:492)
        at java.util.concurrent.LinkedBlockingDeque.take(LinkedBlockingDeque.java:680)
        at java.util.concurrent.ThreadPoolExecutor.getTask(ThreadPoolExecutor.java:1074)
        at java.util.concurrent.ThreadPoolExecutor.runWorker(ThreadPoolExecutor.java:1134)
        at java.util.concurrent.ThreadPoolExecutor$Worker.run(ThreadPoolExecutor.java:624)
        at java.lang.Thread.run(Thread.java:748)
"PartialTableCache Cleanup Thread - 0" daemon prio=5 tid=1994 in Object.wait()
java.lang.Thread.State: WAITING (on object monitor)
        at sun.misc.Unsafe.park(Native Method)
        at java.util.concurrent.locks.LockSupport.park(LockSupport.java:175)
        at java.util.concurrent.locks.AbstractQueuedSynchronizer$ConditionObject.await(AbstractQueuedSynchronizer.java:2039)
        at java.util.concurrent.LinkedBlockingQueue.take(LinkedBlockingQueue.java:442)
        at java.util.concurrent.ThreadPoolExecutor.getTask(ThreadPoolExecutor.java:1074)
        at java.util.concurrent.ThreadPoolExecutor.runWorker(ThreadPoolExecutor.java:1134)
        at java.util.concurrent.ThreadPoolExecutor$Worker.run(ThreadPoolExecutor.java:624)
        at java.lang.Thread.run(Thread.java:748)
"Session-HouseKeeper-6a124879-1"  prio=5 tid=3386 timed_waiting
java.lang.Thread.State: TIMED_WAITING
        at sun.misc.Unsafe.park(Native Method)
        at java.util.concurrent.locks.LockSupport.parkNanos(LockSupport.java:215)
        at java.util.concurrent.locks.AbstractQueuedSynchronizer$ConditionObject.awaitNanos(AbstractQueuedSynchronizer.java:2078)
        at java.util.concurrent.ScheduledThreadPoolExecutor$DelayedWorkQueue.take(ScheduledThreadPoolExecutor.java:1093)
        at java.util.concurrent.ScheduledThreadPoolExecutor$DelayedWorkQueue.take(ScheduledThreadPoolExecutor.java:809)
        at java.util.concurrent.ThreadPoolExecutor.getTask(ThreadPoolExecutor.java:1074)
        at java.util.concurrent.ThreadPoolExecutor.runWorker(ThreadPoolExecutor.java:1134)
        at java.util.concurrent.ThreadPoolExecutor$Worker.run(ThreadPoolExecutor.java:624)
        at java.lang.Thread.run(Thread.java:748)
"qtp1951734534-3493-acceptor-0@39a5a5dd-ServerConnector@19feac7e{HTTP/1.1, (http/1.1)}{0.0.0.0:44045}" daemon prio=3 tid=3493 runnable
java.lang.Thread.State: RUNNABLE
        at sun.nio.ch.ServerSocketChannelImpl.accept0(Native Method)
        at sun.nio.ch.ServerSocketChannelImpl.accept(ServerSocketChannelImpl.java:421)
        at sun.nio.ch.ServerSocketChannelImpl.accept(ServerSocketChannelImpl.java:249)
        at org.eclipse.jetty.server.ServerConnector.accept(ServerConnector.java:388)
        at org.eclipse.jetty.server.AbstractConnector$Acceptor.run(AbstractConnector.java:702)
        at org.eclipse.jetty.util.thread.QueuedThreadPool.runJob(QueuedThreadPool.java:883)
        at org.eclipse.jetty.util.thread.QueuedThreadPool$Runner.run(QueuedThreadPool.java:1034)
        at java.lang.Thread.run(Thread.java:748)
"Datanode ReportManager Thread - 2" daemon prio=5 tid=254 in Object.wait()
java.lang.Thread.State: WAITING (on object monitor)
        at sun.misc.Unsafe.park(Native Method)
        at java.util.concurrent.locks.LockSupport.park(LockSupport.java:175)
        at java.util.concurrent.locks.AbstractQueuedSynchronizer$ConditionObject.await(AbstractQueuedSynchronizer.java:2039)
        at java.util.concurrent.ScheduledThreadPoolExecutor$DelayedWorkQueue.take(ScheduledThreadPoolExecutor.java:1088)
        at java.util.concurrent.ScheduledThreadPoolExecutor$DelayedWorkQueue.take(ScheduledThreadPoolExecutor.java:809)
        at java.util.concurrent.ThreadPoolExecutor.getTask(ThreadPoolExecutor.java:1074)
        at java.util.concurrent.ThreadPoolExecutor.runWorker(ThreadPoolExecutor.java:1134)
        at java.util.concurrent.ThreadPoolExecutor$Worker.run(ThreadPoolExecutor.java:624)
        at java.lang.Thread.run(Thread.java:748)
"qtp706884900-3352-acceptor-0@67eefca5-ServerConnector@3a486b22{HTTP/1.1, (http/1.1)}{0.0.0.0:38615}" daemon prio=3 tid=3352 runnable
java.lang.Thread.State: RUNNABLE
        at sun.nio.ch.ServerSocketChannelImpl.accept0(Native Method)
        at sun.nio.ch.ServerSocketChannelImpl.accept(ServerSocketChannelImpl.java:421)
        at sun.nio.ch.ServerSocketChannelImpl.accept(ServerSocketChannelImpl.java:249)
        at org.eclipse.jetty.server.ServerConnector.accept(ServerConnector.java:388)
        at org.eclipse.jetty.server.AbstractConnector$Acceptor.run(AbstractConnector.java:702)
        at org.eclipse.jetty.util.thread.QueuedThreadPool.runJob(QueuedThreadPool.java:883)
        at org.eclipse.jetty.util.thread.QueuedThreadPool$Runner.run(QueuedThreadPool.java:1034)
        at java.lang.Thread.run(Thread.java:748)
"Datanode ReportManager Thread - 0" daemon prio=5 tid=252 in Object.wait()
java.lang.Thread.State: WAITING (on object monitor)
        at sun.misc.Unsafe.park(Native Method)
        at java.util.concurrent.locks.LockSupport.park(LockSupport.java:175)
        at java.util.concurrent.locks.AbstractQueuedSynchronizer$ConditionObject.await(AbstractQueuedSynchronizer.java:2039)
        at java.util.concurrent.ScheduledThreadPoolExecutor$DelayedWorkQueue.take(ScheduledThreadPoolExecutor.java:1088)
        at java.util.concurrent.ScheduledThreadPoolExecutor$DelayedWorkQueue.take(ScheduledThreadPoolExecutor.java:809)
        at java.util.concurrent.ThreadPoolExecutor.getTask(ThreadPoolExecutor.java:1074)
        at java.util.concurrent.ThreadPoolExecutor.runWorker(ThreadPoolExecutor.java:1134)
        at java.util.concurrent.ThreadPoolExecutor$Worker.run(ThreadPoolExecutor.java:624)
        at java.lang.Thread.run(Thread.java:748)
"om1@group-C5BA1605619E-LeaderStateImpl" daemon prio=5 tid=3425 timed_waiting
java.lang.Thread.State: TIMED_WAITING
        at sun.misc.Unsafe.park(Native Method)
        at java.util.concurrent.locks.LockSupport.parkNanos(LockSupport.java:215)
        at java.util.concurrent.locks.AbstractQueuedSynchronizer$ConditionObject.awaitNanos(AbstractQueuedSynchronizer.java:2078)
        at java.util.concurrent.ArrayBlockingQueue.poll(ArrayBlockingQueue.java:418)
        at org.apache.ratis.server.impl.LeaderStateImpl$EventQueue.poll(LeaderStateImpl.java:156)
        at org.apache.ratis.server.impl.LeaderStateImpl$EventProcessor.run(LeaderStateImpl.java:600)
"Datanode ReportManager Thread - 3" daemon prio=5 tid=3480 timed_waiting
java.lang.Thread.State: TIMED_WAITING
        at sun.misc.Unsafe.park(Native Method)
        at java.util.concurrent.locks.LockSupport.parkNanos(LockSupport.java:215)
        at java.util.concurrent.locks.AbstractQueuedSynchronizer$ConditionObject.awaitNanos(AbstractQueuedSynchronizer.java:2078)
        at java.util.concurrent.ScheduledThreadPoolExecutor$DelayedWorkQueue.take(ScheduledThreadPoolExecutor.java:1093)
        at java.util.concurrent.ScheduledThreadPoolExecutor$DelayedWorkQueue.take(ScheduledThreadPoolExecutor.java:809)
        at java.util.concurrent.ThreadPoolExecutor.getTask(ThreadPoolExecutor.java:1074)
        at java.util.concurrent.ThreadPoolExecutor.runWorker(ThreadPoolExecutor.java:1134)
        at java.util.concurrent.ThreadPoolExecutor$Worker.run(ThreadPoolExecutor.java:624)
        at java.lang.Thread.run(Thread.java:748)
"Datanode ReportManager Thread - 1" daemon prio=5 tid=253 in Object.wait()
java.lang.Thread.State: WAITING (on object monitor)
        at sun.misc.Unsafe.park(Native Method)
        at java.util.concurrent.locks.LockSupport.park(LockSupport.java:175)
        at java.util.concurrent.locks.AbstractQueuedSynchronizer$ConditionObject.await(AbstractQueuedSynchronizer.java:2039)
        at java.util.concurrent.ScheduledThreadPoolExecutor$DelayedWorkQueue.take(ScheduledThreadPoolExecutor.java:1088)
        at java.util.concurrent.ScheduledThreadPoolExecutor$DelayedWorkQueue.take(ScheduledThreadPoolExecutor.java:809)
        at java.util.concurrent.ThreadPoolExecutor.getTask(ThreadPoolExecutor.java:1074)
        at java.util.concurrent.ThreadPoolExecutor.runWorker(ThreadPoolExecutor.java:1134)
        at java.util.concurrent.ThreadPoolExecutor$Worker.run(ThreadPoolExecutor.java:624)
        at java.lang.Thread.run(Thread.java:748)
"EventQueue-DatanodeCommandForSCMNodeManager"  prio=5 tid=3544 in Object.wait()
java.lang.Thread.State: WAITING (on object monitor)
        at sun.misc.Unsafe.park(Native Method)
        at java.util.concurrent.locks.LockSupport.park(LockSupport.java:175)
        at java.util.concurrent.locks.AbstractQueuedSynchronizer$ConditionObject.await(AbstractQueuedSynchronizer.java:2039)
        at java.util.concurrent.LinkedBlockingQueue.take(LinkedBlockingQueue.java:442)
        at java.util.concurrent.ThreadPoolExecutor.getTask(ThreadPoolExecutor.java:1074)
        at java.util.concurrent.ThreadPoolExecutor.runWorker(ThreadPoolExecutor.java:1134)
        at java.util.concurrent.ThreadPoolExecutor$Worker.run(ThreadPoolExecutor.java:624)
        at java.lang.Thread.run(Thread.java:748)
"org.apache.hadoop.ozone.container.common.statemachine.commandhandler.DeleteBlocksCommandHandler$DeleteCmdWorker@382d5e16" daemon prio=5 tid=1344 runnable
java.lang.Thread.State: RUNNABLE
        at java.lang.Thread.sleep(Native Method)
        at org.apache.hadoop.ozone.container.common.statemachine.commandhandler.DeleteBlocksCommandHandler$DeleteCmdWorker.run(DeleteBlocksCommandHandler.java:175)
        at java.lang.Thread.run(Thread.java:748)
"Datanode ReportManager Thread - 2" daemon prio=5 tid=1333 in Object.wait()
java.lang.Thread.State: WAITING (on object monitor)
        at sun.misc.Unsafe.park(Native Method)
        at java.util.concurrent.locks.LockSupport.park(LockSupport.java:175)
        at java.util.concurrent.locks.AbstractQueuedSynchronizer$ConditionObject.await(AbstractQueuedSynchronizer.java:2039)
        at java.util.concurrent.ScheduledThreadPoolExecutor$DelayedWorkQueue.take(ScheduledThreadPoolExecutor.java:1088)
        at java.util.concurrent.ScheduledThreadPoolExecutor$DelayedWorkQueue.take(ScheduledThreadPoolExecutor.java:809)
        at java.util.concurrent.ThreadPoolExecutor.getTask(ThreadPoolExecutor.java:1074)
        at java.util.concurrent.ThreadPoolExecutor.runWorker(ThreadPoolExecutor.java:1134)
        at java.util.concurrent.ThreadPoolExecutor$Worker.run(ThreadPoolExecutor.java:624)
        at java.lang.Thread.run(Thread.java:748)
"Datanode ReportManager Thread - 3" daemon prio=5 tid=1361 in Object.wait()
java.lang.Thread.State: WAITING (on object monitor)
        at sun.misc.Unsafe.park(Native Method)
        at java.util.concurrent.locks.LockSupport.park(LockSupport.java:175)
        at java.util.concurrent.locks.AbstractQueuedSynchronizer$ConditionObject.await(AbstractQueuedSynchronizer.java:2039)
        at java.util.concurrent.ScheduledThreadPoolExecutor$DelayedWorkQueue.take(ScheduledThreadPoolExecutor.java:1088)
        at java.util.concurrent.ScheduledThreadPoolExecutor$DelayedWorkQueue.take(ScheduledThreadPoolExecutor.java:809)
        at java.util.concurrent.ThreadPoolExecutor.getTask(ThreadPoolExecutor.java:1074)
        at java.util.concurrent.ThreadPoolExecutor.runWorker(ThreadPoolExecutor.java:1134)
        at java.util.concurrent.ThreadPoolExecutor$Worker.run(ThreadPoolExecutor.java:624)
        at java.lang.Thread.run(Thread.java:748)
"qtp1910453219-3418" daemon prio=5 tid=3418 timed_waiting
java.lang.Thread.State: TIMED_WAITING
        at sun.misc.Unsafe.park(Native Method)
        at java.util.concurrent.locks.LockSupport.parkNanos(LockSupport.java:215)
        at java.util.concurrent.locks.AbstractQueuedSynchronizer$ConditionObject.awaitNanos(AbstractQueuedSynchronizer.java:2078)
        at org.eclipse.jetty.util.BlockingArrayQueue.poll(BlockingArrayQueue.java:382)
        at org.eclipse.jetty.util.thread.QueuedThreadPool$Runner.idleJobPoll(QueuedThreadPool.java:974)
        at org.eclipse.jetty.util.thread.QueuedThreadPool$Runner.run(QueuedThreadPool.java:1018)
        at java.lang.Thread.run(Thread.java:748)
"IPC Server handler 18 on default port 38869" daemon prio=5 tid=3326 timed_waiting
java.lang.Thread.State: TIMED_WAITING
        at sun.misc.Unsafe.park(Native Method)
        at java.util.concurrent.locks.LockSupport.parkNanos(LockSupport.java:215)
        at java.util.concurrent.locks.AbstractQueuedSynchronizer$ConditionObject.awaitNanos(AbstractQueuedSynchronizer.java:2078)
        at java.util.concurrent.LinkedBlockingQueue.poll(LinkedBlockingQueue.java:467)
        at org.apache.hadoop.ipc.CallQueueManager.take(CallQueueManager.java:317)
        at org.apache.hadoop.ipc.Server$Handler.run(Server.java:2932)
"PartialTableCache Cleanup Thread - 0" daemon prio=5 tid=2422 in Object.wait()
java.lang.Thread.State: WAITING (on object monitor)
        at sun.misc.Unsafe.park(Native Method)
        at java.util.concurrent.locks.LockSupport.park(LockSupport.java:175)
        at java.util.concurrent.locks.AbstractQueuedSynchronizer$ConditionObject.await(AbstractQueuedSynchronizer.java:2039)
        at java.util.concurrent.LinkedBlockingQueue.take(LinkedBlockingQueue.java:442)
        at java.util.concurrent.ThreadPoolExecutor.getTask(ThreadPoolExecutor.java:1074)
        at java.util.concurrent.ThreadPoolExecutor.runWorker(ThreadPoolExecutor.java:1134)
        at java.util.concurrent.ThreadPoolExecutor$Worker.run(ThreadPoolExecutor.java:624)
        at java.lang.Thread.run(Thread.java:748)
"IPC Server handler 10 on default port 38869" daemon prio=5 tid=3318 timed_waiting
java.lang.Thread.State: TIMED_WAITING
        at sun.misc.Unsafe.park(Native Method)
        at java.util.concurrent.locks.LockSupport.parkNanos(LockSupport.java:215)
        at java.util.concurrent.locks.AbstractQueuedSynchronizer$ConditionObject.awaitNanos(AbstractQueuedSynchronizer.java:2078)
        at java.util.concurrent.LinkedBlockingQueue.poll(LinkedBlockingQueue.java:467)
        at org.apache.hadoop.ipc.CallQueueManager.take(CallQueueManager.java:317)
        at org.apache.hadoop.ipc.Server$Handler.run(Server.java:2932)
"Socket Reader #1 for port 0" daemon prio=5 tid=3274 runnable
java.lang.Thread.State: RUNNABLE
        at sun.nio.ch.EPollArrayWrapper.epollWait(Native Method)
        at sun.nio.ch.EPollArrayWrapper.poll(EPollArrayWrapper.java:269)
        at sun.nio.ch.EPollSelectorImpl.doSelect(EPollSelectorImpl.java:93)
        at sun.nio.ch.SelectorImpl.lockAndDoSelect(SelectorImpl.java:86)
        at sun.nio.ch.SelectorImpl.select(SelectorImpl.java:97)
        at sun.nio.ch.SelectorImpl.select(SelectorImpl.java:101)
        at org.apache.hadoop.ipc.Server$Listener$Reader.doRunLoop(Server.java:1288)
        at org.apache.hadoop.ipc.Server$Listener$Reader.run(Server.java:1267)
"IPC Server handler 15 on default port 43625" daemon prio=5 tid=3303 timed_waiting
java.lang.Thread.State: TIMED_WAITING
        at sun.misc.Unsafe.park(Native Method)
        at java.util.concurrent.locks.LockSupport.parkNanos(LockSupport.java:215)
        at java.util.concurrent.locks.AbstractQueuedSynchronizer$ConditionObject.awaitNanos(AbstractQueuedSynchronizer.java:2078)
        at java.util.concurrent.LinkedBlockingQueue.poll(LinkedBlockingQueue.java:467)
        at org.apache.hadoop.ipc.CallQueueManager.take(CallQueueManager.java:317)
        at org.apache.hadoop.ipc.Server$Handler.run(Server.java:2932)
"Datanode ReportManager Thread - 0" daemon prio=5 tid=3503 in Object.wait()
java.lang.Thread.State: WAITING (on object monitor)
        at sun.misc.Unsafe.park(Native Method)
        at java.util.concurrent.locks.LockSupport.park(LockSupport.java:175)
        at java.util.concurrent.locks.AbstractQueuedSynchronizer$ConditionObject.await(AbstractQueuedSynchronizer.java:2039)
        at java.util.concurrent.ScheduledThreadPoolExecutor$DelayedWorkQueue.take(ScheduledThreadPoolExecutor.java:1088)
        at java.util.concurrent.ScheduledThreadPoolExecutor$DelayedWorkQueue.take(ScheduledThreadPoolExecutor.java:809)
        at java.util.concurrent.ThreadPoolExecutor.getTask(ThreadPoolExecutor.java:1074)
        at java.util.concurrent.ThreadPoolExecutor.runWorker(ThreadPoolExecutor.java:1134)
        at java.util.concurrent.ThreadPoolExecutor$Worker.run(ThreadPoolExecutor.java:624)
        at java.lang.Thread.run(Thread.java:748)
"org.apache.hadoop.util.JvmPauseMonitor$Monitor@2c715f24" daemon prio=5 tid=3458 timed_waiting
java.lang.Thread.State: TIMED_WAITING
        at java.lang.Thread.sleep(Native Method)
        at org.apache.hadoop.util.JvmPauseMonitor$Monitor.run(JvmPauseMonitor.java:192)
        at java.lang.Thread.run(Thread.java:748)
"Finalizer" daemon prio=8 tid=3 in Object.wait()
java.lang.Thread.State: WAITING (on object monitor)
        at java.lang.Object.wait(Native Method)
        at java.lang.ref.ReferenceQueue.remove(ReferenceQueue.java:144)
        at java.lang.ref.ReferenceQueue.remove(ReferenceQueue.java:165)
        at java.lang.ref.Finalizer$FinalizerThread.run(Finalizer.java:216)
"Datanode ReportManager Thread - 3" daemon prio=5 tid=255 timed_waiting
java.lang.Thread.State: TIMED_WAITING
        at sun.misc.Unsafe.park(Native Method)
        at java.util.concurrent.locks.LockSupport.parkNanos(LockSupport.java:215)
        at java.util.concurrent.locks.AbstractQueuedSynchronizer$ConditionObject.awaitNanos(AbstractQueuedSynchronizer.java:2078)
        at java.util.concurrent.ScheduledThreadPoolExecutor$DelayedWorkQueue.take(ScheduledThreadPoolExecutor.java:1093)
        at java.util.concurrent.ScheduledThreadPoolExecutor$DelayedWorkQueue.take(ScheduledThreadPoolExecutor.java:809)
        at java.util.concurrent.ThreadPoolExecutor.getTask(ThreadPoolExecutor.java:1074)
        at java.util.concurrent.ThreadPoolExecutor.runWorker(ThreadPoolExecutor.java:1134)
        at java.util.concurrent.ThreadPoolExecutor$Worker.run(ThreadPoolExecutor.java:624)
        at java.lang.Thread.run(Thread.java:748)
"IPC Parameter Sending Thread #0" daemon prio=5 tid=109 timed_waiting
java.lang.Thread.State: TIMED_WAITING
        at sun.misc.Unsafe.park(Native Method)
        at java.util.concurrent.locks.LockSupport.parkNanos(LockSupport.java:215)
        at java.util.concurrent.SynchronousQueue$TransferStack.awaitFulfill(SynchronousQueue.java:460)
        at java.util.concurrent.SynchronousQueue$TransferStack.transfer(SynchronousQueue.java:362)
        at java.util.concurrent.SynchronousQueue.poll(SynchronousQueue.java:941)
        at java.util.concurrent.ThreadPoolExecutor.getTask(ThreadPoolExecutor.java:1073)
        at java.util.concurrent.ThreadPoolExecutor.runWorker(ThreadPoolExecutor.java:1134)
        at java.util.concurrent.ThreadPoolExecutor$Worker.run(ThreadPoolExecutor.java:624)
        at java.lang.Thread.run(Thread.java:748)
"Datanode ReportManager Thread - 2" daemon prio=5 tid=204 in Object.wait()
java.lang.Thread.State: WAITING (on object monitor)
        at sun.misc.Unsafe.park(Native Method)
        at java.util.concurrent.locks.LockSupport.park(LockSupport.java:175)
        at java.util.concurrent.locks.AbstractQueuedSynchronizer$ConditionObject.await(AbstractQueuedSynchronizer.java:2039)
        at java.util.concurrent.ScheduledThreadPoolExecutor$DelayedWorkQueue.take(ScheduledThreadPoolExecutor.java:1088)
        at java.util.concurrent.ScheduledThreadPoolExecutor$DelayedWorkQueue.take(ScheduledThreadPoolExecutor.java:809)
        at java.util.concurrent.ThreadPoolExecutor.getTask(ThreadPoolExecutor.java:1074)
        at java.util.concurrent.ThreadPoolExecutor.runWorker(ThreadPoolExecutor.java:1134)
        at java.util.concurrent.ThreadPoolExecutor$Worker.run(ThreadPoolExecutor.java:624)
        at java.lang.Thread.run(Thread.java:748)
"org.apache.hadoop.ozone.container.common.statemachine.commandhandler.DeleteBlocksCommandHandler$DeleteCmdWorker@1ac80a89" daemon prio=5 tid=2248 runnable
java.lang.Thread.State: RUNNABLE
        at java.lang.Thread.sleep(Native Method)
        at org.apache.hadoop.ozone.container.common.statemachine.commandhandler.DeleteBlocksCommandHandler$DeleteCmdWorker.run(DeleteBlocksCommandHandler.java:175)
        at java.lang.Thread.run(Thread.java:748)
"Datanode ReportManager Thread - 4" daemon prio=5 tid=231 timed_waiting
java.lang.Thread.State: TIMED_WAITING
        at sun.misc.Unsafe.park(Native Method)
        at java.util.concurrent.locks.LockSupport.parkNanos(LockSupport.java:215)
        at java.util.concurrent.locks.AbstractQueuedSynchronizer$ConditionObject.awaitNanos(AbstractQueuedSynchronizer.java:2078)
        at java.util.concurrent.ScheduledThreadPoolExecutor$DelayedWorkQueue.take(ScheduledThreadPoolExecutor.java:1093)
        at java.util.concurrent.ScheduledThreadPoolExecutor$DelayedWorkQueue.take(ScheduledThreadPoolExecutor.java:809)
        at java.util.concurrent.ThreadPoolExecutor.getTask(ThreadPoolExecutor.java:1074)
        at java.util.concurrent.ThreadPoolExecutor.runWorker(ThreadPoolExecutor.java:1134)
        at java.util.concurrent.ThreadPoolExecutor$Worker.run(ThreadPoolExecutor.java:624)
        at java.lang.Thread.run(Thread.java:748)
"ChunkWriter-1-0" daemon prio=5 tid=3514 in Object.wait()
java.lang.Thread.State: WAITING (on object monitor)
        at sun.misc.Unsafe.park(Native Method)
        at java.util.concurrent.locks.LockSupport.park(LockSupport.java:175)
        at java.util.concurrent.locks.AbstractQueuedSynchronizer$ConditionObject.await(AbstractQueuedSynchronizer.java:2039)
        at java.util.concurrent.LinkedBlockingDeque.takeFirst(LinkedBlockingDeque.java:492)
        at java.util.concurrent.LinkedBlockingDeque.take(LinkedBlockingDeque.java:680)
        at java.util.concurrent.ThreadPoolExecutor.getTask(ThreadPoolExecutor.java:1074)
        at java.util.concurrent.ThreadPoolExecutor.runWorker(ThreadPoolExecutor.java:1134)
        at java.util.concurrent.ThreadPoolExecutor$Worker.run(ThreadPoolExecutor.java:624)
        at java.lang.Thread.run(Thread.java:748)
"IPC Server handler 18 on default port 46101" daemon prio=5 tid=3405 timed_waiting
java.lang.Thread.State: TIMED_WAITING
        at sun.misc.Unsafe.park(Native Method)
        at java.util.concurrent.locks.LockSupport.parkNanos(LockSupport.java:215)
        at java.util.concurrent.locks.AbstractQueuedSynchronizer$ConditionObject.awaitNanos(AbstractQueuedSynchronizer.java:2078)
        at java.util.concurrent.LinkedBlockingQueue.poll(LinkedBlockingQueue.java:467)
        at org.apache.hadoop.ipc.CallQueueManager.take(CallQueueManager.java:317)
        at org.apache.hadoop.ipc.Server$Handler.run(Server.java:2932)
"ReplicationMonitor" daemon prio=5 tid=3271 timed_waiting
java.lang.Thread.State: TIMED_WAITING
        at java.lang.Object.wait(Native Method)
        at org.apache.hadoop.hdds.scm.container.ReplicationManager.run(ReplicationManager.java:384)
        at org.apache.hadoop.hdds.scm.container.ReplicationManager$$Lambda$249/663900621.run(Unknown Source)
        at java.lang.Thread.run(Thread.java:748)
"qtp115531689-3449" daemon prio=5 tid=3449 timed_waiting
java.lang.Thread.State: TIMED_WAITING
        at sun.misc.Unsafe.park(Native Method)
        at java.util.concurrent.locks.LockSupport.parkNanos(LockSupport.java:215)
        at java.util.concurrent.locks.AbstractQueuedSynchronizer$ConditionObject.awaitNanos(AbstractQueuedSynchronizer.java:2078)
        at org.eclipse.jetty.util.BlockingArrayQueue.poll(BlockingArrayQueue.java:382)
        at org.eclipse.jetty.util.thread.QueuedThreadPool$Runner.idleJobPoll(QueuedThreadPool.java:974)
        at org.eclipse.jetty.util.thread.QueuedThreadPool$Runner.run(QueuedThreadPool.java:1018)
        at java.lang.Thread.run(Thread.java:748)
"IPC Server handler 14 on default port 38869" daemon prio=5 tid=3322 timed_waiting
java.lang.Thread.State: TIMED_WAITING
        at sun.misc.Unsafe.park(Native Method)
        at java.util.concurrent.locks.LockSupport.parkNanos(LockSupport.java:215)
        at java.util.concurrent.locks.AbstractQueuedSynchronizer$ConditionObject.awaitNanos(AbstractQueuedSynchronizer.java:2078)
        at java.util.concurrent.LinkedBlockingQueue.poll(LinkedBlockingQueue.java:467)
        at org.apache.hadoop.ipc.CallQueueManager.take(CallQueueManager.java:317)
        at org.apache.hadoop.ipc.Server$Handler.run(Server.java:2932)
"EndpointStateMachine task thread for /0.0.0.0:46875 - 0 "  prio=5 tid=1867 in Object.wait()
java.lang.Thread.State: WAITING (on object monitor)
        at sun.misc.Unsafe.park(Native Method)
        at java.util.concurrent.locks.LockSupport.park(LockSupport.java:175)
        at java.util.concurrent.locks.AbstractQueuedSynchronizer$ConditionObject.await(AbstractQueuedSynchronizer.java:2039)
        at java.util.concurrent.LinkedBlockingQueue.take(LinkedBlockingQueue.java:442)
        at java.util.concurrent.ThreadPoolExecutor.getTask(ThreadPoolExecutor.java:1074)
        at java.util.concurrent.ThreadPoolExecutor.runWorker(ThreadPoolExecutor.java:1134)
        at java.util.concurrent.ThreadPoolExecutor$Worker.run(ThreadPoolExecutor.java:624)
        at java.lang.Thread.run(Thread.java:748)
"IPC Server handler 6 on default port 38869" daemon prio=5 tid=3314 timed_waiting
java.lang.Thread.State: TIMED_WAITING
        at sun.misc.Unsafe.park(Native Method)
        at java.util.concurrent.locks.LockSupport.parkNanos(LockSupport.java:215)
        at java.util.concurrent.locks.AbstractQueuedSynchronizer$ConditionObject.awaitNanos(AbstractQueuedSynchronizer.java:2078)
        at java.util.concurrent.LinkedBlockingQueue.poll(LinkedBlockingQueue.java:467)
        at org.apache.hadoop.ipc.CallQueueManager.take(CallQueueManager.java:317)
        at org.apache.hadoop.ipc.Server$Handler.run(Server.java:2932)
"Datanode ReportManager Thread - 2" daemon prio=5 tid=1385 in Object.wait()
java.lang.Thread.State: WAITING (on object monitor)
        at sun.misc.Unsafe.park(Native Method)
        at java.util.concurrent.locks.LockSupport.park(LockSupport.java:175)
        at java.util.concurrent.locks.AbstractQueuedSynchronizer$ConditionObject.await(AbstractQueuedSynchronizer.java:2039)
        at java.util.concurrent.ScheduledThreadPoolExecutor$DelayedWorkQueue.take(ScheduledThreadPoolExecutor.java:1088)
        at java.util.concurrent.ScheduledThreadPoolExecutor$DelayedWorkQueue.take(ScheduledThreadPoolExecutor.java:809)
        at java.util.concurrent.ThreadPoolExecutor.getTask(ThreadPoolExecutor.java:1074)
        at java.util.concurrent.ThreadPoolExecutor.runWorker(ThreadPoolExecutor.java:1134)
        at java.util.concurrent.ThreadPoolExecutor$Worker.run(ThreadPoolExecutor.java:624)
        at java.lang.Thread.run(Thread.java:748)
"org.apache.hadoop.util.JvmPauseMonitor$Monitor@6448eb91" daemon prio=5 tid=3509 timed_waiting
java.lang.Thread.State: TIMED_WAITING
        at java.lang.Thread.sleep(Native Method)
        at org.apache.hadoop.util.JvmPauseMonitor$Monitor.run(JvmPauseMonitor.java:192)
        at java.lang.Thread.run(Thread.java:748)
"Datanode State Machine Task Thread - 1"  prio=5 tid=3545 in Object.wait()
java.lang.Thread.State: WAITING (on object monitor)
        at sun.misc.Unsafe.park(Native Method)
        at java.util.concurrent.locks.LockSupport.park(LockSupport.java:175)
        at java.util.concurrent.locks.AbstractQueuedSynchronizer$ConditionObject.await(AbstractQueuedSynchronizer.java:2039)
        at java.util.concurrent.LinkedBlockingQueue.take(LinkedBlockingQueue.java:442)
        at java.util.concurrent.ThreadPoolExecutor.getTask(ThreadPoolExecutor.java:1074)
        at java.util.concurrent.ThreadPoolExecutor.runWorker(ThreadPoolExecutor.java:1134)
        at java.util.concurrent.ThreadPoolExecutor$Worker.run(ThreadPoolExecutor.java:624)
        at java.lang.Thread.run(Thread.java:748)
"org.apache.ratis.util.JvmPauseMonitor$$Lambda$535/1672973847@3703d946" daemon prio=5 tid=3373 timed_waiting
java.lang.Thread.State: TIMED_WAITING
        at java.lang.Thread.sleep(Native Method)
        at java.lang.Thread.sleep(Thread.java:340)
        at java.util.concurrent.TimeUnit.sleep(TimeUnit.java:386)
        at org.apache.ratis.util.TimeDuration.sleep(TimeDuration.java:324)
        at org.apache.ratis.util.TimeDuration.sleep(TimeDuration.java:309)
        at org.apache.ratis.util.JvmPauseMonitor.detectPause(JvmPauseMonitor.java:117)
        at org.apache.ratis.util.JvmPauseMonitor.run(JvmPauseMonitor.java:106)
        at org.apache.ratis.util.JvmPauseMonitor$$Lambda$535/1672973847.run(Unknown Source)
        at java.lang.Thread.run(Thread.java:748)
"Datanode ReportManager Thread - 3" daemon prio=5 tid=1817 in Object.wait()
java.lang.Thread.State: WAITING (on object monitor)
        at sun.misc.Unsafe.park(Native Method)
        at java.util.concurrent.locks.LockSupport.park(LockSupport.java:175)
        at java.util.concurrent.locks.AbstractQueuedSynchronizer$ConditionObject.await(AbstractQueuedSynchronizer.java:2039)
        at java.util.concurrent.ScheduledThreadPoolExecutor$DelayedWorkQueue.take(ScheduledThreadPoolExecutor.java:1088)
        at java.util.concurrent.ScheduledThreadPoolExecutor$DelayedWorkQueue.take(ScheduledThreadPoolExecutor.java:809)
        at java.util.concurrent.ThreadPoolExecutor.getTask(ThreadPoolExecutor.java:1074)
        at java.util.concurrent.ThreadPoolExecutor.runWorker(ThreadPoolExecutor.java:1134)
        at java.util.concurrent.ThreadPoolExecutor$Worker.run(ThreadPoolExecutor.java:624)
        at java.lang.Thread.run(Thread.java:748)
"EndpointStateMachine task thread for /0.0.0.0:45403 - 0 "  prio=5 tid=1436 in Object.wait()
java.lang.Thread.State: WAITING (on object monitor)
        at sun.misc.Unsafe.park(Native Method)
        at java.util.concurrent.locks.LockSupport.park(LockSupport.java:175)
        at java.util.concurrent.locks.AbstractQueuedSynchronizer$ConditionObject.await(AbstractQueuedSynchronizer.java:2039)
        at java.util.concurrent.LinkedBlockingQueue.take(LinkedBlockingQueue.java:442)
        at java.util.concurrent.ThreadPoolExecutor.getTask(ThreadPoolExecutor.java:1074)
        at java.util.concurrent.ThreadPoolExecutor.runWorker(ThreadPoolExecutor.java:1134)
        at java.util.concurrent.ThreadPoolExecutor$Worker.run(ThreadPoolExecutor.java:624)
        at java.lang.Thread.run(Thread.java:748)
"IPC Server handler 19 on default port 43625" daemon prio=5 tid=3307 timed_waiting
java.lang.Thread.State: TIMED_WAITING
        at sun.misc.Unsafe.park(Native Method)
        at java.util.concurrent.locks.LockSupport.parkNanos(LockSupport.java:215)
        at java.util.concurrent.locks.AbstractQueuedSynchronizer$ConditionObject.awaitNanos(AbstractQueuedSynchronizer.java:2078)
        at java.util.concurrent.LinkedBlockingQueue.poll(LinkedBlockingQueue.java:467)
        at org.apache.hadoop.ipc.CallQueueManager.take(CallQueueManager.java:317)
        at org.apache.hadoop.ipc.Server$Handler.run(Server.java:2932)
"Datanode ReportManager Thread - 3" daemon prio=5 tid=3506 in Object.wait()
java.lang.Thread.State: WAITING (on object monitor)
        at sun.misc.Unsafe.park(Native Method)
        at java.util.concurrent.locks.LockSupport.park(LockSupport.java:175)
        at java.util.concurrent.locks.AbstractQueuedSynchronizer$ConditionObject.await(AbstractQueuedSynchronizer.java:2039)
        at java.util.concurrent.ScheduledThreadPoolExecutor$DelayedWorkQueue.take(ScheduledThreadPoolExecutor.java:1088)
        at java.util.concurrent.ScheduledThreadPoolExecutor$DelayedWorkQueue.take(ScheduledThreadPoolExecutor.java:809)
        at java.util.concurrent.ThreadPoolExecutor.getTask(ThreadPoolExecutor.java:1074)
        at java.util.concurrent.ThreadPoolExecutor.runWorker(ThreadPoolExecutor.java:1134)
        at java.util.concurrent.ThreadPoolExecutor$Worker.run(ThreadPoolExecutor.java:624)
        at java.lang.Thread.run(Thread.java:748)
"qtp1951734534-3495" daemon prio=5 tid=3495 timed_waiting
java.lang.Thread.State: TIMED_WAITING
        at sun.misc.Unsafe.park(Native Method)
        at java.util.concurrent.locks.LockSupport.parkNanos(LockSupport.java:215)
        at java.util.concurrent.locks.AbstractQueuedSynchronizer$ConditionObject.awaitNanos(AbstractQueuedSynchronizer.java:2078)
        at org.eclipse.jetty.util.BlockingArrayQueue.poll(BlockingArrayQueue.java:382)
        at org.eclipse.jetty.util.thread.QueuedThreadPool$Runner.idleJobPoll(QueuedThreadPool.java:974)
        at org.eclipse.jetty.util.thread.QueuedThreadPool$Runner.run(QueuedThreadPool.java:1018)
        at java.lang.Thread.run(Thread.java:748)
"Datanode ReportManager Thread - 4" daemon prio=5 tid=3507 in Object.wait()
java.lang.Thread.State: WAITING (on object monitor)
        at sun.misc.Unsafe.park(Native Method)
        at java.util.concurrent.locks.LockSupport.park(LockSupport.java:175)
        at java.util.concurrent.locks.AbstractQueuedSynchronizer$ConditionObject.await(AbstractQueuedSynchronizer.java:2039)
        at java.util.concurrent.ScheduledThreadPoolExecutor$DelayedWorkQueue.take(ScheduledThreadPoolExecutor.java:1088)
        at java.util.concurrent.ScheduledThreadPoolExecutor$DelayedWorkQueue.take(ScheduledThreadPoolExecutor.java:809)
        at java.util.concurrent.ThreadPoolExecutor.getTask(ThreadPoolExecutor.java:1074)
        at java.util.concurrent.ThreadPoolExecutor.runWorker(ThreadPoolExecutor.java:1134)
        at java.util.concurrent.ThreadPoolExecutor$Worker.run(ThreadPoolExecutor.java:624)
        at java.lang.Thread.run(Thread.java:748)
"Datanode ReportManager Thread - 4" daemon prio=5 tid=1362 in Object.wait()
java.lang.Thread.State: WAITING (on object monitor)
        at sun.misc.Unsafe.park(Native Method)
        at java.util.concurrent.locks.LockSupport.park(LockSupport.java:175)
        at java.util.concurrent.locks.AbstractQueuedSynchronizer$ConditionObject.await(AbstractQueuedSynchronizer.java:2039)
        at java.util.concurrent.ScheduledThreadPoolExecutor$DelayedWorkQueue.take(ScheduledThreadPoolExecutor.java:1088)
        at java.util.concurrent.ScheduledThreadPoolExecutor$DelayedWorkQueue.take(ScheduledThreadPoolExecutor.java:809)
        at java.util.concurrent.ThreadPoolExecutor.getTask(ThreadPoolExecutor.java:1074)
        at java.util.concurrent.ThreadPoolExecutor.runWorker(ThreadPoolExecutor.java:1134)
        at java.util.concurrent.ThreadPoolExecutor$Worker.run(ThreadPoolExecutor.java:624)
        at java.lang.Thread.run(Thread.java:748)
"Datanode State Machine Daemon Thread" daemon prio=5 tid=3501 timed_waiting
java.lang.Thread.State: TIMED_WAITING
        at java.lang.Thread.sleep(Native Method)
        at org.apache.hadoop.ozone.container.common.statemachine.DatanodeStateMachine.start(DatanodeStateMachine.java:295)
        at org.apache.hadoop.ozone.container.common.statemachine.DatanodeStateMachine.lambda$startDaemon$0(DatanodeStateMachine.java:468)
        at org.apache.hadoop.ozone.container.common.statemachine.DatanodeStateMachine$$Lambda$575/715438968.run(Unknown Source)
        at java.lang.Thread.run(Thread.java:748)
"ChunkWriter-2-0" daemon prio=5 tid=3533 in Object.wait()
java.lang.Thread.State: WAITING (on object monitor)
        at sun.misc.Unsafe.park(Native Method)
        at java.util.concurrent.locks.LockSupport.park(LockSupport.java:175)
        at java.util.concurrent.locks.AbstractQueuedSynchronizer$ConditionObject.await(AbstractQueuedSynchronizer.java:2039)
        at java.util.concurrent.LinkedBlockingDeque.takeFirst(LinkedBlockingDeque.java:492)
        at java.util.concurrent.LinkedBlockingDeque.take(LinkedBlockingDeque.java:680)
        at java.util.concurrent.ThreadPoolExecutor.getTask(ThreadPoolExecutor.java:1074)
        at java.util.concurrent.ThreadPoolExecutor.runWorker(ThreadPoolExecutor.java:1134)
        at java.util.concurrent.ThreadPoolExecutor$Worker.run(ThreadPoolExecutor.java:624)
        at java.lang.Thread.run(Thread.java:748)
"IPC Server handler 5 on default port 43625" daemon prio=5 tid=3293 timed_waiting
java.lang.Thread.State: TIMED_WAITING
        at sun.misc.Unsafe.park(Native Method)
        at java.util.concurrent.locks.LockSupport.parkNanos(LockSupport.java:215)
        at java.util.concurrent.locks.AbstractQueuedSynchronizer$ConditionObject.awaitNanos(AbstractQueuedSynchronizer.java:2078)
        at java.util.concurrent.LinkedBlockingQueue.poll(LinkedBlockingQueue.java:467)
        at org.apache.hadoop.ipc.CallQueueManager.take(CallQueueManager.java:317)
        at org.apache.hadoop.ipc.Server$Handler.run(Server.java:2932)
"ChunkWriter-0-0" daemon prio=5 tid=3513 in Object.wait()
java.lang.Thread.State: WAITING (on object monitor)
        at sun.misc.Unsafe.park(Native Method)
        at java.util.concurrent.locks.LockSupport.park(LockSupport.java:175)
        at java.util.concurrent.locks.AbstractQueuedSynchronizer$ConditionObject.await(AbstractQueuedSynchronizer.java:2039)
        at java.util.concurrent.LinkedBlockingDeque.takeFirst(LinkedBlockingDeque.java:492)
        at java.util.concurrent.LinkedBlockingDeque.take(LinkedBlockingDeque.java:680)
        at java.util.concurrent.ThreadPoolExecutor.getTask(ThreadPoolExecutor.java:1074)
        at java.util.concurrent.ThreadPoolExecutor.runWorker(ThreadPoolExecutor.java:1134)
        at java.util.concurrent.ThreadPoolExecutor$Worker.run(ThreadPoolExecutor.java:624)
        at java.lang.Thread.run(Thread.java:748)
"ChunkWriter-3-0" daemon prio=5 tid=3525 in Object.wait()
java.lang.Thread.State: WAITING (on object monitor)
        at sun.misc.Unsafe.park(Native Method)
        at java.util.concurrent.locks.LockSupport.park(LockSupport.java:175)
        at java.util.concurrent.locks.AbstractQueuedSynchronizer$ConditionObject.await(AbstractQueuedSynchronizer.java:2039)
        at java.util.concurrent.LinkedBlockingDeque.takeFirst(LinkedBlockingDeque.java:492)
        at java.util.concurrent.LinkedBlockingDeque.take(LinkedBlockingDeque.java:680)
        at java.util.concurrent.ThreadPoolExecutor.getTask(ThreadPoolExecutor.java:1074)
        at java.util.concurrent.ThreadPoolExecutor.runWorker(ThreadPoolExecutor.java:1134)
        at java.util.concurrent.ThreadPoolExecutor$Worker.run(ThreadPoolExecutor.java:624)
        at java.lang.Thread.run(Thread.java:748)
"org.apache.hadoop.util.JvmPauseMonitor$Monitor@215a1a9b" daemon prio=5 tid=3349 timed_waiting
java.lang.Thread.State: TIMED_WAITING
        at java.lang.Thread.sleep(Native Method)
        at org.apache.hadoop.util.JvmPauseMonitor$Monitor.run(JvmPauseMonitor.java:192)
        at java.lang.Thread.run(Thread.java:748)
"Datanode ReportManager Thread - 1" daemon prio=5 tid=1332 in Object.wait()
java.lang.Thread.State: WAITING (on object monitor)
        at sun.misc.Unsafe.park(Native Method)
        at java.util.concurrent.locks.LockSupport.park(LockSupport.java:175)
        at java.util.concurrent.locks.AbstractQueuedSynchronizer$ConditionObject.await(AbstractQueuedSynchronizer.java:2039)
        at java.util.concurrent.ScheduledThreadPoolExecutor$DelayedWorkQueue.take(ScheduledThreadPoolExecutor.java:1088)
        at java.util.concurrent.ScheduledThreadPoolExecutor$DelayedWorkQueue.take(ScheduledThreadPoolExecutor.java:809)
        at java.util.concurrent.ThreadPoolExecutor.getTask(ThreadPoolExecutor.java:1074)
        at java.util.concurrent.ThreadPoolExecutor.runWorker(ThreadPoolExecutor.java:1134)
        at java.util.concurrent.ThreadPoolExecutor$Worker.run(ThreadPoolExecutor.java:624)
        at java.lang.Thread.run(Thread.java:748)
"org.apache.hadoop.ozone.container.common.statemachine.commandhandler.DeleteBlocksCommandHandler$DeleteCmdWorker@15b61bb9" daemon prio=5 tid=1750 runnable
java.lang.Thread.State: RUNNABLE
        at java.lang.Thread.sleep(Native Method)
        at org.apache.hadoop.ozone.container.common.statemachine.commandhandler.DeleteBlocksCommandHandler$DeleteCmdWorker.run(DeleteBlocksCommandHandler.java:175)
        at java.lang.Thread.run(Thread.java:748)
"IPC Server handler 16 on default port 43677" daemon prio=5 tid=3344 timed_waiting
java.lang.Thread.State: TIMED_WAITING
        at sun.misc.Unsafe.park(Native Method)
        at java.util.concurrent.locks.LockSupport.parkNanos(LockSupport.java:215)
        at java.util.concurrent.locks.AbstractQueuedSynchronizer$ConditionObject.awaitNanos(AbstractQueuedSynchronizer.java:2078)
        at java.util.concurrent.LinkedBlockingQueue.poll(LinkedBlockingQueue.java:467)
        at org.apache.hadoop.ipc.CallQueueManager.take(CallQueueManager.java:317)
        at org.apache.hadoop.ipc.Server$Handler.run(Server.java:2932)
"pool-697-thread-1"  prio=5 tid=3571 in Object.wait()
java.lang.Thread.State: WAITING (on object monitor)
        at sun.misc.Unsafe.park(Native Method)
        at java.util.concurrent.locks.LockSupport.park(LockSupport.java:175)
        at java.util.concurrent.locks.AbstractQueuedSynchronizer$ConditionObject.await(AbstractQueuedSynchronizer.java:2039)
        at java.util.concurrent.LinkedBlockingQueue.take(LinkedBlockingQueue.java:442)
        at java.util.concurrent.ThreadPoolExecutor.getTask(ThreadPoolExecutor.java:1074)
        at java.util.concurrent.ThreadPoolExecutor.runWorker(ThreadPoolExecutor.java:1134)
        at java.util.concurrent.ThreadPoolExecutor$Worker.run(ThreadPoolExecutor.java:624)
        at java.lang.Thread.run(Thread.java:748)
"IPC Server handler 8 on default port 46101" daemon prio=5 tid=3395 timed_waiting
java.lang.Thread.State: TIMED_WAITING
        at sun.misc.Unsafe.park(Native Method)
        at java.util.concurrent.locks.LockSupport.parkNanos(LockSupport.java:215)
        at java.util.concurrent.locks.AbstractQueuedSynchronizer$ConditionObject.awaitNanos(AbstractQueuedSynchronizer.java:2078)
        at java.util.concurrent.LinkedBlockingQueue.poll(LinkedBlockingQueue.java:467)
        at org.apache.hadoop.ipc.CallQueueManager.take(CallQueueManager.java:317)
        at org.apache.hadoop.ipc.Server$Handler.run(Server.java:2932)
"qtp980429648-3468-acceptor-0@5237e3f1-ServerConnector@40eba880{HTTP/1.1, (http/1.1)}{0.0.0.0:36303}" daemon prio=3 tid=3468 runnable
java.lang.Thread.State: RUNNABLE
        at sun.nio.ch.ServerSocketChannelImpl.accept0(Native Method)
        at sun.nio.ch.ServerSocketChannelImpl.accept(ServerSocketChannelImpl.java:421)
        at sun.nio.ch.ServerSocketChannelImpl.accept(ServerSocketChannelImpl.java:249)
        at org.eclipse.jetty.server.ServerConnector.accept(ServerConnector.java:388)
        at org.eclipse.jetty.server.AbstractConnector$Acceptor.run(AbstractConnector.java:702)
        at org.eclipse.jetty.util.thread.QueuedThreadPool.runJob(QueuedThreadPool.java:883)
        at org.eclipse.jetty.util.thread.QueuedThreadPool$Runner.run(QueuedThreadPool.java:1034)
        at java.lang.Thread.run(Thread.java:748)
"Session-HouseKeeper-2930e917-1"  prio=5 tid=3423 timed_waiting
java.lang.Thread.State: TIMED_WAITING
        at sun.misc.Unsafe.park(Native Method)
        at java.util.concurrent.locks.LockSupport.parkNanos(LockSupport.java:215)
        at java.util.concurrent.locks.AbstractQueuedSynchronizer$ConditionObject.awaitNanos(AbstractQueuedSynchronizer.java:2078)
        at java.util.concurrent.ScheduledThreadPoolExecutor$DelayedWorkQueue.take(ScheduledThreadPoolExecutor.java:1093)
        at java.util.concurrent.ScheduledThreadPoolExecutor$DelayedWorkQueue.take(ScheduledThreadPoolExecutor.java:809)
        at java.util.concurrent.ThreadPoolExecutor.getTask(ThreadPoolExecutor.java:1074)
        at java.util.concurrent.ThreadPoolExecutor.runWorker(ThreadPoolExecutor.java:1134)
        at java.util.concurrent.ThreadPoolExecutor$Worker.run(ThreadPoolExecutor.java:624)
        at java.lang.Thread.run(Thread.java:748)
"qtp706884900-3351" daemon prio=5 tid=3351 runnable
java.lang.Thread.State: RUNNABLE
        at sun.nio.ch.EPollArrayWrapper.epollWait(Native Method)
        at sun.nio.ch.EPollArrayWrapper.poll(EPollArrayWrapper.java:269)
        at sun.nio.ch.EPollSelectorImpl.doSelect(EPollSelectorImpl.java:93)
        at sun.nio.ch.SelectorImpl.lockAndDoSelect(SelectorImpl.java:86)
        at sun.nio.ch.SelectorImpl.select(SelectorImpl.java:97)
        at sun.nio.ch.SelectorImpl.select(SelectorImpl.java:101)
        at org.eclipse.jetty.io.ManagedSelector.nioSelect(ManagedSelector.java:183)
        at org.eclipse.jetty.io.ManagedSelector.select(ManagedSelector.java:190)
        at org.eclipse.jetty.io.ManagedSelector$SelectorProducer.select(ManagedSelector.java:606)
        at org.eclipse.jetty.io.ManagedSelector$SelectorProducer.produce(ManagedSelector.java:543)
        at org.eclipse.jetty.util.thread.strategy.EatWhatYouKill.produceTask(EatWhatYouKill.java:362)
        at org.eclipse.jetty.util.thread.strategy.EatWhatYouKill.doProduce(EatWhatYouKill.java:186)
        at org.eclipse.jetty.util.thread.strategy.EatWhatYouKill.tryProduce(EatWhatYouKill.java:173)
        at org.eclipse.jetty.util.thread.strategy.EatWhatYouKill.produce(EatWhatYouKill.java:137)
        at org.eclipse.jetty.io.ManagedSelector$$Lambda$318/882340409.run(Unknown Source)
        at org.eclipse.jetty.util.thread.QueuedThreadPool.runJob(QueuedThreadPool.java:883)
        at org.eclipse.jetty.util.thread.QueuedThreadPool$Runner.run(QueuedThreadPool.java:1034)
        at java.lang.Thread.run(Thread.java:748)
"EventQueue-NodeReportForNodeReportHandler" daemon prio=5 tid=3688 in Object.wait()
java.lang.Thread.State: WAITING (on object monitor)
        at sun.misc.Unsafe.park(Native Method)
        at java.util.concurrent.locks.LockSupport.park(LockSupport.java:175)
        at java.util.concurrent.locks.AbstractQueuedSynchronizer$ConditionObject.await(AbstractQueuedSynchronizer.java:2039)
        at java.util.concurrent.LinkedBlockingQueue.take(LinkedBlockingQueue.java:442)
        at java.util.concurrent.ThreadPoolExecutor.getTask(ThreadPoolExecutor.java:1074)
        at java.util.concurrent.ThreadPoolExecutor.runWorker(ThreadPoolExecutor.java:1134)
        at java.util.concurrent.ThreadPoolExecutor$Worker.run(ThreadPoolExecutor.java:624)
        at java.lang.Thread.run(Thread.java:748)
"IPC Server handler 1 on default port 46101" daemon prio=5 tid=3388 timed_waiting
java.lang.Thread.State: TIMED_WAITING
        at sun.misc.Unsafe.park(Native Method)
        at java.util.concurrent.locks.LockSupport.parkNanos(LockSupport.java:215)
        at java.util.concurrent.locks.AbstractQueuedSynchronizer$ConditionObject.awaitNanos(AbstractQueuedSynchronizer.java:2078)
        at java.util.concurrent.LinkedBlockingQueue.poll(LinkedBlockingQueue.java:467)
        at org.apache.hadoop.ipc.CallQueueManager.take(CallQueueManager.java:317)
        at org.apache.hadoop.ipc.Server$Handler.run(Server.java:2932)
"Datanode ReportManager Thread - 2" daemon prio=5 tid=2262 in Object.wait()
java.lang.Thread.State: WAITING (on object monitor)
        at sun.misc.Unsafe.park(Native Method)
        at java.util.concurrent.locks.LockSupport.park(LockSupport.java:175)
        at java.util.concurrent.locks.AbstractQueuedSynchronizer$ConditionObject.await(AbstractQueuedSynchronizer.java:2039)
        at java.util.concurrent.ScheduledThreadPoolExecutor$DelayedWorkQueue.take(ScheduledThreadPoolExecutor.java:1088)
        at java.util.concurrent.ScheduledThreadPoolExecutor$DelayedWorkQueue.take(ScheduledThreadPoolExecutor.java:809)
        at java.util.concurrent.ThreadPoolExecutor.getTask(ThreadPoolExecutor.java:1074)
        at java.util.concurrent.ThreadPoolExecutor.runWorker(ThreadPoolExecutor.java:1134)
        at java.util.concurrent.ThreadPoolExecutor$Worker.run(ThreadPoolExecutor.java:624)
        at java.lang.Thread.run(Thread.java:748)
"org.apache.hadoop.ozone.container.common.statemachine.commandhandler.DeleteBlocksCommandHandler$DeleteCmdWorker@52666dbf" daemon prio=5 tid=3413 timed_waiting
java.lang.Thread.State: TIMED_WAITING
        at java.lang.Thread.sleep(Native Method)
        at org.apache.hadoop.ozone.container.common.statemachine.commandhandler.DeleteBlocksCommandHandler$DeleteCmdWorker.run(DeleteBlocksCommandHandler.java:175)
        at java.lang.Thread.run(Thread.java:748)
"Command processor thread" daemon prio=5 tid=3457 timed_waiting
java.lang.Thread.State: TIMED_WAITING
        at java.lang.Thread.sleep(Native Method)
        at org.apache.hadoop.ozone.container.common.statemachine.DatanodeStateMachine.lambda$initCommandHandlerThread$2(DatanodeStateMachine.java:574)
        at org.apache.hadoop.ozone.container.common.statemachine.DatanodeStateMachine$$Lambda$577/1509945893.run(Unknown Source)
        at java.lang.Thread.run(Thread.java:748)
"Datanode ReportManager Thread - 2" daemon prio=5 tid=2237 in Object.wait()
java.lang.Thread.State: WAITING (on object monitor)
        at sun.misc.Unsafe.park(Native Method)
        at java.util.concurrent.locks.LockSupport.park(LockSupport.java:175)
        at java.util.concurrent.locks.AbstractQueuedSynchronizer$ConditionObject.await(AbstractQueuedSynchronizer.java:2039)
        at java.util.concurrent.ScheduledThreadPoolExecutor$DelayedWorkQueue.take(ScheduledThreadPoolExecutor.java:1088)
        at java.util.concurrent.ScheduledThreadPoolExecutor$DelayedWorkQueue.take(ScheduledThreadPoolExecutor.java:809)
        at java.util.concurrent.ThreadPoolExecutor.getTask(ThreadPoolExecutor.java:1074)
        at java.util.concurrent.ThreadPoolExecutor.runWorker(ThreadPoolExecutor.java:1134)
        at java.util.concurrent.ThreadPoolExecutor$Worker.run(ThreadPoolExecutor.java:624)
        at java.lang.Thread.run(Thread.java:748)
"Datanode ReportManager Thread - 0" daemon prio=5 tid=227 in Object.wait()
java.lang.Thread.State: WAITING (on object monitor)
        at sun.misc.Unsafe.park(Native Method)
        at java.util.concurrent.locks.LockSupport.park(LockSupport.java:175)
        at java.util.concurrent.locks.AbstractQueuedSynchronizer$ConditionObject.await(AbstractQueuedSynchronizer.java:2039)
        at java.util.concurrent.ScheduledThreadPoolExecutor$DelayedWorkQueue.take(ScheduledThreadPoolExecutor.java:1088)
        at java.util.concurrent.ScheduledThreadPoolExecutor$DelayedWorkQueue.take(ScheduledThreadPoolExecutor.java:809)
        at java.util.concurrent.ThreadPoolExecutor.getTask(ThreadPoolExecutor.java:1074)
        at java.util.concurrent.ThreadPoolExecutor.runWorker(ThreadPoolExecutor.java:1134)
        at java.util.concurrent.ThreadPoolExecutor$Worker.run(ThreadPoolExecutor.java:624)
        at java.lang.Thread.run(Thread.java:748)
"IPC Server handler 11 on default port 38869" daemon prio=5 tid=3319 timed_waiting
java.lang.Thread.State: TIMED_WAITING
        at sun.misc.Unsafe.park(Native Method)
        at java.util.concurrent.locks.LockSupport.parkNanos(LockSupport.java:215)
        at java.util.concurrent.locks.AbstractQueuedSynchronizer$ConditionObject.awaitNanos(AbstractQueuedSynchronizer.java:2078)
        at java.util.concurrent.LinkedBlockingQueue.poll(LinkedBlockingQueue.java:467)
        at org.apache.hadoop.ipc.CallQueueManager.take(CallQueueManager.java:317)
        at org.apache.hadoop.ipc.Server$Handler.run(Server.java:2932)
"Datanode ReportManager Thread - 3" daemon prio=5 tid=3455 in Object.wait()
java.lang.Thread.State: WAITING (on object monitor)
        at sun.misc.Unsafe.park(Native Method)
        at java.util.concurrent.locks.LockSupport.park(LockSupport.java:175)
        at java.util.concurrent.locks.AbstractQueuedSynchronizer$ConditionObject.await(AbstractQueuedSynchronizer.java:2039)
        at java.util.concurrent.ScheduledThreadPoolExecutor$DelayedWorkQueue.take(ScheduledThreadPoolExecutor.java:1088)
        at java.util.concurrent.ScheduledThreadPoolExecutor$DelayedWorkQueue.take(ScheduledThreadPoolExecutor.java:809)
        at java.util.concurrent.ThreadPoolExecutor.getTask(ThreadPoolExecutor.java:1074)
        at java.util.concurrent.ThreadPoolExecutor.runWorker(ThreadPoolExecutor.java:1134)
        at java.util.concurrent.ThreadPoolExecutor$Worker.run(ThreadPoolExecutor.java:624)
        at java.lang.Thread.run(Thread.java:748)
"Datanode ReportManager Thread - 1" daemon prio=5 tid=1850 timed_waiting
java.lang.Thread.State: TIMED_WAITING
        at sun.misc.Unsafe.park(Native Method)
        at java.util.concurrent.locks.LockSupport.parkNanos(LockSupport.java:215)
        at java.util.concurrent.locks.AbstractQueuedSynchronizer$ConditionObject.awaitNanos(AbstractQueuedSynchronizer.java:2078)
        at java.util.concurrent.ScheduledThreadPoolExecutor$DelayedWorkQueue.take(ScheduledThreadPoolExecutor.java:1093)
        at java.util.concurrent.ScheduledThreadPoolExecutor$DelayedWorkQueue.take(ScheduledThreadPoolExecutor.java:809)
        at java.util.concurrent.ThreadPoolExecutor.getTask(ThreadPoolExecutor.java:1074)
        at java.util.concurrent.ThreadPoolExecutor.runWorker(ThreadPoolExecutor.java:1134)
        at java.util.concurrent.ThreadPoolExecutor$Worker.run(ThreadPoolExecutor.java:624)
        at java.lang.Thread.run(Thread.java:748)
"Datanode ReportManager Thread - 4" daemon prio=5 tid=256 in Object.wait()
java.lang.Thread.State: WAITING (on object monitor)
        at sun.misc.Unsafe.park(Native Method)
        at java.util.concurrent.locks.LockSupport.park(LockSupport.java:175)
        at java.util.concurrent.locks.AbstractQueuedSynchronizer$ConditionObject.await(AbstractQueuedSynchronizer.java:2039)
        at java.util.concurrent.ScheduledThreadPoolExecutor$DelayedWorkQueue.take(ScheduledThreadPoolExecutor.java:1088)
        at java.util.concurrent.ScheduledThreadPoolExecutor$DelayedWorkQueue.take(ScheduledThreadPoolExecutor.java:809)
        at java.util.concurrent.ThreadPoolExecutor.getTask(ThreadPoolExecutor.java:1074)
        at java.util.concurrent.ThreadPoolExecutor.runWorker(ThreadPoolExecutor.java:1134)
        at java.util.concurrent.ThreadPoolExecutor$Worker.run(ThreadPoolExecutor.java:624)
        at java.lang.Thread.run(Thread.java:748)
"process reaper" daemon prio=10 tid=11 timed_waiting
java.lang.Thread.State: TIMED_WAITING
        at sun.misc.Unsafe.park(Native Method)
        at java.util.concurrent.locks.LockSupport.parkNanos(LockSupport.java:215)
        at java.util.concurrent.SynchronousQueue$TransferStack.awaitFulfill(SynchronousQueue.java:460)
        at java.util.concurrent.SynchronousQueue$TransferStack.transfer(SynchronousQueue.java:362)
        at java.util.concurrent.SynchronousQueue.poll(SynchronousQueue.java:941)
        at java.util.concurrent.ThreadPoolExecutor.getTask(ThreadPoolExecutor.java:1073)
        at java.util.concurrent.ThreadPoolExecutor.runWorker(ThreadPoolExecutor.java:1134)
        at java.util.concurrent.ThreadPoolExecutor$Worker.run(ThreadPoolExecutor.java:624)
        at java.lang.Thread.run(Thread.java:748)
"IPC Server handler 11 on default port 43625" daemon prio=5 tid=3299 timed_waiting
java.lang.Thread.State: TIMED_WAITING
        at sun.misc.Unsafe.park(Native Method)
        at java.util.concurrent.locks.LockSupport.parkNanos(LockSupport.java:215)
        at java.util.concurrent.locks.AbstractQueuedSynchronizer$ConditionObject.awaitNanos(AbstractQueuedSynchronizer.java:2078)
        at java.util.concurrent.LinkedBlockingQueue.poll(LinkedBlockingQueue.java:467)
        at org.apache.hadoop.ipc.CallQueueManager.take(CallQueueManager.java:317)
        at org.apache.hadoop.ipc.Server$Handler.run(Server.java:2932)
"Datanode ReportManager Thread - 3" daemon prio=5 tid=1766 timed_waiting
java.lang.Thread.State: TIMED_WAITING
        at sun.misc.Unsafe.park(Native Method)
        at java.util.concurrent.locks.LockSupport.parkNanos(LockSupport.java:215)
        at java.util.concurrent.locks.AbstractQueuedSynchronizer$ConditionObject.awaitNanos(AbstractQueuedSynchronizer.java:2078)
        at java.util.concurrent.ScheduledThreadPoolExecutor$DelayedWorkQueue.take(ScheduledThreadPoolExecutor.java:1093)
        at java.util.concurrent.ScheduledThreadPoolExecutor$DelayedWorkQueue.take(ScheduledThreadPoolExecutor.java:809)
        at java.util.concurrent.ThreadPoolExecutor.getTask(ThreadPoolExecutor.java:1074)
        at java.util.concurrent.ThreadPoolExecutor.runWorker(ThreadPoolExecutor.java:1134)
        at java.util.concurrent.ThreadPoolExecutor$Worker.run(ThreadPoolExecutor.java:624)
        at java.lang.Thread.run(Thread.java:748)
"EventQueue-NodeRegistrationContainerReportForContainerSafeModeRule" daemon prio=5 tid=3540 in Object.wait()
java.lang.Thread.State: WAITING (on object monitor)
        at sun.misc.Unsafe.park(Native Method)
        at java.util.concurrent.locks.LockSupport.park(LockSupport.java:175)
        at java.util.concurrent.locks.AbstractQueuedSynchronizer$ConditionObject.await(AbstractQueuedSynchronizer.java:2039)
        at java.util.concurrent.LinkedBlockingQueue.take(LinkedBlockingQueue.java:442)
        at java.util.concurrent.ThreadPoolExecutor.getTask(ThreadPoolExecutor.java:1074)
        at java.util.concurrent.ThreadPoolExecutor.runWorker(ThreadPoolExecutor.java:1134)
        at java.util.concurrent.ThreadPoolExecutor$Worker.run(ThreadPoolExecutor.java:624)
        at java.lang.Thread.run(Thread.java:748)
"EndpointStateMachine task thread for /0.0.0.0:45403 - 0 "  prio=5 tid=1445 in Object.wait()
java.lang.Thread.State: WAITING (on object monitor)
        at sun.misc.Unsafe.park(Native Method)
        at java.util.concurrent.locks.LockSupport.park(LockSupport.java:175)
        at java.util.concurrent.locks.AbstractQueuedSynchronizer$ConditionObject.await(AbstractQueuedSynchronizer.java:2039)
        at java.util.concurrent.LinkedBlockingQueue.take(LinkedBlockingQueue.java:442)
        at java.util.concurrent.ThreadPoolExecutor.getTask(ThreadPoolExecutor.java:1074)
        at java.util.concurrent.ThreadPoolExecutor.runWorker(ThreadPoolExecutor.java:1134)
        at java.util.concurrent.ThreadPoolExecutor$Worker.run(ThreadPoolExecutor.java:624)
        at java.lang.Thread.run(Thread.java:748)
"74f41514-20ca-4955-9e3a-cfde988d45f9@group-2750B8C67C55-SegmentedRaftLogWorker"  prio=5 tid=3583 timed_waiting
java.lang.Thread.State: TIMED_WAITING
        at sun.misc.Unsafe.park(Native Method)
        at java.util.concurrent.locks.LockSupport.parkNanos(LockSupport.java:215)
        at java.util.concurrent.locks.AbstractQueuedSynchronizer$ConditionObject.awaitNanos(AbstractQueuedSynchronizer.java:2078)
        at org.apache.ratis.util.DataBlockingQueue.poll(DataBlockingQueue.java:137)
        at org.apache.ratis.server.raftlog.segmented.SegmentedRaftLogWorker.run(SegmentedRaftLogWorker.java:292)
        at org.apache.ratis.server.raftlog.segmented.SegmentedRaftLogWorker$$Lambda$471/1580114807.run(Unknown Source)
        at java.lang.Thread.run(Thread.java:748)
"Datanode ReportManager Thread - 2" daemon prio=5 tid=3429 in Object.wait()
java.lang.Thread.State: WAITING (on object monitor)
        at sun.misc.Unsafe.park(Native Method)
        at java.util.concurrent.locks.LockSupport.park(LockSupport.java:175)
        at java.util.concurrent.locks.AbstractQueuedSynchronizer$ConditionObject.await(AbstractQueuedSynchronizer.java:2039)
        at java.util.concurrent.ScheduledThreadPoolExecutor$DelayedWorkQueue.take(ScheduledThreadPoolExecutor.java:1088)
        at java.util.concurrent.ScheduledThreadPoolExecutor$DelayedWorkQueue.take(ScheduledThreadPoolExecutor.java:809)
        at java.util.concurrent.ThreadPoolExecutor.getTask(ThreadPoolExecutor.java:1074)
        at java.util.concurrent.ThreadPoolExecutor.runWorker(ThreadPoolExecutor.java:1134)
        at java.util.concurrent.ThreadPoolExecutor$Worker.run(ThreadPoolExecutor.java:624)
        at java.lang.Thread.run(Thread.java:748)
"Periodic HDDS volume checker" daemon prio=5 tid=3436 timed_waiting
java.lang.Thread.State: TIMED_WAITING
        at sun.misc.Unsafe.park(Native Method)
        at java.util.concurrent.locks.LockSupport.parkNanos(LockSupport.java:215)
        at java.util.concurrent.locks.AbstractQueuedSynchronizer$ConditionObject.awaitNanos(AbstractQueuedSynchronizer.java:2078)
        at java.util.concurrent.ScheduledThreadPoolExecutor$DelayedWorkQueue.take(ScheduledThreadPoolExecutor.java:1093)
        at java.util.concurrent.ScheduledThreadPoolExecutor$DelayedWorkQueue.take(ScheduledThreadPoolExecutor.java:809)
        at java.util.concurrent.ThreadPoolExecutor.getTask(ThreadPoolExecutor.java:1074)
        at java.util.concurrent.ThreadPoolExecutor.runWorker(ThreadPoolExecutor.java:1134)
        at java.util.concurrent.ThreadPoolExecutor$Worker.run(ThreadPoolExecutor.java:624)
        at java.lang.Thread.run(Thread.java:748)
"qtp706884900-3357" daemon prio=5 tid=3357 timed_waiting
java.lang.Thread.State: TIMED_WAITING
        at sun.misc.Unsafe.park(Native Method)
        at java.util.concurrent.locks.LockSupport.parkNanos(LockSupport.java:215)
        at java.util.concurrent.locks.AbstractQueuedSynchronizer$ConditionObject.awaitNanos(AbstractQueuedSynchronizer.java:2078)
        at org.eclipse.jetty.util.BlockingArrayQueue.poll(BlockingArrayQueue.java:382)
        at org.eclipse.jetty.util.thread.QueuedThreadPool$Runner.idleJobPoll(QueuedThreadPool.java:974)
        at org.eclipse.jetty.util.thread.QueuedThreadPool$Runner.run(QueuedThreadPool.java:1018)
        at java.lang.Thread.run(Thread.java:748)
"org.apache.hadoop.ozone.container.common.statemachine.commandhandler.DeleteBlocksCommandHandler$DeleteCmdWorker@2e571f27" daemon prio=5 tid=1319 runnable
java.lang.Thread.State: RUNNABLE
        at org.apache.hadoop.ozone.container.common.statemachine.commandhandler.DeleteBlocksCommandHandler$DeleteCmdWorker.run(DeleteBlocksCommandHandler.java:175)
        at java.lang.Thread.run(Thread.java:748)
"BlockDeletingService#1" daemon prio=5 tid=3528 timed_waiting
java.lang.Thread.State: TIMED_WAITING
        at sun.misc.Unsafe.park(Native Method)
        at java.util.concurrent.locks.LockSupport.parkNanos(LockSupport.java:215)
        at java.util.concurrent.locks.AbstractQueuedSynchronizer$ConditionObject.awaitNanos(AbstractQueuedSynchronizer.java:2078)
        at java.util.concurrent.ScheduledThreadPoolExecutor$DelayedWorkQueue.take(ScheduledThreadPoolExecutor.java:1093)
        at java.util.concurrent.ScheduledThreadPoolExecutor$DelayedWorkQueue.take(ScheduledThreadPoolExecutor.java:809)
        at java.util.concurrent.ThreadPoolExecutor.getTask(ThreadPoolExecutor.java:1074)
        at java.util.concurrent.ThreadPoolExecutor.runWorker(ThreadPoolExecutor.java:1134)
        at java.util.concurrent.ThreadPoolExecutor$Worker.run(ThreadPoolExecutor.java:624)
        at java.lang.Thread.run(Thread.java:748)
"IPC Server handler 14 on default port 43625" daemon prio=5 tid=3302 timed_waiting
java.lang.Thread.State: TIMED_WAITING
        at sun.misc.Unsafe.park(Native Method)
        at java.util.concurrent.locks.LockSupport.parkNanos(LockSupport.java:215)
        at java.util.concurrent.locks.AbstractQueuedSynchronizer$ConditionObject.awaitNanos(AbstractQueuedSynchronizer.java:2078)
        at java.util.concurrent.LinkedBlockingQueue.poll(LinkedBlockingQueue.java:467)
        at org.apache.hadoop.ipc.CallQueueManager.take(CallQueueManager.java:317)
        at org.apache.hadoop.ipc.Server$Handler.run(Server.java:2932)
"IPC Server handler 8 on default port 38869" daemon prio=5 tid=3316 timed_waiting
java.lang.Thread.State: TIMED_WAITING
        at sun.misc.Unsafe.park(Native Method)
        at java.util.concurrent.locks.LockSupport.parkNanos(LockSupport.java:215)
        at java.util.concurrent.locks.AbstractQueuedSynchronizer$ConditionObject.awaitNanos(AbstractQueuedSynchronizer.java:2078)
        at java.util.concurrent.LinkedBlockingQueue.poll(LinkedBlockingQueue.java:467)
        at org.apache.hadoop.ipc.CallQueueManager.take(CallQueueManager.java:317)
        at org.apache.hadoop.ipc.Server$Handler.run(Server.java:2932)
"Datanode State Machine Task Thread - 0"  prio=5 tid=3459 in Object.wait()
java.lang.Thread.State: WAITING (on object monitor)
        at sun.misc.Unsafe.park(Native Method)
        at java.util.concurrent.locks.LockSupport.park(LockSupport.java:175)
        at java.util.concurrent.locks.AbstractQueuedSynchronizer$ConditionObject.await(AbstractQueuedSynchronizer.java:2039)
        at java.util.concurrent.LinkedBlockingQueue.take(LinkedBlockingQueue.java:442)
        at java.util.concurrent.ThreadPoolExecutor.getTask(ThreadPoolExecutor.java:1074)
        at java.util.concurrent.ThreadPoolExecutor.runWorker(ThreadPoolExecutor.java:1134)
        at java.util.concurrent.ThreadPoolExecutor$Worker.run(ThreadPoolExecutor.java:624)
        at java.lang.Thread.run(Thread.java:748)
"qtp980429648-3470" daemon prio=5 tid=3470 timed_waiting
java.lang.Thread.State: TIMED_WAITING
        at sun.misc.Unsafe.park(Native Method)
        at java.util.concurrent.locks.LockSupport.parkNanos(LockSupport.java:215)
        at java.util.concurrent.locks.AbstractQueuedSynchronizer$ConditionObject.awaitNanos(AbstractQueuedSynchronizer.java:2078)
        at org.eclipse.jetty.util.BlockingArrayQueue.poll(BlockingArrayQueue.java:382)
        at org.eclipse.jetty.util.thread.QueuedThreadPool$Runner.idleJobPoll(QueuedThreadPool.java:974)
        at org.eclipse.jetty.util.thread.QueuedThreadPool$Runner.run(QueuedThreadPool.java:1018)
        at java.lang.Thread.run(Thread.java:748)
"IPC Server handler 10 on default port 43677" daemon prio=5 tid=3338 timed_waiting
java.lang.Thread.State: TIMED_WAITING
        at sun.misc.Unsafe.park(Native Method)
        at java.util.concurrent.locks.LockSupport.parkNanos(LockSupport.java:215)
        at java.util.concurrent.locks.AbstractQueuedSynchronizer$ConditionObject.awaitNanos(AbstractQueuedSynchronizer.java:2078)
        at java.util.concurrent.LinkedBlockingQueue.poll(LinkedBlockingQueue.java:467)
        at org.apache.hadoop.ipc.CallQueueManager.take(CallQueueManager.java:317)
        at org.apache.hadoop.ipc.Server$Handler.run(Server.java:2932)
"Datanode State Machine Task Thread - 1"  prio=5 tid=3502 in Object.wait()
java.lang.Thread.State: WAITING (on object monitor)
        at sun.misc.Unsafe.park(Native Method)
        at java.util.concurrent.locks.LockSupport.park(LockSupport.java:175)
        at java.util.concurrent.locks.AbstractQueuedSynchronizer$ConditionObject.await(AbstractQueuedSynchronizer.java:2039)
        at java.util.concurrent.LinkedBlockingQueue.take(LinkedBlockingQueue.java:442)
        at java.util.concurrent.ThreadPoolExecutor.getTask(ThreadPoolExecutor.java:1074)
        at java.util.concurrent.ThreadPoolExecutor.runWorker(ThreadPoolExecutor.java:1134)
        at java.util.concurrent.ThreadPoolExecutor$Worker.run(ThreadPoolExecutor.java:624)
        at java.lang.Thread.run(Thread.java:748)
"qtp115531689-3443" daemon prio=5 tid=3443 runnable
java.lang.Thread.State: RUNNABLE
        at sun.nio.ch.EPollArrayWrapper.epollWait(Native Method)
        at sun.nio.ch.EPollArrayWrapper.poll(EPollArrayWrapper.java:269)
        at sun.nio.ch.EPollSelectorImpl.doSelect(EPollSelectorImpl.java:93)
        at sun.nio.ch.SelectorImpl.lockAndDoSelect(SelectorImpl.java:86)
        at sun.nio.ch.SelectorImpl.select(SelectorImpl.java:97)
        at sun.nio.ch.SelectorImpl.select(SelectorImpl.java:101)
        at org.eclipse.jetty.io.ManagedSelector.nioSelect(ManagedSelector.java:183)
        at org.eclipse.jetty.io.ManagedSelector.select(ManagedSelector.java:190)
        at org.eclipse.jetty.io.ManagedSelector$SelectorProducer.select(ManagedSelector.java:606)
        at org.eclipse.jetty.io.ManagedSelector$SelectorProducer.produce(ManagedSelector.java:543)
        at org.eclipse.jetty.util.thread.strategy.EatWhatYouKill.produceTask(EatWhatYouKill.java:362)
        at org.eclipse.jetty.util.thread.strategy.EatWhatYouKill.doProduce(EatWhatYouKill.java:186)
        at org.eclipse.jetty.util.thread.strategy.EatWhatYouKill.tryProduce(EatWhatYouKill.java:173)
        at org.eclipse.jetty.util.thread.strategy.EatWhatYouKill.produce(EatWhatYouKill.java:137)
        at org.eclipse.jetty.io.ManagedSelector$$Lambda$318/882340409.run(Unknown Source)
        at org.eclipse.jetty.util.thread.QueuedThreadPool.runJob(QueuedThreadPool.java:883)
        at org.eclipse.jetty.util.thread.QueuedThreadPool$Runner.run(QueuedThreadPool.java:1034)
        at java.lang.Thread.run(Thread.java:748)
"org.apache.hadoop.ozone.container.common.statemachine.commandhandler.DeleteBlocksCommandHandler$DeleteCmdWorker@6ab915c9" daemon prio=5 tid=163 runnable
java.lang.Thread.State: RUNNABLE
        at java.lang.Thread.sleep(Native Method)
        at org.apache.hadoop.ozone.container.common.statemachine.commandhandler.DeleteBlocksCommandHandler$DeleteCmdWorker.run(DeleteBlocksCommandHandler.java:175)
        at java.lang.Thread.run(Thread.java:748)
"BlockDeletingService#0" daemon prio=5 tid=3536 in Object.wait()
java.lang.Thread.State: WAITING (on object monitor)
        at sun.misc.Unsafe.park(Native Method)
        at java.util.concurrent.locks.LockSupport.park(LockSupport.java:175)
        at java.util.concurrent.locks.AbstractQueuedSynchronizer$ConditionObject.await(AbstractQueuedSynchronizer.java:2039)
        at java.util.concurrent.ScheduledThreadPoolExecutor$DelayedWorkQueue.take(ScheduledThreadPoolExecutor.java:1088)
        at java.util.concurrent.ScheduledThreadPoolExecutor$DelayedWorkQueue.take(ScheduledThreadPoolExecutor.java:809)
        at java.util.concurrent.ThreadPoolExecutor.getTask(ThreadPoolExecutor.java:1074)
        at java.util.concurrent.ThreadPoolExecutor.runWorker(ThreadPoolExecutor.java:1134)
        at java.util.concurrent.ThreadPoolExecutor$Worker.run(ThreadPoolExecutor.java:624)
        at java.lang.Thread.run(Thread.java:748)
"IPC Server handler 11 on default port 46101" daemon prio=5 tid=3398 timed_waiting
java.lang.Thread.State: TIMED_WAITING
        at sun.misc.Unsafe.park(Native Method)
        at java.util.concurrent.locks.LockSupport.parkNanos(LockSupport.java:215)
        at java.util.concurrent.locks.AbstractQueuedSynchronizer$ConditionObject.awaitNanos(AbstractQueuedSynchronizer.java:2078)
        at java.util.concurrent.LinkedBlockingQueue.poll(LinkedBlockingQueue.java:467)
        at org.apache.hadoop.ipc.CallQueueManager.take(CallQueueManager.java:317)
        at org.apache.hadoop.ipc.Server$Handler.run(Server.java:2932)
"IPC Server handler 9 on default port 38869" daemon prio=5 tid=3317 timed_waiting
java.lang.Thread.State: TIMED_WAITING
        at sun.misc.Unsafe.park(Native Method)
        at java.util.concurrent.locks.LockSupport.parkNanos(LockSupport.java:215)
        at java.util.concurrent.locks.AbstractQueuedSynchronizer$ConditionObject.awaitNanos(AbstractQueuedSynchronizer.java:2078)
        at java.util.concurrent.LinkedBlockingQueue.poll(LinkedBlockingQueue.java:467)
        at org.apache.hadoop.ipc.CallQueueManager.take(CallQueueManager.java:317)
        at org.apache.hadoop.ipc.Server$Handler.run(Server.java:2932)
"grpc-default-executor-8" daemon prio=5 tid=3656 timed_waiting
java.lang.Thread.State: TIMED_WAITING
        at sun.misc.Unsafe.park(Native Method)
        at java.util.concurrent.locks.LockSupport.parkNanos(LockSupport.java:215)
        at java.util.concurrent.SynchronousQueue$TransferStack.awaitFulfill(SynchronousQueue.java:460)
        at java.util.concurrent.SynchronousQueue$TransferStack.transfer(SynchronousQueue.java:362)
        at java.util.concurrent.SynchronousQueue.poll(SynchronousQueue.java:941)
        at java.util.concurrent.ThreadPoolExecutor.getTask(ThreadPoolExecutor.java:1073)
        at java.util.concurrent.ThreadPoolExecutor.runWorker(ThreadPoolExecutor.java:1134)
        at java.util.concurrent.ThreadPoolExecutor$Worker.run(ThreadPoolExecutor.java:624)
        at java.lang.Thread.run(Thread.java:748)
"Datanode ReportManager Thread - 0" daemon prio=5 tid=3427 in Object.wait()
java.lang.Thread.State: WAITING (on object monitor)
        at sun.misc.Unsafe.park(Native Method)
        at java.util.concurrent.locks.LockSupport.park(LockSupport.java:175)
        at java.util.concurrent.locks.AbstractQueuedSynchronizer$ConditionObject.await(AbstractQueuedSynchronizer.java:2039)
        at java.util.concurrent.ScheduledThreadPoolExecutor$DelayedWorkQueue.take(ScheduledThreadPoolExecutor.java:1088)
        at java.util.concurrent.ScheduledThreadPoolExecutor$DelayedWorkQueue.take(ScheduledThreadPoolExecutor.java:809)
        at java.util.concurrent.ThreadPoolExecutor.getTask(ThreadPoolExecutor.java:1074)
        at java.util.concurrent.ThreadPoolExecutor.runWorker(ThreadPoolExecutor.java:1134)
        at java.util.concurrent.ThreadPoolExecutor$Worker.run(ThreadPoolExecutor.java:624)
        at java.lang.Thread.run(Thread.java:748)
"IPC Server handler 2 on default port 43625" daemon prio=5 tid=3290 timed_waiting
java.lang.Thread.State: TIMED_WAITING
        at sun.misc.Unsafe.park(Native Method)
        at java.util.concurrent.locks.LockSupport.parkNanos(LockSupport.java:215)
        at java.util.concurrent.locks.AbstractQueuedSynchronizer$ConditionObject.awaitNanos(AbstractQueuedSynchronizer.java:2078)
        at java.util.concurrent.LinkedBlockingQueue.poll(LinkedBlockingQueue.java:467)
        at org.apache.hadoop.ipc.CallQueueManager.take(CallQueueManager.java:317)
        at org.apache.hadoop.ipc.Server$Handler.run(Server.java:2932)
"EndpointStateMachine task thread for /0.0.0.0:46875 - 0 "  prio=5 tid=1883 in Object.wait()
java.lang.Thread.State: WAITING (on object monitor)
        at sun.misc.Unsafe.park(Native Method)
        at java.util.concurrent.locks.LockSupport.park(LockSupport.java:175)
        at java.util.concurrent.locks.AbstractQueuedSynchronizer$ConditionObject.await(AbstractQueuedSynchronizer.java:2039)
        at java.util.concurrent.LinkedBlockingQueue.take(LinkedBlockingQueue.java:442)
        at java.util.concurrent.ThreadPoolExecutor.getTask(ThreadPoolExecutor.java:1074)
        at java.util.concurrent.ThreadPoolExecutor.runWorker(ThreadPoolExecutor.java:1134)
        at java.util.concurrent.ThreadPoolExecutor$Worker.run(ThreadPoolExecutor.java:624)
        at java.lang.Thread.run(Thread.java:748)
"IPC Server handler 9 on default port 43625" daemon prio=5 tid=3297 timed_waiting
java.lang.Thread.State: TIMED_WAITING
        at sun.misc.Unsafe.park(Native Method)
        at java.util.concurrent.locks.LockSupport.parkNanos(LockSupport.java:215)
        at java.util.concurrent.locks.AbstractQueuedSynchronizer$ConditionObject.awaitNanos(AbstractQueuedSynchronizer.java:2078)
        at java.util.concurrent.LinkedBlockingQueue.poll(LinkedBlockingQueue.java:467)
        at org.apache.hadoop.ipc.CallQueueManager.take(CallQueueManager.java:317)
        at org.apache.hadoop.ipc.Server$Handler.run(Server.java:2932)
"Datanode ReportManager Thread - 1" daemon prio=5 tid=1815 timed_waiting
java.lang.Thread.State: TIMED_WAITING
        at sun.misc.Unsafe.park(Native Method)
        at java.util.concurrent.locks.LockSupport.parkNanos(LockSupport.java:215)
        at java.util.concurrent.locks.AbstractQueuedSynchronizer$ConditionObject.awaitNanos(AbstractQueuedSynchronizer.java:2078)
        at java.util.concurrent.ScheduledThreadPoolExecutor$DelayedWorkQueue.take(ScheduledThreadPoolExecutor.java:1093)
        at java.util.concurrent.ScheduledThreadPoolExecutor$DelayedWorkQueue.take(ScheduledThreadPoolExecutor.java:809)
        at java.util.concurrent.ThreadPoolExecutor.getTask(ThreadPoolExecutor.java:1074)
        at java.util.concurrent.ThreadPoolExecutor.runWorker(ThreadPoolExecutor.java:1134)
        at java.util.concurrent.ThreadPoolExecutor$Worker.run(ThreadPoolExecutor.java:624)
        at java.lang.Thread.run(Thread.java:748)
"49fe3bb7-2dae-482d-a175-9585c41bacad@group-677DDB1507C0-StateMachineUpdater" daemon prio=5 tid=3568 in Object.wait()
java.lang.Thread.State: WAITING (on object monitor)
        at java.lang.Object.wait(Native Method)
        at java.lang.Object.wait(Object.java:502)
        at org.apache.ratis.server.impl.StateMachineUpdater.waitForCommit(StateMachineUpdater.java:204)
        at org.apache.ratis.server.impl.StateMachineUpdater.run(StateMachineUpdater.java:173)
        at java.lang.Thread.run(Thread.java:748)
"org.apache.hadoop.ozone.container.common.statemachine.commandhandler.DeleteBlocksCommandHandler$DeleteCmdWorker@7c756387" daemon prio=5 tid=1802 runnable
java.lang.Thread.State: RUNNABLE
        at java.lang.Thread.sleep(Native Method)
        at org.apache.hadoop.ozone.container.common.statemachine.commandhandler.DeleteBlocksCommandHandler$DeleteCmdWorker.run(DeleteBlocksCommandHandler.java:175)
        at java.lang.Thread.run(Thread.java:748)
"qtp243164435-3384" daemon prio=5 tid=3384 timed_waiting
java.lang.Thread.State: TIMED_WAITING
        at sun.misc.Unsafe.park(Native Method)
        at java.util.concurrent.locks.LockSupport.parkNanos(LockSupport.java:215)
        at java.util.concurrent.locks.AbstractQueuedSynchronizer$ConditionObject.awaitNanos(AbstractQueuedSynchronizer.java:2078)
        at org.eclipse.jetty.util.BlockingArrayQueue.poll(BlockingArrayQueue.java:382)
        at org.eclipse.jetty.util.thread.QueuedThreadPool$Runner.idleJobPoll(QueuedThreadPool.java:974)
        at org.eclipse.jetty.util.thread.QueuedThreadPool$Runner.run(QueuedThreadPool.java:1018)
        at java.lang.Thread.run(Thread.java:748)
"IPC Server handler 1 on default port 43625" daemon prio=5 tid=3289 timed_waiting
java.lang.Thread.State: TIMED_WAITING
        at sun.misc.Unsafe.park(Native Method)
        at java.util.concurrent.locks.LockSupport.parkNanos(LockSupport.java:215)
        at java.util.concurrent.locks.AbstractQueuedSynchronizer$ConditionObject.awaitNanos(AbstractQueuedSynchronizer.java:2078)
        at java.util.concurrent.LinkedBlockingQueue.poll(LinkedBlockingQueue.java:467)
        at org.apache.hadoop.ipc.CallQueueManager.take(CallQueueManager.java:317)
        at org.apache.hadoop.ipc.Server$Handler.run(Server.java:2932)
"pool-702-thread-1"  prio=5 tid=3441 timed_waiting
java.lang.Thread.State: TIMED_WAITING
        at sun.misc.Unsafe.park(Native Method)
        at java.util.concurrent.locks.LockSupport.parkNanos(LockSupport.java:215)
        at java.util.concurrent.locks.AbstractQueuedSynchronizer$ConditionObject.awaitNanos(AbstractQueuedSynchronizer.java:2078)
        at java.util.concurrent.ScheduledThreadPoolExecutor$DelayedWorkQueue.take(ScheduledThreadPoolExecutor.java:1093)
        at java.util.concurrent.ScheduledThreadPoolExecutor$DelayedWorkQueue.take(ScheduledThreadPoolExecutor.java:809)
        at java.util.concurrent.ThreadPoolExecutor.getTask(ThreadPoolExecutor.java:1074)
        at java.util.concurrent.ThreadPoolExecutor.runWorker(ThreadPoolExecutor.java:1134)
        at java.util.concurrent.ThreadPoolExecutor$Worker.run(ThreadPoolExecutor.java:624)
        at java.lang.Thread.run(Thread.java:748)
"org.apache.hadoop.ozone.container.common.statemachine.commandhandler.DeleteBlocksCommandHandler$DeleteCmdWorker@4c56cf1f" daemon prio=5 tid=2273 runnable
java.lang.Thread.State: RUNNABLE
        at java.lang.Thread.sleep(Native Method)
        at org.apache.hadoop.ozone.container.common.statemachine.commandhandler.DeleteBlocksCommandHandler$DeleteCmdWorker.run(DeleteBlocksCommandHandler.java:175)
        at java.lang.Thread.run(Thread.java:748)
"IPC Server handler 5 on default port 43677" daemon prio=5 tid=3333 timed_waiting
java.lang.Thread.State: TIMED_WAITING
        at sun.misc.Unsafe.park(Native Method)
        at java.util.concurrent.locks.LockSupport.parkNanos(LockSupport.java:215)
        at java.util.concurrent.locks.AbstractQueuedSynchronizer$ConditionObject.awaitNanos(AbstractQueuedSynchronizer.java:2078)
        at java.util.concurrent.LinkedBlockingQueue.poll(LinkedBlockingQueue.java:467)
        at org.apache.hadoop.ipc.CallQueueManager.take(CallQueueManager.java:317)
        at org.apache.hadoop.ipc.Server$Handler.run(Server.java:2932)
"IPC Server handler 17 on default port 38869" daemon prio=5 tid=3325 timed_waiting
java.lang.Thread.State: TIMED_WAITING
        at sun.misc.Unsafe.park(Native Method)
        at java.util.concurrent.locks.LockSupport.parkNanos(LockSupport.java:215)
        at java.util.concurrent.locks.AbstractQueuedSynchronizer$ConditionObject.awaitNanos(AbstractQueuedSynchronizer.java:2078)
        at java.util.concurrent.LinkedBlockingQueue.poll(LinkedBlockingQueue.java:467)
        at org.apache.hadoop.ipc.CallQueueManager.take(CallQueueManager.java:317)
        at org.apache.hadoop.ipc.Server$Handler.run(Server.java:2932)
"IPC Server handler 12 on default port 43625" daemon prio=5 tid=3300 timed_waiting
java.lang.Thread.State: TIMED_WAITING
        at sun.misc.Unsafe.park(Native Method)
        at java.util.concurrent.locks.LockSupport.parkNanos(LockSupport.java:215)
        at java.util.concurrent.locks.AbstractQueuedSynchronizer$ConditionObject.awaitNanos(AbstractQueuedSynchronizer.java:2078)
        at java.util.concurrent.LinkedBlockingQueue.poll(LinkedBlockingQueue.java:467)
        at org.apache.hadoop.ipc.CallQueueManager.take(CallQueueManager.java:317)
        at org.apache.hadoop.ipc.Server$Handler.run(Server.java:2932)
"Datanode ReportManager Thread - 1" daemon prio=5 tid=1790 in Object.wait()
java.lang.Thread.State: WAITING (on object monitor)
        at sun.misc.Unsafe.park(Native Method)
        at java.util.concurrent.locks.LockSupport.park(LockSupport.java:175)
        at java.util.concurrent.locks.AbstractQueuedSynchronizer$ConditionObject.await(AbstractQueuedSynchronizer.java:2039)
        at java.util.concurrent.ScheduledThreadPoolExecutor$DelayedWorkQueue.take(ScheduledThreadPoolExecutor.java:1088)
        at java.util.concurrent.ScheduledThreadPoolExecutor$DelayedWorkQueue.take(ScheduledThreadPoolExecutor.java:809)
        at java.util.concurrent.ThreadPoolExecutor.getTask(ThreadPoolExecutor.java:1074)
        at java.util.concurrent.ThreadPoolExecutor.runWorker(ThreadPoolExecutor.java:1134)
        at java.util.concurrent.ThreadPoolExecutor$Worker.run(ThreadPoolExecutor.java:624)
        at java.lang.Thread.run(Thread.java:748)
"om1@group-C5BA1605619E-SegmentedRaftLogWorker"  prio=5 tid=3369 timed_waiting
java.lang.Thread.State: TIMED_WAITING
        at sun.misc.Unsafe.park(Native Method)
        at java.util.concurrent.locks.LockSupport.parkNanos(LockSupport.java:215)
        at java.util.concurrent.locks.AbstractQueuedSynchronizer$ConditionObject.awaitNanos(AbstractQueuedSynchronizer.java:2078)
        at org.apache.ratis.util.DataBlockingQueue.poll(DataBlockingQueue.java:137)
        at org.apache.ratis.server.raftlog.segmented.SegmentedRaftLogWorker.run(SegmentedRaftLogWorker.java:292)
        at org.apache.ratis.server.raftlog.segmented.SegmentedRaftLogWorker$$Lambda$471/1580114807.run(Unknown Source)
        at java.lang.Thread.run(Thread.java:748)
"Datanode ReportManager Thread - 0" daemon prio=5 tid=2235 in Object.wait()
java.lang.Thread.State: WAITING (on object monitor)
        at sun.misc.Unsafe.park(Native Method)
        at java.util.concurrent.locks.LockSupport.park(LockSupport.java:175)
        at java.util.concurrent.locks.AbstractQueuedSynchronizer$ConditionObject.await(AbstractQueuedSynchronizer.java:2039)
        at java.util.concurrent.ScheduledThreadPoolExecutor$DelayedWorkQueue.take(ScheduledThreadPoolExecutor.java:1088)
        at java.util.concurrent.ScheduledThreadPoolExecutor$DelayedWorkQueue.take(ScheduledThreadPoolExecutor.java:809)
        at java.util.concurrent.ThreadPoolExecutor.getTask(ThreadPoolExecutor.java:1074)
        at java.util.concurrent.ThreadPoolExecutor.runWorker(ThreadPoolExecutor.java:1134)
        at java.util.concurrent.ThreadPoolExecutor$Worker.run(ThreadPoolExecutor.java:624)
        at java.lang.Thread.run(Thread.java:748)
"pool-690-thread-1" daemon prio=5 tid=3438 timed_waiting
java.lang.Thread.State: TIMED_WAITING
        at sun.misc.Unsafe.park(Native Method)
        at java.util.concurrent.locks.LockSupport.parkNanos(LockSupport.java:215)
        at java.util.concurrent.locks.AbstractQueuedSynchronizer$ConditionObject.awaitNanos(AbstractQueuedSynchronizer.java:2078)
        at java.util.concurrent.ScheduledThreadPoolExecutor$DelayedWorkQueue.take(ScheduledThreadPoolExecutor.java:1093)
        at java.util.concurrent.ScheduledThreadPoolExecutor$DelayedWorkQueue.take(ScheduledThreadPoolExecutor.java:809)
        at java.util.concurrent.ThreadPoolExecutor.getTask(ThreadPoolExecutor.java:1074)
        at java.util.concurrent.ThreadPoolExecutor.runWorker(ThreadPoolExecutor.java:1134)
        at java.util.concurrent.ThreadPoolExecutor$Worker.run(ThreadPoolExecutor.java:624)
        at java.lang.Thread.run(Thread.java:748)
"EndpointStateMachine task thread for /0.0.0.0:40677 - 0 "  prio=5 tid=289 in Object.wait()
java.lang.Thread.State: WAITING (on object monitor)
        at sun.misc.Unsafe.park(Native Method)
        at java.util.concurrent.locks.LockSupport.park(LockSupport.java:175)
        at java.util.concurrent.locks.AbstractQueuedSynchronizer$ConditionObject.await(AbstractQueuedSynchronizer.java:2039)
        at java.util.concurrent.LinkedBlockingQueue.take(LinkedBlockingQueue.java:442)
        at java.util.concurrent.ThreadPoolExecutor.getTask(ThreadPoolExecutor.java:1074)
        at java.util.concurrent.ThreadPoolExecutor.runWorker(ThreadPoolExecutor.java:1134)
        at java.util.concurrent.ThreadPoolExecutor$Worker.run(ThreadPoolExecutor.java:624)
        at java.lang.Thread.run(Thread.java:748)
"IPC Server idle connection scanner for port 38869" daemon prio=5 tid=3279 timed_waiting
java.lang.Thread.State: TIMED_WAITING
        at java.lang.Object.wait(Native Method)
        at java.util.TimerThread.mainLoop(Timer.java:552)
        at java.util.TimerThread.run(Timer.java:505)
"Datanode ReportManager Thread - 3" daemon prio=5 tid=1792 timed_waiting
java.lang.Thread.State: TIMED_WAITING
        at sun.misc.Unsafe.park(Native Method)
        at java.util.concurrent.locks.LockSupport.parkNanos(LockSupport.java:215)
        at java.util.concurrent.locks.AbstractQueuedSynchronizer$ConditionObject.awaitNanos(AbstractQueuedSynchronizer.java:2078)
        at java.util.concurrent.ScheduledThreadPoolExecutor$DelayedWorkQueue.take(ScheduledThreadPoolExecutor.java:1093)
        at java.util.concurrent.ScheduledThreadPoolExecutor$DelayedWorkQueue.take(ScheduledThreadPoolExecutor.java:809)
        at java.util.concurrent.ThreadPoolExecutor.getTask(ThreadPoolExecutor.java:1074)
        at java.util.concurrent.ThreadPoolExecutor.runWorker(ThreadPoolExecutor.java:1134)
        at java.util.concurrent.ThreadPoolExecutor$Worker.run(ThreadPoolExecutor.java:624)
        at java.lang.Thread.run(Thread.java:748)
"Listener at 127.0.0.1/46101" daemon prio=5 tid=3268 runnable
java.lang.Thread.State: RUNNABLE
        at java.lang.Thread.dumpThreads(Native Method)
        at java.lang.Thread.getAllStackTraces(Thread.java:1610)
        at org.apache.ozone.test.TimedOutTestsListener.buildThreadDump(TimedOutTestsListener.java:93)
        at org.apache.ozone.test.TimedOutTestsListener.buildThreadDiagnosticString(TimedOutTestsListener.java:79)
        at org.apache.ozone.test.GenericTestUtils.waitFor(GenericTestUtils.java:225)
        at org.apache.hadoop.ozone.MiniOzoneClusterImpl.waitForClusterToBeReady(MiniOzoneClusterImpl.java:228)
        at org.apache.hadoop.ozone.client.rpc.read.TestInputStreamBase.init(TestInputStreamBase.java:124)
        at sun.reflect.NativeMethodAccessorImpl.invoke0(Native Method)
        at sun.reflect.NativeMethodAccessorImpl.invoke(NativeMethodAccessorImpl.java:62)
        at sun.reflect.DelegatingMethodAccessorImpl.invoke(DelegatingMethodAccessorImpl.java:43)
        at java.lang.reflect.Method.invoke(Method.java:498)
        at org.junit.runners.model.FrameworkMethod$1.runReflectiveCall(FrameworkMethod.java:59)
        at org.junit.internal.runners.model.ReflectiveCallable.run(ReflectiveCallable.java:12)
        at org.junit.runners.model.FrameworkMethod.invokeExplosively(FrameworkMethod.java:56)
        at org.junit.internal.runners.statements.RunBefores.invokeMethod(RunBefores.java:33)
        at org.junit.internal.runners.statements.RunBefores.evaluate(RunBefores.java:24)
        at org.junit.internal.runners.statements.RunAfters.evaluate(RunAfters.java:27)
        at org.junit.internal.runners.statements.FailOnTimeout$CallableStatement.call(FailOnTimeout.java:288)
        at org.junit.internal.runners.statements.FailOnTimeout$CallableStatement.call(FailOnTimeout.java:282)
        at java.util.concurrent.FutureTask.run(FutureTask.java:266)
        at java.lang.Thread.run(Thread.java:748)
"qtp243164435-3385" daemon prio=5 tid=3385 runnable
java.lang.Thread.State: RUNNABLE
        at sun.nio.ch.EPollArrayWrapper.epollWait(Native Method)
        at sun.nio.ch.EPollArrayWrapper.poll(EPollArrayWrapper.java:269)
        at sun.nio.ch.EPollSelectorImpl.doSelect(EPollSelectorImpl.java:93)
        at sun.nio.ch.SelectorImpl.lockAndDoSelect(SelectorImpl.java:86)
        at sun.nio.ch.SelectorImpl.select(SelectorImpl.java:97)
        at sun.nio.ch.SelectorImpl.select(SelectorImpl.java:101)
        at org.eclipse.jetty.io.ManagedSelector.nioSelect(ManagedSelector.java:183)
        at org.eclipse.jetty.io.ManagedSelector.select(ManagedSelector.java:190)
        at org.eclipse.jetty.io.ManagedSelector$SelectorProducer.select(ManagedSelector.java:606)
        at org.eclipse.jetty.io.ManagedSelector$SelectorProducer.produce(ManagedSelector.java:543)
        at org.eclipse.jetty.util.thread.strategy.EatWhatYouKill.produceTask(EatWhatYouKill.java:362)
        at org.eclipse.jetty.util.thread.strategy.EatWhatYouKill.doProduce(EatWhatYouKill.java:186)
        at org.eclipse.jetty.util.thread.strategy.EatWhatYouKill.tryProduce(EatWhatYouKill.java:173)
        at org.eclipse.jetty.util.thread.strategy.EatWhatYouKill.produce(EatWhatYouKill.java:137)
        at org.eclipse.jetty.io.ManagedSelector$$Lambda$318/882340409.run(Unknown Source)
        at org.eclipse.jetty.util.thread.QueuedThreadPool.runJob(QueuedThreadPool.java:883)
        at org.eclipse.jetty.util.thread.QueuedThreadPool$Runner.run(QueuedThreadPool.java:1034)
        at java.lang.Thread.run(Thread.java:748)
"org.apache.hadoop.ozone.container.common.statemachine.commandhandler.DeleteBlocksCommandHandler$DeleteCmdWorker@41fd549b" daemon prio=5 tid=3490 timed_waiting
java.lang.Thread.State: TIMED_WAITING
        at java.lang.Thread.sleep(Native Method)
        at org.apache.hadoop.ozone.container.common.statemachine.commandhandler.DeleteBlocksCommandHandler$DeleteCmdWorker.run(DeleteBlocksCommandHandler.java:175)
        at java.lang.Thread.run(Thread.java:748)
"org.apache.hadoop.ozone.container.common.statemachine.commandhandler.DeleteBlocksCommandHandler$DeleteCmdWorker@6a809c49" daemon prio=5 tid=1777 runnable
java.lang.Thread.State: RUNNABLE
        at java.lang.Thread.sleep(Native Method)
        at org.apache.hadoop.ozone.container.common.statemachine.commandhandler.DeleteBlocksCommandHandler$DeleteCmdWorker.run(DeleteBlocksCommandHandler.java:175)
        at java.lang.Thread.run(Thread.java:748)
"Datanode ReportManager Thread - 3" daemon prio=5 tid=1411 in Object.wait()
java.lang.Thread.State: WAITING (on object monitor)
        at sun.misc.Unsafe.park(Native Method)
        at java.util.concurrent.locks.LockSupport.park(LockSupport.java:175)
        at java.util.concurrent.locks.AbstractQueuedSynchronizer$ConditionObject.await(AbstractQueuedSynchronizer.java:2039)
        at java.util.concurrent.ScheduledThreadPoolExecutor$DelayedWorkQueue.take(ScheduledThreadPoolExecutor.java:1088)
        at java.util.concurrent.ScheduledThreadPoolExecutor$DelayedWorkQueue.take(ScheduledThreadPoolExecutor.java:809)
        at java.util.concurrent.ThreadPoolExecutor.getTask(ThreadPoolExecutor.java:1074)
        at java.util.concurrent.ThreadPoolExecutor.runWorker(ThreadPoolExecutor.java:1134)
        at java.util.concurrent.ThreadPoolExecutor$Worker.run(ThreadPoolExecutor.java:624)
        at java.lang.Thread.run(Thread.java:748)
"IPC Server handler 10 on default port 46101" daemon prio=5 tid=3397 timed_waiting
java.lang.Thread.State: TIMED_WAITING
        at sun.misc.Unsafe.park(Native Method)
        at java.util.concurrent.locks.LockSupport.parkNanos(LockSupport.java:215)
        at java.util.concurrent.locks.AbstractQueuedSynchronizer$ConditionObject.awaitNanos(AbstractQueuedSynchronizer.java:2078)
        at java.util.concurrent.LinkedBlockingQueue.poll(LinkedBlockingQueue.java:467)
        at org.apache.hadoop.ipc.CallQueueManager.take(CallQueueManager.java:317)
        at org.apache.hadoop.ipc.Server$Handler.run(Server.java:2932)
"grpc-default-boss-ELG-7-1" daemon prio=5 tid=3372 runnable
java.lang.Thread.State: RUNNABLE
        at org.apache.ratis.thirdparty.io.netty.channel.epoll.Native.epollWait(Native Method)
        at org.apache.ratis.thirdparty.io.netty.channel.epoll.Native.epollWait(Native.java:177)
        at org.apache.ratis.thirdparty.io.netty.channel.epoll.Native.epollWait(Native.java:170)
        at org.apache.ratis.thirdparty.io.netty.channel.epoll.EpollEventLoop.epollWaitNoTimerChange(EpollEventLoop.java:290)
        at org.apache.ratis.thirdparty.io.netty.channel.epoll.EpollEventLoop.run(EpollEventLoop.java:347)
        at org.apache.ratis.thirdparty.io.netty.util.concurrent.SingleThreadEventExecutor$4.run(SingleThreadEventExecutor.java:989)
        at org.apache.ratis.thirdparty.io.netty.util.internal.ThreadExecutorMap$2.run(ThreadExecutorMap.java:74)
        at org.apache.ratis.thirdparty.io.netty.util.concurrent.FastThreadLocalRunnable.run(FastThreadLocalRunnable.java:30)
        at java.lang.Thread.run(Thread.java:748)
"IPC Server handler 4 on default port 38869" daemon prio=5 tid=3312 timed_waiting
java.lang.Thread.State: TIMED_WAITING
        at sun.misc.Unsafe.park(Native Method)
        at java.util.concurrent.locks.LockSupport.parkNanos(LockSupport.java:215)
        at java.util.concurrent.locks.AbstractQueuedSynchronizer$ConditionObject.awaitNanos(AbstractQueuedSynchronizer.java:2078)
        at java.util.concurrent.LinkedBlockingQueue.poll(LinkedBlockingQueue.java:467)
        at org.apache.hadoop.ipc.CallQueueManager.take(CallQueueManager.java:317)
        at org.apache.hadoop.ipc.Server$Handler.run(Server.java:2932)
"Command processor thread" daemon prio=5 tid=3482 timed_waiting
java.lang.Thread.State: TIMED_WAITING
        at java.lang.Thread.sleep(Native Method)
        at org.apache.hadoop.ozone.container.common.statemachine.DatanodeStateMachine.lambda$initCommandHandlerThread$2(DatanodeStateMachine.java:574)
        at org.apache.hadoop.ozone.container.common.statemachine.DatanodeStateMachine$$Lambda$577/1509945893.run(Unknown Source)
        at java.lang.Thread.run(Thread.java:748)
"main"  prio=5 tid=1 timed_waiting
java.lang.Thread.State: TIMED_WAITING
        at sun.misc.Unsafe.park(Native Method)
        at java.util.concurrent.locks.LockSupport.parkNanos(LockSupport.java:215)
        at java.util.concurrent.FutureTask.awaitDone(FutureTask.java:426)
        at java.util.concurrent.FutureTask.get(FutureTask.java:204)
        at org.junit.internal.runners.statements.FailOnTimeout.getResult(FailOnTimeout.java:156)
        at org.junit.internal.runners.statements.FailOnTimeout.evaluate(FailOnTimeout.java:129)
        at org.junit.runners.ParentRunner$3.evaluate(ParentRunner.java:306)
        at org.junit.runners.BlockJUnit4ClassRunner$1.evaluate(BlockJUnit4ClassRunner.java:100)
        at org.junit.runners.ParentRunner.runLeaf(ParentRunner.java:366)
        at org.junit.runners.BlockJUnit4ClassRunner.runChild(BlockJUnit4ClassRunner.java:103)
        at org.junit.runners.BlockJUnit4ClassRunner.runChild(BlockJUnit4ClassRunner.java:63)
        at org.junit.runners.ParentRunner$4.run(ParentRunner.java:331)
        at org.junit.runners.ParentRunner$1.schedule(ParentRunner.java:79)
        at org.junit.runners.ParentRunner.runChildren(ParentRunner.java:329)
        at org.junit.runners.ParentRunner.access$100(ParentRunner.java:66)
        at org.junit.runners.ParentRunner$2.evaluate(ParentRunner.java:293)
        at org.junit.runners.ParentRunner.run(ParentRunner.java:413)
        at org.junit.runners.Suite.runChild(Suite.java:128)
        at org.junit.runners.Suite.runChild(Suite.java:27)
        at org.junit.runners.ParentRunner$4.run(ParentRunner.java:331)
        at org.junit.runners.ParentRunner$1.schedule(ParentRunner.java:79)
        at org.junit.runners.ParentRunner.runChildren(ParentRunner.java:329)
        at org.junit.runners.ParentRunner.access$100(ParentRunner.java:66)
        at org.junit.runners.ParentRunner$2.evaluate(ParentRunner.java:293)
        at org.junit.runners.ParentRunner$3.evaluate(ParentRunner.java:306)
        at org.junit.runners.ParentRunner.run(ParentRunner.java:413)
        at org.junit.runner.JUnitCore.run(JUnitCore.java:137)
        at org.junit.runner.JUnitCore.run(JUnitCore.java:115)
        at org.junit.vintage.engine.execution.RunnerExecutor.execute(RunnerExecutor.java:43)
        at org.junit.vintage.engine.VintageTestEngine$$Lambda$195/137225802.accept(Unknown Source)
        at java.util.stream.ForEachOps$ForEachOp$OfRef.accept(ForEachOps.java:183)
        at java.util.stream.ReferencePipeline$3$1.accept(ReferencePipeline.java:193)
        at java.util.Iterator.forEachRemaining(Iterator.java:116)
        at java.util.Spliterators$IteratorSpliterator.forEachRemaining(Spliterators.java:1801)
        at java.util.stream.AbstractPipeline.copyInto(AbstractPipeline.java:482)
        at java.util.stream.AbstractPipeline.wrapAndCopyInto(AbstractPipeline.java:472)
        at java.util.stream.ForEachOps$ForEachOp.evaluateSequential(ForEachOps.java:150)
        at java.util.stream.ForEachOps$ForEachOp$OfRef.evaluateSequential(ForEachOps.java:173)
        at java.util.stream.AbstractPipeline.evaluate(AbstractPipeline.java:234)
        at java.util.stream.ReferencePipeline.forEach(ReferencePipeline.java:485)
        at org.junit.vintage.engine.VintageTestEngine.executeAllChildren(VintageTestEngine.java:82)
        at org.junit.vintage.engine.VintageTestEngine.execute(VintageTestEngine.java:73)
        at org.junit.platform.launcher.core.EngineExecutionOrchestrator.execute(EngineExecutionOrchestrator.java:108)
        at org.junit.platform.launcher.core.EngineExecutionOrchestrator.execute(EngineExecutionOrchestrator.java:88)
        at org.junit.platform.launcher.core.EngineExecutionOrchestrator.lambda$execute$0(EngineExecutionOrchestrator.java:54)
        at org.junit.platform.launcher.core.EngineExecutionOrchestrator$$Lambda$143/926434463.accept(Unknown Source)
        at org.junit.platform.launcher.core.EngineExecutionOrchestrator.withInterceptedStreams(EngineExecutionOrchestrator.java:67)
        at org.junit.platform.launcher.core.EngineExecutionOrchestrator.execute(EngineExecutionOrchestrator.java:52)
        at org.junit.platform.launcher.core.DefaultLauncher.execute(DefaultLauncher.java:96)
        at org.junit.platform.launcher.core.DefaultLauncher.execute(DefaultLauncher.java:75)
        at org.apache.maven.surefire.junitplatform.JUnitPlatformProvider.invokeAllTests(JUnitPlatformProvider.java:142)
        at org.apache.maven.surefire.junitplatform.JUnitPlatformProvider.invoke(JUnitPlatformProvider.java:113)
        at org.apache.maven.surefire.booter.ForkedBooter.invokeProviderInSameClassLoader(ForkedBooter.java:384)
        at org.apache.maven.surefire.booter.ForkedBooter.runSuitesInProcess(ForkedBooter.java:345)
        at org.apache.maven.surefire.booter.ForkedBooter.execute(ForkedBooter.java:126)
        at org.apache.maven.surefire.booter.ForkedBooter.main(ForkedBooter.java:418)
"IPC Server handler 12 on default port 46101" daemon prio=5 tid=3399 timed_waiting
java.lang.Thread.State: TIMED_WAITING
        at sun.misc.Unsafe.park(Native Method)
        at java.util.concurrent.locks.LockSupport.parkNanos(LockSupport.java:215)
        at java.util.concurrent.locks.AbstractQueuedSynchronizer$ConditionObject.awaitNanos(AbstractQueuedSynchronizer.java:2078)
        at java.util.concurrent.LinkedBlockingQueue.poll(LinkedBlockingQueue.java:467)
        at org.apache.hadoop.ipc.CallQueueManager.take(CallQueueManager.java:317)
        at org.apache.hadoop.ipc.Server$Handler.run(Server.java:2932)
"Datanode State Machine Task Thread - 0"  prio=5 tid=3484 in Object.wait()
java.lang.Thread.State: WAITING (on object monitor)
        at sun.misc.Unsafe.park(Native Method)
        at java.util.concurrent.locks.LockSupport.park(LockSupport.java:175)
        at java.util.concurrent.locks.AbstractQueuedSynchronizer$ConditionObject.await(AbstractQueuedSynchronizer.java:2039)
        at java.util.concurrent.LinkedBlockingQueue.take(LinkedBlockingQueue.java:442)
        at java.util.concurrent.ThreadPoolExecutor.getTask(ThreadPoolExecutor.java:1074)
        at java.util.concurrent.ThreadPoolExecutor.runWorker(ThreadPoolExecutor.java:1134)
        at java.util.concurrent.ThreadPoolExecutor$Worker.run(ThreadPoolExecutor.java:624)
        at java.lang.Thread.run(Thread.java:748)
"IPC Server handler 2 on default port 43677" daemon prio=5 tid=3330 timed_waiting
java.lang.Thread.State: TIMED_WAITING
        at sun.misc.Unsafe.park(Native Method)
        at java.util.concurrent.locks.LockSupport.parkNanos(LockSupport.java:215)
        at java.util.concurrent.locks.AbstractQueuedSynchronizer$ConditionObject.awaitNanos(AbstractQueuedSynchronizer.java:2078)
        at java.util.concurrent.LinkedBlockingQueue.poll(LinkedBlockingQueue.java:467)
        at org.apache.hadoop.ipc.CallQueueManager.take(CallQueueManager.java:317)
        at org.apache.hadoop.ipc.Server$Handler.run(Server.java:2932)
"ChunkWriter-2-0" daemon prio=5 tid=3549 in Object.wait()
java.lang.Thread.State: WAITING (on object monitor)
        at sun.misc.Unsafe.park(Native Method)
        at java.util.concurrent.locks.LockSupport.park(LockSupport.java:175)
        at java.util.concurrent.locks.AbstractQueuedSynchronizer$ConditionObject.await(AbstractQueuedSynchronizer.java:2039)
        at java.util.concurrent.LinkedBlockingDeque.takeFirst(LinkedBlockingDeque.java:492)
        at java.util.concurrent.LinkedBlockingDeque.take(LinkedBlockingDeque.java:680)
        at java.util.concurrent.ThreadPoolExecutor.getTask(ThreadPoolExecutor.java:1074)
        at java.util.concurrent.ThreadPoolExecutor.runWorker(ThreadPoolExecutor.java:1134)
        at java.util.concurrent.ThreadPoolExecutor$Worker.run(ThreadPoolExecutor.java:624)
        at java.lang.Thread.run(Thread.java:748)
"9eaa9061-0cbd-4a3d-8091-a973303b955e@group-677DDB1507C0-FollowerState" daemon prio=5 tid=3806 timed_waiting
java.lang.Thread.State: TIMED_WAITING
        at java.lang.Thread.sleep(Native Method)
        at java.lang.Thread.sleep(Thread.java:340)
        at java.util.concurrent.TimeUnit.sleep(TimeUnit.java:386)
        at org.apache.ratis.util.TimeDuration.sleep(TimeDuration.java:324)
        at org.apache.ratis.util.TimeDuration.sleep(TimeDuration.java:309)
        at org.apache.ratis.server.impl.FollowerState.run(FollowerState.java:118)
"EventQueue-NodeRegistrationContainerReportForDataNodeSafeModeRule" daemon prio=5 tid=3541 in Object.wait()
java.lang.Thread.State: WAITING (on object monitor)
        at sun.misc.Unsafe.park(Native Method)
        at java.util.concurrent.locks.LockSupport.park(LockSupport.java:175)
        at java.util.concurrent.locks.AbstractQueuedSynchronizer$ConditionObject.await(AbstractQueuedSynchronizer.java:2039)
        at java.util.concurrent.LinkedBlockingQueue.take(LinkedBlockingQueue.java:442)
        at java.util.concurrent.ThreadPoolExecutor.getTask(ThreadPoolExecutor.java:1074)
        at java.util.concurrent.ThreadPoolExecutor.runWorker(ThreadPoolExecutor.java:1134)
        at java.util.concurrent.ThreadPoolExecutor$Worker.run(ThreadPoolExecutor.java:624)
        at java.lang.Thread.run(Thread.java:748)
"Datanode ReportManager Thread - 0" daemon prio=5 tid=1408 in Object.wait()
java.lang.Thread.State: WAITING (on object monitor)
        at sun.misc.Unsafe.park(Native Method)
        at java.util.concurrent.locks.LockSupport.park(LockSupport.java:175)
        at java.util.concurrent.locks.AbstractQueuedSynchronizer$ConditionObject.await(AbstractQueuedSynchronizer.java:2039)
        at java.util.concurrent.ScheduledThreadPoolExecutor$DelayedWorkQueue.take(ScheduledThreadPoolExecutor.java:1088)
        at java.util.concurrent.ScheduledThreadPoolExecutor$DelayedWorkQueue.take(ScheduledThreadPoolExecutor.java:809)
        at java.util.concurrent.ThreadPoolExecutor.getTask(ThreadPoolExecutor.java:1074)
        at java.util.concurrent.ThreadPoolExecutor.runWorker(ThreadPoolExecutor.java:1134)
        at java.util.concurrent.ThreadPoolExecutor$Worker.run(ThreadPoolExecutor.java:624)
        at java.lang.Thread.run(Thread.java:748)


	at org.apache.ozone.test.GenericTestUtils.waitFor(GenericTestUtils.java:225)
	at org.apache.hadoop.ozone.MiniOzoneClusterImpl.waitForClusterToBeReady(MiniOzoneClusterImpl.java:228)
	at org.apache.hadoop.ozone.client.rpc.read.TestInputStreamBase.init(TestInputStreamBase.java:124)
	at sun.reflect.NativeMethodAccessorImpl.invoke0(Native Method)
	at sun.reflect.NativeMethodAccessorImpl.invoke(NativeMethodAccessorImpl.java:62)
	at sun.reflect.DelegatingMethodAccessorImpl.invoke(DelegatingMethodAccessorImpl.java:43)
	at java.lang.reflect.Method.invoke(Method.java:498)
	at org.junit.runners.model.FrameworkMethod$1.runReflectiveCall(FrameworkMethod.java:59)
	at org.junit.internal.runners.model.ReflectiveCallable.run(ReflectiveCallable.java:12)
	at org.junit.runners.model.FrameworkMethod.invokeExplosively(FrameworkMethod.java:56)
	at org.junit.internal.runners.statements.RunBefores.invokeMethod(RunBefores.java:33)
	at org.junit.internal.runners.statements.RunBefores.evaluate(RunBefores.java:24)
	at org.junit.internal.runners.statements.RunAfters.evaluate(RunAfters.java:27)
	at org.junit.internal.runners.statements.FailOnTimeout$CallableStatement.call(FailOnTimeout.java:288)
	at org.junit.internal.runners.statements.FailOnTimeout$CallableStatement.call(FailOnTimeout.java:282)
	at java.util.concurrent.FutureTask.run(FutureTask.java:266)
	at java.lang.Thread.run(Thread.java:748)
]]></error>
    <system-out><![CDATA[2021-11-29 23:21:20,849 [Time-limited test] WARN  server.ServerUtils (ServerUtils.java:getScmDbDir(148)) - ozone.scm.db.dirs is not configured. We recommend adding this setting. Falling back to ozone.metadata.dirs instead.
2021-11-29 23:21:20,859 [Time-limited test] INFO  ha.SCMHANodeDetails (SCMHANodeDetails.java:loadSCMHAConfig(157)) - ServiceID for StorageContainerManager is null
2021-11-29 23:21:20,859 [Time-limited test] INFO  ha.SCMHANodeDetails (SCMHANodeDetails.java:loadSCMHAConfig(162)) - ozone.scm.default.service.id is not defined, falling back to ozone.scm.service.ids to find serviceID for StorageContainerManager if it is HA enabled cluster
2021-11-29 23:21:20,861 [Time-limited test] WARN  server.ServerUtils (ServerUtils.java:getScmDbDir(148)) - ozone.scm.db.dirs is not configured. We recommend adding this setting. Falling back to ozone.metadata.dirs instead.
2021-11-29 23:21:20,862 [Time-limited test] INFO  upgrade.AbstractLayoutVersionManager (AbstractLayoutVersionManager.java:init(79)) - Initializing Layout version manager with metadata layout = SCM_HA (version = 2), software layout = SCM_HA (version = 2)
2021-11-29 23:21:20,989 [Time-limited test] INFO  reflections.Reflections (Reflections.java:scan(232)) - Reflections took 125 ms to scan 7 urls, producing 119 keys and 279 values 
2021-11-29 23:21:21,000 [Time-limited test] WARN  utils.HAUtils (HAUtils.java:getMetaDir(342)) - ozone.scm.db.dirs is not configured. We recommend adding this setting. Falling back to ozone.metadata.dirs instead.
2021-11-29 23:21:21,002 [Time-limited test] WARN  db.DBStoreBuilder (DBStoreBuilder.java:applyDBDefinition(145)) - ozone.scm.db.dirs is not configured. We recommend adding this setting. Falling back to ozone.metadata.dirs instead.
2021-11-29 23:21:21,285 [Time-limited test] INFO  net.NodeSchemaLoader (NodeSchemaLoader.java:loadSchemaFromFile(129)) - Loading schema from [jar:file:/home/runner/.m2/repository/org/apache/ozone/hdds-common/1.3.0-SNAPSHOT/hdds-common-1.3.0-SNAPSHOT.jar!/network-topology-default.xml]
2021-11-29 23:21:21,285 [Time-limited test] INFO  net.NodeSchemaLoader (NodeSchemaLoader.java:loadSchema(176)) - Loading network topology layer schema file
2021-11-29 23:21:21,288 [Time-limited test] WARN  impl.MetricRegistriesImpl (MetricRegistriesImpl.java:addReporterRegistration(111)) - New reporters are added after registries were created. Some metrics will be missing from the reporter. Please add reporter before adding any new registry.
2021-11-29 23:21:21,288 [Time-limited test] WARN  impl.MetricRegistriesImpl (MetricRegistriesImpl.java:addReporterRegistration(111)) - New reporters are added after registries were created. Some metrics will be missing from the reporter. Please add reporter before adding any new registry.
2021-11-29 23:21:21,288 [Time-limited test] INFO  ha.SequenceIdGenerator (SequenceIdGenerator.java:upgradeToSequenceId(347)) - upgrade localId to 107544261427200000
2021-11-29 23:21:21,288 [Time-limited test] INFO  ha.SequenceIdGenerator (SequenceIdGenerator.java:upgradeToSequenceId(357)) - upgrade delTxnId to 0
2021-11-29 23:21:21,288 [Time-limited test] INFO  ha.SequenceIdGenerator (SequenceIdGenerator.java:upgradeToSequenceId(371)) - upgrade containerId to 0
2021-11-29 23:21:21,289 [Time-limited test] INFO  ha.SequenceIdGenerator (SequenceIdGenerator.java:<init>(218)) - Init the HA SequenceIdGenerator.
2021-11-29 23:21:21,340 [Time-limited test] INFO  node.SCMNodeManager (SCMNodeManager.java:<init>(144)) - Entering startup safe mode.
2021-11-29 23:21:21,341 [Time-limited test] INFO  algorithms.ContainerPlacementPolicyFactory (ContainerPlacementPolicyFactory.java:getPolicy(60)) - Create container placement policy of type org.apache.hadoop.hdds.scm.container.placement.algorithms.SCMContainerPlacementRandom
2021-11-29 23:21:21,341 [Time-limited test] INFO  pipeline.PipelineStateManagerImpl (PipelineStateManagerImpl.java:initialize(78)) - No pipeline exists in current db
2021-11-29 23:21:21,341 [Time-limited test] INFO  algorithms.LeaderChoosePolicyFactory (LeaderChoosePolicyFactory.java:getPolicy(57)) - Create leader choose policy of type org.apache.hadoop.hdds.scm.pipeline.leader.choose.algorithms.MinLeaderCountChoosePolicy
2021-11-29 23:21:21,341 [Time-limited test] INFO  ha.SCMServiceManager (SCMServiceManager.java:register(43)) - Registering service BackgroundPipelineCreator.
2021-11-29 23:21:21,342 [Time-limited test] INFO  pipeline.BackgroundPipelineCreator (BackgroundPipelineCreator.java:start(130)) - Starting RatisPipelineUtilsThread.
2021-11-29 23:21:21,344 [Time-limited test] INFO  algorithms.PipelineChoosePolicyFactory (PipelineChoosePolicyFactory.java:createPipelineChoosePolicyFromClass(73)) - Create pipeline choose policy of type org.apache.hadoop.hdds.scm.pipeline.choose.algorithms.RandomPipelineChoosePolicy
2021-11-29 23:21:21,344 [Time-limited test] INFO  ha.SCMServiceManager (SCMServiceManager.java:register(43)) - Registering service SCMBlockDeletingService.
2021-11-29 23:21:21,344 [Time-limited test] INFO  ha.SCMServiceManager (SCMServiceManager.java:register(43)) - Registering service ReplicationManager.
2021-11-29 23:21:21,345 [Time-limited test] INFO  container.ReplicationManager (ReplicationManager.java:start(319)) - Starting Replication Monitor Thread.
2021-11-29 23:21:21,345 [Time-limited test] INFO  safemode.ContainerSafeModeRule (ContainerSafeModeRule.java:<init>(89)) - containers with one replica threshold count 0
2021-11-29 23:21:21,346 [Time-limited test] INFO  safemode.HealthyPipelineSafeModeRule (HealthyPipelineSafeModeRule.java:initializeRule(156)) - Total pipeline count is 0, healthy pipeline threshold count is 1
2021-11-29 23:21:21,346 [Time-limited test] INFO  safemode.OneReplicaPipelineSafeModeRule (OneReplicaPipelineSafeModeRule.java:initializeRule(180)) - Total pipeline count is 0, pipeline's with at least one datanode reported threshold count is 0
2021-11-29 23:21:21,351 [ReplicationMonitor] INFO  container.ReplicationManager (ReplicationManager.java:processAll(371)) - Replication Monitor Thread took 0 milliseconds for processing 0 containers.
2021-11-29 23:21:21,389 [Time-limited test] INFO  ipc.CallQueueManager (CallQueueManager.java:<init>(90)) - Using callQueue: class java.util.concurrent.LinkedBlockingQueue, queueCapacity: 2000, scheduler: class org.apache.hadoop.ipc.DefaultRpcScheduler, ipcBackoff: false.
2021-11-29 23:21:21,405 [Socket Reader #1 for port 0] INFO  ipc.Server (Server.java:run(1265)) - Starting Socket Reader #1 for port 0
2021-11-29 23:21:21,410 [Listener at 0.0.0.0/43677] INFO  ipc.CallQueueManager (CallQueueManager.java:<init>(90)) - Using callQueue: class java.util.concurrent.LinkedBlockingQueue, queueCapacity: 2000, scheduler: class org.apache.hadoop.ipc.DefaultRpcScheduler, ipcBackoff: false.
2021-11-29 23:21:21,433 [Socket Reader #1 for port 0] INFO  ipc.Server (Server.java:run(1265)) - Starting Socket Reader #1 for port 0
2021-11-29 23:21:21,434 [Listener at 0.0.0.0/38869] INFO  ipc.CallQueueManager (CallQueueManager.java:<init>(90)) - Using callQueue: class java.util.concurrent.LinkedBlockingQueue, queueCapacity: 2000, scheduler: class org.apache.hadoop.ipc.DefaultRpcScheduler, ipcBackoff: false.
2021-11-29 23:21:21,436 [Socket Reader #1 for port 0] INFO  ipc.Server (Server.java:run(1265)) - Starting Socket Reader #1 for port 0
2021-11-29 23:21:21,575 [Listener at 0.0.0.0/43625] INFO  algorithms.ContainerPlacementPolicyFactory (ContainerPlacementPolicyFactory.java:getPolicy(60)) - Create container placement policy of type org.apache.hadoop.hdds.scm.container.placement.algorithms.SCMContainerPlacementRandom
2021-11-29 23:21:21,576 [Listener at 0.0.0.0/43625] INFO  server.StorageContainerManager (StorageContainerManager.java:<init>(388)) - 
Container Balancer status:
Key                            Value
Running                        false
Container Balancer Configuration values:
Key                                                Value
Threshold                                          0.1
Max Datanodes to Involve per Iteration(ratio)      0.2
Max Size to Move per Iteration                     30GB
Max Size Entering Target per Iteration             1GB
Max Size Leaving Source per Iteration              1GB

2021-11-29 23:21:21,576 [Listener at 0.0.0.0/43625] WARN  events.EventQueue (EventQueue.java:fireEvent(194)) - No event handler registered for event TypedEvent{payloadType=SafeModeStatus, name='Safe mode status'}
2021-11-29 23:21:21,576 [Listener at 0.0.0.0/43625] INFO  ha.SCMContext (SCMContext.java:updateSafeModeStatus(205)) - Update SafeModeStatus from SafeModeStatus{safeModeStatus=true, preCheckPassed=false} to SafeModeStatus{safeModeStatus=true, preCheckPassed=false}.
2021-11-29 23:21:21,576 [Listener at 0.0.0.0/43625] INFO  server.StorageContainerManager (StorageContainerManager.java:start(1303)) - StorageContainerLocationProtocol RPC server is listening at /0.0.0.0:43625
2021-11-29 23:21:21,582 [Listener at 0.0.0.0/43625] WARN  impl.MetricsConfig (MetricsConfig.java:loadFirst(136)) - Cannot locate configuration: tried hadoop-metrics2-storagecontainermanager.properties,hadoop-metrics2.properties
2021-11-29 23:21:21,589 [Listener at 0.0.0.0/43625] INFO  impl.MetricsSystemImpl (MetricsSystemImpl.java:startTimer(378)) - Scheduled Metric snapshot period at 10 second(s).
2021-11-29 23:21:21,589 [Listener at 0.0.0.0/43625] INFO  impl.MetricsSystemImpl (MetricsSystemImpl.java:start(191)) - StorageContainerManager metrics system started
2021-11-29 23:21:21,724 [Listener at 0.0.0.0/43625] INFO  impl.MetricsSinkAdapter (MetricsSinkAdapter.java:start(204)) - Sink prometheus started
2021-11-29 23:21:21,724 [Listener at 0.0.0.0/43625] INFO  impl.MetricsSystemImpl (MetricsSystemImpl.java:registerSink(305)) - Registered sink prometheus
2021-11-29 23:21:21,833 [Listener at 0.0.0.0/43625] INFO  server.SCMClientProtocolServer (SCMClientProtocolServer.java:start(164)) - RPC server for Client  is listening at /0.0.0.0:43625
2021-11-29 23:21:21,861 [IPC Server Responder] INFO  ipc.Server (Server.java:run(1507)) - IPC Server Responder: starting
2021-11-29 23:21:21,914 [Listener at 0.0.0.0/43625] INFO  server.StorageContainerManager (StorageContainerManager.java:start(1318)) - ScmBlockLocationProtocol RPC server is listening at /0.0.0.0:38869
2021-11-29 23:21:21,950 [Listener at 0.0.0.0/43625] INFO  server.SCMBlockProtocolServer (SCMBlockProtocolServer.java:start(151)) - RPC server for Block Protocol is listening at /0.0.0.0:38869
2021-11-29 23:21:21,889 [IPC Server listener on 0] INFO  ipc.Server (Server.java:run(1344)) - IPC Server listener on 0: starting
2021-11-29 23:21:21,961 [IPC Server Responder] INFO  ipc.Server (Server.java:run(1507)) - IPC Server Responder: starting
2021-11-29 23:21:21,973 [IPC Server listener on 0] INFO  ipc.Server (Server.java:run(1344)) - IPC Server listener on 0: starting
2021-11-29 23:21:21,996 [Listener at 0.0.0.0/43625] INFO  server.StorageContainerManager (StorageContainerManager.java:start(1324)) - ScmDatanodeProtocl RPC server is listening at /0.0.0.0:43677
2021-11-29 23:21:21,996 [Listener at 0.0.0.0/43625] INFO  server.SCMDatanodeProtocolServer (SCMDatanodeProtocolServer.java:start(181)) - RPC server for DataNodes is listening at /0.0.0.0:43677
2021-11-29 23:21:21,997 [IPC Server Responder] INFO  ipc.Server (Server.java:run(1507)) - IPC Server Responder: starting
2021-11-29 23:21:21,997 [IPC Server listener on 0] INFO  ipc.Server (Server.java:run(1344)) - IPC Server listener on 0: starting
2021-11-29 23:21:22,043 [Listener at 0.0.0.0/43625] INFO  http.BaseHttpServer (BaseHttpServer.java:newHttpServer2BuilderForOzone(209)) - Starting Web-server for scm at: http://0.0.0.0:0
2021-11-29 23:21:22,043 [Listener at 0.0.0.0/43625] INFO  http.BaseHttpServer (BaseHttpServer.java:<init>(107)) - Hadoop Security Enabled: false Ozone Security Enabled: false Ozone HTTP Security Enabled: false 
2021-11-29 23:21:22,044 [Listener at 0.0.0.0/43625] INFO  server.AuthenticationFilter (AuthenticationFilter.java:constructSecretProvider(240)) - Unable to initialize FileSignerSecretProvider, falling back to use random secrets.
2021-11-29 23:21:22,049 [org.apache.hadoop.util.JvmPauseMonitor$Monitor@215a1a9b] INFO  util.JvmPauseMonitor (JvmPauseMonitor.java:run(188)) - Starting JVM pause monitor
2021-11-29 23:21:22,061 [Listener at 0.0.0.0/43625] WARN  http.HttpRequestLog (HttpRequestLog.java:getRequestLog(103)) - Jetty request log can only be enabled using Log4j
2021-11-29 23:21:22,062 [Listener at 0.0.0.0/43625] INFO  http.HttpServer2 (HttpServer2.java:addGlobalFilter(1030)) - Added global filter 'safety' (class=org.apache.hadoop.hdds.server.http.HttpServer2$QuotingInputFilter)
2021-11-29 23:21:22,063 [Listener at 0.0.0.0/43625] INFO  http.HttpServer2 (HttpServer2.java:addFilter(1006)) - Added filter static_user_filter (class=org.apache.hadoop.http.lib.StaticUserWebFilter$StaticUserFilter) to context scm
2021-11-29 23:21:22,063 [Listener at 0.0.0.0/43625] INFO  http.HttpServer2 (HttpServer2.java:addFilter(1014)) - Added filter static_user_filter (class=org.apache.hadoop.http.lib.StaticUserWebFilter$StaticUserFilter) to context logs
2021-11-29 23:21:22,063 [Listener at 0.0.0.0/43625] INFO  http.HttpServer2 (HttpServer2.java:addFilter(1014)) - Added filter static_user_filter (class=org.apache.hadoop.http.lib.StaticUserWebFilter$StaticUserFilter) to context static
2021-11-29 23:21:22,063 [Listener at 0.0.0.0/43625] INFO  http.HttpServer2 (HttpServer2.java:bindListener(1249)) - Jetty bound to port 38615
2021-11-29 23:21:22,063 [Listener at 0.0.0.0/43625] INFO  server.Server (Server.java:doStart(375)) - jetty-9.4.43.v20210629; built: 2021-06-30T11:07:22.254Z; git: 526006ecfa3af7f1a27ef3a288e2bef7ea9dd7e8; jvm 1.8.0_292-b10
2021-11-29 23:21:22,083 [Listener at 0.0.0.0/43625] INFO  server.session (DefaultSessionIdManager.java:doStart(334)) - DefaultSessionIdManager workerName=node0
2021-11-29 23:21:22,083 [Listener at 0.0.0.0/43625] INFO  server.session (DefaultSessionIdManager.java:doStart(339)) - No SessionScavenger set, using defaults
2021-11-29 23:21:22,083 [Listener at 0.0.0.0/43625] INFO  server.session (HouseKeeper.java:startScavenging(132)) - node0 Scavenging every 600000ms
2021-11-29 23:21:22,083 [Listener at 0.0.0.0/43625] INFO  handler.ContextHandler (ContextHandler.java:doStart(915)) - Started o.e.j.s.ServletContextHandler@62646101{logs,/logs,file:///home/runner/work/ozone/ozone/hadoop-ozone/integration-test/target/log,AVAILABLE}
2021-11-29 23:21:22,084 [Listener at 0.0.0.0/43625] INFO  handler.ContextHandler (ContextHandler.java:doStart(915)) - Started o.e.j.s.ServletContextHandler@7a90935b{static,/static,file:///home/runner/work/ozone/ozone/hadoop-ozone/integration-test/target/test-classes/webapps/static,AVAILABLE}
2021-11-29 23:21:22,086 [Listener at 0.0.0.0/43625] INFO  handler.ContextHandler (ContextHandler.java:doStart(915)) - Started o.e.j.w.WebAppContext@7a4d563f{scm,/,file:///home/runner/work/ozone/ozone/hadoop-ozone/integration-test/target/test-classes/webapps/scm/,AVAILABLE}{file:/home/runner/work/ozone/ozone/hadoop-ozone/integration-test/target/test-classes/webapps/scm}
2021-11-29 23:21:22,157 [Listener at 0.0.0.0/43625] INFO  server.AbstractConnector (AbstractConnector.java:doStart(331)) - Started ServerConnector@3a486b22{HTTP/1.1, (http/1.1)}{0.0.0.0:38615}
2021-11-29 23:21:22,157 [Listener at 0.0.0.0/43625] INFO  server.Server (Server.java:doStart(415)) - Started @383595ms
2021-11-29 23:21:22,157 [Listener at 0.0.0.0/43625] WARN  impl.MetricsSystemImpl (MetricsSystemImpl.java:register(279)) - Sink prometheus already exists!
2021-11-29 23:21:22,160 [Listener at 0.0.0.0/43625] INFO  http.BaseHttpServer (BaseHttpServer.java:updateConnectorAddress(329)) - HTTP server of scm listening at http://0.0.0.0:38615
2021-11-29 23:21:22,160 [Listener at 0.0.0.0/43625] WARN  server.ServerUtils (ServerUtils.java:getDBPath(225)) - ozone.om.db.dirs is not configured. We recommend adding this setting. Falling back to ozone.metadata.dirs instead.
2021-11-29 23:21:22,162 [Listener at 0.0.0.0/43625] INFO  ha.OMHANodeDetails (OMHANodeDetails.java:loadOMHAConfig(112)) - ozone.om.internal.service.id is not defined, falling back to ozone.om.service.ids to find serviceID for OzoneManager if it is HA enabled cluster
2021-11-29 23:21:22,162 [Listener at 0.0.0.0/43625] INFO  ha.OMHANodeDetails (OMHANodeDetails.java:loadOMHAConfig(217)) - Configuration does not have ozone.om.address set. Falling back to the default OM address /127.0.0.1:0
2021-11-29 23:21:22,162 [Listener at 0.0.0.0/43625] INFO  ha.OMHANodeDetails (OMHANodeDetails.java:getOMNodeDetailsForNonHA(245)) - OM Service ID is not set. Setting it to the default ID: omServiceIdDefault
2021-11-29 23:21:22,162 [Listener at 0.0.0.0/43625] INFO  ha.OMHANodeDetails (OMHANodeDetails.java:getOMNodeDetailsForNonHA(252)) - OM Node ID is not set. Setting it to the default ID: om1
2021-11-29 23:21:22,163 [Listener at 0.0.0.0/43625] WARN  server.ServerUtils (ServerUtils.java:getDBPath(225)) - ozone.om.db.dirs is not configured. We recommend adding this setting. Falling back to ozone.metadata.dirs instead.
2021-11-29 23:21:22,163 [Listener at 0.0.0.0/43625] INFO  upgrade.AbstractLayoutVersionManager (AbstractLayoutVersionManager.java:init(79)) - Initializing Layout version manager with metadata layout = INITIAL_VERSION (version = 0), software layout = INITIAL_VERSION (version = 0)
2021-11-29 23:21:22,321 [Listener at 0.0.0.0/43625] INFO  reflections.Reflections (Reflections.java:scan(232)) - Reflections took 157 ms to scan 2 urls, producing 132 keys and 344 values [using 2 cores]
2021-11-29 23:21:22,321 [Listener at 0.0.0.0/43625] INFO  upgrade.OMLayoutVersionManager (OMLayoutVersionManager.java:lambda$0(115)) - Skipping Upgrade Action MockOmUpgradeAction since it has been finalized.
2021-11-29 23:21:22,321 [Listener at 0.0.0.0/43625] WARN  server.ServerUtils (ServerUtils.java:getDBPath(225)) - ozone.om.db.dirs is not configured. We recommend adding this setting. Falling back to ozone.metadata.dirs instead.
2021-11-29 23:21:22,365 [ReplicationMonitor] INFO  container.ReplicationManager (ReplicationManager.java:processAll(371)) - Replication Monitor Thread took 0 milliseconds for processing 0 containers.
2021-11-29 23:21:22,371 [Listener at 0.0.0.0/43625] WARN  server.ServerUtils (ServerUtils.java:getDBPath(225)) - ozone.om.db.dirs is not configured. We recommend adding this setting. Falling back to ozone.metadata.dirs instead.
2021-11-29 23:21:22,413 [Listener at 0.0.0.0/43625] INFO  codec.OmKeyInfoCodec (OmKeyInfoCodec.java:<init>(50)) - OmKeyInfoCodec ignorePipeline = true
2021-11-29 23:21:22,425 [Listener at 0.0.0.0/43625] INFO  codec.RepeatedOmKeyInfoCodec (RepeatedOmKeyInfoCodec.java:<init>(42)) - RepeatedOmKeyInfoCodec ignorePipeline = true
2021-11-29 23:21:22,927 [Listener at 0.0.0.0/43625] INFO  om.OzoneManager (OzoneManager.java:addS3GVolumeToDB(3609)) - Created Volume s3v With Owner runner required for S3Gateway operations.
2021-11-29 23:21:22,957 [Listener at 0.0.0.0/43625] WARN  server.ServerUtils (ServerUtils.java:getDefaultRatisDirectory(237)) - Storage directory for Ratis is not configured. It is a good idea to map this to an SSD disk. Falling back to ozone.metadata.dirs
2021-11-29 23:21:22,957 [Listener at 0.0.0.0/43625] WARN  utils.OzoneManagerRatisUtils (OzoneManagerRatisUtils.java:getOMRatisSnapshotDirectory(431)) - ozone.om.ratis.snapshot.dir is not configured. Falling back to ozone.metadata.dirs config
2021-11-29 23:21:22,973 [Listener at 0.0.0.0/43625] WARN  impl.MetricRegistriesImpl (MetricRegistriesImpl.java:addReporterRegistration(111)) - New reporters are added after registries were created. Some metrics will be missing from the reporter. Please add reporter before adding any new registry.
2021-11-29 23:21:22,974 [Listener at 0.0.0.0/43625] WARN  impl.MetricRegistriesImpl (MetricRegistriesImpl.java:addReporterRegistration(111)) - New reporters are added after registries were created. Some metrics will be missing from the reporter. Please add reporter before adding any new registry.
2021-11-29 23:21:22,974 [Listener at 0.0.0.0/43625] WARN  server.ServerUtils (ServerUtils.java:getDefaultRatisDirectory(237)) - Storage directory for Ratis is not configured. It is a good idea to map this to an SSD disk. Falling back to ozone.metadata.dirs
2021-11-29 23:21:23,002 [Listener at 0.0.0.0/43625] INFO  ratis.OzoneManagerRatisServer (OzoneManagerRatisServer.java:<init>(159)) - Instantiating OM Ratis server with groupID: omServiceIdDefault and peers: localhost:9872
2021-11-29 23:21:23,002 [Listener at 0.0.0.0/43625] INFO  ratis.OzoneManagerStateMachine (OzoneManagerStateMachine.java:loadSnapshotInfoFromDB(605)) - LastAppliedIndex is set from TransactionInfo from OM DB as (t:0, i:~)
2021-11-29 23:21:23,008 [Listener at 0.0.0.0/43625] INFO  server.RaftServer (ConfUtils.java:logGet(44)) - raft.rpc.type = GRPC (default)
2021-11-29 23:21:23,008 [Listener at 0.0.0.0/43625] INFO  grpc.GrpcFactory (GrpcFactory.java:checkPooledByteBufAllocatorUseCacheForAllThreads(48)) - PERFORMANCE WARNING: useCacheForAllThreads is true that may cause Netty to create a lot garbage objects and, as a result, trigger GC.
	It is recommended to disable useCacheForAllThreads by setting -Dorg.apache.ratis.thirdparty.io.netty.allocator.useCacheForAllThreads=false in command line.
2021-11-29 23:21:23,008 [Listener at 0.0.0.0/43625] INFO  grpc.GrpcConfigKeys (ConfUtils.java:logGet(44)) - raft.grpc.admin.port = -1 (default)
2021-11-29 23:21:23,009 [Listener at 0.0.0.0/43625] INFO  grpc.GrpcConfigKeys (ConfUtils.java:logGet(44)) - raft.grpc.server.port = 9872 (custom)
2021-11-29 23:21:23,009 [Listener at 0.0.0.0/43625] INFO  grpc.GrpcConfigKeys (ConfUtils.java:logGet(44)) - raft.grpc.client.port = -1 (default)
2021-11-29 23:21:23,009 [Listener at 0.0.0.0/43625] INFO  grpc.GrpcConfigKeys (ConfUtils.java:logGet(44)) - raft.grpc.server.port = 9872 (custom)
2021-11-29 23:21:23,009 [Listener at 0.0.0.0/43625] INFO  grpc.GrpcConfigKeys (ConfUtils.java:logGet(44)) - raft.grpc.server.port = 9872 (custom)
2021-11-29 23:21:23,009 [Listener at 0.0.0.0/43625] INFO  server.GrpcService (ConfUtils.java:logGet(44)) - raft.grpc.message.size.max = 33554432 (custom)
2021-11-29 23:21:23,009 [Listener at 0.0.0.0/43625] INFO  server.RaftServerConfigKeys (ConfUtils.java:logGet(44)) - raft.server.log.appender.buffer.byte-limit = 33554432 (custom)
2021-11-29 23:21:23,009 [Listener at 0.0.0.0/43625] INFO  server.GrpcService (ConfUtils.java:logGet(44)) - raft.grpc.flow.control.window = 1MB (=1048576) (default)
2021-11-29 23:21:23,009 [Listener at 0.0.0.0/43625] INFO  server.RaftServerConfigKeys (ConfUtils.java:logGet(44)) - raft.server.rpc.request.timeout = 3000ms (default)
2021-11-29 23:21:23,011 [Listener at 0.0.0.0/43625] INFO  impl.DataStreamServerImpl (ConfUtils.java:logGet(44)) - raft.datastream.type = DISABLED (default)
2021-11-29 23:21:23,013 [Listener at 0.0.0.0/43625] INFO  server.RaftServerConfigKeys (ConfUtils.java:logGet(44)) - raft.server.rpc.slowness.timeout = 120s (custom)
2021-11-29 23:21:23,013 [Listener at 0.0.0.0/43625] INFO  server.RaftServerConfigKeys (ConfUtils.java:logGet(44)) - raft.server.leaderelection.leader.step-down.wait-time = 10s (default)
2021-11-29 23:21:23,013 [Listener at 0.0.0.0/43625] INFO  server.RaftServerConfigKeys (ConfUtils.java:logGet(44)) - raft.server.storage.dir = [/home/runner/work/ozone/ozone/hadoop-ozone/integration-test/target/test-dir/MiniOzoneClusterImpl-94814d1b-625b-4fc6-932d-e037948e86e0/ozone-meta/ratis] (custom)
2021-11-29 23:21:23,014 [Listener at 0.0.0.0/43625] INFO  server.RaftServer (RaftServerProxy.java:addNew(95)) - om1: addNew group-C5BA1605619E:[om1|rpc:localhost:9872|priority:0] returns group-C5BA1605619E:java.util.concurrent.CompletableFuture@7835e2a9[Not completed]
2021-11-29 23:21:23,014 [Listener at 0.0.0.0/43625] INFO  om.OzoneManager (OzoneManager.java:initializeRatisServer(1771)) - OzoneManager Ratis server initialized at port 9872
2021-11-29 23:21:23,016 [Listener at 0.0.0.0/43625] INFO  ipc.CallQueueManager (CallQueueManager.java:<init>(90)) - Using callQueue: class java.util.concurrent.LinkedBlockingQueue, queueCapacity: 2000, scheduler: class org.apache.hadoop.ipc.DefaultRpcScheduler, ipcBackoff: false.
2021-11-29 23:21:23,019 [pool-665-thread-1] INFO  server.RaftServer$Division (RaftServerImpl.java:<init>(184)) - om1: new RaftServerImpl for group-C5BA1605619E:[om1|rpc:localhost:9872|priority:0] with OzoneManagerStateMachine:uninitialized
2021-11-29 23:21:23,020 [Socket Reader #1 for port 0] INFO  ipc.Server (Server.java:run(1265)) - Starting Socket Reader #1 for port 0
2021-11-29 23:21:23,029 [pool-665-thread-1] INFO  server.RaftServerConfigKeys (ConfUtils.java:logGet(44)) - raft.server.rpc.timeout.min = 1s (custom)
2021-11-29 23:21:23,029 [pool-665-thread-1] INFO  server.RaftServerConfigKeys (ConfUtils.java:logGet(44)) - raft.server.rpc.timeout.max = 1200ms (custom)
2021-11-29 23:21:23,029 [pool-665-thread-1] INFO  server.RaftServerConfigKeys (ConfUtils.java:logGet(44)) - raft.server.rpc.sleep.time = 25ms (default)
2021-11-29 23:21:23,029 [pool-665-thread-1] INFO  server.RaftServerConfigKeys (ConfUtils.java:logGet(44)) - raft.server.rpc.slowness.timeout = 120s (custom)
2021-11-29 23:21:23,029 [pool-665-thread-1] INFO  server.RaftServerConfigKeys (ConfUtils.java:logGet(44)) - raft.server.leaderelection.leader.step-down.wait-time = 10s (default)
2021-11-29 23:21:23,030 [pool-665-thread-1] INFO  server.RaftServerConfigKeys (ConfUtils.java:logGet(44)) - raft.server.sleep.deviation.threshold = 300ms (default)
2021-11-29 23:21:23,030 [pool-665-thread-1] INFO  server.RaftServerConfigKeys (ConfUtils.java:logGet(44)) - raft.server.log.appender.install.snapshot.enabled = false (custom)
2021-11-29 23:21:23,030 [pool-665-thread-1] INFO  server.RaftServer$Division (ServerState.java:<init>(105)) - om1@group-C5BA1605619E: ConfigurationManager, init=-1: [om1|rpc:localhost:9872|priority:0], old=null, confs=<EMPTY_MAP>
2021-11-29 23:21:23,030 [pool-665-thread-1] INFO  server.RaftServerConfigKeys (ConfUtils.java:logGet(44)) - raft.server.storage.dir = [/home/runner/work/ozone/ozone/hadoop-ozone/integration-test/target/test-dir/MiniOzoneClusterImpl-94814d1b-625b-4fc6-932d-e037948e86e0/ozone-meta/ratis] (custom)
2021-11-29 23:21:23,030 [pool-665-thread-1] INFO  server.RaftServerConfigKeys (ConfUtils.java:logGet(44)) - raft.server.log.corruption.policy = EXCEPTION (default)
2021-11-29 23:21:23,030 [pool-665-thread-1] INFO  server.RaftServerConfigKeys (ConfUtils.java:logGet(44)) - raft.server.storage.free-space.min = 0MB (=0) (default)
2021-11-29 23:21:23,030 [pool-665-thread-1] INFO  storage.RaftStorageDirectory (RaftStorageDirectoryImpl.java:analyzeStorage(135)) - The storage directory /home/runner/work/ozone/ozone/hadoop-ozone/integration-test/target/test-dir/MiniOzoneClusterImpl-94814d1b-625b-4fc6-932d-e037948e86e0/ozone-meta/ratis/bf265839-605b-3f16-9796-c5ba1605619e does not exist. Creating ...
2021-11-29 23:21:23,037 [pool-665-thread-1] INFO  storage.RaftStorageDirectory (RaftStorageDirectoryImpl.java:tryLock(230)) - Lock on /home/runner/work/ozone/ozone/hadoop-ozone/integration-test/target/test-dir/MiniOzoneClusterImpl-94814d1b-625b-4fc6-932d-e037948e86e0/ozone-meta/ratis/bf265839-605b-3f16-9796-c5ba1605619e/in_use.lock acquired by nodename 20448@fv-az148-447
2021-11-29 23:21:23,045 [pool-665-thread-1] INFO  storage.RaftStorage (RaftStorageImpl.java:format(89)) - Storage directory /home/runner/work/ozone/ozone/hadoop-ozone/integration-test/target/test-dir/MiniOzoneClusterImpl-94814d1b-625b-4fc6-932d-e037948e86e0/ozone-meta/ratis/bf265839-605b-3f16-9796-c5ba1605619e has been successfully formatted.
2021-11-29 23:21:23,045 [pool-665-thread-1] INFO  server.RaftServerConfigKeys (ConfUtils.java:logGet(44)) - raft.server.notification.no-leader.timeout = 120s (custom)
2021-11-29 23:21:23,051 [pool-665-thread-1] INFO  server.RaftServerConfigKeys (ConfUtils.java:logGet(44)) - raft.server.log.use.memory = false (default)
2021-11-29 23:21:23,051 [pool-665-thread-1] INFO  server.RaftServerConfigKeys (ConfUtils.java:logGet(44)) - raft.server.log.purge.gap = 1000000 (custom)
2021-11-29 23:21:23,051 [pool-665-thread-1] INFO  server.RaftServerConfigKeys (ConfUtils.java:logGet(44)) - raft.server.log.appender.buffer.byte-limit = 33554432 (custom)
2021-11-29 23:21:23,051 [pool-665-thread-1] INFO  server.RaftServerConfigKeys (ConfUtils.java:logGet(44)) - raft.server.log.segment.size.max = 4194304 (custom)
2021-11-29 23:21:23,052 [pool-665-thread-1] INFO  server.RaftServerConfigKeys (ConfUtils.java:logGet(44)) - raft.server.log.segment.cache.num.max = 2 (custom)
2021-11-29 23:21:23,052 [pool-665-thread-1] INFO  server.RaftServerConfigKeys (ConfUtils.java:logGet(44)) - raft.server.log.segment.cache.size.max = 200MB (=209715200) (default)
2021-11-29 23:21:23,052 [pool-665-thread-1] INFO  segmented.SegmentedRaftLogWorker (SegmentedRaftLogWorker.java:<init>(182)) - new om1@group-C5BA1605619E-SegmentedRaftLogWorker for RaftStorageImpl:Storage Directory /home/runner/work/ozone/ozone/hadoop-ozone/integration-test/target/test-dir/MiniOzoneClusterImpl-94814d1b-625b-4fc6-932d-e037948e86e0/ozone-meta/ratis/bf265839-605b-3f16-9796-c5ba1605619e
2021-11-29 23:21:23,052 [pool-665-thread-1] INFO  server.RaftServerConfigKeys (ConfUtils.java:logGet(44)) - raft.server.log.queue.byte-limit = 64MB (=67108864) (default)
2021-11-29 23:21:23,052 [pool-665-thread-1] INFO  server.RaftServerConfigKeys (ConfUtils.java:logGet(44)) - raft.server.log.queue.element-limit = 4096 (default)
2021-11-29 23:21:23,052 [pool-665-thread-1] INFO  server.RaftServerConfigKeys (ConfUtils.java:logGet(44)) - raft.server.log.segment.size.max = 4194304 (custom)
2021-11-29 23:21:23,052 [pool-665-thread-1] INFO  server.RaftServerConfigKeys (ConfUtils.java:logGet(44)) - raft.server.log.preallocated.size = 4194304 (custom)
2021-11-29 23:21:23,052 [pool-665-thread-1] INFO  server.RaftServerConfigKeys (ConfUtils.java:logGet(44)) - raft.server.log.force.sync.num = 128 (default)
2021-11-29 23:21:23,052 [pool-665-thread-1] INFO  server.RaftServerConfigKeys (ConfUtils.java:logGet(44)) - raft.server.log.statemachine.data.sync = true (default)
2021-11-29 23:21:23,052 [pool-665-thread-1] INFO  server.RaftServerConfigKeys (ConfUtils.java:logGet(44)) - raft.server.log.statemachine.data.sync.timeout = 10s (default)
2021-11-29 23:21:23,052 [pool-665-thread-1] INFO  server.RaftServerConfigKeys (ConfUtils.java:logGet(44)) - raft.server.log.statemachine.data.sync.timeout.retry = -1 (default)
2021-11-29 23:21:23,053 [pool-665-thread-1] INFO  server.RaftServerConfigKeys (ConfUtils.java:logGet(44)) - raft.server.log.write.buffer.size = 64KB (=65536) (default)
2021-11-29 23:21:23,063 [pool-665-thread-1] INFO  server.RaftServerConfigKeys (ConfUtils.java:logGet(44)) - raft.server.log.statemachine.data.caching.enabled = false (default)
2021-11-29 23:21:23,063 [pool-665-thread-1] INFO  segmented.SegmentedRaftLogWorker (SegmentedRaftLogWorker.java:lambda$new$0(133)) - om1@group-C5BA1605619E-SegmentedRaftLogWorker: flushIndex: setUnconditionally 0 -> -1
2021-11-29 23:21:23,063 [pool-665-thread-1] INFO  segmented.SegmentedRaftLogWorker (SegmentedRaftLogWorker.java:lambda$new$0(133)) - om1@group-C5BA1605619E-SegmentedRaftLogWorker: safeCacheEvictIndex: setUnconditionally 0 -> -1
2021-11-29 23:21:23,101 [pool-665-thread-1] INFO  server.RaftServerConfigKeys (ConfUtils.java:logGet(44)) - raft.server.snapshot.auto.trigger.enabled = true (custom)
2021-11-29 23:21:23,101 [pool-665-thread-1] INFO  server.RaftServerConfigKeys (ConfUtils.java:logGet(44)) - raft.server.snapshot.auto.trigger.threshold = 400000 (default)
2021-11-29 23:21:23,101 [pool-665-thread-1] INFO  server.RaftServerConfigKeys (ConfUtils.java:logGet(44)) - raft.server.snapshot.retention.file.num = -1 (default)
2021-11-29 23:21:23,101 [pool-665-thread-1] INFO  server.RaftServerConfigKeys (ConfUtils.java:logGet(44)) - raft.server.log.purge.upto.snapshot.index = true (custom)
2021-11-29 23:21:23,101 [pool-665-thread-1] INFO  server.RaftServerConfigKeys (ConfUtils.java:logGet(44)) - raft.server.retrycache.expirytime = 300s (custom)
2021-11-29 23:21:23,101 [pool-665-thread-1] INFO  server.RaftServerConfigKeys (ConfUtils.java:logGet(44)) - raft.server.retrycache.statistics.expirytime = 100μs (default)
2021-11-29 23:21:23,153 [Listener at 127.0.0.1/46101] INFO  om.OzoneManager (OzoneManager.java:initFSOLayout(3786)) - Configured ozone.om.metadata.layout=SIMPLE and disabled optimized OM FS operations
2021-11-29 23:21:23,154 [Listener at 127.0.0.1/46101] INFO  impl.MetricsSystemImpl (MetricsSystemImpl.java:init(158)) - OzoneManager metrics system started (again)
2021-11-29 23:21:23,212 [Listener at 127.0.0.1/46101] INFO  om.OzoneManager (OzoneManager.java:start(1365)) - OzoneManager RPC server is listening at localhost/127.0.0.1:46101
2021-11-29 23:21:23,212 [Listener at 127.0.0.1/46101] INFO  ratis.OzoneManagerRatisServer (OzoneManagerRatisServer.java:start(516)) - Starting OzoneManagerRatisServer om1 at port 9872
2021-11-29 23:21:23,212 [Listener at 127.0.0.1/46101] INFO  server.RaftServer$Division (RaftServerImpl.java:start(301)) - om1@group-C5BA1605619E: start as a follower, conf=-1: [om1|rpc:localhost:9872|priority:0], old=null
2021-11-29 23:21:23,219 [Listener at 127.0.0.1/46101] INFO  server.RaftServer$Division (RaftServerImpl.java:setRole(290)) - om1@group-C5BA1605619E: changes role from      null to FOLLOWER at term 0 for startAsFollower
2021-11-29 23:21:23,219 [Listener at 127.0.0.1/46101] INFO  impl.RoleInfo (RoleInfo.java:updateAndGet(130)) - om1: start om1@group-C5BA1605619E-FollowerState
2021-11-29 23:21:23,219 [Listener at 127.0.0.1/46101] INFO  util.JmxRegister (JmxRegister.java:tryRegister(44)) - Successfully registered JMX Bean with object name Ratis:service=RaftServer,group=group-C5BA1605619E,id=om1
2021-11-29 23:21:23,253 [Listener at 127.0.0.1/46101] INFO  server.RaftServer (RaftServerProxy.java:lambda$start$5(374)) - om1: start RPC server
2021-11-29 23:21:23,276 [Listener at 127.0.0.1/46101] INFO  server.GrpcService (GrpcService.java:startImpl(253)) - om1: GrpcService started, listening on 9872
2021-11-29 23:21:23,288 [Listener at 127.0.0.1/46101] INFO  om.OzoneManager (OzoneManager.java:start(1381)) - Version File has different layout version (0) than OM DB (null). That is expected if this OM has never been finalized to a newer layout version.
2021-11-29 23:21:23,288 [org.apache.ratis.util.JvmPauseMonitor$$Lambda$535/1672973847@3703d946] INFO  util.JvmPauseMonitor (JvmPauseMonitor.java:run(103)) - JvmPauseMonitor-om1: Started
2021-11-29 23:21:23,306 [Listener at 127.0.0.1/46101] INFO  http.BaseHttpServer (BaseHttpServer.java:newHttpServer2BuilderForOzone(209)) - Starting Web-server for ozoneManager at: http://0.0.0.0:0
2021-11-29 23:21:23,306 [Listener at 127.0.0.1/46101] INFO  http.BaseHttpServer (BaseHttpServer.java:<init>(107)) - Hadoop Security Enabled: false Ozone Security Enabled: false Ozone HTTP Security Enabled: false 
2021-11-29 23:21:23,307 [Listener at 127.0.0.1/46101] INFO  server.AuthenticationFilter (AuthenticationFilter.java:constructSecretProvider(240)) - Unable to initialize FileSignerSecretProvider, falling back to use random secrets.
2021-11-29 23:21:23,307 [Listener at 127.0.0.1/46101] WARN  http.HttpRequestLog (HttpRequestLog.java:getRequestLog(103)) - Jetty request log can only be enabled using Log4j
2021-11-29 23:21:23,308 [Listener at 127.0.0.1/46101] INFO  http.HttpServer2 (HttpServer2.java:addGlobalFilter(1030)) - Added global filter 'safety' (class=org.apache.hadoop.hdds.server.http.HttpServer2$QuotingInputFilter)
2021-11-29 23:21:23,308 [Listener at 127.0.0.1/46101] INFO  http.HttpServer2 (HttpServer2.java:addFilter(1006)) - Added filter static_user_filter (class=org.apache.hadoop.http.lib.StaticUserWebFilter$StaticUserFilter) to context ozoneManager
2021-11-29 23:21:23,308 [Listener at 127.0.0.1/46101] INFO  http.HttpServer2 (HttpServer2.java:addFilter(1014)) - Added filter static_user_filter (class=org.apache.hadoop.http.lib.StaticUserWebFilter$StaticUserFilter) to context logs
2021-11-29 23:21:23,308 [Listener at 127.0.0.1/46101] INFO  http.HttpServer2 (HttpServer2.java:addFilter(1014)) - Added filter static_user_filter (class=org.apache.hadoop.http.lib.StaticUserWebFilter$StaticUserFilter) to context static
2021-11-29 23:21:23,309 [Listener at 127.0.0.1/46101] INFO  http.HttpServer2 (HttpServer2.java:bindListener(1249)) - Jetty bound to port 44869
2021-11-29 23:21:23,309 [Listener at 127.0.0.1/46101] INFO  server.Server (Server.java:doStart(375)) - jetty-9.4.43.v20210629; built: 2021-06-30T11:07:22.254Z; git: 526006ecfa3af7f1a27ef3a288e2bef7ea9dd7e8; jvm 1.8.0_292-b10
2021-11-29 23:21:23,365 [ReplicationMonitor] INFO  container.ReplicationManager (ReplicationManager.java:processAll(371)) - Replication Monitor Thread took 1 milliseconds for processing 0 containers.
2021-11-29 23:21:23,378 [Listener at 127.0.0.1/46101] INFO  server.session (DefaultSessionIdManager.java:doStart(334)) - DefaultSessionIdManager workerName=node0
2021-11-29 23:21:23,378 [Listener at 127.0.0.1/46101] INFO  server.session (DefaultSessionIdManager.java:doStart(339)) - No SessionScavenger set, using defaults
2021-11-29 23:21:23,378 [Listener at 127.0.0.1/46101] INFO  server.session (HouseKeeper.java:startScavenging(132)) - node0 Scavenging every 660000ms
2021-11-29 23:21:23,379 [Listener at 127.0.0.1/46101] INFO  handler.ContextHandler (ContextHandler.java:doStart(915)) - Started o.e.j.s.ServletContextHandler@3b57e191{logs,/logs,file:///home/runner/work/ozone/ozone/hadoop-ozone/integration-test/target/log,AVAILABLE}
2021-11-29 23:21:23,379 [Listener at 127.0.0.1/46101] INFO  handler.ContextHandler (ContextHandler.java:doStart(915)) - Started o.e.j.s.ServletContextHandler@4060d0e7{static,/static,file:///home/runner/work/ozone/ozone/hadoop-ozone/integration-test/target/test-classes/webapps/static,AVAILABLE}
2021-11-29 23:21:23,419 [Listener at 127.0.0.1/46101] INFO  handler.ContextHandler (ContextHandler.java:doStart(915)) - Started o.e.j.w.WebAppContext@2311dc04{ozoneManager,/,file:///home/runner/work/ozone/ozone/hadoop-ozone/integration-test/target/test-classes/webapps/ozoneManager/,AVAILABLE}{file:/home/runner/work/ozone/ozone/hadoop-ozone/integration-test/target/test-classes/webapps/ozoneManager}
2021-11-29 23:21:23,426 [Listener at 127.0.0.1/46101] INFO  server.AbstractConnector (AbstractConnector.java:doStart(331)) - Started ServerConnector@3c0e0a1{HTTP/1.1, (http/1.1)}{0.0.0.0:44869}
2021-11-29 23:21:23,426 [Listener at 127.0.0.1/46101] INFO  server.Server (Server.java:doStart(415)) - Started @384864ms
2021-11-29 23:21:23,426 [Listener at 127.0.0.1/46101] WARN  impl.MetricsSystemImpl (MetricsSystemImpl.java:register(279)) - Sink prometheus already exists!
2021-11-29 23:21:23,427 [Listener at 127.0.0.1/46101] INFO  http.BaseHttpServer (BaseHttpServer.java:updateConnectorAddress(329)) - HTTP server of ozoneManager listening at http://0.0.0.0:44869
2021-11-29 23:21:23,433 [IPC Server Responder] INFO  ipc.Server (Server.java:run(1507)) - IPC Server Responder: starting
2021-11-29 23:21:23,437 [IPC Server listener on 0] INFO  ipc.Server (Server.java:run(1344)) - IPC Server listener on 0: starting
2021-11-29 23:21:23,505 [Listener at 127.0.0.1/46101] INFO  om.OzoneManager (OzoneManager.java:startTrashEmptier(1729)) - Trash Interval set to 0. Files deleted will not move to trash
2021-11-29 23:21:23,509 [org.apache.hadoop.util.JvmPauseMonitor$Monitor@3e9a0361] INFO  util.JvmPauseMonitor (JvmPauseMonitor.java:run(188)) - Starting JVM pause monitor
2021-11-29 23:21:23,607 [Listener at 127.0.0.1/46101] WARN  impl.MetricRegistriesImpl (MetricRegistriesImpl.java:addReporterRegistration(111)) - New reporters are added after registries were created. Some metrics will be missing from the reporter. Please add reporter before adding any new registry.
2021-11-29 23:21:23,607 [Listener at 127.0.0.1/46101] WARN  impl.MetricRegistriesImpl (MetricRegistriesImpl.java:addReporterRegistration(111)) - New reporters are added after registries were created. Some metrics will be missing from the reporter. Please add reporter before adding any new registry.
2021-11-29 23:21:23,607 [Listener at 127.0.0.1/46101] INFO  impl.MetricsSystemImpl (MetricsSystemImpl.java:init(158)) - HddsDatanode metrics system started (again)
2021-11-29 23:21:23,680 [Listener at 127.0.0.1/46101] INFO  ozone.HddsDatanodeService (HddsDatanodeService.java:start(234)) - HddsDatanodeService host:fv-az148-447.bm4ck3pvxvsene1rjriu5fhcdb.bx.internal.cloudapp.net ip:10.1.0.37
2021-11-29 23:21:23,769 [Listener at 127.0.0.1/46101] INFO  upgrade.AbstractLayoutVersionManager (AbstractLayoutVersionManager.java:init(79)) - Initializing Layout version manager with metadata layout = SCM_HA (version = 2), software layout = SCM_HA (version = 2)
2021-11-29 23:21:23,931 [Listener at 127.0.0.1/46101] INFO  reflections.Reflections (Reflections.java:scan(232)) - Reflections took 152 ms to scan 7 urls, producing 119 keys and 279 values 
2021-11-29 23:21:23,960 [Listener at 127.0.0.1/46101] INFO  statemachine.DatanodeStateMachine (DatanodeStateMachine.java:getEndPointTaskThreadPoolSize(219)) - Datanode State Machine Task Thread Pool size 2
2021-11-29 23:21:23,975 [Listener at 127.0.0.1/46101] INFO  volume.HddsVolume (HddsVolume.java:<init>(120)) - Creating HddsVolume: /home/runner/work/ozone/ozone/hadoop-ozone/integration-test/target/test-dir/MiniOzoneClusterImpl-94814d1b-625b-4fc6-932d-e037948e86e0/datanode-0/data-0/containers/hdds of storage type : DISK capacity : 9223372036854775807
2021-11-29 23:21:23,976 [Listener at 127.0.0.1/46101] INFO  volume.MutableVolumeSet (MutableVolumeSet.java:initializeVolumeSet(168)) - Added Volume : /home/runner/work/ozone/ozone/hadoop-ozone/integration-test/target/test-dir/MiniOzoneClusterImpl-94814d1b-625b-4fc6-932d-e037948e86e0/datanode-0/data-0/containers/hdds to VolumeSet
2021-11-29 23:21:23,976 [Listener at 127.0.0.1/46101] INFO  volume.ThrottledAsyncChecker (ThrottledAsyncChecker.java:schedule(141)) - Scheduling a check for /home/runner/work/ozone/ozone/hadoop-ozone/integration-test/target/test-dir/MiniOzoneClusterImpl-94814d1b-625b-4fc6-932d-e037948e86e0/datanode-0/data-0/containers/hdds
2021-11-29 23:21:23,976 [Listener at 127.0.0.1/46101] INFO  volume.StorageVolumeChecker (StorageVolumeChecker.java:checkAllVolumes(202)) - Scheduled health check for volume /home/runner/work/ozone/ozone/hadoop-ozone/integration-test/target/test-dir/MiniOzoneClusterImpl-94814d1b-625b-4fc6-932d-e037948e86e0/datanode-0/data-0/containers/hdds
2021-11-29 23:21:24,057 [Listener at 127.0.0.1/46101] INFO  volume.MutableVolumeSet (MutableVolumeSet.java:initializeVolumeSet(168)) - Added Volume : /home/runner/work/ozone/ozone/hadoop-ozone/integration-test/target/test-dir/MiniOzoneClusterImpl-94814d1b-625b-4fc6-932d-e037948e86e0/datanode-0/data/ratis to VolumeSet
2021-11-29 23:21:24,058 [Listener at 127.0.0.1/46101] INFO  volume.ThrottledAsyncChecker (ThrottledAsyncChecker.java:schedule(141)) - Scheduling a check for /home/runner/work/ozone/ozone/hadoop-ozone/integration-test/target/test-dir/MiniOzoneClusterImpl-94814d1b-625b-4fc6-932d-e037948e86e0/datanode-0/data/ratis
2021-11-29 23:21:24,058 [Listener at 127.0.0.1/46101] INFO  volume.StorageVolumeChecker (StorageVolumeChecker.java:checkAllVolumes(202)) - Scheduled health check for volume /home/runner/work/ozone/ozone/hadoop-ozone/integration-test/target/test-dir/MiniOzoneClusterImpl-94814d1b-625b-4fc6-932d-e037948e86e0/datanode-0/data/ratis
2021-11-29 23:21:24,145 [Thread-2778] INFO  ozoneimpl.ContainerReader (ContainerReader.java:readVolume(172)) - Finish verifying containers on volume /home/runner/work/ozone/ozone/hadoop-ozone/integration-test/target/test-dir/MiniOzoneClusterImpl-94814d1b-625b-4fc6-932d-e037948e86e0/datanode-0/data-0/containers/hdds
2021-11-29 23:21:24,156 [Listener at 127.0.0.1/46101] INFO  ozoneimpl.OzoneContainer (OzoneContainer.java:buildContainerSet(236)) - Build ContainerSet costs 0s
2021-11-29 23:21:24,166 [Listener at 127.0.0.1/46101] INFO  server.RaftServer (ConfUtils.java:logGet(44)) - raft.rpc.type = GRPC (default)
2021-11-29 23:21:24,170 [Listener at 127.0.0.1/46101] INFO  grpc.GrpcFactory (GrpcFactory.java:checkPooledByteBufAllocatorUseCacheForAllThreads(48)) - PERFORMANCE WARNING: useCacheForAllThreads is true that may cause Netty to create a lot garbage objects and, as a result, trigger GC.
	It is recommended to disable useCacheForAllThreads by setting -Dorg.apache.ratis.thirdparty.io.netty.allocator.useCacheForAllThreads=false in command line.
2021-11-29 23:21:24,171 [Listener at 127.0.0.1/46101] INFO  grpc.GrpcConfigKeys (ConfUtils.java:logGet(44)) - raft.grpc.admin.port = 0 (custom)
2021-11-29 23:21:24,171 [Listener at 127.0.0.1/46101] INFO  grpc.GrpcConfigKeys (ConfUtils.java:logGet(44)) - raft.grpc.client.port = 0 (custom)
2021-11-29 23:21:24,171 [Listener at 127.0.0.1/46101] INFO  grpc.GrpcConfigKeys (ConfUtils.java:logGet(44)) - raft.grpc.server.port = 0 (default)
2021-11-29 23:21:24,172 [Listener at 127.0.0.1/46101] INFO  server.GrpcService (ConfUtils.java:logGet(44)) - raft.grpc.message.size.max = 32MB (=33554432) (custom)
2021-11-29 23:21:24,172 [Listener at 127.0.0.1/46101] INFO  server.RaftServerConfigKeys (ConfUtils.java:logGet(44)) - raft.server.log.appender.buffer.byte-limit = 33554432 (custom)
2021-11-29 23:21:24,172 [Listener at 127.0.0.1/46101] INFO  server.GrpcService (ConfUtils.java:logGet(44)) - raft.grpc.flow.control.window = 5MB (=5242880) (custom)
2021-11-29 23:21:24,172 [Listener at 127.0.0.1/46101] INFO  server.RaftServerConfigKeys (ConfUtils.java:logGet(44)) - raft.server.rpc.request.timeout = 60s (custom)
2021-11-29 23:21:24,173 [Listener at 127.0.0.1/46101] INFO  impl.DataStreamServerImpl (ConfUtils.java:logGet(44)) - raft.datastream.type = DISABLED (default)
2021-11-29 23:21:24,174 [Listener at 127.0.0.1/46101] INFO  server.RaftServerConfigKeys (ConfUtils.java:logGet(44)) - raft.server.rpc.slowness.timeout = 300s (custom)
2021-11-29 23:21:24,174 [Listener at 127.0.0.1/46101] INFO  server.RaftServerConfigKeys (ConfUtils.java:logGet(44)) - raft.server.leaderelection.leader.step-down.wait-time = 10s (default)
2021-11-29 23:21:24,174 [Listener at 127.0.0.1/46101] INFO  server.RaftServerConfigKeys (ConfUtils.java:logGet(44)) - raft.server.storage.dir = [/home/runner/work/ozone/ozone/hadoop-ozone/integration-test/target/test-dir/MiniOzoneClusterImpl-94814d1b-625b-4fc6-932d-e037948e86e0/datanode-0/data/ratis] (custom)
2021-11-29 23:21:24,214 [Listener at 127.0.0.1/46101] INFO  http.BaseHttpServer (BaseHttpServer.java:newHttpServer2BuilderForOzone(209)) - Starting Web-server for hddsDatanode at: http://0.0.0.0:0
2021-11-29 23:21:24,214 [Listener at 127.0.0.1/46101] INFO  http.BaseHttpServer (BaseHttpServer.java:<init>(107)) - Hadoop Security Enabled: false Ozone Security Enabled: false Ozone HTTP Security Enabled: false 
2021-11-29 23:21:24,215 [Listener at 127.0.0.1/46101] INFO  server.AuthenticationFilter (AuthenticationFilter.java:constructSecretProvider(240)) - Unable to initialize FileSignerSecretProvider, falling back to use random secrets.
2021-11-29 23:21:24,217 [Listener at 127.0.0.1/46101] WARN  http.HttpRequestLog (HttpRequestLog.java:getRequestLog(103)) - Jetty request log can only be enabled using Log4j
2021-11-29 23:21:24,218 [Listener at 127.0.0.1/46101] INFO  http.HttpServer2 (HttpServer2.java:addGlobalFilter(1030)) - Added global filter 'safety' (class=org.apache.hadoop.hdds.server.http.HttpServer2$QuotingInputFilter)
2021-11-29 23:21:24,219 [Listener at 127.0.0.1/46101] INFO  http.HttpServer2 (HttpServer2.java:addFilter(1006)) - Added filter static_user_filter (class=org.apache.hadoop.http.lib.StaticUserWebFilter$StaticUserFilter) to context hddsDatanode
2021-11-29 23:21:24,219 [Listener at 127.0.0.1/46101] INFO  http.HttpServer2 (HttpServer2.java:addFilter(1014)) - Added filter static_user_filter (class=org.apache.hadoop.http.lib.StaticUserWebFilter$StaticUserFilter) to context static
2021-11-29 23:21:24,219 [Listener at 127.0.0.1/46101] INFO  http.HttpServer2 (HttpServer2.java:addFilter(1014)) - Added filter static_user_filter (class=org.apache.hadoop.http.lib.StaticUserWebFilter$StaticUserFilter) to context logs
2021-11-29 23:21:24,219 [Listener at 127.0.0.1/46101] INFO  http.HttpServer2 (HttpServer2.java:bindListener(1249)) - Jetty bound to port 38119
2021-11-29 23:21:24,219 [Listener at 127.0.0.1/46101] INFO  server.Server (Server.java:doStart(375)) - jetty-9.4.43.v20210629; built: 2021-06-30T11:07:22.254Z; git: 526006ecfa3af7f1a27ef3a288e2bef7ea9dd7e8; jvm 1.8.0_292-b10
2021-11-29 23:21:24,232 [Listener at 127.0.0.1/46101] INFO  server.session (DefaultSessionIdManager.java:doStart(334)) - DefaultSessionIdManager workerName=node0
2021-11-29 23:21:24,232 [Listener at 127.0.0.1/46101] INFO  server.session (DefaultSessionIdManager.java:doStart(339)) - No SessionScavenger set, using defaults
2021-11-29 23:21:24,233 [Listener at 127.0.0.1/46101] INFO  server.session (HouseKeeper.java:startScavenging(132)) - node0 Scavenging every 600000ms
2021-11-29 23:21:24,237 [Listener at 127.0.0.1/46101] INFO  handler.ContextHandler (ContextHandler.java:doStart(915)) - Started o.e.j.s.ServletContextHandler@646a01f2{logs,/logs,file:///home/runner/work/ozone/ozone/hadoop-ozone/integration-test/target/log,AVAILABLE}
2021-11-29 23:21:24,238 [Listener at 127.0.0.1/46101] INFO  handler.ContextHandler (ContextHandler.java:doStart(915)) - Started o.e.j.s.ServletContextHandler@5dd0b4c6{static,/static,jar:file:/home/runner/.m2/repository/org/apache/ozone/hdds-container-service/1.3.0-SNAPSHOT/hdds-container-service-1.3.0-SNAPSHOT.jar!/webapps/static,AVAILABLE}
2021-11-29 23:21:24,272 [om1@group-C5BA1605619E-FollowerState] INFO  impl.FollowerState (FollowerState.java:run(134)) - om1@group-C5BA1605619E-FollowerState: change to CANDIDATE, lastRpcElapsedTime:1053310818ns, electionTimeout:1052ms
2021-11-29 23:21:24,272 [om1@group-C5BA1605619E-FollowerState] INFO  impl.RoleInfo (RoleInfo.java:shutdownFollowerState(108)) - om1: shutdown om1@group-C5BA1605619E-FollowerState
2021-11-29 23:21:24,272 [om1@group-C5BA1605619E-FollowerState] INFO  server.RaftServer$Division (RaftServerImpl.java:setRole(290)) - om1@group-C5BA1605619E: changes role from  FOLLOWER to CANDIDATE at term 0 for changeToCandidate
2021-11-29 23:21:24,272 [om1@group-C5BA1605619E-FollowerState] INFO  server.RaftServerConfigKeys (ConfUtils.java:logGet(44)) - raft.server.leaderelection.pre-vote = false (custom)
2021-11-29 23:21:24,273 [om1@group-C5BA1605619E-FollowerState] INFO  impl.RoleInfo (RoleInfo.java:updateAndGet(130)) - om1: start om1@group-C5BA1605619E-LeaderElection49
2021-11-29 23:21:24,313 [om1@group-C5BA1605619E-LeaderElection49] INFO  impl.LeaderElection (LeaderElection.java:askForVotes(306)) - om1@group-C5BA1605619E-LeaderElection49 ELECTION round 0: submit vote requests at term 1 for -1: [om1|rpc:localhost:9872|priority:0], old=null
2021-11-29 23:21:24,313 [om1@group-C5BA1605619E-LeaderElection49] INFO  impl.LeaderElection (LeaderElection.java:askForVotes(308)) - om1@group-C5BA1605619E-LeaderElection49 ELECTION round 0: result PASSED (term=1)
2021-11-29 23:21:24,313 [om1@group-C5BA1605619E-LeaderElection49] INFO  impl.RoleInfo (RoleInfo.java:shutdownLeaderElection(121)) - om1: shutdown om1@group-C5BA1605619E-LeaderElection49
2021-11-29 23:21:24,313 [om1@group-C5BA1605619E-LeaderElection49] INFO  server.RaftServer$Division (RaftServerImpl.java:setRole(290)) - om1@group-C5BA1605619E: changes role from CANDIDATE to LEADER at term 1 for changeToLeader
2021-11-29 23:21:24,313 [om1@group-C5BA1605619E-LeaderElection49] INFO  server.RaftServer$Division (ServerState.java:setLeader(285)) - om1@group-C5BA1605619E: change Leader from null to om1 at term 1 for becomeLeader, leader elected after 1267ms
2021-11-29 23:21:24,313 [om1@group-C5BA1605619E-LeaderElection49] INFO  server.RaftServerConfigKeys (ConfUtils.java:logGet(44)) - raft.server.staging.catchup.gap = 1000 (default)
2021-11-29 23:21:24,313 [om1@group-C5BA1605619E-LeaderElection49] INFO  server.RaftServerConfigKeys (ConfUtils.java:logGet(44)) - raft.server.write.element-limit = 4096 (default)
2021-11-29 23:21:24,314 [om1@group-C5BA1605619E-LeaderElection49] INFO  server.RaftServerConfigKeys (ConfUtils.java:logGet(44)) - raft.server.write.byte-limit = 64MB (=67108864) (default)
2021-11-29 23:21:24,314 [om1@group-C5BA1605619E-LeaderElection49] INFO  server.RaftServerConfigKeys (ConfUtils.java:logGet(44)) - raft.server.watch.timeout = 10s (default)
2021-11-29 23:21:24,314 [om1@group-C5BA1605619E-LeaderElection49] INFO  server.RaftServerConfigKeys (ConfUtils.java:logGet(44)) - raft.server.watch.timeout.denomination = 1s (default)
2021-11-29 23:21:24,314 [om1@group-C5BA1605619E-LeaderElection49] INFO  server.RaftServerConfigKeys (ConfUtils.java:logGet(44)) - raft.server.watch.element-limit = 65536 (default)
2021-11-29 23:21:24,314 [om1@group-C5BA1605619E-LeaderElection49] INFO  server.RaftServerConfigKeys (ConfUtils.java:logGet(44)) - raft.server.write.element-limit = 4096 (default)
2021-11-29 23:21:24,314 [om1@group-C5BA1605619E-LeaderElection49] INFO  server.RaftServerConfigKeys (ConfUtils.java:logGet(44)) - raft.server.write.follower.gap.ratio.max = -1.0 (default)
2021-11-29 23:21:24,314 [om1@group-C5BA1605619E-LeaderElection49] INFO  impl.RoleInfo (RoleInfo.java:updateAndGet(130)) - om1: start om1@group-C5BA1605619E-LeaderStateImpl
2021-11-29 23:21:24,314 [om1@group-C5BA1605619E-LeaderElection49] INFO  segmented.SegmentedRaftLogWorker (SegmentedRaftLogWorker.java:startLogSegment(394)) - om1@group-C5BA1605619E-SegmentedRaftLogWorker: Starting segment from index:0
2021-11-29 23:21:24,333 [om1@group-C5BA1605619E-SegmentedRaftLogWorker] INFO  segmented.SegmentedRaftLogWorker (SegmentedRaftLogWorker.java:execute(601)) - om1@group-C5BA1605619E-SegmentedRaftLogWorker: created new log segment /home/runner/work/ozone/ozone/hadoop-ozone/integration-test/target/test-dir/MiniOzoneClusterImpl-94814d1b-625b-4fc6-932d-e037948e86e0/ozone-meta/ratis/bf265839-605b-3f16-9796-c5ba1605619e/current/log_inprogress_0
2021-11-29 23:21:24,346 [om1@group-C5BA1605619E-LeaderElection49] INFO  server.RaftServer$Division (ServerState.java:setRaftConf(387)) - om1@group-C5BA1605619E: set configuration 0: [om1|rpc:localhost:9872|admin:|client:|dataStream:|priority:0], old=null
2021-11-29 23:21:24,366 [ReplicationMonitor] INFO  container.ReplicationManager (ReplicationManager.java:processAll(371)) - Replication Monitor Thread took 0 milliseconds for processing 0 containers.
2021-11-29 23:21:24,375 [Listener at 127.0.0.1/46101] INFO  handler.ContextHandler (ContextHandler.java:doStart(915)) - Started o.e.j.w.WebAppContext@7c2935e0{hddsDatanode,/,file:///tmp/jetty-0_0_0_0-38119-hdds-container-service-1_3_0-SNAPSHOT_jar-_-any-2373845938553657403/webapp/,AVAILABLE}{jar:file:/home/runner/.m2/repository/org/apache/ozone/hdds-container-service/1.3.0-SNAPSHOT/hdds-container-service-1.3.0-SNAPSHOT.jar!/webapps/hddsDatanode}
2021-11-29 23:21:24,376 [Listener at 127.0.0.1/46101] INFO  server.AbstractConnector (AbstractConnector.java:doStart(331)) - Started ServerConnector@71184fb9{HTTP/1.1, (http/1.1)}{0.0.0.0:38119}
2021-11-29 23:21:24,381 [Listener at 127.0.0.1/46101] INFO  server.Server (Server.java:doStart(415)) - Started @385819ms
2021-11-29 23:21:24,381 [Listener at 127.0.0.1/46101] WARN  impl.MetricsSystemImpl (MetricsSystemImpl.java:register(279)) - Sink prometheus already exists!
2021-11-29 23:21:24,381 [om1@group-C5BA1605619E-StateMachineUpdater] INFO  ratis.OzoneManagerStateMachine (OzoneManagerStateMachine.java:notifyConfigurationChanged(188)) - Received Configuration change notification from Ratis. New Peer list:
[id: "om1"
address: "localhost:9872"
]
2021-11-29 23:21:24,382 [Listener at 127.0.0.1/46101] INFO  http.BaseHttpServer (BaseHttpServer.java:updateConnectorAddress(329)) - HTTP server of hddsDatanode listening at http://0.0.0.0:38119
2021-11-29 23:21:24,382 [Listener at 127.0.0.1/46101] WARN  impl.MetricRegistriesImpl (MetricRegistriesImpl.java:addReporterRegistration(111)) - New reporters are added after registries were created. Some metrics will be missing from the reporter. Please add reporter before adding any new registry.
2021-11-29 23:21:24,382 [Listener at 127.0.0.1/46101] WARN  impl.MetricRegistriesImpl (MetricRegistriesImpl.java:addReporterRegistration(111)) - New reporters are added after registries were created. Some metrics will be missing from the reporter. Please add reporter before adding any new registry.
2021-11-29 23:21:24,383 [Listener at 127.0.0.1/46101] INFO  impl.MetricsSystemImpl (MetricsSystemImpl.java:init(158)) - HddsDatanode metrics system started (again)
2021-11-29 23:21:24,415 [Datanode State Machine Daemon Thread] INFO  statemachine.DatanodeStateMachine (DatanodeStateMachine.java:lambda$startDaemon$0(467)) - Ozone container server started.
2021-11-29 23:21:24,448 [Listener at 127.0.0.1/46101] INFO  ozone.HddsDatanodeService (HddsDatanodeService.java:start(234)) - HddsDatanodeService host:fv-az148-447.bm4ck3pvxvsene1rjriu5fhcdb.bx.internal.cloudapp.net ip:10.1.0.37
2021-11-29 23:21:24,513 [Listener at 127.0.0.1/46101] INFO  upgrade.AbstractLayoutVersionManager (AbstractLayoutVersionManager.java:init(79)) - Initializing Layout version manager with metadata layout = SCM_HA (version = 2), software layout = SCM_HA (version = 2)
2021-11-29 23:21:24,597 [org.apache.hadoop.util.JvmPauseMonitor$Monitor@77e97478] INFO  util.JvmPauseMonitor (JvmPauseMonitor.java:run(188)) - Starting JVM pause monitor
2021-11-29 23:21:24,621 [Datanode State Machine Task Thread - 0] INFO  datanode.InitDatanodeState (InitDatanodeState.java:persistContainerDatanodeDetails(145)) - DatanodeDetails is persisted to /home/runner/work/ozone/ozone/hadoop-ozone/integration-test/target/test-dir/MiniOzoneClusterImpl-94814d1b-625b-4fc6-932d-e037948e86e0/datanode-0/meta/datanode.id
2021-11-29 23:21:24,657 [Listener at 127.0.0.1/46101] INFO  reflections.Reflections (Reflections.java:scan(232)) - Reflections took 138 ms to scan 7 urls, producing 119 keys and 279 values 
2021-11-29 23:21:24,662 [Listener at 127.0.0.1/46101] INFO  statemachine.DatanodeStateMachine (DatanodeStateMachine.java:getEndPointTaskThreadPoolSize(219)) - Datanode State Machine Task Thread Pool size 2
2021-11-29 23:21:24,678 [Listener at 127.0.0.1/46101] INFO  volume.HddsVolume (HddsVolume.java:<init>(120)) - Creating HddsVolume: /home/runner/work/ozone/ozone/hadoop-ozone/integration-test/target/test-dir/MiniOzoneClusterImpl-94814d1b-625b-4fc6-932d-e037948e86e0/datanode-1/data-0/containers/hdds of storage type : DISK capacity : 9223372036854775807
2021-11-29 23:21:24,678 [Listener at 127.0.0.1/46101] INFO  volume.MutableVolumeSet (MutableVolumeSet.java:initializeVolumeSet(168)) - Added Volume : /home/runner/work/ozone/ozone/hadoop-ozone/integration-test/target/test-dir/MiniOzoneClusterImpl-94814d1b-625b-4fc6-932d-e037948e86e0/datanode-1/data-0/containers/hdds to VolumeSet
2021-11-29 23:21:24,678 [Listener at 127.0.0.1/46101] INFO  volume.ThrottledAsyncChecker (ThrottledAsyncChecker.java:schedule(141)) - Scheduling a check for /home/runner/work/ozone/ozone/hadoop-ozone/integration-test/target/test-dir/MiniOzoneClusterImpl-94814d1b-625b-4fc6-932d-e037948e86e0/datanode-1/data-0/containers/hdds
2021-11-29 23:21:24,684 [Listener at 127.0.0.1/46101] INFO  volume.StorageVolumeChecker (StorageVolumeChecker.java:checkAllVolumes(202)) - Scheduled health check for volume /home/runner/work/ozone/ozone/hadoop-ozone/integration-test/target/test-dir/MiniOzoneClusterImpl-94814d1b-625b-4fc6-932d-e037948e86e0/datanode-1/data-0/containers/hdds
2021-11-29 23:21:24,826 [Listener at 127.0.0.1/46101] INFO  volume.MutableVolumeSet (MutableVolumeSet.java:initializeVolumeSet(168)) - Added Volume : /home/runner/work/ozone/ozone/hadoop-ozone/integration-test/target/test-dir/MiniOzoneClusterImpl-94814d1b-625b-4fc6-932d-e037948e86e0/datanode-1/data/ratis to VolumeSet
2021-11-29 23:21:24,827 [Listener at 127.0.0.1/46101] INFO  volume.ThrottledAsyncChecker (ThrottledAsyncChecker.java:schedule(141)) - Scheduling a check for /home/runner/work/ozone/ozone/hadoop-ozone/integration-test/target/test-dir/MiniOzoneClusterImpl-94814d1b-625b-4fc6-932d-e037948e86e0/datanode-1/data/ratis
2021-11-29 23:21:24,827 [Listener at 127.0.0.1/46101] INFO  volume.StorageVolumeChecker (StorageVolumeChecker.java:checkAllVolumes(202)) - Scheduled health check for volume /home/runner/work/ozone/ozone/hadoop-ozone/integration-test/target/test-dir/MiniOzoneClusterImpl-94814d1b-625b-4fc6-932d-e037948e86e0/datanode-1/data/ratis
2021-11-29 23:21:24,865 [Thread-2792] INFO  ozoneimpl.ContainerReader (ContainerReader.java:readVolume(172)) - Finish verifying containers on volume /home/runner/work/ozone/ozone/hadoop-ozone/integration-test/target/test-dir/MiniOzoneClusterImpl-94814d1b-625b-4fc6-932d-e037948e86e0/datanode-1/data-0/containers/hdds
2021-11-29 23:21:24,865 [Listener at 127.0.0.1/46101] INFO  ozoneimpl.OzoneContainer (OzoneContainer.java:buildContainerSet(236)) - Build ContainerSet costs 0s
2021-11-29 23:21:24,866 [Listener at 127.0.0.1/46101] INFO  server.RaftServer (ConfUtils.java:logGet(44)) - raft.rpc.type = GRPC (default)
2021-11-29 23:21:24,867 [Listener at 127.0.0.1/46101] INFO  grpc.GrpcFactory (GrpcFactory.java:checkPooledByteBufAllocatorUseCacheForAllThreads(48)) - PERFORMANCE WARNING: useCacheForAllThreads is true that may cause Netty to create a lot garbage objects and, as a result, trigger GC.
	It is recommended to disable useCacheForAllThreads by setting -Dorg.apache.ratis.thirdparty.io.netty.allocator.useCacheForAllThreads=false in command line.
2021-11-29 23:21:24,867 [Listener at 127.0.0.1/46101] INFO  grpc.GrpcConfigKeys (ConfUtils.java:logGet(44)) - raft.grpc.admin.port = 0 (custom)
2021-11-29 23:21:24,867 [Listener at 127.0.0.1/46101] INFO  grpc.GrpcConfigKeys (ConfUtils.java:logGet(44)) - raft.grpc.client.port = 0 (custom)
2021-11-29 23:21:24,867 [Listener at 127.0.0.1/46101] INFO  grpc.GrpcConfigKeys (ConfUtils.java:logGet(44)) - raft.grpc.server.port = 0 (default)
2021-11-29 23:21:24,867 [Listener at 127.0.0.1/46101] INFO  server.GrpcService (ConfUtils.java:logGet(44)) - raft.grpc.message.size.max = 32MB (=33554432) (custom)
2021-11-29 23:21:24,867 [Listener at 127.0.0.1/46101] INFO  server.RaftServerConfigKeys (ConfUtils.java:logGet(44)) - raft.server.log.appender.buffer.byte-limit = 33554432 (custom)
2021-11-29 23:21:24,867 [Listener at 127.0.0.1/46101] INFO  server.GrpcService (ConfUtils.java:logGet(44)) - raft.grpc.flow.control.window = 5MB (=5242880) (custom)
2021-11-29 23:21:24,867 [Listener at 127.0.0.1/46101] INFO  server.RaftServerConfigKeys (ConfUtils.java:logGet(44)) - raft.server.rpc.request.timeout = 60s (custom)
2021-11-29 23:21:24,868 [Listener at 127.0.0.1/46101] INFO  impl.DataStreamServerImpl (ConfUtils.java:logGet(44)) - raft.datastream.type = DISABLED (default)
2021-11-29 23:21:24,868 [Listener at 127.0.0.1/46101] INFO  server.RaftServerConfigKeys (ConfUtils.java:logGet(44)) - raft.server.rpc.slowness.timeout = 300s (custom)
2021-11-29 23:21:24,868 [Listener at 127.0.0.1/46101] INFO  server.RaftServerConfigKeys (ConfUtils.java:logGet(44)) - raft.server.leaderelection.leader.step-down.wait-time = 10s (default)
2021-11-29 23:21:24,868 [Listener at 127.0.0.1/46101] INFO  server.RaftServerConfigKeys (ConfUtils.java:logGet(44)) - raft.server.storage.dir = [/home/runner/work/ozone/ozone/hadoop-ozone/integration-test/target/test-dir/MiniOzoneClusterImpl-94814d1b-625b-4fc6-932d-e037948e86e0/datanode-1/data/ratis] (custom)
2021-11-29 23:21:24,876 [Listener at 127.0.0.1/46101] INFO  http.BaseHttpServer (BaseHttpServer.java:newHttpServer2BuilderForOzone(209)) - Starting Web-server for hddsDatanode at: http://0.0.0.0:0
2021-11-29 23:21:24,876 [Listener at 127.0.0.1/46101] INFO  http.BaseHttpServer (BaseHttpServer.java:<init>(107)) - Hadoop Security Enabled: false Ozone Security Enabled: false Ozone HTTP Security Enabled: false 
2021-11-29 23:21:24,877 [Listener at 127.0.0.1/46101] INFO  server.AuthenticationFilter (AuthenticationFilter.java:constructSecretProvider(240)) - Unable to initialize FileSignerSecretProvider, falling back to use random secrets.
2021-11-29 23:21:24,878 [Listener at 127.0.0.1/46101] WARN  http.HttpRequestLog (HttpRequestLog.java:getRequestLog(103)) - Jetty request log can only be enabled using Log4j
2021-11-29 23:21:24,878 [Listener at 127.0.0.1/46101] INFO  http.HttpServer2 (HttpServer2.java:addGlobalFilter(1030)) - Added global filter 'safety' (class=org.apache.hadoop.hdds.server.http.HttpServer2$QuotingInputFilter)
2021-11-29 23:21:24,879 [Listener at 127.0.0.1/46101] INFO  http.HttpServer2 (HttpServer2.java:addFilter(1006)) - Added filter static_user_filter (class=org.apache.hadoop.http.lib.StaticUserWebFilter$StaticUserFilter) to context hddsDatanode
2021-11-29 23:21:24,879 [Listener at 127.0.0.1/46101] INFO  http.HttpServer2 (HttpServer2.java:addFilter(1014)) - Added filter static_user_filter (class=org.apache.hadoop.http.lib.StaticUserWebFilter$StaticUserFilter) to context logs
2021-11-29 23:21:24,879 [Listener at 127.0.0.1/46101] INFO  http.HttpServer2 (HttpServer2.java:addFilter(1014)) - Added filter static_user_filter (class=org.apache.hadoop.http.lib.StaticUserWebFilter$StaticUserFilter) to context static
2021-11-29 23:21:24,879 [Listener at 127.0.0.1/46101] INFO  http.HttpServer2 (HttpServer2.java:bindListener(1249)) - Jetty bound to port 37445
2021-11-29 23:21:24,879 [Listener at 127.0.0.1/46101] INFO  server.Server (Server.java:doStart(375)) - jetty-9.4.43.v20210629; built: 2021-06-30T11:07:22.254Z; git: 526006ecfa3af7f1a27ef3a288e2bef7ea9dd7e8; jvm 1.8.0_292-b10
2021-11-29 23:21:24,887 [Listener at 127.0.0.1/46101] INFO  server.session (DefaultSessionIdManager.java:doStart(334)) - DefaultSessionIdManager workerName=node0
2021-11-29 23:21:24,887 [Listener at 127.0.0.1/46101] INFO  server.session (DefaultSessionIdManager.java:doStart(339)) - No SessionScavenger set, using defaults
2021-11-29 23:21:24,888 [Listener at 127.0.0.1/46101] INFO  server.session (HouseKeeper.java:startScavenging(132)) - node0 Scavenging every 660000ms
2021-11-29 23:21:24,888 [Listener at 127.0.0.1/46101] INFO  handler.ContextHandler (ContextHandler.java:doStart(915)) - Started o.e.j.s.ServletContextHandler@8d26554{logs,/logs,file:///home/runner/work/ozone/ozone/hadoop-ozone/integration-test/target/log,AVAILABLE}
2021-11-29 23:21:24,888 [Listener at 127.0.0.1/46101] INFO  handler.ContextHandler (ContextHandler.java:doStart(915)) - Started o.e.j.s.ServletContextHandler@2207ed1f{static,/static,jar:file:/home/runner/.m2/repository/org/apache/ozone/hdds-container-service/1.3.0-SNAPSHOT/hdds-container-service-1.3.0-SNAPSHOT.jar!/webapps/static,AVAILABLE}
2021-11-29 23:21:25,038 [Listener at 127.0.0.1/46101] INFO  handler.ContextHandler (ContextHandler.java:doStart(915)) - Started o.e.j.w.WebAppContext@41a65e3f{hddsDatanode,/,file:///tmp/jetty-0_0_0_0-37445-hdds-container-service-1_3_0-SNAPSHOT_jar-_-any-1298556213981281496/webapp/,AVAILABLE}{jar:file:/home/runner/.m2/repository/org/apache/ozone/hdds-container-service/1.3.0-SNAPSHOT/hdds-container-service-1.3.0-SNAPSHOT.jar!/webapps/hddsDatanode}
2021-11-29 23:21:25,041 [Listener at 127.0.0.1/46101] INFO  server.AbstractConnector (AbstractConnector.java:doStart(331)) - Started ServerConnector@7164d793{HTTP/1.1, (http/1.1)}{0.0.0.0:37445}
2021-11-29 23:21:25,041 [Listener at 127.0.0.1/46101] INFO  server.Server (Server.java:doStart(415)) - Started @386479ms
2021-11-29 23:21:25,041 [Listener at 127.0.0.1/46101] WARN  impl.MetricsSystemImpl (MetricsSystemImpl.java:register(279)) - Sink prometheus already exists!
2021-11-29 23:21:25,042 [Listener at 127.0.0.1/46101] INFO  http.BaseHttpServer (BaseHttpServer.java:updateConnectorAddress(329)) - HTTP server of hddsDatanode listening at http://0.0.0.0:37445
2021-11-29 23:21:25,043 [Listener at 127.0.0.1/46101] WARN  impl.MetricRegistriesImpl (MetricRegistriesImpl.java:addReporterRegistration(111)) - New reporters are added after registries were created. Some metrics will be missing from the reporter. Please add reporter before adding any new registry.
2021-11-29 23:21:25,044 [Listener at 127.0.0.1/46101] WARN  impl.MetricRegistriesImpl (MetricRegistriesImpl.java:addReporterRegistration(111)) - New reporters are added after registries were created. Some metrics will be missing from the reporter. Please add reporter before adding any new registry.
2021-11-29 23:21:25,044 [Listener at 127.0.0.1/46101] INFO  impl.MetricsSystemImpl (MetricsSystemImpl.java:init(158)) - HddsDatanode metrics system started (again)
2021-11-29 23:21:25,061 [Datanode State Machine Daemon Thread] INFO  statemachine.DatanodeStateMachine (DatanodeStateMachine.java:lambda$startDaemon$0(467)) - Ozone container server started.
2021-11-29 23:21:25,104 [Listener at 127.0.0.1/46101] INFO  ozone.HddsDatanodeService (HddsDatanodeService.java:start(234)) - HddsDatanodeService host:fv-az148-447.bm4ck3pvxvsene1rjriu5fhcdb.bx.internal.cloudapp.net ip:10.1.0.37
2021-11-29 23:21:25,153 [org.apache.hadoop.util.JvmPauseMonitor$Monitor@2c715f24] INFO  util.JvmPauseMonitor (JvmPauseMonitor.java:run(188)) - Starting JVM pause monitor
2021-11-29 23:21:25,222 [Datanode State Machine Task Thread - 0] INFO  datanode.InitDatanodeState (InitDatanodeState.java:persistContainerDatanodeDetails(145)) - DatanodeDetails is persisted to /home/runner/work/ozone/ozone/hadoop-ozone/integration-test/target/test-dir/MiniOzoneClusterImpl-94814d1b-625b-4fc6-932d-e037948e86e0/datanode-1/meta/datanode.id
2021-11-29 23:21:25,273 [Listener at 127.0.0.1/46101] INFO  upgrade.AbstractLayoutVersionManager (AbstractLayoutVersionManager.java:init(79)) - Initializing Layout version manager with metadata layout = SCM_HA (version = 2), software layout = SCM_HA (version = 2)
2021-11-29 23:21:25,366 [ReplicationMonitor] INFO  container.ReplicationManager (ReplicationManager.java:processAll(371)) - Replication Monitor Thread took 0 milliseconds for processing 0 containers.
2021-11-29 23:21:25,428 [Listener at 127.0.0.1/46101] INFO  reflections.Reflections (Reflections.java:scan(232)) - Reflections took 153 ms to scan 7 urls, producing 119 keys and 279 values 
2021-11-29 23:21:25,432 [Listener at 127.0.0.1/46101] INFO  statemachine.DatanodeStateMachine (DatanodeStateMachine.java:getEndPointTaskThreadPoolSize(219)) - Datanode State Machine Task Thread Pool size 2
2021-11-29 23:21:25,454 [Listener at 127.0.0.1/46101] INFO  volume.HddsVolume (HddsVolume.java:<init>(120)) - Creating HddsVolume: /home/runner/work/ozone/ozone/hadoop-ozone/integration-test/target/test-dir/MiniOzoneClusterImpl-94814d1b-625b-4fc6-932d-e037948e86e0/datanode-2/data-0/containers/hdds of storage type : DISK capacity : 9223372036854775807
2021-11-29 23:21:25,454 [Listener at 127.0.0.1/46101] INFO  volume.MutableVolumeSet (MutableVolumeSet.java:initializeVolumeSet(168)) - Added Volume : /home/runner/work/ozone/ozone/hadoop-ozone/integration-test/target/test-dir/MiniOzoneClusterImpl-94814d1b-625b-4fc6-932d-e037948e86e0/datanode-2/data-0/containers/hdds to VolumeSet
2021-11-29 23:21:25,454 [Listener at 127.0.0.1/46101] INFO  volume.ThrottledAsyncChecker (ThrottledAsyncChecker.java:schedule(141)) - Scheduling a check for /home/runner/work/ozone/ozone/hadoop-ozone/integration-test/target/test-dir/MiniOzoneClusterImpl-94814d1b-625b-4fc6-932d-e037948e86e0/datanode-2/data-0/containers/hdds
2021-11-29 23:21:25,466 [Listener at 127.0.0.1/46101] INFO  volume.StorageVolumeChecker (StorageVolumeChecker.java:checkAllVolumes(202)) - Scheduled health check for volume /home/runner/work/ozone/ozone/hadoop-ozone/integration-test/target/test-dir/MiniOzoneClusterImpl-94814d1b-625b-4fc6-932d-e037948e86e0/datanode-2/data-0/containers/hdds
2021-11-29 23:21:25,532 [Listener at 127.0.0.1/46101] INFO  volume.MutableVolumeSet (MutableVolumeSet.java:initializeVolumeSet(168)) - Added Volume : /home/runner/work/ozone/ozone/hadoop-ozone/integration-test/target/test-dir/MiniOzoneClusterImpl-94814d1b-625b-4fc6-932d-e037948e86e0/datanode-2/data/ratis to VolumeSet
2021-11-29 23:21:25,532 [Listener at 127.0.0.1/46101] INFO  volume.ThrottledAsyncChecker (ThrottledAsyncChecker.java:schedule(141)) - Scheduling a check for /home/runner/work/ozone/ozone/hadoop-ozone/integration-test/target/test-dir/MiniOzoneClusterImpl-94814d1b-625b-4fc6-932d-e037948e86e0/datanode-2/data/ratis
2021-11-29 23:21:25,532 [Listener at 127.0.0.1/46101] INFO  volume.StorageVolumeChecker (StorageVolumeChecker.java:checkAllVolumes(202)) - Scheduled health check for volume /home/runner/work/ozone/ozone/hadoop-ozone/integration-test/target/test-dir/MiniOzoneClusterImpl-94814d1b-625b-4fc6-932d-e037948e86e0/datanode-2/data/ratis
2021-11-29 23:21:25,621 [Thread-2804] INFO  ozoneimpl.ContainerReader (ContainerReader.java:readVolume(172)) - Finish verifying containers on volume /home/runner/work/ozone/ozone/hadoop-ozone/integration-test/target/test-dir/MiniOzoneClusterImpl-94814d1b-625b-4fc6-932d-e037948e86e0/datanode-2/data-0/containers/hdds
2021-11-29 23:21:25,621 [Listener at 127.0.0.1/46101] INFO  ozoneimpl.OzoneContainer (OzoneContainer.java:buildContainerSet(236)) - Build ContainerSet costs 0s
2021-11-29 23:21:25,631 [Listener at 127.0.0.1/46101] INFO  server.RaftServer (ConfUtils.java:logGet(44)) - raft.rpc.type = GRPC (default)
2021-11-29 23:21:25,631 [Listener at 127.0.0.1/46101] INFO  grpc.GrpcFactory (GrpcFactory.java:checkPooledByteBufAllocatorUseCacheForAllThreads(48)) - PERFORMANCE WARNING: useCacheForAllThreads is true that may cause Netty to create a lot garbage objects and, as a result, trigger GC.
	It is recommended to disable useCacheForAllThreads by setting -Dorg.apache.ratis.thirdparty.io.netty.allocator.useCacheForAllThreads=false in command line.
2021-11-29 23:21:25,631 [Listener at 127.0.0.1/46101] INFO  grpc.GrpcConfigKeys (ConfUtils.java:logGet(44)) - raft.grpc.admin.port = 0 (custom)
2021-11-29 23:21:25,631 [Listener at 127.0.0.1/46101] INFO  grpc.GrpcConfigKeys (ConfUtils.java:logGet(44)) - raft.grpc.client.port = 0 (custom)
2021-11-29 23:21:25,631 [Listener at 127.0.0.1/46101] INFO  grpc.GrpcConfigKeys (ConfUtils.java:logGet(44)) - raft.grpc.server.port = 0 (default)
2021-11-29 23:21:25,631 [Listener at 127.0.0.1/46101] INFO  server.GrpcService (ConfUtils.java:logGet(44)) - raft.grpc.message.size.max = 32MB (=33554432) (custom)
2021-11-29 23:21:25,635 [Listener at 127.0.0.1/46101] INFO  server.RaftServerConfigKeys (ConfUtils.java:logGet(44)) - raft.server.log.appender.buffer.byte-limit = 33554432 (custom)
2021-11-29 23:21:25,636 [Listener at 127.0.0.1/46101] INFO  server.GrpcService (ConfUtils.java:logGet(44)) - raft.grpc.flow.control.window = 5MB (=5242880) (custom)
2021-11-29 23:21:25,643 [Listener at 127.0.0.1/46101] INFO  server.RaftServerConfigKeys (ConfUtils.java:logGet(44)) - raft.server.rpc.request.timeout = 60s (custom)
2021-11-29 23:21:25,644 [Listener at 127.0.0.1/46101] INFO  impl.DataStreamServerImpl (ConfUtils.java:logGet(44)) - raft.datastream.type = DISABLED (default)
2021-11-29 23:21:25,644 [Listener at 127.0.0.1/46101] INFO  server.RaftServerConfigKeys (ConfUtils.java:logGet(44)) - raft.server.rpc.slowness.timeout = 300s (custom)
2021-11-29 23:21:25,644 [Listener at 127.0.0.1/46101] INFO  server.RaftServerConfigKeys (ConfUtils.java:logGet(44)) - raft.server.leaderelection.leader.step-down.wait-time = 10s (default)
2021-11-29 23:21:25,644 [Listener at 127.0.0.1/46101] INFO  server.RaftServerConfigKeys (ConfUtils.java:logGet(44)) - raft.server.storage.dir = [/home/runner/work/ozone/ozone/hadoop-ozone/integration-test/target/test-dir/MiniOzoneClusterImpl-94814d1b-625b-4fc6-932d-e037948e86e0/datanode-2/data/ratis] (custom)
2021-11-29 23:21:25,688 [Listener at 127.0.0.1/46101] INFO  http.BaseHttpServer (BaseHttpServer.java:newHttpServer2BuilderForOzone(209)) - Starting Web-server for hddsDatanode at: http://0.0.0.0:0
2021-11-29 23:21:25,688 [Listener at 127.0.0.1/46101] INFO  http.BaseHttpServer (BaseHttpServer.java:<init>(107)) - Hadoop Security Enabled: false Ozone Security Enabled: false Ozone HTTP Security Enabled: false 
2021-11-29 23:21:25,689 [Listener at 127.0.0.1/46101] INFO  server.AuthenticationFilter (AuthenticationFilter.java:constructSecretProvider(240)) - Unable to initialize FileSignerSecretProvider, falling back to use random secrets.
2021-11-29 23:21:25,689 [Listener at 127.0.0.1/46101] WARN  http.HttpRequestLog (HttpRequestLog.java:getRequestLog(103)) - Jetty request log can only be enabled using Log4j
2021-11-29 23:21:25,690 [Listener at 127.0.0.1/46101] INFO  http.HttpServer2 (HttpServer2.java:addGlobalFilter(1030)) - Added global filter 'safety' (class=org.apache.hadoop.hdds.server.http.HttpServer2$QuotingInputFilter)
2021-11-29 23:21:25,691 [Listener at 127.0.0.1/46101] INFO  http.HttpServer2 (HttpServer2.java:addFilter(1006)) - Added filter static_user_filter (class=org.apache.hadoop.http.lib.StaticUserWebFilter$StaticUserFilter) to context hddsDatanode
2021-11-29 23:21:25,691 [Listener at 127.0.0.1/46101] INFO  http.HttpServer2 (HttpServer2.java:addFilter(1014)) - Added filter static_user_filter (class=org.apache.hadoop.http.lib.StaticUserWebFilter$StaticUserFilter) to context static
2021-11-29 23:21:25,691 [Listener at 127.0.0.1/46101] INFO  http.HttpServer2 (HttpServer2.java:addFilter(1014)) - Added filter static_user_filter (class=org.apache.hadoop.http.lib.StaticUserWebFilter$StaticUserFilter) to context logs
2021-11-29 23:21:25,691 [Listener at 127.0.0.1/46101] INFO  http.HttpServer2 (HttpServer2.java:bindListener(1249)) - Jetty bound to port 36303
2021-11-29 23:21:25,691 [Listener at 127.0.0.1/46101] INFO  server.Server (Server.java:doStart(375)) - jetty-9.4.43.v20210629; built: 2021-06-30T11:07:22.254Z; git: 526006ecfa3af7f1a27ef3a288e2bef7ea9dd7e8; jvm 1.8.0_292-b10
2021-11-29 23:21:25,717 [Listener at 127.0.0.1/46101] INFO  server.session (DefaultSessionIdManager.java:doStart(334)) - DefaultSessionIdManager workerName=node0
2021-11-29 23:21:25,717 [Listener at 127.0.0.1/46101] INFO  server.session (DefaultSessionIdManager.java:doStart(339)) - No SessionScavenger set, using defaults
2021-11-29 23:21:25,717 [Listener at 127.0.0.1/46101] INFO  server.session (HouseKeeper.java:startScavenging(132)) - node0 Scavenging every 600000ms
2021-11-29 23:21:25,737 [Listener at 127.0.0.1/46101] INFO  handler.ContextHandler (ContextHandler.java:doStart(915)) - Started o.e.j.s.ServletContextHandler@542999f1{logs,/logs,file:///home/runner/work/ozone/ozone/hadoop-ozone/integration-test/target/log,AVAILABLE}
2021-11-29 23:21:25,737 [Listener at 127.0.0.1/46101] INFO  handler.ContextHandler (ContextHandler.java:doStart(915)) - Started o.e.j.s.ServletContextHandler@6f761f23{static,/static,jar:file:/home/runner/.m2/repository/org/apache/ozone/hdds-container-service/1.3.0-SNAPSHOT/hdds-container-service-1.3.0-SNAPSHOT.jar!/webapps/static,AVAILABLE}
2021-11-29 23:21:25,898 [Listener at 127.0.0.1/46101] INFO  handler.ContextHandler (ContextHandler.java:doStart(915)) - Started o.e.j.w.WebAppContext@1e7ff582{hddsDatanode,/,file:///tmp/jetty-0_0_0_0-36303-hdds-container-service-1_3_0-SNAPSHOT_jar-_-any-5493368859677786521/webapp/,AVAILABLE}{jar:file:/home/runner/.m2/repository/org/apache/ozone/hdds-container-service/1.3.0-SNAPSHOT/hdds-container-service-1.3.0-SNAPSHOT.jar!/webapps/hddsDatanode}
2021-11-29 23:21:25,905 [Listener at 127.0.0.1/46101] INFO  server.AbstractConnector (AbstractConnector.java:doStart(331)) - Started ServerConnector@40eba880{HTTP/1.1, (http/1.1)}{0.0.0.0:36303}
2021-11-29 23:21:25,905 [Listener at 127.0.0.1/46101] INFO  server.Server (Server.java:doStart(415)) - Started @387343ms
2021-11-29 23:21:25,905 [Listener at 127.0.0.1/46101] WARN  impl.MetricsSystemImpl (MetricsSystemImpl.java:register(279)) - Sink prometheus already exists!
2021-11-29 23:21:25,906 [Listener at 127.0.0.1/46101] INFO  http.BaseHttpServer (BaseHttpServer.java:updateConnectorAddress(329)) - HTTP server of hddsDatanode listening at http://0.0.0.0:36303
2021-11-29 23:21:25,911 [Listener at 127.0.0.1/46101] WARN  impl.MetricRegistriesImpl (MetricRegistriesImpl.java:addReporterRegistration(111)) - New reporters are added after registries were created. Some metrics will be missing from the reporter. Please add reporter before adding any new registry.
2021-11-29 23:21:25,911 [Listener at 127.0.0.1/46101] WARN  impl.MetricRegistriesImpl (MetricRegistriesImpl.java:addReporterRegistration(111)) - New reporters are added after registries were created. Some metrics will be missing from the reporter. Please add reporter before adding any new registry.
2021-11-29 23:21:25,911 [Listener at 127.0.0.1/46101] INFO  impl.MetricsSystemImpl (MetricsSystemImpl.java:init(158)) - HddsDatanode metrics system started (again)
2021-11-29 23:21:25,946 [Datanode State Machine Daemon Thread] INFO  statemachine.DatanodeStateMachine (DatanodeStateMachine.java:lambda$startDaemon$0(467)) - Ozone container server started.
2021-11-29 23:21:25,990 [Listener at 127.0.0.1/46101] INFO  ozone.HddsDatanodeService (HddsDatanodeService.java:start(234)) - HddsDatanodeService host:fv-az148-447.bm4ck3pvxvsene1rjriu5fhcdb.bx.internal.cloudapp.net ip:10.1.0.37
2021-11-29 23:21:26,089 [Listener at 127.0.0.1/46101] INFO  upgrade.AbstractLayoutVersionManager (AbstractLayoutVersionManager.java:init(79)) - Initializing Layout version manager with metadata layout = SCM_HA (version = 2), software layout = SCM_HA (version = 2)
2021-11-29 23:21:26,093 [org.apache.hadoop.util.JvmPauseMonitor$Monitor@4aad865c] INFO  util.JvmPauseMonitor (JvmPauseMonitor.java:run(188)) - Starting JVM pause monitor
2021-11-29 23:21:26,131 [Datanode State Machine Task Thread - 0] INFO  datanode.InitDatanodeState (InitDatanodeState.java:persistContainerDatanodeDetails(145)) - DatanodeDetails is persisted to /home/runner/work/ozone/ozone/hadoop-ozone/integration-test/target/test-dir/MiniOzoneClusterImpl-94814d1b-625b-4fc6-932d-e037948e86e0/datanode-2/meta/datanode.id
2021-11-29 23:21:26,196 [Listener at 127.0.0.1/46101] INFO  reflections.Reflections (Reflections.java:scan(232)) - Reflections took 105 ms to scan 7 urls, producing 119 keys and 279 values 
2021-11-29 23:21:26,198 [Listener at 127.0.0.1/46101] INFO  statemachine.DatanodeStateMachine (DatanodeStateMachine.java:getEndPointTaskThreadPoolSize(219)) - Datanode State Machine Task Thread Pool size 2
2021-11-29 23:21:26,199 [Listener at 127.0.0.1/46101] INFO  volume.HddsVolume (HddsVolume.java:<init>(120)) - Creating HddsVolume: /home/runner/work/ozone/ozone/hadoop-ozone/integration-test/target/test-dir/MiniOzoneClusterImpl-94814d1b-625b-4fc6-932d-e037948e86e0/datanode-3/data-0/containers/hdds of storage type : DISK capacity : 9223372036854775807
2021-11-29 23:21:26,199 [Listener at 127.0.0.1/46101] INFO  volume.MutableVolumeSet (MutableVolumeSet.java:initializeVolumeSet(168)) - Added Volume : /home/runner/work/ozone/ozone/hadoop-ozone/integration-test/target/test-dir/MiniOzoneClusterImpl-94814d1b-625b-4fc6-932d-e037948e86e0/datanode-3/data-0/containers/hdds to VolumeSet
2021-11-29 23:21:26,199 [Listener at 127.0.0.1/46101] INFO  volume.ThrottledAsyncChecker (ThrottledAsyncChecker.java:schedule(141)) - Scheduling a check for /home/runner/work/ozone/ozone/hadoop-ozone/integration-test/target/test-dir/MiniOzoneClusterImpl-94814d1b-625b-4fc6-932d-e037948e86e0/datanode-3/data-0/containers/hdds
2021-11-29 23:21:26,200 [Listener at 127.0.0.1/46101] INFO  volume.StorageVolumeChecker (StorageVolumeChecker.java:checkAllVolumes(202)) - Scheduled health check for volume /home/runner/work/ozone/ozone/hadoop-ozone/integration-test/target/test-dir/MiniOzoneClusterImpl-94814d1b-625b-4fc6-932d-e037948e86e0/datanode-3/data-0/containers/hdds
2021-11-29 23:21:26,215 [Listener at 127.0.0.1/46101] INFO  volume.MutableVolumeSet (MutableVolumeSet.java:initializeVolumeSet(168)) - Added Volume : /home/runner/work/ozone/ozone/hadoop-ozone/integration-test/target/test-dir/MiniOzoneClusterImpl-94814d1b-625b-4fc6-932d-e037948e86e0/datanode-3/data/ratis to VolumeSet
2021-11-29 23:21:26,215 [Listener at 127.0.0.1/46101] INFO  volume.ThrottledAsyncChecker (ThrottledAsyncChecker.java:schedule(141)) - Scheduling a check for /home/runner/work/ozone/ozone/hadoop-ozone/integration-test/target/test-dir/MiniOzoneClusterImpl-94814d1b-625b-4fc6-932d-e037948e86e0/datanode-3/data/ratis
2021-11-29 23:21:26,216 [Listener at 127.0.0.1/46101] INFO  volume.StorageVolumeChecker (StorageVolumeChecker.java:checkAllVolumes(202)) - Scheduled health check for volume /home/runner/work/ozone/ozone/hadoop-ozone/integration-test/target/test-dir/MiniOzoneClusterImpl-94814d1b-625b-4fc6-932d-e037948e86e0/datanode-3/data/ratis
2021-11-29 23:21:26,266 [Thread-2816] INFO  ozoneimpl.ContainerReader (ContainerReader.java:readVolume(172)) - Finish verifying containers on volume /home/runner/work/ozone/ozone/hadoop-ozone/integration-test/target/test-dir/MiniOzoneClusterImpl-94814d1b-625b-4fc6-932d-e037948e86e0/datanode-3/data-0/containers/hdds
2021-11-29 23:21:26,266 [Listener at 127.0.0.1/46101] INFO  ozoneimpl.OzoneContainer (OzoneContainer.java:buildContainerSet(236)) - Build ContainerSet costs 0s
2021-11-29 23:21:26,267 [Listener at 127.0.0.1/46101] INFO  server.RaftServer (ConfUtils.java:logGet(44)) - raft.rpc.type = GRPC (default)
2021-11-29 23:21:26,267 [Listener at 127.0.0.1/46101] INFO  grpc.GrpcFactory (GrpcFactory.java:checkPooledByteBufAllocatorUseCacheForAllThreads(48)) - PERFORMANCE WARNING: useCacheForAllThreads is true that may cause Netty to create a lot garbage objects and, as a result, trigger GC.
	It is recommended to disable useCacheForAllThreads by setting -Dorg.apache.ratis.thirdparty.io.netty.allocator.useCacheForAllThreads=false in command line.
2021-11-29 23:21:26,268 [Listener at 127.0.0.1/46101] INFO  grpc.GrpcConfigKeys (ConfUtils.java:logGet(44)) - raft.grpc.admin.port = 0 (custom)
2021-11-29 23:21:26,268 [Listener at 127.0.0.1/46101] INFO  grpc.GrpcConfigKeys (ConfUtils.java:logGet(44)) - raft.grpc.client.port = 0 (custom)
2021-11-29 23:21:26,268 [Listener at 127.0.0.1/46101] INFO  grpc.GrpcConfigKeys (ConfUtils.java:logGet(44)) - raft.grpc.server.port = 0 (default)
2021-11-29 23:21:26,268 [Listener at 127.0.0.1/46101] INFO  server.GrpcService (ConfUtils.java:logGet(44)) - raft.grpc.message.size.max = 32MB (=33554432) (custom)
2021-11-29 23:21:26,268 [Listener at 127.0.0.1/46101] INFO  server.RaftServerConfigKeys (ConfUtils.java:logGet(44)) - raft.server.log.appender.buffer.byte-limit = 33554432 (custom)
2021-11-29 23:21:26,268 [Listener at 127.0.0.1/46101] INFO  server.GrpcService (ConfUtils.java:logGet(44)) - raft.grpc.flow.control.window = 5MB (=5242880) (custom)
2021-11-29 23:21:26,268 [Listener at 127.0.0.1/46101] INFO  server.RaftServerConfigKeys (ConfUtils.java:logGet(44)) - raft.server.rpc.request.timeout = 60s (custom)
2021-11-29 23:21:26,269 [Listener at 127.0.0.1/46101] INFO  impl.DataStreamServerImpl (ConfUtils.java:logGet(44)) - raft.datastream.type = DISABLED (default)
2021-11-29 23:21:26,269 [Listener at 127.0.0.1/46101] INFO  server.RaftServerConfigKeys (ConfUtils.java:logGet(44)) - raft.server.rpc.slowness.timeout = 300s (custom)
2021-11-29 23:21:26,269 [Listener at 127.0.0.1/46101] INFO  server.RaftServerConfigKeys (ConfUtils.java:logGet(44)) - raft.server.leaderelection.leader.step-down.wait-time = 10s (default)
2021-11-29 23:21:26,269 [Listener at 127.0.0.1/46101] INFO  server.RaftServerConfigKeys (ConfUtils.java:logGet(44)) - raft.server.storage.dir = [/home/runner/work/ozone/ozone/hadoop-ozone/integration-test/target/test-dir/MiniOzoneClusterImpl-94814d1b-625b-4fc6-932d-e037948e86e0/datanode-3/data/ratis] (custom)
2021-11-29 23:21:26,312 [Listener at 127.0.0.1/46101] INFO  http.BaseHttpServer (BaseHttpServer.java:newHttpServer2BuilderForOzone(209)) - Starting Web-server for hddsDatanode at: http://0.0.0.0:0
2021-11-29 23:21:26,312 [Listener at 127.0.0.1/46101] INFO  http.BaseHttpServer (BaseHttpServer.java:<init>(107)) - Hadoop Security Enabled: false Ozone Security Enabled: false Ozone HTTP Security Enabled: false 
2021-11-29 23:21:26,313 [Listener at 127.0.0.1/46101] INFO  server.AuthenticationFilter (AuthenticationFilter.java:constructSecretProvider(240)) - Unable to initialize FileSignerSecretProvider, falling back to use random secrets.
2021-11-29 23:21:26,317 [Listener at 127.0.0.1/46101] WARN  http.HttpRequestLog (HttpRequestLog.java:getRequestLog(103)) - Jetty request log can only be enabled using Log4j
2021-11-29 23:21:26,318 [Listener at 127.0.0.1/46101] INFO  http.HttpServer2 (HttpServer2.java:addGlobalFilter(1030)) - Added global filter 'safety' (class=org.apache.hadoop.hdds.server.http.HttpServer2$QuotingInputFilter)
2021-11-29 23:21:26,318 [Listener at 127.0.0.1/46101] INFO  http.HttpServer2 (HttpServer2.java:addFilter(1006)) - Added filter static_user_filter (class=org.apache.hadoop.http.lib.StaticUserWebFilter$StaticUserFilter) to context hddsDatanode
2021-11-29 23:21:26,318 [Listener at 127.0.0.1/46101] INFO  http.HttpServer2 (HttpServer2.java:addFilter(1014)) - Added filter static_user_filter (class=org.apache.hadoop.http.lib.StaticUserWebFilter$StaticUserFilter) to context logs
2021-11-29 23:21:26,318 [Listener at 127.0.0.1/46101] INFO  http.HttpServer2 (HttpServer2.java:addFilter(1014)) - Added filter static_user_filter (class=org.apache.hadoop.http.lib.StaticUserWebFilter$StaticUserFilter) to context static
2021-11-29 23:21:26,318 [Listener at 127.0.0.1/46101] INFO  http.HttpServer2 (HttpServer2.java:bindListener(1249)) - Jetty bound to port 44045
2021-11-29 23:21:26,319 [Listener at 127.0.0.1/46101] INFO  server.Server (Server.java:doStart(375)) - jetty-9.4.43.v20210629; built: 2021-06-30T11:07:22.254Z; git: 526006ecfa3af7f1a27ef3a288e2bef7ea9dd7e8; jvm 1.8.0_292-b10
2021-11-29 23:21:26,366 [ReplicationMonitor] INFO  container.ReplicationManager (ReplicationManager.java:processAll(371)) - Replication Monitor Thread took 0 milliseconds for processing 0 containers.
2021-11-29 23:21:26,390 [Listener at 127.0.0.1/46101] INFO  server.session (DefaultSessionIdManager.java:doStart(334)) - DefaultSessionIdManager workerName=node0
2021-11-29 23:21:26,391 [Listener at 127.0.0.1/46101] INFO  server.session (DefaultSessionIdManager.java:doStart(339)) - No SessionScavenger set, using defaults
2021-11-29 23:21:26,391 [Listener at 127.0.0.1/46101] INFO  server.session (HouseKeeper.java:startScavenging(132)) - node0 Scavenging every 600000ms
2021-11-29 23:21:26,392 [Listener at 127.0.0.1/46101] INFO  handler.ContextHandler (ContextHandler.java:doStart(915)) - Started o.e.j.s.ServletContextHandler@37682c3d{logs,/logs,file:///home/runner/work/ozone/ozone/hadoop-ozone/integration-test/target/log,AVAILABLE}
2021-11-29 23:21:26,393 [Listener at 127.0.0.1/46101] INFO  handler.ContextHandler (ContextHandler.java:doStart(915)) - Started o.e.j.s.ServletContextHandler@3895c82f{static,/static,jar:file:/home/runner/.m2/repository/org/apache/ozone/hdds-container-service/1.3.0-SNAPSHOT/hdds-container-service-1.3.0-SNAPSHOT.jar!/webapps/static,AVAILABLE}
2021-11-29 23:21:26,535 [Listener at 127.0.0.1/46101] INFO  handler.ContextHandler (ContextHandler.java:doStart(915)) - Started o.e.j.w.WebAppContext@6beb6df1{hddsDatanode,/,file:///tmp/jetty-0_0_0_0-44045-hdds-container-service-1_3_0-SNAPSHOT_jar-_-any-7007255529112787945/webapp/,AVAILABLE}{jar:file:/home/runner/.m2/repository/org/apache/ozone/hdds-container-service/1.3.0-SNAPSHOT/hdds-container-service-1.3.0-SNAPSHOT.jar!/webapps/hddsDatanode}
2021-11-29 23:21:26,545 [Listener at 127.0.0.1/46101] INFO  server.AbstractConnector (AbstractConnector.java:doStart(331)) - Started ServerConnector@19feac7e{HTTP/1.1, (http/1.1)}{0.0.0.0:44045}
2021-11-29 23:21:26,545 [Listener at 127.0.0.1/46101] INFO  server.Server (Server.java:doStart(415)) - Started @387983ms
2021-11-29 23:21:26,546 [Listener at 127.0.0.1/46101] WARN  impl.MetricsSystemImpl (MetricsSystemImpl.java:register(279)) - Sink prometheus already exists!
2021-11-29 23:21:26,546 [Listener at 127.0.0.1/46101] INFO  http.BaseHttpServer (BaseHttpServer.java:updateConnectorAddress(329)) - HTTP server of hddsDatanode listening at http://0.0.0.0:44045
2021-11-29 23:21:26,575 [Listener at 127.0.0.1/46101] INFO  ozone.MiniOzoneClusterImpl (MiniOzoneClusterImpl.java:lambda$waitForClusterToBeReady$0(235)) - Waiting for nodes to be ready. Got 0 of 4 DN Heartbeats.
2021-11-29 23:21:26,575 [Listener at 127.0.0.1/46101] INFO  ozone.MiniOzoneClusterImpl (MiniOzoneClusterImpl.java:lambda$waitForClusterToBeReady$0(238)) - Waiting for cluster to exit safe mode
2021-11-29 23:21:26,575 [Listener at 127.0.0.1/46101] INFO  ozone.MiniOzoneClusterImpl (MiniOzoneClusterImpl.java:lambda$waitForClusterToBeReady$0(240)) - SCM became leader
2021-11-29 23:21:26,605 [Datanode State Machine Daemon Thread] INFO  statemachine.DatanodeStateMachine (DatanodeStateMachine.java:lambda$startDaemon$0(467)) - Ozone container server started.
2021-11-29 23:21:26,621 [org.apache.hadoop.util.JvmPauseMonitor$Monitor@6448eb91] INFO  util.JvmPauseMonitor (JvmPauseMonitor.java:run(188)) - Starting JVM pause monitor
2021-11-29 23:21:26,633 [Datanode State Machine Task Thread - 0] INFO  datanode.InitDatanodeState (InitDatanodeState.java:persistContainerDatanodeDetails(145)) - DatanodeDetails is persisted to /home/runner/work/ozone/ozone/hadoop-ozone/integration-test/target/test-dir/MiniOzoneClusterImpl-94814d1b-625b-4fc6-932d-e037948e86e0/datanode-3/meta/datanode.id
2021-11-29 23:21:26,727 [EndpointStateMachine task thread for /0.0.0.0:43677 - 0 ] INFO  ozoneimpl.OzoneContainer (OzoneContainer.java:start(304)) - Attempting to start container services.
2021-11-29 23:21:26,733 [EndpointStateMachine task thread for /0.0.0.0:43677 - 0 ] INFO  ozoneimpl.OzoneContainer (OzoneContainer.java:startContainerScrub(249)) - Background container scanner has been disabled.
2021-11-29 23:21:26,735 [EndpointStateMachine task thread for /0.0.0.0:43677 - 0 ] INFO  replication.ReplicationServer (ReplicationServer.java:start(107)) - ReplicationServer is started using port 43805
2021-11-29 23:21:26,736 [EndpointStateMachine task thread for /0.0.0.0:43677 - 0 ] INFO  ratis.XceiverServerRatis (XceiverServerRatis.java:start(484)) - Starting XceiverServerRatis 9eaa9061-0cbd-4a3d-8091-a973303b955e
2021-11-29 23:21:26,737 [EndpointStateMachine task thread for /0.0.0.0:43677 - 0 ] INFO  server.RaftServer (RaftServerProxy.java:lambda$start$5(374)) - 9eaa9061-0cbd-4a3d-8091-a973303b955e: start RPC server
2021-11-29 23:21:26,748 [EndpointStateMachine task thread for /0.0.0.0:43677 - 0 ] INFO  server.GrpcService (GrpcService.java:startImpl(253)) - 9eaa9061-0cbd-4a3d-8091-a973303b955e: GrpcService started, listening on 35167
2021-11-29 23:21:26,757 [EndpointStateMachine task thread for /0.0.0.0:43677 - 0 ] INFO  ratis.XceiverServerRatis (XceiverServerRatis.java:getRealPort(505)) - XceiverServerRatis 9eaa9061-0cbd-4a3d-8091-a973303b955e is started using port 35167 for RATIS
2021-11-29 23:21:26,757 [EndpointStateMachine task thread for /0.0.0.0:43677 - 0 ] INFO  ratis.XceiverServerRatis (XceiverServerRatis.java:getRealPort(505)) - XceiverServerRatis 9eaa9061-0cbd-4a3d-8091-a973303b955e is started using port 35167 for RATIS_ADMIN
2021-11-29 23:21:26,757 [EndpointStateMachine task thread for /0.0.0.0:43677 - 0 ] INFO  ratis.XceiverServerRatis (XceiverServerRatis.java:getRealPort(505)) - XceiverServerRatis 9eaa9061-0cbd-4a3d-8091-a973303b955e is started using port 35167 for RATIS_SERVER
2021-11-29 23:21:26,762 [EndpointStateMachine task thread for /0.0.0.0:43677 - 0 ] INFO  server.XceiverServerGrpc (XceiverServerGrpc.java:start(135)) - XceiverServerGrpc 9eaa9061-0cbd-4a3d-8091-a973303b955e is started using port 42101
2021-11-29 23:21:26,795 [org.apache.ratis.util.JvmPauseMonitor$$Lambda$535/1672973847@46dc35e4] INFO  util.JvmPauseMonitor (JvmPauseMonitor.java:run(103)) - JvmPauseMonitor-9eaa9061-0cbd-4a3d-8091-a973303b955e: Started
2021-11-29 23:21:27,167 [EndpointStateMachine task thread for /0.0.0.0:43677 - 0 ] INFO  ozoneimpl.OzoneContainer (OzoneContainer.java:start(304)) - Attempting to start container services.
2021-11-29 23:21:27,167 [EndpointStateMachine task thread for /0.0.0.0:43677 - 0 ] INFO  ozoneimpl.OzoneContainer (OzoneContainer.java:startContainerScrub(249)) - Background container scanner has been disabled.
2021-11-29 23:21:27,207 [EndpointStateMachine task thread for /0.0.0.0:43677 - 0 ] INFO  replication.ReplicationServer (ReplicationServer.java:start(107)) - ReplicationServer is started using port 41895
2021-11-29 23:21:27,208 [EndpointStateMachine task thread for /0.0.0.0:43677 - 0 ] INFO  ratis.XceiverServerRatis (XceiverServerRatis.java:start(484)) - Starting XceiverServerRatis 45f86aeb-e384-4aa9-8d84-a9c74618d31d
2021-11-29 23:21:27,209 [EndpointStateMachine task thread for /0.0.0.0:43677 - 0 ] INFO  server.RaftServer (RaftServerProxy.java:lambda$start$5(374)) - 45f86aeb-e384-4aa9-8d84-a9c74618d31d: start RPC server
2021-11-29 23:21:27,219 [EndpointStateMachine task thread for /0.0.0.0:43677 - 0 ] INFO  server.GrpcService (GrpcService.java:startImpl(253)) - 45f86aeb-e384-4aa9-8d84-a9c74618d31d: GrpcService started, listening on 38125
2021-11-29 23:21:27,221 [EndpointStateMachine task thread for /0.0.0.0:43677 - 0 ] INFO  ratis.XceiverServerRatis (XceiverServerRatis.java:getRealPort(505)) - XceiverServerRatis 45f86aeb-e384-4aa9-8d84-a9c74618d31d is started using port 38125 for RATIS
2021-11-29 23:21:27,221 [EndpointStateMachine task thread for /0.0.0.0:43677 - 0 ] INFO  ratis.XceiverServerRatis (XceiverServerRatis.java:getRealPort(505)) - XceiverServerRatis 45f86aeb-e384-4aa9-8d84-a9c74618d31d is started using port 38125 for RATIS_ADMIN
2021-11-29 23:21:27,221 [EndpointStateMachine task thread for /0.0.0.0:43677 - 0 ] INFO  ratis.XceiverServerRatis (XceiverServerRatis.java:getRealPort(505)) - XceiverServerRatis 45f86aeb-e384-4aa9-8d84-a9c74618d31d is started using port 38125 for RATIS_SERVER
2021-11-29 23:21:27,233 [EndpointStateMachine task thread for /0.0.0.0:43677 - 0 ] INFO  server.XceiverServerGrpc (XceiverServerGrpc.java:start(135)) - XceiverServerGrpc 45f86aeb-e384-4aa9-8d84-a9c74618d31d is started using port 35311
2021-11-29 23:21:27,261 [org.apache.ratis.util.JvmPauseMonitor$$Lambda$535/1672973847@17e541f3] INFO  util.JvmPauseMonitor (JvmPauseMonitor.java:run(103)) - JvmPauseMonitor-45f86aeb-e384-4aa9-8d84-a9c74618d31d: Started
2021-11-29 23:21:27,367 [ReplicationMonitor] INFO  container.ReplicationManager (ReplicationManager.java:processAll(371)) - Replication Monitor Thread took 0 milliseconds for processing 0 containers.
2021-11-29 23:21:27,576 [Listener at 127.0.0.1/46101] INFO  ozone.MiniOzoneClusterImpl (MiniOzoneClusterImpl.java:lambda$waitForClusterToBeReady$0(235)) - Waiting for nodes to be ready. Got 0 of 4 DN Heartbeats.
2021-11-29 23:21:27,576 [Listener at 127.0.0.1/46101] INFO  ozone.MiniOzoneClusterImpl (MiniOzoneClusterImpl.java:lambda$waitForClusterToBeReady$0(238)) - Waiting for cluster to exit safe mode
2021-11-29 23:21:27,576 [Listener at 127.0.0.1/46101] INFO  ozone.MiniOzoneClusterImpl (MiniOzoneClusterImpl.java:lambda$waitForClusterToBeReady$0(240)) - SCM became leader
2021-11-29 23:21:28,131 [EndpointStateMachine task thread for /0.0.0.0:43677 - 0 ] INFO  ozoneimpl.OzoneContainer (OzoneContainer.java:start(304)) - Attempting to start container services.
2021-11-29 23:21:28,131 [EndpointStateMachine task thread for /0.0.0.0:43677 - 0 ] INFO  ozoneimpl.OzoneContainer (OzoneContainer.java:startContainerScrub(249)) - Background container scanner has been disabled.
2021-11-29 23:21:28,153 [EndpointStateMachine task thread for /0.0.0.0:43677 - 0 ] INFO  replication.ReplicationServer (ReplicationServer.java:start(107)) - ReplicationServer is started using port 42823
2021-11-29 23:21:28,159 [EndpointStateMachine task thread for /0.0.0.0:43677 - 0 ] INFO  ratis.XceiverServerRatis (XceiverServerRatis.java:start(484)) - Starting XceiverServerRatis 49fe3bb7-2dae-482d-a175-9585c41bacad
2021-11-29 23:21:28,162 [EndpointStateMachine task thread for /0.0.0.0:43677 - 0 ] INFO  server.RaftServer (RaftServerProxy.java:lambda$start$5(374)) - 49fe3bb7-2dae-482d-a175-9585c41bacad: start RPC server
2021-11-29 23:21:28,184 [EndpointStateMachine task thread for /0.0.0.0:43677 - 0 ] INFO  server.GrpcService (GrpcService.java:startImpl(253)) - 49fe3bb7-2dae-482d-a175-9585c41bacad: GrpcService started, listening on 39121
2021-11-29 23:21:28,185 [EndpointStateMachine task thread for /0.0.0.0:43677 - 0 ] INFO  ratis.XceiverServerRatis (XceiverServerRatis.java:getRealPort(505)) - XceiverServerRatis 49fe3bb7-2dae-482d-a175-9585c41bacad is started using port 39121 for RATIS
2021-11-29 23:21:28,185 [EndpointStateMachine task thread for /0.0.0.0:43677 - 0 ] INFO  ratis.XceiverServerRatis (XceiverServerRatis.java:getRealPort(505)) - XceiverServerRatis 49fe3bb7-2dae-482d-a175-9585c41bacad is started using port 39121 for RATIS_ADMIN
2021-11-29 23:21:28,185 [EndpointStateMachine task thread for /0.0.0.0:43677 - 0 ] INFO  ratis.XceiverServerRatis (XceiverServerRatis.java:getRealPort(505)) - XceiverServerRatis 49fe3bb7-2dae-482d-a175-9585c41bacad is started using port 39121 for RATIS_SERVER
2021-11-29 23:21:28,198 [EndpointStateMachine task thread for /0.0.0.0:43677 - 0 ] INFO  server.XceiverServerGrpc (XceiverServerGrpc.java:start(135)) - XceiverServerGrpc 49fe3bb7-2dae-482d-a175-9585c41bacad is started using port 42985
2021-11-29 23:21:28,241 [org.apache.ratis.util.JvmPauseMonitor$$Lambda$535/1672973847@5e12013d] INFO  util.JvmPauseMonitor (JvmPauseMonitor.java:run(103)) - JvmPauseMonitor-49fe3bb7-2dae-482d-a175-9585c41bacad: Started
2021-11-29 23:21:28,367 [ReplicationMonitor] INFO  container.ReplicationManager (ReplicationManager.java:processAll(371)) - Replication Monitor Thread took 0 milliseconds for processing 0 containers.
2021-11-29 23:21:28,576 [Listener at 127.0.0.1/46101] INFO  ozone.MiniOzoneClusterImpl (MiniOzoneClusterImpl.java:lambda$waitForClusterToBeReady$0(235)) - Waiting for nodes to be ready. Got 0 of 4 DN Heartbeats.
2021-11-29 23:21:28,577 [Listener at 127.0.0.1/46101] INFO  ozone.MiniOzoneClusterImpl (MiniOzoneClusterImpl.java:lambda$waitForClusterToBeReady$0(238)) - Waiting for cluster to exit safe mode
2021-11-29 23:21:28,577 [Listener at 127.0.0.1/46101] INFO  ozone.MiniOzoneClusterImpl (MiniOzoneClusterImpl.java:lambda$waitForClusterToBeReady$0(240)) - SCM became leader
2021-11-29 23:21:28,606 [IPC Server handler 13 on default port 43677] INFO  net.NetworkTopologyImpl (NetworkTopologyImpl.java:add(112)) - Added a new node: /default-rack/9eaa9061-0cbd-4a3d-8091-a973303b955e
2021-11-29 23:21:28,606 [IPC Server handler 13 on default port 43677] INFO  node.SCMNodeManager (SCMNodeManager.java:register(389)) - Registered Data node : 9eaa9061-0cbd-4a3d-8091-a973303b955e{ip: 10.1.0.37, host: fv-az148-447.bm4ck3pvxvsene1rjriu5fhcdb.bx.internal.cloudapp.net, ports: [REPLICATION=43805, RATIS=35167, RATIS_ADMIN=35167, RATIS_SERVER=35167, STANDALONE=42101], networkLocation: /default-rack, certSerialId: null, persistedOpState: null, persistedOpStateExpiryEpochSec: 0}
2021-11-29 23:21:28,608 [EventQueue-NodeRegistrationContainerReportForContainerSafeModeRule] INFO  safemode.SCMSafeModeManager (SCMSafeModeManager.java:validateSafeModeExitRules(204)) - ContainerSafeModeRule rule is successfully validated
2021-11-29 23:21:28,608 [EventQueue-NodeRegistrationContainerReportForDataNodeSafeModeRule] INFO  safemode.SCMSafeModeManager (DataNodeSafeModeRule.java:process(71)) - SCM in safe mode. 1 DataNodes registered, 3 required.
2021-11-29 23:21:28,621 [EventQueue-NewNodeForNewNodeHandler] INFO  pipeline.BackgroundPipelineCreator (BackgroundPipelineCreator.java:notifyEventTriggered(285)) - trigger a one-shot run on RatisPipelineUtilsThread.
2021-11-29 23:21:28,622 [RatisPipelineUtilsThread - 0] INFO  pipeline.RatisPipelineProvider (RatisPipelineProvider.java:lambda$create$0(183)) - Sending CreatePipelineCommand for pipeline:PipelineID=e6d1eda4-a2d7-4e09-aea9-828664caa80e to datanode:9eaa9061-0cbd-4a3d-8091-a973303b955e
2021-11-29 23:21:28,622 [EventQueue-PipelineReportForOneReplicaPipelineSafeModeRule] INFO  safemode.SCMSafeModeManager (SCMSafeModeManager.java:validateSafeModeExitRules(204)) - AtleastOneDatanodeReportedRule rule is successfully validated
2021-11-29 23:21:28,625 [RatisPipelineUtilsThread - 0] INFO  pipeline.PipelineStateManagerImpl (PipelineStateManagerImpl.java:addPipeline(101)) - Created pipeline Pipeline[ Id: e6d1eda4-a2d7-4e09-aea9-828664caa80e, Nodes: 9eaa9061-0cbd-4a3d-8091-a973303b955e{ip: 10.1.0.37, host: fv-az148-447.bm4ck3pvxvsene1rjriu5fhcdb.bx.internal.cloudapp.net, ports: [REPLICATION=43805, RATIS=35167, RATIS_ADMIN=35167, RATIS_SERVER=35167, STANDALONE=42101], networkLocation: /default-rack, certSerialId: null, persistedOpState: IN_SERVICE, persistedOpStateExpiryEpochSec: 0}, ReplicationConfig: RATIS/ONE, State:ALLOCATED, leaderId:, CreationTimestamp2021-11-29T23:21:28.622Z[Etc/UTC]].
2021-11-29 23:21:28,658 [EndpointStateMachine task thread for /0.0.0.0:43677 - 0 ] INFO  ozoneimpl.OzoneContainer (OzoneContainer.java:start(304)) - Attempting to start container services.
2021-11-29 23:21:28,658 [EndpointStateMachine task thread for /0.0.0.0:43677 - 0 ] INFO  ozoneimpl.OzoneContainer (OzoneContainer.java:startContainerScrub(249)) - Background container scanner has been disabled.
2021-11-29 23:21:28,708 [EndpointStateMachine task thread for /0.0.0.0:43677 - 0 ] INFO  replication.ReplicationServer (ReplicationServer.java:start(107)) - ReplicationServer is started using port 45045
2021-11-29 23:21:28,737 [EndpointStateMachine task thread for /0.0.0.0:43677 - 0 ] INFO  ratis.XceiverServerRatis (XceiverServerRatis.java:start(484)) - Starting XceiverServerRatis 74f41514-20ca-4955-9e3a-cfde988d45f9
2021-11-29 23:21:28,774 [EndpointStateMachine task thread for /0.0.0.0:43677 - 0 ] INFO  server.RaftServer (RaftServerProxy.java:lambda$start$5(374)) - 74f41514-20ca-4955-9e3a-cfde988d45f9: start RPC server
2021-11-29 23:21:28,802 [EndpointStateMachine task thread for /0.0.0.0:43677 - 0 ] INFO  server.GrpcService (GrpcService.java:startImpl(253)) - 74f41514-20ca-4955-9e3a-cfde988d45f9: GrpcService started, listening on 37127
2021-11-29 23:21:28,802 [EndpointStateMachine task thread for /0.0.0.0:43677 - 0 ] INFO  ratis.XceiverServerRatis (XceiverServerRatis.java:getRealPort(505)) - XceiverServerRatis 74f41514-20ca-4955-9e3a-cfde988d45f9 is started using port 37127 for RATIS
2021-11-29 23:21:28,802 [EndpointStateMachine task thread for /0.0.0.0:43677 - 0 ] INFO  ratis.XceiverServerRatis (XceiverServerRatis.java:getRealPort(505)) - XceiverServerRatis 74f41514-20ca-4955-9e3a-cfde988d45f9 is started using port 37127 for RATIS_ADMIN
2021-11-29 23:21:28,802 [EndpointStateMachine task thread for /0.0.0.0:43677 - 0 ] INFO  ratis.XceiverServerRatis (XceiverServerRatis.java:getRealPort(505)) - XceiverServerRatis 74f41514-20ca-4955-9e3a-cfde988d45f9 is started using port 37127 for RATIS_SERVER
2021-11-29 23:21:28,815 [EndpointStateMachine task thread for /0.0.0.0:43677 - 0 ] INFO  server.XceiverServerGrpc (XceiverServerGrpc.java:start(135)) - XceiverServerGrpc 74f41514-20ca-4955-9e3a-cfde988d45f9 is started using port 33889
2021-11-29 23:21:28,865 [org.apache.ratis.util.JvmPauseMonitor$$Lambda$535/1672973847@23b50f4e] INFO  util.JvmPauseMonitor (JvmPauseMonitor.java:run(103)) - JvmPauseMonitor-74f41514-20ca-4955-9e3a-cfde988d45f9: Started
2021-11-29 23:21:29,155 [IPC Server handler 13 on default port 43677] INFO  net.NetworkTopologyImpl (NetworkTopologyImpl.java:add(112)) - Added a new node: /default-rack/45f86aeb-e384-4aa9-8d84-a9c74618d31d
2021-11-29 23:21:29,155 [IPC Server handler 13 on default port 43677] INFO  node.SCMNodeManager (SCMNodeManager.java:register(389)) - Registered Data node : 45f86aeb-e384-4aa9-8d84-a9c74618d31d{ip: 10.1.0.37, host: fv-az148-447.bm4ck3pvxvsene1rjriu5fhcdb.bx.internal.cloudapp.net, ports: [REPLICATION=41895, RATIS=38125, RATIS_ADMIN=38125, RATIS_SERVER=38125, STANDALONE=35311], networkLocation: /default-rack, certSerialId: null, persistedOpState: null, persistedOpStateExpiryEpochSec: 0}
2021-11-29 23:21:29,155 [EventQueue-NewNodeForNewNodeHandler] INFO  pipeline.BackgroundPipelineCreator (BackgroundPipelineCreator.java:notifyEventTriggered(285)) - trigger a one-shot run on RatisPipelineUtilsThread.
2021-11-29 23:21:29,159 [EventQueue-NodeRegistrationContainerReportForDataNodeSafeModeRule] INFO  safemode.SCMSafeModeManager (DataNodeSafeModeRule.java:process(71)) - SCM in safe mode. 2 DataNodes registered, 3 required.
2021-11-29 23:21:29,170 [RatisPipelineUtilsThread - 0] INFO  pipeline.RatisPipelineProvider (RatisPipelineProvider.java:lambda$create$0(183)) - Sending CreatePipelineCommand for pipeline:PipelineID=8749110a-0e6f-4567-8a4b-d3c789e88085 to datanode:45f86aeb-e384-4aa9-8d84-a9c74618d31d
2021-11-29 23:21:29,170 [RatisPipelineUtilsThread - 0] INFO  pipeline.PipelineStateManagerImpl (PipelineStateManagerImpl.java:addPipeline(101)) - Created pipeline Pipeline[ Id: 8749110a-0e6f-4567-8a4b-d3c789e88085, Nodes: 45f86aeb-e384-4aa9-8d84-a9c74618d31d{ip: 10.1.0.37, host: fv-az148-447.bm4ck3pvxvsene1rjriu5fhcdb.bx.internal.cloudapp.net, ports: [REPLICATION=41895, RATIS=38125, RATIS_ADMIN=38125, RATIS_SERVER=38125, STANDALONE=35311], networkLocation: /default-rack, certSerialId: null, persistedOpState: IN_SERVICE, persistedOpStateExpiryEpochSec: 0}, ReplicationConfig: RATIS/ONE, State:ALLOCATED, leaderId:, CreationTimestamp2021-11-29T23:21:29.170Z[Etc/UTC]].
2021-11-29 23:21:29,367 [ReplicationMonitor] INFO  container.ReplicationManager (ReplicationManager.java:processAll(371)) - Replication Monitor Thread took 0 milliseconds for processing 0 containers.
2021-11-29 23:21:29,577 [Listener at 127.0.0.1/46101] INFO  ozone.MiniOzoneClusterImpl (MiniOzoneClusterImpl.java:lambda$waitForClusterToBeReady$0(235)) - Waiting for nodes to be ready. Got 2 of 4 DN Heartbeats.
2021-11-29 23:21:29,588 [Listener at 127.0.0.1/46101] INFO  ozone.MiniOzoneClusterImpl (MiniOzoneClusterImpl.java:lambda$waitForClusterToBeReady$0(238)) - Waiting for cluster to exit safe mode
2021-11-29 23:21:29,588 [Listener at 127.0.0.1/46101] INFO  ozone.MiniOzoneClusterImpl (MiniOzoneClusterImpl.java:lambda$waitForClusterToBeReady$0(240)) - SCM became leader
2021-11-29 23:21:30,095 [IPC Server handler 19 on default port 43677] INFO  net.NetworkTopologyImpl (NetworkTopologyImpl.java:add(112)) - Added a new node: /default-rack/49fe3bb7-2dae-482d-a175-9585c41bacad
2021-11-29 23:21:30,096 [IPC Server handler 19 on default port 43677] INFO  node.SCMNodeManager (SCMNodeManager.java:register(389)) - Registered Data node : 49fe3bb7-2dae-482d-a175-9585c41bacad{ip: 10.1.0.37, host: fv-az148-447.bm4ck3pvxvsene1rjriu5fhcdb.bx.internal.cloudapp.net, ports: [REPLICATION=42823, RATIS=39121, RATIS_ADMIN=39121, RATIS_SERVER=39121, STANDALONE=42985], networkLocation: /default-rack, certSerialId: null, persistedOpState: null, persistedOpStateExpiryEpochSec: 0}
2021-11-29 23:21:30,096 [EventQueue-NewNodeForNewNodeHandler] INFO  pipeline.BackgroundPipelineCreator (BackgroundPipelineCreator.java:notifyEventTriggered(285)) - trigger a one-shot run on RatisPipelineUtilsThread.
2021-11-29 23:21:30,097 [RatisPipelineUtilsThread - 0] INFO  pipeline.RatisPipelineProvider (RatisPipelineProvider.java:lambda$create$0(183)) - Sending CreatePipelineCommand for pipeline:PipelineID=f2c9405e-af07-4ae4-998b-81b74c2b8187 to datanode:49fe3bb7-2dae-482d-a175-9585c41bacad
2021-11-29 23:21:30,097 [EventQueue-NodeRegistrationContainerReportForDataNodeSafeModeRule] INFO  safemode.SCMSafeModeManager (DataNodeSafeModeRule.java:process(71)) - SCM in safe mode. 3 DataNodes registered, 3 required.
2021-11-29 23:21:30,097 [EventQueue-NodeRegistrationContainerReportForDataNodeSafeModeRule] INFO  safemode.SCMSafeModeManager (SCMSafeModeManager.java:validateSafeModeExitRules(204)) - DataNodeSafeModeRule rule is successfully validated
2021-11-29 23:21:30,097 [EventQueue-NodeRegistrationContainerReportForDataNodeSafeModeRule] INFO  safemode.SCMSafeModeManager (SCMSafeModeManager.java:completePreCheck(233)) - All SCM safe mode pre check rules have passed
2021-11-29 23:21:30,097 [EventQueue-NodeRegistrationContainerReportForDataNodeSafeModeRule] WARN  events.EventQueue (EventQueue.java:fireEvent(194)) - No event handler registered for event TypedEvent{payloadType=SafeModeStatus, name='Safe mode status'}
2021-11-29 23:21:30,097 [EventQueue-NodeRegistrationContainerReportForDataNodeSafeModeRule] INFO  ha.SCMContext (SCMContext.java:updateSafeModeStatus(205)) - Update SafeModeStatus from SafeModeStatus{safeModeStatus=true, preCheckPassed=false} to SafeModeStatus{safeModeStatus=true, preCheckPassed=true}.
2021-11-29 23:21:30,097 [EventQueue-NodeRegistrationContainerReportForDataNodeSafeModeRule] INFO  pipeline.BackgroundPipelineCreator (BackgroundPipelineCreator.java:notifyEventTriggered(285)) - trigger a one-shot run on RatisPipelineUtilsThread.
2021-11-29 23:21:30,097 [RatisPipelineUtilsThread - 0] INFO  pipeline.PipelineStateManagerImpl (PipelineStateManagerImpl.java:addPipeline(101)) - Created pipeline Pipeline[ Id: f2c9405e-af07-4ae4-998b-81b74c2b8187, Nodes: 49fe3bb7-2dae-482d-a175-9585c41bacad{ip: 10.1.0.37, host: fv-az148-447.bm4ck3pvxvsene1rjriu5fhcdb.bx.internal.cloudapp.net, ports: [REPLICATION=42823, RATIS=39121, RATIS_ADMIN=39121, RATIS_SERVER=39121, STANDALONE=42985], networkLocation: /default-rack, certSerialId: null, persistedOpState: IN_SERVICE, persistedOpStateExpiryEpochSec: 0}, ReplicationConfig: RATIS/ONE, State:ALLOCATED, leaderId:, CreationTimestamp2021-11-29T23:21:30.097Z[Etc/UTC]].
2021-11-29 23:21:30,098 [RatisPipelineUtilsThread - 0] INFO  pipeline.RatisPipelineProvider (RatisPipelineProvider.java:lambda$create$0(183)) - Sending CreatePipelineCommand for pipeline:PipelineID=7dc958fb-87f0-4515-a55e-677ddb1507c0 to datanode:49fe3bb7-2dae-482d-a175-9585c41bacad
2021-11-29 23:21:30,098 [RatisPipelineUtilsThread - 0] INFO  pipeline.RatisPipelineProvider (RatisPipelineProvider.java:lambda$create$0(183)) - Sending CreatePipelineCommand for pipeline:PipelineID=7dc958fb-87f0-4515-a55e-677ddb1507c0 to datanode:45f86aeb-e384-4aa9-8d84-a9c74618d31d
2021-11-29 23:21:30,098 [RatisPipelineUtilsThread - 0] INFO  pipeline.RatisPipelineProvider (RatisPipelineProvider.java:lambda$create$0(183)) - Sending CreatePipelineCommand for pipeline:PipelineID=7dc958fb-87f0-4515-a55e-677ddb1507c0 to datanode:9eaa9061-0cbd-4a3d-8091-a973303b955e
2021-11-29 23:21:30,098 [RatisPipelineUtilsThread - 0] INFO  pipeline.PipelineStateManagerImpl (PipelineStateManagerImpl.java:addPipeline(101)) - Created pipeline Pipeline[ Id: 7dc958fb-87f0-4515-a55e-677ddb1507c0, Nodes: 49fe3bb7-2dae-482d-a175-9585c41bacad{ip: 10.1.0.37, host: fv-az148-447.bm4ck3pvxvsene1rjriu5fhcdb.bx.internal.cloudapp.net, ports: [REPLICATION=42823, RATIS=39121, RATIS_ADMIN=39121, RATIS_SERVER=39121, STANDALONE=42985], networkLocation: /default-rack, certSerialId: null, persistedOpState: IN_SERVICE, persistedOpStateExpiryEpochSec: 0}45f86aeb-e384-4aa9-8d84-a9c74618d31d{ip: 10.1.0.37, host: fv-az148-447.bm4ck3pvxvsene1rjriu5fhcdb.bx.internal.cloudapp.net, ports: [REPLICATION=41895, RATIS=38125, RATIS_ADMIN=38125, RATIS_SERVER=38125, STANDALONE=35311], networkLocation: /default-rack, certSerialId: null, persistedOpState: IN_SERVICE, persistedOpStateExpiryEpochSec: 0}9eaa9061-0cbd-4a3d-8091-a973303b955e{ip: 10.1.0.37, host: fv-az148-447.bm4ck3pvxvsene1rjriu5fhcdb.bx.internal.cloudapp.net, ports: [REPLICATION=43805, RATIS=35167, RATIS_ADMIN=35167, RATIS_SERVER=35167, STANDALONE=42101], networkLocation: /default-rack, certSerialId: null, persistedOpState: IN_SERVICE, persistedOpStateExpiryEpochSec: 0}, ReplicationConfig: RATIS/THREE, State:ALLOCATED, leaderId:, CreationTimestamp2021-11-29T23:21:30.097Z[Etc/UTC]].
2021-11-29 23:21:30,367 [ReplicationMonitor] INFO  container.ReplicationManager (ReplicationManager.java:processAll(371)) - Replication Monitor Thread took 0 milliseconds for processing 0 containers.
2021-11-29 23:21:30,588 [Listener at 127.0.0.1/46101] INFO  ozone.MiniOzoneClusterImpl (MiniOzoneClusterImpl.java:lambda$waitForClusterToBeReady$0(235)) - Waiting for nodes to be ready. Got 3 of 4 DN Heartbeats.
2021-11-29 23:21:30,590 [Listener at 127.0.0.1/46101] INFO  ozone.MiniOzoneClusterImpl (MiniOzoneClusterImpl.java:lambda$waitForClusterToBeReady$0(238)) - Waiting for cluster to exit safe mode
2021-11-29 23:21:30,590 [Listener at 127.0.0.1/46101] INFO  ozone.MiniOzoneClusterImpl (MiniOzoneClusterImpl.java:lambda$waitForClusterToBeReady$0(240)) - SCM became leader
2021-11-29 23:21:30,638 [IPC Server handler 15 on default port 43677] INFO  net.NetworkTopologyImpl (NetworkTopologyImpl.java:add(112)) - Added a new node: /default-rack/74f41514-20ca-4955-9e3a-cfde988d45f9
2021-11-29 23:21:30,638 [IPC Server handler 15 on default port 43677] INFO  node.SCMNodeManager (SCMNodeManager.java:register(389)) - Registered Data node : 74f41514-20ca-4955-9e3a-cfde988d45f9{ip: 10.1.0.37, host: fv-az148-447.bm4ck3pvxvsene1rjriu5fhcdb.bx.internal.cloudapp.net, ports: [REPLICATION=45045, RATIS=37127, RATIS_ADMIN=37127, RATIS_SERVER=37127, STANDALONE=33889], networkLocation: /default-rack, certSerialId: null, persistedOpState: null, persistedOpStateExpiryEpochSec: 0}
2021-11-29 23:21:30,638 [EventQueue-NewNodeForNewNodeHandler] INFO  pipeline.BackgroundPipelineCreator (BackgroundPipelineCreator.java:notifyEventTriggered(285)) - trigger a one-shot run on RatisPipelineUtilsThread.
2021-11-29 23:21:30,639 [RatisPipelineUtilsThread - 0] INFO  pipeline.RatisPipelineProvider (RatisPipelineProvider.java:lambda$create$0(183)) - Sending CreatePipelineCommand for pipeline:PipelineID=e9e31f76-78c3-423a-ad98-2750b8c67c55 to datanode:74f41514-20ca-4955-9e3a-cfde988d45f9
2021-11-29 23:21:30,641 [RatisPipelineUtilsThread - 0] INFO  pipeline.PipelineStateManagerImpl (PipelineStateManagerImpl.java:addPipeline(101)) - Created pipeline Pipeline[ Id: e9e31f76-78c3-423a-ad98-2750b8c67c55, Nodes: 74f41514-20ca-4955-9e3a-cfde988d45f9{ip: 10.1.0.37, host: fv-az148-447.bm4ck3pvxvsene1rjriu5fhcdb.bx.internal.cloudapp.net, ports: [REPLICATION=45045, RATIS=37127, RATIS_ADMIN=37127, RATIS_SERVER=37127, STANDALONE=33889], networkLocation: /default-rack, certSerialId: null, persistedOpState: IN_SERVICE, persistedOpStateExpiryEpochSec: 0}, ReplicationConfig: RATIS/ONE, State:ALLOCATED, leaderId:, CreationTimestamp2021-11-29T23:21:30.639Z[Etc/UTC]].
2021-11-29 23:21:31,372 [ReplicationMonitor] INFO  container.ReplicationManager (ReplicationManager.java:processAll(371)) - Replication Monitor Thread took 0 milliseconds for processing 0 containers.
2021-11-29 23:21:31,606 [Command processor thread] INFO  server.RaftServer (RaftServerProxy.java:addNew(95)) - 9eaa9061-0cbd-4a3d-8091-a973303b955e: addNew group-828664CAA80E:[9eaa9061-0cbd-4a3d-8091-a973303b955e|rpc:10.1.0.37:35167|priority:1] returns group-828664CAA80E:java.util.concurrent.CompletableFuture@162e0487[Not completed]
2021-11-29 23:21:31,609 [Listener at 127.0.0.1/46101] INFO  ozone.MiniOzoneClusterImpl (MiniOzoneClusterImpl.java:lambda$waitForClusterToBeReady$0(235)) - Nodes are ready. Got 4 of 4 DN Heartbeats.
2021-11-29 23:21:31,637 [Listener at 127.0.0.1/46101] INFO  ozone.MiniOzoneClusterImpl (MiniOzoneClusterImpl.java:lambda$waitForClusterToBeReady$0(238)) - Waiting for cluster to exit safe mode
2021-11-29 23:21:31,637 [Listener at 127.0.0.1/46101] INFO  ozone.MiniOzoneClusterImpl (MiniOzoneClusterImpl.java:lambda$waitForClusterToBeReady$0(240)) - SCM became leader
2021-11-29 23:21:31,698 [pool-678-thread-1] INFO  server.RaftServer$Division (RaftServerImpl.java:<init>(184)) - 9eaa9061-0cbd-4a3d-8091-a973303b955e: new RaftServerImpl for group-828664CAA80E:[9eaa9061-0cbd-4a3d-8091-a973303b955e|rpc:10.1.0.37:35167|priority:1] with ContainerStateMachine:uninitialized
2021-11-29 23:21:31,698 [pool-678-thread-1] INFO  server.RaftServerConfigKeys (ConfUtils.java:logGet(44)) - raft.server.rpc.timeout.min = 5s (custom)
2021-11-29 23:21:31,699 [pool-678-thread-1] INFO  server.RaftServerConfigKeys (ConfUtils.java:logGet(44)) - raft.server.rpc.timeout.max = 5200ms (custom)
2021-11-29 23:21:31,699 [pool-678-thread-1] INFO  server.RaftServerConfigKeys (ConfUtils.java:logGet(44)) - raft.server.rpc.sleep.time = 25ms (default)
2021-11-29 23:21:31,699 [pool-678-thread-1] INFO  server.RaftServerConfigKeys (ConfUtils.java:logGet(44)) - raft.server.rpc.slowness.timeout = 300s (custom)
2021-11-29 23:21:31,699 [pool-678-thread-1] INFO  server.RaftServerConfigKeys (ConfUtils.java:logGet(44)) - raft.server.leaderelection.leader.step-down.wait-time = 10s (default)
2021-11-29 23:21:31,699 [pool-678-thread-1] INFO  server.RaftServerConfigKeys (ConfUtils.java:logGet(44)) - raft.server.sleep.deviation.threshold = 300ms (default)
2021-11-29 23:21:31,699 [pool-678-thread-1] INFO  server.RaftServerConfigKeys (ConfUtils.java:logGet(44)) - raft.server.log.appender.install.snapshot.enabled = false (custom)
2021-11-29 23:21:31,699 [pool-678-thread-1] INFO  server.RaftServer$Division (ServerState.java:<init>(105)) - 9eaa9061-0cbd-4a3d-8091-a973303b955e@group-828664CAA80E: ConfigurationManager, init=-1: [9eaa9061-0cbd-4a3d-8091-a973303b955e|rpc:10.1.0.37:35167|priority:1], old=null, confs=<EMPTY_MAP>
2021-11-29 23:21:31,699 [pool-678-thread-1] INFO  server.RaftServerConfigKeys (ConfUtils.java:logGet(44)) - raft.server.storage.dir = [/home/runner/work/ozone/ozone/hadoop-ozone/integration-test/target/test-dir/MiniOzoneClusterImpl-94814d1b-625b-4fc6-932d-e037948e86e0/datanode-0/data/ratis] (custom)
2021-11-29 23:21:31,699 [pool-678-thread-1] INFO  server.RaftServerConfigKeys (ConfUtils.java:logGet(44)) - raft.server.log.corruption.policy = EXCEPTION (default)
2021-11-29 23:21:31,699 [pool-678-thread-1] INFO  server.RaftServerConfigKeys (ConfUtils.java:logGet(44)) - raft.server.storage.free-space.min = 0MB (=0) (default)
2021-11-29 23:21:31,699 [pool-678-thread-1] INFO  storage.RaftStorageDirectory (RaftStorageDirectoryImpl.java:analyzeStorage(135)) - The storage directory /home/runner/work/ozone/ozone/hadoop-ozone/integration-test/target/test-dir/MiniOzoneClusterImpl-94814d1b-625b-4fc6-932d-e037948e86e0/datanode-0/data/ratis/e6d1eda4-a2d7-4e09-aea9-828664caa80e does not exist. Creating ...
2021-11-29 23:21:31,708 [pool-678-thread-1] INFO  storage.RaftStorageDirectory (RaftStorageDirectoryImpl.java:tryLock(230)) - Lock on /home/runner/work/ozone/ozone/hadoop-ozone/integration-test/target/test-dir/MiniOzoneClusterImpl-94814d1b-625b-4fc6-932d-e037948e86e0/datanode-0/data/ratis/e6d1eda4-a2d7-4e09-aea9-828664caa80e/in_use.lock acquired by nodename 20448@fv-az148-447
2021-11-29 23:21:31,710 [pool-678-thread-1] INFO  storage.RaftStorage (RaftStorageImpl.java:format(89)) - Storage directory /home/runner/work/ozone/ozone/hadoop-ozone/integration-test/target/test-dir/MiniOzoneClusterImpl-94814d1b-625b-4fc6-932d-e037948e86e0/datanode-0/data/ratis/e6d1eda4-a2d7-4e09-aea9-828664caa80e has been successfully formatted.
2021-11-29 23:21:31,722 [pool-678-thread-1] INFO  ratis.ContainerStateMachine (ContainerStateMachine.java:loadSnapshot(224)) - group-828664CAA80E: The snapshot info is null. Setting the last applied indexto:(t:0, i:~)
2021-11-29 23:21:31,722 [pool-678-thread-1] INFO  server.RaftServerConfigKeys (ConfUtils.java:logGet(44)) - raft.server.notification.no-leader.timeout = 300s (custom)
2021-11-29 23:21:31,722 [pool-678-thread-1] INFO  server.RaftServerConfigKeys (ConfUtils.java:logGet(44)) - raft.server.log.use.memory = false (default)
2021-11-29 23:21:31,722 [pool-678-thread-1] INFO  server.RaftServerConfigKeys (ConfUtils.java:logGet(44)) - raft.server.log.purge.gap = 1000000 (custom)
2021-11-29 23:21:31,722 [pool-678-thread-1] INFO  server.RaftServerConfigKeys (ConfUtils.java:logGet(44)) - raft.server.log.appender.buffer.byte-limit = 33554432 (custom)
2021-11-29 23:21:31,722 [pool-678-thread-1] INFO  server.RaftServerConfigKeys (ConfUtils.java:logGet(44)) - raft.server.log.segment.size.max = 1048576 (custom)
2021-11-29 23:21:31,723 [pool-678-thread-1] INFO  server.RaftServerConfigKeys (ConfUtils.java:logGet(44)) - raft.server.log.segment.cache.num.max = 2 (custom)
2021-11-29 23:21:31,723 [pool-678-thread-1] INFO  server.RaftServerConfigKeys (ConfUtils.java:logGet(44)) - raft.server.log.segment.cache.size.max = 200MB (=209715200) (default)
2021-11-29 23:21:31,723 [pool-678-thread-1] INFO  segmented.SegmentedRaftLogWorker (SegmentedRaftLogWorker.java:<init>(182)) - new 9eaa9061-0cbd-4a3d-8091-a973303b955e@group-828664CAA80E-SegmentedRaftLogWorker for RaftStorageImpl:Storage Directory /home/runner/work/ozone/ozone/hadoop-ozone/integration-test/target/test-dir/MiniOzoneClusterImpl-94814d1b-625b-4fc6-932d-e037948e86e0/datanode-0/data/ratis/e6d1eda4-a2d7-4e09-aea9-828664caa80e
2021-11-29 23:21:31,723 [pool-678-thread-1] INFO  server.RaftServerConfigKeys (ConfUtils.java:logGet(44)) - raft.server.log.queue.byte-limit = 2147483647 (custom)
2021-11-29 23:21:31,723 [pool-678-thread-1] INFO  server.RaftServerConfigKeys (ConfUtils.java:logGet(44)) - raft.server.log.queue.element-limit = 1024 (custom)
2021-11-29 23:21:31,723 [pool-678-thread-1] INFO  server.RaftServerConfigKeys (ConfUtils.java:logGet(44)) - raft.server.log.segment.size.max = 1048576 (custom)
2021-11-29 23:21:31,723 [pool-678-thread-1] INFO  server.RaftServerConfigKeys (ConfUtils.java:logGet(44)) - raft.server.log.preallocated.size = 16384 (custom)
2021-11-29 23:21:31,723 [pool-678-thread-1] INFO  server.RaftServerConfigKeys (ConfUtils.java:logGet(44)) - raft.server.log.force.sync.num = 128 (default)
2021-11-29 23:21:31,723 [pool-678-thread-1] INFO  server.RaftServerConfigKeys (ConfUtils.java:logGet(44)) - raft.server.log.statemachine.data.sync = true (default)
2021-11-29 23:21:31,723 [pool-678-thread-1] INFO  server.RaftServerConfigKeys (ConfUtils.java:logGet(44)) - raft.server.log.statemachine.data.sync.timeout = 10s (default)
2021-11-29 23:21:31,723 [pool-678-thread-1] INFO  server.RaftServerConfigKeys (ConfUtils.java:logGet(44)) - raft.server.log.statemachine.data.sync.timeout.retry = -1 (default)
2021-11-29 23:21:31,724 [pool-678-thread-1] INFO  server.RaftServerConfigKeys (ConfUtils.java:logGet(44)) - raft.server.log.write.buffer.size = 1048576 (custom)
2021-11-29 23:21:31,724 [pool-678-thread-1] INFO  server.RaftServerConfigKeys (ConfUtils.java:logGet(44)) - raft.server.log.statemachine.data.caching.enabled = true (custom)
2021-11-29 23:21:31,724 [pool-678-thread-1] INFO  segmented.SegmentedRaftLogWorker (SegmentedRaftLogWorker.java:lambda$new$0(133)) - 9eaa9061-0cbd-4a3d-8091-a973303b955e@group-828664CAA80E-SegmentedRaftLogWorker: flushIndex: setUnconditionally 0 -> -1
2021-11-29 23:21:31,724 [pool-678-thread-1] INFO  segmented.SegmentedRaftLogWorker (SegmentedRaftLogWorker.java:lambda$new$0(133)) - 9eaa9061-0cbd-4a3d-8091-a973303b955e@group-828664CAA80E-SegmentedRaftLogWorker: safeCacheEvictIndex: setUnconditionally 0 -> -1
2021-11-29 23:21:31,725 [pool-678-thread-1] INFO  server.RaftServerConfigKeys (ConfUtils.java:logGet(44)) - raft.server.snapshot.auto.trigger.enabled = true (custom)
2021-11-29 23:21:31,725 [pool-678-thread-1] INFO  server.RaftServerConfigKeys (ConfUtils.java:logGet(44)) - raft.server.snapshot.auto.trigger.threshold = 10000 (custom)
2021-11-29 23:21:31,725 [pool-678-thread-1] INFO  server.RaftServerConfigKeys (ConfUtils.java:logGet(44)) - raft.server.snapshot.retention.file.num = 5 (custom)
2021-11-29 23:21:31,725 [pool-678-thread-1] INFO  server.RaftServerConfigKeys (ConfUtils.java:logGet(44)) - raft.server.log.purge.upto.snapshot.index = false (default)
2021-11-29 23:21:31,725 [pool-678-thread-1] INFO  server.RaftServerConfigKeys (ConfUtils.java:logGet(44)) - raft.server.retrycache.expirytime = 600000ms (custom)
2021-11-29 23:21:31,725 [pool-678-thread-1] INFO  server.RaftServerConfigKeys (ConfUtils.java:logGet(44)) - raft.server.retrycache.statistics.expirytime = 100μs (default)
2021-11-29 23:21:31,727 [pool-678-thread-1] INFO  server.RaftServer$Division (RaftServerImpl.java:start(301)) - 9eaa9061-0cbd-4a3d-8091-a973303b955e@group-828664CAA80E: start as a follower, conf=-1: [9eaa9061-0cbd-4a3d-8091-a973303b955e|rpc:10.1.0.37:35167|priority:1], old=null
2021-11-29 23:21:31,727 [pool-678-thread-1] INFO  server.RaftServer$Division (RaftServerImpl.java:setRole(290)) - 9eaa9061-0cbd-4a3d-8091-a973303b955e@group-828664CAA80E: changes role from      null to FOLLOWER at term 0 for startAsFollower
2021-11-29 23:21:31,727 [pool-678-thread-1] INFO  impl.RoleInfo (RoleInfo.java:updateAndGet(130)) - 9eaa9061-0cbd-4a3d-8091-a973303b955e: start 9eaa9061-0cbd-4a3d-8091-a973303b955e@group-828664CAA80E-FollowerState
2021-11-29 23:21:31,727 [pool-678-thread-1] INFO  util.JmxRegister (JmxRegister.java:tryRegister(44)) - Successfully registered JMX Bean with object name Ratis:service=RaftServer,group=group-828664CAA80E,id=9eaa9061-0cbd-4a3d-8091-a973303b955e
2021-11-29 23:21:31,728 [Command processor thread] INFO  ratis.XceiverServerRatis (XceiverServerRatis.java:addGroup(768)) - Created group PipelineID=e6d1eda4-a2d7-4e09-aea9-828664caa80e
2021-11-29 23:21:31,728 [Command processor thread] INFO  commandhandler.CreatePipelineCommandHandler (CreatePipelineCommandHandler.java:handle(106)) - Created Pipeline RATIS ONE PipelineID=e6d1eda4-a2d7-4e09-aea9-828664caa80e.
2021-11-29 23:21:31,728 [Command processor thread] INFO  server.RaftServer (RaftServerProxy.java:addNew(95)) - 9eaa9061-0cbd-4a3d-8091-a973303b955e: addNew group-677DDB1507C0:[9eaa9061-0cbd-4a3d-8091-a973303b955e|rpc:10.1.0.37:35167|priority:0, 45f86aeb-e384-4aa9-8d84-a9c74618d31d|rpc:10.1.0.37:38125|priority:1, 49fe3bb7-2dae-482d-a175-9585c41bacad|rpc:10.1.0.37:39121|priority:0] returns group-677DDB1507C0:java.util.concurrent.CompletableFuture@1211929a[Not completed]
2021-11-29 23:21:31,729 [pool-678-thread-1] INFO  server.RaftServer$Division (RaftServerImpl.java:<init>(184)) - 9eaa9061-0cbd-4a3d-8091-a973303b955e: new RaftServerImpl for group-677DDB1507C0:[9eaa9061-0cbd-4a3d-8091-a973303b955e|rpc:10.1.0.37:35167|priority:0, 45f86aeb-e384-4aa9-8d84-a9c74618d31d|rpc:10.1.0.37:38125|priority:1, 49fe3bb7-2dae-482d-a175-9585c41bacad|rpc:10.1.0.37:39121|priority:0] with ContainerStateMachine:uninitialized
2021-11-29 23:21:31,729 [pool-678-thread-1] INFO  server.RaftServerConfigKeys (ConfUtils.java:logGet(44)) - raft.server.rpc.timeout.min = 5s (custom)
2021-11-29 23:21:31,729 [pool-678-thread-1] INFO  server.RaftServerConfigKeys (ConfUtils.java:logGet(44)) - raft.server.rpc.timeout.max = 5200ms (custom)
2021-11-29 23:21:31,729 [pool-678-thread-1] INFO  server.RaftServerConfigKeys (ConfUtils.java:logGet(44)) - raft.server.rpc.sleep.time = 25ms (default)
2021-11-29 23:21:31,729 [pool-678-thread-1] INFO  server.RaftServerConfigKeys (ConfUtils.java:logGet(44)) - raft.server.rpc.slowness.timeout = 300s (custom)
2021-11-29 23:21:31,729 [pool-678-thread-1] INFO  server.RaftServerConfigKeys (ConfUtils.java:logGet(44)) - raft.server.leaderelection.leader.step-down.wait-time = 10s (default)
2021-11-29 23:21:31,729 [pool-678-thread-1] INFO  server.RaftServerConfigKeys (ConfUtils.java:logGet(44)) - raft.server.sleep.deviation.threshold = 300ms (default)
2021-11-29 23:21:31,729 [pool-678-thread-1] INFO  server.RaftServerConfigKeys (ConfUtils.java:logGet(44)) - raft.server.log.appender.install.snapshot.enabled = false (custom)
2021-11-29 23:21:31,729 [pool-678-thread-1] INFO  server.RaftServer$Division (ServerState.java:<init>(105)) - 9eaa9061-0cbd-4a3d-8091-a973303b955e@group-677DDB1507C0: ConfigurationManager, init=-1: [9eaa9061-0cbd-4a3d-8091-a973303b955e|rpc:10.1.0.37:35167|priority:0, 45f86aeb-e384-4aa9-8d84-a9c74618d31d|rpc:10.1.0.37:38125|priority:1, 49fe3bb7-2dae-482d-a175-9585c41bacad|rpc:10.1.0.37:39121|priority:0], old=null, confs=<EMPTY_MAP>
2021-11-29 23:21:31,729 [pool-678-thread-1] INFO  server.RaftServerConfigKeys (ConfUtils.java:logGet(44)) - raft.server.storage.dir = [/home/runner/work/ozone/ozone/hadoop-ozone/integration-test/target/test-dir/MiniOzoneClusterImpl-94814d1b-625b-4fc6-932d-e037948e86e0/datanode-0/data/ratis] (custom)
2021-11-29 23:21:31,730 [pool-678-thread-1] INFO  server.RaftServerConfigKeys (ConfUtils.java:logGet(44)) - raft.server.log.corruption.policy = EXCEPTION (default)
2021-11-29 23:21:31,730 [pool-678-thread-1] INFO  server.RaftServerConfigKeys (ConfUtils.java:logGet(44)) - raft.server.storage.free-space.min = 0MB (=0) (default)
2021-11-29 23:21:31,730 [pool-678-thread-1] INFO  storage.RaftStorageDirectory (RaftStorageDirectoryImpl.java:analyzeStorage(135)) - The storage directory /home/runner/work/ozone/ozone/hadoop-ozone/integration-test/target/test-dir/MiniOzoneClusterImpl-94814d1b-625b-4fc6-932d-e037948e86e0/datanode-0/data/ratis/7dc958fb-87f0-4515-a55e-677ddb1507c0 does not exist. Creating ...
2021-11-29 23:21:31,731 [pool-678-thread-1] INFO  storage.RaftStorageDirectory (RaftStorageDirectoryImpl.java:tryLock(230)) - Lock on /home/runner/work/ozone/ozone/hadoop-ozone/integration-test/target/test-dir/MiniOzoneClusterImpl-94814d1b-625b-4fc6-932d-e037948e86e0/datanode-0/data/ratis/7dc958fb-87f0-4515-a55e-677ddb1507c0/in_use.lock acquired by nodename 20448@fv-az148-447
2021-11-29 23:21:31,770 [EventQueue-PipelineReportForPipelineReportHandler] INFO  pipeline.PipelineManagerImpl (PipelineManagerImpl.java:openPipeline(289)) - Pipeline Pipeline[ Id: e6d1eda4-a2d7-4e09-aea9-828664caa80e, Nodes: 9eaa9061-0cbd-4a3d-8091-a973303b955e{ip: 10.1.0.37, host: fv-az148-447.bm4ck3pvxvsene1rjriu5fhcdb.bx.internal.cloudapp.net, ports: [REPLICATION=43805, RATIS=35167, RATIS_ADMIN=35167, RATIS_SERVER=35167, STANDALONE=42101], networkLocation: /default-rack, certSerialId: null, persistedOpState: IN_SERVICE, persistedOpStateExpiryEpochSec: 0}, ReplicationConfig: RATIS/ONE, State:ALLOCATED, leaderId:9eaa9061-0cbd-4a3d-8091-a973303b955e, CreationTimestamp2021-11-29T23:21:28.622Z[Etc/UTC]] moved to OPEN state
2021-11-29 23:21:31,787 [pool-678-thread-1] INFO  storage.RaftStorage (RaftStorageImpl.java:format(89)) - Storage directory /home/runner/work/ozone/ozone/hadoop-ozone/integration-test/target/test-dir/MiniOzoneClusterImpl-94814d1b-625b-4fc6-932d-e037948e86e0/datanode-0/data/ratis/7dc958fb-87f0-4515-a55e-677ddb1507c0 has been successfully formatted.
2021-11-29 23:21:31,797 [EventQueue-OpenPipelineForHealthyPipelineSafeModeRule] INFO  safemode.SCMSafeModeManager (HealthyPipelineSafeModeRule.java:process(124)) - SCM in safe mode. Healthy pipelines reported count is 0, required healthy pipeline reported count is 1
2021-11-29 23:21:31,811 [pool-678-thread-1] INFO  ratis.ContainerStateMachine (ContainerStateMachine.java:loadSnapshot(224)) - group-677DDB1507C0: The snapshot info is null. Setting the last applied indexto:(t:0, i:~)
2021-11-29 23:21:31,814 [pool-678-thread-1] INFO  server.RaftServerConfigKeys (ConfUtils.java:logGet(44)) - raft.server.notification.no-leader.timeout = 300s (custom)
2021-11-29 23:21:31,814 [pool-678-thread-1] INFO  server.RaftServerConfigKeys (ConfUtils.java:logGet(44)) - raft.server.log.use.memory = false (default)
2021-11-29 23:21:31,814 [pool-678-thread-1] INFO  server.RaftServerConfigKeys (ConfUtils.java:logGet(44)) - raft.server.log.purge.gap = 1000000 (custom)
2021-11-29 23:21:31,814 [pool-678-thread-1] INFO  server.RaftServerConfigKeys (ConfUtils.java:logGet(44)) - raft.server.log.appender.buffer.byte-limit = 33554432 (custom)
2021-11-29 23:21:31,814 [pool-678-thread-1] INFO  server.RaftServerConfigKeys (ConfUtils.java:logGet(44)) - raft.server.log.segment.size.max = 1048576 (custom)
2021-11-29 23:21:31,814 [pool-678-thread-1] INFO  server.RaftServerConfigKeys (ConfUtils.java:logGet(44)) - raft.server.log.segment.cache.num.max = 2 (custom)
2021-11-29 23:21:31,814 [pool-678-thread-1] INFO  server.RaftServerConfigKeys (ConfUtils.java:logGet(44)) - raft.server.log.segment.cache.size.max = 200MB (=209715200) (default)
2021-11-29 23:21:31,814 [pool-678-thread-1] INFO  segmented.SegmentedRaftLogWorker (SegmentedRaftLogWorker.java:<init>(182)) - new 9eaa9061-0cbd-4a3d-8091-a973303b955e@group-677DDB1507C0-SegmentedRaftLogWorker for RaftStorageImpl:Storage Directory /home/runner/work/ozone/ozone/hadoop-ozone/integration-test/target/test-dir/MiniOzoneClusterImpl-94814d1b-625b-4fc6-932d-e037948e86e0/datanode-0/data/ratis/7dc958fb-87f0-4515-a55e-677ddb1507c0
2021-11-29 23:21:31,814 [pool-678-thread-1] INFO  server.RaftServerConfigKeys (ConfUtils.java:logGet(44)) - raft.server.log.queue.byte-limit = 2147483647 (custom)
2021-11-29 23:21:31,814 [pool-678-thread-1] INFO  server.RaftServerConfigKeys (ConfUtils.java:logGet(44)) - raft.server.log.queue.element-limit = 1024 (custom)
2021-11-29 23:21:31,815 [pool-678-thread-1] INFO  server.RaftServerConfigKeys (ConfUtils.java:logGet(44)) - raft.server.log.segment.size.max = 1048576 (custom)
2021-11-29 23:21:31,815 [pool-678-thread-1] INFO  server.RaftServerConfigKeys (ConfUtils.java:logGet(44)) - raft.server.log.preallocated.size = 16384 (custom)
2021-11-29 23:21:31,815 [pool-678-thread-1] INFO  server.RaftServerConfigKeys (ConfUtils.java:logGet(44)) - raft.server.log.force.sync.num = 128 (default)
2021-11-29 23:21:31,815 [pool-678-thread-1] INFO  server.RaftServerConfigKeys (ConfUtils.java:logGet(44)) - raft.server.log.statemachine.data.sync = true (default)
2021-11-29 23:21:31,815 [pool-678-thread-1] INFO  server.RaftServerConfigKeys (ConfUtils.java:logGet(44)) - raft.server.log.statemachine.data.sync.timeout = 10s (default)
2021-11-29 23:21:31,815 [pool-678-thread-1] INFO  server.RaftServerConfigKeys (ConfUtils.java:logGet(44)) - raft.server.log.statemachine.data.sync.timeout.retry = -1 (default)
2021-11-29 23:21:31,816 [pool-678-thread-1] INFO  server.RaftServerConfigKeys (ConfUtils.java:logGet(44)) - raft.server.log.write.buffer.size = 1048576 (custom)
2021-11-29 23:21:31,816 [pool-678-thread-1] INFO  server.RaftServerConfigKeys (ConfUtils.java:logGet(44)) - raft.server.log.statemachine.data.caching.enabled = true (custom)
2021-11-29 23:21:31,816 [pool-678-thread-1] INFO  segmented.SegmentedRaftLogWorker (SegmentedRaftLogWorker.java:lambda$new$0(133)) - 9eaa9061-0cbd-4a3d-8091-a973303b955e@group-677DDB1507C0-SegmentedRaftLogWorker: flushIndex: setUnconditionally 0 -> -1
2021-11-29 23:21:31,816 [pool-678-thread-1] INFO  segmented.SegmentedRaftLogWorker (SegmentedRaftLogWorker.java:lambda$new$0(133)) - 9eaa9061-0cbd-4a3d-8091-a973303b955e@group-677DDB1507C0-SegmentedRaftLogWorker: safeCacheEvictIndex: setUnconditionally 0 -> -1
2021-11-29 23:21:31,817 [pool-678-thread-1] INFO  server.RaftServerConfigKeys (ConfUtils.java:logGet(44)) - raft.server.snapshot.auto.trigger.enabled = true (custom)
2021-11-29 23:21:31,817 [pool-678-thread-1] INFO  server.RaftServerConfigKeys (ConfUtils.java:logGet(44)) - raft.server.snapshot.auto.trigger.threshold = 10000 (custom)
2021-11-29 23:21:31,817 [pool-678-thread-1] INFO  server.RaftServerConfigKeys (ConfUtils.java:logGet(44)) - raft.server.snapshot.retention.file.num = 5 (custom)
2021-11-29 23:21:31,817 [pool-678-thread-1] INFO  server.RaftServerConfigKeys (ConfUtils.java:logGet(44)) - raft.server.log.purge.upto.snapshot.index = false (default)
2021-11-29 23:21:31,817 [pool-678-thread-1] INFO  server.RaftServerConfigKeys (ConfUtils.java:logGet(44)) - raft.server.retrycache.expirytime = 600000ms (custom)
2021-11-29 23:21:31,817 [pool-678-thread-1] INFO  server.RaftServerConfigKeys (ConfUtils.java:logGet(44)) - raft.server.retrycache.statistics.expirytime = 100μs (default)
2021-11-29 23:21:31,819 [pool-678-thread-1] INFO  server.RaftServer$Division (RaftServerImpl.java:start(301)) - 9eaa9061-0cbd-4a3d-8091-a973303b955e@group-677DDB1507C0: start as a follower, conf=-1: [9eaa9061-0cbd-4a3d-8091-a973303b955e|rpc:10.1.0.37:35167|priority:0, 45f86aeb-e384-4aa9-8d84-a9c74618d31d|rpc:10.1.0.37:38125|priority:1, 49fe3bb7-2dae-482d-a175-9585c41bacad|rpc:10.1.0.37:39121|priority:0], old=null
2021-11-29 23:21:31,819 [pool-678-thread-1] INFO  server.RaftServer$Division (RaftServerImpl.java:setRole(290)) - 9eaa9061-0cbd-4a3d-8091-a973303b955e@group-677DDB1507C0: changes role from      null to FOLLOWER at term 0 for startAsFollower
2021-11-29 23:21:31,819 [pool-678-thread-1] INFO  impl.RoleInfo (RoleInfo.java:updateAndGet(130)) - 9eaa9061-0cbd-4a3d-8091-a973303b955e: start 9eaa9061-0cbd-4a3d-8091-a973303b955e@group-677DDB1507C0-FollowerState
2021-11-29 23:21:31,821 [pool-678-thread-1] INFO  util.JmxRegister (JmxRegister.java:tryRegister(44)) - Successfully registered JMX Bean with object name Ratis:service=RaftServer,group=group-677DDB1507C0,id=9eaa9061-0cbd-4a3d-8091-a973303b955e
2021-11-29 23:21:31,822 [Command processor thread] INFO  ratis.XceiverServerRatis (XceiverServerRatis.java:addGroup(768)) - Created group PipelineID=7dc958fb-87f0-4515-a55e-677ddb1507c0
2021-11-29 23:21:31,839 [EventQueue-OpenPipelineForHealthyPipelineSafeModeRule] INFO  safemode.SCMSafeModeManager (HealthyPipelineSafeModeRule.java:process(124)) - SCM in safe mode. Healthy pipelines reported count is 0, required healthy pipeline reported count is 1
2021-11-29 23:21:31,873 [grpc-default-executor-6] INFO  server.RaftServer (RaftServerProxy.java:addNew(95)) - 49fe3bb7-2dae-482d-a175-9585c41bacad: addNew group-677DDB1507C0:[9eaa9061-0cbd-4a3d-8091-a973303b955e|rpc:10.1.0.37:35167|dataStream:|priority:0, 45f86aeb-e384-4aa9-8d84-a9c74618d31d|rpc:10.1.0.37:38125|dataStream:|priority:1, 49fe3bb7-2dae-482d-a175-9585c41bacad|rpc:10.1.0.37:39121|dataStream:|priority:0] returns group-677DDB1507C0:java.util.concurrent.CompletableFuture@2f8cbe5a[Not completed]
2021-11-29 23:21:31,892 [pool-716-thread-1] INFO  server.RaftServer$Division (RaftServerImpl.java:<init>(184)) - 49fe3bb7-2dae-482d-a175-9585c41bacad: new RaftServerImpl for group-677DDB1507C0:[9eaa9061-0cbd-4a3d-8091-a973303b955e|rpc:10.1.0.37:35167|dataStream:|priority:0, 45f86aeb-e384-4aa9-8d84-a9c74618d31d|rpc:10.1.0.37:38125|dataStream:|priority:1, 49fe3bb7-2dae-482d-a175-9585c41bacad|rpc:10.1.0.37:39121|dataStream:|priority:0] with ContainerStateMachine:uninitialized
2021-11-29 23:21:31,917 [pool-716-thread-1] INFO  server.RaftServerConfigKeys (ConfUtils.java:logGet(44)) - raft.server.rpc.timeout.min = 5s (custom)
2021-11-29 23:21:31,917 [pool-716-thread-1] INFO  server.RaftServerConfigKeys (ConfUtils.java:logGet(44)) - raft.server.rpc.timeout.max = 5200ms (custom)
2021-11-29 23:21:31,917 [pool-716-thread-1] INFO  server.RaftServerConfigKeys (ConfUtils.java:logGet(44)) - raft.server.rpc.sleep.time = 25ms (default)
2021-11-29 23:21:31,917 [pool-716-thread-1] INFO  server.RaftServerConfigKeys (ConfUtils.java:logGet(44)) - raft.server.rpc.slowness.timeout = 300s (custom)
2021-11-29 23:21:31,917 [pool-716-thread-1] INFO  server.RaftServerConfigKeys (ConfUtils.java:logGet(44)) - raft.server.leaderelection.leader.step-down.wait-time = 10s (default)
2021-11-29 23:21:31,917 [pool-716-thread-1] INFO  server.RaftServerConfigKeys (ConfUtils.java:logGet(44)) - raft.server.sleep.deviation.threshold = 300ms (default)
2021-11-29 23:21:31,917 [pool-716-thread-1] INFO  server.RaftServerConfigKeys (ConfUtils.java:logGet(44)) - raft.server.log.appender.install.snapshot.enabled = false (custom)
2021-11-29 23:21:31,917 [pool-716-thread-1] INFO  server.RaftServer$Division (ServerState.java:<init>(105)) - 49fe3bb7-2dae-482d-a175-9585c41bacad@group-677DDB1507C0: ConfigurationManager, init=-1: [9eaa9061-0cbd-4a3d-8091-a973303b955e|rpc:10.1.0.37:35167|dataStream:|priority:0, 45f86aeb-e384-4aa9-8d84-a9c74618d31d|rpc:10.1.0.37:38125|dataStream:|priority:1, 49fe3bb7-2dae-482d-a175-9585c41bacad|rpc:10.1.0.37:39121|dataStream:|priority:0], old=null, confs=<EMPTY_MAP>
2021-11-29 23:21:31,917 [pool-716-thread-1] INFO  server.RaftServerConfigKeys (ConfUtils.java:logGet(44)) - raft.server.storage.dir = [/home/runner/work/ozone/ozone/hadoop-ozone/integration-test/target/test-dir/MiniOzoneClusterImpl-94814d1b-625b-4fc6-932d-e037948e86e0/datanode-2/data/ratis] (custom)
2021-11-29 23:21:31,917 [pool-716-thread-1] INFO  server.RaftServerConfigKeys (ConfUtils.java:logGet(44)) - raft.server.log.corruption.policy = EXCEPTION (default)
2021-11-29 23:21:31,918 [pool-716-thread-1] INFO  server.RaftServerConfigKeys (ConfUtils.java:logGet(44)) - raft.server.storage.free-space.min = 0MB (=0) (default)
2021-11-29 23:21:31,921 [pool-716-thread-1] INFO  storage.RaftStorageDirectory (RaftStorageDirectoryImpl.java:analyzeStorage(135)) - The storage directory /home/runner/work/ozone/ozone/hadoop-ozone/integration-test/target/test-dir/MiniOzoneClusterImpl-94814d1b-625b-4fc6-932d-e037948e86e0/datanode-2/data/ratis/7dc958fb-87f0-4515-a55e-677ddb1507c0 does not exist. Creating ...
2021-11-29 23:21:31,923 [pool-716-thread-1] INFO  storage.RaftStorageDirectory (RaftStorageDirectoryImpl.java:tryLock(230)) - Lock on /home/runner/work/ozone/ozone/hadoop-ozone/integration-test/target/test-dir/MiniOzoneClusterImpl-94814d1b-625b-4fc6-932d-e037948e86e0/datanode-2/data/ratis/7dc958fb-87f0-4515-a55e-677ddb1507c0/in_use.lock acquired by nodename 20448@fv-az148-447
2021-11-29 23:21:31,930 [pool-716-thread-1] INFO  storage.RaftStorage (RaftStorageImpl.java:format(89)) - Storage directory /home/runner/work/ozone/ozone/hadoop-ozone/integration-test/target/test-dir/MiniOzoneClusterImpl-94814d1b-625b-4fc6-932d-e037948e86e0/datanode-2/data/ratis/7dc958fb-87f0-4515-a55e-677ddb1507c0 has been successfully formatted.
2021-11-29 23:21:31,930 [pool-716-thread-1] INFO  ratis.ContainerStateMachine (ContainerStateMachine.java:loadSnapshot(224)) - group-677DDB1507C0: The snapshot info is null. Setting the last applied indexto:(t:0, i:~)
2021-11-29 23:21:31,930 [pool-716-thread-1] INFO  server.RaftServerConfigKeys (ConfUtils.java:logGet(44)) - raft.server.notification.no-leader.timeout = 300s (custom)
2021-11-29 23:21:31,930 [pool-716-thread-1] INFO  server.RaftServerConfigKeys (ConfUtils.java:logGet(44)) - raft.server.log.use.memory = false (default)
2021-11-29 23:21:31,930 [pool-716-thread-1] INFO  server.RaftServerConfigKeys (ConfUtils.java:logGet(44)) - raft.server.log.purge.gap = 1000000 (custom)
2021-11-29 23:21:31,930 [pool-716-thread-1] INFO  server.RaftServerConfigKeys (ConfUtils.java:logGet(44)) - raft.server.log.appender.buffer.byte-limit = 33554432 (custom)
2021-11-29 23:21:31,930 [pool-716-thread-1] INFO  server.RaftServerConfigKeys (ConfUtils.java:logGet(44)) - raft.server.log.segment.size.max = 1048576 (custom)
2021-11-29 23:21:31,931 [pool-716-thread-1] INFO  server.RaftServerConfigKeys (ConfUtils.java:logGet(44)) - raft.server.log.segment.cache.num.max = 2 (custom)
2021-11-29 23:21:31,931 [pool-716-thread-1] INFO  server.RaftServerConfigKeys (ConfUtils.java:logGet(44)) - raft.server.log.segment.cache.size.max = 200MB (=209715200) (default)
2021-11-29 23:21:31,931 [pool-716-thread-1] INFO  segmented.SegmentedRaftLogWorker (SegmentedRaftLogWorker.java:<init>(182)) - new 49fe3bb7-2dae-482d-a175-9585c41bacad@group-677DDB1507C0-SegmentedRaftLogWorker for RaftStorageImpl:Storage Directory /home/runner/work/ozone/ozone/hadoop-ozone/integration-test/target/test-dir/MiniOzoneClusterImpl-94814d1b-625b-4fc6-932d-e037948e86e0/datanode-2/data/ratis/7dc958fb-87f0-4515-a55e-677ddb1507c0
2021-11-29 23:21:31,931 [pool-716-thread-1] INFO  server.RaftServerConfigKeys (ConfUtils.java:logGet(44)) - raft.server.log.queue.byte-limit = 2147483647 (custom)
2021-11-29 23:21:31,931 [pool-716-thread-1] INFO  server.RaftServerConfigKeys (ConfUtils.java:logGet(44)) - raft.server.log.queue.element-limit = 1024 (custom)
2021-11-29 23:21:31,931 [pool-716-thread-1] INFO  server.RaftServerConfigKeys (ConfUtils.java:logGet(44)) - raft.server.log.segment.size.max = 1048576 (custom)
2021-11-29 23:21:31,931 [pool-716-thread-1] INFO  server.RaftServerConfigKeys (ConfUtils.java:logGet(44)) - raft.server.log.preallocated.size = 16384 (custom)
2021-11-29 23:21:31,931 [pool-716-thread-1] INFO  server.RaftServerConfigKeys (ConfUtils.java:logGet(44)) - raft.server.log.force.sync.num = 128 (default)
2021-11-29 23:21:31,931 [pool-716-thread-1] INFO  server.RaftServerConfigKeys (ConfUtils.java:logGet(44)) - raft.server.log.statemachine.data.sync = true (default)
2021-11-29 23:21:31,931 [pool-716-thread-1] INFO  server.RaftServerConfigKeys (ConfUtils.java:logGet(44)) - raft.server.log.statemachine.data.sync.timeout = 10s (default)
2021-11-29 23:21:31,931 [pool-716-thread-1] INFO  server.RaftServerConfigKeys (ConfUtils.java:logGet(44)) - raft.server.log.statemachine.data.sync.timeout.retry = -1 (default)
2021-11-29 23:21:31,938 [pool-716-thread-1] INFO  server.RaftServerConfigKeys (ConfUtils.java:logGet(44)) - raft.server.log.write.buffer.size = 1048576 (custom)
2021-11-29 23:21:31,938 [pool-716-thread-1] INFO  server.RaftServerConfigKeys (ConfUtils.java:logGet(44)) - raft.server.log.statemachine.data.caching.enabled = true (custom)
2021-11-29 23:21:31,938 [pool-716-thread-1] INFO  segmented.SegmentedRaftLogWorker (SegmentedRaftLogWorker.java:lambda$new$0(133)) - 49fe3bb7-2dae-482d-a175-9585c41bacad@group-677DDB1507C0-SegmentedRaftLogWorker: flushIndex: setUnconditionally 0 -> -1
2021-11-29 23:21:31,938 [pool-716-thread-1] INFO  segmented.SegmentedRaftLogWorker (SegmentedRaftLogWorker.java:lambda$new$0(133)) - 49fe3bb7-2dae-482d-a175-9585c41bacad@group-677DDB1507C0-SegmentedRaftLogWorker: safeCacheEvictIndex: setUnconditionally 0 -> -1
2021-11-29 23:21:31,939 [pool-716-thread-1] INFO  server.RaftServerConfigKeys (ConfUtils.java:logGet(44)) - raft.server.snapshot.auto.trigger.enabled = true (custom)
2021-11-29 23:21:31,939 [pool-716-thread-1] INFO  server.RaftServerConfigKeys (ConfUtils.java:logGet(44)) - raft.server.snapshot.auto.trigger.threshold = 10000 (custom)
2021-11-29 23:21:31,939 [pool-716-thread-1] INFO  server.RaftServerConfigKeys (ConfUtils.java:logGet(44)) - raft.server.snapshot.retention.file.num = 5 (custom)
2021-11-29 23:21:31,939 [pool-716-thread-1] INFO  server.RaftServerConfigKeys (ConfUtils.java:logGet(44)) - raft.server.log.purge.upto.snapshot.index = false (default)
2021-11-29 23:21:31,939 [pool-716-thread-1] INFO  server.RaftServerConfigKeys (ConfUtils.java:logGet(44)) - raft.server.retrycache.expirytime = 600000ms (custom)
2021-11-29 23:21:31,939 [pool-716-thread-1] INFO  server.RaftServerConfigKeys (ConfUtils.java:logGet(44)) - raft.server.retrycache.statistics.expirytime = 100μs (default)
2021-11-29 23:21:31,941 [pool-716-thread-1] INFO  server.RaftServer$Division (RaftServerImpl.java:start(301)) - 49fe3bb7-2dae-482d-a175-9585c41bacad@group-677DDB1507C0: start as a follower, conf=-1: [9eaa9061-0cbd-4a3d-8091-a973303b955e|rpc:10.1.0.37:35167|dataStream:|priority:0, 45f86aeb-e384-4aa9-8d84-a9c74618d31d|rpc:10.1.0.37:38125|dataStream:|priority:1, 49fe3bb7-2dae-482d-a175-9585c41bacad|rpc:10.1.0.37:39121|dataStream:|priority:0], old=null
2021-11-29 23:21:31,941 [pool-716-thread-1] INFO  server.RaftServer$Division (RaftServerImpl.java:setRole(290)) - 49fe3bb7-2dae-482d-a175-9585c41bacad@group-677DDB1507C0: changes role from      null to FOLLOWER at term 0 for startAsFollower
2021-11-29 23:21:31,941 [pool-716-thread-1] INFO  impl.RoleInfo (RoleInfo.java:updateAndGet(130)) - 49fe3bb7-2dae-482d-a175-9585c41bacad: start 49fe3bb7-2dae-482d-a175-9585c41bacad@group-677DDB1507C0-FollowerState
2021-11-29 23:21:31,942 [pool-716-thread-1] INFO  util.JmxRegister (JmxRegister.java:tryRegister(44)) - Successfully registered JMX Bean with object name Ratis:service=RaftServer,group=group-677DDB1507C0,id=49fe3bb7-2dae-482d-a175-9585c41bacad
2021-11-29 23:21:32,031 [grpc-default-executor-6] INFO  server.RaftServer (RaftServerProxy.java:addNew(95)) - 45f86aeb-e384-4aa9-8d84-a9c74618d31d: addNew group-677DDB1507C0:[9eaa9061-0cbd-4a3d-8091-a973303b955e|rpc:10.1.0.37:35167|dataStream:|priority:0, 45f86aeb-e384-4aa9-8d84-a9c74618d31d|rpc:10.1.0.37:38125|dataStream:|priority:1, 49fe3bb7-2dae-482d-a175-9585c41bacad|rpc:10.1.0.37:39121|dataStream:|priority:0] returns group-677DDB1507C0:java.util.concurrent.CompletableFuture@58e25464[Not completed]
2021-11-29 23:21:32,032 [pool-697-thread-1] INFO  server.RaftServer$Division (RaftServerImpl.java:<init>(184)) - 45f86aeb-e384-4aa9-8d84-a9c74618d31d: new RaftServerImpl for group-677DDB1507C0:[9eaa9061-0cbd-4a3d-8091-a973303b955e|rpc:10.1.0.37:35167|dataStream:|priority:0, 45f86aeb-e384-4aa9-8d84-a9c74618d31d|rpc:10.1.0.37:38125|dataStream:|priority:1, 49fe3bb7-2dae-482d-a175-9585c41bacad|rpc:10.1.0.37:39121|dataStream:|priority:0] with ContainerStateMachine:uninitialized
2021-11-29 23:21:32,055 [pool-697-thread-1] INFO  server.RaftServerConfigKeys (ConfUtils.java:logGet(44)) - raft.server.rpc.timeout.min = 5s (custom)
2021-11-29 23:21:32,055 [pool-697-thread-1] INFO  server.RaftServerConfigKeys (ConfUtils.java:logGet(44)) - raft.server.rpc.timeout.max = 5200ms (custom)
2021-11-29 23:21:32,055 [pool-697-thread-1] INFO  server.RaftServerConfigKeys (ConfUtils.java:logGet(44)) - raft.server.rpc.sleep.time = 25ms (default)
2021-11-29 23:21:32,055 [pool-697-thread-1] INFO  server.RaftServerConfigKeys (ConfUtils.java:logGet(44)) - raft.server.rpc.slowness.timeout = 300s (custom)
2021-11-29 23:21:32,055 [pool-697-thread-1] INFO  server.RaftServerConfigKeys (ConfUtils.java:logGet(44)) - raft.server.leaderelection.leader.step-down.wait-time = 10s (default)
2021-11-29 23:21:32,055 [pool-697-thread-1] INFO  server.RaftServerConfigKeys (ConfUtils.java:logGet(44)) - raft.server.sleep.deviation.threshold = 300ms (default)
2021-11-29 23:21:32,055 [pool-697-thread-1] INFO  server.RaftServerConfigKeys (ConfUtils.java:logGet(44)) - raft.server.log.appender.install.snapshot.enabled = false (custom)
2021-11-29 23:21:32,055 [pool-697-thread-1] INFO  server.RaftServer$Division (ServerState.java:<init>(105)) - 45f86aeb-e384-4aa9-8d84-a9c74618d31d@group-677DDB1507C0: ConfigurationManager, init=-1: [9eaa9061-0cbd-4a3d-8091-a973303b955e|rpc:10.1.0.37:35167|dataStream:|priority:0, 45f86aeb-e384-4aa9-8d84-a9c74618d31d|rpc:10.1.0.37:38125|dataStream:|priority:1, 49fe3bb7-2dae-482d-a175-9585c41bacad|rpc:10.1.0.37:39121|dataStream:|priority:0], old=null, confs=<EMPTY_MAP>
2021-11-29 23:21:32,059 [pool-697-thread-1] INFO  server.RaftServerConfigKeys (ConfUtils.java:logGet(44)) - raft.server.storage.dir = [/home/runner/work/ozone/ozone/hadoop-ozone/integration-test/target/test-dir/MiniOzoneClusterImpl-94814d1b-625b-4fc6-932d-e037948e86e0/datanode-1/data/ratis] (custom)
2021-11-29 23:21:32,059 [pool-697-thread-1] INFO  server.RaftServerConfigKeys (ConfUtils.java:logGet(44)) - raft.server.log.corruption.policy = EXCEPTION (default)
2021-11-29 23:21:32,059 [pool-697-thread-1] INFO  server.RaftServerConfigKeys (ConfUtils.java:logGet(44)) - raft.server.storage.free-space.min = 0MB (=0) (default)
2021-11-29 23:21:32,060 [pool-697-thread-1] INFO  storage.RaftStorageDirectory (RaftStorageDirectoryImpl.java:analyzeStorage(135)) - The storage directory /home/runner/work/ozone/ozone/hadoop-ozone/integration-test/target/test-dir/MiniOzoneClusterImpl-94814d1b-625b-4fc6-932d-e037948e86e0/datanode-1/data/ratis/7dc958fb-87f0-4515-a55e-677ddb1507c0 does not exist. Creating ...
2021-11-29 23:21:32,061 [pool-697-thread-1] INFO  storage.RaftStorageDirectory (RaftStorageDirectoryImpl.java:tryLock(230)) - Lock on /home/runner/work/ozone/ozone/hadoop-ozone/integration-test/target/test-dir/MiniOzoneClusterImpl-94814d1b-625b-4fc6-932d-e037948e86e0/datanode-1/data/ratis/7dc958fb-87f0-4515-a55e-677ddb1507c0/in_use.lock acquired by nodename 20448@fv-az148-447
2021-11-29 23:21:32,072 [pool-697-thread-1] INFO  storage.RaftStorage (RaftStorageImpl.java:format(89)) - Storage directory /home/runner/work/ozone/ozone/hadoop-ozone/integration-test/target/test-dir/MiniOzoneClusterImpl-94814d1b-625b-4fc6-932d-e037948e86e0/datanode-1/data/ratis/7dc958fb-87f0-4515-a55e-677ddb1507c0 has been successfully formatted.
2021-11-29 23:21:32,074 [pool-697-thread-1] INFO  ratis.ContainerStateMachine (ContainerStateMachine.java:loadSnapshot(224)) - group-677DDB1507C0: The snapshot info is null. Setting the last applied indexto:(t:0, i:~)
2021-11-29 23:21:32,074 [pool-697-thread-1] INFO  server.RaftServerConfigKeys (ConfUtils.java:logGet(44)) - raft.server.notification.no-leader.timeout = 300s (custom)
2021-11-29 23:21:32,074 [pool-697-thread-1] INFO  server.RaftServerConfigKeys (ConfUtils.java:logGet(44)) - raft.server.log.use.memory = false (default)
2021-11-29 23:21:32,074 [pool-697-thread-1] INFO  server.RaftServerConfigKeys (ConfUtils.java:logGet(44)) - raft.server.log.purge.gap = 1000000 (custom)
2021-11-29 23:21:32,074 [pool-697-thread-1] INFO  server.RaftServerConfigKeys (ConfUtils.java:logGet(44)) - raft.server.log.appender.buffer.byte-limit = 33554432 (custom)
2021-11-29 23:21:32,074 [pool-697-thread-1] INFO  server.RaftServerConfigKeys (ConfUtils.java:logGet(44)) - raft.server.log.segment.size.max = 1048576 (custom)
2021-11-29 23:21:32,075 [pool-697-thread-1] INFO  server.RaftServerConfigKeys (ConfUtils.java:logGet(44)) - raft.server.log.segment.cache.num.max = 2 (custom)
2021-11-29 23:21:32,075 [pool-697-thread-1] INFO  server.RaftServerConfigKeys (ConfUtils.java:logGet(44)) - raft.server.log.segment.cache.size.max = 200MB (=209715200) (default)
2021-11-29 23:21:32,075 [pool-697-thread-1] INFO  segmented.SegmentedRaftLogWorker (SegmentedRaftLogWorker.java:<init>(182)) - new 45f86aeb-e384-4aa9-8d84-a9c74618d31d@group-677DDB1507C0-SegmentedRaftLogWorker for RaftStorageImpl:Storage Directory /home/runner/work/ozone/ozone/hadoop-ozone/integration-test/target/test-dir/MiniOzoneClusterImpl-94814d1b-625b-4fc6-932d-e037948e86e0/datanode-1/data/ratis/7dc958fb-87f0-4515-a55e-677ddb1507c0
2021-11-29 23:21:32,075 [pool-697-thread-1] INFO  server.RaftServerConfigKeys (ConfUtils.java:logGet(44)) - raft.server.log.queue.byte-limit = 2147483647 (custom)
2021-11-29 23:21:32,075 [pool-697-thread-1] INFO  server.RaftServerConfigKeys (ConfUtils.java:logGet(44)) - raft.server.log.queue.element-limit = 1024 (custom)
2021-11-29 23:21:32,075 [pool-697-thread-1] INFO  server.RaftServerConfigKeys (ConfUtils.java:logGet(44)) - raft.server.log.segment.size.max = 1048576 (custom)
2021-11-29 23:21:32,075 [pool-697-thread-1] INFO  server.RaftServerConfigKeys (ConfUtils.java:logGet(44)) - raft.server.log.preallocated.size = 16384 (custom)
2021-11-29 23:21:32,075 [pool-697-thread-1] INFO  server.RaftServerConfigKeys (ConfUtils.java:logGet(44)) - raft.server.log.force.sync.num = 128 (default)
2021-11-29 23:21:32,075 [pool-697-thread-1] INFO  server.RaftServerConfigKeys (ConfUtils.java:logGet(44)) - raft.server.log.statemachine.data.sync = true (default)
2021-11-29 23:21:32,075 [pool-697-thread-1] INFO  server.RaftServerConfigKeys (ConfUtils.java:logGet(44)) - raft.server.log.statemachine.data.sync.timeout = 10s (default)
2021-11-29 23:21:32,075 [pool-697-thread-1] INFO  server.RaftServerConfigKeys (ConfUtils.java:logGet(44)) - raft.server.log.statemachine.data.sync.timeout.retry = -1 (default)
2021-11-29 23:21:32,076 [pool-697-thread-1] INFO  server.RaftServerConfigKeys (ConfUtils.java:logGet(44)) - raft.server.log.write.buffer.size = 1048576 (custom)
2021-11-29 23:21:32,077 [pool-697-thread-1] INFO  server.RaftServerConfigKeys (ConfUtils.java:logGet(44)) - raft.server.log.statemachine.data.caching.enabled = true (custom)
2021-11-29 23:21:32,077 [pool-697-thread-1] INFO  segmented.SegmentedRaftLogWorker (SegmentedRaftLogWorker.java:lambda$new$0(133)) - 45f86aeb-e384-4aa9-8d84-a9c74618d31d@group-677DDB1507C0-SegmentedRaftLogWorker: flushIndex: setUnconditionally 0 -> -1
2021-11-29 23:21:32,077 [pool-697-thread-1] INFO  segmented.SegmentedRaftLogWorker (SegmentedRaftLogWorker.java:lambda$new$0(133)) - 45f86aeb-e384-4aa9-8d84-a9c74618d31d@group-677DDB1507C0-SegmentedRaftLogWorker: safeCacheEvictIndex: setUnconditionally 0 -> -1
2021-11-29 23:21:32,090 [pool-697-thread-1] INFO  server.RaftServerConfigKeys (ConfUtils.java:logGet(44)) - raft.server.snapshot.auto.trigger.enabled = true (custom)
2021-11-29 23:21:32,090 [pool-697-thread-1] INFO  server.RaftServerConfigKeys (ConfUtils.java:logGet(44)) - raft.server.snapshot.auto.trigger.threshold = 10000 (custom)
2021-11-29 23:21:32,090 [pool-697-thread-1] INFO  server.RaftServerConfigKeys (ConfUtils.java:logGet(44)) - raft.server.snapshot.retention.file.num = 5 (custom)
2021-11-29 23:21:32,090 [pool-697-thread-1] INFO  server.RaftServerConfigKeys (ConfUtils.java:logGet(44)) - raft.server.log.purge.upto.snapshot.index = false (default)
2021-11-29 23:21:32,090 [pool-697-thread-1] INFO  server.RaftServerConfigKeys (ConfUtils.java:logGet(44)) - raft.server.retrycache.expirytime = 600000ms (custom)
2021-11-29 23:21:32,090 [pool-697-thread-1] INFO  server.RaftServerConfigKeys (ConfUtils.java:logGet(44)) - raft.server.retrycache.statistics.expirytime = 100μs (default)
2021-11-29 23:21:32,091 [pool-697-thread-1] INFO  server.RaftServer$Division (RaftServerImpl.java:start(301)) - 45f86aeb-e384-4aa9-8d84-a9c74618d31d@group-677DDB1507C0: start as a follower, conf=-1: [9eaa9061-0cbd-4a3d-8091-a973303b955e|rpc:10.1.0.37:35167|dataStream:|priority:0, 45f86aeb-e384-4aa9-8d84-a9c74618d31d|rpc:10.1.0.37:38125|dataStream:|priority:1, 49fe3bb7-2dae-482d-a175-9585c41bacad|rpc:10.1.0.37:39121|dataStream:|priority:0], old=null
2021-11-29 23:21:32,092 [pool-697-thread-1] INFO  server.RaftServer$Division (RaftServerImpl.java:setRole(290)) - 45f86aeb-e384-4aa9-8d84-a9c74618d31d@group-677DDB1507C0: changes role from      null to FOLLOWER at term 0 for startAsFollower
2021-11-29 23:21:32,092 [pool-697-thread-1] INFO  impl.RoleInfo (RoleInfo.java:updateAndGet(130)) - 45f86aeb-e384-4aa9-8d84-a9c74618d31d: start 45f86aeb-e384-4aa9-8d84-a9c74618d31d@group-677DDB1507C0-FollowerState
2021-11-29 23:21:32,094 [pool-697-thread-1] INFO  util.JmxRegister (JmxRegister.java:tryRegister(44)) - Successfully registered JMX Bean with object name Ratis:service=RaftServer,group=group-677DDB1507C0,id=45f86aeb-e384-4aa9-8d84-a9c74618d31d
2021-11-29 23:21:32,159 [Command processor thread] INFO  server.RaftServer (RaftServerProxy.java:addNew(95)) - 45f86aeb-e384-4aa9-8d84-a9c74618d31d: addNew group-D3C789E88085:[45f86aeb-e384-4aa9-8d84-a9c74618d31d|rpc:10.1.0.37:38125|priority:1] returns group-D3C789E88085:java.util.concurrent.CompletableFuture@49d1c81b[Not completed]
2021-11-29 23:21:32,160 [pool-697-thread-1] INFO  server.RaftServer$Division (RaftServerImpl.java:<init>(184)) - 45f86aeb-e384-4aa9-8d84-a9c74618d31d: new RaftServerImpl for group-D3C789E88085:[45f86aeb-e384-4aa9-8d84-a9c74618d31d|rpc:10.1.0.37:38125|priority:1] with ContainerStateMachine:uninitialized
2021-11-29 23:21:32,160 [pool-697-thread-1] INFO  server.RaftServerConfigKeys (ConfUtils.java:logGet(44)) - raft.server.rpc.timeout.min = 5s (custom)
2021-11-29 23:21:32,160 [pool-697-thread-1] INFO  server.RaftServerConfigKeys (ConfUtils.java:logGet(44)) - raft.server.rpc.timeout.max = 5200ms (custom)
2021-11-29 23:21:32,160 [pool-697-thread-1] INFO  server.RaftServerConfigKeys (ConfUtils.java:logGet(44)) - raft.server.rpc.sleep.time = 25ms (default)
2021-11-29 23:21:32,160 [pool-697-thread-1] INFO  server.RaftServerConfigKeys (ConfUtils.java:logGet(44)) - raft.server.rpc.slowness.timeout = 300s (custom)
2021-11-29 23:21:32,160 [pool-697-thread-1] INFO  server.RaftServerConfigKeys (ConfUtils.java:logGet(44)) - raft.server.leaderelection.leader.step-down.wait-time = 10s (default)
2021-11-29 23:21:32,160 [pool-697-thread-1] INFO  server.RaftServerConfigKeys (ConfUtils.java:logGet(44)) - raft.server.sleep.deviation.threshold = 300ms (default)
2021-11-29 23:21:32,160 [pool-697-thread-1] INFO  server.RaftServerConfigKeys (ConfUtils.java:logGet(44)) - raft.server.log.appender.install.snapshot.enabled = false (custom)
2021-11-29 23:21:32,160 [pool-697-thread-1] INFO  server.RaftServer$Division (ServerState.java:<init>(105)) - 45f86aeb-e384-4aa9-8d84-a9c74618d31d@group-D3C789E88085: ConfigurationManager, init=-1: [45f86aeb-e384-4aa9-8d84-a9c74618d31d|rpc:10.1.0.37:38125|priority:1], old=null, confs=<EMPTY_MAP>
2021-11-29 23:21:32,160 [pool-697-thread-1] INFO  server.RaftServerConfigKeys (ConfUtils.java:logGet(44)) - raft.server.storage.dir = [/home/runner/work/ozone/ozone/hadoop-ozone/integration-test/target/test-dir/MiniOzoneClusterImpl-94814d1b-625b-4fc6-932d-e037948e86e0/datanode-1/data/ratis] (custom)
2021-11-29 23:21:32,160 [pool-697-thread-1] INFO  server.RaftServerConfigKeys (ConfUtils.java:logGet(44)) - raft.server.log.corruption.policy = EXCEPTION (default)
2021-11-29 23:21:32,160 [pool-697-thread-1] INFO  server.RaftServerConfigKeys (ConfUtils.java:logGet(44)) - raft.server.storage.free-space.min = 0MB (=0) (default)
2021-11-29 23:21:32,160 [pool-697-thread-1] INFO  storage.RaftStorageDirectory (RaftStorageDirectoryImpl.java:analyzeStorage(135)) - The storage directory /home/runner/work/ozone/ozone/hadoop-ozone/integration-test/target/test-dir/MiniOzoneClusterImpl-94814d1b-625b-4fc6-932d-e037948e86e0/datanode-1/data/ratis/8749110a-0e6f-4567-8a4b-d3c789e88085 does not exist. Creating ...
2021-11-29 23:21:32,165 [pool-697-thread-1] INFO  storage.RaftStorageDirectory (RaftStorageDirectoryImpl.java:tryLock(230)) - Lock on /home/runner/work/ozone/ozone/hadoop-ozone/integration-test/target/test-dir/MiniOzoneClusterImpl-94814d1b-625b-4fc6-932d-e037948e86e0/datanode-1/data/ratis/8749110a-0e6f-4567-8a4b-d3c789e88085/in_use.lock acquired by nodename 20448@fv-az148-447
2021-11-29 23:21:32,174 [Command processor thread] INFO  commandhandler.CreatePipelineCommandHandler (CreatePipelineCommandHandler.java:handle(106)) - Created Pipeline RATIS THREE PipelineID=7dc958fb-87f0-4515-a55e-677ddb1507c0.
2021-11-29 23:21:32,195 [pool-697-thread-1] INFO  storage.RaftStorage (RaftStorageImpl.java:format(89)) - Storage directory /home/runner/work/ozone/ozone/hadoop-ozone/integration-test/target/test-dir/MiniOzoneClusterImpl-94814d1b-625b-4fc6-932d-e037948e86e0/datanode-1/data/ratis/8749110a-0e6f-4567-8a4b-d3c789e88085 has been successfully formatted.
2021-11-29 23:21:32,196 [pool-697-thread-1] INFO  ratis.ContainerStateMachine (ContainerStateMachine.java:loadSnapshot(224)) - group-D3C789E88085: The snapshot info is null. Setting the last applied indexto:(t:0, i:~)
2021-11-29 23:21:32,196 [pool-697-thread-1] INFO  server.RaftServerConfigKeys (ConfUtils.java:logGet(44)) - raft.server.notification.no-leader.timeout = 300s (custom)
2021-11-29 23:21:32,196 [pool-697-thread-1] INFO  server.RaftServerConfigKeys (ConfUtils.java:logGet(44)) - raft.server.log.use.memory = false (default)
2021-11-29 23:21:32,196 [pool-697-thread-1] INFO  server.RaftServerConfigKeys (ConfUtils.java:logGet(44)) - raft.server.log.purge.gap = 1000000 (custom)
2021-11-29 23:21:32,196 [pool-697-thread-1] INFO  server.RaftServerConfigKeys (ConfUtils.java:logGet(44)) - raft.server.log.appender.buffer.byte-limit = 33554432 (custom)
2021-11-29 23:21:32,196 [pool-697-thread-1] INFO  server.RaftServerConfigKeys (ConfUtils.java:logGet(44)) - raft.server.log.segment.size.max = 1048576 (custom)
2021-11-29 23:21:32,197 [pool-697-thread-1] INFO  server.RaftServerConfigKeys (ConfUtils.java:logGet(44)) - raft.server.log.segment.cache.num.max = 2 (custom)
2021-11-29 23:21:32,197 [pool-697-thread-1] INFO  server.RaftServerConfigKeys (ConfUtils.java:logGet(44)) - raft.server.log.segment.cache.size.max = 200MB (=209715200) (default)
2021-11-29 23:21:32,197 [pool-697-thread-1] INFO  segmented.SegmentedRaftLogWorker (SegmentedRaftLogWorker.java:<init>(182)) - new 45f86aeb-e384-4aa9-8d84-a9c74618d31d@group-D3C789E88085-SegmentedRaftLogWorker for RaftStorageImpl:Storage Directory /home/runner/work/ozone/ozone/hadoop-ozone/integration-test/target/test-dir/MiniOzoneClusterImpl-94814d1b-625b-4fc6-932d-e037948e86e0/datanode-1/data/ratis/8749110a-0e6f-4567-8a4b-d3c789e88085
2021-11-29 23:21:32,197 [pool-697-thread-1] INFO  server.RaftServerConfigKeys (ConfUtils.java:logGet(44)) - raft.server.log.queue.byte-limit = 2147483647 (custom)
2021-11-29 23:21:32,197 [pool-697-thread-1] INFO  server.RaftServerConfigKeys (ConfUtils.java:logGet(44)) - raft.server.log.queue.element-limit = 1024 (custom)
2021-11-29 23:21:32,197 [pool-697-thread-1] INFO  server.RaftServerConfigKeys (ConfUtils.java:logGet(44)) - raft.server.log.segment.size.max = 1048576 (custom)
2021-11-29 23:21:32,197 [pool-697-thread-1] INFO  server.RaftServerConfigKeys (ConfUtils.java:logGet(44)) - raft.server.log.preallocated.size = 16384 (custom)
2021-11-29 23:21:32,197 [pool-697-thread-1] INFO  server.RaftServerConfigKeys (ConfUtils.java:logGet(44)) - raft.server.log.force.sync.num = 128 (default)
2021-11-29 23:21:32,197 [pool-697-thread-1] INFO  server.RaftServerConfigKeys (ConfUtils.java:logGet(44)) - raft.server.log.statemachine.data.sync = true (default)
2021-11-29 23:21:32,197 [pool-697-thread-1] INFO  server.RaftServerConfigKeys (ConfUtils.java:logGet(44)) - raft.server.log.statemachine.data.sync.timeout = 10s (default)
2021-11-29 23:21:32,197 [pool-697-thread-1] INFO  server.RaftServerConfigKeys (ConfUtils.java:logGet(44)) - raft.server.log.statemachine.data.sync.timeout.retry = -1 (default)
2021-11-29 23:21:32,199 [pool-697-thread-1] INFO  server.RaftServerConfigKeys (ConfUtils.java:logGet(44)) - raft.server.log.write.buffer.size = 1048576 (custom)
2021-11-29 23:21:32,199 [EventQueue-PipelineReportForPipelineReportHandler] INFO  pipeline.PipelineManagerImpl (PipelineManagerImpl.java:openPipeline(289)) - Pipeline Pipeline[ Id: 8749110a-0e6f-4567-8a4b-d3c789e88085, Nodes: 45f86aeb-e384-4aa9-8d84-a9c74618d31d{ip: 10.1.0.37, host: fv-az148-447.bm4ck3pvxvsene1rjriu5fhcdb.bx.internal.cloudapp.net, ports: [REPLICATION=41895, RATIS=38125, RATIS_ADMIN=38125, RATIS_SERVER=38125, STANDALONE=35311], networkLocation: /default-rack, certSerialId: null, persistedOpState: IN_SERVICE, persistedOpStateExpiryEpochSec: 0}, ReplicationConfig: RATIS/ONE, State:ALLOCATED, leaderId:45f86aeb-e384-4aa9-8d84-a9c74618d31d, CreationTimestamp2021-11-29T23:21:29.170Z[Etc/UTC]] moved to OPEN state
2021-11-29 23:21:32,199 [pool-697-thread-1] INFO  server.RaftServerConfigKeys (ConfUtils.java:logGet(44)) - raft.server.log.statemachine.data.caching.enabled = true (custom)
2021-11-29 23:21:32,199 [pool-697-thread-1] INFO  segmented.SegmentedRaftLogWorker (SegmentedRaftLogWorker.java:lambda$new$0(133)) - 45f86aeb-e384-4aa9-8d84-a9c74618d31d@group-D3C789E88085-SegmentedRaftLogWorker: flushIndex: setUnconditionally 0 -> -1
2021-11-29 23:21:32,199 [EventQueue-OpenPipelineForHealthyPipelineSafeModeRule] INFO  safemode.SCMSafeModeManager (HealthyPipelineSafeModeRule.java:process(124)) - SCM in safe mode. Healthy pipelines reported count is 0, required healthy pipeline reported count is 1
2021-11-29 23:21:32,215 [pool-697-thread-1] INFO  segmented.SegmentedRaftLogWorker (SegmentedRaftLogWorker.java:lambda$new$0(133)) - 45f86aeb-e384-4aa9-8d84-a9c74618d31d@group-D3C789E88085-SegmentedRaftLogWorker: safeCacheEvictIndex: setUnconditionally 0 -> -1
2021-11-29 23:21:32,221 [pool-697-thread-1] INFO  server.RaftServerConfigKeys (ConfUtils.java:logGet(44)) - raft.server.snapshot.auto.trigger.enabled = true (custom)
2021-11-29 23:21:32,221 [pool-697-thread-1] INFO  server.RaftServerConfigKeys (ConfUtils.java:logGet(44)) - raft.server.snapshot.auto.trigger.threshold = 10000 (custom)
2021-11-29 23:21:32,221 [pool-697-thread-1] INFO  server.RaftServerConfigKeys (ConfUtils.java:logGet(44)) - raft.server.snapshot.retention.file.num = 5 (custom)
2021-11-29 23:21:32,221 [pool-697-thread-1] INFO  server.RaftServerConfigKeys (ConfUtils.java:logGet(44)) - raft.server.log.purge.upto.snapshot.index = false (default)
2021-11-29 23:21:32,221 [pool-697-thread-1] INFO  server.RaftServerConfigKeys (ConfUtils.java:logGet(44)) - raft.server.retrycache.expirytime = 600000ms (custom)
2021-11-29 23:21:32,221 [pool-697-thread-1] INFO  server.RaftServerConfigKeys (ConfUtils.java:logGet(44)) - raft.server.retrycache.statistics.expirytime = 100μs (default)
2021-11-29 23:21:32,223 [pool-697-thread-1] INFO  server.RaftServer$Division (RaftServerImpl.java:start(301)) - 45f86aeb-e384-4aa9-8d84-a9c74618d31d@group-D3C789E88085: start as a follower, conf=-1: [45f86aeb-e384-4aa9-8d84-a9c74618d31d|rpc:10.1.0.37:38125|priority:1], old=null
2021-11-29 23:21:32,223 [pool-697-thread-1] INFO  server.RaftServer$Division (RaftServerImpl.java:setRole(290)) - 45f86aeb-e384-4aa9-8d84-a9c74618d31d@group-D3C789E88085: changes role from      null to FOLLOWER at term 0 for startAsFollower
2021-11-29 23:21:32,223 [pool-697-thread-1] INFO  impl.RoleInfo (RoleInfo.java:updateAndGet(130)) - 45f86aeb-e384-4aa9-8d84-a9c74618d31d: start 45f86aeb-e384-4aa9-8d84-a9c74618d31d@group-D3C789E88085-FollowerState
2021-11-29 23:21:32,235 [pool-697-thread-1] INFO  util.JmxRegister (JmxRegister.java:tryRegister(44)) - Successfully registered JMX Bean with object name Ratis:service=RaftServer,group=group-D3C789E88085,id=45f86aeb-e384-4aa9-8d84-a9c74618d31d
2021-11-29 23:21:32,236 [Command processor thread] INFO  ratis.XceiverServerRatis (XceiverServerRatis.java:addGroup(768)) - Created group PipelineID=8749110a-0e6f-4567-8a4b-d3c789e88085
2021-11-29 23:21:32,236 [Command processor thread] INFO  commandhandler.CreatePipelineCommandHandler (CreatePipelineCommandHandler.java:handle(106)) - Created Pipeline RATIS ONE PipelineID=8749110a-0e6f-4567-8a4b-d3c789e88085.
2021-11-29 23:21:32,373 [ReplicationMonitor] INFO  container.ReplicationManager (ReplicationManager.java:processAll(371)) - Replication Monitor Thread took 0 milliseconds for processing 0 containers.
2021-11-29 23:21:32,638 [Listener at 127.0.0.1/46101] INFO  ozone.MiniOzoneClusterImpl (MiniOzoneClusterImpl.java:lambda$waitForClusterToBeReady$0(235)) - Nodes are ready. Got 4 of 4 DN Heartbeats.
2021-11-29 23:21:32,638 [Listener at 127.0.0.1/46101] INFO  ozone.MiniOzoneClusterImpl (MiniOzoneClusterImpl.java:lambda$waitForClusterToBeReady$0(238)) - Waiting for cluster to exit safe mode
2021-11-29 23:21:32,638 [Listener at 127.0.0.1/46101] INFO  ozone.MiniOzoneClusterImpl (MiniOzoneClusterImpl.java:lambda$waitForClusterToBeReady$0(240)) - SCM became leader
2021-11-29 23:21:33,097 [Command processor thread] INFO  server.RaftServer (RaftServerProxy.java:addNew(95)) - 49fe3bb7-2dae-482d-a175-9585c41bacad: addNew group-81B74C2B8187:[49fe3bb7-2dae-482d-a175-9585c41bacad|rpc:10.1.0.37:39121|priority:1] returns group-81B74C2B8187:java.util.concurrent.CompletableFuture@40bfd7fa[Not completed]
2021-11-29 23:21:33,098 [pool-716-thread-1] INFO  server.RaftServer$Division (RaftServerImpl.java:<init>(184)) - 49fe3bb7-2dae-482d-a175-9585c41bacad: new RaftServerImpl for group-81B74C2B8187:[49fe3bb7-2dae-482d-a175-9585c41bacad|rpc:10.1.0.37:39121|priority:1] with ContainerStateMachine:uninitialized
2021-11-29 23:21:33,098 [pool-716-thread-1] INFO  server.RaftServerConfigKeys (ConfUtils.java:logGet(44)) - raft.server.rpc.timeout.min = 5s (custom)
2021-11-29 23:21:33,098 [pool-716-thread-1] INFO  server.RaftServerConfigKeys (ConfUtils.java:logGet(44)) - raft.server.rpc.timeout.max = 5200ms (custom)
2021-11-29 23:21:33,098 [pool-716-thread-1] INFO  server.RaftServerConfigKeys (ConfUtils.java:logGet(44)) - raft.server.rpc.sleep.time = 25ms (default)
2021-11-29 23:21:33,098 [pool-716-thread-1] INFO  server.RaftServerConfigKeys (ConfUtils.java:logGet(44)) - raft.server.rpc.slowness.timeout = 300s (custom)
2021-11-29 23:21:33,098 [pool-716-thread-1] INFO  server.RaftServerConfigKeys (ConfUtils.java:logGet(44)) - raft.server.leaderelection.leader.step-down.wait-time = 10s (default)
2021-11-29 23:21:33,098 [pool-716-thread-1] INFO  server.RaftServerConfigKeys (ConfUtils.java:logGet(44)) - raft.server.sleep.deviation.threshold = 300ms (default)
2021-11-29 23:21:33,098 [pool-716-thread-1] INFO  server.RaftServerConfigKeys (ConfUtils.java:logGet(44)) - raft.server.log.appender.install.snapshot.enabled = false (custom)
2021-11-29 23:21:33,098 [pool-716-thread-1] INFO  server.RaftServer$Division (ServerState.java:<init>(105)) - 49fe3bb7-2dae-482d-a175-9585c41bacad@group-81B74C2B8187: ConfigurationManager, init=-1: [49fe3bb7-2dae-482d-a175-9585c41bacad|rpc:10.1.0.37:39121|priority:1], old=null, confs=<EMPTY_MAP>
2021-11-29 23:21:33,099 [pool-716-thread-1] INFO  server.RaftServerConfigKeys (ConfUtils.java:logGet(44)) - raft.server.storage.dir = [/home/runner/work/ozone/ozone/hadoop-ozone/integration-test/target/test-dir/MiniOzoneClusterImpl-94814d1b-625b-4fc6-932d-e037948e86e0/datanode-2/data/ratis] (custom)
2021-11-29 23:21:33,099 [pool-716-thread-1] INFO  server.RaftServerConfigKeys (ConfUtils.java:logGet(44)) - raft.server.log.corruption.policy = EXCEPTION (default)
2021-11-29 23:21:33,099 [pool-716-thread-1] INFO  server.RaftServerConfigKeys (ConfUtils.java:logGet(44)) - raft.server.storage.free-space.min = 0MB (=0) (default)
2021-11-29 23:21:33,099 [pool-716-thread-1] INFO  storage.RaftStorageDirectory (RaftStorageDirectoryImpl.java:analyzeStorage(135)) - The storage directory /home/runner/work/ozone/ozone/hadoop-ozone/integration-test/target/test-dir/MiniOzoneClusterImpl-94814d1b-625b-4fc6-932d-e037948e86e0/datanode-2/data/ratis/f2c9405e-af07-4ae4-998b-81b74c2b8187 does not exist. Creating ...
2021-11-29 23:21:33,101 [pool-716-thread-1] INFO  storage.RaftStorageDirectory (RaftStorageDirectoryImpl.java:tryLock(230)) - Lock on /home/runner/work/ozone/ozone/hadoop-ozone/integration-test/target/test-dir/MiniOzoneClusterImpl-94814d1b-625b-4fc6-932d-e037948e86e0/datanode-2/data/ratis/f2c9405e-af07-4ae4-998b-81b74c2b8187/in_use.lock acquired by nodename 20448@fv-az148-447
2021-11-29 23:21:33,103 [pool-716-thread-1] INFO  storage.RaftStorage (RaftStorageImpl.java:format(89)) - Storage directory /home/runner/work/ozone/ozone/hadoop-ozone/integration-test/target/test-dir/MiniOzoneClusterImpl-94814d1b-625b-4fc6-932d-e037948e86e0/datanode-2/data/ratis/f2c9405e-af07-4ae4-998b-81b74c2b8187 has been successfully formatted.
2021-11-29 23:21:33,105 [pool-716-thread-1] INFO  ratis.ContainerStateMachine (ContainerStateMachine.java:loadSnapshot(224)) - group-81B74C2B8187: The snapshot info is null. Setting the last applied indexto:(t:0, i:~)
2021-11-29 23:21:33,106 [pool-716-thread-1] INFO  server.RaftServerConfigKeys (ConfUtils.java:logGet(44)) - raft.server.notification.no-leader.timeout = 300s (custom)
2021-11-29 23:21:33,106 [pool-716-thread-1] INFO  server.RaftServerConfigKeys (ConfUtils.java:logGet(44)) - raft.server.log.use.memory = false (default)
2021-11-29 23:21:33,106 [pool-716-thread-1] INFO  server.RaftServerConfigKeys (ConfUtils.java:logGet(44)) - raft.server.log.purge.gap = 1000000 (custom)
2021-11-29 23:21:33,106 [pool-716-thread-1] INFO  server.RaftServerConfigKeys (ConfUtils.java:logGet(44)) - raft.server.log.appender.buffer.byte-limit = 33554432 (custom)
2021-11-29 23:21:33,106 [pool-716-thread-1] INFO  server.RaftServerConfigKeys (ConfUtils.java:logGet(44)) - raft.server.log.segment.size.max = 1048576 (custom)
2021-11-29 23:21:33,106 [EventQueue-PipelineReportForPipelineReportHandler] INFO  pipeline.PipelineManagerImpl (PipelineManagerImpl.java:openPipeline(289)) - Pipeline Pipeline[ Id: f2c9405e-af07-4ae4-998b-81b74c2b8187, Nodes: 49fe3bb7-2dae-482d-a175-9585c41bacad{ip: 10.1.0.37, host: fv-az148-447.bm4ck3pvxvsene1rjriu5fhcdb.bx.internal.cloudapp.net, ports: [REPLICATION=42823, RATIS=39121, RATIS_ADMIN=39121, RATIS_SERVER=39121, STANDALONE=42985], networkLocation: /default-rack, certSerialId: null, persistedOpState: IN_SERVICE, persistedOpStateExpiryEpochSec: 0}, ReplicationConfig: RATIS/ONE, State:ALLOCATED, leaderId:49fe3bb7-2dae-482d-a175-9585c41bacad, CreationTimestamp2021-11-29T23:21:30.097Z[Etc/UTC]] moved to OPEN state
2021-11-29 23:21:33,107 [pool-716-thread-1] INFO  server.RaftServerConfigKeys (ConfUtils.java:logGet(44)) - raft.server.log.segment.cache.num.max = 2 (custom)
2021-11-29 23:21:33,107 [pool-716-thread-1] INFO  server.RaftServerConfigKeys (ConfUtils.java:logGet(44)) - raft.server.log.segment.cache.size.max = 200MB (=209715200) (default)
2021-11-29 23:21:33,107 [EventQueue-OpenPipelineForHealthyPipelineSafeModeRule] INFO  safemode.SCMSafeModeManager (HealthyPipelineSafeModeRule.java:process(124)) - SCM in safe mode. Healthy pipelines reported count is 0, required healthy pipeline reported count is 1
2021-11-29 23:21:33,125 [pool-716-thread-1] INFO  segmented.SegmentedRaftLogWorker (SegmentedRaftLogWorker.java:<init>(182)) - new 49fe3bb7-2dae-482d-a175-9585c41bacad@group-81B74C2B8187-SegmentedRaftLogWorker for RaftStorageImpl:Storage Directory /home/runner/work/ozone/ozone/hadoop-ozone/integration-test/target/test-dir/MiniOzoneClusterImpl-94814d1b-625b-4fc6-932d-e037948e86e0/datanode-2/data/ratis/f2c9405e-af07-4ae4-998b-81b74c2b8187
2021-11-29 23:21:33,125 [pool-716-thread-1] INFO  server.RaftServerConfigKeys (ConfUtils.java:logGet(44)) - raft.server.log.queue.byte-limit = 2147483647 (custom)
2021-11-29 23:21:33,125 [pool-716-thread-1] INFO  server.RaftServerConfigKeys (ConfUtils.java:logGet(44)) - raft.server.log.queue.element-limit = 1024 (custom)
2021-11-29 23:21:33,125 [pool-716-thread-1] INFO  server.RaftServerConfigKeys (ConfUtils.java:logGet(44)) - raft.server.log.segment.size.max = 1048576 (custom)
2021-11-29 23:21:33,125 [pool-716-thread-1] INFO  server.RaftServerConfigKeys (ConfUtils.java:logGet(44)) - raft.server.log.preallocated.size = 16384 (custom)
2021-11-29 23:21:33,125 [pool-716-thread-1] INFO  server.RaftServerConfigKeys (ConfUtils.java:logGet(44)) - raft.server.log.force.sync.num = 128 (default)
2021-11-29 23:21:33,125 [pool-716-thread-1] INFO  server.RaftServerConfigKeys (ConfUtils.java:logGet(44)) - raft.server.log.statemachine.data.sync = true (default)
2021-11-29 23:21:33,125 [pool-716-thread-1] INFO  server.RaftServerConfigKeys (ConfUtils.java:logGet(44)) - raft.server.log.statemachine.data.sync.timeout = 10s (default)
2021-11-29 23:21:33,125 [pool-716-thread-1] INFO  server.RaftServerConfigKeys (ConfUtils.java:logGet(44)) - raft.server.log.statemachine.data.sync.timeout.retry = -1 (default)
2021-11-29 23:21:33,127 [pool-716-thread-1] INFO  server.RaftServerConfigKeys (ConfUtils.java:logGet(44)) - raft.server.log.write.buffer.size = 1048576 (custom)
2021-11-29 23:21:33,127 [pool-716-thread-1] INFO  server.RaftServerConfigKeys (ConfUtils.java:logGet(44)) - raft.server.log.statemachine.data.caching.enabled = true (custom)
2021-11-29 23:21:33,127 [pool-716-thread-1] INFO  segmented.SegmentedRaftLogWorker (SegmentedRaftLogWorker.java:lambda$new$0(133)) - 49fe3bb7-2dae-482d-a175-9585c41bacad@group-81B74C2B8187-SegmentedRaftLogWorker: flushIndex: setUnconditionally 0 -> -1
2021-11-29 23:21:33,127 [pool-716-thread-1] INFO  segmented.SegmentedRaftLogWorker (SegmentedRaftLogWorker.java:lambda$new$0(133)) - 49fe3bb7-2dae-482d-a175-9585c41bacad@group-81B74C2B8187-SegmentedRaftLogWorker: safeCacheEvictIndex: setUnconditionally 0 -> -1
2021-11-29 23:21:33,128 [pool-716-thread-1] INFO  server.RaftServerConfigKeys (ConfUtils.java:logGet(44)) - raft.server.snapshot.auto.trigger.enabled = true (custom)
2021-11-29 23:21:33,128 [pool-716-thread-1] INFO  server.RaftServerConfigKeys (ConfUtils.java:logGet(44)) - raft.server.snapshot.auto.trigger.threshold = 10000 (custom)
2021-11-29 23:21:33,128 [pool-716-thread-1] INFO  server.RaftServerConfigKeys (ConfUtils.java:logGet(44)) - raft.server.snapshot.retention.file.num = 5 (custom)
2021-11-29 23:21:33,128 [pool-716-thread-1] INFO  server.RaftServerConfigKeys (ConfUtils.java:logGet(44)) - raft.server.log.purge.upto.snapshot.index = false (default)
2021-11-29 23:21:33,128 [pool-716-thread-1] INFO  server.RaftServerConfigKeys (ConfUtils.java:logGet(44)) - raft.server.retrycache.expirytime = 600000ms (custom)
2021-11-29 23:21:33,128 [pool-716-thread-1] INFO  server.RaftServerConfigKeys (ConfUtils.java:logGet(44)) - raft.server.retrycache.statistics.expirytime = 100μs (default)
2021-11-29 23:21:33,130 [pool-716-thread-1] INFO  server.RaftServer$Division (RaftServerImpl.java:start(301)) - 49fe3bb7-2dae-482d-a175-9585c41bacad@group-81B74C2B8187: start as a follower, conf=-1: [49fe3bb7-2dae-482d-a175-9585c41bacad|rpc:10.1.0.37:39121|priority:1], old=null
2021-11-29 23:21:33,130 [pool-716-thread-1] INFO  server.RaftServer$Division (RaftServerImpl.java:setRole(290)) - 49fe3bb7-2dae-482d-a175-9585c41bacad@group-81B74C2B8187: changes role from      null to FOLLOWER at term 0 for startAsFollower
2021-11-29 23:21:33,130 [pool-716-thread-1] INFO  impl.RoleInfo (RoleInfo.java:updateAndGet(130)) - 49fe3bb7-2dae-482d-a175-9585c41bacad: start 49fe3bb7-2dae-482d-a175-9585c41bacad@group-81B74C2B8187-FollowerState
2021-11-29 23:21:33,146 [pool-716-thread-1] INFO  util.JmxRegister (JmxRegister.java:tryRegister(44)) - Successfully registered JMX Bean with object name Ratis:service=RaftServer,group=group-81B74C2B8187,id=49fe3bb7-2dae-482d-a175-9585c41bacad
2021-11-29 23:21:33,152 [Command processor thread] INFO  ratis.XceiverServerRatis (XceiverServerRatis.java:addGroup(768)) - Created group PipelineID=f2c9405e-af07-4ae4-998b-81b74c2b8187
2021-11-29 23:21:33,152 [Command processor thread] INFO  commandhandler.CreatePipelineCommandHandler (CreatePipelineCommandHandler.java:handle(106)) - Created Pipeline RATIS ONE PipelineID=f2c9405e-af07-4ae4-998b-81b74c2b8187.
2021-11-29 23:21:33,373 [ReplicationMonitor] INFO  container.ReplicationManager (ReplicationManager.java:processAll(371)) - Replication Monitor Thread took 0 milliseconds for processing 0 containers.
2021-11-29 23:21:33,641 [Listener at 127.0.0.1/46101] INFO  ozone.MiniOzoneClusterImpl (MiniOzoneClusterImpl.java:lambda$waitForClusterToBeReady$0(235)) - Nodes are ready. Got 4 of 4 DN Heartbeats.
2021-11-29 23:21:33,641 [Listener at 127.0.0.1/46101] INFO  ozone.MiniOzoneClusterImpl (MiniOzoneClusterImpl.java:lambda$waitForClusterToBeReady$0(238)) - Waiting for cluster to exit safe mode
2021-11-29 23:21:33,641 [Listener at 127.0.0.1/46101] INFO  ozone.MiniOzoneClusterImpl (MiniOzoneClusterImpl.java:lambda$waitForClusterToBeReady$0(240)) - SCM became leader
2021-11-29 23:21:33,645 [Command processor thread] INFO  server.RaftServer (RaftServerProxy.java:addNew(95)) - 74f41514-20ca-4955-9e3a-cfde988d45f9: addNew group-2750B8C67C55:[74f41514-20ca-4955-9e3a-cfde988d45f9|rpc:10.1.0.37:37127|priority:1] returns group-2750B8C67C55:java.util.concurrent.CompletableFuture@e8ff820[Not completed]
2021-11-29 23:21:33,662 [pool-735-thread-1] INFO  server.RaftServer$Division (RaftServerImpl.java:<init>(184)) - 74f41514-20ca-4955-9e3a-cfde988d45f9: new RaftServerImpl for group-2750B8C67C55:[74f41514-20ca-4955-9e3a-cfde988d45f9|rpc:10.1.0.37:37127|priority:1] with ContainerStateMachine:uninitialized
2021-11-29 23:21:33,701 [pool-735-thread-1] INFO  server.RaftServerConfigKeys (ConfUtils.java:logGet(44)) - raft.server.rpc.timeout.min = 5s (custom)
2021-11-29 23:21:33,701 [pool-735-thread-1] INFO  server.RaftServerConfigKeys (ConfUtils.java:logGet(44)) - raft.server.rpc.timeout.max = 5200ms (custom)
2021-11-29 23:21:33,701 [pool-735-thread-1] INFO  server.RaftServerConfigKeys (ConfUtils.java:logGet(44)) - raft.server.rpc.sleep.time = 25ms (default)
2021-11-29 23:21:33,701 [pool-735-thread-1] INFO  server.RaftServerConfigKeys (ConfUtils.java:logGet(44)) - raft.server.rpc.slowness.timeout = 300s (custom)
2021-11-29 23:21:33,702 [pool-735-thread-1] INFO  server.RaftServerConfigKeys (ConfUtils.java:logGet(44)) - raft.server.leaderelection.leader.step-down.wait-time = 10s (default)
2021-11-29 23:21:33,702 [pool-735-thread-1] INFO  server.RaftServerConfigKeys (ConfUtils.java:logGet(44)) - raft.server.sleep.deviation.threshold = 300ms (default)
2021-11-29 23:21:33,702 [pool-735-thread-1] INFO  server.RaftServerConfigKeys (ConfUtils.java:logGet(44)) - raft.server.log.appender.install.snapshot.enabled = false (custom)
2021-11-29 23:21:33,702 [pool-735-thread-1] INFO  server.RaftServer$Division (ServerState.java:<init>(105)) - 74f41514-20ca-4955-9e3a-cfde988d45f9@group-2750B8C67C55: ConfigurationManager, init=-1: [74f41514-20ca-4955-9e3a-cfde988d45f9|rpc:10.1.0.37:37127|priority:1], old=null, confs=<EMPTY_MAP>
2021-11-29 23:21:33,702 [pool-735-thread-1] INFO  server.RaftServerConfigKeys (ConfUtils.java:logGet(44)) - raft.server.storage.dir = [/home/runner/work/ozone/ozone/hadoop-ozone/integration-test/target/test-dir/MiniOzoneClusterImpl-94814d1b-625b-4fc6-932d-e037948e86e0/datanode-3/data/ratis] (custom)
2021-11-29 23:21:33,702 [pool-735-thread-1] INFO  server.RaftServerConfigKeys (ConfUtils.java:logGet(44)) - raft.server.log.corruption.policy = EXCEPTION (default)
2021-11-29 23:21:33,702 [pool-735-thread-1] INFO  server.RaftServerConfigKeys (ConfUtils.java:logGet(44)) - raft.server.storage.free-space.min = 0MB (=0) (default)
2021-11-29 23:21:33,702 [pool-735-thread-1] INFO  storage.RaftStorageDirectory (RaftStorageDirectoryImpl.java:analyzeStorage(135)) - The storage directory /home/runner/work/ozone/ozone/hadoop-ozone/integration-test/target/test-dir/MiniOzoneClusterImpl-94814d1b-625b-4fc6-932d-e037948e86e0/datanode-3/data/ratis/e9e31f76-78c3-423a-ad98-2750b8c67c55 does not exist. Creating ...
2021-11-29 23:21:33,710 [pool-735-thread-1] INFO  storage.RaftStorageDirectory (RaftStorageDirectoryImpl.java:tryLock(230)) - Lock on /home/runner/work/ozone/ozone/hadoop-ozone/integration-test/target/test-dir/MiniOzoneClusterImpl-94814d1b-625b-4fc6-932d-e037948e86e0/datanode-3/data/ratis/e9e31f76-78c3-423a-ad98-2750b8c67c55/in_use.lock acquired by nodename 20448@fv-az148-447
2021-11-29 23:21:33,714 [pool-735-thread-1] INFO  storage.RaftStorage (RaftStorageImpl.java:format(89)) - Storage directory /home/runner/work/ozone/ozone/hadoop-ozone/integration-test/target/test-dir/MiniOzoneClusterImpl-94814d1b-625b-4fc6-932d-e037948e86e0/datanode-3/data/ratis/e9e31f76-78c3-423a-ad98-2750b8c67c55 has been successfully formatted.
2021-11-29 23:21:33,718 [pool-735-thread-1] INFO  ratis.ContainerStateMachine (ContainerStateMachine.java:loadSnapshot(224)) - group-2750B8C67C55: The snapshot info is null. Setting the last applied indexto:(t:0, i:~)
2021-11-29 23:21:33,718 [pool-735-thread-1] INFO  server.RaftServerConfigKeys (ConfUtils.java:logGet(44)) - raft.server.notification.no-leader.timeout = 300s (custom)
2021-11-29 23:21:33,718 [pool-735-thread-1] INFO  server.RaftServerConfigKeys (ConfUtils.java:logGet(44)) - raft.server.log.use.memory = false (default)
2021-11-29 23:21:33,718 [pool-735-thread-1] INFO  server.RaftServerConfigKeys (ConfUtils.java:logGet(44)) - raft.server.log.purge.gap = 1000000 (custom)
2021-11-29 23:21:33,718 [pool-735-thread-1] INFO  server.RaftServerConfigKeys (ConfUtils.java:logGet(44)) - raft.server.log.appender.buffer.byte-limit = 33554432 (custom)
2021-11-29 23:21:33,719 [pool-735-thread-1] INFO  server.RaftServerConfigKeys (ConfUtils.java:logGet(44)) - raft.server.log.segment.size.max = 1048576 (custom)
2021-11-29 23:21:33,719 [pool-735-thread-1] INFO  server.RaftServerConfigKeys (ConfUtils.java:logGet(44)) - raft.server.log.segment.cache.num.max = 2 (custom)
2021-11-29 23:21:33,719 [pool-735-thread-1] INFO  server.RaftServerConfigKeys (ConfUtils.java:logGet(44)) - raft.server.log.segment.cache.size.max = 200MB (=209715200) (default)
2021-11-29 23:21:33,719 [pool-735-thread-1] INFO  segmented.SegmentedRaftLogWorker (SegmentedRaftLogWorker.java:<init>(182)) - new 74f41514-20ca-4955-9e3a-cfde988d45f9@group-2750B8C67C55-SegmentedRaftLogWorker for RaftStorageImpl:Storage Directory /home/runner/work/ozone/ozone/hadoop-ozone/integration-test/target/test-dir/MiniOzoneClusterImpl-94814d1b-625b-4fc6-932d-e037948e86e0/datanode-3/data/ratis/e9e31f76-78c3-423a-ad98-2750b8c67c55
2021-11-29 23:21:33,719 [pool-735-thread-1] INFO  server.RaftServerConfigKeys (ConfUtils.java:logGet(44)) - raft.server.log.queue.byte-limit = 2147483647 (custom)
2021-11-29 23:21:33,719 [pool-735-thread-1] INFO  server.RaftServerConfigKeys (ConfUtils.java:logGet(44)) - raft.server.log.queue.element-limit = 1024 (custom)
2021-11-29 23:21:33,719 [pool-735-thread-1] INFO  server.RaftServerConfigKeys (ConfUtils.java:logGet(44)) - raft.server.log.segment.size.max = 1048576 (custom)
2021-11-29 23:21:33,719 [pool-735-thread-1] INFO  server.RaftServerConfigKeys (ConfUtils.java:logGet(44)) - raft.server.log.preallocated.size = 16384 (custom)
2021-11-29 23:21:33,719 [pool-735-thread-1] INFO  server.RaftServerConfigKeys (ConfUtils.java:logGet(44)) - raft.server.log.force.sync.num = 128 (default)
2021-11-29 23:21:33,719 [pool-735-thread-1] INFO  server.RaftServerConfigKeys (ConfUtils.java:logGet(44)) - raft.server.log.statemachine.data.sync = true (default)
2021-11-29 23:21:33,720 [pool-735-thread-1] INFO  server.RaftServerConfigKeys (ConfUtils.java:logGet(44)) - raft.server.log.statemachine.data.sync.timeout = 10s (default)
2021-11-29 23:21:33,720 [pool-735-thread-1] INFO  server.RaftServerConfigKeys (ConfUtils.java:logGet(44)) - raft.server.log.statemachine.data.sync.timeout.retry = -1 (default)
2021-11-29 23:21:33,726 [EventQueue-PipelineReportForPipelineReportHandler] INFO  pipeline.PipelineManagerImpl (PipelineManagerImpl.java:openPipeline(289)) - Pipeline Pipeline[ Id: e9e31f76-78c3-423a-ad98-2750b8c67c55, Nodes: 74f41514-20ca-4955-9e3a-cfde988d45f9{ip: 10.1.0.37, host: fv-az148-447.bm4ck3pvxvsene1rjriu5fhcdb.bx.internal.cloudapp.net, ports: [REPLICATION=45045, RATIS=37127, RATIS_ADMIN=37127, RATIS_SERVER=37127, STANDALONE=33889], networkLocation: /default-rack, certSerialId: null, persistedOpState: IN_SERVICE, persistedOpStateExpiryEpochSec: 0}, ReplicationConfig: RATIS/ONE, State:ALLOCATED, leaderId:74f41514-20ca-4955-9e3a-cfde988d45f9, CreationTimestamp2021-11-29T23:21:30.639Z[Etc/UTC]] moved to OPEN state
2021-11-29 23:21:33,727 [EventQueue-OpenPipelineForHealthyPipelineSafeModeRule] INFO  safemode.SCMSafeModeManager (HealthyPipelineSafeModeRule.java:process(124)) - SCM in safe mode. Healthy pipelines reported count is 0, required healthy pipeline reported count is 1
2021-11-29 23:21:33,765 [pool-735-thread-1] INFO  server.RaftServerConfigKeys (ConfUtils.java:logGet(44)) - raft.server.log.write.buffer.size = 1048576 (custom)
2021-11-29 23:21:33,771 [pool-735-thread-1] INFO  server.RaftServerConfigKeys (ConfUtils.java:logGet(44)) - raft.server.log.statemachine.data.caching.enabled = true (custom)
2021-11-29 23:21:33,771 [pool-735-thread-1] INFO  segmented.SegmentedRaftLogWorker (SegmentedRaftLogWorker.java:lambda$new$0(133)) - 74f41514-20ca-4955-9e3a-cfde988d45f9@group-2750B8C67C55-SegmentedRaftLogWorker: flushIndex: setUnconditionally 0 -> -1
2021-11-29 23:21:33,771 [pool-735-thread-1] INFO  segmented.SegmentedRaftLogWorker (SegmentedRaftLogWorker.java:lambda$new$0(133)) - 74f41514-20ca-4955-9e3a-cfde988d45f9@group-2750B8C67C55-SegmentedRaftLogWorker: safeCacheEvictIndex: setUnconditionally 0 -> -1
2021-11-29 23:21:33,772 [pool-735-thread-1] INFO  server.RaftServerConfigKeys (ConfUtils.java:logGet(44)) - raft.server.snapshot.auto.trigger.enabled = true (custom)
2021-11-29 23:21:33,772 [pool-735-thread-1] INFO  server.RaftServerConfigKeys (ConfUtils.java:logGet(44)) - raft.server.snapshot.auto.trigger.threshold = 10000 (custom)
2021-11-29 23:21:33,772 [pool-735-thread-1] INFO  server.RaftServerConfigKeys (ConfUtils.java:logGet(44)) - raft.server.snapshot.retention.file.num = 5 (custom)
2021-11-29 23:21:33,772 [pool-735-thread-1] INFO  server.RaftServerConfigKeys (ConfUtils.java:logGet(44)) - raft.server.log.purge.upto.snapshot.index = false (default)
2021-11-29 23:21:33,772 [pool-735-thread-1] INFO  server.RaftServerConfigKeys (ConfUtils.java:logGet(44)) - raft.server.retrycache.expirytime = 600000ms (custom)
2021-11-29 23:21:33,772 [pool-735-thread-1] INFO  server.RaftServerConfigKeys (ConfUtils.java:logGet(44)) - raft.server.retrycache.statistics.expirytime = 100μs (default)
2021-11-29 23:21:33,774 [pool-735-thread-1] INFO  server.RaftServer$Division (RaftServerImpl.java:start(301)) - 74f41514-20ca-4955-9e3a-cfde988d45f9@group-2750B8C67C55: start as a follower, conf=-1: [74f41514-20ca-4955-9e3a-cfde988d45f9|rpc:10.1.0.37:37127|priority:1], old=null
2021-11-29 23:21:33,774 [pool-735-thread-1] INFO  server.RaftServer$Division (RaftServerImpl.java:setRole(290)) - 74f41514-20ca-4955-9e3a-cfde988d45f9@group-2750B8C67C55: changes role from      null to FOLLOWER at term 0 for startAsFollower
2021-11-29 23:21:33,774 [pool-735-thread-1] INFO  impl.RoleInfo (RoleInfo.java:updateAndGet(130)) - 74f41514-20ca-4955-9e3a-cfde988d45f9: start 74f41514-20ca-4955-9e3a-cfde988d45f9@group-2750B8C67C55-FollowerState
2021-11-29 23:21:33,775 [pool-735-thread-1] INFO  util.JmxRegister (JmxRegister.java:tryRegister(44)) - Successfully registered JMX Bean with object name Ratis:service=RaftServer,group=group-2750B8C67C55,id=74f41514-20ca-4955-9e3a-cfde988d45f9
2021-11-29 23:21:33,777 [Command processor thread] INFO  ratis.XceiverServerRatis (XceiverServerRatis.java:addGroup(768)) - Created group PipelineID=e9e31f76-78c3-423a-ad98-2750b8c67c55
2021-11-29 23:21:33,777 [Command processor thread] INFO  commandhandler.CreatePipelineCommandHandler (CreatePipelineCommandHandler.java:handle(106)) - Created Pipeline RATIS ONE PipelineID=e9e31f76-78c3-423a-ad98-2750b8c67c55.
2021-11-29 23:21:34,377 [ReplicationMonitor] INFO  container.ReplicationManager (ReplicationManager.java:processAll(371)) - Replication Monitor Thread took 0 milliseconds for processing 0 containers.
2021-11-29 23:21:34,645 [Listener at 127.0.0.1/46101] INFO  ozone.MiniOzoneClusterImpl (MiniOzoneClusterImpl.java:lambda$waitForClusterToBeReady$0(235)) - Nodes are ready. Got 4 of 4 DN Heartbeats.
2021-11-29 23:21:34,645 [Listener at 127.0.0.1/46101] INFO  ozone.MiniOzoneClusterImpl (MiniOzoneClusterImpl.java:lambda$waitForClusterToBeReady$0(238)) - Waiting for cluster to exit safe mode
2021-11-29 23:21:34,646 [Listener at 127.0.0.1/46101] INFO  ozone.MiniOzoneClusterImpl (MiniOzoneClusterImpl.java:lambda$waitForClusterToBeReady$0(240)) - SCM became leader
2021-11-29 23:21:35,381 [ReplicationMonitor] INFO  container.ReplicationManager (ReplicationManager.java:processAll(371)) - Replication Monitor Thread took 0 milliseconds for processing 0 containers.
2021-11-29 23:21:35,646 [Listener at 127.0.0.1/46101] INFO  ozone.MiniOzoneClusterImpl (MiniOzoneClusterImpl.java:lambda$waitForClusterToBeReady$0(235)) - Nodes are ready. Got 4 of 4 DN Heartbeats.
2021-11-29 23:21:35,646 [Listener at 127.0.0.1/46101] INFO  ozone.MiniOzoneClusterImpl (MiniOzoneClusterImpl.java:lambda$waitForClusterToBeReady$0(238)) - Waiting for cluster to exit safe mode
2021-11-29 23:21:35,646 [Listener at 127.0.0.1/46101] INFO  ozone.MiniOzoneClusterImpl (MiniOzoneClusterImpl.java:lambda$waitForClusterToBeReady$0(240)) - SCM became leader
2021-11-29 23:21:36,381 [ReplicationMonitor] INFO  container.ReplicationManager (ReplicationManager.java:processAll(371)) - Replication Monitor Thread took 0 milliseconds for processing 0 containers.
2021-11-29 23:21:36,653 [Listener at 127.0.0.1/46101] INFO  ozone.MiniOzoneClusterImpl (MiniOzoneClusterImpl.java:lambda$waitForClusterToBeReady$0(235)) - Nodes are ready. Got 4 of 4 DN Heartbeats.
2021-11-29 23:21:36,653 [Listener at 127.0.0.1/46101] INFO  ozone.MiniOzoneClusterImpl (MiniOzoneClusterImpl.java:lambda$waitForClusterToBeReady$0(238)) - Waiting for cluster to exit safe mode
2021-11-29 23:21:36,653 [Listener at 127.0.0.1/46101] INFO  ozone.MiniOzoneClusterImpl (MiniOzoneClusterImpl.java:lambda$waitForClusterToBeReady$0(240)) - SCM became leader
2021-11-29 23:21:36,781 [9eaa9061-0cbd-4a3d-8091-a973303b955e@group-828664CAA80E-FollowerState] INFO  impl.FollowerState (FollowerState.java:run(134)) - 9eaa9061-0cbd-4a3d-8091-a973303b955e@group-828664CAA80E-FollowerState: change to CANDIDATE, lastRpcElapsedTime:5054070404ns, electionTimeout:5053ms
2021-11-29 23:21:36,781 [9eaa9061-0cbd-4a3d-8091-a973303b955e@group-828664CAA80E-FollowerState] INFO  impl.RoleInfo (RoleInfo.java:shutdownFollowerState(108)) - 9eaa9061-0cbd-4a3d-8091-a973303b955e: shutdown 9eaa9061-0cbd-4a3d-8091-a973303b955e@group-828664CAA80E-FollowerState
2021-11-29 23:21:36,781 [9eaa9061-0cbd-4a3d-8091-a973303b955e@group-828664CAA80E-FollowerState] INFO  server.RaftServer$Division (RaftServerImpl.java:setRole(290)) - 9eaa9061-0cbd-4a3d-8091-a973303b955e@group-828664CAA80E: changes role from  FOLLOWER to CANDIDATE at term 0 for changeToCandidate
2021-11-29 23:21:36,782 [9eaa9061-0cbd-4a3d-8091-a973303b955e@group-828664CAA80E-FollowerState] INFO  server.RaftServerConfigKeys (ConfUtils.java:logGet(44)) - raft.server.leaderelection.pre-vote = false (custom)
2021-11-29 23:21:36,782 [9eaa9061-0cbd-4a3d-8091-a973303b955e@group-828664CAA80E-FollowerState] INFO  impl.RoleInfo (RoleInfo.java:updateAndGet(130)) - 9eaa9061-0cbd-4a3d-8091-a973303b955e: start 9eaa9061-0cbd-4a3d-8091-a973303b955e@group-828664CAA80E-LeaderElection50
2021-11-29 23:21:36,865 [9eaa9061-0cbd-4a3d-8091-a973303b955e@group-828664CAA80E-LeaderElection50] INFO  impl.LeaderElection (LeaderElection.java:askForVotes(306)) - 9eaa9061-0cbd-4a3d-8091-a973303b955e@group-828664CAA80E-LeaderElection50 ELECTION round 0: submit vote requests at term 1 for -1: [9eaa9061-0cbd-4a3d-8091-a973303b955e|rpc:10.1.0.37:35167|priority:1], old=null
2021-11-29 23:21:36,865 [9eaa9061-0cbd-4a3d-8091-a973303b955e@group-828664CAA80E-LeaderElection50] INFO  impl.LeaderElection (LeaderElection.java:askForVotes(308)) - 9eaa9061-0cbd-4a3d-8091-a973303b955e@group-828664CAA80E-LeaderElection50 ELECTION round 0: result PASSED (term=1)
2021-11-29 23:21:36,865 [9eaa9061-0cbd-4a3d-8091-a973303b955e@group-828664CAA80E-LeaderElection50] INFO  impl.RoleInfo (RoleInfo.java:shutdownLeaderElection(121)) - 9eaa9061-0cbd-4a3d-8091-a973303b955e: shutdown 9eaa9061-0cbd-4a3d-8091-a973303b955e@group-828664CAA80E-LeaderElection50
2021-11-29 23:21:36,865 [9eaa9061-0cbd-4a3d-8091-a973303b955e@group-828664CAA80E-LeaderElection50] INFO  server.RaftServer$Division (RaftServerImpl.java:setRole(290)) - 9eaa9061-0cbd-4a3d-8091-a973303b955e@group-828664CAA80E: changes role from CANDIDATE to LEADER at term 1 for changeToLeader
2021-11-29 23:21:36,866 [9eaa9061-0cbd-4a3d-8091-a973303b955e@group-828664CAA80E-LeaderElection50] INFO  ratis.XceiverServerRatis (XceiverServerRatis.java:handleLeaderChangedNotification(866)) - Leader change notification received for group: group-828664CAA80E with new leaderId: 9eaa9061-0cbd-4a3d-8091-a973303b955e
2021-11-29 23:21:36,866 [9eaa9061-0cbd-4a3d-8091-a973303b955e@group-828664CAA80E-LeaderElection50] INFO  server.RaftServer$Division (ServerState.java:setLeader(285)) - 9eaa9061-0cbd-4a3d-8091-a973303b955e@group-828664CAA80E: change Leader from null to 9eaa9061-0cbd-4a3d-8091-a973303b955e at term 1 for becomeLeader, leader elected after 5143ms
2021-11-29 23:21:36,866 [9eaa9061-0cbd-4a3d-8091-a973303b955e@group-828664CAA80E-LeaderElection50] INFO  server.RaftServerConfigKeys (ConfUtils.java:logGet(44)) - raft.server.staging.catchup.gap = 1000 (default)
2021-11-29 23:21:36,881 [9eaa9061-0cbd-4a3d-8091-a973303b955e@group-828664CAA80E-LeaderElection50] INFO  server.RaftServerConfigKeys (ConfUtils.java:logGet(44)) - raft.server.write.element-limit = 1024 (custom)
2021-11-29 23:21:36,881 [9eaa9061-0cbd-4a3d-8091-a973303b955e@group-828664CAA80E-LeaderElection50] INFO  server.RaftServerConfigKeys (ConfUtils.java:logGet(44)) - raft.server.write.byte-limit = 1024 M (=1073741824) (custom)
2021-11-29 23:21:36,881 [9eaa9061-0cbd-4a3d-8091-a973303b955e@group-828664CAA80E-LeaderElection50] INFO  server.RaftServerConfigKeys (ConfUtils.java:logGet(44)) - raft.server.watch.timeout = 180s (custom)
2021-11-29 23:21:36,881 [9eaa9061-0cbd-4a3d-8091-a973303b955e@group-828664CAA80E-LeaderElection50] INFO  server.RaftServerConfigKeys (ConfUtils.java:logGet(44)) - raft.server.watch.timeout.denomination = 1s (default)
2021-11-29 23:21:36,881 [9eaa9061-0cbd-4a3d-8091-a973303b955e@group-828664CAA80E-LeaderElection50] INFO  server.RaftServerConfigKeys (ConfUtils.java:logGet(44)) - raft.server.watch.element-limit = 65536 (default)
2021-11-29 23:21:36,881 [9eaa9061-0cbd-4a3d-8091-a973303b955e@group-828664CAA80E-LeaderElection50] INFO  server.RaftServerConfigKeys (ConfUtils.java:logGet(44)) - raft.server.write.element-limit = 1024 (custom)
2021-11-29 23:21:36,881 [9eaa9061-0cbd-4a3d-8091-a973303b955e@group-828664CAA80E-LeaderElection50] INFO  server.RaftServerConfigKeys (ConfUtils.java:logGet(44)) - raft.server.write.follower.gap.ratio.max = -1.0 (default)
2021-11-29 23:21:36,882 [9eaa9061-0cbd-4a3d-8091-a973303b955e@group-828664CAA80E-LeaderElection50] INFO  impl.RoleInfo (RoleInfo.java:updateAndGet(130)) - 9eaa9061-0cbd-4a3d-8091-a973303b955e: start 9eaa9061-0cbd-4a3d-8091-a973303b955e@group-828664CAA80E-LeaderStateImpl
2021-11-29 23:21:36,882 [9eaa9061-0cbd-4a3d-8091-a973303b955e@group-828664CAA80E-LeaderElection50] INFO  segmented.SegmentedRaftLogWorker (SegmentedRaftLogWorker.java:startLogSegment(394)) - 9eaa9061-0cbd-4a3d-8091-a973303b955e@group-828664CAA80E-SegmentedRaftLogWorker: Starting segment from index:0
2021-11-29 23:21:36,883 [9eaa9061-0cbd-4a3d-8091-a973303b955e@group-677DDB1507C0-FollowerState] INFO  impl.FollowerState (FollowerState.java:run(134)) - 9eaa9061-0cbd-4a3d-8091-a973303b955e@group-677DDB1507C0-FollowerState: change to CANDIDATE, lastRpcElapsedTime:5064234165ns, electionTimeout:5022ms
2021-11-29 23:21:36,883 [9eaa9061-0cbd-4a3d-8091-a973303b955e@group-677DDB1507C0-FollowerState] INFO  impl.RoleInfo (RoleInfo.java:shutdownFollowerState(108)) - 9eaa9061-0cbd-4a3d-8091-a973303b955e: shutdown 9eaa9061-0cbd-4a3d-8091-a973303b955e@group-677DDB1507C0-FollowerState
2021-11-29 23:21:36,883 [9eaa9061-0cbd-4a3d-8091-a973303b955e@group-677DDB1507C0-FollowerState] INFO  server.RaftServer$Division (RaftServerImpl.java:setRole(290)) - 9eaa9061-0cbd-4a3d-8091-a973303b955e@group-677DDB1507C0: changes role from  FOLLOWER to CANDIDATE at term 0 for changeToCandidate
2021-11-29 23:21:36,883 [9eaa9061-0cbd-4a3d-8091-a973303b955e@group-677DDB1507C0-FollowerState] INFO  server.RaftServerConfigKeys (ConfUtils.java:logGet(44)) - raft.server.leaderelection.pre-vote = false (custom)
2021-11-29 23:21:36,883 [9eaa9061-0cbd-4a3d-8091-a973303b955e@group-677DDB1507C0-FollowerState] INFO  impl.RoleInfo (RoleInfo.java:updateAndGet(130)) - 9eaa9061-0cbd-4a3d-8091-a973303b955e: start 9eaa9061-0cbd-4a3d-8091-a973303b955e@group-677DDB1507C0-LeaderElection51
2021-11-29 23:21:36,884 [9eaa9061-0cbd-4a3d-8091-a973303b955e@group-828664CAA80E-SegmentedRaftLogWorker] INFO  segmented.SegmentedRaftLogWorker (SegmentedRaftLogWorker.java:execute(601)) - 9eaa9061-0cbd-4a3d-8091-a973303b955e@group-828664CAA80E-SegmentedRaftLogWorker: created new log segment /home/runner/work/ozone/ozone/hadoop-ozone/integration-test/target/test-dir/MiniOzoneClusterImpl-94814d1b-625b-4fc6-932d-e037948e86e0/datanode-0/data/ratis/e6d1eda4-a2d7-4e09-aea9-828664caa80e/current/log_inprogress_0
2021-11-29 23:21:36,888 [9eaa9061-0cbd-4a3d-8091-a973303b955e@group-828664CAA80E-LeaderElection50] INFO  server.RaftServer$Division (ServerState.java:setRaftConf(387)) - 9eaa9061-0cbd-4a3d-8091-a973303b955e@group-828664CAA80E: set configuration 0: [9eaa9061-0cbd-4a3d-8091-a973303b955e|rpc:10.1.0.37:35167|dataStream:|priority:1], old=null
2021-11-29 23:21:36,922 [EventQueue-OpenPipelineForHealthyPipelineSafeModeRule] INFO  safemode.SCMSafeModeManager (HealthyPipelineSafeModeRule.java:process(124)) - SCM in safe mode. Healthy pipelines reported count is 0, required healthy pipeline reported count is 1
2021-11-29 23:21:36,961 [9eaa9061-0cbd-4a3d-8091-a973303b955e@group-677DDB1507C0-LeaderElection51] INFO  impl.LeaderElection (LeaderElection.java:askForVotes(306)) - 9eaa9061-0cbd-4a3d-8091-a973303b955e@group-677DDB1507C0-LeaderElection51 ELECTION round 0: submit vote requests at term 1 for -1: [9eaa9061-0cbd-4a3d-8091-a973303b955e|rpc:10.1.0.37:35167|priority:0, 45f86aeb-e384-4aa9-8d84-a9c74618d31d|rpc:10.1.0.37:38125|priority:1, 49fe3bb7-2dae-482d-a175-9585c41bacad|rpc:10.1.0.37:39121|priority:0], old=null
2021-11-29 23:21:37,010 [grpc-default-executor-6] INFO  server.RaftServer$Division (RaftServerImpl.java:requestVote(1046)) - 45f86aeb-e384-4aa9-8d84-a9c74618d31d@group-677DDB1507C0: receive requestVote(ELECTION, 9eaa9061-0cbd-4a3d-8091-a973303b955e, group-677DDB1507C0, 1, (t:0, i:0))
2021-11-29 23:21:37,010 [grpc-default-executor-6] INFO  impl.VoteContext (VoteContext.java:log(48)) - 45f86aeb-e384-4aa9-8d84-a9c74618d31d@group-677DDB1507C0-FOLLOWER: reject ELECTION from 9eaa9061-0cbd-4a3d-8091-a973303b955e: our priority 1 > candidate's priority 0
2021-11-29 23:21:37,010 [grpc-default-executor-6] INFO  server.RaftServer$Division (RaftServerImpl.java:setRole(290)) - 45f86aeb-e384-4aa9-8d84-a9c74618d31d@group-677DDB1507C0: changes role from  FOLLOWER to FOLLOWER at term 1 for candidate:9eaa9061-0cbd-4a3d-8091-a973303b955e
2021-11-29 23:21:37,010 [grpc-default-executor-6] INFO  impl.RoleInfo (RoleInfo.java:shutdownFollowerState(108)) - 45f86aeb-e384-4aa9-8d84-a9c74618d31d: shutdown 45f86aeb-e384-4aa9-8d84-a9c74618d31d@group-677DDB1507C0-FollowerState
2021-11-29 23:21:37,011 [grpc-default-executor-6] INFO  impl.RoleInfo (RoleInfo.java:updateAndGet(130)) - 45f86aeb-e384-4aa9-8d84-a9c74618d31d: start 45f86aeb-e384-4aa9-8d84-a9c74618d31d@group-677DDB1507C0-FollowerState
2021-11-29 23:21:37,011 [45f86aeb-e384-4aa9-8d84-a9c74618d31d@group-677DDB1507C0-FollowerState] INFO  impl.FollowerState (FollowerState.java:run(143)) - 45f86aeb-e384-4aa9-8d84-a9c74618d31d@group-677DDB1507C0-FollowerState was interrupted: {}
java.lang.InterruptedException: sleep interrupted
	at java.lang.Thread.sleep(Native Method)
	at java.lang.Thread.sleep(Thread.java:340)
	at java.util.concurrent.TimeUnit.sleep(TimeUnit.java:386)
	at org.apache.ratis.util.TimeDuration.sleep(TimeDuration.java:324)
	at org.apache.ratis.util.TimeDuration.sleep(TimeDuration.java:309)
	at org.apache.ratis.server.impl.FollowerState.run(FollowerState.java:118)
2021-11-29 23:21:37,038 [grpc-default-executor-6] INFO  server.RaftServer$Division (RaftServerImpl.java:requestVote(1078)) - 45f86aeb-e384-4aa9-8d84-a9c74618d31d@group-677DDB1507C0 replies to ELECTION vote request: 9eaa9061-0cbd-4a3d-8091-a973303b955e<-45f86aeb-e384-4aa9-8d84-a9c74618d31d#0:FAIL-t1. Peer's state: 45f86aeb-e384-4aa9-8d84-a9c74618d31d@group-677DDB1507C0:t1, leader=null, voted=null, raftlog=45f86aeb-e384-4aa9-8d84-a9c74618d31d@group-677DDB1507C0-SegmentedRaftLog:OPENED:c-1, conf=-1: [9eaa9061-0cbd-4a3d-8091-a973303b955e|rpc:10.1.0.37:35167|dataStream:|priority:0, 45f86aeb-e384-4aa9-8d84-a9c74618d31d|rpc:10.1.0.37:38125|dataStream:|priority:1, 49fe3bb7-2dae-482d-a175-9585c41bacad|rpc:10.1.0.37:39121|dataStream:|priority:0], old=null
2021-11-29 23:21:37,049 [49fe3bb7-2dae-482d-a175-9585c41bacad@group-677DDB1507C0-FollowerState] INFO  impl.FollowerState (FollowerState.java:run(134)) - 49fe3bb7-2dae-482d-a175-9585c41bacad@group-677DDB1507C0-FollowerState: change to CANDIDATE, lastRpcElapsedTime:5108137563ns, electionTimeout:5107ms
2021-11-29 23:21:37,050 [49fe3bb7-2dae-482d-a175-9585c41bacad@group-677DDB1507C0-FollowerState] INFO  impl.RoleInfo (RoleInfo.java:shutdownFollowerState(108)) - 49fe3bb7-2dae-482d-a175-9585c41bacad: shutdown 49fe3bb7-2dae-482d-a175-9585c41bacad@group-677DDB1507C0-FollowerState
2021-11-29 23:21:37,050 [49fe3bb7-2dae-482d-a175-9585c41bacad@group-677DDB1507C0-FollowerState] INFO  server.RaftServer$Division (RaftServerImpl.java:setRole(290)) - 49fe3bb7-2dae-482d-a175-9585c41bacad@group-677DDB1507C0: changes role from  FOLLOWER to CANDIDATE at term 0 for changeToCandidate
2021-11-29 23:21:37,050 [49fe3bb7-2dae-482d-a175-9585c41bacad@group-677DDB1507C0-FollowerState] INFO  server.RaftServerConfigKeys (ConfUtils.java:logGet(44)) - raft.server.leaderelection.pre-vote = false (custom)
2021-11-29 23:21:37,050 [49fe3bb7-2dae-482d-a175-9585c41bacad@group-677DDB1507C0-FollowerState] INFO  impl.RoleInfo (RoleInfo.java:updateAndGet(130)) - 49fe3bb7-2dae-482d-a175-9585c41bacad: start 49fe3bb7-2dae-482d-a175-9585c41bacad@group-677DDB1507C0-LeaderElection52
2021-11-29 23:21:37,077 [9eaa9061-0cbd-4a3d-8091-a973303b955e@group-677DDB1507C0-LeaderElection51] INFO  impl.LeaderElection (LeaderElection.java:logAndReturn(89)) - 9eaa9061-0cbd-4a3d-8091-a973303b955e@group-677DDB1507C0-LeaderElection51: ELECTION REJECTED received 1 response(s) and 0 exception(s):
2021-11-29 23:21:37,078 [9eaa9061-0cbd-4a3d-8091-a973303b955e@group-677DDB1507C0-LeaderElection51] INFO  impl.LeaderElection (LeaderElection.java:logAndReturn(93)) -   Response 0: 9eaa9061-0cbd-4a3d-8091-a973303b955e<-45f86aeb-e384-4aa9-8d84-a9c74618d31d#0:FAIL-t1
2021-11-29 23:21:37,078 [9eaa9061-0cbd-4a3d-8091-a973303b955e@group-677DDB1507C0-LeaderElection51] INFO  impl.LeaderElection (LeaderElection.java:askForVotes(308)) - 9eaa9061-0cbd-4a3d-8091-a973303b955e@group-677DDB1507C0-LeaderElection51 ELECTION round 0: result REJECTED
2021-11-29 23:21:37,078 [9eaa9061-0cbd-4a3d-8091-a973303b955e@group-677DDB1507C0-LeaderElection51] INFO  server.RaftServer$Division (RaftServerImpl.java:setRole(290)) - 9eaa9061-0cbd-4a3d-8091-a973303b955e@group-677DDB1507C0: changes role from CANDIDATE to FOLLOWER at term 1 for REJECTED
2021-11-29 23:21:37,078 [9eaa9061-0cbd-4a3d-8091-a973303b955e@group-677DDB1507C0-LeaderElection51] INFO  impl.RoleInfo (RoleInfo.java:shutdownLeaderElection(121)) - 9eaa9061-0cbd-4a3d-8091-a973303b955e: shutdown 9eaa9061-0cbd-4a3d-8091-a973303b955e@group-677DDB1507C0-LeaderElection51
2021-11-29 23:21:37,078 [9eaa9061-0cbd-4a3d-8091-a973303b955e@group-677DDB1507C0-LeaderElection51] INFO  impl.RoleInfo (RoleInfo.java:updateAndGet(130)) - 9eaa9061-0cbd-4a3d-8091-a973303b955e: start 9eaa9061-0cbd-4a3d-8091-a973303b955e@group-677DDB1507C0-FollowerState
2021-11-29 23:21:37,121 [grpc-default-executor-6] INFO  server.RaftServer$Division (RaftServerImpl.java:requestVote(1046)) - 49fe3bb7-2dae-482d-a175-9585c41bacad@group-677DDB1507C0: receive requestVote(ELECTION, 9eaa9061-0cbd-4a3d-8091-a973303b955e, group-677DDB1507C0, 1, (t:0, i:0))
2021-11-29 23:21:37,122 [49fe3bb7-2dae-482d-a175-9585c41bacad@group-677DDB1507C0-LeaderElection52] INFO  impl.LeaderElection (LeaderElection.java:askForVotes(306)) - 49fe3bb7-2dae-482d-a175-9585c41bacad@group-677DDB1507C0-LeaderElection52 ELECTION round 0: submit vote requests at term 1 for -1: [9eaa9061-0cbd-4a3d-8091-a973303b955e|rpc:10.1.0.37:35167|dataStream:|priority:0, 45f86aeb-e384-4aa9-8d84-a9c74618d31d|rpc:10.1.0.37:38125|dataStream:|priority:1, 49fe3bb7-2dae-482d-a175-9585c41bacad|rpc:10.1.0.37:39121|dataStream:|priority:0], old=null
2021-11-29 23:21:37,123 [grpc-default-executor-6] INFO  impl.VoteContext (VoteContext.java:log(48)) - 49fe3bb7-2dae-482d-a175-9585c41bacad@group-677DDB1507C0-CANDIDATE: reject ELECTION from 9eaa9061-0cbd-4a3d-8091-a973303b955e: already has voted for 49fe3bb7-2dae-482d-a175-9585c41bacad at current term 1
2021-11-29 23:21:37,123 [grpc-default-executor-6] INFO  server.RaftServer$Division (RaftServerImpl.java:requestVote(1078)) - 49fe3bb7-2dae-482d-a175-9585c41bacad@group-677DDB1507C0 replies to ELECTION vote request: 9eaa9061-0cbd-4a3d-8091-a973303b955e<-49fe3bb7-2dae-482d-a175-9585c41bacad#0:FAIL-t1. Peer's state: 49fe3bb7-2dae-482d-a175-9585c41bacad@group-677DDB1507C0:t1, leader=null, voted=49fe3bb7-2dae-482d-a175-9585c41bacad, raftlog=49fe3bb7-2dae-482d-a175-9585c41bacad@group-677DDB1507C0-SegmentedRaftLog:OPENED:c-1, conf=-1: [9eaa9061-0cbd-4a3d-8091-a973303b955e|rpc:10.1.0.37:35167|dataStream:|priority:0, 45f86aeb-e384-4aa9-8d84-a9c74618d31d|rpc:10.1.0.37:38125|dataStream:|priority:1, 49fe3bb7-2dae-482d-a175-9585c41bacad|rpc:10.1.0.37:39121|dataStream:|priority:0], old=null
2021-11-29 23:21:37,162 [grpc-default-executor-6] INFO  server.RaftServer$Division (RaftServerImpl.java:requestVote(1046)) - 9eaa9061-0cbd-4a3d-8091-a973303b955e@group-677DDB1507C0: receive requestVote(ELECTION, 49fe3bb7-2dae-482d-a175-9585c41bacad, group-677DDB1507C0, 1, (t:0, i:0))
2021-11-29 23:21:37,162 [grpc-default-executor-6] INFO  impl.VoteContext (VoteContext.java:log(48)) - 9eaa9061-0cbd-4a3d-8091-a973303b955e@group-677DDB1507C0-FOLLOWER: reject ELECTION from 49fe3bb7-2dae-482d-a175-9585c41bacad: already has voted for 9eaa9061-0cbd-4a3d-8091-a973303b955e at current term 1
2021-11-29 23:21:37,162 [grpc-default-executor-6] INFO  server.RaftServer$Division (RaftServerImpl.java:requestVote(1078)) - 9eaa9061-0cbd-4a3d-8091-a973303b955e@group-677DDB1507C0 replies to ELECTION vote request: 49fe3bb7-2dae-482d-a175-9585c41bacad<-9eaa9061-0cbd-4a3d-8091-a973303b955e#0:FAIL-t1. Peer's state: 9eaa9061-0cbd-4a3d-8091-a973303b955e@group-677DDB1507C0:t1, leader=null, voted=9eaa9061-0cbd-4a3d-8091-a973303b955e, raftlog=9eaa9061-0cbd-4a3d-8091-a973303b955e@group-677DDB1507C0-SegmentedRaftLog:OPENED:c-1, conf=-1: [9eaa9061-0cbd-4a3d-8091-a973303b955e|rpc:10.1.0.37:35167|priority:0, 45f86aeb-e384-4aa9-8d84-a9c74618d31d|rpc:10.1.0.37:38125|priority:1, 49fe3bb7-2dae-482d-a175-9585c41bacad|rpc:10.1.0.37:39121|priority:0], old=null
2021-11-29 23:21:37,225 [grpc-default-executor-6] INFO  server.RaftServer$Division (RaftServerImpl.java:requestVote(1046)) - 45f86aeb-e384-4aa9-8d84-a9c74618d31d@group-677DDB1507C0: receive requestVote(ELECTION, 49fe3bb7-2dae-482d-a175-9585c41bacad, group-677DDB1507C0, 1, (t:0, i:0))
2021-11-29 23:21:37,225 [grpc-default-executor-6] INFO  impl.VoteContext (VoteContext.java:log(48)) - 45f86aeb-e384-4aa9-8d84-a9c74618d31d@group-677DDB1507C0-FOLLOWER: reject ELECTION from 49fe3bb7-2dae-482d-a175-9585c41bacad: our priority 1 > candidate's priority 0
2021-11-29 23:21:37,225 [grpc-default-executor-6] INFO  server.RaftServer$Division (RaftServerImpl.java:setRole(290)) - 45f86aeb-e384-4aa9-8d84-a9c74618d31d@group-677DDB1507C0: changes role from  FOLLOWER to FOLLOWER at term 1 for candidate:49fe3bb7-2dae-482d-a175-9585c41bacad
2021-11-29 23:21:37,225 [grpc-default-executor-6] INFO  impl.RoleInfo (RoleInfo.java:shutdownFollowerState(108)) - 45f86aeb-e384-4aa9-8d84-a9c74618d31d: shutdown 45f86aeb-e384-4aa9-8d84-a9c74618d31d@group-677DDB1507C0-FollowerState
2021-11-29 23:21:37,225 [grpc-default-executor-6] INFO  impl.RoleInfo (RoleInfo.java:updateAndGet(130)) - 45f86aeb-e384-4aa9-8d84-a9c74618d31d: start 45f86aeb-e384-4aa9-8d84-a9c74618d31d@group-677DDB1507C0-FollowerState
2021-11-29 23:21:37,225 [45f86aeb-e384-4aa9-8d84-a9c74618d31d@group-677DDB1507C0-FollowerState] INFO  impl.FollowerState (FollowerState.java:run(143)) - 45f86aeb-e384-4aa9-8d84-a9c74618d31d@group-677DDB1507C0-FollowerState was interrupted: {}
java.lang.InterruptedException: sleep interrupted
	at java.lang.Thread.sleep(Native Method)
	at java.lang.Thread.sleep(Thread.java:340)
	at java.util.concurrent.TimeUnit.sleep(TimeUnit.java:386)
	at org.apache.ratis.util.TimeDuration.sleep(TimeDuration.java:324)
	at org.apache.ratis.util.TimeDuration.sleep(TimeDuration.java:309)
	at org.apache.ratis.server.impl.FollowerState.run(FollowerState.java:118)
2021-11-29 23:21:37,249 [grpc-default-executor-6] INFO  server.RaftServer$Division (RaftServerImpl.java:requestVote(1078)) - 45f86aeb-e384-4aa9-8d84-a9c74618d31d@group-677DDB1507C0 replies to ELECTION vote request: 49fe3bb7-2dae-482d-a175-9585c41bacad<-45f86aeb-e384-4aa9-8d84-a9c74618d31d#0:FAIL-t1. Peer's state: 45f86aeb-e384-4aa9-8d84-a9c74618d31d@group-677DDB1507C0:t1, leader=null, voted=null, raftlog=45f86aeb-e384-4aa9-8d84-a9c74618d31d@group-677DDB1507C0-SegmentedRaftLog:OPENED:c-1, conf=-1: [9eaa9061-0cbd-4a3d-8091-a973303b955e|rpc:10.1.0.37:35167|dataStream:|priority:0, 45f86aeb-e384-4aa9-8d84-a9c74618d31d|rpc:10.1.0.37:38125|dataStream:|priority:1, 49fe3bb7-2dae-482d-a175-9585c41bacad|rpc:10.1.0.37:39121|dataStream:|priority:0], old=null
2021-11-29 23:21:37,257 [49fe3bb7-2dae-482d-a175-9585c41bacad@group-677DDB1507C0-LeaderElection52] INFO  impl.LeaderElection (LeaderElection.java:logAndReturn(89)) - 49fe3bb7-2dae-482d-a175-9585c41bacad@group-677DDB1507C0-LeaderElection52: ELECTION REJECTED received 2 response(s) and 0 exception(s):
2021-11-29 23:21:37,257 [49fe3bb7-2dae-482d-a175-9585c41bacad@group-677DDB1507C0-LeaderElection52] INFO  impl.LeaderElection (LeaderElection.java:logAndReturn(93)) -   Response 0: 49fe3bb7-2dae-482d-a175-9585c41bacad<-9eaa9061-0cbd-4a3d-8091-a973303b955e#0:FAIL-t1
2021-11-29 23:21:37,257 [49fe3bb7-2dae-482d-a175-9585c41bacad@group-677DDB1507C0-LeaderElection52] INFO  impl.LeaderElection (LeaderElection.java:logAndReturn(93)) -   Response 1: 49fe3bb7-2dae-482d-a175-9585c41bacad<-45f86aeb-e384-4aa9-8d84-a9c74618d31d#0:FAIL-t1
2021-11-29 23:21:37,257 [49fe3bb7-2dae-482d-a175-9585c41bacad@group-677DDB1507C0-LeaderElection52] INFO  impl.LeaderElection (LeaderElection.java:askForVotes(308)) - 49fe3bb7-2dae-482d-a175-9585c41bacad@group-677DDB1507C0-LeaderElection52 ELECTION round 0: result REJECTED
2021-11-29 23:21:37,257 [49fe3bb7-2dae-482d-a175-9585c41bacad@group-677DDB1507C0-LeaderElection52] INFO  server.RaftServer$Division (RaftServerImpl.java:setRole(290)) - 49fe3bb7-2dae-482d-a175-9585c41bacad@group-677DDB1507C0: changes role from CANDIDATE to FOLLOWER at term 1 for REJECTED
2021-11-29 23:21:37,258 [49fe3bb7-2dae-482d-a175-9585c41bacad@group-677DDB1507C0-LeaderElection52] INFO  impl.RoleInfo (RoleInfo.java:shutdownLeaderElection(121)) - 49fe3bb7-2dae-482d-a175-9585c41bacad: shutdown 49fe3bb7-2dae-482d-a175-9585c41bacad@group-677DDB1507C0-LeaderElection52
2021-11-29 23:21:37,258 [49fe3bb7-2dae-482d-a175-9585c41bacad@group-677DDB1507C0-LeaderElection52] INFO  impl.RoleInfo (RoleInfo.java:updateAndGet(130)) - 49fe3bb7-2dae-482d-a175-9585c41bacad: start 49fe3bb7-2dae-482d-a175-9585c41bacad@group-677DDB1507C0-FollowerState
2021-11-29 23:21:37,272 [45f86aeb-e384-4aa9-8d84-a9c74618d31d@group-D3C789E88085-FollowerState] INFO  impl.FollowerState (FollowerState.java:run(134)) - 45f86aeb-e384-4aa9-8d84-a9c74618d31d@group-D3C789E88085-FollowerState: change to CANDIDATE, lastRpcElapsedTime:5048994510ns, electionTimeout:5036ms
2021-11-29 23:21:37,273 [45f86aeb-e384-4aa9-8d84-a9c74618d31d@group-D3C789E88085-FollowerState] INFO  impl.RoleInfo (RoleInfo.java:shutdownFollowerState(108)) - 45f86aeb-e384-4aa9-8d84-a9c74618d31d: shutdown 45f86aeb-e384-4aa9-8d84-a9c74618d31d@group-D3C789E88085-FollowerState
2021-11-29 23:21:37,273 [45f86aeb-e384-4aa9-8d84-a9c74618d31d@group-D3C789E88085-FollowerState] INFO  server.RaftServer$Division (RaftServerImpl.java:setRole(290)) - 45f86aeb-e384-4aa9-8d84-a9c74618d31d@group-D3C789E88085: changes role from  FOLLOWER to CANDIDATE at term 0 for changeToCandidate
2021-11-29 23:21:37,273 [45f86aeb-e384-4aa9-8d84-a9c74618d31d@group-D3C789E88085-FollowerState] INFO  server.RaftServerConfigKeys (ConfUtils.java:logGet(44)) - raft.server.leaderelection.pre-vote = false (custom)
2021-11-29 23:21:37,273 [45f86aeb-e384-4aa9-8d84-a9c74618d31d@group-D3C789E88085-FollowerState] INFO  impl.RoleInfo (RoleInfo.java:updateAndGet(130)) - 45f86aeb-e384-4aa9-8d84-a9c74618d31d: start 45f86aeb-e384-4aa9-8d84-a9c74618d31d@group-D3C789E88085-LeaderElection53
2021-11-29 23:21:37,327 [45f86aeb-e384-4aa9-8d84-a9c74618d31d@group-D3C789E88085-LeaderElection53] INFO  impl.LeaderElection (LeaderElection.java:askForVotes(306)) - 45f86aeb-e384-4aa9-8d84-a9c74618d31d@group-D3C789E88085-LeaderElection53 ELECTION round 0: submit vote requests at term 1 for -1: [45f86aeb-e384-4aa9-8d84-a9c74618d31d|rpc:10.1.0.37:38125|priority:1], old=null
2021-11-29 23:21:37,327 [45f86aeb-e384-4aa9-8d84-a9c74618d31d@group-D3C789E88085-LeaderElection53] INFO  impl.LeaderElection (LeaderElection.java:askForVotes(308)) - 45f86aeb-e384-4aa9-8d84-a9c74618d31d@group-D3C789E88085-LeaderElection53 ELECTION round 0: result PASSED (term=1)
2021-11-29 23:21:37,327 [45f86aeb-e384-4aa9-8d84-a9c74618d31d@group-D3C789E88085-LeaderElection53] INFO  impl.RoleInfo (RoleInfo.java:shutdownLeaderElection(121)) - 45f86aeb-e384-4aa9-8d84-a9c74618d31d: shutdown 45f86aeb-e384-4aa9-8d84-a9c74618d31d@group-D3C789E88085-LeaderElection53
2021-11-29 23:21:37,328 [45f86aeb-e384-4aa9-8d84-a9c74618d31d@group-D3C789E88085-LeaderElection53] INFO  server.RaftServer$Division (RaftServerImpl.java:setRole(290)) - 45f86aeb-e384-4aa9-8d84-a9c74618d31d@group-D3C789E88085: changes role from CANDIDATE to LEADER at term 1 for changeToLeader
2021-11-29 23:21:37,328 [45f86aeb-e384-4aa9-8d84-a9c74618d31d@group-D3C789E88085-LeaderElection53] INFO  ratis.XceiverServerRatis (XceiverServerRatis.java:handleLeaderChangedNotification(866)) - Leader change notification received for group: group-D3C789E88085 with new leaderId: 45f86aeb-e384-4aa9-8d84-a9c74618d31d
2021-11-29 23:21:37,328 [45f86aeb-e384-4aa9-8d84-a9c74618d31d@group-D3C789E88085-LeaderElection53] INFO  server.RaftServer$Division (ServerState.java:setLeader(285)) - 45f86aeb-e384-4aa9-8d84-a9c74618d31d@group-D3C789E88085: change Leader from null to 45f86aeb-e384-4aa9-8d84-a9c74618d31d at term 1 for becomeLeader, leader elected after 5131ms
2021-11-29 23:21:37,328 [45f86aeb-e384-4aa9-8d84-a9c74618d31d@group-D3C789E88085-LeaderElection53] INFO  server.RaftServerConfigKeys (ConfUtils.java:logGet(44)) - raft.server.staging.catchup.gap = 1000 (default)
2021-11-29 23:21:37,328 [45f86aeb-e384-4aa9-8d84-a9c74618d31d@group-D3C789E88085-LeaderElection53] INFO  server.RaftServerConfigKeys (ConfUtils.java:logGet(44)) - raft.server.write.element-limit = 1024 (custom)
2021-11-29 23:21:37,328 [45f86aeb-e384-4aa9-8d84-a9c74618d31d@group-D3C789E88085-LeaderElection53] INFO  server.RaftServerConfigKeys (ConfUtils.java:logGet(44)) - raft.server.write.byte-limit = 1024 M (=1073741824) (custom)
2021-11-29 23:21:37,328 [45f86aeb-e384-4aa9-8d84-a9c74618d31d@group-D3C789E88085-LeaderElection53] INFO  server.RaftServerConfigKeys (ConfUtils.java:logGet(44)) - raft.server.watch.timeout = 180s (custom)
2021-11-29 23:21:37,329 [45f86aeb-e384-4aa9-8d84-a9c74618d31d@group-D3C789E88085-LeaderElection53] INFO  server.RaftServerConfigKeys (ConfUtils.java:logGet(44)) - raft.server.watch.timeout.denomination = 1s (default)
2021-11-29 23:21:37,329 [45f86aeb-e384-4aa9-8d84-a9c74618d31d@group-D3C789E88085-LeaderElection53] INFO  server.RaftServerConfigKeys (ConfUtils.java:logGet(44)) - raft.server.watch.element-limit = 65536 (default)
2021-11-29 23:21:37,329 [45f86aeb-e384-4aa9-8d84-a9c74618d31d@group-D3C789E88085-LeaderElection53] INFO  server.RaftServerConfigKeys (ConfUtils.java:logGet(44)) - raft.server.write.element-limit = 1024 (custom)
2021-11-29 23:21:37,329 [45f86aeb-e384-4aa9-8d84-a9c74618d31d@group-D3C789E88085-LeaderElection53] INFO  server.RaftServerConfigKeys (ConfUtils.java:logGet(44)) - raft.server.write.follower.gap.ratio.max = -1.0 (default)
2021-11-29 23:21:37,329 [45f86aeb-e384-4aa9-8d84-a9c74618d31d@group-D3C789E88085-LeaderElection53] INFO  impl.RoleInfo (RoleInfo.java:updateAndGet(130)) - 45f86aeb-e384-4aa9-8d84-a9c74618d31d: start 45f86aeb-e384-4aa9-8d84-a9c74618d31d@group-D3C789E88085-LeaderStateImpl
2021-11-29 23:21:37,329 [45f86aeb-e384-4aa9-8d84-a9c74618d31d@group-D3C789E88085-LeaderElection53] INFO  segmented.SegmentedRaftLogWorker (SegmentedRaftLogWorker.java:startLogSegment(394)) - 45f86aeb-e384-4aa9-8d84-a9c74618d31d@group-D3C789E88085-SegmentedRaftLogWorker: Starting segment from index:0
2021-11-29 23:21:37,330 [EventQueue-OpenPipelineForHealthyPipelineSafeModeRule] INFO  safemode.SCMSafeModeManager (HealthyPipelineSafeModeRule.java:process(124)) - SCM in safe mode. Healthy pipelines reported count is 0, required healthy pipeline reported count is 1
2021-11-29 23:21:37,334 [45f86aeb-e384-4aa9-8d84-a9c74618d31d@group-D3C789E88085-LeaderElection53] INFO  server.RaftServer$Division (ServerState.java:setRaftConf(387)) - 45f86aeb-e384-4aa9-8d84-a9c74618d31d@group-D3C789E88085: set configuration 0: [45f86aeb-e384-4aa9-8d84-a9c74618d31d|rpc:10.1.0.37:38125|dataStream:|priority:1], old=null
2021-11-29 23:21:37,369 [45f86aeb-e384-4aa9-8d84-a9c74618d31d@group-D3C789E88085-SegmentedRaftLogWorker] INFO  segmented.SegmentedRaftLogWorker (SegmentedRaftLogWorker.java:execute(601)) - 45f86aeb-e384-4aa9-8d84-a9c74618d31d@group-D3C789E88085-SegmentedRaftLogWorker: created new log segment /home/runner/work/ozone/ozone/hadoop-ozone/integration-test/target/test-dir/MiniOzoneClusterImpl-94814d1b-625b-4fc6-932d-e037948e86e0/datanode-1/data/ratis/8749110a-0e6f-4567-8a4b-d3c789e88085/current/log_inprogress_0
2021-11-29 23:21:37,382 [ReplicationMonitor] INFO  container.ReplicationManager (ReplicationManager.java:processAll(371)) - Replication Monitor Thread took 0 milliseconds for processing 0 containers.
2021-11-29 23:21:37,653 [Listener at 127.0.0.1/46101] INFO  ozone.MiniOzoneClusterImpl (MiniOzoneClusterImpl.java:lambda$waitForClusterToBeReady$0(235)) - Nodes are ready. Got 4 of 4 DN Heartbeats.
2021-11-29 23:21:37,654 [Listener at 127.0.0.1/46101] INFO  ozone.MiniOzoneClusterImpl (MiniOzoneClusterImpl.java:lambda$waitForClusterToBeReady$0(238)) - Waiting for cluster to exit safe mode
2021-11-29 23:21:37,654 [Listener at 127.0.0.1/46101] INFO  ozone.MiniOzoneClusterImpl (MiniOzoneClusterImpl.java:lambda$waitForClusterToBeReady$0(240)) - SCM became leader
2021-11-29 23:21:38,271 [49fe3bb7-2dae-482d-a175-9585c41bacad@group-81B74C2B8187-FollowerState] INFO  impl.FollowerState (FollowerState.java:run(134)) - 49fe3bb7-2dae-482d-a175-9585c41bacad@group-81B74C2B8187-FollowerState: change to CANDIDATE, lastRpcElapsedTime:5140554851ns, electionTimeout:5123ms
2021-11-29 23:21:38,271 [49fe3bb7-2dae-482d-a175-9585c41bacad@group-81B74C2B8187-FollowerState] INFO  impl.RoleInfo (RoleInfo.java:shutdownFollowerState(108)) - 49fe3bb7-2dae-482d-a175-9585c41bacad: shutdown 49fe3bb7-2dae-482d-a175-9585c41bacad@group-81B74C2B8187-FollowerState
2021-11-29 23:21:38,271 [49fe3bb7-2dae-482d-a175-9585c41bacad@group-81B74C2B8187-FollowerState] INFO  server.RaftServer$Division (RaftServerImpl.java:setRole(290)) - 49fe3bb7-2dae-482d-a175-9585c41bacad@group-81B74C2B8187: changes role from  FOLLOWER to CANDIDATE at term 0 for changeToCandidate
2021-11-29 23:21:38,271 [49fe3bb7-2dae-482d-a175-9585c41bacad@group-81B74C2B8187-FollowerState] INFO  server.RaftServerConfigKeys (ConfUtils.java:logGet(44)) - raft.server.leaderelection.pre-vote = false (custom)
2021-11-29 23:21:38,271 [49fe3bb7-2dae-482d-a175-9585c41bacad@group-81B74C2B8187-FollowerState] INFO  impl.RoleInfo (RoleInfo.java:updateAndGet(130)) - 49fe3bb7-2dae-482d-a175-9585c41bacad: start 49fe3bb7-2dae-482d-a175-9585c41bacad@group-81B74C2B8187-LeaderElection54
2021-11-29 23:21:38,375 [49fe3bb7-2dae-482d-a175-9585c41bacad@group-81B74C2B8187-LeaderElection54] INFO  impl.LeaderElection (LeaderElection.java:askForVotes(306)) - 49fe3bb7-2dae-482d-a175-9585c41bacad@group-81B74C2B8187-LeaderElection54 ELECTION round 0: submit vote requests at term 1 for -1: [49fe3bb7-2dae-482d-a175-9585c41bacad|rpc:10.1.0.37:39121|priority:1], old=null
2021-11-29 23:21:38,375 [49fe3bb7-2dae-482d-a175-9585c41bacad@group-81B74C2B8187-LeaderElection54] INFO  impl.LeaderElection (LeaderElection.java:askForVotes(308)) - 49fe3bb7-2dae-482d-a175-9585c41bacad@group-81B74C2B8187-LeaderElection54 ELECTION round 0: result PASSED (term=1)
2021-11-29 23:21:38,375 [49fe3bb7-2dae-482d-a175-9585c41bacad@group-81B74C2B8187-LeaderElection54] INFO  impl.RoleInfo (RoleInfo.java:shutdownLeaderElection(121)) - 49fe3bb7-2dae-482d-a175-9585c41bacad: shutdown 49fe3bb7-2dae-482d-a175-9585c41bacad@group-81B74C2B8187-LeaderElection54
2021-11-29 23:21:38,376 [49fe3bb7-2dae-482d-a175-9585c41bacad@group-81B74C2B8187-LeaderElection54] INFO  server.RaftServer$Division (RaftServerImpl.java:setRole(290)) - 49fe3bb7-2dae-482d-a175-9585c41bacad@group-81B74C2B8187: changes role from CANDIDATE to LEADER at term 1 for changeToLeader
2021-11-29 23:21:38,376 [49fe3bb7-2dae-482d-a175-9585c41bacad@group-81B74C2B8187-LeaderElection54] INFO  ratis.XceiverServerRatis (XceiverServerRatis.java:handleLeaderChangedNotification(866)) - Leader change notification received for group: group-81B74C2B8187 with new leaderId: 49fe3bb7-2dae-482d-a175-9585c41bacad
2021-11-29 23:21:38,376 [49fe3bb7-2dae-482d-a175-9585c41bacad@group-81B74C2B8187-LeaderElection54] INFO  server.RaftServer$Division (ServerState.java:setLeader(285)) - 49fe3bb7-2dae-482d-a175-9585c41bacad@group-81B74C2B8187: change Leader from null to 49fe3bb7-2dae-482d-a175-9585c41bacad at term 1 for becomeLeader, leader elected after 5270ms
2021-11-29 23:21:38,376 [49fe3bb7-2dae-482d-a175-9585c41bacad@group-81B74C2B8187-LeaderElection54] INFO  server.RaftServerConfigKeys (ConfUtils.java:logGet(44)) - raft.server.staging.catchup.gap = 1000 (default)
2021-11-29 23:21:38,377 [49fe3bb7-2dae-482d-a175-9585c41bacad@group-81B74C2B8187-LeaderElection54] INFO  server.RaftServerConfigKeys (ConfUtils.java:logGet(44)) - raft.server.write.element-limit = 1024 (custom)
2021-11-29 23:21:38,377 [49fe3bb7-2dae-482d-a175-9585c41bacad@group-81B74C2B8187-LeaderElection54] INFO  server.RaftServerConfigKeys (ConfUtils.java:logGet(44)) - raft.server.write.byte-limit = 1024 M (=1073741824) (custom)
2021-11-29 23:21:38,377 [49fe3bb7-2dae-482d-a175-9585c41bacad@group-81B74C2B8187-LeaderElection54] INFO  server.RaftServerConfigKeys (ConfUtils.java:logGet(44)) - raft.server.watch.timeout = 180s (custom)
2021-11-29 23:21:38,377 [49fe3bb7-2dae-482d-a175-9585c41bacad@group-81B74C2B8187-LeaderElection54] INFO  server.RaftServerConfigKeys (ConfUtils.java:logGet(44)) - raft.server.watch.timeout.denomination = 1s (default)
2021-11-29 23:21:38,377 [49fe3bb7-2dae-482d-a175-9585c41bacad@group-81B74C2B8187-LeaderElection54] INFO  server.RaftServerConfigKeys (ConfUtils.java:logGet(44)) - raft.server.watch.element-limit = 65536 (default)
2021-11-29 23:21:38,377 [49fe3bb7-2dae-482d-a175-9585c41bacad@group-81B74C2B8187-LeaderElection54] INFO  server.RaftServerConfigKeys (ConfUtils.java:logGet(44)) - raft.server.write.element-limit = 1024 (custom)
2021-11-29 23:21:38,377 [49fe3bb7-2dae-482d-a175-9585c41bacad@group-81B74C2B8187-LeaderElection54] INFO  server.RaftServerConfigKeys (ConfUtils.java:logGet(44)) - raft.server.write.follower.gap.ratio.max = -1.0 (default)
2021-11-29 23:21:38,378 [49fe3bb7-2dae-482d-a175-9585c41bacad@group-81B74C2B8187-LeaderElection54] INFO  impl.RoleInfo (RoleInfo.java:updateAndGet(130)) - 49fe3bb7-2dae-482d-a175-9585c41bacad: start 49fe3bb7-2dae-482d-a175-9585c41bacad@group-81B74C2B8187-LeaderStateImpl
2021-11-29 23:21:38,378 [49fe3bb7-2dae-482d-a175-9585c41bacad@group-81B74C2B8187-LeaderElection54] INFO  segmented.SegmentedRaftLogWorker (SegmentedRaftLogWorker.java:startLogSegment(394)) - 49fe3bb7-2dae-482d-a175-9585c41bacad@group-81B74C2B8187-SegmentedRaftLogWorker: Starting segment from index:0
2021-11-29 23:21:38,382 [49fe3bb7-2dae-482d-a175-9585c41bacad@group-81B74C2B8187-LeaderElection54] INFO  server.RaftServer$Division (ServerState.java:setRaftConf(387)) - 49fe3bb7-2dae-482d-a175-9585c41bacad@group-81B74C2B8187: set configuration 0: [49fe3bb7-2dae-482d-a175-9585c41bacad|rpc:10.1.0.37:39121|dataStream:|priority:1], old=null
2021-11-29 23:21:38,385 [ReplicationMonitor] INFO  container.ReplicationManager (ReplicationManager.java:processAll(371)) - Replication Monitor Thread took 0 milliseconds for processing 0 containers.
2021-11-29 23:21:38,401 [49fe3bb7-2dae-482d-a175-9585c41bacad@group-81B74C2B8187-SegmentedRaftLogWorker] INFO  segmented.SegmentedRaftLogWorker (SegmentedRaftLogWorker.java:execute(601)) - 49fe3bb7-2dae-482d-a175-9585c41bacad@group-81B74C2B8187-SegmentedRaftLogWorker: created new log segment /home/runner/work/ozone/ozone/hadoop-ozone/integration-test/target/test-dir/MiniOzoneClusterImpl-94814d1b-625b-4fc6-932d-e037948e86e0/datanode-2/data/ratis/f2c9405e-af07-4ae4-998b-81b74c2b8187/current/log_inprogress_0
2021-11-29 23:21:38,402 [EventQueue-OpenPipelineForHealthyPipelineSafeModeRule] INFO  safemode.SCMSafeModeManager (HealthyPipelineSafeModeRule.java:process(124)) - SCM in safe mode. Healthy pipelines reported count is 0, required healthy pipeline reported count is 1
2021-11-29 23:21:38,654 [Listener at 127.0.0.1/46101] INFO  ozone.MiniOzoneClusterImpl (MiniOzoneClusterImpl.java:lambda$waitForClusterToBeReady$0(235)) - Nodes are ready. Got 4 of 4 DN Heartbeats.
2021-11-29 23:21:38,654 [Listener at 127.0.0.1/46101] INFO  ozone.MiniOzoneClusterImpl (MiniOzoneClusterImpl.java:lambda$waitForClusterToBeReady$0(238)) - Waiting for cluster to exit safe mode
2021-11-29 23:21:38,654 [Listener at 127.0.0.1/46101] INFO  ozone.MiniOzoneClusterImpl (MiniOzoneClusterImpl.java:lambda$waitForClusterToBeReady$0(240)) - SCM became leader
2021-11-29 23:21:38,838 [74f41514-20ca-4955-9e3a-cfde988d45f9@group-2750B8C67C55-FollowerState] INFO  impl.FollowerState (FollowerState.java:run(134)) - 74f41514-20ca-4955-9e3a-cfde988d45f9@group-2750B8C67C55-FollowerState: change to CANDIDATE, lastRpcElapsedTime:5064096512ns, electionTimeout:5063ms
2021-11-29 23:21:38,839 [74f41514-20ca-4955-9e3a-cfde988d45f9@group-2750B8C67C55-FollowerState] INFO  impl.RoleInfo (RoleInfo.java:shutdownFollowerState(108)) - 74f41514-20ca-4955-9e3a-cfde988d45f9: shutdown 74f41514-20ca-4955-9e3a-cfde988d45f9@group-2750B8C67C55-FollowerState
2021-11-29 23:21:38,839 [74f41514-20ca-4955-9e3a-cfde988d45f9@group-2750B8C67C55-FollowerState] INFO  server.RaftServer$Division (RaftServerImpl.java:setRole(290)) - 74f41514-20ca-4955-9e3a-cfde988d45f9@group-2750B8C67C55: changes role from  FOLLOWER to CANDIDATE at term 0 for changeToCandidate
2021-11-29 23:21:38,839 [74f41514-20ca-4955-9e3a-cfde988d45f9@group-2750B8C67C55-FollowerState] INFO  server.RaftServerConfigKeys (ConfUtils.java:logGet(44)) - raft.server.leaderelection.pre-vote = false (custom)
2021-11-29 23:21:38,839 [74f41514-20ca-4955-9e3a-cfde988d45f9@group-2750B8C67C55-FollowerState] INFO  impl.RoleInfo (RoleInfo.java:updateAndGet(130)) - 74f41514-20ca-4955-9e3a-cfde988d45f9: start 74f41514-20ca-4955-9e3a-cfde988d45f9@group-2750B8C67C55-LeaderElection55
2021-11-29 23:21:38,909 [74f41514-20ca-4955-9e3a-cfde988d45f9@group-2750B8C67C55-LeaderElection55] INFO  impl.LeaderElection (LeaderElection.java:askForVotes(306)) - 74f41514-20ca-4955-9e3a-cfde988d45f9@group-2750B8C67C55-LeaderElection55 ELECTION round 0: submit vote requests at term 1 for -1: [74f41514-20ca-4955-9e3a-cfde988d45f9|rpc:10.1.0.37:37127|priority:1], old=null
2021-11-29 23:21:38,909 [74f41514-20ca-4955-9e3a-cfde988d45f9@group-2750B8C67C55-LeaderElection55] INFO  impl.LeaderElection (LeaderElection.java:askForVotes(308)) - 74f41514-20ca-4955-9e3a-cfde988d45f9@group-2750B8C67C55-LeaderElection55 ELECTION round 0: result PASSED (term=1)
2021-11-29 23:21:38,909 [74f41514-20ca-4955-9e3a-cfde988d45f9@group-2750B8C67C55-LeaderElection55] INFO  impl.RoleInfo (RoleInfo.java:shutdownLeaderElection(121)) - 74f41514-20ca-4955-9e3a-cfde988d45f9: shutdown 74f41514-20ca-4955-9e3a-cfde988d45f9@group-2750B8C67C55-LeaderElection55
2021-11-29 23:21:38,909 [74f41514-20ca-4955-9e3a-cfde988d45f9@group-2750B8C67C55-LeaderElection55] INFO  server.RaftServer$Division (RaftServerImpl.java:setRole(290)) - 74f41514-20ca-4955-9e3a-cfde988d45f9@group-2750B8C67C55: changes role from CANDIDATE to LEADER at term 1 for changeToLeader
2021-11-29 23:21:38,909 [74f41514-20ca-4955-9e3a-cfde988d45f9@group-2750B8C67C55-LeaderElection55] INFO  ratis.XceiverServerRatis (XceiverServerRatis.java:handleLeaderChangedNotification(866)) - Leader change notification received for group: group-2750B8C67C55 with new leaderId: 74f41514-20ca-4955-9e3a-cfde988d45f9
2021-11-29 23:21:38,910 [74f41514-20ca-4955-9e3a-cfde988d45f9@group-2750B8C67C55-LeaderElection55] INFO  server.RaftServer$Division (ServerState.java:setLeader(285)) - 74f41514-20ca-4955-9e3a-cfde988d45f9@group-2750B8C67C55: change Leader from null to 74f41514-20ca-4955-9e3a-cfde988d45f9 at term 1 for becomeLeader, leader elected after 5191ms
2021-11-29 23:21:38,910 [74f41514-20ca-4955-9e3a-cfde988d45f9@group-2750B8C67C55-LeaderElection55] INFO  server.RaftServerConfigKeys (ConfUtils.java:logGet(44)) - raft.server.staging.catchup.gap = 1000 (default)
2021-11-29 23:21:38,910 [74f41514-20ca-4955-9e3a-cfde988d45f9@group-2750B8C67C55-LeaderElection55] INFO  server.RaftServerConfigKeys (ConfUtils.java:logGet(44)) - raft.server.write.element-limit = 1024 (custom)
2021-11-29 23:21:38,910 [74f41514-20ca-4955-9e3a-cfde988d45f9@group-2750B8C67C55-LeaderElection55] INFO  server.RaftServerConfigKeys (ConfUtils.java:logGet(44)) - raft.server.write.byte-limit = 1024 M (=1073741824) (custom)
2021-11-29 23:21:38,910 [74f41514-20ca-4955-9e3a-cfde988d45f9@group-2750B8C67C55-LeaderElection55] INFO  server.RaftServerConfigKeys (ConfUtils.java:logGet(44)) - raft.server.watch.timeout = 180s (custom)
2021-11-29 23:21:38,910 [74f41514-20ca-4955-9e3a-cfde988d45f9@group-2750B8C67C55-LeaderElection55] INFO  server.RaftServerConfigKeys (ConfUtils.java:logGet(44)) - raft.server.watch.timeout.denomination = 1s (default)
2021-11-29 23:21:38,910 [74f41514-20ca-4955-9e3a-cfde988d45f9@group-2750B8C67C55-LeaderElection55] INFO  server.RaftServerConfigKeys (ConfUtils.java:logGet(44)) - raft.server.watch.element-limit = 65536 (default)
2021-11-29 23:21:38,910 [74f41514-20ca-4955-9e3a-cfde988d45f9@group-2750B8C67C55-LeaderElection55] INFO  server.RaftServerConfigKeys (ConfUtils.java:logGet(44)) - raft.server.write.element-limit = 1024 (custom)
2021-11-29 23:21:38,910 [74f41514-20ca-4955-9e3a-cfde988d45f9@group-2750B8C67C55-LeaderElection55] INFO  server.RaftServerConfigKeys (ConfUtils.java:logGet(44)) - raft.server.write.follower.gap.ratio.max = -1.0 (default)
2021-11-29 23:21:38,911 [74f41514-20ca-4955-9e3a-cfde988d45f9@group-2750B8C67C55-LeaderElection55] INFO  impl.RoleInfo (RoleInfo.java:updateAndGet(130)) - 74f41514-20ca-4955-9e3a-cfde988d45f9: start 74f41514-20ca-4955-9e3a-cfde988d45f9@group-2750B8C67C55-LeaderStateImpl
2021-11-29 23:21:38,911 [74f41514-20ca-4955-9e3a-cfde988d45f9@group-2750B8C67C55-LeaderElection55] INFO  segmented.SegmentedRaftLogWorker (SegmentedRaftLogWorker.java:startLogSegment(394)) - 74f41514-20ca-4955-9e3a-cfde988d45f9@group-2750B8C67C55-SegmentedRaftLogWorker: Starting segment from index:0
2021-11-29 23:21:38,912 [EventQueue-OpenPipelineForHealthyPipelineSafeModeRule] INFO  safemode.SCMSafeModeManager (HealthyPipelineSafeModeRule.java:process(124)) - SCM in safe mode. Healthy pipelines reported count is 0, required healthy pipeline reported count is 1
2021-11-29 23:21:38,914 [74f41514-20ca-4955-9e3a-cfde988d45f9@group-2750B8C67C55-SegmentedRaftLogWorker] INFO  segmented.SegmentedRaftLogWorker (SegmentedRaftLogWorker.java:execute(601)) - 74f41514-20ca-4955-9e3a-cfde988d45f9@group-2750B8C67C55-SegmentedRaftLogWorker: created new log segment /home/runner/work/ozone/ozone/hadoop-ozone/integration-test/target/test-dir/MiniOzoneClusterImpl-94814d1b-625b-4fc6-932d-e037948e86e0/datanode-3/data/ratis/e9e31f76-78c3-423a-ad98-2750b8c67c55/current/log_inprogress_0
2021-11-29 23:21:38,918 [74f41514-20ca-4955-9e3a-cfde988d45f9@group-2750B8C67C55-LeaderElection55] INFO  server.RaftServer$Division (ServerState.java:setRaftConf(387)) - 74f41514-20ca-4955-9e3a-cfde988d45f9@group-2750B8C67C55: set configuration 0: [74f41514-20ca-4955-9e3a-cfde988d45f9|rpc:10.1.0.37:37127|dataStream:|priority:1], old=null
2021-11-29 23:21:39,385 [ReplicationMonitor] INFO  container.ReplicationManager (ReplicationManager.java:processAll(371)) - Replication Monitor Thread took 0 milliseconds for processing 0 containers.
2021-11-29 23:21:39,654 [Listener at 127.0.0.1/46101] INFO  ozone.MiniOzoneClusterImpl (MiniOzoneClusterImpl.java:lambda$waitForClusterToBeReady$0(235)) - Nodes are ready. Got 4 of 4 DN Heartbeats.
2021-11-29 23:21:39,654 [Listener at 127.0.0.1/46101] INFO  ozone.MiniOzoneClusterImpl (MiniOzoneClusterImpl.java:lambda$waitForClusterToBeReady$0(238)) - Waiting for cluster to exit safe mode
2021-11-29 23:21:39,654 [Listener at 127.0.0.1/46101] INFO  ozone.MiniOzoneClusterImpl (MiniOzoneClusterImpl.java:lambda$waitForClusterToBeReady$0(240)) - SCM became leader
2021-11-29 23:21:40,386 [ReplicationMonitor] INFO  container.ReplicationManager (ReplicationManager.java:processAll(371)) - Replication Monitor Thread took 0 milliseconds for processing 0 containers.
2021-11-29 23:21:40,657 [Listener at 127.0.0.1/46101] INFO  ozone.MiniOzoneClusterImpl (MiniOzoneClusterImpl.java:lambda$waitForClusterToBeReady$0(235)) - Nodes are ready. Got 4 of 4 DN Heartbeats.
2021-11-29 23:21:40,657 [Listener at 127.0.0.1/46101] INFO  ozone.MiniOzoneClusterImpl (MiniOzoneClusterImpl.java:lambda$waitForClusterToBeReady$0(238)) - Waiting for cluster to exit safe mode
2021-11-29 23:21:40,657 [Listener at 127.0.0.1/46101] INFO  ozone.MiniOzoneClusterImpl (MiniOzoneClusterImpl.java:lambda$waitForClusterToBeReady$0(240)) - SCM became leader
2021-11-29 23:21:41,386 [ReplicationMonitor] INFO  container.ReplicationManager (ReplicationManager.java:processAll(371)) - Replication Monitor Thread took 0 milliseconds for processing 0 containers.
2021-11-29 23:21:41,657 [Listener at 127.0.0.1/46101] INFO  ozone.MiniOzoneClusterImpl (MiniOzoneClusterImpl.java:lambda$waitForClusterToBeReady$0(235)) - Nodes are ready. Got 4 of 4 DN Heartbeats.
2021-11-29 23:21:41,658 [Listener at 127.0.0.1/46101] INFO  ozone.MiniOzoneClusterImpl (MiniOzoneClusterImpl.java:lambda$waitForClusterToBeReady$0(238)) - Waiting for cluster to exit safe mode
2021-11-29 23:21:41,658 [Listener at 127.0.0.1/46101] INFO  ozone.MiniOzoneClusterImpl (MiniOzoneClusterImpl.java:lambda$waitForClusterToBeReady$0(240)) - SCM became leader
2021-11-29 23:21:42,227 [9eaa9061-0cbd-4a3d-8091-a973303b955e@group-677DDB1507C0-FollowerState] INFO  impl.FollowerState (FollowerState.java:run(134)) - 9eaa9061-0cbd-4a3d-8091-a973303b955e@group-677DDB1507C0-FollowerState: change to CANDIDATE, lastRpcElapsedTime:5148590678ns, electionTimeout:5148ms
2021-11-29 23:21:42,227 [9eaa9061-0cbd-4a3d-8091-a973303b955e@group-677DDB1507C0-FollowerState] INFO  impl.RoleInfo (RoleInfo.java:shutdownFollowerState(108)) - 9eaa9061-0cbd-4a3d-8091-a973303b955e: shutdown 9eaa9061-0cbd-4a3d-8091-a973303b955e@group-677DDB1507C0-FollowerState
2021-11-29 23:21:42,227 [9eaa9061-0cbd-4a3d-8091-a973303b955e@group-677DDB1507C0-FollowerState] INFO  server.RaftServer$Division (RaftServerImpl.java:setRole(290)) - 9eaa9061-0cbd-4a3d-8091-a973303b955e@group-677DDB1507C0: changes role from  FOLLOWER to CANDIDATE at term 1 for changeToCandidate
2021-11-29 23:21:42,227 [9eaa9061-0cbd-4a3d-8091-a973303b955e@group-677DDB1507C0-FollowerState] INFO  server.RaftServerConfigKeys (ConfUtils.java:logGet(44)) - raft.server.leaderelection.pre-vote = false (custom)
2021-11-29 23:21:42,227 [9eaa9061-0cbd-4a3d-8091-a973303b955e@group-677DDB1507C0-FollowerState] INFO  impl.RoleInfo (RoleInfo.java:updateAndGet(130)) - 9eaa9061-0cbd-4a3d-8091-a973303b955e: start 9eaa9061-0cbd-4a3d-8091-a973303b955e@group-677DDB1507C0-LeaderElection56
2021-11-29 23:21:42,275 [9eaa9061-0cbd-4a3d-8091-a973303b955e@group-677DDB1507C0-LeaderElection56] INFO  impl.LeaderElection (LeaderElection.java:askForVotes(306)) - 9eaa9061-0cbd-4a3d-8091-a973303b955e@group-677DDB1507C0-LeaderElection56 ELECTION round 0: submit vote requests at term 2 for -1: [9eaa9061-0cbd-4a3d-8091-a973303b955e|rpc:10.1.0.37:35167|priority:0, 45f86aeb-e384-4aa9-8d84-a9c74618d31d|rpc:10.1.0.37:38125|priority:1, 49fe3bb7-2dae-482d-a175-9585c41bacad|rpc:10.1.0.37:39121|priority:0], old=null
2021-11-29 23:21:42,310 [grpc-default-executor-6] INFO  server.RaftServer$Division (RaftServerImpl.java:requestVote(1046)) - 45f86aeb-e384-4aa9-8d84-a9c74618d31d@group-677DDB1507C0: receive requestVote(ELECTION, 9eaa9061-0cbd-4a3d-8091-a973303b955e, group-677DDB1507C0, 2, (t:0, i:0))
2021-11-29 23:21:42,310 [grpc-default-executor-6] INFO  impl.VoteContext (VoteContext.java:log(48)) - 45f86aeb-e384-4aa9-8d84-a9c74618d31d@group-677DDB1507C0-FOLLOWER: reject ELECTION from 9eaa9061-0cbd-4a3d-8091-a973303b955e: our priority 1 > candidate's priority 0
2021-11-29 23:21:42,310 [grpc-default-executor-6] INFO  server.RaftServer$Division (RaftServerImpl.java:setRole(290)) - 45f86aeb-e384-4aa9-8d84-a9c74618d31d@group-677DDB1507C0: changes role from  FOLLOWER to FOLLOWER at term 2 for candidate:9eaa9061-0cbd-4a3d-8091-a973303b955e
2021-11-29 23:21:42,310 [grpc-default-executor-6] INFO  impl.RoleInfo (RoleInfo.java:shutdownFollowerState(108)) - 45f86aeb-e384-4aa9-8d84-a9c74618d31d: shutdown 45f86aeb-e384-4aa9-8d84-a9c74618d31d@group-677DDB1507C0-FollowerState
2021-11-29 23:21:42,313 [grpc-default-executor-6] INFO  impl.RoleInfo (RoleInfo.java:updateAndGet(130)) - 45f86aeb-e384-4aa9-8d84-a9c74618d31d: start 45f86aeb-e384-4aa9-8d84-a9c74618d31d@group-677DDB1507C0-FollowerState
2021-11-29 23:21:42,314 [grpc-default-executor-0] INFO  server.RaftServer$Division (RaftServerImpl.java:requestVote(1046)) - 49fe3bb7-2dae-482d-a175-9585c41bacad@group-677DDB1507C0: receive requestVote(ELECTION, 9eaa9061-0cbd-4a3d-8091-a973303b955e, group-677DDB1507C0, 2, (t:0, i:0))
2021-11-29 23:21:42,314 [grpc-default-executor-0] INFO  impl.VoteContext (VoteContext.java:log(48)) - 49fe3bb7-2dae-482d-a175-9585c41bacad@group-677DDB1507C0-FOLLOWER: accept ELECTION from 9eaa9061-0cbd-4a3d-8091-a973303b955e: our priority 0 <= candidate's priority 0
2021-11-29 23:21:42,314 [grpc-default-executor-0] INFO  server.RaftServer$Division (RaftServerImpl.java:setRole(290)) - 49fe3bb7-2dae-482d-a175-9585c41bacad@group-677DDB1507C0: changes role from  FOLLOWER to FOLLOWER at term 2 for candidate:9eaa9061-0cbd-4a3d-8091-a973303b955e
2021-11-29 23:21:42,314 [grpc-default-executor-0] INFO  impl.RoleInfo (RoleInfo.java:shutdownFollowerState(108)) - 49fe3bb7-2dae-482d-a175-9585c41bacad: shutdown 49fe3bb7-2dae-482d-a175-9585c41bacad@group-677DDB1507C0-FollowerState
2021-11-29 23:21:42,314 [grpc-default-executor-0] INFO  impl.RoleInfo (RoleInfo.java:updateAndGet(130)) - 49fe3bb7-2dae-482d-a175-9585c41bacad: start 49fe3bb7-2dae-482d-a175-9585c41bacad@group-677DDB1507C0-FollowerState
2021-11-29 23:21:42,314 [49fe3bb7-2dae-482d-a175-9585c41bacad@group-677DDB1507C0-FollowerState] INFO  impl.FollowerState (FollowerState.java:run(143)) - 49fe3bb7-2dae-482d-a175-9585c41bacad@group-677DDB1507C0-FollowerState was interrupted: {}
java.lang.InterruptedException: sleep interrupted
	at java.lang.Thread.sleep(Native Method)
	at java.lang.Thread.sleep(Thread.java:340)
	at java.util.concurrent.TimeUnit.sleep(TimeUnit.java:386)
	at org.apache.ratis.util.TimeDuration.sleep(TimeDuration.java:324)
	at org.apache.ratis.util.TimeDuration.sleep(TimeDuration.java:309)
	at org.apache.ratis.server.impl.FollowerState.run(FollowerState.java:118)
2021-11-29 23:21:42,315 [grpc-default-executor-6] INFO  server.RaftServer$Division (RaftServerImpl.java:requestVote(1078)) - 45f86aeb-e384-4aa9-8d84-a9c74618d31d@group-677DDB1507C0 replies to ELECTION vote request: 9eaa9061-0cbd-4a3d-8091-a973303b955e<-45f86aeb-e384-4aa9-8d84-a9c74618d31d#0:FAIL-t2. Peer's state: 45f86aeb-e384-4aa9-8d84-a9c74618d31d@group-677DDB1507C0:t2, leader=null, voted=null, raftlog=45f86aeb-e384-4aa9-8d84-a9c74618d31d@group-677DDB1507C0-SegmentedRaftLog:OPENED:c-1, conf=-1: [9eaa9061-0cbd-4a3d-8091-a973303b955e|rpc:10.1.0.37:35167|dataStream:|priority:0, 45f86aeb-e384-4aa9-8d84-a9c74618d31d|rpc:10.1.0.37:38125|dataStream:|priority:1, 49fe3bb7-2dae-482d-a175-9585c41bacad|rpc:10.1.0.37:39121|dataStream:|priority:0], old=null
2021-11-29 23:21:42,321 [45f86aeb-e384-4aa9-8d84-a9c74618d31d@group-677DDB1507C0-FollowerState] INFO  impl.FollowerState (FollowerState.java:run(143)) - 45f86aeb-e384-4aa9-8d84-a9c74618d31d@group-677DDB1507C0-FollowerState was interrupted: {}
java.lang.InterruptedException: sleep interrupted
	at java.lang.Thread.sleep(Native Method)
	at java.lang.Thread.sleep(Thread.java:340)
	at java.util.concurrent.TimeUnit.sleep(TimeUnit.java:386)
	at org.apache.ratis.util.TimeDuration.sleep(TimeDuration.java:324)
	at org.apache.ratis.util.TimeDuration.sleep(TimeDuration.java:309)
	at org.apache.ratis.server.impl.FollowerState.run(FollowerState.java:118)
2021-11-29 23:21:42,333 [grpc-default-executor-0] INFO  server.RaftServer$Division (RaftServerImpl.java:requestVote(1078)) - 49fe3bb7-2dae-482d-a175-9585c41bacad@group-677DDB1507C0 replies to ELECTION vote request: 9eaa9061-0cbd-4a3d-8091-a973303b955e<-49fe3bb7-2dae-482d-a175-9585c41bacad#0:OK-t2. Peer's state: 49fe3bb7-2dae-482d-a175-9585c41bacad@group-677DDB1507C0:t2, leader=null, voted=9eaa9061-0cbd-4a3d-8091-a973303b955e, raftlog=49fe3bb7-2dae-482d-a175-9585c41bacad@group-677DDB1507C0-SegmentedRaftLog:OPENED:c-1, conf=-1: [9eaa9061-0cbd-4a3d-8091-a973303b955e|rpc:10.1.0.37:35167|dataStream:|priority:0, 45f86aeb-e384-4aa9-8d84-a9c74618d31d|rpc:10.1.0.37:38125|dataStream:|priority:1, 49fe3bb7-2dae-482d-a175-9585c41bacad|rpc:10.1.0.37:39121|dataStream:|priority:0], old=null
2021-11-29 23:21:42,352 [9eaa9061-0cbd-4a3d-8091-a973303b955e@group-677DDB1507C0-LeaderElection56] INFO  impl.LeaderElection (LeaderElection.java:logAndReturn(89)) - 9eaa9061-0cbd-4a3d-8091-a973303b955e@group-677DDB1507C0-LeaderElection56: ELECTION REJECTED received 2 response(s) and 0 exception(s):
2021-11-29 23:21:42,352 [9eaa9061-0cbd-4a3d-8091-a973303b955e@group-677DDB1507C0-LeaderElection56] INFO  impl.LeaderElection (LeaderElection.java:logAndReturn(93)) -   Response 0: 9eaa9061-0cbd-4a3d-8091-a973303b955e<-45f86aeb-e384-4aa9-8d84-a9c74618d31d#0:FAIL-t2
2021-11-29 23:21:42,352 [9eaa9061-0cbd-4a3d-8091-a973303b955e@group-677DDB1507C0-LeaderElection56] INFO  impl.LeaderElection (LeaderElection.java:logAndReturn(93)) -   Response 1: 9eaa9061-0cbd-4a3d-8091-a973303b955e<-49fe3bb7-2dae-482d-a175-9585c41bacad#0:OK-t2
2021-11-29 23:21:42,352 [9eaa9061-0cbd-4a3d-8091-a973303b955e@group-677DDB1507C0-LeaderElection56] INFO  impl.LeaderElection (LeaderElection.java:askForVotes(308)) - 9eaa9061-0cbd-4a3d-8091-a973303b955e@group-677DDB1507C0-LeaderElection56 ELECTION round 0: result REJECTED
2021-11-29 23:21:42,352 [9eaa9061-0cbd-4a3d-8091-a973303b955e@group-677DDB1507C0-LeaderElection56] INFO  server.RaftServer$Division (RaftServerImpl.java:setRole(290)) - 9eaa9061-0cbd-4a3d-8091-a973303b955e@group-677DDB1507C0: changes role from CANDIDATE to FOLLOWER at term 2 for REJECTED
2021-11-29 23:21:42,352 [9eaa9061-0cbd-4a3d-8091-a973303b955e@group-677DDB1507C0-LeaderElection56] INFO  impl.RoleInfo (RoleInfo.java:shutdownLeaderElection(121)) - 9eaa9061-0cbd-4a3d-8091-a973303b955e: shutdown 9eaa9061-0cbd-4a3d-8091-a973303b955e@group-677DDB1507C0-LeaderElection56
2021-11-29 23:21:42,352 [9eaa9061-0cbd-4a3d-8091-a973303b955e@group-677DDB1507C0-LeaderElection56] INFO  impl.RoleInfo (RoleInfo.java:updateAndGet(130)) - 9eaa9061-0cbd-4a3d-8091-a973303b955e: start 9eaa9061-0cbd-4a3d-8091-a973303b955e@group-677DDB1507C0-FollowerState
2021-11-29 23:21:42,386 [ReplicationMonitor] INFO  container.ReplicationManager (ReplicationManager.java:processAll(371)) - Replication Monitor Thread took 0 milliseconds for processing 0 containers.
2021-11-29 23:21:42,658 [Listener at 127.0.0.1/46101] INFO  ozone.MiniOzoneClusterImpl (MiniOzoneClusterImpl.java:lambda$waitForClusterToBeReady$0(235)) - Nodes are ready. Got 4 of 4 DN Heartbeats.
2021-11-29 23:21:42,658 [Listener at 127.0.0.1/46101] INFO  ozone.MiniOzoneClusterImpl (MiniOzoneClusterImpl.java:lambda$waitForClusterToBeReady$0(238)) - Waiting for cluster to exit safe mode
2021-11-29 23:21:42,658 [Listener at 127.0.0.1/46101] INFO  ozone.MiniOzoneClusterImpl (MiniOzoneClusterImpl.java:lambda$waitForClusterToBeReady$0(240)) - SCM became leader
2021-11-29 23:21:43,389 [ReplicationMonitor] INFO  container.ReplicationManager (ReplicationManager.java:processAll(371)) - Replication Monitor Thread took 0 milliseconds for processing 0 containers.
2021-11-29 23:21:43,661 [Listener at 127.0.0.1/46101] INFO  ozone.MiniOzoneClusterImpl (MiniOzoneClusterImpl.java:lambda$waitForClusterToBeReady$0(235)) - Nodes are ready. Got 4 of 4 DN Heartbeats.
2021-11-29 23:21:43,661 [Listener at 127.0.0.1/46101] INFO  ozone.MiniOzoneClusterImpl (MiniOzoneClusterImpl.java:lambda$waitForClusterToBeReady$0(238)) - Waiting for cluster to exit safe mode
2021-11-29 23:21:43,661 [Listener at 127.0.0.1/46101] INFO  ozone.MiniOzoneClusterImpl (MiniOzoneClusterImpl.java:lambda$waitForClusterToBeReady$0(240)) - SCM became leader
2021-11-29 23:21:44,394 [ReplicationMonitor] INFO  container.ReplicationManager (ReplicationManager.java:processAll(371)) - Replication Monitor Thread took 1 milliseconds for processing 0 containers.
2021-11-29 23:21:44,661 [Listener at 127.0.0.1/46101] INFO  ozone.MiniOzoneClusterImpl (MiniOzoneClusterImpl.java:lambda$waitForClusterToBeReady$0(235)) - Nodes are ready. Got 4 of 4 DN Heartbeats.
2021-11-29 23:21:44,662 [Listener at 127.0.0.1/46101] INFO  ozone.MiniOzoneClusterImpl (MiniOzoneClusterImpl.java:lambda$waitForClusterToBeReady$0(238)) - Waiting for cluster to exit safe mode
2021-11-29 23:21:44,662 [Listener at 127.0.0.1/46101] INFO  ozone.MiniOzoneClusterImpl (MiniOzoneClusterImpl.java:lambda$waitForClusterToBeReady$0(240)) - SCM became leader
2021-11-29 23:21:45,395 [ReplicationMonitor] INFO  container.ReplicationManager (ReplicationManager.java:processAll(371)) - Replication Monitor Thread took 0 milliseconds for processing 0 containers.
2021-11-29 23:21:45,665 [Listener at 127.0.0.1/46101] INFO  ozone.MiniOzoneClusterImpl (MiniOzoneClusterImpl.java:lambda$waitForClusterToBeReady$0(235)) - Nodes are ready. Got 4 of 4 DN Heartbeats.
2021-11-29 23:21:45,665 [Listener at 127.0.0.1/46101] INFO  ozone.MiniOzoneClusterImpl (MiniOzoneClusterImpl.java:lambda$waitForClusterToBeReady$0(238)) - Waiting for cluster to exit safe mode
2021-11-29 23:21:45,665 [Listener at 127.0.0.1/46101] INFO  ozone.MiniOzoneClusterImpl (MiniOzoneClusterImpl.java:lambda$waitForClusterToBeReady$0(240)) - SCM became leader
2021-11-29 23:21:46,397 [ReplicationMonitor] INFO  container.ReplicationManager (ReplicationManager.java:processAll(371)) - Replication Monitor Thread took 0 milliseconds for processing 0 containers.
2021-11-29 23:21:46,666 [Listener at 127.0.0.1/46101] INFO  ozone.MiniOzoneClusterImpl (MiniOzoneClusterImpl.java:lambda$waitForClusterToBeReady$0(235)) - Nodes are ready. Got 4 of 4 DN Heartbeats.
2021-11-29 23:21:46,666 [Listener at 127.0.0.1/46101] INFO  ozone.MiniOzoneClusterImpl (MiniOzoneClusterImpl.java:lambda$waitForClusterToBeReady$0(238)) - Waiting for cluster to exit safe mode
2021-11-29 23:21:46,666 [Listener at 127.0.0.1/46101] INFO  ozone.MiniOzoneClusterImpl (MiniOzoneClusterImpl.java:lambda$waitForClusterToBeReady$0(240)) - SCM became leader
2021-11-29 23:21:47,397 [ReplicationMonitor] INFO  container.ReplicationManager (ReplicationManager.java:processAll(371)) - Replication Monitor Thread took 0 milliseconds for processing 0 containers.
2021-11-29 23:21:47,482 [45f86aeb-e384-4aa9-8d84-a9c74618d31d@group-677DDB1507C0-FollowerState] INFO  impl.FollowerState (FollowerState.java:run(134)) - 45f86aeb-e384-4aa9-8d84-a9c74618d31d@group-677DDB1507C0-FollowerState: change to CANDIDATE, lastRpcElapsedTime:5168596966ns, electionTimeout:5166ms
2021-11-29 23:21:47,482 [45f86aeb-e384-4aa9-8d84-a9c74618d31d@group-677DDB1507C0-FollowerState] INFO  impl.RoleInfo (RoleInfo.java:shutdownFollowerState(108)) - 45f86aeb-e384-4aa9-8d84-a9c74618d31d: shutdown 45f86aeb-e384-4aa9-8d84-a9c74618d31d@group-677DDB1507C0-FollowerState
2021-11-29 23:21:47,482 [45f86aeb-e384-4aa9-8d84-a9c74618d31d@group-677DDB1507C0-FollowerState] INFO  server.RaftServer$Division (RaftServerImpl.java:setRole(290)) - 45f86aeb-e384-4aa9-8d84-a9c74618d31d@group-677DDB1507C0: changes role from  FOLLOWER to CANDIDATE at term 2 for changeToCandidate
2021-11-29 23:21:47,482 [45f86aeb-e384-4aa9-8d84-a9c74618d31d@group-677DDB1507C0-FollowerState] INFO  server.RaftServerConfigKeys (ConfUtils.java:logGet(44)) - raft.server.leaderelection.pre-vote = false (custom)
2021-11-29 23:21:47,482 [45f86aeb-e384-4aa9-8d84-a9c74618d31d@group-677DDB1507C0-FollowerState] INFO  impl.RoleInfo (RoleInfo.java:updateAndGet(130)) - 45f86aeb-e384-4aa9-8d84-a9c74618d31d: start 45f86aeb-e384-4aa9-8d84-a9c74618d31d@group-677DDB1507C0-LeaderElection57
2021-11-29 23:21:47,522 [49fe3bb7-2dae-482d-a175-9585c41bacad@group-677DDB1507C0-FollowerState] INFO  impl.FollowerState (FollowerState.java:run(134)) - 49fe3bb7-2dae-482d-a175-9585c41bacad@group-677DDB1507C0-FollowerState: change to CANDIDATE, lastRpcElapsedTime:5189425797ns, electionTimeout:5169ms
2021-11-29 23:21:47,523 [49fe3bb7-2dae-482d-a175-9585c41bacad@group-677DDB1507C0-FollowerState] INFO  impl.RoleInfo (RoleInfo.java:shutdownFollowerState(108)) - 49fe3bb7-2dae-482d-a175-9585c41bacad: shutdown 49fe3bb7-2dae-482d-a175-9585c41bacad@group-677DDB1507C0-FollowerState
2021-11-29 23:21:47,523 [49fe3bb7-2dae-482d-a175-9585c41bacad@group-677DDB1507C0-FollowerState] INFO  server.RaftServer$Division (RaftServerImpl.java:setRole(290)) - 49fe3bb7-2dae-482d-a175-9585c41bacad@group-677DDB1507C0: changes role from  FOLLOWER to CANDIDATE at term 2 for changeToCandidate
2021-11-29 23:21:47,523 [49fe3bb7-2dae-482d-a175-9585c41bacad@group-677DDB1507C0-FollowerState] INFO  server.RaftServerConfigKeys (ConfUtils.java:logGet(44)) - raft.server.leaderelection.pre-vote = false (custom)
2021-11-29 23:21:47,523 [49fe3bb7-2dae-482d-a175-9585c41bacad@group-677DDB1507C0-FollowerState] INFO  impl.RoleInfo (RoleInfo.java:updateAndGet(130)) - 49fe3bb7-2dae-482d-a175-9585c41bacad: start 49fe3bb7-2dae-482d-a175-9585c41bacad@group-677DDB1507C0-LeaderElection58
2021-11-29 23:21:47,522 [9eaa9061-0cbd-4a3d-8091-a973303b955e@group-677DDB1507C0-FollowerState] INFO  impl.FollowerState (FollowerState.java:run(134)) - 9eaa9061-0cbd-4a3d-8091-a973303b955e@group-677DDB1507C0-FollowerState: change to CANDIDATE, lastRpcElapsedTime:5170326192ns, electionTimeout:5163ms
2021-11-29 23:21:47,523 [9eaa9061-0cbd-4a3d-8091-a973303b955e@group-677DDB1507C0-FollowerState] INFO  impl.RoleInfo (RoleInfo.java:shutdownFollowerState(108)) - 9eaa9061-0cbd-4a3d-8091-a973303b955e: shutdown 9eaa9061-0cbd-4a3d-8091-a973303b955e@group-677DDB1507C0-FollowerState
2021-11-29 23:21:47,523 [9eaa9061-0cbd-4a3d-8091-a973303b955e@group-677DDB1507C0-FollowerState] INFO  server.RaftServer$Division (RaftServerImpl.java:setRole(290)) - 9eaa9061-0cbd-4a3d-8091-a973303b955e@group-677DDB1507C0: changes role from  FOLLOWER to CANDIDATE at term 2 for changeToCandidate
2021-11-29 23:21:47,533 [45f86aeb-e384-4aa9-8d84-a9c74618d31d@group-677DDB1507C0-LeaderElection57] INFO  impl.LeaderElection (LeaderElection.java:askForVotes(306)) - 45f86aeb-e384-4aa9-8d84-a9c74618d31d@group-677DDB1507C0-LeaderElection57 ELECTION round 0: submit vote requests at term 3 for -1: [9eaa9061-0cbd-4a3d-8091-a973303b955e|rpc:10.1.0.37:35167|dataStream:|priority:0, 45f86aeb-e384-4aa9-8d84-a9c74618d31d|rpc:10.1.0.37:38125|dataStream:|priority:1, 49fe3bb7-2dae-482d-a175-9585c41bacad|rpc:10.1.0.37:39121|dataStream:|priority:0], old=null
2021-11-29 23:21:47,577 [9eaa9061-0cbd-4a3d-8091-a973303b955e@group-677DDB1507C0-FollowerState] INFO  server.RaftServerConfigKeys (ConfUtils.java:logGet(44)) - raft.server.leaderelection.pre-vote = false (custom)
2021-11-29 23:21:47,577 [9eaa9061-0cbd-4a3d-8091-a973303b955e@group-677DDB1507C0-FollowerState] INFO  impl.RoleInfo (RoleInfo.java:updateAndGet(130)) - 9eaa9061-0cbd-4a3d-8091-a973303b955e: start 9eaa9061-0cbd-4a3d-8091-a973303b955e@group-677DDB1507C0-LeaderElection59
2021-11-29 23:21:47,579 [49fe3bb7-2dae-482d-a175-9585c41bacad@group-677DDB1507C0-LeaderElection58] INFO  impl.LeaderElection (LeaderElection.java:askForVotes(306)) - 49fe3bb7-2dae-482d-a175-9585c41bacad@group-677DDB1507C0-LeaderElection58 ELECTION round 0: submit vote requests at term 3 for -1: [9eaa9061-0cbd-4a3d-8091-a973303b955e|rpc:10.1.0.37:35167|dataStream:|priority:0, 45f86aeb-e384-4aa9-8d84-a9c74618d31d|rpc:10.1.0.37:38125|dataStream:|priority:1, 49fe3bb7-2dae-482d-a175-9585c41bacad|rpc:10.1.0.37:39121|dataStream:|priority:0], old=null
2021-11-29 23:21:47,605 [grpc-default-executor-6] INFO  server.RaftServer$Division (RaftServerImpl.java:requestVote(1046)) - 49fe3bb7-2dae-482d-a175-9585c41bacad@group-677DDB1507C0: receive requestVote(ELECTION, 45f86aeb-e384-4aa9-8d84-a9c74618d31d, group-677DDB1507C0, 3, (t:0, i:0))
2021-11-29 23:21:47,606 [grpc-default-executor-6] INFO  impl.VoteContext (VoteContext.java:log(48)) - 49fe3bb7-2dae-482d-a175-9585c41bacad@group-677DDB1507C0-CANDIDATE: reject ELECTION from 45f86aeb-e384-4aa9-8d84-a9c74618d31d: already has voted for 49fe3bb7-2dae-482d-a175-9585c41bacad at current term 3
2021-11-29 23:21:47,606 [grpc-default-executor-6] INFO  server.RaftServer$Division (RaftServerImpl.java:requestVote(1078)) - 49fe3bb7-2dae-482d-a175-9585c41bacad@group-677DDB1507C0 replies to ELECTION vote request: 45f86aeb-e384-4aa9-8d84-a9c74618d31d<-49fe3bb7-2dae-482d-a175-9585c41bacad#0:FAIL-t3. Peer's state: 49fe3bb7-2dae-482d-a175-9585c41bacad@group-677DDB1507C0:t3, leader=null, voted=49fe3bb7-2dae-482d-a175-9585c41bacad, raftlog=49fe3bb7-2dae-482d-a175-9585c41bacad@group-677DDB1507C0-SegmentedRaftLog:OPENED:c-1, conf=-1: [9eaa9061-0cbd-4a3d-8091-a973303b955e|rpc:10.1.0.37:35167|dataStream:|priority:0, 45f86aeb-e384-4aa9-8d84-a9c74618d31d|rpc:10.1.0.37:38125|dataStream:|priority:1, 49fe3bb7-2dae-482d-a175-9585c41bacad|rpc:10.1.0.37:39121|dataStream:|priority:0], old=null
2021-11-29 23:21:47,607 [grpc-default-executor-6] INFO  server.RaftServer$Division (RaftServerImpl.java:requestVote(1046)) - 9eaa9061-0cbd-4a3d-8091-a973303b955e@group-677DDB1507C0: receive requestVote(ELECTION, 49fe3bb7-2dae-482d-a175-9585c41bacad, group-677DDB1507C0, 3, (t:0, i:0))
2021-11-29 23:21:47,626 [9eaa9061-0cbd-4a3d-8091-a973303b955e@group-677DDB1507C0-LeaderElection59] INFO  impl.LeaderElection (LeaderElection.java:askForVotes(306)) - 9eaa9061-0cbd-4a3d-8091-a973303b955e@group-677DDB1507C0-LeaderElection59 ELECTION round 0: submit vote requests at term 3 for -1: [9eaa9061-0cbd-4a3d-8091-a973303b955e|rpc:10.1.0.37:35167|priority:0, 45f86aeb-e384-4aa9-8d84-a9c74618d31d|rpc:10.1.0.37:38125|priority:1, 49fe3bb7-2dae-482d-a175-9585c41bacad|rpc:10.1.0.37:39121|priority:0], old=null
2021-11-29 23:21:47,626 [grpc-default-executor-6] INFO  impl.VoteContext (VoteContext.java:log(48)) - 9eaa9061-0cbd-4a3d-8091-a973303b955e@group-677DDB1507C0-CANDIDATE: reject ELECTION from 49fe3bb7-2dae-482d-a175-9585c41bacad: already has voted for 9eaa9061-0cbd-4a3d-8091-a973303b955e at current term 3
2021-11-29 23:21:47,633 [grpc-default-executor-6] INFO  server.RaftServer$Division (RaftServerImpl.java:requestVote(1078)) - 9eaa9061-0cbd-4a3d-8091-a973303b955e@group-677DDB1507C0 replies to ELECTION vote request: 49fe3bb7-2dae-482d-a175-9585c41bacad<-9eaa9061-0cbd-4a3d-8091-a973303b955e#0:FAIL-t3. Peer's state: 9eaa9061-0cbd-4a3d-8091-a973303b955e@group-677DDB1507C0:t3, leader=null, voted=9eaa9061-0cbd-4a3d-8091-a973303b955e, raftlog=9eaa9061-0cbd-4a3d-8091-a973303b955e@group-677DDB1507C0-SegmentedRaftLog:OPENED:c-1, conf=-1: [9eaa9061-0cbd-4a3d-8091-a973303b955e|rpc:10.1.0.37:35167|priority:0, 45f86aeb-e384-4aa9-8d84-a9c74618d31d|rpc:10.1.0.37:38125|priority:1, 49fe3bb7-2dae-482d-a175-9585c41bacad|rpc:10.1.0.37:39121|priority:0], old=null
2021-11-29 23:21:47,642 [grpc-default-executor-0] INFO  server.RaftServer$Division (RaftServerImpl.java:requestVote(1046)) - 45f86aeb-e384-4aa9-8d84-a9c74618d31d@group-677DDB1507C0: receive requestVote(ELECTION, 9eaa9061-0cbd-4a3d-8091-a973303b955e, group-677DDB1507C0, 3, (t:0, i:0))
2021-11-29 23:21:47,642 [grpc-default-executor-0] INFO  impl.VoteContext (VoteContext.java:log(48)) - 45f86aeb-e384-4aa9-8d84-a9c74618d31d@group-677DDB1507C0-CANDIDATE: reject ELECTION from 9eaa9061-0cbd-4a3d-8091-a973303b955e: already has voted for 45f86aeb-e384-4aa9-8d84-a9c74618d31d at current term 3
2021-11-29 23:21:47,643 [grpc-default-executor-0] INFO  server.RaftServer$Division (RaftServerImpl.java:requestVote(1078)) - 45f86aeb-e384-4aa9-8d84-a9c74618d31d@group-677DDB1507C0 replies to ELECTION vote request: 9eaa9061-0cbd-4a3d-8091-a973303b955e<-45f86aeb-e384-4aa9-8d84-a9c74618d31d#0:FAIL-t3. Peer's state: 45f86aeb-e384-4aa9-8d84-a9c74618d31d@group-677DDB1507C0:t3, leader=null, voted=45f86aeb-e384-4aa9-8d84-a9c74618d31d, raftlog=45f86aeb-e384-4aa9-8d84-a9c74618d31d@group-677DDB1507C0-SegmentedRaftLog:OPENED:c-1, conf=-1: [9eaa9061-0cbd-4a3d-8091-a973303b955e|rpc:10.1.0.37:35167|dataStream:|priority:0, 45f86aeb-e384-4aa9-8d84-a9c74618d31d|rpc:10.1.0.37:38125|dataStream:|priority:1, 49fe3bb7-2dae-482d-a175-9585c41bacad|rpc:10.1.0.37:39121|dataStream:|priority:0], old=null
2021-11-29 23:21:47,643 [grpc-default-executor-0] INFO  server.RaftServer$Division (RaftServerImpl.java:requestVote(1046)) - 9eaa9061-0cbd-4a3d-8091-a973303b955e@group-677DDB1507C0: receive requestVote(ELECTION, 45f86aeb-e384-4aa9-8d84-a9c74618d31d, group-677DDB1507C0, 3, (t:0, i:0))
2021-11-29 23:21:47,643 [grpc-default-executor-0] INFO  impl.VoteContext (VoteContext.java:log(48)) - 9eaa9061-0cbd-4a3d-8091-a973303b955e@group-677DDB1507C0-CANDIDATE: reject ELECTION from 45f86aeb-e384-4aa9-8d84-a9c74618d31d: already has voted for 9eaa9061-0cbd-4a3d-8091-a973303b955e at current term 3
2021-11-29 23:21:47,643 [grpc-default-executor-0] INFO  server.RaftServer$Division (RaftServerImpl.java:requestVote(1078)) - 9eaa9061-0cbd-4a3d-8091-a973303b955e@group-677DDB1507C0 replies to ELECTION vote request: 45f86aeb-e384-4aa9-8d84-a9c74618d31d<-9eaa9061-0cbd-4a3d-8091-a973303b955e#0:FAIL-t3. Peer's state: 9eaa9061-0cbd-4a3d-8091-a973303b955e@group-677DDB1507C0:t3, leader=null, voted=9eaa9061-0cbd-4a3d-8091-a973303b955e, raftlog=9eaa9061-0cbd-4a3d-8091-a973303b955e@group-677DDB1507C0-SegmentedRaftLog:OPENED:c-1, conf=-1: [9eaa9061-0cbd-4a3d-8091-a973303b955e|rpc:10.1.0.37:35167|priority:0, 45f86aeb-e384-4aa9-8d84-a9c74618d31d|rpc:10.1.0.37:38125|priority:1, 49fe3bb7-2dae-482d-a175-9585c41bacad|rpc:10.1.0.37:39121|priority:0], old=null
2021-11-29 23:21:47,643 [9eaa9061-0cbd-4a3d-8091-a973303b955e@group-677DDB1507C0-LeaderElection59] INFO  impl.LeaderElection (LeaderElection.java:logAndReturn(89)) - 9eaa9061-0cbd-4a3d-8091-a973303b955e@group-677DDB1507C0-LeaderElection59: ELECTION REJECTED received 1 response(s) and 0 exception(s):
2021-11-29 23:21:47,647 [9eaa9061-0cbd-4a3d-8091-a973303b955e@group-677DDB1507C0-LeaderElection59] INFO  impl.LeaderElection (LeaderElection.java:logAndReturn(93)) -   Response 0: 9eaa9061-0cbd-4a3d-8091-a973303b955e<-45f86aeb-e384-4aa9-8d84-a9c74618d31d#0:FAIL-t3
2021-11-29 23:21:47,647 [9eaa9061-0cbd-4a3d-8091-a973303b955e@group-677DDB1507C0-LeaderElection59] INFO  impl.LeaderElection (LeaderElection.java:askForVotes(308)) - 9eaa9061-0cbd-4a3d-8091-a973303b955e@group-677DDB1507C0-LeaderElection59 ELECTION round 0: result REJECTED
2021-11-29 23:21:47,647 [9eaa9061-0cbd-4a3d-8091-a973303b955e@group-677DDB1507C0-LeaderElection59] INFO  server.RaftServer$Division (RaftServerImpl.java:setRole(290)) - 9eaa9061-0cbd-4a3d-8091-a973303b955e@group-677DDB1507C0: changes role from CANDIDATE to FOLLOWER at term 3 for REJECTED
2021-11-29 23:21:47,647 [9eaa9061-0cbd-4a3d-8091-a973303b955e@group-677DDB1507C0-LeaderElection59] INFO  impl.RoleInfo (RoleInfo.java:shutdownLeaderElection(121)) - 9eaa9061-0cbd-4a3d-8091-a973303b955e: shutdown 9eaa9061-0cbd-4a3d-8091-a973303b955e@group-677DDB1507C0-LeaderElection59
2021-11-29 23:21:47,647 [9eaa9061-0cbd-4a3d-8091-a973303b955e@group-677DDB1507C0-LeaderElection59] INFO  impl.RoleInfo (RoleInfo.java:updateAndGet(130)) - 9eaa9061-0cbd-4a3d-8091-a973303b955e: start 9eaa9061-0cbd-4a3d-8091-a973303b955e@group-677DDB1507C0-FollowerState
2021-11-29 23:21:47,649 [45f86aeb-e384-4aa9-8d84-a9c74618d31d@group-677DDB1507C0-LeaderElection57] INFO  impl.LeaderElection (LeaderElection.java:logAndReturn(89)) - 45f86aeb-e384-4aa9-8d84-a9c74618d31d@group-677DDB1507C0-LeaderElection57: ELECTION REJECTED received 2 response(s) and 0 exception(s):
2021-11-29 23:21:47,672 [45f86aeb-e384-4aa9-8d84-a9c74618d31d@group-677DDB1507C0-LeaderElection57] INFO  impl.LeaderElection (LeaderElection.java:logAndReturn(93)) -   Response 0: 45f86aeb-e384-4aa9-8d84-a9c74618d31d<-9eaa9061-0cbd-4a3d-8091-a973303b955e#0:FAIL-t3
2021-11-29 23:21:47,672 [45f86aeb-e384-4aa9-8d84-a9c74618d31d@group-677DDB1507C0-LeaderElection57] INFO  impl.LeaderElection (LeaderElection.java:logAndReturn(93)) -   Response 1: 45f86aeb-e384-4aa9-8d84-a9c74618d31d<-49fe3bb7-2dae-482d-a175-9585c41bacad#0:FAIL-t3
2021-11-29 23:21:47,672 [45f86aeb-e384-4aa9-8d84-a9c74618d31d@group-677DDB1507C0-LeaderElection57] INFO  impl.LeaderElection (LeaderElection.java:askForVotes(308)) - 45f86aeb-e384-4aa9-8d84-a9c74618d31d@group-677DDB1507C0-LeaderElection57 ELECTION round 0: result REJECTED
2021-11-29 23:21:47,672 [45f86aeb-e384-4aa9-8d84-a9c74618d31d@group-677DDB1507C0-LeaderElection57] INFO  server.RaftServer$Division (RaftServerImpl.java:setRole(290)) - 45f86aeb-e384-4aa9-8d84-a9c74618d31d@group-677DDB1507C0: changes role from CANDIDATE to FOLLOWER at term 3 for REJECTED
2021-11-29 23:21:47,672 [45f86aeb-e384-4aa9-8d84-a9c74618d31d@group-677DDB1507C0-LeaderElection57] INFO  impl.RoleInfo (RoleInfo.java:shutdownLeaderElection(121)) - 45f86aeb-e384-4aa9-8d84-a9c74618d31d: shutdown 45f86aeb-e384-4aa9-8d84-a9c74618d31d@group-677DDB1507C0-LeaderElection57
2021-11-29 23:21:47,672 [45f86aeb-e384-4aa9-8d84-a9c74618d31d@group-677DDB1507C0-LeaderElection57] INFO  impl.RoleInfo (RoleInfo.java:updateAndGet(130)) - 45f86aeb-e384-4aa9-8d84-a9c74618d31d: start 45f86aeb-e384-4aa9-8d84-a9c74618d31d@group-677DDB1507C0-FollowerState
2021-11-29 23:21:47,666 [Listener at 127.0.0.1/46101] INFO  ozone.MiniOzoneClusterImpl (MiniOzoneClusterImpl.java:lambda$waitForClusterToBeReady$0(235)) - Nodes are ready. Got 4 of 4 DN Heartbeats.
2021-11-29 23:21:47,673 [Listener at 127.0.0.1/46101] INFO  ozone.MiniOzoneClusterImpl (MiniOzoneClusterImpl.java:lambda$waitForClusterToBeReady$0(238)) - Waiting for cluster to exit safe mode
2021-11-29 23:21:47,673 [Listener at 127.0.0.1/46101] INFO  ozone.MiniOzoneClusterImpl (MiniOzoneClusterImpl.java:lambda$waitForClusterToBeReady$0(240)) - SCM became leader
2021-11-29 23:21:47,690 [grpc-default-executor-6] INFO  server.RaftServer$Division (RaftServerImpl.java:requestVote(1046)) - 45f86aeb-e384-4aa9-8d84-a9c74618d31d@group-677DDB1507C0: receive requestVote(ELECTION, 49fe3bb7-2dae-482d-a175-9585c41bacad, group-677DDB1507C0, 3, (t:0, i:0))
2021-11-29 23:21:47,690 [grpc-default-executor-6] INFO  impl.VoteContext (VoteContext.java:log(48)) - 45f86aeb-e384-4aa9-8d84-a9c74618d31d@group-677DDB1507C0-FOLLOWER: reject ELECTION from 49fe3bb7-2dae-482d-a175-9585c41bacad: already has voted for 45f86aeb-e384-4aa9-8d84-a9c74618d31d at current term 3
2021-11-29 23:21:47,690 [grpc-default-executor-6] INFO  server.RaftServer$Division (RaftServerImpl.java:requestVote(1078)) - 45f86aeb-e384-4aa9-8d84-a9c74618d31d@group-677DDB1507C0 replies to ELECTION vote request: 49fe3bb7-2dae-482d-a175-9585c41bacad<-45f86aeb-e384-4aa9-8d84-a9c74618d31d#0:FAIL-t3. Peer's state: 45f86aeb-e384-4aa9-8d84-a9c74618d31d@group-677DDB1507C0:t3, leader=null, voted=45f86aeb-e384-4aa9-8d84-a9c74618d31d, raftlog=45f86aeb-e384-4aa9-8d84-a9c74618d31d@group-677DDB1507C0-SegmentedRaftLog:OPENED:c-1, conf=-1: [9eaa9061-0cbd-4a3d-8091-a973303b955e|rpc:10.1.0.37:35167|dataStream:|priority:0, 45f86aeb-e384-4aa9-8d84-a9c74618d31d|rpc:10.1.0.37:38125|dataStream:|priority:1, 49fe3bb7-2dae-482d-a175-9585c41bacad|rpc:10.1.0.37:39121|dataStream:|priority:0], old=null
2021-11-29 23:21:47,690 [grpc-default-executor-0] INFO  server.RaftServer$Division (RaftServerImpl.java:requestVote(1046)) - 49fe3bb7-2dae-482d-a175-9585c41bacad@group-677DDB1507C0: receive requestVote(ELECTION, 9eaa9061-0cbd-4a3d-8091-a973303b955e, group-677DDB1507C0, 3, (t:0, i:0))
2021-11-29 23:21:47,691 [grpc-default-executor-0] INFO  impl.VoteContext (VoteContext.java:log(48)) - 49fe3bb7-2dae-482d-a175-9585c41bacad@group-677DDB1507C0-CANDIDATE: reject ELECTION from 9eaa9061-0cbd-4a3d-8091-a973303b955e: already has voted for 49fe3bb7-2dae-482d-a175-9585c41bacad at current term 3
2021-11-29 23:21:47,691 [grpc-default-executor-0] INFO  server.RaftServer$Division (RaftServerImpl.java:requestVote(1078)) - 49fe3bb7-2dae-482d-a175-9585c41bacad@group-677DDB1507C0 replies to ELECTION vote request: 9eaa9061-0cbd-4a3d-8091-a973303b955e<-49fe3bb7-2dae-482d-a175-9585c41bacad#0:FAIL-t3. Peer's state: 49fe3bb7-2dae-482d-a175-9585c41bacad@group-677DDB1507C0:t3, leader=null, voted=49fe3bb7-2dae-482d-a175-9585c41bacad, raftlog=49fe3bb7-2dae-482d-a175-9585c41bacad@group-677DDB1507C0-SegmentedRaftLog:OPENED:c-1, conf=-1: [9eaa9061-0cbd-4a3d-8091-a973303b955e|rpc:10.1.0.37:35167|dataStream:|priority:0, 45f86aeb-e384-4aa9-8d84-a9c74618d31d|rpc:10.1.0.37:38125|dataStream:|priority:1, 49fe3bb7-2dae-482d-a175-9585c41bacad|rpc:10.1.0.37:39121|dataStream:|priority:0], old=null
2021-11-29 23:21:47,691 [49fe3bb7-2dae-482d-a175-9585c41bacad@group-677DDB1507C0-LeaderElection58] INFO  impl.LeaderElection (LeaderElection.java:logAndReturn(89)) - 49fe3bb7-2dae-482d-a175-9585c41bacad@group-677DDB1507C0-LeaderElection58: ELECTION REJECTED received 2 response(s) and 0 exception(s):
2021-11-29 23:21:47,706 [49fe3bb7-2dae-482d-a175-9585c41bacad@group-677DDB1507C0-LeaderElection58] INFO  impl.LeaderElection (LeaderElection.java:logAndReturn(93)) -   Response 0: 49fe3bb7-2dae-482d-a175-9585c41bacad<-9eaa9061-0cbd-4a3d-8091-a973303b955e#0:FAIL-t3
2021-11-29 23:21:47,706 [49fe3bb7-2dae-482d-a175-9585c41bacad@group-677DDB1507C0-LeaderElection58] INFO  impl.LeaderElection (LeaderElection.java:logAndReturn(93)) -   Response 1: 49fe3bb7-2dae-482d-a175-9585c41bacad<-45f86aeb-e384-4aa9-8d84-a9c74618d31d#0:FAIL-t3
2021-11-29 23:21:47,706 [49fe3bb7-2dae-482d-a175-9585c41bacad@group-677DDB1507C0-LeaderElection58] INFO  impl.LeaderElection (LeaderElection.java:askForVotes(308)) - 49fe3bb7-2dae-482d-a175-9585c41bacad@group-677DDB1507C0-LeaderElection58 ELECTION round 0: result REJECTED
2021-11-29 23:21:47,706 [49fe3bb7-2dae-482d-a175-9585c41bacad@group-677DDB1507C0-LeaderElection58] INFO  server.RaftServer$Division (RaftServerImpl.java:setRole(290)) - 49fe3bb7-2dae-482d-a175-9585c41bacad@group-677DDB1507C0: changes role from CANDIDATE to FOLLOWER at term 3 for REJECTED
2021-11-29 23:21:47,706 [49fe3bb7-2dae-482d-a175-9585c41bacad@group-677DDB1507C0-LeaderElection58] INFO  impl.RoleInfo (RoleInfo.java:shutdownLeaderElection(121)) - 49fe3bb7-2dae-482d-a175-9585c41bacad: shutdown 49fe3bb7-2dae-482d-a175-9585c41bacad@group-677DDB1507C0-LeaderElection58
2021-11-29 23:21:47,706 [49fe3bb7-2dae-482d-a175-9585c41bacad@group-677DDB1507C0-LeaderElection58] INFO  impl.RoleInfo (RoleInfo.java:updateAndGet(130)) - 49fe3bb7-2dae-482d-a175-9585c41bacad: start 49fe3bb7-2dae-482d-a175-9585c41bacad@group-677DDB1507C0-FollowerState
2021-11-29 23:21:48,397 [ReplicationMonitor] INFO  container.ReplicationManager (ReplicationManager.java:processAll(371)) - Replication Monitor Thread took 0 milliseconds for processing 0 containers.
2021-11-29 23:21:48,673 [Listener at 127.0.0.1/46101] INFO  ozone.MiniOzoneClusterImpl (MiniOzoneClusterImpl.java:lambda$waitForClusterToBeReady$0(235)) - Nodes are ready. Got 4 of 4 DN Heartbeats.
2021-11-29 23:21:48,673 [Listener at 127.0.0.1/46101] INFO  ozone.MiniOzoneClusterImpl (MiniOzoneClusterImpl.java:lambda$waitForClusterToBeReady$0(238)) - Waiting for cluster to exit safe mode
2021-11-29 23:21:48,673 [Listener at 127.0.0.1/46101] INFO  ozone.MiniOzoneClusterImpl (MiniOzoneClusterImpl.java:lambda$waitForClusterToBeReady$0(240)) - SCM became leader
2021-11-29 23:21:49,424 [ReplicationMonitor] INFO  container.ReplicationManager (ReplicationManager.java:processAll(371)) - Replication Monitor Thread took 0 milliseconds for processing 0 containers.
2021-11-29 23:21:49,674 [Listener at 127.0.0.1/46101] INFO  ozone.MiniOzoneClusterImpl (MiniOzoneClusterImpl.java:lambda$waitForClusterToBeReady$0(235)) - Nodes are ready. Got 4 of 4 DN Heartbeats.
2021-11-29 23:21:49,674 [Listener at 127.0.0.1/46101] INFO  ozone.MiniOzoneClusterImpl (MiniOzoneClusterImpl.java:lambda$waitForClusterToBeReady$0(238)) - Waiting for cluster to exit safe mode
2021-11-29 23:21:49,674 [Listener at 127.0.0.1/46101] INFO  ozone.MiniOzoneClusterImpl (MiniOzoneClusterImpl.java:lambda$waitForClusterToBeReady$0(240)) - SCM became leader
2021-11-29 23:21:50,424 [ReplicationMonitor] INFO  container.ReplicationManager (ReplicationManager.java:processAll(371)) - Replication Monitor Thread took 0 milliseconds for processing 0 containers.
2021-11-29 23:21:50,674 [Listener at 127.0.0.1/46101] INFO  ozone.MiniOzoneClusterImpl (MiniOzoneClusterImpl.java:lambda$waitForClusterToBeReady$0(235)) - Nodes are ready. Got 4 of 4 DN Heartbeats.
2021-11-29 23:21:50,674 [Listener at 127.0.0.1/46101] INFO  ozone.MiniOzoneClusterImpl (MiniOzoneClusterImpl.java:lambda$waitForClusterToBeReady$0(238)) - Waiting for cluster to exit safe mode
2021-11-29 23:21:50,674 [Listener at 127.0.0.1/46101] INFO  ozone.MiniOzoneClusterImpl (MiniOzoneClusterImpl.java:lambda$waitForClusterToBeReady$0(240)) - SCM became leader
2021-11-29 23:21:51,424 [ReplicationMonitor] INFO  container.ReplicationManager (ReplicationManager.java:processAll(371)) - Replication Monitor Thread took 0 milliseconds for processing 0 containers.
2021-11-29 23:21:51,674 [Listener at 127.0.0.1/46101] INFO  ozone.MiniOzoneClusterImpl (MiniOzoneClusterImpl.java:lambda$waitForClusterToBeReady$0(235)) - Nodes are ready. Got 4 of 4 DN Heartbeats.
2021-11-29 23:21:51,674 [Listener at 127.0.0.1/46101] INFO  ozone.MiniOzoneClusterImpl (MiniOzoneClusterImpl.java:lambda$waitForClusterToBeReady$0(238)) - Waiting for cluster to exit safe mode
2021-11-29 23:21:51,674 [Listener at 127.0.0.1/46101] INFO  ozone.MiniOzoneClusterImpl (MiniOzoneClusterImpl.java:lambda$waitForClusterToBeReady$0(240)) - SCM became leader
2021-11-29 23:21:52,424 [ReplicationMonitor] INFO  container.ReplicationManager (ReplicationManager.java:processAll(371)) - Replication Monitor Thread took 0 milliseconds for processing 0 containers.
2021-11-29 23:21:52,675 [Listener at 127.0.0.1/46101] INFO  ozone.MiniOzoneClusterImpl (MiniOzoneClusterImpl.java:lambda$waitForClusterToBeReady$0(235)) - Nodes are ready. Got 4 of 4 DN Heartbeats.
2021-11-29 23:21:52,675 [Listener at 127.0.0.1/46101] INFO  ozone.MiniOzoneClusterImpl (MiniOzoneClusterImpl.java:lambda$waitForClusterToBeReady$0(238)) - Waiting for cluster to exit safe mode
2021-11-29 23:21:52,675 [Listener at 127.0.0.1/46101] INFO  ozone.MiniOzoneClusterImpl (MiniOzoneClusterImpl.java:lambda$waitForClusterToBeReady$0(240)) - SCM became leader
2021-11-29 23:21:52,713 [9eaa9061-0cbd-4a3d-8091-a973303b955e@group-677DDB1507C0-FollowerState] INFO  impl.FollowerState (FollowerState.java:run(134)) - 9eaa9061-0cbd-4a3d-8091-a973303b955e@group-677DDB1507C0-FollowerState: change to CANDIDATE, lastRpcElapsedTime:5066095803ns, electionTimeout:5015ms
2021-11-29 23:21:52,713 [9eaa9061-0cbd-4a3d-8091-a973303b955e@group-677DDB1507C0-FollowerState] INFO  impl.RoleInfo (RoleInfo.java:shutdownFollowerState(108)) - 9eaa9061-0cbd-4a3d-8091-a973303b955e: shutdown 9eaa9061-0cbd-4a3d-8091-a973303b955e@group-677DDB1507C0-FollowerState
2021-11-29 23:21:52,713 [9eaa9061-0cbd-4a3d-8091-a973303b955e@group-677DDB1507C0-FollowerState] INFO  server.RaftServer$Division (RaftServerImpl.java:setRole(290)) - 9eaa9061-0cbd-4a3d-8091-a973303b955e@group-677DDB1507C0: changes role from  FOLLOWER to CANDIDATE at term 3 for changeToCandidate
2021-11-29 23:21:52,713 [9eaa9061-0cbd-4a3d-8091-a973303b955e@group-677DDB1507C0-FollowerState] INFO  server.RaftServerConfigKeys (ConfUtils.java:logGet(44)) - raft.server.leaderelection.pre-vote = false (custom)
2021-11-29 23:21:52,713 [9eaa9061-0cbd-4a3d-8091-a973303b955e@group-677DDB1507C0-FollowerState] INFO  impl.RoleInfo (RoleInfo.java:updateAndGet(130)) - 9eaa9061-0cbd-4a3d-8091-a973303b955e: start 9eaa9061-0cbd-4a3d-8091-a973303b955e@group-677DDB1507C0-LeaderElection60
2021-11-29 23:21:52,714 [49fe3bb7-2dae-482d-a175-9585c41bacad@group-677DDB1507C0-FollowerState] INFO  impl.FollowerState (FollowerState.java:run(134)) - 49fe3bb7-2dae-482d-a175-9585c41bacad@group-677DDB1507C0-FollowerState: change to CANDIDATE, lastRpcElapsedTime:5007979276ns, electionTimeout:5001ms
2021-11-29 23:21:52,714 [49fe3bb7-2dae-482d-a175-9585c41bacad@group-677DDB1507C0-FollowerState] INFO  impl.RoleInfo (RoleInfo.java:shutdownFollowerState(108)) - 49fe3bb7-2dae-482d-a175-9585c41bacad: shutdown 49fe3bb7-2dae-482d-a175-9585c41bacad@group-677DDB1507C0-FollowerState
2021-11-29 23:21:52,714 [49fe3bb7-2dae-482d-a175-9585c41bacad@group-677DDB1507C0-FollowerState] INFO  server.RaftServer$Division (RaftServerImpl.java:setRole(290)) - 49fe3bb7-2dae-482d-a175-9585c41bacad@group-677DDB1507C0: changes role from  FOLLOWER to CANDIDATE at term 3 for changeToCandidate
2021-11-29 23:21:52,745 [49fe3bb7-2dae-482d-a175-9585c41bacad@group-677DDB1507C0-FollowerState] INFO  server.RaftServerConfigKeys (ConfUtils.java:logGet(44)) - raft.server.leaderelection.pre-vote = false (custom)
2021-11-29 23:21:52,745 [49fe3bb7-2dae-482d-a175-9585c41bacad@group-677DDB1507C0-FollowerState] INFO  impl.RoleInfo (RoleInfo.java:updateAndGet(130)) - 49fe3bb7-2dae-482d-a175-9585c41bacad: start 49fe3bb7-2dae-482d-a175-9585c41bacad@group-677DDB1507C0-LeaderElection61
2021-11-29 23:21:52,789 [9eaa9061-0cbd-4a3d-8091-a973303b955e@group-677DDB1507C0-LeaderElection60] INFO  impl.LeaderElection (LeaderElection.java:askForVotes(306)) - 9eaa9061-0cbd-4a3d-8091-a973303b955e@group-677DDB1507C0-LeaderElection60 ELECTION round 0: submit vote requests at term 4 for -1: [9eaa9061-0cbd-4a3d-8091-a973303b955e|rpc:10.1.0.37:35167|priority:0, 45f86aeb-e384-4aa9-8d84-a9c74618d31d|rpc:10.1.0.37:38125|priority:1, 49fe3bb7-2dae-482d-a175-9585c41bacad|rpc:10.1.0.37:39121|priority:0], old=null
2021-11-29 23:21:52,791 [grpc-default-executor-6] INFO  server.RaftServer$Division (RaftServerImpl.java:requestVote(1046)) - 45f86aeb-e384-4aa9-8d84-a9c74618d31d@group-677DDB1507C0: receive requestVote(ELECTION, 9eaa9061-0cbd-4a3d-8091-a973303b955e, group-677DDB1507C0, 4, (t:0, i:0))
2021-11-29 23:21:52,791 [grpc-default-executor-6] INFO  impl.VoteContext (VoteContext.java:log(48)) - 45f86aeb-e384-4aa9-8d84-a9c74618d31d@group-677DDB1507C0-FOLLOWER: reject ELECTION from 9eaa9061-0cbd-4a3d-8091-a973303b955e: our priority 1 > candidate's priority 0
2021-11-29 23:21:52,791 [grpc-default-executor-6] INFO  server.RaftServer$Division (RaftServerImpl.java:setRole(290)) - 45f86aeb-e384-4aa9-8d84-a9c74618d31d@group-677DDB1507C0: changes role from  FOLLOWER to FOLLOWER at term 4 for candidate:9eaa9061-0cbd-4a3d-8091-a973303b955e
2021-11-29 23:21:52,791 [grpc-default-executor-6] INFO  impl.RoleInfo (RoleInfo.java:shutdownFollowerState(108)) - 45f86aeb-e384-4aa9-8d84-a9c74618d31d: shutdown 45f86aeb-e384-4aa9-8d84-a9c74618d31d@group-677DDB1507C0-FollowerState
2021-11-29 23:21:52,796 [grpc-default-executor-0] INFO  server.RaftServer$Division (RaftServerImpl.java:requestVote(1046)) - 49fe3bb7-2dae-482d-a175-9585c41bacad@group-677DDB1507C0: receive requestVote(ELECTION, 9eaa9061-0cbd-4a3d-8091-a973303b955e, group-677DDB1507C0, 4, (t:0, i:0))
2021-11-29 23:21:52,796 [grpc-default-executor-6] INFO  impl.RoleInfo (RoleInfo.java:updateAndGet(130)) - 45f86aeb-e384-4aa9-8d84-a9c74618d31d: start 45f86aeb-e384-4aa9-8d84-a9c74618d31d@group-677DDB1507C0-FollowerState
2021-11-29 23:21:52,797 [49fe3bb7-2dae-482d-a175-9585c41bacad@group-677DDB1507C0-LeaderElection61] INFO  impl.LeaderElection (LeaderElection.java:askForVotes(306)) - 49fe3bb7-2dae-482d-a175-9585c41bacad@group-677DDB1507C0-LeaderElection61 ELECTION round 0: submit vote requests at term 4 for -1: [9eaa9061-0cbd-4a3d-8091-a973303b955e|rpc:10.1.0.37:35167|dataStream:|priority:0, 45f86aeb-e384-4aa9-8d84-a9c74618d31d|rpc:10.1.0.37:38125|dataStream:|priority:1, 49fe3bb7-2dae-482d-a175-9585c41bacad|rpc:10.1.0.37:39121|dataStream:|priority:0], old=null
2021-11-29 23:21:52,797 [grpc-default-executor-0] INFO  impl.VoteContext (VoteContext.java:log(48)) - 49fe3bb7-2dae-482d-a175-9585c41bacad@group-677DDB1507C0-CANDIDATE: reject ELECTION from 9eaa9061-0cbd-4a3d-8091-a973303b955e: already has voted for 49fe3bb7-2dae-482d-a175-9585c41bacad at current term 4
2021-11-29 23:21:52,797 [45f86aeb-e384-4aa9-8d84-a9c74618d31d@group-677DDB1507C0-FollowerState] INFO  impl.FollowerState (FollowerState.java:run(143)) - 45f86aeb-e384-4aa9-8d84-a9c74618d31d@group-677DDB1507C0-FollowerState was interrupted: {}
java.lang.InterruptedException: sleep interrupted
	at java.lang.Thread.sleep(Native Method)
	at java.lang.Thread.sleep(Thread.java:340)
	at java.util.concurrent.TimeUnit.sleep(TimeUnit.java:386)
	at org.apache.ratis.util.TimeDuration.sleep(TimeDuration.java:324)
	at org.apache.ratis.util.TimeDuration.sleep(TimeDuration.java:309)
	at org.apache.ratis.server.impl.FollowerState.run(FollowerState.java:118)
2021-11-29 23:21:52,804 [grpc-default-executor-6] INFO  server.RaftServer$Division (RaftServerImpl.java:requestVote(1078)) - 45f86aeb-e384-4aa9-8d84-a9c74618d31d@group-677DDB1507C0 replies to ELECTION vote request: 9eaa9061-0cbd-4a3d-8091-a973303b955e<-45f86aeb-e384-4aa9-8d84-a9c74618d31d#0:FAIL-t4. Peer's state: 45f86aeb-e384-4aa9-8d84-a9c74618d31d@group-677DDB1507C0:t4, leader=null, voted=null, raftlog=45f86aeb-e384-4aa9-8d84-a9c74618d31d@group-677DDB1507C0-SegmentedRaftLog:OPENED:c-1, conf=-1: [9eaa9061-0cbd-4a3d-8091-a973303b955e|rpc:10.1.0.37:35167|dataStream:|priority:0, 45f86aeb-e384-4aa9-8d84-a9c74618d31d|rpc:10.1.0.37:38125|dataStream:|priority:1, 49fe3bb7-2dae-482d-a175-9585c41bacad|rpc:10.1.0.37:39121|dataStream:|priority:0], old=null
2021-11-29 23:21:52,797 [grpc-default-executor-0] INFO  server.RaftServer$Division (RaftServerImpl.java:requestVote(1078)) - 49fe3bb7-2dae-482d-a175-9585c41bacad@group-677DDB1507C0 replies to ELECTION vote request: 9eaa9061-0cbd-4a3d-8091-a973303b955e<-49fe3bb7-2dae-482d-a175-9585c41bacad#0:FAIL-t4. Peer's state: 49fe3bb7-2dae-482d-a175-9585c41bacad@group-677DDB1507C0:t4, leader=null, voted=49fe3bb7-2dae-482d-a175-9585c41bacad, raftlog=49fe3bb7-2dae-482d-a175-9585c41bacad@group-677DDB1507C0-SegmentedRaftLog:OPENED:c-1, conf=-1: [9eaa9061-0cbd-4a3d-8091-a973303b955e|rpc:10.1.0.37:35167|dataStream:|priority:0, 45f86aeb-e384-4aa9-8d84-a9c74618d31d|rpc:10.1.0.37:38125|dataStream:|priority:1, 49fe3bb7-2dae-482d-a175-9585c41bacad|rpc:10.1.0.37:39121|dataStream:|priority:0], old=null
2021-11-29 23:21:52,853 [9eaa9061-0cbd-4a3d-8091-a973303b955e@group-677DDB1507C0-LeaderElection60] INFO  impl.LeaderElection (LeaderElection.java:logAndReturn(89)) - 9eaa9061-0cbd-4a3d-8091-a973303b955e@group-677DDB1507C0-LeaderElection60: ELECTION REJECTED received 1 response(s) and 0 exception(s):
2021-11-29 23:21:52,853 [grpc-default-executor-6] INFO  server.RaftServer$Division (RaftServerImpl.java:requestVote(1046)) - 9eaa9061-0cbd-4a3d-8091-a973303b955e@group-677DDB1507C0: receive requestVote(ELECTION, 49fe3bb7-2dae-482d-a175-9585c41bacad, group-677DDB1507C0, 4, (t:0, i:0))
2021-11-29 23:21:52,866 [grpc-default-executor-6] INFO  impl.VoteContext (VoteContext.java:log(48)) - 9eaa9061-0cbd-4a3d-8091-a973303b955e@group-677DDB1507C0-CANDIDATE: reject ELECTION from 49fe3bb7-2dae-482d-a175-9585c41bacad: already has voted for 9eaa9061-0cbd-4a3d-8091-a973303b955e at current term 4
2021-11-29 23:21:52,866 [grpc-default-executor-6] INFO  server.RaftServer$Division (RaftServerImpl.java:requestVote(1078)) - 9eaa9061-0cbd-4a3d-8091-a973303b955e@group-677DDB1507C0 replies to ELECTION vote request: 49fe3bb7-2dae-482d-a175-9585c41bacad<-9eaa9061-0cbd-4a3d-8091-a973303b955e#0:FAIL-t4. Peer's state: 9eaa9061-0cbd-4a3d-8091-a973303b955e@group-677DDB1507C0:t4, leader=null, voted=9eaa9061-0cbd-4a3d-8091-a973303b955e, raftlog=9eaa9061-0cbd-4a3d-8091-a973303b955e@group-677DDB1507C0-SegmentedRaftLog:OPENED:c-1, conf=-1: [9eaa9061-0cbd-4a3d-8091-a973303b955e|rpc:10.1.0.37:35167|priority:0, 45f86aeb-e384-4aa9-8d84-a9c74618d31d|rpc:10.1.0.37:38125|priority:1, 49fe3bb7-2dae-482d-a175-9585c41bacad|rpc:10.1.0.37:39121|priority:0], old=null
2021-11-29 23:21:52,853 [grpc-default-executor-5] INFO  server.RaftServer$Division (RaftServerImpl.java:requestVote(1046)) - 45f86aeb-e384-4aa9-8d84-a9c74618d31d@group-677DDB1507C0: receive requestVote(ELECTION, 49fe3bb7-2dae-482d-a175-9585c41bacad, group-677DDB1507C0, 4, (t:0, i:0))
2021-11-29 23:21:52,869 [grpc-default-executor-5] INFO  impl.VoteContext (VoteContext.java:log(48)) - 45f86aeb-e384-4aa9-8d84-a9c74618d31d@group-677DDB1507C0-FOLLOWER: reject ELECTION from 49fe3bb7-2dae-482d-a175-9585c41bacad: our priority 1 > candidate's priority 0
2021-11-29 23:21:52,869 [grpc-default-executor-5] INFO  server.RaftServer$Division (RaftServerImpl.java:setRole(290)) - 45f86aeb-e384-4aa9-8d84-a9c74618d31d@group-677DDB1507C0: changes role from  FOLLOWER to FOLLOWER at term 4 for candidate:49fe3bb7-2dae-482d-a175-9585c41bacad
2021-11-29 23:21:52,869 [grpc-default-executor-5] INFO  impl.RoleInfo (RoleInfo.java:shutdownFollowerState(108)) - 45f86aeb-e384-4aa9-8d84-a9c74618d31d: shutdown 45f86aeb-e384-4aa9-8d84-a9c74618d31d@group-677DDB1507C0-FollowerState
2021-11-29 23:21:52,869 [grpc-default-executor-5] INFO  impl.RoleInfo (RoleInfo.java:updateAndGet(130)) - 45f86aeb-e384-4aa9-8d84-a9c74618d31d: start 45f86aeb-e384-4aa9-8d84-a9c74618d31d@group-677DDB1507C0-FollowerState
2021-11-29 23:21:52,870 [45f86aeb-e384-4aa9-8d84-a9c74618d31d@group-677DDB1507C0-FollowerState] INFO  impl.FollowerState (FollowerState.java:run(143)) - 45f86aeb-e384-4aa9-8d84-a9c74618d31d@group-677DDB1507C0-FollowerState was interrupted: {}
java.lang.InterruptedException: sleep interrupted
	at java.lang.Thread.sleep(Native Method)
	at java.lang.Thread.sleep(Thread.java:340)
	at java.util.concurrent.TimeUnit.sleep(TimeUnit.java:386)
	at org.apache.ratis.util.TimeDuration.sleep(TimeDuration.java:324)
	at org.apache.ratis.util.TimeDuration.sleep(TimeDuration.java:309)
	at org.apache.ratis.server.impl.FollowerState.run(FollowerState.java:118)
2021-11-29 23:21:52,865 [9eaa9061-0cbd-4a3d-8091-a973303b955e@group-677DDB1507C0-LeaderElection60] INFO  impl.LeaderElection (LeaderElection.java:logAndReturn(93)) -   Response 0: 9eaa9061-0cbd-4a3d-8091-a973303b955e<-45f86aeb-e384-4aa9-8d84-a9c74618d31d#0:FAIL-t4
2021-11-29 23:21:52,879 [grpc-default-executor-5] INFO  server.RaftServer$Division (RaftServerImpl.java:requestVote(1078)) - 45f86aeb-e384-4aa9-8d84-a9c74618d31d@group-677DDB1507C0 replies to ELECTION vote request: 49fe3bb7-2dae-482d-a175-9585c41bacad<-45f86aeb-e384-4aa9-8d84-a9c74618d31d#0:FAIL-t4. Peer's state: 45f86aeb-e384-4aa9-8d84-a9c74618d31d@group-677DDB1507C0:t4, leader=null, voted=null, raftlog=45f86aeb-e384-4aa9-8d84-a9c74618d31d@group-677DDB1507C0-SegmentedRaftLog:OPENED:c-1, conf=-1: [9eaa9061-0cbd-4a3d-8091-a973303b955e|rpc:10.1.0.37:35167|dataStream:|priority:0, 45f86aeb-e384-4aa9-8d84-a9c74618d31d|rpc:10.1.0.37:38125|dataStream:|priority:1, 49fe3bb7-2dae-482d-a175-9585c41bacad|rpc:10.1.0.37:39121|dataStream:|priority:0], old=null
2021-11-29 23:21:52,885 [9eaa9061-0cbd-4a3d-8091-a973303b955e@group-677DDB1507C0-LeaderElection60] INFO  impl.LeaderElection (LeaderElection.java:askForVotes(308)) - 9eaa9061-0cbd-4a3d-8091-a973303b955e@group-677DDB1507C0-LeaderElection60 ELECTION round 0: result REJECTED
2021-11-29 23:21:52,885 [9eaa9061-0cbd-4a3d-8091-a973303b955e@group-677DDB1507C0-LeaderElection60] INFO  server.RaftServer$Division (RaftServerImpl.java:setRole(290)) - 9eaa9061-0cbd-4a3d-8091-a973303b955e@group-677DDB1507C0: changes role from CANDIDATE to FOLLOWER at term 4 for REJECTED
2021-11-29 23:21:52,886 [9eaa9061-0cbd-4a3d-8091-a973303b955e@group-677DDB1507C0-LeaderElection60] INFO  impl.RoleInfo (RoleInfo.java:shutdownLeaderElection(121)) - 9eaa9061-0cbd-4a3d-8091-a973303b955e: shutdown 9eaa9061-0cbd-4a3d-8091-a973303b955e@group-677DDB1507C0-LeaderElection60
2021-11-29 23:21:52,886 [9eaa9061-0cbd-4a3d-8091-a973303b955e@group-677DDB1507C0-LeaderElection60] INFO  impl.RoleInfo (RoleInfo.java:updateAndGet(130)) - 9eaa9061-0cbd-4a3d-8091-a973303b955e: start 9eaa9061-0cbd-4a3d-8091-a973303b955e@group-677DDB1507C0-FollowerState
2021-11-29 23:21:52,886 [49fe3bb7-2dae-482d-a175-9585c41bacad@group-677DDB1507C0-LeaderElection61] INFO  impl.LeaderElection (LeaderElection.java:logAndReturn(89)) - 49fe3bb7-2dae-482d-a175-9585c41bacad@group-677DDB1507C0-LeaderElection61: ELECTION REJECTED received 2 response(s) and 0 exception(s):
2021-11-29 23:21:52,907 [49fe3bb7-2dae-482d-a175-9585c41bacad@group-677DDB1507C0-LeaderElection61] INFO  impl.LeaderElection (LeaderElection.java:logAndReturn(93)) -   Response 0: 49fe3bb7-2dae-482d-a175-9585c41bacad<-9eaa9061-0cbd-4a3d-8091-a973303b955e#0:FAIL-t4
2021-11-29 23:21:52,907 [49fe3bb7-2dae-482d-a175-9585c41bacad@group-677DDB1507C0-LeaderElection61] INFO  impl.LeaderElection (LeaderElection.java:logAndReturn(93)) -   Response 1: 49fe3bb7-2dae-482d-a175-9585c41bacad<-45f86aeb-e384-4aa9-8d84-a9c74618d31d#0:FAIL-t4
2021-11-29 23:21:52,907 [49fe3bb7-2dae-482d-a175-9585c41bacad@group-677DDB1507C0-LeaderElection61] INFO  impl.LeaderElection (LeaderElection.java:askForVotes(308)) - 49fe3bb7-2dae-482d-a175-9585c41bacad@group-677DDB1507C0-LeaderElection61 ELECTION round 0: result REJECTED
2021-11-29 23:21:52,907 [49fe3bb7-2dae-482d-a175-9585c41bacad@group-677DDB1507C0-LeaderElection61] INFO  server.RaftServer$Division (RaftServerImpl.java:setRole(290)) - 49fe3bb7-2dae-482d-a175-9585c41bacad@group-677DDB1507C0: changes role from CANDIDATE to FOLLOWER at term 4 for REJECTED
2021-11-29 23:21:52,907 [49fe3bb7-2dae-482d-a175-9585c41bacad@group-677DDB1507C0-LeaderElection61] INFO  impl.RoleInfo (RoleInfo.java:shutdownLeaderElection(121)) - 49fe3bb7-2dae-482d-a175-9585c41bacad: shutdown 49fe3bb7-2dae-482d-a175-9585c41bacad@group-677DDB1507C0-LeaderElection61
2021-11-29 23:21:52,907 [49fe3bb7-2dae-482d-a175-9585c41bacad@group-677DDB1507C0-LeaderElection61] INFO  impl.RoleInfo (RoleInfo.java:updateAndGet(130)) - 49fe3bb7-2dae-482d-a175-9585c41bacad: start 49fe3bb7-2dae-482d-a175-9585c41bacad@group-677DDB1507C0-FollowerState
2021-11-29 23:21:53,425 [ReplicationMonitor] INFO  container.ReplicationManager (ReplicationManager.java:processAll(371)) - Replication Monitor Thread took 0 milliseconds for processing 0 containers.
2021-11-29 23:21:53,677 [Listener at 127.0.0.1/46101] INFO  ozone.MiniOzoneClusterImpl (MiniOzoneClusterImpl.java:lambda$waitForClusterToBeReady$0(235)) - Nodes are ready. Got 4 of 4 DN Heartbeats.
2021-11-29 23:21:53,677 [Listener at 127.0.0.1/46101] INFO  ozone.MiniOzoneClusterImpl (MiniOzoneClusterImpl.java:lambda$waitForClusterToBeReady$0(238)) - Waiting for cluster to exit safe mode
2021-11-29 23:21:53,677 [Listener at 127.0.0.1/46101] INFO  ozone.MiniOzoneClusterImpl (MiniOzoneClusterImpl.java:lambda$waitForClusterToBeReady$0(240)) - SCM became leader
2021-11-29 23:21:54,425 [ReplicationMonitor] INFO  container.ReplicationManager (ReplicationManager.java:processAll(371)) - Replication Monitor Thread took 0 milliseconds for processing 0 containers.
2021-11-29 23:21:54,677 [Listener at 127.0.0.1/46101] INFO  ozone.MiniOzoneClusterImpl (MiniOzoneClusterImpl.java:lambda$waitForClusterToBeReady$0(235)) - Nodes are ready. Got 4 of 4 DN Heartbeats.
2021-11-29 23:21:54,678 [Listener at 127.0.0.1/46101] INFO  ozone.MiniOzoneClusterImpl (MiniOzoneClusterImpl.java:lambda$waitForClusterToBeReady$0(238)) - Waiting for cluster to exit safe mode
2021-11-29 23:21:54,678 [Listener at 127.0.0.1/46101] INFO  ozone.MiniOzoneClusterImpl (MiniOzoneClusterImpl.java:lambda$waitForClusterToBeReady$0(240)) - SCM became leader
2021-11-29 23:21:55,425 [ReplicationMonitor] INFO  container.ReplicationManager (ReplicationManager.java:processAll(371)) - Replication Monitor Thread took 0 milliseconds for processing 0 containers.
2021-11-29 23:21:55,680 [Listener at 127.0.0.1/46101] INFO  ozone.MiniOzoneClusterImpl (MiniOzoneClusterImpl.java:lambda$waitForClusterToBeReady$0(235)) - Nodes are ready. Got 4 of 4 DN Heartbeats.
2021-11-29 23:21:55,680 [Listener at 127.0.0.1/46101] INFO  ozone.MiniOzoneClusterImpl (MiniOzoneClusterImpl.java:lambda$waitForClusterToBeReady$0(238)) - Waiting for cluster to exit safe mode
2021-11-29 23:21:55,680 [Listener at 127.0.0.1/46101] INFO  ozone.MiniOzoneClusterImpl (MiniOzoneClusterImpl.java:lambda$waitForClusterToBeReady$0(240)) - SCM became leader
2021-11-29 23:21:56,425 [ReplicationMonitor] INFO  container.ReplicationManager (ReplicationManager.java:processAll(371)) - Replication Monitor Thread took 0 milliseconds for processing 0 containers.
2021-11-29 23:21:56,689 [Listener at 127.0.0.1/46101] INFO  ozone.MiniOzoneClusterImpl (MiniOzoneClusterImpl.java:lambda$waitForClusterToBeReady$0(235)) - Nodes are ready. Got 4 of 4 DN Heartbeats.
2021-11-29 23:21:56,689 [Listener at 127.0.0.1/46101] INFO  ozone.MiniOzoneClusterImpl (MiniOzoneClusterImpl.java:lambda$waitForClusterToBeReady$0(238)) - Waiting for cluster to exit safe mode
2021-11-29 23:21:56,689 [Listener at 127.0.0.1/46101] INFO  ozone.MiniOzoneClusterImpl (MiniOzoneClusterImpl.java:lambda$waitForClusterToBeReady$0(240)) - SCM became leader
2021-11-29 23:21:57,425 [ReplicationMonitor] INFO  container.ReplicationManager (ReplicationManager.java:processAll(371)) - Replication Monitor Thread took 0 milliseconds for processing 0 containers.
2021-11-29 23:21:57,689 [Listener at 127.0.0.1/46101] INFO  ozone.MiniOzoneClusterImpl (MiniOzoneClusterImpl.java:lambda$waitForClusterToBeReady$0(235)) - Nodes are ready. Got 4 of 4 DN Heartbeats.
2021-11-29 23:21:57,690 [Listener at 127.0.0.1/46101] INFO  ozone.MiniOzoneClusterImpl (MiniOzoneClusterImpl.java:lambda$waitForClusterToBeReady$0(238)) - Waiting for cluster to exit safe mode
2021-11-29 23:21:57,690 [Listener at 127.0.0.1/46101] INFO  ozone.MiniOzoneClusterImpl (MiniOzoneClusterImpl.java:lambda$waitForClusterToBeReady$0(240)) - SCM became leader
2021-11-29 23:21:57,904 [9eaa9061-0cbd-4a3d-8091-a973303b955e@group-677DDB1507C0-FollowerState] INFO  impl.FollowerState (FollowerState.java:run(134)) - 9eaa9061-0cbd-4a3d-8091-a973303b955e@group-677DDB1507C0-FollowerState: change to CANDIDATE, lastRpcElapsedTime:5018589423ns, electionTimeout:5002ms
2021-11-29 23:21:57,904 [9eaa9061-0cbd-4a3d-8091-a973303b955e@group-677DDB1507C0-FollowerState] INFO  impl.RoleInfo (RoleInfo.java:shutdownFollowerState(108)) - 9eaa9061-0cbd-4a3d-8091-a973303b955e: shutdown 9eaa9061-0cbd-4a3d-8091-a973303b955e@group-677DDB1507C0-FollowerState
2021-11-29 23:21:57,904 [9eaa9061-0cbd-4a3d-8091-a973303b955e@group-677DDB1507C0-FollowerState] INFO  server.RaftServer$Division (RaftServerImpl.java:setRole(290)) - 9eaa9061-0cbd-4a3d-8091-a973303b955e@group-677DDB1507C0: changes role from  FOLLOWER to CANDIDATE at term 4 for changeToCandidate
2021-11-29 23:21:57,904 [9eaa9061-0cbd-4a3d-8091-a973303b955e@group-677DDB1507C0-FollowerState] INFO  server.RaftServerConfigKeys (ConfUtils.java:logGet(44)) - raft.server.leaderelection.pre-vote = false (custom)
2021-11-29 23:21:57,904 [9eaa9061-0cbd-4a3d-8091-a973303b955e@group-677DDB1507C0-FollowerState] INFO  impl.RoleInfo (RoleInfo.java:updateAndGet(130)) - 9eaa9061-0cbd-4a3d-8091-a973303b955e: start 9eaa9061-0cbd-4a3d-8091-a973303b955e@group-677DDB1507C0-LeaderElection62
2021-11-29 23:21:57,962 [49fe3bb7-2dae-482d-a175-9585c41bacad@group-677DDB1507C0-FollowerState] INFO  impl.FollowerState (FollowerState.java:run(134)) - 49fe3bb7-2dae-482d-a175-9585c41bacad@group-677DDB1507C0-FollowerState: change to CANDIDATE, lastRpcElapsedTime:5054387191ns, electionTimeout:5054ms
2021-11-29 23:21:57,962 [49fe3bb7-2dae-482d-a175-9585c41bacad@group-677DDB1507C0-FollowerState] INFO  impl.RoleInfo (RoleInfo.java:shutdownFollowerState(108)) - 49fe3bb7-2dae-482d-a175-9585c41bacad: shutdown 49fe3bb7-2dae-482d-a175-9585c41bacad@group-677DDB1507C0-FollowerState
2021-11-29 23:21:57,962 [49fe3bb7-2dae-482d-a175-9585c41bacad@group-677DDB1507C0-FollowerState] INFO  server.RaftServer$Division (RaftServerImpl.java:setRole(290)) - 49fe3bb7-2dae-482d-a175-9585c41bacad@group-677DDB1507C0: changes role from  FOLLOWER to CANDIDATE at term 4 for changeToCandidate
2021-11-29 23:21:57,962 [49fe3bb7-2dae-482d-a175-9585c41bacad@group-677DDB1507C0-FollowerState] INFO  server.RaftServerConfigKeys (ConfUtils.java:logGet(44)) - raft.server.leaderelection.pre-vote = false (custom)
2021-11-29 23:21:57,962 [49fe3bb7-2dae-482d-a175-9585c41bacad@group-677DDB1507C0-FollowerState] INFO  impl.RoleInfo (RoleInfo.java:updateAndGet(130)) - 49fe3bb7-2dae-482d-a175-9585c41bacad: start 49fe3bb7-2dae-482d-a175-9585c41bacad@group-677DDB1507C0-LeaderElection63
2021-11-29 23:21:57,969 [45f86aeb-e384-4aa9-8d84-a9c74618d31d@group-677DDB1507C0-FollowerState] INFO  impl.FollowerState (FollowerState.java:run(134)) - 45f86aeb-e384-4aa9-8d84-a9c74618d31d@group-677DDB1507C0-FollowerState: change to CANDIDATE, lastRpcElapsedTime:5099577610ns, electionTimeout:5052ms
2021-11-29 23:21:57,969 [45f86aeb-e384-4aa9-8d84-a9c74618d31d@group-677DDB1507C0-FollowerState] INFO  impl.RoleInfo (RoleInfo.java:shutdownFollowerState(108)) - 45f86aeb-e384-4aa9-8d84-a9c74618d31d: shutdown 45f86aeb-e384-4aa9-8d84-a9c74618d31d@group-677DDB1507C0-FollowerState
2021-11-29 23:21:57,969 [45f86aeb-e384-4aa9-8d84-a9c74618d31d@group-677DDB1507C0-FollowerState] INFO  server.RaftServer$Division (RaftServerImpl.java:setRole(290)) - 45f86aeb-e384-4aa9-8d84-a9c74618d31d@group-677DDB1507C0: changes role from  FOLLOWER to CANDIDATE at term 4 for changeToCandidate
2021-11-29 23:21:57,969 [9eaa9061-0cbd-4a3d-8091-a973303b955e@group-677DDB1507C0-LeaderElection62] INFO  impl.LeaderElection (LeaderElection.java:askForVotes(306)) - 9eaa9061-0cbd-4a3d-8091-a973303b955e@group-677DDB1507C0-LeaderElection62 ELECTION round 0: submit vote requests at term 5 for -1: [9eaa9061-0cbd-4a3d-8091-a973303b955e|rpc:10.1.0.37:35167|priority:0, 45f86aeb-e384-4aa9-8d84-a9c74618d31d|rpc:10.1.0.37:38125|priority:1, 49fe3bb7-2dae-482d-a175-9585c41bacad|rpc:10.1.0.37:39121|priority:0], old=null
2021-11-29 23:21:58,017 [49fe3bb7-2dae-482d-a175-9585c41bacad@group-677DDB1507C0-LeaderElection63] INFO  impl.LeaderElection (LeaderElection.java:askForVotes(306)) - 49fe3bb7-2dae-482d-a175-9585c41bacad@group-677DDB1507C0-LeaderElection63 ELECTION round 0: submit vote requests at term 5 for -1: [9eaa9061-0cbd-4a3d-8091-a973303b955e|rpc:10.1.0.37:35167|dataStream:|priority:0, 45f86aeb-e384-4aa9-8d84-a9c74618d31d|rpc:10.1.0.37:38125|dataStream:|priority:1, 49fe3bb7-2dae-482d-a175-9585c41bacad|rpc:10.1.0.37:39121|dataStream:|priority:0], old=null
2021-11-29 23:21:58,030 [45f86aeb-e384-4aa9-8d84-a9c74618d31d@group-677DDB1507C0-FollowerState] INFO  server.RaftServerConfigKeys (ConfUtils.java:logGet(44)) - raft.server.leaderelection.pre-vote = false (custom)
2021-11-29 23:21:58,030 [45f86aeb-e384-4aa9-8d84-a9c74618d31d@group-677DDB1507C0-FollowerState] INFO  impl.RoleInfo (RoleInfo.java:updateAndGet(130)) - 45f86aeb-e384-4aa9-8d84-a9c74618d31d: start 45f86aeb-e384-4aa9-8d84-a9c74618d31d@group-677DDB1507C0-LeaderElection64
2021-11-29 23:21:58,030 [grpc-default-executor-5] INFO  server.RaftServer$Division (RaftServerImpl.java:requestVote(1046)) - 45f86aeb-e384-4aa9-8d84-a9c74618d31d@group-677DDB1507C0: receive requestVote(ELECTION, 9eaa9061-0cbd-4a3d-8091-a973303b955e, group-677DDB1507C0, 5, (t:0, i:0))
2021-11-29 23:21:58,031 [grpc-default-executor-6] INFO  server.RaftServer$Division (RaftServerImpl.java:requestVote(1046)) - 49fe3bb7-2dae-482d-a175-9585c41bacad@group-677DDB1507C0: receive requestVote(ELECTION, 9eaa9061-0cbd-4a3d-8091-a973303b955e, group-677DDB1507C0, 5, (t:0, i:0))
2021-11-29 23:21:58,031 [grpc-default-executor-6] INFO  impl.VoteContext (VoteContext.java:log(48)) - 49fe3bb7-2dae-482d-a175-9585c41bacad@group-677DDB1507C0-CANDIDATE: reject ELECTION from 9eaa9061-0cbd-4a3d-8091-a973303b955e: already has voted for 49fe3bb7-2dae-482d-a175-9585c41bacad at current term 5
2021-11-29 23:21:58,031 [grpc-default-executor-6] INFO  server.RaftServer$Division (RaftServerImpl.java:requestVote(1078)) - 49fe3bb7-2dae-482d-a175-9585c41bacad@group-677DDB1507C0 replies to ELECTION vote request: 9eaa9061-0cbd-4a3d-8091-a973303b955e<-49fe3bb7-2dae-482d-a175-9585c41bacad#0:FAIL-t5. Peer's state: 49fe3bb7-2dae-482d-a175-9585c41bacad@group-677DDB1507C0:t5, leader=null, voted=49fe3bb7-2dae-482d-a175-9585c41bacad, raftlog=49fe3bb7-2dae-482d-a175-9585c41bacad@group-677DDB1507C0-SegmentedRaftLog:OPENED:c-1, conf=-1: [9eaa9061-0cbd-4a3d-8091-a973303b955e|rpc:10.1.0.37:35167|dataStream:|priority:0, 45f86aeb-e384-4aa9-8d84-a9c74618d31d|rpc:10.1.0.37:38125|dataStream:|priority:1, 49fe3bb7-2dae-482d-a175-9585c41bacad|rpc:10.1.0.37:39121|dataStream:|priority:0], old=null
2021-11-29 23:21:58,048 [grpc-default-executor-5] INFO  impl.VoteContext (VoteContext.java:log(48)) - 45f86aeb-e384-4aa9-8d84-a9c74618d31d@group-677DDB1507C0-CANDIDATE: reject ELECTION from 9eaa9061-0cbd-4a3d-8091-a973303b955e: our priority 1 > candidate's priority 0
2021-11-29 23:21:58,048 [grpc-default-executor-5] INFO  server.RaftServer$Division (RaftServerImpl.java:setRole(290)) - 45f86aeb-e384-4aa9-8d84-a9c74618d31d@group-677DDB1507C0: changes role from CANDIDATE to FOLLOWER at term 5 for candidate:9eaa9061-0cbd-4a3d-8091-a973303b955e
2021-11-29 23:21:58,049 [grpc-default-executor-5] INFO  impl.RoleInfo (RoleInfo.java:shutdownLeaderElection(121)) - 45f86aeb-e384-4aa9-8d84-a9c74618d31d: shutdown 45f86aeb-e384-4aa9-8d84-a9c74618d31d@group-677DDB1507C0-LeaderElection64
2021-11-29 23:21:58,049 [grpc-default-executor-5] INFO  impl.RoleInfo (RoleInfo.java:updateAndGet(130)) - 45f86aeb-e384-4aa9-8d84-a9c74618d31d: start 45f86aeb-e384-4aa9-8d84-a9c74618d31d@group-677DDB1507C0-FollowerState
2021-11-29 23:21:58,049 [45f86aeb-e384-4aa9-8d84-a9c74618d31d@group-677DDB1507C0-LeaderElection64] INFO  impl.LeaderElection (LeaderElection.java:run(230)) - 45f86aeb-e384-4aa9-8d84-a9c74618d31d@group-677DDB1507C0-LeaderElection64: skip running since this is already CLOSING
2021-11-29 23:21:58,061 [grpc-default-executor-6] INFO  server.RaftServer$Division (RaftServerImpl.java:requestVote(1046)) - 9eaa9061-0cbd-4a3d-8091-a973303b955e@group-677DDB1507C0: receive requestVote(ELECTION, 49fe3bb7-2dae-482d-a175-9585c41bacad, group-677DDB1507C0, 5, (t:0, i:0))
2021-11-29 23:21:58,061 [grpc-default-executor-6] INFO  impl.VoteContext (VoteContext.java:log(48)) - 9eaa9061-0cbd-4a3d-8091-a973303b955e@group-677DDB1507C0-CANDIDATE: reject ELECTION from 49fe3bb7-2dae-482d-a175-9585c41bacad: already has voted for 9eaa9061-0cbd-4a3d-8091-a973303b955e at current term 5
2021-11-29 23:21:58,061 [grpc-default-executor-6] INFO  server.RaftServer$Division (RaftServerImpl.java:requestVote(1078)) - 9eaa9061-0cbd-4a3d-8091-a973303b955e@group-677DDB1507C0 replies to ELECTION vote request: 49fe3bb7-2dae-482d-a175-9585c41bacad<-9eaa9061-0cbd-4a3d-8091-a973303b955e#0:FAIL-t5. Peer's state: 9eaa9061-0cbd-4a3d-8091-a973303b955e@group-677DDB1507C0:t5, leader=null, voted=9eaa9061-0cbd-4a3d-8091-a973303b955e, raftlog=9eaa9061-0cbd-4a3d-8091-a973303b955e@group-677DDB1507C0-SegmentedRaftLog:OPENED:c-1, conf=-1: [9eaa9061-0cbd-4a3d-8091-a973303b955e|rpc:10.1.0.37:35167|priority:0, 45f86aeb-e384-4aa9-8d84-a9c74618d31d|rpc:10.1.0.37:38125|priority:1, 49fe3bb7-2dae-482d-a175-9585c41bacad|rpc:10.1.0.37:39121|priority:0], old=null
2021-11-29 23:21:58,061 [grpc-default-executor-5] INFO  server.RaftServer$Division (RaftServerImpl.java:requestVote(1078)) - 45f86aeb-e384-4aa9-8d84-a9c74618d31d@group-677DDB1507C0 replies to ELECTION vote request: 9eaa9061-0cbd-4a3d-8091-a973303b955e<-45f86aeb-e384-4aa9-8d84-a9c74618d31d#0:FAIL-t5. Peer's state: 45f86aeb-e384-4aa9-8d84-a9c74618d31d@group-677DDB1507C0:t5, leader=null, voted=null, raftlog=45f86aeb-e384-4aa9-8d84-a9c74618d31d@group-677DDB1507C0-SegmentedRaftLog:OPENED:c-1, conf=-1: [9eaa9061-0cbd-4a3d-8091-a973303b955e|rpc:10.1.0.37:35167|dataStream:|priority:0, 45f86aeb-e384-4aa9-8d84-a9c74618d31d|rpc:10.1.0.37:38125|dataStream:|priority:1, 49fe3bb7-2dae-482d-a175-9585c41bacad|rpc:10.1.0.37:39121|dataStream:|priority:0], old=null
2021-11-29 23:21:58,097 [9eaa9061-0cbd-4a3d-8091-a973303b955e@group-677DDB1507C0-LeaderElection62] INFO  impl.LeaderElection (LeaderElection.java:logAndReturn(89)) - 9eaa9061-0cbd-4a3d-8091-a973303b955e@group-677DDB1507C0-LeaderElection62: ELECTION REJECTED received 2 response(s) and 0 exception(s):
2021-11-29 23:21:58,097 [9eaa9061-0cbd-4a3d-8091-a973303b955e@group-677DDB1507C0-LeaderElection62] INFO  impl.LeaderElection (LeaderElection.java:logAndReturn(93)) -   Response 0: 9eaa9061-0cbd-4a3d-8091-a973303b955e<-45f86aeb-e384-4aa9-8d84-a9c74618d31d#0:FAIL-t5
2021-11-29 23:21:58,097 [9eaa9061-0cbd-4a3d-8091-a973303b955e@group-677DDB1507C0-LeaderElection62] INFO  impl.LeaderElection (LeaderElection.java:logAndReturn(93)) -   Response 1: 9eaa9061-0cbd-4a3d-8091-a973303b955e<-49fe3bb7-2dae-482d-a175-9585c41bacad#0:FAIL-t5
2021-11-29 23:21:58,098 [9eaa9061-0cbd-4a3d-8091-a973303b955e@group-677DDB1507C0-LeaderElection62] INFO  impl.LeaderElection (LeaderElection.java:askForVotes(308)) - 9eaa9061-0cbd-4a3d-8091-a973303b955e@group-677DDB1507C0-LeaderElection62 ELECTION round 0: result REJECTED
2021-11-29 23:21:58,098 [9eaa9061-0cbd-4a3d-8091-a973303b955e@group-677DDB1507C0-LeaderElection62] INFO  server.RaftServer$Division (RaftServerImpl.java:setRole(290)) - 9eaa9061-0cbd-4a3d-8091-a973303b955e@group-677DDB1507C0: changes role from CANDIDATE to FOLLOWER at term 5 for REJECTED
2021-11-29 23:21:58,098 [9eaa9061-0cbd-4a3d-8091-a973303b955e@group-677DDB1507C0-LeaderElection62] INFO  impl.RoleInfo (RoleInfo.java:shutdownLeaderElection(121)) - 9eaa9061-0cbd-4a3d-8091-a973303b955e: shutdown 9eaa9061-0cbd-4a3d-8091-a973303b955e@group-677DDB1507C0-LeaderElection62
2021-11-29 23:21:58,098 [9eaa9061-0cbd-4a3d-8091-a973303b955e@group-677DDB1507C0-LeaderElection62] INFO  impl.RoleInfo (RoleInfo.java:updateAndGet(130)) - 9eaa9061-0cbd-4a3d-8091-a973303b955e: start 9eaa9061-0cbd-4a3d-8091-a973303b955e@group-677DDB1507C0-FollowerState
2021-11-29 23:21:58,098 [grpc-default-executor-6] INFO  server.RaftServer$Division (RaftServerImpl.java:requestVote(1046)) - 45f86aeb-e384-4aa9-8d84-a9c74618d31d@group-677DDB1507C0: receive requestVote(ELECTION, 49fe3bb7-2dae-482d-a175-9585c41bacad, group-677DDB1507C0, 5, (t:0, i:0))
2021-11-29 23:21:58,098 [grpc-default-executor-6] INFO  impl.VoteContext (VoteContext.java:log(48)) - 45f86aeb-e384-4aa9-8d84-a9c74618d31d@group-677DDB1507C0-FOLLOWER: reject ELECTION from 49fe3bb7-2dae-482d-a175-9585c41bacad: our priority 1 > candidate's priority 0
2021-11-29 23:21:58,098 [grpc-default-executor-6] INFO  server.RaftServer$Division (RaftServerImpl.java:setRole(290)) - 45f86aeb-e384-4aa9-8d84-a9c74618d31d@group-677DDB1507C0: changes role from  FOLLOWER to FOLLOWER at term 5 for candidate:49fe3bb7-2dae-482d-a175-9585c41bacad
2021-11-29 23:21:58,098 [grpc-default-executor-6] INFO  impl.RoleInfo (RoleInfo.java:shutdownFollowerState(108)) - 45f86aeb-e384-4aa9-8d84-a9c74618d31d: shutdown 45f86aeb-e384-4aa9-8d84-a9c74618d31d@group-677DDB1507C0-FollowerState
2021-11-29 23:21:58,104 [grpc-default-executor-6] INFO  impl.RoleInfo (RoleInfo.java:updateAndGet(130)) - 45f86aeb-e384-4aa9-8d84-a9c74618d31d: start 45f86aeb-e384-4aa9-8d84-a9c74618d31d@group-677DDB1507C0-FollowerState
2021-11-29 23:21:58,104 [45f86aeb-e384-4aa9-8d84-a9c74618d31d@group-677DDB1507C0-FollowerState] INFO  impl.FollowerState (FollowerState.java:run(143)) - 45f86aeb-e384-4aa9-8d84-a9c74618d31d@group-677DDB1507C0-FollowerState was interrupted: {}
java.lang.InterruptedException: sleep interrupted
	at java.lang.Thread.sleep(Native Method)
	at java.lang.Thread.sleep(Thread.java:340)
	at java.util.concurrent.TimeUnit.sleep(TimeUnit.java:386)
	at org.apache.ratis.util.TimeDuration.sleep(TimeDuration.java:324)
	at org.apache.ratis.util.TimeDuration.sleep(TimeDuration.java:309)
	at org.apache.ratis.server.impl.FollowerState.run(FollowerState.java:118)
2021-11-29 23:21:58,119 [grpc-default-executor-6] INFO  server.RaftServer$Division (RaftServerImpl.java:requestVote(1078)) - 45f86aeb-e384-4aa9-8d84-a9c74618d31d@group-677DDB1507C0 replies to ELECTION vote request: 49fe3bb7-2dae-482d-a175-9585c41bacad<-45f86aeb-e384-4aa9-8d84-a9c74618d31d#0:FAIL-t5. Peer's state: 45f86aeb-e384-4aa9-8d84-a9c74618d31d@group-677DDB1507C0:t5, leader=null, voted=null, raftlog=45f86aeb-e384-4aa9-8d84-a9c74618d31d@group-677DDB1507C0-SegmentedRaftLog:OPENED:c-1, conf=-1: [9eaa9061-0cbd-4a3d-8091-a973303b955e|rpc:10.1.0.37:35167|dataStream:|priority:0, 45f86aeb-e384-4aa9-8d84-a9c74618d31d|rpc:10.1.0.37:38125|dataStream:|priority:1, 49fe3bb7-2dae-482d-a175-9585c41bacad|rpc:10.1.0.37:39121|dataStream:|priority:0], old=null
2021-11-29 23:21:58,153 [49fe3bb7-2dae-482d-a175-9585c41bacad@group-677DDB1507C0-LeaderElection63] INFO  impl.LeaderElection (LeaderElection.java:logAndReturn(89)) - 49fe3bb7-2dae-482d-a175-9585c41bacad@group-677DDB1507C0-LeaderElection63: ELECTION REJECTED received 2 response(s) and 0 exception(s):
2021-11-29 23:21:58,153 [49fe3bb7-2dae-482d-a175-9585c41bacad@group-677DDB1507C0-LeaderElection63] INFO  impl.LeaderElection (LeaderElection.java:logAndReturn(93)) -   Response 0: 49fe3bb7-2dae-482d-a175-9585c41bacad<-9eaa9061-0cbd-4a3d-8091-a973303b955e#0:FAIL-t5
2021-11-29 23:21:58,153 [49fe3bb7-2dae-482d-a175-9585c41bacad@group-677DDB1507C0-LeaderElection63] INFO  impl.LeaderElection (LeaderElection.java:logAndReturn(93)) -   Response 1: 49fe3bb7-2dae-482d-a175-9585c41bacad<-45f86aeb-e384-4aa9-8d84-a9c74618d31d#0:FAIL-t5
2021-11-29 23:21:58,153 [49fe3bb7-2dae-482d-a175-9585c41bacad@group-677DDB1507C0-LeaderElection63] INFO  impl.LeaderElection (LeaderElection.java:askForVotes(308)) - 49fe3bb7-2dae-482d-a175-9585c41bacad@group-677DDB1507C0-LeaderElection63 ELECTION round 0: result REJECTED
2021-11-29 23:21:58,153 [49fe3bb7-2dae-482d-a175-9585c41bacad@group-677DDB1507C0-LeaderElection63] INFO  server.RaftServer$Division (RaftServerImpl.java:setRole(290)) - 49fe3bb7-2dae-482d-a175-9585c41bacad@group-677DDB1507C0: changes role from CANDIDATE to FOLLOWER at term 5 for REJECTED
2021-11-29 23:21:58,154 [49fe3bb7-2dae-482d-a175-9585c41bacad@group-677DDB1507C0-LeaderElection63] INFO  impl.RoleInfo (RoleInfo.java:shutdownLeaderElection(121)) - 49fe3bb7-2dae-482d-a175-9585c41bacad: shutdown 49fe3bb7-2dae-482d-a175-9585c41bacad@group-677DDB1507C0-LeaderElection63
2021-11-29 23:21:58,154 [49fe3bb7-2dae-482d-a175-9585c41bacad@group-677DDB1507C0-LeaderElection63] INFO  impl.RoleInfo (RoleInfo.java:updateAndGet(130)) - 49fe3bb7-2dae-482d-a175-9585c41bacad: start 49fe3bb7-2dae-482d-a175-9585c41bacad@group-677DDB1507C0-FollowerState
2021-11-29 23:21:58,429 [ReplicationMonitor] INFO  container.ReplicationManager (ReplicationManager.java:processAll(371)) - Replication Monitor Thread took 0 milliseconds for processing 0 containers.
2021-11-29 23:21:58,693 [Listener at 127.0.0.1/46101] INFO  ozone.MiniOzoneClusterImpl (MiniOzoneClusterImpl.java:lambda$waitForClusterToBeReady$0(235)) - Nodes are ready. Got 4 of 4 DN Heartbeats.
2021-11-29 23:21:58,693 [Listener at 127.0.0.1/46101] INFO  ozone.MiniOzoneClusterImpl (MiniOzoneClusterImpl.java:lambda$waitForClusterToBeReady$0(238)) - Waiting for cluster to exit safe mode
2021-11-29 23:21:58,693 [Listener at 127.0.0.1/46101] INFO  ozone.MiniOzoneClusterImpl (MiniOzoneClusterImpl.java:lambda$waitForClusterToBeReady$0(240)) - SCM became leader
2021-11-29 23:21:59,429 [ReplicationMonitor] INFO  container.ReplicationManager (ReplicationManager.java:processAll(371)) - Replication Monitor Thread took 0 milliseconds for processing 0 containers.
2021-11-29 23:21:59,693 [Listener at 127.0.0.1/46101] INFO  ozone.MiniOzoneClusterImpl (MiniOzoneClusterImpl.java:lambda$waitForClusterToBeReady$0(235)) - Nodes are ready. Got 4 of 4 DN Heartbeats.
2021-11-29 23:21:59,694 [Listener at 127.0.0.1/46101] INFO  ozone.MiniOzoneClusterImpl (MiniOzoneClusterImpl.java:lambda$waitForClusterToBeReady$0(238)) - Waiting for cluster to exit safe mode
2021-11-29 23:21:59,694 [Listener at 127.0.0.1/46101] INFO  ozone.MiniOzoneClusterImpl (MiniOzoneClusterImpl.java:lambda$waitForClusterToBeReady$0(240)) - SCM became leader
2021-11-29 23:22:00,429 [ReplicationMonitor] INFO  container.ReplicationManager (ReplicationManager.java:processAll(371)) - Replication Monitor Thread took 0 milliseconds for processing 0 containers.
2021-11-29 23:22:00,697 [Listener at 127.0.0.1/46101] INFO  ozone.MiniOzoneClusterImpl (MiniOzoneClusterImpl.java:lambda$waitForClusterToBeReady$0(235)) - Nodes are ready. Got 4 of 4 DN Heartbeats.
2021-11-29 23:22:00,697 [Listener at 127.0.0.1/46101] INFO  ozone.MiniOzoneClusterImpl (MiniOzoneClusterImpl.java:lambda$waitForClusterToBeReady$0(238)) - Waiting for cluster to exit safe mode
2021-11-29 23:22:00,697 [Listener at 127.0.0.1/46101] INFO  ozone.MiniOzoneClusterImpl (MiniOzoneClusterImpl.java:lambda$waitForClusterToBeReady$0(240)) - SCM became leader
2021-11-29 23:22:01,430 [ReplicationMonitor] INFO  container.ReplicationManager (ReplicationManager.java:processAll(371)) - Replication Monitor Thread took 0 milliseconds for processing 0 containers.
2021-11-29 23:22:01,698 [Listener at 127.0.0.1/46101] INFO  ozone.MiniOzoneClusterImpl (MiniOzoneClusterImpl.java:lambda$waitForClusterToBeReady$0(235)) - Nodes are ready. Got 4 of 4 DN Heartbeats.
2021-11-29 23:22:01,699 [Listener at 127.0.0.1/46101] INFO  ozone.MiniOzoneClusterImpl (MiniOzoneClusterImpl.java:lambda$waitForClusterToBeReady$0(238)) - Waiting for cluster to exit safe mode
2021-11-29 23:22:01,699 [Listener at 127.0.0.1/46101] INFO  ozone.MiniOzoneClusterImpl (MiniOzoneClusterImpl.java:lambda$waitForClusterToBeReady$0(240)) - SCM became leader
2021-11-29 23:22:02,433 [ReplicationMonitor] INFO  container.ReplicationManager (ReplicationManager.java:processAll(371)) - Replication Monitor Thread took 0 milliseconds for processing 0 containers.
2021-11-29 23:22:02,699 [Listener at 127.0.0.1/46101] INFO  ozone.MiniOzoneClusterImpl (MiniOzoneClusterImpl.java:lambda$waitForClusterToBeReady$0(235)) - Nodes are ready. Got 4 of 4 DN Heartbeats.
2021-11-29 23:22:02,699 [Listener at 127.0.0.1/46101] INFO  ozone.MiniOzoneClusterImpl (MiniOzoneClusterImpl.java:lambda$waitForClusterToBeReady$0(238)) - Waiting for cluster to exit safe mode
2021-11-29 23:22:02,699 [Listener at 127.0.0.1/46101] INFO  ozone.MiniOzoneClusterImpl (MiniOzoneClusterImpl.java:lambda$waitForClusterToBeReady$0(240)) - SCM became leader
2021-11-29 23:22:03,105 [9eaa9061-0cbd-4a3d-8091-a973303b955e@group-677DDB1507C0-FollowerState] INFO  impl.FollowerState (FollowerState.java:run(134)) - 9eaa9061-0cbd-4a3d-8091-a973303b955e@group-677DDB1507C0-FollowerState: change to CANDIDATE, lastRpcElapsedTime:5007335224ns, electionTimeout:5001ms
2021-11-29 23:22:03,105 [9eaa9061-0cbd-4a3d-8091-a973303b955e@group-677DDB1507C0-FollowerState] INFO  impl.RoleInfo (RoleInfo.java:shutdownFollowerState(108)) - 9eaa9061-0cbd-4a3d-8091-a973303b955e: shutdown 9eaa9061-0cbd-4a3d-8091-a973303b955e@group-677DDB1507C0-FollowerState
2021-11-29 23:22:03,105 [9eaa9061-0cbd-4a3d-8091-a973303b955e@group-677DDB1507C0-FollowerState] INFO  server.RaftServer$Division (RaftServerImpl.java:setRole(290)) - 9eaa9061-0cbd-4a3d-8091-a973303b955e@group-677DDB1507C0: changes role from  FOLLOWER to CANDIDATE at term 5 for changeToCandidate
2021-11-29 23:22:03,105 [9eaa9061-0cbd-4a3d-8091-a973303b955e@group-677DDB1507C0-FollowerState] INFO  server.RaftServerConfigKeys (ConfUtils.java:logGet(44)) - raft.server.leaderelection.pre-vote = false (custom)
2021-11-29 23:22:03,105 [9eaa9061-0cbd-4a3d-8091-a973303b955e@group-677DDB1507C0-FollowerState] INFO  impl.RoleInfo (RoleInfo.java:updateAndGet(130)) - 9eaa9061-0cbd-4a3d-8091-a973303b955e: start 9eaa9061-0cbd-4a3d-8091-a973303b955e@group-677DDB1507C0-LeaderElection65
2021-11-29 23:22:03,145 [9eaa9061-0cbd-4a3d-8091-a973303b955e@group-677DDB1507C0-LeaderElection65] INFO  impl.LeaderElection (LeaderElection.java:askForVotes(306)) - 9eaa9061-0cbd-4a3d-8091-a973303b955e@group-677DDB1507C0-LeaderElection65 ELECTION round 0: submit vote requests at term 6 for -1: [9eaa9061-0cbd-4a3d-8091-a973303b955e|rpc:10.1.0.37:35167|priority:0, 45f86aeb-e384-4aa9-8d84-a9c74618d31d|rpc:10.1.0.37:38125|priority:1, 49fe3bb7-2dae-482d-a175-9585c41bacad|rpc:10.1.0.37:39121|priority:0], old=null
2021-11-29 23:22:03,153 [grpc-default-executor-6] INFO  server.RaftServer$Division (RaftServerImpl.java:requestVote(1046)) - 45f86aeb-e384-4aa9-8d84-a9c74618d31d@group-677DDB1507C0: receive requestVote(ELECTION, 9eaa9061-0cbd-4a3d-8091-a973303b955e, group-677DDB1507C0, 6, (t:0, i:0))
2021-11-29 23:22:03,153 [grpc-default-executor-6] INFO  impl.VoteContext (VoteContext.java:log(48)) - 45f86aeb-e384-4aa9-8d84-a9c74618d31d@group-677DDB1507C0-FOLLOWER: reject ELECTION from 9eaa9061-0cbd-4a3d-8091-a973303b955e: our priority 1 > candidate's priority 0
2021-11-29 23:22:03,153 [grpc-default-executor-6] INFO  server.RaftServer$Division (RaftServerImpl.java:setRole(290)) - 45f86aeb-e384-4aa9-8d84-a9c74618d31d@group-677DDB1507C0: changes role from  FOLLOWER to FOLLOWER at term 6 for candidate:9eaa9061-0cbd-4a3d-8091-a973303b955e
2021-11-29 23:22:03,153 [grpc-default-executor-6] INFO  impl.RoleInfo (RoleInfo.java:shutdownFollowerState(108)) - 45f86aeb-e384-4aa9-8d84-a9c74618d31d: shutdown 45f86aeb-e384-4aa9-8d84-a9c74618d31d@group-677DDB1507C0-FollowerState
2021-11-29 23:22:03,153 [grpc-default-executor-6] INFO  impl.RoleInfo (RoleInfo.java:updateAndGet(130)) - 45f86aeb-e384-4aa9-8d84-a9c74618d31d: start 45f86aeb-e384-4aa9-8d84-a9c74618d31d@group-677DDB1507C0-FollowerState
2021-11-29 23:22:03,153 [45f86aeb-e384-4aa9-8d84-a9c74618d31d@group-677DDB1507C0-FollowerState] INFO  impl.FollowerState (FollowerState.java:run(143)) - 45f86aeb-e384-4aa9-8d84-a9c74618d31d@group-677DDB1507C0-FollowerState was interrupted: {}
java.lang.InterruptedException: sleep interrupted
	at java.lang.Thread.sleep(Native Method)
	at java.lang.Thread.sleep(Thread.java:340)
	at java.util.concurrent.TimeUnit.sleep(TimeUnit.java:386)
	at org.apache.ratis.util.TimeDuration.sleep(TimeDuration.java:324)
	at org.apache.ratis.util.TimeDuration.sleep(TimeDuration.java:309)
	at org.apache.ratis.server.impl.FollowerState.run(FollowerState.java:118)
2021-11-29 23:22:03,176 [grpc-default-executor-6] INFO  server.RaftServer$Division (RaftServerImpl.java:requestVote(1078)) - 45f86aeb-e384-4aa9-8d84-a9c74618d31d@group-677DDB1507C0 replies to ELECTION vote request: 9eaa9061-0cbd-4a3d-8091-a973303b955e<-45f86aeb-e384-4aa9-8d84-a9c74618d31d#0:FAIL-t6. Peer's state: 45f86aeb-e384-4aa9-8d84-a9c74618d31d@group-677DDB1507C0:t6, leader=null, voted=null, raftlog=45f86aeb-e384-4aa9-8d84-a9c74618d31d@group-677DDB1507C0-SegmentedRaftLog:OPENED:c-1, conf=-1: [9eaa9061-0cbd-4a3d-8091-a973303b955e|rpc:10.1.0.37:35167|dataStream:|priority:0, 45f86aeb-e384-4aa9-8d84-a9c74618d31d|rpc:10.1.0.37:38125|dataStream:|priority:1, 49fe3bb7-2dae-482d-a175-9585c41bacad|rpc:10.1.0.37:39121|dataStream:|priority:0], old=null
2021-11-29 23:22:03,177 [9eaa9061-0cbd-4a3d-8091-a973303b955e@group-677DDB1507C0-LeaderElection65] INFO  impl.LeaderElection (LeaderElection.java:logAndReturn(89)) - 9eaa9061-0cbd-4a3d-8091-a973303b955e@group-677DDB1507C0-LeaderElection65: ELECTION REJECTED received 1 response(s) and 0 exception(s):
2021-11-29 23:22:03,177 [9eaa9061-0cbd-4a3d-8091-a973303b955e@group-677DDB1507C0-LeaderElection65] INFO  impl.LeaderElection (LeaderElection.java:logAndReturn(93)) -   Response 0: 9eaa9061-0cbd-4a3d-8091-a973303b955e<-45f86aeb-e384-4aa9-8d84-a9c74618d31d#0:FAIL-t6
2021-11-29 23:22:03,177 [9eaa9061-0cbd-4a3d-8091-a973303b955e@group-677DDB1507C0-LeaderElection65] INFO  impl.LeaderElection (LeaderElection.java:askForVotes(308)) - 9eaa9061-0cbd-4a3d-8091-a973303b955e@group-677DDB1507C0-LeaderElection65 ELECTION round 0: result REJECTED
2021-11-29 23:22:03,177 [9eaa9061-0cbd-4a3d-8091-a973303b955e@group-677DDB1507C0-LeaderElection65] INFO  server.RaftServer$Division (RaftServerImpl.java:setRole(290)) - 9eaa9061-0cbd-4a3d-8091-a973303b955e@group-677DDB1507C0: changes role from CANDIDATE to FOLLOWER at term 6 for REJECTED
2021-11-29 23:22:03,177 [9eaa9061-0cbd-4a3d-8091-a973303b955e@group-677DDB1507C0-LeaderElection65] INFO  impl.RoleInfo (RoleInfo.java:shutdownLeaderElection(121)) - 9eaa9061-0cbd-4a3d-8091-a973303b955e: shutdown 9eaa9061-0cbd-4a3d-8091-a973303b955e@group-677DDB1507C0-LeaderElection65
2021-11-29 23:22:03,177 [9eaa9061-0cbd-4a3d-8091-a973303b955e@group-677DDB1507C0-LeaderElection65] INFO  impl.RoleInfo (RoleInfo.java:updateAndGet(130)) - 9eaa9061-0cbd-4a3d-8091-a973303b955e: start 9eaa9061-0cbd-4a3d-8091-a973303b955e@group-677DDB1507C0-FollowerState
2021-11-29 23:22:03,241 [grpc-default-executor-5] INFO  server.RaftServer$Division (RaftServerImpl.java:requestVote(1046)) - 49fe3bb7-2dae-482d-a175-9585c41bacad@group-677DDB1507C0: receive requestVote(ELECTION, 9eaa9061-0cbd-4a3d-8091-a973303b955e, group-677DDB1507C0, 6, (t:0, i:0))
2021-11-29 23:22:03,241 [grpc-default-executor-5] INFO  impl.VoteContext (VoteContext.java:log(48)) - 49fe3bb7-2dae-482d-a175-9585c41bacad@group-677DDB1507C0-FOLLOWER: accept ELECTION from 9eaa9061-0cbd-4a3d-8091-a973303b955e: our priority 0 <= candidate's priority 0
2021-11-29 23:22:03,241 [grpc-default-executor-5] INFO  server.RaftServer$Division (RaftServerImpl.java:setRole(290)) - 49fe3bb7-2dae-482d-a175-9585c41bacad@group-677DDB1507C0: changes role from  FOLLOWER to FOLLOWER at term 6 for candidate:9eaa9061-0cbd-4a3d-8091-a973303b955e
2021-11-29 23:22:03,241 [grpc-default-executor-5] INFO  impl.RoleInfo (RoleInfo.java:shutdownFollowerState(108)) - 49fe3bb7-2dae-482d-a175-9585c41bacad: shutdown 49fe3bb7-2dae-482d-a175-9585c41bacad@group-677DDB1507C0-FollowerState
2021-11-29 23:22:03,241 [grpc-default-executor-5] INFO  impl.RoleInfo (RoleInfo.java:updateAndGet(130)) - 49fe3bb7-2dae-482d-a175-9585c41bacad: start 49fe3bb7-2dae-482d-a175-9585c41bacad@group-677DDB1507C0-FollowerState
2021-11-29 23:22:03,241 [49fe3bb7-2dae-482d-a175-9585c41bacad@group-677DDB1507C0-FollowerState] INFO  impl.FollowerState (FollowerState.java:run(143)) - 49fe3bb7-2dae-482d-a175-9585c41bacad@group-677DDB1507C0-FollowerState was interrupted: {}
java.lang.InterruptedException: sleep interrupted
	at java.lang.Thread.sleep(Native Method)
	at java.lang.Thread.sleep(Thread.java:340)
	at java.util.concurrent.TimeUnit.sleep(TimeUnit.java:386)
	at org.apache.ratis.util.TimeDuration.sleep(TimeDuration.java:324)
	at org.apache.ratis.util.TimeDuration.sleep(TimeDuration.java:309)
	at org.apache.ratis.server.impl.FollowerState.run(FollowerState.java:118)
2021-11-29 23:22:03,277 [grpc-default-executor-5] INFO  server.RaftServer$Division (RaftServerImpl.java:requestVote(1078)) - 49fe3bb7-2dae-482d-a175-9585c41bacad@group-677DDB1507C0 replies to ELECTION vote request: 9eaa9061-0cbd-4a3d-8091-a973303b955e<-49fe3bb7-2dae-482d-a175-9585c41bacad#0:OK-t6. Peer's state: 49fe3bb7-2dae-482d-a175-9585c41bacad@group-677DDB1507C0:t6, leader=null, voted=9eaa9061-0cbd-4a3d-8091-a973303b955e, raftlog=49fe3bb7-2dae-482d-a175-9585c41bacad@group-677DDB1507C0-SegmentedRaftLog:OPENED:c-1, conf=-1: [9eaa9061-0cbd-4a3d-8091-a973303b955e|rpc:10.1.0.37:35167|dataStream:|priority:0, 45f86aeb-e384-4aa9-8d84-a9c74618d31d|rpc:10.1.0.37:38125|dataStream:|priority:1, 49fe3bb7-2dae-482d-a175-9585c41bacad|rpc:10.1.0.37:39121|dataStream:|priority:0], old=null
2021-11-29 23:22:03,433 [ReplicationMonitor] INFO  container.ReplicationManager (ReplicationManager.java:processAll(371)) - Replication Monitor Thread took 0 milliseconds for processing 0 containers.
2021-11-29 23:22:03,699 [Listener at 127.0.0.1/46101] INFO  ozone.MiniOzoneClusterImpl (MiniOzoneClusterImpl.java:lambda$waitForClusterToBeReady$0(235)) - Nodes are ready. Got 4 of 4 DN Heartbeats.
2021-11-29 23:22:03,699 [Listener at 127.0.0.1/46101] INFO  ozone.MiniOzoneClusterImpl (MiniOzoneClusterImpl.java:lambda$waitForClusterToBeReady$0(238)) - Waiting for cluster to exit safe mode
2021-11-29 23:22:03,699 [Listener at 127.0.0.1/46101] INFO  ozone.MiniOzoneClusterImpl (MiniOzoneClusterImpl.java:lambda$waitForClusterToBeReady$0(240)) - SCM became leader
2021-11-29 23:22:04,433 [ReplicationMonitor] INFO  container.ReplicationManager (ReplicationManager.java:processAll(371)) - Replication Monitor Thread took 0 milliseconds for processing 0 containers.
2021-11-29 23:22:04,699 [Listener at 127.0.0.1/46101] INFO  ozone.MiniOzoneClusterImpl (MiniOzoneClusterImpl.java:lambda$waitForClusterToBeReady$0(235)) - Nodes are ready. Got 4 of 4 DN Heartbeats.
2021-11-29 23:22:04,700 [Listener at 127.0.0.1/46101] INFO  ozone.MiniOzoneClusterImpl (MiniOzoneClusterImpl.java:lambda$waitForClusterToBeReady$0(238)) - Waiting for cluster to exit safe mode
2021-11-29 23:22:04,700 [Listener at 127.0.0.1/46101] INFO  ozone.MiniOzoneClusterImpl (MiniOzoneClusterImpl.java:lambda$waitForClusterToBeReady$0(240)) - SCM became leader
2021-11-29 23:22:05,436 [ReplicationMonitor] INFO  container.ReplicationManager (ReplicationManager.java:processAll(371)) - Replication Monitor Thread took 0 milliseconds for processing 0 containers.
2021-11-29 23:22:05,700 [Listener at 127.0.0.1/46101] INFO  ozone.MiniOzoneClusterImpl (MiniOzoneClusterImpl.java:lambda$waitForClusterToBeReady$0(235)) - Nodes are ready. Got 4 of 4 DN Heartbeats.
2021-11-29 23:22:05,700 [Listener at 127.0.0.1/46101] INFO  ozone.MiniOzoneClusterImpl (MiniOzoneClusterImpl.java:lambda$waitForClusterToBeReady$0(238)) - Waiting for cluster to exit safe mode
2021-11-29 23:22:05,700 [Listener at 127.0.0.1/46101] INFO  ozone.MiniOzoneClusterImpl (MiniOzoneClusterImpl.java:lambda$waitForClusterToBeReady$0(240)) - SCM became leader
2021-11-29 23:22:06,436 [ReplicationMonitor] INFO  container.ReplicationManager (ReplicationManager.java:processAll(371)) - Replication Monitor Thread took 0 milliseconds for processing 0 containers.
2021-11-29 23:22:06,700 [Listener at 127.0.0.1/46101] INFO  ozone.MiniOzoneClusterImpl (MiniOzoneClusterImpl.java:lambda$waitForClusterToBeReady$0(235)) - Nodes are ready. Got 4 of 4 DN Heartbeats.
2021-11-29 23:22:06,700 [Listener at 127.0.0.1/46101] INFO  ozone.MiniOzoneClusterImpl (MiniOzoneClusterImpl.java:lambda$waitForClusterToBeReady$0(238)) - Waiting for cluster to exit safe mode
2021-11-29 23:22:06,700 [Listener at 127.0.0.1/46101] INFO  ozone.MiniOzoneClusterImpl (MiniOzoneClusterImpl.java:lambda$waitForClusterToBeReady$0(240)) - SCM became leader
2021-11-29 23:22:07,436 [ReplicationMonitor] INFO  container.ReplicationManager (ReplicationManager.java:processAll(371)) - Replication Monitor Thread took 0 milliseconds for processing 0 containers.
2021-11-29 23:22:07,701 [Listener at 127.0.0.1/46101] INFO  ozone.MiniOzoneClusterImpl (MiniOzoneClusterImpl.java:lambda$waitForClusterToBeReady$0(235)) - Nodes are ready. Got 4 of 4 DN Heartbeats.
2021-11-29 23:22:07,701 [Listener at 127.0.0.1/46101] INFO  ozone.MiniOzoneClusterImpl (MiniOzoneClusterImpl.java:lambda$waitForClusterToBeReady$0(238)) - Waiting for cluster to exit safe mode
2021-11-29 23:22:07,701 [Listener at 127.0.0.1/46101] INFO  ozone.MiniOzoneClusterImpl (MiniOzoneClusterImpl.java:lambda$waitForClusterToBeReady$0(240)) - SCM became leader
2021-11-29 23:22:08,250 [9eaa9061-0cbd-4a3d-8091-a973303b955e@group-677DDB1507C0-FollowerState] INFO  impl.FollowerState (FollowerState.java:run(134)) - 9eaa9061-0cbd-4a3d-8091-a973303b955e@group-677DDB1507C0-FollowerState: change to CANDIDATE, lastRpcElapsedTime:5072787047ns, electionTimeout:5065ms
2021-11-29 23:22:08,250 [9eaa9061-0cbd-4a3d-8091-a973303b955e@group-677DDB1507C0-FollowerState] INFO  impl.RoleInfo (RoleInfo.java:shutdownFollowerState(108)) - 9eaa9061-0cbd-4a3d-8091-a973303b955e: shutdown 9eaa9061-0cbd-4a3d-8091-a973303b955e@group-677DDB1507C0-FollowerState
2021-11-29 23:22:08,250 [9eaa9061-0cbd-4a3d-8091-a973303b955e@group-677DDB1507C0-FollowerState] INFO  server.RaftServer$Division (RaftServerImpl.java:setRole(290)) - 9eaa9061-0cbd-4a3d-8091-a973303b955e@group-677DDB1507C0: changes role from  FOLLOWER to CANDIDATE at term 6 for changeToCandidate
2021-11-29 23:22:08,250 [9eaa9061-0cbd-4a3d-8091-a973303b955e@group-677DDB1507C0-FollowerState] INFO  server.RaftServerConfigKeys (ConfUtils.java:logGet(44)) - raft.server.leaderelection.pre-vote = false (custom)
2021-11-29 23:22:08,250 [9eaa9061-0cbd-4a3d-8091-a973303b955e@group-677DDB1507C0-FollowerState] INFO  impl.RoleInfo (RoleInfo.java:updateAndGet(130)) - 9eaa9061-0cbd-4a3d-8091-a973303b955e: start 9eaa9061-0cbd-4a3d-8091-a973303b955e@group-677DDB1507C0-LeaderElection66
2021-11-29 23:22:08,284 [45f86aeb-e384-4aa9-8d84-a9c74618d31d@group-677DDB1507C0-FollowerState] INFO  impl.FollowerState (FollowerState.java:run(134)) - 45f86aeb-e384-4aa9-8d84-a9c74618d31d@group-677DDB1507C0-FollowerState: change to CANDIDATE, lastRpcElapsedTime:5130645764ns, electionTimeout:5086ms
2021-11-29 23:22:08,284 [45f86aeb-e384-4aa9-8d84-a9c74618d31d@group-677DDB1507C0-FollowerState] INFO  impl.RoleInfo (RoleInfo.java:shutdownFollowerState(108)) - 45f86aeb-e384-4aa9-8d84-a9c74618d31d: shutdown 45f86aeb-e384-4aa9-8d84-a9c74618d31d@group-677DDB1507C0-FollowerState
2021-11-29 23:22:08,284 [45f86aeb-e384-4aa9-8d84-a9c74618d31d@group-677DDB1507C0-FollowerState] INFO  server.RaftServer$Division (RaftServerImpl.java:setRole(290)) - 45f86aeb-e384-4aa9-8d84-a9c74618d31d@group-677DDB1507C0: changes role from  FOLLOWER to CANDIDATE at term 6 for changeToCandidate
2021-11-29 23:22:08,284 [49fe3bb7-2dae-482d-a175-9585c41bacad@group-677DDB1507C0-FollowerState] INFO  impl.FollowerState (FollowerState.java:run(134)) - 49fe3bb7-2dae-482d-a175-9585c41bacad@group-677DDB1507C0-FollowerState: change to CANDIDATE, lastRpcElapsedTime:5007436708ns, electionTimeout:5007ms
2021-11-29 23:22:08,285 [49fe3bb7-2dae-482d-a175-9585c41bacad@group-677DDB1507C0-FollowerState] INFO  impl.RoleInfo (RoleInfo.java:shutdownFollowerState(108)) - 49fe3bb7-2dae-482d-a175-9585c41bacad: shutdown 49fe3bb7-2dae-482d-a175-9585c41bacad@group-677DDB1507C0-FollowerState
2021-11-29 23:22:08,285 [49fe3bb7-2dae-482d-a175-9585c41bacad@group-677DDB1507C0-FollowerState] INFO  server.RaftServer$Division (RaftServerImpl.java:setRole(290)) - 49fe3bb7-2dae-482d-a175-9585c41bacad@group-677DDB1507C0: changes role from  FOLLOWER to CANDIDATE at term 6 for changeToCandidate
2021-11-29 23:22:08,292 [49fe3bb7-2dae-482d-a175-9585c41bacad@group-677DDB1507C0-FollowerState] INFO  server.RaftServerConfigKeys (ConfUtils.java:logGet(44)) - raft.server.leaderelection.pre-vote = false (custom)
2021-11-29 23:22:08,292 [49fe3bb7-2dae-482d-a175-9585c41bacad@group-677DDB1507C0-FollowerState] INFO  impl.RoleInfo (RoleInfo.java:updateAndGet(130)) - 49fe3bb7-2dae-482d-a175-9585c41bacad: start 49fe3bb7-2dae-482d-a175-9585c41bacad@group-677DDB1507C0-LeaderElection68
2021-11-29 23:22:08,292 [9eaa9061-0cbd-4a3d-8091-a973303b955e@group-677DDB1507C0-LeaderElection66] INFO  impl.LeaderElection (LeaderElection.java:askForVotes(306)) - 9eaa9061-0cbd-4a3d-8091-a973303b955e@group-677DDB1507C0-LeaderElection66 ELECTION round 0: submit vote requests at term 7 for -1: [9eaa9061-0cbd-4a3d-8091-a973303b955e|rpc:10.1.0.37:35167|priority:0, 45f86aeb-e384-4aa9-8d84-a9c74618d31d|rpc:10.1.0.37:38125|priority:1, 49fe3bb7-2dae-482d-a175-9585c41bacad|rpc:10.1.0.37:39121|priority:0], old=null
2021-11-29 23:22:08,292 [45f86aeb-e384-4aa9-8d84-a9c74618d31d@group-677DDB1507C0-FollowerState] INFO  server.RaftServerConfigKeys (ConfUtils.java:logGet(44)) - raft.server.leaderelection.pre-vote = false (custom)
2021-11-29 23:22:08,292 [45f86aeb-e384-4aa9-8d84-a9c74618d31d@group-677DDB1507C0-FollowerState] INFO  impl.RoleInfo (RoleInfo.java:updateAndGet(130)) - 45f86aeb-e384-4aa9-8d84-a9c74618d31d: start 45f86aeb-e384-4aa9-8d84-a9c74618d31d@group-677DDB1507C0-LeaderElection67
2021-11-29 23:22:08,301 [49fe3bb7-2dae-482d-a175-9585c41bacad@group-677DDB1507C0-LeaderElection68] INFO  impl.LeaderElection (LeaderElection.java:askForVotes(306)) - 49fe3bb7-2dae-482d-a175-9585c41bacad@group-677DDB1507C0-LeaderElection68 ELECTION round 0: submit vote requests at term 7 for -1: [9eaa9061-0cbd-4a3d-8091-a973303b955e|rpc:10.1.0.37:35167|dataStream:|priority:0, 45f86aeb-e384-4aa9-8d84-a9c74618d31d|rpc:10.1.0.37:38125|dataStream:|priority:1, 49fe3bb7-2dae-482d-a175-9585c41bacad|rpc:10.1.0.37:39121|dataStream:|priority:0], old=null
2021-11-29 23:22:08,302 [grpc-default-executor-5] INFO  server.RaftServer$Division (RaftServerImpl.java:requestVote(1046)) - 45f86aeb-e384-4aa9-8d84-a9c74618d31d@group-677DDB1507C0: receive requestVote(ELECTION, 9eaa9061-0cbd-4a3d-8091-a973303b955e, group-677DDB1507C0, 7, (t:0, i:0))
2021-11-29 23:22:08,317 [grpc-default-executor-6] INFO  server.RaftServer$Division (RaftServerImpl.java:requestVote(1046)) - 49fe3bb7-2dae-482d-a175-9585c41bacad@group-677DDB1507C0: receive requestVote(ELECTION, 9eaa9061-0cbd-4a3d-8091-a973303b955e, group-677DDB1507C0, 7, (t:0, i:0))
2021-11-29 23:22:08,317 [grpc-default-executor-6] INFO  impl.VoteContext (VoteContext.java:log(48)) - 49fe3bb7-2dae-482d-a175-9585c41bacad@group-677DDB1507C0-CANDIDATE: reject ELECTION from 9eaa9061-0cbd-4a3d-8091-a973303b955e: already has voted for 49fe3bb7-2dae-482d-a175-9585c41bacad at current term 7
2021-11-29 23:22:08,317 [grpc-default-executor-6] INFO  server.RaftServer$Division (RaftServerImpl.java:requestVote(1078)) - 49fe3bb7-2dae-482d-a175-9585c41bacad@group-677DDB1507C0 replies to ELECTION vote request: 9eaa9061-0cbd-4a3d-8091-a973303b955e<-49fe3bb7-2dae-482d-a175-9585c41bacad#0:FAIL-t7. Peer's state: 49fe3bb7-2dae-482d-a175-9585c41bacad@group-677DDB1507C0:t7, leader=null, voted=49fe3bb7-2dae-482d-a175-9585c41bacad, raftlog=49fe3bb7-2dae-482d-a175-9585c41bacad@group-677DDB1507C0-SegmentedRaftLog:OPENED:c-1, conf=-1: [9eaa9061-0cbd-4a3d-8091-a973303b955e|rpc:10.1.0.37:35167|dataStream:|priority:0, 45f86aeb-e384-4aa9-8d84-a9c74618d31d|rpc:10.1.0.37:38125|dataStream:|priority:1, 49fe3bb7-2dae-482d-a175-9585c41bacad|rpc:10.1.0.37:39121|dataStream:|priority:0], old=null
2021-11-29 23:22:08,318 [grpc-default-executor-6] INFO  server.RaftServer$Division (RaftServerImpl.java:requestVote(1046)) - 45f86aeb-e384-4aa9-8d84-a9c74618d31d@group-677DDB1507C0: receive requestVote(ELECTION, 49fe3bb7-2dae-482d-a175-9585c41bacad, group-677DDB1507C0, 7, (t:0, i:0))
2021-11-29 23:22:08,338 [grpc-default-executor-6] INFO  impl.VoteContext (VoteContext.java:log(48)) - 45f86aeb-e384-4aa9-8d84-a9c74618d31d@group-677DDB1507C0-CANDIDATE: reject ELECTION from 49fe3bb7-2dae-482d-a175-9585c41bacad: our priority 1 > candidate's priority 0
2021-11-29 23:22:08,381 [grpc-default-executor-6] INFO  server.RaftServer$Division (RaftServerImpl.java:setRole(290)) - 45f86aeb-e384-4aa9-8d84-a9c74618d31d@group-677DDB1507C0: changes role from CANDIDATE to FOLLOWER at term 7 for candidate:49fe3bb7-2dae-482d-a175-9585c41bacad
2021-11-29 23:22:08,381 [grpc-default-executor-6] INFO  impl.RoleInfo (RoleInfo.java:shutdownLeaderElection(121)) - 45f86aeb-e384-4aa9-8d84-a9c74618d31d: shutdown 45f86aeb-e384-4aa9-8d84-a9c74618d31d@group-677DDB1507C0-LeaderElection67
2021-11-29 23:22:08,381 [grpc-default-executor-6] INFO  impl.RoleInfo (RoleInfo.java:updateAndGet(130)) - 45f86aeb-e384-4aa9-8d84-a9c74618d31d: start 45f86aeb-e384-4aa9-8d84-a9c74618d31d@group-677DDB1507C0-FollowerState
2021-11-29 23:22:08,382 [grpc-default-executor-8] INFO  server.RaftServer$Division (RaftServerImpl.java:requestVote(1046)) - 9eaa9061-0cbd-4a3d-8091-a973303b955e@group-677DDB1507C0: receive requestVote(ELECTION, 49fe3bb7-2dae-482d-a175-9585c41bacad, group-677DDB1507C0, 7, (t:0, i:0))
2021-11-29 23:22:08,382 [grpc-default-executor-8] INFO  impl.VoteContext (VoteContext.java:log(48)) - 9eaa9061-0cbd-4a3d-8091-a973303b955e@group-677DDB1507C0-CANDIDATE: reject ELECTION from 49fe3bb7-2dae-482d-a175-9585c41bacad: already has voted for 9eaa9061-0cbd-4a3d-8091-a973303b955e at current term 7
2021-11-29 23:22:08,382 [grpc-default-executor-8] INFO  server.RaftServer$Division (RaftServerImpl.java:requestVote(1078)) - 9eaa9061-0cbd-4a3d-8091-a973303b955e@group-677DDB1507C0 replies to ELECTION vote request: 49fe3bb7-2dae-482d-a175-9585c41bacad<-9eaa9061-0cbd-4a3d-8091-a973303b955e#0:FAIL-t7. Peer's state: 9eaa9061-0cbd-4a3d-8091-a973303b955e@group-677DDB1507C0:t7, leader=null, voted=9eaa9061-0cbd-4a3d-8091-a973303b955e, raftlog=9eaa9061-0cbd-4a3d-8091-a973303b955e@group-677DDB1507C0-SegmentedRaftLog:OPENED:c-1, conf=-1: [9eaa9061-0cbd-4a3d-8091-a973303b955e|rpc:10.1.0.37:35167|priority:0, 45f86aeb-e384-4aa9-8d84-a9c74618d31d|rpc:10.1.0.37:38125|priority:1, 49fe3bb7-2dae-482d-a175-9585c41bacad|rpc:10.1.0.37:39121|priority:0], old=null
2021-11-29 23:22:08,397 [45f86aeb-e384-4aa9-8d84-a9c74618d31d@group-677DDB1507C0-LeaderElection67] INFO  impl.LeaderElection (LeaderElection.java:run(230)) - 45f86aeb-e384-4aa9-8d84-a9c74618d31d@group-677DDB1507C0-LeaderElection67: skip running since this is already CLOSING
2021-11-29 23:22:08,398 [grpc-default-executor-6] INFO  server.RaftServer$Division (RaftServerImpl.java:requestVote(1078)) - 45f86aeb-e384-4aa9-8d84-a9c74618d31d@group-677DDB1507C0 replies to ELECTION vote request: 49fe3bb7-2dae-482d-a175-9585c41bacad<-45f86aeb-e384-4aa9-8d84-a9c74618d31d#0:FAIL-t7. Peer's state: 45f86aeb-e384-4aa9-8d84-a9c74618d31d@group-677DDB1507C0:t7, leader=null, voted=null, raftlog=45f86aeb-e384-4aa9-8d84-a9c74618d31d@group-677DDB1507C0-SegmentedRaftLog:OPENED:c-1, conf=-1: [9eaa9061-0cbd-4a3d-8091-a973303b955e|rpc:10.1.0.37:35167|dataStream:|priority:0, 45f86aeb-e384-4aa9-8d84-a9c74618d31d|rpc:10.1.0.37:38125|dataStream:|priority:1, 49fe3bb7-2dae-482d-a175-9585c41bacad|rpc:10.1.0.37:39121|dataStream:|priority:0], old=null
2021-11-29 23:22:08,398 [grpc-default-executor-5] INFO  impl.VoteContext (VoteContext.java:log(48)) - 45f86aeb-e384-4aa9-8d84-a9c74618d31d@group-677DDB1507C0-FOLLOWER: reject ELECTION from 9eaa9061-0cbd-4a3d-8091-a973303b955e: our priority 1 > candidate's priority 0
2021-11-29 23:22:08,398 [grpc-default-executor-5] INFO  server.RaftServer$Division (RaftServerImpl.java:setRole(290)) - 45f86aeb-e384-4aa9-8d84-a9c74618d31d@group-677DDB1507C0: changes role from  FOLLOWER to FOLLOWER at term 7 for candidate:9eaa9061-0cbd-4a3d-8091-a973303b955e
2021-11-29 23:22:08,398 [grpc-default-executor-5] INFO  impl.RoleInfo (RoleInfo.java:shutdownFollowerState(108)) - 45f86aeb-e384-4aa9-8d84-a9c74618d31d: shutdown 45f86aeb-e384-4aa9-8d84-a9c74618d31d@group-677DDB1507C0-FollowerState
2021-11-29 23:22:08,398 [grpc-default-executor-5] INFO  impl.RoleInfo (RoleInfo.java:updateAndGet(130)) - 45f86aeb-e384-4aa9-8d84-a9c74618d31d: start 45f86aeb-e384-4aa9-8d84-a9c74618d31d@group-677DDB1507C0-FollowerState
2021-11-29 23:22:08,399 [45f86aeb-e384-4aa9-8d84-a9c74618d31d@group-677DDB1507C0-FollowerState] INFO  impl.FollowerState (FollowerState.java:run(143)) - 45f86aeb-e384-4aa9-8d84-a9c74618d31d@group-677DDB1507C0-FollowerState was interrupted: {}
java.lang.InterruptedException: sleep interrupted
	at java.lang.Thread.sleep(Native Method)
	at java.lang.Thread.sleep(Thread.java:340)
	at java.util.concurrent.TimeUnit.sleep(TimeUnit.java:386)
	at org.apache.ratis.util.TimeDuration.sleep(TimeDuration.java:324)
	at org.apache.ratis.util.TimeDuration.sleep(TimeDuration.java:309)
	at org.apache.ratis.server.impl.FollowerState.run(FollowerState.java:118)
2021-11-29 23:22:08,416 [grpc-default-executor-5] INFO  server.RaftServer$Division (RaftServerImpl.java:requestVote(1078)) - 45f86aeb-e384-4aa9-8d84-a9c74618d31d@group-677DDB1507C0 replies to ELECTION vote request: 9eaa9061-0cbd-4a3d-8091-a973303b955e<-45f86aeb-e384-4aa9-8d84-a9c74618d31d#0:FAIL-t7. Peer's state: 45f86aeb-e384-4aa9-8d84-a9c74618d31d@group-677DDB1507C0:t7, leader=null, voted=null, raftlog=45f86aeb-e384-4aa9-8d84-a9c74618d31d@group-677DDB1507C0-SegmentedRaftLog:OPENED:c-1, conf=-1: [9eaa9061-0cbd-4a3d-8091-a973303b955e|rpc:10.1.0.37:35167|dataStream:|priority:0, 45f86aeb-e384-4aa9-8d84-a9c74618d31d|rpc:10.1.0.37:38125|dataStream:|priority:1, 49fe3bb7-2dae-482d-a175-9585c41bacad|rpc:10.1.0.37:39121|dataStream:|priority:0], old=null
2021-11-29 23:22:08,418 [49fe3bb7-2dae-482d-a175-9585c41bacad@group-677DDB1507C0-LeaderElection68] INFO  impl.LeaderElection (LeaderElection.java:logAndReturn(89)) - 49fe3bb7-2dae-482d-a175-9585c41bacad@group-677DDB1507C0-LeaderElection68: ELECTION REJECTED received 2 response(s) and 0 exception(s):
2021-11-29 23:22:08,418 [49fe3bb7-2dae-482d-a175-9585c41bacad@group-677DDB1507C0-LeaderElection68] INFO  impl.LeaderElection (LeaderElection.java:logAndReturn(93)) -   Response 0: 49fe3bb7-2dae-482d-a175-9585c41bacad<-9eaa9061-0cbd-4a3d-8091-a973303b955e#0:FAIL-t7
2021-11-29 23:22:08,418 [49fe3bb7-2dae-482d-a175-9585c41bacad@group-677DDB1507C0-LeaderElection68] INFO  impl.LeaderElection (LeaderElection.java:logAndReturn(93)) -   Response 1: 49fe3bb7-2dae-482d-a175-9585c41bacad<-45f86aeb-e384-4aa9-8d84-a9c74618d31d#0:FAIL-t7
2021-11-29 23:22:08,418 [49fe3bb7-2dae-482d-a175-9585c41bacad@group-677DDB1507C0-LeaderElection68] INFO  impl.LeaderElection (LeaderElection.java:askForVotes(308)) - 49fe3bb7-2dae-482d-a175-9585c41bacad@group-677DDB1507C0-LeaderElection68 ELECTION round 0: result REJECTED
2021-11-29 23:22:08,418 [49fe3bb7-2dae-482d-a175-9585c41bacad@group-677DDB1507C0-LeaderElection68] INFO  server.RaftServer$Division (RaftServerImpl.java:setRole(290)) - 49fe3bb7-2dae-482d-a175-9585c41bacad@group-677DDB1507C0: changes role from CANDIDATE to FOLLOWER at term 7 for REJECTED
2021-11-29 23:22:08,418 [49fe3bb7-2dae-482d-a175-9585c41bacad@group-677DDB1507C0-LeaderElection68] INFO  impl.RoleInfo (RoleInfo.java:shutdownLeaderElection(121)) - 49fe3bb7-2dae-482d-a175-9585c41bacad: shutdown 49fe3bb7-2dae-482d-a175-9585c41bacad@group-677DDB1507C0-LeaderElection68
2021-11-29 23:22:08,418 [49fe3bb7-2dae-482d-a175-9585c41bacad@group-677DDB1507C0-LeaderElection68] INFO  impl.RoleInfo (RoleInfo.java:updateAndGet(130)) - 49fe3bb7-2dae-482d-a175-9585c41bacad: start 49fe3bb7-2dae-482d-a175-9585c41bacad@group-677DDB1507C0-FollowerState
2021-11-29 23:22:08,418 [9eaa9061-0cbd-4a3d-8091-a973303b955e@group-677DDB1507C0-LeaderElection66] INFO  impl.LeaderElection (LeaderElection.java:logAndReturn(89)) - 9eaa9061-0cbd-4a3d-8091-a973303b955e@group-677DDB1507C0-LeaderElection66: ELECTION REJECTED received 2 response(s) and 0 exception(s):
2021-11-29 23:22:08,418 [9eaa9061-0cbd-4a3d-8091-a973303b955e@group-677DDB1507C0-LeaderElection66] INFO  impl.LeaderElection (LeaderElection.java:logAndReturn(93)) -   Response 0: 9eaa9061-0cbd-4a3d-8091-a973303b955e<-45f86aeb-e384-4aa9-8d84-a9c74618d31d#0:FAIL-t7
2021-11-29 23:22:08,418 [9eaa9061-0cbd-4a3d-8091-a973303b955e@group-677DDB1507C0-LeaderElection66] INFO  impl.LeaderElection (LeaderElection.java:logAndReturn(93)) -   Response 1: 9eaa9061-0cbd-4a3d-8091-a973303b955e<-49fe3bb7-2dae-482d-a175-9585c41bacad#0:FAIL-t7
2021-11-29 23:22:08,437 [ReplicationMonitor] INFO  container.ReplicationManager (ReplicationManager.java:processAll(371)) - Replication Monitor Thread took 0 milliseconds for processing 0 containers.
2021-11-29 23:22:08,441 [9eaa9061-0cbd-4a3d-8091-a973303b955e@group-677DDB1507C0-LeaderElection66] INFO  impl.LeaderElection (LeaderElection.java:askForVotes(308)) - 9eaa9061-0cbd-4a3d-8091-a973303b955e@group-677DDB1507C0-LeaderElection66 ELECTION round 0: result REJECTED
2021-11-29 23:22:08,441 [9eaa9061-0cbd-4a3d-8091-a973303b955e@group-677DDB1507C0-LeaderElection66] INFO  server.RaftServer$Division (RaftServerImpl.java:setRole(290)) - 9eaa9061-0cbd-4a3d-8091-a973303b955e@group-677DDB1507C0: changes role from CANDIDATE to FOLLOWER at term 7 for REJECTED
2021-11-29 23:22:08,441 [9eaa9061-0cbd-4a3d-8091-a973303b955e@group-677DDB1507C0-LeaderElection66] INFO  impl.RoleInfo (RoleInfo.java:shutdownLeaderElection(121)) - 9eaa9061-0cbd-4a3d-8091-a973303b955e: shutdown 9eaa9061-0cbd-4a3d-8091-a973303b955e@group-677DDB1507C0-LeaderElection66
2021-11-29 23:22:08,441 [9eaa9061-0cbd-4a3d-8091-a973303b955e@group-677DDB1507C0-LeaderElection66] INFO  impl.RoleInfo (RoleInfo.java:updateAndGet(130)) - 9eaa9061-0cbd-4a3d-8091-a973303b955e: start 9eaa9061-0cbd-4a3d-8091-a973303b955e@group-677DDB1507C0-FollowerState
2021-11-29 23:22:08,701 [Listener at 127.0.0.1/46101] INFO  ozone.MiniOzoneClusterImpl (MiniOzoneClusterImpl.java:lambda$waitForClusterToBeReady$0(235)) - Nodes are ready. Got 4 of 4 DN Heartbeats.
2021-11-29 23:22:08,701 [Listener at 127.0.0.1/46101] INFO  ozone.MiniOzoneClusterImpl (MiniOzoneClusterImpl.java:lambda$waitForClusterToBeReady$0(238)) - Waiting for cluster to exit safe mode
2021-11-29 23:22:08,701 [Listener at 127.0.0.1/46101] INFO  ozone.MiniOzoneClusterImpl (MiniOzoneClusterImpl.java:lambda$waitForClusterToBeReady$0(240)) - SCM became leader
2021-11-29 23:22:09,437 [ReplicationMonitor] INFO  container.ReplicationManager (ReplicationManager.java:processAll(371)) - Replication Monitor Thread took 0 milliseconds for processing 0 containers.
2021-11-29 23:22:09,701 [Listener at 127.0.0.1/46101] INFO  ozone.MiniOzoneClusterImpl (MiniOzoneClusterImpl.java:lambda$waitForClusterToBeReady$0(235)) - Nodes are ready. Got 4 of 4 DN Heartbeats.
2021-11-29 23:22:09,702 [Listener at 127.0.0.1/46101] INFO  ozone.MiniOzoneClusterImpl (MiniOzoneClusterImpl.java:lambda$waitForClusterToBeReady$0(238)) - Waiting for cluster to exit safe mode
2021-11-29 23:22:09,702 [Listener at 127.0.0.1/46101] INFO  ozone.MiniOzoneClusterImpl (MiniOzoneClusterImpl.java:lambda$waitForClusterToBeReady$0(240)) - SCM became leader
2021-11-29 23:22:10,440 [ReplicationMonitor] INFO  container.ReplicationManager (ReplicationManager.java:processAll(371)) - Replication Monitor Thread took 0 milliseconds for processing 0 containers.
2021-11-29 23:22:10,702 [Listener at 127.0.0.1/46101] INFO  ozone.MiniOzoneClusterImpl (MiniOzoneClusterImpl.java:lambda$waitForClusterToBeReady$0(235)) - Nodes are ready. Got 4 of 4 DN Heartbeats.
2021-11-29 23:22:10,702 [Listener at 127.0.0.1/46101] INFO  ozone.MiniOzoneClusterImpl (MiniOzoneClusterImpl.java:lambda$waitForClusterToBeReady$0(238)) - Waiting for cluster to exit safe mode
2021-11-29 23:22:10,702 [Listener at 127.0.0.1/46101] INFO  ozone.MiniOzoneClusterImpl (MiniOzoneClusterImpl.java:lambda$waitForClusterToBeReady$0(240)) - SCM became leader
2021-11-29 23:22:11,440 [ReplicationMonitor] INFO  container.ReplicationManager (ReplicationManager.java:processAll(371)) - Replication Monitor Thread took 0 milliseconds for processing 0 containers.
2021-11-29 23:22:11,702 [Listener at 127.0.0.1/46101] INFO  ozone.MiniOzoneClusterImpl (MiniOzoneClusterImpl.java:lambda$waitForClusterToBeReady$0(235)) - Nodes are ready. Got 4 of 4 DN Heartbeats.
2021-11-29 23:22:11,702 [Listener at 127.0.0.1/46101] INFO  ozone.MiniOzoneClusterImpl (MiniOzoneClusterImpl.java:lambda$waitForClusterToBeReady$0(238)) - Waiting for cluster to exit safe mode
2021-11-29 23:22:11,702 [Listener at 127.0.0.1/46101] INFO  ozone.MiniOzoneClusterImpl (MiniOzoneClusterImpl.java:lambda$waitForClusterToBeReady$0(240)) - SCM became leader
2021-11-29 23:22:12,440 [ReplicationMonitor] INFO  container.ReplicationManager (ReplicationManager.java:processAll(371)) - Replication Monitor Thread took 0 milliseconds for processing 0 containers.
2021-11-29 23:22:12,703 [Listener at 127.0.0.1/46101] INFO  ozone.MiniOzoneClusterImpl (MiniOzoneClusterImpl.java:lambda$waitForClusterToBeReady$0(235)) - Nodes are ready. Got 4 of 4 DN Heartbeats.
2021-11-29 23:22:12,703 [Listener at 127.0.0.1/46101] INFO  ozone.MiniOzoneClusterImpl (MiniOzoneClusterImpl.java:lambda$waitForClusterToBeReady$0(238)) - Waiting for cluster to exit safe mode
2021-11-29 23:22:12,703 [Listener at 127.0.0.1/46101] INFO  ozone.MiniOzoneClusterImpl (MiniOzoneClusterImpl.java:lambda$waitForClusterToBeReady$0(240)) - SCM became leader
2021-11-29 23:22:13,441 [ReplicationMonitor] INFO  container.ReplicationManager (ReplicationManager.java:processAll(371)) - Replication Monitor Thread took 0 milliseconds for processing 0 containers.
2021-11-29 23:22:13,441 [49fe3bb7-2dae-482d-a175-9585c41bacad@group-677DDB1507C0-FollowerState] INFO  impl.FollowerState (FollowerState.java:run(134)) - 49fe3bb7-2dae-482d-a175-9585c41bacad@group-677DDB1507C0-FollowerState: change to CANDIDATE, lastRpcElapsedTime:5022733038ns, electionTimeout:5020ms
2021-11-29 23:22:13,441 [49fe3bb7-2dae-482d-a175-9585c41bacad@group-677DDB1507C0-FollowerState] INFO  impl.RoleInfo (RoleInfo.java:shutdownFollowerState(108)) - 49fe3bb7-2dae-482d-a175-9585c41bacad: shutdown 49fe3bb7-2dae-482d-a175-9585c41bacad@group-677DDB1507C0-FollowerState
2021-11-29 23:22:13,441 [49fe3bb7-2dae-482d-a175-9585c41bacad@group-677DDB1507C0-FollowerState] INFO  server.RaftServer$Division (RaftServerImpl.java:setRole(290)) - 49fe3bb7-2dae-482d-a175-9585c41bacad@group-677DDB1507C0: changes role from  FOLLOWER to CANDIDATE at term 7 for changeToCandidate
2021-11-29 23:22:13,441 [49fe3bb7-2dae-482d-a175-9585c41bacad@group-677DDB1507C0-FollowerState] INFO  server.RaftServerConfigKeys (ConfUtils.java:logGet(44)) - raft.server.leaderelection.pre-vote = false (custom)
2021-11-29 23:22:13,441 [49fe3bb7-2dae-482d-a175-9585c41bacad@group-677DDB1507C0-FollowerState] INFO  impl.RoleInfo (RoleInfo.java:updateAndGet(130)) - 49fe3bb7-2dae-482d-a175-9585c41bacad: start 49fe3bb7-2dae-482d-a175-9585c41bacad@group-677DDB1507C0-LeaderElection69
2021-11-29 23:22:13,479 [9eaa9061-0cbd-4a3d-8091-a973303b955e@group-677DDB1507C0-FollowerState] INFO  impl.FollowerState (FollowerState.java:run(134)) - 9eaa9061-0cbd-4a3d-8091-a973303b955e@group-677DDB1507C0-FollowerState: change to CANDIDATE, lastRpcElapsedTime:5037998478ns, electionTimeout:5030ms
2021-11-29 23:22:13,480 [9eaa9061-0cbd-4a3d-8091-a973303b955e@group-677DDB1507C0-FollowerState] INFO  impl.RoleInfo (RoleInfo.java:shutdownFollowerState(108)) - 9eaa9061-0cbd-4a3d-8091-a973303b955e: shutdown 9eaa9061-0cbd-4a3d-8091-a973303b955e@group-677DDB1507C0-FollowerState
2021-11-29 23:22:13,480 [9eaa9061-0cbd-4a3d-8091-a973303b955e@group-677DDB1507C0-FollowerState] INFO  server.RaftServer$Division (RaftServerImpl.java:setRole(290)) - 9eaa9061-0cbd-4a3d-8091-a973303b955e@group-677DDB1507C0: changes role from  FOLLOWER to CANDIDATE at term 7 for changeToCandidate
2021-11-29 23:22:13,480 [9eaa9061-0cbd-4a3d-8091-a973303b955e@group-677DDB1507C0-FollowerState] INFO  server.RaftServerConfigKeys (ConfUtils.java:logGet(44)) - raft.server.leaderelection.pre-vote = false (custom)
2021-11-29 23:22:13,480 [9eaa9061-0cbd-4a3d-8091-a973303b955e@group-677DDB1507C0-FollowerState] INFO  impl.RoleInfo (RoleInfo.java:updateAndGet(130)) - 9eaa9061-0cbd-4a3d-8091-a973303b955e: start 9eaa9061-0cbd-4a3d-8091-a973303b955e@group-677DDB1507C0-LeaderElection70
2021-11-29 23:22:13,502 [49fe3bb7-2dae-482d-a175-9585c41bacad@group-677DDB1507C0-LeaderElection69] INFO  impl.LeaderElection (LeaderElection.java:askForVotes(306)) - 49fe3bb7-2dae-482d-a175-9585c41bacad@group-677DDB1507C0-LeaderElection69 ELECTION round 0: submit vote requests at term 8 for -1: [9eaa9061-0cbd-4a3d-8091-a973303b955e|rpc:10.1.0.37:35167|dataStream:|priority:0, 45f86aeb-e384-4aa9-8d84-a9c74618d31d|rpc:10.1.0.37:38125|dataStream:|priority:1, 49fe3bb7-2dae-482d-a175-9585c41bacad|rpc:10.1.0.37:39121|dataStream:|priority:0], old=null
2021-11-29 23:22:13,542 [grpc-default-executor-5] INFO  server.RaftServer$Division (RaftServerImpl.java:requestVote(1046)) - 9eaa9061-0cbd-4a3d-8091-a973303b955e@group-677DDB1507C0: receive requestVote(ELECTION, 49fe3bb7-2dae-482d-a175-9585c41bacad, group-677DDB1507C0, 8, (t:0, i:0))
2021-11-29 23:22:13,542 [grpc-default-executor-6] INFO  server.RaftServer$Division (RaftServerImpl.java:requestVote(1046)) - 45f86aeb-e384-4aa9-8d84-a9c74618d31d@group-677DDB1507C0: receive requestVote(ELECTION, 49fe3bb7-2dae-482d-a175-9585c41bacad, group-677DDB1507C0, 8, (t:0, i:0))
2021-11-29 23:22:13,543 [grpc-default-executor-6] INFO  impl.VoteContext (VoteContext.java:log(48)) - 45f86aeb-e384-4aa9-8d84-a9c74618d31d@group-677DDB1507C0-FOLLOWER: reject ELECTION from 49fe3bb7-2dae-482d-a175-9585c41bacad: our priority 1 > candidate's priority 0
2021-11-29 23:22:13,543 [grpc-default-executor-6] INFO  server.RaftServer$Division (RaftServerImpl.java:setRole(290)) - 45f86aeb-e384-4aa9-8d84-a9c74618d31d@group-677DDB1507C0: changes role from  FOLLOWER to FOLLOWER at term 8 for candidate:49fe3bb7-2dae-482d-a175-9585c41bacad
2021-11-29 23:22:13,543 [grpc-default-executor-6] INFO  impl.RoleInfo (RoleInfo.java:shutdownFollowerState(108)) - 45f86aeb-e384-4aa9-8d84-a9c74618d31d: shutdown 45f86aeb-e384-4aa9-8d84-a9c74618d31d@group-677DDB1507C0-FollowerState
2021-11-29 23:22:13,543 [grpc-default-executor-6] INFO  impl.RoleInfo (RoleInfo.java:updateAndGet(130)) - 45f86aeb-e384-4aa9-8d84-a9c74618d31d: start 45f86aeb-e384-4aa9-8d84-a9c74618d31d@group-677DDB1507C0-FollowerState
2021-11-29 23:22:13,543 [45f86aeb-e384-4aa9-8d84-a9c74618d31d@group-677DDB1507C0-FollowerState] INFO  impl.FollowerState (FollowerState.java:run(143)) - 45f86aeb-e384-4aa9-8d84-a9c74618d31d@group-677DDB1507C0-FollowerState was interrupted: {}
java.lang.InterruptedException: sleep interrupted
	at java.lang.Thread.sleep(Native Method)
	at java.lang.Thread.sleep(Thread.java:340)
	at java.util.concurrent.TimeUnit.sleep(TimeUnit.java:386)
	at org.apache.ratis.util.TimeDuration.sleep(TimeDuration.java:324)
	at org.apache.ratis.util.TimeDuration.sleep(TimeDuration.java:309)
	at org.apache.ratis.server.impl.FollowerState.run(FollowerState.java:118)
2021-11-29 23:22:13,543 [9eaa9061-0cbd-4a3d-8091-a973303b955e@group-677DDB1507C0-LeaderElection70] INFO  impl.LeaderElection (LeaderElection.java:askForVotes(306)) - 9eaa9061-0cbd-4a3d-8091-a973303b955e@group-677DDB1507C0-LeaderElection70 ELECTION round 0: submit vote requests at term 8 for -1: [9eaa9061-0cbd-4a3d-8091-a973303b955e|rpc:10.1.0.37:35167|priority:0, 45f86aeb-e384-4aa9-8d84-a9c74618d31d|rpc:10.1.0.37:38125|priority:1, 49fe3bb7-2dae-482d-a175-9585c41bacad|rpc:10.1.0.37:39121|priority:0], old=null
2021-11-29 23:22:13,543 [grpc-default-executor-5] INFO  impl.VoteContext (VoteContext.java:log(48)) - 9eaa9061-0cbd-4a3d-8091-a973303b955e@group-677DDB1507C0-CANDIDATE: reject ELECTION from 49fe3bb7-2dae-482d-a175-9585c41bacad: already has voted for 9eaa9061-0cbd-4a3d-8091-a973303b955e at current term 8
2021-11-29 23:22:13,544 [grpc-default-executor-5] INFO  server.RaftServer$Division (RaftServerImpl.java:requestVote(1078)) - 9eaa9061-0cbd-4a3d-8091-a973303b955e@group-677DDB1507C0 replies to ELECTION vote request: 49fe3bb7-2dae-482d-a175-9585c41bacad<-9eaa9061-0cbd-4a3d-8091-a973303b955e#0:FAIL-t8. Peer's state: 9eaa9061-0cbd-4a3d-8091-a973303b955e@group-677DDB1507C0:t8, leader=null, voted=9eaa9061-0cbd-4a3d-8091-a973303b955e, raftlog=9eaa9061-0cbd-4a3d-8091-a973303b955e@group-677DDB1507C0-SegmentedRaftLog:OPENED:c-1, conf=-1: [9eaa9061-0cbd-4a3d-8091-a973303b955e|rpc:10.1.0.37:35167|priority:0, 45f86aeb-e384-4aa9-8d84-a9c74618d31d|rpc:10.1.0.37:38125|priority:1, 49fe3bb7-2dae-482d-a175-9585c41bacad|rpc:10.1.0.37:39121|priority:0], old=null
2021-11-29 23:22:13,579 [grpc-default-executor-6] INFO  server.RaftServer$Division (RaftServerImpl.java:requestVote(1078)) - 45f86aeb-e384-4aa9-8d84-a9c74618d31d@group-677DDB1507C0 replies to ELECTION vote request: 49fe3bb7-2dae-482d-a175-9585c41bacad<-45f86aeb-e384-4aa9-8d84-a9c74618d31d#0:FAIL-t8. Peer's state: 45f86aeb-e384-4aa9-8d84-a9c74618d31d@group-677DDB1507C0:t8, leader=null, voted=null, raftlog=45f86aeb-e384-4aa9-8d84-a9c74618d31d@group-677DDB1507C0-SegmentedRaftLog:OPENED:c-1, conf=-1: [9eaa9061-0cbd-4a3d-8091-a973303b955e|rpc:10.1.0.37:35167|dataStream:|priority:0, 45f86aeb-e384-4aa9-8d84-a9c74618d31d|rpc:10.1.0.37:38125|dataStream:|priority:1, 49fe3bb7-2dae-482d-a175-9585c41bacad|rpc:10.1.0.37:39121|dataStream:|priority:0], old=null
2021-11-29 23:22:13,608 [grpc-default-executor-6] INFO  server.RaftServer$Division (RaftServerImpl.java:requestVote(1046)) - 49fe3bb7-2dae-482d-a175-9585c41bacad@group-677DDB1507C0: receive requestVote(ELECTION, 9eaa9061-0cbd-4a3d-8091-a973303b955e, group-677DDB1507C0, 8, (t:0, i:0))
2021-11-29 23:22:13,608 [grpc-default-executor-6] INFO  impl.VoteContext (VoteContext.java:log(48)) - 49fe3bb7-2dae-482d-a175-9585c41bacad@group-677DDB1507C0-CANDIDATE: reject ELECTION from 9eaa9061-0cbd-4a3d-8091-a973303b955e: already has voted for 49fe3bb7-2dae-482d-a175-9585c41bacad at current term 8
2021-11-29 23:22:13,608 [grpc-default-executor-6] INFO  server.RaftServer$Division (RaftServerImpl.java:requestVote(1078)) - 49fe3bb7-2dae-482d-a175-9585c41bacad@group-677DDB1507C0 replies to ELECTION vote request: 9eaa9061-0cbd-4a3d-8091-a973303b955e<-49fe3bb7-2dae-482d-a175-9585c41bacad#0:FAIL-t8. Peer's state: 49fe3bb7-2dae-482d-a175-9585c41bacad@group-677DDB1507C0:t8, leader=null, voted=49fe3bb7-2dae-482d-a175-9585c41bacad, raftlog=49fe3bb7-2dae-482d-a175-9585c41bacad@group-677DDB1507C0-SegmentedRaftLog:OPENED:c-1, conf=-1: [9eaa9061-0cbd-4a3d-8091-a973303b955e|rpc:10.1.0.37:35167|dataStream:|priority:0, 45f86aeb-e384-4aa9-8d84-a9c74618d31d|rpc:10.1.0.37:38125|dataStream:|priority:1, 49fe3bb7-2dae-482d-a175-9585c41bacad|rpc:10.1.0.37:39121|dataStream:|priority:0], old=null
2021-11-29 23:22:13,621 [49fe3bb7-2dae-482d-a175-9585c41bacad@group-677DDB1507C0-LeaderElection69] INFO  impl.LeaderElection (LeaderElection.java:logAndReturn(89)) - 49fe3bb7-2dae-482d-a175-9585c41bacad@group-677DDB1507C0-LeaderElection69: ELECTION REJECTED received 2 response(s) and 0 exception(s):
2021-11-29 23:22:13,621 [49fe3bb7-2dae-482d-a175-9585c41bacad@group-677DDB1507C0-LeaderElection69] INFO  impl.LeaderElection (LeaderElection.java:logAndReturn(93)) -   Response 0: 49fe3bb7-2dae-482d-a175-9585c41bacad<-9eaa9061-0cbd-4a3d-8091-a973303b955e#0:FAIL-t8
2021-11-29 23:22:13,621 [49fe3bb7-2dae-482d-a175-9585c41bacad@group-677DDB1507C0-LeaderElection69] INFO  impl.LeaderElection (LeaderElection.java:logAndReturn(93)) -   Response 1: 49fe3bb7-2dae-482d-a175-9585c41bacad<-45f86aeb-e384-4aa9-8d84-a9c74618d31d#0:FAIL-t8
2021-11-29 23:22:13,621 [49fe3bb7-2dae-482d-a175-9585c41bacad@group-677DDB1507C0-LeaderElection69] INFO  impl.LeaderElection (LeaderElection.java:askForVotes(308)) - 49fe3bb7-2dae-482d-a175-9585c41bacad@group-677DDB1507C0-LeaderElection69 ELECTION round 0: result REJECTED
2021-11-29 23:22:13,621 [49fe3bb7-2dae-482d-a175-9585c41bacad@group-677DDB1507C0-LeaderElection69] INFO  server.RaftServer$Division (RaftServerImpl.java:setRole(290)) - 49fe3bb7-2dae-482d-a175-9585c41bacad@group-677DDB1507C0: changes role from CANDIDATE to FOLLOWER at term 8 for REJECTED
2021-11-29 23:22:13,621 [49fe3bb7-2dae-482d-a175-9585c41bacad@group-677DDB1507C0-LeaderElection69] INFO  impl.RoleInfo (RoleInfo.java:shutdownLeaderElection(121)) - 49fe3bb7-2dae-482d-a175-9585c41bacad: shutdown 49fe3bb7-2dae-482d-a175-9585c41bacad@group-677DDB1507C0-LeaderElection69
2021-11-29 23:22:13,622 [49fe3bb7-2dae-482d-a175-9585c41bacad@group-677DDB1507C0-LeaderElection69] INFO  impl.RoleInfo (RoleInfo.java:updateAndGet(130)) - 49fe3bb7-2dae-482d-a175-9585c41bacad: start 49fe3bb7-2dae-482d-a175-9585c41bacad@group-677DDB1507C0-FollowerState
2021-11-29 23:22:13,622 [grpc-default-executor-6] INFO  server.RaftServer$Division (RaftServerImpl.java:requestVote(1046)) - 45f86aeb-e384-4aa9-8d84-a9c74618d31d@group-677DDB1507C0: receive requestVote(ELECTION, 9eaa9061-0cbd-4a3d-8091-a973303b955e, group-677DDB1507C0, 8, (t:0, i:0))
2021-11-29 23:22:13,622 [grpc-default-executor-6] INFO  impl.VoteContext (VoteContext.java:log(48)) - 45f86aeb-e384-4aa9-8d84-a9c74618d31d@group-677DDB1507C0-FOLLOWER: reject ELECTION from 9eaa9061-0cbd-4a3d-8091-a973303b955e: our priority 1 > candidate's priority 0
2021-11-29 23:22:13,622 [grpc-default-executor-6] INFO  server.RaftServer$Division (RaftServerImpl.java:setRole(290)) - 45f86aeb-e384-4aa9-8d84-a9c74618d31d@group-677DDB1507C0: changes role from  FOLLOWER to FOLLOWER at term 8 for candidate:9eaa9061-0cbd-4a3d-8091-a973303b955e
2021-11-29 23:22:13,622 [grpc-default-executor-6] INFO  impl.RoleInfo (RoleInfo.java:shutdownFollowerState(108)) - 45f86aeb-e384-4aa9-8d84-a9c74618d31d: shutdown 45f86aeb-e384-4aa9-8d84-a9c74618d31d@group-677DDB1507C0-FollowerState
2021-11-29 23:22:13,643 [grpc-default-executor-6] INFO  impl.RoleInfo (RoleInfo.java:updateAndGet(130)) - 45f86aeb-e384-4aa9-8d84-a9c74618d31d: start 45f86aeb-e384-4aa9-8d84-a9c74618d31d@group-677DDB1507C0-FollowerState
2021-11-29 23:22:13,649 [grpc-default-executor-6] INFO  server.RaftServer$Division (RaftServerImpl.java:requestVote(1078)) - 45f86aeb-e384-4aa9-8d84-a9c74618d31d@group-677DDB1507C0 replies to ELECTION vote request: 9eaa9061-0cbd-4a3d-8091-a973303b955e<-45f86aeb-e384-4aa9-8d84-a9c74618d31d#0:FAIL-t8. Peer's state: 45f86aeb-e384-4aa9-8d84-a9c74618d31d@group-677DDB1507C0:t8, leader=null, voted=null, raftlog=45f86aeb-e384-4aa9-8d84-a9c74618d31d@group-677DDB1507C0-SegmentedRaftLog:OPENED:c-1, conf=-1: [9eaa9061-0cbd-4a3d-8091-a973303b955e|rpc:10.1.0.37:35167|dataStream:|priority:0, 45f86aeb-e384-4aa9-8d84-a9c74618d31d|rpc:10.1.0.37:38125|dataStream:|priority:1, 49fe3bb7-2dae-482d-a175-9585c41bacad|rpc:10.1.0.37:39121|dataStream:|priority:0], old=null
2021-11-29 23:22:13,650 [9eaa9061-0cbd-4a3d-8091-a973303b955e@group-677DDB1507C0-LeaderElection70] INFO  impl.LeaderElection (LeaderElection.java:logAndReturn(89)) - 9eaa9061-0cbd-4a3d-8091-a973303b955e@group-677DDB1507C0-LeaderElection70: ELECTION REJECTED received 2 response(s) and 0 exception(s):
2021-11-29 23:22:13,650 [9eaa9061-0cbd-4a3d-8091-a973303b955e@group-677DDB1507C0-LeaderElection70] INFO  impl.LeaderElection (LeaderElection.java:logAndReturn(93)) -   Response 0: 9eaa9061-0cbd-4a3d-8091-a973303b955e<-45f86aeb-e384-4aa9-8d84-a9c74618d31d#0:FAIL-t8
2021-11-29 23:22:13,650 [9eaa9061-0cbd-4a3d-8091-a973303b955e@group-677DDB1507C0-LeaderElection70] INFO  impl.LeaderElection (LeaderElection.java:logAndReturn(93)) -   Response 1: 9eaa9061-0cbd-4a3d-8091-a973303b955e<-49fe3bb7-2dae-482d-a175-9585c41bacad#0:FAIL-t8
2021-11-29 23:22:13,650 [9eaa9061-0cbd-4a3d-8091-a973303b955e@group-677DDB1507C0-LeaderElection70] INFO  impl.LeaderElection (LeaderElection.java:askForVotes(308)) - 9eaa9061-0cbd-4a3d-8091-a973303b955e@group-677DDB1507C0-LeaderElection70 ELECTION round 0: result REJECTED
2021-11-29 23:22:13,650 [9eaa9061-0cbd-4a3d-8091-a973303b955e@group-677DDB1507C0-LeaderElection70] INFO  server.RaftServer$Division (RaftServerImpl.java:setRole(290)) - 9eaa9061-0cbd-4a3d-8091-a973303b955e@group-677DDB1507C0: changes role from CANDIDATE to FOLLOWER at term 8 for REJECTED
2021-11-29 23:22:13,650 [9eaa9061-0cbd-4a3d-8091-a973303b955e@group-677DDB1507C0-LeaderElection70] INFO  impl.RoleInfo (RoleInfo.java:shutdownLeaderElection(121)) - 9eaa9061-0cbd-4a3d-8091-a973303b955e: shutdown 9eaa9061-0cbd-4a3d-8091-a973303b955e@group-677DDB1507C0-LeaderElection70
2021-11-29 23:22:13,650 [9eaa9061-0cbd-4a3d-8091-a973303b955e@group-677DDB1507C0-LeaderElection70] INFO  impl.RoleInfo (RoleInfo.java:updateAndGet(130)) - 9eaa9061-0cbd-4a3d-8091-a973303b955e: start 9eaa9061-0cbd-4a3d-8091-a973303b955e@group-677DDB1507C0-FollowerState
2021-11-29 23:22:13,651 [45f86aeb-e384-4aa9-8d84-a9c74618d31d@group-677DDB1507C0-FollowerState] INFO  impl.FollowerState (FollowerState.java:run(143)) - 45f86aeb-e384-4aa9-8d84-a9c74618d31d@group-677DDB1507C0-FollowerState was interrupted: {}
java.lang.InterruptedException: sleep interrupted
	at java.lang.Thread.sleep(Native Method)
	at java.lang.Thread.sleep(Thread.java:340)
	at java.util.concurrent.TimeUnit.sleep(TimeUnit.java:386)
	at org.apache.ratis.util.TimeDuration.sleep(TimeDuration.java:324)
	at org.apache.ratis.util.TimeDuration.sleep(TimeDuration.java:309)
	at org.apache.ratis.server.impl.FollowerState.run(FollowerState.java:118)
2021-11-29 23:22:13,703 [Listener at 127.0.0.1/46101] INFO  ozone.MiniOzoneClusterImpl (MiniOzoneClusterImpl.java:lambda$waitForClusterToBeReady$0(235)) - Nodes are ready. Got 4 of 4 DN Heartbeats.
2021-11-29 23:22:13,703 [Listener at 127.0.0.1/46101] INFO  ozone.MiniOzoneClusterImpl (MiniOzoneClusterImpl.java:lambda$waitForClusterToBeReady$0(238)) - Waiting for cluster to exit safe mode
2021-11-29 23:22:13,703 [Listener at 127.0.0.1/46101] INFO  ozone.MiniOzoneClusterImpl (MiniOzoneClusterImpl.java:lambda$waitForClusterToBeReady$0(240)) - SCM became leader
2021-11-29 23:22:14,441 [ReplicationMonitor] INFO  container.ReplicationManager (ReplicationManager.java:processAll(371)) - Replication Monitor Thread took 0 milliseconds for processing 0 containers.
2021-11-29 23:22:14,703 [Listener at 127.0.0.1/46101] INFO  ozone.MiniOzoneClusterImpl (MiniOzoneClusterImpl.java:lambda$waitForClusterToBeReady$0(235)) - Nodes are ready. Got 4 of 4 DN Heartbeats.
2021-11-29 23:22:14,704 [Listener at 127.0.0.1/46101] INFO  ozone.MiniOzoneClusterImpl (MiniOzoneClusterImpl.java:lambda$waitForClusterToBeReady$0(238)) - Waiting for cluster to exit safe mode
2021-11-29 23:22:14,704 [Listener at 127.0.0.1/46101] INFO  ozone.MiniOzoneClusterImpl (MiniOzoneClusterImpl.java:lambda$waitForClusterToBeReady$0(240)) - SCM became leader
2021-11-29 23:22:15,441 [ReplicationMonitor] INFO  container.ReplicationManager (ReplicationManager.java:processAll(371)) - Replication Monitor Thread took 0 milliseconds for processing 0 containers.
2021-11-29 23:22:15,704 [Listener at 127.0.0.1/46101] INFO  ozone.MiniOzoneClusterImpl (MiniOzoneClusterImpl.java:lambda$waitForClusterToBeReady$0(235)) - Nodes are ready. Got 4 of 4 DN Heartbeats.
2021-11-29 23:22:15,704 [Listener at 127.0.0.1/46101] INFO  ozone.MiniOzoneClusterImpl (MiniOzoneClusterImpl.java:lambda$waitForClusterToBeReady$0(238)) - Waiting for cluster to exit safe mode
2021-11-29 23:22:15,704 [Listener at 127.0.0.1/46101] INFO  ozone.MiniOzoneClusterImpl (MiniOzoneClusterImpl.java:lambda$waitForClusterToBeReady$0(240)) - SCM became leader
2021-11-29 23:22:16,441 [ReplicationMonitor] INFO  container.ReplicationManager (ReplicationManager.java:processAll(371)) - Replication Monitor Thread took 1 milliseconds for processing 0 containers.
2021-11-29 23:22:16,704 [Listener at 127.0.0.1/46101] INFO  ozone.MiniOzoneClusterImpl (MiniOzoneClusterImpl.java:lambda$waitForClusterToBeReady$0(235)) - Nodes are ready. Got 4 of 4 DN Heartbeats.
2021-11-29 23:22:16,704 [Listener at 127.0.0.1/46101] INFO  ozone.MiniOzoneClusterImpl (MiniOzoneClusterImpl.java:lambda$waitForClusterToBeReady$0(238)) - Waiting for cluster to exit safe mode
2021-11-29 23:22:16,704 [Listener at 127.0.0.1/46101] INFO  ozone.MiniOzoneClusterImpl (MiniOzoneClusterImpl.java:lambda$waitForClusterToBeReady$0(240)) - SCM became leader
2021-11-29 23:22:17,445 [ReplicationMonitor] INFO  container.ReplicationManager (ReplicationManager.java:processAll(371)) - Replication Monitor Thread took 0 milliseconds for processing 0 containers.
2021-11-29 23:22:17,705 [Listener at 127.0.0.1/46101] INFO  ozone.MiniOzoneClusterImpl (MiniOzoneClusterImpl.java:lambda$waitForClusterToBeReady$0(235)) - Nodes are ready. Got 4 of 4 DN Heartbeats.
2021-11-29 23:22:17,705 [Listener at 127.0.0.1/46101] INFO  ozone.MiniOzoneClusterImpl (MiniOzoneClusterImpl.java:lambda$waitForClusterToBeReady$0(238)) - Waiting for cluster to exit safe mode
2021-11-29 23:22:17,705 [Listener at 127.0.0.1/46101] INFO  ozone.MiniOzoneClusterImpl (MiniOzoneClusterImpl.java:lambda$waitForClusterToBeReady$0(240)) - SCM became leader
2021-11-29 23:22:18,449 [ReplicationMonitor] INFO  container.ReplicationManager (ReplicationManager.java:processAll(371)) - Replication Monitor Thread took 0 milliseconds for processing 0 containers.
2021-11-29 23:22:18,658 [49fe3bb7-2dae-482d-a175-9585c41bacad@group-677DDB1507C0-FollowerState] INFO  impl.FollowerState (FollowerState.java:run(134)) - 49fe3bb7-2dae-482d-a175-9585c41bacad@group-677DDB1507C0-FollowerState: change to CANDIDATE, lastRpcElapsedTime:5036210737ns, electionTimeout:5014ms
2021-11-29 23:22:18,658 [49fe3bb7-2dae-482d-a175-9585c41bacad@group-677DDB1507C0-FollowerState] INFO  impl.RoleInfo (RoleInfo.java:shutdownFollowerState(108)) - 49fe3bb7-2dae-482d-a175-9585c41bacad: shutdown 49fe3bb7-2dae-482d-a175-9585c41bacad@group-677DDB1507C0-FollowerState
2021-11-29 23:22:18,658 [49fe3bb7-2dae-482d-a175-9585c41bacad@group-677DDB1507C0-FollowerState] INFO  server.RaftServer$Division (RaftServerImpl.java:setRole(290)) - 49fe3bb7-2dae-482d-a175-9585c41bacad@group-677DDB1507C0: changes role from  FOLLOWER to CANDIDATE at term 8 for changeToCandidate
2021-11-29 23:22:18,658 [49fe3bb7-2dae-482d-a175-9585c41bacad@group-677DDB1507C0-FollowerState] INFO  server.RaftServerConfigKeys (ConfUtils.java:logGet(44)) - raft.server.leaderelection.pre-vote = false (custom)
2021-11-29 23:22:18,658 [49fe3bb7-2dae-482d-a175-9585c41bacad@group-677DDB1507C0-FollowerState] INFO  impl.RoleInfo (RoleInfo.java:updateAndGet(130)) - 49fe3bb7-2dae-482d-a175-9585c41bacad: start 49fe3bb7-2dae-482d-a175-9585c41bacad@group-677DDB1507C0-LeaderElection71
2021-11-29 23:22:18,707 [9eaa9061-0cbd-4a3d-8091-a973303b955e@group-677DDB1507C0-FollowerState] INFO  impl.FollowerState (FollowerState.java:run(134)) - 9eaa9061-0cbd-4a3d-8091-a973303b955e@group-677DDB1507C0-FollowerState: change to CANDIDATE, lastRpcElapsedTime:5057396571ns, electionTimeout:5057ms
2021-11-29 23:22:18,707 [9eaa9061-0cbd-4a3d-8091-a973303b955e@group-677DDB1507C0-FollowerState] INFO  impl.RoleInfo (RoleInfo.java:shutdownFollowerState(108)) - 9eaa9061-0cbd-4a3d-8091-a973303b955e: shutdown 9eaa9061-0cbd-4a3d-8091-a973303b955e@group-677DDB1507C0-FollowerState
2021-11-29 23:22:18,707 [9eaa9061-0cbd-4a3d-8091-a973303b955e@group-677DDB1507C0-FollowerState] INFO  server.RaftServer$Division (RaftServerImpl.java:setRole(290)) - 9eaa9061-0cbd-4a3d-8091-a973303b955e@group-677DDB1507C0: changes role from  FOLLOWER to CANDIDATE at term 8 for changeToCandidate
2021-11-29 23:22:18,707 [9eaa9061-0cbd-4a3d-8091-a973303b955e@group-677DDB1507C0-FollowerState] INFO  server.RaftServerConfigKeys (ConfUtils.java:logGet(44)) - raft.server.leaderelection.pre-vote = false (custom)
2021-11-29 23:22:18,707 [9eaa9061-0cbd-4a3d-8091-a973303b955e@group-677DDB1507C0-FollowerState] INFO  impl.RoleInfo (RoleInfo.java:updateAndGet(130)) - 9eaa9061-0cbd-4a3d-8091-a973303b955e: start 9eaa9061-0cbd-4a3d-8091-a973303b955e@group-677DDB1507C0-LeaderElection72
2021-11-29 23:22:18,708 [Listener at 127.0.0.1/46101] INFO  ozone.MiniOzoneClusterImpl (MiniOzoneClusterImpl.java:lambda$waitForClusterToBeReady$0(235)) - Nodes are ready. Got 4 of 4 DN Heartbeats.
2021-11-29 23:22:18,708 [Listener at 127.0.0.1/46101] INFO  ozone.MiniOzoneClusterImpl (MiniOzoneClusterImpl.java:lambda$waitForClusterToBeReady$0(238)) - Waiting for cluster to exit safe mode
2021-11-29 23:22:18,708 [Listener at 127.0.0.1/46101] INFO  ozone.MiniOzoneClusterImpl (MiniOzoneClusterImpl.java:lambda$waitForClusterToBeReady$0(240)) - SCM became leader
2021-11-29 23:22:18,747 [49fe3bb7-2dae-482d-a175-9585c41bacad@group-677DDB1507C0-LeaderElection71] INFO  impl.LeaderElection (LeaderElection.java:askForVotes(306)) - 49fe3bb7-2dae-482d-a175-9585c41bacad@group-677DDB1507C0-LeaderElection71 ELECTION round 0: submit vote requests at term 9 for -1: [9eaa9061-0cbd-4a3d-8091-a973303b955e|rpc:10.1.0.37:35167|dataStream:|priority:0, 45f86aeb-e384-4aa9-8d84-a9c74618d31d|rpc:10.1.0.37:38125|dataStream:|priority:1, 49fe3bb7-2dae-482d-a175-9585c41bacad|rpc:10.1.0.37:39121|dataStream:|priority:0], old=null
2021-11-29 23:22:18,753 [9eaa9061-0cbd-4a3d-8091-a973303b955e@group-677DDB1507C0-LeaderElection72] INFO  impl.LeaderElection (LeaderElection.java:askForVotes(306)) - 9eaa9061-0cbd-4a3d-8091-a973303b955e@group-677DDB1507C0-LeaderElection72 ELECTION round 0: submit vote requests at term 9 for -1: [9eaa9061-0cbd-4a3d-8091-a973303b955e|rpc:10.1.0.37:35167|priority:0, 45f86aeb-e384-4aa9-8d84-a9c74618d31d|rpc:10.1.0.37:38125|priority:1, 49fe3bb7-2dae-482d-a175-9585c41bacad|rpc:10.1.0.37:39121|priority:0], old=null
2021-11-29 23:22:18,758 [grpc-default-executor-6] INFO  server.RaftServer$Division (RaftServerImpl.java:requestVote(1046)) - 9eaa9061-0cbd-4a3d-8091-a973303b955e@group-677DDB1507C0: receive requestVote(ELECTION, 49fe3bb7-2dae-482d-a175-9585c41bacad, group-677DDB1507C0, 9, (t:0, i:0))
2021-11-29 23:22:18,758 [grpc-default-executor-6] INFO  impl.VoteContext (VoteContext.java:log(48)) - 9eaa9061-0cbd-4a3d-8091-a973303b955e@group-677DDB1507C0-CANDIDATE: reject ELECTION from 49fe3bb7-2dae-482d-a175-9585c41bacad: already has voted for 9eaa9061-0cbd-4a3d-8091-a973303b955e at current term 9
2021-11-29 23:22:18,758 [grpc-default-executor-6] INFO  server.RaftServer$Division (RaftServerImpl.java:requestVote(1078)) - 9eaa9061-0cbd-4a3d-8091-a973303b955e@group-677DDB1507C0 replies to ELECTION vote request: 49fe3bb7-2dae-482d-a175-9585c41bacad<-9eaa9061-0cbd-4a3d-8091-a973303b955e#0:FAIL-t9. Peer's state: 9eaa9061-0cbd-4a3d-8091-a973303b955e@group-677DDB1507C0:t9, leader=null, voted=9eaa9061-0cbd-4a3d-8091-a973303b955e, raftlog=9eaa9061-0cbd-4a3d-8091-a973303b955e@group-677DDB1507C0-SegmentedRaftLog:OPENED:c-1, conf=-1: [9eaa9061-0cbd-4a3d-8091-a973303b955e|rpc:10.1.0.37:35167|priority:0, 45f86aeb-e384-4aa9-8d84-a9c74618d31d|rpc:10.1.0.37:38125|priority:1, 49fe3bb7-2dae-482d-a175-9585c41bacad|rpc:10.1.0.37:39121|priority:0], old=null
2021-11-29 23:22:18,801 [grpc-default-executor-6] INFO  server.RaftServer$Division (RaftServerImpl.java:requestVote(1046)) - 45f86aeb-e384-4aa9-8d84-a9c74618d31d@group-677DDB1507C0: receive requestVote(ELECTION, 9eaa9061-0cbd-4a3d-8091-a973303b955e, group-677DDB1507C0, 9, (t:0, i:0))
2021-11-29 23:22:18,801 [grpc-default-executor-6] INFO  impl.VoteContext (VoteContext.java:log(48)) - 45f86aeb-e384-4aa9-8d84-a9c74618d31d@group-677DDB1507C0-FOLLOWER: reject ELECTION from 9eaa9061-0cbd-4a3d-8091-a973303b955e: our priority 1 > candidate's priority 0
2021-11-29 23:22:18,801 [grpc-default-executor-6] INFO  server.RaftServer$Division (RaftServerImpl.java:setRole(290)) - 45f86aeb-e384-4aa9-8d84-a9c74618d31d@group-677DDB1507C0: changes role from  FOLLOWER to FOLLOWER at term 9 for candidate:9eaa9061-0cbd-4a3d-8091-a973303b955e
2021-11-29 23:22:18,801 [grpc-default-executor-6] INFO  impl.RoleInfo (RoleInfo.java:shutdownFollowerState(108)) - 45f86aeb-e384-4aa9-8d84-a9c74618d31d: shutdown 45f86aeb-e384-4aa9-8d84-a9c74618d31d@group-677DDB1507C0-FollowerState
2021-11-29 23:22:18,809 [45f86aeb-e384-4aa9-8d84-a9c74618d31d@group-677DDB1507C0-FollowerState] INFO  impl.FollowerState (FollowerState.java:run(127)) - 45f86aeb-e384-4aa9-8d84-a9c74618d31d@group-677DDB1507C0-FollowerState: Stopping now (isRunning? false, isFollower? true)
2021-11-29 23:22:18,809 [grpc-default-executor-5] INFO  server.RaftServer$Division (RaftServerImpl.java:requestVote(1046)) - 49fe3bb7-2dae-482d-a175-9585c41bacad@group-677DDB1507C0: receive requestVote(ELECTION, 9eaa9061-0cbd-4a3d-8091-a973303b955e, group-677DDB1507C0, 9, (t:0, i:0))
2021-11-29 23:22:18,810 [grpc-default-executor-5] INFO  impl.VoteContext (VoteContext.java:log(48)) - 49fe3bb7-2dae-482d-a175-9585c41bacad@group-677DDB1507C0-CANDIDATE: reject ELECTION from 9eaa9061-0cbd-4a3d-8091-a973303b955e: already has voted for 49fe3bb7-2dae-482d-a175-9585c41bacad at current term 9
2021-11-29 23:22:18,810 [grpc-default-executor-5] INFO  server.RaftServer$Division (RaftServerImpl.java:requestVote(1078)) - 49fe3bb7-2dae-482d-a175-9585c41bacad@group-677DDB1507C0 replies to ELECTION vote request: 9eaa9061-0cbd-4a3d-8091-a973303b955e<-49fe3bb7-2dae-482d-a175-9585c41bacad#0:FAIL-t9. Peer's state: 49fe3bb7-2dae-482d-a175-9585c41bacad@group-677DDB1507C0:t9, leader=null, voted=49fe3bb7-2dae-482d-a175-9585c41bacad, raftlog=49fe3bb7-2dae-482d-a175-9585c41bacad@group-677DDB1507C0-SegmentedRaftLog:OPENED:c-1, conf=-1: [9eaa9061-0cbd-4a3d-8091-a973303b955e|rpc:10.1.0.37:35167|dataStream:|priority:0, 45f86aeb-e384-4aa9-8d84-a9c74618d31d|rpc:10.1.0.37:38125|dataStream:|priority:1, 49fe3bb7-2dae-482d-a175-9585c41bacad|rpc:10.1.0.37:39121|dataStream:|priority:0], old=null
2021-11-29 23:22:18,810 [grpc-default-executor-6] INFO  impl.RoleInfo (RoleInfo.java:updateAndGet(130)) - 45f86aeb-e384-4aa9-8d84-a9c74618d31d: start 45f86aeb-e384-4aa9-8d84-a9c74618d31d@group-677DDB1507C0-FollowerState
2021-11-29 23:22:18,811 [grpc-default-executor-5] INFO  server.RaftServer$Division (RaftServerImpl.java:requestVote(1046)) - 45f86aeb-e384-4aa9-8d84-a9c74618d31d@group-677DDB1507C0: receive requestVote(ELECTION, 49fe3bb7-2dae-482d-a175-9585c41bacad, group-677DDB1507C0, 9, (t:0, i:0))
2021-11-29 23:22:18,886 [grpc-default-executor-6] INFO  server.RaftServer$Division (RaftServerImpl.java:requestVote(1078)) - 45f86aeb-e384-4aa9-8d84-a9c74618d31d@group-677DDB1507C0 replies to ELECTION vote request: 9eaa9061-0cbd-4a3d-8091-a973303b955e<-45f86aeb-e384-4aa9-8d84-a9c74618d31d#0:FAIL-t9. Peer's state: 45f86aeb-e384-4aa9-8d84-a9c74618d31d@group-677DDB1507C0:t9, leader=null, voted=null, raftlog=45f86aeb-e384-4aa9-8d84-a9c74618d31d@group-677DDB1507C0-SegmentedRaftLog:OPENED:c-1, conf=-1: [9eaa9061-0cbd-4a3d-8091-a973303b955e|rpc:10.1.0.37:35167|dataStream:|priority:0, 45f86aeb-e384-4aa9-8d84-a9c74618d31d|rpc:10.1.0.37:38125|dataStream:|priority:1, 49fe3bb7-2dae-482d-a175-9585c41bacad|rpc:10.1.0.37:39121|dataStream:|priority:0], old=null
2021-11-29 23:22:18,886 [grpc-default-executor-5] INFO  impl.VoteContext (VoteContext.java:log(48)) - 45f86aeb-e384-4aa9-8d84-a9c74618d31d@group-677DDB1507C0-FOLLOWER: reject ELECTION from 49fe3bb7-2dae-482d-a175-9585c41bacad: our priority 1 > candidate's priority 0
2021-11-29 23:22:18,886 [grpc-default-executor-5] INFO  server.RaftServer$Division (RaftServerImpl.java:setRole(290)) - 45f86aeb-e384-4aa9-8d84-a9c74618d31d@group-677DDB1507C0: changes role from  FOLLOWER to FOLLOWER at term 9 for candidate:49fe3bb7-2dae-482d-a175-9585c41bacad
2021-11-29 23:22:18,886 [grpc-default-executor-5] INFO  impl.RoleInfo (RoleInfo.java:shutdownFollowerState(108)) - 45f86aeb-e384-4aa9-8d84-a9c74618d31d: shutdown 45f86aeb-e384-4aa9-8d84-a9c74618d31d@group-677DDB1507C0-FollowerState
2021-11-29 23:22:18,886 [grpc-default-executor-5] INFO  impl.RoleInfo (RoleInfo.java:updateAndGet(130)) - 45f86aeb-e384-4aa9-8d84-a9c74618d31d: start 45f86aeb-e384-4aa9-8d84-a9c74618d31d@group-677DDB1507C0-FollowerState
2021-11-29 23:22:18,909 [grpc-default-executor-5] INFO  server.RaftServer$Division (RaftServerImpl.java:requestVote(1078)) - 45f86aeb-e384-4aa9-8d84-a9c74618d31d@group-677DDB1507C0 replies to ELECTION vote request: 49fe3bb7-2dae-482d-a175-9585c41bacad<-45f86aeb-e384-4aa9-8d84-a9c74618d31d#0:FAIL-t9. Peer's state: 45f86aeb-e384-4aa9-8d84-a9c74618d31d@group-677DDB1507C0:t9, leader=null, voted=null, raftlog=45f86aeb-e384-4aa9-8d84-a9c74618d31d@group-677DDB1507C0-SegmentedRaftLog:OPENED:c-1, conf=-1: [9eaa9061-0cbd-4a3d-8091-a973303b955e|rpc:10.1.0.37:35167|dataStream:|priority:0, 45f86aeb-e384-4aa9-8d84-a9c74618d31d|rpc:10.1.0.37:38125|dataStream:|priority:1, 49fe3bb7-2dae-482d-a175-9585c41bacad|rpc:10.1.0.37:39121|dataStream:|priority:0], old=null
2021-11-29 23:22:18,912 [49fe3bb7-2dae-482d-a175-9585c41bacad@group-677DDB1507C0-LeaderElection71] INFO  impl.LeaderElection (LeaderElection.java:logAndReturn(89)) - 49fe3bb7-2dae-482d-a175-9585c41bacad@group-677DDB1507C0-LeaderElection71: ELECTION REJECTED received 2 response(s) and 0 exception(s):
2021-11-29 23:22:18,912 [49fe3bb7-2dae-482d-a175-9585c41bacad@group-677DDB1507C0-LeaderElection71] INFO  impl.LeaderElection (LeaderElection.java:logAndReturn(93)) -   Response 0: 49fe3bb7-2dae-482d-a175-9585c41bacad<-9eaa9061-0cbd-4a3d-8091-a973303b955e#0:FAIL-t9
2021-11-29 23:22:18,912 [49fe3bb7-2dae-482d-a175-9585c41bacad@group-677DDB1507C0-LeaderElection71] INFO  impl.LeaderElection (LeaderElection.java:logAndReturn(93)) -   Response 1: 49fe3bb7-2dae-482d-a175-9585c41bacad<-45f86aeb-e384-4aa9-8d84-a9c74618d31d#0:FAIL-t9
2021-11-29 23:22:18,912 [49fe3bb7-2dae-482d-a175-9585c41bacad@group-677DDB1507C0-LeaderElection71] INFO  impl.LeaderElection (LeaderElection.java:askForVotes(308)) - 49fe3bb7-2dae-482d-a175-9585c41bacad@group-677DDB1507C0-LeaderElection71 ELECTION round 0: result REJECTED
2021-11-29 23:22:18,912 [49fe3bb7-2dae-482d-a175-9585c41bacad@group-677DDB1507C0-LeaderElection71] INFO  server.RaftServer$Division (RaftServerImpl.java:setRole(290)) - 49fe3bb7-2dae-482d-a175-9585c41bacad@group-677DDB1507C0: changes role from CANDIDATE to FOLLOWER at term 9 for REJECTED
2021-11-29 23:22:18,912 [49fe3bb7-2dae-482d-a175-9585c41bacad@group-677DDB1507C0-LeaderElection71] INFO  impl.RoleInfo (RoleInfo.java:shutdownLeaderElection(121)) - 49fe3bb7-2dae-482d-a175-9585c41bacad: shutdown 49fe3bb7-2dae-482d-a175-9585c41bacad@group-677DDB1507C0-LeaderElection71
2021-11-29 23:22:18,912 [49fe3bb7-2dae-482d-a175-9585c41bacad@group-677DDB1507C0-LeaderElection71] INFO  impl.RoleInfo (RoleInfo.java:updateAndGet(130)) - 49fe3bb7-2dae-482d-a175-9585c41bacad: start 49fe3bb7-2dae-482d-a175-9585c41bacad@group-677DDB1507C0-FollowerState
2021-11-29 23:22:18,937 [9eaa9061-0cbd-4a3d-8091-a973303b955e@group-677DDB1507C0-LeaderElection72] INFO  impl.LeaderElection (LeaderElection.java:logAndReturn(89)) - 9eaa9061-0cbd-4a3d-8091-a973303b955e@group-677DDB1507C0-LeaderElection72: ELECTION REJECTED received 2 response(s) and 0 exception(s):
2021-11-29 23:22:18,937 [9eaa9061-0cbd-4a3d-8091-a973303b955e@group-677DDB1507C0-LeaderElection72] INFO  impl.LeaderElection (LeaderElection.java:logAndReturn(93)) -   Response 0: 9eaa9061-0cbd-4a3d-8091-a973303b955e<-45f86aeb-e384-4aa9-8d84-a9c74618d31d#0:FAIL-t9
2021-11-29 23:22:18,937 [9eaa9061-0cbd-4a3d-8091-a973303b955e@group-677DDB1507C0-LeaderElection72] INFO  impl.LeaderElection (LeaderElection.java:logAndReturn(93)) -   Response 1: 9eaa9061-0cbd-4a3d-8091-a973303b955e<-49fe3bb7-2dae-482d-a175-9585c41bacad#0:FAIL-t9
2021-11-29 23:22:18,937 [9eaa9061-0cbd-4a3d-8091-a973303b955e@group-677DDB1507C0-LeaderElection72] INFO  impl.LeaderElection (LeaderElection.java:askForVotes(308)) - 9eaa9061-0cbd-4a3d-8091-a973303b955e@group-677DDB1507C0-LeaderElection72 ELECTION round 0: result REJECTED
2021-11-29 23:22:18,937 [9eaa9061-0cbd-4a3d-8091-a973303b955e@group-677DDB1507C0-LeaderElection72] INFO  server.RaftServer$Division (RaftServerImpl.java:setRole(290)) - 9eaa9061-0cbd-4a3d-8091-a973303b955e@group-677DDB1507C0: changes role from CANDIDATE to FOLLOWER at term 9 for REJECTED
2021-11-29 23:22:18,937 [9eaa9061-0cbd-4a3d-8091-a973303b955e@group-677DDB1507C0-LeaderElection72] INFO  impl.RoleInfo (RoleInfo.java:shutdownLeaderElection(121)) - 9eaa9061-0cbd-4a3d-8091-a973303b955e: shutdown 9eaa9061-0cbd-4a3d-8091-a973303b955e@group-677DDB1507C0-LeaderElection72
2021-11-29 23:22:18,938 [9eaa9061-0cbd-4a3d-8091-a973303b955e@group-677DDB1507C0-LeaderElection72] INFO  impl.RoleInfo (RoleInfo.java:updateAndGet(130)) - 9eaa9061-0cbd-4a3d-8091-a973303b955e: start 9eaa9061-0cbd-4a3d-8091-a973303b955e@group-677DDB1507C0-FollowerState
2021-11-29 23:22:19,449 [ReplicationMonitor] INFO  container.ReplicationManager (ReplicationManager.java:processAll(371)) - Replication Monitor Thread took 0 milliseconds for processing 0 containers.
2021-11-29 23:22:19,708 [Listener at 127.0.0.1/46101] INFO  ozone.MiniOzoneClusterImpl (MiniOzoneClusterImpl.java:lambda$waitForClusterToBeReady$0(235)) - Nodes are ready. Got 4 of 4 DN Heartbeats.
2021-11-29 23:22:19,708 [Listener at 127.0.0.1/46101] INFO  ozone.MiniOzoneClusterImpl (MiniOzoneClusterImpl.java:lambda$waitForClusterToBeReady$0(238)) - Waiting for cluster to exit safe mode
2021-11-29 23:22:19,708 [Listener at 127.0.0.1/46101] INFO  ozone.MiniOzoneClusterImpl (MiniOzoneClusterImpl.java:lambda$waitForClusterToBeReady$0(240)) - SCM became leader
2021-11-29 23:22:20,453 [ReplicationMonitor] INFO  container.ReplicationManager (ReplicationManager.java:processAll(371)) - Replication Monitor Thread took 0 milliseconds for processing 0 containers.
2021-11-29 23:22:20,708 [Listener at 127.0.0.1/46101] INFO  ozone.MiniOzoneClusterImpl (MiniOzoneClusterImpl.java:lambda$waitForClusterToBeReady$0(235)) - Nodes are ready. Got 4 of 4 DN Heartbeats.
2021-11-29 23:22:20,709 [Listener at 127.0.0.1/46101] INFO  ozone.MiniOzoneClusterImpl (MiniOzoneClusterImpl.java:lambda$waitForClusterToBeReady$0(238)) - Waiting for cluster to exit safe mode
2021-11-29 23:22:20,709 [Listener at 127.0.0.1/46101] INFO  ozone.MiniOzoneClusterImpl (MiniOzoneClusterImpl.java:lambda$waitForClusterToBeReady$0(240)) - SCM became leader
2021-11-29 23:22:21,454 [ReplicationMonitor] INFO  container.ReplicationManager (ReplicationManager.java:processAll(371)) - Replication Monitor Thread took 0 milliseconds for processing 0 containers.
2021-11-29 23:22:21,709 [Listener at 127.0.0.1/46101] INFO  ozone.MiniOzoneClusterImpl (MiniOzoneClusterImpl.java:lambda$waitForClusterToBeReady$0(235)) - Nodes are ready. Got 4 of 4 DN Heartbeats.
2021-11-29 23:22:21,709 [Listener at 127.0.0.1/46101] INFO  ozone.MiniOzoneClusterImpl (MiniOzoneClusterImpl.java:lambda$waitForClusterToBeReady$0(238)) - Waiting for cluster to exit safe mode
2021-11-29 23:22:21,709 [Listener at 127.0.0.1/46101] INFO  ozone.MiniOzoneClusterImpl (MiniOzoneClusterImpl.java:lambda$waitForClusterToBeReady$0(240)) - SCM became leader
2021-11-29 23:22:22,454 [ReplicationMonitor] INFO  container.ReplicationManager (ReplicationManager.java:processAll(371)) - Replication Monitor Thread took 0 milliseconds for processing 0 containers.
2021-11-29 23:22:22,709 [Listener at 127.0.0.1/46101] INFO  ozone.MiniOzoneClusterImpl (MiniOzoneClusterImpl.java:lambda$waitForClusterToBeReady$0(235)) - Nodes are ready. Got 4 of 4 DN Heartbeats.
2021-11-29 23:22:22,709 [Listener at 127.0.0.1/46101] INFO  ozone.MiniOzoneClusterImpl (MiniOzoneClusterImpl.java:lambda$waitForClusterToBeReady$0(238)) - Waiting for cluster to exit safe mode
2021-11-29 23:22:22,709 [Listener at 127.0.0.1/46101] INFO  ozone.MiniOzoneClusterImpl (MiniOzoneClusterImpl.java:lambda$waitForClusterToBeReady$0(240)) - SCM became leader
2021-11-29 23:22:23,457 [ReplicationMonitor] INFO  container.ReplicationManager (ReplicationManager.java:processAll(371)) - Replication Monitor Thread took 0 milliseconds for processing 0 containers.
2021-11-29 23:22:23,717 [Listener at 127.0.0.1/46101] INFO  ozone.MiniOzoneClusterImpl (MiniOzoneClusterImpl.java:lambda$waitForClusterToBeReady$0(235)) - Nodes are ready. Got 4 of 4 DN Heartbeats.
2021-11-29 23:22:23,717 [Listener at 127.0.0.1/46101] INFO  ozone.MiniOzoneClusterImpl (MiniOzoneClusterImpl.java:lambda$waitForClusterToBeReady$0(238)) - Waiting for cluster to exit safe mode
2021-11-29 23:22:23,717 [Listener at 127.0.0.1/46101] INFO  ozone.MiniOzoneClusterImpl (MiniOzoneClusterImpl.java:lambda$waitForClusterToBeReady$0(240)) - SCM became leader
2021-11-29 23:22:23,943 [49fe3bb7-2dae-482d-a175-9585c41bacad@group-677DDB1507C0-FollowerState] INFO  impl.FollowerState (FollowerState.java:run(134)) - 49fe3bb7-2dae-482d-a175-9585c41bacad@group-677DDB1507C0-FollowerState: change to CANDIDATE, lastRpcElapsedTime:5031073344ns, electionTimeout:5006ms
2021-11-29 23:22:23,943 [49fe3bb7-2dae-482d-a175-9585c41bacad@group-677DDB1507C0-FollowerState] INFO  impl.RoleInfo (RoleInfo.java:shutdownFollowerState(108)) - 49fe3bb7-2dae-482d-a175-9585c41bacad: shutdown 49fe3bb7-2dae-482d-a175-9585c41bacad@group-677DDB1507C0-FollowerState
2021-11-29 23:22:23,944 [49fe3bb7-2dae-482d-a175-9585c41bacad@group-677DDB1507C0-FollowerState] INFO  server.RaftServer$Division (RaftServerImpl.java:setRole(290)) - 49fe3bb7-2dae-482d-a175-9585c41bacad@group-677DDB1507C0: changes role from  FOLLOWER to CANDIDATE at term 9 for changeToCandidate
2021-11-29 23:22:23,944 [49fe3bb7-2dae-482d-a175-9585c41bacad@group-677DDB1507C0-FollowerState] INFO  server.RaftServerConfigKeys (ConfUtils.java:logGet(44)) - raft.server.leaderelection.pre-vote = false (custom)
2021-11-29 23:22:23,944 [49fe3bb7-2dae-482d-a175-9585c41bacad@group-677DDB1507C0-FollowerState] INFO  impl.RoleInfo (RoleInfo.java:updateAndGet(130)) - 49fe3bb7-2dae-482d-a175-9585c41bacad: start 49fe3bb7-2dae-482d-a175-9585c41bacad@group-677DDB1507C0-LeaderElection73
2021-11-29 23:22:23,985 [49fe3bb7-2dae-482d-a175-9585c41bacad@group-677DDB1507C0-LeaderElection73] INFO  impl.LeaderElection (LeaderElection.java:askForVotes(306)) - 49fe3bb7-2dae-482d-a175-9585c41bacad@group-677DDB1507C0-LeaderElection73 ELECTION round 0: submit vote requests at term 10 for -1: [9eaa9061-0cbd-4a3d-8091-a973303b955e|rpc:10.1.0.37:35167|dataStream:|priority:0, 45f86aeb-e384-4aa9-8d84-a9c74618d31d|rpc:10.1.0.37:38125|dataStream:|priority:1, 49fe3bb7-2dae-482d-a175-9585c41bacad|rpc:10.1.0.37:39121|dataStream:|priority:0], old=null
2021-11-29 23:22:23,993 [45f86aeb-e384-4aa9-8d84-a9c74618d31d@group-677DDB1507C0-FollowerState] INFO  impl.FollowerState (FollowerState.java:run(134)) - 45f86aeb-e384-4aa9-8d84-a9c74618d31d@group-677DDB1507C0-FollowerState: change to CANDIDATE, lastRpcElapsedTime:5106686037ns, electionTimeout:5052ms
2021-11-29 23:22:23,993 [45f86aeb-e384-4aa9-8d84-a9c74618d31d@group-677DDB1507C0-FollowerState] INFO  impl.RoleInfo (RoleInfo.java:shutdownFollowerState(108)) - 45f86aeb-e384-4aa9-8d84-a9c74618d31d: shutdown 45f86aeb-e384-4aa9-8d84-a9c74618d31d@group-677DDB1507C0-FollowerState
2021-11-29 23:22:23,993 [45f86aeb-e384-4aa9-8d84-a9c74618d31d@group-677DDB1507C0-FollowerState] INFO  server.RaftServer$Division (RaftServerImpl.java:setRole(290)) - 45f86aeb-e384-4aa9-8d84-a9c74618d31d@group-677DDB1507C0: changes role from  FOLLOWER to CANDIDATE at term 9 for changeToCandidate
2021-11-29 23:22:23,995 [grpc-default-executor-5] INFO  server.RaftServer$Division (RaftServerImpl.java:requestVote(1046)) - 9eaa9061-0cbd-4a3d-8091-a973303b955e@group-677DDB1507C0: receive requestVote(ELECTION, 49fe3bb7-2dae-482d-a175-9585c41bacad, group-677DDB1507C0, 10, (t:0, i:0))
2021-11-29 23:22:23,995 [grpc-default-executor-5] INFO  impl.VoteContext (VoteContext.java:log(48)) - 9eaa9061-0cbd-4a3d-8091-a973303b955e@group-677DDB1507C0-FOLLOWER: accept ELECTION from 49fe3bb7-2dae-482d-a175-9585c41bacad: our priority 0 <= candidate's priority 0
2021-11-29 23:22:23,995 [grpc-default-executor-5] INFO  server.RaftServer$Division (RaftServerImpl.java:setRole(290)) - 9eaa9061-0cbd-4a3d-8091-a973303b955e@group-677DDB1507C0: changes role from  FOLLOWER to FOLLOWER at term 10 for candidate:49fe3bb7-2dae-482d-a175-9585c41bacad
2021-11-29 23:22:23,996 [grpc-default-executor-5] INFO  impl.RoleInfo (RoleInfo.java:shutdownFollowerState(108)) - 9eaa9061-0cbd-4a3d-8091-a973303b955e: shutdown 9eaa9061-0cbd-4a3d-8091-a973303b955e@group-677DDB1507C0-FollowerState
2021-11-29 23:22:23,996 [grpc-default-executor-5] INFO  impl.RoleInfo (RoleInfo.java:updateAndGet(130)) - 9eaa9061-0cbd-4a3d-8091-a973303b955e: start 9eaa9061-0cbd-4a3d-8091-a973303b955e@group-677DDB1507C0-FollowerState
2021-11-29 23:22:23,996 [9eaa9061-0cbd-4a3d-8091-a973303b955e@group-677DDB1507C0-FollowerState] INFO  impl.FollowerState (FollowerState.java:run(143)) - 9eaa9061-0cbd-4a3d-8091-a973303b955e@group-677DDB1507C0-FollowerState was interrupted: {}
java.lang.InterruptedException: sleep interrupted
	at java.lang.Thread.sleep(Native Method)
	at java.lang.Thread.sleep(Thread.java:340)
	at java.util.concurrent.TimeUnit.sleep(TimeUnit.java:386)
	at org.apache.ratis.util.TimeDuration.sleep(TimeDuration.java:324)
	at org.apache.ratis.util.TimeDuration.sleep(TimeDuration.java:309)
	at org.apache.ratis.server.impl.FollowerState.run(FollowerState.java:118)
2021-11-29 23:22:23,997 [45f86aeb-e384-4aa9-8d84-a9c74618d31d@group-677DDB1507C0-FollowerState] INFO  server.RaftServerConfigKeys (ConfUtils.java:logGet(44)) - raft.server.leaderelection.pre-vote = false (custom)
2021-11-29 23:22:23,997 [45f86aeb-e384-4aa9-8d84-a9c74618d31d@group-677DDB1507C0-FollowerState] INFO  impl.RoleInfo (RoleInfo.java:updateAndGet(130)) - 45f86aeb-e384-4aa9-8d84-a9c74618d31d: start 45f86aeb-e384-4aa9-8d84-a9c74618d31d@group-677DDB1507C0-LeaderElection74
2021-11-29 23:22:23,997 [grpc-default-executor-6] INFO  server.RaftServer$Division (RaftServerImpl.java:requestVote(1046)) - 45f86aeb-e384-4aa9-8d84-a9c74618d31d@group-677DDB1507C0: receive requestVote(ELECTION, 49fe3bb7-2dae-482d-a175-9585c41bacad, group-677DDB1507C0, 10, (t:0, i:0))
2021-11-29 23:22:24,006 [grpc-default-executor-5] INFO  server.RaftServer$Division (RaftServerImpl.java:requestVote(1078)) - 9eaa9061-0cbd-4a3d-8091-a973303b955e@group-677DDB1507C0 replies to ELECTION vote request: 49fe3bb7-2dae-482d-a175-9585c41bacad<-9eaa9061-0cbd-4a3d-8091-a973303b955e#0:OK-t10. Peer's state: 9eaa9061-0cbd-4a3d-8091-a973303b955e@group-677DDB1507C0:t10, leader=null, voted=49fe3bb7-2dae-482d-a175-9585c41bacad, raftlog=9eaa9061-0cbd-4a3d-8091-a973303b955e@group-677DDB1507C0-SegmentedRaftLog:OPENED:c-1, conf=-1: [9eaa9061-0cbd-4a3d-8091-a973303b955e|rpc:10.1.0.37:35167|priority:0, 45f86aeb-e384-4aa9-8d84-a9c74618d31d|rpc:10.1.0.37:38125|priority:1, 49fe3bb7-2dae-482d-a175-9585c41bacad|rpc:10.1.0.37:39121|priority:0], old=null
2021-11-29 23:22:24,038 [grpc-default-executor-6] INFO  impl.VoteContext (VoteContext.java:log(48)) - 45f86aeb-e384-4aa9-8d84-a9c74618d31d@group-677DDB1507C0-CANDIDATE: reject ELECTION from 49fe3bb7-2dae-482d-a175-9585c41bacad: our priority 1 > candidate's priority 0
2021-11-29 23:22:24,038 [grpc-default-executor-6] INFO  server.RaftServer$Division (RaftServerImpl.java:setRole(290)) - 45f86aeb-e384-4aa9-8d84-a9c74618d31d@group-677DDB1507C0: changes role from CANDIDATE to FOLLOWER at term 10 for candidate:49fe3bb7-2dae-482d-a175-9585c41bacad
2021-11-29 23:22:24,038 [grpc-default-executor-6] INFO  impl.RoleInfo (RoleInfo.java:shutdownLeaderElection(121)) - 45f86aeb-e384-4aa9-8d84-a9c74618d31d: shutdown 45f86aeb-e384-4aa9-8d84-a9c74618d31d@group-677DDB1507C0-LeaderElection74
2021-11-29 23:22:24,038 [grpc-default-executor-6] INFO  impl.RoleInfo (RoleInfo.java:updateAndGet(130)) - 45f86aeb-e384-4aa9-8d84-a9c74618d31d: start 45f86aeb-e384-4aa9-8d84-a9c74618d31d@group-677DDB1507C0-FollowerState
2021-11-29 23:22:24,041 [45f86aeb-e384-4aa9-8d84-a9c74618d31d@group-677DDB1507C0-LeaderElection74] INFO  impl.LeaderElection (LeaderElection.java:run(230)) - 45f86aeb-e384-4aa9-8d84-a9c74618d31d@group-677DDB1507C0-LeaderElection74: skip running since this is already CLOSING
2021-11-29 23:22:24,053 [grpc-default-executor-6] INFO  server.RaftServer$Division (RaftServerImpl.java:requestVote(1078)) - 45f86aeb-e384-4aa9-8d84-a9c74618d31d@group-677DDB1507C0 replies to ELECTION vote request: 49fe3bb7-2dae-482d-a175-9585c41bacad<-45f86aeb-e384-4aa9-8d84-a9c74618d31d#0:FAIL-t10. Peer's state: 45f86aeb-e384-4aa9-8d84-a9c74618d31d@group-677DDB1507C0:t10, leader=null, voted=null, raftlog=45f86aeb-e384-4aa9-8d84-a9c74618d31d@group-677DDB1507C0-SegmentedRaftLog:OPENED:c-1, conf=-1: [9eaa9061-0cbd-4a3d-8091-a973303b955e|rpc:10.1.0.37:35167|dataStream:|priority:0, 45f86aeb-e384-4aa9-8d84-a9c74618d31d|rpc:10.1.0.37:38125|dataStream:|priority:1, 49fe3bb7-2dae-482d-a175-9585c41bacad|rpc:10.1.0.37:39121|dataStream:|priority:0], old=null
2021-11-29 23:22:24,053 [49fe3bb7-2dae-482d-a175-9585c41bacad@group-677DDB1507C0-LeaderElection73] INFO  impl.LeaderElection (LeaderElection.java:logAndReturn(89)) - 49fe3bb7-2dae-482d-a175-9585c41bacad@group-677DDB1507C0-LeaderElection73: ELECTION REJECTED received 2 response(s) and 0 exception(s):
2021-11-29 23:22:24,054 [49fe3bb7-2dae-482d-a175-9585c41bacad@group-677DDB1507C0-LeaderElection73] INFO  impl.LeaderElection (LeaderElection.java:logAndReturn(93)) -   Response 0: 49fe3bb7-2dae-482d-a175-9585c41bacad<-9eaa9061-0cbd-4a3d-8091-a973303b955e#0:OK-t10
2021-11-29 23:22:24,054 [49fe3bb7-2dae-482d-a175-9585c41bacad@group-677DDB1507C0-LeaderElection73] INFO  impl.LeaderElection (LeaderElection.java:logAndReturn(93)) -   Response 1: 49fe3bb7-2dae-482d-a175-9585c41bacad<-45f86aeb-e384-4aa9-8d84-a9c74618d31d#0:FAIL-t10
2021-11-29 23:22:24,054 [49fe3bb7-2dae-482d-a175-9585c41bacad@group-677DDB1507C0-LeaderElection73] INFO  impl.LeaderElection (LeaderElection.java:askForVotes(308)) - 49fe3bb7-2dae-482d-a175-9585c41bacad@group-677DDB1507C0-LeaderElection73 ELECTION round 0: result REJECTED
2021-11-29 23:22:24,054 [49fe3bb7-2dae-482d-a175-9585c41bacad@group-677DDB1507C0-LeaderElection73] INFO  server.RaftServer$Division (RaftServerImpl.java:setRole(290)) - 49fe3bb7-2dae-482d-a175-9585c41bacad@group-677DDB1507C0: changes role from CANDIDATE to FOLLOWER at term 10 for REJECTED
2021-11-29 23:22:24,054 [49fe3bb7-2dae-482d-a175-9585c41bacad@group-677DDB1507C0-LeaderElection73] INFO  impl.RoleInfo (RoleInfo.java:shutdownLeaderElection(121)) - 49fe3bb7-2dae-482d-a175-9585c41bacad: shutdown 49fe3bb7-2dae-482d-a175-9585c41bacad@group-677DDB1507C0-LeaderElection73
2021-11-29 23:22:24,054 [49fe3bb7-2dae-482d-a175-9585c41bacad@group-677DDB1507C0-LeaderElection73] INFO  impl.RoleInfo (RoleInfo.java:updateAndGet(130)) - 49fe3bb7-2dae-482d-a175-9585c41bacad: start 49fe3bb7-2dae-482d-a175-9585c41bacad@group-677DDB1507C0-FollowerState
2021-11-29 23:22:24,457 [ReplicationMonitor] INFO  container.ReplicationManager (ReplicationManager.java:processAll(371)) - Replication Monitor Thread took 0 milliseconds for processing 0 containers.
2021-11-29 23:22:24,717 [Listener at 127.0.0.1/46101] INFO  ozone.MiniOzoneClusterImpl (MiniOzoneClusterImpl.java:lambda$waitForClusterToBeReady$0(235)) - Nodes are ready. Got 4 of 4 DN Heartbeats.
2021-11-29 23:22:24,718 [Listener at 127.0.0.1/46101] INFO  ozone.MiniOzoneClusterImpl (MiniOzoneClusterImpl.java:lambda$waitForClusterToBeReady$0(238)) - Waiting for cluster to exit safe mode
2021-11-29 23:22:24,718 [Listener at 127.0.0.1/46101] INFO  ozone.MiniOzoneClusterImpl (MiniOzoneClusterImpl.java:lambda$waitForClusterToBeReady$0(240)) - SCM became leader
2021-11-29 23:22:25,457 [ReplicationMonitor] INFO  container.ReplicationManager (ReplicationManager.java:processAll(371)) - Replication Monitor Thread took 0 milliseconds for processing 0 containers.
2021-11-29 23:22:25,718 [Listener at 127.0.0.1/46101] INFO  ozone.MiniOzoneClusterImpl (MiniOzoneClusterImpl.java:lambda$waitForClusterToBeReady$0(235)) - Nodes are ready. Got 4 of 4 DN Heartbeats.
2021-11-29 23:22:25,718 [Listener at 127.0.0.1/46101] INFO  ozone.MiniOzoneClusterImpl (MiniOzoneClusterImpl.java:lambda$waitForClusterToBeReady$0(238)) - Waiting for cluster to exit safe mode
2021-11-29 23:22:25,718 [Listener at 127.0.0.1/46101] INFO  ozone.MiniOzoneClusterImpl (MiniOzoneClusterImpl.java:lambda$waitForClusterToBeReady$0(240)) - SCM became leader
2021-11-29 23:22:26,458 [ReplicationMonitor] INFO  container.ReplicationManager (ReplicationManager.java:processAll(371)) - Replication Monitor Thread took 0 milliseconds for processing 0 containers.
2021-11-29 23:22:26,718 [Listener at 127.0.0.1/46101] INFO  ozone.MiniOzoneClusterImpl (MiniOzoneClusterImpl.java:lambda$waitForClusterToBeReady$0(235)) - Nodes are ready. Got 4 of 4 DN Heartbeats.
2021-11-29 23:22:26,718 [Listener at 127.0.0.1/46101] INFO  ozone.MiniOzoneClusterImpl (MiniOzoneClusterImpl.java:lambda$waitForClusterToBeReady$0(238)) - Waiting for cluster to exit safe mode
2021-11-29 23:22:26,718 [Listener at 127.0.0.1/46101] INFO  ozone.MiniOzoneClusterImpl (MiniOzoneClusterImpl.java:lambda$waitForClusterToBeReady$0(240)) - SCM became leader
2021-11-29 23:22:27,458 [ReplicationMonitor] INFO  container.ReplicationManager (ReplicationManager.java:processAll(371)) - Replication Monitor Thread took 0 milliseconds for processing 0 containers.
2021-11-29 23:22:27,719 [Listener at 127.0.0.1/46101] INFO  ozone.MiniOzoneClusterImpl (MiniOzoneClusterImpl.java:lambda$waitForClusterToBeReady$0(235)) - Nodes are ready. Got 4 of 4 DN Heartbeats.
2021-11-29 23:22:27,719 [Listener at 127.0.0.1/46101] INFO  ozone.MiniOzoneClusterImpl (MiniOzoneClusterImpl.java:lambda$waitForClusterToBeReady$0(238)) - Waiting for cluster to exit safe mode
2021-11-29 23:22:27,719 [Listener at 127.0.0.1/46101] INFO  ozone.MiniOzoneClusterImpl (MiniOzoneClusterImpl.java:lambda$waitForClusterToBeReady$0(240)) - SCM became leader
2021-11-29 23:22:28,458 [ReplicationMonitor] INFO  container.ReplicationManager (ReplicationManager.java:processAll(371)) - Replication Monitor Thread took 0 milliseconds for processing 0 containers.
2021-11-29 23:22:28,723 [Listener at 127.0.0.1/46101] INFO  ozone.MiniOzoneClusterImpl (MiniOzoneClusterImpl.java:lambda$waitForClusterToBeReady$0(235)) - Nodes are ready. Got 4 of 4 DN Heartbeats.
2021-11-29 23:22:28,723 [Listener at 127.0.0.1/46101] INFO  ozone.MiniOzoneClusterImpl (MiniOzoneClusterImpl.java:lambda$waitForClusterToBeReady$0(238)) - Waiting for cluster to exit safe mode
2021-11-29 23:22:28,723 [Listener at 127.0.0.1/46101] INFO  ozone.MiniOzoneClusterImpl (MiniOzoneClusterImpl.java:lambda$waitForClusterToBeReady$0(240)) - SCM became leader
2021-11-29 23:22:29,075 [45f86aeb-e384-4aa9-8d84-a9c74618d31d@group-677DDB1507C0-FollowerState] INFO  impl.FollowerState (FollowerState.java:run(134)) - 45f86aeb-e384-4aa9-8d84-a9c74618d31d@group-677DDB1507C0-FollowerState: change to CANDIDATE, lastRpcElapsedTime:5037293034ns, electionTimeout:5017ms
2021-11-29 23:22:29,075 [45f86aeb-e384-4aa9-8d84-a9c74618d31d@group-677DDB1507C0-FollowerState] INFO  impl.RoleInfo (RoleInfo.java:shutdownFollowerState(108)) - 45f86aeb-e384-4aa9-8d84-a9c74618d31d: shutdown 45f86aeb-e384-4aa9-8d84-a9c74618d31d@group-677DDB1507C0-FollowerState
2021-11-29 23:22:29,075 [45f86aeb-e384-4aa9-8d84-a9c74618d31d@group-677DDB1507C0-FollowerState] INFO  server.RaftServer$Division (RaftServerImpl.java:setRole(290)) - 45f86aeb-e384-4aa9-8d84-a9c74618d31d@group-677DDB1507C0: changes role from  FOLLOWER to CANDIDATE at term 10 for changeToCandidate
2021-11-29 23:22:29,075 [45f86aeb-e384-4aa9-8d84-a9c74618d31d@group-677DDB1507C0-FollowerState] INFO  server.RaftServerConfigKeys (ConfUtils.java:logGet(44)) - raft.server.leaderelection.pre-vote = false (custom)
2021-11-29 23:22:29,075 [45f86aeb-e384-4aa9-8d84-a9c74618d31d@group-677DDB1507C0-FollowerState] INFO  impl.RoleInfo (RoleInfo.java:updateAndGet(130)) - 45f86aeb-e384-4aa9-8d84-a9c74618d31d: start 45f86aeb-e384-4aa9-8d84-a9c74618d31d@group-677DDB1507C0-LeaderElection75
2021-11-29 23:22:29,114 [9eaa9061-0cbd-4a3d-8091-a973303b955e@group-677DDB1507C0-FollowerState] INFO  impl.FollowerState (FollowerState.java:run(134)) - 9eaa9061-0cbd-4a3d-8091-a973303b955e@group-677DDB1507C0-FollowerState: change to CANDIDATE, lastRpcElapsedTime:5107873846ns, electionTimeout:5107ms
2021-11-29 23:22:29,114 [9eaa9061-0cbd-4a3d-8091-a973303b955e@group-677DDB1507C0-FollowerState] INFO  impl.RoleInfo (RoleInfo.java:shutdownFollowerState(108)) - 9eaa9061-0cbd-4a3d-8091-a973303b955e: shutdown 9eaa9061-0cbd-4a3d-8091-a973303b955e@group-677DDB1507C0-FollowerState
2021-11-29 23:22:29,114 [9eaa9061-0cbd-4a3d-8091-a973303b955e@group-677DDB1507C0-FollowerState] INFO  server.RaftServer$Division (RaftServerImpl.java:setRole(290)) - 9eaa9061-0cbd-4a3d-8091-a973303b955e@group-677DDB1507C0: changes role from  FOLLOWER to CANDIDATE at term 10 for changeToCandidate
2021-11-29 23:22:29,114 [9eaa9061-0cbd-4a3d-8091-a973303b955e@group-677DDB1507C0-FollowerState] INFO  server.RaftServerConfigKeys (ConfUtils.java:logGet(44)) - raft.server.leaderelection.pre-vote = false (custom)
2021-11-29 23:22:29,114 [9eaa9061-0cbd-4a3d-8091-a973303b955e@group-677DDB1507C0-FollowerState] INFO  impl.RoleInfo (RoleInfo.java:updateAndGet(130)) - 9eaa9061-0cbd-4a3d-8091-a973303b955e: start 9eaa9061-0cbd-4a3d-8091-a973303b955e@group-677DDB1507C0-LeaderElection76
2021-11-29 23:22:29,121 [45f86aeb-e384-4aa9-8d84-a9c74618d31d@group-677DDB1507C0-LeaderElection75] INFO  impl.LeaderElection (LeaderElection.java:askForVotes(306)) - 45f86aeb-e384-4aa9-8d84-a9c74618d31d@group-677DDB1507C0-LeaderElection75 ELECTION round 0: submit vote requests at term 11 for -1: [9eaa9061-0cbd-4a3d-8091-a973303b955e|rpc:10.1.0.37:35167|dataStream:|priority:0, 45f86aeb-e384-4aa9-8d84-a9c74618d31d|rpc:10.1.0.37:38125|dataStream:|priority:1, 49fe3bb7-2dae-482d-a175-9585c41bacad|rpc:10.1.0.37:39121|dataStream:|priority:0], old=null
2021-11-29 23:22:29,123 [49fe3bb7-2dae-482d-a175-9585c41bacad@group-677DDB1507C0-FollowerState] INFO  impl.FollowerState (FollowerState.java:run(134)) - 49fe3bb7-2dae-482d-a175-9585c41bacad@group-677DDB1507C0-FollowerState: change to CANDIDATE, lastRpcElapsedTime:5069550042ns, electionTimeout:5041ms
2021-11-29 23:22:29,123 [49fe3bb7-2dae-482d-a175-9585c41bacad@group-677DDB1507C0-FollowerState] INFO  impl.RoleInfo (RoleInfo.java:shutdownFollowerState(108)) - 49fe3bb7-2dae-482d-a175-9585c41bacad: shutdown 49fe3bb7-2dae-482d-a175-9585c41bacad@group-677DDB1507C0-FollowerState
2021-11-29 23:22:29,123 [49fe3bb7-2dae-482d-a175-9585c41bacad@group-677DDB1507C0-FollowerState] INFO  server.RaftServer$Division (RaftServerImpl.java:setRole(290)) - 49fe3bb7-2dae-482d-a175-9585c41bacad@group-677DDB1507C0: changes role from  FOLLOWER to CANDIDATE at term 10 for changeToCandidate
2021-11-29 23:22:29,123 [49fe3bb7-2dae-482d-a175-9585c41bacad@group-677DDB1507C0-FollowerState] INFO  server.RaftServerConfigKeys (ConfUtils.java:logGet(44)) - raft.server.leaderelection.pre-vote = false (custom)
2021-11-29 23:22:29,124 [49fe3bb7-2dae-482d-a175-9585c41bacad@group-677DDB1507C0-FollowerState] INFO  impl.RoleInfo (RoleInfo.java:updateAndGet(130)) - 49fe3bb7-2dae-482d-a175-9585c41bacad: start 49fe3bb7-2dae-482d-a175-9585c41bacad@group-677DDB1507C0-LeaderElection77
2021-11-29 23:22:29,126 [9eaa9061-0cbd-4a3d-8091-a973303b955e@group-677DDB1507C0-LeaderElection76] INFO  impl.LeaderElection (LeaderElection.java:askForVotes(306)) - 9eaa9061-0cbd-4a3d-8091-a973303b955e@group-677DDB1507C0-LeaderElection76 ELECTION round 0: submit vote requests at term 11 for -1: [9eaa9061-0cbd-4a3d-8091-a973303b955e|rpc:10.1.0.37:35167|priority:0, 45f86aeb-e384-4aa9-8d84-a9c74618d31d|rpc:10.1.0.37:38125|priority:1, 49fe3bb7-2dae-482d-a175-9585c41bacad|rpc:10.1.0.37:39121|priority:0], old=null
2021-11-29 23:22:29,162 [49fe3bb7-2dae-482d-a175-9585c41bacad@group-677DDB1507C0-LeaderElection77] INFO  impl.LeaderElection (LeaderElection.java:askForVotes(306)) - 49fe3bb7-2dae-482d-a175-9585c41bacad@group-677DDB1507C0-LeaderElection77 ELECTION round 0: submit vote requests at term 11 for -1: [9eaa9061-0cbd-4a3d-8091-a973303b955e|rpc:10.1.0.37:35167|dataStream:|priority:0, 45f86aeb-e384-4aa9-8d84-a9c74618d31d|rpc:10.1.0.37:38125|dataStream:|priority:1, 49fe3bb7-2dae-482d-a175-9585c41bacad|rpc:10.1.0.37:39121|dataStream:|priority:0], old=null
2021-11-29 23:22:29,163 [grpc-default-executor-6] INFO  server.RaftServer$Division (RaftServerImpl.java:requestVote(1046)) - 9eaa9061-0cbd-4a3d-8091-a973303b955e@group-677DDB1507C0: receive requestVote(ELECTION, 45f86aeb-e384-4aa9-8d84-a9c74618d31d, group-677DDB1507C0, 11, (t:0, i:0))
2021-11-29 23:22:29,163 [grpc-default-executor-6] INFO  impl.VoteContext (VoteContext.java:log(48)) - 9eaa9061-0cbd-4a3d-8091-a973303b955e@group-677DDB1507C0-CANDIDATE: reject ELECTION from 45f86aeb-e384-4aa9-8d84-a9c74618d31d: already has voted for 9eaa9061-0cbd-4a3d-8091-a973303b955e at current term 11
2021-11-29 23:22:29,163 [grpc-default-executor-6] INFO  server.RaftServer$Division (RaftServerImpl.java:requestVote(1078)) - 9eaa9061-0cbd-4a3d-8091-a973303b955e@group-677DDB1507C0 replies to ELECTION vote request: 45f86aeb-e384-4aa9-8d84-a9c74618d31d<-9eaa9061-0cbd-4a3d-8091-a973303b955e#0:FAIL-t11. Peer's state: 9eaa9061-0cbd-4a3d-8091-a973303b955e@group-677DDB1507C0:t11, leader=null, voted=9eaa9061-0cbd-4a3d-8091-a973303b955e, raftlog=9eaa9061-0cbd-4a3d-8091-a973303b955e@group-677DDB1507C0-SegmentedRaftLog:OPENED:c-1, conf=-1: [9eaa9061-0cbd-4a3d-8091-a973303b955e|rpc:10.1.0.37:35167|priority:0, 45f86aeb-e384-4aa9-8d84-a9c74618d31d|rpc:10.1.0.37:38125|priority:1, 49fe3bb7-2dae-482d-a175-9585c41bacad|rpc:10.1.0.37:39121|priority:0], old=null
2021-11-29 23:22:29,196 [grpc-default-executor-6] INFO  server.RaftServer$Division (RaftServerImpl.java:requestVote(1046)) - 49fe3bb7-2dae-482d-a175-9585c41bacad@group-677DDB1507C0: receive requestVote(ELECTION, 45f86aeb-e384-4aa9-8d84-a9c74618d31d, group-677DDB1507C0, 11, (t:0, i:0))
2021-11-29 23:22:29,196 [grpc-default-executor-6] INFO  impl.VoteContext (VoteContext.java:log(48)) - 49fe3bb7-2dae-482d-a175-9585c41bacad@group-677DDB1507C0-CANDIDATE: reject ELECTION from 45f86aeb-e384-4aa9-8d84-a9c74618d31d: already has voted for 49fe3bb7-2dae-482d-a175-9585c41bacad at current term 11
2021-11-29 23:22:29,196 [grpc-default-executor-6] INFO  server.RaftServer$Division (RaftServerImpl.java:requestVote(1078)) - 49fe3bb7-2dae-482d-a175-9585c41bacad@group-677DDB1507C0 replies to ELECTION vote request: 45f86aeb-e384-4aa9-8d84-a9c74618d31d<-49fe3bb7-2dae-482d-a175-9585c41bacad#0:FAIL-t11. Peer's state: 49fe3bb7-2dae-482d-a175-9585c41bacad@group-677DDB1507C0:t11, leader=null, voted=49fe3bb7-2dae-482d-a175-9585c41bacad, raftlog=49fe3bb7-2dae-482d-a175-9585c41bacad@group-677DDB1507C0-SegmentedRaftLog:OPENED:c-1, conf=-1: [9eaa9061-0cbd-4a3d-8091-a973303b955e|rpc:10.1.0.37:35167|dataStream:|priority:0, 45f86aeb-e384-4aa9-8d84-a9c74618d31d|rpc:10.1.0.37:38125|dataStream:|priority:1, 49fe3bb7-2dae-482d-a175-9585c41bacad|rpc:10.1.0.37:39121|dataStream:|priority:0], old=null
2021-11-29 23:22:29,274 [grpc-default-executor-6] INFO  server.RaftServer$Division (RaftServerImpl.java:requestVote(1046)) - 9eaa9061-0cbd-4a3d-8091-a973303b955e@group-677DDB1507C0: receive requestVote(ELECTION, 49fe3bb7-2dae-482d-a175-9585c41bacad, group-677DDB1507C0, 11, (t:0, i:0))
2021-11-29 23:22:29,274 [grpc-default-executor-6] INFO  impl.VoteContext (VoteContext.java:log(48)) - 9eaa9061-0cbd-4a3d-8091-a973303b955e@group-677DDB1507C0-CANDIDATE: reject ELECTION from 49fe3bb7-2dae-482d-a175-9585c41bacad: already has voted for 9eaa9061-0cbd-4a3d-8091-a973303b955e at current term 11
2021-11-29 23:22:29,274 [grpc-default-executor-6] INFO  server.RaftServer$Division (RaftServerImpl.java:requestVote(1078)) - 9eaa9061-0cbd-4a3d-8091-a973303b955e@group-677DDB1507C0 replies to ELECTION vote request: 49fe3bb7-2dae-482d-a175-9585c41bacad<-9eaa9061-0cbd-4a3d-8091-a973303b955e#0:FAIL-t11. Peer's state: 9eaa9061-0cbd-4a3d-8091-a973303b955e@group-677DDB1507C0:t11, leader=null, voted=9eaa9061-0cbd-4a3d-8091-a973303b955e, raftlog=9eaa9061-0cbd-4a3d-8091-a973303b955e@group-677DDB1507C0-SegmentedRaftLog:OPENED:c-1, conf=-1: [9eaa9061-0cbd-4a3d-8091-a973303b955e|rpc:10.1.0.37:35167|priority:0, 45f86aeb-e384-4aa9-8d84-a9c74618d31d|rpc:10.1.0.37:38125|priority:1, 49fe3bb7-2dae-482d-a175-9585c41bacad|rpc:10.1.0.37:39121|priority:0], old=null
2021-11-29 23:22:29,274 [45f86aeb-e384-4aa9-8d84-a9c74618d31d@group-677DDB1507C0-LeaderElection75] INFO  impl.LeaderElection (LeaderElection.java:logAndReturn(89)) - 45f86aeb-e384-4aa9-8d84-a9c74618d31d@group-677DDB1507C0-LeaderElection75: ELECTION REJECTED received 2 response(s) and 0 exception(s):
2021-11-29 23:22:29,274 [45f86aeb-e384-4aa9-8d84-a9c74618d31d@group-677DDB1507C0-LeaderElection75] INFO  impl.LeaderElection (LeaderElection.java:logAndReturn(93)) -   Response 0: 45f86aeb-e384-4aa9-8d84-a9c74618d31d<-9eaa9061-0cbd-4a3d-8091-a973303b955e#0:FAIL-t11
2021-11-29 23:22:29,274 [45f86aeb-e384-4aa9-8d84-a9c74618d31d@group-677DDB1507C0-LeaderElection75] INFO  impl.LeaderElection (LeaderElection.java:logAndReturn(93)) -   Response 1: 45f86aeb-e384-4aa9-8d84-a9c74618d31d<-49fe3bb7-2dae-482d-a175-9585c41bacad#0:FAIL-t11
2021-11-29 23:22:29,274 [45f86aeb-e384-4aa9-8d84-a9c74618d31d@group-677DDB1507C0-LeaderElection75] INFO  impl.LeaderElection (LeaderElection.java:askForVotes(308)) - 45f86aeb-e384-4aa9-8d84-a9c74618d31d@group-677DDB1507C0-LeaderElection75 ELECTION round 0: result REJECTED
2021-11-29 23:22:29,274 [45f86aeb-e384-4aa9-8d84-a9c74618d31d@group-677DDB1507C0-LeaderElection75] INFO  server.RaftServer$Division (RaftServerImpl.java:setRole(290)) - 45f86aeb-e384-4aa9-8d84-a9c74618d31d@group-677DDB1507C0: changes role from CANDIDATE to FOLLOWER at term 11 for REJECTED
2021-11-29 23:22:29,274 [45f86aeb-e384-4aa9-8d84-a9c74618d31d@group-677DDB1507C0-LeaderElection75] INFO  impl.RoleInfo (RoleInfo.java:shutdownLeaderElection(121)) - 45f86aeb-e384-4aa9-8d84-a9c74618d31d: shutdown 45f86aeb-e384-4aa9-8d84-a9c74618d31d@group-677DDB1507C0-LeaderElection75
2021-11-29 23:22:29,274 [45f86aeb-e384-4aa9-8d84-a9c74618d31d@group-677DDB1507C0-LeaderElection75] INFO  impl.RoleInfo (RoleInfo.java:updateAndGet(130)) - 45f86aeb-e384-4aa9-8d84-a9c74618d31d: start 45f86aeb-e384-4aa9-8d84-a9c74618d31d@group-677DDB1507C0-FollowerState
2021-11-29 23:22:29,274 [grpc-default-executor-5] INFO  server.RaftServer$Division (RaftServerImpl.java:requestVote(1046)) - 45f86aeb-e384-4aa9-8d84-a9c74618d31d@group-677DDB1507C0: receive requestVote(ELECTION, 9eaa9061-0cbd-4a3d-8091-a973303b955e, group-677DDB1507C0, 11, (t:0, i:0))
2021-11-29 23:22:29,275 [grpc-default-executor-6] INFO  server.RaftServer$Division (RaftServerImpl.java:requestVote(1046)) - 45f86aeb-e384-4aa9-8d84-a9c74618d31d@group-677DDB1507C0: receive requestVote(ELECTION, 49fe3bb7-2dae-482d-a175-9585c41bacad, group-677DDB1507C0, 11, (t:0, i:0))
2021-11-29 23:22:29,284 [grpc-default-executor-8] INFO  server.RaftServer$Division (RaftServerImpl.java:requestVote(1046)) - 49fe3bb7-2dae-482d-a175-9585c41bacad@group-677DDB1507C0: receive requestVote(ELECTION, 9eaa9061-0cbd-4a3d-8091-a973303b955e, group-677DDB1507C0, 11, (t:0, i:0))
2021-11-29 23:22:29,284 [grpc-default-executor-8] INFO  impl.VoteContext (VoteContext.java:log(48)) - 49fe3bb7-2dae-482d-a175-9585c41bacad@group-677DDB1507C0-CANDIDATE: reject ELECTION from 9eaa9061-0cbd-4a3d-8091-a973303b955e: already has voted for 49fe3bb7-2dae-482d-a175-9585c41bacad at current term 11
2021-11-29 23:22:29,284 [grpc-default-executor-8] INFO  server.RaftServer$Division (RaftServerImpl.java:requestVote(1078)) - 49fe3bb7-2dae-482d-a175-9585c41bacad@group-677DDB1507C0 replies to ELECTION vote request: 9eaa9061-0cbd-4a3d-8091-a973303b955e<-49fe3bb7-2dae-482d-a175-9585c41bacad#0:FAIL-t11. Peer's state: 49fe3bb7-2dae-482d-a175-9585c41bacad@group-677DDB1507C0:t11, leader=null, voted=49fe3bb7-2dae-482d-a175-9585c41bacad, raftlog=49fe3bb7-2dae-482d-a175-9585c41bacad@group-677DDB1507C0-SegmentedRaftLog:OPENED:c-1, conf=-1: [9eaa9061-0cbd-4a3d-8091-a973303b955e|rpc:10.1.0.37:35167|dataStream:|priority:0, 45f86aeb-e384-4aa9-8d84-a9c74618d31d|rpc:10.1.0.37:38125|dataStream:|priority:1, 49fe3bb7-2dae-482d-a175-9585c41bacad|rpc:10.1.0.37:39121|dataStream:|priority:0], old=null
2021-11-29 23:22:29,285 [grpc-default-executor-6] INFO  impl.VoteContext (VoteContext.java:log(48)) - 45f86aeb-e384-4aa9-8d84-a9c74618d31d@group-677DDB1507C0-FOLLOWER: reject ELECTION from 49fe3bb7-2dae-482d-a175-9585c41bacad: already has voted for 45f86aeb-e384-4aa9-8d84-a9c74618d31d at current term 11
2021-11-29 23:22:29,285 [grpc-default-executor-6] INFO  server.RaftServer$Division (RaftServerImpl.java:requestVote(1078)) - 45f86aeb-e384-4aa9-8d84-a9c74618d31d@group-677DDB1507C0 replies to ELECTION vote request: 49fe3bb7-2dae-482d-a175-9585c41bacad<-45f86aeb-e384-4aa9-8d84-a9c74618d31d#0:FAIL-t11. Peer's state: 45f86aeb-e384-4aa9-8d84-a9c74618d31d@group-677DDB1507C0:t11, leader=null, voted=45f86aeb-e384-4aa9-8d84-a9c74618d31d, raftlog=45f86aeb-e384-4aa9-8d84-a9c74618d31d@group-677DDB1507C0-SegmentedRaftLog:OPENED:c-1, conf=-1: [9eaa9061-0cbd-4a3d-8091-a973303b955e|rpc:10.1.0.37:35167|dataStream:|priority:0, 45f86aeb-e384-4aa9-8d84-a9c74618d31d|rpc:10.1.0.37:38125|dataStream:|priority:1, 49fe3bb7-2dae-482d-a175-9585c41bacad|rpc:10.1.0.37:39121|dataStream:|priority:0], old=null
2021-11-29 23:22:29,285 [grpc-default-executor-5] INFO  impl.VoteContext (VoteContext.java:log(48)) - 45f86aeb-e384-4aa9-8d84-a9c74618d31d@group-677DDB1507C0-FOLLOWER: reject ELECTION from 9eaa9061-0cbd-4a3d-8091-a973303b955e: already has voted for 45f86aeb-e384-4aa9-8d84-a9c74618d31d at current term 11
2021-11-29 23:22:29,285 [grpc-default-executor-5] INFO  server.RaftServer$Division (RaftServerImpl.java:requestVote(1078)) - 45f86aeb-e384-4aa9-8d84-a9c74618d31d@group-677DDB1507C0 replies to ELECTION vote request: 9eaa9061-0cbd-4a3d-8091-a973303b955e<-45f86aeb-e384-4aa9-8d84-a9c74618d31d#0:FAIL-t11. Peer's state: 45f86aeb-e384-4aa9-8d84-a9c74618d31d@group-677DDB1507C0:t11, leader=null, voted=45f86aeb-e384-4aa9-8d84-a9c74618d31d, raftlog=45f86aeb-e384-4aa9-8d84-a9c74618d31d@group-677DDB1507C0-SegmentedRaftLog:OPENED:c-1, conf=-1: [9eaa9061-0cbd-4a3d-8091-a973303b955e|rpc:10.1.0.37:35167|dataStream:|priority:0, 45f86aeb-e384-4aa9-8d84-a9c74618d31d|rpc:10.1.0.37:38125|dataStream:|priority:1, 49fe3bb7-2dae-482d-a175-9585c41bacad|rpc:10.1.0.37:39121|dataStream:|priority:0], old=null
2021-11-29 23:22:29,286 [49fe3bb7-2dae-482d-a175-9585c41bacad@group-677DDB1507C0-LeaderElection77] INFO  impl.LeaderElection (LeaderElection.java:logAndReturn(89)) - 49fe3bb7-2dae-482d-a175-9585c41bacad@group-677DDB1507C0-LeaderElection77: ELECTION REJECTED received 2 response(s) and 0 exception(s):
2021-11-29 23:22:29,286 [49fe3bb7-2dae-482d-a175-9585c41bacad@group-677DDB1507C0-LeaderElection77] INFO  impl.LeaderElection (LeaderElection.java:logAndReturn(93)) -   Response 0: 49fe3bb7-2dae-482d-a175-9585c41bacad<-9eaa9061-0cbd-4a3d-8091-a973303b955e#0:FAIL-t11
2021-11-29 23:22:29,286 [49fe3bb7-2dae-482d-a175-9585c41bacad@group-677DDB1507C0-LeaderElection77] INFO  impl.LeaderElection (LeaderElection.java:logAndReturn(93)) -   Response 1: 49fe3bb7-2dae-482d-a175-9585c41bacad<-45f86aeb-e384-4aa9-8d84-a9c74618d31d#0:FAIL-t11
2021-11-29 23:22:29,286 [49fe3bb7-2dae-482d-a175-9585c41bacad@group-677DDB1507C0-LeaderElection77] INFO  impl.LeaderElection (LeaderElection.java:askForVotes(308)) - 49fe3bb7-2dae-482d-a175-9585c41bacad@group-677DDB1507C0-LeaderElection77 ELECTION round 0: result REJECTED
2021-11-29 23:22:29,286 [49fe3bb7-2dae-482d-a175-9585c41bacad@group-677DDB1507C0-LeaderElection77] INFO  server.RaftServer$Division (RaftServerImpl.java:setRole(290)) - 49fe3bb7-2dae-482d-a175-9585c41bacad@group-677DDB1507C0: changes role from CANDIDATE to FOLLOWER at term 11 for REJECTED
2021-11-29 23:22:29,286 [49fe3bb7-2dae-482d-a175-9585c41bacad@group-677DDB1507C0-LeaderElection77] INFO  impl.RoleInfo (RoleInfo.java:shutdownLeaderElection(121)) - 49fe3bb7-2dae-482d-a175-9585c41bacad: shutdown 49fe3bb7-2dae-482d-a175-9585c41bacad@group-677DDB1507C0-LeaderElection77
2021-11-29 23:22:29,286 [49fe3bb7-2dae-482d-a175-9585c41bacad@group-677DDB1507C0-LeaderElection77] INFO  impl.RoleInfo (RoleInfo.java:updateAndGet(130)) - 49fe3bb7-2dae-482d-a175-9585c41bacad: start 49fe3bb7-2dae-482d-a175-9585c41bacad@group-677DDB1507C0-FollowerState
2021-11-29 23:22:29,297 [9eaa9061-0cbd-4a3d-8091-a973303b955e@group-677DDB1507C0-LeaderElection76] INFO  impl.LeaderElection (LeaderElection.java:logAndReturn(89)) - 9eaa9061-0cbd-4a3d-8091-a973303b955e@group-677DDB1507C0-LeaderElection76: ELECTION REJECTED received 2 response(s) and 0 exception(s):
2021-11-29 23:22:29,297 [9eaa9061-0cbd-4a3d-8091-a973303b955e@group-677DDB1507C0-LeaderElection76] INFO  impl.LeaderElection (LeaderElection.java:logAndReturn(93)) -   Response 0: 9eaa9061-0cbd-4a3d-8091-a973303b955e<-45f86aeb-e384-4aa9-8d84-a9c74618d31d#0:FAIL-t11
2021-11-29 23:22:29,297 [9eaa9061-0cbd-4a3d-8091-a973303b955e@group-677DDB1507C0-LeaderElection76] INFO  impl.LeaderElection (LeaderElection.java:logAndReturn(93)) -   Response 1: 9eaa9061-0cbd-4a3d-8091-a973303b955e<-49fe3bb7-2dae-482d-a175-9585c41bacad#0:FAIL-t11
2021-11-29 23:22:29,297 [9eaa9061-0cbd-4a3d-8091-a973303b955e@group-677DDB1507C0-LeaderElection76] INFO  impl.LeaderElection (LeaderElection.java:askForVotes(308)) - 9eaa9061-0cbd-4a3d-8091-a973303b955e@group-677DDB1507C0-LeaderElection76 ELECTION round 0: result REJECTED
2021-11-29 23:22:29,297 [9eaa9061-0cbd-4a3d-8091-a973303b955e@group-677DDB1507C0-LeaderElection76] INFO  server.RaftServer$Division (RaftServerImpl.java:setRole(290)) - 9eaa9061-0cbd-4a3d-8091-a973303b955e@group-677DDB1507C0: changes role from CANDIDATE to FOLLOWER at term 11 for REJECTED
2021-11-29 23:22:29,297 [9eaa9061-0cbd-4a3d-8091-a973303b955e@group-677DDB1507C0-LeaderElection76] INFO  impl.RoleInfo (RoleInfo.java:shutdownLeaderElection(121)) - 9eaa9061-0cbd-4a3d-8091-a973303b955e: shutdown 9eaa9061-0cbd-4a3d-8091-a973303b955e@group-677DDB1507C0-LeaderElection76
2021-11-29 23:22:29,297 [9eaa9061-0cbd-4a3d-8091-a973303b955e@group-677DDB1507C0-LeaderElection76] INFO  impl.RoleInfo (RoleInfo.java:updateAndGet(130)) - 9eaa9061-0cbd-4a3d-8091-a973303b955e: start 9eaa9061-0cbd-4a3d-8091-a973303b955e@group-677DDB1507C0-FollowerState
2021-11-29 23:22:29,421 [EventQueue-OpenPipelineForHealthyPipelineSafeModeRule] INFO  safemode.SCMSafeModeManager (HealthyPipelineSafeModeRule.java:process(124)) - SCM in safe mode. Healthy pipelines reported count is 0, required healthy pipeline reported count is 1
2021-11-29 23:22:29,458 [ReplicationMonitor] INFO  container.ReplicationManager (ReplicationManager.java:processAll(371)) - Replication Monitor Thread took 0 milliseconds for processing 0 containers.
2021-11-29 23:22:29,723 [Listener at 127.0.0.1/46101] INFO  ozone.MiniOzoneClusterImpl (MiniOzoneClusterImpl.java:lambda$waitForClusterToBeReady$0(235)) - Nodes are ready. Got 4 of 4 DN Heartbeats.
2021-11-29 23:22:29,723 [Listener at 127.0.0.1/46101] INFO  ozone.MiniOzoneClusterImpl (MiniOzoneClusterImpl.java:lambda$waitForClusterToBeReady$0(238)) - Waiting for cluster to exit safe mode
2021-11-29 23:22:29,723 [Listener at 127.0.0.1/46101] INFO  ozone.MiniOzoneClusterImpl (MiniOzoneClusterImpl.java:lambda$waitForClusterToBeReady$0(240)) - SCM became leader
2021-11-29 23:22:30,461 [ReplicationMonitor] INFO  container.ReplicationManager (ReplicationManager.java:processAll(371)) - Replication Monitor Thread took 0 milliseconds for processing 0 containers.
2021-11-29 23:22:30,724 [Listener at 127.0.0.1/46101] INFO  ozone.MiniOzoneClusterImpl (MiniOzoneClusterImpl.java:lambda$waitForClusterToBeReady$0(235)) - Nodes are ready. Got 4 of 4 DN Heartbeats.
2021-11-29 23:22:30,724 [Listener at 127.0.0.1/46101] INFO  ozone.MiniOzoneClusterImpl (MiniOzoneClusterImpl.java:lambda$waitForClusterToBeReady$0(238)) - Waiting for cluster to exit safe mode
2021-11-29 23:22:30,724 [Listener at 127.0.0.1/46101] INFO  ozone.MiniOzoneClusterImpl (MiniOzoneClusterImpl.java:lambda$waitForClusterToBeReady$0(240)) - SCM became leader
2021-11-29 23:22:31,461 [ReplicationMonitor] INFO  container.ReplicationManager (ReplicationManager.java:processAll(371)) - Replication Monitor Thread took 0 milliseconds for processing 0 containers.
2021-11-29 23:22:31,724 [Listener at 127.0.0.1/46101] INFO  ozone.MiniOzoneClusterImpl (MiniOzoneClusterImpl.java:lambda$waitForClusterToBeReady$0(235)) - Nodes are ready. Got 4 of 4 DN Heartbeats.
2021-11-29 23:22:31,724 [Listener at 127.0.0.1/46101] INFO  ozone.MiniOzoneClusterImpl (MiniOzoneClusterImpl.java:lambda$waitForClusterToBeReady$0(238)) - Waiting for cluster to exit safe mode
2021-11-29 23:22:31,724 [Listener at 127.0.0.1/46101] INFO  ozone.MiniOzoneClusterImpl (MiniOzoneClusterImpl.java:lambda$waitForClusterToBeReady$0(240)) - SCM became leader
2021-11-29 23:22:32,461 [ReplicationMonitor] INFO  container.ReplicationManager (ReplicationManager.java:processAll(371)) - Replication Monitor Thread took 0 milliseconds for processing 0 containers.
2021-11-29 23:22:32,729 [Listener at 127.0.0.1/46101] INFO  ozone.MiniOzoneClusterImpl (MiniOzoneClusterImpl.java:lambda$waitForClusterToBeReady$0(235)) - Nodes are ready. Got 4 of 4 DN Heartbeats.
2021-11-29 23:22:32,729 [Listener at 127.0.0.1/46101] INFO  ozone.MiniOzoneClusterImpl (MiniOzoneClusterImpl.java:lambda$waitForClusterToBeReady$0(238)) - Waiting for cluster to exit safe mode
2021-11-29 23:22:32,729 [Listener at 127.0.0.1/46101] INFO  ozone.MiniOzoneClusterImpl (MiniOzoneClusterImpl.java:lambda$waitForClusterToBeReady$0(240)) - SCM became leader
2021-11-29 23:22:33,462 [ReplicationMonitor] INFO  container.ReplicationManager (ReplicationManager.java:processAll(371)) - Replication Monitor Thread took 0 milliseconds for processing 0 containers.
2021-11-29 23:22:33,729 [Listener at 127.0.0.1/46101] INFO  ozone.MiniOzoneClusterImpl (MiniOzoneClusterImpl.java:lambda$waitForClusterToBeReady$0(235)) - Nodes are ready. Got 4 of 4 DN Heartbeats.
2021-11-29 23:22:33,730 [Listener at 127.0.0.1/46101] INFO  ozone.MiniOzoneClusterImpl (MiniOzoneClusterImpl.java:lambda$waitForClusterToBeReady$0(238)) - Waiting for cluster to exit safe mode
2021-11-29 23:22:33,730 [Listener at 127.0.0.1/46101] INFO  ozone.MiniOzoneClusterImpl (MiniOzoneClusterImpl.java:lambda$waitForClusterToBeReady$0(240)) - SCM became leader
2021-11-29 23:22:34,302 [49fe3bb7-2dae-482d-a175-9585c41bacad@group-677DDB1507C0-FollowerState] INFO  impl.FollowerState (FollowerState.java:run(134)) - 49fe3bb7-2dae-482d-a175-9585c41bacad@group-677DDB1507C0-FollowerState: change to CANDIDATE, lastRpcElapsedTime:5016478599ns, electionTimeout:5016ms
2021-11-29 23:22:34,302 [49fe3bb7-2dae-482d-a175-9585c41bacad@group-677DDB1507C0-FollowerState] INFO  impl.RoleInfo (RoleInfo.java:shutdownFollowerState(108)) - 49fe3bb7-2dae-482d-a175-9585c41bacad: shutdown 49fe3bb7-2dae-482d-a175-9585c41bacad@group-677DDB1507C0-FollowerState
2021-11-29 23:22:34,302 [49fe3bb7-2dae-482d-a175-9585c41bacad@group-677DDB1507C0-FollowerState] INFO  server.RaftServer$Division (RaftServerImpl.java:setRole(290)) - 49fe3bb7-2dae-482d-a175-9585c41bacad@group-677DDB1507C0: changes role from  FOLLOWER to CANDIDATE at term 11 for changeToCandidate
2021-11-29 23:22:34,303 [49fe3bb7-2dae-482d-a175-9585c41bacad@group-677DDB1507C0-FollowerState] INFO  server.RaftServerConfigKeys (ConfUtils.java:logGet(44)) - raft.server.leaderelection.pre-vote = false (custom)
2021-11-29 23:22:34,303 [49fe3bb7-2dae-482d-a175-9585c41bacad@group-677DDB1507C0-FollowerState] INFO  impl.RoleInfo (RoleInfo.java:updateAndGet(130)) - 49fe3bb7-2dae-482d-a175-9585c41bacad: start 49fe3bb7-2dae-482d-a175-9585c41bacad@group-677DDB1507C0-LeaderElection78
2021-11-29 23:22:34,360 [49fe3bb7-2dae-482d-a175-9585c41bacad@group-677DDB1507C0-LeaderElection78] INFO  impl.LeaderElection (LeaderElection.java:askForVotes(306)) - 49fe3bb7-2dae-482d-a175-9585c41bacad@group-677DDB1507C0-LeaderElection78 ELECTION round 0: submit vote requests at term 12 for -1: [9eaa9061-0cbd-4a3d-8091-a973303b955e|rpc:10.1.0.37:35167|dataStream:|priority:0, 45f86aeb-e384-4aa9-8d84-a9c74618d31d|rpc:10.1.0.37:38125|dataStream:|priority:1, 49fe3bb7-2dae-482d-a175-9585c41bacad|rpc:10.1.0.37:39121|dataStream:|priority:0], old=null
2021-11-29 23:22:34,382 [grpc-default-executor-5] INFO  server.RaftServer$Division (RaftServerImpl.java:requestVote(1046)) - 9eaa9061-0cbd-4a3d-8091-a973303b955e@group-677DDB1507C0: receive requestVote(ELECTION, 49fe3bb7-2dae-482d-a175-9585c41bacad, group-677DDB1507C0, 12, (t:0, i:0))
2021-11-29 23:22:34,382 [grpc-default-executor-5] INFO  impl.VoteContext (VoteContext.java:log(48)) - 9eaa9061-0cbd-4a3d-8091-a973303b955e@group-677DDB1507C0-FOLLOWER: accept ELECTION from 49fe3bb7-2dae-482d-a175-9585c41bacad: our priority 0 <= candidate's priority 0
2021-11-29 23:22:34,382 [grpc-default-executor-5] INFO  server.RaftServer$Division (RaftServerImpl.java:setRole(290)) - 9eaa9061-0cbd-4a3d-8091-a973303b955e@group-677DDB1507C0: changes role from  FOLLOWER to FOLLOWER at term 12 for candidate:49fe3bb7-2dae-482d-a175-9585c41bacad
2021-11-29 23:22:34,383 [grpc-default-executor-5] INFO  impl.RoleInfo (RoleInfo.java:shutdownFollowerState(108)) - 9eaa9061-0cbd-4a3d-8091-a973303b955e: shutdown 9eaa9061-0cbd-4a3d-8091-a973303b955e@group-677DDB1507C0-FollowerState
2021-11-29 23:22:34,412 [grpc-default-executor-5] INFO  impl.RoleInfo (RoleInfo.java:updateAndGet(130)) - 9eaa9061-0cbd-4a3d-8091-a973303b955e: start 9eaa9061-0cbd-4a3d-8091-a973303b955e@group-677DDB1507C0-FollowerState
2021-11-29 23:22:34,413 [grpc-default-executor-8] INFO  server.RaftServer$Division (RaftServerImpl.java:requestVote(1046)) - 45f86aeb-e384-4aa9-8d84-a9c74618d31d@group-677DDB1507C0: receive requestVote(ELECTION, 49fe3bb7-2dae-482d-a175-9585c41bacad, group-677DDB1507C0, 12, (t:0, i:0))
2021-11-29 23:22:34,414 [grpc-default-executor-8] INFO  impl.VoteContext (VoteContext.java:log(48)) - 45f86aeb-e384-4aa9-8d84-a9c74618d31d@group-677DDB1507C0-FOLLOWER: reject ELECTION from 49fe3bb7-2dae-482d-a175-9585c41bacad: our priority 1 > candidate's priority 0
2021-11-29 23:22:34,414 [grpc-default-executor-8] INFO  server.RaftServer$Division (RaftServerImpl.java:setRole(290)) - 45f86aeb-e384-4aa9-8d84-a9c74618d31d@group-677DDB1507C0: changes role from  FOLLOWER to FOLLOWER at term 12 for candidate:49fe3bb7-2dae-482d-a175-9585c41bacad
2021-11-29 23:22:34,414 [grpc-default-executor-8] INFO  impl.RoleInfo (RoleInfo.java:shutdownFollowerState(108)) - 45f86aeb-e384-4aa9-8d84-a9c74618d31d: shutdown 45f86aeb-e384-4aa9-8d84-a9c74618d31d@group-677DDB1507C0-FollowerState
2021-11-29 23:22:34,417 [9eaa9061-0cbd-4a3d-8091-a973303b955e@group-677DDB1507C0-FollowerState] INFO  impl.FollowerState (FollowerState.java:run(143)) - 9eaa9061-0cbd-4a3d-8091-a973303b955e@group-677DDB1507C0-FollowerState was interrupted: {}
java.lang.InterruptedException: sleep interrupted
	at java.lang.Thread.sleep(Native Method)
	at java.lang.Thread.sleep(Thread.java:340)
	at java.util.concurrent.TimeUnit.sleep(TimeUnit.java:386)
	at org.apache.ratis.util.TimeDuration.sleep(TimeDuration.java:324)
	at org.apache.ratis.util.TimeDuration.sleep(TimeDuration.java:309)
	at org.apache.ratis.server.impl.FollowerState.run(FollowerState.java:118)
2021-11-29 23:22:34,434 [grpc-default-executor-8] INFO  impl.RoleInfo (RoleInfo.java:updateAndGet(130)) - 45f86aeb-e384-4aa9-8d84-a9c74618d31d: start 45f86aeb-e384-4aa9-8d84-a9c74618d31d@group-677DDB1507C0-FollowerState
2021-11-29 23:22:34,435 [45f86aeb-e384-4aa9-8d84-a9c74618d31d@group-677DDB1507C0-FollowerState] INFO  impl.FollowerState (FollowerState.java:run(143)) - 45f86aeb-e384-4aa9-8d84-a9c74618d31d@group-677DDB1507C0-FollowerState was interrupted: {}
java.lang.InterruptedException: sleep interrupted
	at java.lang.Thread.sleep(Native Method)
	at java.lang.Thread.sleep(Thread.java:340)
	at java.util.concurrent.TimeUnit.sleep(TimeUnit.java:386)
	at org.apache.ratis.util.TimeDuration.sleep(TimeDuration.java:324)
	at org.apache.ratis.util.TimeDuration.sleep(TimeDuration.java:309)
	at org.apache.ratis.server.impl.FollowerState.run(FollowerState.java:118)
2021-11-29 23:22:34,435 [grpc-default-executor-5] INFO  server.RaftServer$Division (RaftServerImpl.java:requestVote(1078)) - 9eaa9061-0cbd-4a3d-8091-a973303b955e@group-677DDB1507C0 replies to ELECTION vote request: 49fe3bb7-2dae-482d-a175-9585c41bacad<-9eaa9061-0cbd-4a3d-8091-a973303b955e#0:OK-t12. Peer's state: 9eaa9061-0cbd-4a3d-8091-a973303b955e@group-677DDB1507C0:t12, leader=null, voted=49fe3bb7-2dae-482d-a175-9585c41bacad, raftlog=9eaa9061-0cbd-4a3d-8091-a973303b955e@group-677DDB1507C0-SegmentedRaftLog:OPENED:c-1, conf=-1: [9eaa9061-0cbd-4a3d-8091-a973303b955e|rpc:10.1.0.37:35167|priority:0, 45f86aeb-e384-4aa9-8d84-a9c74618d31d|rpc:10.1.0.37:38125|priority:1, 49fe3bb7-2dae-482d-a175-9585c41bacad|rpc:10.1.0.37:39121|priority:0], old=null
2021-11-29 23:22:34,458 [grpc-default-executor-8] INFO  server.RaftServer$Division (RaftServerImpl.java:requestVote(1078)) - 45f86aeb-e384-4aa9-8d84-a9c74618d31d@group-677DDB1507C0 replies to ELECTION vote request: 49fe3bb7-2dae-482d-a175-9585c41bacad<-45f86aeb-e384-4aa9-8d84-a9c74618d31d#0:FAIL-t12. Peer's state: 45f86aeb-e384-4aa9-8d84-a9c74618d31d@group-677DDB1507C0:t12, leader=null, voted=null, raftlog=45f86aeb-e384-4aa9-8d84-a9c74618d31d@group-677DDB1507C0-SegmentedRaftLog:OPENED:c-1, conf=-1: [9eaa9061-0cbd-4a3d-8091-a973303b955e|rpc:10.1.0.37:35167|dataStream:|priority:0, 45f86aeb-e384-4aa9-8d84-a9c74618d31d|rpc:10.1.0.37:38125|dataStream:|priority:1, 49fe3bb7-2dae-482d-a175-9585c41bacad|rpc:10.1.0.37:39121|dataStream:|priority:0], old=null
2021-11-29 23:22:34,459 [49fe3bb7-2dae-482d-a175-9585c41bacad@group-677DDB1507C0-LeaderElection78] INFO  impl.LeaderElection (LeaderElection.java:logAndReturn(89)) - 49fe3bb7-2dae-482d-a175-9585c41bacad@group-677DDB1507C0-LeaderElection78: ELECTION REJECTED received 2 response(s) and 0 exception(s):
2021-11-29 23:22:34,459 [49fe3bb7-2dae-482d-a175-9585c41bacad@group-677DDB1507C0-LeaderElection78] INFO  impl.LeaderElection (LeaderElection.java:logAndReturn(93)) -   Response 0: 49fe3bb7-2dae-482d-a175-9585c41bacad<-9eaa9061-0cbd-4a3d-8091-a973303b955e#0:OK-t12
2021-11-29 23:22:34,459 [49fe3bb7-2dae-482d-a175-9585c41bacad@group-677DDB1507C0-LeaderElection78] INFO  impl.LeaderElection (LeaderElection.java:logAndReturn(93)) -   Response 1: 49fe3bb7-2dae-482d-a175-9585c41bacad<-45f86aeb-e384-4aa9-8d84-a9c74618d31d#0:FAIL-t12
2021-11-29 23:22:34,459 [49fe3bb7-2dae-482d-a175-9585c41bacad@group-677DDB1507C0-LeaderElection78] INFO  impl.LeaderElection (LeaderElection.java:askForVotes(308)) - 49fe3bb7-2dae-482d-a175-9585c41bacad@group-677DDB1507C0-LeaderElection78 ELECTION round 0: result REJECTED
2021-11-29 23:22:34,459 [49fe3bb7-2dae-482d-a175-9585c41bacad@group-677DDB1507C0-LeaderElection78] INFO  server.RaftServer$Division (RaftServerImpl.java:setRole(290)) - 49fe3bb7-2dae-482d-a175-9585c41bacad@group-677DDB1507C0: changes role from CANDIDATE to FOLLOWER at term 12 for REJECTED
2021-11-29 23:22:34,459 [49fe3bb7-2dae-482d-a175-9585c41bacad@group-677DDB1507C0-LeaderElection78] INFO  impl.RoleInfo (RoleInfo.java:shutdownLeaderElection(121)) - 49fe3bb7-2dae-482d-a175-9585c41bacad: shutdown 49fe3bb7-2dae-482d-a175-9585c41bacad@group-677DDB1507C0-LeaderElection78
2021-11-29 23:22:34,459 [49fe3bb7-2dae-482d-a175-9585c41bacad@group-677DDB1507C0-LeaderElection78] INFO  impl.RoleInfo (RoleInfo.java:updateAndGet(130)) - 49fe3bb7-2dae-482d-a175-9585c41bacad: start 49fe3bb7-2dae-482d-a175-9585c41bacad@group-677DDB1507C0-FollowerState
2021-11-29 23:22:34,462 [ReplicationMonitor] INFO  container.ReplicationManager (ReplicationManager.java:processAll(371)) - Replication Monitor Thread took 0 milliseconds for processing 0 containers.
2021-11-29 23:22:34,730 [Listener at 127.0.0.1/46101] INFO  ozone.MiniOzoneClusterImpl (MiniOzoneClusterImpl.java:lambda$waitForClusterToBeReady$0(235)) - Nodes are ready. Got 4 of 4 DN Heartbeats.
2021-11-29 23:22:34,730 [Listener at 127.0.0.1/46101] INFO  ozone.MiniOzoneClusterImpl (MiniOzoneClusterImpl.java:lambda$waitForClusterToBeReady$0(238)) - Waiting for cluster to exit safe mode
2021-11-29 23:22:34,730 [Listener at 127.0.0.1/46101] INFO  ozone.MiniOzoneClusterImpl (MiniOzoneClusterImpl.java:lambda$waitForClusterToBeReady$0(240)) - SCM became leader
2021-11-29 23:22:35,462 [ReplicationMonitor] INFO  container.ReplicationManager (ReplicationManager.java:processAll(371)) - Replication Monitor Thread took 0 milliseconds for processing 0 containers.
2021-11-29 23:22:35,734 [Listener at 127.0.0.1/46101] INFO  ozone.MiniOzoneClusterImpl (MiniOzoneClusterImpl.java:lambda$waitForClusterToBeReady$0(235)) - Nodes are ready. Got 4 of 4 DN Heartbeats.
2021-11-29 23:22:35,734 [Listener at 127.0.0.1/46101] INFO  ozone.MiniOzoneClusterImpl (MiniOzoneClusterImpl.java:lambda$waitForClusterToBeReady$0(238)) - Waiting for cluster to exit safe mode
2021-11-29 23:22:35,734 [Listener at 127.0.0.1/46101] INFO  ozone.MiniOzoneClusterImpl (MiniOzoneClusterImpl.java:lambda$waitForClusterToBeReady$0(240)) - SCM became leader
2021-11-29 23:22:36,462 [ReplicationMonitor] INFO  container.ReplicationManager (ReplicationManager.java:processAll(371)) - Replication Monitor Thread took 0 milliseconds for processing 0 containers.
2021-11-29 23:22:36,734 [Listener at 127.0.0.1/46101] INFO  ozone.MiniOzoneClusterImpl (MiniOzoneClusterImpl.java:lambda$waitForClusterToBeReady$0(235)) - Nodes are ready. Got 4 of 4 DN Heartbeats.
2021-11-29 23:22:36,734 [Listener at 127.0.0.1/46101] INFO  ozone.MiniOzoneClusterImpl (MiniOzoneClusterImpl.java:lambda$waitForClusterToBeReady$0(238)) - Waiting for cluster to exit safe mode
2021-11-29 23:22:36,734 [Listener at 127.0.0.1/46101] INFO  ozone.MiniOzoneClusterImpl (MiniOzoneClusterImpl.java:lambda$waitForClusterToBeReady$0(240)) - SCM became leader
2021-11-29 23:22:37,463 [ReplicationMonitor] INFO  container.ReplicationManager (ReplicationManager.java:processAll(371)) - Replication Monitor Thread took 0 milliseconds for processing 0 containers.
2021-11-29 23:22:37,734 [Listener at 127.0.0.1/46101] INFO  ozone.MiniOzoneClusterImpl (MiniOzoneClusterImpl.java:lambda$waitForClusterToBeReady$0(235)) - Nodes are ready. Got 4 of 4 DN Heartbeats.
2021-11-29 23:22:37,735 [Listener at 127.0.0.1/46101] INFO  ozone.MiniOzoneClusterImpl (MiniOzoneClusterImpl.java:lambda$waitForClusterToBeReady$0(238)) - Waiting for cluster to exit safe mode
2021-11-29 23:22:37,735 [Listener at 127.0.0.1/46101] INFO  ozone.MiniOzoneClusterImpl (MiniOzoneClusterImpl.java:lambda$waitForClusterToBeReady$0(240)) - SCM became leader
2021-11-29 23:22:38,463 [ReplicationMonitor] INFO  container.ReplicationManager (ReplicationManager.java:processAll(371)) - Replication Monitor Thread took 0 milliseconds for processing 0 containers.
2021-11-29 23:22:38,735 [Listener at 127.0.0.1/46101] INFO  ozone.MiniOzoneClusterImpl (MiniOzoneClusterImpl.java:lambda$waitForClusterToBeReady$0(235)) - Nodes are ready. Got 4 of 4 DN Heartbeats.
2021-11-29 23:22:38,735 [Listener at 127.0.0.1/46101] INFO  ozone.MiniOzoneClusterImpl (MiniOzoneClusterImpl.java:lambda$waitForClusterToBeReady$0(238)) - Waiting for cluster to exit safe mode
2021-11-29 23:22:38,735 [Listener at 127.0.0.1/46101] INFO  ozone.MiniOzoneClusterImpl (MiniOzoneClusterImpl.java:lambda$waitForClusterToBeReady$0(240)) - SCM became leader
2021-11-29 23:22:39,463 [ReplicationMonitor] INFO  container.ReplicationManager (ReplicationManager.java:processAll(371)) - Replication Monitor Thread took 0 milliseconds for processing 0 containers.
2021-11-29 23:22:39,495 [49fe3bb7-2dae-482d-a175-9585c41bacad@group-677DDB1507C0-FollowerState] INFO  impl.FollowerState (FollowerState.java:run(134)) - 49fe3bb7-2dae-482d-a175-9585c41bacad@group-677DDB1507C0-FollowerState: change to CANDIDATE, lastRpcElapsedTime:5035847200ns, electionTimeout:5025ms
2021-11-29 23:22:39,495 [49fe3bb7-2dae-482d-a175-9585c41bacad@group-677DDB1507C0-FollowerState] INFO  impl.RoleInfo (RoleInfo.java:shutdownFollowerState(108)) - 49fe3bb7-2dae-482d-a175-9585c41bacad: shutdown 49fe3bb7-2dae-482d-a175-9585c41bacad@group-677DDB1507C0-FollowerState
2021-11-29 23:22:39,495 [49fe3bb7-2dae-482d-a175-9585c41bacad@group-677DDB1507C0-FollowerState] INFO  server.RaftServer$Division (RaftServerImpl.java:setRole(290)) - 49fe3bb7-2dae-482d-a175-9585c41bacad@group-677DDB1507C0: changes role from  FOLLOWER to CANDIDATE at term 12 for changeToCandidate
2021-11-29 23:22:39,495 [49fe3bb7-2dae-482d-a175-9585c41bacad@group-677DDB1507C0-FollowerState] INFO  server.RaftServerConfigKeys (ConfUtils.java:logGet(44)) - raft.server.leaderelection.pre-vote = false (custom)
2021-11-29 23:22:39,495 [49fe3bb7-2dae-482d-a175-9585c41bacad@group-677DDB1507C0-FollowerState] INFO  impl.RoleInfo (RoleInfo.java:updateAndGet(130)) - 49fe3bb7-2dae-482d-a175-9585c41bacad: start 49fe3bb7-2dae-482d-a175-9585c41bacad@group-677DDB1507C0-LeaderElection79
2021-11-29 23:22:39,573 [9eaa9061-0cbd-4a3d-8091-a973303b955e@group-677DDB1507C0-FollowerState] INFO  impl.FollowerState (FollowerState.java:run(134)) - 9eaa9061-0cbd-4a3d-8091-a973303b955e@group-677DDB1507C0-FollowerState: change to CANDIDATE, lastRpcElapsedTime:5138553815ns, electionTimeout:5064ms
2021-11-29 23:22:39,574 [9eaa9061-0cbd-4a3d-8091-a973303b955e@group-677DDB1507C0-FollowerState] INFO  impl.RoleInfo (RoleInfo.java:shutdownFollowerState(108)) - 9eaa9061-0cbd-4a3d-8091-a973303b955e: shutdown 9eaa9061-0cbd-4a3d-8091-a973303b955e@group-677DDB1507C0-FollowerState
2021-11-29 23:22:39,574 [9eaa9061-0cbd-4a3d-8091-a973303b955e@group-677DDB1507C0-FollowerState] INFO  server.RaftServer$Division (RaftServerImpl.java:setRole(290)) - 9eaa9061-0cbd-4a3d-8091-a973303b955e@group-677DDB1507C0: changes role from  FOLLOWER to CANDIDATE at term 12 for changeToCandidate
2021-11-29 23:22:39,574 [9eaa9061-0cbd-4a3d-8091-a973303b955e@group-677DDB1507C0-FollowerState] INFO  server.RaftServerConfigKeys (ConfUtils.java:logGet(44)) - raft.server.leaderelection.pre-vote = false (custom)
2021-11-29 23:22:39,574 [9eaa9061-0cbd-4a3d-8091-a973303b955e@group-677DDB1507C0-FollowerState] INFO  impl.RoleInfo (RoleInfo.java:updateAndGet(130)) - 9eaa9061-0cbd-4a3d-8091-a973303b955e: start 9eaa9061-0cbd-4a3d-8091-a973303b955e@group-677DDB1507C0-LeaderElection80
2021-11-29 23:22:39,605 [49fe3bb7-2dae-482d-a175-9585c41bacad@group-677DDB1507C0-LeaderElection79] INFO  impl.LeaderElection (LeaderElection.java:askForVotes(306)) - 49fe3bb7-2dae-482d-a175-9585c41bacad@group-677DDB1507C0-LeaderElection79 ELECTION round 0: submit vote requests at term 13 for -1: [9eaa9061-0cbd-4a3d-8091-a973303b955e|rpc:10.1.0.37:35167|dataStream:|priority:0, 45f86aeb-e384-4aa9-8d84-a9c74618d31d|rpc:10.1.0.37:38125|dataStream:|priority:1, 49fe3bb7-2dae-482d-a175-9585c41bacad|rpc:10.1.0.37:39121|dataStream:|priority:0], old=null
2021-11-29 23:22:39,605 [9eaa9061-0cbd-4a3d-8091-a973303b955e@group-677DDB1507C0-LeaderElection80] INFO  impl.LeaderElection (LeaderElection.java:askForVotes(306)) - 9eaa9061-0cbd-4a3d-8091-a973303b955e@group-677DDB1507C0-LeaderElection80 ELECTION round 0: submit vote requests at term 13 for -1: [9eaa9061-0cbd-4a3d-8091-a973303b955e|rpc:10.1.0.37:35167|priority:0, 45f86aeb-e384-4aa9-8d84-a9c74618d31d|rpc:10.1.0.37:38125|priority:1, 49fe3bb7-2dae-482d-a175-9585c41bacad|rpc:10.1.0.37:39121|priority:0], old=null
2021-11-29 23:22:39,640 [grpc-default-executor-8] INFO  server.RaftServer$Division (RaftServerImpl.java:requestVote(1046)) - 9eaa9061-0cbd-4a3d-8091-a973303b955e@group-677DDB1507C0: receive requestVote(ELECTION, 49fe3bb7-2dae-482d-a175-9585c41bacad, group-677DDB1507C0, 13, (t:0, i:0))
2021-11-29 23:22:39,640 [grpc-default-executor-8] INFO  impl.VoteContext (VoteContext.java:log(48)) - 9eaa9061-0cbd-4a3d-8091-a973303b955e@group-677DDB1507C0-CANDIDATE: reject ELECTION from 49fe3bb7-2dae-482d-a175-9585c41bacad: already has voted for 9eaa9061-0cbd-4a3d-8091-a973303b955e at current term 13
2021-11-29 23:22:39,640 [grpc-default-executor-8] INFO  server.RaftServer$Division (RaftServerImpl.java:requestVote(1078)) - 9eaa9061-0cbd-4a3d-8091-a973303b955e@group-677DDB1507C0 replies to ELECTION vote request: 49fe3bb7-2dae-482d-a175-9585c41bacad<-9eaa9061-0cbd-4a3d-8091-a973303b955e#0:FAIL-t13. Peer's state: 9eaa9061-0cbd-4a3d-8091-a973303b955e@group-677DDB1507C0:t13, leader=null, voted=9eaa9061-0cbd-4a3d-8091-a973303b955e, raftlog=9eaa9061-0cbd-4a3d-8091-a973303b955e@group-677DDB1507C0-SegmentedRaftLog:OPENED:c-1, conf=-1: [9eaa9061-0cbd-4a3d-8091-a973303b955e|rpc:10.1.0.37:35167|priority:0, 45f86aeb-e384-4aa9-8d84-a9c74618d31d|rpc:10.1.0.37:38125|priority:1, 49fe3bb7-2dae-482d-a175-9585c41bacad|rpc:10.1.0.37:39121|priority:0], old=null
2021-11-29 23:22:39,643 [45f86aeb-e384-4aa9-8d84-a9c74618d31d@group-677DDB1507C0-FollowerState] INFO  impl.FollowerState (FollowerState.java:run(134)) - 45f86aeb-e384-4aa9-8d84-a9c74618d31d@group-677DDB1507C0-FollowerState: change to CANDIDATE, lastRpcElapsedTime:5208374612ns, electionTimeout:5171ms
2021-11-29 23:22:39,643 [45f86aeb-e384-4aa9-8d84-a9c74618d31d@group-677DDB1507C0-FollowerState] INFO  impl.RoleInfo (RoleInfo.java:shutdownFollowerState(108)) - 45f86aeb-e384-4aa9-8d84-a9c74618d31d: shutdown 45f86aeb-e384-4aa9-8d84-a9c74618d31d@group-677DDB1507C0-FollowerState
2021-11-29 23:22:39,643 [45f86aeb-e384-4aa9-8d84-a9c74618d31d@group-677DDB1507C0-FollowerState] INFO  server.RaftServer$Division (RaftServerImpl.java:setRole(290)) - 45f86aeb-e384-4aa9-8d84-a9c74618d31d@group-677DDB1507C0: changes role from  FOLLOWER to CANDIDATE at term 12 for changeToCandidate
2021-11-29 23:22:39,657 [45f86aeb-e384-4aa9-8d84-a9c74618d31d@group-677DDB1507C0-FollowerState] INFO  server.RaftServerConfigKeys (ConfUtils.java:logGet(44)) - raft.server.leaderelection.pre-vote = false (custom)
2021-11-29 23:22:39,657 [45f86aeb-e384-4aa9-8d84-a9c74618d31d@group-677DDB1507C0-FollowerState] INFO  impl.RoleInfo (RoleInfo.java:updateAndGet(130)) - 45f86aeb-e384-4aa9-8d84-a9c74618d31d: start 45f86aeb-e384-4aa9-8d84-a9c74618d31d@group-677DDB1507C0-LeaderElection81
2021-11-29 23:22:39,658 [grpc-default-executor-8] INFO  server.RaftServer$Division (RaftServerImpl.java:requestVote(1046)) - 45f86aeb-e384-4aa9-8d84-a9c74618d31d@group-677DDB1507C0: receive requestVote(ELECTION, 49fe3bb7-2dae-482d-a175-9585c41bacad, group-677DDB1507C0, 13, (t:0, i:0))
2021-11-29 23:22:39,660 [grpc-default-executor-5] INFO  server.RaftServer$Division (RaftServerImpl.java:requestVote(1046)) - 45f86aeb-e384-4aa9-8d84-a9c74618d31d@group-677DDB1507C0: receive requestVote(ELECTION, 9eaa9061-0cbd-4a3d-8091-a973303b955e, group-677DDB1507C0, 13, (t:0, i:0))
2021-11-29 23:22:39,668 [grpc-default-executor-6] INFO  server.RaftServer$Division (RaftServerImpl.java:requestVote(1046)) - 49fe3bb7-2dae-482d-a175-9585c41bacad@group-677DDB1507C0: receive requestVote(ELECTION, 9eaa9061-0cbd-4a3d-8091-a973303b955e, group-677DDB1507C0, 13, (t:0, i:0))
2021-11-29 23:22:39,668 [grpc-default-executor-6] INFO  impl.VoteContext (VoteContext.java:log(48)) - 49fe3bb7-2dae-482d-a175-9585c41bacad@group-677DDB1507C0-CANDIDATE: reject ELECTION from 9eaa9061-0cbd-4a3d-8091-a973303b955e: already has voted for 49fe3bb7-2dae-482d-a175-9585c41bacad at current term 13
2021-11-29 23:22:39,668 [grpc-default-executor-6] INFO  server.RaftServer$Division (RaftServerImpl.java:requestVote(1078)) - 49fe3bb7-2dae-482d-a175-9585c41bacad@group-677DDB1507C0 replies to ELECTION vote request: 9eaa9061-0cbd-4a3d-8091-a973303b955e<-49fe3bb7-2dae-482d-a175-9585c41bacad#0:FAIL-t13. Peer's state: 49fe3bb7-2dae-482d-a175-9585c41bacad@group-677DDB1507C0:t13, leader=null, voted=49fe3bb7-2dae-482d-a175-9585c41bacad, raftlog=49fe3bb7-2dae-482d-a175-9585c41bacad@group-677DDB1507C0-SegmentedRaftLog:OPENED:c-1, conf=-1: [9eaa9061-0cbd-4a3d-8091-a973303b955e|rpc:10.1.0.37:35167|dataStream:|priority:0, 45f86aeb-e384-4aa9-8d84-a9c74618d31d|rpc:10.1.0.37:38125|dataStream:|priority:1, 49fe3bb7-2dae-482d-a175-9585c41bacad|rpc:10.1.0.37:39121|dataStream:|priority:0], old=null
2021-11-29 23:22:39,685 [grpc-default-executor-5] INFO  impl.VoteContext (VoteContext.java:log(48)) - 45f86aeb-e384-4aa9-8d84-a9c74618d31d@group-677DDB1507C0-CANDIDATE: reject ELECTION from 9eaa9061-0cbd-4a3d-8091-a973303b955e: our priority 1 > candidate's priority 0
2021-11-29 23:22:39,685 [grpc-default-executor-5] INFO  server.RaftServer$Division (RaftServerImpl.java:setRole(290)) - 45f86aeb-e384-4aa9-8d84-a9c74618d31d@group-677DDB1507C0: changes role from CANDIDATE to FOLLOWER at term 13 for candidate:9eaa9061-0cbd-4a3d-8091-a973303b955e
2021-11-29 23:22:39,685 [grpc-default-executor-5] INFO  impl.RoleInfo (RoleInfo.java:shutdownLeaderElection(121)) - 45f86aeb-e384-4aa9-8d84-a9c74618d31d: shutdown 45f86aeb-e384-4aa9-8d84-a9c74618d31d@group-677DDB1507C0-LeaderElection81
2021-11-29 23:22:39,685 [grpc-default-executor-5] INFO  impl.RoleInfo (RoleInfo.java:updateAndGet(130)) - 45f86aeb-e384-4aa9-8d84-a9c74618d31d: start 45f86aeb-e384-4aa9-8d84-a9c74618d31d@group-677DDB1507C0-FollowerState
2021-11-29 23:22:39,686 [45f86aeb-e384-4aa9-8d84-a9c74618d31d@group-677DDB1507C0-LeaderElection81] INFO  impl.LeaderElection (LeaderElection.java:run(230)) - 45f86aeb-e384-4aa9-8d84-a9c74618d31d@group-677DDB1507C0-LeaderElection81: skip running since this is already CLOSING
2021-11-29 23:22:39,735 [Listener at 127.0.0.1/46101] INFO  ozone.MiniOzoneClusterImpl (MiniOzoneClusterImpl.java:lambda$waitForClusterToBeReady$0(235)) - Nodes are ready. Got 4 of 4 DN Heartbeats.
2021-11-29 23:22:39,735 [Listener at 127.0.0.1/46101] INFO  ozone.MiniOzoneClusterImpl (MiniOzoneClusterImpl.java:lambda$waitForClusterToBeReady$0(238)) - Waiting for cluster to exit safe mode
2021-11-29 23:22:39,735 [Listener at 127.0.0.1/46101] INFO  ozone.MiniOzoneClusterImpl (MiniOzoneClusterImpl.java:lambda$waitForClusterToBeReady$0(240)) - SCM became leader
2021-11-29 23:22:39,779 [grpc-default-executor-5] INFO  server.RaftServer$Division (RaftServerImpl.java:requestVote(1078)) - 45f86aeb-e384-4aa9-8d84-a9c74618d31d@group-677DDB1507C0 replies to ELECTION vote request: 9eaa9061-0cbd-4a3d-8091-a973303b955e<-45f86aeb-e384-4aa9-8d84-a9c74618d31d#0:FAIL-t13. Peer's state: 45f86aeb-e384-4aa9-8d84-a9c74618d31d@group-677DDB1507C0:t13, leader=null, voted=null, raftlog=45f86aeb-e384-4aa9-8d84-a9c74618d31d@group-677DDB1507C0-SegmentedRaftLog:OPENED:c-1, conf=-1: [9eaa9061-0cbd-4a3d-8091-a973303b955e|rpc:10.1.0.37:35167|dataStream:|priority:0, 45f86aeb-e384-4aa9-8d84-a9c74618d31d|rpc:10.1.0.37:38125|dataStream:|priority:1, 49fe3bb7-2dae-482d-a175-9585c41bacad|rpc:10.1.0.37:39121|dataStream:|priority:0], old=null
2021-11-29 23:22:39,780 [grpc-default-executor-8] INFO  impl.VoteContext (VoteContext.java:log(48)) - 45f86aeb-e384-4aa9-8d84-a9c74618d31d@group-677DDB1507C0-FOLLOWER: reject ELECTION from 49fe3bb7-2dae-482d-a175-9585c41bacad: our priority 1 > candidate's priority 0
2021-11-29 23:22:39,780 [grpc-default-executor-8] INFO  server.RaftServer$Division (RaftServerImpl.java:setRole(290)) - 45f86aeb-e384-4aa9-8d84-a9c74618d31d@group-677DDB1507C0: changes role from  FOLLOWER to FOLLOWER at term 13 for candidate:49fe3bb7-2dae-482d-a175-9585c41bacad
2021-11-29 23:22:39,780 [grpc-default-executor-8] INFO  impl.RoleInfo (RoleInfo.java:shutdownFollowerState(108)) - 45f86aeb-e384-4aa9-8d84-a9c74618d31d: shutdown 45f86aeb-e384-4aa9-8d84-a9c74618d31d@group-677DDB1507C0-FollowerState
2021-11-29 23:22:39,780 [grpc-default-executor-8] INFO  impl.RoleInfo (RoleInfo.java:updateAndGet(130)) - 45f86aeb-e384-4aa9-8d84-a9c74618d31d: start 45f86aeb-e384-4aa9-8d84-a9c74618d31d@group-677DDB1507C0-FollowerState
2021-11-29 23:22:39,780 [45f86aeb-e384-4aa9-8d84-a9c74618d31d@group-677DDB1507C0-FollowerState] INFO  impl.FollowerState (FollowerState.java:run(143)) - 45f86aeb-e384-4aa9-8d84-a9c74618d31d@group-677DDB1507C0-FollowerState was interrupted: {}
java.lang.InterruptedException: sleep interrupted
	at java.lang.Thread.sleep(Native Method)
	at java.lang.Thread.sleep(Thread.java:340)
	at java.util.concurrent.TimeUnit.sleep(TimeUnit.java:386)
	at org.apache.ratis.util.TimeDuration.sleep(TimeDuration.java:324)
	at org.apache.ratis.util.TimeDuration.sleep(TimeDuration.java:309)
	at org.apache.ratis.server.impl.FollowerState.run(FollowerState.java:118)
2021-11-29 23:22:39,794 [9eaa9061-0cbd-4a3d-8091-a973303b955e@group-677DDB1507C0-LeaderElection80] INFO  impl.LeaderElection (LeaderElection.java:logAndReturn(89)) - 9eaa9061-0cbd-4a3d-8091-a973303b955e@group-677DDB1507C0-LeaderElection80: ELECTION REJECTED received 2 response(s) and 0 exception(s):
2021-11-29 23:22:39,794 [9eaa9061-0cbd-4a3d-8091-a973303b955e@group-677DDB1507C0-LeaderElection80] INFO  impl.LeaderElection (LeaderElection.java:logAndReturn(93)) -   Response 0: 9eaa9061-0cbd-4a3d-8091-a973303b955e<-45f86aeb-e384-4aa9-8d84-a9c74618d31d#0:FAIL-t13
2021-11-29 23:22:39,794 [9eaa9061-0cbd-4a3d-8091-a973303b955e@group-677DDB1507C0-LeaderElection80] INFO  impl.LeaderElection (LeaderElection.java:logAndReturn(93)) -   Response 1: 9eaa9061-0cbd-4a3d-8091-a973303b955e<-49fe3bb7-2dae-482d-a175-9585c41bacad#0:FAIL-t13
2021-11-29 23:22:39,794 [9eaa9061-0cbd-4a3d-8091-a973303b955e@group-677DDB1507C0-LeaderElection80] INFO  impl.LeaderElection (LeaderElection.java:askForVotes(308)) - 9eaa9061-0cbd-4a3d-8091-a973303b955e@group-677DDB1507C0-LeaderElection80 ELECTION round 0: result REJECTED
2021-11-29 23:22:39,794 [9eaa9061-0cbd-4a3d-8091-a973303b955e@group-677DDB1507C0-LeaderElection80] INFO  server.RaftServer$Division (RaftServerImpl.java:setRole(290)) - 9eaa9061-0cbd-4a3d-8091-a973303b955e@group-677DDB1507C0: changes role from CANDIDATE to FOLLOWER at term 13 for REJECTED
2021-11-29 23:22:39,794 [9eaa9061-0cbd-4a3d-8091-a973303b955e@group-677DDB1507C0-LeaderElection80] INFO  impl.RoleInfo (RoleInfo.java:shutdownLeaderElection(121)) - 9eaa9061-0cbd-4a3d-8091-a973303b955e: shutdown 9eaa9061-0cbd-4a3d-8091-a973303b955e@group-677DDB1507C0-LeaderElection80
2021-11-29 23:22:39,795 [9eaa9061-0cbd-4a3d-8091-a973303b955e@group-677DDB1507C0-LeaderElection80] INFO  impl.RoleInfo (RoleInfo.java:updateAndGet(130)) - 9eaa9061-0cbd-4a3d-8091-a973303b955e: start 9eaa9061-0cbd-4a3d-8091-a973303b955e@group-677DDB1507C0-FollowerState
2021-11-29 23:22:39,801 [grpc-default-executor-8] INFO  server.RaftServer$Division (RaftServerImpl.java:requestVote(1078)) - 45f86aeb-e384-4aa9-8d84-a9c74618d31d@group-677DDB1507C0 replies to ELECTION vote request: 49fe3bb7-2dae-482d-a175-9585c41bacad<-45f86aeb-e384-4aa9-8d84-a9c74618d31d#0:FAIL-t13. Peer's state: 45f86aeb-e384-4aa9-8d84-a9c74618d31d@group-677DDB1507C0:t13, leader=null, voted=null, raftlog=45f86aeb-e384-4aa9-8d84-a9c74618d31d@group-677DDB1507C0-SegmentedRaftLog:OPENED:c-1, conf=-1: [9eaa9061-0cbd-4a3d-8091-a973303b955e|rpc:10.1.0.37:35167|dataStream:|priority:0, 45f86aeb-e384-4aa9-8d84-a9c74618d31d|rpc:10.1.0.37:38125|dataStream:|priority:1, 49fe3bb7-2dae-482d-a175-9585c41bacad|rpc:10.1.0.37:39121|dataStream:|priority:0], old=null
2021-11-29 23:22:39,802 [49fe3bb7-2dae-482d-a175-9585c41bacad@group-677DDB1507C0-LeaderElection79] INFO  impl.LeaderElection (LeaderElection.java:logAndReturn(89)) - 49fe3bb7-2dae-482d-a175-9585c41bacad@group-677DDB1507C0-LeaderElection79: ELECTION REJECTED received 2 response(s) and 0 exception(s):
2021-11-29 23:22:39,802 [49fe3bb7-2dae-482d-a175-9585c41bacad@group-677DDB1507C0-LeaderElection79] INFO  impl.LeaderElection (LeaderElection.java:logAndReturn(93)) -   Response 0: 49fe3bb7-2dae-482d-a175-9585c41bacad<-9eaa9061-0cbd-4a3d-8091-a973303b955e#0:FAIL-t13
2021-11-29 23:22:39,802 [49fe3bb7-2dae-482d-a175-9585c41bacad@group-677DDB1507C0-LeaderElection79] INFO  impl.LeaderElection (LeaderElection.java:logAndReturn(93)) -   Response 1: 49fe3bb7-2dae-482d-a175-9585c41bacad<-45f86aeb-e384-4aa9-8d84-a9c74618d31d#0:FAIL-t13
2021-11-29 23:22:39,802 [49fe3bb7-2dae-482d-a175-9585c41bacad@group-677DDB1507C0-LeaderElection79] INFO  impl.LeaderElection (LeaderElection.java:askForVotes(308)) - 49fe3bb7-2dae-482d-a175-9585c41bacad@group-677DDB1507C0-LeaderElection79 ELECTION round 0: result REJECTED
2021-11-29 23:22:39,802 [49fe3bb7-2dae-482d-a175-9585c41bacad@group-677DDB1507C0-LeaderElection79] INFO  server.RaftServer$Division (RaftServerImpl.java:setRole(290)) - 49fe3bb7-2dae-482d-a175-9585c41bacad@group-677DDB1507C0: changes role from CANDIDATE to FOLLOWER at term 13 for REJECTED
2021-11-29 23:22:39,802 [49fe3bb7-2dae-482d-a175-9585c41bacad@group-677DDB1507C0-LeaderElection79] INFO  impl.RoleInfo (RoleInfo.java:shutdownLeaderElection(121)) - 49fe3bb7-2dae-482d-a175-9585c41bacad: shutdown 49fe3bb7-2dae-482d-a175-9585c41bacad@group-677DDB1507C0-LeaderElection79
2021-11-29 23:22:39,802 [49fe3bb7-2dae-482d-a175-9585c41bacad@group-677DDB1507C0-LeaderElection79] INFO  impl.RoleInfo (RoleInfo.java:updateAndGet(130)) - 49fe3bb7-2dae-482d-a175-9585c41bacad: start 49fe3bb7-2dae-482d-a175-9585c41bacad@group-677DDB1507C0-FollowerState
2021-11-29 23:22:40,463 [ReplicationMonitor] INFO  container.ReplicationManager (ReplicationManager.java:processAll(371)) - Replication Monitor Thread took 1 milliseconds for processing 0 containers.
2021-11-29 23:22:40,736 [Listener at 127.0.0.1/46101] INFO  ozone.MiniOzoneClusterImpl (MiniOzoneClusterImpl.java:lambda$waitForClusterToBeReady$0(235)) - Nodes are ready. Got 4 of 4 DN Heartbeats.
2021-11-29 23:22:40,736 [Listener at 127.0.0.1/46101] INFO  ozone.MiniOzoneClusterImpl (MiniOzoneClusterImpl.java:lambda$waitForClusterToBeReady$0(238)) - Waiting for cluster to exit safe mode
2021-11-29 23:22:40,736 [Listener at 127.0.0.1/46101] INFO  ozone.MiniOzoneClusterImpl (MiniOzoneClusterImpl.java:lambda$waitForClusterToBeReady$0(240)) - SCM became leader
2021-11-29 23:22:41,464 [ReplicationMonitor] INFO  container.ReplicationManager (ReplicationManager.java:processAll(371)) - Replication Monitor Thread took 0 milliseconds for processing 0 containers.
2021-11-29 23:22:41,736 [Listener at 127.0.0.1/46101] INFO  ozone.MiniOzoneClusterImpl (MiniOzoneClusterImpl.java:lambda$waitForClusterToBeReady$0(235)) - Nodes are ready. Got 4 of 4 DN Heartbeats.
2021-11-29 23:22:41,736 [Listener at 127.0.0.1/46101] INFO  ozone.MiniOzoneClusterImpl (MiniOzoneClusterImpl.java:lambda$waitForClusterToBeReady$0(238)) - Waiting for cluster to exit safe mode
2021-11-29 23:22:41,736 [Listener at 127.0.0.1/46101] INFO  ozone.MiniOzoneClusterImpl (MiniOzoneClusterImpl.java:lambda$waitForClusterToBeReady$0(240)) - SCM became leader
2021-11-29 23:22:42,464 [ReplicationMonitor] INFO  container.ReplicationManager (ReplicationManager.java:processAll(371)) - Replication Monitor Thread took 0 milliseconds for processing 0 containers.
2021-11-29 23:22:42,736 [Listener at 127.0.0.1/46101] INFO  ozone.MiniOzoneClusterImpl (MiniOzoneClusterImpl.java:lambda$waitForClusterToBeReady$0(235)) - Nodes are ready. Got 4 of 4 DN Heartbeats.
2021-11-29 23:22:42,737 [Listener at 127.0.0.1/46101] INFO  ozone.MiniOzoneClusterImpl (MiniOzoneClusterImpl.java:lambda$waitForClusterToBeReady$0(238)) - Waiting for cluster to exit safe mode
2021-11-29 23:22:42,737 [Listener at 127.0.0.1/46101] INFO  ozone.MiniOzoneClusterImpl (MiniOzoneClusterImpl.java:lambda$waitForClusterToBeReady$0(240)) - SCM became leader
2021-11-29 23:22:43,424 [EventQueue-OpenPipelineForHealthyPipelineSafeModeRule] INFO  safemode.SCMSafeModeManager (HealthyPipelineSafeModeRule.java:process(124)) - SCM in safe mode. Healthy pipelines reported count is 0, required healthy pipeline reported count is 1
2021-11-29 23:22:43,464 [ReplicationMonitor] INFO  container.ReplicationManager (ReplicationManager.java:processAll(371)) - Replication Monitor Thread took 0 milliseconds for processing 0 containers.
2021-11-29 23:22:43,737 [Listener at 127.0.0.1/46101] INFO  ozone.MiniOzoneClusterImpl (MiniOzoneClusterImpl.java:lambda$waitForClusterToBeReady$0(235)) - Nodes are ready. Got 4 of 4 DN Heartbeats.
2021-11-29 23:22:43,737 [Listener at 127.0.0.1/46101] INFO  ozone.MiniOzoneClusterImpl (MiniOzoneClusterImpl.java:lambda$waitForClusterToBeReady$0(238)) - Waiting for cluster to exit safe mode
2021-11-29 23:22:43,737 [Listener at 127.0.0.1/46101] INFO  ozone.MiniOzoneClusterImpl (MiniOzoneClusterImpl.java:lambda$waitForClusterToBeReady$0(240)) - SCM became leader
2021-11-29 23:22:44,464 [ReplicationMonitor] INFO  container.ReplicationManager (ReplicationManager.java:processAll(371)) - Replication Monitor Thread took 0 milliseconds for processing 0 containers.
2021-11-29 23:22:44,737 [Listener at 127.0.0.1/46101] INFO  ozone.MiniOzoneClusterImpl (MiniOzoneClusterImpl.java:lambda$waitForClusterToBeReady$0(235)) - Nodes are ready. Got 4 of 4 DN Heartbeats.
2021-11-29 23:22:44,737 [Listener at 127.0.0.1/46101] INFO  ozone.MiniOzoneClusterImpl (MiniOzoneClusterImpl.java:lambda$waitForClusterToBeReady$0(238)) - Waiting for cluster to exit safe mode
2021-11-29 23:22:44,737 [Listener at 127.0.0.1/46101] INFO  ozone.MiniOzoneClusterImpl (MiniOzoneClusterImpl.java:lambda$waitForClusterToBeReady$0(240)) - SCM became leader
2021-11-29 23:22:44,930 [45f86aeb-e384-4aa9-8d84-a9c74618d31d@group-677DDB1507C0-FollowerState] INFO  impl.FollowerState (FollowerState.java:run(134)) - 45f86aeb-e384-4aa9-8d84-a9c74618d31d@group-677DDB1507C0-FollowerState: change to CANDIDATE, lastRpcElapsedTime:5150106389ns, electionTimeout:5116ms
2021-11-29 23:22:44,930 [45f86aeb-e384-4aa9-8d84-a9c74618d31d@group-677DDB1507C0-FollowerState] INFO  impl.RoleInfo (RoleInfo.java:shutdownFollowerState(108)) - 45f86aeb-e384-4aa9-8d84-a9c74618d31d: shutdown 45f86aeb-e384-4aa9-8d84-a9c74618d31d@group-677DDB1507C0-FollowerState
2021-11-29 23:22:44,930 [45f86aeb-e384-4aa9-8d84-a9c74618d31d@group-677DDB1507C0-FollowerState] INFO  server.RaftServer$Division (RaftServerImpl.java:setRole(290)) - 45f86aeb-e384-4aa9-8d84-a9c74618d31d@group-677DDB1507C0: changes role from  FOLLOWER to CANDIDATE at term 13 for changeToCandidate
2021-11-29 23:22:44,930 [45f86aeb-e384-4aa9-8d84-a9c74618d31d@group-677DDB1507C0-FollowerState] INFO  server.RaftServerConfigKeys (ConfUtils.java:logGet(44)) - raft.server.leaderelection.pre-vote = false (custom)
2021-11-29 23:22:44,930 [45f86aeb-e384-4aa9-8d84-a9c74618d31d@group-677DDB1507C0-FollowerState] INFO  impl.RoleInfo (RoleInfo.java:updateAndGet(130)) - 45f86aeb-e384-4aa9-8d84-a9c74618d31d: start 45f86aeb-e384-4aa9-8d84-a9c74618d31d@group-677DDB1507C0-LeaderElection82
2021-11-29 23:22:44,971 [9eaa9061-0cbd-4a3d-8091-a973303b955e@group-677DDB1507C0-FollowerState] INFO  impl.FollowerState (FollowerState.java:run(134)) - 9eaa9061-0cbd-4a3d-8091-a973303b955e@group-677DDB1507C0-FollowerState: change to CANDIDATE, lastRpcElapsedTime:5176788208ns, electionTimeout:5167ms
2021-11-29 23:22:44,971 [9eaa9061-0cbd-4a3d-8091-a973303b955e@group-677DDB1507C0-FollowerState] INFO  impl.RoleInfo (RoleInfo.java:shutdownFollowerState(108)) - 9eaa9061-0cbd-4a3d-8091-a973303b955e: shutdown 9eaa9061-0cbd-4a3d-8091-a973303b955e@group-677DDB1507C0-FollowerState
2021-11-29 23:22:44,971 [9eaa9061-0cbd-4a3d-8091-a973303b955e@group-677DDB1507C0-FollowerState] INFO  server.RaftServer$Division (RaftServerImpl.java:setRole(290)) - 9eaa9061-0cbd-4a3d-8091-a973303b955e@group-677DDB1507C0: changes role from  FOLLOWER to CANDIDATE at term 13 for changeToCandidate
2021-11-29 23:22:44,972 [9eaa9061-0cbd-4a3d-8091-a973303b955e@group-677DDB1507C0-FollowerState] INFO  server.RaftServerConfigKeys (ConfUtils.java:logGet(44)) - raft.server.leaderelection.pre-vote = false (custom)
2021-11-29 23:22:44,972 [9eaa9061-0cbd-4a3d-8091-a973303b955e@group-677DDB1507C0-FollowerState] INFO  impl.RoleInfo (RoleInfo.java:updateAndGet(130)) - 9eaa9061-0cbd-4a3d-8091-a973303b955e: start 9eaa9061-0cbd-4a3d-8091-a973303b955e@group-677DDB1507C0-LeaderElection83
2021-11-29 23:22:44,998 [45f86aeb-e384-4aa9-8d84-a9c74618d31d@group-677DDB1507C0-LeaderElection82] INFO  impl.LeaderElection (LeaderElection.java:askForVotes(306)) - 45f86aeb-e384-4aa9-8d84-a9c74618d31d@group-677DDB1507C0-LeaderElection82 ELECTION round 0: submit vote requests at term 14 for -1: [9eaa9061-0cbd-4a3d-8091-a973303b955e|rpc:10.1.0.37:35167|dataStream:|priority:0, 45f86aeb-e384-4aa9-8d84-a9c74618d31d|rpc:10.1.0.37:38125|dataStream:|priority:1, 49fe3bb7-2dae-482d-a175-9585c41bacad|rpc:10.1.0.37:39121|dataStream:|priority:0], old=null
2021-11-29 23:22:45,003 [49fe3bb7-2dae-482d-a175-9585c41bacad@group-677DDB1507C0-FollowerState] INFO  impl.FollowerState (FollowerState.java:run(134)) - 49fe3bb7-2dae-482d-a175-9585c41bacad@group-677DDB1507C0-FollowerState: change to CANDIDATE, lastRpcElapsedTime:5201097089ns, electionTimeout:5181ms
2021-11-29 23:22:45,003 [49fe3bb7-2dae-482d-a175-9585c41bacad@group-677DDB1507C0-FollowerState] INFO  impl.RoleInfo (RoleInfo.java:shutdownFollowerState(108)) - 49fe3bb7-2dae-482d-a175-9585c41bacad: shutdown 49fe3bb7-2dae-482d-a175-9585c41bacad@group-677DDB1507C0-FollowerState
2021-11-29 23:22:45,003 [49fe3bb7-2dae-482d-a175-9585c41bacad@group-677DDB1507C0-FollowerState] INFO  server.RaftServer$Division (RaftServerImpl.java:setRole(290)) - 49fe3bb7-2dae-482d-a175-9585c41bacad@group-677DDB1507C0: changes role from  FOLLOWER to CANDIDATE at term 13 for changeToCandidate
2021-11-29 23:22:45,022 [grpc-default-executor-8] INFO  server.RaftServer$Division (RaftServerImpl.java:requestVote(1046)) - 9eaa9061-0cbd-4a3d-8091-a973303b955e@group-677DDB1507C0: receive requestVote(ELECTION, 45f86aeb-e384-4aa9-8d84-a9c74618d31d, group-677DDB1507C0, 14, (t:0, i:0))
2021-11-29 23:22:45,022 [49fe3bb7-2dae-482d-a175-9585c41bacad@group-677DDB1507C0-FollowerState] INFO  server.RaftServerConfigKeys (ConfUtils.java:logGet(44)) - raft.server.leaderelection.pre-vote = false (custom)
2021-11-29 23:22:45,022 [49fe3bb7-2dae-482d-a175-9585c41bacad@group-677DDB1507C0-FollowerState] INFO  impl.RoleInfo (RoleInfo.java:updateAndGet(130)) - 49fe3bb7-2dae-482d-a175-9585c41bacad: start 49fe3bb7-2dae-482d-a175-9585c41bacad@group-677DDB1507C0-LeaderElection84
2021-11-29 23:22:45,053 [9eaa9061-0cbd-4a3d-8091-a973303b955e@group-677DDB1507C0-LeaderElection83] INFO  impl.LeaderElection (LeaderElection.java:askForVotes(306)) - 9eaa9061-0cbd-4a3d-8091-a973303b955e@group-677DDB1507C0-LeaderElection83 ELECTION round 0: submit vote requests at term 14 for -1: [9eaa9061-0cbd-4a3d-8091-a973303b955e|rpc:10.1.0.37:35167|priority:0, 45f86aeb-e384-4aa9-8d84-a9c74618d31d|rpc:10.1.0.37:38125|priority:1, 49fe3bb7-2dae-482d-a175-9585c41bacad|rpc:10.1.0.37:39121|priority:0], old=null
2021-11-29 23:22:45,054 [grpc-default-executor-8] INFO  impl.VoteContext (VoteContext.java:log(48)) - 9eaa9061-0cbd-4a3d-8091-a973303b955e@group-677DDB1507C0-CANDIDATE: reject ELECTION from 45f86aeb-e384-4aa9-8d84-a9c74618d31d: already has voted for 9eaa9061-0cbd-4a3d-8091-a973303b955e at current term 14
2021-11-29 23:22:45,054 [grpc-default-executor-8] INFO  server.RaftServer$Division (RaftServerImpl.java:requestVote(1078)) - 9eaa9061-0cbd-4a3d-8091-a973303b955e@group-677DDB1507C0 replies to ELECTION vote request: 45f86aeb-e384-4aa9-8d84-a9c74618d31d<-9eaa9061-0cbd-4a3d-8091-a973303b955e#0:FAIL-t14. Peer's state: 9eaa9061-0cbd-4a3d-8091-a973303b955e@group-677DDB1507C0:t14, leader=null, voted=9eaa9061-0cbd-4a3d-8091-a973303b955e, raftlog=9eaa9061-0cbd-4a3d-8091-a973303b955e@group-677DDB1507C0-SegmentedRaftLog:OPENED:c-1, conf=-1: [9eaa9061-0cbd-4a3d-8091-a973303b955e|rpc:10.1.0.37:35167|priority:0, 45f86aeb-e384-4aa9-8d84-a9c74618d31d|rpc:10.1.0.37:38125|priority:1, 49fe3bb7-2dae-482d-a175-9585c41bacad|rpc:10.1.0.37:39121|priority:0], old=null
2021-11-29 23:22:45,123 [grpc-default-executor-6] INFO  server.RaftServer$Division (RaftServerImpl.java:requestVote(1046)) - 49fe3bb7-2dae-482d-a175-9585c41bacad@group-677DDB1507C0: receive requestVote(ELECTION, 9eaa9061-0cbd-4a3d-8091-a973303b955e, group-677DDB1507C0, 14, (t:0, i:0))
2021-11-29 23:22:45,123 [grpc-default-executor-5] INFO  server.RaftServer$Division (RaftServerImpl.java:requestVote(1046)) - 49fe3bb7-2dae-482d-a175-9585c41bacad@group-677DDB1507C0: receive requestVote(ELECTION, 45f86aeb-e384-4aa9-8d84-a9c74618d31d, group-677DDB1507C0, 14, (t:0, i:0))
2021-11-29 23:22:45,123 [grpc-default-executor-8] INFO  server.RaftServer$Division (RaftServerImpl.java:requestVote(1046)) - 45f86aeb-e384-4aa9-8d84-a9c74618d31d@group-677DDB1507C0: receive requestVote(ELECTION, 9eaa9061-0cbd-4a3d-8091-a973303b955e, group-677DDB1507C0, 14, (t:0, i:0))
2021-11-29 23:22:45,124 [grpc-default-executor-8] INFO  impl.VoteContext (VoteContext.java:log(48)) - 45f86aeb-e384-4aa9-8d84-a9c74618d31d@group-677DDB1507C0-CANDIDATE: reject ELECTION from 9eaa9061-0cbd-4a3d-8091-a973303b955e: already has voted for 45f86aeb-e384-4aa9-8d84-a9c74618d31d at current term 14
2021-11-29 23:22:45,124 [grpc-default-executor-8] INFO  server.RaftServer$Division (RaftServerImpl.java:requestVote(1078)) - 45f86aeb-e384-4aa9-8d84-a9c74618d31d@group-677DDB1507C0 replies to ELECTION vote request: 9eaa9061-0cbd-4a3d-8091-a973303b955e<-45f86aeb-e384-4aa9-8d84-a9c74618d31d#0:FAIL-t14. Peer's state: 45f86aeb-e384-4aa9-8d84-a9c74618d31d@group-677DDB1507C0:t14, leader=null, voted=45f86aeb-e384-4aa9-8d84-a9c74618d31d, raftlog=45f86aeb-e384-4aa9-8d84-a9c74618d31d@group-677DDB1507C0-SegmentedRaftLog:OPENED:c-1, conf=-1: [9eaa9061-0cbd-4a3d-8091-a973303b955e|rpc:10.1.0.37:35167|dataStream:|priority:0, 45f86aeb-e384-4aa9-8d84-a9c74618d31d|rpc:10.1.0.37:38125|dataStream:|priority:1, 49fe3bb7-2dae-482d-a175-9585c41bacad|rpc:10.1.0.37:39121|dataStream:|priority:0], old=null
2021-11-29 23:22:45,124 [9eaa9061-0cbd-4a3d-8091-a973303b955e@group-677DDB1507C0-LeaderElection83] INFO  impl.LeaderElection (LeaderElection.java:logAndReturn(89)) - 9eaa9061-0cbd-4a3d-8091-a973303b955e@group-677DDB1507C0-LeaderElection83: ELECTION REJECTED received 1 response(s) and 0 exception(s):
2021-11-29 23:22:45,124 [9eaa9061-0cbd-4a3d-8091-a973303b955e@group-677DDB1507C0-LeaderElection83] INFO  impl.LeaderElection (LeaderElection.java:logAndReturn(93)) -   Response 0: 9eaa9061-0cbd-4a3d-8091-a973303b955e<-45f86aeb-e384-4aa9-8d84-a9c74618d31d#0:FAIL-t14
2021-11-29 23:22:45,124 [9eaa9061-0cbd-4a3d-8091-a973303b955e@group-677DDB1507C0-LeaderElection83] INFO  impl.LeaderElection (LeaderElection.java:askForVotes(308)) - 9eaa9061-0cbd-4a3d-8091-a973303b955e@group-677DDB1507C0-LeaderElection83 ELECTION round 0: result REJECTED
2021-11-29 23:22:45,124 [9eaa9061-0cbd-4a3d-8091-a973303b955e@group-677DDB1507C0-LeaderElection83] INFO  server.RaftServer$Division (RaftServerImpl.java:setRole(290)) - 9eaa9061-0cbd-4a3d-8091-a973303b955e@group-677DDB1507C0: changes role from CANDIDATE to FOLLOWER at term 14 for REJECTED
2021-11-29 23:22:45,124 [9eaa9061-0cbd-4a3d-8091-a973303b955e@group-677DDB1507C0-LeaderElection83] INFO  impl.RoleInfo (RoleInfo.java:shutdownLeaderElection(121)) - 9eaa9061-0cbd-4a3d-8091-a973303b955e: shutdown 9eaa9061-0cbd-4a3d-8091-a973303b955e@group-677DDB1507C0-LeaderElection83
2021-11-29 23:22:45,124 [9eaa9061-0cbd-4a3d-8091-a973303b955e@group-677DDB1507C0-LeaderElection83] INFO  impl.RoleInfo (RoleInfo.java:updateAndGet(130)) - 9eaa9061-0cbd-4a3d-8091-a973303b955e: start 9eaa9061-0cbd-4a3d-8091-a973303b955e@group-677DDB1507C0-FollowerState
2021-11-29 23:22:45,127 [49fe3bb7-2dae-482d-a175-9585c41bacad@group-677DDB1507C0-LeaderElection84] INFO  impl.LeaderElection (LeaderElection.java:askForVotes(306)) - 49fe3bb7-2dae-482d-a175-9585c41bacad@group-677DDB1507C0-LeaderElection84 ELECTION round 0: submit vote requests at term 14 for -1: [9eaa9061-0cbd-4a3d-8091-a973303b955e|rpc:10.1.0.37:35167|dataStream:|priority:0, 45f86aeb-e384-4aa9-8d84-a9c74618d31d|rpc:10.1.0.37:38125|dataStream:|priority:1, 49fe3bb7-2dae-482d-a175-9585c41bacad|rpc:10.1.0.37:39121|dataStream:|priority:0], old=null
2021-11-29 23:22:45,127 [grpc-default-executor-5] INFO  impl.VoteContext (VoteContext.java:log(48)) - 49fe3bb7-2dae-482d-a175-9585c41bacad@group-677DDB1507C0-CANDIDATE: reject ELECTION from 45f86aeb-e384-4aa9-8d84-a9c74618d31d: already has voted for 49fe3bb7-2dae-482d-a175-9585c41bacad at current term 14
2021-11-29 23:22:45,127 [grpc-default-executor-5] INFO  server.RaftServer$Division (RaftServerImpl.java:requestVote(1078)) - 49fe3bb7-2dae-482d-a175-9585c41bacad@group-677DDB1507C0 replies to ELECTION vote request: 45f86aeb-e384-4aa9-8d84-a9c74618d31d<-49fe3bb7-2dae-482d-a175-9585c41bacad#0:FAIL-t14. Peer's state: 49fe3bb7-2dae-482d-a175-9585c41bacad@group-677DDB1507C0:t14, leader=null, voted=49fe3bb7-2dae-482d-a175-9585c41bacad, raftlog=49fe3bb7-2dae-482d-a175-9585c41bacad@group-677DDB1507C0-SegmentedRaftLog:OPENED:c-1, conf=-1: [9eaa9061-0cbd-4a3d-8091-a973303b955e|rpc:10.1.0.37:35167|dataStream:|priority:0, 45f86aeb-e384-4aa9-8d84-a9c74618d31d|rpc:10.1.0.37:38125|dataStream:|priority:1, 49fe3bb7-2dae-482d-a175-9585c41bacad|rpc:10.1.0.37:39121|dataStream:|priority:0], old=null
2021-11-29 23:22:45,127 [grpc-default-executor-6] INFO  impl.VoteContext (VoteContext.java:log(48)) - 49fe3bb7-2dae-482d-a175-9585c41bacad@group-677DDB1507C0-CANDIDATE: reject ELECTION from 9eaa9061-0cbd-4a3d-8091-a973303b955e: already has voted for 49fe3bb7-2dae-482d-a175-9585c41bacad at current term 14
2021-11-29 23:22:45,127 [grpc-default-executor-6] INFO  server.RaftServer$Division (RaftServerImpl.java:requestVote(1078)) - 49fe3bb7-2dae-482d-a175-9585c41bacad@group-677DDB1507C0 replies to ELECTION vote request: 9eaa9061-0cbd-4a3d-8091-a973303b955e<-49fe3bb7-2dae-482d-a175-9585c41bacad#0:FAIL-t14. Peer's state: 49fe3bb7-2dae-482d-a175-9585c41bacad@group-677DDB1507C0:t14, leader=null, voted=49fe3bb7-2dae-482d-a175-9585c41bacad, raftlog=49fe3bb7-2dae-482d-a175-9585c41bacad@group-677DDB1507C0-SegmentedRaftLog:OPENED:c-1, conf=-1: [9eaa9061-0cbd-4a3d-8091-a973303b955e|rpc:10.1.0.37:35167|dataStream:|priority:0, 45f86aeb-e384-4aa9-8d84-a9c74618d31d|rpc:10.1.0.37:38125|dataStream:|priority:1, 49fe3bb7-2dae-482d-a175-9585c41bacad|rpc:10.1.0.37:39121|dataStream:|priority:0], old=null
2021-11-29 23:22:45,130 [45f86aeb-e384-4aa9-8d84-a9c74618d31d@group-677DDB1507C0-LeaderElection82] INFO  impl.LeaderElection (LeaderElection.java:logAndReturn(89)) - 45f86aeb-e384-4aa9-8d84-a9c74618d31d@group-677DDB1507C0-LeaderElection82: ELECTION REJECTED received 2 response(s) and 0 exception(s):
2021-11-29 23:22:45,130 [45f86aeb-e384-4aa9-8d84-a9c74618d31d@group-677DDB1507C0-LeaderElection82] INFO  impl.LeaderElection (LeaderElection.java:logAndReturn(93)) -   Response 0: 45f86aeb-e384-4aa9-8d84-a9c74618d31d<-9eaa9061-0cbd-4a3d-8091-a973303b955e#0:FAIL-t14
2021-11-29 23:22:45,130 [45f86aeb-e384-4aa9-8d84-a9c74618d31d@group-677DDB1507C0-LeaderElection82] INFO  impl.LeaderElection (LeaderElection.java:logAndReturn(93)) -   Response 1: 45f86aeb-e384-4aa9-8d84-a9c74618d31d<-49fe3bb7-2dae-482d-a175-9585c41bacad#0:FAIL-t14
2021-11-29 23:22:45,130 [45f86aeb-e384-4aa9-8d84-a9c74618d31d@group-677DDB1507C0-LeaderElection82] INFO  impl.LeaderElection (LeaderElection.java:askForVotes(308)) - 45f86aeb-e384-4aa9-8d84-a9c74618d31d@group-677DDB1507C0-LeaderElection82 ELECTION round 0: result REJECTED
2021-11-29 23:22:45,130 [45f86aeb-e384-4aa9-8d84-a9c74618d31d@group-677DDB1507C0-LeaderElection82] INFO  server.RaftServer$Division (RaftServerImpl.java:setRole(290)) - 45f86aeb-e384-4aa9-8d84-a9c74618d31d@group-677DDB1507C0: changes role from CANDIDATE to FOLLOWER at term 14 for REJECTED
2021-11-29 23:22:45,130 [45f86aeb-e384-4aa9-8d84-a9c74618d31d@group-677DDB1507C0-LeaderElection82] INFO  impl.RoleInfo (RoleInfo.java:shutdownLeaderElection(121)) - 45f86aeb-e384-4aa9-8d84-a9c74618d31d: shutdown 45f86aeb-e384-4aa9-8d84-a9c74618d31d@group-677DDB1507C0-LeaderElection82
2021-11-29 23:22:45,130 [45f86aeb-e384-4aa9-8d84-a9c74618d31d@group-677DDB1507C0-LeaderElection82] INFO  impl.RoleInfo (RoleInfo.java:updateAndGet(130)) - 45f86aeb-e384-4aa9-8d84-a9c74618d31d: start 45f86aeb-e384-4aa9-8d84-a9c74618d31d@group-677DDB1507C0-FollowerState
2021-11-29 23:22:45,131 [grpc-default-executor-6] INFO  server.RaftServer$Division (RaftServerImpl.java:requestVote(1046)) - 9eaa9061-0cbd-4a3d-8091-a973303b955e@group-677DDB1507C0: receive requestVote(ELECTION, 49fe3bb7-2dae-482d-a175-9585c41bacad, group-677DDB1507C0, 14, (t:0, i:0))
2021-11-29 23:22:45,131 [grpc-default-executor-6] INFO  impl.VoteContext (VoteContext.java:log(48)) - 9eaa9061-0cbd-4a3d-8091-a973303b955e@group-677DDB1507C0-FOLLOWER: reject ELECTION from 49fe3bb7-2dae-482d-a175-9585c41bacad: already has voted for 9eaa9061-0cbd-4a3d-8091-a973303b955e at current term 14
2021-11-29 23:22:45,131 [grpc-default-executor-6] INFO  server.RaftServer$Division (RaftServerImpl.java:requestVote(1078)) - 9eaa9061-0cbd-4a3d-8091-a973303b955e@group-677DDB1507C0 replies to ELECTION vote request: 49fe3bb7-2dae-482d-a175-9585c41bacad<-9eaa9061-0cbd-4a3d-8091-a973303b955e#0:FAIL-t14. Peer's state: 9eaa9061-0cbd-4a3d-8091-a973303b955e@group-677DDB1507C0:t14, leader=null, voted=9eaa9061-0cbd-4a3d-8091-a973303b955e, raftlog=9eaa9061-0cbd-4a3d-8091-a973303b955e@group-677DDB1507C0-SegmentedRaftLog:OPENED:c-1, conf=-1: [9eaa9061-0cbd-4a3d-8091-a973303b955e|rpc:10.1.0.37:35167|priority:0, 45f86aeb-e384-4aa9-8d84-a9c74618d31d|rpc:10.1.0.37:38125|priority:1, 49fe3bb7-2dae-482d-a175-9585c41bacad|rpc:10.1.0.37:39121|priority:0], old=null
2021-11-29 23:22:45,132 [grpc-default-executor-6] INFO  server.RaftServer$Division (RaftServerImpl.java:requestVote(1046)) - 45f86aeb-e384-4aa9-8d84-a9c74618d31d@group-677DDB1507C0: receive requestVote(ELECTION, 49fe3bb7-2dae-482d-a175-9585c41bacad, group-677DDB1507C0, 14, (t:0, i:0))
2021-11-29 23:22:45,132 [grpc-default-executor-6] INFO  impl.VoteContext (VoteContext.java:log(48)) - 45f86aeb-e384-4aa9-8d84-a9c74618d31d@group-677DDB1507C0-FOLLOWER: reject ELECTION from 49fe3bb7-2dae-482d-a175-9585c41bacad: already has voted for 45f86aeb-e384-4aa9-8d84-a9c74618d31d at current term 14
2021-11-29 23:22:45,132 [grpc-default-executor-6] INFO  server.RaftServer$Division (RaftServerImpl.java:requestVote(1078)) - 45f86aeb-e384-4aa9-8d84-a9c74618d31d@group-677DDB1507C0 replies to ELECTION vote request: 49fe3bb7-2dae-482d-a175-9585c41bacad<-45f86aeb-e384-4aa9-8d84-a9c74618d31d#0:FAIL-t14. Peer's state: 45f86aeb-e384-4aa9-8d84-a9c74618d31d@group-677DDB1507C0:t14, leader=null, voted=45f86aeb-e384-4aa9-8d84-a9c74618d31d, raftlog=45f86aeb-e384-4aa9-8d84-a9c74618d31d@group-677DDB1507C0-SegmentedRaftLog:OPENED:c-1, conf=-1: [9eaa9061-0cbd-4a3d-8091-a973303b955e|rpc:10.1.0.37:35167|dataStream:|priority:0, 45f86aeb-e384-4aa9-8d84-a9c74618d31d|rpc:10.1.0.37:38125|dataStream:|priority:1, 49fe3bb7-2dae-482d-a175-9585c41bacad|rpc:10.1.0.37:39121|dataStream:|priority:0], old=null
2021-11-29 23:22:45,132 [49fe3bb7-2dae-482d-a175-9585c41bacad@group-677DDB1507C0-LeaderElection84] INFO  impl.LeaderElection (LeaderElection.java:logAndReturn(89)) - 49fe3bb7-2dae-482d-a175-9585c41bacad@group-677DDB1507C0-LeaderElection84: ELECTION REJECTED received 2 response(s) and 0 exception(s):
2021-11-29 23:22:45,132 [49fe3bb7-2dae-482d-a175-9585c41bacad@group-677DDB1507C0-LeaderElection84] INFO  impl.LeaderElection (LeaderElection.java:logAndReturn(93)) -   Response 0: 49fe3bb7-2dae-482d-a175-9585c41bacad<-9eaa9061-0cbd-4a3d-8091-a973303b955e#0:FAIL-t14
2021-11-29 23:22:45,133 [49fe3bb7-2dae-482d-a175-9585c41bacad@group-677DDB1507C0-LeaderElection84] INFO  impl.LeaderElection (LeaderElection.java:logAndReturn(93)) -   Response 1: 49fe3bb7-2dae-482d-a175-9585c41bacad<-45f86aeb-e384-4aa9-8d84-a9c74618d31d#0:FAIL-t14
2021-11-29 23:22:45,133 [49fe3bb7-2dae-482d-a175-9585c41bacad@group-677DDB1507C0-LeaderElection84] INFO  impl.LeaderElection (LeaderElection.java:askForVotes(308)) - 49fe3bb7-2dae-482d-a175-9585c41bacad@group-677DDB1507C0-LeaderElection84 ELECTION round 0: result REJECTED
2021-11-29 23:22:45,133 [49fe3bb7-2dae-482d-a175-9585c41bacad@group-677DDB1507C0-LeaderElection84] INFO  server.RaftServer$Division (RaftServerImpl.java:setRole(290)) - 49fe3bb7-2dae-482d-a175-9585c41bacad@group-677DDB1507C0: changes role from CANDIDATE to FOLLOWER at term 14 for REJECTED
2021-11-29 23:22:45,133 [49fe3bb7-2dae-482d-a175-9585c41bacad@group-677DDB1507C0-LeaderElection84] INFO  impl.RoleInfo (RoleInfo.java:shutdownLeaderElection(121)) - 49fe3bb7-2dae-482d-a175-9585c41bacad: shutdown 49fe3bb7-2dae-482d-a175-9585c41bacad@group-677DDB1507C0-LeaderElection84
2021-11-29 23:22:45,133 [49fe3bb7-2dae-482d-a175-9585c41bacad@group-677DDB1507C0-LeaderElection84] INFO  impl.RoleInfo (RoleInfo.java:updateAndGet(130)) - 49fe3bb7-2dae-482d-a175-9585c41bacad: start 49fe3bb7-2dae-482d-a175-9585c41bacad@group-677DDB1507C0-FollowerState
2021-11-29 23:22:45,464 [ReplicationMonitor] INFO  container.ReplicationManager (ReplicationManager.java:processAll(371)) - Replication Monitor Thread took 0 milliseconds for processing 0 containers.
2021-11-29 23:22:45,738 [Listener at 127.0.0.1/46101] INFO  ozone.MiniOzoneClusterImpl (MiniOzoneClusterImpl.java:lambda$waitForClusterToBeReady$0(235)) - Nodes are ready. Got 4 of 4 DN Heartbeats.
2021-11-29 23:22:45,738 [Listener at 127.0.0.1/46101] INFO  ozone.MiniOzoneClusterImpl (MiniOzoneClusterImpl.java:lambda$waitForClusterToBeReady$0(238)) - Waiting for cluster to exit safe mode
2021-11-29 23:22:45,738 [Listener at 127.0.0.1/46101] INFO  ozone.MiniOzoneClusterImpl (MiniOzoneClusterImpl.java:lambda$waitForClusterToBeReady$0(240)) - SCM became leader
2021-11-29 23:22:46,465 [ReplicationMonitor] INFO  container.ReplicationManager (ReplicationManager.java:processAll(371)) - Replication Monitor Thread took 0 milliseconds for processing 0 containers.
2021-11-29 23:22:46,738 [Listener at 127.0.0.1/46101] INFO  ozone.MiniOzoneClusterImpl (MiniOzoneClusterImpl.java:lambda$waitForClusterToBeReady$0(235)) - Nodes are ready. Got 4 of 4 DN Heartbeats.
2021-11-29 23:22:46,738 [Listener at 127.0.0.1/46101] INFO  ozone.MiniOzoneClusterImpl (MiniOzoneClusterImpl.java:lambda$waitForClusterToBeReady$0(238)) - Waiting for cluster to exit safe mode
2021-11-29 23:22:46,738 [Listener at 127.0.0.1/46101] INFO  ozone.MiniOzoneClusterImpl (MiniOzoneClusterImpl.java:lambda$waitForClusterToBeReady$0(240)) - SCM became leader
2021-11-29 23:22:47,465 [ReplicationMonitor] INFO  container.ReplicationManager (ReplicationManager.java:processAll(371)) - Replication Monitor Thread took 0 milliseconds for processing 0 containers.
2021-11-29 23:22:47,738 [Listener at 127.0.0.1/46101] INFO  ozone.MiniOzoneClusterImpl (MiniOzoneClusterImpl.java:lambda$waitForClusterToBeReady$0(235)) - Nodes are ready. Got 4 of 4 DN Heartbeats.
2021-11-29 23:22:47,738 [Listener at 127.0.0.1/46101] INFO  ozone.MiniOzoneClusterImpl (MiniOzoneClusterImpl.java:lambda$waitForClusterToBeReady$0(238)) - Waiting for cluster to exit safe mode
2021-11-29 23:22:47,738 [Listener at 127.0.0.1/46101] INFO  ozone.MiniOzoneClusterImpl (MiniOzoneClusterImpl.java:lambda$waitForClusterToBeReady$0(240)) - SCM became leader
2021-11-29 23:22:48,465 [ReplicationMonitor] INFO  container.ReplicationManager (ReplicationManager.java:processAll(371)) - Replication Monitor Thread took 0 milliseconds for processing 0 containers.
2021-11-29 23:22:48,739 [Listener at 127.0.0.1/46101] INFO  ozone.MiniOzoneClusterImpl (MiniOzoneClusterImpl.java:lambda$waitForClusterToBeReady$0(235)) - Nodes are ready. Got 4 of 4 DN Heartbeats.
2021-11-29 23:22:48,739 [Listener at 127.0.0.1/46101] INFO  ozone.MiniOzoneClusterImpl (MiniOzoneClusterImpl.java:lambda$waitForClusterToBeReady$0(238)) - Waiting for cluster to exit safe mode
2021-11-29 23:22:48,739 [Listener at 127.0.0.1/46101] INFO  ozone.MiniOzoneClusterImpl (MiniOzoneClusterImpl.java:lambda$waitForClusterToBeReady$0(240)) - SCM became leader
2021-11-29 23:22:49,469 [ReplicationMonitor] INFO  container.ReplicationManager (ReplicationManager.java:processAll(371)) - Replication Monitor Thread took 0 milliseconds for processing 0 containers.
2021-11-29 23:22:49,739 [Listener at 127.0.0.1/46101] INFO  ozone.MiniOzoneClusterImpl (MiniOzoneClusterImpl.java:lambda$waitForClusterToBeReady$0(235)) - Nodes are ready. Got 4 of 4 DN Heartbeats.
2021-11-29 23:22:49,739 [Listener at 127.0.0.1/46101] INFO  ozone.MiniOzoneClusterImpl (MiniOzoneClusterImpl.java:lambda$waitForClusterToBeReady$0(238)) - Waiting for cluster to exit safe mode
2021-11-29 23:22:49,739 [Listener at 127.0.0.1/46101] INFO  ozone.MiniOzoneClusterImpl (MiniOzoneClusterImpl.java:lambda$waitForClusterToBeReady$0(240)) - SCM became leader
2021-11-29 23:22:50,135 [49fe3bb7-2dae-482d-a175-9585c41bacad@group-677DDB1507C0-FollowerState] INFO  impl.FollowerState (FollowerState.java:run(134)) - 49fe3bb7-2dae-482d-a175-9585c41bacad@group-677DDB1507C0-FollowerState: change to CANDIDATE, lastRpcElapsedTime:5002509770ns, electionTimeout:5002ms
2021-11-29 23:22:50,135 [49fe3bb7-2dae-482d-a175-9585c41bacad@group-677DDB1507C0-FollowerState] INFO  impl.RoleInfo (RoleInfo.java:shutdownFollowerState(108)) - 49fe3bb7-2dae-482d-a175-9585c41bacad: shutdown 49fe3bb7-2dae-482d-a175-9585c41bacad@group-677DDB1507C0-FollowerState
2021-11-29 23:22:50,135 [49fe3bb7-2dae-482d-a175-9585c41bacad@group-677DDB1507C0-FollowerState] INFO  server.RaftServer$Division (RaftServerImpl.java:setRole(290)) - 49fe3bb7-2dae-482d-a175-9585c41bacad@group-677DDB1507C0: changes role from  FOLLOWER to CANDIDATE at term 14 for changeToCandidate
2021-11-29 23:22:50,135 [49fe3bb7-2dae-482d-a175-9585c41bacad@group-677DDB1507C0-FollowerState] INFO  server.RaftServerConfigKeys (ConfUtils.java:logGet(44)) - raft.server.leaderelection.pre-vote = false (custom)
2021-11-29 23:22:50,136 [49fe3bb7-2dae-482d-a175-9585c41bacad@group-677DDB1507C0-FollowerState] INFO  impl.RoleInfo (RoleInfo.java:updateAndGet(130)) - 49fe3bb7-2dae-482d-a175-9585c41bacad: start 49fe3bb7-2dae-482d-a175-9585c41bacad@group-677DDB1507C0-LeaderElection85
2021-11-29 23:22:50,172 [45f86aeb-e384-4aa9-8d84-a9c74618d31d@group-677DDB1507C0-FollowerState] INFO  impl.FollowerState (FollowerState.java:run(134)) - 45f86aeb-e384-4aa9-8d84-a9c74618d31d@group-677DDB1507C0-FollowerState: change to CANDIDATE, lastRpcElapsedTime:5042558898ns, electionTimeout:5042ms
2021-11-29 23:22:50,173 [45f86aeb-e384-4aa9-8d84-a9c74618d31d@group-677DDB1507C0-FollowerState] INFO  impl.RoleInfo (RoleInfo.java:shutdownFollowerState(108)) - 45f86aeb-e384-4aa9-8d84-a9c74618d31d: shutdown 45f86aeb-e384-4aa9-8d84-a9c74618d31d@group-677DDB1507C0-FollowerState
2021-11-29 23:22:50,173 [45f86aeb-e384-4aa9-8d84-a9c74618d31d@group-677DDB1507C0-FollowerState] INFO  server.RaftServer$Division (RaftServerImpl.java:setRole(290)) - 45f86aeb-e384-4aa9-8d84-a9c74618d31d@group-677DDB1507C0: changes role from  FOLLOWER to CANDIDATE at term 14 for changeToCandidate
2021-11-29 23:22:50,173 [45f86aeb-e384-4aa9-8d84-a9c74618d31d@group-677DDB1507C0-FollowerState] INFO  server.RaftServerConfigKeys (ConfUtils.java:logGet(44)) - raft.server.leaderelection.pre-vote = false (custom)
2021-11-29 23:22:50,173 [45f86aeb-e384-4aa9-8d84-a9c74618d31d@group-677DDB1507C0-FollowerState] INFO  impl.RoleInfo (RoleInfo.java:updateAndGet(130)) - 45f86aeb-e384-4aa9-8d84-a9c74618d31d: start 45f86aeb-e384-4aa9-8d84-a9c74618d31d@group-677DDB1507C0-LeaderElection86
2021-11-29 23:22:50,200 [49fe3bb7-2dae-482d-a175-9585c41bacad@group-677DDB1507C0-LeaderElection85] INFO  impl.LeaderElection (LeaderElection.java:askForVotes(306)) - 49fe3bb7-2dae-482d-a175-9585c41bacad@group-677DDB1507C0-LeaderElection85 ELECTION round 0: submit vote requests at term 15 for -1: [9eaa9061-0cbd-4a3d-8091-a973303b955e|rpc:10.1.0.37:35167|dataStream:|priority:0, 45f86aeb-e384-4aa9-8d84-a9c74618d31d|rpc:10.1.0.37:38125|dataStream:|priority:1, 49fe3bb7-2dae-482d-a175-9585c41bacad|rpc:10.1.0.37:39121|dataStream:|priority:0], old=null
2021-11-29 23:22:50,210 [grpc-default-executor-6] INFO  server.RaftServer$Division (RaftServerImpl.java:requestVote(1046)) - 9eaa9061-0cbd-4a3d-8091-a973303b955e@group-677DDB1507C0: receive requestVote(ELECTION, 49fe3bb7-2dae-482d-a175-9585c41bacad, group-677DDB1507C0, 15, (t:0, i:0))
2021-11-29 23:22:50,211 [grpc-default-executor-6] INFO  impl.VoteContext (VoteContext.java:log(48)) - 9eaa9061-0cbd-4a3d-8091-a973303b955e@group-677DDB1507C0-FOLLOWER: accept ELECTION from 49fe3bb7-2dae-482d-a175-9585c41bacad: our priority 0 <= candidate's priority 0
2021-11-29 23:22:50,211 [grpc-default-executor-6] INFO  server.RaftServer$Division (RaftServerImpl.java:setRole(290)) - 9eaa9061-0cbd-4a3d-8091-a973303b955e@group-677DDB1507C0: changes role from  FOLLOWER to FOLLOWER at term 15 for candidate:49fe3bb7-2dae-482d-a175-9585c41bacad
2021-11-29 23:22:50,211 [grpc-default-executor-6] INFO  impl.RoleInfo (RoleInfo.java:shutdownFollowerState(108)) - 9eaa9061-0cbd-4a3d-8091-a973303b955e: shutdown 9eaa9061-0cbd-4a3d-8091-a973303b955e@group-677DDB1507C0-FollowerState
2021-11-29 23:22:50,212 [9eaa9061-0cbd-4a3d-8091-a973303b955e@group-677DDB1507C0-FollowerState] INFO  impl.FollowerState (FollowerState.java:run(143)) - 9eaa9061-0cbd-4a3d-8091-a973303b955e@group-677DDB1507C0-FollowerState was interrupted: {}
java.lang.InterruptedException: sleep interrupted
	at java.lang.Thread.sleep(Native Method)
	at java.lang.Thread.sleep(Thread.java:340)
	at java.util.concurrent.TimeUnit.sleep(TimeUnit.java:386)
	at org.apache.ratis.util.TimeDuration.sleep(TimeDuration.java:324)
	at org.apache.ratis.util.TimeDuration.sleep(TimeDuration.java:309)
	at org.apache.ratis.server.impl.FollowerState.run(FollowerState.java:118)
2021-11-29 23:22:50,213 [45f86aeb-e384-4aa9-8d84-a9c74618d31d@group-677DDB1507C0-LeaderElection86] INFO  impl.LeaderElection (LeaderElection.java:askForVotes(306)) - 45f86aeb-e384-4aa9-8d84-a9c74618d31d@group-677DDB1507C0-LeaderElection86 ELECTION round 0: submit vote requests at term 15 for -1: [9eaa9061-0cbd-4a3d-8091-a973303b955e|rpc:10.1.0.37:35167|dataStream:|priority:0, 45f86aeb-e384-4aa9-8d84-a9c74618d31d|rpc:10.1.0.37:38125|dataStream:|priority:1, 49fe3bb7-2dae-482d-a175-9585c41bacad|rpc:10.1.0.37:39121|dataStream:|priority:0], old=null
2021-11-29 23:22:50,218 [grpc-default-executor-5] INFO  server.RaftServer$Division (RaftServerImpl.java:requestVote(1046)) - 9eaa9061-0cbd-4a3d-8091-a973303b955e@group-677DDB1507C0: receive requestVote(ELECTION, 45f86aeb-e384-4aa9-8d84-a9c74618d31d, group-677DDB1507C0, 15, (t:0, i:0))
2021-11-29 23:22:50,237 [grpc-default-executor-6] INFO  impl.RoleInfo (RoleInfo.java:updateAndGet(130)) - 9eaa9061-0cbd-4a3d-8091-a973303b955e: start 9eaa9061-0cbd-4a3d-8091-a973303b955e@group-677DDB1507C0-FollowerState
2021-11-29 23:22:50,237 [grpc-default-executor-8] INFO  server.RaftServer$Division (RaftServerImpl.java:requestVote(1046)) - 45f86aeb-e384-4aa9-8d84-a9c74618d31d@group-677DDB1507C0: receive requestVote(ELECTION, 49fe3bb7-2dae-482d-a175-9585c41bacad, group-677DDB1507C0, 15, (t:0, i:0))
2021-11-29 23:22:50,237 [grpc-default-executor-8] INFO  impl.VoteContext (VoteContext.java:log(48)) - 45f86aeb-e384-4aa9-8d84-a9c74618d31d@group-677DDB1507C0-CANDIDATE: reject ELECTION from 49fe3bb7-2dae-482d-a175-9585c41bacad: already has voted for 45f86aeb-e384-4aa9-8d84-a9c74618d31d at current term 15
2021-11-29 23:22:50,238 [grpc-default-executor-8] INFO  server.RaftServer$Division (RaftServerImpl.java:requestVote(1078)) - 45f86aeb-e384-4aa9-8d84-a9c74618d31d@group-677DDB1507C0 replies to ELECTION vote request: 49fe3bb7-2dae-482d-a175-9585c41bacad<-45f86aeb-e384-4aa9-8d84-a9c74618d31d#0:FAIL-t15. Peer's state: 45f86aeb-e384-4aa9-8d84-a9c74618d31d@group-677DDB1507C0:t15, leader=null, voted=45f86aeb-e384-4aa9-8d84-a9c74618d31d, raftlog=45f86aeb-e384-4aa9-8d84-a9c74618d31d@group-677DDB1507C0-SegmentedRaftLog:OPENED:c-1, conf=-1: [9eaa9061-0cbd-4a3d-8091-a973303b955e|rpc:10.1.0.37:35167|dataStream:|priority:0, 45f86aeb-e384-4aa9-8d84-a9c74618d31d|rpc:10.1.0.37:38125|dataStream:|priority:1, 49fe3bb7-2dae-482d-a175-9585c41bacad|rpc:10.1.0.37:39121|dataStream:|priority:0], old=null
2021-11-29 23:22:50,245 [49fe3bb7-2dae-482d-a175-9585c41bacad@group-677DDB1507C0-LeaderElection85] INFO  impl.LeaderElection (LeaderElection.java:logAndReturn(89)) - 49fe3bb7-2dae-482d-a175-9585c41bacad@group-677DDB1507C0-LeaderElection85: ELECTION REJECTED received 1 response(s) and 0 exception(s):
2021-11-29 23:22:50,245 [49fe3bb7-2dae-482d-a175-9585c41bacad@group-677DDB1507C0-LeaderElection85] INFO  impl.LeaderElection (LeaderElection.java:logAndReturn(93)) -   Response 0: 49fe3bb7-2dae-482d-a175-9585c41bacad<-45f86aeb-e384-4aa9-8d84-a9c74618d31d#0:FAIL-t15
2021-11-29 23:22:50,245 [49fe3bb7-2dae-482d-a175-9585c41bacad@group-677DDB1507C0-LeaderElection85] INFO  impl.LeaderElection (LeaderElection.java:askForVotes(308)) - 49fe3bb7-2dae-482d-a175-9585c41bacad@group-677DDB1507C0-LeaderElection85 ELECTION round 0: result REJECTED
2021-11-29 23:22:50,245 [49fe3bb7-2dae-482d-a175-9585c41bacad@group-677DDB1507C0-LeaderElection85] INFO  server.RaftServer$Division (RaftServerImpl.java:setRole(290)) - 49fe3bb7-2dae-482d-a175-9585c41bacad@group-677DDB1507C0: changes role from CANDIDATE to FOLLOWER at term 15 for REJECTED
2021-11-29 23:22:50,245 [49fe3bb7-2dae-482d-a175-9585c41bacad@group-677DDB1507C0-LeaderElection85] INFO  impl.RoleInfo (RoleInfo.java:shutdownLeaderElection(121)) - 49fe3bb7-2dae-482d-a175-9585c41bacad: shutdown 49fe3bb7-2dae-482d-a175-9585c41bacad@group-677DDB1507C0-LeaderElection85
2021-11-29 23:22:50,245 [49fe3bb7-2dae-482d-a175-9585c41bacad@group-677DDB1507C0-LeaderElection85] INFO  impl.RoleInfo (RoleInfo.java:updateAndGet(130)) - 49fe3bb7-2dae-482d-a175-9585c41bacad: start 49fe3bb7-2dae-482d-a175-9585c41bacad@group-677DDB1507C0-FollowerState
2021-11-29 23:22:50,245 [grpc-default-executor-8] INFO  server.RaftServer$Division (RaftServerImpl.java:requestVote(1046)) - 49fe3bb7-2dae-482d-a175-9585c41bacad@group-677DDB1507C0: receive requestVote(ELECTION, 45f86aeb-e384-4aa9-8d84-a9c74618d31d, group-677DDB1507C0, 15, (t:0, i:0))
2021-11-29 23:22:50,246 [grpc-default-executor-6] INFO  server.RaftServer$Division (RaftServerImpl.java:requestVote(1078)) - 9eaa9061-0cbd-4a3d-8091-a973303b955e@group-677DDB1507C0 replies to ELECTION vote request: 49fe3bb7-2dae-482d-a175-9585c41bacad<-9eaa9061-0cbd-4a3d-8091-a973303b955e#0:OK-t15. Peer's state: 9eaa9061-0cbd-4a3d-8091-a973303b955e@group-677DDB1507C0:t15, leader=null, voted=49fe3bb7-2dae-482d-a175-9585c41bacad, raftlog=9eaa9061-0cbd-4a3d-8091-a973303b955e@group-677DDB1507C0-SegmentedRaftLog:OPENED:c-1, conf=-1: [9eaa9061-0cbd-4a3d-8091-a973303b955e|rpc:10.1.0.37:35167|priority:0, 45f86aeb-e384-4aa9-8d84-a9c74618d31d|rpc:10.1.0.37:38125|priority:1, 49fe3bb7-2dae-482d-a175-9585c41bacad|rpc:10.1.0.37:39121|priority:0], old=null
2021-11-29 23:22:50,246 [grpc-default-executor-5] INFO  impl.VoteContext (VoteContext.java:log(48)) - 9eaa9061-0cbd-4a3d-8091-a973303b955e@group-677DDB1507C0-FOLLOWER: reject ELECTION from 45f86aeb-e384-4aa9-8d84-a9c74618d31d: already has voted for 49fe3bb7-2dae-482d-a175-9585c41bacad at current term 15
2021-11-29 23:22:50,246 [grpc-default-executor-5] INFO  server.RaftServer$Division (RaftServerImpl.java:requestVote(1078)) - 9eaa9061-0cbd-4a3d-8091-a973303b955e@group-677DDB1507C0 replies to ELECTION vote request: 45f86aeb-e384-4aa9-8d84-a9c74618d31d<-9eaa9061-0cbd-4a3d-8091-a973303b955e#0:FAIL-t15. Peer's state: 9eaa9061-0cbd-4a3d-8091-a973303b955e@group-677DDB1507C0:t15, leader=null, voted=49fe3bb7-2dae-482d-a175-9585c41bacad, raftlog=9eaa9061-0cbd-4a3d-8091-a973303b955e@group-677DDB1507C0-SegmentedRaftLog:OPENED:c-1, conf=-1: [9eaa9061-0cbd-4a3d-8091-a973303b955e|rpc:10.1.0.37:35167|priority:0, 45f86aeb-e384-4aa9-8d84-a9c74618d31d|rpc:10.1.0.37:38125|priority:1, 49fe3bb7-2dae-482d-a175-9585c41bacad|rpc:10.1.0.37:39121|priority:0], old=null
2021-11-29 23:22:50,248 [grpc-default-executor-8] INFO  impl.VoteContext (VoteContext.java:log(48)) - 49fe3bb7-2dae-482d-a175-9585c41bacad@group-677DDB1507C0-FOLLOWER: reject ELECTION from 45f86aeb-e384-4aa9-8d84-a9c74618d31d: already has voted for 49fe3bb7-2dae-482d-a175-9585c41bacad at current term 15
2021-11-29 23:22:50,248 [grpc-default-executor-8] INFO  server.RaftServer$Division (RaftServerImpl.java:requestVote(1078)) - 49fe3bb7-2dae-482d-a175-9585c41bacad@group-677DDB1507C0 replies to ELECTION vote request: 45f86aeb-e384-4aa9-8d84-a9c74618d31d<-49fe3bb7-2dae-482d-a175-9585c41bacad#0:FAIL-t15. Peer's state: 49fe3bb7-2dae-482d-a175-9585c41bacad@group-677DDB1507C0:t15, leader=null, voted=49fe3bb7-2dae-482d-a175-9585c41bacad, raftlog=49fe3bb7-2dae-482d-a175-9585c41bacad@group-677DDB1507C0-SegmentedRaftLog:OPENED:c-1, conf=-1: [9eaa9061-0cbd-4a3d-8091-a973303b955e|rpc:10.1.0.37:35167|dataStream:|priority:0, 45f86aeb-e384-4aa9-8d84-a9c74618d31d|rpc:10.1.0.37:38125|dataStream:|priority:1, 49fe3bb7-2dae-482d-a175-9585c41bacad|rpc:10.1.0.37:39121|dataStream:|priority:0], old=null
2021-11-29 23:22:50,257 [45f86aeb-e384-4aa9-8d84-a9c74618d31d@group-677DDB1507C0-LeaderElection86] INFO  impl.LeaderElection (LeaderElection.java:logAndReturn(89)) - 45f86aeb-e384-4aa9-8d84-a9c74618d31d@group-677DDB1507C0-LeaderElection86: ELECTION REJECTED received 2 response(s) and 0 exception(s):
2021-11-29 23:22:50,257 [45f86aeb-e384-4aa9-8d84-a9c74618d31d@group-677DDB1507C0-LeaderElection86] INFO  impl.LeaderElection (LeaderElection.java:logAndReturn(93)) -   Response 0: 45f86aeb-e384-4aa9-8d84-a9c74618d31d<-9eaa9061-0cbd-4a3d-8091-a973303b955e#0:FAIL-t15
2021-11-29 23:22:50,257 [45f86aeb-e384-4aa9-8d84-a9c74618d31d@group-677DDB1507C0-LeaderElection86] INFO  impl.LeaderElection (LeaderElection.java:logAndReturn(93)) -   Response 1: 45f86aeb-e384-4aa9-8d84-a9c74618d31d<-49fe3bb7-2dae-482d-a175-9585c41bacad#0:FAIL-t15
2021-11-29 23:22:50,257 [45f86aeb-e384-4aa9-8d84-a9c74618d31d@group-677DDB1507C0-LeaderElection86] INFO  impl.LeaderElection (LeaderElection.java:askForVotes(308)) - 45f86aeb-e384-4aa9-8d84-a9c74618d31d@group-677DDB1507C0-LeaderElection86 ELECTION round 0: result REJECTED
2021-11-29 23:22:50,257 [45f86aeb-e384-4aa9-8d84-a9c74618d31d@group-677DDB1507C0-LeaderElection86] INFO  server.RaftServer$Division (RaftServerImpl.java:setRole(290)) - 45f86aeb-e384-4aa9-8d84-a9c74618d31d@group-677DDB1507C0: changes role from CANDIDATE to FOLLOWER at term 15 for REJECTED
2021-11-29 23:22:50,257 [45f86aeb-e384-4aa9-8d84-a9c74618d31d@group-677DDB1507C0-LeaderElection86] INFO  impl.RoleInfo (RoleInfo.java:shutdownLeaderElection(121)) - 45f86aeb-e384-4aa9-8d84-a9c74618d31d: shutdown 45f86aeb-e384-4aa9-8d84-a9c74618d31d@group-677DDB1507C0-LeaderElection86
2021-11-29 23:22:50,257 [45f86aeb-e384-4aa9-8d84-a9c74618d31d@group-677DDB1507C0-LeaderElection86] INFO  impl.RoleInfo (RoleInfo.java:updateAndGet(130)) - 45f86aeb-e384-4aa9-8d84-a9c74618d31d: start 45f86aeb-e384-4aa9-8d84-a9c74618d31d@group-677DDB1507C0-FollowerState
2021-11-29 23:22:50,473 [ReplicationMonitor] INFO  container.ReplicationManager (ReplicationManager.java:processAll(371)) - Replication Monitor Thread took 0 milliseconds for processing 0 containers.
2021-11-29 23:22:50,739 [Listener at 127.0.0.1/46101] INFO  ozone.MiniOzoneClusterImpl (MiniOzoneClusterImpl.java:lambda$waitForClusterToBeReady$0(235)) - Nodes are ready. Got 4 of 4 DN Heartbeats.
2021-11-29 23:22:50,740 [Listener at 127.0.0.1/46101] INFO  ozone.MiniOzoneClusterImpl (MiniOzoneClusterImpl.java:lambda$waitForClusterToBeReady$0(238)) - Waiting for cluster to exit safe mode
2021-11-29 23:22:50,740 [Listener at 127.0.0.1/46101] INFO  ozone.MiniOzoneClusterImpl (MiniOzoneClusterImpl.java:lambda$waitForClusterToBeReady$0(240)) - SCM became leader
2021-11-29 23:22:51,473 [ReplicationMonitor] INFO  container.ReplicationManager (ReplicationManager.java:processAll(371)) - Replication Monitor Thread took 0 milliseconds for processing 0 containers.
2021-11-29 23:22:51,740 [Listener at 127.0.0.1/46101] INFO  ozone.MiniOzoneClusterImpl (MiniOzoneClusterImpl.java:lambda$waitForClusterToBeReady$0(235)) - Nodes are ready. Got 4 of 4 DN Heartbeats.
2021-11-29 23:22:51,740 [Listener at 127.0.0.1/46101] INFO  ozone.MiniOzoneClusterImpl (MiniOzoneClusterImpl.java:lambda$waitForClusterToBeReady$0(238)) - Waiting for cluster to exit safe mode
2021-11-29 23:22:51,740 [Listener at 127.0.0.1/46101] INFO  ozone.MiniOzoneClusterImpl (MiniOzoneClusterImpl.java:lambda$waitForClusterToBeReady$0(240)) - SCM became leader
2021-11-29 23:22:52,477 [ReplicationMonitor] INFO  container.ReplicationManager (ReplicationManager.java:processAll(371)) - Replication Monitor Thread took 0 milliseconds for processing 0 containers.
2021-11-29 23:22:52,740 [Listener at 127.0.0.1/46101] INFO  ozone.MiniOzoneClusterImpl (MiniOzoneClusterImpl.java:lambda$waitForClusterToBeReady$0(235)) - Nodes are ready. Got 4 of 4 DN Heartbeats.
2021-11-29 23:22:52,740 [Listener at 127.0.0.1/46101] INFO  ozone.MiniOzoneClusterImpl (MiniOzoneClusterImpl.java:lambda$waitForClusterToBeReady$0(238)) - Waiting for cluster to exit safe mode
2021-11-29 23:22:52,740 [Listener at 127.0.0.1/46101] INFO  ozone.MiniOzoneClusterImpl (MiniOzoneClusterImpl.java:lambda$waitForClusterToBeReady$0(240)) - SCM became leader
2021-11-29 23:22:52,985 [EventQueue-OpenPipelineForHealthyPipelineSafeModeRule] INFO  safemode.SCMSafeModeManager (HealthyPipelineSafeModeRule.java:process(124)) - SCM in safe mode. Healthy pipelines reported count is 0, required healthy pipeline reported count is 1
2021-11-29 23:22:53,477 [ReplicationMonitor] INFO  container.ReplicationManager (ReplicationManager.java:processAll(371)) - Replication Monitor Thread took 0 milliseconds for processing 0 containers.
2021-11-29 23:22:53,741 [Listener at 127.0.0.1/46101] INFO  ozone.MiniOzoneClusterImpl (MiniOzoneClusterImpl.java:lambda$waitForClusterToBeReady$0(235)) - Nodes are ready. Got 4 of 4 DN Heartbeats.
2021-11-29 23:22:53,741 [Listener at 127.0.0.1/46101] INFO  ozone.MiniOzoneClusterImpl (MiniOzoneClusterImpl.java:lambda$waitForClusterToBeReady$0(238)) - Waiting for cluster to exit safe mode
2021-11-29 23:22:53,741 [Listener at 127.0.0.1/46101] INFO  ozone.MiniOzoneClusterImpl (MiniOzoneClusterImpl.java:lambda$waitForClusterToBeReady$0(240)) - SCM became leader
2021-11-29 23:22:54,477 [ReplicationMonitor] INFO  container.ReplicationManager (ReplicationManager.java:processAll(371)) - Replication Monitor Thread took 0 milliseconds for processing 0 containers.
2021-11-29 23:22:54,741 [Listener at 127.0.0.1/46101] INFO  ozone.MiniOzoneClusterImpl (MiniOzoneClusterImpl.java:lambda$waitForClusterToBeReady$0(235)) - Nodes are ready. Got 4 of 4 DN Heartbeats.
2021-11-29 23:22:54,741 [Listener at 127.0.0.1/46101] INFO  ozone.MiniOzoneClusterImpl (MiniOzoneClusterImpl.java:lambda$waitForClusterToBeReady$0(238)) - Waiting for cluster to exit safe mode
2021-11-29 23:22:54,741 [Listener at 127.0.0.1/46101] INFO  ozone.MiniOzoneClusterImpl (MiniOzoneClusterImpl.java:lambda$waitForClusterToBeReady$0(240)) - SCM became leader
2021-11-29 23:22:55,344 [49fe3bb7-2dae-482d-a175-9585c41bacad@group-677DDB1507C0-FollowerState] INFO  impl.FollowerState (FollowerState.java:run(134)) - 49fe3bb7-2dae-482d-a175-9585c41bacad@group-677DDB1507C0-FollowerState: change to CANDIDATE, lastRpcElapsedTime:5098524477ns, electionTimeout:5095ms
2021-11-29 23:22:55,344 [49fe3bb7-2dae-482d-a175-9585c41bacad@group-677DDB1507C0-FollowerState] INFO  impl.RoleInfo (RoleInfo.java:shutdownFollowerState(108)) - 49fe3bb7-2dae-482d-a175-9585c41bacad: shutdown 49fe3bb7-2dae-482d-a175-9585c41bacad@group-677DDB1507C0-FollowerState
2021-11-29 23:22:55,344 [49fe3bb7-2dae-482d-a175-9585c41bacad@group-677DDB1507C0-FollowerState] INFO  server.RaftServer$Division (RaftServerImpl.java:setRole(290)) - 49fe3bb7-2dae-482d-a175-9585c41bacad@group-677DDB1507C0: changes role from  FOLLOWER to CANDIDATE at term 15 for changeToCandidate
2021-11-29 23:22:55,344 [49fe3bb7-2dae-482d-a175-9585c41bacad@group-677DDB1507C0-FollowerState] INFO  server.RaftServerConfigKeys (ConfUtils.java:logGet(44)) - raft.server.leaderelection.pre-vote = false (custom)
2021-11-29 23:22:55,344 [49fe3bb7-2dae-482d-a175-9585c41bacad@group-677DDB1507C0-FollowerState] INFO  impl.RoleInfo (RoleInfo.java:updateAndGet(130)) - 49fe3bb7-2dae-482d-a175-9585c41bacad: start 49fe3bb7-2dae-482d-a175-9585c41bacad@group-677DDB1507C0-LeaderElection87
2021-11-29 23:22:55,375 [9eaa9061-0cbd-4a3d-8091-a973303b955e@group-677DDB1507C0-FollowerState] INFO  impl.FollowerState (FollowerState.java:run(134)) - 9eaa9061-0cbd-4a3d-8091-a973303b955e@group-677DDB1507C0-FollowerState: change to CANDIDATE, lastRpcElapsedTime:5128676549ns, electionTimeout:5104ms
2021-11-29 23:22:55,375 [9eaa9061-0cbd-4a3d-8091-a973303b955e@group-677DDB1507C0-FollowerState] INFO  impl.RoleInfo (RoleInfo.java:shutdownFollowerState(108)) - 9eaa9061-0cbd-4a3d-8091-a973303b955e: shutdown 9eaa9061-0cbd-4a3d-8091-a973303b955e@group-677DDB1507C0-FollowerState
2021-11-29 23:22:55,375 [9eaa9061-0cbd-4a3d-8091-a973303b955e@group-677DDB1507C0-FollowerState] INFO  server.RaftServer$Division (RaftServerImpl.java:setRole(290)) - 9eaa9061-0cbd-4a3d-8091-a973303b955e@group-677DDB1507C0: changes role from  FOLLOWER to CANDIDATE at term 15 for changeToCandidate
2021-11-29 23:22:55,375 [9eaa9061-0cbd-4a3d-8091-a973303b955e@group-677DDB1507C0-FollowerState] INFO  server.RaftServerConfigKeys (ConfUtils.java:logGet(44)) - raft.server.leaderelection.pre-vote = false (custom)
2021-11-29 23:22:55,375 [9eaa9061-0cbd-4a3d-8091-a973303b955e@group-677DDB1507C0-FollowerState] INFO  impl.RoleInfo (RoleInfo.java:updateAndGet(130)) - 9eaa9061-0cbd-4a3d-8091-a973303b955e: start 9eaa9061-0cbd-4a3d-8091-a973303b955e@group-677DDB1507C0-LeaderElection88
2021-11-29 23:22:55,425 [9eaa9061-0cbd-4a3d-8091-a973303b955e@group-677DDB1507C0-LeaderElection88] INFO  impl.LeaderElection (LeaderElection.java:askForVotes(306)) - 9eaa9061-0cbd-4a3d-8091-a973303b955e@group-677DDB1507C0-LeaderElection88 ELECTION round 0: submit vote requests at term 16 for -1: [9eaa9061-0cbd-4a3d-8091-a973303b955e|rpc:10.1.0.37:35167|priority:0, 45f86aeb-e384-4aa9-8d84-a9c74618d31d|rpc:10.1.0.37:38125|priority:1, 49fe3bb7-2dae-482d-a175-9585c41bacad|rpc:10.1.0.37:39121|priority:0], old=null
2021-11-29 23:22:55,436 [grpc-default-executor-8] INFO  server.RaftServer$Division (RaftServerImpl.java:requestVote(1046)) - 45f86aeb-e384-4aa9-8d84-a9c74618d31d@group-677DDB1507C0: receive requestVote(ELECTION, 9eaa9061-0cbd-4a3d-8091-a973303b955e, group-677DDB1507C0, 16, (t:0, i:0))
2021-11-29 23:22:55,436 [grpc-default-executor-8] INFO  impl.VoteContext (VoteContext.java:log(48)) - 45f86aeb-e384-4aa9-8d84-a9c74618d31d@group-677DDB1507C0-FOLLOWER: reject ELECTION from 9eaa9061-0cbd-4a3d-8091-a973303b955e: our priority 1 > candidate's priority 0
2021-11-29 23:22:55,436 [grpc-default-executor-8] INFO  server.RaftServer$Division (RaftServerImpl.java:setRole(290)) - 45f86aeb-e384-4aa9-8d84-a9c74618d31d@group-677DDB1507C0: changes role from  FOLLOWER to FOLLOWER at term 16 for candidate:9eaa9061-0cbd-4a3d-8091-a973303b955e
2021-11-29 23:22:55,436 [grpc-default-executor-8] INFO  impl.RoleInfo (RoleInfo.java:shutdownFollowerState(108)) - 45f86aeb-e384-4aa9-8d84-a9c74618d31d: shutdown 45f86aeb-e384-4aa9-8d84-a9c74618d31d@group-677DDB1507C0-FollowerState
2021-11-29 23:22:55,438 [45f86aeb-e384-4aa9-8d84-a9c74618d31d@group-677DDB1507C0-FollowerState] INFO  impl.FollowerState (FollowerState.java:run(127)) - 45f86aeb-e384-4aa9-8d84-a9c74618d31d@group-677DDB1507C0-FollowerState: Stopping now (isRunning? false, isFollower? true)
2021-11-29 23:22:55,449 [49fe3bb7-2dae-482d-a175-9585c41bacad@group-677DDB1507C0-LeaderElection87] INFO  impl.LeaderElection (LeaderElection.java:askForVotes(306)) - 49fe3bb7-2dae-482d-a175-9585c41bacad@group-677DDB1507C0-LeaderElection87 ELECTION round 0: submit vote requests at term 16 for -1: [9eaa9061-0cbd-4a3d-8091-a973303b955e|rpc:10.1.0.37:35167|dataStream:|priority:0, 45f86aeb-e384-4aa9-8d84-a9c74618d31d|rpc:10.1.0.37:38125|dataStream:|priority:1, 49fe3bb7-2dae-482d-a175-9585c41bacad|rpc:10.1.0.37:39121|dataStream:|priority:0], old=null
2021-11-29 23:22:55,450 [grpc-default-executor-6] INFO  server.RaftServer$Division (RaftServerImpl.java:requestVote(1046)) - 49fe3bb7-2dae-482d-a175-9585c41bacad@group-677DDB1507C0: receive requestVote(ELECTION, 9eaa9061-0cbd-4a3d-8091-a973303b955e, group-677DDB1507C0, 16, (t:0, i:0))
2021-11-29 23:22:55,450 [grpc-default-executor-6] INFO  impl.VoteContext (VoteContext.java:log(48)) - 49fe3bb7-2dae-482d-a175-9585c41bacad@group-677DDB1507C0-CANDIDATE: reject ELECTION from 9eaa9061-0cbd-4a3d-8091-a973303b955e: already has voted for 49fe3bb7-2dae-482d-a175-9585c41bacad at current term 16
2021-11-29 23:22:55,450 [grpc-default-executor-6] INFO  server.RaftServer$Division (RaftServerImpl.java:requestVote(1078)) - 49fe3bb7-2dae-482d-a175-9585c41bacad@group-677DDB1507C0 replies to ELECTION vote request: 9eaa9061-0cbd-4a3d-8091-a973303b955e<-49fe3bb7-2dae-482d-a175-9585c41bacad#0:FAIL-t16. Peer's state: 49fe3bb7-2dae-482d-a175-9585c41bacad@group-677DDB1507C0:t16, leader=null, voted=49fe3bb7-2dae-482d-a175-9585c41bacad, raftlog=49fe3bb7-2dae-482d-a175-9585c41bacad@group-677DDB1507C0-SegmentedRaftLog:OPENED:c-1, conf=-1: [9eaa9061-0cbd-4a3d-8091-a973303b955e|rpc:10.1.0.37:35167|dataStream:|priority:0, 45f86aeb-e384-4aa9-8d84-a9c74618d31d|rpc:10.1.0.37:38125|dataStream:|priority:1, 49fe3bb7-2dae-482d-a175-9585c41bacad|rpc:10.1.0.37:39121|dataStream:|priority:0], old=null
2021-11-29 23:22:55,474 [grpc-default-executor-8] INFO  impl.RoleInfo (RoleInfo.java:updateAndGet(130)) - 45f86aeb-e384-4aa9-8d84-a9c74618d31d: start 45f86aeb-e384-4aa9-8d84-a9c74618d31d@group-677DDB1507C0-FollowerState
2021-11-29 23:22:55,478 [ReplicationMonitor] INFO  container.ReplicationManager (ReplicationManager.java:processAll(371)) - Replication Monitor Thread took 0 milliseconds for processing 0 containers.
2021-11-29 23:22:55,481 [grpc-default-executor-8] INFO  server.RaftServer$Division (RaftServerImpl.java:requestVote(1078)) - 45f86aeb-e384-4aa9-8d84-a9c74618d31d@group-677DDB1507C0 replies to ELECTION vote request: 9eaa9061-0cbd-4a3d-8091-a973303b955e<-45f86aeb-e384-4aa9-8d84-a9c74618d31d#0:FAIL-t16. Peer's state: 45f86aeb-e384-4aa9-8d84-a9c74618d31d@group-677DDB1507C0:t16, leader=null, voted=null, raftlog=45f86aeb-e384-4aa9-8d84-a9c74618d31d@group-677DDB1507C0-SegmentedRaftLog:OPENED:c-1, conf=-1: [9eaa9061-0cbd-4a3d-8091-a973303b955e|rpc:10.1.0.37:35167|dataStream:|priority:0, 45f86aeb-e384-4aa9-8d84-a9c74618d31d|rpc:10.1.0.37:38125|dataStream:|priority:1, 49fe3bb7-2dae-482d-a175-9585c41bacad|rpc:10.1.0.37:39121|dataStream:|priority:0], old=null
2021-11-29 23:22:55,481 [9eaa9061-0cbd-4a3d-8091-a973303b955e@group-677DDB1507C0-LeaderElection88] INFO  impl.LeaderElection (LeaderElection.java:logAndReturn(89)) - 9eaa9061-0cbd-4a3d-8091-a973303b955e@group-677DDB1507C0-LeaderElection88: ELECTION REJECTED received 1 response(s) and 0 exception(s):
2021-11-29 23:22:55,482 [9eaa9061-0cbd-4a3d-8091-a973303b955e@group-677DDB1507C0-LeaderElection88] INFO  impl.LeaderElection (LeaderElection.java:logAndReturn(93)) -   Response 0: 9eaa9061-0cbd-4a3d-8091-a973303b955e<-45f86aeb-e384-4aa9-8d84-a9c74618d31d#0:FAIL-t16
2021-11-29 23:22:55,482 [9eaa9061-0cbd-4a3d-8091-a973303b955e@group-677DDB1507C0-LeaderElection88] INFO  impl.LeaderElection (LeaderElection.java:askForVotes(308)) - 9eaa9061-0cbd-4a3d-8091-a973303b955e@group-677DDB1507C0-LeaderElection88 ELECTION round 0: result REJECTED
2021-11-29 23:22:55,482 [9eaa9061-0cbd-4a3d-8091-a973303b955e@group-677DDB1507C0-LeaderElection88] INFO  server.RaftServer$Division (RaftServerImpl.java:setRole(290)) - 9eaa9061-0cbd-4a3d-8091-a973303b955e@group-677DDB1507C0: changes role from CANDIDATE to FOLLOWER at term 16 for REJECTED
2021-11-29 23:22:55,482 [9eaa9061-0cbd-4a3d-8091-a973303b955e@group-677DDB1507C0-LeaderElection88] INFO  impl.RoleInfo (RoleInfo.java:shutdownLeaderElection(121)) - 9eaa9061-0cbd-4a3d-8091-a973303b955e: shutdown 9eaa9061-0cbd-4a3d-8091-a973303b955e@group-677DDB1507C0-LeaderElection88
2021-11-29 23:22:55,482 [9eaa9061-0cbd-4a3d-8091-a973303b955e@group-677DDB1507C0-LeaderElection88] INFO  impl.RoleInfo (RoleInfo.java:updateAndGet(130)) - 9eaa9061-0cbd-4a3d-8091-a973303b955e: start 9eaa9061-0cbd-4a3d-8091-a973303b955e@group-677DDB1507C0-FollowerState
2021-11-29 23:22:55,524 [grpc-default-executor-6] INFO  server.RaftServer$Division (RaftServerImpl.java:requestVote(1046)) - 45f86aeb-e384-4aa9-8d84-a9c74618d31d@group-677DDB1507C0: receive requestVote(ELECTION, 49fe3bb7-2dae-482d-a175-9585c41bacad, group-677DDB1507C0, 16, (t:0, i:0))
2021-11-29 23:22:55,524 [grpc-default-executor-6] INFO  impl.VoteContext (VoteContext.java:log(48)) - 45f86aeb-e384-4aa9-8d84-a9c74618d31d@group-677DDB1507C0-FOLLOWER: reject ELECTION from 49fe3bb7-2dae-482d-a175-9585c41bacad: our priority 1 > candidate's priority 0
2021-11-29 23:22:55,524 [grpc-default-executor-6] INFO  server.RaftServer$Division (RaftServerImpl.java:setRole(290)) - 45f86aeb-e384-4aa9-8d84-a9c74618d31d@group-677DDB1507C0: changes role from  FOLLOWER to FOLLOWER at term 16 for candidate:49fe3bb7-2dae-482d-a175-9585c41bacad
2021-11-29 23:22:55,524 [grpc-default-executor-6] INFO  impl.RoleInfo (RoleInfo.java:shutdownFollowerState(108)) - 45f86aeb-e384-4aa9-8d84-a9c74618d31d: shutdown 45f86aeb-e384-4aa9-8d84-a9c74618d31d@group-677DDB1507C0-FollowerState
2021-11-29 23:22:55,524 [grpc-default-executor-6] INFO  impl.RoleInfo (RoleInfo.java:updateAndGet(130)) - 45f86aeb-e384-4aa9-8d84-a9c74618d31d: start 45f86aeb-e384-4aa9-8d84-a9c74618d31d@group-677DDB1507C0-FollowerState
2021-11-29 23:22:55,524 [45f86aeb-e384-4aa9-8d84-a9c74618d31d@group-677DDB1507C0-FollowerState] INFO  impl.FollowerState (FollowerState.java:run(143)) - 45f86aeb-e384-4aa9-8d84-a9c74618d31d@group-677DDB1507C0-FollowerState was interrupted: {}
java.lang.InterruptedException: sleep interrupted
	at java.lang.Thread.sleep(Native Method)
	at java.lang.Thread.sleep(Thread.java:340)
	at java.util.concurrent.TimeUnit.sleep(TimeUnit.java:386)
	at org.apache.ratis.util.TimeDuration.sleep(TimeDuration.java:324)
	at org.apache.ratis.util.TimeDuration.sleep(TimeDuration.java:309)
	at org.apache.ratis.server.impl.FollowerState.run(FollowerState.java:118)
2021-11-29 23:22:55,525 [grpc-default-executor-8] INFO  server.RaftServer$Division (RaftServerImpl.java:requestVote(1046)) - 9eaa9061-0cbd-4a3d-8091-a973303b955e@group-677DDB1507C0: receive requestVote(ELECTION, 49fe3bb7-2dae-482d-a175-9585c41bacad, group-677DDB1507C0, 16, (t:0, i:0))
2021-11-29 23:22:55,525 [grpc-default-executor-8] INFO  impl.VoteContext (VoteContext.java:log(48)) - 9eaa9061-0cbd-4a3d-8091-a973303b955e@group-677DDB1507C0-FOLLOWER: reject ELECTION from 49fe3bb7-2dae-482d-a175-9585c41bacad: already has voted for 9eaa9061-0cbd-4a3d-8091-a973303b955e at current term 16
2021-11-29 23:22:55,525 [grpc-default-executor-8] INFO  server.RaftServer$Division (RaftServerImpl.java:requestVote(1078)) - 9eaa9061-0cbd-4a3d-8091-a973303b955e@group-677DDB1507C0 replies to ELECTION vote request: 49fe3bb7-2dae-482d-a175-9585c41bacad<-9eaa9061-0cbd-4a3d-8091-a973303b955e#0:FAIL-t16. Peer's state: 9eaa9061-0cbd-4a3d-8091-a973303b955e@group-677DDB1507C0:t16, leader=null, voted=9eaa9061-0cbd-4a3d-8091-a973303b955e, raftlog=9eaa9061-0cbd-4a3d-8091-a973303b955e@group-677DDB1507C0-SegmentedRaftLog:OPENED:c-1, conf=-1: [9eaa9061-0cbd-4a3d-8091-a973303b955e|rpc:10.1.0.37:35167|priority:0, 45f86aeb-e384-4aa9-8d84-a9c74618d31d|rpc:10.1.0.37:38125|priority:1, 49fe3bb7-2dae-482d-a175-9585c41bacad|rpc:10.1.0.37:39121|priority:0], old=null
2021-11-29 23:22:55,535 [grpc-default-executor-6] INFO  server.RaftServer$Division (RaftServerImpl.java:requestVote(1078)) - 45f86aeb-e384-4aa9-8d84-a9c74618d31d@group-677DDB1507C0 replies to ELECTION vote request: 49fe3bb7-2dae-482d-a175-9585c41bacad<-45f86aeb-e384-4aa9-8d84-a9c74618d31d#0:FAIL-t16. Peer's state: 45f86aeb-e384-4aa9-8d84-a9c74618d31d@group-677DDB1507C0:t16, leader=null, voted=null, raftlog=45f86aeb-e384-4aa9-8d84-a9c74618d31d@group-677DDB1507C0-SegmentedRaftLog:OPENED:c-1, conf=-1: [9eaa9061-0cbd-4a3d-8091-a973303b955e|rpc:10.1.0.37:35167|dataStream:|priority:0, 45f86aeb-e384-4aa9-8d84-a9c74618d31d|rpc:10.1.0.37:38125|dataStream:|priority:1, 49fe3bb7-2dae-482d-a175-9585c41bacad|rpc:10.1.0.37:39121|dataStream:|priority:0], old=null
2021-11-29 23:22:55,569 [49fe3bb7-2dae-482d-a175-9585c41bacad@group-677DDB1507C0-LeaderElection87] INFO  impl.LeaderElection (LeaderElection.java:logAndReturn(89)) - 49fe3bb7-2dae-482d-a175-9585c41bacad@group-677DDB1507C0-LeaderElection87: ELECTION REJECTED received 2 response(s) and 0 exception(s):
2021-11-29 23:22:55,569 [49fe3bb7-2dae-482d-a175-9585c41bacad@group-677DDB1507C0-LeaderElection87] INFO  impl.LeaderElection (LeaderElection.java:logAndReturn(93)) -   Response 0: 49fe3bb7-2dae-482d-a175-9585c41bacad<-9eaa9061-0cbd-4a3d-8091-a973303b955e#0:FAIL-t16
2021-11-29 23:22:55,569 [49fe3bb7-2dae-482d-a175-9585c41bacad@group-677DDB1507C0-LeaderElection87] INFO  impl.LeaderElection (LeaderElection.java:logAndReturn(93)) -   Response 1: 49fe3bb7-2dae-482d-a175-9585c41bacad<-45f86aeb-e384-4aa9-8d84-a9c74618d31d#0:FAIL-t16
2021-11-29 23:22:55,570 [49fe3bb7-2dae-482d-a175-9585c41bacad@group-677DDB1507C0-LeaderElection87] INFO  impl.LeaderElection (LeaderElection.java:askForVotes(308)) - 49fe3bb7-2dae-482d-a175-9585c41bacad@group-677DDB1507C0-LeaderElection87 ELECTION round 0: result REJECTED
2021-11-29 23:22:55,570 [49fe3bb7-2dae-482d-a175-9585c41bacad@group-677DDB1507C0-LeaderElection87] INFO  server.RaftServer$Division (RaftServerImpl.java:setRole(290)) - 49fe3bb7-2dae-482d-a175-9585c41bacad@group-677DDB1507C0: changes role from CANDIDATE to FOLLOWER at term 16 for REJECTED
2021-11-29 23:22:55,570 [49fe3bb7-2dae-482d-a175-9585c41bacad@group-677DDB1507C0-LeaderElection87] INFO  impl.RoleInfo (RoleInfo.java:shutdownLeaderElection(121)) - 49fe3bb7-2dae-482d-a175-9585c41bacad: shutdown 49fe3bb7-2dae-482d-a175-9585c41bacad@group-677DDB1507C0-LeaderElection87
2021-11-29 23:22:55,570 [49fe3bb7-2dae-482d-a175-9585c41bacad@group-677DDB1507C0-LeaderElection87] INFO  impl.RoleInfo (RoleInfo.java:updateAndGet(130)) - 49fe3bb7-2dae-482d-a175-9585c41bacad: start 49fe3bb7-2dae-482d-a175-9585c41bacad@group-677DDB1507C0-FollowerState
2021-11-29 23:22:55,741 [Listener at 127.0.0.1/46101] INFO  ozone.MiniOzoneClusterImpl (MiniOzoneClusterImpl.java:lambda$waitForClusterToBeReady$0(235)) - Nodes are ready. Got 4 of 4 DN Heartbeats.
2021-11-29 23:22:55,741 [Listener at 127.0.0.1/46101] INFO  ozone.MiniOzoneClusterImpl (MiniOzoneClusterImpl.java:lambda$waitForClusterToBeReady$0(238)) - Waiting for cluster to exit safe mode
2021-11-29 23:22:55,742 [Listener at 127.0.0.1/46101] INFO  ozone.MiniOzoneClusterImpl (MiniOzoneClusterImpl.java:lambda$waitForClusterToBeReady$0(240)) - SCM became leader
2021-11-29 23:22:56,480 [ReplicationMonitor] INFO  container.ReplicationManager (ReplicationManager.java:processAll(371)) - Replication Monitor Thread took 1 milliseconds for processing 0 containers.
2021-11-29 23:22:56,743 [Listener at 127.0.0.1/46101] INFO  ozone.MiniOzoneClusterImpl (MiniOzoneClusterImpl.java:lambda$waitForClusterToBeReady$0(235)) - Nodes are ready. Got 4 of 4 DN Heartbeats.
2021-11-29 23:22:56,743 [Listener at 127.0.0.1/46101] INFO  ozone.MiniOzoneClusterImpl (MiniOzoneClusterImpl.java:lambda$waitForClusterToBeReady$0(238)) - Waiting for cluster to exit safe mode
2021-11-29 23:22:56,743 [Listener at 127.0.0.1/46101] INFO  ozone.MiniOzoneClusterImpl (MiniOzoneClusterImpl.java:lambda$waitForClusterToBeReady$0(240)) - SCM became leader
2021-11-29 23:22:57,481 [ReplicationMonitor] INFO  container.ReplicationManager (ReplicationManager.java:processAll(371)) - Replication Monitor Thread took 0 milliseconds for processing 0 containers.
2021-11-29 23:22:57,743 [Listener at 127.0.0.1/46101] INFO  ozone.MiniOzoneClusterImpl (MiniOzoneClusterImpl.java:lambda$waitForClusterToBeReady$0(235)) - Nodes are ready. Got 4 of 4 DN Heartbeats.
2021-11-29 23:22:57,743 [Listener at 127.0.0.1/46101] INFO  ozone.MiniOzoneClusterImpl (MiniOzoneClusterImpl.java:lambda$waitForClusterToBeReady$0(238)) - Waiting for cluster to exit safe mode
2021-11-29 23:22:57,743 [Listener at 127.0.0.1/46101] INFO  ozone.MiniOzoneClusterImpl (MiniOzoneClusterImpl.java:lambda$waitForClusterToBeReady$0(240)) - SCM became leader
2021-11-29 23:22:58,481 [ReplicationMonitor] INFO  container.ReplicationManager (ReplicationManager.java:processAll(371)) - Replication Monitor Thread took 0 milliseconds for processing 0 containers.
2021-11-29 23:22:58,743 [Listener at 127.0.0.1/46101] INFO  ozone.MiniOzoneClusterImpl (MiniOzoneClusterImpl.java:lambda$waitForClusterToBeReady$0(235)) - Nodes are ready. Got 4 of 4 DN Heartbeats.
2021-11-29 23:22:58,744 [Listener at 127.0.0.1/46101] INFO  ozone.MiniOzoneClusterImpl (MiniOzoneClusterImpl.java:lambda$waitForClusterToBeReady$0(238)) - Waiting for cluster to exit safe mode
2021-11-29 23:22:58,744 [Listener at 127.0.0.1/46101] INFO  ozone.MiniOzoneClusterImpl (MiniOzoneClusterImpl.java:lambda$waitForClusterToBeReady$0(240)) - SCM became leader
2021-11-29 23:22:59,481 [ReplicationMonitor] INFO  container.ReplicationManager (ReplicationManager.java:processAll(371)) - Replication Monitor Thread took 0 milliseconds for processing 0 containers.
2021-11-29 23:22:59,744 [Listener at 127.0.0.1/46101] INFO  ozone.MiniOzoneClusterImpl (MiniOzoneClusterImpl.java:lambda$waitForClusterToBeReady$0(235)) - Nodes are ready. Got 4 of 4 DN Heartbeats.
2021-11-29 23:22:59,744 [Listener at 127.0.0.1/46101] INFO  ozone.MiniOzoneClusterImpl (MiniOzoneClusterImpl.java:lambda$waitForClusterToBeReady$0(238)) - Waiting for cluster to exit safe mode
2021-11-29 23:22:59,744 [Listener at 127.0.0.1/46101] INFO  ozone.MiniOzoneClusterImpl (MiniOzoneClusterImpl.java:lambda$waitForClusterToBeReady$0(240)) - SCM became leader
2021-11-29 23:23:00,481 [ReplicationMonitor] INFO  container.ReplicationManager (ReplicationManager.java:processAll(371)) - Replication Monitor Thread took 0 milliseconds for processing 0 containers.
2021-11-29 23:23:00,678 [45f86aeb-e384-4aa9-8d84-a9c74618d31d@group-677DDB1507C0-FollowerState] INFO  impl.FollowerState (FollowerState.java:run(134)) - 45f86aeb-e384-4aa9-8d84-a9c74618d31d@group-677DDB1507C0-FollowerState: change to CANDIDATE, lastRpcElapsedTime:5154237950ns, electionTimeout:5109ms
2021-11-29 23:23:00,678 [45f86aeb-e384-4aa9-8d84-a9c74618d31d@group-677DDB1507C0-FollowerState] INFO  impl.RoleInfo (RoleInfo.java:shutdownFollowerState(108)) - 45f86aeb-e384-4aa9-8d84-a9c74618d31d: shutdown 45f86aeb-e384-4aa9-8d84-a9c74618d31d@group-677DDB1507C0-FollowerState
2021-11-29 23:23:00,679 [45f86aeb-e384-4aa9-8d84-a9c74618d31d@group-677DDB1507C0-FollowerState] INFO  server.RaftServer$Division (RaftServerImpl.java:setRole(290)) - 45f86aeb-e384-4aa9-8d84-a9c74618d31d@group-677DDB1507C0: changes role from  FOLLOWER to CANDIDATE at term 16 for changeToCandidate
2021-11-29 23:23:00,679 [45f86aeb-e384-4aa9-8d84-a9c74618d31d@group-677DDB1507C0-FollowerState] INFO  server.RaftServerConfigKeys (ConfUtils.java:logGet(44)) - raft.server.leaderelection.pre-vote = false (custom)
2021-11-29 23:23:00,679 [45f86aeb-e384-4aa9-8d84-a9c74618d31d@group-677DDB1507C0-FollowerState] INFO  impl.RoleInfo (RoleInfo.java:updateAndGet(130)) - 45f86aeb-e384-4aa9-8d84-a9c74618d31d: start 45f86aeb-e384-4aa9-8d84-a9c74618d31d@group-677DDB1507C0-LeaderElection89
2021-11-29 23:23:00,684 [9eaa9061-0cbd-4a3d-8091-a973303b955e@group-677DDB1507C0-FollowerState] INFO  impl.FollowerState (FollowerState.java:run(134)) - 9eaa9061-0cbd-4a3d-8091-a973303b955e@group-677DDB1507C0-FollowerState: change to CANDIDATE, lastRpcElapsedTime:5202387104ns, electionTimeout:5175ms
2021-11-29 23:23:00,684 [9eaa9061-0cbd-4a3d-8091-a973303b955e@group-677DDB1507C0-FollowerState] INFO  impl.RoleInfo (RoleInfo.java:shutdownFollowerState(108)) - 9eaa9061-0cbd-4a3d-8091-a973303b955e: shutdown 9eaa9061-0cbd-4a3d-8091-a973303b955e@group-677DDB1507C0-FollowerState
2021-11-29 23:23:00,684 [9eaa9061-0cbd-4a3d-8091-a973303b955e@group-677DDB1507C0-FollowerState] INFO  server.RaftServer$Division (RaftServerImpl.java:setRole(290)) - 9eaa9061-0cbd-4a3d-8091-a973303b955e@group-677DDB1507C0: changes role from  FOLLOWER to CANDIDATE at term 16 for changeToCandidate
2021-11-29 23:23:00,684 [9eaa9061-0cbd-4a3d-8091-a973303b955e@group-677DDB1507C0-FollowerState] INFO  server.RaftServerConfigKeys (ConfUtils.java:logGet(44)) - raft.server.leaderelection.pre-vote = false (custom)
2021-11-29 23:23:00,684 [9eaa9061-0cbd-4a3d-8091-a973303b955e@group-677DDB1507C0-FollowerState] INFO  impl.RoleInfo (RoleInfo.java:updateAndGet(130)) - 9eaa9061-0cbd-4a3d-8091-a973303b955e: start 9eaa9061-0cbd-4a3d-8091-a973303b955e@group-677DDB1507C0-LeaderElection90
2021-11-29 23:23:00,726 [49fe3bb7-2dae-482d-a175-9585c41bacad@group-677DDB1507C0-FollowerState] INFO  impl.FollowerState (FollowerState.java:run(134)) - 49fe3bb7-2dae-482d-a175-9585c41bacad@group-677DDB1507C0-FollowerState: change to CANDIDATE, lastRpcElapsedTime:5156373383ns, electionTimeout:5156ms
2021-11-29 23:23:00,726 [49fe3bb7-2dae-482d-a175-9585c41bacad@group-677DDB1507C0-FollowerState] INFO  impl.RoleInfo (RoleInfo.java:shutdownFollowerState(108)) - 49fe3bb7-2dae-482d-a175-9585c41bacad: shutdown 49fe3bb7-2dae-482d-a175-9585c41bacad@group-677DDB1507C0-FollowerState
2021-11-29 23:23:00,726 [49fe3bb7-2dae-482d-a175-9585c41bacad@group-677DDB1507C0-FollowerState] INFO  server.RaftServer$Division (RaftServerImpl.java:setRole(290)) - 49fe3bb7-2dae-482d-a175-9585c41bacad@group-677DDB1507C0: changes role from  FOLLOWER to CANDIDATE at term 16 for changeToCandidate
2021-11-29 23:23:00,726 [49fe3bb7-2dae-482d-a175-9585c41bacad@group-677DDB1507C0-FollowerState] INFO  server.RaftServerConfigKeys (ConfUtils.java:logGet(44)) - raft.server.leaderelection.pre-vote = false (custom)
2021-11-29 23:23:00,726 [49fe3bb7-2dae-482d-a175-9585c41bacad@group-677DDB1507C0-FollowerState] INFO  impl.RoleInfo (RoleInfo.java:updateAndGet(130)) - 49fe3bb7-2dae-482d-a175-9585c41bacad: start 49fe3bb7-2dae-482d-a175-9585c41bacad@group-677DDB1507C0-LeaderElection91
2021-11-29 23:23:00,743 [9eaa9061-0cbd-4a3d-8091-a973303b955e@group-677DDB1507C0-LeaderElection90] INFO  impl.LeaderElection (LeaderElection.java:askForVotes(306)) - 9eaa9061-0cbd-4a3d-8091-a973303b955e@group-677DDB1507C0-LeaderElection90 ELECTION round 0: submit vote requests at term 17 for -1: [9eaa9061-0cbd-4a3d-8091-a973303b955e|rpc:10.1.0.37:35167|priority:0, 45f86aeb-e384-4aa9-8d84-a9c74618d31d|rpc:10.1.0.37:38125|priority:1, 49fe3bb7-2dae-482d-a175-9585c41bacad|rpc:10.1.0.37:39121|priority:0], old=null
2021-11-29 23:23:00,745 [Listener at 127.0.0.1/46101] INFO  ozone.MiniOzoneClusterImpl (MiniOzoneClusterImpl.java:lambda$waitForClusterToBeReady$0(235)) - Nodes are ready. Got 4 of 4 DN Heartbeats.
2021-11-29 23:23:00,745 [Listener at 127.0.0.1/46101] INFO  ozone.MiniOzoneClusterImpl (MiniOzoneClusterImpl.java:lambda$waitForClusterToBeReady$0(238)) - Waiting for cluster to exit safe mode
2021-11-29 23:23:00,745 [Listener at 127.0.0.1/46101] INFO  ozone.MiniOzoneClusterImpl (MiniOzoneClusterImpl.java:lambda$waitForClusterToBeReady$0(240)) - SCM became leader
2021-11-29 23:23:00,768 [grpc-default-executor-6] INFO  server.RaftServer$Division (RaftServerImpl.java:requestVote(1046)) - 45f86aeb-e384-4aa9-8d84-a9c74618d31d@group-677DDB1507C0: receive requestVote(ELECTION, 9eaa9061-0cbd-4a3d-8091-a973303b955e, group-677DDB1507C0, 17, (t:0, i:0))
2021-11-29 23:23:00,789 [45f86aeb-e384-4aa9-8d84-a9c74618d31d@group-677DDB1507C0-LeaderElection89] INFO  impl.LeaderElection (LeaderElection.java:askForVotes(306)) - 45f86aeb-e384-4aa9-8d84-a9c74618d31d@group-677DDB1507C0-LeaderElection89 ELECTION round 0: submit vote requests at term 17 for -1: [9eaa9061-0cbd-4a3d-8091-a973303b955e|rpc:10.1.0.37:35167|dataStream:|priority:0, 45f86aeb-e384-4aa9-8d84-a9c74618d31d|rpc:10.1.0.37:38125|dataStream:|priority:1, 49fe3bb7-2dae-482d-a175-9585c41bacad|rpc:10.1.0.37:39121|dataStream:|priority:0], old=null
2021-11-29 23:23:00,790 [grpc-default-executor-6] INFO  impl.VoteContext (VoteContext.java:log(48)) - 45f86aeb-e384-4aa9-8d84-a9c74618d31d@group-677DDB1507C0-CANDIDATE: reject ELECTION from 9eaa9061-0cbd-4a3d-8091-a973303b955e: already has voted for 45f86aeb-e384-4aa9-8d84-a9c74618d31d at current term 17
2021-11-29 23:23:00,790 [grpc-default-executor-6] INFO  server.RaftServer$Division (RaftServerImpl.java:requestVote(1078)) - 45f86aeb-e384-4aa9-8d84-a9c74618d31d@group-677DDB1507C0 replies to ELECTION vote request: 9eaa9061-0cbd-4a3d-8091-a973303b955e<-45f86aeb-e384-4aa9-8d84-a9c74618d31d#0:FAIL-t17. Peer's state: 45f86aeb-e384-4aa9-8d84-a9c74618d31d@group-677DDB1507C0:t17, leader=null, voted=45f86aeb-e384-4aa9-8d84-a9c74618d31d, raftlog=45f86aeb-e384-4aa9-8d84-a9c74618d31d@group-677DDB1507C0-SegmentedRaftLog:OPENED:c-1, conf=-1: [9eaa9061-0cbd-4a3d-8091-a973303b955e|rpc:10.1.0.37:35167|dataStream:|priority:0, 45f86aeb-e384-4aa9-8d84-a9c74618d31d|rpc:10.1.0.37:38125|dataStream:|priority:1, 49fe3bb7-2dae-482d-a175-9585c41bacad|rpc:10.1.0.37:39121|dataStream:|priority:0], old=null
2021-11-29 23:23:00,790 [49fe3bb7-2dae-482d-a175-9585c41bacad@group-677DDB1507C0-LeaderElection91] INFO  impl.LeaderElection (LeaderElection.java:askForVotes(306)) - 49fe3bb7-2dae-482d-a175-9585c41bacad@group-677DDB1507C0-LeaderElection91 ELECTION round 0: submit vote requests at term 17 for -1: [9eaa9061-0cbd-4a3d-8091-a973303b955e|rpc:10.1.0.37:35167|dataStream:|priority:0, 45f86aeb-e384-4aa9-8d84-a9c74618d31d|rpc:10.1.0.37:38125|dataStream:|priority:1, 49fe3bb7-2dae-482d-a175-9585c41bacad|rpc:10.1.0.37:39121|dataStream:|priority:0], old=null
2021-11-29 23:23:00,798 [grpc-default-executor-6] INFO  server.RaftServer$Division (RaftServerImpl.java:requestVote(1046)) - 49fe3bb7-2dae-482d-a175-9585c41bacad@group-677DDB1507C0: receive requestVote(ELECTION, 9eaa9061-0cbd-4a3d-8091-a973303b955e, group-677DDB1507C0, 17, (t:0, i:0))
2021-11-29 23:23:00,798 [grpc-default-executor-6] INFO  impl.VoteContext (VoteContext.java:log(48)) - 49fe3bb7-2dae-482d-a175-9585c41bacad@group-677DDB1507C0-CANDIDATE: reject ELECTION from 9eaa9061-0cbd-4a3d-8091-a973303b955e: already has voted for 49fe3bb7-2dae-482d-a175-9585c41bacad at current term 17
2021-11-29 23:23:00,798 [grpc-default-executor-6] INFO  server.RaftServer$Division (RaftServerImpl.java:requestVote(1078)) - 49fe3bb7-2dae-482d-a175-9585c41bacad@group-677DDB1507C0 replies to ELECTION vote request: 9eaa9061-0cbd-4a3d-8091-a973303b955e<-49fe3bb7-2dae-482d-a175-9585c41bacad#0:FAIL-t17. Peer's state: 49fe3bb7-2dae-482d-a175-9585c41bacad@group-677DDB1507C0:t17, leader=null, voted=49fe3bb7-2dae-482d-a175-9585c41bacad, raftlog=49fe3bb7-2dae-482d-a175-9585c41bacad@group-677DDB1507C0-SegmentedRaftLog:OPENED:c-1, conf=-1: [9eaa9061-0cbd-4a3d-8091-a973303b955e|rpc:10.1.0.37:35167|dataStream:|priority:0, 45f86aeb-e384-4aa9-8d84-a9c74618d31d|rpc:10.1.0.37:38125|dataStream:|priority:1, 49fe3bb7-2dae-482d-a175-9585c41bacad|rpc:10.1.0.37:39121|dataStream:|priority:0], old=null
2021-11-29 23:23:00,834 [grpc-default-executor-8] INFO  server.RaftServer$Division (RaftServerImpl.java:requestVote(1046)) - 9eaa9061-0cbd-4a3d-8091-a973303b955e@group-677DDB1507C0: receive requestVote(ELECTION, 49fe3bb7-2dae-482d-a175-9585c41bacad, group-677DDB1507C0, 17, (t:0, i:0))
2021-11-29 23:23:00,834 [grpc-default-executor-8] INFO  impl.VoteContext (VoteContext.java:log(48)) - 9eaa9061-0cbd-4a3d-8091-a973303b955e@group-677DDB1507C0-CANDIDATE: reject ELECTION from 49fe3bb7-2dae-482d-a175-9585c41bacad: already has voted for 9eaa9061-0cbd-4a3d-8091-a973303b955e at current term 17
2021-11-29 23:23:00,834 [grpc-default-executor-8] INFO  server.RaftServer$Division (RaftServerImpl.java:requestVote(1078)) - 9eaa9061-0cbd-4a3d-8091-a973303b955e@group-677DDB1507C0 replies to ELECTION vote request: 49fe3bb7-2dae-482d-a175-9585c41bacad<-9eaa9061-0cbd-4a3d-8091-a973303b955e#0:FAIL-t17. Peer's state: 9eaa9061-0cbd-4a3d-8091-a973303b955e@group-677DDB1507C0:t17, leader=null, voted=9eaa9061-0cbd-4a3d-8091-a973303b955e, raftlog=9eaa9061-0cbd-4a3d-8091-a973303b955e@group-677DDB1507C0-SegmentedRaftLog:OPENED:c-1, conf=-1: [9eaa9061-0cbd-4a3d-8091-a973303b955e|rpc:10.1.0.37:35167|priority:0, 45f86aeb-e384-4aa9-8d84-a9c74618d31d|rpc:10.1.0.37:38125|priority:1, 49fe3bb7-2dae-482d-a175-9585c41bacad|rpc:10.1.0.37:39121|priority:0], old=null
2021-11-29 23:23:00,834 [grpc-default-executor-6] INFO  server.RaftServer$Division (RaftServerImpl.java:requestVote(1046)) - 9eaa9061-0cbd-4a3d-8091-a973303b955e@group-677DDB1507C0: receive requestVote(ELECTION, 45f86aeb-e384-4aa9-8d84-a9c74618d31d, group-677DDB1507C0, 17, (t:0, i:0))
2021-11-29 23:23:00,834 [grpc-default-executor-6] INFO  impl.VoteContext (VoteContext.java:log(48)) - 9eaa9061-0cbd-4a3d-8091-a973303b955e@group-677DDB1507C0-CANDIDATE: reject ELECTION from 45f86aeb-e384-4aa9-8d84-a9c74618d31d: already has voted for 9eaa9061-0cbd-4a3d-8091-a973303b955e at current term 17
2021-11-29 23:23:00,834 [grpc-default-executor-6] INFO  server.RaftServer$Division (RaftServerImpl.java:requestVote(1078)) - 9eaa9061-0cbd-4a3d-8091-a973303b955e@group-677DDB1507C0 replies to ELECTION vote request: 45f86aeb-e384-4aa9-8d84-a9c74618d31d<-9eaa9061-0cbd-4a3d-8091-a973303b955e#0:FAIL-t17. Peer's state: 9eaa9061-0cbd-4a3d-8091-a973303b955e@group-677DDB1507C0:t17, leader=null, voted=9eaa9061-0cbd-4a3d-8091-a973303b955e, raftlog=9eaa9061-0cbd-4a3d-8091-a973303b955e@group-677DDB1507C0-SegmentedRaftLog:OPENED:c-1, conf=-1: [9eaa9061-0cbd-4a3d-8091-a973303b955e|rpc:10.1.0.37:35167|priority:0, 45f86aeb-e384-4aa9-8d84-a9c74618d31d|rpc:10.1.0.37:38125|priority:1, 49fe3bb7-2dae-482d-a175-9585c41bacad|rpc:10.1.0.37:39121|priority:0], old=null
2021-11-29 23:23:00,860 [9eaa9061-0cbd-4a3d-8091-a973303b955e@group-677DDB1507C0-LeaderElection90] INFO  impl.LeaderElection (LeaderElection.java:logAndReturn(89)) - 9eaa9061-0cbd-4a3d-8091-a973303b955e@group-677DDB1507C0-LeaderElection90: ELECTION REJECTED received 2 response(s) and 0 exception(s):
2021-11-29 23:23:00,860 [9eaa9061-0cbd-4a3d-8091-a973303b955e@group-677DDB1507C0-LeaderElection90] INFO  impl.LeaderElection (LeaderElection.java:logAndReturn(93)) -   Response 0: 9eaa9061-0cbd-4a3d-8091-a973303b955e<-45f86aeb-e384-4aa9-8d84-a9c74618d31d#0:FAIL-t17
2021-11-29 23:23:00,860 [grpc-default-executor-8] INFO  server.RaftServer$Division (RaftServerImpl.java:requestVote(1046)) - 45f86aeb-e384-4aa9-8d84-a9c74618d31d@group-677DDB1507C0: receive requestVote(ELECTION, 49fe3bb7-2dae-482d-a175-9585c41bacad, group-677DDB1507C0, 17, (t:0, i:0))
2021-11-29 23:23:00,860 [9eaa9061-0cbd-4a3d-8091-a973303b955e@group-677DDB1507C0-LeaderElection90] INFO  impl.LeaderElection (LeaderElection.java:logAndReturn(93)) -   Response 1: 9eaa9061-0cbd-4a3d-8091-a973303b955e<-49fe3bb7-2dae-482d-a175-9585c41bacad#0:FAIL-t17
2021-11-29 23:23:00,860 [9eaa9061-0cbd-4a3d-8091-a973303b955e@group-677DDB1507C0-LeaderElection90] INFO  impl.LeaderElection (LeaderElection.java:askForVotes(308)) - 9eaa9061-0cbd-4a3d-8091-a973303b955e@group-677DDB1507C0-LeaderElection90 ELECTION round 0: result REJECTED
2021-11-29 23:23:00,860 [9eaa9061-0cbd-4a3d-8091-a973303b955e@group-677DDB1507C0-LeaderElection90] INFO  server.RaftServer$Division (RaftServerImpl.java:setRole(290)) - 9eaa9061-0cbd-4a3d-8091-a973303b955e@group-677DDB1507C0: changes role from CANDIDATE to FOLLOWER at term 17 for REJECTED
2021-11-29 23:23:00,860 [9eaa9061-0cbd-4a3d-8091-a973303b955e@group-677DDB1507C0-LeaderElection90] INFO  impl.RoleInfo (RoleInfo.java:shutdownLeaderElection(121)) - 9eaa9061-0cbd-4a3d-8091-a973303b955e: shutdown 9eaa9061-0cbd-4a3d-8091-a973303b955e@group-677DDB1507C0-LeaderElection90
2021-11-29 23:23:00,860 [9eaa9061-0cbd-4a3d-8091-a973303b955e@group-677DDB1507C0-LeaderElection90] INFO  impl.RoleInfo (RoleInfo.java:updateAndGet(130)) - 9eaa9061-0cbd-4a3d-8091-a973303b955e: start 9eaa9061-0cbd-4a3d-8091-a973303b955e@group-677DDB1507C0-FollowerState
2021-11-29 23:23:00,860 [grpc-default-executor-8] INFO  impl.VoteContext (VoteContext.java:log(48)) - 45f86aeb-e384-4aa9-8d84-a9c74618d31d@group-677DDB1507C0-CANDIDATE: reject ELECTION from 49fe3bb7-2dae-482d-a175-9585c41bacad: already has voted for 45f86aeb-e384-4aa9-8d84-a9c74618d31d at current term 17
2021-11-29 23:23:00,861 [grpc-default-executor-8] INFO  server.RaftServer$Division (RaftServerImpl.java:requestVote(1078)) - 45f86aeb-e384-4aa9-8d84-a9c74618d31d@group-677DDB1507C0 replies to ELECTION vote request: 49fe3bb7-2dae-482d-a175-9585c41bacad<-45f86aeb-e384-4aa9-8d84-a9c74618d31d#0:FAIL-t17. Peer's state: 45f86aeb-e384-4aa9-8d84-a9c74618d31d@group-677DDB1507C0:t17, leader=null, voted=45f86aeb-e384-4aa9-8d84-a9c74618d31d, raftlog=45f86aeb-e384-4aa9-8d84-a9c74618d31d@group-677DDB1507C0-SegmentedRaftLog:OPENED:c-1, conf=-1: [9eaa9061-0cbd-4a3d-8091-a973303b955e|rpc:10.1.0.37:35167|dataStream:|priority:0, 45f86aeb-e384-4aa9-8d84-a9c74618d31d|rpc:10.1.0.37:38125|dataStream:|priority:1, 49fe3bb7-2dae-482d-a175-9585c41bacad|rpc:10.1.0.37:39121|dataStream:|priority:0], old=null
2021-11-29 23:23:00,893 [49fe3bb7-2dae-482d-a175-9585c41bacad@group-677DDB1507C0-LeaderElection91] INFO  impl.LeaderElection (LeaderElection.java:logAndReturn(89)) - 49fe3bb7-2dae-482d-a175-9585c41bacad@group-677DDB1507C0-LeaderElection91: ELECTION REJECTED received 2 response(s) and 0 exception(s):
2021-11-29 23:23:00,893 [49fe3bb7-2dae-482d-a175-9585c41bacad@group-677DDB1507C0-LeaderElection91] INFO  impl.LeaderElection (LeaderElection.java:logAndReturn(93)) -   Response 0: 49fe3bb7-2dae-482d-a175-9585c41bacad<-9eaa9061-0cbd-4a3d-8091-a973303b955e#0:FAIL-t17
2021-11-29 23:23:00,893 [49fe3bb7-2dae-482d-a175-9585c41bacad@group-677DDB1507C0-LeaderElection91] INFO  impl.LeaderElection (LeaderElection.java:logAndReturn(93)) -   Response 1: 49fe3bb7-2dae-482d-a175-9585c41bacad<-45f86aeb-e384-4aa9-8d84-a9c74618d31d#0:FAIL-t17
2021-11-29 23:23:00,893 [49fe3bb7-2dae-482d-a175-9585c41bacad@group-677DDB1507C0-LeaderElection91] INFO  impl.LeaderElection (LeaderElection.java:askForVotes(308)) - 49fe3bb7-2dae-482d-a175-9585c41bacad@group-677DDB1507C0-LeaderElection91 ELECTION round 0: result REJECTED
2021-11-29 23:23:00,893 [49fe3bb7-2dae-482d-a175-9585c41bacad@group-677DDB1507C0-LeaderElection91] INFO  server.RaftServer$Division (RaftServerImpl.java:setRole(290)) - 49fe3bb7-2dae-482d-a175-9585c41bacad@group-677DDB1507C0: changes role from CANDIDATE to FOLLOWER at term 17 for REJECTED
2021-11-29 23:23:00,893 [49fe3bb7-2dae-482d-a175-9585c41bacad@group-677DDB1507C0-LeaderElection91] INFO  impl.RoleInfo (RoleInfo.java:shutdownLeaderElection(121)) - 49fe3bb7-2dae-482d-a175-9585c41bacad: shutdown 49fe3bb7-2dae-482d-a175-9585c41bacad@group-677DDB1507C0-LeaderElection91
2021-11-29 23:23:00,893 [49fe3bb7-2dae-482d-a175-9585c41bacad@group-677DDB1507C0-LeaderElection91] INFO  impl.RoleInfo (RoleInfo.java:updateAndGet(130)) - 49fe3bb7-2dae-482d-a175-9585c41bacad: start 49fe3bb7-2dae-482d-a175-9585c41bacad@group-677DDB1507C0-FollowerState
2021-11-29 23:23:00,893 [grpc-default-executor-8] INFO  server.RaftServer$Division (RaftServerImpl.java:requestVote(1046)) - 49fe3bb7-2dae-482d-a175-9585c41bacad@group-677DDB1507C0: receive requestVote(ELECTION, 45f86aeb-e384-4aa9-8d84-a9c74618d31d, group-677DDB1507C0, 17, (t:0, i:0))
2021-11-29 23:23:00,894 [grpc-default-executor-8] INFO  impl.VoteContext (VoteContext.java:log(48)) - 49fe3bb7-2dae-482d-a175-9585c41bacad@group-677DDB1507C0-FOLLOWER: reject ELECTION from 45f86aeb-e384-4aa9-8d84-a9c74618d31d: already has voted for 49fe3bb7-2dae-482d-a175-9585c41bacad at current term 17
2021-11-29 23:23:00,894 [grpc-default-executor-8] INFO  server.RaftServer$Division (RaftServerImpl.java:requestVote(1078)) - 49fe3bb7-2dae-482d-a175-9585c41bacad@group-677DDB1507C0 replies to ELECTION vote request: 45f86aeb-e384-4aa9-8d84-a9c74618d31d<-49fe3bb7-2dae-482d-a175-9585c41bacad#0:FAIL-t17. Peer's state: 49fe3bb7-2dae-482d-a175-9585c41bacad@group-677DDB1507C0:t17, leader=null, voted=49fe3bb7-2dae-482d-a175-9585c41bacad, raftlog=49fe3bb7-2dae-482d-a175-9585c41bacad@group-677DDB1507C0-SegmentedRaftLog:OPENED:c-1, conf=-1: [9eaa9061-0cbd-4a3d-8091-a973303b955e|rpc:10.1.0.37:35167|dataStream:|priority:0, 45f86aeb-e384-4aa9-8d84-a9c74618d31d|rpc:10.1.0.37:38125|dataStream:|priority:1, 49fe3bb7-2dae-482d-a175-9585c41bacad|rpc:10.1.0.37:39121|dataStream:|priority:0], old=null
2021-11-29 23:23:00,894 [45f86aeb-e384-4aa9-8d84-a9c74618d31d@group-677DDB1507C0-LeaderElection89] INFO  impl.LeaderElection (LeaderElection.java:logAndReturn(89)) - 45f86aeb-e384-4aa9-8d84-a9c74618d31d@group-677DDB1507C0-LeaderElection89: ELECTION REJECTED received 2 response(s) and 0 exception(s):
2021-11-29 23:23:00,894 [45f86aeb-e384-4aa9-8d84-a9c74618d31d@group-677DDB1507C0-LeaderElection89] INFO  impl.LeaderElection (LeaderElection.java:logAndReturn(93)) -   Response 0: 45f86aeb-e384-4aa9-8d84-a9c74618d31d<-9eaa9061-0cbd-4a3d-8091-a973303b955e#0:FAIL-t17
2021-11-29 23:23:00,894 [45f86aeb-e384-4aa9-8d84-a9c74618d31d@group-677DDB1507C0-LeaderElection89] INFO  impl.LeaderElection (LeaderElection.java:logAndReturn(93)) -   Response 1: 45f86aeb-e384-4aa9-8d84-a9c74618d31d<-49fe3bb7-2dae-482d-a175-9585c41bacad#0:FAIL-t17
2021-11-29 23:23:00,894 [45f86aeb-e384-4aa9-8d84-a9c74618d31d@group-677DDB1507C0-LeaderElection89] INFO  impl.LeaderElection (LeaderElection.java:askForVotes(308)) - 45f86aeb-e384-4aa9-8d84-a9c74618d31d@group-677DDB1507C0-LeaderElection89 ELECTION round 0: result REJECTED
2021-11-29 23:23:00,894 [45f86aeb-e384-4aa9-8d84-a9c74618d31d@group-677DDB1507C0-LeaderElection89] INFO  server.RaftServer$Division (RaftServerImpl.java:setRole(290)) - 45f86aeb-e384-4aa9-8d84-a9c74618d31d@group-677DDB1507C0: changes role from CANDIDATE to FOLLOWER at term 17 for REJECTED
2021-11-29 23:23:00,894 [45f86aeb-e384-4aa9-8d84-a9c74618d31d@group-677DDB1507C0-LeaderElection89] INFO  impl.RoleInfo (RoleInfo.java:shutdownLeaderElection(121)) - 45f86aeb-e384-4aa9-8d84-a9c74618d31d: shutdown 45f86aeb-e384-4aa9-8d84-a9c74618d31d@group-677DDB1507C0-LeaderElection89
2021-11-29 23:23:00,894 [45f86aeb-e384-4aa9-8d84-a9c74618d31d@group-677DDB1507C0-LeaderElection89] INFO  impl.RoleInfo (RoleInfo.java:updateAndGet(130)) - 45f86aeb-e384-4aa9-8d84-a9c74618d31d: start 45f86aeb-e384-4aa9-8d84-a9c74618d31d@group-677DDB1507C0-FollowerState
2021-11-29 23:23:01,482 [ReplicationMonitor] INFO  container.ReplicationManager (ReplicationManager.java:processAll(371)) - Replication Monitor Thread took 0 milliseconds for processing 0 containers.
2021-11-29 23:23:01,745 [Listener at 127.0.0.1/46101] INFO  ozone.MiniOzoneClusterImpl (MiniOzoneClusterImpl.java:lambda$waitForClusterToBeReady$0(235)) - Nodes are ready. Got 4 of 4 DN Heartbeats.
2021-11-29 23:23:01,746 [Listener at 127.0.0.1/46101] INFO  ozone.MiniOzoneClusterImpl (MiniOzoneClusterImpl.java:lambda$waitForClusterToBeReady$0(238)) - Waiting for cluster to exit safe mode
2021-11-29 23:23:01,746 [Listener at 127.0.0.1/46101] INFO  ozone.MiniOzoneClusterImpl (MiniOzoneClusterImpl.java:lambda$waitForClusterToBeReady$0(240)) - SCM became leader
2021-11-29 23:23:02,482 [ReplicationMonitor] INFO  container.ReplicationManager (ReplicationManager.java:processAll(371)) - Replication Monitor Thread took 0 milliseconds for processing 0 containers.
2021-11-29 23:23:02,746 [Listener at 127.0.0.1/46101] INFO  ozone.MiniOzoneClusterImpl (MiniOzoneClusterImpl.java:lambda$waitForClusterToBeReady$0(235)) - Nodes are ready. Got 4 of 4 DN Heartbeats.
2021-11-29 23:23:02,746 [Listener at 127.0.0.1/46101] INFO  ozone.MiniOzoneClusterImpl (MiniOzoneClusterImpl.java:lambda$waitForClusterToBeReady$0(238)) - Waiting for cluster to exit safe mode
2021-11-29 23:23:02,746 [Listener at 127.0.0.1/46101] INFO  ozone.MiniOzoneClusterImpl (MiniOzoneClusterImpl.java:lambda$waitForClusterToBeReady$0(240)) - SCM became leader
2021-11-29 23:23:03,482 [ReplicationMonitor] INFO  container.ReplicationManager (ReplicationManager.java:processAll(371)) - Replication Monitor Thread took 0 milliseconds for processing 0 containers.
2021-11-29 23:23:03,746 [Listener at 127.0.0.1/46101] INFO  ozone.MiniOzoneClusterImpl (MiniOzoneClusterImpl.java:lambda$waitForClusterToBeReady$0(235)) - Nodes are ready. Got 4 of 4 DN Heartbeats.
2021-11-29 23:23:03,746 [Listener at 127.0.0.1/46101] INFO  ozone.MiniOzoneClusterImpl (MiniOzoneClusterImpl.java:lambda$waitForClusterToBeReady$0(238)) - Waiting for cluster to exit safe mode
2021-11-29 23:23:03,746 [Listener at 127.0.0.1/46101] INFO  ozone.MiniOzoneClusterImpl (MiniOzoneClusterImpl.java:lambda$waitForClusterToBeReady$0(240)) - SCM became leader
2021-11-29 23:23:04,482 [ReplicationMonitor] INFO  container.ReplicationManager (ReplicationManager.java:processAll(371)) - Replication Monitor Thread took 0 milliseconds for processing 0 containers.
2021-11-29 23:23:04,753 [Listener at 127.0.0.1/46101] INFO  ozone.MiniOzoneClusterImpl (MiniOzoneClusterImpl.java:lambda$waitForClusterToBeReady$0(235)) - Nodes are ready. Got 4 of 4 DN Heartbeats.
2021-11-29 23:23:04,753 [Listener at 127.0.0.1/46101] INFO  ozone.MiniOzoneClusterImpl (MiniOzoneClusterImpl.java:lambda$waitForClusterToBeReady$0(238)) - Waiting for cluster to exit safe mode
2021-11-29 23:23:04,753 [Listener at 127.0.0.1/46101] INFO  ozone.MiniOzoneClusterImpl (MiniOzoneClusterImpl.java:lambda$waitForClusterToBeReady$0(240)) - SCM became leader
2021-11-29 23:23:05,482 [ReplicationMonitor] INFO  container.ReplicationManager (ReplicationManager.java:processAll(371)) - Replication Monitor Thread took 0 milliseconds for processing 0 containers.
2021-11-29 23:23:05,757 [Listener at 127.0.0.1/46101] INFO  ozone.MiniOzoneClusterImpl (MiniOzoneClusterImpl.java:lambda$waitForClusterToBeReady$0(235)) - Nodes are ready. Got 4 of 4 DN Heartbeats.
2021-11-29 23:23:05,757 [Listener at 127.0.0.1/46101] INFO  ozone.MiniOzoneClusterImpl (MiniOzoneClusterImpl.java:lambda$waitForClusterToBeReady$0(238)) - Waiting for cluster to exit safe mode
2021-11-29 23:23:05,757 [Listener at 127.0.0.1/46101] INFO  ozone.MiniOzoneClusterImpl (MiniOzoneClusterImpl.java:lambda$waitForClusterToBeReady$0(240)) - SCM became leader
2021-11-29 23:23:05,960 [9eaa9061-0cbd-4a3d-8091-a973303b955e@group-677DDB1507C0-FollowerState] INFO  impl.FollowerState (FollowerState.java:run(134)) - 9eaa9061-0cbd-4a3d-8091-a973303b955e@group-677DDB1507C0-FollowerState: change to CANDIDATE, lastRpcElapsedTime:5099395395ns, electionTimeout:5064ms
2021-11-29 23:23:05,960 [9eaa9061-0cbd-4a3d-8091-a973303b955e@group-677DDB1507C0-FollowerState] INFO  impl.RoleInfo (RoleInfo.java:shutdownFollowerState(108)) - 9eaa9061-0cbd-4a3d-8091-a973303b955e: shutdown 9eaa9061-0cbd-4a3d-8091-a973303b955e@group-677DDB1507C0-FollowerState
2021-11-29 23:23:05,960 [9eaa9061-0cbd-4a3d-8091-a973303b955e@group-677DDB1507C0-FollowerState] INFO  server.RaftServer$Division (RaftServerImpl.java:setRole(290)) - 9eaa9061-0cbd-4a3d-8091-a973303b955e@group-677DDB1507C0: changes role from  FOLLOWER to CANDIDATE at term 17 for changeToCandidate
2021-11-29 23:23:05,960 [9eaa9061-0cbd-4a3d-8091-a973303b955e@group-677DDB1507C0-FollowerState] INFO  server.RaftServerConfigKeys (ConfUtils.java:logGet(44)) - raft.server.leaderelection.pre-vote = false (custom)
2021-11-29 23:23:05,960 [9eaa9061-0cbd-4a3d-8091-a973303b955e@group-677DDB1507C0-FollowerState] INFO  impl.RoleInfo (RoleInfo.java:updateAndGet(130)) - 9eaa9061-0cbd-4a3d-8091-a973303b955e: start 9eaa9061-0cbd-4a3d-8091-a973303b955e@group-677DDB1507C0-LeaderElection92
2021-11-29 23:23:06,008 [45f86aeb-e384-4aa9-8d84-a9c74618d31d@group-677DDB1507C0-FollowerState] INFO  impl.FollowerState (FollowerState.java:run(134)) - 45f86aeb-e384-4aa9-8d84-a9c74618d31d@group-677DDB1507C0-FollowerState: change to CANDIDATE, lastRpcElapsedTime:5113869020ns, electionTimeout:5103ms
2021-11-29 23:23:06,008 [45f86aeb-e384-4aa9-8d84-a9c74618d31d@group-677DDB1507C0-FollowerState] INFO  impl.RoleInfo (RoleInfo.java:shutdownFollowerState(108)) - 45f86aeb-e384-4aa9-8d84-a9c74618d31d: shutdown 45f86aeb-e384-4aa9-8d84-a9c74618d31d@group-677DDB1507C0-FollowerState
2021-11-29 23:23:06,008 [45f86aeb-e384-4aa9-8d84-a9c74618d31d@group-677DDB1507C0-FollowerState] INFO  server.RaftServer$Division (RaftServerImpl.java:setRole(290)) - 45f86aeb-e384-4aa9-8d84-a9c74618d31d@group-677DDB1507C0: changes role from  FOLLOWER to CANDIDATE at term 17 for changeToCandidate
2021-11-29 23:23:06,008 [45f86aeb-e384-4aa9-8d84-a9c74618d31d@group-677DDB1507C0-FollowerState] INFO  server.RaftServerConfigKeys (ConfUtils.java:logGet(44)) - raft.server.leaderelection.pre-vote = false (custom)
2021-11-29 23:23:06,008 [45f86aeb-e384-4aa9-8d84-a9c74618d31d@group-677DDB1507C0-FollowerState] INFO  impl.RoleInfo (RoleInfo.java:updateAndGet(130)) - 45f86aeb-e384-4aa9-8d84-a9c74618d31d: start 45f86aeb-e384-4aa9-8d84-a9c74618d31d@group-677DDB1507C0-LeaderElection93
2021-11-29 23:23:06,051 [49fe3bb7-2dae-482d-a175-9585c41bacad@group-677DDB1507C0-FollowerState] INFO  impl.FollowerState (FollowerState.java:run(134)) - 49fe3bb7-2dae-482d-a175-9585c41bacad@group-677DDB1507C0-FollowerState: change to CANDIDATE, lastRpcElapsedTime:5158024810ns, electionTimeout:5156ms
2021-11-29 23:23:06,052 [49fe3bb7-2dae-482d-a175-9585c41bacad@group-677DDB1507C0-FollowerState] INFO  impl.RoleInfo (RoleInfo.java:shutdownFollowerState(108)) - 49fe3bb7-2dae-482d-a175-9585c41bacad: shutdown 49fe3bb7-2dae-482d-a175-9585c41bacad@group-677DDB1507C0-FollowerState
2021-11-29 23:23:06,052 [49fe3bb7-2dae-482d-a175-9585c41bacad@group-677DDB1507C0-FollowerState] INFO  server.RaftServer$Division (RaftServerImpl.java:setRole(290)) - 49fe3bb7-2dae-482d-a175-9585c41bacad@group-677DDB1507C0: changes role from  FOLLOWER to CANDIDATE at term 17 for changeToCandidate
2021-11-29 23:23:06,052 [49fe3bb7-2dae-482d-a175-9585c41bacad@group-677DDB1507C0-FollowerState] INFO  server.RaftServerConfigKeys (ConfUtils.java:logGet(44)) - raft.server.leaderelection.pre-vote = false (custom)
2021-11-29 23:23:06,052 [49fe3bb7-2dae-482d-a175-9585c41bacad@group-677DDB1507C0-FollowerState] INFO  impl.RoleInfo (RoleInfo.java:updateAndGet(130)) - 49fe3bb7-2dae-482d-a175-9585c41bacad: start 49fe3bb7-2dae-482d-a175-9585c41bacad@group-677DDB1507C0-LeaderElection94
2021-11-29 23:23:06,089 [9eaa9061-0cbd-4a3d-8091-a973303b955e@group-677DDB1507C0-LeaderElection92] INFO  impl.LeaderElection (LeaderElection.java:askForVotes(306)) - 9eaa9061-0cbd-4a3d-8091-a973303b955e@group-677DDB1507C0-LeaderElection92 ELECTION round 0: submit vote requests at term 18 for -1: [9eaa9061-0cbd-4a3d-8091-a973303b955e|rpc:10.1.0.37:35167|priority:0, 45f86aeb-e384-4aa9-8d84-a9c74618d31d|rpc:10.1.0.37:38125|priority:1, 49fe3bb7-2dae-482d-a175-9585c41bacad|rpc:10.1.0.37:39121|priority:0], old=null
2021-11-29 23:23:06,089 [45f86aeb-e384-4aa9-8d84-a9c74618d31d@group-677DDB1507C0-LeaderElection93] INFO  impl.LeaderElection (LeaderElection.java:askForVotes(306)) - 45f86aeb-e384-4aa9-8d84-a9c74618d31d@group-677DDB1507C0-LeaderElection93 ELECTION round 0: submit vote requests at term 18 for -1: [9eaa9061-0cbd-4a3d-8091-a973303b955e|rpc:10.1.0.37:35167|dataStream:|priority:0, 45f86aeb-e384-4aa9-8d84-a9c74618d31d|rpc:10.1.0.37:38125|dataStream:|priority:1, 49fe3bb7-2dae-482d-a175-9585c41bacad|rpc:10.1.0.37:39121|dataStream:|priority:0], old=null
2021-11-29 23:23:06,090 [49fe3bb7-2dae-482d-a175-9585c41bacad@group-677DDB1507C0-LeaderElection94] INFO  impl.LeaderElection (LeaderElection.java:askForVotes(306)) - 49fe3bb7-2dae-482d-a175-9585c41bacad@group-677DDB1507C0-LeaderElection94 ELECTION round 0: submit vote requests at term 18 for -1: [9eaa9061-0cbd-4a3d-8091-a973303b955e|rpc:10.1.0.37:35167|dataStream:|priority:0, 45f86aeb-e384-4aa9-8d84-a9c74618d31d|rpc:10.1.0.37:38125|dataStream:|priority:1, 49fe3bb7-2dae-482d-a175-9585c41bacad|rpc:10.1.0.37:39121|dataStream:|priority:0], old=null
2021-11-29 23:23:06,110 [grpc-default-executor-8] INFO  server.RaftServer$Division (RaftServerImpl.java:requestVote(1046)) - 45f86aeb-e384-4aa9-8d84-a9c74618d31d@group-677DDB1507C0: receive requestVote(ELECTION, 9eaa9061-0cbd-4a3d-8091-a973303b955e, group-677DDB1507C0, 18, (t:0, i:0))
2021-11-29 23:23:06,110 [grpc-default-executor-8] INFO  impl.VoteContext (VoteContext.java:log(48)) - 45f86aeb-e384-4aa9-8d84-a9c74618d31d@group-677DDB1507C0-CANDIDATE: reject ELECTION from 9eaa9061-0cbd-4a3d-8091-a973303b955e: already has voted for 45f86aeb-e384-4aa9-8d84-a9c74618d31d at current term 18
2021-11-29 23:23:06,110 [grpc-default-executor-8] INFO  server.RaftServer$Division (RaftServerImpl.java:requestVote(1078)) - 45f86aeb-e384-4aa9-8d84-a9c74618d31d@group-677DDB1507C0 replies to ELECTION vote request: 9eaa9061-0cbd-4a3d-8091-a973303b955e<-45f86aeb-e384-4aa9-8d84-a9c74618d31d#0:FAIL-t18. Peer's state: 45f86aeb-e384-4aa9-8d84-a9c74618d31d@group-677DDB1507C0:t18, leader=null, voted=45f86aeb-e384-4aa9-8d84-a9c74618d31d, raftlog=45f86aeb-e384-4aa9-8d84-a9c74618d31d@group-677DDB1507C0-SegmentedRaftLog:OPENED:c-1, conf=-1: [9eaa9061-0cbd-4a3d-8091-a973303b955e|rpc:10.1.0.37:35167|dataStream:|priority:0, 45f86aeb-e384-4aa9-8d84-a9c74618d31d|rpc:10.1.0.37:38125|dataStream:|priority:1, 49fe3bb7-2dae-482d-a175-9585c41bacad|rpc:10.1.0.37:39121|dataStream:|priority:0], old=null
2021-11-29 23:23:06,125 [9eaa9061-0cbd-4a3d-8091-a973303b955e@group-677DDB1507C0-LeaderElection92] INFO  impl.LeaderElection (LeaderElection.java:logAndReturn(89)) - 9eaa9061-0cbd-4a3d-8091-a973303b955e@group-677DDB1507C0-LeaderElection92: ELECTION REJECTED received 1 response(s) and 0 exception(s):
2021-11-29 23:23:06,125 [9eaa9061-0cbd-4a3d-8091-a973303b955e@group-677DDB1507C0-LeaderElection92] INFO  impl.LeaderElection (LeaderElection.java:logAndReturn(93)) -   Response 0: 9eaa9061-0cbd-4a3d-8091-a973303b955e<-45f86aeb-e384-4aa9-8d84-a9c74618d31d#0:FAIL-t18
2021-11-29 23:23:06,126 [grpc-default-executor-8] INFO  server.RaftServer$Division (RaftServerImpl.java:requestVote(1046)) - 49fe3bb7-2dae-482d-a175-9585c41bacad@group-677DDB1507C0: receive requestVote(ELECTION, 9eaa9061-0cbd-4a3d-8091-a973303b955e, group-677DDB1507C0, 18, (t:0, i:0))
2021-11-29 23:23:06,126 [grpc-default-executor-8] INFO  impl.VoteContext (VoteContext.java:log(48)) - 49fe3bb7-2dae-482d-a175-9585c41bacad@group-677DDB1507C0-CANDIDATE: reject ELECTION from 9eaa9061-0cbd-4a3d-8091-a973303b955e: already has voted for 49fe3bb7-2dae-482d-a175-9585c41bacad at current term 18
2021-11-29 23:23:06,126 [grpc-default-executor-8] INFO  server.RaftServer$Division (RaftServerImpl.java:requestVote(1078)) - 49fe3bb7-2dae-482d-a175-9585c41bacad@group-677DDB1507C0 replies to ELECTION vote request: 9eaa9061-0cbd-4a3d-8091-a973303b955e<-49fe3bb7-2dae-482d-a175-9585c41bacad#0:FAIL-t18. Peer's state: 49fe3bb7-2dae-482d-a175-9585c41bacad@group-677DDB1507C0:t18, leader=null, voted=49fe3bb7-2dae-482d-a175-9585c41bacad, raftlog=49fe3bb7-2dae-482d-a175-9585c41bacad@group-677DDB1507C0-SegmentedRaftLog:OPENED:c-1, conf=-1: [9eaa9061-0cbd-4a3d-8091-a973303b955e|rpc:10.1.0.37:35167|dataStream:|priority:0, 45f86aeb-e384-4aa9-8d84-a9c74618d31d|rpc:10.1.0.37:38125|dataStream:|priority:1, 49fe3bb7-2dae-482d-a175-9585c41bacad|rpc:10.1.0.37:39121|dataStream:|priority:0], old=null
2021-11-29 23:23:06,162 [grpc-default-executor-8] INFO  server.RaftServer$Division (RaftServerImpl.java:requestVote(1046)) - 9eaa9061-0cbd-4a3d-8091-a973303b955e@group-677DDB1507C0: receive requestVote(ELECTION, 49fe3bb7-2dae-482d-a175-9585c41bacad, group-677DDB1507C0, 18, (t:0, i:0))
2021-11-29 23:23:06,162 [grpc-default-executor-8] INFO  impl.VoteContext (VoteContext.java:log(48)) - 9eaa9061-0cbd-4a3d-8091-a973303b955e@group-677DDB1507C0-CANDIDATE: reject ELECTION from 49fe3bb7-2dae-482d-a175-9585c41bacad: already has voted for 9eaa9061-0cbd-4a3d-8091-a973303b955e at current term 18
2021-11-29 23:23:06,162 [grpc-default-executor-8] INFO  server.RaftServer$Division (RaftServerImpl.java:requestVote(1078)) - 9eaa9061-0cbd-4a3d-8091-a973303b955e@group-677DDB1507C0 replies to ELECTION vote request: 49fe3bb7-2dae-482d-a175-9585c41bacad<-9eaa9061-0cbd-4a3d-8091-a973303b955e#0:FAIL-t18. Peer's state: 9eaa9061-0cbd-4a3d-8091-a973303b955e@group-677DDB1507C0:t18, leader=null, voted=9eaa9061-0cbd-4a3d-8091-a973303b955e, raftlog=9eaa9061-0cbd-4a3d-8091-a973303b955e@group-677DDB1507C0-SegmentedRaftLog:OPENED:c-1, conf=-1: [9eaa9061-0cbd-4a3d-8091-a973303b955e|rpc:10.1.0.37:35167|priority:0, 45f86aeb-e384-4aa9-8d84-a9c74618d31d|rpc:10.1.0.37:38125|priority:1, 49fe3bb7-2dae-482d-a175-9585c41bacad|rpc:10.1.0.37:39121|priority:0], old=null
2021-11-29 23:23:06,182 [grpc-default-executor-8] INFO  server.RaftServer$Division (RaftServerImpl.java:requestVote(1046)) - 45f86aeb-e384-4aa9-8d84-a9c74618d31d@group-677DDB1507C0: receive requestVote(ELECTION, 49fe3bb7-2dae-482d-a175-9585c41bacad, group-677DDB1507C0, 18, (t:0, i:0))
2021-11-29 23:23:06,182 [grpc-default-executor-8] INFO  impl.VoteContext (VoteContext.java:log(48)) - 45f86aeb-e384-4aa9-8d84-a9c74618d31d@group-677DDB1507C0-CANDIDATE: reject ELECTION from 49fe3bb7-2dae-482d-a175-9585c41bacad: already has voted for 45f86aeb-e384-4aa9-8d84-a9c74618d31d at current term 18
2021-11-29 23:23:06,182 [grpc-default-executor-8] INFO  server.RaftServer$Division (RaftServerImpl.java:requestVote(1078)) - 45f86aeb-e384-4aa9-8d84-a9c74618d31d@group-677DDB1507C0 replies to ELECTION vote request: 49fe3bb7-2dae-482d-a175-9585c41bacad<-45f86aeb-e384-4aa9-8d84-a9c74618d31d#0:FAIL-t18. Peer's state: 45f86aeb-e384-4aa9-8d84-a9c74618d31d@group-677DDB1507C0:t18, leader=null, voted=45f86aeb-e384-4aa9-8d84-a9c74618d31d, raftlog=45f86aeb-e384-4aa9-8d84-a9c74618d31d@group-677DDB1507C0-SegmentedRaftLog:OPENED:c-1, conf=-1: [9eaa9061-0cbd-4a3d-8091-a973303b955e|rpc:10.1.0.37:35167|dataStream:|priority:0, 45f86aeb-e384-4aa9-8d84-a9c74618d31d|rpc:10.1.0.37:38125|dataStream:|priority:1, 49fe3bb7-2dae-482d-a175-9585c41bacad|rpc:10.1.0.37:39121|dataStream:|priority:0], old=null
2021-11-29 23:23:06,217 [9eaa9061-0cbd-4a3d-8091-a973303b955e@group-677DDB1507C0-LeaderElection92] INFO  impl.LeaderElection (LeaderElection.java:askForVotes(308)) - 9eaa9061-0cbd-4a3d-8091-a973303b955e@group-677DDB1507C0-LeaderElection92 ELECTION round 0: result REJECTED
2021-11-29 23:23:06,217 [9eaa9061-0cbd-4a3d-8091-a973303b955e@group-677DDB1507C0-LeaderElection92] INFO  server.RaftServer$Division (RaftServerImpl.java:setRole(290)) - 9eaa9061-0cbd-4a3d-8091-a973303b955e@group-677DDB1507C0: changes role from CANDIDATE to FOLLOWER at term 18 for REJECTED
2021-11-29 23:23:06,217 [9eaa9061-0cbd-4a3d-8091-a973303b955e@group-677DDB1507C0-LeaderElection92] INFO  impl.RoleInfo (RoleInfo.java:shutdownLeaderElection(121)) - 9eaa9061-0cbd-4a3d-8091-a973303b955e: shutdown 9eaa9061-0cbd-4a3d-8091-a973303b955e@group-677DDB1507C0-LeaderElection92
2021-11-29 23:23:06,217 [9eaa9061-0cbd-4a3d-8091-a973303b955e@group-677DDB1507C0-LeaderElection92] INFO  impl.RoleInfo (RoleInfo.java:updateAndGet(130)) - 9eaa9061-0cbd-4a3d-8091-a973303b955e: start 9eaa9061-0cbd-4a3d-8091-a973303b955e@group-677DDB1507C0-FollowerState
2021-11-29 23:23:06,226 [49fe3bb7-2dae-482d-a175-9585c41bacad@group-677DDB1507C0-LeaderElection94] INFO  impl.LeaderElection (LeaderElection.java:logAndReturn(89)) - 49fe3bb7-2dae-482d-a175-9585c41bacad@group-677DDB1507C0-LeaderElection94: ELECTION REJECTED received 2 response(s) and 0 exception(s):
2021-11-29 23:23:06,226 [49fe3bb7-2dae-482d-a175-9585c41bacad@group-677DDB1507C0-LeaderElection94] INFO  impl.LeaderElection (LeaderElection.java:logAndReturn(93)) -   Response 0: 49fe3bb7-2dae-482d-a175-9585c41bacad<-9eaa9061-0cbd-4a3d-8091-a973303b955e#0:FAIL-t18
2021-11-29 23:23:06,226 [49fe3bb7-2dae-482d-a175-9585c41bacad@group-677DDB1507C0-LeaderElection94] INFO  impl.LeaderElection (LeaderElection.java:logAndReturn(93)) -   Response 1: 49fe3bb7-2dae-482d-a175-9585c41bacad<-45f86aeb-e384-4aa9-8d84-a9c74618d31d#0:FAIL-t18
2021-11-29 23:23:06,226 [grpc-default-executor-8] INFO  server.RaftServer$Division (RaftServerImpl.java:requestVote(1046)) - 9eaa9061-0cbd-4a3d-8091-a973303b955e@group-677DDB1507C0: receive requestVote(ELECTION, 45f86aeb-e384-4aa9-8d84-a9c74618d31d, group-677DDB1507C0, 18, (t:0, i:0))
2021-11-29 23:23:06,226 [grpc-default-executor-8] INFO  impl.VoteContext (VoteContext.java:log(48)) - 9eaa9061-0cbd-4a3d-8091-a973303b955e@group-677DDB1507C0-FOLLOWER: reject ELECTION from 45f86aeb-e384-4aa9-8d84-a9c74618d31d: already has voted for 9eaa9061-0cbd-4a3d-8091-a973303b955e at current term 18
2021-11-29 23:23:06,226 [grpc-default-executor-8] INFO  server.RaftServer$Division (RaftServerImpl.java:requestVote(1078)) - 9eaa9061-0cbd-4a3d-8091-a973303b955e@group-677DDB1507C0 replies to ELECTION vote request: 45f86aeb-e384-4aa9-8d84-a9c74618d31d<-9eaa9061-0cbd-4a3d-8091-a973303b955e#0:FAIL-t18. Peer's state: 9eaa9061-0cbd-4a3d-8091-a973303b955e@group-677DDB1507C0:t18, leader=null, voted=9eaa9061-0cbd-4a3d-8091-a973303b955e, raftlog=9eaa9061-0cbd-4a3d-8091-a973303b955e@group-677DDB1507C0-SegmentedRaftLog:OPENED:c-1, conf=-1: [9eaa9061-0cbd-4a3d-8091-a973303b955e|rpc:10.1.0.37:35167|priority:0, 45f86aeb-e384-4aa9-8d84-a9c74618d31d|rpc:10.1.0.37:38125|priority:1, 49fe3bb7-2dae-482d-a175-9585c41bacad|rpc:10.1.0.37:39121|priority:0], old=null
2021-11-29 23:23:06,226 [grpc-default-executor-6] INFO  server.RaftServer$Division (RaftServerImpl.java:requestVote(1046)) - 49fe3bb7-2dae-482d-a175-9585c41bacad@group-677DDB1507C0: receive requestVote(ELECTION, 45f86aeb-e384-4aa9-8d84-a9c74618d31d, group-677DDB1507C0, 18, (t:0, i:0))
2021-11-29 23:23:06,226 [49fe3bb7-2dae-482d-a175-9585c41bacad@group-677DDB1507C0-LeaderElection94] INFO  impl.LeaderElection (LeaderElection.java:askForVotes(308)) - 49fe3bb7-2dae-482d-a175-9585c41bacad@group-677DDB1507C0-LeaderElection94 ELECTION round 0: result REJECTED
2021-11-29 23:23:06,226 [grpc-default-executor-6] INFO  impl.VoteContext (VoteContext.java:log(48)) - 49fe3bb7-2dae-482d-a175-9585c41bacad@group-677DDB1507C0-CANDIDATE: reject ELECTION from 45f86aeb-e384-4aa9-8d84-a9c74618d31d: already has voted for 49fe3bb7-2dae-482d-a175-9585c41bacad at current term 18
2021-11-29 23:23:06,227 [grpc-default-executor-6] INFO  server.RaftServer$Division (RaftServerImpl.java:requestVote(1078)) - 49fe3bb7-2dae-482d-a175-9585c41bacad@group-677DDB1507C0 replies to ELECTION vote request: 45f86aeb-e384-4aa9-8d84-a9c74618d31d<-49fe3bb7-2dae-482d-a175-9585c41bacad#0:FAIL-t18. Peer's state: 49fe3bb7-2dae-482d-a175-9585c41bacad@group-677DDB1507C0:t18, leader=null, voted=49fe3bb7-2dae-482d-a175-9585c41bacad, raftlog=49fe3bb7-2dae-482d-a175-9585c41bacad@group-677DDB1507C0-SegmentedRaftLog:OPENED:c-1, conf=-1: [9eaa9061-0cbd-4a3d-8091-a973303b955e|rpc:10.1.0.37:35167|dataStream:|priority:0, 45f86aeb-e384-4aa9-8d84-a9c74618d31d|rpc:10.1.0.37:38125|dataStream:|priority:1, 49fe3bb7-2dae-482d-a175-9585c41bacad|rpc:10.1.0.37:39121|dataStream:|priority:0], old=null
2021-11-29 23:23:06,227 [49fe3bb7-2dae-482d-a175-9585c41bacad@group-677DDB1507C0-LeaderElection94] INFO  server.RaftServer$Division (RaftServerImpl.java:setRole(290)) - 49fe3bb7-2dae-482d-a175-9585c41bacad@group-677DDB1507C0: changes role from CANDIDATE to FOLLOWER at term 18 for REJECTED
2021-11-29 23:23:06,227 [49fe3bb7-2dae-482d-a175-9585c41bacad@group-677DDB1507C0-LeaderElection94] INFO  impl.RoleInfo (RoleInfo.java:shutdownLeaderElection(121)) - 49fe3bb7-2dae-482d-a175-9585c41bacad: shutdown 49fe3bb7-2dae-482d-a175-9585c41bacad@group-677DDB1507C0-LeaderElection94
2021-11-29 23:23:06,227 [49fe3bb7-2dae-482d-a175-9585c41bacad@group-677DDB1507C0-LeaderElection94] INFO  impl.RoleInfo (RoleInfo.java:updateAndGet(130)) - 49fe3bb7-2dae-482d-a175-9585c41bacad: start 49fe3bb7-2dae-482d-a175-9585c41bacad@group-677DDB1507C0-FollowerState
2021-11-29 23:23:06,239 [45f86aeb-e384-4aa9-8d84-a9c74618d31d@group-677DDB1507C0-LeaderElection93] INFO  impl.LeaderElection (LeaderElection.java:logAndReturn(89)) - 45f86aeb-e384-4aa9-8d84-a9c74618d31d@group-677DDB1507C0-LeaderElection93: ELECTION REJECTED received 2 response(s) and 0 exception(s):
2021-11-29 23:23:06,239 [45f86aeb-e384-4aa9-8d84-a9c74618d31d@group-677DDB1507C0-LeaderElection93] INFO  impl.LeaderElection (LeaderElection.java:logAndReturn(93)) -   Response 0: 45f86aeb-e384-4aa9-8d84-a9c74618d31d<-9eaa9061-0cbd-4a3d-8091-a973303b955e#0:FAIL-t18
2021-11-29 23:23:06,239 [45f86aeb-e384-4aa9-8d84-a9c74618d31d@group-677DDB1507C0-LeaderElection93] INFO  impl.LeaderElection (LeaderElection.java:logAndReturn(93)) -   Response 1: 45f86aeb-e384-4aa9-8d84-a9c74618d31d<-49fe3bb7-2dae-482d-a175-9585c41bacad#0:FAIL-t18
2021-11-29 23:23:06,239 [45f86aeb-e384-4aa9-8d84-a9c74618d31d@group-677DDB1507C0-LeaderElection93] INFO  impl.LeaderElection (LeaderElection.java:askForVotes(308)) - 45f86aeb-e384-4aa9-8d84-a9c74618d31d@group-677DDB1507C0-LeaderElection93 ELECTION round 0: result REJECTED
2021-11-29 23:23:06,239 [45f86aeb-e384-4aa9-8d84-a9c74618d31d@group-677DDB1507C0-LeaderElection93] INFO  server.RaftServer$Division (RaftServerImpl.java:setRole(290)) - 45f86aeb-e384-4aa9-8d84-a9c74618d31d@group-677DDB1507C0: changes role from CANDIDATE to FOLLOWER at term 18 for REJECTED
2021-11-29 23:23:06,239 [45f86aeb-e384-4aa9-8d84-a9c74618d31d@group-677DDB1507C0-LeaderElection93] INFO  impl.RoleInfo (RoleInfo.java:shutdownLeaderElection(121)) - 45f86aeb-e384-4aa9-8d84-a9c74618d31d: shutdown 45f86aeb-e384-4aa9-8d84-a9c74618d31d@group-677DDB1507C0-LeaderElection93
2021-11-29 23:23:06,239 [45f86aeb-e384-4aa9-8d84-a9c74618d31d@group-677DDB1507C0-LeaderElection93] INFO  impl.RoleInfo (RoleInfo.java:updateAndGet(130)) - 45f86aeb-e384-4aa9-8d84-a9c74618d31d: start 45f86aeb-e384-4aa9-8d84-a9c74618d31d@group-677DDB1507C0-FollowerState
2021-11-29 23:23:06,486 [ReplicationMonitor] INFO  container.ReplicationManager (ReplicationManager.java:processAll(371)) - Replication Monitor Thread took 0 milliseconds for processing 0 containers.
2021-11-29 23:23:06,757 [Listener at 127.0.0.1/46101] INFO  ozone.MiniOzoneClusterImpl (MiniOzoneClusterImpl.java:lambda$waitForClusterToBeReady$0(235)) - Nodes are ready. Got 4 of 4 DN Heartbeats.
2021-11-29 23:23:06,758 [Listener at 127.0.0.1/46101] INFO  ozone.MiniOzoneClusterImpl (MiniOzoneClusterImpl.java:lambda$waitForClusterToBeReady$0(238)) - Waiting for cluster to exit safe mode
2021-11-29 23:23:06,758 [Listener at 127.0.0.1/46101] INFO  ozone.MiniOzoneClusterImpl (MiniOzoneClusterImpl.java:lambda$waitForClusterToBeReady$0(240)) - SCM became leader
2021-11-29 23:23:07,493 [ReplicationMonitor] INFO  container.ReplicationManager (ReplicationManager.java:processAll(371)) - Replication Monitor Thread took 0 milliseconds for processing 0 containers.
2021-11-29 23:23:07,758 [Listener at 127.0.0.1/46101] INFO  ozone.MiniOzoneClusterImpl (MiniOzoneClusterImpl.java:lambda$waitForClusterToBeReady$0(235)) - Nodes are ready. Got 4 of 4 DN Heartbeats.
2021-11-29 23:23:07,758 [Listener at 127.0.0.1/46101] INFO  ozone.MiniOzoneClusterImpl (MiniOzoneClusterImpl.java:lambda$waitForClusterToBeReady$0(238)) - Waiting for cluster to exit safe mode
2021-11-29 23:23:07,758 [Listener at 127.0.0.1/46101] INFO  ozone.MiniOzoneClusterImpl (MiniOzoneClusterImpl.java:lambda$waitForClusterToBeReady$0(240)) - SCM became leader
2021-11-29 23:23:08,496 [ReplicationMonitor] INFO  container.ReplicationManager (ReplicationManager.java:processAll(371)) - Replication Monitor Thread took 0 milliseconds for processing 0 containers.
2021-11-29 23:23:08,758 [Listener at 127.0.0.1/46101] INFO  ozone.MiniOzoneClusterImpl (MiniOzoneClusterImpl.java:lambda$waitForClusterToBeReady$0(235)) - Nodes are ready. Got 4 of 4 DN Heartbeats.
2021-11-29 23:23:08,758 [Listener at 127.0.0.1/46101] INFO  ozone.MiniOzoneClusterImpl (MiniOzoneClusterImpl.java:lambda$waitForClusterToBeReady$0(238)) - Waiting for cluster to exit safe mode
2021-11-29 23:23:08,758 [Listener at 127.0.0.1/46101] INFO  ozone.MiniOzoneClusterImpl (MiniOzoneClusterImpl.java:lambda$waitForClusterToBeReady$0(240)) - SCM became leader
2021-11-29 23:23:09,496 [ReplicationMonitor] INFO  container.ReplicationManager (ReplicationManager.java:processAll(371)) - Replication Monitor Thread took 0 milliseconds for processing 0 containers.
2021-11-29 23:23:09,759 [Listener at 127.0.0.1/46101] INFO  ozone.MiniOzoneClusterImpl (MiniOzoneClusterImpl.java:lambda$waitForClusterToBeReady$0(235)) - Nodes are ready. Got 4 of 4 DN Heartbeats.
2021-11-29 23:23:09,759 [Listener at 127.0.0.1/46101] INFO  ozone.MiniOzoneClusterImpl (MiniOzoneClusterImpl.java:lambda$waitForClusterToBeReady$0(238)) - Waiting for cluster to exit safe mode
2021-11-29 23:23:09,759 [Listener at 127.0.0.1/46101] INFO  ozone.MiniOzoneClusterImpl (MiniOzoneClusterImpl.java:lambda$waitForClusterToBeReady$0(240)) - SCM became leader
2021-11-29 23:23:10,496 [ReplicationMonitor] INFO  container.ReplicationManager (ReplicationManager.java:processAll(371)) - Replication Monitor Thread took 0 milliseconds for processing 0 containers.
2021-11-29 23:23:10,765 [Listener at 127.0.0.1/46101] INFO  ozone.MiniOzoneClusterImpl (MiniOzoneClusterImpl.java:lambda$waitForClusterToBeReady$0(235)) - Nodes are ready. Got 4 of 4 DN Heartbeats.
2021-11-29 23:23:10,765 [Listener at 127.0.0.1/46101] INFO  ozone.MiniOzoneClusterImpl (MiniOzoneClusterImpl.java:lambda$waitForClusterToBeReady$0(238)) - Waiting for cluster to exit safe mode
2021-11-29 23:23:10,765 [Listener at 127.0.0.1/46101] INFO  ozone.MiniOzoneClusterImpl (MiniOzoneClusterImpl.java:lambda$waitForClusterToBeReady$0(240)) - SCM became leader
2021-11-29 23:23:11,313 [49fe3bb7-2dae-482d-a175-9585c41bacad@group-677DDB1507C0-FollowerState] INFO  impl.FollowerState (FollowerState.java:run(134)) - 49fe3bb7-2dae-482d-a175-9585c41bacad@group-677DDB1507C0-FollowerState: change to CANDIDATE, lastRpcElapsedTime:5086355395ns, electionTimeout:5077ms
2021-11-29 23:23:11,314 [49fe3bb7-2dae-482d-a175-9585c41bacad@group-677DDB1507C0-FollowerState] INFO  impl.RoleInfo (RoleInfo.java:shutdownFollowerState(108)) - 49fe3bb7-2dae-482d-a175-9585c41bacad: shutdown 49fe3bb7-2dae-482d-a175-9585c41bacad@group-677DDB1507C0-FollowerState
2021-11-29 23:23:11,314 [49fe3bb7-2dae-482d-a175-9585c41bacad@group-677DDB1507C0-FollowerState] INFO  server.RaftServer$Division (RaftServerImpl.java:setRole(290)) - 49fe3bb7-2dae-482d-a175-9585c41bacad@group-677DDB1507C0: changes role from  FOLLOWER to CANDIDATE at term 18 for changeToCandidate
2021-11-29 23:23:11,314 [49fe3bb7-2dae-482d-a175-9585c41bacad@group-677DDB1507C0-FollowerState] INFO  server.RaftServerConfigKeys (ConfUtils.java:logGet(44)) - raft.server.leaderelection.pre-vote = false (custom)
2021-11-29 23:23:11,314 [49fe3bb7-2dae-482d-a175-9585c41bacad@group-677DDB1507C0-FollowerState] INFO  impl.RoleInfo (RoleInfo.java:updateAndGet(130)) - 49fe3bb7-2dae-482d-a175-9585c41bacad: start 49fe3bb7-2dae-482d-a175-9585c41bacad@group-677DDB1507C0-LeaderElection95
2021-11-29 23:23:11,380 [9eaa9061-0cbd-4a3d-8091-a973303b955e@group-677DDB1507C0-FollowerState] INFO  impl.FollowerState (FollowerState.java:run(134)) - 9eaa9061-0cbd-4a3d-8091-a973303b955e@group-677DDB1507C0-FollowerState: change to CANDIDATE, lastRpcElapsedTime:5162974990ns, electionTimeout:5154ms
2021-11-29 23:23:11,380 [9eaa9061-0cbd-4a3d-8091-a973303b955e@group-677DDB1507C0-FollowerState] INFO  impl.RoleInfo (RoleInfo.java:shutdownFollowerState(108)) - 9eaa9061-0cbd-4a3d-8091-a973303b955e: shutdown 9eaa9061-0cbd-4a3d-8091-a973303b955e@group-677DDB1507C0-FollowerState
2021-11-29 23:23:11,380 [9eaa9061-0cbd-4a3d-8091-a973303b955e@group-677DDB1507C0-FollowerState] INFO  server.RaftServer$Division (RaftServerImpl.java:setRole(290)) - 9eaa9061-0cbd-4a3d-8091-a973303b955e@group-677DDB1507C0: changes role from  FOLLOWER to CANDIDATE at term 18 for changeToCandidate
2021-11-29 23:23:11,380 [9eaa9061-0cbd-4a3d-8091-a973303b955e@group-677DDB1507C0-FollowerState] INFO  server.RaftServerConfigKeys (ConfUtils.java:logGet(44)) - raft.server.leaderelection.pre-vote = false (custom)
2021-11-29 23:23:11,380 [9eaa9061-0cbd-4a3d-8091-a973303b955e@group-677DDB1507C0-FollowerState] INFO  impl.RoleInfo (RoleInfo.java:updateAndGet(130)) - 9eaa9061-0cbd-4a3d-8091-a973303b955e: start 9eaa9061-0cbd-4a3d-8091-a973303b955e@group-677DDB1507C0-LeaderElection96
2021-11-29 23:23:11,388 [45f86aeb-e384-4aa9-8d84-a9c74618d31d@group-677DDB1507C0-FollowerState] INFO  impl.FollowerState (FollowerState.java:run(134)) - 45f86aeb-e384-4aa9-8d84-a9c74618d31d@group-677DDB1507C0-FollowerState: change to CANDIDATE, lastRpcElapsedTime:5149436579ns, electionTimeout:5143ms
2021-11-29 23:23:11,388 [45f86aeb-e384-4aa9-8d84-a9c74618d31d@group-677DDB1507C0-FollowerState] INFO  impl.RoleInfo (RoleInfo.java:shutdownFollowerState(108)) - 45f86aeb-e384-4aa9-8d84-a9c74618d31d: shutdown 45f86aeb-e384-4aa9-8d84-a9c74618d31d@group-677DDB1507C0-FollowerState
2021-11-29 23:23:11,388 [45f86aeb-e384-4aa9-8d84-a9c74618d31d@group-677DDB1507C0-FollowerState] INFO  server.RaftServer$Division (RaftServerImpl.java:setRole(290)) - 45f86aeb-e384-4aa9-8d84-a9c74618d31d@group-677DDB1507C0: changes role from  FOLLOWER to CANDIDATE at term 18 for changeToCandidate
2021-11-29 23:23:11,414 [49fe3bb7-2dae-482d-a175-9585c41bacad@group-677DDB1507C0-LeaderElection95] INFO  impl.LeaderElection (LeaderElection.java:askForVotes(306)) - 49fe3bb7-2dae-482d-a175-9585c41bacad@group-677DDB1507C0-LeaderElection95 ELECTION round 0: submit vote requests at term 19 for -1: [9eaa9061-0cbd-4a3d-8091-a973303b955e|rpc:10.1.0.37:35167|dataStream:|priority:0, 45f86aeb-e384-4aa9-8d84-a9c74618d31d|rpc:10.1.0.37:38125|dataStream:|priority:1, 49fe3bb7-2dae-482d-a175-9585c41bacad|rpc:10.1.0.37:39121|dataStream:|priority:0], old=null
2021-11-29 23:23:11,429 [45f86aeb-e384-4aa9-8d84-a9c74618d31d@group-677DDB1507C0-FollowerState] INFO  server.RaftServerConfigKeys (ConfUtils.java:logGet(44)) - raft.server.leaderelection.pre-vote = false (custom)
2021-11-29 23:23:11,429 [45f86aeb-e384-4aa9-8d84-a9c74618d31d@group-677DDB1507C0-FollowerState] INFO  impl.RoleInfo (RoleInfo.java:updateAndGet(130)) - 45f86aeb-e384-4aa9-8d84-a9c74618d31d: start 45f86aeb-e384-4aa9-8d84-a9c74618d31d@group-677DDB1507C0-LeaderElection97
2021-11-29 23:23:11,431 [9eaa9061-0cbd-4a3d-8091-a973303b955e@group-677DDB1507C0-LeaderElection96] INFO  impl.LeaderElection (LeaderElection.java:askForVotes(306)) - 9eaa9061-0cbd-4a3d-8091-a973303b955e@group-677DDB1507C0-LeaderElection96 ELECTION round 0: submit vote requests at term 19 for -1: [9eaa9061-0cbd-4a3d-8091-a973303b955e|rpc:10.1.0.37:35167|priority:0, 45f86aeb-e384-4aa9-8d84-a9c74618d31d|rpc:10.1.0.37:38125|priority:1, 49fe3bb7-2dae-482d-a175-9585c41bacad|rpc:10.1.0.37:39121|priority:0], old=null
2021-11-29 23:23:11,469 [grpc-default-executor-6] INFO  server.RaftServer$Division (RaftServerImpl.java:requestVote(1046)) - 9eaa9061-0cbd-4a3d-8091-a973303b955e@group-677DDB1507C0: receive requestVote(ELECTION, 49fe3bb7-2dae-482d-a175-9585c41bacad, group-677DDB1507C0, 19, (t:0, i:0))
2021-11-29 23:23:11,470 [grpc-default-executor-6] INFO  impl.VoteContext (VoteContext.java:log(48)) - 9eaa9061-0cbd-4a3d-8091-a973303b955e@group-677DDB1507C0-CANDIDATE: reject ELECTION from 49fe3bb7-2dae-482d-a175-9585c41bacad: already has voted for 9eaa9061-0cbd-4a3d-8091-a973303b955e at current term 19
2021-11-29 23:23:11,470 [grpc-default-executor-6] INFO  server.RaftServer$Division (RaftServerImpl.java:requestVote(1078)) - 9eaa9061-0cbd-4a3d-8091-a973303b955e@group-677DDB1507C0 replies to ELECTION vote request: 49fe3bb7-2dae-482d-a175-9585c41bacad<-9eaa9061-0cbd-4a3d-8091-a973303b955e#0:FAIL-t19. Peer's state: 9eaa9061-0cbd-4a3d-8091-a973303b955e@group-677DDB1507C0:t19, leader=null, voted=9eaa9061-0cbd-4a3d-8091-a973303b955e, raftlog=9eaa9061-0cbd-4a3d-8091-a973303b955e@group-677DDB1507C0-SegmentedRaftLog:OPENED:c-1, conf=-1: [9eaa9061-0cbd-4a3d-8091-a973303b955e|rpc:10.1.0.37:35167|priority:0, 45f86aeb-e384-4aa9-8d84-a9c74618d31d|rpc:10.1.0.37:38125|priority:1, 49fe3bb7-2dae-482d-a175-9585c41bacad|rpc:10.1.0.37:39121|priority:0], old=null
2021-11-29 23:23:11,470 [grpc-default-executor-8] INFO  server.RaftServer$Division (RaftServerImpl.java:requestVote(1046)) - 45f86aeb-e384-4aa9-8d84-a9c74618d31d@group-677DDB1507C0: receive requestVote(ELECTION, 49fe3bb7-2dae-482d-a175-9585c41bacad, group-677DDB1507C0, 19, (t:0, i:0))
2021-11-29 23:23:11,471 [grpc-default-executor-6] INFO  server.RaftServer$Division (RaftServerImpl.java:requestVote(1046)) - 45f86aeb-e384-4aa9-8d84-a9c74618d31d@group-677DDB1507C0: receive requestVote(ELECTION, 9eaa9061-0cbd-4a3d-8091-a973303b955e, group-677DDB1507C0, 19, (t:0, i:0))
2021-11-29 23:23:11,471 [grpc-default-executor-5] INFO  server.RaftServer$Division (RaftServerImpl.java:requestVote(1046)) - 49fe3bb7-2dae-482d-a175-9585c41bacad@group-677DDB1507C0: receive requestVote(ELECTION, 9eaa9061-0cbd-4a3d-8091-a973303b955e, group-677DDB1507C0, 19, (t:0, i:0))
2021-11-29 23:23:11,471 [grpc-default-executor-5] INFO  impl.VoteContext (VoteContext.java:log(48)) - 49fe3bb7-2dae-482d-a175-9585c41bacad@group-677DDB1507C0-CANDIDATE: reject ELECTION from 9eaa9061-0cbd-4a3d-8091-a973303b955e: already has voted for 49fe3bb7-2dae-482d-a175-9585c41bacad at current term 19
2021-11-29 23:23:11,471 [grpc-default-executor-5] INFO  server.RaftServer$Division (RaftServerImpl.java:requestVote(1078)) - 49fe3bb7-2dae-482d-a175-9585c41bacad@group-677DDB1507C0 replies to ELECTION vote request: 9eaa9061-0cbd-4a3d-8091-a973303b955e<-49fe3bb7-2dae-482d-a175-9585c41bacad#0:FAIL-t19. Peer's state: 49fe3bb7-2dae-482d-a175-9585c41bacad@group-677DDB1507C0:t19, leader=null, voted=49fe3bb7-2dae-482d-a175-9585c41bacad, raftlog=49fe3bb7-2dae-482d-a175-9585c41bacad@group-677DDB1507C0-SegmentedRaftLog:OPENED:c-1, conf=-1: [9eaa9061-0cbd-4a3d-8091-a973303b955e|rpc:10.1.0.37:35167|dataStream:|priority:0, 45f86aeb-e384-4aa9-8d84-a9c74618d31d|rpc:10.1.0.37:38125|dataStream:|priority:1, 49fe3bb7-2dae-482d-a175-9585c41bacad|rpc:10.1.0.37:39121|dataStream:|priority:0], old=null
2021-11-29 23:23:11,472 [grpc-default-executor-6] INFO  impl.VoteContext (VoteContext.java:log(48)) - 45f86aeb-e384-4aa9-8d84-a9c74618d31d@group-677DDB1507C0-CANDIDATE: reject ELECTION from 9eaa9061-0cbd-4a3d-8091-a973303b955e: our priority 1 > candidate's priority 0
2021-11-29 23:23:11,472 [grpc-default-executor-6] INFO  server.RaftServer$Division (RaftServerImpl.java:setRole(290)) - 45f86aeb-e384-4aa9-8d84-a9c74618d31d@group-677DDB1507C0: changes role from CANDIDATE to FOLLOWER at term 19 for candidate:9eaa9061-0cbd-4a3d-8091-a973303b955e
2021-11-29 23:23:11,472 [grpc-default-executor-6] INFO  impl.RoleInfo (RoleInfo.java:shutdownLeaderElection(121)) - 45f86aeb-e384-4aa9-8d84-a9c74618d31d: shutdown 45f86aeb-e384-4aa9-8d84-a9c74618d31d@group-677DDB1507C0-LeaderElection97
2021-11-29 23:23:11,472 [grpc-default-executor-6] INFO  impl.RoleInfo (RoleInfo.java:updateAndGet(130)) - 45f86aeb-e384-4aa9-8d84-a9c74618d31d: start 45f86aeb-e384-4aa9-8d84-a9c74618d31d@group-677DDB1507C0-FollowerState
2021-11-29 23:23:11,472 [45f86aeb-e384-4aa9-8d84-a9c74618d31d@group-677DDB1507C0-LeaderElection97] INFO  impl.LeaderElection (LeaderElection.java:run(230)) - 45f86aeb-e384-4aa9-8d84-a9c74618d31d@group-677DDB1507C0-LeaderElection97: skip running since this is already CLOSING
2021-11-29 23:23:11,474 [grpc-default-executor-6] INFO  server.RaftServer$Division (RaftServerImpl.java:requestVote(1078)) - 45f86aeb-e384-4aa9-8d84-a9c74618d31d@group-677DDB1507C0 replies to ELECTION vote request: 9eaa9061-0cbd-4a3d-8091-a973303b955e<-45f86aeb-e384-4aa9-8d84-a9c74618d31d#0:FAIL-t19. Peer's state: 45f86aeb-e384-4aa9-8d84-a9c74618d31d@group-677DDB1507C0:t19, leader=null, voted=null, raftlog=45f86aeb-e384-4aa9-8d84-a9c74618d31d@group-677DDB1507C0-SegmentedRaftLog:OPENED:c-1, conf=-1: [9eaa9061-0cbd-4a3d-8091-a973303b955e|rpc:10.1.0.37:35167|dataStream:|priority:0, 45f86aeb-e384-4aa9-8d84-a9c74618d31d|rpc:10.1.0.37:38125|dataStream:|priority:1, 49fe3bb7-2dae-482d-a175-9585c41bacad|rpc:10.1.0.37:39121|dataStream:|priority:0], old=null
2021-11-29 23:23:11,474 [grpc-default-executor-8] INFO  impl.VoteContext (VoteContext.java:log(48)) - 45f86aeb-e384-4aa9-8d84-a9c74618d31d@group-677DDB1507C0-FOLLOWER: reject ELECTION from 49fe3bb7-2dae-482d-a175-9585c41bacad: our priority 1 > candidate's priority 0
2021-11-29 23:23:11,474 [grpc-default-executor-8] INFO  server.RaftServer$Division (RaftServerImpl.java:setRole(290)) - 45f86aeb-e384-4aa9-8d84-a9c74618d31d@group-677DDB1507C0: changes role from  FOLLOWER to FOLLOWER at term 19 for candidate:49fe3bb7-2dae-482d-a175-9585c41bacad
2021-11-29 23:23:11,474 [grpc-default-executor-8] INFO  impl.RoleInfo (RoleInfo.java:shutdownFollowerState(108)) - 45f86aeb-e384-4aa9-8d84-a9c74618d31d: shutdown 45f86aeb-e384-4aa9-8d84-a9c74618d31d@group-677DDB1507C0-FollowerState
2021-11-29 23:23:11,474 [grpc-default-executor-8] INFO  impl.RoleInfo (RoleInfo.java:updateAndGet(130)) - 45f86aeb-e384-4aa9-8d84-a9c74618d31d: start 45f86aeb-e384-4aa9-8d84-a9c74618d31d@group-677DDB1507C0-FollowerState
2021-11-29 23:23:11,475 [grpc-default-executor-8] INFO  server.RaftServer$Division (RaftServerImpl.java:requestVote(1078)) - 45f86aeb-e384-4aa9-8d84-a9c74618d31d@group-677DDB1507C0 replies to ELECTION vote request: 49fe3bb7-2dae-482d-a175-9585c41bacad<-45f86aeb-e384-4aa9-8d84-a9c74618d31d#0:FAIL-t19. Peer's state: 45f86aeb-e384-4aa9-8d84-a9c74618d31d@group-677DDB1507C0:t19, leader=null, voted=null, raftlog=45f86aeb-e384-4aa9-8d84-a9c74618d31d@group-677DDB1507C0-SegmentedRaftLog:OPENED:c-1, conf=-1: [9eaa9061-0cbd-4a3d-8091-a973303b955e|rpc:10.1.0.37:35167|dataStream:|priority:0, 45f86aeb-e384-4aa9-8d84-a9c74618d31d|rpc:10.1.0.37:38125|dataStream:|priority:1, 49fe3bb7-2dae-482d-a175-9585c41bacad|rpc:10.1.0.37:39121|dataStream:|priority:0], old=null
2021-11-29 23:23:11,497 [ReplicationMonitor] INFO  container.ReplicationManager (ReplicationManager.java:processAll(371)) - Replication Monitor Thread took 0 milliseconds for processing 0 containers.
2021-11-29 23:23:11,537 [9eaa9061-0cbd-4a3d-8091-a973303b955e@group-677DDB1507C0-LeaderElection96] INFO  impl.LeaderElection (LeaderElection.java:logAndReturn(89)) - 9eaa9061-0cbd-4a3d-8091-a973303b955e@group-677DDB1507C0-LeaderElection96: ELECTION REJECTED received 2 response(s) and 0 exception(s):
2021-11-29 23:23:11,537 [9eaa9061-0cbd-4a3d-8091-a973303b955e@group-677DDB1507C0-LeaderElection96] INFO  impl.LeaderElection (LeaderElection.java:logAndReturn(93)) -   Response 0: 9eaa9061-0cbd-4a3d-8091-a973303b955e<-45f86aeb-e384-4aa9-8d84-a9c74618d31d#0:FAIL-t19
2021-11-29 23:23:11,538 [9eaa9061-0cbd-4a3d-8091-a973303b955e@group-677DDB1507C0-LeaderElection96] INFO  impl.LeaderElection (LeaderElection.java:logAndReturn(93)) -   Response 1: 9eaa9061-0cbd-4a3d-8091-a973303b955e<-49fe3bb7-2dae-482d-a175-9585c41bacad#0:FAIL-t19
2021-11-29 23:23:11,538 [9eaa9061-0cbd-4a3d-8091-a973303b955e@group-677DDB1507C0-LeaderElection96] INFO  impl.LeaderElection (LeaderElection.java:askForVotes(308)) - 9eaa9061-0cbd-4a3d-8091-a973303b955e@group-677DDB1507C0-LeaderElection96 ELECTION round 0: result REJECTED
2021-11-29 23:23:11,538 [9eaa9061-0cbd-4a3d-8091-a973303b955e@group-677DDB1507C0-LeaderElection96] INFO  server.RaftServer$Division (RaftServerImpl.java:setRole(290)) - 9eaa9061-0cbd-4a3d-8091-a973303b955e@group-677DDB1507C0: changes role from CANDIDATE to FOLLOWER at term 19 for REJECTED
2021-11-29 23:23:11,538 [9eaa9061-0cbd-4a3d-8091-a973303b955e@group-677DDB1507C0-LeaderElection96] INFO  impl.RoleInfo (RoleInfo.java:shutdownLeaderElection(121)) - 9eaa9061-0cbd-4a3d-8091-a973303b955e: shutdown 9eaa9061-0cbd-4a3d-8091-a973303b955e@group-677DDB1507C0-LeaderElection96
2021-11-29 23:23:11,538 [9eaa9061-0cbd-4a3d-8091-a973303b955e@group-677DDB1507C0-LeaderElection96] INFO  impl.RoleInfo (RoleInfo.java:updateAndGet(130)) - 9eaa9061-0cbd-4a3d-8091-a973303b955e: start 9eaa9061-0cbd-4a3d-8091-a973303b955e@group-677DDB1507C0-FollowerState
2021-11-29 23:23:11,542 [49fe3bb7-2dae-482d-a175-9585c41bacad@group-677DDB1507C0-LeaderElection95] INFO  impl.LeaderElection (LeaderElection.java:logAndReturn(89)) - 49fe3bb7-2dae-482d-a175-9585c41bacad@group-677DDB1507C0-LeaderElection95: ELECTION REJECTED received 2 response(s) and 0 exception(s):
2021-11-29 23:23:11,542 [49fe3bb7-2dae-482d-a175-9585c41bacad@group-677DDB1507C0-LeaderElection95] INFO  impl.LeaderElection (LeaderElection.java:logAndReturn(93)) -   Response 0: 49fe3bb7-2dae-482d-a175-9585c41bacad<-9eaa9061-0cbd-4a3d-8091-a973303b955e#0:FAIL-t19
2021-11-29 23:23:11,542 [49fe3bb7-2dae-482d-a175-9585c41bacad@group-677DDB1507C0-LeaderElection95] INFO  impl.LeaderElection (LeaderElection.java:logAndReturn(93)) -   Response 1: 49fe3bb7-2dae-482d-a175-9585c41bacad<-45f86aeb-e384-4aa9-8d84-a9c74618d31d#0:FAIL-t19
2021-11-29 23:23:11,545 [49fe3bb7-2dae-482d-a175-9585c41bacad@group-677DDB1507C0-LeaderElection95] INFO  impl.LeaderElection (LeaderElection.java:askForVotes(308)) - 49fe3bb7-2dae-482d-a175-9585c41bacad@group-677DDB1507C0-LeaderElection95 ELECTION round 0: result REJECTED
2021-11-29 23:23:11,545 [49fe3bb7-2dae-482d-a175-9585c41bacad@group-677DDB1507C0-LeaderElection95] INFO  server.RaftServer$Division (RaftServerImpl.java:setRole(290)) - 49fe3bb7-2dae-482d-a175-9585c41bacad@group-677DDB1507C0: changes role from CANDIDATE to FOLLOWER at term 19 for REJECTED
2021-11-29 23:23:11,545 [49fe3bb7-2dae-482d-a175-9585c41bacad@group-677DDB1507C0-LeaderElection95] INFO  impl.RoleInfo (RoleInfo.java:shutdownLeaderElection(121)) - 49fe3bb7-2dae-482d-a175-9585c41bacad: shutdown 49fe3bb7-2dae-482d-a175-9585c41bacad@group-677DDB1507C0-LeaderElection95
2021-11-29 23:23:11,545 [49fe3bb7-2dae-482d-a175-9585c41bacad@group-677DDB1507C0-LeaderElection95] INFO  impl.RoleInfo (RoleInfo.java:updateAndGet(130)) - 49fe3bb7-2dae-482d-a175-9585c41bacad: start 49fe3bb7-2dae-482d-a175-9585c41bacad@group-677DDB1507C0-FollowerState
2021-11-29 23:23:11,765 [Listener at 127.0.0.1/46101] INFO  ozone.MiniOzoneClusterImpl (MiniOzoneClusterImpl.java:lambda$waitForClusterToBeReady$0(235)) - Nodes are ready. Got 4 of 4 DN Heartbeats.
2021-11-29 23:23:11,766 [Listener at 127.0.0.1/46101] INFO  ozone.MiniOzoneClusterImpl (MiniOzoneClusterImpl.java:lambda$waitForClusterToBeReady$0(238)) - Waiting for cluster to exit safe mode
2021-11-29 23:23:11,766 [Listener at 127.0.0.1/46101] INFO  ozone.MiniOzoneClusterImpl (MiniOzoneClusterImpl.java:lambda$waitForClusterToBeReady$0(240)) - SCM became leader
2021-11-29 23:23:12,497 [ReplicationMonitor] INFO  container.ReplicationManager (ReplicationManager.java:processAll(371)) - Replication Monitor Thread took 0 milliseconds for processing 0 containers.
2021-11-29 23:23:12,766 [Listener at 127.0.0.1/46101] INFO  ozone.MiniOzoneClusterImpl (MiniOzoneClusterImpl.java:lambda$waitForClusterToBeReady$0(235)) - Nodes are ready. Got 4 of 4 DN Heartbeats.
2021-11-29 23:23:12,766 [Listener at 127.0.0.1/46101] INFO  ozone.MiniOzoneClusterImpl (MiniOzoneClusterImpl.java:lambda$waitForClusterToBeReady$0(238)) - Waiting for cluster to exit safe mode
2021-11-29 23:23:12,766 [Listener at 127.0.0.1/46101] INFO  ozone.MiniOzoneClusterImpl (MiniOzoneClusterImpl.java:lambda$waitForClusterToBeReady$0(240)) - SCM became leader
2021-11-29 23:23:13,497 [ReplicationMonitor] INFO  container.ReplicationManager (ReplicationManager.java:processAll(371)) - Replication Monitor Thread took 0 milliseconds for processing 0 containers.
2021-11-29 23:23:13,766 [Listener at 127.0.0.1/46101] INFO  ozone.MiniOzoneClusterImpl (MiniOzoneClusterImpl.java:lambda$waitForClusterToBeReady$0(235)) - Nodes are ready. Got 4 of 4 DN Heartbeats.
2021-11-29 23:23:13,766 [Listener at 127.0.0.1/46101] INFO  ozone.MiniOzoneClusterImpl (MiniOzoneClusterImpl.java:lambda$waitForClusterToBeReady$0(238)) - Waiting for cluster to exit safe mode
2021-11-29 23:23:13,766 [Listener at 127.0.0.1/46101] INFO  ozone.MiniOzoneClusterImpl (MiniOzoneClusterImpl.java:lambda$waitForClusterToBeReady$0(240)) - SCM became leader
2021-11-29 23:23:14,502 [ReplicationMonitor] INFO  container.ReplicationManager (ReplicationManager.java:processAll(371)) - Replication Monitor Thread took 0 milliseconds for processing 0 containers.
2021-11-29 23:23:14,767 [Listener at 127.0.0.1/46101] INFO  ozone.MiniOzoneClusterImpl (MiniOzoneClusterImpl.java:lambda$waitForClusterToBeReady$0(235)) - Nodes are ready. Got 4 of 4 DN Heartbeats.
2021-11-29 23:23:14,767 [Listener at 127.0.0.1/46101] INFO  ozone.MiniOzoneClusterImpl (MiniOzoneClusterImpl.java:lambda$waitForClusterToBeReady$0(238)) - Waiting for cluster to exit safe mode
2021-11-29 23:23:14,767 [Listener at 127.0.0.1/46101] INFO  ozone.MiniOzoneClusterImpl (MiniOzoneClusterImpl.java:lambda$waitForClusterToBeReady$0(240)) - SCM became leader
2021-11-29 23:23:15,502 [ReplicationMonitor] INFO  container.ReplicationManager (ReplicationManager.java:processAll(371)) - Replication Monitor Thread took 0 milliseconds for processing 0 containers.
2021-11-29 23:23:15,767 [Listener at 127.0.0.1/46101] INFO  ozone.MiniOzoneClusterImpl (MiniOzoneClusterImpl.java:lambda$waitForClusterToBeReady$0(235)) - Nodes are ready. Got 4 of 4 DN Heartbeats.
2021-11-29 23:23:15,767 [Listener at 127.0.0.1/46101] INFO  ozone.MiniOzoneClusterImpl (MiniOzoneClusterImpl.java:lambda$waitForClusterToBeReady$0(238)) - Waiting for cluster to exit safe mode
2021-11-29 23:23:15,767 [Listener at 127.0.0.1/46101] INFO  ozone.MiniOzoneClusterImpl (MiniOzoneClusterImpl.java:lambda$waitForClusterToBeReady$0(240)) - SCM became leader
2021-11-29 23:23:16,505 [ReplicationMonitor] INFO  container.ReplicationManager (ReplicationManager.java:processAll(371)) - Replication Monitor Thread took 0 milliseconds for processing 0 containers.
2021-11-29 23:23:16,612 [9eaa9061-0cbd-4a3d-8091-a973303b955e@group-677DDB1507C0-FollowerState] INFO  impl.FollowerState (FollowerState.java:run(134)) - 9eaa9061-0cbd-4a3d-8091-a973303b955e@group-677DDB1507C0-FollowerState: change to CANDIDATE, lastRpcElapsedTime:5073934008ns, electionTimeout:5066ms
2021-11-29 23:23:16,612 [9eaa9061-0cbd-4a3d-8091-a973303b955e@group-677DDB1507C0-FollowerState] INFO  impl.RoleInfo (RoleInfo.java:shutdownFollowerState(108)) - 9eaa9061-0cbd-4a3d-8091-a973303b955e: shutdown 9eaa9061-0cbd-4a3d-8091-a973303b955e@group-677DDB1507C0-FollowerState
2021-11-29 23:23:16,612 [9eaa9061-0cbd-4a3d-8091-a973303b955e@group-677DDB1507C0-FollowerState] INFO  server.RaftServer$Division (RaftServerImpl.java:setRole(290)) - 9eaa9061-0cbd-4a3d-8091-a973303b955e@group-677DDB1507C0: changes role from  FOLLOWER to CANDIDATE at term 19 for changeToCandidate
2021-11-29 23:23:16,612 [9eaa9061-0cbd-4a3d-8091-a973303b955e@group-677DDB1507C0-FollowerState] INFO  server.RaftServerConfigKeys (ConfUtils.java:logGet(44)) - raft.server.leaderelection.pre-vote = false (custom)
2021-11-29 23:23:16,612 [9eaa9061-0cbd-4a3d-8091-a973303b955e@group-677DDB1507C0-FollowerState] INFO  impl.RoleInfo (RoleInfo.java:updateAndGet(130)) - 9eaa9061-0cbd-4a3d-8091-a973303b955e: start 9eaa9061-0cbd-4a3d-8091-a973303b955e@group-677DDB1507C0-LeaderElection98
2021-11-29 23:23:16,624 [45f86aeb-e384-4aa9-8d84-a9c74618d31d@group-677DDB1507C0-FollowerState] INFO  impl.FollowerState (FollowerState.java:run(134)) - 45f86aeb-e384-4aa9-8d84-a9c74618d31d@group-677DDB1507C0-FollowerState: change to CANDIDATE, lastRpcElapsedTime:5149588688ns, electionTimeout:5149ms
2021-11-29 23:23:16,624 [45f86aeb-e384-4aa9-8d84-a9c74618d31d@group-677DDB1507C0-FollowerState] INFO  impl.RoleInfo (RoleInfo.java:shutdownFollowerState(108)) - 45f86aeb-e384-4aa9-8d84-a9c74618d31d: shutdown 45f86aeb-e384-4aa9-8d84-a9c74618d31d@group-677DDB1507C0-FollowerState
2021-11-29 23:23:16,624 [45f86aeb-e384-4aa9-8d84-a9c74618d31d@group-677DDB1507C0-FollowerState] INFO  server.RaftServer$Division (RaftServerImpl.java:setRole(290)) - 45f86aeb-e384-4aa9-8d84-a9c74618d31d@group-677DDB1507C0: changes role from  FOLLOWER to CANDIDATE at term 19 for changeToCandidate
2021-11-29 23:23:16,641 [45f86aeb-e384-4aa9-8d84-a9c74618d31d@group-677DDB1507C0-FollowerState] INFO  server.RaftServerConfigKeys (ConfUtils.java:logGet(44)) - raft.server.leaderelection.pre-vote = false (custom)
2021-11-29 23:23:16,641 [45f86aeb-e384-4aa9-8d84-a9c74618d31d@group-677DDB1507C0-FollowerState] INFO  impl.RoleInfo (RoleInfo.java:updateAndGet(130)) - 45f86aeb-e384-4aa9-8d84-a9c74618d31d: start 45f86aeb-e384-4aa9-8d84-a9c74618d31d@group-677DDB1507C0-LeaderElection99
2021-11-29 23:23:16,647 [49fe3bb7-2dae-482d-a175-9585c41bacad@group-677DDB1507C0-FollowerState] INFO  impl.FollowerState (FollowerState.java:run(134)) - 49fe3bb7-2dae-482d-a175-9585c41bacad@group-677DDB1507C0-FollowerState: change to CANDIDATE, lastRpcElapsedTime:5101819842ns, electionTimeout:5058ms
2021-11-29 23:23:16,647 [49fe3bb7-2dae-482d-a175-9585c41bacad@group-677DDB1507C0-FollowerState] INFO  impl.RoleInfo (RoleInfo.java:shutdownFollowerState(108)) - 49fe3bb7-2dae-482d-a175-9585c41bacad: shutdown 49fe3bb7-2dae-482d-a175-9585c41bacad@group-677DDB1507C0-FollowerState
2021-11-29 23:23:16,647 [49fe3bb7-2dae-482d-a175-9585c41bacad@group-677DDB1507C0-FollowerState] INFO  server.RaftServer$Division (RaftServerImpl.java:setRole(290)) - 49fe3bb7-2dae-482d-a175-9585c41bacad@group-677DDB1507C0: changes role from  FOLLOWER to CANDIDATE at term 19 for changeToCandidate
2021-11-29 23:23:16,661 [9eaa9061-0cbd-4a3d-8091-a973303b955e@group-677DDB1507C0-LeaderElection98] INFO  impl.LeaderElection (LeaderElection.java:askForVotes(306)) - 9eaa9061-0cbd-4a3d-8091-a973303b955e@group-677DDB1507C0-LeaderElection98 ELECTION round 0: submit vote requests at term 20 for -1: [9eaa9061-0cbd-4a3d-8091-a973303b955e|rpc:10.1.0.37:35167|priority:0, 45f86aeb-e384-4aa9-8d84-a9c74618d31d|rpc:10.1.0.37:38125|priority:1, 49fe3bb7-2dae-482d-a175-9585c41bacad|rpc:10.1.0.37:39121|priority:0], old=null
2021-11-29 23:23:16,661 [49fe3bb7-2dae-482d-a175-9585c41bacad@group-677DDB1507C0-FollowerState] INFO  server.RaftServerConfigKeys (ConfUtils.java:logGet(44)) - raft.server.leaderelection.pre-vote = false (custom)
2021-11-29 23:23:16,661 [49fe3bb7-2dae-482d-a175-9585c41bacad@group-677DDB1507C0-FollowerState] INFO  impl.RoleInfo (RoleInfo.java:updateAndGet(130)) - 49fe3bb7-2dae-482d-a175-9585c41bacad: start 49fe3bb7-2dae-482d-a175-9585c41bacad@group-677DDB1507C0-LeaderElection100
2021-11-29 23:23:16,753 [45f86aeb-e384-4aa9-8d84-a9c74618d31d@group-677DDB1507C0-LeaderElection99] INFO  impl.LeaderElection (LeaderElection.java:askForVotes(306)) - 45f86aeb-e384-4aa9-8d84-a9c74618d31d@group-677DDB1507C0-LeaderElection99 ELECTION round 0: submit vote requests at term 20 for -1: [9eaa9061-0cbd-4a3d-8091-a973303b955e|rpc:10.1.0.37:35167|dataStream:|priority:0, 45f86aeb-e384-4aa9-8d84-a9c74618d31d|rpc:10.1.0.37:38125|dataStream:|priority:1, 49fe3bb7-2dae-482d-a175-9585c41bacad|rpc:10.1.0.37:39121|dataStream:|priority:0], old=null
2021-11-29 23:23:16,759 [grpc-default-executor-8] INFO  server.RaftServer$Division (RaftServerImpl.java:requestVote(1046)) - 49fe3bb7-2dae-482d-a175-9585c41bacad@group-677DDB1507C0: receive requestVote(ELECTION, 9eaa9061-0cbd-4a3d-8091-a973303b955e, group-677DDB1507C0, 20, (t:0, i:0))
2021-11-29 23:23:16,759 [grpc-default-executor-8] INFO  impl.VoteContext (VoteContext.java:log(48)) - 49fe3bb7-2dae-482d-a175-9585c41bacad@group-677DDB1507C0-CANDIDATE: accept ELECTION from 9eaa9061-0cbd-4a3d-8091-a973303b955e: our priority 0 <= candidate's priority 0
2021-11-29 23:23:16,759 [grpc-default-executor-8] INFO  server.RaftServer$Division (RaftServerImpl.java:setRole(290)) - 49fe3bb7-2dae-482d-a175-9585c41bacad@group-677DDB1507C0: changes role from CANDIDATE to FOLLOWER at term 20 for candidate:9eaa9061-0cbd-4a3d-8091-a973303b955e
2021-11-29 23:23:16,759 [grpc-default-executor-8] INFO  impl.RoleInfo (RoleInfo.java:shutdownLeaderElection(121)) - 49fe3bb7-2dae-482d-a175-9585c41bacad: shutdown 49fe3bb7-2dae-482d-a175-9585c41bacad@group-677DDB1507C0-LeaderElection100
2021-11-29 23:23:16,765 [grpc-default-executor-6] INFO  server.RaftServer$Division (RaftServerImpl.java:requestVote(1046)) - 9eaa9061-0cbd-4a3d-8091-a973303b955e@group-677DDB1507C0: receive requestVote(ELECTION, 45f86aeb-e384-4aa9-8d84-a9c74618d31d, group-677DDB1507C0, 20, (t:0, i:0))
2021-11-29 23:23:16,765 [grpc-default-executor-6] INFO  impl.VoteContext (VoteContext.java:log(48)) - 9eaa9061-0cbd-4a3d-8091-a973303b955e@group-677DDB1507C0-CANDIDATE: reject ELECTION from 45f86aeb-e384-4aa9-8d84-a9c74618d31d: already has voted for 9eaa9061-0cbd-4a3d-8091-a973303b955e at current term 20
2021-11-29 23:23:16,765 [grpc-default-executor-6] INFO  server.RaftServer$Division (RaftServerImpl.java:requestVote(1078)) - 9eaa9061-0cbd-4a3d-8091-a973303b955e@group-677DDB1507C0 replies to ELECTION vote request: 45f86aeb-e384-4aa9-8d84-a9c74618d31d<-9eaa9061-0cbd-4a3d-8091-a973303b955e#0:FAIL-t20. Peer's state: 9eaa9061-0cbd-4a3d-8091-a973303b955e@group-677DDB1507C0:t20, leader=null, voted=9eaa9061-0cbd-4a3d-8091-a973303b955e, raftlog=9eaa9061-0cbd-4a3d-8091-a973303b955e@group-677DDB1507C0-SegmentedRaftLog:OPENED:c-1, conf=-1: [9eaa9061-0cbd-4a3d-8091-a973303b955e|rpc:10.1.0.37:35167|priority:0, 45f86aeb-e384-4aa9-8d84-a9c74618d31d|rpc:10.1.0.37:38125|priority:1, 49fe3bb7-2dae-482d-a175-9585c41bacad|rpc:10.1.0.37:39121|priority:0], old=null
2021-11-29 23:23:16,766 [grpc-default-executor-6] INFO  server.RaftServer$Division (RaftServerImpl.java:requestVote(1046)) - 45f86aeb-e384-4aa9-8d84-a9c74618d31d@group-677DDB1507C0: receive requestVote(ELECTION, 9eaa9061-0cbd-4a3d-8091-a973303b955e, group-677DDB1507C0, 20, (t:0, i:0))
2021-11-29 23:23:16,766 [grpc-default-executor-6] INFO  impl.VoteContext (VoteContext.java:log(48)) - 45f86aeb-e384-4aa9-8d84-a9c74618d31d@group-677DDB1507C0-CANDIDATE: reject ELECTION from 9eaa9061-0cbd-4a3d-8091-a973303b955e: already has voted for 45f86aeb-e384-4aa9-8d84-a9c74618d31d at current term 20
2021-11-29 23:23:16,766 [grpc-default-executor-6] INFO  server.RaftServer$Division (RaftServerImpl.java:requestVote(1078)) - 45f86aeb-e384-4aa9-8d84-a9c74618d31d@group-677DDB1507C0 replies to ELECTION vote request: 9eaa9061-0cbd-4a3d-8091-a973303b955e<-45f86aeb-e384-4aa9-8d84-a9c74618d31d#0:FAIL-t20. Peer's state: 45f86aeb-e384-4aa9-8d84-a9c74618d31d@group-677DDB1507C0:t20, leader=null, voted=45f86aeb-e384-4aa9-8d84-a9c74618d31d, raftlog=45f86aeb-e384-4aa9-8d84-a9c74618d31d@group-677DDB1507C0-SegmentedRaftLog:OPENED:c-1, conf=-1: [9eaa9061-0cbd-4a3d-8091-a973303b955e|rpc:10.1.0.37:35167|dataStream:|priority:0, 45f86aeb-e384-4aa9-8d84-a9c74618d31d|rpc:10.1.0.37:38125|dataStream:|priority:1, 49fe3bb7-2dae-482d-a175-9585c41bacad|rpc:10.1.0.37:39121|dataStream:|priority:0], old=null
2021-11-29 23:23:16,766 [9eaa9061-0cbd-4a3d-8091-a973303b955e@group-677DDB1507C0-LeaderElection98] INFO  impl.LeaderElection (LeaderElection.java:logAndReturn(89)) - 9eaa9061-0cbd-4a3d-8091-a973303b955e@group-677DDB1507C0-LeaderElection98: ELECTION REJECTED received 1 response(s) and 0 exception(s):
2021-11-29 23:23:16,766 [9eaa9061-0cbd-4a3d-8091-a973303b955e@group-677DDB1507C0-LeaderElection98] INFO  impl.LeaderElection (LeaderElection.java:logAndReturn(93)) -   Response 0: 9eaa9061-0cbd-4a3d-8091-a973303b955e<-45f86aeb-e384-4aa9-8d84-a9c74618d31d#0:FAIL-t20
2021-11-29 23:23:16,766 [9eaa9061-0cbd-4a3d-8091-a973303b955e@group-677DDB1507C0-LeaderElection98] INFO  impl.LeaderElection (LeaderElection.java:askForVotes(308)) - 9eaa9061-0cbd-4a3d-8091-a973303b955e@group-677DDB1507C0-LeaderElection98 ELECTION round 0: result REJECTED
2021-11-29 23:23:16,766 [9eaa9061-0cbd-4a3d-8091-a973303b955e@group-677DDB1507C0-LeaderElection98] INFO  server.RaftServer$Division (RaftServerImpl.java:setRole(290)) - 9eaa9061-0cbd-4a3d-8091-a973303b955e@group-677DDB1507C0: changes role from CANDIDATE to FOLLOWER at term 20 for REJECTED
2021-11-29 23:23:16,766 [9eaa9061-0cbd-4a3d-8091-a973303b955e@group-677DDB1507C0-LeaderElection98] INFO  impl.RoleInfo (RoleInfo.java:shutdownLeaderElection(121)) - 9eaa9061-0cbd-4a3d-8091-a973303b955e: shutdown 9eaa9061-0cbd-4a3d-8091-a973303b955e@group-677DDB1507C0-LeaderElection98
2021-11-29 23:23:16,767 [9eaa9061-0cbd-4a3d-8091-a973303b955e@group-677DDB1507C0-LeaderElection98] INFO  impl.RoleInfo (RoleInfo.java:updateAndGet(130)) - 9eaa9061-0cbd-4a3d-8091-a973303b955e: start 9eaa9061-0cbd-4a3d-8091-a973303b955e@group-677DDB1507C0-FollowerState
2021-11-29 23:23:16,767 [Listener at 127.0.0.1/46101] INFO  ozone.MiniOzoneClusterImpl (MiniOzoneClusterImpl.java:lambda$waitForClusterToBeReady$0(235)) - Nodes are ready. Got 4 of 4 DN Heartbeats.
2021-11-29 23:23:16,767 [Listener at 127.0.0.1/46101] INFO  ozone.MiniOzoneClusterImpl (MiniOzoneClusterImpl.java:lambda$waitForClusterToBeReady$0(238)) - Waiting for cluster to exit safe mode
2021-11-29 23:23:16,767 [Listener at 127.0.0.1/46101] INFO  ozone.MiniOzoneClusterImpl (MiniOzoneClusterImpl.java:lambda$waitForClusterToBeReady$0(240)) - SCM became leader
2021-11-29 23:23:16,770 [grpc-default-executor-6] INFO  server.RaftServer$Division (RaftServerImpl.java:requestVote(1046)) - 49fe3bb7-2dae-482d-a175-9585c41bacad@group-677DDB1507C0: receive requestVote(ELECTION, 45f86aeb-e384-4aa9-8d84-a9c74618d31d, group-677DDB1507C0, 20, (t:0, i:0))
2021-11-29 23:23:16,792 [grpc-default-executor-8] INFO  impl.RoleInfo (RoleInfo.java:updateAndGet(130)) - 49fe3bb7-2dae-482d-a175-9585c41bacad: start 49fe3bb7-2dae-482d-a175-9585c41bacad@group-677DDB1507C0-FollowerState
2021-11-29 23:23:16,797 [49fe3bb7-2dae-482d-a175-9585c41bacad@group-677DDB1507C0-LeaderElection100] INFO  impl.LeaderElection (LeaderElection.java:run(230)) - 49fe3bb7-2dae-482d-a175-9585c41bacad@group-677DDB1507C0-LeaderElection100: skip running since this is already CLOSING
2021-11-29 23:23:16,818 [grpc-default-executor-8] INFO  server.RaftServer$Division (RaftServerImpl.java:requestVote(1078)) - 49fe3bb7-2dae-482d-a175-9585c41bacad@group-677DDB1507C0 replies to ELECTION vote request: 9eaa9061-0cbd-4a3d-8091-a973303b955e<-49fe3bb7-2dae-482d-a175-9585c41bacad#0:OK-t20. Peer's state: 49fe3bb7-2dae-482d-a175-9585c41bacad@group-677DDB1507C0:t20, leader=null, voted=9eaa9061-0cbd-4a3d-8091-a973303b955e, raftlog=49fe3bb7-2dae-482d-a175-9585c41bacad@group-677DDB1507C0-SegmentedRaftLog:OPENED:c-1, conf=-1: [9eaa9061-0cbd-4a3d-8091-a973303b955e|rpc:10.1.0.37:35167|dataStream:|priority:0, 45f86aeb-e384-4aa9-8d84-a9c74618d31d|rpc:10.1.0.37:38125|dataStream:|priority:1, 49fe3bb7-2dae-482d-a175-9585c41bacad|rpc:10.1.0.37:39121|dataStream:|priority:0], old=null
2021-11-29 23:23:16,819 [grpc-default-executor-6] INFO  impl.VoteContext (VoteContext.java:log(48)) - 49fe3bb7-2dae-482d-a175-9585c41bacad@group-677DDB1507C0-FOLLOWER: reject ELECTION from 45f86aeb-e384-4aa9-8d84-a9c74618d31d: already has voted for 9eaa9061-0cbd-4a3d-8091-a973303b955e at current term 20
2021-11-29 23:23:16,819 [grpc-default-executor-6] INFO  server.RaftServer$Division (RaftServerImpl.java:requestVote(1078)) - 49fe3bb7-2dae-482d-a175-9585c41bacad@group-677DDB1507C0 replies to ELECTION vote request: 45f86aeb-e384-4aa9-8d84-a9c74618d31d<-49fe3bb7-2dae-482d-a175-9585c41bacad#0:FAIL-t20. Peer's state: 49fe3bb7-2dae-482d-a175-9585c41bacad@group-677DDB1507C0:t20, leader=null, voted=9eaa9061-0cbd-4a3d-8091-a973303b955e, raftlog=49fe3bb7-2dae-482d-a175-9585c41bacad@group-677DDB1507C0-SegmentedRaftLog:OPENED:c-1, conf=-1: [9eaa9061-0cbd-4a3d-8091-a973303b955e|rpc:10.1.0.37:35167|dataStream:|priority:0, 45f86aeb-e384-4aa9-8d84-a9c74618d31d|rpc:10.1.0.37:38125|dataStream:|priority:1, 49fe3bb7-2dae-482d-a175-9585c41bacad|rpc:10.1.0.37:39121|dataStream:|priority:0], old=null
2021-11-29 23:23:16,819 [45f86aeb-e384-4aa9-8d84-a9c74618d31d@group-677DDB1507C0-LeaderElection99] INFO  impl.LeaderElection (LeaderElection.java:logAndReturn(89)) - 45f86aeb-e384-4aa9-8d84-a9c74618d31d@group-677DDB1507C0-LeaderElection99: ELECTION REJECTED received 2 response(s) and 0 exception(s):
2021-11-29 23:23:16,819 [45f86aeb-e384-4aa9-8d84-a9c74618d31d@group-677DDB1507C0-LeaderElection99] INFO  impl.LeaderElection (LeaderElection.java:logAndReturn(93)) -   Response 0: 45f86aeb-e384-4aa9-8d84-a9c74618d31d<-9eaa9061-0cbd-4a3d-8091-a973303b955e#0:FAIL-t20
2021-11-29 23:23:16,819 [45f86aeb-e384-4aa9-8d84-a9c74618d31d@group-677DDB1507C0-LeaderElection99] INFO  impl.LeaderElection (LeaderElection.java:logAndReturn(93)) -   Response 1: 45f86aeb-e384-4aa9-8d84-a9c74618d31d<-49fe3bb7-2dae-482d-a175-9585c41bacad#0:FAIL-t20
2021-11-29 23:23:16,819 [45f86aeb-e384-4aa9-8d84-a9c74618d31d@group-677DDB1507C0-LeaderElection99] INFO  impl.LeaderElection (LeaderElection.java:askForVotes(308)) - 45f86aeb-e384-4aa9-8d84-a9c74618d31d@group-677DDB1507C0-LeaderElection99 ELECTION round 0: result REJECTED
2021-11-29 23:23:16,819 [45f86aeb-e384-4aa9-8d84-a9c74618d31d@group-677DDB1507C0-LeaderElection99] INFO  server.RaftServer$Division (RaftServerImpl.java:setRole(290)) - 45f86aeb-e384-4aa9-8d84-a9c74618d31d@group-677DDB1507C0: changes role from CANDIDATE to FOLLOWER at term 20 for REJECTED
2021-11-29 23:23:16,819 [45f86aeb-e384-4aa9-8d84-a9c74618d31d@group-677DDB1507C0-LeaderElection99] INFO  impl.RoleInfo (RoleInfo.java:shutdownLeaderElection(121)) - 45f86aeb-e384-4aa9-8d84-a9c74618d31d: shutdown 45f86aeb-e384-4aa9-8d84-a9c74618d31d@group-677DDB1507C0-LeaderElection99
2021-11-29 23:23:16,820 [45f86aeb-e384-4aa9-8d84-a9c74618d31d@group-677DDB1507C0-LeaderElection99] INFO  impl.RoleInfo (RoleInfo.java:updateAndGet(130)) - 45f86aeb-e384-4aa9-8d84-a9c74618d31d: start 45f86aeb-e384-4aa9-8d84-a9c74618d31d@group-677DDB1507C0-FollowerState
2021-11-29 23:23:17,505 [ReplicationMonitor] INFO  container.ReplicationManager (ReplicationManager.java:processAll(371)) - Replication Monitor Thread took 0 milliseconds for processing 0 containers.
2021-11-29 23:23:17,768 [Listener at 127.0.0.1/46101] INFO  ozone.MiniOzoneClusterImpl (MiniOzoneClusterImpl.java:lambda$waitForClusterToBeReady$0(235)) - Nodes are ready. Got 4 of 4 DN Heartbeats.
2021-11-29 23:23:17,768 [Listener at 127.0.0.1/46101] INFO  ozone.MiniOzoneClusterImpl (MiniOzoneClusterImpl.java:lambda$waitForClusterToBeReady$0(238)) - Waiting for cluster to exit safe mode
2021-11-29 23:23:17,768 [Listener at 127.0.0.1/46101] INFO  ozone.MiniOzoneClusterImpl (MiniOzoneClusterImpl.java:lambda$waitForClusterToBeReady$0(240)) - SCM became leader
2021-11-29 23:23:18,505 [ReplicationMonitor] INFO  container.ReplicationManager (ReplicationManager.java:processAll(371)) - Replication Monitor Thread took 0 milliseconds for processing 0 containers.
2021-11-29 23:23:18,773 [Listener at 127.0.0.1/46101] INFO  ozone.MiniOzoneClusterImpl (MiniOzoneClusterImpl.java:lambda$waitForClusterToBeReady$0(235)) - Nodes are ready. Got 4 of 4 DN Heartbeats.
2021-11-29 23:23:18,773 [Listener at 127.0.0.1/46101] INFO  ozone.MiniOzoneClusterImpl (MiniOzoneClusterImpl.java:lambda$waitForClusterToBeReady$0(238)) - Waiting for cluster to exit safe mode
2021-11-29 23:23:18,773 [Listener at 127.0.0.1/46101] INFO  ozone.MiniOzoneClusterImpl (MiniOzoneClusterImpl.java:lambda$waitForClusterToBeReady$0(240)) - SCM became leader
2021-11-29 23:23:19,506 [ReplicationMonitor] INFO  container.ReplicationManager (ReplicationManager.java:processAll(371)) - Replication Monitor Thread took 0 milliseconds for processing 0 containers.
2021-11-29 23:23:19,781 [Listener at 127.0.0.1/46101] INFO  ozone.MiniOzoneClusterImpl (MiniOzoneClusterImpl.java:lambda$waitForClusterToBeReady$0(235)) - Nodes are ready. Got 4 of 4 DN Heartbeats.
2021-11-29 23:23:19,785 [Listener at 127.0.0.1/46101] INFO  ozone.MiniOzoneClusterImpl (MiniOzoneClusterImpl.java:lambda$waitForClusterToBeReady$0(238)) - Waiting for cluster to exit safe mode
2021-11-29 23:23:19,785 [Listener at 127.0.0.1/46101] INFO  ozone.MiniOzoneClusterImpl (MiniOzoneClusterImpl.java:lambda$waitForClusterToBeReady$0(240)) - SCM became leader
2021-11-29 23:23:20,506 [ReplicationMonitor] INFO  container.ReplicationManager (ReplicationManager.java:processAll(371)) - Replication Monitor Thread took 0 milliseconds for processing 0 containers.
2021-11-29 23:23:20,785 [Listener at 127.0.0.1/46101] INFO  ozone.MiniOzoneClusterImpl (MiniOzoneClusterImpl.java:lambda$waitForClusterToBeReady$0(235)) - Nodes are ready. Got 4 of 4 DN Heartbeats.
2021-11-29 23:23:20,785 [Listener at 127.0.0.1/46101] INFO  ozone.MiniOzoneClusterImpl (MiniOzoneClusterImpl.java:lambda$waitForClusterToBeReady$0(238)) - Waiting for cluster to exit safe mode
2021-11-29 23:23:20,786 [Listener at 127.0.0.1/46101] INFO  ozone.MiniOzoneClusterImpl (MiniOzoneClusterImpl.java:lambda$waitForClusterToBeReady$0(240)) - SCM became leader
2021-11-29 23:23:21,508 [ReplicationMonitor] INFO  container.ReplicationManager (ReplicationManager.java:processAll(371)) - Replication Monitor Thread took 0 milliseconds for processing 0 containers.
2021-11-29 23:23:21,787 [Listener at 127.0.0.1/46101] INFO  ozone.MiniOzoneClusterImpl (MiniOzoneClusterImpl.java:lambda$waitForClusterToBeReady$0(235)) - Nodes are ready. Got 4 of 4 DN Heartbeats.
2021-11-29 23:23:21,787 [Listener at 127.0.0.1/46101] INFO  ozone.MiniOzoneClusterImpl (MiniOzoneClusterImpl.java:lambda$waitForClusterToBeReady$0(238)) - Waiting for cluster to exit safe mode
2021-11-29 23:23:21,787 [Listener at 127.0.0.1/46101] INFO  ozone.MiniOzoneClusterImpl (MiniOzoneClusterImpl.java:lambda$waitForClusterToBeReady$0(240)) - SCM became leader
2021-11-29 23:23:21,889 [9eaa9061-0cbd-4a3d-8091-a973303b955e@group-677DDB1507C0-FollowerState] INFO  impl.FollowerState (FollowerState.java:run(134)) - 9eaa9061-0cbd-4a3d-8091-a973303b955e@group-677DDB1507C0-FollowerState: change to CANDIDATE, lastRpcElapsedTime:5122843180ns, electionTimeout:5099ms
2021-11-29 23:23:21,889 [9eaa9061-0cbd-4a3d-8091-a973303b955e@group-677DDB1507C0-FollowerState] INFO  impl.RoleInfo (RoleInfo.java:shutdownFollowerState(108)) - 9eaa9061-0cbd-4a3d-8091-a973303b955e: shutdown 9eaa9061-0cbd-4a3d-8091-a973303b955e@group-677DDB1507C0-FollowerState
2021-11-29 23:23:21,890 [9eaa9061-0cbd-4a3d-8091-a973303b955e@group-677DDB1507C0-FollowerState] INFO  server.RaftServer$Division (RaftServerImpl.java:setRole(290)) - 9eaa9061-0cbd-4a3d-8091-a973303b955e@group-677DDB1507C0: changes role from  FOLLOWER to CANDIDATE at term 20 for changeToCandidate
2021-11-29 23:23:21,890 [9eaa9061-0cbd-4a3d-8091-a973303b955e@group-677DDB1507C0-FollowerState] INFO  server.RaftServerConfigKeys (ConfUtils.java:logGet(44)) - raft.server.leaderelection.pre-vote = false (custom)
2021-11-29 23:23:21,890 [9eaa9061-0cbd-4a3d-8091-a973303b955e@group-677DDB1507C0-FollowerState] INFO  impl.RoleInfo (RoleInfo.java:updateAndGet(130)) - 9eaa9061-0cbd-4a3d-8091-a973303b955e: start 9eaa9061-0cbd-4a3d-8091-a973303b955e@group-677DDB1507C0-LeaderElection101
2021-11-29 23:23:21,920 [49fe3bb7-2dae-482d-a175-9585c41bacad@group-677DDB1507C0-FollowerState] INFO  impl.FollowerState (FollowerState.java:run(134)) - 49fe3bb7-2dae-482d-a175-9585c41bacad@group-677DDB1507C0-FollowerState: change to CANDIDATE, lastRpcElapsedTime:5101508947ns, electionTimeout:5100ms
2021-11-29 23:23:21,920 [49fe3bb7-2dae-482d-a175-9585c41bacad@group-677DDB1507C0-FollowerState] INFO  impl.RoleInfo (RoleInfo.java:shutdownFollowerState(108)) - 49fe3bb7-2dae-482d-a175-9585c41bacad: shutdown 49fe3bb7-2dae-482d-a175-9585c41bacad@group-677DDB1507C0-FollowerState
2021-11-29 23:23:21,920 [49fe3bb7-2dae-482d-a175-9585c41bacad@group-677DDB1507C0-FollowerState] INFO  server.RaftServer$Division (RaftServerImpl.java:setRole(290)) - 49fe3bb7-2dae-482d-a175-9585c41bacad@group-677DDB1507C0: changes role from  FOLLOWER to CANDIDATE at term 20 for changeToCandidate
2021-11-29 23:23:21,920 [49fe3bb7-2dae-482d-a175-9585c41bacad@group-677DDB1507C0-FollowerState] INFO  server.RaftServerConfigKeys (ConfUtils.java:logGet(44)) - raft.server.leaderelection.pre-vote = false (custom)
2021-11-29 23:23:21,920 [49fe3bb7-2dae-482d-a175-9585c41bacad@group-677DDB1507C0-FollowerState] INFO  impl.RoleInfo (RoleInfo.java:updateAndGet(130)) - 49fe3bb7-2dae-482d-a175-9585c41bacad: start 49fe3bb7-2dae-482d-a175-9585c41bacad@group-677DDB1507C0-LeaderElection102
2021-11-29 23:23:21,940 [45f86aeb-e384-4aa9-8d84-a9c74618d31d@group-677DDB1507C0-FollowerState] INFO  impl.FollowerState (FollowerState.java:run(134)) - 45f86aeb-e384-4aa9-8d84-a9c74618d31d@group-677DDB1507C0-FollowerState: change to CANDIDATE, lastRpcElapsedTime:5120710045ns, electionTimeout:5099ms
2021-11-29 23:23:21,940 [45f86aeb-e384-4aa9-8d84-a9c74618d31d@group-677DDB1507C0-FollowerState] INFO  impl.RoleInfo (RoleInfo.java:shutdownFollowerState(108)) - 45f86aeb-e384-4aa9-8d84-a9c74618d31d: shutdown 45f86aeb-e384-4aa9-8d84-a9c74618d31d@group-677DDB1507C0-FollowerState
2021-11-29 23:23:21,940 [45f86aeb-e384-4aa9-8d84-a9c74618d31d@group-677DDB1507C0-FollowerState] INFO  server.RaftServer$Division (RaftServerImpl.java:setRole(290)) - 45f86aeb-e384-4aa9-8d84-a9c74618d31d@group-677DDB1507C0: changes role from  FOLLOWER to CANDIDATE at term 20 for changeToCandidate
2021-11-29 23:23:21,940 [45f86aeb-e384-4aa9-8d84-a9c74618d31d@group-677DDB1507C0-FollowerState] INFO  server.RaftServerConfigKeys (ConfUtils.java:logGet(44)) - raft.server.leaderelection.pre-vote = false (custom)
2021-11-29 23:23:21,940 [45f86aeb-e384-4aa9-8d84-a9c74618d31d@group-677DDB1507C0-FollowerState] INFO  impl.RoleInfo (RoleInfo.java:updateAndGet(130)) - 45f86aeb-e384-4aa9-8d84-a9c74618d31d: start 45f86aeb-e384-4aa9-8d84-a9c74618d31d@group-677DDB1507C0-LeaderElection103
2021-11-29 23:23:21,962 [9eaa9061-0cbd-4a3d-8091-a973303b955e@group-677DDB1507C0-LeaderElection101] INFO  impl.LeaderElection (LeaderElection.java:askForVotes(306)) - 9eaa9061-0cbd-4a3d-8091-a973303b955e@group-677DDB1507C0-LeaderElection101 ELECTION round 0: submit vote requests at term 21 for -1: [9eaa9061-0cbd-4a3d-8091-a973303b955e|rpc:10.1.0.37:35167|priority:0, 45f86aeb-e384-4aa9-8d84-a9c74618d31d|rpc:10.1.0.37:38125|priority:1, 49fe3bb7-2dae-482d-a175-9585c41bacad|rpc:10.1.0.37:39121|priority:0], old=null
2021-11-29 23:23:21,966 [grpc-default-executor-8] INFO  server.RaftServer$Division (RaftServerImpl.java:requestVote(1046)) - 45f86aeb-e384-4aa9-8d84-a9c74618d31d@group-677DDB1507C0: receive requestVote(ELECTION, 9eaa9061-0cbd-4a3d-8091-a973303b955e, group-677DDB1507C0, 21, (t:0, i:0))
2021-11-29 23:23:21,966 [grpc-default-executor-8] INFO  impl.VoteContext (VoteContext.java:log(48)) - 45f86aeb-e384-4aa9-8d84-a9c74618d31d@group-677DDB1507C0-CANDIDATE: reject ELECTION from 9eaa9061-0cbd-4a3d-8091-a973303b955e: our priority 1 > candidate's priority 0
2021-11-29 23:23:21,966 [grpc-default-executor-8] INFO  server.RaftServer$Division (RaftServerImpl.java:setRole(290)) - 45f86aeb-e384-4aa9-8d84-a9c74618d31d@group-677DDB1507C0: changes role from CANDIDATE to FOLLOWER at term 21 for candidate:9eaa9061-0cbd-4a3d-8091-a973303b955e
2021-11-29 23:23:21,966 [grpc-default-executor-8] INFO  impl.RoleInfo (RoleInfo.java:shutdownLeaderElection(121)) - 45f86aeb-e384-4aa9-8d84-a9c74618d31d: shutdown 45f86aeb-e384-4aa9-8d84-a9c74618d31d@group-677DDB1507C0-LeaderElection103
2021-11-29 23:23:21,977 [45f86aeb-e384-4aa9-8d84-a9c74618d31d@group-677DDB1507C0-LeaderElection103] INFO  impl.LeaderElection (LeaderElection.java:run(230)) - 45f86aeb-e384-4aa9-8d84-a9c74618d31d@group-677DDB1507C0-LeaderElection103: skip running since this is already CLOSING
2021-11-29 23:23:21,986 [grpc-default-executor-8] INFO  impl.RoleInfo (RoleInfo.java:updateAndGet(130)) - 45f86aeb-e384-4aa9-8d84-a9c74618d31d: start 45f86aeb-e384-4aa9-8d84-a9c74618d31d@group-677DDB1507C0-FollowerState
2021-11-29 23:23:21,987 [49fe3bb7-2dae-482d-a175-9585c41bacad@group-677DDB1507C0-LeaderElection102] INFO  impl.LeaderElection (LeaderElection.java:askForVotes(306)) - 49fe3bb7-2dae-482d-a175-9585c41bacad@group-677DDB1507C0-LeaderElection102 ELECTION round 0: submit vote requests at term 21 for -1: [9eaa9061-0cbd-4a3d-8091-a973303b955e|rpc:10.1.0.37:35167|dataStream:|priority:0, 45f86aeb-e384-4aa9-8d84-a9c74618d31d|rpc:10.1.0.37:38125|dataStream:|priority:1, 49fe3bb7-2dae-482d-a175-9585c41bacad|rpc:10.1.0.37:39121|dataStream:|priority:0], old=null
2021-11-29 23:23:22,011 [EventQueue-OpenPipelineForHealthyPipelineSafeModeRule] INFO  safemode.SCMSafeModeManager (HealthyPipelineSafeModeRule.java:process(124)) - SCM in safe mode. Healthy pipelines reported count is 0, required healthy pipeline reported count is 1
2021-11-29 23:23:22,030 [grpc-default-executor-6] INFO  server.RaftServer$Division (RaftServerImpl.java:requestVote(1046)) - 49fe3bb7-2dae-482d-a175-9585c41bacad@group-677DDB1507C0: receive requestVote(ELECTION, 9eaa9061-0cbd-4a3d-8091-a973303b955e, group-677DDB1507C0, 21, (t:0, i:0))
2021-11-29 23:23:22,030 [grpc-default-executor-6] INFO  impl.VoteContext (VoteContext.java:log(48)) - 49fe3bb7-2dae-482d-a175-9585c41bacad@group-677DDB1507C0-CANDIDATE: reject ELECTION from 9eaa9061-0cbd-4a3d-8091-a973303b955e: already has voted for 49fe3bb7-2dae-482d-a175-9585c41bacad at current term 21
2021-11-29 23:23:22,030 [grpc-default-executor-6] INFO  server.RaftServer$Division (RaftServerImpl.java:requestVote(1078)) - 49fe3bb7-2dae-482d-a175-9585c41bacad@group-677DDB1507C0 replies to ELECTION vote request: 9eaa9061-0cbd-4a3d-8091-a973303b955e<-49fe3bb7-2dae-482d-a175-9585c41bacad#0:FAIL-t21. Peer's state: 49fe3bb7-2dae-482d-a175-9585c41bacad@group-677DDB1507C0:t21, leader=null, voted=49fe3bb7-2dae-482d-a175-9585c41bacad, raftlog=49fe3bb7-2dae-482d-a175-9585c41bacad@group-677DDB1507C0-SegmentedRaftLog:OPENED:c-1, conf=-1: [9eaa9061-0cbd-4a3d-8091-a973303b955e|rpc:10.1.0.37:35167|dataStream:|priority:0, 45f86aeb-e384-4aa9-8d84-a9c74618d31d|rpc:10.1.0.37:38125|dataStream:|priority:1, 49fe3bb7-2dae-482d-a175-9585c41bacad|rpc:10.1.0.37:39121|dataStream:|priority:0], old=null
2021-11-29 23:23:22,039 [grpc-default-executor-8] INFO  server.RaftServer$Division (RaftServerImpl.java:requestVote(1078)) - 45f86aeb-e384-4aa9-8d84-a9c74618d31d@group-677DDB1507C0 replies to ELECTION vote request: 9eaa9061-0cbd-4a3d-8091-a973303b955e<-45f86aeb-e384-4aa9-8d84-a9c74618d31d#0:FAIL-t21. Peer's state: 45f86aeb-e384-4aa9-8d84-a9c74618d31d@group-677DDB1507C0:t21, leader=null, voted=null, raftlog=45f86aeb-e384-4aa9-8d84-a9c74618d31d@group-677DDB1507C0-SegmentedRaftLog:OPENED:c-1, conf=-1: [9eaa9061-0cbd-4a3d-8091-a973303b955e|rpc:10.1.0.37:35167|dataStream:|priority:0, 45f86aeb-e384-4aa9-8d84-a9c74618d31d|rpc:10.1.0.37:38125|dataStream:|priority:1, 49fe3bb7-2dae-482d-a175-9585c41bacad|rpc:10.1.0.37:39121|dataStream:|priority:0], old=null
2021-11-29 23:23:22,044 [9eaa9061-0cbd-4a3d-8091-a973303b955e@group-677DDB1507C0-LeaderElection101] INFO  impl.LeaderElection (LeaderElection.java:logAndReturn(89)) - 9eaa9061-0cbd-4a3d-8091-a973303b955e@group-677DDB1507C0-LeaderElection101: ELECTION REJECTED received 2 response(s) and 0 exception(s):
2021-11-29 23:23:22,044 [9eaa9061-0cbd-4a3d-8091-a973303b955e@group-677DDB1507C0-LeaderElection101] INFO  impl.LeaderElection (LeaderElection.java:logAndReturn(93)) -   Response 0: 9eaa9061-0cbd-4a3d-8091-a973303b955e<-45f86aeb-e384-4aa9-8d84-a9c74618d31d#0:FAIL-t21
2021-11-29 23:23:22,044 [9eaa9061-0cbd-4a3d-8091-a973303b955e@group-677DDB1507C0-LeaderElection101] INFO  impl.LeaderElection (LeaderElection.java:logAndReturn(93)) -   Response 1: 9eaa9061-0cbd-4a3d-8091-a973303b955e<-49fe3bb7-2dae-482d-a175-9585c41bacad#0:FAIL-t21
2021-11-29 23:23:22,044 [9eaa9061-0cbd-4a3d-8091-a973303b955e@group-677DDB1507C0-LeaderElection101] INFO  impl.LeaderElection (LeaderElection.java:askForVotes(308)) - 9eaa9061-0cbd-4a3d-8091-a973303b955e@group-677DDB1507C0-LeaderElection101 ELECTION round 0: result REJECTED
2021-11-29 23:23:22,044 [9eaa9061-0cbd-4a3d-8091-a973303b955e@group-677DDB1507C0-LeaderElection101] INFO  server.RaftServer$Division (RaftServerImpl.java:setRole(290)) - 9eaa9061-0cbd-4a3d-8091-a973303b955e@group-677DDB1507C0: changes role from CANDIDATE to FOLLOWER at term 21 for REJECTED
2021-11-29 23:23:22,044 [9eaa9061-0cbd-4a3d-8091-a973303b955e@group-677DDB1507C0-LeaderElection101] INFO  impl.RoleInfo (RoleInfo.java:shutdownLeaderElection(121)) - 9eaa9061-0cbd-4a3d-8091-a973303b955e: shutdown 9eaa9061-0cbd-4a3d-8091-a973303b955e@group-677DDB1507C0-LeaderElection101
2021-11-29 23:23:22,044 [9eaa9061-0cbd-4a3d-8091-a973303b955e@group-677DDB1507C0-LeaderElection101] INFO  impl.RoleInfo (RoleInfo.java:updateAndGet(130)) - 9eaa9061-0cbd-4a3d-8091-a973303b955e: start 9eaa9061-0cbd-4a3d-8091-a973303b955e@group-677DDB1507C0-FollowerState
2021-11-29 23:23:22,052 [grpc-default-executor-8] INFO  server.RaftServer$Division (RaftServerImpl.java:requestVote(1046)) - 45f86aeb-e384-4aa9-8d84-a9c74618d31d@group-677DDB1507C0: receive requestVote(ELECTION, 49fe3bb7-2dae-482d-a175-9585c41bacad, group-677DDB1507C0, 21, (t:0, i:0))
2021-11-29 23:23:22,052 [grpc-default-executor-8] INFO  impl.VoteContext (VoteContext.java:log(48)) - 45f86aeb-e384-4aa9-8d84-a9c74618d31d@group-677DDB1507C0-FOLLOWER: reject ELECTION from 49fe3bb7-2dae-482d-a175-9585c41bacad: our priority 1 > candidate's priority 0
2021-11-29 23:23:22,052 [grpc-default-executor-8] INFO  server.RaftServer$Division (RaftServerImpl.java:setRole(290)) - 45f86aeb-e384-4aa9-8d84-a9c74618d31d@group-677DDB1507C0: changes role from  FOLLOWER to FOLLOWER at term 21 for candidate:49fe3bb7-2dae-482d-a175-9585c41bacad
2021-11-29 23:23:22,052 [grpc-default-executor-8] INFO  impl.RoleInfo (RoleInfo.java:shutdownFollowerState(108)) - 45f86aeb-e384-4aa9-8d84-a9c74618d31d: shutdown 45f86aeb-e384-4aa9-8d84-a9c74618d31d@group-677DDB1507C0-FollowerState
2021-11-29 23:23:22,061 [grpc-default-executor-8] INFO  impl.RoleInfo (RoleInfo.java:updateAndGet(130)) - 45f86aeb-e384-4aa9-8d84-a9c74618d31d: start 45f86aeb-e384-4aa9-8d84-a9c74618d31d@group-677DDB1507C0-FollowerState
2021-11-29 23:23:22,061 [grpc-default-executor-6] INFO  server.RaftServer$Division (RaftServerImpl.java:requestVote(1046)) - 9eaa9061-0cbd-4a3d-8091-a973303b955e@group-677DDB1507C0: receive requestVote(ELECTION, 49fe3bb7-2dae-482d-a175-9585c41bacad, group-677DDB1507C0, 21, (t:0, i:0))
2021-11-29 23:23:22,061 [grpc-default-executor-6] INFO  impl.VoteContext (VoteContext.java:log(48)) - 9eaa9061-0cbd-4a3d-8091-a973303b955e@group-677DDB1507C0-FOLLOWER: reject ELECTION from 49fe3bb7-2dae-482d-a175-9585c41bacad: already has voted for 9eaa9061-0cbd-4a3d-8091-a973303b955e at current term 21
2021-11-29 23:23:22,062 [grpc-default-executor-6] INFO  server.RaftServer$Division (RaftServerImpl.java:requestVote(1078)) - 9eaa9061-0cbd-4a3d-8091-a973303b955e@group-677DDB1507C0 replies to ELECTION vote request: 49fe3bb7-2dae-482d-a175-9585c41bacad<-9eaa9061-0cbd-4a3d-8091-a973303b955e#0:FAIL-t21. Peer's state: 9eaa9061-0cbd-4a3d-8091-a973303b955e@group-677DDB1507C0:t21, leader=null, voted=9eaa9061-0cbd-4a3d-8091-a973303b955e, raftlog=9eaa9061-0cbd-4a3d-8091-a973303b955e@group-677DDB1507C0-SegmentedRaftLog:OPENED:c-1, conf=-1: [9eaa9061-0cbd-4a3d-8091-a973303b955e|rpc:10.1.0.37:35167|priority:0, 45f86aeb-e384-4aa9-8d84-a9c74618d31d|rpc:10.1.0.37:38125|priority:1, 49fe3bb7-2dae-482d-a175-9585c41bacad|rpc:10.1.0.37:39121|priority:0], old=null
2021-11-29 23:23:22,069 [grpc-default-executor-8] INFO  server.RaftServer$Division (RaftServerImpl.java:requestVote(1078)) - 45f86aeb-e384-4aa9-8d84-a9c74618d31d@group-677DDB1507C0 replies to ELECTION vote request: 49fe3bb7-2dae-482d-a175-9585c41bacad<-45f86aeb-e384-4aa9-8d84-a9c74618d31d#0:FAIL-t21. Peer's state: 45f86aeb-e384-4aa9-8d84-a9c74618d31d@group-677DDB1507C0:t21, leader=null, voted=null, raftlog=45f86aeb-e384-4aa9-8d84-a9c74618d31d@group-677DDB1507C0-SegmentedRaftLog:OPENED:c-1, conf=-1: [9eaa9061-0cbd-4a3d-8091-a973303b955e|rpc:10.1.0.37:35167|dataStream:|priority:0, 45f86aeb-e384-4aa9-8d84-a9c74618d31d|rpc:10.1.0.37:38125|dataStream:|priority:1, 49fe3bb7-2dae-482d-a175-9585c41bacad|rpc:10.1.0.37:39121|dataStream:|priority:0], old=null
2021-11-29 23:23:22,069 [49fe3bb7-2dae-482d-a175-9585c41bacad@group-677DDB1507C0-LeaderElection102] INFO  impl.LeaderElection (LeaderElection.java:logAndReturn(89)) - 49fe3bb7-2dae-482d-a175-9585c41bacad@group-677DDB1507C0-LeaderElection102: ELECTION REJECTED received 1 response(s) and 0 exception(s):
2021-11-29 23:23:22,069 [49fe3bb7-2dae-482d-a175-9585c41bacad@group-677DDB1507C0-LeaderElection102] INFO  impl.LeaderElection (LeaderElection.java:logAndReturn(93)) -   Response 0: 49fe3bb7-2dae-482d-a175-9585c41bacad<-45f86aeb-e384-4aa9-8d84-a9c74618d31d#0:FAIL-t21
2021-11-29 23:23:22,069 [49fe3bb7-2dae-482d-a175-9585c41bacad@group-677DDB1507C0-LeaderElection102] INFO  impl.LeaderElection (LeaderElection.java:askForVotes(308)) - 49fe3bb7-2dae-482d-a175-9585c41bacad@group-677DDB1507C0-LeaderElection102 ELECTION round 0: result REJECTED
2021-11-29 23:23:22,070 [49fe3bb7-2dae-482d-a175-9585c41bacad@group-677DDB1507C0-LeaderElection102] INFO  server.RaftServer$Division (RaftServerImpl.java:setRole(290)) - 49fe3bb7-2dae-482d-a175-9585c41bacad@group-677DDB1507C0: changes role from CANDIDATE to FOLLOWER at term 21 for REJECTED
2021-11-29 23:23:22,070 [49fe3bb7-2dae-482d-a175-9585c41bacad@group-677DDB1507C0-LeaderElection102] INFO  impl.RoleInfo (RoleInfo.java:shutdownLeaderElection(121)) - 49fe3bb7-2dae-482d-a175-9585c41bacad: shutdown 49fe3bb7-2dae-482d-a175-9585c41bacad@group-677DDB1507C0-LeaderElection102
2021-11-29 23:23:22,070 [49fe3bb7-2dae-482d-a175-9585c41bacad@group-677DDB1507C0-LeaderElection102] INFO  impl.RoleInfo (RoleInfo.java:updateAndGet(130)) - 49fe3bb7-2dae-482d-a175-9585c41bacad: start 49fe3bb7-2dae-482d-a175-9585c41bacad@group-677DDB1507C0-FollowerState
2021-11-29 23:23:22,072 [45f86aeb-e384-4aa9-8d84-a9c74618d31d@group-677DDB1507C0-FollowerState] INFO  impl.FollowerState (FollowerState.java:run(143)) - 45f86aeb-e384-4aa9-8d84-a9c74618d31d@group-677DDB1507C0-FollowerState was interrupted: {}
java.lang.InterruptedException: sleep interrupted
	at java.lang.Thread.sleep(Native Method)
	at java.lang.Thread.sleep(Thread.java:340)
	at java.util.concurrent.TimeUnit.sleep(TimeUnit.java:386)
	at org.apache.ratis.util.TimeDuration.sleep(TimeDuration.java:324)
	at org.apache.ratis.util.TimeDuration.sleep(TimeDuration.java:309)
	at org.apache.ratis.server.impl.FollowerState.run(FollowerState.java:118)
2021-11-29 23:23:22,508 [ReplicationMonitor] INFO  container.ReplicationManager (ReplicationManager.java:processAll(371)) - Replication Monitor Thread took 0 milliseconds for processing 0 containers.
2021-11-29 23:23:22,788 [Listener at 127.0.0.1/46101] INFO  ozone.MiniOzoneClusterImpl (MiniOzoneClusterImpl.java:lambda$waitForClusterToBeReady$0(235)) - Nodes are ready. Got 4 of 4 DN Heartbeats.
2021-11-29 23:23:22,788 [Listener at 127.0.0.1/46101] INFO  ozone.MiniOzoneClusterImpl (MiniOzoneClusterImpl.java:lambda$waitForClusterToBeReady$0(238)) - Waiting for cluster to exit safe mode
2021-11-29 23:23:22,788 [Listener at 127.0.0.1/46101] INFO  ozone.MiniOzoneClusterImpl (MiniOzoneClusterImpl.java:lambda$waitForClusterToBeReady$0(240)) - SCM became leader
2021-11-29 23:23:23,508 [ReplicationMonitor] INFO  container.ReplicationManager (ReplicationManager.java:processAll(371)) - Replication Monitor Thread took 0 milliseconds for processing 0 containers.
2021-11-29 23:23:23,788 [Listener at 127.0.0.1/46101] INFO  ozone.MiniOzoneClusterImpl (MiniOzoneClusterImpl.java:lambda$waitForClusterToBeReady$0(235)) - Nodes are ready. Got 4 of 4 DN Heartbeats.
2021-11-29 23:23:23,788 [Listener at 127.0.0.1/46101] INFO  ozone.MiniOzoneClusterImpl (MiniOzoneClusterImpl.java:lambda$waitForClusterToBeReady$0(238)) - Waiting for cluster to exit safe mode
2021-11-29 23:23:23,788 [Listener at 127.0.0.1/46101] INFO  ozone.MiniOzoneClusterImpl (MiniOzoneClusterImpl.java:lambda$waitForClusterToBeReady$0(240)) - SCM became leader
2021-11-29 23:23:24,508 [ReplicationMonitor] INFO  container.ReplicationManager (ReplicationManager.java:processAll(371)) - Replication Monitor Thread took 0 milliseconds for processing 0 containers.
2021-11-29 23:23:24,788 [Listener at 127.0.0.1/46101] INFO  ozone.MiniOzoneClusterImpl (MiniOzoneClusterImpl.java:lambda$waitForClusterToBeReady$0(235)) - Nodes are ready. Got 4 of 4 DN Heartbeats.
2021-11-29 23:23:24,789 [Listener at 127.0.0.1/46101] INFO  ozone.MiniOzoneClusterImpl (MiniOzoneClusterImpl.java:lambda$waitForClusterToBeReady$0(238)) - Waiting for cluster to exit safe mode
2021-11-29 23:23:24,789 [Listener at 127.0.0.1/46101] INFO  ozone.MiniOzoneClusterImpl (MiniOzoneClusterImpl.java:lambda$waitForClusterToBeReady$0(240)) - SCM became leader
2021-11-29 23:23:25,509 [ReplicationMonitor] INFO  container.ReplicationManager (ReplicationManager.java:processAll(371)) - Replication Monitor Thread took 0 milliseconds for processing 0 containers.
2021-11-29 23:23:25,789 [Listener at 127.0.0.1/46101] INFO  ozone.MiniOzoneClusterImpl (MiniOzoneClusterImpl.java:lambda$waitForClusterToBeReady$0(235)) - Nodes are ready. Got 4 of 4 DN Heartbeats.
2021-11-29 23:23:25,789 [Listener at 127.0.0.1/46101] INFO  ozone.MiniOzoneClusterImpl (MiniOzoneClusterImpl.java:lambda$waitForClusterToBeReady$0(238)) - Waiting for cluster to exit safe mode
2021-11-29 23:23:25,789 [Listener at 127.0.0.1/46101] INFO  ozone.MiniOzoneClusterImpl (MiniOzoneClusterImpl.java:lambda$waitForClusterToBeReady$0(240)) - SCM became leader
2021-11-29 23:23:26,509 [ReplicationMonitor] INFO  container.ReplicationManager (ReplicationManager.java:processAll(371)) - Replication Monitor Thread took 0 milliseconds for processing 0 containers.
2021-11-29 23:23:26,797 [Listener at 127.0.0.1/46101] INFO  ozone.MiniOzoneClusterImpl (MiniOzoneClusterImpl.java:lambda$waitForClusterToBeReady$0(235)) - Nodes are ready. Got 4 of 4 DN Heartbeats.
2021-11-29 23:23:26,797 [Listener at 127.0.0.1/46101] INFO  ozone.MiniOzoneClusterImpl (MiniOzoneClusterImpl.java:lambda$waitForClusterToBeReady$0(238)) - Waiting for cluster to exit safe mode
2021-11-29 23:23:26,797 [Listener at 127.0.0.1/46101] INFO  ozone.MiniOzoneClusterImpl (MiniOzoneClusterImpl.java:lambda$waitForClusterToBeReady$0(240)) - SCM became leader
2021-11-29 23:23:26,985 [Listener at 127.0.0.1/46101] INFO  ozone.MiniOzoneClusterImpl (MiniOzoneClusterImpl.java:shutdown(453)) - Shutting down the Mini Ozone Cluster
2021-11-29 23:23:26,986 [Listener at 127.0.0.1/46101] INFO  ozone.MiniOzoneClusterImpl (MiniOzoneClusterImpl.java:stop(468)) - Stopping the Mini Ozone Cluster
2021-11-29 23:23:26,986 [Listener at 127.0.0.1/46101] INFO  ozone.MiniOzoneClusterImpl (MiniOzoneClusterImpl.java:stopOM(550)) - Stopping the OzoneManager
2021-11-29 23:23:26,986 [Listener at 127.0.0.1/46101] INFO  om.OzoneManager (OzoneManager.java:stop(1830)) - om1[localhost:0]: Stopping Ozone Manager
2021-11-29 23:23:26,986 [Listener at 127.0.0.1/46101] INFO  ipc.Server (Server.java:stop(3414)) - Stopping server on 46101
2021-11-29 23:23:26,986 [IPC Server listener on 0] INFO  ipc.Server (Server.java:run(1376)) - Stopping IPC Server listener on 0
2021-11-29 23:23:26,987 [IPC Server Responder] INFO  ipc.Server (Server.java:run(1512)) - Stopping IPC Server Responder
2021-11-29 23:23:27,019 [Listener at 127.0.0.1/46101] INFO  server.RaftServer (RaftServerProxy.java:lambda$close$6(391)) - om1: close
2021-11-29 23:23:27,019 [Listener at 127.0.0.1/46101] INFO  server.RaftServer$Division (RaftServerImpl.java:lambda$close$4(412)) - om1@group-C5BA1605619E: shutdown
2021-11-29 23:23:27,020 [Listener at 127.0.0.1/46101] INFO  util.JmxRegister (JmxRegister.java:unregister(73)) - Successfully un-registered JMX Bean with object name Ratis:service=RaftServer,group=group-C5BA1605619E,id=om1
2021-11-29 23:23:27,020 [Listener at 127.0.0.1/46101] INFO  impl.RoleInfo (RoleInfo.java:shutdownLeaderState(91)) - om1: shutdown om1@group-C5BA1605619E-LeaderStateImpl
2021-11-29 23:23:27,020 [Listener at 127.0.0.1/46101] INFO  impl.PendingRequests (PendingRequests.java:sendNotLeaderResponses(282)) - om1@group-C5BA1605619E-PendingRequests: sendNotLeaderResponses
2021-11-29 23:23:27,025 [om1@group-C5BA1605619E-StateMachineUpdater] INFO  ratis.OzoneManagerStateMachine (OzoneManagerStateMachine.java:takeSnapshot(417)) - Current Snapshot Index (t:1, i:0)
2021-11-29 23:23:27,026 [om1@group-C5BA1605619E-StateMachineUpdater] INFO  impl.StateMachineUpdater (StateMachineUpdater.java:takeSnapshot(281)) - om1@group-C5BA1605619E-StateMachineUpdater: Took a snapshot at index 0
2021-11-29 23:23:27,026 [om1@group-C5BA1605619E-StateMachineUpdater] INFO  impl.StateMachineUpdater (StateMachineUpdater.java:lambda$new$0(89)) - om1@group-C5BA1605619E-StateMachineUpdater: snapshotIndex: updateIncreasingly -1 -> 0
2021-11-29 23:23:27,026 [om1@group-C5BA1605619E-StateMachineUpdater] INFO  ratis.OzoneManagerStateMachine (OzoneManagerStateMachine.java:close(471)) - StateMachine has shutdown. Shutdown OzoneManager if not already shutdown.
2021-11-29 23:23:27,026 [Listener at 127.0.0.1/46101] INFO  impl.StateMachineUpdater (StateMachineUpdater.java:stopAndJoin(149)) - om1@group-C5BA1605619E-StateMachineUpdater: set stopIndex = 0
2021-11-29 23:23:27,026 [Listener at 127.0.0.1/46101] INFO  server.RaftServer$Division (ServerState.java:close(419)) - om1@group-C5BA1605619E: closes. applyIndex: 0
2021-11-29 23:23:27,026 [om1@group-C5BA1605619E-SegmentedRaftLogWorker] INFO  segmented.SegmentedRaftLogWorker (SegmentedRaftLogWorker.java:run(327)) - om1@group-C5BA1605619E-SegmentedRaftLogWorker was interrupted, exiting. There are 0 tasks remaining in the queue.
2021-11-29 23:23:27,027 [Listener at 127.0.0.1/46101] INFO  segmented.SegmentedRaftLogWorker (SegmentedRaftLogWorker.java:close(237)) - om1@group-C5BA1605619E-SegmentedRaftLogWorker close()
2021-11-29 23:23:27,034 [Listener at 127.0.0.1/46101] INFO  server.GrpcService (GrpcService.java:closeImpl(262)) - om1: shutdown server with port 9872 now
2021-11-29 23:23:27,034 [Listener at 127.0.0.1/46101] INFO  server.GrpcService (GrpcService.java:closeImpl(271)) - om1: shutdown server with port 9872 successfully
2021-11-29 23:23:27,037 [org.apache.ratis.util.JvmPauseMonitor$$Lambda$535/1672973847@3703d946] INFO  util.JvmPauseMonitor (JvmPauseMonitor.java:run(109)) - JvmPauseMonitor-om1: Stopped
2021-11-29 23:23:27,037 [Listener at 127.0.0.1/46101] INFO  ratis.OzoneManagerDoubleBuffer (OzoneManagerDoubleBuffer.java:stop(437)) - Stopping OMDoubleBuffer flush thread
2021-11-29 23:23:27,037 [OMDoubleBufferFlushThread] INFO  ratis.OzoneManagerDoubleBuffer (OzoneManagerDoubleBuffer.java:flushTransactions(356)) - OMDoubleBuffer flush thread OMDoubleBufferFlushThread is interrupted and will exit. OMDoubleBufferFlushThread
2021-11-29 23:23:27,041 [Listener at 127.0.0.1/46101] INFO  utils.BackgroundService (BackgroundService.java:shutdown(132)) - Shutting down service KeyDeletingService
2021-11-29 23:23:27,081 [Listener at 127.0.0.1/46101] INFO  utils.BackgroundService (BackgroundService.java:shutdown(132)) - Shutting down service DirectoryDeletingService
2021-11-29 23:23:27,086 [Listener at 127.0.0.1/46101] INFO  handler.ContextHandler (ContextHandler.java:doStop(1153)) - Stopped o.e.j.w.WebAppContext@2311dc04{ozoneManager,/,null,STOPPED}{file:/home/runner/work/ozone/ozone/hadoop-ozone/integration-test/target/test-classes/webapps/ozoneManager}
2021-11-29 23:23:27,094 [Listener at 127.0.0.1/46101] INFO  server.AbstractConnector (AbstractConnector.java:doStop(381)) - Stopped ServerConnector@3c0e0a1{HTTP/1.1, (http/1.1)}{0.0.0.0:0}
2021-11-29 23:23:27,095 [Listener at 127.0.0.1/46101] INFO  server.session (HouseKeeper.java:stopScavenging(149)) - node0 Stopped scavenging
2021-11-29 23:23:27,095 [Listener at 127.0.0.1/46101] INFO  handler.ContextHandler (ContextHandler.java:doStop(1153)) - Stopped o.e.j.s.ServletContextHandler@4060d0e7{static,/static,file:///home/runner/work/ozone/ozone/hadoop-ozone/integration-test/target/test-classes/webapps/static,STOPPED}
2021-11-29 23:23:27,095 [Listener at 127.0.0.1/46101] INFO  handler.ContextHandler (ContextHandler.java:doStop(1153)) - Stopped o.e.j.s.ServletContextHandler@3b57e191{logs,/logs,file:///home/runner/work/ozone/ozone/hadoop-ozone/integration-test/target/log,STOPPED}
2021-11-29 23:23:27,100 [Listener at 127.0.0.1/46101] INFO  ozone.MiniOzoneClusterImpl (MiniOzoneClusterImpl.java:stopDatanodes(527)) - Stopping the HddsDatanodes
2021-11-29 23:23:27,182 [45f86aeb-e384-4aa9-8d84-a9c74618d31d@group-677DDB1507C0-FollowerState] INFO  impl.FollowerState (FollowerState.java:run(134)) - 45f86aeb-e384-4aa9-8d84-a9c74618d31d@group-677DDB1507C0-FollowerState: change to CANDIDATE, lastRpcElapsedTime:5120698057ns, electionTimeout:5112ms
2021-11-29 23:23:27,182 [45f86aeb-e384-4aa9-8d84-a9c74618d31d@group-677DDB1507C0-FollowerState] INFO  impl.RoleInfo (RoleInfo.java:shutdownFollowerState(108)) - 45f86aeb-e384-4aa9-8d84-a9c74618d31d: shutdown 45f86aeb-e384-4aa9-8d84-a9c74618d31d@group-677DDB1507C0-FollowerState
2021-11-29 23:23:27,182 [45f86aeb-e384-4aa9-8d84-a9c74618d31d@group-677DDB1507C0-FollowerState] INFO  server.RaftServer$Division (RaftServerImpl.java:setRole(290)) - 45f86aeb-e384-4aa9-8d84-a9c74618d31d@group-677DDB1507C0: changes role from  FOLLOWER to CANDIDATE at term 21 for changeToCandidate
2021-11-29 23:23:27,182 [45f86aeb-e384-4aa9-8d84-a9c74618d31d@group-677DDB1507C0-FollowerState] INFO  server.RaftServerConfigKeys (ConfUtils.java:logGet(44)) - raft.server.leaderelection.pre-vote = false (custom)
2021-11-29 23:23:27,182 [45f86aeb-e384-4aa9-8d84-a9c74618d31d@group-677DDB1507C0-FollowerState] INFO  impl.RoleInfo (RoleInfo.java:updateAndGet(130)) - 45f86aeb-e384-4aa9-8d84-a9c74618d31d: start 45f86aeb-e384-4aa9-8d84-a9c74618d31d@group-677DDB1507C0-LeaderElection104
2021-11-29 23:23:27,187 [9eaa9061-0cbd-4a3d-8091-a973303b955e@group-677DDB1507C0-FollowerState] INFO  impl.FollowerState (FollowerState.java:run(134)) - 9eaa9061-0cbd-4a3d-8091-a973303b955e@group-677DDB1507C0-FollowerState: change to CANDIDATE, lastRpcElapsedTime:5142632997ns, electionTimeout:5117ms
2021-11-29 23:23:27,187 [9eaa9061-0cbd-4a3d-8091-a973303b955e@group-677DDB1507C0-FollowerState] INFO  impl.RoleInfo (RoleInfo.java:shutdownFollowerState(108)) - 9eaa9061-0cbd-4a3d-8091-a973303b955e: shutdown 9eaa9061-0cbd-4a3d-8091-a973303b955e@group-677DDB1507C0-FollowerState
2021-11-29 23:23:27,187 [9eaa9061-0cbd-4a3d-8091-a973303b955e@group-677DDB1507C0-FollowerState] INFO  server.RaftServer$Division (RaftServerImpl.java:setRole(290)) - 9eaa9061-0cbd-4a3d-8091-a973303b955e@group-677DDB1507C0: changes role from  FOLLOWER to CANDIDATE at term 21 for changeToCandidate
2021-11-29 23:23:27,192 [9eaa9061-0cbd-4a3d-8091-a973303b955e@group-677DDB1507C0-FollowerState] INFO  server.RaftServerConfigKeys (ConfUtils.java:logGet(44)) - raft.server.leaderelection.pre-vote = false (custom)
2021-11-29 23:23:27,192 [9eaa9061-0cbd-4a3d-8091-a973303b955e@group-677DDB1507C0-FollowerState] INFO  impl.RoleInfo (RoleInfo.java:updateAndGet(130)) - 9eaa9061-0cbd-4a3d-8091-a973303b955e: start 9eaa9061-0cbd-4a3d-8091-a973303b955e@group-677DDB1507C0-LeaderElection105
2021-11-29 23:23:27,196 [49fe3bb7-2dae-482d-a175-9585c41bacad@group-677DDB1507C0-FollowerState] INFO  impl.FollowerState (FollowerState.java:run(134)) - 49fe3bb7-2dae-482d-a175-9585c41bacad@group-677DDB1507C0-FollowerState: change to CANDIDATE, lastRpcElapsedTime:5126740751ns, electionTimeout:5086ms
2021-11-29 23:23:27,196 [49fe3bb7-2dae-482d-a175-9585c41bacad@group-677DDB1507C0-FollowerState] INFO  impl.RoleInfo (RoleInfo.java:shutdownFollowerState(108)) - 49fe3bb7-2dae-482d-a175-9585c41bacad: shutdown 49fe3bb7-2dae-482d-a175-9585c41bacad@group-677DDB1507C0-FollowerState
2021-11-29 23:23:27,196 [49fe3bb7-2dae-482d-a175-9585c41bacad@group-677DDB1507C0-FollowerState] INFO  server.RaftServer$Division (RaftServerImpl.java:setRole(290)) - 49fe3bb7-2dae-482d-a175-9585c41bacad@group-677DDB1507C0: changes role from  FOLLOWER to CANDIDATE at term 21 for changeToCandidate
2021-11-29 23:23:27,197 [49fe3bb7-2dae-482d-a175-9585c41bacad@group-677DDB1507C0-FollowerState] INFO  server.RaftServerConfigKeys (ConfUtils.java:logGet(44)) - raft.server.leaderelection.pre-vote = false (custom)
2021-11-29 23:23:27,197 [49fe3bb7-2dae-482d-a175-9585c41bacad@group-677DDB1507C0-FollowerState] INFO  impl.RoleInfo (RoleInfo.java:updateAndGet(130)) - 49fe3bb7-2dae-482d-a175-9585c41bacad: start 49fe3bb7-2dae-482d-a175-9585c41bacad@group-677DDB1507C0-LeaderElection106
2021-11-29 23:23:27,201 [45f86aeb-e384-4aa9-8d84-a9c74618d31d@group-677DDB1507C0-LeaderElection104] INFO  impl.LeaderElection (LeaderElection.java:askForVotes(306)) - 45f86aeb-e384-4aa9-8d84-a9c74618d31d@group-677DDB1507C0-LeaderElection104 ELECTION round 0: submit vote requests at term 22 for -1: [9eaa9061-0cbd-4a3d-8091-a973303b955e|rpc:10.1.0.37:35167|dataStream:|priority:0, 45f86aeb-e384-4aa9-8d84-a9c74618d31d|rpc:10.1.0.37:38125|dataStream:|priority:1, 49fe3bb7-2dae-482d-a175-9585c41bacad|rpc:10.1.0.37:39121|dataStream:|priority:0], old=null
2021-11-29 23:23:27,219 [49fe3bb7-2dae-482d-a175-9585c41bacad@group-677DDB1507C0-LeaderElection106] INFO  impl.LeaderElection (LeaderElection.java:askForVotes(306)) - 49fe3bb7-2dae-482d-a175-9585c41bacad@group-677DDB1507C0-LeaderElection106 ELECTION round 0: submit vote requests at term 22 for -1: [9eaa9061-0cbd-4a3d-8091-a973303b955e|rpc:10.1.0.37:35167|dataStream:|priority:0, 45f86aeb-e384-4aa9-8d84-a9c74618d31d|rpc:10.1.0.37:38125|dataStream:|priority:1, 49fe3bb7-2dae-482d-a175-9585c41bacad|rpc:10.1.0.37:39121|dataStream:|priority:0], old=null
2021-11-29 23:23:27,221 [9eaa9061-0cbd-4a3d-8091-a973303b955e@group-677DDB1507C0-LeaderElection105] INFO  impl.LeaderElection (LeaderElection.java:askForVotes(306)) - 9eaa9061-0cbd-4a3d-8091-a973303b955e@group-677DDB1507C0-LeaderElection105 ELECTION round 0: submit vote requests at term 22 for -1: [9eaa9061-0cbd-4a3d-8091-a973303b955e|rpc:10.1.0.37:35167|priority:0, 45f86aeb-e384-4aa9-8d84-a9c74618d31d|rpc:10.1.0.37:38125|priority:1, 49fe3bb7-2dae-482d-a175-9585c41bacad|rpc:10.1.0.37:39121|priority:0], old=null
2021-11-29 23:23:27,239 [grpc-default-executor-8] INFO  server.RaftServer$Division (RaftServerImpl.java:requestVote(1046)) - 9eaa9061-0cbd-4a3d-8091-a973303b955e@group-677DDB1507C0: receive requestVote(ELECTION, 45f86aeb-e384-4aa9-8d84-a9c74618d31d, group-677DDB1507C0, 22, (t:0, i:0))
2021-11-29 23:23:27,239 [grpc-default-executor-8] INFO  impl.VoteContext (VoteContext.java:log(48)) - 9eaa9061-0cbd-4a3d-8091-a973303b955e@group-677DDB1507C0-CANDIDATE: reject ELECTION from 45f86aeb-e384-4aa9-8d84-a9c74618d31d: already has voted for 9eaa9061-0cbd-4a3d-8091-a973303b955e at current term 22
2021-11-29 23:23:27,239 [grpc-default-executor-8] INFO  server.RaftServer$Division (RaftServerImpl.java:requestVote(1078)) - 9eaa9061-0cbd-4a3d-8091-a973303b955e@group-677DDB1507C0 replies to ELECTION vote request: 45f86aeb-e384-4aa9-8d84-a9c74618d31d<-9eaa9061-0cbd-4a3d-8091-a973303b955e#0:FAIL-t22. Peer's state: 9eaa9061-0cbd-4a3d-8091-a973303b955e@group-677DDB1507C0:t22, leader=null, voted=9eaa9061-0cbd-4a3d-8091-a973303b955e, raftlog=9eaa9061-0cbd-4a3d-8091-a973303b955e@group-677DDB1507C0-SegmentedRaftLog:OPENED:c-1, conf=-1: [9eaa9061-0cbd-4a3d-8091-a973303b955e|rpc:10.1.0.37:35167|priority:0, 45f86aeb-e384-4aa9-8d84-a9c74618d31d|rpc:10.1.0.37:38125|priority:1, 49fe3bb7-2dae-482d-a175-9585c41bacad|rpc:10.1.0.37:39121|priority:0], old=null
2021-11-29 23:23:27,249 [grpc-default-executor-8] INFO  server.RaftServer$Division (RaftServerImpl.java:requestVote(1046)) - 45f86aeb-e384-4aa9-8d84-a9c74618d31d@group-677DDB1507C0: receive requestVote(ELECTION, 9eaa9061-0cbd-4a3d-8091-a973303b955e, group-677DDB1507C0, 22, (t:0, i:0))
2021-11-29 23:23:27,250 [grpc-default-executor-8] INFO  impl.VoteContext (VoteContext.java:log(48)) - 45f86aeb-e384-4aa9-8d84-a9c74618d31d@group-677DDB1507C0-CANDIDATE: reject ELECTION from 9eaa9061-0cbd-4a3d-8091-a973303b955e: already has voted for 45f86aeb-e384-4aa9-8d84-a9c74618d31d at current term 22
2021-11-29 23:23:27,250 [grpc-default-executor-8] INFO  server.RaftServer$Division (RaftServerImpl.java:requestVote(1078)) - 45f86aeb-e384-4aa9-8d84-a9c74618d31d@group-677DDB1507C0 replies to ELECTION vote request: 9eaa9061-0cbd-4a3d-8091-a973303b955e<-45f86aeb-e384-4aa9-8d84-a9c74618d31d#0:FAIL-t22. Peer's state: 45f86aeb-e384-4aa9-8d84-a9c74618d31d@group-677DDB1507C0:t22, leader=null, voted=45f86aeb-e384-4aa9-8d84-a9c74618d31d, raftlog=45f86aeb-e384-4aa9-8d84-a9c74618d31d@group-677DDB1507C0-SegmentedRaftLog:OPENED:c-1, conf=-1: [9eaa9061-0cbd-4a3d-8091-a973303b955e|rpc:10.1.0.37:35167|dataStream:|priority:0, 45f86aeb-e384-4aa9-8d84-a9c74618d31d|rpc:10.1.0.37:38125|dataStream:|priority:1, 49fe3bb7-2dae-482d-a175-9585c41bacad|rpc:10.1.0.37:39121|dataStream:|priority:0], old=null
2021-11-29 23:23:27,258 [grpc-default-executor-8] INFO  server.RaftServer$Division (RaftServerImpl.java:requestVote(1046)) - 49fe3bb7-2dae-482d-a175-9585c41bacad@group-677DDB1507C0: receive requestVote(ELECTION, 45f86aeb-e384-4aa9-8d84-a9c74618d31d, group-677DDB1507C0, 22, (t:0, i:0))
2021-11-29 23:23:27,258 [grpc-default-executor-8] INFO  impl.VoteContext (VoteContext.java:log(48)) - 49fe3bb7-2dae-482d-a175-9585c41bacad@group-677DDB1507C0-CANDIDATE: reject ELECTION from 45f86aeb-e384-4aa9-8d84-a9c74618d31d: already has voted for 49fe3bb7-2dae-482d-a175-9585c41bacad at current term 22
2021-11-29 23:23:27,258 [grpc-default-executor-8] INFO  server.RaftServer$Division (RaftServerImpl.java:requestVote(1078)) - 49fe3bb7-2dae-482d-a175-9585c41bacad@group-677DDB1507C0 replies to ELECTION vote request: 45f86aeb-e384-4aa9-8d84-a9c74618d31d<-49fe3bb7-2dae-482d-a175-9585c41bacad#0:FAIL-t22. Peer's state: 49fe3bb7-2dae-482d-a175-9585c41bacad@group-677DDB1507C0:t22, leader=null, voted=49fe3bb7-2dae-482d-a175-9585c41bacad, raftlog=49fe3bb7-2dae-482d-a175-9585c41bacad@group-677DDB1507C0-SegmentedRaftLog:OPENED:c-1, conf=-1: [9eaa9061-0cbd-4a3d-8091-a973303b955e|rpc:10.1.0.37:35167|dataStream:|priority:0, 45f86aeb-e384-4aa9-8d84-a9c74618d31d|rpc:10.1.0.37:38125|dataStream:|priority:1, 49fe3bb7-2dae-482d-a175-9585c41bacad|rpc:10.1.0.37:39121|dataStream:|priority:0], old=null
2021-11-29 23:23:27,265 [grpc-default-executor-8] INFO  server.RaftServer$Division (RaftServerImpl.java:requestVote(1046)) - 9eaa9061-0cbd-4a3d-8091-a973303b955e@group-677DDB1507C0: receive requestVote(ELECTION, 49fe3bb7-2dae-482d-a175-9585c41bacad, group-677DDB1507C0, 22, (t:0, i:0))
2021-11-29 23:23:27,265 [grpc-default-executor-8] INFO  impl.VoteContext (VoteContext.java:log(48)) - 9eaa9061-0cbd-4a3d-8091-a973303b955e@group-677DDB1507C0-CANDIDATE: reject ELECTION from 49fe3bb7-2dae-482d-a175-9585c41bacad: already has voted for 9eaa9061-0cbd-4a3d-8091-a973303b955e at current term 22
2021-11-29 23:23:27,265 [grpc-default-executor-8] INFO  server.RaftServer$Division (RaftServerImpl.java:requestVote(1078)) - 9eaa9061-0cbd-4a3d-8091-a973303b955e@group-677DDB1507C0 replies to ELECTION vote request: 49fe3bb7-2dae-482d-a175-9585c41bacad<-9eaa9061-0cbd-4a3d-8091-a973303b955e#0:FAIL-t22. Peer's state: 9eaa9061-0cbd-4a3d-8091-a973303b955e@group-677DDB1507C0:t22, leader=null, voted=9eaa9061-0cbd-4a3d-8091-a973303b955e, raftlog=9eaa9061-0cbd-4a3d-8091-a973303b955e@group-677DDB1507C0-SegmentedRaftLog:OPENED:c-1, conf=-1: [9eaa9061-0cbd-4a3d-8091-a973303b955e|rpc:10.1.0.37:35167|priority:0, 45f86aeb-e384-4aa9-8d84-a9c74618d31d|rpc:10.1.0.37:38125|priority:1, 49fe3bb7-2dae-482d-a175-9585c41bacad|rpc:10.1.0.37:39121|priority:0], old=null
2021-11-29 23:23:27,289 [9eaa9061-0cbd-4a3d-8091-a973303b955e@group-677DDB1507C0-LeaderElection105] INFO  impl.LeaderElection (LeaderElection.java:logAndReturn(89)) - 9eaa9061-0cbd-4a3d-8091-a973303b955e@group-677DDB1507C0-LeaderElection105: ELECTION REJECTED received 1 response(s) and 0 exception(s):
2021-11-29 23:23:27,289 [9eaa9061-0cbd-4a3d-8091-a973303b955e@group-677DDB1507C0-LeaderElection105] INFO  impl.LeaderElection (LeaderElection.java:logAndReturn(93)) -   Response 0: 9eaa9061-0cbd-4a3d-8091-a973303b955e<-45f86aeb-e384-4aa9-8d84-a9c74618d31d#0:FAIL-t22
2021-11-29 23:23:27,289 [9eaa9061-0cbd-4a3d-8091-a973303b955e@group-677DDB1507C0-LeaderElection105] INFO  impl.LeaderElection (LeaderElection.java:askForVotes(308)) - 9eaa9061-0cbd-4a3d-8091-a973303b955e@group-677DDB1507C0-LeaderElection105 ELECTION round 0: result REJECTED
2021-11-29 23:23:27,289 [9eaa9061-0cbd-4a3d-8091-a973303b955e@group-677DDB1507C0-LeaderElection105] INFO  server.RaftServer$Division (RaftServerImpl.java:setRole(290)) - 9eaa9061-0cbd-4a3d-8091-a973303b955e@group-677DDB1507C0: changes role from CANDIDATE to FOLLOWER at term 22 for REJECTED
2021-11-29 23:23:27,289 [9eaa9061-0cbd-4a3d-8091-a973303b955e@group-677DDB1507C0-LeaderElection105] INFO  impl.RoleInfo (RoleInfo.java:shutdownLeaderElection(121)) - 9eaa9061-0cbd-4a3d-8091-a973303b955e: shutdown 9eaa9061-0cbd-4a3d-8091-a973303b955e@group-677DDB1507C0-LeaderElection105
2021-11-29 23:23:27,289 [9eaa9061-0cbd-4a3d-8091-a973303b955e@group-677DDB1507C0-LeaderElection105] INFO  impl.RoleInfo (RoleInfo.java:updateAndGet(130)) - 9eaa9061-0cbd-4a3d-8091-a973303b955e: start 9eaa9061-0cbd-4a3d-8091-a973303b955e@group-677DDB1507C0-FollowerState
2021-11-29 23:23:27,294 [45f86aeb-e384-4aa9-8d84-a9c74618d31d@group-677DDB1507C0-LeaderElection104] INFO  impl.LeaderElection (LeaderElection.java:logAndReturn(89)) - 45f86aeb-e384-4aa9-8d84-a9c74618d31d@group-677DDB1507C0-LeaderElection104: ELECTION REJECTED received 2 response(s) and 0 exception(s):
2021-11-29 23:23:27,294 [45f86aeb-e384-4aa9-8d84-a9c74618d31d@group-677DDB1507C0-LeaderElection104] INFO  impl.LeaderElection (LeaderElection.java:logAndReturn(93)) -   Response 0: 45f86aeb-e384-4aa9-8d84-a9c74618d31d<-9eaa9061-0cbd-4a3d-8091-a973303b955e#0:FAIL-t22
2021-11-29 23:23:27,294 [45f86aeb-e384-4aa9-8d84-a9c74618d31d@group-677DDB1507C0-LeaderElection104] INFO  impl.LeaderElection (LeaderElection.java:logAndReturn(93)) -   Response 1: 45f86aeb-e384-4aa9-8d84-a9c74618d31d<-49fe3bb7-2dae-482d-a175-9585c41bacad#0:FAIL-t22
2021-11-29 23:23:27,294 [45f86aeb-e384-4aa9-8d84-a9c74618d31d@group-677DDB1507C0-LeaderElection104] INFO  impl.LeaderElection (LeaderElection.java:askForVotes(308)) - 45f86aeb-e384-4aa9-8d84-a9c74618d31d@group-677DDB1507C0-LeaderElection104 ELECTION round 0: result REJECTED
2021-11-29 23:23:27,294 [45f86aeb-e384-4aa9-8d84-a9c74618d31d@group-677DDB1507C0-LeaderElection104] INFO  server.RaftServer$Division (RaftServerImpl.java:setRole(290)) - 45f86aeb-e384-4aa9-8d84-a9c74618d31d@group-677DDB1507C0: changes role from CANDIDATE to FOLLOWER at term 22 for REJECTED
2021-11-29 23:23:27,294 [45f86aeb-e384-4aa9-8d84-a9c74618d31d@group-677DDB1507C0-LeaderElection104] INFO  impl.RoleInfo (RoleInfo.java:shutdownLeaderElection(121)) - 45f86aeb-e384-4aa9-8d84-a9c74618d31d: shutdown 45f86aeb-e384-4aa9-8d84-a9c74618d31d@group-677DDB1507C0-LeaderElection104
2021-11-29 23:23:27,294 [45f86aeb-e384-4aa9-8d84-a9c74618d31d@group-677DDB1507C0-LeaderElection104] INFO  impl.RoleInfo (RoleInfo.java:updateAndGet(130)) - 45f86aeb-e384-4aa9-8d84-a9c74618d31d: start 45f86aeb-e384-4aa9-8d84-a9c74618d31d@group-677DDB1507C0-FollowerState
2021-11-29 23:23:27,297 [grpc-default-executor-6] INFO  server.RaftServer$Division (RaftServerImpl.java:requestVote(1046)) - 49fe3bb7-2dae-482d-a175-9585c41bacad@group-677DDB1507C0: receive requestVote(ELECTION, 9eaa9061-0cbd-4a3d-8091-a973303b955e, group-677DDB1507C0, 22, (t:0, i:0))
2021-11-29 23:23:27,297 [grpc-default-executor-6] INFO  impl.VoteContext (VoteContext.java:log(48)) - 49fe3bb7-2dae-482d-a175-9585c41bacad@group-677DDB1507C0-CANDIDATE: reject ELECTION from 9eaa9061-0cbd-4a3d-8091-a973303b955e: already has voted for 49fe3bb7-2dae-482d-a175-9585c41bacad at current term 22
2021-11-29 23:23:27,297 [grpc-default-executor-6] INFO  server.RaftServer$Division (RaftServerImpl.java:requestVote(1078)) - 49fe3bb7-2dae-482d-a175-9585c41bacad@group-677DDB1507C0 replies to ELECTION vote request: 9eaa9061-0cbd-4a3d-8091-a973303b955e<-49fe3bb7-2dae-482d-a175-9585c41bacad#0:FAIL-t22. Peer's state: 49fe3bb7-2dae-482d-a175-9585c41bacad@group-677DDB1507C0:t22, leader=null, voted=49fe3bb7-2dae-482d-a175-9585c41bacad, raftlog=49fe3bb7-2dae-482d-a175-9585c41bacad@group-677DDB1507C0-SegmentedRaftLog:OPENED:c-1, conf=-1: [9eaa9061-0cbd-4a3d-8091-a973303b955e|rpc:10.1.0.37:35167|dataStream:|priority:0, 45f86aeb-e384-4aa9-8d84-a9c74618d31d|rpc:10.1.0.37:38125|dataStream:|priority:1, 49fe3bb7-2dae-482d-a175-9585c41bacad|rpc:10.1.0.37:39121|dataStream:|priority:0], old=null
2021-11-29 23:23:27,309 [grpc-default-executor-8] INFO  server.RaftServer$Division (RaftServerImpl.java:requestVote(1046)) - 45f86aeb-e384-4aa9-8d84-a9c74618d31d@group-677DDB1507C0: receive requestVote(ELECTION, 49fe3bb7-2dae-482d-a175-9585c41bacad, group-677DDB1507C0, 22, (t:0, i:0))
2021-11-29 23:23:27,309 [grpc-default-executor-8] INFO  impl.VoteContext (VoteContext.java:log(48)) - 45f86aeb-e384-4aa9-8d84-a9c74618d31d@group-677DDB1507C0-FOLLOWER: reject ELECTION from 49fe3bb7-2dae-482d-a175-9585c41bacad: already has voted for 45f86aeb-e384-4aa9-8d84-a9c74618d31d at current term 22
2021-11-29 23:23:27,309 [grpc-default-executor-8] INFO  server.RaftServer$Division (RaftServerImpl.java:requestVote(1078)) - 45f86aeb-e384-4aa9-8d84-a9c74618d31d@group-677DDB1507C0 replies to ELECTION vote request: 49fe3bb7-2dae-482d-a175-9585c41bacad<-45f86aeb-e384-4aa9-8d84-a9c74618d31d#0:FAIL-t22. Peer's state: 45f86aeb-e384-4aa9-8d84-a9c74618d31d@group-677DDB1507C0:t22, leader=null, voted=45f86aeb-e384-4aa9-8d84-a9c74618d31d, raftlog=45f86aeb-e384-4aa9-8d84-a9c74618d31d@group-677DDB1507C0-SegmentedRaftLog:OPENED:c-1, conf=-1: [9eaa9061-0cbd-4a3d-8091-a973303b955e|rpc:10.1.0.37:35167|dataStream:|priority:0, 45f86aeb-e384-4aa9-8d84-a9c74618d31d|rpc:10.1.0.37:38125|dataStream:|priority:1, 49fe3bb7-2dae-482d-a175-9585c41bacad|rpc:10.1.0.37:39121|dataStream:|priority:0], old=null
2021-11-29 23:23:27,310 [49fe3bb7-2dae-482d-a175-9585c41bacad@group-677DDB1507C0-LeaderElection106] INFO  impl.LeaderElection (LeaderElection.java:logAndReturn(89)) - 49fe3bb7-2dae-482d-a175-9585c41bacad@group-677DDB1507C0-LeaderElection106: ELECTION REJECTED received 2 response(s) and 0 exception(s):
2021-11-29 23:23:27,310 [49fe3bb7-2dae-482d-a175-9585c41bacad@group-677DDB1507C0-LeaderElection106] INFO  impl.LeaderElection (LeaderElection.java:logAndReturn(93)) -   Response 0: 49fe3bb7-2dae-482d-a175-9585c41bacad<-9eaa9061-0cbd-4a3d-8091-a973303b955e#0:FAIL-t22
2021-11-29 23:23:27,310 [49fe3bb7-2dae-482d-a175-9585c41bacad@group-677DDB1507C0-LeaderElection106] INFO  impl.LeaderElection (LeaderElection.java:logAndReturn(93)) -   Response 1: 49fe3bb7-2dae-482d-a175-9585c41bacad<-45f86aeb-e384-4aa9-8d84-a9c74618d31d#0:FAIL-t22
2021-11-29 23:23:27,310 [49fe3bb7-2dae-482d-a175-9585c41bacad@group-677DDB1507C0-LeaderElection106] INFO  impl.LeaderElection (LeaderElection.java:askForVotes(308)) - 49fe3bb7-2dae-482d-a175-9585c41bacad@group-677DDB1507C0-LeaderElection106 ELECTION round 0: result REJECTED
2021-11-29 23:23:27,310 [49fe3bb7-2dae-482d-a175-9585c41bacad@group-677DDB1507C0-LeaderElection106] INFO  server.RaftServer$Division (RaftServerImpl.java:setRole(290)) - 49fe3bb7-2dae-482d-a175-9585c41bacad@group-677DDB1507C0: changes role from CANDIDATE to FOLLOWER at term 22 for REJECTED
2021-11-29 23:23:27,310 [49fe3bb7-2dae-482d-a175-9585c41bacad@group-677DDB1507C0-LeaderElection106] INFO  impl.RoleInfo (RoleInfo.java:shutdownLeaderElection(121)) - 49fe3bb7-2dae-482d-a175-9585c41bacad: shutdown 49fe3bb7-2dae-482d-a175-9585c41bacad@group-677DDB1507C0-LeaderElection106
2021-11-29 23:23:27,310 [49fe3bb7-2dae-482d-a175-9585c41bacad@group-677DDB1507C0-LeaderElection106] INFO  impl.RoleInfo (RoleInfo.java:updateAndGet(130)) - 49fe3bb7-2dae-482d-a175-9585c41bacad: start 49fe3bb7-2dae-482d-a175-9585c41bacad@group-677DDB1507C0-FollowerState
2021-11-29 23:23:27,509 [ReplicationMonitor] INFO  container.ReplicationManager (ReplicationManager.java:processAll(371)) - Replication Monitor Thread took 0 milliseconds for processing 0 containers.
2021-11-29 23:23:28,509 [ReplicationMonitor] INFO  container.ReplicationManager (ReplicationManager.java:processAll(371)) - Replication Monitor Thread took 1 milliseconds for processing 0 containers.
2021-11-29 23:23:29,510 [ReplicationMonitor] INFO  container.ReplicationManager (ReplicationManager.java:processAll(371)) - Replication Monitor Thread took 0 milliseconds for processing 0 containers.
2021-11-29 23:23:29,510 [EventQueue-StaleNodeForStaleNodeHandler] INFO  node.StaleNodeHandler (StaleNodeHandler.java:onMessage(58)) - Datanode 45f86aeb-e384-4aa9-8d84-a9c74618d31d{ip: 10.1.0.37, host: fv-az148-447.bm4ck3pvxvsene1rjriu5fhcdb.bx.internal.cloudapp.net, ports: [REPLICATION=41895, RATIS=38125, RATIS_ADMIN=38125, RATIS_SERVER=38125, STANDALONE=35311], networkLocation: /default-rack, certSerialId: null, persistedOpState: IN_SERVICE, persistedOpStateExpiryEpochSec: 0} moved to stale state. Finalizing its pipelines [PipelineID=7dc958fb-87f0-4515-a55e-677ddb1507c0, PipelineID=8749110a-0e6f-4567-8a4b-d3c789e88085]
2021-11-29 23:23:29,510 [EventQueue-StaleNodeForStaleNodeHandler] INFO  pipeline.PipelineManagerImpl (PipelineManagerImpl.java:closePipeline(349)) - Pipeline Pipeline[ Id: 7dc958fb-87f0-4515-a55e-677ddb1507c0, Nodes: 49fe3bb7-2dae-482d-a175-9585c41bacad{ip: 10.1.0.37, host: fv-az148-447.bm4ck3pvxvsene1rjriu5fhcdb.bx.internal.cloudapp.net, ports: [REPLICATION=42823, RATIS=39121, RATIS_ADMIN=39121, RATIS_SERVER=39121, STANDALONE=42985], networkLocation: /default-rack, certSerialId: null, persistedOpState: IN_SERVICE, persistedOpStateExpiryEpochSec: 0}45f86aeb-e384-4aa9-8d84-a9c74618d31d{ip: 10.1.0.37, host: fv-az148-447.bm4ck3pvxvsene1rjriu5fhcdb.bx.internal.cloudapp.net, ports: [REPLICATION=41895, RATIS=38125, RATIS_ADMIN=38125, RATIS_SERVER=38125, STANDALONE=35311], networkLocation: /default-rack, certSerialId: null, persistedOpState: IN_SERVICE, persistedOpStateExpiryEpochSec: 0}9eaa9061-0cbd-4a3d-8091-a973303b955e{ip: 10.1.0.37, host: fv-az148-447.bm4ck3pvxvsene1rjriu5fhcdb.bx.internal.cloudapp.net, ports: [REPLICATION=43805, RATIS=35167, RATIS_ADMIN=35167, RATIS_SERVER=35167, STANDALONE=42101], networkLocation: /default-rack, certSerialId: null, persistedOpState: IN_SERVICE, persistedOpStateExpiryEpochSec: 0}, ReplicationConfig: RATIS/THREE, State:ALLOCATED, leaderId:, CreationTimestamp2021-11-29T23:21:30.097Z[Etc/UTC]] moved to CLOSED state
2021-11-29 23:23:29,511 [EventQueue-StaleNodeForStaleNodeHandler] INFO  pipeline.PipelineManagerImpl (PipelineManagerImpl.java:closePipeline(349)) - Pipeline Pipeline[ Id: 8749110a-0e6f-4567-8a4b-d3c789e88085, Nodes: 45f86aeb-e384-4aa9-8d84-a9c74618d31d{ip: 10.1.0.37, host: fv-az148-447.bm4ck3pvxvsene1rjriu5fhcdb.bx.internal.cloudapp.net, ports: [REPLICATION=41895, RATIS=38125, RATIS_ADMIN=38125, RATIS_SERVER=38125, STANDALONE=35311], networkLocation: /default-rack, certSerialId: null, persistedOpState: IN_SERVICE, persistedOpStateExpiryEpochSec: 0}, ReplicationConfig: RATIS/ONE, State:OPEN, leaderId:45f86aeb-e384-4aa9-8d84-a9c74618d31d, CreationTimestamp2021-11-29T23:21:29.170Z[Etc/UTC]] moved to CLOSED state
2021-11-29 23:23:29,511 [EventQueue-StaleNodeForStaleNodeHandler] INFO  node.StaleNodeHandler (StaleNodeHandler.java:onMessage(58)) - Datanode 49fe3bb7-2dae-482d-a175-9585c41bacad{ip: 10.1.0.37, host: fv-az148-447.bm4ck3pvxvsene1rjriu5fhcdb.bx.internal.cloudapp.net, ports: [REPLICATION=42823, RATIS=39121, RATIS_ADMIN=39121, RATIS_SERVER=39121, STANDALONE=42985], networkLocation: /default-rack, certSerialId: null, persistedOpState: IN_SERVICE, persistedOpStateExpiryEpochSec: 0} moved to stale state. Finalizing its pipelines [PipelineID=7dc958fb-87f0-4515-a55e-677ddb1507c0, PipelineID=f2c9405e-af07-4ae4-998b-81b74c2b8187]
2021-11-29 23:23:29,512 [EventQueue-StaleNodeForStaleNodeHandler] INFO  pipeline.PipelineManagerImpl (PipelineManagerImpl.java:closePipeline(349)) - Pipeline Pipeline[ Id: f2c9405e-af07-4ae4-998b-81b74c2b8187, Nodes: 49fe3bb7-2dae-482d-a175-9585c41bacad{ip: 10.1.0.37, host: fv-az148-447.bm4ck3pvxvsene1rjriu5fhcdb.bx.internal.cloudapp.net, ports: [REPLICATION=42823, RATIS=39121, RATIS_ADMIN=39121, RATIS_SERVER=39121, STANDALONE=42985], networkLocation: /default-rack, certSerialId: null, persistedOpState: IN_SERVICE, persistedOpStateExpiryEpochSec: 0}, ReplicationConfig: RATIS/ONE, State:OPEN, leaderId:49fe3bb7-2dae-482d-a175-9585c41bacad, CreationTimestamp2021-11-29T23:21:30.097Z[Etc/UTC]] moved to CLOSED state
2021-11-29 23:23:30,510 [ReplicationMonitor] INFO  container.ReplicationManager (ReplicationManager.java:processAll(371)) - Replication Monitor Thread took 0 milliseconds for processing 0 containers.
2021-11-29 23:23:31,536 [ReplicationMonitor] INFO  container.ReplicationManager (ReplicationManager.java:processAll(371)) - Replication Monitor Thread took 0 milliseconds for processing 0 containers.
2021-11-29 23:23:32,121 [Listener at 127.0.0.1/46101] INFO  ozoneimpl.OzoneContainer (OzoneContainer.java:stop(325)) - Attempting to stop container services.
2021-11-29 23:23:32,122 [ForkJoinPool.commonPool-worker-1] INFO  ozoneimpl.OzoneContainer (OzoneContainer.java:stop(325)) - Attempting to stop container services.
2021-11-29 23:23:32,122 [ForkJoinPool.commonPool-worker-1] INFO  server.RaftServer (RaftServerProxy.java:lambda$close$6(391)) - 45f86aeb-e384-4aa9-8d84-a9c74618d31d: close
2021-11-29 23:23:32,123 [ForkJoinPool.commonPool-worker-1] INFO  server.RaftServer$Division (RaftServerImpl.java:lambda$close$4(412)) - 45f86aeb-e384-4aa9-8d84-a9c74618d31d@group-677DDB1507C0: shutdown
2021-11-29 23:23:32,123 [ForkJoinPool.commonPool-worker-1] INFO  util.JmxRegister (JmxRegister.java:unregister(73)) - Successfully un-registered JMX Bean with object name Ratis:service=RaftServer,group=group-677DDB1507C0,id=45f86aeb-e384-4aa9-8d84-a9c74618d31d
2021-11-29 23:23:32,123 [ForkJoinPool.commonPool-worker-1] INFO  impl.RoleInfo (RoleInfo.java:shutdownFollowerState(108)) - 45f86aeb-e384-4aa9-8d84-a9c74618d31d: shutdown 45f86aeb-e384-4aa9-8d84-a9c74618d31d@group-677DDB1507C0-FollowerState
2021-11-29 23:23:32,123 [ForkJoinPool.commonPool-worker-1] INFO  impl.StateMachineUpdater (StateMachineUpdater.java:stopAndJoin(149)) - 45f86aeb-e384-4aa9-8d84-a9c74618d31d@group-677DDB1507C0-StateMachineUpdater: set stopIndex = -1
2021-11-29 23:23:32,123 [45f86aeb-e384-4aa9-8d84-a9c74618d31d@group-677DDB1507C0-FollowerState] INFO  impl.FollowerState (FollowerState.java:run(143)) - 45f86aeb-e384-4aa9-8d84-a9c74618d31d@group-677DDB1507C0-FollowerState was interrupted: {}
java.lang.InterruptedException: sleep interrupted
	at java.lang.Thread.sleep(Native Method)
	at java.lang.Thread.sleep(Thread.java:340)
	at java.util.concurrent.TimeUnit.sleep(TimeUnit.java:386)
	at org.apache.ratis.util.TimeDuration.sleep(TimeDuration.java:324)
	at org.apache.ratis.util.TimeDuration.sleep(TimeDuration.java:309)
	at org.apache.ratis.server.impl.FollowerState.run(FollowerState.java:118)
2021-11-29 23:23:32,123 [ForkJoinPool.commonPool-worker-1] INFO  server.RaftServer$Division (ServerState.java:close(419)) - 45f86aeb-e384-4aa9-8d84-a9c74618d31d@group-677DDB1507C0: closes. applyIndex: -1
2021-11-29 23:23:32,162 [45f86aeb-e384-4aa9-8d84-a9c74618d31d@group-677DDB1507C0-SegmentedRaftLogWorker] INFO  segmented.SegmentedRaftLogWorker (SegmentedRaftLogWorker.java:run(327)) - 45f86aeb-e384-4aa9-8d84-a9c74618d31d@group-677DDB1507C0-SegmentedRaftLogWorker was interrupted, exiting. There are 0 tasks remaining in the queue.
2021-11-29 23:23:32,162 [Listener at 127.0.0.1/46101] INFO  server.RaftServer (RaftServerProxy.java:lambda$close$6(391)) - 49fe3bb7-2dae-482d-a175-9585c41bacad: close
2021-11-29 23:23:32,162 [Listener at 127.0.0.1/46101] INFO  server.RaftServer$Division (RaftServerImpl.java:lambda$close$4(412)) - 49fe3bb7-2dae-482d-a175-9585c41bacad@group-677DDB1507C0: shutdown
2021-11-29 23:23:32,162 [Listener at 127.0.0.1/46101] INFO  util.JmxRegister (JmxRegister.java:unregister(73)) - Successfully un-registered JMX Bean with object name Ratis:service=RaftServer,group=group-677DDB1507C0,id=49fe3bb7-2dae-482d-a175-9585c41bacad
2021-11-29 23:23:32,163 [Listener at 127.0.0.1/46101] INFO  impl.RoleInfo (RoleInfo.java:shutdownFollowerState(108)) - 49fe3bb7-2dae-482d-a175-9585c41bacad: shutdown 49fe3bb7-2dae-482d-a175-9585c41bacad@group-677DDB1507C0-FollowerState
2021-11-29 23:23:32,163 [Listener at 127.0.0.1/46101] INFO  impl.StateMachineUpdater (StateMachineUpdater.java:stopAndJoin(149)) - 49fe3bb7-2dae-482d-a175-9585c41bacad@group-677DDB1507C0-StateMachineUpdater: set stopIndex = -1
2021-11-29 23:23:32,163 [ForkJoinPool.commonPool-worker-1] INFO  segmented.SegmentedRaftLogWorker (SegmentedRaftLogWorker.java:close(237)) - 45f86aeb-e384-4aa9-8d84-a9c74618d31d@group-677DDB1507C0-SegmentedRaftLogWorker close()
2021-11-29 23:23:32,173 [ForkJoinPool.commonPool-worker-1] INFO  server.RaftServer$Division (RaftServerImpl.java:lambda$close$4(412)) - 45f86aeb-e384-4aa9-8d84-a9c74618d31d@group-D3C789E88085: shutdown
2021-11-29 23:23:32,173 [ForkJoinPool.commonPool-worker-1] INFO  util.JmxRegister (JmxRegister.java:unregister(73)) - Successfully un-registered JMX Bean with object name Ratis:service=RaftServer,group=group-D3C789E88085,id=45f86aeb-e384-4aa9-8d84-a9c74618d31d
2021-11-29 23:23:32,173 [ForkJoinPool.commonPool-worker-1] INFO  impl.RoleInfo (RoleInfo.java:shutdownLeaderState(91)) - 45f86aeb-e384-4aa9-8d84-a9c74618d31d: shutdown 45f86aeb-e384-4aa9-8d84-a9c74618d31d@group-D3C789E88085-LeaderStateImpl
2021-11-29 23:23:32,173 [ForkJoinPool.commonPool-worker-1] INFO  impl.PendingRequests (PendingRequests.java:sendNotLeaderResponses(282)) - 45f86aeb-e384-4aa9-8d84-a9c74618d31d@group-D3C789E88085-PendingRequests: sendNotLeaderResponses
2021-11-29 23:23:32,174 [ForkJoinPool.commonPool-worker-1] INFO  impl.StateMachineUpdater (StateMachineUpdater.java:stopAndJoin(149)) - 45f86aeb-e384-4aa9-8d84-a9c74618d31d@group-D3C789E88085-StateMachineUpdater: set stopIndex = 0
2021-11-29 23:23:32,174 [45f86aeb-e384-4aa9-8d84-a9c74618d31d@group-D3C789E88085-StateMachineUpdater] INFO  ratis.ContainerStateMachine (ContainerStateMachine.java:takeSnapshot(292)) - group-D3C789E88085: Taking a snapshot at:(t:1, i:0) file /home/runner/work/ozone/ozone/hadoop-ozone/integration-test/target/test-dir/MiniOzoneClusterImpl-94814d1b-625b-4fc6-932d-e037948e86e0/datanode-1/data/ratis/8749110a-0e6f-4567-8a4b-d3c789e88085/sm/snapshot.1_0
2021-11-29 23:23:32,175 [45f86aeb-e384-4aa9-8d84-a9c74618d31d@group-D3C789E88085-StateMachineUpdater] INFO  ratis.ContainerStateMachine (ContainerStateMachine.java:takeSnapshot(303)) - group-D3C789E88085: Finished taking a snapshot at:(t:1, i:0) file:/home/runner/work/ozone/ozone/hadoop-ozone/integration-test/target/test-dir/MiniOzoneClusterImpl-94814d1b-625b-4fc6-932d-e037948e86e0/datanode-1/data/ratis/8749110a-0e6f-4567-8a4b-d3c789e88085/sm/snapshot.1_0 took: 1 ms
2021-11-29 23:23:32,176 [45f86aeb-e384-4aa9-8d84-a9c74618d31d@group-D3C789E88085-StateMachineUpdater] INFO  impl.StateMachineUpdater (StateMachineUpdater.java:takeSnapshot(281)) - 45f86aeb-e384-4aa9-8d84-a9c74618d31d@group-D3C789E88085-StateMachineUpdater: Took a snapshot at index 0
2021-11-29 23:23:32,176 [45f86aeb-e384-4aa9-8d84-a9c74618d31d@group-D3C789E88085-StateMachineUpdater] INFO  impl.StateMachineUpdater (StateMachineUpdater.java:lambda$new$0(89)) - 45f86aeb-e384-4aa9-8d84-a9c74618d31d@group-D3C789E88085-StateMachineUpdater: snapshotIndex: updateIncreasingly -1 -> 0
2021-11-29 23:23:32,176 [ForkJoinPool.commonPool-worker-1] INFO  server.RaftServer$Division (ServerState.java:close(419)) - 45f86aeb-e384-4aa9-8d84-a9c74618d31d@group-D3C789E88085: closes. applyIndex: 0
2021-11-29 23:23:32,176 [45f86aeb-e384-4aa9-8d84-a9c74618d31d@group-D3C789E88085-SegmentedRaftLogWorker] INFO  segmented.SegmentedRaftLogWorker (SegmentedRaftLogWorker.java:run(327)) - 45f86aeb-e384-4aa9-8d84-a9c74618d31d@group-D3C789E88085-SegmentedRaftLogWorker was interrupted, exiting. There are 0 tasks remaining in the queue.
2021-11-29 23:23:32,176 [ForkJoinPool.commonPool-worker-1] INFO  segmented.SegmentedRaftLogWorker (SegmentedRaftLogWorker.java:close(237)) - 45f86aeb-e384-4aa9-8d84-a9c74618d31d@group-D3C789E88085-SegmentedRaftLogWorker close()
2021-11-29 23:23:32,177 [ForkJoinPool.commonPool-worker-1] INFO  server.GrpcService (GrpcService.java:closeImpl(262)) - 45f86aeb-e384-4aa9-8d84-a9c74618d31d: shutdown server with port 38125 now
2021-11-29 23:23:32,191 [Listener at 127.0.0.1/46101] INFO  server.RaftServer$Division (ServerState.java:close(419)) - 49fe3bb7-2dae-482d-a175-9585c41bacad@group-677DDB1507C0: closes. applyIndex: -1
2021-11-29 23:23:32,191 [49fe3bb7-2dae-482d-a175-9585c41bacad@group-677DDB1507C0-SegmentedRaftLogWorker] INFO  segmented.SegmentedRaftLogWorker (SegmentedRaftLogWorker.java:run(327)) - 49fe3bb7-2dae-482d-a175-9585c41bacad@group-677DDB1507C0-SegmentedRaftLogWorker was interrupted, exiting. There are 0 tasks remaining in the queue.
2021-11-29 23:23:32,197 [49fe3bb7-2dae-482d-a175-9585c41bacad@group-677DDB1507C0-FollowerState] INFO  impl.FollowerState (FollowerState.java:run(143)) - 49fe3bb7-2dae-482d-a175-9585c41bacad@group-677DDB1507C0-FollowerState was interrupted: {}
java.lang.InterruptedException: sleep interrupted
	at java.lang.Thread.sleep(Native Method)
	at java.lang.Thread.sleep(Thread.java:340)
	at java.util.concurrent.TimeUnit.sleep(TimeUnit.java:386)
	at org.apache.ratis.util.TimeDuration.sleep(TimeDuration.java:324)
	at org.apache.ratis.util.TimeDuration.sleep(TimeDuration.java:309)
	at org.apache.ratis.server.impl.FollowerState.run(FollowerState.java:118)
2021-11-29 23:23:32,197 [Listener at 127.0.0.1/46101] INFO  segmented.SegmentedRaftLogWorker (SegmentedRaftLogWorker.java:close(237)) - 49fe3bb7-2dae-482d-a175-9585c41bacad@group-677DDB1507C0-SegmentedRaftLogWorker close()
2021-11-29 23:23:32,207 [Listener at 127.0.0.1/46101] INFO  server.RaftServer$Division (RaftServerImpl.java:lambda$close$4(412)) - 49fe3bb7-2dae-482d-a175-9585c41bacad@group-81B74C2B8187: shutdown
2021-11-29 23:23:32,207 [Listener at 127.0.0.1/46101] INFO  util.JmxRegister (JmxRegister.java:unregister(73)) - Successfully un-registered JMX Bean with object name Ratis:service=RaftServer,group=group-81B74C2B8187,id=49fe3bb7-2dae-482d-a175-9585c41bacad
2021-11-29 23:23:32,207 [Listener at 127.0.0.1/46101] INFO  impl.RoleInfo (RoleInfo.java:shutdownLeaderState(91)) - 49fe3bb7-2dae-482d-a175-9585c41bacad: shutdown 49fe3bb7-2dae-482d-a175-9585c41bacad@group-81B74C2B8187-LeaderStateImpl
2021-11-29 23:23:32,207 [Listener at 127.0.0.1/46101] INFO  impl.PendingRequests (PendingRequests.java:sendNotLeaderResponses(282)) - 49fe3bb7-2dae-482d-a175-9585c41bacad@group-81B74C2B8187-PendingRequests: sendNotLeaderResponses
2021-11-29 23:23:32,208 [Listener at 127.0.0.1/46101] INFO  impl.StateMachineUpdater (StateMachineUpdater.java:stopAndJoin(149)) - 49fe3bb7-2dae-482d-a175-9585c41bacad@group-81B74C2B8187-StateMachineUpdater: set stopIndex = 0
2021-11-29 23:23:32,208 [ForkJoinPool.commonPool-worker-1] INFO  server.GrpcService (GrpcService.java:closeImpl(271)) - 45f86aeb-e384-4aa9-8d84-a9c74618d31d: shutdown server with port 38125 successfully
2021-11-29 23:23:32,209 [49fe3bb7-2dae-482d-a175-9585c41bacad@group-81B74C2B8187-StateMachineUpdater] INFO  ratis.ContainerStateMachine (ContainerStateMachine.java:takeSnapshot(292)) - group-81B74C2B8187: Taking a snapshot at:(t:1, i:0) file /home/runner/work/ozone/ozone/hadoop-ozone/integration-test/target/test-dir/MiniOzoneClusterImpl-94814d1b-625b-4fc6-932d-e037948e86e0/datanode-2/data/ratis/f2c9405e-af07-4ae4-998b-81b74c2b8187/sm/snapshot.1_0
2021-11-29 23:23:32,209 [org.apache.ratis.util.JvmPauseMonitor$$Lambda$535/1672973847@17e541f3] INFO  util.JvmPauseMonitor (JvmPauseMonitor.java:run(109)) - JvmPauseMonitor-45f86aeb-e384-4aa9-8d84-a9c74618d31d: Stopped
2021-11-29 23:23:32,213 [49fe3bb7-2dae-482d-a175-9585c41bacad@group-81B74C2B8187-StateMachineUpdater] INFO  ratis.ContainerStateMachine (ContainerStateMachine.java:takeSnapshot(303)) - group-81B74C2B8187: Finished taking a snapshot at:(t:1, i:0) file:/home/runner/work/ozone/ozone/hadoop-ozone/integration-test/target/test-dir/MiniOzoneClusterImpl-94814d1b-625b-4fc6-932d-e037948e86e0/datanode-2/data/ratis/f2c9405e-af07-4ae4-998b-81b74c2b8187/sm/snapshot.1_0 took: 4 ms
2021-11-29 23:23:32,213 [49fe3bb7-2dae-482d-a175-9585c41bacad@group-81B74C2B8187-StateMachineUpdater] INFO  impl.StateMachineUpdater (StateMachineUpdater.java:takeSnapshot(281)) - 49fe3bb7-2dae-482d-a175-9585c41bacad@group-81B74C2B8187-StateMachineUpdater: Took a snapshot at index 0
2021-11-29 23:23:32,213 [49fe3bb7-2dae-482d-a175-9585c41bacad@group-81B74C2B8187-StateMachineUpdater] INFO  impl.StateMachineUpdater (StateMachineUpdater.java:lambda$new$0(89)) - 49fe3bb7-2dae-482d-a175-9585c41bacad@group-81B74C2B8187-StateMachineUpdater: snapshotIndex: updateIncreasingly -1 -> 0
2021-11-29 23:23:32,214 [Listener at 127.0.0.1/46101] INFO  server.RaftServer$Division (ServerState.java:close(419)) - 49fe3bb7-2dae-482d-a175-9585c41bacad@group-81B74C2B8187: closes. applyIndex: 0
2021-11-29 23:23:32,214 [49fe3bb7-2dae-482d-a175-9585c41bacad@group-81B74C2B8187-SegmentedRaftLogWorker] INFO  segmented.SegmentedRaftLogWorker (SegmentedRaftLogWorker.java:run(327)) - 49fe3bb7-2dae-482d-a175-9585c41bacad@group-81B74C2B8187-SegmentedRaftLogWorker was interrupted, exiting. There are 0 tasks remaining in the queue.
2021-11-29 23:23:32,215 [Listener at 127.0.0.1/46101] INFO  segmented.SegmentedRaftLogWorker (SegmentedRaftLogWorker.java:close(237)) - 49fe3bb7-2dae-482d-a175-9585c41bacad@group-81B74C2B8187-SegmentedRaftLogWorker close()
2021-11-29 23:23:32,215 [Listener at 127.0.0.1/46101] INFO  server.GrpcService (GrpcService.java:closeImpl(262)) - 49fe3bb7-2dae-482d-a175-9585c41bacad: shutdown server with port 39121 now
2021-11-29 23:23:32,217 [ForkJoinPool.commonPool-worker-1] INFO  utils.BackgroundService (BackgroundService.java:shutdown(132)) - Shutting down service BlockDeletingService
2021-11-29 23:23:32,271 [Listener at 127.0.0.1/46101] INFO  server.GrpcService (GrpcService.java:closeImpl(271)) - 49fe3bb7-2dae-482d-a175-9585c41bacad: shutdown server with port 39121 successfully
2021-11-29 23:23:32,271 [org.apache.ratis.util.JvmPauseMonitor$$Lambda$535/1672973847@5e12013d] INFO  util.JvmPauseMonitor (JvmPauseMonitor.java:run(109)) - JvmPauseMonitor-49fe3bb7-2dae-482d-a175-9585c41bacad: Stopped
2021-11-29 23:23:32,272 [Listener at 127.0.0.1/46101] INFO  utils.BackgroundService (BackgroundService.java:shutdown(132)) - Shutting down service BlockDeletingService
2021-11-29 23:23:32,322 [9eaa9061-0cbd-4a3d-8091-a973303b955e@group-677DDB1507C0-FollowerState] INFO  impl.FollowerState (FollowerState.java:run(134)) - 9eaa9061-0cbd-4a3d-8091-a973303b955e@group-677DDB1507C0-FollowerState: change to CANDIDATE, lastRpcElapsedTime:5032765304ns, electionTimeout:5012ms
2021-11-29 23:23:32,322 [9eaa9061-0cbd-4a3d-8091-a973303b955e@group-677DDB1507C0-FollowerState] INFO  impl.RoleInfo (RoleInfo.java:shutdownFollowerState(108)) - 9eaa9061-0cbd-4a3d-8091-a973303b955e: shutdown 9eaa9061-0cbd-4a3d-8091-a973303b955e@group-677DDB1507C0-FollowerState
2021-11-29 23:23:32,322 [9eaa9061-0cbd-4a3d-8091-a973303b955e@group-677DDB1507C0-FollowerState] INFO  server.RaftServer$Division (RaftServerImpl.java:setRole(290)) - 9eaa9061-0cbd-4a3d-8091-a973303b955e@group-677DDB1507C0: changes role from  FOLLOWER to CANDIDATE at term 22 for changeToCandidate
2021-11-29 23:23:32,322 [9eaa9061-0cbd-4a3d-8091-a973303b955e@group-677DDB1507C0-FollowerState] INFO  server.RaftServerConfigKeys (ConfUtils.java:logGet(44)) - raft.server.leaderelection.pre-vote = false (custom)
2021-11-29 23:23:32,322 [9eaa9061-0cbd-4a3d-8091-a973303b955e@group-677DDB1507C0-FollowerState] INFO  impl.RoleInfo (RoleInfo.java:updateAndGet(130)) - 9eaa9061-0cbd-4a3d-8091-a973303b955e: start 9eaa9061-0cbd-4a3d-8091-a973303b955e@group-677DDB1507C0-LeaderElection107
2021-11-29 23:23:32,369 [9eaa9061-0cbd-4a3d-8091-a973303b955e@group-677DDB1507C0-LeaderElection107] INFO  impl.LeaderElection (LeaderElection.java:askForVotes(306)) - 9eaa9061-0cbd-4a3d-8091-a973303b955e@group-677DDB1507C0-LeaderElection107 ELECTION round 0: submit vote requests at term 23 for -1: [9eaa9061-0cbd-4a3d-8091-a973303b955e|rpc:10.1.0.37:35167|priority:0, 45f86aeb-e384-4aa9-8d84-a9c74618d31d|rpc:10.1.0.37:38125|priority:1, 49fe3bb7-2dae-482d-a175-9585c41bacad|rpc:10.1.0.37:39121|priority:0], old=null
2021-11-29 23:23:32,426 [9eaa9061-0cbd-4a3d-8091-a973303b955e@group-677DDB1507C0-LeaderElection107] INFO  impl.LeaderElection (LogUtils.java:infoOrTrace(137)) - 9eaa9061-0cbd-4a3d-8091-a973303b955e@group-677DDB1507C0-LeaderElection107 got exception when requesting votes: java.util.concurrent.ExecutionException: org.apache.ratis.thirdparty.io.grpc.StatusRuntimeException: UNAVAILABLE: io exception
2021-11-29 23:23:32,448 [9eaa9061-0cbd-4a3d-8091-a973303b955e@group-677DDB1507C0-LeaderElection107] INFO  impl.LeaderElection (LogUtils.java:infoOrTrace(137)) - 9eaa9061-0cbd-4a3d-8091-a973303b955e@group-677DDB1507C0-LeaderElection107 got exception when requesting votes: java.util.concurrent.ExecutionException: org.apache.ratis.thirdparty.io.grpc.StatusRuntimeException: UNAVAILABLE: io exception
2021-11-29 23:23:32,448 [9eaa9061-0cbd-4a3d-8091-a973303b955e@group-677DDB1507C0-LeaderElection107] INFO  impl.LeaderElection (LeaderElection.java:logAndReturn(89)) - 9eaa9061-0cbd-4a3d-8091-a973303b955e@group-677DDB1507C0-LeaderElection107: ELECTION REJECTED received 0 response(s) and 2 exception(s):
2021-11-29 23:23:32,469 [9eaa9061-0cbd-4a3d-8091-a973303b955e@group-677DDB1507C0-LeaderElection107] INFO  impl.LeaderElection (LogUtils.java:infoOrTrace(137)) -   Exception 0: java.util.concurrent.ExecutionException: org.apache.ratis.thirdparty.io.grpc.StatusRuntimeException: UNAVAILABLE: io exception
2021-11-29 23:23:32,469 [9eaa9061-0cbd-4a3d-8091-a973303b955e@group-677DDB1507C0-LeaderElection107] INFO  impl.LeaderElection (LogUtils.java:infoOrTrace(137)) -   Exception 1: java.util.concurrent.ExecutionException: org.apache.ratis.thirdparty.io.grpc.StatusRuntimeException: UNAVAILABLE: io exception
2021-11-29 23:23:32,469 [9eaa9061-0cbd-4a3d-8091-a973303b955e@group-677DDB1507C0-LeaderElection107] INFO  impl.LeaderElection (LeaderElection.java:askForVotes(308)) - 9eaa9061-0cbd-4a3d-8091-a973303b955e@group-677DDB1507C0-LeaderElection107 ELECTION round 0: result REJECTED
2021-11-29 23:23:32,469 [9eaa9061-0cbd-4a3d-8091-a973303b955e@group-677DDB1507C0-LeaderElection107] INFO  server.RaftServer$Division (RaftServerImpl.java:setRole(290)) - 9eaa9061-0cbd-4a3d-8091-a973303b955e@group-677DDB1507C0: changes role from CANDIDATE to FOLLOWER at term 23 for REJECTED
2021-11-29 23:23:32,469 [9eaa9061-0cbd-4a3d-8091-a973303b955e@group-677DDB1507C0-LeaderElection107] INFO  impl.RoleInfo (RoleInfo.java:shutdownLeaderElection(121)) - 9eaa9061-0cbd-4a3d-8091-a973303b955e: shutdown 9eaa9061-0cbd-4a3d-8091-a973303b955e@group-677DDB1507C0-LeaderElection107
2021-11-29 23:23:32,469 [9eaa9061-0cbd-4a3d-8091-a973303b955e@group-677DDB1507C0-LeaderElection107] INFO  impl.RoleInfo (RoleInfo.java:updateAndGet(130)) - 9eaa9061-0cbd-4a3d-8091-a973303b955e: start 9eaa9061-0cbd-4a3d-8091-a973303b955e@group-677DDB1507C0-FollowerState
2021-11-29 23:23:32,536 [ReplicationMonitor] INFO  container.ReplicationManager (ReplicationManager.java:processAll(371)) - Replication Monitor Thread took 0 milliseconds for processing 0 containers.
2021-11-29 23:23:32,557 [EventQueue-DeadNodeForDeadNodeHandler] INFO  node.DeadNodeHandler (DeadNodeHandler.java:onMessage(80)) - A dead datanode is detected. 45f86aeb-e384-4aa9-8d84-a9c74618d31d{ip: 10.1.0.37, host: fv-az148-447.bm4ck3pvxvsene1rjriu5fhcdb.bx.internal.cloudapp.net, ports: [REPLICATION=41895, RATIS=38125, RATIS_ADMIN=38125, RATIS_SERVER=38125, STANDALONE=35311], networkLocation: /default-rack, certSerialId: null, persistedOpState: IN_SERVICE, persistedOpStateExpiryEpochSec: 0}
2021-11-29 23:23:32,557 [EventQueue-DeadNodeForDeadNodeHandler] INFO  pipeline.RatisPipelineProvider (RatisPipelineProvider.java:lambda$close$1(222)) - Send pipeline:PipelineID=7dc958fb-87f0-4515-a55e-677ddb1507c0 close command to datanode 49fe3bb7-2dae-482d-a175-9585c41bacad
2021-11-29 23:23:32,558 [EventQueue-DeadNodeForDeadNodeHandler] INFO  pipeline.RatisPipelineProvider (RatisPipelineProvider.java:lambda$close$1(222)) - Send pipeline:PipelineID=7dc958fb-87f0-4515-a55e-677ddb1507c0 close command to datanode 45f86aeb-e384-4aa9-8d84-a9c74618d31d
2021-11-29 23:23:32,558 [EventQueue-DeadNodeForDeadNodeHandler] INFO  pipeline.RatisPipelineProvider (RatisPipelineProvider.java:lambda$close$1(222)) - Send pipeline:PipelineID=7dc958fb-87f0-4515-a55e-677ddb1507c0 close command to datanode 9eaa9061-0cbd-4a3d-8091-a973303b955e
2021-11-29 23:23:32,571 [EventQueue-DeadNodeForDeadNodeHandler] INFO  pipeline.PipelineStateManagerImpl (PipelineStateManagerImpl.java:removePipeline(223)) - Pipeline Pipeline[ Id: 7dc958fb-87f0-4515-a55e-677ddb1507c0, Nodes: 49fe3bb7-2dae-482d-a175-9585c41bacad{ip: 10.1.0.37, host: fv-az148-447.bm4ck3pvxvsene1rjriu5fhcdb.bx.internal.cloudapp.net, ports: [REPLICATION=42823, RATIS=39121, RATIS_ADMIN=39121, RATIS_SERVER=39121, STANDALONE=42985], networkLocation: /default-rack, certSerialId: null, persistedOpState: IN_SERVICE, persistedOpStateExpiryEpochSec: 0}45f86aeb-e384-4aa9-8d84-a9c74618d31d{ip: 10.1.0.37, host: fv-az148-447.bm4ck3pvxvsene1rjriu5fhcdb.bx.internal.cloudapp.net, ports: [REPLICATION=41895, RATIS=38125, RATIS_ADMIN=38125, RATIS_SERVER=38125, STANDALONE=35311], networkLocation: /default-rack, certSerialId: null, persistedOpState: IN_SERVICE, persistedOpStateExpiryEpochSec: 0}9eaa9061-0cbd-4a3d-8091-a973303b955e{ip: 10.1.0.37, host: fv-az148-447.bm4ck3pvxvsene1rjriu5fhcdb.bx.internal.cloudapp.net, ports: [REPLICATION=43805, RATIS=35167, RATIS_ADMIN=35167, RATIS_SERVER=35167, STANDALONE=42101], networkLocation: /default-rack, certSerialId: null, persistedOpState: IN_SERVICE, persistedOpStateExpiryEpochSec: 0}, ReplicationConfig: RATIS/THREE, State:CLOSED, leaderId:, CreationTimestamp2021-11-29T23:21:30.097Z[Etc/UTC]] removed.
2021-11-29 23:23:32,572 [EventQueue-DeadNodeForDeadNodeHandler] INFO  pipeline.RatisPipelineProvider (RatisPipelineProvider.java:lambda$close$1(222)) - Send pipeline:PipelineID=8749110a-0e6f-4567-8a4b-d3c789e88085 close command to datanode 45f86aeb-e384-4aa9-8d84-a9c74618d31d
2021-11-29 23:23:32,572 [EventQueue-DeadNodeForDeadNodeHandler] INFO  pipeline.PipelineStateManagerImpl (PipelineStateManagerImpl.java:removePipeline(223)) - Pipeline Pipeline[ Id: 8749110a-0e6f-4567-8a4b-d3c789e88085, Nodes: 45f86aeb-e384-4aa9-8d84-a9c74618d31d{ip: 10.1.0.37, host: fv-az148-447.bm4ck3pvxvsene1rjriu5fhcdb.bx.internal.cloudapp.net, ports: [REPLICATION=41895, RATIS=38125, RATIS_ADMIN=38125, RATIS_SERVER=38125, STANDALONE=35311], networkLocation: /default-rack, certSerialId: null, persistedOpState: IN_SERVICE, persistedOpStateExpiryEpochSec: 0}, ReplicationConfig: RATIS/ONE, State:CLOSED, leaderId:45f86aeb-e384-4aa9-8d84-a9c74618d31d, CreationTimestamp2021-11-29T23:21:29.170Z[Etc/UTC]] removed.
2021-11-29 23:23:32,572 [EventQueue-DeadNodeForDeadNodeHandler] INFO  net.NetworkTopologyImpl (NetworkTopologyImpl.java:remove(137)) - Removed a node: /default-rack/45f86aeb-e384-4aa9-8d84-a9c74618d31d
2021-11-29 23:23:32,572 [EventQueue-DeadNodeForDeadNodeHandler] INFO  node.DeadNodeHandler (DeadNodeHandler.java:onMessage(80)) - A dead datanode is detected. 49fe3bb7-2dae-482d-a175-9585c41bacad{ip: 10.1.0.37, host: fv-az148-447.bm4ck3pvxvsene1rjriu5fhcdb.bx.internal.cloudapp.net, ports: [REPLICATION=42823, RATIS=39121, RATIS_ADMIN=39121, RATIS_SERVER=39121, STANDALONE=42985], networkLocation: /default-rack, certSerialId: null, persistedOpState: IN_SERVICE, persistedOpStateExpiryEpochSec: 0}
2021-11-29 23:23:32,572 [EventQueue-DeadNodeForDeadNodeHandler] INFO  pipeline.RatisPipelineProvider (RatisPipelineProvider.java:lambda$close$1(222)) - Send pipeline:PipelineID=f2c9405e-af07-4ae4-998b-81b74c2b8187 close command to datanode 49fe3bb7-2dae-482d-a175-9585c41bacad
2021-11-29 23:23:32,572 [EventQueue-DeadNodeForDeadNodeHandler] INFO  pipeline.PipelineStateManagerImpl (PipelineStateManagerImpl.java:removePipeline(223)) - Pipeline Pipeline[ Id: f2c9405e-af07-4ae4-998b-81b74c2b8187, Nodes: 49fe3bb7-2dae-482d-a175-9585c41bacad{ip: 10.1.0.37, host: fv-az148-447.bm4ck3pvxvsene1rjriu5fhcdb.bx.internal.cloudapp.net, ports: [REPLICATION=42823, RATIS=39121, RATIS_ADMIN=39121, RATIS_SERVER=39121, STANDALONE=42985], networkLocation: /default-rack, certSerialId: null, persistedOpState: IN_SERVICE, persistedOpStateExpiryEpochSec: 0}, ReplicationConfig: RATIS/ONE, State:CLOSED, leaderId:49fe3bb7-2dae-482d-a175-9585c41bacad, CreationTimestamp2021-11-29T23:21:30.097Z[Etc/UTC]] removed.
2021-11-29 23:23:32,573 [EventQueue-DeadNodeForDeadNodeHandler] INFO  net.NetworkTopologyImpl (NetworkTopologyImpl.java:remove(137)) - Removed a node: /default-rack/49fe3bb7-2dae-482d-a175-9585c41bacad
2021-11-29 23:23:33,536 [ReplicationMonitor] INFO  container.ReplicationManager (ReplicationManager.java:processAll(371)) - Replication Monitor Thread took 0 milliseconds for processing 0 containers.
2021-11-29 23:23:34,049 [Command processor thread] INFO  server.RaftServer (RaftServerProxy.java:remove(106)) - 9eaa9061-0cbd-4a3d-8091-a973303b955e: remove  FOLLOWER 9eaa9061-0cbd-4a3d-8091-a973303b955e@group-677DDB1507C0:t23, leader=null, voted=9eaa9061-0cbd-4a3d-8091-a973303b955e, raftlog=9eaa9061-0cbd-4a3d-8091-a973303b955e@group-677DDB1507C0-SegmentedRaftLog:OPENED:c-1, conf=-1: [9eaa9061-0cbd-4a3d-8091-a973303b955e|rpc:10.1.0.37:35167|priority:0, 45f86aeb-e384-4aa9-8d84-a9c74618d31d|rpc:10.1.0.37:38125|priority:1, 49fe3bb7-2dae-482d-a175-9585c41bacad|rpc:10.1.0.37:39121|priority:0], old=null RUNNING
2021-11-29 23:23:34,049 [Command processor thread] INFO  server.RaftServer$Division (RaftServerImpl.java:lambda$close$4(412)) - 9eaa9061-0cbd-4a3d-8091-a973303b955e@group-677DDB1507C0: shutdown
2021-11-29 23:23:34,050 [Command processor thread] INFO  util.JmxRegister (JmxRegister.java:unregister(73)) - Successfully un-registered JMX Bean with object name Ratis:service=RaftServer,group=group-677DDB1507C0,id=9eaa9061-0cbd-4a3d-8091-a973303b955e
2021-11-29 23:23:34,050 [Command processor thread] INFO  impl.RoleInfo (RoleInfo.java:shutdownFollowerState(108)) - 9eaa9061-0cbd-4a3d-8091-a973303b955e: shutdown 9eaa9061-0cbd-4a3d-8091-a973303b955e@group-677DDB1507C0-FollowerState
2021-11-29 23:23:34,050 [Command processor thread] INFO  impl.StateMachineUpdater (StateMachineUpdater.java:stopAndJoin(149)) - 9eaa9061-0cbd-4a3d-8091-a973303b955e@group-677DDB1507C0-StateMachineUpdater: set stopIndex = -1
2021-11-29 23:23:34,050 [9eaa9061-0cbd-4a3d-8091-a973303b955e@group-677DDB1507C0-FollowerState] INFO  impl.FollowerState (FollowerState.java:run(143)) - 9eaa9061-0cbd-4a3d-8091-a973303b955e@group-677DDB1507C0-FollowerState was interrupted: {}
java.lang.InterruptedException: sleep interrupted
	at java.lang.Thread.sleep(Native Method)
	at java.lang.Thread.sleep(Thread.java:340)
	at java.util.concurrent.TimeUnit.sleep(TimeUnit.java:386)
	at org.apache.ratis.util.TimeDuration.sleep(TimeDuration.java:324)
	at org.apache.ratis.util.TimeDuration.sleep(TimeDuration.java:309)
	at org.apache.ratis.server.impl.FollowerState.run(FollowerState.java:118)
2021-11-29 23:23:34,094 [Command processor thread] INFO  server.RaftServer$Division (ServerState.java:close(419)) - 9eaa9061-0cbd-4a3d-8091-a973303b955e@group-677DDB1507C0: closes. applyIndex: -1
2021-11-29 23:23:34,096 [9eaa9061-0cbd-4a3d-8091-a973303b955e@group-677DDB1507C0-SegmentedRaftLogWorker] INFO  segmented.SegmentedRaftLogWorker (SegmentedRaftLogWorker.java:run(327)) - 9eaa9061-0cbd-4a3d-8091-a973303b955e@group-677DDB1507C0-SegmentedRaftLogWorker was interrupted, exiting. There are 0 tasks remaining in the queue.
2021-11-29 23:23:34,097 [Command processor thread] INFO  segmented.SegmentedRaftLogWorker (SegmentedRaftLogWorker.java:close(237)) - 9eaa9061-0cbd-4a3d-8091-a973303b955e@group-677DDB1507C0-SegmentedRaftLogWorker close()
2021-11-29 23:23:34,101 [Command processor thread] INFO  server.RaftServer$Division (RaftServerImpl.java:groupRemove(382)) - 9eaa9061-0cbd-4a3d-8091-a973303b955e@group-677DDB1507C0: Succeed to remove RaftStorageDirectory Storage Directory /home/runner/work/ozone/ozone/hadoop-ozone/integration-test/target/test-dir/MiniOzoneClusterImpl-94814d1b-625b-4fc6-932d-e037948e86e0/datanode-0/data/ratis/7dc958fb-87f0-4515-a55e-677ddb1507c0
2021-11-29 23:23:34,101 [Command processor thread] INFO  commandhandler.ClosePipelineCommandHandler (ClosePipelineCommandHandler.java:handle(78)) - Close Pipeline PipelineID=7dc958fb-87f0-4515-a55e-677ddb1507c0 command on datanode 9eaa9061-0cbd-4a3d-8091-a973303b955e.
2021-11-29 23:23:34,537 [ReplicationMonitor] INFO  container.ReplicationManager (ReplicationManager.java:processAll(371)) - Replication Monitor Thread took 0 milliseconds for processing 0 containers.
2021-11-29 23:23:35,234 [ForkJoinPool.commonPool-worker-1] INFO  statemachine.DatanodeStateMachine (DatanodeStateMachine.java:stopDaemon(526)) - Ozone container server stopped.
2021-11-29 23:23:35,239 [ForkJoinPool.commonPool-worker-1] INFO  handler.ContextHandler (ContextHandler.java:doStop(1153)) - Stopped o.e.j.w.WebAppContext@41a65e3f{hddsDatanode,/,null,STOPPED}{jar:file:/home/runner/.m2/repository/org/apache/ozone/hdds-container-service/1.3.0-SNAPSHOT/hdds-container-service-1.3.0-SNAPSHOT.jar!/webapps/hddsDatanode}
2021-11-29 23:23:35,246 [ForkJoinPool.commonPool-worker-1] INFO  server.AbstractConnector (AbstractConnector.java:doStop(381)) - Stopped ServerConnector@7164d793{HTTP/1.1, (http/1.1)}{0.0.0.0:0}
2021-11-29 23:23:35,246 [ForkJoinPool.commonPool-worker-1] INFO  server.session (HouseKeeper.java:stopScavenging(149)) - node0 Stopped scavenging
2021-11-29 23:23:35,246 [ForkJoinPool.commonPool-worker-1] INFO  handler.ContextHandler (ContextHandler.java:doStop(1153)) - Stopped o.e.j.s.ServletContextHandler@2207ed1f{static,/static,jar:file:/home/runner/.m2/repository/org/apache/ozone/hdds-container-service/1.3.0-SNAPSHOT/hdds-container-service-1.3.0-SNAPSHOT.jar!/webapps/static,STOPPED}
2021-11-29 23:23:35,247 [ForkJoinPool.commonPool-worker-1] INFO  handler.ContextHandler (ContextHandler.java:doStop(1153)) - Stopped o.e.j.s.ServletContextHandler@8d26554{logs,/logs,file:///home/runner/work/ozone/ozone/hadoop-ozone/integration-test/target/log,STOPPED}
2021-11-29 23:23:35,278 [Listener at 127.0.0.1/46101] INFO  statemachine.DatanodeStateMachine (DatanodeStateMachine.java:stopDaemon(526)) - Ozone container server stopped.
2021-11-29 23:23:35,279 [Listener at 127.0.0.1/46101] INFO  handler.ContextHandler (ContextHandler.java:doStop(1153)) - Stopped o.e.j.w.WebAppContext@1e7ff582{hddsDatanode,/,null,STOPPED}{jar:file:/home/runner/.m2/repository/org/apache/ozone/hdds-container-service/1.3.0-SNAPSHOT/hdds-container-service-1.3.0-SNAPSHOT.jar!/webapps/hddsDatanode}
2021-11-29 23:23:35,280 [Listener at 127.0.0.1/46101] INFO  server.AbstractConnector (AbstractConnector.java:doStop(381)) - Stopped ServerConnector@40eba880{HTTP/1.1, (http/1.1)}{0.0.0.0:0}
2021-11-29 23:23:35,280 [Listener at 127.0.0.1/46101] INFO  server.session (HouseKeeper.java:stopScavenging(149)) - node0 Stopped scavenging
2021-11-29 23:23:35,280 [Listener at 127.0.0.1/46101] INFO  handler.ContextHandler (ContextHandler.java:doStop(1153)) - Stopped o.e.j.s.ServletContextHandler@6f761f23{static,/static,jar:file:/home/runner/.m2/repository/org/apache/ozone/hdds-container-service/1.3.0-SNAPSHOT/hdds-container-service-1.3.0-SNAPSHOT.jar!/webapps/static,STOPPED}
2021-11-29 23:23:35,280 [Listener at 127.0.0.1/46101] INFO  handler.ContextHandler (ContextHandler.java:doStop(1153)) - Stopped o.e.j.s.ServletContextHandler@542999f1{logs,/logs,file:///home/runner/work/ozone/ozone/hadoop-ozone/integration-test/target/log,STOPPED}
2021-11-29 23:23:35,537 [ReplicationMonitor] INFO  container.ReplicationManager (ReplicationManager.java:processAll(371)) - Replication Monitor Thread took 0 milliseconds for processing 0 containers.
2021-11-29 23:23:36,537 [ReplicationMonitor] INFO  container.ReplicationManager (ReplicationManager.java:processAll(371)) - Replication Monitor Thread took 0 milliseconds for processing 0 containers.
2021-11-29 23:23:37,537 [ReplicationMonitor] INFO  container.ReplicationManager (ReplicationManager.java:processAll(371)) - Replication Monitor Thread took 0 milliseconds for processing 0 containers.
2021-11-29 23:23:38,104 [EventQueue-StaleNodeForStaleNodeHandler] INFO  node.StaleNodeHandler (StaleNodeHandler.java:onMessage(58)) - Datanode 9eaa9061-0cbd-4a3d-8091-a973303b955e{ip: 10.1.0.37, host: fv-az148-447.bm4ck3pvxvsene1rjriu5fhcdb.bx.internal.cloudapp.net, ports: [REPLICATION=43805, RATIS=35167, RATIS_ADMIN=35167, RATIS_SERVER=35167, STANDALONE=42101], networkLocation: /default-rack, certSerialId: null, persistedOpState: IN_SERVICE, persistedOpStateExpiryEpochSec: 0} moved to stale state. Finalizing its pipelines [PipelineID=e6d1eda4-a2d7-4e09-aea9-828664caa80e]
2021-11-29 23:23:38,105 [EventQueue-StaleNodeForStaleNodeHandler] INFO  pipeline.PipelineManagerImpl (PipelineManagerImpl.java:closePipeline(349)) - Pipeline Pipeline[ Id: e6d1eda4-a2d7-4e09-aea9-828664caa80e, Nodes: 9eaa9061-0cbd-4a3d-8091-a973303b955e{ip: 10.1.0.37, host: fv-az148-447.bm4ck3pvxvsene1rjriu5fhcdb.bx.internal.cloudapp.net, ports: [REPLICATION=43805, RATIS=35167, RATIS_ADMIN=35167, RATIS_SERVER=35167, STANDALONE=42101], networkLocation: /default-rack, certSerialId: null, persistedOpState: IN_SERVICE, persistedOpStateExpiryEpochSec: 0}, ReplicationConfig: RATIS/ONE, State:OPEN, leaderId:9eaa9061-0cbd-4a3d-8091-a973303b955e, CreationTimestamp2021-11-29T23:21:28.622Z[Etc/UTC]] moved to CLOSED state
2021-11-29 23:23:38,105 [EventQueue-StaleNodeForStaleNodeHandler] INFO  node.StaleNodeHandler (StaleNodeHandler.java:onMessage(58)) - Datanode 74f41514-20ca-4955-9e3a-cfde988d45f9{ip: 10.1.0.37, host: fv-az148-447.bm4ck3pvxvsene1rjriu5fhcdb.bx.internal.cloudapp.net, ports: [REPLICATION=45045, RATIS=37127, RATIS_ADMIN=37127, RATIS_SERVER=37127, STANDALONE=33889], networkLocation: /default-rack, certSerialId: null, persistedOpState: IN_SERVICE, persistedOpStateExpiryEpochSec: 0} moved to stale state. Finalizing its pipelines [PipelineID=e9e31f76-78c3-423a-ad98-2750b8c67c55]
2021-11-29 23:23:38,105 [EventQueue-StaleNodeForStaleNodeHandler] INFO  pipeline.PipelineManagerImpl (PipelineManagerImpl.java:closePipeline(349)) - Pipeline Pipeline[ Id: e9e31f76-78c3-423a-ad98-2750b8c67c55, Nodes: 74f41514-20ca-4955-9e3a-cfde988d45f9{ip: 10.1.0.37, host: fv-az148-447.bm4ck3pvxvsene1rjriu5fhcdb.bx.internal.cloudapp.net, ports: [REPLICATION=45045, RATIS=37127, RATIS_ADMIN=37127, RATIS_SERVER=37127, STANDALONE=33889], networkLocation: /default-rack, certSerialId: null, persistedOpState: IN_SERVICE, persistedOpStateExpiryEpochSec: 0}, ReplicationConfig: RATIS/ONE, State:OPEN, leaderId:74f41514-20ca-4955-9e3a-cfde988d45f9, CreationTimestamp2021-11-29T23:21:30.639Z[Etc/UTC]] moved to CLOSED state
2021-11-29 23:23:38,541 [ReplicationMonitor] INFO  container.ReplicationManager (ReplicationManager.java:processAll(371)) - Replication Monitor Thread took 0 milliseconds for processing 0 containers.
2021-11-29 23:23:39,541 [ReplicationMonitor] INFO  container.ReplicationManager (ReplicationManager.java:processAll(371)) - Replication Monitor Thread took 0 milliseconds for processing 0 containers.
2021-11-29 23:23:40,265 [ForkJoinPool.commonPool-worker-1] INFO  ozoneimpl.OzoneContainer (OzoneContainer.java:stop(325)) - Attempting to stop container services.
2021-11-29 23:23:40,266 [ForkJoinPool.commonPool-worker-1] INFO  server.RaftServer (RaftServerProxy.java:lambda$close$6(391)) - 9eaa9061-0cbd-4a3d-8091-a973303b955e: close
2021-11-29 23:23:40,266 [ForkJoinPool.commonPool-worker-1] INFO  server.RaftServer$Division (RaftServerImpl.java:lambda$close$4(412)) - 9eaa9061-0cbd-4a3d-8091-a973303b955e@group-828664CAA80E: shutdown
2021-11-29 23:23:40,266 [ForkJoinPool.commonPool-worker-1] INFO  util.JmxRegister (JmxRegister.java:unregister(73)) - Successfully un-registered JMX Bean with object name Ratis:service=RaftServer,group=group-828664CAA80E,id=9eaa9061-0cbd-4a3d-8091-a973303b955e
2021-11-29 23:23:40,266 [ForkJoinPool.commonPool-worker-1] INFO  impl.RoleInfo (RoleInfo.java:shutdownLeaderState(91)) - 9eaa9061-0cbd-4a3d-8091-a973303b955e: shutdown 9eaa9061-0cbd-4a3d-8091-a973303b955e@group-828664CAA80E-LeaderStateImpl
2021-11-29 23:23:40,266 [ForkJoinPool.commonPool-worker-1] INFO  impl.PendingRequests (PendingRequests.java:sendNotLeaderResponses(282)) - 9eaa9061-0cbd-4a3d-8091-a973303b955e@group-828664CAA80E-PendingRequests: sendNotLeaderResponses
2021-11-29 23:23:40,267 [ForkJoinPool.commonPool-worker-1] INFO  impl.StateMachineUpdater (StateMachineUpdater.java:stopAndJoin(149)) - 9eaa9061-0cbd-4a3d-8091-a973303b955e@group-828664CAA80E-StateMachineUpdater: set stopIndex = 0
2021-11-29 23:23:40,269 [9eaa9061-0cbd-4a3d-8091-a973303b955e@group-828664CAA80E-StateMachineUpdater] INFO  ratis.ContainerStateMachine (ContainerStateMachine.java:takeSnapshot(292)) - group-828664CAA80E: Taking a snapshot at:(t:1, i:0) file /home/runner/work/ozone/ozone/hadoop-ozone/integration-test/target/test-dir/MiniOzoneClusterImpl-94814d1b-625b-4fc6-932d-e037948e86e0/datanode-0/data/ratis/e6d1eda4-a2d7-4e09-aea9-828664caa80e/sm/snapshot.1_0
2021-11-29 23:23:40,272 [9eaa9061-0cbd-4a3d-8091-a973303b955e@group-828664CAA80E-StateMachineUpdater] INFO  ratis.ContainerStateMachine (ContainerStateMachine.java:takeSnapshot(303)) - group-828664CAA80E: Finished taking a snapshot at:(t:1, i:0) file:/home/runner/work/ozone/ozone/hadoop-ozone/integration-test/target/test-dir/MiniOzoneClusterImpl-94814d1b-625b-4fc6-932d-e037948e86e0/datanode-0/data/ratis/e6d1eda4-a2d7-4e09-aea9-828664caa80e/sm/snapshot.1_0 took: 4 ms
2021-11-29 23:23:40,273 [9eaa9061-0cbd-4a3d-8091-a973303b955e@group-828664CAA80E-StateMachineUpdater] INFO  impl.StateMachineUpdater (StateMachineUpdater.java:takeSnapshot(281)) - 9eaa9061-0cbd-4a3d-8091-a973303b955e@group-828664CAA80E-StateMachineUpdater: Took a snapshot at index 0
2021-11-29 23:23:40,273 [9eaa9061-0cbd-4a3d-8091-a973303b955e@group-828664CAA80E-StateMachineUpdater] INFO  impl.StateMachineUpdater (StateMachineUpdater.java:lambda$new$0(89)) - 9eaa9061-0cbd-4a3d-8091-a973303b955e@group-828664CAA80E-StateMachineUpdater: snapshotIndex: updateIncreasingly -1 -> 0
2021-11-29 23:23:40,273 [ForkJoinPool.commonPool-worker-1] INFO  server.RaftServer$Division (ServerState.java:close(419)) - 9eaa9061-0cbd-4a3d-8091-a973303b955e@group-828664CAA80E: closes. applyIndex: 0
2021-11-29 23:23:40,273 [9eaa9061-0cbd-4a3d-8091-a973303b955e@group-828664CAA80E-SegmentedRaftLogWorker] INFO  segmented.SegmentedRaftLogWorker (SegmentedRaftLogWorker.java:run(327)) - 9eaa9061-0cbd-4a3d-8091-a973303b955e@group-828664CAA80E-SegmentedRaftLogWorker was interrupted, exiting. There are 0 tasks remaining in the queue.
2021-11-29 23:23:40,273 [ForkJoinPool.commonPool-worker-1] INFO  segmented.SegmentedRaftLogWorker (SegmentedRaftLogWorker.java:close(237)) - 9eaa9061-0cbd-4a3d-8091-a973303b955e@group-828664CAA80E-SegmentedRaftLogWorker close()
2021-11-29 23:23:40,275 [ForkJoinPool.commonPool-worker-1] INFO  server.GrpcService (GrpcService.java:closeImpl(262)) - 9eaa9061-0cbd-4a3d-8091-a973303b955e: shutdown server with port 35167 now
2021-11-29 23:23:40,277 [ForkJoinPool.commonPool-worker-1] INFO  server.GrpcService (GrpcService.java:closeImpl(271)) - 9eaa9061-0cbd-4a3d-8091-a973303b955e: shutdown server with port 35167 successfully
2021-11-29 23:23:40,277 [org.apache.ratis.util.JvmPauseMonitor$$Lambda$535/1672973847@46dc35e4] INFO  util.JvmPauseMonitor (JvmPauseMonitor.java:run(109)) - JvmPauseMonitor-9eaa9061-0cbd-4a3d-8091-a973303b955e: Stopped
2021-11-29 23:23:40,282 [Listener at 127.0.0.1/46101] INFO  ozoneimpl.OzoneContainer (OzoneContainer.java:stop(325)) - Attempting to stop container services.
2021-11-29 23:23:40,321 [Listener at 127.0.0.1/46101] INFO  server.RaftServer (RaftServerProxy.java:lambda$close$6(391)) - 74f41514-20ca-4955-9e3a-cfde988d45f9: close
2021-11-29 23:23:40,322 [Listener at 127.0.0.1/46101] INFO  server.RaftServer$Division (RaftServerImpl.java:lambda$close$4(412)) - 74f41514-20ca-4955-9e3a-cfde988d45f9@group-2750B8C67C55: shutdown
2021-11-29 23:23:40,322 [Listener at 127.0.0.1/46101] INFO  util.JmxRegister (JmxRegister.java:unregister(73)) - Successfully un-registered JMX Bean with object name Ratis:service=RaftServer,group=group-2750B8C67C55,id=74f41514-20ca-4955-9e3a-cfde988d45f9
2021-11-29 23:23:40,322 [Listener at 127.0.0.1/46101] INFO  impl.RoleInfo (RoleInfo.java:shutdownLeaderState(91)) - 74f41514-20ca-4955-9e3a-cfde988d45f9: shutdown 74f41514-20ca-4955-9e3a-cfde988d45f9@group-2750B8C67C55-LeaderStateImpl
2021-11-29 23:23:40,322 [Listener at 127.0.0.1/46101] INFO  impl.PendingRequests (PendingRequests.java:sendNotLeaderResponses(282)) - 74f41514-20ca-4955-9e3a-cfde988d45f9@group-2750B8C67C55-PendingRequests: sendNotLeaderResponses
2021-11-29 23:23:40,323 [Listener at 127.0.0.1/46101] INFO  impl.StateMachineUpdater (StateMachineUpdater.java:stopAndJoin(149)) - 74f41514-20ca-4955-9e3a-cfde988d45f9@group-2750B8C67C55-StateMachineUpdater: set stopIndex = 0
2021-11-29 23:23:40,323 [74f41514-20ca-4955-9e3a-cfde988d45f9@group-2750B8C67C55-StateMachineUpdater] INFO  ratis.ContainerStateMachine (ContainerStateMachine.java:takeSnapshot(292)) - group-2750B8C67C55: Taking a snapshot at:(t:1, i:0) file /home/runner/work/ozone/ozone/hadoop-ozone/integration-test/target/test-dir/MiniOzoneClusterImpl-94814d1b-625b-4fc6-932d-e037948e86e0/datanode-3/data/ratis/e9e31f76-78c3-423a-ad98-2750b8c67c55/sm/snapshot.1_0
2021-11-29 23:23:40,324 [74f41514-20ca-4955-9e3a-cfde988d45f9@group-2750B8C67C55-StateMachineUpdater] INFO  ratis.ContainerStateMachine (ContainerStateMachine.java:takeSnapshot(303)) - group-2750B8C67C55: Finished taking a snapshot at:(t:1, i:0) file:/home/runner/work/ozone/ozone/hadoop-ozone/integration-test/target/test-dir/MiniOzoneClusterImpl-94814d1b-625b-4fc6-932d-e037948e86e0/datanode-3/data/ratis/e9e31f76-78c3-423a-ad98-2750b8c67c55/sm/snapshot.1_0 took: 1 ms
2021-11-29 23:23:40,324 [74f41514-20ca-4955-9e3a-cfde988d45f9@group-2750B8C67C55-StateMachineUpdater] INFO  impl.StateMachineUpdater (StateMachineUpdater.java:takeSnapshot(281)) - 74f41514-20ca-4955-9e3a-cfde988d45f9@group-2750B8C67C55-StateMachineUpdater: Took a snapshot at index 0
2021-11-29 23:23:40,324 [74f41514-20ca-4955-9e3a-cfde988d45f9@group-2750B8C67C55-StateMachineUpdater] INFO  impl.StateMachineUpdater (StateMachineUpdater.java:lambda$new$0(89)) - 74f41514-20ca-4955-9e3a-cfde988d45f9@group-2750B8C67C55-StateMachineUpdater: snapshotIndex: updateIncreasingly -1 -> 0
2021-11-29 23:23:40,325 [Listener at 127.0.0.1/46101] INFO  server.RaftServer$Division (ServerState.java:close(419)) - 74f41514-20ca-4955-9e3a-cfde988d45f9@group-2750B8C67C55: closes. applyIndex: 0
2021-11-29 23:23:40,325 [74f41514-20ca-4955-9e3a-cfde988d45f9@group-2750B8C67C55-SegmentedRaftLogWorker] INFO  segmented.SegmentedRaftLogWorker (SegmentedRaftLogWorker.java:run(327)) - 74f41514-20ca-4955-9e3a-cfde988d45f9@group-2750B8C67C55-SegmentedRaftLogWorker was interrupted, exiting. There are 0 tasks remaining in the queue.
2021-11-29 23:23:40,326 [ForkJoinPool.commonPool-worker-1] INFO  utils.BackgroundService (BackgroundService.java:shutdown(132)) - Shutting down service BlockDeletingService
2021-11-29 23:23:40,348 [Listener at 127.0.0.1/46101] INFO  segmented.SegmentedRaftLogWorker (SegmentedRaftLogWorker.java:close(237)) - 74f41514-20ca-4955-9e3a-cfde988d45f9@group-2750B8C67C55-SegmentedRaftLogWorker close()
2021-11-29 23:23:40,348 [Listener at 127.0.0.1/46101] INFO  server.GrpcService (GrpcService.java:closeImpl(262)) - 74f41514-20ca-4955-9e3a-cfde988d45f9: shutdown server with port 37127 now
2021-11-29 23:23:40,349 [Listener at 127.0.0.1/46101] INFO  server.GrpcService (GrpcService.java:closeImpl(271)) - 74f41514-20ca-4955-9e3a-cfde988d45f9: shutdown server with port 37127 successfully
2021-11-29 23:23:40,349 [org.apache.ratis.util.JvmPauseMonitor$$Lambda$535/1672973847@23b50f4e] INFO  util.JvmPauseMonitor (JvmPauseMonitor.java:run(109)) - JvmPauseMonitor-74f41514-20ca-4955-9e3a-cfde988d45f9: Stopped
2021-11-29 23:23:40,350 [Listener at 127.0.0.1/46101] INFO  utils.BackgroundService (BackgroundService.java:shutdown(132)) - Shutting down service BlockDeletingService
2021-11-29 23:23:40,545 [ReplicationMonitor] INFO  container.ReplicationManager (ReplicationManager.java:processAll(371)) - Replication Monitor Thread took 0 milliseconds for processing 0 containers.
2021-11-29 23:23:41,027 [EventQueue-DeadNodeForDeadNodeHandler] INFO  node.DeadNodeHandler (DeadNodeHandler.java:onMessage(80)) - A dead datanode is detected. 74f41514-20ca-4955-9e3a-cfde988d45f9{ip: 10.1.0.37, host: fv-az148-447.bm4ck3pvxvsene1rjriu5fhcdb.bx.internal.cloudapp.net, ports: [REPLICATION=45045, RATIS=37127, RATIS_ADMIN=37127, RATIS_SERVER=37127, STANDALONE=33889], networkLocation: /default-rack, certSerialId: null, persistedOpState: IN_SERVICE, persistedOpStateExpiryEpochSec: 0}
2021-11-29 23:23:41,027 [EventQueue-DeadNodeForDeadNodeHandler] INFO  pipeline.RatisPipelineProvider (RatisPipelineProvider.java:lambda$close$1(222)) - Send pipeline:PipelineID=e9e31f76-78c3-423a-ad98-2750b8c67c55 close command to datanode 74f41514-20ca-4955-9e3a-cfde988d45f9
2021-11-29 23:23:41,028 [EventQueue-DeadNodeForDeadNodeHandler] INFO  pipeline.PipelineStateManagerImpl (PipelineStateManagerImpl.java:removePipeline(223)) - Pipeline Pipeline[ Id: e9e31f76-78c3-423a-ad98-2750b8c67c55, Nodes: 74f41514-20ca-4955-9e3a-cfde988d45f9{ip: 10.1.0.37, host: fv-az148-447.bm4ck3pvxvsene1rjriu5fhcdb.bx.internal.cloudapp.net, ports: [REPLICATION=45045, RATIS=37127, RATIS_ADMIN=37127, RATIS_SERVER=37127, STANDALONE=33889], networkLocation: /default-rack, certSerialId: null, persistedOpState: IN_SERVICE, persistedOpStateExpiryEpochSec: 0}, ReplicationConfig: RATIS/ONE, State:CLOSED, leaderId:74f41514-20ca-4955-9e3a-cfde988d45f9, CreationTimestamp2021-11-29T23:21:30.639Z[Etc/UTC]] removed.
2021-11-29 23:23:41,028 [EventQueue-DeadNodeForDeadNodeHandler] INFO  net.NetworkTopologyImpl (NetworkTopologyImpl.java:remove(137)) - Removed a node: /default-rack/74f41514-20ca-4955-9e3a-cfde988d45f9
2021-11-29 23:23:41,127 [EventQueue-DeadNodeForDeadNodeHandler] INFO  node.DeadNodeHandler (DeadNodeHandler.java:onMessage(80)) - A dead datanode is detected. 9eaa9061-0cbd-4a3d-8091-a973303b955e{ip: 10.1.0.37, host: fv-az148-447.bm4ck3pvxvsene1rjriu5fhcdb.bx.internal.cloudapp.net, ports: [REPLICATION=43805, RATIS=35167, RATIS_ADMIN=35167, RATIS_SERVER=35167, STANDALONE=42101], networkLocation: /default-rack, certSerialId: null, persistedOpState: IN_SERVICE, persistedOpStateExpiryEpochSec: 0}
2021-11-29 23:23:41,128 [EventQueue-DeadNodeForDeadNodeHandler] INFO  pipeline.RatisPipelineProvider (RatisPipelineProvider.java:lambda$close$1(222)) - Send pipeline:PipelineID=e6d1eda4-a2d7-4e09-aea9-828664caa80e close command to datanode 9eaa9061-0cbd-4a3d-8091-a973303b955e
2021-11-29 23:23:41,128 [EventQueue-DeadNodeForDeadNodeHandler] INFO  pipeline.PipelineStateManagerImpl (PipelineStateManagerImpl.java:removePipeline(223)) - Pipeline Pipeline[ Id: e6d1eda4-a2d7-4e09-aea9-828664caa80e, Nodes: 9eaa9061-0cbd-4a3d-8091-a973303b955e{ip: 10.1.0.37, host: fv-az148-447.bm4ck3pvxvsene1rjriu5fhcdb.bx.internal.cloudapp.net, ports: [REPLICATION=43805, RATIS=35167, RATIS_ADMIN=35167, RATIS_SERVER=35167, STANDALONE=42101], networkLocation: /default-rack, certSerialId: null, persistedOpState: IN_SERVICE, persistedOpStateExpiryEpochSec: 0}, ReplicationConfig: RATIS/ONE, State:CLOSED, leaderId:9eaa9061-0cbd-4a3d-8091-a973303b955e, CreationTimestamp2021-11-29T23:21:28.622Z[Etc/UTC]] removed.
2021-11-29 23:23:41,128 [EventQueue-DeadNodeForDeadNodeHandler] INFO  net.NetworkTopologyImpl (NetworkTopologyImpl.java:remove(137)) - Removed a node: /default-rack/9eaa9061-0cbd-4a3d-8091-a973303b955e
2021-11-29 23:23:41,550 [ReplicationMonitor] INFO  container.ReplicationManager (ReplicationManager.java:processAll(371)) - Replication Monitor Thread took 0 milliseconds for processing 0 containers.
2021-11-29 23:23:42,550 [ReplicationMonitor] INFO  container.ReplicationManager (ReplicationManager.java:processAll(371)) - Replication Monitor Thread took 0 milliseconds for processing 0 containers.
2021-11-29 23:23:43,358 [Listener at 127.0.0.1/46101] INFO  statemachine.DatanodeStateMachine (DatanodeStateMachine.java:stopDaemon(526)) - Ozone container server stopped.
2021-11-29 23:23:43,359 [Listener at 127.0.0.1/46101] INFO  handler.ContextHandler (ContextHandler.java:doStop(1153)) - Stopped o.e.j.w.WebAppContext@6beb6df1{hddsDatanode,/,null,STOPPED}{jar:file:/home/runner/.m2/repository/org/apache/ozone/hdds-container-service/1.3.0-SNAPSHOT/hdds-container-service-1.3.0-SNAPSHOT.jar!/webapps/hddsDatanode}
2021-11-29 23:23:43,359 [Listener at 127.0.0.1/46101] INFO  server.AbstractConnector (AbstractConnector.java:doStop(381)) - Stopped ServerConnector@19feac7e{HTTP/1.1, (http/1.1)}{0.0.0.0:0}
2021-11-29 23:23:43,359 [Listener at 127.0.0.1/46101] INFO  server.session (HouseKeeper.java:stopScavenging(149)) - node0 Stopped scavenging
2021-11-29 23:23:43,359 [Listener at 127.0.0.1/46101] INFO  handler.ContextHandler (ContextHandler.java:doStop(1153)) - Stopped o.e.j.s.ServletContextHandler@3895c82f{static,/static,jar:file:/home/runner/.m2/repository/org/apache/ozone/hdds-container-service/1.3.0-SNAPSHOT/hdds-container-service-1.3.0-SNAPSHOT.jar!/webapps/static,STOPPED}
2021-11-29 23:23:43,360 [Listener at 127.0.0.1/46101] INFO  handler.ContextHandler (ContextHandler.java:doStop(1153)) - Stopped o.e.j.s.ServletContextHandler@37682c3d{logs,/logs,file:///home/runner/work/ozone/ozone/hadoop-ozone/integration-test/target/log,STOPPED}
2021-11-29 23:23:43,389 [ForkJoinPool.commonPool-worker-1] INFO  statemachine.DatanodeStateMachine (DatanodeStateMachine.java:stopDaemon(526)) - Ozone container server stopped.
2021-11-29 23:23:43,397 [ForkJoinPool.commonPool-worker-1] INFO  handler.ContextHandler (ContextHandler.java:doStop(1153)) - Stopped o.e.j.w.WebAppContext@7c2935e0{hddsDatanode,/,null,STOPPED}{jar:file:/home/runner/.m2/repository/org/apache/ozone/hdds-container-service/1.3.0-SNAPSHOT/hdds-container-service-1.3.0-SNAPSHOT.jar!/webapps/hddsDatanode}
2021-11-29 23:23:43,409 [ForkJoinPool.commonPool-worker-1] INFO  server.AbstractConnector (AbstractConnector.java:doStop(381)) - Stopped ServerConnector@71184fb9{HTTP/1.1, (http/1.1)}{0.0.0.0:0}
2021-11-29 23:23:43,409 [ForkJoinPool.commonPool-worker-1] INFO  server.session (HouseKeeper.java:stopScavenging(149)) - node0 Stopped scavenging
2021-11-29 23:23:43,410 [ForkJoinPool.commonPool-worker-1] INFO  handler.ContextHandler (ContextHandler.java:doStop(1153)) - Stopped o.e.j.s.ServletContextHandler@5dd0b4c6{static,/static,jar:file:/home/runner/.m2/repository/org/apache/ozone/hdds-container-service/1.3.0-SNAPSHOT/hdds-container-service-1.3.0-SNAPSHOT.jar!/webapps/static,STOPPED}
2021-11-29 23:23:43,410 [ForkJoinPool.commonPool-worker-1] INFO  handler.ContextHandler (ContextHandler.java:doStop(1153)) - Stopped o.e.j.s.ServletContextHandler@646a01f2{logs,/logs,file:///home/runner/work/ozone/ozone/hadoop-ozone/integration-test/target/log,STOPPED}
2021-11-29 23:23:43,417 [Listener at 127.0.0.1/46101] INFO  ozone.MiniOzoneClusterImpl (MiniOzoneClusterImpl.java:stopSCM(542)) - Stopping the StorageContainerManager
2021-11-29 23:23:43,418 [Listener at 127.0.0.1/46101] INFO  server.StorageContainerManager (StorageContainerManager.java:stop(1395)) - Stopping Container Balancer service.
2021-11-29 23:23:43,418 [Listener at 127.0.0.1/46101] INFO  balancer.ContainerBalancer (ContainerBalancer.java:stop(734)) - Container Balancer is not running.
2021-11-29 23:23:43,418 [Listener at 127.0.0.1/46101] INFO  server.StorageContainerManager (StorageContainerManager.java:stop(1402)) - Stopping Replication Manager Service.
2021-11-29 23:23:43,418 [Listener at 127.0.0.1/46101] INFO  container.ReplicationManager (ReplicationManager.java:stop(350)) - Stopping Replication Monitor Thread.
2021-11-29 23:23:43,418 [Listener at 127.0.0.1/46101] INFO  server.StorageContainerManager (StorageContainerManager.java:stop(1409)) - Stopping the Datanode Admin Monitor.
2021-11-29 23:23:43,418 [Listener at 127.0.0.1/46101] INFO  server.StorageContainerManager (StorageContainerManager.java:stop(1416)) - Stopping Lease Manager of the command watchers
2021-11-29 23:23:43,418 [Listener at 127.0.0.1/46101] INFO  server.StorageContainerManager (StorageContainerManager.java:stop(1423)) - Stopping datanode service RPC server
2021-11-29 23:23:43,418 [Listener at 127.0.0.1/46101] INFO  server.SCMDatanodeProtocolServer (SCMDatanodeProtocolServer.java:stop(389)) - Stopping the RPC server for DataNodes
2021-11-29 23:23:43,418 [Listener at 127.0.0.1/46101] INFO  ipc.Server (Server.java:stop(3414)) - Stopping server on 43677
2021-11-29 23:23:43,430 [IPC Server listener on 0] INFO  ipc.Server (Server.java:run(1376)) - Stopping IPC Server listener on 0
2021-11-29 23:23:43,441 [IPC Server Responder] INFO  ipc.Server (Server.java:run(1512)) - Stopping IPC Server Responder
2021-11-29 23:23:43,453 [SCM Heartbeat Processing Thread - 0] WARN  node.NodeStateManager (NodeStateManager.java:scheduleNextHealthCheck(799)) - Current Thread is interrupted, shutting down HB processing thread for Node Manager.
2021-11-29 23:23:43,453 [Listener at 127.0.0.1/46101] INFO  server.StorageContainerManager (StorageContainerManager.java:stop(1431)) - Stopping block service RPC server
2021-11-29 23:23:43,453 [Listener at 127.0.0.1/46101] INFO  server.SCMBlockProtocolServer (SCMBlockProtocolServer.java:stop(160)) - Stopping the RPC server for Block Protocol
2021-11-29 23:23:43,453 [Listener at 127.0.0.1/46101] INFO  ipc.Server (Server.java:stop(3414)) - Stopping server on 38869
2021-11-29 23:23:43,461 [Listener at 127.0.0.1/46101] INFO  server.StorageContainerManager (StorageContainerManager.java:stop(1438)) - Stopping the StorageContainerLocationProtocol RPC server
2021-11-29 23:23:43,461 [Listener at 127.0.0.1/46101] INFO  server.SCMClientProtocolServer (SCMClientProtocolServer.java:stop(173)) - Stopping the RPC server for Client Protocol
2021-11-29 23:23:43,461 [Listener at 127.0.0.1/46101] INFO  ipc.Server (Server.java:stop(3414)) - Stopping server on 43625
2021-11-29 23:23:43,461 [IPC Server Responder] INFO  ipc.Server (Server.java:run(1512)) - Stopping IPC Server Responder
2021-11-29 23:23:43,462 [IPC Server listener on 0] INFO  ipc.Server (Server.java:run(1376)) - Stopping IPC Server listener on 0
2021-11-29 23:23:43,465 [IPC Server listener on 0] INFO  ipc.Server (Server.java:run(1376)) - Stopping IPC Server listener on 0
2021-11-29 23:23:43,465 [Listener at 127.0.0.1/46101] INFO  server.StorageContainerManager (StorageContainerManager.java:stop(1445)) - Stopping Storage Container Manager HTTP server.
2021-11-29 23:23:43,466 [Listener at 127.0.0.1/46101] INFO  handler.ContextHandler (ContextHandler.java:doStop(1153)) - Stopped o.e.j.w.WebAppContext@7a4d563f{scm,/,null,STOPPED}{file:/home/runner/work/ozone/ozone/hadoop-ozone/integration-test/target/test-classes/webapps/scm}
2021-11-29 23:23:43,466 [IPC Server Responder] INFO  ipc.Server (Server.java:run(1512)) - Stopping IPC Server Responder
2021-11-29 23:23:43,469 [Listener at 127.0.0.1/46101] INFO  server.AbstractConnector (AbstractConnector.java:doStop(381)) - Stopped ServerConnector@3a486b22{HTTP/1.1, (http/1.1)}{0.0.0.0:0}
2021-11-29 23:23:43,469 [Listener at 127.0.0.1/46101] INFO  server.session (HouseKeeper.java:stopScavenging(149)) - node0 Stopped scavenging
2021-11-29 23:23:43,470 [Listener at 127.0.0.1/46101] INFO  handler.ContextHandler (ContextHandler.java:doStop(1153)) - Stopped o.e.j.s.ServletContextHandler@7a90935b{static,/static,file:///home/runner/work/ozone/ozone/hadoop-ozone/integration-test/target/test-classes/webapps/static,STOPPED}
2021-11-29 23:23:43,470 [Listener at 127.0.0.1/46101] INFO  handler.ContextHandler (ContextHandler.java:doStop(1153)) - Stopped o.e.j.s.ServletContextHandler@62646101{logs,/logs,file:///home/runner/work/ozone/ozone/hadoop-ozone/integration-test/target/log,STOPPED}
2021-11-29 23:23:43,473 [Listener at 127.0.0.1/46101] INFO  server.StorageContainerManager (StorageContainerManager.java:stop(1456)) - Stopping Block Manager Service.
2021-11-29 23:23:43,473 [Listener at 127.0.0.1/46101] INFO  utils.BackgroundService (BackgroundService.java:shutdown(132)) - Shutting down service SCMBlockDeletingService
2021-11-29 23:23:43,485 [Listener at 127.0.0.1/46101] INFO  utils.BackgroundService (BackgroundService.java:shutdown(132)) - Shutting down service SCMBlockDeletingService
2021-11-29 23:23:43,485 [Listener at 127.0.0.1/46101] INFO  server.StorageContainerManager (StorageContainerManager.java:stop(1483)) - Stopping SCM Event Queue.
2021-11-29 23:23:43,486 [Listener at 127.0.0.1/46101] INFO  server.StorageContainerManager (StorageContainerManager.java:stop(1494)) - Stopping SCM HA services.
2021-11-29 23:23:43,486 [Listener at 127.0.0.1/46101] INFO  pipeline.BackgroundPipelineCreator (BackgroundPipelineCreator.java:stop(158)) - Stopping RatisPipelineUtilsThread.
2021-11-29 23:23:43,487 [Listener at 127.0.0.1/46101] INFO  server.StorageContainerManager (StorageContainerManager.java:stop(1504)) - Stopping SCM MetadataStore.
2021-11-29 23:23:43,492 [Listener at 127.0.0.1/46101] INFO  impl.MetricsSystemImpl (MetricsSystemImpl.java:stop(210)) - Stopping HddsDatanode metrics system...
2021-11-29 23:23:43,541 [prometheus] INFO  impl.MetricsSinkAdapter (MetricsSinkAdapter.java:publishMetricsFromQueue(141)) - prometheus thread interrupted.
2021-11-29 23:23:43,544 [Listener at 127.0.0.1/46101] INFO  impl.MetricsSystemImpl (MetricsSystemImpl.java:stop(216)) - HddsDatanode metrics system stopped.
]]></system-out>
  </testcase>
  <testcase name="readAfterReplication[1]" classname="org.apache.hadoop.ozone.client.rpc.read.TestKeyInputStream" time="45.61"/>
</testsuite>