<?xml version="1.0" encoding="UTF-8"?>
<testsuite xmlns:xsi="http://www.w3.org/2001/XMLSchema-instance" xsi:noNamespaceSchemaLocation="https://maven.apache.org/surefire/maven-surefire-plugin/xsd/surefire-test-report-3.0.xsd" version="3.0" name="org.apache.hadoop.hdds.scm.container.balancer.TestContainerBalancerTask" time="7.544" tests="24" errors="1" skipped="0" failures="0">
  <properties>
    <property name="awt.toolkit" value="sun.awt.X11.XToolkit"/>
    <property name="file.encoding.pkg" value="sun.io"/>
    <property name="java.specification.version" value="1.8"/>
    <property name="sun.cpu.isalist" value=""/>
    <property name="sun.jnu.encoding" value="UTF-8"/>
    <property name="java.class.path" value="/home/runner/work/ozone/ozone/hadoop-hdds/server-scm/target/test-classes:/home/runner/work/ozone/ozone/hadoop-hdds/server-scm/target/classes:/home/runner/work/ozone/ozone/hadoop-hdds/test-utils/target/classes:/home/runner/.m2/repository/com/google/guava/guava/32.0.0-jre/guava-32.0.0-jre.jar:/home/runner/.m2/repository/com/google/guava/failureaccess/1.0.1/failureaccess-1.0.1.jar:/home/runner/.m2/repository/com/google/guava/listenablefuture/9999.0-empty-to-avoid-conflict-with-guava/listenablefuture-9999.0-empty-to-avoid-conflict-with-guava.jar:/home/runner/.m2/repository/org/checkerframework/checker-qual/3.33.0/checker-qual-3.33.0.jar:/home/runner/.m2/repository/com/google/errorprone/error_prone_annotations/2.2.0/error_prone_annotations-2.2.0.jar:/home/runner/.m2/repository/com/google/j2objc/j2objc-annotations/2.8/j2objc-annotations-2.8.jar:/home/runner/.m2/repository/commons-io/commons-io/2.11.0/commons-io-2.11.0.jar:/home/runner/.m2/repository/commons-logging/commons-logging/1.2/commons-logging-1.2.jar:/home/runner/.m2/repository/ch/qos/reload4j/reload4j/1.2.22/reload4j-1.2.22.jar:/home/runner/.m2/repository/org/apache/commons/commons-lang3/3.7/commons-lang3-3.7.jar:/home/runner/.m2/repository/org/slf4j/slf4j-api/1.7.36/slf4j-api-1.7.36.jar:/home/runner/.m2/repository/org/apache/logging/log4j/log4j-api/2.17.1/log4j-api-2.17.1.jar:/home/runner/work/ozone/ozone/hadoop-hdds/common/target/classes:/home/runner/work/ozone/ozone/hadoop-hdds/hadoop-dependency-client/target/classes:/home/runner/.m2/repository/info/picocli/picocli/4.6.1/picocli-4.6.1.jar:/home/runner/.m2/repository/com/fasterxml/jackson/core/jackson-annotations/2.13.4/jackson-annotations-2.13.4.jar:/home/runner/.m2/repository/com/fasterxml/jackson/datatype/jackson-datatype-jsr310/2.13.4/jackson-datatype-jsr310-2.13.4.jar:/home/runner/.m2/repository/com/fasterxml/jackson/core/jackson-core/2.13.4/jackson-core-2.13.4.jar:/home/runner/work/ozone/ozone/hadoop-hdds/annotations/target/classes:/home/runner/work/ozone/ozone/hadoop-hdds/config/target/classes:/home/runner/.m2/repository/javax/annotation/javax.annotation-api/1.2/javax.annotation-api-1.2.jar:/home/runner/.m2/repository/org/apache/ratis/ratis-server/2.5.1/ratis-server-2.5.1.jar:/home/runner/.m2/repository/org/apache/ratis/ratis-thirdparty-misc/1.0.4/ratis-thirdparty-misc-1.0.4.jar:/home/runner/.m2/repository/org/apache/ratis/ratis-proto/2.5.1/ratis-proto-2.5.1.jar:/home/runner/.m2/repository/org/apache/ratis/ratis-common/2.5.1/ratis-common-2.5.1.jar:/home/runner/.m2/repository/org/apache/ratis/ratis-client/2.5.1/ratis-client-2.5.1.jar:/home/runner/.m2/repository/org/apache/ratis/ratis-server-api/2.5.1/ratis-server-api-2.5.1.jar:/home/runner/.m2/repository/org/apache/ratis/ratis-metrics/2.5.1/ratis-metrics-2.5.1.jar:/home/runner/.m2/repository/org/apache/ratis/ratis-netty/2.5.1/ratis-netty-2.5.1.jar:/home/runner/.m2/repository/org/apache/ratis/ratis-grpc/2.5.1/ratis-grpc-2.5.1.jar:/home/runner/.m2/repository/org/apache/commons/commons-pool2/2.6.0/commons-pool2-2.6.0.jar:/home/runner/.m2/repository/org/bouncycastle/bcpkix-jdk15on/1.67/bcpkix-jdk15on-1.67.jar:/home/runner/.m2/repository/commons-validator/commons-validator/1.6/commons-validator-1.6.jar:/home/runner/.m2/repository/commons-beanutils/commons-beanutils/1.9.4/commons-beanutils-1.9.4.jar:/home/runner/.m2/repository/commons-digester/commons-digester/1.8.1/commons-digester-1.8.1.jar:/home/runner/.m2/repository/commons-collections/commons-collections/3.2.2/commons-collections-3.2.2.jar:/home/runner/.m2/repository/io/jaegertracing/jaeger-client/1.6.0/jaeger-client-1.6.0.jar:/home/runner/.m2/repository/io/jaegertracing/jaeger-thrift/1.6.0/jaeger-thrift-1.6.0.jar:/home/runner/.m2/repository/org/apache/thrift/libthrift/0.14.1/libthrift-0.14.1.jar:/home/runner/.m2/repository/io/jaegertracing/jaeger-core/1.6.0/jaeger-core-1.6.0.jar:/home/runner/.m2/repository/io/jaegertracing/jaeger-tracerresolver/1.6.0/jaeger-tracerresolver-1.6.0.jar:/home/runner/.m2/repository/io/opentracing/contrib/opentracing-tracerresolver/0.1.8/opentracing-tracerresolver-0.1.8.jar:/home/runner/.m2/repository/org/jetbrains/kotlin/kotlin-stdlib/1.6.21/kotlin-stdlib-1.6.21.jar:/home/runner/.m2/repository/org/jetbrains/annotations/13.0/annotations-13.0.jar:/home/runner/.m2/repository/io/opentracing/opentracing-util/0.33.0/opentracing-util-0.33.0.jar:/home/runner/.m2/repository/io/opentracing/opentracing-api/0.33.0/opentracing-api-0.33.0.jar:/home/runner/.m2/repository/io/opentracing/opentracing-noop/0.33.0/opentracing-noop-0.33.0.jar:/home/runner/.m2/repository/org/yaml/snakeyaml/2.0/snakeyaml-2.0.jar:/home/runner/.m2/repository/org/reflections/reflections/0.9.11/reflections-0.9.11.jar:/home/runner/.m2/repository/org/javassist/javassist/3.21.0-GA/javassist-3.21.0-GA.jar:/home/runner/work/ozone/ozone/hadoop-hdds/interface-client/target/classes:/home/runner/.m2/repository/org/apache/hadoop/thirdparty/hadoop-shaded-protobuf_3_7/1.1.1/hadoop-shaded-protobuf_3_7-1.1.1.jar:/home/runner/work/ozone/ozone/hadoop-hdds/interface-admin/target/classes:/home/runner/.m2/repository/io/grpc/grpc-api/1.51.1/grpc-api-1.51.1.jar:/home/runner/.m2/repository/io/grpc/grpc-context/1.51.1/grpc-context-1.51.1.jar:/home/runner/work/ozone/ozone/hadoop-hdds/container-service/target/classes:/home/runner/.m2/repository/org/apache/commons/commons-compress/1.21/commons-compress-1.21.jar:/home/runner/.m2/repository/com/github/luben/zstd-jni/1.5.2-5/zstd-jni-1.5.2-5.jar:/home/runner/.m2/repository/commons-codec/commons-codec/1.15/commons-codec-1.15.jar:/home/runner/.m2/repository/javax/xml/bind/jaxb-api/2.3.0/jaxb-api-2.3.0.jar:/home/runner/.m2/repository/org/glassfish/jaxb/jaxb-runtime/2.3.0.1/jaxb-runtime-2.3.0.1.jar:/home/runner/.m2/repository/org/glassfish/jaxb/jaxb-core/2.3.0.1/jaxb-core-2.3.0.1.jar:/home/runner/.m2/repository/org/glassfish/jaxb/txw2/2.3.0.1/txw2-2.3.0.1.jar:/home/runner/.m2/repository/com/sun/istack/istack-commons-runtime/3.0.5/istack-commons-runtime-3.0.5.jar:/home/runner/.m2/repository/org/jvnet/staxex/stax-ex/1.7.8/stax-ex-1.7.8.jar:/home/runner/.m2/repository/com/sun/xml/fastinfoset/FastInfoset/1.2.13/FastInfoset-1.2.13.jar:/home/runner/.m2/repository/io/netty/netty-transport/4.1.94.Final/netty-transport-4.1.94.Final.jar:/home/runner/.m2/repository/io/netty/netty-common/4.1.94.Final/netty-common-4.1.94.Final.jar:/home/runner/.m2/repository/io/netty/netty-buffer/4.1.94.Final/netty-buffer-4.1.94.Final.jar:/home/runner/.m2/repository/io/netty/netty-resolver/4.1.94.Final/netty-resolver-4.1.94.Final.jar:/home/runner/.m2/repository/io/netty/netty-codec/4.1.94.Final/netty-codec-4.1.94.Final.jar:/home/runner/.m2/repository/io/netty/netty-handler/4.1.94.Final/netty-handler-4.1.94.Final.jar:/home/runner/.m2/repository/io/netty/netty-transport-native-unix-common/4.1.94.Final/netty-transport-native-unix-common-4.1.94.Final.jar:/home/runner/work/ozone/ozone/hadoop-hdds/client/target/classes:/home/runner/work/ozone/ozone/hadoop-hdds/erasurecode/target/classes:/home/runner/work/ozone/ozone/hadoop-hdds/hadoop-dependency-server/target/classes:/home/runner/.m2/repository/org/apache/hadoop/hadoop-annotations/3.3.6/hadoop-annotations-3.3.6.jar:/usr/lib/jvm/temurin-8-jdk-amd64/jre/../lib/tools.jar:/home/runner/.m2/repository/org/apache/hadoop/hadoop-common/3.3.6/hadoop-common-3.3.6.jar:/home/runner/.m2/repository/org/apache/hadoop/thirdparty/hadoop-shaded-guava/1.1.1/hadoop-shaded-guava-1.1.1.jar:/home/runner/.m2/repository/org/apache/httpcomponents/httpclient/4.5.13/httpclient-4.5.13.jar:/home/runner/.m2/repository/org/apache/httpcomponents/httpcore/4.4.13/httpcore-4.4.13.jar:/home/runner/.m2/repository/commons-net/commons-net/3.9.0/commons-net-3.9.0.jar:/home/runner/.m2/repository/javax/servlet/javax.servlet-api/3.1.0/javax.servlet-api-3.1.0.jar:/home/runner/.m2/repository/jakarta/activation/jakarta.activation-api/1.2.2/jakarta.activation-api-1.2.2.jar:/home/runner/.m2/repository/javax/servlet/jsp/jsp-api/2.1/jsp-api-2.1.jar:/home/runner/.m2/repository/com/sun/jersey/jersey-core/1.19/jersey-core-1.19.jar:/home/runner/.m2/repository/javax/ws/rs/jsr311-api/1.1.1/jsr311-api-1.1.1.jar:/home/runner/.m2/repository/com/sun/jersey/jersey-servlet/1.19/jersey-servlet-1.19.jar:/home/runner/.m2/repository/com/sun/jersey/jersey-server/1.19/jersey-server-1.19.jar:/home/runner/.m2/repository/com/google/re2j/re2j/1.1/re2j-1.1.jar:/home/runner/.m2/repository/com/google/code/gson/gson/2.9.0/gson-2.9.0.jar:/home/runner/.m2/repository/org/apache/hadoop/hadoop-auth/3.3.6/hadoop-auth-3.3.6.jar:/home/runner/.m2/repository/com/nimbusds/nimbus-jose-jwt/9.8.1/nimbus-jose-jwt-9.8.1.jar:/home/runner/.m2/repository/com/github/stephenc/jcip/jcip-annotations/1.0-1/jcip-annotations-1.0-1.jar:/home/runner/.m2/repository/com/jcraft/jsch/0.1.54/jsch-0.1.54.jar:/home/runner/.m2/repository/org/apache/kerby/kerb-core/1.0.1/kerb-core-1.0.1.jar:/home/runner/.m2/repository/org/apache/kerby/kerby-pkix/1.0.1/kerby-pkix-1.0.1.jar:/home/runner/.m2/repository/org/apache/kerby/kerby-asn1/1.0.1/kerby-asn1-1.0.1.jar:/home/runner/.m2/repository/org/apache/kerby/kerby-util/1.0.1/kerby-util-1.0.1.jar:/home/runner/.m2/repository/org/codehaus/woodstox/stax2-api/4.2.1/stax2-api-4.2.1.jar:/home/runner/.m2/repository/com/fasterxml/woodstox/woodstox-core/5.4.0/woodstox-core-5.4.0.jar:/home/runner/.m2/repository/dnsjava/dnsjava/2.1.7/dnsjava-2.1.7.jar:/home/runner/.m2/repository/org/xerial/snappy/snappy-java/1.1.8.2/snappy-java-1.1.8.2.jar:/home/runner/.m2/repository/commons-cli/commons-cli/1.2/commons-cli-1.2.jar:/home/runner/.m2/repository/org/apache/hadoop/hadoop-hdfs/3.3.6/hadoop-hdfs-3.3.6.jar:/home/runner/.m2/repository/org/eclipse/jetty/jetty-util-ajax/9.4.51.v20230217/jetty-util-ajax-9.4.51.v20230217.jar:/home/runner/.m2/repository/commons-daemon/commons-daemon/1.0.13/commons-daemon-1.0.13.jar:/home/runner/work/ozone/ozone/hadoop-hdds/framework/target/classes:/home/runner/work/ozone/ozone/hadoop-hdds/interface-server/target/classes:/home/runner/work/ozone/ozone/hadoop-hdds/managed-rocksdb/target/classes:/home/runner/.m2/repository/org/rocksdb/rocksdbjni/7.7.3/rocksdbjni-7.7.3.jar:/home/runner/.m2/repository/org/slf4j/slf4j-reload4j/1.7.36/slf4j-reload4j-1.7.36.jar:/home/runner/.m2/repository/org/apache/commons/commons-configuration2/2.1.1/commons-configuration2-2.1.1.jar:/home/runner/.m2/repository/commons-fileupload/commons-fileupload/1.5/commons-fileupload-1.5.jar:/home/runner/.m2/repository/org/apache/logging/log4j/log4j-core/2.17.1/log4j-core-2.17.1.jar:/home/runner/.m2/repository/com/lmax/disruptor/3.4.2/disruptor-3.4.2.jar:/home/runner/.m2/repository/org/eclipse/jetty/jetty-util/9.4.51.v20230217/jetty-util-9.4.51.v20230217.jar:/home/runner/.m2/repository/org/eclipse/jetty/jetty-server/9.4.51.v20230217/jetty-server-9.4.51.v20230217.jar:/home/runner/.m2/repository/org/eclipse/jetty/jetty-http/9.4.51.v20230217/jetty-http-9.4.51.v20230217.jar:/home/runner/.m2/repository/org/eclipse/jetty/jetty-io/9.4.51.v20230217/jetty-io-9.4.51.v20230217.jar:/home/runner/.m2/repository/org/eclipse/jetty/jetty-servlet/9.4.51.v20230217/jetty-servlet-9.4.51.v20230217.jar:/home/runner/.m2/repository/org/eclipse/jetty/jetty-security/9.4.51.v20230217/jetty-security-9.4.51.v20230217.jar:/home/runner/.m2/repository/org/eclipse/jetty/jetty-webapp/9.4.51.v20230217/jetty-webapp-9.4.51.v20230217.jar:/home/runner/.m2/repository/org/eclipse/jetty/jetty-xml/9.4.51.v20230217/jetty-xml-9.4.51.v20230217.jar:/home/runner/.m2/repository/io/prometheus/simpleclient_dropwizard/0.7.0/simpleclient_dropwizard-0.7.0.jar:/home/runner/.m2/repository/io/prometheus/simpleclient/0.7.0/simpleclient-0.7.0.jar:/home/runner/.m2/repository/io/prometheus/simpleclient_common/0.7.0/simpleclient_common-0.7.0.jar:/home/runner/work/ozone/ozone/hadoop-hdds/rocksdb-checkpoint-differ/target/classes:/home/runner/work/ozone/ozone/hadoop-hdds/rocks-native/target/classes:/home/runner/.m2/repository/org/jgrapht/jgrapht-core/1.0.1/jgrapht-core-1.0.1.jar:/home/runner/.m2/repository/org/jgrapht/jgrapht-ext/1.0.1/jgrapht-ext-1.0.1.jar:/home/runner/.m2/repository/org/tinyjee/jgraphx/jgraphx/2.0.0.1/jgraphx-2.0.0.1.jar:/home/runner/.m2/repository/jgraph/jgraph/5.13.0.0/jgraph-5.13.0.0.jar:/home/runner/.m2/repository/org/antlr/antlr4-runtime/4.5.3/antlr4-runtime-4.5.3.jar:/home/runner/.m2/repository/org/awaitility/awaitility/4.2.0/awaitility-4.2.0.jar:/home/runner/.m2/repository/org/hamcrest/hamcrest/2.1/hamcrest-2.1.jar:/home/runner/work/ozone/ozone/hadoop-hdds/docs/target/classes:/home/runner/.m2/repository/io/dropwizard/metrics/metrics-core/3.2.4/metrics-core-3.2.4.jar:/home/runner/.m2/repository/com/github/spotbugs/spotbugs-annotations/3.1.12/spotbugs-annotations-3.1.12.jar:/home/runner/.m2/repository/com/google/code/findbugs/jsr305/3.0.0/jsr305-3.0.0.jar:/home/runner/.m2/repository/org/apache/commons/commons-math3/3.1.1/commons-math3-3.1.1.jar:/home/runner/.m2/repository/org/apache/commons/commons-text/1.10.0/commons-text-1.10.0.jar:/home/runner/.m2/repository/org/apache/hadoop/hadoop-hdfs-client/3.3.6/hadoop-hdfs-client-3.3.6.jar:/home/runner/.m2/repository/com/squareup/okhttp3/okhttp/4.9.3/okhttp-4.9.3.jar:/home/runner/.m2/repository/com/squareup/okio/okio/3.4.0/okio-3.4.0.jar:/home/runner/.m2/repository/com/squareup/okio/okio-jvm/3.4.0/okio-jvm-3.4.0.jar:/home/runner/.m2/repository/org/jetbrains/kotlin/kotlin-stdlib-jdk8/1.8.0/kotlin-stdlib-jdk8-1.8.0.jar:/home/runner/.m2/repository/org/jetbrains/kotlin/kotlin-stdlib-jdk7/1.8.0/kotlin-stdlib-jdk7-1.8.0.jar:/home/runner/.m2/repository/org/jetbrains/kotlin/kotlin-stdlib-common/1.6.21/kotlin-stdlib-common-1.6.21.jar:/home/runner/.m2/repository/com/fasterxml/jackson/core/jackson-databind/2.13.4.2/jackson-databind-2.13.4.2.jar:/home/runner/work/ozone/ozone/hadoop-hdds/container-service/target/test-classes:/home/runner/work/ozone/ozone/hadoop-hdds/common/target/test-classes:/home/runner/.m2/repository/org/hamcrest/hamcrest-core/1.3/hamcrest-core-1.3.jar:/home/runner/.m2/repository/org/assertj/assertj-core/3.12.2/assertj-core-3.12.2.jar:/home/runner/.m2/repository/org/mockito/mockito-core/3.5.9/mockito-core-3.5.9.jar:/home/runner/.m2/repository/net/bytebuddy/byte-buddy/1.10.13/byte-buddy-1.10.13.jar:/home/runner/.m2/repository/net/bytebuddy/byte-buddy-agent/1.10.13/byte-buddy-agent-1.10.13.jar:/home/runner/.m2/repository/org/objenesis/objenesis/1.0/objenesis-1.0.jar:/home/runner/.m2/repository/org/hamcrest/hamcrest-all/1.3/hamcrest-all-1.3.jar:/home/runner/.m2/repository/org/bouncycastle/bcprov-jdk15on/1.67/bcprov-jdk15on-1.67.jar:/home/runner/work/ozone/ozone/hadoop-hdds/hadoop-dependency-test/target/classes:/home/runner/.m2/repository/org/apache/hadoop/hadoop-common/3.3.6/hadoop-common-3.3.6-tests.jar:/home/runner/.m2/repository/org/apache/hadoop/hadoop-hdfs/3.3.6/hadoop-hdfs-3.3.6-tests.jar:/home/runner/.m2/repository/com/google/protobuf/protobuf-java/2.5.0/protobuf-java-2.5.0.jar:/home/runner/.m2/repository/org/junit/jupiter/junit-jupiter-api/5.8.2/junit-jupiter-api-5.8.2.jar:/home/runner/.m2/repository/org/opentest4j/opentest4j/1.2.0/opentest4j-1.2.0.jar:/home/runner/.m2/repository/org/junit/platform/junit-platform-commons/1.8.2/junit-platform-commons-1.8.2.jar:/home/runner/.m2/repository/org/apiguardian/apiguardian-api/1.1.2/apiguardian-api-1.1.2.jar:/home/runner/.m2/repository/org/junit/jupiter/junit-jupiter-engine/5.8.2/junit-jupiter-engine-5.8.2.jar:/home/runner/.m2/repository/org/junit/platform/junit-platform-engine/1.8.2/junit-platform-engine-1.8.2.jar:/home/runner/.m2/repository/org/junit/vintage/junit-vintage-engine/5.8.2/junit-vintage-engine-5.8.2.jar:/home/runner/.m2/repository/org/junit/platform/junit-platform-launcher/1.8.2/junit-platform-launcher-1.8.2.jar:/home/runner/.m2/repository/org/junit/jupiter/junit-jupiter-params/5.8.2/junit-jupiter-params-5.8.2.jar:/home/runner/.m2/repository/junit/junit/4.13.1/junit-4.13.1.jar:"/>
    <property name="java.vm.vendor" value="Temurin"/>
    <property name="sun.arch.data.model" value="64"/>
    <property name="test.build.dir" value="/home/runner/work/ozone/ozone/hadoop-hdds/server-scm/target/test-dir"/>
    <property name="test.cache.data" value=""/>
    <property name="java.vendor.url" value="https://adoptium.net/"/>
    <property name="user.timezone" value="Etc/UTC"/>
    <property name="java.vm.specification.version" value="1.8"/>
    <property name="os.name" value="Linux"/>
    <property name="test.build.data" value="/home/runner/work/ozone/ozone/hadoop-hdds/server-scm/target/test-dir"/>
    <property name="sun.java.launcher" value="SUN_STANDARD"/>
    <property name="sun.boot.library.path" value="/usr/lib/jvm/temurin-8-jdk-amd64/jre/lib/amd64"/>
    <property name="sun.java.command" value="/home/runner/work/ozone/ozone/hadoop-hdds/server-scm/target/surefire/surefirebooter5019991316583164561.jar /home/runner/work/ozone/ozone/hadoop-hdds/server-scm/target/surefire 2023-09-07T13-58-19_554-jvmRun1 surefire3753081676239685885tmp surefire_2696178773938689021910tmp"/>
    <property name="native.lib.tmp.dir" value="/tmp"/>
    <property name="surefire.test.class.path" value="/home/runner/work/ozone/ozone/hadoop-hdds/server-scm/target/test-classes:/home/runner/work/ozone/ozone/hadoop-hdds/server-scm/target/classes:/home/runner/work/ozone/ozone/hadoop-hdds/test-utils/target/classes:/home/runner/.m2/repository/com/google/guava/guava/32.0.0-jre/guava-32.0.0-jre.jar:/home/runner/.m2/repository/com/google/guava/failureaccess/1.0.1/failureaccess-1.0.1.jar:/home/runner/.m2/repository/com/google/guava/listenablefuture/9999.0-empty-to-avoid-conflict-with-guava/listenablefuture-9999.0-empty-to-avoid-conflict-with-guava.jar:/home/runner/.m2/repository/org/checkerframework/checker-qual/3.33.0/checker-qual-3.33.0.jar:/home/runner/.m2/repository/com/google/errorprone/error_prone_annotations/2.2.0/error_prone_annotations-2.2.0.jar:/home/runner/.m2/repository/com/google/j2objc/j2objc-annotations/2.8/j2objc-annotations-2.8.jar:/home/runner/.m2/repository/commons-io/commons-io/2.11.0/commons-io-2.11.0.jar:/home/runner/.m2/repository/commons-logging/commons-logging/1.2/commons-logging-1.2.jar:/home/runner/.m2/repository/ch/qos/reload4j/reload4j/1.2.22/reload4j-1.2.22.jar:/home/runner/.m2/repository/org/apache/commons/commons-lang3/3.7/commons-lang3-3.7.jar:/home/runner/.m2/repository/org/slf4j/slf4j-api/1.7.36/slf4j-api-1.7.36.jar:/home/runner/.m2/repository/org/apache/logging/log4j/log4j-api/2.17.1/log4j-api-2.17.1.jar:/home/runner/work/ozone/ozone/hadoop-hdds/common/target/classes:/home/runner/work/ozone/ozone/hadoop-hdds/hadoop-dependency-client/target/classes:/home/runner/.m2/repository/info/picocli/picocli/4.6.1/picocli-4.6.1.jar:/home/runner/.m2/repository/com/fasterxml/jackson/core/jackson-annotations/2.13.4/jackson-annotations-2.13.4.jar:/home/runner/.m2/repository/com/fasterxml/jackson/datatype/jackson-datatype-jsr310/2.13.4/jackson-datatype-jsr310-2.13.4.jar:/home/runner/.m2/repository/com/fasterxml/jackson/core/jackson-core/2.13.4/jackson-core-2.13.4.jar:/home/runner/work/ozone/ozone/hadoop-hdds/annotations/target/classes:/home/runner/work/ozone/ozone/hadoop-hdds/config/target/classes:/home/runner/.m2/repository/javax/annotation/javax.annotation-api/1.2/javax.annotation-api-1.2.jar:/home/runner/.m2/repository/org/apache/ratis/ratis-server/2.5.1/ratis-server-2.5.1.jar:/home/runner/.m2/repository/org/apache/ratis/ratis-thirdparty-misc/1.0.4/ratis-thirdparty-misc-1.0.4.jar:/home/runner/.m2/repository/org/apache/ratis/ratis-proto/2.5.1/ratis-proto-2.5.1.jar:/home/runner/.m2/repository/org/apache/ratis/ratis-common/2.5.1/ratis-common-2.5.1.jar:/home/runner/.m2/repository/org/apache/ratis/ratis-client/2.5.1/ratis-client-2.5.1.jar:/home/runner/.m2/repository/org/apache/ratis/ratis-server-api/2.5.1/ratis-server-api-2.5.1.jar:/home/runner/.m2/repository/org/apache/ratis/ratis-metrics/2.5.1/ratis-metrics-2.5.1.jar:/home/runner/.m2/repository/org/apache/ratis/ratis-netty/2.5.1/ratis-netty-2.5.1.jar:/home/runner/.m2/repository/org/apache/ratis/ratis-grpc/2.5.1/ratis-grpc-2.5.1.jar:/home/runner/.m2/repository/org/apache/commons/commons-pool2/2.6.0/commons-pool2-2.6.0.jar:/home/runner/.m2/repository/org/bouncycastle/bcpkix-jdk15on/1.67/bcpkix-jdk15on-1.67.jar:/home/runner/.m2/repository/commons-validator/commons-validator/1.6/commons-validator-1.6.jar:/home/runner/.m2/repository/commons-beanutils/commons-beanutils/1.9.4/commons-beanutils-1.9.4.jar:/home/runner/.m2/repository/commons-digester/commons-digester/1.8.1/commons-digester-1.8.1.jar:/home/runner/.m2/repository/commons-collections/commons-collections/3.2.2/commons-collections-3.2.2.jar:/home/runner/.m2/repository/io/jaegertracing/jaeger-client/1.6.0/jaeger-client-1.6.0.jar:/home/runner/.m2/repository/io/jaegertracing/jaeger-thrift/1.6.0/jaeger-thrift-1.6.0.jar:/home/runner/.m2/repository/org/apache/thrift/libthrift/0.14.1/libthrift-0.14.1.jar:/home/runner/.m2/repository/io/jaegertracing/jaeger-core/1.6.0/jaeger-core-1.6.0.jar:/home/runner/.m2/repository/io/jaegertracing/jaeger-tracerresolver/1.6.0/jaeger-tracerresolver-1.6.0.jar:/home/runner/.m2/repository/io/opentracing/contrib/opentracing-tracerresolver/0.1.8/opentracing-tracerresolver-0.1.8.jar:/home/runner/.m2/repository/org/jetbrains/kotlin/kotlin-stdlib/1.6.21/kotlin-stdlib-1.6.21.jar:/home/runner/.m2/repository/org/jetbrains/annotations/13.0/annotations-13.0.jar:/home/runner/.m2/repository/io/opentracing/opentracing-util/0.33.0/opentracing-util-0.33.0.jar:/home/runner/.m2/repository/io/opentracing/opentracing-api/0.33.0/opentracing-api-0.33.0.jar:/home/runner/.m2/repository/io/opentracing/opentracing-noop/0.33.0/opentracing-noop-0.33.0.jar:/home/runner/.m2/repository/org/yaml/snakeyaml/2.0/snakeyaml-2.0.jar:/home/runner/.m2/repository/org/reflections/reflections/0.9.11/reflections-0.9.11.jar:/home/runner/.m2/repository/org/javassist/javassist/3.21.0-GA/javassist-3.21.0-GA.jar:/home/runner/work/ozone/ozone/hadoop-hdds/interface-client/target/classes:/home/runner/.m2/repository/org/apache/hadoop/thirdparty/hadoop-shaded-protobuf_3_7/1.1.1/hadoop-shaded-protobuf_3_7-1.1.1.jar:/home/runner/work/ozone/ozone/hadoop-hdds/interface-admin/target/classes:/home/runner/.m2/repository/io/grpc/grpc-api/1.51.1/grpc-api-1.51.1.jar:/home/runner/.m2/repository/io/grpc/grpc-context/1.51.1/grpc-context-1.51.1.jar:/home/runner/work/ozone/ozone/hadoop-hdds/container-service/target/classes:/home/runner/.m2/repository/org/apache/commons/commons-compress/1.21/commons-compress-1.21.jar:/home/runner/.m2/repository/com/github/luben/zstd-jni/1.5.2-5/zstd-jni-1.5.2-5.jar:/home/runner/.m2/repository/commons-codec/commons-codec/1.15/commons-codec-1.15.jar:/home/runner/.m2/repository/javax/xml/bind/jaxb-api/2.3.0/jaxb-api-2.3.0.jar:/home/runner/.m2/repository/org/glassfish/jaxb/jaxb-runtime/2.3.0.1/jaxb-runtime-2.3.0.1.jar:/home/runner/.m2/repository/org/glassfish/jaxb/jaxb-core/2.3.0.1/jaxb-core-2.3.0.1.jar:/home/runner/.m2/repository/org/glassfish/jaxb/txw2/2.3.0.1/txw2-2.3.0.1.jar:/home/runner/.m2/repository/com/sun/istack/istack-commons-runtime/3.0.5/istack-commons-runtime-3.0.5.jar:/home/runner/.m2/repository/org/jvnet/staxex/stax-ex/1.7.8/stax-ex-1.7.8.jar:/home/runner/.m2/repository/com/sun/xml/fastinfoset/FastInfoset/1.2.13/FastInfoset-1.2.13.jar:/home/runner/.m2/repository/io/netty/netty-transport/4.1.94.Final/netty-transport-4.1.94.Final.jar:/home/runner/.m2/repository/io/netty/netty-common/4.1.94.Final/netty-common-4.1.94.Final.jar:/home/runner/.m2/repository/io/netty/netty-buffer/4.1.94.Final/netty-buffer-4.1.94.Final.jar:/home/runner/.m2/repository/io/netty/netty-resolver/4.1.94.Final/netty-resolver-4.1.94.Final.jar:/home/runner/.m2/repository/io/netty/netty-codec/4.1.94.Final/netty-codec-4.1.94.Final.jar:/home/runner/.m2/repository/io/netty/netty-handler/4.1.94.Final/netty-handler-4.1.94.Final.jar:/home/runner/.m2/repository/io/netty/netty-transport-native-unix-common/4.1.94.Final/netty-transport-native-unix-common-4.1.94.Final.jar:/home/runner/work/ozone/ozone/hadoop-hdds/client/target/classes:/home/runner/work/ozone/ozone/hadoop-hdds/erasurecode/target/classes:/home/runner/work/ozone/ozone/hadoop-hdds/hadoop-dependency-server/target/classes:/home/runner/.m2/repository/org/apache/hadoop/hadoop-annotations/3.3.6/hadoop-annotations-3.3.6.jar:/usr/lib/jvm/temurin-8-jdk-amd64/jre/../lib/tools.jar:/home/runner/.m2/repository/org/apache/hadoop/hadoop-common/3.3.6/hadoop-common-3.3.6.jar:/home/runner/.m2/repository/org/apache/hadoop/thirdparty/hadoop-shaded-guava/1.1.1/hadoop-shaded-guava-1.1.1.jar:/home/runner/.m2/repository/org/apache/httpcomponents/httpclient/4.5.13/httpclient-4.5.13.jar:/home/runner/.m2/repository/org/apache/httpcomponents/httpcore/4.4.13/httpcore-4.4.13.jar:/home/runner/.m2/repository/commons-net/commons-net/3.9.0/commons-net-3.9.0.jar:/home/runner/.m2/repository/javax/servlet/javax.servlet-api/3.1.0/javax.servlet-api-3.1.0.jar:/home/runner/.m2/repository/jakarta/activation/jakarta.activation-api/1.2.2/jakarta.activation-api-1.2.2.jar:/home/runner/.m2/repository/javax/servlet/jsp/jsp-api/2.1/jsp-api-2.1.jar:/home/runner/.m2/repository/com/sun/jersey/jersey-core/1.19/jersey-core-1.19.jar:/home/runner/.m2/repository/javax/ws/rs/jsr311-api/1.1.1/jsr311-api-1.1.1.jar:/home/runner/.m2/repository/com/sun/jersey/jersey-servlet/1.19/jersey-servlet-1.19.jar:/home/runner/.m2/repository/com/sun/jersey/jersey-server/1.19/jersey-server-1.19.jar:/home/runner/.m2/repository/com/google/re2j/re2j/1.1/re2j-1.1.jar:/home/runner/.m2/repository/com/google/code/gson/gson/2.9.0/gson-2.9.0.jar:/home/runner/.m2/repository/org/apache/hadoop/hadoop-auth/3.3.6/hadoop-auth-3.3.6.jar:/home/runner/.m2/repository/com/nimbusds/nimbus-jose-jwt/9.8.1/nimbus-jose-jwt-9.8.1.jar:/home/runner/.m2/repository/com/github/stephenc/jcip/jcip-annotations/1.0-1/jcip-annotations-1.0-1.jar:/home/runner/.m2/repository/com/jcraft/jsch/0.1.54/jsch-0.1.54.jar:/home/runner/.m2/repository/org/apache/kerby/kerb-core/1.0.1/kerb-core-1.0.1.jar:/home/runner/.m2/repository/org/apache/kerby/kerby-pkix/1.0.1/kerby-pkix-1.0.1.jar:/home/runner/.m2/repository/org/apache/kerby/kerby-asn1/1.0.1/kerby-asn1-1.0.1.jar:/home/runner/.m2/repository/org/apache/kerby/kerby-util/1.0.1/kerby-util-1.0.1.jar:/home/runner/.m2/repository/org/codehaus/woodstox/stax2-api/4.2.1/stax2-api-4.2.1.jar:/home/runner/.m2/repository/com/fasterxml/woodstox/woodstox-core/5.4.0/woodstox-core-5.4.0.jar:/home/runner/.m2/repository/dnsjava/dnsjava/2.1.7/dnsjava-2.1.7.jar:/home/runner/.m2/repository/org/xerial/snappy/snappy-java/1.1.8.2/snappy-java-1.1.8.2.jar:/home/runner/.m2/repository/commons-cli/commons-cli/1.2/commons-cli-1.2.jar:/home/runner/.m2/repository/org/apache/hadoop/hadoop-hdfs/3.3.6/hadoop-hdfs-3.3.6.jar:/home/runner/.m2/repository/org/eclipse/jetty/jetty-util-ajax/9.4.51.v20230217/jetty-util-ajax-9.4.51.v20230217.jar:/home/runner/.m2/repository/commons-daemon/commons-daemon/1.0.13/commons-daemon-1.0.13.jar:/home/runner/work/ozone/ozone/hadoop-hdds/framework/target/classes:/home/runner/work/ozone/ozone/hadoop-hdds/interface-server/target/classes:/home/runner/work/ozone/ozone/hadoop-hdds/managed-rocksdb/target/classes:/home/runner/.m2/repository/org/rocksdb/rocksdbjni/7.7.3/rocksdbjni-7.7.3.jar:/home/runner/.m2/repository/org/slf4j/slf4j-reload4j/1.7.36/slf4j-reload4j-1.7.36.jar:/home/runner/.m2/repository/org/apache/commons/commons-configuration2/2.1.1/commons-configuration2-2.1.1.jar:/home/runner/.m2/repository/commons-fileupload/commons-fileupload/1.5/commons-fileupload-1.5.jar:/home/runner/.m2/repository/org/apache/logging/log4j/log4j-core/2.17.1/log4j-core-2.17.1.jar:/home/runner/.m2/repository/com/lmax/disruptor/3.4.2/disruptor-3.4.2.jar:/home/runner/.m2/repository/org/eclipse/jetty/jetty-util/9.4.51.v20230217/jetty-util-9.4.51.v20230217.jar:/home/runner/.m2/repository/org/eclipse/jetty/jetty-server/9.4.51.v20230217/jetty-server-9.4.51.v20230217.jar:/home/runner/.m2/repository/org/eclipse/jetty/jetty-http/9.4.51.v20230217/jetty-http-9.4.51.v20230217.jar:/home/runner/.m2/repository/org/eclipse/jetty/jetty-io/9.4.51.v20230217/jetty-io-9.4.51.v20230217.jar:/home/runner/.m2/repository/org/eclipse/jetty/jetty-servlet/9.4.51.v20230217/jetty-servlet-9.4.51.v20230217.jar:/home/runner/.m2/repository/org/eclipse/jetty/jetty-security/9.4.51.v20230217/jetty-security-9.4.51.v20230217.jar:/home/runner/.m2/repository/org/eclipse/jetty/jetty-webapp/9.4.51.v20230217/jetty-webapp-9.4.51.v20230217.jar:/home/runner/.m2/repository/org/eclipse/jetty/jetty-xml/9.4.51.v20230217/jetty-xml-9.4.51.v20230217.jar:/home/runner/.m2/repository/io/prometheus/simpleclient_dropwizard/0.7.0/simpleclient_dropwizard-0.7.0.jar:/home/runner/.m2/repository/io/prometheus/simpleclient/0.7.0/simpleclient-0.7.0.jar:/home/runner/.m2/repository/io/prometheus/simpleclient_common/0.7.0/simpleclient_common-0.7.0.jar:/home/runner/work/ozone/ozone/hadoop-hdds/rocksdb-checkpoint-differ/target/classes:/home/runner/work/ozone/ozone/hadoop-hdds/rocks-native/target/classes:/home/runner/.m2/repository/org/jgrapht/jgrapht-core/1.0.1/jgrapht-core-1.0.1.jar:/home/runner/.m2/repository/org/jgrapht/jgrapht-ext/1.0.1/jgrapht-ext-1.0.1.jar:/home/runner/.m2/repository/org/tinyjee/jgraphx/jgraphx/2.0.0.1/jgraphx-2.0.0.1.jar:/home/runner/.m2/repository/jgraph/jgraph/5.13.0.0/jgraph-5.13.0.0.jar:/home/runner/.m2/repository/org/antlr/antlr4-runtime/4.5.3/antlr4-runtime-4.5.3.jar:/home/runner/.m2/repository/org/awaitility/awaitility/4.2.0/awaitility-4.2.0.jar:/home/runner/.m2/repository/org/hamcrest/hamcrest/2.1/hamcrest-2.1.jar:/home/runner/work/ozone/ozone/hadoop-hdds/docs/target/classes:/home/runner/.m2/repository/io/dropwizard/metrics/metrics-core/3.2.4/metrics-core-3.2.4.jar:/home/runner/.m2/repository/com/github/spotbugs/spotbugs-annotations/3.1.12/spotbugs-annotations-3.1.12.jar:/home/runner/.m2/repository/com/google/code/findbugs/jsr305/3.0.0/jsr305-3.0.0.jar:/home/runner/.m2/repository/org/apache/commons/commons-math3/3.1.1/commons-math3-3.1.1.jar:/home/runner/.m2/repository/org/apache/commons/commons-text/1.10.0/commons-text-1.10.0.jar:/home/runner/.m2/repository/org/apache/hadoop/hadoop-hdfs-client/3.3.6/hadoop-hdfs-client-3.3.6.jar:/home/runner/.m2/repository/com/squareup/okhttp3/okhttp/4.9.3/okhttp-4.9.3.jar:/home/runner/.m2/repository/com/squareup/okio/okio/3.4.0/okio-3.4.0.jar:/home/runner/.m2/repository/com/squareup/okio/okio-jvm/3.4.0/okio-jvm-3.4.0.jar:/home/runner/.m2/repository/org/jetbrains/kotlin/kotlin-stdlib-jdk8/1.8.0/kotlin-stdlib-jdk8-1.8.0.jar:/home/runner/.m2/repository/org/jetbrains/kotlin/kotlin-stdlib-jdk7/1.8.0/kotlin-stdlib-jdk7-1.8.0.jar:/home/runner/.m2/repository/org/jetbrains/kotlin/kotlin-stdlib-common/1.6.21/kotlin-stdlib-common-1.6.21.jar:/home/runner/.m2/repository/com/fasterxml/jackson/core/jackson-databind/2.13.4.2/jackson-databind-2.13.4.2.jar:/home/runner/work/ozone/ozone/hadoop-hdds/container-service/target/test-classes:/home/runner/work/ozone/ozone/hadoop-hdds/common/target/test-classes:/home/runner/.m2/repository/org/hamcrest/hamcrest-core/1.3/hamcrest-core-1.3.jar:/home/runner/.m2/repository/org/assertj/assertj-core/3.12.2/assertj-core-3.12.2.jar:/home/runner/.m2/repository/org/mockito/mockito-core/3.5.9/mockito-core-3.5.9.jar:/home/runner/.m2/repository/net/bytebuddy/byte-buddy/1.10.13/byte-buddy-1.10.13.jar:/home/runner/.m2/repository/net/bytebuddy/byte-buddy-agent/1.10.13/byte-buddy-agent-1.10.13.jar:/home/runner/.m2/repository/org/objenesis/objenesis/1.0/objenesis-1.0.jar:/home/runner/.m2/repository/org/hamcrest/hamcrest-all/1.3/hamcrest-all-1.3.jar:/home/runner/.m2/repository/org/bouncycastle/bcprov-jdk15on/1.67/bcprov-jdk15on-1.67.jar:/home/runner/work/ozone/ozone/hadoop-hdds/hadoop-dependency-test/target/classes:/home/runner/.m2/repository/org/apache/hadoop/hadoop-common/3.3.6/hadoop-common-3.3.6-tests.jar:/home/runner/.m2/repository/org/apache/hadoop/hadoop-hdfs/3.3.6/hadoop-hdfs-3.3.6-tests.jar:/home/runner/.m2/repository/com/google/protobuf/protobuf-java/2.5.0/protobuf-java-2.5.0.jar:/home/runner/.m2/repository/org/junit/jupiter/junit-jupiter-api/5.8.2/junit-jupiter-api-5.8.2.jar:/home/runner/.m2/repository/org/opentest4j/opentest4j/1.2.0/opentest4j-1.2.0.jar:/home/runner/.m2/repository/org/junit/platform/junit-platform-commons/1.8.2/junit-platform-commons-1.8.2.jar:/home/runner/.m2/repository/org/apiguardian/apiguardian-api/1.1.2/apiguardian-api-1.1.2.jar:/home/runner/.m2/repository/org/junit/jupiter/junit-jupiter-engine/5.8.2/junit-jupiter-engine-5.8.2.jar:/home/runner/.m2/repository/org/junit/platform/junit-platform-engine/1.8.2/junit-platform-engine-1.8.2.jar:/home/runner/.m2/repository/org/junit/vintage/junit-vintage-engine/5.8.2/junit-vintage-engine-5.8.2.jar:/home/runner/.m2/repository/org/junit/platform/junit-platform-launcher/1.8.2/junit-platform-launcher-1.8.2.jar:/home/runner/.m2/repository/org/junit/jupiter/junit-jupiter-params/5.8.2/junit-jupiter-params-5.8.2.jar:/home/runner/.m2/repository/junit/junit/4.13.1/junit-4.13.1.jar:"/>
    <property name="sun.cpu.endian" value="little"/>
    <property name="user.home" value="/home/runner"/>
    <property name="user.language" value="en"/>
    <property name="java.specification.vendor" value="Oracle Corporation"/>
    <property name="java.home" value="/usr/lib/jvm/temurin-8-jdk-amd64/jre"/>
    <property name="java.security.krb5.conf" value="/home/runner/work/ozone/ozone/hadoop-hdds/server-scm/target/test-classes/krb5.conf"/>
    <property name="basedir" value="/home/runner/work/ozone/ozone/hadoop-hdds/server-scm"/>
    <property name="file.separator" value="/"/>
    <property name="line.separator" value="&#10;"/>
    <property name="java.vm.specification.vendor" value="Oracle Corporation"/>
    <property name="java.specification.name" value="Java Platform API Specification"/>
    <property name="java.awt.graphicsenv" value="sun.awt.X11GraphicsEnvironment"/>
    <property name="skip.installnpx" value="true"/>
    <property name="surefire.real.class.path" value="/home/runner/work/ozone/ozone/hadoop-hdds/server-scm/target/surefire/surefirebooter5019991316583164561.jar:/home/runner/.m2/repository/org/jacoco/org.jacoco.agent/0.8.5/org.jacoco.agent-0.8.5-runtime.jar"/>
    <property name="hadoop.log.dir" value="/home/runner/work/ozone/ozone/hadoop-hdds/server-scm/target/log"/>
    <property name="sun.boot.class.path" value="/usr/lib/jvm/temurin-8-jdk-amd64/jre/lib/resources.jar:/usr/lib/jvm/temurin-8-jdk-amd64/jre/lib/rt.jar:/usr/lib/jvm/temurin-8-jdk-amd64/jre/lib/sunrsasign.jar:/usr/lib/jvm/temurin-8-jdk-amd64/jre/lib/jsse.jar:/usr/lib/jvm/temurin-8-jdk-amd64/jre/lib/jce.jar:/usr/lib/jvm/temurin-8-jdk-amd64/jre/lib/charsets.jar:/usr/lib/jvm/temurin-8-jdk-amd64/jre/lib/jfr.jar:/usr/lib/jvm/temurin-8-jdk-amd64/jre/classes"/>
    <property name="sun.management.compiler" value="HotSpot 64-Bit Tiered Compilers"/>
    <property name="skip.npx" value="true"/>
    <property name="java.runtime.version" value="1.8.0_382-b05"/>
    <property name="java.net.preferIPv4Stack" value="true"/>
    <property name="user.name" value="runner"/>
    <property name="path.separator" value=":"/>
    <property name="java.security.egd" value="file:///dev/urandom"/>
    <property name="os.version" value="5.15.0-1045-azure"/>
    <property name="java.endorsed.dirs" value="/usr/lib/jvm/temurin-8-jdk-amd64/jre/lib/endorsed"/>
    <property name="java.runtime.name" value="OpenJDK Runtime Environment"/>
    <property name="file.encoding" value="UTF-8"/>
    <property name="java.vm.name" value="OpenJDK 64-Bit Server VM"/>
    <property name="test.build.webapps" value=""/>
    <property name="localRepository" value="/home/runner/.m2/repository"/>
    <property name="java.vendor.url.bug" value="https://github.com/adoptium/adoptium-support/issues"/>
    <property name="java.io.tmpdir" value="/tmp"/>
    <property name="require.test.libhadoop" value=""/>
    <property name="java.version" value="1.8.0_382"/>
    <property name="user.dir" value="/home/runner/work/ozone/ozone/hadoop-hdds/server-scm"/>
    <property name="os.arch" value="amd64"/>
    <property name="java.vm.specification.name" value="Java Virtual Machine Specification"/>
    <property name="test.build.classes" value="/home/runner/work/ozone/ozone/hadoop-hdds/server-scm/target/test-classes"/>
    <property name="java.awt.printerjob" value="sun.print.PSPrinterJob"/>
    <property name="sun.os.patch.level" value="unknown"/>
    <property name="excludedGroups" value="native"/>
    <property name="hadoop.tmp.dir" value="/home/runner/work/ozone/ozone/hadoop-hdds/server-scm/target/tmp"/>
    <property name="java.library.path" value="/usr/java/packages/lib/amd64:/usr/lib64:/lib64:/lib:/usr/lib"/>
    <property name="java.vm.info" value="mixed mode"/>
    <property name="java.vendor" value="Temurin"/>
    <property name="java.vm.version" value="25.382-b05"/>
    <property name="java.specification.maintenance.version" value="5"/>
    <property name="java.ext.dirs" value="/usr/lib/jvm/temurin-8-jdk-amd64/jre/lib/ext:/usr/java/packages/lib/ext"/>
    <property name="sun.io.unicode.encoding" value="UnicodeLittle"/>
    <property name="java.class.version" value="52.0"/>
  </properties>
  <testcase name="containerBalancerShouldObeyMaxSizeToMoveLimit" classname="org.apache.hadoop.hdds.scm.container.balancer.TestContainerBalancerTask" time="2.807">
    <system-out><![CDATA[2023-09-07 14:19:54,912 [main] INFO  net.NodeSchemaLoader (NodeSchemaLoader.java:loadSchemaFromFile(129)) - Loading schema from [file:/home/runner/work/ozone/ozone/hadoop-hdds/common/target/classes/network-topology-default.xml]
2023-09-07 14:19:54,916 [main] INFO  net.NodeSchemaLoader (NodeSchemaLoader.java:loadSchema(176)) - Loading network topology layer schema file
2023-09-07 14:19:55,143 [main] INFO  reflections.Reflections (Reflections.java:scan(232)) - Reflections took 154 ms to scan 6 urls, producing 158 keys and 369 values 
2023-09-07 14:19:55,209 [main] INFO  net.NetworkTopologyImpl (NetworkTopologyImpl.java:add(112)) - Added a new node: /default-rack/dc1ab089-19cd-4c7d-b6e8-6b79bc0e89ce
2023-09-07 14:19:55,211 [main] INFO  net.NetworkTopologyImpl (NetworkTopologyImpl.java:add(112)) - Added a new node: /default-rack/d304d275-d63c-4185-8f8a-a169a6fd32c5
2023-09-07 14:19:55,211 [main] INFO  net.NetworkTopologyImpl (NetworkTopologyImpl.java:add(112)) - Added a new node: /default-rack/b94861b4-a099-4924-84b9-7fef1ea50441
2023-09-07 14:19:55,212 [main] INFO  net.NetworkTopologyImpl (NetworkTopologyImpl.java:add(112)) - Added a new node: /default-rack/a945d8f2-806f-4fcb-845a-a079aaac6f18
2023-09-07 14:19:55,212 [main] INFO  net.NetworkTopologyImpl (NetworkTopologyImpl.java:add(112)) - Added a new node: /default-rack/7701b768-338c-4847-9225-dfe75609846f
2023-09-07 14:19:55,212 [main] INFO  net.NetworkTopologyImpl (NetworkTopologyImpl.java:add(112)) - Added a new node: /default-rack/fb410d87-f342-4bb1-9bae-5b003e75dcc9
2023-09-07 14:19:55,212 [main] INFO  net.NetworkTopologyImpl (NetworkTopologyImpl.java:add(112)) - Added a new node: /default-rack/e52dd5de-0824-4dd7-b399-5a6a236cda64
2023-09-07 14:19:55,213 [main] INFO  net.NetworkTopologyImpl (NetworkTopologyImpl.java:add(112)) - Added a new node: /default-rack/8129e909-eecf-445d-8778-d3c3c17ba049
2023-09-07 14:19:55,214 [main] INFO  net.NetworkTopologyImpl (NetworkTopologyImpl.java:add(112)) - Added a new node: /default-rack/5d1e7c96-aa71-4f4e-b09b-ca3765e4d5c4
2023-09-07 14:19:55,214 [main] INFO  net.NetworkTopologyImpl (NetworkTopologyImpl.java:add(112)) - Added a new node: /default-rack/658b0e8e-2db3-4d1f-8c3e-9c30bf2ab993
2023-09-07 14:19:55,227 [main] INFO  algorithms.ContainerPlacementPolicyFactory (ContainerPlacementPolicyFactory.java:getPolicyInternal(86)) - Create container placement policy of type org.apache.hadoop.hdds.scm.container.placement.algorithms.SCMContainerPlacementRackAware
2023-09-07 14:19:55,257 [main] INFO  algorithms.ContainerPlacementPolicyFactory (ContainerPlacementPolicyFactory.java:getPolicyInternal(86)) - Create container placement policy of type org.apache.hadoop.hdds.scm.container.placement.algorithms.SCMContainerPlacementRackScatter
2023-09-07 14:19:55,422 [main] DEBUG balancer.ContainerBalancerTask (ContainerBalancerTask.java:initializeIteration(374)) - Average utilization of the cluster is 0.3252709428350718
2023-09-07 14:19:55,423 [main] DEBUG balancer.ContainerBalancerTask (ContainerBalancerTask.java:initializeIteration(386)) - Lower limit for utilization is 0.3152709428350718 and Upper limit for utilization is 0.3352709428350718
2023-09-07 14:19:55,423 [main] DEBUG balancer.ContainerBalancerTask (ContainerBalancerTask.java:initializeIteration(398)) - Utilization for node 5d1e7c96-aa71-4f4e-b09b-ca3765e4d5c4 with capacity 50107951786B, used 45097156608B, and remaining 5010795178B is 0.9000000000119741
2023-09-07 14:19:55,423 [main] DEBUG balancer.ContainerBalancerTask (ContainerBalancerTask.java:initializeIteration(398)) - Utilization for node 658b0e8e-2db3-4d1f-8c3e-9c30bf2ab993 with capacity 51002736640B, used 40802189312B, and remaining 10200547328B is 0.8
2023-09-07 14:19:55,423 [main] DEBUG balancer.ContainerBalancerTask (ContainerBalancerTask.java:initializeIteration(398)) - Utilization for node 7701b768-338c-4847-9225-dfe75609846f with capacity 65958426331B, used 46170898432B, and remaining 19787527899B is 0.7000000000045483
2023-09-07 14:19:55,424 [main] DEBUG balancer.ContainerBalancerTask (ContainerBalancerTask.java:initializeIteration(398)) - Utilization for node fb410d87-f342-4bb1-9bae-5b003e75dcc9 with capacity 50107951786B, used 30064771072B, and remaining 20043180714B is 0.6000000000079828
2023-09-07 14:19:55,424 [main] DEBUG balancer.ContainerBalancerTask (ContainerBalancerTask.java:initializeIteration(398)) - Utilization for node b94861b4-a099-4924-84b9-7fef1ea50441 with capacity 90194313216B, used 45097156608B, and remaining 45097156608B is 0.5
2023-09-07 14:19:55,424 [main] DEBUG balancer.ContainerBalancerTask (ContainerBalancerTask.java:initializeIteration(398)) - Utilization for node d304d275-d63c-4185-8f8a-a169a6fd32c5 with capacity 104689827840B, used 41875931136B, and remaining 62813896704B is 0.4
2023-09-07 14:19:55,427 [main] DEBUG balancer.ContainerBalancerTask (ContainerBalancerTask.java:initializeIteration(398)) - Utilization for node 8129e909-eecf-445d-8778-d3c3c17ba049 with capacity 161061273600B, used 48318382080B, and remaining 112742891520B is 0.3
2023-09-07 14:19:55,427 [main] DEBUG balancer.ContainerBalancerTask (ContainerBalancerTask.java:initializeIteration(398)) - Utilization for node dc1ab089-19cd-4c7d-b6e8-6b79bc0e89ce with capacity 123480309760B, used 24696061952B, and remaining 98784247808B is 0.2
2023-09-07 14:19:55,427 [main] DEBUG balancer.ContainerBalancerTask (ContainerBalancerTask.java:initializeIteration(398)) - Utilization for node a945d8f2-806f-4fcb-845a-a079aaac6f18 with capacity 354334801920B, used 35433480192B, and remaining 318901321728B is 0.1
2023-09-07 14:19:55,428 [main] DEBUG balancer.ContainerBalancerTask (ContainerBalancerTask.java:initializeIteration(398)) - Utilization for node e52dd5de-0824-4dd7-b399-5a6a236cda64 with capacity 48318382080B, used 0B, and remaining 48318382080B is 0.0
2023-09-07 14:19:55,430 [main] INFO  balancer.ContainerBalancerTask (ContainerBalancerTask.java:initializeIteration(447)) - Container Balancer has identified 6 Over-Utilized and 4 Under-Utilized Datanodes that need to be balanced.
2023-09-07 14:19:55,431 [main] DEBUG balancer.ContainerBalancerTask (ContainerBalancerTask.java:lambda$initializeIteration$1(453)) - Datanode localhost-22.236.209.239 5d1e7c96-aa71-4f4e-b09b-ca3765e4d5c4 is Over-Utilized.
2023-09-07 14:19:55,431 [main] DEBUG balancer.ContainerBalancerTask (ContainerBalancerTask.java:lambda$initializeIteration$1(453)) - Datanode localhost-111.188.152.252 658b0e8e-2db3-4d1f-8c3e-9c30bf2ab993 is Over-Utilized.
2023-09-07 14:19:55,432 [main] DEBUG balancer.ContainerBalancerTask (ContainerBalancerTask.java:lambda$initializeIteration$1(453)) - Datanode localhost-105.212.226.163 7701b768-338c-4847-9225-dfe75609846f is Over-Utilized.
2023-09-07 14:19:55,432 [main] DEBUG balancer.ContainerBalancerTask (ContainerBalancerTask.java:lambda$initializeIteration$1(453)) - Datanode localhost-55.196.15.24 fb410d87-f342-4bb1-9bae-5b003e75dcc9 is Over-Utilized.
2023-09-07 14:19:55,433 [main] DEBUG balancer.ContainerBalancerTask (ContainerBalancerTask.java:lambda$initializeIteration$1(453)) - Datanode localhost-235.1.58.133 b94861b4-a099-4924-84b9-7fef1ea50441 is Over-Utilized.
2023-09-07 14:19:55,433 [main] DEBUG balancer.ContainerBalancerTask (ContainerBalancerTask.java:lambda$initializeIteration$1(453)) - Datanode localhost-82.161.84.230 d304d275-d63c-4185-8f8a-a169a6fd32c5 is Over-Utilized.
2023-09-07 14:19:55,433 [main] DEBUG balancer.ContainerBalancerTask (ContainerBalancerTask.java:lambda$initializeIteration$2(459)) - Datanode localhost-236.139.208.72 e52dd5de-0824-4dd7-b399-5a6a236cda64 is Under-Utilized.
2023-09-07 14:19:55,434 [main] DEBUG balancer.ContainerBalancerTask (ContainerBalancerTask.java:lambda$initializeIteration$2(459)) - Datanode localhost-8.177.62.83 a945d8f2-806f-4fcb-845a-a079aaac6f18 is Under-Utilized.
2023-09-07 14:19:55,434 [main] DEBUG balancer.ContainerBalancerTask (ContainerBalancerTask.java:lambda$initializeIteration$2(459)) - Datanode localhost-101.80.226.95 dc1ab089-19cd-4c7d-b6e8-6b79bc0e89ce is Under-Utilized.
2023-09-07 14:19:55,434 [main] DEBUG balancer.ContainerBalancerTask (ContainerBalancerTask.java:lambda$initializeIteration$2(459)) - Datanode localhost-0.69.56.73 8129e909-eecf-445d-8778-d3c3c17ba049 is Under-Utilized.
2023-09-07 14:19:55,462 [main] DEBUG balancer.ContainerBalancerTask (ContainerBalancerTask.java:matchSourceWithTarget(708)) - ContainerBalancer is finding suitable target for source datanode 5d1e7c96-aa71-4f4e-b09b-ca3765e4d5c4
2023-09-07 14:19:55,473 [main] INFO  balancer.ContainerBalancerTask (ContainerBalancerTask.java:matchSourceWithTarget(722)) - ContainerBalancer matched source datanode 5d1e7c96-aa71-4f4e-b09b-ca3765e4d5c4 with target datanode e52dd5de-0824-4dd7-b399-5a6a236cda64 for container move.
2023-09-07 14:19:55,474 [main] INFO  balancer.ContainerBalancerTask (ContainerBalancerTask.java:processMoveSelection(569)) - ContainerBalancer is trying to move container #85 with size 5368709120B from source datanode 5d1e7c96-aa71-4f4e-b09b-ca3765e4d5c4 to target datanode e52dd5de-0824-4dd7-b399-5a6a236cda64
2023-09-07 14:19:55,475 [main] DEBUG balancer.ContainerBalancerTask (ContainerBalancerTask.java:lambda$moveContainer$3(837)) - Container move completed for container #85 from source 5d1e7c96-aa71-4f4e-b09b-ca3765e4d5c4 to target e52dd5de-0824-4dd7-b399-5a6a236cda64
2023-09-07 14:19:55,482 [main] DEBUG balancer.ContainerBalancerTask (ContainerBalancerTask.java:matchSourceWithTarget(708)) - ContainerBalancer is finding suitable target for source datanode 658b0e8e-2db3-4d1f-8c3e-9c30bf2ab993
2023-09-07 14:19:55,483 [main] INFO  balancer.ContainerBalancerTask (ContainerBalancerTask.java:matchSourceWithTarget(722)) - ContainerBalancer matched source datanode 658b0e8e-2db3-4d1f-8c3e-9c30bf2ab993 with target datanode a945d8f2-806f-4fcb-845a-a079aaac6f18 for container move.
2023-09-07 14:19:55,483 [main] INFO  balancer.ContainerBalancerTask (ContainerBalancerTask.java:processMoveSelection(569)) - ContainerBalancer is trying to move container #68 with size 5368709120B from source datanode 658b0e8e-2db3-4d1f-8c3e-9c30bf2ab993 to target datanode a945d8f2-806f-4fcb-845a-a079aaac6f18
2023-09-07 14:19:55,484 [main] DEBUG balancer.ContainerBalancerTask (ContainerBalancerTask.java:lambda$moveContainer$3(837)) - Container move completed for container #68 from source 658b0e8e-2db3-4d1f-8c3e-9c30bf2ab993 to target a945d8f2-806f-4fcb-845a-a079aaac6f18
2023-09-07 14:19:55,484 [main] WARN  balancer.ContainerBalancerTask (ContainerBalancerTask.java:reachedMaxSizeToMovePerIteration(733)) - Reached max size to move limit. 10737418240 bytes have already been scheduled for balancing and the limit is 10737418240 bytes.
2023-09-07 14:19:55,489 [main] INFO  balancer.ContainerBalancerTask (ContainerBalancerTask.java:checkIterationMoveResults(642)) - Iteration Summary. Number of Datanodes involved: 4. Size moved: 10 GB (10737418240 Bytes). Number of Container moves completed: 2.
2023-09-07 14:19:55,489 [main] INFO  balancer.ContainerBalancerTask (ContainerBalancerTask.java:balance(259)) - Result of this iteration of Container Balancer: ITERATION_COMPLETED
2023-09-07 14:19:55,498 [main] INFO  balancer.ContainerBalancerTask (ContainerBalancerTask.java:tryStopWithSaveConfiguration(308)) - Save Configuration for stopping. Reason: Completed all iterations.
]]></system-out>
  </testcase>
  <testcase name="balancerShouldFollowExcludeAndIncludeDatanodesConfigurations" classname="org.apache.hadoop.hdds.scm.container.balancer.TestContainerBalancerTask" time="0.106">
    <system-out><![CDATA[2023-09-07 14:19:55,591 [main] INFO  net.NodeSchemaLoader (NodeSchemaLoader.java:loadSchemaFromFile(129)) - Loading schema from [file:/home/runner/work/ozone/ozone/hadoop-hdds/common/target/classes/network-topology-default.xml]
2023-09-07 14:19:55,591 [main] INFO  net.NodeSchemaLoader (NodeSchemaLoader.java:loadSchema(176)) - Loading network topology layer schema file
2023-09-07 14:19:55,594 [main] INFO  net.NetworkTopologyImpl (NetworkTopologyImpl.java:add(112)) - Added a new node: /default-rack/1641b879-fa6f-48ea-9b19-d041f3b8347f
2023-09-07 14:19:55,594 [main] INFO  net.NetworkTopologyImpl (NetworkTopologyImpl.java:add(112)) - Added a new node: /default-rack/d7bb182a-1f3e-4d5d-bbe7-adf9cc96b23e
2023-09-07 14:19:55,594 [main] INFO  net.NetworkTopologyImpl (NetworkTopologyImpl.java:add(112)) - Added a new node: /default-rack/197cc643-85e3-4280-baf0-c1961149bc07
2023-09-07 14:19:55,594 [main] INFO  net.NetworkTopologyImpl (NetworkTopologyImpl.java:add(112)) - Added a new node: /default-rack/314e5513-d393-4bec-bbbd-1e2968463268
2023-09-07 14:19:55,594 [main] INFO  net.NetworkTopologyImpl (NetworkTopologyImpl.java:add(112)) - Added a new node: /default-rack/d0b1c143-9c8c-4eb1-b9a3-8dee47a0445e
2023-09-07 14:19:55,595 [main] INFO  net.NetworkTopologyImpl (NetworkTopologyImpl.java:add(112)) - Added a new node: /default-rack/4f009573-ae7d-4d2b-a2aa-770d996ec1c0
2023-09-07 14:19:55,595 [main] INFO  net.NetworkTopologyImpl (NetworkTopologyImpl.java:add(112)) - Added a new node: /default-rack/626ba54e-834f-4885-a793-62292a218868
2023-09-07 14:19:55,595 [main] INFO  net.NetworkTopologyImpl (NetworkTopologyImpl.java:add(112)) - Added a new node: /default-rack/0045de1b-0469-46b0-94cc-8567b98e82de
2023-09-07 14:19:55,595 [main] INFO  net.NetworkTopologyImpl (NetworkTopologyImpl.java:add(112)) - Added a new node: /default-rack/09d01365-d2ba-482b-8df6-df7b77cb165c
2023-09-07 14:19:55,595 [main] INFO  net.NetworkTopologyImpl (NetworkTopologyImpl.java:add(112)) - Added a new node: /default-rack/1c6f0778-06bf-4025-a251-5681627c267e
2023-09-07 14:19:55,596 [main] INFO  algorithms.ContainerPlacementPolicyFactory (ContainerPlacementPolicyFactory.java:getPolicyInternal(86)) - Create container placement policy of type org.apache.hadoop.hdds.scm.container.placement.algorithms.SCMContainerPlacementRackAware
2023-09-07 14:19:55,596 [main] INFO  algorithms.ContainerPlacementPolicyFactory (ContainerPlacementPolicyFactory.java:getPolicyInternal(86)) - Create container placement policy of type org.apache.hadoop.hdds.scm.container.placement.algorithms.SCMContainerPlacementRackScatter
2023-09-07 14:19:55,603 [main] DEBUG balancer.ContainerBalancerTask (ContainerBalancerTask.java:initializeIteration(374)) - Average utilization of the cluster is 0.22564102564102564
2023-09-07 14:19:55,603 [main] DEBUG balancer.ContainerBalancerTask (ContainerBalancerTask.java:initializeIteration(386)) - Lower limit for utilization is 0.12564102564102564 and Upper limit for utilization is 0.32564102564102565
2023-09-07 14:19:55,603 [main] DEBUG balancer.ContainerBalancerTask (ContainerBalancerTask.java:initializeIteration(398)) - Utilization for node 626ba54e-834f-4885-a793-62292a218868 with capacity 56371445760B, used 45097156608B, and remaining 11274289152B is 0.8
2023-09-07 14:19:55,604 [main] DEBUG balancer.ContainerBalancerTask (ContainerBalancerTask.java:initializeIteration(398)) - Utilization for node d0b1c143-9c8c-4eb1-b9a3-8dee47a0445e with capacity 257698037760B, used 25769803776B, and remaining 231928233984B is 0.1
2023-09-07 14:19:55,604 [main] INFO  balancer.ContainerBalancerTask (ContainerBalancerTask.java:initializeIteration(447)) - Container Balancer has identified 1 Over-Utilized and 1 Under-Utilized Datanodes that need to be balanced.
2023-09-07 14:19:55,604 [main] DEBUG balancer.ContainerBalancerTask (ContainerBalancerTask.java:lambda$initializeIteration$1(453)) - Datanode localhost-151.33.149.148 626ba54e-834f-4885-a793-62292a218868 is Over-Utilized.
2023-09-07 14:19:55,604 [main] DEBUG balancer.ContainerBalancerTask (ContainerBalancerTask.java:lambda$initializeIteration$2(459)) - Datanode localhost-165.154.170.178 d0b1c143-9c8c-4eb1-b9a3-8dee47a0445e is Under-Utilized.
2023-09-07 14:19:55,613 [main] DEBUG balancer.ContainerBalancerTask (ContainerBalancerTask.java:matchSourceWithTarget(708)) - ContainerBalancer is finding suitable target for source datanode 626ba54e-834f-4885-a793-62292a218868
2023-09-07 14:19:55,614 [main] INFO  balancer.ContainerBalancerTask (ContainerBalancerTask.java:matchSourceWithTarget(722)) - ContainerBalancer matched source datanode 626ba54e-834f-4885-a793-62292a218868 with target datanode d0b1c143-9c8c-4eb1-b9a3-8dee47a0445e for container move.
2023-09-07 14:19:55,614 [main] INFO  balancer.ContainerBalancerTask (ContainerBalancerTask.java:processMoveSelection(569)) - ContainerBalancer is trying to move container #85 with size 5368709120B from source datanode 626ba54e-834f-4885-a793-62292a218868 to target datanode d0b1c143-9c8c-4eb1-b9a3-8dee47a0445e
2023-09-07 14:19:55,614 [main] DEBUG balancer.ContainerBalancerTask (ContainerBalancerTask.java:lambda$moveContainer$3(837)) - Container move completed for container #85 from source 626ba54e-834f-4885-a793-62292a218868 to target d0b1c143-9c8c-4eb1-b9a3-8dee47a0445e
2023-09-07 14:19:55,615 [main] DEBUG balancer.ContainerBalancerTask (ContainerBalancerTask.java:adaptOnReachingIterationLimits(782)) - Reached max datanodes to involve limit. 2 datanodes have already been selected for balancing and the limit is 2. Only already selected sources and targets can be involved in balancing now.
2023-09-07 14:19:55,626 [main] DEBUG balancer.ContainerBalancerTask (ContainerBalancerTask.java:matchSourceWithTarget(708)) - ContainerBalancer is finding suitable target for source datanode 626ba54e-834f-4885-a793-62292a218868
2023-09-07 14:19:55,626 [main] INFO  balancer.ContainerBalancerTask (ContainerBalancerTask.java:matchSourceWithTarget(722)) - ContainerBalancer matched source datanode 626ba54e-834f-4885-a793-62292a218868 with target datanode d0b1c143-9c8c-4eb1-b9a3-8dee47a0445e for container move.
2023-09-07 14:19:55,626 [main] INFO  balancer.ContainerBalancerTask (ContainerBalancerTask.java:processMoveSelection(569)) - ContainerBalancer is trying to move container #68 with size 5368709120B from source datanode 626ba54e-834f-4885-a793-62292a218868 to target datanode d0b1c143-9c8c-4eb1-b9a3-8dee47a0445e
2023-09-07 14:19:55,626 [main] DEBUG balancer.ContainerBalancerTask (ContainerBalancerTask.java:lambda$moveContainer$3(837)) - Container move completed for container #68 from source 626ba54e-834f-4885-a793-62292a218868 to target d0b1c143-9c8c-4eb1-b9a3-8dee47a0445e
2023-09-07 14:19:55,634 [main] DEBUG balancer.ContainerBalancerTask (ContainerBalancerTask.java:matchSourceWithTarget(708)) - ContainerBalancer is finding suitable target for source datanode 626ba54e-834f-4885-a793-62292a218868
2023-09-07 14:19:55,635 [main] INFO  balancer.FindTargetGreedyByUsageInfo (AbstractFindTargetGreedy.java:findTargetForContainerMove(133)) - Container Balancer could not find a target for source datanode 626ba54e-834f-4885-a793-62292a218868
2023-09-07 14:19:55,635 [main] DEBUG balancer.ContainerBalancerTask (ContainerBalancerTask.java:matchSourceWithTarget(717)) - ContainerBalancer could not find a suitable target for source node 626ba54e-834f-4885-a793-62292a218868.
2023-09-07 14:19:55,637 [main] INFO  balancer.FindSourceGreedy (FindSourceGreedy.java:getNextCandidateSourceDataNode(126)) - no more candidate source data node
2023-09-07 14:19:55,637 [main] INFO  balancer.ContainerBalancerTask (ContainerBalancerTask.java:checkIterationMoveResults(642)) - Iteration Summary. Number of Datanodes involved: 2. Size moved: 10 GB (10737418240 Bytes). Number of Container moves completed: 2.
2023-09-07 14:19:55,638 [main] INFO  balancer.ContainerBalancerTask (ContainerBalancerTask.java:balance(259)) - Result of this iteration of Container Balancer: ITERATION_COMPLETED
2023-09-07 14:19:55,639 [main] INFO  balancer.ContainerBalancerTask (ContainerBalancerTask.java:tryStopWithSaveConfiguration(308)) - Save Configuration for stopping. Reason: Completed all iterations.
]]></system-out>
  </testcase>
  <testcase name="unBalancedNodesListShouldBeEmptyWhenClusterIsBalanced" classname="org.apache.hadoop.hdds.scm.container.balancer.TestContainerBalancerTask" time="0.056">
    <system-out><![CDATA[2023-09-07 14:19:55,689 [main] INFO  net.NodeSchemaLoader (NodeSchemaLoader.java:loadSchemaFromFile(129)) - Loading schema from [file:/home/runner/work/ozone/ozone/hadoop-hdds/common/target/classes/network-topology-default.xml]
2023-09-07 14:19:55,689 [main] INFO  net.NodeSchemaLoader (NodeSchemaLoader.java:loadSchema(176)) - Loading network topology layer schema file
2023-09-07 14:19:55,692 [main] INFO  net.NetworkTopologyImpl (NetworkTopologyImpl.java:add(112)) - Added a new node: /default-rack/ada78f44-4db3-49cb-ad9d-760c84b7aaac
2023-09-07 14:19:55,692 [main] INFO  net.NetworkTopologyImpl (NetworkTopologyImpl.java:add(112)) - Added a new node: /default-rack/e16bdf16-d512-4aa0-bee9-e54526bc2cbe
2023-09-07 14:19:55,692 [main] INFO  net.NetworkTopologyImpl (NetworkTopologyImpl.java:add(112)) - Added a new node: /default-rack/1d76833c-3073-49cc-9ee2-6c136df10347
2023-09-07 14:19:55,692 [main] INFO  net.NetworkTopologyImpl (NetworkTopologyImpl.java:add(112)) - Added a new node: /default-rack/061bcbe0-b7ba-4813-9b64-ca2034b3b400
2023-09-07 14:19:55,692 [main] INFO  net.NetworkTopologyImpl (NetworkTopologyImpl.java:add(112)) - Added a new node: /default-rack/ab93bd6b-75c1-4142-8279-f8244e5bd3d5
2023-09-07 14:19:55,693 [main] INFO  net.NetworkTopologyImpl (NetworkTopologyImpl.java:add(112)) - Added a new node: /default-rack/79d54c76-91b2-4842-aaff-27ca98c129be
2023-09-07 14:19:55,693 [main] INFO  net.NetworkTopologyImpl (NetworkTopologyImpl.java:add(112)) - Added a new node: /default-rack/9621f6b5-ec89-4e46-9e0c-96022607080b
2023-09-07 14:19:55,693 [main] INFO  net.NetworkTopologyImpl (NetworkTopologyImpl.java:add(112)) - Added a new node: /default-rack/a6817802-eb92-44a0-803d-6f733af8fded
2023-09-07 14:19:55,693 [main] INFO  net.NetworkTopologyImpl (NetworkTopologyImpl.java:add(112)) - Added a new node: /default-rack/037f1cc0-6f72-4a90-a471-190d5ec6a9aa
2023-09-07 14:19:55,693 [main] INFO  net.NetworkTopologyImpl (NetworkTopologyImpl.java:add(112)) - Added a new node: /default-rack/a98fe67b-49a3-41a5-b726-6a1255606bb8
2023-09-07 14:19:55,693 [main] INFO  algorithms.ContainerPlacementPolicyFactory (ContainerPlacementPolicyFactory.java:getPolicyInternal(86)) - Create container placement policy of type org.apache.hadoop.hdds.scm.container.placement.algorithms.SCMContainerPlacementRackAware
2023-09-07 14:19:55,694 [main] INFO  algorithms.ContainerPlacementPolicyFactory (ContainerPlacementPolicyFactory.java:getPolicyInternal(86)) - Create container placement policy of type org.apache.hadoop.hdds.scm.container.placement.algorithms.SCMContainerPlacementRackScatter
2023-09-07 14:19:55,697 [main] DEBUG balancer.ContainerBalancerTask (ContainerBalancerTask.java:initializeIteration(374)) - Average utilization of the cluster is 0.3218018207657732
2023-09-07 14:19:55,698 [main] DEBUG balancer.ContainerBalancerTask (ContainerBalancerTask.java:initializeIteration(386)) - Lower limit for utilization is -0.6780981792342267 and Upper limit for utilization is 1.3217018207657731
2023-09-07 14:19:55,698 [main] DEBUG balancer.ContainerBalancerTask (ContainerBalancerTask.java:initializeIteration(398)) - Utilization for node e16bdf16-d512-4aa0-bee9-e54526bc2cbe with capacity 60845370026B, used 54760833024B, and remaining 6084537002B is 0.900000000009861
2023-09-07 14:19:55,698 [main] DEBUG balancer.ContainerBalancerTask (ContainerBalancerTask.java:initializeIteration(398)) - Utilization for node 061bcbe0-b7ba-4813-9b64-ca2034b3b400 with capacity 60397977600B, used 48318382080B, and remaining 12079595520B is 0.8
2023-09-07 14:19:55,698 [main] DEBUG balancer.ContainerBalancerTask (ContainerBalancerTask.java:initializeIteration(398)) - Utilization for node ada78f44-4db3-49cb-ad9d-760c84b7aaac with capacity 59822758765B, used 41875931136B, and remaining 17946827629B is 0.700000000008358
2023-09-07 14:19:55,698 [main] DEBUG balancer.ContainerBalancerTask (ContainerBalancerTask.java:initializeIteration(398)) - Utilization for node 9621f6b5-ec89-4e46-9e0c-96022607080b with capacity 98426333866B, used 59055800320B, and remaining 39370533546B is 0.600000000004064
2023-09-07 14:19:55,698 [main] DEBUG balancer.ContainerBalancerTask (ContainerBalancerTask.java:initializeIteration(398)) - Utilization for node a98fe67b-49a3-41a5-b726-6a1255606bb8 with capacity 83751862272B, used 41875931136B, and remaining 41875931136B is 0.5
2023-09-07 14:19:55,698 [main] DEBUG balancer.ContainerBalancerTask (ContainerBalancerTask.java:initializeIteration(398)) - Utilization for node 79d54c76-91b2-4842-aaff-27ca98c129be with capacity 77846282240B, used 31138512896B, and remaining 46707769344B is 0.4
2023-09-07 14:19:55,699 [main] DEBUG balancer.ContainerBalancerTask (ContainerBalancerTask.java:initializeIteration(398)) - Utilization for node 037f1cc0-6f72-4a90-a471-190d5ec6a9aa with capacity 110953321813B, used 33285996544B, and remaining 77667325269B is 0.30000000000090127
2023-09-07 14:19:55,699 [main] DEBUG balancer.ContainerBalancerTask (ContainerBalancerTask.java:initializeIteration(398)) - Utilization for node ab93bd6b-75c1-4142-8279-f8244e5bd3d5 with capacity 193273528320B, used 38654705664B, and remaining 154618822656B is 0.2
2023-09-07 14:19:55,699 [main] DEBUG balancer.ContainerBalancerTask (ContainerBalancerTask.java:initializeIteration(398)) - Utilization for node a6817802-eb92-44a0-803d-6f733af8fded with capacity 418759311360B, used 41875931136B, and remaining 376883380224B is 0.1
2023-09-07 14:19:55,699 [main] DEBUG balancer.ContainerBalancerTask (ContainerBalancerTask.java:initializeIteration(398)) - Utilization for node 1d76833c-3073-49cc-9ee2-6c136df10347 with capacity 50465865728B, used 0B, and remaining 50465865728B is 0.0
2023-09-07 14:19:55,699 [main] INFO  balancer.ContainerBalancerTask (ContainerBalancerTask.java:initializeIteration(443)) - Did not find any unbalanced Datanodes.
2023-09-07 14:19:55,699 [main] INFO  balancer.ContainerBalancerTask (ContainerBalancerTask.java:tryStopWithSaveConfiguration(308)) - Save Configuration for stopping. Reason: Could not initialize ContainerBalancer's iteration number 0
]]></system-out>
  </testcase>
  <testcase name="containerMoveSelectionShouldFollowPlacementPolicy" classname="org.apache.hadoop.hdds.scm.container.balancer.TestContainerBalancerTask" time="0.143">
    <system-out><![CDATA[2023-09-07 14:19:55,732 [main] INFO  net.NodeSchemaLoader (NodeSchemaLoader.java:loadSchemaFromFile(129)) - Loading schema from [file:/home/runner/work/ozone/ozone/hadoop-hdds/common/target/classes/network-topology-default.xml]
2023-09-07 14:19:55,732 [main] INFO  net.NodeSchemaLoader (NodeSchemaLoader.java:loadSchema(176)) - Loading network topology layer schema file
2023-09-07 14:19:55,737 [main] INFO  net.NetworkTopologyImpl (NetworkTopologyImpl.java:add(112)) - Added a new node: /default-rack/71e841f9-9744-4e8d-bddc-b9c506674024
2023-09-07 14:19:55,737 [main] INFO  net.NetworkTopologyImpl (NetworkTopologyImpl.java:add(112)) - Added a new node: /default-rack/d448edcb-91fb-4f47-aadb-9e02775f7a7a
2023-09-07 14:19:55,740 [main] INFO  net.NetworkTopologyImpl (NetworkTopologyImpl.java:add(112)) - Added a new node: /default-rack/ef58c118-e84a-403b-8c9b-fda5c81336e8
2023-09-07 14:19:55,740 [main] INFO  net.NetworkTopologyImpl (NetworkTopologyImpl.java:add(112)) - Added a new node: /default-rack/fde83414-5100-4f8a-8fbb-14f27418daa1
2023-09-07 14:19:55,741 [main] INFO  net.NetworkTopologyImpl (NetworkTopologyImpl.java:add(112)) - Added a new node: /default-rack/b4975097-db07-4171-9bfd-e0a5db2344e6
2023-09-07 14:19:55,741 [main] INFO  net.NetworkTopologyImpl (NetworkTopologyImpl.java:add(112)) - Added a new node: /default-rack/a5e871ca-caf6-44e3-ae8c-330a0edc9371
2023-09-07 14:19:55,741 [main] INFO  net.NetworkTopologyImpl (NetworkTopologyImpl.java:add(112)) - Added a new node: /default-rack/27f8c282-f797-4a45-99c4-fba05d77a0f6
2023-09-07 14:19:55,742 [main] INFO  net.NetworkTopologyImpl (NetworkTopologyImpl.java:add(112)) - Added a new node: /default-rack/52b7707d-1848-4f8f-855f-b490a80c8413
2023-09-07 14:19:55,743 [main] INFO  net.NetworkTopologyImpl (NetworkTopologyImpl.java:add(112)) - Added a new node: /default-rack/3d6ee879-b035-416b-ae42-c72393f27534
2023-09-07 14:19:55,744 [main] INFO  net.NetworkTopologyImpl (NetworkTopologyImpl.java:add(112)) - Added a new node: /default-rack/e60d43e1-b2e4-422b-8ee1-b1756717b3cf
2023-09-07 14:19:55,744 [main] INFO  algorithms.ContainerPlacementPolicyFactory (ContainerPlacementPolicyFactory.java:getPolicyInternal(86)) - Create container placement policy of type org.apache.hadoop.hdds.scm.container.placement.algorithms.SCMContainerPlacementRackAware
2023-09-07 14:19:55,745 [main] INFO  algorithms.ContainerPlacementPolicyFactory (ContainerPlacementPolicyFactory.java:getPolicyInternal(86)) - Create container placement policy of type org.apache.hadoop.hdds.scm.container.placement.algorithms.SCMContainerPlacementRackScatter
2023-09-07 14:19:55,754 [main] DEBUG balancer.ContainerBalancerTask (ContainerBalancerTask.java:initializeIteration(374)) - Average utilization of the cluster is 0.3393470642064829
2023-09-07 14:19:55,755 [main] DEBUG balancer.ContainerBalancerTask (ContainerBalancerTask.java:initializeIteration(386)) - Lower limit for utilization is 0.2393470642064829 and Upper limit for utilization is 0.43934706420648295
2023-09-07 14:19:55,755 [main] DEBUG balancer.ContainerBalancerTask (ContainerBalancerTask.java:initializeIteration(398)) - Utilization for node e60d43e1-b2e4-422b-8ee1-b1756717b3cf with capacity 51300998257B, used 46170898432B, and remaining 5130099825B is 0.900000000013645
2023-09-07 14:19:55,755 [main] DEBUG balancer.ContainerBalancerTask (ContainerBalancerTask.java:initializeIteration(398)) - Utilization for node 52b7707d-1848-4f8f-855f-b490a80c8413 with capacity 57713623040B, used 46170898432B, and remaining 11542724608B is 0.8
2023-09-07 14:19:55,755 [main] DEBUG balancer.ContainerBalancerTask (ContainerBalancerTask.java:initializeIteration(398)) - Utilization for node fde83414-5100-4f8a-8fbb-14f27418daa1 with capacity 84365429028B, used 59055800320B, and remaining 25309628708B is 0.7000000000047413
2023-09-07 14:19:55,756 [main] DEBUG balancer.ContainerBalancerTask (ContainerBalancerTask.java:initializeIteration(398)) - Utilization for node b4975097-db07-4171-9bfd-e0a5db2344e6 with capacity 82320206506B, used 49392123904B, and remaining 32928082602B is 0.6000000000048591
2023-09-07 14:19:55,757 [main] DEBUG balancer.ContainerBalancerTask (ContainerBalancerTask.java:initializeIteration(398)) - Utilization for node 27f8c282-f797-4a45-99c4-fba05d77a0f6 with capacity 115964116992B, used 57982058496B, and remaining 57982058496B is 0.5
2023-09-07 14:19:55,757 [main] DEBUG balancer.ContainerBalancerTask (ContainerBalancerTask.java:initializeIteration(398)) - Utilization for node a5e871ca-caf6-44e3-ae8c-330a0edc9371 with capacity 147639500800B, used 59055800320B, and remaining 88583700480B is 0.4
2023-09-07 14:19:55,757 [main] DEBUG balancer.ContainerBalancerTask (ContainerBalancerTask.java:initializeIteration(398)) - Utilization for node ef58c118-e84a-403b-8c9b-fda5c81336e8 with capacity 75161927680B, used 22548578304B, and remaining 52613349376B is 0.3
2023-09-07 14:19:55,757 [main] DEBUG balancer.ContainerBalancerTask (ContainerBalancerTask.java:initializeIteration(398)) - Utilization for node d448edcb-91fb-4f47-aadb-9e02775f7a7a with capacity 177167400960B, used 35433480192B, and remaining 141733920768B is 0.2
2023-09-07 14:19:55,757 [main] DEBUG balancer.ContainerBalancerTask (ContainerBalancerTask.java:initializeIteration(398)) - Utilization for node 71e841f9-9744-4e8d-bddc-b9c506674024 with capacity 429496729600B, used 42949672960B, and remaining 386547056640B is 0.1
2023-09-07 14:19:55,757 [main] DEBUG balancer.ContainerBalancerTask (ContainerBalancerTask.java:initializeIteration(398)) - Utilization for node 3d6ee879-b035-416b-ae42-c72393f27534 with capacity 12884901888B, used 0B, and remaining 12884901888B is 0.0
2023-09-07 14:19:55,757 [main] INFO  balancer.ContainerBalancerTask (ContainerBalancerTask.java:initializeIteration(447)) - Container Balancer has identified 5 Over-Utilized and 3 Under-Utilized Datanodes that need to be balanced.
2023-09-07 14:19:55,758 [main] DEBUG balancer.ContainerBalancerTask (ContainerBalancerTask.java:lambda$initializeIteration$1(453)) - Datanode localhost-88.52.1.98 e60d43e1-b2e4-422b-8ee1-b1756717b3cf is Over-Utilized.
2023-09-07 14:19:55,758 [main] DEBUG balancer.ContainerBalancerTask (ContainerBalancerTask.java:lambda$initializeIteration$1(453)) - Datanode localhost-58.84.51.229 52b7707d-1848-4f8f-855f-b490a80c8413 is Over-Utilized.
2023-09-07 14:19:55,759 [main] DEBUG balancer.ContainerBalancerTask (ContainerBalancerTask.java:lambda$initializeIteration$1(453)) - Datanode localhost-0.243.164.34 fde83414-5100-4f8a-8fbb-14f27418daa1 is Over-Utilized.
2023-09-07 14:19:55,759 [main] DEBUG balancer.ContainerBalancerTask (ContainerBalancerTask.java:lambda$initializeIteration$1(453)) - Datanode localhost-249.101.109.229 b4975097-db07-4171-9bfd-e0a5db2344e6 is Over-Utilized.
2023-09-07 14:19:55,759 [main] DEBUG balancer.ContainerBalancerTask (ContainerBalancerTask.java:lambda$initializeIteration$1(453)) - Datanode localhost-179.109.231.132 27f8c282-f797-4a45-99c4-fba05d77a0f6 is Over-Utilized.
2023-09-07 14:19:55,759 [main] DEBUG balancer.ContainerBalancerTask (ContainerBalancerTask.java:lambda$initializeIteration$2(459)) - Datanode localhost-245.172.137.34 3d6ee879-b035-416b-ae42-c72393f27534 is Under-Utilized.
2023-09-07 14:19:55,760 [main] DEBUG balancer.ContainerBalancerTask (ContainerBalancerTask.java:lambda$initializeIteration$2(459)) - Datanode localhost-161.66.39.76 71e841f9-9744-4e8d-bddc-b9c506674024 is Under-Utilized.
2023-09-07 14:19:55,760 [main] DEBUG balancer.ContainerBalancerTask (ContainerBalancerTask.java:lambda$initializeIteration$2(459)) - Datanode localhost-215.14.98.79 d448edcb-91fb-4f47-aadb-9e02775f7a7a is Under-Utilized.
2023-09-07 14:19:55,766 [main] DEBUG balancer.ContainerBalancerTask (ContainerBalancerTask.java:matchSourceWithTarget(708)) - ContainerBalancer is finding suitable target for source datanode e60d43e1-b2e4-422b-8ee1-b1756717b3cf
2023-09-07 14:19:55,767 [main] INFO  balancer.ContainerBalancerTask (ContainerBalancerTask.java:matchSourceWithTarget(722)) - ContainerBalancer matched source datanode e60d43e1-b2e4-422b-8ee1-b1756717b3cf with target datanode 3d6ee879-b035-416b-ae42-c72393f27534 for container move.
2023-09-07 14:19:55,767 [main] INFO  balancer.ContainerBalancerTask (ContainerBalancerTask.java:processMoveSelection(569)) - ContainerBalancer is trying to move container #85 with size 5368709120B from source datanode e60d43e1-b2e4-422b-8ee1-b1756717b3cf to target datanode 3d6ee879-b035-416b-ae42-c72393f27534
2023-09-07 14:19:55,767 [main] DEBUG balancer.ContainerBalancerTask (ContainerBalancerTask.java:lambda$moveContainer$3(837)) - Container move completed for container #85 from source e60d43e1-b2e4-422b-8ee1-b1756717b3cf to target 3d6ee879-b035-416b-ae42-c72393f27534
2023-09-07 14:19:55,773 [main] DEBUG balancer.ContainerBalancerTask (ContainerBalancerTask.java:matchSourceWithTarget(708)) - ContainerBalancer is finding suitable target for source datanode 52b7707d-1848-4f8f-855f-b490a80c8413
2023-09-07 14:19:55,774 [main] INFO  balancer.ContainerBalancerTask (ContainerBalancerTask.java:matchSourceWithTarget(722)) - ContainerBalancer matched source datanode 52b7707d-1848-4f8f-855f-b490a80c8413 with target datanode 71e841f9-9744-4e8d-bddc-b9c506674024 for container move.
2023-09-07 14:19:55,774 [main] INFO  balancer.ContainerBalancerTask (ContainerBalancerTask.java:processMoveSelection(569)) - ContainerBalancer is trying to move container #68 with size 5368709120B from source datanode 52b7707d-1848-4f8f-855f-b490a80c8413 to target datanode 71e841f9-9744-4e8d-bddc-b9c506674024
2023-09-07 14:19:55,774 [main] DEBUG balancer.ContainerBalancerTask (ContainerBalancerTask.java:lambda$moveContainer$3(837)) - Container move completed for container #68 from source 52b7707d-1848-4f8f-855f-b490a80c8413 to target 71e841f9-9744-4e8d-bddc-b9c506674024
2023-09-07 14:19:55,782 [main] DEBUG balancer.ContainerBalancerTask (ContainerBalancerTask.java:matchSourceWithTarget(708)) - ContainerBalancer is finding suitable target for source datanode e60d43e1-b2e4-422b-8ee1-b1756717b3cf
2023-09-07 14:19:55,782 [main] INFO  balancer.ContainerBalancerTask (ContainerBalancerTask.java:matchSourceWithTarget(722)) - ContainerBalancer matched source datanode e60d43e1-b2e4-422b-8ee1-b1756717b3cf with target datanode 71e841f9-9744-4e8d-bddc-b9c506674024 for container move.
2023-09-07 14:19:55,783 [main] INFO  balancer.ContainerBalancerTask (ContainerBalancerTask.java:processMoveSelection(569)) - ContainerBalancer is trying to move container #89 with size 4294967296B from source datanode e60d43e1-b2e4-422b-8ee1-b1756717b3cf to target datanode 71e841f9-9744-4e8d-bddc-b9c506674024
2023-09-07 14:19:55,783 [main] DEBUG balancer.ContainerBalancerTask (ContainerBalancerTask.java:lambda$moveContainer$3(837)) - Container move completed for container #89 from source e60d43e1-b2e4-422b-8ee1-b1756717b3cf to target 71e841f9-9744-4e8d-bddc-b9c506674024
2023-09-07 14:19:55,789 [main] DEBUG balancer.ContainerBalancerTask (ContainerBalancerTask.java:matchSourceWithTarget(708)) - ContainerBalancer is finding suitable target for source datanode e60d43e1-b2e4-422b-8ee1-b1756717b3cf
2023-09-07 14:19:55,789 [main] INFO  balancer.ContainerBalancerTask (ContainerBalancerTask.java:matchSourceWithTarget(722)) - ContainerBalancer matched source datanode e60d43e1-b2e4-422b-8ee1-b1756717b3cf with target datanode 71e841f9-9744-4e8d-bddc-b9c506674024 for container move.
2023-09-07 14:19:55,789 [main] INFO  balancer.ContainerBalancerTask (ContainerBalancerTask.java:processMoveSelection(569)) - ContainerBalancer is trying to move container #88 with size 3221225472B from source datanode e60d43e1-b2e4-422b-8ee1-b1756717b3cf to target datanode 71e841f9-9744-4e8d-bddc-b9c506674024
2023-09-07 14:19:55,789 [main] DEBUG balancer.ContainerBalancerTask (ContainerBalancerTask.java:lambda$moveContainer$3(837)) - Container move completed for container #88 from source e60d43e1-b2e4-422b-8ee1-b1756717b3cf to target 71e841f9-9744-4e8d-bddc-b9c506674024
2023-09-07 14:19:55,793 [main] DEBUG balancer.ContainerBalancerTask (ContainerBalancerTask.java:matchSourceWithTarget(708)) - ContainerBalancer is finding suitable target for source datanode 52b7707d-1848-4f8f-855f-b490a80c8413
2023-09-07 14:19:55,793 [main] INFO  balancer.ContainerBalancerTask (ContainerBalancerTask.java:matchSourceWithTarget(722)) - ContainerBalancer matched source datanode 52b7707d-1848-4f8f-855f-b490a80c8413 with target datanode 71e841f9-9744-4e8d-bddc-b9c506674024 for container move.
2023-09-07 14:19:55,793 [main] INFO  balancer.ContainerBalancerTask (ContainerBalancerTask.java:processMoveSelection(569)) - ContainerBalancer is trying to move container #71 with size 3221225472B from source datanode 52b7707d-1848-4f8f-855f-b490a80c8413 to target datanode 71e841f9-9744-4e8d-bddc-b9c506674024
2023-09-07 14:19:55,793 [main] DEBUG balancer.ContainerBalancerTask (ContainerBalancerTask.java:lambda$moveContainer$3(837)) - Container move completed for container #71 from source 52b7707d-1848-4f8f-855f-b490a80c8413 to target 71e841f9-9744-4e8d-bddc-b9c506674024
2023-09-07 14:19:55,798 [main] DEBUG balancer.ContainerBalancerTask (ContainerBalancerTask.java:matchSourceWithTarget(708)) - ContainerBalancer is finding suitable target for source datanode fde83414-5100-4f8a-8fbb-14f27418daa1
2023-09-07 14:19:55,798 [main] INFO  balancer.ContainerBalancerTask (ContainerBalancerTask.java:matchSourceWithTarget(722)) - ContainerBalancer matched source datanode fde83414-5100-4f8a-8fbb-14f27418daa1 with target datanode 71e841f9-9744-4e8d-bddc-b9c506674024 for container move.
2023-09-07 14:19:55,798 [main] INFO  balancer.ContainerBalancerTask (ContainerBalancerTask.java:processMoveSelection(569)) - ContainerBalancer is trying to move container #53 with size 5368709120B from source datanode fde83414-5100-4f8a-8fbb-14f27418daa1 to target datanode 71e841f9-9744-4e8d-bddc-b9c506674024
2023-09-07 14:19:55,798 [main] DEBUG balancer.ContainerBalancerTask (ContainerBalancerTask.java:lambda$moveContainer$3(837)) - Container move completed for container #53 from source fde83414-5100-4f8a-8fbb-14f27418daa1 to target 71e841f9-9744-4e8d-bddc-b9c506674024
2023-09-07 14:19:55,802 [main] DEBUG balancer.ContainerBalancerTask (ContainerBalancerTask.java:matchSourceWithTarget(708)) - ContainerBalancer is finding suitable target for source datanode 52b7707d-1848-4f8f-855f-b490a80c8413
2023-09-07 14:19:55,802 [main] INFO  balancer.ContainerBalancerTask (ContainerBalancerTask.java:matchSourceWithTarget(722)) - ContainerBalancer matched source datanode 52b7707d-1848-4f8f-855f-b490a80c8413 with target datanode 71e841f9-9744-4e8d-bddc-b9c506674024 for container move.
2023-09-07 14:19:55,802 [main] INFO  balancer.ContainerBalancerTask (ContainerBalancerTask.java:processMoveSelection(569)) - ContainerBalancer is trying to move container #66 with size 3221225472B from source datanode 52b7707d-1848-4f8f-855f-b490a80c8413 to target datanode 71e841f9-9744-4e8d-bddc-b9c506674024
2023-09-07 14:19:55,802 [main] DEBUG balancer.ContainerBalancerTask (ContainerBalancerTask.java:lambda$moveContainer$3(837)) - Container move completed for container #66 from source 52b7707d-1848-4f8f-855f-b490a80c8413 to target 71e841f9-9744-4e8d-bddc-b9c506674024
2023-09-07 14:19:55,806 [main] DEBUG balancer.ContainerBalancerTask (ContainerBalancerTask.java:matchSourceWithTarget(708)) - ContainerBalancer is finding suitable target for source datanode e60d43e1-b2e4-422b-8ee1-b1756717b3cf
2023-09-07 14:19:55,806 [main] INFO  balancer.ContainerBalancerTask (ContainerBalancerTask.java:matchSourceWithTarget(722)) - ContainerBalancer matched source datanode e60d43e1-b2e4-422b-8ee1-b1756717b3cf with target datanode 71e841f9-9744-4e8d-bddc-b9c506674024 for container move.
2023-09-07 14:19:55,806 [main] INFO  balancer.ContainerBalancerTask (ContainerBalancerTask.java:processMoveSelection(569)) - ContainerBalancer is trying to move container #51 with size 3221225472B from source datanode e60d43e1-b2e4-422b-8ee1-b1756717b3cf to target datanode 71e841f9-9744-4e8d-bddc-b9c506674024
2023-09-07 14:19:55,807 [main] DEBUG balancer.ContainerBalancerTask (ContainerBalancerTask.java:lambda$moveContainer$3(837)) - Container move completed for container #51 from source e60d43e1-b2e4-422b-8ee1-b1756717b3cf to target 71e841f9-9744-4e8d-bddc-b9c506674024
2023-09-07 14:19:55,811 [main] DEBUG balancer.ContainerBalancerTask (ContainerBalancerTask.java:matchSourceWithTarget(708)) - ContainerBalancer is finding suitable target for source datanode fde83414-5100-4f8a-8fbb-14f27418daa1
2023-09-07 14:19:55,811 [main] INFO  balancer.ContainerBalancerTask (ContainerBalancerTask.java:matchSourceWithTarget(722)) - ContainerBalancer matched source datanode fde83414-5100-4f8a-8fbb-14f27418daa1 with target datanode 71e841f9-9744-4e8d-bddc-b9c506674024 for container move.
2023-09-07 14:19:55,812 [main] INFO  balancer.ContainerBalancerTask (ContainerBalancerTask.java:processMoveSelection(569)) - ContainerBalancer is trying to move container #52 with size 4294967296B from source datanode fde83414-5100-4f8a-8fbb-14f27418daa1 to target datanode 71e841f9-9744-4e8d-bddc-b9c506674024
2023-09-07 14:19:55,812 [main] DEBUG balancer.ContainerBalancerTask (ContainerBalancerTask.java:lambda$moveContainer$3(837)) - Container move completed for container #52 from source fde83414-5100-4f8a-8fbb-14f27418daa1 to target 71e841f9-9744-4e8d-bddc-b9c506674024
2023-09-07 14:19:55,815 [main] DEBUG balancer.ContainerBalancerTask (ContainerBalancerTask.java:matchSourceWithTarget(708)) - ContainerBalancer is finding suitable target for source datanode b4975097-db07-4171-9bfd-e0a5db2344e6
2023-09-07 14:19:55,816 [main] INFO  balancer.ContainerBalancerTask (ContainerBalancerTask.java:matchSourceWithTarget(722)) - ContainerBalancer matched source datanode b4975097-db07-4171-9bfd-e0a5db2344e6 with target datanode 71e841f9-9744-4e8d-bddc-b9c506674024 for container move.
2023-09-07 14:19:55,816 [main] INFO  balancer.ContainerBalancerTask (ContainerBalancerTask.java:processMoveSelection(569)) - ContainerBalancer is trying to move container #40 with size 5368709120B from source datanode b4975097-db07-4171-9bfd-e0a5db2344e6 to target datanode 71e841f9-9744-4e8d-bddc-b9c506674024
2023-09-07 14:19:55,816 [main] DEBUG balancer.ContainerBalancerTask (ContainerBalancerTask.java:lambda$moveContainer$3(837)) - Container move completed for container #40 from source b4975097-db07-4171-9bfd-e0a5db2344e6 to target 71e841f9-9744-4e8d-bddc-b9c506674024
2023-09-07 14:19:55,820 [main] DEBUG balancer.ContainerBalancerTask (ContainerBalancerTask.java:matchSourceWithTarget(708)) - ContainerBalancer is finding suitable target for source datanode 52b7707d-1848-4f8f-855f-b490a80c8413
2023-09-07 14:19:55,820 [main] INFO  balancer.ContainerBalancerTask (ContainerBalancerTask.java:matchSourceWithTarget(722)) - ContainerBalancer matched source datanode 52b7707d-1848-4f8f-855f-b490a80c8413 with target datanode 71e841f9-9744-4e8d-bddc-b9c506674024 for container move.
2023-09-07 14:19:55,820 [main] INFO  balancer.ContainerBalancerTask (ContainerBalancerTask.java:processMoveSelection(569)) - ContainerBalancer is trying to move container #65 with size 2147483648B from source datanode 52b7707d-1848-4f8f-855f-b490a80c8413 to target datanode 71e841f9-9744-4e8d-bddc-b9c506674024
2023-09-07 14:19:55,820 [main] DEBUG balancer.ContainerBalancerTask (ContainerBalancerTask.java:lambda$moveContainer$3(837)) - Container move completed for container #65 from source 52b7707d-1848-4f8f-855f-b490a80c8413 to target 71e841f9-9744-4e8d-bddc-b9c506674024
2023-09-07 14:19:55,824 [main] DEBUG balancer.ContainerBalancerTask (ContainerBalancerTask.java:matchSourceWithTarget(708)) - ContainerBalancer is finding suitable target for source datanode e60d43e1-b2e4-422b-8ee1-b1756717b3cf
2023-09-07 14:19:55,825 [main] INFO  balancer.ContainerBalancerTask (ContainerBalancerTask.java:matchSourceWithTarget(722)) - ContainerBalancer matched source datanode e60d43e1-b2e4-422b-8ee1-b1756717b3cf with target datanode 71e841f9-9744-4e8d-bddc-b9c506674024 for container move.
2023-09-07 14:19:55,825 [main] INFO  balancer.ContainerBalancerTask (ContainerBalancerTask.java:processMoveSelection(569)) - ContainerBalancer is trying to move container #10 with size 2147483648B from source datanode e60d43e1-b2e4-422b-8ee1-b1756717b3cf to target datanode 71e841f9-9744-4e8d-bddc-b9c506674024
2023-09-07 14:19:55,825 [main] DEBUG balancer.ContainerBalancerTask (ContainerBalancerTask.java:lambda$moveContainer$3(837)) - Container move completed for container #10 from source e60d43e1-b2e4-422b-8ee1-b1756717b3cf to target 71e841f9-9744-4e8d-bddc-b9c506674024
2023-09-07 14:19:55,830 [main] DEBUG balancer.ContainerBalancerTask (ContainerBalancerTask.java:matchSourceWithTarget(708)) - ContainerBalancer is finding suitable target for source datanode fde83414-5100-4f8a-8fbb-14f27418daa1
2023-09-07 14:19:55,830 [main] INFO  balancer.ContainerBalancerTask (ContainerBalancerTask.java:matchSourceWithTarget(722)) - ContainerBalancer matched source datanode fde83414-5100-4f8a-8fbb-14f27418daa1 with target datanode 71e841f9-9744-4e8d-bddc-b9c506674024 for container move.
2023-09-07 14:19:55,830 [main] INFO  balancer.ContainerBalancerTask (ContainerBalancerTask.java:processMoveSelection(569)) - ContainerBalancer is trying to move container #27 with size 3221225472B from source datanode fde83414-5100-4f8a-8fbb-14f27418daa1 to target datanode 71e841f9-9744-4e8d-bddc-b9c506674024
2023-09-07 14:19:55,830 [main] DEBUG balancer.ContainerBalancerTask (ContainerBalancerTask.java:lambda$moveContainer$3(837)) - Container move completed for container #27 from source fde83414-5100-4f8a-8fbb-14f27418daa1 to target 71e841f9-9744-4e8d-bddc-b9c506674024
2023-09-07 14:19:55,834 [main] DEBUG balancer.ContainerBalancerTask (ContainerBalancerTask.java:matchSourceWithTarget(708)) - ContainerBalancer is finding suitable target for source datanode 52b7707d-1848-4f8f-855f-b490a80c8413
2023-09-07 14:19:55,834 [main] INFO  balancer.ContainerBalancerTask (ContainerBalancerTask.java:matchSourceWithTarget(722)) - ContainerBalancer matched source datanode 52b7707d-1848-4f8f-855f-b490a80c8413 with target datanode d448edcb-91fb-4f47-aadb-9e02775f7a7a for container move.
2023-09-07 14:19:55,834 [main] INFO  balancer.ContainerBalancerTask (ContainerBalancerTask.java:processMoveSelection(569)) - ContainerBalancer is trying to move container #70 with size 2147483648B from source datanode 52b7707d-1848-4f8f-855f-b490a80c8413 to target datanode d448edcb-91fb-4f47-aadb-9e02775f7a7a
2023-09-07 14:19:55,834 [main] DEBUG balancer.ContainerBalancerTask (ContainerBalancerTask.java:lambda$moveContainer$3(837)) - Container move completed for container #70 from source 52b7707d-1848-4f8f-855f-b490a80c8413 to target d448edcb-91fb-4f47-aadb-9e02775f7a7a
2023-09-07 14:19:55,839 [main] DEBUG balancer.ContainerBalancerTask (ContainerBalancerTask.java:matchSourceWithTarget(708)) - ContainerBalancer is finding suitable target for source datanode fde83414-5100-4f8a-8fbb-14f27418daa1
2023-09-07 14:19:55,839 [main] INFO  balancer.ContainerBalancerTask (ContainerBalancerTask.java:matchSourceWithTarget(722)) - ContainerBalancer matched source datanode fde83414-5100-4f8a-8fbb-14f27418daa1 with target datanode 71e841f9-9744-4e8d-bddc-b9c506674024 for container move.
2023-09-07 14:19:55,840 [main] INFO  balancer.ContainerBalancerTask (ContainerBalancerTask.java:processMoveSelection(569)) - ContainerBalancer is trying to move container #69 with size 1073741824B from source datanode fde83414-5100-4f8a-8fbb-14f27418daa1 to target datanode 71e841f9-9744-4e8d-bddc-b9c506674024
2023-09-07 14:19:55,840 [main] DEBUG balancer.ContainerBalancerTask (ContainerBalancerTask.java:lambda$moveContainer$3(837)) - Container move completed for container #69 from source fde83414-5100-4f8a-8fbb-14f27418daa1 to target 71e841f9-9744-4e8d-bddc-b9c506674024
2023-09-07 14:19:55,840 [main] WARN  balancer.ContainerBalancerTask (ContainerBalancerTask.java:reachedMaxSizeToMovePerIteration(733)) - Reached max size to move limit. 53687091200 bytes have already been scheduled for balancing and the limit is 53687091200 bytes.
2023-09-07 14:19:55,840 [main] INFO  balancer.ContainerBalancerTask (ContainerBalancerTask.java:checkIterationMoveResults(642)) - Iteration Summary. Number of Datanodes involved: 7. Size moved: 50 GB (53687091200 Bytes). Number of Container moves completed: 15.
2023-09-07 14:19:55,840 [main] INFO  balancer.ContainerBalancerTask (ContainerBalancerTask.java:balance(259)) - Result of this iteration of Container Balancer: ITERATION_COMPLETED
2023-09-07 14:19:55,841 [main] INFO  balancer.ContainerBalancerTask (ContainerBalancerTask.java:tryStopWithSaveConfiguration(308)) - Save Configuration for stopping. Reason: Completed all iterations.
]]></system-out>
  </testcase>
  <testcase name="testContainerBalancerConfiguration" classname="org.apache.hadoop.hdds.scm.container.balancer.TestContainerBalancerTask" time="0.067">
    <system-out><![CDATA[2023-09-07 14:19:55,886 [main] INFO  net.NodeSchemaLoader (NodeSchemaLoader.java:loadSchemaFromFile(129)) - Loading schema from [file:/home/runner/work/ozone/ozone/hadoop-hdds/common/target/classes/network-topology-default.xml]
2023-09-07 14:19:55,886 [main] INFO  net.NodeSchemaLoader (NodeSchemaLoader.java:loadSchema(176)) - Loading network topology layer schema file
2023-09-07 14:19:55,888 [main] INFO  net.NetworkTopologyImpl (NetworkTopologyImpl.java:add(112)) - Added a new node: /default-rack/80c3040f-ff8f-4eff-abce-9da156046e77
2023-09-07 14:19:55,888 [main] INFO  net.NetworkTopologyImpl (NetworkTopologyImpl.java:add(112)) - Added a new node: /default-rack/ffdcb2f4-5f37-4cf6-a2f9-dedb5d227f9b
2023-09-07 14:19:55,888 [main] INFO  net.NetworkTopologyImpl (NetworkTopologyImpl.java:add(112)) - Added a new node: /default-rack/dc500031-3e0c-47d8-bb7a-d43f615d8c6e
2023-09-07 14:19:55,889 [main] INFO  net.NetworkTopologyImpl (NetworkTopologyImpl.java:add(112)) - Added a new node: /default-rack/002e45e6-4ee8-4575-8c5c-4fd794df6665
2023-09-07 14:19:55,889 [main] INFO  net.NetworkTopologyImpl (NetworkTopologyImpl.java:add(112)) - Added a new node: /default-rack/0200c94f-a2fd-46cb-9dbe-b6017aab012b
2023-09-07 14:19:55,889 [main] INFO  net.NetworkTopologyImpl (NetworkTopologyImpl.java:add(112)) - Added a new node: /default-rack/29020325-8cee-4b80-a676-b3d59ef87985
2023-09-07 14:19:55,889 [main] INFO  net.NetworkTopologyImpl (NetworkTopologyImpl.java:add(112)) - Added a new node: /default-rack/f666d4d0-f0aa-40ef-a3e0-b7136c96f1df
2023-09-07 14:19:55,889 [main] INFO  net.NetworkTopologyImpl (NetworkTopologyImpl.java:add(112)) - Added a new node: /default-rack/73811ac0-90bb-4dfd-8639-451190a283b7
2023-09-07 14:19:55,889 [main] INFO  net.NetworkTopologyImpl (NetworkTopologyImpl.java:add(112)) - Added a new node: /default-rack/f522d36b-0ada-46a5-9598-d4941a45b032
2023-09-07 14:19:55,889 [main] INFO  net.NetworkTopologyImpl (NetworkTopologyImpl.java:add(112)) - Added a new node: /default-rack/1794d7ef-900b-4cb4-9540-a6b88113ca10
2023-09-07 14:19:55,890 [main] INFO  algorithms.ContainerPlacementPolicyFactory (ContainerPlacementPolicyFactory.java:getPolicyInternal(86)) - Create container placement policy of type org.apache.hadoop.hdds.scm.container.placement.algorithms.SCMContainerPlacementRackAware
2023-09-07 14:19:55,890 [main] INFO  algorithms.ContainerPlacementPolicyFactory (ContainerPlacementPolicyFactory.java:getPolicyInternal(86)) - Create container placement policy of type org.apache.hadoop.hdds.scm.container.placement.algorithms.SCMContainerPlacementRackScatter
]]></system-out>
  </testcase>
  <testcase name="checkIterationResultTimeoutFromReplicationManager" classname="org.apache.hadoop.hdds.scm.container.balancer.TestContainerBalancerTask" time="0.119">
    <system-out><![CDATA[2023-09-07 14:19:55,948 [main] INFO  net.NodeSchemaLoader (NodeSchemaLoader.java:loadSchemaFromFile(129)) - Loading schema from [file:/home/runner/work/ozone/ozone/hadoop-hdds/common/target/classes/network-topology-default.xml]
2023-09-07 14:19:55,948 [main] INFO  net.NodeSchemaLoader (NodeSchemaLoader.java:loadSchema(176)) - Loading network topology layer schema file
2023-09-07 14:19:55,952 [main] INFO  net.NetworkTopologyImpl (NetworkTopologyImpl.java:add(112)) - Added a new node: /default-rack/8d170a32-4902-45a8-a76f-9afeaa1e17b0
2023-09-07 14:19:55,952 [main] INFO  net.NetworkTopologyImpl (NetworkTopologyImpl.java:add(112)) - Added a new node: /default-rack/69caafd5-8ec7-4b8b-9e1b-36914e14592e
2023-09-07 14:19:55,953 [main] INFO  net.NetworkTopologyImpl (NetworkTopologyImpl.java:add(112)) - Added a new node: /default-rack/d0b63b73-8c99-44cd-89f5-361329dfe40b
2023-09-07 14:19:55,954 [main] INFO  net.NetworkTopologyImpl (NetworkTopologyImpl.java:add(112)) - Added a new node: /default-rack/84aefdbb-1e4c-4d9e-baba-a50626e3229c
2023-09-07 14:19:55,955 [main] INFO  net.NetworkTopologyImpl (NetworkTopologyImpl.java:add(112)) - Added a new node: /default-rack/c0be0766-a2ea-434a-a52a-262c0e58b922
2023-09-07 14:19:55,955 [main] INFO  net.NetworkTopologyImpl (NetworkTopologyImpl.java:add(112)) - Added a new node: /default-rack/7e6a2efa-dd08-4fdd-8f92-480a7f5fcd95
2023-09-07 14:19:55,955 [main] INFO  net.NetworkTopologyImpl (NetworkTopologyImpl.java:add(112)) - Added a new node: /default-rack/9bfcba95-5a68-4529-b244-1e1c071e5487
2023-09-07 14:19:55,956 [main] INFO  net.NetworkTopologyImpl (NetworkTopologyImpl.java:add(112)) - Added a new node: /default-rack/20ca2980-91cd-4e38-b5ed-f9a3ca30e53d
2023-09-07 14:19:55,956 [main] INFO  net.NetworkTopologyImpl (NetworkTopologyImpl.java:add(112)) - Added a new node: /default-rack/a6d02a7a-626c-4e5d-a7d7-6d12575d75ff
2023-09-07 14:19:55,957 [main] INFO  net.NetworkTopologyImpl (NetworkTopologyImpl.java:add(112)) - Added a new node: /default-rack/24481654-b3eb-45ef-ba85-cc9f90dc1161
2023-09-07 14:19:55,957 [main] INFO  algorithms.ContainerPlacementPolicyFactory (ContainerPlacementPolicyFactory.java:getPolicyInternal(86)) - Create container placement policy of type org.apache.hadoop.hdds.scm.container.placement.algorithms.SCMContainerPlacementRackAware
2023-09-07 14:19:55,957 [main] INFO  algorithms.ContainerPlacementPolicyFactory (ContainerPlacementPolicyFactory.java:getPolicyInternal(86)) - Create container placement policy of type org.apache.hadoop.hdds.scm.container.placement.algorithms.SCMContainerPlacementRackScatter
2023-09-07 14:19:55,966 [main] DEBUG balancer.ContainerBalancerTask (ContainerBalancerTask.java:initializeIteration(374)) - Average utilization of the cluster is 0.32866458746856314
2023-09-07 14:19:55,966 [main] DEBUG balancer.ContainerBalancerTask (ContainerBalancerTask.java:initializeIteration(386)) - Lower limit for utilization is 0.22866458746856314 and Upper limit for utilization is 0.4286645874685632
2023-09-07 14:19:55,966 [main] DEBUG balancer.ContainerBalancerTask (ContainerBalancerTask.java:initializeIteration(398)) - Utilization for node a6d02a7a-626c-4e5d-a7d7-6d12575d75ff with capacity 47721858844B, used 42949672960B, and remaining 4772185884B is 0.9000000000083819
2023-09-07 14:19:55,966 [main] DEBUG balancer.ContainerBalancerTask (ContainerBalancerTask.java:initializeIteration(398)) - Utilization for node 24481654-b3eb-45ef-ba85-cc9f90dc1161 with capacity 72477573120B, used 57982058496B, and remaining 14495514624B is 0.8
2023-09-07 14:19:55,966 [main] DEBUG balancer.ContainerBalancerTask (ContainerBalancerTask.java:initializeIteration(398)) - Utilization for node 9bfcba95-5a68-4529-b244-1e1c071e5487 with capacity 62890592548B, used 44023414784B, and remaining 18867177764B is 0.7000000000063602
2023-09-07 14:19:55,966 [main] DEBUG balancer.ContainerBalancerTask (ContainerBalancerTask.java:initializeIteration(398)) - Utilization for node 20ca2980-91cd-4e38-b5ed-f9a3ca30e53d with capacity 75161927680B, used 45097156608B, and remaining 30064771072B is 0.6
2023-09-07 14:19:55,966 [main] DEBUG balancer.ContainerBalancerTask (ContainerBalancerTask.java:initializeIteration(398)) - Utilization for node d0b63b73-8c99-44cd-89f5-361329dfe40b with capacity 79456894976B, used 39728447488B, and remaining 39728447488B is 0.5
2023-09-07 14:19:55,967 [main] DEBUG balancer.ContainerBalancerTask (ContainerBalancerTask.java:initializeIteration(398)) - Utilization for node c0be0766-a2ea-434a-a52a-262c0e58b922 with capacity 110058536960B, used 44023414784B, and remaining 66035122176B is 0.4
2023-09-07 14:19:55,967 [main] DEBUG balancer.ContainerBalancerTask (ContainerBalancerTask.java:initializeIteration(398)) - Utilization for node 69caafd5-8ec7-4b8b-9e1b-36914e14592e with capacity 136007297706B, used 40802189312B, and remaining 95205108394B is 0.30000000000147053
2023-09-07 14:19:55,967 [main] DEBUG balancer.ContainerBalancerTask (ContainerBalancerTask.java:initializeIteration(398)) - Utilization for node 7e6a2efa-dd08-4fdd-8f92-480a7f5fcd95 with capacity 214748364800B, used 42949672960B, and remaining 171798691840B is 0.2
2023-09-07 14:19:55,967 [main] DEBUG balancer.ContainerBalancerTask (ContainerBalancerTask.java:initializeIteration(398)) - Utilization for node 8d170a32-4902-45a8-a76f-9afeaa1e17b0 with capacity 375809638400B, used 37580963840B, and remaining 338228674560B is 0.1
2023-09-07 14:19:55,967 [main] DEBUG balancer.ContainerBalancerTask (ContainerBalancerTask.java:initializeIteration(398)) - Utilization for node 84aefdbb-1e4c-4d9e-baba-a50626e3229c with capacity 27917287424B, used 0B, and remaining 27917287424B is 0.0
2023-09-07 14:19:55,967 [main] INFO  balancer.ContainerBalancerTask (ContainerBalancerTask.java:initializeIteration(447)) - Container Balancer has identified 5 Over-Utilized and 3 Under-Utilized Datanodes that need to be balanced.
2023-09-07 14:19:55,967 [main] DEBUG balancer.ContainerBalancerTask (ContainerBalancerTask.java:lambda$initializeIteration$1(453)) - Datanode localhost-142.187.173.20 a6d02a7a-626c-4e5d-a7d7-6d12575d75ff is Over-Utilized.
2023-09-07 14:19:55,967 [main] DEBUG balancer.ContainerBalancerTask (ContainerBalancerTask.java:lambda$initializeIteration$1(453)) - Datanode localhost-62.51.79.165 24481654-b3eb-45ef-ba85-cc9f90dc1161 is Over-Utilized.
2023-09-07 14:19:55,967 [main] DEBUG balancer.ContainerBalancerTask (ContainerBalancerTask.java:lambda$initializeIteration$1(453)) - Datanode localhost-224.130.190.9 9bfcba95-5a68-4529-b244-1e1c071e5487 is Over-Utilized.
2023-09-07 14:19:55,968 [main] DEBUG balancer.ContainerBalancerTask (ContainerBalancerTask.java:lambda$initializeIteration$1(453)) - Datanode localhost-26.177.203.156 20ca2980-91cd-4e38-b5ed-f9a3ca30e53d is Over-Utilized.
2023-09-07 14:19:55,968 [main] DEBUG balancer.ContainerBalancerTask (ContainerBalancerTask.java:lambda$initializeIteration$1(453)) - Datanode localhost-217.147.80.119 d0b63b73-8c99-44cd-89f5-361329dfe40b is Over-Utilized.
2023-09-07 14:19:55,968 [main] DEBUG balancer.ContainerBalancerTask (ContainerBalancerTask.java:lambda$initializeIteration$2(459)) - Datanode localhost-147.136.76.187 84aefdbb-1e4c-4d9e-baba-a50626e3229c is Under-Utilized.
2023-09-07 14:19:55,968 [main] DEBUG balancer.ContainerBalancerTask (ContainerBalancerTask.java:lambda$initializeIteration$2(459)) - Datanode localhost-208.6.142.46 8d170a32-4902-45a8-a76f-9afeaa1e17b0 is Under-Utilized.
2023-09-07 14:19:55,968 [main] DEBUG balancer.ContainerBalancerTask (ContainerBalancerTask.java:lambda$initializeIteration$2(459)) - Datanode localhost-48.20.140.120 7e6a2efa-dd08-4fdd-8f92-480a7f5fcd95 is Under-Utilized.
2023-09-07 14:19:55,975 [main] DEBUG balancer.ContainerBalancerTask (ContainerBalancerTask.java:matchSourceWithTarget(708)) - ContainerBalancer is finding suitable target for source datanode a6d02a7a-626c-4e5d-a7d7-6d12575d75ff
2023-09-07 14:19:55,975 [main] INFO  balancer.ContainerBalancerTask (ContainerBalancerTask.java:matchSourceWithTarget(722)) - ContainerBalancer matched source datanode a6d02a7a-626c-4e5d-a7d7-6d12575d75ff with target datanode 84aefdbb-1e4c-4d9e-baba-a50626e3229c for container move.
2023-09-07 14:19:55,979 [main] INFO  balancer.ContainerBalancerTask (ContainerBalancerTask.java:processMoveSelection(569)) - ContainerBalancer is trying to move container #84 with size 4294967296B from source datanode a6d02a7a-626c-4e5d-a7d7-6d12575d75ff to target datanode 84aefdbb-1e4c-4d9e-baba-a50626e3229c
2023-09-07 14:19:55,979 [main] WARN  balancer.ContainerBalancerTask (ContainerBalancerTask.java:lambda$moveContainer$3(842)) - Container move for container #84 from source a6d02a7a-626c-4e5d-a7d7-6d12575d75ff to target 84aefdbb-1e4c-4d9e-baba-a50626e3229c failed: REPLICATION_FAIL_TIME_OUT
2023-09-07 14:19:55,983 [main] DEBUG balancer.ContainerBalancerTask (ContainerBalancerTask.java:matchSourceWithTarget(708)) - ContainerBalancer is finding suitable target for source datanode 24481654-b3eb-45ef-ba85-cc9f90dc1161
2023-09-07 14:19:55,984 [main] INFO  balancer.ContainerBalancerTask (ContainerBalancerTask.java:matchSourceWithTarget(722)) - ContainerBalancer matched source datanode 24481654-b3eb-45ef-ba85-cc9f90dc1161 with target datanode 84aefdbb-1e4c-4d9e-baba-a50626e3229c for container move.
2023-09-07 14:19:55,984 [main] INFO  balancer.ContainerBalancerTask (ContainerBalancerTask.java:processMoveSelection(569)) - ContainerBalancer is trying to move container #68 with size 5368709120B from source datanode 24481654-b3eb-45ef-ba85-cc9f90dc1161 to target datanode 84aefdbb-1e4c-4d9e-baba-a50626e3229c
2023-09-07 14:19:55,984 [main] WARN  balancer.ContainerBalancerTask (ContainerBalancerTask.java:lambda$moveContainer$3(842)) - Container move for container #68 from source 24481654-b3eb-45ef-ba85-cc9f90dc1161 to target 84aefdbb-1e4c-4d9e-baba-a50626e3229c failed: DELETION_FAIL_TIME_OUT
2023-09-07 14:19:55,987 [main] DEBUG balancer.ContainerBalancerTask (ContainerBalancerTask.java:matchSourceWithTarget(708)) - ContainerBalancer is finding suitable target for source datanode 9bfcba95-5a68-4529-b244-1e1c071e5487
2023-09-07 14:19:55,988 [main] INFO  balancer.ContainerBalancerTask (ContainerBalancerTask.java:matchSourceWithTarget(722)) - ContainerBalancer matched source datanode 9bfcba95-5a68-4529-b244-1e1c071e5487 with target datanode 84aefdbb-1e4c-4d9e-baba-a50626e3229c for container move.
2023-09-07 14:19:55,988 [main] INFO  balancer.ContainerBalancerTask (ContainerBalancerTask.java:processMoveSelection(569)) - ContainerBalancer is trying to move container #68 with size 5368709120B from source datanode 9bfcba95-5a68-4529-b244-1e1c071e5487 to target datanode 84aefdbb-1e4c-4d9e-baba-a50626e3229c
2023-09-07 14:19:55,988 [main] WARN  balancer.ContainerBalancerTask (ContainerBalancerTask.java:lambda$moveContainer$3(842)) - Container move for container #68 from source 9bfcba95-5a68-4529-b244-1e1c071e5487 to target 84aefdbb-1e4c-4d9e-baba-a50626e3229c failed: DELETION_FAIL_TIME_OUT
2023-09-07 14:19:55,993 [main] DEBUG balancer.ContainerBalancerTask (ContainerBalancerTask.java:matchSourceWithTarget(708)) - ContainerBalancer is finding suitable target for source datanode 20ca2980-91cd-4e38-b5ed-f9a3ca30e53d
2023-09-07 14:19:55,993 [main] INFO  balancer.ContainerBalancerTask (ContainerBalancerTask.java:matchSourceWithTarget(722)) - ContainerBalancer matched source datanode 20ca2980-91cd-4e38-b5ed-f9a3ca30e53d with target datanode 84aefdbb-1e4c-4d9e-baba-a50626e3229c for container move.
2023-09-07 14:19:55,994 [main] INFO  balancer.ContainerBalancerTask (ContainerBalancerTask.java:processMoveSelection(569)) - ContainerBalancer is trying to move container #40 with size 5368709120B from source datanode 20ca2980-91cd-4e38-b5ed-f9a3ca30e53d to target datanode 84aefdbb-1e4c-4d9e-baba-a50626e3229c
2023-09-07 14:19:55,994 [main] WARN  balancer.ContainerBalancerTask (ContainerBalancerTask.java:lambda$moveContainer$3(842)) - Container move for container #40 from source 20ca2980-91cd-4e38-b5ed-f9a3ca30e53d to target 84aefdbb-1e4c-4d9e-baba-a50626e3229c failed: DELETION_FAIL_TIME_OUT
2023-09-07 14:19:55,998 [main] DEBUG balancer.ContainerBalancerTask (ContainerBalancerTask.java:matchSourceWithTarget(708)) - ContainerBalancer is finding suitable target for source datanode d0b63b73-8c99-44cd-89f5-361329dfe40b
2023-09-07 14:19:55,999 [main] INFO  balancer.ContainerBalancerTask (ContainerBalancerTask.java:matchSourceWithTarget(722)) - ContainerBalancer matched source datanode d0b63b73-8c99-44cd-89f5-361329dfe40b with target datanode 84aefdbb-1e4c-4d9e-baba-a50626e3229c for container move.
2023-09-07 14:19:55,999 [main] INFO  balancer.ContainerBalancerTask (ContainerBalancerTask.java:processMoveSelection(569)) - ContainerBalancer is trying to move container #28 with size 4294967296B from source datanode d0b63b73-8c99-44cd-89f5-361329dfe40b to target datanode 84aefdbb-1e4c-4d9e-baba-a50626e3229c
2023-09-07 14:19:55,999 [main] WARN  balancer.ContainerBalancerTask (ContainerBalancerTask.java:lambda$moveContainer$3(842)) - Container move for container #28 from source d0b63b73-8c99-44cd-89f5-361329dfe40b to target 84aefdbb-1e4c-4d9e-baba-a50626e3229c failed: DELETION_FAIL_TIME_OUT
2023-09-07 14:19:55,999 [main] INFO  balancer.FindSourceGreedy (FindSourceGreedy.java:getNextCandidateSourceDataNode(126)) - no more candidate source data node
2023-09-07 14:19:55,999 [main] INFO  balancer.ContainerBalancerTask (ContainerBalancerTask.java:checkIterationMoveResults(642)) - Iteration Summary. Number of Datanodes involved: 0. Size moved: 0 B (0 Bytes). Number of Container moves completed: 0.
2023-09-07 14:19:55,999 [main] INFO  balancer.ContainerBalancerTask (ContainerBalancerTask.java:balance(259)) - Result of this iteration of Container Balancer: ITERATION_COMPLETED
2023-09-07 14:19:56,000 [main] INFO  balancer.ContainerBalancerTask (ContainerBalancerTask.java:tryStopWithSaveConfiguration(308)) - Save Configuration for stopping. Reason: Completed all iterations.
2023-09-07 14:19:56,003 [main] DEBUG balancer.ContainerBalancerTask (ContainerBalancerTask.java:initializeIteration(374)) - Average utilization of the cluster is 0.32866458746856314
2023-09-07 14:19:56,004 [main] DEBUG balancer.ContainerBalancerTask (ContainerBalancerTask.java:initializeIteration(386)) - Lower limit for utilization is 0.22866458746856314 and Upper limit for utilization is 0.4286645874685632
2023-09-07 14:19:56,004 [main] DEBUG balancer.ContainerBalancerTask (ContainerBalancerTask.java:initializeIteration(398)) - Utilization for node a6d02a7a-626c-4e5d-a7d7-6d12575d75ff with capacity 47721858844B, used 42949672960B, and remaining 4772185884B is 0.9000000000083819
2023-09-07 14:19:56,004 [main] DEBUG balancer.ContainerBalancerTask (ContainerBalancerTask.java:initializeIteration(398)) - Utilization for node 24481654-b3eb-45ef-ba85-cc9f90dc1161 with capacity 72477573120B, used 57982058496B, and remaining 14495514624B is 0.8
2023-09-07 14:19:56,004 [main] DEBUG balancer.ContainerBalancerTask (ContainerBalancerTask.java:initializeIteration(398)) - Utilization for node 9bfcba95-5a68-4529-b244-1e1c071e5487 with capacity 62890592548B, used 44023414784B, and remaining 18867177764B is 0.7000000000063602
2023-09-07 14:19:56,004 [main] DEBUG balancer.ContainerBalancerTask (ContainerBalancerTask.java:initializeIteration(398)) - Utilization for node 20ca2980-91cd-4e38-b5ed-f9a3ca30e53d with capacity 75161927680B, used 45097156608B, and remaining 30064771072B is 0.6
2023-09-07 14:19:56,004 [main] DEBUG balancer.ContainerBalancerTask (ContainerBalancerTask.java:initializeIteration(398)) - Utilization for node d0b63b73-8c99-44cd-89f5-361329dfe40b with capacity 79456894976B, used 39728447488B, and remaining 39728447488B is 0.5
2023-09-07 14:19:56,005 [main] DEBUG balancer.ContainerBalancerTask (ContainerBalancerTask.java:initializeIteration(398)) - Utilization for node c0be0766-a2ea-434a-a52a-262c0e58b922 with capacity 110058536960B, used 44023414784B, and remaining 66035122176B is 0.4
2023-09-07 14:19:56,005 [main] DEBUG balancer.ContainerBalancerTask (ContainerBalancerTask.java:initializeIteration(398)) - Utilization for node 69caafd5-8ec7-4b8b-9e1b-36914e14592e with capacity 136007297706B, used 40802189312B, and remaining 95205108394B is 0.30000000000147053
2023-09-07 14:19:56,005 [main] DEBUG balancer.ContainerBalancerTask (ContainerBalancerTask.java:initializeIteration(398)) - Utilization for node 7e6a2efa-dd08-4fdd-8f92-480a7f5fcd95 with capacity 214748364800B, used 42949672960B, and remaining 171798691840B is 0.2
2023-09-07 14:19:56,005 [main] DEBUG balancer.ContainerBalancerTask (ContainerBalancerTask.java:initializeIteration(398)) - Utilization for node 8d170a32-4902-45a8-a76f-9afeaa1e17b0 with capacity 375809638400B, used 37580963840B, and remaining 338228674560B is 0.1
2023-09-07 14:19:56,007 [main] DEBUG balancer.ContainerBalancerTask (ContainerBalancerTask.java:initializeIteration(398)) - Utilization for node 84aefdbb-1e4c-4d9e-baba-a50626e3229c with capacity 27917287424B, used 0B, and remaining 27917287424B is 0.0
2023-09-07 14:19:56,007 [main] INFO  balancer.ContainerBalancerTask (ContainerBalancerTask.java:initializeIteration(447)) - Container Balancer has identified 5 Over-Utilized and 3 Under-Utilized Datanodes that need to be balanced.
2023-09-07 14:19:56,007 [main] DEBUG balancer.ContainerBalancerTask (ContainerBalancerTask.java:lambda$initializeIteration$1(453)) - Datanode localhost-142.187.173.20 a6d02a7a-626c-4e5d-a7d7-6d12575d75ff is Over-Utilized.
2023-09-07 14:19:56,007 [main] DEBUG balancer.ContainerBalancerTask (ContainerBalancerTask.java:lambda$initializeIteration$1(453)) - Datanode localhost-62.51.79.165 24481654-b3eb-45ef-ba85-cc9f90dc1161 is Over-Utilized.
2023-09-07 14:19:56,007 [main] DEBUG balancer.ContainerBalancerTask (ContainerBalancerTask.java:lambda$initializeIteration$1(453)) - Datanode localhost-224.130.190.9 9bfcba95-5a68-4529-b244-1e1c071e5487 is Over-Utilized.
2023-09-07 14:19:56,007 [main] DEBUG balancer.ContainerBalancerTask (ContainerBalancerTask.java:lambda$initializeIteration$1(453)) - Datanode localhost-26.177.203.156 20ca2980-91cd-4e38-b5ed-f9a3ca30e53d is Over-Utilized.
2023-09-07 14:19:56,008 [main] DEBUG balancer.ContainerBalancerTask (ContainerBalancerTask.java:lambda$initializeIteration$1(453)) - Datanode localhost-217.147.80.119 d0b63b73-8c99-44cd-89f5-361329dfe40b is Over-Utilized.
2023-09-07 14:19:56,008 [main] DEBUG balancer.ContainerBalancerTask (ContainerBalancerTask.java:lambda$initializeIteration$2(459)) - Datanode localhost-147.136.76.187 84aefdbb-1e4c-4d9e-baba-a50626e3229c is Under-Utilized.
2023-09-07 14:19:56,008 [main] DEBUG balancer.ContainerBalancerTask (ContainerBalancerTask.java:lambda$initializeIteration$2(459)) - Datanode localhost-208.6.142.46 8d170a32-4902-45a8-a76f-9afeaa1e17b0 is Under-Utilized.
2023-09-07 14:19:56,008 [main] DEBUG balancer.ContainerBalancerTask (ContainerBalancerTask.java:lambda$initializeIteration$2(459)) - Datanode localhost-48.20.140.120 7e6a2efa-dd08-4fdd-8f92-480a7f5fcd95 is Under-Utilized.
2023-09-07 14:19:56,013 [main] DEBUG balancer.ContainerBalancerTask (ContainerBalancerTask.java:matchSourceWithTarget(708)) - ContainerBalancer is finding suitable target for source datanode a6d02a7a-626c-4e5d-a7d7-6d12575d75ff
2023-09-07 14:19:56,014 [main] INFO  balancer.ContainerBalancerTask (ContainerBalancerTask.java:matchSourceWithTarget(722)) - ContainerBalancer matched source datanode a6d02a7a-626c-4e5d-a7d7-6d12575d75ff with target datanode 84aefdbb-1e4c-4d9e-baba-a50626e3229c for container move.
2023-09-07 14:19:56,014 [main] INFO  balancer.ContainerBalancerTask (ContainerBalancerTask.java:processMoveSelection(569)) - ContainerBalancer is trying to move container #85 with size 5368709120B from source datanode a6d02a7a-626c-4e5d-a7d7-6d12575d75ff to target datanode 84aefdbb-1e4c-4d9e-baba-a50626e3229c
2023-09-07 14:19:56,015 [main] WARN  balancer.ContainerBalancerTask (ContainerBalancerTask.java:lambda$moveContainer$3(842)) - Container move for container #85 from source a6d02a7a-626c-4e5d-a7d7-6d12575d75ff to target 84aefdbb-1e4c-4d9e-baba-a50626e3229c failed: REPLICATION_FAIL_TIME_OUT
2023-09-07 14:19:56,019 [main] DEBUG balancer.ContainerBalancerTask (ContainerBalancerTask.java:matchSourceWithTarget(708)) - ContainerBalancer is finding suitable target for source datanode 24481654-b3eb-45ef-ba85-cc9f90dc1161
2023-09-07 14:19:56,019 [main] INFO  balancer.ContainerBalancerTask (ContainerBalancerTask.java:matchSourceWithTarget(722)) - ContainerBalancer matched source datanode 24481654-b3eb-45ef-ba85-cc9f90dc1161 with target datanode 84aefdbb-1e4c-4d9e-baba-a50626e3229c for container move.
2023-09-07 14:19:56,020 [main] INFO  balancer.ContainerBalancerTask (ContainerBalancerTask.java:processMoveSelection(569)) - ContainerBalancer is trying to move container #85 with size 5368709120B from source datanode 24481654-b3eb-45ef-ba85-cc9f90dc1161 to target datanode 84aefdbb-1e4c-4d9e-baba-a50626e3229c
2023-09-07 14:19:56,020 [main] WARN  balancer.ContainerBalancerTask (ContainerBalancerTask.java:lambda$moveContainer$3(842)) - Container move for container #85 from source 24481654-b3eb-45ef-ba85-cc9f90dc1161 to target 84aefdbb-1e4c-4d9e-baba-a50626e3229c failed: DELETION_FAIL_TIME_OUT
2023-09-07 14:19:56,024 [main] DEBUG balancer.ContainerBalancerTask (ContainerBalancerTask.java:matchSourceWithTarget(708)) - ContainerBalancer is finding suitable target for source datanode 9bfcba95-5a68-4529-b244-1e1c071e5487
2023-09-07 14:19:56,024 [main] INFO  balancer.ContainerBalancerTask (ContainerBalancerTask.java:matchSourceWithTarget(722)) - ContainerBalancer matched source datanode 9bfcba95-5a68-4529-b244-1e1c071e5487 with target datanode 84aefdbb-1e4c-4d9e-baba-a50626e3229c for container move.
2023-09-07 14:19:56,024 [main] INFO  balancer.ContainerBalancerTask (ContainerBalancerTask.java:processMoveSelection(569)) - ContainerBalancer is trying to move container #85 with size 5368709120B from source datanode 9bfcba95-5a68-4529-b244-1e1c071e5487 to target datanode 84aefdbb-1e4c-4d9e-baba-a50626e3229c
2023-09-07 14:19:56,024 [main] WARN  balancer.ContainerBalancerTask (ContainerBalancerTask.java:lambda$moveContainer$3(842)) - Container move for container #85 from source 9bfcba95-5a68-4529-b244-1e1c071e5487 to target 84aefdbb-1e4c-4d9e-baba-a50626e3229c failed: DELETION_FAIL_TIME_OUT
2023-09-07 14:19:56,027 [main] DEBUG balancer.ContainerBalancerTask (ContainerBalancerTask.java:matchSourceWithTarget(708)) - ContainerBalancer is finding suitable target for source datanode 20ca2980-91cd-4e38-b5ed-f9a3ca30e53d
2023-09-07 14:19:56,027 [main] INFO  balancer.ContainerBalancerTask (ContainerBalancerTask.java:matchSourceWithTarget(722)) - ContainerBalancer matched source datanode 20ca2980-91cd-4e38-b5ed-f9a3ca30e53d with target datanode 84aefdbb-1e4c-4d9e-baba-a50626e3229c for container move.
2023-09-07 14:19:56,027 [main] INFO  balancer.ContainerBalancerTask (ContainerBalancerTask.java:processMoveSelection(569)) - ContainerBalancer is trying to move container #85 with size 5368709120B from source datanode 20ca2980-91cd-4e38-b5ed-f9a3ca30e53d to target datanode 84aefdbb-1e4c-4d9e-baba-a50626e3229c
2023-09-07 14:19:56,027 [main] WARN  balancer.ContainerBalancerTask (ContainerBalancerTask.java:lambda$moveContainer$3(842)) - Container move for container #85 from source 20ca2980-91cd-4e38-b5ed-f9a3ca30e53d to target 84aefdbb-1e4c-4d9e-baba-a50626e3229c failed: DELETION_FAIL_TIME_OUT
2023-09-07 14:19:56,030 [main] DEBUG balancer.ContainerBalancerTask (ContainerBalancerTask.java:matchSourceWithTarget(708)) - ContainerBalancer is finding suitable target for source datanode d0b63b73-8c99-44cd-89f5-361329dfe40b
2023-09-07 14:19:56,031 [main] INFO  balancer.ContainerBalancerTask (ContainerBalancerTask.java:matchSourceWithTarget(722)) - ContainerBalancer matched source datanode d0b63b73-8c99-44cd-89f5-361329dfe40b with target datanode 84aefdbb-1e4c-4d9e-baba-a50626e3229c for container move.
2023-09-07 14:19:56,031 [main] INFO  balancer.ContainerBalancerTask (ContainerBalancerTask.java:processMoveSelection(569)) - ContainerBalancer is trying to move container #29 with size 5368709120B from source datanode d0b63b73-8c99-44cd-89f5-361329dfe40b to target datanode 84aefdbb-1e4c-4d9e-baba-a50626e3229c
2023-09-07 14:19:56,031 [main] WARN  balancer.ContainerBalancerTask (ContainerBalancerTask.java:lambda$moveContainer$3(842)) - Container move for container #29 from source d0b63b73-8c99-44cd-89f5-361329dfe40b to target 84aefdbb-1e4c-4d9e-baba-a50626e3229c failed: DELETION_FAIL_TIME_OUT
2023-09-07 14:19:56,032 [main] INFO  balancer.FindSourceGreedy (FindSourceGreedy.java:getNextCandidateSourceDataNode(126)) - no more candidate source data node
2023-09-07 14:19:56,032 [main] INFO  balancer.ContainerBalancerTask (ContainerBalancerTask.java:checkIterationMoveResults(642)) - Iteration Summary. Number of Datanodes involved: 0. Size moved: 0 B (0 Bytes). Number of Container moves completed: 0.
2023-09-07 14:19:56,032 [main] INFO  balancer.ContainerBalancerTask (ContainerBalancerTask.java:balance(259)) - Result of this iteration of Container Balancer: ITERATION_COMPLETED
2023-09-07 14:19:56,032 [main] INFO  balancer.ContainerBalancerTask (ContainerBalancerTask.java:tryStopWithSaveConfiguration(308)) - Save Configuration for stopping. Reason: Completed all iterations.
]]></system-out>
  </testcase>
  <testcase name="checkIterationResultTimeout" classname="org.apache.hadoop.hdds.scm.container.balancer.TestContainerBalancerTask" time="1.189">
    <system-out><![CDATA[2023-09-07 14:19:56,068 [main] INFO  net.NodeSchemaLoader (NodeSchemaLoader.java:loadSchemaFromFile(129)) - Loading schema from [file:/home/runner/work/ozone/ozone/hadoop-hdds/common/target/classes/network-topology-default.xml]
2023-09-07 14:19:56,068 [main] INFO  net.NodeSchemaLoader (NodeSchemaLoader.java:loadSchema(176)) - Loading network topology layer schema file
2023-09-07 14:19:56,076 [main] INFO  net.NetworkTopologyImpl (NetworkTopologyImpl.java:add(112)) - Added a new node: /default-rack/4442e363-3591-4966-96d2-fc84a33cc27d
2023-09-07 14:19:56,076 [main] INFO  net.NetworkTopologyImpl (NetworkTopologyImpl.java:add(112)) - Added a new node: /default-rack/6e734a4b-9db5-48ca-981b-2ae170a9fbd6
2023-09-07 14:19:56,077 [main] INFO  net.NetworkTopologyImpl (NetworkTopologyImpl.java:add(112)) - Added a new node: /default-rack/fa90d474-748f-42b5-9e18-e68baf0cd726
2023-09-07 14:19:56,077 [main] INFO  net.NetworkTopologyImpl (NetworkTopologyImpl.java:add(112)) - Added a new node: /default-rack/4a83508a-4bf2-4456-b892-acc9e98d7f33
2023-09-07 14:19:56,077 [main] INFO  net.NetworkTopologyImpl (NetworkTopologyImpl.java:add(112)) - Added a new node: /default-rack/7f0cfa74-b204-400b-a398-a5ed743cc224
2023-09-07 14:19:56,077 [main] INFO  net.NetworkTopologyImpl (NetworkTopologyImpl.java:add(112)) - Added a new node: /default-rack/1775bf46-eaf6-4ed5-9aa8-c810270611e5
2023-09-07 14:19:56,077 [main] INFO  net.NetworkTopologyImpl (NetworkTopologyImpl.java:add(112)) - Added a new node: /default-rack/b3c15c6d-eceb-4be0-acdf-e4bc427d2724
2023-09-07 14:19:56,077 [main] INFO  net.NetworkTopologyImpl (NetworkTopologyImpl.java:add(112)) - Added a new node: /default-rack/1a162821-ce2f-4313-b2f6-3f9e5a18e0f4
2023-09-07 14:19:56,077 [main] INFO  net.NetworkTopologyImpl (NetworkTopologyImpl.java:add(112)) - Added a new node: /default-rack/4c116c5a-8eea-448f-8902-0f885a44f7ff
2023-09-07 14:19:56,078 [main] INFO  net.NetworkTopologyImpl (NetworkTopologyImpl.java:add(112)) - Added a new node: /default-rack/7f25ee93-2899-4399-beb2-3597ad2ac476
2023-09-07 14:19:56,078 [main] INFO  algorithms.ContainerPlacementPolicyFactory (ContainerPlacementPolicyFactory.java:getPolicyInternal(86)) - Create container placement policy of type org.apache.hadoop.hdds.scm.container.placement.algorithms.SCMContainerPlacementRackAware
2023-09-07 14:19:56,078 [main] INFO  algorithms.ContainerPlacementPolicyFactory (ContainerPlacementPolicyFactory.java:getPolicyInternal(86)) - Create container placement policy of type org.apache.hadoop.hdds.scm.container.placement.algorithms.SCMContainerPlacementRackScatter
2023-09-07 14:19:56,082 [main] DEBUG balancer.ContainerBalancerTask (ContainerBalancerTask.java:initializeIteration(374)) - Average utilization of the cluster is 0.3614344133377393
2023-09-07 14:19:56,082 [main] DEBUG balancer.ContainerBalancerTask (ContainerBalancerTask.java:initializeIteration(386)) - Lower limit for utilization is 0.2614344133377393 and Upper limit for utilization is 0.46143441333773927
2023-09-07 14:19:56,082 [main] DEBUG balancer.ContainerBalancerTask (ContainerBalancerTask.java:initializeIteration(398)) - Utilization for node b3c15c6d-eceb-4be0-acdf-e4bc427d2724 with capacity 71582788266B, used 64424509440B, and remaining 7158278826B is 0.9000000000083819
2023-09-07 14:19:56,082 [main] DEBUG balancer.ContainerBalancerTask (ContainerBalancerTask.java:initializeIteration(398)) - Utilization for node 4442e363-3591-4966-96d2-fc84a33cc27d with capacity 56371445760B, used 45097156608B, and remaining 11274289152B is 0.8
2023-09-07 14:19:56,082 [main] DEBUG balancer.ContainerBalancerTask (ContainerBalancerTask.java:initializeIteration(398)) - Utilization for node 7f0cfa74-b204-400b-a398-a5ed743cc224 with capacity 85899345920B, used 60129542144B, and remaining 25769803776B is 0.7
2023-09-07 14:19:56,082 [main] DEBUG balancer.ContainerBalancerTask (ContainerBalancerTask.java:initializeIteration(398)) - Utilization for node fa90d474-748f-42b5-9e18-e68baf0cd726 with capacity 91268055040B, used 54760833024B, and remaining 36507222016B is 0.6
2023-09-07 14:19:56,082 [main] DEBUG balancer.ContainerBalancerTask (ContainerBalancerTask.java:initializeIteration(398)) - Utilization for node 7f25ee93-2899-4399-beb2-3597ad2ac476 with capacity 98784247808B, used 49392123904B, and remaining 49392123904B is 0.5
2023-09-07 14:19:56,083 [main] DEBUG balancer.ContainerBalancerTask (ContainerBalancerTask.java:initializeIteration(398)) - Utilization for node 4c116c5a-8eea-448f-8902-0f885a44f7ff with capacity 110058536960B, used 44023414784B, and remaining 66035122176B is 0.4
2023-09-07 14:19:56,083 [main] DEBUG balancer.ContainerBalancerTask (ContainerBalancerTask.java:initializeIteration(398)) - Utilization for node 6e734a4b-9db5-48ca-981b-2ae170a9fbd6 with capacity 107374182400B, used 32212254720B, and remaining 75161927680B is 0.3
2023-09-07 14:19:56,083 [main] DEBUG balancer.ContainerBalancerTask (ContainerBalancerTask.java:initializeIteration(398)) - Utilization for node 1a162821-ce2f-4313-b2f6-3f9e5a18e0f4 with capacity 155692564480B, used 31138512896B, and remaining 124554051584B is 0.2
2023-09-07 14:19:56,083 [main] DEBUG balancer.ContainerBalancerTask (ContainerBalancerTask.java:initializeIteration(398)) - Utilization for node 4a83508a-4bf2-4456-b892-acc9e98d7f33 with capacity 300647710720B, used 30064771072B, and remaining 270582939648B is 0.1
2023-09-07 14:19:56,083 [main] DEBUG balancer.ContainerBalancerTask (ContainerBalancerTask.java:initializeIteration(398)) - Utilization for node 1775bf46-eaf6-4ed5-9aa8-c810270611e5 with capacity 60129542144B, used 0B, and remaining 60129542144B is 0.0
2023-09-07 14:19:56,083 [main] INFO  balancer.ContainerBalancerTask (ContainerBalancerTask.java:initializeIteration(447)) - Container Balancer has identified 5 Over-Utilized and 3 Under-Utilized Datanodes that need to be balanced.
2023-09-07 14:19:56,083 [main] DEBUG balancer.ContainerBalancerTask (ContainerBalancerTask.java:lambda$initializeIteration$1(453)) - Datanode localhost-72.232.229.54 b3c15c6d-eceb-4be0-acdf-e4bc427d2724 is Over-Utilized.
2023-09-07 14:19:56,083 [main] DEBUG balancer.ContainerBalancerTask (ContainerBalancerTask.java:lambda$initializeIteration$1(453)) - Datanode localhost-41.251.108.71 4442e363-3591-4966-96d2-fc84a33cc27d is Over-Utilized.
2023-09-07 14:19:56,083 [main] DEBUG balancer.ContainerBalancerTask (ContainerBalancerTask.java:lambda$initializeIteration$1(453)) - Datanode localhost-6.1.57.33 7f0cfa74-b204-400b-a398-a5ed743cc224 is Over-Utilized.
2023-09-07 14:19:56,084 [main] DEBUG balancer.ContainerBalancerTask (ContainerBalancerTask.java:lambda$initializeIteration$1(453)) - Datanode localhost-248.70.156.136 fa90d474-748f-42b5-9e18-e68baf0cd726 is Over-Utilized.
2023-09-07 14:19:56,084 [main] DEBUG balancer.ContainerBalancerTask (ContainerBalancerTask.java:lambda$initializeIteration$1(453)) - Datanode localhost-63.70.139.253 7f25ee93-2899-4399-beb2-3597ad2ac476 is Over-Utilized.
2023-09-07 14:19:56,084 [main] DEBUG balancer.ContainerBalancerTask (ContainerBalancerTask.java:lambda$initializeIteration$2(459)) - Datanode localhost-162.44.110.87 1775bf46-eaf6-4ed5-9aa8-c810270611e5 is Under-Utilized.
2023-09-07 14:19:56,084 [main] DEBUG balancer.ContainerBalancerTask (ContainerBalancerTask.java:lambda$initializeIteration$2(459)) - Datanode localhost-15.85.144.29 4a83508a-4bf2-4456-b892-acc9e98d7f33 is Under-Utilized.
2023-09-07 14:19:56,084 [main] DEBUG balancer.ContainerBalancerTask (ContainerBalancerTask.java:lambda$initializeIteration$2(459)) - Datanode localhost-156.101.152.82 1a162821-ce2f-4313-b2f6-3f9e5a18e0f4 is Under-Utilized.
2023-09-07 14:19:56,089 [main] DEBUG balancer.ContainerBalancerTask (ContainerBalancerTask.java:matchSourceWithTarget(708)) - ContainerBalancer is finding suitable target for source datanode b3c15c6d-eceb-4be0-acdf-e4bc427d2724
2023-09-07 14:19:56,089 [main] INFO  balancer.ContainerBalancerTask (ContainerBalancerTask.java:matchSourceWithTarget(722)) - ContainerBalancer matched source datanode b3c15c6d-eceb-4be0-acdf-e4bc427d2724 with target datanode 1775bf46-eaf6-4ed5-9aa8-c810270611e5 for container move.
2023-09-07 14:19:56,089 [main] INFO  balancer.ContainerBalancerTask (ContainerBalancerTask.java:processMoveSelection(569)) - ContainerBalancer is trying to move container #84 with size 4294967296B from source datanode b3c15c6d-eceb-4be0-acdf-e4bc427d2724 to target datanode 1775bf46-eaf6-4ed5-9aa8-c810270611e5
2023-09-07 14:19:56,092 [main] DEBUG balancer.ContainerBalancerTask (ContainerBalancerTask.java:lambda$moveContainer$3(837)) - Container move completed for container #84 from source b3c15c6d-eceb-4be0-acdf-e4bc427d2724 to target 1775bf46-eaf6-4ed5-9aa8-c810270611e5
2023-09-07 14:19:56,097 [main] DEBUG balancer.ContainerBalancerTask (ContainerBalancerTask.java:matchSourceWithTarget(708)) - ContainerBalancer is finding suitable target for source datanode b3c15c6d-eceb-4be0-acdf-e4bc427d2724
2023-09-07 14:19:56,097 [main] INFO  balancer.ContainerBalancerTask (ContainerBalancerTask.java:matchSourceWithTarget(722)) - ContainerBalancer matched source datanode b3c15c6d-eceb-4be0-acdf-e4bc427d2724 with target datanode 1775bf46-eaf6-4ed5-9aa8-c810270611e5 for container move.
2023-09-07 14:19:56,098 [main] INFO  balancer.ContainerBalancerTask (ContainerBalancerTask.java:processMoveSelection(569)) - ContainerBalancer is trying to move container #88 with size 3221225472B from source datanode b3c15c6d-eceb-4be0-acdf-e4bc427d2724 to target datanode 1775bf46-eaf6-4ed5-9aa8-c810270611e5
2023-09-07 14:19:56,102 [main] DEBUG balancer.ContainerBalancerTask (ContainerBalancerTask.java:matchSourceWithTarget(708)) - ContainerBalancer is finding suitable target for source datanode 4442e363-3591-4966-96d2-fc84a33cc27d
2023-09-07 14:19:56,102 [main] INFO  balancer.ContainerBalancerTask (ContainerBalancerTask.java:matchSourceWithTarget(722)) - ContainerBalancer matched source datanode 4442e363-3591-4966-96d2-fc84a33cc27d with target datanode 4a83508a-4bf2-4456-b892-acc9e98d7f33 for container move.
2023-09-07 14:19:56,102 [main] INFO  balancer.ContainerBalancerTask (ContainerBalancerTask.java:processMoveSelection(569)) - ContainerBalancer is trying to move container #68 with size 5368709120B from source datanode 4442e363-3591-4966-96d2-fc84a33cc27d to target datanode 4a83508a-4bf2-4456-b892-acc9e98d7f33
2023-09-07 14:19:56,107 [main] DEBUG balancer.ContainerBalancerTask (ContainerBalancerTask.java:matchSourceWithTarget(708)) - ContainerBalancer is finding suitable target for source datanode b3c15c6d-eceb-4be0-acdf-e4bc427d2724
2023-09-07 14:19:56,109 [main] INFO  balancer.ContainerBalancerTask (ContainerBalancerTask.java:matchSourceWithTarget(722)) - ContainerBalancer matched source datanode b3c15c6d-eceb-4be0-acdf-e4bc427d2724 with target datanode 4a83508a-4bf2-4456-b892-acc9e98d7f33 for container move.
2023-09-07 14:19:56,109 [main] INFO  balancer.ContainerBalancerTask (ContainerBalancerTask.java:processMoveSelection(569)) - ContainerBalancer is trying to move container #66 with size 3221225472B from source datanode b3c15c6d-eceb-4be0-acdf-e4bc427d2724 to target datanode 4a83508a-4bf2-4456-b892-acc9e98d7f33
2023-09-07 14:19:56,113 [main] DEBUG balancer.ContainerBalancerTask (ContainerBalancerTask.java:matchSourceWithTarget(708)) - ContainerBalancer is finding suitable target for source datanode b3c15c6d-eceb-4be0-acdf-e4bc427d2724
2023-09-07 14:19:56,114 [main] INFO  balancer.ContainerBalancerTask (ContainerBalancerTask.java:matchSourceWithTarget(722)) - ContainerBalancer matched source datanode b3c15c6d-eceb-4be0-acdf-e4bc427d2724 with target datanode 1775bf46-eaf6-4ed5-9aa8-c810270611e5 for container move.
2023-09-07 14:19:56,114 [main] INFO  balancer.ContainerBalancerTask (ContainerBalancerTask.java:processMoveSelection(569)) - ContainerBalancer is trying to move container #38 with size 3221225472B from source datanode b3c15c6d-eceb-4be0-acdf-e4bc427d2724 to target datanode 1775bf46-eaf6-4ed5-9aa8-c810270611e5
2023-09-07 14:19:56,117 [main] DEBUG balancer.ContainerBalancerTask (ContainerBalancerTask.java:matchSourceWithTarget(708)) - ContainerBalancer is finding suitable target for source datanode b3c15c6d-eceb-4be0-acdf-e4bc427d2724
2023-09-07 14:19:56,123 [main] INFO  balancer.ContainerBalancerTask (ContainerBalancerTask.java:matchSourceWithTarget(722)) - ContainerBalancer matched source datanode b3c15c6d-eceb-4be0-acdf-e4bc427d2724 with target datanode 4a83508a-4bf2-4456-b892-acc9e98d7f33 for container move.
2023-09-07 14:19:56,123 [main] INFO  balancer.ContainerBalancerTask (ContainerBalancerTask.java:processMoveSelection(569)) - ContainerBalancer is trying to move container #82 with size 2147483648B from source datanode b3c15c6d-eceb-4be0-acdf-e4bc427d2724 to target datanode 4a83508a-4bf2-4456-b892-acc9e98d7f33
2023-09-07 14:19:56,127 [main] DEBUG balancer.ContainerBalancerTask (ContainerBalancerTask.java:matchSourceWithTarget(708)) - ContainerBalancer is finding suitable target for source datanode 4442e363-3591-4966-96d2-fc84a33cc27d
2023-09-07 14:19:56,127 [main] INFO  balancer.ContainerBalancerTask (ContainerBalancerTask.java:matchSourceWithTarget(722)) - ContainerBalancer matched source datanode 4442e363-3591-4966-96d2-fc84a33cc27d with target datanode 1a162821-ce2f-4313-b2f6-3f9e5a18e0f4 for container move.
2023-09-07 14:19:56,128 [main] INFO  balancer.ContainerBalancerTask (ContainerBalancerTask.java:processMoveSelection(569)) - ContainerBalancer is trying to move container #70 with size 2147483648B from source datanode 4442e363-3591-4966-96d2-fc84a33cc27d to target datanode 1a162821-ce2f-4313-b2f6-3f9e5a18e0f4
2023-09-07 14:19:56,132 [main] DEBUG balancer.ContainerBalancerTask (ContainerBalancerTask.java:matchSourceWithTarget(708)) - ContainerBalancer is finding suitable target for source datanode 7f0cfa74-b204-400b-a398-a5ed743cc224
2023-09-07 14:19:56,132 [main] INFO  balancer.ContainerBalancerTask (ContainerBalancerTask.java:matchSourceWithTarget(722)) - ContainerBalancer matched source datanode 7f0cfa74-b204-400b-a398-a5ed743cc224 with target datanode 1a162821-ce2f-4313-b2f6-3f9e5a18e0f4 for container move.
2023-09-07 14:19:56,132 [main] INFO  balancer.ContainerBalancerTask (ContainerBalancerTask.java:processMoveSelection(569)) - ContainerBalancer is trying to move container #52 with size 4294967296B from source datanode 7f0cfa74-b204-400b-a398-a5ed743cc224 to target datanode 1a162821-ce2f-4313-b2f6-3f9e5a18e0f4
2023-09-07 14:19:56,136 [main] DEBUG balancer.ContainerBalancerTask (ContainerBalancerTask.java:matchSourceWithTarget(708)) - ContainerBalancer is finding suitable target for source datanode b3c15c6d-eceb-4be0-acdf-e4bc427d2724
2023-09-07 14:19:56,136 [main] INFO  balancer.ContainerBalancerTask (ContainerBalancerTask.java:matchSourceWithTarget(722)) - ContainerBalancer matched source datanode b3c15c6d-eceb-4be0-acdf-e4bc427d2724 with target datanode 1a162821-ce2f-4313-b2f6-3f9e5a18e0f4 for container move.
2023-09-07 14:19:56,136 [main] INFO  balancer.ContainerBalancerTask (ContainerBalancerTask.java:processMoveSelection(569)) - ContainerBalancer is trying to move container #18 with size 3221225472B from source datanode b3c15c6d-eceb-4be0-acdf-e4bc427d2724 to target datanode 1a162821-ce2f-4313-b2f6-3f9e5a18e0f4
2023-09-07 14:19:56,139 [main] DEBUG balancer.ContainerBalancerTask (ContainerBalancerTask.java:matchSourceWithTarget(708)) - ContainerBalancer is finding suitable target for source datanode 4442e363-3591-4966-96d2-fc84a33cc27d
2023-09-07 14:19:56,140 [main] INFO  balancer.ContainerBalancerTask (ContainerBalancerTask.java:matchSourceWithTarget(722)) - ContainerBalancer matched source datanode 4442e363-3591-4966-96d2-fc84a33cc27d with target datanode 1a162821-ce2f-4313-b2f6-3f9e5a18e0f4 for container move.
2023-09-07 14:19:56,140 [main] INFO  balancer.ContainerBalancerTask (ContainerBalancerTask.java:processMoveSelection(569)) - ContainerBalancer is trying to move container #86 with size 1073741824B from source datanode 4442e363-3591-4966-96d2-fc84a33cc27d to target datanode 1a162821-ce2f-4313-b2f6-3f9e5a18e0f4
2023-09-07 14:19:56,144 [main] DEBUG balancer.ContainerBalancerTask (ContainerBalancerTask.java:matchSourceWithTarget(708)) - ContainerBalancer is finding suitable target for source datanode 7f0cfa74-b204-400b-a398-a5ed743cc224
2023-09-07 14:19:56,144 [main] INFO  balancer.FindTargetGreedyByUsageInfo (AbstractFindTargetGreedy.java:findTargetForContainerMove(133)) - Container Balancer could not find a target for source datanode 7f0cfa74-b204-400b-a398-a5ed743cc224
2023-09-07 14:19:56,144 [main] DEBUG balancer.ContainerBalancerTask (ContainerBalancerTask.java:matchSourceWithTarget(717)) - ContainerBalancer could not find a suitable target for source node 7f0cfa74-b204-400b-a398-a5ed743cc224.
2023-09-07 14:19:56,147 [main] DEBUG balancer.ContainerBalancerTask (ContainerBalancerTask.java:matchSourceWithTarget(708)) - ContainerBalancer is finding suitable target for source datanode 4442e363-3591-4966-96d2-fc84a33cc27d
2023-09-07 14:19:56,147 [main] INFO  balancer.FindTargetGreedyByUsageInfo (AbstractFindTargetGreedy.java:findTargetForContainerMove(133)) - Container Balancer could not find a target for source datanode 4442e363-3591-4966-96d2-fc84a33cc27d
2023-09-07 14:19:56,147 [main] DEBUG balancer.ContainerBalancerTask (ContainerBalancerTask.java:matchSourceWithTarget(717)) - ContainerBalancer could not find a suitable target for source node 4442e363-3591-4966-96d2-fc84a33cc27d.
2023-09-07 14:19:56,151 [main] DEBUG balancer.ContainerBalancerTask (ContainerBalancerTask.java:matchSourceWithTarget(701)) - ContainerBalancer could not find any candidate containers for datanode b3c15c6d-eceb-4be0-acdf-e4bc427d2724
2023-09-07 14:19:56,155 [main] DEBUG balancer.ContainerBalancerTask (ContainerBalancerTask.java:matchSourceWithTarget(708)) - ContainerBalancer is finding suitable target for source datanode fa90d474-748f-42b5-9e18-e68baf0cd726
2023-09-07 14:19:56,155 [main] INFO  balancer.FindTargetGreedyByUsageInfo (AbstractFindTargetGreedy.java:findTargetForContainerMove(133)) - Container Balancer could not find a target for source datanode fa90d474-748f-42b5-9e18-e68baf0cd726
2023-09-07 14:19:56,155 [main] DEBUG balancer.ContainerBalancerTask (ContainerBalancerTask.java:matchSourceWithTarget(717)) - ContainerBalancer could not find a suitable target for source node fa90d474-748f-42b5-9e18-e68baf0cd726.
2023-09-07 14:19:56,158 [main] DEBUG balancer.ContainerBalancerTask (ContainerBalancerTask.java:matchSourceWithTarget(708)) - ContainerBalancer is finding suitable target for source datanode 7f25ee93-2899-4399-beb2-3597ad2ac476
2023-09-07 14:19:56,159 [main] INFO  balancer.FindTargetGreedyByUsageInfo (AbstractFindTargetGreedy.java:findTargetForContainerMove(133)) - Container Balancer could not find a target for source datanode 7f25ee93-2899-4399-beb2-3597ad2ac476
2023-09-07 14:19:56,159 [main] DEBUG balancer.ContainerBalancerTask (ContainerBalancerTask.java:matchSourceWithTarget(717)) - ContainerBalancer could not find a suitable target for source node 7f25ee93-2899-4399-beb2-3597ad2ac476.
2023-09-07 14:19:56,159 [main] INFO  balancer.FindSourceGreedy (FindSourceGreedy.java:getNextCandidateSourceDataNode(126)) - no more candidate source data node
2023-09-07 14:19:56,659 [main] WARN  balancer.ContainerBalancerTask (ContainerBalancerTask.java:cancelMovesThatExceedTimeoutDuration(674)) - Container move timed out for container #66 from source b3c15c6d-eceb-4be0-acdf-e4bc427d2724 to target 4a83508a-4bf2-4456-b892-acc9e98d7f33.
2023-09-07 14:19:56,660 [main] WARN  balancer.ContainerBalancerTask (ContainerBalancerTask.java:cancelMovesThatExceedTimeoutDuration(674)) - Container move timed out for container #68 from source 4442e363-3591-4966-96d2-fc84a33cc27d to target 4a83508a-4bf2-4456-b892-acc9e98d7f33.
2023-09-07 14:19:56,660 [main] WARN  balancer.ContainerBalancerTask (ContainerBalancerTask.java:cancelMovesThatExceedTimeoutDuration(674)) - Container move timed out for container #38 from source b3c15c6d-eceb-4be0-acdf-e4bc427d2724 to target 1775bf46-eaf6-4ed5-9aa8-c810270611e5.
2023-09-07 14:19:56,660 [main] WARN  balancer.ContainerBalancerTask (ContainerBalancerTask.java:cancelMovesThatExceedTimeoutDuration(674)) - Container move timed out for container #70 from source 4442e363-3591-4966-96d2-fc84a33cc27d to target 1a162821-ce2f-4313-b2f6-3f9e5a18e0f4.
2023-09-07 14:19:56,660 [main] WARN  balancer.ContainerBalancerTask (ContainerBalancerTask.java:cancelMovesThatExceedTimeoutDuration(674)) - Container move timed out for container #52 from source 7f0cfa74-b204-400b-a398-a5ed743cc224 to target 1a162821-ce2f-4313-b2f6-3f9e5a18e0f4.
2023-09-07 14:19:56,660 [main] WARN  balancer.ContainerBalancerTask (ContainerBalancerTask.java:cancelMovesThatExceedTimeoutDuration(674)) - Container move timed out for container #18 from source b3c15c6d-eceb-4be0-acdf-e4bc427d2724 to target 1a162821-ce2f-4313-b2f6-3f9e5a18e0f4.
2023-09-07 14:19:56,661 [main] WARN  balancer.ContainerBalancerTask (ContainerBalancerTask.java:cancelMovesThatExceedTimeoutDuration(674)) - Container move timed out for container #82 from source b3c15c6d-eceb-4be0-acdf-e4bc427d2724 to target 4a83508a-4bf2-4456-b892-acc9e98d7f33.
2023-09-07 14:19:56,661 [main] WARN  balancer.ContainerBalancerTask (ContainerBalancerTask.java:cancelMovesThatExceedTimeoutDuration(674)) - Container move timed out for container #88 from source b3c15c6d-eceb-4be0-acdf-e4bc427d2724 to target 1775bf46-eaf6-4ed5-9aa8-c810270611e5.
2023-09-07 14:19:56,661 [main] WARN  balancer.ContainerBalancerTask (ContainerBalancerTask.java:cancelMovesThatExceedTimeoutDuration(674)) - Container move timed out for container #86 from source 4442e363-3591-4966-96d2-fc84a33cc27d to target 1a162821-ce2f-4313-b2f6-3f9e5a18e0f4.
2023-09-07 14:19:56,661 [main] WARN  balancer.ContainerBalancerTask (ContainerBalancerTask.java:checkIterationMoveResults(620)) - 9 Container moves are canceled.
2023-09-07 14:19:56,661 [main] INFO  balancer.ContainerBalancerTask (ContainerBalancerTask.java:checkIterationMoveResults(642)) - Iteration Summary. Number of Datanodes involved: 6. Size moved: 4 GB (4294967296 Bytes). Number of Container moves completed: 1.
2023-09-07 14:19:56,661 [main] INFO  balancer.ContainerBalancerTask (ContainerBalancerTask.java:balance(259)) - Result of this iteration of Container Balancer: ITERATION_COMPLETED
2023-09-07 14:19:56,662 [main] INFO  balancer.ContainerBalancerTask (ContainerBalancerTask.java:tryStopWithSaveConfiguration(308)) - Save Configuration for stopping. Reason: Completed all iterations.
2023-09-07 14:19:56,663 [main] DEBUG balancer.ContainerBalancerTask (ContainerBalancerTask.java:initializeIteration(374)) - Average utilization of the cluster is 0.3614344133377393
2023-09-07 14:19:56,663 [main] DEBUG balancer.ContainerBalancerTask (ContainerBalancerTask.java:initializeIteration(386)) - Lower limit for utilization is 0.2614344133377393 and Upper limit for utilization is 0.46143441333773927
2023-09-07 14:19:56,663 [main] DEBUG balancer.ContainerBalancerTask (ContainerBalancerTask.java:initializeIteration(398)) - Utilization for node b3c15c6d-eceb-4be0-acdf-e4bc427d2724 with capacity 71582788266B, used 64424509440B, and remaining 7158278826B is 0.9000000000083819
2023-09-07 14:19:56,663 [main] DEBUG balancer.ContainerBalancerTask (ContainerBalancerTask.java:initializeIteration(398)) - Utilization for node 4442e363-3591-4966-96d2-fc84a33cc27d with capacity 56371445760B, used 45097156608B, and remaining 11274289152B is 0.8
2023-09-07 14:19:56,664 [main] DEBUG balancer.ContainerBalancerTask (ContainerBalancerTask.java:initializeIteration(398)) - Utilization for node 7f0cfa74-b204-400b-a398-a5ed743cc224 with capacity 85899345920B, used 60129542144B, and remaining 25769803776B is 0.7
2023-09-07 14:19:56,664 [main] DEBUG balancer.ContainerBalancerTask (ContainerBalancerTask.java:initializeIteration(398)) - Utilization for node fa90d474-748f-42b5-9e18-e68baf0cd726 with capacity 91268055040B, used 54760833024B, and remaining 36507222016B is 0.6
2023-09-07 14:19:56,664 [main] DEBUG balancer.ContainerBalancerTask (ContainerBalancerTask.java:initializeIteration(398)) - Utilization for node 7f25ee93-2899-4399-beb2-3597ad2ac476 with capacity 98784247808B, used 49392123904B, and remaining 49392123904B is 0.5
2023-09-07 14:19:56,664 [main] DEBUG balancer.ContainerBalancerTask (ContainerBalancerTask.java:initializeIteration(398)) - Utilization for node 4c116c5a-8eea-448f-8902-0f885a44f7ff with capacity 110058536960B, used 44023414784B, and remaining 66035122176B is 0.4
2023-09-07 14:19:56,664 [main] DEBUG balancer.ContainerBalancerTask (ContainerBalancerTask.java:initializeIteration(398)) - Utilization for node 6e734a4b-9db5-48ca-981b-2ae170a9fbd6 with capacity 107374182400B, used 32212254720B, and remaining 75161927680B is 0.3
2023-09-07 14:19:56,664 [main] DEBUG balancer.ContainerBalancerTask (ContainerBalancerTask.java:initializeIteration(398)) - Utilization for node 1a162821-ce2f-4313-b2f6-3f9e5a18e0f4 with capacity 155692564480B, used 31138512896B, and remaining 124554051584B is 0.2
2023-09-07 14:19:56,664 [main] DEBUG balancer.ContainerBalancerTask (ContainerBalancerTask.java:initializeIteration(398)) - Utilization for node 4a83508a-4bf2-4456-b892-acc9e98d7f33 with capacity 300647710720B, used 30064771072B, and remaining 270582939648B is 0.1
2023-09-07 14:19:56,664 [main] DEBUG balancer.ContainerBalancerTask (ContainerBalancerTask.java:initializeIteration(398)) - Utilization for node 1775bf46-eaf6-4ed5-9aa8-c810270611e5 with capacity 60129542144B, used 0B, and remaining 60129542144B is 0.0
2023-09-07 14:19:56,664 [main] INFO  balancer.ContainerBalancerTask (ContainerBalancerTask.java:initializeIteration(447)) - Container Balancer has identified 5 Over-Utilized and 3 Under-Utilized Datanodes that need to be balanced.
2023-09-07 14:19:56,665 [main] DEBUG balancer.ContainerBalancerTask (ContainerBalancerTask.java:lambda$initializeIteration$1(453)) - Datanode localhost-72.232.229.54 b3c15c6d-eceb-4be0-acdf-e4bc427d2724 is Over-Utilized.
2023-09-07 14:19:56,665 [main] DEBUG balancer.ContainerBalancerTask (ContainerBalancerTask.java:lambda$initializeIteration$1(453)) - Datanode localhost-41.251.108.71 4442e363-3591-4966-96d2-fc84a33cc27d is Over-Utilized.
2023-09-07 14:19:56,665 [main] DEBUG balancer.ContainerBalancerTask (ContainerBalancerTask.java:lambda$initializeIteration$1(453)) - Datanode localhost-6.1.57.33 7f0cfa74-b204-400b-a398-a5ed743cc224 is Over-Utilized.
2023-09-07 14:19:56,665 [main] DEBUG balancer.ContainerBalancerTask (ContainerBalancerTask.java:lambda$initializeIteration$1(453)) - Datanode localhost-248.70.156.136 fa90d474-748f-42b5-9e18-e68baf0cd726 is Over-Utilized.
2023-09-07 14:19:56,665 [main] DEBUG balancer.ContainerBalancerTask (ContainerBalancerTask.java:lambda$initializeIteration$1(453)) - Datanode localhost-63.70.139.253 7f25ee93-2899-4399-beb2-3597ad2ac476 is Over-Utilized.
2023-09-07 14:19:56,665 [main] DEBUG balancer.ContainerBalancerTask (ContainerBalancerTask.java:lambda$initializeIteration$2(459)) - Datanode localhost-162.44.110.87 1775bf46-eaf6-4ed5-9aa8-c810270611e5 is Under-Utilized.
2023-09-07 14:19:56,665 [main] DEBUG balancer.ContainerBalancerTask (ContainerBalancerTask.java:lambda$initializeIteration$2(459)) - Datanode localhost-15.85.144.29 4a83508a-4bf2-4456-b892-acc9e98d7f33 is Under-Utilized.
2023-09-07 14:19:56,665 [main] DEBUG balancer.ContainerBalancerTask (ContainerBalancerTask.java:lambda$initializeIteration$2(459)) - Datanode localhost-156.101.152.82 1a162821-ce2f-4313-b2f6-3f9e5a18e0f4 is Under-Utilized.
2023-09-07 14:19:56,668 [main] DEBUG balancer.ContainerBalancerTask (ContainerBalancerTask.java:matchSourceWithTarget(708)) - ContainerBalancer is finding suitable target for source datanode b3c15c6d-eceb-4be0-acdf-e4bc427d2724
2023-09-07 14:19:56,669 [main] INFO  balancer.ContainerBalancerTask (ContainerBalancerTask.java:matchSourceWithTarget(722)) - ContainerBalancer matched source datanode b3c15c6d-eceb-4be0-acdf-e4bc427d2724 with target datanode 1775bf46-eaf6-4ed5-9aa8-c810270611e5 for container move.
2023-09-07 14:19:56,669 [main] INFO  balancer.ContainerBalancerTask (ContainerBalancerTask.java:processMoveSelection(569)) - ContainerBalancer is trying to move container #85 with size 5368709120B from source datanode b3c15c6d-eceb-4be0-acdf-e4bc427d2724 to target datanode 1775bf46-eaf6-4ed5-9aa8-c810270611e5
2023-09-07 14:19:56,669 [main] DEBUG balancer.ContainerBalancerTask (ContainerBalancerTask.java:lambda$moveContainer$3(837)) - Container move completed for container #85 from source b3c15c6d-eceb-4be0-acdf-e4bc427d2724 to target 1775bf46-eaf6-4ed5-9aa8-c810270611e5
2023-09-07 14:19:56,672 [main] DEBUG balancer.ContainerBalancerTask (ContainerBalancerTask.java:matchSourceWithTarget(708)) - ContainerBalancer is finding suitable target for source datanode b3c15c6d-eceb-4be0-acdf-e4bc427d2724
2023-09-07 14:19:56,673 [main] INFO  balancer.ContainerBalancerTask (ContainerBalancerTask.java:matchSourceWithTarget(722)) - ContainerBalancer matched source datanode b3c15c6d-eceb-4be0-acdf-e4bc427d2724 with target datanode 1775bf46-eaf6-4ed5-9aa8-c810270611e5 for container move.
2023-09-07 14:19:56,673 [main] INFO  balancer.ContainerBalancerTask (ContainerBalancerTask.java:processMoveSelection(569)) - ContainerBalancer is trying to move container #89 with size 4294967296B from source datanode b3c15c6d-eceb-4be0-acdf-e4bc427d2724 to target datanode 1775bf46-eaf6-4ed5-9aa8-c810270611e5
2023-09-07 14:19:56,675 [main] DEBUG balancer.ContainerBalancerTask (ContainerBalancerTask.java:matchSourceWithTarget(708)) - ContainerBalancer is finding suitable target for source datanode 4442e363-3591-4966-96d2-fc84a33cc27d
2023-09-07 14:19:56,676 [main] INFO  balancer.ContainerBalancerTask (ContainerBalancerTask.java:matchSourceWithTarget(722)) - ContainerBalancer matched source datanode 4442e363-3591-4966-96d2-fc84a33cc27d with target datanode 4a83508a-4bf2-4456-b892-acc9e98d7f33 for container move.
2023-09-07 14:19:56,676 [main] INFO  balancer.ContainerBalancerTask (ContainerBalancerTask.java:processMoveSelection(569)) - ContainerBalancer is trying to move container #68 with size 5368709120B from source datanode 4442e363-3591-4966-96d2-fc84a33cc27d to target datanode 4a83508a-4bf2-4456-b892-acc9e98d7f33
2023-09-07 14:19:56,679 [main] DEBUG balancer.ContainerBalancerTask (ContainerBalancerTask.java:matchSourceWithTarget(708)) - ContainerBalancer is finding suitable target for source datanode b3c15c6d-eceb-4be0-acdf-e4bc427d2724
2023-09-07 14:19:56,679 [main] INFO  balancer.ContainerBalancerTask (ContainerBalancerTask.java:matchSourceWithTarget(722)) - ContainerBalancer matched source datanode b3c15c6d-eceb-4be0-acdf-e4bc427d2724 with target datanode 4a83508a-4bf2-4456-b892-acc9e98d7f33 for container move.
2023-09-07 14:19:56,680 [main] INFO  balancer.ContainerBalancerTask (ContainerBalancerTask.java:processMoveSelection(569)) - ContainerBalancer is trying to move container #84 with size 4294967296B from source datanode b3c15c6d-eceb-4be0-acdf-e4bc427d2724 to target datanode 4a83508a-4bf2-4456-b892-acc9e98d7f33
2023-09-07 14:19:56,683 [main] DEBUG balancer.ContainerBalancerTask (ContainerBalancerTask.java:matchSourceWithTarget(708)) - ContainerBalancer is finding suitable target for source datanode b3c15c6d-eceb-4be0-acdf-e4bc427d2724
2023-09-07 14:19:56,684 [main] INFO  balancer.ContainerBalancerTask (ContainerBalancerTask.java:matchSourceWithTarget(722)) - ContainerBalancer matched source datanode b3c15c6d-eceb-4be0-acdf-e4bc427d2724 with target datanode 4a83508a-4bf2-4456-b892-acc9e98d7f33 for container move.
2023-09-07 14:19:56,685 [main] INFO  balancer.ContainerBalancerTask (ContainerBalancerTask.java:processMoveSelection(569)) - ContainerBalancer is trying to move container #86 with size 1073741824B from source datanode b3c15c6d-eceb-4be0-acdf-e4bc427d2724 to target datanode 4a83508a-4bf2-4456-b892-acc9e98d7f33
2023-09-07 14:19:56,687 [main] DEBUG balancer.ContainerBalancerTask (ContainerBalancerTask.java:matchSourceWithTarget(708)) - ContainerBalancer is finding suitable target for source datanode 4442e363-3591-4966-96d2-fc84a33cc27d
2023-09-07 14:19:56,688 [main] INFO  balancer.ContainerBalancerTask (ContainerBalancerTask.java:matchSourceWithTarget(722)) - ContainerBalancer matched source datanode 4442e363-3591-4966-96d2-fc84a33cc27d with target datanode 1775bf46-eaf6-4ed5-9aa8-c810270611e5 for container move.
2023-09-07 14:19:56,688 [main] INFO  balancer.ContainerBalancerTask (ContainerBalancerTask.java:processMoveSelection(569)) - ContainerBalancer is trying to move container #81 with size 1073741824B from source datanode 4442e363-3591-4966-96d2-fc84a33cc27d to target datanode 1775bf46-eaf6-4ed5-9aa8-c810270611e5
2023-09-07 14:19:56,692 [main] DEBUG balancer.ContainerBalancerTask (ContainerBalancerTask.java:matchSourceWithTarget(708)) - ContainerBalancer is finding suitable target for source datanode 7f0cfa74-b204-400b-a398-a5ed743cc224
2023-09-07 14:19:56,692 [main] INFO  balancer.ContainerBalancerTask (ContainerBalancerTask.java:matchSourceWithTarget(722)) - ContainerBalancer matched source datanode 7f0cfa74-b204-400b-a398-a5ed743cc224 with target datanode 1a162821-ce2f-4313-b2f6-3f9e5a18e0f4 for container move.
2023-09-07 14:19:56,692 [main] INFO  balancer.ContainerBalancerTask (ContainerBalancerTask.java:processMoveSelection(569)) - ContainerBalancer is trying to move container #53 with size 5368709120B from source datanode 7f0cfa74-b204-400b-a398-a5ed743cc224 to target datanode 1a162821-ce2f-4313-b2f6-3f9e5a18e0f4
2023-09-07 14:19:56,696 [main] DEBUG balancer.ContainerBalancerTask (ContainerBalancerTask.java:matchSourceWithTarget(708)) - ContainerBalancer is finding suitable target for source datanode b3c15c6d-eceb-4be0-acdf-e4bc427d2724
2023-09-07 14:19:56,696 [main] INFO  balancer.ContainerBalancerTask (ContainerBalancerTask.java:matchSourceWithTarget(722)) - ContainerBalancer matched source datanode b3c15c6d-eceb-4be0-acdf-e4bc427d2724 with target datanode 1a162821-ce2f-4313-b2f6-3f9e5a18e0f4 for container move.
2023-09-07 14:19:56,697 [main] INFO  balancer.ContainerBalancerTask (ContainerBalancerTask.java:processMoveSelection(569)) - ContainerBalancer is trying to move container #88 with size 3221225472B from source datanode b3c15c6d-eceb-4be0-acdf-e4bc427d2724 to target datanode 1a162821-ce2f-4313-b2f6-3f9e5a18e0f4
2023-09-07 14:19:56,700 [main] DEBUG balancer.ContainerBalancerTask (ContainerBalancerTask.java:matchSourceWithTarget(708)) - ContainerBalancer is finding suitable target for source datanode 4442e363-3591-4966-96d2-fc84a33cc27d
2023-09-07 14:19:56,702 [main] INFO  balancer.ContainerBalancerTask (ContainerBalancerTask.java:matchSourceWithTarget(722)) - ContainerBalancer matched source datanode 4442e363-3591-4966-96d2-fc84a33cc27d with target datanode 1a162821-ce2f-4313-b2f6-3f9e5a18e0f4 for container move.
2023-09-07 14:19:56,702 [main] INFO  balancer.ContainerBalancerTask (ContainerBalancerTask.java:processMoveSelection(569)) - ContainerBalancer is trying to move container #82 with size 2147483648B from source datanode 4442e363-3591-4966-96d2-fc84a33cc27d to target datanode 1a162821-ce2f-4313-b2f6-3f9e5a18e0f4
2023-09-07 14:19:56,705 [main] DEBUG balancer.ContainerBalancerTask (ContainerBalancerTask.java:matchSourceWithTarget(708)) - ContainerBalancer is finding suitable target for source datanode 4442e363-3591-4966-96d2-fc84a33cc27d
2023-09-07 14:19:56,705 [main] INFO  balancer.FindTargetGreedyByUsageInfo (AbstractFindTargetGreedy.java:findTargetForContainerMove(133)) - Container Balancer could not find a target for source datanode 4442e363-3591-4966-96d2-fc84a33cc27d
2023-09-07 14:19:56,705 [main] DEBUG balancer.ContainerBalancerTask (ContainerBalancerTask.java:matchSourceWithTarget(717)) - ContainerBalancer could not find a suitable target for source node 4442e363-3591-4966-96d2-fc84a33cc27d.
2023-09-07 14:19:56,710 [main] DEBUG balancer.ContainerBalancerTask (ContainerBalancerTask.java:matchSourceWithTarget(708)) - ContainerBalancer is finding suitable target for source datanode b3c15c6d-eceb-4be0-acdf-e4bc427d2724
2023-09-07 14:19:56,710 [main] INFO  balancer.FindTargetGreedyByUsageInfo (AbstractFindTargetGreedy.java:findTargetForContainerMove(133)) - Container Balancer could not find a target for source datanode b3c15c6d-eceb-4be0-acdf-e4bc427d2724
2023-09-07 14:19:56,710 [main] DEBUG balancer.ContainerBalancerTask (ContainerBalancerTask.java:matchSourceWithTarget(717)) - ContainerBalancer could not find a suitable target for source node b3c15c6d-eceb-4be0-acdf-e4bc427d2724.
2023-09-07 14:19:56,713 [main] DEBUG balancer.ContainerBalancerTask (ContainerBalancerTask.java:matchSourceWithTarget(708)) - ContainerBalancer is finding suitable target for source datanode 7f0cfa74-b204-400b-a398-a5ed743cc224
2023-09-07 14:19:56,714 [main] INFO  balancer.FindTargetGreedyByUsageInfo (AbstractFindTargetGreedy.java:findTargetForContainerMove(133)) - Container Balancer could not find a target for source datanode 7f0cfa74-b204-400b-a398-a5ed743cc224
2023-09-07 14:19:56,714 [main] DEBUG balancer.ContainerBalancerTask (ContainerBalancerTask.java:matchSourceWithTarget(717)) - ContainerBalancer could not find a suitable target for source node 7f0cfa74-b204-400b-a398-a5ed743cc224.
2023-09-07 14:19:56,717 [main] DEBUG balancer.ContainerBalancerTask (ContainerBalancerTask.java:matchSourceWithTarget(708)) - ContainerBalancer is finding suitable target for source datanode fa90d474-748f-42b5-9e18-e68baf0cd726
2023-09-07 14:19:56,717 [main] INFO  balancer.FindTargetGreedyByUsageInfo (AbstractFindTargetGreedy.java:findTargetForContainerMove(133)) - Container Balancer could not find a target for source datanode fa90d474-748f-42b5-9e18-e68baf0cd726
2023-09-07 14:19:56,718 [main] DEBUG balancer.ContainerBalancerTask (ContainerBalancerTask.java:matchSourceWithTarget(717)) - ContainerBalancer could not find a suitable target for source node fa90d474-748f-42b5-9e18-e68baf0cd726.
2023-09-07 14:19:56,721 [main] DEBUG balancer.ContainerBalancerTask (ContainerBalancerTask.java:matchSourceWithTarget(708)) - ContainerBalancer is finding suitable target for source datanode 7f25ee93-2899-4399-beb2-3597ad2ac476
2023-09-07 14:19:56,721 [main] INFO  balancer.FindTargetGreedyByUsageInfo (AbstractFindTargetGreedy.java:findTargetForContainerMove(133)) - Container Balancer could not find a target for source datanode 7f25ee93-2899-4399-beb2-3597ad2ac476
2023-09-07 14:19:56,724 [main] DEBUG balancer.ContainerBalancerTask (ContainerBalancerTask.java:matchSourceWithTarget(717)) - ContainerBalancer could not find a suitable target for source node 7f25ee93-2899-4399-beb2-3597ad2ac476.
2023-09-07 14:19:56,724 [main] INFO  balancer.FindSourceGreedy (FindSourceGreedy.java:getNextCandidateSourceDataNode(126)) - no more candidate source data node
2023-09-07 14:19:57,224 [main] WARN  balancer.ContainerBalancerTask (ContainerBalancerTask.java:cancelMovesThatExceedTimeoutDuration(674)) - Container move timed out for container #88 from source b3c15c6d-eceb-4be0-acdf-e4bc427d2724 to target 1a162821-ce2f-4313-b2f6-3f9e5a18e0f4.
2023-09-07 14:19:57,224 [main] WARN  balancer.ContainerBalancerTask (ContainerBalancerTask.java:cancelMovesThatExceedTimeoutDuration(674)) - Container move timed out for container #68 from source 4442e363-3591-4966-96d2-fc84a33cc27d to target 4a83508a-4bf2-4456-b892-acc9e98d7f33.
2023-09-07 14:19:57,225 [main] WARN  balancer.ContainerBalancerTask (ContainerBalancerTask.java:cancelMovesThatExceedTimeoutDuration(674)) - Container move timed out for container #86 from source b3c15c6d-eceb-4be0-acdf-e4bc427d2724 to target 4a83508a-4bf2-4456-b892-acc9e98d7f33.
2023-09-07 14:19:57,225 [main] WARN  balancer.ContainerBalancerTask (ContainerBalancerTask.java:cancelMovesThatExceedTimeoutDuration(674)) - Container move timed out for container #84 from source b3c15c6d-eceb-4be0-acdf-e4bc427d2724 to target 4a83508a-4bf2-4456-b892-acc9e98d7f33.
2023-09-07 14:19:57,225 [main] WARN  balancer.ContainerBalancerTask (ContainerBalancerTask.java:cancelMovesThatExceedTimeoutDuration(674)) - Container move timed out for container #81 from source 4442e363-3591-4966-96d2-fc84a33cc27d to target 1775bf46-eaf6-4ed5-9aa8-c810270611e5.
2023-09-07 14:19:57,225 [main] WARN  balancer.ContainerBalancerTask (ContainerBalancerTask.java:cancelMovesThatExceedTimeoutDuration(674)) - Container move timed out for container #82 from source 4442e363-3591-4966-96d2-fc84a33cc27d to target 1a162821-ce2f-4313-b2f6-3f9e5a18e0f4.
2023-09-07 14:19:57,225 [main] WARN  balancer.ContainerBalancerTask (ContainerBalancerTask.java:cancelMovesThatExceedTimeoutDuration(674)) - Container move timed out for container #89 from source b3c15c6d-eceb-4be0-acdf-e4bc427d2724 to target 1775bf46-eaf6-4ed5-9aa8-c810270611e5.
2023-09-07 14:19:57,225 [main] WARN  balancer.ContainerBalancerTask (ContainerBalancerTask.java:cancelMovesThatExceedTimeoutDuration(674)) - Container move timed out for container #53 from source 7f0cfa74-b204-400b-a398-a5ed743cc224 to target 1a162821-ce2f-4313-b2f6-3f9e5a18e0f4.
2023-09-07 14:19:57,225 [main] WARN  balancer.ContainerBalancerTask (ContainerBalancerTask.java:checkIterationMoveResults(620)) - 8 Container moves are canceled.
2023-09-07 14:19:57,225 [main] INFO  balancer.ContainerBalancerTask (ContainerBalancerTask.java:checkIterationMoveResults(642)) - Iteration Summary. Number of Datanodes involved: 6. Size moved: 5 GB (5368709120 Bytes). Number of Container moves completed: 1.
2023-09-07 14:19:57,225 [main] INFO  balancer.ContainerBalancerTask (ContainerBalancerTask.java:balance(259)) - Result of this iteration of Container Balancer: ITERATION_COMPLETED
2023-09-07 14:19:57,226 [main] INFO  balancer.ContainerBalancerTask (ContainerBalancerTask.java:tryStopWithSaveConfiguration(308)) - Save Configuration for stopping. Reason: Completed all iterations.
]]></system-out>
  </testcase>
  <testcase name="targetDatanodeShouldNotAlreadyContainSelectedContainer" classname="org.apache.hadoop.hdds.scm.container.balancer.TestContainerBalancerTask" time="0.138">
    <system-out><![CDATA[2023-09-07 14:19:57,252 [main] INFO  net.NodeSchemaLoader (NodeSchemaLoader.java:loadSchemaFromFile(129)) - Loading schema from [file:/home/runner/work/ozone/ozone/hadoop-hdds/common/target/classes/network-topology-default.xml]
2023-09-07 14:19:57,252 [main] INFO  net.NodeSchemaLoader (NodeSchemaLoader.java:loadSchema(176)) - Loading network topology layer schema file
2023-09-07 14:19:57,254 [main] INFO  net.NetworkTopologyImpl (NetworkTopologyImpl.java:add(112)) - Added a new node: /default-rack/c66f9672-7de3-4783-86f1-2bfd577114c0
2023-09-07 14:19:57,254 [main] INFO  net.NetworkTopologyImpl (NetworkTopologyImpl.java:add(112)) - Added a new node: /default-rack/fdae65c7-6173-40dd-a0fa-af3b02e9014f
2023-09-07 14:19:57,255 [main] INFO  net.NetworkTopologyImpl (NetworkTopologyImpl.java:add(112)) - Added a new node: /default-rack/37f46f32-e6e5-4194-94cd-69b3ecd7b0ae
2023-09-07 14:19:57,255 [main] INFO  net.NetworkTopologyImpl (NetworkTopologyImpl.java:add(112)) - Added a new node: /default-rack/3f8e0999-bd51-417c-bc57-64722dda3887
2023-09-07 14:19:57,255 [main] INFO  net.NetworkTopologyImpl (NetworkTopologyImpl.java:add(112)) - Added a new node: /default-rack/4f421f7b-435c-4e32-ba29-f8f793ecdae1
2023-09-07 14:19:57,255 [main] INFO  net.NetworkTopologyImpl (NetworkTopologyImpl.java:add(112)) - Added a new node: /default-rack/bfc717e6-d27f-416f-b410-ac1ea34f93b5
2023-09-07 14:19:57,255 [main] INFO  net.NetworkTopologyImpl (NetworkTopologyImpl.java:add(112)) - Added a new node: /default-rack/dd9ab9a2-6b5f-49a3-87f4-512fc7022bc5
2023-09-07 14:19:57,255 [main] INFO  net.NetworkTopologyImpl (NetworkTopologyImpl.java:add(112)) - Added a new node: /default-rack/da4a1ec1-f7d5-47d8-a196-89bbea7f0e7f
2023-09-07 14:19:57,255 [main] INFO  net.NetworkTopologyImpl (NetworkTopologyImpl.java:add(112)) - Added a new node: /default-rack/22118d93-d6c0-4003-a5f3-2a04b49b1401
2023-09-07 14:19:57,255 [main] INFO  net.NetworkTopologyImpl (NetworkTopologyImpl.java:add(112)) - Added a new node: /default-rack/326d6960-6310-43f3-9d81-ba551f15c491
2023-09-07 14:19:57,256 [main] INFO  algorithms.ContainerPlacementPolicyFactory (ContainerPlacementPolicyFactory.java:getPolicyInternal(86)) - Create container placement policy of type org.apache.hadoop.hdds.scm.container.placement.algorithms.SCMContainerPlacementRackAware
2023-09-07 14:19:57,256 [main] INFO  algorithms.ContainerPlacementPolicyFactory (ContainerPlacementPolicyFactory.java:getPolicyInternal(86)) - Create container placement policy of type org.apache.hadoop.hdds.scm.container.placement.algorithms.SCMContainerPlacementRackScatter
2023-09-07 14:19:57,259 [main] DEBUG balancer.ContainerBalancerTask (ContainerBalancerTask.java:initializeIteration(374)) - Average utilization of the cluster is 0.3753202136752035
2023-09-07 14:19:57,259 [main] DEBUG balancer.ContainerBalancerTask (ContainerBalancerTask.java:initializeIteration(386)) - Lower limit for utilization is 0.27532021367520354 and Upper limit for utilization is 0.4753202136752035
2023-09-07 14:19:57,259 [main] DEBUG balancer.ContainerBalancerTask (ContainerBalancerTask.java:initializeIteration(398)) - Utilization for node 37f46f32-e6e5-4194-94cd-69b3ecd7b0ae with capacity 72775834737B, used 65498251264B, and remaining 7277583473B is 0.9000000000096186
2023-09-07 14:19:57,259 [main] DEBUG balancer.ContainerBalancerTask (ContainerBalancerTask.java:initializeIteration(398)) - Utilization for node da4a1ec1-f7d5-47d8-a196-89bbea7f0e7f with capacity 60397977600B, used 48318382080B, and remaining 12079595520B is 0.8
2023-09-07 14:19:57,259 [main] DEBUG balancer.ContainerBalancerTask (ContainerBalancerTask.java:initializeIteration(398)) - Utilization for node 4f421f7b-435c-4e32-ba29-f8f793ecdae1 with capacity 58288841874B, used 40802189312B, and remaining 17486652562B is 0.7000000000034312
2023-09-07 14:19:57,259 [main] DEBUG balancer.ContainerBalancerTask (ContainerBalancerTask.java:initializeIteration(398)) - Utilization for node dd9ab9a2-6b5f-49a3-87f4-512fc7022bc5 with capacity 82320206506B, used 49392123904B, and remaining 32928082602B is 0.6000000000048591
2023-09-07 14:19:57,260 [main] DEBUG balancer.ContainerBalancerTask (ContainerBalancerTask.java:initializeIteration(398)) - Utilization for node bfc717e6-d27f-416f-b410-ac1ea34f93b5 with capacity 115964116992B, used 57982058496B, and remaining 57982058496B is 0.5
2023-09-07 14:19:57,260 [main] DEBUG balancer.ContainerBalancerTask (ContainerBalancerTask.java:initializeIteration(398)) - Utilization for node 22118d93-d6c0-4003-a5f3-2a04b49b1401 with capacity 110058536960B, used 44023414784B, and remaining 66035122176B is 0.4
2023-09-07 14:19:57,260 [main] DEBUG balancer.ContainerBalancerTask (ContainerBalancerTask.java:initializeIteration(398)) - Utilization for node fdae65c7-6173-40dd-a0fa-af3b02e9014f with capacity 125269879466B, used 37580963840B, and remaining 87688915626B is 0.30000000000159655
2023-09-07 14:19:57,260 [main] DEBUG balancer.ContainerBalancerTask (ContainerBalancerTask.java:initializeIteration(398)) - Utilization for node 3f8e0999-bd51-417c-bc57-64722dda3887 with capacity 166429982720B, used 33285996544B, and remaining 133143986176B is 0.2
2023-09-07 14:19:57,260 [main] DEBUG balancer.ContainerBalancerTask (ContainerBalancerTask.java:initializeIteration(398)) - Utilization for node c66f9672-7de3-4783-86f1-2bfd577114c0 with capacity 257698037760B, used 25769803776B, and remaining 231928233984B is 0.1
2023-09-07 14:19:57,260 [main] DEBUG balancer.ContainerBalancerTask (ContainerBalancerTask.java:initializeIteration(398)) - Utilization for node 326d6960-6310-43f3-9d81-ba551f15c491 with capacity 23622320128B, used 0B, and remaining 23622320128B is 0.0
2023-09-07 14:19:57,260 [main] INFO  balancer.ContainerBalancerTask (ContainerBalancerTask.java:initializeIteration(447)) - Container Balancer has identified 5 Over-Utilized and 3 Under-Utilized Datanodes that need to be balanced.
2023-09-07 14:19:57,260 [main] DEBUG balancer.ContainerBalancerTask (ContainerBalancerTask.java:lambda$initializeIteration$1(453)) - Datanode localhost-213.52.50.47 37f46f32-e6e5-4194-94cd-69b3ecd7b0ae is Over-Utilized.
2023-09-07 14:19:57,260 [main] DEBUG balancer.ContainerBalancerTask (ContainerBalancerTask.java:lambda$initializeIteration$1(453)) - Datanode localhost-176.60.27.247 da4a1ec1-f7d5-47d8-a196-89bbea7f0e7f is Over-Utilized.
2023-09-07 14:19:57,260 [main] DEBUG balancer.ContainerBalancerTask (ContainerBalancerTask.java:lambda$initializeIteration$1(453)) - Datanode localhost-1.131.13.48 4f421f7b-435c-4e32-ba29-f8f793ecdae1 is Over-Utilized.
2023-09-07 14:19:57,260 [main] DEBUG balancer.ContainerBalancerTask (ContainerBalancerTask.java:lambda$initializeIteration$1(453)) - Datanode localhost-133.153.209.155 dd9ab9a2-6b5f-49a3-87f4-512fc7022bc5 is Over-Utilized.
2023-09-07 14:19:57,261 [main] DEBUG balancer.ContainerBalancerTask (ContainerBalancerTask.java:lambda$initializeIteration$1(453)) - Datanode localhost-202.245.144.76 bfc717e6-d27f-416f-b410-ac1ea34f93b5 is Over-Utilized.
2023-09-07 14:19:57,261 [main] DEBUG balancer.ContainerBalancerTask (ContainerBalancerTask.java:lambda$initializeIteration$2(459)) - Datanode localhost-64.46.139.158 326d6960-6310-43f3-9d81-ba551f15c491 is Under-Utilized.
2023-09-07 14:19:57,261 [main] DEBUG balancer.ContainerBalancerTask (ContainerBalancerTask.java:lambda$initializeIteration$2(459)) - Datanode localhost-126.25.255.102 c66f9672-7de3-4783-86f1-2bfd577114c0 is Under-Utilized.
2023-09-07 14:19:57,261 [main] DEBUG balancer.ContainerBalancerTask (ContainerBalancerTask.java:lambda$initializeIteration$2(459)) - Datanode localhost-175.241.107.33 3f8e0999-bd51-417c-bc57-64722dda3887 is Under-Utilized.
2023-09-07 14:19:57,264 [main] DEBUG balancer.ContainerBalancerTask (ContainerBalancerTask.java:matchSourceWithTarget(708)) - ContainerBalancer is finding suitable target for source datanode 37f46f32-e6e5-4194-94cd-69b3ecd7b0ae
2023-09-07 14:19:57,264 [main] INFO  balancer.ContainerBalancerTask (ContainerBalancerTask.java:matchSourceWithTarget(722)) - ContainerBalancer matched source datanode 37f46f32-e6e5-4194-94cd-69b3ecd7b0ae with target datanode 326d6960-6310-43f3-9d81-ba551f15c491 for container move.
2023-09-07 14:19:57,264 [main] INFO  balancer.ContainerBalancerTask (ContainerBalancerTask.java:processMoveSelection(569)) - ContainerBalancer is trying to move container #85 with size 5368709120B from source datanode 37f46f32-e6e5-4194-94cd-69b3ecd7b0ae to target datanode 326d6960-6310-43f3-9d81-ba551f15c491
2023-09-07 14:19:57,265 [main] DEBUG balancer.ContainerBalancerTask (ContainerBalancerTask.java:lambda$moveContainer$3(837)) - Container move completed for container #85 from source 37f46f32-e6e5-4194-94cd-69b3ecd7b0ae to target 326d6960-6310-43f3-9d81-ba551f15c491
2023-09-07 14:19:57,268 [main] DEBUG balancer.ContainerBalancerTask (ContainerBalancerTask.java:matchSourceWithTarget(708)) - ContainerBalancer is finding suitable target for source datanode 37f46f32-e6e5-4194-94cd-69b3ecd7b0ae
2023-09-07 14:19:57,268 [main] INFO  balancer.ContainerBalancerTask (ContainerBalancerTask.java:matchSourceWithTarget(722)) - ContainerBalancer matched source datanode 37f46f32-e6e5-4194-94cd-69b3ecd7b0ae with target datanode c66f9672-7de3-4783-86f1-2bfd577114c0 for container move.
2023-09-07 14:19:57,268 [main] INFO  balancer.ContainerBalancerTask (ContainerBalancerTask.java:processMoveSelection(569)) - ContainerBalancer is trying to move container #40 with size 5368709120B from source datanode 37f46f32-e6e5-4194-94cd-69b3ecd7b0ae to target datanode c66f9672-7de3-4783-86f1-2bfd577114c0
2023-09-07 14:19:57,268 [main] DEBUG balancer.ContainerBalancerTask (ContainerBalancerTask.java:lambda$moveContainer$3(837)) - Container move completed for container #40 from source 37f46f32-e6e5-4194-94cd-69b3ecd7b0ae to target c66f9672-7de3-4783-86f1-2bfd577114c0
2023-09-07 14:19:57,271 [main] DEBUG balancer.ContainerBalancerTask (ContainerBalancerTask.java:matchSourceWithTarget(708)) - ContainerBalancer is finding suitable target for source datanode da4a1ec1-f7d5-47d8-a196-89bbea7f0e7f
2023-09-07 14:19:57,271 [main] INFO  balancer.ContainerBalancerTask (ContainerBalancerTask.java:matchSourceWithTarget(722)) - ContainerBalancer matched source datanode da4a1ec1-f7d5-47d8-a196-89bbea7f0e7f with target datanode c66f9672-7de3-4783-86f1-2bfd577114c0 for container move.
2023-09-07 14:19:57,271 [main] INFO  balancer.ContainerBalancerTask (ContainerBalancerTask.java:processMoveSelection(569)) - ContainerBalancer is trying to move container #68 with size 5368709120B from source datanode da4a1ec1-f7d5-47d8-a196-89bbea7f0e7f to target datanode c66f9672-7de3-4783-86f1-2bfd577114c0
2023-09-07 14:19:57,271 [main] DEBUG balancer.ContainerBalancerTask (ContainerBalancerTask.java:lambda$moveContainer$3(837)) - Container move completed for container #68 from source da4a1ec1-f7d5-47d8-a196-89bbea7f0e7f to target c66f9672-7de3-4783-86f1-2bfd577114c0
2023-09-07 14:19:57,275 [main] DEBUG balancer.ContainerBalancerTask (ContainerBalancerTask.java:matchSourceWithTarget(708)) - ContainerBalancer is finding suitable target for source datanode 37f46f32-e6e5-4194-94cd-69b3ecd7b0ae
2023-09-07 14:19:57,275 [main] INFO  balancer.ContainerBalancerTask (ContainerBalancerTask.java:matchSourceWithTarget(722)) - ContainerBalancer matched source datanode 37f46f32-e6e5-4194-94cd-69b3ecd7b0ae with target datanode c66f9672-7de3-4783-86f1-2bfd577114c0 for container move.
2023-09-07 14:19:57,275 [main] INFO  balancer.ContainerBalancerTask (ContainerBalancerTask.java:processMoveSelection(569)) - ContainerBalancer is trying to move container #29 with size 5368709120B from source datanode 37f46f32-e6e5-4194-94cd-69b3ecd7b0ae to target datanode c66f9672-7de3-4783-86f1-2bfd577114c0
2023-09-07 14:19:57,275 [main] DEBUG balancer.ContainerBalancerTask (ContainerBalancerTask.java:lambda$moveContainer$3(837)) - Container move completed for container #29 from source 37f46f32-e6e5-4194-94cd-69b3ecd7b0ae to target c66f9672-7de3-4783-86f1-2bfd577114c0
2023-09-07 14:19:57,278 [main] DEBUG balancer.ContainerBalancerTask (ContainerBalancerTask.java:matchSourceWithTarget(708)) - ContainerBalancer is finding suitable target for source datanode da4a1ec1-f7d5-47d8-a196-89bbea7f0e7f
2023-09-07 14:19:57,278 [main] INFO  balancer.ContainerBalancerTask (ContainerBalancerTask.java:matchSourceWithTarget(722)) - ContainerBalancer matched source datanode da4a1ec1-f7d5-47d8-a196-89bbea7f0e7f with target datanode c66f9672-7de3-4783-86f1-2bfd577114c0 for container move.
2023-09-07 14:19:57,278 [main] INFO  balancer.ContainerBalancerTask (ContainerBalancerTask.java:processMoveSelection(569)) - ContainerBalancer is trying to move container #67 with size 4294967296B from source datanode da4a1ec1-f7d5-47d8-a196-89bbea7f0e7f to target datanode c66f9672-7de3-4783-86f1-2bfd577114c0
2023-09-07 14:19:57,278 [main] DEBUG balancer.ContainerBalancerTask (ContainerBalancerTask.java:lambda$moveContainer$3(837)) - Container move completed for container #67 from source da4a1ec1-f7d5-47d8-a196-89bbea7f0e7f to target c66f9672-7de3-4783-86f1-2bfd577114c0
2023-09-07 14:19:57,281 [main] DEBUG balancer.ContainerBalancerTask (ContainerBalancerTask.java:matchSourceWithTarget(708)) - ContainerBalancer is finding suitable target for source datanode 4f421f7b-435c-4e32-ba29-f8f793ecdae1
2023-09-07 14:19:57,281 [main] INFO  balancer.ContainerBalancerTask (ContainerBalancerTask.java:matchSourceWithTarget(722)) - ContainerBalancer matched source datanode 4f421f7b-435c-4e32-ba29-f8f793ecdae1 with target datanode c66f9672-7de3-4783-86f1-2bfd577114c0 for container move.
2023-09-07 14:19:57,281 [main] INFO  balancer.ContainerBalancerTask (ContainerBalancerTask.java:processMoveSelection(569)) - ContainerBalancer is trying to move container #89 with size 4294967296B from source datanode 4f421f7b-435c-4e32-ba29-f8f793ecdae1 to target datanode c66f9672-7de3-4783-86f1-2bfd577114c0
2023-09-07 14:19:57,281 [main] DEBUG balancer.ContainerBalancerTask (ContainerBalancerTask.java:lambda$moveContainer$3(837)) - Container move completed for container #89 from source 4f421f7b-435c-4e32-ba29-f8f793ecdae1 to target c66f9672-7de3-4783-86f1-2bfd577114c0
2023-09-07 14:19:57,285 [main] DEBUG balancer.ContainerBalancerTask (ContainerBalancerTask.java:matchSourceWithTarget(708)) - ContainerBalancer is finding suitable target for source datanode 37f46f32-e6e5-4194-94cd-69b3ecd7b0ae
2023-09-07 14:19:57,285 [main] INFO  balancer.ContainerBalancerTask (ContainerBalancerTask.java:matchSourceWithTarget(722)) - ContainerBalancer matched source datanode 37f46f32-e6e5-4194-94cd-69b3ecd7b0ae with target datanode c66f9672-7de3-4783-86f1-2bfd577114c0 for container move.
2023-09-07 14:19:57,285 [main] INFO  balancer.ContainerBalancerTask (ContainerBalancerTask.java:processMoveSelection(569)) - ContainerBalancer is trying to move container #84 with size 4294967296B from source datanode 37f46f32-e6e5-4194-94cd-69b3ecd7b0ae to target datanode c66f9672-7de3-4783-86f1-2bfd577114c0
2023-09-07 14:19:57,285 [main] DEBUG balancer.ContainerBalancerTask (ContainerBalancerTask.java:lambda$moveContainer$3(837)) - Container move completed for container #84 from source 37f46f32-e6e5-4194-94cd-69b3ecd7b0ae to target c66f9672-7de3-4783-86f1-2bfd577114c0
2023-09-07 14:19:57,288 [main] DEBUG balancer.ContainerBalancerTask (ContainerBalancerTask.java:matchSourceWithTarget(708)) - ContainerBalancer is finding suitable target for source datanode da4a1ec1-f7d5-47d8-a196-89bbea7f0e7f
2023-09-07 14:19:57,288 [main] INFO  balancer.ContainerBalancerTask (ContainerBalancerTask.java:matchSourceWithTarget(722)) - ContainerBalancer matched source datanode da4a1ec1-f7d5-47d8-a196-89bbea7f0e7f with target datanode 3f8e0999-bd51-417c-bc57-64722dda3887 for container move.
2023-09-07 14:19:57,288 [main] INFO  balancer.ContainerBalancerTask (ContainerBalancerTask.java:processMoveSelection(569)) - ContainerBalancer is trying to move container #52 with size 4294967296B from source datanode da4a1ec1-f7d5-47d8-a196-89bbea7f0e7f to target datanode 3f8e0999-bd51-417c-bc57-64722dda3887
2023-09-07 14:19:57,288 [main] DEBUG balancer.ContainerBalancerTask (ContainerBalancerTask.java:lambda$moveContainer$3(837)) - Container move completed for container #52 from source da4a1ec1-f7d5-47d8-a196-89bbea7f0e7f to target 3f8e0999-bd51-417c-bc57-64722dda3887
2023-09-07 14:19:57,291 [main] DEBUG balancer.ContainerBalancerTask (ContainerBalancerTask.java:matchSourceWithTarget(708)) - ContainerBalancer is finding suitable target for source datanode 4f421f7b-435c-4e32-ba29-f8f793ecdae1
2023-09-07 14:19:57,291 [main] INFO  balancer.ContainerBalancerTask (ContainerBalancerTask.java:matchSourceWithTarget(722)) - ContainerBalancer matched source datanode 4f421f7b-435c-4e32-ba29-f8f793ecdae1 with target datanode c66f9672-7de3-4783-86f1-2bfd577114c0 for container move.
2023-09-07 14:19:57,291 [main] INFO  balancer.ContainerBalancerTask (ContainerBalancerTask.java:processMoveSelection(569)) - ContainerBalancer is trying to move container #27 with size 3221225472B from source datanode 4f421f7b-435c-4e32-ba29-f8f793ecdae1 to target datanode c66f9672-7de3-4783-86f1-2bfd577114c0
2023-09-07 14:19:57,291 [main] DEBUG balancer.ContainerBalancerTask (ContainerBalancerTask.java:lambda$moveContainer$3(837)) - Container move completed for container #27 from source 4f421f7b-435c-4e32-ba29-f8f793ecdae1 to target c66f9672-7de3-4783-86f1-2bfd577114c0
2023-09-07 14:19:57,295 [main] DEBUG balancer.ContainerBalancerTask (ContainerBalancerTask.java:matchSourceWithTarget(708)) - ContainerBalancer is finding suitable target for source datanode 37f46f32-e6e5-4194-94cd-69b3ecd7b0ae
2023-09-07 14:19:57,295 [main] INFO  balancer.ContainerBalancerTask (ContainerBalancerTask.java:matchSourceWithTarget(722)) - ContainerBalancer matched source datanode 37f46f32-e6e5-4194-94cd-69b3ecd7b0ae with target datanode c66f9672-7de3-4783-86f1-2bfd577114c0 for container move.
2023-09-07 14:19:57,295 [main] INFO  balancer.ContainerBalancerTask (ContainerBalancerTask.java:processMoveSelection(569)) - ContainerBalancer is trying to move container #88 with size 3221225472B from source datanode 37f46f32-e6e5-4194-94cd-69b3ecd7b0ae to target datanode c66f9672-7de3-4783-86f1-2bfd577114c0
2023-09-07 14:19:57,295 [main] DEBUG balancer.ContainerBalancerTask (ContainerBalancerTask.java:lambda$moveContainer$3(837)) - Container move completed for container #88 from source 37f46f32-e6e5-4194-94cd-69b3ecd7b0ae to target c66f9672-7de3-4783-86f1-2bfd577114c0
2023-09-07 14:19:57,298 [main] DEBUG balancer.ContainerBalancerTask (ContainerBalancerTask.java:matchSourceWithTarget(708)) - ContainerBalancer is finding suitable target for source datanode dd9ab9a2-6b5f-49a3-87f4-512fc7022bc5
2023-09-07 14:19:57,298 [main] INFO  balancer.ContainerBalancerTask (ContainerBalancerTask.java:matchSourceWithTarget(722)) - ContainerBalancer matched source datanode dd9ab9a2-6b5f-49a3-87f4-512fc7022bc5 with target datanode 3f8e0999-bd51-417c-bc57-64722dda3887 for container move.
2023-09-07 14:19:57,298 [main] INFO  balancer.ContainerBalancerTask (ContainerBalancerTask.java:processMoveSelection(569)) - ContainerBalancer is trying to move container #39 with size 4294967296B from source datanode dd9ab9a2-6b5f-49a3-87f4-512fc7022bc5 to target datanode 3f8e0999-bd51-417c-bc57-64722dda3887
2023-09-07 14:19:57,298 [main] DEBUG balancer.ContainerBalancerTask (ContainerBalancerTask.java:lambda$moveContainer$3(837)) - Container move completed for container #39 from source dd9ab9a2-6b5f-49a3-87f4-512fc7022bc5 to target 3f8e0999-bd51-417c-bc57-64722dda3887
2023-09-07 14:19:57,302 [main] DEBUG balancer.ContainerBalancerTask (ContainerBalancerTask.java:matchSourceWithTarget(708)) - ContainerBalancer is finding suitable target for source datanode 37f46f32-e6e5-4194-94cd-69b3ecd7b0ae
2023-09-07 14:19:57,302 [main] INFO  balancer.ContainerBalancerTask (ContainerBalancerTask.java:matchSourceWithTarget(722)) - ContainerBalancer matched source datanode 37f46f32-e6e5-4194-94cd-69b3ecd7b0ae with target datanode 326d6960-6310-43f3-9d81-ba551f15c491 for container move.
2023-09-07 14:19:57,302 [main] INFO  balancer.ContainerBalancerTask (ContainerBalancerTask.java:processMoveSelection(569)) - ContainerBalancer is trying to move container #83 with size 3221225472B from source datanode 37f46f32-e6e5-4194-94cd-69b3ecd7b0ae to target datanode 326d6960-6310-43f3-9d81-ba551f15c491
2023-09-07 14:19:57,302 [main] DEBUG balancer.ContainerBalancerTask (ContainerBalancerTask.java:lambda$moveContainer$3(837)) - Container move completed for container #83 from source 37f46f32-e6e5-4194-94cd-69b3ecd7b0ae to target 326d6960-6310-43f3-9d81-ba551f15c491
2023-09-07 14:19:57,305 [main] DEBUG balancer.ContainerBalancerTask (ContainerBalancerTask.java:matchSourceWithTarget(708)) - ContainerBalancer is finding suitable target for source datanode 4f421f7b-435c-4e32-ba29-f8f793ecdae1
2023-09-07 14:19:57,305 [main] INFO  balancer.ContainerBalancerTask (ContainerBalancerTask.java:matchSourceWithTarget(722)) - ContainerBalancer matched source datanode 4f421f7b-435c-4e32-ba29-f8f793ecdae1 with target datanode c66f9672-7de3-4783-86f1-2bfd577114c0 for container move.
2023-09-07 14:19:57,306 [main] INFO  balancer.ContainerBalancerTask (ContainerBalancerTask.java:processMoveSelection(569)) - ContainerBalancer is trying to move container #11 with size 3221225472B from source datanode 4f421f7b-435c-4e32-ba29-f8f793ecdae1 to target datanode c66f9672-7de3-4783-86f1-2bfd577114c0
2023-09-07 14:19:57,306 [main] DEBUG balancer.ContainerBalancerTask (ContainerBalancerTask.java:lambda$moveContainer$3(837)) - Container move completed for container #11 from source 4f421f7b-435c-4e32-ba29-f8f793ecdae1 to target c66f9672-7de3-4783-86f1-2bfd577114c0
2023-09-07 14:19:57,309 [main] DEBUG balancer.ContainerBalancerTask (ContainerBalancerTask.java:matchSourceWithTarget(708)) - ContainerBalancer is finding suitable target for source datanode da4a1ec1-f7d5-47d8-a196-89bbea7f0e7f
2023-09-07 14:19:57,309 [main] INFO  balancer.ContainerBalancerTask (ContainerBalancerTask.java:matchSourceWithTarget(722)) - ContainerBalancer matched source datanode da4a1ec1-f7d5-47d8-a196-89bbea7f0e7f with target datanode c66f9672-7de3-4783-86f1-2bfd577114c0 for container move.
2023-09-07 14:19:57,309 [main] INFO  balancer.ContainerBalancerTask (ContainerBalancerTask.java:processMoveSelection(569)) - ContainerBalancer is trying to move container #66 with size 3221225472B from source datanode da4a1ec1-f7d5-47d8-a196-89bbea7f0e7f to target datanode c66f9672-7de3-4783-86f1-2bfd577114c0
2023-09-07 14:19:57,309 [main] DEBUG balancer.ContainerBalancerTask (ContainerBalancerTask.java:lambda$moveContainer$3(837)) - Container move completed for container #66 from source da4a1ec1-f7d5-47d8-a196-89bbea7f0e7f to target c66f9672-7de3-4783-86f1-2bfd577114c0
2023-09-07 14:19:57,313 [main] DEBUG balancer.ContainerBalancerTask (ContainerBalancerTask.java:matchSourceWithTarget(708)) - ContainerBalancer is finding suitable target for source datanode dd9ab9a2-6b5f-49a3-87f4-512fc7022bc5
2023-09-07 14:19:57,313 [main] INFO  balancer.ContainerBalancerTask (ContainerBalancerTask.java:matchSourceWithTarget(722)) - ContainerBalancer matched source datanode dd9ab9a2-6b5f-49a3-87f4-512fc7022bc5 with target datanode 3f8e0999-bd51-417c-bc57-64722dda3887 for container move.
2023-09-07 14:19:57,313 [main] INFO  balancer.ContainerBalancerTask (ContainerBalancerTask.java:processMoveSelection(569)) - ContainerBalancer is trying to move container #28 with size 4294967296B from source datanode dd9ab9a2-6b5f-49a3-87f4-512fc7022bc5 to target datanode 3f8e0999-bd51-417c-bc57-64722dda3887
2023-09-07 14:19:57,313 [main] DEBUG balancer.ContainerBalancerTask (ContainerBalancerTask.java:lambda$moveContainer$3(837)) - Container move completed for container #28 from source dd9ab9a2-6b5f-49a3-87f4-512fc7022bc5 to target 3f8e0999-bd51-417c-bc57-64722dda3887
2023-09-07 14:19:57,317 [main] DEBUG balancer.ContainerBalancerTask (ContainerBalancerTask.java:matchSourceWithTarget(708)) - ContainerBalancer is finding suitable target for source datanode 37f46f32-e6e5-4194-94cd-69b3ecd7b0ae
2023-09-07 14:19:57,317 [main] INFO  balancer.ContainerBalancerTask (ContainerBalancerTask.java:matchSourceWithTarget(722)) - ContainerBalancer matched source datanode 37f46f32-e6e5-4194-94cd-69b3ecd7b0ae with target datanode c66f9672-7de3-4783-86f1-2bfd577114c0 for container move.
2023-09-07 14:19:57,317 [main] INFO  balancer.ContainerBalancerTask (ContainerBalancerTask.java:processMoveSelection(569)) - ContainerBalancer is trying to move container #86 with size 1073741824B from source datanode 37f46f32-e6e5-4194-94cd-69b3ecd7b0ae to target datanode c66f9672-7de3-4783-86f1-2bfd577114c0
2023-09-07 14:19:57,317 [main] DEBUG balancer.ContainerBalancerTask (ContainerBalancerTask.java:lambda$moveContainer$3(837)) - Container move completed for container #86 from source 37f46f32-e6e5-4194-94cd-69b3ecd7b0ae to target c66f9672-7de3-4783-86f1-2bfd577114c0
2023-09-07 14:19:57,321 [main] DEBUG balancer.ContainerBalancerTask (ContainerBalancerTask.java:matchSourceWithTarget(701)) - ContainerBalancer could not find any candidate containers for datanode 37f46f32-e6e5-4194-94cd-69b3ecd7b0ae
2023-09-07 14:19:57,322 [main] DEBUG balancer.ContainerBalancerTask (ContainerBalancerTask.java:matchSourceWithTarget(708)) - ContainerBalancer is finding suitable target for source datanode 4f421f7b-435c-4e32-ba29-f8f793ecdae1
2023-09-07 14:19:57,323 [main] INFO  balancer.ContainerBalancerTask (ContainerBalancerTask.java:matchSourceWithTarget(722)) - ContainerBalancer matched source datanode 4f421f7b-435c-4e32-ba29-f8f793ecdae1 with target datanode c66f9672-7de3-4783-86f1-2bfd577114c0 for container move.
2023-09-07 14:19:57,323 [main] INFO  balancer.ContainerBalancerTask (ContainerBalancerTask.java:processMoveSelection(569)) - ContainerBalancer is trying to move container #50 with size 2147483648B from source datanode 4f421f7b-435c-4e32-ba29-f8f793ecdae1 to target datanode c66f9672-7de3-4783-86f1-2bfd577114c0
2023-09-07 14:19:57,323 [main] DEBUG balancer.ContainerBalancerTask (ContainerBalancerTask.java:lambda$moveContainer$3(837)) - Container move completed for container #50 from source 4f421f7b-435c-4e32-ba29-f8f793ecdae1 to target c66f9672-7de3-4783-86f1-2bfd577114c0
2023-09-07 14:19:57,326 [main] DEBUG balancer.ContainerBalancerTask (ContainerBalancerTask.java:matchSourceWithTarget(708)) - ContainerBalancer is finding suitable target for source datanode da4a1ec1-f7d5-47d8-a196-89bbea7f0e7f
2023-09-07 14:19:57,327 [main] INFO  balancer.ContainerBalancerTask (ContainerBalancerTask.java:matchSourceWithTarget(722)) - ContainerBalancer matched source datanode da4a1ec1-f7d5-47d8-a196-89bbea7f0e7f with target datanode c66f9672-7de3-4783-86f1-2bfd577114c0 for container move.
2023-09-07 14:19:57,327 [main] INFO  balancer.ContainerBalancerTask (ContainerBalancerTask.java:processMoveSelection(569)) - ContainerBalancer is trying to move container #70 with size 2147483648B from source datanode da4a1ec1-f7d5-47d8-a196-89bbea7f0e7f to target datanode c66f9672-7de3-4783-86f1-2bfd577114c0
2023-09-07 14:19:57,327 [main] DEBUG balancer.ContainerBalancerTask (ContainerBalancerTask.java:lambda$moveContainer$3(837)) - Container move completed for container #70 from source da4a1ec1-f7d5-47d8-a196-89bbea7f0e7f to target c66f9672-7de3-4783-86f1-2bfd577114c0
2023-09-07 14:19:57,329 [main] DEBUG balancer.ContainerBalancerTask (ContainerBalancerTask.java:matchSourceWithTarget(708)) - ContainerBalancer is finding suitable target for source datanode bfc717e6-d27f-416f-b410-ac1ea34f93b5
2023-09-07 14:19:57,329 [main] INFO  balancer.ContainerBalancerTask (ContainerBalancerTask.java:matchSourceWithTarget(722)) - ContainerBalancer matched source datanode bfc717e6-d27f-416f-b410-ac1ea34f93b5 with target datanode 3f8e0999-bd51-417c-bc57-64722dda3887 for container move.
2023-09-07 14:19:57,329 [main] INFO  balancer.ContainerBalancerTask (ContainerBalancerTask.java:processMoveSelection(569)) - ContainerBalancer is trying to move container #71 with size 3221225472B from source datanode bfc717e6-d27f-416f-b410-ac1ea34f93b5 to target datanode 3f8e0999-bd51-417c-bc57-64722dda3887
2023-09-07 14:19:57,329 [main] DEBUG balancer.ContainerBalancerTask (ContainerBalancerTask.java:lambda$moveContainer$3(837)) - Container move completed for container #71 from source bfc717e6-d27f-416f-b410-ac1ea34f93b5 to target 3f8e0999-bd51-417c-bc57-64722dda3887
2023-09-07 14:19:57,331 [main] DEBUG balancer.ContainerBalancerTask (ContainerBalancerTask.java:matchSourceWithTarget(708)) - ContainerBalancer is finding suitable target for source datanode dd9ab9a2-6b5f-49a3-87f4-512fc7022bc5
2023-09-07 14:19:57,331 [main] INFO  balancer.ContainerBalancerTask (ContainerBalancerTask.java:matchSourceWithTarget(722)) - ContainerBalancer matched source datanode dd9ab9a2-6b5f-49a3-87f4-512fc7022bc5 with target datanode c66f9672-7de3-4783-86f1-2bfd577114c0 for container move.
2023-09-07 14:19:57,331 [main] INFO  balancer.ContainerBalancerTask (ContainerBalancerTask.java:processMoveSelection(569)) - ContainerBalancer is trying to move container #19 with size 4294967296B from source datanode dd9ab9a2-6b5f-49a3-87f4-512fc7022bc5 to target datanode c66f9672-7de3-4783-86f1-2bfd577114c0
2023-09-07 14:19:57,332 [main] DEBUG balancer.ContainerBalancerTask (ContainerBalancerTask.java:lambda$moveContainer$3(837)) - Container move completed for container #19 from source dd9ab9a2-6b5f-49a3-87f4-512fc7022bc5 to target c66f9672-7de3-4783-86f1-2bfd577114c0
2023-09-07 14:19:57,334 [main] DEBUG balancer.ContainerBalancerTask (ContainerBalancerTask.java:matchSourceWithTarget(708)) - ContainerBalancer is finding suitable target for source datanode da4a1ec1-f7d5-47d8-a196-89bbea7f0e7f
2023-09-07 14:19:57,334 [main] INFO  balancer.ContainerBalancerTask (ContainerBalancerTask.java:matchSourceWithTarget(722)) - ContainerBalancer matched source datanode da4a1ec1-f7d5-47d8-a196-89bbea7f0e7f with target datanode 3f8e0999-bd51-417c-bc57-64722dda3887 for container move.
2023-09-07 14:19:57,334 [main] INFO  balancer.ContainerBalancerTask (ContainerBalancerTask.java:processMoveSelection(569)) - ContainerBalancer is trying to move container #65 with size 2147483648B from source datanode da4a1ec1-f7d5-47d8-a196-89bbea7f0e7f to target datanode 3f8e0999-bd51-417c-bc57-64722dda3887
2023-09-07 14:19:57,334 [main] DEBUG balancer.ContainerBalancerTask (ContainerBalancerTask.java:lambda$moveContainer$3(837)) - Container move completed for container #65 from source da4a1ec1-f7d5-47d8-a196-89bbea7f0e7f to target 3f8e0999-bd51-417c-bc57-64722dda3887
2023-09-07 14:19:57,336 [main] DEBUG balancer.ContainerBalancerTask (ContainerBalancerTask.java:matchSourceWithTarget(708)) - ContainerBalancer is finding suitable target for source datanode 4f421f7b-435c-4e32-ba29-f8f793ecdae1
2023-09-07 14:19:57,336 [main] INFO  balancer.ContainerBalancerTask (ContainerBalancerTask.java:matchSourceWithTarget(722)) - ContainerBalancer matched source datanode 4f421f7b-435c-4e32-ba29-f8f793ecdae1 with target datanode c66f9672-7de3-4783-86f1-2bfd577114c0 for container move.
2023-09-07 14:19:57,336 [main] INFO  balancer.ContainerBalancerTask (ContainerBalancerTask.java:processMoveSelection(569)) - ContainerBalancer is trying to move container #54 with size 1073741824B from source datanode 4f421f7b-435c-4e32-ba29-f8f793ecdae1 to target datanode c66f9672-7de3-4783-86f1-2bfd577114c0
2023-09-07 14:19:57,336 [main] DEBUG balancer.ContainerBalancerTask (ContainerBalancerTask.java:lambda$moveContainer$3(837)) - Container move completed for container #54 from source 4f421f7b-435c-4e32-ba29-f8f793ecdae1 to target c66f9672-7de3-4783-86f1-2bfd577114c0
2023-09-07 14:19:57,338 [main] DEBUG balancer.ContainerBalancerTask (ContainerBalancerTask.java:matchSourceWithTarget(708)) - ContainerBalancer is finding suitable target for source datanode bfc717e6-d27f-416f-b410-ac1ea34f93b5
2023-09-07 14:19:57,339 [main] INFO  balancer.ContainerBalancerTask (ContainerBalancerTask.java:matchSourceWithTarget(722)) - ContainerBalancer matched source datanode bfc717e6-d27f-416f-b410-ac1ea34f93b5 with target datanode c66f9672-7de3-4783-86f1-2bfd577114c0 for container move.
2023-09-07 14:19:57,339 [main] INFO  balancer.ContainerBalancerTask (ContainerBalancerTask.java:processMoveSelection(569)) - ContainerBalancer is trying to move container #25 with size 1073741824B from source datanode bfc717e6-d27f-416f-b410-ac1ea34f93b5 to target datanode c66f9672-7de3-4783-86f1-2bfd577114c0
2023-09-07 14:19:57,339 [main] DEBUG balancer.ContainerBalancerTask (ContainerBalancerTask.java:lambda$moveContainer$3(837)) - Container move completed for container #25 from source bfc717e6-d27f-416f-b410-ac1ea34f93b5 to target c66f9672-7de3-4783-86f1-2bfd577114c0
2023-09-07 14:19:57,341 [main] DEBUG balancer.ContainerBalancerTask (ContainerBalancerTask.java:matchSourceWithTarget(708)) - ContainerBalancer is finding suitable target for source datanode bfc717e6-d27f-416f-b410-ac1ea34f93b5
2023-09-07 14:19:57,341 [main] INFO  balancer.ContainerBalancerTask (ContainerBalancerTask.java:matchSourceWithTarget(722)) - ContainerBalancer matched source datanode bfc717e6-d27f-416f-b410-ac1ea34f93b5 with target datanode 3f8e0999-bd51-417c-bc57-64722dda3887 for container move.
2023-09-07 14:19:57,341 [main] INFO  balancer.ContainerBalancerTask (ContainerBalancerTask.java:processMoveSelection(569)) - ContainerBalancer is trying to move container #18 with size 3221225472B from source datanode bfc717e6-d27f-416f-b410-ac1ea34f93b5 to target datanode 3f8e0999-bd51-417c-bc57-64722dda3887
2023-09-07 14:19:57,341 [main] DEBUG balancer.ContainerBalancerTask (ContainerBalancerTask.java:lambda$moveContainer$3(837)) - Container move completed for container #18 from source bfc717e6-d27f-416f-b410-ac1ea34f93b5 to target 3f8e0999-bd51-417c-bc57-64722dda3887
2023-09-07 14:19:57,343 [main] DEBUG balancer.ContainerBalancerTask (ContainerBalancerTask.java:matchSourceWithTarget(708)) - ContainerBalancer is finding suitable target for source datanode 4f421f7b-435c-4e32-ba29-f8f793ecdae1
2023-09-07 14:19:57,343 [main] INFO  balancer.ContainerBalancerTask (ContainerBalancerTask.java:matchSourceWithTarget(722)) - ContainerBalancer matched source datanode 4f421f7b-435c-4e32-ba29-f8f793ecdae1 with target datanode 3f8e0999-bd51-417c-bc57-64722dda3887 for container move.
2023-09-07 14:19:57,343 [main] INFO  balancer.ContainerBalancerTask (ContainerBalancerTask.java:processMoveSelection(569)) - ContainerBalancer is trying to move container #53 with size 5368709120B from source datanode 4f421f7b-435c-4e32-ba29-f8f793ecdae1 to target datanode 3f8e0999-bd51-417c-bc57-64722dda3887
2023-09-07 14:19:57,343 [main] DEBUG balancer.ContainerBalancerTask (ContainerBalancerTask.java:lambda$moveContainer$3(837)) - Container move completed for container #53 from source 4f421f7b-435c-4e32-ba29-f8f793ecdae1 to target 3f8e0999-bd51-417c-bc57-64722dda3887
2023-09-07 14:19:57,345 [main] DEBUG balancer.ContainerBalancerTask (ContainerBalancerTask.java:matchSourceWithTarget(708)) - ContainerBalancer is finding suitable target for source datanode da4a1ec1-f7d5-47d8-a196-89bbea7f0e7f
2023-09-07 14:19:57,346 [main] INFO  balancer.ContainerBalancerTask (ContainerBalancerTask.java:matchSourceWithTarget(722)) - ContainerBalancer matched source datanode da4a1ec1-f7d5-47d8-a196-89bbea7f0e7f with target datanode 3f8e0999-bd51-417c-bc57-64722dda3887 for container move.
2023-09-07 14:19:57,346 [main] INFO  balancer.ContainerBalancerTask (ContainerBalancerTask.java:processMoveSelection(569)) - ContainerBalancer is trying to move container #55 with size 2147483648B from source datanode da4a1ec1-f7d5-47d8-a196-89bbea7f0e7f to target datanode 3f8e0999-bd51-417c-bc57-64722dda3887
2023-09-07 14:19:57,346 [main] DEBUG balancer.ContainerBalancerTask (ContainerBalancerTask.java:lambda$moveContainer$3(837)) - Container move completed for container #55 from source da4a1ec1-f7d5-47d8-a196-89bbea7f0e7f to target 3f8e0999-bd51-417c-bc57-64722dda3887
2023-09-07 14:19:57,347 [main] DEBUG balancer.ContainerBalancerTask (ContainerBalancerTask.java:matchSourceWithTarget(708)) - ContainerBalancer is finding suitable target for source datanode dd9ab9a2-6b5f-49a3-87f4-512fc7022bc5
2023-09-07 14:19:57,348 [main] INFO  balancer.ContainerBalancerTask (ContainerBalancerTask.java:matchSourceWithTarget(722)) - ContainerBalancer matched source datanode dd9ab9a2-6b5f-49a3-87f4-512fc7022bc5 with target datanode 326d6960-6310-43f3-9d81-ba551f15c491 for container move.
2023-09-07 14:19:57,348 [main] INFO  balancer.ContainerBalancerTask (ContainerBalancerTask.java:processMoveSelection(569)) - ContainerBalancer is trying to move container #87 with size 2147483648B from source datanode dd9ab9a2-6b5f-49a3-87f4-512fc7022bc5 to target datanode 326d6960-6310-43f3-9d81-ba551f15c491
2023-09-07 14:19:57,348 [main] DEBUG balancer.ContainerBalancerTask (ContainerBalancerTask.java:lambda$moveContainer$3(837)) - Container move completed for container #87 from source dd9ab9a2-6b5f-49a3-87f4-512fc7022bc5 to target 326d6960-6310-43f3-9d81-ba551f15c491
2023-09-07 14:19:57,350 [main] DEBUG balancer.ContainerBalancerTask (ContainerBalancerTask.java:matchSourceWithTarget(708)) - ContainerBalancer is finding suitable target for source datanode bfc717e6-d27f-416f-b410-ac1ea34f93b5
2023-09-07 14:19:57,350 [main] INFO  balancer.ContainerBalancerTask (ContainerBalancerTask.java:matchSourceWithTarget(722)) - ContainerBalancer matched source datanode bfc717e6-d27f-416f-b410-ac1ea34f93b5 with target datanode 3f8e0999-bd51-417c-bc57-64722dda3887 for container move.
2023-09-07 14:19:57,350 [main] INFO  balancer.ContainerBalancerTask (ContainerBalancerTask.java:processMoveSelection(569)) - ContainerBalancer is trying to move container #26 with size 2147483648B from source datanode bfc717e6-d27f-416f-b410-ac1ea34f93b5 to target datanode 3f8e0999-bd51-417c-bc57-64722dda3887
2023-09-07 14:19:57,350 [main] DEBUG balancer.ContainerBalancerTask (ContainerBalancerTask.java:lambda$moveContainer$3(837)) - Container move completed for container #26 from source bfc717e6-d27f-416f-b410-ac1ea34f93b5 to target 3f8e0999-bd51-417c-bc57-64722dda3887
2023-09-07 14:19:57,352 [main] DEBUG balancer.ContainerBalancerTask (ContainerBalancerTask.java:matchSourceWithTarget(708)) - ContainerBalancer is finding suitable target for source datanode dd9ab9a2-6b5f-49a3-87f4-512fc7022bc5
2023-09-07 14:19:57,352 [main] INFO  balancer.ContainerBalancerTask (ContainerBalancerTask.java:matchSourceWithTarget(722)) - ContainerBalancer matched source datanode dd9ab9a2-6b5f-49a3-87f4-512fc7022bc5 with target datanode 3f8e0999-bd51-417c-bc57-64722dda3887 for container move.
2023-09-07 14:19:57,352 [main] INFO  balancer.ContainerBalancerTask (ContainerBalancerTask.java:processMoveSelection(569)) - ContainerBalancer is trying to move container #51 with size 3221225472B from source datanode dd9ab9a2-6b5f-49a3-87f4-512fc7022bc5 to target datanode 3f8e0999-bd51-417c-bc57-64722dda3887
2023-09-07 14:19:57,352 [main] DEBUG balancer.ContainerBalancerTask (ContainerBalancerTask.java:lambda$moveContainer$3(837)) - Container move completed for container #51 from source dd9ab9a2-6b5f-49a3-87f4-512fc7022bc5 to target 3f8e0999-bd51-417c-bc57-64722dda3887
2023-09-07 14:19:57,354 [main] DEBUG balancer.ContainerBalancerTask (ContainerBalancerTask.java:matchSourceWithTarget(708)) - ContainerBalancer is finding suitable target for source datanode bfc717e6-d27f-416f-b410-ac1ea34f93b5
2023-09-07 14:19:57,354 [main] INFO  balancer.ContainerBalancerTask (ContainerBalancerTask.java:matchSourceWithTarget(722)) - ContainerBalancer matched source datanode bfc717e6-d27f-416f-b410-ac1ea34f93b5 with target datanode 3f8e0999-bd51-417c-bc57-64722dda3887 for container move.
2023-09-07 14:19:57,354 [main] INFO  balancer.ContainerBalancerTask (ContainerBalancerTask.java:processMoveSelection(569)) - ContainerBalancer is trying to move container #17 with size 2147483648B from source datanode bfc717e6-d27f-416f-b410-ac1ea34f93b5 to target datanode 3f8e0999-bd51-417c-bc57-64722dda3887
2023-09-07 14:19:57,354 [main] DEBUG balancer.ContainerBalancerTask (ContainerBalancerTask.java:lambda$moveContainer$3(837)) - Container move completed for container #17 from source bfc717e6-d27f-416f-b410-ac1ea34f93b5 to target 3f8e0999-bd51-417c-bc57-64722dda3887
2023-09-07 14:19:57,356 [main] DEBUG balancer.ContainerBalancerTask (ContainerBalancerTask.java:matchSourceWithTarget(708)) - ContainerBalancer is finding suitable target for source datanode da4a1ec1-f7d5-47d8-a196-89bbea7f0e7f
2023-09-07 14:19:57,356 [main] INFO  balancer.ContainerBalancerTask (ContainerBalancerTask.java:matchSourceWithTarget(722)) - ContainerBalancer matched source datanode da4a1ec1-f7d5-47d8-a196-89bbea7f0e7f with target datanode 3f8e0999-bd51-417c-bc57-64722dda3887 for container move.
2023-09-07 14:19:57,356 [main] INFO  balancer.ContainerBalancerTask (ContainerBalancerTask.java:processMoveSelection(569)) - ContainerBalancer is trying to move container #37 with size 2147483648B from source datanode da4a1ec1-f7d5-47d8-a196-89bbea7f0e7f to target datanode 3f8e0999-bd51-417c-bc57-64722dda3887
2023-09-07 14:19:57,357 [main] DEBUG balancer.ContainerBalancerTask (ContainerBalancerTask.java:lambda$moveContainer$3(837)) - Container move completed for container #37 from source da4a1ec1-f7d5-47d8-a196-89bbea7f0e7f to target 3f8e0999-bd51-417c-bc57-64722dda3887
2023-09-07 14:19:57,358 [main] DEBUG balancer.ContainerBalancerTask (ContainerBalancerTask.java:matchSourceWithTarget(708)) - ContainerBalancer is finding suitable target for source datanode bfc717e6-d27f-416f-b410-ac1ea34f93b5
2023-09-07 14:19:57,358 [main] INFO  balancer.ContainerBalancerTask (ContainerBalancerTask.java:matchSourceWithTarget(722)) - ContainerBalancer matched source datanode bfc717e6-d27f-416f-b410-ac1ea34f93b5 with target datanode 3f8e0999-bd51-417c-bc57-64722dda3887 for container move.
2023-09-07 14:19:57,359 [main] INFO  balancer.ContainerBalancerTask (ContainerBalancerTask.java:processMoveSelection(569)) - ContainerBalancer is trying to move container #10 with size 2147483648B from source datanode bfc717e6-d27f-416f-b410-ac1ea34f93b5 to target datanode 3f8e0999-bd51-417c-bc57-64722dda3887
2023-09-07 14:19:57,359 [main] DEBUG balancer.ContainerBalancerTask (ContainerBalancerTask.java:lambda$moveContainer$3(837)) - Container move completed for container #10 from source bfc717e6-d27f-416f-b410-ac1ea34f93b5 to target 3f8e0999-bd51-417c-bc57-64722dda3887
2023-09-07 14:19:57,360 [main] DEBUG balancer.ContainerBalancerTask (ContainerBalancerTask.java:matchSourceWithTarget(708)) - ContainerBalancer is finding suitable target for source datanode bfc717e6-d27f-416f-b410-ac1ea34f93b5
2023-09-07 14:19:57,361 [main] INFO  balancer.FindTargetGreedyByUsageInfo (AbstractFindTargetGreedy.java:findTargetForContainerMove(133)) - Container Balancer could not find a target for source datanode bfc717e6-d27f-416f-b410-ac1ea34f93b5
2023-09-07 14:19:57,361 [main] DEBUG balancer.ContainerBalancerTask (ContainerBalancerTask.java:matchSourceWithTarget(717)) - ContainerBalancer could not find a suitable target for source node bfc717e6-d27f-416f-b410-ac1ea34f93b5.
2023-09-07 14:19:57,362 [main] DEBUG balancer.ContainerBalancerTask (ContainerBalancerTask.java:matchSourceWithTarget(708)) - ContainerBalancer is finding suitable target for source datanode dd9ab9a2-6b5f-49a3-87f4-512fc7022bc5
2023-09-07 14:19:57,363 [main] INFO  balancer.ContainerBalancerTask (ContainerBalancerTask.java:matchSourceWithTarget(722)) - ContainerBalancer matched source datanode dd9ab9a2-6b5f-49a3-87f4-512fc7022bc5 with target datanode 3f8e0999-bd51-417c-bc57-64722dda3887 for container move.
2023-09-07 14:19:57,363 [main] INFO  balancer.ContainerBalancerTask (ContainerBalancerTask.java:processMoveSelection(569)) - ContainerBalancer is trying to move container #41 with size 1073741824B from source datanode dd9ab9a2-6b5f-49a3-87f4-512fc7022bc5 to target datanode 3f8e0999-bd51-417c-bc57-64722dda3887
2023-09-07 14:19:57,363 [main] DEBUG balancer.ContainerBalancerTask (ContainerBalancerTask.java:lambda$moveContainer$3(837)) - Container move completed for container #41 from source dd9ab9a2-6b5f-49a3-87f4-512fc7022bc5 to target 3f8e0999-bd51-417c-bc57-64722dda3887
2023-09-07 14:19:57,365 [main] DEBUG balancer.ContainerBalancerTask (ContainerBalancerTask.java:matchSourceWithTarget(708)) - ContainerBalancer is finding suitable target for source datanode da4a1ec1-f7d5-47d8-a196-89bbea7f0e7f
2023-09-07 14:19:57,365 [main] INFO  balancer.ContainerBalancerTask (ContainerBalancerTask.java:matchSourceWithTarget(722)) - ContainerBalancer matched source datanode da4a1ec1-f7d5-47d8-a196-89bbea7f0e7f with target datanode 3f8e0999-bd51-417c-bc57-64722dda3887 for container move.
2023-09-07 14:19:57,365 [main] INFO  balancer.ContainerBalancerTask (ContainerBalancerTask.java:processMoveSelection(569)) - ContainerBalancer is trying to move container #81 with size 1073741824B from source datanode da4a1ec1-f7d5-47d8-a196-89bbea7f0e7f to target datanode 3f8e0999-bd51-417c-bc57-64722dda3887
2023-09-07 14:19:57,365 [main] DEBUG balancer.ContainerBalancerTask (ContainerBalancerTask.java:lambda$moveContainer$3(837)) - Container move completed for container #81 from source da4a1ec1-f7d5-47d8-a196-89bbea7f0e7f to target 3f8e0999-bd51-417c-bc57-64722dda3887
2023-09-07 14:19:57,365 [main] WARN  balancer.ContainerBalancerTask (ContainerBalancerTask.java:reachedMaxSizeToMovePerIteration(733)) - Reached max size to move limit. 107374182400 bytes have already been scheduled for balancing and the limit is 107374182400 bytes.
2023-09-07 14:19:57,365 [main] INFO  balancer.ContainerBalancerTask (ContainerBalancerTask.java:checkIterationMoveResults(642)) - Iteration Summary. Number of Datanodes involved: 8. Size moved: 100 GB (107374182400 Bytes). Number of Container moves completed: 34.
2023-09-07 14:19:57,365 [main] INFO  balancer.ContainerBalancerTask (ContainerBalancerTask.java:balance(259)) - Result of this iteration of Container Balancer: ITERATION_COMPLETED
2023-09-07 14:19:57,366 [main] INFO  balancer.ContainerBalancerTask (ContainerBalancerTask.java:tryStopWithSaveConfiguration(308)) - Save Configuration for stopping. Reason: Completed all iterations.
]]></system-out>
  </testcase>
  <testcase name="balancerShouldNotSelectNonClosedContainerReplicas" classname="org.apache.hadoop.hdds.scm.container.balancer.TestContainerBalancerTask" time="0.053">
    <system-out><![CDATA[2023-09-07 14:19:57,395 [main] INFO  net.NodeSchemaLoader (NodeSchemaLoader.java:loadSchemaFromFile(129)) - Loading schema from [file:/home/runner/work/ozone/ozone/hadoop-hdds/common/target/classes/network-topology-default.xml]
2023-09-07 14:19:57,395 [main] INFO  net.NodeSchemaLoader (NodeSchemaLoader.java:loadSchema(176)) - Loading network topology layer schema file
2023-09-07 14:19:57,398 [main] INFO  net.NetworkTopologyImpl (NetworkTopologyImpl.java:add(112)) - Added a new node: /default-rack/b8206e45-2b9c-4691-a684-67369c1ac3a0
2023-09-07 14:19:57,398 [main] INFO  net.NetworkTopologyImpl (NetworkTopologyImpl.java:add(112)) - Added a new node: /default-rack/3dfe0944-e384-423f-b074-b4e97f8658cb
2023-09-07 14:19:57,398 [main] INFO  net.NetworkTopologyImpl (NetworkTopologyImpl.java:add(112)) - Added a new node: /default-rack/4ae22a30-a410-4594-a365-b1fe72b09f3e
2023-09-07 14:19:57,398 [main] INFO  net.NetworkTopologyImpl (NetworkTopologyImpl.java:add(112)) - Added a new node: /default-rack/0729221d-4ce6-43ca-ad89-d6abe97b1375
2023-09-07 14:19:57,398 [main] INFO  net.NetworkTopologyImpl (NetworkTopologyImpl.java:add(112)) - Added a new node: /default-rack/684fb4f7-8f20-4463-88a3-43f450c93a01
2023-09-07 14:19:57,398 [main] INFO  net.NetworkTopologyImpl (NetworkTopologyImpl.java:add(112)) - Added a new node: /default-rack/9e876414-0167-4d8b-b6f7-58d5840e8886
2023-09-07 14:19:57,399 [main] INFO  net.NetworkTopologyImpl (NetworkTopologyImpl.java:add(112)) - Added a new node: /default-rack/7d8e1b68-7bd7-4bc6-9878-c328f948b8e7
2023-09-07 14:19:57,399 [main] INFO  net.NetworkTopologyImpl (NetworkTopologyImpl.java:add(112)) - Added a new node: /default-rack/eed119cb-56be-4ea8-b8b3-fb81407e3b18
2023-09-07 14:19:57,399 [main] INFO  net.NetworkTopologyImpl (NetworkTopologyImpl.java:add(112)) - Added a new node: /default-rack/7a65de47-9bf3-471b-ab39-b766abb69b3e
2023-09-07 14:19:57,399 [main] INFO  net.NetworkTopologyImpl (NetworkTopologyImpl.java:add(112)) - Added a new node: /default-rack/edbe650b-3385-4860-83a5-12cb0c3a3a19
2023-09-07 14:19:57,399 [main] INFO  algorithms.ContainerPlacementPolicyFactory (ContainerPlacementPolicyFactory.java:getPolicyInternal(86)) - Create container placement policy of type org.apache.hadoop.hdds.scm.container.placement.algorithms.SCMContainerPlacementRackAware
2023-09-07 14:19:57,399 [main] INFO  algorithms.ContainerPlacementPolicyFactory (ContainerPlacementPolicyFactory.java:getPolicyInternal(86)) - Create container placement policy of type org.apache.hadoop.hdds.scm.container.placement.algorithms.SCMContainerPlacementRackScatter
2023-09-07 14:19:57,408 [main] DEBUG balancer.ContainerBalancerTask (ContainerBalancerTask.java:initializeIteration(374)) - Average utilization of the cluster is 0.3538449636397785
2023-09-07 14:19:57,408 [main] DEBUG balancer.ContainerBalancerTask (ContainerBalancerTask.java:initializeIteration(386)) - Lower limit for utilization is 0.2538449636397785 and Upper limit for utilization is 0.45384496363977855
2023-09-07 14:19:57,408 [main] DEBUG balancer.ContainerBalancerTask (ContainerBalancerTask.java:initializeIteration(398)) - Utilization for node eed119cb-56be-4ea8-b8b3-fb81407e3b18 with capacity 58459277084B, used 52613349376B, and remaining 5845927708B is 0.9000000000068423
2023-09-07 14:19:57,408 [main] DEBUG balancer.ContainerBalancerTask (ContainerBalancerTask.java:initializeIteration(398)) - Utilization for node 7d8e1b68-7bd7-4bc6-9878-c328f948b8e7 with capacity 61740154880B, used 49392123904B, and remaining 12348030976B is 0.8
2023-09-07 14:19:57,408 [main] DEBUG balancer.ContainerBalancerTask (ContainerBalancerTask.java:initializeIteration(398)) - Utilization for node 9e876414-0167-4d8b-b6f7-58d5840e8886 with capacity 65958426331B, used 46170898432B, and remaining 19787527899B is 0.7000000000045483
2023-09-07 14:19:57,408 [main] DEBUG balancer.ContainerBalancerTask (ContainerBalancerTask.java:initializeIteration(398)) - Utilization for node 684fb4f7-8f20-4463-88a3-43f450c93a01 with capacity 57266230613B, used 34359738368B, and remaining 22906492245B is 0.6000000000034924
2023-09-07 14:19:57,408 [main] DEBUG balancer.ContainerBalancerTask (ContainerBalancerTask.java:initializeIteration(398)) - Utilization for node 3dfe0944-e384-423f-b074-b4e97f8658cb with capacity 118111600640B, used 59055800320B, and remaining 59055800320B is 0.5
2023-09-07 14:19:57,408 [main] DEBUG balancer.ContainerBalancerTask (ContainerBalancerTask.java:initializeIteration(398)) - Utilization for node b8206e45-2b9c-4691-a684-67369c1ac3a0 with capacity 93952409600B, used 37580963840B, and remaining 56371445760B is 0.4
2023-09-07 14:19:57,409 [main] DEBUG balancer.ContainerBalancerTask (ContainerBalancerTask.java:initializeIteration(398)) - Utilization for node 0729221d-4ce6-43ca-ad89-d6abe97b1375 with capacity 157482134186B, used 47244640256B, and remaining 110237493930B is 0.30000000000127
2023-09-07 14:19:57,409 [main] DEBUG balancer.ContainerBalancerTask (ContainerBalancerTask.java:initializeIteration(398)) - Utilization for node 4ae22a30-a410-4594-a365-b1fe72b09f3e with capacity 182536110080B, used 36507222016B, and remaining 146028888064B is 0.2
2023-09-07 14:19:57,409 [main] DEBUG balancer.ContainerBalancerTask (ContainerBalancerTask.java:initializeIteration(398)) - Utilization for node edbe650b-3385-4860-83a5-12cb0c3a3a19 with capacity 268435456000B, used 26843545600B, and remaining 241591910400B is 0.1
2023-09-07 14:19:57,409 [main] DEBUG balancer.ContainerBalancerTask (ContainerBalancerTask.java:initializeIteration(398)) - Utilization for node 7a65de47-9bf3-471b-ab39-b766abb69b3e with capacity 37580963840B, used 0B, and remaining 37580963840B is 0.0
2023-09-07 14:19:57,409 [main] INFO  balancer.ContainerBalancerTask (ContainerBalancerTask.java:initializeIteration(447)) - Container Balancer has identified 5 Over-Utilized and 3 Under-Utilized Datanodes that need to be balanced.
2023-09-07 14:19:57,409 [main] DEBUG balancer.ContainerBalancerTask (ContainerBalancerTask.java:lambda$initializeIteration$1(453)) - Datanode localhost-110.85.203.66 eed119cb-56be-4ea8-b8b3-fb81407e3b18 is Over-Utilized.
2023-09-07 14:19:57,409 [main] DEBUG balancer.ContainerBalancerTask (ContainerBalancerTask.java:lambda$initializeIteration$1(453)) - Datanode localhost-2.210.210.153 7d8e1b68-7bd7-4bc6-9878-c328f948b8e7 is Over-Utilized.
2023-09-07 14:19:57,409 [main] DEBUG balancer.ContainerBalancerTask (ContainerBalancerTask.java:lambda$initializeIteration$1(453)) - Datanode localhost-44.131.246.160 9e876414-0167-4d8b-b6f7-58d5840e8886 is Over-Utilized.
2023-09-07 14:19:57,409 [main] DEBUG balancer.ContainerBalancerTask (ContainerBalancerTask.java:lambda$initializeIteration$1(453)) - Datanode localhost-142.193.139.47 684fb4f7-8f20-4463-88a3-43f450c93a01 is Over-Utilized.
2023-09-07 14:19:57,409 [main] DEBUG balancer.ContainerBalancerTask (ContainerBalancerTask.java:lambda$initializeIteration$1(453)) - Datanode localhost-249.247.55.52 3dfe0944-e384-423f-b074-b4e97f8658cb is Over-Utilized.
2023-09-07 14:19:57,409 [main] DEBUG balancer.ContainerBalancerTask (ContainerBalancerTask.java:lambda$initializeIteration$2(459)) - Datanode localhost-194.63.122.154 7a65de47-9bf3-471b-ab39-b766abb69b3e is Under-Utilized.
2023-09-07 14:19:57,409 [main] DEBUG balancer.ContainerBalancerTask (ContainerBalancerTask.java:lambda$initializeIteration$2(459)) - Datanode localhost-135.34.30.90 edbe650b-3385-4860-83a5-12cb0c3a3a19 is Under-Utilized.
2023-09-07 14:19:57,410 [main] DEBUG balancer.ContainerBalancerTask (ContainerBalancerTask.java:lambda$initializeIteration$2(459)) - Datanode localhost-70.77.216.73 4ae22a30-a410-4594-a365-b1fe72b09f3e is Under-Utilized.
2023-09-07 14:19:57,412 [main] DEBUG balancer.ContainerBalancerTask (ContainerBalancerTask.java:matchSourceWithTarget(701)) - ContainerBalancer could not find any candidate containers for datanode eed119cb-56be-4ea8-b8b3-fb81407e3b18
2023-09-07 14:19:57,414 [main] DEBUG balancer.ContainerBalancerTask (ContainerBalancerTask.java:matchSourceWithTarget(701)) - ContainerBalancer could not find any candidate containers for datanode 7d8e1b68-7bd7-4bc6-9878-c328f948b8e7
2023-09-07 14:19:57,416 [main] DEBUG balancer.ContainerBalancerTask (ContainerBalancerTask.java:matchSourceWithTarget(701)) - ContainerBalancer could not find any candidate containers for datanode 9e876414-0167-4d8b-b6f7-58d5840e8886
2023-09-07 14:19:57,417 [main] DEBUG balancer.ContainerBalancerTask (ContainerBalancerTask.java:matchSourceWithTarget(701)) - ContainerBalancer could not find any candidate containers for datanode 684fb4f7-8f20-4463-88a3-43f450c93a01
2023-09-07 14:19:57,420 [main] DEBUG balancer.ContainerBalancerTask (ContainerBalancerTask.java:matchSourceWithTarget(701)) - ContainerBalancer could not find any candidate containers for datanode 3dfe0944-e384-423f-b074-b4e97f8658cb
2023-09-07 14:19:57,420 [main] INFO  balancer.FindSourceGreedy (FindSourceGreedy.java:getNextCandidateSourceDataNode(126)) - no more candidate source data node
2023-09-07 14:19:57,420 [main] INFO  balancer.ContainerBalancerTask (ContainerBalancerTask.java:balance(259)) - Result of this iteration of Container Balancer: CAN_NOT_BALANCE_ANY_MORE
2023-09-07 14:19:57,420 [main] INFO  balancer.ContainerBalancerTask (ContainerBalancerTask.java:tryStopWithSaveConfiguration(308)) - Save Configuration for stopping. Reason: CAN_NOT_BALANCE_ANY_MORE
]]></system-out>
  </testcase>
  <testcase name="testDelayedStart" classname="org.apache.hadoop.hdds.scm.container.balancer.TestContainerBalancerTask" time="0.087">
    <error type="java.util.concurrent.TimeoutException"><![CDATA[java.util.concurrent.TimeoutException: 
Timed out waiting for condition. Thread diagnostics:
Timestamp: 2023-09-07 02:19:57,493

"Thread-17"  prio=5 tid=28 timed_waiting
java.lang.Thread.State: TIMED_WAITING
        at java.lang.Thread.sleep(Native Method)
        at org.apache.hadoop.hdds.scm.container.balancer.TestContainerBalancerTask.lambda$genCompletableFuture$15(TestContainerBalancerTask.java:1332)
        at org.apache.hadoop.hdds.scm.container.balancer.TestContainerBalancerTask$$Lambda$437/909878836.get(Unknown Source)
        at java.util.concurrent.CompletableFuture$AsyncSupply.run(CompletableFuture.java:1604)
        at java.lang.Thread.run(Thread.java:750)
"Thread-22"  prio=5 tid=33 timed_waiting
java.lang.Thread.State: TIMED_WAITING
        at java.lang.Thread.sleep(Native Method)
        at org.apache.hadoop.hdds.scm.container.balancer.TestContainerBalancerTask.lambda$genCompletableFuture$15(TestContainerBalancerTask.java:1332)
        at org.apache.hadoop.hdds.scm.container.balancer.TestContainerBalancerTask$$Lambda$437/909878836.get(Unknown Source)
        at java.util.concurrent.CompletableFuture$AsyncSupply.run(CompletableFuture.java:1604)
        at java.lang.Thread.run(Thread.java:750)
"Thread-13"  prio=5 tid=24 timed_waiting
java.lang.Thread.State: TIMED_WAITING
        at java.lang.Thread.sleep(Native Method)
        at org.apache.hadoop.hdds.scm.container.balancer.TestContainerBalancerTask.lambda$genCompletableFuture$15(TestContainerBalancerTask.java:1332)
        at org.apache.hadoop.hdds.scm.container.balancer.TestContainerBalancerTask$$Lambda$437/909878836.get(Unknown Source)
        at java.util.concurrent.CompletableFuture$AsyncSupply.run(CompletableFuture.java:1604)
        at java.lang.Thread.run(Thread.java:750)
"Signal Dispatcher" daemon prio=9 tid=4 runnable
java.lang.Thread.State: RUNNABLE
"Thread-14"  prio=5 tid=25 timed_waiting
java.lang.Thread.State: TIMED_WAITING
        at java.lang.Thread.sleep(Native Method)
        at org.apache.hadoop.hdds.scm.container.balancer.TestContainerBalancerTask.lambda$genCompletableFuture$15(TestContainerBalancerTask.java:1332)
        at org.apache.hadoop.hdds.scm.container.balancer.TestContainerBalancerTask$$Lambda$437/909878836.get(Unknown Source)
        at java.util.concurrent.CompletableFuture$AsyncSupply.run(CompletableFuture.java:1604)
        at java.lang.Thread.run(Thread.java:750)
"Thread-15"  prio=5 tid=26 timed_waiting
java.lang.Thread.State: TIMED_WAITING
        at java.lang.Thread.sleep(Native Method)
        at org.apache.hadoop.hdds.scm.container.balancer.TestContainerBalancerTask.lambda$genCompletableFuture$15(TestContainerBalancerTask.java:1332)
        at org.apache.hadoop.hdds.scm.container.balancer.TestContainerBalancerTask$$Lambda$437/909878836.get(Unknown Source)
        at java.util.concurrent.CompletableFuture$AsyncSupply.run(CompletableFuture.java:1604)
        at java.lang.Thread.run(Thread.java:750)
"Thread-9"  prio=5 tid=20 timed_waiting
java.lang.Thread.State: TIMED_WAITING
        at java.lang.Thread.sleep(Native Method)
        at org.apache.hadoop.hdds.scm.container.balancer.TestContainerBalancerTask.lambda$genCompletableFuture$15(TestContainerBalancerTask.java:1332)
        at org.apache.hadoop.hdds.scm.container.balancer.TestContainerBalancerTask$$Lambda$437/909878836.get(Unknown Source)
        at java.util.concurrent.CompletableFuture$AsyncSupply.run(CompletableFuture.java:1604)
        at java.lang.Thread.run(Thread.java:750)
"Thread-21"  prio=5 tid=32 timed_waiting
java.lang.Thread.State: TIMED_WAITING
        at java.lang.Thread.sleep(Native Method)
        at org.apache.hadoop.hdds.scm.container.balancer.TestContainerBalancerTask.lambda$genCompletableFuture$15(TestContainerBalancerTask.java:1332)
        at org.apache.hadoop.hdds.scm.container.balancer.TestContainerBalancerTask$$Lambda$437/909878836.get(Unknown Source)
        at java.util.concurrent.CompletableFuture$AsyncSupply.run(CompletableFuture.java:1604)
        at java.lang.Thread.run(Thread.java:750)
"Thread-10"  prio=5 tid=21 timed_waiting
java.lang.Thread.State: TIMED_WAITING
        at java.lang.Thread.sleep(Native Method)
        at org.apache.hadoop.hdds.scm.container.balancer.TestContainerBalancerTask.lambda$genCompletableFuture$15(TestContainerBalancerTask.java:1332)
        at org.apache.hadoop.hdds.scm.container.balancer.TestContainerBalancerTask$$Lambda$437/909878836.get(Unknown Source)
        at java.util.concurrent.CompletableFuture$AsyncSupply.run(CompletableFuture.java:1604)
        at java.lang.Thread.run(Thread.java:750)
"Thread-23"  prio=5 tid=34 timed_waiting
java.lang.Thread.State: TIMED_WAITING
        at org.apache.hadoop.conf.Configuration.handleDeprecation(Configuration.java:728)
        at org.apache.hadoop.conf.Configuration.get(Configuration.java:1244)
        at org.apache.hadoop.conf.Configuration.getTimeDuration(Configuration.java:1874)
        at org.apache.hadoop.conf.Configuration.getTimeDuration(Configuration.java:1845)
        at org.apache.hadoop.hdds.scm.container.balancer.ContainerBalancerTask.run(ContainerBalancerTask.java:171)
        at java.lang.Thread.run(Thread.java:750)
"Thread-7"  prio=5 tid=18 timed_waiting
java.lang.Thread.State: TIMED_WAITING
        at java.lang.Thread.sleep(Native Method)
        at org.apache.hadoop.hdds.scm.container.balancer.TestContainerBalancerTask.lambda$genCompletableFuture$15(TestContainerBalancerTask.java:1332)
        at org.apache.hadoop.hdds.scm.container.balancer.TestContainerBalancerTask$$Lambda$437/909878836.get(Unknown Source)
        at java.util.concurrent.CompletableFuture$AsyncSupply.run(CompletableFuture.java:1604)
        at java.lang.Thread.run(Thread.java:750)
"Thread-6"  prio=5 tid=17 timed_waiting
java.lang.Thread.State: TIMED_WAITING
        at java.lang.Thread.sleep(Native Method)
        at org.apache.hadoop.hdds.scm.container.balancer.TestContainerBalancerTask.lambda$genCompletableFuture$15(TestContainerBalancerTask.java:1332)
        at org.apache.hadoop.hdds.scm.container.balancer.TestContainerBalancerTask$$Lambda$437/909878836.get(Unknown Source)
        at java.util.concurrent.CompletableFuture$AsyncSupply.run(CompletableFuture.java:1604)
        at java.lang.Thread.run(Thread.java:750)
"Thread-20"  prio=5 tid=31 timed_waiting
java.lang.Thread.State: TIMED_WAITING
        at java.lang.Thread.sleep(Native Method)
        at org.apache.hadoop.hdds.scm.container.balancer.TestContainerBalancerTask.lambda$genCompletableFuture$15(TestContainerBalancerTask.java:1332)
        at org.apache.hadoop.hdds.scm.container.balancer.TestContainerBalancerTask$$Lambda$437/909878836.get(Unknown Source)
        at java.util.concurrent.CompletableFuture$AsyncSupply.run(CompletableFuture.java:1604)
        at java.lang.Thread.run(Thread.java:750)
"Reference Handler" daemon prio=10 tid=2 in Object.wait()
java.lang.Thread.State: WAITING (on object monitor)
        at java.lang.Object.wait(Native Method)
        at java.lang.Object.wait(Object.java:502)
        at java.lang.ref.Reference.tryHandlePending(Reference.java:191)
        at java.lang.ref.Reference$ReferenceHandler.run(Reference.java:153)
"Thread-16"  prio=5 tid=27 timed_waiting
java.lang.Thread.State: TIMED_WAITING
        at java.lang.Thread.sleep(Native Method)
        at org.apache.hadoop.hdds.scm.container.balancer.TestContainerBalancerTask.lambda$genCompletableFuture$15(TestContainerBalancerTask.java:1332)
        at org.apache.hadoop.hdds.scm.container.balancer.TestContainerBalancerTask$$Lambda$437/909878836.get(Unknown Source)
        at java.util.concurrent.CompletableFuture$AsyncSupply.run(CompletableFuture.java:1604)
        at java.lang.Thread.run(Thread.java:750)
"Thread-12"  prio=5 tid=23 timed_waiting
java.lang.Thread.State: TIMED_WAITING
        at java.lang.Thread.sleep(Native Method)
        at org.apache.hadoop.hdds.scm.container.balancer.TestContainerBalancerTask.lambda$genCompletableFuture$15(TestContainerBalancerTask.java:1332)
        at org.apache.hadoop.hdds.scm.container.balancer.TestContainerBalancerTask$$Lambda$437/909878836.get(Unknown Source)
        at java.util.concurrent.CompletableFuture$AsyncSupply.run(CompletableFuture.java:1604)
        at java.lang.Thread.run(Thread.java:750)
"main"  prio=5 tid=1 runnable
java.lang.Thread.State: RUNNABLE
        at java.lang.Thread.dumpThreads(Native Method)
        at java.lang.Thread.getAllStackTraces(Thread.java:1615)
        at org.apache.ozone.test.TimedOutTestsListener.buildThreadDump(TimedOutTestsListener.java:93)
        at org.apache.ozone.test.TimedOutTestsListener.buildThreadDiagnosticString(TimedOutTestsListener.java:79)
        at org.apache.ozone.test.GenericTestUtils.waitFor(GenericTestUtils.java:231)
        at org.apache.hadoop.hdds.scm.container.balancer.TestContainerBalancerTask.testDelayedStart(TestContainerBalancerTask.java:1078)
        at sun.reflect.NativeMethodAccessorImpl.invoke0(Native Method)
        at sun.reflect.NativeMethodAccessorImpl.invoke(NativeMethodAccessorImpl.java:62)
        at sun.reflect.DelegatingMethodAccessorImpl.invoke(DelegatingMethodAccessorImpl.java:43)
        at java.lang.reflect.Method.invoke(Method.java:498)
        at org.junit.platform.commons.util.ReflectionUtils.invokeMethod(ReflectionUtils.java:725)
        at org.junit.jupiter.engine.execution.MethodInvocation.proceed(MethodInvocation.java:60)
        at org.junit.jupiter.engine.execution.InvocationInterceptorChain$ValidatingInvocation.proceed(InvocationInterceptorChain.java:131)
        at org.junit.jupiter.engine.extension.TimeoutExtension.intercept(TimeoutExtension.java:149)
        at org.junit.jupiter.engine.extension.TimeoutExtension.interceptTestableMethod(TimeoutExtension.java:140)
        at org.junit.jupiter.engine.extension.TimeoutExtension.interceptTestMethod(TimeoutExtension.java:84)
        at org.junit.jupiter.engine.descriptor.TestMethodTestDescriptor$$Lambda$158/1987169128.apply(Unknown Source)
        at org.junit.jupiter.engine.execution.ExecutableInvoker$ReflectiveInterceptorCall.lambda$ofVoidMethod$0(ExecutableInvoker.java:115)
        at org.junit.jupiter.engine.execution.ExecutableInvoker$ReflectiveInterceptorCall$$Lambda$159/980138431.apply(Unknown Source)
        at org.junit.jupiter.engine.execution.ExecutableInvoker.lambda$invoke$0(ExecutableInvoker.java:105)
        at org.junit.jupiter.engine.execution.ExecutableInvoker$$Lambda$317/712410791.apply(Unknown Source)
        at org.junit.jupiter.engine.execution.InvocationInterceptorChain$InterceptedInvocation.proceed(InvocationInterceptorChain.java:106)
        at org.junit.jupiter.engine.execution.InvocationInterceptorChain.proceed(InvocationInterceptorChain.java:64)
        at org.junit.jupiter.engine.execution.InvocationInterceptorChain.chainAndInvoke(InvocationInterceptorChain.java:45)
        at org.junit.jupiter.engine.execution.InvocationInterceptorChain.invoke(InvocationInterceptorChain.java:37)
        at org.junit.jupiter.engine.execution.ExecutableInvoker.invoke(ExecutableInvoker.java:104)
        at org.junit.jupiter.engine.execution.ExecutableInvoker.invoke(ExecutableInvoker.java:98)
        at org.junit.jupiter.engine.descriptor.TestMethodTestDescriptor.lambda$invokeTestMethod$7(TestMethodTestDescriptor.java:214)
        at org.junit.jupiter.engine.descriptor.TestMethodTestDescriptor$$Lambda$379/1579620531.execute(Unknown Source)
        at org.junit.platform.engine.support.hierarchical.ThrowableCollector.execute(ThrowableCollector.java:73)
        at org.junit.jupiter.engine.descriptor.TestMethodTestDescriptor.invokeTestMethod(TestMethodTestDescriptor.java:210)
        at org.junit.jupiter.engine.descriptor.TestMethodTestDescriptor.execute(TestMethodTestDescriptor.java:135)
        at org.junit.jupiter.engine.descriptor.TestMethodTestDescriptor.execute(TestMethodTestDescriptor.java:66)
        at org.junit.platform.engine.support.hierarchical.NodeTestTask.lambda$executeRecursively$6(NodeTestTask.java:151)
        at org.junit.platform.engine.support.hierarchical.NodeTestTask$$Lambda$258/1058609221.execute(Unknown Source)
        at org.junit.platform.engine.support.hierarchical.ThrowableCollector.execute(ThrowableCollector.java:73)
        at org.junit.platform.engine.support.hierarchical.NodeTestTask.lambda$executeRecursively$8(NodeTestTask.java:141)
        at org.junit.platform.engine.support.hierarchical.NodeTestTask$$Lambda$257/1000966072.invoke(Unknown Source)
        at org.junit.platform.engine.support.hierarchical.Node.around(Node.java:137)
        at org.junit.platform.engine.support.hierarchical.NodeTestTask.lambda$executeRecursively$9(NodeTestTask.java:139)
        at org.junit.platform.engine.support.hierarchical.NodeTestTask$$Lambda$256/673586830.execute(Unknown Source)
        at org.junit.platform.engine.support.hierarchical.ThrowableCollector.execute(ThrowableCollector.java:73)
        at org.junit.platform.engine.support.hierarchical.NodeTestTask.executeRecursively(NodeTestTask.java:138)
        at org.junit.platform.engine.support.hierarchical.NodeTestTask.execute(NodeTestTask.java:95)
        at org.junit.platform.engine.support.hierarchical.SameThreadHierarchicalTestExecutorService$$Lambda$262/1617838096.accept(Unknown Source)
        at java.util.ArrayList.forEach(ArrayList.java:1259)
        at org.junit.platform.engine.support.hierarchical.SameThreadHierarchicalTestExecutorService.invokeAll(SameThreadHierarchicalTestExecutorService.java:41)
        at org.junit.platform.engine.support.hierarchical.NodeTestTask.lambda$executeRecursively$6(NodeTestTask.java:155)
        at org.junit.platform.engine.support.hierarchical.NodeTestTask$$Lambda$258/1058609221.execute(Unknown Source)
        at org.junit.platform.engine.support.hierarchical.ThrowableCollector.execute(ThrowableCollector.java:73)
        at org.junit.platform.engine.support.hierarchical.NodeTestTask.lambda$executeRecursively$8(NodeTestTask.java:141)
        at org.junit.platform.engine.support.hierarchical.NodeTestTask$$Lambda$257/1000966072.invoke(Unknown Source)
        at org.junit.platform.engine.support.hierarchical.Node.around(Node.java:137)
        at org.junit.platform.engine.support.hierarchical.NodeTestTask.lambda$executeRecursively$9(NodeTestTask.java:139)
        at org.junit.platform.engine.support.hierarchical.NodeTestTask$$Lambda$256/673586830.execute(Unknown Source)
        at org.junit.platform.engine.support.hierarchical.ThrowableCollector.execute(ThrowableCollector.java:73)
        at org.junit.platform.engine.support.hierarchical.NodeTestTask.executeRecursively(NodeTestTask.java:138)
        at org.junit.platform.engine.support.hierarchical.NodeTestTask.execute(NodeTestTask.java:95)
        at org.junit.platform.engine.support.hierarchical.SameThreadHierarchicalTestExecutorService$$Lambda$262/1617838096.accept(Unknown Source)
        at java.util.ArrayList.forEach(ArrayList.java:1259)
        at org.junit.platform.engine.support.hierarchical.SameThreadHierarchicalTestExecutorService.invokeAll(SameThreadHierarchicalTestExecutorService.java:41)
        at org.junit.platform.engine.support.hierarchical.NodeTestTask.lambda$executeRecursively$6(NodeTestTask.java:155)
        at org.junit.platform.engine.support.hierarchical.NodeTestTask$$Lambda$258/1058609221.execute(Unknown Source)
        at org.junit.platform.engine.support.hierarchical.ThrowableCollector.execute(ThrowableCollector.java:73)
        at org.junit.platform.engine.support.hierarchical.NodeTestTask.lambda$executeRecursively$8(NodeTestTask.java:141)
        at org.junit.platform.engine.support.hierarchical.NodeTestTask$$Lambda$257/1000966072.invoke(Unknown Source)
        at org.junit.platform.engine.support.hierarchical.Node.around(Node.java:137)
        at org.junit.platform.engine.support.hierarchical.NodeTestTask.lambda$executeRecursively$9(NodeTestTask.java:139)
        at org.junit.platform.engine.support.hierarchical.NodeTestTask$$Lambda$256/673586830.execute(Unknown Source)
        at org.junit.platform.engine.support.hierarchical.ThrowableCollector.execute(ThrowableCollector.java:73)
        at org.junit.platform.engine.support.hierarchical.NodeTestTask.executeRecursively(NodeTestTask.java:138)
        at org.junit.platform.engine.support.hierarchical.NodeTestTask.execute(NodeTestTask.java:95)
        at org.junit.platform.engine.support.hierarchical.SameThreadHierarchicalTestExecutorService.submit(SameThreadHierarchicalTestExecutorService.java:35)
        at org.junit.platform.engine.support.hierarchical.HierarchicalTestExecutor.execute(HierarchicalTestExecutor.java:57)
        at org.junit.platform.engine.support.hierarchical.HierarchicalTestEngine.execute(HierarchicalTestEngine.java:54)
        at org.junit.platform.launcher.core.EngineExecutionOrchestrator.execute(EngineExecutionOrchestrator.java:107)
        at org.junit.platform.launcher.core.EngineExecutionOrchestrator.execute(EngineExecutionOrchestrator.java:88)
        at org.junit.platform.launcher.core.EngineExecutionOrchestrator.lambda$execute$0(EngineExecutionOrchestrator.java:54)
        at org.junit.platform.launcher.core.EngineExecutionOrchestrator$$Lambda$214/556281560.accept(Unknown Source)
        at org.junit.platform.launcher.core.EngineExecutionOrchestrator.withInterceptedStreams(EngineExecutionOrchestrator.java:67)
        at org.junit.platform.launcher.core.EngineExecutionOrchestrator.execute(EngineExecutionOrchestrator.java:52)
        at org.junit.platform.launcher.core.DefaultLauncher.execute(DefaultLauncher.java:114)
        at org.junit.platform.launcher.core.DefaultLauncher.execute(DefaultLauncher.java:86)
        at org.junit.platform.launcher.core.DefaultLauncherSession$DelegatingLauncher.execute(DefaultLauncherSession.java:86)
        at org.junit.platform.launcher.core.SessionPerRequestLauncher.execute(SessionPerRequestLauncher.java:53)
        at org.apache.maven.surefire.junitplatform.JUnitPlatformProvider.execute(JUnitPlatformProvider.java:188)
        at org.apache.maven.surefire.junitplatform.JUnitPlatformProvider.invokeAllTests(JUnitPlatformProvider.java:154)
        at org.apache.maven.surefire.junitplatform.JUnitPlatformProvider.invoke(JUnitPlatformProvider.java:124)
        at org.apache.maven.surefire.booter.ForkedBooter.runSuitesInProcess(ForkedBooter.java:428)
        at org.apache.maven.surefire.booter.ForkedBooter.execute(ForkedBooter.java:162)
        at org.apache.maven.surefire.booter.ForkedBooter.run(ForkedBooter.java:562)
        at org.apache.maven.surefire.booter.ForkedBooter.main(ForkedBooter.java:548)
"Thread-8"  prio=5 tid=19 timed_waiting
java.lang.Thread.State: TIMED_WAITING
        at java.lang.Thread.sleep(Native Method)
        at org.apache.hadoop.hdds.scm.container.balancer.TestContainerBalancerTask.lambda$genCompletableFuture$15(TestContainerBalancerTask.java:1332)
        at org.apache.hadoop.hdds.scm.container.balancer.TestContainerBalancerTask$$Lambda$437/909878836.get(Unknown Source)
        at java.util.concurrent.CompletableFuture$AsyncSupply.run(CompletableFuture.java:1604)
        at java.lang.Thread.run(Thread.java:750)
"Thread-18"  prio=5 tid=29 timed_waiting
java.lang.Thread.State: TIMED_WAITING
        at java.lang.Thread.sleep(Native Method)
        at org.apache.hadoop.hdds.scm.container.balancer.TestContainerBalancerTask.lambda$genCompletableFuture$15(TestContainerBalancerTask.java:1332)
        at org.apache.hadoop.hdds.scm.container.balancer.TestContainerBalancerTask$$Lambda$437/909878836.get(Unknown Source)
        at java.util.concurrent.CompletableFuture$AsyncSupply.run(CompletableFuture.java:1604)
        at java.lang.Thread.run(Thread.java:750)
"Thread-19"  prio=5 tid=30 timed_waiting
java.lang.Thread.State: TIMED_WAITING
        at java.lang.Thread.sleep(Native Method)
        at org.apache.hadoop.hdds.scm.container.balancer.TestContainerBalancerTask.lambda$genCompletableFuture$15(TestContainerBalancerTask.java:1332)
        at org.apache.hadoop.hdds.scm.container.balancer.TestContainerBalancerTask$$Lambda$437/909878836.get(Unknown Source)
        at java.util.concurrent.CompletableFuture$AsyncSupply.run(CompletableFuture.java:1604)
        at java.lang.Thread.run(Thread.java:750)
"Thread-11"  prio=5 tid=22 timed_waiting
java.lang.Thread.State: TIMED_WAITING
        at java.lang.Thread.sleep(Native Method)
        at org.apache.hadoop.hdds.scm.container.balancer.TestContainerBalancerTask.lambda$genCompletableFuture$15(TestContainerBalancerTask.java:1332)
        at org.apache.hadoop.hdds.scm.container.balancer.TestContainerBalancerTask$$Lambda$437/909878836.get(Unknown Source)
        at java.util.concurrent.CompletableFuture$AsyncSupply.run(CompletableFuture.java:1604)
        at java.lang.Thread.run(Thread.java:750)
"process reaper" daemon prio=10 tid=13 timed_waiting
java.lang.Thread.State: TIMED_WAITING
        at sun.misc.Unsafe.park(Native Method)
        at java.util.concurrent.locks.LockSupport.parkNanos(LockSupport.java:215)
        at java.util.concurrent.SynchronousQueue$TransferStack.awaitFulfill(SynchronousQueue.java:460)
        at java.util.concurrent.SynchronousQueue$TransferStack.transfer(SynchronousQueue.java:362)
        at java.util.concurrent.SynchronousQueue.poll(SynchronousQueue.java:941)
        at java.util.concurrent.ThreadPoolExecutor.getTask(ThreadPoolExecutor.java:1073)
        at java.util.concurrent.ThreadPoolExecutor.runWorker(ThreadPoolExecutor.java:1134)
        at java.util.concurrent.ThreadPoolExecutor$Worker.run(ThreadPoolExecutor.java:624)
        at java.lang.Thread.run(Thread.java:750)
"Attach Listener" daemon prio=9 tid=12 runnable
java.lang.Thread.State: RUNNABLE
"Finalizer" daemon prio=8 tid=3 in Object.wait()
java.lang.Thread.State: WAITING (on object monitor)
        at java.lang.Object.wait(Native Method)
        at java.lang.ref.ReferenceQueue.remove(ReferenceQueue.java:144)
        at java.lang.ref.ReferenceQueue.remove(ReferenceQueue.java:165)
        at java.lang.ref.Finalizer$FinalizerThread.run(Finalizer.java:188)
"surefire-forkedjvm-command-thread" daemon prio=5 tid=10 runnable
java.lang.Thread.State: RUNNABLE
        at java.io.FileInputStream.readBytes(Native Method)
        at java.io.FileInputStream.read(FileInputStream.java:255)
        at java.io.BufferedInputStream.read1(BufferedInputStream.java:284)
        at java.io.BufferedInputStream.read(BufferedInputStream.java:345)
        at java.io.BufferedInputStream.fill(BufferedInputStream.java:246)
        at java.io.BufferedInputStream.read1(BufferedInputStream.java:286)
        at java.io.BufferedInputStream.read(BufferedInputStream.java:345)
        at org.apache.maven.surefire.api.util.internal.Channels$3.readImpl(Channels.java:214)
        at org.apache.maven.surefire.api.util.internal.AbstractNoninterruptibleReadableChannel.read(AbstractNoninterruptibleReadableChannel.java:54)
        at org.apache.maven.surefire.booter.spi.LegacyMasterProcessChannelDecoder.decode(LegacyMasterProcessChannelDecoder.java:80)
        at org.apache.maven.surefire.booter.CommandReader$CommandRunnable.run(CommandReader.java:343)
        at java.lang.Thread.run(Thread.java:750)


	at org.apache.ozone.test.GenericTestUtils.waitFor(GenericTestUtils.java:231)
	at org.apache.hadoop.hdds.scm.container.balancer.TestContainerBalancerTask.testDelayedStart(TestContainerBalancerTask.java:1078)
	at sun.reflect.NativeMethodAccessorImpl.invoke0(Native Method)
	at sun.reflect.NativeMethodAccessorImpl.invoke(NativeMethodAccessorImpl.java:62)
	at sun.reflect.DelegatingMethodAccessorImpl.invoke(DelegatingMethodAccessorImpl.java:43)
	at java.lang.reflect.Method.invoke(Method.java:498)
	at org.junit.platform.commons.util.ReflectionUtils.invokeMethod(ReflectionUtils.java:725)
	at org.junit.jupiter.engine.execution.MethodInvocation.proceed(MethodInvocation.java:60)
	at org.junit.jupiter.engine.execution.InvocationInterceptorChain$ValidatingInvocation.proceed(InvocationInterceptorChain.java:131)
	at org.junit.jupiter.engine.extension.TimeoutExtension.intercept(TimeoutExtension.java:149)
	at org.junit.jupiter.engine.extension.TimeoutExtension.interceptTestableMethod(TimeoutExtension.java:140)
	at org.junit.jupiter.engine.extension.TimeoutExtension.interceptTestMethod(TimeoutExtension.java:84)
	at org.junit.jupiter.engine.execution.ExecutableInvoker$ReflectiveInterceptorCall.lambda$ofVoidMethod$0(ExecutableInvoker.java:115)
	at org.junit.jupiter.engine.execution.ExecutableInvoker.lambda$invoke$0(ExecutableInvoker.java:105)
	at org.junit.jupiter.engine.execution.InvocationInterceptorChain$InterceptedInvocation.proceed(InvocationInterceptorChain.java:106)
	at org.junit.jupiter.engine.execution.InvocationInterceptorChain.proceed(InvocationInterceptorChain.java:64)
	at org.junit.jupiter.engine.execution.InvocationInterceptorChain.chainAndInvoke(InvocationInterceptorChain.java:45)
	at org.junit.jupiter.engine.execution.InvocationInterceptorChain.invoke(InvocationInterceptorChain.java:37)
	at org.junit.jupiter.engine.execution.ExecutableInvoker.invoke(ExecutableInvoker.java:104)
	at org.junit.jupiter.engine.execution.ExecutableInvoker.invoke(ExecutableInvoker.java:98)
	at org.junit.jupiter.engine.descriptor.TestMethodTestDescriptor.lambda$invokeTestMethod$7(TestMethodTestDescriptor.java:214)
	at org.junit.platform.engine.support.hierarchical.ThrowableCollector.execute(ThrowableCollector.java:73)
	at org.junit.jupiter.engine.descriptor.TestMethodTestDescriptor.invokeTestMethod(TestMethodTestDescriptor.java:210)
	at org.junit.jupiter.engine.descriptor.TestMethodTestDescriptor.execute(TestMethodTestDescriptor.java:135)
	at org.junit.jupiter.engine.descriptor.TestMethodTestDescriptor.execute(TestMethodTestDescriptor.java:66)
	at org.junit.platform.engine.support.hierarchical.NodeTestTask.lambda$executeRecursively$6(NodeTestTask.java:151)
	at org.junit.platform.engine.support.hierarchical.ThrowableCollector.execute(ThrowableCollector.java:73)
	at org.junit.platform.engine.support.hierarchical.NodeTestTask.lambda$executeRecursively$8(NodeTestTask.java:141)
	at org.junit.platform.engine.support.hierarchical.Node.around(Node.java:137)
	at org.junit.platform.engine.support.hierarchical.NodeTestTask.lambda$executeRecursively$9(NodeTestTask.java:139)
	at org.junit.platform.engine.support.hierarchical.ThrowableCollector.execute(ThrowableCollector.java:73)
	at org.junit.platform.engine.support.hierarchical.NodeTestTask.executeRecursively(NodeTestTask.java:138)
	at org.junit.platform.engine.support.hierarchical.NodeTestTask.execute(NodeTestTask.java:95)
	at java.util.ArrayList.forEach(ArrayList.java:1259)
	at org.junit.platform.engine.support.hierarchical.SameThreadHierarchicalTestExecutorService.invokeAll(SameThreadHierarchicalTestExecutorService.java:41)
	at org.junit.platform.engine.support.hierarchical.NodeTestTask.lambda$executeRecursively$6(NodeTestTask.java:155)
	at org.junit.platform.engine.support.hierarchical.ThrowableCollector.execute(ThrowableCollector.java:73)
	at org.junit.platform.engine.support.hierarchical.NodeTestTask.lambda$executeRecursively$8(NodeTestTask.java:141)
	at org.junit.platform.engine.support.hierarchical.Node.around(Node.java:137)
	at org.junit.platform.engine.support.hierarchical.NodeTestTask.lambda$executeRecursively$9(NodeTestTask.java:139)
	at org.junit.platform.engine.support.hierarchical.ThrowableCollector.execute(ThrowableCollector.java:73)
	at org.junit.platform.engine.support.hierarchical.NodeTestTask.executeRecursively(NodeTestTask.java:138)
	at org.junit.platform.engine.support.hierarchical.NodeTestTask.execute(NodeTestTask.java:95)
	at java.util.ArrayList.forEach(ArrayList.java:1259)
	at org.junit.platform.engine.support.hierarchical.SameThreadHierarchicalTestExecutorService.invokeAll(SameThreadHierarchicalTestExecutorService.java:41)
	at org.junit.platform.engine.support.hierarchical.NodeTestTask.lambda$executeRecursively$6(NodeTestTask.java:155)
	at org.junit.platform.engine.support.hierarchical.ThrowableCollector.execute(ThrowableCollector.java:73)
	at org.junit.platform.engine.support.hierarchical.NodeTestTask.lambda$executeRecursively$8(NodeTestTask.java:141)
	at org.junit.platform.engine.support.hierarchical.Node.around(Node.java:137)
	at org.junit.platform.engine.support.hierarchical.NodeTestTask.lambda$executeRecursively$9(NodeTestTask.java:139)
	at org.junit.platform.engine.support.hierarchical.ThrowableCollector.execute(ThrowableCollector.java:73)
	at org.junit.platform.engine.support.hierarchical.NodeTestTask.executeRecursively(NodeTestTask.java:138)
	at org.junit.platform.engine.support.hierarchical.NodeTestTask.execute(NodeTestTask.java:95)
	at org.junit.platform.engine.support.hierarchical.SameThreadHierarchicalTestExecutorService.submit(SameThreadHierarchicalTestExecutorService.java:35)
	at org.junit.platform.engine.support.hierarchical.HierarchicalTestExecutor.execute(HierarchicalTestExecutor.java:57)
	at org.junit.platform.engine.support.hierarchical.HierarchicalTestEngine.execute(HierarchicalTestEngine.java:54)
	at org.junit.platform.launcher.core.EngineExecutionOrchestrator.execute(EngineExecutionOrchestrator.java:107)
	at org.junit.platform.launcher.core.EngineExecutionOrchestrator.execute(EngineExecutionOrchestrator.java:88)
	at org.junit.platform.launcher.core.EngineExecutionOrchestrator.lambda$execute$0(EngineExecutionOrchestrator.java:54)
	at org.junit.platform.launcher.core.EngineExecutionOrchestrator.withInterceptedStreams(EngineExecutionOrchestrator.java:67)
	at org.junit.platform.launcher.core.EngineExecutionOrchestrator.execute(EngineExecutionOrchestrator.java:52)
	at org.junit.platform.launcher.core.DefaultLauncher.execute(DefaultLauncher.java:114)
	at org.junit.platform.launcher.core.DefaultLauncher.execute(DefaultLauncher.java:86)
	at org.junit.platform.launcher.core.DefaultLauncherSession$DelegatingLauncher.execute(DefaultLauncherSession.java:86)
	at org.junit.platform.launcher.core.SessionPerRequestLauncher.execute(SessionPerRequestLauncher.java:53)
	at org.apache.maven.surefire.junitplatform.JUnitPlatformProvider.execute(JUnitPlatformProvider.java:188)
	at org.apache.maven.surefire.junitplatform.JUnitPlatformProvider.invokeAllTests(JUnitPlatformProvider.java:154)
	at org.apache.maven.surefire.junitplatform.JUnitPlatformProvider.invoke(JUnitPlatformProvider.java:124)
	at org.apache.maven.surefire.booter.ForkedBooter.runSuitesInProcess(ForkedBooter.java:428)
	at org.apache.maven.surefire.booter.ForkedBooter.execute(ForkedBooter.java:162)
	at org.apache.maven.surefire.booter.ForkedBooter.run(ForkedBooter.java:562)
	at org.apache.maven.surefire.booter.ForkedBooter.main(ForkedBooter.java:548)
]]></error>
    <system-out><![CDATA[2023-09-07 14:19:57,449 [main] INFO  net.NodeSchemaLoader (NodeSchemaLoader.java:loadSchemaFromFile(129)) - Loading schema from [file:/home/runner/work/ozone/ozone/hadoop-hdds/common/target/classes/network-topology-default.xml]
2023-09-07 14:19:57,449 [main] INFO  net.NodeSchemaLoader (NodeSchemaLoader.java:loadSchema(176)) - Loading network topology layer schema file
2023-09-07 14:19:57,458 [main] INFO  net.NetworkTopologyImpl (NetworkTopologyImpl.java:add(112)) - Added a new node: /default-rack/e0597a3d-0ed1-429b-a55f-226017a914a9
2023-09-07 14:19:57,459 [main] INFO  net.NetworkTopologyImpl (NetworkTopologyImpl.java:add(112)) - Added a new node: /default-rack/955173c9-71a2-4a28-a4a4-9bbccb122a2a
2023-09-07 14:19:57,459 [main] INFO  net.NetworkTopologyImpl (NetworkTopologyImpl.java:add(112)) - Added a new node: /default-rack/7cc4d813-28e1-4a8c-b9b5-1a28727fe77b
2023-09-07 14:19:57,459 [main] INFO  net.NetworkTopologyImpl (NetworkTopologyImpl.java:add(112)) - Added a new node: /default-rack/983b596f-5759-48b4-8fb3-8b5b5e9ba479
2023-09-07 14:19:57,460 [main] INFO  net.NetworkTopologyImpl (NetworkTopologyImpl.java:add(112)) - Added a new node: /default-rack/4fa70a7d-0444-48d7-b310-e9fc09a8a13b
2023-09-07 14:19:57,460 [main] INFO  net.NetworkTopologyImpl (NetworkTopologyImpl.java:add(112)) - Added a new node: /default-rack/b1c388c6-2b4b-4e15-b637-756ffaa8ad81
2023-09-07 14:19:57,460 [main] INFO  net.NetworkTopologyImpl (NetworkTopologyImpl.java:add(112)) - Added a new node: /default-rack/65a13c0a-a4b2-4826-8a6d-538023d1f7b9
2023-09-07 14:19:57,460 [main] INFO  net.NetworkTopologyImpl (NetworkTopologyImpl.java:add(112)) - Added a new node: /default-rack/d8ed43d2-2c85-4582-8bce-c0653fc437ec
2023-09-07 14:19:57,460 [main] INFO  net.NetworkTopologyImpl (NetworkTopologyImpl.java:add(112)) - Added a new node: /default-rack/082729ff-9cc1-4ccd-a3b6-d3b3b275b9b9
2023-09-07 14:19:57,460 [main] INFO  net.NetworkTopologyImpl (NetworkTopologyImpl.java:add(112)) - Added a new node: /default-rack/464b44c1-5b85-4b9e-9882-884d5d1e873d
2023-09-07 14:19:57,460 [main] INFO  algorithms.ContainerPlacementPolicyFactory (ContainerPlacementPolicyFactory.java:getPolicyInternal(86)) - Create container placement policy of type org.apache.hadoop.hdds.scm.container.placement.algorithms.SCMContainerPlacementRackAware
2023-09-07 14:19:57,460 [main] INFO  algorithms.ContainerPlacementPolicyFactory (ContainerPlacementPolicyFactory.java:getPolicyInternal(86)) - Create container placement policy of type org.apache.hadoop.hdds.scm.container.placement.algorithms.SCMContainerPlacementRackScatter
2023-09-07 14:19:57,495 [Thread-23] INFO  balancer.ContainerBalancerTask (ContainerBalancerTask.java:run(175)) - ContainerBalancer will sleep for 10 seconds before starting balancing.
]]></system-out>
  </testcase>
  <testcase name="checkIterationResultException" classname="org.apache.hadoop.hdds.scm.container.balancer.TestContainerBalancerTask" time="0.093">
    <system-out><![CDATA[2023-09-07 14:19:57,554 [main] INFO  net.NodeSchemaLoader (NodeSchemaLoader.java:loadSchemaFromFile(129)) - Loading schema from [file:/home/runner/work/ozone/ozone/hadoop-hdds/common/target/classes/network-topology-default.xml]
2023-09-07 14:19:57,554 [main] INFO  net.NodeSchemaLoader (NodeSchemaLoader.java:loadSchema(176)) - Loading network topology layer schema file
2023-09-07 14:19:57,556 [main] INFO  net.NetworkTopologyImpl (NetworkTopologyImpl.java:add(112)) - Added a new node: /default-rack/6879541d-2385-4b20-9764-c65ad8453ffa
2023-09-07 14:19:57,557 [main] INFO  net.NetworkTopologyImpl (NetworkTopologyImpl.java:add(112)) - Added a new node: /default-rack/0ecee0c4-4ea0-464c-97a0-e34ce40310e8
2023-09-07 14:19:57,557 [main] INFO  net.NetworkTopologyImpl (NetworkTopologyImpl.java:add(112)) - Added a new node: /default-rack/4ccf98f8-3eed-4e98-a6f9-098faab76661
2023-09-07 14:19:57,557 [main] INFO  net.NetworkTopologyImpl (NetworkTopologyImpl.java:add(112)) - Added a new node: /default-rack/984af2a9-da99-4d74-933b-5d81121142f6
2023-09-07 14:19:57,557 [main] INFO  net.NetworkTopologyImpl (NetworkTopologyImpl.java:add(112)) - Added a new node: /default-rack/3179cd1c-aed8-4092-9ffb-266abbf39a7e
2023-09-07 14:19:57,557 [main] INFO  net.NetworkTopologyImpl (NetworkTopologyImpl.java:add(112)) - Added a new node: /default-rack/b3f1d699-c739-4628-983c-1f6b425dd555
2023-09-07 14:19:57,557 [main] INFO  net.NetworkTopologyImpl (NetworkTopologyImpl.java:add(112)) - Added a new node: /default-rack/31d18af4-1da0-4598-8ad4-c4c918bd91c5
2023-09-07 14:19:57,557 [main] INFO  net.NetworkTopologyImpl (NetworkTopologyImpl.java:add(112)) - Added a new node: /default-rack/7ae5d5d8-6dfc-4730-9ff7-a6b35c1e6711
2023-09-07 14:19:57,557 [main] INFO  net.NetworkTopologyImpl (NetworkTopologyImpl.java:add(112)) - Added a new node: /default-rack/8f77b923-64d9-4151-ba99-6abdc8f27716
2023-09-07 14:19:57,557 [main] INFO  net.NetworkTopologyImpl (NetworkTopologyImpl.java:add(112)) - Added a new node: /default-rack/836e7081-6b1a-41ff-8237-6b09ab1f71d5
2023-09-07 14:19:57,558 [main] INFO  algorithms.ContainerPlacementPolicyFactory (ContainerPlacementPolicyFactory.java:getPolicyInternal(86)) - Create container placement policy of type org.apache.hadoop.hdds.scm.container.placement.algorithms.SCMContainerPlacementRackAware
2023-09-07 14:19:57,558 [main] INFO  algorithms.ContainerPlacementPolicyFactory (ContainerPlacementPolicyFactory.java:getPolicyInternal(86)) - Create container placement policy of type org.apache.hadoop.hdds.scm.container.placement.algorithms.SCMContainerPlacementRackScatter
2023-09-07 14:19:57,573 [main] DEBUG balancer.ContainerBalancerTask (ContainerBalancerTask.java:initializeIteration(374)) - Average utilization of the cluster is 0.35578105093816675
2023-09-07 14:19:57,573 [main] DEBUG balancer.ContainerBalancerTask (ContainerBalancerTask.java:initializeIteration(386)) - Lower limit for utilization is 0.2557810509381667 and Upper limit for utilization is 0.4557810509381668
2023-09-07 14:19:57,573 [main] DEBUG balancer.ContainerBalancerTask (ContainerBalancerTask.java:initializeIteration(398)) - Utilization for node 4ccf98f8-3eed-4e98-a6f9-098faab76661 with capacity 60845370026B, used 54760833024B, and remaining 6084537002B is 0.900000000009861
2023-09-07 14:19:57,573 [main] DEBUG balancer.ContainerBalancerTask (ContainerBalancerTask.java:initializeIteration(398)) - Utilization for node b3f1d699-c739-4628-983c-1f6b425dd555 with capacity 77846282240B, used 62277025792B, and remaining 15569256448B is 0.8
2023-09-07 14:19:57,573 [main] DEBUG balancer.ContainerBalancerTask (ContainerBalancerTask.java:initializeIteration(398)) - Utilization for node 31d18af4-1da0-4598-8ad4-c4c918bd91c5 with capacity 76695844571B, used 53687091200B, and remaining 23008753371B is 0.7000000000039116
2023-09-07 14:19:57,573 [main] DEBUG balancer.ContainerBalancerTask (ContainerBalancerTask.java:initializeIteration(398)) - Utilization for node 3179cd1c-aed8-4092-9ffb-266abbf39a7e with capacity 78741067093B, used 47244640256B, and remaining 31496426837B is 0.60000000000254
2023-09-07 14:19:57,574 [main] DEBUG balancer.ContainerBalancerTask (ContainerBalancerTask.java:initializeIteration(398)) - Utilization for node 0ecee0c4-4ea0-464c-97a0-e34ce40310e8 with capacity 73014444032B, used 36507222016B, and remaining 36507222016B is 0.5
2023-09-07 14:19:57,574 [main] DEBUG balancer.ContainerBalancerTask (ContainerBalancerTask.java:initializeIteration(398)) - Utilization for node 6879541d-2385-4b20-9764-c65ad8453ffa with capacity 107374182400B, used 42949672960B, and remaining 64424509440B is 0.4
2023-09-07 14:19:57,574 [main] DEBUG balancer.ContainerBalancerTask (ContainerBalancerTask.java:initializeIteration(398)) - Utilization for node 984af2a9-da99-4d74-933b-5d81121142f6 with capacity 143165576533B, used 42949672960B, and remaining 100215903573B is 0.3000000000006985
2023-09-07 14:19:57,574 [main] DEBUG balancer.ContainerBalancerTask (ContainerBalancerTask.java:initializeIteration(398)) - Utilization for node 8f77b923-64d9-4151-ba99-6abdc8f27716 with capacity 155692564480B, used 31138512896B, and remaining 124554051584B is 0.2
2023-09-07 14:19:57,574 [main] DEBUG balancer.ContainerBalancerTask (ContainerBalancerTask.java:initializeIteration(398)) - Utilization for node 7ae5d5d8-6dfc-4730-9ff7-a6b35c1e6711 with capacity 354334801920B, used 35433480192B, and remaining 318901321728B is 0.1
2023-09-07 14:19:57,574 [main] DEBUG balancer.ContainerBalancerTask (ContainerBalancerTask.java:initializeIteration(398)) - Utilization for node 836e7081-6b1a-41ff-8237-6b09ab1f71d5 with capacity 16106127360B, used 0B, and remaining 16106127360B is 0.0
2023-09-07 14:19:57,574 [main] INFO  balancer.ContainerBalancerTask (ContainerBalancerTask.java:initializeIteration(447)) - Container Balancer has identified 5 Over-Utilized and 3 Under-Utilized Datanodes that need to be balanced.
2023-09-07 14:19:57,574 [main] DEBUG balancer.ContainerBalancerTask (ContainerBalancerTask.java:lambda$initializeIteration$1(453)) - Datanode localhost-113.23.156.70 4ccf98f8-3eed-4e98-a6f9-098faab76661 is Over-Utilized.
2023-09-07 14:19:57,574 [main] DEBUG balancer.ContainerBalancerTask (ContainerBalancerTask.java:lambda$initializeIteration$1(453)) - Datanode localhost-6.120.225.46 b3f1d699-c739-4628-983c-1f6b425dd555 is Over-Utilized.
2023-09-07 14:19:57,574 [main] DEBUG balancer.ContainerBalancerTask (ContainerBalancerTask.java:lambda$initializeIteration$1(453)) - Datanode localhost-67.112.157.126 31d18af4-1da0-4598-8ad4-c4c918bd91c5 is Over-Utilized.
2023-09-07 14:19:57,574 [main] DEBUG balancer.ContainerBalancerTask (ContainerBalancerTask.java:lambda$initializeIteration$1(453)) - Datanode localhost-193.72.81.50 3179cd1c-aed8-4092-9ffb-266abbf39a7e is Over-Utilized.
2023-09-07 14:19:57,575 [main] DEBUG balancer.ContainerBalancerTask (ContainerBalancerTask.java:lambda$initializeIteration$1(453)) - Datanode localhost-179.251.255.133 0ecee0c4-4ea0-464c-97a0-e34ce40310e8 is Over-Utilized.
2023-09-07 14:19:57,575 [main] DEBUG balancer.ContainerBalancerTask (ContainerBalancerTask.java:lambda$initializeIteration$2(459)) - Datanode localhost-15.58.84.174 836e7081-6b1a-41ff-8237-6b09ab1f71d5 is Under-Utilized.
2023-09-07 14:19:57,575 [main] DEBUG balancer.ContainerBalancerTask (ContainerBalancerTask.java:lambda$initializeIteration$2(459)) - Datanode localhost-245.157.251.151 7ae5d5d8-6dfc-4730-9ff7-a6b35c1e6711 is Under-Utilized.
2023-09-07 14:19:57,575 [main] DEBUG balancer.ContainerBalancerTask (ContainerBalancerTask.java:lambda$initializeIteration$2(459)) - Datanode localhost-231.18.172.195 8f77b923-64d9-4151-ba99-6abdc8f27716 is Under-Utilized.
2023-09-07 14:19:57,577 [main] DEBUG balancer.ContainerBalancerTask (ContainerBalancerTask.java:matchSourceWithTarget(708)) - ContainerBalancer is finding suitable target for source datanode 4ccf98f8-3eed-4e98-a6f9-098faab76661
2023-09-07 14:19:57,577 [main] INFO  balancer.ContainerBalancerTask (ContainerBalancerTask.java:matchSourceWithTarget(722)) - ContainerBalancer matched source datanode 4ccf98f8-3eed-4e98-a6f9-098faab76661 with target datanode 836e7081-6b1a-41ff-8237-6b09ab1f71d5 for container move.
2023-09-07 14:19:57,578 [main] INFO  balancer.ContainerBalancerTask (ContainerBalancerTask.java:processMoveSelection(569)) - ContainerBalancer is trying to move container #68 with size 5368709120B from source datanode 4ccf98f8-3eed-4e98-a6f9-098faab76661 to target datanode 836e7081-6b1a-41ff-8237-6b09ab1f71d5
2023-09-07 14:19:57,578 [main] INFO  balancer.ContainerBalancerTask (ContainerBalancerTask.java:lambda$moveContainer$3(827)) - Container move for container #68 from source 4ccf98f8-3eed-4e98-a6f9-098faab76661 to target 836e7081-6b1a-41ff-8237-6b09ab1f71d5 failed with exceptions.
java.util.concurrent.CompletionException: java.lang.RuntimeException: Runtime Exception after doing work
	at java.util.concurrent.CompletableFuture.encodeThrowable(CompletableFuture.java:273)
	at java.util.concurrent.CompletableFuture.completeThrowable(CompletableFuture.java:280)
	at java.util.concurrent.CompletableFuture$AsyncSupply.run(CompletableFuture.java:1606)
	at java.lang.Thread.run(Thread.java:750)
Caused by: java.lang.RuntimeException: Runtime Exception after doing work
	at org.apache.hadoop.hdds.scm.container.balancer.TestContainerBalancerTask.lambda$checkIterationResultException$10(TestContainerBalancerTask.java:1011)
	at java.util.concurrent.CompletableFuture$AsyncSupply.run(CompletableFuture.java:1604)
	... 1 more
2023-09-07 14:19:57,581 [main] DEBUG balancer.ContainerBalancerTask (ContainerBalancerTask.java:matchSourceWithTarget(708)) - ContainerBalancer is finding suitable target for source datanode b3f1d699-c739-4628-983c-1f6b425dd555
2023-09-07 14:19:57,582 [main] INFO  balancer.ContainerBalancerTask (ContainerBalancerTask.java:matchSourceWithTarget(722)) - ContainerBalancer matched source datanode b3f1d699-c739-4628-983c-1f6b425dd555 with target datanode 836e7081-6b1a-41ff-8237-6b09ab1f71d5 for container move.
2023-09-07 14:19:57,582 [main] INFO  balancer.ContainerBalancerTask (ContainerBalancerTask.java:processMoveSelection(569)) - ContainerBalancer is trying to move container #68 with size 5368709120B from source datanode b3f1d699-c739-4628-983c-1f6b425dd555 to target datanode 836e7081-6b1a-41ff-8237-6b09ab1f71d5
2023-09-07 14:19:57,582 [main] WARN  balancer.ContainerBalancerTask (ContainerBalancerTask.java:moveContainer(851)) - Could not find Container #68 for container move
org.apache.hadoop.hdds.scm.container.ContainerNotFoundException: Test Container not found
	at org.apache.hadoop.hdds.scm.container.replication.ReplicationManager.move(ReplicationManager.java:1431)
	at org.apache.hadoop.hdds.scm.container.balancer.ContainerBalancerTask.moveContainer(ContainerBalancerTask.java:817)
	at org.apache.hadoop.hdds.scm.container.balancer.ContainerBalancerTask.processMoveSelection(ContainerBalancerTask.java:576)
	at org.apache.hadoop.hdds.scm.container.balancer.ContainerBalancerTask.doIteration(ContainerBalancerTask.java:534)
	at org.apache.hadoop.hdds.scm.container.balancer.ContainerBalancerTask.balance(ContainerBalancerTask.java:257)
	at org.apache.hadoop.hdds.scm.container.balancer.ContainerBalancerTask.run(ContainerBalancerTask.java:179)
	at org.apache.hadoop.hdds.scm.container.balancer.TestContainerBalancerTask.startBalancer(TestContainerBalancerTask.java:1321)
	at org.apache.hadoop.hdds.scm.container.balancer.TestContainerBalancerTask.checkIterationResultException(TestContainerBalancerTask.java:1024)
	at sun.reflect.NativeMethodAccessorImpl.invoke0(Native Method)
	at sun.reflect.NativeMethodAccessorImpl.invoke(NativeMethodAccessorImpl.java:62)
	at sun.reflect.DelegatingMethodAccessorImpl.invoke(DelegatingMethodAccessorImpl.java:43)
	at java.lang.reflect.Method.invoke(Method.java:498)
	at org.junit.platform.commons.util.ReflectionUtils.invokeMethod(ReflectionUtils.java:725)
	at org.junit.jupiter.engine.execution.MethodInvocation.proceed(MethodInvocation.java:60)
	at org.junit.jupiter.engine.execution.InvocationInterceptorChain$ValidatingInvocation.proceed(InvocationInterceptorChain.java:131)
	at org.junit.jupiter.engine.extension.TimeoutExtension.intercept(TimeoutExtension.java:149)
	at org.junit.jupiter.engine.extension.TimeoutExtension.interceptTestableMethod(TimeoutExtension.java:140)
	at org.junit.jupiter.engine.extension.TimeoutExtension.interceptTestMethod(TimeoutExtension.java:84)
	at org.junit.jupiter.engine.execution.ExecutableInvoker$ReflectiveInterceptorCall.lambda$ofVoidMethod$0(ExecutableInvoker.java:115)
	at org.junit.jupiter.engine.execution.ExecutableInvoker.lambda$invoke$0(ExecutableInvoker.java:105)
	at org.junit.jupiter.engine.execution.InvocationInterceptorChain$InterceptedInvocation.proceed(InvocationInterceptorChain.java:106)
	at org.junit.jupiter.engine.execution.InvocationInterceptorChain.proceed(InvocationInterceptorChain.java:64)
	at org.junit.jupiter.engine.execution.InvocationInterceptorChain.chainAndInvoke(InvocationInterceptorChain.java:45)
	at org.junit.jupiter.engine.execution.InvocationInterceptorChain.invoke(InvocationInterceptorChain.java:37)
	at org.junit.jupiter.engine.execution.ExecutableInvoker.invoke(ExecutableInvoker.java:104)
	at org.junit.jupiter.engine.execution.ExecutableInvoker.invoke(ExecutableInvoker.java:98)
	at org.junit.jupiter.engine.descriptor.TestMethodTestDescriptor.lambda$invokeTestMethod$7(TestMethodTestDescriptor.java:214)
	at org.junit.platform.engine.support.hierarchical.ThrowableCollector.execute(ThrowableCollector.java:73)
	at org.junit.jupiter.engine.descriptor.TestMethodTestDescriptor.invokeTestMethod(TestMethodTestDescriptor.java:210)
	at org.junit.jupiter.engine.descriptor.TestMethodTestDescriptor.execute(TestMethodTestDescriptor.java:135)
	at org.junit.jupiter.engine.descriptor.TestMethodTestDescriptor.execute(TestMethodTestDescriptor.java:66)
	at org.junit.platform.engine.support.hierarchical.NodeTestTask.lambda$executeRecursively$6(NodeTestTask.java:151)
	at org.junit.platform.engine.support.hierarchical.ThrowableCollector.execute(ThrowableCollector.java:73)
	at org.junit.platform.engine.support.hierarchical.NodeTestTask.lambda$executeRecursively$8(NodeTestTask.java:141)
	at org.junit.platform.engine.support.hierarchical.Node.around(Node.java:137)
	at org.junit.platform.engine.support.hierarchical.NodeTestTask.lambda$executeRecursively$9(NodeTestTask.java:139)
	at org.junit.platform.engine.support.hierarchical.ThrowableCollector.execute(ThrowableCollector.java:73)
	at org.junit.platform.engine.support.hierarchical.NodeTestTask.executeRecursively(NodeTestTask.java:138)
	at org.junit.platform.engine.support.hierarchical.NodeTestTask.execute(NodeTestTask.java:95)
	at java.util.ArrayList.forEach(ArrayList.java:1259)
	at org.junit.platform.engine.support.hierarchical.SameThreadHierarchicalTestExecutorService.invokeAll(SameThreadHierarchicalTestExecutorService.java:41)
	at org.junit.platform.engine.support.hierarchical.NodeTestTask.lambda$executeRecursively$6(NodeTestTask.java:155)
	at org.junit.platform.engine.support.hierarchical.ThrowableCollector.execute(ThrowableCollector.java:73)
	at org.junit.platform.engine.support.hierarchical.NodeTestTask.lambda$executeRecursively$8(NodeTestTask.java:141)
	at org.junit.platform.engine.support.hierarchical.Node.around(Node.java:137)
	at org.junit.platform.engine.support.hierarchical.NodeTestTask.lambda$executeRecursively$9(NodeTestTask.java:139)
	at org.junit.platform.engine.support.hierarchical.ThrowableCollector.execute(ThrowableCollector.java:73)
	at org.junit.platform.engine.support.hierarchical.NodeTestTask.executeRecursively(NodeTestTask.java:138)
	at org.junit.platform.engine.support.hierarchical.NodeTestTask.execute(NodeTestTask.java:95)
	at java.util.ArrayList.forEach(ArrayList.java:1259)
	at org.junit.platform.engine.support.hierarchical.SameThreadHierarchicalTestExecutorService.invokeAll(SameThreadHierarchicalTestExecutorService.java:41)
	at org.junit.platform.engine.support.hierarchical.NodeTestTask.lambda$executeRecursively$6(NodeTestTask.java:155)
	at org.junit.platform.engine.support.hierarchical.ThrowableCollector.execute(ThrowableCollector.java:73)
	at org.junit.platform.engine.support.hierarchical.NodeTestTask.lambda$executeRecursively$8(NodeTestTask.java:141)
	at org.junit.platform.engine.support.hierarchical.Node.around(Node.java:137)
	at org.junit.platform.engine.support.hierarchical.NodeTestTask.lambda$executeRecursively$9(NodeTestTask.java:139)
	at org.junit.platform.engine.support.hierarchical.ThrowableCollector.execute(ThrowableCollector.java:73)
	at org.junit.platform.engine.support.hierarchical.NodeTestTask.executeRecursively(NodeTestTask.java:138)
	at org.junit.platform.engine.support.hierarchical.NodeTestTask.execute(NodeTestTask.java:95)
	at org.junit.platform.engine.support.hierarchical.SameThreadHierarchicalTestExecutorService.submit(SameThreadHierarchicalTestExecutorService.java:35)
	at org.junit.platform.engine.support.hierarchical.HierarchicalTestExecutor.execute(HierarchicalTestExecutor.java:57)
	at org.junit.platform.engine.support.hierarchical.HierarchicalTestEngine.execute(HierarchicalTestEngine.java:54)
	at org.junit.platform.launcher.core.EngineExecutionOrchestrator.execute(EngineExecutionOrchestrator.java:107)
	at org.junit.platform.launcher.core.EngineExecutionOrchestrator.execute(EngineExecutionOrchestrator.java:88)
	at org.junit.platform.launcher.core.EngineExecutionOrchestrator.lambda$execute$0(EngineExecutionOrchestrator.java:54)
	at org.junit.platform.launcher.core.EngineExecutionOrchestrator.withInterceptedStreams(EngineExecutionOrchestrator.java:67)
	at org.junit.platform.launcher.core.EngineExecutionOrchestrator.execute(EngineExecutionOrchestrator.java:52)
	at org.junit.platform.launcher.core.DefaultLauncher.execute(DefaultLauncher.java:114)
	at org.junit.platform.launcher.core.DefaultLauncher.execute(DefaultLauncher.java:86)
	at org.junit.platform.launcher.core.DefaultLauncherSession$DelegatingLauncher.execute(DefaultLauncherSession.java:86)
	at org.junit.platform.launcher.core.SessionPerRequestLauncher.execute(SessionPerRequestLauncher.java:53)
	at org.apache.maven.surefire.junitplatform.JUnitPlatformProvider.execute(JUnitPlatformProvider.java:188)
	at org.apache.maven.surefire.junitplatform.JUnitPlatformProvider.invokeAllTests(JUnitPlatformProvider.java:154)
	at org.apache.maven.surefire.junitplatform.JUnitPlatformProvider.invoke(JUnitPlatformProvider.java:124)
	at org.apache.maven.surefire.booter.ForkedBooter.runSuitesInProcess(ForkedBooter.java:428)
	at org.apache.maven.surefire.booter.ForkedBooter.execute(ForkedBooter.java:162)
	at org.apache.maven.surefire.booter.ForkedBooter.run(ForkedBooter.java:562)
	at org.apache.maven.surefire.booter.ForkedBooter.main(ForkedBooter.java:548)
2023-09-07 14:19:57,585 [main] DEBUG balancer.ContainerBalancerTask (ContainerBalancerTask.java:matchSourceWithTarget(708)) - ContainerBalancer is finding suitable target for source datanode 31d18af4-1da0-4598-8ad4-c4c918bd91c5
2023-09-07 14:19:57,586 [main] INFO  balancer.ContainerBalancerTask (ContainerBalancerTask.java:matchSourceWithTarget(722)) - ContainerBalancer matched source datanode 31d18af4-1da0-4598-8ad4-c4c918bd91c5 with target datanode 836e7081-6b1a-41ff-8237-6b09ab1f71d5 for container move.
2023-09-07 14:19:57,586 [main] INFO  balancer.ContainerBalancerTask (ContainerBalancerTask.java:processMoveSelection(569)) - ContainerBalancer is trying to move container #52 with size 4294967296B from source datanode 31d18af4-1da0-4598-8ad4-c4c918bd91c5 to target datanode 836e7081-6b1a-41ff-8237-6b09ab1f71d5
2023-09-07 14:19:57,586 [main] INFO  balancer.ContainerBalancerTask (ContainerBalancerTask.java:lambda$moveContainer$3(827)) - Container move for container #52 from source 31d18af4-1da0-4598-8ad4-c4c918bd91c5 to target 836e7081-6b1a-41ff-8237-6b09ab1f71d5 failed with exceptions.
java.lang.RuntimeException: Runtime Exception
	at org.apache.hadoop.hdds.scm.container.balancer.TestContainerBalancerTask.checkIterationResultException(TestContainerBalancerTask.java:1002)
	at sun.reflect.NativeMethodAccessorImpl.invoke0(Native Method)
	at sun.reflect.NativeMethodAccessorImpl.invoke(NativeMethodAccessorImpl.java:62)
	at sun.reflect.DelegatingMethodAccessorImpl.invoke(DelegatingMethodAccessorImpl.java:43)
	at java.lang.reflect.Method.invoke(Method.java:498)
	at org.junit.platform.commons.util.ReflectionUtils.invokeMethod(ReflectionUtils.java:725)
	at org.junit.jupiter.engine.execution.MethodInvocation.proceed(MethodInvocation.java:60)
	at org.junit.jupiter.engine.execution.InvocationInterceptorChain$ValidatingInvocation.proceed(InvocationInterceptorChain.java:131)
	at org.junit.jupiter.engine.extension.TimeoutExtension.intercept(TimeoutExtension.java:149)
	at org.junit.jupiter.engine.extension.TimeoutExtension.interceptTestableMethod(TimeoutExtension.java:140)
	at org.junit.jupiter.engine.extension.TimeoutExtension.interceptTestMethod(TimeoutExtension.java:84)
	at org.junit.jupiter.engine.execution.ExecutableInvoker$ReflectiveInterceptorCall.lambda$ofVoidMethod$0(ExecutableInvoker.java:115)
	at org.junit.jupiter.engine.execution.ExecutableInvoker.lambda$invoke$0(ExecutableInvoker.java:105)
	at org.junit.jupiter.engine.execution.InvocationInterceptorChain$InterceptedInvocation.proceed(InvocationInterceptorChain.java:106)
	at org.junit.jupiter.engine.execution.InvocationInterceptorChain.proceed(InvocationInterceptorChain.java:64)
	at org.junit.jupiter.engine.execution.InvocationInterceptorChain.chainAndInvoke(InvocationInterceptorChain.java:45)
	at org.junit.jupiter.engine.execution.InvocationInterceptorChain.invoke(InvocationInterceptorChain.java:37)
	at org.junit.jupiter.engine.execution.ExecutableInvoker.invoke(ExecutableInvoker.java:104)
	at org.junit.jupiter.engine.execution.ExecutableInvoker.invoke(ExecutableInvoker.java:98)
	at org.junit.jupiter.engine.descriptor.TestMethodTestDescriptor.lambda$invokeTestMethod$7(TestMethodTestDescriptor.java:214)
	at org.junit.platform.engine.support.hierarchical.ThrowableCollector.execute(ThrowableCollector.java:73)
	at org.junit.jupiter.engine.descriptor.TestMethodTestDescriptor.invokeTestMethod(TestMethodTestDescriptor.java:210)
	at org.junit.jupiter.engine.descriptor.TestMethodTestDescriptor.execute(TestMethodTestDescriptor.java:135)
	at org.junit.jupiter.engine.descriptor.TestMethodTestDescriptor.execute(TestMethodTestDescriptor.java:66)
	at org.junit.platform.engine.support.hierarchical.NodeTestTask.lambda$executeRecursively$6(NodeTestTask.java:151)
	at org.junit.platform.engine.support.hierarchical.ThrowableCollector.execute(ThrowableCollector.java:73)
	at org.junit.platform.engine.support.hierarchical.NodeTestTask.lambda$executeRecursively$8(NodeTestTask.java:141)
	at org.junit.platform.engine.support.hierarchical.Node.around(Node.java:137)
	at org.junit.platform.engine.support.hierarchical.NodeTestTask.lambda$executeRecursively$9(NodeTestTask.java:139)
	at org.junit.platform.engine.support.hierarchical.ThrowableCollector.execute(ThrowableCollector.java:73)
	at org.junit.platform.engine.support.hierarchical.NodeTestTask.executeRecursively(NodeTestTask.java:138)
	at org.junit.platform.engine.support.hierarchical.NodeTestTask.execute(NodeTestTask.java:95)
	at java.util.ArrayList.forEach(ArrayList.java:1259)
	at org.junit.platform.engine.support.hierarchical.SameThreadHierarchicalTestExecutorService.invokeAll(SameThreadHierarchicalTestExecutorService.java:41)
	at org.junit.platform.engine.support.hierarchical.NodeTestTask.lambda$executeRecursively$6(NodeTestTask.java:155)
	at org.junit.platform.engine.support.hierarchical.ThrowableCollector.execute(ThrowableCollector.java:73)
	at org.junit.platform.engine.support.hierarchical.NodeTestTask.lambda$executeRecursively$8(NodeTestTask.java:141)
	at org.junit.platform.engine.support.hierarchical.Node.around(Node.java:137)
	at org.junit.platform.engine.support.hierarchical.NodeTestTask.lambda$executeRecursively$9(NodeTestTask.java:139)
	at org.junit.platform.engine.support.hierarchical.ThrowableCollector.execute(ThrowableCollector.java:73)
	at org.junit.platform.engine.support.hierarchical.NodeTestTask.executeRecursively(NodeTestTask.java:138)
	at org.junit.platform.engine.support.hierarchical.NodeTestTask.execute(NodeTestTask.java:95)
	at java.util.ArrayList.forEach(ArrayList.java:1259)
	at org.junit.platform.engine.support.hierarchical.SameThreadHierarchicalTestExecutorService.invokeAll(SameThreadHierarchicalTestExecutorService.java:41)
	at org.junit.platform.engine.support.hierarchical.NodeTestTask.lambda$executeRecursively$6(NodeTestTask.java:155)
	at org.junit.platform.engine.support.hierarchical.ThrowableCollector.execute(ThrowableCollector.java:73)
	at org.junit.platform.engine.support.hierarchical.NodeTestTask.lambda$executeRecursively$8(NodeTestTask.java:141)
	at org.junit.platform.engine.support.hierarchical.Node.around(Node.java:137)
	at org.junit.platform.engine.support.hierarchical.NodeTestTask.lambda$executeRecursively$9(NodeTestTask.java:139)
	at org.junit.platform.engine.support.hierarchical.ThrowableCollector.execute(ThrowableCollector.java:73)
	at org.junit.platform.engine.support.hierarchical.NodeTestTask.executeRecursively(NodeTestTask.java:138)
	at org.junit.platform.engine.support.hierarchical.NodeTestTask.execute(NodeTestTask.java:95)
	at org.junit.platform.engine.support.hierarchical.SameThreadHierarchicalTestExecutorService.submit(SameThreadHierarchicalTestExecutorService.java:35)
	at org.junit.platform.engine.support.hierarchical.HierarchicalTestExecutor.execute(HierarchicalTestExecutor.java:57)
	at org.junit.platform.engine.support.hierarchical.HierarchicalTestEngine.execute(HierarchicalTestEngine.java:54)
	at org.junit.platform.launcher.core.EngineExecutionOrchestrator.execute(EngineExecutionOrchestrator.java:107)
	at org.junit.platform.launcher.core.EngineExecutionOrchestrator.execute(EngineExecutionOrchestrator.java:88)
	at org.junit.platform.launcher.core.EngineExecutionOrchestrator.lambda$execute$0(EngineExecutionOrchestrator.java:54)
	at org.junit.platform.launcher.core.EngineExecutionOrchestrator.withInterceptedStreams(EngineExecutionOrchestrator.java:67)
	at org.junit.platform.launcher.core.EngineExecutionOrchestrator.execute(EngineExecutionOrchestrator.java:52)
	at org.junit.platform.launcher.core.DefaultLauncher.execute(DefaultLauncher.java:114)
	at org.junit.platform.launcher.core.DefaultLauncher.execute(DefaultLauncher.java:86)
	at org.junit.platform.launcher.core.DefaultLauncherSession$DelegatingLauncher.execute(DefaultLauncherSession.java:86)
	at org.junit.platform.launcher.core.SessionPerRequestLauncher.execute(SessionPerRequestLauncher.java:53)
	at org.apache.maven.surefire.junitplatform.JUnitPlatformProvider.execute(JUnitPlatformProvider.java:188)
	at org.apache.maven.surefire.junitplatform.JUnitPlatformProvider.invokeAllTests(JUnitPlatformProvider.java:154)
	at org.apache.maven.surefire.junitplatform.JUnitPlatformProvider.invoke(JUnitPlatformProvider.java:124)
	at org.apache.maven.surefire.booter.ForkedBooter.runSuitesInProcess(ForkedBooter.java:428)
	at org.apache.maven.surefire.booter.ForkedBooter.execute(ForkedBooter.java:162)
	at org.apache.maven.surefire.booter.ForkedBooter.run(ForkedBooter.java:562)
	at org.apache.maven.surefire.booter.ForkedBooter.main(ForkedBooter.java:548)
2023-09-07 14:19:57,588 [main] DEBUG balancer.ContainerBalancerTask (ContainerBalancerTask.java:matchSourceWithTarget(708)) - ContainerBalancer is finding suitable target for source datanode 3179cd1c-aed8-4092-9ffb-266abbf39a7e
2023-09-07 14:19:57,589 [main] INFO  balancer.ContainerBalancerTask (ContainerBalancerTask.java:matchSourceWithTarget(722)) - ContainerBalancer matched source datanode 3179cd1c-aed8-4092-9ffb-266abbf39a7e with target datanode 836e7081-6b1a-41ff-8237-6b09ab1f71d5 for container move.
2023-09-07 14:19:57,589 [main] INFO  balancer.ContainerBalancerTask (ContainerBalancerTask.java:processMoveSelection(569)) - ContainerBalancer is trying to move container #40 with size 5368709120B from source datanode 3179cd1c-aed8-4092-9ffb-266abbf39a7e to target datanode 836e7081-6b1a-41ff-8237-6b09ab1f71d5
2023-09-07 14:19:57,589 [main] INFO  balancer.ContainerBalancerTask (ContainerBalancerTask.java:lambda$moveContainer$3(827)) - Container move for container #40 from source 3179cd1c-aed8-4092-9ffb-266abbf39a7e to target 836e7081-6b1a-41ff-8237-6b09ab1f71d5 failed with exceptions.
java.lang.RuntimeException: Runtime Exception
	at org.apache.hadoop.hdds.scm.container.balancer.TestContainerBalancerTask.checkIterationResultException(TestContainerBalancerTask.java:1002)
	at sun.reflect.NativeMethodAccessorImpl.invoke0(Native Method)
	at sun.reflect.NativeMethodAccessorImpl.invoke(NativeMethodAccessorImpl.java:62)
	at sun.reflect.DelegatingMethodAccessorImpl.invoke(DelegatingMethodAccessorImpl.java:43)
	at java.lang.reflect.Method.invoke(Method.java:498)
	at org.junit.platform.commons.util.ReflectionUtils.invokeMethod(ReflectionUtils.java:725)
	at org.junit.jupiter.engine.execution.MethodInvocation.proceed(MethodInvocation.java:60)
	at org.junit.jupiter.engine.execution.InvocationInterceptorChain$ValidatingInvocation.proceed(InvocationInterceptorChain.java:131)
	at org.junit.jupiter.engine.extension.TimeoutExtension.intercept(TimeoutExtension.java:149)
	at org.junit.jupiter.engine.extension.TimeoutExtension.interceptTestableMethod(TimeoutExtension.java:140)
	at org.junit.jupiter.engine.extension.TimeoutExtension.interceptTestMethod(TimeoutExtension.java:84)
	at org.junit.jupiter.engine.execution.ExecutableInvoker$ReflectiveInterceptorCall.lambda$ofVoidMethod$0(ExecutableInvoker.java:115)
	at org.junit.jupiter.engine.execution.ExecutableInvoker.lambda$invoke$0(ExecutableInvoker.java:105)
	at org.junit.jupiter.engine.execution.InvocationInterceptorChain$InterceptedInvocation.proceed(InvocationInterceptorChain.java:106)
	at org.junit.jupiter.engine.execution.InvocationInterceptorChain.proceed(InvocationInterceptorChain.java:64)
	at org.junit.jupiter.engine.execution.InvocationInterceptorChain.chainAndInvoke(InvocationInterceptorChain.java:45)
	at org.junit.jupiter.engine.execution.InvocationInterceptorChain.invoke(InvocationInterceptorChain.java:37)
	at org.junit.jupiter.engine.execution.ExecutableInvoker.invoke(ExecutableInvoker.java:104)
	at org.junit.jupiter.engine.execution.ExecutableInvoker.invoke(ExecutableInvoker.java:98)
	at org.junit.jupiter.engine.descriptor.TestMethodTestDescriptor.lambda$invokeTestMethod$7(TestMethodTestDescriptor.java:214)
	at org.junit.platform.engine.support.hierarchical.ThrowableCollector.execute(ThrowableCollector.java:73)
	at org.junit.jupiter.engine.descriptor.TestMethodTestDescriptor.invokeTestMethod(TestMethodTestDescriptor.java:210)
	at org.junit.jupiter.engine.descriptor.TestMethodTestDescriptor.execute(TestMethodTestDescriptor.java:135)
	at org.junit.jupiter.engine.descriptor.TestMethodTestDescriptor.execute(TestMethodTestDescriptor.java:66)
	at org.junit.platform.engine.support.hierarchical.NodeTestTask.lambda$executeRecursively$6(NodeTestTask.java:151)
	at org.junit.platform.engine.support.hierarchical.ThrowableCollector.execute(ThrowableCollector.java:73)
	at org.junit.platform.engine.support.hierarchical.NodeTestTask.lambda$executeRecursively$8(NodeTestTask.java:141)
	at org.junit.platform.engine.support.hierarchical.Node.around(Node.java:137)
	at org.junit.platform.engine.support.hierarchical.NodeTestTask.lambda$executeRecursively$9(NodeTestTask.java:139)
	at org.junit.platform.engine.support.hierarchical.ThrowableCollector.execute(ThrowableCollector.java:73)
	at org.junit.platform.engine.support.hierarchical.NodeTestTask.executeRecursively(NodeTestTask.java:138)
	at org.junit.platform.engine.support.hierarchical.NodeTestTask.execute(NodeTestTask.java:95)
	at java.util.ArrayList.forEach(ArrayList.java:1259)
	at org.junit.platform.engine.support.hierarchical.SameThreadHierarchicalTestExecutorService.invokeAll(SameThreadHierarchicalTestExecutorService.java:41)
	at org.junit.platform.engine.support.hierarchical.NodeTestTask.lambda$executeRecursively$6(NodeTestTask.java:155)
	at org.junit.platform.engine.support.hierarchical.ThrowableCollector.execute(ThrowableCollector.java:73)
	at org.junit.platform.engine.support.hierarchical.NodeTestTask.lambda$executeRecursively$8(NodeTestTask.java:141)
	at org.junit.platform.engine.support.hierarchical.Node.around(Node.java:137)
	at org.junit.platform.engine.support.hierarchical.NodeTestTask.lambda$executeRecursively$9(NodeTestTask.java:139)
	at org.junit.platform.engine.support.hierarchical.ThrowableCollector.execute(ThrowableCollector.java:73)
	at org.junit.platform.engine.support.hierarchical.NodeTestTask.executeRecursively(NodeTestTask.java:138)
	at org.junit.platform.engine.support.hierarchical.NodeTestTask.execute(NodeTestTask.java:95)
	at java.util.ArrayList.forEach(ArrayList.java:1259)
	at org.junit.platform.engine.support.hierarchical.SameThreadHierarchicalTestExecutorService.invokeAll(SameThreadHierarchicalTestExecutorService.java:41)
	at org.junit.platform.engine.support.hierarchical.NodeTestTask.lambda$executeRecursively$6(NodeTestTask.java:155)
	at org.junit.platform.engine.support.hierarchical.ThrowableCollector.execute(ThrowableCollector.java:73)
	at org.junit.platform.engine.support.hierarchical.NodeTestTask.lambda$executeRecursively$8(NodeTestTask.java:141)
	at org.junit.platform.engine.support.hierarchical.Node.around(Node.java:137)
	at org.junit.platform.engine.support.hierarchical.NodeTestTask.lambda$executeRecursively$9(NodeTestTask.java:139)
	at org.junit.platform.engine.support.hierarchical.ThrowableCollector.execute(ThrowableCollector.java:73)
	at org.junit.platform.engine.support.hierarchical.NodeTestTask.executeRecursively(NodeTestTask.java:138)
	at org.junit.platform.engine.support.hierarchical.NodeTestTask.execute(NodeTestTask.java:95)
	at org.junit.platform.engine.support.hierarchical.SameThreadHierarchicalTestExecutorService.submit(SameThreadHierarchicalTestExecutorService.java:35)
	at org.junit.platform.engine.support.hierarchical.HierarchicalTestExecutor.execute(HierarchicalTestExecutor.java:57)
	at org.junit.platform.engine.support.hierarchical.HierarchicalTestEngine.execute(HierarchicalTestEngine.java:54)
	at org.junit.platform.launcher.core.EngineExecutionOrchestrator.execute(EngineExecutionOrchestrator.java:107)
	at org.junit.platform.launcher.core.EngineExecutionOrchestrator.execute(EngineExecutionOrchestrator.java:88)
	at org.junit.platform.launcher.core.EngineExecutionOrchestrator.lambda$execute$0(EngineExecutionOrchestrator.java:54)
	at org.junit.platform.launcher.core.EngineExecutionOrchestrator.withInterceptedStreams(EngineExecutionOrchestrator.java:67)
	at org.junit.platform.launcher.core.EngineExecutionOrchestrator.execute(EngineExecutionOrchestrator.java:52)
	at org.junit.platform.launcher.core.DefaultLauncher.execute(DefaultLauncher.java:114)
	at org.junit.platform.launcher.core.DefaultLauncher.execute(DefaultLauncher.java:86)
	at org.junit.platform.launcher.core.DefaultLauncherSession$DelegatingLauncher.execute(DefaultLauncherSession.java:86)
	at org.junit.platform.launcher.core.SessionPerRequestLauncher.execute(SessionPerRequestLauncher.java:53)
	at org.apache.maven.surefire.junitplatform.JUnitPlatformProvider.execute(JUnitPlatformProvider.java:188)
	at org.apache.maven.surefire.junitplatform.JUnitPlatformProvider.invokeAllTests(JUnitPlatformProvider.java:154)
	at org.apache.maven.surefire.junitplatform.JUnitPlatformProvider.invoke(JUnitPlatformProvider.java:124)
	at org.apache.maven.surefire.booter.ForkedBooter.runSuitesInProcess(ForkedBooter.java:428)
	at org.apache.maven.surefire.booter.ForkedBooter.execute(ForkedBooter.java:162)
	at org.apache.maven.surefire.booter.ForkedBooter.run(ForkedBooter.java:562)
	at org.apache.maven.surefire.booter.ForkedBooter.main(ForkedBooter.java:548)
2023-09-07 14:19:57,591 [main] DEBUG balancer.ContainerBalancerTask (ContainerBalancerTask.java:matchSourceWithTarget(708)) - ContainerBalancer is finding suitable target for source datanode 0ecee0c4-4ea0-464c-97a0-e34ce40310e8
2023-09-07 14:19:57,591 [main] INFO  balancer.ContainerBalancerTask (ContainerBalancerTask.java:matchSourceWithTarget(722)) - ContainerBalancer matched source datanode 0ecee0c4-4ea0-464c-97a0-e34ce40310e8 with target datanode 836e7081-6b1a-41ff-8237-6b09ab1f71d5 for container move.
2023-09-07 14:19:57,591 [main] INFO  balancer.ContainerBalancerTask (ContainerBalancerTask.java:processMoveSelection(569)) - ContainerBalancer is trying to move container #28 with size 4294967296B from source datanode 0ecee0c4-4ea0-464c-97a0-e34ce40310e8 to target datanode 836e7081-6b1a-41ff-8237-6b09ab1f71d5
2023-09-07 14:19:57,591 [main] INFO  balancer.ContainerBalancerTask (ContainerBalancerTask.java:lambda$moveContainer$3(827)) - Container move for container #28 from source 0ecee0c4-4ea0-464c-97a0-e34ce40310e8 to target 836e7081-6b1a-41ff-8237-6b09ab1f71d5 failed with exceptions.
java.lang.RuntimeException: Runtime Exception
	at org.apache.hadoop.hdds.scm.container.balancer.TestContainerBalancerTask.checkIterationResultException(TestContainerBalancerTask.java:1002)
	at sun.reflect.NativeMethodAccessorImpl.invoke0(Native Method)
	at sun.reflect.NativeMethodAccessorImpl.invoke(NativeMethodAccessorImpl.java:62)
	at sun.reflect.DelegatingMethodAccessorImpl.invoke(DelegatingMethodAccessorImpl.java:43)
	at java.lang.reflect.Method.invoke(Method.java:498)
	at org.junit.platform.commons.util.ReflectionUtils.invokeMethod(ReflectionUtils.java:725)
	at org.junit.jupiter.engine.execution.MethodInvocation.proceed(MethodInvocation.java:60)
	at org.junit.jupiter.engine.execution.InvocationInterceptorChain$ValidatingInvocation.proceed(InvocationInterceptorChain.java:131)
	at org.junit.jupiter.engine.extension.TimeoutExtension.intercept(TimeoutExtension.java:149)
	at org.junit.jupiter.engine.extension.TimeoutExtension.interceptTestableMethod(TimeoutExtension.java:140)
	at org.junit.jupiter.engine.extension.TimeoutExtension.interceptTestMethod(TimeoutExtension.java:84)
	at org.junit.jupiter.engine.execution.ExecutableInvoker$ReflectiveInterceptorCall.lambda$ofVoidMethod$0(ExecutableInvoker.java:115)
	at org.junit.jupiter.engine.execution.ExecutableInvoker.lambda$invoke$0(ExecutableInvoker.java:105)
	at org.junit.jupiter.engine.execution.InvocationInterceptorChain$InterceptedInvocation.proceed(InvocationInterceptorChain.java:106)
	at org.junit.jupiter.engine.execution.InvocationInterceptorChain.proceed(InvocationInterceptorChain.java:64)
	at org.junit.jupiter.engine.execution.InvocationInterceptorChain.chainAndInvoke(InvocationInterceptorChain.java:45)
	at org.junit.jupiter.engine.execution.InvocationInterceptorChain.invoke(InvocationInterceptorChain.java:37)
	at org.junit.jupiter.engine.execution.ExecutableInvoker.invoke(ExecutableInvoker.java:104)
	at org.junit.jupiter.engine.execution.ExecutableInvoker.invoke(ExecutableInvoker.java:98)
	at org.junit.jupiter.engine.descriptor.TestMethodTestDescriptor.lambda$invokeTestMethod$7(TestMethodTestDescriptor.java:214)
	at org.junit.platform.engine.support.hierarchical.ThrowableCollector.execute(ThrowableCollector.java:73)
	at org.junit.jupiter.engine.descriptor.TestMethodTestDescriptor.invokeTestMethod(TestMethodTestDescriptor.java:210)
	at org.junit.jupiter.engine.descriptor.TestMethodTestDescriptor.execute(TestMethodTestDescriptor.java:135)
	at org.junit.jupiter.engine.descriptor.TestMethodTestDescriptor.execute(TestMethodTestDescriptor.java:66)
	at org.junit.platform.engine.support.hierarchical.NodeTestTask.lambda$executeRecursively$6(NodeTestTask.java:151)
	at org.junit.platform.engine.support.hierarchical.ThrowableCollector.execute(ThrowableCollector.java:73)
	at org.junit.platform.engine.support.hierarchical.NodeTestTask.lambda$executeRecursively$8(NodeTestTask.java:141)
	at org.junit.platform.engine.support.hierarchical.Node.around(Node.java:137)
	at org.junit.platform.engine.support.hierarchical.NodeTestTask.lambda$executeRecursively$9(NodeTestTask.java:139)
	at org.junit.platform.engine.support.hierarchical.ThrowableCollector.execute(ThrowableCollector.java:73)
	at org.junit.platform.engine.support.hierarchical.NodeTestTask.executeRecursively(NodeTestTask.java:138)
	at org.junit.platform.engine.support.hierarchical.NodeTestTask.execute(NodeTestTask.java:95)
	at java.util.ArrayList.forEach(ArrayList.java:1259)
	at org.junit.platform.engine.support.hierarchical.SameThreadHierarchicalTestExecutorService.invokeAll(SameThreadHierarchicalTestExecutorService.java:41)
	at org.junit.platform.engine.support.hierarchical.NodeTestTask.lambda$executeRecursively$6(NodeTestTask.java:155)
	at org.junit.platform.engine.support.hierarchical.ThrowableCollector.execute(ThrowableCollector.java:73)
	at org.junit.platform.engine.support.hierarchical.NodeTestTask.lambda$executeRecursively$8(NodeTestTask.java:141)
	at org.junit.platform.engine.support.hierarchical.Node.around(Node.java:137)
	at org.junit.platform.engine.support.hierarchical.NodeTestTask.lambda$executeRecursively$9(NodeTestTask.java:139)
	at org.junit.platform.engine.support.hierarchical.ThrowableCollector.execute(ThrowableCollector.java:73)
	at org.junit.platform.engine.support.hierarchical.NodeTestTask.executeRecursively(NodeTestTask.java:138)
	at org.junit.platform.engine.support.hierarchical.NodeTestTask.execute(NodeTestTask.java:95)
	at java.util.ArrayList.forEach(ArrayList.java:1259)
	at org.junit.platform.engine.support.hierarchical.SameThreadHierarchicalTestExecutorService.invokeAll(SameThreadHierarchicalTestExecutorService.java:41)
	at org.junit.platform.engine.support.hierarchical.NodeTestTask.lambda$executeRecursively$6(NodeTestTask.java:155)
	at org.junit.platform.engine.support.hierarchical.ThrowableCollector.execute(ThrowableCollector.java:73)
	at org.junit.platform.engine.support.hierarchical.NodeTestTask.lambda$executeRecursively$8(NodeTestTask.java:141)
	at org.junit.platform.engine.support.hierarchical.Node.around(Node.java:137)
	at org.junit.platform.engine.support.hierarchical.NodeTestTask.lambda$executeRecursively$9(NodeTestTask.java:139)
	at org.junit.platform.engine.support.hierarchical.ThrowableCollector.execute(ThrowableCollector.java:73)
	at org.junit.platform.engine.support.hierarchical.NodeTestTask.executeRecursively(NodeTestTask.java:138)
	at org.junit.platform.engine.support.hierarchical.NodeTestTask.execute(NodeTestTask.java:95)
	at org.junit.platform.engine.support.hierarchical.SameThreadHierarchicalTestExecutorService.submit(SameThreadHierarchicalTestExecutorService.java:35)
	at org.junit.platform.engine.support.hierarchical.HierarchicalTestExecutor.execute(HierarchicalTestExecutor.java:57)
	at org.junit.platform.engine.support.hierarchical.HierarchicalTestEngine.execute(HierarchicalTestEngine.java:54)
	at org.junit.platform.launcher.core.EngineExecutionOrchestrator.execute(EngineExecutionOrchestrator.java:107)
	at org.junit.platform.launcher.core.EngineExecutionOrchestrator.execute(EngineExecutionOrchestrator.java:88)
	at org.junit.platform.launcher.core.EngineExecutionOrchestrator.lambda$execute$0(EngineExecutionOrchestrator.java:54)
	at org.junit.platform.launcher.core.EngineExecutionOrchestrator.withInterceptedStreams(EngineExecutionOrchestrator.java:67)
	at org.junit.platform.launcher.core.EngineExecutionOrchestrator.execute(EngineExecutionOrchestrator.java:52)
	at org.junit.platform.launcher.core.DefaultLauncher.execute(DefaultLauncher.java:114)
	at org.junit.platform.launcher.core.DefaultLauncher.execute(DefaultLauncher.java:86)
	at org.junit.platform.launcher.core.DefaultLauncherSession$DelegatingLauncher.execute(DefaultLauncherSession.java:86)
	at org.junit.platform.launcher.core.SessionPerRequestLauncher.execute(SessionPerRequestLauncher.java:53)
	at org.apache.maven.surefire.junitplatform.JUnitPlatformProvider.execute(JUnitPlatformProvider.java:188)
	at org.apache.maven.surefire.junitplatform.JUnitPlatformProvider.invokeAllTests(JUnitPlatformProvider.java:154)
	at org.apache.maven.surefire.junitplatform.JUnitPlatformProvider.invoke(JUnitPlatformProvider.java:124)
	at org.apache.maven.surefire.booter.ForkedBooter.runSuitesInProcess(ForkedBooter.java:428)
	at org.apache.maven.surefire.booter.ForkedBooter.execute(ForkedBooter.java:162)
	at org.apache.maven.surefire.booter.ForkedBooter.run(ForkedBooter.java:562)
	at org.apache.maven.surefire.booter.ForkedBooter.main(ForkedBooter.java:548)
2023-09-07 14:19:57,592 [main] INFO  balancer.FindSourceGreedy (FindSourceGreedy.java:getNextCandidateSourceDataNode(126)) - no more candidate source data node
2023-09-07 14:19:57,592 [main] INFO  balancer.ContainerBalancerTask (ContainerBalancerTask.java:checkIterationMoveResults(642)) - Iteration Summary. Number of Datanodes involved: 0. Size moved: 0 B (0 Bytes). Number of Container moves completed: 0.
2023-09-07 14:19:57,592 [main] INFO  balancer.ContainerBalancerTask (ContainerBalancerTask.java:balance(259)) - Result of this iteration of Container Balancer: ITERATION_COMPLETED
2023-09-07 14:19:57,592 [main] INFO  balancer.ContainerBalancerTask (ContainerBalancerTask.java:tryStopWithSaveConfiguration(308)) - Save Configuration for stopping. Reason: Completed all iterations.
2023-09-07 14:19:57,594 [main] DEBUG balancer.ContainerBalancerTask (ContainerBalancerTask.java:initializeIteration(374)) - Average utilization of the cluster is 0.35578105093816675
2023-09-07 14:19:57,594 [main] DEBUG balancer.ContainerBalancerTask (ContainerBalancerTask.java:initializeIteration(386)) - Lower limit for utilization is 0.2557810509381667 and Upper limit for utilization is 0.4557810509381668
2023-09-07 14:19:57,594 [main] DEBUG balancer.ContainerBalancerTask (ContainerBalancerTask.java:initializeIteration(398)) - Utilization for node 4ccf98f8-3eed-4e98-a6f9-098faab76661 with capacity 60845370026B, used 54760833024B, and remaining 6084537002B is 0.900000000009861
2023-09-07 14:19:57,594 [main] DEBUG balancer.ContainerBalancerTask (ContainerBalancerTask.java:initializeIteration(398)) - Utilization for node b3f1d699-c739-4628-983c-1f6b425dd555 with capacity 77846282240B, used 62277025792B, and remaining 15569256448B is 0.8
2023-09-07 14:19:57,594 [main] DEBUG balancer.ContainerBalancerTask (ContainerBalancerTask.java:initializeIteration(398)) - Utilization for node 31d18af4-1da0-4598-8ad4-c4c918bd91c5 with capacity 76695844571B, used 53687091200B, and remaining 23008753371B is 0.7000000000039116
2023-09-07 14:19:57,594 [main] DEBUG balancer.ContainerBalancerTask (ContainerBalancerTask.java:initializeIteration(398)) - Utilization for node 3179cd1c-aed8-4092-9ffb-266abbf39a7e with capacity 78741067093B, used 47244640256B, and remaining 31496426837B is 0.60000000000254
2023-09-07 14:19:57,594 [main] DEBUG balancer.ContainerBalancerTask (ContainerBalancerTask.java:initializeIteration(398)) - Utilization for node 0ecee0c4-4ea0-464c-97a0-e34ce40310e8 with capacity 73014444032B, used 36507222016B, and remaining 36507222016B is 0.5
2023-09-07 14:19:57,594 [main] DEBUG balancer.ContainerBalancerTask (ContainerBalancerTask.java:initializeIteration(398)) - Utilization for node 6879541d-2385-4b20-9764-c65ad8453ffa with capacity 107374182400B, used 42949672960B, and remaining 64424509440B is 0.4
2023-09-07 14:19:57,595 [main] DEBUG balancer.ContainerBalancerTask (ContainerBalancerTask.java:initializeIteration(398)) - Utilization for node 984af2a9-da99-4d74-933b-5d81121142f6 with capacity 143165576533B, used 42949672960B, and remaining 100215903573B is 0.3000000000006985
2023-09-07 14:19:57,595 [main] DEBUG balancer.ContainerBalancerTask (ContainerBalancerTask.java:initializeIteration(398)) - Utilization for node 8f77b923-64d9-4151-ba99-6abdc8f27716 with capacity 155692564480B, used 31138512896B, and remaining 124554051584B is 0.2
2023-09-07 14:19:57,595 [main] DEBUG balancer.ContainerBalancerTask (ContainerBalancerTask.java:initializeIteration(398)) - Utilization for node 7ae5d5d8-6dfc-4730-9ff7-a6b35c1e6711 with capacity 354334801920B, used 35433480192B, and remaining 318901321728B is 0.1
2023-09-07 14:19:57,595 [main] DEBUG balancer.ContainerBalancerTask (ContainerBalancerTask.java:initializeIteration(398)) - Utilization for node 836e7081-6b1a-41ff-8237-6b09ab1f71d5 with capacity 16106127360B, used 0B, and remaining 16106127360B is 0.0
2023-09-07 14:19:57,595 [main] INFO  balancer.ContainerBalancerTask (ContainerBalancerTask.java:initializeIteration(447)) - Container Balancer has identified 5 Over-Utilized and 3 Under-Utilized Datanodes that need to be balanced.
2023-09-07 14:19:57,595 [main] DEBUG balancer.ContainerBalancerTask (ContainerBalancerTask.java:lambda$initializeIteration$1(453)) - Datanode localhost-113.23.156.70 4ccf98f8-3eed-4e98-a6f9-098faab76661 is Over-Utilized.
2023-09-07 14:19:57,595 [main] DEBUG balancer.ContainerBalancerTask (ContainerBalancerTask.java:lambda$initializeIteration$1(453)) - Datanode localhost-6.120.225.46 b3f1d699-c739-4628-983c-1f6b425dd555 is Over-Utilized.
2023-09-07 14:19:57,595 [main] DEBUG balancer.ContainerBalancerTask (ContainerBalancerTask.java:lambda$initializeIteration$1(453)) - Datanode localhost-67.112.157.126 31d18af4-1da0-4598-8ad4-c4c918bd91c5 is Over-Utilized.
2023-09-07 14:19:57,595 [main] DEBUG balancer.ContainerBalancerTask (ContainerBalancerTask.java:lambda$initializeIteration$1(453)) - Datanode localhost-193.72.81.50 3179cd1c-aed8-4092-9ffb-266abbf39a7e is Over-Utilized.
2023-09-07 14:19:57,595 [main] DEBUG balancer.ContainerBalancerTask (ContainerBalancerTask.java:lambda$initializeIteration$1(453)) - Datanode localhost-179.251.255.133 0ecee0c4-4ea0-464c-97a0-e34ce40310e8 is Over-Utilized.
2023-09-07 14:19:57,595 [main] DEBUG balancer.ContainerBalancerTask (ContainerBalancerTask.java:lambda$initializeIteration$2(459)) - Datanode localhost-15.58.84.174 836e7081-6b1a-41ff-8237-6b09ab1f71d5 is Under-Utilized.
2023-09-07 14:19:57,595 [main] DEBUG balancer.ContainerBalancerTask (ContainerBalancerTask.java:lambda$initializeIteration$2(459)) - Datanode localhost-245.157.251.151 7ae5d5d8-6dfc-4730-9ff7-a6b35c1e6711 is Under-Utilized.
2023-09-07 14:19:57,596 [main] DEBUG balancer.ContainerBalancerTask (ContainerBalancerTask.java:lambda$initializeIteration$2(459)) - Datanode localhost-231.18.172.195 8f77b923-64d9-4151-ba99-6abdc8f27716 is Under-Utilized.
2023-09-07 14:19:57,598 [main] DEBUG balancer.ContainerBalancerTask (ContainerBalancerTask.java:matchSourceWithTarget(708)) - ContainerBalancer is finding suitable target for source datanode 4ccf98f8-3eed-4e98-a6f9-098faab76661
2023-09-07 14:19:57,598 [main] INFO  balancer.ContainerBalancerTask (ContainerBalancerTask.java:matchSourceWithTarget(722)) - ContainerBalancer matched source datanode 4ccf98f8-3eed-4e98-a6f9-098faab76661 with target datanode 836e7081-6b1a-41ff-8237-6b09ab1f71d5 for container move.
2023-09-07 14:19:57,598 [main] INFO  balancer.ContainerBalancerTask (ContainerBalancerTask.java:processMoveSelection(569)) - ContainerBalancer is trying to move container #85 with size 5368709120B from source datanode 4ccf98f8-3eed-4e98-a6f9-098faab76661 to target datanode 836e7081-6b1a-41ff-8237-6b09ab1f71d5
2023-09-07 14:19:57,601 [main] DEBUG balancer.ContainerBalancerTask (ContainerBalancerTask.java:matchSourceWithTarget(708)) - ContainerBalancer is finding suitable target for source datanode 4ccf98f8-3eed-4e98-a6f9-098faab76661
2023-09-07 14:19:57,601 [main] INFO  balancer.ContainerBalancerTask (ContainerBalancerTask.java:matchSourceWithTarget(722)) - ContainerBalancer matched source datanode 4ccf98f8-3eed-4e98-a6f9-098faab76661 with target datanode 7ae5d5d8-6dfc-4730-9ff7-a6b35c1e6711 for container move.
2023-09-07 14:19:57,601 [main] INFO  balancer.ContainerBalancerTask (ContainerBalancerTask.java:processMoveSelection(569)) - ContainerBalancer is trying to move container #68 with size 5368709120B from source datanode 4ccf98f8-3eed-4e98-a6f9-098faab76661 to target datanode 7ae5d5d8-6dfc-4730-9ff7-a6b35c1e6711
2023-09-07 14:19:57,601 [Thread-25] INFO  balancer.ContainerBalancerTask (ContainerBalancerTask.java:lambda$moveContainer$3(827)) - Container move for container #85 from source 4ccf98f8-3eed-4e98-a6f9-098faab76661 to target 836e7081-6b1a-41ff-8237-6b09ab1f71d5 failed with exceptions.
java.util.concurrent.CompletionException: java.lang.RuntimeException: Runtime Exception after doing work
	at java.util.concurrent.CompletableFuture.encodeThrowable(CompletableFuture.java:273)
	at java.util.concurrent.CompletableFuture.completeThrowable(CompletableFuture.java:280)
	at java.util.concurrent.CompletableFuture$AsyncSupply.run(CompletableFuture.java:1606)
	at java.lang.Thread.run(Thread.java:750)
Caused by: java.lang.RuntimeException: Runtime Exception after doing work
	at org.apache.hadoop.hdds.scm.container.balancer.TestContainerBalancerTask.lambda$checkIterationResultException$11(TestContainerBalancerTask.java:1045)
	at java.util.concurrent.CompletableFuture$AsyncSupply.run(CompletableFuture.java:1604)
	... 1 more
2023-09-07 14:19:57,602 [main] WARN  balancer.ContainerBalancerTask (ContainerBalancerTask.java:moveContainer(851)) - Could not find Container #68 for container move
org.apache.hadoop.hdds.scm.container.ContainerNotFoundException: Test Container not found
	at org.apache.hadoop.hdds.scm.container.balancer.MoveManager.move(MoveManager.java:212)
	at org.apache.hadoop.hdds.scm.container.balancer.ContainerBalancerTask.moveContainer(ContainerBalancerTask.java:819)
	at org.apache.hadoop.hdds.scm.container.balancer.ContainerBalancerTask.processMoveSelection(ContainerBalancerTask.java:576)
	at org.apache.hadoop.hdds.scm.container.balancer.ContainerBalancerTask.doIteration(ContainerBalancerTask.java:534)
	at org.apache.hadoop.hdds.scm.container.balancer.ContainerBalancerTask.balance(ContainerBalancerTask.java:257)
	at org.apache.hadoop.hdds.scm.container.balancer.ContainerBalancerTask.run(ContainerBalancerTask.java:179)
	at org.apache.hadoop.hdds.scm.container.balancer.TestContainerBalancerTask.startBalancer(TestContainerBalancerTask.java:1321)
	at org.apache.hadoop.hdds.scm.container.balancer.TestContainerBalancerTask.checkIterationResultException(TestContainerBalancerTask.java:1051)
	at sun.reflect.NativeMethodAccessorImpl.invoke0(Native Method)
	at sun.reflect.NativeMethodAccessorImpl.invoke(NativeMethodAccessorImpl.java:62)
	at sun.reflect.DelegatingMethodAccessorImpl.invoke(DelegatingMethodAccessorImpl.java:43)
	at java.lang.reflect.Method.invoke(Method.java:498)
	at org.junit.platform.commons.util.ReflectionUtils.invokeMethod(ReflectionUtils.java:725)
	at org.junit.jupiter.engine.execution.MethodInvocation.proceed(MethodInvocation.java:60)
	at org.junit.jupiter.engine.execution.InvocationInterceptorChain$ValidatingInvocation.proceed(InvocationInterceptorChain.java:131)
	at org.junit.jupiter.engine.extension.TimeoutExtension.intercept(TimeoutExtension.java:149)
	at org.junit.jupiter.engine.extension.TimeoutExtension.interceptTestableMethod(TimeoutExtension.java:140)
	at org.junit.jupiter.engine.extension.TimeoutExtension.interceptTestMethod(TimeoutExtension.java:84)
	at org.junit.jupiter.engine.execution.ExecutableInvoker$ReflectiveInterceptorCall.lambda$ofVoidMethod$0(ExecutableInvoker.java:115)
	at org.junit.jupiter.engine.execution.ExecutableInvoker.lambda$invoke$0(ExecutableInvoker.java:105)
	at org.junit.jupiter.engine.execution.InvocationInterceptorChain$InterceptedInvocation.proceed(InvocationInterceptorChain.java:106)
	at org.junit.jupiter.engine.execution.InvocationInterceptorChain.proceed(InvocationInterceptorChain.java:64)
	at org.junit.jupiter.engine.execution.InvocationInterceptorChain.chainAndInvoke(InvocationInterceptorChain.java:45)
	at org.junit.jupiter.engine.execution.InvocationInterceptorChain.invoke(InvocationInterceptorChain.java:37)
	at org.junit.jupiter.engine.execution.ExecutableInvoker.invoke(ExecutableInvoker.java:104)
	at org.junit.jupiter.engine.execution.ExecutableInvoker.invoke(ExecutableInvoker.java:98)
	at org.junit.jupiter.engine.descriptor.TestMethodTestDescriptor.lambda$invokeTestMethod$7(TestMethodTestDescriptor.java:214)
	at org.junit.platform.engine.support.hierarchical.ThrowableCollector.execute(ThrowableCollector.java:73)
	at org.junit.jupiter.engine.descriptor.TestMethodTestDescriptor.invokeTestMethod(TestMethodTestDescriptor.java:210)
	at org.junit.jupiter.engine.descriptor.TestMethodTestDescriptor.execute(TestMethodTestDescriptor.java:135)
	at org.junit.jupiter.engine.descriptor.TestMethodTestDescriptor.execute(TestMethodTestDescriptor.java:66)
	at org.junit.platform.engine.support.hierarchical.NodeTestTask.lambda$executeRecursively$6(NodeTestTask.java:151)
	at org.junit.platform.engine.support.hierarchical.ThrowableCollector.execute(ThrowableCollector.java:73)
	at org.junit.platform.engine.support.hierarchical.NodeTestTask.lambda$executeRecursively$8(NodeTestTask.java:141)
	at org.junit.platform.engine.support.hierarchical.Node.around(Node.java:137)
	at org.junit.platform.engine.support.hierarchical.NodeTestTask.lambda$executeRecursively$9(NodeTestTask.java:139)
	at org.junit.platform.engine.support.hierarchical.ThrowableCollector.execute(ThrowableCollector.java:73)
	at org.junit.platform.engine.support.hierarchical.NodeTestTask.executeRecursively(NodeTestTask.java:138)
	at org.junit.platform.engine.support.hierarchical.NodeTestTask.execute(NodeTestTask.java:95)
	at java.util.ArrayList.forEach(ArrayList.java:1259)
	at org.junit.platform.engine.support.hierarchical.SameThreadHierarchicalTestExecutorService.invokeAll(SameThreadHierarchicalTestExecutorService.java:41)
	at org.junit.platform.engine.support.hierarchical.NodeTestTask.lambda$executeRecursively$6(NodeTestTask.java:155)
	at org.junit.platform.engine.support.hierarchical.ThrowableCollector.execute(ThrowableCollector.java:73)
	at org.junit.platform.engine.support.hierarchical.NodeTestTask.lambda$executeRecursively$8(NodeTestTask.java:141)
	at org.junit.platform.engine.support.hierarchical.Node.around(Node.java:137)
	at org.junit.platform.engine.support.hierarchical.NodeTestTask.lambda$executeRecursively$9(NodeTestTask.java:139)
	at org.junit.platform.engine.support.hierarchical.ThrowableCollector.execute(ThrowableCollector.java:73)
	at org.junit.platform.engine.support.hierarchical.NodeTestTask.executeRecursively(NodeTestTask.java:138)
	at org.junit.platform.engine.support.hierarchical.NodeTestTask.execute(NodeTestTask.java:95)
	at java.util.ArrayList.forEach(ArrayList.java:1259)
	at org.junit.platform.engine.support.hierarchical.SameThreadHierarchicalTestExecutorService.invokeAll(SameThreadHierarchicalTestExecutorService.java:41)
	at org.junit.platform.engine.support.hierarchical.NodeTestTask.lambda$executeRecursively$6(NodeTestTask.java:155)
	at org.junit.platform.engine.support.hierarchical.ThrowableCollector.execute(ThrowableCollector.java:73)
	at org.junit.platform.engine.support.hierarchical.NodeTestTask.lambda$executeRecursively$8(NodeTestTask.java:141)
	at org.junit.platform.engine.support.hierarchical.Node.around(Node.java:137)
	at org.junit.platform.engine.support.hierarchical.NodeTestTask.lambda$executeRecursively$9(NodeTestTask.java:139)
	at org.junit.platform.engine.support.hierarchical.ThrowableCollector.execute(ThrowableCollector.java:73)
	at org.junit.platform.engine.support.hierarchical.NodeTestTask.executeRecursively(NodeTestTask.java:138)
	at org.junit.platform.engine.support.hierarchical.NodeTestTask.execute(NodeTestTask.java:95)
	at org.junit.platform.engine.support.hierarchical.SameThreadHierarchicalTestExecutorService.submit(SameThreadHierarchicalTestExecutorService.java:35)
	at org.junit.platform.engine.support.hierarchical.HierarchicalTestExecutor.execute(HierarchicalTestExecutor.java:57)
	at org.junit.platform.engine.support.hierarchical.HierarchicalTestEngine.execute(HierarchicalTestEngine.java:54)
	at org.junit.platform.launcher.core.EngineExecutionOrchestrator.execute(EngineExecutionOrchestrator.java:107)
	at org.junit.platform.launcher.core.EngineExecutionOrchestrator.execute(EngineExecutionOrchestrator.java:88)
	at org.junit.platform.launcher.core.EngineExecutionOrchestrator.lambda$execute$0(EngineExecutionOrchestrator.java:54)
	at org.junit.platform.launcher.core.EngineExecutionOrchestrator.withInterceptedStreams(EngineExecutionOrchestrator.java:67)
	at org.junit.platform.launcher.core.EngineExecutionOrchestrator.execute(EngineExecutionOrchestrator.java:52)
	at org.junit.platform.launcher.core.DefaultLauncher.execute(DefaultLauncher.java:114)
	at org.junit.platform.launcher.core.DefaultLauncher.execute(DefaultLauncher.java:86)
	at org.junit.platform.launcher.core.DefaultLauncherSession$DelegatingLauncher.execute(DefaultLauncherSession.java:86)
	at org.junit.platform.launcher.core.SessionPerRequestLauncher.execute(SessionPerRequestLauncher.java:53)
	at org.apache.maven.surefire.junitplatform.JUnitPlatformProvider.execute(JUnitPlatformProvider.java:188)
	at org.apache.maven.surefire.junitplatform.JUnitPlatformProvider.invokeAllTests(JUnitPlatformProvider.java:154)
	at org.apache.maven.surefire.junitplatform.JUnitPlatformProvider.invoke(JUnitPlatformProvider.java:124)
	at org.apache.maven.surefire.booter.ForkedBooter.runSuitesInProcess(ForkedBooter.java:428)
	at org.apache.maven.surefire.booter.ForkedBooter.execute(ForkedBooter.java:162)
	at org.apache.maven.surefire.booter.ForkedBooter.run(ForkedBooter.java:562)
	at org.apache.maven.surefire.booter.ForkedBooter.main(ForkedBooter.java:548)
2023-09-07 14:19:57,605 [main] DEBUG balancer.ContainerBalancerTask (ContainerBalancerTask.java:matchSourceWithTarget(708)) - ContainerBalancer is finding suitable target for source datanode b3f1d699-c739-4628-983c-1f6b425dd555
2023-09-07 14:19:57,605 [main] INFO  balancer.ContainerBalancerTask (ContainerBalancerTask.java:matchSourceWithTarget(722)) - ContainerBalancer matched source datanode b3f1d699-c739-4628-983c-1f6b425dd555 with target datanode 7ae5d5d8-6dfc-4730-9ff7-a6b35c1e6711 for container move.
2023-09-07 14:19:57,605 [main] INFO  balancer.ContainerBalancerTask (ContainerBalancerTask.java:processMoveSelection(569)) - ContainerBalancer is trying to move container #68 with size 5368709120B from source datanode b3f1d699-c739-4628-983c-1f6b425dd555 to target datanode 7ae5d5d8-6dfc-4730-9ff7-a6b35c1e6711
2023-09-07 14:19:57,606 [main] INFO  balancer.ContainerBalancerTask (ContainerBalancerTask.java:lambda$moveContainer$3(827)) - Container move for container #68 from source b3f1d699-c739-4628-983c-1f6b425dd555 to target 7ae5d5d8-6dfc-4730-9ff7-a6b35c1e6711 failed with exceptions.
java.lang.RuntimeException: Runtime Exception
	at org.apache.hadoop.hdds.scm.container.balancer.TestContainerBalancerTask.checkIterationResultException(TestContainerBalancerTask.java:1002)
	at sun.reflect.NativeMethodAccessorImpl.invoke0(Native Method)
	at sun.reflect.NativeMethodAccessorImpl.invoke(NativeMethodAccessorImpl.java:62)
	at sun.reflect.DelegatingMethodAccessorImpl.invoke(DelegatingMethodAccessorImpl.java:43)
	at java.lang.reflect.Method.invoke(Method.java:498)
	at org.junit.platform.commons.util.ReflectionUtils.invokeMethod(ReflectionUtils.java:725)
	at org.junit.jupiter.engine.execution.MethodInvocation.proceed(MethodInvocation.java:60)
	at org.junit.jupiter.engine.execution.InvocationInterceptorChain$ValidatingInvocation.proceed(InvocationInterceptorChain.java:131)
	at org.junit.jupiter.engine.extension.TimeoutExtension.intercept(TimeoutExtension.java:149)
	at org.junit.jupiter.engine.extension.TimeoutExtension.interceptTestableMethod(TimeoutExtension.java:140)
	at org.junit.jupiter.engine.extension.TimeoutExtension.interceptTestMethod(TimeoutExtension.java:84)
	at org.junit.jupiter.engine.execution.ExecutableInvoker$ReflectiveInterceptorCall.lambda$ofVoidMethod$0(ExecutableInvoker.java:115)
	at org.junit.jupiter.engine.execution.ExecutableInvoker.lambda$invoke$0(ExecutableInvoker.java:105)
	at org.junit.jupiter.engine.execution.InvocationInterceptorChain$InterceptedInvocation.proceed(InvocationInterceptorChain.java:106)
	at org.junit.jupiter.engine.execution.InvocationInterceptorChain.proceed(InvocationInterceptorChain.java:64)
	at org.junit.jupiter.engine.execution.InvocationInterceptorChain.chainAndInvoke(InvocationInterceptorChain.java:45)
	at org.junit.jupiter.engine.execution.InvocationInterceptorChain.invoke(InvocationInterceptorChain.java:37)
	at org.junit.jupiter.engine.execution.ExecutableInvoker.invoke(ExecutableInvoker.java:104)
	at org.junit.jupiter.engine.execution.ExecutableInvoker.invoke(ExecutableInvoker.java:98)
	at org.junit.jupiter.engine.descriptor.TestMethodTestDescriptor.lambda$invokeTestMethod$7(TestMethodTestDescriptor.java:214)
	at org.junit.platform.engine.support.hierarchical.ThrowableCollector.execute(ThrowableCollector.java:73)
	at org.junit.jupiter.engine.descriptor.TestMethodTestDescriptor.invokeTestMethod(TestMethodTestDescriptor.java:210)
	at org.junit.jupiter.engine.descriptor.TestMethodTestDescriptor.execute(TestMethodTestDescriptor.java:135)
	at org.junit.jupiter.engine.descriptor.TestMethodTestDescriptor.execute(TestMethodTestDescriptor.java:66)
	at org.junit.platform.engine.support.hierarchical.NodeTestTask.lambda$executeRecursively$6(NodeTestTask.java:151)
	at org.junit.platform.engine.support.hierarchical.ThrowableCollector.execute(ThrowableCollector.java:73)
	at org.junit.platform.engine.support.hierarchical.NodeTestTask.lambda$executeRecursively$8(NodeTestTask.java:141)
	at org.junit.platform.engine.support.hierarchical.Node.around(Node.java:137)
	at org.junit.platform.engine.support.hierarchical.NodeTestTask.lambda$executeRecursively$9(NodeTestTask.java:139)
	at org.junit.platform.engine.support.hierarchical.ThrowableCollector.execute(ThrowableCollector.java:73)
	at org.junit.platform.engine.support.hierarchical.NodeTestTask.executeRecursively(NodeTestTask.java:138)
	at org.junit.platform.engine.support.hierarchical.NodeTestTask.execute(NodeTestTask.java:95)
	at java.util.ArrayList.forEach(ArrayList.java:1259)
	at org.junit.platform.engine.support.hierarchical.SameThreadHierarchicalTestExecutorService.invokeAll(SameThreadHierarchicalTestExecutorService.java:41)
	at org.junit.platform.engine.support.hierarchical.NodeTestTask.lambda$executeRecursively$6(NodeTestTask.java:155)
	at org.junit.platform.engine.support.hierarchical.ThrowableCollector.execute(ThrowableCollector.java:73)
	at org.junit.platform.engine.support.hierarchical.NodeTestTask.lambda$executeRecursively$8(NodeTestTask.java:141)
	at org.junit.platform.engine.support.hierarchical.Node.around(Node.java:137)
	at org.junit.platform.engine.support.hierarchical.NodeTestTask.lambda$executeRecursively$9(NodeTestTask.java:139)
	at org.junit.platform.engine.support.hierarchical.ThrowableCollector.execute(ThrowableCollector.java:73)
	at org.junit.platform.engine.support.hierarchical.NodeTestTask.executeRecursively(NodeTestTask.java:138)
	at org.junit.platform.engine.support.hierarchical.NodeTestTask.execute(NodeTestTask.java:95)
	at java.util.ArrayList.forEach(ArrayList.java:1259)
	at org.junit.platform.engine.support.hierarchical.SameThreadHierarchicalTestExecutorService.invokeAll(SameThreadHierarchicalTestExecutorService.java:41)
	at org.junit.platform.engine.support.hierarchical.NodeTestTask.lambda$executeRecursively$6(NodeTestTask.java:155)
	at org.junit.platform.engine.support.hierarchical.ThrowableCollector.execute(ThrowableCollector.java:73)
	at org.junit.platform.engine.support.hierarchical.NodeTestTask.lambda$executeRecursively$8(NodeTestTask.java:141)
	at org.junit.platform.engine.support.hierarchical.Node.around(Node.java:137)
	at org.junit.platform.engine.support.hierarchical.NodeTestTask.lambda$executeRecursively$9(NodeTestTask.java:139)
	at org.junit.platform.engine.support.hierarchical.ThrowableCollector.execute(ThrowableCollector.java:73)
	at org.junit.platform.engine.support.hierarchical.NodeTestTask.executeRecursively(NodeTestTask.java:138)
	at org.junit.platform.engine.support.hierarchical.NodeTestTask.execute(NodeTestTask.java:95)
	at org.junit.platform.engine.support.hierarchical.SameThreadHierarchicalTestExecutorService.submit(SameThreadHierarchicalTestExecutorService.java:35)
	at org.junit.platform.engine.support.hierarchical.HierarchicalTestExecutor.execute(HierarchicalTestExecutor.java:57)
	at org.junit.platform.engine.support.hierarchical.HierarchicalTestEngine.execute(HierarchicalTestEngine.java:54)
	at org.junit.platform.launcher.core.EngineExecutionOrchestrator.execute(EngineExecutionOrchestrator.java:107)
	at org.junit.platform.launcher.core.EngineExecutionOrchestrator.execute(EngineExecutionOrchestrator.java:88)
	at org.junit.platform.launcher.core.EngineExecutionOrchestrator.lambda$execute$0(EngineExecutionOrchestrator.java:54)
	at org.junit.platform.launcher.core.EngineExecutionOrchestrator.withInterceptedStreams(EngineExecutionOrchestrator.java:67)
	at org.junit.platform.launcher.core.EngineExecutionOrchestrator.execute(EngineExecutionOrchestrator.java:52)
	at org.junit.platform.launcher.core.DefaultLauncher.execute(DefaultLauncher.java:114)
	at org.junit.platform.launcher.core.DefaultLauncher.execute(DefaultLauncher.java:86)
	at org.junit.platform.launcher.core.DefaultLauncherSession$DelegatingLauncher.execute(DefaultLauncherSession.java:86)
	at org.junit.platform.launcher.core.SessionPerRequestLauncher.execute(SessionPerRequestLauncher.java:53)
	at org.apache.maven.surefire.junitplatform.JUnitPlatformProvider.execute(JUnitPlatformProvider.java:188)
	at org.apache.maven.surefire.junitplatform.JUnitPlatformProvider.invokeAllTests(JUnitPlatformProvider.java:154)
	at org.apache.maven.surefire.junitplatform.JUnitPlatformProvider.invoke(JUnitPlatformProvider.java:124)
	at org.apache.maven.surefire.booter.ForkedBooter.runSuitesInProcess(ForkedBooter.java:428)
	at org.apache.maven.surefire.booter.ForkedBooter.execute(ForkedBooter.java:162)
	at org.apache.maven.surefire.booter.ForkedBooter.run(ForkedBooter.java:562)
	at org.apache.maven.surefire.booter.ForkedBooter.main(ForkedBooter.java:548)
2023-09-07 14:19:57,609 [main] DEBUG balancer.ContainerBalancerTask (ContainerBalancerTask.java:matchSourceWithTarget(708)) - ContainerBalancer is finding suitable target for source datanode 31d18af4-1da0-4598-8ad4-c4c918bd91c5
2023-09-07 14:19:57,609 [main] INFO  balancer.ContainerBalancerTask (ContainerBalancerTask.java:matchSourceWithTarget(722)) - ContainerBalancer matched source datanode 31d18af4-1da0-4598-8ad4-c4c918bd91c5 with target datanode 7ae5d5d8-6dfc-4730-9ff7-a6b35c1e6711 for container move.
2023-09-07 14:19:57,609 [main] INFO  balancer.ContainerBalancerTask (ContainerBalancerTask.java:processMoveSelection(569)) - ContainerBalancer is trying to move container #53 with size 5368709120B from source datanode 31d18af4-1da0-4598-8ad4-c4c918bd91c5 to target datanode 7ae5d5d8-6dfc-4730-9ff7-a6b35c1e6711
2023-09-07 14:19:57,610 [main] INFO  balancer.ContainerBalancerTask (ContainerBalancerTask.java:lambda$moveContainer$3(827)) - Container move for container #53 from source 31d18af4-1da0-4598-8ad4-c4c918bd91c5 to target 7ae5d5d8-6dfc-4730-9ff7-a6b35c1e6711 failed with exceptions.
java.lang.RuntimeException: Runtime Exception
	at org.apache.hadoop.hdds.scm.container.balancer.TestContainerBalancerTask.checkIterationResultException(TestContainerBalancerTask.java:1002)
	at sun.reflect.NativeMethodAccessorImpl.invoke0(Native Method)
	at sun.reflect.NativeMethodAccessorImpl.invoke(NativeMethodAccessorImpl.java:62)
	at sun.reflect.DelegatingMethodAccessorImpl.invoke(DelegatingMethodAccessorImpl.java:43)
	at java.lang.reflect.Method.invoke(Method.java:498)
	at org.junit.platform.commons.util.ReflectionUtils.invokeMethod(ReflectionUtils.java:725)
	at org.junit.jupiter.engine.execution.MethodInvocation.proceed(MethodInvocation.java:60)
	at org.junit.jupiter.engine.execution.InvocationInterceptorChain$ValidatingInvocation.proceed(InvocationInterceptorChain.java:131)
	at org.junit.jupiter.engine.extension.TimeoutExtension.intercept(TimeoutExtension.java:149)
	at org.junit.jupiter.engine.extension.TimeoutExtension.interceptTestableMethod(TimeoutExtension.java:140)
	at org.junit.jupiter.engine.extension.TimeoutExtension.interceptTestMethod(TimeoutExtension.java:84)
	at org.junit.jupiter.engine.execution.ExecutableInvoker$ReflectiveInterceptorCall.lambda$ofVoidMethod$0(ExecutableInvoker.java:115)
	at org.junit.jupiter.engine.execution.ExecutableInvoker.lambda$invoke$0(ExecutableInvoker.java:105)
	at org.junit.jupiter.engine.execution.InvocationInterceptorChain$InterceptedInvocation.proceed(InvocationInterceptorChain.java:106)
	at org.junit.jupiter.engine.execution.InvocationInterceptorChain.proceed(InvocationInterceptorChain.java:64)
	at org.junit.jupiter.engine.execution.InvocationInterceptorChain.chainAndInvoke(InvocationInterceptorChain.java:45)
	at org.junit.jupiter.engine.execution.InvocationInterceptorChain.invoke(InvocationInterceptorChain.java:37)
	at org.junit.jupiter.engine.execution.ExecutableInvoker.invoke(ExecutableInvoker.java:104)
	at org.junit.jupiter.engine.execution.ExecutableInvoker.invoke(ExecutableInvoker.java:98)
	at org.junit.jupiter.engine.descriptor.TestMethodTestDescriptor.lambda$invokeTestMethod$7(TestMethodTestDescriptor.java:214)
	at org.junit.platform.engine.support.hierarchical.ThrowableCollector.execute(ThrowableCollector.java:73)
	at org.junit.jupiter.engine.descriptor.TestMethodTestDescriptor.invokeTestMethod(TestMethodTestDescriptor.java:210)
	at org.junit.jupiter.engine.descriptor.TestMethodTestDescriptor.execute(TestMethodTestDescriptor.java:135)
	at org.junit.jupiter.engine.descriptor.TestMethodTestDescriptor.execute(TestMethodTestDescriptor.java:66)
	at org.junit.platform.engine.support.hierarchical.NodeTestTask.lambda$executeRecursively$6(NodeTestTask.java:151)
	at org.junit.platform.engine.support.hierarchical.ThrowableCollector.execute(ThrowableCollector.java:73)
	at org.junit.platform.engine.support.hierarchical.NodeTestTask.lambda$executeRecursively$8(NodeTestTask.java:141)
	at org.junit.platform.engine.support.hierarchical.Node.around(Node.java:137)
	at org.junit.platform.engine.support.hierarchical.NodeTestTask.lambda$executeRecursively$9(NodeTestTask.java:139)
	at org.junit.platform.engine.support.hierarchical.ThrowableCollector.execute(ThrowableCollector.java:73)
	at org.junit.platform.engine.support.hierarchical.NodeTestTask.executeRecursively(NodeTestTask.java:138)
	at org.junit.platform.engine.support.hierarchical.NodeTestTask.execute(NodeTestTask.java:95)
	at java.util.ArrayList.forEach(ArrayList.java:1259)
	at org.junit.platform.engine.support.hierarchical.SameThreadHierarchicalTestExecutorService.invokeAll(SameThreadHierarchicalTestExecutorService.java:41)
	at org.junit.platform.engine.support.hierarchical.NodeTestTask.lambda$executeRecursively$6(NodeTestTask.java:155)
	at org.junit.platform.engine.support.hierarchical.ThrowableCollector.execute(ThrowableCollector.java:73)
	at org.junit.platform.engine.support.hierarchical.NodeTestTask.lambda$executeRecursively$8(NodeTestTask.java:141)
	at org.junit.platform.engine.support.hierarchical.Node.around(Node.java:137)
	at org.junit.platform.engine.support.hierarchical.NodeTestTask.lambda$executeRecursively$9(NodeTestTask.java:139)
	at org.junit.platform.engine.support.hierarchical.ThrowableCollector.execute(ThrowableCollector.java:73)
	at org.junit.platform.engine.support.hierarchical.NodeTestTask.executeRecursively(NodeTestTask.java:138)
	at org.junit.platform.engine.support.hierarchical.NodeTestTask.execute(NodeTestTask.java:95)
	at java.util.ArrayList.forEach(ArrayList.java:1259)
	at org.junit.platform.engine.support.hierarchical.SameThreadHierarchicalTestExecutorService.invokeAll(SameThreadHierarchicalTestExecutorService.java:41)
	at org.junit.platform.engine.support.hierarchical.NodeTestTask.lambda$executeRecursively$6(NodeTestTask.java:155)
	at org.junit.platform.engine.support.hierarchical.ThrowableCollector.execute(ThrowableCollector.java:73)
	at org.junit.platform.engine.support.hierarchical.NodeTestTask.lambda$executeRecursively$8(NodeTestTask.java:141)
	at org.junit.platform.engine.support.hierarchical.Node.around(Node.java:137)
	at org.junit.platform.engine.support.hierarchical.NodeTestTask.lambda$executeRecursively$9(NodeTestTask.java:139)
	at org.junit.platform.engine.support.hierarchical.ThrowableCollector.execute(ThrowableCollector.java:73)
	at org.junit.platform.engine.support.hierarchical.NodeTestTask.executeRecursively(NodeTestTask.java:138)
	at org.junit.platform.engine.support.hierarchical.NodeTestTask.execute(NodeTestTask.java:95)
	at org.junit.platform.engine.support.hierarchical.SameThreadHierarchicalTestExecutorService.submit(SameThreadHierarchicalTestExecutorService.java:35)
	at org.junit.platform.engine.support.hierarchical.HierarchicalTestExecutor.execute(HierarchicalTestExecutor.java:57)
	at org.junit.platform.engine.support.hierarchical.HierarchicalTestEngine.execute(HierarchicalTestEngine.java:54)
	at org.junit.platform.launcher.core.EngineExecutionOrchestrator.execute(EngineExecutionOrchestrator.java:107)
	at org.junit.platform.launcher.core.EngineExecutionOrchestrator.execute(EngineExecutionOrchestrator.java:88)
	at org.junit.platform.launcher.core.EngineExecutionOrchestrator.lambda$execute$0(EngineExecutionOrchestrator.java:54)
	at org.junit.platform.launcher.core.EngineExecutionOrchestrator.withInterceptedStreams(EngineExecutionOrchestrator.java:67)
	at org.junit.platform.launcher.core.EngineExecutionOrchestrator.execute(EngineExecutionOrchestrator.java:52)
	at org.junit.platform.launcher.core.DefaultLauncher.execute(DefaultLauncher.java:114)
	at org.junit.platform.launcher.core.DefaultLauncher.execute(DefaultLauncher.java:86)
	at org.junit.platform.launcher.core.DefaultLauncherSession$DelegatingLauncher.execute(DefaultLauncherSession.java:86)
	at org.junit.platform.launcher.core.SessionPerRequestLauncher.execute(SessionPerRequestLauncher.java:53)
	at org.apache.maven.surefire.junitplatform.JUnitPlatformProvider.execute(JUnitPlatformProvider.java:188)
	at org.apache.maven.surefire.junitplatform.JUnitPlatformProvider.invokeAllTests(JUnitPlatformProvider.java:154)
	at org.apache.maven.surefire.junitplatform.JUnitPlatformProvider.invoke(JUnitPlatformProvider.java:124)
	at org.apache.maven.surefire.booter.ForkedBooter.runSuitesInProcess(ForkedBooter.java:428)
	at org.apache.maven.surefire.booter.ForkedBooter.execute(ForkedBooter.java:162)
	at org.apache.maven.surefire.booter.ForkedBooter.run(ForkedBooter.java:562)
	at org.apache.maven.surefire.booter.ForkedBooter.main(ForkedBooter.java:548)
2023-09-07 14:19:57,612 [main] DEBUG balancer.ContainerBalancerTask (ContainerBalancerTask.java:matchSourceWithTarget(708)) - ContainerBalancer is finding suitable target for source datanode 3179cd1c-aed8-4092-9ffb-266abbf39a7e
2023-09-07 14:19:57,612 [main] INFO  balancer.ContainerBalancerTask (ContainerBalancerTask.java:matchSourceWithTarget(722)) - ContainerBalancer matched source datanode 3179cd1c-aed8-4092-9ffb-266abbf39a7e with target datanode 7ae5d5d8-6dfc-4730-9ff7-a6b35c1e6711 for container move.
2023-09-07 14:19:57,612 [main] INFO  balancer.ContainerBalancerTask (ContainerBalancerTask.java:processMoveSelection(569)) - ContainerBalancer is trying to move container #40 with size 5368709120B from source datanode 3179cd1c-aed8-4092-9ffb-266abbf39a7e to target datanode 7ae5d5d8-6dfc-4730-9ff7-a6b35c1e6711
2023-09-07 14:19:57,613 [main] INFO  balancer.ContainerBalancerTask (ContainerBalancerTask.java:lambda$moveContainer$3(827)) - Container move for container #40 from source 3179cd1c-aed8-4092-9ffb-266abbf39a7e to target 7ae5d5d8-6dfc-4730-9ff7-a6b35c1e6711 failed with exceptions.
java.lang.RuntimeException: Runtime Exception
	at org.apache.hadoop.hdds.scm.container.balancer.TestContainerBalancerTask.checkIterationResultException(TestContainerBalancerTask.java:1002)
	at sun.reflect.NativeMethodAccessorImpl.invoke0(Native Method)
	at sun.reflect.NativeMethodAccessorImpl.invoke(NativeMethodAccessorImpl.java:62)
	at sun.reflect.DelegatingMethodAccessorImpl.invoke(DelegatingMethodAccessorImpl.java:43)
	at java.lang.reflect.Method.invoke(Method.java:498)
	at org.junit.platform.commons.util.ReflectionUtils.invokeMethod(ReflectionUtils.java:725)
	at org.junit.jupiter.engine.execution.MethodInvocation.proceed(MethodInvocation.java:60)
	at org.junit.jupiter.engine.execution.InvocationInterceptorChain$ValidatingInvocation.proceed(InvocationInterceptorChain.java:131)
	at org.junit.jupiter.engine.extension.TimeoutExtension.intercept(TimeoutExtension.java:149)
	at org.junit.jupiter.engine.extension.TimeoutExtension.interceptTestableMethod(TimeoutExtension.java:140)
	at org.junit.jupiter.engine.extension.TimeoutExtension.interceptTestMethod(TimeoutExtension.java:84)
	at org.junit.jupiter.engine.execution.ExecutableInvoker$ReflectiveInterceptorCall.lambda$ofVoidMethod$0(ExecutableInvoker.java:115)
	at org.junit.jupiter.engine.execution.ExecutableInvoker.lambda$invoke$0(ExecutableInvoker.java:105)
	at org.junit.jupiter.engine.execution.InvocationInterceptorChain$InterceptedInvocation.proceed(InvocationInterceptorChain.java:106)
	at org.junit.jupiter.engine.execution.InvocationInterceptorChain.proceed(InvocationInterceptorChain.java:64)
	at org.junit.jupiter.engine.execution.InvocationInterceptorChain.chainAndInvoke(InvocationInterceptorChain.java:45)
	at org.junit.jupiter.engine.execution.InvocationInterceptorChain.invoke(InvocationInterceptorChain.java:37)
	at org.junit.jupiter.engine.execution.ExecutableInvoker.invoke(ExecutableInvoker.java:104)
	at org.junit.jupiter.engine.execution.ExecutableInvoker.invoke(ExecutableInvoker.java:98)
	at org.junit.jupiter.engine.descriptor.TestMethodTestDescriptor.lambda$invokeTestMethod$7(TestMethodTestDescriptor.java:214)
	at org.junit.platform.engine.support.hierarchical.ThrowableCollector.execute(ThrowableCollector.java:73)
	at org.junit.jupiter.engine.descriptor.TestMethodTestDescriptor.invokeTestMethod(TestMethodTestDescriptor.java:210)
	at org.junit.jupiter.engine.descriptor.TestMethodTestDescriptor.execute(TestMethodTestDescriptor.java:135)
	at org.junit.jupiter.engine.descriptor.TestMethodTestDescriptor.execute(TestMethodTestDescriptor.java:66)
	at org.junit.platform.engine.support.hierarchical.NodeTestTask.lambda$executeRecursively$6(NodeTestTask.java:151)
	at org.junit.platform.engine.support.hierarchical.ThrowableCollector.execute(ThrowableCollector.java:73)
	at org.junit.platform.engine.support.hierarchical.NodeTestTask.lambda$executeRecursively$8(NodeTestTask.java:141)
	at org.junit.platform.engine.support.hierarchical.Node.around(Node.java:137)
	at org.junit.platform.engine.support.hierarchical.NodeTestTask.lambda$executeRecursively$9(NodeTestTask.java:139)
	at org.junit.platform.engine.support.hierarchical.ThrowableCollector.execute(ThrowableCollector.java:73)
	at org.junit.platform.engine.support.hierarchical.NodeTestTask.executeRecursively(NodeTestTask.java:138)
	at org.junit.platform.engine.support.hierarchical.NodeTestTask.execute(NodeTestTask.java:95)
	at java.util.ArrayList.forEach(ArrayList.java:1259)
	at org.junit.platform.engine.support.hierarchical.SameThreadHierarchicalTestExecutorService.invokeAll(SameThreadHierarchicalTestExecutorService.java:41)
	at org.junit.platform.engine.support.hierarchical.NodeTestTask.lambda$executeRecursively$6(NodeTestTask.java:155)
	at org.junit.platform.engine.support.hierarchical.ThrowableCollector.execute(ThrowableCollector.java:73)
	at org.junit.platform.engine.support.hierarchical.NodeTestTask.lambda$executeRecursively$8(NodeTestTask.java:141)
	at org.junit.platform.engine.support.hierarchical.Node.around(Node.java:137)
	at org.junit.platform.engine.support.hierarchical.NodeTestTask.lambda$executeRecursively$9(NodeTestTask.java:139)
	at org.junit.platform.engine.support.hierarchical.ThrowableCollector.execute(ThrowableCollector.java:73)
	at org.junit.platform.engine.support.hierarchical.NodeTestTask.executeRecursively(NodeTestTask.java:138)
	at org.junit.platform.engine.support.hierarchical.NodeTestTask.execute(NodeTestTask.java:95)
	at java.util.ArrayList.forEach(ArrayList.java:1259)
	at org.junit.platform.engine.support.hierarchical.SameThreadHierarchicalTestExecutorService.invokeAll(SameThreadHierarchicalTestExecutorService.java:41)
	at org.junit.platform.engine.support.hierarchical.NodeTestTask.lambda$executeRecursively$6(NodeTestTask.java:155)
	at org.junit.platform.engine.support.hierarchical.ThrowableCollector.execute(ThrowableCollector.java:73)
	at org.junit.platform.engine.support.hierarchical.NodeTestTask.lambda$executeRecursively$8(NodeTestTask.java:141)
	at org.junit.platform.engine.support.hierarchical.Node.around(Node.java:137)
	at org.junit.platform.engine.support.hierarchical.NodeTestTask.lambda$executeRecursively$9(NodeTestTask.java:139)
	at org.junit.platform.engine.support.hierarchical.ThrowableCollector.execute(ThrowableCollector.java:73)
	at org.junit.platform.engine.support.hierarchical.NodeTestTask.executeRecursively(NodeTestTask.java:138)
	at org.junit.platform.engine.support.hierarchical.NodeTestTask.execute(NodeTestTask.java:95)
	at org.junit.platform.engine.support.hierarchical.SameThreadHierarchicalTestExecutorService.submit(SameThreadHierarchicalTestExecutorService.java:35)
	at org.junit.platform.engine.support.hierarchical.HierarchicalTestExecutor.execute(HierarchicalTestExecutor.java:57)
	at org.junit.platform.engine.support.hierarchical.HierarchicalTestEngine.execute(HierarchicalTestEngine.java:54)
	at org.junit.platform.launcher.core.EngineExecutionOrchestrator.execute(EngineExecutionOrchestrator.java:107)
	at org.junit.platform.launcher.core.EngineExecutionOrchestrator.execute(EngineExecutionOrchestrator.java:88)
	at org.junit.platform.launcher.core.EngineExecutionOrchestrator.lambda$execute$0(EngineExecutionOrchestrator.java:54)
	at org.junit.platform.launcher.core.EngineExecutionOrchestrator.withInterceptedStreams(EngineExecutionOrchestrator.java:67)
	at org.junit.platform.launcher.core.EngineExecutionOrchestrator.execute(EngineExecutionOrchestrator.java:52)
	at org.junit.platform.launcher.core.DefaultLauncher.execute(DefaultLauncher.java:114)
	at org.junit.platform.launcher.core.DefaultLauncher.execute(DefaultLauncher.java:86)
	at org.junit.platform.launcher.core.DefaultLauncherSession$DelegatingLauncher.execute(DefaultLauncherSession.java:86)
	at org.junit.platform.launcher.core.SessionPerRequestLauncher.execute(SessionPerRequestLauncher.java:53)
	at org.apache.maven.surefire.junitplatform.JUnitPlatformProvider.execute(JUnitPlatformProvider.java:188)
	at org.apache.maven.surefire.junitplatform.JUnitPlatformProvider.invokeAllTests(JUnitPlatformProvider.java:154)
	at org.apache.maven.surefire.junitplatform.JUnitPlatformProvider.invoke(JUnitPlatformProvider.java:124)
	at org.apache.maven.surefire.booter.ForkedBooter.runSuitesInProcess(ForkedBooter.java:428)
	at org.apache.maven.surefire.booter.ForkedBooter.execute(ForkedBooter.java:162)
	at org.apache.maven.surefire.booter.ForkedBooter.run(ForkedBooter.java:562)
	at org.apache.maven.surefire.booter.ForkedBooter.main(ForkedBooter.java:548)
2023-09-07 14:19:57,615 [main] DEBUG balancer.ContainerBalancerTask (ContainerBalancerTask.java:matchSourceWithTarget(708)) - ContainerBalancer is finding suitable target for source datanode 0ecee0c4-4ea0-464c-97a0-e34ce40310e8
2023-09-07 14:19:57,615 [main] INFO  balancer.ContainerBalancerTask (ContainerBalancerTask.java:matchSourceWithTarget(722)) - ContainerBalancer matched source datanode 0ecee0c4-4ea0-464c-97a0-e34ce40310e8 with target datanode 7ae5d5d8-6dfc-4730-9ff7-a6b35c1e6711 for container move.
2023-09-07 14:19:57,615 [main] INFO  balancer.ContainerBalancerTask (ContainerBalancerTask.java:processMoveSelection(569)) - ContainerBalancer is trying to move container #53 with size 5368709120B from source datanode 0ecee0c4-4ea0-464c-97a0-e34ce40310e8 to target datanode 7ae5d5d8-6dfc-4730-9ff7-a6b35c1e6711
2023-09-07 14:19:57,615 [main] INFO  balancer.ContainerBalancerTask (ContainerBalancerTask.java:lambda$moveContainer$3(827)) - Container move for container #53 from source 0ecee0c4-4ea0-464c-97a0-e34ce40310e8 to target 7ae5d5d8-6dfc-4730-9ff7-a6b35c1e6711 failed with exceptions.
java.lang.RuntimeException: Runtime Exception
	at org.apache.hadoop.hdds.scm.container.balancer.TestContainerBalancerTask.checkIterationResultException(TestContainerBalancerTask.java:1002)
	at sun.reflect.NativeMethodAccessorImpl.invoke0(Native Method)
	at sun.reflect.NativeMethodAccessorImpl.invoke(NativeMethodAccessorImpl.java:62)
	at sun.reflect.DelegatingMethodAccessorImpl.invoke(DelegatingMethodAccessorImpl.java:43)
	at java.lang.reflect.Method.invoke(Method.java:498)
	at org.junit.platform.commons.util.ReflectionUtils.invokeMethod(ReflectionUtils.java:725)
	at org.junit.jupiter.engine.execution.MethodInvocation.proceed(MethodInvocation.java:60)
	at org.junit.jupiter.engine.execution.InvocationInterceptorChain$ValidatingInvocation.proceed(InvocationInterceptorChain.java:131)
	at org.junit.jupiter.engine.extension.TimeoutExtension.intercept(TimeoutExtension.java:149)
	at org.junit.jupiter.engine.extension.TimeoutExtension.interceptTestableMethod(TimeoutExtension.java:140)
	at org.junit.jupiter.engine.extension.TimeoutExtension.interceptTestMethod(TimeoutExtension.java:84)
	at org.junit.jupiter.engine.execution.ExecutableInvoker$ReflectiveInterceptorCall.lambda$ofVoidMethod$0(ExecutableInvoker.java:115)
	at org.junit.jupiter.engine.execution.ExecutableInvoker.lambda$invoke$0(ExecutableInvoker.java:105)
	at org.junit.jupiter.engine.execution.InvocationInterceptorChain$InterceptedInvocation.proceed(InvocationInterceptorChain.java:106)
	at org.junit.jupiter.engine.execution.InvocationInterceptorChain.proceed(InvocationInterceptorChain.java:64)
	at org.junit.jupiter.engine.execution.InvocationInterceptorChain.chainAndInvoke(InvocationInterceptorChain.java:45)
	at org.junit.jupiter.engine.execution.InvocationInterceptorChain.invoke(InvocationInterceptorChain.java:37)
	at org.junit.jupiter.engine.execution.ExecutableInvoker.invoke(ExecutableInvoker.java:104)
	at org.junit.jupiter.engine.execution.ExecutableInvoker.invoke(ExecutableInvoker.java:98)
	at org.junit.jupiter.engine.descriptor.TestMethodTestDescriptor.lambda$invokeTestMethod$7(TestMethodTestDescriptor.java:214)
	at org.junit.platform.engine.support.hierarchical.ThrowableCollector.execute(ThrowableCollector.java:73)
	at org.junit.jupiter.engine.descriptor.TestMethodTestDescriptor.invokeTestMethod(TestMethodTestDescriptor.java:210)
	at org.junit.jupiter.engine.descriptor.TestMethodTestDescriptor.execute(TestMethodTestDescriptor.java:135)
	at org.junit.jupiter.engine.descriptor.TestMethodTestDescriptor.execute(TestMethodTestDescriptor.java:66)
	at org.junit.platform.engine.support.hierarchical.NodeTestTask.lambda$executeRecursively$6(NodeTestTask.java:151)
	at org.junit.platform.engine.support.hierarchical.ThrowableCollector.execute(ThrowableCollector.java:73)
	at org.junit.platform.engine.support.hierarchical.NodeTestTask.lambda$executeRecursively$8(NodeTestTask.java:141)
	at org.junit.platform.engine.support.hierarchical.Node.around(Node.java:137)
	at org.junit.platform.engine.support.hierarchical.NodeTestTask.lambda$executeRecursively$9(NodeTestTask.java:139)
	at org.junit.platform.engine.support.hierarchical.ThrowableCollector.execute(ThrowableCollector.java:73)
	at org.junit.platform.engine.support.hierarchical.NodeTestTask.executeRecursively(NodeTestTask.java:138)
	at org.junit.platform.engine.support.hierarchical.NodeTestTask.execute(NodeTestTask.java:95)
	at java.util.ArrayList.forEach(ArrayList.java:1259)
	at org.junit.platform.engine.support.hierarchical.SameThreadHierarchicalTestExecutorService.invokeAll(SameThreadHierarchicalTestExecutorService.java:41)
	at org.junit.platform.engine.support.hierarchical.NodeTestTask.lambda$executeRecursively$6(NodeTestTask.java:155)
	at org.junit.platform.engine.support.hierarchical.ThrowableCollector.execute(ThrowableCollector.java:73)
	at org.junit.platform.engine.support.hierarchical.NodeTestTask.lambda$executeRecursively$8(NodeTestTask.java:141)
	at org.junit.platform.engine.support.hierarchical.Node.around(Node.java:137)
	at org.junit.platform.engine.support.hierarchical.NodeTestTask.lambda$executeRecursively$9(NodeTestTask.java:139)
	at org.junit.platform.engine.support.hierarchical.ThrowableCollector.execute(ThrowableCollector.java:73)
	at org.junit.platform.engine.support.hierarchical.NodeTestTask.executeRecursively(NodeTestTask.java:138)
	at org.junit.platform.engine.support.hierarchical.NodeTestTask.execute(NodeTestTask.java:95)
	at java.util.ArrayList.forEach(ArrayList.java:1259)
	at org.junit.platform.engine.support.hierarchical.SameThreadHierarchicalTestExecutorService.invokeAll(SameThreadHierarchicalTestExecutorService.java:41)
	at org.junit.platform.engine.support.hierarchical.NodeTestTask.lambda$executeRecursively$6(NodeTestTask.java:155)
	at org.junit.platform.engine.support.hierarchical.ThrowableCollector.execute(ThrowableCollector.java:73)
	at org.junit.platform.engine.support.hierarchical.NodeTestTask.lambda$executeRecursively$8(NodeTestTask.java:141)
	at org.junit.platform.engine.support.hierarchical.Node.around(Node.java:137)
	at org.junit.platform.engine.support.hierarchical.NodeTestTask.lambda$executeRecursively$9(NodeTestTask.java:139)
	at org.junit.platform.engine.support.hierarchical.ThrowableCollector.execute(ThrowableCollector.java:73)
	at org.junit.platform.engine.support.hierarchical.NodeTestTask.executeRecursively(NodeTestTask.java:138)
	at org.junit.platform.engine.support.hierarchical.NodeTestTask.execute(NodeTestTask.java:95)
	at org.junit.platform.engine.support.hierarchical.SameThreadHierarchicalTestExecutorService.submit(SameThreadHierarchicalTestExecutorService.java:35)
	at org.junit.platform.engine.support.hierarchical.HierarchicalTestExecutor.execute(HierarchicalTestExecutor.java:57)
	at org.junit.platform.engine.support.hierarchical.HierarchicalTestEngine.execute(HierarchicalTestEngine.java:54)
	at org.junit.platform.launcher.core.EngineExecutionOrchestrator.execute(EngineExecutionOrchestrator.java:107)
	at org.junit.platform.launcher.core.EngineExecutionOrchestrator.execute(EngineExecutionOrchestrator.java:88)
	at org.junit.platform.launcher.core.EngineExecutionOrchestrator.lambda$execute$0(EngineExecutionOrchestrator.java:54)
	at org.junit.platform.launcher.core.EngineExecutionOrchestrator.withInterceptedStreams(EngineExecutionOrchestrator.java:67)
	at org.junit.platform.launcher.core.EngineExecutionOrchestrator.execute(EngineExecutionOrchestrator.java:52)
	at org.junit.platform.launcher.core.DefaultLauncher.execute(DefaultLauncher.java:114)
	at org.junit.platform.launcher.core.DefaultLauncher.execute(DefaultLauncher.java:86)
	at org.junit.platform.launcher.core.DefaultLauncherSession$DelegatingLauncher.execute(DefaultLauncherSession.java:86)
	at org.junit.platform.launcher.core.SessionPerRequestLauncher.execute(SessionPerRequestLauncher.java:53)
	at org.apache.maven.surefire.junitplatform.JUnitPlatformProvider.execute(JUnitPlatformProvider.java:188)
	at org.apache.maven.surefire.junitplatform.JUnitPlatformProvider.invokeAllTests(JUnitPlatformProvider.java:154)
	at org.apache.maven.surefire.junitplatform.JUnitPlatformProvider.invoke(JUnitPlatformProvider.java:124)
	at org.apache.maven.surefire.booter.ForkedBooter.runSuitesInProcess(ForkedBooter.java:428)
	at org.apache.maven.surefire.booter.ForkedBooter.execute(ForkedBooter.java:162)
	at org.apache.maven.surefire.booter.ForkedBooter.run(ForkedBooter.java:562)
	at org.apache.maven.surefire.booter.ForkedBooter.main(ForkedBooter.java:548)
2023-09-07 14:19:57,616 [main] INFO  balancer.FindSourceGreedy (FindSourceGreedy.java:getNextCandidateSourceDataNode(126)) - no more candidate source data node
2023-09-07 14:19:57,616 [main] ERROR balancer.ContainerBalancerTask (ContainerBalancerTask.java:checkIterationMoveResults(623)) - Got exception while checkIterationMoveResults
java.util.concurrent.ExecutionException: java.lang.RuntimeException: Runtime Exception after doing work
	at java.util.concurrent.CompletableFuture.reportGet(CompletableFuture.java:357)
	at java.util.concurrent.CompletableFuture.get(CompletableFuture.java:1928)
	at org.apache.hadoop.hdds.scm.container.balancer.ContainerBalancerTask.checkIterationMoveResults(ContainerBalancerTask.java:613)
	at org.apache.hadoop.hdds.scm.container.balancer.ContainerBalancerTask.checkIterationResults(ContainerBalancerTask.java:600)
	at org.apache.hadoop.hdds.scm.container.balancer.ContainerBalancerTask.doIteration(ContainerBalancerTask.java:543)
	at org.apache.hadoop.hdds.scm.container.balancer.ContainerBalancerTask.balance(ContainerBalancerTask.java:257)
	at org.apache.hadoop.hdds.scm.container.balancer.ContainerBalancerTask.run(ContainerBalancerTask.java:179)
	at org.apache.hadoop.hdds.scm.container.balancer.TestContainerBalancerTask.startBalancer(TestContainerBalancerTask.java:1321)
	at org.apache.hadoop.hdds.scm.container.balancer.TestContainerBalancerTask.checkIterationResultException(TestContainerBalancerTask.java:1051)
	at sun.reflect.NativeMethodAccessorImpl.invoke0(Native Method)
	at sun.reflect.NativeMethodAccessorImpl.invoke(NativeMethodAccessorImpl.java:62)
	at sun.reflect.DelegatingMethodAccessorImpl.invoke(DelegatingMethodAccessorImpl.java:43)
	at java.lang.reflect.Method.invoke(Method.java:498)
	at org.junit.platform.commons.util.ReflectionUtils.invokeMethod(ReflectionUtils.java:725)
	at org.junit.jupiter.engine.execution.MethodInvocation.proceed(MethodInvocation.java:60)
	at org.junit.jupiter.engine.execution.InvocationInterceptorChain$ValidatingInvocation.proceed(InvocationInterceptorChain.java:131)
	at org.junit.jupiter.engine.extension.TimeoutExtension.intercept(TimeoutExtension.java:149)
	at org.junit.jupiter.engine.extension.TimeoutExtension.interceptTestableMethod(TimeoutExtension.java:140)
	at org.junit.jupiter.engine.extension.TimeoutExtension.interceptTestMethod(TimeoutExtension.java:84)
	at org.junit.jupiter.engine.execution.ExecutableInvoker$ReflectiveInterceptorCall.lambda$ofVoidMethod$0(ExecutableInvoker.java:115)
	at org.junit.jupiter.engine.execution.ExecutableInvoker.lambda$invoke$0(ExecutableInvoker.java:105)
	at org.junit.jupiter.engine.execution.InvocationInterceptorChain$InterceptedInvocation.proceed(InvocationInterceptorChain.java:106)
	at org.junit.jupiter.engine.execution.InvocationInterceptorChain.proceed(InvocationInterceptorChain.java:64)
	at org.junit.jupiter.engine.execution.InvocationInterceptorChain.chainAndInvoke(InvocationInterceptorChain.java:45)
	at org.junit.jupiter.engine.execution.InvocationInterceptorChain.invoke(InvocationInterceptorChain.java:37)
	at org.junit.jupiter.engine.execution.ExecutableInvoker.invoke(ExecutableInvoker.java:104)
	at org.junit.jupiter.engine.execution.ExecutableInvoker.invoke(ExecutableInvoker.java:98)
	at org.junit.jupiter.engine.descriptor.TestMethodTestDescriptor.lambda$invokeTestMethod$7(TestMethodTestDescriptor.java:214)
	at org.junit.platform.engine.support.hierarchical.ThrowableCollector.execute(ThrowableCollector.java:73)
	at org.junit.jupiter.engine.descriptor.TestMethodTestDescriptor.invokeTestMethod(TestMethodTestDescriptor.java:210)
	at org.junit.jupiter.engine.descriptor.TestMethodTestDescriptor.execute(TestMethodTestDescriptor.java:135)
	at org.junit.jupiter.engine.descriptor.TestMethodTestDescriptor.execute(TestMethodTestDescriptor.java:66)
	at org.junit.platform.engine.support.hierarchical.NodeTestTask.lambda$executeRecursively$6(NodeTestTask.java:151)
	at org.junit.platform.engine.support.hierarchical.ThrowableCollector.execute(ThrowableCollector.java:73)
	at org.junit.platform.engine.support.hierarchical.NodeTestTask.lambda$executeRecursively$8(NodeTestTask.java:141)
	at org.junit.platform.engine.support.hierarchical.Node.around(Node.java:137)
	at org.junit.platform.engine.support.hierarchical.NodeTestTask.lambda$executeRecursively$9(NodeTestTask.java:139)
	at org.junit.platform.engine.support.hierarchical.ThrowableCollector.execute(ThrowableCollector.java:73)
	at org.junit.platform.engine.support.hierarchical.NodeTestTask.executeRecursively(NodeTestTask.java:138)
	at org.junit.platform.engine.support.hierarchical.NodeTestTask.execute(NodeTestTask.java:95)
	at java.util.ArrayList.forEach(ArrayList.java:1259)
	at org.junit.platform.engine.support.hierarchical.SameThreadHierarchicalTestExecutorService.invokeAll(SameThreadHierarchicalTestExecutorService.java:41)
	at org.junit.platform.engine.support.hierarchical.NodeTestTask.lambda$executeRecursively$6(NodeTestTask.java:155)
	at org.junit.platform.engine.support.hierarchical.ThrowableCollector.execute(ThrowableCollector.java:73)
	at org.junit.platform.engine.support.hierarchical.NodeTestTask.lambda$executeRecursively$8(NodeTestTask.java:141)
	at org.junit.platform.engine.support.hierarchical.Node.around(Node.java:137)
	at org.junit.platform.engine.support.hierarchical.NodeTestTask.lambda$executeRecursively$9(NodeTestTask.java:139)
	at org.junit.platform.engine.support.hierarchical.ThrowableCollector.execute(ThrowableCollector.java:73)
	at org.junit.platform.engine.support.hierarchical.NodeTestTask.executeRecursively(NodeTestTask.java:138)
	at org.junit.platform.engine.support.hierarchical.NodeTestTask.execute(NodeTestTask.java:95)
	at java.util.ArrayList.forEach(ArrayList.java:1259)
	at org.junit.platform.engine.support.hierarchical.SameThreadHierarchicalTestExecutorService.invokeAll(SameThreadHierarchicalTestExecutorService.java:41)
	at org.junit.platform.engine.support.hierarchical.NodeTestTask.lambda$executeRecursively$6(NodeTestTask.java:155)
	at org.junit.platform.engine.support.hierarchical.ThrowableCollector.execute(ThrowableCollector.java:73)
	at org.junit.platform.engine.support.hierarchical.NodeTestTask.lambda$executeRecursively$8(NodeTestTask.java:141)
	at org.junit.platform.engine.support.hierarchical.Node.around(Node.java:137)
	at org.junit.platform.engine.support.hierarchical.NodeTestTask.lambda$executeRecursively$9(NodeTestTask.java:139)
	at org.junit.platform.engine.support.hierarchical.ThrowableCollector.execute(ThrowableCollector.java:73)
	at org.junit.platform.engine.support.hierarchical.NodeTestTask.executeRecursively(NodeTestTask.java:138)
	at org.junit.platform.engine.support.hierarchical.NodeTestTask.execute(NodeTestTask.java:95)
	at org.junit.platform.engine.support.hierarchical.SameThreadHierarchicalTestExecutorService.submit(SameThreadHierarchicalTestExecutorService.java:35)
	at org.junit.platform.engine.support.hierarchical.HierarchicalTestExecutor.execute(HierarchicalTestExecutor.java:57)
	at org.junit.platform.engine.support.hierarchical.HierarchicalTestEngine.execute(HierarchicalTestEngine.java:54)
	at org.junit.platform.launcher.core.EngineExecutionOrchestrator.execute(EngineExecutionOrchestrator.java:107)
	at org.junit.platform.launcher.core.EngineExecutionOrchestrator.execute(EngineExecutionOrchestrator.java:88)
	at org.junit.platform.launcher.core.EngineExecutionOrchestrator.lambda$execute$0(EngineExecutionOrchestrator.java:54)
	at org.junit.platform.launcher.core.EngineExecutionOrchestrator.withInterceptedStreams(EngineExecutionOrchestrator.java:67)
	at org.junit.platform.launcher.core.EngineExecutionOrchestrator.execute(EngineExecutionOrchestrator.java:52)
	at org.junit.platform.launcher.core.DefaultLauncher.execute(DefaultLauncher.java:114)
	at org.junit.platform.launcher.core.DefaultLauncher.execute(DefaultLauncher.java:86)
	at org.junit.platform.launcher.core.DefaultLauncherSession$DelegatingLauncher.execute(DefaultLauncherSession.java:86)
	at org.junit.platform.launcher.core.SessionPerRequestLauncher.execute(SessionPerRequestLauncher.java:53)
	at org.apache.maven.surefire.junitplatform.JUnitPlatformProvider.execute(JUnitPlatformProvider.java:188)
	at org.apache.maven.surefire.junitplatform.JUnitPlatformProvider.invokeAllTests(JUnitPlatformProvider.java:154)
	at org.apache.maven.surefire.junitplatform.JUnitPlatformProvider.invoke(JUnitPlatformProvider.java:124)
	at org.apache.maven.surefire.booter.ForkedBooter.runSuitesInProcess(ForkedBooter.java:428)
	at org.apache.maven.surefire.booter.ForkedBooter.execute(ForkedBooter.java:162)
	at org.apache.maven.surefire.booter.ForkedBooter.run(ForkedBooter.java:562)
	at org.apache.maven.surefire.booter.ForkedBooter.main(ForkedBooter.java:548)
Caused by: java.lang.RuntimeException: Runtime Exception after doing work
	at org.apache.hadoop.hdds.scm.container.balancer.TestContainerBalancerTask.lambda$checkIterationResultException$11(TestContainerBalancerTask.java:1045)
	at java.util.concurrent.CompletableFuture$AsyncSupply.run(CompletableFuture.java:1604)
	at java.lang.Thread.run(Thread.java:750)
2023-09-07 14:19:57,617 [main] INFO  balancer.ContainerBalancerTask (ContainerBalancerTask.java:checkIterationMoveResults(642)) - Iteration Summary. Number of Datanodes involved: 2. Size moved: 0 B (0 Bytes). Number of Container moves completed: 0.
2023-09-07 14:19:57,617 [main] INFO  balancer.ContainerBalancerTask (ContainerBalancerTask.java:balance(259)) - Result of this iteration of Container Balancer: ITERATION_COMPLETED
2023-09-07 14:19:57,617 [main] INFO  balancer.ContainerBalancerTask (ContainerBalancerTask.java:tryStopWithSaveConfiguration(308)) - Save Configuration for stopping. Reason: Completed all iterations.
]]></system-out>
  </testcase>
  <testcase name="balancerShouldObeyMaxSizeLeavingSourceLimit" classname="org.apache.hadoop.hdds.scm.container.balancer.TestContainerBalancerTask" time="0.216">
    <system-out><![CDATA[2023-09-07 14:19:57,639 [main] INFO  net.NodeSchemaLoader (NodeSchemaLoader.java:loadSchemaFromFile(129)) - Loading schema from [file:/home/runner/work/ozone/ozone/hadoop-hdds/common/target/classes/network-topology-default.xml]
2023-09-07 14:19:57,640 [main] INFO  net.NodeSchemaLoader (NodeSchemaLoader.java:loadSchema(176)) - Loading network topology layer schema file
2023-09-07 14:19:57,641 [main] INFO  net.NetworkTopologyImpl (NetworkTopologyImpl.java:add(112)) - Added a new node: /default-rack/5e1a967d-f46f-4335-aa7e-441fd0628abe
2023-09-07 14:19:57,641 [main] INFO  net.NetworkTopologyImpl (NetworkTopologyImpl.java:add(112)) - Added a new node: /default-rack/5db3e25c-f369-47ae-bea0-62fd9083dd37
2023-09-07 14:19:57,641 [main] INFO  net.NetworkTopologyImpl (NetworkTopologyImpl.java:add(112)) - Added a new node: /default-rack/4a488554-0e06-4903-9cb3-800e64f581b3
2023-09-07 14:19:57,642 [main] INFO  net.NetworkTopologyImpl (NetworkTopologyImpl.java:add(112)) - Added a new node: /default-rack/a44b3c4f-23f3-46b6-8713-c61365d9da7a
2023-09-07 14:19:57,642 [main] INFO  net.NetworkTopologyImpl (NetworkTopologyImpl.java:add(112)) - Added a new node: /default-rack/0bba7d4e-4708-42d8-9acc-2b457a38ba46
2023-09-07 14:19:57,642 [main] INFO  net.NetworkTopologyImpl (NetworkTopologyImpl.java:add(112)) - Added a new node: /default-rack/199bc7f0-e261-4a04-9b06-94d2a851ebb8
2023-09-07 14:19:57,642 [main] INFO  net.NetworkTopologyImpl (NetworkTopologyImpl.java:add(112)) - Added a new node: /default-rack/75149754-515b-4804-a625-178ae22ff488
2023-09-07 14:19:57,642 [main] INFO  net.NetworkTopologyImpl (NetworkTopologyImpl.java:add(112)) - Added a new node: /default-rack/0c7abd90-b548-425b-a0f1-46011334d486
2023-09-07 14:19:57,642 [main] INFO  net.NetworkTopologyImpl (NetworkTopologyImpl.java:add(112)) - Added a new node: /default-rack/93bcb7ab-312e-4de8-9980-561139e89596
2023-09-07 14:19:57,642 [main] INFO  net.NetworkTopologyImpl (NetworkTopologyImpl.java:add(112)) - Added a new node: /default-rack/5d9a18ed-0c16-4673-b8f3-98f6c182eb6a
2023-09-07 14:19:57,642 [main] INFO  algorithms.ContainerPlacementPolicyFactory (ContainerPlacementPolicyFactory.java:getPolicyInternal(86)) - Create container placement policy of type org.apache.hadoop.hdds.scm.container.placement.algorithms.SCMContainerPlacementRackAware
2023-09-07 14:19:57,642 [main] INFO  algorithms.ContainerPlacementPolicyFactory (ContainerPlacementPolicyFactory.java:getPolicyInternal(86)) - Create container placement policy of type org.apache.hadoop.hdds.scm.container.placement.algorithms.SCMContainerPlacementRackScatter
2023-09-07 14:19:57,645 [main] DEBUG balancer.ContainerBalancerTask (ContainerBalancerTask.java:initializeIteration(374)) - Average utilization of the cluster is 0.3645815702307043
2023-09-07 14:19:57,645 [main] DEBUG balancer.ContainerBalancerTask (ContainerBalancerTask.java:initializeIteration(386)) - Lower limit for utilization is 0.2645815702307043 and Upper limit for utilization is 0.46458157023070434
2023-09-07 14:19:57,646 [main] DEBUG balancer.ContainerBalancerTask (ContainerBalancerTask.java:initializeIteration(398)) - Utilization for node 0c7abd90-b548-425b-a0f1-46011334d486 with capacity 60845370026B, used 54760833024B, and remaining 6084537002B is 0.900000000009861
2023-09-07 14:19:57,646 [main] DEBUG balancer.ContainerBalancerTask (ContainerBalancerTask.java:initializeIteration(398)) - Utilization for node a44b3c4f-23f3-46b6-8713-c61365d9da7a with capacity 64424509440B, used 51539607552B, and remaining 12884901888B is 0.8
2023-09-07 14:19:57,646 [main] DEBUG balancer.ContainerBalancerTask (ContainerBalancerTask.java:initializeIteration(398)) - Utilization for node 199bc7f0-e261-4a04-9b06-94d2a851ebb8 with capacity 88967179702B, used 62277025792B, and remaining 26690153910B is 0.700000000006744
2023-09-07 14:19:57,646 [main] DEBUG balancer.ContainerBalancerTask (ContainerBalancerTask.java:initializeIteration(398)) - Utilization for node 5e1a967d-f46f-4335-aa7e-441fd0628abe with capacity 60845370026B, used 36507222016B, and remaining 24338148010B is 0.600000000006574
2023-09-07 14:19:57,646 [main] DEBUG balancer.ContainerBalancerTask (ContainerBalancerTask.java:initializeIteration(398)) - Utilization for node 0bba7d4e-4708-42d8-9acc-2b457a38ba46 with capacity 90194313216B, used 45097156608B, and remaining 45097156608B is 0.5
2023-09-07 14:19:57,646 [main] DEBUG balancer.ContainerBalancerTask (ContainerBalancerTask.java:initializeIteration(398)) - Utilization for node 5db3e25c-f369-47ae-bea0-62fd9083dd37 with capacity 93952409600B, used 37580963840B, and remaining 56371445760B is 0.4
2023-09-07 14:19:57,646 [main] DEBUG balancer.ContainerBalancerTask (ContainerBalancerTask.java:initializeIteration(398)) - Utilization for node 75149754-515b-4804-a625-178ae22ff488 with capacity 139586437120B, used 41875931136B, and remaining 97710505984B is 0.3
2023-09-07 14:19:57,646 [main] DEBUG balancer.ContainerBalancerTask (ContainerBalancerTask.java:initializeIteration(398)) - Utilization for node 93bcb7ab-312e-4de8-9980-561139e89596 with capacity 128849018880B, used 25769803776B, and remaining 103079215104B is 0.2
2023-09-07 14:19:57,646 [main] DEBUG balancer.ContainerBalancerTask (ContainerBalancerTask.java:initializeIteration(398)) - Utilization for node 5d9a18ed-0c16-4673-b8f3-98f6c182eb6a with capacity 300647710720B, used 30064771072B, and remaining 270582939648B is 0.1
2023-09-07 14:19:57,646 [main] DEBUG balancer.ContainerBalancerTask (ContainerBalancerTask.java:initializeIteration(398)) - Utilization for node 4a488554-0e06-4903-9cb3-800e64f581b3 with capacity 28991029248B, used 0B, and remaining 28991029248B is 0.0
2023-09-07 14:19:57,646 [main] INFO  balancer.ContainerBalancerTask (ContainerBalancerTask.java:initializeIteration(447)) - Container Balancer has identified 5 Over-Utilized and 3 Under-Utilized Datanodes that need to be balanced.
2023-09-07 14:19:57,647 [main] DEBUG balancer.ContainerBalancerTask (ContainerBalancerTask.java:lambda$initializeIteration$1(453)) - Datanode localhost-128.49.200.99 0c7abd90-b548-425b-a0f1-46011334d486 is Over-Utilized.
2023-09-07 14:19:57,647 [main] DEBUG balancer.ContainerBalancerTask (ContainerBalancerTask.java:lambda$initializeIteration$1(453)) - Datanode localhost-93.208.105.248 a44b3c4f-23f3-46b6-8713-c61365d9da7a is Over-Utilized.
2023-09-07 14:19:57,647 [main] DEBUG balancer.ContainerBalancerTask (ContainerBalancerTask.java:lambda$initializeIteration$1(453)) - Datanode localhost-125.16.156.127 199bc7f0-e261-4a04-9b06-94d2a851ebb8 is Over-Utilized.
2023-09-07 14:19:57,647 [main] DEBUG balancer.ContainerBalancerTask (ContainerBalancerTask.java:lambda$initializeIteration$1(453)) - Datanode localhost-206.53.254.157 5e1a967d-f46f-4335-aa7e-441fd0628abe is Over-Utilized.
2023-09-07 14:19:57,647 [main] DEBUG balancer.ContainerBalancerTask (ContainerBalancerTask.java:lambda$initializeIteration$1(453)) - Datanode localhost-206.202.155.147 0bba7d4e-4708-42d8-9acc-2b457a38ba46 is Over-Utilized.
2023-09-07 14:19:57,647 [main] DEBUG balancer.ContainerBalancerTask (ContainerBalancerTask.java:lambda$initializeIteration$2(459)) - Datanode localhost-255.242.220.152 4a488554-0e06-4903-9cb3-800e64f581b3 is Under-Utilized.
2023-09-07 14:19:57,647 [main] DEBUG balancer.ContainerBalancerTask (ContainerBalancerTask.java:lambda$initializeIteration$2(459)) - Datanode localhost-158.113.204.130 5d9a18ed-0c16-4673-b8f3-98f6c182eb6a is Under-Utilized.
2023-09-07 14:19:57,647 [main] DEBUG balancer.ContainerBalancerTask (ContainerBalancerTask.java:lambda$initializeIteration$2(459)) - Datanode localhost-248.194.219.200 93bcb7ab-312e-4de8-9980-561139e89596 is Under-Utilized.
2023-09-07 14:19:57,649 [main] DEBUG balancer.ContainerBalancerTask (ContainerBalancerTask.java:matchSourceWithTarget(701)) - ContainerBalancer could not find any candidate containers for datanode 0c7abd90-b548-425b-a0f1-46011334d486
2023-09-07 14:19:57,652 [main] DEBUG balancer.ContainerBalancerTask (ContainerBalancerTask.java:matchSourceWithTarget(701)) - ContainerBalancer could not find any candidate containers for datanode a44b3c4f-23f3-46b6-8713-c61365d9da7a
2023-09-07 14:19:57,654 [main] DEBUG balancer.ContainerBalancerTask (ContainerBalancerTask.java:matchSourceWithTarget(701)) - ContainerBalancer could not find any candidate containers for datanode 199bc7f0-e261-4a04-9b06-94d2a851ebb8
2023-09-07 14:19:57,655 [main] DEBUG balancer.ContainerBalancerTask (ContainerBalancerTask.java:matchSourceWithTarget(701)) - ContainerBalancer could not find any candidate containers for datanode 5e1a967d-f46f-4335-aa7e-441fd0628abe
2023-09-07 14:19:57,657 [main] DEBUG balancer.ContainerBalancerTask (ContainerBalancerTask.java:matchSourceWithTarget(701)) - ContainerBalancer could not find any candidate containers for datanode 0bba7d4e-4708-42d8-9acc-2b457a38ba46
2023-09-07 14:19:57,657 [main] INFO  balancer.FindSourceGreedy (FindSourceGreedy.java:getNextCandidateSourceDataNode(126)) - no more candidate source data node
2023-09-07 14:19:57,657 [main] INFO  balancer.ContainerBalancerTask (ContainerBalancerTask.java:balance(259)) - Result of this iteration of Container Balancer: CAN_NOT_BALANCE_ANY_MORE
2023-09-07 14:19:57,658 [main] INFO  balancer.ContainerBalancerTask (ContainerBalancerTask.java:tryStopWithSaveConfiguration(308)) - Save Configuration for stopping. Reason: CAN_NOT_BALANCE_ANY_MORE
2023-09-07 14:19:57,669 [main] DEBUG balancer.ContainerBalancerTask (ContainerBalancerTask.java:initializeIteration(374)) - Average utilization of the cluster is 0.3645815702307043
2023-09-07 14:19:57,669 [main] DEBUG balancer.ContainerBalancerTask (ContainerBalancerTask.java:initializeIteration(386)) - Lower limit for utilization is 0.2645815702307043 and Upper limit for utilization is 0.46458157023070434
2023-09-07 14:19:57,669 [main] DEBUG balancer.ContainerBalancerTask (ContainerBalancerTask.java:initializeIteration(398)) - Utilization for node 0c7abd90-b548-425b-a0f1-46011334d486 with capacity 60845370026B, used 54760833024B, and remaining 6084537002B is 0.900000000009861
2023-09-07 14:19:57,669 [main] DEBUG balancer.ContainerBalancerTask (ContainerBalancerTask.java:initializeIteration(398)) - Utilization for node a44b3c4f-23f3-46b6-8713-c61365d9da7a with capacity 64424509440B, used 51539607552B, and remaining 12884901888B is 0.8
2023-09-07 14:19:57,669 [main] DEBUG balancer.ContainerBalancerTask (ContainerBalancerTask.java:initializeIteration(398)) - Utilization for node 199bc7f0-e261-4a04-9b06-94d2a851ebb8 with capacity 88967179702B, used 62277025792B, and remaining 26690153910B is 0.700000000006744
2023-09-07 14:19:57,669 [main] DEBUG balancer.ContainerBalancerTask (ContainerBalancerTask.java:initializeIteration(398)) - Utilization for node 5e1a967d-f46f-4335-aa7e-441fd0628abe with capacity 60845370026B, used 36507222016B, and remaining 24338148010B is 0.600000000006574
2023-09-07 14:19:57,669 [main] DEBUG balancer.ContainerBalancerTask (ContainerBalancerTask.java:initializeIteration(398)) - Utilization for node 0bba7d4e-4708-42d8-9acc-2b457a38ba46 with capacity 90194313216B, used 45097156608B, and remaining 45097156608B is 0.5
2023-09-07 14:19:57,669 [main] DEBUG balancer.ContainerBalancerTask (ContainerBalancerTask.java:initializeIteration(398)) - Utilization for node 5db3e25c-f369-47ae-bea0-62fd9083dd37 with capacity 93952409600B, used 37580963840B, and remaining 56371445760B is 0.4
2023-09-07 14:19:57,669 [main] DEBUG balancer.ContainerBalancerTask (ContainerBalancerTask.java:initializeIteration(398)) - Utilization for node 75149754-515b-4804-a625-178ae22ff488 with capacity 139586437120B, used 41875931136B, and remaining 97710505984B is 0.3
2023-09-07 14:19:57,669 [main] DEBUG balancer.ContainerBalancerTask (ContainerBalancerTask.java:initializeIteration(398)) - Utilization for node 93bcb7ab-312e-4de8-9980-561139e89596 with capacity 128849018880B, used 25769803776B, and remaining 103079215104B is 0.2
2023-09-07 14:19:57,669 [main] DEBUG balancer.ContainerBalancerTask (ContainerBalancerTask.java:initializeIteration(398)) - Utilization for node 5d9a18ed-0c16-4673-b8f3-98f6c182eb6a with capacity 300647710720B, used 30064771072B, and remaining 270582939648B is 0.1
2023-09-07 14:19:57,670 [main] DEBUG balancer.ContainerBalancerTask (ContainerBalancerTask.java:initializeIteration(398)) - Utilization for node 4a488554-0e06-4903-9cb3-800e64f581b3 with capacity 28991029248B, used 0B, and remaining 28991029248B is 0.0
2023-09-07 14:19:57,670 [main] INFO  balancer.ContainerBalancerTask (ContainerBalancerTask.java:initializeIteration(447)) - Container Balancer has identified 5 Over-Utilized and 3 Under-Utilized Datanodes that need to be balanced.
2023-09-07 14:19:57,670 [main] DEBUG balancer.ContainerBalancerTask (ContainerBalancerTask.java:lambda$initializeIteration$1(453)) - Datanode localhost-128.49.200.99 0c7abd90-b548-425b-a0f1-46011334d486 is Over-Utilized.
2023-09-07 14:19:57,670 [main] DEBUG balancer.ContainerBalancerTask (ContainerBalancerTask.java:lambda$initializeIteration$1(453)) - Datanode localhost-93.208.105.248 a44b3c4f-23f3-46b6-8713-c61365d9da7a is Over-Utilized.
2023-09-07 14:19:57,670 [main] DEBUG balancer.ContainerBalancerTask (ContainerBalancerTask.java:lambda$initializeIteration$1(453)) - Datanode localhost-125.16.156.127 199bc7f0-e261-4a04-9b06-94d2a851ebb8 is Over-Utilized.
2023-09-07 14:19:57,670 [main] DEBUG balancer.ContainerBalancerTask (ContainerBalancerTask.java:lambda$initializeIteration$1(453)) - Datanode localhost-206.53.254.157 5e1a967d-f46f-4335-aa7e-441fd0628abe is Over-Utilized.
2023-09-07 14:19:57,670 [main] DEBUG balancer.ContainerBalancerTask (ContainerBalancerTask.java:lambda$initializeIteration$1(453)) - Datanode localhost-206.202.155.147 0bba7d4e-4708-42d8-9acc-2b457a38ba46 is Over-Utilized.
2023-09-07 14:19:57,670 [main] DEBUG balancer.ContainerBalancerTask (ContainerBalancerTask.java:lambda$initializeIteration$2(459)) - Datanode localhost-255.242.220.152 4a488554-0e06-4903-9cb3-800e64f581b3 is Under-Utilized.
2023-09-07 14:19:57,670 [main] DEBUG balancer.ContainerBalancerTask (ContainerBalancerTask.java:lambda$initializeIteration$2(459)) - Datanode localhost-158.113.204.130 5d9a18ed-0c16-4673-b8f3-98f6c182eb6a is Under-Utilized.
2023-09-07 14:19:57,670 [main] DEBUG balancer.ContainerBalancerTask (ContainerBalancerTask.java:lambda$initializeIteration$2(459)) - Datanode localhost-248.194.219.200 93bcb7ab-312e-4de8-9980-561139e89596 is Under-Utilized.
2023-09-07 14:19:57,673 [main] DEBUG balancer.ContainerBalancerTask (ContainerBalancerTask.java:matchSourceWithTarget(708)) - ContainerBalancer is finding suitable target for source datanode 0c7abd90-b548-425b-a0f1-46011334d486
2023-09-07 14:19:57,673 [main] INFO  balancer.ContainerBalancerTask (ContainerBalancerTask.java:matchSourceWithTarget(722)) - ContainerBalancer matched source datanode 0c7abd90-b548-425b-a0f1-46011334d486 with target datanode 4a488554-0e06-4903-9cb3-800e64f581b3 for container move.
2023-09-07 14:19:57,673 [main] INFO  balancer.ContainerBalancerTask (ContainerBalancerTask.java:processMoveSelection(569)) - ContainerBalancer is trying to move container #85 with size 5368709120B from source datanode 0c7abd90-b548-425b-a0f1-46011334d486 to target datanode 4a488554-0e06-4903-9cb3-800e64f581b3
2023-09-07 14:19:57,673 [main] DEBUG balancer.ContainerBalancerTask (ContainerBalancerTask.java:lambda$moveContainer$3(837)) - Container move completed for container #85 from source 0c7abd90-b548-425b-a0f1-46011334d486 to target 4a488554-0e06-4903-9cb3-800e64f581b3
2023-09-07 14:19:57,673 [main] DEBUG balancer.ContainerBalancerTask (ContainerBalancerTask.java:adaptOnReachingIterationLimits(782)) - Reached max datanodes to involve limit. 2 datanodes have already been selected for balancing and the limit is 2. Only already selected sources and targets can be involved in balancing now.
2023-09-07 14:19:57,675 [main] DEBUG balancer.ContainerBalancerTask (ContainerBalancerTask.java:matchSourceWithTarget(708)) - ContainerBalancer is finding suitable target for source datanode 0c7abd90-b548-425b-a0f1-46011334d486
2023-09-07 14:19:57,676 [main] INFO  balancer.ContainerBalancerTask (ContainerBalancerTask.java:matchSourceWithTarget(722)) - ContainerBalancer matched source datanode 0c7abd90-b548-425b-a0f1-46011334d486 with target datanode 4a488554-0e06-4903-9cb3-800e64f581b3 for container move.
2023-09-07 14:19:57,676 [main] INFO  balancer.ContainerBalancerTask (ContainerBalancerTask.java:processMoveSelection(569)) - ContainerBalancer is trying to move container #53 with size 5368709120B from source datanode 0c7abd90-b548-425b-a0f1-46011334d486 to target datanode 4a488554-0e06-4903-9cb3-800e64f581b3
2023-09-07 14:19:57,676 [main] DEBUG balancer.ContainerBalancerTask (ContainerBalancerTask.java:lambda$moveContainer$3(837)) - Container move completed for container #53 from source 0c7abd90-b548-425b-a0f1-46011334d486 to target 4a488554-0e06-4903-9cb3-800e64f581b3
2023-09-07 14:19:57,678 [main] DEBUG balancer.ContainerBalancerTask (ContainerBalancerTask.java:matchSourceWithTarget(708)) - ContainerBalancer is finding suitable target for source datanode 0c7abd90-b548-425b-a0f1-46011334d486
2023-09-07 14:19:57,679 [main] INFO  balancer.ContainerBalancerTask (ContainerBalancerTask.java:matchSourceWithTarget(722)) - ContainerBalancer matched source datanode 0c7abd90-b548-425b-a0f1-46011334d486 with target datanode 4a488554-0e06-4903-9cb3-800e64f581b3 for container move.
2023-09-07 14:19:57,679 [main] INFO  balancer.ContainerBalancerTask (ContainerBalancerTask.java:processMoveSelection(569)) - ContainerBalancer is trying to move container #87 with size 2147483648B from source datanode 0c7abd90-b548-425b-a0f1-46011334d486 to target datanode 4a488554-0e06-4903-9cb3-800e64f581b3
2023-09-07 14:19:57,679 [main] DEBUG balancer.ContainerBalancerTask (ContainerBalancerTask.java:lambda$moveContainer$3(837)) - Container move completed for container #87 from source 0c7abd90-b548-425b-a0f1-46011334d486 to target 4a488554-0e06-4903-9cb3-800e64f581b3
2023-09-07 14:19:57,681 [main] DEBUG balancer.ContainerBalancerTask (ContainerBalancerTask.java:matchSourceWithTarget(708)) - ContainerBalancer is finding suitable target for source datanode 0c7abd90-b548-425b-a0f1-46011334d486
2023-09-07 14:19:57,682 [main] INFO  balancer.FindTargetGreedyByUsageInfo (AbstractFindTargetGreedy.java:findTargetForContainerMove(133)) - Container Balancer could not find a target for source datanode 0c7abd90-b548-425b-a0f1-46011334d486
2023-09-07 14:19:57,682 [main] DEBUG balancer.ContainerBalancerTask (ContainerBalancerTask.java:matchSourceWithTarget(717)) - ContainerBalancer could not find a suitable target for source node 0c7abd90-b548-425b-a0f1-46011334d486.
2023-09-07 14:19:57,682 [main] INFO  balancer.FindSourceGreedy (FindSourceGreedy.java:getNextCandidateSourceDataNode(126)) - no more candidate source data node
2023-09-07 14:19:57,682 [main] INFO  balancer.ContainerBalancerTask (ContainerBalancerTask.java:checkIterationMoveResults(642)) - Iteration Summary. Number of Datanodes involved: 2. Size moved: 12 GB (12884901888 Bytes). Number of Container moves completed: 3.
2023-09-07 14:19:57,682 [main] INFO  balancer.ContainerBalancerTask (ContainerBalancerTask.java:balance(259)) - Result of this iteration of Container Balancer: ITERATION_COMPLETED
2023-09-07 14:19:57,684 [main] DEBUG balancer.ContainerBalancerTask (ContainerBalancerTask.java:initializeIteration(374)) - Average utilization of the cluster is 0.3645815702307043
2023-09-07 14:19:57,684 [main] DEBUG balancer.ContainerBalancerTask (ContainerBalancerTask.java:initializeIteration(386)) - Lower limit for utilization is 0.2645815702307043 and Upper limit for utilization is 0.46458157023070434
2023-09-07 14:19:57,684 [main] DEBUG balancer.ContainerBalancerTask (ContainerBalancerTask.java:initializeIteration(398)) - Utilization for node 0c7abd90-b548-425b-a0f1-46011334d486 with capacity 60845370026B, used 54760833024B, and remaining 6084537002B is 0.900000000009861
2023-09-07 14:19:57,685 [main] DEBUG balancer.ContainerBalancerTask (ContainerBalancerTask.java:initializeIteration(398)) - Utilization for node a44b3c4f-23f3-46b6-8713-c61365d9da7a with capacity 64424509440B, used 51539607552B, and remaining 12884901888B is 0.8
2023-09-07 14:19:57,685 [main] DEBUG balancer.ContainerBalancerTask (ContainerBalancerTask.java:initializeIteration(398)) - Utilization for node 199bc7f0-e261-4a04-9b06-94d2a851ebb8 with capacity 88967179702B, used 62277025792B, and remaining 26690153910B is 0.700000000006744
2023-09-07 14:19:57,685 [main] DEBUG balancer.ContainerBalancerTask (ContainerBalancerTask.java:initializeIteration(398)) - Utilization for node 5e1a967d-f46f-4335-aa7e-441fd0628abe with capacity 60845370026B, used 36507222016B, and remaining 24338148010B is 0.600000000006574
2023-09-07 14:19:57,685 [main] DEBUG balancer.ContainerBalancerTask (ContainerBalancerTask.java:initializeIteration(398)) - Utilization for node 0bba7d4e-4708-42d8-9acc-2b457a38ba46 with capacity 90194313216B, used 45097156608B, and remaining 45097156608B is 0.5
2023-09-07 14:19:57,685 [main] DEBUG balancer.ContainerBalancerTask (ContainerBalancerTask.java:initializeIteration(398)) - Utilization for node 5db3e25c-f369-47ae-bea0-62fd9083dd37 with capacity 93952409600B, used 37580963840B, and remaining 56371445760B is 0.4
2023-09-07 14:19:57,685 [main] DEBUG balancer.ContainerBalancerTask (ContainerBalancerTask.java:initializeIteration(398)) - Utilization for node 75149754-515b-4804-a625-178ae22ff488 with capacity 139586437120B, used 41875931136B, and remaining 97710505984B is 0.3
2023-09-07 14:19:57,685 [main] DEBUG balancer.ContainerBalancerTask (ContainerBalancerTask.java:initializeIteration(398)) - Utilization for node 93bcb7ab-312e-4de8-9980-561139e89596 with capacity 128849018880B, used 25769803776B, and remaining 103079215104B is 0.2
2023-09-07 14:19:57,685 [main] DEBUG balancer.ContainerBalancerTask (ContainerBalancerTask.java:initializeIteration(398)) - Utilization for node 5d9a18ed-0c16-4673-b8f3-98f6c182eb6a with capacity 300647710720B, used 30064771072B, and remaining 270582939648B is 0.1
2023-09-07 14:19:57,685 [main] DEBUG balancer.ContainerBalancerTask (ContainerBalancerTask.java:initializeIteration(398)) - Utilization for node 4a488554-0e06-4903-9cb3-800e64f581b3 with capacity 28991029248B, used 0B, and remaining 28991029248B is 0.0
2023-09-07 14:19:57,685 [main] INFO  balancer.ContainerBalancerTask (ContainerBalancerTask.java:initializeIteration(447)) - Container Balancer has identified 5 Over-Utilized and 3 Under-Utilized Datanodes that need to be balanced.
2023-09-07 14:19:57,685 [main] DEBUG balancer.ContainerBalancerTask (ContainerBalancerTask.java:lambda$initializeIteration$1(453)) - Datanode localhost-128.49.200.99 0c7abd90-b548-425b-a0f1-46011334d486 is Over-Utilized.
2023-09-07 14:19:57,685 [main] DEBUG balancer.ContainerBalancerTask (ContainerBalancerTask.java:lambda$initializeIteration$1(453)) - Datanode localhost-93.208.105.248 a44b3c4f-23f3-46b6-8713-c61365d9da7a is Over-Utilized.
2023-09-07 14:19:57,686 [main] DEBUG balancer.ContainerBalancerTask (ContainerBalancerTask.java:lambda$initializeIteration$1(453)) - Datanode localhost-125.16.156.127 199bc7f0-e261-4a04-9b06-94d2a851ebb8 is Over-Utilized.
2023-09-07 14:19:57,686 [main] DEBUG balancer.ContainerBalancerTask (ContainerBalancerTask.java:lambda$initializeIteration$1(453)) - Datanode localhost-206.53.254.157 5e1a967d-f46f-4335-aa7e-441fd0628abe is Over-Utilized.
2023-09-07 14:19:57,686 [main] DEBUG balancer.ContainerBalancerTask (ContainerBalancerTask.java:lambda$initializeIteration$1(453)) - Datanode localhost-206.202.155.147 0bba7d4e-4708-42d8-9acc-2b457a38ba46 is Over-Utilized.
2023-09-07 14:19:57,686 [main] DEBUG balancer.ContainerBalancerTask (ContainerBalancerTask.java:lambda$initializeIteration$2(459)) - Datanode localhost-255.242.220.152 4a488554-0e06-4903-9cb3-800e64f581b3 is Under-Utilized.
2023-09-07 14:19:57,686 [main] DEBUG balancer.ContainerBalancerTask (ContainerBalancerTask.java:lambda$initializeIteration$2(459)) - Datanode localhost-158.113.204.130 5d9a18ed-0c16-4673-b8f3-98f6c182eb6a is Under-Utilized.
2023-09-07 14:19:57,686 [main] DEBUG balancer.ContainerBalancerTask (ContainerBalancerTask.java:lambda$initializeIteration$2(459)) - Datanode localhost-248.194.219.200 93bcb7ab-312e-4de8-9980-561139e89596 is Under-Utilized.
2023-09-07 14:19:57,688 [main] DEBUG balancer.ContainerBalancerTask (ContainerBalancerTask.java:matchSourceWithTarget(708)) - ContainerBalancer is finding suitable target for source datanode 0c7abd90-b548-425b-a0f1-46011334d486
2023-09-07 14:19:57,688 [main] INFO  balancer.ContainerBalancerTask (ContainerBalancerTask.java:matchSourceWithTarget(722)) - ContainerBalancer matched source datanode 0c7abd90-b548-425b-a0f1-46011334d486 with target datanode 4a488554-0e06-4903-9cb3-800e64f581b3 for container move.
2023-09-07 14:19:57,689 [main] INFO  balancer.ContainerBalancerTask (ContainerBalancerTask.java:processMoveSelection(569)) - ContainerBalancer is trying to move container #85 with size 5368709120B from source datanode 0c7abd90-b548-425b-a0f1-46011334d486 to target datanode 4a488554-0e06-4903-9cb3-800e64f581b3
2023-09-07 14:19:57,689 [main] DEBUG balancer.ContainerBalancerTask (ContainerBalancerTask.java:lambda$moveContainer$3(837)) - Container move completed for container #85 from source 0c7abd90-b548-425b-a0f1-46011334d486 to target 4a488554-0e06-4903-9cb3-800e64f581b3
2023-09-07 14:19:57,689 [main] DEBUG balancer.ContainerBalancerTask (ContainerBalancerTask.java:adaptOnReachingIterationLimits(782)) - Reached max datanodes to involve limit. 2 datanodes have already been selected for balancing and the limit is 2. Only already selected sources and targets can be involved in balancing now.
2023-09-07 14:19:57,691 [main] DEBUG balancer.ContainerBalancerTask (ContainerBalancerTask.java:matchSourceWithTarget(708)) - ContainerBalancer is finding suitable target for source datanode 0c7abd90-b548-425b-a0f1-46011334d486
2023-09-07 14:19:57,691 [main] INFO  balancer.ContainerBalancerTask (ContainerBalancerTask.java:matchSourceWithTarget(722)) - ContainerBalancer matched source datanode 0c7abd90-b548-425b-a0f1-46011334d486 with target datanode 4a488554-0e06-4903-9cb3-800e64f581b3 for container move.
2023-09-07 14:19:57,691 [main] INFO  balancer.ContainerBalancerTask (ContainerBalancerTask.java:processMoveSelection(569)) - ContainerBalancer is trying to move container #53 with size 5368709120B from source datanode 0c7abd90-b548-425b-a0f1-46011334d486 to target datanode 4a488554-0e06-4903-9cb3-800e64f581b3
2023-09-07 14:19:57,691 [main] DEBUG balancer.ContainerBalancerTask (ContainerBalancerTask.java:lambda$moveContainer$3(837)) - Container move completed for container #53 from source 0c7abd90-b548-425b-a0f1-46011334d486 to target 4a488554-0e06-4903-9cb3-800e64f581b3
2023-09-07 14:19:57,694 [main] DEBUG balancer.ContainerBalancerTask (ContainerBalancerTask.java:matchSourceWithTarget(708)) - ContainerBalancer is finding suitable target for source datanode 0c7abd90-b548-425b-a0f1-46011334d486
2023-09-07 14:19:57,694 [main] INFO  balancer.ContainerBalancerTask (ContainerBalancerTask.java:matchSourceWithTarget(722)) - ContainerBalancer matched source datanode 0c7abd90-b548-425b-a0f1-46011334d486 with target datanode 4a488554-0e06-4903-9cb3-800e64f581b3 for container move.
2023-09-07 14:19:57,694 [main] INFO  balancer.ContainerBalancerTask (ContainerBalancerTask.java:processMoveSelection(569)) - ContainerBalancer is trying to move container #87 with size 2147483648B from source datanode 0c7abd90-b548-425b-a0f1-46011334d486 to target datanode 4a488554-0e06-4903-9cb3-800e64f581b3
2023-09-07 14:19:57,694 [main] DEBUG balancer.ContainerBalancerTask (ContainerBalancerTask.java:lambda$moveContainer$3(837)) - Container move completed for container #87 from source 0c7abd90-b548-425b-a0f1-46011334d486 to target 4a488554-0e06-4903-9cb3-800e64f581b3
2023-09-07 14:19:57,697 [main] DEBUG balancer.ContainerBalancerTask (ContainerBalancerTask.java:matchSourceWithTarget(708)) - ContainerBalancer is finding suitable target for source datanode 0c7abd90-b548-425b-a0f1-46011334d486
2023-09-07 14:19:57,697 [main] INFO  balancer.FindTargetGreedyByUsageInfo (AbstractFindTargetGreedy.java:findTargetForContainerMove(133)) - Container Balancer could not find a target for source datanode 0c7abd90-b548-425b-a0f1-46011334d486
2023-09-07 14:19:57,698 [main] DEBUG balancer.ContainerBalancerTask (ContainerBalancerTask.java:matchSourceWithTarget(717)) - ContainerBalancer could not find a suitable target for source node 0c7abd90-b548-425b-a0f1-46011334d486.
2023-09-07 14:19:57,698 [main] INFO  balancer.FindSourceGreedy (FindSourceGreedy.java:getNextCandidateSourceDataNode(126)) - no more candidate source data node
2023-09-07 14:19:57,698 [main] INFO  balancer.ContainerBalancerTask (ContainerBalancerTask.java:checkIterationMoveResults(642)) - Iteration Summary. Number of Datanodes involved: 2. Size moved: 12 GB (12884901888 Bytes). Number of Container moves completed: 3.
2023-09-07 14:19:57,698 [main] INFO  balancer.ContainerBalancerTask (ContainerBalancerTask.java:balance(259)) - Result of this iteration of Container Balancer: ITERATION_COMPLETED
2023-09-07 14:19:57,700 [main] DEBUG balancer.ContainerBalancerTask (ContainerBalancerTask.java:initializeIteration(374)) - Average utilization of the cluster is 0.3645815702307043
2023-09-07 14:19:57,700 [main] DEBUG balancer.ContainerBalancerTask (ContainerBalancerTask.java:initializeIteration(386)) - Lower limit for utilization is 0.2645815702307043 and Upper limit for utilization is 0.46458157023070434
2023-09-07 14:19:57,700 [main] DEBUG balancer.ContainerBalancerTask (ContainerBalancerTask.java:initializeIteration(398)) - Utilization for node 0c7abd90-b548-425b-a0f1-46011334d486 with capacity 60845370026B, used 54760833024B, and remaining 6084537002B is 0.900000000009861
2023-09-07 14:19:57,700 [main] DEBUG balancer.ContainerBalancerTask (ContainerBalancerTask.java:initializeIteration(398)) - Utilization for node a44b3c4f-23f3-46b6-8713-c61365d9da7a with capacity 64424509440B, used 51539607552B, and remaining 12884901888B is 0.8
2023-09-07 14:19:57,700 [main] DEBUG balancer.ContainerBalancerTask (ContainerBalancerTask.java:initializeIteration(398)) - Utilization for node 199bc7f0-e261-4a04-9b06-94d2a851ebb8 with capacity 88967179702B, used 62277025792B, and remaining 26690153910B is 0.700000000006744
2023-09-07 14:19:57,700 [main] DEBUG balancer.ContainerBalancerTask (ContainerBalancerTask.java:initializeIteration(398)) - Utilization for node 5e1a967d-f46f-4335-aa7e-441fd0628abe with capacity 60845370026B, used 36507222016B, and remaining 24338148010B is 0.600000000006574
2023-09-07 14:19:57,700 [main] DEBUG balancer.ContainerBalancerTask (ContainerBalancerTask.java:initializeIteration(398)) - Utilization for node 0bba7d4e-4708-42d8-9acc-2b457a38ba46 with capacity 90194313216B, used 45097156608B, and remaining 45097156608B is 0.5
2023-09-07 14:19:57,700 [main] DEBUG balancer.ContainerBalancerTask (ContainerBalancerTask.java:initializeIteration(398)) - Utilization for node 5db3e25c-f369-47ae-bea0-62fd9083dd37 with capacity 93952409600B, used 37580963840B, and remaining 56371445760B is 0.4
2023-09-07 14:19:57,700 [main] DEBUG balancer.ContainerBalancerTask (ContainerBalancerTask.java:initializeIteration(398)) - Utilization for node 75149754-515b-4804-a625-178ae22ff488 with capacity 139586437120B, used 41875931136B, and remaining 97710505984B is 0.3
2023-09-07 14:19:57,700 [main] DEBUG balancer.ContainerBalancerTask (ContainerBalancerTask.java:initializeIteration(398)) - Utilization for node 93bcb7ab-312e-4de8-9980-561139e89596 with capacity 128849018880B, used 25769803776B, and remaining 103079215104B is 0.2
2023-09-07 14:19:57,700 [main] DEBUG balancer.ContainerBalancerTask (ContainerBalancerTask.java:initializeIteration(398)) - Utilization for node 5d9a18ed-0c16-4673-b8f3-98f6c182eb6a with capacity 300647710720B, used 30064771072B, and remaining 270582939648B is 0.1
2023-09-07 14:19:57,701 [main] DEBUG balancer.ContainerBalancerTask (ContainerBalancerTask.java:initializeIteration(398)) - Utilization for node 4a488554-0e06-4903-9cb3-800e64f581b3 with capacity 28991029248B, used 0B, and remaining 28991029248B is 0.0
2023-09-07 14:19:57,701 [main] INFO  balancer.ContainerBalancerTask (ContainerBalancerTask.java:initializeIteration(447)) - Container Balancer has identified 5 Over-Utilized and 3 Under-Utilized Datanodes that need to be balanced.
2023-09-07 14:19:57,701 [main] DEBUG balancer.ContainerBalancerTask (ContainerBalancerTask.java:lambda$initializeIteration$1(453)) - Datanode localhost-128.49.200.99 0c7abd90-b548-425b-a0f1-46011334d486 is Over-Utilized.
2023-09-07 14:19:57,701 [main] DEBUG balancer.ContainerBalancerTask (ContainerBalancerTask.java:lambda$initializeIteration$1(453)) - Datanode localhost-93.208.105.248 a44b3c4f-23f3-46b6-8713-c61365d9da7a is Over-Utilized.
2023-09-07 14:19:57,701 [main] DEBUG balancer.ContainerBalancerTask (ContainerBalancerTask.java:lambda$initializeIteration$1(453)) - Datanode localhost-125.16.156.127 199bc7f0-e261-4a04-9b06-94d2a851ebb8 is Over-Utilized.
2023-09-07 14:19:57,701 [main] DEBUG balancer.ContainerBalancerTask (ContainerBalancerTask.java:lambda$initializeIteration$1(453)) - Datanode localhost-206.53.254.157 5e1a967d-f46f-4335-aa7e-441fd0628abe is Over-Utilized.
2023-09-07 14:19:57,701 [main] DEBUG balancer.ContainerBalancerTask (ContainerBalancerTask.java:lambda$initializeIteration$1(453)) - Datanode localhost-206.202.155.147 0bba7d4e-4708-42d8-9acc-2b457a38ba46 is Over-Utilized.
2023-09-07 14:19:57,701 [main] DEBUG balancer.ContainerBalancerTask (ContainerBalancerTask.java:lambda$initializeIteration$2(459)) - Datanode localhost-255.242.220.152 4a488554-0e06-4903-9cb3-800e64f581b3 is Under-Utilized.
2023-09-07 14:19:57,701 [main] DEBUG balancer.ContainerBalancerTask (ContainerBalancerTask.java:lambda$initializeIteration$2(459)) - Datanode localhost-158.113.204.130 5d9a18ed-0c16-4673-b8f3-98f6c182eb6a is Under-Utilized.
2023-09-07 14:19:57,701 [main] DEBUG balancer.ContainerBalancerTask (ContainerBalancerTask.java:lambda$initializeIteration$2(459)) - Datanode localhost-248.194.219.200 93bcb7ab-312e-4de8-9980-561139e89596 is Under-Utilized.
2023-09-07 14:19:57,703 [main] DEBUG balancer.ContainerBalancerTask (ContainerBalancerTask.java:matchSourceWithTarget(708)) - ContainerBalancer is finding suitable target for source datanode 0c7abd90-b548-425b-a0f1-46011334d486
2023-09-07 14:19:57,704 [main] INFO  balancer.ContainerBalancerTask (ContainerBalancerTask.java:matchSourceWithTarget(722)) - ContainerBalancer matched source datanode 0c7abd90-b548-425b-a0f1-46011334d486 with target datanode 4a488554-0e06-4903-9cb3-800e64f581b3 for container move.
2023-09-07 14:19:57,704 [main] INFO  balancer.ContainerBalancerTask (ContainerBalancerTask.java:processMoveSelection(569)) - ContainerBalancer is trying to move container #85 with size 5368709120B from source datanode 0c7abd90-b548-425b-a0f1-46011334d486 to target datanode 4a488554-0e06-4903-9cb3-800e64f581b3
2023-09-07 14:19:57,704 [main] DEBUG balancer.ContainerBalancerTask (ContainerBalancerTask.java:lambda$moveContainer$3(837)) - Container move completed for container #85 from source 0c7abd90-b548-425b-a0f1-46011334d486 to target 4a488554-0e06-4903-9cb3-800e64f581b3
2023-09-07 14:19:57,704 [main] DEBUG balancer.ContainerBalancerTask (ContainerBalancerTask.java:adaptOnReachingIterationLimits(782)) - Reached max datanodes to involve limit. 2 datanodes have already been selected for balancing and the limit is 2. Only already selected sources and targets can be involved in balancing now.
2023-09-07 14:19:57,706 [main] DEBUG balancer.ContainerBalancerTask (ContainerBalancerTask.java:matchSourceWithTarget(708)) - ContainerBalancer is finding suitable target for source datanode 0c7abd90-b548-425b-a0f1-46011334d486
2023-09-07 14:19:57,706 [main] INFO  balancer.ContainerBalancerTask (ContainerBalancerTask.java:matchSourceWithTarget(722)) - ContainerBalancer matched source datanode 0c7abd90-b548-425b-a0f1-46011334d486 with target datanode 4a488554-0e06-4903-9cb3-800e64f581b3 for container move.
2023-09-07 14:19:57,706 [main] INFO  balancer.ContainerBalancerTask (ContainerBalancerTask.java:processMoveSelection(569)) - ContainerBalancer is trying to move container #53 with size 5368709120B from source datanode 0c7abd90-b548-425b-a0f1-46011334d486 to target datanode 4a488554-0e06-4903-9cb3-800e64f581b3
2023-09-07 14:19:57,707 [main] DEBUG balancer.ContainerBalancerTask (ContainerBalancerTask.java:lambda$moveContainer$3(837)) - Container move completed for container #53 from source 0c7abd90-b548-425b-a0f1-46011334d486 to target 4a488554-0e06-4903-9cb3-800e64f581b3
2023-09-07 14:19:57,709 [main] DEBUG balancer.ContainerBalancerTask (ContainerBalancerTask.java:matchSourceWithTarget(708)) - ContainerBalancer is finding suitable target for source datanode 0c7abd90-b548-425b-a0f1-46011334d486
2023-09-07 14:19:57,709 [main] INFO  balancer.ContainerBalancerTask (ContainerBalancerTask.java:matchSourceWithTarget(722)) - ContainerBalancer matched source datanode 0c7abd90-b548-425b-a0f1-46011334d486 with target datanode 4a488554-0e06-4903-9cb3-800e64f581b3 for container move.
2023-09-07 14:19:57,710 [main] INFO  balancer.ContainerBalancerTask (ContainerBalancerTask.java:processMoveSelection(569)) - ContainerBalancer is trying to move container #87 with size 2147483648B from source datanode 0c7abd90-b548-425b-a0f1-46011334d486 to target datanode 4a488554-0e06-4903-9cb3-800e64f581b3
2023-09-07 14:19:57,710 [main] DEBUG balancer.ContainerBalancerTask (ContainerBalancerTask.java:lambda$moveContainer$3(837)) - Container move completed for container #87 from source 0c7abd90-b548-425b-a0f1-46011334d486 to target 4a488554-0e06-4903-9cb3-800e64f581b3
2023-09-07 14:19:57,712 [main] DEBUG balancer.ContainerBalancerTask (ContainerBalancerTask.java:matchSourceWithTarget(708)) - ContainerBalancer is finding suitable target for source datanode 0c7abd90-b548-425b-a0f1-46011334d486
2023-09-07 14:19:57,713 [main] INFO  balancer.FindTargetGreedyByUsageInfo (AbstractFindTargetGreedy.java:findTargetForContainerMove(133)) - Container Balancer could not find a target for source datanode 0c7abd90-b548-425b-a0f1-46011334d486
2023-09-07 14:19:57,713 [main] DEBUG balancer.ContainerBalancerTask (ContainerBalancerTask.java:matchSourceWithTarget(717)) - ContainerBalancer could not find a suitable target for source node 0c7abd90-b548-425b-a0f1-46011334d486.
2023-09-07 14:19:57,713 [main] INFO  balancer.FindSourceGreedy (FindSourceGreedy.java:getNextCandidateSourceDataNode(126)) - no more candidate source data node
2023-09-07 14:19:57,713 [main] INFO  balancer.ContainerBalancerTask (ContainerBalancerTask.java:checkIterationMoveResults(642)) - Iteration Summary. Number of Datanodes involved: 2. Size moved: 12 GB (12884901888 Bytes). Number of Container moves completed: 3.
2023-09-07 14:19:57,713 [main] INFO  balancer.ContainerBalancerTask (ContainerBalancerTask.java:balance(259)) - Result of this iteration of Container Balancer: ITERATION_COMPLETED
2023-09-07 14:19:57,715 [main] DEBUG balancer.ContainerBalancerTask (ContainerBalancerTask.java:initializeIteration(374)) - Average utilization of the cluster is 0.3645815702307043
2023-09-07 14:19:57,715 [main] DEBUG balancer.ContainerBalancerTask (ContainerBalancerTask.java:initializeIteration(386)) - Lower limit for utilization is 0.2645815702307043 and Upper limit for utilization is 0.46458157023070434
2023-09-07 14:19:57,715 [main] DEBUG balancer.ContainerBalancerTask (ContainerBalancerTask.java:initializeIteration(398)) - Utilization for node 0c7abd90-b548-425b-a0f1-46011334d486 with capacity 60845370026B, used 54760833024B, and remaining 6084537002B is 0.900000000009861
2023-09-07 14:19:57,715 [main] DEBUG balancer.ContainerBalancerTask (ContainerBalancerTask.java:initializeIteration(398)) - Utilization for node a44b3c4f-23f3-46b6-8713-c61365d9da7a with capacity 64424509440B, used 51539607552B, and remaining 12884901888B is 0.8
2023-09-07 14:19:57,715 [main] DEBUG balancer.ContainerBalancerTask (ContainerBalancerTask.java:initializeIteration(398)) - Utilization for node 199bc7f0-e261-4a04-9b06-94d2a851ebb8 with capacity 88967179702B, used 62277025792B, and remaining 26690153910B is 0.700000000006744
2023-09-07 14:19:57,715 [main] DEBUG balancer.ContainerBalancerTask (ContainerBalancerTask.java:initializeIteration(398)) - Utilization for node 5e1a967d-f46f-4335-aa7e-441fd0628abe with capacity 60845370026B, used 36507222016B, and remaining 24338148010B is 0.600000000006574
2023-09-07 14:19:57,715 [main] DEBUG balancer.ContainerBalancerTask (ContainerBalancerTask.java:initializeIteration(398)) - Utilization for node 0bba7d4e-4708-42d8-9acc-2b457a38ba46 with capacity 90194313216B, used 45097156608B, and remaining 45097156608B is 0.5
2023-09-07 14:19:57,716 [main] DEBUG balancer.ContainerBalancerTask (ContainerBalancerTask.java:initializeIteration(398)) - Utilization for node 5db3e25c-f369-47ae-bea0-62fd9083dd37 with capacity 93952409600B, used 37580963840B, and remaining 56371445760B is 0.4
2023-09-07 14:19:57,716 [main] DEBUG balancer.ContainerBalancerTask (ContainerBalancerTask.java:initializeIteration(398)) - Utilization for node 75149754-515b-4804-a625-178ae22ff488 with capacity 139586437120B, used 41875931136B, and remaining 97710505984B is 0.3
2023-09-07 14:19:57,716 [main] DEBUG balancer.ContainerBalancerTask (ContainerBalancerTask.java:initializeIteration(398)) - Utilization for node 93bcb7ab-312e-4de8-9980-561139e89596 with capacity 128849018880B, used 25769803776B, and remaining 103079215104B is 0.2
2023-09-07 14:19:57,716 [main] DEBUG balancer.ContainerBalancerTask (ContainerBalancerTask.java:initializeIteration(398)) - Utilization for node 5d9a18ed-0c16-4673-b8f3-98f6c182eb6a with capacity 300647710720B, used 30064771072B, and remaining 270582939648B is 0.1
2023-09-07 14:19:57,716 [main] DEBUG balancer.ContainerBalancerTask (ContainerBalancerTask.java:initializeIteration(398)) - Utilization for node 4a488554-0e06-4903-9cb3-800e64f581b3 with capacity 28991029248B, used 0B, and remaining 28991029248B is 0.0
2023-09-07 14:19:57,716 [main] INFO  balancer.ContainerBalancerTask (ContainerBalancerTask.java:initializeIteration(447)) - Container Balancer has identified 5 Over-Utilized and 3 Under-Utilized Datanodes that need to be balanced.
2023-09-07 14:19:57,716 [main] DEBUG balancer.ContainerBalancerTask (ContainerBalancerTask.java:lambda$initializeIteration$1(453)) - Datanode localhost-128.49.200.99 0c7abd90-b548-425b-a0f1-46011334d486 is Over-Utilized.
2023-09-07 14:19:57,716 [main] DEBUG balancer.ContainerBalancerTask (ContainerBalancerTask.java:lambda$initializeIteration$1(453)) - Datanode localhost-93.208.105.248 a44b3c4f-23f3-46b6-8713-c61365d9da7a is Over-Utilized.
2023-09-07 14:19:57,717 [main] DEBUG balancer.ContainerBalancerTask (ContainerBalancerTask.java:lambda$initializeIteration$1(453)) - Datanode localhost-125.16.156.127 199bc7f0-e261-4a04-9b06-94d2a851ebb8 is Over-Utilized.
2023-09-07 14:19:57,717 [main] DEBUG balancer.ContainerBalancerTask (ContainerBalancerTask.java:lambda$initializeIteration$1(453)) - Datanode localhost-206.53.254.157 5e1a967d-f46f-4335-aa7e-441fd0628abe is Over-Utilized.
2023-09-07 14:19:57,717 [main] DEBUG balancer.ContainerBalancerTask (ContainerBalancerTask.java:lambda$initializeIteration$1(453)) - Datanode localhost-206.202.155.147 0bba7d4e-4708-42d8-9acc-2b457a38ba46 is Over-Utilized.
2023-09-07 14:19:57,717 [main] DEBUG balancer.ContainerBalancerTask (ContainerBalancerTask.java:lambda$initializeIteration$2(459)) - Datanode localhost-255.242.220.152 4a488554-0e06-4903-9cb3-800e64f581b3 is Under-Utilized.
2023-09-07 14:19:57,717 [main] DEBUG balancer.ContainerBalancerTask (ContainerBalancerTask.java:lambda$initializeIteration$2(459)) - Datanode localhost-158.113.204.130 5d9a18ed-0c16-4673-b8f3-98f6c182eb6a is Under-Utilized.
2023-09-07 14:19:57,717 [main] DEBUG balancer.ContainerBalancerTask (ContainerBalancerTask.java:lambda$initializeIteration$2(459)) - Datanode localhost-248.194.219.200 93bcb7ab-312e-4de8-9980-561139e89596 is Under-Utilized.
2023-09-07 14:19:57,720 [main] DEBUG balancer.ContainerBalancerTask (ContainerBalancerTask.java:matchSourceWithTarget(708)) - ContainerBalancer is finding suitable target for source datanode 0c7abd90-b548-425b-a0f1-46011334d486
2023-09-07 14:19:57,720 [main] INFO  balancer.ContainerBalancerTask (ContainerBalancerTask.java:matchSourceWithTarget(722)) - ContainerBalancer matched source datanode 0c7abd90-b548-425b-a0f1-46011334d486 with target datanode 4a488554-0e06-4903-9cb3-800e64f581b3 for container move.
2023-09-07 14:19:57,720 [main] INFO  balancer.ContainerBalancerTask (ContainerBalancerTask.java:processMoveSelection(569)) - ContainerBalancer is trying to move container #85 with size 5368709120B from source datanode 0c7abd90-b548-425b-a0f1-46011334d486 to target datanode 4a488554-0e06-4903-9cb3-800e64f581b3
2023-09-07 14:19:57,720 [main] DEBUG balancer.ContainerBalancerTask (ContainerBalancerTask.java:lambda$moveContainer$3(837)) - Container move completed for container #85 from source 0c7abd90-b548-425b-a0f1-46011334d486 to target 4a488554-0e06-4903-9cb3-800e64f581b3
2023-09-07 14:19:57,720 [main] DEBUG balancer.ContainerBalancerTask (ContainerBalancerTask.java:adaptOnReachingIterationLimits(782)) - Reached max datanodes to involve limit. 2 datanodes have already been selected for balancing and the limit is 2. Only already selected sources and targets can be involved in balancing now.
2023-09-07 14:19:57,723 [main] DEBUG balancer.ContainerBalancerTask (ContainerBalancerTask.java:matchSourceWithTarget(708)) - ContainerBalancer is finding suitable target for source datanode 0c7abd90-b548-425b-a0f1-46011334d486
2023-09-07 14:19:57,723 [main] INFO  balancer.ContainerBalancerTask (ContainerBalancerTask.java:matchSourceWithTarget(722)) - ContainerBalancer matched source datanode 0c7abd90-b548-425b-a0f1-46011334d486 with target datanode 4a488554-0e06-4903-9cb3-800e64f581b3 for container move.
2023-09-07 14:19:57,723 [main] INFO  balancer.ContainerBalancerTask (ContainerBalancerTask.java:processMoveSelection(569)) - ContainerBalancer is trying to move container #53 with size 5368709120B from source datanode 0c7abd90-b548-425b-a0f1-46011334d486 to target datanode 4a488554-0e06-4903-9cb3-800e64f581b3
2023-09-07 14:19:57,723 [main] DEBUG balancer.ContainerBalancerTask (ContainerBalancerTask.java:lambda$moveContainer$3(837)) - Container move completed for container #53 from source 0c7abd90-b548-425b-a0f1-46011334d486 to target 4a488554-0e06-4903-9cb3-800e64f581b3
2023-09-07 14:19:57,726 [main] DEBUG balancer.ContainerBalancerTask (ContainerBalancerTask.java:matchSourceWithTarget(708)) - ContainerBalancer is finding suitable target for source datanode 0c7abd90-b548-425b-a0f1-46011334d486
2023-09-07 14:19:57,727 [main] INFO  balancer.ContainerBalancerTask (ContainerBalancerTask.java:matchSourceWithTarget(722)) - ContainerBalancer matched source datanode 0c7abd90-b548-425b-a0f1-46011334d486 with target datanode 4a488554-0e06-4903-9cb3-800e64f581b3 for container move.
2023-09-07 14:19:57,727 [main] INFO  balancer.ContainerBalancerTask (ContainerBalancerTask.java:processMoveSelection(569)) - ContainerBalancer is trying to move container #87 with size 2147483648B from source datanode 0c7abd90-b548-425b-a0f1-46011334d486 to target datanode 4a488554-0e06-4903-9cb3-800e64f581b3
2023-09-07 14:19:57,727 [main] DEBUG balancer.ContainerBalancerTask (ContainerBalancerTask.java:lambda$moveContainer$3(837)) - Container move completed for container #87 from source 0c7abd90-b548-425b-a0f1-46011334d486 to target 4a488554-0e06-4903-9cb3-800e64f581b3
2023-09-07 14:19:57,730 [main] DEBUG balancer.ContainerBalancerTask (ContainerBalancerTask.java:matchSourceWithTarget(708)) - ContainerBalancer is finding suitable target for source datanode 0c7abd90-b548-425b-a0f1-46011334d486
2023-09-07 14:19:57,731 [main] INFO  balancer.FindTargetGreedyByUsageInfo (AbstractFindTargetGreedy.java:findTargetForContainerMove(133)) - Container Balancer could not find a target for source datanode 0c7abd90-b548-425b-a0f1-46011334d486
2023-09-07 14:19:57,731 [main] DEBUG balancer.ContainerBalancerTask (ContainerBalancerTask.java:matchSourceWithTarget(717)) - ContainerBalancer could not find a suitable target for source node 0c7abd90-b548-425b-a0f1-46011334d486.
2023-09-07 14:19:57,731 [main] INFO  balancer.FindSourceGreedy (FindSourceGreedy.java:getNextCandidateSourceDataNode(126)) - no more candidate source data node
2023-09-07 14:19:57,731 [main] INFO  balancer.ContainerBalancerTask (ContainerBalancerTask.java:checkIterationMoveResults(642)) - Iteration Summary. Number of Datanodes involved: 2. Size moved: 12 GB (12884901888 Bytes). Number of Container moves completed: 3.
2023-09-07 14:19:57,731 [main] INFO  balancer.ContainerBalancerTask (ContainerBalancerTask.java:balance(259)) - Result of this iteration of Container Balancer: ITERATION_COMPLETED
2023-09-07 14:19:57,734 [main] DEBUG balancer.ContainerBalancerTask (ContainerBalancerTask.java:initializeIteration(374)) - Average utilization of the cluster is 0.3645815702307043
2023-09-07 14:19:57,734 [main] DEBUG balancer.ContainerBalancerTask (ContainerBalancerTask.java:initializeIteration(386)) - Lower limit for utilization is 0.2645815702307043 and Upper limit for utilization is 0.46458157023070434
2023-09-07 14:19:57,734 [main] DEBUG balancer.ContainerBalancerTask (ContainerBalancerTask.java:initializeIteration(398)) - Utilization for node 0c7abd90-b548-425b-a0f1-46011334d486 with capacity 60845370026B, used 54760833024B, and remaining 6084537002B is 0.900000000009861
2023-09-07 14:19:57,734 [main] DEBUG balancer.ContainerBalancerTask (ContainerBalancerTask.java:initializeIteration(398)) - Utilization for node a44b3c4f-23f3-46b6-8713-c61365d9da7a with capacity 64424509440B, used 51539607552B, and remaining 12884901888B is 0.8
2023-09-07 14:19:57,734 [main] DEBUG balancer.ContainerBalancerTask (ContainerBalancerTask.java:initializeIteration(398)) - Utilization for node 199bc7f0-e261-4a04-9b06-94d2a851ebb8 with capacity 88967179702B, used 62277025792B, and remaining 26690153910B is 0.700000000006744
2023-09-07 14:19:57,735 [main] DEBUG balancer.ContainerBalancerTask (ContainerBalancerTask.java:initializeIteration(398)) - Utilization for node 5e1a967d-f46f-4335-aa7e-441fd0628abe with capacity 60845370026B, used 36507222016B, and remaining 24338148010B is 0.600000000006574
2023-09-07 14:19:57,735 [main] DEBUG balancer.ContainerBalancerTask (ContainerBalancerTask.java:initializeIteration(398)) - Utilization for node 0bba7d4e-4708-42d8-9acc-2b457a38ba46 with capacity 90194313216B, used 45097156608B, and remaining 45097156608B is 0.5
2023-09-07 14:19:57,735 [main] DEBUG balancer.ContainerBalancerTask (ContainerBalancerTask.java:initializeIteration(398)) - Utilization for node 5db3e25c-f369-47ae-bea0-62fd9083dd37 with capacity 93952409600B, used 37580963840B, and remaining 56371445760B is 0.4
2023-09-07 14:19:57,735 [main] DEBUG balancer.ContainerBalancerTask (ContainerBalancerTask.java:initializeIteration(398)) - Utilization for node 75149754-515b-4804-a625-178ae22ff488 with capacity 139586437120B, used 41875931136B, and remaining 97710505984B is 0.3
2023-09-07 14:19:57,735 [main] DEBUG balancer.ContainerBalancerTask (ContainerBalancerTask.java:initializeIteration(398)) - Utilization for node 93bcb7ab-312e-4de8-9980-561139e89596 with capacity 128849018880B, used 25769803776B, and remaining 103079215104B is 0.2
2023-09-07 14:19:57,735 [main] DEBUG balancer.ContainerBalancerTask (ContainerBalancerTask.java:initializeIteration(398)) - Utilization for node 5d9a18ed-0c16-4673-b8f3-98f6c182eb6a with capacity 300647710720B, used 30064771072B, and remaining 270582939648B is 0.1
2023-09-07 14:19:57,735 [main] DEBUG balancer.ContainerBalancerTask (ContainerBalancerTask.java:initializeIteration(398)) - Utilization for node 4a488554-0e06-4903-9cb3-800e64f581b3 with capacity 28991029248B, used 0B, and remaining 28991029248B is 0.0
2023-09-07 14:19:57,735 [main] INFO  balancer.ContainerBalancerTask (ContainerBalancerTask.java:initializeIteration(447)) - Container Balancer has identified 5 Over-Utilized and 3 Under-Utilized Datanodes that need to be balanced.
2023-09-07 14:19:57,735 [main] DEBUG balancer.ContainerBalancerTask (ContainerBalancerTask.java:lambda$initializeIteration$1(453)) - Datanode localhost-128.49.200.99 0c7abd90-b548-425b-a0f1-46011334d486 is Over-Utilized.
2023-09-07 14:19:57,735 [main] DEBUG balancer.ContainerBalancerTask (ContainerBalancerTask.java:lambda$initializeIteration$1(453)) - Datanode localhost-93.208.105.248 a44b3c4f-23f3-46b6-8713-c61365d9da7a is Over-Utilized.
2023-09-07 14:19:57,735 [main] DEBUG balancer.ContainerBalancerTask (ContainerBalancerTask.java:lambda$initializeIteration$1(453)) - Datanode localhost-125.16.156.127 199bc7f0-e261-4a04-9b06-94d2a851ebb8 is Over-Utilized.
2023-09-07 14:19:57,736 [main] DEBUG balancer.ContainerBalancerTask (ContainerBalancerTask.java:lambda$initializeIteration$1(453)) - Datanode localhost-206.53.254.157 5e1a967d-f46f-4335-aa7e-441fd0628abe is Over-Utilized.
2023-09-07 14:19:57,736 [main] DEBUG balancer.ContainerBalancerTask (ContainerBalancerTask.java:lambda$initializeIteration$1(453)) - Datanode localhost-206.202.155.147 0bba7d4e-4708-42d8-9acc-2b457a38ba46 is Over-Utilized.
2023-09-07 14:19:57,736 [main] DEBUG balancer.ContainerBalancerTask (ContainerBalancerTask.java:lambda$initializeIteration$2(459)) - Datanode localhost-255.242.220.152 4a488554-0e06-4903-9cb3-800e64f581b3 is Under-Utilized.
2023-09-07 14:19:57,736 [main] DEBUG balancer.ContainerBalancerTask (ContainerBalancerTask.java:lambda$initializeIteration$2(459)) - Datanode localhost-158.113.204.130 5d9a18ed-0c16-4673-b8f3-98f6c182eb6a is Under-Utilized.
2023-09-07 14:19:57,736 [main] DEBUG balancer.ContainerBalancerTask (ContainerBalancerTask.java:lambda$initializeIteration$2(459)) - Datanode localhost-248.194.219.200 93bcb7ab-312e-4de8-9980-561139e89596 is Under-Utilized.
2023-09-07 14:19:57,738 [main] DEBUG balancer.ContainerBalancerTask (ContainerBalancerTask.java:matchSourceWithTarget(708)) - ContainerBalancer is finding suitable target for source datanode 0c7abd90-b548-425b-a0f1-46011334d486
2023-09-07 14:19:57,738 [main] INFO  balancer.ContainerBalancerTask (ContainerBalancerTask.java:matchSourceWithTarget(722)) - ContainerBalancer matched source datanode 0c7abd90-b548-425b-a0f1-46011334d486 with target datanode 4a488554-0e06-4903-9cb3-800e64f581b3 for container move.
2023-09-07 14:19:57,738 [main] INFO  balancer.ContainerBalancerTask (ContainerBalancerTask.java:processMoveSelection(569)) - ContainerBalancer is trying to move container #85 with size 5368709120B from source datanode 0c7abd90-b548-425b-a0f1-46011334d486 to target datanode 4a488554-0e06-4903-9cb3-800e64f581b3
2023-09-07 14:19:57,739 [main] DEBUG balancer.ContainerBalancerTask (ContainerBalancerTask.java:lambda$moveContainer$3(837)) - Container move completed for container #85 from source 0c7abd90-b548-425b-a0f1-46011334d486 to target 4a488554-0e06-4903-9cb3-800e64f581b3
2023-09-07 14:19:57,739 [main] DEBUG balancer.ContainerBalancerTask (ContainerBalancerTask.java:adaptOnReachingIterationLimits(782)) - Reached max datanodes to involve limit. 2 datanodes have already been selected for balancing and the limit is 2. Only already selected sources and targets can be involved in balancing now.
2023-09-07 14:19:57,741 [main] DEBUG balancer.ContainerBalancerTask (ContainerBalancerTask.java:matchSourceWithTarget(708)) - ContainerBalancer is finding suitable target for source datanode 0c7abd90-b548-425b-a0f1-46011334d486
2023-09-07 14:19:57,741 [main] INFO  balancer.ContainerBalancerTask (ContainerBalancerTask.java:matchSourceWithTarget(722)) - ContainerBalancer matched source datanode 0c7abd90-b548-425b-a0f1-46011334d486 with target datanode 4a488554-0e06-4903-9cb3-800e64f581b3 for container move.
2023-09-07 14:19:57,741 [main] INFO  balancer.ContainerBalancerTask (ContainerBalancerTask.java:processMoveSelection(569)) - ContainerBalancer is trying to move container #53 with size 5368709120B from source datanode 0c7abd90-b548-425b-a0f1-46011334d486 to target datanode 4a488554-0e06-4903-9cb3-800e64f581b3
2023-09-07 14:19:57,741 [main] DEBUG balancer.ContainerBalancerTask (ContainerBalancerTask.java:lambda$moveContainer$3(837)) - Container move completed for container #53 from source 0c7abd90-b548-425b-a0f1-46011334d486 to target 4a488554-0e06-4903-9cb3-800e64f581b3
2023-09-07 14:19:57,743 [main] DEBUG balancer.ContainerBalancerTask (ContainerBalancerTask.java:matchSourceWithTarget(708)) - ContainerBalancer is finding suitable target for source datanode 0c7abd90-b548-425b-a0f1-46011334d486
2023-09-07 14:19:57,744 [main] INFO  balancer.ContainerBalancerTask (ContainerBalancerTask.java:matchSourceWithTarget(722)) - ContainerBalancer matched source datanode 0c7abd90-b548-425b-a0f1-46011334d486 with target datanode 4a488554-0e06-4903-9cb3-800e64f581b3 for container move.
2023-09-07 14:19:57,744 [main] INFO  balancer.ContainerBalancerTask (ContainerBalancerTask.java:processMoveSelection(569)) - ContainerBalancer is trying to move container #87 with size 2147483648B from source datanode 0c7abd90-b548-425b-a0f1-46011334d486 to target datanode 4a488554-0e06-4903-9cb3-800e64f581b3
2023-09-07 14:19:57,744 [main] DEBUG balancer.ContainerBalancerTask (ContainerBalancerTask.java:lambda$moveContainer$3(837)) - Container move completed for container #87 from source 0c7abd90-b548-425b-a0f1-46011334d486 to target 4a488554-0e06-4903-9cb3-800e64f581b3
2023-09-07 14:19:57,746 [main] DEBUG balancer.ContainerBalancerTask (ContainerBalancerTask.java:matchSourceWithTarget(708)) - ContainerBalancer is finding suitable target for source datanode 0c7abd90-b548-425b-a0f1-46011334d486
2023-09-07 14:19:57,747 [main] INFO  balancer.FindTargetGreedyByUsageInfo (AbstractFindTargetGreedy.java:findTargetForContainerMove(133)) - Container Balancer could not find a target for source datanode 0c7abd90-b548-425b-a0f1-46011334d486
2023-09-07 14:19:57,747 [main] DEBUG balancer.ContainerBalancerTask (ContainerBalancerTask.java:matchSourceWithTarget(717)) - ContainerBalancer could not find a suitable target for source node 0c7abd90-b548-425b-a0f1-46011334d486.
2023-09-07 14:19:57,747 [main] INFO  balancer.FindSourceGreedy (FindSourceGreedy.java:getNextCandidateSourceDataNode(126)) - no more candidate source data node
2023-09-07 14:19:57,748 [main] INFO  balancer.ContainerBalancerTask (ContainerBalancerTask.java:checkIterationMoveResults(642)) - Iteration Summary. Number of Datanodes involved: 2. Size moved: 12 GB (12884901888 Bytes). Number of Container moves completed: 3.
2023-09-07 14:19:57,748 [main] INFO  balancer.ContainerBalancerTask (ContainerBalancerTask.java:balance(259)) - Result of this iteration of Container Balancer: ITERATION_COMPLETED
2023-09-07 14:19:57,750 [main] DEBUG balancer.ContainerBalancerTask (ContainerBalancerTask.java:initializeIteration(374)) - Average utilization of the cluster is 0.3645815702307043
2023-09-07 14:19:57,750 [main] DEBUG balancer.ContainerBalancerTask (ContainerBalancerTask.java:initializeIteration(386)) - Lower limit for utilization is 0.2645815702307043 and Upper limit for utilization is 0.46458157023070434
2023-09-07 14:19:57,750 [main] DEBUG balancer.ContainerBalancerTask (ContainerBalancerTask.java:initializeIteration(398)) - Utilization for node 0c7abd90-b548-425b-a0f1-46011334d486 with capacity 60845370026B, used 54760833024B, and remaining 6084537002B is 0.900000000009861
2023-09-07 14:19:57,750 [main] DEBUG balancer.ContainerBalancerTask (ContainerBalancerTask.java:initializeIteration(398)) - Utilization for node a44b3c4f-23f3-46b6-8713-c61365d9da7a with capacity 64424509440B, used 51539607552B, and remaining 12884901888B is 0.8
2023-09-07 14:19:57,750 [main] DEBUG balancer.ContainerBalancerTask (ContainerBalancerTask.java:initializeIteration(398)) - Utilization for node 199bc7f0-e261-4a04-9b06-94d2a851ebb8 with capacity 88967179702B, used 62277025792B, and remaining 26690153910B is 0.700000000006744
2023-09-07 14:19:57,750 [main] DEBUG balancer.ContainerBalancerTask (ContainerBalancerTask.java:initializeIteration(398)) - Utilization for node 5e1a967d-f46f-4335-aa7e-441fd0628abe with capacity 60845370026B, used 36507222016B, and remaining 24338148010B is 0.600000000006574
2023-09-07 14:19:57,750 [main] DEBUG balancer.ContainerBalancerTask (ContainerBalancerTask.java:initializeIteration(398)) - Utilization for node 0bba7d4e-4708-42d8-9acc-2b457a38ba46 with capacity 90194313216B, used 45097156608B, and remaining 45097156608B is 0.5
2023-09-07 14:19:57,750 [main] DEBUG balancer.ContainerBalancerTask (ContainerBalancerTask.java:initializeIteration(398)) - Utilization for node 5db3e25c-f369-47ae-bea0-62fd9083dd37 with capacity 93952409600B, used 37580963840B, and remaining 56371445760B is 0.4
2023-09-07 14:19:57,750 [main] DEBUG balancer.ContainerBalancerTask (ContainerBalancerTask.java:initializeIteration(398)) - Utilization for node 75149754-515b-4804-a625-178ae22ff488 with capacity 139586437120B, used 41875931136B, and remaining 97710505984B is 0.3
2023-09-07 14:19:57,750 [main] DEBUG balancer.ContainerBalancerTask (ContainerBalancerTask.java:initializeIteration(398)) - Utilization for node 93bcb7ab-312e-4de8-9980-561139e89596 with capacity 128849018880B, used 25769803776B, and remaining 103079215104B is 0.2
2023-09-07 14:19:57,750 [main] DEBUG balancer.ContainerBalancerTask (ContainerBalancerTask.java:initializeIteration(398)) - Utilization for node 5d9a18ed-0c16-4673-b8f3-98f6c182eb6a with capacity 300647710720B, used 30064771072B, and remaining 270582939648B is 0.1
2023-09-07 14:19:57,751 [main] DEBUG balancer.ContainerBalancerTask (ContainerBalancerTask.java:initializeIteration(398)) - Utilization for node 4a488554-0e06-4903-9cb3-800e64f581b3 with capacity 28991029248B, used 0B, and remaining 28991029248B is 0.0
2023-09-07 14:19:57,751 [main] INFO  balancer.ContainerBalancerTask (ContainerBalancerTask.java:initializeIteration(447)) - Container Balancer has identified 5 Over-Utilized and 3 Under-Utilized Datanodes that need to be balanced.
2023-09-07 14:19:57,751 [main] DEBUG balancer.ContainerBalancerTask (ContainerBalancerTask.java:lambda$initializeIteration$1(453)) - Datanode localhost-128.49.200.99 0c7abd90-b548-425b-a0f1-46011334d486 is Over-Utilized.
2023-09-07 14:19:57,751 [main] DEBUG balancer.ContainerBalancerTask (ContainerBalancerTask.java:lambda$initializeIteration$1(453)) - Datanode localhost-93.208.105.248 a44b3c4f-23f3-46b6-8713-c61365d9da7a is Over-Utilized.
2023-09-07 14:19:57,751 [main] DEBUG balancer.ContainerBalancerTask (ContainerBalancerTask.java:lambda$initializeIteration$1(453)) - Datanode localhost-125.16.156.127 199bc7f0-e261-4a04-9b06-94d2a851ebb8 is Over-Utilized.
2023-09-07 14:19:57,751 [main] DEBUG balancer.ContainerBalancerTask (ContainerBalancerTask.java:lambda$initializeIteration$1(453)) - Datanode localhost-206.53.254.157 5e1a967d-f46f-4335-aa7e-441fd0628abe is Over-Utilized.
2023-09-07 14:19:57,751 [main] DEBUG balancer.ContainerBalancerTask (ContainerBalancerTask.java:lambda$initializeIteration$1(453)) - Datanode localhost-206.202.155.147 0bba7d4e-4708-42d8-9acc-2b457a38ba46 is Over-Utilized.
2023-09-07 14:19:57,751 [main] DEBUG balancer.ContainerBalancerTask (ContainerBalancerTask.java:lambda$initializeIteration$2(459)) - Datanode localhost-255.242.220.152 4a488554-0e06-4903-9cb3-800e64f581b3 is Under-Utilized.
2023-09-07 14:19:57,751 [main] DEBUG balancer.ContainerBalancerTask (ContainerBalancerTask.java:lambda$initializeIteration$2(459)) - Datanode localhost-158.113.204.130 5d9a18ed-0c16-4673-b8f3-98f6c182eb6a is Under-Utilized.
2023-09-07 14:19:57,751 [main] DEBUG balancer.ContainerBalancerTask (ContainerBalancerTask.java:lambda$initializeIteration$2(459)) - Datanode localhost-248.194.219.200 93bcb7ab-312e-4de8-9980-561139e89596 is Under-Utilized.
2023-09-07 14:19:57,754 [main] DEBUG balancer.ContainerBalancerTask (ContainerBalancerTask.java:matchSourceWithTarget(708)) - ContainerBalancer is finding suitable target for source datanode 0c7abd90-b548-425b-a0f1-46011334d486
2023-09-07 14:19:57,754 [main] INFO  balancer.ContainerBalancerTask (ContainerBalancerTask.java:matchSourceWithTarget(722)) - ContainerBalancer matched source datanode 0c7abd90-b548-425b-a0f1-46011334d486 with target datanode 4a488554-0e06-4903-9cb3-800e64f581b3 for container move.
2023-09-07 14:19:57,754 [main] INFO  balancer.ContainerBalancerTask (ContainerBalancerTask.java:processMoveSelection(569)) - ContainerBalancer is trying to move container #85 with size 5368709120B from source datanode 0c7abd90-b548-425b-a0f1-46011334d486 to target datanode 4a488554-0e06-4903-9cb3-800e64f581b3
2023-09-07 14:19:57,754 [main] DEBUG balancer.ContainerBalancerTask (ContainerBalancerTask.java:lambda$moveContainer$3(837)) - Container move completed for container #85 from source 0c7abd90-b548-425b-a0f1-46011334d486 to target 4a488554-0e06-4903-9cb3-800e64f581b3
2023-09-07 14:19:57,755 [main] DEBUG balancer.ContainerBalancerTask (ContainerBalancerTask.java:adaptOnReachingIterationLimits(782)) - Reached max datanodes to involve limit. 2 datanodes have already been selected for balancing and the limit is 2. Only already selected sources and targets can be involved in balancing now.
2023-09-07 14:19:57,757 [main] DEBUG balancer.ContainerBalancerTask (ContainerBalancerTask.java:matchSourceWithTarget(708)) - ContainerBalancer is finding suitable target for source datanode 0c7abd90-b548-425b-a0f1-46011334d486
2023-09-07 14:19:57,757 [main] INFO  balancer.ContainerBalancerTask (ContainerBalancerTask.java:matchSourceWithTarget(722)) - ContainerBalancer matched source datanode 0c7abd90-b548-425b-a0f1-46011334d486 with target datanode 4a488554-0e06-4903-9cb3-800e64f581b3 for container move.
2023-09-07 14:19:57,757 [main] INFO  balancer.ContainerBalancerTask (ContainerBalancerTask.java:processMoveSelection(569)) - ContainerBalancer is trying to move container #53 with size 5368709120B from source datanode 0c7abd90-b548-425b-a0f1-46011334d486 to target datanode 4a488554-0e06-4903-9cb3-800e64f581b3
2023-09-07 14:19:57,757 [main] DEBUG balancer.ContainerBalancerTask (ContainerBalancerTask.java:lambda$moveContainer$3(837)) - Container move completed for container #53 from source 0c7abd90-b548-425b-a0f1-46011334d486 to target 4a488554-0e06-4903-9cb3-800e64f581b3
2023-09-07 14:19:57,759 [main] DEBUG balancer.ContainerBalancerTask (ContainerBalancerTask.java:matchSourceWithTarget(708)) - ContainerBalancer is finding suitable target for source datanode 0c7abd90-b548-425b-a0f1-46011334d486
2023-09-07 14:19:57,760 [main] INFO  balancer.ContainerBalancerTask (ContainerBalancerTask.java:matchSourceWithTarget(722)) - ContainerBalancer matched source datanode 0c7abd90-b548-425b-a0f1-46011334d486 with target datanode 4a488554-0e06-4903-9cb3-800e64f581b3 for container move.
2023-09-07 14:19:57,760 [main] INFO  balancer.ContainerBalancerTask (ContainerBalancerTask.java:processMoveSelection(569)) - ContainerBalancer is trying to move container #87 with size 2147483648B from source datanode 0c7abd90-b548-425b-a0f1-46011334d486 to target datanode 4a488554-0e06-4903-9cb3-800e64f581b3
2023-09-07 14:19:57,760 [main] DEBUG balancer.ContainerBalancerTask (ContainerBalancerTask.java:lambda$moveContainer$3(837)) - Container move completed for container #87 from source 0c7abd90-b548-425b-a0f1-46011334d486 to target 4a488554-0e06-4903-9cb3-800e64f581b3
2023-09-07 14:19:57,762 [main] DEBUG balancer.ContainerBalancerTask (ContainerBalancerTask.java:matchSourceWithTarget(708)) - ContainerBalancer is finding suitable target for source datanode 0c7abd90-b548-425b-a0f1-46011334d486
2023-09-07 14:19:57,763 [main] INFO  balancer.FindTargetGreedyByUsageInfo (AbstractFindTargetGreedy.java:findTargetForContainerMove(133)) - Container Balancer could not find a target for source datanode 0c7abd90-b548-425b-a0f1-46011334d486
2023-09-07 14:19:57,763 [main] DEBUG balancer.ContainerBalancerTask (ContainerBalancerTask.java:matchSourceWithTarget(717)) - ContainerBalancer could not find a suitable target for source node 0c7abd90-b548-425b-a0f1-46011334d486.
2023-09-07 14:19:57,763 [main] INFO  balancer.FindSourceGreedy (FindSourceGreedy.java:getNextCandidateSourceDataNode(126)) - no more candidate source data node
2023-09-07 14:19:57,763 [main] INFO  balancer.ContainerBalancerTask (ContainerBalancerTask.java:checkIterationMoveResults(642)) - Iteration Summary. Number of Datanodes involved: 2. Size moved: 12 GB (12884901888 Bytes). Number of Container moves completed: 3.
2023-09-07 14:19:57,763 [main] INFO  balancer.ContainerBalancerTask (ContainerBalancerTask.java:balance(259)) - Result of this iteration of Container Balancer: ITERATION_COMPLETED
2023-09-07 14:19:57,768 [main] DEBUG balancer.ContainerBalancerTask (ContainerBalancerTask.java:initializeIteration(374)) - Average utilization of the cluster is 0.3645815702307043
2023-09-07 14:19:57,768 [main] DEBUG balancer.ContainerBalancerTask (ContainerBalancerTask.java:initializeIteration(386)) - Lower limit for utilization is 0.2645815702307043 and Upper limit for utilization is 0.46458157023070434
2023-09-07 14:19:57,768 [main] DEBUG balancer.ContainerBalancerTask (ContainerBalancerTask.java:initializeIteration(398)) - Utilization for node 0c7abd90-b548-425b-a0f1-46011334d486 with capacity 60845370026B, used 54760833024B, and remaining 6084537002B is 0.900000000009861
2023-09-07 14:19:57,768 [main] DEBUG balancer.ContainerBalancerTask (ContainerBalancerTask.java:initializeIteration(398)) - Utilization for node a44b3c4f-23f3-46b6-8713-c61365d9da7a with capacity 64424509440B, used 51539607552B, and remaining 12884901888B is 0.8
2023-09-07 14:19:57,768 [main] DEBUG balancer.ContainerBalancerTask (ContainerBalancerTask.java:initializeIteration(398)) - Utilization for node 199bc7f0-e261-4a04-9b06-94d2a851ebb8 with capacity 88967179702B, used 62277025792B, and remaining 26690153910B is 0.700000000006744
2023-09-07 14:19:57,769 [main] DEBUG balancer.ContainerBalancerTask (ContainerBalancerTask.java:initializeIteration(398)) - Utilization for node 5e1a967d-f46f-4335-aa7e-441fd0628abe with capacity 60845370026B, used 36507222016B, and remaining 24338148010B is 0.600000000006574
2023-09-07 14:19:57,769 [main] DEBUG balancer.ContainerBalancerTask (ContainerBalancerTask.java:initializeIteration(398)) - Utilization for node 0bba7d4e-4708-42d8-9acc-2b457a38ba46 with capacity 90194313216B, used 45097156608B, and remaining 45097156608B is 0.5
2023-09-07 14:19:57,769 [main] DEBUG balancer.ContainerBalancerTask (ContainerBalancerTask.java:initializeIteration(398)) - Utilization for node 5db3e25c-f369-47ae-bea0-62fd9083dd37 with capacity 93952409600B, used 37580963840B, and remaining 56371445760B is 0.4
2023-09-07 14:19:57,769 [main] DEBUG balancer.ContainerBalancerTask (ContainerBalancerTask.java:initializeIteration(398)) - Utilization for node 75149754-515b-4804-a625-178ae22ff488 with capacity 139586437120B, used 41875931136B, and remaining 97710505984B is 0.3
2023-09-07 14:19:57,769 [main] DEBUG balancer.ContainerBalancerTask (ContainerBalancerTask.java:initializeIteration(398)) - Utilization for node 93bcb7ab-312e-4de8-9980-561139e89596 with capacity 128849018880B, used 25769803776B, and remaining 103079215104B is 0.2
2023-09-07 14:19:57,769 [main] DEBUG balancer.ContainerBalancerTask (ContainerBalancerTask.java:initializeIteration(398)) - Utilization for node 5d9a18ed-0c16-4673-b8f3-98f6c182eb6a with capacity 300647710720B, used 30064771072B, and remaining 270582939648B is 0.1
2023-09-07 14:19:57,769 [main] DEBUG balancer.ContainerBalancerTask (ContainerBalancerTask.java:initializeIteration(398)) - Utilization for node 4a488554-0e06-4903-9cb3-800e64f581b3 with capacity 28991029248B, used 0B, and remaining 28991029248B is 0.0
2023-09-07 14:19:57,769 [main] INFO  balancer.ContainerBalancerTask (ContainerBalancerTask.java:initializeIteration(447)) - Container Balancer has identified 5 Over-Utilized and 3 Under-Utilized Datanodes that need to be balanced.
2023-09-07 14:19:57,769 [main] DEBUG balancer.ContainerBalancerTask (ContainerBalancerTask.java:lambda$initializeIteration$1(453)) - Datanode localhost-128.49.200.99 0c7abd90-b548-425b-a0f1-46011334d486 is Over-Utilized.
2023-09-07 14:19:57,769 [main] DEBUG balancer.ContainerBalancerTask (ContainerBalancerTask.java:lambda$initializeIteration$1(453)) - Datanode localhost-93.208.105.248 a44b3c4f-23f3-46b6-8713-c61365d9da7a is Over-Utilized.
2023-09-07 14:19:57,769 [main] DEBUG balancer.ContainerBalancerTask (ContainerBalancerTask.java:lambda$initializeIteration$1(453)) - Datanode localhost-125.16.156.127 199bc7f0-e261-4a04-9b06-94d2a851ebb8 is Over-Utilized.
2023-09-07 14:19:57,769 [main] DEBUG balancer.ContainerBalancerTask (ContainerBalancerTask.java:lambda$initializeIteration$1(453)) - Datanode localhost-206.53.254.157 5e1a967d-f46f-4335-aa7e-441fd0628abe is Over-Utilized.
2023-09-07 14:19:57,769 [main] DEBUG balancer.ContainerBalancerTask (ContainerBalancerTask.java:lambda$initializeIteration$1(453)) - Datanode localhost-206.202.155.147 0bba7d4e-4708-42d8-9acc-2b457a38ba46 is Over-Utilized.
2023-09-07 14:19:57,770 [main] DEBUG balancer.ContainerBalancerTask (ContainerBalancerTask.java:lambda$initializeIteration$2(459)) - Datanode localhost-255.242.220.152 4a488554-0e06-4903-9cb3-800e64f581b3 is Under-Utilized.
2023-09-07 14:19:57,770 [main] DEBUG balancer.ContainerBalancerTask (ContainerBalancerTask.java:lambda$initializeIteration$2(459)) - Datanode localhost-158.113.204.130 5d9a18ed-0c16-4673-b8f3-98f6c182eb6a is Under-Utilized.
2023-09-07 14:19:57,770 [main] DEBUG balancer.ContainerBalancerTask (ContainerBalancerTask.java:lambda$initializeIteration$2(459)) - Datanode localhost-248.194.219.200 93bcb7ab-312e-4de8-9980-561139e89596 is Under-Utilized.
2023-09-07 14:19:57,772 [main] DEBUG balancer.ContainerBalancerTask (ContainerBalancerTask.java:matchSourceWithTarget(708)) - ContainerBalancer is finding suitable target for source datanode 0c7abd90-b548-425b-a0f1-46011334d486
2023-09-07 14:19:57,772 [main] INFO  balancer.ContainerBalancerTask (ContainerBalancerTask.java:matchSourceWithTarget(722)) - ContainerBalancer matched source datanode 0c7abd90-b548-425b-a0f1-46011334d486 with target datanode 4a488554-0e06-4903-9cb3-800e64f581b3 for container move.
2023-09-07 14:19:57,772 [main] INFO  balancer.ContainerBalancerTask (ContainerBalancerTask.java:processMoveSelection(569)) - ContainerBalancer is trying to move container #85 with size 5368709120B from source datanode 0c7abd90-b548-425b-a0f1-46011334d486 to target datanode 4a488554-0e06-4903-9cb3-800e64f581b3
2023-09-07 14:19:57,772 [main] DEBUG balancer.ContainerBalancerTask (ContainerBalancerTask.java:lambda$moveContainer$3(837)) - Container move completed for container #85 from source 0c7abd90-b548-425b-a0f1-46011334d486 to target 4a488554-0e06-4903-9cb3-800e64f581b3
2023-09-07 14:19:57,773 [main] DEBUG balancer.ContainerBalancerTask (ContainerBalancerTask.java:adaptOnReachingIterationLimits(782)) - Reached max datanodes to involve limit. 2 datanodes have already been selected for balancing and the limit is 2. Only already selected sources and targets can be involved in balancing now.
2023-09-07 14:19:57,775 [main] DEBUG balancer.ContainerBalancerTask (ContainerBalancerTask.java:matchSourceWithTarget(708)) - ContainerBalancer is finding suitable target for source datanode 0c7abd90-b548-425b-a0f1-46011334d486
2023-09-07 14:19:57,775 [main] INFO  balancer.ContainerBalancerTask (ContainerBalancerTask.java:matchSourceWithTarget(722)) - ContainerBalancer matched source datanode 0c7abd90-b548-425b-a0f1-46011334d486 with target datanode 4a488554-0e06-4903-9cb3-800e64f581b3 for container move.
2023-09-07 14:19:57,775 [main] INFO  balancer.ContainerBalancerTask (ContainerBalancerTask.java:processMoveSelection(569)) - ContainerBalancer is trying to move container #53 with size 5368709120B from source datanode 0c7abd90-b548-425b-a0f1-46011334d486 to target datanode 4a488554-0e06-4903-9cb3-800e64f581b3
2023-09-07 14:19:57,776 [main] DEBUG balancer.ContainerBalancerTask (ContainerBalancerTask.java:lambda$moveContainer$3(837)) - Container move completed for container #53 from source 0c7abd90-b548-425b-a0f1-46011334d486 to target 4a488554-0e06-4903-9cb3-800e64f581b3
2023-09-07 14:19:57,778 [main] DEBUG balancer.ContainerBalancerTask (ContainerBalancerTask.java:matchSourceWithTarget(708)) - ContainerBalancer is finding suitable target for source datanode 0c7abd90-b548-425b-a0f1-46011334d486
2023-09-07 14:19:57,779 [main] INFO  balancer.ContainerBalancerTask (ContainerBalancerTask.java:matchSourceWithTarget(722)) - ContainerBalancer matched source datanode 0c7abd90-b548-425b-a0f1-46011334d486 with target datanode 4a488554-0e06-4903-9cb3-800e64f581b3 for container move.
2023-09-07 14:19:57,779 [main] INFO  balancer.ContainerBalancerTask (ContainerBalancerTask.java:processMoveSelection(569)) - ContainerBalancer is trying to move container #87 with size 2147483648B from source datanode 0c7abd90-b548-425b-a0f1-46011334d486 to target datanode 4a488554-0e06-4903-9cb3-800e64f581b3
2023-09-07 14:19:57,779 [main] DEBUG balancer.ContainerBalancerTask (ContainerBalancerTask.java:lambda$moveContainer$3(837)) - Container move completed for container #87 from source 0c7abd90-b548-425b-a0f1-46011334d486 to target 4a488554-0e06-4903-9cb3-800e64f581b3
2023-09-07 14:19:57,781 [main] DEBUG balancer.ContainerBalancerTask (ContainerBalancerTask.java:matchSourceWithTarget(708)) - ContainerBalancer is finding suitable target for source datanode 0c7abd90-b548-425b-a0f1-46011334d486
2023-09-07 14:19:57,782 [main] INFO  balancer.FindTargetGreedyByUsageInfo (AbstractFindTargetGreedy.java:findTargetForContainerMove(133)) - Container Balancer could not find a target for source datanode 0c7abd90-b548-425b-a0f1-46011334d486
2023-09-07 14:19:57,782 [main] DEBUG balancer.ContainerBalancerTask (ContainerBalancerTask.java:matchSourceWithTarget(717)) - ContainerBalancer could not find a suitable target for source node 0c7abd90-b548-425b-a0f1-46011334d486.
2023-09-07 14:19:57,782 [main] INFO  balancer.FindSourceGreedy (FindSourceGreedy.java:getNextCandidateSourceDataNode(126)) - no more candidate source data node
2023-09-07 14:19:57,782 [main] INFO  balancer.ContainerBalancerTask (ContainerBalancerTask.java:checkIterationMoveResults(642)) - Iteration Summary. Number of Datanodes involved: 2. Size moved: 12 GB (12884901888 Bytes). Number of Container moves completed: 3.
2023-09-07 14:19:57,782 [main] INFO  balancer.ContainerBalancerTask (ContainerBalancerTask.java:balance(259)) - Result of this iteration of Container Balancer: ITERATION_COMPLETED
2023-09-07 14:19:57,785 [main] DEBUG balancer.ContainerBalancerTask (ContainerBalancerTask.java:initializeIteration(374)) - Average utilization of the cluster is 0.3645815702307043
2023-09-07 14:19:57,785 [main] DEBUG balancer.ContainerBalancerTask (ContainerBalancerTask.java:initializeIteration(386)) - Lower limit for utilization is 0.2645815702307043 and Upper limit for utilization is 0.46458157023070434
2023-09-07 14:19:57,785 [main] DEBUG balancer.ContainerBalancerTask (ContainerBalancerTask.java:initializeIteration(398)) - Utilization for node 0c7abd90-b548-425b-a0f1-46011334d486 with capacity 60845370026B, used 54760833024B, and remaining 6084537002B is 0.900000000009861
2023-09-07 14:19:57,785 [main] DEBUG balancer.ContainerBalancerTask (ContainerBalancerTask.java:initializeIteration(398)) - Utilization for node a44b3c4f-23f3-46b6-8713-c61365d9da7a with capacity 64424509440B, used 51539607552B, and remaining 12884901888B is 0.8
2023-09-07 14:19:57,785 [main] DEBUG balancer.ContainerBalancerTask (ContainerBalancerTask.java:initializeIteration(398)) - Utilization for node 199bc7f0-e261-4a04-9b06-94d2a851ebb8 with capacity 88967179702B, used 62277025792B, and remaining 26690153910B is 0.700000000006744
2023-09-07 14:19:57,786 [main] DEBUG balancer.ContainerBalancerTask (ContainerBalancerTask.java:initializeIteration(398)) - Utilization for node 5e1a967d-f46f-4335-aa7e-441fd0628abe with capacity 60845370026B, used 36507222016B, and remaining 24338148010B is 0.600000000006574
2023-09-07 14:19:57,786 [main] DEBUG balancer.ContainerBalancerTask (ContainerBalancerTask.java:initializeIteration(398)) - Utilization for node 0bba7d4e-4708-42d8-9acc-2b457a38ba46 with capacity 90194313216B, used 45097156608B, and remaining 45097156608B is 0.5
2023-09-07 14:19:57,786 [main] DEBUG balancer.ContainerBalancerTask (ContainerBalancerTask.java:initializeIteration(398)) - Utilization for node 5db3e25c-f369-47ae-bea0-62fd9083dd37 with capacity 93952409600B, used 37580963840B, and remaining 56371445760B is 0.4
2023-09-07 14:19:57,786 [main] DEBUG balancer.ContainerBalancerTask (ContainerBalancerTask.java:initializeIteration(398)) - Utilization for node 75149754-515b-4804-a625-178ae22ff488 with capacity 139586437120B, used 41875931136B, and remaining 97710505984B is 0.3
2023-09-07 14:19:57,786 [main] DEBUG balancer.ContainerBalancerTask (ContainerBalancerTask.java:initializeIteration(398)) - Utilization for node 93bcb7ab-312e-4de8-9980-561139e89596 with capacity 128849018880B, used 25769803776B, and remaining 103079215104B is 0.2
2023-09-07 14:19:57,786 [main] DEBUG balancer.ContainerBalancerTask (ContainerBalancerTask.java:initializeIteration(398)) - Utilization for node 5d9a18ed-0c16-4673-b8f3-98f6c182eb6a with capacity 300647710720B, used 30064771072B, and remaining 270582939648B is 0.1
2023-09-07 14:19:57,786 [main] DEBUG balancer.ContainerBalancerTask (ContainerBalancerTask.java:initializeIteration(398)) - Utilization for node 4a488554-0e06-4903-9cb3-800e64f581b3 with capacity 28991029248B, used 0B, and remaining 28991029248B is 0.0
2023-09-07 14:19:57,786 [main] INFO  balancer.ContainerBalancerTask (ContainerBalancerTask.java:initializeIteration(447)) - Container Balancer has identified 5 Over-Utilized and 3 Under-Utilized Datanodes that need to be balanced.
2023-09-07 14:19:57,786 [main] DEBUG balancer.ContainerBalancerTask (ContainerBalancerTask.java:lambda$initializeIteration$1(453)) - Datanode localhost-128.49.200.99 0c7abd90-b548-425b-a0f1-46011334d486 is Over-Utilized.
2023-09-07 14:19:57,786 [main] DEBUG balancer.ContainerBalancerTask (ContainerBalancerTask.java:lambda$initializeIteration$1(453)) - Datanode localhost-93.208.105.248 a44b3c4f-23f3-46b6-8713-c61365d9da7a is Over-Utilized.
2023-09-07 14:19:57,787 [main] DEBUG balancer.ContainerBalancerTask (ContainerBalancerTask.java:lambda$initializeIteration$1(453)) - Datanode localhost-125.16.156.127 199bc7f0-e261-4a04-9b06-94d2a851ebb8 is Over-Utilized.
2023-09-07 14:19:57,787 [main] DEBUG balancer.ContainerBalancerTask (ContainerBalancerTask.java:lambda$initializeIteration$1(453)) - Datanode localhost-206.53.254.157 5e1a967d-f46f-4335-aa7e-441fd0628abe is Over-Utilized.
2023-09-07 14:19:57,787 [main] DEBUG balancer.ContainerBalancerTask (ContainerBalancerTask.java:lambda$initializeIteration$1(453)) - Datanode localhost-206.202.155.147 0bba7d4e-4708-42d8-9acc-2b457a38ba46 is Over-Utilized.
2023-09-07 14:19:57,789 [main] DEBUG balancer.ContainerBalancerTask (ContainerBalancerTask.java:lambda$initializeIteration$2(459)) - Datanode localhost-255.242.220.152 4a488554-0e06-4903-9cb3-800e64f581b3 is Under-Utilized.
2023-09-07 14:19:57,789 [main] DEBUG balancer.ContainerBalancerTask (ContainerBalancerTask.java:lambda$initializeIteration$2(459)) - Datanode localhost-158.113.204.130 5d9a18ed-0c16-4673-b8f3-98f6c182eb6a is Under-Utilized.
2023-09-07 14:19:57,789 [main] DEBUG balancer.ContainerBalancerTask (ContainerBalancerTask.java:lambda$initializeIteration$2(459)) - Datanode localhost-248.194.219.200 93bcb7ab-312e-4de8-9980-561139e89596 is Under-Utilized.
2023-09-07 14:19:57,791 [main] DEBUG balancer.ContainerBalancerTask (ContainerBalancerTask.java:matchSourceWithTarget(708)) - ContainerBalancer is finding suitable target for source datanode 0c7abd90-b548-425b-a0f1-46011334d486
2023-09-07 14:19:57,791 [main] INFO  balancer.ContainerBalancerTask (ContainerBalancerTask.java:matchSourceWithTarget(722)) - ContainerBalancer matched source datanode 0c7abd90-b548-425b-a0f1-46011334d486 with target datanode 4a488554-0e06-4903-9cb3-800e64f581b3 for container move.
2023-09-07 14:19:57,792 [main] INFO  balancer.ContainerBalancerTask (ContainerBalancerTask.java:processMoveSelection(569)) - ContainerBalancer is trying to move container #85 with size 5368709120B from source datanode 0c7abd90-b548-425b-a0f1-46011334d486 to target datanode 4a488554-0e06-4903-9cb3-800e64f581b3
2023-09-07 14:19:57,792 [main] DEBUG balancer.ContainerBalancerTask (ContainerBalancerTask.java:lambda$moveContainer$3(837)) - Container move completed for container #85 from source 0c7abd90-b548-425b-a0f1-46011334d486 to target 4a488554-0e06-4903-9cb3-800e64f581b3
2023-09-07 14:19:57,792 [main] DEBUG balancer.ContainerBalancerTask (ContainerBalancerTask.java:adaptOnReachingIterationLimits(782)) - Reached max datanodes to involve limit. 2 datanodes have already been selected for balancing and the limit is 2. Only already selected sources and targets can be involved in balancing now.
2023-09-07 14:19:57,794 [main] DEBUG balancer.ContainerBalancerTask (ContainerBalancerTask.java:matchSourceWithTarget(708)) - ContainerBalancer is finding suitable target for source datanode 0c7abd90-b548-425b-a0f1-46011334d486
2023-09-07 14:19:57,794 [main] INFO  balancer.ContainerBalancerTask (ContainerBalancerTask.java:matchSourceWithTarget(722)) - ContainerBalancer matched source datanode 0c7abd90-b548-425b-a0f1-46011334d486 with target datanode 4a488554-0e06-4903-9cb3-800e64f581b3 for container move.
2023-09-07 14:19:57,794 [main] INFO  balancer.ContainerBalancerTask (ContainerBalancerTask.java:processMoveSelection(569)) - ContainerBalancer is trying to move container #53 with size 5368709120B from source datanode 0c7abd90-b548-425b-a0f1-46011334d486 to target datanode 4a488554-0e06-4903-9cb3-800e64f581b3
2023-09-07 14:19:57,794 [main] DEBUG balancer.ContainerBalancerTask (ContainerBalancerTask.java:lambda$moveContainer$3(837)) - Container move completed for container #53 from source 0c7abd90-b548-425b-a0f1-46011334d486 to target 4a488554-0e06-4903-9cb3-800e64f581b3
2023-09-07 14:19:57,797 [main] DEBUG balancer.ContainerBalancerTask (ContainerBalancerTask.java:matchSourceWithTarget(708)) - ContainerBalancer is finding suitable target for source datanode 0c7abd90-b548-425b-a0f1-46011334d486
2023-09-07 14:19:57,797 [main] INFO  balancer.ContainerBalancerTask (ContainerBalancerTask.java:matchSourceWithTarget(722)) - ContainerBalancer matched source datanode 0c7abd90-b548-425b-a0f1-46011334d486 with target datanode 4a488554-0e06-4903-9cb3-800e64f581b3 for container move.
2023-09-07 14:19:57,797 [main] INFO  balancer.ContainerBalancerTask (ContainerBalancerTask.java:processMoveSelection(569)) - ContainerBalancer is trying to move container #87 with size 2147483648B from source datanode 0c7abd90-b548-425b-a0f1-46011334d486 to target datanode 4a488554-0e06-4903-9cb3-800e64f581b3
2023-09-07 14:19:57,797 [main] DEBUG balancer.ContainerBalancerTask (ContainerBalancerTask.java:lambda$moveContainer$3(837)) - Container move completed for container #87 from source 0c7abd90-b548-425b-a0f1-46011334d486 to target 4a488554-0e06-4903-9cb3-800e64f581b3
2023-09-07 14:19:57,799 [main] DEBUG balancer.ContainerBalancerTask (ContainerBalancerTask.java:matchSourceWithTarget(708)) - ContainerBalancer is finding suitable target for source datanode 0c7abd90-b548-425b-a0f1-46011334d486
2023-09-07 14:19:57,800 [main] INFO  balancer.FindTargetGreedyByUsageInfo (AbstractFindTargetGreedy.java:findTargetForContainerMove(133)) - Container Balancer could not find a target for source datanode 0c7abd90-b548-425b-a0f1-46011334d486
2023-09-07 14:19:57,801 [main] DEBUG balancer.ContainerBalancerTask (ContainerBalancerTask.java:matchSourceWithTarget(717)) - ContainerBalancer could not find a suitable target for source node 0c7abd90-b548-425b-a0f1-46011334d486.
2023-09-07 14:19:57,801 [main] INFO  balancer.FindSourceGreedy (FindSourceGreedy.java:getNextCandidateSourceDataNode(126)) - no more candidate source data node
2023-09-07 14:19:57,801 [main] INFO  balancer.ContainerBalancerTask (ContainerBalancerTask.java:checkIterationMoveResults(642)) - Iteration Summary. Number of Datanodes involved: 2. Size moved: 12 GB (12884901888 Bytes). Number of Container moves completed: 3.
2023-09-07 14:19:57,801 [main] INFO  balancer.ContainerBalancerTask (ContainerBalancerTask.java:balance(259)) - Result of this iteration of Container Balancer: ITERATION_COMPLETED
2023-09-07 14:19:57,803 [main] DEBUG balancer.ContainerBalancerTask (ContainerBalancerTask.java:initializeIteration(374)) - Average utilization of the cluster is 0.3645815702307043
2023-09-07 14:19:57,803 [main] DEBUG balancer.ContainerBalancerTask (ContainerBalancerTask.java:initializeIteration(386)) - Lower limit for utilization is 0.2645815702307043 and Upper limit for utilization is 0.46458157023070434
2023-09-07 14:19:57,803 [main] DEBUG balancer.ContainerBalancerTask (ContainerBalancerTask.java:initializeIteration(398)) - Utilization for node 0c7abd90-b548-425b-a0f1-46011334d486 with capacity 60845370026B, used 54760833024B, and remaining 6084537002B is 0.900000000009861
2023-09-07 14:19:57,803 [main] DEBUG balancer.ContainerBalancerTask (ContainerBalancerTask.java:initializeIteration(398)) - Utilization for node a44b3c4f-23f3-46b6-8713-c61365d9da7a with capacity 64424509440B, used 51539607552B, and remaining 12884901888B is 0.8
2023-09-07 14:19:57,803 [main] DEBUG balancer.ContainerBalancerTask (ContainerBalancerTask.java:initializeIteration(398)) - Utilization for node 199bc7f0-e261-4a04-9b06-94d2a851ebb8 with capacity 88967179702B, used 62277025792B, and remaining 26690153910B is 0.700000000006744
2023-09-07 14:19:57,803 [main] DEBUG balancer.ContainerBalancerTask (ContainerBalancerTask.java:initializeIteration(398)) - Utilization for node 5e1a967d-f46f-4335-aa7e-441fd0628abe with capacity 60845370026B, used 36507222016B, and remaining 24338148010B is 0.600000000006574
2023-09-07 14:19:57,804 [main] DEBUG balancer.ContainerBalancerTask (ContainerBalancerTask.java:initializeIteration(398)) - Utilization for node 0bba7d4e-4708-42d8-9acc-2b457a38ba46 with capacity 90194313216B, used 45097156608B, and remaining 45097156608B is 0.5
2023-09-07 14:19:57,805 [main] DEBUG balancer.ContainerBalancerTask (ContainerBalancerTask.java:initializeIteration(398)) - Utilization for node 5db3e25c-f369-47ae-bea0-62fd9083dd37 with capacity 93952409600B, used 37580963840B, and remaining 56371445760B is 0.4
2023-09-07 14:19:57,805 [main] DEBUG balancer.ContainerBalancerTask (ContainerBalancerTask.java:initializeIteration(398)) - Utilization for node 75149754-515b-4804-a625-178ae22ff488 with capacity 139586437120B, used 41875931136B, and remaining 97710505984B is 0.3
2023-09-07 14:19:57,805 [main] DEBUG balancer.ContainerBalancerTask (ContainerBalancerTask.java:initializeIteration(398)) - Utilization for node 93bcb7ab-312e-4de8-9980-561139e89596 with capacity 128849018880B, used 25769803776B, and remaining 103079215104B is 0.2
2023-09-07 14:19:57,805 [main] DEBUG balancer.ContainerBalancerTask (ContainerBalancerTask.java:initializeIteration(398)) - Utilization for node 5d9a18ed-0c16-4673-b8f3-98f6c182eb6a with capacity 300647710720B, used 30064771072B, and remaining 270582939648B is 0.1
2023-09-07 14:19:57,805 [main] DEBUG balancer.ContainerBalancerTask (ContainerBalancerTask.java:initializeIteration(398)) - Utilization for node 4a488554-0e06-4903-9cb3-800e64f581b3 with capacity 28991029248B, used 0B, and remaining 28991029248B is 0.0
2023-09-07 14:19:57,805 [main] INFO  balancer.ContainerBalancerTask (ContainerBalancerTask.java:initializeIteration(447)) - Container Balancer has identified 5 Over-Utilized and 3 Under-Utilized Datanodes that need to be balanced.
2023-09-07 14:19:57,805 [main] DEBUG balancer.ContainerBalancerTask (ContainerBalancerTask.java:lambda$initializeIteration$1(453)) - Datanode localhost-128.49.200.99 0c7abd90-b548-425b-a0f1-46011334d486 is Over-Utilized.
2023-09-07 14:19:57,805 [main] DEBUG balancer.ContainerBalancerTask (ContainerBalancerTask.java:lambda$initializeIteration$1(453)) - Datanode localhost-93.208.105.248 a44b3c4f-23f3-46b6-8713-c61365d9da7a is Over-Utilized.
2023-09-07 14:19:57,806 [main] DEBUG balancer.ContainerBalancerTask (ContainerBalancerTask.java:lambda$initializeIteration$1(453)) - Datanode localhost-125.16.156.127 199bc7f0-e261-4a04-9b06-94d2a851ebb8 is Over-Utilized.
2023-09-07 14:19:57,806 [main] DEBUG balancer.ContainerBalancerTask (ContainerBalancerTask.java:lambda$initializeIteration$1(453)) - Datanode localhost-206.53.254.157 5e1a967d-f46f-4335-aa7e-441fd0628abe is Over-Utilized.
2023-09-07 14:19:57,806 [main] DEBUG balancer.ContainerBalancerTask (ContainerBalancerTask.java:lambda$initializeIteration$1(453)) - Datanode localhost-206.202.155.147 0bba7d4e-4708-42d8-9acc-2b457a38ba46 is Over-Utilized.
2023-09-07 14:19:57,806 [main] DEBUG balancer.ContainerBalancerTask (ContainerBalancerTask.java:lambda$initializeIteration$2(459)) - Datanode localhost-255.242.220.152 4a488554-0e06-4903-9cb3-800e64f581b3 is Under-Utilized.
2023-09-07 14:19:57,806 [main] DEBUG balancer.ContainerBalancerTask (ContainerBalancerTask.java:lambda$initializeIteration$2(459)) - Datanode localhost-158.113.204.130 5d9a18ed-0c16-4673-b8f3-98f6c182eb6a is Under-Utilized.
2023-09-07 14:19:57,806 [main] DEBUG balancer.ContainerBalancerTask (ContainerBalancerTask.java:lambda$initializeIteration$2(459)) - Datanode localhost-248.194.219.200 93bcb7ab-312e-4de8-9980-561139e89596 is Under-Utilized.
2023-09-07 14:19:57,809 [main] DEBUG balancer.ContainerBalancerTask (ContainerBalancerTask.java:matchSourceWithTarget(708)) - ContainerBalancer is finding suitable target for source datanode 0c7abd90-b548-425b-a0f1-46011334d486
2023-09-07 14:19:57,809 [main] INFO  balancer.ContainerBalancerTask (ContainerBalancerTask.java:matchSourceWithTarget(722)) - ContainerBalancer matched source datanode 0c7abd90-b548-425b-a0f1-46011334d486 with target datanode 4a488554-0e06-4903-9cb3-800e64f581b3 for container move.
2023-09-07 14:19:57,809 [main] INFO  balancer.ContainerBalancerTask (ContainerBalancerTask.java:processMoveSelection(569)) - ContainerBalancer is trying to move container #85 with size 5368709120B from source datanode 0c7abd90-b548-425b-a0f1-46011334d486 to target datanode 4a488554-0e06-4903-9cb3-800e64f581b3
2023-09-07 14:19:57,809 [main] DEBUG balancer.ContainerBalancerTask (ContainerBalancerTask.java:lambda$moveContainer$3(837)) - Container move completed for container #85 from source 0c7abd90-b548-425b-a0f1-46011334d486 to target 4a488554-0e06-4903-9cb3-800e64f581b3
2023-09-07 14:19:57,809 [main] DEBUG balancer.ContainerBalancerTask (ContainerBalancerTask.java:adaptOnReachingIterationLimits(782)) - Reached max datanodes to involve limit. 2 datanodes have already been selected for balancing and the limit is 2. Only already selected sources and targets can be involved in balancing now.
2023-09-07 14:19:57,811 [main] DEBUG balancer.ContainerBalancerTask (ContainerBalancerTask.java:matchSourceWithTarget(708)) - ContainerBalancer is finding suitable target for source datanode 0c7abd90-b548-425b-a0f1-46011334d486
2023-09-07 14:19:57,811 [main] INFO  balancer.ContainerBalancerTask (ContainerBalancerTask.java:matchSourceWithTarget(722)) - ContainerBalancer matched source datanode 0c7abd90-b548-425b-a0f1-46011334d486 with target datanode 4a488554-0e06-4903-9cb3-800e64f581b3 for container move.
2023-09-07 14:19:57,812 [main] INFO  balancer.ContainerBalancerTask (ContainerBalancerTask.java:processMoveSelection(569)) - ContainerBalancer is trying to move container #53 with size 5368709120B from source datanode 0c7abd90-b548-425b-a0f1-46011334d486 to target datanode 4a488554-0e06-4903-9cb3-800e64f581b3
2023-09-07 14:19:57,812 [main] DEBUG balancer.ContainerBalancerTask (ContainerBalancerTask.java:lambda$moveContainer$3(837)) - Container move completed for container #53 from source 0c7abd90-b548-425b-a0f1-46011334d486 to target 4a488554-0e06-4903-9cb3-800e64f581b3
2023-09-07 14:19:57,814 [main] DEBUG balancer.ContainerBalancerTask (ContainerBalancerTask.java:matchSourceWithTarget(708)) - ContainerBalancer is finding suitable target for source datanode 0c7abd90-b548-425b-a0f1-46011334d486
2023-09-07 14:19:57,814 [main] INFO  balancer.ContainerBalancerTask (ContainerBalancerTask.java:matchSourceWithTarget(722)) - ContainerBalancer matched source datanode 0c7abd90-b548-425b-a0f1-46011334d486 with target datanode 4a488554-0e06-4903-9cb3-800e64f581b3 for container move.
2023-09-07 14:19:57,815 [main] INFO  balancer.ContainerBalancerTask (ContainerBalancerTask.java:processMoveSelection(569)) - ContainerBalancer is trying to move container #87 with size 2147483648B from source datanode 0c7abd90-b548-425b-a0f1-46011334d486 to target datanode 4a488554-0e06-4903-9cb3-800e64f581b3
2023-09-07 14:19:57,815 [main] DEBUG balancer.ContainerBalancerTask (ContainerBalancerTask.java:lambda$moveContainer$3(837)) - Container move completed for container #87 from source 0c7abd90-b548-425b-a0f1-46011334d486 to target 4a488554-0e06-4903-9cb3-800e64f581b3
2023-09-07 14:19:57,817 [main] DEBUG balancer.ContainerBalancerTask (ContainerBalancerTask.java:matchSourceWithTarget(708)) - ContainerBalancer is finding suitable target for source datanode 0c7abd90-b548-425b-a0f1-46011334d486
2023-09-07 14:19:57,818 [main] INFO  balancer.FindTargetGreedyByUsageInfo (AbstractFindTargetGreedy.java:findTargetForContainerMove(133)) - Container Balancer could not find a target for source datanode 0c7abd90-b548-425b-a0f1-46011334d486
2023-09-07 14:19:57,818 [main] DEBUG balancer.ContainerBalancerTask (ContainerBalancerTask.java:matchSourceWithTarget(717)) - ContainerBalancer could not find a suitable target for source node 0c7abd90-b548-425b-a0f1-46011334d486.
2023-09-07 14:19:57,818 [main] INFO  balancer.FindSourceGreedy (FindSourceGreedy.java:getNextCandidateSourceDataNode(126)) - no more candidate source data node
2023-09-07 14:19:57,818 [main] INFO  balancer.ContainerBalancerTask (ContainerBalancerTask.java:checkIterationMoveResults(642)) - Iteration Summary. Number of Datanodes involved: 2. Size moved: 12 GB (12884901888 Bytes). Number of Container moves completed: 3.
2023-09-07 14:19:57,818 [main] INFO  balancer.ContainerBalancerTask (ContainerBalancerTask.java:balance(259)) - Result of this iteration of Container Balancer: ITERATION_COMPLETED
2023-09-07 14:19:57,820 [main] DEBUG balancer.ContainerBalancerTask (ContainerBalancerTask.java:initializeIteration(374)) - Average utilization of the cluster is 0.3645815702307043
2023-09-07 14:19:57,820 [main] DEBUG balancer.ContainerBalancerTask (ContainerBalancerTask.java:initializeIteration(386)) - Lower limit for utilization is 0.2645815702307043 and Upper limit for utilization is 0.46458157023070434
2023-09-07 14:19:57,821 [main] DEBUG balancer.ContainerBalancerTask (ContainerBalancerTask.java:initializeIteration(398)) - Utilization for node 0c7abd90-b548-425b-a0f1-46011334d486 with capacity 60845370026B, used 54760833024B, and remaining 6084537002B is 0.900000000009861
2023-09-07 14:19:57,821 [main] DEBUG balancer.ContainerBalancerTask (ContainerBalancerTask.java:initializeIteration(398)) - Utilization for node a44b3c4f-23f3-46b6-8713-c61365d9da7a with capacity 64424509440B, used 51539607552B, and remaining 12884901888B is 0.8
2023-09-07 14:19:57,821 [main] DEBUG balancer.ContainerBalancerTask (ContainerBalancerTask.java:initializeIteration(398)) - Utilization for node 199bc7f0-e261-4a04-9b06-94d2a851ebb8 with capacity 88967179702B, used 62277025792B, and remaining 26690153910B is 0.700000000006744
2023-09-07 14:19:57,821 [main] DEBUG balancer.ContainerBalancerTask (ContainerBalancerTask.java:initializeIteration(398)) - Utilization for node 5e1a967d-f46f-4335-aa7e-441fd0628abe with capacity 60845370026B, used 36507222016B, and remaining 24338148010B is 0.600000000006574
2023-09-07 14:19:57,821 [main] DEBUG balancer.ContainerBalancerTask (ContainerBalancerTask.java:initializeIteration(398)) - Utilization for node 0bba7d4e-4708-42d8-9acc-2b457a38ba46 with capacity 90194313216B, used 45097156608B, and remaining 45097156608B is 0.5
2023-09-07 14:19:57,821 [main] DEBUG balancer.ContainerBalancerTask (ContainerBalancerTask.java:initializeIteration(398)) - Utilization for node 5db3e25c-f369-47ae-bea0-62fd9083dd37 with capacity 93952409600B, used 37580963840B, and remaining 56371445760B is 0.4
2023-09-07 14:19:57,821 [main] DEBUG balancer.ContainerBalancerTask (ContainerBalancerTask.java:initializeIteration(398)) - Utilization for node 75149754-515b-4804-a625-178ae22ff488 with capacity 139586437120B, used 41875931136B, and remaining 97710505984B is 0.3
2023-09-07 14:19:57,821 [main] DEBUG balancer.ContainerBalancerTask (ContainerBalancerTask.java:initializeIteration(398)) - Utilization for node 93bcb7ab-312e-4de8-9980-561139e89596 with capacity 128849018880B, used 25769803776B, and remaining 103079215104B is 0.2
2023-09-07 14:19:57,821 [main] DEBUG balancer.ContainerBalancerTask (ContainerBalancerTask.java:initializeIteration(398)) - Utilization for node 5d9a18ed-0c16-4673-b8f3-98f6c182eb6a with capacity 300647710720B, used 30064771072B, and remaining 270582939648B is 0.1
2023-09-07 14:19:57,821 [main] DEBUG balancer.ContainerBalancerTask (ContainerBalancerTask.java:initializeIteration(398)) - Utilization for node 4a488554-0e06-4903-9cb3-800e64f581b3 with capacity 28991029248B, used 0B, and remaining 28991029248B is 0.0
2023-09-07 14:19:57,821 [main] INFO  balancer.ContainerBalancerTask (ContainerBalancerTask.java:initializeIteration(447)) - Container Balancer has identified 5 Over-Utilized and 3 Under-Utilized Datanodes that need to be balanced.
2023-09-07 14:19:57,821 [main] DEBUG balancer.ContainerBalancerTask (ContainerBalancerTask.java:lambda$initializeIteration$1(453)) - Datanode localhost-128.49.200.99 0c7abd90-b548-425b-a0f1-46011334d486 is Over-Utilized.
2023-09-07 14:19:57,822 [main] DEBUG balancer.ContainerBalancerTask (ContainerBalancerTask.java:lambda$initializeIteration$1(453)) - Datanode localhost-93.208.105.248 a44b3c4f-23f3-46b6-8713-c61365d9da7a is Over-Utilized.
2023-09-07 14:19:57,822 [main] DEBUG balancer.ContainerBalancerTask (ContainerBalancerTask.java:lambda$initializeIteration$1(453)) - Datanode localhost-125.16.156.127 199bc7f0-e261-4a04-9b06-94d2a851ebb8 is Over-Utilized.
2023-09-07 14:19:57,822 [main] DEBUG balancer.ContainerBalancerTask (ContainerBalancerTask.java:lambda$initializeIteration$1(453)) - Datanode localhost-206.53.254.157 5e1a967d-f46f-4335-aa7e-441fd0628abe is Over-Utilized.
2023-09-07 14:19:57,822 [main] DEBUG balancer.ContainerBalancerTask (ContainerBalancerTask.java:lambda$initializeIteration$1(453)) - Datanode localhost-206.202.155.147 0bba7d4e-4708-42d8-9acc-2b457a38ba46 is Over-Utilized.
2023-09-07 14:19:57,822 [main] DEBUG balancer.ContainerBalancerTask (ContainerBalancerTask.java:lambda$initializeIteration$2(459)) - Datanode localhost-255.242.220.152 4a488554-0e06-4903-9cb3-800e64f581b3 is Under-Utilized.
2023-09-07 14:19:57,822 [main] DEBUG balancer.ContainerBalancerTask (ContainerBalancerTask.java:lambda$initializeIteration$2(459)) - Datanode localhost-158.113.204.130 5d9a18ed-0c16-4673-b8f3-98f6c182eb6a is Under-Utilized.
2023-09-07 14:19:57,822 [main] DEBUG balancer.ContainerBalancerTask (ContainerBalancerTask.java:lambda$initializeIteration$2(459)) - Datanode localhost-248.194.219.200 93bcb7ab-312e-4de8-9980-561139e89596 is Under-Utilized.
2023-09-07 14:19:57,824 [main] DEBUG balancer.ContainerBalancerTask (ContainerBalancerTask.java:matchSourceWithTarget(708)) - ContainerBalancer is finding suitable target for source datanode 0c7abd90-b548-425b-a0f1-46011334d486
2023-09-07 14:19:57,824 [main] INFO  balancer.ContainerBalancerTask (ContainerBalancerTask.java:matchSourceWithTarget(722)) - ContainerBalancer matched source datanode 0c7abd90-b548-425b-a0f1-46011334d486 with target datanode 4a488554-0e06-4903-9cb3-800e64f581b3 for container move.
2023-09-07 14:19:57,824 [main] INFO  balancer.ContainerBalancerTask (ContainerBalancerTask.java:processMoveSelection(569)) - ContainerBalancer is trying to move container #85 with size 5368709120B from source datanode 0c7abd90-b548-425b-a0f1-46011334d486 to target datanode 4a488554-0e06-4903-9cb3-800e64f581b3
2023-09-07 14:19:57,825 [main] DEBUG balancer.ContainerBalancerTask (ContainerBalancerTask.java:lambda$moveContainer$3(837)) - Container move completed for container #85 from source 0c7abd90-b548-425b-a0f1-46011334d486 to target 4a488554-0e06-4903-9cb3-800e64f581b3
2023-09-07 14:19:57,825 [main] DEBUG balancer.ContainerBalancerTask (ContainerBalancerTask.java:adaptOnReachingIterationLimits(782)) - Reached max datanodes to involve limit. 2 datanodes have already been selected for balancing and the limit is 2. Only already selected sources and targets can be involved in balancing now.
2023-09-07 14:19:57,827 [main] DEBUG balancer.ContainerBalancerTask (ContainerBalancerTask.java:matchSourceWithTarget(708)) - ContainerBalancer is finding suitable target for source datanode 0c7abd90-b548-425b-a0f1-46011334d486
2023-09-07 14:19:57,827 [main] INFO  balancer.ContainerBalancerTask (ContainerBalancerTask.java:matchSourceWithTarget(722)) - ContainerBalancer matched source datanode 0c7abd90-b548-425b-a0f1-46011334d486 with target datanode 4a488554-0e06-4903-9cb3-800e64f581b3 for container move.
2023-09-07 14:19:57,827 [main] INFO  balancer.ContainerBalancerTask (ContainerBalancerTask.java:processMoveSelection(569)) - ContainerBalancer is trying to move container #53 with size 5368709120B from source datanode 0c7abd90-b548-425b-a0f1-46011334d486 to target datanode 4a488554-0e06-4903-9cb3-800e64f581b3
2023-09-07 14:19:57,827 [main] DEBUG balancer.ContainerBalancerTask (ContainerBalancerTask.java:lambda$moveContainer$3(837)) - Container move completed for container #53 from source 0c7abd90-b548-425b-a0f1-46011334d486 to target 4a488554-0e06-4903-9cb3-800e64f581b3
2023-09-07 14:19:57,830 [main] DEBUG balancer.ContainerBalancerTask (ContainerBalancerTask.java:matchSourceWithTarget(708)) - ContainerBalancer is finding suitable target for source datanode 0c7abd90-b548-425b-a0f1-46011334d486
2023-09-07 14:19:57,830 [main] INFO  balancer.ContainerBalancerTask (ContainerBalancerTask.java:matchSourceWithTarget(722)) - ContainerBalancer matched source datanode 0c7abd90-b548-425b-a0f1-46011334d486 with target datanode 4a488554-0e06-4903-9cb3-800e64f581b3 for container move.
2023-09-07 14:19:57,830 [main] INFO  balancer.ContainerBalancerTask (ContainerBalancerTask.java:processMoveSelection(569)) - ContainerBalancer is trying to move container #87 with size 2147483648B from source datanode 0c7abd90-b548-425b-a0f1-46011334d486 to target datanode 4a488554-0e06-4903-9cb3-800e64f581b3
2023-09-07 14:19:57,830 [main] DEBUG balancer.ContainerBalancerTask (ContainerBalancerTask.java:lambda$moveContainer$3(837)) - Container move completed for container #87 from source 0c7abd90-b548-425b-a0f1-46011334d486 to target 4a488554-0e06-4903-9cb3-800e64f581b3
2023-09-07 14:19:57,832 [main] DEBUG balancer.ContainerBalancerTask (ContainerBalancerTask.java:matchSourceWithTarget(708)) - ContainerBalancer is finding suitable target for source datanode 0c7abd90-b548-425b-a0f1-46011334d486
2023-09-07 14:19:57,833 [main] INFO  balancer.FindTargetGreedyByUsageInfo (AbstractFindTargetGreedy.java:findTargetForContainerMove(133)) - Container Balancer could not find a target for source datanode 0c7abd90-b548-425b-a0f1-46011334d486
2023-09-07 14:19:57,833 [main] DEBUG balancer.ContainerBalancerTask (ContainerBalancerTask.java:matchSourceWithTarget(717)) - ContainerBalancer could not find a suitable target for source node 0c7abd90-b548-425b-a0f1-46011334d486.
2023-09-07 14:19:57,833 [main] INFO  balancer.FindSourceGreedy (FindSourceGreedy.java:getNextCandidateSourceDataNode(126)) - no more candidate source data node
2023-09-07 14:19:57,834 [main] INFO  balancer.ContainerBalancerTask (ContainerBalancerTask.java:checkIterationMoveResults(642)) - Iteration Summary. Number of Datanodes involved: 2. Size moved: 12 GB (12884901888 Bytes). Number of Container moves completed: 3.
2023-09-07 14:19:57,834 [main] INFO  balancer.ContainerBalancerTask (ContainerBalancerTask.java:balance(259)) - Result of this iteration of Container Balancer: ITERATION_COMPLETED
2023-09-07 14:19:57,834 [main] INFO  balancer.ContainerBalancerTask (ContainerBalancerTask.java:tryStopWithSaveConfiguration(308)) - Save Configuration for stopping. Reason: Completed all iterations.
]]></system-out>
  </testcase>
  <testcase name="checkIterationResult" classname="org.apache.hadoop.hdds.scm.container.balancer.TestContainerBalancerTask" time="0.096">
    <system-out><![CDATA[2023-09-07 14:19:57,856 [main] INFO  net.NodeSchemaLoader (NodeSchemaLoader.java:loadSchemaFromFile(129)) - Loading schema from [file:/home/runner/work/ozone/ozone/hadoop-hdds/common/target/classes/network-topology-default.xml]
2023-09-07 14:19:57,856 [main] INFO  net.NodeSchemaLoader (NodeSchemaLoader.java:loadSchema(176)) - Loading network topology layer schema file
2023-09-07 14:19:57,858 [main] INFO  net.NetworkTopologyImpl (NetworkTopologyImpl.java:add(112)) - Added a new node: /default-rack/1f6ac37a-6aec-4a91-9dc6-d3ad0d811cf6
2023-09-07 14:19:57,858 [main] INFO  net.NetworkTopologyImpl (NetworkTopologyImpl.java:add(112)) - Added a new node: /default-rack/4f243c17-a980-4876-93e4-2d646d6ff7ce
2023-09-07 14:19:57,859 [main] INFO  net.NetworkTopologyImpl (NetworkTopologyImpl.java:add(112)) - Added a new node: /default-rack/18bf89ea-87c5-48a8-a8c1-5ec700e80b92
2023-09-07 14:19:57,859 [main] INFO  net.NetworkTopologyImpl (NetworkTopologyImpl.java:add(112)) - Added a new node: /default-rack/f62b947f-52a4-419f-859d-f35eaa0d55b7
2023-09-07 14:19:57,859 [main] INFO  net.NetworkTopologyImpl (NetworkTopologyImpl.java:add(112)) - Added a new node: /default-rack/d2719bca-2383-46c7-a154-3388cebbf8f0
2023-09-07 14:19:57,859 [main] INFO  net.NetworkTopologyImpl (NetworkTopologyImpl.java:add(112)) - Added a new node: /default-rack/8f7bb3c8-5cc6-4c92-b3b7-c047dec94835
2023-09-07 14:19:57,859 [main] INFO  net.NetworkTopologyImpl (NetworkTopologyImpl.java:add(112)) - Added a new node: /default-rack/e3fd9f2c-f352-4487-9c4e-01d49e97d2b2
2023-09-07 14:19:57,859 [main] INFO  net.NetworkTopologyImpl (NetworkTopologyImpl.java:add(112)) - Added a new node: /default-rack/be9c16bf-8c92-48fe-a7cd-115840f4c342
2023-09-07 14:19:57,859 [main] INFO  net.NetworkTopologyImpl (NetworkTopologyImpl.java:add(112)) - Added a new node: /default-rack/5ed1d3b3-f85f-491c-8a4a-054553baf529
2023-09-07 14:19:57,859 [main] INFO  net.NetworkTopologyImpl (NetworkTopologyImpl.java:add(112)) - Added a new node: /default-rack/f76b0ca4-ef80-4791-9767-f75a7efb7687
2023-09-07 14:19:57,859 [main] INFO  algorithms.ContainerPlacementPolicyFactory (ContainerPlacementPolicyFactory.java:getPolicyInternal(86)) - Create container placement policy of type org.apache.hadoop.hdds.scm.container.placement.algorithms.SCMContainerPlacementRackAware
2023-09-07 14:19:57,860 [main] INFO  algorithms.ContainerPlacementPolicyFactory (ContainerPlacementPolicyFactory.java:getPolicyInternal(86)) - Create container placement policy of type org.apache.hadoop.hdds.scm.container.placement.algorithms.SCMContainerPlacementRackScatter
2023-09-07 14:19:57,863 [main] DEBUG balancer.ContainerBalancerTask (ContainerBalancerTask.java:initializeIteration(374)) - Average utilization of the cluster is 0.33209559030644276
2023-09-07 14:19:57,863 [main] DEBUG balancer.ContainerBalancerTask (ContainerBalancerTask.java:initializeIteration(386)) - Lower limit for utilization is 0.23209559030644275 and Upper limit for utilization is 0.43209559030644273
2023-09-07 14:19:57,863 [main] DEBUG balancer.ContainerBalancerTask (ContainerBalancerTask.java:initializeIteration(398)) - Utilization for node f76b0ca4-ef80-4791-9767-f75a7efb7687 with capacity 52494044728B, used 47244640256B, and remaining 5249404472B is 0.9000000000152398
2023-09-07 14:19:57,863 [main] DEBUG balancer.ContainerBalancerTask (ContainerBalancerTask.java:initializeIteration(398)) - Utilization for node 18bf89ea-87c5-48a8-a8c1-5ec700e80b92 with capacity 68451041280B, used 54760833024B, and remaining 13690208256B is 0.8
2023-09-07 14:19:57,864 [main] DEBUG balancer.ContainerBalancerTask (ContainerBalancerTask.java:initializeIteration(398)) - Utilization for node d2719bca-2383-46c7-a154-3388cebbf8f0 with capacity 69026260114B, used 48318382080B, and remaining 20707878034B is 0.7000000000028974
2023-09-07 14:19:57,864 [main] DEBUG balancer.ContainerBalancerTask (ContainerBalancerTask.java:initializeIteration(398)) - Utilization for node 5ed1d3b3-f85f-491c-8a4a-054553baf529 with capacity 57266230613B, used 34359738368B, and remaining 22906492245B is 0.6000000000034924
2023-09-07 14:19:57,864 [main] DEBUG balancer.ContainerBalancerTask (ContainerBalancerTask.java:initializeIteration(398)) - Utilization for node e3fd9f2c-f352-4487-9c4e-01d49e97d2b2 with capacity 75161927680B, used 37580963840B, and remaining 37580963840B is 0.5
2023-09-07 14:19:57,864 [main] DEBUG balancer.ContainerBalancerTask (ContainerBalancerTask.java:initializeIteration(398)) - Utilization for node f62b947f-52a4-419f-859d-f35eaa0d55b7 with capacity 102005473280B, used 40802189312B, and remaining 61203283968B is 0.4
2023-09-07 14:19:57,864 [main] DEBUG balancer.ContainerBalancerTask (ContainerBalancerTask.java:initializeIteration(398)) - Utilization for node 1f6ac37a-6aec-4a91-9dc6-d3ad0d811cf6 with capacity 93057624746B, used 27917287424B, and remaining 65140337322B is 0.3000000000021492
2023-09-07 14:19:57,864 [main] DEBUG balancer.ContainerBalancerTask (ContainerBalancerTask.java:initializeIteration(398)) - Utilization for node be9c16bf-8c92-48fe-a7cd-115840f4c342 with capacity 252329328640B, used 50465865728B, and remaining 201863462912B is 0.2
2023-09-07 14:19:57,864 [main] DEBUG balancer.ContainerBalancerTask (ContainerBalancerTask.java:initializeIteration(398)) - Utilization for node 8f7bb3c8-5cc6-4c92-b3b7-c047dec94835 with capacity 354334801920B, used 35433480192B, and remaining 318901321728B is 0.1
2023-09-07 14:19:57,864 [main] DEBUG balancer.ContainerBalancerTask (ContainerBalancerTask.java:initializeIteration(398)) - Utilization for node 4f243c17-a980-4876-93e4-2d646d6ff7ce with capacity 10737418240B, used 0B, and remaining 10737418240B is 0.0
2023-09-07 14:19:57,864 [main] INFO  balancer.ContainerBalancerTask (ContainerBalancerTask.java:initializeIteration(447)) - Container Balancer has identified 5 Over-Utilized and 3 Under-Utilized Datanodes that need to be balanced.
2023-09-07 14:19:57,864 [main] DEBUG balancer.ContainerBalancerTask (ContainerBalancerTask.java:lambda$initializeIteration$1(453)) - Datanode localhost-175.112.117.238 f76b0ca4-ef80-4791-9767-f75a7efb7687 is Over-Utilized.
2023-09-07 14:19:57,864 [main] DEBUG balancer.ContainerBalancerTask (ContainerBalancerTask.java:lambda$initializeIteration$1(453)) - Datanode localhost-209.120.58.197 18bf89ea-87c5-48a8-a8c1-5ec700e80b92 is Over-Utilized.
2023-09-07 14:19:57,864 [main] DEBUG balancer.ContainerBalancerTask (ContainerBalancerTask.java:lambda$initializeIteration$1(453)) - Datanode localhost-34.166.204.188 d2719bca-2383-46c7-a154-3388cebbf8f0 is Over-Utilized.
2023-09-07 14:19:57,865 [main] DEBUG balancer.ContainerBalancerTask (ContainerBalancerTask.java:lambda$initializeIteration$1(453)) - Datanode localhost-144.96.182.19 5ed1d3b3-f85f-491c-8a4a-054553baf529 is Over-Utilized.
2023-09-07 14:19:57,865 [main] DEBUG balancer.ContainerBalancerTask (ContainerBalancerTask.java:lambda$initializeIteration$1(453)) - Datanode localhost-204.28.254.130 e3fd9f2c-f352-4487-9c4e-01d49e97d2b2 is Over-Utilized.
2023-09-07 14:19:57,865 [main] DEBUG balancer.ContainerBalancerTask (ContainerBalancerTask.java:lambda$initializeIteration$2(459)) - Datanode localhost-151.194.108.101 4f243c17-a980-4876-93e4-2d646d6ff7ce is Under-Utilized.
2023-09-07 14:19:57,865 [main] DEBUG balancer.ContainerBalancerTask (ContainerBalancerTask.java:lambda$initializeIteration$2(459)) - Datanode localhost-104.88.125.111 8f7bb3c8-5cc6-4c92-b3b7-c047dec94835 is Under-Utilized.
2023-09-07 14:19:57,865 [main] DEBUG balancer.ContainerBalancerTask (ContainerBalancerTask.java:lambda$initializeIteration$2(459)) - Datanode localhost-154.189.221.106 be9c16bf-8c92-48fe-a7cd-115840f4c342 is Under-Utilized.
2023-09-07 14:19:57,867 [main] DEBUG balancer.ContainerBalancerTask (ContainerBalancerTask.java:matchSourceWithTarget(708)) - ContainerBalancer is finding suitable target for source datanode f76b0ca4-ef80-4791-9767-f75a7efb7687
2023-09-07 14:19:57,867 [main] INFO  balancer.ContainerBalancerTask (ContainerBalancerTask.java:matchSourceWithTarget(722)) - ContainerBalancer matched source datanode f76b0ca4-ef80-4791-9767-f75a7efb7687 with target datanode 4f243c17-a980-4876-93e4-2d646d6ff7ce for container move.
2023-09-07 14:19:57,867 [main] INFO  balancer.ContainerBalancerTask (ContainerBalancerTask.java:processMoveSelection(569)) - ContainerBalancer is trying to move container #84 with size 4294967296B from source datanode f76b0ca4-ef80-4791-9767-f75a7efb7687 to target datanode 4f243c17-a980-4876-93e4-2d646d6ff7ce
2023-09-07 14:19:57,867 [main] DEBUG balancer.ContainerBalancerTask (ContainerBalancerTask.java:lambda$moveContainer$3(837)) - Container move completed for container #84 from source f76b0ca4-ef80-4791-9767-f75a7efb7687 to target 4f243c17-a980-4876-93e4-2d646d6ff7ce
2023-09-07 14:19:57,870 [main] DEBUG balancer.ContainerBalancerTask (ContainerBalancerTask.java:matchSourceWithTarget(708)) - ContainerBalancer is finding suitable target for source datanode f76b0ca4-ef80-4791-9767-f75a7efb7687
2023-09-07 14:19:57,870 [main] INFO  balancer.ContainerBalancerTask (ContainerBalancerTask.java:matchSourceWithTarget(722)) - ContainerBalancer matched source datanode f76b0ca4-ef80-4791-9767-f75a7efb7687 with target datanode 8f7bb3c8-5cc6-4c92-b3b7-c047dec94835 for container move.
2023-09-07 14:19:57,870 [main] INFO  balancer.ContainerBalancerTask (ContainerBalancerTask.java:processMoveSelection(569)) - ContainerBalancer is trying to move container #88 with size 3221225472B from source datanode f76b0ca4-ef80-4791-9767-f75a7efb7687 to target datanode 8f7bb3c8-5cc6-4c92-b3b7-c047dec94835
2023-09-07 14:19:57,870 [main] DEBUG balancer.ContainerBalancerTask (ContainerBalancerTask.java:lambda$moveContainer$3(837)) - Container move completed for container #88 from source f76b0ca4-ef80-4791-9767-f75a7efb7687 to target 8f7bb3c8-5cc6-4c92-b3b7-c047dec94835
2023-09-07 14:19:57,872 [main] DEBUG balancer.ContainerBalancerTask (ContainerBalancerTask.java:matchSourceWithTarget(708)) - ContainerBalancer is finding suitable target for source datanode 18bf89ea-87c5-48a8-a8c1-5ec700e80b92
2023-09-07 14:19:57,873 [main] INFO  balancer.ContainerBalancerTask (ContainerBalancerTask.java:matchSourceWithTarget(722)) - ContainerBalancer matched source datanode 18bf89ea-87c5-48a8-a8c1-5ec700e80b92 with target datanode 8f7bb3c8-5cc6-4c92-b3b7-c047dec94835 for container move.
2023-09-07 14:19:57,873 [main] INFO  balancer.ContainerBalancerTask (ContainerBalancerTask.java:processMoveSelection(569)) - ContainerBalancer is trying to move container #68 with size 5368709120B from source datanode 18bf89ea-87c5-48a8-a8c1-5ec700e80b92 to target datanode 8f7bb3c8-5cc6-4c92-b3b7-c047dec94835
2023-09-07 14:19:57,873 [main] DEBUG balancer.ContainerBalancerTask (ContainerBalancerTask.java:lambda$moveContainer$3(837)) - Container move completed for container #68 from source 18bf89ea-87c5-48a8-a8c1-5ec700e80b92 to target 8f7bb3c8-5cc6-4c92-b3b7-c047dec94835
2023-09-07 14:19:57,875 [main] DEBUG balancer.ContainerBalancerTask (ContainerBalancerTask.java:matchSourceWithTarget(708)) - ContainerBalancer is finding suitable target for source datanode f76b0ca4-ef80-4791-9767-f75a7efb7687
2023-09-07 14:19:57,875 [main] INFO  balancer.ContainerBalancerTask (ContainerBalancerTask.java:matchSourceWithTarget(722)) - ContainerBalancer matched source datanode f76b0ca4-ef80-4791-9767-f75a7efb7687 with target datanode 8f7bb3c8-5cc6-4c92-b3b7-c047dec94835 for container move.
2023-09-07 14:19:57,875 [main] INFO  balancer.ContainerBalancerTask (ContainerBalancerTask.java:processMoveSelection(569)) - ContainerBalancer is trying to move container #36 with size 1073741824B from source datanode f76b0ca4-ef80-4791-9767-f75a7efb7687 to target datanode 8f7bb3c8-5cc6-4c92-b3b7-c047dec94835
2023-09-07 14:19:57,875 [main] DEBUG balancer.ContainerBalancerTask (ContainerBalancerTask.java:lambda$moveContainer$3(837)) - Container move completed for container #36 from source f76b0ca4-ef80-4791-9767-f75a7efb7687 to target 8f7bb3c8-5cc6-4c92-b3b7-c047dec94835
2023-09-07 14:19:57,878 [main] DEBUG balancer.ContainerBalancerTask (ContainerBalancerTask.java:matchSourceWithTarget(708)) - ContainerBalancer is finding suitable target for source datanode f76b0ca4-ef80-4791-9767-f75a7efb7687
2023-09-07 14:19:57,878 [main] INFO  balancer.ContainerBalancerTask (ContainerBalancerTask.java:matchSourceWithTarget(722)) - ContainerBalancer matched source datanode f76b0ca4-ef80-4791-9767-f75a7efb7687 with target datanode 8f7bb3c8-5cc6-4c92-b3b7-c047dec94835 for container move.
2023-09-07 14:19:57,878 [main] INFO  balancer.ContainerBalancerTask (ContainerBalancerTask.java:processMoveSelection(569)) - ContainerBalancer is trying to move container #16 with size 1073741824B from source datanode f76b0ca4-ef80-4791-9767-f75a7efb7687 to target datanode 8f7bb3c8-5cc6-4c92-b3b7-c047dec94835
2023-09-07 14:19:57,878 [main] DEBUG balancer.ContainerBalancerTask (ContainerBalancerTask.java:lambda$moveContainer$3(837)) - Container move completed for container #16 from source f76b0ca4-ef80-4791-9767-f75a7efb7687 to target 8f7bb3c8-5cc6-4c92-b3b7-c047dec94835
2023-09-07 14:19:57,881 [main] DEBUG balancer.ContainerBalancerTask (ContainerBalancerTask.java:matchSourceWithTarget(708)) - ContainerBalancer is finding suitable target for source datanode 18bf89ea-87c5-48a8-a8c1-5ec700e80b92
2023-09-07 14:19:57,881 [main] INFO  balancer.ContainerBalancerTask (ContainerBalancerTask.java:matchSourceWithTarget(722)) - ContainerBalancer matched source datanode 18bf89ea-87c5-48a8-a8c1-5ec700e80b92 with target datanode be9c16bf-8c92-48fe-a7cd-115840f4c342 for container move.
2023-09-07 14:19:57,881 [main] INFO  balancer.ContainerBalancerTask (ContainerBalancerTask.java:processMoveSelection(569)) - ContainerBalancer is trying to move container #66 with size 3221225472B from source datanode 18bf89ea-87c5-48a8-a8c1-5ec700e80b92 to target datanode be9c16bf-8c92-48fe-a7cd-115840f4c342
2023-09-07 14:19:57,881 [main] DEBUG balancer.ContainerBalancerTask (ContainerBalancerTask.java:lambda$moveContainer$3(837)) - Container move completed for container #66 from source 18bf89ea-87c5-48a8-a8c1-5ec700e80b92 to target be9c16bf-8c92-48fe-a7cd-115840f4c342
2023-09-07 14:19:57,884 [main] DEBUG balancer.ContainerBalancerTask (ContainerBalancerTask.java:matchSourceWithTarget(708)) - ContainerBalancer is finding suitable target for source datanode f76b0ca4-ef80-4791-9767-f75a7efb7687
2023-09-07 14:19:57,884 [main] INFO  balancer.ContainerBalancerTask (ContainerBalancerTask.java:matchSourceWithTarget(722)) - ContainerBalancer matched source datanode f76b0ca4-ef80-4791-9767-f75a7efb7687 with target datanode be9c16bf-8c92-48fe-a7cd-115840f4c342 for container move.
2023-09-07 14:19:57,884 [main] INFO  balancer.ContainerBalancerTask (ContainerBalancerTask.java:processMoveSelection(569)) - ContainerBalancer is trying to move container #82 with size 2147483648B from source datanode f76b0ca4-ef80-4791-9767-f75a7efb7687 to target datanode be9c16bf-8c92-48fe-a7cd-115840f4c342
2023-09-07 14:19:57,884 [main] DEBUG balancer.ContainerBalancerTask (ContainerBalancerTask.java:lambda$moveContainer$3(837)) - Container move completed for container #82 from source f76b0ca4-ef80-4791-9767-f75a7efb7687 to target be9c16bf-8c92-48fe-a7cd-115840f4c342
2023-09-07 14:19:57,887 [main] DEBUG balancer.ContainerBalancerTask (ContainerBalancerTask.java:matchSourceWithTarget(708)) - ContainerBalancer is finding suitable target for source datanode d2719bca-2383-46c7-a154-3388cebbf8f0
2023-09-07 14:19:57,887 [main] INFO  balancer.ContainerBalancerTask (ContainerBalancerTask.java:matchSourceWithTarget(722)) - ContainerBalancer matched source datanode d2719bca-2383-46c7-a154-3388cebbf8f0 with target datanode be9c16bf-8c92-48fe-a7cd-115840f4c342 for container move.
2023-09-07 14:19:57,887 [main] INFO  balancer.ContainerBalancerTask (ContainerBalancerTask.java:processMoveSelection(569)) - ContainerBalancer is trying to move container #52 with size 4294967296B from source datanode d2719bca-2383-46c7-a154-3388cebbf8f0 to target datanode be9c16bf-8c92-48fe-a7cd-115840f4c342
2023-09-07 14:19:57,887 [main] DEBUG balancer.ContainerBalancerTask (ContainerBalancerTask.java:lambda$moveContainer$3(837)) - Container move completed for container #52 from source d2719bca-2383-46c7-a154-3388cebbf8f0 to target be9c16bf-8c92-48fe-a7cd-115840f4c342
2023-09-07 14:19:57,890 [main] DEBUG balancer.ContainerBalancerTask (ContainerBalancerTask.java:matchSourceWithTarget(708)) - ContainerBalancer is finding suitable target for source datanode f76b0ca4-ef80-4791-9767-f75a7efb7687
2023-09-07 14:19:57,890 [main] INFO  balancer.ContainerBalancerTask (ContainerBalancerTask.java:matchSourceWithTarget(722)) - ContainerBalancer matched source datanode f76b0ca4-ef80-4791-9767-f75a7efb7687 with target datanode be9c16bf-8c92-48fe-a7cd-115840f4c342 for container move.
2023-09-07 14:19:57,890 [main] INFO  balancer.ContainerBalancerTask (ContainerBalancerTask.java:processMoveSelection(569)) - ContainerBalancer is trying to move container #86 with size 1073741824B from source datanode f76b0ca4-ef80-4791-9767-f75a7efb7687 to target datanode be9c16bf-8c92-48fe-a7cd-115840f4c342
2023-09-07 14:19:57,890 [main] DEBUG balancer.ContainerBalancerTask (ContainerBalancerTask.java:lambda$moveContainer$3(837)) - Container move completed for container #86 from source f76b0ca4-ef80-4791-9767-f75a7efb7687 to target be9c16bf-8c92-48fe-a7cd-115840f4c342
2023-09-07 14:19:57,893 [main] DEBUG balancer.ContainerBalancerTask (ContainerBalancerTask.java:matchSourceWithTarget(708)) - ContainerBalancer is finding suitable target for source datanode 18bf89ea-87c5-48a8-a8c1-5ec700e80b92
2023-09-07 14:19:57,893 [main] INFO  balancer.FindTargetGreedyByUsageInfo (AbstractFindTargetGreedy.java:findTargetForContainerMove(133)) - Container Balancer could not find a target for source datanode 18bf89ea-87c5-48a8-a8c1-5ec700e80b92
2023-09-07 14:19:57,893 [main] DEBUG balancer.ContainerBalancerTask (ContainerBalancerTask.java:matchSourceWithTarget(717)) - ContainerBalancer could not find a suitable target for source node 18bf89ea-87c5-48a8-a8c1-5ec700e80b92.
2023-09-07 14:19:57,896 [main] DEBUG balancer.ContainerBalancerTask (ContainerBalancerTask.java:matchSourceWithTarget(701)) - ContainerBalancer could not find any candidate containers for datanode f76b0ca4-ef80-4791-9767-f75a7efb7687
2023-09-07 14:19:57,898 [main] DEBUG balancer.ContainerBalancerTask (ContainerBalancerTask.java:matchSourceWithTarget(708)) - ContainerBalancer is finding suitable target for source datanode d2719bca-2383-46c7-a154-3388cebbf8f0
2023-09-07 14:19:57,899 [main] INFO  balancer.FindTargetGreedyByUsageInfo (AbstractFindTargetGreedy.java:findTargetForContainerMove(133)) - Container Balancer could not find a target for source datanode d2719bca-2383-46c7-a154-3388cebbf8f0
2023-09-07 14:19:57,899 [main] DEBUG balancer.ContainerBalancerTask (ContainerBalancerTask.java:matchSourceWithTarget(717)) - ContainerBalancer could not find a suitable target for source node d2719bca-2383-46c7-a154-3388cebbf8f0.
2023-09-07 14:19:57,901 [main] DEBUG balancer.ContainerBalancerTask (ContainerBalancerTask.java:matchSourceWithTarget(708)) - ContainerBalancer is finding suitable target for source datanode 5ed1d3b3-f85f-491c-8a4a-054553baf529
2023-09-07 14:19:57,901 [main] INFO  balancer.FindTargetGreedyByUsageInfo (AbstractFindTargetGreedy.java:findTargetForContainerMove(133)) - Container Balancer could not find a target for source datanode 5ed1d3b3-f85f-491c-8a4a-054553baf529
2023-09-07 14:19:57,901 [main] DEBUG balancer.ContainerBalancerTask (ContainerBalancerTask.java:matchSourceWithTarget(717)) - ContainerBalancer could not find a suitable target for source node 5ed1d3b3-f85f-491c-8a4a-054553baf529.
2023-09-07 14:19:57,903 [main] DEBUG balancer.ContainerBalancerTask (ContainerBalancerTask.java:matchSourceWithTarget(708)) - ContainerBalancer is finding suitable target for source datanode e3fd9f2c-f352-4487-9c4e-01d49e97d2b2
2023-09-07 14:19:57,903 [main] INFO  balancer.FindTargetGreedyByUsageInfo (AbstractFindTargetGreedy.java:findTargetForContainerMove(133)) - Container Balancer could not find a target for source datanode e3fd9f2c-f352-4487-9c4e-01d49e97d2b2
2023-09-07 14:19:57,903 [main] DEBUG balancer.ContainerBalancerTask (ContainerBalancerTask.java:matchSourceWithTarget(717)) - ContainerBalancer could not find a suitable target for source node e3fd9f2c-f352-4487-9c4e-01d49e97d2b2.
2023-09-07 14:19:57,903 [main] INFO  balancer.FindSourceGreedy (FindSourceGreedy.java:getNextCandidateSourceDataNode(126)) - no more candidate source data node
2023-09-07 14:19:57,904 [main] INFO  balancer.ContainerBalancerTask (ContainerBalancerTask.java:checkIterationMoveResults(642)) - Iteration Summary. Number of Datanodes involved: 6. Size moved: 24 GB (25769803776 Bytes). Number of Container moves completed: 9.
2023-09-07 14:19:57,904 [main] INFO  balancer.ContainerBalancerTask (ContainerBalancerTask.java:balance(259)) - Result of this iteration of Container Balancer: ITERATION_COMPLETED
2023-09-07 14:19:57,904 [main] INFO  balancer.ContainerBalancerTask (ContainerBalancerTask.java:tryStopWithSaveConfiguration(308)) - Save Configuration for stopping. Reason: Completed all iterations.
2023-09-07 14:19:57,905 [main] DEBUG balancer.ContainerBalancerTask (ContainerBalancerTask.java:initializeIteration(374)) - Average utilization of the cluster is 0.33209559030644276
2023-09-07 14:19:57,905 [main] DEBUG balancer.ContainerBalancerTask (ContainerBalancerTask.java:initializeIteration(386)) - Lower limit for utilization is 0.23209559030644275 and Upper limit for utilization is 0.43209559030644273
2023-09-07 14:19:57,905 [main] DEBUG balancer.ContainerBalancerTask (ContainerBalancerTask.java:initializeIteration(398)) - Utilization for node f76b0ca4-ef80-4791-9767-f75a7efb7687 with capacity 52494044728B, used 47244640256B, and remaining 5249404472B is 0.9000000000152398
2023-09-07 14:19:57,905 [main] DEBUG balancer.ContainerBalancerTask (ContainerBalancerTask.java:initializeIteration(398)) - Utilization for node 18bf89ea-87c5-48a8-a8c1-5ec700e80b92 with capacity 68451041280B, used 54760833024B, and remaining 13690208256B is 0.8
2023-09-07 14:19:57,905 [main] DEBUG balancer.ContainerBalancerTask (ContainerBalancerTask.java:initializeIteration(398)) - Utilization for node d2719bca-2383-46c7-a154-3388cebbf8f0 with capacity 69026260114B, used 48318382080B, and remaining 20707878034B is 0.7000000000028974
2023-09-07 14:19:57,905 [main] DEBUG balancer.ContainerBalancerTask (ContainerBalancerTask.java:initializeIteration(398)) - Utilization for node 5ed1d3b3-f85f-491c-8a4a-054553baf529 with capacity 57266230613B, used 34359738368B, and remaining 22906492245B is 0.6000000000034924
2023-09-07 14:19:57,905 [main] DEBUG balancer.ContainerBalancerTask (ContainerBalancerTask.java:initializeIteration(398)) - Utilization for node e3fd9f2c-f352-4487-9c4e-01d49e97d2b2 with capacity 75161927680B, used 37580963840B, and remaining 37580963840B is 0.5
2023-09-07 14:19:57,905 [main] DEBUG balancer.ContainerBalancerTask (ContainerBalancerTask.java:initializeIteration(398)) - Utilization for node f62b947f-52a4-419f-859d-f35eaa0d55b7 with capacity 102005473280B, used 40802189312B, and remaining 61203283968B is 0.4
2023-09-07 14:19:57,905 [main] DEBUG balancer.ContainerBalancerTask (ContainerBalancerTask.java:initializeIteration(398)) - Utilization for node 1f6ac37a-6aec-4a91-9dc6-d3ad0d811cf6 with capacity 93057624746B, used 27917287424B, and remaining 65140337322B is 0.3000000000021492
2023-09-07 14:19:57,906 [main] DEBUG balancer.ContainerBalancerTask (ContainerBalancerTask.java:initializeIteration(398)) - Utilization for node be9c16bf-8c92-48fe-a7cd-115840f4c342 with capacity 252329328640B, used 50465865728B, and remaining 201863462912B is 0.2
2023-09-07 14:19:57,906 [main] DEBUG balancer.ContainerBalancerTask (ContainerBalancerTask.java:initializeIteration(398)) - Utilization for node 8f7bb3c8-5cc6-4c92-b3b7-c047dec94835 with capacity 354334801920B, used 35433480192B, and remaining 318901321728B is 0.1
2023-09-07 14:19:57,906 [main] DEBUG balancer.ContainerBalancerTask (ContainerBalancerTask.java:initializeIteration(398)) - Utilization for node 4f243c17-a980-4876-93e4-2d646d6ff7ce with capacity 10737418240B, used 0B, and remaining 10737418240B is 0.0
2023-09-07 14:19:57,906 [main] INFO  balancer.ContainerBalancerTask (ContainerBalancerTask.java:initializeIteration(447)) - Container Balancer has identified 5 Over-Utilized and 3 Under-Utilized Datanodes that need to be balanced.
2023-09-07 14:19:57,906 [main] DEBUG balancer.ContainerBalancerTask (ContainerBalancerTask.java:lambda$initializeIteration$1(453)) - Datanode localhost-175.112.117.238 f76b0ca4-ef80-4791-9767-f75a7efb7687 is Over-Utilized.
2023-09-07 14:19:57,906 [main] DEBUG balancer.ContainerBalancerTask (ContainerBalancerTask.java:lambda$initializeIteration$1(453)) - Datanode localhost-209.120.58.197 18bf89ea-87c5-48a8-a8c1-5ec700e80b92 is Over-Utilized.
2023-09-07 14:19:57,906 [main] DEBUG balancer.ContainerBalancerTask (ContainerBalancerTask.java:lambda$initializeIteration$1(453)) - Datanode localhost-34.166.204.188 d2719bca-2383-46c7-a154-3388cebbf8f0 is Over-Utilized.
2023-09-07 14:19:57,906 [main] DEBUG balancer.ContainerBalancerTask (ContainerBalancerTask.java:lambda$initializeIteration$1(453)) - Datanode localhost-144.96.182.19 5ed1d3b3-f85f-491c-8a4a-054553baf529 is Over-Utilized.
2023-09-07 14:19:57,906 [main] DEBUG balancer.ContainerBalancerTask (ContainerBalancerTask.java:lambda$initializeIteration$1(453)) - Datanode localhost-204.28.254.130 e3fd9f2c-f352-4487-9c4e-01d49e97d2b2 is Over-Utilized.
2023-09-07 14:19:57,907 [main] DEBUG balancer.ContainerBalancerTask (ContainerBalancerTask.java:lambda$initializeIteration$2(459)) - Datanode localhost-151.194.108.101 4f243c17-a980-4876-93e4-2d646d6ff7ce is Under-Utilized.
2023-09-07 14:19:57,907 [main] DEBUG balancer.ContainerBalancerTask (ContainerBalancerTask.java:lambda$initializeIteration$2(459)) - Datanode localhost-104.88.125.111 8f7bb3c8-5cc6-4c92-b3b7-c047dec94835 is Under-Utilized.
2023-09-07 14:19:57,907 [main] DEBUG balancer.ContainerBalancerTask (ContainerBalancerTask.java:lambda$initializeIteration$2(459)) - Datanode localhost-154.189.221.106 be9c16bf-8c92-48fe-a7cd-115840f4c342 is Under-Utilized.
2023-09-07 14:19:57,909 [main] DEBUG balancer.ContainerBalancerTask (ContainerBalancerTask.java:matchSourceWithTarget(708)) - ContainerBalancer is finding suitable target for source datanode f76b0ca4-ef80-4791-9767-f75a7efb7687
2023-09-07 14:19:57,909 [main] INFO  balancer.ContainerBalancerTask (ContainerBalancerTask.java:matchSourceWithTarget(722)) - ContainerBalancer matched source datanode f76b0ca4-ef80-4791-9767-f75a7efb7687 with target datanode 4f243c17-a980-4876-93e4-2d646d6ff7ce for container move.
2023-09-07 14:19:57,909 [main] INFO  balancer.ContainerBalancerTask (ContainerBalancerTask.java:processMoveSelection(569)) - ContainerBalancer is trying to move container #84 with size 4294967296B from source datanode f76b0ca4-ef80-4791-9767-f75a7efb7687 to target datanode 4f243c17-a980-4876-93e4-2d646d6ff7ce
2023-09-07 14:19:57,909 [main] WARN  balancer.ContainerBalancerTask (ContainerBalancerTask.java:lambda$moveContainer$3(842)) - Container move for container #84 from source f76b0ca4-ef80-4791-9767-f75a7efb7687 to target 4f243c17-a980-4876-93e4-2d646d6ff7ce failed: REPLICATION_FAIL_NODE_UNHEALTHY
2023-09-07 14:19:57,911 [main] DEBUG balancer.ContainerBalancerTask (ContainerBalancerTask.java:matchSourceWithTarget(708)) - ContainerBalancer is finding suitable target for source datanode 18bf89ea-87c5-48a8-a8c1-5ec700e80b92
2023-09-07 14:19:57,912 [main] INFO  balancer.ContainerBalancerTask (ContainerBalancerTask.java:matchSourceWithTarget(722)) - ContainerBalancer matched source datanode 18bf89ea-87c5-48a8-a8c1-5ec700e80b92 with target datanode 4f243c17-a980-4876-93e4-2d646d6ff7ce for container move.
2023-09-07 14:19:57,912 [main] INFO  balancer.ContainerBalancerTask (ContainerBalancerTask.java:processMoveSelection(569)) - ContainerBalancer is trying to move container #66 with size 3221225472B from source datanode 18bf89ea-87c5-48a8-a8c1-5ec700e80b92 to target datanode 4f243c17-a980-4876-93e4-2d646d6ff7ce
2023-09-07 14:19:57,912 [main] WARN  balancer.ContainerBalancerTask (ContainerBalancerTask.java:lambda$moveContainer$3(842)) - Container move for container #66 from source 18bf89ea-87c5-48a8-a8c1-5ec700e80b92 to target 4f243c17-a980-4876-93e4-2d646d6ff7ce failed: REPLICATION_FAIL_NODE_UNHEALTHY
2023-09-07 14:19:57,914 [main] DEBUG balancer.ContainerBalancerTask (ContainerBalancerTask.java:matchSourceWithTarget(708)) - ContainerBalancer is finding suitable target for source datanode d2719bca-2383-46c7-a154-3388cebbf8f0
2023-09-07 14:19:57,914 [main] INFO  balancer.ContainerBalancerTask (ContainerBalancerTask.java:matchSourceWithTarget(722)) - ContainerBalancer matched source datanode d2719bca-2383-46c7-a154-3388cebbf8f0 with target datanode 4f243c17-a980-4876-93e4-2d646d6ff7ce for container move.
2023-09-07 14:19:57,914 [main] INFO  balancer.ContainerBalancerTask (ContainerBalancerTask.java:processMoveSelection(569)) - ContainerBalancer is trying to move container #52 with size 4294967296B from source datanode d2719bca-2383-46c7-a154-3388cebbf8f0 to target datanode 4f243c17-a980-4876-93e4-2d646d6ff7ce
2023-09-07 14:19:57,914 [main] WARN  balancer.ContainerBalancerTask (ContainerBalancerTask.java:lambda$moveContainer$3(842)) - Container move for container #52 from source d2719bca-2383-46c7-a154-3388cebbf8f0 to target 4f243c17-a980-4876-93e4-2d646d6ff7ce failed: REPLICATION_FAIL_NODE_UNHEALTHY
2023-09-07 14:19:57,915 [main] DEBUG balancer.ContainerBalancerTask (ContainerBalancerTask.java:matchSourceWithTarget(708)) - ContainerBalancer is finding suitable target for source datanode 5ed1d3b3-f85f-491c-8a4a-054553baf529
2023-09-07 14:19:57,916 [main] INFO  balancer.ContainerBalancerTask (ContainerBalancerTask.java:matchSourceWithTarget(722)) - ContainerBalancer matched source datanode 5ed1d3b3-f85f-491c-8a4a-054553baf529 with target datanode 4f243c17-a980-4876-93e4-2d646d6ff7ce for container move.
2023-09-07 14:19:57,916 [main] INFO  balancer.ContainerBalancerTask (ContainerBalancerTask.java:processMoveSelection(569)) - ContainerBalancer is trying to move container #38 with size 3221225472B from source datanode 5ed1d3b3-f85f-491c-8a4a-054553baf529 to target datanode 4f243c17-a980-4876-93e4-2d646d6ff7ce
2023-09-07 14:19:57,916 [main] WARN  balancer.ContainerBalancerTask (ContainerBalancerTask.java:lambda$moveContainer$3(842)) - Container move for container #38 from source 5ed1d3b3-f85f-491c-8a4a-054553baf529 to target 4f243c17-a980-4876-93e4-2d646d6ff7ce failed: REPLICATION_FAIL_NODE_UNHEALTHY
2023-09-07 14:19:57,917 [main] DEBUG balancer.ContainerBalancerTask (ContainerBalancerTask.java:matchSourceWithTarget(708)) - ContainerBalancer is finding suitable target for source datanode e3fd9f2c-f352-4487-9c4e-01d49e97d2b2
2023-09-07 14:19:57,917 [main] INFO  balancer.ContainerBalancerTask (ContainerBalancerTask.java:matchSourceWithTarget(722)) - ContainerBalancer matched source datanode e3fd9f2c-f352-4487-9c4e-01d49e97d2b2 with target datanode 4f243c17-a980-4876-93e4-2d646d6ff7ce for container move.
2023-09-07 14:19:57,918 [main] INFO  balancer.ContainerBalancerTask (ContainerBalancerTask.java:processMoveSelection(569)) - ContainerBalancer is trying to move container #28 with size 4294967296B from source datanode e3fd9f2c-f352-4487-9c4e-01d49e97d2b2 to target datanode 4f243c17-a980-4876-93e4-2d646d6ff7ce
2023-09-07 14:19:57,918 [main] WARN  balancer.ContainerBalancerTask (ContainerBalancerTask.java:lambda$moveContainer$3(842)) - Container move for container #28 from source e3fd9f2c-f352-4487-9c4e-01d49e97d2b2 to target 4f243c17-a980-4876-93e4-2d646d6ff7ce failed: REPLICATION_FAIL_NODE_UNHEALTHY
2023-09-07 14:19:57,918 [main] INFO  balancer.FindSourceGreedy (FindSourceGreedy.java:getNextCandidateSourceDataNode(126)) - no more candidate source data node
2023-09-07 14:19:57,918 [main] INFO  balancer.ContainerBalancerTask (ContainerBalancerTask.java:checkIterationMoveResults(642)) - Iteration Summary. Number of Datanodes involved: 0. Size moved: 0 B (0 Bytes). Number of Container moves completed: 0.
2023-09-07 14:19:57,918 [main] INFO  balancer.ContainerBalancerTask (ContainerBalancerTask.java:balance(259)) - Result of this iteration of Container Balancer: ITERATION_COMPLETED
2023-09-07 14:19:57,918 [main] INFO  balancer.ContainerBalancerTask (ContainerBalancerTask.java:tryStopWithSaveConfiguration(308)) - Save Configuration for stopping. Reason: Completed all iterations.
2023-09-07 14:19:57,919 [main] DEBUG balancer.ContainerBalancerTask (ContainerBalancerTask.java:initializeIteration(374)) - Average utilization of the cluster is 0.33209559030644276
2023-09-07 14:19:57,919 [main] DEBUG balancer.ContainerBalancerTask (ContainerBalancerTask.java:initializeIteration(386)) - Lower limit for utilization is 0.23209559030644275 and Upper limit for utilization is 0.43209559030644273
2023-09-07 14:19:57,919 [main] DEBUG balancer.ContainerBalancerTask (ContainerBalancerTask.java:initializeIteration(398)) - Utilization for node f76b0ca4-ef80-4791-9767-f75a7efb7687 with capacity 52494044728B, used 47244640256B, and remaining 5249404472B is 0.9000000000152398
2023-09-07 14:19:57,919 [main] DEBUG balancer.ContainerBalancerTask (ContainerBalancerTask.java:initializeIteration(398)) - Utilization for node 18bf89ea-87c5-48a8-a8c1-5ec700e80b92 with capacity 68451041280B, used 54760833024B, and remaining 13690208256B is 0.8
2023-09-07 14:19:57,919 [main] DEBUG balancer.ContainerBalancerTask (ContainerBalancerTask.java:initializeIteration(398)) - Utilization for node d2719bca-2383-46c7-a154-3388cebbf8f0 with capacity 69026260114B, used 48318382080B, and remaining 20707878034B is 0.7000000000028974
2023-09-07 14:19:57,919 [main] DEBUG balancer.ContainerBalancerTask (ContainerBalancerTask.java:initializeIteration(398)) - Utilization for node 5ed1d3b3-f85f-491c-8a4a-054553baf529 with capacity 57266230613B, used 34359738368B, and remaining 22906492245B is 0.6000000000034924
2023-09-07 14:19:57,919 [main] DEBUG balancer.ContainerBalancerTask (ContainerBalancerTask.java:initializeIteration(398)) - Utilization for node e3fd9f2c-f352-4487-9c4e-01d49e97d2b2 with capacity 75161927680B, used 37580963840B, and remaining 37580963840B is 0.5
2023-09-07 14:19:57,919 [main] DEBUG balancer.ContainerBalancerTask (ContainerBalancerTask.java:initializeIteration(398)) - Utilization for node f62b947f-52a4-419f-859d-f35eaa0d55b7 with capacity 102005473280B, used 40802189312B, and remaining 61203283968B is 0.4
2023-09-07 14:19:57,919 [main] DEBUG balancer.ContainerBalancerTask (ContainerBalancerTask.java:initializeIteration(398)) - Utilization for node 1f6ac37a-6aec-4a91-9dc6-d3ad0d811cf6 with capacity 93057624746B, used 27917287424B, and remaining 65140337322B is 0.3000000000021492
2023-09-07 14:19:57,920 [main] DEBUG balancer.ContainerBalancerTask (ContainerBalancerTask.java:initializeIteration(398)) - Utilization for node be9c16bf-8c92-48fe-a7cd-115840f4c342 with capacity 252329328640B, used 50465865728B, and remaining 201863462912B is 0.2
2023-09-07 14:19:57,920 [main] DEBUG balancer.ContainerBalancerTask (ContainerBalancerTask.java:initializeIteration(398)) - Utilization for node 8f7bb3c8-5cc6-4c92-b3b7-c047dec94835 with capacity 354334801920B, used 35433480192B, and remaining 318901321728B is 0.1
2023-09-07 14:19:57,920 [main] DEBUG balancer.ContainerBalancerTask (ContainerBalancerTask.java:initializeIteration(398)) - Utilization for node 4f243c17-a980-4876-93e4-2d646d6ff7ce with capacity 10737418240B, used 0B, and remaining 10737418240B is 0.0
2023-09-07 14:19:57,920 [main] INFO  balancer.ContainerBalancerTask (ContainerBalancerTask.java:initializeIteration(447)) - Container Balancer has identified 5 Over-Utilized and 3 Under-Utilized Datanodes that need to be balanced.
2023-09-07 14:19:57,920 [main] DEBUG balancer.ContainerBalancerTask (ContainerBalancerTask.java:lambda$initializeIteration$1(453)) - Datanode localhost-175.112.117.238 f76b0ca4-ef80-4791-9767-f75a7efb7687 is Over-Utilized.
2023-09-07 14:19:57,920 [main] DEBUG balancer.ContainerBalancerTask (ContainerBalancerTask.java:lambda$initializeIteration$1(453)) - Datanode localhost-209.120.58.197 18bf89ea-87c5-48a8-a8c1-5ec700e80b92 is Over-Utilized.
2023-09-07 14:19:57,920 [main] DEBUG balancer.ContainerBalancerTask (ContainerBalancerTask.java:lambda$initializeIteration$1(453)) - Datanode localhost-34.166.204.188 d2719bca-2383-46c7-a154-3388cebbf8f0 is Over-Utilized.
2023-09-07 14:19:57,920 [main] DEBUG balancer.ContainerBalancerTask (ContainerBalancerTask.java:lambda$initializeIteration$1(453)) - Datanode localhost-144.96.182.19 5ed1d3b3-f85f-491c-8a4a-054553baf529 is Over-Utilized.
2023-09-07 14:19:57,920 [main] DEBUG balancer.ContainerBalancerTask (ContainerBalancerTask.java:lambda$initializeIteration$1(453)) - Datanode localhost-204.28.254.130 e3fd9f2c-f352-4487-9c4e-01d49e97d2b2 is Over-Utilized.
2023-09-07 14:19:57,920 [main] DEBUG balancer.ContainerBalancerTask (ContainerBalancerTask.java:lambda$initializeIteration$2(459)) - Datanode localhost-151.194.108.101 4f243c17-a980-4876-93e4-2d646d6ff7ce is Under-Utilized.
2023-09-07 14:19:57,920 [main] DEBUG balancer.ContainerBalancerTask (ContainerBalancerTask.java:lambda$initializeIteration$2(459)) - Datanode localhost-104.88.125.111 8f7bb3c8-5cc6-4c92-b3b7-c047dec94835 is Under-Utilized.
2023-09-07 14:19:57,920 [main] DEBUG balancer.ContainerBalancerTask (ContainerBalancerTask.java:lambda$initializeIteration$2(459)) - Datanode localhost-154.189.221.106 be9c16bf-8c92-48fe-a7cd-115840f4c342 is Under-Utilized.
2023-09-07 14:19:57,923 [main] DEBUG balancer.ContainerBalancerTask (ContainerBalancerTask.java:matchSourceWithTarget(708)) - ContainerBalancer is finding suitable target for source datanode f76b0ca4-ef80-4791-9767-f75a7efb7687
2023-09-07 14:19:57,923 [main] INFO  balancer.ContainerBalancerTask (ContainerBalancerTask.java:matchSourceWithTarget(722)) - ContainerBalancer matched source datanode f76b0ca4-ef80-4791-9767-f75a7efb7687 with target datanode 4f243c17-a980-4876-93e4-2d646d6ff7ce for container move.
2023-09-07 14:19:57,923 [main] INFO  balancer.ContainerBalancerTask (ContainerBalancerTask.java:processMoveSelection(569)) - ContainerBalancer is trying to move container #89 with size 4294967296B from source datanode f76b0ca4-ef80-4791-9767-f75a7efb7687 to target datanode 4f243c17-a980-4876-93e4-2d646d6ff7ce
2023-09-07 14:19:57,923 [main] DEBUG balancer.ContainerBalancerTask (ContainerBalancerTask.java:lambda$moveContainer$3(837)) - Container move completed for container #89 from source f76b0ca4-ef80-4791-9767-f75a7efb7687 to target 4f243c17-a980-4876-93e4-2d646d6ff7ce
2023-09-07 14:19:57,925 [main] DEBUG balancer.ContainerBalancerTask (ContainerBalancerTask.java:matchSourceWithTarget(708)) - ContainerBalancer is finding suitable target for source datanode f76b0ca4-ef80-4791-9767-f75a7efb7687
2023-09-07 14:19:57,926 [main] INFO  balancer.ContainerBalancerTask (ContainerBalancerTask.java:matchSourceWithTarget(722)) - ContainerBalancer matched source datanode f76b0ca4-ef80-4791-9767-f75a7efb7687 with target datanode 8f7bb3c8-5cc6-4c92-b3b7-c047dec94835 for container move.
2023-09-07 14:19:57,926 [main] INFO  balancer.ContainerBalancerTask (ContainerBalancerTask.java:processMoveSelection(569)) - ContainerBalancer is trying to move container #85 with size 5368709120B from source datanode f76b0ca4-ef80-4791-9767-f75a7efb7687 to target datanode 8f7bb3c8-5cc6-4c92-b3b7-c047dec94835
2023-09-07 14:19:57,926 [main] DEBUG balancer.ContainerBalancerTask (ContainerBalancerTask.java:lambda$moveContainer$3(837)) - Container move completed for container #85 from source f76b0ca4-ef80-4791-9767-f75a7efb7687 to target 8f7bb3c8-5cc6-4c92-b3b7-c047dec94835
2023-09-07 14:19:57,928 [main] DEBUG balancer.ContainerBalancerTask (ContainerBalancerTask.java:matchSourceWithTarget(708)) - ContainerBalancer is finding suitable target for source datanode 18bf89ea-87c5-48a8-a8c1-5ec700e80b92
2023-09-07 14:19:57,928 [main] INFO  balancer.ContainerBalancerTask (ContainerBalancerTask.java:matchSourceWithTarget(722)) - ContainerBalancer matched source datanode 18bf89ea-87c5-48a8-a8c1-5ec700e80b92 with target datanode 8f7bb3c8-5cc6-4c92-b3b7-c047dec94835 for container move.
2023-09-07 14:19:57,928 [main] INFO  balancer.ContainerBalancerTask (ContainerBalancerTask.java:processMoveSelection(569)) - ContainerBalancer is trying to move container #81 with size 1073741824B from source datanode 18bf89ea-87c5-48a8-a8c1-5ec700e80b92 to target datanode 8f7bb3c8-5cc6-4c92-b3b7-c047dec94835
2023-09-07 14:19:57,929 [main] DEBUG balancer.ContainerBalancerTask (ContainerBalancerTask.java:lambda$moveContainer$3(837)) - Container move completed for container #81 from source 18bf89ea-87c5-48a8-a8c1-5ec700e80b92 to target 8f7bb3c8-5cc6-4c92-b3b7-c047dec94835
2023-09-07 14:19:57,929 [main] WARN  balancer.ContainerBalancerTask (ContainerBalancerTask.java:reachedMaxSizeToMovePerIteration(733)) - Reached max size to move limit. 10737418240 bytes have already been scheduled for balancing and the limit is 10737418240 bytes.
2023-09-07 14:19:57,929 [main] INFO  balancer.ContainerBalancerTask (ContainerBalancerTask.java:checkIterationMoveResults(642)) - Iteration Summary. Number of Datanodes involved: 4. Size moved: 10 GB (10737418240 Bytes). Number of Container moves completed: 3.
2023-09-07 14:19:57,929 [main] INFO  balancer.ContainerBalancerTask (ContainerBalancerTask.java:balance(259)) - Result of this iteration of Container Balancer: ITERATION_COMPLETED
2023-09-07 14:19:57,929 [main] INFO  balancer.ContainerBalancerTask (ContainerBalancerTask.java:tryStopWithSaveConfiguration(308)) - Save Configuration for stopping. Reason: Completed all iterations.
]]></system-out>
  </testcase>
  <testcase name="targetDatanodeShouldBeInServiceHealthy" classname="org.apache.hadoop.hdds.scm.container.balancer.TestContainerBalancerTask" time="0.066">
    <system-out><![CDATA[2023-09-07 14:19:57,953 [main] INFO  net.NodeSchemaLoader (NodeSchemaLoader.java:loadSchemaFromFile(129)) - Loading schema from [file:/home/runner/work/ozone/ozone/hadoop-hdds/common/target/classes/network-topology-default.xml]
2023-09-07 14:19:57,953 [main] INFO  net.NodeSchemaLoader (NodeSchemaLoader.java:loadSchema(176)) - Loading network topology layer schema file
2023-09-07 14:19:57,954 [main] INFO  net.NetworkTopologyImpl (NetworkTopologyImpl.java:add(112)) - Added a new node: /default-rack/6a398295-416f-468d-8004-2e0595ae0955
2023-09-07 14:19:57,954 [main] INFO  net.NetworkTopologyImpl (NetworkTopologyImpl.java:add(112)) - Added a new node: /default-rack/190128bb-81bd-4a83-9e9e-3bd075bbef15
2023-09-07 14:19:57,955 [main] INFO  net.NetworkTopologyImpl (NetworkTopologyImpl.java:add(112)) - Added a new node: /default-rack/fc2e088e-b25c-48c7-9e17-29bff98dd34b
2023-09-07 14:19:57,955 [main] INFO  net.NetworkTopologyImpl (NetworkTopologyImpl.java:add(112)) - Added a new node: /default-rack/1d40460c-2729-459e-aa61-745ee0eaccf7
2023-09-07 14:19:57,955 [main] INFO  net.NetworkTopologyImpl (NetworkTopologyImpl.java:add(112)) - Added a new node: /default-rack/db0bbf86-4546-4e69-978d-68b52aa62955
2023-09-07 14:19:57,955 [main] INFO  net.NetworkTopologyImpl (NetworkTopologyImpl.java:add(112)) - Added a new node: /default-rack/b93e9176-61ba-47ed-bdb3-810e15977a6f
2023-09-07 14:19:57,955 [main] INFO  net.NetworkTopologyImpl (NetworkTopologyImpl.java:add(112)) - Added a new node: /default-rack/7bb07479-08a6-458b-87e3-5cb81cf9e79c
2023-09-07 14:19:57,955 [main] INFO  net.NetworkTopologyImpl (NetworkTopologyImpl.java:add(112)) - Added a new node: /default-rack/ce81e89d-4bd5-4698-aef0-23ba6f2758b7
2023-09-07 14:19:57,955 [main] INFO  net.NetworkTopologyImpl (NetworkTopologyImpl.java:add(112)) - Added a new node: /default-rack/070cb58d-a996-4c77-9d4f-41ccdd27770a
2023-09-07 14:19:57,955 [main] INFO  net.NetworkTopologyImpl (NetworkTopologyImpl.java:add(112)) - Added a new node: /default-rack/806c3fe0-653f-4c52-bc92-aaef609e4b2d
2023-09-07 14:19:57,955 [main] INFO  algorithms.ContainerPlacementPolicyFactory (ContainerPlacementPolicyFactory.java:getPolicyInternal(86)) - Create container placement policy of type org.apache.hadoop.hdds.scm.container.placement.algorithms.SCMContainerPlacementRackAware
2023-09-07 14:19:57,956 [main] INFO  algorithms.ContainerPlacementPolicyFactory (ContainerPlacementPolicyFactory.java:getPolicyInternal(86)) - Create container placement policy of type org.apache.hadoop.hdds.scm.container.placement.algorithms.SCMContainerPlacementRackScatter
2023-09-07 14:19:57,958 [main] DEBUG balancer.ContainerBalancerTask (ContainerBalancerTask.java:initializeIteration(374)) - Average utilization of the cluster is 0.3407020170159345
2023-09-07 14:19:57,958 [main] DEBUG balancer.ContainerBalancerTask (ContainerBalancerTask.java:initializeIteration(386)) - Lower limit for utilization is 0.2407020170159345 and Upper limit for utilization is 0.4407020170159345
2023-09-07 14:19:57,958 [main] DEBUG balancer.ContainerBalancerTask (ContainerBalancerTask.java:initializeIteration(398)) - Utilization for node 7bb07479-08a6-458b-87e3-5cb81cf9e79c with capacity 66810602382B, used 60129542144B, and remaining 6681060238B is 0.9000000000029935
2023-09-07 14:19:57,958 [main] DEBUG balancer.ContainerBalancerTask (ContainerBalancerTask.java:initializeIteration(398)) - Utilization for node db0bbf86-4546-4e69-978d-68b52aa62955 with capacity 71135395840B, used 56908316672B, and remaining 14227079168B is 0.8
2023-09-07 14:19:57,958 [main] DEBUG balancer.ContainerBalancerTask (ContainerBalancerTask.java:initializeIteration(398)) - Utilization for node ce81e89d-4bd5-4698-aef0-23ba6f2758b7 with capacity 50619257417B, used 35433480192B, and remaining 15185777225B is 0.7000000000019755
2023-09-07 14:19:57,958 [main] DEBUG balancer.ContainerBalancerTask (ContainerBalancerTask.java:initializeIteration(398)) - Utilization for node fc2e088e-b25c-48c7-9e17-29bff98dd34b with capacity 82320206506B, used 49392123904B, and remaining 32928082602B is 0.6000000000048591
2023-09-07 14:19:57,958 [main] DEBUG balancer.ContainerBalancerTask (ContainerBalancerTask.java:initializeIteration(398)) - Utilization for node 190128bb-81bd-4a83-9e9e-3bd075bbef15 with capacity 75161927680B, used 37580963840B, and remaining 37580963840B is 0.5
2023-09-07 14:19:57,959 [main] DEBUG balancer.ContainerBalancerTask (ContainerBalancerTask.java:initializeIteration(398)) - Utilization for node 1d40460c-2729-459e-aa61-745ee0eaccf7 with capacity 80530636800B, used 32212254720B, and remaining 48318382080B is 0.4
2023-09-07 14:19:57,959 [main] DEBUG balancer.ContainerBalancerTask (ContainerBalancerTask.java:initializeIteration(398)) - Utilization for node b93e9176-61ba-47ed-bdb3-810e15977a6f with capacity 121690740053B, used 36507222016B, and remaining 85183518037B is 0.3000000000008218
2023-09-07 14:19:57,959 [main] DEBUG balancer.ContainerBalancerTask (ContainerBalancerTask.java:initializeIteration(398)) - Utilization for node 070cb58d-a996-4c77-9d4f-41ccdd27770a with capacity 134217728000B, used 26843545600B, and remaining 107374182400B is 0.2
2023-09-07 14:19:57,959 [main] DEBUG balancer.ContainerBalancerTask (ContainerBalancerTask.java:initializeIteration(398)) - Utilization for node 6a398295-416f-468d-8004-2e0595ae0955 with capacity 354334801920B, used 35433480192B, and remaining 318901321728B is 0.1
2023-09-07 14:19:57,959 [main] DEBUG balancer.ContainerBalancerTask (ContainerBalancerTask.java:initializeIteration(398)) - Utilization for node 806c3fe0-653f-4c52-bc92-aaef609e4b2d with capacity 50465865728B, used 0B, and remaining 50465865728B is 0.0
2023-09-07 14:19:57,959 [main] INFO  balancer.ContainerBalancerTask (ContainerBalancerTask.java:initializeIteration(447)) - Container Balancer has identified 5 Over-Utilized and 3 Under-Utilized Datanodes that need to be balanced.
2023-09-07 14:19:57,959 [main] DEBUG balancer.ContainerBalancerTask (ContainerBalancerTask.java:lambda$initializeIteration$1(453)) - Datanode localhost-91.237.6.17 7bb07479-08a6-458b-87e3-5cb81cf9e79c is Over-Utilized.
2023-09-07 14:19:57,959 [main] DEBUG balancer.ContainerBalancerTask (ContainerBalancerTask.java:lambda$initializeIteration$1(453)) - Datanode localhost-252.81.160.183 db0bbf86-4546-4e69-978d-68b52aa62955 is Over-Utilized.
2023-09-07 14:19:57,959 [main] DEBUG balancer.ContainerBalancerTask (ContainerBalancerTask.java:lambda$initializeIteration$1(453)) - Datanode localhost-18.239.63.0 ce81e89d-4bd5-4698-aef0-23ba6f2758b7 is Over-Utilized.
2023-09-07 14:19:57,959 [main] DEBUG balancer.ContainerBalancerTask (ContainerBalancerTask.java:lambda$initializeIteration$1(453)) - Datanode localhost-162.166.36.98 fc2e088e-b25c-48c7-9e17-29bff98dd34b is Over-Utilized.
2023-09-07 14:19:57,959 [main] DEBUG balancer.ContainerBalancerTask (ContainerBalancerTask.java:lambda$initializeIteration$1(453)) - Datanode localhost-106.226.119.16 190128bb-81bd-4a83-9e9e-3bd075bbef15 is Over-Utilized.
2023-09-07 14:19:57,959 [main] DEBUG balancer.ContainerBalancerTask (ContainerBalancerTask.java:lambda$initializeIteration$2(459)) - Datanode localhost-202.85.144.75 806c3fe0-653f-4c52-bc92-aaef609e4b2d is Under-Utilized.
2023-09-07 14:19:57,959 [main] DEBUG balancer.ContainerBalancerTask (ContainerBalancerTask.java:lambda$initializeIteration$2(459)) - Datanode localhost-25.86.31.135 6a398295-416f-468d-8004-2e0595ae0955 is Under-Utilized.
2023-09-07 14:19:57,960 [main] DEBUG balancer.ContainerBalancerTask (ContainerBalancerTask.java:lambda$initializeIteration$2(459)) - Datanode localhost-83.238.134.114 070cb58d-a996-4c77-9d4f-41ccdd27770a is Under-Utilized.
2023-09-07 14:19:57,962 [main] DEBUG balancer.ContainerBalancerTask (ContainerBalancerTask.java:matchSourceWithTarget(708)) - ContainerBalancer is finding suitable target for source datanode 7bb07479-08a6-458b-87e3-5cb81cf9e79c
2023-09-07 14:19:57,962 [main] INFO  balancer.ContainerBalancerTask (ContainerBalancerTask.java:matchSourceWithTarget(722)) - ContainerBalancer matched source datanode 7bb07479-08a6-458b-87e3-5cb81cf9e79c with target datanode 806c3fe0-653f-4c52-bc92-aaef609e4b2d for container move.
2023-09-07 14:19:57,962 [main] INFO  balancer.ContainerBalancerTask (ContainerBalancerTask.java:processMoveSelection(569)) - ContainerBalancer is trying to move container #85 with size 5368709120B from source datanode 7bb07479-08a6-458b-87e3-5cb81cf9e79c to target datanode 806c3fe0-653f-4c52-bc92-aaef609e4b2d
2023-09-07 14:19:57,962 [main] DEBUG balancer.ContainerBalancerTask (ContainerBalancerTask.java:lambda$moveContainer$3(837)) - Container move completed for container #85 from source 7bb07479-08a6-458b-87e3-5cb81cf9e79c to target 806c3fe0-653f-4c52-bc92-aaef609e4b2d
2023-09-07 14:19:57,965 [main] DEBUG balancer.ContainerBalancerTask (ContainerBalancerTask.java:matchSourceWithTarget(708)) - ContainerBalancer is finding suitable target for source datanode 7bb07479-08a6-458b-87e3-5cb81cf9e79c
2023-09-07 14:19:57,965 [main] INFO  balancer.ContainerBalancerTask (ContainerBalancerTask.java:matchSourceWithTarget(722)) - ContainerBalancer matched source datanode 7bb07479-08a6-458b-87e3-5cb81cf9e79c with target datanode 6a398295-416f-468d-8004-2e0595ae0955 for container move.
2023-09-07 14:19:57,965 [main] INFO  balancer.ContainerBalancerTask (ContainerBalancerTask.java:processMoveSelection(569)) - ContainerBalancer is trying to move container #40 with size 5368709120B from source datanode 7bb07479-08a6-458b-87e3-5cb81cf9e79c to target datanode 6a398295-416f-468d-8004-2e0595ae0955
2023-09-07 14:19:57,965 [main] DEBUG balancer.ContainerBalancerTask (ContainerBalancerTask.java:lambda$moveContainer$3(837)) - Container move completed for container #40 from source 7bb07479-08a6-458b-87e3-5cb81cf9e79c to target 6a398295-416f-468d-8004-2e0595ae0955
2023-09-07 14:19:57,968 [main] DEBUG balancer.ContainerBalancerTask (ContainerBalancerTask.java:matchSourceWithTarget(708)) - ContainerBalancer is finding suitable target for source datanode db0bbf86-4546-4e69-978d-68b52aa62955
2023-09-07 14:19:57,968 [main] INFO  balancer.ContainerBalancerTask (ContainerBalancerTask.java:matchSourceWithTarget(722)) - ContainerBalancer matched source datanode db0bbf86-4546-4e69-978d-68b52aa62955 with target datanode 806c3fe0-653f-4c52-bc92-aaef609e4b2d for container move.
2023-09-07 14:19:57,968 [main] INFO  balancer.ContainerBalancerTask (ContainerBalancerTask.java:processMoveSelection(569)) - ContainerBalancer is trying to move container #68 with size 5368709120B from source datanode db0bbf86-4546-4e69-978d-68b52aa62955 to target datanode 806c3fe0-653f-4c52-bc92-aaef609e4b2d
2023-09-07 14:19:57,969 [main] DEBUG balancer.ContainerBalancerTask (ContainerBalancerTask.java:lambda$moveContainer$3(837)) - Container move completed for container #68 from source db0bbf86-4546-4e69-978d-68b52aa62955 to target 806c3fe0-653f-4c52-bc92-aaef609e4b2d
2023-09-07 14:19:57,971 [main] DEBUG balancer.ContainerBalancerTask (ContainerBalancerTask.java:matchSourceWithTarget(708)) - ContainerBalancer is finding suitable target for source datanode 7bb07479-08a6-458b-87e3-5cb81cf9e79c
2023-09-07 14:19:57,971 [main] INFO  balancer.ContainerBalancerTask (ContainerBalancerTask.java:matchSourceWithTarget(722)) - ContainerBalancer matched source datanode 7bb07479-08a6-458b-87e3-5cb81cf9e79c with target datanode 6a398295-416f-468d-8004-2e0595ae0955 for container move.
2023-09-07 14:19:57,971 [main] INFO  balancer.ContainerBalancerTask (ContainerBalancerTask.java:processMoveSelection(569)) - ContainerBalancer is trying to move container #29 with size 5368709120B from source datanode 7bb07479-08a6-458b-87e3-5cb81cf9e79c to target datanode 6a398295-416f-468d-8004-2e0595ae0955
2023-09-07 14:19:57,972 [main] DEBUG balancer.ContainerBalancerTask (ContainerBalancerTask.java:lambda$moveContainer$3(837)) - Container move completed for container #29 from source 7bb07479-08a6-458b-87e3-5cb81cf9e79c to target 6a398295-416f-468d-8004-2e0595ae0955
2023-09-07 14:19:57,974 [main] DEBUG balancer.ContainerBalancerTask (ContainerBalancerTask.java:matchSourceWithTarget(708)) - ContainerBalancer is finding suitable target for source datanode db0bbf86-4546-4e69-978d-68b52aa62955
2023-09-07 14:19:57,975 [main] INFO  balancer.ContainerBalancerTask (ContainerBalancerTask.java:matchSourceWithTarget(722)) - ContainerBalancer matched source datanode db0bbf86-4546-4e69-978d-68b52aa62955 with target datanode 6a398295-416f-468d-8004-2e0595ae0955 for container move.
2023-09-07 14:19:57,975 [main] INFO  balancer.ContainerBalancerTask (ContainerBalancerTask.java:processMoveSelection(569)) - ContainerBalancer is trying to move container #67 with size 4294967296B from source datanode db0bbf86-4546-4e69-978d-68b52aa62955 to target datanode 6a398295-416f-468d-8004-2e0595ae0955
2023-09-07 14:19:57,975 [main] DEBUG balancer.ContainerBalancerTask (ContainerBalancerTask.java:lambda$moveContainer$3(837)) - Container move completed for container #67 from source db0bbf86-4546-4e69-978d-68b52aa62955 to target 6a398295-416f-468d-8004-2e0595ae0955
2023-09-07 14:19:57,977 [main] DEBUG balancer.ContainerBalancerTask (ContainerBalancerTask.java:matchSourceWithTarget(708)) - ContainerBalancer is finding suitable target for source datanode ce81e89d-4bd5-4698-aef0-23ba6f2758b7
2023-09-07 14:19:57,977 [main] INFO  balancer.ContainerBalancerTask (ContainerBalancerTask.java:matchSourceWithTarget(722)) - ContainerBalancer matched source datanode ce81e89d-4bd5-4698-aef0-23ba6f2758b7 with target datanode 6a398295-416f-468d-8004-2e0595ae0955 for container move.
2023-09-07 14:19:57,977 [main] INFO  balancer.ContainerBalancerTask (ContainerBalancerTask.java:processMoveSelection(569)) - ContainerBalancer is trying to move container #53 with size 5368709120B from source datanode ce81e89d-4bd5-4698-aef0-23ba6f2758b7 to target datanode 6a398295-416f-468d-8004-2e0595ae0955
2023-09-07 14:19:57,977 [main] DEBUG balancer.ContainerBalancerTask (ContainerBalancerTask.java:lambda$moveContainer$3(837)) - Container move completed for container #53 from source ce81e89d-4bd5-4698-aef0-23ba6f2758b7 to target 6a398295-416f-468d-8004-2e0595ae0955
2023-09-07 14:19:57,980 [main] DEBUG balancer.ContainerBalancerTask (ContainerBalancerTask.java:matchSourceWithTarget(708)) - ContainerBalancer is finding suitable target for source datanode db0bbf86-4546-4e69-978d-68b52aa62955
2023-09-07 14:19:57,980 [main] INFO  balancer.ContainerBalancerTask (ContainerBalancerTask.java:matchSourceWithTarget(722)) - ContainerBalancer matched source datanode db0bbf86-4546-4e69-978d-68b52aa62955 with target datanode 6a398295-416f-468d-8004-2e0595ae0955 for container move.
2023-09-07 14:19:57,980 [main] INFO  balancer.ContainerBalancerTask (ContainerBalancerTask.java:processMoveSelection(569)) - ContainerBalancer is trying to move container #39 with size 4294967296B from source datanode db0bbf86-4546-4e69-978d-68b52aa62955 to target datanode 6a398295-416f-468d-8004-2e0595ae0955
2023-09-07 14:19:57,981 [main] DEBUG balancer.ContainerBalancerTask (ContainerBalancerTask.java:lambda$moveContainer$3(837)) - Container move completed for container #39 from source db0bbf86-4546-4e69-978d-68b52aa62955 to target 6a398295-416f-468d-8004-2e0595ae0955
2023-09-07 14:19:57,983 [main] DEBUG balancer.ContainerBalancerTask (ContainerBalancerTask.java:matchSourceWithTarget(708)) - ContainerBalancer is finding suitable target for source datanode 7bb07479-08a6-458b-87e3-5cb81cf9e79c
2023-09-07 14:19:57,984 [main] INFO  balancer.ContainerBalancerTask (ContainerBalancerTask.java:matchSourceWithTarget(722)) - ContainerBalancer matched source datanode 7bb07479-08a6-458b-87e3-5cb81cf9e79c with target datanode 6a398295-416f-468d-8004-2e0595ae0955 for container move.
2023-09-07 14:19:57,984 [main] INFO  balancer.ContainerBalancerTask (ContainerBalancerTask.java:processMoveSelection(569)) - ContainerBalancer is trying to move container #52 with size 4294967296B from source datanode 7bb07479-08a6-458b-87e3-5cb81cf9e79c to target datanode 6a398295-416f-468d-8004-2e0595ae0955
2023-09-07 14:19:57,984 [main] DEBUG balancer.ContainerBalancerTask (ContainerBalancerTask.java:lambda$moveContainer$3(837)) - Container move completed for container #52 from source 7bb07479-08a6-458b-87e3-5cb81cf9e79c to target 6a398295-416f-468d-8004-2e0595ae0955
2023-09-07 14:19:57,987 [main] DEBUG balancer.ContainerBalancerTask (ContainerBalancerTask.java:matchSourceWithTarget(708)) - ContainerBalancer is finding suitable target for source datanode db0bbf86-4546-4e69-978d-68b52aa62955
2023-09-07 14:19:57,987 [main] INFO  balancer.ContainerBalancerTask (ContainerBalancerTask.java:matchSourceWithTarget(722)) - ContainerBalancer matched source datanode db0bbf86-4546-4e69-978d-68b52aa62955 with target datanode 6a398295-416f-468d-8004-2e0595ae0955 for container move.
2023-09-07 14:19:57,987 [main] INFO  balancer.ContainerBalancerTask (ContainerBalancerTask.java:processMoveSelection(569)) - ContainerBalancer is trying to move container #11 with size 3221225472B from source datanode db0bbf86-4546-4e69-978d-68b52aa62955 to target datanode 6a398295-416f-468d-8004-2e0595ae0955
2023-09-07 14:19:57,987 [main] DEBUG balancer.ContainerBalancerTask (ContainerBalancerTask.java:lambda$moveContainer$3(837)) - Container move completed for container #11 from source db0bbf86-4546-4e69-978d-68b52aa62955 to target 6a398295-416f-468d-8004-2e0595ae0955
2023-09-07 14:19:57,990 [main] DEBUG balancer.ContainerBalancerTask (ContainerBalancerTask.java:matchSourceWithTarget(708)) - ContainerBalancer is finding suitable target for source datanode fc2e088e-b25c-48c7-9e17-29bff98dd34b
2023-09-07 14:19:57,990 [main] INFO  balancer.ContainerBalancerTask (ContainerBalancerTask.java:matchSourceWithTarget(722)) - ContainerBalancer matched source datanode fc2e088e-b25c-48c7-9e17-29bff98dd34b with target datanode 6a398295-416f-468d-8004-2e0595ae0955 for container move.
2023-09-07 14:19:57,990 [main] INFO  balancer.ContainerBalancerTask (ContainerBalancerTask.java:processMoveSelection(569)) - ContainerBalancer is trying to move container #19 with size 4294967296B from source datanode fc2e088e-b25c-48c7-9e17-29bff98dd34b to target datanode 6a398295-416f-468d-8004-2e0595ae0955
2023-09-07 14:19:57,990 [main] DEBUG balancer.ContainerBalancerTask (ContainerBalancerTask.java:lambda$moveContainer$3(837)) - Container move completed for container #19 from source fc2e088e-b25c-48c7-9e17-29bff98dd34b to target 6a398295-416f-468d-8004-2e0595ae0955
2023-09-07 14:19:57,993 [main] DEBUG balancer.ContainerBalancerTask (ContainerBalancerTask.java:matchSourceWithTarget(708)) - ContainerBalancer is finding suitable target for source datanode 7bb07479-08a6-458b-87e3-5cb81cf9e79c
2023-09-07 14:19:57,993 [main] INFO  balancer.ContainerBalancerTask (ContainerBalancerTask.java:matchSourceWithTarget(722)) - ContainerBalancer matched source datanode 7bb07479-08a6-458b-87e3-5cb81cf9e79c with target datanode 070cb58d-a996-4c77-9d4f-41ccdd27770a for container move.
2023-09-07 14:19:57,993 [main] INFO  balancer.ContainerBalancerTask (ContainerBalancerTask.java:processMoveSelection(569)) - ContainerBalancer is trying to move container #84 with size 4294967296B from source datanode 7bb07479-08a6-458b-87e3-5cb81cf9e79c to target datanode 070cb58d-a996-4c77-9d4f-41ccdd27770a
2023-09-07 14:19:57,994 [main] DEBUG balancer.ContainerBalancerTask (ContainerBalancerTask.java:lambda$moveContainer$3(837)) - Container move completed for container #84 from source 7bb07479-08a6-458b-87e3-5cb81cf9e79c to target 070cb58d-a996-4c77-9d4f-41ccdd27770a
2023-09-07 14:19:57,996 [main] DEBUG balancer.ContainerBalancerTask (ContainerBalancerTask.java:matchSourceWithTarget(708)) - ContainerBalancer is finding suitable target for source datanode ce81e89d-4bd5-4698-aef0-23ba6f2758b7
2023-09-07 14:19:57,996 [main] INFO  balancer.ContainerBalancerTask (ContainerBalancerTask.java:matchSourceWithTarget(722)) - ContainerBalancer matched source datanode ce81e89d-4bd5-4698-aef0-23ba6f2758b7 with target datanode 6a398295-416f-468d-8004-2e0595ae0955 for container move.
2023-09-07 14:19:57,996 [main] INFO  balancer.ContainerBalancerTask (ContainerBalancerTask.java:processMoveSelection(569)) - ContainerBalancer is trying to move container #87 with size 2147483648B from source datanode ce81e89d-4bd5-4698-aef0-23ba6f2758b7 to target datanode 6a398295-416f-468d-8004-2e0595ae0955
2023-09-07 14:19:57,996 [main] DEBUG balancer.ContainerBalancerTask (ContainerBalancerTask.java:lambda$moveContainer$3(837)) - Container move completed for container #87 from source ce81e89d-4bd5-4698-aef0-23ba6f2758b7 to target 6a398295-416f-468d-8004-2e0595ae0955
2023-09-07 14:19:57,996 [main] WARN  balancer.ContainerBalancerTask (ContainerBalancerTask.java:reachedMaxSizeToMovePerIteration(733)) - Reached max size to move limit. 53687091200 bytes have already been scheduled for balancing and the limit is 53687091200 bytes.
2023-09-07 14:19:57,996 [main] INFO  balancer.ContainerBalancerTask (ContainerBalancerTask.java:checkIterationMoveResults(642)) - Iteration Summary. Number of Datanodes involved: 7. Size moved: 50 GB (53687091200 Bytes). Number of Container moves completed: 12.
2023-09-07 14:19:57,997 [main] INFO  balancer.ContainerBalancerTask (ContainerBalancerTask.java:balance(259)) - Result of this iteration of Container Balancer: ITERATION_COMPLETED
2023-09-07 14:19:57,997 [main] INFO  balancer.ContainerBalancerTask (ContainerBalancerTask.java:tryStopWithSaveConfiguration(308)) - Save Configuration for stopping. Reason: Completed all iterations.
]]></system-out>
  </testcase>
  <testcase name="containerBalancerShouldObeyMaxDatanodesToInvolveLimit" classname="org.apache.hadoop.hdds.scm.container.balancer.TestContainerBalancerTask" time="0.093">
    <system-out><![CDATA[2023-09-07 14:19:58,020 [main] INFO  net.NodeSchemaLoader (NodeSchemaLoader.java:loadSchemaFromFile(129)) - Loading schema from [file:/home/runner/work/ozone/ozone/hadoop-hdds/common/target/classes/network-topology-default.xml]
2023-09-07 14:19:58,020 [main] INFO  net.NodeSchemaLoader (NodeSchemaLoader.java:loadSchema(176)) - Loading network topology layer schema file
2023-09-07 14:19:58,025 [main] INFO  net.NetworkTopologyImpl (NetworkTopologyImpl.java:add(112)) - Added a new node: /default-rack/e93d5118-1d5d-48c1-a5a4-77e84ceaa69f
2023-09-07 14:19:58,025 [main] INFO  net.NetworkTopologyImpl (NetworkTopologyImpl.java:add(112)) - Added a new node: /default-rack/cde6dcaa-128a-4da8-8b80-332f3a4a29aa
2023-09-07 14:19:58,026 [main] INFO  net.NetworkTopologyImpl (NetworkTopologyImpl.java:add(112)) - Added a new node: /default-rack/3d9bc506-e11b-460f-8967-b8919b7893d6
2023-09-07 14:19:58,026 [main] INFO  net.NetworkTopologyImpl (NetworkTopologyImpl.java:add(112)) - Added a new node: /default-rack/16761b99-0c44-4041-8e67-354505897453
2023-09-07 14:19:58,027 [main] INFO  net.NetworkTopologyImpl (NetworkTopologyImpl.java:add(112)) - Added a new node: /default-rack/05d38b90-9ae7-4228-9d0e-e0343132e9c6
2023-09-07 14:19:58,027 [main] INFO  net.NetworkTopologyImpl (NetworkTopologyImpl.java:add(112)) - Added a new node: /default-rack/d9869a24-eca5-43dc-b4a7-0e2f7f0d8d68
2023-09-07 14:19:58,027 [main] INFO  net.NetworkTopologyImpl (NetworkTopologyImpl.java:add(112)) - Added a new node: /default-rack/a97bfde3-c0e9-4929-b74c-01f526802706
2023-09-07 14:19:58,027 [main] INFO  net.NetworkTopologyImpl (NetworkTopologyImpl.java:add(112)) - Added a new node: /default-rack/11e70343-99e5-4f17-a6a1-433ce9a79f2b
2023-09-07 14:19:58,027 [main] INFO  net.NetworkTopologyImpl (NetworkTopologyImpl.java:add(112)) - Added a new node: /default-rack/9996ddc8-7dc6-457c-a960-35ba293b188e
2023-09-07 14:19:58,027 [main] INFO  net.NetworkTopologyImpl (NetworkTopologyImpl.java:add(112)) - Added a new node: /default-rack/8725a6f7-675f-4052-afd5-88683cf0423d
2023-09-07 14:19:58,027 [main] INFO  algorithms.ContainerPlacementPolicyFactory (ContainerPlacementPolicyFactory.java:getPolicyInternal(86)) - Create container placement policy of type org.apache.hadoop.hdds.scm.container.placement.algorithms.SCMContainerPlacementRackAware
2023-09-07 14:19:58,028 [main] INFO  algorithms.ContainerPlacementPolicyFactory (ContainerPlacementPolicyFactory.java:getPolicyInternal(86)) - Create container placement policy of type org.apache.hadoop.hdds.scm.container.placement.algorithms.SCMContainerPlacementRackScatter
2023-09-07 14:19:58,035 [main] DEBUG balancer.ContainerBalancerTask (ContainerBalancerTask.java:initializeIteration(374)) - Average utilization of the cluster is 0.38562212575438465
2023-09-07 14:19:58,035 [main] DEBUG balancer.ContainerBalancerTask (ContainerBalancerTask.java:initializeIteration(386)) - Lower limit for utilization is 0.37562212575438464 and Upper limit for utilization is 0.39562212575438466
2023-09-07 14:19:58,035 [main] DEBUG balancer.ContainerBalancerTask (ContainerBalancerTask.java:initializeIteration(398)) - Utilization for node e93d5118-1d5d-48c1-a5a4-77e84ceaa69f with capacity 58459277084B, used 52613349376B, and remaining 5845927708B is 0.9000000000068423
2023-09-07 14:19:58,035 [main] DEBUG balancer.ContainerBalancerTask (ContainerBalancerTask.java:initializeIteration(398)) - Utilization for node 05d38b90-9ae7-4228-9d0e-e0343132e9c6 with capacity 67108864000B, used 53687091200B, and remaining 13421772800B is 0.8
2023-09-07 14:19:58,035 [main] DEBUG balancer.ContainerBalancerTask (ContainerBalancerTask.java:initializeIteration(398)) - Utilization for node 16761b99-0c44-4041-8e67-354505897453 with capacity 82831512137B, used 57982058496B, and remaining 24849453641B is 0.7000000000012073
2023-09-07 14:19:58,035 [main] DEBUG balancer.ContainerBalancerTask (ContainerBalancerTask.java:initializeIteration(398)) - Utilization for node 9996ddc8-7dc6-457c-a960-35ba293b188e with capacity 78741067093B, used 47244640256B, and remaining 31496426837B is 0.60000000000254
2023-09-07 14:19:58,035 [main] DEBUG balancer.ContainerBalancerTask (ContainerBalancerTask.java:initializeIteration(398)) - Utilization for node d9869a24-eca5-43dc-b4a7-0e2f7f0d8d68 with capacity 92341796864B, used 46170898432B, and remaining 46170898432B is 0.5
2023-09-07 14:19:58,035 [main] DEBUG balancer.ContainerBalancerTask (ContainerBalancerTask.java:initializeIteration(398)) - Utilization for node 3d9bc506-e11b-460f-8967-b8919b7893d6 with capacity 161061273600B, used 64424509440B, and remaining 96636764160B is 0.4
2023-09-07 14:19:58,036 [main] DEBUG balancer.ContainerBalancerTask (ContainerBalancerTask.java:initializeIteration(398)) - Utilization for node cde6dcaa-128a-4da8-8b80-332f3a4a29aa with capacity 107374182400B, used 32212254720B, and remaining 75161927680B is 0.3
2023-09-07 14:19:58,036 [main] DEBUG balancer.ContainerBalancerTask (ContainerBalancerTask.java:initializeIteration(398)) - Utilization for node 11e70343-99e5-4f17-a6a1-433ce9a79f2b with capacity 155692564480B, used 31138512896B, and remaining 124554051584B is 0.2
2023-09-07 14:19:58,036 [main] DEBUG balancer.ContainerBalancerTask (ContainerBalancerTask.java:initializeIteration(398)) - Utilization for node a97bfde3-c0e9-4929-b74c-01f526802706 with capacity 225485783040B, used 22548578304B, and remaining 202937204736B is 0.1
2023-09-07 14:19:58,036 [main] DEBUG balancer.ContainerBalancerTask (ContainerBalancerTask.java:initializeIteration(398)) - Utilization for node 8725a6f7-675f-4052-afd5-88683cf0423d with capacity 28991029248B, used 0B, and remaining 28991029248B is 0.0
2023-09-07 14:19:58,036 [main] INFO  balancer.ContainerBalancerTask (ContainerBalancerTask.java:initializeIteration(447)) - Container Balancer has identified 6 Over-Utilized and 4 Under-Utilized Datanodes that need to be balanced.
2023-09-07 14:19:58,036 [main] DEBUG balancer.ContainerBalancerTask (ContainerBalancerTask.java:lambda$initializeIteration$1(453)) - Datanode localhost-194.174.119.181 e93d5118-1d5d-48c1-a5a4-77e84ceaa69f is Over-Utilized.
2023-09-07 14:19:58,036 [main] DEBUG balancer.ContainerBalancerTask (ContainerBalancerTask.java:lambda$initializeIteration$1(453)) - Datanode localhost-252.207.117.0 05d38b90-9ae7-4228-9d0e-e0343132e9c6 is Over-Utilized.
2023-09-07 14:19:58,036 [main] DEBUG balancer.ContainerBalancerTask (ContainerBalancerTask.java:lambda$initializeIteration$1(453)) - Datanode localhost-146.113.107.104 16761b99-0c44-4041-8e67-354505897453 is Over-Utilized.
2023-09-07 14:19:58,036 [main] DEBUG balancer.ContainerBalancerTask (ContainerBalancerTask.java:lambda$initializeIteration$1(453)) - Datanode localhost-255.32.209.156 9996ddc8-7dc6-457c-a960-35ba293b188e is Over-Utilized.
2023-09-07 14:19:58,036 [main] DEBUG balancer.ContainerBalancerTask (ContainerBalancerTask.java:lambda$initializeIteration$1(453)) - Datanode localhost-131.23.163.114 d9869a24-eca5-43dc-b4a7-0e2f7f0d8d68 is Over-Utilized.
2023-09-07 14:19:58,036 [main] DEBUG balancer.ContainerBalancerTask (ContainerBalancerTask.java:lambda$initializeIteration$1(453)) - Datanode localhost-135.121.227.146 3d9bc506-e11b-460f-8967-b8919b7893d6 is Over-Utilized.
2023-09-07 14:19:58,036 [main] DEBUG balancer.ContainerBalancerTask (ContainerBalancerTask.java:lambda$initializeIteration$2(459)) - Datanode localhost-151.229.111.46 8725a6f7-675f-4052-afd5-88683cf0423d is Under-Utilized.
2023-09-07 14:19:58,037 [main] DEBUG balancer.ContainerBalancerTask (ContainerBalancerTask.java:lambda$initializeIteration$2(459)) - Datanode localhost-149.22.68.191 a97bfde3-c0e9-4929-b74c-01f526802706 is Under-Utilized.
2023-09-07 14:19:58,037 [main] DEBUG balancer.ContainerBalancerTask (ContainerBalancerTask.java:lambda$initializeIteration$2(459)) - Datanode localhost-83.127.4.225 11e70343-99e5-4f17-a6a1-433ce9a79f2b is Under-Utilized.
2023-09-07 14:19:58,037 [main] DEBUG balancer.ContainerBalancerTask (ContainerBalancerTask.java:lambda$initializeIteration$2(459)) - Datanode localhost-203.69.33.225 cde6dcaa-128a-4da8-8b80-332f3a4a29aa is Under-Utilized.
2023-09-07 14:19:58,039 [main] DEBUG balancer.ContainerBalancerTask (ContainerBalancerTask.java:matchSourceWithTarget(708)) - ContainerBalancer is finding suitable target for source datanode e93d5118-1d5d-48c1-a5a4-77e84ceaa69f
2023-09-07 14:19:58,039 [main] INFO  balancer.ContainerBalancerTask (ContainerBalancerTask.java:matchSourceWithTarget(722)) - ContainerBalancer matched source datanode e93d5118-1d5d-48c1-a5a4-77e84ceaa69f with target datanode 8725a6f7-675f-4052-afd5-88683cf0423d for container move.
2023-09-07 14:19:58,039 [main] INFO  balancer.ContainerBalancerTask (ContainerBalancerTask.java:processMoveSelection(569)) - ContainerBalancer is trying to move container #85 with size 5368709120B from source datanode e93d5118-1d5d-48c1-a5a4-77e84ceaa69f to target datanode 8725a6f7-675f-4052-afd5-88683cf0423d
2023-09-07 14:19:58,039 [main] DEBUG balancer.ContainerBalancerTask (ContainerBalancerTask.java:lambda$moveContainer$3(837)) - Container move completed for container #85 from source e93d5118-1d5d-48c1-a5a4-77e84ceaa69f to target 8725a6f7-675f-4052-afd5-88683cf0423d
2023-09-07 14:19:58,043 [main] DEBUG balancer.ContainerBalancerTask (ContainerBalancerTask.java:matchSourceWithTarget(708)) - ContainerBalancer is finding suitable target for source datanode e93d5118-1d5d-48c1-a5a4-77e84ceaa69f
2023-09-07 14:19:58,044 [main] INFO  balancer.ContainerBalancerTask (ContainerBalancerTask.java:matchSourceWithTarget(722)) - ContainerBalancer matched source datanode e93d5118-1d5d-48c1-a5a4-77e84ceaa69f with target datanode a97bfde3-c0e9-4929-b74c-01f526802706 for container move.
2023-09-07 14:19:58,044 [main] INFO  balancer.ContainerBalancerTask (ContainerBalancerTask.java:processMoveSelection(569)) - ContainerBalancer is trying to move container #89 with size 4294967296B from source datanode e93d5118-1d5d-48c1-a5a4-77e84ceaa69f to target datanode a97bfde3-c0e9-4929-b74c-01f526802706
2023-09-07 14:19:58,044 [main] DEBUG balancer.ContainerBalancerTask (ContainerBalancerTask.java:lambda$moveContainer$3(837)) - Container move completed for container #89 from source e93d5118-1d5d-48c1-a5a4-77e84ceaa69f to target a97bfde3-c0e9-4929-b74c-01f526802706
2023-09-07 14:19:58,044 [main] DEBUG balancer.ContainerBalancerTask (ContainerBalancerTask.java:adaptWhenNearingIterationLimits(756)) - Approaching max datanodes to involve limit. 3 datanodes have already been selected for balancing and the limit is 4. Only already selected targets can be selected as targets now.
2023-09-07 14:19:58,047 [main] DEBUG balancer.ContainerBalancerTask (ContainerBalancerTask.java:matchSourceWithTarget(708)) - ContainerBalancer is finding suitable target for source datanode 05d38b90-9ae7-4228-9d0e-e0343132e9c6
2023-09-07 14:19:58,048 [main] INFO  balancer.ContainerBalancerTask (ContainerBalancerTask.java:matchSourceWithTarget(722)) - ContainerBalancer matched source datanode 05d38b90-9ae7-4228-9d0e-e0343132e9c6 with target datanode a97bfde3-c0e9-4929-b74c-01f526802706 for container move.
2023-09-07 14:19:58,048 [main] INFO  balancer.ContainerBalancerTask (ContainerBalancerTask.java:processMoveSelection(569)) - ContainerBalancer is trying to move container #67 with size 4294967296B from source datanode 05d38b90-9ae7-4228-9d0e-e0343132e9c6 to target datanode a97bfde3-c0e9-4929-b74c-01f526802706
2023-09-07 14:19:58,048 [main] DEBUG balancer.ContainerBalancerTask (ContainerBalancerTask.java:lambda$moveContainer$3(837)) - Container move completed for container #67 from source 05d38b90-9ae7-4228-9d0e-e0343132e9c6 to target a97bfde3-c0e9-4929-b74c-01f526802706
2023-09-07 14:19:58,048 [main] DEBUG balancer.ContainerBalancerTask (ContainerBalancerTask.java:adaptOnReachingIterationLimits(782)) - Reached max datanodes to involve limit. 4 datanodes have already been selected for balancing and the limit is 4. Only already selected sources and targets can be involved in balancing now.
2023-09-07 14:19:58,051 [main] DEBUG balancer.ContainerBalancerTask (ContainerBalancerTask.java:matchSourceWithTarget(708)) - ContainerBalancer is finding suitable target for source datanode 05d38b90-9ae7-4228-9d0e-e0343132e9c6
2023-09-07 14:19:58,051 [main] INFO  balancer.ContainerBalancerTask (ContainerBalancerTask.java:matchSourceWithTarget(722)) - ContainerBalancer matched source datanode 05d38b90-9ae7-4228-9d0e-e0343132e9c6 with target datanode a97bfde3-c0e9-4929-b74c-01f526802706 for container move.
2023-09-07 14:19:58,051 [main] INFO  balancer.ContainerBalancerTask (ContainerBalancerTask.java:processMoveSelection(569)) - ContainerBalancer is trying to move container #52 with size 4294967296B from source datanode 05d38b90-9ae7-4228-9d0e-e0343132e9c6 to target datanode a97bfde3-c0e9-4929-b74c-01f526802706
2023-09-07 14:19:58,052 [main] DEBUG balancer.ContainerBalancerTask (ContainerBalancerTask.java:lambda$moveContainer$3(837)) - Container move completed for container #52 from source 05d38b90-9ae7-4228-9d0e-e0343132e9c6 to target a97bfde3-c0e9-4929-b74c-01f526802706
2023-09-07 14:19:58,054 [main] DEBUG balancer.ContainerBalancerTask (ContainerBalancerTask.java:matchSourceWithTarget(708)) - ContainerBalancer is finding suitable target for source datanode e93d5118-1d5d-48c1-a5a4-77e84ceaa69f
2023-09-07 14:19:58,055 [main] INFO  balancer.ContainerBalancerTask (ContainerBalancerTask.java:matchSourceWithTarget(722)) - ContainerBalancer matched source datanode e93d5118-1d5d-48c1-a5a4-77e84ceaa69f with target datanode a97bfde3-c0e9-4929-b74c-01f526802706 for container move.
2023-09-07 14:19:58,055 [main] INFO  balancer.ContainerBalancerTask (ContainerBalancerTask.java:processMoveSelection(569)) - ContainerBalancer is trying to move container #84 with size 4294967296B from source datanode e93d5118-1d5d-48c1-a5a4-77e84ceaa69f to target datanode a97bfde3-c0e9-4929-b74c-01f526802706
2023-09-07 14:19:58,055 [main] DEBUG balancer.ContainerBalancerTask (ContainerBalancerTask.java:lambda$moveContainer$3(837)) - Container move completed for container #84 from source e93d5118-1d5d-48c1-a5a4-77e84ceaa69f to target a97bfde3-c0e9-4929-b74c-01f526802706
2023-09-07 14:19:58,057 [main] DEBUG balancer.ContainerBalancerTask (ContainerBalancerTask.java:matchSourceWithTarget(708)) - ContainerBalancer is finding suitable target for source datanode 05d38b90-9ae7-4228-9d0e-e0343132e9c6
2023-09-07 14:19:58,057 [main] INFO  balancer.ContainerBalancerTask (ContainerBalancerTask.java:matchSourceWithTarget(722)) - ContainerBalancer matched source datanode 05d38b90-9ae7-4228-9d0e-e0343132e9c6 with target datanode a97bfde3-c0e9-4929-b74c-01f526802706 for container move.
2023-09-07 14:19:58,058 [main] INFO  balancer.ContainerBalancerTask (ContainerBalancerTask.java:processMoveSelection(569)) - ContainerBalancer is trying to move container #88 with size 3221225472B from source datanode 05d38b90-9ae7-4228-9d0e-e0343132e9c6 to target datanode a97bfde3-c0e9-4929-b74c-01f526802706
2023-09-07 14:19:58,058 [main] DEBUG balancer.ContainerBalancerTask (ContainerBalancerTask.java:lambda$moveContainer$3(837)) - Container move completed for container #88 from source 05d38b90-9ae7-4228-9d0e-e0343132e9c6 to target a97bfde3-c0e9-4929-b74c-01f526802706
2023-09-07 14:19:58,060 [main] DEBUG balancer.ContainerBalancerTask (ContainerBalancerTask.java:matchSourceWithTarget(708)) - ContainerBalancer is finding suitable target for source datanode e93d5118-1d5d-48c1-a5a4-77e84ceaa69f
2023-09-07 14:19:58,060 [main] INFO  balancer.ContainerBalancerTask (ContainerBalancerTask.java:matchSourceWithTarget(722)) - ContainerBalancer matched source datanode e93d5118-1d5d-48c1-a5a4-77e84ceaa69f with target datanode 8725a6f7-675f-4052-afd5-88683cf0423d for container move.
2023-09-07 14:19:58,060 [main] INFO  balancer.ContainerBalancerTask (ContainerBalancerTask.java:processMoveSelection(569)) - ContainerBalancer is trying to move container #29 with size 5368709120B from source datanode e93d5118-1d5d-48c1-a5a4-77e84ceaa69f to target datanode 8725a6f7-675f-4052-afd5-88683cf0423d
2023-09-07 14:19:58,060 [main] DEBUG balancer.ContainerBalancerTask (ContainerBalancerTask.java:lambda$moveContainer$3(837)) - Container move completed for container #29 from source e93d5118-1d5d-48c1-a5a4-77e84ceaa69f to target 8725a6f7-675f-4052-afd5-88683cf0423d
2023-09-07 14:19:58,063 [main] DEBUG balancer.ContainerBalancerTask (ContainerBalancerTask.java:matchSourceWithTarget(708)) - ContainerBalancer is finding suitable target for source datanode 05d38b90-9ae7-4228-9d0e-e0343132e9c6
2023-09-07 14:19:58,064 [main] INFO  balancer.ContainerBalancerTask (ContainerBalancerTask.java:matchSourceWithTarget(722)) - ContainerBalancer matched source datanode 05d38b90-9ae7-4228-9d0e-e0343132e9c6 with target datanode a97bfde3-c0e9-4929-b74c-01f526802706 for container move.
2023-09-07 14:19:58,064 [main] INFO  balancer.ContainerBalancerTask (ContainerBalancerTask.java:processMoveSelection(569)) - ContainerBalancer is trying to move container #71 with size 3221225472B from source datanode 05d38b90-9ae7-4228-9d0e-e0343132e9c6 to target datanode a97bfde3-c0e9-4929-b74c-01f526802706
2023-09-07 14:19:58,064 [main] DEBUG balancer.ContainerBalancerTask (ContainerBalancerTask.java:lambda$moveContainer$3(837)) - Container move completed for container #71 from source 05d38b90-9ae7-4228-9d0e-e0343132e9c6 to target a97bfde3-c0e9-4929-b74c-01f526802706
2023-09-07 14:19:58,067 [main] DEBUG balancer.ContainerBalancerTask (ContainerBalancerTask.java:matchSourceWithTarget(708)) - ContainerBalancer is finding suitable target for source datanode 05d38b90-9ae7-4228-9d0e-e0343132e9c6
2023-09-07 14:19:58,067 [main] INFO  balancer.ContainerBalancerTask (ContainerBalancerTask.java:matchSourceWithTarget(722)) - ContainerBalancer matched source datanode 05d38b90-9ae7-4228-9d0e-e0343132e9c6 with target datanode a97bfde3-c0e9-4929-b74c-01f526802706 for container move.
2023-09-07 14:19:58,067 [main] INFO  balancer.ContainerBalancerTask (ContainerBalancerTask.java:processMoveSelection(569)) - ContainerBalancer is trying to move container #66 with size 3221225472B from source datanode 05d38b90-9ae7-4228-9d0e-e0343132e9c6 to target datanode a97bfde3-c0e9-4929-b74c-01f526802706
2023-09-07 14:19:58,067 [main] DEBUG balancer.ContainerBalancerTask (ContainerBalancerTask.java:lambda$moveContainer$3(837)) - Container move completed for container #66 from source 05d38b90-9ae7-4228-9d0e-e0343132e9c6 to target a97bfde3-c0e9-4929-b74c-01f526802706
2023-09-07 14:19:58,070 [main] DEBUG balancer.ContainerBalancerTask (ContainerBalancerTask.java:matchSourceWithTarget(708)) - ContainerBalancer is finding suitable target for source datanode e93d5118-1d5d-48c1-a5a4-77e84ceaa69f
2023-09-07 14:19:58,070 [main] INFO  balancer.ContainerBalancerTask (ContainerBalancerTask.java:matchSourceWithTarget(722)) - ContainerBalancer matched source datanode e93d5118-1d5d-48c1-a5a4-77e84ceaa69f with target datanode a97bfde3-c0e9-4929-b74c-01f526802706 for container move.
2023-09-07 14:19:58,070 [main] INFO  balancer.ContainerBalancerTask (ContainerBalancerTask.java:processMoveSelection(569)) - ContainerBalancer is trying to move container #39 with size 4294967296B from source datanode e93d5118-1d5d-48c1-a5a4-77e84ceaa69f to target datanode a97bfde3-c0e9-4929-b74c-01f526802706
2023-09-07 14:19:58,070 [main] DEBUG balancer.ContainerBalancerTask (ContainerBalancerTask.java:lambda$moveContainer$3(837)) - Container move completed for container #39 from source e93d5118-1d5d-48c1-a5a4-77e84ceaa69f to target a97bfde3-c0e9-4929-b74c-01f526802706
2023-09-07 14:19:58,073 [main] DEBUG balancer.ContainerBalancerTask (ContainerBalancerTask.java:matchSourceWithTarget(708)) - ContainerBalancer is finding suitable target for source datanode 05d38b90-9ae7-4228-9d0e-e0343132e9c6
2023-09-07 14:19:58,073 [main] INFO  balancer.ContainerBalancerTask (ContainerBalancerTask.java:matchSourceWithTarget(722)) - ContainerBalancer matched source datanode 05d38b90-9ae7-4228-9d0e-e0343132e9c6 with target datanode a97bfde3-c0e9-4929-b74c-01f526802706 for container move.
2023-09-07 14:19:58,073 [main] INFO  balancer.ContainerBalancerTask (ContainerBalancerTask.java:processMoveSelection(569)) - ContainerBalancer is trying to move container #51 with size 3221225472B from source datanode 05d38b90-9ae7-4228-9d0e-e0343132e9c6 to target datanode a97bfde3-c0e9-4929-b74c-01f526802706
2023-09-07 14:19:58,073 [main] DEBUG balancer.ContainerBalancerTask (ContainerBalancerTask.java:lambda$moveContainer$3(837)) - Container move completed for container #51 from source 05d38b90-9ae7-4228-9d0e-e0343132e9c6 to target a97bfde3-c0e9-4929-b74c-01f526802706
2023-09-07 14:19:58,076 [main] DEBUG balancer.ContainerBalancerTask (ContainerBalancerTask.java:matchSourceWithTarget(708)) - ContainerBalancer is finding suitable target for source datanode e93d5118-1d5d-48c1-a5a4-77e84ceaa69f
2023-09-07 14:19:58,076 [main] INFO  balancer.ContainerBalancerTask (ContainerBalancerTask.java:matchSourceWithTarget(722)) - ContainerBalancer matched source datanode e93d5118-1d5d-48c1-a5a4-77e84ceaa69f with target datanode a97bfde3-c0e9-4929-b74c-01f526802706 for container move.
2023-09-07 14:19:58,076 [main] INFO  balancer.ContainerBalancerTask (ContainerBalancerTask.java:processMoveSelection(569)) - ContainerBalancer is trying to move container #28 with size 4294967296B from source datanode e93d5118-1d5d-48c1-a5a4-77e84ceaa69f to target datanode a97bfde3-c0e9-4929-b74c-01f526802706
2023-09-07 14:19:58,076 [main] DEBUG balancer.ContainerBalancerTask (ContainerBalancerTask.java:lambda$moveContainer$3(837)) - Container move completed for container #28 from source e93d5118-1d5d-48c1-a5a4-77e84ceaa69f to target a97bfde3-c0e9-4929-b74c-01f526802706
2023-09-07 14:19:58,079 [main] DEBUG balancer.ContainerBalancerTask (ContainerBalancerTask.java:matchSourceWithTarget(708)) - ContainerBalancer is finding suitable target for source datanode 05d38b90-9ae7-4228-9d0e-e0343132e9c6
2023-09-07 14:19:58,079 [main] INFO  balancer.ContainerBalancerTask (ContainerBalancerTask.java:matchSourceWithTarget(722)) - ContainerBalancer matched source datanode 05d38b90-9ae7-4228-9d0e-e0343132e9c6 with target datanode a97bfde3-c0e9-4929-b74c-01f526802706 for container move.
2023-09-07 14:19:58,079 [main] INFO  balancer.ContainerBalancerTask (ContainerBalancerTask.java:processMoveSelection(569)) - ContainerBalancer is trying to move container #70 with size 2147483648B from source datanode 05d38b90-9ae7-4228-9d0e-e0343132e9c6 to target datanode a97bfde3-c0e9-4929-b74c-01f526802706
2023-09-07 14:19:58,079 [main] DEBUG balancer.ContainerBalancerTask (ContainerBalancerTask.java:lambda$moveContainer$3(837)) - Container move completed for container #70 from source 05d38b90-9ae7-4228-9d0e-e0343132e9c6 to target a97bfde3-c0e9-4929-b74c-01f526802706
2023-09-07 14:19:58,082 [main] DEBUG balancer.ContainerBalancerTask (ContainerBalancerTask.java:matchSourceWithTarget(708)) - ContainerBalancer is finding suitable target for source datanode 05d38b90-9ae7-4228-9d0e-e0343132e9c6
2023-09-07 14:19:58,082 [main] INFO  balancer.ContainerBalancerTask (ContainerBalancerTask.java:matchSourceWithTarget(722)) - ContainerBalancer matched source datanode 05d38b90-9ae7-4228-9d0e-e0343132e9c6 with target datanode a97bfde3-c0e9-4929-b74c-01f526802706 for container move.
2023-09-07 14:19:58,082 [main] INFO  balancer.ContainerBalancerTask (ContainerBalancerTask.java:processMoveSelection(569)) - ContainerBalancer is trying to move container #65 with size 2147483648B from source datanode 05d38b90-9ae7-4228-9d0e-e0343132e9c6 to target datanode a97bfde3-c0e9-4929-b74c-01f526802706
2023-09-07 14:19:58,082 [main] DEBUG balancer.ContainerBalancerTask (ContainerBalancerTask.java:lambda$moveContainer$3(837)) - Container move completed for container #65 from source 05d38b90-9ae7-4228-9d0e-e0343132e9c6 to target a97bfde3-c0e9-4929-b74c-01f526802706
2023-09-07 14:19:58,085 [main] DEBUG balancer.ContainerBalancerTask (ContainerBalancerTask.java:matchSourceWithTarget(701)) - ContainerBalancer could not find any candidate containers for datanode e93d5118-1d5d-48c1-a5a4-77e84ceaa69f
2023-09-07 14:19:58,088 [main] DEBUG balancer.ContainerBalancerTask (ContainerBalancerTask.java:matchSourceWithTarget(708)) - ContainerBalancer is finding suitable target for source datanode 05d38b90-9ae7-4228-9d0e-e0343132e9c6
2023-09-07 14:19:58,088 [main] INFO  balancer.ContainerBalancerTask (ContainerBalancerTask.java:matchSourceWithTarget(722)) - ContainerBalancer matched source datanode 05d38b90-9ae7-4228-9d0e-e0343132e9c6 with target datanode a97bfde3-c0e9-4929-b74c-01f526802706 for container move.
2023-09-07 14:19:58,088 [main] INFO  balancer.ContainerBalancerTask (ContainerBalancerTask.java:processMoveSelection(569)) - ContainerBalancer is trying to move container #37 with size 2147483648B from source datanode 05d38b90-9ae7-4228-9d0e-e0343132e9c6 to target datanode a97bfde3-c0e9-4929-b74c-01f526802706
2023-09-07 14:19:58,088 [main] DEBUG balancer.ContainerBalancerTask (ContainerBalancerTask.java:lambda$moveContainer$3(837)) - Container move completed for container #37 from source 05d38b90-9ae7-4228-9d0e-e0343132e9c6 to target a97bfde3-c0e9-4929-b74c-01f526802706
2023-09-07 14:19:58,091 [main] DEBUG balancer.ContainerBalancerTask (ContainerBalancerTask.java:matchSourceWithTarget(701)) - ContainerBalancer could not find any candidate containers for datanode 05d38b90-9ae7-4228-9d0e-e0343132e9c6
2023-09-07 14:19:58,091 [main] INFO  balancer.FindSourceGreedy (FindSourceGreedy.java:getNextCandidateSourceDataNode(126)) - no more candidate source data node
2023-09-07 14:19:58,091 [main] INFO  balancer.ContainerBalancerTask (ContainerBalancerTask.java:checkIterationMoveResults(642)) - Iteration Summary. Number of Datanodes involved: 4. Size moved: 52 GB (55834574848 Bytes). Number of Container moves completed: 15.
2023-09-07 14:19:58,091 [main] INFO  balancer.ContainerBalancerTask (ContainerBalancerTask.java:balance(259)) - Result of this iteration of Container Balancer: ITERATION_COMPLETED
2023-09-07 14:19:58,091 [main] INFO  balancer.ContainerBalancerTask (ContainerBalancerTask.java:tryStopWithSaveConfiguration(308)) - Save Configuration for stopping. Reason: Completed all iterations.
]]></system-out>
  </testcase>
  <testcase name="testBalancerWithMoveManager" classname="org.apache.hadoop.hdds.scm.container.balancer.TestContainerBalancerTask" time="0.088">
    <system-out><![CDATA[2023-09-07 14:19:58,114 [main] INFO  net.NodeSchemaLoader (NodeSchemaLoader.java:loadSchemaFromFile(129)) - Loading schema from [file:/home/runner/work/ozone/ozone/hadoop-hdds/common/target/classes/network-topology-default.xml]
2023-09-07 14:19:58,115 [main] INFO  net.NodeSchemaLoader (NodeSchemaLoader.java:loadSchema(176)) - Loading network topology layer schema file
2023-09-07 14:19:58,116 [main] INFO  net.NetworkTopologyImpl (NetworkTopologyImpl.java:add(112)) - Added a new node: /default-rack/8a3ed174-abde-4c62-932a-f51f18c54b96
2023-09-07 14:19:58,116 [main] INFO  net.NetworkTopologyImpl (NetworkTopologyImpl.java:add(112)) - Added a new node: /default-rack/e67ad82d-806e-4458-ab76-c18685f297a2
2023-09-07 14:19:58,116 [main] INFO  net.NetworkTopologyImpl (NetworkTopologyImpl.java:add(112)) - Added a new node: /default-rack/d9055e58-6ea3-4d93-8202-bacb5ebee3d9
2023-09-07 14:19:58,117 [main] INFO  net.NetworkTopologyImpl (NetworkTopologyImpl.java:add(112)) - Added a new node: /default-rack/66cb0cc7-5916-488e-8ed9-3fe32f1c34d1
2023-09-07 14:19:58,117 [main] INFO  net.NetworkTopologyImpl (NetworkTopologyImpl.java:add(112)) - Added a new node: /default-rack/da476c11-cfdb-45bc-b167-f787a4afb4b6
2023-09-07 14:19:58,117 [main] INFO  net.NetworkTopologyImpl (NetworkTopologyImpl.java:add(112)) - Added a new node: /default-rack/befabdcd-ea33-4523-865e-dc7fdc36be1b
2023-09-07 14:19:58,117 [main] INFO  net.NetworkTopologyImpl (NetworkTopologyImpl.java:add(112)) - Added a new node: /default-rack/b500d674-bf6e-4ad1-bfd5-6cbc66ae6d57
2023-09-07 14:19:58,117 [main] INFO  net.NetworkTopologyImpl (NetworkTopologyImpl.java:add(112)) - Added a new node: /default-rack/8e85e651-2b5e-4974-9a10-68573132c920
2023-09-07 14:19:58,117 [main] INFO  net.NetworkTopologyImpl (NetworkTopologyImpl.java:add(112)) - Added a new node: /default-rack/dbb1d8ab-4f35-4faa-b97f-153aef470779
2023-09-07 14:19:58,117 [main] INFO  net.NetworkTopologyImpl (NetworkTopologyImpl.java:add(112)) - Added a new node: /default-rack/3c1147b5-6ea6-4e1f-895e-1acd7ab66b57
2023-09-07 14:19:58,117 [main] INFO  algorithms.ContainerPlacementPolicyFactory (ContainerPlacementPolicyFactory.java:getPolicyInternal(86)) - Create container placement policy of type org.apache.hadoop.hdds.scm.container.placement.algorithms.SCMContainerPlacementRackAware
2023-09-07 14:19:58,118 [main] INFO  algorithms.ContainerPlacementPolicyFactory (ContainerPlacementPolicyFactory.java:getPolicyInternal(86)) - Create container placement policy of type org.apache.hadoop.hdds.scm.container.placement.algorithms.SCMContainerPlacementRackScatter
2023-09-07 14:19:58,120 [main] DEBUG balancer.ContainerBalancerTask (ContainerBalancerTask.java:initializeIteration(374)) - Average utilization of the cluster is 0.3525870916410138
2023-09-07 14:19:58,121 [main] DEBUG balancer.ContainerBalancerTask (ContainerBalancerTask.java:initializeIteration(386)) - Lower limit for utilization is 0.2525870916410138 and Upper limit for utilization is 0.45258709164101385
2023-09-07 14:19:58,121 [main] DEBUG balancer.ContainerBalancerTask (ContainerBalancerTask.java:initializeIteration(398)) - Utilization for node 8a3ed174-abde-4c62-932a-f51f18c54b96 with capacity 78741067093B, used 70866960384B, and remaining 7874106709B is 0.90000000000381
2023-09-07 14:19:58,121 [main] DEBUG balancer.ContainerBalancerTask (ContainerBalancerTask.java:initializeIteration(398)) - Utilization for node 66cb0cc7-5916-488e-8ed9-3fe32f1c34d1 with capacity 57713623040B, used 46170898432B, and remaining 11542724608B is 0.8
2023-09-07 14:19:58,121 [main] DEBUG balancer.ContainerBalancerTask (ContainerBalancerTask.java:initializeIteration(398)) - Utilization for node 3c1147b5-6ea6-4e1f-895e-1acd7ab66b57 with capacity 58288841874B, used 40802189312B, and remaining 17486652562B is 0.7000000000034312
2023-09-07 14:19:58,121 [main] DEBUG balancer.ContainerBalancerTask (ContainerBalancerTask.java:initializeIteration(398)) - Utilization for node d9055e58-6ea3-4d93-8202-bacb5ebee3d9 with capacity 75161927680B, used 45097156608B, and remaining 30064771072B is 0.6
2023-09-07 14:19:58,121 [main] DEBUG balancer.ContainerBalancerTask (ContainerBalancerTask.java:initializeIteration(398)) - Utilization for node 8e85e651-2b5e-4974-9a10-68573132c920 with capacity 68719476736B, used 34359738368B, and remaining 34359738368B is 0.5
2023-09-07 14:19:58,121 [main] DEBUG balancer.ContainerBalancerTask (ContainerBalancerTask.java:initializeIteration(398)) - Utilization for node b500d674-bf6e-4ad1-bfd5-6cbc66ae6d57 with capacity 118111600640B, used 47244640256B, and remaining 70866960384B is 0.4
2023-09-07 14:19:58,121 [main] DEBUG balancer.ContainerBalancerTask (ContainerBalancerTask.java:initializeIteration(398)) - Utilization for node da476c11-cfdb-45bc-b167-f787a4afb4b6 with capacity 139586437120B, used 41875931136B, and remaining 97710505984B is 0.3
2023-09-07 14:19:58,121 [main] DEBUG balancer.ContainerBalancerTask (ContainerBalancerTask.java:initializeIteration(398)) - Utilization for node dbb1d8ab-4f35-4faa-b97f-153aef470779 with capacity 155692564480B, used 31138512896B, and remaining 124554051584B is 0.2
2023-09-07 14:19:58,121 [main] DEBUG balancer.ContainerBalancerTask (ContainerBalancerTask.java:initializeIteration(398)) - Utilization for node befabdcd-ea33-4523-865e-dc7fdc36be1b with capacity 332859965440B, used 33285996544B, and remaining 299573968896B is 0.1
2023-09-07 14:19:58,121 [main] DEBUG balancer.ContainerBalancerTask (ContainerBalancerTask.java:initializeIteration(398)) - Utilization for node e67ad82d-806e-4458-ab76-c18685f297a2 with capacity 23622320128B, used 0B, and remaining 23622320128B is 0.0
2023-09-07 14:19:58,122 [main] INFO  balancer.ContainerBalancerTask (ContainerBalancerTask.java:initializeIteration(447)) - Container Balancer has identified 5 Over-Utilized and 3 Under-Utilized Datanodes that need to be balanced.
2023-09-07 14:19:58,122 [main] DEBUG balancer.ContainerBalancerTask (ContainerBalancerTask.java:lambda$initializeIteration$1(453)) - Datanode localhost-18.245.55.95 8a3ed174-abde-4c62-932a-f51f18c54b96 is Over-Utilized.
2023-09-07 14:19:58,122 [main] DEBUG balancer.ContainerBalancerTask (ContainerBalancerTask.java:lambda$initializeIteration$1(453)) - Datanode localhost-121.77.187.241 66cb0cc7-5916-488e-8ed9-3fe32f1c34d1 is Over-Utilized.
2023-09-07 14:19:58,122 [main] DEBUG balancer.ContainerBalancerTask (ContainerBalancerTask.java:lambda$initializeIteration$1(453)) - Datanode localhost-0.105.123.192 3c1147b5-6ea6-4e1f-895e-1acd7ab66b57 is Over-Utilized.
2023-09-07 14:19:58,122 [main] DEBUG balancer.ContainerBalancerTask (ContainerBalancerTask.java:lambda$initializeIteration$1(453)) - Datanode localhost-116.111.139.184 d9055e58-6ea3-4d93-8202-bacb5ebee3d9 is Over-Utilized.
2023-09-07 14:19:58,122 [main] DEBUG balancer.ContainerBalancerTask (ContainerBalancerTask.java:lambda$initializeIteration$1(453)) - Datanode localhost-134.218.50.236 8e85e651-2b5e-4974-9a10-68573132c920 is Over-Utilized.
2023-09-07 14:19:58,122 [main] DEBUG balancer.ContainerBalancerTask (ContainerBalancerTask.java:lambda$initializeIteration$2(459)) - Datanode localhost-48.48.201.9 e67ad82d-806e-4458-ab76-c18685f297a2 is Under-Utilized.
2023-09-07 14:19:58,122 [main] DEBUG balancer.ContainerBalancerTask (ContainerBalancerTask.java:lambda$initializeIteration$2(459)) - Datanode localhost-46.205.130.116 befabdcd-ea33-4523-865e-dc7fdc36be1b is Under-Utilized.
2023-09-07 14:19:58,122 [main] DEBUG balancer.ContainerBalancerTask (ContainerBalancerTask.java:lambda$initializeIteration$2(459)) - Datanode localhost-42.44.136.180 dbb1d8ab-4f35-4faa-b97f-153aef470779 is Under-Utilized.
2023-09-07 14:19:58,125 [main] DEBUG balancer.ContainerBalancerTask (ContainerBalancerTask.java:matchSourceWithTarget(708)) - ContainerBalancer is finding suitable target for source datanode 8a3ed174-abde-4c62-932a-f51f18c54b96
2023-09-07 14:19:58,125 [main] INFO  balancer.ContainerBalancerTask (ContainerBalancerTask.java:matchSourceWithTarget(722)) - ContainerBalancer matched source datanode 8a3ed174-abde-4c62-932a-f51f18c54b96 with target datanode e67ad82d-806e-4458-ab76-c18685f297a2 for container move.
2023-09-07 14:19:58,126 [main] INFO  balancer.ContainerBalancerTask (ContainerBalancerTask.java:processMoveSelection(569)) - ContainerBalancer is trying to move container #85 with size 5368709120B from source datanode 8a3ed174-abde-4c62-932a-f51f18c54b96 to target datanode e67ad82d-806e-4458-ab76-c18685f297a2
2023-09-07 14:19:58,126 [main] DEBUG balancer.ContainerBalancerTask (ContainerBalancerTask.java:lambda$moveContainer$3(837)) - Container move completed for container #85 from source 8a3ed174-abde-4c62-932a-f51f18c54b96 to target e67ad82d-806e-4458-ab76-c18685f297a2
2023-09-07 14:19:58,129 [main] DEBUG balancer.ContainerBalancerTask (ContainerBalancerTask.java:matchSourceWithTarget(708)) - ContainerBalancer is finding suitable target for source datanode 8a3ed174-abde-4c62-932a-f51f18c54b96
2023-09-07 14:19:58,129 [main] INFO  balancer.ContainerBalancerTask (ContainerBalancerTask.java:matchSourceWithTarget(722)) - ContainerBalancer matched source datanode 8a3ed174-abde-4c62-932a-f51f18c54b96 with target datanode befabdcd-ea33-4523-865e-dc7fdc36be1b for container move.
2023-09-07 14:19:58,129 [main] INFO  balancer.ContainerBalancerTask (ContainerBalancerTask.java:processMoveSelection(569)) - ContainerBalancer is trying to move container #53 with size 5368709120B from source datanode 8a3ed174-abde-4c62-932a-f51f18c54b96 to target datanode befabdcd-ea33-4523-865e-dc7fdc36be1b
2023-09-07 14:19:58,129 [main] DEBUG balancer.ContainerBalancerTask (ContainerBalancerTask.java:lambda$moveContainer$3(837)) - Container move completed for container #53 from source 8a3ed174-abde-4c62-932a-f51f18c54b96 to target befabdcd-ea33-4523-865e-dc7fdc36be1b
2023-09-07 14:19:58,131 [main] DEBUG balancer.ContainerBalancerTask (ContainerBalancerTask.java:matchSourceWithTarget(708)) - ContainerBalancer is finding suitable target for source datanode 66cb0cc7-5916-488e-8ed9-3fe32f1c34d1
2023-09-07 14:19:58,132 [main] INFO  balancer.ContainerBalancerTask (ContainerBalancerTask.java:matchSourceWithTarget(722)) - ContainerBalancer matched source datanode 66cb0cc7-5916-488e-8ed9-3fe32f1c34d1 with target datanode befabdcd-ea33-4523-865e-dc7fdc36be1b for container move.
2023-09-07 14:19:58,132 [main] INFO  balancer.ContainerBalancerTask (ContainerBalancerTask.java:processMoveSelection(569)) - ContainerBalancer is trying to move container #84 with size 4294967296B from source datanode 66cb0cc7-5916-488e-8ed9-3fe32f1c34d1 to target datanode befabdcd-ea33-4523-865e-dc7fdc36be1b
2023-09-07 14:19:58,132 [main] DEBUG balancer.ContainerBalancerTask (ContainerBalancerTask.java:lambda$moveContainer$3(837)) - Container move completed for container #84 from source 66cb0cc7-5916-488e-8ed9-3fe32f1c34d1 to target befabdcd-ea33-4523-865e-dc7fdc36be1b
2023-09-07 14:19:58,135 [main] DEBUG balancer.ContainerBalancerTask (ContainerBalancerTask.java:matchSourceWithTarget(708)) - ContainerBalancer is finding suitable target for source datanode 8a3ed174-abde-4c62-932a-f51f18c54b96
2023-09-07 14:19:58,135 [main] INFO  balancer.ContainerBalancerTask (ContainerBalancerTask.java:matchSourceWithTarget(722)) - ContainerBalancer matched source datanode 8a3ed174-abde-4c62-932a-f51f18c54b96 with target datanode befabdcd-ea33-4523-865e-dc7fdc36be1b for container move.
2023-09-07 14:19:58,135 [main] INFO  balancer.ContainerBalancerTask (ContainerBalancerTask.java:processMoveSelection(569)) - ContainerBalancer is trying to move container #39 with size 4294967296B from source datanode 8a3ed174-abde-4c62-932a-f51f18c54b96 to target datanode befabdcd-ea33-4523-865e-dc7fdc36be1b
2023-09-07 14:19:58,136 [main] DEBUG balancer.ContainerBalancerTask (ContainerBalancerTask.java:lambda$moveContainer$3(837)) - Container move completed for container #39 from source 8a3ed174-abde-4c62-932a-f51f18c54b96 to target befabdcd-ea33-4523-865e-dc7fdc36be1b
2023-09-07 14:19:58,138 [main] DEBUG balancer.ContainerBalancerTask (ContainerBalancerTask.java:matchSourceWithTarget(708)) - ContainerBalancer is finding suitable target for source datanode 66cb0cc7-5916-488e-8ed9-3fe32f1c34d1
2023-09-07 14:19:58,138 [main] INFO  balancer.ContainerBalancerTask (ContainerBalancerTask.java:matchSourceWithTarget(722)) - ContainerBalancer matched source datanode 66cb0cc7-5916-488e-8ed9-3fe32f1c34d1 with target datanode befabdcd-ea33-4523-865e-dc7fdc36be1b for container move.
2023-09-07 14:19:58,138 [main] INFO  balancer.ContainerBalancerTask (ContainerBalancerTask.java:processMoveSelection(569)) - ContainerBalancer is trying to move container #71 with size 3221225472B from source datanode 66cb0cc7-5916-488e-8ed9-3fe32f1c34d1 to target datanode befabdcd-ea33-4523-865e-dc7fdc36be1b
2023-09-07 14:19:58,139 [main] DEBUG balancer.ContainerBalancerTask (ContainerBalancerTask.java:lambda$moveContainer$3(837)) - Container move completed for container #71 from source 66cb0cc7-5916-488e-8ed9-3fe32f1c34d1 to target befabdcd-ea33-4523-865e-dc7fdc36be1b
2023-09-07 14:19:58,142 [main] DEBUG balancer.ContainerBalancerTask (ContainerBalancerTask.java:matchSourceWithTarget(708)) - ContainerBalancer is finding suitable target for source datanode 8a3ed174-abde-4c62-932a-f51f18c54b96
2023-09-07 14:19:58,142 [main] INFO  balancer.ContainerBalancerTask (ContainerBalancerTask.java:matchSourceWithTarget(722)) - ContainerBalancer matched source datanode 8a3ed174-abde-4c62-932a-f51f18c54b96 with target datanode befabdcd-ea33-4523-865e-dc7fdc36be1b for container move.
2023-09-07 14:19:58,142 [main] INFO  balancer.ContainerBalancerTask (ContainerBalancerTask.java:processMoveSelection(569)) - ContainerBalancer is trying to move container #19 with size 4294967296B from source datanode 8a3ed174-abde-4c62-932a-f51f18c54b96 to target datanode befabdcd-ea33-4523-865e-dc7fdc36be1b
2023-09-07 14:19:58,142 [main] DEBUG balancer.ContainerBalancerTask (ContainerBalancerTask.java:lambda$moveContainer$3(837)) - Container move completed for container #19 from source 8a3ed174-abde-4c62-932a-f51f18c54b96 to target befabdcd-ea33-4523-865e-dc7fdc36be1b
2023-09-07 14:19:58,145 [main] DEBUG balancer.ContainerBalancerTask (ContainerBalancerTask.java:matchSourceWithTarget(708)) - ContainerBalancer is finding suitable target for source datanode 3c1147b5-6ea6-4e1f-895e-1acd7ab66b57
2023-09-07 14:19:58,145 [main] INFO  balancer.ContainerBalancerTask (ContainerBalancerTask.java:matchSourceWithTarget(722)) - ContainerBalancer matched source datanode 3c1147b5-6ea6-4e1f-895e-1acd7ab66b57 with target datanode befabdcd-ea33-4523-865e-dc7fdc36be1b for container move.
2023-09-07 14:19:58,145 [main] INFO  balancer.ContainerBalancerTask (ContainerBalancerTask.java:processMoveSelection(569)) - ContainerBalancer is trying to move container #52 with size 4294967296B from source datanode 3c1147b5-6ea6-4e1f-895e-1acd7ab66b57 to target datanode befabdcd-ea33-4523-865e-dc7fdc36be1b
2023-09-07 14:19:58,145 [main] DEBUG balancer.ContainerBalancerTask (ContainerBalancerTask.java:lambda$moveContainer$3(837)) - Container move completed for container #52 from source 3c1147b5-6ea6-4e1f-895e-1acd7ab66b57 to target befabdcd-ea33-4523-865e-dc7fdc36be1b
2023-09-07 14:19:58,148 [main] DEBUG balancer.ContainerBalancerTask (ContainerBalancerTask.java:matchSourceWithTarget(708)) - ContainerBalancer is finding suitable target for source datanode 66cb0cc7-5916-488e-8ed9-3fe32f1c34d1
2023-09-07 14:19:58,148 [main] INFO  balancer.ContainerBalancerTask (ContainerBalancerTask.java:matchSourceWithTarget(722)) - ContainerBalancer matched source datanode 66cb0cc7-5916-488e-8ed9-3fe32f1c34d1 with target datanode befabdcd-ea33-4523-865e-dc7fdc36be1b for container move.
2023-09-07 14:19:58,148 [main] INFO  balancer.ContainerBalancerTask (ContainerBalancerTask.java:processMoveSelection(569)) - ContainerBalancer is trying to move container #66 with size 3221225472B from source datanode 66cb0cc7-5916-488e-8ed9-3fe32f1c34d1 to target datanode befabdcd-ea33-4523-865e-dc7fdc36be1b
2023-09-07 14:19:58,148 [main] DEBUG balancer.ContainerBalancerTask (ContainerBalancerTask.java:lambda$moveContainer$3(837)) - Container move completed for container #66 from source 66cb0cc7-5916-488e-8ed9-3fe32f1c34d1 to target befabdcd-ea33-4523-865e-dc7fdc36be1b
2023-09-07 14:19:58,152 [main] DEBUG balancer.ContainerBalancerTask (ContainerBalancerTask.java:matchSourceWithTarget(708)) - ContainerBalancer is finding suitable target for source datanode 8a3ed174-abde-4c62-932a-f51f18c54b96
2023-09-07 14:19:58,152 [main] INFO  balancer.ContainerBalancerTask (ContainerBalancerTask.java:matchSourceWithTarget(722)) - ContainerBalancer matched source datanode 8a3ed174-abde-4c62-932a-f51f18c54b96 with target datanode befabdcd-ea33-4523-865e-dc7fdc36be1b for container move.
2023-09-07 14:19:58,152 [main] INFO  balancer.ContainerBalancerTask (ContainerBalancerTask.java:processMoveSelection(569)) - ContainerBalancer is trying to move container #88 with size 3221225472B from source datanode 8a3ed174-abde-4c62-932a-f51f18c54b96 to target datanode befabdcd-ea33-4523-865e-dc7fdc36be1b
2023-09-07 14:19:58,152 [main] DEBUG balancer.ContainerBalancerTask (ContainerBalancerTask.java:lambda$moveContainer$3(837)) - Container move completed for container #88 from source 8a3ed174-abde-4c62-932a-f51f18c54b96 to target befabdcd-ea33-4523-865e-dc7fdc36be1b
2023-09-07 14:19:58,155 [main] DEBUG balancer.ContainerBalancerTask (ContainerBalancerTask.java:matchSourceWithTarget(708)) - ContainerBalancer is finding suitable target for source datanode 3c1147b5-6ea6-4e1f-895e-1acd7ab66b57
2023-09-07 14:19:58,155 [main] INFO  balancer.ContainerBalancerTask (ContainerBalancerTask.java:matchSourceWithTarget(722)) - ContainerBalancer matched source datanode 3c1147b5-6ea6-4e1f-895e-1acd7ab66b57 with target datanode befabdcd-ea33-4523-865e-dc7fdc36be1b for container move.
2023-09-07 14:19:58,155 [main] INFO  balancer.ContainerBalancerTask (ContainerBalancerTask.java:processMoveSelection(569)) - ContainerBalancer is trying to move container #51 with size 3221225472B from source datanode 3c1147b5-6ea6-4e1f-895e-1acd7ab66b57 to target datanode befabdcd-ea33-4523-865e-dc7fdc36be1b
2023-09-07 14:19:58,155 [main] DEBUG balancer.ContainerBalancerTask (ContainerBalancerTask.java:lambda$moveContainer$3(837)) - Container move completed for container #51 from source 3c1147b5-6ea6-4e1f-895e-1acd7ab66b57 to target befabdcd-ea33-4523-865e-dc7fdc36be1b
2023-09-07 14:19:58,158 [main] DEBUG balancer.ContainerBalancerTask (ContainerBalancerTask.java:matchSourceWithTarget(708)) - ContainerBalancer is finding suitable target for source datanode 66cb0cc7-5916-488e-8ed9-3fe32f1c34d1
2023-09-07 14:19:58,158 [main] INFO  balancer.ContainerBalancerTask (ContainerBalancerTask.java:matchSourceWithTarget(722)) - ContainerBalancer matched source datanode 66cb0cc7-5916-488e-8ed9-3fe32f1c34d1 with target datanode dbb1d8ab-4f35-4faa-b97f-153aef470779 for container move.
2023-09-07 14:19:58,158 [main] INFO  balancer.ContainerBalancerTask (ContainerBalancerTask.java:processMoveSelection(569)) - ContainerBalancer is trying to move container #68 with size 5368709120B from source datanode 66cb0cc7-5916-488e-8ed9-3fe32f1c34d1 to target datanode dbb1d8ab-4f35-4faa-b97f-153aef470779
2023-09-07 14:19:58,158 [main] DEBUG balancer.ContainerBalancerTask (ContainerBalancerTask.java:lambda$moveContainer$3(837)) - Container move completed for container #68 from source 66cb0cc7-5916-488e-8ed9-3fe32f1c34d1 to target dbb1d8ab-4f35-4faa-b97f-153aef470779
2023-09-07 14:19:58,162 [main] DEBUG balancer.ContainerBalancerTask (ContainerBalancerTask.java:matchSourceWithTarget(708)) - ContainerBalancer is finding suitable target for source datanode 8a3ed174-abde-4c62-932a-f51f18c54b96
2023-09-07 14:19:58,162 [main] INFO  balancer.ContainerBalancerTask (ContainerBalancerTask.java:matchSourceWithTarget(722)) - ContainerBalancer matched source datanode 8a3ed174-abde-4c62-932a-f51f18c54b96 with target datanode befabdcd-ea33-4523-865e-dc7fdc36be1b for container move.
2023-09-07 14:19:58,162 [main] INFO  balancer.ContainerBalancerTask (ContainerBalancerTask.java:processMoveSelection(569)) - ContainerBalancer is trying to move container #83 with size 3221225472B from source datanode 8a3ed174-abde-4c62-932a-f51f18c54b96 to target datanode befabdcd-ea33-4523-865e-dc7fdc36be1b
2023-09-07 14:19:58,162 [main] DEBUG balancer.ContainerBalancerTask (ContainerBalancerTask.java:lambda$moveContainer$3(837)) - Container move completed for container #83 from source 8a3ed174-abde-4c62-932a-f51f18c54b96 to target befabdcd-ea33-4523-865e-dc7fdc36be1b
2023-09-07 14:19:58,165 [main] DEBUG balancer.ContainerBalancerTask (ContainerBalancerTask.java:matchSourceWithTarget(708)) - ContainerBalancer is finding suitable target for source datanode d9055e58-6ea3-4d93-8202-bacb5ebee3d9
2023-09-07 14:19:58,166 [main] INFO  balancer.ContainerBalancerTask (ContainerBalancerTask.java:matchSourceWithTarget(722)) - ContainerBalancer matched source datanode d9055e58-6ea3-4d93-8202-bacb5ebee3d9 with target datanode befabdcd-ea33-4523-865e-dc7fdc36be1b for container move.
2023-09-07 14:19:58,166 [main] INFO  balancer.ContainerBalancerTask (ContainerBalancerTask.java:processMoveSelection(569)) - ContainerBalancer is trying to move container #38 with size 3221225472B from source datanode d9055e58-6ea3-4d93-8202-bacb5ebee3d9 to target datanode befabdcd-ea33-4523-865e-dc7fdc36be1b
2023-09-07 14:19:58,166 [main] DEBUG balancer.ContainerBalancerTask (ContainerBalancerTask.java:lambda$moveContainer$3(837)) - Container move completed for container #38 from source d9055e58-6ea3-4d93-8202-bacb5ebee3d9 to target befabdcd-ea33-4523-865e-dc7fdc36be1b
2023-09-07 14:19:58,170 [main] DEBUG balancer.ContainerBalancerTask (ContainerBalancerTask.java:matchSourceWithTarget(708)) - ContainerBalancer is finding suitable target for source datanode 8a3ed174-abde-4c62-932a-f51f18c54b96
2023-09-07 14:19:58,170 [main] INFO  balancer.ContainerBalancerTask (ContainerBalancerTask.java:matchSourceWithTarget(722)) - ContainerBalancer matched source datanode 8a3ed174-abde-4c62-932a-f51f18c54b96 with target datanode befabdcd-ea33-4523-865e-dc7fdc36be1b for container move.
2023-09-07 14:19:58,170 [main] INFO  balancer.ContainerBalancerTask (ContainerBalancerTask.java:processMoveSelection(569)) - ContainerBalancer is trying to move container #86 with size 1073741824B from source datanode 8a3ed174-abde-4c62-932a-f51f18c54b96 to target datanode befabdcd-ea33-4523-865e-dc7fdc36be1b
2023-09-07 14:19:58,170 [main] DEBUG balancer.ContainerBalancerTask (ContainerBalancerTask.java:lambda$moveContainer$3(837)) - Container move completed for container #86 from source 8a3ed174-abde-4c62-932a-f51f18c54b96 to target befabdcd-ea33-4523-865e-dc7fdc36be1b
2023-09-07 14:19:58,170 [main] WARN  balancer.ContainerBalancerTask (ContainerBalancerTask.java:reachedMaxSizeToMovePerIteration(733)) - Reached max size to move limit. 53687091200 bytes have already been scheduled for balancing and the limit is 53687091200 bytes.
2023-09-07 14:19:58,170 [main] INFO  balancer.ContainerBalancerTask (ContainerBalancerTask.java:checkIterationMoveResults(642)) - Iteration Summary. Number of Datanodes involved: 7. Size moved: 50 GB (53687091200 Bytes). Number of Container moves completed: 14.
2023-09-07 14:19:58,170 [main] INFO  balancer.ContainerBalancerTask (ContainerBalancerTask.java:balance(259)) - Result of this iteration of Container Balancer: ITERATION_COMPLETED
2023-09-07 14:19:58,170 [main] INFO  balancer.ContainerBalancerTask (ContainerBalancerTask.java:tryStopWithSaveConfiguration(308)) - Save Configuration for stopping. Reason: Completed all iterations.
]]></system-out>
  </testcase>
  <testcase name="balancerShouldExcludeECContainersWhenLegacyRmIsEnabled" classname="org.apache.hadoop.hdds.scm.container.balancer.TestContainerBalancerTask" time="0.092">
    <system-out><![CDATA[2023-09-07 14:19:58,201 [main] INFO  net.NodeSchemaLoader (NodeSchemaLoader.java:loadSchemaFromFile(129)) - Loading schema from [file:/home/runner/work/ozone/ozone/hadoop-hdds/common/target/classes/network-topology-default.xml]
2023-09-07 14:19:58,201 [main] INFO  net.NodeSchemaLoader (NodeSchemaLoader.java:loadSchema(176)) - Loading network topology layer schema file
2023-09-07 14:19:58,202 [main] INFO  net.NetworkTopologyImpl (NetworkTopologyImpl.java:add(112)) - Added a new node: /default-rack/205a37c1-9c85-41d6-a79d-4d71b863f7f7
2023-09-07 14:19:58,202 [main] INFO  net.NetworkTopologyImpl (NetworkTopologyImpl.java:add(112)) - Added a new node: /default-rack/0cab3029-e13f-4b54-947f-5b0dc48de747
2023-09-07 14:19:58,202 [main] INFO  net.NetworkTopologyImpl (NetworkTopologyImpl.java:add(112)) - Added a new node: /default-rack/a91959ca-398d-4d27-8fd7-1976dbc530ae
2023-09-07 14:19:58,203 [main] INFO  net.NetworkTopologyImpl (NetworkTopologyImpl.java:add(112)) - Added a new node: /default-rack/0fa3559f-421c-471e-9019-8ba40ffbc92b
2023-09-07 14:19:58,203 [main] INFO  net.NetworkTopologyImpl (NetworkTopologyImpl.java:add(112)) - Added a new node: /default-rack/0421c6b3-ff02-47cd-87bd-4cb7d5dd71bc
2023-09-07 14:19:58,203 [main] INFO  net.NetworkTopologyImpl (NetworkTopologyImpl.java:add(112)) - Added a new node: /default-rack/889d998d-c56f-4ebb-a886-3cc2da6ae0b3
2023-09-07 14:19:58,203 [main] INFO  net.NetworkTopologyImpl (NetworkTopologyImpl.java:add(112)) - Added a new node: /default-rack/f79cf93e-bd6a-406c-a633-face633436c6
2023-09-07 14:19:58,203 [main] INFO  net.NetworkTopologyImpl (NetworkTopologyImpl.java:add(112)) - Added a new node: /default-rack/0b5acd7b-5419-4672-86be-eb3e8e88c51e
2023-09-07 14:19:58,203 [main] INFO  net.NetworkTopologyImpl (NetworkTopologyImpl.java:add(112)) - Added a new node: /default-rack/41c9f3fb-6653-4a1b-899f-fec90e201e72
2023-09-07 14:19:58,203 [main] INFO  net.NetworkTopologyImpl (NetworkTopologyImpl.java:add(112)) - Added a new node: /default-rack/d669b5cf-25bc-4198-8419-bbbcfbba23a3
2023-09-07 14:19:58,203 [main] INFO  algorithms.ContainerPlacementPolicyFactory (ContainerPlacementPolicyFactory.java:getPolicyInternal(86)) - Create container placement policy of type org.apache.hadoop.hdds.scm.container.placement.algorithms.SCMContainerPlacementRackAware
2023-09-07 14:19:58,203 [main] INFO  algorithms.ContainerPlacementPolicyFactory (ContainerPlacementPolicyFactory.java:getPolicyInternal(86)) - Create container placement policy of type org.apache.hadoop.hdds.scm.container.placement.algorithms.SCMContainerPlacementRackScatter
2023-09-07 14:19:58,206 [main] DEBUG balancer.ContainerBalancerTask (ContainerBalancerTask.java:initializeIteration(374)) - Average utilization of the cluster is 0.36791979949909037
2023-09-07 14:19:58,206 [main] DEBUG balancer.ContainerBalancerTask (ContainerBalancerTask.java:initializeIteration(386)) - Lower limit for utilization is 0.2679197994990904 and Upper limit for utilization is 0.46791979949909035
2023-09-07 14:19:58,206 [main] DEBUG balancer.ContainerBalancerTask (ContainerBalancerTask.java:initializeIteration(398)) - Utilization for node d669b5cf-25bc-4198-8419-bbbcfbba23a3 with capacity 68003648853B, used 61203283968B, and remaining 6800364885B is 0.9000000000044115
2023-09-07 14:19:58,206 [main] DEBUG balancer.ContainerBalancerTask (ContainerBalancerTask.java:initializeIteration(398)) - Utilization for node 889d998d-c56f-4ebb-a886-3cc2da6ae0b3 with capacity 69793218560B, used 55834574848B, and remaining 13958643712B is 0.8
2023-09-07 14:19:58,206 [main] DEBUG balancer.ContainerBalancerTask (ContainerBalancerTask.java:initializeIteration(398)) - Utilization for node 0cab3029-e13f-4b54-947f-5b0dc48de747 with capacity 64424509440B, used 45097156608B, and remaining 19327352832B is 0.7
2023-09-07 14:19:58,206 [main] DEBUG balancer.ContainerBalancerTask (ContainerBalancerTask.java:initializeIteration(398)) - Utilization for node 41c9f3fb-6653-4a1b-899f-fec90e201e72 with capacity 73372357973B, used 44023414784B, and remaining 29348943189B is 0.6000000000027258
2023-09-07 14:19:58,206 [main] DEBUG balancer.ContainerBalancerTask (ContainerBalancerTask.java:initializeIteration(398)) - Utilization for node f79cf93e-bd6a-406c-a633-face633436c6 with capacity 83751862272B, used 41875931136B, and remaining 41875931136B is 0.5
2023-09-07 14:19:58,206 [main] DEBUG balancer.ContainerBalancerTask (ContainerBalancerTask.java:initializeIteration(398)) - Utilization for node 0fa3559f-421c-471e-9019-8ba40ffbc92b with capacity 110058536960B, used 44023414784B, and remaining 66035122176B is 0.4
2023-09-07 14:19:58,207 [main] DEBUG balancer.ContainerBalancerTask (ContainerBalancerTask.java:initializeIteration(398)) - Utilization for node a91959ca-398d-4d27-8fd7-1976dbc530ae with capacity 121690740053B, used 36507222016B, and remaining 85183518037B is 0.3000000000008218
2023-09-07 14:19:58,207 [main] DEBUG balancer.ContainerBalancerTask (ContainerBalancerTask.java:initializeIteration(398)) - Utilization for node 0b5acd7b-5419-4672-86be-eb3e8e88c51e with capacity 220117073920B, used 44023414784B, and remaining 176093659136B is 0.2
2023-09-07 14:19:58,207 [main] DEBUG balancer.ContainerBalancerTask (ContainerBalancerTask.java:initializeIteration(398)) - Utilization for node 205a37c1-9c85-41d6-a79d-4d71b863f7f7 with capacity 214748364800B, used 21474836480B, and remaining 193273528320B is 0.1
2023-09-07 14:19:58,207 [main] DEBUG balancer.ContainerBalancerTask (ContainerBalancerTask.java:initializeIteration(398)) - Utilization for node 0421c6b3-ff02-47cd-87bd-4cb7d5dd71bc with capacity 45097156608B, used 0B, and remaining 45097156608B is 0.0
2023-09-07 14:19:58,207 [main] INFO  balancer.ContainerBalancerTask (ContainerBalancerTask.java:initializeIteration(447)) - Container Balancer has identified 5 Over-Utilized and 3 Under-Utilized Datanodes that need to be balanced.
2023-09-07 14:19:58,207 [main] DEBUG balancer.ContainerBalancerTask (ContainerBalancerTask.java:lambda$initializeIteration$1(453)) - Datanode localhost-128.234.250.226 d669b5cf-25bc-4198-8419-bbbcfbba23a3 is Over-Utilized.
2023-09-07 14:19:58,207 [main] DEBUG balancer.ContainerBalancerTask (ContainerBalancerTask.java:lambda$initializeIteration$1(453)) - Datanode localhost-147.64.238.109 889d998d-c56f-4ebb-a886-3cc2da6ae0b3 is Over-Utilized.
2023-09-07 14:19:58,207 [main] DEBUG balancer.ContainerBalancerTask (ContainerBalancerTask.java:lambda$initializeIteration$1(453)) - Datanode localhost-99.94.88.168 0cab3029-e13f-4b54-947f-5b0dc48de747 is Over-Utilized.
2023-09-07 14:19:58,207 [main] DEBUG balancer.ContainerBalancerTask (ContainerBalancerTask.java:lambda$initializeIteration$1(453)) - Datanode localhost-224.181.217.169 41c9f3fb-6653-4a1b-899f-fec90e201e72 is Over-Utilized.
2023-09-07 14:19:58,207 [main] DEBUG balancer.ContainerBalancerTask (ContainerBalancerTask.java:lambda$initializeIteration$1(453)) - Datanode localhost-227.2.90.8 f79cf93e-bd6a-406c-a633-face633436c6 is Over-Utilized.
2023-09-07 14:19:58,207 [main] DEBUG balancer.ContainerBalancerTask (ContainerBalancerTask.java:lambda$initializeIteration$2(459)) - Datanode localhost-48.36.19.40 0421c6b3-ff02-47cd-87bd-4cb7d5dd71bc is Under-Utilized.
2023-09-07 14:19:58,207 [main] DEBUG balancer.ContainerBalancerTask (ContainerBalancerTask.java:lambda$initializeIteration$2(459)) - Datanode localhost-130.134.225.181 205a37c1-9c85-41d6-a79d-4d71b863f7f7 is Under-Utilized.
2023-09-07 14:19:58,207 [main] DEBUG balancer.ContainerBalancerTask (ContainerBalancerTask.java:lambda$initializeIteration$2(459)) - Datanode localhost-15.132.202.66 0b5acd7b-5419-4672-86be-eb3e8e88c51e is Under-Utilized.
2023-09-07 14:19:58,216 [main] DEBUG balancer.ContainerBalancerTask (ContainerBalancerTask.java:matchSourceWithTarget(708)) - ContainerBalancer is finding suitable target for source datanode d669b5cf-25bc-4198-8419-bbbcfbba23a3
2023-09-07 14:19:58,216 [main] INFO  balancer.ContainerBalancerTask (ContainerBalancerTask.java:matchSourceWithTarget(722)) - ContainerBalancer matched source datanode d669b5cf-25bc-4198-8419-bbbcfbba23a3 with target datanode 0421c6b3-ff02-47cd-87bd-4cb7d5dd71bc for container move.
2023-09-07 14:19:58,216 [main] INFO  balancer.ContainerBalancerTask (ContainerBalancerTask.java:processMoveSelection(569)) - ContainerBalancer is trying to move container #84 with size 4294967296B from source datanode d669b5cf-25bc-4198-8419-bbbcfbba23a3 to target datanode 0421c6b3-ff02-47cd-87bd-4cb7d5dd71bc
2023-09-07 14:19:58,216 [main] DEBUG balancer.ContainerBalancerTask (ContainerBalancerTask.java:lambda$moveContainer$3(837)) - Container move completed for container #84 from source d669b5cf-25bc-4198-8419-bbbcfbba23a3 to target 0421c6b3-ff02-47cd-87bd-4cb7d5dd71bc
2023-09-07 14:19:58,220 [main] DEBUG balancer.ContainerBalancerTask (ContainerBalancerTask.java:matchSourceWithTarget(708)) - ContainerBalancer is finding suitable target for source datanode d669b5cf-25bc-4198-8419-bbbcfbba23a3
2023-09-07 14:19:58,220 [main] INFO  balancer.ContainerBalancerTask (ContainerBalancerTask.java:matchSourceWithTarget(722)) - ContainerBalancer matched source datanode d669b5cf-25bc-4198-8419-bbbcfbba23a3 with target datanode 0421c6b3-ff02-47cd-87bd-4cb7d5dd71bc for container move.
2023-09-07 14:19:58,220 [main] INFO  balancer.ContainerBalancerTask (ContainerBalancerTask.java:processMoveSelection(569)) - ContainerBalancer is trying to move container #88 with size 3221225472B from source datanode d669b5cf-25bc-4198-8419-bbbcfbba23a3 to target datanode 0421c6b3-ff02-47cd-87bd-4cb7d5dd71bc
2023-09-07 14:19:58,220 [main] DEBUG balancer.ContainerBalancerTask (ContainerBalancerTask.java:lambda$moveContainer$3(837)) - Container move completed for container #88 from source d669b5cf-25bc-4198-8419-bbbcfbba23a3 to target 0421c6b3-ff02-47cd-87bd-4cb7d5dd71bc
2023-09-07 14:19:58,223 [main] DEBUG balancer.ContainerBalancerTask (ContainerBalancerTask.java:matchSourceWithTarget(708)) - ContainerBalancer is finding suitable target for source datanode 889d998d-c56f-4ebb-a886-3cc2da6ae0b3
2023-09-07 14:19:58,223 [main] INFO  balancer.ContainerBalancerTask (ContainerBalancerTask.java:matchSourceWithTarget(722)) - ContainerBalancer matched source datanode 889d998d-c56f-4ebb-a886-3cc2da6ae0b3 with target datanode 205a37c1-9c85-41d6-a79d-4d71b863f7f7 for container move.
2023-09-07 14:19:58,223 [main] INFO  balancer.ContainerBalancerTask (ContainerBalancerTask.java:processMoveSelection(569)) - ContainerBalancer is trying to move container #40 with size 5368709120B from source datanode 889d998d-c56f-4ebb-a886-3cc2da6ae0b3 to target datanode 205a37c1-9c85-41d6-a79d-4d71b863f7f7
2023-09-07 14:19:58,223 [main] DEBUG balancer.ContainerBalancerTask (ContainerBalancerTask.java:lambda$moveContainer$3(837)) - Container move completed for container #40 from source 889d998d-c56f-4ebb-a886-3cc2da6ae0b3 to target 205a37c1-9c85-41d6-a79d-4d71b863f7f7
2023-09-07 14:19:58,227 [main] DEBUG balancer.ContainerBalancerTask (ContainerBalancerTask.java:matchSourceWithTarget(708)) - ContainerBalancer is finding suitable target for source datanode d669b5cf-25bc-4198-8419-bbbcfbba23a3
2023-09-07 14:19:58,227 [main] INFO  balancer.ContainerBalancerTask (ContainerBalancerTask.java:matchSourceWithTarget(722)) - ContainerBalancer matched source datanode d669b5cf-25bc-4198-8419-bbbcfbba23a3 with target datanode 205a37c1-9c85-41d6-a79d-4d71b863f7f7 for container move.
2023-09-07 14:19:58,227 [main] INFO  balancer.ContainerBalancerTask (ContainerBalancerTask.java:processMoveSelection(569)) - ContainerBalancer is trying to move container #82 with size 2147483648B from source datanode d669b5cf-25bc-4198-8419-bbbcfbba23a3 to target datanode 205a37c1-9c85-41d6-a79d-4d71b863f7f7
2023-09-07 14:19:58,227 [main] DEBUG balancer.ContainerBalancerTask (ContainerBalancerTask.java:lambda$moveContainer$3(837)) - Container move completed for container #82 from source d669b5cf-25bc-4198-8419-bbbcfbba23a3 to target 205a37c1-9c85-41d6-a79d-4d71b863f7f7
2023-09-07 14:19:58,230 [main] DEBUG balancer.ContainerBalancerTask (ContainerBalancerTask.java:matchSourceWithTarget(708)) - ContainerBalancer is finding suitable target for source datanode d669b5cf-25bc-4198-8419-bbbcfbba23a3
2023-09-07 14:19:58,231 [main] INFO  balancer.ContainerBalancerTask (ContainerBalancerTask.java:matchSourceWithTarget(722)) - ContainerBalancer matched source datanode d669b5cf-25bc-4198-8419-bbbcfbba23a3 with target datanode 205a37c1-9c85-41d6-a79d-4d71b863f7f7 for container move.
2023-09-07 14:19:58,231 [main] INFO  balancer.ContainerBalancerTask (ContainerBalancerTask.java:processMoveSelection(569)) - ContainerBalancer is trying to move container #70 with size 2147483648B from source datanode d669b5cf-25bc-4198-8419-bbbcfbba23a3 to target datanode 205a37c1-9c85-41d6-a79d-4d71b863f7f7
2023-09-07 14:19:58,231 [main] DEBUG balancer.ContainerBalancerTask (ContainerBalancerTask.java:lambda$moveContainer$3(837)) - Container move completed for container #70 from source d669b5cf-25bc-4198-8419-bbbcfbba23a3 to target 205a37c1-9c85-41d6-a79d-4d71b863f7f7
2023-09-07 14:19:58,234 [main] DEBUG balancer.ContainerBalancerTask (ContainerBalancerTask.java:matchSourceWithTarget(708)) - ContainerBalancer is finding suitable target for source datanode d669b5cf-25bc-4198-8419-bbbcfbba23a3
2023-09-07 14:19:58,234 [main] INFO  balancer.ContainerBalancerTask (ContainerBalancerTask.java:matchSourceWithTarget(722)) - ContainerBalancer matched source datanode d669b5cf-25bc-4198-8419-bbbcfbba23a3 with target datanode 205a37c1-9c85-41d6-a79d-4d71b863f7f7 for container move.
2023-09-07 14:19:58,234 [main] INFO  balancer.ContainerBalancerTask (ContainerBalancerTask.java:processMoveSelection(569)) - ContainerBalancer is trying to move container #86 with size 1073741824B from source datanode d669b5cf-25bc-4198-8419-bbbcfbba23a3 to target datanode 205a37c1-9c85-41d6-a79d-4d71b863f7f7
2023-09-07 14:19:58,234 [main] DEBUG balancer.ContainerBalancerTask (ContainerBalancerTask.java:lambda$moveContainer$3(837)) - Container move completed for container #86 from source d669b5cf-25bc-4198-8419-bbbcfbba23a3 to target 205a37c1-9c85-41d6-a79d-4d71b863f7f7
2023-09-07 14:19:58,238 [main] DEBUG balancer.ContainerBalancerTask (ContainerBalancerTask.java:matchSourceWithTarget(708)) - ContainerBalancer is finding suitable target for source datanode 889d998d-c56f-4ebb-a886-3cc2da6ae0b3
2023-09-07 14:19:58,238 [main] INFO  balancer.ContainerBalancerTask (ContainerBalancerTask.java:matchSourceWithTarget(722)) - ContainerBalancer matched source datanode 889d998d-c56f-4ebb-a886-3cc2da6ae0b3 with target datanode 0421c6b3-ff02-47cd-87bd-4cb7d5dd71bc for container move.
2023-09-07 14:19:58,238 [main] INFO  balancer.ContainerBalancerTask (ContainerBalancerTask.java:processMoveSelection(569)) - ContainerBalancer is trying to move container #66 with size 3221225472B from source datanode 889d998d-c56f-4ebb-a886-3cc2da6ae0b3 to target datanode 0421c6b3-ff02-47cd-87bd-4cb7d5dd71bc
2023-09-07 14:19:58,238 [main] DEBUG balancer.ContainerBalancerTask (ContainerBalancerTask.java:lambda$moveContainer$3(837)) - Container move completed for container #66 from source 889d998d-c56f-4ebb-a886-3cc2da6ae0b3 to target 0421c6b3-ff02-47cd-87bd-4cb7d5dd71bc
2023-09-07 14:19:58,242 [main] DEBUG balancer.ContainerBalancerTask (ContainerBalancerTask.java:matchSourceWithTarget(708)) - ContainerBalancer is finding suitable target for source datanode d669b5cf-25bc-4198-8419-bbbcfbba23a3
2023-09-07 14:19:58,242 [main] INFO  balancer.ContainerBalancerTask (ContainerBalancerTask.java:matchSourceWithTarget(722)) - ContainerBalancer matched source datanode d669b5cf-25bc-4198-8419-bbbcfbba23a3 with target datanode 0b5acd7b-5419-4672-86be-eb3e8e88c51e for container move.
2023-09-07 14:19:58,242 [main] INFO  balancer.ContainerBalancerTask (ContainerBalancerTask.java:processMoveSelection(569)) - ContainerBalancer is trying to move container #50 with size 2147483648B from source datanode d669b5cf-25bc-4198-8419-bbbcfbba23a3 to target datanode 0b5acd7b-5419-4672-86be-eb3e8e88c51e
2023-09-07 14:19:58,242 [main] DEBUG balancer.ContainerBalancerTask (ContainerBalancerTask.java:lambda$moveContainer$3(837)) - Container move completed for container #50 from source d669b5cf-25bc-4198-8419-bbbcfbba23a3 to target 0b5acd7b-5419-4672-86be-eb3e8e88c51e
2023-09-07 14:19:58,244 [main] DEBUG balancer.ContainerBalancerTask (ContainerBalancerTask.java:matchSourceWithTarget(708)) - ContainerBalancer is finding suitable target for source datanode 0cab3029-e13f-4b54-947f-5b0dc48de747
2023-09-07 14:19:58,245 [main] INFO  balancer.ContainerBalancerTask (ContainerBalancerTask.java:matchSourceWithTarget(722)) - ContainerBalancer matched source datanode 0cab3029-e13f-4b54-947f-5b0dc48de747 with target datanode 0b5acd7b-5419-4672-86be-eb3e8e88c51e for container move.
2023-09-07 14:19:58,245 [main] INFO  balancer.ContainerBalancerTask (ContainerBalancerTask.java:processMoveSelection(569)) - ContainerBalancer is trying to move container #68 with size 5368709120B from source datanode 0cab3029-e13f-4b54-947f-5b0dc48de747 to target datanode 0b5acd7b-5419-4672-86be-eb3e8e88c51e
2023-09-07 14:19:58,245 [main] DEBUG balancer.ContainerBalancerTask (ContainerBalancerTask.java:lambda$moveContainer$3(837)) - Container move completed for container #68 from source 0cab3029-e13f-4b54-947f-5b0dc48de747 to target 0b5acd7b-5419-4672-86be-eb3e8e88c51e
2023-09-07 14:19:58,248 [main] DEBUG balancer.ContainerBalancerTask (ContainerBalancerTask.java:matchSourceWithTarget(708)) - ContainerBalancer is finding suitable target for source datanode d669b5cf-25bc-4198-8419-bbbcfbba23a3
2023-09-07 14:19:58,248 [main] INFO  balancer.ContainerBalancerTask (ContainerBalancerTask.java:matchSourceWithTarget(722)) - ContainerBalancer matched source datanode d669b5cf-25bc-4198-8419-bbbcfbba23a3 with target datanode 0b5acd7b-5419-4672-86be-eb3e8e88c51e for container move.
2023-09-07 14:19:58,248 [main] INFO  balancer.ContainerBalancerTask (ContainerBalancerTask.java:processMoveSelection(569)) - ContainerBalancer is trying to move container #64 with size 1073741824B from source datanode d669b5cf-25bc-4198-8419-bbbcfbba23a3 to target datanode 0b5acd7b-5419-4672-86be-eb3e8e88c51e
2023-09-07 14:19:58,249 [main] DEBUG balancer.ContainerBalancerTask (ContainerBalancerTask.java:lambda$moveContainer$3(837)) - Container move completed for container #64 from source d669b5cf-25bc-4198-8419-bbbcfbba23a3 to target 0b5acd7b-5419-4672-86be-eb3e8e88c51e
2023-09-07 14:19:58,252 [main] DEBUG balancer.ContainerBalancerTask (ContainerBalancerTask.java:matchSourceWithTarget(708)) - ContainerBalancer is finding suitable target for source datanode 889d998d-c56f-4ebb-a886-3cc2da6ae0b3
2023-09-07 14:19:58,253 [main] INFO  balancer.ContainerBalancerTask (ContainerBalancerTask.java:matchSourceWithTarget(722)) - ContainerBalancer matched source datanode 889d998d-c56f-4ebb-a886-3cc2da6ae0b3 with target datanode 0b5acd7b-5419-4672-86be-eb3e8e88c51e for container move.
2023-09-07 14:19:58,253 [main] INFO  balancer.ContainerBalancerTask (ContainerBalancerTask.java:processMoveSelection(569)) - ContainerBalancer is trying to move container #16 with size 1073741824B from source datanode 889d998d-c56f-4ebb-a886-3cc2da6ae0b3 to target datanode 0b5acd7b-5419-4672-86be-eb3e8e88c51e
2023-09-07 14:19:58,253 [main] DEBUG balancer.ContainerBalancerTask (ContainerBalancerTask.java:lambda$moveContainer$3(837)) - Container move completed for container #16 from source 889d998d-c56f-4ebb-a886-3cc2da6ae0b3 to target 0b5acd7b-5419-4672-86be-eb3e8e88c51e
2023-09-07 14:19:58,256 [main] DEBUG balancer.ContainerBalancerTask (ContainerBalancerTask.java:matchSourceWithTarget(701)) - ContainerBalancer could not find any candidate containers for datanode d669b5cf-25bc-4198-8419-bbbcfbba23a3
2023-09-07 14:19:58,260 [main] DEBUG balancer.ContainerBalancerTask (ContainerBalancerTask.java:matchSourceWithTarget(708)) - ContainerBalancer is finding suitable target for source datanode 889d998d-c56f-4ebb-a886-3cc2da6ae0b3
2023-09-07 14:19:58,260 [main] INFO  balancer.FindTargetGreedyByUsageInfo (AbstractFindTargetGreedy.java:findTargetForContainerMove(133)) - Container Balancer could not find a target for source datanode 889d998d-c56f-4ebb-a886-3cc2da6ae0b3
2023-09-07 14:19:58,260 [main] DEBUG balancer.ContainerBalancerTask (ContainerBalancerTask.java:matchSourceWithTarget(717)) - ContainerBalancer could not find a suitable target for source node 889d998d-c56f-4ebb-a886-3cc2da6ae0b3.
2023-09-07 14:19:58,263 [main] DEBUG balancer.ContainerBalancerTask (ContainerBalancerTask.java:matchSourceWithTarget(708)) - ContainerBalancer is finding suitable target for source datanode 0cab3029-e13f-4b54-947f-5b0dc48de747
2023-09-07 14:19:58,263 [main] INFO  balancer.ContainerBalancerTask (ContainerBalancerTask.java:matchSourceWithTarget(722)) - ContainerBalancer matched source datanode 0cab3029-e13f-4b54-947f-5b0dc48de747 with target datanode 0b5acd7b-5419-4672-86be-eb3e8e88c51e for container move.
2023-09-07 14:19:58,263 [main] INFO  balancer.ContainerBalancerTask (ContainerBalancerTask.java:processMoveSelection(569)) - ContainerBalancer is trying to move container #36 with size 1073741824B from source datanode 0cab3029-e13f-4b54-947f-5b0dc48de747 to target datanode 0b5acd7b-5419-4672-86be-eb3e8e88c51e
2023-09-07 14:19:58,263 [main] DEBUG balancer.ContainerBalancerTask (ContainerBalancerTask.java:lambda$moveContainer$3(837)) - Container move completed for container #36 from source 0cab3029-e13f-4b54-947f-5b0dc48de747 to target 0b5acd7b-5419-4672-86be-eb3e8e88c51e
2023-09-07 14:19:58,266 [main] DEBUG balancer.ContainerBalancerTask (ContainerBalancerTask.java:matchSourceWithTarget(708)) - ContainerBalancer is finding suitable target for source datanode 41c9f3fb-6653-4a1b-899f-fec90e201e72
2023-09-07 14:19:58,266 [main] INFO  balancer.FindTargetGreedyByUsageInfo (AbstractFindTargetGreedy.java:findTargetForContainerMove(133)) - Container Balancer could not find a target for source datanode 41c9f3fb-6653-4a1b-899f-fec90e201e72
2023-09-07 14:19:58,266 [main] DEBUG balancer.ContainerBalancerTask (ContainerBalancerTask.java:matchSourceWithTarget(717)) - ContainerBalancer could not find a suitable target for source node 41c9f3fb-6653-4a1b-899f-fec90e201e72.
2023-09-07 14:19:58,269 [main] DEBUG balancer.ContainerBalancerTask (ContainerBalancerTask.java:matchSourceWithTarget(708)) - ContainerBalancer is finding suitable target for source datanode 0cab3029-e13f-4b54-947f-5b0dc48de747
2023-09-07 14:19:58,269 [main] INFO  balancer.FindTargetGreedyByUsageInfo (AbstractFindTargetGreedy.java:findTargetForContainerMove(133)) - Container Balancer could not find a target for source datanode 0cab3029-e13f-4b54-947f-5b0dc48de747
2023-09-07 14:19:58,269 [main] DEBUG balancer.ContainerBalancerTask (ContainerBalancerTask.java:matchSourceWithTarget(717)) - ContainerBalancer could not find a suitable target for source node 0cab3029-e13f-4b54-947f-5b0dc48de747.
2023-09-07 14:19:58,272 [main] DEBUG balancer.ContainerBalancerTask (ContainerBalancerTask.java:matchSourceWithTarget(708)) - ContainerBalancer is finding suitable target for source datanode f79cf93e-bd6a-406c-a633-face633436c6
2023-09-07 14:19:58,272 [main] INFO  balancer.FindTargetGreedyByUsageInfo (AbstractFindTargetGreedy.java:findTargetForContainerMove(133)) - Container Balancer could not find a target for source datanode f79cf93e-bd6a-406c-a633-face633436c6
2023-09-07 14:19:58,272 [main] DEBUG balancer.ContainerBalancerTask (ContainerBalancerTask.java:matchSourceWithTarget(717)) - ContainerBalancer could not find a suitable target for source node f79cf93e-bd6a-406c-a633-face633436c6.
2023-09-07 14:19:58,272 [main] INFO  balancer.FindSourceGreedy (FindSourceGreedy.java:getNextCandidateSourceDataNode(126)) - no more candidate source data node
2023-09-07 14:19:58,272 [main] INFO  balancer.ContainerBalancerTask (ContainerBalancerTask.java:checkIterationMoveResults(642)) - Iteration Summary. Number of Datanodes involved: 6. Size moved: 30 GB (32212254720 Bytes). Number of Container moves completed: 12.
2023-09-07 14:19:58,272 [main] INFO  balancer.ContainerBalancerTask (ContainerBalancerTask.java:balance(259)) - Result of this iteration of Container Balancer: ITERATION_COMPLETED
2023-09-07 14:19:58,272 [main] INFO  balancer.ContainerBalancerTask (ContainerBalancerTask.java:tryStopWithSaveConfiguration(308)) - Save Configuration for stopping. Reason: Completed all iterations.
]]></system-out>
  </testcase>
  <testcase name="testMetrics" classname="org.apache.hadoop.hdds.scm.container.balancer.TestContainerBalancerTask" time="0.039">
    <system-out><![CDATA[2023-09-07 14:19:58,296 [main] INFO  net.NodeSchemaLoader (NodeSchemaLoader.java:loadSchemaFromFile(129)) - Loading schema from [file:/home/runner/work/ozone/ozone/hadoop-hdds/common/target/classes/network-topology-default.xml]
2023-09-07 14:19:58,296 [main] INFO  net.NodeSchemaLoader (NodeSchemaLoader.java:loadSchema(176)) - Loading network topology layer schema file
2023-09-07 14:19:58,297 [main] INFO  net.NetworkTopologyImpl (NetworkTopologyImpl.java:add(112)) - Added a new node: /default-rack/605ca334-5c26-4143-88a4-2c480883d7a6
2023-09-07 14:19:58,297 [main] INFO  net.NetworkTopologyImpl (NetworkTopologyImpl.java:add(112)) - Added a new node: /default-rack/1bcf191e-4b5c-4731-aa42-6b308060865b
2023-09-07 14:19:58,298 [main] INFO  net.NetworkTopologyImpl (NetworkTopologyImpl.java:add(112)) - Added a new node: /default-rack/cffde9ba-f035-42e9-becb-c32784ca4d68
2023-09-07 14:19:58,298 [main] INFO  net.NetworkTopologyImpl (NetworkTopologyImpl.java:add(112)) - Added a new node: /default-rack/6f5e0060-842c-4293-801e-489bab166b74
2023-09-07 14:19:58,298 [main] INFO  net.NetworkTopologyImpl (NetworkTopologyImpl.java:add(112)) - Added a new node: /default-rack/86f7d77b-30f6-400d-9bd3-b3138c232982
2023-09-07 14:19:58,298 [main] INFO  net.NetworkTopologyImpl (NetworkTopologyImpl.java:add(112)) - Added a new node: /default-rack/34b28a1f-33c8-4aca-bfcd-2edc2f523176
2023-09-07 14:19:58,298 [main] INFO  net.NetworkTopologyImpl (NetworkTopologyImpl.java:add(112)) - Added a new node: /default-rack/5b44ff36-3e92-4500-a4eb-39ba8283ece8
2023-09-07 14:19:58,298 [main] INFO  net.NetworkTopologyImpl (NetworkTopologyImpl.java:add(112)) - Added a new node: /default-rack/c69bb2bd-afb7-4b7d-a178-2469b0c20803
2023-09-07 14:19:58,298 [main] INFO  net.NetworkTopologyImpl (NetworkTopologyImpl.java:add(112)) - Added a new node: /default-rack/4fb6783e-3eef-4e06-88d8-6d09aa5b6b34
2023-09-07 14:19:58,298 [main] INFO  net.NetworkTopologyImpl (NetworkTopologyImpl.java:add(112)) - Added a new node: /default-rack/7a826fe0-1749-4b7d-88c5-eebc2d197cf9
2023-09-07 14:19:58,298 [main] INFO  algorithms.ContainerPlacementPolicyFactory (ContainerPlacementPolicyFactory.java:getPolicyInternal(86)) - Create container placement policy of type org.apache.hadoop.hdds.scm.container.placement.algorithms.SCMContainerPlacementRackAware
2023-09-07 14:19:58,298 [main] INFO  algorithms.ContainerPlacementPolicyFactory (ContainerPlacementPolicyFactory.java:getPolicyInternal(86)) - Create container placement policy of type org.apache.hadoop.hdds.scm.container.placement.algorithms.SCMContainerPlacementRackScatter
2023-09-07 14:19:58,302 [main] DEBUG balancer.ContainerBalancerTask (ContainerBalancerTask.java:initializeIteration(374)) - Average utilization of the cluster is 0.330862697448809
2023-09-07 14:19:58,302 [main] DEBUG balancer.ContainerBalancerTask (ContainerBalancerTask.java:initializeIteration(386)) - Lower limit for utilization is 0.23086269744880897 and Upper limit for utilization is 0.430862697448809
2023-09-07 14:19:58,302 [main] DEBUG balancer.ContainerBalancerTask (ContainerBalancerTask.java:initializeIteration(398)) - Utilization for node cffde9ba-f035-42e9-becb-c32784ca4d68 with capacity 57266230613B, used 51539607552B, and remaining 5726623061B is 0.9000000000052387
2023-09-07 14:19:58,302 [main] DEBUG balancer.ContainerBalancerTask (ContainerBalancerTask.java:initializeIteration(398)) - Utilization for node 1bcf191e-4b5c-4731-aa42-6b308060865b with capacity 56371445760B, used 45097156608B, and remaining 11274289152B is 0.8
2023-09-07 14:19:58,302 [main] DEBUG balancer.ContainerBalancerTask (ContainerBalancerTask.java:initializeIteration(398)) - Utilization for node 7a826fe0-1749-4b7d-88c5-eebc2d197cf9 with capacity 81297595245B, used 56908316672B, and remaining 24389278573B is 0.7000000000061503
2023-09-07 14:19:58,302 [main] DEBUG balancer.ContainerBalancerTask (ContainerBalancerTask.java:initializeIteration(398)) - Utilization for node 86f7d77b-30f6-400d-9bd3-b3138c232982 with capacity 62634939733B, used 37580963840B, and remaining 25053975893B is 0.6000000000031931
2023-09-07 14:19:58,302 [main] DEBUG balancer.ContainerBalancerTask (ContainerBalancerTask.java:initializeIteration(398)) - Utilization for node c69bb2bd-afb7-4b7d-a178-2469b0c20803 with capacity 98784247808B, used 49392123904B, and remaining 49392123904B is 0.5
2023-09-07 14:19:58,302 [main] DEBUG balancer.ContainerBalancerTask (ContainerBalancerTask.java:initializeIteration(398)) - Utilization for node 4fb6783e-3eef-4e06-88d8-6d09aa5b6b34 with capacity 136902082560B, used 54760833024B, and remaining 82141249536B is 0.4
2023-09-07 14:19:58,302 [main] DEBUG balancer.ContainerBalancerTask (ContainerBalancerTask.java:initializeIteration(398)) - Utilization for node 5b44ff36-3e92-4500-a4eb-39ba8283ece8 with capacity 153902994773B, used 46170898432B, and remaining 107732096341B is 0.30000000000064975
2023-09-07 14:19:58,302 [main] DEBUG balancer.ContainerBalancerTask (ContainerBalancerTask.java:initializeIteration(398)) - Utilization for node 6f5e0060-842c-4293-801e-489bab166b74 with capacity 193273528320B, used 38654705664B, and remaining 154618822656B is 0.2
2023-09-07 14:19:58,302 [main] DEBUG balancer.ContainerBalancerTask (ContainerBalancerTask.java:initializeIteration(398)) - Utilization for node 605ca334-5c26-4143-88a4-2c480883d7a6 with capacity 375809638400B, used 37580963840B, and remaining 338228674560B is 0.1
2023-09-07 14:19:58,303 [main] DEBUG balancer.ContainerBalancerTask (ContainerBalancerTask.java:initializeIteration(398)) - Utilization for node 34b28a1f-33c8-4aca-bfcd-2edc2f523176 with capacity 46170898432B, used 0B, and remaining 46170898432B is 0.0
2023-09-07 14:19:58,303 [main] INFO  balancer.ContainerBalancerTask (ContainerBalancerTask.java:initializeIteration(447)) - Container Balancer has identified 5 Over-Utilized and 3 Under-Utilized Datanodes that need to be balanced.
2023-09-07 14:19:58,303 [main] DEBUG balancer.ContainerBalancerTask (ContainerBalancerTask.java:lambda$initializeIteration$1(453)) - Datanode localhost-172.5.19.42 cffde9ba-f035-42e9-becb-c32784ca4d68 is Over-Utilized.
2023-09-07 14:19:58,303 [main] DEBUG balancer.ContainerBalancerTask (ContainerBalancerTask.java:lambda$initializeIteration$1(453)) - Datanode localhost-153.80.207.77 1bcf191e-4b5c-4731-aa42-6b308060865b is Over-Utilized.
2023-09-07 14:19:58,303 [main] DEBUG balancer.ContainerBalancerTask (ContainerBalancerTask.java:lambda$initializeIteration$1(453)) - Datanode localhost-103.191.118.151 7a826fe0-1749-4b7d-88c5-eebc2d197cf9 is Over-Utilized.
2023-09-07 14:19:58,303 [main] DEBUG balancer.ContainerBalancerTask (ContainerBalancerTask.java:lambda$initializeIteration$1(453)) - Datanode localhost-74.41.134.131 86f7d77b-30f6-400d-9bd3-b3138c232982 is Over-Utilized.
2023-09-07 14:19:58,303 [main] DEBUG balancer.ContainerBalancerTask (ContainerBalancerTask.java:lambda$initializeIteration$1(453)) - Datanode localhost-184.221.254.132 c69bb2bd-afb7-4b7d-a178-2469b0c20803 is Over-Utilized.
2023-09-07 14:19:58,303 [main] DEBUG balancer.ContainerBalancerTask (ContainerBalancerTask.java:lambda$initializeIteration$2(459)) - Datanode localhost-47.202.185.181 34b28a1f-33c8-4aca-bfcd-2edc2f523176 is Under-Utilized.
2023-09-07 14:19:58,303 [main] DEBUG balancer.ContainerBalancerTask (ContainerBalancerTask.java:lambda$initializeIteration$2(459)) - Datanode localhost-147.16.100.150 605ca334-5c26-4143-88a4-2c480883d7a6 is Under-Utilized.
2023-09-07 14:19:58,303 [main] DEBUG balancer.ContainerBalancerTask (ContainerBalancerTask.java:lambda$initializeIteration$2(459)) - Datanode localhost-77.209.164.30 6f5e0060-842c-4293-801e-489bab166b74 is Under-Utilized.
2023-09-07 14:19:58,306 [main] DEBUG balancer.ContainerBalancerTask (ContainerBalancerTask.java:matchSourceWithTarget(708)) - ContainerBalancer is finding suitable target for source datanode cffde9ba-f035-42e9-becb-c32784ca4d68
2023-09-07 14:19:58,306 [main] INFO  balancer.ContainerBalancerTask (ContainerBalancerTask.java:matchSourceWithTarget(722)) - ContainerBalancer matched source datanode cffde9ba-f035-42e9-becb-c32784ca4d68 with target datanode 34b28a1f-33c8-4aca-bfcd-2edc2f523176 for container move.
2023-09-07 14:19:58,306 [main] INFO  balancer.ContainerBalancerTask (ContainerBalancerTask.java:processMoveSelection(569)) - ContainerBalancer is trying to move container #85 with size 5368709120B from source datanode cffde9ba-f035-42e9-becb-c32784ca4d68 to target datanode 34b28a1f-33c8-4aca-bfcd-2edc2f523176
2023-09-07 14:19:58,307 [main] WARN  balancer.ContainerBalancerTask (ContainerBalancerTask.java:lambda$moveContainer$3(842)) - Container move for container #85 from source cffde9ba-f035-42e9-becb-c32784ca4d68 to target 34b28a1f-33c8-4aca-bfcd-2edc2f523176 failed: REPLICATION_FAIL_NODE_UNHEALTHY
2023-09-07 14:19:58,309 [main] DEBUG balancer.ContainerBalancerTask (ContainerBalancerTask.java:matchSourceWithTarget(708)) - ContainerBalancer is finding suitable target for source datanode 1bcf191e-4b5c-4731-aa42-6b308060865b
2023-09-07 14:19:58,309 [main] INFO  balancer.ContainerBalancerTask (ContainerBalancerTask.java:matchSourceWithTarget(722)) - ContainerBalancer matched source datanode 1bcf191e-4b5c-4731-aa42-6b308060865b with target datanode 34b28a1f-33c8-4aca-bfcd-2edc2f523176 for container move.
2023-09-07 14:19:58,309 [main] INFO  balancer.ContainerBalancerTask (ContainerBalancerTask.java:processMoveSelection(569)) - ContainerBalancer is trying to move container #68 with size 5368709120B from source datanode 1bcf191e-4b5c-4731-aa42-6b308060865b to target datanode 34b28a1f-33c8-4aca-bfcd-2edc2f523176
2023-09-07 14:19:58,309 [main] DEBUG balancer.ContainerBalancerTask (ContainerBalancerTask.java:lambda$moveContainer$3(837)) - Container move completed for container #68 from source 1bcf191e-4b5c-4731-aa42-6b308060865b to target 34b28a1f-33c8-4aca-bfcd-2edc2f523176
2023-09-07 14:19:58,312 [main] DEBUG balancer.ContainerBalancerTask (ContainerBalancerTask.java:matchSourceWithTarget(708)) - ContainerBalancer is finding suitable target for source datanode 1bcf191e-4b5c-4731-aa42-6b308060865b
2023-09-07 14:19:58,312 [main] INFO  balancer.ContainerBalancerTask (ContainerBalancerTask.java:matchSourceWithTarget(722)) - ContainerBalancer matched source datanode 1bcf191e-4b5c-4731-aa42-6b308060865b with target datanode 605ca334-5c26-4143-88a4-2c480883d7a6 for container move.
2023-09-07 14:19:58,312 [main] INFO  balancer.ContainerBalancerTask (ContainerBalancerTask.java:processMoveSelection(569)) - ContainerBalancer is trying to move container #25 with size 1073741824B from source datanode 1bcf191e-4b5c-4731-aa42-6b308060865b to target datanode 605ca334-5c26-4143-88a4-2c480883d7a6
2023-09-07 14:19:58,313 [main] DEBUG balancer.ContainerBalancerTask (ContainerBalancerTask.java:lambda$moveContainer$3(837)) - Container move completed for container #25 from source 1bcf191e-4b5c-4731-aa42-6b308060865b to target 605ca334-5c26-4143-88a4-2c480883d7a6
2023-09-07 14:19:58,313 [main] WARN  balancer.ContainerBalancerTask (ContainerBalancerTask.java:reachedMaxSizeToMovePerIteration(733)) - Reached max size to move limit. 6442450944 bytes have already been scheduled for balancing and the limit is 6442450944 bytes.
2023-09-07 14:19:58,313 [main] INFO  balancer.ContainerBalancerTask (ContainerBalancerTask.java:checkIterationMoveResults(642)) - Iteration Summary. Number of Datanodes involved: 3. Size moved: 6 GB (6442450944 Bytes). Number of Container moves completed: 2.
2023-09-07 14:19:58,313 [main] INFO  balancer.ContainerBalancerTask (ContainerBalancerTask.java:balance(259)) - Result of this iteration of Container Balancer: ITERATION_COMPLETED
2023-09-07 14:19:58,313 [main] INFO  balancer.ContainerBalancerTask (ContainerBalancerTask.java:tryStopWithSaveConfiguration(308)) - Save Configuration for stopping. Reason: Completed all iterations.
]]></system-out>
  </testcase>
  <testcase name="balancerShouldNotSelectConfiguredExcludeContainers" classname="org.apache.hadoop.hdds.scm.container.balancer.TestContainerBalancerTask" time="0.107">
    <system-out><![CDATA[2023-09-07 14:19:58,335 [main] INFO  net.NodeSchemaLoader (NodeSchemaLoader.java:loadSchemaFromFile(129)) - Loading schema from [file:/home/runner/work/ozone/ozone/hadoop-hdds/common/target/classes/network-topology-default.xml]
2023-09-07 14:19:58,336 [main] INFO  net.NodeSchemaLoader (NodeSchemaLoader.java:loadSchema(176)) - Loading network topology layer schema file
2023-09-07 14:19:58,337 [main] INFO  net.NetworkTopologyImpl (NetworkTopologyImpl.java:add(112)) - Added a new node: /default-rack/96dc83a8-2cda-41c0-a322-13cc0e3465b4
2023-09-07 14:19:58,337 [main] INFO  net.NetworkTopologyImpl (NetworkTopologyImpl.java:add(112)) - Added a new node: /default-rack/500337ee-6f2d-4b67-aa23-e6e4c15a9b5e
2023-09-07 14:19:58,338 [main] INFO  net.NetworkTopologyImpl (NetworkTopologyImpl.java:add(112)) - Added a new node: /default-rack/7a9e7bdc-378d-41f6-b38c-71dcbbe7c896
2023-09-07 14:19:58,338 [main] INFO  net.NetworkTopologyImpl (NetworkTopologyImpl.java:add(112)) - Added a new node: /default-rack/167a6b94-313b-44bc-ab38-5bdb87cf3b1c
2023-09-07 14:19:58,338 [main] INFO  net.NetworkTopologyImpl (NetworkTopologyImpl.java:add(112)) - Added a new node: /default-rack/c234b7a0-a850-4a1e-a980-0631e56b5949
2023-09-07 14:19:58,338 [main] INFO  net.NetworkTopologyImpl (NetworkTopologyImpl.java:add(112)) - Added a new node: /default-rack/8e254c12-41f7-4de0-aa9b-17685f6753f8
2023-09-07 14:19:58,338 [main] INFO  net.NetworkTopologyImpl (NetworkTopologyImpl.java:add(112)) - Added a new node: /default-rack/aebb9902-6c33-4235-b76a-c73e83a41621
2023-09-07 14:19:58,338 [main] INFO  net.NetworkTopologyImpl (NetworkTopologyImpl.java:add(112)) - Added a new node: /default-rack/aa8c68a9-0512-42ad-9c91-68ac17280b21
2023-09-07 14:19:58,338 [main] INFO  net.NetworkTopologyImpl (NetworkTopologyImpl.java:add(112)) - Added a new node: /default-rack/7ec10029-8772-40ab-a531-85d36994f509
2023-09-07 14:19:58,338 [main] INFO  net.NetworkTopologyImpl (NetworkTopologyImpl.java:add(112)) - Added a new node: /default-rack/e6d7eb2f-4418-418a-ab0e-78d2d4e33acb
2023-09-07 14:19:58,338 [main] INFO  algorithms.ContainerPlacementPolicyFactory (ContainerPlacementPolicyFactory.java:getPolicyInternal(86)) - Create container placement policy of type org.apache.hadoop.hdds.scm.container.placement.algorithms.SCMContainerPlacementRackAware
2023-09-07 14:19:58,338 [main] INFO  algorithms.ContainerPlacementPolicyFactory (ContainerPlacementPolicyFactory.java:getPolicyInternal(86)) - Create container placement policy of type org.apache.hadoop.hdds.scm.container.placement.algorithms.SCMContainerPlacementRackScatter
2023-09-07 14:19:58,341 [main] DEBUG balancer.ContainerBalancerTask (ContainerBalancerTask.java:initializeIteration(374)) - Average utilization of the cluster is 0.3883319684866802
2023-09-07 14:19:58,341 [main] DEBUG balancer.ContainerBalancerTask (ContainerBalancerTask.java:initializeIteration(386)) - Lower limit for utilization is 0.2883319684866802 and Upper limit for utilization is 0.48833196848668026
2023-09-07 14:19:58,341 [main] DEBUG balancer.ContainerBalancerTask (ContainerBalancerTask.java:initializeIteration(398)) - Utilization for node e6d7eb2f-4418-418a-ab0e-78d2d4e33acb with capacity 72775834737B, used 65498251264B, and remaining 7277583473B is 0.9000000000096186
2023-09-07 14:19:58,341 [main] DEBUG balancer.ContainerBalancerTask (ContainerBalancerTask.java:initializeIteration(398)) - Utilization for node 7ec10029-8772-40ab-a531-85d36994f509 with capacity 63082332160B, used 50465865728B, and remaining 12616466432B is 0.8
2023-09-07 14:19:58,341 [main] DEBUG balancer.ContainerBalancerTask (ContainerBalancerTask.java:initializeIteration(398)) - Utilization for node c234b7a0-a850-4a1e-a980-0631e56b5949 with capacity 75161927680B, used 52613349376B, and remaining 22548578304B is 0.7
2023-09-07 14:19:58,341 [main] DEBUG balancer.ContainerBalancerTask (ContainerBalancerTask.java:initializeIteration(398)) - Utilization for node 500337ee-6f2d-4b67-aa23-e6e4c15a9b5e with capacity 89478485333B, used 53687091200B, and remaining 35791394133B is 0.6000000000022352
2023-09-07 14:19:58,342 [main] DEBUG balancer.ContainerBalancerTask (ContainerBalancerTask.java:initializeIteration(398)) - Utilization for node 7a9e7bdc-378d-41f6-b38c-71dcbbe7c896 with capacity 90194313216B, used 45097156608B, and remaining 45097156608B is 0.5
2023-09-07 14:19:58,342 [main] DEBUG balancer.ContainerBalancerTask (ContainerBalancerTask.java:initializeIteration(398)) - Utilization for node aa8c68a9-0512-42ad-9c91-68ac17280b21 with capacity 126164664320B, used 50465865728B, and remaining 75698798592B is 0.4
2023-09-07 14:19:58,342 [main] DEBUG balancer.ContainerBalancerTask (ContainerBalancerTask.java:initializeIteration(398)) - Utilization for node 8e254c12-41f7-4de0-aa9b-17685f6753f8 with capacity 121690740053B, used 36507222016B, and remaining 85183518037B is 0.3000000000008218
2023-09-07 14:19:58,342 [main] DEBUG balancer.ContainerBalancerTask (ContainerBalancerTask.java:initializeIteration(398)) - Utilization for node 96dc83a8-2cda-41c0-a322-13cc0e3465b4 with capacity 198642237440B, used 39728447488B, and remaining 158913789952B is 0.2
2023-09-07 14:19:58,342 [main] DEBUG balancer.ContainerBalancerTask (ContainerBalancerTask.java:initializeIteration(398)) - Utilization for node aebb9902-6c33-4235-b76a-c73e83a41621 with capacity 161061273600B, used 16106127360B, and remaining 144955146240B is 0.1
2023-09-07 14:19:58,342 [main] DEBUG balancer.ContainerBalancerTask (ContainerBalancerTask.java:initializeIteration(398)) - Utilization for node 167a6b94-313b-44bc-ab38-5bdb87cf3b1c with capacity 57982058496B, used 0B, and remaining 57982058496B is 0.0
2023-09-07 14:19:58,342 [main] INFO  balancer.ContainerBalancerTask (ContainerBalancerTask.java:initializeIteration(447)) - Container Balancer has identified 5 Over-Utilized and 3 Under-Utilized Datanodes that need to be balanced.
2023-09-07 14:19:58,342 [main] DEBUG balancer.ContainerBalancerTask (ContainerBalancerTask.java:lambda$initializeIteration$1(453)) - Datanode localhost-109.166.78.79 e6d7eb2f-4418-418a-ab0e-78d2d4e33acb is Over-Utilized.
2023-09-07 14:19:58,342 [main] DEBUG balancer.ContainerBalancerTask (ContainerBalancerTask.java:lambda$initializeIteration$1(453)) - Datanode localhost-135.77.77.135 7ec10029-8772-40ab-a531-85d36994f509 is Over-Utilized.
2023-09-07 14:19:58,342 [main] DEBUG balancer.ContainerBalancerTask (ContainerBalancerTask.java:lambda$initializeIteration$1(453)) - Datanode localhost-240.37.19.57 c234b7a0-a850-4a1e-a980-0631e56b5949 is Over-Utilized.
2023-09-07 14:19:58,342 [main] DEBUG balancer.ContainerBalancerTask (ContainerBalancerTask.java:lambda$initializeIteration$1(453)) - Datanode localhost-182.234.151.13 500337ee-6f2d-4b67-aa23-e6e4c15a9b5e is Over-Utilized.
2023-09-07 14:19:58,342 [main] DEBUG balancer.ContainerBalancerTask (ContainerBalancerTask.java:lambda$initializeIteration$1(453)) - Datanode localhost-199.96.94.228 7a9e7bdc-378d-41f6-b38c-71dcbbe7c896 is Over-Utilized.
2023-09-07 14:19:58,342 [main] DEBUG balancer.ContainerBalancerTask (ContainerBalancerTask.java:lambda$initializeIteration$2(459)) - Datanode localhost-93.19.208.171 167a6b94-313b-44bc-ab38-5bdb87cf3b1c is Under-Utilized.
2023-09-07 14:19:58,343 [main] DEBUG balancer.ContainerBalancerTask (ContainerBalancerTask.java:lambda$initializeIteration$2(459)) - Datanode localhost-227.247.165.204 aebb9902-6c33-4235-b76a-c73e83a41621 is Under-Utilized.
2023-09-07 14:19:58,343 [main] DEBUG balancer.ContainerBalancerTask (ContainerBalancerTask.java:lambda$initializeIteration$2(459)) - Datanode localhost-74.108.136.254 96dc83a8-2cda-41c0-a322-13cc0e3465b4 is Under-Utilized.
2023-09-07 14:19:58,347 [main] DEBUG balancer.ContainerBalancerTask (ContainerBalancerTask.java:matchSourceWithTarget(708)) - ContainerBalancer is finding suitable target for source datanode e6d7eb2f-4418-418a-ab0e-78d2d4e33acb
2023-09-07 14:19:58,347 [main] INFO  balancer.ContainerBalancerTask (ContainerBalancerTask.java:matchSourceWithTarget(722)) - ContainerBalancer matched source datanode e6d7eb2f-4418-418a-ab0e-78d2d4e33acb with target datanode 167a6b94-313b-44bc-ab38-5bdb87cf3b1c for container move.
2023-09-07 14:19:58,347 [main] INFO  balancer.ContainerBalancerTask (ContainerBalancerTask.java:processMoveSelection(569)) - ContainerBalancer is trying to move container #85 with size 5368709120B from source datanode e6d7eb2f-4418-418a-ab0e-78d2d4e33acb to target datanode 167a6b94-313b-44bc-ab38-5bdb87cf3b1c
2023-09-07 14:19:58,347 [main] DEBUG balancer.ContainerBalancerTask (ContainerBalancerTask.java:lambda$moveContainer$3(837)) - Container move completed for container #85 from source e6d7eb2f-4418-418a-ab0e-78d2d4e33acb to target 167a6b94-313b-44bc-ab38-5bdb87cf3b1c
2023-09-07 14:19:58,350 [main] DEBUG balancer.ContainerBalancerTask (ContainerBalancerTask.java:matchSourceWithTarget(708)) - ContainerBalancer is finding suitable target for source datanode e6d7eb2f-4418-418a-ab0e-78d2d4e33acb
2023-09-07 14:19:58,350 [main] INFO  balancer.ContainerBalancerTask (ContainerBalancerTask.java:matchSourceWithTarget(722)) - ContainerBalancer matched source datanode e6d7eb2f-4418-418a-ab0e-78d2d4e33acb with target datanode 167a6b94-313b-44bc-ab38-5bdb87cf3b1c for container move.
2023-09-07 14:19:58,351 [main] INFO  balancer.ContainerBalancerTask (ContainerBalancerTask.java:processMoveSelection(569)) - ContainerBalancer is trying to move container #53 with size 5368709120B from source datanode e6d7eb2f-4418-418a-ab0e-78d2d4e33acb to target datanode 167a6b94-313b-44bc-ab38-5bdb87cf3b1c
2023-09-07 14:19:58,351 [main] DEBUG balancer.ContainerBalancerTask (ContainerBalancerTask.java:lambda$moveContainer$3(837)) - Container move completed for container #53 from source e6d7eb2f-4418-418a-ab0e-78d2d4e33acb to target 167a6b94-313b-44bc-ab38-5bdb87cf3b1c
2023-09-07 14:19:58,354 [main] DEBUG balancer.ContainerBalancerTask (ContainerBalancerTask.java:matchSourceWithTarget(708)) - ContainerBalancer is finding suitable target for source datanode 7ec10029-8772-40ab-a531-85d36994f509
2023-09-07 14:19:58,354 [main] INFO  balancer.ContainerBalancerTask (ContainerBalancerTask.java:matchSourceWithTarget(722)) - ContainerBalancer matched source datanode 7ec10029-8772-40ab-a531-85d36994f509 with target datanode aebb9902-6c33-4235-b76a-c73e83a41621 for container move.
2023-09-07 14:19:58,354 [main] INFO  balancer.ContainerBalancerTask (ContainerBalancerTask.java:processMoveSelection(569)) - ContainerBalancer is trying to move container #68 with size 5368709120B from source datanode 7ec10029-8772-40ab-a531-85d36994f509 to target datanode aebb9902-6c33-4235-b76a-c73e83a41621
2023-09-07 14:19:58,354 [main] DEBUG balancer.ContainerBalancerTask (ContainerBalancerTask.java:lambda$moveContainer$3(837)) - Container move completed for container #68 from source 7ec10029-8772-40ab-a531-85d36994f509 to target aebb9902-6c33-4235-b76a-c73e83a41621
2023-09-07 14:19:58,358 [main] DEBUG balancer.ContainerBalancerTask (ContainerBalancerTask.java:matchSourceWithTarget(708)) - ContainerBalancer is finding suitable target for source datanode e6d7eb2f-4418-418a-ab0e-78d2d4e33acb
2023-09-07 14:19:58,358 [main] INFO  balancer.ContainerBalancerTask (ContainerBalancerTask.java:matchSourceWithTarget(722)) - ContainerBalancer matched source datanode e6d7eb2f-4418-418a-ab0e-78d2d4e33acb with target datanode aebb9902-6c33-4235-b76a-c73e83a41621 for container move.
2023-09-07 14:19:58,358 [main] INFO  balancer.ContainerBalancerTask (ContainerBalancerTask.java:processMoveSelection(569)) - ContainerBalancer is trying to move container #40 with size 5368709120B from source datanode e6d7eb2f-4418-418a-ab0e-78d2d4e33acb to target datanode aebb9902-6c33-4235-b76a-c73e83a41621
2023-09-07 14:19:58,358 [main] DEBUG balancer.ContainerBalancerTask (ContainerBalancerTask.java:lambda$moveContainer$3(837)) - Container move completed for container #40 from source e6d7eb2f-4418-418a-ab0e-78d2d4e33acb to target aebb9902-6c33-4235-b76a-c73e83a41621
2023-09-07 14:19:58,360 [main] DEBUG balancer.ContainerBalancerTask (ContainerBalancerTask.java:matchSourceWithTarget(708)) - ContainerBalancer is finding suitable target for source datanode 7ec10029-8772-40ab-a531-85d36994f509
2023-09-07 14:19:58,361 [main] INFO  balancer.ContainerBalancerTask (ContainerBalancerTask.java:matchSourceWithTarget(722)) - ContainerBalancer matched source datanode 7ec10029-8772-40ab-a531-85d36994f509 with target datanode aebb9902-6c33-4235-b76a-c73e83a41621 for container move.
2023-09-07 14:19:58,361 [main] INFO  balancer.ContainerBalancerTask (ContainerBalancerTask.java:processMoveSelection(569)) - ContainerBalancer is trying to move container #29 with size 5368709120B from source datanode 7ec10029-8772-40ab-a531-85d36994f509 to target datanode aebb9902-6c33-4235-b76a-c73e83a41621
2023-09-07 14:19:58,361 [main] DEBUG balancer.ContainerBalancerTask (ContainerBalancerTask.java:lambda$moveContainer$3(837)) - Container move completed for container #29 from source 7ec10029-8772-40ab-a531-85d36994f509 to target aebb9902-6c33-4235-b76a-c73e83a41621
2023-09-07 14:19:58,364 [main] DEBUG balancer.ContainerBalancerTask (ContainerBalancerTask.java:matchSourceWithTarget(708)) - ContainerBalancer is finding suitable target for source datanode c234b7a0-a850-4a1e-a980-0631e56b5949
2023-09-07 14:19:58,364 [main] INFO  balancer.ContainerBalancerTask (ContainerBalancerTask.java:matchSourceWithTarget(722)) - ContainerBalancer matched source datanode c234b7a0-a850-4a1e-a980-0631e56b5949 with target datanode 167a6b94-313b-44bc-ab38-5bdb87cf3b1c for container move.
2023-09-07 14:19:58,365 [main] INFO  balancer.ContainerBalancerTask (ContainerBalancerTask.java:processMoveSelection(569)) - ContainerBalancer is trying to move container #89 with size 4294967296B from source datanode c234b7a0-a850-4a1e-a980-0631e56b5949 to target datanode 167a6b94-313b-44bc-ab38-5bdb87cf3b1c
2023-09-07 14:19:58,365 [main] DEBUG balancer.ContainerBalancerTask (ContainerBalancerTask.java:lambda$moveContainer$3(837)) - Container move completed for container #89 from source c234b7a0-a850-4a1e-a980-0631e56b5949 to target 167a6b94-313b-44bc-ab38-5bdb87cf3b1c
2023-09-07 14:19:58,368 [main] DEBUG balancer.ContainerBalancerTask (ContainerBalancerTask.java:matchSourceWithTarget(708)) - ContainerBalancer is finding suitable target for source datanode e6d7eb2f-4418-418a-ab0e-78d2d4e33acb
2023-09-07 14:19:58,368 [main] INFO  balancer.ContainerBalancerTask (ContainerBalancerTask.java:matchSourceWithTarget(722)) - ContainerBalancer matched source datanode e6d7eb2f-4418-418a-ab0e-78d2d4e33acb with target datanode 96dc83a8-2cda-41c0-a322-13cc0e3465b4 for container move.
2023-09-07 14:19:58,368 [main] INFO  balancer.ContainerBalancerTask (ContainerBalancerTask.java:processMoveSelection(569)) - ContainerBalancer is trying to move container #84 with size 4294967296B from source datanode e6d7eb2f-4418-418a-ab0e-78d2d4e33acb to target datanode 96dc83a8-2cda-41c0-a322-13cc0e3465b4
2023-09-07 14:19:58,368 [main] DEBUG balancer.ContainerBalancerTask (ContainerBalancerTask.java:lambda$moveContainer$3(837)) - Container move completed for container #84 from source e6d7eb2f-4418-418a-ab0e-78d2d4e33acb to target 96dc83a8-2cda-41c0-a322-13cc0e3465b4
2023-09-07 14:19:58,372 [main] DEBUG balancer.ContainerBalancerTask (ContainerBalancerTask.java:matchSourceWithTarget(708)) - ContainerBalancer is finding suitable target for source datanode c234b7a0-a850-4a1e-a980-0631e56b5949
2023-09-07 14:19:58,372 [main] INFO  balancer.ContainerBalancerTask (ContainerBalancerTask.java:matchSourceWithTarget(722)) - ContainerBalancer matched source datanode c234b7a0-a850-4a1e-a980-0631e56b5949 with target datanode aebb9902-6c33-4235-b76a-c73e83a41621 for container move.
2023-09-07 14:19:58,372 [main] INFO  balancer.ContainerBalancerTask (ContainerBalancerTask.java:processMoveSelection(569)) - ContainerBalancer is trying to move container #52 with size 4294967296B from source datanode c234b7a0-a850-4a1e-a980-0631e56b5949 to target datanode aebb9902-6c33-4235-b76a-c73e83a41621
2023-09-07 14:19:58,372 [main] DEBUG balancer.ContainerBalancerTask (ContainerBalancerTask.java:lambda$moveContainer$3(837)) - Container move completed for container #52 from source c234b7a0-a850-4a1e-a980-0631e56b5949 to target aebb9902-6c33-4235-b76a-c73e83a41621
2023-09-07 14:19:58,375 [main] DEBUG balancer.ContainerBalancerTask (ContainerBalancerTask.java:matchSourceWithTarget(708)) - ContainerBalancer is finding suitable target for source datanode 7ec10029-8772-40ab-a531-85d36994f509
2023-09-07 14:19:58,375 [main] INFO  balancer.ContainerBalancerTask (ContainerBalancerTask.java:matchSourceWithTarget(722)) - ContainerBalancer matched source datanode 7ec10029-8772-40ab-a531-85d36994f509 with target datanode 96dc83a8-2cda-41c0-a322-13cc0e3465b4 for container move.
2023-09-07 14:19:58,375 [main] INFO  balancer.ContainerBalancerTask (ContainerBalancerTask.java:processMoveSelection(569)) - ContainerBalancer is trying to move container #67 with size 4294967296B from source datanode 7ec10029-8772-40ab-a531-85d36994f509 to target datanode 96dc83a8-2cda-41c0-a322-13cc0e3465b4
2023-09-07 14:19:58,375 [main] DEBUG balancer.ContainerBalancerTask (ContainerBalancerTask.java:lambda$moveContainer$3(837)) - Container move completed for container #67 from source 7ec10029-8772-40ab-a531-85d36994f509 to target 96dc83a8-2cda-41c0-a322-13cc0e3465b4
2023-09-07 14:19:58,378 [main] DEBUG balancer.ContainerBalancerTask (ContainerBalancerTask.java:matchSourceWithTarget(708)) - ContainerBalancer is finding suitable target for source datanode e6d7eb2f-4418-418a-ab0e-78d2d4e33acb
2023-09-07 14:19:58,379 [main] INFO  balancer.ContainerBalancerTask (ContainerBalancerTask.java:matchSourceWithTarget(722)) - ContainerBalancer matched source datanode e6d7eb2f-4418-418a-ab0e-78d2d4e33acb with target datanode aebb9902-6c33-4235-b76a-c73e83a41621 for container move.
2023-09-07 14:19:58,379 [main] INFO  balancer.ContainerBalancerTask (ContainerBalancerTask.java:processMoveSelection(569)) - ContainerBalancer is trying to move container #39 with size 4294967296B from source datanode e6d7eb2f-4418-418a-ab0e-78d2d4e33acb to target datanode aebb9902-6c33-4235-b76a-c73e83a41621
2023-09-07 14:19:58,379 [main] DEBUG balancer.ContainerBalancerTask (ContainerBalancerTask.java:lambda$moveContainer$3(837)) - Container move completed for container #39 from source e6d7eb2f-4418-418a-ab0e-78d2d4e33acb to target aebb9902-6c33-4235-b76a-c73e83a41621
2023-09-07 14:19:58,382 [main] DEBUG balancer.ContainerBalancerTask (ContainerBalancerTask.java:matchSourceWithTarget(708)) - ContainerBalancer is finding suitable target for source datanode 500337ee-6f2d-4b67-aa23-e6e4c15a9b5e
2023-09-07 14:19:58,383 [main] INFO  balancer.ContainerBalancerTask (ContainerBalancerTask.java:matchSourceWithTarget(722)) - ContainerBalancer matched source datanode 500337ee-6f2d-4b67-aa23-e6e4c15a9b5e with target datanode 96dc83a8-2cda-41c0-a322-13cc0e3465b4 for container move.
2023-09-07 14:19:58,383 [main] INFO  balancer.ContainerBalancerTask (ContainerBalancerTask.java:processMoveSelection(569)) - ContainerBalancer is trying to move container #83 with size 3221225472B from source datanode 500337ee-6f2d-4b67-aa23-e6e4c15a9b5e to target datanode 96dc83a8-2cda-41c0-a322-13cc0e3465b4
2023-09-07 14:19:58,383 [main] DEBUG balancer.ContainerBalancerTask (ContainerBalancerTask.java:lambda$moveContainer$3(837)) - Container move completed for container #83 from source 500337ee-6f2d-4b67-aa23-e6e4c15a9b5e to target 96dc83a8-2cda-41c0-a322-13cc0e3465b4
2023-09-07 14:19:58,419 [main] DEBUG balancer.ContainerBalancerTask (ContainerBalancerTask.java:matchSourceWithTarget(708)) - ContainerBalancer is finding suitable target for source datanode c234b7a0-a850-4a1e-a980-0631e56b5949
2023-09-07 14:19:58,419 [main] INFO  balancer.ContainerBalancerTask (ContainerBalancerTask.java:matchSourceWithTarget(722)) - ContainerBalancer matched source datanode c234b7a0-a850-4a1e-a980-0631e56b5949 with target datanode aebb9902-6c33-4235-b76a-c73e83a41621 for container move.
2023-09-07 14:19:58,419 [main] INFO  balancer.ContainerBalancerTask (ContainerBalancerTask.java:processMoveSelection(569)) - ContainerBalancer is trying to move container #87 with size 2147483648B from source datanode c234b7a0-a850-4a1e-a980-0631e56b5949 to target datanode aebb9902-6c33-4235-b76a-c73e83a41621
2023-09-07 14:19:58,420 [main] DEBUG balancer.ContainerBalancerTask (ContainerBalancerTask.java:lambda$moveContainer$3(837)) - Container move completed for container #87 from source c234b7a0-a850-4a1e-a980-0631e56b5949 to target aebb9902-6c33-4235-b76a-c73e83a41621
2023-09-07 14:19:58,420 [main] WARN  balancer.ContainerBalancerTask (ContainerBalancerTask.java:reachedMaxSizeToMovePerIteration(733)) - Reached max size to move limit. 53687091200 bytes have already been scheduled for balancing and the limit is 53687091200 bytes.
2023-09-07 14:19:58,420 [main] INFO  balancer.ContainerBalancerTask (ContainerBalancerTask.java:checkIterationMoveResults(642)) - Iteration Summary. Number of Datanodes involved: 7. Size moved: 50 GB (53687091200 Bytes). Number of Container moves completed: 12.
2023-09-07 14:19:58,420 [main] INFO  balancer.ContainerBalancerTask (ContainerBalancerTask.java:balance(259)) - Result of this iteration of Container Balancer: ITERATION_COMPLETED
2023-09-07 14:19:58,420 [main] INFO  balancer.ContainerBalancerTask (ContainerBalancerTask.java:tryStopWithSaveConfiguration(308)) - Save Configuration for stopping. Reason: Completed all iterations.
]]></system-out>
  </testcase>
  <testcase name="testCalculationOfUtilization" classname="org.apache.hadoop.hdds.scm.container.balancer.TestContainerBalancerTask" time="0.035">
    <system-out><![CDATA[2023-09-07 14:19:58,451 [main] INFO  net.NodeSchemaLoader (NodeSchemaLoader.java:loadSchemaFromFile(129)) - Loading schema from [file:/home/runner/work/ozone/ozone/hadoop-hdds/common/target/classes/network-topology-default.xml]
2023-09-07 14:19:58,452 [main] INFO  net.NodeSchemaLoader (NodeSchemaLoader.java:loadSchema(176)) - Loading network topology layer schema file
2023-09-07 14:19:58,453 [main] INFO  net.NetworkTopologyImpl (NetworkTopologyImpl.java:add(112)) - Added a new node: /default-rack/2eb3ee53-891d-4409-aeb4-0974d979c0fd
2023-09-07 14:19:58,453 [main] INFO  net.NetworkTopologyImpl (NetworkTopologyImpl.java:add(112)) - Added a new node: /default-rack/1083ca4b-a3b8-4ecf-89d7-6d687ddb45cf
2023-09-07 14:19:58,453 [main] INFO  net.NetworkTopologyImpl (NetworkTopologyImpl.java:add(112)) - Added a new node: /default-rack/7ddf338f-70bd-4722-af0c-efb3da0c29c8
2023-09-07 14:19:58,453 [main] INFO  net.NetworkTopologyImpl (NetworkTopologyImpl.java:add(112)) - Added a new node: /default-rack/c4746df6-da18-419d-911f-066552fb865e
2023-09-07 14:19:58,453 [main] INFO  net.NetworkTopologyImpl (NetworkTopologyImpl.java:add(112)) - Added a new node: /default-rack/1f9bf670-16d2-425a-99e0-64f70be3e04e
2023-09-07 14:19:58,454 [main] INFO  net.NetworkTopologyImpl (NetworkTopologyImpl.java:add(112)) - Added a new node: /default-rack/7aa817d8-24ec-483c-aba4-59bcfc306a15
2023-09-07 14:19:58,454 [main] INFO  net.NetworkTopologyImpl (NetworkTopologyImpl.java:add(112)) - Added a new node: /default-rack/374b1ac4-f007-4ab4-b5fa-9a5860f17911
2023-09-07 14:19:58,454 [main] INFO  net.NetworkTopologyImpl (NetworkTopologyImpl.java:add(112)) - Added a new node: /default-rack/5d2a80a0-367a-4cc9-9437-a23a4e3000fb
2023-09-07 14:19:58,454 [main] INFO  net.NetworkTopologyImpl (NetworkTopologyImpl.java:add(112)) - Added a new node: /default-rack/9e2d91c2-84c7-4f63-a9e3-b12b3b27f5bb
2023-09-07 14:19:58,454 [main] INFO  net.NetworkTopologyImpl (NetworkTopologyImpl.java:add(112)) - Added a new node: /default-rack/913abc41-a54d-49b7-84e6-93281edf2a9f
2023-09-07 14:19:58,454 [main] INFO  algorithms.ContainerPlacementPolicyFactory (ContainerPlacementPolicyFactory.java:getPolicyInternal(86)) - Create container placement policy of type org.apache.hadoop.hdds.scm.container.placement.algorithms.SCMContainerPlacementRackAware
2023-09-07 14:19:58,454 [main] INFO  algorithms.ContainerPlacementPolicyFactory (ContainerPlacementPolicyFactory.java:getPolicyInternal(86)) - Create container placement policy of type org.apache.hadoop.hdds.scm.container.placement.algorithms.SCMContainerPlacementRackScatter
]]></system-out>
  </testcase>
  <testcase name="initializeIterationShouldUpdateUnBalancedNodesWhenThresholdChanges" classname="org.apache.hadoop.hdds.scm.container.balancer.TestContainerBalancerTask" time="1.312">
    <system-out><![CDATA[2023-09-07 14:19:58,476 [main] INFO  net.NodeSchemaLoader (NodeSchemaLoader.java:loadSchemaFromFile(129)) - Loading schema from [file:/home/runner/work/ozone/ozone/hadoop-hdds/common/target/classes/network-topology-default.xml]
2023-09-07 14:19:58,476 [main] INFO  net.NodeSchemaLoader (NodeSchemaLoader.java:loadSchema(176)) - Loading network topology layer schema file
2023-09-07 14:19:58,478 [main] INFO  net.NetworkTopologyImpl (NetworkTopologyImpl.java:add(112)) - Added a new node: /default-rack/77dfbcba-6605-4fdc-8d0e-9fe202378cb7
2023-09-07 14:19:58,478 [main] INFO  net.NetworkTopologyImpl (NetworkTopologyImpl.java:add(112)) - Added a new node: /default-rack/dce3138a-b1d4-4857-bfab-faeb886e2eb0
2023-09-07 14:19:58,478 [main] INFO  net.NetworkTopologyImpl (NetworkTopologyImpl.java:add(112)) - Added a new node: /default-rack/c5c85e31-a19b-4272-a22a-e6cb0cee2697
2023-09-07 14:19:58,478 [main] INFO  net.NetworkTopologyImpl (NetworkTopologyImpl.java:add(112)) - Added a new node: /default-rack/5b777bfe-eb24-4b97-bd1c-28e1b122001c
2023-09-07 14:19:58,478 [main] INFO  net.NetworkTopologyImpl (NetworkTopologyImpl.java:add(112)) - Added a new node: /default-rack/f1108a0e-23cf-44a7-85cb-287ff4c7c6ee
2023-09-07 14:19:58,478 [main] INFO  net.NetworkTopologyImpl (NetworkTopologyImpl.java:add(112)) - Added a new node: /default-rack/78c33e4e-d029-4a9e-a807-e422689b4b08
2023-09-07 14:19:58,478 [main] INFO  net.NetworkTopologyImpl (NetworkTopologyImpl.java:add(112)) - Added a new node: /default-rack/dd8ee5d2-e7f7-433c-8670-3d9c860724d2
2023-09-07 14:19:58,478 [main] INFO  net.NetworkTopologyImpl (NetworkTopologyImpl.java:add(112)) - Added a new node: /default-rack/ca939f99-ab0b-4d29-a42f-f44b56056ae7
2023-09-07 14:19:58,478 [main] INFO  net.NetworkTopologyImpl (NetworkTopologyImpl.java:add(112)) - Added a new node: /default-rack/248ac389-ea7e-46b0-9205-df1e39f8f0b0
2023-09-07 14:19:58,478 [main] INFO  net.NetworkTopologyImpl (NetworkTopologyImpl.java:add(112)) - Added a new node: /default-rack/421584f2-e4cc-47d8-8aed-944c88f08bcd
2023-09-07 14:19:58,479 [main] INFO  algorithms.ContainerPlacementPolicyFactory (ContainerPlacementPolicyFactory.java:getPolicyInternal(86)) - Create container placement policy of type org.apache.hadoop.hdds.scm.container.placement.algorithms.SCMContainerPlacementRackAware
2023-09-07 14:19:58,479 [main] INFO  algorithms.ContainerPlacementPolicyFactory (ContainerPlacementPolicyFactory.java:getPolicyInternal(86)) - Create container placement policy of type org.apache.hadoop.hdds.scm.container.placement.algorithms.SCMContainerPlacementRackScatter
2023-09-07 14:19:58,481 [main] DEBUG balancer.ContainerBalancerTask (ContainerBalancerTask.java:initializeIteration(374)) - Average utilization of the cluster is 0.3421445052540577
2023-09-07 14:19:58,481 [main] DEBUG balancer.ContainerBalancerTask (ContainerBalancerTask.java:initializeIteration(386)) - Lower limit for utilization is 0.24696355820553795 and Upper limit for utilization is 0.43732545230257747
2023-09-07 14:19:58,482 [main] DEBUG balancer.ContainerBalancerTask (ContainerBalancerTask.java:initializeIteration(398)) - Utilization for node c5c85e31-a19b-4272-a22a-e6cb0cee2697 with capacity 63231462968B, used 56908316672B, and remaining 6323146296B is 0.9000000000126519
2023-09-07 14:19:58,482 [main] DEBUG balancer.ContainerBalancerTask (ContainerBalancerTask.java:initializeIteration(398)) - Utilization for node 248ac389-ea7e-46b0-9205-df1e39f8f0b0 with capacity 60397977600B, used 48318382080B, and remaining 12079595520B is 0.8
2023-09-07 14:19:58,482 [main] DEBUG balancer.ContainerBalancerTask (ContainerBalancerTask.java:initializeIteration(398)) - Utilization for node 421584f2-e4cc-47d8-8aed-944c88f08bcd with capacity 67492343222B, used 47244640256B, and remaining 20247702966B is 0.7000000000088898
2023-09-07 14:19:58,482 [main] DEBUG balancer.ContainerBalancerTask (ContainerBalancerTask.java:initializeIteration(398)) - Utilization for node 77dfbcba-6605-4fdc-8d0e-9fe202378cb7 with capacity 69793218560B, used 41875931136B, and remaining 27917287424B is 0.6
2023-09-07 14:19:58,482 [main] DEBUG balancer.ContainerBalancerTask (ContainerBalancerTask.java:initializeIteration(398)) - Utilization for node 5b777bfe-eb24-4b97-bd1c-28e1b122001c with capacity 85899345920B, used 42949672960B, and remaining 42949672960B is 0.5
2023-09-07 14:19:58,482 [main] DEBUG balancer.ContainerBalancerTask (ContainerBalancerTask.java:initializeIteration(398)) - Utilization for node ca939f99-ab0b-4d29-a42f-f44b56056ae7 with capacity 83214991360B, used 33285996544B, and remaining 49928994816B is 0.4
2023-09-07 14:19:58,482 [main] DEBUG balancer.ContainerBalancerTask (ContainerBalancerTask.java:initializeIteration(398)) - Utilization for node f1108a0e-23cf-44a7-85cb-287ff4c7c6ee with capacity 139586437120B, used 41875931136B, and remaining 97710505984B is 0.3
2023-09-07 14:19:58,482 [main] DEBUG balancer.ContainerBalancerTask (ContainerBalancerTask.java:initializeIteration(398)) - Utilization for node dd8ee5d2-e7f7-433c-8670-3d9c860724d2 with capacity 177167400960B, used 35433480192B, and remaining 141733920768B is 0.2
2023-09-07 14:19:58,482 [main] DEBUG balancer.ContainerBalancerTask (ContainerBalancerTask.java:initializeIteration(398)) - Utilization for node dce3138a-b1d4-4857-bfab-faeb886e2eb0 with capacity 343597383680B, used 34359738368B, and remaining 309237645312B is 0.1
2023-09-07 14:19:58,482 [main] DEBUG balancer.ContainerBalancerTask (ContainerBalancerTask.java:initializeIteration(398)) - Utilization for node 78c33e4e-d029-4a9e-a807-e422689b4b08 with capacity 26843545600B, used 0B, and remaining 26843545600B is 0.0
2023-09-07 14:19:58,482 [main] INFO  balancer.ContainerBalancerTask (ContainerBalancerTask.java:initializeIteration(447)) - Container Balancer has identified 5 Over-Utilized and 3 Under-Utilized Datanodes that need to be balanced.
2023-09-07 14:19:58,482 [main] DEBUG balancer.ContainerBalancerTask (ContainerBalancerTask.java:lambda$initializeIteration$1(453)) - Datanode localhost-98.159.20.181 c5c85e31-a19b-4272-a22a-e6cb0cee2697 is Over-Utilized.
2023-09-07 14:19:58,482 [main] DEBUG balancer.ContainerBalancerTask (ContainerBalancerTask.java:lambda$initializeIteration$1(453)) - Datanode localhost-195.53.202.168 248ac389-ea7e-46b0-9205-df1e39f8f0b0 is Over-Utilized.
2023-09-07 14:19:58,483 [main] DEBUG balancer.ContainerBalancerTask (ContainerBalancerTask.java:lambda$initializeIteration$1(453)) - Datanode localhost-130.14.218.10 421584f2-e4cc-47d8-8aed-944c88f08bcd is Over-Utilized.
2023-09-07 14:19:58,483 [main] DEBUG balancer.ContainerBalancerTask (ContainerBalancerTask.java:lambda$initializeIteration$1(453)) - Datanode localhost-129.122.164.149 77dfbcba-6605-4fdc-8d0e-9fe202378cb7 is Over-Utilized.
2023-09-07 14:19:58,483 [main] DEBUG balancer.ContainerBalancerTask (ContainerBalancerTask.java:lambda$initializeIteration$1(453)) - Datanode localhost-48.199.75.188 5b777bfe-eb24-4b97-bd1c-28e1b122001c is Over-Utilized.
2023-09-07 14:19:58,483 [main] DEBUG balancer.ContainerBalancerTask (ContainerBalancerTask.java:lambda$initializeIteration$2(459)) - Datanode localhost-61.34.16.17 78c33e4e-d029-4a9e-a807-e422689b4b08 is Under-Utilized.
2023-09-07 14:19:58,483 [main] DEBUG balancer.ContainerBalancerTask (ContainerBalancerTask.java:lambda$initializeIteration$2(459)) - Datanode localhost-151.238.238.245 dce3138a-b1d4-4857-bfab-faeb886e2eb0 is Under-Utilized.
2023-09-07 14:19:58,483 [main] DEBUG balancer.ContainerBalancerTask (ContainerBalancerTask.java:lambda$initializeIteration$2(459)) - Datanode localhost-77.205.48.120 dd8ee5d2-e7f7-433c-8670-3d9c860724d2 is Under-Utilized.
2023-09-07 14:19:58,485 [main] DEBUG balancer.ContainerBalancerTask (ContainerBalancerTask.java:matchSourceWithTarget(708)) - ContainerBalancer is finding suitable target for source datanode c5c85e31-a19b-4272-a22a-e6cb0cee2697
2023-09-07 14:19:58,486 [main] INFO  balancer.ContainerBalancerTask (ContainerBalancerTask.java:matchSourceWithTarget(722)) - ContainerBalancer matched source datanode c5c85e31-a19b-4272-a22a-e6cb0cee2697 with target datanode 78c33e4e-d029-4a9e-a807-e422689b4b08 for container move.
2023-09-07 14:19:58,486 [main] INFO  balancer.ContainerBalancerTask (ContainerBalancerTask.java:processMoveSelection(569)) - ContainerBalancer is trying to move container #85 with size 5368709120B from source datanode c5c85e31-a19b-4272-a22a-e6cb0cee2697 to target datanode 78c33e4e-d029-4a9e-a807-e422689b4b08
2023-09-07 14:19:58,486 [main] DEBUG balancer.ContainerBalancerTask (ContainerBalancerTask.java:lambda$moveContainer$3(837)) - Container move completed for container #85 from source c5c85e31-a19b-4272-a22a-e6cb0cee2697 to target 78c33e4e-d029-4a9e-a807-e422689b4b08
2023-09-07 14:19:58,488 [main] DEBUG balancer.ContainerBalancerTask (ContainerBalancerTask.java:matchSourceWithTarget(708)) - ContainerBalancer is finding suitable target for source datanode c5c85e31-a19b-4272-a22a-e6cb0cee2697
2023-09-07 14:19:58,489 [main] INFO  balancer.ContainerBalancerTask (ContainerBalancerTask.java:matchSourceWithTarget(722)) - ContainerBalancer matched source datanode c5c85e31-a19b-4272-a22a-e6cb0cee2697 with target datanode dce3138a-b1d4-4857-bfab-faeb886e2eb0 for container move.
2023-09-07 14:19:58,489 [main] INFO  balancer.ContainerBalancerTask (ContainerBalancerTask.java:processMoveSelection(569)) - ContainerBalancer is trying to move container #68 with size 5368709120B from source datanode c5c85e31-a19b-4272-a22a-e6cb0cee2697 to target datanode dce3138a-b1d4-4857-bfab-faeb886e2eb0
2023-09-07 14:19:58,489 [main] DEBUG balancer.ContainerBalancerTask (ContainerBalancerTask.java:lambda$moveContainer$3(837)) - Container move completed for container #68 from source c5c85e31-a19b-4272-a22a-e6cb0cee2697 to target dce3138a-b1d4-4857-bfab-faeb886e2eb0
2023-09-07 14:19:58,491 [main] DEBUG balancer.ContainerBalancerTask (ContainerBalancerTask.java:matchSourceWithTarget(708)) - ContainerBalancer is finding suitable target for source datanode 248ac389-ea7e-46b0-9205-df1e39f8f0b0
2023-09-07 14:19:58,491 [main] INFO  balancer.ContainerBalancerTask (ContainerBalancerTask.java:matchSourceWithTarget(722)) - ContainerBalancer matched source datanode 248ac389-ea7e-46b0-9205-df1e39f8f0b0 with target datanode dce3138a-b1d4-4857-bfab-faeb886e2eb0 for container move.
2023-09-07 14:19:58,491 [main] INFO  balancer.ContainerBalancerTask (ContainerBalancerTask.java:processMoveSelection(569)) - ContainerBalancer is trying to move container #29 with size 5368709120B from source datanode 248ac389-ea7e-46b0-9205-df1e39f8f0b0 to target datanode dce3138a-b1d4-4857-bfab-faeb886e2eb0
2023-09-07 14:19:58,492 [main] DEBUG balancer.ContainerBalancerTask (ContainerBalancerTask.java:lambda$moveContainer$3(837)) - Container move completed for container #29 from source 248ac389-ea7e-46b0-9205-df1e39f8f0b0 to target dce3138a-b1d4-4857-bfab-faeb886e2eb0
2023-09-07 14:19:58,494 [main] DEBUG balancer.ContainerBalancerTask (ContainerBalancerTask.java:matchSourceWithTarget(708)) - ContainerBalancer is finding suitable target for source datanode c5c85e31-a19b-4272-a22a-e6cb0cee2697
2023-09-07 14:19:58,494 [main] INFO  balancer.ContainerBalancerTask (ContainerBalancerTask.java:matchSourceWithTarget(722)) - ContainerBalancer matched source datanode c5c85e31-a19b-4272-a22a-e6cb0cee2697 with target datanode dce3138a-b1d4-4857-bfab-faeb886e2eb0 for container move.
2023-09-07 14:19:58,495 [main] INFO  balancer.ContainerBalancerTask (ContainerBalancerTask.java:processMoveSelection(569)) - ContainerBalancer is trying to move container #89 with size 4294967296B from source datanode c5c85e31-a19b-4272-a22a-e6cb0cee2697 to target datanode dce3138a-b1d4-4857-bfab-faeb886e2eb0
2023-09-07 14:19:58,495 [main] DEBUG balancer.ContainerBalancerTask (ContainerBalancerTask.java:lambda$moveContainer$3(837)) - Container move completed for container #89 from source c5c85e31-a19b-4272-a22a-e6cb0cee2697 to target dce3138a-b1d4-4857-bfab-faeb886e2eb0
2023-09-07 14:19:58,497 [main] DEBUG balancer.ContainerBalancerTask (ContainerBalancerTask.java:matchSourceWithTarget(708)) - ContainerBalancer is finding suitable target for source datanode 248ac389-ea7e-46b0-9205-df1e39f8f0b0
2023-09-07 14:19:58,497 [main] INFO  balancer.ContainerBalancerTask (ContainerBalancerTask.java:matchSourceWithTarget(722)) - ContainerBalancer matched source datanode 248ac389-ea7e-46b0-9205-df1e39f8f0b0 with target datanode dce3138a-b1d4-4857-bfab-faeb886e2eb0 for container move.
2023-09-07 14:19:58,497 [main] INFO  balancer.ContainerBalancerTask (ContainerBalancerTask.java:processMoveSelection(569)) - ContainerBalancer is trying to move container #67 with size 4294967296B from source datanode 248ac389-ea7e-46b0-9205-df1e39f8f0b0 to target datanode dce3138a-b1d4-4857-bfab-faeb886e2eb0
2023-09-07 14:19:58,497 [main] DEBUG balancer.ContainerBalancerTask (ContainerBalancerTask.java:lambda$moveContainer$3(837)) - Container move completed for container #67 from source 248ac389-ea7e-46b0-9205-df1e39f8f0b0 to target dce3138a-b1d4-4857-bfab-faeb886e2eb0
2023-09-07 14:19:58,500 [main] DEBUG balancer.ContainerBalancerTask (ContainerBalancerTask.java:matchSourceWithTarget(708)) - ContainerBalancer is finding suitable target for source datanode 421584f2-e4cc-47d8-8aed-944c88f08bcd
2023-09-07 14:19:58,500 [main] INFO  balancer.ContainerBalancerTask (ContainerBalancerTask.java:matchSourceWithTarget(722)) - ContainerBalancer matched source datanode 421584f2-e4cc-47d8-8aed-944c88f08bcd with target datanode dce3138a-b1d4-4857-bfab-faeb886e2eb0 for container move.
2023-09-07 14:19:58,500 [main] INFO  balancer.ContainerBalancerTask (ContainerBalancerTask.java:processMoveSelection(569)) - ContainerBalancer is trying to move container #53 with size 5368709120B from source datanode 421584f2-e4cc-47d8-8aed-944c88f08bcd to target datanode dce3138a-b1d4-4857-bfab-faeb886e2eb0
2023-09-07 14:19:58,500 [main] DEBUG balancer.ContainerBalancerTask (ContainerBalancerTask.java:lambda$moveContainer$3(837)) - Container move completed for container #53 from source 421584f2-e4cc-47d8-8aed-944c88f08bcd to target dce3138a-b1d4-4857-bfab-faeb886e2eb0
2023-09-07 14:19:58,503 [main] DEBUG balancer.ContainerBalancerTask (ContainerBalancerTask.java:matchSourceWithTarget(708)) - ContainerBalancer is finding suitable target for source datanode c5c85e31-a19b-4272-a22a-e6cb0cee2697
2023-09-07 14:19:58,503 [main] INFO  balancer.ContainerBalancerTask (ContainerBalancerTask.java:matchSourceWithTarget(722)) - ContainerBalancer matched source datanode c5c85e31-a19b-4272-a22a-e6cb0cee2697 with target datanode dce3138a-b1d4-4857-bfab-faeb886e2eb0 for container move.
2023-09-07 14:19:58,503 [main] INFO  balancer.ContainerBalancerTask (ContainerBalancerTask.java:processMoveSelection(569)) - ContainerBalancer is trying to move container #84 with size 4294967296B from source datanode c5c85e31-a19b-4272-a22a-e6cb0cee2697 to target datanode dce3138a-b1d4-4857-bfab-faeb886e2eb0
2023-09-07 14:19:58,503 [main] DEBUG balancer.ContainerBalancerTask (ContainerBalancerTask.java:lambda$moveContainer$3(837)) - Container move completed for container #84 from source c5c85e31-a19b-4272-a22a-e6cb0cee2697 to target dce3138a-b1d4-4857-bfab-faeb886e2eb0
2023-09-07 14:19:58,506 [main] DEBUG balancer.ContainerBalancerTask (ContainerBalancerTask.java:matchSourceWithTarget(708)) - ContainerBalancer is finding suitable target for source datanode 248ac389-ea7e-46b0-9205-df1e39f8f0b0
2023-09-07 14:19:58,506 [main] INFO  balancer.ContainerBalancerTask (ContainerBalancerTask.java:matchSourceWithTarget(722)) - ContainerBalancer matched source datanode 248ac389-ea7e-46b0-9205-df1e39f8f0b0 with target datanode dce3138a-b1d4-4857-bfab-faeb886e2eb0 for container move.
2023-09-07 14:19:58,506 [main] INFO  balancer.ContainerBalancerTask (ContainerBalancerTask.java:processMoveSelection(569)) - ContainerBalancer is trying to move container #66 with size 3221225472B from source datanode 248ac389-ea7e-46b0-9205-df1e39f8f0b0 to target datanode dce3138a-b1d4-4857-bfab-faeb886e2eb0
2023-09-07 14:19:58,506 [main] DEBUG balancer.ContainerBalancerTask (ContainerBalancerTask.java:lambda$moveContainer$3(837)) - Container move completed for container #66 from source 248ac389-ea7e-46b0-9205-df1e39f8f0b0 to target dce3138a-b1d4-4857-bfab-faeb886e2eb0
2023-09-07 14:19:58,508 [main] DEBUG balancer.ContainerBalancerTask (ContainerBalancerTask.java:matchSourceWithTarget(708)) - ContainerBalancer is finding suitable target for source datanode 421584f2-e4cc-47d8-8aed-944c88f08bcd
2023-09-07 14:19:58,509 [main] INFO  balancer.ContainerBalancerTask (ContainerBalancerTask.java:matchSourceWithTarget(722)) - ContainerBalancer matched source datanode 421584f2-e4cc-47d8-8aed-944c88f08bcd with target datanode dce3138a-b1d4-4857-bfab-faeb886e2eb0 for container move.
2023-09-07 14:19:58,509 [main] INFO  balancer.ContainerBalancerTask (ContainerBalancerTask.java:processMoveSelection(569)) - ContainerBalancer is trying to move container #52 with size 4294967296B from source datanode 421584f2-e4cc-47d8-8aed-944c88f08bcd to target datanode dce3138a-b1d4-4857-bfab-faeb886e2eb0
2023-09-07 14:19:58,509 [main] DEBUG balancer.ContainerBalancerTask (ContainerBalancerTask.java:lambda$moveContainer$3(837)) - Container move completed for container #52 from source 421584f2-e4cc-47d8-8aed-944c88f08bcd to target dce3138a-b1d4-4857-bfab-faeb886e2eb0
2023-09-07 14:19:58,511 [main] DEBUG balancer.ContainerBalancerTask (ContainerBalancerTask.java:matchSourceWithTarget(708)) - ContainerBalancer is finding suitable target for source datanode 77dfbcba-6605-4fdc-8d0e-9fe202378cb7
2023-09-07 14:19:58,511 [main] INFO  balancer.ContainerBalancerTask (ContainerBalancerTask.java:matchSourceWithTarget(722)) - ContainerBalancer matched source datanode 77dfbcba-6605-4fdc-8d0e-9fe202378cb7 with target datanode dd8ee5d2-e7f7-433c-8670-3d9c860724d2 for container move.
2023-09-07 14:19:58,512 [main] INFO  balancer.ContainerBalancerTask (ContainerBalancerTask.java:processMoveSelection(569)) - ContainerBalancer is trying to move container #39 with size 4294967296B from source datanode 77dfbcba-6605-4fdc-8d0e-9fe202378cb7 to target datanode dd8ee5d2-e7f7-433c-8670-3d9c860724d2
2023-09-07 14:19:58,512 [main] DEBUG balancer.ContainerBalancerTask (ContainerBalancerTask.java:lambda$moveContainer$3(837)) - Container move completed for container #39 from source 77dfbcba-6605-4fdc-8d0e-9fe202378cb7 to target dd8ee5d2-e7f7-433c-8670-3d9c860724d2
2023-09-07 14:19:58,515 [main] DEBUG balancer.ContainerBalancerTask (ContainerBalancerTask.java:matchSourceWithTarget(708)) - ContainerBalancer is finding suitable target for source datanode c5c85e31-a19b-4272-a22a-e6cb0cee2697
2023-09-07 14:19:58,515 [main] INFO  balancer.ContainerBalancerTask (ContainerBalancerTask.java:matchSourceWithTarget(722)) - ContainerBalancer matched source datanode c5c85e31-a19b-4272-a22a-e6cb0cee2697 with target datanode 78c33e4e-d029-4a9e-a807-e422689b4b08 for container move.
2023-09-07 14:19:58,515 [main] INFO  balancer.ContainerBalancerTask (ContainerBalancerTask.java:processMoveSelection(569)) - ContainerBalancer is trying to move container #88 with size 3221225472B from source datanode c5c85e31-a19b-4272-a22a-e6cb0cee2697 to target datanode 78c33e4e-d029-4a9e-a807-e422689b4b08
2023-09-07 14:19:58,515 [main] DEBUG balancer.ContainerBalancerTask (ContainerBalancerTask.java:lambda$moveContainer$3(837)) - Container move completed for container #88 from source c5c85e31-a19b-4272-a22a-e6cb0cee2697 to target 78c33e4e-d029-4a9e-a807-e422689b4b08
2023-09-07 14:19:58,518 [main] DEBUG balancer.ContainerBalancerTask (ContainerBalancerTask.java:matchSourceWithTarget(708)) - ContainerBalancer is finding suitable target for source datanode 248ac389-ea7e-46b0-9205-df1e39f8f0b0
2023-09-07 14:19:58,518 [main] INFO  balancer.ContainerBalancerTask (ContainerBalancerTask.java:matchSourceWithTarget(722)) - ContainerBalancer matched source datanode 248ac389-ea7e-46b0-9205-df1e39f8f0b0 with target datanode dce3138a-b1d4-4857-bfab-faeb886e2eb0 for container move.
2023-09-07 14:19:58,518 [main] INFO  balancer.ContainerBalancerTask (ContainerBalancerTask.java:processMoveSelection(569)) - ContainerBalancer is trying to move container #11 with size 3221225472B from source datanode 248ac389-ea7e-46b0-9205-df1e39f8f0b0 to target datanode dce3138a-b1d4-4857-bfab-faeb886e2eb0
2023-09-07 14:19:58,518 [main] DEBUG balancer.ContainerBalancerTask (ContainerBalancerTask.java:lambda$moveContainer$3(837)) - Container move completed for container #11 from source 248ac389-ea7e-46b0-9205-df1e39f8f0b0 to target dce3138a-b1d4-4857-bfab-faeb886e2eb0
2023-09-07 14:19:58,521 [main] DEBUG balancer.ContainerBalancerTask (ContainerBalancerTask.java:matchSourceWithTarget(708)) - ContainerBalancer is finding suitable target for source datanode 421584f2-e4cc-47d8-8aed-944c88f08bcd
2023-09-07 14:19:58,521 [main] INFO  balancer.ContainerBalancerTask (ContainerBalancerTask.java:matchSourceWithTarget(722)) - ContainerBalancer matched source datanode 421584f2-e4cc-47d8-8aed-944c88f08bcd with target datanode dce3138a-b1d4-4857-bfab-faeb886e2eb0 for container move.
2023-09-07 14:19:58,521 [main] INFO  balancer.ContainerBalancerTask (ContainerBalancerTask.java:processMoveSelection(569)) - ContainerBalancer is trying to move container #49 with size 1073741824B from source datanode 421584f2-e4cc-47d8-8aed-944c88f08bcd to target datanode dce3138a-b1d4-4857-bfab-faeb886e2eb0
2023-09-07 14:19:58,521 [main] DEBUG balancer.ContainerBalancerTask (ContainerBalancerTask.java:lambda$moveContainer$3(837)) - Container move completed for container #49 from source 421584f2-e4cc-47d8-8aed-944c88f08bcd to target dce3138a-b1d4-4857-bfab-faeb886e2eb0
2023-09-07 14:19:58,521 [main] WARN  balancer.ContainerBalancerTask (ContainerBalancerTask.java:reachedMaxSizeToMovePerIteration(733)) - Reached max size to move limit. 53687091200 bytes have already been scheduled for balancing and the limit is 53687091200 bytes.
2023-09-07 14:19:58,521 [main] INFO  balancer.ContainerBalancerTask (ContainerBalancerTask.java:checkIterationMoveResults(642)) - Iteration Summary. Number of Datanodes involved: 7. Size moved: 50 GB (53687091200 Bytes). Number of Container moves completed: 13.
2023-09-07 14:19:58,521 [main] INFO  balancer.ContainerBalancerTask (ContainerBalancerTask.java:balance(259)) - Result of this iteration of Container Balancer: ITERATION_COMPLETED
2023-09-07 14:19:58,521 [main] INFO  balancer.ContainerBalancerTask (ContainerBalancerTask.java:tryStopWithSaveConfiguration(308)) - Save Configuration for stopping. Reason: Completed all iterations.
2023-09-07 14:19:58,522 [main] DEBUG balancer.ContainerBalancerTask (ContainerBalancerTask.java:initializeIteration(374)) - Average utilization of the cluster is 0.3421445052540577
2023-09-07 14:19:58,522 [main] DEBUG balancer.ContainerBalancerTask (ContainerBalancerTask.java:initializeIteration(386)) - Lower limit for utilization is -0.36311532461433227 and Upper limit for utilization is 1.0474043351224478
2023-09-07 14:19:58,522 [main] DEBUG balancer.ContainerBalancerTask (ContainerBalancerTask.java:initializeIteration(398)) - Utilization for node c5c85e31-a19b-4272-a22a-e6cb0cee2697 with capacity 63231462968B, used 56908316672B, and remaining 6323146296B is 0.9000000000126519
2023-09-07 14:19:58,522 [main] DEBUG balancer.ContainerBalancerTask (ContainerBalancerTask.java:initializeIteration(398)) - Utilization for node 248ac389-ea7e-46b0-9205-df1e39f8f0b0 with capacity 60397977600B, used 48318382080B, and remaining 12079595520B is 0.8
2023-09-07 14:19:58,523 [main] DEBUG balancer.ContainerBalancerTask (ContainerBalancerTask.java:initializeIteration(398)) - Utilization for node 421584f2-e4cc-47d8-8aed-944c88f08bcd with capacity 67492343222B, used 47244640256B, and remaining 20247702966B is 0.7000000000088898
2023-09-07 14:19:58,523 [main] DEBUG balancer.ContainerBalancerTask (ContainerBalancerTask.java:initializeIteration(398)) - Utilization for node 77dfbcba-6605-4fdc-8d0e-9fe202378cb7 with capacity 69793218560B, used 41875931136B, and remaining 27917287424B is 0.6
2023-09-07 14:19:58,523 [main] DEBUG balancer.ContainerBalancerTask (ContainerBalancerTask.java:initializeIteration(398)) - Utilization for node 5b777bfe-eb24-4b97-bd1c-28e1b122001c with capacity 85899345920B, used 42949672960B, and remaining 42949672960B is 0.5
2023-09-07 14:19:58,523 [main] DEBUG balancer.ContainerBalancerTask (ContainerBalancerTask.java:initializeIteration(398)) - Utilization for node ca939f99-ab0b-4d29-a42f-f44b56056ae7 with capacity 83214991360B, used 33285996544B, and remaining 49928994816B is 0.4
2023-09-07 14:19:58,523 [main] DEBUG balancer.ContainerBalancerTask (ContainerBalancerTask.java:initializeIteration(398)) - Utilization for node f1108a0e-23cf-44a7-85cb-287ff4c7c6ee with capacity 139586437120B, used 41875931136B, and remaining 97710505984B is 0.3
2023-09-07 14:19:58,523 [main] DEBUG balancer.ContainerBalancerTask (ContainerBalancerTask.java:initializeIteration(398)) - Utilization for node dd8ee5d2-e7f7-433c-8670-3d9c860724d2 with capacity 177167400960B, used 35433480192B, and remaining 141733920768B is 0.2
2023-09-07 14:19:58,523 [main] DEBUG balancer.ContainerBalancerTask (ContainerBalancerTask.java:initializeIteration(398)) - Utilization for node dce3138a-b1d4-4857-bfab-faeb886e2eb0 with capacity 343597383680B, used 34359738368B, and remaining 309237645312B is 0.1
2023-09-07 14:19:58,523 [main] DEBUG balancer.ContainerBalancerTask (ContainerBalancerTask.java:initializeIteration(398)) - Utilization for node 78c33e4e-d029-4a9e-a807-e422689b4b08 with capacity 26843545600B, used 0B, and remaining 26843545600B is 0.0
2023-09-07 14:19:58,523 [main] INFO  balancer.ContainerBalancerTask (ContainerBalancerTask.java:initializeIteration(443)) - Did not find any unbalanced Datanodes.
2023-09-07 14:19:58,523 [main] INFO  balancer.ContainerBalancerTask (ContainerBalancerTask.java:tryStopWithSaveConfiguration(308)) - Save Configuration for stopping. Reason: Could not initialize ContainerBalancer's iteration number 0
2023-09-07 14:19:58,524 [main] DEBUG balancer.ContainerBalancerTask (ContainerBalancerTask.java:initializeIteration(374)) - Average utilization of the cluster is 0.3421445052540577
2023-09-07 14:19:58,524 [main] DEBUG balancer.ContainerBalancerTask (ContainerBalancerTask.java:initializeIteration(386)) - Lower limit for utilization is -0.44433677524254833 and Upper limit for utilization is 1.1286257857506636
2023-09-07 14:19:58,524 [main] DEBUG balancer.ContainerBalancerTask (ContainerBalancerTask.java:initializeIteration(398)) - Utilization for node c5c85e31-a19b-4272-a22a-e6cb0cee2697 with capacity 63231462968B, used 56908316672B, and remaining 6323146296B is 0.9000000000126519
2023-09-07 14:19:58,524 [main] DEBUG balancer.ContainerBalancerTask (ContainerBalancerTask.java:initializeIteration(398)) - Utilization for node 248ac389-ea7e-46b0-9205-df1e39f8f0b0 with capacity 60397977600B, used 48318382080B, and remaining 12079595520B is 0.8
2023-09-07 14:19:58,524 [main] DEBUG balancer.ContainerBalancerTask (ContainerBalancerTask.java:initializeIteration(398)) - Utilization for node 421584f2-e4cc-47d8-8aed-944c88f08bcd with capacity 67492343222B, used 47244640256B, and remaining 20247702966B is 0.7000000000088898
2023-09-07 14:19:58,524 [main] DEBUG balancer.ContainerBalancerTask (ContainerBalancerTask.java:initializeIteration(398)) - Utilization for node 77dfbcba-6605-4fdc-8d0e-9fe202378cb7 with capacity 69793218560B, used 41875931136B, and remaining 27917287424B is 0.6
2023-09-07 14:19:58,524 [main] DEBUG balancer.ContainerBalancerTask (ContainerBalancerTask.java:initializeIteration(398)) - Utilization for node 5b777bfe-eb24-4b97-bd1c-28e1b122001c with capacity 85899345920B, used 42949672960B, and remaining 42949672960B is 0.5
2023-09-07 14:19:58,524 [main] DEBUG balancer.ContainerBalancerTask (ContainerBalancerTask.java:initializeIteration(398)) - Utilization for node ca939f99-ab0b-4d29-a42f-f44b56056ae7 with capacity 83214991360B, used 33285996544B, and remaining 49928994816B is 0.4
2023-09-07 14:19:58,525 [main] DEBUG balancer.ContainerBalancerTask (ContainerBalancerTask.java:initializeIteration(398)) - Utilization for node f1108a0e-23cf-44a7-85cb-287ff4c7c6ee with capacity 139586437120B, used 41875931136B, and remaining 97710505984B is 0.3
2023-09-07 14:19:58,525 [main] DEBUG balancer.ContainerBalancerTask (ContainerBalancerTask.java:initializeIteration(398)) - Utilization for node dd8ee5d2-e7f7-433c-8670-3d9c860724d2 with capacity 177167400960B, used 35433480192B, and remaining 141733920768B is 0.2
2023-09-07 14:19:58,525 [main] DEBUG balancer.ContainerBalancerTask (ContainerBalancerTask.java:initializeIteration(398)) - Utilization for node dce3138a-b1d4-4857-bfab-faeb886e2eb0 with capacity 343597383680B, used 34359738368B, and remaining 309237645312B is 0.1
2023-09-07 14:19:58,525 [main] DEBUG balancer.ContainerBalancerTask (ContainerBalancerTask.java:initializeIteration(398)) - Utilization for node 78c33e4e-d029-4a9e-a807-e422689b4b08 with capacity 26843545600B, used 0B, and remaining 26843545600B is 0.0
2023-09-07 14:19:58,525 [main] INFO  balancer.ContainerBalancerTask (ContainerBalancerTask.java:initializeIteration(443)) - Did not find any unbalanced Datanodes.
2023-09-07 14:19:58,525 [main] INFO  balancer.ContainerBalancerTask (ContainerBalancerTask.java:tryStopWithSaveConfiguration(308)) - Save Configuration for stopping. Reason: Could not initialize ContainerBalancer's iteration number 0
2023-09-07 14:19:58,526 [main] DEBUG balancer.ContainerBalancerTask (ContainerBalancerTask.java:initializeIteration(374)) - Average utilization of the cluster is 0.3421445052540577
2023-09-07 14:19:58,526 [main] DEBUG balancer.ContainerBalancerTask (ContainerBalancerTask.java:initializeIteration(386)) - Lower limit for utilization is 0.008290216544772577 and Upper limit for utilization is 0.6759987939633428
2023-09-07 14:19:58,526 [main] DEBUG balancer.ContainerBalancerTask (ContainerBalancerTask.java:initializeIteration(398)) - Utilization for node c5c85e31-a19b-4272-a22a-e6cb0cee2697 with capacity 63231462968B, used 56908316672B, and remaining 6323146296B is 0.9000000000126519
2023-09-07 14:19:58,526 [main] DEBUG balancer.ContainerBalancerTask (ContainerBalancerTask.java:initializeIteration(398)) - Utilization for node 248ac389-ea7e-46b0-9205-df1e39f8f0b0 with capacity 60397977600B, used 48318382080B, and remaining 12079595520B is 0.8
2023-09-07 14:19:58,526 [main] DEBUG balancer.ContainerBalancerTask (ContainerBalancerTask.java:initializeIteration(398)) - Utilization for node 421584f2-e4cc-47d8-8aed-944c88f08bcd with capacity 67492343222B, used 47244640256B, and remaining 20247702966B is 0.7000000000088898
2023-09-07 14:19:58,526 [main] DEBUG balancer.ContainerBalancerTask (ContainerBalancerTask.java:initializeIteration(398)) - Utilization for node 77dfbcba-6605-4fdc-8d0e-9fe202378cb7 with capacity 69793218560B, used 41875931136B, and remaining 27917287424B is 0.6
2023-09-07 14:19:58,526 [main] DEBUG balancer.ContainerBalancerTask (ContainerBalancerTask.java:initializeIteration(398)) - Utilization for node 5b777bfe-eb24-4b97-bd1c-28e1b122001c with capacity 85899345920B, used 42949672960B, and remaining 42949672960B is 0.5
2023-09-07 14:19:58,526 [main] DEBUG balancer.ContainerBalancerTask (ContainerBalancerTask.java:initializeIteration(398)) - Utilization for node ca939f99-ab0b-4d29-a42f-f44b56056ae7 with capacity 83214991360B, used 33285996544B, and remaining 49928994816B is 0.4
2023-09-07 14:19:58,526 [main] DEBUG balancer.ContainerBalancerTask (ContainerBalancerTask.java:initializeIteration(398)) - Utilization for node f1108a0e-23cf-44a7-85cb-287ff4c7c6ee with capacity 139586437120B, used 41875931136B, and remaining 97710505984B is 0.3
2023-09-07 14:19:58,526 [main] DEBUG balancer.ContainerBalancerTask (ContainerBalancerTask.java:initializeIteration(398)) - Utilization for node dd8ee5d2-e7f7-433c-8670-3d9c860724d2 with capacity 177167400960B, used 35433480192B, and remaining 141733920768B is 0.2
2023-09-07 14:19:58,526 [main] DEBUG balancer.ContainerBalancerTask (ContainerBalancerTask.java:initializeIteration(398)) - Utilization for node dce3138a-b1d4-4857-bfab-faeb886e2eb0 with capacity 343597383680B, used 34359738368B, and remaining 309237645312B is 0.1
2023-09-07 14:19:58,527 [main] DEBUG balancer.ContainerBalancerTask (ContainerBalancerTask.java:initializeIteration(398)) - Utilization for node 78c33e4e-d029-4a9e-a807-e422689b4b08 with capacity 26843545600B, used 0B, and remaining 26843545600B is 0.0
2023-09-07 14:19:58,527 [main] INFO  balancer.ContainerBalancerTask (ContainerBalancerTask.java:initializeIteration(447)) - Container Balancer has identified 3 Over-Utilized and 1 Under-Utilized Datanodes that need to be balanced.
2023-09-07 14:19:58,527 [main] DEBUG balancer.ContainerBalancerTask (ContainerBalancerTask.java:lambda$initializeIteration$1(453)) - Datanode localhost-98.159.20.181 c5c85e31-a19b-4272-a22a-e6cb0cee2697 is Over-Utilized.
2023-09-07 14:19:58,527 [main] DEBUG balancer.ContainerBalancerTask (ContainerBalancerTask.java:lambda$initializeIteration$1(453)) - Datanode localhost-195.53.202.168 248ac389-ea7e-46b0-9205-df1e39f8f0b0 is Over-Utilized.
2023-09-07 14:19:58,527 [main] DEBUG balancer.ContainerBalancerTask (ContainerBalancerTask.java:lambda$initializeIteration$1(453)) - Datanode localhost-130.14.218.10 421584f2-e4cc-47d8-8aed-944c88f08bcd is Over-Utilized.
2023-09-07 14:19:58,527 [main] DEBUG balancer.ContainerBalancerTask (ContainerBalancerTask.java:lambda$initializeIteration$2(459)) - Datanode localhost-61.34.16.17 78c33e4e-d029-4a9e-a807-e422689b4b08 is Under-Utilized.
2023-09-07 14:19:58,529 [main] DEBUG balancer.ContainerBalancerTask (ContainerBalancerTask.java:matchSourceWithTarget(708)) - ContainerBalancer is finding suitable target for source datanode c5c85e31-a19b-4272-a22a-e6cb0cee2697
2023-09-07 14:19:58,530 [main] INFO  balancer.ContainerBalancerTask (ContainerBalancerTask.java:matchSourceWithTarget(722)) - ContainerBalancer matched source datanode c5c85e31-a19b-4272-a22a-e6cb0cee2697 with target datanode 78c33e4e-d029-4a9e-a807-e422689b4b08 for container move.
2023-09-07 14:19:58,530 [main] INFO  balancer.ContainerBalancerTask (ContainerBalancerTask.java:processMoveSelection(569)) - ContainerBalancer is trying to move container #85 with size 5368709120B from source datanode c5c85e31-a19b-4272-a22a-e6cb0cee2697 to target datanode 78c33e4e-d029-4a9e-a807-e422689b4b08
2023-09-07 14:19:58,530 [main] DEBUG balancer.ContainerBalancerTask (ContainerBalancerTask.java:lambda$moveContainer$3(837)) - Container move completed for container #85 from source c5c85e31-a19b-4272-a22a-e6cb0cee2697 to target 78c33e4e-d029-4a9e-a807-e422689b4b08
2023-09-07 14:19:58,532 [main] DEBUG balancer.ContainerBalancerTask (ContainerBalancerTask.java:matchSourceWithTarget(708)) - ContainerBalancer is finding suitable target for source datanode c5c85e31-a19b-4272-a22a-e6cb0cee2697
2023-09-07 14:19:58,532 [main] INFO  balancer.ContainerBalancerTask (ContainerBalancerTask.java:matchSourceWithTarget(722)) - ContainerBalancer matched source datanode c5c85e31-a19b-4272-a22a-e6cb0cee2697 with target datanode 78c33e4e-d029-4a9e-a807-e422689b4b08 for container move.
2023-09-07 14:19:58,533 [main] INFO  balancer.ContainerBalancerTask (ContainerBalancerTask.java:processMoveSelection(569)) - ContainerBalancer is trying to move container #68 with size 5368709120B from source datanode c5c85e31-a19b-4272-a22a-e6cb0cee2697 to target datanode 78c33e4e-d029-4a9e-a807-e422689b4b08
2023-09-07 14:19:58,533 [main] DEBUG balancer.ContainerBalancerTask (ContainerBalancerTask.java:lambda$moveContainer$3(837)) - Container move completed for container #68 from source c5c85e31-a19b-4272-a22a-e6cb0cee2697 to target 78c33e4e-d029-4a9e-a807-e422689b4b08
2023-09-07 14:19:58,535 [main] DEBUG balancer.ContainerBalancerTask (ContainerBalancerTask.java:matchSourceWithTarget(708)) - ContainerBalancer is finding suitable target for source datanode 248ac389-ea7e-46b0-9205-df1e39f8f0b0
2023-09-07 14:19:58,535 [main] INFO  balancer.ContainerBalancerTask (ContainerBalancerTask.java:matchSourceWithTarget(722)) - ContainerBalancer matched source datanode 248ac389-ea7e-46b0-9205-df1e39f8f0b0 with target datanode 78c33e4e-d029-4a9e-a807-e422689b4b08 for container move.
2023-09-07 14:19:58,535 [main] INFO  balancer.ContainerBalancerTask (ContainerBalancerTask.java:processMoveSelection(569)) - ContainerBalancer is trying to move container #29 with size 5368709120B from source datanode 248ac389-ea7e-46b0-9205-df1e39f8f0b0 to target datanode 78c33e4e-d029-4a9e-a807-e422689b4b08
2023-09-07 14:19:58,535 [main] DEBUG balancer.ContainerBalancerTask (ContainerBalancerTask.java:lambda$moveContainer$3(837)) - Container move completed for container #29 from source 248ac389-ea7e-46b0-9205-df1e39f8f0b0 to target 78c33e4e-d029-4a9e-a807-e422689b4b08
2023-09-07 14:19:58,538 [main] DEBUG balancer.ContainerBalancerTask (ContainerBalancerTask.java:matchSourceWithTarget(708)) - ContainerBalancer is finding suitable target for source datanode c5c85e31-a19b-4272-a22a-e6cb0cee2697
2023-09-07 14:19:58,539 [main] INFO  balancer.ContainerBalancerTask (ContainerBalancerTask.java:matchSourceWithTarget(722)) - ContainerBalancer matched source datanode c5c85e31-a19b-4272-a22a-e6cb0cee2697 with target datanode 78c33e4e-d029-4a9e-a807-e422689b4b08 for container move.
2023-09-07 14:19:58,539 [main] INFO  balancer.ContainerBalancerTask (ContainerBalancerTask.java:processMoveSelection(569)) - ContainerBalancer is trying to move container #86 with size 1073741824B from source datanode c5c85e31-a19b-4272-a22a-e6cb0cee2697 to target datanode 78c33e4e-d029-4a9e-a807-e422689b4b08
2023-09-07 14:19:58,539 [main] DEBUG balancer.ContainerBalancerTask (ContainerBalancerTask.java:lambda$moveContainer$3(837)) - Container move completed for container #86 from source c5c85e31-a19b-4272-a22a-e6cb0cee2697 to target 78c33e4e-d029-4a9e-a807-e422689b4b08
2023-09-07 14:19:58,541 [main] DEBUG balancer.ContainerBalancerTask (ContainerBalancerTask.java:matchSourceWithTarget(708)) - ContainerBalancer is finding suitable target for source datanode c5c85e31-a19b-4272-a22a-e6cb0cee2697
2023-09-07 14:19:58,542 [main] INFO  balancer.FindTargetGreedyByUsageInfo (AbstractFindTargetGreedy.java:findTargetForContainerMove(133)) - Container Balancer could not find a target for source datanode c5c85e31-a19b-4272-a22a-e6cb0cee2697
2023-09-07 14:19:58,542 [main] DEBUG balancer.ContainerBalancerTask (ContainerBalancerTask.java:matchSourceWithTarget(717)) - ContainerBalancer could not find a suitable target for source node c5c85e31-a19b-4272-a22a-e6cb0cee2697.
2023-09-07 14:19:58,545 [main] DEBUG balancer.ContainerBalancerTask (ContainerBalancerTask.java:matchSourceWithTarget(708)) - ContainerBalancer is finding suitable target for source datanode 248ac389-ea7e-46b0-9205-df1e39f8f0b0
2023-09-07 14:19:58,545 [main] INFO  balancer.FindTargetGreedyByUsageInfo (AbstractFindTargetGreedy.java:findTargetForContainerMove(133)) - Container Balancer could not find a target for source datanode 248ac389-ea7e-46b0-9205-df1e39f8f0b0
2023-09-07 14:19:58,546 [main] DEBUG balancer.ContainerBalancerTask (ContainerBalancerTask.java:matchSourceWithTarget(717)) - ContainerBalancer could not find a suitable target for source node 248ac389-ea7e-46b0-9205-df1e39f8f0b0.
2023-09-07 14:19:58,548 [main] DEBUG balancer.ContainerBalancerTask (ContainerBalancerTask.java:matchSourceWithTarget(708)) - ContainerBalancer is finding suitable target for source datanode 421584f2-e4cc-47d8-8aed-944c88f08bcd
2023-09-07 14:19:58,549 [main] INFO  balancer.FindTargetGreedyByUsageInfo (AbstractFindTargetGreedy.java:findTargetForContainerMove(133)) - Container Balancer could not find a target for source datanode 421584f2-e4cc-47d8-8aed-944c88f08bcd
2023-09-07 14:19:58,549 [main] DEBUG balancer.ContainerBalancerTask (ContainerBalancerTask.java:matchSourceWithTarget(717)) - ContainerBalancer could not find a suitable target for source node 421584f2-e4cc-47d8-8aed-944c88f08bcd.
2023-09-07 14:19:58,549 [main] INFO  balancer.FindSourceGreedy (FindSourceGreedy.java:getNextCandidateSourceDataNode(126)) - no more candidate source data node
2023-09-07 14:19:58,549 [main] INFO  balancer.ContainerBalancerTask (ContainerBalancerTask.java:checkIterationMoveResults(642)) - Iteration Summary. Number of Datanodes involved: 3. Size moved: 16 GB (17179869184 Bytes). Number of Container moves completed: 4.
2023-09-07 14:19:58,549 [main] INFO  balancer.ContainerBalancerTask (ContainerBalancerTask.java:balance(259)) - Result of this iteration of Container Balancer: ITERATION_COMPLETED
2023-09-07 14:19:58,549 [main] INFO  balancer.ContainerBalancerTask (ContainerBalancerTask.java:tryStopWithSaveConfiguration(308)) - Save Configuration for stopping. Reason: Completed all iterations.
2023-09-07 14:19:58,550 [main] DEBUG balancer.ContainerBalancerTask (ContainerBalancerTask.java:initializeIteration(374)) - Average utilization of the cluster is 0.3421445052540577
2023-09-07 14:19:58,550 [main] DEBUG balancer.ContainerBalancerTask (ContainerBalancerTask.java:initializeIteration(386)) - Lower limit for utilization is 0.18907977151981903 and Upper limit for utilization is 0.4952092389882964
2023-09-07 14:19:58,550 [main] DEBUG balancer.ContainerBalancerTask (ContainerBalancerTask.java:initializeIteration(398)) - Utilization for node c5c85e31-a19b-4272-a22a-e6cb0cee2697 with capacity 63231462968B, used 56908316672B, and remaining 6323146296B is 0.9000000000126519
2023-09-07 14:19:58,550 [main] DEBUG balancer.ContainerBalancerTask (ContainerBalancerTask.java:initializeIteration(398)) - Utilization for node 248ac389-ea7e-46b0-9205-df1e39f8f0b0 with capacity 60397977600B, used 48318382080B, and remaining 12079595520B is 0.8
2023-09-07 14:19:58,552 [main] DEBUG balancer.ContainerBalancerTask (ContainerBalancerTask.java:initializeIteration(398)) - Utilization for node 421584f2-e4cc-47d8-8aed-944c88f08bcd with capacity 67492343222B, used 47244640256B, and remaining 20247702966B is 0.7000000000088898
2023-09-07 14:19:58,552 [main] DEBUG balancer.ContainerBalancerTask (ContainerBalancerTask.java:initializeIteration(398)) - Utilization for node 77dfbcba-6605-4fdc-8d0e-9fe202378cb7 with capacity 69793218560B, used 41875931136B, and remaining 27917287424B is 0.6
2023-09-07 14:19:58,552 [main] DEBUG balancer.ContainerBalancerTask (ContainerBalancerTask.java:initializeIteration(398)) - Utilization for node 5b777bfe-eb24-4b97-bd1c-28e1b122001c with capacity 85899345920B, used 42949672960B, and remaining 42949672960B is 0.5
2023-09-07 14:19:58,552 [main] DEBUG balancer.ContainerBalancerTask (ContainerBalancerTask.java:initializeIteration(398)) - Utilization for node ca939f99-ab0b-4d29-a42f-f44b56056ae7 with capacity 83214991360B, used 33285996544B, and remaining 49928994816B is 0.4
2023-09-07 14:19:58,552 [main] DEBUG balancer.ContainerBalancerTask (ContainerBalancerTask.java:initializeIteration(398)) - Utilization for node f1108a0e-23cf-44a7-85cb-287ff4c7c6ee with capacity 139586437120B, used 41875931136B, and remaining 97710505984B is 0.3
2023-09-07 14:19:58,552 [main] DEBUG balancer.ContainerBalancerTask (ContainerBalancerTask.java:initializeIteration(398)) - Utilization for node dd8ee5d2-e7f7-433c-8670-3d9c860724d2 with capacity 177167400960B, used 35433480192B, and remaining 141733920768B is 0.2
2023-09-07 14:19:58,552 [main] DEBUG balancer.ContainerBalancerTask (ContainerBalancerTask.java:initializeIteration(398)) - Utilization for node dce3138a-b1d4-4857-bfab-faeb886e2eb0 with capacity 343597383680B, used 34359738368B, and remaining 309237645312B is 0.1
2023-09-07 14:19:58,552 [main] DEBUG balancer.ContainerBalancerTask (ContainerBalancerTask.java:initializeIteration(398)) - Utilization for node 78c33e4e-d029-4a9e-a807-e422689b4b08 with capacity 26843545600B, used 0B, and remaining 26843545600B is 0.0
2023-09-07 14:19:58,552 [main] INFO  balancer.ContainerBalancerTask (ContainerBalancerTask.java:initializeIteration(447)) - Container Balancer has identified 5 Over-Utilized and 2 Under-Utilized Datanodes that need to be balanced.
2023-09-07 14:19:58,552 [main] DEBUG balancer.ContainerBalancerTask (ContainerBalancerTask.java:lambda$initializeIteration$1(453)) - Datanode localhost-98.159.20.181 c5c85e31-a19b-4272-a22a-e6cb0cee2697 is Over-Utilized.
2023-09-07 14:19:58,553 [main] DEBUG balancer.ContainerBalancerTask (ContainerBalancerTask.java:lambda$initializeIteration$1(453)) - Datanode localhost-195.53.202.168 248ac389-ea7e-46b0-9205-df1e39f8f0b0 is Over-Utilized.
2023-09-07 14:19:58,553 [main] DEBUG balancer.ContainerBalancerTask (ContainerBalancerTask.java:lambda$initializeIteration$1(453)) - Datanode localhost-130.14.218.10 421584f2-e4cc-47d8-8aed-944c88f08bcd is Over-Utilized.
2023-09-07 14:19:58,553 [main] DEBUG balancer.ContainerBalancerTask (ContainerBalancerTask.java:lambda$initializeIteration$1(453)) - Datanode localhost-129.122.164.149 77dfbcba-6605-4fdc-8d0e-9fe202378cb7 is Over-Utilized.
2023-09-07 14:19:58,553 [main] DEBUG balancer.ContainerBalancerTask (ContainerBalancerTask.java:lambda$initializeIteration$1(453)) - Datanode localhost-48.199.75.188 5b777bfe-eb24-4b97-bd1c-28e1b122001c is Over-Utilized.
2023-09-07 14:19:58,553 [main] DEBUG balancer.ContainerBalancerTask (ContainerBalancerTask.java:lambda$initializeIteration$2(459)) - Datanode localhost-61.34.16.17 78c33e4e-d029-4a9e-a807-e422689b4b08 is Under-Utilized.
2023-09-07 14:19:58,553 [main] DEBUG balancer.ContainerBalancerTask (ContainerBalancerTask.java:lambda$initializeIteration$2(459)) - Datanode localhost-151.238.238.245 dce3138a-b1d4-4857-bfab-faeb886e2eb0 is Under-Utilized.
2023-09-07 14:19:58,555 [main] DEBUG balancer.ContainerBalancerTask (ContainerBalancerTask.java:matchSourceWithTarget(708)) - ContainerBalancer is finding suitable target for source datanode c5c85e31-a19b-4272-a22a-e6cb0cee2697
2023-09-07 14:19:58,556 [main] INFO  balancer.ContainerBalancerTask (ContainerBalancerTask.java:matchSourceWithTarget(722)) - ContainerBalancer matched source datanode c5c85e31-a19b-4272-a22a-e6cb0cee2697 with target datanode 78c33e4e-d029-4a9e-a807-e422689b4b08 for container move.
2023-09-07 14:19:58,556 [main] INFO  balancer.ContainerBalancerTask (ContainerBalancerTask.java:processMoveSelection(569)) - ContainerBalancer is trying to move container #85 with size 5368709120B from source datanode c5c85e31-a19b-4272-a22a-e6cb0cee2697 to target datanode 78c33e4e-d029-4a9e-a807-e422689b4b08
2023-09-07 14:19:58,556 [main] DEBUG balancer.ContainerBalancerTask (ContainerBalancerTask.java:lambda$moveContainer$3(837)) - Container move completed for container #85 from source c5c85e31-a19b-4272-a22a-e6cb0cee2697 to target 78c33e4e-d029-4a9e-a807-e422689b4b08
2023-09-07 14:19:58,558 [main] DEBUG balancer.ContainerBalancerTask (ContainerBalancerTask.java:matchSourceWithTarget(708)) - ContainerBalancer is finding suitable target for source datanode c5c85e31-a19b-4272-a22a-e6cb0cee2697
2023-09-07 14:19:58,559 [main] INFO  balancer.ContainerBalancerTask (ContainerBalancerTask.java:matchSourceWithTarget(722)) - ContainerBalancer matched source datanode c5c85e31-a19b-4272-a22a-e6cb0cee2697 with target datanode dce3138a-b1d4-4857-bfab-faeb886e2eb0 for container move.
2023-09-07 14:19:58,559 [main] INFO  balancer.ContainerBalancerTask (ContainerBalancerTask.java:processMoveSelection(569)) - ContainerBalancer is trying to move container #68 with size 5368709120B from source datanode c5c85e31-a19b-4272-a22a-e6cb0cee2697 to target datanode dce3138a-b1d4-4857-bfab-faeb886e2eb0
2023-09-07 14:19:58,559 [main] DEBUG balancer.ContainerBalancerTask (ContainerBalancerTask.java:lambda$moveContainer$3(837)) - Container move completed for container #68 from source c5c85e31-a19b-4272-a22a-e6cb0cee2697 to target dce3138a-b1d4-4857-bfab-faeb886e2eb0
2023-09-07 14:19:58,561 [main] DEBUG balancer.ContainerBalancerTask (ContainerBalancerTask.java:matchSourceWithTarget(708)) - ContainerBalancer is finding suitable target for source datanode 248ac389-ea7e-46b0-9205-df1e39f8f0b0
2023-09-07 14:19:58,561 [main] INFO  balancer.ContainerBalancerTask (ContainerBalancerTask.java:matchSourceWithTarget(722)) - ContainerBalancer matched source datanode 248ac389-ea7e-46b0-9205-df1e39f8f0b0 with target datanode dce3138a-b1d4-4857-bfab-faeb886e2eb0 for container move.
2023-09-07 14:19:58,561 [main] INFO  balancer.ContainerBalancerTask (ContainerBalancerTask.java:processMoveSelection(569)) - ContainerBalancer is trying to move container #29 with size 5368709120B from source datanode 248ac389-ea7e-46b0-9205-df1e39f8f0b0 to target datanode dce3138a-b1d4-4857-bfab-faeb886e2eb0
2023-09-07 14:19:58,561 [main] DEBUG balancer.ContainerBalancerTask (ContainerBalancerTask.java:lambda$moveContainer$3(837)) - Container move completed for container #29 from source 248ac389-ea7e-46b0-9205-df1e39f8f0b0 to target dce3138a-b1d4-4857-bfab-faeb886e2eb0
2023-09-07 14:19:58,564 [main] DEBUG balancer.ContainerBalancerTask (ContainerBalancerTask.java:matchSourceWithTarget(708)) - ContainerBalancer is finding suitable target for source datanode c5c85e31-a19b-4272-a22a-e6cb0cee2697
2023-09-07 14:19:58,564 [main] INFO  balancer.ContainerBalancerTask (ContainerBalancerTask.java:matchSourceWithTarget(722)) - ContainerBalancer matched source datanode c5c85e31-a19b-4272-a22a-e6cb0cee2697 with target datanode dce3138a-b1d4-4857-bfab-faeb886e2eb0 for container move.
2023-09-07 14:19:58,564 [main] INFO  balancer.ContainerBalancerTask (ContainerBalancerTask.java:processMoveSelection(569)) - ContainerBalancer is trying to move container #89 with size 4294967296B from source datanode c5c85e31-a19b-4272-a22a-e6cb0cee2697 to target datanode dce3138a-b1d4-4857-bfab-faeb886e2eb0
2023-09-07 14:19:58,564 [main] DEBUG balancer.ContainerBalancerTask (ContainerBalancerTask.java:lambda$moveContainer$3(837)) - Container move completed for container #89 from source c5c85e31-a19b-4272-a22a-e6cb0cee2697 to target dce3138a-b1d4-4857-bfab-faeb886e2eb0
2023-09-07 14:19:58,567 [main] DEBUG balancer.ContainerBalancerTask (ContainerBalancerTask.java:matchSourceWithTarget(708)) - ContainerBalancer is finding suitable target for source datanode 248ac389-ea7e-46b0-9205-df1e39f8f0b0
2023-09-07 14:19:58,567 [main] INFO  balancer.ContainerBalancerTask (ContainerBalancerTask.java:matchSourceWithTarget(722)) - ContainerBalancer matched source datanode 248ac389-ea7e-46b0-9205-df1e39f8f0b0 with target datanode dce3138a-b1d4-4857-bfab-faeb886e2eb0 for container move.
2023-09-07 14:19:58,567 [main] INFO  balancer.ContainerBalancerTask (ContainerBalancerTask.java:processMoveSelection(569)) - ContainerBalancer is trying to move container #67 with size 4294967296B from source datanode 248ac389-ea7e-46b0-9205-df1e39f8f0b0 to target datanode dce3138a-b1d4-4857-bfab-faeb886e2eb0
2023-09-07 14:19:58,567 [main] DEBUG balancer.ContainerBalancerTask (ContainerBalancerTask.java:lambda$moveContainer$3(837)) - Container move completed for container #67 from source 248ac389-ea7e-46b0-9205-df1e39f8f0b0 to target dce3138a-b1d4-4857-bfab-faeb886e2eb0
2023-09-07 14:19:58,569 [main] DEBUG balancer.ContainerBalancerTask (ContainerBalancerTask.java:matchSourceWithTarget(708)) - ContainerBalancer is finding suitable target for source datanode 421584f2-e4cc-47d8-8aed-944c88f08bcd
2023-09-07 14:19:58,570 [main] INFO  balancer.ContainerBalancerTask (ContainerBalancerTask.java:matchSourceWithTarget(722)) - ContainerBalancer matched source datanode 421584f2-e4cc-47d8-8aed-944c88f08bcd with target datanode dce3138a-b1d4-4857-bfab-faeb886e2eb0 for container move.
2023-09-07 14:19:58,570 [main] INFO  balancer.ContainerBalancerTask (ContainerBalancerTask.java:processMoveSelection(569)) - ContainerBalancer is trying to move container #53 with size 5368709120B from source datanode 421584f2-e4cc-47d8-8aed-944c88f08bcd to target datanode dce3138a-b1d4-4857-bfab-faeb886e2eb0
2023-09-07 14:19:58,570 [main] DEBUG balancer.ContainerBalancerTask (ContainerBalancerTask.java:lambda$moveContainer$3(837)) - Container move completed for container #53 from source 421584f2-e4cc-47d8-8aed-944c88f08bcd to target dce3138a-b1d4-4857-bfab-faeb886e2eb0
2023-09-07 14:19:58,573 [main] DEBUG balancer.ContainerBalancerTask (ContainerBalancerTask.java:matchSourceWithTarget(708)) - ContainerBalancer is finding suitable target for source datanode c5c85e31-a19b-4272-a22a-e6cb0cee2697
2023-09-07 14:19:58,573 [main] INFO  balancer.ContainerBalancerTask (ContainerBalancerTask.java:matchSourceWithTarget(722)) - ContainerBalancer matched source datanode c5c85e31-a19b-4272-a22a-e6cb0cee2697 with target datanode dce3138a-b1d4-4857-bfab-faeb886e2eb0 for container move.
2023-09-07 14:19:58,573 [main] INFO  balancer.ContainerBalancerTask (ContainerBalancerTask.java:processMoveSelection(569)) - ContainerBalancer is trying to move container #84 with size 4294967296B from source datanode c5c85e31-a19b-4272-a22a-e6cb0cee2697 to target datanode dce3138a-b1d4-4857-bfab-faeb886e2eb0
2023-09-07 14:19:58,573 [main] DEBUG balancer.ContainerBalancerTask (ContainerBalancerTask.java:lambda$moveContainer$3(837)) - Container move completed for container #84 from source c5c85e31-a19b-4272-a22a-e6cb0cee2697 to target dce3138a-b1d4-4857-bfab-faeb886e2eb0
2023-09-07 14:19:58,575 [main] DEBUG balancer.ContainerBalancerTask (ContainerBalancerTask.java:matchSourceWithTarget(708)) - ContainerBalancer is finding suitable target for source datanode 248ac389-ea7e-46b0-9205-df1e39f8f0b0
2023-09-07 14:19:58,575 [main] INFO  balancer.ContainerBalancerTask (ContainerBalancerTask.java:matchSourceWithTarget(722)) - ContainerBalancer matched source datanode 248ac389-ea7e-46b0-9205-df1e39f8f0b0 with target datanode dce3138a-b1d4-4857-bfab-faeb886e2eb0 for container move.
2023-09-07 14:19:58,576 [main] INFO  balancer.ContainerBalancerTask (ContainerBalancerTask.java:processMoveSelection(569)) - ContainerBalancer is trying to move container #66 with size 3221225472B from source datanode 248ac389-ea7e-46b0-9205-df1e39f8f0b0 to target datanode dce3138a-b1d4-4857-bfab-faeb886e2eb0
2023-09-07 14:19:58,576 [main] DEBUG balancer.ContainerBalancerTask (ContainerBalancerTask.java:lambda$moveContainer$3(837)) - Container move completed for container #66 from source 248ac389-ea7e-46b0-9205-df1e39f8f0b0 to target dce3138a-b1d4-4857-bfab-faeb886e2eb0
2023-09-07 14:19:58,578 [main] DEBUG balancer.ContainerBalancerTask (ContainerBalancerTask.java:matchSourceWithTarget(708)) - ContainerBalancer is finding suitable target for source datanode 421584f2-e4cc-47d8-8aed-944c88f08bcd
2023-09-07 14:19:58,578 [main] INFO  balancer.ContainerBalancerTask (ContainerBalancerTask.java:matchSourceWithTarget(722)) - ContainerBalancer matched source datanode 421584f2-e4cc-47d8-8aed-944c88f08bcd with target datanode dce3138a-b1d4-4857-bfab-faeb886e2eb0 for container move.
2023-09-07 14:19:58,578 [main] INFO  balancer.ContainerBalancerTask (ContainerBalancerTask.java:processMoveSelection(569)) - ContainerBalancer is trying to move container #52 with size 4294967296B from source datanode 421584f2-e4cc-47d8-8aed-944c88f08bcd to target datanode dce3138a-b1d4-4857-bfab-faeb886e2eb0
2023-09-07 14:19:58,578 [main] DEBUG balancer.ContainerBalancerTask (ContainerBalancerTask.java:lambda$moveContainer$3(837)) - Container move completed for container #52 from source 421584f2-e4cc-47d8-8aed-944c88f08bcd to target dce3138a-b1d4-4857-bfab-faeb886e2eb0
2023-09-07 14:19:58,581 [main] DEBUG balancer.ContainerBalancerTask (ContainerBalancerTask.java:matchSourceWithTarget(708)) - ContainerBalancer is finding suitable target for source datanode 77dfbcba-6605-4fdc-8d0e-9fe202378cb7
2023-09-07 14:19:58,581 [main] INFO  balancer.ContainerBalancerTask (ContainerBalancerTask.java:matchSourceWithTarget(722)) - ContainerBalancer matched source datanode 77dfbcba-6605-4fdc-8d0e-9fe202378cb7 with target datanode 78c33e4e-d029-4a9e-a807-e422689b4b08 for container move.
2023-09-07 14:19:58,581 [main] INFO  balancer.ContainerBalancerTask (ContainerBalancerTask.java:processMoveSelection(569)) - ContainerBalancer is trying to move container #40 with size 5368709120B from source datanode 77dfbcba-6605-4fdc-8d0e-9fe202378cb7 to target datanode 78c33e4e-d029-4a9e-a807-e422689b4b08
2023-09-07 14:19:58,581 [main] DEBUG balancer.ContainerBalancerTask (ContainerBalancerTask.java:lambda$moveContainer$3(837)) - Container move completed for container #40 from source 77dfbcba-6605-4fdc-8d0e-9fe202378cb7 to target 78c33e4e-d029-4a9e-a807-e422689b4b08
2023-09-07 14:19:58,584 [main] DEBUG balancer.ContainerBalancerTask (ContainerBalancerTask.java:matchSourceWithTarget(708)) - ContainerBalancer is finding suitable target for source datanode c5c85e31-a19b-4272-a22a-e6cb0cee2697
2023-09-07 14:19:58,584 [main] INFO  balancer.ContainerBalancerTask (ContainerBalancerTask.java:matchSourceWithTarget(722)) - ContainerBalancer matched source datanode c5c85e31-a19b-4272-a22a-e6cb0cee2697 with target datanode dce3138a-b1d4-4857-bfab-faeb886e2eb0 for container move.
2023-09-07 14:19:58,584 [main] INFO  balancer.ContainerBalancerTask (ContainerBalancerTask.java:processMoveSelection(569)) - ContainerBalancer is trying to move container #88 with size 3221225472B from source datanode c5c85e31-a19b-4272-a22a-e6cb0cee2697 to target datanode dce3138a-b1d4-4857-bfab-faeb886e2eb0
2023-09-07 14:19:58,584 [main] DEBUG balancer.ContainerBalancerTask (ContainerBalancerTask.java:lambda$moveContainer$3(837)) - Container move completed for container #88 from source c5c85e31-a19b-4272-a22a-e6cb0cee2697 to target dce3138a-b1d4-4857-bfab-faeb886e2eb0
2023-09-07 14:19:58,587 [main] DEBUG balancer.ContainerBalancerTask (ContainerBalancerTask.java:matchSourceWithTarget(708)) - ContainerBalancer is finding suitable target for source datanode 248ac389-ea7e-46b0-9205-df1e39f8f0b0
2023-09-07 14:19:58,587 [main] INFO  balancer.ContainerBalancerTask (ContainerBalancerTask.java:matchSourceWithTarget(722)) - ContainerBalancer matched source datanode 248ac389-ea7e-46b0-9205-df1e39f8f0b0 with target datanode dce3138a-b1d4-4857-bfab-faeb886e2eb0 for container move.
2023-09-07 14:19:58,587 [main] INFO  balancer.ContainerBalancerTask (ContainerBalancerTask.java:processMoveSelection(569)) - ContainerBalancer is trying to move container #11 with size 3221225472B from source datanode 248ac389-ea7e-46b0-9205-df1e39f8f0b0 to target datanode dce3138a-b1d4-4857-bfab-faeb886e2eb0
2023-09-07 14:19:58,587 [main] DEBUG balancer.ContainerBalancerTask (ContainerBalancerTask.java:lambda$moveContainer$3(837)) - Container move completed for container #11 from source 248ac389-ea7e-46b0-9205-df1e39f8f0b0 to target dce3138a-b1d4-4857-bfab-faeb886e2eb0
2023-09-07 14:19:58,587 [main] WARN  balancer.ContainerBalancerTask (ContainerBalancerTask.java:reachedMaxSizeToMovePerIteration(733)) - Reached max size to move limit. 53687091200 bytes have already been scheduled for balancing and the limit is 53687091200 bytes.
2023-09-07 14:19:58,588 [main] INFO  balancer.ContainerBalancerTask (ContainerBalancerTask.java:checkIterationMoveResults(642)) - Iteration Summary. Number of Datanodes involved: 6. Size moved: 50 GB (53687091200 Bytes). Number of Container moves completed: 12.
2023-09-07 14:19:58,588 [main] INFO  balancer.ContainerBalancerTask (ContainerBalancerTask.java:balance(259)) - Result of this iteration of Container Balancer: ITERATION_COMPLETED
2023-09-07 14:19:58,588 [main] INFO  balancer.ContainerBalancerTask (ContainerBalancerTask.java:tryStopWithSaveConfiguration(308)) - Save Configuration for stopping. Reason: Completed all iterations.
2023-09-07 14:19:58,589 [main] DEBUG balancer.ContainerBalancerTask (ContainerBalancerTask.java:initializeIteration(374)) - Average utilization of the cluster is 0.3421445052540577
2023-09-07 14:19:58,589 [main] DEBUG balancer.ContainerBalancerTask (ContainerBalancerTask.java:initializeIteration(386)) - Lower limit for utilization is 0.32546020313302226 and Upper limit for utilization is 0.35882880737509315
2023-09-07 14:19:58,589 [main] DEBUG balancer.ContainerBalancerTask (ContainerBalancerTask.java:initializeIteration(398)) - Utilization for node c5c85e31-a19b-4272-a22a-e6cb0cee2697 with capacity 63231462968B, used 56908316672B, and remaining 6323146296B is 0.9000000000126519
2023-09-07 14:19:58,589 [main] DEBUG balancer.ContainerBalancerTask (ContainerBalancerTask.java:initializeIteration(398)) - Utilization for node 248ac389-ea7e-46b0-9205-df1e39f8f0b0 with capacity 60397977600B, used 48318382080B, and remaining 12079595520B is 0.8
2023-09-07 14:19:58,589 [main] DEBUG balancer.ContainerBalancerTask (ContainerBalancerTask.java:initializeIteration(398)) - Utilization for node 421584f2-e4cc-47d8-8aed-944c88f08bcd with capacity 67492343222B, used 47244640256B, and remaining 20247702966B is 0.7000000000088898
2023-09-07 14:19:58,589 [main] DEBUG balancer.ContainerBalancerTask (ContainerBalancerTask.java:initializeIteration(398)) - Utilization for node 77dfbcba-6605-4fdc-8d0e-9fe202378cb7 with capacity 69793218560B, used 41875931136B, and remaining 27917287424B is 0.6
2023-09-07 14:19:58,589 [main] DEBUG balancer.ContainerBalancerTask (ContainerBalancerTask.java:initializeIteration(398)) - Utilization for node 5b777bfe-eb24-4b97-bd1c-28e1b122001c with capacity 85899345920B, used 42949672960B, and remaining 42949672960B is 0.5
2023-09-07 14:19:58,589 [main] DEBUG balancer.ContainerBalancerTask (ContainerBalancerTask.java:initializeIteration(398)) - Utilization for node ca939f99-ab0b-4d29-a42f-f44b56056ae7 with capacity 83214991360B, used 33285996544B, and remaining 49928994816B is 0.4
2023-09-07 14:19:58,589 [main] DEBUG balancer.ContainerBalancerTask (ContainerBalancerTask.java:initializeIteration(398)) - Utilization for node f1108a0e-23cf-44a7-85cb-287ff4c7c6ee with capacity 139586437120B, used 41875931136B, and remaining 97710505984B is 0.3
2023-09-07 14:19:58,589 [main] DEBUG balancer.ContainerBalancerTask (ContainerBalancerTask.java:initializeIteration(398)) - Utilization for node dd8ee5d2-e7f7-433c-8670-3d9c860724d2 with capacity 177167400960B, used 35433480192B, and remaining 141733920768B is 0.2
2023-09-07 14:19:58,589 [main] DEBUG balancer.ContainerBalancerTask (ContainerBalancerTask.java:initializeIteration(398)) - Utilization for node dce3138a-b1d4-4857-bfab-faeb886e2eb0 with capacity 343597383680B, used 34359738368B, and remaining 309237645312B is 0.1
2023-09-07 14:19:58,589 [main] DEBUG balancer.ContainerBalancerTask (ContainerBalancerTask.java:initializeIteration(398)) - Utilization for node 78c33e4e-d029-4a9e-a807-e422689b4b08 with capacity 26843545600B, used 0B, and remaining 26843545600B is 0.0
2023-09-07 14:19:58,590 [main] INFO  balancer.ContainerBalancerTask (ContainerBalancerTask.java:initializeIteration(447)) - Container Balancer has identified 6 Over-Utilized and 4 Under-Utilized Datanodes that need to be balanced.
2023-09-07 14:19:58,590 [main] DEBUG balancer.ContainerBalancerTask (ContainerBalancerTask.java:lambda$initializeIteration$1(453)) - Datanode localhost-98.159.20.181 c5c85e31-a19b-4272-a22a-e6cb0cee2697 is Over-Utilized.
2023-09-07 14:19:58,590 [main] DEBUG balancer.ContainerBalancerTask (ContainerBalancerTask.java:lambda$initializeIteration$1(453)) - Datanode localhost-195.53.202.168 248ac389-ea7e-46b0-9205-df1e39f8f0b0 is Over-Utilized.
2023-09-07 14:19:58,590 [main] DEBUG balancer.ContainerBalancerTask (ContainerBalancerTask.java:lambda$initializeIteration$1(453)) - Datanode localhost-130.14.218.10 421584f2-e4cc-47d8-8aed-944c88f08bcd is Over-Utilized.
2023-09-07 14:19:58,590 [main] DEBUG balancer.ContainerBalancerTask (ContainerBalancerTask.java:lambda$initializeIteration$1(453)) - Datanode localhost-129.122.164.149 77dfbcba-6605-4fdc-8d0e-9fe202378cb7 is Over-Utilized.
2023-09-07 14:19:58,590 [main] DEBUG balancer.ContainerBalancerTask (ContainerBalancerTask.java:lambda$initializeIteration$1(453)) - Datanode localhost-48.199.75.188 5b777bfe-eb24-4b97-bd1c-28e1b122001c is Over-Utilized.
2023-09-07 14:19:58,590 [main] DEBUG balancer.ContainerBalancerTask (ContainerBalancerTask.java:lambda$initializeIteration$1(453)) - Datanode localhost-18.226.192.3 ca939f99-ab0b-4d29-a42f-f44b56056ae7 is Over-Utilized.
2023-09-07 14:19:58,590 [main] DEBUG balancer.ContainerBalancerTask (ContainerBalancerTask.java:lambda$initializeIteration$2(459)) - Datanode localhost-61.34.16.17 78c33e4e-d029-4a9e-a807-e422689b4b08 is Under-Utilized.
2023-09-07 14:19:58,590 [main] DEBUG balancer.ContainerBalancerTask (ContainerBalancerTask.java:lambda$initializeIteration$2(459)) - Datanode localhost-151.238.238.245 dce3138a-b1d4-4857-bfab-faeb886e2eb0 is Under-Utilized.
2023-09-07 14:19:58,590 [main] DEBUG balancer.ContainerBalancerTask (ContainerBalancerTask.java:lambda$initializeIteration$2(459)) - Datanode localhost-77.205.48.120 dd8ee5d2-e7f7-433c-8670-3d9c860724d2 is Under-Utilized.
2023-09-07 14:19:58,590 [main] DEBUG balancer.ContainerBalancerTask (ContainerBalancerTask.java:lambda$initializeIteration$2(459)) - Datanode localhost-16.102.244.236 f1108a0e-23cf-44a7-85cb-287ff4c7c6ee is Under-Utilized.
2023-09-07 14:19:58,593 [main] DEBUG balancer.ContainerBalancerTask (ContainerBalancerTask.java:matchSourceWithTarget(708)) - ContainerBalancer is finding suitable target for source datanode c5c85e31-a19b-4272-a22a-e6cb0cee2697
2023-09-07 14:19:58,593 [main] INFO  balancer.ContainerBalancerTask (ContainerBalancerTask.java:matchSourceWithTarget(722)) - ContainerBalancer matched source datanode c5c85e31-a19b-4272-a22a-e6cb0cee2697 with target datanode 78c33e4e-d029-4a9e-a807-e422689b4b08 for container move.
2023-09-07 14:19:58,593 [main] INFO  balancer.ContainerBalancerTask (ContainerBalancerTask.java:processMoveSelection(569)) - ContainerBalancer is trying to move container #85 with size 5368709120B from source datanode c5c85e31-a19b-4272-a22a-e6cb0cee2697 to target datanode 78c33e4e-d029-4a9e-a807-e422689b4b08
2023-09-07 14:19:58,593 [main] DEBUG balancer.ContainerBalancerTask (ContainerBalancerTask.java:lambda$moveContainer$3(837)) - Container move completed for container #85 from source c5c85e31-a19b-4272-a22a-e6cb0cee2697 to target 78c33e4e-d029-4a9e-a807-e422689b4b08
2023-09-07 14:19:58,596 [main] DEBUG balancer.ContainerBalancerTask (ContainerBalancerTask.java:matchSourceWithTarget(708)) - ContainerBalancer is finding suitable target for source datanode c5c85e31-a19b-4272-a22a-e6cb0cee2697
2023-09-07 14:19:58,596 [main] INFO  balancer.ContainerBalancerTask (ContainerBalancerTask.java:matchSourceWithTarget(722)) - ContainerBalancer matched source datanode c5c85e31-a19b-4272-a22a-e6cb0cee2697 with target datanode dce3138a-b1d4-4857-bfab-faeb886e2eb0 for container move.
2023-09-07 14:19:58,596 [main] INFO  balancer.ContainerBalancerTask (ContainerBalancerTask.java:processMoveSelection(569)) - ContainerBalancer is trying to move container #68 with size 5368709120B from source datanode c5c85e31-a19b-4272-a22a-e6cb0cee2697 to target datanode dce3138a-b1d4-4857-bfab-faeb886e2eb0
2023-09-07 14:19:58,596 [main] DEBUG balancer.ContainerBalancerTask (ContainerBalancerTask.java:lambda$moveContainer$3(837)) - Container move completed for container #68 from source c5c85e31-a19b-4272-a22a-e6cb0cee2697 to target dce3138a-b1d4-4857-bfab-faeb886e2eb0
2023-09-07 14:19:58,598 [main] DEBUG balancer.ContainerBalancerTask (ContainerBalancerTask.java:matchSourceWithTarget(708)) - ContainerBalancer is finding suitable target for source datanode 248ac389-ea7e-46b0-9205-df1e39f8f0b0
2023-09-07 14:19:58,598 [main] INFO  balancer.ContainerBalancerTask (ContainerBalancerTask.java:matchSourceWithTarget(722)) - ContainerBalancer matched source datanode 248ac389-ea7e-46b0-9205-df1e39f8f0b0 with target datanode dce3138a-b1d4-4857-bfab-faeb886e2eb0 for container move.
2023-09-07 14:19:58,598 [main] INFO  balancer.ContainerBalancerTask (ContainerBalancerTask.java:processMoveSelection(569)) - ContainerBalancer is trying to move container #29 with size 5368709120B from source datanode 248ac389-ea7e-46b0-9205-df1e39f8f0b0 to target datanode dce3138a-b1d4-4857-bfab-faeb886e2eb0
2023-09-07 14:19:58,599 [main] DEBUG balancer.ContainerBalancerTask (ContainerBalancerTask.java:lambda$moveContainer$3(837)) - Container move completed for container #29 from source 248ac389-ea7e-46b0-9205-df1e39f8f0b0 to target dce3138a-b1d4-4857-bfab-faeb886e2eb0
2023-09-07 14:19:58,601 [main] DEBUG balancer.ContainerBalancerTask (ContainerBalancerTask.java:matchSourceWithTarget(708)) - ContainerBalancer is finding suitable target for source datanode c5c85e31-a19b-4272-a22a-e6cb0cee2697
2023-09-07 14:19:58,601 [main] INFO  balancer.ContainerBalancerTask (ContainerBalancerTask.java:matchSourceWithTarget(722)) - ContainerBalancer matched source datanode c5c85e31-a19b-4272-a22a-e6cb0cee2697 with target datanode dce3138a-b1d4-4857-bfab-faeb886e2eb0 for container move.
2023-09-07 14:19:58,601 [main] INFO  balancer.ContainerBalancerTask (ContainerBalancerTask.java:processMoveSelection(569)) - ContainerBalancer is trying to move container #89 with size 4294967296B from source datanode c5c85e31-a19b-4272-a22a-e6cb0cee2697 to target datanode dce3138a-b1d4-4857-bfab-faeb886e2eb0
2023-09-07 14:19:58,602 [main] DEBUG balancer.ContainerBalancerTask (ContainerBalancerTask.java:lambda$moveContainer$3(837)) - Container move completed for container #89 from source c5c85e31-a19b-4272-a22a-e6cb0cee2697 to target dce3138a-b1d4-4857-bfab-faeb886e2eb0
2023-09-07 14:19:58,604 [main] DEBUG balancer.ContainerBalancerTask (ContainerBalancerTask.java:matchSourceWithTarget(708)) - ContainerBalancer is finding suitable target for source datanode 248ac389-ea7e-46b0-9205-df1e39f8f0b0
2023-09-07 14:19:58,604 [main] INFO  balancer.ContainerBalancerTask (ContainerBalancerTask.java:matchSourceWithTarget(722)) - ContainerBalancer matched source datanode 248ac389-ea7e-46b0-9205-df1e39f8f0b0 with target datanode dce3138a-b1d4-4857-bfab-faeb886e2eb0 for container move.
2023-09-07 14:19:58,604 [main] INFO  balancer.ContainerBalancerTask (ContainerBalancerTask.java:processMoveSelection(569)) - ContainerBalancer is trying to move container #67 with size 4294967296B from source datanode 248ac389-ea7e-46b0-9205-df1e39f8f0b0 to target datanode dce3138a-b1d4-4857-bfab-faeb886e2eb0
2023-09-07 14:19:58,604 [main] DEBUG balancer.ContainerBalancerTask (ContainerBalancerTask.java:lambda$moveContainer$3(837)) - Container move completed for container #67 from source 248ac389-ea7e-46b0-9205-df1e39f8f0b0 to target dce3138a-b1d4-4857-bfab-faeb886e2eb0
2023-09-07 14:19:58,606 [main] DEBUG balancer.ContainerBalancerTask (ContainerBalancerTask.java:matchSourceWithTarget(708)) - ContainerBalancer is finding suitable target for source datanode 421584f2-e4cc-47d8-8aed-944c88f08bcd
2023-09-07 14:19:58,606 [main] INFO  balancer.ContainerBalancerTask (ContainerBalancerTask.java:matchSourceWithTarget(722)) - ContainerBalancer matched source datanode 421584f2-e4cc-47d8-8aed-944c88f08bcd with target datanode dce3138a-b1d4-4857-bfab-faeb886e2eb0 for container move.
2023-09-07 14:19:58,607 [main] INFO  balancer.ContainerBalancerTask (ContainerBalancerTask.java:processMoveSelection(569)) - ContainerBalancer is trying to move container #53 with size 5368709120B from source datanode 421584f2-e4cc-47d8-8aed-944c88f08bcd to target datanode dce3138a-b1d4-4857-bfab-faeb886e2eb0
2023-09-07 14:19:58,607 [main] DEBUG balancer.ContainerBalancerTask (ContainerBalancerTask.java:lambda$moveContainer$3(837)) - Container move completed for container #53 from source 421584f2-e4cc-47d8-8aed-944c88f08bcd to target dce3138a-b1d4-4857-bfab-faeb886e2eb0
2023-09-07 14:19:58,609 [main] DEBUG balancer.ContainerBalancerTask (ContainerBalancerTask.java:matchSourceWithTarget(708)) - ContainerBalancer is finding suitable target for source datanode c5c85e31-a19b-4272-a22a-e6cb0cee2697
2023-09-07 14:19:58,610 [main] INFO  balancer.ContainerBalancerTask (ContainerBalancerTask.java:matchSourceWithTarget(722)) - ContainerBalancer matched source datanode c5c85e31-a19b-4272-a22a-e6cb0cee2697 with target datanode dce3138a-b1d4-4857-bfab-faeb886e2eb0 for container move.
2023-09-07 14:19:58,610 [main] INFO  balancer.ContainerBalancerTask (ContainerBalancerTask.java:processMoveSelection(569)) - ContainerBalancer is trying to move container #84 with size 4294967296B from source datanode c5c85e31-a19b-4272-a22a-e6cb0cee2697 to target datanode dce3138a-b1d4-4857-bfab-faeb886e2eb0
2023-09-07 14:19:58,610 [main] DEBUG balancer.ContainerBalancerTask (ContainerBalancerTask.java:lambda$moveContainer$3(837)) - Container move completed for container #84 from source c5c85e31-a19b-4272-a22a-e6cb0cee2697 to target dce3138a-b1d4-4857-bfab-faeb886e2eb0
2023-09-07 14:19:58,612 [main] DEBUG balancer.ContainerBalancerTask (ContainerBalancerTask.java:matchSourceWithTarget(708)) - ContainerBalancer is finding suitable target for source datanode 248ac389-ea7e-46b0-9205-df1e39f8f0b0
2023-09-07 14:19:58,612 [main] INFO  balancer.ContainerBalancerTask (ContainerBalancerTask.java:matchSourceWithTarget(722)) - ContainerBalancer matched source datanode 248ac389-ea7e-46b0-9205-df1e39f8f0b0 with target datanode dce3138a-b1d4-4857-bfab-faeb886e2eb0 for container move.
2023-09-07 14:19:58,612 [main] INFO  balancer.ContainerBalancerTask (ContainerBalancerTask.java:processMoveSelection(569)) - ContainerBalancer is trying to move container #66 with size 3221225472B from source datanode 248ac389-ea7e-46b0-9205-df1e39f8f0b0 to target datanode dce3138a-b1d4-4857-bfab-faeb886e2eb0
2023-09-07 14:19:58,613 [main] DEBUG balancer.ContainerBalancerTask (ContainerBalancerTask.java:lambda$moveContainer$3(837)) - Container move completed for container #66 from source 248ac389-ea7e-46b0-9205-df1e39f8f0b0 to target dce3138a-b1d4-4857-bfab-faeb886e2eb0
2023-09-07 14:19:58,615 [main] DEBUG balancer.ContainerBalancerTask (ContainerBalancerTask.java:matchSourceWithTarget(708)) - ContainerBalancer is finding suitable target for source datanode 421584f2-e4cc-47d8-8aed-944c88f08bcd
2023-09-07 14:19:58,615 [main] INFO  balancer.ContainerBalancerTask (ContainerBalancerTask.java:matchSourceWithTarget(722)) - ContainerBalancer matched source datanode 421584f2-e4cc-47d8-8aed-944c88f08bcd with target datanode dce3138a-b1d4-4857-bfab-faeb886e2eb0 for container move.
2023-09-07 14:19:58,615 [main] INFO  balancer.ContainerBalancerTask (ContainerBalancerTask.java:processMoveSelection(569)) - ContainerBalancer is trying to move container #52 with size 4294967296B from source datanode 421584f2-e4cc-47d8-8aed-944c88f08bcd to target datanode dce3138a-b1d4-4857-bfab-faeb886e2eb0
2023-09-07 14:19:58,615 [main] DEBUG balancer.ContainerBalancerTask (ContainerBalancerTask.java:lambda$moveContainer$3(837)) - Container move completed for container #52 from source 421584f2-e4cc-47d8-8aed-944c88f08bcd to target dce3138a-b1d4-4857-bfab-faeb886e2eb0
2023-09-07 14:19:58,617 [main] DEBUG balancer.ContainerBalancerTask (ContainerBalancerTask.java:matchSourceWithTarget(708)) - ContainerBalancer is finding suitable target for source datanode 77dfbcba-6605-4fdc-8d0e-9fe202378cb7
2023-09-07 14:19:58,618 [main] INFO  balancer.ContainerBalancerTask (ContainerBalancerTask.java:matchSourceWithTarget(722)) - ContainerBalancer matched source datanode 77dfbcba-6605-4fdc-8d0e-9fe202378cb7 with target datanode dd8ee5d2-e7f7-433c-8670-3d9c860724d2 for container move.
2023-09-07 14:19:58,618 [main] INFO  balancer.ContainerBalancerTask (ContainerBalancerTask.java:processMoveSelection(569)) - ContainerBalancer is trying to move container #39 with size 4294967296B from source datanode 77dfbcba-6605-4fdc-8d0e-9fe202378cb7 to target datanode dd8ee5d2-e7f7-433c-8670-3d9c860724d2
2023-09-07 14:19:58,618 [main] DEBUG balancer.ContainerBalancerTask (ContainerBalancerTask.java:lambda$moveContainer$3(837)) - Container move completed for container #39 from source 77dfbcba-6605-4fdc-8d0e-9fe202378cb7 to target dd8ee5d2-e7f7-433c-8670-3d9c860724d2
2023-09-07 14:19:58,621 [main] DEBUG balancer.ContainerBalancerTask (ContainerBalancerTask.java:matchSourceWithTarget(708)) - ContainerBalancer is finding suitable target for source datanode c5c85e31-a19b-4272-a22a-e6cb0cee2697
2023-09-07 14:19:58,621 [main] INFO  balancer.ContainerBalancerTask (ContainerBalancerTask.java:matchSourceWithTarget(722)) - ContainerBalancer matched source datanode c5c85e31-a19b-4272-a22a-e6cb0cee2697 with target datanode 78c33e4e-d029-4a9e-a807-e422689b4b08 for container move.
2023-09-07 14:19:58,621 [main] INFO  balancer.ContainerBalancerTask (ContainerBalancerTask.java:processMoveSelection(569)) - ContainerBalancer is trying to move container #88 with size 3221225472B from source datanode c5c85e31-a19b-4272-a22a-e6cb0cee2697 to target datanode 78c33e4e-d029-4a9e-a807-e422689b4b08
2023-09-07 14:19:58,621 [main] DEBUG balancer.ContainerBalancerTask (ContainerBalancerTask.java:lambda$moveContainer$3(837)) - Container move completed for container #88 from source c5c85e31-a19b-4272-a22a-e6cb0cee2697 to target 78c33e4e-d029-4a9e-a807-e422689b4b08
2023-09-07 14:19:58,624 [main] DEBUG balancer.ContainerBalancerTask (ContainerBalancerTask.java:matchSourceWithTarget(708)) - ContainerBalancer is finding suitable target for source datanode 248ac389-ea7e-46b0-9205-df1e39f8f0b0
2023-09-07 14:19:58,624 [main] INFO  balancer.ContainerBalancerTask (ContainerBalancerTask.java:matchSourceWithTarget(722)) - ContainerBalancer matched source datanode 248ac389-ea7e-46b0-9205-df1e39f8f0b0 with target datanode dce3138a-b1d4-4857-bfab-faeb886e2eb0 for container move.
2023-09-07 14:19:58,624 [main] INFO  balancer.ContainerBalancerTask (ContainerBalancerTask.java:processMoveSelection(569)) - ContainerBalancer is trying to move container #11 with size 3221225472B from source datanode 248ac389-ea7e-46b0-9205-df1e39f8f0b0 to target datanode dce3138a-b1d4-4857-bfab-faeb886e2eb0
2023-09-07 14:19:58,624 [main] DEBUG balancer.ContainerBalancerTask (ContainerBalancerTask.java:lambda$moveContainer$3(837)) - Container move completed for container #11 from source 248ac389-ea7e-46b0-9205-df1e39f8f0b0 to target dce3138a-b1d4-4857-bfab-faeb886e2eb0
2023-09-07 14:19:58,627 [main] DEBUG balancer.ContainerBalancerTask (ContainerBalancerTask.java:matchSourceWithTarget(708)) - ContainerBalancer is finding suitable target for source datanode 421584f2-e4cc-47d8-8aed-944c88f08bcd
2023-09-07 14:19:58,627 [main] INFO  balancer.ContainerBalancerTask (ContainerBalancerTask.java:matchSourceWithTarget(722)) - ContainerBalancer matched source datanode 421584f2-e4cc-47d8-8aed-944c88f08bcd with target datanode dce3138a-b1d4-4857-bfab-faeb886e2eb0 for container move.
2023-09-07 14:19:58,627 [main] INFO  balancer.ContainerBalancerTask (ContainerBalancerTask.java:processMoveSelection(569)) - ContainerBalancer is trying to move container #49 with size 1073741824B from source datanode 421584f2-e4cc-47d8-8aed-944c88f08bcd to target datanode dce3138a-b1d4-4857-bfab-faeb886e2eb0
2023-09-07 14:19:58,627 [main] DEBUG balancer.ContainerBalancerTask (ContainerBalancerTask.java:lambda$moveContainer$3(837)) - Container move completed for container #49 from source 421584f2-e4cc-47d8-8aed-944c88f08bcd to target dce3138a-b1d4-4857-bfab-faeb886e2eb0
2023-09-07 14:19:58,627 [main] WARN  balancer.ContainerBalancerTask (ContainerBalancerTask.java:reachedMaxSizeToMovePerIteration(733)) - Reached max size to move limit. 53687091200 bytes have already been scheduled for balancing and the limit is 53687091200 bytes.
2023-09-07 14:19:58,627 [main] INFO  balancer.ContainerBalancerTask (ContainerBalancerTask.java:checkIterationMoveResults(642)) - Iteration Summary. Number of Datanodes involved: 7. Size moved: 50 GB (53687091200 Bytes). Number of Container moves completed: 13.
2023-09-07 14:19:58,627 [main] INFO  balancer.ContainerBalancerTask (ContainerBalancerTask.java:balance(259)) - Result of this iteration of Container Balancer: ITERATION_COMPLETED
2023-09-07 14:19:58,627 [main] INFO  balancer.ContainerBalancerTask (ContainerBalancerTask.java:tryStopWithSaveConfiguration(308)) - Save Configuration for stopping. Reason: Completed all iterations.
2023-09-07 14:19:58,628 [main] DEBUG balancer.ContainerBalancerTask (ContainerBalancerTask.java:initializeIteration(374)) - Average utilization of the cluster is 0.3421445052540577
2023-09-07 14:19:58,628 [main] DEBUG balancer.ContainerBalancerTask (ContainerBalancerTask.java:initializeIteration(386)) - Lower limit for utilization is 0.15887225483555412 and Upper limit for utilization is 0.5254167556725613
2023-09-07 14:19:58,628 [main] DEBUG balancer.ContainerBalancerTask (ContainerBalancerTask.java:initializeIteration(398)) - Utilization for node c5c85e31-a19b-4272-a22a-e6cb0cee2697 with capacity 63231462968B, used 56908316672B, and remaining 6323146296B is 0.9000000000126519
2023-09-07 14:19:58,628 [main] DEBUG balancer.ContainerBalancerTask (ContainerBalancerTask.java:initializeIteration(398)) - Utilization for node 248ac389-ea7e-46b0-9205-df1e39f8f0b0 with capacity 60397977600B, used 48318382080B, and remaining 12079595520B is 0.8
2023-09-07 14:19:58,629 [main] DEBUG balancer.ContainerBalancerTask (ContainerBalancerTask.java:initializeIteration(398)) - Utilization for node 421584f2-e4cc-47d8-8aed-944c88f08bcd with capacity 67492343222B, used 47244640256B, and remaining 20247702966B is 0.7000000000088898
2023-09-07 14:19:58,629 [main] DEBUG balancer.ContainerBalancerTask (ContainerBalancerTask.java:initializeIteration(398)) - Utilization for node 77dfbcba-6605-4fdc-8d0e-9fe202378cb7 with capacity 69793218560B, used 41875931136B, and remaining 27917287424B is 0.6
2023-09-07 14:19:58,629 [main] DEBUG balancer.ContainerBalancerTask (ContainerBalancerTask.java:initializeIteration(398)) - Utilization for node 5b777bfe-eb24-4b97-bd1c-28e1b122001c with capacity 85899345920B, used 42949672960B, and remaining 42949672960B is 0.5
2023-09-07 14:19:58,629 [main] DEBUG balancer.ContainerBalancerTask (ContainerBalancerTask.java:initializeIteration(398)) - Utilization for node ca939f99-ab0b-4d29-a42f-f44b56056ae7 with capacity 83214991360B, used 33285996544B, and remaining 49928994816B is 0.4
2023-09-07 14:19:58,629 [main] DEBUG balancer.ContainerBalancerTask (ContainerBalancerTask.java:initializeIteration(398)) - Utilization for node f1108a0e-23cf-44a7-85cb-287ff4c7c6ee with capacity 139586437120B, used 41875931136B, and remaining 97710505984B is 0.3
2023-09-07 14:19:58,629 [main] DEBUG balancer.ContainerBalancerTask (ContainerBalancerTask.java:initializeIteration(398)) - Utilization for node dd8ee5d2-e7f7-433c-8670-3d9c860724d2 with capacity 177167400960B, used 35433480192B, and remaining 141733920768B is 0.2
2023-09-07 14:19:58,629 [main] DEBUG balancer.ContainerBalancerTask (ContainerBalancerTask.java:initializeIteration(398)) - Utilization for node dce3138a-b1d4-4857-bfab-faeb886e2eb0 with capacity 343597383680B, used 34359738368B, and remaining 309237645312B is 0.1
2023-09-07 14:19:58,629 [main] DEBUG balancer.ContainerBalancerTask (ContainerBalancerTask.java:initializeIteration(398)) - Utilization for node 78c33e4e-d029-4a9e-a807-e422689b4b08 with capacity 26843545600B, used 0B, and remaining 26843545600B is 0.0
2023-09-07 14:19:58,629 [main] INFO  balancer.ContainerBalancerTask (ContainerBalancerTask.java:initializeIteration(447)) - Container Balancer has identified 4 Over-Utilized and 2 Under-Utilized Datanodes that need to be balanced.
2023-09-07 14:19:58,629 [main] DEBUG balancer.ContainerBalancerTask (ContainerBalancerTask.java:lambda$initializeIteration$1(453)) - Datanode localhost-98.159.20.181 c5c85e31-a19b-4272-a22a-e6cb0cee2697 is Over-Utilized.
2023-09-07 14:19:58,631 [main] DEBUG balancer.ContainerBalancerTask (ContainerBalancerTask.java:lambda$initializeIteration$1(453)) - Datanode localhost-195.53.202.168 248ac389-ea7e-46b0-9205-df1e39f8f0b0 is Over-Utilized.
2023-09-07 14:19:58,631 [main] DEBUG balancer.ContainerBalancerTask (ContainerBalancerTask.java:lambda$initializeIteration$1(453)) - Datanode localhost-130.14.218.10 421584f2-e4cc-47d8-8aed-944c88f08bcd is Over-Utilized.
2023-09-07 14:19:58,631 [main] DEBUG balancer.ContainerBalancerTask (ContainerBalancerTask.java:lambda$initializeIteration$1(453)) - Datanode localhost-129.122.164.149 77dfbcba-6605-4fdc-8d0e-9fe202378cb7 is Over-Utilized.
2023-09-07 14:19:58,631 [main] DEBUG balancer.ContainerBalancerTask (ContainerBalancerTask.java:lambda$initializeIteration$2(459)) - Datanode localhost-61.34.16.17 78c33e4e-d029-4a9e-a807-e422689b4b08 is Under-Utilized.
2023-09-07 14:19:58,631 [main] DEBUG balancer.ContainerBalancerTask (ContainerBalancerTask.java:lambda$initializeIteration$2(459)) - Datanode localhost-151.238.238.245 dce3138a-b1d4-4857-bfab-faeb886e2eb0 is Under-Utilized.
2023-09-07 14:19:58,634 [main] DEBUG balancer.ContainerBalancerTask (ContainerBalancerTask.java:matchSourceWithTarget(708)) - ContainerBalancer is finding suitable target for source datanode c5c85e31-a19b-4272-a22a-e6cb0cee2697
2023-09-07 14:19:58,634 [main] INFO  balancer.ContainerBalancerTask (ContainerBalancerTask.java:matchSourceWithTarget(722)) - ContainerBalancer matched source datanode c5c85e31-a19b-4272-a22a-e6cb0cee2697 with target datanode 78c33e4e-d029-4a9e-a807-e422689b4b08 for container move.
2023-09-07 14:19:58,634 [main] INFO  balancer.ContainerBalancerTask (ContainerBalancerTask.java:processMoveSelection(569)) - ContainerBalancer is trying to move container #85 with size 5368709120B from source datanode c5c85e31-a19b-4272-a22a-e6cb0cee2697 to target datanode 78c33e4e-d029-4a9e-a807-e422689b4b08
2023-09-07 14:19:58,634 [main] DEBUG balancer.ContainerBalancerTask (ContainerBalancerTask.java:lambda$moveContainer$3(837)) - Container move completed for container #85 from source c5c85e31-a19b-4272-a22a-e6cb0cee2697 to target 78c33e4e-d029-4a9e-a807-e422689b4b08
2023-09-07 14:19:58,637 [main] DEBUG balancer.ContainerBalancerTask (ContainerBalancerTask.java:matchSourceWithTarget(708)) - ContainerBalancer is finding suitable target for source datanode c5c85e31-a19b-4272-a22a-e6cb0cee2697
2023-09-07 14:19:58,637 [main] INFO  balancer.ContainerBalancerTask (ContainerBalancerTask.java:matchSourceWithTarget(722)) - ContainerBalancer matched source datanode c5c85e31-a19b-4272-a22a-e6cb0cee2697 with target datanode dce3138a-b1d4-4857-bfab-faeb886e2eb0 for container move.
2023-09-07 14:19:58,637 [main] INFO  balancer.ContainerBalancerTask (ContainerBalancerTask.java:processMoveSelection(569)) - ContainerBalancer is trying to move container #68 with size 5368709120B from source datanode c5c85e31-a19b-4272-a22a-e6cb0cee2697 to target datanode dce3138a-b1d4-4857-bfab-faeb886e2eb0
2023-09-07 14:19:58,637 [main] DEBUG balancer.ContainerBalancerTask (ContainerBalancerTask.java:lambda$moveContainer$3(837)) - Container move completed for container #68 from source c5c85e31-a19b-4272-a22a-e6cb0cee2697 to target dce3138a-b1d4-4857-bfab-faeb886e2eb0
2023-09-07 14:19:58,639 [main] DEBUG balancer.ContainerBalancerTask (ContainerBalancerTask.java:matchSourceWithTarget(708)) - ContainerBalancer is finding suitable target for source datanode 248ac389-ea7e-46b0-9205-df1e39f8f0b0
2023-09-07 14:19:58,639 [main] INFO  balancer.ContainerBalancerTask (ContainerBalancerTask.java:matchSourceWithTarget(722)) - ContainerBalancer matched source datanode 248ac389-ea7e-46b0-9205-df1e39f8f0b0 with target datanode dce3138a-b1d4-4857-bfab-faeb886e2eb0 for container move.
2023-09-07 14:19:58,639 [main] INFO  balancer.ContainerBalancerTask (ContainerBalancerTask.java:processMoveSelection(569)) - ContainerBalancer is trying to move container #29 with size 5368709120B from source datanode 248ac389-ea7e-46b0-9205-df1e39f8f0b0 to target datanode dce3138a-b1d4-4857-bfab-faeb886e2eb0
2023-09-07 14:19:58,639 [main] DEBUG balancer.ContainerBalancerTask (ContainerBalancerTask.java:lambda$moveContainer$3(837)) - Container move completed for container #29 from source 248ac389-ea7e-46b0-9205-df1e39f8f0b0 to target dce3138a-b1d4-4857-bfab-faeb886e2eb0
2023-09-07 14:19:58,642 [main] DEBUG balancer.ContainerBalancerTask (ContainerBalancerTask.java:matchSourceWithTarget(708)) - ContainerBalancer is finding suitable target for source datanode c5c85e31-a19b-4272-a22a-e6cb0cee2697
2023-09-07 14:19:58,642 [main] INFO  balancer.ContainerBalancerTask (ContainerBalancerTask.java:matchSourceWithTarget(722)) - ContainerBalancer matched source datanode c5c85e31-a19b-4272-a22a-e6cb0cee2697 with target datanode dce3138a-b1d4-4857-bfab-faeb886e2eb0 for container move.
2023-09-07 14:19:58,642 [main] INFO  balancer.ContainerBalancerTask (ContainerBalancerTask.java:processMoveSelection(569)) - ContainerBalancer is trying to move container #89 with size 4294967296B from source datanode c5c85e31-a19b-4272-a22a-e6cb0cee2697 to target datanode dce3138a-b1d4-4857-bfab-faeb886e2eb0
2023-09-07 14:19:58,643 [main] DEBUG balancer.ContainerBalancerTask (ContainerBalancerTask.java:lambda$moveContainer$3(837)) - Container move completed for container #89 from source c5c85e31-a19b-4272-a22a-e6cb0cee2697 to target dce3138a-b1d4-4857-bfab-faeb886e2eb0
2023-09-07 14:19:58,645 [main] DEBUG balancer.ContainerBalancerTask (ContainerBalancerTask.java:matchSourceWithTarget(708)) - ContainerBalancer is finding suitable target for source datanode 248ac389-ea7e-46b0-9205-df1e39f8f0b0
2023-09-07 14:19:58,645 [main] INFO  balancer.ContainerBalancerTask (ContainerBalancerTask.java:matchSourceWithTarget(722)) - ContainerBalancer matched source datanode 248ac389-ea7e-46b0-9205-df1e39f8f0b0 with target datanode dce3138a-b1d4-4857-bfab-faeb886e2eb0 for container move.
2023-09-07 14:19:58,645 [main] INFO  balancer.ContainerBalancerTask (ContainerBalancerTask.java:processMoveSelection(569)) - ContainerBalancer is trying to move container #67 with size 4294967296B from source datanode 248ac389-ea7e-46b0-9205-df1e39f8f0b0 to target datanode dce3138a-b1d4-4857-bfab-faeb886e2eb0
2023-09-07 14:19:58,645 [main] DEBUG balancer.ContainerBalancerTask (ContainerBalancerTask.java:lambda$moveContainer$3(837)) - Container move completed for container #67 from source 248ac389-ea7e-46b0-9205-df1e39f8f0b0 to target dce3138a-b1d4-4857-bfab-faeb886e2eb0
2023-09-07 14:19:58,647 [main] DEBUG balancer.ContainerBalancerTask (ContainerBalancerTask.java:matchSourceWithTarget(708)) - ContainerBalancer is finding suitable target for source datanode 421584f2-e4cc-47d8-8aed-944c88f08bcd
2023-09-07 14:19:58,648 [main] INFO  balancer.ContainerBalancerTask (ContainerBalancerTask.java:matchSourceWithTarget(722)) - ContainerBalancer matched source datanode 421584f2-e4cc-47d8-8aed-944c88f08bcd with target datanode dce3138a-b1d4-4857-bfab-faeb886e2eb0 for container move.
2023-09-07 14:19:58,648 [main] INFO  balancer.ContainerBalancerTask (ContainerBalancerTask.java:processMoveSelection(569)) - ContainerBalancer is trying to move container #53 with size 5368709120B from source datanode 421584f2-e4cc-47d8-8aed-944c88f08bcd to target datanode dce3138a-b1d4-4857-bfab-faeb886e2eb0
2023-09-07 14:19:58,648 [main] DEBUG balancer.ContainerBalancerTask (ContainerBalancerTask.java:lambda$moveContainer$3(837)) - Container move completed for container #53 from source 421584f2-e4cc-47d8-8aed-944c88f08bcd to target dce3138a-b1d4-4857-bfab-faeb886e2eb0
2023-09-07 14:19:58,650 [main] DEBUG balancer.ContainerBalancerTask (ContainerBalancerTask.java:matchSourceWithTarget(708)) - ContainerBalancer is finding suitable target for source datanode c5c85e31-a19b-4272-a22a-e6cb0cee2697
2023-09-07 14:19:58,651 [main] INFO  balancer.ContainerBalancerTask (ContainerBalancerTask.java:matchSourceWithTarget(722)) - ContainerBalancer matched source datanode c5c85e31-a19b-4272-a22a-e6cb0cee2697 with target datanode dce3138a-b1d4-4857-bfab-faeb886e2eb0 for container move.
2023-09-07 14:19:58,651 [main] INFO  balancer.ContainerBalancerTask (ContainerBalancerTask.java:processMoveSelection(569)) - ContainerBalancer is trying to move container #84 with size 4294967296B from source datanode c5c85e31-a19b-4272-a22a-e6cb0cee2697 to target datanode dce3138a-b1d4-4857-bfab-faeb886e2eb0
2023-09-07 14:19:58,651 [main] DEBUG balancer.ContainerBalancerTask (ContainerBalancerTask.java:lambda$moveContainer$3(837)) - Container move completed for container #84 from source c5c85e31-a19b-4272-a22a-e6cb0cee2697 to target dce3138a-b1d4-4857-bfab-faeb886e2eb0
2023-09-07 14:19:58,653 [main] DEBUG balancer.ContainerBalancerTask (ContainerBalancerTask.java:matchSourceWithTarget(708)) - ContainerBalancer is finding suitable target for source datanode 248ac389-ea7e-46b0-9205-df1e39f8f0b0
2023-09-07 14:19:58,653 [main] INFO  balancer.ContainerBalancerTask (ContainerBalancerTask.java:matchSourceWithTarget(722)) - ContainerBalancer matched source datanode 248ac389-ea7e-46b0-9205-df1e39f8f0b0 with target datanode dce3138a-b1d4-4857-bfab-faeb886e2eb0 for container move.
2023-09-07 14:19:58,653 [main] INFO  balancer.ContainerBalancerTask (ContainerBalancerTask.java:processMoveSelection(569)) - ContainerBalancer is trying to move container #66 with size 3221225472B from source datanode 248ac389-ea7e-46b0-9205-df1e39f8f0b0 to target datanode dce3138a-b1d4-4857-bfab-faeb886e2eb0
2023-09-07 14:19:58,654 [main] DEBUG balancer.ContainerBalancerTask (ContainerBalancerTask.java:lambda$moveContainer$3(837)) - Container move completed for container #66 from source 248ac389-ea7e-46b0-9205-df1e39f8f0b0 to target dce3138a-b1d4-4857-bfab-faeb886e2eb0
2023-09-07 14:19:58,656 [main] DEBUG balancer.ContainerBalancerTask (ContainerBalancerTask.java:matchSourceWithTarget(708)) - ContainerBalancer is finding suitable target for source datanode 421584f2-e4cc-47d8-8aed-944c88f08bcd
2023-09-07 14:19:58,656 [main] INFO  balancer.ContainerBalancerTask (ContainerBalancerTask.java:matchSourceWithTarget(722)) - ContainerBalancer matched source datanode 421584f2-e4cc-47d8-8aed-944c88f08bcd with target datanode dce3138a-b1d4-4857-bfab-faeb886e2eb0 for container move.
2023-09-07 14:19:58,656 [main] INFO  balancer.ContainerBalancerTask (ContainerBalancerTask.java:processMoveSelection(569)) - ContainerBalancer is trying to move container #52 with size 4294967296B from source datanode 421584f2-e4cc-47d8-8aed-944c88f08bcd to target datanode dce3138a-b1d4-4857-bfab-faeb886e2eb0
2023-09-07 14:19:58,656 [main] DEBUG balancer.ContainerBalancerTask (ContainerBalancerTask.java:lambda$moveContainer$3(837)) - Container move completed for container #52 from source 421584f2-e4cc-47d8-8aed-944c88f08bcd to target dce3138a-b1d4-4857-bfab-faeb886e2eb0
2023-09-07 14:19:58,659 [main] DEBUG balancer.ContainerBalancerTask (ContainerBalancerTask.java:matchSourceWithTarget(708)) - ContainerBalancer is finding suitable target for source datanode 77dfbcba-6605-4fdc-8d0e-9fe202378cb7
2023-09-07 14:19:58,659 [main] INFO  balancer.ContainerBalancerTask (ContainerBalancerTask.java:matchSourceWithTarget(722)) - ContainerBalancer matched source datanode 77dfbcba-6605-4fdc-8d0e-9fe202378cb7 with target datanode 78c33e4e-d029-4a9e-a807-e422689b4b08 for container move.
2023-09-07 14:19:58,659 [main] INFO  balancer.ContainerBalancerTask (ContainerBalancerTask.java:processMoveSelection(569)) - ContainerBalancer is trying to move container #40 with size 5368709120B from source datanode 77dfbcba-6605-4fdc-8d0e-9fe202378cb7 to target datanode 78c33e4e-d029-4a9e-a807-e422689b4b08
2023-09-07 14:19:58,659 [main] DEBUG balancer.ContainerBalancerTask (ContainerBalancerTask.java:lambda$moveContainer$3(837)) - Container move completed for container #40 from source 77dfbcba-6605-4fdc-8d0e-9fe202378cb7 to target 78c33e4e-d029-4a9e-a807-e422689b4b08
2023-09-07 14:19:58,662 [main] DEBUG balancer.ContainerBalancerTask (ContainerBalancerTask.java:matchSourceWithTarget(708)) - ContainerBalancer is finding suitable target for source datanode c5c85e31-a19b-4272-a22a-e6cb0cee2697
2023-09-07 14:19:58,662 [main] INFO  balancer.ContainerBalancerTask (ContainerBalancerTask.java:matchSourceWithTarget(722)) - ContainerBalancer matched source datanode c5c85e31-a19b-4272-a22a-e6cb0cee2697 with target datanode dce3138a-b1d4-4857-bfab-faeb886e2eb0 for container move.
2023-09-07 14:19:58,662 [main] INFO  balancer.ContainerBalancerTask (ContainerBalancerTask.java:processMoveSelection(569)) - ContainerBalancer is trying to move container #88 with size 3221225472B from source datanode c5c85e31-a19b-4272-a22a-e6cb0cee2697 to target datanode dce3138a-b1d4-4857-bfab-faeb886e2eb0
2023-09-07 14:19:58,662 [main] DEBUG balancer.ContainerBalancerTask (ContainerBalancerTask.java:lambda$moveContainer$3(837)) - Container move completed for container #88 from source c5c85e31-a19b-4272-a22a-e6cb0cee2697 to target dce3138a-b1d4-4857-bfab-faeb886e2eb0
2023-09-07 14:19:58,665 [main] DEBUG balancer.ContainerBalancerTask (ContainerBalancerTask.java:matchSourceWithTarget(708)) - ContainerBalancer is finding suitable target for source datanode 248ac389-ea7e-46b0-9205-df1e39f8f0b0
2023-09-07 14:19:58,665 [main] INFO  balancer.ContainerBalancerTask (ContainerBalancerTask.java:matchSourceWithTarget(722)) - ContainerBalancer matched source datanode 248ac389-ea7e-46b0-9205-df1e39f8f0b0 with target datanode dce3138a-b1d4-4857-bfab-faeb886e2eb0 for container move.
2023-09-07 14:19:58,665 [main] INFO  balancer.ContainerBalancerTask (ContainerBalancerTask.java:processMoveSelection(569)) - ContainerBalancer is trying to move container #11 with size 3221225472B from source datanode 248ac389-ea7e-46b0-9205-df1e39f8f0b0 to target datanode dce3138a-b1d4-4857-bfab-faeb886e2eb0
2023-09-07 14:19:58,665 [main] DEBUG balancer.ContainerBalancerTask (ContainerBalancerTask.java:lambda$moveContainer$3(837)) - Container move completed for container #11 from source 248ac389-ea7e-46b0-9205-df1e39f8f0b0 to target dce3138a-b1d4-4857-bfab-faeb886e2eb0
2023-09-07 14:19:58,665 [main] WARN  balancer.ContainerBalancerTask (ContainerBalancerTask.java:reachedMaxSizeToMovePerIteration(733)) - Reached max size to move limit. 53687091200 bytes have already been scheduled for balancing and the limit is 53687091200 bytes.
2023-09-07 14:19:58,665 [main] INFO  balancer.ContainerBalancerTask (ContainerBalancerTask.java:checkIterationMoveResults(642)) - Iteration Summary. Number of Datanodes involved: 6. Size moved: 50 GB (53687091200 Bytes). Number of Container moves completed: 12.
2023-09-07 14:19:58,666 [main] INFO  balancer.ContainerBalancerTask (ContainerBalancerTask.java:balance(259)) - Result of this iteration of Container Balancer: ITERATION_COMPLETED
2023-09-07 14:19:58,666 [main] INFO  balancer.ContainerBalancerTask (ContainerBalancerTask.java:tryStopWithSaveConfiguration(308)) - Save Configuration for stopping. Reason: Completed all iterations.
2023-09-07 14:19:58,666 [main] DEBUG balancer.ContainerBalancerTask (ContainerBalancerTask.java:initializeIteration(374)) - Average utilization of the cluster is 0.3421445052540577
2023-09-07 14:19:58,667 [main] DEBUG balancer.ContainerBalancerTask (ContainerBalancerTask.java:initializeIteration(386)) - Lower limit for utilization is -0.16558995891356842 and Upper limit for utilization is 0.8498789694216838
2023-09-07 14:19:58,667 [main] DEBUG balancer.ContainerBalancerTask (ContainerBalancerTask.java:initializeIteration(398)) - Utilization for node c5c85e31-a19b-4272-a22a-e6cb0cee2697 with capacity 63231462968B, used 56908316672B, and remaining 6323146296B is 0.9000000000126519
2023-09-07 14:19:58,667 [main] DEBUG balancer.ContainerBalancerTask (ContainerBalancerTask.java:initializeIteration(398)) - Utilization for node 248ac389-ea7e-46b0-9205-df1e39f8f0b0 with capacity 60397977600B, used 48318382080B, and remaining 12079595520B is 0.8
2023-09-07 14:19:58,667 [main] DEBUG balancer.ContainerBalancerTask (ContainerBalancerTask.java:initializeIteration(398)) - Utilization for node 421584f2-e4cc-47d8-8aed-944c88f08bcd with capacity 67492343222B, used 47244640256B, and remaining 20247702966B is 0.7000000000088898
2023-09-07 14:19:58,667 [main] DEBUG balancer.ContainerBalancerTask (ContainerBalancerTask.java:initializeIteration(398)) - Utilization for node 77dfbcba-6605-4fdc-8d0e-9fe202378cb7 with capacity 69793218560B, used 41875931136B, and remaining 27917287424B is 0.6
2023-09-07 14:19:58,667 [main] DEBUG balancer.ContainerBalancerTask (ContainerBalancerTask.java:initializeIteration(398)) - Utilization for node 5b777bfe-eb24-4b97-bd1c-28e1b122001c with capacity 85899345920B, used 42949672960B, and remaining 42949672960B is 0.5
2023-09-07 14:19:58,667 [main] DEBUG balancer.ContainerBalancerTask (ContainerBalancerTask.java:initializeIteration(398)) - Utilization for node ca939f99-ab0b-4d29-a42f-f44b56056ae7 with capacity 83214991360B, used 33285996544B, and remaining 49928994816B is 0.4
2023-09-07 14:19:58,667 [main] DEBUG balancer.ContainerBalancerTask (ContainerBalancerTask.java:initializeIteration(398)) - Utilization for node f1108a0e-23cf-44a7-85cb-287ff4c7c6ee with capacity 139586437120B, used 41875931136B, and remaining 97710505984B is 0.3
2023-09-07 14:19:58,667 [main] DEBUG balancer.ContainerBalancerTask (ContainerBalancerTask.java:initializeIteration(398)) - Utilization for node dd8ee5d2-e7f7-433c-8670-3d9c860724d2 with capacity 177167400960B, used 35433480192B, and remaining 141733920768B is 0.2
2023-09-07 14:19:58,667 [main] DEBUG balancer.ContainerBalancerTask (ContainerBalancerTask.java:initializeIteration(398)) - Utilization for node dce3138a-b1d4-4857-bfab-faeb886e2eb0 with capacity 343597383680B, used 34359738368B, and remaining 309237645312B is 0.1
2023-09-07 14:19:58,667 [main] DEBUG balancer.ContainerBalancerTask (ContainerBalancerTask.java:initializeIteration(398)) - Utilization for node 78c33e4e-d029-4a9e-a807-e422689b4b08 with capacity 26843545600B, used 0B, and remaining 26843545600B is 0.0
2023-09-07 14:19:58,667 [main] INFO  balancer.ContainerBalancerTask (ContainerBalancerTask.java:initializeIteration(447)) - Container Balancer has identified 1 Over-Utilized and 0 Under-Utilized Datanodes that need to be balanced.
2023-09-07 14:19:58,667 [main] DEBUG balancer.ContainerBalancerTask (ContainerBalancerTask.java:lambda$initializeIteration$1(453)) - Datanode localhost-98.159.20.181 c5c85e31-a19b-4272-a22a-e6cb0cee2697 is Over-Utilized.
2023-09-07 14:19:58,670 [main] DEBUG balancer.ContainerBalancerTask (ContainerBalancerTask.java:matchSourceWithTarget(708)) - ContainerBalancer is finding suitable target for source datanode c5c85e31-a19b-4272-a22a-e6cb0cee2697
2023-09-07 14:19:58,670 [main] INFO  balancer.FindTargetGreedyByUsageInfo (AbstractFindTargetGreedy.java:findTargetForContainerMove(133)) - Container Balancer could not find a target for source datanode c5c85e31-a19b-4272-a22a-e6cb0cee2697
2023-09-07 14:19:58,670 [main] DEBUG balancer.ContainerBalancerTask (ContainerBalancerTask.java:matchSourceWithTarget(717)) - ContainerBalancer could not find a suitable target for source node c5c85e31-a19b-4272-a22a-e6cb0cee2697.
2023-09-07 14:19:58,670 [main] INFO  balancer.FindSourceGreedy (FindSourceGreedy.java:getNextCandidateSourceDataNode(126)) - no more candidate source data node
2023-09-07 14:19:58,670 [main] INFO  balancer.ContainerBalancerTask (ContainerBalancerTask.java:balance(259)) - Result of this iteration of Container Balancer: CAN_NOT_BALANCE_ANY_MORE
2023-09-07 14:19:58,670 [main] INFO  balancer.ContainerBalancerTask (ContainerBalancerTask.java:tryStopWithSaveConfiguration(308)) - Save Configuration for stopping. Reason: CAN_NOT_BALANCE_ANY_MORE
2023-09-07 14:19:58,671 [main] DEBUG balancer.ContainerBalancerTask (ContainerBalancerTask.java:initializeIteration(374)) - Average utilization of the cluster is 0.3421445052540577
2023-09-07 14:19:58,671 [main] DEBUG balancer.ContainerBalancerTask (ContainerBalancerTask.java:initializeIteration(386)) - Lower limit for utilization is 0.34103939461852817 and Upper limit for utilization is 0.34324961588958725
2023-09-07 14:19:58,671 [main] DEBUG balancer.ContainerBalancerTask (ContainerBalancerTask.java:initializeIteration(398)) - Utilization for node c5c85e31-a19b-4272-a22a-e6cb0cee2697 with capacity 63231462968B, used 56908316672B, and remaining 6323146296B is 0.9000000000126519
2023-09-07 14:19:58,671 [main] DEBUG balancer.ContainerBalancerTask (ContainerBalancerTask.java:initializeIteration(398)) - Utilization for node 248ac389-ea7e-46b0-9205-df1e39f8f0b0 with capacity 60397977600B, used 48318382080B, and remaining 12079595520B is 0.8
2023-09-07 14:19:58,671 [main] DEBUG balancer.ContainerBalancerTask (ContainerBalancerTask.java:initializeIteration(398)) - Utilization for node 421584f2-e4cc-47d8-8aed-944c88f08bcd with capacity 67492343222B, used 47244640256B, and remaining 20247702966B is 0.7000000000088898
2023-09-07 14:19:58,671 [main] DEBUG balancer.ContainerBalancerTask (ContainerBalancerTask.java:initializeIteration(398)) - Utilization for node 77dfbcba-6605-4fdc-8d0e-9fe202378cb7 with capacity 69793218560B, used 41875931136B, and remaining 27917287424B is 0.6
2023-09-07 14:19:58,672 [main] DEBUG balancer.ContainerBalancerTask (ContainerBalancerTask.java:initializeIteration(398)) - Utilization for node 5b777bfe-eb24-4b97-bd1c-28e1b122001c with capacity 85899345920B, used 42949672960B, and remaining 42949672960B is 0.5
2023-09-07 14:19:58,672 [main] DEBUG balancer.ContainerBalancerTask (ContainerBalancerTask.java:initializeIteration(398)) - Utilization for node ca939f99-ab0b-4d29-a42f-f44b56056ae7 with capacity 83214991360B, used 33285996544B, and remaining 49928994816B is 0.4
2023-09-07 14:19:58,672 [main] DEBUG balancer.ContainerBalancerTask (ContainerBalancerTask.java:initializeIteration(398)) - Utilization for node f1108a0e-23cf-44a7-85cb-287ff4c7c6ee with capacity 139586437120B, used 41875931136B, and remaining 97710505984B is 0.3
2023-09-07 14:19:58,672 [main] DEBUG balancer.ContainerBalancerTask (ContainerBalancerTask.java:initializeIteration(398)) - Utilization for node dd8ee5d2-e7f7-433c-8670-3d9c860724d2 with capacity 177167400960B, used 35433480192B, and remaining 141733920768B is 0.2
2023-09-07 14:19:58,672 [main] DEBUG balancer.ContainerBalancerTask (ContainerBalancerTask.java:initializeIteration(398)) - Utilization for node dce3138a-b1d4-4857-bfab-faeb886e2eb0 with capacity 343597383680B, used 34359738368B, and remaining 309237645312B is 0.1
2023-09-07 14:19:58,672 [main] DEBUG balancer.ContainerBalancerTask (ContainerBalancerTask.java:initializeIteration(398)) - Utilization for node 78c33e4e-d029-4a9e-a807-e422689b4b08 with capacity 26843545600B, used 0B, and remaining 26843545600B is 0.0
2023-09-07 14:19:58,672 [main] INFO  balancer.ContainerBalancerTask (ContainerBalancerTask.java:initializeIteration(447)) - Container Balancer has identified 6 Over-Utilized and 4 Under-Utilized Datanodes that need to be balanced.
2023-09-07 14:19:58,672 [main] DEBUG balancer.ContainerBalancerTask (ContainerBalancerTask.java:lambda$initializeIteration$1(453)) - Datanode localhost-98.159.20.181 c5c85e31-a19b-4272-a22a-e6cb0cee2697 is Over-Utilized.
2023-09-07 14:19:58,672 [main] DEBUG balancer.ContainerBalancerTask (ContainerBalancerTask.java:lambda$initializeIteration$1(453)) - Datanode localhost-195.53.202.168 248ac389-ea7e-46b0-9205-df1e39f8f0b0 is Over-Utilized.
2023-09-07 14:19:58,672 [main] DEBUG balancer.ContainerBalancerTask (ContainerBalancerTask.java:lambda$initializeIteration$1(453)) - Datanode localhost-130.14.218.10 421584f2-e4cc-47d8-8aed-944c88f08bcd is Over-Utilized.
2023-09-07 14:19:58,672 [main] DEBUG balancer.ContainerBalancerTask (ContainerBalancerTask.java:lambda$initializeIteration$1(453)) - Datanode localhost-129.122.164.149 77dfbcba-6605-4fdc-8d0e-9fe202378cb7 is Over-Utilized.
2023-09-07 14:19:58,672 [main] DEBUG balancer.ContainerBalancerTask (ContainerBalancerTask.java:lambda$initializeIteration$1(453)) - Datanode localhost-48.199.75.188 5b777bfe-eb24-4b97-bd1c-28e1b122001c is Over-Utilized.
2023-09-07 14:19:58,673 [main] DEBUG balancer.ContainerBalancerTask (ContainerBalancerTask.java:lambda$initializeIteration$1(453)) - Datanode localhost-18.226.192.3 ca939f99-ab0b-4d29-a42f-f44b56056ae7 is Over-Utilized.
2023-09-07 14:19:58,673 [main] DEBUG balancer.ContainerBalancerTask (ContainerBalancerTask.java:lambda$initializeIteration$2(459)) - Datanode localhost-61.34.16.17 78c33e4e-d029-4a9e-a807-e422689b4b08 is Under-Utilized.
2023-09-07 14:19:58,673 [main] DEBUG balancer.ContainerBalancerTask (ContainerBalancerTask.java:lambda$initializeIteration$2(459)) - Datanode localhost-151.238.238.245 dce3138a-b1d4-4857-bfab-faeb886e2eb0 is Under-Utilized.
2023-09-07 14:19:58,673 [main] DEBUG balancer.ContainerBalancerTask (ContainerBalancerTask.java:lambda$initializeIteration$2(459)) - Datanode localhost-77.205.48.120 dd8ee5d2-e7f7-433c-8670-3d9c860724d2 is Under-Utilized.
2023-09-07 14:19:58,673 [main] DEBUG balancer.ContainerBalancerTask (ContainerBalancerTask.java:lambda$initializeIteration$2(459)) - Datanode localhost-16.102.244.236 f1108a0e-23cf-44a7-85cb-287ff4c7c6ee is Under-Utilized.
2023-09-07 14:19:58,675 [main] DEBUG balancer.ContainerBalancerTask (ContainerBalancerTask.java:matchSourceWithTarget(708)) - ContainerBalancer is finding suitable target for source datanode c5c85e31-a19b-4272-a22a-e6cb0cee2697
2023-09-07 14:19:58,675 [main] INFO  balancer.ContainerBalancerTask (ContainerBalancerTask.java:matchSourceWithTarget(722)) - ContainerBalancer matched source datanode c5c85e31-a19b-4272-a22a-e6cb0cee2697 with target datanode 78c33e4e-d029-4a9e-a807-e422689b4b08 for container move.
2023-09-07 14:19:58,676 [main] INFO  balancer.ContainerBalancerTask (ContainerBalancerTask.java:processMoveSelection(569)) - ContainerBalancer is trying to move container #85 with size 5368709120B from source datanode c5c85e31-a19b-4272-a22a-e6cb0cee2697 to target datanode 78c33e4e-d029-4a9e-a807-e422689b4b08
2023-09-07 14:19:58,676 [main] DEBUG balancer.ContainerBalancerTask (ContainerBalancerTask.java:lambda$moveContainer$3(837)) - Container move completed for container #85 from source c5c85e31-a19b-4272-a22a-e6cb0cee2697 to target 78c33e4e-d029-4a9e-a807-e422689b4b08
2023-09-07 14:19:58,678 [main] DEBUG balancer.ContainerBalancerTask (ContainerBalancerTask.java:matchSourceWithTarget(708)) - ContainerBalancer is finding suitable target for source datanode c5c85e31-a19b-4272-a22a-e6cb0cee2697
2023-09-07 14:19:58,678 [main] INFO  balancer.ContainerBalancerTask (ContainerBalancerTask.java:matchSourceWithTarget(722)) - ContainerBalancer matched source datanode c5c85e31-a19b-4272-a22a-e6cb0cee2697 with target datanode dce3138a-b1d4-4857-bfab-faeb886e2eb0 for container move.
2023-09-07 14:19:58,678 [main] INFO  balancer.ContainerBalancerTask (ContainerBalancerTask.java:processMoveSelection(569)) - ContainerBalancer is trying to move container #68 with size 5368709120B from source datanode c5c85e31-a19b-4272-a22a-e6cb0cee2697 to target datanode dce3138a-b1d4-4857-bfab-faeb886e2eb0
2023-09-07 14:19:58,679 [main] DEBUG balancer.ContainerBalancerTask (ContainerBalancerTask.java:lambda$moveContainer$3(837)) - Container move completed for container #68 from source c5c85e31-a19b-4272-a22a-e6cb0cee2697 to target dce3138a-b1d4-4857-bfab-faeb886e2eb0
2023-09-07 14:19:58,681 [main] DEBUG balancer.ContainerBalancerTask (ContainerBalancerTask.java:matchSourceWithTarget(708)) - ContainerBalancer is finding suitable target for source datanode 248ac389-ea7e-46b0-9205-df1e39f8f0b0
2023-09-07 14:19:58,681 [main] INFO  balancer.ContainerBalancerTask (ContainerBalancerTask.java:matchSourceWithTarget(722)) - ContainerBalancer matched source datanode 248ac389-ea7e-46b0-9205-df1e39f8f0b0 with target datanode dce3138a-b1d4-4857-bfab-faeb886e2eb0 for container move.
2023-09-07 14:19:58,681 [main] INFO  balancer.ContainerBalancerTask (ContainerBalancerTask.java:processMoveSelection(569)) - ContainerBalancer is trying to move container #29 with size 5368709120B from source datanode 248ac389-ea7e-46b0-9205-df1e39f8f0b0 to target datanode dce3138a-b1d4-4857-bfab-faeb886e2eb0
2023-09-07 14:19:58,681 [main] DEBUG balancer.ContainerBalancerTask (ContainerBalancerTask.java:lambda$moveContainer$3(837)) - Container move completed for container #29 from source 248ac389-ea7e-46b0-9205-df1e39f8f0b0 to target dce3138a-b1d4-4857-bfab-faeb886e2eb0
2023-09-07 14:19:58,684 [main] DEBUG balancer.ContainerBalancerTask (ContainerBalancerTask.java:matchSourceWithTarget(708)) - ContainerBalancer is finding suitable target for source datanode c5c85e31-a19b-4272-a22a-e6cb0cee2697
2023-09-07 14:19:58,684 [main] INFO  balancer.ContainerBalancerTask (ContainerBalancerTask.java:matchSourceWithTarget(722)) - ContainerBalancer matched source datanode c5c85e31-a19b-4272-a22a-e6cb0cee2697 with target datanode dce3138a-b1d4-4857-bfab-faeb886e2eb0 for container move.
2023-09-07 14:19:58,684 [main] INFO  balancer.ContainerBalancerTask (ContainerBalancerTask.java:processMoveSelection(569)) - ContainerBalancer is trying to move container #89 with size 4294967296B from source datanode c5c85e31-a19b-4272-a22a-e6cb0cee2697 to target datanode dce3138a-b1d4-4857-bfab-faeb886e2eb0
2023-09-07 14:19:58,684 [main] DEBUG balancer.ContainerBalancerTask (ContainerBalancerTask.java:lambda$moveContainer$3(837)) - Container move completed for container #89 from source c5c85e31-a19b-4272-a22a-e6cb0cee2697 to target dce3138a-b1d4-4857-bfab-faeb886e2eb0
2023-09-07 14:19:58,686 [main] DEBUG balancer.ContainerBalancerTask (ContainerBalancerTask.java:matchSourceWithTarget(708)) - ContainerBalancer is finding suitable target for source datanode 248ac389-ea7e-46b0-9205-df1e39f8f0b0
2023-09-07 14:19:58,686 [main] INFO  balancer.ContainerBalancerTask (ContainerBalancerTask.java:matchSourceWithTarget(722)) - ContainerBalancer matched source datanode 248ac389-ea7e-46b0-9205-df1e39f8f0b0 with target datanode dce3138a-b1d4-4857-bfab-faeb886e2eb0 for container move.
2023-09-07 14:19:58,686 [main] INFO  balancer.ContainerBalancerTask (ContainerBalancerTask.java:processMoveSelection(569)) - ContainerBalancer is trying to move container #67 with size 4294967296B from source datanode 248ac389-ea7e-46b0-9205-df1e39f8f0b0 to target datanode dce3138a-b1d4-4857-bfab-faeb886e2eb0
2023-09-07 14:19:58,687 [main] DEBUG balancer.ContainerBalancerTask (ContainerBalancerTask.java:lambda$moveContainer$3(837)) - Container move completed for container #67 from source 248ac389-ea7e-46b0-9205-df1e39f8f0b0 to target dce3138a-b1d4-4857-bfab-faeb886e2eb0
2023-09-07 14:19:58,689 [main] DEBUG balancer.ContainerBalancerTask (ContainerBalancerTask.java:matchSourceWithTarget(708)) - ContainerBalancer is finding suitable target for source datanode 421584f2-e4cc-47d8-8aed-944c88f08bcd
2023-09-07 14:19:58,689 [main] INFO  balancer.ContainerBalancerTask (ContainerBalancerTask.java:matchSourceWithTarget(722)) - ContainerBalancer matched source datanode 421584f2-e4cc-47d8-8aed-944c88f08bcd with target datanode dce3138a-b1d4-4857-bfab-faeb886e2eb0 for container move.
2023-09-07 14:19:58,689 [main] INFO  balancer.ContainerBalancerTask (ContainerBalancerTask.java:processMoveSelection(569)) - ContainerBalancer is trying to move container #53 with size 5368709120B from source datanode 421584f2-e4cc-47d8-8aed-944c88f08bcd to target datanode dce3138a-b1d4-4857-bfab-faeb886e2eb0
2023-09-07 14:19:58,689 [main] DEBUG balancer.ContainerBalancerTask (ContainerBalancerTask.java:lambda$moveContainer$3(837)) - Container move completed for container #53 from source 421584f2-e4cc-47d8-8aed-944c88f08bcd to target dce3138a-b1d4-4857-bfab-faeb886e2eb0
2023-09-07 14:19:58,692 [main] DEBUG balancer.ContainerBalancerTask (ContainerBalancerTask.java:matchSourceWithTarget(708)) - ContainerBalancer is finding suitable target for source datanode c5c85e31-a19b-4272-a22a-e6cb0cee2697
2023-09-07 14:19:58,692 [main] INFO  balancer.ContainerBalancerTask (ContainerBalancerTask.java:matchSourceWithTarget(722)) - ContainerBalancer matched source datanode c5c85e31-a19b-4272-a22a-e6cb0cee2697 with target datanode dce3138a-b1d4-4857-bfab-faeb886e2eb0 for container move.
2023-09-07 14:19:58,692 [main] INFO  balancer.ContainerBalancerTask (ContainerBalancerTask.java:processMoveSelection(569)) - ContainerBalancer is trying to move container #84 with size 4294967296B from source datanode c5c85e31-a19b-4272-a22a-e6cb0cee2697 to target datanode dce3138a-b1d4-4857-bfab-faeb886e2eb0
2023-09-07 14:19:58,692 [main] DEBUG balancer.ContainerBalancerTask (ContainerBalancerTask.java:lambda$moveContainer$3(837)) - Container move completed for container #84 from source c5c85e31-a19b-4272-a22a-e6cb0cee2697 to target dce3138a-b1d4-4857-bfab-faeb886e2eb0
2023-09-07 14:19:58,695 [main] DEBUG balancer.ContainerBalancerTask (ContainerBalancerTask.java:matchSourceWithTarget(708)) - ContainerBalancer is finding suitable target for source datanode 248ac389-ea7e-46b0-9205-df1e39f8f0b0
2023-09-07 14:19:58,695 [main] INFO  balancer.ContainerBalancerTask (ContainerBalancerTask.java:matchSourceWithTarget(722)) - ContainerBalancer matched source datanode 248ac389-ea7e-46b0-9205-df1e39f8f0b0 with target datanode dce3138a-b1d4-4857-bfab-faeb886e2eb0 for container move.
2023-09-07 14:19:58,695 [main] INFO  balancer.ContainerBalancerTask (ContainerBalancerTask.java:processMoveSelection(569)) - ContainerBalancer is trying to move container #66 with size 3221225472B from source datanode 248ac389-ea7e-46b0-9205-df1e39f8f0b0 to target datanode dce3138a-b1d4-4857-bfab-faeb886e2eb0
2023-09-07 14:19:58,695 [main] DEBUG balancer.ContainerBalancerTask (ContainerBalancerTask.java:lambda$moveContainer$3(837)) - Container move completed for container #66 from source 248ac389-ea7e-46b0-9205-df1e39f8f0b0 to target dce3138a-b1d4-4857-bfab-faeb886e2eb0
2023-09-07 14:19:58,697 [main] DEBUG balancer.ContainerBalancerTask (ContainerBalancerTask.java:matchSourceWithTarget(708)) - ContainerBalancer is finding suitable target for source datanode 421584f2-e4cc-47d8-8aed-944c88f08bcd
2023-09-07 14:19:58,697 [main] INFO  balancer.ContainerBalancerTask (ContainerBalancerTask.java:matchSourceWithTarget(722)) - ContainerBalancer matched source datanode 421584f2-e4cc-47d8-8aed-944c88f08bcd with target datanode dce3138a-b1d4-4857-bfab-faeb886e2eb0 for container move.
2023-09-07 14:19:58,697 [main] INFO  balancer.ContainerBalancerTask (ContainerBalancerTask.java:processMoveSelection(569)) - ContainerBalancer is trying to move container #52 with size 4294967296B from source datanode 421584f2-e4cc-47d8-8aed-944c88f08bcd to target datanode dce3138a-b1d4-4857-bfab-faeb886e2eb0
2023-09-07 14:19:58,698 [main] DEBUG balancer.ContainerBalancerTask (ContainerBalancerTask.java:lambda$moveContainer$3(837)) - Container move completed for container #52 from source 421584f2-e4cc-47d8-8aed-944c88f08bcd to target dce3138a-b1d4-4857-bfab-faeb886e2eb0
2023-09-07 14:19:58,700 [main] DEBUG balancer.ContainerBalancerTask (ContainerBalancerTask.java:matchSourceWithTarget(708)) - ContainerBalancer is finding suitable target for source datanode 77dfbcba-6605-4fdc-8d0e-9fe202378cb7
2023-09-07 14:19:58,700 [main] INFO  balancer.ContainerBalancerTask (ContainerBalancerTask.java:matchSourceWithTarget(722)) - ContainerBalancer matched source datanode 77dfbcba-6605-4fdc-8d0e-9fe202378cb7 with target datanode dd8ee5d2-e7f7-433c-8670-3d9c860724d2 for container move.
2023-09-07 14:19:58,700 [main] INFO  balancer.ContainerBalancerTask (ContainerBalancerTask.java:processMoveSelection(569)) - ContainerBalancer is trying to move container #39 with size 4294967296B from source datanode 77dfbcba-6605-4fdc-8d0e-9fe202378cb7 to target datanode dd8ee5d2-e7f7-433c-8670-3d9c860724d2
2023-09-07 14:19:58,700 [main] DEBUG balancer.ContainerBalancerTask (ContainerBalancerTask.java:lambda$moveContainer$3(837)) - Container move completed for container #39 from source 77dfbcba-6605-4fdc-8d0e-9fe202378cb7 to target dd8ee5d2-e7f7-433c-8670-3d9c860724d2
2023-09-07 14:19:58,704 [main] DEBUG balancer.ContainerBalancerTask (ContainerBalancerTask.java:matchSourceWithTarget(708)) - ContainerBalancer is finding suitable target for source datanode c5c85e31-a19b-4272-a22a-e6cb0cee2697
2023-09-07 14:19:58,704 [main] INFO  balancer.ContainerBalancerTask (ContainerBalancerTask.java:matchSourceWithTarget(722)) - ContainerBalancer matched source datanode c5c85e31-a19b-4272-a22a-e6cb0cee2697 with target datanode 78c33e4e-d029-4a9e-a807-e422689b4b08 for container move.
2023-09-07 14:19:58,704 [main] INFO  balancer.ContainerBalancerTask (ContainerBalancerTask.java:processMoveSelection(569)) - ContainerBalancer is trying to move container #88 with size 3221225472B from source datanode c5c85e31-a19b-4272-a22a-e6cb0cee2697 to target datanode 78c33e4e-d029-4a9e-a807-e422689b4b08
2023-09-07 14:19:58,704 [main] DEBUG balancer.ContainerBalancerTask (ContainerBalancerTask.java:lambda$moveContainer$3(837)) - Container move completed for container #88 from source c5c85e31-a19b-4272-a22a-e6cb0cee2697 to target 78c33e4e-d029-4a9e-a807-e422689b4b08
2023-09-07 14:19:58,706 [main] DEBUG balancer.ContainerBalancerTask (ContainerBalancerTask.java:matchSourceWithTarget(708)) - ContainerBalancer is finding suitable target for source datanode 248ac389-ea7e-46b0-9205-df1e39f8f0b0
2023-09-07 14:19:58,707 [main] INFO  balancer.ContainerBalancerTask (ContainerBalancerTask.java:matchSourceWithTarget(722)) - ContainerBalancer matched source datanode 248ac389-ea7e-46b0-9205-df1e39f8f0b0 with target datanode dce3138a-b1d4-4857-bfab-faeb886e2eb0 for container move.
2023-09-07 14:19:58,707 [main] INFO  balancer.ContainerBalancerTask (ContainerBalancerTask.java:processMoveSelection(569)) - ContainerBalancer is trying to move container #11 with size 3221225472B from source datanode 248ac389-ea7e-46b0-9205-df1e39f8f0b0 to target datanode dce3138a-b1d4-4857-bfab-faeb886e2eb0
2023-09-07 14:19:58,707 [main] DEBUG balancer.ContainerBalancerTask (ContainerBalancerTask.java:lambda$moveContainer$3(837)) - Container move completed for container #11 from source 248ac389-ea7e-46b0-9205-df1e39f8f0b0 to target dce3138a-b1d4-4857-bfab-faeb886e2eb0
2023-09-07 14:19:58,709 [main] DEBUG balancer.ContainerBalancerTask (ContainerBalancerTask.java:matchSourceWithTarget(708)) - ContainerBalancer is finding suitable target for source datanode 421584f2-e4cc-47d8-8aed-944c88f08bcd
2023-09-07 14:19:58,710 [main] INFO  balancer.ContainerBalancerTask (ContainerBalancerTask.java:matchSourceWithTarget(722)) - ContainerBalancer matched source datanode 421584f2-e4cc-47d8-8aed-944c88f08bcd with target datanode dce3138a-b1d4-4857-bfab-faeb886e2eb0 for container move.
2023-09-07 14:19:58,710 [main] INFO  balancer.ContainerBalancerTask (ContainerBalancerTask.java:processMoveSelection(569)) - ContainerBalancer is trying to move container #49 with size 1073741824B from source datanode 421584f2-e4cc-47d8-8aed-944c88f08bcd to target datanode dce3138a-b1d4-4857-bfab-faeb886e2eb0
2023-09-07 14:19:58,710 [main] DEBUG balancer.ContainerBalancerTask (ContainerBalancerTask.java:lambda$moveContainer$3(837)) - Container move completed for container #49 from source 421584f2-e4cc-47d8-8aed-944c88f08bcd to target dce3138a-b1d4-4857-bfab-faeb886e2eb0
2023-09-07 14:19:58,710 [main] WARN  balancer.ContainerBalancerTask (ContainerBalancerTask.java:reachedMaxSizeToMovePerIteration(733)) - Reached max size to move limit. 53687091200 bytes have already been scheduled for balancing and the limit is 53687091200 bytes.
2023-09-07 14:19:58,710 [main] INFO  balancer.ContainerBalancerTask (ContainerBalancerTask.java:checkIterationMoveResults(642)) - Iteration Summary. Number of Datanodes involved: 7. Size moved: 50 GB (53687091200 Bytes). Number of Container moves completed: 13.
2023-09-07 14:19:58,710 [main] INFO  balancer.ContainerBalancerTask (ContainerBalancerTask.java:balance(259)) - Result of this iteration of Container Balancer: ITERATION_COMPLETED
2023-09-07 14:19:58,710 [main] INFO  balancer.ContainerBalancerTask (ContainerBalancerTask.java:tryStopWithSaveConfiguration(308)) - Save Configuration for stopping. Reason: Completed all iterations.
2023-09-07 14:19:58,711 [main] DEBUG balancer.ContainerBalancerTask (ContainerBalancerTask.java:initializeIteration(374)) - Average utilization of the cluster is 0.3421445052540577
2023-09-07 14:19:58,711 [main] DEBUG balancer.ContainerBalancerTask (ContainerBalancerTask.java:initializeIteration(386)) - Lower limit for utilization is 0.28257380055835724 and Upper limit for utilization is 0.4017152099497582
2023-09-07 14:19:58,711 [main] DEBUG balancer.ContainerBalancerTask (ContainerBalancerTask.java:initializeIteration(398)) - Utilization for node c5c85e31-a19b-4272-a22a-e6cb0cee2697 with capacity 63231462968B, used 56908316672B, and remaining 6323146296B is 0.9000000000126519
2023-09-07 14:19:58,711 [main] DEBUG balancer.ContainerBalancerTask (ContainerBalancerTask.java:initializeIteration(398)) - Utilization for node 248ac389-ea7e-46b0-9205-df1e39f8f0b0 with capacity 60397977600B, used 48318382080B, and remaining 12079595520B is 0.8
2023-09-07 14:19:58,712 [main] DEBUG balancer.ContainerBalancerTask (ContainerBalancerTask.java:initializeIteration(398)) - Utilization for node 421584f2-e4cc-47d8-8aed-944c88f08bcd with capacity 67492343222B, used 47244640256B, and remaining 20247702966B is 0.7000000000088898
2023-09-07 14:19:58,712 [main] DEBUG balancer.ContainerBalancerTask (ContainerBalancerTask.java:initializeIteration(398)) - Utilization for node 77dfbcba-6605-4fdc-8d0e-9fe202378cb7 with capacity 69793218560B, used 41875931136B, and remaining 27917287424B is 0.6
2023-09-07 14:19:58,712 [main] DEBUG balancer.ContainerBalancerTask (ContainerBalancerTask.java:initializeIteration(398)) - Utilization for node 5b777bfe-eb24-4b97-bd1c-28e1b122001c with capacity 85899345920B, used 42949672960B, and remaining 42949672960B is 0.5
2023-09-07 14:19:58,713 [main] DEBUG balancer.ContainerBalancerTask (ContainerBalancerTask.java:initializeIteration(398)) - Utilization for node ca939f99-ab0b-4d29-a42f-f44b56056ae7 with capacity 83214991360B, used 33285996544B, and remaining 49928994816B is 0.4
2023-09-07 14:19:58,714 [main] DEBUG balancer.ContainerBalancerTask (ContainerBalancerTask.java:initializeIteration(398)) - Utilization for node f1108a0e-23cf-44a7-85cb-287ff4c7c6ee with capacity 139586437120B, used 41875931136B, and remaining 97710505984B is 0.3
2023-09-07 14:19:58,714 [main] DEBUG balancer.ContainerBalancerTask (ContainerBalancerTask.java:initializeIteration(398)) - Utilization for node dd8ee5d2-e7f7-433c-8670-3d9c860724d2 with capacity 177167400960B, used 35433480192B, and remaining 141733920768B is 0.2
2023-09-07 14:19:58,714 [main] DEBUG balancer.ContainerBalancerTask (ContainerBalancerTask.java:initializeIteration(398)) - Utilization for node dce3138a-b1d4-4857-bfab-faeb886e2eb0 with capacity 343597383680B, used 34359738368B, and remaining 309237645312B is 0.1
2023-09-07 14:19:58,714 [main] DEBUG balancer.ContainerBalancerTask (ContainerBalancerTask.java:initializeIteration(398)) - Utilization for node 78c33e4e-d029-4a9e-a807-e422689b4b08 with capacity 26843545600B, used 0B, and remaining 26843545600B is 0.0
2023-09-07 14:19:58,714 [main] INFO  balancer.ContainerBalancerTask (ContainerBalancerTask.java:initializeIteration(447)) - Container Balancer has identified 5 Over-Utilized and 3 Under-Utilized Datanodes that need to be balanced.
2023-09-07 14:19:58,714 [main] DEBUG balancer.ContainerBalancerTask (ContainerBalancerTask.java:lambda$initializeIteration$1(453)) - Datanode localhost-98.159.20.181 c5c85e31-a19b-4272-a22a-e6cb0cee2697 is Over-Utilized.
2023-09-07 14:19:58,714 [main] DEBUG balancer.ContainerBalancerTask (ContainerBalancerTask.java:lambda$initializeIteration$1(453)) - Datanode localhost-195.53.202.168 248ac389-ea7e-46b0-9205-df1e39f8f0b0 is Over-Utilized.
2023-09-07 14:19:58,714 [main] DEBUG balancer.ContainerBalancerTask (ContainerBalancerTask.java:lambda$initializeIteration$1(453)) - Datanode localhost-130.14.218.10 421584f2-e4cc-47d8-8aed-944c88f08bcd is Over-Utilized.
2023-09-07 14:19:58,714 [main] DEBUG balancer.ContainerBalancerTask (ContainerBalancerTask.java:lambda$initializeIteration$1(453)) - Datanode localhost-129.122.164.149 77dfbcba-6605-4fdc-8d0e-9fe202378cb7 is Over-Utilized.
2023-09-07 14:19:58,714 [main] DEBUG balancer.ContainerBalancerTask (ContainerBalancerTask.java:lambda$initializeIteration$1(453)) - Datanode localhost-48.199.75.188 5b777bfe-eb24-4b97-bd1c-28e1b122001c is Over-Utilized.
2023-09-07 14:19:58,714 [main] DEBUG balancer.ContainerBalancerTask (ContainerBalancerTask.java:lambda$initializeIteration$2(459)) - Datanode localhost-61.34.16.17 78c33e4e-d029-4a9e-a807-e422689b4b08 is Under-Utilized.
2023-09-07 14:19:58,714 [main] DEBUG balancer.ContainerBalancerTask (ContainerBalancerTask.java:lambda$initializeIteration$2(459)) - Datanode localhost-151.238.238.245 dce3138a-b1d4-4857-bfab-faeb886e2eb0 is Under-Utilized.
2023-09-07 14:19:58,715 [main] DEBUG balancer.ContainerBalancerTask (ContainerBalancerTask.java:lambda$initializeIteration$2(459)) - Datanode localhost-77.205.48.120 dd8ee5d2-e7f7-433c-8670-3d9c860724d2 is Under-Utilized.
2023-09-07 14:19:58,717 [main] DEBUG balancer.ContainerBalancerTask (ContainerBalancerTask.java:matchSourceWithTarget(708)) - ContainerBalancer is finding suitable target for source datanode c5c85e31-a19b-4272-a22a-e6cb0cee2697
2023-09-07 14:19:58,717 [main] INFO  balancer.ContainerBalancerTask (ContainerBalancerTask.java:matchSourceWithTarget(722)) - ContainerBalancer matched source datanode c5c85e31-a19b-4272-a22a-e6cb0cee2697 with target datanode 78c33e4e-d029-4a9e-a807-e422689b4b08 for container move.
2023-09-07 14:19:58,717 [main] INFO  balancer.ContainerBalancerTask (ContainerBalancerTask.java:processMoveSelection(569)) - ContainerBalancer is trying to move container #85 with size 5368709120B from source datanode c5c85e31-a19b-4272-a22a-e6cb0cee2697 to target datanode 78c33e4e-d029-4a9e-a807-e422689b4b08
2023-09-07 14:19:58,717 [main] DEBUG balancer.ContainerBalancerTask (ContainerBalancerTask.java:lambda$moveContainer$3(837)) - Container move completed for container #85 from source c5c85e31-a19b-4272-a22a-e6cb0cee2697 to target 78c33e4e-d029-4a9e-a807-e422689b4b08
2023-09-07 14:19:58,720 [main] DEBUG balancer.ContainerBalancerTask (ContainerBalancerTask.java:matchSourceWithTarget(708)) - ContainerBalancer is finding suitable target for source datanode c5c85e31-a19b-4272-a22a-e6cb0cee2697
2023-09-07 14:19:58,720 [main] INFO  balancer.ContainerBalancerTask (ContainerBalancerTask.java:matchSourceWithTarget(722)) - ContainerBalancer matched source datanode c5c85e31-a19b-4272-a22a-e6cb0cee2697 with target datanode dce3138a-b1d4-4857-bfab-faeb886e2eb0 for container move.
2023-09-07 14:19:58,720 [main] INFO  balancer.ContainerBalancerTask (ContainerBalancerTask.java:processMoveSelection(569)) - ContainerBalancer is trying to move container #68 with size 5368709120B from source datanode c5c85e31-a19b-4272-a22a-e6cb0cee2697 to target datanode dce3138a-b1d4-4857-bfab-faeb886e2eb0
2023-09-07 14:19:58,720 [main] DEBUG balancer.ContainerBalancerTask (ContainerBalancerTask.java:lambda$moveContainer$3(837)) - Container move completed for container #68 from source c5c85e31-a19b-4272-a22a-e6cb0cee2697 to target dce3138a-b1d4-4857-bfab-faeb886e2eb0
2023-09-07 14:19:58,722 [main] DEBUG balancer.ContainerBalancerTask (ContainerBalancerTask.java:matchSourceWithTarget(708)) - ContainerBalancer is finding suitable target for source datanode 248ac389-ea7e-46b0-9205-df1e39f8f0b0
2023-09-07 14:19:58,723 [main] INFO  balancer.ContainerBalancerTask (ContainerBalancerTask.java:matchSourceWithTarget(722)) - ContainerBalancer matched source datanode 248ac389-ea7e-46b0-9205-df1e39f8f0b0 with target datanode dce3138a-b1d4-4857-bfab-faeb886e2eb0 for container move.
2023-09-07 14:19:58,723 [main] INFO  balancer.ContainerBalancerTask (ContainerBalancerTask.java:processMoveSelection(569)) - ContainerBalancer is trying to move container #29 with size 5368709120B from source datanode 248ac389-ea7e-46b0-9205-df1e39f8f0b0 to target datanode dce3138a-b1d4-4857-bfab-faeb886e2eb0
2023-09-07 14:19:58,723 [main] DEBUG balancer.ContainerBalancerTask (ContainerBalancerTask.java:lambda$moveContainer$3(837)) - Container move completed for container #29 from source 248ac389-ea7e-46b0-9205-df1e39f8f0b0 to target dce3138a-b1d4-4857-bfab-faeb886e2eb0
2023-09-07 14:19:58,725 [main] DEBUG balancer.ContainerBalancerTask (ContainerBalancerTask.java:matchSourceWithTarget(708)) - ContainerBalancer is finding suitable target for source datanode c5c85e31-a19b-4272-a22a-e6cb0cee2697
2023-09-07 14:19:58,725 [main] INFO  balancer.ContainerBalancerTask (ContainerBalancerTask.java:matchSourceWithTarget(722)) - ContainerBalancer matched source datanode c5c85e31-a19b-4272-a22a-e6cb0cee2697 with target datanode dce3138a-b1d4-4857-bfab-faeb886e2eb0 for container move.
2023-09-07 14:19:58,726 [main] INFO  balancer.ContainerBalancerTask (ContainerBalancerTask.java:processMoveSelection(569)) - ContainerBalancer is trying to move container #89 with size 4294967296B from source datanode c5c85e31-a19b-4272-a22a-e6cb0cee2697 to target datanode dce3138a-b1d4-4857-bfab-faeb886e2eb0
2023-09-07 14:19:58,726 [main] DEBUG balancer.ContainerBalancerTask (ContainerBalancerTask.java:lambda$moveContainer$3(837)) - Container move completed for container #89 from source c5c85e31-a19b-4272-a22a-e6cb0cee2697 to target dce3138a-b1d4-4857-bfab-faeb886e2eb0
2023-09-07 14:19:58,728 [main] DEBUG balancer.ContainerBalancerTask (ContainerBalancerTask.java:matchSourceWithTarget(708)) - ContainerBalancer is finding suitable target for source datanode 248ac389-ea7e-46b0-9205-df1e39f8f0b0
2023-09-07 14:19:58,728 [main] INFO  balancer.ContainerBalancerTask (ContainerBalancerTask.java:matchSourceWithTarget(722)) - ContainerBalancer matched source datanode 248ac389-ea7e-46b0-9205-df1e39f8f0b0 with target datanode dce3138a-b1d4-4857-bfab-faeb886e2eb0 for container move.
2023-09-07 14:19:58,728 [main] INFO  balancer.ContainerBalancerTask (ContainerBalancerTask.java:processMoveSelection(569)) - ContainerBalancer is trying to move container #67 with size 4294967296B from source datanode 248ac389-ea7e-46b0-9205-df1e39f8f0b0 to target datanode dce3138a-b1d4-4857-bfab-faeb886e2eb0
2023-09-07 14:19:58,728 [main] DEBUG balancer.ContainerBalancerTask (ContainerBalancerTask.java:lambda$moveContainer$3(837)) - Container move completed for container #67 from source 248ac389-ea7e-46b0-9205-df1e39f8f0b0 to target dce3138a-b1d4-4857-bfab-faeb886e2eb0
2023-09-07 14:19:58,730 [main] DEBUG balancer.ContainerBalancerTask (ContainerBalancerTask.java:matchSourceWithTarget(708)) - ContainerBalancer is finding suitable target for source datanode 421584f2-e4cc-47d8-8aed-944c88f08bcd
2023-09-07 14:19:58,731 [main] INFO  balancer.ContainerBalancerTask (ContainerBalancerTask.java:matchSourceWithTarget(722)) - ContainerBalancer matched source datanode 421584f2-e4cc-47d8-8aed-944c88f08bcd with target datanode dce3138a-b1d4-4857-bfab-faeb886e2eb0 for container move.
2023-09-07 14:19:58,731 [main] INFO  balancer.ContainerBalancerTask (ContainerBalancerTask.java:processMoveSelection(569)) - ContainerBalancer is trying to move container #53 with size 5368709120B from source datanode 421584f2-e4cc-47d8-8aed-944c88f08bcd to target datanode dce3138a-b1d4-4857-bfab-faeb886e2eb0
2023-09-07 14:19:58,731 [main] DEBUG balancer.ContainerBalancerTask (ContainerBalancerTask.java:lambda$moveContainer$3(837)) - Container move completed for container #53 from source 421584f2-e4cc-47d8-8aed-944c88f08bcd to target dce3138a-b1d4-4857-bfab-faeb886e2eb0
2023-09-07 14:19:58,734 [main] DEBUG balancer.ContainerBalancerTask (ContainerBalancerTask.java:matchSourceWithTarget(708)) - ContainerBalancer is finding suitable target for source datanode c5c85e31-a19b-4272-a22a-e6cb0cee2697
2023-09-07 14:19:58,734 [main] INFO  balancer.ContainerBalancerTask (ContainerBalancerTask.java:matchSourceWithTarget(722)) - ContainerBalancer matched source datanode c5c85e31-a19b-4272-a22a-e6cb0cee2697 with target datanode dce3138a-b1d4-4857-bfab-faeb886e2eb0 for container move.
2023-09-07 14:19:58,734 [main] INFO  balancer.ContainerBalancerTask (ContainerBalancerTask.java:processMoveSelection(569)) - ContainerBalancer is trying to move container #84 with size 4294967296B from source datanode c5c85e31-a19b-4272-a22a-e6cb0cee2697 to target datanode dce3138a-b1d4-4857-bfab-faeb886e2eb0
2023-09-07 14:19:58,734 [main] DEBUG balancer.ContainerBalancerTask (ContainerBalancerTask.java:lambda$moveContainer$3(837)) - Container move completed for container #84 from source c5c85e31-a19b-4272-a22a-e6cb0cee2697 to target dce3138a-b1d4-4857-bfab-faeb886e2eb0
2023-09-07 14:19:58,736 [main] DEBUG balancer.ContainerBalancerTask (ContainerBalancerTask.java:matchSourceWithTarget(708)) - ContainerBalancer is finding suitable target for source datanode 248ac389-ea7e-46b0-9205-df1e39f8f0b0
2023-09-07 14:19:58,736 [main] INFO  balancer.ContainerBalancerTask (ContainerBalancerTask.java:matchSourceWithTarget(722)) - ContainerBalancer matched source datanode 248ac389-ea7e-46b0-9205-df1e39f8f0b0 with target datanode dce3138a-b1d4-4857-bfab-faeb886e2eb0 for container move.
2023-09-07 14:19:58,737 [main] INFO  balancer.ContainerBalancerTask (ContainerBalancerTask.java:processMoveSelection(569)) - ContainerBalancer is trying to move container #66 with size 3221225472B from source datanode 248ac389-ea7e-46b0-9205-df1e39f8f0b0 to target datanode dce3138a-b1d4-4857-bfab-faeb886e2eb0
2023-09-07 14:19:58,737 [main] DEBUG balancer.ContainerBalancerTask (ContainerBalancerTask.java:lambda$moveContainer$3(837)) - Container move completed for container #66 from source 248ac389-ea7e-46b0-9205-df1e39f8f0b0 to target dce3138a-b1d4-4857-bfab-faeb886e2eb0
2023-09-07 14:19:58,739 [main] DEBUG balancer.ContainerBalancerTask (ContainerBalancerTask.java:matchSourceWithTarget(708)) - ContainerBalancer is finding suitable target for source datanode 421584f2-e4cc-47d8-8aed-944c88f08bcd
2023-09-07 14:19:58,739 [main] INFO  balancer.ContainerBalancerTask (ContainerBalancerTask.java:matchSourceWithTarget(722)) - ContainerBalancer matched source datanode 421584f2-e4cc-47d8-8aed-944c88f08bcd with target datanode dce3138a-b1d4-4857-bfab-faeb886e2eb0 for container move.
2023-09-07 14:19:58,739 [main] INFO  balancer.ContainerBalancerTask (ContainerBalancerTask.java:processMoveSelection(569)) - ContainerBalancer is trying to move container #52 with size 4294967296B from source datanode 421584f2-e4cc-47d8-8aed-944c88f08bcd to target datanode dce3138a-b1d4-4857-bfab-faeb886e2eb0
2023-09-07 14:19:58,739 [main] DEBUG balancer.ContainerBalancerTask (ContainerBalancerTask.java:lambda$moveContainer$3(837)) - Container move completed for container #52 from source 421584f2-e4cc-47d8-8aed-944c88f08bcd to target dce3138a-b1d4-4857-bfab-faeb886e2eb0
2023-09-07 14:19:58,742 [main] DEBUG balancer.ContainerBalancerTask (ContainerBalancerTask.java:matchSourceWithTarget(708)) - ContainerBalancer is finding suitable target for source datanode 77dfbcba-6605-4fdc-8d0e-9fe202378cb7
2023-09-07 14:19:58,742 [main] INFO  balancer.ContainerBalancerTask (ContainerBalancerTask.java:matchSourceWithTarget(722)) - ContainerBalancer matched source datanode 77dfbcba-6605-4fdc-8d0e-9fe202378cb7 with target datanode dd8ee5d2-e7f7-433c-8670-3d9c860724d2 for container move.
2023-09-07 14:19:58,742 [main] INFO  balancer.ContainerBalancerTask (ContainerBalancerTask.java:processMoveSelection(569)) - ContainerBalancer is trying to move container #39 with size 4294967296B from source datanode 77dfbcba-6605-4fdc-8d0e-9fe202378cb7 to target datanode dd8ee5d2-e7f7-433c-8670-3d9c860724d2
2023-09-07 14:19:58,742 [main] DEBUG balancer.ContainerBalancerTask (ContainerBalancerTask.java:lambda$moveContainer$3(837)) - Container move completed for container #39 from source 77dfbcba-6605-4fdc-8d0e-9fe202378cb7 to target dd8ee5d2-e7f7-433c-8670-3d9c860724d2
2023-09-07 14:19:58,745 [main] DEBUG balancer.ContainerBalancerTask (ContainerBalancerTask.java:matchSourceWithTarget(708)) - ContainerBalancer is finding suitable target for source datanode c5c85e31-a19b-4272-a22a-e6cb0cee2697
2023-09-07 14:19:58,745 [main] INFO  balancer.ContainerBalancerTask (ContainerBalancerTask.java:matchSourceWithTarget(722)) - ContainerBalancer matched source datanode c5c85e31-a19b-4272-a22a-e6cb0cee2697 with target datanode 78c33e4e-d029-4a9e-a807-e422689b4b08 for container move.
2023-09-07 14:19:58,745 [main] INFO  balancer.ContainerBalancerTask (ContainerBalancerTask.java:processMoveSelection(569)) - ContainerBalancer is trying to move container #88 with size 3221225472B from source datanode c5c85e31-a19b-4272-a22a-e6cb0cee2697 to target datanode 78c33e4e-d029-4a9e-a807-e422689b4b08
2023-09-07 14:19:58,745 [main] DEBUG balancer.ContainerBalancerTask (ContainerBalancerTask.java:lambda$moveContainer$3(837)) - Container move completed for container #88 from source c5c85e31-a19b-4272-a22a-e6cb0cee2697 to target 78c33e4e-d029-4a9e-a807-e422689b4b08
2023-09-07 14:19:58,748 [main] DEBUG balancer.ContainerBalancerTask (ContainerBalancerTask.java:matchSourceWithTarget(708)) - ContainerBalancer is finding suitable target for source datanode 248ac389-ea7e-46b0-9205-df1e39f8f0b0
2023-09-07 14:19:58,748 [main] INFO  balancer.ContainerBalancerTask (ContainerBalancerTask.java:matchSourceWithTarget(722)) - ContainerBalancer matched source datanode 248ac389-ea7e-46b0-9205-df1e39f8f0b0 with target datanode dce3138a-b1d4-4857-bfab-faeb886e2eb0 for container move.
2023-09-07 14:19:58,748 [main] INFO  balancer.ContainerBalancerTask (ContainerBalancerTask.java:processMoveSelection(569)) - ContainerBalancer is trying to move container #11 with size 3221225472B from source datanode 248ac389-ea7e-46b0-9205-df1e39f8f0b0 to target datanode dce3138a-b1d4-4857-bfab-faeb886e2eb0
2023-09-07 14:19:58,748 [main] DEBUG balancer.ContainerBalancerTask (ContainerBalancerTask.java:lambda$moveContainer$3(837)) - Container move completed for container #11 from source 248ac389-ea7e-46b0-9205-df1e39f8f0b0 to target dce3138a-b1d4-4857-bfab-faeb886e2eb0
2023-09-07 14:19:58,751 [main] DEBUG balancer.ContainerBalancerTask (ContainerBalancerTask.java:matchSourceWithTarget(708)) - ContainerBalancer is finding suitable target for source datanode 421584f2-e4cc-47d8-8aed-944c88f08bcd
2023-09-07 14:19:58,751 [main] INFO  balancer.ContainerBalancerTask (ContainerBalancerTask.java:matchSourceWithTarget(722)) - ContainerBalancer matched source datanode 421584f2-e4cc-47d8-8aed-944c88f08bcd with target datanode dce3138a-b1d4-4857-bfab-faeb886e2eb0 for container move.
2023-09-07 14:19:58,751 [main] INFO  balancer.ContainerBalancerTask (ContainerBalancerTask.java:processMoveSelection(569)) - ContainerBalancer is trying to move container #49 with size 1073741824B from source datanode 421584f2-e4cc-47d8-8aed-944c88f08bcd to target datanode dce3138a-b1d4-4857-bfab-faeb886e2eb0
2023-09-07 14:19:58,751 [main] DEBUG balancer.ContainerBalancerTask (ContainerBalancerTask.java:lambda$moveContainer$3(837)) - Container move completed for container #49 from source 421584f2-e4cc-47d8-8aed-944c88f08bcd to target dce3138a-b1d4-4857-bfab-faeb886e2eb0
2023-09-07 14:19:58,751 [main] WARN  balancer.ContainerBalancerTask (ContainerBalancerTask.java:reachedMaxSizeToMovePerIteration(733)) - Reached max size to move limit. 53687091200 bytes have already been scheduled for balancing and the limit is 53687091200 bytes.
2023-09-07 14:19:58,751 [main] INFO  balancer.ContainerBalancerTask (ContainerBalancerTask.java:checkIterationMoveResults(642)) - Iteration Summary. Number of Datanodes involved: 7. Size moved: 50 GB (53687091200 Bytes). Number of Container moves completed: 13.
2023-09-07 14:19:58,751 [main] INFO  balancer.ContainerBalancerTask (ContainerBalancerTask.java:balance(259)) - Result of this iteration of Container Balancer: ITERATION_COMPLETED
2023-09-07 14:19:58,752 [main] INFO  balancer.ContainerBalancerTask (ContainerBalancerTask.java:tryStopWithSaveConfiguration(308)) - Save Configuration for stopping. Reason: Completed all iterations.
2023-09-07 14:19:58,752 [main] DEBUG balancer.ContainerBalancerTask (ContainerBalancerTask.java:initializeIteration(374)) - Average utilization of the cluster is 0.3421445052540577
2023-09-07 14:19:58,752 [main] DEBUG balancer.ContainerBalancerTask (ContainerBalancerTask.java:initializeIteration(386)) - Lower limit for utilization is -0.6099954280673737 and Upper limit for utilization is 1.294284438575489
2023-09-07 14:19:58,752 [main] DEBUG balancer.ContainerBalancerTask (ContainerBalancerTask.java:initializeIteration(398)) - Utilization for node c5c85e31-a19b-4272-a22a-e6cb0cee2697 with capacity 63231462968B, used 56908316672B, and remaining 6323146296B is 0.9000000000126519
2023-09-07 14:19:58,752 [main] DEBUG balancer.ContainerBalancerTask (ContainerBalancerTask.java:initializeIteration(398)) - Utilization for node 248ac389-ea7e-46b0-9205-df1e39f8f0b0 with capacity 60397977600B, used 48318382080B, and remaining 12079595520B is 0.8
2023-09-07 14:19:58,753 [main] DEBUG balancer.ContainerBalancerTask (ContainerBalancerTask.java:initializeIteration(398)) - Utilization for node 421584f2-e4cc-47d8-8aed-944c88f08bcd with capacity 67492343222B, used 47244640256B, and remaining 20247702966B is 0.7000000000088898
2023-09-07 14:19:58,753 [main] DEBUG balancer.ContainerBalancerTask (ContainerBalancerTask.java:initializeIteration(398)) - Utilization for node 77dfbcba-6605-4fdc-8d0e-9fe202378cb7 with capacity 69793218560B, used 41875931136B, and remaining 27917287424B is 0.6
2023-09-07 14:19:58,753 [main] DEBUG balancer.ContainerBalancerTask (ContainerBalancerTask.java:initializeIteration(398)) - Utilization for node 5b777bfe-eb24-4b97-bd1c-28e1b122001c with capacity 85899345920B, used 42949672960B, and remaining 42949672960B is 0.5
2023-09-07 14:19:58,753 [main] DEBUG balancer.ContainerBalancerTask (ContainerBalancerTask.java:initializeIteration(398)) - Utilization for node ca939f99-ab0b-4d29-a42f-f44b56056ae7 with capacity 83214991360B, used 33285996544B, and remaining 49928994816B is 0.4
2023-09-07 14:19:58,753 [main] DEBUG balancer.ContainerBalancerTask (ContainerBalancerTask.java:initializeIteration(398)) - Utilization for node f1108a0e-23cf-44a7-85cb-287ff4c7c6ee with capacity 139586437120B, used 41875931136B, and remaining 97710505984B is 0.3
2023-09-07 14:19:58,753 [main] DEBUG balancer.ContainerBalancerTask (ContainerBalancerTask.java:initializeIteration(398)) - Utilization for node dd8ee5d2-e7f7-433c-8670-3d9c860724d2 with capacity 177167400960B, used 35433480192B, and remaining 141733920768B is 0.2
2023-09-07 14:19:58,753 [main] DEBUG balancer.ContainerBalancerTask (ContainerBalancerTask.java:initializeIteration(398)) - Utilization for node dce3138a-b1d4-4857-bfab-faeb886e2eb0 with capacity 343597383680B, used 34359738368B, and remaining 309237645312B is 0.1
2023-09-07 14:19:58,753 [main] DEBUG balancer.ContainerBalancerTask (ContainerBalancerTask.java:initializeIteration(398)) - Utilization for node 78c33e4e-d029-4a9e-a807-e422689b4b08 with capacity 26843545600B, used 0B, and remaining 26843545600B is 0.0
2023-09-07 14:19:58,753 [main] INFO  balancer.ContainerBalancerTask (ContainerBalancerTask.java:initializeIteration(443)) - Did not find any unbalanced Datanodes.
2023-09-07 14:19:58,753 [main] INFO  balancer.ContainerBalancerTask (ContainerBalancerTask.java:tryStopWithSaveConfiguration(308)) - Save Configuration for stopping. Reason: Could not initialize ContainerBalancer's iteration number 0
2023-09-07 14:19:58,754 [main] DEBUG balancer.ContainerBalancerTask (ContainerBalancerTask.java:initializeIteration(374)) - Average utilization of the cluster is 0.3421445052540577
2023-09-07 14:19:58,754 [main] DEBUG balancer.ContainerBalancerTask (ContainerBalancerTask.java:initializeIteration(386)) - Lower limit for utilization is -0.0846613270848785 and Upper limit for utilization is 0.7689503375929939
2023-09-07 14:19:58,754 [main] DEBUG balancer.ContainerBalancerTask (ContainerBalancerTask.java:initializeIteration(398)) - Utilization for node c5c85e31-a19b-4272-a22a-e6cb0cee2697 with capacity 63231462968B, used 56908316672B, and remaining 6323146296B is 0.9000000000126519
2023-09-07 14:19:58,754 [main] DEBUG balancer.ContainerBalancerTask (ContainerBalancerTask.java:initializeIteration(398)) - Utilization for node 248ac389-ea7e-46b0-9205-df1e39f8f0b0 with capacity 60397977600B, used 48318382080B, and remaining 12079595520B is 0.8
2023-09-07 14:19:58,754 [main] DEBUG balancer.ContainerBalancerTask (ContainerBalancerTask.java:initializeIteration(398)) - Utilization for node 421584f2-e4cc-47d8-8aed-944c88f08bcd with capacity 67492343222B, used 47244640256B, and remaining 20247702966B is 0.7000000000088898
2023-09-07 14:19:58,754 [main] DEBUG balancer.ContainerBalancerTask (ContainerBalancerTask.java:initializeIteration(398)) - Utilization for node 77dfbcba-6605-4fdc-8d0e-9fe202378cb7 with capacity 69793218560B, used 41875931136B, and remaining 27917287424B is 0.6
2023-09-07 14:19:58,754 [main] DEBUG balancer.ContainerBalancerTask (ContainerBalancerTask.java:initializeIteration(398)) - Utilization for node 5b777bfe-eb24-4b97-bd1c-28e1b122001c with capacity 85899345920B, used 42949672960B, and remaining 42949672960B is 0.5
2023-09-07 14:19:58,754 [main] DEBUG balancer.ContainerBalancerTask (ContainerBalancerTask.java:initializeIteration(398)) - Utilization for node ca939f99-ab0b-4d29-a42f-f44b56056ae7 with capacity 83214991360B, used 33285996544B, and remaining 49928994816B is 0.4
2023-09-07 14:19:58,755 [main] DEBUG balancer.ContainerBalancerTask (ContainerBalancerTask.java:initializeIteration(398)) - Utilization for node f1108a0e-23cf-44a7-85cb-287ff4c7c6ee with capacity 139586437120B, used 41875931136B, and remaining 97710505984B is 0.3
2023-09-07 14:19:58,755 [main] DEBUG balancer.ContainerBalancerTask (ContainerBalancerTask.java:initializeIteration(398)) - Utilization for node dd8ee5d2-e7f7-433c-8670-3d9c860724d2 with capacity 177167400960B, used 35433480192B, and remaining 141733920768B is 0.2
2023-09-07 14:19:58,755 [main] DEBUG balancer.ContainerBalancerTask (ContainerBalancerTask.java:initializeIteration(398)) - Utilization for node dce3138a-b1d4-4857-bfab-faeb886e2eb0 with capacity 343597383680B, used 34359738368B, and remaining 309237645312B is 0.1
2023-09-07 14:19:58,755 [main] DEBUG balancer.ContainerBalancerTask (ContainerBalancerTask.java:initializeIteration(398)) - Utilization for node 78c33e4e-d029-4a9e-a807-e422689b4b08 with capacity 26843545600B, used 0B, and remaining 26843545600B is 0.0
2023-09-07 14:19:58,755 [main] INFO  balancer.ContainerBalancerTask (ContainerBalancerTask.java:initializeIteration(447)) - Container Balancer has identified 2 Over-Utilized and 0 Under-Utilized Datanodes that need to be balanced.
2023-09-07 14:19:58,755 [main] DEBUG balancer.ContainerBalancerTask (ContainerBalancerTask.java:lambda$initializeIteration$1(453)) - Datanode localhost-98.159.20.181 c5c85e31-a19b-4272-a22a-e6cb0cee2697 is Over-Utilized.
2023-09-07 14:19:58,755 [main] DEBUG balancer.ContainerBalancerTask (ContainerBalancerTask.java:lambda$initializeIteration$1(453)) - Datanode localhost-195.53.202.168 248ac389-ea7e-46b0-9205-df1e39f8f0b0 is Over-Utilized.
2023-09-07 14:19:58,757 [main] DEBUG balancer.ContainerBalancerTask (ContainerBalancerTask.java:matchSourceWithTarget(708)) - ContainerBalancer is finding suitable target for source datanode c5c85e31-a19b-4272-a22a-e6cb0cee2697
2023-09-07 14:19:58,758 [main] INFO  balancer.FindTargetGreedyByUsageInfo (AbstractFindTargetGreedy.java:findTargetForContainerMove(133)) - Container Balancer could not find a target for source datanode c5c85e31-a19b-4272-a22a-e6cb0cee2697
2023-09-07 14:19:58,758 [main] DEBUG balancer.ContainerBalancerTask (ContainerBalancerTask.java:matchSourceWithTarget(717)) - ContainerBalancer could not find a suitable target for source node c5c85e31-a19b-4272-a22a-e6cb0cee2697.
2023-09-07 14:19:58,760 [main] DEBUG balancer.ContainerBalancerTask (ContainerBalancerTask.java:matchSourceWithTarget(708)) - ContainerBalancer is finding suitable target for source datanode 248ac389-ea7e-46b0-9205-df1e39f8f0b0
2023-09-07 14:19:58,760 [main] INFO  balancer.FindTargetGreedyByUsageInfo (AbstractFindTargetGreedy.java:findTargetForContainerMove(133)) - Container Balancer could not find a target for source datanode 248ac389-ea7e-46b0-9205-df1e39f8f0b0
2023-09-07 14:19:58,760 [main] DEBUG balancer.ContainerBalancerTask (ContainerBalancerTask.java:matchSourceWithTarget(717)) - ContainerBalancer could not find a suitable target for source node 248ac389-ea7e-46b0-9205-df1e39f8f0b0.
2023-09-07 14:19:58,760 [main] INFO  balancer.FindSourceGreedy (FindSourceGreedy.java:getNextCandidateSourceDataNode(126)) - no more candidate source data node
2023-09-07 14:19:58,760 [main] INFO  balancer.ContainerBalancerTask (ContainerBalancerTask.java:balance(259)) - Result of this iteration of Container Balancer: CAN_NOT_BALANCE_ANY_MORE
2023-09-07 14:19:58,760 [main] INFO  balancer.ContainerBalancerTask (ContainerBalancerTask.java:tryStopWithSaveConfiguration(308)) - Save Configuration for stopping. Reason: CAN_NOT_BALANCE_ANY_MORE
2023-09-07 14:19:58,761 [main] DEBUG balancer.ContainerBalancerTask (ContainerBalancerTask.java:initializeIteration(374)) - Average utilization of the cluster is 0.3421445052540577
2023-09-07 14:19:58,761 [main] DEBUG balancer.ContainerBalancerTask (ContainerBalancerTask.java:initializeIteration(386)) - Lower limit for utilization is 0.06576606680448793 and Upper limit for utilization is 0.6185229437036275
2023-09-07 14:19:58,761 [main] DEBUG balancer.ContainerBalancerTask (ContainerBalancerTask.java:initializeIteration(398)) - Utilization for node c5c85e31-a19b-4272-a22a-e6cb0cee2697 with capacity 63231462968B, used 56908316672B, and remaining 6323146296B is 0.9000000000126519
2023-09-07 14:19:58,761 [main] DEBUG balancer.ContainerBalancerTask (ContainerBalancerTask.java:initializeIteration(398)) - Utilization for node 248ac389-ea7e-46b0-9205-df1e39f8f0b0 with capacity 60397977600B, used 48318382080B, and remaining 12079595520B is 0.8
2023-09-07 14:19:58,761 [main] DEBUG balancer.ContainerBalancerTask (ContainerBalancerTask.java:initializeIteration(398)) - Utilization for node 421584f2-e4cc-47d8-8aed-944c88f08bcd with capacity 67492343222B, used 47244640256B, and remaining 20247702966B is 0.7000000000088898
2023-09-07 14:19:58,761 [main] DEBUG balancer.ContainerBalancerTask (ContainerBalancerTask.java:initializeIteration(398)) - Utilization for node 77dfbcba-6605-4fdc-8d0e-9fe202378cb7 with capacity 69793218560B, used 41875931136B, and remaining 27917287424B is 0.6
2023-09-07 14:19:58,761 [main] DEBUG balancer.ContainerBalancerTask (ContainerBalancerTask.java:initializeIteration(398)) - Utilization for node 5b777bfe-eb24-4b97-bd1c-28e1b122001c with capacity 85899345920B, used 42949672960B, and remaining 42949672960B is 0.5
2023-09-07 14:19:58,761 [main] DEBUG balancer.ContainerBalancerTask (ContainerBalancerTask.java:initializeIteration(398)) - Utilization for node ca939f99-ab0b-4d29-a42f-f44b56056ae7 with capacity 83214991360B, used 33285996544B, and remaining 49928994816B is 0.4
2023-09-07 14:19:58,761 [main] DEBUG balancer.ContainerBalancerTask (ContainerBalancerTask.java:initializeIteration(398)) - Utilization for node f1108a0e-23cf-44a7-85cb-287ff4c7c6ee with capacity 139586437120B, used 41875931136B, and remaining 97710505984B is 0.3
2023-09-07 14:19:58,761 [main] DEBUG balancer.ContainerBalancerTask (ContainerBalancerTask.java:initializeIteration(398)) - Utilization for node dd8ee5d2-e7f7-433c-8670-3d9c860724d2 with capacity 177167400960B, used 35433480192B, and remaining 141733920768B is 0.2
2023-09-07 14:19:58,762 [main] DEBUG balancer.ContainerBalancerTask (ContainerBalancerTask.java:initializeIteration(398)) - Utilization for node dce3138a-b1d4-4857-bfab-faeb886e2eb0 with capacity 343597383680B, used 34359738368B, and remaining 309237645312B is 0.1
2023-09-07 14:19:58,762 [main] DEBUG balancer.ContainerBalancerTask (ContainerBalancerTask.java:initializeIteration(398)) - Utilization for node 78c33e4e-d029-4a9e-a807-e422689b4b08 with capacity 26843545600B, used 0B, and remaining 26843545600B is 0.0
2023-09-07 14:19:58,762 [main] INFO  balancer.ContainerBalancerTask (ContainerBalancerTask.java:initializeIteration(447)) - Container Balancer has identified 3 Over-Utilized and 1 Under-Utilized Datanodes that need to be balanced.
2023-09-07 14:19:58,762 [main] DEBUG balancer.ContainerBalancerTask (ContainerBalancerTask.java:lambda$initializeIteration$1(453)) - Datanode localhost-98.159.20.181 c5c85e31-a19b-4272-a22a-e6cb0cee2697 is Over-Utilized.
2023-09-07 14:19:58,762 [main] DEBUG balancer.ContainerBalancerTask (ContainerBalancerTask.java:lambda$initializeIteration$1(453)) - Datanode localhost-195.53.202.168 248ac389-ea7e-46b0-9205-df1e39f8f0b0 is Over-Utilized.
2023-09-07 14:19:58,762 [main] DEBUG balancer.ContainerBalancerTask (ContainerBalancerTask.java:lambda$initializeIteration$1(453)) - Datanode localhost-130.14.218.10 421584f2-e4cc-47d8-8aed-944c88f08bcd is Over-Utilized.
2023-09-07 14:19:58,762 [main] DEBUG balancer.ContainerBalancerTask (ContainerBalancerTask.java:lambda$initializeIteration$2(459)) - Datanode localhost-61.34.16.17 78c33e4e-d029-4a9e-a807-e422689b4b08 is Under-Utilized.
2023-09-07 14:19:58,764 [main] DEBUG balancer.ContainerBalancerTask (ContainerBalancerTask.java:matchSourceWithTarget(708)) - ContainerBalancer is finding suitable target for source datanode c5c85e31-a19b-4272-a22a-e6cb0cee2697
2023-09-07 14:19:58,765 [main] INFO  balancer.ContainerBalancerTask (ContainerBalancerTask.java:matchSourceWithTarget(722)) - ContainerBalancer matched source datanode c5c85e31-a19b-4272-a22a-e6cb0cee2697 with target datanode 78c33e4e-d029-4a9e-a807-e422689b4b08 for container move.
2023-09-07 14:19:58,765 [main] INFO  balancer.ContainerBalancerTask (ContainerBalancerTask.java:processMoveSelection(569)) - ContainerBalancer is trying to move container #85 with size 5368709120B from source datanode c5c85e31-a19b-4272-a22a-e6cb0cee2697 to target datanode 78c33e4e-d029-4a9e-a807-e422689b4b08
2023-09-07 14:19:58,765 [main] DEBUG balancer.ContainerBalancerTask (ContainerBalancerTask.java:lambda$moveContainer$3(837)) - Container move completed for container #85 from source c5c85e31-a19b-4272-a22a-e6cb0cee2697 to target 78c33e4e-d029-4a9e-a807-e422689b4b08
2023-09-07 14:19:58,767 [main] DEBUG balancer.ContainerBalancerTask (ContainerBalancerTask.java:matchSourceWithTarget(708)) - ContainerBalancer is finding suitable target for source datanode c5c85e31-a19b-4272-a22a-e6cb0cee2697
2023-09-07 14:19:58,767 [main] INFO  balancer.ContainerBalancerTask (ContainerBalancerTask.java:matchSourceWithTarget(722)) - ContainerBalancer matched source datanode c5c85e31-a19b-4272-a22a-e6cb0cee2697 with target datanode 78c33e4e-d029-4a9e-a807-e422689b4b08 for container move.
2023-09-07 14:19:58,767 [main] INFO  balancer.ContainerBalancerTask (ContainerBalancerTask.java:processMoveSelection(569)) - ContainerBalancer is trying to move container #68 with size 5368709120B from source datanode c5c85e31-a19b-4272-a22a-e6cb0cee2697 to target datanode 78c33e4e-d029-4a9e-a807-e422689b4b08
2023-09-07 14:19:58,768 [main] DEBUG balancer.ContainerBalancerTask (ContainerBalancerTask.java:lambda$moveContainer$3(837)) - Container move completed for container #68 from source c5c85e31-a19b-4272-a22a-e6cb0cee2697 to target 78c33e4e-d029-4a9e-a807-e422689b4b08
2023-09-07 14:19:58,770 [main] DEBUG balancer.ContainerBalancerTask (ContainerBalancerTask.java:matchSourceWithTarget(708)) - ContainerBalancer is finding suitable target for source datanode 248ac389-ea7e-46b0-9205-df1e39f8f0b0
2023-09-07 14:19:58,770 [main] INFO  balancer.ContainerBalancerTask (ContainerBalancerTask.java:matchSourceWithTarget(722)) - ContainerBalancer matched source datanode 248ac389-ea7e-46b0-9205-df1e39f8f0b0 with target datanode 78c33e4e-d029-4a9e-a807-e422689b4b08 for container move.
2023-09-07 14:19:58,770 [main] INFO  balancer.ContainerBalancerTask (ContainerBalancerTask.java:processMoveSelection(569)) - ContainerBalancer is trying to move container #29 with size 5368709120B from source datanode 248ac389-ea7e-46b0-9205-df1e39f8f0b0 to target datanode 78c33e4e-d029-4a9e-a807-e422689b4b08
2023-09-07 14:19:58,770 [main] DEBUG balancer.ContainerBalancerTask (ContainerBalancerTask.java:lambda$moveContainer$3(837)) - Container move completed for container #29 from source 248ac389-ea7e-46b0-9205-df1e39f8f0b0 to target 78c33e4e-d029-4a9e-a807-e422689b4b08
2023-09-07 14:19:58,773 [main] DEBUG balancer.ContainerBalancerTask (ContainerBalancerTask.java:matchSourceWithTarget(708)) - ContainerBalancer is finding suitable target for source datanode c5c85e31-a19b-4272-a22a-e6cb0cee2697
2023-09-07 14:19:58,773 [main] INFO  balancer.FindTargetGreedyByUsageInfo (AbstractFindTargetGreedy.java:findTargetForContainerMove(133)) - Container Balancer could not find a target for source datanode c5c85e31-a19b-4272-a22a-e6cb0cee2697
2023-09-07 14:19:58,774 [main] DEBUG balancer.ContainerBalancerTask (ContainerBalancerTask.java:matchSourceWithTarget(717)) - ContainerBalancer could not find a suitable target for source node c5c85e31-a19b-4272-a22a-e6cb0cee2697.
2023-09-07 14:19:58,776 [main] DEBUG balancer.ContainerBalancerTask (ContainerBalancerTask.java:matchSourceWithTarget(708)) - ContainerBalancer is finding suitable target for source datanode 248ac389-ea7e-46b0-9205-df1e39f8f0b0
2023-09-07 14:19:58,777 [main] INFO  balancer.FindTargetGreedyByUsageInfo (AbstractFindTargetGreedy.java:findTargetForContainerMove(133)) - Container Balancer could not find a target for source datanode 248ac389-ea7e-46b0-9205-df1e39f8f0b0
2023-09-07 14:19:58,777 [main] DEBUG balancer.ContainerBalancerTask (ContainerBalancerTask.java:matchSourceWithTarget(717)) - ContainerBalancer could not find a suitable target for source node 248ac389-ea7e-46b0-9205-df1e39f8f0b0.
2023-09-07 14:19:58,779 [main] DEBUG balancer.ContainerBalancerTask (ContainerBalancerTask.java:matchSourceWithTarget(708)) - ContainerBalancer is finding suitable target for source datanode 421584f2-e4cc-47d8-8aed-944c88f08bcd
2023-09-07 14:19:58,780 [main] INFO  balancer.FindTargetGreedyByUsageInfo (AbstractFindTargetGreedy.java:findTargetForContainerMove(133)) - Container Balancer could not find a target for source datanode 421584f2-e4cc-47d8-8aed-944c88f08bcd
2023-09-07 14:19:58,780 [main] DEBUG balancer.ContainerBalancerTask (ContainerBalancerTask.java:matchSourceWithTarget(717)) - ContainerBalancer could not find a suitable target for source node 421584f2-e4cc-47d8-8aed-944c88f08bcd.
2023-09-07 14:19:58,780 [main] INFO  balancer.FindSourceGreedy (FindSourceGreedy.java:getNextCandidateSourceDataNode(126)) - no more candidate source data node
2023-09-07 14:19:58,780 [main] INFO  balancer.ContainerBalancerTask (ContainerBalancerTask.java:checkIterationMoveResults(642)) - Iteration Summary. Number of Datanodes involved: 3. Size moved: 15 GB (16106127360 Bytes). Number of Container moves completed: 3.
2023-09-07 14:19:58,780 [main] INFO  balancer.ContainerBalancerTask (ContainerBalancerTask.java:balance(259)) - Result of this iteration of Container Balancer: ITERATION_COMPLETED
2023-09-07 14:19:58,780 [main] INFO  balancer.ContainerBalancerTask (ContainerBalancerTask.java:tryStopWithSaveConfiguration(308)) - Save Configuration for stopping. Reason: Completed all iterations.
2023-09-07 14:19:58,781 [main] DEBUG balancer.ContainerBalancerTask (ContainerBalancerTask.java:initializeIteration(374)) - Average utilization of the cluster is 0.3421445052540577
2023-09-07 14:19:58,781 [main] DEBUG balancer.ContainerBalancerTask (ContainerBalancerTask.java:initializeIteration(386)) - Lower limit for utilization is 0.2813284673588553 and Upper limit for utilization is 0.4029605431492601
2023-09-07 14:19:58,781 [main] DEBUG balancer.ContainerBalancerTask (ContainerBalancerTask.java:initializeIteration(398)) - Utilization for node c5c85e31-a19b-4272-a22a-e6cb0cee2697 with capacity 63231462968B, used 56908316672B, and remaining 6323146296B is 0.9000000000126519
2023-09-07 14:19:58,781 [main] DEBUG balancer.ContainerBalancerTask (ContainerBalancerTask.java:initializeIteration(398)) - Utilization for node 248ac389-ea7e-46b0-9205-df1e39f8f0b0 with capacity 60397977600B, used 48318382080B, and remaining 12079595520B is 0.8
2023-09-07 14:19:58,781 [main] DEBUG balancer.ContainerBalancerTask (ContainerBalancerTask.java:initializeIteration(398)) - Utilization for node 421584f2-e4cc-47d8-8aed-944c88f08bcd with capacity 67492343222B, used 47244640256B, and remaining 20247702966B is 0.7000000000088898
2023-09-07 14:19:58,781 [main] DEBUG balancer.ContainerBalancerTask (ContainerBalancerTask.java:initializeIteration(398)) - Utilization for node 77dfbcba-6605-4fdc-8d0e-9fe202378cb7 with capacity 69793218560B, used 41875931136B, and remaining 27917287424B is 0.6
2023-09-07 14:19:58,781 [main] DEBUG balancer.ContainerBalancerTask (ContainerBalancerTask.java:initializeIteration(398)) - Utilization for node 5b777bfe-eb24-4b97-bd1c-28e1b122001c with capacity 85899345920B, used 42949672960B, and remaining 42949672960B is 0.5
2023-09-07 14:19:58,781 [main] DEBUG balancer.ContainerBalancerTask (ContainerBalancerTask.java:initializeIteration(398)) - Utilization for node ca939f99-ab0b-4d29-a42f-f44b56056ae7 with capacity 83214991360B, used 33285996544B, and remaining 49928994816B is 0.4
2023-09-07 14:19:58,781 [main] DEBUG balancer.ContainerBalancerTask (ContainerBalancerTask.java:initializeIteration(398)) - Utilization for node f1108a0e-23cf-44a7-85cb-287ff4c7c6ee with capacity 139586437120B, used 41875931136B, and remaining 97710505984B is 0.3
2023-09-07 14:19:58,781 [main] DEBUG balancer.ContainerBalancerTask (ContainerBalancerTask.java:initializeIteration(398)) - Utilization for node dd8ee5d2-e7f7-433c-8670-3d9c860724d2 with capacity 177167400960B, used 35433480192B, and remaining 141733920768B is 0.2
2023-09-07 14:19:58,781 [main] DEBUG balancer.ContainerBalancerTask (ContainerBalancerTask.java:initializeIteration(398)) - Utilization for node dce3138a-b1d4-4857-bfab-faeb886e2eb0 with capacity 343597383680B, used 34359738368B, and remaining 309237645312B is 0.1
2023-09-07 14:19:58,782 [main] DEBUG balancer.ContainerBalancerTask (ContainerBalancerTask.java:initializeIteration(398)) - Utilization for node 78c33e4e-d029-4a9e-a807-e422689b4b08 with capacity 26843545600B, used 0B, and remaining 26843545600B is 0.0
2023-09-07 14:19:58,782 [main] INFO  balancer.ContainerBalancerTask (ContainerBalancerTask.java:initializeIteration(447)) - Container Balancer has identified 5 Over-Utilized and 3 Under-Utilized Datanodes that need to be balanced.
2023-09-07 14:19:58,782 [main] DEBUG balancer.ContainerBalancerTask (ContainerBalancerTask.java:lambda$initializeIteration$1(453)) - Datanode localhost-98.159.20.181 c5c85e31-a19b-4272-a22a-e6cb0cee2697 is Over-Utilized.
2023-09-07 14:19:58,782 [main] DEBUG balancer.ContainerBalancerTask (ContainerBalancerTask.java:lambda$initializeIteration$1(453)) - Datanode localhost-195.53.202.168 248ac389-ea7e-46b0-9205-df1e39f8f0b0 is Over-Utilized.
2023-09-07 14:19:58,782 [main] DEBUG balancer.ContainerBalancerTask (ContainerBalancerTask.java:lambda$initializeIteration$1(453)) - Datanode localhost-130.14.218.10 421584f2-e4cc-47d8-8aed-944c88f08bcd is Over-Utilized.
2023-09-07 14:19:58,784 [main] DEBUG balancer.ContainerBalancerTask (ContainerBalancerTask.java:lambda$initializeIteration$1(453)) - Datanode localhost-129.122.164.149 77dfbcba-6605-4fdc-8d0e-9fe202378cb7 is Over-Utilized.
2023-09-07 14:19:58,784 [main] DEBUG balancer.ContainerBalancerTask (ContainerBalancerTask.java:lambda$initializeIteration$1(453)) - Datanode localhost-48.199.75.188 5b777bfe-eb24-4b97-bd1c-28e1b122001c is Over-Utilized.
2023-09-07 14:19:58,784 [main] DEBUG balancer.ContainerBalancerTask (ContainerBalancerTask.java:lambda$initializeIteration$2(459)) - Datanode localhost-61.34.16.17 78c33e4e-d029-4a9e-a807-e422689b4b08 is Under-Utilized.
2023-09-07 14:19:58,784 [main] DEBUG balancer.ContainerBalancerTask (ContainerBalancerTask.java:lambda$initializeIteration$2(459)) - Datanode localhost-151.238.238.245 dce3138a-b1d4-4857-bfab-faeb886e2eb0 is Under-Utilized.
2023-09-07 14:19:58,784 [main] DEBUG balancer.ContainerBalancerTask (ContainerBalancerTask.java:lambda$initializeIteration$2(459)) - Datanode localhost-77.205.48.120 dd8ee5d2-e7f7-433c-8670-3d9c860724d2 is Under-Utilized.
2023-09-07 14:19:58,787 [main] DEBUG balancer.ContainerBalancerTask (ContainerBalancerTask.java:matchSourceWithTarget(708)) - ContainerBalancer is finding suitable target for source datanode c5c85e31-a19b-4272-a22a-e6cb0cee2697
2023-09-07 14:19:58,787 [main] INFO  balancer.ContainerBalancerTask (ContainerBalancerTask.java:matchSourceWithTarget(722)) - ContainerBalancer matched source datanode c5c85e31-a19b-4272-a22a-e6cb0cee2697 with target datanode 78c33e4e-d029-4a9e-a807-e422689b4b08 for container move.
2023-09-07 14:19:58,787 [main] INFO  balancer.ContainerBalancerTask (ContainerBalancerTask.java:processMoveSelection(569)) - ContainerBalancer is trying to move container #85 with size 5368709120B from source datanode c5c85e31-a19b-4272-a22a-e6cb0cee2697 to target datanode 78c33e4e-d029-4a9e-a807-e422689b4b08
2023-09-07 14:19:58,787 [main] DEBUG balancer.ContainerBalancerTask (ContainerBalancerTask.java:lambda$moveContainer$3(837)) - Container move completed for container #85 from source c5c85e31-a19b-4272-a22a-e6cb0cee2697 to target 78c33e4e-d029-4a9e-a807-e422689b4b08
2023-09-07 14:19:58,789 [main] DEBUG balancer.ContainerBalancerTask (ContainerBalancerTask.java:matchSourceWithTarget(708)) - ContainerBalancer is finding suitable target for source datanode c5c85e31-a19b-4272-a22a-e6cb0cee2697
2023-09-07 14:19:58,790 [main] INFO  balancer.ContainerBalancerTask (ContainerBalancerTask.java:matchSourceWithTarget(722)) - ContainerBalancer matched source datanode c5c85e31-a19b-4272-a22a-e6cb0cee2697 with target datanode dce3138a-b1d4-4857-bfab-faeb886e2eb0 for container move.
2023-09-07 14:19:58,790 [main] INFO  balancer.ContainerBalancerTask (ContainerBalancerTask.java:processMoveSelection(569)) - ContainerBalancer is trying to move container #68 with size 5368709120B from source datanode c5c85e31-a19b-4272-a22a-e6cb0cee2697 to target datanode dce3138a-b1d4-4857-bfab-faeb886e2eb0
2023-09-07 14:19:58,790 [main] DEBUG balancer.ContainerBalancerTask (ContainerBalancerTask.java:lambda$moveContainer$3(837)) - Container move completed for container #68 from source c5c85e31-a19b-4272-a22a-e6cb0cee2697 to target dce3138a-b1d4-4857-bfab-faeb886e2eb0
2023-09-07 14:19:58,792 [main] DEBUG balancer.ContainerBalancerTask (ContainerBalancerTask.java:matchSourceWithTarget(708)) - ContainerBalancer is finding suitable target for source datanode 248ac389-ea7e-46b0-9205-df1e39f8f0b0
2023-09-07 14:19:58,792 [main] INFO  balancer.ContainerBalancerTask (ContainerBalancerTask.java:matchSourceWithTarget(722)) - ContainerBalancer matched source datanode 248ac389-ea7e-46b0-9205-df1e39f8f0b0 with target datanode dce3138a-b1d4-4857-bfab-faeb886e2eb0 for container move.
2023-09-07 14:19:58,792 [main] INFO  balancer.ContainerBalancerTask (ContainerBalancerTask.java:processMoveSelection(569)) - ContainerBalancer is trying to move container #29 with size 5368709120B from source datanode 248ac389-ea7e-46b0-9205-df1e39f8f0b0 to target datanode dce3138a-b1d4-4857-bfab-faeb886e2eb0
2023-09-07 14:19:58,792 [main] DEBUG balancer.ContainerBalancerTask (ContainerBalancerTask.java:lambda$moveContainer$3(837)) - Container move completed for container #29 from source 248ac389-ea7e-46b0-9205-df1e39f8f0b0 to target dce3138a-b1d4-4857-bfab-faeb886e2eb0
2023-09-07 14:19:58,795 [main] DEBUG balancer.ContainerBalancerTask (ContainerBalancerTask.java:matchSourceWithTarget(708)) - ContainerBalancer is finding suitable target for source datanode c5c85e31-a19b-4272-a22a-e6cb0cee2697
2023-09-07 14:19:58,795 [main] INFO  balancer.ContainerBalancerTask (ContainerBalancerTask.java:matchSourceWithTarget(722)) - ContainerBalancer matched source datanode c5c85e31-a19b-4272-a22a-e6cb0cee2697 with target datanode dce3138a-b1d4-4857-bfab-faeb886e2eb0 for container move.
2023-09-07 14:19:58,795 [main] INFO  balancer.ContainerBalancerTask (ContainerBalancerTask.java:processMoveSelection(569)) - ContainerBalancer is trying to move container #89 with size 4294967296B from source datanode c5c85e31-a19b-4272-a22a-e6cb0cee2697 to target datanode dce3138a-b1d4-4857-bfab-faeb886e2eb0
2023-09-07 14:19:58,795 [main] DEBUG balancer.ContainerBalancerTask (ContainerBalancerTask.java:lambda$moveContainer$3(837)) - Container move completed for container #89 from source c5c85e31-a19b-4272-a22a-e6cb0cee2697 to target dce3138a-b1d4-4857-bfab-faeb886e2eb0
2023-09-07 14:19:58,797 [main] DEBUG balancer.ContainerBalancerTask (ContainerBalancerTask.java:matchSourceWithTarget(708)) - ContainerBalancer is finding suitable target for source datanode 248ac389-ea7e-46b0-9205-df1e39f8f0b0
2023-09-07 14:19:58,797 [main] INFO  balancer.ContainerBalancerTask (ContainerBalancerTask.java:matchSourceWithTarget(722)) - ContainerBalancer matched source datanode 248ac389-ea7e-46b0-9205-df1e39f8f0b0 with target datanode dce3138a-b1d4-4857-bfab-faeb886e2eb0 for container move.
2023-09-07 14:19:58,798 [main] INFO  balancer.ContainerBalancerTask (ContainerBalancerTask.java:processMoveSelection(569)) - ContainerBalancer is trying to move container #67 with size 4294967296B from source datanode 248ac389-ea7e-46b0-9205-df1e39f8f0b0 to target datanode dce3138a-b1d4-4857-bfab-faeb886e2eb0
2023-09-07 14:19:58,798 [main] DEBUG balancer.ContainerBalancerTask (ContainerBalancerTask.java:lambda$moveContainer$3(837)) - Container move completed for container #67 from source 248ac389-ea7e-46b0-9205-df1e39f8f0b0 to target dce3138a-b1d4-4857-bfab-faeb886e2eb0
2023-09-07 14:19:58,800 [main] DEBUG balancer.ContainerBalancerTask (ContainerBalancerTask.java:matchSourceWithTarget(708)) - ContainerBalancer is finding suitable target for source datanode 421584f2-e4cc-47d8-8aed-944c88f08bcd
2023-09-07 14:19:58,800 [main] INFO  balancer.ContainerBalancerTask (ContainerBalancerTask.java:matchSourceWithTarget(722)) - ContainerBalancer matched source datanode 421584f2-e4cc-47d8-8aed-944c88f08bcd with target datanode dce3138a-b1d4-4857-bfab-faeb886e2eb0 for container move.
2023-09-07 14:19:58,800 [main] INFO  balancer.ContainerBalancerTask (ContainerBalancerTask.java:processMoveSelection(569)) - ContainerBalancer is trying to move container #53 with size 5368709120B from source datanode 421584f2-e4cc-47d8-8aed-944c88f08bcd to target datanode dce3138a-b1d4-4857-bfab-faeb886e2eb0
2023-09-07 14:19:58,800 [main] DEBUG balancer.ContainerBalancerTask (ContainerBalancerTask.java:lambda$moveContainer$3(837)) - Container move completed for container #53 from source 421584f2-e4cc-47d8-8aed-944c88f08bcd to target dce3138a-b1d4-4857-bfab-faeb886e2eb0
2023-09-07 14:19:58,803 [main] DEBUG balancer.ContainerBalancerTask (ContainerBalancerTask.java:matchSourceWithTarget(708)) - ContainerBalancer is finding suitable target for source datanode c5c85e31-a19b-4272-a22a-e6cb0cee2697
2023-09-07 14:19:58,803 [main] INFO  balancer.ContainerBalancerTask (ContainerBalancerTask.java:matchSourceWithTarget(722)) - ContainerBalancer matched source datanode c5c85e31-a19b-4272-a22a-e6cb0cee2697 with target datanode dce3138a-b1d4-4857-bfab-faeb886e2eb0 for container move.
2023-09-07 14:19:58,803 [main] INFO  balancer.ContainerBalancerTask (ContainerBalancerTask.java:processMoveSelection(569)) - ContainerBalancer is trying to move container #84 with size 4294967296B from source datanode c5c85e31-a19b-4272-a22a-e6cb0cee2697 to target datanode dce3138a-b1d4-4857-bfab-faeb886e2eb0
2023-09-07 14:19:58,803 [main] DEBUG balancer.ContainerBalancerTask (ContainerBalancerTask.java:lambda$moveContainer$3(837)) - Container move completed for container #84 from source c5c85e31-a19b-4272-a22a-e6cb0cee2697 to target dce3138a-b1d4-4857-bfab-faeb886e2eb0
2023-09-07 14:19:58,806 [main] DEBUG balancer.ContainerBalancerTask (ContainerBalancerTask.java:matchSourceWithTarget(708)) - ContainerBalancer is finding suitable target for source datanode 248ac389-ea7e-46b0-9205-df1e39f8f0b0
2023-09-07 14:19:58,806 [main] INFO  balancer.ContainerBalancerTask (ContainerBalancerTask.java:matchSourceWithTarget(722)) - ContainerBalancer matched source datanode 248ac389-ea7e-46b0-9205-df1e39f8f0b0 with target datanode dce3138a-b1d4-4857-bfab-faeb886e2eb0 for container move.
2023-09-07 14:19:58,806 [main] INFO  balancer.ContainerBalancerTask (ContainerBalancerTask.java:processMoveSelection(569)) - ContainerBalancer is trying to move container #66 with size 3221225472B from source datanode 248ac389-ea7e-46b0-9205-df1e39f8f0b0 to target datanode dce3138a-b1d4-4857-bfab-faeb886e2eb0
2023-09-07 14:19:58,806 [main] DEBUG balancer.ContainerBalancerTask (ContainerBalancerTask.java:lambda$moveContainer$3(837)) - Container move completed for container #66 from source 248ac389-ea7e-46b0-9205-df1e39f8f0b0 to target dce3138a-b1d4-4857-bfab-faeb886e2eb0
2023-09-07 14:19:58,808 [main] DEBUG balancer.ContainerBalancerTask (ContainerBalancerTask.java:matchSourceWithTarget(708)) - ContainerBalancer is finding suitable target for source datanode 421584f2-e4cc-47d8-8aed-944c88f08bcd
2023-09-07 14:19:58,808 [main] INFO  balancer.ContainerBalancerTask (ContainerBalancerTask.java:matchSourceWithTarget(722)) - ContainerBalancer matched source datanode 421584f2-e4cc-47d8-8aed-944c88f08bcd with target datanode dce3138a-b1d4-4857-bfab-faeb886e2eb0 for container move.
2023-09-07 14:19:58,808 [main] INFO  balancer.ContainerBalancerTask (ContainerBalancerTask.java:processMoveSelection(569)) - ContainerBalancer is trying to move container #52 with size 4294967296B from source datanode 421584f2-e4cc-47d8-8aed-944c88f08bcd to target datanode dce3138a-b1d4-4857-bfab-faeb886e2eb0
2023-09-07 14:19:58,809 [main] DEBUG balancer.ContainerBalancerTask (ContainerBalancerTask.java:lambda$moveContainer$3(837)) - Container move completed for container #52 from source 421584f2-e4cc-47d8-8aed-944c88f08bcd to target dce3138a-b1d4-4857-bfab-faeb886e2eb0
2023-09-07 14:19:58,811 [main] DEBUG balancer.ContainerBalancerTask (ContainerBalancerTask.java:matchSourceWithTarget(708)) - ContainerBalancer is finding suitable target for source datanode 77dfbcba-6605-4fdc-8d0e-9fe202378cb7
2023-09-07 14:19:58,811 [main] INFO  balancer.ContainerBalancerTask (ContainerBalancerTask.java:matchSourceWithTarget(722)) - ContainerBalancer matched source datanode 77dfbcba-6605-4fdc-8d0e-9fe202378cb7 with target datanode dd8ee5d2-e7f7-433c-8670-3d9c860724d2 for container move.
2023-09-07 14:19:58,811 [main] INFO  balancer.ContainerBalancerTask (ContainerBalancerTask.java:processMoveSelection(569)) - ContainerBalancer is trying to move container #39 with size 4294967296B from source datanode 77dfbcba-6605-4fdc-8d0e-9fe202378cb7 to target datanode dd8ee5d2-e7f7-433c-8670-3d9c860724d2
2023-09-07 14:19:58,811 [main] DEBUG balancer.ContainerBalancerTask (ContainerBalancerTask.java:lambda$moveContainer$3(837)) - Container move completed for container #39 from source 77dfbcba-6605-4fdc-8d0e-9fe202378cb7 to target dd8ee5d2-e7f7-433c-8670-3d9c860724d2
2023-09-07 14:19:58,814 [main] DEBUG balancer.ContainerBalancerTask (ContainerBalancerTask.java:matchSourceWithTarget(708)) - ContainerBalancer is finding suitable target for source datanode c5c85e31-a19b-4272-a22a-e6cb0cee2697
2023-09-07 14:19:58,814 [main] INFO  balancer.ContainerBalancerTask (ContainerBalancerTask.java:matchSourceWithTarget(722)) - ContainerBalancer matched source datanode c5c85e31-a19b-4272-a22a-e6cb0cee2697 with target datanode 78c33e4e-d029-4a9e-a807-e422689b4b08 for container move.
2023-09-07 14:19:58,814 [main] INFO  balancer.ContainerBalancerTask (ContainerBalancerTask.java:processMoveSelection(569)) - ContainerBalancer is trying to move container #88 with size 3221225472B from source datanode c5c85e31-a19b-4272-a22a-e6cb0cee2697 to target datanode 78c33e4e-d029-4a9e-a807-e422689b4b08
2023-09-07 14:19:58,815 [main] DEBUG balancer.ContainerBalancerTask (ContainerBalancerTask.java:lambda$moveContainer$3(837)) - Container move completed for container #88 from source c5c85e31-a19b-4272-a22a-e6cb0cee2697 to target 78c33e4e-d029-4a9e-a807-e422689b4b08
2023-09-07 14:19:58,817 [main] DEBUG balancer.ContainerBalancerTask (ContainerBalancerTask.java:matchSourceWithTarget(708)) - ContainerBalancer is finding suitable target for source datanode 248ac389-ea7e-46b0-9205-df1e39f8f0b0
2023-09-07 14:19:58,817 [main] INFO  balancer.ContainerBalancerTask (ContainerBalancerTask.java:matchSourceWithTarget(722)) - ContainerBalancer matched source datanode 248ac389-ea7e-46b0-9205-df1e39f8f0b0 with target datanode dce3138a-b1d4-4857-bfab-faeb886e2eb0 for container move.
2023-09-07 14:19:58,817 [main] INFO  balancer.ContainerBalancerTask (ContainerBalancerTask.java:processMoveSelection(569)) - ContainerBalancer is trying to move container #11 with size 3221225472B from source datanode 248ac389-ea7e-46b0-9205-df1e39f8f0b0 to target datanode dce3138a-b1d4-4857-bfab-faeb886e2eb0
2023-09-07 14:19:58,818 [main] DEBUG balancer.ContainerBalancerTask (ContainerBalancerTask.java:lambda$moveContainer$3(837)) - Container move completed for container #11 from source 248ac389-ea7e-46b0-9205-df1e39f8f0b0 to target dce3138a-b1d4-4857-bfab-faeb886e2eb0
2023-09-07 14:19:58,820 [main] DEBUG balancer.ContainerBalancerTask (ContainerBalancerTask.java:matchSourceWithTarget(708)) - ContainerBalancer is finding suitable target for source datanode 421584f2-e4cc-47d8-8aed-944c88f08bcd
2023-09-07 14:19:58,820 [main] INFO  balancer.ContainerBalancerTask (ContainerBalancerTask.java:matchSourceWithTarget(722)) - ContainerBalancer matched source datanode 421584f2-e4cc-47d8-8aed-944c88f08bcd with target datanode dce3138a-b1d4-4857-bfab-faeb886e2eb0 for container move.
2023-09-07 14:19:58,820 [main] INFO  balancer.ContainerBalancerTask (ContainerBalancerTask.java:processMoveSelection(569)) - ContainerBalancer is trying to move container #49 with size 1073741824B from source datanode 421584f2-e4cc-47d8-8aed-944c88f08bcd to target datanode dce3138a-b1d4-4857-bfab-faeb886e2eb0
2023-09-07 14:19:58,820 [main] DEBUG balancer.ContainerBalancerTask (ContainerBalancerTask.java:lambda$moveContainer$3(837)) - Container move completed for container #49 from source 421584f2-e4cc-47d8-8aed-944c88f08bcd to target dce3138a-b1d4-4857-bfab-faeb886e2eb0
2023-09-07 14:19:58,820 [main] WARN  balancer.ContainerBalancerTask (ContainerBalancerTask.java:reachedMaxSizeToMovePerIteration(733)) - Reached max size to move limit. 53687091200 bytes have already been scheduled for balancing and the limit is 53687091200 bytes.
2023-09-07 14:19:58,821 [main] INFO  balancer.ContainerBalancerTask (ContainerBalancerTask.java:checkIterationMoveResults(642)) - Iteration Summary. Number of Datanodes involved: 7. Size moved: 50 GB (53687091200 Bytes). Number of Container moves completed: 13.
2023-09-07 14:19:58,821 [main] INFO  balancer.ContainerBalancerTask (ContainerBalancerTask.java:balance(259)) - Result of this iteration of Container Balancer: ITERATION_COMPLETED
2023-09-07 14:19:58,821 [main] INFO  balancer.ContainerBalancerTask (ContainerBalancerTask.java:tryStopWithSaveConfiguration(308)) - Save Configuration for stopping. Reason: Completed all iterations.
2023-09-07 14:19:58,821 [main] DEBUG balancer.ContainerBalancerTask (ContainerBalancerTask.java:initializeIteration(374)) - Average utilization of the cluster is 0.3421445052540577
2023-09-07 14:19:58,822 [main] DEBUG balancer.ContainerBalancerTask (ContainerBalancerTask.java:initializeIteration(386)) - Lower limit for utilization is -0.03591583627990924 and Upper limit for utilization is 0.7202048467880247
2023-09-07 14:19:58,822 [main] DEBUG balancer.ContainerBalancerTask (ContainerBalancerTask.java:initializeIteration(398)) - Utilization for node c5c85e31-a19b-4272-a22a-e6cb0cee2697 with capacity 63231462968B, used 56908316672B, and remaining 6323146296B is 0.9000000000126519
2023-09-07 14:19:58,822 [main] DEBUG balancer.ContainerBalancerTask (ContainerBalancerTask.java:initializeIteration(398)) - Utilization for node 248ac389-ea7e-46b0-9205-df1e39f8f0b0 with capacity 60397977600B, used 48318382080B, and remaining 12079595520B is 0.8
2023-09-07 14:19:58,822 [main] DEBUG balancer.ContainerBalancerTask (ContainerBalancerTask.java:initializeIteration(398)) - Utilization for node 421584f2-e4cc-47d8-8aed-944c88f08bcd with capacity 67492343222B, used 47244640256B, and remaining 20247702966B is 0.7000000000088898
2023-09-07 14:19:58,822 [main] DEBUG balancer.ContainerBalancerTask (ContainerBalancerTask.java:initializeIteration(398)) - Utilization for node 77dfbcba-6605-4fdc-8d0e-9fe202378cb7 with capacity 69793218560B, used 41875931136B, and remaining 27917287424B is 0.6
2023-09-07 14:19:58,822 [main] DEBUG balancer.ContainerBalancerTask (ContainerBalancerTask.java:initializeIteration(398)) - Utilization for node 5b777bfe-eb24-4b97-bd1c-28e1b122001c with capacity 85899345920B, used 42949672960B, and remaining 42949672960B is 0.5
2023-09-07 14:19:58,822 [main] DEBUG balancer.ContainerBalancerTask (ContainerBalancerTask.java:initializeIteration(398)) - Utilization for node ca939f99-ab0b-4d29-a42f-f44b56056ae7 with capacity 83214991360B, used 33285996544B, and remaining 49928994816B is 0.4
2023-09-07 14:19:58,822 [main] DEBUG balancer.ContainerBalancerTask (ContainerBalancerTask.java:initializeIteration(398)) - Utilization for node f1108a0e-23cf-44a7-85cb-287ff4c7c6ee with capacity 139586437120B, used 41875931136B, and remaining 97710505984B is 0.3
2023-09-07 14:19:58,822 [main] DEBUG balancer.ContainerBalancerTask (ContainerBalancerTask.java:initializeIteration(398)) - Utilization for node dd8ee5d2-e7f7-433c-8670-3d9c860724d2 with capacity 177167400960B, used 35433480192B, and remaining 141733920768B is 0.2
2023-09-07 14:19:58,822 [main] DEBUG balancer.ContainerBalancerTask (ContainerBalancerTask.java:initializeIteration(398)) - Utilization for node dce3138a-b1d4-4857-bfab-faeb886e2eb0 with capacity 343597383680B, used 34359738368B, and remaining 309237645312B is 0.1
2023-09-07 14:19:58,822 [main] DEBUG balancer.ContainerBalancerTask (ContainerBalancerTask.java:initializeIteration(398)) - Utilization for node 78c33e4e-d029-4a9e-a807-e422689b4b08 with capacity 26843545600B, used 0B, and remaining 26843545600B is 0.0
2023-09-07 14:19:58,822 [main] INFO  balancer.ContainerBalancerTask (ContainerBalancerTask.java:initializeIteration(447)) - Container Balancer has identified 2 Over-Utilized and 0 Under-Utilized Datanodes that need to be balanced.
2023-09-07 14:19:58,822 [main] DEBUG balancer.ContainerBalancerTask (ContainerBalancerTask.java:lambda$initializeIteration$1(453)) - Datanode localhost-98.159.20.181 c5c85e31-a19b-4272-a22a-e6cb0cee2697 is Over-Utilized.
2023-09-07 14:19:58,823 [main] DEBUG balancer.ContainerBalancerTask (ContainerBalancerTask.java:lambda$initializeIteration$1(453)) - Datanode localhost-195.53.202.168 248ac389-ea7e-46b0-9205-df1e39f8f0b0 is Over-Utilized.
2023-09-07 14:19:58,825 [main] DEBUG balancer.ContainerBalancerTask (ContainerBalancerTask.java:matchSourceWithTarget(708)) - ContainerBalancer is finding suitable target for source datanode c5c85e31-a19b-4272-a22a-e6cb0cee2697
2023-09-07 14:19:58,825 [main] INFO  balancer.FindTargetGreedyByUsageInfo (AbstractFindTargetGreedy.java:findTargetForContainerMove(133)) - Container Balancer could not find a target for source datanode c5c85e31-a19b-4272-a22a-e6cb0cee2697
2023-09-07 14:19:58,825 [main] DEBUG balancer.ContainerBalancerTask (ContainerBalancerTask.java:matchSourceWithTarget(717)) - ContainerBalancer could not find a suitable target for source node c5c85e31-a19b-4272-a22a-e6cb0cee2697.
2023-09-07 14:19:58,827 [main] DEBUG balancer.ContainerBalancerTask (ContainerBalancerTask.java:matchSourceWithTarget(708)) - ContainerBalancer is finding suitable target for source datanode 248ac389-ea7e-46b0-9205-df1e39f8f0b0
2023-09-07 14:19:58,827 [main] INFO  balancer.FindTargetGreedyByUsageInfo (AbstractFindTargetGreedy.java:findTargetForContainerMove(133)) - Container Balancer could not find a target for source datanode 248ac389-ea7e-46b0-9205-df1e39f8f0b0
2023-09-07 14:19:58,827 [main] DEBUG balancer.ContainerBalancerTask (ContainerBalancerTask.java:matchSourceWithTarget(717)) - ContainerBalancer could not find a suitable target for source node 248ac389-ea7e-46b0-9205-df1e39f8f0b0.
2023-09-07 14:19:58,827 [main] INFO  balancer.FindSourceGreedy (FindSourceGreedy.java:getNextCandidateSourceDataNode(126)) - no more candidate source data node
2023-09-07 14:19:58,828 [main] INFO  balancer.ContainerBalancerTask (ContainerBalancerTask.java:balance(259)) - Result of this iteration of Container Balancer: CAN_NOT_BALANCE_ANY_MORE
2023-09-07 14:19:58,828 [main] INFO  balancer.ContainerBalancerTask (ContainerBalancerTask.java:tryStopWithSaveConfiguration(308)) - Save Configuration for stopping. Reason: CAN_NOT_BALANCE_ANY_MORE
2023-09-07 14:19:58,828 [main] DEBUG balancer.ContainerBalancerTask (ContainerBalancerTask.java:initializeIteration(374)) - Average utilization of the cluster is 0.3421445052540577
2023-09-07 14:19:58,828 [main] DEBUG balancer.ContainerBalancerTask (ContainerBalancerTask.java:initializeIteration(386)) - Lower limit for utilization is 0.08433031035088556 and Upper limit for utilization is 0.5999587001572299
2023-09-07 14:19:58,828 [main] DEBUG balancer.ContainerBalancerTask (ContainerBalancerTask.java:initializeIteration(398)) - Utilization for node c5c85e31-a19b-4272-a22a-e6cb0cee2697 with capacity 63231462968B, used 56908316672B, and remaining 6323146296B is 0.9000000000126519
2023-09-07 14:19:58,829 [main] DEBUG balancer.ContainerBalancerTask (ContainerBalancerTask.java:initializeIteration(398)) - Utilization for node 248ac389-ea7e-46b0-9205-df1e39f8f0b0 with capacity 60397977600B, used 48318382080B, and remaining 12079595520B is 0.8
2023-09-07 14:19:58,829 [main] DEBUG balancer.ContainerBalancerTask (ContainerBalancerTask.java:initializeIteration(398)) - Utilization for node 421584f2-e4cc-47d8-8aed-944c88f08bcd with capacity 67492343222B, used 47244640256B, and remaining 20247702966B is 0.7000000000088898
2023-09-07 14:19:58,829 [main] DEBUG balancer.ContainerBalancerTask (ContainerBalancerTask.java:initializeIteration(398)) - Utilization for node 77dfbcba-6605-4fdc-8d0e-9fe202378cb7 with capacity 69793218560B, used 41875931136B, and remaining 27917287424B is 0.6
2023-09-07 14:19:58,829 [main] DEBUG balancer.ContainerBalancerTask (ContainerBalancerTask.java:initializeIteration(398)) - Utilization for node 5b777bfe-eb24-4b97-bd1c-28e1b122001c with capacity 85899345920B, used 42949672960B, and remaining 42949672960B is 0.5
2023-09-07 14:19:58,829 [main] DEBUG balancer.ContainerBalancerTask (ContainerBalancerTask.java:initializeIteration(398)) - Utilization for node ca939f99-ab0b-4d29-a42f-f44b56056ae7 with capacity 83214991360B, used 33285996544B, and remaining 49928994816B is 0.4
2023-09-07 14:19:58,829 [main] DEBUG balancer.ContainerBalancerTask (ContainerBalancerTask.java:initializeIteration(398)) - Utilization for node f1108a0e-23cf-44a7-85cb-287ff4c7c6ee with capacity 139586437120B, used 41875931136B, and remaining 97710505984B is 0.3
2023-09-07 14:19:58,829 [main] DEBUG balancer.ContainerBalancerTask (ContainerBalancerTask.java:initializeIteration(398)) - Utilization for node dd8ee5d2-e7f7-433c-8670-3d9c860724d2 with capacity 177167400960B, used 35433480192B, and remaining 141733920768B is 0.2
2023-09-07 14:19:58,829 [main] DEBUG balancer.ContainerBalancerTask (ContainerBalancerTask.java:initializeIteration(398)) - Utilization for node dce3138a-b1d4-4857-bfab-faeb886e2eb0 with capacity 343597383680B, used 34359738368B, and remaining 309237645312B is 0.1
2023-09-07 14:19:58,829 [main] DEBUG balancer.ContainerBalancerTask (ContainerBalancerTask.java:initializeIteration(398)) - Utilization for node 78c33e4e-d029-4a9e-a807-e422689b4b08 with capacity 26843545600B, used 0B, and remaining 26843545600B is 0.0
2023-09-07 14:19:58,829 [main] INFO  balancer.ContainerBalancerTask (ContainerBalancerTask.java:initializeIteration(447)) - Container Balancer has identified 4 Over-Utilized and 1 Under-Utilized Datanodes that need to be balanced.
2023-09-07 14:19:58,829 [main] DEBUG balancer.ContainerBalancerTask (ContainerBalancerTask.java:lambda$initializeIteration$1(453)) - Datanode localhost-98.159.20.181 c5c85e31-a19b-4272-a22a-e6cb0cee2697 is Over-Utilized.
2023-09-07 14:19:58,829 [main] DEBUG balancer.ContainerBalancerTask (ContainerBalancerTask.java:lambda$initializeIteration$1(453)) - Datanode localhost-195.53.202.168 248ac389-ea7e-46b0-9205-df1e39f8f0b0 is Over-Utilized.
2023-09-07 14:19:58,829 [main] DEBUG balancer.ContainerBalancerTask (ContainerBalancerTask.java:lambda$initializeIteration$1(453)) - Datanode localhost-130.14.218.10 421584f2-e4cc-47d8-8aed-944c88f08bcd is Over-Utilized.
2023-09-07 14:19:58,830 [main] DEBUG balancer.ContainerBalancerTask (ContainerBalancerTask.java:lambda$initializeIteration$1(453)) - Datanode localhost-129.122.164.149 77dfbcba-6605-4fdc-8d0e-9fe202378cb7 is Over-Utilized.
2023-09-07 14:19:58,830 [main] DEBUG balancer.ContainerBalancerTask (ContainerBalancerTask.java:lambda$initializeIteration$2(459)) - Datanode localhost-61.34.16.17 78c33e4e-d029-4a9e-a807-e422689b4b08 is Under-Utilized.
2023-09-07 14:19:58,832 [main] DEBUG balancer.ContainerBalancerTask (ContainerBalancerTask.java:matchSourceWithTarget(708)) - ContainerBalancer is finding suitable target for source datanode c5c85e31-a19b-4272-a22a-e6cb0cee2697
2023-09-07 14:19:58,832 [main] INFO  balancer.ContainerBalancerTask (ContainerBalancerTask.java:matchSourceWithTarget(722)) - ContainerBalancer matched source datanode c5c85e31-a19b-4272-a22a-e6cb0cee2697 with target datanode 78c33e4e-d029-4a9e-a807-e422689b4b08 for container move.
2023-09-07 14:19:58,832 [main] INFO  balancer.ContainerBalancerTask (ContainerBalancerTask.java:processMoveSelection(569)) - ContainerBalancer is trying to move container #85 with size 5368709120B from source datanode c5c85e31-a19b-4272-a22a-e6cb0cee2697 to target datanode 78c33e4e-d029-4a9e-a807-e422689b4b08
2023-09-07 14:19:58,832 [main] DEBUG balancer.ContainerBalancerTask (ContainerBalancerTask.java:lambda$moveContainer$3(837)) - Container move completed for container #85 from source c5c85e31-a19b-4272-a22a-e6cb0cee2697 to target 78c33e4e-d029-4a9e-a807-e422689b4b08
2023-09-07 14:19:58,835 [main] DEBUG balancer.ContainerBalancerTask (ContainerBalancerTask.java:matchSourceWithTarget(708)) - ContainerBalancer is finding suitable target for source datanode c5c85e31-a19b-4272-a22a-e6cb0cee2697
2023-09-07 14:19:58,835 [main] INFO  balancer.ContainerBalancerTask (ContainerBalancerTask.java:matchSourceWithTarget(722)) - ContainerBalancer matched source datanode c5c85e31-a19b-4272-a22a-e6cb0cee2697 with target datanode 78c33e4e-d029-4a9e-a807-e422689b4b08 for container move.
2023-09-07 14:19:58,835 [main] INFO  balancer.ContainerBalancerTask (ContainerBalancerTask.java:processMoveSelection(569)) - ContainerBalancer is trying to move container #68 with size 5368709120B from source datanode c5c85e31-a19b-4272-a22a-e6cb0cee2697 to target datanode 78c33e4e-d029-4a9e-a807-e422689b4b08
2023-09-07 14:19:58,835 [main] DEBUG balancer.ContainerBalancerTask (ContainerBalancerTask.java:lambda$moveContainer$3(837)) - Container move completed for container #68 from source c5c85e31-a19b-4272-a22a-e6cb0cee2697 to target 78c33e4e-d029-4a9e-a807-e422689b4b08
2023-09-07 14:19:58,837 [main] DEBUG balancer.ContainerBalancerTask (ContainerBalancerTask.java:matchSourceWithTarget(708)) - ContainerBalancer is finding suitable target for source datanode 248ac389-ea7e-46b0-9205-df1e39f8f0b0
2023-09-07 14:19:58,838 [main] INFO  balancer.ContainerBalancerTask (ContainerBalancerTask.java:matchSourceWithTarget(722)) - ContainerBalancer matched source datanode 248ac389-ea7e-46b0-9205-df1e39f8f0b0 with target datanode 78c33e4e-d029-4a9e-a807-e422689b4b08 for container move.
2023-09-07 14:19:58,838 [main] INFO  balancer.ContainerBalancerTask (ContainerBalancerTask.java:processMoveSelection(569)) - ContainerBalancer is trying to move container #89 with size 4294967296B from source datanode 248ac389-ea7e-46b0-9205-df1e39f8f0b0 to target datanode 78c33e4e-d029-4a9e-a807-e422689b4b08
2023-09-07 14:19:58,838 [main] DEBUG balancer.ContainerBalancerTask (ContainerBalancerTask.java:lambda$moveContainer$3(837)) - Container move completed for container #89 from source 248ac389-ea7e-46b0-9205-df1e39f8f0b0 to target 78c33e4e-d029-4a9e-a807-e422689b4b08
2023-09-07 14:19:58,840 [main] DEBUG balancer.ContainerBalancerTask (ContainerBalancerTask.java:matchSourceWithTarget(708)) - ContainerBalancer is finding suitable target for source datanode c5c85e31-a19b-4272-a22a-e6cb0cee2697
2023-09-07 14:19:58,841 [main] INFO  balancer.FindTargetGreedyByUsageInfo (AbstractFindTargetGreedy.java:findTargetForContainerMove(133)) - Container Balancer could not find a target for source datanode c5c85e31-a19b-4272-a22a-e6cb0cee2697
2023-09-07 14:19:58,841 [main] DEBUG balancer.ContainerBalancerTask (ContainerBalancerTask.java:matchSourceWithTarget(717)) - ContainerBalancer could not find a suitable target for source node c5c85e31-a19b-4272-a22a-e6cb0cee2697.
2023-09-07 14:19:58,843 [main] DEBUG balancer.ContainerBalancerTask (ContainerBalancerTask.java:matchSourceWithTarget(708)) - ContainerBalancer is finding suitable target for source datanode 248ac389-ea7e-46b0-9205-df1e39f8f0b0
2023-09-07 14:19:58,844 [main] INFO  balancer.FindTargetGreedyByUsageInfo (AbstractFindTargetGreedy.java:findTargetForContainerMove(133)) - Container Balancer could not find a target for source datanode 248ac389-ea7e-46b0-9205-df1e39f8f0b0
2023-09-07 14:19:58,844 [main] DEBUG balancer.ContainerBalancerTask (ContainerBalancerTask.java:matchSourceWithTarget(717)) - ContainerBalancer could not find a suitable target for source node 248ac389-ea7e-46b0-9205-df1e39f8f0b0.
2023-09-07 14:19:58,846 [main] DEBUG balancer.ContainerBalancerTask (ContainerBalancerTask.java:matchSourceWithTarget(708)) - ContainerBalancer is finding suitable target for source datanode 421584f2-e4cc-47d8-8aed-944c88f08bcd
2023-09-07 14:19:58,847 [main] INFO  balancer.FindTargetGreedyByUsageInfo (AbstractFindTargetGreedy.java:findTargetForContainerMove(133)) - Container Balancer could not find a target for source datanode 421584f2-e4cc-47d8-8aed-944c88f08bcd
2023-09-07 14:19:58,847 [main] DEBUG balancer.ContainerBalancerTask (ContainerBalancerTask.java:matchSourceWithTarget(717)) - ContainerBalancer could not find a suitable target for source node 421584f2-e4cc-47d8-8aed-944c88f08bcd.
2023-09-07 14:19:58,849 [main] DEBUG balancer.ContainerBalancerTask (ContainerBalancerTask.java:matchSourceWithTarget(708)) - ContainerBalancer is finding suitable target for source datanode 77dfbcba-6605-4fdc-8d0e-9fe202378cb7
2023-09-07 14:19:58,849 [main] INFO  balancer.FindTargetGreedyByUsageInfo (AbstractFindTargetGreedy.java:findTargetForContainerMove(133)) - Container Balancer could not find a target for source datanode 77dfbcba-6605-4fdc-8d0e-9fe202378cb7
2023-09-07 14:19:58,849 [main] DEBUG balancer.ContainerBalancerTask (ContainerBalancerTask.java:matchSourceWithTarget(717)) - ContainerBalancer could not find a suitable target for source node 77dfbcba-6605-4fdc-8d0e-9fe202378cb7.
2023-09-07 14:19:58,849 [main] INFO  balancer.FindSourceGreedy (FindSourceGreedy.java:getNextCandidateSourceDataNode(126)) - no more candidate source data node
2023-09-07 14:19:58,849 [main] INFO  balancer.ContainerBalancerTask (ContainerBalancerTask.java:checkIterationMoveResults(642)) - Iteration Summary. Number of Datanodes involved: 3. Size moved: 14 GB (15032385536 Bytes). Number of Container moves completed: 3.
2023-09-07 14:19:58,850 [main] INFO  balancer.ContainerBalancerTask (ContainerBalancerTask.java:balance(259)) - Result of this iteration of Container Balancer: ITERATION_COMPLETED
2023-09-07 14:19:58,850 [main] INFO  balancer.ContainerBalancerTask (ContainerBalancerTask.java:tryStopWithSaveConfiguration(308)) - Save Configuration for stopping. Reason: Completed all iterations.
2023-09-07 14:19:58,850 [main] DEBUG balancer.ContainerBalancerTask (ContainerBalancerTask.java:initializeIteration(374)) - Average utilization of the cluster is 0.3421445052540577
2023-09-07 14:19:58,850 [main] DEBUG balancer.ContainerBalancerTask (ContainerBalancerTask.java:initializeIteration(386)) - Lower limit for utilization is -0.02536361934986109 and Upper limit for utilization is 0.7096526298579765
2023-09-07 14:19:58,851 [main] DEBUG balancer.ContainerBalancerTask (ContainerBalancerTask.java:initializeIteration(398)) - Utilization for node c5c85e31-a19b-4272-a22a-e6cb0cee2697 with capacity 63231462968B, used 56908316672B, and remaining 6323146296B is 0.9000000000126519
2023-09-07 14:19:58,851 [main] DEBUG balancer.ContainerBalancerTask (ContainerBalancerTask.java:initializeIteration(398)) - Utilization for node 248ac389-ea7e-46b0-9205-df1e39f8f0b0 with capacity 60397977600B, used 48318382080B, and remaining 12079595520B is 0.8
2023-09-07 14:19:58,851 [main] DEBUG balancer.ContainerBalancerTask (ContainerBalancerTask.java:initializeIteration(398)) - Utilization for node 421584f2-e4cc-47d8-8aed-944c88f08bcd with capacity 67492343222B, used 47244640256B, and remaining 20247702966B is 0.7000000000088898
2023-09-07 14:19:58,851 [main] DEBUG balancer.ContainerBalancerTask (ContainerBalancerTask.java:initializeIteration(398)) - Utilization for node 77dfbcba-6605-4fdc-8d0e-9fe202378cb7 with capacity 69793218560B, used 41875931136B, and remaining 27917287424B is 0.6
2023-09-07 14:19:58,851 [main] DEBUG balancer.ContainerBalancerTask (ContainerBalancerTask.java:initializeIteration(398)) - Utilization for node 5b777bfe-eb24-4b97-bd1c-28e1b122001c with capacity 85899345920B, used 42949672960B, and remaining 42949672960B is 0.5
2023-09-07 14:19:58,851 [main] DEBUG balancer.ContainerBalancerTask (ContainerBalancerTask.java:initializeIteration(398)) - Utilization for node ca939f99-ab0b-4d29-a42f-f44b56056ae7 with capacity 83214991360B, used 33285996544B, and remaining 49928994816B is 0.4
2023-09-07 14:19:58,851 [main] DEBUG balancer.ContainerBalancerTask (ContainerBalancerTask.java:initializeIteration(398)) - Utilization for node f1108a0e-23cf-44a7-85cb-287ff4c7c6ee with capacity 139586437120B, used 41875931136B, and remaining 97710505984B is 0.3
2023-09-07 14:19:58,851 [main] DEBUG balancer.ContainerBalancerTask (ContainerBalancerTask.java:initializeIteration(398)) - Utilization for node dd8ee5d2-e7f7-433c-8670-3d9c860724d2 with capacity 177167400960B, used 35433480192B, and remaining 141733920768B is 0.2
2023-09-07 14:19:58,851 [main] DEBUG balancer.ContainerBalancerTask (ContainerBalancerTask.java:initializeIteration(398)) - Utilization for node dce3138a-b1d4-4857-bfab-faeb886e2eb0 with capacity 343597383680B, used 34359738368B, and remaining 309237645312B is 0.1
2023-09-07 14:19:58,851 [main] DEBUG balancer.ContainerBalancerTask (ContainerBalancerTask.java:initializeIteration(398)) - Utilization for node 78c33e4e-d029-4a9e-a807-e422689b4b08 with capacity 26843545600B, used 0B, and remaining 26843545600B is 0.0
2023-09-07 14:19:58,851 [main] INFO  balancer.ContainerBalancerTask (ContainerBalancerTask.java:initializeIteration(447)) - Container Balancer has identified 2 Over-Utilized and 0 Under-Utilized Datanodes that need to be balanced.
2023-09-07 14:19:58,851 [main] DEBUG balancer.ContainerBalancerTask (ContainerBalancerTask.java:lambda$initializeIteration$1(453)) - Datanode localhost-98.159.20.181 c5c85e31-a19b-4272-a22a-e6cb0cee2697 is Over-Utilized.
2023-09-07 14:19:58,851 [main] DEBUG balancer.ContainerBalancerTask (ContainerBalancerTask.java:lambda$initializeIteration$1(453)) - Datanode localhost-195.53.202.168 248ac389-ea7e-46b0-9205-df1e39f8f0b0 is Over-Utilized.
2023-09-07 14:19:58,854 [main] DEBUG balancer.ContainerBalancerTask (ContainerBalancerTask.java:matchSourceWithTarget(708)) - ContainerBalancer is finding suitable target for source datanode c5c85e31-a19b-4272-a22a-e6cb0cee2697
2023-09-07 14:19:58,854 [main] INFO  balancer.FindTargetGreedyByUsageInfo (AbstractFindTargetGreedy.java:findTargetForContainerMove(133)) - Container Balancer could not find a target for source datanode c5c85e31-a19b-4272-a22a-e6cb0cee2697
2023-09-07 14:19:58,854 [main] DEBUG balancer.ContainerBalancerTask (ContainerBalancerTask.java:matchSourceWithTarget(717)) - ContainerBalancer could not find a suitable target for source node c5c85e31-a19b-4272-a22a-e6cb0cee2697.
2023-09-07 14:19:58,856 [main] DEBUG balancer.ContainerBalancerTask (ContainerBalancerTask.java:matchSourceWithTarget(708)) - ContainerBalancer is finding suitable target for source datanode 248ac389-ea7e-46b0-9205-df1e39f8f0b0
2023-09-07 14:19:58,856 [main] INFO  balancer.FindTargetGreedyByUsageInfo (AbstractFindTargetGreedy.java:findTargetForContainerMove(133)) - Container Balancer could not find a target for source datanode 248ac389-ea7e-46b0-9205-df1e39f8f0b0
2023-09-07 14:19:58,856 [main] DEBUG balancer.ContainerBalancerTask (ContainerBalancerTask.java:matchSourceWithTarget(717)) - ContainerBalancer could not find a suitable target for source node 248ac389-ea7e-46b0-9205-df1e39f8f0b0.
2023-09-07 14:19:58,856 [main] INFO  balancer.FindSourceGreedy (FindSourceGreedy.java:getNextCandidateSourceDataNode(126)) - no more candidate source data node
2023-09-07 14:19:58,856 [main] INFO  balancer.ContainerBalancerTask (ContainerBalancerTask.java:balance(259)) - Result of this iteration of Container Balancer: CAN_NOT_BALANCE_ANY_MORE
2023-09-07 14:19:58,857 [main] INFO  balancer.ContainerBalancerTask (ContainerBalancerTask.java:tryStopWithSaveConfiguration(308)) - Save Configuration for stopping. Reason: CAN_NOT_BALANCE_ANY_MORE
2023-09-07 14:19:58,857 [main] DEBUG balancer.ContainerBalancerTask (ContainerBalancerTask.java:initializeIteration(374)) - Average utilization of the cluster is 0.3421445052540577
2023-09-07 14:19:58,857 [main] DEBUG balancer.ContainerBalancerTask (ContainerBalancerTask.java:initializeIteration(386)) - Lower limit for utilization is -0.3508841150355674 and Upper limit for utilization is 1.035173125543683
2023-09-07 14:19:58,857 [main] DEBUG balancer.ContainerBalancerTask (ContainerBalancerTask.java:initializeIteration(398)) - Utilization for node c5c85e31-a19b-4272-a22a-e6cb0cee2697 with capacity 63231462968B, used 56908316672B, and remaining 6323146296B is 0.9000000000126519
2023-09-07 14:19:58,857 [main] DEBUG balancer.ContainerBalancerTask (ContainerBalancerTask.java:initializeIteration(398)) - Utilization for node 248ac389-ea7e-46b0-9205-df1e39f8f0b0 with capacity 60397977600B, used 48318382080B, and remaining 12079595520B is 0.8
2023-09-07 14:19:58,857 [main] DEBUG balancer.ContainerBalancerTask (ContainerBalancerTask.java:initializeIteration(398)) - Utilization for node 421584f2-e4cc-47d8-8aed-944c88f08bcd with capacity 67492343222B, used 47244640256B, and remaining 20247702966B is 0.7000000000088898
2023-09-07 14:19:58,858 [main] DEBUG balancer.ContainerBalancerTask (ContainerBalancerTask.java:initializeIteration(398)) - Utilization for node 77dfbcba-6605-4fdc-8d0e-9fe202378cb7 with capacity 69793218560B, used 41875931136B, and remaining 27917287424B is 0.6
2023-09-07 14:19:58,858 [main] DEBUG balancer.ContainerBalancerTask (ContainerBalancerTask.java:initializeIteration(398)) - Utilization for node 5b777bfe-eb24-4b97-bd1c-28e1b122001c with capacity 85899345920B, used 42949672960B, and remaining 42949672960B is 0.5
2023-09-07 14:19:58,858 [main] DEBUG balancer.ContainerBalancerTask (ContainerBalancerTask.java:initializeIteration(398)) - Utilization for node ca939f99-ab0b-4d29-a42f-f44b56056ae7 with capacity 83214991360B, used 33285996544B, and remaining 49928994816B is 0.4
2023-09-07 14:19:58,858 [main] DEBUG balancer.ContainerBalancerTask (ContainerBalancerTask.java:initializeIteration(398)) - Utilization for node f1108a0e-23cf-44a7-85cb-287ff4c7c6ee with capacity 139586437120B, used 41875931136B, and remaining 97710505984B is 0.3
2023-09-07 14:19:58,858 [main] DEBUG balancer.ContainerBalancerTask (ContainerBalancerTask.java:initializeIteration(398)) - Utilization for node dd8ee5d2-e7f7-433c-8670-3d9c860724d2 with capacity 177167400960B, used 35433480192B, and remaining 141733920768B is 0.2
2023-09-07 14:19:58,858 [main] DEBUG balancer.ContainerBalancerTask (ContainerBalancerTask.java:initializeIteration(398)) - Utilization for node dce3138a-b1d4-4857-bfab-faeb886e2eb0 with capacity 343597383680B, used 34359738368B, and remaining 309237645312B is 0.1
2023-09-07 14:19:58,858 [main] DEBUG balancer.ContainerBalancerTask (ContainerBalancerTask.java:initializeIteration(398)) - Utilization for node 78c33e4e-d029-4a9e-a807-e422689b4b08 with capacity 26843545600B, used 0B, and remaining 26843545600B is 0.0
2023-09-07 14:19:58,860 [main] INFO  balancer.ContainerBalancerTask (ContainerBalancerTask.java:initializeIteration(443)) - Did not find any unbalanced Datanodes.
2023-09-07 14:19:58,860 [main] INFO  balancer.ContainerBalancerTask (ContainerBalancerTask.java:tryStopWithSaveConfiguration(308)) - Save Configuration for stopping. Reason: Could not initialize ContainerBalancer's iteration number 0
2023-09-07 14:19:58,861 [main] DEBUG balancer.ContainerBalancerTask (ContainerBalancerTask.java:initializeIteration(374)) - Average utilization of the cluster is 0.3421445052540577
2023-09-07 14:19:58,861 [main] DEBUG balancer.ContainerBalancerTask (ContainerBalancerTask.java:initializeIteration(386)) - Lower limit for utilization is 0.26225608594355854 and Upper limit for utilization is 0.4220329245645569
2023-09-07 14:19:58,861 [main] DEBUG balancer.ContainerBalancerTask (ContainerBalancerTask.java:initializeIteration(398)) - Utilization for node c5c85e31-a19b-4272-a22a-e6cb0cee2697 with capacity 63231462968B, used 56908316672B, and remaining 6323146296B is 0.9000000000126519
2023-09-07 14:19:58,861 [main] DEBUG balancer.ContainerBalancerTask (ContainerBalancerTask.java:initializeIteration(398)) - Utilization for node 248ac389-ea7e-46b0-9205-df1e39f8f0b0 with capacity 60397977600B, used 48318382080B, and remaining 12079595520B is 0.8
2023-09-07 14:19:58,861 [main] DEBUG balancer.ContainerBalancerTask (ContainerBalancerTask.java:initializeIteration(398)) - Utilization for node 421584f2-e4cc-47d8-8aed-944c88f08bcd with capacity 67492343222B, used 47244640256B, and remaining 20247702966B is 0.7000000000088898
2023-09-07 14:19:58,861 [main] DEBUG balancer.ContainerBalancerTask (ContainerBalancerTask.java:initializeIteration(398)) - Utilization for node 77dfbcba-6605-4fdc-8d0e-9fe202378cb7 with capacity 69793218560B, used 41875931136B, and remaining 27917287424B is 0.6
2023-09-07 14:19:58,861 [main] DEBUG balancer.ContainerBalancerTask (ContainerBalancerTask.java:initializeIteration(398)) - Utilization for node 5b777bfe-eb24-4b97-bd1c-28e1b122001c with capacity 85899345920B, used 42949672960B, and remaining 42949672960B is 0.5
2023-09-07 14:19:58,861 [main] DEBUG balancer.ContainerBalancerTask (ContainerBalancerTask.java:initializeIteration(398)) - Utilization for node ca939f99-ab0b-4d29-a42f-f44b56056ae7 with capacity 83214991360B, used 33285996544B, and remaining 49928994816B is 0.4
2023-09-07 14:19:58,861 [main] DEBUG balancer.ContainerBalancerTask (ContainerBalancerTask.java:initializeIteration(398)) - Utilization for node f1108a0e-23cf-44a7-85cb-287ff4c7c6ee with capacity 139586437120B, used 41875931136B, and remaining 97710505984B is 0.3
2023-09-07 14:19:58,861 [main] DEBUG balancer.ContainerBalancerTask (ContainerBalancerTask.java:initializeIteration(398)) - Utilization for node dd8ee5d2-e7f7-433c-8670-3d9c860724d2 with capacity 177167400960B, used 35433480192B, and remaining 141733920768B is 0.2
2023-09-07 14:19:58,862 [main] DEBUG balancer.ContainerBalancerTask (ContainerBalancerTask.java:initializeIteration(398)) - Utilization for node dce3138a-b1d4-4857-bfab-faeb886e2eb0 with capacity 343597383680B, used 34359738368B, and remaining 309237645312B is 0.1
2023-09-07 14:19:58,862 [main] DEBUG balancer.ContainerBalancerTask (ContainerBalancerTask.java:initializeIteration(398)) - Utilization for node 78c33e4e-d029-4a9e-a807-e422689b4b08 with capacity 26843545600B, used 0B, and remaining 26843545600B is 0.0
2023-09-07 14:19:58,862 [main] INFO  balancer.ContainerBalancerTask (ContainerBalancerTask.java:initializeIteration(447)) - Container Balancer has identified 5 Over-Utilized and 3 Under-Utilized Datanodes that need to be balanced.
2023-09-07 14:19:58,862 [main] DEBUG balancer.ContainerBalancerTask (ContainerBalancerTask.java:lambda$initializeIteration$1(453)) - Datanode localhost-98.159.20.181 c5c85e31-a19b-4272-a22a-e6cb0cee2697 is Over-Utilized.
2023-09-07 14:19:58,862 [main] DEBUG balancer.ContainerBalancerTask (ContainerBalancerTask.java:lambda$initializeIteration$1(453)) - Datanode localhost-195.53.202.168 248ac389-ea7e-46b0-9205-df1e39f8f0b0 is Over-Utilized.
2023-09-07 14:19:58,862 [main] DEBUG balancer.ContainerBalancerTask (ContainerBalancerTask.java:lambda$initializeIteration$1(453)) - Datanode localhost-130.14.218.10 421584f2-e4cc-47d8-8aed-944c88f08bcd is Over-Utilized.
2023-09-07 14:19:58,862 [main] DEBUG balancer.ContainerBalancerTask (ContainerBalancerTask.java:lambda$initializeIteration$1(453)) - Datanode localhost-129.122.164.149 77dfbcba-6605-4fdc-8d0e-9fe202378cb7 is Over-Utilized.
2023-09-07 14:19:58,862 [main] DEBUG balancer.ContainerBalancerTask (ContainerBalancerTask.java:lambda$initializeIteration$1(453)) - Datanode localhost-48.199.75.188 5b777bfe-eb24-4b97-bd1c-28e1b122001c is Over-Utilized.
2023-09-07 14:19:58,862 [main] DEBUG balancer.ContainerBalancerTask (ContainerBalancerTask.java:lambda$initializeIteration$2(459)) - Datanode localhost-61.34.16.17 78c33e4e-d029-4a9e-a807-e422689b4b08 is Under-Utilized.
2023-09-07 14:19:58,862 [main] DEBUG balancer.ContainerBalancerTask (ContainerBalancerTask.java:lambda$initializeIteration$2(459)) - Datanode localhost-151.238.238.245 dce3138a-b1d4-4857-bfab-faeb886e2eb0 is Under-Utilized.
2023-09-07 14:19:58,862 [main] DEBUG balancer.ContainerBalancerTask (ContainerBalancerTask.java:lambda$initializeIteration$2(459)) - Datanode localhost-77.205.48.120 dd8ee5d2-e7f7-433c-8670-3d9c860724d2 is Under-Utilized.
2023-09-07 14:19:58,865 [main] DEBUG balancer.ContainerBalancerTask (ContainerBalancerTask.java:matchSourceWithTarget(708)) - ContainerBalancer is finding suitable target for source datanode c5c85e31-a19b-4272-a22a-e6cb0cee2697
2023-09-07 14:19:58,865 [main] INFO  balancer.ContainerBalancerTask (ContainerBalancerTask.java:matchSourceWithTarget(722)) - ContainerBalancer matched source datanode c5c85e31-a19b-4272-a22a-e6cb0cee2697 with target datanode 78c33e4e-d029-4a9e-a807-e422689b4b08 for container move.
2023-09-07 14:19:58,865 [main] INFO  balancer.ContainerBalancerTask (ContainerBalancerTask.java:processMoveSelection(569)) - ContainerBalancer is trying to move container #85 with size 5368709120B from source datanode c5c85e31-a19b-4272-a22a-e6cb0cee2697 to target datanode 78c33e4e-d029-4a9e-a807-e422689b4b08
2023-09-07 14:19:58,865 [main] DEBUG balancer.ContainerBalancerTask (ContainerBalancerTask.java:lambda$moveContainer$3(837)) - Container move completed for container #85 from source c5c85e31-a19b-4272-a22a-e6cb0cee2697 to target 78c33e4e-d029-4a9e-a807-e422689b4b08
2023-09-07 14:19:58,868 [main] DEBUG balancer.ContainerBalancerTask (ContainerBalancerTask.java:matchSourceWithTarget(708)) - ContainerBalancer is finding suitable target for source datanode c5c85e31-a19b-4272-a22a-e6cb0cee2697
2023-09-07 14:19:58,868 [main] INFO  balancer.ContainerBalancerTask (ContainerBalancerTask.java:matchSourceWithTarget(722)) - ContainerBalancer matched source datanode c5c85e31-a19b-4272-a22a-e6cb0cee2697 with target datanode dce3138a-b1d4-4857-bfab-faeb886e2eb0 for container move.
2023-09-07 14:19:58,868 [main] INFO  balancer.ContainerBalancerTask (ContainerBalancerTask.java:processMoveSelection(569)) - ContainerBalancer is trying to move container #68 with size 5368709120B from source datanode c5c85e31-a19b-4272-a22a-e6cb0cee2697 to target datanode dce3138a-b1d4-4857-bfab-faeb886e2eb0
2023-09-07 14:19:58,868 [main] DEBUG balancer.ContainerBalancerTask (ContainerBalancerTask.java:lambda$moveContainer$3(837)) - Container move completed for container #68 from source c5c85e31-a19b-4272-a22a-e6cb0cee2697 to target dce3138a-b1d4-4857-bfab-faeb886e2eb0
2023-09-07 14:19:58,870 [main] DEBUG balancer.ContainerBalancerTask (ContainerBalancerTask.java:matchSourceWithTarget(708)) - ContainerBalancer is finding suitable target for source datanode 248ac389-ea7e-46b0-9205-df1e39f8f0b0
2023-09-07 14:19:58,870 [main] INFO  balancer.ContainerBalancerTask (ContainerBalancerTask.java:matchSourceWithTarget(722)) - ContainerBalancer matched source datanode 248ac389-ea7e-46b0-9205-df1e39f8f0b0 with target datanode dce3138a-b1d4-4857-bfab-faeb886e2eb0 for container move.
2023-09-07 14:19:58,870 [main] INFO  balancer.ContainerBalancerTask (ContainerBalancerTask.java:processMoveSelection(569)) - ContainerBalancer is trying to move container #29 with size 5368709120B from source datanode 248ac389-ea7e-46b0-9205-df1e39f8f0b0 to target datanode dce3138a-b1d4-4857-bfab-faeb886e2eb0
2023-09-07 14:19:58,870 [main] DEBUG balancer.ContainerBalancerTask (ContainerBalancerTask.java:lambda$moveContainer$3(837)) - Container move completed for container #29 from source 248ac389-ea7e-46b0-9205-df1e39f8f0b0 to target dce3138a-b1d4-4857-bfab-faeb886e2eb0
2023-09-07 14:19:58,873 [main] DEBUG balancer.ContainerBalancerTask (ContainerBalancerTask.java:matchSourceWithTarget(708)) - ContainerBalancer is finding suitable target for source datanode c5c85e31-a19b-4272-a22a-e6cb0cee2697
2023-09-07 14:19:58,873 [main] INFO  balancer.ContainerBalancerTask (ContainerBalancerTask.java:matchSourceWithTarget(722)) - ContainerBalancer matched source datanode c5c85e31-a19b-4272-a22a-e6cb0cee2697 with target datanode dce3138a-b1d4-4857-bfab-faeb886e2eb0 for container move.
2023-09-07 14:19:58,873 [main] INFO  balancer.ContainerBalancerTask (ContainerBalancerTask.java:processMoveSelection(569)) - ContainerBalancer is trying to move container #89 with size 4294967296B from source datanode c5c85e31-a19b-4272-a22a-e6cb0cee2697 to target datanode dce3138a-b1d4-4857-bfab-faeb886e2eb0
2023-09-07 14:19:58,873 [main] DEBUG balancer.ContainerBalancerTask (ContainerBalancerTask.java:lambda$moveContainer$3(837)) - Container move completed for container #89 from source c5c85e31-a19b-4272-a22a-e6cb0cee2697 to target dce3138a-b1d4-4857-bfab-faeb886e2eb0
2023-09-07 14:19:58,876 [main] DEBUG balancer.ContainerBalancerTask (ContainerBalancerTask.java:matchSourceWithTarget(708)) - ContainerBalancer is finding suitable target for source datanode 248ac389-ea7e-46b0-9205-df1e39f8f0b0
2023-09-07 14:19:58,876 [main] INFO  balancer.ContainerBalancerTask (ContainerBalancerTask.java:matchSourceWithTarget(722)) - ContainerBalancer matched source datanode 248ac389-ea7e-46b0-9205-df1e39f8f0b0 with target datanode dce3138a-b1d4-4857-bfab-faeb886e2eb0 for container move.
2023-09-07 14:19:58,876 [main] INFO  balancer.ContainerBalancerTask (ContainerBalancerTask.java:processMoveSelection(569)) - ContainerBalancer is trying to move container #67 with size 4294967296B from source datanode 248ac389-ea7e-46b0-9205-df1e39f8f0b0 to target datanode dce3138a-b1d4-4857-bfab-faeb886e2eb0
2023-09-07 14:19:58,876 [main] DEBUG balancer.ContainerBalancerTask (ContainerBalancerTask.java:lambda$moveContainer$3(837)) - Container move completed for container #67 from source 248ac389-ea7e-46b0-9205-df1e39f8f0b0 to target dce3138a-b1d4-4857-bfab-faeb886e2eb0
2023-09-07 14:19:58,878 [main] DEBUG balancer.ContainerBalancerTask (ContainerBalancerTask.java:matchSourceWithTarget(708)) - ContainerBalancer is finding suitable target for source datanode 421584f2-e4cc-47d8-8aed-944c88f08bcd
2023-09-07 14:19:58,878 [main] INFO  balancer.ContainerBalancerTask (ContainerBalancerTask.java:matchSourceWithTarget(722)) - ContainerBalancer matched source datanode 421584f2-e4cc-47d8-8aed-944c88f08bcd with target datanode dce3138a-b1d4-4857-bfab-faeb886e2eb0 for container move.
2023-09-07 14:19:58,878 [main] INFO  balancer.ContainerBalancerTask (ContainerBalancerTask.java:processMoveSelection(569)) - ContainerBalancer is trying to move container #53 with size 5368709120B from source datanode 421584f2-e4cc-47d8-8aed-944c88f08bcd to target datanode dce3138a-b1d4-4857-bfab-faeb886e2eb0
2023-09-07 14:19:58,879 [main] DEBUG balancer.ContainerBalancerTask (ContainerBalancerTask.java:lambda$moveContainer$3(837)) - Container move completed for container #53 from source 421584f2-e4cc-47d8-8aed-944c88f08bcd to target dce3138a-b1d4-4857-bfab-faeb886e2eb0
2023-09-07 14:19:58,881 [main] DEBUG balancer.ContainerBalancerTask (ContainerBalancerTask.java:matchSourceWithTarget(708)) - ContainerBalancer is finding suitable target for source datanode c5c85e31-a19b-4272-a22a-e6cb0cee2697
2023-09-07 14:19:58,881 [main] INFO  balancer.ContainerBalancerTask (ContainerBalancerTask.java:matchSourceWithTarget(722)) - ContainerBalancer matched source datanode c5c85e31-a19b-4272-a22a-e6cb0cee2697 with target datanode dce3138a-b1d4-4857-bfab-faeb886e2eb0 for container move.
2023-09-07 14:19:58,881 [main] INFO  balancer.ContainerBalancerTask (ContainerBalancerTask.java:processMoveSelection(569)) - ContainerBalancer is trying to move container #84 with size 4294967296B from source datanode c5c85e31-a19b-4272-a22a-e6cb0cee2697 to target datanode dce3138a-b1d4-4857-bfab-faeb886e2eb0
2023-09-07 14:19:58,882 [main] DEBUG balancer.ContainerBalancerTask (ContainerBalancerTask.java:lambda$moveContainer$3(837)) - Container move completed for container #84 from source c5c85e31-a19b-4272-a22a-e6cb0cee2697 to target dce3138a-b1d4-4857-bfab-faeb886e2eb0
2023-09-07 14:19:58,884 [main] DEBUG balancer.ContainerBalancerTask (ContainerBalancerTask.java:matchSourceWithTarget(708)) - ContainerBalancer is finding suitable target for source datanode 248ac389-ea7e-46b0-9205-df1e39f8f0b0
2023-09-07 14:19:58,884 [main] INFO  balancer.ContainerBalancerTask (ContainerBalancerTask.java:matchSourceWithTarget(722)) - ContainerBalancer matched source datanode 248ac389-ea7e-46b0-9205-df1e39f8f0b0 with target datanode dce3138a-b1d4-4857-bfab-faeb886e2eb0 for container move.
2023-09-07 14:19:58,884 [main] INFO  balancer.ContainerBalancerTask (ContainerBalancerTask.java:processMoveSelection(569)) - ContainerBalancer is trying to move container #66 with size 3221225472B from source datanode 248ac389-ea7e-46b0-9205-df1e39f8f0b0 to target datanode dce3138a-b1d4-4857-bfab-faeb886e2eb0
2023-09-07 14:19:58,884 [main] DEBUG balancer.ContainerBalancerTask (ContainerBalancerTask.java:lambda$moveContainer$3(837)) - Container move completed for container #66 from source 248ac389-ea7e-46b0-9205-df1e39f8f0b0 to target dce3138a-b1d4-4857-bfab-faeb886e2eb0
2023-09-07 14:19:58,886 [main] DEBUG balancer.ContainerBalancerTask (ContainerBalancerTask.java:matchSourceWithTarget(708)) - ContainerBalancer is finding suitable target for source datanode 421584f2-e4cc-47d8-8aed-944c88f08bcd
2023-09-07 14:19:58,887 [main] INFO  balancer.ContainerBalancerTask (ContainerBalancerTask.java:matchSourceWithTarget(722)) - ContainerBalancer matched source datanode 421584f2-e4cc-47d8-8aed-944c88f08bcd with target datanode dce3138a-b1d4-4857-bfab-faeb886e2eb0 for container move.
2023-09-07 14:19:58,887 [main] INFO  balancer.ContainerBalancerTask (ContainerBalancerTask.java:processMoveSelection(569)) - ContainerBalancer is trying to move container #52 with size 4294967296B from source datanode 421584f2-e4cc-47d8-8aed-944c88f08bcd to target datanode dce3138a-b1d4-4857-bfab-faeb886e2eb0
2023-09-07 14:19:58,887 [main] DEBUG balancer.ContainerBalancerTask (ContainerBalancerTask.java:lambda$moveContainer$3(837)) - Container move completed for container #52 from source 421584f2-e4cc-47d8-8aed-944c88f08bcd to target dce3138a-b1d4-4857-bfab-faeb886e2eb0
2023-09-07 14:19:58,889 [main] DEBUG balancer.ContainerBalancerTask (ContainerBalancerTask.java:matchSourceWithTarget(708)) - ContainerBalancer is finding suitable target for source datanode 77dfbcba-6605-4fdc-8d0e-9fe202378cb7
2023-09-07 14:19:58,889 [main] INFO  balancer.ContainerBalancerTask (ContainerBalancerTask.java:matchSourceWithTarget(722)) - ContainerBalancer matched source datanode 77dfbcba-6605-4fdc-8d0e-9fe202378cb7 with target datanode dd8ee5d2-e7f7-433c-8670-3d9c860724d2 for container move.
2023-09-07 14:19:58,889 [main] INFO  balancer.ContainerBalancerTask (ContainerBalancerTask.java:processMoveSelection(569)) - ContainerBalancer is trying to move container #39 with size 4294967296B from source datanode 77dfbcba-6605-4fdc-8d0e-9fe202378cb7 to target datanode dd8ee5d2-e7f7-433c-8670-3d9c860724d2
2023-09-07 14:19:58,890 [main] DEBUG balancer.ContainerBalancerTask (ContainerBalancerTask.java:lambda$moveContainer$3(837)) - Container move completed for container #39 from source 77dfbcba-6605-4fdc-8d0e-9fe202378cb7 to target dd8ee5d2-e7f7-433c-8670-3d9c860724d2
2023-09-07 14:19:58,893 [main] DEBUG balancer.ContainerBalancerTask (ContainerBalancerTask.java:matchSourceWithTarget(708)) - ContainerBalancer is finding suitable target for source datanode c5c85e31-a19b-4272-a22a-e6cb0cee2697
2023-09-07 14:19:58,893 [main] INFO  balancer.ContainerBalancerTask (ContainerBalancerTask.java:matchSourceWithTarget(722)) - ContainerBalancer matched source datanode c5c85e31-a19b-4272-a22a-e6cb0cee2697 with target datanode 78c33e4e-d029-4a9e-a807-e422689b4b08 for container move.
2023-09-07 14:19:58,893 [main] INFO  balancer.ContainerBalancerTask (ContainerBalancerTask.java:processMoveSelection(569)) - ContainerBalancer is trying to move container #88 with size 3221225472B from source datanode c5c85e31-a19b-4272-a22a-e6cb0cee2697 to target datanode 78c33e4e-d029-4a9e-a807-e422689b4b08
2023-09-07 14:19:58,893 [main] DEBUG balancer.ContainerBalancerTask (ContainerBalancerTask.java:lambda$moveContainer$3(837)) - Container move completed for container #88 from source c5c85e31-a19b-4272-a22a-e6cb0cee2697 to target 78c33e4e-d029-4a9e-a807-e422689b4b08
2023-09-07 14:19:58,895 [main] DEBUG balancer.ContainerBalancerTask (ContainerBalancerTask.java:matchSourceWithTarget(708)) - ContainerBalancer is finding suitable target for source datanode 248ac389-ea7e-46b0-9205-df1e39f8f0b0
2023-09-07 14:19:58,896 [main] INFO  balancer.ContainerBalancerTask (ContainerBalancerTask.java:matchSourceWithTarget(722)) - ContainerBalancer matched source datanode 248ac389-ea7e-46b0-9205-df1e39f8f0b0 with target datanode dce3138a-b1d4-4857-bfab-faeb886e2eb0 for container move.
2023-09-07 14:19:58,896 [main] INFO  balancer.ContainerBalancerTask (ContainerBalancerTask.java:processMoveSelection(569)) - ContainerBalancer is trying to move container #11 with size 3221225472B from source datanode 248ac389-ea7e-46b0-9205-df1e39f8f0b0 to target datanode dce3138a-b1d4-4857-bfab-faeb886e2eb0
2023-09-07 14:19:58,896 [main] DEBUG balancer.ContainerBalancerTask (ContainerBalancerTask.java:lambda$moveContainer$3(837)) - Container move completed for container #11 from source 248ac389-ea7e-46b0-9205-df1e39f8f0b0 to target dce3138a-b1d4-4857-bfab-faeb886e2eb0
2023-09-07 14:19:58,898 [main] DEBUG balancer.ContainerBalancerTask (ContainerBalancerTask.java:matchSourceWithTarget(708)) - ContainerBalancer is finding suitable target for source datanode 421584f2-e4cc-47d8-8aed-944c88f08bcd
2023-09-07 14:19:58,898 [main] INFO  balancer.ContainerBalancerTask (ContainerBalancerTask.java:matchSourceWithTarget(722)) - ContainerBalancer matched source datanode 421584f2-e4cc-47d8-8aed-944c88f08bcd with target datanode dce3138a-b1d4-4857-bfab-faeb886e2eb0 for container move.
2023-09-07 14:19:58,898 [main] INFO  balancer.ContainerBalancerTask (ContainerBalancerTask.java:processMoveSelection(569)) - ContainerBalancer is trying to move container #49 with size 1073741824B from source datanode 421584f2-e4cc-47d8-8aed-944c88f08bcd to target datanode dce3138a-b1d4-4857-bfab-faeb886e2eb0
2023-09-07 14:19:58,899 [main] DEBUG balancer.ContainerBalancerTask (ContainerBalancerTask.java:lambda$moveContainer$3(837)) - Container move completed for container #49 from source 421584f2-e4cc-47d8-8aed-944c88f08bcd to target dce3138a-b1d4-4857-bfab-faeb886e2eb0
2023-09-07 14:19:58,899 [main] WARN  balancer.ContainerBalancerTask (ContainerBalancerTask.java:reachedMaxSizeToMovePerIteration(733)) - Reached max size to move limit. 53687091200 bytes have already been scheduled for balancing and the limit is 53687091200 bytes.
2023-09-07 14:19:58,899 [main] INFO  balancer.ContainerBalancerTask (ContainerBalancerTask.java:checkIterationMoveResults(642)) - Iteration Summary. Number of Datanodes involved: 7. Size moved: 50 GB (53687091200 Bytes). Number of Container moves completed: 13.
2023-09-07 14:19:58,899 [main] INFO  balancer.ContainerBalancerTask (ContainerBalancerTask.java:balance(259)) - Result of this iteration of Container Balancer: ITERATION_COMPLETED
2023-09-07 14:19:58,899 [main] INFO  balancer.ContainerBalancerTask (ContainerBalancerTask.java:tryStopWithSaveConfiguration(308)) - Save Configuration for stopping. Reason: Completed all iterations.
2023-09-07 14:19:58,900 [main] DEBUG balancer.ContainerBalancerTask (ContainerBalancerTask.java:initializeIteration(374)) - Average utilization of the cluster is 0.3421445052540577
2023-09-07 14:19:58,900 [main] DEBUG balancer.ContainerBalancerTask (ContainerBalancerTask.java:initializeIteration(386)) - Lower limit for utilization is 0.053242397126725516 and Upper limit for utilization is 0.6310466133813899
2023-09-07 14:19:58,900 [main] DEBUG balancer.ContainerBalancerTask (ContainerBalancerTask.java:initializeIteration(398)) - Utilization for node c5c85e31-a19b-4272-a22a-e6cb0cee2697 with capacity 63231462968B, used 56908316672B, and remaining 6323146296B is 0.9000000000126519
2023-09-07 14:19:58,900 [main] DEBUG balancer.ContainerBalancerTask (ContainerBalancerTask.java:initializeIteration(398)) - Utilization for node 248ac389-ea7e-46b0-9205-df1e39f8f0b0 with capacity 60397977600B, used 48318382080B, and remaining 12079595520B is 0.8
2023-09-07 14:19:58,900 [main] DEBUG balancer.ContainerBalancerTask (ContainerBalancerTask.java:initializeIteration(398)) - Utilization for node 421584f2-e4cc-47d8-8aed-944c88f08bcd with capacity 67492343222B, used 47244640256B, and remaining 20247702966B is 0.7000000000088898
2023-09-07 14:19:58,900 [main] DEBUG balancer.ContainerBalancerTask (ContainerBalancerTask.java:initializeIteration(398)) - Utilization for node 77dfbcba-6605-4fdc-8d0e-9fe202378cb7 with capacity 69793218560B, used 41875931136B, and remaining 27917287424B is 0.6
2023-09-07 14:19:58,901 [main] DEBUG balancer.ContainerBalancerTask (ContainerBalancerTask.java:initializeIteration(398)) - Utilization for node 5b777bfe-eb24-4b97-bd1c-28e1b122001c with capacity 85899345920B, used 42949672960B, and remaining 42949672960B is 0.5
2023-09-07 14:19:58,901 [main] DEBUG balancer.ContainerBalancerTask (ContainerBalancerTask.java:initializeIteration(398)) - Utilization for node ca939f99-ab0b-4d29-a42f-f44b56056ae7 with capacity 83214991360B, used 33285996544B, and remaining 49928994816B is 0.4
2023-09-07 14:19:58,901 [main] DEBUG balancer.ContainerBalancerTask (ContainerBalancerTask.java:initializeIteration(398)) - Utilization for node f1108a0e-23cf-44a7-85cb-287ff4c7c6ee with capacity 139586437120B, used 41875931136B, and remaining 97710505984B is 0.3
2023-09-07 14:19:58,901 [main] DEBUG balancer.ContainerBalancerTask (ContainerBalancerTask.java:initializeIteration(398)) - Utilization for node dd8ee5d2-e7f7-433c-8670-3d9c860724d2 with capacity 177167400960B, used 35433480192B, and remaining 141733920768B is 0.2
2023-09-07 14:19:58,901 [main] DEBUG balancer.ContainerBalancerTask (ContainerBalancerTask.java:initializeIteration(398)) - Utilization for node dce3138a-b1d4-4857-bfab-faeb886e2eb0 with capacity 343597383680B, used 34359738368B, and remaining 309237645312B is 0.1
2023-09-07 14:19:58,901 [main] DEBUG balancer.ContainerBalancerTask (ContainerBalancerTask.java:initializeIteration(398)) - Utilization for node 78c33e4e-d029-4a9e-a807-e422689b4b08 with capacity 26843545600B, used 0B, and remaining 26843545600B is 0.0
2023-09-07 14:19:58,901 [main] INFO  balancer.ContainerBalancerTask (ContainerBalancerTask.java:initializeIteration(447)) - Container Balancer has identified 3 Over-Utilized and 1 Under-Utilized Datanodes that need to be balanced.
2023-09-07 14:19:58,901 [main] DEBUG balancer.ContainerBalancerTask (ContainerBalancerTask.java:lambda$initializeIteration$1(453)) - Datanode localhost-98.159.20.181 c5c85e31-a19b-4272-a22a-e6cb0cee2697 is Over-Utilized.
2023-09-07 14:19:58,901 [main] DEBUG balancer.ContainerBalancerTask (ContainerBalancerTask.java:lambda$initializeIteration$1(453)) - Datanode localhost-195.53.202.168 248ac389-ea7e-46b0-9205-df1e39f8f0b0 is Over-Utilized.
2023-09-07 14:19:58,901 [main] DEBUG balancer.ContainerBalancerTask (ContainerBalancerTask.java:lambda$initializeIteration$1(453)) - Datanode localhost-130.14.218.10 421584f2-e4cc-47d8-8aed-944c88f08bcd is Over-Utilized.
2023-09-07 14:19:58,901 [main] DEBUG balancer.ContainerBalancerTask (ContainerBalancerTask.java:lambda$initializeIteration$2(459)) - Datanode localhost-61.34.16.17 78c33e4e-d029-4a9e-a807-e422689b4b08 is Under-Utilized.
2023-09-07 14:19:58,904 [main] DEBUG balancer.ContainerBalancerTask (ContainerBalancerTask.java:matchSourceWithTarget(708)) - ContainerBalancer is finding suitable target for source datanode c5c85e31-a19b-4272-a22a-e6cb0cee2697
2023-09-07 14:19:58,904 [main] INFO  balancer.ContainerBalancerTask (ContainerBalancerTask.java:matchSourceWithTarget(722)) - ContainerBalancer matched source datanode c5c85e31-a19b-4272-a22a-e6cb0cee2697 with target datanode 78c33e4e-d029-4a9e-a807-e422689b4b08 for container move.
2023-09-07 14:19:58,904 [main] INFO  balancer.ContainerBalancerTask (ContainerBalancerTask.java:processMoveSelection(569)) - ContainerBalancer is trying to move container #85 with size 5368709120B from source datanode c5c85e31-a19b-4272-a22a-e6cb0cee2697 to target datanode 78c33e4e-d029-4a9e-a807-e422689b4b08
2023-09-07 14:19:58,904 [main] DEBUG balancer.ContainerBalancerTask (ContainerBalancerTask.java:lambda$moveContainer$3(837)) - Container move completed for container #85 from source c5c85e31-a19b-4272-a22a-e6cb0cee2697 to target 78c33e4e-d029-4a9e-a807-e422689b4b08
2023-09-07 14:19:58,907 [main] DEBUG balancer.ContainerBalancerTask (ContainerBalancerTask.java:matchSourceWithTarget(708)) - ContainerBalancer is finding suitable target for source datanode c5c85e31-a19b-4272-a22a-e6cb0cee2697
2023-09-07 14:19:58,907 [main] INFO  balancer.ContainerBalancerTask (ContainerBalancerTask.java:matchSourceWithTarget(722)) - ContainerBalancer matched source datanode c5c85e31-a19b-4272-a22a-e6cb0cee2697 with target datanode 78c33e4e-d029-4a9e-a807-e422689b4b08 for container move.
2023-09-07 14:19:58,907 [main] INFO  balancer.ContainerBalancerTask (ContainerBalancerTask.java:processMoveSelection(569)) - ContainerBalancer is trying to move container #68 with size 5368709120B from source datanode c5c85e31-a19b-4272-a22a-e6cb0cee2697 to target datanode 78c33e4e-d029-4a9e-a807-e422689b4b08
2023-09-07 14:19:58,907 [main] DEBUG balancer.ContainerBalancerTask (ContainerBalancerTask.java:lambda$moveContainer$3(837)) - Container move completed for container #68 from source c5c85e31-a19b-4272-a22a-e6cb0cee2697 to target 78c33e4e-d029-4a9e-a807-e422689b4b08
2023-09-07 14:19:58,910 [main] DEBUG balancer.ContainerBalancerTask (ContainerBalancerTask.java:matchSourceWithTarget(708)) - ContainerBalancer is finding suitable target for source datanode 248ac389-ea7e-46b0-9205-df1e39f8f0b0
2023-09-07 14:19:58,910 [main] INFO  balancer.ContainerBalancerTask (ContainerBalancerTask.java:matchSourceWithTarget(722)) - ContainerBalancer matched source datanode 248ac389-ea7e-46b0-9205-df1e39f8f0b0 with target datanode 78c33e4e-d029-4a9e-a807-e422689b4b08 for container move.
2023-09-07 14:19:58,910 [main] INFO  balancer.ContainerBalancerTask (ContainerBalancerTask.java:processMoveSelection(569)) - ContainerBalancer is trying to move container #29 with size 5368709120B from source datanode 248ac389-ea7e-46b0-9205-df1e39f8f0b0 to target datanode 78c33e4e-d029-4a9e-a807-e422689b4b08
2023-09-07 14:19:58,910 [main] DEBUG balancer.ContainerBalancerTask (ContainerBalancerTask.java:lambda$moveContainer$3(837)) - Container move completed for container #29 from source 248ac389-ea7e-46b0-9205-df1e39f8f0b0 to target 78c33e4e-d029-4a9e-a807-e422689b4b08
2023-09-07 14:19:58,913 [main] DEBUG balancer.ContainerBalancerTask (ContainerBalancerTask.java:matchSourceWithTarget(708)) - ContainerBalancer is finding suitable target for source datanode c5c85e31-a19b-4272-a22a-e6cb0cee2697
2023-09-07 14:19:58,913 [main] INFO  balancer.FindTargetGreedyByUsageInfo (AbstractFindTargetGreedy.java:findTargetForContainerMove(133)) - Container Balancer could not find a target for source datanode c5c85e31-a19b-4272-a22a-e6cb0cee2697
2023-09-07 14:19:58,914 [main] DEBUG balancer.ContainerBalancerTask (ContainerBalancerTask.java:matchSourceWithTarget(717)) - ContainerBalancer could not find a suitable target for source node c5c85e31-a19b-4272-a22a-e6cb0cee2697.
2023-09-07 14:19:58,916 [main] DEBUG balancer.ContainerBalancerTask (ContainerBalancerTask.java:matchSourceWithTarget(708)) - ContainerBalancer is finding suitable target for source datanode 248ac389-ea7e-46b0-9205-df1e39f8f0b0
2023-09-07 14:19:58,916 [main] INFO  balancer.FindTargetGreedyByUsageInfo (AbstractFindTargetGreedy.java:findTargetForContainerMove(133)) - Container Balancer could not find a target for source datanode 248ac389-ea7e-46b0-9205-df1e39f8f0b0
2023-09-07 14:19:58,917 [main] DEBUG balancer.ContainerBalancerTask (ContainerBalancerTask.java:matchSourceWithTarget(717)) - ContainerBalancer could not find a suitable target for source node 248ac389-ea7e-46b0-9205-df1e39f8f0b0.
2023-09-07 14:19:58,919 [main] DEBUG balancer.ContainerBalancerTask (ContainerBalancerTask.java:matchSourceWithTarget(708)) - ContainerBalancer is finding suitable target for source datanode 421584f2-e4cc-47d8-8aed-944c88f08bcd
2023-09-07 14:19:58,919 [main] INFO  balancer.FindTargetGreedyByUsageInfo (AbstractFindTargetGreedy.java:findTargetForContainerMove(133)) - Container Balancer could not find a target for source datanode 421584f2-e4cc-47d8-8aed-944c88f08bcd
2023-09-07 14:19:58,919 [main] DEBUG balancer.ContainerBalancerTask (ContainerBalancerTask.java:matchSourceWithTarget(717)) - ContainerBalancer could not find a suitable target for source node 421584f2-e4cc-47d8-8aed-944c88f08bcd.
2023-09-07 14:19:58,919 [main] INFO  balancer.FindSourceGreedy (FindSourceGreedy.java:getNextCandidateSourceDataNode(126)) - no more candidate source data node
2023-09-07 14:19:58,920 [main] INFO  balancer.ContainerBalancerTask (ContainerBalancerTask.java:checkIterationMoveResults(642)) - Iteration Summary. Number of Datanodes involved: 3. Size moved: 15 GB (16106127360 Bytes). Number of Container moves completed: 3.
2023-09-07 14:19:58,920 [main] INFO  balancer.ContainerBalancerTask (ContainerBalancerTask.java:balance(259)) - Result of this iteration of Container Balancer: ITERATION_COMPLETED
2023-09-07 14:19:58,920 [main] INFO  balancer.ContainerBalancerTask (ContainerBalancerTask.java:tryStopWithSaveConfiguration(308)) - Save Configuration for stopping. Reason: Completed all iterations.
2023-09-07 14:19:58,920 [main] DEBUG balancer.ContainerBalancerTask (ContainerBalancerTask.java:initializeIteration(374)) - Average utilization of the cluster is 0.3421445052540577
2023-09-07 14:19:58,921 [main] DEBUG balancer.ContainerBalancerTask (ContainerBalancerTask.java:initializeIteration(386)) - Lower limit for utilization is -0.07709415676557907 and Upper limit for utilization is 0.7613831672736945
2023-09-07 14:19:58,921 [main] DEBUG balancer.ContainerBalancerTask (ContainerBalancerTask.java:initializeIteration(398)) - Utilization for node c5c85e31-a19b-4272-a22a-e6cb0cee2697 with capacity 63231462968B, used 56908316672B, and remaining 6323146296B is 0.9000000000126519
2023-09-07 14:19:58,921 [main] DEBUG balancer.ContainerBalancerTask (ContainerBalancerTask.java:initializeIteration(398)) - Utilization for node 248ac389-ea7e-46b0-9205-df1e39f8f0b0 with capacity 60397977600B, used 48318382080B, and remaining 12079595520B is 0.8
2023-09-07 14:19:58,921 [main] DEBUG balancer.ContainerBalancerTask (ContainerBalancerTask.java:initializeIteration(398)) - Utilization for node 421584f2-e4cc-47d8-8aed-944c88f08bcd with capacity 67492343222B, used 47244640256B, and remaining 20247702966B is 0.7000000000088898
2023-09-07 14:19:58,921 [main] DEBUG balancer.ContainerBalancerTask (ContainerBalancerTask.java:initializeIteration(398)) - Utilization for node 77dfbcba-6605-4fdc-8d0e-9fe202378cb7 with capacity 69793218560B, used 41875931136B, and remaining 27917287424B is 0.6
2023-09-07 14:19:58,921 [main] DEBUG balancer.ContainerBalancerTask (ContainerBalancerTask.java:initializeIteration(398)) - Utilization for node 5b777bfe-eb24-4b97-bd1c-28e1b122001c with capacity 85899345920B, used 42949672960B, and remaining 42949672960B is 0.5
2023-09-07 14:19:58,921 [main] DEBUG balancer.ContainerBalancerTask (ContainerBalancerTask.java:initializeIteration(398)) - Utilization for node ca939f99-ab0b-4d29-a42f-f44b56056ae7 with capacity 83214991360B, used 33285996544B, and remaining 49928994816B is 0.4
2023-09-07 14:19:58,921 [main] DEBUG balancer.ContainerBalancerTask (ContainerBalancerTask.java:initializeIteration(398)) - Utilization for node f1108a0e-23cf-44a7-85cb-287ff4c7c6ee with capacity 139586437120B, used 41875931136B, and remaining 97710505984B is 0.3
2023-09-07 14:19:58,921 [main] DEBUG balancer.ContainerBalancerTask (ContainerBalancerTask.java:initializeIteration(398)) - Utilization for node dd8ee5d2-e7f7-433c-8670-3d9c860724d2 with capacity 177167400960B, used 35433480192B, and remaining 141733920768B is 0.2
2023-09-07 14:19:58,921 [main] DEBUG balancer.ContainerBalancerTask (ContainerBalancerTask.java:initializeIteration(398)) - Utilization for node dce3138a-b1d4-4857-bfab-faeb886e2eb0 with capacity 343597383680B, used 34359738368B, and remaining 309237645312B is 0.1
2023-09-07 14:19:58,921 [main] DEBUG balancer.ContainerBalancerTask (ContainerBalancerTask.java:initializeIteration(398)) - Utilization for node 78c33e4e-d029-4a9e-a807-e422689b4b08 with capacity 26843545600B, used 0B, and remaining 26843545600B is 0.0
2023-09-07 14:19:58,921 [main] INFO  balancer.ContainerBalancerTask (ContainerBalancerTask.java:initializeIteration(447)) - Container Balancer has identified 2 Over-Utilized and 0 Under-Utilized Datanodes that need to be balanced.
2023-09-07 14:19:58,922 [main] DEBUG balancer.ContainerBalancerTask (ContainerBalancerTask.java:lambda$initializeIteration$1(453)) - Datanode localhost-98.159.20.181 c5c85e31-a19b-4272-a22a-e6cb0cee2697 is Over-Utilized.
2023-09-07 14:19:58,922 [main] DEBUG balancer.ContainerBalancerTask (ContainerBalancerTask.java:lambda$initializeIteration$1(453)) - Datanode localhost-195.53.202.168 248ac389-ea7e-46b0-9205-df1e39f8f0b0 is Over-Utilized.
2023-09-07 14:19:58,924 [main] DEBUG balancer.ContainerBalancerTask (ContainerBalancerTask.java:matchSourceWithTarget(708)) - ContainerBalancer is finding suitable target for source datanode c5c85e31-a19b-4272-a22a-e6cb0cee2697
2023-09-07 14:19:58,924 [main] INFO  balancer.FindTargetGreedyByUsageInfo (AbstractFindTargetGreedy.java:findTargetForContainerMove(133)) - Container Balancer could not find a target for source datanode c5c85e31-a19b-4272-a22a-e6cb0cee2697
2023-09-07 14:19:58,924 [main] DEBUG balancer.ContainerBalancerTask (ContainerBalancerTask.java:matchSourceWithTarget(717)) - ContainerBalancer could not find a suitable target for source node c5c85e31-a19b-4272-a22a-e6cb0cee2697.
2023-09-07 14:19:58,926 [main] DEBUG balancer.ContainerBalancerTask (ContainerBalancerTask.java:matchSourceWithTarget(708)) - ContainerBalancer is finding suitable target for source datanode 248ac389-ea7e-46b0-9205-df1e39f8f0b0
2023-09-07 14:19:58,926 [main] INFO  balancer.FindTargetGreedyByUsageInfo (AbstractFindTargetGreedy.java:findTargetForContainerMove(133)) - Container Balancer could not find a target for source datanode 248ac389-ea7e-46b0-9205-df1e39f8f0b0
2023-09-07 14:19:58,926 [main] DEBUG balancer.ContainerBalancerTask (ContainerBalancerTask.java:matchSourceWithTarget(717)) - ContainerBalancer could not find a suitable target for source node 248ac389-ea7e-46b0-9205-df1e39f8f0b0.
2023-09-07 14:19:58,926 [main] INFO  balancer.FindSourceGreedy (FindSourceGreedy.java:getNextCandidateSourceDataNode(126)) - no more candidate source data node
2023-09-07 14:19:58,927 [main] INFO  balancer.ContainerBalancerTask (ContainerBalancerTask.java:balance(259)) - Result of this iteration of Container Balancer: CAN_NOT_BALANCE_ANY_MORE
2023-09-07 14:19:58,927 [main] INFO  balancer.ContainerBalancerTask (ContainerBalancerTask.java:tryStopWithSaveConfiguration(308)) - Save Configuration for stopping. Reason: CAN_NOT_BALANCE_ANY_MORE
2023-09-07 14:19:58,927 [main] DEBUG balancer.ContainerBalancerTask (ContainerBalancerTask.java:initializeIteration(374)) - Average utilization of the cluster is 0.3421445052540577
2023-09-07 14:19:58,927 [main] DEBUG balancer.ContainerBalancerTask (ContainerBalancerTask.java:initializeIteration(386)) - Lower limit for utilization is -0.5974709495977506 and Upper limit for utilization is 1.281759960105866
2023-09-07 14:19:58,927 [main] DEBUG balancer.ContainerBalancerTask (ContainerBalancerTask.java:initializeIteration(398)) - Utilization for node c5c85e31-a19b-4272-a22a-e6cb0cee2697 with capacity 63231462968B, used 56908316672B, and remaining 6323146296B is 0.9000000000126519
2023-09-07 14:19:58,928 [main] DEBUG balancer.ContainerBalancerTask (ContainerBalancerTask.java:initializeIteration(398)) - Utilization for node 248ac389-ea7e-46b0-9205-df1e39f8f0b0 with capacity 60397977600B, used 48318382080B, and remaining 12079595520B is 0.8
2023-09-07 14:19:58,928 [main] DEBUG balancer.ContainerBalancerTask (ContainerBalancerTask.java:initializeIteration(398)) - Utilization for node 421584f2-e4cc-47d8-8aed-944c88f08bcd with capacity 67492343222B, used 47244640256B, and remaining 20247702966B is 0.7000000000088898
2023-09-07 14:19:58,928 [main] DEBUG balancer.ContainerBalancerTask (ContainerBalancerTask.java:initializeIteration(398)) - Utilization for node 77dfbcba-6605-4fdc-8d0e-9fe202378cb7 with capacity 69793218560B, used 41875931136B, and remaining 27917287424B is 0.6
2023-09-07 14:19:58,928 [main] DEBUG balancer.ContainerBalancerTask (ContainerBalancerTask.java:initializeIteration(398)) - Utilization for node 5b777bfe-eb24-4b97-bd1c-28e1b122001c with capacity 85899345920B, used 42949672960B, and remaining 42949672960B is 0.5
2023-09-07 14:19:58,928 [main] DEBUG balancer.ContainerBalancerTask (ContainerBalancerTask.java:initializeIteration(398)) - Utilization for node ca939f99-ab0b-4d29-a42f-f44b56056ae7 with capacity 83214991360B, used 33285996544B, and remaining 49928994816B is 0.4
2023-09-07 14:19:58,928 [main] DEBUG balancer.ContainerBalancerTask (ContainerBalancerTask.java:initializeIteration(398)) - Utilization for node f1108a0e-23cf-44a7-85cb-287ff4c7c6ee with capacity 139586437120B, used 41875931136B, and remaining 97710505984B is 0.3
2023-09-07 14:19:58,928 [main] DEBUG balancer.ContainerBalancerTask (ContainerBalancerTask.java:initializeIteration(398)) - Utilization for node dd8ee5d2-e7f7-433c-8670-3d9c860724d2 with capacity 177167400960B, used 35433480192B, and remaining 141733920768B is 0.2
2023-09-07 14:19:58,928 [main] DEBUG balancer.ContainerBalancerTask (ContainerBalancerTask.java:initializeIteration(398)) - Utilization for node dce3138a-b1d4-4857-bfab-faeb886e2eb0 with capacity 343597383680B, used 34359738368B, and remaining 309237645312B is 0.1
2023-09-07 14:19:58,928 [main] DEBUG balancer.ContainerBalancerTask (ContainerBalancerTask.java:initializeIteration(398)) - Utilization for node 78c33e4e-d029-4a9e-a807-e422689b4b08 with capacity 26843545600B, used 0B, and remaining 26843545600B is 0.0
2023-09-07 14:19:58,928 [main] INFO  balancer.ContainerBalancerTask (ContainerBalancerTask.java:initializeIteration(443)) - Did not find any unbalanced Datanodes.
2023-09-07 14:19:58,928 [main] INFO  balancer.ContainerBalancerTask (ContainerBalancerTask.java:tryStopWithSaveConfiguration(308)) - Save Configuration for stopping. Reason: Could not initialize ContainerBalancer's iteration number 0
2023-09-07 14:19:58,929 [main] DEBUG balancer.ContainerBalancerTask (ContainerBalancerTask.java:initializeIteration(374)) - Average utilization of the cluster is 0.3421445052540577
2023-09-07 14:19:58,929 [main] DEBUG balancer.ContainerBalancerTask (ContainerBalancerTask.java:initializeIteration(386)) - Lower limit for utilization is -0.1470825952666498 and Upper limit for utilization is 0.8313716057747652
2023-09-07 14:19:58,929 [main] DEBUG balancer.ContainerBalancerTask (ContainerBalancerTask.java:initializeIteration(398)) - Utilization for node c5c85e31-a19b-4272-a22a-e6cb0cee2697 with capacity 63231462968B, used 56908316672B, and remaining 6323146296B is 0.9000000000126519
2023-09-07 14:19:58,929 [main] DEBUG balancer.ContainerBalancerTask (ContainerBalancerTask.java:initializeIteration(398)) - Utilization for node 248ac389-ea7e-46b0-9205-df1e39f8f0b0 with capacity 60397977600B, used 48318382080B, and remaining 12079595520B is 0.8
2023-09-07 14:19:58,929 [main] DEBUG balancer.ContainerBalancerTask (ContainerBalancerTask.java:initializeIteration(398)) - Utilization for node 421584f2-e4cc-47d8-8aed-944c88f08bcd with capacity 67492343222B, used 47244640256B, and remaining 20247702966B is 0.7000000000088898
2023-09-07 14:19:58,929 [main] DEBUG balancer.ContainerBalancerTask (ContainerBalancerTask.java:initializeIteration(398)) - Utilization for node 77dfbcba-6605-4fdc-8d0e-9fe202378cb7 with capacity 69793218560B, used 41875931136B, and remaining 27917287424B is 0.6
2023-09-07 14:19:58,929 [main] DEBUG balancer.ContainerBalancerTask (ContainerBalancerTask.java:initializeIteration(398)) - Utilization for node 5b777bfe-eb24-4b97-bd1c-28e1b122001c with capacity 85899345920B, used 42949672960B, and remaining 42949672960B is 0.5
2023-09-07 14:19:58,931 [main] DEBUG balancer.ContainerBalancerTask (ContainerBalancerTask.java:initializeIteration(398)) - Utilization for node ca939f99-ab0b-4d29-a42f-f44b56056ae7 with capacity 83214991360B, used 33285996544B, and remaining 49928994816B is 0.4
2023-09-07 14:19:58,932 [main] DEBUG balancer.ContainerBalancerTask (ContainerBalancerTask.java:initializeIteration(398)) - Utilization for node f1108a0e-23cf-44a7-85cb-287ff4c7c6ee with capacity 139586437120B, used 41875931136B, and remaining 97710505984B is 0.3
2023-09-07 14:19:58,932 [main] DEBUG balancer.ContainerBalancerTask (ContainerBalancerTask.java:initializeIteration(398)) - Utilization for node dd8ee5d2-e7f7-433c-8670-3d9c860724d2 with capacity 177167400960B, used 35433480192B, and remaining 141733920768B is 0.2
2023-09-07 14:19:58,932 [main] DEBUG balancer.ContainerBalancerTask (ContainerBalancerTask.java:initializeIteration(398)) - Utilization for node dce3138a-b1d4-4857-bfab-faeb886e2eb0 with capacity 343597383680B, used 34359738368B, and remaining 309237645312B is 0.1
2023-09-07 14:19:58,932 [main] DEBUG balancer.ContainerBalancerTask (ContainerBalancerTask.java:initializeIteration(398)) - Utilization for node 78c33e4e-d029-4a9e-a807-e422689b4b08 with capacity 26843545600B, used 0B, and remaining 26843545600B is 0.0
2023-09-07 14:19:58,932 [main] INFO  balancer.ContainerBalancerTask (ContainerBalancerTask.java:initializeIteration(447)) - Container Balancer has identified 1 Over-Utilized and 0 Under-Utilized Datanodes that need to be balanced.
2023-09-07 14:19:58,932 [main] DEBUG balancer.ContainerBalancerTask (ContainerBalancerTask.java:lambda$initializeIteration$1(453)) - Datanode localhost-98.159.20.181 c5c85e31-a19b-4272-a22a-e6cb0cee2697 is Over-Utilized.
2023-09-07 14:19:58,934 [main] DEBUG balancer.ContainerBalancerTask (ContainerBalancerTask.java:matchSourceWithTarget(708)) - ContainerBalancer is finding suitable target for source datanode c5c85e31-a19b-4272-a22a-e6cb0cee2697
2023-09-07 14:19:58,934 [main] INFO  balancer.FindTargetGreedyByUsageInfo (AbstractFindTargetGreedy.java:findTargetForContainerMove(133)) - Container Balancer could not find a target for source datanode c5c85e31-a19b-4272-a22a-e6cb0cee2697
2023-09-07 14:19:58,935 [main] DEBUG balancer.ContainerBalancerTask (ContainerBalancerTask.java:matchSourceWithTarget(717)) - ContainerBalancer could not find a suitable target for source node c5c85e31-a19b-4272-a22a-e6cb0cee2697.
2023-09-07 14:19:58,935 [main] INFO  balancer.FindSourceGreedy (FindSourceGreedy.java:getNextCandidateSourceDataNode(126)) - no more candidate source data node
2023-09-07 14:19:58,935 [main] INFO  balancer.ContainerBalancerTask (ContainerBalancerTask.java:balance(259)) - Result of this iteration of Container Balancer: CAN_NOT_BALANCE_ANY_MORE
2023-09-07 14:19:58,935 [main] INFO  balancer.ContainerBalancerTask (ContainerBalancerTask.java:tryStopWithSaveConfiguration(308)) - Save Configuration for stopping. Reason: CAN_NOT_BALANCE_ANY_MORE
2023-09-07 14:19:58,935 [main] DEBUG balancer.ContainerBalancerTask (ContainerBalancerTask.java:initializeIteration(374)) - Average utilization of the cluster is 0.3421445052540577
2023-09-07 14:19:58,936 [main] DEBUG balancer.ContainerBalancerTask (ContainerBalancerTask.java:initializeIteration(386)) - Lower limit for utilization is -0.13433721970489731 and Upper limit for utilization is 0.8186262302130127
2023-09-07 14:19:58,936 [main] DEBUG balancer.ContainerBalancerTask (ContainerBalancerTask.java:initializeIteration(398)) - Utilization for node c5c85e31-a19b-4272-a22a-e6cb0cee2697 with capacity 63231462968B, used 56908316672B, and remaining 6323146296B is 0.9000000000126519
2023-09-07 14:19:58,936 [main] DEBUG balancer.ContainerBalancerTask (ContainerBalancerTask.java:initializeIteration(398)) - Utilization for node 248ac389-ea7e-46b0-9205-df1e39f8f0b0 with capacity 60397977600B, used 48318382080B, and remaining 12079595520B is 0.8
2023-09-07 14:19:58,936 [main] DEBUG balancer.ContainerBalancerTask (ContainerBalancerTask.java:initializeIteration(398)) - Utilization for node 421584f2-e4cc-47d8-8aed-944c88f08bcd with capacity 67492343222B, used 47244640256B, and remaining 20247702966B is 0.7000000000088898
2023-09-07 14:19:58,936 [main] DEBUG balancer.ContainerBalancerTask (ContainerBalancerTask.java:initializeIteration(398)) - Utilization for node 77dfbcba-6605-4fdc-8d0e-9fe202378cb7 with capacity 69793218560B, used 41875931136B, and remaining 27917287424B is 0.6
2023-09-07 14:19:58,936 [main] DEBUG balancer.ContainerBalancerTask (ContainerBalancerTask.java:initializeIteration(398)) - Utilization for node 5b777bfe-eb24-4b97-bd1c-28e1b122001c with capacity 85899345920B, used 42949672960B, and remaining 42949672960B is 0.5
2023-09-07 14:19:58,936 [main] DEBUG balancer.ContainerBalancerTask (ContainerBalancerTask.java:initializeIteration(398)) - Utilization for node ca939f99-ab0b-4d29-a42f-f44b56056ae7 with capacity 83214991360B, used 33285996544B, and remaining 49928994816B is 0.4
2023-09-07 14:19:58,936 [main] DEBUG balancer.ContainerBalancerTask (ContainerBalancerTask.java:initializeIteration(398)) - Utilization for node f1108a0e-23cf-44a7-85cb-287ff4c7c6ee with capacity 139586437120B, used 41875931136B, and remaining 97710505984B is 0.3
2023-09-07 14:19:58,936 [main] DEBUG balancer.ContainerBalancerTask (ContainerBalancerTask.java:initializeIteration(398)) - Utilization for node dd8ee5d2-e7f7-433c-8670-3d9c860724d2 with capacity 177167400960B, used 35433480192B, and remaining 141733920768B is 0.2
2023-09-07 14:19:58,936 [main] DEBUG balancer.ContainerBalancerTask (ContainerBalancerTask.java:initializeIteration(398)) - Utilization for node dce3138a-b1d4-4857-bfab-faeb886e2eb0 with capacity 343597383680B, used 34359738368B, and remaining 309237645312B is 0.1
2023-09-07 14:19:58,936 [main] DEBUG balancer.ContainerBalancerTask (ContainerBalancerTask.java:initializeIteration(398)) - Utilization for node 78c33e4e-d029-4a9e-a807-e422689b4b08 with capacity 26843545600B, used 0B, and remaining 26843545600B is 0.0
2023-09-07 14:19:58,936 [main] INFO  balancer.ContainerBalancerTask (ContainerBalancerTask.java:initializeIteration(447)) - Container Balancer has identified 1 Over-Utilized and 0 Under-Utilized Datanodes that need to be balanced.
2023-09-07 14:19:58,936 [main] DEBUG balancer.ContainerBalancerTask (ContainerBalancerTask.java:lambda$initializeIteration$1(453)) - Datanode localhost-98.159.20.181 c5c85e31-a19b-4272-a22a-e6cb0cee2697 is Over-Utilized.
2023-09-07 14:19:58,939 [main] DEBUG balancer.ContainerBalancerTask (ContainerBalancerTask.java:matchSourceWithTarget(708)) - ContainerBalancer is finding suitable target for source datanode c5c85e31-a19b-4272-a22a-e6cb0cee2697
2023-09-07 14:19:58,939 [main] INFO  balancer.FindTargetGreedyByUsageInfo (AbstractFindTargetGreedy.java:findTargetForContainerMove(133)) - Container Balancer could not find a target for source datanode c5c85e31-a19b-4272-a22a-e6cb0cee2697
2023-09-07 14:19:58,939 [main] DEBUG balancer.ContainerBalancerTask (ContainerBalancerTask.java:matchSourceWithTarget(717)) - ContainerBalancer could not find a suitable target for source node c5c85e31-a19b-4272-a22a-e6cb0cee2697.
2023-09-07 14:19:58,939 [main] INFO  balancer.FindSourceGreedy (FindSourceGreedy.java:getNextCandidateSourceDataNode(126)) - no more candidate source data node
2023-09-07 14:19:58,939 [main] INFO  balancer.ContainerBalancerTask (ContainerBalancerTask.java:balance(259)) - Result of this iteration of Container Balancer: CAN_NOT_BALANCE_ANY_MORE
2023-09-07 14:19:58,939 [main] INFO  balancer.ContainerBalancerTask (ContainerBalancerTask.java:tryStopWithSaveConfiguration(308)) - Save Configuration for stopping. Reason: CAN_NOT_BALANCE_ANY_MORE
2023-09-07 14:19:58,940 [main] DEBUG balancer.ContainerBalancerTask (ContainerBalancerTask.java:initializeIteration(374)) - Average utilization of the cluster is 0.3421445052540577
2023-09-07 14:19:58,940 [main] DEBUG balancer.ContainerBalancerTask (ContainerBalancerTask.java:initializeIteration(386)) - Lower limit for utilization is 0.19748460600531514 and Upper limit for utilization is 0.48680440450280027
2023-09-07 14:19:58,940 [main] DEBUG balancer.ContainerBalancerTask (ContainerBalancerTask.java:initializeIteration(398)) - Utilization for node c5c85e31-a19b-4272-a22a-e6cb0cee2697 with capacity 63231462968B, used 56908316672B, and remaining 6323146296B is 0.9000000000126519
2023-09-07 14:19:58,940 [main] DEBUG balancer.ContainerBalancerTask (ContainerBalancerTask.java:initializeIteration(398)) - Utilization for node 248ac389-ea7e-46b0-9205-df1e39f8f0b0 with capacity 60397977600B, used 48318382080B, and remaining 12079595520B is 0.8
2023-09-07 14:19:58,940 [main] DEBUG balancer.ContainerBalancerTask (ContainerBalancerTask.java:initializeIteration(398)) - Utilization for node 421584f2-e4cc-47d8-8aed-944c88f08bcd with capacity 67492343222B, used 47244640256B, and remaining 20247702966B is 0.7000000000088898
2023-09-07 14:19:58,940 [main] DEBUG balancer.ContainerBalancerTask (ContainerBalancerTask.java:initializeIteration(398)) - Utilization for node 77dfbcba-6605-4fdc-8d0e-9fe202378cb7 with capacity 69793218560B, used 41875931136B, and remaining 27917287424B is 0.6
2023-09-07 14:19:58,940 [main] DEBUG balancer.ContainerBalancerTask (ContainerBalancerTask.java:initializeIteration(398)) - Utilization for node 5b777bfe-eb24-4b97-bd1c-28e1b122001c with capacity 85899345920B, used 42949672960B, and remaining 42949672960B is 0.5
2023-09-07 14:19:58,940 [main] DEBUG balancer.ContainerBalancerTask (ContainerBalancerTask.java:initializeIteration(398)) - Utilization for node ca939f99-ab0b-4d29-a42f-f44b56056ae7 with capacity 83214991360B, used 33285996544B, and remaining 49928994816B is 0.4
2023-09-07 14:19:58,940 [main] DEBUG balancer.ContainerBalancerTask (ContainerBalancerTask.java:initializeIteration(398)) - Utilization for node f1108a0e-23cf-44a7-85cb-287ff4c7c6ee with capacity 139586437120B, used 41875931136B, and remaining 97710505984B is 0.3
2023-09-07 14:19:58,941 [main] DEBUG balancer.ContainerBalancerTask (ContainerBalancerTask.java:initializeIteration(398)) - Utilization for node dd8ee5d2-e7f7-433c-8670-3d9c860724d2 with capacity 177167400960B, used 35433480192B, and remaining 141733920768B is 0.2
2023-09-07 14:19:58,941 [main] DEBUG balancer.ContainerBalancerTask (ContainerBalancerTask.java:initializeIteration(398)) - Utilization for node dce3138a-b1d4-4857-bfab-faeb886e2eb0 with capacity 343597383680B, used 34359738368B, and remaining 309237645312B is 0.1
2023-09-07 14:19:58,941 [main] DEBUG balancer.ContainerBalancerTask (ContainerBalancerTask.java:initializeIteration(398)) - Utilization for node 78c33e4e-d029-4a9e-a807-e422689b4b08 with capacity 26843545600B, used 0B, and remaining 26843545600B is 0.0
2023-09-07 14:19:58,941 [main] INFO  balancer.ContainerBalancerTask (ContainerBalancerTask.java:initializeIteration(447)) - Container Balancer has identified 5 Over-Utilized and 2 Under-Utilized Datanodes that need to be balanced.
2023-09-07 14:19:58,941 [main] DEBUG balancer.ContainerBalancerTask (ContainerBalancerTask.java:lambda$initializeIteration$1(453)) - Datanode localhost-98.159.20.181 c5c85e31-a19b-4272-a22a-e6cb0cee2697 is Over-Utilized.
2023-09-07 14:19:58,941 [main] DEBUG balancer.ContainerBalancerTask (ContainerBalancerTask.java:lambda$initializeIteration$1(453)) - Datanode localhost-195.53.202.168 248ac389-ea7e-46b0-9205-df1e39f8f0b0 is Over-Utilized.
2023-09-07 14:19:58,941 [main] DEBUG balancer.ContainerBalancerTask (ContainerBalancerTask.java:lambda$initializeIteration$1(453)) - Datanode localhost-130.14.218.10 421584f2-e4cc-47d8-8aed-944c88f08bcd is Over-Utilized.
2023-09-07 14:19:58,941 [main] DEBUG balancer.ContainerBalancerTask (ContainerBalancerTask.java:lambda$initializeIteration$1(453)) - Datanode localhost-129.122.164.149 77dfbcba-6605-4fdc-8d0e-9fe202378cb7 is Over-Utilized.
2023-09-07 14:19:58,941 [main] DEBUG balancer.ContainerBalancerTask (ContainerBalancerTask.java:lambda$initializeIteration$1(453)) - Datanode localhost-48.199.75.188 5b777bfe-eb24-4b97-bd1c-28e1b122001c is Over-Utilized.
2023-09-07 14:19:58,941 [main] DEBUG balancer.ContainerBalancerTask (ContainerBalancerTask.java:lambda$initializeIteration$2(459)) - Datanode localhost-61.34.16.17 78c33e4e-d029-4a9e-a807-e422689b4b08 is Under-Utilized.
2023-09-07 14:19:58,941 [main] DEBUG balancer.ContainerBalancerTask (ContainerBalancerTask.java:lambda$initializeIteration$2(459)) - Datanode localhost-151.238.238.245 dce3138a-b1d4-4857-bfab-faeb886e2eb0 is Under-Utilized.
2023-09-07 14:19:58,944 [main] DEBUG balancer.ContainerBalancerTask (ContainerBalancerTask.java:matchSourceWithTarget(708)) - ContainerBalancer is finding suitable target for source datanode c5c85e31-a19b-4272-a22a-e6cb0cee2697
2023-09-07 14:19:58,944 [main] INFO  balancer.ContainerBalancerTask (ContainerBalancerTask.java:matchSourceWithTarget(722)) - ContainerBalancer matched source datanode c5c85e31-a19b-4272-a22a-e6cb0cee2697 with target datanode 78c33e4e-d029-4a9e-a807-e422689b4b08 for container move.
2023-09-07 14:19:58,944 [main] INFO  balancer.ContainerBalancerTask (ContainerBalancerTask.java:processMoveSelection(569)) - ContainerBalancer is trying to move container #85 with size 5368709120B from source datanode c5c85e31-a19b-4272-a22a-e6cb0cee2697 to target datanode 78c33e4e-d029-4a9e-a807-e422689b4b08
2023-09-07 14:19:58,944 [main] DEBUG balancer.ContainerBalancerTask (ContainerBalancerTask.java:lambda$moveContainer$3(837)) - Container move completed for container #85 from source c5c85e31-a19b-4272-a22a-e6cb0cee2697 to target 78c33e4e-d029-4a9e-a807-e422689b4b08
2023-09-07 14:19:58,947 [main] DEBUG balancer.ContainerBalancerTask (ContainerBalancerTask.java:matchSourceWithTarget(708)) - ContainerBalancer is finding suitable target for source datanode c5c85e31-a19b-4272-a22a-e6cb0cee2697
2023-09-07 14:19:58,947 [main] INFO  balancer.ContainerBalancerTask (ContainerBalancerTask.java:matchSourceWithTarget(722)) - ContainerBalancer matched source datanode c5c85e31-a19b-4272-a22a-e6cb0cee2697 with target datanode dce3138a-b1d4-4857-bfab-faeb886e2eb0 for container move.
2023-09-07 14:19:58,947 [main] INFO  balancer.ContainerBalancerTask (ContainerBalancerTask.java:processMoveSelection(569)) - ContainerBalancer is trying to move container #68 with size 5368709120B from source datanode c5c85e31-a19b-4272-a22a-e6cb0cee2697 to target datanode dce3138a-b1d4-4857-bfab-faeb886e2eb0
2023-09-07 14:19:58,947 [main] DEBUG balancer.ContainerBalancerTask (ContainerBalancerTask.java:lambda$moveContainer$3(837)) - Container move completed for container #68 from source c5c85e31-a19b-4272-a22a-e6cb0cee2697 to target dce3138a-b1d4-4857-bfab-faeb886e2eb0
2023-09-07 14:19:58,949 [main] DEBUG balancer.ContainerBalancerTask (ContainerBalancerTask.java:matchSourceWithTarget(708)) - ContainerBalancer is finding suitable target for source datanode 248ac389-ea7e-46b0-9205-df1e39f8f0b0
2023-09-07 14:19:58,949 [main] INFO  balancer.ContainerBalancerTask (ContainerBalancerTask.java:matchSourceWithTarget(722)) - ContainerBalancer matched source datanode 248ac389-ea7e-46b0-9205-df1e39f8f0b0 with target datanode dce3138a-b1d4-4857-bfab-faeb886e2eb0 for container move.
2023-09-07 14:19:58,949 [main] INFO  balancer.ContainerBalancerTask (ContainerBalancerTask.java:processMoveSelection(569)) - ContainerBalancer is trying to move container #29 with size 5368709120B from source datanode 248ac389-ea7e-46b0-9205-df1e39f8f0b0 to target datanode dce3138a-b1d4-4857-bfab-faeb886e2eb0
2023-09-07 14:19:58,949 [main] DEBUG balancer.ContainerBalancerTask (ContainerBalancerTask.java:lambda$moveContainer$3(837)) - Container move completed for container #29 from source 248ac389-ea7e-46b0-9205-df1e39f8f0b0 to target dce3138a-b1d4-4857-bfab-faeb886e2eb0
2023-09-07 14:19:58,952 [main] DEBUG balancer.ContainerBalancerTask (ContainerBalancerTask.java:matchSourceWithTarget(708)) - ContainerBalancer is finding suitable target for source datanode c5c85e31-a19b-4272-a22a-e6cb0cee2697
2023-09-07 14:19:58,952 [main] INFO  balancer.ContainerBalancerTask (ContainerBalancerTask.java:matchSourceWithTarget(722)) - ContainerBalancer matched source datanode c5c85e31-a19b-4272-a22a-e6cb0cee2697 with target datanode dce3138a-b1d4-4857-bfab-faeb886e2eb0 for container move.
2023-09-07 14:19:58,952 [main] INFO  balancer.ContainerBalancerTask (ContainerBalancerTask.java:processMoveSelection(569)) - ContainerBalancer is trying to move container #89 with size 4294967296B from source datanode c5c85e31-a19b-4272-a22a-e6cb0cee2697 to target datanode dce3138a-b1d4-4857-bfab-faeb886e2eb0
2023-09-07 14:19:58,952 [main] DEBUG balancer.ContainerBalancerTask (ContainerBalancerTask.java:lambda$moveContainer$3(837)) - Container move completed for container #89 from source c5c85e31-a19b-4272-a22a-e6cb0cee2697 to target dce3138a-b1d4-4857-bfab-faeb886e2eb0
2023-09-07 14:19:58,954 [main] DEBUG balancer.ContainerBalancerTask (ContainerBalancerTask.java:matchSourceWithTarget(708)) - ContainerBalancer is finding suitable target for source datanode 248ac389-ea7e-46b0-9205-df1e39f8f0b0
2023-09-07 14:19:58,955 [main] INFO  balancer.ContainerBalancerTask (ContainerBalancerTask.java:matchSourceWithTarget(722)) - ContainerBalancer matched source datanode 248ac389-ea7e-46b0-9205-df1e39f8f0b0 with target datanode dce3138a-b1d4-4857-bfab-faeb886e2eb0 for container move.
2023-09-07 14:19:58,955 [main] INFO  balancer.ContainerBalancerTask (ContainerBalancerTask.java:processMoveSelection(569)) - ContainerBalancer is trying to move container #67 with size 4294967296B from source datanode 248ac389-ea7e-46b0-9205-df1e39f8f0b0 to target datanode dce3138a-b1d4-4857-bfab-faeb886e2eb0
2023-09-07 14:19:58,955 [main] DEBUG balancer.ContainerBalancerTask (ContainerBalancerTask.java:lambda$moveContainer$3(837)) - Container move completed for container #67 from source 248ac389-ea7e-46b0-9205-df1e39f8f0b0 to target dce3138a-b1d4-4857-bfab-faeb886e2eb0
2023-09-07 14:19:58,957 [main] DEBUG balancer.ContainerBalancerTask (ContainerBalancerTask.java:matchSourceWithTarget(708)) - ContainerBalancer is finding suitable target for source datanode 421584f2-e4cc-47d8-8aed-944c88f08bcd
2023-09-07 14:19:58,957 [main] INFO  balancer.ContainerBalancerTask (ContainerBalancerTask.java:matchSourceWithTarget(722)) - ContainerBalancer matched source datanode 421584f2-e4cc-47d8-8aed-944c88f08bcd with target datanode dce3138a-b1d4-4857-bfab-faeb886e2eb0 for container move.
2023-09-07 14:19:58,957 [main] INFO  balancer.ContainerBalancerTask (ContainerBalancerTask.java:processMoveSelection(569)) - ContainerBalancer is trying to move container #53 with size 5368709120B from source datanode 421584f2-e4cc-47d8-8aed-944c88f08bcd to target datanode dce3138a-b1d4-4857-bfab-faeb886e2eb0
2023-09-07 14:19:58,957 [main] DEBUG balancer.ContainerBalancerTask (ContainerBalancerTask.java:lambda$moveContainer$3(837)) - Container move completed for container #53 from source 421584f2-e4cc-47d8-8aed-944c88f08bcd to target dce3138a-b1d4-4857-bfab-faeb886e2eb0
2023-09-07 14:19:58,960 [main] DEBUG balancer.ContainerBalancerTask (ContainerBalancerTask.java:matchSourceWithTarget(708)) - ContainerBalancer is finding suitable target for source datanode c5c85e31-a19b-4272-a22a-e6cb0cee2697
2023-09-07 14:19:58,960 [main] INFO  balancer.ContainerBalancerTask (ContainerBalancerTask.java:matchSourceWithTarget(722)) - ContainerBalancer matched source datanode c5c85e31-a19b-4272-a22a-e6cb0cee2697 with target datanode dce3138a-b1d4-4857-bfab-faeb886e2eb0 for container move.
2023-09-07 14:19:58,960 [main] INFO  balancer.ContainerBalancerTask (ContainerBalancerTask.java:processMoveSelection(569)) - ContainerBalancer is trying to move container #84 with size 4294967296B from source datanode c5c85e31-a19b-4272-a22a-e6cb0cee2697 to target datanode dce3138a-b1d4-4857-bfab-faeb886e2eb0
2023-09-07 14:19:58,960 [main] DEBUG balancer.ContainerBalancerTask (ContainerBalancerTask.java:lambda$moveContainer$3(837)) - Container move completed for container #84 from source c5c85e31-a19b-4272-a22a-e6cb0cee2697 to target dce3138a-b1d4-4857-bfab-faeb886e2eb0
2023-09-07 14:19:58,963 [main] DEBUG balancer.ContainerBalancerTask (ContainerBalancerTask.java:matchSourceWithTarget(708)) - ContainerBalancer is finding suitable target for source datanode 248ac389-ea7e-46b0-9205-df1e39f8f0b0
2023-09-07 14:19:58,963 [main] INFO  balancer.ContainerBalancerTask (ContainerBalancerTask.java:matchSourceWithTarget(722)) - ContainerBalancer matched source datanode 248ac389-ea7e-46b0-9205-df1e39f8f0b0 with target datanode dce3138a-b1d4-4857-bfab-faeb886e2eb0 for container move.
2023-09-07 14:19:58,963 [main] INFO  balancer.ContainerBalancerTask (ContainerBalancerTask.java:processMoveSelection(569)) - ContainerBalancer is trying to move container #66 with size 3221225472B from source datanode 248ac389-ea7e-46b0-9205-df1e39f8f0b0 to target datanode dce3138a-b1d4-4857-bfab-faeb886e2eb0
2023-09-07 14:19:58,963 [main] DEBUG balancer.ContainerBalancerTask (ContainerBalancerTask.java:lambda$moveContainer$3(837)) - Container move completed for container #66 from source 248ac389-ea7e-46b0-9205-df1e39f8f0b0 to target dce3138a-b1d4-4857-bfab-faeb886e2eb0
2023-09-07 14:19:58,965 [main] DEBUG balancer.ContainerBalancerTask (ContainerBalancerTask.java:matchSourceWithTarget(708)) - ContainerBalancer is finding suitable target for source datanode 421584f2-e4cc-47d8-8aed-944c88f08bcd
2023-09-07 14:19:58,965 [main] INFO  balancer.ContainerBalancerTask (ContainerBalancerTask.java:matchSourceWithTarget(722)) - ContainerBalancer matched source datanode 421584f2-e4cc-47d8-8aed-944c88f08bcd with target datanode dce3138a-b1d4-4857-bfab-faeb886e2eb0 for container move.
2023-09-07 14:19:58,966 [main] INFO  balancer.ContainerBalancerTask (ContainerBalancerTask.java:processMoveSelection(569)) - ContainerBalancer is trying to move container #52 with size 4294967296B from source datanode 421584f2-e4cc-47d8-8aed-944c88f08bcd to target datanode dce3138a-b1d4-4857-bfab-faeb886e2eb0
2023-09-07 14:19:58,966 [main] DEBUG balancer.ContainerBalancerTask (ContainerBalancerTask.java:lambda$moveContainer$3(837)) - Container move completed for container #52 from source 421584f2-e4cc-47d8-8aed-944c88f08bcd to target dce3138a-b1d4-4857-bfab-faeb886e2eb0
2023-09-07 14:19:58,968 [main] DEBUG balancer.ContainerBalancerTask (ContainerBalancerTask.java:matchSourceWithTarget(708)) - ContainerBalancer is finding suitable target for source datanode 77dfbcba-6605-4fdc-8d0e-9fe202378cb7
2023-09-07 14:19:58,968 [main] INFO  balancer.ContainerBalancerTask (ContainerBalancerTask.java:matchSourceWithTarget(722)) - ContainerBalancer matched source datanode 77dfbcba-6605-4fdc-8d0e-9fe202378cb7 with target datanode 78c33e4e-d029-4a9e-a807-e422689b4b08 for container move.
2023-09-07 14:19:58,968 [main] INFO  balancer.ContainerBalancerTask (ContainerBalancerTask.java:processMoveSelection(569)) - ContainerBalancer is trying to move container #40 with size 5368709120B from source datanode 77dfbcba-6605-4fdc-8d0e-9fe202378cb7 to target datanode 78c33e4e-d029-4a9e-a807-e422689b4b08
2023-09-07 14:19:58,968 [main] DEBUG balancer.ContainerBalancerTask (ContainerBalancerTask.java:lambda$moveContainer$3(837)) - Container move completed for container #40 from source 77dfbcba-6605-4fdc-8d0e-9fe202378cb7 to target 78c33e4e-d029-4a9e-a807-e422689b4b08
2023-09-07 14:19:58,971 [main] DEBUG balancer.ContainerBalancerTask (ContainerBalancerTask.java:matchSourceWithTarget(708)) - ContainerBalancer is finding suitable target for source datanode c5c85e31-a19b-4272-a22a-e6cb0cee2697
2023-09-07 14:19:58,971 [main] INFO  balancer.ContainerBalancerTask (ContainerBalancerTask.java:matchSourceWithTarget(722)) - ContainerBalancer matched source datanode c5c85e31-a19b-4272-a22a-e6cb0cee2697 with target datanode dce3138a-b1d4-4857-bfab-faeb886e2eb0 for container move.
2023-09-07 14:19:58,972 [main] INFO  balancer.ContainerBalancerTask (ContainerBalancerTask.java:processMoveSelection(569)) - ContainerBalancer is trying to move container #88 with size 3221225472B from source datanode c5c85e31-a19b-4272-a22a-e6cb0cee2697 to target datanode dce3138a-b1d4-4857-bfab-faeb886e2eb0
2023-09-07 14:19:58,972 [main] DEBUG balancer.ContainerBalancerTask (ContainerBalancerTask.java:lambda$moveContainer$3(837)) - Container move completed for container #88 from source c5c85e31-a19b-4272-a22a-e6cb0cee2697 to target dce3138a-b1d4-4857-bfab-faeb886e2eb0
2023-09-07 14:19:58,974 [main] DEBUG balancer.ContainerBalancerTask (ContainerBalancerTask.java:matchSourceWithTarget(708)) - ContainerBalancer is finding suitable target for source datanode 248ac389-ea7e-46b0-9205-df1e39f8f0b0
2023-09-07 14:19:58,974 [main] INFO  balancer.ContainerBalancerTask (ContainerBalancerTask.java:matchSourceWithTarget(722)) - ContainerBalancer matched source datanode 248ac389-ea7e-46b0-9205-df1e39f8f0b0 with target datanode dce3138a-b1d4-4857-bfab-faeb886e2eb0 for container move.
2023-09-07 14:19:58,974 [main] INFO  balancer.ContainerBalancerTask (ContainerBalancerTask.java:processMoveSelection(569)) - ContainerBalancer is trying to move container #11 with size 3221225472B from source datanode 248ac389-ea7e-46b0-9205-df1e39f8f0b0 to target datanode dce3138a-b1d4-4857-bfab-faeb886e2eb0
2023-09-07 14:19:58,975 [main] DEBUG balancer.ContainerBalancerTask (ContainerBalancerTask.java:lambda$moveContainer$3(837)) - Container move completed for container #11 from source 248ac389-ea7e-46b0-9205-df1e39f8f0b0 to target dce3138a-b1d4-4857-bfab-faeb886e2eb0
2023-09-07 14:19:58,975 [main] WARN  balancer.ContainerBalancerTask (ContainerBalancerTask.java:reachedMaxSizeToMovePerIteration(733)) - Reached max size to move limit. 53687091200 bytes have already been scheduled for balancing and the limit is 53687091200 bytes.
2023-09-07 14:19:58,975 [main] INFO  balancer.ContainerBalancerTask (ContainerBalancerTask.java:checkIterationMoveResults(642)) - Iteration Summary. Number of Datanodes involved: 6. Size moved: 50 GB (53687091200 Bytes). Number of Container moves completed: 12.
2023-09-07 14:19:58,975 [main] INFO  balancer.ContainerBalancerTask (ContainerBalancerTask.java:balance(259)) - Result of this iteration of Container Balancer: ITERATION_COMPLETED
2023-09-07 14:19:58,975 [main] INFO  balancer.ContainerBalancerTask (ContainerBalancerTask.java:tryStopWithSaveConfiguration(308)) - Save Configuration for stopping. Reason: Completed all iterations.
2023-09-07 14:19:58,976 [main] DEBUG balancer.ContainerBalancerTask (ContainerBalancerTask.java:initializeIteration(374)) - Average utilization of the cluster is 0.3421445052540577
2023-09-07 14:19:58,976 [main] DEBUG balancer.ContainerBalancerTask (ContainerBalancerTask.java:initializeIteration(386)) - Lower limit for utilization is 0.2835400833844419 and Upper limit for utilization is 0.4007489271236735
2023-09-07 14:19:58,976 [main] DEBUG balancer.ContainerBalancerTask (ContainerBalancerTask.java:initializeIteration(398)) - Utilization for node c5c85e31-a19b-4272-a22a-e6cb0cee2697 with capacity 63231462968B, used 56908316672B, and remaining 6323146296B is 0.9000000000126519
2023-09-07 14:19:58,976 [main] DEBUG balancer.ContainerBalancerTask (ContainerBalancerTask.java:initializeIteration(398)) - Utilization for node 248ac389-ea7e-46b0-9205-df1e39f8f0b0 with capacity 60397977600B, used 48318382080B, and remaining 12079595520B is 0.8
2023-09-07 14:19:58,976 [main] DEBUG balancer.ContainerBalancerTask (ContainerBalancerTask.java:initializeIteration(398)) - Utilization for node 421584f2-e4cc-47d8-8aed-944c88f08bcd with capacity 67492343222B, used 47244640256B, and remaining 20247702966B is 0.7000000000088898
2023-09-07 14:19:58,976 [main] DEBUG balancer.ContainerBalancerTask (ContainerBalancerTask.java:initializeIteration(398)) - Utilization for node 77dfbcba-6605-4fdc-8d0e-9fe202378cb7 with capacity 69793218560B, used 41875931136B, and remaining 27917287424B is 0.6
2023-09-07 14:19:58,976 [main] DEBUG balancer.ContainerBalancerTask (ContainerBalancerTask.java:initializeIteration(398)) - Utilization for node 5b777bfe-eb24-4b97-bd1c-28e1b122001c with capacity 85899345920B, used 42949672960B, and remaining 42949672960B is 0.5
2023-09-07 14:19:58,976 [main] DEBUG balancer.ContainerBalancerTask (ContainerBalancerTask.java:initializeIteration(398)) - Utilization for node ca939f99-ab0b-4d29-a42f-f44b56056ae7 with capacity 83214991360B, used 33285996544B, and remaining 49928994816B is 0.4
2023-09-07 14:19:58,976 [main] DEBUG balancer.ContainerBalancerTask (ContainerBalancerTask.java:initializeIteration(398)) - Utilization for node f1108a0e-23cf-44a7-85cb-287ff4c7c6ee with capacity 139586437120B, used 41875931136B, and remaining 97710505984B is 0.3
2023-09-07 14:19:58,976 [main] DEBUG balancer.ContainerBalancerTask (ContainerBalancerTask.java:initializeIteration(398)) - Utilization for node dd8ee5d2-e7f7-433c-8670-3d9c860724d2 with capacity 177167400960B, used 35433480192B, and remaining 141733920768B is 0.2
2023-09-07 14:19:58,976 [main] DEBUG balancer.ContainerBalancerTask (ContainerBalancerTask.java:initializeIteration(398)) - Utilization for node dce3138a-b1d4-4857-bfab-faeb886e2eb0 with capacity 343597383680B, used 34359738368B, and remaining 309237645312B is 0.1
2023-09-07 14:19:58,977 [main] DEBUG balancer.ContainerBalancerTask (ContainerBalancerTask.java:initializeIteration(398)) - Utilization for node 78c33e4e-d029-4a9e-a807-e422689b4b08 with capacity 26843545600B, used 0B, and remaining 26843545600B is 0.0
2023-09-07 14:19:58,977 [main] INFO  balancer.ContainerBalancerTask (ContainerBalancerTask.java:initializeIteration(447)) - Container Balancer has identified 5 Over-Utilized and 3 Under-Utilized Datanodes that need to be balanced.
2023-09-07 14:19:58,977 [main] DEBUG balancer.ContainerBalancerTask (ContainerBalancerTask.java:lambda$initializeIteration$1(453)) - Datanode localhost-98.159.20.181 c5c85e31-a19b-4272-a22a-e6cb0cee2697 is Over-Utilized.
2023-09-07 14:19:58,977 [main] DEBUG balancer.ContainerBalancerTask (ContainerBalancerTask.java:lambda$initializeIteration$1(453)) - Datanode localhost-195.53.202.168 248ac389-ea7e-46b0-9205-df1e39f8f0b0 is Over-Utilized.
2023-09-07 14:19:58,977 [main] DEBUG balancer.ContainerBalancerTask (ContainerBalancerTask.java:lambda$initializeIteration$1(453)) - Datanode localhost-130.14.218.10 421584f2-e4cc-47d8-8aed-944c88f08bcd is Over-Utilized.
2023-09-07 14:19:58,977 [main] DEBUG balancer.ContainerBalancerTask (ContainerBalancerTask.java:lambda$initializeIteration$1(453)) - Datanode localhost-129.122.164.149 77dfbcba-6605-4fdc-8d0e-9fe202378cb7 is Over-Utilized.
2023-09-07 14:19:58,977 [main] DEBUG balancer.ContainerBalancerTask (ContainerBalancerTask.java:lambda$initializeIteration$1(453)) - Datanode localhost-48.199.75.188 5b777bfe-eb24-4b97-bd1c-28e1b122001c is Over-Utilized.
2023-09-07 14:19:58,977 [main] DEBUG balancer.ContainerBalancerTask (ContainerBalancerTask.java:lambda$initializeIteration$2(459)) - Datanode localhost-61.34.16.17 78c33e4e-d029-4a9e-a807-e422689b4b08 is Under-Utilized.
2023-09-07 14:19:58,977 [main] DEBUG balancer.ContainerBalancerTask (ContainerBalancerTask.java:lambda$initializeIteration$2(459)) - Datanode localhost-151.238.238.245 dce3138a-b1d4-4857-bfab-faeb886e2eb0 is Under-Utilized.
2023-09-07 14:19:58,977 [main] DEBUG balancer.ContainerBalancerTask (ContainerBalancerTask.java:lambda$initializeIteration$2(459)) - Datanode localhost-77.205.48.120 dd8ee5d2-e7f7-433c-8670-3d9c860724d2 is Under-Utilized.
2023-09-07 14:19:58,980 [main] DEBUG balancer.ContainerBalancerTask (ContainerBalancerTask.java:matchSourceWithTarget(708)) - ContainerBalancer is finding suitable target for source datanode c5c85e31-a19b-4272-a22a-e6cb0cee2697
2023-09-07 14:19:58,980 [main] INFO  balancer.ContainerBalancerTask (ContainerBalancerTask.java:matchSourceWithTarget(722)) - ContainerBalancer matched source datanode c5c85e31-a19b-4272-a22a-e6cb0cee2697 with target datanode 78c33e4e-d029-4a9e-a807-e422689b4b08 for container move.
2023-09-07 14:19:58,980 [main] INFO  balancer.ContainerBalancerTask (ContainerBalancerTask.java:processMoveSelection(569)) - ContainerBalancer is trying to move container #85 with size 5368709120B from source datanode c5c85e31-a19b-4272-a22a-e6cb0cee2697 to target datanode 78c33e4e-d029-4a9e-a807-e422689b4b08
2023-09-07 14:19:58,980 [main] DEBUG balancer.ContainerBalancerTask (ContainerBalancerTask.java:lambda$moveContainer$3(837)) - Container move completed for container #85 from source c5c85e31-a19b-4272-a22a-e6cb0cee2697 to target 78c33e4e-d029-4a9e-a807-e422689b4b08
2023-09-07 14:19:58,982 [main] DEBUG balancer.ContainerBalancerTask (ContainerBalancerTask.java:matchSourceWithTarget(708)) - ContainerBalancer is finding suitable target for source datanode c5c85e31-a19b-4272-a22a-e6cb0cee2697
2023-09-07 14:19:58,983 [main] INFO  balancer.ContainerBalancerTask (ContainerBalancerTask.java:matchSourceWithTarget(722)) - ContainerBalancer matched source datanode c5c85e31-a19b-4272-a22a-e6cb0cee2697 with target datanode dce3138a-b1d4-4857-bfab-faeb886e2eb0 for container move.
2023-09-07 14:19:58,983 [main] INFO  balancer.ContainerBalancerTask (ContainerBalancerTask.java:processMoveSelection(569)) - ContainerBalancer is trying to move container #68 with size 5368709120B from source datanode c5c85e31-a19b-4272-a22a-e6cb0cee2697 to target datanode dce3138a-b1d4-4857-bfab-faeb886e2eb0
2023-09-07 14:19:58,983 [main] DEBUG balancer.ContainerBalancerTask (ContainerBalancerTask.java:lambda$moveContainer$3(837)) - Container move completed for container #68 from source c5c85e31-a19b-4272-a22a-e6cb0cee2697 to target dce3138a-b1d4-4857-bfab-faeb886e2eb0
2023-09-07 14:19:58,985 [main] DEBUG balancer.ContainerBalancerTask (ContainerBalancerTask.java:matchSourceWithTarget(708)) - ContainerBalancer is finding suitable target for source datanode 248ac389-ea7e-46b0-9205-df1e39f8f0b0
2023-09-07 14:19:58,985 [main] INFO  balancer.ContainerBalancerTask (ContainerBalancerTask.java:matchSourceWithTarget(722)) - ContainerBalancer matched source datanode 248ac389-ea7e-46b0-9205-df1e39f8f0b0 with target datanode dce3138a-b1d4-4857-bfab-faeb886e2eb0 for container move.
2023-09-07 14:19:58,985 [main] INFO  balancer.ContainerBalancerTask (ContainerBalancerTask.java:processMoveSelection(569)) - ContainerBalancer is trying to move container #29 with size 5368709120B from source datanode 248ac389-ea7e-46b0-9205-df1e39f8f0b0 to target datanode dce3138a-b1d4-4857-bfab-faeb886e2eb0
2023-09-07 14:19:58,985 [main] DEBUG balancer.ContainerBalancerTask (ContainerBalancerTask.java:lambda$moveContainer$3(837)) - Container move completed for container #29 from source 248ac389-ea7e-46b0-9205-df1e39f8f0b0 to target dce3138a-b1d4-4857-bfab-faeb886e2eb0
2023-09-07 14:19:58,988 [main] DEBUG balancer.ContainerBalancerTask (ContainerBalancerTask.java:matchSourceWithTarget(708)) - ContainerBalancer is finding suitable target for source datanode c5c85e31-a19b-4272-a22a-e6cb0cee2697
2023-09-07 14:19:58,988 [main] INFO  balancer.ContainerBalancerTask (ContainerBalancerTask.java:matchSourceWithTarget(722)) - ContainerBalancer matched source datanode c5c85e31-a19b-4272-a22a-e6cb0cee2697 with target datanode dce3138a-b1d4-4857-bfab-faeb886e2eb0 for container move.
2023-09-07 14:19:58,988 [main] INFO  balancer.ContainerBalancerTask (ContainerBalancerTask.java:processMoveSelection(569)) - ContainerBalancer is trying to move container #89 with size 4294967296B from source datanode c5c85e31-a19b-4272-a22a-e6cb0cee2697 to target datanode dce3138a-b1d4-4857-bfab-faeb886e2eb0
2023-09-07 14:19:58,988 [main] DEBUG balancer.ContainerBalancerTask (ContainerBalancerTask.java:lambda$moveContainer$3(837)) - Container move completed for container #89 from source c5c85e31-a19b-4272-a22a-e6cb0cee2697 to target dce3138a-b1d4-4857-bfab-faeb886e2eb0
2023-09-07 14:19:58,990 [main] DEBUG balancer.ContainerBalancerTask (ContainerBalancerTask.java:matchSourceWithTarget(708)) - ContainerBalancer is finding suitable target for source datanode 248ac389-ea7e-46b0-9205-df1e39f8f0b0
2023-09-07 14:19:58,991 [main] INFO  balancer.ContainerBalancerTask (ContainerBalancerTask.java:matchSourceWithTarget(722)) - ContainerBalancer matched source datanode 248ac389-ea7e-46b0-9205-df1e39f8f0b0 with target datanode dce3138a-b1d4-4857-bfab-faeb886e2eb0 for container move.
2023-09-07 14:19:58,991 [main] INFO  balancer.ContainerBalancerTask (ContainerBalancerTask.java:processMoveSelection(569)) - ContainerBalancer is trying to move container #67 with size 4294967296B from source datanode 248ac389-ea7e-46b0-9205-df1e39f8f0b0 to target datanode dce3138a-b1d4-4857-bfab-faeb886e2eb0
2023-09-07 14:19:58,991 [main] DEBUG balancer.ContainerBalancerTask (ContainerBalancerTask.java:lambda$moveContainer$3(837)) - Container move completed for container #67 from source 248ac389-ea7e-46b0-9205-df1e39f8f0b0 to target dce3138a-b1d4-4857-bfab-faeb886e2eb0
2023-09-07 14:19:58,993 [main] DEBUG balancer.ContainerBalancerTask (ContainerBalancerTask.java:matchSourceWithTarget(708)) - ContainerBalancer is finding suitable target for source datanode 421584f2-e4cc-47d8-8aed-944c88f08bcd
2023-09-07 14:19:58,993 [main] INFO  balancer.ContainerBalancerTask (ContainerBalancerTask.java:matchSourceWithTarget(722)) - ContainerBalancer matched source datanode 421584f2-e4cc-47d8-8aed-944c88f08bcd with target datanode dce3138a-b1d4-4857-bfab-faeb886e2eb0 for container move.
2023-09-07 14:19:58,993 [main] INFO  balancer.ContainerBalancerTask (ContainerBalancerTask.java:processMoveSelection(569)) - ContainerBalancer is trying to move container #53 with size 5368709120B from source datanode 421584f2-e4cc-47d8-8aed-944c88f08bcd to target datanode dce3138a-b1d4-4857-bfab-faeb886e2eb0
2023-09-07 14:19:58,993 [main] DEBUG balancer.ContainerBalancerTask (ContainerBalancerTask.java:lambda$moveContainer$3(837)) - Container move completed for container #53 from source 421584f2-e4cc-47d8-8aed-944c88f08bcd to target dce3138a-b1d4-4857-bfab-faeb886e2eb0
2023-09-07 14:19:58,996 [main] DEBUG balancer.ContainerBalancerTask (ContainerBalancerTask.java:matchSourceWithTarget(708)) - ContainerBalancer is finding suitable target for source datanode c5c85e31-a19b-4272-a22a-e6cb0cee2697
2023-09-07 14:19:58,996 [main] INFO  balancer.ContainerBalancerTask (ContainerBalancerTask.java:matchSourceWithTarget(722)) - ContainerBalancer matched source datanode c5c85e31-a19b-4272-a22a-e6cb0cee2697 with target datanode dce3138a-b1d4-4857-bfab-faeb886e2eb0 for container move.
2023-09-07 14:19:58,996 [main] INFO  balancer.ContainerBalancerTask (ContainerBalancerTask.java:processMoveSelection(569)) - ContainerBalancer is trying to move container #84 with size 4294967296B from source datanode c5c85e31-a19b-4272-a22a-e6cb0cee2697 to target datanode dce3138a-b1d4-4857-bfab-faeb886e2eb0
2023-09-07 14:19:58,996 [main] DEBUG balancer.ContainerBalancerTask (ContainerBalancerTask.java:lambda$moveContainer$3(837)) - Container move completed for container #84 from source c5c85e31-a19b-4272-a22a-e6cb0cee2697 to target dce3138a-b1d4-4857-bfab-faeb886e2eb0
2023-09-07 14:19:58,999 [main] DEBUG balancer.ContainerBalancerTask (ContainerBalancerTask.java:matchSourceWithTarget(708)) - ContainerBalancer is finding suitable target for source datanode 248ac389-ea7e-46b0-9205-df1e39f8f0b0
2023-09-07 14:19:58,999 [main] INFO  balancer.ContainerBalancerTask (ContainerBalancerTask.java:matchSourceWithTarget(722)) - ContainerBalancer matched source datanode 248ac389-ea7e-46b0-9205-df1e39f8f0b0 with target datanode dce3138a-b1d4-4857-bfab-faeb886e2eb0 for container move.
2023-09-07 14:19:58,999 [main] INFO  balancer.ContainerBalancerTask (ContainerBalancerTask.java:processMoveSelection(569)) - ContainerBalancer is trying to move container #66 with size 3221225472B from source datanode 248ac389-ea7e-46b0-9205-df1e39f8f0b0 to target datanode dce3138a-b1d4-4857-bfab-faeb886e2eb0
2023-09-07 14:19:58,999 [main] DEBUG balancer.ContainerBalancerTask (ContainerBalancerTask.java:lambda$moveContainer$3(837)) - Container move completed for container #66 from source 248ac389-ea7e-46b0-9205-df1e39f8f0b0 to target dce3138a-b1d4-4857-bfab-faeb886e2eb0
2023-09-07 14:19:59,001 [main] DEBUG balancer.ContainerBalancerTask (ContainerBalancerTask.java:matchSourceWithTarget(708)) - ContainerBalancer is finding suitable target for source datanode 421584f2-e4cc-47d8-8aed-944c88f08bcd
2023-09-07 14:19:59,001 [main] INFO  balancer.ContainerBalancerTask (ContainerBalancerTask.java:matchSourceWithTarget(722)) - ContainerBalancer matched source datanode 421584f2-e4cc-47d8-8aed-944c88f08bcd with target datanode dce3138a-b1d4-4857-bfab-faeb886e2eb0 for container move.
2023-09-07 14:19:59,002 [main] INFO  balancer.ContainerBalancerTask (ContainerBalancerTask.java:processMoveSelection(569)) - ContainerBalancer is trying to move container #52 with size 4294967296B from source datanode 421584f2-e4cc-47d8-8aed-944c88f08bcd to target datanode dce3138a-b1d4-4857-bfab-faeb886e2eb0
2023-09-07 14:19:59,002 [main] DEBUG balancer.ContainerBalancerTask (ContainerBalancerTask.java:lambda$moveContainer$3(837)) - Container move completed for container #52 from source 421584f2-e4cc-47d8-8aed-944c88f08bcd to target dce3138a-b1d4-4857-bfab-faeb886e2eb0
2023-09-07 14:19:59,004 [main] DEBUG balancer.ContainerBalancerTask (ContainerBalancerTask.java:matchSourceWithTarget(708)) - ContainerBalancer is finding suitable target for source datanode 77dfbcba-6605-4fdc-8d0e-9fe202378cb7
2023-09-07 14:19:59,004 [main] INFO  balancer.ContainerBalancerTask (ContainerBalancerTask.java:matchSourceWithTarget(722)) - ContainerBalancer matched source datanode 77dfbcba-6605-4fdc-8d0e-9fe202378cb7 with target datanode dd8ee5d2-e7f7-433c-8670-3d9c860724d2 for container move.
2023-09-07 14:19:59,006 [main] INFO  balancer.ContainerBalancerTask (ContainerBalancerTask.java:processMoveSelection(569)) - ContainerBalancer is trying to move container #39 with size 4294967296B from source datanode 77dfbcba-6605-4fdc-8d0e-9fe202378cb7 to target datanode dd8ee5d2-e7f7-433c-8670-3d9c860724d2
2023-09-07 14:19:59,006 [main] DEBUG balancer.ContainerBalancerTask (ContainerBalancerTask.java:lambda$moveContainer$3(837)) - Container move completed for container #39 from source 77dfbcba-6605-4fdc-8d0e-9fe202378cb7 to target dd8ee5d2-e7f7-433c-8670-3d9c860724d2
2023-09-07 14:19:59,009 [main] DEBUG balancer.ContainerBalancerTask (ContainerBalancerTask.java:matchSourceWithTarget(708)) - ContainerBalancer is finding suitable target for source datanode c5c85e31-a19b-4272-a22a-e6cb0cee2697
2023-09-07 14:19:59,010 [main] INFO  balancer.ContainerBalancerTask (ContainerBalancerTask.java:matchSourceWithTarget(722)) - ContainerBalancer matched source datanode c5c85e31-a19b-4272-a22a-e6cb0cee2697 with target datanode 78c33e4e-d029-4a9e-a807-e422689b4b08 for container move.
2023-09-07 14:19:59,010 [main] INFO  balancer.ContainerBalancerTask (ContainerBalancerTask.java:processMoveSelection(569)) - ContainerBalancer is trying to move container #88 with size 3221225472B from source datanode c5c85e31-a19b-4272-a22a-e6cb0cee2697 to target datanode 78c33e4e-d029-4a9e-a807-e422689b4b08
2023-09-07 14:19:59,010 [main] DEBUG balancer.ContainerBalancerTask (ContainerBalancerTask.java:lambda$moveContainer$3(837)) - Container move completed for container #88 from source c5c85e31-a19b-4272-a22a-e6cb0cee2697 to target 78c33e4e-d029-4a9e-a807-e422689b4b08
2023-09-07 14:19:59,012 [main] DEBUG balancer.ContainerBalancerTask (ContainerBalancerTask.java:matchSourceWithTarget(708)) - ContainerBalancer is finding suitable target for source datanode 248ac389-ea7e-46b0-9205-df1e39f8f0b0
2023-09-07 14:19:59,012 [main] INFO  balancer.ContainerBalancerTask (ContainerBalancerTask.java:matchSourceWithTarget(722)) - ContainerBalancer matched source datanode 248ac389-ea7e-46b0-9205-df1e39f8f0b0 with target datanode dce3138a-b1d4-4857-bfab-faeb886e2eb0 for container move.
2023-09-07 14:19:59,013 [main] INFO  balancer.ContainerBalancerTask (ContainerBalancerTask.java:processMoveSelection(569)) - ContainerBalancer is trying to move container #11 with size 3221225472B from source datanode 248ac389-ea7e-46b0-9205-df1e39f8f0b0 to target datanode dce3138a-b1d4-4857-bfab-faeb886e2eb0
2023-09-07 14:19:59,013 [main] DEBUG balancer.ContainerBalancerTask (ContainerBalancerTask.java:lambda$moveContainer$3(837)) - Container move completed for container #11 from source 248ac389-ea7e-46b0-9205-df1e39f8f0b0 to target dce3138a-b1d4-4857-bfab-faeb886e2eb0
2023-09-07 14:19:59,015 [main] DEBUG balancer.ContainerBalancerTask (ContainerBalancerTask.java:matchSourceWithTarget(708)) - ContainerBalancer is finding suitable target for source datanode 421584f2-e4cc-47d8-8aed-944c88f08bcd
2023-09-07 14:19:59,015 [main] INFO  balancer.ContainerBalancerTask (ContainerBalancerTask.java:matchSourceWithTarget(722)) - ContainerBalancer matched source datanode 421584f2-e4cc-47d8-8aed-944c88f08bcd with target datanode dce3138a-b1d4-4857-bfab-faeb886e2eb0 for container move.
2023-09-07 14:19:59,015 [main] INFO  balancer.ContainerBalancerTask (ContainerBalancerTask.java:processMoveSelection(569)) - ContainerBalancer is trying to move container #49 with size 1073741824B from source datanode 421584f2-e4cc-47d8-8aed-944c88f08bcd to target datanode dce3138a-b1d4-4857-bfab-faeb886e2eb0
2023-09-07 14:19:59,016 [main] DEBUG balancer.ContainerBalancerTask (ContainerBalancerTask.java:lambda$moveContainer$3(837)) - Container move completed for container #49 from source 421584f2-e4cc-47d8-8aed-944c88f08bcd to target dce3138a-b1d4-4857-bfab-faeb886e2eb0
2023-09-07 14:19:59,016 [main] WARN  balancer.ContainerBalancerTask (ContainerBalancerTask.java:reachedMaxSizeToMovePerIteration(733)) - Reached max size to move limit. 53687091200 bytes have already been scheduled for balancing and the limit is 53687091200 bytes.
2023-09-07 14:19:59,016 [main] INFO  balancer.ContainerBalancerTask (ContainerBalancerTask.java:checkIterationMoveResults(642)) - Iteration Summary. Number of Datanodes involved: 7. Size moved: 50 GB (53687091200 Bytes). Number of Container moves completed: 13.
2023-09-07 14:19:59,016 [main] INFO  balancer.ContainerBalancerTask (ContainerBalancerTask.java:balance(259)) - Result of this iteration of Container Balancer: ITERATION_COMPLETED
2023-09-07 14:19:59,016 [main] INFO  balancer.ContainerBalancerTask (ContainerBalancerTask.java:tryStopWithSaveConfiguration(308)) - Save Configuration for stopping. Reason: Completed all iterations.
2023-09-07 14:19:59,017 [main] DEBUG balancer.ContainerBalancerTask (ContainerBalancerTask.java:initializeIteration(374)) - Average utilization of the cluster is 0.3421445052540577
2023-09-07 14:19:59,017 [main] DEBUG balancer.ContainerBalancerTask (ContainerBalancerTask.java:initializeIteration(386)) - Lower limit for utilization is -0.04846553211609961 and Upper limit for utilization is 0.732754542624215
2023-09-07 14:19:59,017 [main] DEBUG balancer.ContainerBalancerTask (ContainerBalancerTask.java:initializeIteration(398)) - Utilization for node c5c85e31-a19b-4272-a22a-e6cb0cee2697 with capacity 63231462968B, used 56908316672B, and remaining 6323146296B is 0.9000000000126519
2023-09-07 14:19:59,017 [main] DEBUG balancer.ContainerBalancerTask (ContainerBalancerTask.java:initializeIteration(398)) - Utilization for node 248ac389-ea7e-46b0-9205-df1e39f8f0b0 with capacity 60397977600B, used 48318382080B, and remaining 12079595520B is 0.8
2023-09-07 14:19:59,017 [main] DEBUG balancer.ContainerBalancerTask (ContainerBalancerTask.java:initializeIteration(398)) - Utilization for node 421584f2-e4cc-47d8-8aed-944c88f08bcd with capacity 67492343222B, used 47244640256B, and remaining 20247702966B is 0.7000000000088898
2023-09-07 14:19:59,017 [main] DEBUG balancer.ContainerBalancerTask (ContainerBalancerTask.java:initializeIteration(398)) - Utilization for node 77dfbcba-6605-4fdc-8d0e-9fe202378cb7 with capacity 69793218560B, used 41875931136B, and remaining 27917287424B is 0.6
2023-09-07 14:19:59,017 [main] DEBUG balancer.ContainerBalancerTask (ContainerBalancerTask.java:initializeIteration(398)) - Utilization for node 5b777bfe-eb24-4b97-bd1c-28e1b122001c with capacity 85899345920B, used 42949672960B, and remaining 42949672960B is 0.5
2023-09-07 14:19:59,017 [main] DEBUG balancer.ContainerBalancerTask (ContainerBalancerTask.java:initializeIteration(398)) - Utilization for node ca939f99-ab0b-4d29-a42f-f44b56056ae7 with capacity 83214991360B, used 33285996544B, and remaining 49928994816B is 0.4
2023-09-07 14:19:59,017 [main] DEBUG balancer.ContainerBalancerTask (ContainerBalancerTask.java:initializeIteration(398)) - Utilization for node f1108a0e-23cf-44a7-85cb-287ff4c7c6ee with capacity 139586437120B, used 41875931136B, and remaining 97710505984B is 0.3
2023-09-07 14:19:59,017 [main] DEBUG balancer.ContainerBalancerTask (ContainerBalancerTask.java:initializeIteration(398)) - Utilization for node dd8ee5d2-e7f7-433c-8670-3d9c860724d2 with capacity 177167400960B, used 35433480192B, and remaining 141733920768B is 0.2
2023-09-07 14:19:59,017 [main] DEBUG balancer.ContainerBalancerTask (ContainerBalancerTask.java:initializeIteration(398)) - Utilization for node dce3138a-b1d4-4857-bfab-faeb886e2eb0 with capacity 343597383680B, used 34359738368B, and remaining 309237645312B is 0.1
2023-09-07 14:19:59,018 [main] DEBUG balancer.ContainerBalancerTask (ContainerBalancerTask.java:initializeIteration(398)) - Utilization for node 78c33e4e-d029-4a9e-a807-e422689b4b08 with capacity 26843545600B, used 0B, and remaining 26843545600B is 0.0
2023-09-07 14:19:59,018 [main] INFO  balancer.ContainerBalancerTask (ContainerBalancerTask.java:initializeIteration(447)) - Container Balancer has identified 2 Over-Utilized and 0 Under-Utilized Datanodes that need to be balanced.
2023-09-07 14:19:59,018 [main] DEBUG balancer.ContainerBalancerTask (ContainerBalancerTask.java:lambda$initializeIteration$1(453)) - Datanode localhost-98.159.20.181 c5c85e31-a19b-4272-a22a-e6cb0cee2697 is Over-Utilized.
2023-09-07 14:19:59,018 [main] DEBUG balancer.ContainerBalancerTask (ContainerBalancerTask.java:lambda$initializeIteration$1(453)) - Datanode localhost-195.53.202.168 248ac389-ea7e-46b0-9205-df1e39f8f0b0 is Over-Utilized.
2023-09-07 14:19:59,020 [main] DEBUG balancer.ContainerBalancerTask (ContainerBalancerTask.java:matchSourceWithTarget(708)) - ContainerBalancer is finding suitable target for source datanode c5c85e31-a19b-4272-a22a-e6cb0cee2697
2023-09-07 14:19:59,020 [main] INFO  balancer.FindTargetGreedyByUsageInfo (AbstractFindTargetGreedy.java:findTargetForContainerMove(133)) - Container Balancer could not find a target for source datanode c5c85e31-a19b-4272-a22a-e6cb0cee2697
2023-09-07 14:19:59,020 [main] DEBUG balancer.ContainerBalancerTask (ContainerBalancerTask.java:matchSourceWithTarget(717)) - ContainerBalancer could not find a suitable target for source node c5c85e31-a19b-4272-a22a-e6cb0cee2697.
2023-09-07 14:19:59,022 [main] DEBUG balancer.ContainerBalancerTask (ContainerBalancerTask.java:matchSourceWithTarget(708)) - ContainerBalancer is finding suitable target for source datanode 248ac389-ea7e-46b0-9205-df1e39f8f0b0
2023-09-07 14:19:59,022 [main] INFO  balancer.FindTargetGreedyByUsageInfo (AbstractFindTargetGreedy.java:findTargetForContainerMove(133)) - Container Balancer could not find a target for source datanode 248ac389-ea7e-46b0-9205-df1e39f8f0b0
2023-09-07 14:19:59,023 [main] DEBUG balancer.ContainerBalancerTask (ContainerBalancerTask.java:matchSourceWithTarget(717)) - ContainerBalancer could not find a suitable target for source node 248ac389-ea7e-46b0-9205-df1e39f8f0b0.
2023-09-07 14:19:59,023 [main] INFO  balancer.FindSourceGreedy (FindSourceGreedy.java:getNextCandidateSourceDataNode(126)) - no more candidate source data node
2023-09-07 14:19:59,023 [main] INFO  balancer.ContainerBalancerTask (ContainerBalancerTask.java:balance(259)) - Result of this iteration of Container Balancer: CAN_NOT_BALANCE_ANY_MORE
2023-09-07 14:19:59,023 [main] INFO  balancer.ContainerBalancerTask (ContainerBalancerTask.java:tryStopWithSaveConfiguration(308)) - Save Configuration for stopping. Reason: CAN_NOT_BALANCE_ANY_MORE
2023-09-07 14:19:59,023 [main] DEBUG balancer.ContainerBalancerTask (ContainerBalancerTask.java:initializeIteration(374)) - Average utilization of the cluster is 0.3421445052540577
2023-09-07 14:19:59,024 [main] DEBUG balancer.ContainerBalancerTask (ContainerBalancerTask.java:initializeIteration(386)) - Lower limit for utilization is -0.48105995506486043 and Upper limit for utilization is 1.1653489655729758
2023-09-07 14:19:59,024 [main] DEBUG balancer.ContainerBalancerTask (ContainerBalancerTask.java:initializeIteration(398)) - Utilization for node c5c85e31-a19b-4272-a22a-e6cb0cee2697 with capacity 63231462968B, used 56908316672B, and remaining 6323146296B is 0.9000000000126519
2023-09-07 14:19:59,024 [main] DEBUG balancer.ContainerBalancerTask (ContainerBalancerTask.java:initializeIteration(398)) - Utilization for node 248ac389-ea7e-46b0-9205-df1e39f8f0b0 with capacity 60397977600B, used 48318382080B, and remaining 12079595520B is 0.8
2023-09-07 14:19:59,024 [main] DEBUG balancer.ContainerBalancerTask (ContainerBalancerTask.java:initializeIteration(398)) - Utilization for node 421584f2-e4cc-47d8-8aed-944c88f08bcd with capacity 67492343222B, used 47244640256B, and remaining 20247702966B is 0.7000000000088898
2023-09-07 14:19:59,024 [main] DEBUG balancer.ContainerBalancerTask (ContainerBalancerTask.java:initializeIteration(398)) - Utilization for node 77dfbcba-6605-4fdc-8d0e-9fe202378cb7 with capacity 69793218560B, used 41875931136B, and remaining 27917287424B is 0.6
2023-09-07 14:19:59,024 [main] DEBUG balancer.ContainerBalancerTask (ContainerBalancerTask.java:initializeIteration(398)) - Utilization for node 5b777bfe-eb24-4b97-bd1c-28e1b122001c with capacity 85899345920B, used 42949672960B, and remaining 42949672960B is 0.5
2023-09-07 14:19:59,024 [main] DEBUG balancer.ContainerBalancerTask (ContainerBalancerTask.java:initializeIteration(398)) - Utilization for node ca939f99-ab0b-4d29-a42f-f44b56056ae7 with capacity 83214991360B, used 33285996544B, and remaining 49928994816B is 0.4
2023-09-07 14:19:59,024 [main] DEBUG balancer.ContainerBalancerTask (ContainerBalancerTask.java:initializeIteration(398)) - Utilization for node f1108a0e-23cf-44a7-85cb-287ff4c7c6ee with capacity 139586437120B, used 41875931136B, and remaining 97710505984B is 0.3
2023-09-07 14:19:59,024 [main] DEBUG balancer.ContainerBalancerTask (ContainerBalancerTask.java:initializeIteration(398)) - Utilization for node dd8ee5d2-e7f7-433c-8670-3d9c860724d2 with capacity 177167400960B, used 35433480192B, and remaining 141733920768B is 0.2
2023-09-07 14:19:59,024 [main] DEBUG balancer.ContainerBalancerTask (ContainerBalancerTask.java:initializeIteration(398)) - Utilization for node dce3138a-b1d4-4857-bfab-faeb886e2eb0 with capacity 343597383680B, used 34359738368B, and remaining 309237645312B is 0.1
2023-09-07 14:19:59,024 [main] DEBUG balancer.ContainerBalancerTask (ContainerBalancerTask.java:initializeIteration(398)) - Utilization for node 78c33e4e-d029-4a9e-a807-e422689b4b08 with capacity 26843545600B, used 0B, and remaining 26843545600B is 0.0
2023-09-07 14:19:59,024 [main] INFO  balancer.ContainerBalancerTask (ContainerBalancerTask.java:initializeIteration(443)) - Did not find any unbalanced Datanodes.
2023-09-07 14:19:59,024 [main] INFO  balancer.ContainerBalancerTask (ContainerBalancerTask.java:tryStopWithSaveConfiguration(308)) - Save Configuration for stopping. Reason: Could not initialize ContainerBalancer's iteration number 0
2023-09-07 14:19:59,025 [main] DEBUG balancer.ContainerBalancerTask (ContainerBalancerTask.java:initializeIteration(374)) - Average utilization of the cluster is 0.3421445052540577
2023-09-07 14:19:59,025 [main] DEBUG balancer.ContainerBalancerTask (ContainerBalancerTask.java:initializeIteration(386)) - Lower limit for utilization is 0.27965832275257996 and Upper limit for utilization is 0.40463068775553546
2023-09-07 14:19:59,025 [main] DEBUG balancer.ContainerBalancerTask (ContainerBalancerTask.java:initializeIteration(398)) - Utilization for node c5c85e31-a19b-4272-a22a-e6cb0cee2697 with capacity 63231462968B, used 56908316672B, and remaining 6323146296B is 0.9000000000126519
2023-09-07 14:19:59,025 [main] DEBUG balancer.ContainerBalancerTask (ContainerBalancerTask.java:initializeIteration(398)) - Utilization for node 248ac389-ea7e-46b0-9205-df1e39f8f0b0 with capacity 60397977600B, used 48318382080B, and remaining 12079595520B is 0.8
2023-09-07 14:19:59,025 [main] DEBUG balancer.ContainerBalancerTask (ContainerBalancerTask.java:initializeIteration(398)) - Utilization for node 421584f2-e4cc-47d8-8aed-944c88f08bcd with capacity 67492343222B, used 47244640256B, and remaining 20247702966B is 0.7000000000088898
2023-09-07 14:19:59,025 [main] DEBUG balancer.ContainerBalancerTask (ContainerBalancerTask.java:initializeIteration(398)) - Utilization for node 77dfbcba-6605-4fdc-8d0e-9fe202378cb7 with capacity 69793218560B, used 41875931136B, and remaining 27917287424B is 0.6
2023-09-07 14:19:59,026 [main] DEBUG balancer.ContainerBalancerTask (ContainerBalancerTask.java:initializeIteration(398)) - Utilization for node 5b777bfe-eb24-4b97-bd1c-28e1b122001c with capacity 85899345920B, used 42949672960B, and remaining 42949672960B is 0.5
2023-09-07 14:19:59,026 [main] DEBUG balancer.ContainerBalancerTask (ContainerBalancerTask.java:initializeIteration(398)) - Utilization for node ca939f99-ab0b-4d29-a42f-f44b56056ae7 with capacity 83214991360B, used 33285996544B, and remaining 49928994816B is 0.4
2023-09-07 14:19:59,026 [main] DEBUG balancer.ContainerBalancerTask (ContainerBalancerTask.java:initializeIteration(398)) - Utilization for node f1108a0e-23cf-44a7-85cb-287ff4c7c6ee with capacity 139586437120B, used 41875931136B, and remaining 97710505984B is 0.3
2023-09-07 14:19:59,026 [main] DEBUG balancer.ContainerBalancerTask (ContainerBalancerTask.java:initializeIteration(398)) - Utilization for node dd8ee5d2-e7f7-433c-8670-3d9c860724d2 with capacity 177167400960B, used 35433480192B, and remaining 141733920768B is 0.2
2023-09-07 14:19:59,026 [main] DEBUG balancer.ContainerBalancerTask (ContainerBalancerTask.java:initializeIteration(398)) - Utilization for node dce3138a-b1d4-4857-bfab-faeb886e2eb0 with capacity 343597383680B, used 34359738368B, and remaining 309237645312B is 0.1
2023-09-07 14:19:59,026 [main] DEBUG balancer.ContainerBalancerTask (ContainerBalancerTask.java:initializeIteration(398)) - Utilization for node 78c33e4e-d029-4a9e-a807-e422689b4b08 with capacity 26843545600B, used 0B, and remaining 26843545600B is 0.0
2023-09-07 14:19:59,026 [main] INFO  balancer.ContainerBalancerTask (ContainerBalancerTask.java:initializeIteration(447)) - Container Balancer has identified 5 Over-Utilized and 3 Under-Utilized Datanodes that need to be balanced.
2023-09-07 14:19:59,026 [main] DEBUG balancer.ContainerBalancerTask (ContainerBalancerTask.java:lambda$initializeIteration$1(453)) - Datanode localhost-98.159.20.181 c5c85e31-a19b-4272-a22a-e6cb0cee2697 is Over-Utilized.
2023-09-07 14:19:59,026 [main] DEBUG balancer.ContainerBalancerTask (ContainerBalancerTask.java:lambda$initializeIteration$1(453)) - Datanode localhost-195.53.202.168 248ac389-ea7e-46b0-9205-df1e39f8f0b0 is Over-Utilized.
2023-09-07 14:19:59,026 [main] DEBUG balancer.ContainerBalancerTask (ContainerBalancerTask.java:lambda$initializeIteration$1(453)) - Datanode localhost-130.14.218.10 421584f2-e4cc-47d8-8aed-944c88f08bcd is Over-Utilized.
2023-09-07 14:19:59,026 [main] DEBUG balancer.ContainerBalancerTask (ContainerBalancerTask.java:lambda$initializeIteration$1(453)) - Datanode localhost-129.122.164.149 77dfbcba-6605-4fdc-8d0e-9fe202378cb7 is Over-Utilized.
2023-09-07 14:19:59,026 [main] DEBUG balancer.ContainerBalancerTask (ContainerBalancerTask.java:lambda$initializeIteration$1(453)) - Datanode localhost-48.199.75.188 5b777bfe-eb24-4b97-bd1c-28e1b122001c is Over-Utilized.
2023-09-07 14:19:59,026 [main] DEBUG balancer.ContainerBalancerTask (ContainerBalancerTask.java:lambda$initializeIteration$2(459)) - Datanode localhost-61.34.16.17 78c33e4e-d029-4a9e-a807-e422689b4b08 is Under-Utilized.
2023-09-07 14:19:59,027 [main] DEBUG balancer.ContainerBalancerTask (ContainerBalancerTask.java:lambda$initializeIteration$2(459)) - Datanode localhost-151.238.238.245 dce3138a-b1d4-4857-bfab-faeb886e2eb0 is Under-Utilized.
2023-09-07 14:19:59,027 [main] DEBUG balancer.ContainerBalancerTask (ContainerBalancerTask.java:lambda$initializeIteration$2(459)) - Datanode localhost-77.205.48.120 dd8ee5d2-e7f7-433c-8670-3d9c860724d2 is Under-Utilized.
2023-09-07 14:19:59,029 [main] DEBUG balancer.ContainerBalancerTask (ContainerBalancerTask.java:matchSourceWithTarget(708)) - ContainerBalancer is finding suitable target for source datanode c5c85e31-a19b-4272-a22a-e6cb0cee2697
2023-09-07 14:19:59,029 [main] INFO  balancer.ContainerBalancerTask (ContainerBalancerTask.java:matchSourceWithTarget(722)) - ContainerBalancer matched source datanode c5c85e31-a19b-4272-a22a-e6cb0cee2697 with target datanode 78c33e4e-d029-4a9e-a807-e422689b4b08 for container move.
2023-09-07 14:19:59,029 [main] INFO  balancer.ContainerBalancerTask (ContainerBalancerTask.java:processMoveSelection(569)) - ContainerBalancer is trying to move container #85 with size 5368709120B from source datanode c5c85e31-a19b-4272-a22a-e6cb0cee2697 to target datanode 78c33e4e-d029-4a9e-a807-e422689b4b08
2023-09-07 14:19:59,029 [main] DEBUG balancer.ContainerBalancerTask (ContainerBalancerTask.java:lambda$moveContainer$3(837)) - Container move completed for container #85 from source c5c85e31-a19b-4272-a22a-e6cb0cee2697 to target 78c33e4e-d029-4a9e-a807-e422689b4b08
2023-09-07 14:19:59,032 [main] DEBUG balancer.ContainerBalancerTask (ContainerBalancerTask.java:matchSourceWithTarget(708)) - ContainerBalancer is finding suitable target for source datanode c5c85e31-a19b-4272-a22a-e6cb0cee2697
2023-09-07 14:19:59,032 [main] INFO  balancer.ContainerBalancerTask (ContainerBalancerTask.java:matchSourceWithTarget(722)) - ContainerBalancer matched source datanode c5c85e31-a19b-4272-a22a-e6cb0cee2697 with target datanode dce3138a-b1d4-4857-bfab-faeb886e2eb0 for container move.
2023-09-07 14:19:59,032 [main] INFO  balancer.ContainerBalancerTask (ContainerBalancerTask.java:processMoveSelection(569)) - ContainerBalancer is trying to move container #68 with size 5368709120B from source datanode c5c85e31-a19b-4272-a22a-e6cb0cee2697 to target datanode dce3138a-b1d4-4857-bfab-faeb886e2eb0
2023-09-07 14:19:59,032 [main] DEBUG balancer.ContainerBalancerTask (ContainerBalancerTask.java:lambda$moveContainer$3(837)) - Container move completed for container #68 from source c5c85e31-a19b-4272-a22a-e6cb0cee2697 to target dce3138a-b1d4-4857-bfab-faeb886e2eb0
2023-09-07 14:19:59,034 [main] DEBUG balancer.ContainerBalancerTask (ContainerBalancerTask.java:matchSourceWithTarget(708)) - ContainerBalancer is finding suitable target for source datanode 248ac389-ea7e-46b0-9205-df1e39f8f0b0
2023-09-07 14:19:59,035 [main] INFO  balancer.ContainerBalancerTask (ContainerBalancerTask.java:matchSourceWithTarget(722)) - ContainerBalancer matched source datanode 248ac389-ea7e-46b0-9205-df1e39f8f0b0 with target datanode dce3138a-b1d4-4857-bfab-faeb886e2eb0 for container move.
2023-09-07 14:19:59,035 [main] INFO  balancer.ContainerBalancerTask (ContainerBalancerTask.java:processMoveSelection(569)) - ContainerBalancer is trying to move container #29 with size 5368709120B from source datanode 248ac389-ea7e-46b0-9205-df1e39f8f0b0 to target datanode dce3138a-b1d4-4857-bfab-faeb886e2eb0
2023-09-07 14:19:59,035 [main] DEBUG balancer.ContainerBalancerTask (ContainerBalancerTask.java:lambda$moveContainer$3(837)) - Container move completed for container #29 from source 248ac389-ea7e-46b0-9205-df1e39f8f0b0 to target dce3138a-b1d4-4857-bfab-faeb886e2eb0
2023-09-07 14:19:59,037 [main] DEBUG balancer.ContainerBalancerTask (ContainerBalancerTask.java:matchSourceWithTarget(708)) - ContainerBalancer is finding suitable target for source datanode c5c85e31-a19b-4272-a22a-e6cb0cee2697
2023-09-07 14:19:59,037 [main] INFO  balancer.ContainerBalancerTask (ContainerBalancerTask.java:matchSourceWithTarget(722)) - ContainerBalancer matched source datanode c5c85e31-a19b-4272-a22a-e6cb0cee2697 with target datanode dce3138a-b1d4-4857-bfab-faeb886e2eb0 for container move.
2023-09-07 14:19:59,038 [main] INFO  balancer.ContainerBalancerTask (ContainerBalancerTask.java:processMoveSelection(569)) - ContainerBalancer is trying to move container #89 with size 4294967296B from source datanode c5c85e31-a19b-4272-a22a-e6cb0cee2697 to target datanode dce3138a-b1d4-4857-bfab-faeb886e2eb0
2023-09-07 14:19:59,038 [main] DEBUG balancer.ContainerBalancerTask (ContainerBalancerTask.java:lambda$moveContainer$3(837)) - Container move completed for container #89 from source c5c85e31-a19b-4272-a22a-e6cb0cee2697 to target dce3138a-b1d4-4857-bfab-faeb886e2eb0
2023-09-07 14:19:59,040 [main] DEBUG balancer.ContainerBalancerTask (ContainerBalancerTask.java:matchSourceWithTarget(708)) - ContainerBalancer is finding suitable target for source datanode 248ac389-ea7e-46b0-9205-df1e39f8f0b0
2023-09-07 14:19:59,040 [main] INFO  balancer.ContainerBalancerTask (ContainerBalancerTask.java:matchSourceWithTarget(722)) - ContainerBalancer matched source datanode 248ac389-ea7e-46b0-9205-df1e39f8f0b0 with target datanode dce3138a-b1d4-4857-bfab-faeb886e2eb0 for container move.
2023-09-07 14:19:59,040 [main] INFO  balancer.ContainerBalancerTask (ContainerBalancerTask.java:processMoveSelection(569)) - ContainerBalancer is trying to move container #67 with size 4294967296B from source datanode 248ac389-ea7e-46b0-9205-df1e39f8f0b0 to target datanode dce3138a-b1d4-4857-bfab-faeb886e2eb0
2023-09-07 14:19:59,040 [main] DEBUG balancer.ContainerBalancerTask (ContainerBalancerTask.java:lambda$moveContainer$3(837)) - Container move completed for container #67 from source 248ac389-ea7e-46b0-9205-df1e39f8f0b0 to target dce3138a-b1d4-4857-bfab-faeb886e2eb0
2023-09-07 14:19:59,042 [main] DEBUG balancer.ContainerBalancerTask (ContainerBalancerTask.java:matchSourceWithTarget(708)) - ContainerBalancer is finding suitable target for source datanode 421584f2-e4cc-47d8-8aed-944c88f08bcd
2023-09-07 14:19:59,042 [main] INFO  balancer.ContainerBalancerTask (ContainerBalancerTask.java:matchSourceWithTarget(722)) - ContainerBalancer matched source datanode 421584f2-e4cc-47d8-8aed-944c88f08bcd with target datanode dce3138a-b1d4-4857-bfab-faeb886e2eb0 for container move.
2023-09-07 14:19:59,043 [main] INFO  balancer.ContainerBalancerTask (ContainerBalancerTask.java:processMoveSelection(569)) - ContainerBalancer is trying to move container #53 with size 5368709120B from source datanode 421584f2-e4cc-47d8-8aed-944c88f08bcd to target datanode dce3138a-b1d4-4857-bfab-faeb886e2eb0
2023-09-07 14:19:59,043 [main] DEBUG balancer.ContainerBalancerTask (ContainerBalancerTask.java:lambda$moveContainer$3(837)) - Container move completed for container #53 from source 421584f2-e4cc-47d8-8aed-944c88f08bcd to target dce3138a-b1d4-4857-bfab-faeb886e2eb0
2023-09-07 14:19:59,045 [main] DEBUG balancer.ContainerBalancerTask (ContainerBalancerTask.java:matchSourceWithTarget(708)) - ContainerBalancer is finding suitable target for source datanode c5c85e31-a19b-4272-a22a-e6cb0cee2697
2023-09-07 14:19:59,046 [main] INFO  balancer.ContainerBalancerTask (ContainerBalancerTask.java:matchSourceWithTarget(722)) - ContainerBalancer matched source datanode c5c85e31-a19b-4272-a22a-e6cb0cee2697 with target datanode dce3138a-b1d4-4857-bfab-faeb886e2eb0 for container move.
2023-09-07 14:19:59,046 [main] INFO  balancer.ContainerBalancerTask (ContainerBalancerTask.java:processMoveSelection(569)) - ContainerBalancer is trying to move container #84 with size 4294967296B from source datanode c5c85e31-a19b-4272-a22a-e6cb0cee2697 to target datanode dce3138a-b1d4-4857-bfab-faeb886e2eb0
2023-09-07 14:19:59,046 [main] DEBUG balancer.ContainerBalancerTask (ContainerBalancerTask.java:lambda$moveContainer$3(837)) - Container move completed for container #84 from source c5c85e31-a19b-4272-a22a-e6cb0cee2697 to target dce3138a-b1d4-4857-bfab-faeb886e2eb0
2023-09-07 14:19:59,048 [main] DEBUG balancer.ContainerBalancerTask (ContainerBalancerTask.java:matchSourceWithTarget(708)) - ContainerBalancer is finding suitable target for source datanode 248ac389-ea7e-46b0-9205-df1e39f8f0b0
2023-09-07 14:19:59,048 [main] INFO  balancer.ContainerBalancerTask (ContainerBalancerTask.java:matchSourceWithTarget(722)) - ContainerBalancer matched source datanode 248ac389-ea7e-46b0-9205-df1e39f8f0b0 with target datanode dce3138a-b1d4-4857-bfab-faeb886e2eb0 for container move.
2023-09-07 14:19:59,048 [main] INFO  balancer.ContainerBalancerTask (ContainerBalancerTask.java:processMoveSelection(569)) - ContainerBalancer is trying to move container #66 with size 3221225472B from source datanode 248ac389-ea7e-46b0-9205-df1e39f8f0b0 to target datanode dce3138a-b1d4-4857-bfab-faeb886e2eb0
2023-09-07 14:19:59,048 [main] DEBUG balancer.ContainerBalancerTask (ContainerBalancerTask.java:lambda$moveContainer$3(837)) - Container move completed for container #66 from source 248ac389-ea7e-46b0-9205-df1e39f8f0b0 to target dce3138a-b1d4-4857-bfab-faeb886e2eb0
2023-09-07 14:19:59,051 [main] DEBUG balancer.ContainerBalancerTask (ContainerBalancerTask.java:matchSourceWithTarget(708)) - ContainerBalancer is finding suitable target for source datanode 421584f2-e4cc-47d8-8aed-944c88f08bcd
2023-09-07 14:19:59,051 [main] INFO  balancer.ContainerBalancerTask (ContainerBalancerTask.java:matchSourceWithTarget(722)) - ContainerBalancer matched source datanode 421584f2-e4cc-47d8-8aed-944c88f08bcd with target datanode dce3138a-b1d4-4857-bfab-faeb886e2eb0 for container move.
2023-09-07 14:19:59,051 [main] INFO  balancer.ContainerBalancerTask (ContainerBalancerTask.java:processMoveSelection(569)) - ContainerBalancer is trying to move container #52 with size 4294967296B from source datanode 421584f2-e4cc-47d8-8aed-944c88f08bcd to target datanode dce3138a-b1d4-4857-bfab-faeb886e2eb0
2023-09-07 14:19:59,051 [main] DEBUG balancer.ContainerBalancerTask (ContainerBalancerTask.java:lambda$moveContainer$3(837)) - Container move completed for container #52 from source 421584f2-e4cc-47d8-8aed-944c88f08bcd to target dce3138a-b1d4-4857-bfab-faeb886e2eb0
2023-09-07 14:19:59,053 [main] DEBUG balancer.ContainerBalancerTask (ContainerBalancerTask.java:matchSourceWithTarget(708)) - ContainerBalancer is finding suitable target for source datanode 77dfbcba-6605-4fdc-8d0e-9fe202378cb7
2023-09-07 14:19:59,053 [main] INFO  balancer.ContainerBalancerTask (ContainerBalancerTask.java:matchSourceWithTarget(722)) - ContainerBalancer matched source datanode 77dfbcba-6605-4fdc-8d0e-9fe202378cb7 with target datanode dd8ee5d2-e7f7-433c-8670-3d9c860724d2 for container move.
2023-09-07 14:19:59,054 [main] INFO  balancer.ContainerBalancerTask (ContainerBalancerTask.java:processMoveSelection(569)) - ContainerBalancer is trying to move container #39 with size 4294967296B from source datanode 77dfbcba-6605-4fdc-8d0e-9fe202378cb7 to target datanode dd8ee5d2-e7f7-433c-8670-3d9c860724d2
2023-09-07 14:19:59,054 [main] DEBUG balancer.ContainerBalancerTask (ContainerBalancerTask.java:lambda$moveContainer$3(837)) - Container move completed for container #39 from source 77dfbcba-6605-4fdc-8d0e-9fe202378cb7 to target dd8ee5d2-e7f7-433c-8670-3d9c860724d2
2023-09-07 14:19:59,057 [main] DEBUG balancer.ContainerBalancerTask (ContainerBalancerTask.java:matchSourceWithTarget(708)) - ContainerBalancer is finding suitable target for source datanode c5c85e31-a19b-4272-a22a-e6cb0cee2697
2023-09-07 14:19:59,057 [main] INFO  balancer.ContainerBalancerTask (ContainerBalancerTask.java:matchSourceWithTarget(722)) - ContainerBalancer matched source datanode c5c85e31-a19b-4272-a22a-e6cb0cee2697 with target datanode 78c33e4e-d029-4a9e-a807-e422689b4b08 for container move.
2023-09-07 14:19:59,057 [main] INFO  balancer.ContainerBalancerTask (ContainerBalancerTask.java:processMoveSelection(569)) - ContainerBalancer is trying to move container #88 with size 3221225472B from source datanode c5c85e31-a19b-4272-a22a-e6cb0cee2697 to target datanode 78c33e4e-d029-4a9e-a807-e422689b4b08
2023-09-07 14:19:59,057 [main] DEBUG balancer.ContainerBalancerTask (ContainerBalancerTask.java:lambda$moveContainer$3(837)) - Container move completed for container #88 from source c5c85e31-a19b-4272-a22a-e6cb0cee2697 to target 78c33e4e-d029-4a9e-a807-e422689b4b08
2023-09-07 14:19:59,059 [main] DEBUG balancer.ContainerBalancerTask (ContainerBalancerTask.java:matchSourceWithTarget(708)) - ContainerBalancer is finding suitable target for source datanode 248ac389-ea7e-46b0-9205-df1e39f8f0b0
2023-09-07 14:19:59,060 [main] INFO  balancer.ContainerBalancerTask (ContainerBalancerTask.java:matchSourceWithTarget(722)) - ContainerBalancer matched source datanode 248ac389-ea7e-46b0-9205-df1e39f8f0b0 with target datanode dce3138a-b1d4-4857-bfab-faeb886e2eb0 for container move.
2023-09-07 14:19:59,060 [main] INFO  balancer.ContainerBalancerTask (ContainerBalancerTask.java:processMoveSelection(569)) - ContainerBalancer is trying to move container #11 with size 3221225472B from source datanode 248ac389-ea7e-46b0-9205-df1e39f8f0b0 to target datanode dce3138a-b1d4-4857-bfab-faeb886e2eb0
2023-09-07 14:19:59,060 [main] DEBUG balancer.ContainerBalancerTask (ContainerBalancerTask.java:lambda$moveContainer$3(837)) - Container move completed for container #11 from source 248ac389-ea7e-46b0-9205-df1e39f8f0b0 to target dce3138a-b1d4-4857-bfab-faeb886e2eb0
2023-09-07 14:19:59,062 [main] DEBUG balancer.ContainerBalancerTask (ContainerBalancerTask.java:matchSourceWithTarget(708)) - ContainerBalancer is finding suitable target for source datanode 421584f2-e4cc-47d8-8aed-944c88f08bcd
2023-09-07 14:19:59,062 [main] INFO  balancer.ContainerBalancerTask (ContainerBalancerTask.java:matchSourceWithTarget(722)) - ContainerBalancer matched source datanode 421584f2-e4cc-47d8-8aed-944c88f08bcd with target datanode dce3138a-b1d4-4857-bfab-faeb886e2eb0 for container move.
2023-09-07 14:19:59,063 [main] INFO  balancer.ContainerBalancerTask (ContainerBalancerTask.java:processMoveSelection(569)) - ContainerBalancer is trying to move container #49 with size 1073741824B from source datanode 421584f2-e4cc-47d8-8aed-944c88f08bcd to target datanode dce3138a-b1d4-4857-bfab-faeb886e2eb0
2023-09-07 14:19:59,063 [main] DEBUG balancer.ContainerBalancerTask (ContainerBalancerTask.java:lambda$moveContainer$3(837)) - Container move completed for container #49 from source 421584f2-e4cc-47d8-8aed-944c88f08bcd to target dce3138a-b1d4-4857-bfab-faeb886e2eb0
2023-09-07 14:19:59,063 [main] WARN  balancer.ContainerBalancerTask (ContainerBalancerTask.java:reachedMaxSizeToMovePerIteration(733)) - Reached max size to move limit. 53687091200 bytes have already been scheduled for balancing and the limit is 53687091200 bytes.
2023-09-07 14:19:59,063 [main] INFO  balancer.ContainerBalancerTask (ContainerBalancerTask.java:checkIterationMoveResults(642)) - Iteration Summary. Number of Datanodes involved: 7. Size moved: 50 GB (53687091200 Bytes). Number of Container moves completed: 13.
2023-09-07 14:19:59,063 [main] INFO  balancer.ContainerBalancerTask (ContainerBalancerTask.java:balance(259)) - Result of this iteration of Container Balancer: ITERATION_COMPLETED
2023-09-07 14:19:59,063 [main] INFO  balancer.ContainerBalancerTask (ContainerBalancerTask.java:tryStopWithSaveConfiguration(308)) - Save Configuration for stopping. Reason: Completed all iterations.
2023-09-07 14:19:59,064 [main] DEBUG balancer.ContainerBalancerTask (ContainerBalancerTask.java:initializeIteration(374)) - Average utilization of the cluster is 0.3421445052540577
2023-09-07 14:19:59,064 [main] DEBUG balancer.ContainerBalancerTask (ContainerBalancerTask.java:initializeIteration(386)) - Lower limit for utilization is -0.11634807386917667 and Upper limit for utilization is 0.8006370843772921
2023-09-07 14:19:59,064 [main] DEBUG balancer.ContainerBalancerTask (ContainerBalancerTask.java:initializeIteration(398)) - Utilization for node c5c85e31-a19b-4272-a22a-e6cb0cee2697 with capacity 63231462968B, used 56908316672B, and remaining 6323146296B is 0.9000000000126519
2023-09-07 14:19:59,064 [main] DEBUG balancer.ContainerBalancerTask (ContainerBalancerTask.java:initializeIteration(398)) - Utilization for node 248ac389-ea7e-46b0-9205-df1e39f8f0b0 with capacity 60397977600B, used 48318382080B, and remaining 12079595520B is 0.8
2023-09-07 14:19:59,064 [main] DEBUG balancer.ContainerBalancerTask (ContainerBalancerTask.java:initializeIteration(398)) - Utilization for node 421584f2-e4cc-47d8-8aed-944c88f08bcd with capacity 67492343222B, used 47244640256B, and remaining 20247702966B is 0.7000000000088898
2023-09-07 14:19:59,064 [main] DEBUG balancer.ContainerBalancerTask (ContainerBalancerTask.java:initializeIteration(398)) - Utilization for node 77dfbcba-6605-4fdc-8d0e-9fe202378cb7 with capacity 69793218560B, used 41875931136B, and remaining 27917287424B is 0.6
2023-09-07 14:19:59,064 [main] DEBUG balancer.ContainerBalancerTask (ContainerBalancerTask.java:initializeIteration(398)) - Utilization for node 5b777bfe-eb24-4b97-bd1c-28e1b122001c with capacity 85899345920B, used 42949672960B, and remaining 42949672960B is 0.5
2023-09-07 14:19:59,064 [main] DEBUG balancer.ContainerBalancerTask (ContainerBalancerTask.java:initializeIteration(398)) - Utilization for node ca939f99-ab0b-4d29-a42f-f44b56056ae7 with capacity 83214991360B, used 33285996544B, and remaining 49928994816B is 0.4
2023-09-07 14:19:59,064 [main] DEBUG balancer.ContainerBalancerTask (ContainerBalancerTask.java:initializeIteration(398)) - Utilization for node f1108a0e-23cf-44a7-85cb-287ff4c7c6ee with capacity 139586437120B, used 41875931136B, and remaining 97710505984B is 0.3
2023-09-07 14:19:59,064 [main] DEBUG balancer.ContainerBalancerTask (ContainerBalancerTask.java:initializeIteration(398)) - Utilization for node dd8ee5d2-e7f7-433c-8670-3d9c860724d2 with capacity 177167400960B, used 35433480192B, and remaining 141733920768B is 0.2
2023-09-07 14:19:59,065 [main] DEBUG balancer.ContainerBalancerTask (ContainerBalancerTask.java:initializeIteration(398)) - Utilization for node dce3138a-b1d4-4857-bfab-faeb886e2eb0 with capacity 343597383680B, used 34359738368B, and remaining 309237645312B is 0.1
2023-09-07 14:19:59,065 [main] DEBUG balancer.ContainerBalancerTask (ContainerBalancerTask.java:initializeIteration(398)) - Utilization for node 78c33e4e-d029-4a9e-a807-e422689b4b08 with capacity 26843545600B, used 0B, and remaining 26843545600B is 0.0
2023-09-07 14:19:59,065 [main] INFO  balancer.ContainerBalancerTask (ContainerBalancerTask.java:initializeIteration(447)) - Container Balancer has identified 1 Over-Utilized and 0 Under-Utilized Datanodes that need to be balanced.
2023-09-07 14:19:59,065 [main] DEBUG balancer.ContainerBalancerTask (ContainerBalancerTask.java:lambda$initializeIteration$1(453)) - Datanode localhost-98.159.20.181 c5c85e31-a19b-4272-a22a-e6cb0cee2697 is Over-Utilized.
2023-09-07 14:19:59,067 [main] DEBUG balancer.ContainerBalancerTask (ContainerBalancerTask.java:matchSourceWithTarget(708)) - ContainerBalancer is finding suitable target for source datanode c5c85e31-a19b-4272-a22a-e6cb0cee2697
2023-09-07 14:19:59,067 [main] INFO  balancer.FindTargetGreedyByUsageInfo (AbstractFindTargetGreedy.java:findTargetForContainerMove(133)) - Container Balancer could not find a target for source datanode c5c85e31-a19b-4272-a22a-e6cb0cee2697
2023-09-07 14:19:59,067 [main] DEBUG balancer.ContainerBalancerTask (ContainerBalancerTask.java:matchSourceWithTarget(717)) - ContainerBalancer could not find a suitable target for source node c5c85e31-a19b-4272-a22a-e6cb0cee2697.
2023-09-07 14:19:59,067 [main] INFO  balancer.FindSourceGreedy (FindSourceGreedy.java:getNextCandidateSourceDataNode(126)) - no more candidate source data node
2023-09-07 14:19:59,067 [main] INFO  balancer.ContainerBalancerTask (ContainerBalancerTask.java:balance(259)) - Result of this iteration of Container Balancer: CAN_NOT_BALANCE_ANY_MORE
2023-09-07 14:19:59,068 [main] INFO  balancer.ContainerBalancerTask (ContainerBalancerTask.java:tryStopWithSaveConfiguration(308)) - Save Configuration for stopping. Reason: CAN_NOT_BALANCE_ANY_MORE
2023-09-07 14:19:59,068 [main] DEBUG balancer.ContainerBalancerTask (ContainerBalancerTask.java:initializeIteration(374)) - Average utilization of the cluster is 0.3421445052540577
2023-09-07 14:19:59,068 [main] DEBUG balancer.ContainerBalancerTask (ContainerBalancerTask.java:initializeIteration(386)) - Lower limit for utilization is 0.018452454781806293 and Upper limit for utilization is 0.6658365557263091
2023-09-07 14:19:59,068 [main] DEBUG balancer.ContainerBalancerTask (ContainerBalancerTask.java:initializeIteration(398)) - Utilization for node c5c85e31-a19b-4272-a22a-e6cb0cee2697 with capacity 63231462968B, used 56908316672B, and remaining 6323146296B is 0.9000000000126519
2023-09-07 14:19:59,068 [main] DEBUG balancer.ContainerBalancerTask (ContainerBalancerTask.java:initializeIteration(398)) - Utilization for node 248ac389-ea7e-46b0-9205-df1e39f8f0b0 with capacity 60397977600B, used 48318382080B, and remaining 12079595520B is 0.8
2023-09-07 14:19:59,069 [main] DEBUG balancer.ContainerBalancerTask (ContainerBalancerTask.java:initializeIteration(398)) - Utilization for node 421584f2-e4cc-47d8-8aed-944c88f08bcd with capacity 67492343222B, used 47244640256B, and remaining 20247702966B is 0.7000000000088898
2023-09-07 14:19:59,069 [main] DEBUG balancer.ContainerBalancerTask (ContainerBalancerTask.java:initializeIteration(398)) - Utilization for node 77dfbcba-6605-4fdc-8d0e-9fe202378cb7 with capacity 69793218560B, used 41875931136B, and remaining 27917287424B is 0.6
2023-09-07 14:19:59,069 [main] DEBUG balancer.ContainerBalancerTask (ContainerBalancerTask.java:initializeIteration(398)) - Utilization for node 5b777bfe-eb24-4b97-bd1c-28e1b122001c with capacity 85899345920B, used 42949672960B, and remaining 42949672960B is 0.5
2023-09-07 14:19:59,069 [main] DEBUG balancer.ContainerBalancerTask (ContainerBalancerTask.java:initializeIteration(398)) - Utilization for node ca939f99-ab0b-4d29-a42f-f44b56056ae7 with capacity 83214991360B, used 33285996544B, and remaining 49928994816B is 0.4
2023-09-07 14:19:59,069 [main] DEBUG balancer.ContainerBalancerTask (ContainerBalancerTask.java:initializeIteration(398)) - Utilization for node f1108a0e-23cf-44a7-85cb-287ff4c7c6ee with capacity 139586437120B, used 41875931136B, and remaining 97710505984B is 0.3
2023-09-07 14:19:59,069 [main] DEBUG balancer.ContainerBalancerTask (ContainerBalancerTask.java:initializeIteration(398)) - Utilization for node dd8ee5d2-e7f7-433c-8670-3d9c860724d2 with capacity 177167400960B, used 35433480192B, and remaining 141733920768B is 0.2
2023-09-07 14:19:59,069 [main] DEBUG balancer.ContainerBalancerTask (ContainerBalancerTask.java:initializeIteration(398)) - Utilization for node dce3138a-b1d4-4857-bfab-faeb886e2eb0 with capacity 343597383680B, used 34359738368B, and remaining 309237645312B is 0.1
2023-09-07 14:19:59,069 [main] DEBUG balancer.ContainerBalancerTask (ContainerBalancerTask.java:initializeIteration(398)) - Utilization for node 78c33e4e-d029-4a9e-a807-e422689b4b08 with capacity 26843545600B, used 0B, and remaining 26843545600B is 0.0
2023-09-07 14:19:59,074 [main] INFO  balancer.ContainerBalancerTask (ContainerBalancerTask.java:initializeIteration(447)) - Container Balancer has identified 3 Over-Utilized and 1 Under-Utilized Datanodes that need to be balanced.
2023-09-07 14:19:59,075 [main] DEBUG balancer.ContainerBalancerTask (ContainerBalancerTask.java:lambda$initializeIteration$1(453)) - Datanode localhost-98.159.20.181 c5c85e31-a19b-4272-a22a-e6cb0cee2697 is Over-Utilized.
2023-09-07 14:19:59,075 [main] DEBUG balancer.ContainerBalancerTask (ContainerBalancerTask.java:lambda$initializeIteration$1(453)) - Datanode localhost-195.53.202.168 248ac389-ea7e-46b0-9205-df1e39f8f0b0 is Over-Utilized.
2023-09-07 14:19:59,075 [main] DEBUG balancer.ContainerBalancerTask (ContainerBalancerTask.java:lambda$initializeIteration$1(453)) - Datanode localhost-130.14.218.10 421584f2-e4cc-47d8-8aed-944c88f08bcd is Over-Utilized.
2023-09-07 14:19:59,075 [main] DEBUG balancer.ContainerBalancerTask (ContainerBalancerTask.java:lambda$initializeIteration$2(459)) - Datanode localhost-61.34.16.17 78c33e4e-d029-4a9e-a807-e422689b4b08 is Under-Utilized.
2023-09-07 14:19:59,077 [main] DEBUG balancer.ContainerBalancerTask (ContainerBalancerTask.java:matchSourceWithTarget(708)) - ContainerBalancer is finding suitable target for source datanode c5c85e31-a19b-4272-a22a-e6cb0cee2697
2023-09-07 14:19:59,077 [main] INFO  balancer.ContainerBalancerTask (ContainerBalancerTask.java:matchSourceWithTarget(722)) - ContainerBalancer matched source datanode c5c85e31-a19b-4272-a22a-e6cb0cee2697 with target datanode 78c33e4e-d029-4a9e-a807-e422689b4b08 for container move.
2023-09-07 14:19:59,078 [main] INFO  balancer.ContainerBalancerTask (ContainerBalancerTask.java:processMoveSelection(569)) - ContainerBalancer is trying to move container #85 with size 5368709120B from source datanode c5c85e31-a19b-4272-a22a-e6cb0cee2697 to target datanode 78c33e4e-d029-4a9e-a807-e422689b4b08
2023-09-07 14:19:59,078 [main] DEBUG balancer.ContainerBalancerTask (ContainerBalancerTask.java:lambda$moveContainer$3(837)) - Container move completed for container #85 from source c5c85e31-a19b-4272-a22a-e6cb0cee2697 to target 78c33e4e-d029-4a9e-a807-e422689b4b08
2023-09-07 14:19:59,080 [main] DEBUG balancer.ContainerBalancerTask (ContainerBalancerTask.java:matchSourceWithTarget(708)) - ContainerBalancer is finding suitable target for source datanode c5c85e31-a19b-4272-a22a-e6cb0cee2697
2023-09-07 14:19:59,080 [main] INFO  balancer.ContainerBalancerTask (ContainerBalancerTask.java:matchSourceWithTarget(722)) - ContainerBalancer matched source datanode c5c85e31-a19b-4272-a22a-e6cb0cee2697 with target datanode 78c33e4e-d029-4a9e-a807-e422689b4b08 for container move.
2023-09-07 14:19:59,080 [main] INFO  balancer.ContainerBalancerTask (ContainerBalancerTask.java:processMoveSelection(569)) - ContainerBalancer is trying to move container #68 with size 5368709120B from source datanode c5c85e31-a19b-4272-a22a-e6cb0cee2697 to target datanode 78c33e4e-d029-4a9e-a807-e422689b4b08
2023-09-07 14:19:59,081 [main] DEBUG balancer.ContainerBalancerTask (ContainerBalancerTask.java:lambda$moveContainer$3(837)) - Container move completed for container #68 from source c5c85e31-a19b-4272-a22a-e6cb0cee2697 to target 78c33e4e-d029-4a9e-a807-e422689b4b08
2023-09-07 14:19:59,083 [main] DEBUG balancer.ContainerBalancerTask (ContainerBalancerTask.java:matchSourceWithTarget(708)) - ContainerBalancer is finding suitable target for source datanode 248ac389-ea7e-46b0-9205-df1e39f8f0b0
2023-09-07 14:19:59,083 [main] INFO  balancer.ContainerBalancerTask (ContainerBalancerTask.java:matchSourceWithTarget(722)) - ContainerBalancer matched source datanode 248ac389-ea7e-46b0-9205-df1e39f8f0b0 with target datanode 78c33e4e-d029-4a9e-a807-e422689b4b08 for container move.
2023-09-07 14:19:59,083 [main] INFO  balancer.ContainerBalancerTask (ContainerBalancerTask.java:processMoveSelection(569)) - ContainerBalancer is trying to move container #29 with size 5368709120B from source datanode 248ac389-ea7e-46b0-9205-df1e39f8f0b0 to target datanode 78c33e4e-d029-4a9e-a807-e422689b4b08
2023-09-07 14:19:59,083 [main] DEBUG balancer.ContainerBalancerTask (ContainerBalancerTask.java:lambda$moveContainer$3(837)) - Container move completed for container #29 from source 248ac389-ea7e-46b0-9205-df1e39f8f0b0 to target 78c33e4e-d029-4a9e-a807-e422689b4b08
2023-09-07 14:19:59,086 [main] DEBUG balancer.ContainerBalancerTask (ContainerBalancerTask.java:matchSourceWithTarget(708)) - ContainerBalancer is finding suitable target for source datanode c5c85e31-a19b-4272-a22a-e6cb0cee2697
2023-09-07 14:19:59,086 [main] INFO  balancer.ContainerBalancerTask (ContainerBalancerTask.java:matchSourceWithTarget(722)) - ContainerBalancer matched source datanode c5c85e31-a19b-4272-a22a-e6cb0cee2697 with target datanode 78c33e4e-d029-4a9e-a807-e422689b4b08 for container move.
2023-09-07 14:19:59,086 [main] INFO  balancer.ContainerBalancerTask (ContainerBalancerTask.java:processMoveSelection(569)) - ContainerBalancer is trying to move container #86 with size 1073741824B from source datanode c5c85e31-a19b-4272-a22a-e6cb0cee2697 to target datanode 78c33e4e-d029-4a9e-a807-e422689b4b08
2023-09-07 14:19:59,086 [main] DEBUG balancer.ContainerBalancerTask (ContainerBalancerTask.java:lambda$moveContainer$3(837)) - Container move completed for container #86 from source c5c85e31-a19b-4272-a22a-e6cb0cee2697 to target 78c33e4e-d029-4a9e-a807-e422689b4b08
2023-09-07 14:19:59,089 [main] DEBUG balancer.ContainerBalancerTask (ContainerBalancerTask.java:matchSourceWithTarget(708)) - ContainerBalancer is finding suitable target for source datanode c5c85e31-a19b-4272-a22a-e6cb0cee2697
2023-09-07 14:19:59,090 [main] INFO  balancer.FindTargetGreedyByUsageInfo (AbstractFindTargetGreedy.java:findTargetForContainerMove(133)) - Container Balancer could not find a target for source datanode c5c85e31-a19b-4272-a22a-e6cb0cee2697
2023-09-07 14:19:59,090 [main] DEBUG balancer.ContainerBalancerTask (ContainerBalancerTask.java:matchSourceWithTarget(717)) - ContainerBalancer could not find a suitable target for source node c5c85e31-a19b-4272-a22a-e6cb0cee2697.
2023-09-07 14:19:59,092 [main] DEBUG balancer.ContainerBalancerTask (ContainerBalancerTask.java:matchSourceWithTarget(708)) - ContainerBalancer is finding suitable target for source datanode 248ac389-ea7e-46b0-9205-df1e39f8f0b0
2023-09-07 14:19:59,093 [main] INFO  balancer.FindTargetGreedyByUsageInfo (AbstractFindTargetGreedy.java:findTargetForContainerMove(133)) - Container Balancer could not find a target for source datanode 248ac389-ea7e-46b0-9205-df1e39f8f0b0
2023-09-07 14:19:59,093 [main] DEBUG balancer.ContainerBalancerTask (ContainerBalancerTask.java:matchSourceWithTarget(717)) - ContainerBalancer could not find a suitable target for source node 248ac389-ea7e-46b0-9205-df1e39f8f0b0.
2023-09-07 14:19:59,095 [main] DEBUG balancer.ContainerBalancerTask (ContainerBalancerTask.java:matchSourceWithTarget(708)) - ContainerBalancer is finding suitable target for source datanode 421584f2-e4cc-47d8-8aed-944c88f08bcd
2023-09-07 14:19:59,096 [main] INFO  balancer.FindTargetGreedyByUsageInfo (AbstractFindTargetGreedy.java:findTargetForContainerMove(133)) - Container Balancer could not find a target for source datanode 421584f2-e4cc-47d8-8aed-944c88f08bcd
2023-09-07 14:19:59,096 [main] DEBUG balancer.ContainerBalancerTask (ContainerBalancerTask.java:matchSourceWithTarget(717)) - ContainerBalancer could not find a suitable target for source node 421584f2-e4cc-47d8-8aed-944c88f08bcd.
2023-09-07 14:19:59,096 [main] INFO  balancer.FindSourceGreedy (FindSourceGreedy.java:getNextCandidateSourceDataNode(126)) - no more candidate source data node
2023-09-07 14:19:59,096 [main] INFO  balancer.ContainerBalancerTask (ContainerBalancerTask.java:checkIterationMoveResults(642)) - Iteration Summary. Number of Datanodes involved: 3. Size moved: 16 GB (17179869184 Bytes). Number of Container moves completed: 4.
2023-09-07 14:19:59,096 [main] INFO  balancer.ContainerBalancerTask (ContainerBalancerTask.java:balance(259)) - Result of this iteration of Container Balancer: ITERATION_COMPLETED
2023-09-07 14:19:59,096 [main] INFO  balancer.ContainerBalancerTask (ContainerBalancerTask.java:tryStopWithSaveConfiguration(308)) - Save Configuration for stopping. Reason: Completed all iterations.
2023-09-07 14:19:59,097 [main] DEBUG balancer.ContainerBalancerTask (ContainerBalancerTask.java:initializeIteration(374)) - Average utilization of the cluster is 0.3421445052540577
2023-09-07 14:19:59,097 [main] DEBUG balancer.ContainerBalancerTask (ContainerBalancerTask.java:initializeIteration(386)) - Lower limit for utilization is -0.6363645966926499 and Upper limit for utilization is 1.3206536072007653
2023-09-07 14:19:59,097 [main] DEBUG balancer.ContainerBalancerTask (ContainerBalancerTask.java:initializeIteration(398)) - Utilization for node c5c85e31-a19b-4272-a22a-e6cb0cee2697 with capacity 63231462968B, used 56908316672B, and remaining 6323146296B is 0.9000000000126519
2023-09-07 14:19:59,097 [main] DEBUG balancer.ContainerBalancerTask (ContainerBalancerTask.java:initializeIteration(398)) - Utilization for node 248ac389-ea7e-46b0-9205-df1e39f8f0b0 with capacity 60397977600B, used 48318382080B, and remaining 12079595520B is 0.8
2023-09-07 14:19:59,097 [main] DEBUG balancer.ContainerBalancerTask (ContainerBalancerTask.java:initializeIteration(398)) - Utilization for node 421584f2-e4cc-47d8-8aed-944c88f08bcd with capacity 67492343222B, used 47244640256B, and remaining 20247702966B is 0.7000000000088898
2023-09-07 14:19:59,097 [main] DEBUG balancer.ContainerBalancerTask (ContainerBalancerTask.java:initializeIteration(398)) - Utilization for node 77dfbcba-6605-4fdc-8d0e-9fe202378cb7 with capacity 69793218560B, used 41875931136B, and remaining 27917287424B is 0.6
2023-09-07 14:19:59,097 [main] DEBUG balancer.ContainerBalancerTask (ContainerBalancerTask.java:initializeIteration(398)) - Utilization for node 5b777bfe-eb24-4b97-bd1c-28e1b122001c with capacity 85899345920B, used 42949672960B, and remaining 42949672960B is 0.5
2023-09-07 14:19:59,097 [main] DEBUG balancer.ContainerBalancerTask (ContainerBalancerTask.java:initializeIteration(398)) - Utilization for node ca939f99-ab0b-4d29-a42f-f44b56056ae7 with capacity 83214991360B, used 33285996544B, and remaining 49928994816B is 0.4
2023-09-07 14:19:59,097 [main] DEBUG balancer.ContainerBalancerTask (ContainerBalancerTask.java:initializeIteration(398)) - Utilization for node f1108a0e-23cf-44a7-85cb-287ff4c7c6ee with capacity 139586437120B, used 41875931136B, and remaining 97710505984B is 0.3
2023-09-07 14:19:59,098 [main] DEBUG balancer.ContainerBalancerTask (ContainerBalancerTask.java:initializeIteration(398)) - Utilization for node dd8ee5d2-e7f7-433c-8670-3d9c860724d2 with capacity 177167400960B, used 35433480192B, and remaining 141733920768B is 0.2
2023-09-07 14:19:59,098 [main] DEBUG balancer.ContainerBalancerTask (ContainerBalancerTask.java:initializeIteration(398)) - Utilization for node dce3138a-b1d4-4857-bfab-faeb886e2eb0 with capacity 343597383680B, used 34359738368B, and remaining 309237645312B is 0.1
2023-09-07 14:19:59,098 [main] DEBUG balancer.ContainerBalancerTask (ContainerBalancerTask.java:initializeIteration(398)) - Utilization for node 78c33e4e-d029-4a9e-a807-e422689b4b08 with capacity 26843545600B, used 0B, and remaining 26843545600B is 0.0
2023-09-07 14:19:59,098 [main] INFO  balancer.ContainerBalancerTask (ContainerBalancerTask.java:initializeIteration(443)) - Did not find any unbalanced Datanodes.
2023-09-07 14:19:59,098 [main] INFO  balancer.ContainerBalancerTask (ContainerBalancerTask.java:tryStopWithSaveConfiguration(308)) - Save Configuration for stopping. Reason: Could not initialize ContainerBalancer's iteration number 0
2023-09-07 14:19:59,098 [main] DEBUG balancer.ContainerBalancerTask (ContainerBalancerTask.java:initializeIteration(374)) - Average utilization of the cluster is 0.3421445052540577
2023-09-07 14:19:59,099 [main] DEBUG balancer.ContainerBalancerTask (ContainerBalancerTask.java:initializeIteration(386)) - Lower limit for utilization is -0.503373631575392 and Upper limit for utilization is 1.1876626420835075
2023-09-07 14:19:59,099 [main] DEBUG balancer.ContainerBalancerTask (ContainerBalancerTask.java:initializeIteration(398)) - Utilization for node c5c85e31-a19b-4272-a22a-e6cb0cee2697 with capacity 63231462968B, used 56908316672B, and remaining 6323146296B is 0.9000000000126519
2023-09-07 14:19:59,099 [main] DEBUG balancer.ContainerBalancerTask (ContainerBalancerTask.java:initializeIteration(398)) - Utilization for node 248ac389-ea7e-46b0-9205-df1e39f8f0b0 with capacity 60397977600B, used 48318382080B, and remaining 12079595520B is 0.8
2023-09-07 14:19:59,099 [main] DEBUG balancer.ContainerBalancerTask (ContainerBalancerTask.java:initializeIteration(398)) - Utilization for node 421584f2-e4cc-47d8-8aed-944c88f08bcd with capacity 67492343222B, used 47244640256B, and remaining 20247702966B is 0.7000000000088898
2023-09-07 14:19:59,099 [main] DEBUG balancer.ContainerBalancerTask (ContainerBalancerTask.java:initializeIteration(398)) - Utilization for node 77dfbcba-6605-4fdc-8d0e-9fe202378cb7 with capacity 69793218560B, used 41875931136B, and remaining 27917287424B is 0.6
2023-09-07 14:19:59,099 [main] DEBUG balancer.ContainerBalancerTask (ContainerBalancerTask.java:initializeIteration(398)) - Utilization for node 5b777bfe-eb24-4b97-bd1c-28e1b122001c with capacity 85899345920B, used 42949672960B, and remaining 42949672960B is 0.5
2023-09-07 14:19:59,099 [main] DEBUG balancer.ContainerBalancerTask (ContainerBalancerTask.java:initializeIteration(398)) - Utilization for node ca939f99-ab0b-4d29-a42f-f44b56056ae7 with capacity 83214991360B, used 33285996544B, and remaining 49928994816B is 0.4
2023-09-07 14:19:59,099 [main] DEBUG balancer.ContainerBalancerTask (ContainerBalancerTask.java:initializeIteration(398)) - Utilization for node f1108a0e-23cf-44a7-85cb-287ff4c7c6ee with capacity 139586437120B, used 41875931136B, and remaining 97710505984B is 0.3
2023-09-07 14:19:59,099 [main] DEBUG balancer.ContainerBalancerTask (ContainerBalancerTask.java:initializeIteration(398)) - Utilization for node dd8ee5d2-e7f7-433c-8670-3d9c860724d2 with capacity 177167400960B, used 35433480192B, and remaining 141733920768B is 0.2
2023-09-07 14:19:59,099 [main] DEBUG balancer.ContainerBalancerTask (ContainerBalancerTask.java:initializeIteration(398)) - Utilization for node dce3138a-b1d4-4857-bfab-faeb886e2eb0 with capacity 343597383680B, used 34359738368B, and remaining 309237645312B is 0.1
2023-09-07 14:19:59,099 [main] DEBUG balancer.ContainerBalancerTask (ContainerBalancerTask.java:initializeIteration(398)) - Utilization for node 78c33e4e-d029-4a9e-a807-e422689b4b08 with capacity 26843545600B, used 0B, and remaining 26843545600B is 0.0
2023-09-07 14:19:59,099 [main] INFO  balancer.ContainerBalancerTask (ContainerBalancerTask.java:initializeIteration(443)) - Did not find any unbalanced Datanodes.
2023-09-07 14:19:59,100 [main] INFO  balancer.ContainerBalancerTask (ContainerBalancerTask.java:tryStopWithSaveConfiguration(308)) - Save Configuration for stopping. Reason: Could not initialize ContainerBalancer's iteration number 0
2023-09-07 14:19:59,100 [main] DEBUG balancer.ContainerBalancerTask (ContainerBalancerTask.java:initializeIteration(374)) - Average utilization of the cluster is 0.3421445052540577
2023-09-07 14:19:59,100 [main] DEBUG balancer.ContainerBalancerTask (ContainerBalancerTask.java:initializeIteration(386)) - Lower limit for utilization is -0.34666062886993676 and Upper limit for utilization is 1.0309496393780522
2023-09-07 14:19:59,100 [main] DEBUG balancer.ContainerBalancerTask (ContainerBalancerTask.java:initializeIteration(398)) - Utilization for node c5c85e31-a19b-4272-a22a-e6cb0cee2697 with capacity 63231462968B, used 56908316672B, and remaining 6323146296B is 0.9000000000126519
2023-09-07 14:19:59,100 [main] DEBUG balancer.ContainerBalancerTask (ContainerBalancerTask.java:initializeIteration(398)) - Utilization for node 248ac389-ea7e-46b0-9205-df1e39f8f0b0 with capacity 60397977600B, used 48318382080B, and remaining 12079595520B is 0.8
2023-09-07 14:19:59,100 [main] DEBUG balancer.ContainerBalancerTask (ContainerBalancerTask.java:initializeIteration(398)) - Utilization for node 421584f2-e4cc-47d8-8aed-944c88f08bcd with capacity 67492343222B, used 47244640256B, and remaining 20247702966B is 0.7000000000088898
2023-09-07 14:19:59,101 [main] DEBUG balancer.ContainerBalancerTask (ContainerBalancerTask.java:initializeIteration(398)) - Utilization for node 77dfbcba-6605-4fdc-8d0e-9fe202378cb7 with capacity 69793218560B, used 41875931136B, and remaining 27917287424B is 0.6
2023-09-07 14:19:59,101 [main] DEBUG balancer.ContainerBalancerTask (ContainerBalancerTask.java:initializeIteration(398)) - Utilization for node 5b777bfe-eb24-4b97-bd1c-28e1b122001c with capacity 85899345920B, used 42949672960B, and remaining 42949672960B is 0.5
2023-09-07 14:19:59,101 [main] DEBUG balancer.ContainerBalancerTask (ContainerBalancerTask.java:initializeIteration(398)) - Utilization for node ca939f99-ab0b-4d29-a42f-f44b56056ae7 with capacity 83214991360B, used 33285996544B, and remaining 49928994816B is 0.4
2023-09-07 14:19:59,101 [main] DEBUG balancer.ContainerBalancerTask (ContainerBalancerTask.java:initializeIteration(398)) - Utilization for node f1108a0e-23cf-44a7-85cb-287ff4c7c6ee with capacity 139586437120B, used 41875931136B, and remaining 97710505984B is 0.3
2023-09-07 14:19:59,101 [main] DEBUG balancer.ContainerBalancerTask (ContainerBalancerTask.java:initializeIteration(398)) - Utilization for node dd8ee5d2-e7f7-433c-8670-3d9c860724d2 with capacity 177167400960B, used 35433480192B, and remaining 141733920768B is 0.2
2023-09-07 14:19:59,101 [main] DEBUG balancer.ContainerBalancerTask (ContainerBalancerTask.java:initializeIteration(398)) - Utilization for node dce3138a-b1d4-4857-bfab-faeb886e2eb0 with capacity 343597383680B, used 34359738368B, and remaining 309237645312B is 0.1
2023-09-07 14:19:59,101 [main] DEBUG balancer.ContainerBalancerTask (ContainerBalancerTask.java:initializeIteration(398)) - Utilization for node 78c33e4e-d029-4a9e-a807-e422689b4b08 with capacity 26843545600B, used 0B, and remaining 26843545600B is 0.0
2023-09-07 14:19:59,101 [main] INFO  balancer.ContainerBalancerTask (ContainerBalancerTask.java:initializeIteration(443)) - Did not find any unbalanced Datanodes.
2023-09-07 14:19:59,101 [main] INFO  balancer.ContainerBalancerTask (ContainerBalancerTask.java:tryStopWithSaveConfiguration(308)) - Save Configuration for stopping. Reason: Could not initialize ContainerBalancer's iteration number 0
2023-09-07 14:19:59,102 [main] DEBUG balancer.ContainerBalancerTask (ContainerBalancerTask.java:initializeIteration(374)) - Average utilization of the cluster is 0.3421445052540577
2023-09-07 14:19:59,102 [main] DEBUG balancer.ContainerBalancerTask (ContainerBalancerTask.java:initializeIteration(386)) - Lower limit for utilization is 0.07946033075721282 and Upper limit for utilization is 0.6048286797509026
2023-09-07 14:19:59,102 [main] DEBUG balancer.ContainerBalancerTask (ContainerBalancerTask.java:initializeIteration(398)) - Utilization for node c5c85e31-a19b-4272-a22a-e6cb0cee2697 with capacity 63231462968B, used 56908316672B, and remaining 6323146296B is 0.9000000000126519
2023-09-07 14:19:59,102 [main] DEBUG balancer.ContainerBalancerTask (ContainerBalancerTask.java:initializeIteration(398)) - Utilization for node 248ac389-ea7e-46b0-9205-df1e39f8f0b0 with capacity 60397977600B, used 48318382080B, and remaining 12079595520B is 0.8
2023-09-07 14:19:59,102 [main] DEBUG balancer.ContainerBalancerTask (ContainerBalancerTask.java:initializeIteration(398)) - Utilization for node 421584f2-e4cc-47d8-8aed-944c88f08bcd with capacity 67492343222B, used 47244640256B, and remaining 20247702966B is 0.7000000000088898
2023-09-07 14:19:59,102 [main] DEBUG balancer.ContainerBalancerTask (ContainerBalancerTask.java:initializeIteration(398)) - Utilization for node 77dfbcba-6605-4fdc-8d0e-9fe202378cb7 with capacity 69793218560B, used 41875931136B, and remaining 27917287424B is 0.6
2023-09-07 14:19:59,102 [main] DEBUG balancer.ContainerBalancerTask (ContainerBalancerTask.java:initializeIteration(398)) - Utilization for node 5b777bfe-eb24-4b97-bd1c-28e1b122001c with capacity 85899345920B, used 42949672960B, and remaining 42949672960B is 0.5
2023-09-07 14:19:59,102 [main] DEBUG balancer.ContainerBalancerTask (ContainerBalancerTask.java:initializeIteration(398)) - Utilization for node ca939f99-ab0b-4d29-a42f-f44b56056ae7 with capacity 83214991360B, used 33285996544B, and remaining 49928994816B is 0.4
2023-09-07 14:19:59,102 [main] DEBUG balancer.ContainerBalancerTask (ContainerBalancerTask.java:initializeIteration(398)) - Utilization for node f1108a0e-23cf-44a7-85cb-287ff4c7c6ee with capacity 139586437120B, used 41875931136B, and remaining 97710505984B is 0.3
2023-09-07 14:19:59,102 [main] DEBUG balancer.ContainerBalancerTask (ContainerBalancerTask.java:initializeIteration(398)) - Utilization for node dd8ee5d2-e7f7-433c-8670-3d9c860724d2 with capacity 177167400960B, used 35433480192B, and remaining 141733920768B is 0.2
2023-09-07 14:19:59,102 [main] DEBUG balancer.ContainerBalancerTask (ContainerBalancerTask.java:initializeIteration(398)) - Utilization for node dce3138a-b1d4-4857-bfab-faeb886e2eb0 with capacity 343597383680B, used 34359738368B, and remaining 309237645312B is 0.1
2023-09-07 14:19:59,103 [main] DEBUG balancer.ContainerBalancerTask (ContainerBalancerTask.java:initializeIteration(398)) - Utilization for node 78c33e4e-d029-4a9e-a807-e422689b4b08 with capacity 26843545600B, used 0B, and remaining 26843545600B is 0.0
2023-09-07 14:19:59,103 [main] INFO  balancer.ContainerBalancerTask (ContainerBalancerTask.java:initializeIteration(447)) - Container Balancer has identified 3 Over-Utilized and 1 Under-Utilized Datanodes that need to be balanced.
2023-09-07 14:19:59,103 [main] DEBUG balancer.ContainerBalancerTask (ContainerBalancerTask.java:lambda$initializeIteration$1(453)) - Datanode localhost-98.159.20.181 c5c85e31-a19b-4272-a22a-e6cb0cee2697 is Over-Utilized.
2023-09-07 14:19:59,103 [main] DEBUG balancer.ContainerBalancerTask (ContainerBalancerTask.java:lambda$initializeIteration$1(453)) - Datanode localhost-195.53.202.168 248ac389-ea7e-46b0-9205-df1e39f8f0b0 is Over-Utilized.
2023-09-07 14:19:59,103 [main] DEBUG balancer.ContainerBalancerTask (ContainerBalancerTask.java:lambda$initializeIteration$1(453)) - Datanode localhost-130.14.218.10 421584f2-e4cc-47d8-8aed-944c88f08bcd is Over-Utilized.
2023-09-07 14:19:59,103 [main] DEBUG balancer.ContainerBalancerTask (ContainerBalancerTask.java:lambda$initializeIteration$2(459)) - Datanode localhost-61.34.16.17 78c33e4e-d029-4a9e-a807-e422689b4b08 is Under-Utilized.
2023-09-07 14:19:59,105 [main] DEBUG balancer.ContainerBalancerTask (ContainerBalancerTask.java:matchSourceWithTarget(708)) - ContainerBalancer is finding suitable target for source datanode c5c85e31-a19b-4272-a22a-e6cb0cee2697
2023-09-07 14:19:59,106 [main] INFO  balancer.ContainerBalancerTask (ContainerBalancerTask.java:matchSourceWithTarget(722)) - ContainerBalancer matched source datanode c5c85e31-a19b-4272-a22a-e6cb0cee2697 with target datanode 78c33e4e-d029-4a9e-a807-e422689b4b08 for container move.
2023-09-07 14:19:59,106 [main] INFO  balancer.ContainerBalancerTask (ContainerBalancerTask.java:processMoveSelection(569)) - ContainerBalancer is trying to move container #85 with size 5368709120B from source datanode c5c85e31-a19b-4272-a22a-e6cb0cee2697 to target datanode 78c33e4e-d029-4a9e-a807-e422689b4b08
2023-09-07 14:19:59,106 [main] DEBUG balancer.ContainerBalancerTask (ContainerBalancerTask.java:lambda$moveContainer$3(837)) - Container move completed for container #85 from source c5c85e31-a19b-4272-a22a-e6cb0cee2697 to target 78c33e4e-d029-4a9e-a807-e422689b4b08
2023-09-07 14:19:59,108 [main] DEBUG balancer.ContainerBalancerTask (ContainerBalancerTask.java:matchSourceWithTarget(708)) - ContainerBalancer is finding suitable target for source datanode c5c85e31-a19b-4272-a22a-e6cb0cee2697
2023-09-07 14:19:59,108 [main] INFO  balancer.ContainerBalancerTask (ContainerBalancerTask.java:matchSourceWithTarget(722)) - ContainerBalancer matched source datanode c5c85e31-a19b-4272-a22a-e6cb0cee2697 with target datanode 78c33e4e-d029-4a9e-a807-e422689b4b08 for container move.
2023-09-07 14:19:59,108 [main] INFO  balancer.ContainerBalancerTask (ContainerBalancerTask.java:processMoveSelection(569)) - ContainerBalancer is trying to move container #68 with size 5368709120B from source datanode c5c85e31-a19b-4272-a22a-e6cb0cee2697 to target datanode 78c33e4e-d029-4a9e-a807-e422689b4b08
2023-09-07 14:19:59,109 [main] DEBUG balancer.ContainerBalancerTask (ContainerBalancerTask.java:lambda$moveContainer$3(837)) - Container move completed for container #68 from source c5c85e31-a19b-4272-a22a-e6cb0cee2697 to target 78c33e4e-d029-4a9e-a807-e422689b4b08
2023-09-07 14:19:59,111 [main] DEBUG balancer.ContainerBalancerTask (ContainerBalancerTask.java:matchSourceWithTarget(708)) - ContainerBalancer is finding suitable target for source datanode 248ac389-ea7e-46b0-9205-df1e39f8f0b0
2023-09-07 14:19:59,111 [main] INFO  balancer.ContainerBalancerTask (ContainerBalancerTask.java:matchSourceWithTarget(722)) - ContainerBalancer matched source datanode 248ac389-ea7e-46b0-9205-df1e39f8f0b0 with target datanode 78c33e4e-d029-4a9e-a807-e422689b4b08 for container move.
2023-09-07 14:19:59,111 [main] INFO  balancer.ContainerBalancerTask (ContainerBalancerTask.java:processMoveSelection(569)) - ContainerBalancer is trying to move container #29 with size 5368709120B from source datanode 248ac389-ea7e-46b0-9205-df1e39f8f0b0 to target datanode 78c33e4e-d029-4a9e-a807-e422689b4b08
2023-09-07 14:19:59,111 [main] DEBUG balancer.ContainerBalancerTask (ContainerBalancerTask.java:lambda$moveContainer$3(837)) - Container move completed for container #29 from source 248ac389-ea7e-46b0-9205-df1e39f8f0b0 to target 78c33e4e-d029-4a9e-a807-e422689b4b08
2023-09-07 14:19:59,114 [main] DEBUG balancer.ContainerBalancerTask (ContainerBalancerTask.java:matchSourceWithTarget(708)) - ContainerBalancer is finding suitable target for source datanode c5c85e31-a19b-4272-a22a-e6cb0cee2697
2023-09-07 14:19:59,114 [main] INFO  balancer.FindTargetGreedyByUsageInfo (AbstractFindTargetGreedy.java:findTargetForContainerMove(133)) - Container Balancer could not find a target for source datanode c5c85e31-a19b-4272-a22a-e6cb0cee2697
2023-09-07 14:19:59,115 [main] DEBUG balancer.ContainerBalancerTask (ContainerBalancerTask.java:matchSourceWithTarget(717)) - ContainerBalancer could not find a suitable target for source node c5c85e31-a19b-4272-a22a-e6cb0cee2697.
2023-09-07 14:19:59,117 [main] DEBUG balancer.ContainerBalancerTask (ContainerBalancerTask.java:matchSourceWithTarget(708)) - ContainerBalancer is finding suitable target for source datanode 248ac389-ea7e-46b0-9205-df1e39f8f0b0
2023-09-07 14:19:59,117 [main] INFO  balancer.FindTargetGreedyByUsageInfo (AbstractFindTargetGreedy.java:findTargetForContainerMove(133)) - Container Balancer could not find a target for source datanode 248ac389-ea7e-46b0-9205-df1e39f8f0b0
2023-09-07 14:19:59,118 [main] DEBUG balancer.ContainerBalancerTask (ContainerBalancerTask.java:matchSourceWithTarget(717)) - ContainerBalancer could not find a suitable target for source node 248ac389-ea7e-46b0-9205-df1e39f8f0b0.
2023-09-07 14:19:59,120 [main] DEBUG balancer.ContainerBalancerTask (ContainerBalancerTask.java:matchSourceWithTarget(708)) - ContainerBalancer is finding suitable target for source datanode 421584f2-e4cc-47d8-8aed-944c88f08bcd
2023-09-07 14:19:59,120 [main] INFO  balancer.FindTargetGreedyByUsageInfo (AbstractFindTargetGreedy.java:findTargetForContainerMove(133)) - Container Balancer could not find a target for source datanode 421584f2-e4cc-47d8-8aed-944c88f08bcd
2023-09-07 14:19:59,120 [main] DEBUG balancer.ContainerBalancerTask (ContainerBalancerTask.java:matchSourceWithTarget(717)) - ContainerBalancer could not find a suitable target for source node 421584f2-e4cc-47d8-8aed-944c88f08bcd.
2023-09-07 14:19:59,120 [main] INFO  balancer.FindSourceGreedy (FindSourceGreedy.java:getNextCandidateSourceDataNode(126)) - no more candidate source data node
2023-09-07 14:19:59,121 [main] INFO  balancer.ContainerBalancerTask (ContainerBalancerTask.java:checkIterationMoveResults(642)) - Iteration Summary. Number of Datanodes involved: 3. Size moved: 15 GB (16106127360 Bytes). Number of Container moves completed: 3.
2023-09-07 14:19:59,121 [main] INFO  balancer.ContainerBalancerTask (ContainerBalancerTask.java:balance(259)) - Result of this iteration of Container Balancer: ITERATION_COMPLETED
2023-09-07 14:19:59,121 [main] INFO  balancer.ContainerBalancerTask (ContainerBalancerTask.java:tryStopWithSaveConfiguration(308)) - Save Configuration for stopping. Reason: Completed all iterations.
2023-09-07 14:19:59,121 [main] DEBUG balancer.ContainerBalancerTask (ContainerBalancerTask.java:initializeIteration(374)) - Average utilization of the cluster is 0.3421445052540577
2023-09-07 14:19:59,122 [main] DEBUG balancer.ContainerBalancerTask (ContainerBalancerTask.java:initializeIteration(386)) - Lower limit for utilization is 0.2287131723035527 and Upper limit for utilization is 0.4555758382045627
2023-09-07 14:19:59,122 [main] DEBUG balancer.ContainerBalancerTask (ContainerBalancerTask.java:initializeIteration(398)) - Utilization for node c5c85e31-a19b-4272-a22a-e6cb0cee2697 with capacity 63231462968B, used 56908316672B, and remaining 6323146296B is 0.9000000000126519
2023-09-07 14:19:59,122 [main] DEBUG balancer.ContainerBalancerTask (ContainerBalancerTask.java:initializeIteration(398)) - Utilization for node 248ac389-ea7e-46b0-9205-df1e39f8f0b0 with capacity 60397977600B, used 48318382080B, and remaining 12079595520B is 0.8
2023-09-07 14:19:59,122 [main] DEBUG balancer.ContainerBalancerTask (ContainerBalancerTask.java:initializeIteration(398)) - Utilization for node 421584f2-e4cc-47d8-8aed-944c88f08bcd with capacity 67492343222B, used 47244640256B, and remaining 20247702966B is 0.7000000000088898
2023-09-07 14:19:59,122 [main] DEBUG balancer.ContainerBalancerTask (ContainerBalancerTask.java:initializeIteration(398)) - Utilization for node 77dfbcba-6605-4fdc-8d0e-9fe202378cb7 with capacity 69793218560B, used 41875931136B, and remaining 27917287424B is 0.6
2023-09-07 14:19:59,122 [main] DEBUG balancer.ContainerBalancerTask (ContainerBalancerTask.java:initializeIteration(398)) - Utilization for node 5b777bfe-eb24-4b97-bd1c-28e1b122001c with capacity 85899345920B, used 42949672960B, and remaining 42949672960B is 0.5
2023-09-07 14:19:59,122 [main] DEBUG balancer.ContainerBalancerTask (ContainerBalancerTask.java:initializeIteration(398)) - Utilization for node ca939f99-ab0b-4d29-a42f-f44b56056ae7 with capacity 83214991360B, used 33285996544B, and remaining 49928994816B is 0.4
2023-09-07 14:19:59,122 [main] DEBUG balancer.ContainerBalancerTask (ContainerBalancerTask.java:initializeIteration(398)) - Utilization for node f1108a0e-23cf-44a7-85cb-287ff4c7c6ee with capacity 139586437120B, used 41875931136B, and remaining 97710505984B is 0.3
2023-09-07 14:19:59,122 [main] DEBUG balancer.ContainerBalancerTask (ContainerBalancerTask.java:initializeIteration(398)) - Utilization for node dd8ee5d2-e7f7-433c-8670-3d9c860724d2 with capacity 177167400960B, used 35433480192B, and remaining 141733920768B is 0.2
2023-09-07 14:19:59,122 [main] DEBUG balancer.ContainerBalancerTask (ContainerBalancerTask.java:initializeIteration(398)) - Utilization for node dce3138a-b1d4-4857-bfab-faeb886e2eb0 with capacity 343597383680B, used 34359738368B, and remaining 309237645312B is 0.1
2023-09-07 14:19:59,122 [main] DEBUG balancer.ContainerBalancerTask (ContainerBalancerTask.java:initializeIteration(398)) - Utilization for node 78c33e4e-d029-4a9e-a807-e422689b4b08 with capacity 26843545600B, used 0B, and remaining 26843545600B is 0.0
2023-09-07 14:19:59,122 [main] INFO  balancer.ContainerBalancerTask (ContainerBalancerTask.java:initializeIteration(447)) - Container Balancer has identified 5 Over-Utilized and 3 Under-Utilized Datanodes that need to be balanced.
2023-09-07 14:19:59,122 [main] DEBUG balancer.ContainerBalancerTask (ContainerBalancerTask.java:lambda$initializeIteration$1(453)) - Datanode localhost-98.159.20.181 c5c85e31-a19b-4272-a22a-e6cb0cee2697 is Over-Utilized.
2023-09-07 14:19:59,123 [main] DEBUG balancer.ContainerBalancerTask (ContainerBalancerTask.java:lambda$initializeIteration$1(453)) - Datanode localhost-195.53.202.168 248ac389-ea7e-46b0-9205-df1e39f8f0b0 is Over-Utilized.
2023-09-07 14:19:59,123 [main] DEBUG balancer.ContainerBalancerTask (ContainerBalancerTask.java:lambda$initializeIteration$1(453)) - Datanode localhost-130.14.218.10 421584f2-e4cc-47d8-8aed-944c88f08bcd is Over-Utilized.
2023-09-07 14:19:59,123 [main] DEBUG balancer.ContainerBalancerTask (ContainerBalancerTask.java:lambda$initializeIteration$1(453)) - Datanode localhost-129.122.164.149 77dfbcba-6605-4fdc-8d0e-9fe202378cb7 is Over-Utilized.
2023-09-07 14:19:59,123 [main] DEBUG balancer.ContainerBalancerTask (ContainerBalancerTask.java:lambda$initializeIteration$1(453)) - Datanode localhost-48.199.75.188 5b777bfe-eb24-4b97-bd1c-28e1b122001c is Over-Utilized.
2023-09-07 14:19:59,123 [main] DEBUG balancer.ContainerBalancerTask (ContainerBalancerTask.java:lambda$initializeIteration$2(459)) - Datanode localhost-61.34.16.17 78c33e4e-d029-4a9e-a807-e422689b4b08 is Under-Utilized.
2023-09-07 14:19:59,123 [main] DEBUG balancer.ContainerBalancerTask (ContainerBalancerTask.java:lambda$initializeIteration$2(459)) - Datanode localhost-151.238.238.245 dce3138a-b1d4-4857-bfab-faeb886e2eb0 is Under-Utilized.
2023-09-07 14:19:59,123 [main] DEBUG balancer.ContainerBalancerTask (ContainerBalancerTask.java:lambda$initializeIteration$2(459)) - Datanode localhost-77.205.48.120 dd8ee5d2-e7f7-433c-8670-3d9c860724d2 is Under-Utilized.
2023-09-07 14:19:59,125 [main] DEBUG balancer.ContainerBalancerTask (ContainerBalancerTask.java:matchSourceWithTarget(708)) - ContainerBalancer is finding suitable target for source datanode c5c85e31-a19b-4272-a22a-e6cb0cee2697
2023-09-07 14:19:59,126 [main] INFO  balancer.ContainerBalancerTask (ContainerBalancerTask.java:matchSourceWithTarget(722)) - ContainerBalancer matched source datanode c5c85e31-a19b-4272-a22a-e6cb0cee2697 with target datanode 78c33e4e-d029-4a9e-a807-e422689b4b08 for container move.
2023-09-07 14:19:59,126 [main] INFO  balancer.ContainerBalancerTask (ContainerBalancerTask.java:processMoveSelection(569)) - ContainerBalancer is trying to move container #85 with size 5368709120B from source datanode c5c85e31-a19b-4272-a22a-e6cb0cee2697 to target datanode 78c33e4e-d029-4a9e-a807-e422689b4b08
2023-09-07 14:19:59,126 [main] DEBUG balancer.ContainerBalancerTask (ContainerBalancerTask.java:lambda$moveContainer$3(837)) - Container move completed for container #85 from source c5c85e31-a19b-4272-a22a-e6cb0cee2697 to target 78c33e4e-d029-4a9e-a807-e422689b4b08
2023-09-07 14:19:59,129 [main] DEBUG balancer.ContainerBalancerTask (ContainerBalancerTask.java:matchSourceWithTarget(708)) - ContainerBalancer is finding suitable target for source datanode c5c85e31-a19b-4272-a22a-e6cb0cee2697
2023-09-07 14:19:59,129 [main] INFO  balancer.ContainerBalancerTask (ContainerBalancerTask.java:matchSourceWithTarget(722)) - ContainerBalancer matched source datanode c5c85e31-a19b-4272-a22a-e6cb0cee2697 with target datanode dce3138a-b1d4-4857-bfab-faeb886e2eb0 for container move.
2023-09-07 14:19:59,129 [main] INFO  balancer.ContainerBalancerTask (ContainerBalancerTask.java:processMoveSelection(569)) - ContainerBalancer is trying to move container #68 with size 5368709120B from source datanode c5c85e31-a19b-4272-a22a-e6cb0cee2697 to target datanode dce3138a-b1d4-4857-bfab-faeb886e2eb0
2023-09-07 14:19:59,129 [main] DEBUG balancer.ContainerBalancerTask (ContainerBalancerTask.java:lambda$moveContainer$3(837)) - Container move completed for container #68 from source c5c85e31-a19b-4272-a22a-e6cb0cee2697 to target dce3138a-b1d4-4857-bfab-faeb886e2eb0
2023-09-07 14:19:59,131 [main] DEBUG balancer.ContainerBalancerTask (ContainerBalancerTask.java:matchSourceWithTarget(708)) - ContainerBalancer is finding suitable target for source datanode 248ac389-ea7e-46b0-9205-df1e39f8f0b0
2023-09-07 14:19:59,131 [main] INFO  balancer.ContainerBalancerTask (ContainerBalancerTask.java:matchSourceWithTarget(722)) - ContainerBalancer matched source datanode 248ac389-ea7e-46b0-9205-df1e39f8f0b0 with target datanode dce3138a-b1d4-4857-bfab-faeb886e2eb0 for container move.
2023-09-07 14:19:59,131 [main] INFO  balancer.ContainerBalancerTask (ContainerBalancerTask.java:processMoveSelection(569)) - ContainerBalancer is trying to move container #29 with size 5368709120B from source datanode 248ac389-ea7e-46b0-9205-df1e39f8f0b0 to target datanode dce3138a-b1d4-4857-bfab-faeb886e2eb0
2023-09-07 14:19:59,132 [main] DEBUG balancer.ContainerBalancerTask (ContainerBalancerTask.java:lambda$moveContainer$3(837)) - Container move completed for container #29 from source 248ac389-ea7e-46b0-9205-df1e39f8f0b0 to target dce3138a-b1d4-4857-bfab-faeb886e2eb0
2023-09-07 14:19:59,134 [main] DEBUG balancer.ContainerBalancerTask (ContainerBalancerTask.java:matchSourceWithTarget(708)) - ContainerBalancer is finding suitable target for source datanode c5c85e31-a19b-4272-a22a-e6cb0cee2697
2023-09-07 14:19:59,134 [main] INFO  balancer.ContainerBalancerTask (ContainerBalancerTask.java:matchSourceWithTarget(722)) - ContainerBalancer matched source datanode c5c85e31-a19b-4272-a22a-e6cb0cee2697 with target datanode dce3138a-b1d4-4857-bfab-faeb886e2eb0 for container move.
2023-09-07 14:19:59,134 [main] INFO  balancer.ContainerBalancerTask (ContainerBalancerTask.java:processMoveSelection(569)) - ContainerBalancer is trying to move container #89 with size 4294967296B from source datanode c5c85e31-a19b-4272-a22a-e6cb0cee2697 to target datanode dce3138a-b1d4-4857-bfab-faeb886e2eb0
2023-09-07 14:19:59,134 [main] DEBUG balancer.ContainerBalancerTask (ContainerBalancerTask.java:lambda$moveContainer$3(837)) - Container move completed for container #89 from source c5c85e31-a19b-4272-a22a-e6cb0cee2697 to target dce3138a-b1d4-4857-bfab-faeb886e2eb0
2023-09-07 14:19:59,137 [main] DEBUG balancer.ContainerBalancerTask (ContainerBalancerTask.java:matchSourceWithTarget(708)) - ContainerBalancer is finding suitable target for source datanode 248ac389-ea7e-46b0-9205-df1e39f8f0b0
2023-09-07 14:19:59,137 [main] INFO  balancer.ContainerBalancerTask (ContainerBalancerTask.java:matchSourceWithTarget(722)) - ContainerBalancer matched source datanode 248ac389-ea7e-46b0-9205-df1e39f8f0b0 with target datanode dce3138a-b1d4-4857-bfab-faeb886e2eb0 for container move.
2023-09-07 14:19:59,137 [main] INFO  balancer.ContainerBalancerTask (ContainerBalancerTask.java:processMoveSelection(569)) - ContainerBalancer is trying to move container #67 with size 4294967296B from source datanode 248ac389-ea7e-46b0-9205-df1e39f8f0b0 to target datanode dce3138a-b1d4-4857-bfab-faeb886e2eb0
2023-09-07 14:19:59,137 [main] DEBUG balancer.ContainerBalancerTask (ContainerBalancerTask.java:lambda$moveContainer$3(837)) - Container move completed for container #67 from source 248ac389-ea7e-46b0-9205-df1e39f8f0b0 to target dce3138a-b1d4-4857-bfab-faeb886e2eb0
2023-09-07 14:19:59,139 [main] DEBUG balancer.ContainerBalancerTask (ContainerBalancerTask.java:matchSourceWithTarget(708)) - ContainerBalancer is finding suitable target for source datanode 421584f2-e4cc-47d8-8aed-944c88f08bcd
2023-09-07 14:19:59,139 [main] INFO  balancer.ContainerBalancerTask (ContainerBalancerTask.java:matchSourceWithTarget(722)) - ContainerBalancer matched source datanode 421584f2-e4cc-47d8-8aed-944c88f08bcd with target datanode dce3138a-b1d4-4857-bfab-faeb886e2eb0 for container move.
2023-09-07 14:19:59,139 [main] INFO  balancer.ContainerBalancerTask (ContainerBalancerTask.java:processMoveSelection(569)) - ContainerBalancer is trying to move container #53 with size 5368709120B from source datanode 421584f2-e4cc-47d8-8aed-944c88f08bcd to target datanode dce3138a-b1d4-4857-bfab-faeb886e2eb0
2023-09-07 14:19:59,139 [main] DEBUG balancer.ContainerBalancerTask (ContainerBalancerTask.java:lambda$moveContainer$3(837)) - Container move completed for container #53 from source 421584f2-e4cc-47d8-8aed-944c88f08bcd to target dce3138a-b1d4-4857-bfab-faeb886e2eb0
2023-09-07 14:19:59,142 [main] DEBUG balancer.ContainerBalancerTask (ContainerBalancerTask.java:matchSourceWithTarget(708)) - ContainerBalancer is finding suitable target for source datanode c5c85e31-a19b-4272-a22a-e6cb0cee2697
2023-09-07 14:19:59,142 [main] INFO  balancer.ContainerBalancerTask (ContainerBalancerTask.java:matchSourceWithTarget(722)) - ContainerBalancer matched source datanode c5c85e31-a19b-4272-a22a-e6cb0cee2697 with target datanode dce3138a-b1d4-4857-bfab-faeb886e2eb0 for container move.
2023-09-07 14:19:59,142 [main] INFO  balancer.ContainerBalancerTask (ContainerBalancerTask.java:processMoveSelection(569)) - ContainerBalancer is trying to move container #84 with size 4294967296B from source datanode c5c85e31-a19b-4272-a22a-e6cb0cee2697 to target datanode dce3138a-b1d4-4857-bfab-faeb886e2eb0
2023-09-07 14:19:59,142 [main] DEBUG balancer.ContainerBalancerTask (ContainerBalancerTask.java:lambda$moveContainer$3(837)) - Container move completed for container #84 from source c5c85e31-a19b-4272-a22a-e6cb0cee2697 to target dce3138a-b1d4-4857-bfab-faeb886e2eb0
2023-09-07 14:19:59,147 [main] DEBUG balancer.ContainerBalancerTask (ContainerBalancerTask.java:matchSourceWithTarget(708)) - ContainerBalancer is finding suitable target for source datanode 248ac389-ea7e-46b0-9205-df1e39f8f0b0
2023-09-07 14:19:59,147 [main] INFO  balancer.ContainerBalancerTask (ContainerBalancerTask.java:matchSourceWithTarget(722)) - ContainerBalancer matched source datanode 248ac389-ea7e-46b0-9205-df1e39f8f0b0 with target datanode dce3138a-b1d4-4857-bfab-faeb886e2eb0 for container move.
2023-09-07 14:19:59,147 [main] INFO  balancer.ContainerBalancerTask (ContainerBalancerTask.java:processMoveSelection(569)) - ContainerBalancer is trying to move container #66 with size 3221225472B from source datanode 248ac389-ea7e-46b0-9205-df1e39f8f0b0 to target datanode dce3138a-b1d4-4857-bfab-faeb886e2eb0
2023-09-07 14:19:59,147 [main] DEBUG balancer.ContainerBalancerTask (ContainerBalancerTask.java:lambda$moveContainer$3(837)) - Container move completed for container #66 from source 248ac389-ea7e-46b0-9205-df1e39f8f0b0 to target dce3138a-b1d4-4857-bfab-faeb886e2eb0
2023-09-07 14:19:59,149 [main] DEBUG balancer.ContainerBalancerTask (ContainerBalancerTask.java:matchSourceWithTarget(708)) - ContainerBalancer is finding suitable target for source datanode 421584f2-e4cc-47d8-8aed-944c88f08bcd
2023-09-07 14:19:59,149 [main] INFO  balancer.ContainerBalancerTask (ContainerBalancerTask.java:matchSourceWithTarget(722)) - ContainerBalancer matched source datanode 421584f2-e4cc-47d8-8aed-944c88f08bcd with target datanode dce3138a-b1d4-4857-bfab-faeb886e2eb0 for container move.
2023-09-07 14:19:59,150 [main] INFO  balancer.ContainerBalancerTask (ContainerBalancerTask.java:processMoveSelection(569)) - ContainerBalancer is trying to move container #52 with size 4294967296B from source datanode 421584f2-e4cc-47d8-8aed-944c88f08bcd to target datanode dce3138a-b1d4-4857-bfab-faeb886e2eb0
2023-09-07 14:19:59,150 [main] DEBUG balancer.ContainerBalancerTask (ContainerBalancerTask.java:lambda$moveContainer$3(837)) - Container move completed for container #52 from source 421584f2-e4cc-47d8-8aed-944c88f08bcd to target dce3138a-b1d4-4857-bfab-faeb886e2eb0
2023-09-07 14:19:59,152 [main] DEBUG balancer.ContainerBalancerTask (ContainerBalancerTask.java:matchSourceWithTarget(708)) - ContainerBalancer is finding suitable target for source datanode 77dfbcba-6605-4fdc-8d0e-9fe202378cb7
2023-09-07 14:19:59,152 [main] INFO  balancer.ContainerBalancerTask (ContainerBalancerTask.java:matchSourceWithTarget(722)) - ContainerBalancer matched source datanode 77dfbcba-6605-4fdc-8d0e-9fe202378cb7 with target datanode dd8ee5d2-e7f7-433c-8670-3d9c860724d2 for container move.
2023-09-07 14:19:59,152 [main] INFO  balancer.ContainerBalancerTask (ContainerBalancerTask.java:processMoveSelection(569)) - ContainerBalancer is trying to move container #39 with size 4294967296B from source datanode 77dfbcba-6605-4fdc-8d0e-9fe202378cb7 to target datanode dd8ee5d2-e7f7-433c-8670-3d9c860724d2
2023-09-07 14:19:59,152 [main] DEBUG balancer.ContainerBalancerTask (ContainerBalancerTask.java:lambda$moveContainer$3(837)) - Container move completed for container #39 from source 77dfbcba-6605-4fdc-8d0e-9fe202378cb7 to target dd8ee5d2-e7f7-433c-8670-3d9c860724d2
2023-09-07 14:19:59,155 [main] DEBUG balancer.ContainerBalancerTask (ContainerBalancerTask.java:matchSourceWithTarget(708)) - ContainerBalancer is finding suitable target for source datanode c5c85e31-a19b-4272-a22a-e6cb0cee2697
2023-09-07 14:19:59,155 [main] INFO  balancer.ContainerBalancerTask (ContainerBalancerTask.java:matchSourceWithTarget(722)) - ContainerBalancer matched source datanode c5c85e31-a19b-4272-a22a-e6cb0cee2697 with target datanode 78c33e4e-d029-4a9e-a807-e422689b4b08 for container move.
2023-09-07 14:19:59,156 [main] INFO  balancer.ContainerBalancerTask (ContainerBalancerTask.java:processMoveSelection(569)) - ContainerBalancer is trying to move container #88 with size 3221225472B from source datanode c5c85e31-a19b-4272-a22a-e6cb0cee2697 to target datanode 78c33e4e-d029-4a9e-a807-e422689b4b08
2023-09-07 14:19:59,156 [main] DEBUG balancer.ContainerBalancerTask (ContainerBalancerTask.java:lambda$moveContainer$3(837)) - Container move completed for container #88 from source c5c85e31-a19b-4272-a22a-e6cb0cee2697 to target 78c33e4e-d029-4a9e-a807-e422689b4b08
2023-09-07 14:19:59,158 [main] DEBUG balancer.ContainerBalancerTask (ContainerBalancerTask.java:matchSourceWithTarget(708)) - ContainerBalancer is finding suitable target for source datanode 248ac389-ea7e-46b0-9205-df1e39f8f0b0
2023-09-07 14:19:59,158 [main] INFO  balancer.ContainerBalancerTask (ContainerBalancerTask.java:matchSourceWithTarget(722)) - ContainerBalancer matched source datanode 248ac389-ea7e-46b0-9205-df1e39f8f0b0 with target datanode dce3138a-b1d4-4857-bfab-faeb886e2eb0 for container move.
2023-09-07 14:19:59,158 [main] INFO  balancer.ContainerBalancerTask (ContainerBalancerTask.java:processMoveSelection(569)) - ContainerBalancer is trying to move container #11 with size 3221225472B from source datanode 248ac389-ea7e-46b0-9205-df1e39f8f0b0 to target datanode dce3138a-b1d4-4857-bfab-faeb886e2eb0
2023-09-07 14:19:59,159 [main] DEBUG balancer.ContainerBalancerTask (ContainerBalancerTask.java:lambda$moveContainer$3(837)) - Container move completed for container #11 from source 248ac389-ea7e-46b0-9205-df1e39f8f0b0 to target dce3138a-b1d4-4857-bfab-faeb886e2eb0
2023-09-07 14:19:59,161 [main] DEBUG balancer.ContainerBalancerTask (ContainerBalancerTask.java:matchSourceWithTarget(708)) - ContainerBalancer is finding suitable target for source datanode 421584f2-e4cc-47d8-8aed-944c88f08bcd
2023-09-07 14:19:59,161 [main] INFO  balancer.ContainerBalancerTask (ContainerBalancerTask.java:matchSourceWithTarget(722)) - ContainerBalancer matched source datanode 421584f2-e4cc-47d8-8aed-944c88f08bcd with target datanode dce3138a-b1d4-4857-bfab-faeb886e2eb0 for container move.
2023-09-07 14:19:59,161 [main] INFO  balancer.ContainerBalancerTask (ContainerBalancerTask.java:processMoveSelection(569)) - ContainerBalancer is trying to move container #49 with size 1073741824B from source datanode 421584f2-e4cc-47d8-8aed-944c88f08bcd to target datanode dce3138a-b1d4-4857-bfab-faeb886e2eb0
2023-09-07 14:19:59,161 [main] DEBUG balancer.ContainerBalancerTask (ContainerBalancerTask.java:lambda$moveContainer$3(837)) - Container move completed for container #49 from source 421584f2-e4cc-47d8-8aed-944c88f08bcd to target dce3138a-b1d4-4857-bfab-faeb886e2eb0
2023-09-07 14:19:59,162 [main] WARN  balancer.ContainerBalancerTask (ContainerBalancerTask.java:reachedMaxSizeToMovePerIteration(733)) - Reached max size to move limit. 53687091200 bytes have already been scheduled for balancing and the limit is 53687091200 bytes.
2023-09-07 14:19:59,162 [main] INFO  balancer.ContainerBalancerTask (ContainerBalancerTask.java:checkIterationMoveResults(642)) - Iteration Summary. Number of Datanodes involved: 7. Size moved: 50 GB (53687091200 Bytes). Number of Container moves completed: 13.
2023-09-07 14:19:59,162 [main] INFO  balancer.ContainerBalancerTask (ContainerBalancerTask.java:balance(259)) - Result of this iteration of Container Balancer: ITERATION_COMPLETED
2023-09-07 14:19:59,162 [main] INFO  balancer.ContainerBalancerTask (ContainerBalancerTask.java:tryStopWithSaveConfiguration(308)) - Save Configuration for stopping. Reason: Completed all iterations.
2023-09-07 14:19:59,162 [main] DEBUG balancer.ContainerBalancerTask (ContainerBalancerTask.java:initializeIteration(374)) - Average utilization of the cluster is 0.3421445052540577
2023-09-07 14:19:59,163 [main] DEBUG balancer.ContainerBalancerTask (ContainerBalancerTask.java:initializeIteration(386)) - Lower limit for utilization is -0.3874446089863012 and Upper limit for utilization is 1.0717336194944167
2023-09-07 14:19:59,163 [main] DEBUG balancer.ContainerBalancerTask (ContainerBalancerTask.java:initializeIteration(398)) - Utilization for node c5c85e31-a19b-4272-a22a-e6cb0cee2697 with capacity 63231462968B, used 56908316672B, and remaining 6323146296B is 0.9000000000126519
2023-09-07 14:19:59,163 [main] DEBUG balancer.ContainerBalancerTask (ContainerBalancerTask.java:initializeIteration(398)) - Utilization for node 248ac389-ea7e-46b0-9205-df1e39f8f0b0 with capacity 60397977600B, used 48318382080B, and remaining 12079595520B is 0.8
2023-09-07 14:19:59,163 [main] DEBUG balancer.ContainerBalancerTask (ContainerBalancerTask.java:initializeIteration(398)) - Utilization for node 421584f2-e4cc-47d8-8aed-944c88f08bcd with capacity 67492343222B, used 47244640256B, and remaining 20247702966B is 0.7000000000088898
2023-09-07 14:19:59,163 [main] DEBUG balancer.ContainerBalancerTask (ContainerBalancerTask.java:initializeIteration(398)) - Utilization for node 77dfbcba-6605-4fdc-8d0e-9fe202378cb7 with capacity 69793218560B, used 41875931136B, and remaining 27917287424B is 0.6
2023-09-07 14:19:59,163 [main] DEBUG balancer.ContainerBalancerTask (ContainerBalancerTask.java:initializeIteration(398)) - Utilization for node 5b777bfe-eb24-4b97-bd1c-28e1b122001c with capacity 85899345920B, used 42949672960B, and remaining 42949672960B is 0.5
2023-09-07 14:19:59,163 [main] DEBUG balancer.ContainerBalancerTask (ContainerBalancerTask.java:initializeIteration(398)) - Utilization for node ca939f99-ab0b-4d29-a42f-f44b56056ae7 with capacity 83214991360B, used 33285996544B, and remaining 49928994816B is 0.4
2023-09-07 14:19:59,163 [main] DEBUG balancer.ContainerBalancerTask (ContainerBalancerTask.java:initializeIteration(398)) - Utilization for node f1108a0e-23cf-44a7-85cb-287ff4c7c6ee with capacity 139586437120B, used 41875931136B, and remaining 97710505984B is 0.3
2023-09-07 14:19:59,163 [main] DEBUG balancer.ContainerBalancerTask (ContainerBalancerTask.java:initializeIteration(398)) - Utilization for node dd8ee5d2-e7f7-433c-8670-3d9c860724d2 with capacity 177167400960B, used 35433480192B, and remaining 141733920768B is 0.2
2023-09-07 14:19:59,163 [main] DEBUG balancer.ContainerBalancerTask (ContainerBalancerTask.java:initializeIteration(398)) - Utilization for node dce3138a-b1d4-4857-bfab-faeb886e2eb0 with capacity 343597383680B, used 34359738368B, and remaining 309237645312B is 0.1
2023-09-07 14:19:59,163 [main] DEBUG balancer.ContainerBalancerTask (ContainerBalancerTask.java:initializeIteration(398)) - Utilization for node 78c33e4e-d029-4a9e-a807-e422689b4b08 with capacity 26843545600B, used 0B, and remaining 26843545600B is 0.0
2023-09-07 14:19:59,163 [main] INFO  balancer.ContainerBalancerTask (ContainerBalancerTask.java:initializeIteration(443)) - Did not find any unbalanced Datanodes.
2023-09-07 14:19:59,164 [main] INFO  balancer.ContainerBalancerTask (ContainerBalancerTask.java:tryStopWithSaveConfiguration(308)) - Save Configuration for stopping. Reason: Could not initialize ContainerBalancer's iteration number 0
2023-09-07 14:19:59,164 [main] DEBUG balancer.ContainerBalancerTask (ContainerBalancerTask.java:initializeIteration(374)) - Average utilization of the cluster is 0.3421445052540577
2023-09-07 14:19:59,164 [main] DEBUG balancer.ContainerBalancerTask (ContainerBalancerTask.java:initializeIteration(386)) - Lower limit for utilization is -0.5874605229760642 and Upper limit for utilization is 1.2717495334841797
2023-09-07 14:19:59,164 [main] DEBUG balancer.ContainerBalancerTask (ContainerBalancerTask.java:initializeIteration(398)) - Utilization for node c5c85e31-a19b-4272-a22a-e6cb0cee2697 with capacity 63231462968B, used 56908316672B, and remaining 6323146296B is 0.9000000000126519
2023-09-07 14:19:59,164 [main] DEBUG balancer.ContainerBalancerTask (ContainerBalancerTask.java:initializeIteration(398)) - Utilization for node 248ac389-ea7e-46b0-9205-df1e39f8f0b0 with capacity 60397977600B, used 48318382080B, and remaining 12079595520B is 0.8
2023-09-07 14:19:59,164 [main] DEBUG balancer.ContainerBalancerTask (ContainerBalancerTask.java:initializeIteration(398)) - Utilization for node 421584f2-e4cc-47d8-8aed-944c88f08bcd with capacity 67492343222B, used 47244640256B, and remaining 20247702966B is 0.7000000000088898
2023-09-07 14:19:59,165 [main] DEBUG balancer.ContainerBalancerTask (ContainerBalancerTask.java:initializeIteration(398)) - Utilization for node 77dfbcba-6605-4fdc-8d0e-9fe202378cb7 with capacity 69793218560B, used 41875931136B, and remaining 27917287424B is 0.6
2023-09-07 14:19:59,165 [main] DEBUG balancer.ContainerBalancerTask (ContainerBalancerTask.java:initializeIteration(398)) - Utilization for node 5b777bfe-eb24-4b97-bd1c-28e1b122001c with capacity 85899345920B, used 42949672960B, and remaining 42949672960B is 0.5
2023-09-07 14:19:59,165 [main] DEBUG balancer.ContainerBalancerTask (ContainerBalancerTask.java:initializeIteration(398)) - Utilization for node ca939f99-ab0b-4d29-a42f-f44b56056ae7 with capacity 83214991360B, used 33285996544B, and remaining 49928994816B is 0.4
2023-09-07 14:19:59,165 [main] DEBUG balancer.ContainerBalancerTask (ContainerBalancerTask.java:initializeIteration(398)) - Utilization for node f1108a0e-23cf-44a7-85cb-287ff4c7c6ee with capacity 139586437120B, used 41875931136B, and remaining 97710505984B is 0.3
2023-09-07 14:19:59,165 [main] DEBUG balancer.ContainerBalancerTask (ContainerBalancerTask.java:initializeIteration(398)) - Utilization for node dd8ee5d2-e7f7-433c-8670-3d9c860724d2 with capacity 177167400960B, used 35433480192B, and remaining 141733920768B is 0.2
2023-09-07 14:19:59,165 [main] DEBUG balancer.ContainerBalancerTask (ContainerBalancerTask.java:initializeIteration(398)) - Utilization for node dce3138a-b1d4-4857-bfab-faeb886e2eb0 with capacity 343597383680B, used 34359738368B, and remaining 309237645312B is 0.1
2023-09-07 14:19:59,165 [main] DEBUG balancer.ContainerBalancerTask (ContainerBalancerTask.java:initializeIteration(398)) - Utilization for node 78c33e4e-d029-4a9e-a807-e422689b4b08 with capacity 26843545600B, used 0B, and remaining 26843545600B is 0.0
2023-09-07 14:19:59,165 [main] INFO  balancer.ContainerBalancerTask (ContainerBalancerTask.java:initializeIteration(443)) - Did not find any unbalanced Datanodes.
2023-09-07 14:19:59,165 [main] INFO  balancer.ContainerBalancerTask (ContainerBalancerTask.java:tryStopWithSaveConfiguration(308)) - Save Configuration for stopping. Reason: Could not initialize ContainerBalancer's iteration number 0
2023-09-07 14:19:59,166 [main] DEBUG balancer.ContainerBalancerTask (ContainerBalancerTask.java:initializeIteration(374)) - Average utilization of the cluster is 0.3421445052540577
2023-09-07 14:19:59,166 [main] DEBUG balancer.ContainerBalancerTask (ContainerBalancerTask.java:initializeIteration(386)) - Lower limit for utilization is -0.3512145264077495 and Upper limit for utilization is 1.035503536915865
2023-09-07 14:19:59,166 [main] DEBUG balancer.ContainerBalancerTask (ContainerBalancerTask.java:initializeIteration(398)) - Utilization for node c5c85e31-a19b-4272-a22a-e6cb0cee2697 with capacity 63231462968B, used 56908316672B, and remaining 6323146296B is 0.9000000000126519
2023-09-07 14:19:59,166 [main] DEBUG balancer.ContainerBalancerTask (ContainerBalancerTask.java:initializeIteration(398)) - Utilization for node 248ac389-ea7e-46b0-9205-df1e39f8f0b0 with capacity 60397977600B, used 48318382080B, and remaining 12079595520B is 0.8
2023-09-07 14:19:59,166 [main] DEBUG balancer.ContainerBalancerTask (ContainerBalancerTask.java:initializeIteration(398)) - Utilization for node 421584f2-e4cc-47d8-8aed-944c88f08bcd with capacity 67492343222B, used 47244640256B, and remaining 20247702966B is 0.7000000000088898
2023-09-07 14:19:59,166 [main] DEBUG balancer.ContainerBalancerTask (ContainerBalancerTask.java:initializeIteration(398)) - Utilization for node 77dfbcba-6605-4fdc-8d0e-9fe202378cb7 with capacity 69793218560B, used 41875931136B, and remaining 27917287424B is 0.6
2023-09-07 14:19:59,166 [main] DEBUG balancer.ContainerBalancerTask (ContainerBalancerTask.java:initializeIteration(398)) - Utilization for node 5b777bfe-eb24-4b97-bd1c-28e1b122001c with capacity 85899345920B, used 42949672960B, and remaining 42949672960B is 0.5
2023-09-07 14:19:59,166 [main] DEBUG balancer.ContainerBalancerTask (ContainerBalancerTask.java:initializeIteration(398)) - Utilization for node ca939f99-ab0b-4d29-a42f-f44b56056ae7 with capacity 83214991360B, used 33285996544B, and remaining 49928994816B is 0.4
2023-09-07 14:19:59,166 [main] DEBUG balancer.ContainerBalancerTask (ContainerBalancerTask.java:initializeIteration(398)) - Utilization for node f1108a0e-23cf-44a7-85cb-287ff4c7c6ee with capacity 139586437120B, used 41875931136B, and remaining 97710505984B is 0.3
2023-09-07 14:19:59,166 [main] DEBUG balancer.ContainerBalancerTask (ContainerBalancerTask.java:initializeIteration(398)) - Utilization for node dd8ee5d2-e7f7-433c-8670-3d9c860724d2 with capacity 177167400960B, used 35433480192B, and remaining 141733920768B is 0.2
2023-09-07 14:19:59,166 [main] DEBUG balancer.ContainerBalancerTask (ContainerBalancerTask.java:initializeIteration(398)) - Utilization for node dce3138a-b1d4-4857-bfab-faeb886e2eb0 with capacity 343597383680B, used 34359738368B, and remaining 309237645312B is 0.1
2023-09-07 14:19:59,167 [main] DEBUG balancer.ContainerBalancerTask (ContainerBalancerTask.java:initializeIteration(398)) - Utilization for node 78c33e4e-d029-4a9e-a807-e422689b4b08 with capacity 26843545600B, used 0B, and remaining 26843545600B is 0.0
2023-09-07 14:19:59,167 [main] INFO  balancer.ContainerBalancerTask (ContainerBalancerTask.java:initializeIteration(443)) - Did not find any unbalanced Datanodes.
2023-09-07 14:19:59,167 [main] INFO  balancer.ContainerBalancerTask (ContainerBalancerTask.java:tryStopWithSaveConfiguration(308)) - Save Configuration for stopping. Reason: Could not initialize ContainerBalancer's iteration number 0
2023-09-07 14:19:59,167 [main] DEBUG balancer.ContainerBalancerTask (ContainerBalancerTask.java:initializeIteration(374)) - Average utilization of the cluster is 0.3421445052540577
2023-09-07 14:19:59,167 [main] DEBUG balancer.ContainerBalancerTask (ContainerBalancerTask.java:initializeIteration(386)) - Lower limit for utilization is -0.13600698234263126 and Upper limit for utilization is 0.8202959928507467
2023-09-07 14:19:59,167 [main] DEBUG balancer.ContainerBalancerTask (ContainerBalancerTask.java:initializeIteration(398)) - Utilization for node c5c85e31-a19b-4272-a22a-e6cb0cee2697 with capacity 63231462968B, used 56908316672B, and remaining 6323146296B is 0.9000000000126519
2023-09-07 14:19:59,168 [main] DEBUG balancer.ContainerBalancerTask (ContainerBalancerTask.java:initializeIteration(398)) - Utilization for node 248ac389-ea7e-46b0-9205-df1e39f8f0b0 with capacity 60397977600B, used 48318382080B, and remaining 12079595520B is 0.8
2023-09-07 14:19:59,168 [main] DEBUG balancer.ContainerBalancerTask (ContainerBalancerTask.java:initializeIteration(398)) - Utilization for node 421584f2-e4cc-47d8-8aed-944c88f08bcd with capacity 67492343222B, used 47244640256B, and remaining 20247702966B is 0.7000000000088898
2023-09-07 14:19:59,168 [main] DEBUG balancer.ContainerBalancerTask (ContainerBalancerTask.java:initializeIteration(398)) - Utilization for node 77dfbcba-6605-4fdc-8d0e-9fe202378cb7 with capacity 69793218560B, used 41875931136B, and remaining 27917287424B is 0.6
2023-09-07 14:19:59,168 [main] DEBUG balancer.ContainerBalancerTask (ContainerBalancerTask.java:initializeIteration(398)) - Utilization for node 5b777bfe-eb24-4b97-bd1c-28e1b122001c with capacity 85899345920B, used 42949672960B, and remaining 42949672960B is 0.5
2023-09-07 14:19:59,168 [main] DEBUG balancer.ContainerBalancerTask (ContainerBalancerTask.java:initializeIteration(398)) - Utilization for node ca939f99-ab0b-4d29-a42f-f44b56056ae7 with capacity 83214991360B, used 33285996544B, and remaining 49928994816B is 0.4
2023-09-07 14:19:59,168 [main] DEBUG balancer.ContainerBalancerTask (ContainerBalancerTask.java:initializeIteration(398)) - Utilization for node f1108a0e-23cf-44a7-85cb-287ff4c7c6ee with capacity 139586437120B, used 41875931136B, and remaining 97710505984B is 0.3
2023-09-07 14:19:59,168 [main] DEBUG balancer.ContainerBalancerTask (ContainerBalancerTask.java:initializeIteration(398)) - Utilization for node dd8ee5d2-e7f7-433c-8670-3d9c860724d2 with capacity 177167400960B, used 35433480192B, and remaining 141733920768B is 0.2
2023-09-07 14:19:59,168 [main] DEBUG balancer.ContainerBalancerTask (ContainerBalancerTask.java:initializeIteration(398)) - Utilization for node dce3138a-b1d4-4857-bfab-faeb886e2eb0 with capacity 343597383680B, used 34359738368B, and remaining 309237645312B is 0.1
2023-09-07 14:19:59,168 [main] DEBUG balancer.ContainerBalancerTask (ContainerBalancerTask.java:initializeIteration(398)) - Utilization for node 78c33e4e-d029-4a9e-a807-e422689b4b08 with capacity 26843545600B, used 0B, and remaining 26843545600B is 0.0
2023-09-07 14:19:59,168 [main] INFO  balancer.ContainerBalancerTask (ContainerBalancerTask.java:initializeIteration(447)) - Container Balancer has identified 1 Over-Utilized and 0 Under-Utilized Datanodes that need to be balanced.
2023-09-07 14:19:59,168 [main] DEBUG balancer.ContainerBalancerTask (ContainerBalancerTask.java:lambda$initializeIteration$1(453)) - Datanode localhost-98.159.20.181 c5c85e31-a19b-4272-a22a-e6cb0cee2697 is Over-Utilized.
2023-09-07 14:19:59,171 [main] DEBUG balancer.ContainerBalancerTask (ContainerBalancerTask.java:matchSourceWithTarget(708)) - ContainerBalancer is finding suitable target for source datanode c5c85e31-a19b-4272-a22a-e6cb0cee2697
2023-09-07 14:19:59,171 [main] INFO  balancer.FindTargetGreedyByUsageInfo (AbstractFindTargetGreedy.java:findTargetForContainerMove(133)) - Container Balancer could not find a target for source datanode c5c85e31-a19b-4272-a22a-e6cb0cee2697
2023-09-07 14:19:59,171 [main] DEBUG balancer.ContainerBalancerTask (ContainerBalancerTask.java:matchSourceWithTarget(717)) - ContainerBalancer could not find a suitable target for source node c5c85e31-a19b-4272-a22a-e6cb0cee2697.
2023-09-07 14:19:59,171 [main] INFO  balancer.FindSourceGreedy (FindSourceGreedy.java:getNextCandidateSourceDataNode(126)) - no more candidate source data node
2023-09-07 14:19:59,171 [main] INFO  balancer.ContainerBalancerTask (ContainerBalancerTask.java:balance(259)) - Result of this iteration of Container Balancer: CAN_NOT_BALANCE_ANY_MORE
2023-09-07 14:19:59,171 [main] INFO  balancer.ContainerBalancerTask (ContainerBalancerTask.java:tryStopWithSaveConfiguration(308)) - Save Configuration for stopping. Reason: CAN_NOT_BALANCE_ANY_MORE
2023-09-07 14:19:59,172 [main] DEBUG balancer.ContainerBalancerTask (ContainerBalancerTask.java:initializeIteration(374)) - Average utilization of the cluster is 0.3421445052540577
2023-09-07 14:19:59,172 [main] DEBUG balancer.ContainerBalancerTask (ContainerBalancerTask.java:initializeIteration(386)) - Lower limit for utilization is 0.12047409606364734 and Upper limit for utilization is 0.5638149144444681
2023-09-07 14:19:59,172 [main] DEBUG balancer.ContainerBalancerTask (ContainerBalancerTask.java:initializeIteration(398)) - Utilization for node c5c85e31-a19b-4272-a22a-e6cb0cee2697 with capacity 63231462968B, used 56908316672B, and remaining 6323146296B is 0.9000000000126519
2023-09-07 14:19:59,172 [main] DEBUG balancer.ContainerBalancerTask (ContainerBalancerTask.java:initializeIteration(398)) - Utilization for node 248ac389-ea7e-46b0-9205-df1e39f8f0b0 with capacity 60397977600B, used 48318382080B, and remaining 12079595520B is 0.8
2023-09-07 14:19:59,172 [main] DEBUG balancer.ContainerBalancerTask (ContainerBalancerTask.java:initializeIteration(398)) - Utilization for node 421584f2-e4cc-47d8-8aed-944c88f08bcd with capacity 67492343222B, used 47244640256B, and remaining 20247702966B is 0.7000000000088898
2023-09-07 14:19:59,172 [main] DEBUG balancer.ContainerBalancerTask (ContainerBalancerTask.java:initializeIteration(398)) - Utilization for node 77dfbcba-6605-4fdc-8d0e-9fe202378cb7 with capacity 69793218560B, used 41875931136B, and remaining 27917287424B is 0.6
2023-09-07 14:19:59,172 [main] DEBUG balancer.ContainerBalancerTask (ContainerBalancerTask.java:initializeIteration(398)) - Utilization for node 5b777bfe-eb24-4b97-bd1c-28e1b122001c with capacity 85899345920B, used 42949672960B, and remaining 42949672960B is 0.5
2023-09-07 14:19:59,172 [main] DEBUG balancer.ContainerBalancerTask (ContainerBalancerTask.java:initializeIteration(398)) - Utilization for node ca939f99-ab0b-4d29-a42f-f44b56056ae7 with capacity 83214991360B, used 33285996544B, and remaining 49928994816B is 0.4
2023-09-07 14:19:59,172 [main] DEBUG balancer.ContainerBalancerTask (ContainerBalancerTask.java:initializeIteration(398)) - Utilization for node f1108a0e-23cf-44a7-85cb-287ff4c7c6ee with capacity 139586437120B, used 41875931136B, and remaining 97710505984B is 0.3
2023-09-07 14:19:59,172 [main] DEBUG balancer.ContainerBalancerTask (ContainerBalancerTask.java:initializeIteration(398)) - Utilization for node dd8ee5d2-e7f7-433c-8670-3d9c860724d2 with capacity 177167400960B, used 35433480192B, and remaining 141733920768B is 0.2
2023-09-07 14:19:59,173 [main] DEBUG balancer.ContainerBalancerTask (ContainerBalancerTask.java:initializeIteration(398)) - Utilization for node dce3138a-b1d4-4857-bfab-faeb886e2eb0 with capacity 343597383680B, used 34359738368B, and remaining 309237645312B is 0.1
2023-09-07 14:19:59,173 [main] DEBUG balancer.ContainerBalancerTask (ContainerBalancerTask.java:initializeIteration(398)) - Utilization for node 78c33e4e-d029-4a9e-a807-e422689b4b08 with capacity 26843545600B, used 0B, and remaining 26843545600B is 0.0
2023-09-07 14:19:59,173 [main] INFO  balancer.ContainerBalancerTask (ContainerBalancerTask.java:initializeIteration(447)) - Container Balancer has identified 4 Over-Utilized and 2 Under-Utilized Datanodes that need to be balanced.
2023-09-07 14:19:59,173 [main] DEBUG balancer.ContainerBalancerTask (ContainerBalancerTask.java:lambda$initializeIteration$1(453)) - Datanode localhost-98.159.20.181 c5c85e31-a19b-4272-a22a-e6cb0cee2697 is Over-Utilized.
2023-09-07 14:19:59,173 [main] DEBUG balancer.ContainerBalancerTask (ContainerBalancerTask.java:lambda$initializeIteration$1(453)) - Datanode localhost-195.53.202.168 248ac389-ea7e-46b0-9205-df1e39f8f0b0 is Over-Utilized.
2023-09-07 14:19:59,173 [main] DEBUG balancer.ContainerBalancerTask (ContainerBalancerTask.java:lambda$initializeIteration$1(453)) - Datanode localhost-130.14.218.10 421584f2-e4cc-47d8-8aed-944c88f08bcd is Over-Utilized.
2023-09-07 14:19:59,173 [main] DEBUG balancer.ContainerBalancerTask (ContainerBalancerTask.java:lambda$initializeIteration$1(453)) - Datanode localhost-129.122.164.149 77dfbcba-6605-4fdc-8d0e-9fe202378cb7 is Over-Utilized.
2023-09-07 14:19:59,173 [main] DEBUG balancer.ContainerBalancerTask (ContainerBalancerTask.java:lambda$initializeIteration$2(459)) - Datanode localhost-61.34.16.17 78c33e4e-d029-4a9e-a807-e422689b4b08 is Under-Utilized.
2023-09-07 14:19:59,173 [main] DEBUG balancer.ContainerBalancerTask (ContainerBalancerTask.java:lambda$initializeIteration$2(459)) - Datanode localhost-151.238.238.245 dce3138a-b1d4-4857-bfab-faeb886e2eb0 is Under-Utilized.
2023-09-07 14:19:59,176 [main] DEBUG balancer.ContainerBalancerTask (ContainerBalancerTask.java:matchSourceWithTarget(708)) - ContainerBalancer is finding suitable target for source datanode c5c85e31-a19b-4272-a22a-e6cb0cee2697
2023-09-07 14:19:59,176 [main] INFO  balancer.ContainerBalancerTask (ContainerBalancerTask.java:matchSourceWithTarget(722)) - ContainerBalancer matched source datanode c5c85e31-a19b-4272-a22a-e6cb0cee2697 with target datanode 78c33e4e-d029-4a9e-a807-e422689b4b08 for container move.
2023-09-07 14:19:59,176 [main] INFO  balancer.ContainerBalancerTask (ContainerBalancerTask.java:processMoveSelection(569)) - ContainerBalancer is trying to move container #85 with size 5368709120B from source datanode c5c85e31-a19b-4272-a22a-e6cb0cee2697 to target datanode 78c33e4e-d029-4a9e-a807-e422689b4b08
2023-09-07 14:19:59,176 [main] DEBUG balancer.ContainerBalancerTask (ContainerBalancerTask.java:lambda$moveContainer$3(837)) - Container move completed for container #85 from source c5c85e31-a19b-4272-a22a-e6cb0cee2697 to target 78c33e4e-d029-4a9e-a807-e422689b4b08
2023-09-07 14:19:59,178 [main] DEBUG balancer.ContainerBalancerTask (ContainerBalancerTask.java:matchSourceWithTarget(708)) - ContainerBalancer is finding suitable target for source datanode c5c85e31-a19b-4272-a22a-e6cb0cee2697
2023-09-07 14:19:59,564 [main] INFO  balancer.ContainerBalancerTask (ContainerBalancerTask.java:matchSourceWithTarget(722)) - ContainerBalancer matched source datanode c5c85e31-a19b-4272-a22a-e6cb0cee2697 with target datanode dce3138a-b1d4-4857-bfab-faeb886e2eb0 for container move.
2023-09-07 14:19:59,565 [main] INFO  balancer.ContainerBalancerTask (ContainerBalancerTask.java:processMoveSelection(569)) - ContainerBalancer is trying to move container #68 with size 5368709120B from source datanode c5c85e31-a19b-4272-a22a-e6cb0cee2697 to target datanode dce3138a-b1d4-4857-bfab-faeb886e2eb0
2023-09-07 14:19:59,565 [main] DEBUG balancer.ContainerBalancerTask (ContainerBalancerTask.java:lambda$moveContainer$3(837)) - Container move completed for container #68 from source c5c85e31-a19b-4272-a22a-e6cb0cee2697 to target dce3138a-b1d4-4857-bfab-faeb886e2eb0
2023-09-07 14:19:59,567 [main] DEBUG balancer.ContainerBalancerTask (ContainerBalancerTask.java:matchSourceWithTarget(708)) - ContainerBalancer is finding suitable target for source datanode 248ac389-ea7e-46b0-9205-df1e39f8f0b0
2023-09-07 14:19:59,567 [main] INFO  balancer.ContainerBalancerTask (ContainerBalancerTask.java:matchSourceWithTarget(722)) - ContainerBalancer matched source datanode 248ac389-ea7e-46b0-9205-df1e39f8f0b0 with target datanode dce3138a-b1d4-4857-bfab-faeb886e2eb0 for container move.
2023-09-07 14:19:59,568 [main] INFO  balancer.ContainerBalancerTask (ContainerBalancerTask.java:processMoveSelection(569)) - ContainerBalancer is trying to move container #29 with size 5368709120B from source datanode 248ac389-ea7e-46b0-9205-df1e39f8f0b0 to target datanode dce3138a-b1d4-4857-bfab-faeb886e2eb0
2023-09-07 14:19:59,572 [main] DEBUG balancer.ContainerBalancerTask (ContainerBalancerTask.java:lambda$moveContainer$3(837)) - Container move completed for container #29 from source 248ac389-ea7e-46b0-9205-df1e39f8f0b0 to target dce3138a-b1d4-4857-bfab-faeb886e2eb0
2023-09-07 14:19:59,575 [main] DEBUG balancer.ContainerBalancerTask (ContainerBalancerTask.java:matchSourceWithTarget(708)) - ContainerBalancer is finding suitable target for source datanode c5c85e31-a19b-4272-a22a-e6cb0cee2697
2023-09-07 14:19:59,575 [main] INFO  balancer.ContainerBalancerTask (ContainerBalancerTask.java:matchSourceWithTarget(722)) - ContainerBalancer matched source datanode c5c85e31-a19b-4272-a22a-e6cb0cee2697 with target datanode dce3138a-b1d4-4857-bfab-faeb886e2eb0 for container move.
2023-09-07 14:19:59,575 [main] INFO  balancer.ContainerBalancerTask (ContainerBalancerTask.java:processMoveSelection(569)) - ContainerBalancer is trying to move container #89 with size 4294967296B from source datanode c5c85e31-a19b-4272-a22a-e6cb0cee2697 to target datanode dce3138a-b1d4-4857-bfab-faeb886e2eb0
2023-09-07 14:19:59,575 [main] DEBUG balancer.ContainerBalancerTask (ContainerBalancerTask.java:lambda$moveContainer$3(837)) - Container move completed for container #89 from source c5c85e31-a19b-4272-a22a-e6cb0cee2697 to target dce3138a-b1d4-4857-bfab-faeb886e2eb0
2023-09-07 14:19:59,577 [main] DEBUG balancer.ContainerBalancerTask (ContainerBalancerTask.java:matchSourceWithTarget(708)) - ContainerBalancer is finding suitable target for source datanode 248ac389-ea7e-46b0-9205-df1e39f8f0b0
2023-09-07 14:19:59,577 [main] INFO  balancer.ContainerBalancerTask (ContainerBalancerTask.java:matchSourceWithTarget(722)) - ContainerBalancer matched source datanode 248ac389-ea7e-46b0-9205-df1e39f8f0b0 with target datanode dce3138a-b1d4-4857-bfab-faeb886e2eb0 for container move.
2023-09-07 14:19:59,578 [main] INFO  balancer.ContainerBalancerTask (ContainerBalancerTask.java:processMoveSelection(569)) - ContainerBalancer is trying to move container #67 with size 4294967296B from source datanode 248ac389-ea7e-46b0-9205-df1e39f8f0b0 to target datanode dce3138a-b1d4-4857-bfab-faeb886e2eb0
2023-09-07 14:19:59,578 [main] DEBUG balancer.ContainerBalancerTask (ContainerBalancerTask.java:lambda$moveContainer$3(837)) - Container move completed for container #67 from source 248ac389-ea7e-46b0-9205-df1e39f8f0b0 to target dce3138a-b1d4-4857-bfab-faeb886e2eb0
2023-09-07 14:19:59,580 [main] DEBUG balancer.ContainerBalancerTask (ContainerBalancerTask.java:matchSourceWithTarget(708)) - ContainerBalancer is finding suitable target for source datanode 421584f2-e4cc-47d8-8aed-944c88f08bcd
2023-09-07 14:19:59,580 [main] INFO  balancer.ContainerBalancerTask (ContainerBalancerTask.java:matchSourceWithTarget(722)) - ContainerBalancer matched source datanode 421584f2-e4cc-47d8-8aed-944c88f08bcd with target datanode dce3138a-b1d4-4857-bfab-faeb886e2eb0 for container move.
2023-09-07 14:19:59,580 [main] INFO  balancer.ContainerBalancerTask (ContainerBalancerTask.java:processMoveSelection(569)) - ContainerBalancer is trying to move container #53 with size 5368709120B from source datanode 421584f2-e4cc-47d8-8aed-944c88f08bcd to target datanode dce3138a-b1d4-4857-bfab-faeb886e2eb0
2023-09-07 14:19:59,583 [main] DEBUG balancer.ContainerBalancerTask (ContainerBalancerTask.java:lambda$moveContainer$3(837)) - Container move completed for container #53 from source 421584f2-e4cc-47d8-8aed-944c88f08bcd to target dce3138a-b1d4-4857-bfab-faeb886e2eb0
2023-09-07 14:19:59,585 [main] DEBUG balancer.ContainerBalancerTask (ContainerBalancerTask.java:matchSourceWithTarget(708)) - ContainerBalancer is finding suitable target for source datanode c5c85e31-a19b-4272-a22a-e6cb0cee2697
2023-09-07 14:19:59,586 [main] INFO  balancer.ContainerBalancerTask (ContainerBalancerTask.java:matchSourceWithTarget(722)) - ContainerBalancer matched source datanode c5c85e31-a19b-4272-a22a-e6cb0cee2697 with target datanode dce3138a-b1d4-4857-bfab-faeb886e2eb0 for container move.
2023-09-07 14:19:59,586 [main] INFO  balancer.ContainerBalancerTask (ContainerBalancerTask.java:processMoveSelection(569)) - ContainerBalancer is trying to move container #84 with size 4294967296B from source datanode c5c85e31-a19b-4272-a22a-e6cb0cee2697 to target datanode dce3138a-b1d4-4857-bfab-faeb886e2eb0
2023-09-07 14:19:59,586 [main] DEBUG balancer.ContainerBalancerTask (ContainerBalancerTask.java:lambda$moveContainer$3(837)) - Container move completed for container #84 from source c5c85e31-a19b-4272-a22a-e6cb0cee2697 to target dce3138a-b1d4-4857-bfab-faeb886e2eb0
2023-09-07 14:19:59,588 [main] DEBUG balancer.ContainerBalancerTask (ContainerBalancerTask.java:matchSourceWithTarget(708)) - ContainerBalancer is finding suitable target for source datanode 248ac389-ea7e-46b0-9205-df1e39f8f0b0
2023-09-07 14:19:59,588 [main] INFO  balancer.ContainerBalancerTask (ContainerBalancerTask.java:matchSourceWithTarget(722)) - ContainerBalancer matched source datanode 248ac389-ea7e-46b0-9205-df1e39f8f0b0 with target datanode dce3138a-b1d4-4857-bfab-faeb886e2eb0 for container move.
2023-09-07 14:19:59,588 [main] INFO  balancer.ContainerBalancerTask (ContainerBalancerTask.java:processMoveSelection(569)) - ContainerBalancer is trying to move container #66 with size 3221225472B from source datanode 248ac389-ea7e-46b0-9205-df1e39f8f0b0 to target datanode dce3138a-b1d4-4857-bfab-faeb886e2eb0
2023-09-07 14:19:59,589 [main] DEBUG balancer.ContainerBalancerTask (ContainerBalancerTask.java:lambda$moveContainer$3(837)) - Container move completed for container #66 from source 248ac389-ea7e-46b0-9205-df1e39f8f0b0 to target dce3138a-b1d4-4857-bfab-faeb886e2eb0
2023-09-07 14:19:59,591 [main] DEBUG balancer.ContainerBalancerTask (ContainerBalancerTask.java:matchSourceWithTarget(708)) - ContainerBalancer is finding suitable target for source datanode 421584f2-e4cc-47d8-8aed-944c88f08bcd
2023-09-07 14:19:59,591 [main] INFO  balancer.ContainerBalancerTask (ContainerBalancerTask.java:matchSourceWithTarget(722)) - ContainerBalancer matched source datanode 421584f2-e4cc-47d8-8aed-944c88f08bcd with target datanode dce3138a-b1d4-4857-bfab-faeb886e2eb0 for container move.
2023-09-07 14:19:59,591 [main] INFO  balancer.ContainerBalancerTask (ContainerBalancerTask.java:processMoveSelection(569)) - ContainerBalancer is trying to move container #52 with size 4294967296B from source datanode 421584f2-e4cc-47d8-8aed-944c88f08bcd to target datanode dce3138a-b1d4-4857-bfab-faeb886e2eb0
2023-09-07 14:19:59,591 [main] DEBUG balancer.ContainerBalancerTask (ContainerBalancerTask.java:lambda$moveContainer$3(837)) - Container move completed for container #52 from source 421584f2-e4cc-47d8-8aed-944c88f08bcd to target dce3138a-b1d4-4857-bfab-faeb886e2eb0
2023-09-07 14:19:59,593 [main] DEBUG balancer.ContainerBalancerTask (ContainerBalancerTask.java:matchSourceWithTarget(708)) - ContainerBalancer is finding suitable target for source datanode 77dfbcba-6605-4fdc-8d0e-9fe202378cb7
2023-09-07 14:19:59,594 [main] INFO  balancer.ContainerBalancerTask (ContainerBalancerTask.java:matchSourceWithTarget(722)) - ContainerBalancer matched source datanode 77dfbcba-6605-4fdc-8d0e-9fe202378cb7 with target datanode 78c33e4e-d029-4a9e-a807-e422689b4b08 for container move.
2023-09-07 14:19:59,594 [main] INFO  balancer.ContainerBalancerTask (ContainerBalancerTask.java:processMoveSelection(569)) - ContainerBalancer is trying to move container #40 with size 5368709120B from source datanode 77dfbcba-6605-4fdc-8d0e-9fe202378cb7 to target datanode 78c33e4e-d029-4a9e-a807-e422689b4b08
2023-09-07 14:19:59,594 [main] DEBUG balancer.ContainerBalancerTask (ContainerBalancerTask.java:lambda$moveContainer$3(837)) - Container move completed for container #40 from source 77dfbcba-6605-4fdc-8d0e-9fe202378cb7 to target 78c33e4e-d029-4a9e-a807-e422689b4b08
2023-09-07 14:19:59,597 [main] DEBUG balancer.ContainerBalancerTask (ContainerBalancerTask.java:matchSourceWithTarget(708)) - ContainerBalancer is finding suitable target for source datanode c5c85e31-a19b-4272-a22a-e6cb0cee2697
2023-09-07 14:19:59,597 [main] INFO  balancer.ContainerBalancerTask (ContainerBalancerTask.java:matchSourceWithTarget(722)) - ContainerBalancer matched source datanode c5c85e31-a19b-4272-a22a-e6cb0cee2697 with target datanode dce3138a-b1d4-4857-bfab-faeb886e2eb0 for container move.
2023-09-07 14:19:59,597 [main] INFO  balancer.ContainerBalancerTask (ContainerBalancerTask.java:processMoveSelection(569)) - ContainerBalancer is trying to move container #88 with size 3221225472B from source datanode c5c85e31-a19b-4272-a22a-e6cb0cee2697 to target datanode dce3138a-b1d4-4857-bfab-faeb886e2eb0
2023-09-07 14:19:59,597 [main] DEBUG balancer.ContainerBalancerTask (ContainerBalancerTask.java:lambda$moveContainer$3(837)) - Container move completed for container #88 from source c5c85e31-a19b-4272-a22a-e6cb0cee2697 to target dce3138a-b1d4-4857-bfab-faeb886e2eb0
2023-09-07 14:19:59,599 [main] DEBUG balancer.ContainerBalancerTask (ContainerBalancerTask.java:matchSourceWithTarget(708)) - ContainerBalancer is finding suitable target for source datanode 248ac389-ea7e-46b0-9205-df1e39f8f0b0
2023-09-07 14:19:59,600 [main] INFO  balancer.ContainerBalancerTask (ContainerBalancerTask.java:matchSourceWithTarget(722)) - ContainerBalancer matched source datanode 248ac389-ea7e-46b0-9205-df1e39f8f0b0 with target datanode dce3138a-b1d4-4857-bfab-faeb886e2eb0 for container move.
2023-09-07 14:19:59,600 [main] INFO  balancer.ContainerBalancerTask (ContainerBalancerTask.java:processMoveSelection(569)) - ContainerBalancer is trying to move container #11 with size 3221225472B from source datanode 248ac389-ea7e-46b0-9205-df1e39f8f0b0 to target datanode dce3138a-b1d4-4857-bfab-faeb886e2eb0
2023-09-07 14:19:59,600 [main] DEBUG balancer.ContainerBalancerTask (ContainerBalancerTask.java:lambda$moveContainer$3(837)) - Container move completed for container #11 from source 248ac389-ea7e-46b0-9205-df1e39f8f0b0 to target dce3138a-b1d4-4857-bfab-faeb886e2eb0
2023-09-07 14:19:59,600 [main] WARN  balancer.ContainerBalancerTask (ContainerBalancerTask.java:reachedMaxSizeToMovePerIteration(733)) - Reached max size to move limit. 53687091200 bytes have already been scheduled for balancing and the limit is 53687091200 bytes.
2023-09-07 14:19:59,600 [main] INFO  balancer.ContainerBalancerTask (ContainerBalancerTask.java:checkIterationMoveResults(642)) - Iteration Summary. Number of Datanodes involved: 6. Size moved: 50 GB (53687091200 Bytes). Number of Container moves completed: 12.
2023-09-07 14:19:59,600 [main] INFO  balancer.ContainerBalancerTask (ContainerBalancerTask.java:balance(259)) - Result of this iteration of Container Balancer: ITERATION_COMPLETED
2023-09-07 14:19:59,600 [main] INFO  balancer.ContainerBalancerTask (ContainerBalancerTask.java:tryStopWithSaveConfiguration(308)) - Save Configuration for stopping. Reason: Completed all iterations.
2023-09-07 14:19:59,601 [main] DEBUG balancer.ContainerBalancerTask (ContainerBalancerTask.java:initializeIteration(374)) - Average utilization of the cluster is 0.3421445052540577
2023-09-07 14:19:59,601 [main] DEBUG balancer.ContainerBalancerTask (ContainerBalancerTask.java:initializeIteration(386)) - Lower limit for utilization is 0.17305165995132676 and Upper limit for utilization is 0.5112373505567887
2023-09-07 14:19:59,601 [main] DEBUG balancer.ContainerBalancerTask (ContainerBalancerTask.java:initializeIteration(398)) - Utilization for node c5c85e31-a19b-4272-a22a-e6cb0cee2697 with capacity 63231462968B, used 56908316672B, and remaining 6323146296B is 0.9000000000126519
2023-09-07 14:19:59,601 [main] DEBUG balancer.ContainerBalancerTask (ContainerBalancerTask.java:initializeIteration(398)) - Utilization for node 248ac389-ea7e-46b0-9205-df1e39f8f0b0 with capacity 60397977600B, used 48318382080B, and remaining 12079595520B is 0.8
2023-09-07 14:19:59,601 [main] DEBUG balancer.ContainerBalancerTask (ContainerBalancerTask.java:initializeIteration(398)) - Utilization for node 421584f2-e4cc-47d8-8aed-944c88f08bcd with capacity 67492343222B, used 47244640256B, and remaining 20247702966B is 0.7000000000088898
2023-09-07 14:19:59,602 [main] DEBUG balancer.ContainerBalancerTask (ContainerBalancerTask.java:initializeIteration(398)) - Utilization for node 77dfbcba-6605-4fdc-8d0e-9fe202378cb7 with capacity 69793218560B, used 41875931136B, and remaining 27917287424B is 0.6
2023-09-07 14:19:59,602 [main] DEBUG balancer.ContainerBalancerTask (ContainerBalancerTask.java:initializeIteration(398)) - Utilization for node 5b777bfe-eb24-4b97-bd1c-28e1b122001c with capacity 85899345920B, used 42949672960B, and remaining 42949672960B is 0.5
2023-09-07 14:19:59,602 [main] DEBUG balancer.ContainerBalancerTask (ContainerBalancerTask.java:initializeIteration(398)) - Utilization for node ca939f99-ab0b-4d29-a42f-f44b56056ae7 with capacity 83214991360B, used 33285996544B, and remaining 49928994816B is 0.4
2023-09-07 14:19:59,602 [main] DEBUG balancer.ContainerBalancerTask (ContainerBalancerTask.java:initializeIteration(398)) - Utilization for node f1108a0e-23cf-44a7-85cb-287ff4c7c6ee with capacity 139586437120B, used 41875931136B, and remaining 97710505984B is 0.3
2023-09-07 14:19:59,602 [main] DEBUG balancer.ContainerBalancerTask (ContainerBalancerTask.java:initializeIteration(398)) - Utilization for node dd8ee5d2-e7f7-433c-8670-3d9c860724d2 with capacity 177167400960B, used 35433480192B, and remaining 141733920768B is 0.2
2023-09-07 14:19:59,602 [main] DEBUG balancer.ContainerBalancerTask (ContainerBalancerTask.java:initializeIteration(398)) - Utilization for node dce3138a-b1d4-4857-bfab-faeb886e2eb0 with capacity 343597383680B, used 34359738368B, and remaining 309237645312B is 0.1
2023-09-07 14:19:59,602 [main] DEBUG balancer.ContainerBalancerTask (ContainerBalancerTask.java:initializeIteration(398)) - Utilization for node 78c33e4e-d029-4a9e-a807-e422689b4b08 with capacity 26843545600B, used 0B, and remaining 26843545600B is 0.0
2023-09-07 14:19:59,602 [main] INFO  balancer.ContainerBalancerTask (ContainerBalancerTask.java:initializeIteration(447)) - Container Balancer has identified 4 Over-Utilized and 2 Under-Utilized Datanodes that need to be balanced.
2023-09-07 14:19:59,602 [main] DEBUG balancer.ContainerBalancerTask (ContainerBalancerTask.java:lambda$initializeIteration$1(453)) - Datanode localhost-98.159.20.181 c5c85e31-a19b-4272-a22a-e6cb0cee2697 is Over-Utilized.
2023-09-07 14:19:59,602 [main] DEBUG balancer.ContainerBalancerTask (ContainerBalancerTask.java:lambda$initializeIteration$1(453)) - Datanode localhost-195.53.202.168 248ac389-ea7e-46b0-9205-df1e39f8f0b0 is Over-Utilized.
2023-09-07 14:19:59,602 [main] DEBUG balancer.ContainerBalancerTask (ContainerBalancerTask.java:lambda$initializeIteration$1(453)) - Datanode localhost-130.14.218.10 421584f2-e4cc-47d8-8aed-944c88f08bcd is Over-Utilized.
2023-09-07 14:19:59,603 [main] DEBUG balancer.ContainerBalancerTask (ContainerBalancerTask.java:lambda$initializeIteration$1(453)) - Datanode localhost-129.122.164.149 77dfbcba-6605-4fdc-8d0e-9fe202378cb7 is Over-Utilized.
2023-09-07 14:19:59,603 [main] DEBUG balancer.ContainerBalancerTask (ContainerBalancerTask.java:lambda$initializeIteration$2(459)) - Datanode localhost-61.34.16.17 78c33e4e-d029-4a9e-a807-e422689b4b08 is Under-Utilized.
2023-09-07 14:19:59,603 [main] DEBUG balancer.ContainerBalancerTask (ContainerBalancerTask.java:lambda$initializeIteration$2(459)) - Datanode localhost-151.238.238.245 dce3138a-b1d4-4857-bfab-faeb886e2eb0 is Under-Utilized.
2023-09-07 14:19:59,605 [main] DEBUG balancer.ContainerBalancerTask (ContainerBalancerTask.java:matchSourceWithTarget(708)) - ContainerBalancer is finding suitable target for source datanode c5c85e31-a19b-4272-a22a-e6cb0cee2697
2023-09-07 14:19:59,606 [main] INFO  balancer.ContainerBalancerTask (ContainerBalancerTask.java:matchSourceWithTarget(722)) - ContainerBalancer matched source datanode c5c85e31-a19b-4272-a22a-e6cb0cee2697 with target datanode 78c33e4e-d029-4a9e-a807-e422689b4b08 for container move.
2023-09-07 14:19:59,606 [main] INFO  balancer.ContainerBalancerTask (ContainerBalancerTask.java:processMoveSelection(569)) - ContainerBalancer is trying to move container #85 with size 5368709120B from source datanode c5c85e31-a19b-4272-a22a-e6cb0cee2697 to target datanode 78c33e4e-d029-4a9e-a807-e422689b4b08
2023-09-07 14:19:59,606 [main] DEBUG balancer.ContainerBalancerTask (ContainerBalancerTask.java:lambda$moveContainer$3(837)) - Container move completed for container #85 from source c5c85e31-a19b-4272-a22a-e6cb0cee2697 to target 78c33e4e-d029-4a9e-a807-e422689b4b08
2023-09-07 14:19:59,608 [main] DEBUG balancer.ContainerBalancerTask (ContainerBalancerTask.java:matchSourceWithTarget(708)) - ContainerBalancer is finding suitable target for source datanode c5c85e31-a19b-4272-a22a-e6cb0cee2697
2023-09-07 14:19:59,608 [main] INFO  balancer.ContainerBalancerTask (ContainerBalancerTask.java:matchSourceWithTarget(722)) - ContainerBalancer matched source datanode c5c85e31-a19b-4272-a22a-e6cb0cee2697 with target datanode dce3138a-b1d4-4857-bfab-faeb886e2eb0 for container move.
2023-09-07 14:19:59,608 [main] INFO  balancer.ContainerBalancerTask (ContainerBalancerTask.java:processMoveSelection(569)) - ContainerBalancer is trying to move container #68 with size 5368709120B from source datanode c5c85e31-a19b-4272-a22a-e6cb0cee2697 to target datanode dce3138a-b1d4-4857-bfab-faeb886e2eb0
2023-09-07 14:19:59,609 [main] DEBUG balancer.ContainerBalancerTask (ContainerBalancerTask.java:lambda$moveContainer$3(837)) - Container move completed for container #68 from source c5c85e31-a19b-4272-a22a-e6cb0cee2697 to target dce3138a-b1d4-4857-bfab-faeb886e2eb0
2023-09-07 14:19:59,611 [main] DEBUG balancer.ContainerBalancerTask (ContainerBalancerTask.java:matchSourceWithTarget(708)) - ContainerBalancer is finding suitable target for source datanode 248ac389-ea7e-46b0-9205-df1e39f8f0b0
2023-09-07 14:19:59,611 [main] INFO  balancer.ContainerBalancerTask (ContainerBalancerTask.java:matchSourceWithTarget(722)) - ContainerBalancer matched source datanode 248ac389-ea7e-46b0-9205-df1e39f8f0b0 with target datanode dce3138a-b1d4-4857-bfab-faeb886e2eb0 for container move.
2023-09-07 14:19:59,611 [main] INFO  balancer.ContainerBalancerTask (ContainerBalancerTask.java:processMoveSelection(569)) - ContainerBalancer is trying to move container #29 with size 5368709120B from source datanode 248ac389-ea7e-46b0-9205-df1e39f8f0b0 to target datanode dce3138a-b1d4-4857-bfab-faeb886e2eb0
2023-09-07 14:19:59,611 [main] DEBUG balancer.ContainerBalancerTask (ContainerBalancerTask.java:lambda$moveContainer$3(837)) - Container move completed for container #29 from source 248ac389-ea7e-46b0-9205-df1e39f8f0b0 to target dce3138a-b1d4-4857-bfab-faeb886e2eb0
2023-09-07 14:19:59,614 [main] DEBUG balancer.ContainerBalancerTask (ContainerBalancerTask.java:matchSourceWithTarget(708)) - ContainerBalancer is finding suitable target for source datanode c5c85e31-a19b-4272-a22a-e6cb0cee2697
2023-09-07 14:19:59,614 [main] INFO  balancer.ContainerBalancerTask (ContainerBalancerTask.java:matchSourceWithTarget(722)) - ContainerBalancer matched source datanode c5c85e31-a19b-4272-a22a-e6cb0cee2697 with target datanode dce3138a-b1d4-4857-bfab-faeb886e2eb0 for container move.
2023-09-07 14:19:59,614 [main] INFO  balancer.ContainerBalancerTask (ContainerBalancerTask.java:processMoveSelection(569)) - ContainerBalancer is trying to move container #89 with size 4294967296B from source datanode c5c85e31-a19b-4272-a22a-e6cb0cee2697 to target datanode dce3138a-b1d4-4857-bfab-faeb886e2eb0
2023-09-07 14:19:59,614 [main] DEBUG balancer.ContainerBalancerTask (ContainerBalancerTask.java:lambda$moveContainer$3(837)) - Container move completed for container #89 from source c5c85e31-a19b-4272-a22a-e6cb0cee2697 to target dce3138a-b1d4-4857-bfab-faeb886e2eb0
2023-09-07 14:19:59,616 [main] DEBUG balancer.ContainerBalancerTask (ContainerBalancerTask.java:matchSourceWithTarget(708)) - ContainerBalancer is finding suitable target for source datanode 248ac389-ea7e-46b0-9205-df1e39f8f0b0
2023-09-07 14:19:59,616 [main] INFO  balancer.ContainerBalancerTask (ContainerBalancerTask.java:matchSourceWithTarget(722)) - ContainerBalancer matched source datanode 248ac389-ea7e-46b0-9205-df1e39f8f0b0 with target datanode dce3138a-b1d4-4857-bfab-faeb886e2eb0 for container move.
2023-09-07 14:19:59,616 [main] INFO  balancer.ContainerBalancerTask (ContainerBalancerTask.java:processMoveSelection(569)) - ContainerBalancer is trying to move container #67 with size 4294967296B from source datanode 248ac389-ea7e-46b0-9205-df1e39f8f0b0 to target datanode dce3138a-b1d4-4857-bfab-faeb886e2eb0
2023-09-07 14:19:59,616 [main] DEBUG balancer.ContainerBalancerTask (ContainerBalancerTask.java:lambda$moveContainer$3(837)) - Container move completed for container #67 from source 248ac389-ea7e-46b0-9205-df1e39f8f0b0 to target dce3138a-b1d4-4857-bfab-faeb886e2eb0
2023-09-07 14:19:59,619 [main] DEBUG balancer.ContainerBalancerTask (ContainerBalancerTask.java:matchSourceWithTarget(708)) - ContainerBalancer is finding suitable target for source datanode 421584f2-e4cc-47d8-8aed-944c88f08bcd
2023-09-07 14:19:59,619 [main] INFO  balancer.ContainerBalancerTask (ContainerBalancerTask.java:matchSourceWithTarget(722)) - ContainerBalancer matched source datanode 421584f2-e4cc-47d8-8aed-944c88f08bcd with target datanode dce3138a-b1d4-4857-bfab-faeb886e2eb0 for container move.
2023-09-07 14:19:59,619 [main] INFO  balancer.ContainerBalancerTask (ContainerBalancerTask.java:processMoveSelection(569)) - ContainerBalancer is trying to move container #53 with size 5368709120B from source datanode 421584f2-e4cc-47d8-8aed-944c88f08bcd to target datanode dce3138a-b1d4-4857-bfab-faeb886e2eb0
2023-09-07 14:19:59,619 [main] DEBUG balancer.ContainerBalancerTask (ContainerBalancerTask.java:lambda$moveContainer$3(837)) - Container move completed for container #53 from source 421584f2-e4cc-47d8-8aed-944c88f08bcd to target dce3138a-b1d4-4857-bfab-faeb886e2eb0
2023-09-07 14:19:59,622 [main] DEBUG balancer.ContainerBalancerTask (ContainerBalancerTask.java:matchSourceWithTarget(708)) - ContainerBalancer is finding suitable target for source datanode c5c85e31-a19b-4272-a22a-e6cb0cee2697
2023-09-07 14:19:59,622 [main] INFO  balancer.ContainerBalancerTask (ContainerBalancerTask.java:matchSourceWithTarget(722)) - ContainerBalancer matched source datanode c5c85e31-a19b-4272-a22a-e6cb0cee2697 with target datanode dce3138a-b1d4-4857-bfab-faeb886e2eb0 for container move.
2023-09-07 14:19:59,622 [main] INFO  balancer.ContainerBalancerTask (ContainerBalancerTask.java:processMoveSelection(569)) - ContainerBalancer is trying to move container #84 with size 4294967296B from source datanode c5c85e31-a19b-4272-a22a-e6cb0cee2697 to target datanode dce3138a-b1d4-4857-bfab-faeb886e2eb0
2023-09-07 14:19:59,622 [main] DEBUG balancer.ContainerBalancerTask (ContainerBalancerTask.java:lambda$moveContainer$3(837)) - Container move completed for container #84 from source c5c85e31-a19b-4272-a22a-e6cb0cee2697 to target dce3138a-b1d4-4857-bfab-faeb886e2eb0
2023-09-07 14:19:59,624 [main] DEBUG balancer.ContainerBalancerTask (ContainerBalancerTask.java:matchSourceWithTarget(708)) - ContainerBalancer is finding suitable target for source datanode 248ac389-ea7e-46b0-9205-df1e39f8f0b0
2023-09-07 14:19:59,624 [main] INFO  balancer.ContainerBalancerTask (ContainerBalancerTask.java:matchSourceWithTarget(722)) - ContainerBalancer matched source datanode 248ac389-ea7e-46b0-9205-df1e39f8f0b0 with target datanode dce3138a-b1d4-4857-bfab-faeb886e2eb0 for container move.
2023-09-07 14:19:59,625 [main] INFO  balancer.ContainerBalancerTask (ContainerBalancerTask.java:processMoveSelection(569)) - ContainerBalancer is trying to move container #66 with size 3221225472B from source datanode 248ac389-ea7e-46b0-9205-df1e39f8f0b0 to target datanode dce3138a-b1d4-4857-bfab-faeb886e2eb0
2023-09-07 14:19:59,625 [main] DEBUG balancer.ContainerBalancerTask (ContainerBalancerTask.java:lambda$moveContainer$3(837)) - Container move completed for container #66 from source 248ac389-ea7e-46b0-9205-df1e39f8f0b0 to target dce3138a-b1d4-4857-bfab-faeb886e2eb0
2023-09-07 14:19:59,627 [main] DEBUG balancer.ContainerBalancerTask (ContainerBalancerTask.java:matchSourceWithTarget(708)) - ContainerBalancer is finding suitable target for source datanode 421584f2-e4cc-47d8-8aed-944c88f08bcd
2023-09-07 14:19:59,627 [main] INFO  balancer.ContainerBalancerTask (ContainerBalancerTask.java:matchSourceWithTarget(722)) - ContainerBalancer matched source datanode 421584f2-e4cc-47d8-8aed-944c88f08bcd with target datanode dce3138a-b1d4-4857-bfab-faeb886e2eb0 for container move.
2023-09-07 14:19:59,627 [main] INFO  balancer.ContainerBalancerTask (ContainerBalancerTask.java:processMoveSelection(569)) - ContainerBalancer is trying to move container #52 with size 4294967296B from source datanode 421584f2-e4cc-47d8-8aed-944c88f08bcd to target datanode dce3138a-b1d4-4857-bfab-faeb886e2eb0
2023-09-07 14:19:59,627 [main] DEBUG balancer.ContainerBalancerTask (ContainerBalancerTask.java:lambda$moveContainer$3(837)) - Container move completed for container #52 from source 421584f2-e4cc-47d8-8aed-944c88f08bcd to target dce3138a-b1d4-4857-bfab-faeb886e2eb0
2023-09-07 14:19:59,630 [main] DEBUG balancer.ContainerBalancerTask (ContainerBalancerTask.java:matchSourceWithTarget(708)) - ContainerBalancer is finding suitable target for source datanode 77dfbcba-6605-4fdc-8d0e-9fe202378cb7
2023-09-07 14:19:59,630 [main] INFO  balancer.ContainerBalancerTask (ContainerBalancerTask.java:matchSourceWithTarget(722)) - ContainerBalancer matched source datanode 77dfbcba-6605-4fdc-8d0e-9fe202378cb7 with target datanode 78c33e4e-d029-4a9e-a807-e422689b4b08 for container move.
2023-09-07 14:19:59,630 [main] INFO  balancer.ContainerBalancerTask (ContainerBalancerTask.java:processMoveSelection(569)) - ContainerBalancer is trying to move container #40 with size 5368709120B from source datanode 77dfbcba-6605-4fdc-8d0e-9fe202378cb7 to target datanode 78c33e4e-d029-4a9e-a807-e422689b4b08
2023-09-07 14:19:59,631 [main] DEBUG balancer.ContainerBalancerTask (ContainerBalancerTask.java:lambda$moveContainer$3(837)) - Container move completed for container #40 from source 77dfbcba-6605-4fdc-8d0e-9fe202378cb7 to target 78c33e4e-d029-4a9e-a807-e422689b4b08
2023-09-07 14:19:59,634 [main] DEBUG balancer.ContainerBalancerTask (ContainerBalancerTask.java:matchSourceWithTarget(708)) - ContainerBalancer is finding suitable target for source datanode c5c85e31-a19b-4272-a22a-e6cb0cee2697
2023-09-07 14:19:59,634 [main] INFO  balancer.ContainerBalancerTask (ContainerBalancerTask.java:matchSourceWithTarget(722)) - ContainerBalancer matched source datanode c5c85e31-a19b-4272-a22a-e6cb0cee2697 with target datanode dce3138a-b1d4-4857-bfab-faeb886e2eb0 for container move.
2023-09-07 14:19:59,634 [main] INFO  balancer.ContainerBalancerTask (ContainerBalancerTask.java:processMoveSelection(569)) - ContainerBalancer is trying to move container #88 with size 3221225472B from source datanode c5c85e31-a19b-4272-a22a-e6cb0cee2697 to target datanode dce3138a-b1d4-4857-bfab-faeb886e2eb0
2023-09-07 14:19:59,634 [main] DEBUG balancer.ContainerBalancerTask (ContainerBalancerTask.java:lambda$moveContainer$3(837)) - Container move completed for container #88 from source c5c85e31-a19b-4272-a22a-e6cb0cee2697 to target dce3138a-b1d4-4857-bfab-faeb886e2eb0
2023-09-07 14:19:59,637 [main] DEBUG balancer.ContainerBalancerTask (ContainerBalancerTask.java:matchSourceWithTarget(708)) - ContainerBalancer is finding suitable target for source datanode 248ac389-ea7e-46b0-9205-df1e39f8f0b0
2023-09-07 14:19:59,637 [main] INFO  balancer.ContainerBalancerTask (ContainerBalancerTask.java:matchSourceWithTarget(722)) - ContainerBalancer matched source datanode 248ac389-ea7e-46b0-9205-df1e39f8f0b0 with target datanode dce3138a-b1d4-4857-bfab-faeb886e2eb0 for container move.
2023-09-07 14:19:59,637 [main] INFO  balancer.ContainerBalancerTask (ContainerBalancerTask.java:processMoveSelection(569)) - ContainerBalancer is trying to move container #11 with size 3221225472B from source datanode 248ac389-ea7e-46b0-9205-df1e39f8f0b0 to target datanode dce3138a-b1d4-4857-bfab-faeb886e2eb0
2023-09-07 14:19:59,637 [main] DEBUG balancer.ContainerBalancerTask (ContainerBalancerTask.java:lambda$moveContainer$3(837)) - Container move completed for container #11 from source 248ac389-ea7e-46b0-9205-df1e39f8f0b0 to target dce3138a-b1d4-4857-bfab-faeb886e2eb0
2023-09-07 14:19:59,637 [main] WARN  balancer.ContainerBalancerTask (ContainerBalancerTask.java:reachedMaxSizeToMovePerIteration(733)) - Reached max size to move limit. 53687091200 bytes have already been scheduled for balancing and the limit is 53687091200 bytes.
2023-09-07 14:19:59,637 [main] INFO  balancer.ContainerBalancerTask (ContainerBalancerTask.java:checkIterationMoveResults(642)) - Iteration Summary. Number of Datanodes involved: 6. Size moved: 50 GB (53687091200 Bytes). Number of Container moves completed: 12.
2023-09-07 14:19:59,637 [main] INFO  balancer.ContainerBalancerTask (ContainerBalancerTask.java:balance(259)) - Result of this iteration of Container Balancer: ITERATION_COMPLETED
2023-09-07 14:19:59,637 [main] INFO  balancer.ContainerBalancerTask (ContainerBalancerTask.java:tryStopWithSaveConfiguration(308)) - Save Configuration for stopping. Reason: Completed all iterations.
2023-09-07 14:19:59,638 [main] DEBUG balancer.ContainerBalancerTask (ContainerBalancerTask.java:initializeIteration(374)) - Average utilization of the cluster is 0.3421445052540577
2023-09-07 14:19:59,638 [main] DEBUG balancer.ContainerBalancerTask (ContainerBalancerTask.java:initializeIteration(386)) - Lower limit for utilization is -0.5195476027540474 and Upper limit for utilization is 1.2038366132621627
2023-09-07 14:19:59,638 [main] DEBUG balancer.ContainerBalancerTask (ContainerBalancerTask.java:initializeIteration(398)) - Utilization for node c5c85e31-a19b-4272-a22a-e6cb0cee2697 with capacity 63231462968B, used 56908316672B, and remaining 6323146296B is 0.9000000000126519
2023-09-07 14:19:59,638 [main] DEBUG balancer.ContainerBalancerTask (ContainerBalancerTask.java:initializeIteration(398)) - Utilization for node 248ac389-ea7e-46b0-9205-df1e39f8f0b0 with capacity 60397977600B, used 48318382080B, and remaining 12079595520B is 0.8
2023-09-07 14:19:59,638 [main] DEBUG balancer.ContainerBalancerTask (ContainerBalancerTask.java:initializeIteration(398)) - Utilization for node 421584f2-e4cc-47d8-8aed-944c88f08bcd with capacity 67492343222B, used 47244640256B, and remaining 20247702966B is 0.7000000000088898
2023-09-07 14:19:59,638 [main] DEBUG balancer.ContainerBalancerTask (ContainerBalancerTask.java:initializeIteration(398)) - Utilization for node 77dfbcba-6605-4fdc-8d0e-9fe202378cb7 with capacity 69793218560B, used 41875931136B, and remaining 27917287424B is 0.6
2023-09-07 14:19:59,638 [main] DEBUG balancer.ContainerBalancerTask (ContainerBalancerTask.java:initializeIteration(398)) - Utilization for node 5b777bfe-eb24-4b97-bd1c-28e1b122001c with capacity 85899345920B, used 42949672960B, and remaining 42949672960B is 0.5
2023-09-07 14:19:59,639 [main] DEBUG balancer.ContainerBalancerTask (ContainerBalancerTask.java:initializeIteration(398)) - Utilization for node ca939f99-ab0b-4d29-a42f-f44b56056ae7 with capacity 83214991360B, used 33285996544B, and remaining 49928994816B is 0.4
2023-09-07 14:19:59,639 [main] DEBUG balancer.ContainerBalancerTask (ContainerBalancerTask.java:initializeIteration(398)) - Utilization for node f1108a0e-23cf-44a7-85cb-287ff4c7c6ee with capacity 139586437120B, used 41875931136B, and remaining 97710505984B is 0.3
2023-09-07 14:19:59,639 [main] DEBUG balancer.ContainerBalancerTask (ContainerBalancerTask.java:initializeIteration(398)) - Utilization for node dd8ee5d2-e7f7-433c-8670-3d9c860724d2 with capacity 177167400960B, used 35433480192B, and remaining 141733920768B is 0.2
2023-09-07 14:19:59,639 [main] DEBUG balancer.ContainerBalancerTask (ContainerBalancerTask.java:initializeIteration(398)) - Utilization for node dce3138a-b1d4-4857-bfab-faeb886e2eb0 with capacity 343597383680B, used 34359738368B, and remaining 309237645312B is 0.1
2023-09-07 14:19:59,639 [main] DEBUG balancer.ContainerBalancerTask (ContainerBalancerTask.java:initializeIteration(398)) - Utilization for node 78c33e4e-d029-4a9e-a807-e422689b4b08 with capacity 26843545600B, used 0B, and remaining 26843545600B is 0.0
2023-09-07 14:19:59,639 [main] INFO  balancer.ContainerBalancerTask (ContainerBalancerTask.java:initializeIteration(443)) - Did not find any unbalanced Datanodes.
2023-09-07 14:19:59,639 [main] INFO  balancer.ContainerBalancerTask (ContainerBalancerTask.java:tryStopWithSaveConfiguration(308)) - Save Configuration for stopping. Reason: Could not initialize ContainerBalancer's iteration number 0
2023-09-07 14:19:59,640 [main] DEBUG balancer.ContainerBalancerTask (ContainerBalancerTask.java:initializeIteration(374)) - Average utilization of the cluster is 0.3421445052540577
2023-09-07 14:19:59,641 [main] DEBUG balancer.ContainerBalancerTask (ContainerBalancerTask.java:initializeIteration(386)) - Lower limit for utilization is -0.5298626102090298 and Upper limit for utilization is 1.2141516207171452
2023-09-07 14:19:59,641 [main] DEBUG balancer.ContainerBalancerTask (ContainerBalancerTask.java:initializeIteration(398)) - Utilization for node c5c85e31-a19b-4272-a22a-e6cb0cee2697 with capacity 63231462968B, used 56908316672B, and remaining 6323146296B is 0.9000000000126519
2023-09-07 14:19:59,641 [main] DEBUG balancer.ContainerBalancerTask (ContainerBalancerTask.java:initializeIteration(398)) - Utilization for node 248ac389-ea7e-46b0-9205-df1e39f8f0b0 with capacity 60397977600B, used 48318382080B, and remaining 12079595520B is 0.8
2023-09-07 14:19:59,641 [main] DEBUG balancer.ContainerBalancerTask (ContainerBalancerTask.java:initializeIteration(398)) - Utilization for node 421584f2-e4cc-47d8-8aed-944c88f08bcd with capacity 67492343222B, used 47244640256B, and remaining 20247702966B is 0.7000000000088898
2023-09-07 14:19:59,641 [main] DEBUG balancer.ContainerBalancerTask (ContainerBalancerTask.java:initializeIteration(398)) - Utilization for node 77dfbcba-6605-4fdc-8d0e-9fe202378cb7 with capacity 69793218560B, used 41875931136B, and remaining 27917287424B is 0.6
2023-09-07 14:19:59,641 [main] DEBUG balancer.ContainerBalancerTask (ContainerBalancerTask.java:initializeIteration(398)) - Utilization for node 5b777bfe-eb24-4b97-bd1c-28e1b122001c with capacity 85899345920B, used 42949672960B, and remaining 42949672960B is 0.5
2023-09-07 14:19:59,641 [main] DEBUG balancer.ContainerBalancerTask (ContainerBalancerTask.java:initializeIteration(398)) - Utilization for node ca939f99-ab0b-4d29-a42f-f44b56056ae7 with capacity 83214991360B, used 33285996544B, and remaining 49928994816B is 0.4
2023-09-07 14:19:59,641 [main] DEBUG balancer.ContainerBalancerTask (ContainerBalancerTask.java:initializeIteration(398)) - Utilization for node f1108a0e-23cf-44a7-85cb-287ff4c7c6ee with capacity 139586437120B, used 41875931136B, and remaining 97710505984B is 0.3
2023-09-07 14:19:59,641 [main] DEBUG balancer.ContainerBalancerTask (ContainerBalancerTask.java:initializeIteration(398)) - Utilization for node dd8ee5d2-e7f7-433c-8670-3d9c860724d2 with capacity 177167400960B, used 35433480192B, and remaining 141733920768B is 0.2
2023-09-07 14:19:59,641 [main] DEBUG balancer.ContainerBalancerTask (ContainerBalancerTask.java:initializeIteration(398)) - Utilization for node dce3138a-b1d4-4857-bfab-faeb886e2eb0 with capacity 343597383680B, used 34359738368B, and remaining 309237645312B is 0.1
2023-09-07 14:19:59,641 [main] DEBUG balancer.ContainerBalancerTask (ContainerBalancerTask.java:initializeIteration(398)) - Utilization for node 78c33e4e-d029-4a9e-a807-e422689b4b08 with capacity 26843545600B, used 0B, and remaining 26843545600B is 0.0
2023-09-07 14:19:59,641 [main] INFO  balancer.ContainerBalancerTask (ContainerBalancerTask.java:initializeIteration(443)) - Did not find any unbalanced Datanodes.
2023-09-07 14:19:59,641 [main] INFO  balancer.ContainerBalancerTask (ContainerBalancerTask.java:tryStopWithSaveConfiguration(308)) - Save Configuration for stopping. Reason: Could not initialize ContainerBalancer's iteration number 0
2023-09-07 14:19:59,646 [main] DEBUG balancer.ContainerBalancerTask (ContainerBalancerTask.java:initializeIteration(374)) - Average utilization of the cluster is 0.3421445052540577
2023-09-07 14:19:59,647 [main] DEBUG balancer.ContainerBalancerTask (ContainerBalancerTask.java:initializeIteration(386)) - Lower limit for utilization is 0.16180975158440725 and Upper limit for utilization is 0.5224792589237082
2023-09-07 14:19:59,647 [main] DEBUG balancer.ContainerBalancerTask (ContainerBalancerTask.java:initializeIteration(398)) - Utilization for node c5c85e31-a19b-4272-a22a-e6cb0cee2697 with capacity 63231462968B, used 56908316672B, and remaining 6323146296B is 0.9000000000126519
2023-09-07 14:19:59,647 [main] DEBUG balancer.ContainerBalancerTask (ContainerBalancerTask.java:initializeIteration(398)) - Utilization for node 248ac389-ea7e-46b0-9205-df1e39f8f0b0 with capacity 60397977600B, used 48318382080B, and remaining 12079595520B is 0.8
2023-09-07 14:19:59,647 [main] DEBUG balancer.ContainerBalancerTask (ContainerBalancerTask.java:initializeIteration(398)) - Utilization for node 421584f2-e4cc-47d8-8aed-944c88f08bcd with capacity 67492343222B, used 47244640256B, and remaining 20247702966B is 0.7000000000088898
2023-09-07 14:19:59,647 [main] DEBUG balancer.ContainerBalancerTask (ContainerBalancerTask.java:initializeIteration(398)) - Utilization for node 77dfbcba-6605-4fdc-8d0e-9fe202378cb7 with capacity 69793218560B, used 41875931136B, and remaining 27917287424B is 0.6
2023-09-07 14:19:59,647 [main] DEBUG balancer.ContainerBalancerTask (ContainerBalancerTask.java:initializeIteration(398)) - Utilization for node 5b777bfe-eb24-4b97-bd1c-28e1b122001c with capacity 85899345920B, used 42949672960B, and remaining 42949672960B is 0.5
2023-09-07 14:19:59,647 [main] DEBUG balancer.ContainerBalancerTask (ContainerBalancerTask.java:initializeIteration(398)) - Utilization for node ca939f99-ab0b-4d29-a42f-f44b56056ae7 with capacity 83214991360B, used 33285996544B, and remaining 49928994816B is 0.4
2023-09-07 14:19:59,647 [main] DEBUG balancer.ContainerBalancerTask (ContainerBalancerTask.java:initializeIteration(398)) - Utilization for node f1108a0e-23cf-44a7-85cb-287ff4c7c6ee with capacity 139586437120B, used 41875931136B, and remaining 97710505984B is 0.3
2023-09-07 14:19:59,647 [main] DEBUG balancer.ContainerBalancerTask (ContainerBalancerTask.java:initializeIteration(398)) - Utilization for node dd8ee5d2-e7f7-433c-8670-3d9c860724d2 with capacity 177167400960B, used 35433480192B, and remaining 141733920768B is 0.2
2023-09-07 14:19:59,647 [main] DEBUG balancer.ContainerBalancerTask (ContainerBalancerTask.java:initializeIteration(398)) - Utilization for node dce3138a-b1d4-4857-bfab-faeb886e2eb0 with capacity 343597383680B, used 34359738368B, and remaining 309237645312B is 0.1
2023-09-07 14:19:59,647 [main] DEBUG balancer.ContainerBalancerTask (ContainerBalancerTask.java:initializeIteration(398)) - Utilization for node 78c33e4e-d029-4a9e-a807-e422689b4b08 with capacity 26843545600B, used 0B, and remaining 26843545600B is 0.0
2023-09-07 14:19:59,647 [main] INFO  balancer.ContainerBalancerTask (ContainerBalancerTask.java:initializeIteration(447)) - Container Balancer has identified 4 Over-Utilized and 2 Under-Utilized Datanodes that need to be balanced.
2023-09-07 14:19:59,648 [main] DEBUG balancer.ContainerBalancerTask (ContainerBalancerTask.java:lambda$initializeIteration$1(453)) - Datanode localhost-98.159.20.181 c5c85e31-a19b-4272-a22a-e6cb0cee2697 is Over-Utilized.
2023-09-07 14:19:59,648 [main] DEBUG balancer.ContainerBalancerTask (ContainerBalancerTask.java:lambda$initializeIteration$1(453)) - Datanode localhost-195.53.202.168 248ac389-ea7e-46b0-9205-df1e39f8f0b0 is Over-Utilized.
2023-09-07 14:19:59,648 [main] DEBUG balancer.ContainerBalancerTask (ContainerBalancerTask.java:lambda$initializeIteration$1(453)) - Datanode localhost-130.14.218.10 421584f2-e4cc-47d8-8aed-944c88f08bcd is Over-Utilized.
2023-09-07 14:19:59,648 [main] DEBUG balancer.ContainerBalancerTask (ContainerBalancerTask.java:lambda$initializeIteration$1(453)) - Datanode localhost-129.122.164.149 77dfbcba-6605-4fdc-8d0e-9fe202378cb7 is Over-Utilized.
2023-09-07 14:19:59,648 [main] DEBUG balancer.ContainerBalancerTask (ContainerBalancerTask.java:lambda$initializeIteration$2(459)) - Datanode localhost-61.34.16.17 78c33e4e-d029-4a9e-a807-e422689b4b08 is Under-Utilized.
2023-09-07 14:19:59,648 [main] DEBUG balancer.ContainerBalancerTask (ContainerBalancerTask.java:lambda$initializeIteration$2(459)) - Datanode localhost-151.238.238.245 dce3138a-b1d4-4857-bfab-faeb886e2eb0 is Under-Utilized.
2023-09-07 14:19:59,650 [main] DEBUG balancer.ContainerBalancerTask (ContainerBalancerTask.java:matchSourceWithTarget(708)) - ContainerBalancer is finding suitable target for source datanode c5c85e31-a19b-4272-a22a-e6cb0cee2697
2023-09-07 14:19:59,651 [main] INFO  balancer.ContainerBalancerTask (ContainerBalancerTask.java:matchSourceWithTarget(722)) - ContainerBalancer matched source datanode c5c85e31-a19b-4272-a22a-e6cb0cee2697 with target datanode 78c33e4e-d029-4a9e-a807-e422689b4b08 for container move.
2023-09-07 14:19:59,651 [main] INFO  balancer.ContainerBalancerTask (ContainerBalancerTask.java:processMoveSelection(569)) - ContainerBalancer is trying to move container #85 with size 5368709120B from source datanode c5c85e31-a19b-4272-a22a-e6cb0cee2697 to target datanode 78c33e4e-d029-4a9e-a807-e422689b4b08
2023-09-07 14:19:59,651 [main] DEBUG balancer.ContainerBalancerTask (ContainerBalancerTask.java:lambda$moveContainer$3(837)) - Container move completed for container #85 from source c5c85e31-a19b-4272-a22a-e6cb0cee2697 to target 78c33e4e-d029-4a9e-a807-e422689b4b08
2023-09-07 14:19:59,656 [main] DEBUG balancer.ContainerBalancerTask (ContainerBalancerTask.java:matchSourceWithTarget(708)) - ContainerBalancer is finding suitable target for source datanode c5c85e31-a19b-4272-a22a-e6cb0cee2697
2023-09-07 14:19:59,656 [main] INFO  balancer.ContainerBalancerTask (ContainerBalancerTask.java:matchSourceWithTarget(722)) - ContainerBalancer matched source datanode c5c85e31-a19b-4272-a22a-e6cb0cee2697 with target datanode dce3138a-b1d4-4857-bfab-faeb886e2eb0 for container move.
2023-09-07 14:19:59,656 [main] INFO  balancer.ContainerBalancerTask (ContainerBalancerTask.java:processMoveSelection(569)) - ContainerBalancer is trying to move container #68 with size 5368709120B from source datanode c5c85e31-a19b-4272-a22a-e6cb0cee2697 to target datanode dce3138a-b1d4-4857-bfab-faeb886e2eb0
2023-09-07 14:19:59,657 [main] DEBUG balancer.ContainerBalancerTask (ContainerBalancerTask.java:lambda$moveContainer$3(837)) - Container move completed for container #68 from source c5c85e31-a19b-4272-a22a-e6cb0cee2697 to target dce3138a-b1d4-4857-bfab-faeb886e2eb0
2023-09-07 14:19:59,659 [main] DEBUG balancer.ContainerBalancerTask (ContainerBalancerTask.java:matchSourceWithTarget(708)) - ContainerBalancer is finding suitable target for source datanode 248ac389-ea7e-46b0-9205-df1e39f8f0b0
2023-09-07 14:19:59,659 [main] INFO  balancer.ContainerBalancerTask (ContainerBalancerTask.java:matchSourceWithTarget(722)) - ContainerBalancer matched source datanode 248ac389-ea7e-46b0-9205-df1e39f8f0b0 with target datanode dce3138a-b1d4-4857-bfab-faeb886e2eb0 for container move.
2023-09-07 14:19:59,659 [main] INFO  balancer.ContainerBalancerTask (ContainerBalancerTask.java:processMoveSelection(569)) - ContainerBalancer is trying to move container #29 with size 5368709120B from source datanode 248ac389-ea7e-46b0-9205-df1e39f8f0b0 to target datanode dce3138a-b1d4-4857-bfab-faeb886e2eb0
2023-09-07 14:19:59,659 [main] DEBUG balancer.ContainerBalancerTask (ContainerBalancerTask.java:lambda$moveContainer$3(837)) - Container move completed for container #29 from source 248ac389-ea7e-46b0-9205-df1e39f8f0b0 to target dce3138a-b1d4-4857-bfab-faeb886e2eb0
2023-09-07 14:19:59,662 [main] DEBUG balancer.ContainerBalancerTask (ContainerBalancerTask.java:matchSourceWithTarget(708)) - ContainerBalancer is finding suitable target for source datanode c5c85e31-a19b-4272-a22a-e6cb0cee2697
2023-09-07 14:19:59,662 [main] INFO  balancer.ContainerBalancerTask (ContainerBalancerTask.java:matchSourceWithTarget(722)) - ContainerBalancer matched source datanode c5c85e31-a19b-4272-a22a-e6cb0cee2697 with target datanode dce3138a-b1d4-4857-bfab-faeb886e2eb0 for container move.
2023-09-07 14:19:59,662 [main] INFO  balancer.ContainerBalancerTask (ContainerBalancerTask.java:processMoveSelection(569)) - ContainerBalancer is trying to move container #89 with size 4294967296B from source datanode c5c85e31-a19b-4272-a22a-e6cb0cee2697 to target datanode dce3138a-b1d4-4857-bfab-faeb886e2eb0
2023-09-07 14:19:59,662 [main] DEBUG balancer.ContainerBalancerTask (ContainerBalancerTask.java:lambda$moveContainer$3(837)) - Container move completed for container #89 from source c5c85e31-a19b-4272-a22a-e6cb0cee2697 to target dce3138a-b1d4-4857-bfab-faeb886e2eb0
2023-09-07 14:19:59,664 [main] DEBUG balancer.ContainerBalancerTask (ContainerBalancerTask.java:matchSourceWithTarget(708)) - ContainerBalancer is finding suitable target for source datanode 248ac389-ea7e-46b0-9205-df1e39f8f0b0
2023-09-07 14:19:59,664 [main] INFO  balancer.ContainerBalancerTask (ContainerBalancerTask.java:matchSourceWithTarget(722)) - ContainerBalancer matched source datanode 248ac389-ea7e-46b0-9205-df1e39f8f0b0 with target datanode dce3138a-b1d4-4857-bfab-faeb886e2eb0 for container move.
2023-09-07 14:19:59,664 [main] INFO  balancer.ContainerBalancerTask (ContainerBalancerTask.java:processMoveSelection(569)) - ContainerBalancer is trying to move container #67 with size 4294967296B from source datanode 248ac389-ea7e-46b0-9205-df1e39f8f0b0 to target datanode dce3138a-b1d4-4857-bfab-faeb886e2eb0
2023-09-07 14:19:59,664 [main] DEBUG balancer.ContainerBalancerTask (ContainerBalancerTask.java:lambda$moveContainer$3(837)) - Container move completed for container #67 from source 248ac389-ea7e-46b0-9205-df1e39f8f0b0 to target dce3138a-b1d4-4857-bfab-faeb886e2eb0
2023-09-07 14:19:59,668 [main] DEBUG balancer.ContainerBalancerTask (ContainerBalancerTask.java:matchSourceWithTarget(708)) - ContainerBalancer is finding suitable target for source datanode 421584f2-e4cc-47d8-8aed-944c88f08bcd
2023-09-07 14:19:59,668 [main] INFO  balancer.ContainerBalancerTask (ContainerBalancerTask.java:matchSourceWithTarget(722)) - ContainerBalancer matched source datanode 421584f2-e4cc-47d8-8aed-944c88f08bcd with target datanode dce3138a-b1d4-4857-bfab-faeb886e2eb0 for container move.
2023-09-07 14:19:59,668 [main] INFO  balancer.ContainerBalancerTask (ContainerBalancerTask.java:processMoveSelection(569)) - ContainerBalancer is trying to move container #53 with size 5368709120B from source datanode 421584f2-e4cc-47d8-8aed-944c88f08bcd to target datanode dce3138a-b1d4-4857-bfab-faeb886e2eb0
2023-09-07 14:19:59,668 [main] DEBUG balancer.ContainerBalancerTask (ContainerBalancerTask.java:lambda$moveContainer$3(837)) - Container move completed for container #53 from source 421584f2-e4cc-47d8-8aed-944c88f08bcd to target dce3138a-b1d4-4857-bfab-faeb886e2eb0
2023-09-07 14:19:59,671 [main] DEBUG balancer.ContainerBalancerTask (ContainerBalancerTask.java:matchSourceWithTarget(708)) - ContainerBalancer is finding suitable target for source datanode c5c85e31-a19b-4272-a22a-e6cb0cee2697
2023-09-07 14:19:59,671 [main] INFO  balancer.ContainerBalancerTask (ContainerBalancerTask.java:matchSourceWithTarget(722)) - ContainerBalancer matched source datanode c5c85e31-a19b-4272-a22a-e6cb0cee2697 with target datanode dce3138a-b1d4-4857-bfab-faeb886e2eb0 for container move.
2023-09-07 14:19:59,671 [main] INFO  balancer.ContainerBalancerTask (ContainerBalancerTask.java:processMoveSelection(569)) - ContainerBalancer is trying to move container #84 with size 4294967296B from source datanode c5c85e31-a19b-4272-a22a-e6cb0cee2697 to target datanode dce3138a-b1d4-4857-bfab-faeb886e2eb0
2023-09-07 14:19:59,671 [main] DEBUG balancer.ContainerBalancerTask (ContainerBalancerTask.java:lambda$moveContainer$3(837)) - Container move completed for container #84 from source c5c85e31-a19b-4272-a22a-e6cb0cee2697 to target dce3138a-b1d4-4857-bfab-faeb886e2eb0
2023-09-07 14:19:59,673 [main] DEBUG balancer.ContainerBalancerTask (ContainerBalancerTask.java:matchSourceWithTarget(708)) - ContainerBalancer is finding suitable target for source datanode 248ac389-ea7e-46b0-9205-df1e39f8f0b0
2023-09-07 14:19:59,674 [main] INFO  balancer.ContainerBalancerTask (ContainerBalancerTask.java:matchSourceWithTarget(722)) - ContainerBalancer matched source datanode 248ac389-ea7e-46b0-9205-df1e39f8f0b0 with target datanode dce3138a-b1d4-4857-bfab-faeb886e2eb0 for container move.
2023-09-07 14:19:59,674 [main] INFO  balancer.ContainerBalancerTask (ContainerBalancerTask.java:processMoveSelection(569)) - ContainerBalancer is trying to move container #66 with size 3221225472B from source datanode 248ac389-ea7e-46b0-9205-df1e39f8f0b0 to target datanode dce3138a-b1d4-4857-bfab-faeb886e2eb0
2023-09-07 14:19:59,674 [main] DEBUG balancer.ContainerBalancerTask (ContainerBalancerTask.java:lambda$moveContainer$3(837)) - Container move completed for container #66 from source 248ac389-ea7e-46b0-9205-df1e39f8f0b0 to target dce3138a-b1d4-4857-bfab-faeb886e2eb0
2023-09-07 14:19:59,676 [main] DEBUG balancer.ContainerBalancerTask (ContainerBalancerTask.java:matchSourceWithTarget(708)) - ContainerBalancer is finding suitable target for source datanode 421584f2-e4cc-47d8-8aed-944c88f08bcd
2023-09-07 14:19:59,676 [main] INFO  balancer.ContainerBalancerTask (ContainerBalancerTask.java:matchSourceWithTarget(722)) - ContainerBalancer matched source datanode 421584f2-e4cc-47d8-8aed-944c88f08bcd with target datanode dce3138a-b1d4-4857-bfab-faeb886e2eb0 for container move.
2023-09-07 14:19:59,676 [main] INFO  balancer.ContainerBalancerTask (ContainerBalancerTask.java:processMoveSelection(569)) - ContainerBalancer is trying to move container #52 with size 4294967296B from source datanode 421584f2-e4cc-47d8-8aed-944c88f08bcd to target datanode dce3138a-b1d4-4857-bfab-faeb886e2eb0
2023-09-07 14:19:59,676 [main] DEBUG balancer.ContainerBalancerTask (ContainerBalancerTask.java:lambda$moveContainer$3(837)) - Container move completed for container #52 from source 421584f2-e4cc-47d8-8aed-944c88f08bcd to target dce3138a-b1d4-4857-bfab-faeb886e2eb0
2023-09-07 14:19:59,679 [main] DEBUG balancer.ContainerBalancerTask (ContainerBalancerTask.java:matchSourceWithTarget(708)) - ContainerBalancer is finding suitable target for source datanode 77dfbcba-6605-4fdc-8d0e-9fe202378cb7
2023-09-07 14:19:59,679 [main] INFO  balancer.ContainerBalancerTask (ContainerBalancerTask.java:matchSourceWithTarget(722)) - ContainerBalancer matched source datanode 77dfbcba-6605-4fdc-8d0e-9fe202378cb7 with target datanode 78c33e4e-d029-4a9e-a807-e422689b4b08 for container move.
2023-09-07 14:19:59,679 [main] INFO  balancer.ContainerBalancerTask (ContainerBalancerTask.java:processMoveSelection(569)) - ContainerBalancer is trying to move container #40 with size 5368709120B from source datanode 77dfbcba-6605-4fdc-8d0e-9fe202378cb7 to target datanode 78c33e4e-d029-4a9e-a807-e422689b4b08
2023-09-07 14:19:59,679 [main] DEBUG balancer.ContainerBalancerTask (ContainerBalancerTask.java:lambda$moveContainer$3(837)) - Container move completed for container #40 from source 77dfbcba-6605-4fdc-8d0e-9fe202378cb7 to target 78c33e4e-d029-4a9e-a807-e422689b4b08
2023-09-07 14:19:59,682 [main] DEBUG balancer.ContainerBalancerTask (ContainerBalancerTask.java:matchSourceWithTarget(708)) - ContainerBalancer is finding suitable target for source datanode c5c85e31-a19b-4272-a22a-e6cb0cee2697
2023-09-07 14:19:59,682 [main] INFO  balancer.ContainerBalancerTask (ContainerBalancerTask.java:matchSourceWithTarget(722)) - ContainerBalancer matched source datanode c5c85e31-a19b-4272-a22a-e6cb0cee2697 with target datanode dce3138a-b1d4-4857-bfab-faeb886e2eb0 for container move.
2023-09-07 14:19:59,682 [main] INFO  balancer.ContainerBalancerTask (ContainerBalancerTask.java:processMoveSelection(569)) - ContainerBalancer is trying to move container #88 with size 3221225472B from source datanode c5c85e31-a19b-4272-a22a-e6cb0cee2697 to target datanode dce3138a-b1d4-4857-bfab-faeb886e2eb0
2023-09-07 14:19:59,682 [main] DEBUG balancer.ContainerBalancerTask (ContainerBalancerTask.java:lambda$moveContainer$3(837)) - Container move completed for container #88 from source c5c85e31-a19b-4272-a22a-e6cb0cee2697 to target dce3138a-b1d4-4857-bfab-faeb886e2eb0
2023-09-07 14:19:59,685 [main] DEBUG balancer.ContainerBalancerTask (ContainerBalancerTask.java:matchSourceWithTarget(708)) - ContainerBalancer is finding suitable target for source datanode 248ac389-ea7e-46b0-9205-df1e39f8f0b0
2023-09-07 14:19:59,685 [main] INFO  balancer.ContainerBalancerTask (ContainerBalancerTask.java:matchSourceWithTarget(722)) - ContainerBalancer matched source datanode 248ac389-ea7e-46b0-9205-df1e39f8f0b0 with target datanode dce3138a-b1d4-4857-bfab-faeb886e2eb0 for container move.
2023-09-07 14:19:59,685 [main] INFO  balancer.ContainerBalancerTask (ContainerBalancerTask.java:processMoveSelection(569)) - ContainerBalancer is trying to move container #11 with size 3221225472B from source datanode 248ac389-ea7e-46b0-9205-df1e39f8f0b0 to target datanode dce3138a-b1d4-4857-bfab-faeb886e2eb0
2023-09-07 14:19:59,685 [main] DEBUG balancer.ContainerBalancerTask (ContainerBalancerTask.java:lambda$moveContainer$3(837)) - Container move completed for container #11 from source 248ac389-ea7e-46b0-9205-df1e39f8f0b0 to target dce3138a-b1d4-4857-bfab-faeb886e2eb0
2023-09-07 14:19:59,685 [main] WARN  balancer.ContainerBalancerTask (ContainerBalancerTask.java:reachedMaxSizeToMovePerIteration(733)) - Reached max size to move limit. 53687091200 bytes have already been scheduled for balancing and the limit is 53687091200 bytes.
2023-09-07 14:19:59,685 [main] INFO  balancer.ContainerBalancerTask (ContainerBalancerTask.java:checkIterationMoveResults(642)) - Iteration Summary. Number of Datanodes involved: 6. Size moved: 50 GB (53687091200 Bytes). Number of Container moves completed: 12.
2023-09-07 14:19:59,685 [main] INFO  balancer.ContainerBalancerTask (ContainerBalancerTask.java:balance(259)) - Result of this iteration of Container Balancer: ITERATION_COMPLETED
2023-09-07 14:19:59,686 [main] INFO  balancer.ContainerBalancerTask (ContainerBalancerTask.java:tryStopWithSaveConfiguration(308)) - Save Configuration for stopping. Reason: Completed all iterations.
2023-09-07 14:19:59,686 [main] DEBUG balancer.ContainerBalancerTask (ContainerBalancerTask.java:initializeIteration(374)) - Average utilization of the cluster is 0.3421445052540577
2023-09-07 14:19:59,686 [main] DEBUG balancer.ContainerBalancerTask (ContainerBalancerTask.java:initializeIteration(386)) - Lower limit for utilization is 0.1421294755010436 and Upper limit for utilization is 0.5421595350070718
2023-09-07 14:19:59,686 [main] DEBUG balancer.ContainerBalancerTask (ContainerBalancerTask.java:initializeIteration(398)) - Utilization for node c5c85e31-a19b-4272-a22a-e6cb0cee2697 with capacity 63231462968B, used 56908316672B, and remaining 6323146296B is 0.9000000000126519
2023-09-07 14:19:59,686 [main] DEBUG balancer.ContainerBalancerTask (ContainerBalancerTask.java:initializeIteration(398)) - Utilization for node 248ac389-ea7e-46b0-9205-df1e39f8f0b0 with capacity 60397977600B, used 48318382080B, and remaining 12079595520B is 0.8
2023-09-07 14:19:59,687 [main] DEBUG balancer.ContainerBalancerTask (ContainerBalancerTask.java:initializeIteration(398)) - Utilization for node 421584f2-e4cc-47d8-8aed-944c88f08bcd with capacity 67492343222B, used 47244640256B, and remaining 20247702966B is 0.7000000000088898
2023-09-07 14:19:59,687 [main] DEBUG balancer.ContainerBalancerTask (ContainerBalancerTask.java:initializeIteration(398)) - Utilization for node 77dfbcba-6605-4fdc-8d0e-9fe202378cb7 with capacity 69793218560B, used 41875931136B, and remaining 27917287424B is 0.6
2023-09-07 14:19:59,687 [main] DEBUG balancer.ContainerBalancerTask (ContainerBalancerTask.java:initializeIteration(398)) - Utilization for node 5b777bfe-eb24-4b97-bd1c-28e1b122001c with capacity 85899345920B, used 42949672960B, and remaining 42949672960B is 0.5
2023-09-07 14:19:59,687 [main] DEBUG balancer.ContainerBalancerTask (ContainerBalancerTask.java:initializeIteration(398)) - Utilization for node ca939f99-ab0b-4d29-a42f-f44b56056ae7 with capacity 83214991360B, used 33285996544B, and remaining 49928994816B is 0.4
2023-09-07 14:19:59,687 [main] DEBUG balancer.ContainerBalancerTask (ContainerBalancerTask.java:initializeIteration(398)) - Utilization for node f1108a0e-23cf-44a7-85cb-287ff4c7c6ee with capacity 139586437120B, used 41875931136B, and remaining 97710505984B is 0.3
2023-09-07 14:19:59,687 [main] DEBUG balancer.ContainerBalancerTask (ContainerBalancerTask.java:initializeIteration(398)) - Utilization for node dd8ee5d2-e7f7-433c-8670-3d9c860724d2 with capacity 177167400960B, used 35433480192B, and remaining 141733920768B is 0.2
2023-09-07 14:19:59,687 [main] DEBUG balancer.ContainerBalancerTask (ContainerBalancerTask.java:initializeIteration(398)) - Utilization for node dce3138a-b1d4-4857-bfab-faeb886e2eb0 with capacity 343597383680B, used 34359738368B, and remaining 309237645312B is 0.1
2023-09-07 14:19:59,687 [main] DEBUG balancer.ContainerBalancerTask (ContainerBalancerTask.java:initializeIteration(398)) - Utilization for node 78c33e4e-d029-4a9e-a807-e422689b4b08 with capacity 26843545600B, used 0B, and remaining 26843545600B is 0.0
2023-09-07 14:19:59,687 [main] INFO  balancer.ContainerBalancerTask (ContainerBalancerTask.java:initializeIteration(447)) - Container Balancer has identified 4 Over-Utilized and 2 Under-Utilized Datanodes that need to be balanced.
2023-09-07 14:19:59,687 [main] DEBUG balancer.ContainerBalancerTask (ContainerBalancerTask.java:lambda$initializeIteration$1(453)) - Datanode localhost-98.159.20.181 c5c85e31-a19b-4272-a22a-e6cb0cee2697 is Over-Utilized.
2023-09-07 14:19:59,687 [main] DEBUG balancer.ContainerBalancerTask (ContainerBalancerTask.java:lambda$initializeIteration$1(453)) - Datanode localhost-195.53.202.168 248ac389-ea7e-46b0-9205-df1e39f8f0b0 is Over-Utilized.
2023-09-07 14:19:59,687 [main] DEBUG balancer.ContainerBalancerTask (ContainerBalancerTask.java:lambda$initializeIteration$1(453)) - Datanode localhost-130.14.218.10 421584f2-e4cc-47d8-8aed-944c88f08bcd is Over-Utilized.
2023-09-07 14:19:59,687 [main] DEBUG balancer.ContainerBalancerTask (ContainerBalancerTask.java:lambda$initializeIteration$1(453)) - Datanode localhost-129.122.164.149 77dfbcba-6605-4fdc-8d0e-9fe202378cb7 is Over-Utilized.
2023-09-07 14:19:59,688 [main] DEBUG balancer.ContainerBalancerTask (ContainerBalancerTask.java:lambda$initializeIteration$2(459)) - Datanode localhost-61.34.16.17 78c33e4e-d029-4a9e-a807-e422689b4b08 is Under-Utilized.
2023-09-07 14:19:59,688 [main] DEBUG balancer.ContainerBalancerTask (ContainerBalancerTask.java:lambda$initializeIteration$2(459)) - Datanode localhost-151.238.238.245 dce3138a-b1d4-4857-bfab-faeb886e2eb0 is Under-Utilized.
2023-09-07 14:19:59,690 [main] DEBUG balancer.ContainerBalancerTask (ContainerBalancerTask.java:matchSourceWithTarget(708)) - ContainerBalancer is finding suitable target for source datanode c5c85e31-a19b-4272-a22a-e6cb0cee2697
2023-09-07 14:19:59,690 [main] INFO  balancer.ContainerBalancerTask (ContainerBalancerTask.java:matchSourceWithTarget(722)) - ContainerBalancer matched source datanode c5c85e31-a19b-4272-a22a-e6cb0cee2697 with target datanode 78c33e4e-d029-4a9e-a807-e422689b4b08 for container move.
2023-09-07 14:19:59,690 [main] INFO  balancer.ContainerBalancerTask (ContainerBalancerTask.java:processMoveSelection(569)) - ContainerBalancer is trying to move container #85 with size 5368709120B from source datanode c5c85e31-a19b-4272-a22a-e6cb0cee2697 to target datanode 78c33e4e-d029-4a9e-a807-e422689b4b08
2023-09-07 14:19:59,690 [main] DEBUG balancer.ContainerBalancerTask (ContainerBalancerTask.java:lambda$moveContainer$3(837)) - Container move completed for container #85 from source c5c85e31-a19b-4272-a22a-e6cb0cee2697 to target 78c33e4e-d029-4a9e-a807-e422689b4b08
2023-09-07 14:19:59,693 [main] DEBUG balancer.ContainerBalancerTask (ContainerBalancerTask.java:matchSourceWithTarget(708)) - ContainerBalancer is finding suitable target for source datanode c5c85e31-a19b-4272-a22a-e6cb0cee2697
2023-09-07 14:19:59,693 [main] INFO  balancer.ContainerBalancerTask (ContainerBalancerTask.java:matchSourceWithTarget(722)) - ContainerBalancer matched source datanode c5c85e31-a19b-4272-a22a-e6cb0cee2697 with target datanode dce3138a-b1d4-4857-bfab-faeb886e2eb0 for container move.
2023-09-07 14:19:59,693 [main] INFO  balancer.ContainerBalancerTask (ContainerBalancerTask.java:processMoveSelection(569)) - ContainerBalancer is trying to move container #68 with size 5368709120B from source datanode c5c85e31-a19b-4272-a22a-e6cb0cee2697 to target datanode dce3138a-b1d4-4857-bfab-faeb886e2eb0
2023-09-07 14:19:59,693 [main] DEBUG balancer.ContainerBalancerTask (ContainerBalancerTask.java:lambda$moveContainer$3(837)) - Container move completed for container #68 from source c5c85e31-a19b-4272-a22a-e6cb0cee2697 to target dce3138a-b1d4-4857-bfab-faeb886e2eb0
2023-09-07 14:19:59,695 [main] DEBUG balancer.ContainerBalancerTask (ContainerBalancerTask.java:matchSourceWithTarget(708)) - ContainerBalancer is finding suitable target for source datanode 248ac389-ea7e-46b0-9205-df1e39f8f0b0
2023-09-07 14:19:59,695 [main] INFO  balancer.ContainerBalancerTask (ContainerBalancerTask.java:matchSourceWithTarget(722)) - ContainerBalancer matched source datanode 248ac389-ea7e-46b0-9205-df1e39f8f0b0 with target datanode dce3138a-b1d4-4857-bfab-faeb886e2eb0 for container move.
2023-09-07 14:19:59,696 [main] INFO  balancer.ContainerBalancerTask (ContainerBalancerTask.java:processMoveSelection(569)) - ContainerBalancer is trying to move container #29 with size 5368709120B from source datanode 248ac389-ea7e-46b0-9205-df1e39f8f0b0 to target datanode dce3138a-b1d4-4857-bfab-faeb886e2eb0
2023-09-07 14:19:59,696 [main] DEBUG balancer.ContainerBalancerTask (ContainerBalancerTask.java:lambda$moveContainer$3(837)) - Container move completed for container #29 from source 248ac389-ea7e-46b0-9205-df1e39f8f0b0 to target dce3138a-b1d4-4857-bfab-faeb886e2eb0
2023-09-07 14:19:59,698 [main] DEBUG balancer.ContainerBalancerTask (ContainerBalancerTask.java:matchSourceWithTarget(708)) - ContainerBalancer is finding suitable target for source datanode c5c85e31-a19b-4272-a22a-e6cb0cee2697
2023-09-07 14:19:59,698 [main] INFO  balancer.ContainerBalancerTask (ContainerBalancerTask.java:matchSourceWithTarget(722)) - ContainerBalancer matched source datanode c5c85e31-a19b-4272-a22a-e6cb0cee2697 with target datanode dce3138a-b1d4-4857-bfab-faeb886e2eb0 for container move.
2023-09-07 14:19:59,698 [main] INFO  balancer.ContainerBalancerTask (ContainerBalancerTask.java:processMoveSelection(569)) - ContainerBalancer is trying to move container #89 with size 4294967296B from source datanode c5c85e31-a19b-4272-a22a-e6cb0cee2697 to target datanode dce3138a-b1d4-4857-bfab-faeb886e2eb0
2023-09-07 14:19:59,699 [main] DEBUG balancer.ContainerBalancerTask (ContainerBalancerTask.java:lambda$moveContainer$3(837)) - Container move completed for container #89 from source c5c85e31-a19b-4272-a22a-e6cb0cee2697 to target dce3138a-b1d4-4857-bfab-faeb886e2eb0
2023-09-07 14:19:59,701 [main] DEBUG balancer.ContainerBalancerTask (ContainerBalancerTask.java:matchSourceWithTarget(708)) - ContainerBalancer is finding suitable target for source datanode 248ac389-ea7e-46b0-9205-df1e39f8f0b0
2023-09-07 14:19:59,701 [main] INFO  balancer.ContainerBalancerTask (ContainerBalancerTask.java:matchSourceWithTarget(722)) - ContainerBalancer matched source datanode 248ac389-ea7e-46b0-9205-df1e39f8f0b0 with target datanode dce3138a-b1d4-4857-bfab-faeb886e2eb0 for container move.
2023-09-07 14:19:59,701 [main] INFO  balancer.ContainerBalancerTask (ContainerBalancerTask.java:processMoveSelection(569)) - ContainerBalancer is trying to move container #67 with size 4294967296B from source datanode 248ac389-ea7e-46b0-9205-df1e39f8f0b0 to target datanode dce3138a-b1d4-4857-bfab-faeb886e2eb0
2023-09-07 14:19:59,701 [main] DEBUG balancer.ContainerBalancerTask (ContainerBalancerTask.java:lambda$moveContainer$3(837)) - Container move completed for container #67 from source 248ac389-ea7e-46b0-9205-df1e39f8f0b0 to target dce3138a-b1d4-4857-bfab-faeb886e2eb0
2023-09-07 14:19:59,703 [main] DEBUG balancer.ContainerBalancerTask (ContainerBalancerTask.java:matchSourceWithTarget(708)) - ContainerBalancer is finding suitable target for source datanode 421584f2-e4cc-47d8-8aed-944c88f08bcd
2023-09-07 14:19:59,703 [main] INFO  balancer.ContainerBalancerTask (ContainerBalancerTask.java:matchSourceWithTarget(722)) - ContainerBalancer matched source datanode 421584f2-e4cc-47d8-8aed-944c88f08bcd with target datanode dce3138a-b1d4-4857-bfab-faeb886e2eb0 for container move.
2023-09-07 14:19:59,703 [main] INFO  balancer.ContainerBalancerTask (ContainerBalancerTask.java:processMoveSelection(569)) - ContainerBalancer is trying to move container #53 with size 5368709120B from source datanode 421584f2-e4cc-47d8-8aed-944c88f08bcd to target datanode dce3138a-b1d4-4857-bfab-faeb886e2eb0
2023-09-07 14:19:59,704 [main] DEBUG balancer.ContainerBalancerTask (ContainerBalancerTask.java:lambda$moveContainer$3(837)) - Container move completed for container #53 from source 421584f2-e4cc-47d8-8aed-944c88f08bcd to target dce3138a-b1d4-4857-bfab-faeb886e2eb0
2023-09-07 14:19:59,706 [main] DEBUG balancer.ContainerBalancerTask (ContainerBalancerTask.java:matchSourceWithTarget(708)) - ContainerBalancer is finding suitable target for source datanode c5c85e31-a19b-4272-a22a-e6cb0cee2697
2023-09-07 14:19:59,706 [main] INFO  balancer.ContainerBalancerTask (ContainerBalancerTask.java:matchSourceWithTarget(722)) - ContainerBalancer matched source datanode c5c85e31-a19b-4272-a22a-e6cb0cee2697 with target datanode dce3138a-b1d4-4857-bfab-faeb886e2eb0 for container move.
2023-09-07 14:19:59,706 [main] INFO  balancer.ContainerBalancerTask (ContainerBalancerTask.java:processMoveSelection(569)) - ContainerBalancer is trying to move container #84 with size 4294967296B from source datanode c5c85e31-a19b-4272-a22a-e6cb0cee2697 to target datanode dce3138a-b1d4-4857-bfab-faeb886e2eb0
2023-09-07 14:19:59,707 [main] DEBUG balancer.ContainerBalancerTask (ContainerBalancerTask.java:lambda$moveContainer$3(837)) - Container move completed for container #84 from source c5c85e31-a19b-4272-a22a-e6cb0cee2697 to target dce3138a-b1d4-4857-bfab-faeb886e2eb0
2023-09-07 14:19:59,709 [main] DEBUG balancer.ContainerBalancerTask (ContainerBalancerTask.java:matchSourceWithTarget(708)) - ContainerBalancer is finding suitable target for source datanode 248ac389-ea7e-46b0-9205-df1e39f8f0b0
2023-09-07 14:19:59,709 [main] INFO  balancer.ContainerBalancerTask (ContainerBalancerTask.java:matchSourceWithTarget(722)) - ContainerBalancer matched source datanode 248ac389-ea7e-46b0-9205-df1e39f8f0b0 with target datanode dce3138a-b1d4-4857-bfab-faeb886e2eb0 for container move.
2023-09-07 14:19:59,709 [main] INFO  balancer.ContainerBalancerTask (ContainerBalancerTask.java:processMoveSelection(569)) - ContainerBalancer is trying to move container #66 with size 3221225472B from source datanode 248ac389-ea7e-46b0-9205-df1e39f8f0b0 to target datanode dce3138a-b1d4-4857-bfab-faeb886e2eb0
2023-09-07 14:19:59,709 [main] DEBUG balancer.ContainerBalancerTask (ContainerBalancerTask.java:lambda$moveContainer$3(837)) - Container move completed for container #66 from source 248ac389-ea7e-46b0-9205-df1e39f8f0b0 to target dce3138a-b1d4-4857-bfab-faeb886e2eb0
2023-09-07 14:19:59,711 [main] DEBUG balancer.ContainerBalancerTask (ContainerBalancerTask.java:matchSourceWithTarget(708)) - ContainerBalancer is finding suitable target for source datanode 421584f2-e4cc-47d8-8aed-944c88f08bcd
2023-09-07 14:19:59,712 [main] INFO  balancer.ContainerBalancerTask (ContainerBalancerTask.java:matchSourceWithTarget(722)) - ContainerBalancer matched source datanode 421584f2-e4cc-47d8-8aed-944c88f08bcd with target datanode dce3138a-b1d4-4857-bfab-faeb886e2eb0 for container move.
2023-09-07 14:19:59,712 [main] INFO  balancer.ContainerBalancerTask (ContainerBalancerTask.java:processMoveSelection(569)) - ContainerBalancer is trying to move container #52 with size 4294967296B from source datanode 421584f2-e4cc-47d8-8aed-944c88f08bcd to target datanode dce3138a-b1d4-4857-bfab-faeb886e2eb0
2023-09-07 14:19:59,712 [main] DEBUG balancer.ContainerBalancerTask (ContainerBalancerTask.java:lambda$moveContainer$3(837)) - Container move completed for container #52 from source 421584f2-e4cc-47d8-8aed-944c88f08bcd to target dce3138a-b1d4-4857-bfab-faeb886e2eb0
2023-09-07 14:19:59,714 [main] DEBUG balancer.ContainerBalancerTask (ContainerBalancerTask.java:matchSourceWithTarget(708)) - ContainerBalancer is finding suitable target for source datanode 77dfbcba-6605-4fdc-8d0e-9fe202378cb7
2023-09-07 14:19:59,714 [main] INFO  balancer.ContainerBalancerTask (ContainerBalancerTask.java:matchSourceWithTarget(722)) - ContainerBalancer matched source datanode 77dfbcba-6605-4fdc-8d0e-9fe202378cb7 with target datanode 78c33e4e-d029-4a9e-a807-e422689b4b08 for container move.
2023-09-07 14:19:59,714 [main] INFO  balancer.ContainerBalancerTask (ContainerBalancerTask.java:processMoveSelection(569)) - ContainerBalancer is trying to move container #40 with size 5368709120B from source datanode 77dfbcba-6605-4fdc-8d0e-9fe202378cb7 to target datanode 78c33e4e-d029-4a9e-a807-e422689b4b08
2023-09-07 14:19:59,714 [main] DEBUG balancer.ContainerBalancerTask (ContainerBalancerTask.java:lambda$moveContainer$3(837)) - Container move completed for container #40 from source 77dfbcba-6605-4fdc-8d0e-9fe202378cb7 to target 78c33e4e-d029-4a9e-a807-e422689b4b08
2023-09-07 14:19:59,717 [main] DEBUG balancer.ContainerBalancerTask (ContainerBalancerTask.java:matchSourceWithTarget(708)) - ContainerBalancer is finding suitable target for source datanode c5c85e31-a19b-4272-a22a-e6cb0cee2697
2023-09-07 14:19:59,717 [main] INFO  balancer.ContainerBalancerTask (ContainerBalancerTask.java:matchSourceWithTarget(722)) - ContainerBalancer matched source datanode c5c85e31-a19b-4272-a22a-e6cb0cee2697 with target datanode dce3138a-b1d4-4857-bfab-faeb886e2eb0 for container move.
2023-09-07 14:19:59,718 [main] INFO  balancer.ContainerBalancerTask (ContainerBalancerTask.java:processMoveSelection(569)) - ContainerBalancer is trying to move container #88 with size 3221225472B from source datanode c5c85e31-a19b-4272-a22a-e6cb0cee2697 to target datanode dce3138a-b1d4-4857-bfab-faeb886e2eb0
2023-09-07 14:19:59,718 [main] DEBUG balancer.ContainerBalancerTask (ContainerBalancerTask.java:lambda$moveContainer$3(837)) - Container move completed for container #88 from source c5c85e31-a19b-4272-a22a-e6cb0cee2697 to target dce3138a-b1d4-4857-bfab-faeb886e2eb0
2023-09-07 14:19:59,720 [main] DEBUG balancer.ContainerBalancerTask (ContainerBalancerTask.java:matchSourceWithTarget(708)) - ContainerBalancer is finding suitable target for source datanode 248ac389-ea7e-46b0-9205-df1e39f8f0b0
2023-09-07 14:19:59,720 [main] INFO  balancer.ContainerBalancerTask (ContainerBalancerTask.java:matchSourceWithTarget(722)) - ContainerBalancer matched source datanode 248ac389-ea7e-46b0-9205-df1e39f8f0b0 with target datanode dce3138a-b1d4-4857-bfab-faeb886e2eb0 for container move.
2023-09-07 14:19:59,720 [main] INFO  balancer.ContainerBalancerTask (ContainerBalancerTask.java:processMoveSelection(569)) - ContainerBalancer is trying to move container #11 with size 3221225472B from source datanode 248ac389-ea7e-46b0-9205-df1e39f8f0b0 to target datanode dce3138a-b1d4-4857-bfab-faeb886e2eb0
2023-09-07 14:19:59,720 [main] DEBUG balancer.ContainerBalancerTask (ContainerBalancerTask.java:lambda$moveContainer$3(837)) - Container move completed for container #11 from source 248ac389-ea7e-46b0-9205-df1e39f8f0b0 to target dce3138a-b1d4-4857-bfab-faeb886e2eb0
2023-09-07 14:19:59,721 [main] WARN  balancer.ContainerBalancerTask (ContainerBalancerTask.java:reachedMaxSizeToMovePerIteration(733)) - Reached max size to move limit. 53687091200 bytes have already been scheduled for balancing and the limit is 53687091200 bytes.
2023-09-07 14:19:59,721 [main] INFO  balancer.ContainerBalancerTask (ContainerBalancerTask.java:checkIterationMoveResults(642)) - Iteration Summary. Number of Datanodes involved: 6. Size moved: 50 GB (53687091200 Bytes). Number of Container moves completed: 12.
2023-09-07 14:19:59,721 [main] INFO  balancer.ContainerBalancerTask (ContainerBalancerTask.java:balance(259)) - Result of this iteration of Container Balancer: ITERATION_COMPLETED
2023-09-07 14:19:59,721 [main] INFO  balancer.ContainerBalancerTask (ContainerBalancerTask.java:tryStopWithSaveConfiguration(308)) - Save Configuration for stopping. Reason: Completed all iterations.
2023-09-07 14:19:59,721 [main] DEBUG balancer.ContainerBalancerTask (ContainerBalancerTask.java:initializeIteration(374)) - Average utilization of the cluster is 0.3421445052540577
2023-09-07 14:19:59,722 [main] DEBUG balancer.ContainerBalancerTask (ContainerBalancerTask.java:initializeIteration(386)) - Lower limit for utilization is -0.5313794186248434 and Upper limit for utilization is 1.215668429132959
2023-09-07 14:19:59,722 [main] DEBUG balancer.ContainerBalancerTask (ContainerBalancerTask.java:initializeIteration(398)) - Utilization for node c5c85e31-a19b-4272-a22a-e6cb0cee2697 with capacity 63231462968B, used 56908316672B, and remaining 6323146296B is 0.9000000000126519
2023-09-07 14:19:59,722 [main] DEBUG balancer.ContainerBalancerTask (ContainerBalancerTask.java:initializeIteration(398)) - Utilization for node 248ac389-ea7e-46b0-9205-df1e39f8f0b0 with capacity 60397977600B, used 48318382080B, and remaining 12079595520B is 0.8
2023-09-07 14:19:59,722 [main] DEBUG balancer.ContainerBalancerTask (ContainerBalancerTask.java:initializeIteration(398)) - Utilization for node 421584f2-e4cc-47d8-8aed-944c88f08bcd with capacity 67492343222B, used 47244640256B, and remaining 20247702966B is 0.7000000000088898
2023-09-07 14:19:59,722 [main] DEBUG balancer.ContainerBalancerTask (ContainerBalancerTask.java:initializeIteration(398)) - Utilization for node 77dfbcba-6605-4fdc-8d0e-9fe202378cb7 with capacity 69793218560B, used 41875931136B, and remaining 27917287424B is 0.6
2023-09-07 14:19:59,722 [main] DEBUG balancer.ContainerBalancerTask (ContainerBalancerTask.java:initializeIteration(398)) - Utilization for node 5b777bfe-eb24-4b97-bd1c-28e1b122001c with capacity 85899345920B, used 42949672960B, and remaining 42949672960B is 0.5
2023-09-07 14:19:59,722 [main] DEBUG balancer.ContainerBalancerTask (ContainerBalancerTask.java:initializeIteration(398)) - Utilization for node ca939f99-ab0b-4d29-a42f-f44b56056ae7 with capacity 83214991360B, used 33285996544B, and remaining 49928994816B is 0.4
2023-09-07 14:19:59,722 [main] DEBUG balancer.ContainerBalancerTask (ContainerBalancerTask.java:initializeIteration(398)) - Utilization for node f1108a0e-23cf-44a7-85cb-287ff4c7c6ee with capacity 139586437120B, used 41875931136B, and remaining 97710505984B is 0.3
2023-09-07 14:19:59,722 [main] DEBUG balancer.ContainerBalancerTask (ContainerBalancerTask.java:initializeIteration(398)) - Utilization for node dd8ee5d2-e7f7-433c-8670-3d9c860724d2 with capacity 177167400960B, used 35433480192B, and remaining 141733920768B is 0.2
2023-09-07 14:19:59,722 [main] DEBUG balancer.ContainerBalancerTask (ContainerBalancerTask.java:initializeIteration(398)) - Utilization for node dce3138a-b1d4-4857-bfab-faeb886e2eb0 with capacity 343597383680B, used 34359738368B, and remaining 309237645312B is 0.1
2023-09-07 14:19:59,722 [main] DEBUG balancer.ContainerBalancerTask (ContainerBalancerTask.java:initializeIteration(398)) - Utilization for node 78c33e4e-d029-4a9e-a807-e422689b4b08 with capacity 26843545600B, used 0B, and remaining 26843545600B is 0.0
2023-09-07 14:19:59,722 [main] INFO  balancer.ContainerBalancerTask (ContainerBalancerTask.java:initializeIteration(443)) - Did not find any unbalanced Datanodes.
2023-09-07 14:19:59,722 [main] INFO  balancer.ContainerBalancerTask (ContainerBalancerTask.java:tryStopWithSaveConfiguration(308)) - Save Configuration for stopping. Reason: Could not initialize ContainerBalancer's iteration number 0
2023-09-07 14:19:59,723 [main] DEBUG balancer.ContainerBalancerTask (ContainerBalancerTask.java:initializeIteration(374)) - Average utilization of the cluster is 0.3421445052540577
2023-09-07 14:19:59,723 [main] DEBUG balancer.ContainerBalancerTask (ContainerBalancerTask.java:initializeIteration(386)) - Lower limit for utilization is -0.07793665315359821 and Upper limit for utilization is 0.7622256636617136
2023-09-07 14:19:59,723 [main] DEBUG balancer.ContainerBalancerTask (ContainerBalancerTask.java:initializeIteration(398)) - Utilization for node c5c85e31-a19b-4272-a22a-e6cb0cee2697 with capacity 63231462968B, used 56908316672B, and remaining 6323146296B is 0.9000000000126519
2023-09-07 14:19:59,723 [main] DEBUG balancer.ContainerBalancerTask (ContainerBalancerTask.java:initializeIteration(398)) - Utilization for node 248ac389-ea7e-46b0-9205-df1e39f8f0b0 with capacity 60397977600B, used 48318382080B, and remaining 12079595520B is 0.8
2023-09-07 14:19:59,723 [main] DEBUG balancer.ContainerBalancerTask (ContainerBalancerTask.java:initializeIteration(398)) - Utilization for node 421584f2-e4cc-47d8-8aed-944c88f08bcd with capacity 67492343222B, used 47244640256B, and remaining 20247702966B is 0.7000000000088898
2023-09-07 14:19:59,723 [main] DEBUG balancer.ContainerBalancerTask (ContainerBalancerTask.java:initializeIteration(398)) - Utilization for node 77dfbcba-6605-4fdc-8d0e-9fe202378cb7 with capacity 69793218560B, used 41875931136B, and remaining 27917287424B is 0.6
2023-09-07 14:19:59,723 [main] DEBUG balancer.ContainerBalancerTask (ContainerBalancerTask.java:initializeIteration(398)) - Utilization for node 5b777bfe-eb24-4b97-bd1c-28e1b122001c with capacity 85899345920B, used 42949672960B, and remaining 42949672960B is 0.5
2023-09-07 14:19:59,724 [main] DEBUG balancer.ContainerBalancerTask (ContainerBalancerTask.java:initializeIteration(398)) - Utilization for node ca939f99-ab0b-4d29-a42f-f44b56056ae7 with capacity 83214991360B, used 33285996544B, and remaining 49928994816B is 0.4
2023-09-07 14:19:59,724 [main] DEBUG balancer.ContainerBalancerTask (ContainerBalancerTask.java:initializeIteration(398)) - Utilization for node f1108a0e-23cf-44a7-85cb-287ff4c7c6ee with capacity 139586437120B, used 41875931136B, and remaining 97710505984B is 0.3
2023-09-07 14:19:59,724 [main] DEBUG balancer.ContainerBalancerTask (ContainerBalancerTask.java:initializeIteration(398)) - Utilization for node dd8ee5d2-e7f7-433c-8670-3d9c860724d2 with capacity 177167400960B, used 35433480192B, and remaining 141733920768B is 0.2
2023-09-07 14:19:59,724 [main] DEBUG balancer.ContainerBalancerTask (ContainerBalancerTask.java:initializeIteration(398)) - Utilization for node dce3138a-b1d4-4857-bfab-faeb886e2eb0 with capacity 343597383680B, used 34359738368B, and remaining 309237645312B is 0.1
2023-09-07 14:19:59,724 [main] DEBUG balancer.ContainerBalancerTask (ContainerBalancerTask.java:initializeIteration(398)) - Utilization for node 78c33e4e-d029-4a9e-a807-e422689b4b08 with capacity 26843545600B, used 0B, and remaining 26843545600B is 0.0
2023-09-07 14:19:59,724 [main] INFO  balancer.ContainerBalancerTask (ContainerBalancerTask.java:initializeIteration(447)) - Container Balancer has identified 2 Over-Utilized and 0 Under-Utilized Datanodes that need to be balanced.
2023-09-07 14:19:59,724 [main] DEBUG balancer.ContainerBalancerTask (ContainerBalancerTask.java:lambda$initializeIteration$1(453)) - Datanode localhost-98.159.20.181 c5c85e31-a19b-4272-a22a-e6cb0cee2697 is Over-Utilized.
2023-09-07 14:19:59,724 [main] DEBUG balancer.ContainerBalancerTask (ContainerBalancerTask.java:lambda$initializeIteration$1(453)) - Datanode localhost-195.53.202.168 248ac389-ea7e-46b0-9205-df1e39f8f0b0 is Over-Utilized.
2023-09-07 14:19:59,726 [main] DEBUG balancer.ContainerBalancerTask (ContainerBalancerTask.java:matchSourceWithTarget(708)) - ContainerBalancer is finding suitable target for source datanode c5c85e31-a19b-4272-a22a-e6cb0cee2697
2023-09-07 14:19:59,727 [main] INFO  balancer.FindTargetGreedyByUsageInfo (AbstractFindTargetGreedy.java:findTargetForContainerMove(133)) - Container Balancer could not find a target for source datanode c5c85e31-a19b-4272-a22a-e6cb0cee2697
2023-09-07 14:19:59,727 [main] DEBUG balancer.ContainerBalancerTask (ContainerBalancerTask.java:matchSourceWithTarget(717)) - ContainerBalancer could not find a suitable target for source node c5c85e31-a19b-4272-a22a-e6cb0cee2697.
2023-09-07 14:19:59,729 [main] DEBUG balancer.ContainerBalancerTask (ContainerBalancerTask.java:matchSourceWithTarget(708)) - ContainerBalancer is finding suitable target for source datanode 248ac389-ea7e-46b0-9205-df1e39f8f0b0
2023-09-07 14:19:59,729 [main] INFO  balancer.FindTargetGreedyByUsageInfo (AbstractFindTargetGreedy.java:findTargetForContainerMove(133)) - Container Balancer could not find a target for source datanode 248ac389-ea7e-46b0-9205-df1e39f8f0b0
2023-09-07 14:19:59,729 [main] DEBUG balancer.ContainerBalancerTask (ContainerBalancerTask.java:matchSourceWithTarget(717)) - ContainerBalancer could not find a suitable target for source node 248ac389-ea7e-46b0-9205-df1e39f8f0b0.
2023-09-07 14:19:59,729 [main] INFO  balancer.FindSourceGreedy (FindSourceGreedy.java:getNextCandidateSourceDataNode(126)) - no more candidate source data node
2023-09-07 14:19:59,729 [main] INFO  balancer.ContainerBalancerTask (ContainerBalancerTask.java:balance(259)) - Result of this iteration of Container Balancer: CAN_NOT_BALANCE_ANY_MORE
2023-09-07 14:19:59,729 [main] INFO  balancer.ContainerBalancerTask (ContainerBalancerTask.java:tryStopWithSaveConfiguration(308)) - Save Configuration for stopping. Reason: CAN_NOT_BALANCE_ANY_MORE
2023-09-07 14:19:59,730 [main] DEBUG balancer.ContainerBalancerTask (ContainerBalancerTask.java:initializeIteration(374)) - Average utilization of the cluster is 0.3421445052540577
2023-09-07 14:19:59,730 [main] DEBUG balancer.ContainerBalancerTask (ContainerBalancerTask.java:initializeIteration(386)) - Lower limit for utilization is -0.35483038601624883 and Upper limit for utilization is 1.0391193965243644
2023-09-07 14:19:59,730 [main] DEBUG balancer.ContainerBalancerTask (ContainerBalancerTask.java:initializeIteration(398)) - Utilization for node c5c85e31-a19b-4272-a22a-e6cb0cee2697 with capacity 63231462968B, used 56908316672B, and remaining 6323146296B is 0.9000000000126519
2023-09-07 14:19:59,730 [main] DEBUG balancer.ContainerBalancerTask (ContainerBalancerTask.java:initializeIteration(398)) - Utilization for node 248ac389-ea7e-46b0-9205-df1e39f8f0b0 with capacity 60397977600B, used 48318382080B, and remaining 12079595520B is 0.8
2023-09-07 14:19:59,730 [main] DEBUG balancer.ContainerBalancerTask (ContainerBalancerTask.java:initializeIteration(398)) - Utilization for node 421584f2-e4cc-47d8-8aed-944c88f08bcd with capacity 67492343222B, used 47244640256B, and remaining 20247702966B is 0.7000000000088898
2023-09-07 14:19:59,730 [main] DEBUG balancer.ContainerBalancerTask (ContainerBalancerTask.java:initializeIteration(398)) - Utilization for node 77dfbcba-6605-4fdc-8d0e-9fe202378cb7 with capacity 69793218560B, used 41875931136B, and remaining 27917287424B is 0.6
2023-09-07 14:19:59,730 [main] DEBUG balancer.ContainerBalancerTask (ContainerBalancerTask.java:initializeIteration(398)) - Utilization for node 5b777bfe-eb24-4b97-bd1c-28e1b122001c with capacity 85899345920B, used 42949672960B, and remaining 42949672960B is 0.5
2023-09-07 14:19:59,730 [main] DEBUG balancer.ContainerBalancerTask (ContainerBalancerTask.java:initializeIteration(398)) - Utilization for node ca939f99-ab0b-4d29-a42f-f44b56056ae7 with capacity 83214991360B, used 33285996544B, and remaining 49928994816B is 0.4
2023-09-07 14:19:59,730 [main] DEBUG balancer.ContainerBalancerTask (ContainerBalancerTask.java:initializeIteration(398)) - Utilization for node f1108a0e-23cf-44a7-85cb-287ff4c7c6ee with capacity 139586437120B, used 41875931136B, and remaining 97710505984B is 0.3
2023-09-07 14:19:59,730 [main] DEBUG balancer.ContainerBalancerTask (ContainerBalancerTask.java:initializeIteration(398)) - Utilization for node dd8ee5d2-e7f7-433c-8670-3d9c860724d2 with capacity 177167400960B, used 35433480192B, and remaining 141733920768B is 0.2
2023-09-07 14:19:59,730 [main] DEBUG balancer.ContainerBalancerTask (ContainerBalancerTask.java:initializeIteration(398)) - Utilization for node dce3138a-b1d4-4857-bfab-faeb886e2eb0 with capacity 343597383680B, used 34359738368B, and remaining 309237645312B is 0.1
2023-09-07 14:19:59,730 [main] DEBUG balancer.ContainerBalancerTask (ContainerBalancerTask.java:initializeIteration(398)) - Utilization for node 78c33e4e-d029-4a9e-a807-e422689b4b08 with capacity 26843545600B, used 0B, and remaining 26843545600B is 0.0
2023-09-07 14:19:59,731 [main] INFO  balancer.ContainerBalancerTask (ContainerBalancerTask.java:initializeIteration(443)) - Did not find any unbalanced Datanodes.
2023-09-07 14:19:59,731 [main] INFO  balancer.ContainerBalancerTask (ContainerBalancerTask.java:tryStopWithSaveConfiguration(308)) - Save Configuration for stopping. Reason: Could not initialize ContainerBalancer's iteration number 0
2023-09-07 14:19:59,731 [main] DEBUG balancer.ContainerBalancerTask (ContainerBalancerTask.java:initializeIteration(374)) - Average utilization of the cluster is 0.3421445052540577
2023-09-07 14:19:59,731 [main] DEBUG balancer.ContainerBalancerTask (ContainerBalancerTask.java:initializeIteration(386)) - Lower limit for utilization is 0.2437173398873077 and Upper limit for utilization is 0.4405716706208077
2023-09-07 14:19:59,731 [main] DEBUG balancer.ContainerBalancerTask (ContainerBalancerTask.java:initializeIteration(398)) - Utilization for node c5c85e31-a19b-4272-a22a-e6cb0cee2697 with capacity 63231462968B, used 56908316672B, and remaining 6323146296B is 0.9000000000126519
2023-09-07 14:19:59,731 [main] DEBUG balancer.ContainerBalancerTask (ContainerBalancerTask.java:initializeIteration(398)) - Utilization for node 248ac389-ea7e-46b0-9205-df1e39f8f0b0 with capacity 60397977600B, used 48318382080B, and remaining 12079595520B is 0.8
2023-09-07 14:19:59,731 [main] DEBUG balancer.ContainerBalancerTask (ContainerBalancerTask.java:initializeIteration(398)) - Utilization for node 421584f2-e4cc-47d8-8aed-944c88f08bcd with capacity 67492343222B, used 47244640256B, and remaining 20247702966B is 0.7000000000088898
2023-09-07 14:19:59,731 [main] DEBUG balancer.ContainerBalancerTask (ContainerBalancerTask.java:initializeIteration(398)) - Utilization for node 77dfbcba-6605-4fdc-8d0e-9fe202378cb7 with capacity 69793218560B, used 41875931136B, and remaining 27917287424B is 0.6
2023-09-07 14:19:59,732 [main] DEBUG balancer.ContainerBalancerTask (ContainerBalancerTask.java:initializeIteration(398)) - Utilization for node 5b777bfe-eb24-4b97-bd1c-28e1b122001c with capacity 85899345920B, used 42949672960B, and remaining 42949672960B is 0.5
2023-09-07 14:19:59,732 [main] DEBUG balancer.ContainerBalancerTask (ContainerBalancerTask.java:initializeIteration(398)) - Utilization for node ca939f99-ab0b-4d29-a42f-f44b56056ae7 with capacity 83214991360B, used 33285996544B, and remaining 49928994816B is 0.4
2023-09-07 14:19:59,732 [main] DEBUG balancer.ContainerBalancerTask (ContainerBalancerTask.java:initializeIteration(398)) - Utilization for node f1108a0e-23cf-44a7-85cb-287ff4c7c6ee with capacity 139586437120B, used 41875931136B, and remaining 97710505984B is 0.3
2023-09-07 14:19:59,732 [main] DEBUG balancer.ContainerBalancerTask (ContainerBalancerTask.java:initializeIteration(398)) - Utilization for node dd8ee5d2-e7f7-433c-8670-3d9c860724d2 with capacity 177167400960B, used 35433480192B, and remaining 141733920768B is 0.2
2023-09-07 14:19:59,732 [main] DEBUG balancer.ContainerBalancerTask (ContainerBalancerTask.java:initializeIteration(398)) - Utilization for node dce3138a-b1d4-4857-bfab-faeb886e2eb0 with capacity 343597383680B, used 34359738368B, and remaining 309237645312B is 0.1
2023-09-07 14:19:59,732 [main] DEBUG balancer.ContainerBalancerTask (ContainerBalancerTask.java:initializeIteration(398)) - Utilization for node 78c33e4e-d029-4a9e-a807-e422689b4b08 with capacity 26843545600B, used 0B, and remaining 26843545600B is 0.0
2023-09-07 14:19:59,732 [main] INFO  balancer.ContainerBalancerTask (ContainerBalancerTask.java:initializeIteration(447)) - Container Balancer has identified 5 Over-Utilized and 3 Under-Utilized Datanodes that need to be balanced.
2023-09-07 14:19:59,732 [main] DEBUG balancer.ContainerBalancerTask (ContainerBalancerTask.java:lambda$initializeIteration$1(453)) - Datanode localhost-98.159.20.181 c5c85e31-a19b-4272-a22a-e6cb0cee2697 is Over-Utilized.
2023-09-07 14:19:59,732 [main] DEBUG balancer.ContainerBalancerTask (ContainerBalancerTask.java:lambda$initializeIteration$1(453)) - Datanode localhost-195.53.202.168 248ac389-ea7e-46b0-9205-df1e39f8f0b0 is Over-Utilized.
2023-09-07 14:19:59,732 [main] DEBUG balancer.ContainerBalancerTask (ContainerBalancerTask.java:lambda$initializeIteration$1(453)) - Datanode localhost-130.14.218.10 421584f2-e4cc-47d8-8aed-944c88f08bcd is Over-Utilized.
2023-09-07 14:19:59,732 [main] DEBUG balancer.ContainerBalancerTask (ContainerBalancerTask.java:lambda$initializeIteration$1(453)) - Datanode localhost-129.122.164.149 77dfbcba-6605-4fdc-8d0e-9fe202378cb7 is Over-Utilized.
2023-09-07 14:19:59,732 [main] DEBUG balancer.ContainerBalancerTask (ContainerBalancerTask.java:lambda$initializeIteration$1(453)) - Datanode localhost-48.199.75.188 5b777bfe-eb24-4b97-bd1c-28e1b122001c is Over-Utilized.
2023-09-07 14:19:59,732 [main] DEBUG balancer.ContainerBalancerTask (ContainerBalancerTask.java:lambda$initializeIteration$2(459)) - Datanode localhost-61.34.16.17 78c33e4e-d029-4a9e-a807-e422689b4b08 is Under-Utilized.
2023-09-07 14:19:59,733 [main] DEBUG balancer.ContainerBalancerTask (ContainerBalancerTask.java:lambda$initializeIteration$2(459)) - Datanode localhost-151.238.238.245 dce3138a-b1d4-4857-bfab-faeb886e2eb0 is Under-Utilized.
2023-09-07 14:19:59,733 [main] DEBUG balancer.ContainerBalancerTask (ContainerBalancerTask.java:lambda$initializeIteration$2(459)) - Datanode localhost-77.205.48.120 dd8ee5d2-e7f7-433c-8670-3d9c860724d2 is Under-Utilized.
2023-09-07 14:19:59,735 [main] DEBUG balancer.ContainerBalancerTask (ContainerBalancerTask.java:matchSourceWithTarget(708)) - ContainerBalancer is finding suitable target for source datanode c5c85e31-a19b-4272-a22a-e6cb0cee2697
2023-09-07 14:19:59,735 [main] INFO  balancer.ContainerBalancerTask (ContainerBalancerTask.java:matchSourceWithTarget(722)) - ContainerBalancer matched source datanode c5c85e31-a19b-4272-a22a-e6cb0cee2697 with target datanode 78c33e4e-d029-4a9e-a807-e422689b4b08 for container move.
2023-09-07 14:19:59,735 [main] INFO  balancer.ContainerBalancerTask (ContainerBalancerTask.java:processMoveSelection(569)) - ContainerBalancer is trying to move container #85 with size 5368709120B from source datanode c5c85e31-a19b-4272-a22a-e6cb0cee2697 to target datanode 78c33e4e-d029-4a9e-a807-e422689b4b08
2023-09-07 14:19:59,735 [main] DEBUG balancer.ContainerBalancerTask (ContainerBalancerTask.java:lambda$moveContainer$3(837)) - Container move completed for container #85 from source c5c85e31-a19b-4272-a22a-e6cb0cee2697 to target 78c33e4e-d029-4a9e-a807-e422689b4b08
2023-09-07 14:19:59,738 [main] DEBUG balancer.ContainerBalancerTask (ContainerBalancerTask.java:matchSourceWithTarget(708)) - ContainerBalancer is finding suitable target for source datanode c5c85e31-a19b-4272-a22a-e6cb0cee2697
2023-09-07 14:19:59,738 [main] INFO  balancer.ContainerBalancerTask (ContainerBalancerTask.java:matchSourceWithTarget(722)) - ContainerBalancer matched source datanode c5c85e31-a19b-4272-a22a-e6cb0cee2697 with target datanode dce3138a-b1d4-4857-bfab-faeb886e2eb0 for container move.
2023-09-07 14:19:59,738 [main] INFO  balancer.ContainerBalancerTask (ContainerBalancerTask.java:processMoveSelection(569)) - ContainerBalancer is trying to move container #68 with size 5368709120B from source datanode c5c85e31-a19b-4272-a22a-e6cb0cee2697 to target datanode dce3138a-b1d4-4857-bfab-faeb886e2eb0
2023-09-07 14:19:59,738 [main] DEBUG balancer.ContainerBalancerTask (ContainerBalancerTask.java:lambda$moveContainer$3(837)) - Container move completed for container #68 from source c5c85e31-a19b-4272-a22a-e6cb0cee2697 to target dce3138a-b1d4-4857-bfab-faeb886e2eb0
2023-09-07 14:19:59,740 [main] DEBUG balancer.ContainerBalancerTask (ContainerBalancerTask.java:matchSourceWithTarget(708)) - ContainerBalancer is finding suitable target for source datanode 248ac389-ea7e-46b0-9205-df1e39f8f0b0
2023-09-07 14:19:59,740 [main] INFO  balancer.ContainerBalancerTask (ContainerBalancerTask.java:matchSourceWithTarget(722)) - ContainerBalancer matched source datanode 248ac389-ea7e-46b0-9205-df1e39f8f0b0 with target datanode dce3138a-b1d4-4857-bfab-faeb886e2eb0 for container move.
2023-09-07 14:19:59,741 [main] INFO  balancer.ContainerBalancerTask (ContainerBalancerTask.java:processMoveSelection(569)) - ContainerBalancer is trying to move container #29 with size 5368709120B from source datanode 248ac389-ea7e-46b0-9205-df1e39f8f0b0 to target datanode dce3138a-b1d4-4857-bfab-faeb886e2eb0
2023-09-07 14:19:59,741 [main] DEBUG balancer.ContainerBalancerTask (ContainerBalancerTask.java:lambda$moveContainer$3(837)) - Container move completed for container #29 from source 248ac389-ea7e-46b0-9205-df1e39f8f0b0 to target dce3138a-b1d4-4857-bfab-faeb886e2eb0
2023-09-07 14:19:59,743 [main] DEBUG balancer.ContainerBalancerTask (ContainerBalancerTask.java:matchSourceWithTarget(708)) - ContainerBalancer is finding suitable target for source datanode c5c85e31-a19b-4272-a22a-e6cb0cee2697
2023-09-07 14:19:59,743 [main] INFO  balancer.ContainerBalancerTask (ContainerBalancerTask.java:matchSourceWithTarget(722)) - ContainerBalancer matched source datanode c5c85e31-a19b-4272-a22a-e6cb0cee2697 with target datanode dce3138a-b1d4-4857-bfab-faeb886e2eb0 for container move.
2023-09-07 14:19:59,743 [main] INFO  balancer.ContainerBalancerTask (ContainerBalancerTask.java:processMoveSelection(569)) - ContainerBalancer is trying to move container #89 with size 4294967296B from source datanode c5c85e31-a19b-4272-a22a-e6cb0cee2697 to target datanode dce3138a-b1d4-4857-bfab-faeb886e2eb0
2023-09-07 14:19:59,744 [main] DEBUG balancer.ContainerBalancerTask (ContainerBalancerTask.java:lambda$moveContainer$3(837)) - Container move completed for container #89 from source c5c85e31-a19b-4272-a22a-e6cb0cee2697 to target dce3138a-b1d4-4857-bfab-faeb886e2eb0
2023-09-07 14:19:59,746 [main] DEBUG balancer.ContainerBalancerTask (ContainerBalancerTask.java:matchSourceWithTarget(708)) - ContainerBalancer is finding suitable target for source datanode 248ac389-ea7e-46b0-9205-df1e39f8f0b0
2023-09-07 14:19:59,746 [main] INFO  balancer.ContainerBalancerTask (ContainerBalancerTask.java:matchSourceWithTarget(722)) - ContainerBalancer matched source datanode 248ac389-ea7e-46b0-9205-df1e39f8f0b0 with target datanode dce3138a-b1d4-4857-bfab-faeb886e2eb0 for container move.
2023-09-07 14:19:59,746 [main] INFO  balancer.ContainerBalancerTask (ContainerBalancerTask.java:processMoveSelection(569)) - ContainerBalancer is trying to move container #67 with size 4294967296B from source datanode 248ac389-ea7e-46b0-9205-df1e39f8f0b0 to target datanode dce3138a-b1d4-4857-bfab-faeb886e2eb0
2023-09-07 14:19:59,746 [main] DEBUG balancer.ContainerBalancerTask (ContainerBalancerTask.java:lambda$moveContainer$3(837)) - Container move completed for container #67 from source 248ac389-ea7e-46b0-9205-df1e39f8f0b0 to target dce3138a-b1d4-4857-bfab-faeb886e2eb0
2023-09-07 14:19:59,748 [main] DEBUG balancer.ContainerBalancerTask (ContainerBalancerTask.java:matchSourceWithTarget(708)) - ContainerBalancer is finding suitable target for source datanode 421584f2-e4cc-47d8-8aed-944c88f08bcd
2023-09-07 14:19:59,748 [main] INFO  balancer.ContainerBalancerTask (ContainerBalancerTask.java:matchSourceWithTarget(722)) - ContainerBalancer matched source datanode 421584f2-e4cc-47d8-8aed-944c88f08bcd with target datanode dce3138a-b1d4-4857-bfab-faeb886e2eb0 for container move.
2023-09-07 14:19:59,748 [main] INFO  balancer.ContainerBalancerTask (ContainerBalancerTask.java:processMoveSelection(569)) - ContainerBalancer is trying to move container #53 with size 5368709120B from source datanode 421584f2-e4cc-47d8-8aed-944c88f08bcd to target datanode dce3138a-b1d4-4857-bfab-faeb886e2eb0
2023-09-07 14:19:59,749 [main] DEBUG balancer.ContainerBalancerTask (ContainerBalancerTask.java:lambda$moveContainer$3(837)) - Container move completed for container #53 from source 421584f2-e4cc-47d8-8aed-944c88f08bcd to target dce3138a-b1d4-4857-bfab-faeb886e2eb0
2023-09-07 14:19:59,751 [main] DEBUG balancer.ContainerBalancerTask (ContainerBalancerTask.java:matchSourceWithTarget(708)) - ContainerBalancer is finding suitable target for source datanode c5c85e31-a19b-4272-a22a-e6cb0cee2697
2023-09-07 14:19:59,751 [main] INFO  balancer.ContainerBalancerTask (ContainerBalancerTask.java:matchSourceWithTarget(722)) - ContainerBalancer matched source datanode c5c85e31-a19b-4272-a22a-e6cb0cee2697 with target datanode dce3138a-b1d4-4857-bfab-faeb886e2eb0 for container move.
2023-09-07 14:19:59,751 [main] INFO  balancer.ContainerBalancerTask (ContainerBalancerTask.java:processMoveSelection(569)) - ContainerBalancer is trying to move container #84 with size 4294967296B from source datanode c5c85e31-a19b-4272-a22a-e6cb0cee2697 to target datanode dce3138a-b1d4-4857-bfab-faeb886e2eb0
2023-09-07 14:19:59,752 [main] DEBUG balancer.ContainerBalancerTask (ContainerBalancerTask.java:lambda$moveContainer$3(837)) - Container move completed for container #84 from source c5c85e31-a19b-4272-a22a-e6cb0cee2697 to target dce3138a-b1d4-4857-bfab-faeb886e2eb0
2023-09-07 14:19:59,754 [main] DEBUG balancer.ContainerBalancerTask (ContainerBalancerTask.java:matchSourceWithTarget(708)) - ContainerBalancer is finding suitable target for source datanode 248ac389-ea7e-46b0-9205-df1e39f8f0b0
2023-09-07 14:19:59,754 [main] INFO  balancer.ContainerBalancerTask (ContainerBalancerTask.java:matchSourceWithTarget(722)) - ContainerBalancer matched source datanode 248ac389-ea7e-46b0-9205-df1e39f8f0b0 with target datanode dce3138a-b1d4-4857-bfab-faeb886e2eb0 for container move.
2023-09-07 14:19:59,754 [main] INFO  balancer.ContainerBalancerTask (ContainerBalancerTask.java:processMoveSelection(569)) - ContainerBalancer is trying to move container #66 with size 3221225472B from source datanode 248ac389-ea7e-46b0-9205-df1e39f8f0b0 to target datanode dce3138a-b1d4-4857-bfab-faeb886e2eb0
2023-09-07 14:19:59,754 [main] DEBUG balancer.ContainerBalancerTask (ContainerBalancerTask.java:lambda$moveContainer$3(837)) - Container move completed for container #66 from source 248ac389-ea7e-46b0-9205-df1e39f8f0b0 to target dce3138a-b1d4-4857-bfab-faeb886e2eb0
2023-09-07 14:19:59,756 [main] DEBUG balancer.ContainerBalancerTask (ContainerBalancerTask.java:matchSourceWithTarget(708)) - ContainerBalancer is finding suitable target for source datanode 421584f2-e4cc-47d8-8aed-944c88f08bcd
2023-09-07 14:19:59,757 [main] INFO  balancer.ContainerBalancerTask (ContainerBalancerTask.java:matchSourceWithTarget(722)) - ContainerBalancer matched source datanode 421584f2-e4cc-47d8-8aed-944c88f08bcd with target datanode dce3138a-b1d4-4857-bfab-faeb886e2eb0 for container move.
2023-09-07 14:19:59,757 [main] INFO  balancer.ContainerBalancerTask (ContainerBalancerTask.java:processMoveSelection(569)) - ContainerBalancer is trying to move container #52 with size 4294967296B from source datanode 421584f2-e4cc-47d8-8aed-944c88f08bcd to target datanode dce3138a-b1d4-4857-bfab-faeb886e2eb0
2023-09-07 14:19:59,757 [main] DEBUG balancer.ContainerBalancerTask (ContainerBalancerTask.java:lambda$moveContainer$3(837)) - Container move completed for container #52 from source 421584f2-e4cc-47d8-8aed-944c88f08bcd to target dce3138a-b1d4-4857-bfab-faeb886e2eb0
2023-09-07 14:19:59,759 [main] DEBUG balancer.ContainerBalancerTask (ContainerBalancerTask.java:matchSourceWithTarget(708)) - ContainerBalancer is finding suitable target for source datanode 77dfbcba-6605-4fdc-8d0e-9fe202378cb7
2023-09-07 14:19:59,759 [main] INFO  balancer.ContainerBalancerTask (ContainerBalancerTask.java:matchSourceWithTarget(722)) - ContainerBalancer matched source datanode 77dfbcba-6605-4fdc-8d0e-9fe202378cb7 with target datanode dd8ee5d2-e7f7-433c-8670-3d9c860724d2 for container move.
2023-09-07 14:19:59,759 [main] INFO  balancer.ContainerBalancerTask (ContainerBalancerTask.java:processMoveSelection(569)) - ContainerBalancer is trying to move container #39 with size 4294967296B from source datanode 77dfbcba-6605-4fdc-8d0e-9fe202378cb7 to target datanode dd8ee5d2-e7f7-433c-8670-3d9c860724d2
2023-09-07 14:19:59,759 [main] DEBUG balancer.ContainerBalancerTask (ContainerBalancerTask.java:lambda$moveContainer$3(837)) - Container move completed for container #39 from source 77dfbcba-6605-4fdc-8d0e-9fe202378cb7 to target dd8ee5d2-e7f7-433c-8670-3d9c860724d2
2023-09-07 14:19:59,762 [main] DEBUG balancer.ContainerBalancerTask (ContainerBalancerTask.java:matchSourceWithTarget(708)) - ContainerBalancer is finding suitable target for source datanode c5c85e31-a19b-4272-a22a-e6cb0cee2697
2023-09-07 14:19:59,763 [main] INFO  balancer.ContainerBalancerTask (ContainerBalancerTask.java:matchSourceWithTarget(722)) - ContainerBalancer matched source datanode c5c85e31-a19b-4272-a22a-e6cb0cee2697 with target datanode 78c33e4e-d029-4a9e-a807-e422689b4b08 for container move.
2023-09-07 14:19:59,763 [main] INFO  balancer.ContainerBalancerTask (ContainerBalancerTask.java:processMoveSelection(569)) - ContainerBalancer is trying to move container #88 with size 3221225472B from source datanode c5c85e31-a19b-4272-a22a-e6cb0cee2697 to target datanode 78c33e4e-d029-4a9e-a807-e422689b4b08
2023-09-07 14:19:59,763 [main] DEBUG balancer.ContainerBalancerTask (ContainerBalancerTask.java:lambda$moveContainer$3(837)) - Container move completed for container #88 from source c5c85e31-a19b-4272-a22a-e6cb0cee2697 to target 78c33e4e-d029-4a9e-a807-e422689b4b08
2023-09-07 14:19:59,765 [main] DEBUG balancer.ContainerBalancerTask (ContainerBalancerTask.java:matchSourceWithTarget(708)) - ContainerBalancer is finding suitable target for source datanode 248ac389-ea7e-46b0-9205-df1e39f8f0b0
2023-09-07 14:19:59,765 [main] INFO  balancer.ContainerBalancerTask (ContainerBalancerTask.java:matchSourceWithTarget(722)) - ContainerBalancer matched source datanode 248ac389-ea7e-46b0-9205-df1e39f8f0b0 with target datanode dce3138a-b1d4-4857-bfab-faeb886e2eb0 for container move.
2023-09-07 14:19:59,765 [main] INFO  balancer.ContainerBalancerTask (ContainerBalancerTask.java:processMoveSelection(569)) - ContainerBalancer is trying to move container #11 with size 3221225472B from source datanode 248ac389-ea7e-46b0-9205-df1e39f8f0b0 to target datanode dce3138a-b1d4-4857-bfab-faeb886e2eb0
2023-09-07 14:19:59,766 [main] DEBUG balancer.ContainerBalancerTask (ContainerBalancerTask.java:lambda$moveContainer$3(837)) - Container move completed for container #11 from source 248ac389-ea7e-46b0-9205-df1e39f8f0b0 to target dce3138a-b1d4-4857-bfab-faeb886e2eb0
2023-09-07 14:19:59,768 [main] DEBUG balancer.ContainerBalancerTask (ContainerBalancerTask.java:matchSourceWithTarget(708)) - ContainerBalancer is finding suitable target for source datanode 421584f2-e4cc-47d8-8aed-944c88f08bcd
2023-09-07 14:19:59,768 [main] INFO  balancer.ContainerBalancerTask (ContainerBalancerTask.java:matchSourceWithTarget(722)) - ContainerBalancer matched source datanode 421584f2-e4cc-47d8-8aed-944c88f08bcd with target datanode dce3138a-b1d4-4857-bfab-faeb886e2eb0 for container move.
2023-09-07 14:19:59,768 [main] INFO  balancer.ContainerBalancerTask (ContainerBalancerTask.java:processMoveSelection(569)) - ContainerBalancer is trying to move container #49 with size 1073741824B from source datanode 421584f2-e4cc-47d8-8aed-944c88f08bcd to target datanode dce3138a-b1d4-4857-bfab-faeb886e2eb0
2023-09-07 14:19:59,768 [main] DEBUG balancer.ContainerBalancerTask (ContainerBalancerTask.java:lambda$moveContainer$3(837)) - Container move completed for container #49 from source 421584f2-e4cc-47d8-8aed-944c88f08bcd to target dce3138a-b1d4-4857-bfab-faeb886e2eb0
2023-09-07 14:19:59,768 [main] WARN  balancer.ContainerBalancerTask (ContainerBalancerTask.java:reachedMaxSizeToMovePerIteration(733)) - Reached max size to move limit. 53687091200 bytes have already been scheduled for balancing and the limit is 53687091200 bytes.
2023-09-07 14:19:59,769 [main] INFO  balancer.ContainerBalancerTask (ContainerBalancerTask.java:checkIterationMoveResults(642)) - Iteration Summary. Number of Datanodes involved: 7. Size moved: 50 GB (53687091200 Bytes). Number of Container moves completed: 13.
2023-09-07 14:19:59,769 [main] INFO  balancer.ContainerBalancerTask (ContainerBalancerTask.java:balance(259)) - Result of this iteration of Container Balancer: ITERATION_COMPLETED
2023-09-07 14:19:59,769 [main] INFO  balancer.ContainerBalancerTask (ContainerBalancerTask.java:tryStopWithSaveConfiguration(308)) - Save Configuration for stopping. Reason: Completed all iterations.
]]></system-out>
  </testcase>
  <testcase name="balancerShouldObeyMaxSizeEnteringTargetLimit" classname="org.apache.hadoop.hdds.scm.container.balancer.TestContainerBalancerTask" time="0.217">
    <system-out><![CDATA[2023-09-07 14:19:59,805 [main] INFO  net.NodeSchemaLoader (NodeSchemaLoader.java:loadSchemaFromFile(129)) - Loading schema from [file:/home/runner/work/ozone/ozone/hadoop-hdds/common/target/classes/network-topology-default.xml]
2023-09-07 14:19:59,805 [main] INFO  net.NodeSchemaLoader (NodeSchemaLoader.java:loadSchema(176)) - Loading network topology layer schema file
2023-09-07 14:19:59,812 [main] INFO  net.NetworkTopologyImpl (NetworkTopologyImpl.java:add(112)) - Added a new node: /default-rack/0d83f560-b9dc-4df6-9839-9e53c8928730
2023-09-07 14:19:59,812 [main] INFO  net.NetworkTopologyImpl (NetworkTopologyImpl.java:add(112)) - Added a new node: /default-rack/859b465c-86c3-427a-9792-6d69a4909237
2023-09-07 14:19:59,812 [main] INFO  net.NetworkTopologyImpl (NetworkTopologyImpl.java:add(112)) - Added a new node: /default-rack/4fa9d2c3-c8b1-4bda-b658-b3e22b895836
2023-09-07 14:19:59,813 [main] INFO  net.NetworkTopologyImpl (NetworkTopologyImpl.java:add(112)) - Added a new node: /default-rack/162d140a-0fab-4c6a-b689-0fa4a380b95f
2023-09-07 14:19:59,813 [main] INFO  net.NetworkTopologyImpl (NetworkTopologyImpl.java:add(112)) - Added a new node: /default-rack/3b693604-af32-414c-b301-3de45221f672
2023-09-07 14:19:59,813 [main] INFO  net.NetworkTopologyImpl (NetworkTopologyImpl.java:add(112)) - Added a new node: /default-rack/9de7025a-3c4d-43e5-ace1-d1822c989288
2023-09-07 14:19:59,813 [main] INFO  net.NetworkTopologyImpl (NetworkTopologyImpl.java:add(112)) - Added a new node: /default-rack/49ccf025-7258-460f-b577-1ba18e5cc003
2023-09-07 14:19:59,813 [main] INFO  net.NetworkTopologyImpl (NetworkTopologyImpl.java:add(112)) - Added a new node: /default-rack/943c1488-0316-4587-b6f4-6b78954e2a6f
2023-09-07 14:19:59,813 [main] INFO  net.NetworkTopologyImpl (NetworkTopologyImpl.java:add(112)) - Added a new node: /default-rack/7b27c286-683a-4db9-9cb5-4b4969ed69cd
2023-09-07 14:19:59,813 [main] INFO  net.NetworkTopologyImpl (NetworkTopologyImpl.java:add(112)) - Added a new node: /default-rack/2a09c9eb-4c6c-4ddd-8685-51d36d34f95e
2023-09-07 14:19:59,813 [main] INFO  algorithms.ContainerPlacementPolicyFactory (ContainerPlacementPolicyFactory.java:getPolicyInternal(86)) - Create container placement policy of type org.apache.hadoop.hdds.scm.container.placement.algorithms.SCMContainerPlacementRackAware
2023-09-07 14:19:59,813 [main] INFO  algorithms.ContainerPlacementPolicyFactory (ContainerPlacementPolicyFactory.java:getPolicyInternal(86)) - Create container placement policy of type org.apache.hadoop.hdds.scm.container.placement.algorithms.SCMContainerPlacementRackScatter
2023-09-07 14:19:59,815 [main] DEBUG balancer.ContainerBalancerTask (ContainerBalancerTask.java:initializeIteration(374)) - Average utilization of the cluster is 0.3759412243823203
2023-09-07 14:19:59,816 [main] DEBUG balancer.ContainerBalancerTask (ContainerBalancerTask.java:initializeIteration(386)) - Lower limit for utilization is 0.27594122438232027 and Upper limit for utilization is 0.47594122438232034
2023-09-07 14:19:59,816 [main] DEBUG balancer.ContainerBalancerTask (ContainerBalancerTask.java:initializeIteration(398)) - Utilization for node 943c1488-0316-4587-b6f4-6b78954e2a6f with capacity 52494044728B, used 47244640256B, and remaining 5249404472B is 0.9000000000152398
2023-09-07 14:19:59,816 [main] DEBUG balancer.ContainerBalancerTask (ContainerBalancerTask.java:initializeIteration(398)) - Utilization for node 162d140a-0fab-4c6a-b689-0fa4a380b95f with capacity 67108864000B, used 53687091200B, and remaining 13421772800B is 0.8
2023-09-07 14:19:59,816 [main] DEBUG balancer.ContainerBalancerTask (ContainerBalancerTask.java:initializeIteration(398)) - Utilization for node 7b27c286-683a-4db9-9cb5-4b4969ed69cd with capacity 81297595245B, used 56908316672B, and remaining 24389278573B is 0.7000000000061503
2023-09-07 14:19:59,816 [main] DEBUG balancer.ContainerBalancerTask (ContainerBalancerTask.java:initializeIteration(398)) - Utilization for node 9de7025a-3c4d-43e5-ace1-d1822c989288 with capacity 76951497386B, used 46170898432B, and remaining 30780598954B is 0.600000000005198
2023-09-07 14:19:59,816 [main] DEBUG balancer.ContainerBalancerTask (ContainerBalancerTask.java:initializeIteration(398)) - Utilization for node 4fa9d2c3-c8b1-4bda-b658-b3e22b895836 with capacity 96636764160B, used 48318382080B, and remaining 48318382080B is 0.5
2023-09-07 14:19:59,816 [main] DEBUG balancer.ContainerBalancerTask (ContainerBalancerTask.java:initializeIteration(398)) - Utilization for node 0d83f560-b9dc-4df6-9839-9e53c8928730 with capacity 110058536960B, used 44023414784B, and remaining 66035122176B is 0.4
2023-09-07 14:19:59,816 [main] DEBUG balancer.ContainerBalancerTask (ContainerBalancerTask.java:initializeIteration(398)) - Utilization for node 3b693604-af32-414c-b301-3de45221f672 with capacity 114532461226B, used 34359738368B, and remaining 80172722858B is 0.3000000000017462
2023-09-07 14:19:59,817 [main] DEBUG balancer.ContainerBalancerTask (ContainerBalancerTask.java:initializeIteration(398)) - Utilization for node 49ccf025-7258-460f-b577-1ba18e5cc003 with capacity 144955146240B, used 28991029248B, and remaining 115964116992B is 0.2
2023-09-07 14:19:59,817 [main] DEBUG balancer.ContainerBalancerTask (ContainerBalancerTask.java:initializeIteration(398)) - Utilization for node 859b465c-86c3-427a-9792-6d69a4909237 with capacity 257698037760B, used 25769803776B, and remaining 231928233984B is 0.1
2023-09-07 14:19:59,817 [main] DEBUG balancer.ContainerBalancerTask (ContainerBalancerTask.java:initializeIteration(398)) - Utilization for node 2a09c9eb-4c6c-4ddd-8685-51d36d34f95e with capacity 23622320128B, used 0B, and remaining 23622320128B is 0.0
2023-09-07 14:19:59,817 [main] INFO  balancer.ContainerBalancerTask (ContainerBalancerTask.java:initializeIteration(447)) - Container Balancer has identified 5 Over-Utilized and 3 Under-Utilized Datanodes that need to be balanced.
2023-09-07 14:19:59,817 [main] DEBUG balancer.ContainerBalancerTask (ContainerBalancerTask.java:lambda$initializeIteration$1(453)) - Datanode localhost-93.17.50.235 943c1488-0316-4587-b6f4-6b78954e2a6f is Over-Utilized.
2023-09-07 14:19:59,817 [main] DEBUG balancer.ContainerBalancerTask (ContainerBalancerTask.java:lambda$initializeIteration$1(453)) - Datanode localhost-12.57.147.27 162d140a-0fab-4c6a-b689-0fa4a380b95f is Over-Utilized.
2023-09-07 14:19:59,817 [main] DEBUG balancer.ContainerBalancerTask (ContainerBalancerTask.java:lambda$initializeIteration$1(453)) - Datanode localhost-186.167.151.234 7b27c286-683a-4db9-9cb5-4b4969ed69cd is Over-Utilized.
2023-09-07 14:19:59,817 [main] DEBUG balancer.ContainerBalancerTask (ContainerBalancerTask.java:lambda$initializeIteration$1(453)) - Datanode localhost-18.242.82.198 9de7025a-3c4d-43e5-ace1-d1822c989288 is Over-Utilized.
2023-09-07 14:19:59,818 [main] DEBUG balancer.ContainerBalancerTask (ContainerBalancerTask.java:lambda$initializeIteration$1(453)) - Datanode localhost-4.9.203.192 4fa9d2c3-c8b1-4bda-b658-b3e22b895836 is Over-Utilized.
2023-09-07 14:19:59,818 [main] DEBUG balancer.ContainerBalancerTask (ContainerBalancerTask.java:lambda$initializeIteration$2(459)) - Datanode localhost-101.167.205.80 2a09c9eb-4c6c-4ddd-8685-51d36d34f95e is Under-Utilized.
2023-09-07 14:19:59,818 [main] DEBUG balancer.ContainerBalancerTask (ContainerBalancerTask.java:lambda$initializeIteration$2(459)) - Datanode localhost-218.0.5.48 859b465c-86c3-427a-9792-6d69a4909237 is Under-Utilized.
2023-09-07 14:19:59,818 [main] DEBUG balancer.ContainerBalancerTask (ContainerBalancerTask.java:lambda$initializeIteration$2(459)) - Datanode localhost-56.32.191.79 49ccf025-7258-460f-b577-1ba18e5cc003 is Under-Utilized.
2023-09-07 14:19:59,820 [main] DEBUG balancer.ContainerBalancerTask (ContainerBalancerTask.java:matchSourceWithTarget(708)) - ContainerBalancer is finding suitable target for source datanode 943c1488-0316-4587-b6f4-6b78954e2a6f
2023-09-07 14:19:59,821 [main] INFO  balancer.FindTargetGreedyByUsageInfo (AbstractFindTargetGreedy.java:findTargetForContainerMove(133)) - Container Balancer could not find a target for source datanode 943c1488-0316-4587-b6f4-6b78954e2a6f
2023-09-07 14:19:59,822 [main] DEBUG balancer.ContainerBalancerTask (ContainerBalancerTask.java:matchSourceWithTarget(717)) - ContainerBalancer could not find a suitable target for source node 943c1488-0316-4587-b6f4-6b78954e2a6f.
2023-09-07 14:19:59,824 [main] DEBUG balancer.ContainerBalancerTask (ContainerBalancerTask.java:matchSourceWithTarget(708)) - ContainerBalancer is finding suitable target for source datanode 162d140a-0fab-4c6a-b689-0fa4a380b95f
2023-09-07 14:19:59,825 [main] INFO  balancer.FindTargetGreedyByUsageInfo (AbstractFindTargetGreedy.java:findTargetForContainerMove(133)) - Container Balancer could not find a target for source datanode 162d140a-0fab-4c6a-b689-0fa4a380b95f
2023-09-07 14:19:59,826 [main] DEBUG balancer.ContainerBalancerTask (ContainerBalancerTask.java:matchSourceWithTarget(717)) - ContainerBalancer could not find a suitable target for source node 162d140a-0fab-4c6a-b689-0fa4a380b95f.
2023-09-07 14:19:59,828 [main] DEBUG balancer.ContainerBalancerTask (ContainerBalancerTask.java:matchSourceWithTarget(708)) - ContainerBalancer is finding suitable target for source datanode 7b27c286-683a-4db9-9cb5-4b4969ed69cd
2023-09-07 14:19:59,830 [main] INFO  balancer.FindTargetGreedyByUsageInfo (AbstractFindTargetGreedy.java:findTargetForContainerMove(133)) - Container Balancer could not find a target for source datanode 7b27c286-683a-4db9-9cb5-4b4969ed69cd
2023-09-07 14:19:59,830 [main] DEBUG balancer.ContainerBalancerTask (ContainerBalancerTask.java:matchSourceWithTarget(717)) - ContainerBalancer could not find a suitable target for source node 7b27c286-683a-4db9-9cb5-4b4969ed69cd.
2023-09-07 14:19:59,831 [main] DEBUG balancer.ContainerBalancerTask (ContainerBalancerTask.java:matchSourceWithTarget(708)) - ContainerBalancer is finding suitable target for source datanode 9de7025a-3c4d-43e5-ace1-d1822c989288
2023-09-07 14:19:59,833 [main] INFO  balancer.FindTargetGreedyByUsageInfo (AbstractFindTargetGreedy.java:findTargetForContainerMove(133)) - Container Balancer could not find a target for source datanode 9de7025a-3c4d-43e5-ace1-d1822c989288
2023-09-07 14:19:59,833 [main] DEBUG balancer.ContainerBalancerTask (ContainerBalancerTask.java:matchSourceWithTarget(717)) - ContainerBalancer could not find a suitable target for source node 9de7025a-3c4d-43e5-ace1-d1822c989288.
2023-09-07 14:19:59,835 [main] DEBUG balancer.ContainerBalancerTask (ContainerBalancerTask.java:matchSourceWithTarget(708)) - ContainerBalancer is finding suitable target for source datanode 4fa9d2c3-c8b1-4bda-b658-b3e22b895836
2023-09-07 14:19:59,836 [main] INFO  balancer.FindTargetGreedyByUsageInfo (AbstractFindTargetGreedy.java:findTargetForContainerMove(133)) - Container Balancer could not find a target for source datanode 4fa9d2c3-c8b1-4bda-b658-b3e22b895836
2023-09-07 14:19:59,837 [main] DEBUG balancer.ContainerBalancerTask (ContainerBalancerTask.java:matchSourceWithTarget(717)) - ContainerBalancer could not find a suitable target for source node 4fa9d2c3-c8b1-4bda-b658-b3e22b895836.
2023-09-07 14:19:59,837 [main] INFO  balancer.FindSourceGreedy (FindSourceGreedy.java:getNextCandidateSourceDataNode(126)) - no more candidate source data node
2023-09-07 14:19:59,837 [main] INFO  balancer.ContainerBalancerTask (ContainerBalancerTask.java:balance(259)) - Result of this iteration of Container Balancer: CAN_NOT_BALANCE_ANY_MORE
2023-09-07 14:19:59,837 [main] INFO  balancer.ContainerBalancerTask (ContainerBalancerTask.java:tryStopWithSaveConfiguration(308)) - Save Configuration for stopping. Reason: CAN_NOT_BALANCE_ANY_MORE
2023-09-07 14:19:59,847 [main] DEBUG balancer.ContainerBalancerTask (ContainerBalancerTask.java:initializeIteration(374)) - Average utilization of the cluster is 0.3759412243823203
2023-09-07 14:19:59,847 [main] DEBUG balancer.ContainerBalancerTask (ContainerBalancerTask.java:initializeIteration(386)) - Lower limit for utilization is 0.27594122438232027 and Upper limit for utilization is 0.47594122438232034
2023-09-07 14:19:59,847 [main] DEBUG balancer.ContainerBalancerTask (ContainerBalancerTask.java:initializeIteration(398)) - Utilization for node 943c1488-0316-4587-b6f4-6b78954e2a6f with capacity 52494044728B, used 47244640256B, and remaining 5249404472B is 0.9000000000152398
2023-09-07 14:19:59,847 [main] DEBUG balancer.ContainerBalancerTask (ContainerBalancerTask.java:initializeIteration(398)) - Utilization for node 162d140a-0fab-4c6a-b689-0fa4a380b95f with capacity 67108864000B, used 53687091200B, and remaining 13421772800B is 0.8
2023-09-07 14:19:59,847 [main] DEBUG balancer.ContainerBalancerTask (ContainerBalancerTask.java:initializeIteration(398)) - Utilization for node 7b27c286-683a-4db9-9cb5-4b4969ed69cd with capacity 81297595245B, used 56908316672B, and remaining 24389278573B is 0.7000000000061503
2023-09-07 14:19:59,847 [main] DEBUG balancer.ContainerBalancerTask (ContainerBalancerTask.java:initializeIteration(398)) - Utilization for node 9de7025a-3c4d-43e5-ace1-d1822c989288 with capacity 76951497386B, used 46170898432B, and remaining 30780598954B is 0.600000000005198
2023-09-07 14:19:59,847 [main] DEBUG balancer.ContainerBalancerTask (ContainerBalancerTask.java:initializeIteration(398)) - Utilization for node 4fa9d2c3-c8b1-4bda-b658-b3e22b895836 with capacity 96636764160B, used 48318382080B, and remaining 48318382080B is 0.5
2023-09-07 14:19:59,847 [main] DEBUG balancer.ContainerBalancerTask (ContainerBalancerTask.java:initializeIteration(398)) - Utilization for node 0d83f560-b9dc-4df6-9839-9e53c8928730 with capacity 110058536960B, used 44023414784B, and remaining 66035122176B is 0.4
2023-09-07 14:19:59,848 [main] DEBUG balancer.ContainerBalancerTask (ContainerBalancerTask.java:initializeIteration(398)) - Utilization for node 3b693604-af32-414c-b301-3de45221f672 with capacity 114532461226B, used 34359738368B, and remaining 80172722858B is 0.3000000000017462
2023-09-07 14:19:59,848 [main] DEBUG balancer.ContainerBalancerTask (ContainerBalancerTask.java:initializeIteration(398)) - Utilization for node 49ccf025-7258-460f-b577-1ba18e5cc003 with capacity 144955146240B, used 28991029248B, and remaining 115964116992B is 0.2
2023-09-07 14:19:59,848 [main] DEBUG balancer.ContainerBalancerTask (ContainerBalancerTask.java:initializeIteration(398)) - Utilization for node 859b465c-86c3-427a-9792-6d69a4909237 with capacity 257698037760B, used 25769803776B, and remaining 231928233984B is 0.1
2023-09-07 14:19:59,848 [main] DEBUG balancer.ContainerBalancerTask (ContainerBalancerTask.java:initializeIteration(398)) - Utilization for node 2a09c9eb-4c6c-4ddd-8685-51d36d34f95e with capacity 23622320128B, used 0B, and remaining 23622320128B is 0.0
2023-09-07 14:19:59,848 [main] INFO  balancer.ContainerBalancerTask (ContainerBalancerTask.java:initializeIteration(447)) - Container Balancer has identified 5 Over-Utilized and 3 Under-Utilized Datanodes that need to be balanced.
2023-09-07 14:19:59,848 [main] DEBUG balancer.ContainerBalancerTask (ContainerBalancerTask.java:lambda$initializeIteration$1(453)) - Datanode localhost-93.17.50.235 943c1488-0316-4587-b6f4-6b78954e2a6f is Over-Utilized.
2023-09-07 14:19:59,848 [main] DEBUG balancer.ContainerBalancerTask (ContainerBalancerTask.java:lambda$initializeIteration$1(453)) - Datanode localhost-12.57.147.27 162d140a-0fab-4c6a-b689-0fa4a380b95f is Over-Utilized.
2023-09-07 14:19:59,848 [main] DEBUG balancer.ContainerBalancerTask (ContainerBalancerTask.java:lambda$initializeIteration$1(453)) - Datanode localhost-186.167.151.234 7b27c286-683a-4db9-9cb5-4b4969ed69cd is Over-Utilized.
2023-09-07 14:19:59,848 [main] DEBUG balancer.ContainerBalancerTask (ContainerBalancerTask.java:lambda$initializeIteration$1(453)) - Datanode localhost-18.242.82.198 9de7025a-3c4d-43e5-ace1-d1822c989288 is Over-Utilized.
2023-09-07 14:19:59,848 [main] DEBUG balancer.ContainerBalancerTask (ContainerBalancerTask.java:lambda$initializeIteration$1(453)) - Datanode localhost-4.9.203.192 4fa9d2c3-c8b1-4bda-b658-b3e22b895836 is Over-Utilized.
2023-09-07 14:19:59,848 [main] DEBUG balancer.ContainerBalancerTask (ContainerBalancerTask.java:lambda$initializeIteration$2(459)) - Datanode localhost-101.167.205.80 2a09c9eb-4c6c-4ddd-8685-51d36d34f95e is Under-Utilized.
2023-09-07 14:19:59,848 [main] DEBUG balancer.ContainerBalancerTask (ContainerBalancerTask.java:lambda$initializeIteration$2(459)) - Datanode localhost-218.0.5.48 859b465c-86c3-427a-9792-6d69a4909237 is Under-Utilized.
2023-09-07 14:19:59,848 [main] DEBUG balancer.ContainerBalancerTask (ContainerBalancerTask.java:lambda$initializeIteration$2(459)) - Datanode localhost-56.32.191.79 49ccf025-7258-460f-b577-1ba18e5cc003 is Under-Utilized.
2023-09-07 14:19:59,850 [main] DEBUG balancer.ContainerBalancerTask (ContainerBalancerTask.java:matchSourceWithTarget(708)) - ContainerBalancer is finding suitable target for source datanode 943c1488-0316-4587-b6f4-6b78954e2a6f
2023-09-07 14:19:59,850 [main] INFO  balancer.ContainerBalancerTask (ContainerBalancerTask.java:matchSourceWithTarget(722)) - ContainerBalancer matched source datanode 943c1488-0316-4587-b6f4-6b78954e2a6f with target datanode 2a09c9eb-4c6c-4ddd-8685-51d36d34f95e for container move.
2023-09-07 14:19:59,851 [main] INFO  balancer.ContainerBalancerTask (ContainerBalancerTask.java:processMoveSelection(569)) - ContainerBalancer is trying to move container #85 with size 5368709120B from source datanode 943c1488-0316-4587-b6f4-6b78954e2a6f to target datanode 2a09c9eb-4c6c-4ddd-8685-51d36d34f95e
2023-09-07 14:19:59,851 [main] DEBUG balancer.ContainerBalancerTask (ContainerBalancerTask.java:lambda$moveContainer$3(837)) - Container move completed for container #85 from source 943c1488-0316-4587-b6f4-6b78954e2a6f to target 2a09c9eb-4c6c-4ddd-8685-51d36d34f95e
2023-09-07 14:19:59,851 [main] DEBUG balancer.ContainerBalancerTask (ContainerBalancerTask.java:adaptOnReachingIterationLimits(782)) - Reached max datanodes to involve limit. 2 datanodes have already been selected for balancing and the limit is 2. Only already selected sources and targets can be involved in balancing now.
2023-09-07 14:19:59,853 [main] DEBUG balancer.ContainerBalancerTask (ContainerBalancerTask.java:matchSourceWithTarget(708)) - ContainerBalancer is finding suitable target for source datanode 943c1488-0316-4587-b6f4-6b78954e2a6f
2023-09-07 14:19:59,853 [main] INFO  balancer.ContainerBalancerTask (ContainerBalancerTask.java:matchSourceWithTarget(722)) - ContainerBalancer matched source datanode 943c1488-0316-4587-b6f4-6b78954e2a6f with target datanode 2a09c9eb-4c6c-4ddd-8685-51d36d34f95e for container move.
2023-09-07 14:19:59,853 [main] INFO  balancer.ContainerBalancerTask (ContainerBalancerTask.java:processMoveSelection(569)) - ContainerBalancer is trying to move container #89 with size 4294967296B from source datanode 943c1488-0316-4587-b6f4-6b78954e2a6f to target datanode 2a09c9eb-4c6c-4ddd-8685-51d36d34f95e
2023-09-07 14:19:59,853 [main] DEBUG balancer.ContainerBalancerTask (ContainerBalancerTask.java:lambda$moveContainer$3(837)) - Container move completed for container #89 from source 943c1488-0316-4587-b6f4-6b78954e2a6f to target 2a09c9eb-4c6c-4ddd-8685-51d36d34f95e
2023-09-07 14:19:59,855 [main] DEBUG balancer.ContainerBalancerTask (ContainerBalancerTask.java:matchSourceWithTarget(708)) - ContainerBalancer is finding suitable target for source datanode 943c1488-0316-4587-b6f4-6b78954e2a6f
2023-09-07 14:19:59,856 [main] INFO  balancer.ContainerBalancerTask (ContainerBalancerTask.java:matchSourceWithTarget(722)) - ContainerBalancer matched source datanode 943c1488-0316-4587-b6f4-6b78954e2a6f with target datanode 2a09c9eb-4c6c-4ddd-8685-51d36d34f95e for container move.
2023-09-07 14:19:59,856 [main] INFO  balancer.ContainerBalancerTask (ContainerBalancerTask.java:processMoveSelection(569)) - ContainerBalancer is trying to move container #86 with size 1073741824B from source datanode 943c1488-0316-4587-b6f4-6b78954e2a6f to target datanode 2a09c9eb-4c6c-4ddd-8685-51d36d34f95e
2023-09-07 14:19:59,856 [main] DEBUG balancer.ContainerBalancerTask (ContainerBalancerTask.java:lambda$moveContainer$3(837)) - Container move completed for container #86 from source 943c1488-0316-4587-b6f4-6b78954e2a6f to target 2a09c9eb-4c6c-4ddd-8685-51d36d34f95e
2023-09-07 14:19:59,858 [main] DEBUG balancer.ContainerBalancerTask (ContainerBalancerTask.java:matchSourceWithTarget(708)) - ContainerBalancer is finding suitable target for source datanode 943c1488-0316-4587-b6f4-6b78954e2a6f
2023-09-07 14:19:59,859 [main] INFO  balancer.FindTargetGreedyByUsageInfo (AbstractFindTargetGreedy.java:findTargetForContainerMove(133)) - Container Balancer could not find a target for source datanode 943c1488-0316-4587-b6f4-6b78954e2a6f
2023-09-07 14:19:59,859 [main] DEBUG balancer.ContainerBalancerTask (ContainerBalancerTask.java:matchSourceWithTarget(717)) - ContainerBalancer could not find a suitable target for source node 943c1488-0316-4587-b6f4-6b78954e2a6f.
2023-09-07 14:19:59,859 [main] INFO  balancer.FindSourceGreedy (FindSourceGreedy.java:getNextCandidateSourceDataNode(126)) - no more candidate source data node
2023-09-07 14:19:59,859 [main] INFO  balancer.ContainerBalancerTask (ContainerBalancerTask.java:checkIterationMoveResults(642)) - Iteration Summary. Number of Datanodes involved: 2. Size moved: 10 GB (10737418240 Bytes). Number of Container moves completed: 3.
2023-09-07 14:19:59,859 [main] INFO  balancer.ContainerBalancerTask (ContainerBalancerTask.java:balance(259)) - Result of this iteration of Container Balancer: ITERATION_COMPLETED
2023-09-07 14:19:59,860 [main] DEBUG balancer.ContainerBalancerTask (ContainerBalancerTask.java:initializeIteration(374)) - Average utilization of the cluster is 0.3759412243823203
2023-09-07 14:19:59,860 [main] DEBUG balancer.ContainerBalancerTask (ContainerBalancerTask.java:initializeIteration(386)) - Lower limit for utilization is 0.27594122438232027 and Upper limit for utilization is 0.47594122438232034
2023-09-07 14:19:59,861 [main] DEBUG balancer.ContainerBalancerTask (ContainerBalancerTask.java:initializeIteration(398)) - Utilization for node 943c1488-0316-4587-b6f4-6b78954e2a6f with capacity 52494044728B, used 47244640256B, and remaining 5249404472B is 0.9000000000152398
2023-09-07 14:19:59,861 [main] DEBUG balancer.ContainerBalancerTask (ContainerBalancerTask.java:initializeIteration(398)) - Utilization for node 162d140a-0fab-4c6a-b689-0fa4a380b95f with capacity 67108864000B, used 53687091200B, and remaining 13421772800B is 0.8
2023-09-07 14:19:59,861 [main] DEBUG balancer.ContainerBalancerTask (ContainerBalancerTask.java:initializeIteration(398)) - Utilization for node 7b27c286-683a-4db9-9cb5-4b4969ed69cd with capacity 81297595245B, used 56908316672B, and remaining 24389278573B is 0.7000000000061503
2023-09-07 14:19:59,861 [main] DEBUG balancer.ContainerBalancerTask (ContainerBalancerTask.java:initializeIteration(398)) - Utilization for node 9de7025a-3c4d-43e5-ace1-d1822c989288 with capacity 76951497386B, used 46170898432B, and remaining 30780598954B is 0.600000000005198
2023-09-07 14:19:59,861 [main] DEBUG balancer.ContainerBalancerTask (ContainerBalancerTask.java:initializeIteration(398)) - Utilization for node 4fa9d2c3-c8b1-4bda-b658-b3e22b895836 with capacity 96636764160B, used 48318382080B, and remaining 48318382080B is 0.5
2023-09-07 14:19:59,861 [main] DEBUG balancer.ContainerBalancerTask (ContainerBalancerTask.java:initializeIteration(398)) - Utilization for node 0d83f560-b9dc-4df6-9839-9e53c8928730 with capacity 110058536960B, used 44023414784B, and remaining 66035122176B is 0.4
2023-09-07 14:19:59,861 [main] DEBUG balancer.ContainerBalancerTask (ContainerBalancerTask.java:initializeIteration(398)) - Utilization for node 3b693604-af32-414c-b301-3de45221f672 with capacity 114532461226B, used 34359738368B, and remaining 80172722858B is 0.3000000000017462
2023-09-07 14:19:59,861 [main] DEBUG balancer.ContainerBalancerTask (ContainerBalancerTask.java:initializeIteration(398)) - Utilization for node 49ccf025-7258-460f-b577-1ba18e5cc003 with capacity 144955146240B, used 28991029248B, and remaining 115964116992B is 0.2
2023-09-07 14:19:59,861 [main] DEBUG balancer.ContainerBalancerTask (ContainerBalancerTask.java:initializeIteration(398)) - Utilization for node 859b465c-86c3-427a-9792-6d69a4909237 with capacity 257698037760B, used 25769803776B, and remaining 231928233984B is 0.1
2023-09-07 14:19:59,861 [main] DEBUG balancer.ContainerBalancerTask (ContainerBalancerTask.java:initializeIteration(398)) - Utilization for node 2a09c9eb-4c6c-4ddd-8685-51d36d34f95e with capacity 23622320128B, used 0B, and remaining 23622320128B is 0.0
2023-09-07 14:19:59,861 [main] INFO  balancer.ContainerBalancerTask (ContainerBalancerTask.java:initializeIteration(447)) - Container Balancer has identified 5 Over-Utilized and 3 Under-Utilized Datanodes that need to be balanced.
2023-09-07 14:19:59,861 [main] DEBUG balancer.ContainerBalancerTask (ContainerBalancerTask.java:lambda$initializeIteration$1(453)) - Datanode localhost-93.17.50.235 943c1488-0316-4587-b6f4-6b78954e2a6f is Over-Utilized.
2023-09-07 14:19:59,861 [main] DEBUG balancer.ContainerBalancerTask (ContainerBalancerTask.java:lambda$initializeIteration$1(453)) - Datanode localhost-12.57.147.27 162d140a-0fab-4c6a-b689-0fa4a380b95f is Over-Utilized.
2023-09-07 14:19:59,862 [main] DEBUG balancer.ContainerBalancerTask (ContainerBalancerTask.java:lambda$initializeIteration$1(453)) - Datanode localhost-186.167.151.234 7b27c286-683a-4db9-9cb5-4b4969ed69cd is Over-Utilized.
2023-09-07 14:19:59,862 [main] DEBUG balancer.ContainerBalancerTask (ContainerBalancerTask.java:lambda$initializeIteration$1(453)) - Datanode localhost-18.242.82.198 9de7025a-3c4d-43e5-ace1-d1822c989288 is Over-Utilized.
2023-09-07 14:19:59,862 [main] DEBUG balancer.ContainerBalancerTask (ContainerBalancerTask.java:lambda$initializeIteration$1(453)) - Datanode localhost-4.9.203.192 4fa9d2c3-c8b1-4bda-b658-b3e22b895836 is Over-Utilized.
2023-09-07 14:19:59,862 [main] DEBUG balancer.ContainerBalancerTask (ContainerBalancerTask.java:lambda$initializeIteration$2(459)) - Datanode localhost-101.167.205.80 2a09c9eb-4c6c-4ddd-8685-51d36d34f95e is Under-Utilized.
2023-09-07 14:19:59,862 [main] DEBUG balancer.ContainerBalancerTask (ContainerBalancerTask.java:lambda$initializeIteration$2(459)) - Datanode localhost-218.0.5.48 859b465c-86c3-427a-9792-6d69a4909237 is Under-Utilized.
2023-09-07 14:19:59,862 [main] DEBUG balancer.ContainerBalancerTask (ContainerBalancerTask.java:lambda$initializeIteration$2(459)) - Datanode localhost-56.32.191.79 49ccf025-7258-460f-b577-1ba18e5cc003 is Under-Utilized.
2023-09-07 14:19:59,864 [main] DEBUG balancer.ContainerBalancerTask (ContainerBalancerTask.java:matchSourceWithTarget(708)) - ContainerBalancer is finding suitable target for source datanode 943c1488-0316-4587-b6f4-6b78954e2a6f
2023-09-07 14:19:59,864 [main] INFO  balancer.ContainerBalancerTask (ContainerBalancerTask.java:matchSourceWithTarget(722)) - ContainerBalancer matched source datanode 943c1488-0316-4587-b6f4-6b78954e2a6f with target datanode 2a09c9eb-4c6c-4ddd-8685-51d36d34f95e for container move.
2023-09-07 14:19:59,864 [main] INFO  balancer.ContainerBalancerTask (ContainerBalancerTask.java:processMoveSelection(569)) - ContainerBalancer is trying to move container #85 with size 5368709120B from source datanode 943c1488-0316-4587-b6f4-6b78954e2a6f to target datanode 2a09c9eb-4c6c-4ddd-8685-51d36d34f95e
2023-09-07 14:19:59,864 [main] DEBUG balancer.ContainerBalancerTask (ContainerBalancerTask.java:lambda$moveContainer$3(837)) - Container move completed for container #85 from source 943c1488-0316-4587-b6f4-6b78954e2a6f to target 2a09c9eb-4c6c-4ddd-8685-51d36d34f95e
2023-09-07 14:19:59,864 [main] DEBUG balancer.ContainerBalancerTask (ContainerBalancerTask.java:adaptOnReachingIterationLimits(782)) - Reached max datanodes to involve limit. 2 datanodes have already been selected for balancing and the limit is 2. Only already selected sources and targets can be involved in balancing now.
2023-09-07 14:19:59,866 [main] DEBUG balancer.ContainerBalancerTask (ContainerBalancerTask.java:matchSourceWithTarget(708)) - ContainerBalancer is finding suitable target for source datanode 943c1488-0316-4587-b6f4-6b78954e2a6f
2023-09-07 14:19:59,866 [main] INFO  balancer.ContainerBalancerTask (ContainerBalancerTask.java:matchSourceWithTarget(722)) - ContainerBalancer matched source datanode 943c1488-0316-4587-b6f4-6b78954e2a6f with target datanode 2a09c9eb-4c6c-4ddd-8685-51d36d34f95e for container move.
2023-09-07 14:19:59,866 [main] INFO  balancer.ContainerBalancerTask (ContainerBalancerTask.java:processMoveSelection(569)) - ContainerBalancer is trying to move container #89 with size 4294967296B from source datanode 943c1488-0316-4587-b6f4-6b78954e2a6f to target datanode 2a09c9eb-4c6c-4ddd-8685-51d36d34f95e
2023-09-07 14:19:59,866 [main] DEBUG balancer.ContainerBalancerTask (ContainerBalancerTask.java:lambda$moveContainer$3(837)) - Container move completed for container #89 from source 943c1488-0316-4587-b6f4-6b78954e2a6f to target 2a09c9eb-4c6c-4ddd-8685-51d36d34f95e
2023-09-07 14:19:59,868 [main] DEBUG balancer.ContainerBalancerTask (ContainerBalancerTask.java:matchSourceWithTarget(708)) - ContainerBalancer is finding suitable target for source datanode 943c1488-0316-4587-b6f4-6b78954e2a6f
2023-09-07 14:19:59,869 [main] INFO  balancer.ContainerBalancerTask (ContainerBalancerTask.java:matchSourceWithTarget(722)) - ContainerBalancer matched source datanode 943c1488-0316-4587-b6f4-6b78954e2a6f with target datanode 2a09c9eb-4c6c-4ddd-8685-51d36d34f95e for container move.
2023-09-07 14:19:59,869 [main] INFO  balancer.ContainerBalancerTask (ContainerBalancerTask.java:processMoveSelection(569)) - ContainerBalancer is trying to move container #86 with size 1073741824B from source datanode 943c1488-0316-4587-b6f4-6b78954e2a6f to target datanode 2a09c9eb-4c6c-4ddd-8685-51d36d34f95e
2023-09-07 14:19:59,869 [main] DEBUG balancer.ContainerBalancerTask (ContainerBalancerTask.java:lambda$moveContainer$3(837)) - Container move completed for container #86 from source 943c1488-0316-4587-b6f4-6b78954e2a6f to target 2a09c9eb-4c6c-4ddd-8685-51d36d34f95e
2023-09-07 14:19:59,871 [main] DEBUG balancer.ContainerBalancerTask (ContainerBalancerTask.java:matchSourceWithTarget(708)) - ContainerBalancer is finding suitable target for source datanode 943c1488-0316-4587-b6f4-6b78954e2a6f
2023-09-07 14:19:59,871 [main] INFO  balancer.FindTargetGreedyByUsageInfo (AbstractFindTargetGreedy.java:findTargetForContainerMove(133)) - Container Balancer could not find a target for source datanode 943c1488-0316-4587-b6f4-6b78954e2a6f
2023-09-07 14:19:59,871 [main] DEBUG balancer.ContainerBalancerTask (ContainerBalancerTask.java:matchSourceWithTarget(717)) - ContainerBalancer could not find a suitable target for source node 943c1488-0316-4587-b6f4-6b78954e2a6f.
2023-09-07 14:19:59,872 [main] INFO  balancer.FindSourceGreedy (FindSourceGreedy.java:getNextCandidateSourceDataNode(126)) - no more candidate source data node
2023-09-07 14:19:59,872 [main] INFO  balancer.ContainerBalancerTask (ContainerBalancerTask.java:checkIterationMoveResults(642)) - Iteration Summary. Number of Datanodes involved: 2. Size moved: 10 GB (10737418240 Bytes). Number of Container moves completed: 3.
2023-09-07 14:19:59,872 [main] INFO  balancer.ContainerBalancerTask (ContainerBalancerTask.java:balance(259)) - Result of this iteration of Container Balancer: ITERATION_COMPLETED
2023-09-07 14:19:59,876 [main] DEBUG balancer.ContainerBalancerTask (ContainerBalancerTask.java:initializeIteration(374)) - Average utilization of the cluster is 0.3759412243823203
2023-09-07 14:19:59,876 [main] DEBUG balancer.ContainerBalancerTask (ContainerBalancerTask.java:initializeIteration(386)) - Lower limit for utilization is 0.27594122438232027 and Upper limit for utilization is 0.47594122438232034
2023-09-07 14:19:59,876 [main] DEBUG balancer.ContainerBalancerTask (ContainerBalancerTask.java:initializeIteration(398)) - Utilization for node 943c1488-0316-4587-b6f4-6b78954e2a6f with capacity 52494044728B, used 47244640256B, and remaining 5249404472B is 0.9000000000152398
2023-09-07 14:19:59,876 [main] DEBUG balancer.ContainerBalancerTask (ContainerBalancerTask.java:initializeIteration(398)) - Utilization for node 162d140a-0fab-4c6a-b689-0fa4a380b95f with capacity 67108864000B, used 53687091200B, and remaining 13421772800B is 0.8
2023-09-07 14:19:59,876 [main] DEBUG balancer.ContainerBalancerTask (ContainerBalancerTask.java:initializeIteration(398)) - Utilization for node 7b27c286-683a-4db9-9cb5-4b4969ed69cd with capacity 81297595245B, used 56908316672B, and remaining 24389278573B is 0.7000000000061503
2023-09-07 14:19:59,877 [main] DEBUG balancer.ContainerBalancerTask (ContainerBalancerTask.java:initializeIteration(398)) - Utilization for node 9de7025a-3c4d-43e5-ace1-d1822c989288 with capacity 76951497386B, used 46170898432B, and remaining 30780598954B is 0.600000000005198
2023-09-07 14:19:59,877 [main] DEBUG balancer.ContainerBalancerTask (ContainerBalancerTask.java:initializeIteration(398)) - Utilization for node 4fa9d2c3-c8b1-4bda-b658-b3e22b895836 with capacity 96636764160B, used 48318382080B, and remaining 48318382080B is 0.5
2023-09-07 14:19:59,877 [main] DEBUG balancer.ContainerBalancerTask (ContainerBalancerTask.java:initializeIteration(398)) - Utilization for node 0d83f560-b9dc-4df6-9839-9e53c8928730 with capacity 110058536960B, used 44023414784B, and remaining 66035122176B is 0.4
2023-09-07 14:19:59,877 [main] DEBUG balancer.ContainerBalancerTask (ContainerBalancerTask.java:initializeIteration(398)) - Utilization for node 3b693604-af32-414c-b301-3de45221f672 with capacity 114532461226B, used 34359738368B, and remaining 80172722858B is 0.3000000000017462
2023-09-07 14:19:59,877 [main] DEBUG balancer.ContainerBalancerTask (ContainerBalancerTask.java:initializeIteration(398)) - Utilization for node 49ccf025-7258-460f-b577-1ba18e5cc003 with capacity 144955146240B, used 28991029248B, and remaining 115964116992B is 0.2
2023-09-07 14:19:59,877 [main] DEBUG balancer.ContainerBalancerTask (ContainerBalancerTask.java:initializeIteration(398)) - Utilization for node 859b465c-86c3-427a-9792-6d69a4909237 with capacity 257698037760B, used 25769803776B, and remaining 231928233984B is 0.1
2023-09-07 14:19:59,877 [main] DEBUG balancer.ContainerBalancerTask (ContainerBalancerTask.java:initializeIteration(398)) - Utilization for node 2a09c9eb-4c6c-4ddd-8685-51d36d34f95e with capacity 23622320128B, used 0B, and remaining 23622320128B is 0.0
2023-09-07 14:19:59,877 [main] INFO  balancer.ContainerBalancerTask (ContainerBalancerTask.java:initializeIteration(447)) - Container Balancer has identified 5 Over-Utilized and 3 Under-Utilized Datanodes that need to be balanced.
2023-09-07 14:19:59,877 [main] DEBUG balancer.ContainerBalancerTask (ContainerBalancerTask.java:lambda$initializeIteration$1(453)) - Datanode localhost-93.17.50.235 943c1488-0316-4587-b6f4-6b78954e2a6f is Over-Utilized.
2023-09-07 14:19:59,877 [main] DEBUG balancer.ContainerBalancerTask (ContainerBalancerTask.java:lambda$initializeIteration$1(453)) - Datanode localhost-12.57.147.27 162d140a-0fab-4c6a-b689-0fa4a380b95f is Over-Utilized.
2023-09-07 14:19:59,877 [main] DEBUG balancer.ContainerBalancerTask (ContainerBalancerTask.java:lambda$initializeIteration$1(453)) - Datanode localhost-186.167.151.234 7b27c286-683a-4db9-9cb5-4b4969ed69cd is Over-Utilized.
2023-09-07 14:19:59,877 [main] DEBUG balancer.ContainerBalancerTask (ContainerBalancerTask.java:lambda$initializeIteration$1(453)) - Datanode localhost-18.242.82.198 9de7025a-3c4d-43e5-ace1-d1822c989288 is Over-Utilized.
2023-09-07 14:19:59,877 [main] DEBUG balancer.ContainerBalancerTask (ContainerBalancerTask.java:lambda$initializeIteration$1(453)) - Datanode localhost-4.9.203.192 4fa9d2c3-c8b1-4bda-b658-b3e22b895836 is Over-Utilized.
2023-09-07 14:19:59,878 [main] DEBUG balancer.ContainerBalancerTask (ContainerBalancerTask.java:lambda$initializeIteration$2(459)) - Datanode localhost-101.167.205.80 2a09c9eb-4c6c-4ddd-8685-51d36d34f95e is Under-Utilized.
2023-09-07 14:19:59,878 [main] DEBUG balancer.ContainerBalancerTask (ContainerBalancerTask.java:lambda$initializeIteration$2(459)) - Datanode localhost-218.0.5.48 859b465c-86c3-427a-9792-6d69a4909237 is Under-Utilized.
2023-09-07 14:19:59,878 [main] DEBUG balancer.ContainerBalancerTask (ContainerBalancerTask.java:lambda$initializeIteration$2(459)) - Datanode localhost-56.32.191.79 49ccf025-7258-460f-b577-1ba18e5cc003 is Under-Utilized.
2023-09-07 14:19:59,880 [main] DEBUG balancer.ContainerBalancerTask (ContainerBalancerTask.java:matchSourceWithTarget(708)) - ContainerBalancer is finding suitable target for source datanode 943c1488-0316-4587-b6f4-6b78954e2a6f
2023-09-07 14:19:59,880 [main] INFO  balancer.ContainerBalancerTask (ContainerBalancerTask.java:matchSourceWithTarget(722)) - ContainerBalancer matched source datanode 943c1488-0316-4587-b6f4-6b78954e2a6f with target datanode 2a09c9eb-4c6c-4ddd-8685-51d36d34f95e for container move.
2023-09-07 14:19:59,880 [main] INFO  balancer.ContainerBalancerTask (ContainerBalancerTask.java:processMoveSelection(569)) - ContainerBalancer is trying to move container #85 with size 5368709120B from source datanode 943c1488-0316-4587-b6f4-6b78954e2a6f to target datanode 2a09c9eb-4c6c-4ddd-8685-51d36d34f95e
2023-09-07 14:19:59,880 [main] DEBUG balancer.ContainerBalancerTask (ContainerBalancerTask.java:lambda$moveContainer$3(837)) - Container move completed for container #85 from source 943c1488-0316-4587-b6f4-6b78954e2a6f to target 2a09c9eb-4c6c-4ddd-8685-51d36d34f95e
2023-09-07 14:19:59,880 [main] DEBUG balancer.ContainerBalancerTask (ContainerBalancerTask.java:adaptOnReachingIterationLimits(782)) - Reached max datanodes to involve limit. 2 datanodes have already been selected for balancing and the limit is 2. Only already selected sources and targets can be involved in balancing now.
2023-09-07 14:19:59,882 [main] DEBUG balancer.ContainerBalancerTask (ContainerBalancerTask.java:matchSourceWithTarget(708)) - ContainerBalancer is finding suitable target for source datanode 943c1488-0316-4587-b6f4-6b78954e2a6f
2023-09-07 14:19:59,882 [main] INFO  balancer.ContainerBalancerTask (ContainerBalancerTask.java:matchSourceWithTarget(722)) - ContainerBalancer matched source datanode 943c1488-0316-4587-b6f4-6b78954e2a6f with target datanode 2a09c9eb-4c6c-4ddd-8685-51d36d34f95e for container move.
2023-09-07 14:19:59,882 [main] INFO  balancer.ContainerBalancerTask (ContainerBalancerTask.java:processMoveSelection(569)) - ContainerBalancer is trying to move container #89 with size 4294967296B from source datanode 943c1488-0316-4587-b6f4-6b78954e2a6f to target datanode 2a09c9eb-4c6c-4ddd-8685-51d36d34f95e
2023-09-07 14:19:59,882 [main] DEBUG balancer.ContainerBalancerTask (ContainerBalancerTask.java:lambda$moveContainer$3(837)) - Container move completed for container #89 from source 943c1488-0316-4587-b6f4-6b78954e2a6f to target 2a09c9eb-4c6c-4ddd-8685-51d36d34f95e
2023-09-07 14:19:59,884 [main] DEBUG balancer.ContainerBalancerTask (ContainerBalancerTask.java:matchSourceWithTarget(708)) - ContainerBalancer is finding suitable target for source datanode 943c1488-0316-4587-b6f4-6b78954e2a6f
2023-09-07 14:19:59,885 [main] INFO  balancer.ContainerBalancerTask (ContainerBalancerTask.java:matchSourceWithTarget(722)) - ContainerBalancer matched source datanode 943c1488-0316-4587-b6f4-6b78954e2a6f with target datanode 2a09c9eb-4c6c-4ddd-8685-51d36d34f95e for container move.
2023-09-07 14:19:59,885 [main] INFO  balancer.ContainerBalancerTask (ContainerBalancerTask.java:processMoveSelection(569)) - ContainerBalancer is trying to move container #86 with size 1073741824B from source datanode 943c1488-0316-4587-b6f4-6b78954e2a6f to target datanode 2a09c9eb-4c6c-4ddd-8685-51d36d34f95e
2023-09-07 14:19:59,885 [main] DEBUG balancer.ContainerBalancerTask (ContainerBalancerTask.java:lambda$moveContainer$3(837)) - Container move completed for container #86 from source 943c1488-0316-4587-b6f4-6b78954e2a6f to target 2a09c9eb-4c6c-4ddd-8685-51d36d34f95e
2023-09-07 14:19:59,887 [main] DEBUG balancer.ContainerBalancerTask (ContainerBalancerTask.java:matchSourceWithTarget(708)) - ContainerBalancer is finding suitable target for source datanode 943c1488-0316-4587-b6f4-6b78954e2a6f
2023-09-07 14:19:59,887 [main] INFO  balancer.FindTargetGreedyByUsageInfo (AbstractFindTargetGreedy.java:findTargetForContainerMove(133)) - Container Balancer could not find a target for source datanode 943c1488-0316-4587-b6f4-6b78954e2a6f
2023-09-07 14:19:59,887 [main] DEBUG balancer.ContainerBalancerTask (ContainerBalancerTask.java:matchSourceWithTarget(717)) - ContainerBalancer could not find a suitable target for source node 943c1488-0316-4587-b6f4-6b78954e2a6f.
2023-09-07 14:19:59,887 [main] INFO  balancer.FindSourceGreedy (FindSourceGreedy.java:getNextCandidateSourceDataNode(126)) - no more candidate source data node
2023-09-07 14:19:59,887 [main] INFO  balancer.ContainerBalancerTask (ContainerBalancerTask.java:checkIterationMoveResults(642)) - Iteration Summary. Number of Datanodes involved: 2. Size moved: 10 GB (10737418240 Bytes). Number of Container moves completed: 3.
2023-09-07 14:19:59,888 [main] INFO  balancer.ContainerBalancerTask (ContainerBalancerTask.java:balance(259)) - Result of this iteration of Container Balancer: ITERATION_COMPLETED
2023-09-07 14:19:59,889 [main] DEBUG balancer.ContainerBalancerTask (ContainerBalancerTask.java:initializeIteration(374)) - Average utilization of the cluster is 0.3759412243823203
2023-09-07 14:19:59,889 [main] DEBUG balancer.ContainerBalancerTask (ContainerBalancerTask.java:initializeIteration(386)) - Lower limit for utilization is 0.27594122438232027 and Upper limit for utilization is 0.47594122438232034
2023-09-07 14:19:59,889 [main] DEBUG balancer.ContainerBalancerTask (ContainerBalancerTask.java:initializeIteration(398)) - Utilization for node 943c1488-0316-4587-b6f4-6b78954e2a6f with capacity 52494044728B, used 47244640256B, and remaining 5249404472B is 0.9000000000152398
2023-09-07 14:19:59,889 [main] DEBUG balancer.ContainerBalancerTask (ContainerBalancerTask.java:initializeIteration(398)) - Utilization for node 162d140a-0fab-4c6a-b689-0fa4a380b95f with capacity 67108864000B, used 53687091200B, and remaining 13421772800B is 0.8
2023-09-07 14:19:59,890 [main] DEBUG balancer.ContainerBalancerTask (ContainerBalancerTask.java:initializeIteration(398)) - Utilization for node 7b27c286-683a-4db9-9cb5-4b4969ed69cd with capacity 81297595245B, used 56908316672B, and remaining 24389278573B is 0.7000000000061503
2023-09-07 14:19:59,890 [main] DEBUG balancer.ContainerBalancerTask (ContainerBalancerTask.java:initializeIteration(398)) - Utilization for node 9de7025a-3c4d-43e5-ace1-d1822c989288 with capacity 76951497386B, used 46170898432B, and remaining 30780598954B is 0.600000000005198
2023-09-07 14:19:59,890 [main] DEBUG balancer.ContainerBalancerTask (ContainerBalancerTask.java:initializeIteration(398)) - Utilization for node 4fa9d2c3-c8b1-4bda-b658-b3e22b895836 with capacity 96636764160B, used 48318382080B, and remaining 48318382080B is 0.5
2023-09-07 14:19:59,890 [main] DEBUG balancer.ContainerBalancerTask (ContainerBalancerTask.java:initializeIteration(398)) - Utilization for node 0d83f560-b9dc-4df6-9839-9e53c8928730 with capacity 110058536960B, used 44023414784B, and remaining 66035122176B is 0.4
2023-09-07 14:19:59,890 [main] DEBUG balancer.ContainerBalancerTask (ContainerBalancerTask.java:initializeIteration(398)) - Utilization for node 3b693604-af32-414c-b301-3de45221f672 with capacity 114532461226B, used 34359738368B, and remaining 80172722858B is 0.3000000000017462
2023-09-07 14:19:59,890 [main] DEBUG balancer.ContainerBalancerTask (ContainerBalancerTask.java:initializeIteration(398)) - Utilization for node 49ccf025-7258-460f-b577-1ba18e5cc003 with capacity 144955146240B, used 28991029248B, and remaining 115964116992B is 0.2
2023-09-07 14:19:59,890 [main] DEBUG balancer.ContainerBalancerTask (ContainerBalancerTask.java:initializeIteration(398)) - Utilization for node 859b465c-86c3-427a-9792-6d69a4909237 with capacity 257698037760B, used 25769803776B, and remaining 231928233984B is 0.1
2023-09-07 14:19:59,890 [main] DEBUG balancer.ContainerBalancerTask (ContainerBalancerTask.java:initializeIteration(398)) - Utilization for node 2a09c9eb-4c6c-4ddd-8685-51d36d34f95e with capacity 23622320128B, used 0B, and remaining 23622320128B is 0.0
2023-09-07 14:19:59,890 [main] INFO  balancer.ContainerBalancerTask (ContainerBalancerTask.java:initializeIteration(447)) - Container Balancer has identified 5 Over-Utilized and 3 Under-Utilized Datanodes that need to be balanced.
2023-09-07 14:19:59,890 [main] DEBUG balancer.ContainerBalancerTask (ContainerBalancerTask.java:lambda$initializeIteration$1(453)) - Datanode localhost-93.17.50.235 943c1488-0316-4587-b6f4-6b78954e2a6f is Over-Utilized.
2023-09-07 14:19:59,890 [main] DEBUG balancer.ContainerBalancerTask (ContainerBalancerTask.java:lambda$initializeIteration$1(453)) - Datanode localhost-12.57.147.27 162d140a-0fab-4c6a-b689-0fa4a380b95f is Over-Utilized.
2023-09-07 14:19:59,890 [main] DEBUG balancer.ContainerBalancerTask (ContainerBalancerTask.java:lambda$initializeIteration$1(453)) - Datanode localhost-186.167.151.234 7b27c286-683a-4db9-9cb5-4b4969ed69cd is Over-Utilized.
2023-09-07 14:19:59,890 [main] DEBUG balancer.ContainerBalancerTask (ContainerBalancerTask.java:lambda$initializeIteration$1(453)) - Datanode localhost-18.242.82.198 9de7025a-3c4d-43e5-ace1-d1822c989288 is Over-Utilized.
2023-09-07 14:19:59,891 [main] DEBUG balancer.ContainerBalancerTask (ContainerBalancerTask.java:lambda$initializeIteration$1(453)) - Datanode localhost-4.9.203.192 4fa9d2c3-c8b1-4bda-b658-b3e22b895836 is Over-Utilized.
2023-09-07 14:19:59,891 [main] DEBUG balancer.ContainerBalancerTask (ContainerBalancerTask.java:lambda$initializeIteration$2(459)) - Datanode localhost-101.167.205.80 2a09c9eb-4c6c-4ddd-8685-51d36d34f95e is Under-Utilized.
2023-09-07 14:19:59,891 [main] DEBUG balancer.ContainerBalancerTask (ContainerBalancerTask.java:lambda$initializeIteration$2(459)) - Datanode localhost-218.0.5.48 859b465c-86c3-427a-9792-6d69a4909237 is Under-Utilized.
2023-09-07 14:19:59,891 [main] DEBUG balancer.ContainerBalancerTask (ContainerBalancerTask.java:lambda$initializeIteration$2(459)) - Datanode localhost-56.32.191.79 49ccf025-7258-460f-b577-1ba18e5cc003 is Under-Utilized.
2023-09-07 14:19:59,893 [main] DEBUG balancer.ContainerBalancerTask (ContainerBalancerTask.java:matchSourceWithTarget(708)) - ContainerBalancer is finding suitable target for source datanode 943c1488-0316-4587-b6f4-6b78954e2a6f
2023-09-07 14:19:59,893 [main] INFO  balancer.ContainerBalancerTask (ContainerBalancerTask.java:matchSourceWithTarget(722)) - ContainerBalancer matched source datanode 943c1488-0316-4587-b6f4-6b78954e2a6f with target datanode 2a09c9eb-4c6c-4ddd-8685-51d36d34f95e for container move.
2023-09-07 14:19:59,893 [main] INFO  balancer.ContainerBalancerTask (ContainerBalancerTask.java:processMoveSelection(569)) - ContainerBalancer is trying to move container #85 with size 5368709120B from source datanode 943c1488-0316-4587-b6f4-6b78954e2a6f to target datanode 2a09c9eb-4c6c-4ddd-8685-51d36d34f95e
2023-09-07 14:19:59,893 [main] DEBUG balancer.ContainerBalancerTask (ContainerBalancerTask.java:lambda$moveContainer$3(837)) - Container move completed for container #85 from source 943c1488-0316-4587-b6f4-6b78954e2a6f to target 2a09c9eb-4c6c-4ddd-8685-51d36d34f95e
2023-09-07 14:19:59,893 [main] DEBUG balancer.ContainerBalancerTask (ContainerBalancerTask.java:adaptOnReachingIterationLimits(782)) - Reached max datanodes to involve limit. 2 datanodes have already been selected for balancing and the limit is 2. Only already selected sources and targets can be involved in balancing now.
2023-09-07 14:19:59,895 [main] DEBUG balancer.ContainerBalancerTask (ContainerBalancerTask.java:matchSourceWithTarget(708)) - ContainerBalancer is finding suitable target for source datanode 943c1488-0316-4587-b6f4-6b78954e2a6f
2023-09-07 14:19:59,895 [main] INFO  balancer.ContainerBalancerTask (ContainerBalancerTask.java:matchSourceWithTarget(722)) - ContainerBalancer matched source datanode 943c1488-0316-4587-b6f4-6b78954e2a6f with target datanode 2a09c9eb-4c6c-4ddd-8685-51d36d34f95e for container move.
2023-09-07 14:19:59,895 [main] INFO  balancer.ContainerBalancerTask (ContainerBalancerTask.java:processMoveSelection(569)) - ContainerBalancer is trying to move container #89 with size 4294967296B from source datanode 943c1488-0316-4587-b6f4-6b78954e2a6f to target datanode 2a09c9eb-4c6c-4ddd-8685-51d36d34f95e
2023-09-07 14:19:59,895 [main] DEBUG balancer.ContainerBalancerTask (ContainerBalancerTask.java:lambda$moveContainer$3(837)) - Container move completed for container #89 from source 943c1488-0316-4587-b6f4-6b78954e2a6f to target 2a09c9eb-4c6c-4ddd-8685-51d36d34f95e
2023-09-07 14:19:59,897 [main] DEBUG balancer.ContainerBalancerTask (ContainerBalancerTask.java:matchSourceWithTarget(708)) - ContainerBalancer is finding suitable target for source datanode 943c1488-0316-4587-b6f4-6b78954e2a6f
2023-09-07 14:19:59,898 [main] INFO  balancer.ContainerBalancerTask (ContainerBalancerTask.java:matchSourceWithTarget(722)) - ContainerBalancer matched source datanode 943c1488-0316-4587-b6f4-6b78954e2a6f with target datanode 2a09c9eb-4c6c-4ddd-8685-51d36d34f95e for container move.
2023-09-07 14:19:59,898 [main] INFO  balancer.ContainerBalancerTask (ContainerBalancerTask.java:processMoveSelection(569)) - ContainerBalancer is trying to move container #86 with size 1073741824B from source datanode 943c1488-0316-4587-b6f4-6b78954e2a6f to target datanode 2a09c9eb-4c6c-4ddd-8685-51d36d34f95e
2023-09-07 14:19:59,898 [main] DEBUG balancer.ContainerBalancerTask (ContainerBalancerTask.java:lambda$moveContainer$3(837)) - Container move completed for container #86 from source 943c1488-0316-4587-b6f4-6b78954e2a6f to target 2a09c9eb-4c6c-4ddd-8685-51d36d34f95e
2023-09-07 14:19:59,900 [main] DEBUG balancer.ContainerBalancerTask (ContainerBalancerTask.java:matchSourceWithTarget(708)) - ContainerBalancer is finding suitable target for source datanode 943c1488-0316-4587-b6f4-6b78954e2a6f
2023-09-07 14:19:59,900 [main] INFO  balancer.FindTargetGreedyByUsageInfo (AbstractFindTargetGreedy.java:findTargetForContainerMove(133)) - Container Balancer could not find a target for source datanode 943c1488-0316-4587-b6f4-6b78954e2a6f
2023-09-07 14:19:59,900 [main] DEBUG balancer.ContainerBalancerTask (ContainerBalancerTask.java:matchSourceWithTarget(717)) - ContainerBalancer could not find a suitable target for source node 943c1488-0316-4587-b6f4-6b78954e2a6f.
2023-09-07 14:19:59,900 [main] INFO  balancer.FindSourceGreedy (FindSourceGreedy.java:getNextCandidateSourceDataNode(126)) - no more candidate source data node
2023-09-07 14:19:59,901 [main] INFO  balancer.ContainerBalancerTask (ContainerBalancerTask.java:checkIterationMoveResults(642)) - Iteration Summary. Number of Datanodes involved: 2. Size moved: 10 GB (10737418240 Bytes). Number of Container moves completed: 3.
2023-09-07 14:19:59,901 [main] INFO  balancer.ContainerBalancerTask (ContainerBalancerTask.java:balance(259)) - Result of this iteration of Container Balancer: ITERATION_COMPLETED
2023-09-07 14:19:59,902 [main] DEBUG balancer.ContainerBalancerTask (ContainerBalancerTask.java:initializeIteration(374)) - Average utilization of the cluster is 0.3759412243823203
2023-09-07 14:19:59,902 [main] DEBUG balancer.ContainerBalancerTask (ContainerBalancerTask.java:initializeIteration(386)) - Lower limit for utilization is 0.27594122438232027 and Upper limit for utilization is 0.47594122438232034
2023-09-07 14:19:59,902 [main] DEBUG balancer.ContainerBalancerTask (ContainerBalancerTask.java:initializeIteration(398)) - Utilization for node 943c1488-0316-4587-b6f4-6b78954e2a6f with capacity 52494044728B, used 47244640256B, and remaining 5249404472B is 0.9000000000152398
2023-09-07 14:19:59,902 [main] DEBUG balancer.ContainerBalancerTask (ContainerBalancerTask.java:initializeIteration(398)) - Utilization for node 162d140a-0fab-4c6a-b689-0fa4a380b95f with capacity 67108864000B, used 53687091200B, and remaining 13421772800B is 0.8
2023-09-07 14:19:59,902 [main] DEBUG balancer.ContainerBalancerTask (ContainerBalancerTask.java:initializeIteration(398)) - Utilization for node 7b27c286-683a-4db9-9cb5-4b4969ed69cd with capacity 81297595245B, used 56908316672B, and remaining 24389278573B is 0.7000000000061503
2023-09-07 14:19:59,902 [main] DEBUG balancer.ContainerBalancerTask (ContainerBalancerTask.java:initializeIteration(398)) - Utilization for node 9de7025a-3c4d-43e5-ace1-d1822c989288 with capacity 76951497386B, used 46170898432B, and remaining 30780598954B is 0.600000000005198
2023-09-07 14:19:59,903 [main] DEBUG balancer.ContainerBalancerTask (ContainerBalancerTask.java:initializeIteration(398)) - Utilization for node 4fa9d2c3-c8b1-4bda-b658-b3e22b895836 with capacity 96636764160B, used 48318382080B, and remaining 48318382080B is 0.5
2023-09-07 14:19:59,903 [main] DEBUG balancer.ContainerBalancerTask (ContainerBalancerTask.java:initializeIteration(398)) - Utilization for node 0d83f560-b9dc-4df6-9839-9e53c8928730 with capacity 110058536960B, used 44023414784B, and remaining 66035122176B is 0.4
2023-09-07 14:19:59,903 [main] DEBUG balancer.ContainerBalancerTask (ContainerBalancerTask.java:initializeIteration(398)) - Utilization for node 3b693604-af32-414c-b301-3de45221f672 with capacity 114532461226B, used 34359738368B, and remaining 80172722858B is 0.3000000000017462
2023-09-07 14:19:59,903 [main] DEBUG balancer.ContainerBalancerTask (ContainerBalancerTask.java:initializeIteration(398)) - Utilization for node 49ccf025-7258-460f-b577-1ba18e5cc003 with capacity 144955146240B, used 28991029248B, and remaining 115964116992B is 0.2
2023-09-07 14:19:59,903 [main] DEBUG balancer.ContainerBalancerTask (ContainerBalancerTask.java:initializeIteration(398)) - Utilization for node 859b465c-86c3-427a-9792-6d69a4909237 with capacity 257698037760B, used 25769803776B, and remaining 231928233984B is 0.1
2023-09-07 14:19:59,903 [main] DEBUG balancer.ContainerBalancerTask (ContainerBalancerTask.java:initializeIteration(398)) - Utilization for node 2a09c9eb-4c6c-4ddd-8685-51d36d34f95e with capacity 23622320128B, used 0B, and remaining 23622320128B is 0.0
2023-09-07 14:19:59,903 [main] INFO  balancer.ContainerBalancerTask (ContainerBalancerTask.java:initializeIteration(447)) - Container Balancer has identified 5 Over-Utilized and 3 Under-Utilized Datanodes that need to be balanced.
2023-09-07 14:19:59,903 [main] DEBUG balancer.ContainerBalancerTask (ContainerBalancerTask.java:lambda$initializeIteration$1(453)) - Datanode localhost-93.17.50.235 943c1488-0316-4587-b6f4-6b78954e2a6f is Over-Utilized.
2023-09-07 14:19:59,903 [main] DEBUG balancer.ContainerBalancerTask (ContainerBalancerTask.java:lambda$initializeIteration$1(453)) - Datanode localhost-12.57.147.27 162d140a-0fab-4c6a-b689-0fa4a380b95f is Over-Utilized.
2023-09-07 14:19:59,903 [main] DEBUG balancer.ContainerBalancerTask (ContainerBalancerTask.java:lambda$initializeIteration$1(453)) - Datanode localhost-186.167.151.234 7b27c286-683a-4db9-9cb5-4b4969ed69cd is Over-Utilized.
2023-09-07 14:19:59,903 [main] DEBUG balancer.ContainerBalancerTask (ContainerBalancerTask.java:lambda$initializeIteration$1(453)) - Datanode localhost-18.242.82.198 9de7025a-3c4d-43e5-ace1-d1822c989288 is Over-Utilized.
2023-09-07 14:19:59,903 [main] DEBUG balancer.ContainerBalancerTask (ContainerBalancerTask.java:lambda$initializeIteration$1(453)) - Datanode localhost-4.9.203.192 4fa9d2c3-c8b1-4bda-b658-b3e22b895836 is Over-Utilized.
2023-09-07 14:19:59,903 [main] DEBUG balancer.ContainerBalancerTask (ContainerBalancerTask.java:lambda$initializeIteration$2(459)) - Datanode localhost-101.167.205.80 2a09c9eb-4c6c-4ddd-8685-51d36d34f95e is Under-Utilized.
2023-09-07 14:19:59,904 [main] DEBUG balancer.ContainerBalancerTask (ContainerBalancerTask.java:lambda$initializeIteration$2(459)) - Datanode localhost-218.0.5.48 859b465c-86c3-427a-9792-6d69a4909237 is Under-Utilized.
2023-09-07 14:19:59,904 [main] DEBUG balancer.ContainerBalancerTask (ContainerBalancerTask.java:lambda$initializeIteration$2(459)) - Datanode localhost-56.32.191.79 49ccf025-7258-460f-b577-1ba18e5cc003 is Under-Utilized.
2023-09-07 14:19:59,905 [main] DEBUG balancer.ContainerBalancerTask (ContainerBalancerTask.java:matchSourceWithTarget(708)) - ContainerBalancer is finding suitable target for source datanode 943c1488-0316-4587-b6f4-6b78954e2a6f
2023-09-07 14:19:59,906 [main] INFO  balancer.ContainerBalancerTask (ContainerBalancerTask.java:matchSourceWithTarget(722)) - ContainerBalancer matched source datanode 943c1488-0316-4587-b6f4-6b78954e2a6f with target datanode 2a09c9eb-4c6c-4ddd-8685-51d36d34f95e for container move.
2023-09-07 14:19:59,906 [main] INFO  balancer.ContainerBalancerTask (ContainerBalancerTask.java:processMoveSelection(569)) - ContainerBalancer is trying to move container #85 with size 5368709120B from source datanode 943c1488-0316-4587-b6f4-6b78954e2a6f to target datanode 2a09c9eb-4c6c-4ddd-8685-51d36d34f95e
2023-09-07 14:19:59,906 [main] DEBUG balancer.ContainerBalancerTask (ContainerBalancerTask.java:lambda$moveContainer$3(837)) - Container move completed for container #85 from source 943c1488-0316-4587-b6f4-6b78954e2a6f to target 2a09c9eb-4c6c-4ddd-8685-51d36d34f95e
2023-09-07 14:19:59,906 [main] DEBUG balancer.ContainerBalancerTask (ContainerBalancerTask.java:adaptOnReachingIterationLimits(782)) - Reached max datanodes to involve limit. 2 datanodes have already been selected for balancing and the limit is 2. Only already selected sources and targets can be involved in balancing now.
2023-09-07 14:19:59,908 [main] DEBUG balancer.ContainerBalancerTask (ContainerBalancerTask.java:matchSourceWithTarget(708)) - ContainerBalancer is finding suitable target for source datanode 943c1488-0316-4587-b6f4-6b78954e2a6f
2023-09-07 14:19:59,908 [main] INFO  balancer.ContainerBalancerTask (ContainerBalancerTask.java:matchSourceWithTarget(722)) - ContainerBalancer matched source datanode 943c1488-0316-4587-b6f4-6b78954e2a6f with target datanode 2a09c9eb-4c6c-4ddd-8685-51d36d34f95e for container move.
2023-09-07 14:19:59,908 [main] INFO  balancer.ContainerBalancerTask (ContainerBalancerTask.java:processMoveSelection(569)) - ContainerBalancer is trying to move container #89 with size 4294967296B from source datanode 943c1488-0316-4587-b6f4-6b78954e2a6f to target datanode 2a09c9eb-4c6c-4ddd-8685-51d36d34f95e
2023-09-07 14:19:59,908 [main] DEBUG balancer.ContainerBalancerTask (ContainerBalancerTask.java:lambda$moveContainer$3(837)) - Container move completed for container #89 from source 943c1488-0316-4587-b6f4-6b78954e2a6f to target 2a09c9eb-4c6c-4ddd-8685-51d36d34f95e
2023-09-07 14:19:59,910 [main] DEBUG balancer.ContainerBalancerTask (ContainerBalancerTask.java:matchSourceWithTarget(708)) - ContainerBalancer is finding suitable target for source datanode 943c1488-0316-4587-b6f4-6b78954e2a6f
2023-09-07 14:19:59,910 [main] INFO  balancer.ContainerBalancerTask (ContainerBalancerTask.java:matchSourceWithTarget(722)) - ContainerBalancer matched source datanode 943c1488-0316-4587-b6f4-6b78954e2a6f with target datanode 2a09c9eb-4c6c-4ddd-8685-51d36d34f95e for container move.
2023-09-07 14:19:59,911 [main] INFO  balancer.ContainerBalancerTask (ContainerBalancerTask.java:processMoveSelection(569)) - ContainerBalancer is trying to move container #86 with size 1073741824B from source datanode 943c1488-0316-4587-b6f4-6b78954e2a6f to target datanode 2a09c9eb-4c6c-4ddd-8685-51d36d34f95e
2023-09-07 14:19:59,911 [main] DEBUG balancer.ContainerBalancerTask (ContainerBalancerTask.java:lambda$moveContainer$3(837)) - Container move completed for container #86 from source 943c1488-0316-4587-b6f4-6b78954e2a6f to target 2a09c9eb-4c6c-4ddd-8685-51d36d34f95e
2023-09-07 14:19:59,913 [main] DEBUG balancer.ContainerBalancerTask (ContainerBalancerTask.java:matchSourceWithTarget(708)) - ContainerBalancer is finding suitable target for source datanode 943c1488-0316-4587-b6f4-6b78954e2a6f
2023-09-07 14:19:59,913 [main] INFO  balancer.FindTargetGreedyByUsageInfo (AbstractFindTargetGreedy.java:findTargetForContainerMove(133)) - Container Balancer could not find a target for source datanode 943c1488-0316-4587-b6f4-6b78954e2a6f
2023-09-07 14:19:59,913 [main] DEBUG balancer.ContainerBalancerTask (ContainerBalancerTask.java:matchSourceWithTarget(717)) - ContainerBalancer could not find a suitable target for source node 943c1488-0316-4587-b6f4-6b78954e2a6f.
2023-09-07 14:19:59,913 [main] INFO  balancer.FindSourceGreedy (FindSourceGreedy.java:getNextCandidateSourceDataNode(126)) - no more candidate source data node
2023-09-07 14:19:59,914 [main] INFO  balancer.ContainerBalancerTask (ContainerBalancerTask.java:checkIterationMoveResults(642)) - Iteration Summary. Number of Datanodes involved: 2. Size moved: 10 GB (10737418240 Bytes). Number of Container moves completed: 3.
2023-09-07 14:19:59,914 [main] INFO  balancer.ContainerBalancerTask (ContainerBalancerTask.java:balance(259)) - Result of this iteration of Container Balancer: ITERATION_COMPLETED
2023-09-07 14:19:59,915 [main] DEBUG balancer.ContainerBalancerTask (ContainerBalancerTask.java:initializeIteration(374)) - Average utilization of the cluster is 0.3759412243823203
2023-09-07 14:19:59,915 [main] DEBUG balancer.ContainerBalancerTask (ContainerBalancerTask.java:initializeIteration(386)) - Lower limit for utilization is 0.27594122438232027 and Upper limit for utilization is 0.47594122438232034
2023-09-07 14:19:59,915 [main] DEBUG balancer.ContainerBalancerTask (ContainerBalancerTask.java:initializeIteration(398)) - Utilization for node 943c1488-0316-4587-b6f4-6b78954e2a6f with capacity 52494044728B, used 47244640256B, and remaining 5249404472B is 0.9000000000152398
2023-09-07 14:19:59,915 [main] DEBUG balancer.ContainerBalancerTask (ContainerBalancerTask.java:initializeIteration(398)) - Utilization for node 162d140a-0fab-4c6a-b689-0fa4a380b95f with capacity 67108864000B, used 53687091200B, and remaining 13421772800B is 0.8
2023-09-07 14:19:59,915 [main] DEBUG balancer.ContainerBalancerTask (ContainerBalancerTask.java:initializeIteration(398)) - Utilization for node 7b27c286-683a-4db9-9cb5-4b4969ed69cd with capacity 81297595245B, used 56908316672B, and remaining 24389278573B is 0.7000000000061503
2023-09-07 14:19:59,915 [main] DEBUG balancer.ContainerBalancerTask (ContainerBalancerTask.java:initializeIteration(398)) - Utilization for node 9de7025a-3c4d-43e5-ace1-d1822c989288 with capacity 76951497386B, used 46170898432B, and remaining 30780598954B is 0.600000000005198
2023-09-07 14:19:59,916 [main] DEBUG balancer.ContainerBalancerTask (ContainerBalancerTask.java:initializeIteration(398)) - Utilization for node 4fa9d2c3-c8b1-4bda-b658-b3e22b895836 with capacity 96636764160B, used 48318382080B, and remaining 48318382080B is 0.5
2023-09-07 14:19:59,916 [main] DEBUG balancer.ContainerBalancerTask (ContainerBalancerTask.java:initializeIteration(398)) - Utilization for node 0d83f560-b9dc-4df6-9839-9e53c8928730 with capacity 110058536960B, used 44023414784B, and remaining 66035122176B is 0.4
2023-09-07 14:19:59,916 [main] DEBUG balancer.ContainerBalancerTask (ContainerBalancerTask.java:initializeIteration(398)) - Utilization for node 3b693604-af32-414c-b301-3de45221f672 with capacity 114532461226B, used 34359738368B, and remaining 80172722858B is 0.3000000000017462
2023-09-07 14:19:59,916 [main] DEBUG balancer.ContainerBalancerTask (ContainerBalancerTask.java:initializeIteration(398)) - Utilization for node 49ccf025-7258-460f-b577-1ba18e5cc003 with capacity 144955146240B, used 28991029248B, and remaining 115964116992B is 0.2
2023-09-07 14:19:59,916 [main] DEBUG balancer.ContainerBalancerTask (ContainerBalancerTask.java:initializeIteration(398)) - Utilization for node 859b465c-86c3-427a-9792-6d69a4909237 with capacity 257698037760B, used 25769803776B, and remaining 231928233984B is 0.1
2023-09-07 14:19:59,916 [main] DEBUG balancer.ContainerBalancerTask (ContainerBalancerTask.java:initializeIteration(398)) - Utilization for node 2a09c9eb-4c6c-4ddd-8685-51d36d34f95e with capacity 23622320128B, used 0B, and remaining 23622320128B is 0.0
2023-09-07 14:19:59,916 [main] INFO  balancer.ContainerBalancerTask (ContainerBalancerTask.java:initializeIteration(447)) - Container Balancer has identified 5 Over-Utilized and 3 Under-Utilized Datanodes that need to be balanced.
2023-09-07 14:19:59,916 [main] DEBUG balancer.ContainerBalancerTask (ContainerBalancerTask.java:lambda$initializeIteration$1(453)) - Datanode localhost-93.17.50.235 943c1488-0316-4587-b6f4-6b78954e2a6f is Over-Utilized.
2023-09-07 14:19:59,916 [main] DEBUG balancer.ContainerBalancerTask (ContainerBalancerTask.java:lambda$initializeIteration$1(453)) - Datanode localhost-12.57.147.27 162d140a-0fab-4c6a-b689-0fa4a380b95f is Over-Utilized.
2023-09-07 14:19:59,916 [main] DEBUG balancer.ContainerBalancerTask (ContainerBalancerTask.java:lambda$initializeIteration$1(453)) - Datanode localhost-186.167.151.234 7b27c286-683a-4db9-9cb5-4b4969ed69cd is Over-Utilized.
2023-09-07 14:19:59,916 [main] DEBUG balancer.ContainerBalancerTask (ContainerBalancerTask.java:lambda$initializeIteration$1(453)) - Datanode localhost-18.242.82.198 9de7025a-3c4d-43e5-ace1-d1822c989288 is Over-Utilized.
2023-09-07 14:19:59,916 [main] DEBUG balancer.ContainerBalancerTask (ContainerBalancerTask.java:lambda$initializeIteration$1(453)) - Datanode localhost-4.9.203.192 4fa9d2c3-c8b1-4bda-b658-b3e22b895836 is Over-Utilized.
2023-09-07 14:19:59,917 [main] DEBUG balancer.ContainerBalancerTask (ContainerBalancerTask.java:lambda$initializeIteration$2(459)) - Datanode localhost-101.167.205.80 2a09c9eb-4c6c-4ddd-8685-51d36d34f95e is Under-Utilized.
2023-09-07 14:19:59,917 [main] DEBUG balancer.ContainerBalancerTask (ContainerBalancerTask.java:lambda$initializeIteration$2(459)) - Datanode localhost-218.0.5.48 859b465c-86c3-427a-9792-6d69a4909237 is Under-Utilized.
2023-09-07 14:19:59,917 [main] DEBUG balancer.ContainerBalancerTask (ContainerBalancerTask.java:lambda$initializeIteration$2(459)) - Datanode localhost-56.32.191.79 49ccf025-7258-460f-b577-1ba18e5cc003 is Under-Utilized.
2023-09-07 14:19:59,918 [main] DEBUG balancer.ContainerBalancerTask (ContainerBalancerTask.java:matchSourceWithTarget(708)) - ContainerBalancer is finding suitable target for source datanode 943c1488-0316-4587-b6f4-6b78954e2a6f
2023-09-07 14:19:59,919 [main] INFO  balancer.ContainerBalancerTask (ContainerBalancerTask.java:matchSourceWithTarget(722)) - ContainerBalancer matched source datanode 943c1488-0316-4587-b6f4-6b78954e2a6f with target datanode 2a09c9eb-4c6c-4ddd-8685-51d36d34f95e for container move.
2023-09-07 14:19:59,919 [main] INFO  balancer.ContainerBalancerTask (ContainerBalancerTask.java:processMoveSelection(569)) - ContainerBalancer is trying to move container #85 with size 5368709120B from source datanode 943c1488-0316-4587-b6f4-6b78954e2a6f to target datanode 2a09c9eb-4c6c-4ddd-8685-51d36d34f95e
2023-09-07 14:19:59,919 [main] DEBUG balancer.ContainerBalancerTask (ContainerBalancerTask.java:lambda$moveContainer$3(837)) - Container move completed for container #85 from source 943c1488-0316-4587-b6f4-6b78954e2a6f to target 2a09c9eb-4c6c-4ddd-8685-51d36d34f95e
2023-09-07 14:19:59,919 [main] DEBUG balancer.ContainerBalancerTask (ContainerBalancerTask.java:adaptOnReachingIterationLimits(782)) - Reached max datanodes to involve limit. 2 datanodes have already been selected for balancing and the limit is 2. Only already selected sources and targets can be involved in balancing now.
2023-09-07 14:19:59,921 [main] DEBUG balancer.ContainerBalancerTask (ContainerBalancerTask.java:matchSourceWithTarget(708)) - ContainerBalancer is finding suitable target for source datanode 943c1488-0316-4587-b6f4-6b78954e2a6f
2023-09-07 14:19:59,921 [main] INFO  balancer.ContainerBalancerTask (ContainerBalancerTask.java:matchSourceWithTarget(722)) - ContainerBalancer matched source datanode 943c1488-0316-4587-b6f4-6b78954e2a6f with target datanode 2a09c9eb-4c6c-4ddd-8685-51d36d34f95e for container move.
2023-09-07 14:19:59,921 [main] INFO  balancer.ContainerBalancerTask (ContainerBalancerTask.java:processMoveSelection(569)) - ContainerBalancer is trying to move container #89 with size 4294967296B from source datanode 943c1488-0316-4587-b6f4-6b78954e2a6f to target datanode 2a09c9eb-4c6c-4ddd-8685-51d36d34f95e
2023-09-07 14:19:59,921 [main] DEBUG balancer.ContainerBalancerTask (ContainerBalancerTask.java:lambda$moveContainer$3(837)) - Container move completed for container #89 from source 943c1488-0316-4587-b6f4-6b78954e2a6f to target 2a09c9eb-4c6c-4ddd-8685-51d36d34f95e
2023-09-07 14:19:59,923 [main] DEBUG balancer.ContainerBalancerTask (ContainerBalancerTask.java:matchSourceWithTarget(708)) - ContainerBalancer is finding suitable target for source datanode 943c1488-0316-4587-b6f4-6b78954e2a6f
2023-09-07 14:19:59,923 [main] INFO  balancer.ContainerBalancerTask (ContainerBalancerTask.java:matchSourceWithTarget(722)) - ContainerBalancer matched source datanode 943c1488-0316-4587-b6f4-6b78954e2a6f with target datanode 2a09c9eb-4c6c-4ddd-8685-51d36d34f95e for container move.
2023-09-07 14:19:59,924 [main] INFO  balancer.ContainerBalancerTask (ContainerBalancerTask.java:processMoveSelection(569)) - ContainerBalancer is trying to move container #86 with size 1073741824B from source datanode 943c1488-0316-4587-b6f4-6b78954e2a6f to target datanode 2a09c9eb-4c6c-4ddd-8685-51d36d34f95e
2023-09-07 14:19:59,924 [main] DEBUG balancer.ContainerBalancerTask (ContainerBalancerTask.java:lambda$moveContainer$3(837)) - Container move completed for container #86 from source 943c1488-0316-4587-b6f4-6b78954e2a6f to target 2a09c9eb-4c6c-4ddd-8685-51d36d34f95e
2023-09-07 14:19:59,926 [main] DEBUG balancer.ContainerBalancerTask (ContainerBalancerTask.java:matchSourceWithTarget(708)) - ContainerBalancer is finding suitable target for source datanode 943c1488-0316-4587-b6f4-6b78954e2a6f
2023-09-07 14:19:59,926 [main] INFO  balancer.FindTargetGreedyByUsageInfo (AbstractFindTargetGreedy.java:findTargetForContainerMove(133)) - Container Balancer could not find a target for source datanode 943c1488-0316-4587-b6f4-6b78954e2a6f
2023-09-07 14:19:59,926 [main] DEBUG balancer.ContainerBalancerTask (ContainerBalancerTask.java:matchSourceWithTarget(717)) - ContainerBalancer could not find a suitable target for source node 943c1488-0316-4587-b6f4-6b78954e2a6f.
2023-09-07 14:19:59,926 [main] INFO  balancer.FindSourceGreedy (FindSourceGreedy.java:getNextCandidateSourceDataNode(126)) - no more candidate source data node
2023-09-07 14:19:59,926 [main] INFO  balancer.ContainerBalancerTask (ContainerBalancerTask.java:checkIterationMoveResults(642)) - Iteration Summary. Number of Datanodes involved: 2. Size moved: 10 GB (10737418240 Bytes). Number of Container moves completed: 3.
2023-09-07 14:19:59,926 [main] INFO  balancer.ContainerBalancerTask (ContainerBalancerTask.java:balance(259)) - Result of this iteration of Container Balancer: ITERATION_COMPLETED
2023-09-07 14:19:59,932 [main] DEBUG balancer.ContainerBalancerTask (ContainerBalancerTask.java:initializeIteration(374)) - Average utilization of the cluster is 0.3759412243823203
2023-09-07 14:19:59,932 [main] DEBUG balancer.ContainerBalancerTask (ContainerBalancerTask.java:initializeIteration(386)) - Lower limit for utilization is 0.27594122438232027 and Upper limit for utilization is 0.47594122438232034
2023-09-07 14:19:59,933 [main] DEBUG balancer.ContainerBalancerTask (ContainerBalancerTask.java:initializeIteration(398)) - Utilization for node 943c1488-0316-4587-b6f4-6b78954e2a6f with capacity 52494044728B, used 47244640256B, and remaining 5249404472B is 0.9000000000152398
2023-09-07 14:19:59,933 [main] DEBUG balancer.ContainerBalancerTask (ContainerBalancerTask.java:initializeIteration(398)) - Utilization for node 162d140a-0fab-4c6a-b689-0fa4a380b95f with capacity 67108864000B, used 53687091200B, and remaining 13421772800B is 0.8
2023-09-07 14:19:59,933 [main] DEBUG balancer.ContainerBalancerTask (ContainerBalancerTask.java:initializeIteration(398)) - Utilization for node 7b27c286-683a-4db9-9cb5-4b4969ed69cd with capacity 81297595245B, used 56908316672B, and remaining 24389278573B is 0.7000000000061503
2023-09-07 14:19:59,933 [main] DEBUG balancer.ContainerBalancerTask (ContainerBalancerTask.java:initializeIteration(398)) - Utilization for node 9de7025a-3c4d-43e5-ace1-d1822c989288 with capacity 76951497386B, used 46170898432B, and remaining 30780598954B is 0.600000000005198
2023-09-07 14:19:59,933 [main] DEBUG balancer.ContainerBalancerTask (ContainerBalancerTask.java:initializeIteration(398)) - Utilization for node 4fa9d2c3-c8b1-4bda-b658-b3e22b895836 with capacity 96636764160B, used 48318382080B, and remaining 48318382080B is 0.5
2023-09-07 14:19:59,933 [main] DEBUG balancer.ContainerBalancerTask (ContainerBalancerTask.java:initializeIteration(398)) - Utilization for node 0d83f560-b9dc-4df6-9839-9e53c8928730 with capacity 110058536960B, used 44023414784B, and remaining 66035122176B is 0.4
2023-09-07 14:19:59,933 [main] DEBUG balancer.ContainerBalancerTask (ContainerBalancerTask.java:initializeIteration(398)) - Utilization for node 3b693604-af32-414c-b301-3de45221f672 with capacity 114532461226B, used 34359738368B, and remaining 80172722858B is 0.3000000000017462
2023-09-07 14:19:59,933 [main] DEBUG balancer.ContainerBalancerTask (ContainerBalancerTask.java:initializeIteration(398)) - Utilization for node 49ccf025-7258-460f-b577-1ba18e5cc003 with capacity 144955146240B, used 28991029248B, and remaining 115964116992B is 0.2
2023-09-07 14:19:59,933 [main] DEBUG balancer.ContainerBalancerTask (ContainerBalancerTask.java:initializeIteration(398)) - Utilization for node 859b465c-86c3-427a-9792-6d69a4909237 with capacity 257698037760B, used 25769803776B, and remaining 231928233984B is 0.1
2023-09-07 14:19:59,933 [main] DEBUG balancer.ContainerBalancerTask (ContainerBalancerTask.java:initializeIteration(398)) - Utilization for node 2a09c9eb-4c6c-4ddd-8685-51d36d34f95e with capacity 23622320128B, used 0B, and remaining 23622320128B is 0.0
2023-09-07 14:19:59,933 [main] INFO  balancer.ContainerBalancerTask (ContainerBalancerTask.java:initializeIteration(447)) - Container Balancer has identified 5 Over-Utilized and 3 Under-Utilized Datanodes that need to be balanced.
2023-09-07 14:19:59,933 [main] DEBUG balancer.ContainerBalancerTask (ContainerBalancerTask.java:lambda$initializeIteration$1(453)) - Datanode localhost-93.17.50.235 943c1488-0316-4587-b6f4-6b78954e2a6f is Over-Utilized.
2023-09-07 14:19:59,934 [main] DEBUG balancer.ContainerBalancerTask (ContainerBalancerTask.java:lambda$initializeIteration$1(453)) - Datanode localhost-12.57.147.27 162d140a-0fab-4c6a-b689-0fa4a380b95f is Over-Utilized.
2023-09-07 14:19:59,934 [main] DEBUG balancer.ContainerBalancerTask (ContainerBalancerTask.java:lambda$initializeIteration$1(453)) - Datanode localhost-186.167.151.234 7b27c286-683a-4db9-9cb5-4b4969ed69cd is Over-Utilized.
2023-09-07 14:19:59,934 [main] DEBUG balancer.ContainerBalancerTask (ContainerBalancerTask.java:lambda$initializeIteration$1(453)) - Datanode localhost-18.242.82.198 9de7025a-3c4d-43e5-ace1-d1822c989288 is Over-Utilized.
2023-09-07 14:19:59,934 [main] DEBUG balancer.ContainerBalancerTask (ContainerBalancerTask.java:lambda$initializeIteration$1(453)) - Datanode localhost-4.9.203.192 4fa9d2c3-c8b1-4bda-b658-b3e22b895836 is Over-Utilized.
2023-09-07 14:19:59,934 [main] DEBUG balancer.ContainerBalancerTask (ContainerBalancerTask.java:lambda$initializeIteration$2(459)) - Datanode localhost-101.167.205.80 2a09c9eb-4c6c-4ddd-8685-51d36d34f95e is Under-Utilized.
2023-09-07 14:19:59,934 [main] DEBUG balancer.ContainerBalancerTask (ContainerBalancerTask.java:lambda$initializeIteration$2(459)) - Datanode localhost-218.0.5.48 859b465c-86c3-427a-9792-6d69a4909237 is Under-Utilized.
2023-09-07 14:19:59,934 [main] DEBUG balancer.ContainerBalancerTask (ContainerBalancerTask.java:lambda$initializeIteration$2(459)) - Datanode localhost-56.32.191.79 49ccf025-7258-460f-b577-1ba18e5cc003 is Under-Utilized.
2023-09-07 14:19:59,936 [main] DEBUG balancer.ContainerBalancerTask (ContainerBalancerTask.java:matchSourceWithTarget(708)) - ContainerBalancer is finding suitable target for source datanode 943c1488-0316-4587-b6f4-6b78954e2a6f
2023-09-07 14:19:59,936 [main] INFO  balancer.ContainerBalancerTask (ContainerBalancerTask.java:matchSourceWithTarget(722)) - ContainerBalancer matched source datanode 943c1488-0316-4587-b6f4-6b78954e2a6f with target datanode 2a09c9eb-4c6c-4ddd-8685-51d36d34f95e for container move.
2023-09-07 14:19:59,936 [main] INFO  balancer.ContainerBalancerTask (ContainerBalancerTask.java:processMoveSelection(569)) - ContainerBalancer is trying to move container #85 with size 5368709120B from source datanode 943c1488-0316-4587-b6f4-6b78954e2a6f to target datanode 2a09c9eb-4c6c-4ddd-8685-51d36d34f95e
2023-09-07 14:19:59,936 [main] DEBUG balancer.ContainerBalancerTask (ContainerBalancerTask.java:lambda$moveContainer$3(837)) - Container move completed for container #85 from source 943c1488-0316-4587-b6f4-6b78954e2a6f to target 2a09c9eb-4c6c-4ddd-8685-51d36d34f95e
2023-09-07 14:19:59,939 [main] DEBUG balancer.ContainerBalancerTask (ContainerBalancerTask.java:adaptOnReachingIterationLimits(782)) - Reached max datanodes to involve limit. 2 datanodes have already been selected for balancing and the limit is 2. Only already selected sources and targets can be involved in balancing now.
2023-09-07 14:19:59,941 [main] DEBUG balancer.ContainerBalancerTask (ContainerBalancerTask.java:matchSourceWithTarget(708)) - ContainerBalancer is finding suitable target for source datanode 943c1488-0316-4587-b6f4-6b78954e2a6f
2023-09-07 14:19:59,941 [main] INFO  balancer.ContainerBalancerTask (ContainerBalancerTask.java:matchSourceWithTarget(722)) - ContainerBalancer matched source datanode 943c1488-0316-4587-b6f4-6b78954e2a6f with target datanode 2a09c9eb-4c6c-4ddd-8685-51d36d34f95e for container move.
2023-09-07 14:19:59,941 [main] INFO  balancer.ContainerBalancerTask (ContainerBalancerTask.java:processMoveSelection(569)) - ContainerBalancer is trying to move container #89 with size 4294967296B from source datanode 943c1488-0316-4587-b6f4-6b78954e2a6f to target datanode 2a09c9eb-4c6c-4ddd-8685-51d36d34f95e
2023-09-07 14:19:59,941 [main] DEBUG balancer.ContainerBalancerTask (ContainerBalancerTask.java:lambda$moveContainer$3(837)) - Container move completed for container #89 from source 943c1488-0316-4587-b6f4-6b78954e2a6f to target 2a09c9eb-4c6c-4ddd-8685-51d36d34f95e
2023-09-07 14:19:59,943 [main] DEBUG balancer.ContainerBalancerTask (ContainerBalancerTask.java:matchSourceWithTarget(708)) - ContainerBalancer is finding suitable target for source datanode 943c1488-0316-4587-b6f4-6b78954e2a6f
2023-09-07 14:19:59,944 [main] INFO  balancer.ContainerBalancerTask (ContainerBalancerTask.java:matchSourceWithTarget(722)) - ContainerBalancer matched source datanode 943c1488-0316-4587-b6f4-6b78954e2a6f with target datanode 2a09c9eb-4c6c-4ddd-8685-51d36d34f95e for container move.
2023-09-07 14:19:59,944 [main] INFO  balancer.ContainerBalancerTask (ContainerBalancerTask.java:processMoveSelection(569)) - ContainerBalancer is trying to move container #86 with size 1073741824B from source datanode 943c1488-0316-4587-b6f4-6b78954e2a6f to target datanode 2a09c9eb-4c6c-4ddd-8685-51d36d34f95e
2023-09-07 14:19:59,944 [main] DEBUG balancer.ContainerBalancerTask (ContainerBalancerTask.java:lambda$moveContainer$3(837)) - Container move completed for container #86 from source 943c1488-0316-4587-b6f4-6b78954e2a6f to target 2a09c9eb-4c6c-4ddd-8685-51d36d34f95e
2023-09-07 14:19:59,946 [main] DEBUG balancer.ContainerBalancerTask (ContainerBalancerTask.java:matchSourceWithTarget(708)) - ContainerBalancer is finding suitable target for source datanode 943c1488-0316-4587-b6f4-6b78954e2a6f
2023-09-07 14:19:59,946 [main] INFO  balancer.FindTargetGreedyByUsageInfo (AbstractFindTargetGreedy.java:findTargetForContainerMove(133)) - Container Balancer could not find a target for source datanode 943c1488-0316-4587-b6f4-6b78954e2a6f
2023-09-07 14:19:59,947 [main] DEBUG balancer.ContainerBalancerTask (ContainerBalancerTask.java:matchSourceWithTarget(717)) - ContainerBalancer could not find a suitable target for source node 943c1488-0316-4587-b6f4-6b78954e2a6f.
2023-09-07 14:19:59,947 [main] INFO  balancer.FindSourceGreedy (FindSourceGreedy.java:getNextCandidateSourceDataNode(126)) - no more candidate source data node
2023-09-07 14:19:59,947 [main] INFO  balancer.ContainerBalancerTask (ContainerBalancerTask.java:checkIterationMoveResults(642)) - Iteration Summary. Number of Datanodes involved: 2. Size moved: 10 GB (10737418240 Bytes). Number of Container moves completed: 3.
2023-09-07 14:19:59,947 [main] INFO  balancer.ContainerBalancerTask (ContainerBalancerTask.java:balance(259)) - Result of this iteration of Container Balancer: ITERATION_COMPLETED
2023-09-07 14:19:59,950 [main] DEBUG balancer.ContainerBalancerTask (ContainerBalancerTask.java:initializeIteration(374)) - Average utilization of the cluster is 0.3759412243823203
2023-09-07 14:19:59,950 [main] DEBUG balancer.ContainerBalancerTask (ContainerBalancerTask.java:initializeIteration(386)) - Lower limit for utilization is 0.27594122438232027 and Upper limit for utilization is 0.47594122438232034
2023-09-07 14:19:59,951 [main] DEBUG balancer.ContainerBalancerTask (ContainerBalancerTask.java:initializeIteration(398)) - Utilization for node 943c1488-0316-4587-b6f4-6b78954e2a6f with capacity 52494044728B, used 47244640256B, and remaining 5249404472B is 0.9000000000152398
2023-09-07 14:19:59,951 [main] DEBUG balancer.ContainerBalancerTask (ContainerBalancerTask.java:initializeIteration(398)) - Utilization for node 162d140a-0fab-4c6a-b689-0fa4a380b95f with capacity 67108864000B, used 53687091200B, and remaining 13421772800B is 0.8
2023-09-07 14:19:59,951 [main] DEBUG balancer.ContainerBalancerTask (ContainerBalancerTask.java:initializeIteration(398)) - Utilization for node 7b27c286-683a-4db9-9cb5-4b4969ed69cd with capacity 81297595245B, used 56908316672B, and remaining 24389278573B is 0.7000000000061503
2023-09-07 14:19:59,951 [main] DEBUG balancer.ContainerBalancerTask (ContainerBalancerTask.java:initializeIteration(398)) - Utilization for node 9de7025a-3c4d-43e5-ace1-d1822c989288 with capacity 76951497386B, used 46170898432B, and remaining 30780598954B is 0.600000000005198
2023-09-07 14:19:59,951 [main] DEBUG balancer.ContainerBalancerTask (ContainerBalancerTask.java:initializeIteration(398)) - Utilization for node 4fa9d2c3-c8b1-4bda-b658-b3e22b895836 with capacity 96636764160B, used 48318382080B, and remaining 48318382080B is 0.5
2023-09-07 14:19:59,951 [main] DEBUG balancer.ContainerBalancerTask (ContainerBalancerTask.java:initializeIteration(398)) - Utilization for node 0d83f560-b9dc-4df6-9839-9e53c8928730 with capacity 110058536960B, used 44023414784B, and remaining 66035122176B is 0.4
2023-09-07 14:19:59,951 [main] DEBUG balancer.ContainerBalancerTask (ContainerBalancerTask.java:initializeIteration(398)) - Utilization for node 3b693604-af32-414c-b301-3de45221f672 with capacity 114532461226B, used 34359738368B, and remaining 80172722858B is 0.3000000000017462
2023-09-07 14:19:59,951 [main] DEBUG balancer.ContainerBalancerTask (ContainerBalancerTask.java:initializeIteration(398)) - Utilization for node 49ccf025-7258-460f-b577-1ba18e5cc003 with capacity 144955146240B, used 28991029248B, and remaining 115964116992B is 0.2
2023-09-07 14:19:59,951 [main] DEBUG balancer.ContainerBalancerTask (ContainerBalancerTask.java:initializeIteration(398)) - Utilization for node 859b465c-86c3-427a-9792-6d69a4909237 with capacity 257698037760B, used 25769803776B, and remaining 231928233984B is 0.1
2023-09-07 14:19:59,951 [main] DEBUG balancer.ContainerBalancerTask (ContainerBalancerTask.java:initializeIteration(398)) - Utilization for node 2a09c9eb-4c6c-4ddd-8685-51d36d34f95e with capacity 23622320128B, used 0B, and remaining 23622320128B is 0.0
2023-09-07 14:19:59,951 [main] INFO  balancer.ContainerBalancerTask (ContainerBalancerTask.java:initializeIteration(447)) - Container Balancer has identified 5 Over-Utilized and 3 Under-Utilized Datanodes that need to be balanced.
2023-09-07 14:19:59,951 [main] DEBUG balancer.ContainerBalancerTask (ContainerBalancerTask.java:lambda$initializeIteration$1(453)) - Datanode localhost-93.17.50.235 943c1488-0316-4587-b6f4-6b78954e2a6f is Over-Utilized.
2023-09-07 14:19:59,952 [main] DEBUG balancer.ContainerBalancerTask (ContainerBalancerTask.java:lambda$initializeIteration$1(453)) - Datanode localhost-12.57.147.27 162d140a-0fab-4c6a-b689-0fa4a380b95f is Over-Utilized.
2023-09-07 14:19:59,952 [main] DEBUG balancer.ContainerBalancerTask (ContainerBalancerTask.java:lambda$initializeIteration$1(453)) - Datanode localhost-186.167.151.234 7b27c286-683a-4db9-9cb5-4b4969ed69cd is Over-Utilized.
2023-09-07 14:19:59,952 [main] DEBUG balancer.ContainerBalancerTask (ContainerBalancerTask.java:lambda$initializeIteration$1(453)) - Datanode localhost-18.242.82.198 9de7025a-3c4d-43e5-ace1-d1822c989288 is Over-Utilized.
2023-09-07 14:19:59,952 [main] DEBUG balancer.ContainerBalancerTask (ContainerBalancerTask.java:lambda$initializeIteration$1(453)) - Datanode localhost-4.9.203.192 4fa9d2c3-c8b1-4bda-b658-b3e22b895836 is Over-Utilized.
2023-09-07 14:19:59,952 [main] DEBUG balancer.ContainerBalancerTask (ContainerBalancerTask.java:lambda$initializeIteration$2(459)) - Datanode localhost-101.167.205.80 2a09c9eb-4c6c-4ddd-8685-51d36d34f95e is Under-Utilized.
2023-09-07 14:19:59,952 [main] DEBUG balancer.ContainerBalancerTask (ContainerBalancerTask.java:lambda$initializeIteration$2(459)) - Datanode localhost-218.0.5.48 859b465c-86c3-427a-9792-6d69a4909237 is Under-Utilized.
2023-09-07 14:19:59,952 [main] DEBUG balancer.ContainerBalancerTask (ContainerBalancerTask.java:lambda$initializeIteration$2(459)) - Datanode localhost-56.32.191.79 49ccf025-7258-460f-b577-1ba18e5cc003 is Under-Utilized.
2023-09-07 14:19:59,954 [main] DEBUG balancer.ContainerBalancerTask (ContainerBalancerTask.java:matchSourceWithTarget(708)) - ContainerBalancer is finding suitable target for source datanode 943c1488-0316-4587-b6f4-6b78954e2a6f
2023-09-07 14:19:59,954 [main] INFO  balancer.ContainerBalancerTask (ContainerBalancerTask.java:matchSourceWithTarget(722)) - ContainerBalancer matched source datanode 943c1488-0316-4587-b6f4-6b78954e2a6f with target datanode 2a09c9eb-4c6c-4ddd-8685-51d36d34f95e for container move.
2023-09-07 14:19:59,954 [main] INFO  balancer.ContainerBalancerTask (ContainerBalancerTask.java:processMoveSelection(569)) - ContainerBalancer is trying to move container #85 with size 5368709120B from source datanode 943c1488-0316-4587-b6f4-6b78954e2a6f to target datanode 2a09c9eb-4c6c-4ddd-8685-51d36d34f95e
2023-09-07 14:19:59,954 [main] DEBUG balancer.ContainerBalancerTask (ContainerBalancerTask.java:lambda$moveContainer$3(837)) - Container move completed for container #85 from source 943c1488-0316-4587-b6f4-6b78954e2a6f to target 2a09c9eb-4c6c-4ddd-8685-51d36d34f95e
2023-09-07 14:19:59,954 [main] DEBUG balancer.ContainerBalancerTask (ContainerBalancerTask.java:adaptOnReachingIterationLimits(782)) - Reached max datanodes to involve limit. 2 datanodes have already been selected for balancing and the limit is 2. Only already selected sources and targets can be involved in balancing now.
2023-09-07 14:19:59,956 [main] DEBUG balancer.ContainerBalancerTask (ContainerBalancerTask.java:matchSourceWithTarget(708)) - ContainerBalancer is finding suitable target for source datanode 943c1488-0316-4587-b6f4-6b78954e2a6f
2023-09-07 14:19:59,956 [main] INFO  balancer.ContainerBalancerTask (ContainerBalancerTask.java:matchSourceWithTarget(722)) - ContainerBalancer matched source datanode 943c1488-0316-4587-b6f4-6b78954e2a6f with target datanode 2a09c9eb-4c6c-4ddd-8685-51d36d34f95e for container move.
2023-09-07 14:19:59,956 [main] INFO  balancer.ContainerBalancerTask (ContainerBalancerTask.java:processMoveSelection(569)) - ContainerBalancer is trying to move container #89 with size 4294967296B from source datanode 943c1488-0316-4587-b6f4-6b78954e2a6f to target datanode 2a09c9eb-4c6c-4ddd-8685-51d36d34f95e
2023-09-07 14:19:59,957 [main] DEBUG balancer.ContainerBalancerTask (ContainerBalancerTask.java:lambda$moveContainer$3(837)) - Container move completed for container #89 from source 943c1488-0316-4587-b6f4-6b78954e2a6f to target 2a09c9eb-4c6c-4ddd-8685-51d36d34f95e
2023-09-07 14:19:59,958 [main] DEBUG balancer.ContainerBalancerTask (ContainerBalancerTask.java:matchSourceWithTarget(708)) - ContainerBalancer is finding suitable target for source datanode 943c1488-0316-4587-b6f4-6b78954e2a6f
2023-09-07 14:19:59,959 [main] INFO  balancer.ContainerBalancerTask (ContainerBalancerTask.java:matchSourceWithTarget(722)) - ContainerBalancer matched source datanode 943c1488-0316-4587-b6f4-6b78954e2a6f with target datanode 2a09c9eb-4c6c-4ddd-8685-51d36d34f95e for container move.
2023-09-07 14:19:59,959 [main] INFO  balancer.ContainerBalancerTask (ContainerBalancerTask.java:processMoveSelection(569)) - ContainerBalancer is trying to move container #86 with size 1073741824B from source datanode 943c1488-0316-4587-b6f4-6b78954e2a6f to target datanode 2a09c9eb-4c6c-4ddd-8685-51d36d34f95e
2023-09-07 14:19:59,959 [main] DEBUG balancer.ContainerBalancerTask (ContainerBalancerTask.java:lambda$moveContainer$3(837)) - Container move completed for container #86 from source 943c1488-0316-4587-b6f4-6b78954e2a6f to target 2a09c9eb-4c6c-4ddd-8685-51d36d34f95e
2023-09-07 14:19:59,961 [main] DEBUG balancer.ContainerBalancerTask (ContainerBalancerTask.java:matchSourceWithTarget(708)) - ContainerBalancer is finding suitable target for source datanode 943c1488-0316-4587-b6f4-6b78954e2a6f
2023-09-07 14:19:59,962 [main] INFO  balancer.FindTargetGreedyByUsageInfo (AbstractFindTargetGreedy.java:findTargetForContainerMove(133)) - Container Balancer could not find a target for source datanode 943c1488-0316-4587-b6f4-6b78954e2a6f
2023-09-07 14:19:59,962 [main] DEBUG balancer.ContainerBalancerTask (ContainerBalancerTask.java:matchSourceWithTarget(717)) - ContainerBalancer could not find a suitable target for source node 943c1488-0316-4587-b6f4-6b78954e2a6f.
2023-09-07 14:19:59,962 [main] INFO  balancer.FindSourceGreedy (FindSourceGreedy.java:getNextCandidateSourceDataNode(126)) - no more candidate source data node
2023-09-07 14:19:59,962 [main] INFO  balancer.ContainerBalancerTask (ContainerBalancerTask.java:checkIterationMoveResults(642)) - Iteration Summary. Number of Datanodes involved: 2. Size moved: 10 GB (10737418240 Bytes). Number of Container moves completed: 3.
2023-09-07 14:19:59,962 [main] INFO  balancer.ContainerBalancerTask (ContainerBalancerTask.java:balance(259)) - Result of this iteration of Container Balancer: ITERATION_COMPLETED
2023-09-07 14:19:59,963 [main] DEBUG balancer.ContainerBalancerTask (ContainerBalancerTask.java:initializeIteration(374)) - Average utilization of the cluster is 0.3759412243823203
2023-09-07 14:19:59,963 [main] DEBUG balancer.ContainerBalancerTask (ContainerBalancerTask.java:initializeIteration(386)) - Lower limit for utilization is 0.27594122438232027 and Upper limit for utilization is 0.47594122438232034
2023-09-07 14:19:59,964 [main] DEBUG balancer.ContainerBalancerTask (ContainerBalancerTask.java:initializeIteration(398)) - Utilization for node 943c1488-0316-4587-b6f4-6b78954e2a6f with capacity 52494044728B, used 47244640256B, and remaining 5249404472B is 0.9000000000152398
2023-09-07 14:19:59,964 [main] DEBUG balancer.ContainerBalancerTask (ContainerBalancerTask.java:initializeIteration(398)) - Utilization for node 162d140a-0fab-4c6a-b689-0fa4a380b95f with capacity 67108864000B, used 53687091200B, and remaining 13421772800B is 0.8
2023-09-07 14:19:59,964 [main] DEBUG balancer.ContainerBalancerTask (ContainerBalancerTask.java:initializeIteration(398)) - Utilization for node 7b27c286-683a-4db9-9cb5-4b4969ed69cd with capacity 81297595245B, used 56908316672B, and remaining 24389278573B is 0.7000000000061503
2023-09-07 14:19:59,964 [main] DEBUG balancer.ContainerBalancerTask (ContainerBalancerTask.java:initializeIteration(398)) - Utilization for node 9de7025a-3c4d-43e5-ace1-d1822c989288 with capacity 76951497386B, used 46170898432B, and remaining 30780598954B is 0.600000000005198
2023-09-07 14:19:59,964 [main] DEBUG balancer.ContainerBalancerTask (ContainerBalancerTask.java:initializeIteration(398)) - Utilization for node 4fa9d2c3-c8b1-4bda-b658-b3e22b895836 with capacity 96636764160B, used 48318382080B, and remaining 48318382080B is 0.5
2023-09-07 14:19:59,964 [main] DEBUG balancer.ContainerBalancerTask (ContainerBalancerTask.java:initializeIteration(398)) - Utilization for node 0d83f560-b9dc-4df6-9839-9e53c8928730 with capacity 110058536960B, used 44023414784B, and remaining 66035122176B is 0.4
2023-09-07 14:19:59,964 [main] DEBUG balancer.ContainerBalancerTask (ContainerBalancerTask.java:initializeIteration(398)) - Utilization for node 3b693604-af32-414c-b301-3de45221f672 with capacity 114532461226B, used 34359738368B, and remaining 80172722858B is 0.3000000000017462
2023-09-07 14:19:59,964 [main] DEBUG balancer.ContainerBalancerTask (ContainerBalancerTask.java:initializeIteration(398)) - Utilization for node 49ccf025-7258-460f-b577-1ba18e5cc003 with capacity 144955146240B, used 28991029248B, and remaining 115964116992B is 0.2
2023-09-07 14:19:59,964 [main] DEBUG balancer.ContainerBalancerTask (ContainerBalancerTask.java:initializeIteration(398)) - Utilization for node 859b465c-86c3-427a-9792-6d69a4909237 with capacity 257698037760B, used 25769803776B, and remaining 231928233984B is 0.1
2023-09-07 14:19:59,964 [main] DEBUG balancer.ContainerBalancerTask (ContainerBalancerTask.java:initializeIteration(398)) - Utilization for node 2a09c9eb-4c6c-4ddd-8685-51d36d34f95e with capacity 23622320128B, used 0B, and remaining 23622320128B is 0.0
2023-09-07 14:19:59,964 [main] INFO  balancer.ContainerBalancerTask (ContainerBalancerTask.java:initializeIteration(447)) - Container Balancer has identified 5 Over-Utilized and 3 Under-Utilized Datanodes that need to be balanced.
2023-09-07 14:19:59,964 [main] DEBUG balancer.ContainerBalancerTask (ContainerBalancerTask.java:lambda$initializeIteration$1(453)) - Datanode localhost-93.17.50.235 943c1488-0316-4587-b6f4-6b78954e2a6f is Over-Utilized.
2023-09-07 14:19:59,965 [main] DEBUG balancer.ContainerBalancerTask (ContainerBalancerTask.java:lambda$initializeIteration$1(453)) - Datanode localhost-12.57.147.27 162d140a-0fab-4c6a-b689-0fa4a380b95f is Over-Utilized.
2023-09-07 14:19:59,965 [main] DEBUG balancer.ContainerBalancerTask (ContainerBalancerTask.java:lambda$initializeIteration$1(453)) - Datanode localhost-186.167.151.234 7b27c286-683a-4db9-9cb5-4b4969ed69cd is Over-Utilized.
2023-09-07 14:19:59,965 [main] DEBUG balancer.ContainerBalancerTask (ContainerBalancerTask.java:lambda$initializeIteration$1(453)) - Datanode localhost-18.242.82.198 9de7025a-3c4d-43e5-ace1-d1822c989288 is Over-Utilized.
2023-09-07 14:19:59,965 [main] DEBUG balancer.ContainerBalancerTask (ContainerBalancerTask.java:lambda$initializeIteration$1(453)) - Datanode localhost-4.9.203.192 4fa9d2c3-c8b1-4bda-b658-b3e22b895836 is Over-Utilized.
2023-09-07 14:19:59,965 [main] DEBUG balancer.ContainerBalancerTask (ContainerBalancerTask.java:lambda$initializeIteration$2(459)) - Datanode localhost-101.167.205.80 2a09c9eb-4c6c-4ddd-8685-51d36d34f95e is Under-Utilized.
2023-09-07 14:19:59,965 [main] DEBUG balancer.ContainerBalancerTask (ContainerBalancerTask.java:lambda$initializeIteration$2(459)) - Datanode localhost-218.0.5.48 859b465c-86c3-427a-9792-6d69a4909237 is Under-Utilized.
2023-09-07 14:19:59,965 [main] DEBUG balancer.ContainerBalancerTask (ContainerBalancerTask.java:lambda$initializeIteration$2(459)) - Datanode localhost-56.32.191.79 49ccf025-7258-460f-b577-1ba18e5cc003 is Under-Utilized.
2023-09-07 14:19:59,967 [main] DEBUG balancer.ContainerBalancerTask (ContainerBalancerTask.java:matchSourceWithTarget(708)) - ContainerBalancer is finding suitable target for source datanode 943c1488-0316-4587-b6f4-6b78954e2a6f
2023-09-07 14:19:59,967 [main] INFO  balancer.ContainerBalancerTask (ContainerBalancerTask.java:matchSourceWithTarget(722)) - ContainerBalancer matched source datanode 943c1488-0316-4587-b6f4-6b78954e2a6f with target datanode 2a09c9eb-4c6c-4ddd-8685-51d36d34f95e for container move.
2023-09-07 14:19:59,967 [main] INFO  balancer.ContainerBalancerTask (ContainerBalancerTask.java:processMoveSelection(569)) - ContainerBalancer is trying to move container #85 with size 5368709120B from source datanode 943c1488-0316-4587-b6f4-6b78954e2a6f to target datanode 2a09c9eb-4c6c-4ddd-8685-51d36d34f95e
2023-09-07 14:19:59,967 [main] DEBUG balancer.ContainerBalancerTask (ContainerBalancerTask.java:lambda$moveContainer$3(837)) - Container move completed for container #85 from source 943c1488-0316-4587-b6f4-6b78954e2a6f to target 2a09c9eb-4c6c-4ddd-8685-51d36d34f95e
2023-09-07 14:19:59,967 [main] DEBUG balancer.ContainerBalancerTask (ContainerBalancerTask.java:adaptOnReachingIterationLimits(782)) - Reached max datanodes to involve limit. 2 datanodes have already been selected for balancing and the limit is 2. Only already selected sources and targets can be involved in balancing now.
2023-09-07 14:19:59,969 [main] DEBUG balancer.ContainerBalancerTask (ContainerBalancerTask.java:matchSourceWithTarget(708)) - ContainerBalancer is finding suitable target for source datanode 943c1488-0316-4587-b6f4-6b78954e2a6f
2023-09-07 14:19:59,969 [main] INFO  balancer.ContainerBalancerTask (ContainerBalancerTask.java:matchSourceWithTarget(722)) - ContainerBalancer matched source datanode 943c1488-0316-4587-b6f4-6b78954e2a6f with target datanode 2a09c9eb-4c6c-4ddd-8685-51d36d34f95e for container move.
2023-09-07 14:19:59,969 [main] INFO  balancer.ContainerBalancerTask (ContainerBalancerTask.java:processMoveSelection(569)) - ContainerBalancer is trying to move container #89 with size 4294967296B from source datanode 943c1488-0316-4587-b6f4-6b78954e2a6f to target datanode 2a09c9eb-4c6c-4ddd-8685-51d36d34f95e
2023-09-07 14:19:59,969 [main] DEBUG balancer.ContainerBalancerTask (ContainerBalancerTask.java:lambda$moveContainer$3(837)) - Container move completed for container #89 from source 943c1488-0316-4587-b6f4-6b78954e2a6f to target 2a09c9eb-4c6c-4ddd-8685-51d36d34f95e
2023-09-07 14:19:59,971 [main] DEBUG balancer.ContainerBalancerTask (ContainerBalancerTask.java:matchSourceWithTarget(708)) - ContainerBalancer is finding suitable target for source datanode 943c1488-0316-4587-b6f4-6b78954e2a6f
2023-09-07 14:19:59,972 [main] INFO  balancer.ContainerBalancerTask (ContainerBalancerTask.java:matchSourceWithTarget(722)) - ContainerBalancer matched source datanode 943c1488-0316-4587-b6f4-6b78954e2a6f with target datanode 2a09c9eb-4c6c-4ddd-8685-51d36d34f95e for container move.
2023-09-07 14:19:59,972 [main] INFO  balancer.ContainerBalancerTask (ContainerBalancerTask.java:processMoveSelection(569)) - ContainerBalancer is trying to move container #86 with size 1073741824B from source datanode 943c1488-0316-4587-b6f4-6b78954e2a6f to target datanode 2a09c9eb-4c6c-4ddd-8685-51d36d34f95e
2023-09-07 14:19:59,972 [main] DEBUG balancer.ContainerBalancerTask (ContainerBalancerTask.java:lambda$moveContainer$3(837)) - Container move completed for container #86 from source 943c1488-0316-4587-b6f4-6b78954e2a6f to target 2a09c9eb-4c6c-4ddd-8685-51d36d34f95e
2023-09-07 14:19:59,974 [main] DEBUG balancer.ContainerBalancerTask (ContainerBalancerTask.java:matchSourceWithTarget(708)) - ContainerBalancer is finding suitable target for source datanode 943c1488-0316-4587-b6f4-6b78954e2a6f
2023-09-07 14:19:59,975 [main] INFO  balancer.FindTargetGreedyByUsageInfo (AbstractFindTargetGreedy.java:findTargetForContainerMove(133)) - Container Balancer could not find a target for source datanode 943c1488-0316-4587-b6f4-6b78954e2a6f
2023-09-07 14:19:59,975 [main] DEBUG balancer.ContainerBalancerTask (ContainerBalancerTask.java:matchSourceWithTarget(717)) - ContainerBalancer could not find a suitable target for source node 943c1488-0316-4587-b6f4-6b78954e2a6f.
2023-09-07 14:19:59,975 [main] INFO  balancer.FindSourceGreedy (FindSourceGreedy.java:getNextCandidateSourceDataNode(126)) - no more candidate source data node
2023-09-07 14:19:59,975 [main] INFO  balancer.ContainerBalancerTask (ContainerBalancerTask.java:checkIterationMoveResults(642)) - Iteration Summary. Number of Datanodes involved: 2. Size moved: 10 GB (10737418240 Bytes). Number of Container moves completed: 3.
2023-09-07 14:19:59,975 [main] INFO  balancer.ContainerBalancerTask (ContainerBalancerTask.java:balance(259)) - Result of this iteration of Container Balancer: ITERATION_COMPLETED
2023-09-07 14:19:59,976 [main] DEBUG balancer.ContainerBalancerTask (ContainerBalancerTask.java:initializeIteration(374)) - Average utilization of the cluster is 0.3759412243823203
2023-09-07 14:19:59,976 [main] DEBUG balancer.ContainerBalancerTask (ContainerBalancerTask.java:initializeIteration(386)) - Lower limit for utilization is 0.27594122438232027 and Upper limit for utilization is 0.47594122438232034
2023-09-07 14:19:59,977 [main] DEBUG balancer.ContainerBalancerTask (ContainerBalancerTask.java:initializeIteration(398)) - Utilization for node 943c1488-0316-4587-b6f4-6b78954e2a6f with capacity 52494044728B, used 47244640256B, and remaining 5249404472B is 0.9000000000152398
2023-09-07 14:19:59,977 [main] DEBUG balancer.ContainerBalancerTask (ContainerBalancerTask.java:initializeIteration(398)) - Utilization for node 162d140a-0fab-4c6a-b689-0fa4a380b95f with capacity 67108864000B, used 53687091200B, and remaining 13421772800B is 0.8
2023-09-07 14:19:59,977 [main] DEBUG balancer.ContainerBalancerTask (ContainerBalancerTask.java:initializeIteration(398)) - Utilization for node 7b27c286-683a-4db9-9cb5-4b4969ed69cd with capacity 81297595245B, used 56908316672B, and remaining 24389278573B is 0.7000000000061503
2023-09-07 14:19:59,977 [main] DEBUG balancer.ContainerBalancerTask (ContainerBalancerTask.java:initializeIteration(398)) - Utilization for node 9de7025a-3c4d-43e5-ace1-d1822c989288 with capacity 76951497386B, used 46170898432B, and remaining 30780598954B is 0.600000000005198
2023-09-07 14:19:59,977 [main] DEBUG balancer.ContainerBalancerTask (ContainerBalancerTask.java:initializeIteration(398)) - Utilization for node 4fa9d2c3-c8b1-4bda-b658-b3e22b895836 with capacity 96636764160B, used 48318382080B, and remaining 48318382080B is 0.5
2023-09-07 14:19:59,977 [main] DEBUG balancer.ContainerBalancerTask (ContainerBalancerTask.java:initializeIteration(398)) - Utilization for node 0d83f560-b9dc-4df6-9839-9e53c8928730 with capacity 110058536960B, used 44023414784B, and remaining 66035122176B is 0.4
2023-09-07 14:19:59,977 [main] DEBUG balancer.ContainerBalancerTask (ContainerBalancerTask.java:initializeIteration(398)) - Utilization for node 3b693604-af32-414c-b301-3de45221f672 with capacity 114532461226B, used 34359738368B, and remaining 80172722858B is 0.3000000000017462
2023-09-07 14:19:59,977 [main] DEBUG balancer.ContainerBalancerTask (ContainerBalancerTask.java:initializeIteration(398)) - Utilization for node 49ccf025-7258-460f-b577-1ba18e5cc003 with capacity 144955146240B, used 28991029248B, and remaining 115964116992B is 0.2
2023-09-07 14:19:59,977 [main] DEBUG balancer.ContainerBalancerTask (ContainerBalancerTask.java:initializeIteration(398)) - Utilization for node 859b465c-86c3-427a-9792-6d69a4909237 with capacity 257698037760B, used 25769803776B, and remaining 231928233984B is 0.1
2023-09-07 14:19:59,977 [main] DEBUG balancer.ContainerBalancerTask (ContainerBalancerTask.java:initializeIteration(398)) - Utilization for node 2a09c9eb-4c6c-4ddd-8685-51d36d34f95e with capacity 23622320128B, used 0B, and remaining 23622320128B is 0.0
2023-09-07 14:19:59,977 [main] INFO  balancer.ContainerBalancerTask (ContainerBalancerTask.java:initializeIteration(447)) - Container Balancer has identified 5 Over-Utilized and 3 Under-Utilized Datanodes that need to be balanced.
2023-09-07 14:19:59,977 [main] DEBUG balancer.ContainerBalancerTask (ContainerBalancerTask.java:lambda$initializeIteration$1(453)) - Datanode localhost-93.17.50.235 943c1488-0316-4587-b6f4-6b78954e2a6f is Over-Utilized.
2023-09-07 14:19:59,977 [main] DEBUG balancer.ContainerBalancerTask (ContainerBalancerTask.java:lambda$initializeIteration$1(453)) - Datanode localhost-12.57.147.27 162d140a-0fab-4c6a-b689-0fa4a380b95f is Over-Utilized.
2023-09-07 14:19:59,978 [main] DEBUG balancer.ContainerBalancerTask (ContainerBalancerTask.java:lambda$initializeIteration$1(453)) - Datanode localhost-186.167.151.234 7b27c286-683a-4db9-9cb5-4b4969ed69cd is Over-Utilized.
2023-09-07 14:19:59,978 [main] DEBUG balancer.ContainerBalancerTask (ContainerBalancerTask.java:lambda$initializeIteration$1(453)) - Datanode localhost-18.242.82.198 9de7025a-3c4d-43e5-ace1-d1822c989288 is Over-Utilized.
2023-09-07 14:19:59,978 [main] DEBUG balancer.ContainerBalancerTask (ContainerBalancerTask.java:lambda$initializeIteration$1(453)) - Datanode localhost-4.9.203.192 4fa9d2c3-c8b1-4bda-b658-b3e22b895836 is Over-Utilized.
2023-09-07 14:19:59,978 [main] DEBUG balancer.ContainerBalancerTask (ContainerBalancerTask.java:lambda$initializeIteration$2(459)) - Datanode localhost-101.167.205.80 2a09c9eb-4c6c-4ddd-8685-51d36d34f95e is Under-Utilized.
2023-09-07 14:19:59,978 [main] DEBUG balancer.ContainerBalancerTask (ContainerBalancerTask.java:lambda$initializeIteration$2(459)) - Datanode localhost-218.0.5.48 859b465c-86c3-427a-9792-6d69a4909237 is Under-Utilized.
2023-09-07 14:19:59,978 [main] DEBUG balancer.ContainerBalancerTask (ContainerBalancerTask.java:lambda$initializeIteration$2(459)) - Datanode localhost-56.32.191.79 49ccf025-7258-460f-b577-1ba18e5cc003 is Under-Utilized.
2023-09-07 14:19:59,980 [main] DEBUG balancer.ContainerBalancerTask (ContainerBalancerTask.java:matchSourceWithTarget(708)) - ContainerBalancer is finding suitable target for source datanode 943c1488-0316-4587-b6f4-6b78954e2a6f
2023-09-07 14:19:59,980 [main] INFO  balancer.ContainerBalancerTask (ContainerBalancerTask.java:matchSourceWithTarget(722)) - ContainerBalancer matched source datanode 943c1488-0316-4587-b6f4-6b78954e2a6f with target datanode 2a09c9eb-4c6c-4ddd-8685-51d36d34f95e for container move.
2023-09-07 14:19:59,980 [main] INFO  balancer.ContainerBalancerTask (ContainerBalancerTask.java:processMoveSelection(569)) - ContainerBalancer is trying to move container #85 with size 5368709120B from source datanode 943c1488-0316-4587-b6f4-6b78954e2a6f to target datanode 2a09c9eb-4c6c-4ddd-8685-51d36d34f95e
2023-09-07 14:19:59,980 [main] DEBUG balancer.ContainerBalancerTask (ContainerBalancerTask.java:lambda$moveContainer$3(837)) - Container move completed for container #85 from source 943c1488-0316-4587-b6f4-6b78954e2a6f to target 2a09c9eb-4c6c-4ddd-8685-51d36d34f95e
2023-09-07 14:19:59,980 [main] DEBUG balancer.ContainerBalancerTask (ContainerBalancerTask.java:adaptOnReachingIterationLimits(782)) - Reached max datanodes to involve limit. 2 datanodes have already been selected for balancing and the limit is 2. Only already selected sources and targets can be involved in balancing now.
2023-09-07 14:19:59,982 [main] DEBUG balancer.ContainerBalancerTask (ContainerBalancerTask.java:matchSourceWithTarget(708)) - ContainerBalancer is finding suitable target for source datanode 943c1488-0316-4587-b6f4-6b78954e2a6f
2023-09-07 14:19:59,982 [main] INFO  balancer.ContainerBalancerTask (ContainerBalancerTask.java:matchSourceWithTarget(722)) - ContainerBalancer matched source datanode 943c1488-0316-4587-b6f4-6b78954e2a6f with target datanode 2a09c9eb-4c6c-4ddd-8685-51d36d34f95e for container move.
2023-09-07 14:19:59,982 [main] INFO  balancer.ContainerBalancerTask (ContainerBalancerTask.java:processMoveSelection(569)) - ContainerBalancer is trying to move container #89 with size 4294967296B from source datanode 943c1488-0316-4587-b6f4-6b78954e2a6f to target datanode 2a09c9eb-4c6c-4ddd-8685-51d36d34f95e
2023-09-07 14:19:59,982 [main] DEBUG balancer.ContainerBalancerTask (ContainerBalancerTask.java:lambda$moveContainer$3(837)) - Container move completed for container #89 from source 943c1488-0316-4587-b6f4-6b78954e2a6f to target 2a09c9eb-4c6c-4ddd-8685-51d36d34f95e
2023-09-07 14:19:59,984 [main] DEBUG balancer.ContainerBalancerTask (ContainerBalancerTask.java:matchSourceWithTarget(708)) - ContainerBalancer is finding suitable target for source datanode 943c1488-0316-4587-b6f4-6b78954e2a6f
2023-09-07 14:19:59,985 [main] INFO  balancer.ContainerBalancerTask (ContainerBalancerTask.java:matchSourceWithTarget(722)) - ContainerBalancer matched source datanode 943c1488-0316-4587-b6f4-6b78954e2a6f with target datanode 2a09c9eb-4c6c-4ddd-8685-51d36d34f95e for container move.
2023-09-07 14:19:59,985 [main] INFO  balancer.ContainerBalancerTask (ContainerBalancerTask.java:processMoveSelection(569)) - ContainerBalancer is trying to move container #86 with size 1073741824B from source datanode 943c1488-0316-4587-b6f4-6b78954e2a6f to target datanode 2a09c9eb-4c6c-4ddd-8685-51d36d34f95e
2023-09-07 14:19:59,985 [main] DEBUG balancer.ContainerBalancerTask (ContainerBalancerTask.java:lambda$moveContainer$3(837)) - Container move completed for container #86 from source 943c1488-0316-4587-b6f4-6b78954e2a6f to target 2a09c9eb-4c6c-4ddd-8685-51d36d34f95e
2023-09-07 14:19:59,987 [main] DEBUG balancer.ContainerBalancerTask (ContainerBalancerTask.java:matchSourceWithTarget(708)) - ContainerBalancer is finding suitable target for source datanode 943c1488-0316-4587-b6f4-6b78954e2a6f
2023-09-07 14:19:59,987 [main] INFO  balancer.FindTargetGreedyByUsageInfo (AbstractFindTargetGreedy.java:findTargetForContainerMove(133)) - Container Balancer could not find a target for source datanode 943c1488-0316-4587-b6f4-6b78954e2a6f
2023-09-07 14:19:59,987 [main] DEBUG balancer.ContainerBalancerTask (ContainerBalancerTask.java:matchSourceWithTarget(717)) - ContainerBalancer could not find a suitable target for source node 943c1488-0316-4587-b6f4-6b78954e2a6f.
2023-09-07 14:19:59,988 [main] INFO  balancer.FindSourceGreedy (FindSourceGreedy.java:getNextCandidateSourceDataNode(126)) - no more candidate source data node
2023-09-07 14:19:59,988 [main] INFO  balancer.ContainerBalancerTask (ContainerBalancerTask.java:checkIterationMoveResults(642)) - Iteration Summary. Number of Datanodes involved: 2. Size moved: 10 GB (10737418240 Bytes). Number of Container moves completed: 3.
2023-09-07 14:19:59,988 [main] INFO  balancer.ContainerBalancerTask (ContainerBalancerTask.java:balance(259)) - Result of this iteration of Container Balancer: ITERATION_COMPLETED
2023-09-07 14:19:59,988 [main] INFO  balancer.ContainerBalancerTask (ContainerBalancerTask.java:tryStopWithSaveConfiguration(308)) - Save Configuration for stopping. Reason: Completed all iterations.
]]></system-out>
  </testcase>
  <testcase name="selectedContainerShouldNotAlreadyHaveBeenSelected" classname="org.apache.hadoop.hdds.scm.container.balancer.TestContainerBalancerTask" time="0.129">
    <system-out><![CDATA[2023-09-07 14:20:00,010 [main] INFO  net.NodeSchemaLoader (NodeSchemaLoader.java:loadSchemaFromFile(129)) - Loading schema from [file:/home/runner/work/ozone/ozone/hadoop-hdds/common/target/classes/network-topology-default.xml]
2023-09-07 14:20:00,010 [main] INFO  net.NodeSchemaLoader (NodeSchemaLoader.java:loadSchema(176)) - Loading network topology layer schema file
2023-09-07 14:20:00,012 [main] INFO  net.NetworkTopologyImpl (NetworkTopologyImpl.java:add(112)) - Added a new node: /default-rack/c11a30ca-2509-46c6-b0a6-f65e0f4c5d59
2023-09-07 14:20:00,012 [main] INFO  net.NetworkTopologyImpl (NetworkTopologyImpl.java:add(112)) - Added a new node: /default-rack/9390e377-78c6-4612-96ef-ba9f934afe5b
2023-09-07 14:20:00,012 [main] INFO  net.NetworkTopologyImpl (NetworkTopologyImpl.java:add(112)) - Added a new node: /default-rack/faf5de21-1442-43cb-8121-ded6d03e8393
2023-09-07 14:20:00,012 [main] INFO  net.NetworkTopologyImpl (NetworkTopologyImpl.java:add(112)) - Added a new node: /default-rack/96586da6-de67-4438-b28c-c001482c80e7
2023-09-07 14:20:00,012 [main] INFO  net.NetworkTopologyImpl (NetworkTopologyImpl.java:add(112)) - Added a new node: /default-rack/05ef3350-bcfb-4322-a657-fbcfab733cca
2023-09-07 14:20:00,012 [main] INFO  net.NetworkTopologyImpl (NetworkTopologyImpl.java:add(112)) - Added a new node: /default-rack/0ed44020-339b-4076-9559-fe8fc0bbba6c
2023-09-07 14:20:00,012 [main] INFO  net.NetworkTopologyImpl (NetworkTopologyImpl.java:add(112)) - Added a new node: /default-rack/4881e92f-c419-47a0-9706-18b5c685461c
2023-09-07 14:20:00,012 [main] INFO  net.NetworkTopologyImpl (NetworkTopologyImpl.java:add(112)) - Added a new node: /default-rack/00d022cc-88e6-46eb-8e13-859009325d4f
2023-09-07 14:20:00,012 [main] INFO  net.NetworkTopologyImpl (NetworkTopologyImpl.java:add(112)) - Added a new node: /default-rack/ed70e611-382d-488b-9630-49e4711ce980
2023-09-07 14:20:00,013 [main] INFO  net.NetworkTopologyImpl (NetworkTopologyImpl.java:add(112)) - Added a new node: /default-rack/a25b5a4c-f6d2-4c2c-91c3-27551c9e807e
2023-09-07 14:20:00,013 [main] INFO  algorithms.ContainerPlacementPolicyFactory (ContainerPlacementPolicyFactory.java:getPolicyInternal(86)) - Create container placement policy of type org.apache.hadoop.hdds.scm.container.placement.algorithms.SCMContainerPlacementRackAware
2023-09-07 14:20:00,013 [main] INFO  algorithms.ContainerPlacementPolicyFactory (ContainerPlacementPolicyFactory.java:getPolicyInternal(86)) - Create container placement policy of type org.apache.hadoop.hdds.scm.container.placement.algorithms.SCMContainerPlacementRackScatter
2023-09-07 14:20:00,016 [main] DEBUG balancer.ContainerBalancerTask (ContainerBalancerTask.java:initializeIteration(374)) - Average utilization of the cluster is 0.3330947234139407
2023-09-07 14:20:00,016 [main] DEBUG balancer.ContainerBalancerTask (ContainerBalancerTask.java:initializeIteration(386)) - Lower limit for utilization is 0.2330947234139407 and Upper limit for utilization is 0.43309472341394073
2023-09-07 14:20:00,016 [main] DEBUG balancer.ContainerBalancerTask (ContainerBalancerTask.java:initializeIteration(398)) - Utilization for node a25b5a4c-f6d2-4c2c-91c3-27551c9e807e with capacity 72775834737B, used 65498251264B, and remaining 7277583473B is 0.9000000000096186
2023-09-07 14:20:00,016 [main] DEBUG balancer.ContainerBalancerTask (ContainerBalancerTask.java:initializeIteration(398)) - Utilization for node 05ef3350-bcfb-4322-a657-fbcfab733cca with capacity 56371445760B, used 45097156608B, and remaining 11274289152B is 0.8
2023-09-07 14:20:00,017 [main] DEBUG balancer.ContainerBalancerTask (ContainerBalancerTask.java:initializeIteration(398)) - Utilization for node 4881e92f-c419-47a0-9706-18b5c685461c with capacity 88967179702B, used 62277025792B, and remaining 26690153910B is 0.700000000006744
2023-09-07 14:20:00,017 [main] DEBUG balancer.ContainerBalancerTask (ContainerBalancerTask.java:initializeIteration(398)) - Utilization for node 9390e377-78c6-4612-96ef-ba9f934afe5b with capacity 39370533546B, used 23622320128B, and remaining 15748213418B is 0.6000000000101599
2023-09-07 14:20:00,017 [main] DEBUG balancer.ContainerBalancerTask (ContainerBalancerTask.java:initializeIteration(398)) - Utilization for node 96586da6-de67-4438-b28c-c001482c80e7 with capacity 88046829568B, used 44023414784B, and remaining 44023414784B is 0.5
2023-09-07 14:20:00,017 [main] DEBUG balancer.ContainerBalancerTask (ContainerBalancerTask.java:initializeIteration(398)) - Utilization for node 0ed44020-339b-4076-9559-fe8fc0bbba6c with capacity 96636764160B, used 38654705664B, and remaining 57982058496B is 0.4
2023-09-07 14:20:00,017 [main] DEBUG balancer.ContainerBalancerTask (ContainerBalancerTask.java:initializeIteration(398)) - Utilization for node c11a30ca-2509-46c6-b0a6-f65e0f4c5d59 with capacity 139586437120B, used 41875931136B, and remaining 97710505984B is 0.3
2023-09-07 14:20:00,017 [main] DEBUG balancer.ContainerBalancerTask (ContainerBalancerTask.java:initializeIteration(398)) - Utilization for node ed70e611-382d-488b-9630-49e4711ce980 with capacity 204010946560B, used 40802189312B, and remaining 163208757248B is 0.2
2023-09-07 14:20:00,017 [main] DEBUG balancer.ContainerBalancerTask (ContainerBalancerTask.java:initializeIteration(398)) - Utilization for node 00d022cc-88e6-46eb-8e13-859009325d4f with capacity 386547056640B, used 38654705664B, and remaining 347892350976B is 0.1
2023-09-07 14:20:00,017 [main] DEBUG balancer.ContainerBalancerTask (ContainerBalancerTask.java:initializeIteration(398)) - Utilization for node faf5de21-1442-43cb-8121-ded6d03e8393 with capacity 30064771072B, used 0B, and remaining 30064771072B is 0.0
2023-09-07 14:20:00,017 [main] INFO  balancer.ContainerBalancerTask (ContainerBalancerTask.java:initializeIteration(447)) - Container Balancer has identified 5 Over-Utilized and 3 Under-Utilized Datanodes that need to be balanced.
2023-09-07 14:20:00,017 [main] DEBUG balancer.ContainerBalancerTask (ContainerBalancerTask.java:lambda$initializeIteration$1(453)) - Datanode localhost-75.240.76.182 a25b5a4c-f6d2-4c2c-91c3-27551c9e807e is Over-Utilized.
2023-09-07 14:20:00,017 [main] DEBUG balancer.ContainerBalancerTask (ContainerBalancerTask.java:lambda$initializeIteration$1(453)) - Datanode localhost-226.245.30.209 05ef3350-bcfb-4322-a657-fbcfab733cca is Over-Utilized.
2023-09-07 14:20:00,017 [main] DEBUG balancer.ContainerBalancerTask (ContainerBalancerTask.java:lambda$initializeIteration$1(453)) - Datanode localhost-140.110.85.209 4881e92f-c419-47a0-9706-18b5c685461c is Over-Utilized.
2023-09-07 14:20:00,018 [main] DEBUG balancer.ContainerBalancerTask (ContainerBalancerTask.java:lambda$initializeIteration$1(453)) - Datanode localhost-6.228.249.12 9390e377-78c6-4612-96ef-ba9f934afe5b is Over-Utilized.
2023-09-07 14:20:00,018 [main] DEBUG balancer.ContainerBalancerTask (ContainerBalancerTask.java:lambda$initializeIteration$1(453)) - Datanode localhost-74.12.253.62 96586da6-de67-4438-b28c-c001482c80e7 is Over-Utilized.
2023-09-07 14:20:00,018 [main] DEBUG balancer.ContainerBalancerTask (ContainerBalancerTask.java:lambda$initializeIteration$2(459)) - Datanode localhost-29.245.128.185 faf5de21-1442-43cb-8121-ded6d03e8393 is Under-Utilized.
2023-09-07 14:20:00,018 [main] DEBUG balancer.ContainerBalancerTask (ContainerBalancerTask.java:lambda$initializeIteration$2(459)) - Datanode localhost-116.184.176.13 00d022cc-88e6-46eb-8e13-859009325d4f is Under-Utilized.
2023-09-07 14:20:00,018 [main] DEBUG balancer.ContainerBalancerTask (ContainerBalancerTask.java:lambda$initializeIteration$2(459)) - Datanode localhost-52.31.221.11 ed70e611-382d-488b-9630-49e4711ce980 is Under-Utilized.
2023-09-07 14:20:00,020 [main] DEBUG balancer.ContainerBalancerTask (ContainerBalancerTask.java:matchSourceWithTarget(708)) - ContainerBalancer is finding suitable target for source datanode a25b5a4c-f6d2-4c2c-91c3-27551c9e807e
2023-09-07 14:20:00,021 [main] INFO  balancer.ContainerBalancerTask (ContainerBalancerTask.java:matchSourceWithTarget(722)) - ContainerBalancer matched source datanode a25b5a4c-f6d2-4c2c-91c3-27551c9e807e with target datanode faf5de21-1442-43cb-8121-ded6d03e8393 for container move.
2023-09-07 14:20:00,021 [main] INFO  balancer.ContainerBalancerTask (ContainerBalancerTask.java:processMoveSelection(569)) - ContainerBalancer is trying to move container #68 with size 5368709120B from source datanode a25b5a4c-f6d2-4c2c-91c3-27551c9e807e to target datanode faf5de21-1442-43cb-8121-ded6d03e8393
2023-09-07 14:20:00,021 [main] DEBUG balancer.ContainerBalancerTask (ContainerBalancerTask.java:lambda$moveContainer$3(837)) - Container move completed for container #68 from source a25b5a4c-f6d2-4c2c-91c3-27551c9e807e to target faf5de21-1442-43cb-8121-ded6d03e8393
2023-09-07 14:20:00,023 [main] DEBUG balancer.ContainerBalancerTask (ContainerBalancerTask.java:matchSourceWithTarget(708)) - ContainerBalancer is finding suitable target for source datanode a25b5a4c-f6d2-4c2c-91c3-27551c9e807e
2023-09-07 14:20:00,024 [main] INFO  balancer.ContainerBalancerTask (ContainerBalancerTask.java:matchSourceWithTarget(722)) - ContainerBalancer matched source datanode a25b5a4c-f6d2-4c2c-91c3-27551c9e807e with target datanode 00d022cc-88e6-46eb-8e13-859009325d4f for container move.
2023-09-07 14:20:00,024 [main] INFO  balancer.ContainerBalancerTask (ContainerBalancerTask.java:processMoveSelection(569)) - ContainerBalancer is trying to move container #84 with size 4294967296B from source datanode a25b5a4c-f6d2-4c2c-91c3-27551c9e807e to target datanode 00d022cc-88e6-46eb-8e13-859009325d4f
2023-09-07 14:20:00,024 [main] DEBUG balancer.ContainerBalancerTask (ContainerBalancerTask.java:lambda$moveContainer$3(837)) - Container move completed for container #84 from source a25b5a4c-f6d2-4c2c-91c3-27551c9e807e to target 00d022cc-88e6-46eb-8e13-859009325d4f
2023-09-07 14:20:00,025 [main] DEBUG balancer.ContainerBalancerTask (ContainerBalancerTask.java:matchSourceWithTarget(708)) - ContainerBalancer is finding suitable target for source datanode 05ef3350-bcfb-4322-a657-fbcfab733cca
2023-09-07 14:20:00,026 [main] INFO  balancer.ContainerBalancerTask (ContainerBalancerTask.java:matchSourceWithTarget(722)) - ContainerBalancer matched source datanode 05ef3350-bcfb-4322-a657-fbcfab733cca with target datanode 00d022cc-88e6-46eb-8e13-859009325d4f for container move.
2023-09-07 14:20:00,026 [main] INFO  balancer.ContainerBalancerTask (ContainerBalancerTask.java:processMoveSelection(569)) - ContainerBalancer is trying to move container #66 with size 3221225472B from source datanode 05ef3350-bcfb-4322-a657-fbcfab733cca to target datanode 00d022cc-88e6-46eb-8e13-859009325d4f
2023-09-07 14:20:00,026 [main] DEBUG balancer.ContainerBalancerTask (ContainerBalancerTask.java:lambda$moveContainer$3(837)) - Container move completed for container #66 from source 05ef3350-bcfb-4322-a657-fbcfab733cca to target 00d022cc-88e6-46eb-8e13-859009325d4f
2023-09-07 14:20:00,028 [main] DEBUG balancer.ContainerBalancerTask (ContainerBalancerTask.java:matchSourceWithTarget(708)) - ContainerBalancer is finding suitable target for source datanode a25b5a4c-f6d2-4c2c-91c3-27551c9e807e
2023-09-07 14:20:00,029 [main] INFO  balancer.ContainerBalancerTask (ContainerBalancerTask.java:matchSourceWithTarget(722)) - ContainerBalancer matched source datanode a25b5a4c-f6d2-4c2c-91c3-27551c9e807e with target datanode 00d022cc-88e6-46eb-8e13-859009325d4f for container move.
2023-09-07 14:20:00,029 [main] INFO  balancer.ContainerBalancerTask (ContainerBalancerTask.java:processMoveSelection(569)) - ContainerBalancer is trying to move container #52 with size 4294967296B from source datanode a25b5a4c-f6d2-4c2c-91c3-27551c9e807e to target datanode 00d022cc-88e6-46eb-8e13-859009325d4f
2023-09-07 14:20:00,029 [main] DEBUG balancer.ContainerBalancerTask (ContainerBalancerTask.java:lambda$moveContainer$3(837)) - Container move completed for container #52 from source a25b5a4c-f6d2-4c2c-91c3-27551c9e807e to target 00d022cc-88e6-46eb-8e13-859009325d4f
2023-09-07 14:20:00,030 [main] DEBUG balancer.ContainerBalancerTask (ContainerBalancerTask.java:matchSourceWithTarget(708)) - ContainerBalancer is finding suitable target for source datanode 05ef3350-bcfb-4322-a657-fbcfab733cca
2023-09-07 14:20:00,031 [main] INFO  balancer.ContainerBalancerTask (ContainerBalancerTask.java:matchSourceWithTarget(722)) - ContainerBalancer matched source datanode 05ef3350-bcfb-4322-a657-fbcfab733cca with target datanode 00d022cc-88e6-46eb-8e13-859009325d4f for container move.
2023-09-07 14:20:00,031 [main] INFO  balancer.ContainerBalancerTask (ContainerBalancerTask.java:processMoveSelection(569)) - ContainerBalancer is trying to move container #70 with size 2147483648B from source datanode 05ef3350-bcfb-4322-a657-fbcfab733cca to target datanode 00d022cc-88e6-46eb-8e13-859009325d4f
2023-09-07 14:20:00,031 [main] DEBUG balancer.ContainerBalancerTask (ContainerBalancerTask.java:lambda$moveContainer$3(837)) - Container move completed for container #70 from source 05ef3350-bcfb-4322-a657-fbcfab733cca to target 00d022cc-88e6-46eb-8e13-859009325d4f
2023-09-07 14:20:00,034 [main] DEBUG balancer.ContainerBalancerTask (ContainerBalancerTask.java:matchSourceWithTarget(708)) - ContainerBalancer is finding suitable target for source datanode a25b5a4c-f6d2-4c2c-91c3-27551c9e807e
2023-09-07 14:20:00,034 [main] INFO  balancer.ContainerBalancerTask (ContainerBalancerTask.java:matchSourceWithTarget(722)) - ContainerBalancer matched source datanode a25b5a4c-f6d2-4c2c-91c3-27551c9e807e with target datanode 00d022cc-88e6-46eb-8e13-859009325d4f for container move.
2023-09-07 14:20:00,034 [main] INFO  balancer.ContainerBalancerTask (ContainerBalancerTask.java:processMoveSelection(569)) - ContainerBalancer is trying to move container #50 with size 2147483648B from source datanode a25b5a4c-f6d2-4c2c-91c3-27551c9e807e to target datanode 00d022cc-88e6-46eb-8e13-859009325d4f
2023-09-07 14:20:00,034 [main] DEBUG balancer.ContainerBalancerTask (ContainerBalancerTask.java:lambda$moveContainer$3(837)) - Container move completed for container #50 from source a25b5a4c-f6d2-4c2c-91c3-27551c9e807e to target 00d022cc-88e6-46eb-8e13-859009325d4f
2023-09-07 14:20:00,036 [main] DEBUG balancer.ContainerBalancerTask (ContainerBalancerTask.java:matchSourceWithTarget(708)) - ContainerBalancer is finding suitable target for source datanode 05ef3350-bcfb-4322-a657-fbcfab733cca
2023-09-07 14:20:00,036 [main] INFO  balancer.ContainerBalancerTask (ContainerBalancerTask.java:matchSourceWithTarget(722)) - ContainerBalancer matched source datanode 05ef3350-bcfb-4322-a657-fbcfab733cca with target datanode 00d022cc-88e6-46eb-8e13-859009325d4f for container move.
2023-09-07 14:20:00,036 [main] INFO  balancer.ContainerBalancerTask (ContainerBalancerTask.java:processMoveSelection(569)) - ContainerBalancer is trying to move container #64 with size 1073741824B from source datanode 05ef3350-bcfb-4322-a657-fbcfab733cca to target datanode 00d022cc-88e6-46eb-8e13-859009325d4f
2023-09-07 14:20:00,036 [main] DEBUG balancer.ContainerBalancerTask (ContainerBalancerTask.java:lambda$moveContainer$3(837)) - Container move completed for container #64 from source 05ef3350-bcfb-4322-a657-fbcfab733cca to target 00d022cc-88e6-46eb-8e13-859009325d4f
2023-09-07 14:20:00,039 [main] DEBUG balancer.ContainerBalancerTask (ContainerBalancerTask.java:matchSourceWithTarget(708)) - ContainerBalancer is finding suitable target for source datanode 4881e92f-c419-47a0-9706-18b5c685461c
2023-09-07 14:20:00,039 [main] INFO  balancer.ContainerBalancerTask (ContainerBalancerTask.java:matchSourceWithTarget(722)) - ContainerBalancer matched source datanode 4881e92f-c419-47a0-9706-18b5c685461c with target datanode 00d022cc-88e6-46eb-8e13-859009325d4f for container move.
2023-09-07 14:20:00,039 [main] INFO  balancer.ContainerBalancerTask (ContainerBalancerTask.java:processMoveSelection(569)) - ContainerBalancer is trying to move container #26 with size 2147483648B from source datanode 4881e92f-c419-47a0-9706-18b5c685461c to target datanode 00d022cc-88e6-46eb-8e13-859009325d4f
2023-09-07 14:20:00,039 [main] DEBUG balancer.ContainerBalancerTask (ContainerBalancerTask.java:lambda$moveContainer$3(837)) - Container move completed for container #26 from source 4881e92f-c419-47a0-9706-18b5c685461c to target 00d022cc-88e6-46eb-8e13-859009325d4f
2023-09-07 14:20:00,041 [main] DEBUG balancer.ContainerBalancerTask (ContainerBalancerTask.java:matchSourceWithTarget(708)) - ContainerBalancer is finding suitable target for source datanode 05ef3350-bcfb-4322-a657-fbcfab733cca
2023-09-07 14:20:00,041 [main] INFO  balancer.ContainerBalancerTask (ContainerBalancerTask.java:matchSourceWithTarget(722)) - ContainerBalancer matched source datanode 05ef3350-bcfb-4322-a657-fbcfab733cca with target datanode faf5de21-1442-43cb-8121-ded6d03e8393 for container move.
2023-09-07 14:20:00,041 [main] INFO  balancer.ContainerBalancerTask (ContainerBalancerTask.java:processMoveSelection(569)) - ContainerBalancer is trying to move container #28 with size 4294967296B from source datanode 05ef3350-bcfb-4322-a657-fbcfab733cca to target datanode faf5de21-1442-43cb-8121-ded6d03e8393
2023-09-07 14:20:00,042 [main] DEBUG balancer.ContainerBalancerTask (ContainerBalancerTask.java:lambda$moveContainer$3(837)) - Container move completed for container #28 from source 05ef3350-bcfb-4322-a657-fbcfab733cca to target faf5de21-1442-43cb-8121-ded6d03e8393
2023-09-07 14:20:00,045 [main] DEBUG balancer.ContainerBalancerTask (ContainerBalancerTask.java:matchSourceWithTarget(708)) - ContainerBalancer is finding suitable target for source datanode a25b5a4c-f6d2-4c2c-91c3-27551c9e807e
2023-09-07 14:20:00,045 [main] INFO  balancer.ContainerBalancerTask (ContainerBalancerTask.java:matchSourceWithTarget(722)) - ContainerBalancer matched source datanode a25b5a4c-f6d2-4c2c-91c3-27551c9e807e with target datanode 00d022cc-88e6-46eb-8e13-859009325d4f for container move.
2023-09-07 14:20:00,045 [main] INFO  balancer.ContainerBalancerTask (ContainerBalancerTask.java:processMoveSelection(569)) - ContainerBalancer is trying to move container #86 with size 1073741824B from source datanode a25b5a4c-f6d2-4c2c-91c3-27551c9e807e to target datanode 00d022cc-88e6-46eb-8e13-859009325d4f
2023-09-07 14:20:00,045 [main] DEBUG balancer.ContainerBalancerTask (ContainerBalancerTask.java:lambda$moveContainer$3(837)) - Container move completed for container #86 from source a25b5a4c-f6d2-4c2c-91c3-27551c9e807e to target 00d022cc-88e6-46eb-8e13-859009325d4f
2023-09-07 14:20:00,048 [main] DEBUG balancer.ContainerBalancerTask (ContainerBalancerTask.java:matchSourceWithTarget(708)) - ContainerBalancer is finding suitable target for source datanode 4881e92f-c419-47a0-9706-18b5c685461c
2023-09-07 14:20:00,048 [main] INFO  balancer.ContainerBalancerTask (ContainerBalancerTask.java:matchSourceWithTarget(722)) - ContainerBalancer matched source datanode 4881e92f-c419-47a0-9706-18b5c685461c with target datanode 00d022cc-88e6-46eb-8e13-859009325d4f for container move.
2023-09-07 14:20:00,048 [main] INFO  balancer.ContainerBalancerTask (ContainerBalancerTask.java:processMoveSelection(569)) - ContainerBalancer is trying to move container #10 with size 2147483648B from source datanode 4881e92f-c419-47a0-9706-18b5c685461c to target datanode 00d022cc-88e6-46eb-8e13-859009325d4f
2023-09-07 14:20:00,049 [main] DEBUG balancer.ContainerBalancerTask (ContainerBalancerTask.java:lambda$moveContainer$3(837)) - Container move completed for container #10 from source 4881e92f-c419-47a0-9706-18b5c685461c to target 00d022cc-88e6-46eb-8e13-859009325d4f
2023-09-07 14:20:00,052 [main] DEBUG balancer.ContainerBalancerTask (ContainerBalancerTask.java:matchSourceWithTarget(708)) - ContainerBalancer is finding suitable target for source datanode a25b5a4c-f6d2-4c2c-91c3-27551c9e807e
2023-09-07 14:20:00,052 [main] INFO  balancer.ContainerBalancerTask (ContainerBalancerTask.java:matchSourceWithTarget(722)) - ContainerBalancer matched source datanode a25b5a4c-f6d2-4c2c-91c3-27551c9e807e with target datanode ed70e611-382d-488b-9630-49e4711ce980 for container move.
2023-09-07 14:20:00,052 [main] INFO  balancer.ContainerBalancerTask (ContainerBalancerTask.java:processMoveSelection(569)) - ContainerBalancer is trying to move container #88 with size 3221225472B from source datanode a25b5a4c-f6d2-4c2c-91c3-27551c9e807e to target datanode ed70e611-382d-488b-9630-49e4711ce980
2023-09-07 14:20:00,052 [main] DEBUG balancer.ContainerBalancerTask (ContainerBalancerTask.java:lambda$moveContainer$3(837)) - Container move completed for container #88 from source a25b5a4c-f6d2-4c2c-91c3-27551c9e807e to target ed70e611-382d-488b-9630-49e4711ce980
2023-09-07 14:20:00,055 [main] DEBUG balancer.ContainerBalancerTask (ContainerBalancerTask.java:matchSourceWithTarget(708)) - ContainerBalancer is finding suitable target for source datanode 4881e92f-c419-47a0-9706-18b5c685461c
2023-09-07 14:20:00,055 [main] INFO  balancer.ContainerBalancerTask (ContainerBalancerTask.java:matchSourceWithTarget(722)) - ContainerBalancer matched source datanode 4881e92f-c419-47a0-9706-18b5c685461c with target datanode 00d022cc-88e6-46eb-8e13-859009325d4f for container move.
2023-09-07 14:20:00,056 [main] INFO  balancer.ContainerBalancerTask (ContainerBalancerTask.java:processMoveSelection(569)) - ContainerBalancer is trying to move container #54 with size 1073741824B from source datanode 4881e92f-c419-47a0-9706-18b5c685461c to target datanode 00d022cc-88e6-46eb-8e13-859009325d4f
2023-09-07 14:20:00,056 [main] DEBUG balancer.ContainerBalancerTask (ContainerBalancerTask.java:lambda$moveContainer$3(837)) - Container move completed for container #54 from source 4881e92f-c419-47a0-9706-18b5c685461c to target 00d022cc-88e6-46eb-8e13-859009325d4f
2023-09-07 14:20:00,059 [main] DEBUG balancer.ContainerBalancerTask (ContainerBalancerTask.java:matchSourceWithTarget(701)) - ContainerBalancer could not find any candidate containers for datanode 4881e92f-c419-47a0-9706-18b5c685461c
2023-09-07 14:20:00,062 [main] DEBUG balancer.ContainerBalancerTask (ContainerBalancerTask.java:matchSourceWithTarget(708)) - ContainerBalancer is finding suitable target for source datanode a25b5a4c-f6d2-4c2c-91c3-27551c9e807e
2023-09-07 14:20:00,062 [main] INFO  balancer.ContainerBalancerTask (ContainerBalancerTask.java:matchSourceWithTarget(722)) - ContainerBalancer matched source datanode a25b5a4c-f6d2-4c2c-91c3-27551c9e807e with target datanode ed70e611-382d-488b-9630-49e4711ce980 for container move.
2023-09-07 14:20:00,063 [main] INFO  balancer.ContainerBalancerTask (ContainerBalancerTask.java:processMoveSelection(569)) - ContainerBalancer is trying to move container #82 with size 2147483648B from source datanode a25b5a4c-f6d2-4c2c-91c3-27551c9e807e to target datanode ed70e611-382d-488b-9630-49e4711ce980
2023-09-07 14:20:00,063 [main] DEBUG balancer.ContainerBalancerTask (ContainerBalancerTask.java:lambda$moveContainer$3(837)) - Container move completed for container #82 from source a25b5a4c-f6d2-4c2c-91c3-27551c9e807e to target ed70e611-382d-488b-9630-49e4711ce980
2023-09-07 14:20:00,065 [main] DEBUG balancer.ContainerBalancerTask (ContainerBalancerTask.java:matchSourceWithTarget(701)) - ContainerBalancer could not find any candidate containers for datanode 05ef3350-bcfb-4322-a657-fbcfab733cca
2023-09-07 14:20:00,066 [main] DEBUG balancer.ContainerBalancerTask (ContainerBalancerTask.java:matchSourceWithTarget(708)) - ContainerBalancer is finding suitable target for source datanode 9390e377-78c6-4612-96ef-ba9f934afe5b
2023-09-07 14:20:00,066 [main] INFO  balancer.ContainerBalancerTask (ContainerBalancerTask.java:matchSourceWithTarget(722)) - ContainerBalancer matched source datanode 9390e377-78c6-4612-96ef-ba9f934afe5b with target datanode 00d022cc-88e6-46eb-8e13-859009325d4f for container move.
2023-09-07 14:20:00,066 [main] INFO  balancer.ContainerBalancerTask (ContainerBalancerTask.java:processMoveSelection(569)) - ContainerBalancer is trying to move container #40 with size 5368709120B from source datanode 9390e377-78c6-4612-96ef-ba9f934afe5b to target datanode 00d022cc-88e6-46eb-8e13-859009325d4f
2023-09-07 14:20:00,066 [main] DEBUG balancer.ContainerBalancerTask (ContainerBalancerTask.java:lambda$moveContainer$3(837)) - Container move completed for container #40 from source 9390e377-78c6-4612-96ef-ba9f934afe5b to target 00d022cc-88e6-46eb-8e13-859009325d4f
2023-09-07 14:20:00,070 [main] DEBUG balancer.ContainerBalancerTask (ContainerBalancerTask.java:matchSourceWithTarget(701)) - ContainerBalancer could not find any candidate containers for datanode a25b5a4c-f6d2-4c2c-91c3-27551c9e807e
2023-09-07 14:20:00,071 [main] DEBUG balancer.ContainerBalancerTask (ContainerBalancerTask.java:matchSourceWithTarget(708)) - ContainerBalancer is finding suitable target for source datanode 96586da6-de67-4438-b28c-c001482c80e7
2023-09-07 14:20:00,071 [main] INFO  balancer.ContainerBalancerTask (ContainerBalancerTask.java:matchSourceWithTarget(722)) - ContainerBalancer matched source datanode 96586da6-de67-4438-b28c-c001482c80e7 with target datanode 00d022cc-88e6-46eb-8e13-859009325d4f for container move.
2023-09-07 14:20:00,071 [main] INFO  balancer.ContainerBalancerTask (ContainerBalancerTask.java:processMoveSelection(569)) - ContainerBalancer is trying to move container #38 with size 3221225472B from source datanode 96586da6-de67-4438-b28c-c001482c80e7 to target datanode 00d022cc-88e6-46eb-8e13-859009325d4f
2023-09-07 14:20:00,071 [main] DEBUG balancer.ContainerBalancerTask (ContainerBalancerTask.java:lambda$moveContainer$3(837)) - Container move completed for container #38 from source 96586da6-de67-4438-b28c-c001482c80e7 to target 00d022cc-88e6-46eb-8e13-859009325d4f
2023-09-07 14:20:00,072 [main] DEBUG balancer.ContainerBalancerTask (ContainerBalancerTask.java:matchSourceWithTarget(708)) - ContainerBalancer is finding suitable target for source datanode 9390e377-78c6-4612-96ef-ba9f934afe5b
2023-09-07 14:20:00,072 [main] INFO  balancer.ContainerBalancerTask (ContainerBalancerTask.java:matchSourceWithTarget(722)) - ContainerBalancer matched source datanode 9390e377-78c6-4612-96ef-ba9f934afe5b with target datanode 00d022cc-88e6-46eb-8e13-859009325d4f for container move.
2023-09-07 14:20:00,073 [main] INFO  balancer.ContainerBalancerTask (ContainerBalancerTask.java:processMoveSelection(569)) - ContainerBalancer is trying to move container #36 with size 1073741824B from source datanode 9390e377-78c6-4612-96ef-ba9f934afe5b to target datanode 00d022cc-88e6-46eb-8e13-859009325d4f
2023-09-07 14:20:00,073 [main] DEBUG balancer.ContainerBalancerTask (ContainerBalancerTask.java:lambda$moveContainer$3(837)) - Container move completed for container #36 from source 9390e377-78c6-4612-96ef-ba9f934afe5b to target 00d022cc-88e6-46eb-8e13-859009325d4f
2023-09-07 14:20:00,074 [main] DEBUG balancer.ContainerBalancerTask (ContainerBalancerTask.java:matchSourceWithTarget(701)) - ContainerBalancer could not find any candidate containers for datanode 96586da6-de67-4438-b28c-c001482c80e7
2023-09-07 14:20:00,075 [main] DEBUG balancer.ContainerBalancerTask (ContainerBalancerTask.java:matchSourceWithTarget(701)) - ContainerBalancer could not find any candidate containers for datanode 9390e377-78c6-4612-96ef-ba9f934afe5b
2023-09-07 14:20:00,075 [main] INFO  balancer.FindSourceGreedy (FindSourceGreedy.java:getNextCandidateSourceDataNode(126)) - no more candidate source data node
2023-09-07 14:20:00,075 [main] INFO  balancer.ContainerBalancerTask (ContainerBalancerTask.java:checkIterationMoveResults(642)) - Iteration Summary. Number of Datanodes involved: 8. Size moved: 45 GB (48318382080 Bytes). Number of Container moves completed: 17.
2023-09-07 14:20:00,075 [main] INFO  balancer.ContainerBalancerTask (ContainerBalancerTask.java:balance(259)) - Result of this iteration of Container Balancer: ITERATION_COMPLETED
2023-09-07 14:20:00,075 [main] INFO  balancer.ContainerBalancerTask (ContainerBalancerTask.java:tryStopWithSaveConfiguration(308)) - Save Configuration for stopping. Reason: Completed all iterations.
2023-09-07 14:20:00,077 [main] DEBUG balancer.ContainerBalancerTask (ContainerBalancerTask.java:initializeIteration(374)) - Average utilization of the cluster is 0.3330947234139407
2023-09-07 14:20:00,077 [main] DEBUG balancer.ContainerBalancerTask (ContainerBalancerTask.java:initializeIteration(386)) - Lower limit for utilization is 0.2330947234139407 and Upper limit for utilization is 0.43309472341394073
2023-09-07 14:20:00,077 [main] DEBUG balancer.ContainerBalancerTask (ContainerBalancerTask.java:initializeIteration(398)) - Utilization for node a25b5a4c-f6d2-4c2c-91c3-27551c9e807e with capacity 72775834737B, used 65498251264B, and remaining 7277583473B is 0.9000000000096186
2023-09-07 14:20:00,077 [main] DEBUG balancer.ContainerBalancerTask (ContainerBalancerTask.java:initializeIteration(398)) - Utilization for node 05ef3350-bcfb-4322-a657-fbcfab733cca with capacity 56371445760B, used 45097156608B, and remaining 11274289152B is 0.8
2023-09-07 14:20:00,077 [main] DEBUG balancer.ContainerBalancerTask (ContainerBalancerTask.java:initializeIteration(398)) - Utilization for node 4881e92f-c419-47a0-9706-18b5c685461c with capacity 88967179702B, used 62277025792B, and remaining 26690153910B is 0.700000000006744
2023-09-07 14:20:00,077 [main] DEBUG balancer.ContainerBalancerTask (ContainerBalancerTask.java:initializeIteration(398)) - Utilization for node 9390e377-78c6-4612-96ef-ba9f934afe5b with capacity 39370533546B, used 23622320128B, and remaining 15748213418B is 0.6000000000101599
2023-09-07 14:20:00,077 [main] DEBUG balancer.ContainerBalancerTask (ContainerBalancerTask.java:initializeIteration(398)) - Utilization for node 96586da6-de67-4438-b28c-c001482c80e7 with capacity 88046829568B, used 44023414784B, and remaining 44023414784B is 0.5
2023-09-07 14:20:00,077 [main] DEBUG balancer.ContainerBalancerTask (ContainerBalancerTask.java:initializeIteration(398)) - Utilization for node 0ed44020-339b-4076-9559-fe8fc0bbba6c with capacity 96636764160B, used 38654705664B, and remaining 57982058496B is 0.4
2023-09-07 14:20:00,077 [main] DEBUG balancer.ContainerBalancerTask (ContainerBalancerTask.java:initializeIteration(398)) - Utilization for node c11a30ca-2509-46c6-b0a6-f65e0f4c5d59 with capacity 139586437120B, used 41875931136B, and remaining 97710505984B is 0.3
2023-09-07 14:20:00,077 [main] DEBUG balancer.ContainerBalancerTask (ContainerBalancerTask.java:initializeIteration(398)) - Utilization for node ed70e611-382d-488b-9630-49e4711ce980 with capacity 204010946560B, used 40802189312B, and remaining 163208757248B is 0.2
2023-09-07 14:20:00,077 [main] DEBUG balancer.ContainerBalancerTask (ContainerBalancerTask.java:initializeIteration(398)) - Utilization for node 00d022cc-88e6-46eb-8e13-859009325d4f with capacity 386547056640B, used 38654705664B, and remaining 347892350976B is 0.1
2023-09-07 14:20:00,078 [main] DEBUG balancer.ContainerBalancerTask (ContainerBalancerTask.java:initializeIteration(398)) - Utilization for node faf5de21-1442-43cb-8121-ded6d03e8393 with capacity 30064771072B, used 0B, and remaining 30064771072B is 0.0
2023-09-07 14:20:00,078 [main] INFO  balancer.ContainerBalancerTask (ContainerBalancerTask.java:initializeIteration(447)) - Container Balancer has identified 5 Over-Utilized and 3 Under-Utilized Datanodes that need to be balanced.
2023-09-07 14:20:00,078 [main] DEBUG balancer.ContainerBalancerTask (ContainerBalancerTask.java:lambda$initializeIteration$1(453)) - Datanode localhost-75.240.76.182 a25b5a4c-f6d2-4c2c-91c3-27551c9e807e is Over-Utilized.
2023-09-07 14:20:00,078 [main] DEBUG balancer.ContainerBalancerTask (ContainerBalancerTask.java:lambda$initializeIteration$1(453)) - Datanode localhost-226.245.30.209 05ef3350-bcfb-4322-a657-fbcfab733cca is Over-Utilized.
2023-09-07 14:20:00,078 [main] DEBUG balancer.ContainerBalancerTask (ContainerBalancerTask.java:lambda$initializeIteration$1(453)) - Datanode localhost-140.110.85.209 4881e92f-c419-47a0-9706-18b5c685461c is Over-Utilized.
2023-09-07 14:20:00,078 [main] DEBUG balancer.ContainerBalancerTask (ContainerBalancerTask.java:lambda$initializeIteration$1(453)) - Datanode localhost-6.228.249.12 9390e377-78c6-4612-96ef-ba9f934afe5b is Over-Utilized.
2023-09-07 14:20:00,078 [main] DEBUG balancer.ContainerBalancerTask (ContainerBalancerTask.java:lambda$initializeIteration$1(453)) - Datanode localhost-74.12.253.62 96586da6-de67-4438-b28c-c001482c80e7 is Over-Utilized.
2023-09-07 14:20:00,078 [main] DEBUG balancer.ContainerBalancerTask (ContainerBalancerTask.java:lambda$initializeIteration$2(459)) - Datanode localhost-29.245.128.185 faf5de21-1442-43cb-8121-ded6d03e8393 is Under-Utilized.
2023-09-07 14:20:00,078 [main] DEBUG balancer.ContainerBalancerTask (ContainerBalancerTask.java:lambda$initializeIteration$2(459)) - Datanode localhost-116.184.176.13 00d022cc-88e6-46eb-8e13-859009325d4f is Under-Utilized.
2023-09-07 14:20:00,078 [main] DEBUG balancer.ContainerBalancerTask (ContainerBalancerTask.java:lambda$initializeIteration$2(459)) - Datanode localhost-52.31.221.11 ed70e611-382d-488b-9630-49e4711ce980 is Under-Utilized.
2023-09-07 14:20:00,081 [main] DEBUG balancer.ContainerBalancerTask (ContainerBalancerTask.java:matchSourceWithTarget(708)) - ContainerBalancer is finding suitable target for source datanode a25b5a4c-f6d2-4c2c-91c3-27551c9e807e
2023-09-07 14:20:00,081 [main] INFO  balancer.ContainerBalancerTask (ContainerBalancerTask.java:matchSourceWithTarget(722)) - ContainerBalancer matched source datanode a25b5a4c-f6d2-4c2c-91c3-27551c9e807e with target datanode faf5de21-1442-43cb-8121-ded6d03e8393 for container move.
2023-09-07 14:20:00,081 [main] INFO  balancer.ContainerBalancerTask (ContainerBalancerTask.java:processMoveSelection(569)) - ContainerBalancer is trying to move container #85 with size 5368709120B from source datanode a25b5a4c-f6d2-4c2c-91c3-27551c9e807e to target datanode faf5de21-1442-43cb-8121-ded6d03e8393
2023-09-07 14:20:00,081 [main] DEBUG balancer.ContainerBalancerTask (ContainerBalancerTask.java:lambda$moveContainer$3(837)) - Container move completed for container #85 from source a25b5a4c-f6d2-4c2c-91c3-27551c9e807e to target faf5de21-1442-43cb-8121-ded6d03e8393
2023-09-07 14:20:00,084 [main] DEBUG balancer.ContainerBalancerTask (ContainerBalancerTask.java:matchSourceWithTarget(708)) - ContainerBalancer is finding suitable target for source datanode a25b5a4c-f6d2-4c2c-91c3-27551c9e807e
2023-09-07 14:20:00,084 [main] INFO  balancer.ContainerBalancerTask (ContainerBalancerTask.java:matchSourceWithTarget(722)) - ContainerBalancer matched source datanode a25b5a4c-f6d2-4c2c-91c3-27551c9e807e with target datanode 00d022cc-88e6-46eb-8e13-859009325d4f for container move.
2023-09-07 14:20:00,084 [main] INFO  balancer.ContainerBalancerTask (ContainerBalancerTask.java:processMoveSelection(569)) - ContainerBalancer is trying to move container #68 with size 5368709120B from source datanode a25b5a4c-f6d2-4c2c-91c3-27551c9e807e to target datanode 00d022cc-88e6-46eb-8e13-859009325d4f
2023-09-07 14:20:00,084 [main] DEBUG balancer.ContainerBalancerTask (ContainerBalancerTask.java:lambda$moveContainer$3(837)) - Container move completed for container #68 from source a25b5a4c-f6d2-4c2c-91c3-27551c9e807e to target 00d022cc-88e6-46eb-8e13-859009325d4f
2023-09-07 14:20:00,086 [main] DEBUG balancer.ContainerBalancerTask (ContainerBalancerTask.java:matchSourceWithTarget(708)) - ContainerBalancer is finding suitable target for source datanode 05ef3350-bcfb-4322-a657-fbcfab733cca
2023-09-07 14:20:00,086 [main] INFO  balancer.ContainerBalancerTask (ContainerBalancerTask.java:matchSourceWithTarget(722)) - ContainerBalancer matched source datanode 05ef3350-bcfb-4322-a657-fbcfab733cca with target datanode 00d022cc-88e6-46eb-8e13-859009325d4f for container move.
2023-09-07 14:20:00,086 [main] INFO  balancer.ContainerBalancerTask (ContainerBalancerTask.java:processMoveSelection(569)) - ContainerBalancer is trying to move container #89 with size 4294967296B from source datanode 05ef3350-bcfb-4322-a657-fbcfab733cca to target datanode 00d022cc-88e6-46eb-8e13-859009325d4f
2023-09-07 14:20:00,086 [main] DEBUG balancer.ContainerBalancerTask (ContainerBalancerTask.java:lambda$moveContainer$3(837)) - Container move completed for container #89 from source 05ef3350-bcfb-4322-a657-fbcfab733cca to target 00d022cc-88e6-46eb-8e13-859009325d4f
2023-09-07 14:20:00,089 [main] DEBUG balancer.ContainerBalancerTask (ContainerBalancerTask.java:matchSourceWithTarget(708)) - ContainerBalancer is finding suitable target for source datanode a25b5a4c-f6d2-4c2c-91c3-27551c9e807e
2023-09-07 14:20:00,089 [main] INFO  balancer.ContainerBalancerTask (ContainerBalancerTask.java:matchSourceWithTarget(722)) - ContainerBalancer matched source datanode a25b5a4c-f6d2-4c2c-91c3-27551c9e807e with target datanode 00d022cc-88e6-46eb-8e13-859009325d4f for container move.
2023-09-07 14:20:00,089 [main] INFO  balancer.ContainerBalancerTask (ContainerBalancerTask.java:processMoveSelection(569)) - ContainerBalancer is trying to move container #53 with size 5368709120B from source datanode a25b5a4c-f6d2-4c2c-91c3-27551c9e807e to target datanode 00d022cc-88e6-46eb-8e13-859009325d4f
2023-09-07 14:20:00,089 [main] DEBUG balancer.ContainerBalancerTask (ContainerBalancerTask.java:lambda$moveContainer$3(837)) - Container move completed for container #53 from source a25b5a4c-f6d2-4c2c-91c3-27551c9e807e to target 00d022cc-88e6-46eb-8e13-859009325d4f
2023-09-07 14:20:00,091 [main] DEBUG balancer.ContainerBalancerTask (ContainerBalancerTask.java:matchSourceWithTarget(708)) - ContainerBalancer is finding suitable target for source datanode 05ef3350-bcfb-4322-a657-fbcfab733cca
2023-09-07 14:20:00,091 [main] INFO  balancer.ContainerBalancerTask (ContainerBalancerTask.java:matchSourceWithTarget(722)) - ContainerBalancer matched source datanode 05ef3350-bcfb-4322-a657-fbcfab733cca with target datanode 00d022cc-88e6-46eb-8e13-859009325d4f for container move.
2023-09-07 14:20:00,091 [main] INFO  balancer.ContainerBalancerTask (ContainerBalancerTask.java:processMoveSelection(569)) - ContainerBalancer is trying to move container #67 with size 4294967296B from source datanode 05ef3350-bcfb-4322-a657-fbcfab733cca to target datanode 00d022cc-88e6-46eb-8e13-859009325d4f
2023-09-07 14:20:00,091 [main] DEBUG balancer.ContainerBalancerTask (ContainerBalancerTask.java:lambda$moveContainer$3(837)) - Container move completed for container #67 from source 05ef3350-bcfb-4322-a657-fbcfab733cca to target 00d022cc-88e6-46eb-8e13-859009325d4f
2023-09-07 14:20:00,095 [main] DEBUG balancer.ContainerBalancerTask (ContainerBalancerTask.java:matchSourceWithTarget(708)) - ContainerBalancer is finding suitable target for source datanode 4881e92f-c419-47a0-9706-18b5c685461c
2023-09-07 14:20:00,095 [main] INFO  balancer.ContainerBalancerTask (ContainerBalancerTask.java:matchSourceWithTarget(722)) - ContainerBalancer matched source datanode 4881e92f-c419-47a0-9706-18b5c685461c with target datanode 00d022cc-88e6-46eb-8e13-859009325d4f for container move.
2023-09-07 14:20:00,095 [main] INFO  balancer.ContainerBalancerTask (ContainerBalancerTask.java:processMoveSelection(569)) - ContainerBalancer is trying to move container #84 with size 4294967296B from source datanode 4881e92f-c419-47a0-9706-18b5c685461c to target datanode 00d022cc-88e6-46eb-8e13-859009325d4f
2023-09-07 14:20:00,095 [main] DEBUG balancer.ContainerBalancerTask (ContainerBalancerTask.java:lambda$moveContainer$3(837)) - Container move completed for container #84 from source 4881e92f-c419-47a0-9706-18b5c685461c to target 00d022cc-88e6-46eb-8e13-859009325d4f
2023-09-07 14:20:00,098 [main] DEBUG balancer.ContainerBalancerTask (ContainerBalancerTask.java:matchSourceWithTarget(708)) - ContainerBalancer is finding suitable target for source datanode a25b5a4c-f6d2-4c2c-91c3-27551c9e807e
2023-09-07 14:20:00,098 [main] INFO  balancer.ContainerBalancerTask (ContainerBalancerTask.java:matchSourceWithTarget(722)) - ContainerBalancer matched source datanode a25b5a4c-f6d2-4c2c-91c3-27551c9e807e with target datanode 00d022cc-88e6-46eb-8e13-859009325d4f for container move.
2023-09-07 14:20:00,098 [main] INFO  balancer.ContainerBalancerTask (ContainerBalancerTask.java:processMoveSelection(569)) - ContainerBalancer is trying to move container #52 with size 4294967296B from source datanode a25b5a4c-f6d2-4c2c-91c3-27551c9e807e to target datanode 00d022cc-88e6-46eb-8e13-859009325d4f
2023-09-07 14:20:00,098 [main] DEBUG balancer.ContainerBalancerTask (ContainerBalancerTask.java:lambda$moveContainer$3(837)) - Container move completed for container #52 from source a25b5a4c-f6d2-4c2c-91c3-27551c9e807e to target 00d022cc-88e6-46eb-8e13-859009325d4f
2023-09-07 14:20:00,101 [main] DEBUG balancer.ContainerBalancerTask (ContainerBalancerTask.java:matchSourceWithTarget(708)) - ContainerBalancer is finding suitable target for source datanode 4881e92f-c419-47a0-9706-18b5c685461c
2023-09-07 14:20:00,101 [main] INFO  balancer.ContainerBalancerTask (ContainerBalancerTask.java:matchSourceWithTarget(722)) - ContainerBalancer matched source datanode 4881e92f-c419-47a0-9706-18b5c685461c with target datanode 00d022cc-88e6-46eb-8e13-859009325d4f for container move.
2023-09-07 14:20:00,101 [main] INFO  balancer.ContainerBalancerTask (ContainerBalancerTask.java:processMoveSelection(569)) - ContainerBalancer is trying to move container #39 with size 4294967296B from source datanode 4881e92f-c419-47a0-9706-18b5c685461c to target datanode 00d022cc-88e6-46eb-8e13-859009325d4f
2023-09-07 14:20:00,101 [main] DEBUG balancer.ContainerBalancerTask (ContainerBalancerTask.java:lambda$moveContainer$3(837)) - Container move completed for container #39 from source 4881e92f-c419-47a0-9706-18b5c685461c to target 00d022cc-88e6-46eb-8e13-859009325d4f
2023-09-07 14:20:00,104 [main] DEBUG balancer.ContainerBalancerTask (ContainerBalancerTask.java:matchSourceWithTarget(708)) - ContainerBalancer is finding suitable target for source datanode 05ef3350-bcfb-4322-a657-fbcfab733cca
2023-09-07 14:20:00,104 [main] INFO  balancer.ContainerBalancerTask (ContainerBalancerTask.java:matchSourceWithTarget(722)) - ContainerBalancer matched source datanode 05ef3350-bcfb-4322-a657-fbcfab733cca with target datanode faf5de21-1442-43cb-8121-ded6d03e8393 for container move.
2023-09-07 14:20:00,104 [main] INFO  balancer.ContainerBalancerTask (ContainerBalancerTask.java:processMoveSelection(569)) - ContainerBalancer is trying to move container #28 with size 4294967296B from source datanode 05ef3350-bcfb-4322-a657-fbcfab733cca to target datanode faf5de21-1442-43cb-8121-ded6d03e8393
2023-09-07 14:20:00,104 [main] DEBUG balancer.ContainerBalancerTask (ContainerBalancerTask.java:lambda$moveContainer$3(837)) - Container move completed for container #28 from source 05ef3350-bcfb-4322-a657-fbcfab733cca to target faf5de21-1442-43cb-8121-ded6d03e8393
2023-09-07 14:20:00,107 [main] DEBUG balancer.ContainerBalancerTask (ContainerBalancerTask.java:matchSourceWithTarget(708)) - ContainerBalancer is finding suitable target for source datanode a25b5a4c-f6d2-4c2c-91c3-27551c9e807e
2023-09-07 14:20:00,107 [main] INFO  balancer.ContainerBalancerTask (ContainerBalancerTask.java:matchSourceWithTarget(722)) - ContainerBalancer matched source datanode a25b5a4c-f6d2-4c2c-91c3-27551c9e807e with target datanode 00d022cc-88e6-46eb-8e13-859009325d4f for container move.
2023-09-07 14:20:00,107 [main] INFO  balancer.ContainerBalancerTask (ContainerBalancerTask.java:processMoveSelection(569)) - ContainerBalancer is trying to move container #71 with size 3221225472B from source datanode a25b5a4c-f6d2-4c2c-91c3-27551c9e807e to target datanode 00d022cc-88e6-46eb-8e13-859009325d4f
2023-09-07 14:20:00,107 [main] DEBUG balancer.ContainerBalancerTask (ContainerBalancerTask.java:lambda$moveContainer$3(837)) - Container move completed for container #71 from source a25b5a4c-f6d2-4c2c-91c3-27551c9e807e to target 00d022cc-88e6-46eb-8e13-859009325d4f
2023-09-07 14:20:00,111 [main] DEBUG balancer.ContainerBalancerTask (ContainerBalancerTask.java:matchSourceWithTarget(708)) - ContainerBalancer is finding suitable target for source datanode 4881e92f-c419-47a0-9706-18b5c685461c
2023-09-07 14:20:00,111 [main] INFO  balancer.ContainerBalancerTask (ContainerBalancerTask.java:matchSourceWithTarget(722)) - ContainerBalancer matched source datanode 4881e92f-c419-47a0-9706-18b5c685461c with target datanode 00d022cc-88e6-46eb-8e13-859009325d4f for container move.
2023-09-07 14:20:00,111 [main] INFO  balancer.ContainerBalancerTask (ContainerBalancerTask.java:processMoveSelection(569)) - ContainerBalancer is trying to move container #51 with size 3221225472B from source datanode 4881e92f-c419-47a0-9706-18b5c685461c to target datanode 00d022cc-88e6-46eb-8e13-859009325d4f
2023-09-07 14:20:00,111 [main] DEBUG balancer.ContainerBalancerTask (ContainerBalancerTask.java:lambda$moveContainer$3(837)) - Container move completed for container #51 from source 4881e92f-c419-47a0-9706-18b5c685461c to target 00d022cc-88e6-46eb-8e13-859009325d4f
2023-09-07 14:20:00,112 [main] DEBUG balancer.ContainerBalancerTask (ContainerBalancerTask.java:matchSourceWithTarget(708)) - ContainerBalancer is finding suitable target for source datanode 9390e377-78c6-4612-96ef-ba9f934afe5b
2023-09-07 14:20:00,112 [main] INFO  balancer.ContainerBalancerTask (ContainerBalancerTask.java:matchSourceWithTarget(722)) - ContainerBalancer matched source datanode 9390e377-78c6-4612-96ef-ba9f934afe5b with target datanode ed70e611-382d-488b-9630-49e4711ce980 for container move.
2023-09-07 14:20:00,112 [main] INFO  balancer.ContainerBalancerTask (ContainerBalancerTask.java:processMoveSelection(569)) - ContainerBalancer is trying to move container #38 with size 3221225472B from source datanode 9390e377-78c6-4612-96ef-ba9f934afe5b to target datanode ed70e611-382d-488b-9630-49e4711ce980
2023-09-07 14:20:00,112 [main] DEBUG balancer.ContainerBalancerTask (ContainerBalancerTask.java:lambda$moveContainer$3(837)) - Container move completed for container #38 from source 9390e377-78c6-4612-96ef-ba9f934afe5b to target ed70e611-382d-488b-9630-49e4711ce980
2023-09-07 14:20:00,115 [main] DEBUG balancer.ContainerBalancerTask (ContainerBalancerTask.java:matchSourceWithTarget(708)) - ContainerBalancer is finding suitable target for source datanode a25b5a4c-f6d2-4c2c-91c3-27551c9e807e
2023-09-07 14:20:00,115 [main] INFO  balancer.ContainerBalancerTask (ContainerBalancerTask.java:matchSourceWithTarget(722)) - ContainerBalancer matched source datanode a25b5a4c-f6d2-4c2c-91c3-27551c9e807e with target datanode 00d022cc-88e6-46eb-8e13-859009325d4f for container move.
2023-09-07 14:20:00,116 [main] INFO  balancer.ContainerBalancerTask (ContainerBalancerTask.java:processMoveSelection(569)) - ContainerBalancer is trying to move container #70 with size 2147483648B from source datanode a25b5a4c-f6d2-4c2c-91c3-27551c9e807e to target datanode 00d022cc-88e6-46eb-8e13-859009325d4f
2023-09-07 14:20:00,116 [main] DEBUG balancer.ContainerBalancerTask (ContainerBalancerTask.java:lambda$moveContainer$3(837)) - Container move completed for container #70 from source a25b5a4c-f6d2-4c2c-91c3-27551c9e807e to target 00d022cc-88e6-46eb-8e13-859009325d4f
2023-09-07 14:20:00,116 [main] WARN  balancer.ContainerBalancerTask (ContainerBalancerTask.java:reachedMaxSizeToMovePerIteration(733)) - Reached max size to move limit. 53687091200 bytes have already been scheduled for balancing and the limit is 53687091200 bytes.
2023-09-07 14:20:00,116 [main] INFO  balancer.ContainerBalancerTask (ContainerBalancerTask.java:checkIterationMoveResults(642)) - Iteration Summary. Number of Datanodes involved: 7. Size moved: 50 GB (53687091200 Bytes). Number of Container moves completed: 13.
2023-09-07 14:20:00,116 [main] INFO  balancer.ContainerBalancerTask (ContainerBalancerTask.java:balance(259)) - Result of this iteration of Container Balancer: ITERATION_COMPLETED
2023-09-07 14:20:00,116 [main] INFO  balancer.ContainerBalancerTask (ContainerBalancerTask.java:tryStopWithSaveConfiguration(308)) - Save Configuration for stopping. Reason: Completed all iterations.
]]></system-out>
  </testcase>
  <testcase name="containerBalancerShouldSelectOnlyClosedContainers" classname="org.apache.hadoop.hdds.scm.container.balancer.TestContainerBalancerTask" time="0.08">
    <system-out><![CDATA[2023-09-07 14:20:00,141 [main] INFO  net.NodeSchemaLoader (NodeSchemaLoader.java:loadSchemaFromFile(129)) - Loading schema from [file:/home/runner/work/ozone/ozone/hadoop-hdds/common/target/classes/network-topology-default.xml]
2023-09-07 14:20:00,141 [main] INFO  net.NodeSchemaLoader (NodeSchemaLoader.java:loadSchema(176)) - Loading network topology layer schema file
2023-09-07 14:20:00,144 [main] INFO  net.NetworkTopologyImpl (NetworkTopologyImpl.java:add(112)) - Added a new node: /default-rack/fa6d87a2-497e-40e5-8bfa-c9b9333adecd
2023-09-07 14:20:00,144 [main] INFO  net.NetworkTopologyImpl (NetworkTopologyImpl.java:add(112)) - Added a new node: /default-rack/d0cbf7e9-e32c-4634-b5b7-14ddb65ddc0f
2023-09-07 14:20:00,144 [main] INFO  net.NetworkTopologyImpl (NetworkTopologyImpl.java:add(112)) - Added a new node: /default-rack/cd8f9d31-a619-41de-9e84-212b0f68bf8d
2023-09-07 14:20:00,144 [main] INFO  net.NetworkTopologyImpl (NetworkTopologyImpl.java:add(112)) - Added a new node: /default-rack/313af0fb-2bb0-476b-b16b-17121f4c6b3c
2023-09-07 14:20:00,144 [main] INFO  net.NetworkTopologyImpl (NetworkTopologyImpl.java:add(112)) - Added a new node: /default-rack/03875b1e-e131-481e-8ae7-a3f281153f42
2023-09-07 14:20:00,144 [main] INFO  net.NetworkTopologyImpl (NetworkTopologyImpl.java:add(112)) - Added a new node: /default-rack/4984ea9f-f06c-4502-8366-2dcc456b8493
2023-09-07 14:20:00,144 [main] INFO  net.NetworkTopologyImpl (NetworkTopologyImpl.java:add(112)) - Added a new node: /default-rack/ee737430-6bcc-4737-9ad8-36bafd7f68ef
2023-09-07 14:20:00,145 [main] INFO  net.NetworkTopologyImpl (NetworkTopologyImpl.java:add(112)) - Added a new node: /default-rack/d5fd6649-e311-4b18-b88d-63e4090201fa
2023-09-07 14:20:00,145 [main] INFO  net.NetworkTopologyImpl (NetworkTopologyImpl.java:add(112)) - Added a new node: /default-rack/a0f35029-a806-4816-8a4a-acc46da0c618
2023-09-07 14:20:00,145 [main] INFO  net.NetworkTopologyImpl (NetworkTopologyImpl.java:add(112)) - Added a new node: /default-rack/d7abfa5c-5e3d-4bc8-ac59-4ea1596f9ff8
2023-09-07 14:20:00,145 [main] INFO  algorithms.ContainerPlacementPolicyFactory (ContainerPlacementPolicyFactory.java:getPolicyInternal(86)) - Create container placement policy of type org.apache.hadoop.hdds.scm.container.placement.algorithms.SCMContainerPlacementRackAware
2023-09-07 14:20:00,145 [main] INFO  algorithms.ContainerPlacementPolicyFactory (ContainerPlacementPolicyFactory.java:getPolicyInternal(86)) - Create container placement policy of type org.apache.hadoop.hdds.scm.container.placement.algorithms.SCMContainerPlacementRackScatter
2023-09-07 14:20:00,148 [main] DEBUG balancer.ContainerBalancerTask (ContainerBalancerTask.java:initializeIteration(374)) - Average utilization of the cluster is 0.36337636607706164
2023-09-07 14:20:00,148 [main] DEBUG balancer.ContainerBalancerTask (ContainerBalancerTask.java:initializeIteration(386)) - Lower limit for utilization is 0.2633763660770616 and Upper limit for utilization is 0.4633763660770617
2023-09-07 14:20:00,148 [main] DEBUG balancer.ContainerBalancerTask (ContainerBalancerTask.java:initializeIteration(398)) - Utilization for node d0cbf7e9-e32c-4634-b5b7-14ddb65ddc0f with capacity 63231462968B, used 56908316672B, and remaining 6323146296B is 0.9000000000126519
2023-09-07 14:20:00,149 [main] DEBUG balancer.ContainerBalancerTask (ContainerBalancerTask.java:initializeIteration(398)) - Utilization for node 4984ea9f-f06c-4502-8366-2dcc456b8493 with capacity 61740154880B, used 49392123904B, and remaining 12348030976B is 0.8
2023-09-07 14:20:00,149 [main] DEBUG balancer.ContainerBalancerTask (ContainerBalancerTask.java:initializeIteration(398)) - Utilization for node 03875b1e-e131-481e-8ae7-a3f281153f42 with capacity 52153174308B, used 36507222016B, and remaining 15645952292B is 0.7000000000076697
2023-09-07 14:20:00,149 [main] DEBUG balancer.ContainerBalancerTask (ContainerBalancerTask.java:initializeIteration(398)) - Utilization for node ee737430-6bcc-4737-9ad8-36bafd7f68ef with capacity 102005473280B, used 61203283968B, and remaining 40802189312B is 0.6
2023-09-07 14:20:00,149 [main] DEBUG balancer.ContainerBalancerTask (ContainerBalancerTask.java:initializeIteration(398)) - Utilization for node a0f35029-a806-4816-8a4a-acc46da0c618 with capacity 107374182400B, used 53687091200B, and remaining 53687091200B is 0.5
2023-09-07 14:20:00,149 [main] DEBUG balancer.ContainerBalancerTask (ContainerBalancerTask.java:initializeIteration(398)) - Utilization for node fa6d87a2-497e-40e5-8bfa-c9b9333adecd with capacity 67108864000B, used 26843545600B, and remaining 40265318400B is 0.4
2023-09-07 14:20:00,149 [main] DEBUG balancer.ContainerBalancerTask (ContainerBalancerTask.java:initializeIteration(398)) - Utilization for node 313af0fb-2bb0-476b-b16b-17121f4c6b3c with capacity 128849018880B, used 38654705664B, and remaining 90194313216B is 0.3
2023-09-07 14:20:00,149 [main] DEBUG balancer.ContainerBalancerTask (ContainerBalancerTask.java:initializeIteration(398)) - Utilization for node cd8f9d31-a619-41de-9e84-212b0f68bf8d with capacity 177167400960B, used 35433480192B, and remaining 141733920768B is 0.2
2023-09-07 14:20:00,149 [main] DEBUG balancer.ContainerBalancerTask (ContainerBalancerTask.java:initializeIteration(398)) - Utilization for node d7abfa5c-5e3d-4bc8-ac59-4ea1596f9ff8 with capacity 289910292480B, used 28991029248B, and remaining 260919263232B is 0.1
2023-09-07 14:20:00,149 [main] DEBUG balancer.ContainerBalancerTask (ContainerBalancerTask.java:initializeIteration(398)) - Utilization for node d5fd6649-e311-4b18-b88d-63e4090201fa with capacity 17179869184B, used 0B, and remaining 17179869184B is 0.0
2023-09-07 14:20:00,149 [main] INFO  balancer.ContainerBalancerTask (ContainerBalancerTask.java:initializeIteration(447)) - Container Balancer has identified 5 Over-Utilized and 3 Under-Utilized Datanodes that need to be balanced.
2023-09-07 14:20:00,149 [main] DEBUG balancer.ContainerBalancerTask (ContainerBalancerTask.java:lambda$initializeIteration$1(453)) - Datanode localhost-207.240.247.106 d0cbf7e9-e32c-4634-b5b7-14ddb65ddc0f is Over-Utilized.
2023-09-07 14:20:00,149 [main] DEBUG balancer.ContainerBalancerTask (ContainerBalancerTask.java:lambda$initializeIteration$1(453)) - Datanode localhost-88.35.218.157 4984ea9f-f06c-4502-8366-2dcc456b8493 is Over-Utilized.
2023-09-07 14:20:00,149 [main] DEBUG balancer.ContainerBalancerTask (ContainerBalancerTask.java:lambda$initializeIteration$1(453)) - Datanode localhost-52.22.220.66 03875b1e-e131-481e-8ae7-a3f281153f42 is Over-Utilized.
2023-09-07 14:20:00,150 [main] DEBUG balancer.ContainerBalancerTask (ContainerBalancerTask.java:lambda$initializeIteration$1(453)) - Datanode localhost-172.89.170.25 ee737430-6bcc-4737-9ad8-36bafd7f68ef is Over-Utilized.
2023-09-07 14:20:00,150 [main] DEBUG balancer.ContainerBalancerTask (ContainerBalancerTask.java:lambda$initializeIteration$1(453)) - Datanode localhost-7.198.213.19 a0f35029-a806-4816-8a4a-acc46da0c618 is Over-Utilized.
2023-09-07 14:20:00,150 [main] DEBUG balancer.ContainerBalancerTask (ContainerBalancerTask.java:lambda$initializeIteration$2(459)) - Datanode localhost-120.21.140.29 d5fd6649-e311-4b18-b88d-63e4090201fa is Under-Utilized.
2023-09-07 14:20:00,150 [main] DEBUG balancer.ContainerBalancerTask (ContainerBalancerTask.java:lambda$initializeIteration$2(459)) - Datanode localhost-242.13.83.74 d7abfa5c-5e3d-4bc8-ac59-4ea1596f9ff8 is Under-Utilized.
2023-09-07 14:20:00,150 [main] DEBUG balancer.ContainerBalancerTask (ContainerBalancerTask.java:lambda$initializeIteration$2(459)) - Datanode localhost-16.207.51.42 cd8f9d31-a619-41de-9e84-212b0f68bf8d is Under-Utilized.
2023-09-07 14:20:00,152 [main] DEBUG balancer.ContainerBalancerTask (ContainerBalancerTask.java:matchSourceWithTarget(701)) - ContainerBalancer could not find any candidate containers for datanode d0cbf7e9-e32c-4634-b5b7-14ddb65ddc0f
2023-09-07 14:20:00,153 [main] DEBUG balancer.ContainerBalancerTask (ContainerBalancerTask.java:matchSourceWithTarget(701)) - ContainerBalancer could not find any candidate containers for datanode 4984ea9f-f06c-4502-8366-2dcc456b8493
2023-09-07 14:20:00,154 [main] DEBUG balancer.ContainerBalancerTask (ContainerBalancerTask.java:matchSourceWithTarget(701)) - ContainerBalancer could not find any candidate containers for datanode 03875b1e-e131-481e-8ae7-a3f281153f42
2023-09-07 14:20:00,156 [main] DEBUG balancer.ContainerBalancerTask (ContainerBalancerTask.java:matchSourceWithTarget(701)) - ContainerBalancer could not find any candidate containers for datanode ee737430-6bcc-4737-9ad8-36bafd7f68ef
2023-09-07 14:20:00,158 [main] DEBUG balancer.ContainerBalancerTask (ContainerBalancerTask.java:matchSourceWithTarget(701)) - ContainerBalancer could not find any candidate containers for datanode a0f35029-a806-4816-8a4a-acc46da0c618
2023-09-07 14:20:00,158 [main] INFO  balancer.FindSourceGreedy (FindSourceGreedy.java:getNextCandidateSourceDataNode(126)) - no more candidate source data node
2023-09-07 14:20:00,158 [main] INFO  balancer.ContainerBalancerTask (ContainerBalancerTask.java:balance(259)) - Result of this iteration of Container Balancer: CAN_NOT_BALANCE_ANY_MORE
2023-09-07 14:20:00,158 [main] INFO  balancer.ContainerBalancerTask (ContainerBalancerTask.java:tryStopWithSaveConfiguration(308)) - Save Configuration for stopping. Reason: CAN_NOT_BALANCE_ANY_MORE
2023-09-07 14:20:00,158 [main] DEBUG balancer.ContainerBalancerTask (ContainerBalancerTask.java:initializeIteration(374)) - Average utilization of the cluster is 0.36337636607706164
2023-09-07 14:20:00,158 [main] DEBUG balancer.ContainerBalancerTask (ContainerBalancerTask.java:initializeIteration(386)) - Lower limit for utilization is 0.2633763660770616 and Upper limit for utilization is 0.4633763660770617
2023-09-07 14:20:00,158 [main] DEBUG balancer.ContainerBalancerTask (ContainerBalancerTask.java:initializeIteration(398)) - Utilization for node d0cbf7e9-e32c-4634-b5b7-14ddb65ddc0f with capacity 63231462968B, used 56908316672B, and remaining 6323146296B is 0.9000000000126519
2023-09-07 14:20:00,159 [main] DEBUG balancer.ContainerBalancerTask (ContainerBalancerTask.java:initializeIteration(398)) - Utilization for node 4984ea9f-f06c-4502-8366-2dcc456b8493 with capacity 61740154880B, used 49392123904B, and remaining 12348030976B is 0.8
2023-09-07 14:20:00,159 [main] DEBUG balancer.ContainerBalancerTask (ContainerBalancerTask.java:initializeIteration(398)) - Utilization for node 03875b1e-e131-481e-8ae7-a3f281153f42 with capacity 52153174308B, used 36507222016B, and remaining 15645952292B is 0.7000000000076697
2023-09-07 14:20:00,159 [main] DEBUG balancer.ContainerBalancerTask (ContainerBalancerTask.java:initializeIteration(398)) - Utilization for node ee737430-6bcc-4737-9ad8-36bafd7f68ef with capacity 102005473280B, used 61203283968B, and remaining 40802189312B is 0.6
2023-09-07 14:20:00,159 [main] DEBUG balancer.ContainerBalancerTask (ContainerBalancerTask.java:initializeIteration(398)) - Utilization for node a0f35029-a806-4816-8a4a-acc46da0c618 with capacity 107374182400B, used 53687091200B, and remaining 53687091200B is 0.5
2023-09-07 14:20:00,159 [main] DEBUG balancer.ContainerBalancerTask (ContainerBalancerTask.java:initializeIteration(398)) - Utilization for node fa6d87a2-497e-40e5-8bfa-c9b9333adecd with capacity 67108864000B, used 26843545600B, and remaining 40265318400B is 0.4
2023-09-07 14:20:00,159 [main] DEBUG balancer.ContainerBalancerTask (ContainerBalancerTask.java:initializeIteration(398)) - Utilization for node 313af0fb-2bb0-476b-b16b-17121f4c6b3c with capacity 128849018880B, used 38654705664B, and remaining 90194313216B is 0.3
2023-09-07 14:20:00,159 [main] DEBUG balancer.ContainerBalancerTask (ContainerBalancerTask.java:initializeIteration(398)) - Utilization for node cd8f9d31-a619-41de-9e84-212b0f68bf8d with capacity 177167400960B, used 35433480192B, and remaining 141733920768B is 0.2
2023-09-07 14:20:00,159 [main] DEBUG balancer.ContainerBalancerTask (ContainerBalancerTask.java:initializeIteration(398)) - Utilization for node d7abfa5c-5e3d-4bc8-ac59-4ea1596f9ff8 with capacity 289910292480B, used 28991029248B, and remaining 260919263232B is 0.1
2023-09-07 14:20:00,159 [main] DEBUG balancer.ContainerBalancerTask (ContainerBalancerTask.java:initializeIteration(398)) - Utilization for node d5fd6649-e311-4b18-b88d-63e4090201fa with capacity 17179869184B, used 0B, and remaining 17179869184B is 0.0
2023-09-07 14:20:00,159 [main] INFO  balancer.ContainerBalancerTask (ContainerBalancerTask.java:initializeIteration(447)) - Container Balancer has identified 5 Over-Utilized and 3 Under-Utilized Datanodes that need to be balanced.
2023-09-07 14:20:00,159 [main] DEBUG balancer.ContainerBalancerTask (ContainerBalancerTask.java:lambda$initializeIteration$1(453)) - Datanode localhost-207.240.247.106 d0cbf7e9-e32c-4634-b5b7-14ddb65ddc0f is Over-Utilized.
2023-09-07 14:20:00,159 [main] DEBUG balancer.ContainerBalancerTask (ContainerBalancerTask.java:lambda$initializeIteration$1(453)) - Datanode localhost-88.35.218.157 4984ea9f-f06c-4502-8366-2dcc456b8493 is Over-Utilized.
2023-09-07 14:20:00,159 [main] DEBUG balancer.ContainerBalancerTask (ContainerBalancerTask.java:lambda$initializeIteration$1(453)) - Datanode localhost-52.22.220.66 03875b1e-e131-481e-8ae7-a3f281153f42 is Over-Utilized.
2023-09-07 14:20:00,160 [main] DEBUG balancer.ContainerBalancerTask (ContainerBalancerTask.java:lambda$initializeIteration$1(453)) - Datanode localhost-172.89.170.25 ee737430-6bcc-4737-9ad8-36bafd7f68ef is Over-Utilized.
2023-09-07 14:20:00,160 [main] DEBUG balancer.ContainerBalancerTask (ContainerBalancerTask.java:lambda$initializeIteration$1(453)) - Datanode localhost-7.198.213.19 a0f35029-a806-4816-8a4a-acc46da0c618 is Over-Utilized.
2023-09-07 14:20:00,160 [main] DEBUG balancer.ContainerBalancerTask (ContainerBalancerTask.java:lambda$initializeIteration$2(459)) - Datanode localhost-120.21.140.29 d5fd6649-e311-4b18-b88d-63e4090201fa is Under-Utilized.
2023-09-07 14:20:00,160 [main] DEBUG balancer.ContainerBalancerTask (ContainerBalancerTask.java:lambda$initializeIteration$2(459)) - Datanode localhost-242.13.83.74 d7abfa5c-5e3d-4bc8-ac59-4ea1596f9ff8 is Under-Utilized.
2023-09-07 14:20:00,160 [main] DEBUG balancer.ContainerBalancerTask (ContainerBalancerTask.java:lambda$initializeIteration$2(459)) - Datanode localhost-16.207.51.42 cd8f9d31-a619-41de-9e84-212b0f68bf8d is Under-Utilized.
2023-09-07 14:20:00,162 [main] DEBUG balancer.ContainerBalancerTask (ContainerBalancerTask.java:matchSourceWithTarget(708)) - ContainerBalancer is finding suitable target for source datanode d0cbf7e9-e32c-4634-b5b7-14ddb65ddc0f
2023-09-07 14:20:00,163 [main] INFO  balancer.ContainerBalancerTask (ContainerBalancerTask.java:matchSourceWithTarget(722)) - ContainerBalancer matched source datanode d0cbf7e9-e32c-4634-b5b7-14ddb65ddc0f with target datanode d5fd6649-e311-4b18-b88d-63e4090201fa for container move.
2023-09-07 14:20:00,163 [main] INFO  balancer.ContainerBalancerTask (ContainerBalancerTask.java:processMoveSelection(569)) - ContainerBalancer is trying to move container #85 with size 5368709120B from source datanode d0cbf7e9-e32c-4634-b5b7-14ddb65ddc0f to target datanode d5fd6649-e311-4b18-b88d-63e4090201fa
2023-09-07 14:20:00,163 [main] DEBUG balancer.ContainerBalancerTask (ContainerBalancerTask.java:lambda$moveContainer$3(837)) - Container move completed for container #85 from source d0cbf7e9-e32c-4634-b5b7-14ddb65ddc0f to target d5fd6649-e311-4b18-b88d-63e4090201fa
2023-09-07 14:20:00,165 [main] DEBUG balancer.ContainerBalancerTask (ContainerBalancerTask.java:matchSourceWithTarget(708)) - ContainerBalancer is finding suitable target for source datanode d0cbf7e9-e32c-4634-b5b7-14ddb65ddc0f
2023-09-07 14:20:00,166 [main] INFO  balancer.ContainerBalancerTask (ContainerBalancerTask.java:matchSourceWithTarget(722)) - ContainerBalancer matched source datanode d0cbf7e9-e32c-4634-b5b7-14ddb65ddc0f with target datanode d7abfa5c-5e3d-4bc8-ac59-4ea1596f9ff8 for container move.
2023-09-07 14:20:00,166 [main] INFO  balancer.ContainerBalancerTask (ContainerBalancerTask.java:processMoveSelection(569)) - ContainerBalancer is trying to move container #89 with size 4294967296B from source datanode d0cbf7e9-e32c-4634-b5b7-14ddb65ddc0f to target datanode d7abfa5c-5e3d-4bc8-ac59-4ea1596f9ff8
2023-09-07 14:20:00,166 [main] DEBUG balancer.ContainerBalancerTask (ContainerBalancerTask.java:lambda$moveContainer$3(837)) - Container move completed for container #89 from source d0cbf7e9-e32c-4634-b5b7-14ddb65ddc0f to target d7abfa5c-5e3d-4bc8-ac59-4ea1596f9ff8
2023-09-07 14:20:00,168 [main] DEBUG balancer.ContainerBalancerTask (ContainerBalancerTask.java:matchSourceWithTarget(708)) - ContainerBalancer is finding suitable target for source datanode 4984ea9f-f06c-4502-8366-2dcc456b8493
2023-09-07 14:20:00,168 [main] INFO  balancer.ContainerBalancerTask (ContainerBalancerTask.java:matchSourceWithTarget(722)) - ContainerBalancer matched source datanode 4984ea9f-f06c-4502-8366-2dcc456b8493 with target datanode d7abfa5c-5e3d-4bc8-ac59-4ea1596f9ff8 for container move.
2023-09-07 14:20:00,168 [main] INFO  balancer.ContainerBalancerTask (ContainerBalancerTask.java:processMoveSelection(569)) - ContainerBalancer is trying to move container #68 with size 5368709120B from source datanode 4984ea9f-f06c-4502-8366-2dcc456b8493 to target datanode d7abfa5c-5e3d-4bc8-ac59-4ea1596f9ff8
2023-09-07 14:20:00,168 [main] DEBUG balancer.ContainerBalancerTask (ContainerBalancerTask.java:lambda$moveContainer$3(837)) - Container move completed for container #68 from source 4984ea9f-f06c-4502-8366-2dcc456b8493 to target d7abfa5c-5e3d-4bc8-ac59-4ea1596f9ff8
2023-09-07 14:20:00,171 [main] DEBUG balancer.ContainerBalancerTask (ContainerBalancerTask.java:matchSourceWithTarget(708)) - ContainerBalancer is finding suitable target for source datanode d0cbf7e9-e32c-4634-b5b7-14ddb65ddc0f
2023-09-07 14:20:00,171 [main] INFO  balancer.ContainerBalancerTask (ContainerBalancerTask.java:matchSourceWithTarget(722)) - ContainerBalancer matched source datanode d0cbf7e9-e32c-4634-b5b7-14ddb65ddc0f with target datanode d7abfa5c-5e3d-4bc8-ac59-4ea1596f9ff8 for container move.
2023-09-07 14:20:00,171 [main] INFO  balancer.ContainerBalancerTask (ContainerBalancerTask.java:processMoveSelection(569)) - ContainerBalancer is trying to move container #19 with size 4294967296B from source datanode d0cbf7e9-e32c-4634-b5b7-14ddb65ddc0f to target datanode d7abfa5c-5e3d-4bc8-ac59-4ea1596f9ff8
2023-09-07 14:20:00,172 [main] DEBUG balancer.ContainerBalancerTask (ContainerBalancerTask.java:lambda$moveContainer$3(837)) - Container move completed for container #19 from source d0cbf7e9-e32c-4634-b5b7-14ddb65ddc0f to target d7abfa5c-5e3d-4bc8-ac59-4ea1596f9ff8
2023-09-07 14:20:00,174 [main] DEBUG balancer.ContainerBalancerTask (ContainerBalancerTask.java:matchSourceWithTarget(708)) - ContainerBalancer is finding suitable target for source datanode 4984ea9f-f06c-4502-8366-2dcc456b8493
2023-09-07 14:20:00,174 [main] INFO  balancer.ContainerBalancerTask (ContainerBalancerTask.java:matchSourceWithTarget(722)) - ContainerBalancer matched source datanode 4984ea9f-f06c-4502-8366-2dcc456b8493 with target datanode d7abfa5c-5e3d-4bc8-ac59-4ea1596f9ff8 for container move.
2023-09-07 14:20:00,174 [main] INFO  balancer.ContainerBalancerTask (ContainerBalancerTask.java:processMoveSelection(569)) - ContainerBalancer is trying to move container #67 with size 4294967296B from source datanode 4984ea9f-f06c-4502-8366-2dcc456b8493 to target datanode d7abfa5c-5e3d-4bc8-ac59-4ea1596f9ff8
2023-09-07 14:20:00,174 [main] DEBUG balancer.ContainerBalancerTask (ContainerBalancerTask.java:lambda$moveContainer$3(837)) - Container move completed for container #67 from source 4984ea9f-f06c-4502-8366-2dcc456b8493 to target d7abfa5c-5e3d-4bc8-ac59-4ea1596f9ff8
2023-09-07 14:20:00,176 [main] DEBUG balancer.ContainerBalancerTask (ContainerBalancerTask.java:matchSourceWithTarget(708)) - ContainerBalancer is finding suitable target for source datanode 03875b1e-e131-481e-8ae7-a3f281153f42
2023-09-07 14:20:00,176 [main] INFO  balancer.ContainerBalancerTask (ContainerBalancerTask.java:matchSourceWithTarget(722)) - ContainerBalancer matched source datanode 03875b1e-e131-481e-8ae7-a3f281153f42 with target datanode d7abfa5c-5e3d-4bc8-ac59-4ea1596f9ff8 for container move.
2023-09-07 14:20:00,176 [main] INFO  balancer.ContainerBalancerTask (ContainerBalancerTask.java:processMoveSelection(569)) - ContainerBalancer is trying to move container #53 with size 5368709120B from source datanode 03875b1e-e131-481e-8ae7-a3f281153f42 to target datanode d7abfa5c-5e3d-4bc8-ac59-4ea1596f9ff8
2023-09-07 14:20:00,176 [main] DEBUG balancer.ContainerBalancerTask (ContainerBalancerTask.java:lambda$moveContainer$3(837)) - Container move completed for container #53 from source 03875b1e-e131-481e-8ae7-a3f281153f42 to target d7abfa5c-5e3d-4bc8-ac59-4ea1596f9ff8
2023-09-07 14:20:00,179 [main] DEBUG balancer.ContainerBalancerTask (ContainerBalancerTask.java:matchSourceWithTarget(708)) - ContainerBalancer is finding suitable target for source datanode d0cbf7e9-e32c-4634-b5b7-14ddb65ddc0f
2023-09-07 14:20:00,179 [main] INFO  balancer.ContainerBalancerTask (ContainerBalancerTask.java:matchSourceWithTarget(722)) - ContainerBalancer matched source datanode d0cbf7e9-e32c-4634-b5b7-14ddb65ddc0f with target datanode d7abfa5c-5e3d-4bc8-ac59-4ea1596f9ff8 for container move.
2023-09-07 14:20:00,179 [main] INFO  balancer.ContainerBalancerTask (ContainerBalancerTask.java:processMoveSelection(569)) - ContainerBalancer is trying to move container #83 with size 3221225472B from source datanode d0cbf7e9-e32c-4634-b5b7-14ddb65ddc0f to target datanode d7abfa5c-5e3d-4bc8-ac59-4ea1596f9ff8
2023-09-07 14:20:00,179 [main] DEBUG balancer.ContainerBalancerTask (ContainerBalancerTask.java:lambda$moveContainer$3(837)) - Container move completed for container #83 from source d0cbf7e9-e32c-4634-b5b7-14ddb65ddc0f to target d7abfa5c-5e3d-4bc8-ac59-4ea1596f9ff8
2023-09-07 14:20:00,182 [main] DEBUG balancer.ContainerBalancerTask (ContainerBalancerTask.java:matchSourceWithTarget(708)) - ContainerBalancer is finding suitable target for source datanode 4984ea9f-f06c-4502-8366-2dcc456b8493
2023-09-07 14:20:00,182 [main] INFO  balancer.ContainerBalancerTask (ContainerBalancerTask.java:matchSourceWithTarget(722)) - ContainerBalancer matched source datanode 4984ea9f-f06c-4502-8366-2dcc456b8493 with target datanode d7abfa5c-5e3d-4bc8-ac59-4ea1596f9ff8 for container move.
2023-09-07 14:20:00,182 [main] INFO  balancer.ContainerBalancerTask (ContainerBalancerTask.java:processMoveSelection(569)) - ContainerBalancer is trying to move container #71 with size 3221225472B from source datanode 4984ea9f-f06c-4502-8366-2dcc456b8493 to target datanode d7abfa5c-5e3d-4bc8-ac59-4ea1596f9ff8
2023-09-07 14:20:00,182 [main] DEBUG balancer.ContainerBalancerTask (ContainerBalancerTask.java:lambda$moveContainer$3(837)) - Container move completed for container #71 from source 4984ea9f-f06c-4502-8366-2dcc456b8493 to target d7abfa5c-5e3d-4bc8-ac59-4ea1596f9ff8
2023-09-07 14:20:00,185 [main] DEBUG balancer.ContainerBalancerTask (ContainerBalancerTask.java:matchSourceWithTarget(708)) - ContainerBalancer is finding suitable target for source datanode d0cbf7e9-e32c-4634-b5b7-14ddb65ddc0f
2023-09-07 14:20:00,185 [main] INFO  balancer.ContainerBalancerTask (ContainerBalancerTask.java:matchSourceWithTarget(722)) - ContainerBalancer matched source datanode d0cbf7e9-e32c-4634-b5b7-14ddb65ddc0f with target datanode cd8f9d31-a619-41de-9e84-212b0f68bf8d for container move.
2023-09-07 14:20:00,185 [main] INFO  balancer.ContainerBalancerTask (ContainerBalancerTask.java:processMoveSelection(569)) - ContainerBalancer is trying to move container #29 with size 5368709120B from source datanode d0cbf7e9-e32c-4634-b5b7-14ddb65ddc0f to target datanode cd8f9d31-a619-41de-9e84-212b0f68bf8d
2023-09-07 14:20:00,186 [main] DEBUG balancer.ContainerBalancerTask (ContainerBalancerTask.java:lambda$moveContainer$3(837)) - Container move completed for container #29 from source d0cbf7e9-e32c-4634-b5b7-14ddb65ddc0f to target cd8f9d31-a619-41de-9e84-212b0f68bf8d
2023-09-07 14:20:00,189 [main] DEBUG balancer.ContainerBalancerTask (ContainerBalancerTask.java:matchSourceWithTarget(708)) - ContainerBalancer is finding suitable target for source datanode ee737430-6bcc-4737-9ad8-36bafd7f68ef
2023-09-07 14:20:00,189 [main] INFO  balancer.ContainerBalancerTask (ContainerBalancerTask.java:matchSourceWithTarget(722)) - ContainerBalancer matched source datanode ee737430-6bcc-4737-9ad8-36bafd7f68ef with target datanode d7abfa5c-5e3d-4bc8-ac59-4ea1596f9ff8 for container move.
2023-09-07 14:20:00,189 [main] INFO  balancer.ContainerBalancerTask (ContainerBalancerTask.java:processMoveSelection(569)) - ContainerBalancer is trying to move container #40 with size 5368709120B from source datanode ee737430-6bcc-4737-9ad8-36bafd7f68ef to target datanode d7abfa5c-5e3d-4bc8-ac59-4ea1596f9ff8
2023-09-07 14:20:00,189 [main] DEBUG balancer.ContainerBalancerTask (ContainerBalancerTask.java:lambda$moveContainer$3(837)) - Container move completed for container #40 from source ee737430-6bcc-4737-9ad8-36bafd7f68ef to target d7abfa5c-5e3d-4bc8-ac59-4ea1596f9ff8
2023-09-07 14:20:00,191 [main] DEBUG balancer.ContainerBalancerTask (ContainerBalancerTask.java:matchSourceWithTarget(708)) - ContainerBalancer is finding suitable target for source datanode 03875b1e-e131-481e-8ae7-a3f281153f42
2023-09-07 14:20:00,191 [main] INFO  balancer.ContainerBalancerTask (ContainerBalancerTask.java:matchSourceWithTarget(722)) - ContainerBalancer matched source datanode 03875b1e-e131-481e-8ae7-a3f281153f42 with target datanode d7abfa5c-5e3d-4bc8-ac59-4ea1596f9ff8 for container move.
2023-09-07 14:20:00,191 [main] INFO  balancer.ContainerBalancerTask (ContainerBalancerTask.java:processMoveSelection(569)) - ContainerBalancer is trying to move container #51 with size 3221225472B from source datanode 03875b1e-e131-481e-8ae7-a3f281153f42 to target datanode d7abfa5c-5e3d-4bc8-ac59-4ea1596f9ff8
2023-09-07 14:20:00,192 [main] DEBUG balancer.ContainerBalancerTask (ContainerBalancerTask.java:lambda$moveContainer$3(837)) - Container move completed for container #51 from source 03875b1e-e131-481e-8ae7-a3f281153f42 to target d7abfa5c-5e3d-4bc8-ac59-4ea1596f9ff8
2023-09-07 14:20:00,194 [main] DEBUG balancer.ContainerBalancerTask (ContainerBalancerTask.java:matchSourceWithTarget(708)) - ContainerBalancer is finding suitable target for source datanode 4984ea9f-f06c-4502-8366-2dcc456b8493
2023-09-07 14:20:00,194 [main] INFO  balancer.ContainerBalancerTask (ContainerBalancerTask.java:matchSourceWithTarget(722)) - ContainerBalancer matched source datanode 4984ea9f-f06c-4502-8366-2dcc456b8493 with target datanode cd8f9d31-a619-41de-9e84-212b0f68bf8d for container move.
2023-09-07 14:20:00,194 [main] INFO  balancer.ContainerBalancerTask (ContainerBalancerTask.java:processMoveSelection(569)) - ContainerBalancer is trying to move container #66 with size 3221225472B from source datanode 4984ea9f-f06c-4502-8366-2dcc456b8493 to target datanode cd8f9d31-a619-41de-9e84-212b0f68bf8d
2023-09-07 14:20:00,194 [main] DEBUG balancer.ContainerBalancerTask (ContainerBalancerTask.java:lambda$moveContainer$3(837)) - Container move completed for container #66 from source 4984ea9f-f06c-4502-8366-2dcc456b8493 to target cd8f9d31-a619-41de-9e84-212b0f68bf8d
2023-09-07 14:20:00,198 [main] DEBUG balancer.ContainerBalancerTask (ContainerBalancerTask.java:matchSourceWithTarget(708)) - ContainerBalancer is finding suitable target for source datanode ee737430-6bcc-4737-9ad8-36bafd7f68ef
2023-09-07 14:20:00,198 [main] INFO  balancer.ContainerBalancerTask (ContainerBalancerTask.java:matchSourceWithTarget(722)) - ContainerBalancer matched source datanode ee737430-6bcc-4737-9ad8-36bafd7f68ef with target datanode d7abfa5c-5e3d-4bc8-ac59-4ea1596f9ff8 for container move.
2023-09-07 14:20:00,198 [main] INFO  balancer.ContainerBalancerTask (ContainerBalancerTask.java:processMoveSelection(569)) - ContainerBalancer is trying to move container #86 with size 1073741824B from source datanode ee737430-6bcc-4737-9ad8-36bafd7f68ef to target datanode d7abfa5c-5e3d-4bc8-ac59-4ea1596f9ff8
2023-09-07 14:20:00,198 [main] DEBUG balancer.ContainerBalancerTask (ContainerBalancerTask.java:lambda$moveContainer$3(837)) - Container move completed for container #86 from source ee737430-6bcc-4737-9ad8-36bafd7f68ef to target d7abfa5c-5e3d-4bc8-ac59-4ea1596f9ff8
2023-09-07 14:20:00,199 [main] WARN  balancer.ContainerBalancerTask (ContainerBalancerTask.java:reachedMaxSizeToMovePerIteration(733)) - Reached max size to move limit. 53687091200 bytes have already been scheduled for balancing and the limit is 53687091200 bytes.
2023-09-07 14:20:00,199 [main] INFO  balancer.ContainerBalancerTask (ContainerBalancerTask.java:checkIterationMoveResults(642)) - Iteration Summary. Number of Datanodes involved: 7. Size moved: 50 GB (53687091200 Bytes). Number of Container moves completed: 13.
2023-09-07 14:20:00,199 [main] INFO  balancer.ContainerBalancerTask (ContainerBalancerTask.java:balance(259)) - Result of this iteration of Container Balancer: ITERATION_COMPLETED
2023-09-07 14:20:00,199 [main] INFO  balancer.ContainerBalancerTask (ContainerBalancerTask.java:tryStopWithSaveConfiguration(308)) - Save Configuration for stopping. Reason: Completed all iterations.
]]></system-out>
  </testcase>
</testsuite>