<?xml version="1.0" encoding="UTF-8"?>
<testsuite xmlns:xsi="http://www.w3.org/2001/XMLSchema-instance" xsi:noNamespaceSchemaLocation="https://maven.apache.org/surefire/maven-surefire-plugin/xsd/surefire-test-report.xsd" name="org.apache.hadoop.ozone.client.rpc.TestOzoneClientRetriesOnException" time="89.921" tests="2" errors="0" skipped="0" failures="1">
  <properties>
    <property name="awt.toolkit" value="sun.awt.X11.XToolkit"/>
    <property name="file.encoding.pkg" value="sun.io"/>
    <property name="java.specification.version" value="1.8"/>
    <property name="sun.cpu.isalist" value=""/>
    <property name="sun.jnu.encoding" value="ANSI_X3.4-1968"/>
    <property name="java.class.path" value="/github/workspace/mnt/ozone/hadoop-ozone/integration-test/target/test-classes:/github/workspace/mnt/ozone/hadoop-ozone/integration-test/target/classes:/home/user/.m2/repository/org/apache/hadoop/hadoop-ozone-common/1.1.0-SNAPSHOT/hadoop-ozone-common-1.1.0-SNAPSHOT.jar:/home/user/.m2/repository/org/apache/commons/commons-compress/1.4.1/commons-compress-1.4.1.jar:/home/user/.m2/repository/org/tukaani/xz/1.0/xz-1.0.jar:/home/user/.m2/repository/org/apache/hadoop/hadoop-hdds-common/1.1.0-SNAPSHOT/hadoop-hdds-common-1.1.0-SNAPSHOT.jar:/home/user/.m2/repository/org/apache/hadoop/hadoop-hdds-hadoop-dependency-client/1.1.0-SNAPSHOT/hadoop-hdds-hadoop-dependency-client-1.1.0-SNAPSHOT.jar:/home/user/.m2/repository/info/picocli/picocli/4.4.0/picocli-4.4.0.jar:/home/user/.m2/repository/com/fasterxml/jackson/core/jackson-annotations/2.10.3/jackson-annotations-2.10.3.jar:/home/user/.m2/repository/javax/annotation/javax.annotation-api/1.2/javax.annotation-api-1.2.jar:/home/user/.m2/repository/org/apache/ratis/ratis-server/1.1.0-11689cd-SNAPSHOT/ratis-server-1.1.0-11689cd-SNAPSHOT.jar:/home/user/.m2/repository/org/apache/ratis/ratis-client/1.1.0-11689cd-SNAPSHOT/ratis-client-1.1.0-11689cd-SNAPSHOT.jar:/home/user/.m2/repository/org/apache/ratis/ratis-metrics/1.1.0-11689cd-SNAPSHOT/ratis-metrics-1.1.0-11689cd-SNAPSHOT.jar:/home/user/.m2/repository/org/apache/ratis/ratis-netty/1.1.0-11689cd-SNAPSHOT/ratis-netty-1.1.0-11689cd-SNAPSHOT.jar:/home/user/.m2/repository/org/apache/ratis/ratis-grpc/1.1.0-11689cd-SNAPSHOT/ratis-grpc-1.1.0-11689cd-SNAPSHOT.jar:/home/user/.m2/repository/org/apache/logging/log4j/log4j-api/2.13.3/log4j-api-2.13.3.jar:/home/user/.m2/repository/org/apache/logging/log4j/log4j-core/2.13.3/log4j-core-2.13.3.jar:/home/user/.m2/repository/com/lmax/disruptor/3.4.2/disruptor-3.4.2.jar:/home/user/.m2/repository/org/apache/commons/commons-pool2/2.6.0/commons-pool2-2.6.0.jar:/home/user/.m2/repository/org/bouncycastle/bcpkix-jdk15on/1.60/bcpkix-jdk15on-1.60.jar:/home/user/.m2/repository/commons-validator/commons-validator/1.6/commons-validator-1.6.jar:/home/user/.m2/repository/commons-digester/commons-digester/1.8.1/commons-digester-1.8.1.jar:/home/user/.m2/repository/io/jaegertracing/jaeger-client/1.2.0/jaeger-client-1.2.0.jar:/home/user/.m2/repository/io/jaegertracing/jaeger-thrift/1.2.0/jaeger-thrift-1.2.0.jar:/home/user/.m2/repository/org/apache/thrift/libthrift/0.13.0/libthrift-0.13.0.jar:/home/user/.m2/repository/com/squareup/okhttp3/okhttp/4.2.2/okhttp-4.2.2.jar:/home/user/.m2/repository/com/squareup/okio/okio/2.2.2/okio-2.2.2.jar:/home/user/.m2/repository/org/jetbrains/kotlin/kotlin-stdlib/1.3.50/kotlin-stdlib-1.3.50.jar:/home/user/.m2/repository/org/jetbrains/kotlin/kotlin-stdlib-common/1.3.50/kotlin-stdlib-common-1.3.50.jar:/home/user/.m2/repository/org/jetbrains/annotations/13.0/annotations-13.0.jar:/home/user/.m2/repository/io/jaegertracing/jaeger-core/1.2.0/jaeger-core-1.2.0.jar:/home/user/.m2/repository/io/jaegertracing/jaeger-tracerresolver/1.2.0/jaeger-tracerresolver-1.2.0.jar:/home/user/.m2/repository/io/opentracing/contrib/opentracing-tracerresolver/0.1.8/opentracing-tracerresolver-0.1.8.jar:/home/user/.m2/repository/io/opentracing/opentracing-util/0.33.0/opentracing-util-0.33.0.jar:/home/user/.m2/repository/io/opentracing/opentracing-api/0.33.0/opentracing-api-0.33.0.jar:/home/user/.m2/repository/io/opentracing/opentracing-noop/0.33.0/opentracing-noop-0.33.0.jar:/home/user/.m2/repository/org/apache/hadoop/hadoop-hdds-client/1.1.0-SNAPSHOT/hadoop-hdds-client-1.1.0-SNAPSHOT.jar:/home/user/.m2/repository/org/apache/hadoop/hadoop-ozone-interface-client/1.1.0-SNAPSHOT/hadoop-ozone-interface-client-1.1.0-SNAPSHOT.jar:/home/user/.m2/repository/org/apache/hadoop/hadoop-hdds-test-utils/1.1.0-SNAPSHOT/hadoop-hdds-test-utils-1.1.0-SNAPSHOT.jar:/home/user/.m2/repository/com/google/guava/guava/28.2-jre/guava-28.2-jre.jar:/home/user/.m2/repository/com/google/guava/failureaccess/1.0.1/failureaccess-1.0.1.jar:/home/user/.m2/repository/com/google/guava/listenablefuture/9999.0-empty-to-avoid-conflict-with-guava/listenablefuture-9999.0-empty-to-avoid-conflict-with-guava.jar:/home/user/.m2/repository/com/google/code/findbugs/jsr305/3.0.0/jsr305-3.0.0.jar:/home/user/.m2/repository/org/checkerframework/checker-qual/2.10.0/checker-qual-2.10.0.jar:/home/user/.m2/repository/com/google/errorprone/error_prone_annotations/2.2.0/error_prone_annotations-2.2.0.jar:/home/user/.m2/repository/com/google/j2objc/j2objc-annotations/1.3/j2objc-annotations-1.3.jar:/home/user/.m2/repository/commons-io/commons-io/2.5/commons-io-2.5.jar:/home/user/.m2/repository/commons-logging/commons-logging/1.2/commons-logging-1.2.jar:/home/user/.m2/repository/log4j/log4j/1.2.17/log4j-1.2.17.jar:/home/user/.m2/repository/org/slf4j/slf4j-api/1.7.25/slf4j-api-1.7.25.jar:/home/user/.m2/repository/org/apache/hadoop/hadoop-hdds-server-scm/1.1.0-SNAPSHOT/hadoop-hdds-server-scm-1.1.0-SNAPSHOT.jar:/home/user/.m2/repository/org/apache/hadoop/hadoop-hdds-container-service/1.1.0-SNAPSHOT/hadoop-hdds-container-service-1.1.0-SNAPSHOT.jar:/home/user/.m2/repository/org/apache/hadoop/hadoop-hdds-hadoop-dependency-server/1.1.0-SNAPSHOT/hadoop-hdds-hadoop-dependency-server-1.1.0-SNAPSHOT.jar:/home/user/.m2/repository/org/apache/hadoop/hadoop-hdds-server-framework/1.1.0-SNAPSHOT/hadoop-hdds-server-framework-1.1.0-SNAPSHOT.jar:/home/user/.m2/repository/org/apache/hadoop/hadoop-hdds-interface-server/1.1.0-SNAPSHOT/hadoop-hdds-interface-server-1.1.0-SNAPSHOT.jar:/home/user/.m2/repository/org/apache/hadoop/hadoop-hdds-interface-admin/1.1.0-SNAPSHOT/hadoop-hdds-interface-admin-1.1.0-SNAPSHOT.jar:/home/user/.m2/repository/org/rocksdb/rocksdbjni/6.8.1/rocksdbjni-6.8.1.jar:/home/user/.m2/repository/io/prometheus/simpleclient_dropwizard/0.7.0/simpleclient_dropwizard-0.7.0.jar:/home/user/.m2/repository/io/prometheus/simpleclient/0.7.0/simpleclient-0.7.0.jar:/home/user/.m2/repository/io/prometheus/simpleclient_common/0.7.0/simpleclient_common-0.7.0.jar:/home/user/.m2/repository/com/fasterxml/jackson/datatype/jackson-datatype-jsr310/2.10.3/jackson-datatype-jsr310-2.10.3.jar:/home/user/.m2/repository/io/dropwizard/metrics/metrics-core/3.2.4/metrics-core-3.2.4.jar:/home/user/.m2/repository/org/apache/hadoop/hadoop-hdfs-client/3.2.1/hadoop-hdfs-client-3.2.1.jar:/home/user/.m2/repository/org/bouncycastle/bcprov-jdk15on/1.60/bcprov-jdk15on-1.60.jar:/home/user/.m2/repository/org/apache/hadoop/hadoop-ozone-ozone-manager/1.1.0-SNAPSHOT/hadoop-ozone-ozone-manager-1.1.0-SNAPSHOT.jar:/home/user/.m2/repository/org/apache/hadoop/hadoop-hdds-interface-client/1.1.0-SNAPSHOT/hadoop-hdds-interface-client-1.1.0-SNAPSHOT.jar:/home/user/.m2/repository/org/apache/ratis/ratis-thirdparty-misc/0.6.0-SNAPSHOT/ratis-thirdparty-misc-0.6.0-SNAPSHOT.jar:/home/user/.m2/repository/org/apache/hadoop/hadoop-ozone-interface-storage/1.1.0-SNAPSHOT/hadoop-ozone-interface-storage-1.1.0-SNAPSHOT.jar:/home/user/.m2/repository/org/apache/hadoop/hadoop-minikdc/3.2.1/hadoop-minikdc-3.2.1.jar:/home/user/.m2/repository/org/apache/kerby/kerb-simplekdc/1.0.1/kerb-simplekdc-1.0.1.jar:/home/user/.m2/repository/org/apache/kerby/kerb-client/1.0.1/kerb-client-1.0.1.jar:/home/user/.m2/repository/org/apache/kerby/kerby-config/1.0.1/kerby-config-1.0.1.jar:/home/user/.m2/repository/org/apache/kerby/kerb-core/1.0.1/kerb-core-1.0.1.jar:/home/user/.m2/repository/org/apache/kerby/kerby-pkix/1.0.1/kerby-pkix-1.0.1.jar:/home/user/.m2/repository/org/apache/kerby/kerby-asn1/1.0.1/kerby-asn1-1.0.1.jar:/home/user/.m2/repository/org/apache/kerby/kerby-util/1.0.1/kerby-util-1.0.1.jar:/home/user/.m2/repository/org/apache/kerby/kerb-common/1.0.1/kerb-common-1.0.1.jar:/home/user/.m2/repository/org/apache/kerby/kerb-crypto/1.0.1/kerb-crypto-1.0.1.jar:/home/user/.m2/repository/org/apache/kerby/kerb-util/1.0.1/kerb-util-1.0.1.jar:/home/user/.m2/repository/org/apache/kerby/token-provider/1.0.1/token-provider-1.0.1.jar:/home/user/.m2/repository/org/apache/kerby/kerb-admin/1.0.1/kerb-admin-1.0.1.jar:/home/user/.m2/repository/org/apache/kerby/kerb-server/1.0.1/kerb-server-1.0.1.jar:/home/user/.m2/repository/org/apache/kerby/kerb-identity/1.0.1/kerb-identity-1.0.1.jar:/home/user/.m2/repository/org/apache/kerby/kerby-xdr/1.0.1/kerby-xdr-1.0.1.jar:/home/user/.m2/repository/org/slf4j/slf4j-log4j12/1.7.25/slf4j-log4j12-1.7.25.jar:/home/user/.m2/repository/org/apache/hadoop/hadoop-ozone-s3gateway/1.1.0-SNAPSHOT/hadoop-ozone-s3gateway-1.1.0-SNAPSHOT.jar:/home/user/.m2/repository/org/jboss/weld/servlet/weld-servlet/2.4.7.Final/weld-servlet-2.4.7.Final.jar:/home/user/.m2/repository/org/glassfish/jersey/containers/jersey-container-servlet-core/2.27/jersey-container-servlet-core-2.27.jar:/home/user/.m2/repository/org/glassfish/hk2/external/javax.inject/2.5.0-b42/javax.inject-2.5.0-b42.jar:/home/user/.m2/repository/org/glassfish/jersey/core/jersey-common/2.27/jersey-common-2.27.jar:/home/user/.m2/repository/org/glassfish/hk2/osgi-resource-locator/1.0.1/osgi-resource-locator-1.0.1.jar:/home/user/.m2/repository/javax/ws/rs/javax.ws.rs-api/2.1/javax.ws.rs-api-2.1.jar:/home/user/.m2/repository/org/glassfish/jersey/ext/cdi/jersey-cdi1x/2.27/jersey-cdi1x-2.27.jar:/home/user/.m2/repository/org/glassfish/jersey/inject/jersey-hk2/2.27/jersey-hk2-2.27.jar:/home/user/.m2/repository/org/glassfish/hk2/hk2-locator/2.5.0-b42/hk2-locator-2.5.0-b42.jar:/home/user/.m2/repository/org/javassist/javassist/3.22.0-CR2/javassist-3.22.0-CR2.jar:/home/user/.m2/repository/org/glassfish/hk2/hk2-api/2.5.0/hk2-api-2.5.0.jar:/home/user/.m2/repository/org/glassfish/hk2/external/jakarta.inject/2.5.0/jakarta.inject-2.5.0.jar:/home/user/.m2/repository/org/glassfish/hk2/hk2-utils/2.5.0/hk2-utils-2.5.0.jar:/home/user/.m2/repository/jakarta/annotation/jakarta.annotation-api/1.3.4/jakarta.annotation-api-1.3.4.jar:/home/user/.m2/repository/org/glassfish/hk2/external/aopalliance-repackaged/2.5.0/aopalliance-repackaged-2.5.0.jar:/home/user/.m2/repository/com/fasterxml/jackson/dataformat/jackson-dataformat-xml/2.10.3/jackson-dataformat-xml-2.10.3.jar:/home/user/.m2/repository/com/fasterxml/jackson/core/jackson-core/2.10.3/jackson-core-2.10.3.jar:/home/user/.m2/repository/com/fasterxml/jackson/module/jackson-module-jaxb-annotations/2.10.3/jackson-module-jaxb-annotations-2.10.3.jar:/home/user/.m2/repository/jakarta/xml/bind/jakarta.xml.bind-api/2.3.2/jakarta.xml.bind-api-2.3.2.jar:/home/user/.m2/repository/jakarta/activation/jakarta.activation-api/1.2.1/jakarta.activation-api-1.2.1.jar:/home/user/.m2/repository/org/codehaus/woodstox/stax2-api/3.1.4/stax2-api-3.1.4.jar:/home/user/.m2/repository/com/fasterxml/woodstox/woodstox-core/5.0.3/woodstox-core-5.0.3.jar:/home/user/.m2/repository/javax/enterprise/cdi-api/1.2/cdi-api-1.2.jar:/home/user/.m2/repository/javax/el/javax.el-api/3.0.0/javax.el-api-3.0.0.jar:/home/user/.m2/repository/javax/interceptor/javax.interceptor-api/1.2/javax.interceptor-api-1.2.jar:/home/user/.m2/repository/javax/inject/javax.inject/1/javax.inject-1.jar:/home/user/.m2/repository/com/sun/xml/bind/jaxb-impl/2.3.0.1/jaxb-impl-2.3.0.1.jar:/home/user/.m2/repository/com/sun/xml/bind/jaxb-core/2.3.0.1/jaxb-core-2.3.0.1.jar:/home/user/.m2/repository/javax/xml/bind/jaxb-api/2.3.0/jaxb-api-2.3.0.jar:/home/user/.m2/repository/javax/activation/activation/1.1.1/activation-1.1.1.jar:/home/user/.m2/repository/org/apache/hadoop/hadoop-ozone-csi/1.1.0-SNAPSHOT/hadoop-ozone-csi-1.1.0-SNAPSHOT.jar:/home/user/.m2/repository/com/google/protobuf/protobuf-java-util/3.11.0/protobuf-java-util-3.11.0.jar:/home/user/.m2/repository/com/google/code/gson/gson/2.2.4/gson-2.2.4.jar:/home/user/.m2/repository/org/apache/hadoop/hadoop-hdds-config/1.1.0-SNAPSHOT/hadoop-hdds-config-1.1.0-SNAPSHOT.jar:/home/user/.m2/repository/com/google/protobuf/protobuf-java/2.5.0/protobuf-java-2.5.0.jar:/home/user/.m2/repository/io/grpc/grpc-netty/1.29.0/grpc-netty-1.29.0.jar:/home/user/.m2/repository/io/grpc/grpc-core/1.29.0/grpc-core-1.29.0.jar:/home/user/.m2/repository/com/google/android/annotations/4.1.1.4/annotations-4.1.1.4.jar:/home/user/.m2/repository/io/perfmark/perfmark-api/0.19.0/perfmark-api-0.19.0.jar:/home/user/.m2/repository/io/netty/netty-codec-http2/4.1.48.Final/netty-codec-http2-4.1.48.Final.jar:/home/user/.m2/repository/io/netty/netty-codec/4.1.48.Final/netty-codec-4.1.48.Final.jar:/home/user/.m2/repository/io/netty/netty-handler/4.1.48.Final/netty-handler-4.1.48.Final.jar:/home/user/.m2/repository/io/netty/netty-codec-http/4.1.48.Final/netty-codec-http-4.1.48.Final.jar:/home/user/.m2/repository/io/netty/netty-handler-proxy/4.1.48.Final/netty-handler-proxy-4.1.48.Final.jar:/home/user/.m2/repository/io/netty/netty-codec-socks/4.1.48.Final/netty-codec-socks-4.1.48.Final.jar:/home/user/.m2/repository/io/netty/netty-transport-native-epoll/4.1.48.Final/netty-transport-native-epoll-4.1.48.Final.jar:/home/user/.m2/repository/io/netty/netty-common/4.1.48.Final/netty-common-4.1.48.Final.jar:/home/user/.m2/repository/io/netty/netty-buffer/4.1.48.Final/netty-buffer-4.1.48.Final.jar:/home/user/.m2/repository/io/netty/netty-transport/4.1.48.Final/netty-transport-4.1.48.Final.jar:/home/user/.m2/repository/io/netty/netty-resolver/4.1.48.Final/netty-resolver-4.1.48.Final.jar:/home/user/.m2/repository/io/netty/netty-transport-native-unix-common/4.1.48.Final/netty-transport-native-unix-common-4.1.48.Final.jar:/home/user/.m2/repository/io/grpc/grpc-protobuf/1.29.0/grpc-protobuf-1.29.0.jar:/home/user/.m2/repository/io/grpc/grpc-api/1.29.0/grpc-api-1.29.0.jar:/home/user/.m2/repository/io/grpc/grpc-context/1.29.0/grpc-context-1.29.0.jar:/home/user/.m2/repository/org/codehaus/mojo/animal-sniffer-annotations/1.18/animal-sniffer-annotations-1.18.jar:/home/user/.m2/repository/com/google/api/grpc/proto-google-common-protos/1.17.0/proto-google-common-protos-1.17.0.jar:/home/user/.m2/repository/io/grpc/grpc-protobuf-lite/1.29.0/grpc-protobuf-lite-1.29.0.jar:/home/user/.m2/repository/io/grpc/grpc-stub/1.29.0/grpc-stub-1.29.0.jar:/home/user/.m2/repository/org/apache/hadoop/hadoop-ozone-recon/1.1.0-SNAPSHOT/hadoop-ozone-recon-1.1.0-SNAPSHOT.jar:/home/user/.m2/repository/org/apache/hadoop/hadoop-ozone-reconcodegen/1.1.0-SNAPSHOT/hadoop-ozone-reconcodegen-1.1.0-SNAPSHOT.jar:/home/user/.m2/repository/com/google/inject/extensions/guice-multibindings/4.0/guice-multibindings-4.0.jar:/home/user/.m2/repository/com/google/inject/guice/4.0/guice-4.0.jar:/home/user/.m2/repository/aopalliance/aopalliance/1.0/aopalliance-1.0.jar:/home/user/.m2/repository/com/google/inject/extensions/guice-assistedinject/4.0/guice-assistedinject-4.0.jar:/home/user/.m2/repository/com/google/inject/extensions/guice-servlet/4.0/guice-servlet-4.0.jar:/home/user/.m2/repository/org/glassfish/jersey/containers/jersey-container-servlet/2.27/jersey-container-servlet-2.27.jar:/home/user/.m2/repository/org/glassfish/hk2/guice-bridge/2.5.0/guice-bridge-2.5.0.jar:/home/user/.m2/repository/org/glassfish/jersey/core/jersey-server/2.27/jersey-server-2.27.jar:/home/user/.m2/repository/org/glassfish/jersey/core/jersey-client/2.27/jersey-client-2.27.jar:/home/user/.m2/repository/org/glassfish/jersey/media/jersey-media-jaxb/2.27/jersey-media-jaxb-2.27.jar:/home/user/.m2/repository/javax/validation/validation-api/1.1.0.Final/validation-api-1.1.0.Final.jar:/home/user/.m2/repository/org/glassfish/jersey/media/jersey-media-json-jackson/2.27/jersey-media-json-jackson-2.27.jar:/home/user/.m2/repository/org/glassfish/jersey/ext/jersey-entity-filtering/2.27/jersey-entity-filtering-2.27.jar:/home/user/.m2/repository/org/jooq/jooq/3.11.10/jooq-3.11.10.jar:/home/user/.m2/repository/org/jooq/jooq-meta/3.11.10/jooq-meta-3.11.10.jar:/home/user/.m2/repository/org/jooq/jooq-codegen/3.11.10/jooq-codegen-3.11.10.jar:/home/user/.m2/repository/com/jolbox/bonecp/0.8.0.RELEASE/bonecp-0.8.0.RELEASE.jar:/home/user/.m2/repository/org/apache/derby/derby/10.14.2.0/derby-10.14.2.0.jar:/home/user/.m2/repository/org/xerial/sqlite-jdbc/3.25.2/sqlite-jdbc-3.25.2.jar:/home/user/.m2/repository/org/springframework/spring-jdbc/5.2.5.RELEASE/spring-jdbc-5.2.5.RELEASE.jar:/home/user/.m2/repository/org/springframework/spring-beans/5.2.5.RELEASE/spring-beans-5.2.5.RELEASE.jar:/home/user/.m2/repository/org/springframework/spring-core/5.2.5.RELEASE/spring-core-5.2.5.RELEASE.jar:/home/user/.m2/repository/org/springframework/spring-jcl/5.2.5.RELEASE/spring-jcl-5.2.5.RELEASE.jar:/home/user/.m2/repository/org/springframework/spring-tx/5.2.5.RELEASE/spring-tx-5.2.5.RELEASE.jar:/home/user/.m2/repository/org/apache/hadoop/hadoop-ozone-client/1.1.0-SNAPSHOT/hadoop-ozone-client-1.1.0-SNAPSHOT.jar:/home/user/.m2/repository/org/apache/hadoop/hadoop-ozone-filesystem/1.1.0-SNAPSHOT/hadoop-ozone-filesystem-1.1.0-SNAPSHOT.jar:/home/user/.m2/repository/org/apache/hadoop/hadoop-ozone-filesystem-common/1.1.0-SNAPSHOT/hadoop-ozone-filesystem-common-1.1.0-SNAPSHOT.jar:/home/user/.m2/repository/org/apache/hadoop/hadoop-ozone-tools/1.1.0-SNAPSHOT/hadoop-ozone-tools-1.1.0-SNAPSHOT.jar:/home/user/.m2/repository/org/apache/hadoop/hadoop-hdfs/3.2.1/hadoop-hdfs-3.2.1.jar:/home/user/.m2/repository/org/apache/ratis/ratis-tools/1.1.0-11689cd-SNAPSHOT/ratis-tools-1.1.0-11689cd-SNAPSHOT.jar:/home/user/.m2/repository/org/apache/ratis/ratis-proto/1.1.0-11689cd-SNAPSHOT/ratis-proto-1.1.0-11689cd-SNAPSHOT.jar:/home/user/.m2/repository/org/apache/ratis/ratis-common/1.1.0-11689cd-SNAPSHOT/ratis-common-1.1.0-11689cd-SNAPSHOT.jar:/home/user/.m2/repository/com/amazonaws/aws-java-sdk-core/1.11.615/aws-java-sdk-core-1.11.615.jar:/home/user/.m2/repository/org/apache/httpcomponents/httpclient/4.5.2/httpclient-4.5.2.jar:/home/user/.m2/repository/org/apache/httpcomponents/httpcore/4.4.4/httpcore-4.4.4.jar:/home/user/.m2/repository/software/amazon/ion/ion-java/1.0.2/ion-java-1.0.2.jar:/home/user/.m2/repository/com/fasterxml/jackson/dataformat/jackson-dataformat-cbor/2.10.3/jackson-dataformat-cbor-2.10.3.jar:/home/user/.m2/repository/joda-time/joda-time/2.8.1/joda-time-2.8.1.jar:/home/user/.m2/repository/com/amazonaws/aws-java-sdk-s3/1.11.615/aws-java-sdk-s3-1.11.615.jar:/home/user/.m2/repository/com/amazonaws/aws-java-sdk-kms/1.11.615/aws-java-sdk-kms-1.11.615.jar:/home/user/.m2/repository/com/amazonaws/jmespath-java/1.11.615/jmespath-java-1.11.615.jar:/home/user/.m2/repository/org/kohsuke/metainf-services/metainf-services/1.8/metainf-services-1.8.jar:/home/user/.m2/repository/org/apache/hadoop/hadoop-hdds-tools/1.1.0-SNAPSHOT/hadoop-hdds-tools-1.1.0-SNAPSHOT.jar:/home/user/.m2/repository/commons-cli/commons-cli/1.2/commons-cli-1.2.jar:/home/user/.m2/repository/org/apache/commons/commons-lang3/3.7/commons-lang3-3.7.jar:/home/user/.m2/repository/org/apache/hadoop/hadoop-ozone-ozone-manager/1.1.0-SNAPSHOT/hadoop-ozone-ozone-manager-1.1.0-SNAPSHOT-tests.jar:/home/user/.m2/repository/junit/junit/4.11/junit-4.11.jar:/home/user/.m2/repository/org/hamcrest/hamcrest-core/1.3/hamcrest-core-1.3.jar:/home/user/.m2/repository/org/openjdk/jmh/jmh-core/1.19/jmh-core-1.19.jar:/home/user/.m2/repository/net/sf/jopt-simple/jopt-simple/4.6/jopt-simple-4.6.jar:/home/user/.m2/repository/org/apache/commons/commons-math3/3.1.1/commons-math3-3.1.1.jar:/home/user/.m2/repository/org/openjdk/jmh/jmh-generator-annprocess/1.19/jmh-generator-annprocess-1.19.jar:/home/user/.m2/repository/org/mockito/mockito-all/1.8.5/mockito-all-1.8.5.jar:/home/user/.m2/repository/org/apache/hadoop/hadoop-kms/3.2.1/hadoop-kms-3.2.1.jar:/home/user/.m2/repository/org/apache/hadoop/hadoop-auth/3.2.1/hadoop-auth-3.2.1.jar:/home/user/.m2/repository/com/nimbusds/nimbus-jose-jwt/7.9/nimbus-jose-jwt-7.9.jar:/home/user/.m2/repository/com/github/stephenc/jcip/jcip-annotations/1.0-1/jcip-annotations-1.0-1.jar:/home/user/.m2/repository/net/minidev/json-smart/2.3/json-smart-2.3.jar:/home/user/.m2/repository/net/minidev/accessors-smart/1.2/accessors-smart-1.2.jar:/home/user/.m2/repository/org/ow2/asm/asm/5.0.4/asm-5.0.4.jar:/home/user/.m2/repository/org/apache/zookeeper/zookeeper/3.4.13/zookeeper-3.4.13.jar:/home/user/.m2/repository/org/apache/yetus/audience-annotations/0.5.0/audience-annotations-0.5.0.jar:/home/user/.m2/repository/org/apache/curator/curator-framework/2.13.0/curator-framework-2.13.0.jar:/home/user/.m2/repository/com/sun/jersey/jersey-core/1.19/jersey-core-1.19.jar:/home/user/.m2/repository/javax/ws/rs/jsr311-api/1.1.1/jsr311-api-1.1.1.jar:/home/user/.m2/repository/com/sun/jersey/jersey-server/1.19/jersey-server-1.19.jar:/home/user/.m2/repository/javax/servlet/javax.servlet-api/3.1.0/javax.servlet-api-3.1.0.jar:/home/user/.m2/repository/org/eclipse/jetty/jetty-server/9.4.26.v20200117/jetty-server-9.4.26.v20200117.jar:/home/user/.m2/repository/org/eclipse/jetty/jetty-http/9.4.26.v20200117/jetty-http-9.4.26.v20200117.jar:/home/user/.m2/repository/org/eclipse/jetty/jetty-io/9.4.26.v20200117/jetty-io-9.4.26.v20200117.jar:/home/user/.m2/repository/org/eclipse/jetty/jetty-webapp/9.4.26.v20200117/jetty-webapp-9.4.26.v20200117.jar:/home/user/.m2/repository/org/eclipse/jetty/jetty-xml/9.4.26.v20200117/jetty-xml-9.4.26.v20200117.jar:/home/user/.m2/repository/org/eclipse/jetty/jetty-servlet/9.4.26.v20200117/jetty-servlet-9.4.26.v20200117.jar:/home/user/.m2/repository/org/eclipse/jetty/jetty-security/9.4.26.v20200117/jetty-security-9.4.26.v20200117.jar:/home/user/.m2/repository/org/apache/hadoop/hadoop-common/3.2.1/hadoop-common-3.2.1.jar:/home/user/.m2/repository/commons-net/commons-net/3.6/commons-net-3.6.jar:/home/user/.m2/repository/commons-collections/commons-collections/3.2.2/commons-collections-3.2.2.jar:/home/user/.m2/repository/com/sun/jersey/jersey-servlet/1.19/jersey-servlet-1.19.jar:/home/user/.m2/repository/com/sun/jersey/jersey-json/1.19/jersey-json-1.19.jar:/home/user/.m2/repository/org/codehaus/jettison/jettison/1.1/jettison-1.1.jar:/home/user/.m2/repository/org/codehaus/jackson/jackson-jaxrs/1.9.2/jackson-jaxrs-1.9.2.jar:/home/user/.m2/repository/org/codehaus/jackson/jackson-xc/1.9.2/jackson-xc-1.9.2.jar:/home/user/.m2/repository/commons-beanutils/commons-beanutils/1.9.4/commons-beanutils-1.9.4.jar:/home/user/.m2/repository/org/apache/commons/commons-configuration2/2.1.1/commons-configuration2-2.1.1.jar:/home/user/.m2/repository/org/apache/commons/commons-text/1.4/commons-text-1.4.jar:/home/user/.m2/repository/com/google/re2j/re2j/1.1/re2j-1.1.jar:/home/user/.m2/repository/com/jcraft/jsch/0.1.54/jsch-0.1.54.jar:/home/user/.m2/repository/org/apache/curator/curator-client/2.13.0/curator-client-2.13.0.jar:/home/user/.m2/repository/org/apache/curator/curator-recipes/2.13.0/curator-recipes-2.13.0.jar:/home/user/.m2/repository/dnsjava/dnsjava/2.1.7/dnsjava-2.1.7.jar:/home/user/.m2/repository/org/slf4j/jul-to-slf4j/1.7.25/jul-to-slf4j-1.7.25.jar:/home/user/.m2/repository/org/eclipse/jetty/jetty-util/9.4.26.v20200117/jetty-util-9.4.26.v20200117.jar:/home/user/.m2/repository/com/fasterxml/jackson/core/jackson-databind/2.10.3/jackson-databind-2.10.3.jar:/home/user/.m2/repository/org/apache/hadoop/hadoop-kms/3.2.1/hadoop-kms-3.2.1-tests.jar:/home/user/.m2/repository/org/apache/hadoop/hadoop-hdds-server-scm/1.1.0-SNAPSHOT/hadoop-hdds-server-scm-1.1.0-SNAPSHOT-tests.jar:/home/user/.m2/repository/org/apache/hadoop/hadoop-hdds-container-service/1.1.0-SNAPSHOT/hadoop-hdds-container-service-1.1.0-SNAPSHOT-tests.jar:/home/user/.m2/repository/org/apache/hadoop/hadoop-hdds-common/1.1.0-SNAPSHOT/hadoop-hdds-common-1.1.0-SNAPSHOT-tests.jar:/home/user/.m2/repository/org/yaml/snakeyaml/1.16/snakeyaml-1.16.jar:/home/user/.m2/repository/org/apache/hadoop/hadoop-hdds-hadoop-dependency-test/1.1.0-SNAPSHOT/hadoop-hdds-hadoop-dependency-test-1.1.0-SNAPSHOT.jar:/home/user/.m2/repository/org/apache/hadoop/hadoop-common/3.2.1/hadoop-common-3.2.1-tests.jar:/home/user/.m2/repository/javax/servlet/jsp/jsp-api/2.1/jsp-api-2.1.jar:/home/user/.m2/repository/org/apache/hadoop/hadoop-hdfs/3.2.1/hadoop-hdfs-3.2.1-tests.jar:/home/user/.m2/repository/org/eclipse/jetty/jetty-util-ajax/9.4.26.v20200117/jetty-util-ajax-9.4.26.v20200117.jar:/home/user/.m2/repository/commons-codec/commons-codec/1.11/commons-codec-1.11.jar:/home/user/.m2/repository/commons-daemon/commons-daemon/1.0.13/commons-daemon-1.0.13.jar:/home/user/.m2/repository/io/netty/netty/3.10.5.Final/netty-3.10.5.Final.jar:/home/user/.m2/repository/io/netty/netty-all/4.1.48.Final/netty-all-4.1.48.Final.jar:/home/user/.m2/repository/org/apache/htrace/htrace-core4/4.1.0-incubating/htrace-core4-4.1.0-incubating.jar:/home/user/.m2/repository/org/fusesource/leveldbjni/leveldbjni-all/1.8/leveldbjni-all-1.8.jar:/home/user/.m2/repository/org/apache/hadoop/hadoop-distcp/3.2.1/hadoop-distcp-3.2.1.jar:/home/user/.m2/repository/org/apache/hadoop/hadoop-mapreduce-client-jobclient/3.2.1/hadoop-mapreduce-client-jobclient-3.2.1.jar:/home/user/.m2/repository/org/apache/hadoop/hadoop-mapreduce-client-common/3.2.1/hadoop-mapreduce-client-common-3.2.1.jar:/home/user/.m2/repository/org/apache/hadoop/hadoop-yarn-common/3.2.1/hadoop-yarn-common-3.2.1.jar:/home/user/.m2/repository/org/apache/hadoop/hadoop-yarn-api/3.2.1/hadoop-yarn-api-3.2.1.jar:/home/user/.m2/repository/com/sun/jersey/jersey-client/1.19/jersey-client-1.19.jar:/home/user/.m2/repository/com/sun/jersey/contribs/jersey-guice/1.19/jersey-guice-1.19.jar:/home/user/.m2/repository/com/fasterxml/jackson/jaxrs/jackson-jaxrs-json-provider/2.10.3/jackson-jaxrs-json-provider-2.10.3.jar:/home/user/.m2/repository/com/fasterxml/jackson/jaxrs/jackson-jaxrs-base/2.10.3/jackson-jaxrs-base-2.10.3.jar:/home/user/.m2/repository/org/apache/hadoop/hadoop-yarn-client/3.2.1/hadoop-yarn-client-3.2.1.jar:/home/user/.m2/repository/org/apache/hadoop/hadoop-mapreduce-client-core/3.2.1/hadoop-mapreduce-client-core-3.2.1.jar:/home/user/.m2/repository/org/apache/avro/avro/1.7.7/avro-1.7.7.jar:/home/user/.m2/repository/org/codehaus/jackson/jackson-core-asl/1.9.13/jackson-core-asl-1.9.13.jar:/home/user/.m2/repository/org/codehaus/jackson/jackson-mapper-asl/1.9.13/jackson-mapper-asl-1.9.13.jar:/home/user/.m2/repository/com/thoughtworks/paranamer/paranamer/2.3/paranamer-2.3.jar:/home/user/.m2/repository/org/xerial/snappy/snappy-java/1.0.5/snappy-java-1.0.5.jar:/home/user/.m2/repository/org/apache/hadoop/hadoop-annotations/3.2.1/hadoop-annotations-3.2.1.jar:/usr/lib/jvm/java-1.8.0-openjdk-1.8.0.232.b09-0.el7_7.x86_64/jre/../lib/tools.jar:/home/user/.m2/repository/org/apache/hadoop/hadoop-distcp/3.2.1/hadoop-distcp-3.2.1-tests.jar:"/>
    <property name="java.vm.vendor" value="Oracle Corporation"/>
    <property name="sun.arch.data.model" value="64"/>
    <property name="test.build.dir" value="/github/workspace/mnt/ozone/hadoop-ozone/integration-test/target/test-dir"/>
    <property name="test.cache.data" value=""/>
    <property name="java.vendor.url" value="http://java.oracle.com/"/>
    <property name="user.timezone" value=""/>
    <property name="java.vm.specification.version" value="1.8"/>
    <property name="os.name" value="Linux"/>
    <property name="test.build.data" value="/github/workspace/mnt/ozone/hadoop-ozone/integration-test/target/test-dir"/>
    <property name="user.country" value="US"/>
    <property name="sun.java.launcher" value="SUN_STANDARD"/>
    <property name="sun.boot.library.path" value="/usr/lib/jvm/java-1.8.0-openjdk-1.8.0.232.b09-0.el7_7.x86_64/jre/lib/amd64"/>
    <property name="sun.java.command" value="/github/workspace/mnt/ozone/hadoop-ozone/integration-test/target/surefire/surefirebooter3631218369521217076.jar /github/workspace/mnt/ozone/hadoop-ozone/integration-test/target/surefire 2020-10-10T01-20-52_615-jvmRun1 surefire5133246918060968208tmp surefire_258245111482076150439tmp"/>
    <property name="surefire.test.class.path" value="/github/workspace/mnt/ozone/hadoop-ozone/integration-test/target/test-classes:/github/workspace/mnt/ozone/hadoop-ozone/integration-test/target/classes:/home/user/.m2/repository/org/apache/hadoop/hadoop-ozone-common/1.1.0-SNAPSHOT/hadoop-ozone-common-1.1.0-SNAPSHOT.jar:/home/user/.m2/repository/org/apache/commons/commons-compress/1.4.1/commons-compress-1.4.1.jar:/home/user/.m2/repository/org/tukaani/xz/1.0/xz-1.0.jar:/home/user/.m2/repository/org/apache/hadoop/hadoop-hdds-common/1.1.0-SNAPSHOT/hadoop-hdds-common-1.1.0-SNAPSHOT.jar:/home/user/.m2/repository/org/apache/hadoop/hadoop-hdds-hadoop-dependency-client/1.1.0-SNAPSHOT/hadoop-hdds-hadoop-dependency-client-1.1.0-SNAPSHOT.jar:/home/user/.m2/repository/info/picocli/picocli/4.4.0/picocli-4.4.0.jar:/home/user/.m2/repository/com/fasterxml/jackson/core/jackson-annotations/2.10.3/jackson-annotations-2.10.3.jar:/home/user/.m2/repository/javax/annotation/javax.annotation-api/1.2/javax.annotation-api-1.2.jar:/home/user/.m2/repository/org/apache/ratis/ratis-server/1.1.0-11689cd-SNAPSHOT/ratis-server-1.1.0-11689cd-SNAPSHOT.jar:/home/user/.m2/repository/org/apache/ratis/ratis-client/1.1.0-11689cd-SNAPSHOT/ratis-client-1.1.0-11689cd-SNAPSHOT.jar:/home/user/.m2/repository/org/apache/ratis/ratis-metrics/1.1.0-11689cd-SNAPSHOT/ratis-metrics-1.1.0-11689cd-SNAPSHOT.jar:/home/user/.m2/repository/org/apache/ratis/ratis-netty/1.1.0-11689cd-SNAPSHOT/ratis-netty-1.1.0-11689cd-SNAPSHOT.jar:/home/user/.m2/repository/org/apache/ratis/ratis-grpc/1.1.0-11689cd-SNAPSHOT/ratis-grpc-1.1.0-11689cd-SNAPSHOT.jar:/home/user/.m2/repository/org/apache/logging/log4j/log4j-api/2.13.3/log4j-api-2.13.3.jar:/home/user/.m2/repository/org/apache/logging/log4j/log4j-core/2.13.3/log4j-core-2.13.3.jar:/home/user/.m2/repository/com/lmax/disruptor/3.4.2/disruptor-3.4.2.jar:/home/user/.m2/repository/org/apache/commons/commons-pool2/2.6.0/commons-pool2-2.6.0.jar:/home/user/.m2/repository/org/bouncycastle/bcpkix-jdk15on/1.60/bcpkix-jdk15on-1.60.jar:/home/user/.m2/repository/commons-validator/commons-validator/1.6/commons-validator-1.6.jar:/home/user/.m2/repository/commons-digester/commons-digester/1.8.1/commons-digester-1.8.1.jar:/home/user/.m2/repository/io/jaegertracing/jaeger-client/1.2.0/jaeger-client-1.2.0.jar:/home/user/.m2/repository/io/jaegertracing/jaeger-thrift/1.2.0/jaeger-thrift-1.2.0.jar:/home/user/.m2/repository/org/apache/thrift/libthrift/0.13.0/libthrift-0.13.0.jar:/home/user/.m2/repository/com/squareup/okhttp3/okhttp/4.2.2/okhttp-4.2.2.jar:/home/user/.m2/repository/com/squareup/okio/okio/2.2.2/okio-2.2.2.jar:/home/user/.m2/repository/org/jetbrains/kotlin/kotlin-stdlib/1.3.50/kotlin-stdlib-1.3.50.jar:/home/user/.m2/repository/org/jetbrains/kotlin/kotlin-stdlib-common/1.3.50/kotlin-stdlib-common-1.3.50.jar:/home/user/.m2/repository/org/jetbrains/annotations/13.0/annotations-13.0.jar:/home/user/.m2/repository/io/jaegertracing/jaeger-core/1.2.0/jaeger-core-1.2.0.jar:/home/user/.m2/repository/io/jaegertracing/jaeger-tracerresolver/1.2.0/jaeger-tracerresolver-1.2.0.jar:/home/user/.m2/repository/io/opentracing/contrib/opentracing-tracerresolver/0.1.8/opentracing-tracerresolver-0.1.8.jar:/home/user/.m2/repository/io/opentracing/opentracing-util/0.33.0/opentracing-util-0.33.0.jar:/home/user/.m2/repository/io/opentracing/opentracing-api/0.33.0/opentracing-api-0.33.0.jar:/home/user/.m2/repository/io/opentracing/opentracing-noop/0.33.0/opentracing-noop-0.33.0.jar:/home/user/.m2/repository/org/apache/hadoop/hadoop-hdds-client/1.1.0-SNAPSHOT/hadoop-hdds-client-1.1.0-SNAPSHOT.jar:/home/user/.m2/repository/org/apache/hadoop/hadoop-ozone-interface-client/1.1.0-SNAPSHOT/hadoop-ozone-interface-client-1.1.0-SNAPSHOT.jar:/home/user/.m2/repository/org/apache/hadoop/hadoop-hdds-test-utils/1.1.0-SNAPSHOT/hadoop-hdds-test-utils-1.1.0-SNAPSHOT.jar:/home/user/.m2/repository/com/google/guava/guava/28.2-jre/guava-28.2-jre.jar:/home/user/.m2/repository/com/google/guava/failureaccess/1.0.1/failureaccess-1.0.1.jar:/home/user/.m2/repository/com/google/guava/listenablefuture/9999.0-empty-to-avoid-conflict-with-guava/listenablefuture-9999.0-empty-to-avoid-conflict-with-guava.jar:/home/user/.m2/repository/com/google/code/findbugs/jsr305/3.0.0/jsr305-3.0.0.jar:/home/user/.m2/repository/org/checkerframework/checker-qual/2.10.0/checker-qual-2.10.0.jar:/home/user/.m2/repository/com/google/errorprone/error_prone_annotations/2.2.0/error_prone_annotations-2.2.0.jar:/home/user/.m2/repository/com/google/j2objc/j2objc-annotations/1.3/j2objc-annotations-1.3.jar:/home/user/.m2/repository/commons-io/commons-io/2.5/commons-io-2.5.jar:/home/user/.m2/repository/commons-logging/commons-logging/1.2/commons-logging-1.2.jar:/home/user/.m2/repository/log4j/log4j/1.2.17/log4j-1.2.17.jar:/home/user/.m2/repository/org/slf4j/slf4j-api/1.7.25/slf4j-api-1.7.25.jar:/home/user/.m2/repository/org/apache/hadoop/hadoop-hdds-server-scm/1.1.0-SNAPSHOT/hadoop-hdds-server-scm-1.1.0-SNAPSHOT.jar:/home/user/.m2/repository/org/apache/hadoop/hadoop-hdds-container-service/1.1.0-SNAPSHOT/hadoop-hdds-container-service-1.1.0-SNAPSHOT.jar:/home/user/.m2/repository/org/apache/hadoop/hadoop-hdds-hadoop-dependency-server/1.1.0-SNAPSHOT/hadoop-hdds-hadoop-dependency-server-1.1.0-SNAPSHOT.jar:/home/user/.m2/repository/org/apache/hadoop/hadoop-hdds-server-framework/1.1.0-SNAPSHOT/hadoop-hdds-server-framework-1.1.0-SNAPSHOT.jar:/home/user/.m2/repository/org/apache/hadoop/hadoop-hdds-interface-server/1.1.0-SNAPSHOT/hadoop-hdds-interface-server-1.1.0-SNAPSHOT.jar:/home/user/.m2/repository/org/apache/hadoop/hadoop-hdds-interface-admin/1.1.0-SNAPSHOT/hadoop-hdds-interface-admin-1.1.0-SNAPSHOT.jar:/home/user/.m2/repository/org/rocksdb/rocksdbjni/6.8.1/rocksdbjni-6.8.1.jar:/home/user/.m2/repository/io/prometheus/simpleclient_dropwizard/0.7.0/simpleclient_dropwizard-0.7.0.jar:/home/user/.m2/repository/io/prometheus/simpleclient/0.7.0/simpleclient-0.7.0.jar:/home/user/.m2/repository/io/prometheus/simpleclient_common/0.7.0/simpleclient_common-0.7.0.jar:/home/user/.m2/repository/com/fasterxml/jackson/datatype/jackson-datatype-jsr310/2.10.3/jackson-datatype-jsr310-2.10.3.jar:/home/user/.m2/repository/io/dropwizard/metrics/metrics-core/3.2.4/metrics-core-3.2.4.jar:/home/user/.m2/repository/org/apache/hadoop/hadoop-hdfs-client/3.2.1/hadoop-hdfs-client-3.2.1.jar:/home/user/.m2/repository/org/bouncycastle/bcprov-jdk15on/1.60/bcprov-jdk15on-1.60.jar:/home/user/.m2/repository/org/apache/hadoop/hadoop-ozone-ozone-manager/1.1.0-SNAPSHOT/hadoop-ozone-ozone-manager-1.1.0-SNAPSHOT.jar:/home/user/.m2/repository/org/apache/hadoop/hadoop-hdds-interface-client/1.1.0-SNAPSHOT/hadoop-hdds-interface-client-1.1.0-SNAPSHOT.jar:/home/user/.m2/repository/org/apache/ratis/ratis-thirdparty-misc/0.6.0-SNAPSHOT/ratis-thirdparty-misc-0.6.0-SNAPSHOT.jar:/home/user/.m2/repository/org/apache/hadoop/hadoop-ozone-interface-storage/1.1.0-SNAPSHOT/hadoop-ozone-interface-storage-1.1.0-SNAPSHOT.jar:/home/user/.m2/repository/org/apache/hadoop/hadoop-minikdc/3.2.1/hadoop-minikdc-3.2.1.jar:/home/user/.m2/repository/org/apache/kerby/kerb-simplekdc/1.0.1/kerb-simplekdc-1.0.1.jar:/home/user/.m2/repository/org/apache/kerby/kerb-client/1.0.1/kerb-client-1.0.1.jar:/home/user/.m2/repository/org/apache/kerby/kerby-config/1.0.1/kerby-config-1.0.1.jar:/home/user/.m2/repository/org/apache/kerby/kerb-core/1.0.1/kerb-core-1.0.1.jar:/home/user/.m2/repository/org/apache/kerby/kerby-pkix/1.0.1/kerby-pkix-1.0.1.jar:/home/user/.m2/repository/org/apache/kerby/kerby-asn1/1.0.1/kerby-asn1-1.0.1.jar:/home/user/.m2/repository/org/apache/kerby/kerby-util/1.0.1/kerby-util-1.0.1.jar:/home/user/.m2/repository/org/apache/kerby/kerb-common/1.0.1/kerb-common-1.0.1.jar:/home/user/.m2/repository/org/apache/kerby/kerb-crypto/1.0.1/kerb-crypto-1.0.1.jar:/home/user/.m2/repository/org/apache/kerby/kerb-util/1.0.1/kerb-util-1.0.1.jar:/home/user/.m2/repository/org/apache/kerby/token-provider/1.0.1/token-provider-1.0.1.jar:/home/user/.m2/repository/org/apache/kerby/kerb-admin/1.0.1/kerb-admin-1.0.1.jar:/home/user/.m2/repository/org/apache/kerby/kerb-server/1.0.1/kerb-server-1.0.1.jar:/home/user/.m2/repository/org/apache/kerby/kerb-identity/1.0.1/kerb-identity-1.0.1.jar:/home/user/.m2/repository/org/apache/kerby/kerby-xdr/1.0.1/kerby-xdr-1.0.1.jar:/home/user/.m2/repository/org/slf4j/slf4j-log4j12/1.7.25/slf4j-log4j12-1.7.25.jar:/home/user/.m2/repository/org/apache/hadoop/hadoop-ozone-s3gateway/1.1.0-SNAPSHOT/hadoop-ozone-s3gateway-1.1.0-SNAPSHOT.jar:/home/user/.m2/repository/org/jboss/weld/servlet/weld-servlet/2.4.7.Final/weld-servlet-2.4.7.Final.jar:/home/user/.m2/repository/org/glassfish/jersey/containers/jersey-container-servlet-core/2.27/jersey-container-servlet-core-2.27.jar:/home/user/.m2/repository/org/glassfish/hk2/external/javax.inject/2.5.0-b42/javax.inject-2.5.0-b42.jar:/home/user/.m2/repository/org/glassfish/jersey/core/jersey-common/2.27/jersey-common-2.27.jar:/home/user/.m2/repository/org/glassfish/hk2/osgi-resource-locator/1.0.1/osgi-resource-locator-1.0.1.jar:/home/user/.m2/repository/javax/ws/rs/javax.ws.rs-api/2.1/javax.ws.rs-api-2.1.jar:/home/user/.m2/repository/org/glassfish/jersey/ext/cdi/jersey-cdi1x/2.27/jersey-cdi1x-2.27.jar:/home/user/.m2/repository/org/glassfish/jersey/inject/jersey-hk2/2.27/jersey-hk2-2.27.jar:/home/user/.m2/repository/org/glassfish/hk2/hk2-locator/2.5.0-b42/hk2-locator-2.5.0-b42.jar:/home/user/.m2/repository/org/javassist/javassist/3.22.0-CR2/javassist-3.22.0-CR2.jar:/home/user/.m2/repository/org/glassfish/hk2/hk2-api/2.5.0/hk2-api-2.5.0.jar:/home/user/.m2/repository/org/glassfish/hk2/external/jakarta.inject/2.5.0/jakarta.inject-2.5.0.jar:/home/user/.m2/repository/org/glassfish/hk2/hk2-utils/2.5.0/hk2-utils-2.5.0.jar:/home/user/.m2/repository/jakarta/annotation/jakarta.annotation-api/1.3.4/jakarta.annotation-api-1.3.4.jar:/home/user/.m2/repository/org/glassfish/hk2/external/aopalliance-repackaged/2.5.0/aopalliance-repackaged-2.5.0.jar:/home/user/.m2/repository/com/fasterxml/jackson/dataformat/jackson-dataformat-xml/2.10.3/jackson-dataformat-xml-2.10.3.jar:/home/user/.m2/repository/com/fasterxml/jackson/core/jackson-core/2.10.3/jackson-core-2.10.3.jar:/home/user/.m2/repository/com/fasterxml/jackson/module/jackson-module-jaxb-annotations/2.10.3/jackson-module-jaxb-annotations-2.10.3.jar:/home/user/.m2/repository/jakarta/xml/bind/jakarta.xml.bind-api/2.3.2/jakarta.xml.bind-api-2.3.2.jar:/home/user/.m2/repository/jakarta/activation/jakarta.activation-api/1.2.1/jakarta.activation-api-1.2.1.jar:/home/user/.m2/repository/org/codehaus/woodstox/stax2-api/3.1.4/stax2-api-3.1.4.jar:/home/user/.m2/repository/com/fasterxml/woodstox/woodstox-core/5.0.3/woodstox-core-5.0.3.jar:/home/user/.m2/repository/javax/enterprise/cdi-api/1.2/cdi-api-1.2.jar:/home/user/.m2/repository/javax/el/javax.el-api/3.0.0/javax.el-api-3.0.0.jar:/home/user/.m2/repository/javax/interceptor/javax.interceptor-api/1.2/javax.interceptor-api-1.2.jar:/home/user/.m2/repository/javax/inject/javax.inject/1/javax.inject-1.jar:/home/user/.m2/repository/com/sun/xml/bind/jaxb-impl/2.3.0.1/jaxb-impl-2.3.0.1.jar:/home/user/.m2/repository/com/sun/xml/bind/jaxb-core/2.3.0.1/jaxb-core-2.3.0.1.jar:/home/user/.m2/repository/javax/xml/bind/jaxb-api/2.3.0/jaxb-api-2.3.0.jar:/home/user/.m2/repository/javax/activation/activation/1.1.1/activation-1.1.1.jar:/home/user/.m2/repository/org/apache/hadoop/hadoop-ozone-csi/1.1.0-SNAPSHOT/hadoop-ozone-csi-1.1.0-SNAPSHOT.jar:/home/user/.m2/repository/com/google/protobuf/protobuf-java-util/3.11.0/protobuf-java-util-3.11.0.jar:/home/user/.m2/repository/com/google/code/gson/gson/2.2.4/gson-2.2.4.jar:/home/user/.m2/repository/org/apache/hadoop/hadoop-hdds-config/1.1.0-SNAPSHOT/hadoop-hdds-config-1.1.0-SNAPSHOT.jar:/home/user/.m2/repository/com/google/protobuf/protobuf-java/2.5.0/protobuf-java-2.5.0.jar:/home/user/.m2/repository/io/grpc/grpc-netty/1.29.0/grpc-netty-1.29.0.jar:/home/user/.m2/repository/io/grpc/grpc-core/1.29.0/grpc-core-1.29.0.jar:/home/user/.m2/repository/com/google/android/annotations/4.1.1.4/annotations-4.1.1.4.jar:/home/user/.m2/repository/io/perfmark/perfmark-api/0.19.0/perfmark-api-0.19.0.jar:/home/user/.m2/repository/io/netty/netty-codec-http2/4.1.48.Final/netty-codec-http2-4.1.48.Final.jar:/home/user/.m2/repository/io/netty/netty-codec/4.1.48.Final/netty-codec-4.1.48.Final.jar:/home/user/.m2/repository/io/netty/netty-handler/4.1.48.Final/netty-handler-4.1.48.Final.jar:/home/user/.m2/repository/io/netty/netty-codec-http/4.1.48.Final/netty-codec-http-4.1.48.Final.jar:/home/user/.m2/repository/io/netty/netty-handler-proxy/4.1.48.Final/netty-handler-proxy-4.1.48.Final.jar:/home/user/.m2/repository/io/netty/netty-codec-socks/4.1.48.Final/netty-codec-socks-4.1.48.Final.jar:/home/user/.m2/repository/io/netty/netty-transport-native-epoll/4.1.48.Final/netty-transport-native-epoll-4.1.48.Final.jar:/home/user/.m2/repository/io/netty/netty-common/4.1.48.Final/netty-common-4.1.48.Final.jar:/home/user/.m2/repository/io/netty/netty-buffer/4.1.48.Final/netty-buffer-4.1.48.Final.jar:/home/user/.m2/repository/io/netty/netty-transport/4.1.48.Final/netty-transport-4.1.48.Final.jar:/home/user/.m2/repository/io/netty/netty-resolver/4.1.48.Final/netty-resolver-4.1.48.Final.jar:/home/user/.m2/repository/io/netty/netty-transport-native-unix-common/4.1.48.Final/netty-transport-native-unix-common-4.1.48.Final.jar:/home/user/.m2/repository/io/grpc/grpc-protobuf/1.29.0/grpc-protobuf-1.29.0.jar:/home/user/.m2/repository/io/grpc/grpc-api/1.29.0/grpc-api-1.29.0.jar:/home/user/.m2/repository/io/grpc/grpc-context/1.29.0/grpc-context-1.29.0.jar:/home/user/.m2/repository/org/codehaus/mojo/animal-sniffer-annotations/1.18/animal-sniffer-annotations-1.18.jar:/home/user/.m2/repository/com/google/api/grpc/proto-google-common-protos/1.17.0/proto-google-common-protos-1.17.0.jar:/home/user/.m2/repository/io/grpc/grpc-protobuf-lite/1.29.0/grpc-protobuf-lite-1.29.0.jar:/home/user/.m2/repository/io/grpc/grpc-stub/1.29.0/grpc-stub-1.29.0.jar:/home/user/.m2/repository/org/apache/hadoop/hadoop-ozone-recon/1.1.0-SNAPSHOT/hadoop-ozone-recon-1.1.0-SNAPSHOT.jar:/home/user/.m2/repository/org/apache/hadoop/hadoop-ozone-reconcodegen/1.1.0-SNAPSHOT/hadoop-ozone-reconcodegen-1.1.0-SNAPSHOT.jar:/home/user/.m2/repository/com/google/inject/extensions/guice-multibindings/4.0/guice-multibindings-4.0.jar:/home/user/.m2/repository/com/google/inject/guice/4.0/guice-4.0.jar:/home/user/.m2/repository/aopalliance/aopalliance/1.0/aopalliance-1.0.jar:/home/user/.m2/repository/com/google/inject/extensions/guice-assistedinject/4.0/guice-assistedinject-4.0.jar:/home/user/.m2/repository/com/google/inject/extensions/guice-servlet/4.0/guice-servlet-4.0.jar:/home/user/.m2/repository/org/glassfish/jersey/containers/jersey-container-servlet/2.27/jersey-container-servlet-2.27.jar:/home/user/.m2/repository/org/glassfish/hk2/guice-bridge/2.5.0/guice-bridge-2.5.0.jar:/home/user/.m2/repository/org/glassfish/jersey/core/jersey-server/2.27/jersey-server-2.27.jar:/home/user/.m2/repository/org/glassfish/jersey/core/jersey-client/2.27/jersey-client-2.27.jar:/home/user/.m2/repository/org/glassfish/jersey/media/jersey-media-jaxb/2.27/jersey-media-jaxb-2.27.jar:/home/user/.m2/repository/javax/validation/validation-api/1.1.0.Final/validation-api-1.1.0.Final.jar:/home/user/.m2/repository/org/glassfish/jersey/media/jersey-media-json-jackson/2.27/jersey-media-json-jackson-2.27.jar:/home/user/.m2/repository/org/glassfish/jersey/ext/jersey-entity-filtering/2.27/jersey-entity-filtering-2.27.jar:/home/user/.m2/repository/org/jooq/jooq/3.11.10/jooq-3.11.10.jar:/home/user/.m2/repository/org/jooq/jooq-meta/3.11.10/jooq-meta-3.11.10.jar:/home/user/.m2/repository/org/jooq/jooq-codegen/3.11.10/jooq-codegen-3.11.10.jar:/home/user/.m2/repository/com/jolbox/bonecp/0.8.0.RELEASE/bonecp-0.8.0.RELEASE.jar:/home/user/.m2/repository/org/apache/derby/derby/10.14.2.0/derby-10.14.2.0.jar:/home/user/.m2/repository/org/xerial/sqlite-jdbc/3.25.2/sqlite-jdbc-3.25.2.jar:/home/user/.m2/repository/org/springframework/spring-jdbc/5.2.5.RELEASE/spring-jdbc-5.2.5.RELEASE.jar:/home/user/.m2/repository/org/springframework/spring-beans/5.2.5.RELEASE/spring-beans-5.2.5.RELEASE.jar:/home/user/.m2/repository/org/springframework/spring-core/5.2.5.RELEASE/spring-core-5.2.5.RELEASE.jar:/home/user/.m2/repository/org/springframework/spring-jcl/5.2.5.RELEASE/spring-jcl-5.2.5.RELEASE.jar:/home/user/.m2/repository/org/springframework/spring-tx/5.2.5.RELEASE/spring-tx-5.2.5.RELEASE.jar:/home/user/.m2/repository/org/apache/hadoop/hadoop-ozone-client/1.1.0-SNAPSHOT/hadoop-ozone-client-1.1.0-SNAPSHOT.jar:/home/user/.m2/repository/org/apache/hadoop/hadoop-ozone-filesystem/1.1.0-SNAPSHOT/hadoop-ozone-filesystem-1.1.0-SNAPSHOT.jar:/home/user/.m2/repository/org/apache/hadoop/hadoop-ozone-filesystem-common/1.1.0-SNAPSHOT/hadoop-ozone-filesystem-common-1.1.0-SNAPSHOT.jar:/home/user/.m2/repository/org/apache/hadoop/hadoop-ozone-tools/1.1.0-SNAPSHOT/hadoop-ozone-tools-1.1.0-SNAPSHOT.jar:/home/user/.m2/repository/org/apache/hadoop/hadoop-hdfs/3.2.1/hadoop-hdfs-3.2.1.jar:/home/user/.m2/repository/org/apache/ratis/ratis-tools/1.1.0-11689cd-SNAPSHOT/ratis-tools-1.1.0-11689cd-SNAPSHOT.jar:/home/user/.m2/repository/org/apache/ratis/ratis-proto/1.1.0-11689cd-SNAPSHOT/ratis-proto-1.1.0-11689cd-SNAPSHOT.jar:/home/user/.m2/repository/org/apache/ratis/ratis-common/1.1.0-11689cd-SNAPSHOT/ratis-common-1.1.0-11689cd-SNAPSHOT.jar:/home/user/.m2/repository/com/amazonaws/aws-java-sdk-core/1.11.615/aws-java-sdk-core-1.11.615.jar:/home/user/.m2/repository/org/apache/httpcomponents/httpclient/4.5.2/httpclient-4.5.2.jar:/home/user/.m2/repository/org/apache/httpcomponents/httpcore/4.4.4/httpcore-4.4.4.jar:/home/user/.m2/repository/software/amazon/ion/ion-java/1.0.2/ion-java-1.0.2.jar:/home/user/.m2/repository/com/fasterxml/jackson/dataformat/jackson-dataformat-cbor/2.10.3/jackson-dataformat-cbor-2.10.3.jar:/home/user/.m2/repository/joda-time/joda-time/2.8.1/joda-time-2.8.1.jar:/home/user/.m2/repository/com/amazonaws/aws-java-sdk-s3/1.11.615/aws-java-sdk-s3-1.11.615.jar:/home/user/.m2/repository/com/amazonaws/aws-java-sdk-kms/1.11.615/aws-java-sdk-kms-1.11.615.jar:/home/user/.m2/repository/com/amazonaws/jmespath-java/1.11.615/jmespath-java-1.11.615.jar:/home/user/.m2/repository/org/kohsuke/metainf-services/metainf-services/1.8/metainf-services-1.8.jar:/home/user/.m2/repository/org/apache/hadoop/hadoop-hdds-tools/1.1.0-SNAPSHOT/hadoop-hdds-tools-1.1.0-SNAPSHOT.jar:/home/user/.m2/repository/commons-cli/commons-cli/1.2/commons-cli-1.2.jar:/home/user/.m2/repository/org/apache/commons/commons-lang3/3.7/commons-lang3-3.7.jar:/home/user/.m2/repository/org/apache/hadoop/hadoop-ozone-ozone-manager/1.1.0-SNAPSHOT/hadoop-ozone-ozone-manager-1.1.0-SNAPSHOT-tests.jar:/home/user/.m2/repository/junit/junit/4.11/junit-4.11.jar:/home/user/.m2/repository/org/hamcrest/hamcrest-core/1.3/hamcrest-core-1.3.jar:/home/user/.m2/repository/org/openjdk/jmh/jmh-core/1.19/jmh-core-1.19.jar:/home/user/.m2/repository/net/sf/jopt-simple/jopt-simple/4.6/jopt-simple-4.6.jar:/home/user/.m2/repository/org/apache/commons/commons-math3/3.1.1/commons-math3-3.1.1.jar:/home/user/.m2/repository/org/openjdk/jmh/jmh-generator-annprocess/1.19/jmh-generator-annprocess-1.19.jar:/home/user/.m2/repository/org/mockito/mockito-all/1.8.5/mockito-all-1.8.5.jar:/home/user/.m2/repository/org/apache/hadoop/hadoop-kms/3.2.1/hadoop-kms-3.2.1.jar:/home/user/.m2/repository/org/apache/hadoop/hadoop-auth/3.2.1/hadoop-auth-3.2.1.jar:/home/user/.m2/repository/com/nimbusds/nimbus-jose-jwt/7.9/nimbus-jose-jwt-7.9.jar:/home/user/.m2/repository/com/github/stephenc/jcip/jcip-annotations/1.0-1/jcip-annotations-1.0-1.jar:/home/user/.m2/repository/net/minidev/json-smart/2.3/json-smart-2.3.jar:/home/user/.m2/repository/net/minidev/accessors-smart/1.2/accessors-smart-1.2.jar:/home/user/.m2/repository/org/ow2/asm/asm/5.0.4/asm-5.0.4.jar:/home/user/.m2/repository/org/apache/zookeeper/zookeeper/3.4.13/zookeeper-3.4.13.jar:/home/user/.m2/repository/org/apache/yetus/audience-annotations/0.5.0/audience-annotations-0.5.0.jar:/home/user/.m2/repository/org/apache/curator/curator-framework/2.13.0/curator-framework-2.13.0.jar:/home/user/.m2/repository/com/sun/jersey/jersey-core/1.19/jersey-core-1.19.jar:/home/user/.m2/repository/javax/ws/rs/jsr311-api/1.1.1/jsr311-api-1.1.1.jar:/home/user/.m2/repository/com/sun/jersey/jersey-server/1.19/jersey-server-1.19.jar:/home/user/.m2/repository/javax/servlet/javax.servlet-api/3.1.0/javax.servlet-api-3.1.0.jar:/home/user/.m2/repository/org/eclipse/jetty/jetty-server/9.4.26.v20200117/jetty-server-9.4.26.v20200117.jar:/home/user/.m2/repository/org/eclipse/jetty/jetty-http/9.4.26.v20200117/jetty-http-9.4.26.v20200117.jar:/home/user/.m2/repository/org/eclipse/jetty/jetty-io/9.4.26.v20200117/jetty-io-9.4.26.v20200117.jar:/home/user/.m2/repository/org/eclipse/jetty/jetty-webapp/9.4.26.v20200117/jetty-webapp-9.4.26.v20200117.jar:/home/user/.m2/repository/org/eclipse/jetty/jetty-xml/9.4.26.v20200117/jetty-xml-9.4.26.v20200117.jar:/home/user/.m2/repository/org/eclipse/jetty/jetty-servlet/9.4.26.v20200117/jetty-servlet-9.4.26.v20200117.jar:/home/user/.m2/repository/org/eclipse/jetty/jetty-security/9.4.26.v20200117/jetty-security-9.4.26.v20200117.jar:/home/user/.m2/repository/org/apache/hadoop/hadoop-common/3.2.1/hadoop-common-3.2.1.jar:/home/user/.m2/repository/commons-net/commons-net/3.6/commons-net-3.6.jar:/home/user/.m2/repository/commons-collections/commons-collections/3.2.2/commons-collections-3.2.2.jar:/home/user/.m2/repository/com/sun/jersey/jersey-servlet/1.19/jersey-servlet-1.19.jar:/home/user/.m2/repository/com/sun/jersey/jersey-json/1.19/jersey-json-1.19.jar:/home/user/.m2/repository/org/codehaus/jettison/jettison/1.1/jettison-1.1.jar:/home/user/.m2/repository/org/codehaus/jackson/jackson-jaxrs/1.9.2/jackson-jaxrs-1.9.2.jar:/home/user/.m2/repository/org/codehaus/jackson/jackson-xc/1.9.2/jackson-xc-1.9.2.jar:/home/user/.m2/repository/commons-beanutils/commons-beanutils/1.9.4/commons-beanutils-1.9.4.jar:/home/user/.m2/repository/org/apache/commons/commons-configuration2/2.1.1/commons-configuration2-2.1.1.jar:/home/user/.m2/repository/org/apache/commons/commons-text/1.4/commons-text-1.4.jar:/home/user/.m2/repository/com/google/re2j/re2j/1.1/re2j-1.1.jar:/home/user/.m2/repository/com/jcraft/jsch/0.1.54/jsch-0.1.54.jar:/home/user/.m2/repository/org/apache/curator/curator-client/2.13.0/curator-client-2.13.0.jar:/home/user/.m2/repository/org/apache/curator/curator-recipes/2.13.0/curator-recipes-2.13.0.jar:/home/user/.m2/repository/dnsjava/dnsjava/2.1.7/dnsjava-2.1.7.jar:/home/user/.m2/repository/org/slf4j/jul-to-slf4j/1.7.25/jul-to-slf4j-1.7.25.jar:/home/user/.m2/repository/org/eclipse/jetty/jetty-util/9.4.26.v20200117/jetty-util-9.4.26.v20200117.jar:/home/user/.m2/repository/com/fasterxml/jackson/core/jackson-databind/2.10.3/jackson-databind-2.10.3.jar:/home/user/.m2/repository/org/apache/hadoop/hadoop-kms/3.2.1/hadoop-kms-3.2.1-tests.jar:/home/user/.m2/repository/org/apache/hadoop/hadoop-hdds-server-scm/1.1.0-SNAPSHOT/hadoop-hdds-server-scm-1.1.0-SNAPSHOT-tests.jar:/home/user/.m2/repository/org/apache/hadoop/hadoop-hdds-container-service/1.1.0-SNAPSHOT/hadoop-hdds-container-service-1.1.0-SNAPSHOT-tests.jar:/home/user/.m2/repository/org/apache/hadoop/hadoop-hdds-common/1.1.0-SNAPSHOT/hadoop-hdds-common-1.1.0-SNAPSHOT-tests.jar:/home/user/.m2/repository/org/yaml/snakeyaml/1.16/snakeyaml-1.16.jar:/home/user/.m2/repository/org/apache/hadoop/hadoop-hdds-hadoop-dependency-test/1.1.0-SNAPSHOT/hadoop-hdds-hadoop-dependency-test-1.1.0-SNAPSHOT.jar:/home/user/.m2/repository/org/apache/hadoop/hadoop-common/3.2.1/hadoop-common-3.2.1-tests.jar:/home/user/.m2/repository/javax/servlet/jsp/jsp-api/2.1/jsp-api-2.1.jar:/home/user/.m2/repository/org/apache/hadoop/hadoop-hdfs/3.2.1/hadoop-hdfs-3.2.1-tests.jar:/home/user/.m2/repository/org/eclipse/jetty/jetty-util-ajax/9.4.26.v20200117/jetty-util-ajax-9.4.26.v20200117.jar:/home/user/.m2/repository/commons-codec/commons-codec/1.11/commons-codec-1.11.jar:/home/user/.m2/repository/commons-daemon/commons-daemon/1.0.13/commons-daemon-1.0.13.jar:/home/user/.m2/repository/io/netty/netty/3.10.5.Final/netty-3.10.5.Final.jar:/home/user/.m2/repository/io/netty/netty-all/4.1.48.Final/netty-all-4.1.48.Final.jar:/home/user/.m2/repository/org/apache/htrace/htrace-core4/4.1.0-incubating/htrace-core4-4.1.0-incubating.jar:/home/user/.m2/repository/org/fusesource/leveldbjni/leveldbjni-all/1.8/leveldbjni-all-1.8.jar:/home/user/.m2/repository/org/apache/hadoop/hadoop-distcp/3.2.1/hadoop-distcp-3.2.1.jar:/home/user/.m2/repository/org/apache/hadoop/hadoop-mapreduce-client-jobclient/3.2.1/hadoop-mapreduce-client-jobclient-3.2.1.jar:/home/user/.m2/repository/org/apache/hadoop/hadoop-mapreduce-client-common/3.2.1/hadoop-mapreduce-client-common-3.2.1.jar:/home/user/.m2/repository/org/apache/hadoop/hadoop-yarn-common/3.2.1/hadoop-yarn-common-3.2.1.jar:/home/user/.m2/repository/org/apache/hadoop/hadoop-yarn-api/3.2.1/hadoop-yarn-api-3.2.1.jar:/home/user/.m2/repository/com/sun/jersey/jersey-client/1.19/jersey-client-1.19.jar:/home/user/.m2/repository/com/sun/jersey/contribs/jersey-guice/1.19/jersey-guice-1.19.jar:/home/user/.m2/repository/com/fasterxml/jackson/jaxrs/jackson-jaxrs-json-provider/2.10.3/jackson-jaxrs-json-provider-2.10.3.jar:/home/user/.m2/repository/com/fasterxml/jackson/jaxrs/jackson-jaxrs-base/2.10.3/jackson-jaxrs-base-2.10.3.jar:/home/user/.m2/repository/org/apache/hadoop/hadoop-yarn-client/3.2.1/hadoop-yarn-client-3.2.1.jar:/home/user/.m2/repository/org/apache/hadoop/hadoop-mapreduce-client-core/3.2.1/hadoop-mapreduce-client-core-3.2.1.jar:/home/user/.m2/repository/org/apache/avro/avro/1.7.7/avro-1.7.7.jar:/home/user/.m2/repository/org/codehaus/jackson/jackson-core-asl/1.9.13/jackson-core-asl-1.9.13.jar:/home/user/.m2/repository/org/codehaus/jackson/jackson-mapper-asl/1.9.13/jackson-mapper-asl-1.9.13.jar:/home/user/.m2/repository/com/thoughtworks/paranamer/paranamer/2.3/paranamer-2.3.jar:/home/user/.m2/repository/org/xerial/snappy/snappy-java/1.0.5/snappy-java-1.0.5.jar:/home/user/.m2/repository/org/apache/hadoop/hadoop-annotations/3.2.1/hadoop-annotations-3.2.1.jar:/usr/lib/jvm/java-1.8.0-openjdk-1.8.0.232.b09-0.el7_7.x86_64/jre/../lib/tools.jar:/home/user/.m2/repository/org/apache/hadoop/hadoop-distcp/3.2.1/hadoop-distcp-3.2.1-tests.jar:"/>
    <property name="sun.cpu.endian" value="little"/>
    <property name="user.home" value="/home/user"/>
    <property name="user.language" value="en"/>
    <property name="java.specification.vendor" value="Oracle Corporation"/>
    <property name="java.home" value="/usr/lib/jvm/java-1.8.0-openjdk-1.8.0.232.b09-0.el7_7.x86_64/jre"/>
    <property name="java.security.krb5.conf" value="/github/workspace/mnt/ozone/hadoop-ozone/integration-test/target/test-classes/krb5.conf"/>
    <property name="basedir" value="/github/workspace/mnt/ozone/hadoop-ozone/integration-test"/>
    <property name="file.separator" value="/"/>
    <property name="line.separator" value="&#10;"/>
    <property name="java.vm.specification.vendor" value="Oracle Corporation"/>
    <property name="java.specification.name" value="Java Platform API Specification"/>
    <property name="java.awt.graphicsenv" value="sun.awt.X11GraphicsEnvironment"/>
    <property name="skip.installnpx" value="true"/>
    <property name="surefire.real.class.path" value="/github/workspace/mnt/ozone/hadoop-ozone/integration-test/target/surefire/surefirebooter3631218369521217076.jar:/home/user/.m2/repository/org/jacoco/org.jacoco.agent/0.8.5/org.jacoco.agent-0.8.5-runtime.jar"/>
    <property name="hadoop.log.dir" value="/github/workspace/mnt/ozone/hadoop-ozone/integration-test/target/log"/>
    <property name="sun.boot.class.path" value="/usr/lib/jvm/java-1.8.0-openjdk-1.8.0.232.b09-0.el7_7.x86_64/jre/lib/resources.jar:/usr/lib/jvm/java-1.8.0-openjdk-1.8.0.232.b09-0.el7_7.x86_64/jre/lib/rt.jar:/usr/lib/jvm/java-1.8.0-openjdk-1.8.0.232.b09-0.el7_7.x86_64/jre/lib/sunrsasign.jar:/usr/lib/jvm/java-1.8.0-openjdk-1.8.0.232.b09-0.el7_7.x86_64/jre/lib/jsse.jar:/usr/lib/jvm/java-1.8.0-openjdk-1.8.0.232.b09-0.el7_7.x86_64/jre/lib/jce.jar:/usr/lib/jvm/java-1.8.0-openjdk-1.8.0.232.b09-0.el7_7.x86_64/jre/lib/charsets.jar:/usr/lib/jvm/java-1.8.0-openjdk-1.8.0.232.b09-0.el7_7.x86_64/jre/lib/jfr.jar:/usr/lib/jvm/java-1.8.0-openjdk-1.8.0.232.b09-0.el7_7.x86_64/jre/classes"/>
    <property name="sun.management.compiler" value="HotSpot 64-Bit Tiered Compilers"/>
    <property name="skip.npx" value="true"/>
    <property name="java.runtime.version" value="1.8.0_232-b09"/>
    <property name="java.net.preferIPv4Stack" value="true"/>
    <property name="user.name" value="jenkins1001"/>
    <property name="path.separator" value=":"/>
    <property name="java.security.egd" value="file:///dev/urandom"/>
    <property name="os.version" value="5.4.0-1026-azure"/>
    <property name="java.endorsed.dirs" value="/usr/lib/jvm/java-1.8.0-openjdk-1.8.0.232.b09-0.el7_7.x86_64/jre/lib/endorsed"/>
    <property name="java.runtime.name" value="OpenJDK Runtime Environment"/>
    <property name="file.encoding" value="ANSI_X3.4-1968"/>
    <property name="java.vm.name" value="OpenJDK 64-Bit Server VM"/>
    <property name="test.build.webapps" value=""/>
    <property name="localRepository" value="/home/user/.m2/repository"/>
    <property name="java.vendor.url.bug" value="http://bugreport.sun.com/bugreport/"/>
    <property name="java.io.tmpdir" value="/tmp"/>
    <property name="require.test.libhadoop" value=""/>
    <property name="java.version" value="1.8.0_232"/>
    <property name="user.dir" value="/github/workspace/mnt/ozone/hadoop-ozone/integration-test"/>
    <property name="os.arch" value="amd64"/>
    <property name="java.vm.specification.name" value="Java Virtual Machine Specification"/>
    <property name="test.build.classes" value="/github/workspace/mnt/ozone/hadoop-ozone/integration-test/target/test-classes"/>
    <property name="java.awt.printerjob" value="sun.print.PSPrinterJob"/>
    <property name="sun.os.patch.level" value="unknown"/>
    <property name="hadoop.tmp.dir" value="/github/workspace/mnt/ozone/hadoop-ozone/integration-test/target/tmp"/>
    <property name="java.library.path" value="/usr/lib:/usr/java/packages/lib/amd64:/usr/lib64:/lib64:/lib:/usr/lib"/>
    <property name="java.vm.info" value="mixed mode"/>
    <property name="java.vendor" value="Oracle Corporation"/>
    <property name="java.vm.version" value="25.232-b09"/>
    <property name="java.ext.dirs" value="/usr/lib/jvm/java-1.8.0-openjdk-1.8.0.232.b09-0.el7_7.x86_64/jre/lib/ext:/usr/java/packages/lib/ext"/>
    <property name="sun.io.unicode.encoding" value="UnicodeLittle"/>
    <property name="java.class.version" value="52.0"/>
  </properties>
  <testcase name="testGroupMismatchExceptionHandling" classname="org.apache.hadoop.ozone.client.rpc.TestOzoneClientRetriesOnException" time="46.259"/>
  <testcase name="testMaxRetriesByOzoneClient" classname="org.apache.hadoop.ozone.client.rpc.TestOzoneClientRetriesOnException" time="43.398">
    <failure type="java.lang.AssertionError">java.lang.AssertionError
	at org.junit.Assert.fail(Assert.java:86)
	at org.junit.Assert.assertTrue(Assert.java:41)
	at org.junit.Assert.assertTrue(Assert.java:52)
	at org.apache.hadoop.ozone.client.rpc.TestOzoneClientRetriesOnException.testMaxRetriesByOzoneClient(TestOzoneClientRetriesOnException.java:226)
	at sun.reflect.NativeMethodAccessorImpl.invoke0(Native Method)
	at sun.reflect.NativeMethodAccessorImpl.invoke(NativeMethodAccessorImpl.java:62)
	at sun.reflect.DelegatingMethodAccessorImpl.invoke(DelegatingMethodAccessorImpl.java:43)
	at java.lang.reflect.Method.invoke(Method.java:498)
	at org.junit.runners.model.FrameworkMethod$1.runReflectiveCall(FrameworkMethod.java:47)
	at org.junit.internal.runners.model.ReflectiveCallable.run(ReflectiveCallable.java:12)
	at org.junit.runners.model.FrameworkMethod.invokeExplosively(FrameworkMethod.java:44)
	at org.junit.internal.runners.statements.InvokeMethod.evaluate(InvokeMethod.java:17)
	at org.junit.internal.runners.statements.RunBefores.evaluate(RunBefores.java:26)
	at org.junit.internal.runners.statements.RunAfters.evaluate(RunAfters.java:27)
	at org.junit.internal.runners.statements.FailOnTimeout$StatementThread.run(FailOnTimeout.java:74)
</failure>
    <system-out><![CDATA[2020-10-10 02:08:23,239 [Thread-365] WARN  server.ServerUtils (ServerUtils.java:getScmDbDir(148)) - ozone.scm.db.dirs is not configured. We recommend adding this setting. Falling back to ozone.metadata.dirs instead.
2020-10-10 02:08:23,241 [Thread-365] WARN  server.ServerUtils (ServerUtils.java:getScmDbDir(148)) - ozone.scm.db.dirs is not configured. We recommend adding this setting. Falling back to ozone.metadata.dirs instead.
2020-10-10 02:08:23,241 [Thread-365] WARN  db.DBStoreBuilder (DBStoreBuilder.java:createDBStoreBuilder(283)) - ozone.scm.db.dirs is not configured. We recommend adding this setting. Falling back to ozone.metadata.dirs instead.
2020-10-10 02:08:23,276 [Thread-365] INFO  net.NodeSchemaLoader (NodeSchemaLoader.java:loadSchemaFromFile(126)) - Loading file from sun.misc.CompoundEnumeration@50227213
2020-10-10 02:08:23,276 [Thread-365] INFO  net.NodeSchemaLoader (NodeSchemaLoader.java:loadSchema(172)) - Loading network topology layer schema file
2020-10-10 02:08:23,279 [Thread-365] WARN  server.ServerUtils (ServerUtils.java:sanitizeUserArgs(73)) - ozone.scm.stale.node.interval value = 300000 is larger than max = 100000 based on the key value of ozone.scm.heartbeat.thread.interval, reset to the max value 100000.
2020-10-10 02:08:23,279 [Thread-365] WARN  server.ServerUtils (ServerUtils.java:sanitizeUserArgs(73)) - ozone.scm.stale.node.interval value = 300000 is larger than max = 100000 based on the key value of ozone.scm.heartbeat.thread.interval, reset to the max value 100000.
2020-10-10 02:08:23,279 [Thread-365] INFO  node.SCMNodeManager (SCMNodeManager.java:<init>(120)) - Entering startup safe mode.
2020-10-10 02:08:23,280 [Thread-365] INFO  algorithms.ContainerPlacementPolicyFactory (ContainerPlacementPolicyFactory.java:getPolicy(60)) - Create container placement policy of type org.apache.hadoop.hdds.scm.container.placement.algorithms.SCMContainerPlacementRandom
2020-10-10 02:08:23,280 [Thread-365] INFO  pipeline.SCMPipelineManager (SCMPipelineManager.java:initializePipelineState(161)) - No pipeline exists in current db
2020-10-10 02:08:23,281 [Thread-365] INFO  algorithms.PipelineChoosePolicyFactory (PipelineChoosePolicyFactory.java:createPipelineChoosePolicyFromClass(75)) - Create pipeline choose policy of type org.apache.hadoop.hdds.scm.pipeline.choose.algorithms.RandomPipelineChoosePolicy
2020-10-10 02:08:23,282 [Thread-365] INFO  safemode.HealthyPipelineSafeModeRule (HealthyPipelineSafeModeRule.java:<init>(89)) - Total pipeline count is 0, healthy pipeline threshold count is 0
2020-10-10 02:08:23,282 [Thread-365] INFO  safemode.OneReplicaPipelineSafeModeRule (OneReplicaPipelineSafeModeRule.java:<init>(79)) - Total pipeline count is 0, pipeline's with at least one datanode reported threshold count is 0
2020-10-10 02:08:23,283 [Thread-365] INFO  ipc.CallQueueManager (CallQueueManager.java:<init>(84)) - Using callQueue: class java.util.concurrent.LinkedBlockingQueue, queueCapacity: 2000, scheduler: class org.apache.hadoop.ipc.DefaultRpcScheduler, ipcBackoff: false.
2020-10-10 02:08:23,284 [Socket Reader #1 for port 0] INFO  ipc.Server (Server.java:run(1219)) - Starting Socket Reader #1 for port 0
2020-10-10 02:08:23,285 [Listener at 0.0.0.0/43075] INFO  ipc.CallQueueManager (CallQueueManager.java:<init>(84)) - Using callQueue: class java.util.concurrent.LinkedBlockingQueue, queueCapacity: 2000, scheduler: class org.apache.hadoop.ipc.DefaultRpcScheduler, ipcBackoff: false.
2020-10-10 02:08:23,286 [Socket Reader #1 for port 0] INFO  ipc.Server (Server.java:run(1219)) - Starting Socket Reader #1 for port 0
2020-10-10 02:08:23,291 [Listener at 0.0.0.0/38293] INFO  ipc.CallQueueManager (CallQueueManager.java:<init>(84)) - Using callQueue: class java.util.concurrent.LinkedBlockingQueue, queueCapacity: 2000, scheduler: class org.apache.hadoop.ipc.DefaultRpcScheduler, ipcBackoff: false.
2020-10-10 02:08:23,292 [Socket Reader #1 for port 0] INFO  ipc.Server (Server.java:run(1219)) - Starting Socket Reader #1 for port 0
2020-10-10 02:08:23,300 [Listener at 0.0.0.0/39383] INFO  http.BaseHttpServer (BaseHttpServer.java:newHttpServer2BuilderForOzone(207)) - Starting Web-server for scm at: http://0.0.0.0:0
2020-10-10 02:08:23,300 [Listener at 0.0.0.0/39383] INFO  http.BaseHttpServer (BaseHttpServer.java:<init>(106)) - Hadoop Security Enabled: false Ozone Security Enabled: false Ozone HTTP Security Enabled: false 
2020-10-10 02:08:23,302 [Listener at 0.0.0.0/39383] INFO  server.AuthenticationFilter (AuthenticationFilter.java:constructSecretProvider(240)) - Unable to initialize FileSignerSecretProvider, falling back to use random secrets.
2020-10-10 02:08:23,302 [Listener at 0.0.0.0/39383] WARN  http.HttpRequestLog (HttpRequestLog.java:getRequestLog(103)) - Jetty request log can only be enabled using Log4j
2020-10-10 02:08:23,304 [Listener at 0.0.0.0/39383] INFO  http.HttpServer2 (HttpServer2.java:addGlobalFilter(1019)) - Added global filter 'safety' (class=org.apache.hadoop.hdds.server.http.HttpServer2$QuotingInputFilter)
2020-10-10 02:08:23,304 [Listener at 0.0.0.0/39383] INFO  http.HttpServer2 (HttpServer2.java:addFilter(995)) - Added filter static_user_filter (class=org.apache.hadoop.http.lib.StaticUserWebFilter$StaticUserFilter) to context scm
2020-10-10 02:08:23,305 [Listener at 0.0.0.0/39383] INFO  http.HttpServer2 (HttpServer2.java:addFilter(1003)) - Added filter static_user_filter (class=org.apache.hadoop.http.lib.StaticUserWebFilter$StaticUserFilter) to context logs
2020-10-10 02:08:23,305 [Listener at 0.0.0.0/39383] INFO  http.HttpServer2 (HttpServer2.java:addFilter(1003)) - Added filter static_user_filter (class=org.apache.hadoop.http.lib.StaticUserWebFilter$StaticUserFilter) to context static
2020-10-10 02:08:23,308 [Listener at 0.0.0.0/39383] INFO  server.StorageContainerManager (StorageContainerManager.java:start(789)) - StorageContainerLocationProtocol RPC server is listening at /0.0.0.0:39383
2020-10-10 02:08:23,310 [Listener at 0.0.0.0/39383] WARN  impl.MetricsConfig (MetricsConfig.java:loadFirst(134)) - Cannot locate configuration: tried hadoop-metrics2-storagecontainermanager.properties,hadoop-metrics2.properties
2020-10-10 02:08:23,318 [Listener at 0.0.0.0/39383] INFO  impl.MetricsSystemImpl (MetricsSystemImpl.java:startTimer(374)) - Scheduled Metric snapshot period at 10 second(s).
2020-10-10 02:08:23,318 [Listener at 0.0.0.0/39383] INFO  impl.MetricsSystemImpl (MetricsSystemImpl.java:start(191)) - StorageContainerManager metrics system started
2020-10-10 02:08:23,329 [Listener at 0.0.0.0/39383] WARN  impl.MetricsSystemImpl (MetricsSystemImpl.java:register(276)) - Sink prometheus already exists!
2020-10-10 02:08:23,343 [Listener at 0.0.0.0/39383] INFO  server.SCMClientProtocolServer (SCMClientProtocolServer.java:start(156)) - RPC server for Client  is listening at /0.0.0.0:39383
2020-10-10 02:08:23,346 [IPC Server Responder] INFO  ipc.Server (Server.java:run(1460)) - IPC Server Responder: starting
2020-10-10 02:08:23,351 [IPC Server listener on 0] INFO  ipc.Server (Server.java:run(1298)) - IPC Server listener on 0: starting
2020-10-10 02:08:23,358 [Listener at 0.0.0.0/39383] INFO  server.StorageContainerManager (StorageContainerManager.java:start(801)) - ScmBlockLocationProtocol RPC server is listening at /0.0.0.0:38293
2020-10-10 02:08:23,359 [Listener at 0.0.0.0/39383] INFO  server.SCMBlockProtocolServer (SCMBlockProtocolServer.java:start(149)) - RPC server for Block Protocol is listening at /0.0.0.0:38293
2020-10-10 02:08:23,359 [IPC Server Responder] INFO  ipc.Server (Server.java:run(1460)) - IPC Server Responder: starting
2020-10-10 02:08:23,363 [IPC Server listener on 0] INFO  ipc.Server (Server.java:run(1298)) - IPC Server listener on 0: starting
2020-10-10 02:08:23,370 [Listener at 0.0.0.0/39383] INFO  server.StorageContainerManager (StorageContainerManager.java:start(807)) - ScmDatanodeProtocl RPC server is listening at /0.0.0.0:43075
2020-10-10 02:08:23,370 [Listener at 0.0.0.0/39383] INFO  server.SCMDatanodeProtocolServer (SCMDatanodeProtocolServer.java:start(172)) - RPC server for DataNodes is listening at /0.0.0.0:43075
2020-10-10 02:08:23,371 [IPC Server Responder] INFO  ipc.Server (Server.java:run(1460)) - IPC Server Responder: starting
2020-10-10 02:08:23,371 [IPC Server listener on 0] INFO  ipc.Server (Server.java:run(1298)) - IPC Server listener on 0: starting
2020-10-10 02:08:23,381 [Listener at 0.0.0.0/39383] INFO  http.HttpServer2 (HttpServer2.java:bindListener(1237)) - Jetty bound to port 41435
2020-10-10 02:08:23,381 [Listener at 0.0.0.0/39383] INFO  server.Server (Server.java:doStart(359)) - jetty-9.4.26.v20200117; built: 2020-01-17T12:35:33.676Z; git: 7b38981d25d14afb4a12ff1f2596756144edf695; jvm 1.8.0_232-b09
2020-10-10 02:08:23,384 [Listener at 0.0.0.0/39383] INFO  server.session (DefaultSessionIdManager.java:doStart(333)) - DefaultSessionIdManager workerName=node0
2020-10-10 02:08:23,384 [Listener at 0.0.0.0/39383] INFO  server.session (DefaultSessionIdManager.java:doStart(338)) - No SessionScavenger set, using defaults
2020-10-10 02:08:23,384 [Listener at 0.0.0.0/39383] INFO  server.session (HouseKeeper.java:startScavenging(140)) - node0 Scavenging every 660000ms
2020-10-10 02:08:23,385 [Listener at 0.0.0.0/39383] INFO  handler.ContextHandler (ContextHandler.java:doStart(825)) - Started o.e.j.s.ServletContextHandler@47e17e95{logs,/logs,file:///github/workspace/mnt/ozone/hadoop-ozone/integration-test/target/log,AVAILABLE}
2020-10-10 02:08:23,386 [Listener at 0.0.0.0/39383] INFO  handler.ContextHandler (ContextHandler.java:doStart(825)) - Started o.e.j.s.ServletContextHandler@1f7fab99{static,/static,file:///github/workspace/mnt/ozone/hadoop-ozone/integration-test/target/test-classes/webapps/static,AVAILABLE}
2020-10-10 02:08:23,389 [Listener at 0.0.0.0/39383] INFO  handler.ContextHandler (ContextHandler.java:doStart(825)) - Started o.e.j.w.WebAppContext@558242ab{scm,/,file:///github/workspace/mnt/ozone/hadoop-ozone/integration-test/target/test-classes/webapps/scm/,AVAILABLE}{file:/github/workspace/mnt/ozone/hadoop-ozone/integration-test/target/test-classes/webapps/scm}
2020-10-10 02:08:23,390 [Listener at 0.0.0.0/39383] INFO  server.AbstractConnector (AbstractConnector.java:doStart(330)) - Started ServerConnector@2b86633c{HTTP/1.1,[http/1.1]}{0.0.0.0:41435}
2020-10-10 02:08:23,391 [Listener at 0.0.0.0/39383] INFO  server.Server (Server.java:doStart(399)) - Started @47397ms
2020-10-10 02:08:23,391 [Listener at 0.0.0.0/39383] WARN  impl.MetricsSystemImpl (MetricsSystemImpl.java:register(276)) - Sink prometheus already exists!
2020-10-10 02:08:23,395 [Listener at 0.0.0.0/39383] INFO  http.BaseHttpServer (BaseHttpServer.java:updateConnectorAddress(327)) - HTTP server of scm listening at http://0.0.0.0:41435
2020-10-10 02:08:23,398 [Listener at 0.0.0.0/39383] WARN  server.ServerUtils (ServerUtils.java:getDBPath(225)) - ozone.om.db.dirs is not configured. We recommend adding this setting. Falling back to ozone.metadata.dirs instead.
2020-10-10 02:08:23,399 [org.apache.hadoop.util.JvmPauseMonitor$Monitor@58ae0abe] INFO  util.JvmPauseMonitor (JvmPauseMonitor.java:run(188)) - Starting JVM pause monitor
2020-10-10 02:08:23,400 [Listener at 0.0.0.0/39383] INFO  ha.OMHANodeDetails (OMHANodeDetails.java:loadOMHAConfig(104)) - ozone.om.internal.service.id is not defined, falling back to ozone.om.service.ids to find serviceID for OzoneManager if it is HA enabled cluster
2020-10-10 02:08:23,401 [Listener at 0.0.0.0/39383] INFO  ha.OMHANodeDetails (OMHANodeDetails.java:loadOMHAConfig(213)) - Configuration either no ozone.om.address set. Falling back to the default OM address /127.0.0.1:0
2020-10-10 02:08:23,401 [Listener at 0.0.0.0/39383] INFO  ha.OMHANodeDetails (OMHANodeDetails.java:getOMNodeDetails(241)) - OM Service ID is not set. Setting it to the default ID: omServiceIdDefault
2020-10-10 02:08:23,401 [Listener at 0.0.0.0/39383] WARN  server.ServerUtils (ServerUtils.java:getDBPath(225)) - ozone.om.db.dirs is not configured. We recommend adding this setting. Falling back to ozone.metadata.dirs instead.
2020-10-10 02:08:23,401 [Listener at 0.0.0.0/39383] WARN  server.ServerUtils (ServerUtils.java:getDBPath(225)) - ozone.om.db.dirs is not configured. We recommend adding this setting. Falling back to ozone.metadata.dirs instead.
2020-10-10 02:08:23,414 [Listener at 0.0.0.0/39383] WARN  server.ServerUtils (ServerUtils.java:getDBPath(225)) - ozone.om.db.dirs is not configured. We recommend adding this setting. Falling back to ozone.metadata.dirs instead.
2020-10-10 02:08:23,415 [Listener at 0.0.0.0/39383] INFO  codec.OmKeyInfoCodec (OmKeyInfoCodec.java:<init>(41)) - OmKeyInfoCodec ignorePipeline = true
2020-10-10 02:08:23,415 [Listener at 0.0.0.0/39383] INFO  codec.RepeatedOmKeyInfoCodec (RepeatedOmKeyInfoCodec.java:<init>(40)) - RepeatedOmKeyInfoCodec ignorePipeline = true
2020-10-10 02:08:23,477 [Listener at 0.0.0.0/39383] INFO  om.OzoneManager (OzoneManager.java:addS3GVolumeToDB(3621)) - Created Volume s3v With Owner jenkins1001 required for S3Gateway operations.
2020-10-10 02:08:23,479 [Listener at 0.0.0.0/39383] INFO  ipc.CallQueueManager (CallQueueManager.java:<init>(84)) - Using callQueue: class java.util.concurrent.LinkedBlockingQueue, queueCapacity: 2000, scheduler: class org.apache.hadoop.ipc.DefaultRpcScheduler, ipcBackoff: false.
2020-10-10 02:08:23,480 [Socket Reader #1 for port 0] INFO  ipc.Server (Server.java:run(1219)) - Starting Socket Reader #1 for port 0
2020-10-10 02:08:23,495 [Listener at 127.0.0.1/44617] INFO  impl.MetricsSystemImpl (MetricsSystemImpl.java:init(158)) - OzoneManager metrics system started (again)
2020-10-10 02:08:23,496 [Listener at 127.0.0.1/44617] INFO  om.OzoneManager (OzoneManager.java:start(1133)) - OzoneManager RPC server is listening at localhost/127.0.0.1:44617
2020-10-10 02:08:23,504 [Listener at 127.0.0.1/44617] INFO  http.BaseHttpServer (BaseHttpServer.java:newHttpServer2BuilderForOzone(207)) - Starting Web-server for ozoneManager at: http://0.0.0.0:0
2020-10-10 02:08:23,504 [Listener at 127.0.0.1/44617] INFO  http.BaseHttpServer (BaseHttpServer.java:<init>(106)) - Hadoop Security Enabled: false Ozone Security Enabled: false Ozone HTTP Security Enabled: false 
2020-10-10 02:08:23,506 [Listener at 127.0.0.1/44617] INFO  server.AuthenticationFilter (AuthenticationFilter.java:constructSecretProvider(240)) - Unable to initialize FileSignerSecretProvider, falling back to use random secrets.
2020-10-10 02:08:23,507 [Listener at 127.0.0.1/44617] WARN  http.HttpRequestLog (HttpRequestLog.java:getRequestLog(103)) - Jetty request log can only be enabled using Log4j
2020-10-10 02:08:23,508 [Listener at 127.0.0.1/44617] INFO  http.HttpServer2 (HttpServer2.java:addGlobalFilter(1019)) - Added global filter 'safety' (class=org.apache.hadoop.hdds.server.http.HttpServer2$QuotingInputFilter)
2020-10-10 02:08:23,508 [Listener at 127.0.0.1/44617] INFO  http.HttpServer2 (HttpServer2.java:addFilter(995)) - Added filter static_user_filter (class=org.apache.hadoop.http.lib.StaticUserWebFilter$StaticUserFilter) to context ozoneManager
2020-10-10 02:08:23,509 [Listener at 127.0.0.1/44617] INFO  http.HttpServer2 (HttpServer2.java:addFilter(1003)) - Added filter static_user_filter (class=org.apache.hadoop.http.lib.StaticUserWebFilter$StaticUserFilter) to context logs
2020-10-10 02:08:23,509 [Listener at 127.0.0.1/44617] INFO  http.HttpServer2 (HttpServer2.java:addFilter(1003)) - Added filter static_user_filter (class=org.apache.hadoop.http.lib.StaticUserWebFilter$StaticUserFilter) to context static
2020-10-10 02:08:23,509 [Listener at 127.0.0.1/44617] INFO  http.HttpServer2 (HttpServer2.java:bindListener(1237)) - Jetty bound to port 39621
2020-10-10 02:08:23,509 [Listener at 127.0.0.1/44617] INFO  server.Server (Server.java:doStart(359)) - jetty-9.4.26.v20200117; built: 2020-01-17T12:35:33.676Z; git: 7b38981d25d14afb4a12ff1f2596756144edf695; jvm 1.8.0_232-b09
2020-10-10 02:08:23,511 [Listener at 127.0.0.1/44617] INFO  server.session (DefaultSessionIdManager.java:doStart(333)) - DefaultSessionIdManager workerName=node0
2020-10-10 02:08:23,511 [Listener at 127.0.0.1/44617] INFO  server.session (DefaultSessionIdManager.java:doStart(338)) - No SessionScavenger set, using defaults
2020-10-10 02:08:23,512 [Listener at 127.0.0.1/44617] INFO  server.session (HouseKeeper.java:startScavenging(140)) - node0 Scavenging every 660000ms
2020-10-10 02:08:23,512 [Listener at 127.0.0.1/44617] INFO  handler.ContextHandler (ContextHandler.java:doStart(825)) - Started o.e.j.s.ServletContextHandler@49019dc2{logs,/logs,file:///github/workspace/mnt/ozone/hadoop-ozone/integration-test/target/log,AVAILABLE}
2020-10-10 02:08:23,513 [Listener at 127.0.0.1/44617] INFO  handler.ContextHandler (ContextHandler.java:doStart(825)) - Started o.e.j.s.ServletContextHandler@4befaff0{static,/static,file:///github/workspace/mnt/ozone/hadoop-ozone/integration-test/target/test-classes/webapps/static,AVAILABLE}
2020-10-10 02:08:23,516 [Listener at 127.0.0.1/44617] INFO  handler.ContextHandler (ContextHandler.java:doStart(825)) - Started o.e.j.w.WebAppContext@51383ab3{ozoneManager,/,file:///github/workspace/mnt/ozone/hadoop-ozone/integration-test/target/test-classes/webapps/ozoneManager/,AVAILABLE}{file:/github/workspace/mnt/ozone/hadoop-ozone/integration-test/target/test-classes/webapps/ozoneManager}
2020-10-10 02:08:23,517 [Listener at 127.0.0.1/44617] INFO  server.AbstractConnector (AbstractConnector.java:doStart(330)) - Started ServerConnector@4a3e6d5c{HTTP/1.1,[http/1.1]}{0.0.0.0:39621}
2020-10-10 02:08:23,517 [Listener at 127.0.0.1/44617] INFO  server.Server (Server.java:doStart(399)) - Started @47523ms
2020-10-10 02:08:23,517 [Listener at 127.0.0.1/44617] WARN  impl.MetricsSystemImpl (MetricsSystemImpl.java:register(276)) - Sink prometheus already exists!
2020-10-10 02:08:23,523 [Listener at 127.0.0.1/44617] INFO  http.BaseHttpServer (BaseHttpServer.java:updateConnectorAddress(327)) - HTTP server of ozoneManager listening at http://0.0.0.0:39621
2020-10-10 02:08:23,526 [IPC Server Responder] INFO  ipc.Server (Server.java:run(1460)) - IPC Server Responder: starting
2020-10-10 02:08:23,535 [IPC Server listener on 0] INFO  ipc.Server (Server.java:run(1298)) - IPC Server listener on 0: starting
2020-10-10 02:08:23,545 [org.apache.hadoop.util.JvmPauseMonitor$Monitor@73ae3d39] INFO  util.JvmPauseMonitor (JvmPauseMonitor.java:run(188)) - Starting JVM pause monitor
2020-10-10 02:08:23,564 [Listener at 127.0.0.1/44617] INFO  impl.MetricsSystemImpl (MetricsSystemImpl.java:init(158)) - HddsDatanode metrics system started (again)
2020-10-10 02:08:23,566 [Listener at 127.0.0.1/44617] INFO  ozone.HddsDatanodeService (HddsDatanodeService.java:start(217)) - HddsDatanodeService host:2df54852b2a6 ip:172.17.0.2
2020-10-10 02:08:23,571 [Listener at 127.0.0.1/44617] INFO  volume.HddsVolume (HddsVolume.java:<init>(176)) - Creating Volume: /github/workspace/mnt/ozone/hadoop-ozone/integration-test/target/test-dir/MiniOzoneClusterImpl-1565a709-8e1e-42be-9f8b-10d30925cb12/datanode-0/data-0/containers/hdds of storage type : DISK and capacity : 9223372036854775807
2020-10-10 02:08:23,571 [Listener at 127.0.0.1/44617] INFO  volume.MutableVolumeSet (MutableVolumeSet.java:initializeVolumeSet(179)) - Added Volume : /github/workspace/mnt/ozone/hadoop-ozone/integration-test/target/test-dir/MiniOzoneClusterImpl-1565a709-8e1e-42be-9f8b-10d30925cb12/datanode-0/data-0/containers/hdds to VolumeSet
2020-10-10 02:08:23,571 [Listener at 127.0.0.1/44617] INFO  volume.ThrottledAsyncChecker (ThrottledAsyncChecker.java:schedule(141)) - Scheduling a check for /github/workspace/mnt/ozone/hadoop-ozone/integration-test/target/test-dir/MiniOzoneClusterImpl-1565a709-8e1e-42be-9f8b-10d30925cb12/datanode-0/data-0/containers/hdds
2020-10-10 02:08:23,572 [Listener at 127.0.0.1/44617] INFO  volume.HddsVolumeChecker (HddsVolumeChecker.java:checkAllVolumes(200)) - Scheduled health check for volume /github/workspace/mnt/ozone/hadoop-ozone/integration-test/target/test-dir/MiniOzoneClusterImpl-1565a709-8e1e-42be-9f8b-10d30925cb12/datanode-0/data-0/containers/hdds
2020-10-10 02:08:23,586 [Thread-489] INFO  ozoneimpl.ContainerReader (ContainerReader.java:readVolume(123)) - Start to verify containers on volume /github/workspace/mnt/ozone/hadoop-ozone/integration-test/target/test-dir/MiniOzoneClusterImpl-1565a709-8e1e-42be-9f8b-10d30925cb12/datanode-0/data-0/containers/hdds
2020-10-10 02:08:23,586 [Thread-489] INFO  ozoneimpl.ContainerReader (ContainerReader.java:readVolume(148)) - Finish verifying containers on volume /github/workspace/mnt/ozone/hadoop-ozone/integration-test/target/test-dir/MiniOzoneClusterImpl-1565a709-8e1e-42be-9f8b-10d30925cb12/datanode-0/data-0/containers/hdds
2020-10-10 02:08:23,586 [Listener at 127.0.0.1/44617] INFO  ozoneimpl.OzoneContainer (OzoneContainer.java:buildContainerSet(196)) - Build ContainerSet costs 0s
2020-10-10 02:08:23,588 [Listener at 127.0.0.1/44617] INFO  impl.RaftServerProxy (ConfUtils.java:logGet(44)) - raft.rpc.type = GRPC (default)
2020-10-10 02:08:23,588 [Listener at 127.0.0.1/44617] INFO  grpc.GrpcFactory (GrpcFactory.java:checkPooledByteBufAllocatorUseCacheForAllThreads(45)) - PERFORMANCE WARNING: useCacheForAllThreads is true that may cause Netty to create a lot garbage objects and, as a result, trigger GC.
	It is recommended to disable useCacheForAllThreads by setting -Dorg.apache.ratis.thirdparty.io.netty.allocator.useCacheForAllThreads=false in command line.
2020-10-10 02:08:23,588 [Listener at 127.0.0.1/44617] INFO  grpc.GrpcConfigKeys (ConfUtils.java:logGet(44)) - raft.grpc.server.port = 0 (default)
2020-10-10 02:08:23,588 [Listener at 127.0.0.1/44617] INFO  server.GrpcService (ConfUtils.java:logGet(44)) - raft.grpc.message.size.max = 32MB (=33554432) (custom)
2020-10-10 02:08:23,589 [Listener at 127.0.0.1/44617] INFO  server.RaftServerConfigKeys (ConfUtils.java:logGet(44)) - raft.server.log.appender.buffer.byte-limit = 33554432 (custom)
2020-10-10 02:08:23,589 [Listener at 127.0.0.1/44617] INFO  server.GrpcService (ConfUtils.java:logGet(44)) - raft.grpc.flow.control.window = 5MB (=5242880) (custom)
2020-10-10 02:08:23,589 [Listener at 127.0.0.1/44617] INFO  server.RaftServerConfigKeys (ConfUtils.java:logGet(44)) - raft.server.rpc.request.timeout = 60s (custom)
2020-10-10 02:08:23,590 [Listener at 127.0.0.1/44617] INFO  server.RaftServerConfigKeys (ConfUtils.java:logGet(44)) - raft.server.storage.dir = [/github/workspace/mnt/ozone/hadoop-ozone/integration-test/target/test-dir/MiniOzoneClusterImpl-1565a709-8e1e-42be-9f8b-10d30925cb12/datanode-0/data/ratis] (custom)
2020-10-10 02:08:23,597 [Listener at 127.0.0.1/44617] INFO  http.BaseHttpServer (BaseHttpServer.java:newHttpServer2BuilderForOzone(207)) - Starting Web-server for hddsDatanode at: http://0.0.0.0:0
2020-10-10 02:08:23,597 [Listener at 127.0.0.1/44617] INFO  http.BaseHttpServer (BaseHttpServer.java:<init>(106)) - Hadoop Security Enabled: false Ozone Security Enabled: false Ozone HTTP Security Enabled: false 
2020-10-10 02:08:23,598 [Listener at 127.0.0.1/44617] INFO  server.AuthenticationFilter (AuthenticationFilter.java:constructSecretProvider(240)) - Unable to initialize FileSignerSecretProvider, falling back to use random secrets.
2020-10-10 02:08:23,598 [Listener at 127.0.0.1/44617] WARN  http.HttpRequestLog (HttpRequestLog.java:getRequestLog(103)) - Jetty request log can only be enabled using Log4j
2020-10-10 02:08:23,599 [Listener at 127.0.0.1/44617] INFO  http.HttpServer2 (HttpServer2.java:addGlobalFilter(1019)) - Added global filter 'safety' (class=org.apache.hadoop.hdds.server.http.HttpServer2$QuotingInputFilter)
2020-10-10 02:08:23,600 [Listener at 127.0.0.1/44617] INFO  http.HttpServer2 (HttpServer2.java:addFilter(995)) - Added filter static_user_filter (class=org.apache.hadoop.http.lib.StaticUserWebFilter$StaticUserFilter) to context hddsDatanode
2020-10-10 02:08:23,600 [Listener at 127.0.0.1/44617] INFO  http.HttpServer2 (HttpServer2.java:addFilter(1003)) - Added filter static_user_filter (class=org.apache.hadoop.http.lib.StaticUserWebFilter$StaticUserFilter) to context logs
2020-10-10 02:08:23,600 [Listener at 127.0.0.1/44617] INFO  http.HttpServer2 (HttpServer2.java:addFilter(1003)) - Added filter static_user_filter (class=org.apache.hadoop.http.lib.StaticUserWebFilter$StaticUserFilter) to context static
2020-10-10 02:08:23,600 [Listener at 127.0.0.1/44617] INFO  http.HttpServer2 (HttpServer2.java:bindListener(1237)) - Jetty bound to port 34653
2020-10-10 02:08:23,600 [Listener at 127.0.0.1/44617] INFO  server.Server (Server.java:doStart(359)) - jetty-9.4.26.v20200117; built: 2020-01-17T12:35:33.676Z; git: 7b38981d25d14afb4a12ff1f2596756144edf695; jvm 1.8.0_232-b09
2020-10-10 02:08:23,602 [Listener at 127.0.0.1/44617] INFO  server.session (DefaultSessionIdManager.java:doStart(333)) - DefaultSessionIdManager workerName=node0
2020-10-10 02:08:23,602 [Listener at 127.0.0.1/44617] INFO  server.session (DefaultSessionIdManager.java:doStart(338)) - No SessionScavenger set, using defaults
2020-10-10 02:08:23,602 [Listener at 127.0.0.1/44617] INFO  server.session (HouseKeeper.java:startScavenging(140)) - node0 Scavenging every 660000ms
2020-10-10 02:08:23,603 [Listener at 127.0.0.1/44617] INFO  handler.ContextHandler (ContextHandler.java:doStart(825)) - Started o.e.j.s.ServletContextHandler@ece63a5{logs,/logs,file:///github/workspace/mnt/ozone/hadoop-ozone/integration-test/target/log,AVAILABLE}
2020-10-10 02:08:23,603 [Listener at 127.0.0.1/44617] INFO  handler.ContextHandler (ContextHandler.java:doStart(825)) - Started o.e.j.s.ServletContextHandler@4053921f{static,/static,jar:file:/home/user/.m2/repository/org/apache/hadoop/hadoop-hdds-container-service/1.1.0-SNAPSHOT/hadoop-hdds-container-service-1.1.0-SNAPSHOT.jar!/webapps/static,AVAILABLE}
2020-10-10 02:08:23,755 [Listener at 127.0.0.1/44617] INFO  handler.ContextHandler (ContextHandler.java:doStart(825)) - Started o.e.j.w.WebAppContext@43fd03e7{hddsDatanode,/,file:///tmp/jetty-0_0_0_0-34653-hadoop-hdds-container-service-1_1_0-SNAPSHOT_jar-_-any-4472677728754697843.dir/webapp/,AVAILABLE}{jar:file:/home/user/.m2/repository/org/apache/hadoop/hadoop-hdds-container-service/1.1.0-SNAPSHOT/hadoop-hdds-container-service-1.1.0-SNAPSHOT.jar!/webapps/hddsDatanode}
2020-10-10 02:08:23,757 [Listener at 127.0.0.1/44617] INFO  server.AbstractConnector (AbstractConnector.java:doStart(330)) - Started ServerConnector@38564a5a{HTTP/1.1,[http/1.1]}{0.0.0.0:34653}
2020-10-10 02:08:23,757 [Listener at 127.0.0.1/44617] INFO  server.Server (Server.java:doStart(399)) - Started @47763ms
2020-10-10 02:08:23,757 [Listener at 127.0.0.1/44617] WARN  impl.MetricsSystemImpl (MetricsSystemImpl.java:register(276)) - Sink prometheus already exists!
2020-10-10 02:08:23,761 [Listener at 127.0.0.1/44617] INFO  http.BaseHttpServer (BaseHttpServer.java:updateConnectorAddress(327)) - HTTP server of hddsDatanode listening at http://0.0.0.0:34653
2020-10-10 02:08:23,763 [Listener at 127.0.0.1/44617] INFO  impl.MetricsSystemImpl (MetricsSystemImpl.java:init(158)) - HddsDatanode metrics system started (again)
2020-10-10 02:08:23,764 [Listener at 127.0.0.1/44617] INFO  ozone.HddsDatanodeService (HddsDatanodeService.java:start(217)) - HddsDatanodeService host:2df54852b2a6 ip:172.17.0.2
2020-10-10 02:08:23,765 [org.apache.hadoop.util.JvmPauseMonitor$Monitor@7b475de] INFO  util.JvmPauseMonitor (JvmPauseMonitor.java:run(188)) - Starting JVM pause monitor
2020-10-10 02:08:23,765 [Listener at 127.0.0.1/44617] INFO  volume.HddsVolume (HddsVolume.java:<init>(176)) - Creating Volume: /github/workspace/mnt/ozone/hadoop-ozone/integration-test/target/test-dir/MiniOzoneClusterImpl-1565a709-8e1e-42be-9f8b-10d30925cb12/datanode-1/data-0/containers/hdds of storage type : DISK and capacity : 9223372036854775807
2020-10-10 02:08:23,766 [Listener at 127.0.0.1/44617] INFO  volume.MutableVolumeSet (MutableVolumeSet.java:initializeVolumeSet(179)) - Added Volume : /github/workspace/mnt/ozone/hadoop-ozone/integration-test/target/test-dir/MiniOzoneClusterImpl-1565a709-8e1e-42be-9f8b-10d30925cb12/datanode-1/data-0/containers/hdds to VolumeSet
2020-10-10 02:08:23,766 [Listener at 127.0.0.1/44617] INFO  volume.ThrottledAsyncChecker (ThrottledAsyncChecker.java:schedule(141)) - Scheduling a check for /github/workspace/mnt/ozone/hadoop-ozone/integration-test/target/test-dir/MiniOzoneClusterImpl-1565a709-8e1e-42be-9f8b-10d30925cb12/datanode-1/data-0/containers/hdds
2020-10-10 02:08:23,767 [Datanode State Machine Task Thread - 0] INFO  datanode.InitDatanodeState (InitDatanodeState.java:persistContainerDatanodeDetails(145)) - DatanodeDetails is persisted to /github/workspace/mnt/ozone/hadoop-ozone/integration-test/target/test-dir/MiniOzoneClusterImpl-1565a709-8e1e-42be-9f8b-10d30925cb12/datanode-0/meta/datanode.id
2020-10-10 02:08:23,767 [Listener at 127.0.0.1/44617] INFO  volume.HddsVolumeChecker (HddsVolumeChecker.java:checkAllVolumes(200)) - Scheduled health check for volume /github/workspace/mnt/ozone/hadoop-ozone/integration-test/target/test-dir/MiniOzoneClusterImpl-1565a709-8e1e-42be-9f8b-10d30925cb12/datanode-1/data-0/containers/hdds
2020-10-10 02:08:23,782 [Thread-500] INFO  ozoneimpl.ContainerReader (ContainerReader.java:readVolume(123)) - Start to verify containers on volume /github/workspace/mnt/ozone/hadoop-ozone/integration-test/target/test-dir/MiniOzoneClusterImpl-1565a709-8e1e-42be-9f8b-10d30925cb12/datanode-1/data-0/containers/hdds
2020-10-10 02:08:23,782 [Thread-500] INFO  ozoneimpl.ContainerReader (ContainerReader.java:readVolume(148)) - Finish verifying containers on volume /github/workspace/mnt/ozone/hadoop-ozone/integration-test/target/test-dir/MiniOzoneClusterImpl-1565a709-8e1e-42be-9f8b-10d30925cb12/datanode-1/data-0/containers/hdds
2020-10-10 02:08:23,782 [Listener at 127.0.0.1/44617] INFO  ozoneimpl.OzoneContainer (OzoneContainer.java:buildContainerSet(196)) - Build ContainerSet costs 0s
2020-10-10 02:08:23,784 [Listener at 127.0.0.1/44617] INFO  impl.RaftServerProxy (ConfUtils.java:logGet(44)) - raft.rpc.type = GRPC (default)
2020-10-10 02:08:23,784 [Listener at 127.0.0.1/44617] INFO  grpc.GrpcFactory (GrpcFactory.java:checkPooledByteBufAllocatorUseCacheForAllThreads(45)) - PERFORMANCE WARNING: useCacheForAllThreads is true that may cause Netty to create a lot garbage objects and, as a result, trigger GC.
	It is recommended to disable useCacheForAllThreads by setting -Dorg.apache.ratis.thirdparty.io.netty.allocator.useCacheForAllThreads=false in command line.
2020-10-10 02:08:23,784 [Listener at 127.0.0.1/44617] INFO  grpc.GrpcConfigKeys (ConfUtils.java:logGet(44)) - raft.grpc.server.port = 0 (default)
2020-10-10 02:08:23,785 [Listener at 127.0.0.1/44617] INFO  server.GrpcService (ConfUtils.java:logGet(44)) - raft.grpc.message.size.max = 32MB (=33554432) (custom)
2020-10-10 02:08:23,785 [Listener at 127.0.0.1/44617] INFO  server.RaftServerConfigKeys (ConfUtils.java:logGet(44)) - raft.server.log.appender.buffer.byte-limit = 33554432 (custom)
2020-10-10 02:08:23,785 [Listener at 127.0.0.1/44617] INFO  server.GrpcService (ConfUtils.java:logGet(44)) - raft.grpc.flow.control.window = 5MB (=5242880) (custom)
2020-10-10 02:08:23,785 [Listener at 127.0.0.1/44617] INFO  server.RaftServerConfigKeys (ConfUtils.java:logGet(44)) - raft.server.rpc.request.timeout = 60s (custom)
2020-10-10 02:08:23,786 [Listener at 127.0.0.1/44617] INFO  server.RaftServerConfigKeys (ConfUtils.java:logGet(44)) - raft.server.storage.dir = [/github/workspace/mnt/ozone/hadoop-ozone/integration-test/target/test-dir/MiniOzoneClusterImpl-1565a709-8e1e-42be-9f8b-10d30925cb12/datanode-1/data/ratis] (custom)
2020-10-10 02:08:23,792 [Listener at 127.0.0.1/44617] INFO  http.BaseHttpServer (BaseHttpServer.java:newHttpServer2BuilderForOzone(207)) - Starting Web-server for hddsDatanode at: http://0.0.0.0:0
2020-10-10 02:08:23,792 [Listener at 127.0.0.1/44617] INFO  http.BaseHttpServer (BaseHttpServer.java:<init>(106)) - Hadoop Security Enabled: false Ozone Security Enabled: false Ozone HTTP Security Enabled: false 
2020-10-10 02:08:23,793 [Listener at 127.0.0.1/44617] INFO  server.AuthenticationFilter (AuthenticationFilter.java:constructSecretProvider(240)) - Unable to initialize FileSignerSecretProvider, falling back to use random secrets.
2020-10-10 02:08:23,793 [Listener at 127.0.0.1/44617] WARN  http.HttpRequestLog (HttpRequestLog.java:getRequestLog(103)) - Jetty request log can only be enabled using Log4j
2020-10-10 02:08:23,794 [Listener at 127.0.0.1/44617] INFO  http.HttpServer2 (HttpServer2.java:addGlobalFilter(1019)) - Added global filter 'safety' (class=org.apache.hadoop.hdds.server.http.HttpServer2$QuotingInputFilter)
2020-10-10 02:08:23,795 [Listener at 127.0.0.1/44617] INFO  http.HttpServer2 (HttpServer2.java:addFilter(995)) - Added filter static_user_filter (class=org.apache.hadoop.http.lib.StaticUserWebFilter$StaticUserFilter) to context hddsDatanode
2020-10-10 02:08:23,795 [Listener at 127.0.0.1/44617] INFO  http.HttpServer2 (HttpServer2.java:addFilter(1003)) - Added filter static_user_filter (class=org.apache.hadoop.http.lib.StaticUserWebFilter$StaticUserFilter) to context static
2020-10-10 02:08:23,795 [Listener at 127.0.0.1/44617] INFO  http.HttpServer2 (HttpServer2.java:addFilter(1003)) - Added filter static_user_filter (class=org.apache.hadoop.http.lib.StaticUserWebFilter$StaticUserFilter) to context logs
2020-10-10 02:08:23,796 [Listener at 127.0.0.1/44617] INFO  http.HttpServer2 (HttpServer2.java:bindListener(1237)) - Jetty bound to port 43077
2020-10-10 02:08:23,796 [Listener at 127.0.0.1/44617] INFO  server.Server (Server.java:doStart(359)) - jetty-9.4.26.v20200117; built: 2020-01-17T12:35:33.676Z; git: 7b38981d25d14afb4a12ff1f2596756144edf695; jvm 1.8.0_232-b09
2020-10-10 02:08:23,797 [Listener at 127.0.0.1/44617] INFO  server.session (DefaultSessionIdManager.java:doStart(333)) - DefaultSessionIdManager workerName=node0
2020-10-10 02:08:23,797 [Listener at 127.0.0.1/44617] INFO  server.session (DefaultSessionIdManager.java:doStart(338)) - No SessionScavenger set, using defaults
2020-10-10 02:08:23,797 [Listener at 127.0.0.1/44617] INFO  server.session (HouseKeeper.java:startScavenging(140)) - node0 Scavenging every 600000ms
2020-10-10 02:08:23,798 [Listener at 127.0.0.1/44617] INFO  handler.ContextHandler (ContextHandler.java:doStart(825)) - Started o.e.j.s.ServletContextHandler@2b42672d{logs,/logs,file:///github/workspace/mnt/ozone/hadoop-ozone/integration-test/target/log,AVAILABLE}
2020-10-10 02:08:23,798 [Listener at 127.0.0.1/44617] INFO  handler.ContextHandler (ContextHandler.java:doStart(825)) - Started o.e.j.s.ServletContextHandler@5d3c13c5{static,/static,jar:file:/home/user/.m2/repository/org/apache/hadoop/hadoop-hdds-container-service/1.1.0-SNAPSHOT/hadoop-hdds-container-service-1.1.0-SNAPSHOT.jar!/webapps/static,AVAILABLE}
2020-10-10 02:08:23,951 [Listener at 127.0.0.1/44617] INFO  handler.ContextHandler (ContextHandler.java:doStart(825)) - Started o.e.j.w.WebAppContext@66b77446{hddsDatanode,/,file:///tmp/jetty-0_0_0_0-43077-hadoop-hdds-container-service-1_1_0-SNAPSHOT_jar-_-any-4369229808584037550.dir/webapp/,AVAILABLE}{jar:file:/home/user/.m2/repository/org/apache/hadoop/hadoop-hdds-container-service/1.1.0-SNAPSHOT/hadoop-hdds-container-service-1.1.0-SNAPSHOT.jar!/webapps/hddsDatanode}
2020-10-10 02:08:23,953 [Listener at 127.0.0.1/44617] INFO  server.AbstractConnector (AbstractConnector.java:doStart(330)) - Started ServerConnector@53eb3027{HTTP/1.1,[http/1.1]}{0.0.0.0:43077}
2020-10-10 02:08:23,953 [Listener at 127.0.0.1/44617] INFO  server.Server (Server.java:doStart(399)) - Started @47959ms
2020-10-10 02:08:23,953 [Listener at 127.0.0.1/44617] WARN  impl.MetricsSystemImpl (MetricsSystemImpl.java:register(276)) - Sink prometheus already exists!
2020-10-10 02:08:23,959 [Listener at 127.0.0.1/44617] INFO  http.BaseHttpServer (BaseHttpServer.java:updateConnectorAddress(327)) - HTTP server of hddsDatanode listening at http://0.0.0.0:43077
2020-10-10 02:08:23,960 [Listener at 127.0.0.1/44617] INFO  impl.MetricsSystemImpl (MetricsSystemImpl.java:init(158)) - HddsDatanode metrics system started (again)
2020-10-10 02:08:23,962 [org.apache.hadoop.util.JvmPauseMonitor$Monitor@2c7a4546] INFO  util.JvmPauseMonitor (JvmPauseMonitor.java:run(188)) - Starting JVM pause monitor
2020-10-10 02:08:23,963 [Listener at 127.0.0.1/44617] INFO  ozone.HddsDatanodeService (HddsDatanodeService.java:start(217)) - HddsDatanodeService host:2df54852b2a6 ip:172.17.0.2
2020-10-10 02:08:23,964 [Datanode State Machine Task Thread - 0] INFO  datanode.InitDatanodeState (InitDatanodeState.java:persistContainerDatanodeDetails(145)) - DatanodeDetails is persisted to /github/workspace/mnt/ozone/hadoop-ozone/integration-test/target/test-dir/MiniOzoneClusterImpl-1565a709-8e1e-42be-9f8b-10d30925cb12/datanode-1/meta/datanode.id
2020-10-10 02:08:23,965 [Listener at 127.0.0.1/44617] INFO  volume.HddsVolume (HddsVolume.java:<init>(176)) - Creating Volume: /github/workspace/mnt/ozone/hadoop-ozone/integration-test/target/test-dir/MiniOzoneClusterImpl-1565a709-8e1e-42be-9f8b-10d30925cb12/datanode-2/data-0/containers/hdds of storage type : DISK and capacity : 9223372036854775807
2020-10-10 02:08:23,965 [Listener at 127.0.0.1/44617] INFO  volume.MutableVolumeSet (MutableVolumeSet.java:initializeVolumeSet(179)) - Added Volume : /github/workspace/mnt/ozone/hadoop-ozone/integration-test/target/test-dir/MiniOzoneClusterImpl-1565a709-8e1e-42be-9f8b-10d30925cb12/datanode-2/data-0/containers/hdds to VolumeSet
2020-10-10 02:08:23,966 [Listener at 127.0.0.1/44617] INFO  volume.ThrottledAsyncChecker (ThrottledAsyncChecker.java:schedule(141)) - Scheduling a check for /github/workspace/mnt/ozone/hadoop-ozone/integration-test/target/test-dir/MiniOzoneClusterImpl-1565a709-8e1e-42be-9f8b-10d30925cb12/datanode-2/data-0/containers/hdds
2020-10-10 02:08:23,966 [Listener at 127.0.0.1/44617] INFO  volume.HddsVolumeChecker (HddsVolumeChecker.java:checkAllVolumes(200)) - Scheduled health check for volume /github/workspace/mnt/ozone/hadoop-ozone/integration-test/target/test-dir/MiniOzoneClusterImpl-1565a709-8e1e-42be-9f8b-10d30925cb12/datanode-2/data-0/containers/hdds
2020-10-10 02:08:23,981 [Thread-511] INFO  ozoneimpl.ContainerReader (ContainerReader.java:readVolume(123)) - Start to verify containers on volume /github/workspace/mnt/ozone/hadoop-ozone/integration-test/target/test-dir/MiniOzoneClusterImpl-1565a709-8e1e-42be-9f8b-10d30925cb12/datanode-2/data-0/containers/hdds
2020-10-10 02:08:23,981 [Thread-511] INFO  ozoneimpl.ContainerReader (ContainerReader.java:readVolume(148)) - Finish verifying containers on volume /github/workspace/mnt/ozone/hadoop-ozone/integration-test/target/test-dir/MiniOzoneClusterImpl-1565a709-8e1e-42be-9f8b-10d30925cb12/datanode-2/data-0/containers/hdds
2020-10-10 02:08:23,981 [Listener at 127.0.0.1/44617] INFO  ozoneimpl.OzoneContainer (OzoneContainer.java:buildContainerSet(196)) - Build ContainerSet costs 0s
2020-10-10 02:08:23,983 [Listener at 127.0.0.1/44617] INFO  impl.RaftServerProxy (ConfUtils.java:logGet(44)) - raft.rpc.type = GRPC (default)
2020-10-10 02:08:23,983 [Listener at 127.0.0.1/44617] INFO  grpc.GrpcFactory (GrpcFactory.java:checkPooledByteBufAllocatorUseCacheForAllThreads(45)) - PERFORMANCE WARNING: useCacheForAllThreads is true that may cause Netty to create a lot garbage objects and, as a result, trigger GC.
	It is recommended to disable useCacheForAllThreads by setting -Dorg.apache.ratis.thirdparty.io.netty.allocator.useCacheForAllThreads=false in command line.
2020-10-10 02:08:23,983 [Listener at 127.0.0.1/44617] INFO  grpc.GrpcConfigKeys (ConfUtils.java:logGet(44)) - raft.grpc.server.port = 0 (default)
2020-10-10 02:08:23,984 [Listener at 127.0.0.1/44617] INFO  server.GrpcService (ConfUtils.java:logGet(44)) - raft.grpc.message.size.max = 32MB (=33554432) (custom)
2020-10-10 02:08:23,984 [Listener at 127.0.0.1/44617] INFO  server.RaftServerConfigKeys (ConfUtils.java:logGet(44)) - raft.server.log.appender.buffer.byte-limit = 33554432 (custom)
2020-10-10 02:08:23,984 [Listener at 127.0.0.1/44617] INFO  server.GrpcService (ConfUtils.java:logGet(44)) - raft.grpc.flow.control.window = 5MB (=5242880) (custom)
2020-10-10 02:08:23,984 [Listener at 127.0.0.1/44617] INFO  server.RaftServerConfigKeys (ConfUtils.java:logGet(44)) - raft.server.rpc.request.timeout = 60s (custom)
2020-10-10 02:08:23,985 [Listener at 127.0.0.1/44617] INFO  server.RaftServerConfigKeys (ConfUtils.java:logGet(44)) - raft.server.storage.dir = [/github/workspace/mnt/ozone/hadoop-ozone/integration-test/target/test-dir/MiniOzoneClusterImpl-1565a709-8e1e-42be-9f8b-10d30925cb12/datanode-2/data/ratis] (custom)
2020-10-10 02:08:23,991 [Listener at 127.0.0.1/44617] INFO  http.BaseHttpServer (BaseHttpServer.java:newHttpServer2BuilderForOzone(207)) - Starting Web-server for hddsDatanode at: http://0.0.0.0:0
2020-10-10 02:08:23,991 [Listener at 127.0.0.1/44617] INFO  http.BaseHttpServer (BaseHttpServer.java:<init>(106)) - Hadoop Security Enabled: false Ozone Security Enabled: false Ozone HTTP Security Enabled: false 
2020-10-10 02:08:23,993 [Listener at 127.0.0.1/44617] INFO  server.AuthenticationFilter (AuthenticationFilter.java:constructSecretProvider(240)) - Unable to initialize FileSignerSecretProvider, falling back to use random secrets.
2020-10-10 02:08:23,994 [Listener at 127.0.0.1/44617] WARN  http.HttpRequestLog (HttpRequestLog.java:getRequestLog(103)) - Jetty request log can only be enabled using Log4j
2020-10-10 02:08:23,994 [Listener at 127.0.0.1/44617] INFO  http.HttpServer2 (HttpServer2.java:addGlobalFilter(1019)) - Added global filter 'safety' (class=org.apache.hadoop.hdds.server.http.HttpServer2$QuotingInputFilter)
2020-10-10 02:08:23,995 [Listener at 127.0.0.1/44617] INFO  http.HttpServer2 (HttpServer2.java:addFilter(995)) - Added filter static_user_filter (class=org.apache.hadoop.http.lib.StaticUserWebFilter$StaticUserFilter) to context hddsDatanode
2020-10-10 02:08:23,995 [Listener at 127.0.0.1/44617] INFO  http.HttpServer2 (HttpServer2.java:addFilter(1003)) - Added filter static_user_filter (class=org.apache.hadoop.http.lib.StaticUserWebFilter$StaticUserFilter) to context static
2020-10-10 02:08:23,995 [Listener at 127.0.0.1/44617] INFO  http.HttpServer2 (HttpServer2.java:addFilter(1003)) - Added filter static_user_filter (class=org.apache.hadoop.http.lib.StaticUserWebFilter$StaticUserFilter) to context logs
2020-10-10 02:08:23,996 [Listener at 127.0.0.1/44617] INFO  http.HttpServer2 (HttpServer2.java:bindListener(1237)) - Jetty bound to port 43513
2020-10-10 02:08:23,996 [Listener at 127.0.0.1/44617] INFO  server.Server (Server.java:doStart(359)) - jetty-9.4.26.v20200117; built: 2020-01-17T12:35:33.676Z; git: 7b38981d25d14afb4a12ff1f2596756144edf695; jvm 1.8.0_232-b09
2020-10-10 02:08:24,000 [Listener at 127.0.0.1/44617] INFO  server.session (DefaultSessionIdManager.java:doStart(333)) - DefaultSessionIdManager workerName=node0
2020-10-10 02:08:24,000 [Listener at 127.0.0.1/44617] INFO  server.session (DefaultSessionIdManager.java:doStart(338)) - No SessionScavenger set, using defaults
2020-10-10 02:08:24,000 [Listener at 127.0.0.1/44617] INFO  server.session (HouseKeeper.java:startScavenging(140)) - node0 Scavenging every 660000ms
2020-10-10 02:08:24,001 [Listener at 127.0.0.1/44617] INFO  handler.ContextHandler (ContextHandler.java:doStart(825)) - Started o.e.j.s.ServletContextHandler@35d25044{logs,/logs,file:///github/workspace/mnt/ozone/hadoop-ozone/integration-test/target/log,AVAILABLE}
2020-10-10 02:08:24,001 [Listener at 127.0.0.1/44617] INFO  handler.ContextHandler (ContextHandler.java:doStart(825)) - Started o.e.j.s.ServletContextHandler@2b46b71{static,/static,jar:file:/home/user/.m2/repository/org/apache/hadoop/hadoop-hdds-container-service/1.1.0-SNAPSHOT/hadoop-hdds-container-service-1.1.0-SNAPSHOT.jar!/webapps/static,AVAILABLE}
2020-10-10 02:08:24,153 [Listener at 127.0.0.1/44617] INFO  handler.ContextHandler (ContextHandler.java:doStart(825)) - Started o.e.j.w.WebAppContext@708465d6{hddsDatanode,/,file:///tmp/jetty-0_0_0_0-43513-hadoop-hdds-container-service-1_1_0-SNAPSHOT_jar-_-any-7684974663485471844.dir/webapp/,AVAILABLE}{jar:file:/home/user/.m2/repository/org/apache/hadoop/hadoop-hdds-container-service/1.1.0-SNAPSHOT/hadoop-hdds-container-service-1.1.0-SNAPSHOT.jar!/webapps/hddsDatanode}
2020-10-10 02:08:24,154 [Listener at 127.0.0.1/44617] INFO  server.AbstractConnector (AbstractConnector.java:doStart(330)) - Started ServerConnector@3b5abfe{HTTP/1.1,[http/1.1]}{0.0.0.0:43513}
2020-10-10 02:08:24,155 [Listener at 127.0.0.1/44617] INFO  server.Server (Server.java:doStart(399)) - Started @48161ms
2020-10-10 02:08:24,155 [Listener at 127.0.0.1/44617] WARN  impl.MetricsSystemImpl (MetricsSystemImpl.java:register(276)) - Sink prometheus already exists!
2020-10-10 02:08:24,160 [Listener at 127.0.0.1/44617] INFO  http.BaseHttpServer (BaseHttpServer.java:updateConnectorAddress(327)) - HTTP server of hddsDatanode listening at http://0.0.0.0:43513
2020-10-10 02:08:24,160 [Listener at 127.0.0.1/44617] INFO  impl.MetricsSystemImpl (MetricsSystemImpl.java:init(158)) - HddsDatanode metrics system started (again)
2020-10-10 02:08:24,162 [Listener at 127.0.0.1/44617] INFO  ozone.HddsDatanodeService (HddsDatanodeService.java:start(217)) - HddsDatanodeService host:2df54852b2a6 ip:172.17.0.2
2020-10-10 02:08:24,168 [Listener at 127.0.0.1/44617] INFO  volume.HddsVolume (HddsVolume.java:<init>(176)) - Creating Volume: /github/workspace/mnt/ozone/hadoop-ozone/integration-test/target/test-dir/MiniOzoneClusterImpl-1565a709-8e1e-42be-9f8b-10d30925cb12/datanode-3/data-0/containers/hdds of storage type : DISK and capacity : 9223372036854775807
2020-10-10 02:08:24,168 [Listener at 127.0.0.1/44617] INFO  volume.MutableVolumeSet (MutableVolumeSet.java:initializeVolumeSet(179)) - Added Volume : /github/workspace/mnt/ozone/hadoop-ozone/integration-test/target/test-dir/MiniOzoneClusterImpl-1565a709-8e1e-42be-9f8b-10d30925cb12/datanode-3/data-0/containers/hdds to VolumeSet
2020-10-10 02:08:24,168 [Listener at 127.0.0.1/44617] INFO  volume.ThrottledAsyncChecker (ThrottledAsyncChecker.java:schedule(141)) - Scheduling a check for /github/workspace/mnt/ozone/hadoop-ozone/integration-test/target/test-dir/MiniOzoneClusterImpl-1565a709-8e1e-42be-9f8b-10d30925cb12/datanode-3/data-0/containers/hdds
2020-10-10 02:08:24,171 [Listener at 127.0.0.1/44617] INFO  volume.HddsVolumeChecker (HddsVolumeChecker.java:checkAllVolumes(200)) - Scheduled health check for volume /github/workspace/mnt/ozone/hadoop-ozone/integration-test/target/test-dir/MiniOzoneClusterImpl-1565a709-8e1e-42be-9f8b-10d30925cb12/datanode-3/data-0/containers/hdds
2020-10-10 02:08:24,183 [org.apache.hadoop.util.JvmPauseMonitor$Monitor@66c24ac] INFO  util.JvmPauseMonitor (JvmPauseMonitor.java:run(188)) - Starting JVM pause monitor
2020-10-10 02:08:24,184 [Datanode State Machine Task Thread - 0] INFO  datanode.InitDatanodeState (InitDatanodeState.java:persistContainerDatanodeDetails(145)) - DatanodeDetails is persisted to /github/workspace/mnt/ozone/hadoop-ozone/integration-test/target/test-dir/MiniOzoneClusterImpl-1565a709-8e1e-42be-9f8b-10d30925cb12/datanode-2/meta/datanode.id
2020-10-10 02:08:24,189 [Thread-522] INFO  ozoneimpl.ContainerReader (ContainerReader.java:readVolume(123)) - Start to verify containers on volume /github/workspace/mnt/ozone/hadoop-ozone/integration-test/target/test-dir/MiniOzoneClusterImpl-1565a709-8e1e-42be-9f8b-10d30925cb12/datanode-3/data-0/containers/hdds
2020-10-10 02:08:24,189 [Thread-522] INFO  ozoneimpl.ContainerReader (ContainerReader.java:readVolume(148)) - Finish verifying containers on volume /github/workspace/mnt/ozone/hadoop-ozone/integration-test/target/test-dir/MiniOzoneClusterImpl-1565a709-8e1e-42be-9f8b-10d30925cb12/datanode-3/data-0/containers/hdds
2020-10-10 02:08:24,189 [Listener at 127.0.0.1/44617] INFO  ozoneimpl.OzoneContainer (OzoneContainer.java:buildContainerSet(196)) - Build ContainerSet costs 0s
2020-10-10 02:08:24,191 [Listener at 127.0.0.1/44617] INFO  impl.RaftServerProxy (ConfUtils.java:logGet(44)) - raft.rpc.type = GRPC (default)
2020-10-10 02:08:24,191 [Listener at 127.0.0.1/44617] INFO  grpc.GrpcFactory (GrpcFactory.java:checkPooledByteBufAllocatorUseCacheForAllThreads(45)) - PERFORMANCE WARNING: useCacheForAllThreads is true that may cause Netty to create a lot garbage objects and, as a result, trigger GC.
	It is recommended to disable useCacheForAllThreads by setting -Dorg.apache.ratis.thirdparty.io.netty.allocator.useCacheForAllThreads=false in command line.
2020-10-10 02:08:24,191 [Listener at 127.0.0.1/44617] INFO  grpc.GrpcConfigKeys (ConfUtils.java:logGet(44)) - raft.grpc.server.port = 0 (default)
2020-10-10 02:08:24,192 [Listener at 127.0.0.1/44617] INFO  server.GrpcService (ConfUtils.java:logGet(44)) - raft.grpc.message.size.max = 32MB (=33554432) (custom)
2020-10-10 02:08:24,192 [Listener at 127.0.0.1/44617] INFO  server.RaftServerConfigKeys (ConfUtils.java:logGet(44)) - raft.server.log.appender.buffer.byte-limit = 33554432 (custom)
2020-10-10 02:08:24,192 [Listener at 127.0.0.1/44617] INFO  server.GrpcService (ConfUtils.java:logGet(44)) - raft.grpc.flow.control.window = 5MB (=5242880) (custom)
2020-10-10 02:08:24,192 [Listener at 127.0.0.1/44617] INFO  server.RaftServerConfigKeys (ConfUtils.java:logGet(44)) - raft.server.rpc.request.timeout = 60s (custom)
2020-10-10 02:08:24,220 [Listener at 127.0.0.1/44617] INFO  server.RaftServerConfigKeys (ConfUtils.java:logGet(44)) - raft.server.storage.dir = [/github/workspace/mnt/ozone/hadoop-ozone/integration-test/target/test-dir/MiniOzoneClusterImpl-1565a709-8e1e-42be-9f8b-10d30925cb12/datanode-3/data/ratis] (custom)
2020-10-10 02:08:24,227 [Listener at 127.0.0.1/44617] INFO  http.BaseHttpServer (BaseHttpServer.java:newHttpServer2BuilderForOzone(207)) - Starting Web-server for hddsDatanode at: http://0.0.0.0:0
2020-10-10 02:08:24,228 [Listener at 127.0.0.1/44617] INFO  http.BaseHttpServer (BaseHttpServer.java:<init>(106)) - Hadoop Security Enabled: false Ozone Security Enabled: false Ozone HTTP Security Enabled: false 
2020-10-10 02:08:24,232 [Listener at 127.0.0.1/44617] INFO  server.AuthenticationFilter (AuthenticationFilter.java:constructSecretProvider(240)) - Unable to initialize FileSignerSecretProvider, falling back to use random secrets.
2020-10-10 02:08:24,234 [Listener at 127.0.0.1/44617] WARN  http.HttpRequestLog (HttpRequestLog.java:getRequestLog(103)) - Jetty request log can only be enabled using Log4j
2020-10-10 02:08:24,239 [Listener at 127.0.0.1/44617] INFO  http.HttpServer2 (HttpServer2.java:addGlobalFilter(1019)) - Added global filter 'safety' (class=org.apache.hadoop.hdds.server.http.HttpServer2$QuotingInputFilter)
2020-10-10 02:08:24,240 [Listener at 127.0.0.1/44617] INFO  http.HttpServer2 (HttpServer2.java:addFilter(995)) - Added filter static_user_filter (class=org.apache.hadoop.http.lib.StaticUserWebFilter$StaticUserFilter) to context hddsDatanode
2020-10-10 02:08:24,240 [Listener at 127.0.0.1/44617] INFO  http.HttpServer2 (HttpServer2.java:addFilter(1003)) - Added filter static_user_filter (class=org.apache.hadoop.http.lib.StaticUserWebFilter$StaticUserFilter) to context logs
2020-10-10 02:08:24,240 [Listener at 127.0.0.1/44617] INFO  http.HttpServer2 (HttpServer2.java:addFilter(1003)) - Added filter static_user_filter (class=org.apache.hadoop.http.lib.StaticUserWebFilter$StaticUserFilter) to context static
2020-10-10 02:08:24,241 [Listener at 127.0.0.1/44617] INFO  http.HttpServer2 (HttpServer2.java:bindListener(1237)) - Jetty bound to port 34527
2020-10-10 02:08:24,241 [Listener at 127.0.0.1/44617] INFO  server.Server (Server.java:doStart(359)) - jetty-9.4.26.v20200117; built: 2020-01-17T12:35:33.676Z; git: 7b38981d25d14afb4a12ff1f2596756144edf695; jvm 1.8.0_232-b09
2020-10-10 02:08:24,243 [Listener at 127.0.0.1/44617] INFO  server.session (DefaultSessionIdManager.java:doStart(333)) - DefaultSessionIdManager workerName=node0
2020-10-10 02:08:24,244 [Listener at 127.0.0.1/44617] INFO  server.session (DefaultSessionIdManager.java:doStart(338)) - No SessionScavenger set, using defaults
2020-10-10 02:08:24,244 [Listener at 127.0.0.1/44617] INFO  server.session (HouseKeeper.java:startScavenging(140)) - node0 Scavenging every 660000ms
2020-10-10 02:08:24,244 [Listener at 127.0.0.1/44617] INFO  handler.ContextHandler (ContextHandler.java:doStart(825)) - Started o.e.j.s.ServletContextHandler@4e7a6c9e{logs,/logs,file:///github/workspace/mnt/ozone/hadoop-ozone/integration-test/target/log,AVAILABLE}
2020-10-10 02:08:24,245 [Listener at 127.0.0.1/44617] INFO  handler.ContextHandler (ContextHandler.java:doStart(825)) - Started o.e.j.s.ServletContextHandler@3673e1cd{static,/static,jar:file:/home/user/.m2/repository/org/apache/hadoop/hadoop-hdds-container-service/1.1.0-SNAPSHOT/hadoop-hdds-container-service-1.1.0-SNAPSHOT.jar!/webapps/static,AVAILABLE}
2020-10-10 02:08:24,401 [Listener at 127.0.0.1/44617] INFO  handler.ContextHandler (ContextHandler.java:doStart(825)) - Started o.e.j.w.WebAppContext@36891032{hddsDatanode,/,file:///tmp/jetty-0_0_0_0-34527-hadoop-hdds-container-service-1_1_0-SNAPSHOT_jar-_-any-7696356424319019719.dir/webapp/,AVAILABLE}{jar:file:/home/user/.m2/repository/org/apache/hadoop/hadoop-hdds-container-service/1.1.0-SNAPSHOT/hadoop-hdds-container-service-1.1.0-SNAPSHOT.jar!/webapps/hddsDatanode}
2020-10-10 02:08:24,403 [Listener at 127.0.0.1/44617] INFO  server.AbstractConnector (AbstractConnector.java:doStart(330)) - Started ServerConnector@1622f67c{HTTP/1.1,[http/1.1]}{0.0.0.0:34527}
2020-10-10 02:08:24,404 [Listener at 127.0.0.1/44617] INFO  server.Server (Server.java:doStart(399)) - Started @48410ms
2020-10-10 02:08:24,404 [Listener at 127.0.0.1/44617] WARN  impl.MetricsSystemImpl (MetricsSystemImpl.java:register(276)) - Sink prometheus already exists!
2020-10-10 02:08:24,409 [Listener at 127.0.0.1/44617] INFO  http.BaseHttpServer (BaseHttpServer.java:updateConnectorAddress(327)) - HTTP server of hddsDatanode listening at http://0.0.0.0:34527
2020-10-10 02:08:24,417 [Listener at 127.0.0.1/44617] INFO  impl.MetricsSystemImpl (MetricsSystemImpl.java:init(158)) - HddsDatanode metrics system started (again)
2020-10-10 02:08:24,421 [Listener at 127.0.0.1/44617] INFO  ozone.HddsDatanodeService (HddsDatanodeService.java:start(217)) - HddsDatanodeService host:2df54852b2a6 ip:172.17.0.2
2020-10-10 02:08:24,424 [Listener at 127.0.0.1/44617] INFO  volume.HddsVolume (HddsVolume.java:<init>(176)) - Creating Volume: /github/workspace/mnt/ozone/hadoop-ozone/integration-test/target/test-dir/MiniOzoneClusterImpl-1565a709-8e1e-42be-9f8b-10d30925cb12/datanode-4/data-0/containers/hdds of storage type : DISK and capacity : 9223372036854775807
2020-10-10 02:08:24,425 [Listener at 127.0.0.1/44617] INFO  volume.MutableVolumeSet (MutableVolumeSet.java:initializeVolumeSet(179)) - Added Volume : /github/workspace/mnt/ozone/hadoop-ozone/integration-test/target/test-dir/MiniOzoneClusterImpl-1565a709-8e1e-42be-9f8b-10d30925cb12/datanode-4/data-0/containers/hdds to VolumeSet
2020-10-10 02:08:24,425 [Listener at 127.0.0.1/44617] INFO  volume.ThrottledAsyncChecker (ThrottledAsyncChecker.java:schedule(141)) - Scheduling a check for /github/workspace/mnt/ozone/hadoop-ozone/integration-test/target/test-dir/MiniOzoneClusterImpl-1565a709-8e1e-42be-9f8b-10d30925cb12/datanode-4/data-0/containers/hdds
2020-10-10 02:08:24,434 [org.apache.hadoop.util.JvmPauseMonitor$Monitor@4cc6d13] INFO  util.JvmPauseMonitor (JvmPauseMonitor.java:run(188)) - Starting JVM pause monitor
2020-10-10 02:08:24,435 [Listener at 127.0.0.1/44617] INFO  volume.HddsVolumeChecker (HddsVolumeChecker.java:checkAllVolumes(200)) - Scheduled health check for volume /github/workspace/mnt/ozone/hadoop-ozone/integration-test/target/test-dir/MiniOzoneClusterImpl-1565a709-8e1e-42be-9f8b-10d30925cb12/datanode-4/data-0/containers/hdds
2020-10-10 02:08:24,439 [Datanode State Machine Task Thread - 0] INFO  datanode.InitDatanodeState (InitDatanodeState.java:persistContainerDatanodeDetails(145)) - DatanodeDetails is persisted to /github/workspace/mnt/ozone/hadoop-ozone/integration-test/target/test-dir/MiniOzoneClusterImpl-1565a709-8e1e-42be-9f8b-10d30925cb12/datanode-3/meta/datanode.id
2020-10-10 02:08:24,458 [Thread-533] INFO  ozoneimpl.ContainerReader (ContainerReader.java:readVolume(123)) - Start to verify containers on volume /github/workspace/mnt/ozone/hadoop-ozone/integration-test/target/test-dir/MiniOzoneClusterImpl-1565a709-8e1e-42be-9f8b-10d30925cb12/datanode-4/data-0/containers/hdds
2020-10-10 02:08:24,458 [Thread-533] INFO  ozoneimpl.ContainerReader (ContainerReader.java:readVolume(148)) - Finish verifying containers on volume /github/workspace/mnt/ozone/hadoop-ozone/integration-test/target/test-dir/MiniOzoneClusterImpl-1565a709-8e1e-42be-9f8b-10d30925cb12/datanode-4/data-0/containers/hdds
2020-10-10 02:08:24,458 [Listener at 127.0.0.1/44617] INFO  ozoneimpl.OzoneContainer (OzoneContainer.java:buildContainerSet(196)) - Build ContainerSet costs 0s
2020-10-10 02:08:24,460 [Listener at 127.0.0.1/44617] INFO  impl.RaftServerProxy (ConfUtils.java:logGet(44)) - raft.rpc.type = GRPC (default)
2020-10-10 02:08:24,461 [Listener at 127.0.0.1/44617] INFO  grpc.GrpcFactory (GrpcFactory.java:checkPooledByteBufAllocatorUseCacheForAllThreads(45)) - PERFORMANCE WARNING: useCacheForAllThreads is true that may cause Netty to create a lot garbage objects and, as a result, trigger GC.
	It is recommended to disable useCacheForAllThreads by setting -Dorg.apache.ratis.thirdparty.io.netty.allocator.useCacheForAllThreads=false in command line.
2020-10-10 02:08:24,461 [Listener at 127.0.0.1/44617] INFO  grpc.GrpcConfigKeys (ConfUtils.java:logGet(44)) - raft.grpc.server.port = 0 (default)
2020-10-10 02:08:24,461 [Listener at 127.0.0.1/44617] INFO  server.GrpcService (ConfUtils.java:logGet(44)) - raft.grpc.message.size.max = 32MB (=33554432) (custom)
2020-10-10 02:08:24,461 [Listener at 127.0.0.1/44617] INFO  server.RaftServerConfigKeys (ConfUtils.java:logGet(44)) - raft.server.log.appender.buffer.byte-limit = 33554432 (custom)
2020-10-10 02:08:24,461 [Listener at 127.0.0.1/44617] INFO  server.GrpcService (ConfUtils.java:logGet(44)) - raft.grpc.flow.control.window = 5MB (=5242880) (custom)
2020-10-10 02:08:24,461 [Listener at 127.0.0.1/44617] INFO  server.RaftServerConfigKeys (ConfUtils.java:logGet(44)) - raft.server.rpc.request.timeout = 60s (custom)
2020-10-10 02:08:24,463 [Listener at 127.0.0.1/44617] INFO  server.RaftServerConfigKeys (ConfUtils.java:logGet(44)) - raft.server.storage.dir = [/github/workspace/mnt/ozone/hadoop-ozone/integration-test/target/test-dir/MiniOzoneClusterImpl-1565a709-8e1e-42be-9f8b-10d30925cb12/datanode-4/data/ratis] (custom)
2020-10-10 02:08:24,470 [Listener at 127.0.0.1/44617] INFO  http.BaseHttpServer (BaseHttpServer.java:newHttpServer2BuilderForOzone(207)) - Starting Web-server for hddsDatanode at: http://0.0.0.0:0
2020-10-10 02:08:24,470 [Listener at 127.0.0.1/44617] INFO  http.BaseHttpServer (BaseHttpServer.java:<init>(106)) - Hadoop Security Enabled: false Ozone Security Enabled: false Ozone HTTP Security Enabled: false 
2020-10-10 02:08:24,472 [Listener at 127.0.0.1/44617] INFO  server.AuthenticationFilter (AuthenticationFilter.java:constructSecretProvider(240)) - Unable to initialize FileSignerSecretProvider, falling back to use random secrets.
2020-10-10 02:08:24,472 [Listener at 127.0.0.1/44617] WARN  http.HttpRequestLog (HttpRequestLog.java:getRequestLog(103)) - Jetty request log can only be enabled using Log4j
2020-10-10 02:08:24,473 [Listener at 127.0.0.1/44617] INFO  http.HttpServer2 (HttpServer2.java:addGlobalFilter(1019)) - Added global filter 'safety' (class=org.apache.hadoop.hdds.server.http.HttpServer2$QuotingInputFilter)
2020-10-10 02:08:24,474 [Listener at 127.0.0.1/44617] INFO  http.HttpServer2 (HttpServer2.java:addFilter(995)) - Added filter static_user_filter (class=org.apache.hadoop.http.lib.StaticUserWebFilter$StaticUserFilter) to context hddsDatanode
2020-10-10 02:08:24,474 [Listener at 127.0.0.1/44617] INFO  http.HttpServer2 (HttpServer2.java:addFilter(1003)) - Added filter static_user_filter (class=org.apache.hadoop.http.lib.StaticUserWebFilter$StaticUserFilter) to context logs
2020-10-10 02:08:24,474 [Listener at 127.0.0.1/44617] INFO  http.HttpServer2 (HttpServer2.java:addFilter(1003)) - Added filter static_user_filter (class=org.apache.hadoop.http.lib.StaticUserWebFilter$StaticUserFilter) to context static
2020-10-10 02:08:24,475 [Listener at 127.0.0.1/44617] INFO  http.HttpServer2 (HttpServer2.java:bindListener(1237)) - Jetty bound to port 32891
2020-10-10 02:08:24,475 [Listener at 127.0.0.1/44617] INFO  server.Server (Server.java:doStart(359)) - jetty-9.4.26.v20200117; built: 2020-01-17T12:35:33.676Z; git: 7b38981d25d14afb4a12ff1f2596756144edf695; jvm 1.8.0_232-b09
2020-10-10 02:08:24,476 [Listener at 127.0.0.1/44617] INFO  server.session (DefaultSessionIdManager.java:doStart(333)) - DefaultSessionIdManager workerName=node0
2020-10-10 02:08:24,477 [Listener at 127.0.0.1/44617] INFO  server.session (DefaultSessionIdManager.java:doStart(338)) - No SessionScavenger set, using defaults
2020-10-10 02:08:24,477 [Listener at 127.0.0.1/44617] INFO  server.session (HouseKeeper.java:startScavenging(140)) - node0 Scavenging every 600000ms
2020-10-10 02:08:24,478 [Listener at 127.0.0.1/44617] INFO  handler.ContextHandler (ContextHandler.java:doStart(825)) - Started o.e.j.s.ServletContextHandler@7e017852{logs,/logs,file:///github/workspace/mnt/ozone/hadoop-ozone/integration-test/target/log,AVAILABLE}
2020-10-10 02:08:24,478 [Listener at 127.0.0.1/44617] INFO  handler.ContextHandler (ContextHandler.java:doStart(825)) - Started o.e.j.s.ServletContextHandler@a0ce6b9{static,/static,jar:file:/home/user/.m2/repository/org/apache/hadoop/hadoop-hdds-container-service/1.1.0-SNAPSHOT/hadoop-hdds-container-service-1.1.0-SNAPSHOT.jar!/webapps/static,AVAILABLE}
2020-10-10 02:08:24,667 [Listener at 127.0.0.1/44617] INFO  handler.ContextHandler (ContextHandler.java:doStart(825)) - Started o.e.j.w.WebAppContext@285e9b70{hddsDatanode,/,file:///tmp/jetty-0_0_0_0-32891-hadoop-hdds-container-service-1_1_0-SNAPSHOT_jar-_-any-773829044006384401.dir/webapp/,AVAILABLE}{jar:file:/home/user/.m2/repository/org/apache/hadoop/hadoop-hdds-container-service/1.1.0-SNAPSHOT/hadoop-hdds-container-service-1.1.0-SNAPSHOT.jar!/webapps/hddsDatanode}
2020-10-10 02:08:24,671 [Listener at 127.0.0.1/44617] INFO  server.AbstractConnector (AbstractConnector.java:doStart(330)) - Started ServerConnector@5dd432c2{HTTP/1.1,[http/1.1]}{0.0.0.0:32891}
2020-10-10 02:08:24,671 [Listener at 127.0.0.1/44617] INFO  server.Server (Server.java:doStart(399)) - Started @48677ms
2020-10-10 02:08:24,671 [Listener at 127.0.0.1/44617] WARN  impl.MetricsSystemImpl (MetricsSystemImpl.java:register(276)) - Sink prometheus already exists!
2020-10-10 02:08:24,676 [Listener at 127.0.0.1/44617] INFO  http.BaseHttpServer (BaseHttpServer.java:updateConnectorAddress(327)) - HTTP server of hddsDatanode listening at http://0.0.0.0:32891
2020-10-10 02:08:24,696 [Listener at 127.0.0.1/44617] INFO  impl.MetricsSystemImpl (MetricsSystemImpl.java:init(158)) - HddsDatanode metrics system started (again)
2020-10-10 02:08:24,698 [Listener at 127.0.0.1/44617] INFO  ozone.HddsDatanodeService (HddsDatanodeService.java:start(217)) - HddsDatanodeService host:2df54852b2a6 ip:172.17.0.2
2020-10-10 02:08:24,699 [org.apache.hadoop.util.JvmPauseMonitor$Monitor@7e1d9069] INFO  util.JvmPauseMonitor (JvmPauseMonitor.java:run(188)) - Starting JVM pause monitor
2020-10-10 02:08:24,699 [Datanode State Machine Task Thread - 0] INFO  datanode.InitDatanodeState (InitDatanodeState.java:persistContainerDatanodeDetails(145)) - DatanodeDetails is persisted to /github/workspace/mnt/ozone/hadoop-ozone/integration-test/target/test-dir/MiniOzoneClusterImpl-1565a709-8e1e-42be-9f8b-10d30925cb12/datanode-4/meta/datanode.id
2020-10-10 02:08:24,700 [Listener at 127.0.0.1/44617] INFO  volume.HddsVolume (HddsVolume.java:<init>(176)) - Creating Volume: /github/workspace/mnt/ozone/hadoop-ozone/integration-test/target/test-dir/MiniOzoneClusterImpl-1565a709-8e1e-42be-9f8b-10d30925cb12/datanode-5/data-0/containers/hdds of storage type : DISK and capacity : 9223372036854775807
2020-10-10 02:08:24,700 [Listener at 127.0.0.1/44617] INFO  volume.MutableVolumeSet (MutableVolumeSet.java:initializeVolumeSet(179)) - Added Volume : /github/workspace/mnt/ozone/hadoop-ozone/integration-test/target/test-dir/MiniOzoneClusterImpl-1565a709-8e1e-42be-9f8b-10d30925cb12/datanode-5/data-0/containers/hdds to VolumeSet
2020-10-10 02:08:24,700 [Listener at 127.0.0.1/44617] INFO  volume.ThrottledAsyncChecker (ThrottledAsyncChecker.java:schedule(141)) - Scheduling a check for /github/workspace/mnt/ozone/hadoop-ozone/integration-test/target/test-dir/MiniOzoneClusterImpl-1565a709-8e1e-42be-9f8b-10d30925cb12/datanode-5/data-0/containers/hdds
2020-10-10 02:08:24,700 [Listener at 127.0.0.1/44617] INFO  volume.HddsVolumeChecker (HddsVolumeChecker.java:checkAllVolumes(200)) - Scheduled health check for volume /github/workspace/mnt/ozone/hadoop-ozone/integration-test/target/test-dir/MiniOzoneClusterImpl-1565a709-8e1e-42be-9f8b-10d30925cb12/datanode-5/data-0/containers/hdds
2020-10-10 02:08:24,720 [Thread-544] INFO  ozoneimpl.ContainerReader (ContainerReader.java:readVolume(123)) - Start to verify containers on volume /github/workspace/mnt/ozone/hadoop-ozone/integration-test/target/test-dir/MiniOzoneClusterImpl-1565a709-8e1e-42be-9f8b-10d30925cb12/datanode-5/data-0/containers/hdds
2020-10-10 02:08:24,720 [Thread-544] INFO  ozoneimpl.ContainerReader (ContainerReader.java:readVolume(148)) - Finish verifying containers on volume /github/workspace/mnt/ozone/hadoop-ozone/integration-test/target/test-dir/MiniOzoneClusterImpl-1565a709-8e1e-42be-9f8b-10d30925cb12/datanode-5/data-0/containers/hdds
2020-10-10 02:08:24,720 [Listener at 127.0.0.1/44617] INFO  ozoneimpl.OzoneContainer (OzoneContainer.java:buildContainerSet(196)) - Build ContainerSet costs 0s
2020-10-10 02:08:24,722 [Listener at 127.0.0.1/44617] INFO  impl.RaftServerProxy (ConfUtils.java:logGet(44)) - raft.rpc.type = GRPC (default)
2020-10-10 02:08:24,722 [Listener at 127.0.0.1/44617] INFO  grpc.GrpcFactory (GrpcFactory.java:checkPooledByteBufAllocatorUseCacheForAllThreads(45)) - PERFORMANCE WARNING: useCacheForAllThreads is true that may cause Netty to create a lot garbage objects and, as a result, trigger GC.
	It is recommended to disable useCacheForAllThreads by setting -Dorg.apache.ratis.thirdparty.io.netty.allocator.useCacheForAllThreads=false in command line.
2020-10-10 02:08:24,722 [Listener at 127.0.0.1/44617] INFO  grpc.GrpcConfigKeys (ConfUtils.java:logGet(44)) - raft.grpc.server.port = 0 (default)
2020-10-10 02:08:24,722 [Listener at 127.0.0.1/44617] INFO  server.GrpcService (ConfUtils.java:logGet(44)) - raft.grpc.message.size.max = 32MB (=33554432) (custom)
2020-10-10 02:08:24,723 [Listener at 127.0.0.1/44617] INFO  server.RaftServerConfigKeys (ConfUtils.java:logGet(44)) - raft.server.log.appender.buffer.byte-limit = 33554432 (custom)
2020-10-10 02:08:24,723 [Listener at 127.0.0.1/44617] INFO  server.GrpcService (ConfUtils.java:logGet(44)) - raft.grpc.flow.control.window = 5MB (=5242880) (custom)
2020-10-10 02:08:24,723 [Listener at 127.0.0.1/44617] INFO  server.RaftServerConfigKeys (ConfUtils.java:logGet(44)) - raft.server.rpc.request.timeout = 60s (custom)
2020-10-10 02:08:24,724 [Listener at 127.0.0.1/44617] INFO  server.RaftServerConfigKeys (ConfUtils.java:logGet(44)) - raft.server.storage.dir = [/github/workspace/mnt/ozone/hadoop-ozone/integration-test/target/test-dir/MiniOzoneClusterImpl-1565a709-8e1e-42be-9f8b-10d30925cb12/datanode-5/data/ratis] (custom)
2020-10-10 02:08:24,734 [Listener at 127.0.0.1/44617] INFO  http.BaseHttpServer (BaseHttpServer.java:newHttpServer2BuilderForOzone(207)) - Starting Web-server for hddsDatanode at: http://0.0.0.0:0
2020-10-10 02:08:24,734 [Listener at 127.0.0.1/44617] INFO  http.BaseHttpServer (BaseHttpServer.java:<init>(106)) - Hadoop Security Enabled: false Ozone Security Enabled: false Ozone HTTP Security Enabled: false 
2020-10-10 02:08:24,735 [Listener at 127.0.0.1/44617] INFO  server.AuthenticationFilter (AuthenticationFilter.java:constructSecretProvider(240)) - Unable to initialize FileSignerSecretProvider, falling back to use random secrets.
2020-10-10 02:08:24,736 [Listener at 127.0.0.1/44617] WARN  http.HttpRequestLog (HttpRequestLog.java:getRequestLog(103)) - Jetty request log can only be enabled using Log4j
2020-10-10 02:08:24,737 [Listener at 127.0.0.1/44617] INFO  http.HttpServer2 (HttpServer2.java:addGlobalFilter(1019)) - Added global filter 'safety' (class=org.apache.hadoop.hdds.server.http.HttpServer2$QuotingInputFilter)
2020-10-10 02:08:24,737 [Listener at 127.0.0.1/44617] INFO  http.HttpServer2 (HttpServer2.java:addFilter(995)) - Added filter static_user_filter (class=org.apache.hadoop.http.lib.StaticUserWebFilter$StaticUserFilter) to context hddsDatanode
2020-10-10 02:08:24,737 [Listener at 127.0.0.1/44617] INFO  http.HttpServer2 (HttpServer2.java:addFilter(1003)) - Added filter static_user_filter (class=org.apache.hadoop.http.lib.StaticUserWebFilter$StaticUserFilter) to context logs
2020-10-10 02:08:24,737 [Listener at 127.0.0.1/44617] INFO  http.HttpServer2 (HttpServer2.java:addFilter(1003)) - Added filter static_user_filter (class=org.apache.hadoop.http.lib.StaticUserWebFilter$StaticUserFilter) to context static
2020-10-10 02:08:24,738 [Listener at 127.0.0.1/44617] INFO  http.HttpServer2 (HttpServer2.java:bindListener(1237)) - Jetty bound to port 38943
2020-10-10 02:08:24,738 [Listener at 127.0.0.1/44617] INFO  server.Server (Server.java:doStart(359)) - jetty-9.4.26.v20200117; built: 2020-01-17T12:35:33.676Z; git: 7b38981d25d14afb4a12ff1f2596756144edf695; jvm 1.8.0_232-b09
2020-10-10 02:08:24,740 [Listener at 127.0.0.1/44617] INFO  server.session (DefaultSessionIdManager.java:doStart(333)) - DefaultSessionIdManager workerName=node0
2020-10-10 02:08:24,740 [Listener at 127.0.0.1/44617] INFO  server.session (DefaultSessionIdManager.java:doStart(338)) - No SessionScavenger set, using defaults
2020-10-10 02:08:24,740 [Listener at 127.0.0.1/44617] INFO  server.session (HouseKeeper.java:startScavenging(140)) - node0 Scavenging every 660000ms
2020-10-10 02:08:24,741 [Listener at 127.0.0.1/44617] INFO  handler.ContextHandler (ContextHandler.java:doStart(825)) - Started o.e.j.s.ServletContextHandler@41c6a987{logs,/logs,file:///github/workspace/mnt/ozone/hadoop-ozone/integration-test/target/log,AVAILABLE}
2020-10-10 02:08:24,741 [Listener at 127.0.0.1/44617] INFO  handler.ContextHandler (ContextHandler.java:doStart(825)) - Started o.e.j.s.ServletContextHandler@981565f{static,/static,jar:file:/home/user/.m2/repository/org/apache/hadoop/hadoop-hdds-container-service/1.1.0-SNAPSHOT/hadoop-hdds-container-service-1.1.0-SNAPSHOT.jar!/webapps/static,AVAILABLE}
2020-10-10 02:08:24,902 [Listener at 127.0.0.1/44617] INFO  handler.ContextHandler (ContextHandler.java:doStart(825)) - Started o.e.j.w.WebAppContext@17782c10{hddsDatanode,/,file:///tmp/jetty-0_0_0_0-38943-hadoop-hdds-container-service-1_1_0-SNAPSHOT_jar-_-any-6472859488328539117.dir/webapp/,AVAILABLE}{jar:file:/home/user/.m2/repository/org/apache/hadoop/hadoop-hdds-container-service/1.1.0-SNAPSHOT/hadoop-hdds-container-service-1.1.0-SNAPSHOT.jar!/webapps/hddsDatanode}
2020-10-10 02:08:24,904 [Listener at 127.0.0.1/44617] INFO  server.AbstractConnector (AbstractConnector.java:doStart(330)) - Started ServerConnector@7ac34a4d{HTTP/1.1,[http/1.1]}{0.0.0.0:38943}
2020-10-10 02:08:24,904 [Listener at 127.0.0.1/44617] INFO  server.Server (Server.java:doStart(399)) - Started @48910ms
2020-10-10 02:08:24,904 [Listener at 127.0.0.1/44617] WARN  impl.MetricsSystemImpl (MetricsSystemImpl.java:register(276)) - Sink prometheus already exists!
2020-10-10 02:08:24,910 [Listener at 127.0.0.1/44617] INFO  http.BaseHttpServer (BaseHttpServer.java:updateConnectorAddress(327)) - HTTP server of hddsDatanode listening at http://0.0.0.0:38943
2020-10-10 02:08:24,911 [Listener at 127.0.0.1/44617] INFO  impl.MetricsSystemImpl (MetricsSystemImpl.java:init(158)) - HddsDatanode metrics system started (again)
2020-10-10 02:08:24,914 [Listener at 127.0.0.1/44617] INFO  ozone.HddsDatanodeService (HddsDatanodeService.java:start(217)) - HddsDatanodeService host:2df54852b2a6 ip:172.17.0.2
2020-10-10 02:08:24,915 [org.apache.hadoop.util.JvmPauseMonitor$Monitor@721b4a0d] INFO  util.JvmPauseMonitor (JvmPauseMonitor.java:run(188)) - Starting JVM pause monitor
2020-10-10 02:08:24,916 [Listener at 127.0.0.1/44617] INFO  volume.HddsVolume (HddsVolume.java:<init>(176)) - Creating Volume: /github/workspace/mnt/ozone/hadoop-ozone/integration-test/target/test-dir/MiniOzoneClusterImpl-1565a709-8e1e-42be-9f8b-10d30925cb12/datanode-6/data-0/containers/hdds of storage type : DISK and capacity : 9223372036854775807
2020-10-10 02:08:24,916 [Datanode State Machine Task Thread - 0] INFO  datanode.InitDatanodeState (InitDatanodeState.java:persistContainerDatanodeDetails(145)) - DatanodeDetails is persisted to /github/workspace/mnt/ozone/hadoop-ozone/integration-test/target/test-dir/MiniOzoneClusterImpl-1565a709-8e1e-42be-9f8b-10d30925cb12/datanode-5/meta/datanode.id
2020-10-10 02:08:24,916 [Listener at 127.0.0.1/44617] INFO  volume.MutableVolumeSet (MutableVolumeSet.java:initializeVolumeSet(179)) - Added Volume : /github/workspace/mnt/ozone/hadoop-ozone/integration-test/target/test-dir/MiniOzoneClusterImpl-1565a709-8e1e-42be-9f8b-10d30925cb12/datanode-6/data-0/containers/hdds to VolumeSet
2020-10-10 02:08:24,917 [Listener at 127.0.0.1/44617] INFO  volume.ThrottledAsyncChecker (ThrottledAsyncChecker.java:schedule(141)) - Scheduling a check for /github/workspace/mnt/ozone/hadoop-ozone/integration-test/target/test-dir/MiniOzoneClusterImpl-1565a709-8e1e-42be-9f8b-10d30925cb12/datanode-6/data-0/containers/hdds
2020-10-10 02:08:24,917 [Listener at 127.0.0.1/44617] INFO  volume.HddsVolumeChecker (HddsVolumeChecker.java:checkAllVolumes(200)) - Scheduled health check for volume /github/workspace/mnt/ozone/hadoop-ozone/integration-test/target/test-dir/MiniOzoneClusterImpl-1565a709-8e1e-42be-9f8b-10d30925cb12/datanode-6/data-0/containers/hdds
2020-10-10 02:08:24,930 [Thread-555] INFO  ozoneimpl.ContainerReader (ContainerReader.java:readVolume(123)) - Start to verify containers on volume /github/workspace/mnt/ozone/hadoop-ozone/integration-test/target/test-dir/MiniOzoneClusterImpl-1565a709-8e1e-42be-9f8b-10d30925cb12/datanode-6/data-0/containers/hdds
2020-10-10 02:08:24,930 [Thread-555] INFO  ozoneimpl.ContainerReader (ContainerReader.java:readVolume(148)) - Finish verifying containers on volume /github/workspace/mnt/ozone/hadoop-ozone/integration-test/target/test-dir/MiniOzoneClusterImpl-1565a709-8e1e-42be-9f8b-10d30925cb12/datanode-6/data-0/containers/hdds
2020-10-10 02:08:24,931 [Listener at 127.0.0.1/44617] INFO  ozoneimpl.OzoneContainer (OzoneContainer.java:buildContainerSet(196)) - Build ContainerSet costs 0s
2020-10-10 02:08:24,932 [Listener at 127.0.0.1/44617] INFO  impl.RaftServerProxy (ConfUtils.java:logGet(44)) - raft.rpc.type = GRPC (default)
2020-10-10 02:08:24,933 [Listener at 127.0.0.1/44617] INFO  grpc.GrpcFactory (GrpcFactory.java:checkPooledByteBufAllocatorUseCacheForAllThreads(45)) - PERFORMANCE WARNING: useCacheForAllThreads is true that may cause Netty to create a lot garbage objects and, as a result, trigger GC.
	It is recommended to disable useCacheForAllThreads by setting -Dorg.apache.ratis.thirdparty.io.netty.allocator.useCacheForAllThreads=false in command line.
2020-10-10 02:08:24,933 [Listener at 127.0.0.1/44617] INFO  grpc.GrpcConfigKeys (ConfUtils.java:logGet(44)) - raft.grpc.server.port = 0 (default)
2020-10-10 02:08:24,933 [Listener at 127.0.0.1/44617] INFO  server.GrpcService (ConfUtils.java:logGet(44)) - raft.grpc.message.size.max = 32MB (=33554432) (custom)
2020-10-10 02:08:24,933 [Listener at 127.0.0.1/44617] INFO  server.RaftServerConfigKeys (ConfUtils.java:logGet(44)) - raft.server.log.appender.buffer.byte-limit = 33554432 (custom)
2020-10-10 02:08:24,933 [Listener at 127.0.0.1/44617] INFO  server.GrpcService (ConfUtils.java:logGet(44)) - raft.grpc.flow.control.window = 5MB (=5242880) (custom)
2020-10-10 02:08:24,933 [Listener at 127.0.0.1/44617] INFO  server.RaftServerConfigKeys (ConfUtils.java:logGet(44)) - raft.server.rpc.request.timeout = 60s (custom)
2020-10-10 02:08:24,935 [Listener at 127.0.0.1/44617] INFO  server.RaftServerConfigKeys (ConfUtils.java:logGet(44)) - raft.server.storage.dir = [/github/workspace/mnt/ozone/hadoop-ozone/integration-test/target/test-dir/MiniOzoneClusterImpl-1565a709-8e1e-42be-9f8b-10d30925cb12/datanode-6/data/ratis] (custom)
2020-10-10 02:08:24,941 [Listener at 127.0.0.1/44617] INFO  http.BaseHttpServer (BaseHttpServer.java:newHttpServer2BuilderForOzone(207)) - Starting Web-server for hddsDatanode at: http://0.0.0.0:0
2020-10-10 02:08:24,942 [Listener at 127.0.0.1/44617] INFO  http.BaseHttpServer (BaseHttpServer.java:<init>(106)) - Hadoop Security Enabled: false Ozone Security Enabled: false Ozone HTTP Security Enabled: false 
2020-10-10 02:08:24,943 [Listener at 127.0.0.1/44617] INFO  server.AuthenticationFilter (AuthenticationFilter.java:constructSecretProvider(240)) - Unable to initialize FileSignerSecretProvider, falling back to use random secrets.
2020-10-10 02:08:24,943 [Listener at 127.0.0.1/44617] WARN  http.HttpRequestLog (HttpRequestLog.java:getRequestLog(103)) - Jetty request log can only be enabled using Log4j
2020-10-10 02:08:24,944 [Listener at 127.0.0.1/44617] INFO  http.HttpServer2 (HttpServer2.java:addGlobalFilter(1019)) - Added global filter 'safety' (class=org.apache.hadoop.hdds.server.http.HttpServer2$QuotingInputFilter)
2020-10-10 02:08:24,944 [Listener at 127.0.0.1/44617] INFO  http.HttpServer2 (HttpServer2.java:addFilter(995)) - Added filter static_user_filter (class=org.apache.hadoop.http.lib.StaticUserWebFilter$StaticUserFilter) to context hddsDatanode
2020-10-10 02:08:24,945 [Listener at 127.0.0.1/44617] INFO  http.HttpServer2 (HttpServer2.java:addFilter(1003)) - Added filter static_user_filter (class=org.apache.hadoop.http.lib.StaticUserWebFilter$StaticUserFilter) to context logs
2020-10-10 02:08:24,945 [Listener at 127.0.0.1/44617] INFO  http.HttpServer2 (HttpServer2.java:addFilter(1003)) - Added filter static_user_filter (class=org.apache.hadoop.http.lib.StaticUserWebFilter$StaticUserFilter) to context static
2020-10-10 02:08:24,945 [Listener at 127.0.0.1/44617] INFO  http.HttpServer2 (HttpServer2.java:bindListener(1237)) - Jetty bound to port 40053
2020-10-10 02:08:24,945 [Listener at 127.0.0.1/44617] INFO  server.Server (Server.java:doStart(359)) - jetty-9.4.26.v20200117; built: 2020-01-17T12:35:33.676Z; git: 7b38981d25d14afb4a12ff1f2596756144edf695; jvm 1.8.0_232-b09
2020-10-10 02:08:24,947 [Listener at 127.0.0.1/44617] INFO  server.session (DefaultSessionIdManager.java:doStart(333)) - DefaultSessionIdManager workerName=node0
2020-10-10 02:08:24,947 [Listener at 127.0.0.1/44617] INFO  server.session (DefaultSessionIdManager.java:doStart(338)) - No SessionScavenger set, using defaults
2020-10-10 02:08:24,948 [Listener at 127.0.0.1/44617] INFO  server.session (HouseKeeper.java:startScavenging(140)) - node0 Scavenging every 660000ms
2020-10-10 02:08:24,948 [Listener at 127.0.0.1/44617] INFO  handler.ContextHandler (ContextHandler.java:doStart(825)) - Started o.e.j.s.ServletContextHandler@3e5774be{logs,/logs,file:///github/workspace/mnt/ozone/hadoop-ozone/integration-test/target/log,AVAILABLE}
2020-10-10 02:08:24,949 [Listener at 127.0.0.1/44617] INFO  handler.ContextHandler (ContextHandler.java:doStart(825)) - Started o.e.j.s.ServletContextHandler@2ed74f69{static,/static,jar:file:/home/user/.m2/repository/org/apache/hadoop/hadoop-hdds-container-service/1.1.0-SNAPSHOT/hadoop-hdds-container-service-1.1.0-SNAPSHOT.jar!/webapps/static,AVAILABLE}
2020-10-10 02:08:25,113 [Listener at 127.0.0.1/44617] INFO  handler.ContextHandler (ContextHandler.java:doStart(825)) - Started o.e.j.w.WebAppContext@4164a165{hddsDatanode,/,file:///tmp/jetty-0_0_0_0-40053-hadoop-hdds-container-service-1_1_0-SNAPSHOT_jar-_-any-8087675988657147868.dir/webapp/,AVAILABLE}{jar:file:/home/user/.m2/repository/org/apache/hadoop/hadoop-hdds-container-service/1.1.0-SNAPSHOT/hadoop-hdds-container-service-1.1.0-SNAPSHOT.jar!/webapps/hddsDatanode}
2020-10-10 02:08:25,114 [Listener at 127.0.0.1/44617] INFO  server.AbstractConnector (AbstractConnector.java:doStart(330)) - Started ServerConnector@6045f526{HTTP/1.1,[http/1.1]}{0.0.0.0:40053}
2020-10-10 02:08:25,114 [Listener at 127.0.0.1/44617] INFO  server.Server (Server.java:doStart(399)) - Started @49120ms
2020-10-10 02:08:25,114 [Listener at 127.0.0.1/44617] WARN  impl.MetricsSystemImpl (MetricsSystemImpl.java:register(276)) - Sink prometheus already exists!
2020-10-10 02:08:25,119 [Listener at 127.0.0.1/44617] INFO  http.BaseHttpServer (BaseHttpServer.java:updateConnectorAddress(327)) - HTTP server of hddsDatanode listening at http://0.0.0.0:40053
2020-10-10 02:08:25,120 [Listener at 127.0.0.1/44617] INFO  ozone.MiniOzoneClusterImpl (MiniOzoneClusterImpl.java:lambda$waitForClusterToBeReady$0(177)) - Waiting for nodes to be ready. Got 0 of 7 DN Heartbeats.
2020-10-10 02:08:25,121 [Listener at 127.0.0.1/44617] INFO  ozone.MiniOzoneClusterImpl (MiniOzoneClusterImpl.java:lambda$waitForClusterToBeReady$0(180)) - Waiting for cluster to exit safe mode
2020-10-10 02:08:25,122 [org.apache.hadoop.util.JvmPauseMonitor$Monitor@1fd9b151] INFO  util.JvmPauseMonitor (JvmPauseMonitor.java:run(188)) - Starting JVM pause monitor
2020-10-10 02:08:25,123 [Datanode State Machine Task Thread - 0] INFO  datanode.InitDatanodeState (InitDatanodeState.java:persistContainerDatanodeDetails(145)) - DatanodeDetails is persisted to /github/workspace/mnt/ozone/hadoop-ozone/integration-test/target/test-dir/MiniOzoneClusterImpl-1565a709-8e1e-42be-9f8b-10d30925cb12/datanode-6/meta/datanode.id
2020-10-10 02:08:25,776 [Datanode State Machine Task Thread - 1] INFO  ozoneimpl.OzoneContainer (OzoneContainer.java:start(245)) - Attempting to start container services.
2020-10-10 02:08:25,777 [Datanode State Machine Task Thread - 1] INFO  ozoneimpl.OzoneContainer (OzoneContainer.java:startContainerScrub(209)) - Background container scanner has been disabled.
2020-10-10 02:08:25,777 [Datanode State Machine Task Thread - 1] INFO  ratis.XceiverServerRatis (XceiverServerRatis.java:start(440)) - Starting XceiverServerRatis 78604002-ff5a-45ff-a78c-fcc3df81f009 at port 0
2020-10-10 02:08:25,782 [Datanode State Machine Task Thread - 1] INFO  impl.RaftServerProxy (RaftServerProxy.java:lambda$start$3(307)) - 78604002-ff5a-45ff-a78c-fcc3df81f009: start RPC server
2020-10-10 02:08:25,783 [Datanode State Machine Task Thread - 1] INFO  server.GrpcService (GrpcService.java:startImpl(177)) - 78604002-ff5a-45ff-a78c-fcc3df81f009: GrpcService started, listening on 0.0.0.0/0.0.0.0:37725
2020-10-10 02:08:25,783 [Datanode State Machine Task Thread - 1] INFO  ratis.XceiverServerRatis (XceiverServerRatis.java:start(452)) - XceiverServerRatis 78604002-ff5a-45ff-a78c-fcc3df81f009 is started using port 37725
2020-10-10 02:08:25,783 [Datanode State Machine Task Thread - 1] INFO  server.XceiverServerGrpc (XceiverServerGrpc.java:start(145)) - XceiverServerGrpc 78604002-ff5a-45ff-a78c-fcc3df81f009 is started using port 42755
2020-10-10 02:08:25,966 [Datanode State Machine Task Thread - 1] INFO  ozoneimpl.OzoneContainer (OzoneContainer.java:start(245)) - Attempting to start container services.
2020-10-10 02:08:25,966 [Datanode State Machine Task Thread - 1] INFO  ozoneimpl.OzoneContainer (OzoneContainer.java:startContainerScrub(209)) - Background container scanner has been disabled.
2020-10-10 02:08:25,967 [Datanode State Machine Task Thread - 1] INFO  ratis.XceiverServerRatis (XceiverServerRatis.java:start(440)) - Starting XceiverServerRatis e25c889a-af96-48f7-b924-f05d6aaf86f9 at port 0
2020-10-10 02:08:25,970 [Datanode State Machine Task Thread - 1] INFO  impl.RaftServerProxy (RaftServerProxy.java:lambda$start$3(307)) - e25c889a-af96-48f7-b924-f05d6aaf86f9: start RPC server
2020-10-10 02:08:25,970 [Datanode State Machine Task Thread - 1] INFO  server.GrpcService (GrpcService.java:startImpl(177)) - e25c889a-af96-48f7-b924-f05d6aaf86f9: GrpcService started, listening on 0.0.0.0/0.0.0.0:38945
2020-10-10 02:08:25,971 [Datanode State Machine Task Thread - 1] INFO  ratis.XceiverServerRatis (XceiverServerRatis.java:start(452)) - XceiverServerRatis e25c889a-af96-48f7-b924-f05d6aaf86f9 is started using port 38945
2020-10-10 02:08:25,971 [Datanode State Machine Task Thread - 1] INFO  server.XceiverServerGrpc (XceiverServerGrpc.java:start(145)) - XceiverServerGrpc e25c889a-af96-48f7-b924-f05d6aaf86f9 is started using port 33755
2020-10-10 02:08:26,121 [Listener at 127.0.0.1/44617] INFO  ozone.MiniOzoneClusterImpl (MiniOzoneClusterImpl.java:lambda$waitForClusterToBeReady$0(177)) - Waiting for nodes to be ready. Got 0 of 7 DN Heartbeats.
2020-10-10 02:08:26,121 [Listener at 127.0.0.1/44617] INFO  ozone.MiniOzoneClusterImpl (MiniOzoneClusterImpl.java:lambda$waitForClusterToBeReady$0(180)) - Waiting for cluster to exit safe mode
2020-10-10 02:08:26,191 [Datanode State Machine Task Thread - 1] INFO  ozoneimpl.OzoneContainer (OzoneContainer.java:start(245)) - Attempting to start container services.
2020-10-10 02:08:26,191 [Datanode State Machine Task Thread - 1] INFO  ozoneimpl.OzoneContainer (OzoneContainer.java:startContainerScrub(209)) - Background container scanner has been disabled.
2020-10-10 02:08:26,191 [Datanode State Machine Task Thread - 1] INFO  ratis.XceiverServerRatis (XceiverServerRatis.java:start(440)) - Starting XceiverServerRatis 0bc64d23-9ed1-4611-b85c-3104296e559c at port 0
2020-10-10 02:08:26,197 [Datanode State Machine Task Thread - 1] INFO  impl.RaftServerProxy (RaftServerProxy.java:lambda$start$3(307)) - 0bc64d23-9ed1-4611-b85c-3104296e559c: start RPC server
2020-10-10 02:08:26,197 [Datanode State Machine Task Thread - 1] INFO  server.GrpcService (GrpcService.java:startImpl(177)) - 0bc64d23-9ed1-4611-b85c-3104296e559c: GrpcService started, listening on 0.0.0.0/0.0.0.0:35701
2020-10-10 02:08:26,197 [Datanode State Machine Task Thread - 1] INFO  ratis.XceiverServerRatis (XceiverServerRatis.java:start(452)) - XceiverServerRatis 0bc64d23-9ed1-4611-b85c-3104296e559c is started using port 35701
2020-10-10 02:08:26,200 [Datanode State Machine Task Thread - 1] INFO  server.XceiverServerGrpc (XceiverServerGrpc.java:start(145)) - XceiverServerGrpc 0bc64d23-9ed1-4611-b85c-3104296e559c is started using port 38511
2020-10-10 02:08:26,439 [Datanode State Machine Task Thread - 1] INFO  ozoneimpl.OzoneContainer (OzoneContainer.java:start(245)) - Attempting to start container services.
2020-10-10 02:08:26,439 [Datanode State Machine Task Thread - 1] INFO  ozoneimpl.OzoneContainer (OzoneContainer.java:startContainerScrub(209)) - Background container scanner has been disabled.
2020-10-10 02:08:26,441 [Datanode State Machine Task Thread - 1] INFO  ratis.XceiverServerRatis (XceiverServerRatis.java:start(440)) - Starting XceiverServerRatis 99031ab3-9213-4203-bcc6-2184a2486c2a at port 0
2020-10-10 02:08:26,442 [Datanode State Machine Task Thread - 1] INFO  impl.RaftServerProxy (RaftServerProxy.java:lambda$start$3(307)) - 99031ab3-9213-4203-bcc6-2184a2486c2a: start RPC server
2020-10-10 02:08:26,443 [Datanode State Machine Task Thread - 1] INFO  server.GrpcService (GrpcService.java:startImpl(177)) - 99031ab3-9213-4203-bcc6-2184a2486c2a: GrpcService started, listening on 0.0.0.0/0.0.0.0:38065
2020-10-10 02:08:26,443 [Datanode State Machine Task Thread - 1] INFO  ratis.XceiverServerRatis (XceiverServerRatis.java:start(452)) - XceiverServerRatis 99031ab3-9213-4203-bcc6-2184a2486c2a is started using port 38065
2020-10-10 02:08:26,444 [Datanode State Machine Task Thread - 1] INFO  server.XceiverServerGrpc (XceiverServerGrpc.java:start(145)) - XceiverServerGrpc 99031ab3-9213-4203-bcc6-2184a2486c2a is started using port 34845
2020-10-10 02:08:26,699 [Datanode State Machine Task Thread - 1] INFO  ozoneimpl.OzoneContainer (OzoneContainer.java:start(245)) - Attempting to start container services.
2020-10-10 02:08:26,700 [Datanode State Machine Task Thread - 1] INFO  ozoneimpl.OzoneContainer (OzoneContainer.java:startContainerScrub(209)) - Background container scanner has been disabled.
2020-10-10 02:08:26,700 [Datanode State Machine Task Thread - 1] INFO  ratis.XceiverServerRatis (XceiverServerRatis.java:start(440)) - Starting XceiverServerRatis e2273cbf-c074-44ec-b875-3eaf72d6bbba at port 0
2020-10-10 02:08:26,711 [Datanode State Machine Task Thread - 1] INFO  impl.RaftServerProxy (RaftServerProxy.java:lambda$start$3(307)) - e2273cbf-c074-44ec-b875-3eaf72d6bbba: start RPC server
2020-10-10 02:08:26,711 [Datanode State Machine Task Thread - 1] INFO  server.GrpcService (GrpcService.java:startImpl(177)) - e2273cbf-c074-44ec-b875-3eaf72d6bbba: GrpcService started, listening on 0.0.0.0/0.0.0.0:33085
2020-10-10 02:08:26,712 [Datanode State Machine Task Thread - 1] INFO  ratis.XceiverServerRatis (XceiverServerRatis.java:start(452)) - XceiverServerRatis e2273cbf-c074-44ec-b875-3eaf72d6bbba is started using port 33085
2020-10-10 02:08:26,712 [Datanode State Machine Task Thread - 1] INFO  server.XceiverServerGrpc (XceiverServerGrpc.java:start(145)) - XceiverServerGrpc e2273cbf-c074-44ec-b875-3eaf72d6bbba is started using port 45447
2020-10-10 02:08:26,918 [Datanode State Machine Task Thread - 1] INFO  ozoneimpl.OzoneContainer (OzoneContainer.java:start(245)) - Attempting to start container services.
2020-10-10 02:08:26,918 [Datanode State Machine Task Thread - 1] INFO  ozoneimpl.OzoneContainer (OzoneContainer.java:startContainerScrub(209)) - Background container scanner has been disabled.
2020-10-10 02:08:26,918 [Datanode State Machine Task Thread - 1] INFO  ratis.XceiverServerRatis (XceiverServerRatis.java:start(440)) - Starting XceiverServerRatis 43f5839c-c8de-4217-81eb-1bdbcb4e3fa0 at port 0
2020-10-10 02:08:26,919 [Datanode State Machine Task Thread - 1] INFO  impl.RaftServerProxy (RaftServerProxy.java:lambda$start$3(307)) - 43f5839c-c8de-4217-81eb-1bdbcb4e3fa0: start RPC server
2020-10-10 02:08:26,920 [Datanode State Machine Task Thread - 1] INFO  server.GrpcService (GrpcService.java:startImpl(177)) - 43f5839c-c8de-4217-81eb-1bdbcb4e3fa0: GrpcService started, listening on 0.0.0.0/0.0.0.0:42531
2020-10-10 02:08:26,920 [Datanode State Machine Task Thread - 1] INFO  ratis.XceiverServerRatis (XceiverServerRatis.java:start(452)) - XceiverServerRatis 43f5839c-c8de-4217-81eb-1bdbcb4e3fa0 is started using port 42531
2020-10-10 02:08:26,920 [Datanode State Machine Task Thread - 1] INFO  server.XceiverServerGrpc (XceiverServerGrpc.java:start(145)) - XceiverServerGrpc 43f5839c-c8de-4217-81eb-1bdbcb4e3fa0 is started using port 33775
2020-10-10 02:08:27,121 [Listener at 127.0.0.1/44617] INFO  ozone.MiniOzoneClusterImpl (MiniOzoneClusterImpl.java:lambda$waitForClusterToBeReady$0(177)) - Waiting for nodes to be ready. Got 0 of 7 DN Heartbeats.
2020-10-10 02:08:27,122 [Listener at 127.0.0.1/44617] INFO  ozone.MiniOzoneClusterImpl (MiniOzoneClusterImpl.java:lambda$waitForClusterToBeReady$0(180)) - Waiting for cluster to exit safe mode
2020-10-10 02:08:27,124 [Datanode State Machine Task Thread - 1] INFO  ozoneimpl.OzoneContainer (OzoneContainer.java:start(245)) - Attempting to start container services.
2020-10-10 02:08:27,125 [Datanode State Machine Task Thread - 1] INFO  ozoneimpl.OzoneContainer (OzoneContainer.java:startContainerScrub(209)) - Background container scanner has been disabled.
2020-10-10 02:08:27,125 [Datanode State Machine Task Thread - 1] INFO  ratis.XceiverServerRatis (XceiverServerRatis.java:start(440)) - Starting XceiverServerRatis 23601240-7ba9-45ef-86a8-484ff669ec18 at port 0
2020-10-10 02:08:27,126 [Datanode State Machine Task Thread - 1] INFO  impl.RaftServerProxy (RaftServerProxy.java:lambda$start$3(307)) - 23601240-7ba9-45ef-86a8-484ff669ec18: start RPC server
2020-10-10 02:08:27,126 [Datanode State Machine Task Thread - 1] INFO  server.GrpcService (GrpcService.java:startImpl(177)) - 23601240-7ba9-45ef-86a8-484ff669ec18: GrpcService started, listening on 0.0.0.0/0.0.0.0:35209
2020-10-10 02:08:27,127 [Datanode State Machine Task Thread - 1] INFO  ratis.XceiverServerRatis (XceiverServerRatis.java:start(452)) - XceiverServerRatis 23601240-7ba9-45ef-86a8-484ff669ec18 is started using port 35209
2020-10-10 02:08:27,127 [Datanode State Machine Task Thread - 1] INFO  server.XceiverServerGrpc (XceiverServerGrpc.java:start(145)) - XceiverServerGrpc 23601240-7ba9-45ef-86a8-484ff669ec18 is started using port 34755
2020-10-10 02:08:27,767 [IPC Server handler 2 on default port 43075] INFO  net.NetworkTopologyImpl (NetworkTopologyImpl.java:add(111)) - Added a new node: /default-rack/78604002-ff5a-45ff-a78c-fcc3df81f009
2020-10-10 02:08:27,768 [IPC Server handler 2 on default port 43075] INFO  node.SCMNodeManager (SCMNodeManager.java:register(282)) - Registered Data node : 78604002-ff5a-45ff-a78c-fcc3df81f009{ip: 172.17.0.2, host: 2df54852b2a6, networkLocation: /default-rack, certSerialId: null}
2020-10-10 02:08:27,769 [EventQueue-NodeRegistrationContainerReportForContainerSafeModeRule] INFO  safemode.SCMSafeModeManager (SCMSafeModeManager.java:validateSafeModeExitRules(214)) - ContainerSafeModeRule rule is successfully validated
2020-10-10 02:08:27,769 [EventQueue-NodeRegistrationContainerReportForDataNodeSafeModeRule] INFO  safemode.SCMSafeModeManager (DataNodeSafeModeRule.java:process(71)) - SCM in safe mode. 1 DataNodes registered, 1 required.
2020-10-10 02:08:27,770 [EventQueue-NodeRegistrationContainerReportForDataNodeSafeModeRule] INFO  safemode.SCMSafeModeManager (SCMSafeModeManager.java:validateSafeModeExitRules(214)) - DataNodeSafeModeRule rule is successfully validated
2020-10-10 02:08:27,770 [EventQueue-NodeRegistrationContainerReportForDataNodeSafeModeRule] INFO  safemode.SCMSafeModeManager (SCMSafeModeManager.java:completePreCheck(242)) - All SCM safe mode pre check rules have passed
2020-10-10 02:08:27,770 [RatisPipelineUtilsThread] INFO  pipeline.RatisPipelineProvider (RatisPipelineProvider.java:lambda$create$0(138)) - Sending CreatePipelineCommand for pipeline:PipelineID=0ee60b20-f816-487a-868a-6540c752eea6 to datanode:78604002-ff5a-45ff-a78c-fcc3df81f009
2020-10-10 02:08:27,771 [RatisPipelineUtilsThread] INFO  pipeline.PipelineStateManager (PipelineStateManager.java:addPipeline(54)) - Created pipeline Pipeline[ Id: 0ee60b20-f816-487a-868a-6540c752eea6, Nodes: 78604002-ff5a-45ff-a78c-fcc3df81f009{ip: 172.17.0.2, host: 2df54852b2a6, networkLocation: /default-rack, certSerialId: null}, Type:RATIS, Factor:ONE, State:ALLOCATED, leaderId:, CreationTimestamp2020-10-10T02:08:27.770Z]
2020-10-10 02:08:27,771 [RatisPipelineUtilsThread] WARN  pipeline.PipelinePlacementPolicy (PipelinePlacementPolicy.java:filterViableNodes(138)) - Pipeline creation failed due to no sufficient healthy datanodes. Required 3. Found 1.
2020-10-10 02:08:27,964 [IPC Server handler 3 on default port 43075] INFO  net.NetworkTopologyImpl (NetworkTopologyImpl.java:add(111)) - Added a new node: /default-rack/e25c889a-af96-48f7-b924-f05d6aaf86f9
2020-10-10 02:08:27,964 [IPC Server handler 3 on default port 43075] INFO  node.SCMNodeManager (SCMNodeManager.java:register(282)) - Registered Data node : e25c889a-af96-48f7-b924-f05d6aaf86f9{ip: 172.17.0.2, host: 2df54852b2a6, networkLocation: /default-rack, certSerialId: null}
2020-10-10 02:08:27,965 [EventQueue-NodeRegistrationContainerReportForContainerSafeModeRule] INFO  safemode.SCMSafeModeManager (SCMSafeModeManager.java:validateSafeModeExitRules(214)) - ContainerSafeModeRule rule is successfully validated
2020-10-10 02:08:27,965 [RatisPipelineUtilsThread] INFO  pipeline.RatisPipelineProvider (RatisPipelineProvider.java:lambda$create$0(138)) - Sending CreatePipelineCommand for pipeline:PipelineID=2b2f12c8-8792-4932-bb68-2ab9cd232c2d to datanode:e25c889a-af96-48f7-b924-f05d6aaf86f9
2020-10-10 02:08:27,965 [EventQueue-NodeRegistrationContainerReportForDataNodeSafeModeRule] INFO  safemode.SCMSafeModeManager (SCMSafeModeManager.java:validateSafeModeExitRules(214)) - DataNodeSafeModeRule rule is successfully validated
2020-10-10 02:08:27,966 [RatisPipelineUtilsThread] INFO  pipeline.PipelineStateManager (PipelineStateManager.java:addPipeline(54)) - Created pipeline Pipeline[ Id: 2b2f12c8-8792-4932-bb68-2ab9cd232c2d, Nodes: e25c889a-af96-48f7-b924-f05d6aaf86f9{ip: 172.17.0.2, host: 2df54852b2a6, networkLocation: /default-rack, certSerialId: null}, Type:RATIS, Factor:ONE, State:ALLOCATED, leaderId:, CreationTimestamp2020-10-10T02:08:27.965Z]
2020-10-10 02:08:27,966 [RatisPipelineUtilsThread] WARN  pipeline.PipelinePlacementPolicy (PipelinePlacementPolicy.java:filterViableNodes(138)) - Pipeline creation failed due to no sufficient healthy datanodes. Required 3. Found 2.
2020-10-10 02:08:28,122 [Listener at 127.0.0.1/44617] INFO  ozone.MiniOzoneClusterImpl (MiniOzoneClusterImpl.java:lambda$waitForClusterToBeReady$0(177)) - Waiting for nodes to be ready. Got 2 of 7 DN Heartbeats.
2020-10-10 02:08:28,122 [Listener at 127.0.0.1/44617] INFO  ozone.MiniOzoneClusterImpl (MiniOzoneClusterImpl.java:lambda$waitForClusterToBeReady$0(180)) - Waiting for cluster to exit safe mode
2020-10-10 02:08:28,184 [IPC Server handler 4 on default port 43075] INFO  net.NetworkTopologyImpl (NetworkTopologyImpl.java:add(111)) - Added a new node: /default-rack/0bc64d23-9ed1-4611-b85c-3104296e559c
2020-10-10 02:08:28,185 [IPC Server handler 4 on default port 43075] INFO  node.SCMNodeManager (SCMNodeManager.java:register(282)) - Registered Data node : 0bc64d23-9ed1-4611-b85c-3104296e559c{ip: 172.17.0.2, host: 2df54852b2a6, networkLocation: /default-rack, certSerialId: null}
2020-10-10 02:08:28,185 [RatisPipelineUtilsThread] INFO  pipeline.RatisPipelineProvider (RatisPipelineProvider.java:lambda$create$0(138)) - Sending CreatePipelineCommand for pipeline:PipelineID=bef3afd4-56f9-4c17-8f8d-8d9345f9fed0 to datanode:0bc64d23-9ed1-4611-b85c-3104296e559c
2020-10-10 02:08:28,185 [EventQueue-NodeRegistrationContainerReportForContainerSafeModeRule] INFO  safemode.SCMSafeModeManager (SCMSafeModeManager.java:validateSafeModeExitRules(214)) - ContainerSafeModeRule rule is successfully validated
2020-10-10 02:08:28,186 [RatisPipelineUtilsThread] INFO  pipeline.PipelineStateManager (PipelineStateManager.java:addPipeline(54)) - Created pipeline Pipeline[ Id: bef3afd4-56f9-4c17-8f8d-8d9345f9fed0, Nodes: 0bc64d23-9ed1-4611-b85c-3104296e559c{ip: 172.17.0.2, host: 2df54852b2a6, networkLocation: /default-rack, certSerialId: null}, Type:RATIS, Factor:ONE, State:ALLOCATED, leaderId:, CreationTimestamp2020-10-10T02:08:28.185Z]
2020-10-10 02:08:28,186 [RatisPipelineUtilsThread] INFO  pipeline.RatisPipelineProvider (RatisPipelineProvider.java:lambda$create$0(138)) - Sending CreatePipelineCommand for pipeline:PipelineID=6d4ea811-310d-4287-a256-00dba911aa2e to datanode:78604002-ff5a-45ff-a78c-fcc3df81f009
2020-10-10 02:08:28,186 [RatisPipelineUtilsThread] INFO  pipeline.RatisPipelineProvider (RatisPipelineProvider.java:lambda$create$0(138)) - Sending CreatePipelineCommand for pipeline:PipelineID=6d4ea811-310d-4287-a256-00dba911aa2e to datanode:e25c889a-af96-48f7-b924-f05d6aaf86f9
2020-10-10 02:08:28,187 [RatisPipelineUtilsThread] INFO  pipeline.RatisPipelineProvider (RatisPipelineProvider.java:lambda$create$0(138)) - Sending CreatePipelineCommand for pipeline:PipelineID=6d4ea811-310d-4287-a256-00dba911aa2e to datanode:0bc64d23-9ed1-4611-b85c-3104296e559c
2020-10-10 02:08:28,187 [RatisPipelineUtilsThread] INFO  pipeline.PipelineStateManager (PipelineStateManager.java:addPipeline(54)) - Created pipeline Pipeline[ Id: 6d4ea811-310d-4287-a256-00dba911aa2e, Nodes: 78604002-ff5a-45ff-a78c-fcc3df81f009{ip: 172.17.0.2, host: 2df54852b2a6, networkLocation: /default-rack, certSerialId: null}e25c889a-af96-48f7-b924-f05d6aaf86f9{ip: 172.17.0.2, host: 2df54852b2a6, networkLocation: /default-rack, certSerialId: null}0bc64d23-9ed1-4611-b85c-3104296e559c{ip: 172.17.0.2, host: 2df54852b2a6, networkLocation: /default-rack, certSerialId: null}, Type:RATIS, Factor:THREE, State:ALLOCATED, leaderId:, CreationTimestamp2020-10-10T02:08:28.186Z]
2020-10-10 02:08:28,188 [EventQueue-NodeRegistrationContainerReportForDataNodeSafeModeRule] INFO  safemode.SCMSafeModeManager (SCMSafeModeManager.java:validateSafeModeExitRules(214)) - DataNodeSafeModeRule rule is successfully validated
2020-10-10 02:08:28,437 [IPC Server handler 0 on default port 43075] INFO  net.NetworkTopologyImpl (NetworkTopologyImpl.java:add(111)) - Added a new node: /default-rack/99031ab3-9213-4203-bcc6-2184a2486c2a
2020-10-10 02:08:28,437 [IPC Server handler 0 on default port 43075] INFO  node.SCMNodeManager (SCMNodeManager.java:register(282)) - Registered Data node : 99031ab3-9213-4203-bcc6-2184a2486c2a{ip: 172.17.0.2, host: 2df54852b2a6, networkLocation: /default-rack, certSerialId: null}
2020-10-10 02:08:28,438 [EventQueue-NodeRegistrationContainerReportForDataNodeSafeModeRule] INFO  safemode.SCMSafeModeManager (SCMSafeModeManager.java:validateSafeModeExitRules(214)) - DataNodeSafeModeRule rule is successfully validated
2020-10-10 02:08:28,439 [RatisPipelineUtilsThread] INFO  pipeline.RatisPipelineProvider (RatisPipelineProvider.java:lambda$create$0(138)) - Sending CreatePipelineCommand for pipeline:PipelineID=d372dbc1-d3da-4c0d-9031-ba0ac1dc4139 to datanode:99031ab3-9213-4203-bcc6-2184a2486c2a
2020-10-10 02:08:28,439 [EventQueue-NodeRegistrationContainerReportForContainerSafeModeRule] INFO  safemode.SCMSafeModeManager (SCMSafeModeManager.java:validateSafeModeExitRules(214)) - ContainerSafeModeRule rule is successfully validated
2020-10-10 02:08:28,439 [RatisPipelineUtilsThread] INFO  pipeline.PipelineStateManager (PipelineStateManager.java:addPipeline(54)) - Created pipeline Pipeline[ Id: d372dbc1-d3da-4c0d-9031-ba0ac1dc4139, Nodes: 99031ab3-9213-4203-bcc6-2184a2486c2a{ip: 172.17.0.2, host: 2df54852b2a6, networkLocation: /default-rack, certSerialId: null}, Type:RATIS, Factor:ONE, State:ALLOCATED, leaderId:, CreationTimestamp2020-10-10T02:08:28.439Z]
2020-10-10 02:08:28,699 [IPC Server handler 2 on default port 43075] INFO  net.NetworkTopologyImpl (NetworkTopologyImpl.java:add(111)) - Added a new node: /default-rack/e2273cbf-c074-44ec-b875-3eaf72d6bbba
2020-10-10 02:08:28,699 [IPC Server handler 2 on default port 43075] INFO  node.SCMNodeManager (SCMNodeManager.java:register(282)) - Registered Data node : e2273cbf-c074-44ec-b875-3eaf72d6bbba{ip: 172.17.0.2, host: 2df54852b2a6, networkLocation: /default-rack, certSerialId: null}
2020-10-10 02:08:28,700 [EventQueue-NodeRegistrationContainerReportForDataNodeSafeModeRule] INFO  safemode.SCMSafeModeManager (SCMSafeModeManager.java:validateSafeModeExitRules(214)) - DataNodeSafeModeRule rule is successfully validated
2020-10-10 02:08:28,700 [RatisPipelineUtilsThread] INFO  pipeline.RatisPipelineProvider (RatisPipelineProvider.java:lambda$create$0(138)) - Sending CreatePipelineCommand for pipeline:PipelineID=074b49b0-585b-4a32-a687-74efc189a256 to datanode:e2273cbf-c074-44ec-b875-3eaf72d6bbba
2020-10-10 02:08:28,701 [RatisPipelineUtilsThread] INFO  pipeline.PipelineStateManager (PipelineStateManager.java:addPipeline(54)) - Created pipeline Pipeline[ Id: 074b49b0-585b-4a32-a687-74efc189a256, Nodes: e2273cbf-c074-44ec-b875-3eaf72d6bbba{ip: 172.17.0.2, host: 2df54852b2a6, networkLocation: /default-rack, certSerialId: null}, Type:RATIS, Factor:ONE, State:ALLOCATED, leaderId:, CreationTimestamp2020-10-10T02:08:28.700Z]
2020-10-10 02:08:28,701 [EventQueue-NodeRegistrationContainerReportForContainerSafeModeRule] INFO  safemode.SCMSafeModeManager (SCMSafeModeManager.java:validateSafeModeExitRules(214)) - ContainerSafeModeRule rule is successfully validated
2020-10-10 02:08:28,917 [IPC Server handler 3 on default port 43075] INFO  net.NetworkTopologyImpl (NetworkTopologyImpl.java:add(111)) - Added a new node: /default-rack/43f5839c-c8de-4217-81eb-1bdbcb4e3fa0
2020-10-10 02:08:28,917 [IPC Server handler 3 on default port 43075] INFO  node.SCMNodeManager (SCMNodeManager.java:register(282)) - Registered Data node : 43f5839c-c8de-4217-81eb-1bdbcb4e3fa0{ip: 172.17.0.2, host: 2df54852b2a6, networkLocation: /default-rack, certSerialId: null}
2020-10-10 02:08:28,918 [EventQueue-NodeRegistrationContainerReportForContainerSafeModeRule] INFO  safemode.SCMSafeModeManager (SCMSafeModeManager.java:validateSafeModeExitRules(214)) - ContainerSafeModeRule rule is successfully validated
2020-10-10 02:08:28,918 [RatisPipelineUtilsThread] INFO  pipeline.RatisPipelineProvider (RatisPipelineProvider.java:lambda$create$0(138)) - Sending CreatePipelineCommand for pipeline:PipelineID=5218748a-bac5-475c-81cb-e010b589738a to datanode:43f5839c-c8de-4217-81eb-1bdbcb4e3fa0
2020-10-10 02:08:28,918 [EventQueue-NodeRegistrationContainerReportForDataNodeSafeModeRule] INFO  safemode.SCMSafeModeManager (SCMSafeModeManager.java:validateSafeModeExitRules(214)) - DataNodeSafeModeRule rule is successfully validated
2020-10-10 02:08:28,919 [RatisPipelineUtilsThread] INFO  pipeline.PipelineStateManager (PipelineStateManager.java:addPipeline(54)) - Created pipeline Pipeline[ Id: 5218748a-bac5-475c-81cb-e010b589738a, Nodes: 43f5839c-c8de-4217-81eb-1bdbcb4e3fa0{ip: 172.17.0.2, host: 2df54852b2a6, networkLocation: /default-rack, certSerialId: null}, Type:RATIS, Factor:ONE, State:ALLOCATED, leaderId:, CreationTimestamp2020-10-10T02:08:28.918Z]
2020-10-10 02:08:28,919 [RatisPipelineUtilsThread] INFO  pipeline.RatisPipelineProvider (RatisPipelineProvider.java:lambda$create$0(138)) - Sending CreatePipelineCommand for pipeline:PipelineID=d62e349b-2a2b-477d-a246-e2417e2dc09f to datanode:99031ab3-9213-4203-bcc6-2184a2486c2a
2020-10-10 02:08:28,919 [RatisPipelineUtilsThread] INFO  pipeline.RatisPipelineProvider (RatisPipelineProvider.java:lambda$create$0(138)) - Sending CreatePipelineCommand for pipeline:PipelineID=d62e349b-2a2b-477d-a246-e2417e2dc09f to datanode:e2273cbf-c074-44ec-b875-3eaf72d6bbba
2020-10-10 02:08:28,919 [RatisPipelineUtilsThread] INFO  pipeline.RatisPipelineProvider (RatisPipelineProvider.java:lambda$create$0(138)) - Sending CreatePipelineCommand for pipeline:PipelineID=d62e349b-2a2b-477d-a246-e2417e2dc09f to datanode:43f5839c-c8de-4217-81eb-1bdbcb4e3fa0
2020-10-10 02:08:28,920 [RatisPipelineUtilsThread] INFO  pipeline.PipelineStateManager (PipelineStateManager.java:addPipeline(54)) - Created pipeline Pipeline[ Id: d62e349b-2a2b-477d-a246-e2417e2dc09f, Nodes: 99031ab3-9213-4203-bcc6-2184a2486c2a{ip: 172.17.0.2, host: 2df54852b2a6, networkLocation: /default-rack, certSerialId: null}e2273cbf-c074-44ec-b875-3eaf72d6bbba{ip: 172.17.0.2, host: 2df54852b2a6, networkLocation: /default-rack, certSerialId: null}43f5839c-c8de-4217-81eb-1bdbcb4e3fa0{ip: 172.17.0.2, host: 2df54852b2a6, networkLocation: /default-rack, certSerialId: null}, Type:RATIS, Factor:THREE, State:ALLOCATED, leaderId:, CreationTimestamp2020-10-10T02:08:28.919Z]
2020-10-10 02:08:29,122 [Listener at 127.0.0.1/44617] INFO  ozone.MiniOzoneClusterImpl (MiniOzoneClusterImpl.java:lambda$waitForClusterToBeReady$0(177)) - Waiting for nodes to be ready. Got 6 of 7 DN Heartbeats.
2020-10-10 02:08:29,123 [Listener at 127.0.0.1/44617] INFO  ozone.MiniOzoneClusterImpl (MiniOzoneClusterImpl.java:lambda$waitForClusterToBeReady$0(180)) - Waiting for cluster to exit safe mode
2020-10-10 02:08:29,124 [IPC Server handler 4 on default port 43075] INFO  net.NetworkTopologyImpl (NetworkTopologyImpl.java:add(111)) - Added a new node: /default-rack/23601240-7ba9-45ef-86a8-484ff669ec18
2020-10-10 02:08:29,125 [IPC Server handler 4 on default port 43075] INFO  node.SCMNodeManager (SCMNodeManager.java:register(282)) - Registered Data node : 23601240-7ba9-45ef-86a8-484ff669ec18{ip: 172.17.0.2, host: 2df54852b2a6, networkLocation: /default-rack, certSerialId: null}
2020-10-10 02:08:29,125 [RatisPipelineUtilsThread] INFO  pipeline.RatisPipelineProvider (RatisPipelineProvider.java:lambda$create$0(138)) - Sending CreatePipelineCommand for pipeline:PipelineID=2fdf63cc-d680-48a9-b4b9-f5bca22b2457 to datanode:23601240-7ba9-45ef-86a8-484ff669ec18
2020-10-10 02:08:29,125 [EventQueue-NodeRegistrationContainerReportForContainerSafeModeRule] INFO  safemode.SCMSafeModeManager (SCMSafeModeManager.java:validateSafeModeExitRules(214)) - ContainerSafeModeRule rule is successfully validated
2020-10-10 02:08:29,125 [EventQueue-NodeRegistrationContainerReportForDataNodeSafeModeRule] INFO  safemode.SCMSafeModeManager (SCMSafeModeManager.java:validateSafeModeExitRules(214)) - DataNodeSafeModeRule rule is successfully validated
2020-10-10 02:08:29,126 [RatisPipelineUtilsThread] INFO  pipeline.PipelineStateManager (PipelineStateManager.java:addPipeline(54)) - Created pipeline Pipeline[ Id: 2fdf63cc-d680-48a9-b4b9-f5bca22b2457, Nodes: 23601240-7ba9-45ef-86a8-484ff669ec18{ip: 172.17.0.2, host: 2df54852b2a6, networkLocation: /default-rack, certSerialId: null}, Type:RATIS, Factor:ONE, State:ALLOCATED, leaderId:, CreationTimestamp2020-10-10T02:08:29.125Z]
2020-10-10 02:08:30,124 [Listener at 127.0.0.1/44617] INFO  ozone.MiniOzoneClusterImpl (MiniOzoneClusterImpl.java:lambda$waitForClusterToBeReady$0(177)) - Nodes are ready. Got 7 of 7 DN Heartbeats.
2020-10-10 02:08:30,124 [Listener at 127.0.0.1/44617] INFO  ozone.MiniOzoneClusterImpl (MiniOzoneClusterImpl.java:lambda$waitForClusterToBeReady$0(180)) - Waiting for cluster to exit safe mode
2020-10-10 02:08:30,768 [Command processor thread] INFO  impl.RaftServerProxy (RaftServerProxy.java:addNew(92)) - 78604002-ff5a-45ff-a78c-fcc3df81f009: addNew group-6540C752EEA6:[78604002-ff5a-45ff-a78c-fcc3df81f009:172.17.0.2:37725:0] returns group-6540C752EEA6:java.util.concurrent.CompletableFuture@3aeabe82[Not completed]
2020-10-10 02:08:30,772 [pool-168-thread-1] INFO  impl.RaftServerImpl (RaftServerImpl.java:<init>(120)) - 78604002-ff5a-45ff-a78c-fcc3df81f009: new RaftServerImpl for group-6540C752EEA6:[78604002-ff5a-45ff-a78c-fcc3df81f009:172.17.0.2:37725:0] with ContainerStateMachine:uninitialized
2020-10-10 02:08:30,780 [pool-168-thread-1] INFO  server.RaftServerConfigKeys (ConfUtils.java:logGet(44)) - raft.server.rpc.timeout.min = 5s (custom)
2020-10-10 02:08:30,780 [pool-168-thread-1] INFO  server.RaftServerConfigKeys (ConfUtils.java:logGet(44)) - raft.server.rpc.timeout.max = 5200ms (custom)
2020-10-10 02:08:30,781 [pool-168-thread-1] INFO  server.RaftServerConfigKeys (ConfUtils.java:logGet(44)) - raft.server.rpcslowness.timeout = 300s (custom)
2020-10-10 02:08:30,781 [pool-168-thread-1] INFO  server.RaftServerConfigKeys (ConfUtils.java:logGet(44)) - raft.server.sleep.deviation.threshold = 300 (default)
2020-10-10 02:08:30,781 [pool-168-thread-1] INFO  server.RaftServerConfigKeys (ConfUtils.java:logGet(44)) - raft.server.log.appender.install.snapshot.enabled = false (custom)
2020-10-10 02:08:30,781 [pool-168-thread-1] INFO  impl.RaftServerImpl (ServerState.java:<init>(104)) - 78604002-ff5a-45ff-a78c-fcc3df81f009@group-6540C752EEA6: ConfigurationManager, init=-1: [78604002-ff5a-45ff-a78c-fcc3df81f009:172.17.0.2:37725:0], old=null, confs=<EMPTY_MAP>
2020-10-10 02:08:30,781 [pool-168-thread-1] INFO  server.RaftServerConfigKeys (ConfUtils.java:logGet(44)) - raft.server.storage.dir = [/github/workspace/mnt/ozone/hadoop-ozone/integration-test/target/test-dir/MiniOzoneClusterImpl-1565a709-8e1e-42be-9f8b-10d30925cb12/datanode-0/data/ratis] (custom)
2020-10-10 02:08:30,781 [pool-168-thread-1] INFO  server.RaftServerConfigKeys (ConfUtils.java:logGet(44)) - raft.server.log.corruption.policy = EXCEPTION (default)
2020-10-10 02:08:30,782 [pool-168-thread-1] INFO  storage.RaftStorageDirectory (RaftStorageDirectory.java:analyzeStorage(261)) - The storage directory /github/workspace/mnt/ozone/hadoop-ozone/integration-test/target/test-dir/MiniOzoneClusterImpl-1565a709-8e1e-42be-9f8b-10d30925cb12/datanode-0/data/ratis/0ee60b20-f816-487a-868a-6540c752eea6 does not exist. Creating ...
2020-10-10 02:08:30,796 [pool-168-thread-1] INFO  storage.RaftStorageDirectory (RaftStorageDirectory.java:tryLock(343)) - Lock on /github/workspace/mnt/ozone/hadoop-ozone/integration-test/target/test-dir/MiniOzoneClusterImpl-1565a709-8e1e-42be-9f8b-10d30925cb12/datanode-0/data/ratis/0ee60b20-f816-487a-868a-6540c752eea6/in_use.lock acquired by nodename 13280@2df54852b2a6
2020-10-10 02:08:30,797 [pool-168-thread-1] INFO  storage.RaftStorage (RaftStorage.java:format(84)) - Storage directory /github/workspace/mnt/ozone/hadoop-ozone/integration-test/target/test-dir/MiniOzoneClusterImpl-1565a709-8e1e-42be-9f8b-10d30925cb12/datanode-0/data/ratis/0ee60b20-f816-487a-868a-6540c752eea6 has been successfully formatted.
2020-10-10 02:08:30,798 [pool-168-thread-1] INFO  ratis.ContainerStateMachine (ContainerStateMachine.java:loadSnapshot(225)) - group-6540C752EEA6: The snapshot info is null. Setting the last applied indexto:(t:0, i:~)
2020-10-10 02:08:30,798 [pool-168-thread-1] INFO  server.RaftServerConfigKeys (ConfUtils.java:logGet(44)) - raft.server.notification.no-leader.timeout = 300s (custom)
2020-10-10 02:08:30,798 [pool-168-thread-1] INFO  server.RaftServerConfigKeys (ConfUtils.java:logGet(44)) - raft.server.log.use.memory = false (default)
2020-10-10 02:08:30,798 [pool-168-thread-1] INFO  server.RaftServerConfigKeys (ConfUtils.java:logGet(44)) - raft.server.log.purge.gap = 1000000 (custom)
2020-10-10 02:08:30,798 [pool-168-thread-1] INFO  metrics.RatisMetrics (RatisMetrics.java:lambda$create$0(36)) - Creating Metrics Registry : ratis.log_worker.78604002-ff5a-45ff-a78c-fcc3df81f009@group-6540C752EEA6
2020-10-10 02:08:30,798 [pool-168-thread-1] INFO  server.RaftServerConfigKeys (ConfUtils.java:logGet(44)) - raft.server.log.appender.buffer.byte-limit = 33554432 (custom)
2020-10-10 02:08:30,799 [pool-168-thread-1] INFO  server.RaftServerConfigKeys (ConfUtils.java:logGet(44)) - raft.server.log.segment.size.max = 1048576 (custom)
2020-10-10 02:08:30,799 [EventQueue-PipelineReportForPipelineReportHandler] INFO  pipeline.PipelineStateManager (PipelineStateManager.java:openPipeline(131)) - Pipeline Pipeline[ Id: 0ee60b20-f816-487a-868a-6540c752eea6, Nodes: 78604002-ff5a-45ff-a78c-fcc3df81f009{ip: 172.17.0.2, host: 2df54852b2a6, networkLocation: /default-rack, certSerialId: null}, Type:RATIS, Factor:ONE, State:ALLOCATED, leaderId:78604002-ff5a-45ff-a78c-fcc3df81f009, CreationTimestamp2020-10-10T02:08:27.770Z] moved to OPEN state
2020-10-10 02:08:30,801 [EventQueue-OpenPipelineForOneReplicaPipelineSafeModeRule] INFO  safemode.SCMSafeModeManager (SCMSafeModeManager.java:validateSafeModeExitRules(214)) - AtleastOneDatanodeReportedRule rule is successfully validated
2020-10-10 02:08:30,801 [pool-168-thread-1] INFO  server.RaftServerConfigKeys (ConfUtils.java:logGet(44)) - raft.server.log.segment.cache.num.max = 2 (custom)
2020-10-10 02:08:30,801 [pool-168-thread-1] INFO  segmented.SegmentedRaftLogWorker (SegmentedRaftLogWorker.java:<init>(180)) - new 78604002-ff5a-45ff-a78c-fcc3df81f009@group-6540C752EEA6-SegmentedRaftLogWorker for RaftStorage:Storage Directory /github/workspace/mnt/ozone/hadoop-ozone/integration-test/target/test-dir/MiniOzoneClusterImpl-1565a709-8e1e-42be-9f8b-10d30925cb12/datanode-0/data/ratis/0ee60b20-f816-487a-868a-6540c752eea6
2020-10-10 02:08:30,802 [pool-168-thread-1] INFO  server.RaftServerConfigKeys (ConfUtils.java:logGet(44)) - raft.server.log.queue.byte-limit = 2147483647 (custom)
2020-10-10 02:08:30,802 [pool-168-thread-1] INFO  server.RaftServerConfigKeys (ConfUtils.java:logGet(44)) - raft.server.log.queue.element-limit = 1024 (custom)
2020-10-10 02:08:30,802 [pool-168-thread-1] INFO  server.RaftServerConfigKeys (ConfUtils.java:logGet(44)) - raft.server.log.segment.size.max = 1048576 (custom)
2020-10-10 02:08:30,802 [pool-168-thread-1] INFO  server.RaftServerConfigKeys (ConfUtils.java:logGet(44)) - raft.server.log.preallocated.size = 16384 (custom)
2020-10-10 02:08:30,802 [pool-168-thread-1] INFO  server.RaftServerConfigKeys (ConfUtils.java:logGet(44)) - raft.server.log.write.buffer.size = 1048576 (custom)
2020-10-10 02:08:30,802 [pool-168-thread-1] INFO  server.RaftServerConfigKeys (ConfUtils.java:logGet(44)) - raft.server.log.force.sync.num = 128 (default)
2020-10-10 02:08:30,802 [pool-168-thread-1] INFO  server.RaftServerConfigKeys (ConfUtils.java:logGet(44)) - raft.server.log.statemachine.data.sync = true (default)
2020-10-10 02:08:30,802 [pool-168-thread-1] INFO  server.RaftServerConfigKeys (ConfUtils.java:logGet(44)) - raft.server.log.statemachine.data.sync.timeout = 10s (default)
2020-10-10 02:08:30,802 [pool-168-thread-1] INFO  server.RaftServerConfigKeys (ConfUtils.java:logGet(44)) - raft.server.log.statemachine.data.sync.timeout.retry = -1 (default)
2020-10-10 02:08:30,804 [pool-168-thread-1] INFO  server.RaftServerConfigKeys (ConfUtils.java:logGet(44)) - raft.server.log.statemachine.data.caching.enabled = true (custom)
2020-10-10 02:08:30,805 [pool-168-thread-1] INFO  segmented.SegmentedRaftLogWorker (SegmentedRaftLogWorker.java:lambda$new$0(129)) - 78604002-ff5a-45ff-a78c-fcc3df81f009@group-6540C752EEA6-SegmentedRaftLogWorker: flushIndex: setUnconditionally 0 -> -1
2020-10-10 02:08:30,805 [pool-168-thread-1] INFO  segmented.SegmentedRaftLogWorker (SegmentedRaftLogWorker.java:lambda$new$0(129)) - 78604002-ff5a-45ff-a78c-fcc3df81f009@group-6540C752EEA6-SegmentedRaftLogWorker: safeCacheEvictIndex: setUnconditionally 0 -> -1
2020-10-10 02:08:30,805 [EventQueue-OpenPipelineForHealthyPipelineSafeModeRule] INFO  safemode.SCMSafeModeManager (HealthyPipelineSafeModeRule.java:process(129)) - SCM in safe mode. Healthy pipelines reported count is 0, required healthy pipeline reported count is 1
2020-10-10 02:08:30,806 [pool-168-thread-1] INFO  server.RaftServerConfigKeys (ConfUtils.java:logGet(44)) - raft.server.snapshot.auto.trigger.enabled = true (custom)
2020-10-10 02:08:30,806 [pool-168-thread-1] INFO  server.RaftServerConfigKeys (ConfUtils.java:logGet(44)) - raft.server.snapshot.auto.trigger.threshold = 10000 (custom)
2020-10-10 02:08:30,806 [pool-168-thread-1] INFO  server.RaftServerConfigKeys (ConfUtils.java:logGet(44)) - raft.server.snapshot.retention.file.num = 5 (custom)
2020-10-10 02:08:30,806 [pool-168-thread-1] INFO  server.RaftServerConfigKeys (ConfUtils.java:logGet(44)) - raft.server.log.purge.upto.snapshot.index = false (default)
2020-10-10 02:08:30,806 [pool-168-thread-1] INFO  server.RaftServerConfigKeys (ConfUtils.java:logGet(44)) - raft.server.retrycache.expirytime = 600000ms (custom)
2020-10-10 02:08:30,806 [pool-168-thread-1] INFO  metrics.RatisMetrics (RatisMetrics.java:lambda$create$0(36)) - Creating Metrics Registry : ratis.leader_election.78604002-ff5a-45ff-a78c-fcc3df81f009@group-6540C752EEA6
2020-10-10 02:08:30,809 [pool-168-thread-1] INFO  metrics.RatisMetrics (RatisMetrics.java:lambda$create$0(36)) - Creating Metrics Registry : ratis.server.78604002-ff5a-45ff-a78c-fcc3df81f009@group-6540C752EEA6
2020-10-10 02:08:30,814 [pool-168-thread-1] INFO  impl.RaftServerImpl (RaftServerImpl.java:start(209)) - 78604002-ff5a-45ff-a78c-fcc3df81f009@group-6540C752EEA6: start as a follower, conf=-1: [78604002-ff5a-45ff-a78c-fcc3df81f009:172.17.0.2:37725:0], old=null
2020-10-10 02:08:30,817 [pool-168-thread-1] INFO  impl.RaftServerImpl (RaftServerImpl.java:setRole(198)) - 78604002-ff5a-45ff-a78c-fcc3df81f009@group-6540C752EEA6: changes role from      null to FOLLOWER at term 0 for startAsFollower
2020-10-10 02:08:30,818 [pool-168-thread-1] INFO  impl.RoleInfo (RoleInfo.java:updateAndGet(143)) - 78604002-ff5a-45ff-a78c-fcc3df81f009: start FollowerState
2020-10-10 02:08:30,818 [pool-168-thread-1] INFO  util.JmxRegister (JmxRegister.java:tryRegister(44)) - Successfully registered JMX Bean with object name Ratis:service=RaftServer,group=group-6540C752EEA6,id=78604002-ff5a-45ff-a78c-fcc3df81f009
2020-10-10 02:08:30,818 [pool-168-thread-1] INFO  metrics.RatisMetrics (RatisMetrics.java:lambda$create$0(36)) - Creating Metrics Registry : ratis.state_machine.78604002-ff5a-45ff-a78c-fcc3df81f009@group-6540C752EEA6
2020-10-10 02:08:30,819 [Command processor thread] INFO  commandhandler.CreatePipelineCommandHandler (CreatePipelineCommandHandler.java:handle(110)) - Created Pipeline RATIS ONE #id: "0ee60b20-f816-487a-868a-6540c752eea6"
uuid128 {
  mostSigBits: 1073557797403510906
  leastSigBits: -8752071596944724314
}
.
2020-10-10 02:08:30,820 [Command processor thread] INFO  impl.RaftServerProxy (RaftServerProxy.java:addNew(92)) - 78604002-ff5a-45ff-a78c-fcc3df81f009: addNew group-00DBA911AA2E:[0bc64d23-9ed1-4611-b85c-3104296e559c:172.17.0.2:35701:0, e25c889a-af96-48f7-b924-f05d6aaf86f9:172.17.0.2:38945:0, 78604002-ff5a-45ff-a78c-fcc3df81f009:172.17.0.2:37725:0] returns group-00DBA911AA2E:java.util.concurrent.CompletableFuture@3ed53d07[Not completed]
2020-10-10 02:08:30,821 [pool-168-thread-1] INFO  impl.RaftServerImpl (RaftServerImpl.java:<init>(120)) - 78604002-ff5a-45ff-a78c-fcc3df81f009: new RaftServerImpl for group-00DBA911AA2E:[0bc64d23-9ed1-4611-b85c-3104296e559c:172.17.0.2:35701:0, e25c889a-af96-48f7-b924-f05d6aaf86f9:172.17.0.2:38945:0, 78604002-ff5a-45ff-a78c-fcc3df81f009:172.17.0.2:37725:0] with ContainerStateMachine:uninitialized
2020-10-10 02:08:30,821 [pool-168-thread-1] INFO  server.RaftServerConfigKeys (ConfUtils.java:logGet(44)) - raft.server.rpc.timeout.min = 5s (custom)
2020-10-10 02:08:30,821 [pool-168-thread-1] INFO  server.RaftServerConfigKeys (ConfUtils.java:logGet(44)) - raft.server.rpc.timeout.max = 5200ms (custom)
2020-10-10 02:08:30,821 [pool-168-thread-1] INFO  server.RaftServerConfigKeys (ConfUtils.java:logGet(44)) - raft.server.rpcslowness.timeout = 300s (custom)
2020-10-10 02:08:30,821 [pool-168-thread-1] INFO  server.RaftServerConfigKeys (ConfUtils.java:logGet(44)) - raft.server.sleep.deviation.threshold = 300 (default)
2020-10-10 02:08:30,821 [pool-168-thread-1] INFO  server.RaftServerConfigKeys (ConfUtils.java:logGet(44)) - raft.server.log.appender.install.snapshot.enabled = false (custom)
2020-10-10 02:08:30,821 [pool-168-thread-1] INFO  impl.RaftServerImpl (ServerState.java:<init>(104)) - 78604002-ff5a-45ff-a78c-fcc3df81f009@group-00DBA911AA2E: ConfigurationManager, init=-1: [0bc64d23-9ed1-4611-b85c-3104296e559c:172.17.0.2:35701:0, e25c889a-af96-48f7-b924-f05d6aaf86f9:172.17.0.2:38945:0, 78604002-ff5a-45ff-a78c-fcc3df81f009:172.17.0.2:37725:0], old=null, confs=<EMPTY_MAP>
2020-10-10 02:08:30,821 [pool-168-thread-1] INFO  server.RaftServerConfigKeys (ConfUtils.java:logGet(44)) - raft.server.storage.dir = [/github/workspace/mnt/ozone/hadoop-ozone/integration-test/target/test-dir/MiniOzoneClusterImpl-1565a709-8e1e-42be-9f8b-10d30925cb12/datanode-0/data/ratis] (custom)
2020-10-10 02:08:30,822 [pool-168-thread-1] INFO  server.RaftServerConfigKeys (ConfUtils.java:logGet(44)) - raft.server.log.corruption.policy = EXCEPTION (default)
2020-10-10 02:08:30,822 [pool-168-thread-1] INFO  storage.RaftStorageDirectory (RaftStorageDirectory.java:analyzeStorage(261)) - The storage directory /github/workspace/mnt/ozone/hadoop-ozone/integration-test/target/test-dir/MiniOzoneClusterImpl-1565a709-8e1e-42be-9f8b-10d30925cb12/datanode-0/data/ratis/6d4ea811-310d-4287-a256-00dba911aa2e does not exist. Creating ...
2020-10-10 02:08:30,823 [pool-168-thread-1] INFO  storage.RaftStorageDirectory (RaftStorageDirectory.java:tryLock(343)) - Lock on /github/workspace/mnt/ozone/hadoop-ozone/integration-test/target/test-dir/MiniOzoneClusterImpl-1565a709-8e1e-42be-9f8b-10d30925cb12/datanode-0/data/ratis/6d4ea811-310d-4287-a256-00dba911aa2e/in_use.lock acquired by nodename 13280@2df54852b2a6
2020-10-10 02:08:30,824 [pool-168-thread-1] INFO  storage.RaftStorage (RaftStorage.java:format(84)) - Storage directory /github/workspace/mnt/ozone/hadoop-ozone/integration-test/target/test-dir/MiniOzoneClusterImpl-1565a709-8e1e-42be-9f8b-10d30925cb12/datanode-0/data/ratis/6d4ea811-310d-4287-a256-00dba911aa2e has been successfully formatted.
2020-10-10 02:08:30,825 [pool-168-thread-1] INFO  ratis.ContainerStateMachine (ContainerStateMachine.java:loadSnapshot(225)) - group-00DBA911AA2E: The snapshot info is null. Setting the last applied indexto:(t:0, i:~)
2020-10-10 02:08:30,825 [pool-168-thread-1] INFO  server.RaftServerConfigKeys (ConfUtils.java:logGet(44)) - raft.server.notification.no-leader.timeout = 300s (custom)
2020-10-10 02:08:30,826 [pool-168-thread-1] INFO  server.RaftServerConfigKeys (ConfUtils.java:logGet(44)) - raft.server.log.use.memory = false (default)
2020-10-10 02:08:30,826 [pool-168-thread-1] INFO  server.RaftServerConfigKeys (ConfUtils.java:logGet(44)) - raft.server.log.purge.gap = 1000000 (custom)
2020-10-10 02:08:30,826 [pool-168-thread-1] INFO  metrics.RatisMetrics (RatisMetrics.java:lambda$create$0(36)) - Creating Metrics Registry : ratis.log_worker.78604002-ff5a-45ff-a78c-fcc3df81f009@group-00DBA911AA2E
2020-10-10 02:08:30,826 [pool-168-thread-1] INFO  server.RaftServerConfigKeys (ConfUtils.java:logGet(44)) - raft.server.log.appender.buffer.byte-limit = 33554432 (custom)
2020-10-10 02:08:30,826 [pool-168-thread-1] INFO  server.RaftServerConfigKeys (ConfUtils.java:logGet(44)) - raft.server.log.segment.size.max = 1048576 (custom)
2020-10-10 02:08:30,827 [pool-168-thread-1] INFO  server.RaftServerConfigKeys (ConfUtils.java:logGet(44)) - raft.server.log.segment.cache.num.max = 2 (custom)
2020-10-10 02:08:30,827 [pool-168-thread-1] INFO  segmented.SegmentedRaftLogWorker (SegmentedRaftLogWorker.java:<init>(180)) - new 78604002-ff5a-45ff-a78c-fcc3df81f009@group-00DBA911AA2E-SegmentedRaftLogWorker for RaftStorage:Storage Directory /github/workspace/mnt/ozone/hadoop-ozone/integration-test/target/test-dir/MiniOzoneClusterImpl-1565a709-8e1e-42be-9f8b-10d30925cb12/datanode-0/data/ratis/6d4ea811-310d-4287-a256-00dba911aa2e
2020-10-10 02:08:30,827 [pool-168-thread-1] INFO  server.RaftServerConfigKeys (ConfUtils.java:logGet(44)) - raft.server.log.queue.byte-limit = 2147483647 (custom)
2020-10-10 02:08:30,828 [pool-168-thread-1] INFO  server.RaftServerConfigKeys (ConfUtils.java:logGet(44)) - raft.server.log.queue.element-limit = 1024 (custom)
2020-10-10 02:08:30,828 [pool-168-thread-1] INFO  server.RaftServerConfigKeys (ConfUtils.java:logGet(44)) - raft.server.log.segment.size.max = 1048576 (custom)
2020-10-10 02:08:30,828 [pool-168-thread-1] INFO  server.RaftServerConfigKeys (ConfUtils.java:logGet(44)) - raft.server.log.preallocated.size = 16384 (custom)
2020-10-10 02:08:30,828 [pool-168-thread-1] INFO  server.RaftServerConfigKeys (ConfUtils.java:logGet(44)) - raft.server.log.write.buffer.size = 1048576 (custom)
2020-10-10 02:08:30,828 [pool-168-thread-1] INFO  server.RaftServerConfigKeys (ConfUtils.java:logGet(44)) - raft.server.log.force.sync.num = 128 (default)
2020-10-10 02:08:30,828 [pool-168-thread-1] INFO  server.RaftServerConfigKeys (ConfUtils.java:logGet(44)) - raft.server.log.statemachine.data.sync = true (default)
2020-10-10 02:08:30,828 [pool-168-thread-1] INFO  server.RaftServerConfigKeys (ConfUtils.java:logGet(44)) - raft.server.log.statemachine.data.sync.timeout = 10s (default)
2020-10-10 02:08:30,828 [pool-168-thread-1] INFO  server.RaftServerConfigKeys (ConfUtils.java:logGet(44)) - raft.server.log.statemachine.data.sync.timeout.retry = -1 (default)
2020-10-10 02:08:30,831 [pool-168-thread-1] INFO  server.RaftServerConfigKeys (ConfUtils.java:logGet(44)) - raft.server.log.statemachine.data.caching.enabled = true (custom)
2020-10-10 02:08:30,831 [pool-168-thread-1] INFO  segmented.SegmentedRaftLogWorker (SegmentedRaftLogWorker.java:lambda$new$0(129)) - 78604002-ff5a-45ff-a78c-fcc3df81f009@group-00DBA911AA2E-SegmentedRaftLogWorker: flushIndex: setUnconditionally 0 -> -1
2020-10-10 02:08:30,831 [pool-168-thread-1] INFO  segmented.SegmentedRaftLogWorker (SegmentedRaftLogWorker.java:lambda$new$0(129)) - 78604002-ff5a-45ff-a78c-fcc3df81f009@group-00DBA911AA2E-SegmentedRaftLogWorker: safeCacheEvictIndex: setUnconditionally 0 -> -1
2020-10-10 02:08:30,831 [pool-168-thread-1] INFO  server.RaftServerConfigKeys (ConfUtils.java:logGet(44)) - raft.server.snapshot.auto.trigger.enabled = true (custom)
2020-10-10 02:08:30,831 [pool-168-thread-1] INFO  server.RaftServerConfigKeys (ConfUtils.java:logGet(44)) - raft.server.snapshot.auto.trigger.threshold = 10000 (custom)
2020-10-10 02:08:30,831 [pool-168-thread-1] INFO  server.RaftServerConfigKeys (ConfUtils.java:logGet(44)) - raft.server.snapshot.retention.file.num = 5 (custom)
2020-10-10 02:08:30,831 [pool-168-thread-1] INFO  server.RaftServerConfigKeys (ConfUtils.java:logGet(44)) - raft.server.log.purge.upto.snapshot.index = false (default)
2020-10-10 02:08:30,831 [pool-168-thread-1] INFO  server.RaftServerConfigKeys (ConfUtils.java:logGet(44)) - raft.server.retrycache.expirytime = 600000ms (custom)
2020-10-10 02:08:30,832 [pool-168-thread-1] INFO  metrics.RatisMetrics (RatisMetrics.java:lambda$create$0(36)) - Creating Metrics Registry : ratis.leader_election.78604002-ff5a-45ff-a78c-fcc3df81f009@group-00DBA911AA2E
2020-10-10 02:08:30,832 [pool-168-thread-1] INFO  metrics.RatisMetrics (RatisMetrics.java:lambda$create$0(36)) - Creating Metrics Registry : ratis.server.78604002-ff5a-45ff-a78c-fcc3df81f009@group-00DBA911AA2E
2020-10-10 02:08:30,833 [pool-168-thread-1] INFO  impl.RaftServerImpl (RaftServerImpl.java:start(209)) - 78604002-ff5a-45ff-a78c-fcc3df81f009@group-00DBA911AA2E: start as a follower, conf=-1: [0bc64d23-9ed1-4611-b85c-3104296e559c:172.17.0.2:35701:0, e25c889a-af96-48f7-b924-f05d6aaf86f9:172.17.0.2:38945:0, 78604002-ff5a-45ff-a78c-fcc3df81f009:172.17.0.2:37725:0], old=null
2020-10-10 02:08:30,834 [pool-168-thread-1] INFO  impl.RaftServerImpl (RaftServerImpl.java:setRole(198)) - 78604002-ff5a-45ff-a78c-fcc3df81f009@group-00DBA911AA2E: changes role from      null to FOLLOWER at term 0 for startAsFollower
2020-10-10 02:08:30,834 [pool-168-thread-1] INFO  impl.RoleInfo (RoleInfo.java:updateAndGet(143)) - 78604002-ff5a-45ff-a78c-fcc3df81f009: start FollowerState
2020-10-10 02:08:30,834 [pool-168-thread-1] INFO  util.JmxRegister (JmxRegister.java:tryRegister(44)) - Successfully registered JMX Bean with object name Ratis:service=RaftServer,group=group-00DBA911AA2E,id=78604002-ff5a-45ff-a78c-fcc3df81f009
2020-10-10 02:08:30,834 [pool-168-thread-1] INFO  metrics.RatisMetrics (RatisMetrics.java:lambda$create$0(36)) - Creating Metrics Registry : ratis.state_machine.78604002-ff5a-45ff-a78c-fcc3df81f009@group-00DBA911AA2E
2020-10-10 02:08:30,836 [Command processor thread] INFO  metrics.RatisMetrics (RatisMetrics.java:lambda$create$0(36)) - Creating Metrics Registry : ratis.client_message_metrics.client-CA82C3A9C2B5->e25c889a-af96-48f7-b924-f05d6aaf86f9
2020-10-10 02:08:30,846 [grpc-default-executor-3] INFO  metrics.RatisMetrics (RatisMetrics.java:lambda$create$0(36)) - Creating Metrics Registry : ratis.server_message_metrics.e25c889a-af96-48f7-b924-f05d6aaf86f9
2020-10-10 02:08:30,848 [grpc-default-executor-3] INFO  impl.RaftServerProxy (RaftServerProxy.java:addNew(92)) - e25c889a-af96-48f7-b924-f05d6aaf86f9: addNew group-00DBA911AA2E:[0bc64d23-9ed1-4611-b85c-3104296e559c:172.17.0.2:35701:0, e25c889a-af96-48f7-b924-f05d6aaf86f9:172.17.0.2:38945:0, 78604002-ff5a-45ff-a78c-fcc3df81f009:172.17.0.2:37725:0] returns group-00DBA911AA2E:java.util.concurrent.CompletableFuture@3343d8f6[Not completed]
2020-10-10 02:08:30,849 [pool-183-thread-1] INFO  impl.RaftServerImpl (RaftServerImpl.java:<init>(120)) - e25c889a-af96-48f7-b924-f05d6aaf86f9: new RaftServerImpl for group-00DBA911AA2E:[0bc64d23-9ed1-4611-b85c-3104296e559c:172.17.0.2:35701:0, e25c889a-af96-48f7-b924-f05d6aaf86f9:172.17.0.2:38945:0, 78604002-ff5a-45ff-a78c-fcc3df81f009:172.17.0.2:37725:0] with ContainerStateMachine:uninitialized
2020-10-10 02:08:30,849 [pool-183-thread-1] INFO  server.RaftServerConfigKeys (ConfUtils.java:logGet(44)) - raft.server.rpc.timeout.min = 5s (custom)
2020-10-10 02:08:30,850 [pool-183-thread-1] INFO  server.RaftServerConfigKeys (ConfUtils.java:logGet(44)) - raft.server.rpc.timeout.max = 5200ms (custom)
2020-10-10 02:08:30,850 [pool-183-thread-1] INFO  server.RaftServerConfigKeys (ConfUtils.java:logGet(44)) - raft.server.rpcslowness.timeout = 300s (custom)
2020-10-10 02:08:30,850 [pool-183-thread-1] INFO  server.RaftServerConfigKeys (ConfUtils.java:logGet(44)) - raft.server.sleep.deviation.threshold = 300 (default)
2020-10-10 02:08:30,850 [pool-183-thread-1] INFO  server.RaftServerConfigKeys (ConfUtils.java:logGet(44)) - raft.server.log.appender.install.snapshot.enabled = false (custom)
2020-10-10 02:08:30,850 [pool-183-thread-1] INFO  impl.RaftServerImpl (ServerState.java:<init>(104)) - e25c889a-af96-48f7-b924-f05d6aaf86f9@group-00DBA911AA2E: ConfigurationManager, init=-1: [0bc64d23-9ed1-4611-b85c-3104296e559c:172.17.0.2:35701:0, e25c889a-af96-48f7-b924-f05d6aaf86f9:172.17.0.2:38945:0, 78604002-ff5a-45ff-a78c-fcc3df81f009:172.17.0.2:37725:0], old=null, confs=<EMPTY_MAP>
2020-10-10 02:08:30,850 [pool-183-thread-1] INFO  server.RaftServerConfigKeys (ConfUtils.java:logGet(44)) - raft.server.storage.dir = [/github/workspace/mnt/ozone/hadoop-ozone/integration-test/target/test-dir/MiniOzoneClusterImpl-1565a709-8e1e-42be-9f8b-10d30925cb12/datanode-1/data/ratis] (custom)
2020-10-10 02:08:30,850 [pool-183-thread-1] INFO  server.RaftServerConfigKeys (ConfUtils.java:logGet(44)) - raft.server.log.corruption.policy = EXCEPTION (default)
2020-10-10 02:08:30,851 [pool-183-thread-1] INFO  storage.RaftStorageDirectory (RaftStorageDirectory.java:analyzeStorage(261)) - The storage directory /github/workspace/mnt/ozone/hadoop-ozone/integration-test/target/test-dir/MiniOzoneClusterImpl-1565a709-8e1e-42be-9f8b-10d30925cb12/datanode-1/data/ratis/6d4ea811-310d-4287-a256-00dba911aa2e does not exist. Creating ...
2020-10-10 02:08:30,852 [pool-183-thread-1] INFO  storage.RaftStorageDirectory (RaftStorageDirectory.java:tryLock(343)) - Lock on /github/workspace/mnt/ozone/hadoop-ozone/integration-test/target/test-dir/MiniOzoneClusterImpl-1565a709-8e1e-42be-9f8b-10d30925cb12/datanode-1/data/ratis/6d4ea811-310d-4287-a256-00dba911aa2e/in_use.lock acquired by nodename 13280@2df54852b2a6
2020-10-10 02:08:30,853 [pool-183-thread-1] INFO  storage.RaftStorage (RaftStorage.java:format(84)) - Storage directory /github/workspace/mnt/ozone/hadoop-ozone/integration-test/target/test-dir/MiniOzoneClusterImpl-1565a709-8e1e-42be-9f8b-10d30925cb12/datanode-1/data/ratis/6d4ea811-310d-4287-a256-00dba911aa2e has been successfully formatted.
2020-10-10 02:08:30,854 [pool-183-thread-1] INFO  ratis.ContainerStateMachine (ContainerStateMachine.java:loadSnapshot(225)) - group-00DBA911AA2E: The snapshot info is null. Setting the last applied indexto:(t:0, i:~)
2020-10-10 02:08:30,854 [pool-183-thread-1] INFO  server.RaftServerConfigKeys (ConfUtils.java:logGet(44)) - raft.server.notification.no-leader.timeout = 300s (custom)
2020-10-10 02:08:30,855 [pool-183-thread-1] INFO  server.RaftServerConfigKeys (ConfUtils.java:logGet(44)) - raft.server.log.use.memory = false (default)
2020-10-10 02:08:30,855 [pool-183-thread-1] INFO  server.RaftServerConfigKeys (ConfUtils.java:logGet(44)) - raft.server.log.purge.gap = 1000000 (custom)
2020-10-10 02:08:30,855 [pool-183-thread-1] INFO  metrics.RatisMetrics (RatisMetrics.java:lambda$create$0(36)) - Creating Metrics Registry : ratis.log_worker.e25c889a-af96-48f7-b924-f05d6aaf86f9@group-00DBA911AA2E
2020-10-10 02:08:30,856 [pool-183-thread-1] INFO  server.RaftServerConfigKeys (ConfUtils.java:logGet(44)) - raft.server.log.appender.buffer.byte-limit = 33554432 (custom)
2020-10-10 02:08:30,857 [pool-183-thread-1] INFO  server.RaftServerConfigKeys (ConfUtils.java:logGet(44)) - raft.server.log.segment.size.max = 1048576 (custom)
2020-10-10 02:08:30,857 [pool-183-thread-1] INFO  server.RaftServerConfigKeys (ConfUtils.java:logGet(44)) - raft.server.log.segment.cache.num.max = 2 (custom)
2020-10-10 02:08:30,858 [pool-183-thread-1] INFO  segmented.SegmentedRaftLogWorker (SegmentedRaftLogWorker.java:<init>(180)) - new e25c889a-af96-48f7-b924-f05d6aaf86f9@group-00DBA911AA2E-SegmentedRaftLogWorker for RaftStorage:Storage Directory /github/workspace/mnt/ozone/hadoop-ozone/integration-test/target/test-dir/MiniOzoneClusterImpl-1565a709-8e1e-42be-9f8b-10d30925cb12/datanode-1/data/ratis/6d4ea811-310d-4287-a256-00dba911aa2e
2020-10-10 02:08:30,858 [pool-183-thread-1] INFO  server.RaftServerConfigKeys (ConfUtils.java:logGet(44)) - raft.server.log.queue.byte-limit = 2147483647 (custom)
2020-10-10 02:08:30,858 [pool-183-thread-1] INFO  server.RaftServerConfigKeys (ConfUtils.java:logGet(44)) - raft.server.log.queue.element-limit = 1024 (custom)
2020-10-10 02:08:30,858 [pool-183-thread-1] INFO  server.RaftServerConfigKeys (ConfUtils.java:logGet(44)) - raft.server.log.segment.size.max = 1048576 (custom)
2020-10-10 02:08:30,858 [pool-183-thread-1] INFO  server.RaftServerConfigKeys (ConfUtils.java:logGet(44)) - raft.server.log.preallocated.size = 16384 (custom)
2020-10-10 02:08:30,858 [pool-183-thread-1] INFO  server.RaftServerConfigKeys (ConfUtils.java:logGet(44)) - raft.server.log.write.buffer.size = 1048576 (custom)
2020-10-10 02:08:30,858 [pool-183-thread-1] INFO  server.RaftServerConfigKeys (ConfUtils.java:logGet(44)) - raft.server.log.force.sync.num = 128 (default)
2020-10-10 02:08:30,858 [pool-183-thread-1] INFO  server.RaftServerConfigKeys (ConfUtils.java:logGet(44)) - raft.server.log.statemachine.data.sync = true (default)
2020-10-10 02:08:30,858 [pool-183-thread-1] INFO  server.RaftServerConfigKeys (ConfUtils.java:logGet(44)) - raft.server.log.statemachine.data.sync.timeout = 10s (default)
2020-10-10 02:08:30,858 [pool-183-thread-1] INFO  server.RaftServerConfigKeys (ConfUtils.java:logGet(44)) - raft.server.log.statemachine.data.sync.timeout.retry = -1 (default)
2020-10-10 02:08:30,860 [pool-183-thread-1] INFO  server.RaftServerConfigKeys (ConfUtils.java:logGet(44)) - raft.server.log.statemachine.data.caching.enabled = true (custom)
2020-10-10 02:08:30,861 [pool-183-thread-1] INFO  segmented.SegmentedRaftLogWorker (SegmentedRaftLogWorker.java:lambda$new$0(129)) - e25c889a-af96-48f7-b924-f05d6aaf86f9@group-00DBA911AA2E-SegmentedRaftLogWorker: flushIndex: setUnconditionally 0 -> -1
2020-10-10 02:08:30,861 [pool-183-thread-1] INFO  segmented.SegmentedRaftLogWorker (SegmentedRaftLogWorker.java:lambda$new$0(129)) - e25c889a-af96-48f7-b924-f05d6aaf86f9@group-00DBA911AA2E-SegmentedRaftLogWorker: safeCacheEvictIndex: setUnconditionally 0 -> -1
2020-10-10 02:08:30,861 [pool-183-thread-1] INFO  server.RaftServerConfigKeys (ConfUtils.java:logGet(44)) - raft.server.snapshot.auto.trigger.enabled = true (custom)
2020-10-10 02:08:30,861 [pool-183-thread-1] INFO  server.RaftServerConfigKeys (ConfUtils.java:logGet(44)) - raft.server.snapshot.auto.trigger.threshold = 10000 (custom)
2020-10-10 02:08:30,861 [pool-183-thread-1] INFO  server.RaftServerConfigKeys (ConfUtils.java:logGet(44)) - raft.server.snapshot.retention.file.num = 5 (custom)
2020-10-10 02:08:30,861 [pool-183-thread-1] INFO  server.RaftServerConfigKeys (ConfUtils.java:logGet(44)) - raft.server.log.purge.upto.snapshot.index = false (default)
2020-10-10 02:08:30,861 [pool-183-thread-1] INFO  server.RaftServerConfigKeys (ConfUtils.java:logGet(44)) - raft.server.retrycache.expirytime = 600000ms (custom)
2020-10-10 02:08:30,861 [pool-183-thread-1] INFO  metrics.RatisMetrics (RatisMetrics.java:lambda$create$0(36)) - Creating Metrics Registry : ratis.leader_election.e25c889a-af96-48f7-b924-f05d6aaf86f9@group-00DBA911AA2E
2020-10-10 02:08:30,862 [pool-183-thread-1] INFO  metrics.RatisMetrics (RatisMetrics.java:lambda$create$0(36)) - Creating Metrics Registry : ratis.server.e25c889a-af96-48f7-b924-f05d6aaf86f9@group-00DBA911AA2E
2020-10-10 02:08:30,864 [pool-183-thread-1] INFO  impl.RaftServerImpl (RaftServerImpl.java:start(209)) - e25c889a-af96-48f7-b924-f05d6aaf86f9@group-00DBA911AA2E: start as a follower, conf=-1: [0bc64d23-9ed1-4611-b85c-3104296e559c:172.17.0.2:35701:0, e25c889a-af96-48f7-b924-f05d6aaf86f9:172.17.0.2:38945:0, 78604002-ff5a-45ff-a78c-fcc3df81f009:172.17.0.2:37725:0], old=null
2020-10-10 02:08:30,864 [pool-183-thread-1] INFO  impl.RaftServerImpl (RaftServerImpl.java:setRole(198)) - e25c889a-af96-48f7-b924-f05d6aaf86f9@group-00DBA911AA2E: changes role from      null to FOLLOWER at term 0 for startAsFollower
2020-10-10 02:08:30,864 [pool-183-thread-1] INFO  impl.RoleInfo (RoleInfo.java:updateAndGet(143)) - e25c889a-af96-48f7-b924-f05d6aaf86f9: start FollowerState
2020-10-10 02:08:30,865 [pool-183-thread-1] INFO  util.JmxRegister (JmxRegister.java:tryRegister(44)) - Successfully registered JMX Bean with object name Ratis:service=RaftServer,group=group-00DBA911AA2E,id=e25c889a-af96-48f7-b924-f05d6aaf86f9
2020-10-10 02:08:30,865 [pool-183-thread-1] INFO  metrics.RatisMetrics (RatisMetrics.java:lambda$create$0(36)) - Creating Metrics Registry : ratis.state_machine.e25c889a-af96-48f7-b924-f05d6aaf86f9@group-00DBA911AA2E
2020-10-10 02:08:30,874 [Command processor thread] INFO  metrics.RatisMetrics (RatisMetrics.java:lambda$create$0(36)) - Creating Metrics Registry : ratis.client_message_metrics.client-3311AB858FB1->0bc64d23-9ed1-4611-b85c-3104296e559c
2020-10-10 02:08:30,880 [grpc-default-executor-3] INFO  metrics.RatisMetrics (RatisMetrics.java:lambda$create$0(36)) - Creating Metrics Registry : ratis.server_message_metrics.0bc64d23-9ed1-4611-b85c-3104296e559c
2020-10-10 02:08:30,886 [grpc-default-executor-3] INFO  impl.RaftServerProxy (RaftServerProxy.java:addNew(92)) - 0bc64d23-9ed1-4611-b85c-3104296e559c: addNew group-00DBA911AA2E:[0bc64d23-9ed1-4611-b85c-3104296e559c:172.17.0.2:35701:0, e25c889a-af96-48f7-b924-f05d6aaf86f9:172.17.0.2:38945:0, 78604002-ff5a-45ff-a78c-fcc3df81f009:172.17.0.2:37725:0] returns group-00DBA911AA2E:java.util.concurrent.CompletableFuture@45df613a[Not completed]
2020-10-10 02:08:30,887 [pool-198-thread-1] INFO  impl.RaftServerImpl (RaftServerImpl.java:<init>(120)) - 0bc64d23-9ed1-4611-b85c-3104296e559c: new RaftServerImpl for group-00DBA911AA2E:[0bc64d23-9ed1-4611-b85c-3104296e559c:172.17.0.2:35701:0, e25c889a-af96-48f7-b924-f05d6aaf86f9:172.17.0.2:38945:0, 78604002-ff5a-45ff-a78c-fcc3df81f009:172.17.0.2:37725:0] with ContainerStateMachine:uninitialized
2020-10-10 02:08:30,889 [pool-198-thread-1] INFO  server.RaftServerConfigKeys (ConfUtils.java:logGet(44)) - raft.server.rpc.timeout.min = 5s (custom)
2020-10-10 02:08:30,889 [pool-198-thread-1] INFO  server.RaftServerConfigKeys (ConfUtils.java:logGet(44)) - raft.server.rpc.timeout.max = 5200ms (custom)
2020-10-10 02:08:30,889 [pool-198-thread-1] INFO  server.RaftServerConfigKeys (ConfUtils.java:logGet(44)) - raft.server.rpcslowness.timeout = 300s (custom)
2020-10-10 02:08:30,889 [pool-198-thread-1] INFO  server.RaftServerConfigKeys (ConfUtils.java:logGet(44)) - raft.server.sleep.deviation.threshold = 300 (default)
2020-10-10 02:08:30,889 [pool-198-thread-1] INFO  server.RaftServerConfigKeys (ConfUtils.java:logGet(44)) - raft.server.log.appender.install.snapshot.enabled = false (custom)
2020-10-10 02:08:30,889 [pool-198-thread-1] INFO  impl.RaftServerImpl (ServerState.java:<init>(104)) - 0bc64d23-9ed1-4611-b85c-3104296e559c@group-00DBA911AA2E: ConfigurationManager, init=-1: [0bc64d23-9ed1-4611-b85c-3104296e559c:172.17.0.2:35701:0, e25c889a-af96-48f7-b924-f05d6aaf86f9:172.17.0.2:38945:0, 78604002-ff5a-45ff-a78c-fcc3df81f009:172.17.0.2:37725:0], old=null, confs=<EMPTY_MAP>
2020-10-10 02:08:30,890 [pool-198-thread-1] INFO  server.RaftServerConfigKeys (ConfUtils.java:logGet(44)) - raft.server.storage.dir = [/github/workspace/mnt/ozone/hadoop-ozone/integration-test/target/test-dir/MiniOzoneClusterImpl-1565a709-8e1e-42be-9f8b-10d30925cb12/datanode-2/data/ratis] (custom)
2020-10-10 02:08:30,890 [pool-198-thread-1] INFO  server.RaftServerConfigKeys (ConfUtils.java:logGet(44)) - raft.server.log.corruption.policy = EXCEPTION (default)
2020-10-10 02:08:30,890 [pool-198-thread-1] INFO  storage.RaftStorageDirectory (RaftStorageDirectory.java:analyzeStorage(261)) - The storage directory /github/workspace/mnt/ozone/hadoop-ozone/integration-test/target/test-dir/MiniOzoneClusterImpl-1565a709-8e1e-42be-9f8b-10d30925cb12/datanode-2/data/ratis/6d4ea811-310d-4287-a256-00dba911aa2e does not exist. Creating ...
2020-10-10 02:08:30,891 [pool-198-thread-1] INFO  storage.RaftStorageDirectory (RaftStorageDirectory.java:tryLock(343)) - Lock on /github/workspace/mnt/ozone/hadoop-ozone/integration-test/target/test-dir/MiniOzoneClusterImpl-1565a709-8e1e-42be-9f8b-10d30925cb12/datanode-2/data/ratis/6d4ea811-310d-4287-a256-00dba911aa2e/in_use.lock acquired by nodename 13280@2df54852b2a6
2020-10-10 02:08:30,892 [pool-198-thread-1] INFO  storage.RaftStorage (RaftStorage.java:format(84)) - Storage directory /github/workspace/mnt/ozone/hadoop-ozone/integration-test/target/test-dir/MiniOzoneClusterImpl-1565a709-8e1e-42be-9f8b-10d30925cb12/datanode-2/data/ratis/6d4ea811-310d-4287-a256-00dba911aa2e has been successfully formatted.
2020-10-10 02:08:30,893 [pool-198-thread-1] INFO  ratis.ContainerStateMachine (ContainerStateMachine.java:loadSnapshot(225)) - group-00DBA911AA2E: The snapshot info is null. Setting the last applied indexto:(t:0, i:~)
2020-10-10 02:08:30,893 [pool-198-thread-1] INFO  server.RaftServerConfigKeys (ConfUtils.java:logGet(44)) - raft.server.notification.no-leader.timeout = 300s (custom)
2020-10-10 02:08:30,896 [pool-198-thread-1] INFO  server.RaftServerConfigKeys (ConfUtils.java:logGet(44)) - raft.server.log.use.memory = false (default)
2020-10-10 02:08:30,896 [pool-198-thread-1] INFO  server.RaftServerConfigKeys (ConfUtils.java:logGet(44)) - raft.server.log.purge.gap = 1000000 (custom)
2020-10-10 02:08:30,896 [pool-198-thread-1] INFO  metrics.RatisMetrics (RatisMetrics.java:lambda$create$0(36)) - Creating Metrics Registry : ratis.log_worker.0bc64d23-9ed1-4611-b85c-3104296e559c@group-00DBA911AA2E
2020-10-10 02:08:30,896 [pool-198-thread-1] INFO  server.RaftServerConfigKeys (ConfUtils.java:logGet(44)) - raft.server.log.appender.buffer.byte-limit = 33554432 (custom)
2020-10-10 02:08:30,896 [pool-198-thread-1] INFO  server.RaftServerConfigKeys (ConfUtils.java:logGet(44)) - raft.server.log.segment.size.max = 1048576 (custom)
2020-10-10 02:08:30,897 [pool-198-thread-1] INFO  server.RaftServerConfigKeys (ConfUtils.java:logGet(44)) - raft.server.log.segment.cache.num.max = 2 (custom)
2020-10-10 02:08:30,897 [pool-198-thread-1] INFO  segmented.SegmentedRaftLogWorker (SegmentedRaftLogWorker.java:<init>(180)) - new 0bc64d23-9ed1-4611-b85c-3104296e559c@group-00DBA911AA2E-SegmentedRaftLogWorker for RaftStorage:Storage Directory /github/workspace/mnt/ozone/hadoop-ozone/integration-test/target/test-dir/MiniOzoneClusterImpl-1565a709-8e1e-42be-9f8b-10d30925cb12/datanode-2/data/ratis/6d4ea811-310d-4287-a256-00dba911aa2e
2020-10-10 02:08:30,897 [pool-198-thread-1] INFO  server.RaftServerConfigKeys (ConfUtils.java:logGet(44)) - raft.server.log.queue.byte-limit = 2147483647 (custom)
2020-10-10 02:08:30,897 [pool-198-thread-1] INFO  server.RaftServerConfigKeys (ConfUtils.java:logGet(44)) - raft.server.log.queue.element-limit = 1024 (custom)
2020-10-10 02:08:30,897 [pool-198-thread-1] INFO  server.RaftServerConfigKeys (ConfUtils.java:logGet(44)) - raft.server.log.segment.size.max = 1048576 (custom)
2020-10-10 02:08:30,898 [pool-198-thread-1] INFO  server.RaftServerConfigKeys (ConfUtils.java:logGet(44)) - raft.server.log.preallocated.size = 16384 (custom)
2020-10-10 02:08:30,898 [pool-198-thread-1] INFO  server.RaftServerConfigKeys (ConfUtils.java:logGet(44)) - raft.server.log.write.buffer.size = 1048576 (custom)
2020-10-10 02:08:30,898 [pool-198-thread-1] INFO  server.RaftServerConfigKeys (ConfUtils.java:logGet(44)) - raft.server.log.force.sync.num = 128 (default)
2020-10-10 02:08:30,898 [pool-198-thread-1] INFO  server.RaftServerConfigKeys (ConfUtils.java:logGet(44)) - raft.server.log.statemachine.data.sync = true (default)
2020-10-10 02:08:30,898 [pool-198-thread-1] INFO  server.RaftServerConfigKeys (ConfUtils.java:logGet(44)) - raft.server.log.statemachine.data.sync.timeout = 10s (default)
2020-10-10 02:08:30,898 [pool-198-thread-1] INFO  server.RaftServerConfigKeys (ConfUtils.java:logGet(44)) - raft.server.log.statemachine.data.sync.timeout.retry = -1 (default)
2020-10-10 02:08:30,901 [pool-198-thread-1] INFO  server.RaftServerConfigKeys (ConfUtils.java:logGet(44)) - raft.server.log.statemachine.data.caching.enabled = true (custom)
2020-10-10 02:08:30,901 [pool-198-thread-1] INFO  segmented.SegmentedRaftLogWorker (SegmentedRaftLogWorker.java:lambda$new$0(129)) - 0bc64d23-9ed1-4611-b85c-3104296e559c@group-00DBA911AA2E-SegmentedRaftLogWorker: flushIndex: setUnconditionally 0 -> -1
2020-10-10 02:08:30,901 [pool-198-thread-1] INFO  segmented.SegmentedRaftLogWorker (SegmentedRaftLogWorker.java:lambda$new$0(129)) - 0bc64d23-9ed1-4611-b85c-3104296e559c@group-00DBA911AA2E-SegmentedRaftLogWorker: safeCacheEvictIndex: setUnconditionally 0 -> -1
2020-10-10 02:08:30,902 [pool-198-thread-1] INFO  server.RaftServerConfigKeys (ConfUtils.java:logGet(44)) - raft.server.snapshot.auto.trigger.enabled = true (custom)
2020-10-10 02:08:30,902 [pool-198-thread-1] INFO  server.RaftServerConfigKeys (ConfUtils.java:logGet(44)) - raft.server.snapshot.auto.trigger.threshold = 10000 (custom)
2020-10-10 02:08:30,902 [pool-198-thread-1] INFO  server.RaftServerConfigKeys (ConfUtils.java:logGet(44)) - raft.server.snapshot.retention.file.num = 5 (custom)
2020-10-10 02:08:30,902 [pool-198-thread-1] INFO  server.RaftServerConfigKeys (ConfUtils.java:logGet(44)) - raft.server.log.purge.upto.snapshot.index = false (default)
2020-10-10 02:08:30,903 [pool-198-thread-1] INFO  server.RaftServerConfigKeys (ConfUtils.java:logGet(44)) - raft.server.retrycache.expirytime = 600000ms (custom)
2020-10-10 02:08:30,903 [pool-198-thread-1] INFO  metrics.RatisMetrics (RatisMetrics.java:lambda$create$0(36)) - Creating Metrics Registry : ratis.leader_election.0bc64d23-9ed1-4611-b85c-3104296e559c@group-00DBA911AA2E
2020-10-10 02:08:30,903 [pool-198-thread-1] INFO  metrics.RatisMetrics (RatisMetrics.java:lambda$create$0(36)) - Creating Metrics Registry : ratis.server.0bc64d23-9ed1-4611-b85c-3104296e559c@group-00DBA911AA2E
2020-10-10 02:08:30,905 [pool-198-thread-1] INFO  impl.RaftServerImpl (RaftServerImpl.java:start(209)) - 0bc64d23-9ed1-4611-b85c-3104296e559c@group-00DBA911AA2E: start as a follower, conf=-1: [0bc64d23-9ed1-4611-b85c-3104296e559c:172.17.0.2:35701:0, e25c889a-af96-48f7-b924-f05d6aaf86f9:172.17.0.2:38945:0, 78604002-ff5a-45ff-a78c-fcc3df81f009:172.17.0.2:37725:0], old=null
2020-10-10 02:08:30,905 [pool-198-thread-1] INFO  impl.RaftServerImpl (RaftServerImpl.java:setRole(198)) - 0bc64d23-9ed1-4611-b85c-3104296e559c@group-00DBA911AA2E: changes role from      null to FOLLOWER at term 0 for startAsFollower
2020-10-10 02:08:30,905 [pool-198-thread-1] INFO  impl.RoleInfo (RoleInfo.java:updateAndGet(143)) - 0bc64d23-9ed1-4611-b85c-3104296e559c: start FollowerState
2020-10-10 02:08:30,914 [pool-198-thread-1] INFO  util.JmxRegister (JmxRegister.java:tryRegister(44)) - Successfully registered JMX Bean with object name Ratis:service=RaftServer,group=group-00DBA911AA2E,id=0bc64d23-9ed1-4611-b85c-3104296e559c
2020-10-10 02:08:30,915 [pool-198-thread-1] INFO  metrics.RatisMetrics (RatisMetrics.java:lambda$create$0(36)) - Creating Metrics Registry : ratis.state_machine.0bc64d23-9ed1-4611-b85c-3104296e559c@group-00DBA911AA2E
2020-10-10 02:08:30,929 [Command processor thread] INFO  commandhandler.CreatePipelineCommandHandler (CreatePipelineCommandHandler.java:handle(110)) - Created Pipeline RATIS THREE #id: "6d4ea811-310d-4287-a256-00dba911aa2e"
uuid128 {
  mostSigBits: 7876417590108439175
  leastSigBits: -6749206048133764562
}
.
2020-10-10 02:08:30,963 [Command processor thread] INFO  impl.RaftServerProxy (RaftServerProxy.java:addNew(92)) - e25c889a-af96-48f7-b924-f05d6aaf86f9: addNew group-2AB9CD232C2D:[e25c889a-af96-48f7-b924-f05d6aaf86f9:172.17.0.2:38945:0] returns group-2AB9CD232C2D:java.util.concurrent.CompletableFuture@6391da54[Not completed]
2020-10-10 02:08:30,964 [pool-183-thread-1] INFO  impl.RaftServerImpl (RaftServerImpl.java:<init>(120)) - e25c889a-af96-48f7-b924-f05d6aaf86f9: new RaftServerImpl for group-2AB9CD232C2D:[e25c889a-af96-48f7-b924-f05d6aaf86f9:172.17.0.2:38945:0] with ContainerStateMachine:uninitialized
2020-10-10 02:08:30,964 [pool-183-thread-1] INFO  server.RaftServerConfigKeys (ConfUtils.java:logGet(44)) - raft.server.rpc.timeout.min = 5s (custom)
2020-10-10 02:08:30,964 [pool-183-thread-1] INFO  server.RaftServerConfigKeys (ConfUtils.java:logGet(44)) - raft.server.rpc.timeout.max = 5200ms (custom)
2020-10-10 02:08:30,964 [pool-183-thread-1] INFO  server.RaftServerConfigKeys (ConfUtils.java:logGet(44)) - raft.server.rpcslowness.timeout = 300s (custom)
2020-10-10 02:08:30,964 [pool-183-thread-1] INFO  server.RaftServerConfigKeys (ConfUtils.java:logGet(44)) - raft.server.sleep.deviation.threshold = 300 (default)
2020-10-10 02:08:30,964 [pool-183-thread-1] INFO  server.RaftServerConfigKeys (ConfUtils.java:logGet(44)) - raft.server.log.appender.install.snapshot.enabled = false (custom)
2020-10-10 02:08:30,964 [pool-183-thread-1] INFO  impl.RaftServerImpl (ServerState.java:<init>(104)) - e25c889a-af96-48f7-b924-f05d6aaf86f9@group-2AB9CD232C2D: ConfigurationManager, init=-1: [e25c889a-af96-48f7-b924-f05d6aaf86f9:172.17.0.2:38945:0], old=null, confs=<EMPTY_MAP>
2020-10-10 02:08:30,965 [pool-183-thread-1] INFO  server.RaftServerConfigKeys (ConfUtils.java:logGet(44)) - raft.server.storage.dir = [/github/workspace/mnt/ozone/hadoop-ozone/integration-test/target/test-dir/MiniOzoneClusterImpl-1565a709-8e1e-42be-9f8b-10d30925cb12/datanode-1/data/ratis] (custom)
2020-10-10 02:08:30,965 [pool-183-thread-1] INFO  server.RaftServerConfigKeys (ConfUtils.java:logGet(44)) - raft.server.log.corruption.policy = EXCEPTION (default)
2020-10-10 02:08:30,965 [pool-183-thread-1] INFO  storage.RaftStorageDirectory (RaftStorageDirectory.java:analyzeStorage(261)) - The storage directory /github/workspace/mnt/ozone/hadoop-ozone/integration-test/target/test-dir/MiniOzoneClusterImpl-1565a709-8e1e-42be-9f8b-10d30925cb12/datanode-1/data/ratis/2b2f12c8-8792-4932-bb68-2ab9cd232c2d does not exist. Creating ...
2020-10-10 02:08:30,966 [pool-183-thread-1] INFO  storage.RaftStorageDirectory (RaftStorageDirectory.java:tryLock(343)) - Lock on /github/workspace/mnt/ozone/hadoop-ozone/integration-test/target/test-dir/MiniOzoneClusterImpl-1565a709-8e1e-42be-9f8b-10d30925cb12/datanode-1/data/ratis/2b2f12c8-8792-4932-bb68-2ab9cd232c2d/in_use.lock acquired by nodename 13280@2df54852b2a6
2020-10-10 02:08:30,967 [pool-183-thread-1] INFO  storage.RaftStorage (RaftStorage.java:format(84)) - Storage directory /github/workspace/mnt/ozone/hadoop-ozone/integration-test/target/test-dir/MiniOzoneClusterImpl-1565a709-8e1e-42be-9f8b-10d30925cb12/datanode-1/data/ratis/2b2f12c8-8792-4932-bb68-2ab9cd232c2d has been successfully formatted.
2020-10-10 02:08:30,968 [pool-183-thread-1] INFO  ratis.ContainerStateMachine (ContainerStateMachine.java:loadSnapshot(225)) - group-2AB9CD232C2D: The snapshot info is null. Setting the last applied indexto:(t:0, i:~)
2020-10-10 02:08:30,968 [pool-183-thread-1] INFO  server.RaftServerConfigKeys (ConfUtils.java:logGet(44)) - raft.server.notification.no-leader.timeout = 300s (custom)
2020-10-10 02:08:30,968 [pool-183-thread-1] INFO  server.RaftServerConfigKeys (ConfUtils.java:logGet(44)) - raft.server.log.use.memory = false (default)
2020-10-10 02:08:30,968 [pool-183-thread-1] INFO  server.RaftServerConfigKeys (ConfUtils.java:logGet(44)) - raft.server.log.purge.gap = 1000000 (custom)
2020-10-10 02:08:30,968 [pool-183-thread-1] INFO  metrics.RatisMetrics (RatisMetrics.java:lambda$create$0(36)) - Creating Metrics Registry : ratis.log_worker.e25c889a-af96-48f7-b924-f05d6aaf86f9@group-2AB9CD232C2D
2020-10-10 02:08:30,969 [EventQueue-PipelineReportForPipelineReportHandler] INFO  pipeline.PipelineStateManager (PipelineStateManager.java:openPipeline(131)) - Pipeline Pipeline[ Id: 2b2f12c8-8792-4932-bb68-2ab9cd232c2d, Nodes: e25c889a-af96-48f7-b924-f05d6aaf86f9{ip: 172.17.0.2, host: 2df54852b2a6, networkLocation: /default-rack, certSerialId: null}, Type:RATIS, Factor:ONE, State:ALLOCATED, leaderId:e25c889a-af96-48f7-b924-f05d6aaf86f9, CreationTimestamp2020-10-10T02:08:27.965Z] moved to OPEN state
2020-10-10 02:08:30,969 [EventQueue-OpenPipelineForOneReplicaPipelineSafeModeRule] INFO  safemode.SCMSafeModeManager (SCMSafeModeManager.java:validateSafeModeExitRules(214)) - AtleastOneDatanodeReportedRule rule is successfully validated
2020-10-10 02:08:30,969 [EventQueue-OpenPipelineForHealthyPipelineSafeModeRule] INFO  safemode.SCMSafeModeManager (HealthyPipelineSafeModeRule.java:process(129)) - SCM in safe mode. Healthy pipelines reported count is 0, required healthy pipeline reported count is 1
2020-10-10 02:08:30,969 [pool-183-thread-1] INFO  server.RaftServerConfigKeys (ConfUtils.java:logGet(44)) - raft.server.log.appender.buffer.byte-limit = 33554432 (custom)
2020-10-10 02:08:30,970 [pool-183-thread-1] INFO  server.RaftServerConfigKeys (ConfUtils.java:logGet(44)) - raft.server.log.segment.size.max = 1048576 (custom)
2020-10-10 02:08:30,970 [pool-183-thread-1] INFO  server.RaftServerConfigKeys (ConfUtils.java:logGet(44)) - raft.server.log.segment.cache.num.max = 2 (custom)
2020-10-10 02:08:30,970 [pool-183-thread-1] INFO  segmented.SegmentedRaftLogWorker (SegmentedRaftLogWorker.java:<init>(180)) - new e25c889a-af96-48f7-b924-f05d6aaf86f9@group-2AB9CD232C2D-SegmentedRaftLogWorker for RaftStorage:Storage Directory /github/workspace/mnt/ozone/hadoop-ozone/integration-test/target/test-dir/MiniOzoneClusterImpl-1565a709-8e1e-42be-9f8b-10d30925cb12/datanode-1/data/ratis/2b2f12c8-8792-4932-bb68-2ab9cd232c2d
2020-10-10 02:08:30,970 [pool-183-thread-1] INFO  server.RaftServerConfigKeys (ConfUtils.java:logGet(44)) - raft.server.log.queue.byte-limit = 2147483647 (custom)
2020-10-10 02:08:30,971 [pool-183-thread-1] INFO  server.RaftServerConfigKeys (ConfUtils.java:logGet(44)) - raft.server.log.queue.element-limit = 1024 (custom)
2020-10-10 02:08:30,971 [pool-183-thread-1] INFO  server.RaftServerConfigKeys (ConfUtils.java:logGet(44)) - raft.server.log.segment.size.max = 1048576 (custom)
2020-10-10 02:08:30,971 [pool-183-thread-1] INFO  server.RaftServerConfigKeys (ConfUtils.java:logGet(44)) - raft.server.log.preallocated.size = 16384 (custom)
2020-10-10 02:08:30,971 [pool-183-thread-1] INFO  server.RaftServerConfigKeys (ConfUtils.java:logGet(44)) - raft.server.log.write.buffer.size = 1048576 (custom)
2020-10-10 02:08:30,971 [pool-183-thread-1] INFO  server.RaftServerConfigKeys (ConfUtils.java:logGet(44)) - raft.server.log.force.sync.num = 128 (default)
2020-10-10 02:08:30,971 [pool-183-thread-1] INFO  server.RaftServerConfigKeys (ConfUtils.java:logGet(44)) - raft.server.log.statemachine.data.sync = true (default)
2020-10-10 02:08:30,971 [pool-183-thread-1] INFO  server.RaftServerConfigKeys (ConfUtils.java:logGet(44)) - raft.server.log.statemachine.data.sync.timeout = 10s (default)
2020-10-10 02:08:30,971 [pool-183-thread-1] INFO  server.RaftServerConfigKeys (ConfUtils.java:logGet(44)) - raft.server.log.statemachine.data.sync.timeout.retry = -1 (default)
2020-10-10 02:08:30,974 [pool-183-thread-1] INFO  server.RaftServerConfigKeys (ConfUtils.java:logGet(44)) - raft.server.log.statemachine.data.caching.enabled = true (custom)
2020-10-10 02:08:30,974 [pool-183-thread-1] INFO  segmented.SegmentedRaftLogWorker (SegmentedRaftLogWorker.java:lambda$new$0(129)) - e25c889a-af96-48f7-b924-f05d6aaf86f9@group-2AB9CD232C2D-SegmentedRaftLogWorker: flushIndex: setUnconditionally 0 -> -1
2020-10-10 02:08:30,974 [pool-183-thread-1] INFO  segmented.SegmentedRaftLogWorker (SegmentedRaftLogWorker.java:lambda$new$0(129)) - e25c889a-af96-48f7-b924-f05d6aaf86f9@group-2AB9CD232C2D-SegmentedRaftLogWorker: safeCacheEvictIndex: setUnconditionally 0 -> -1
2020-10-10 02:08:30,974 [pool-183-thread-1] INFO  server.RaftServerConfigKeys (ConfUtils.java:logGet(44)) - raft.server.snapshot.auto.trigger.enabled = true (custom)
2020-10-10 02:08:30,974 [pool-183-thread-1] INFO  server.RaftServerConfigKeys (ConfUtils.java:logGet(44)) - raft.server.snapshot.auto.trigger.threshold = 10000 (custom)
2020-10-10 02:08:30,974 [pool-183-thread-1] INFO  server.RaftServerConfigKeys (ConfUtils.java:logGet(44)) - raft.server.snapshot.retention.file.num = 5 (custom)
2020-10-10 02:08:30,974 [pool-183-thread-1] INFO  server.RaftServerConfigKeys (ConfUtils.java:logGet(44)) - raft.server.log.purge.upto.snapshot.index = false (default)
2020-10-10 02:08:30,974 [pool-183-thread-1] INFO  server.RaftServerConfigKeys (ConfUtils.java:logGet(44)) - raft.server.retrycache.expirytime = 600000ms (custom)
2020-10-10 02:08:30,975 [pool-183-thread-1] INFO  metrics.RatisMetrics (RatisMetrics.java:lambda$create$0(36)) - Creating Metrics Registry : ratis.leader_election.e25c889a-af96-48f7-b924-f05d6aaf86f9@group-2AB9CD232C2D
2020-10-10 02:08:30,975 [pool-183-thread-1] INFO  metrics.RatisMetrics (RatisMetrics.java:lambda$create$0(36)) - Creating Metrics Registry : ratis.server.e25c889a-af96-48f7-b924-f05d6aaf86f9@group-2AB9CD232C2D
2020-10-10 02:08:30,977 [pool-183-thread-1] INFO  impl.RaftServerImpl (RaftServerImpl.java:start(209)) - e25c889a-af96-48f7-b924-f05d6aaf86f9@group-2AB9CD232C2D: start as a follower, conf=-1: [e25c889a-af96-48f7-b924-f05d6aaf86f9:172.17.0.2:38945:0], old=null
2020-10-10 02:08:30,977 [pool-183-thread-1] INFO  impl.RaftServerImpl (RaftServerImpl.java:setRole(198)) - e25c889a-af96-48f7-b924-f05d6aaf86f9@group-2AB9CD232C2D: changes role from      null to FOLLOWER at term 0 for startAsFollower
2020-10-10 02:08:30,977 [pool-183-thread-1] INFO  impl.RoleInfo (RoleInfo.java:updateAndGet(143)) - e25c889a-af96-48f7-b924-f05d6aaf86f9: start FollowerState
2020-10-10 02:08:30,977 [pool-183-thread-1] INFO  util.JmxRegister (JmxRegister.java:tryRegister(44)) - Successfully registered JMX Bean with object name Ratis:service=RaftServer,group=group-2AB9CD232C2D,id=e25c889a-af96-48f7-b924-f05d6aaf86f9
2020-10-10 02:08:30,977 [pool-183-thread-1] INFO  metrics.RatisMetrics (RatisMetrics.java:lambda$create$0(36)) - Creating Metrics Registry : ratis.state_machine.e25c889a-af96-48f7-b924-f05d6aaf86f9@group-2AB9CD232C2D
2020-10-10 02:08:30,986 [Command processor thread] INFO  commandhandler.CreatePipelineCommandHandler (CreatePipelineCommandHandler.java:handle(110)) - Created Pipeline RATIS ONE #id: "2b2f12c8-8792-4932-bb68-2ab9cd232c2d"
uuid128 {
  mostSigBits: 3111726520013572402
  leastSigBits: -4942653613540168659
}
.
2020-10-10 02:08:31,124 [Listener at 127.0.0.1/44617] INFO  ozone.MiniOzoneClusterImpl (MiniOzoneClusterImpl.java:lambda$waitForClusterToBeReady$0(177)) - Nodes are ready. Got 7 of 7 DN Heartbeats.
2020-10-10 02:08:31,124 [Listener at 127.0.0.1/44617] INFO  ozone.MiniOzoneClusterImpl (MiniOzoneClusterImpl.java:lambda$waitForClusterToBeReady$0(180)) - Waiting for cluster to exit safe mode
2020-10-10 02:08:31,183 [Command processor thread] INFO  impl.RaftServerProxy (RaftServerProxy.java:addNew(92)) - 0bc64d23-9ed1-4611-b85c-3104296e559c: addNew group-8D9345F9FED0:[0bc64d23-9ed1-4611-b85c-3104296e559c:172.17.0.2:35701:0] returns group-8D9345F9FED0:java.util.concurrent.CompletableFuture@ec76a89[Not completed]
2020-10-10 02:08:31,184 [pool-198-thread-1] INFO  impl.RaftServerImpl (RaftServerImpl.java:<init>(120)) - 0bc64d23-9ed1-4611-b85c-3104296e559c: new RaftServerImpl for group-8D9345F9FED0:[0bc64d23-9ed1-4611-b85c-3104296e559c:172.17.0.2:35701:0] with ContainerStateMachine:uninitialized
2020-10-10 02:08:31,184 [pool-198-thread-1] INFO  server.RaftServerConfigKeys (ConfUtils.java:logGet(44)) - raft.server.rpc.timeout.min = 5s (custom)
2020-10-10 02:08:31,184 [pool-198-thread-1] INFO  server.RaftServerConfigKeys (ConfUtils.java:logGet(44)) - raft.server.rpc.timeout.max = 5200ms (custom)
2020-10-10 02:08:31,184 [pool-198-thread-1] INFO  server.RaftServerConfigKeys (ConfUtils.java:logGet(44)) - raft.server.rpcslowness.timeout = 300s (custom)
2020-10-10 02:08:31,184 [pool-198-thread-1] INFO  server.RaftServerConfigKeys (ConfUtils.java:logGet(44)) - raft.server.sleep.deviation.threshold = 300 (default)
2020-10-10 02:08:31,184 [pool-198-thread-1] INFO  server.RaftServerConfigKeys (ConfUtils.java:logGet(44)) - raft.server.log.appender.install.snapshot.enabled = false (custom)
2020-10-10 02:08:31,184 [pool-198-thread-1] INFO  impl.RaftServerImpl (ServerState.java:<init>(104)) - 0bc64d23-9ed1-4611-b85c-3104296e559c@group-8D9345F9FED0: ConfigurationManager, init=-1: [0bc64d23-9ed1-4611-b85c-3104296e559c:172.17.0.2:35701:0], old=null, confs=<EMPTY_MAP>
2020-10-10 02:08:31,184 [pool-198-thread-1] INFO  server.RaftServerConfigKeys (ConfUtils.java:logGet(44)) - raft.server.storage.dir = [/github/workspace/mnt/ozone/hadoop-ozone/integration-test/target/test-dir/MiniOzoneClusterImpl-1565a709-8e1e-42be-9f8b-10d30925cb12/datanode-2/data/ratis] (custom)
2020-10-10 02:08:31,185 [pool-198-thread-1] INFO  server.RaftServerConfigKeys (ConfUtils.java:logGet(44)) - raft.server.log.corruption.policy = EXCEPTION (default)
2020-10-10 02:08:31,185 [pool-198-thread-1] INFO  storage.RaftStorageDirectory (RaftStorageDirectory.java:analyzeStorage(261)) - The storage directory /github/workspace/mnt/ozone/hadoop-ozone/integration-test/target/test-dir/MiniOzoneClusterImpl-1565a709-8e1e-42be-9f8b-10d30925cb12/datanode-2/data/ratis/bef3afd4-56f9-4c17-8f8d-8d9345f9fed0 does not exist. Creating ...
2020-10-10 02:08:31,187 [pool-198-thread-1] INFO  storage.RaftStorageDirectory (RaftStorageDirectory.java:tryLock(343)) - Lock on /github/workspace/mnt/ozone/hadoop-ozone/integration-test/target/test-dir/MiniOzoneClusterImpl-1565a709-8e1e-42be-9f8b-10d30925cb12/datanode-2/data/ratis/bef3afd4-56f9-4c17-8f8d-8d9345f9fed0/in_use.lock acquired by nodename 13280@2df54852b2a6
2020-10-10 02:08:31,188 [pool-198-thread-1] INFO  storage.RaftStorage (RaftStorage.java:format(84)) - Storage directory /github/workspace/mnt/ozone/hadoop-ozone/integration-test/target/test-dir/MiniOzoneClusterImpl-1565a709-8e1e-42be-9f8b-10d30925cb12/datanode-2/data/ratis/bef3afd4-56f9-4c17-8f8d-8d9345f9fed0 has been successfully formatted.
2020-10-10 02:08:31,189 [pool-198-thread-1] INFO  ratis.ContainerStateMachine (ContainerStateMachine.java:loadSnapshot(225)) - group-8D9345F9FED0: The snapshot info is null. Setting the last applied indexto:(t:0, i:~)
2020-10-10 02:08:31,189 [pool-198-thread-1] INFO  server.RaftServerConfigKeys (ConfUtils.java:logGet(44)) - raft.server.notification.no-leader.timeout = 300s (custom)
2020-10-10 02:08:31,190 [pool-198-thread-1] INFO  server.RaftServerConfigKeys (ConfUtils.java:logGet(44)) - raft.server.log.use.memory = false (default)
2020-10-10 02:08:31,190 [EventQueue-PipelineReportForPipelineReportHandler] INFO  pipeline.PipelineStateManager (PipelineStateManager.java:openPipeline(131)) - Pipeline Pipeline[ Id: bef3afd4-56f9-4c17-8f8d-8d9345f9fed0, Nodes: 0bc64d23-9ed1-4611-b85c-3104296e559c{ip: 172.17.0.2, host: 2df54852b2a6, networkLocation: /default-rack, certSerialId: null}, Type:RATIS, Factor:ONE, State:ALLOCATED, leaderId:0bc64d23-9ed1-4611-b85c-3104296e559c, CreationTimestamp2020-10-10T02:08:28.185Z] moved to OPEN state
2020-10-10 02:08:31,190 [EventQueue-OpenPipelineForOneReplicaPipelineSafeModeRule] INFO  safemode.SCMSafeModeManager (SCMSafeModeManager.java:validateSafeModeExitRules(214)) - AtleastOneDatanodeReportedRule rule is successfully validated
2020-10-10 02:08:31,190 [pool-198-thread-1] INFO  server.RaftServerConfigKeys (ConfUtils.java:logGet(44)) - raft.server.log.purge.gap = 1000000 (custom)
2020-10-10 02:08:31,190 [EventQueue-OpenPipelineForHealthyPipelineSafeModeRule] INFO  safemode.SCMSafeModeManager (HealthyPipelineSafeModeRule.java:process(129)) - SCM in safe mode. Healthy pipelines reported count is 0, required healthy pipeline reported count is 1
2020-10-10 02:08:31,191 [pool-198-thread-1] INFO  metrics.RatisMetrics (RatisMetrics.java:lambda$create$0(36)) - Creating Metrics Registry : ratis.log_worker.0bc64d23-9ed1-4611-b85c-3104296e559c@group-8D9345F9FED0
2020-10-10 02:08:31,191 [pool-198-thread-1] INFO  server.RaftServerConfigKeys (ConfUtils.java:logGet(44)) - raft.server.log.appender.buffer.byte-limit = 33554432 (custom)
2020-10-10 02:08:31,191 [pool-198-thread-1] INFO  server.RaftServerConfigKeys (ConfUtils.java:logGet(44)) - raft.server.log.segment.size.max = 1048576 (custom)
2020-10-10 02:08:31,192 [pool-198-thread-1] INFO  server.RaftServerConfigKeys (ConfUtils.java:logGet(44)) - raft.server.log.segment.cache.num.max = 2 (custom)
2020-10-10 02:08:31,192 [pool-198-thread-1] INFO  segmented.SegmentedRaftLogWorker (SegmentedRaftLogWorker.java:<init>(180)) - new 0bc64d23-9ed1-4611-b85c-3104296e559c@group-8D9345F9FED0-SegmentedRaftLogWorker for RaftStorage:Storage Directory /github/workspace/mnt/ozone/hadoop-ozone/integration-test/target/test-dir/MiniOzoneClusterImpl-1565a709-8e1e-42be-9f8b-10d30925cb12/datanode-2/data/ratis/bef3afd4-56f9-4c17-8f8d-8d9345f9fed0
2020-10-10 02:08:31,192 [pool-198-thread-1] INFO  server.RaftServerConfigKeys (ConfUtils.java:logGet(44)) - raft.server.log.queue.byte-limit = 2147483647 (custom)
2020-10-10 02:08:31,192 [pool-198-thread-1] INFO  server.RaftServerConfigKeys (ConfUtils.java:logGet(44)) - raft.server.log.queue.element-limit = 1024 (custom)
2020-10-10 02:08:31,192 [pool-198-thread-1] INFO  server.RaftServerConfigKeys (ConfUtils.java:logGet(44)) - raft.server.log.segment.size.max = 1048576 (custom)
2020-10-10 02:08:31,192 [pool-198-thread-1] INFO  server.RaftServerConfigKeys (ConfUtils.java:logGet(44)) - raft.server.log.preallocated.size = 16384 (custom)
2020-10-10 02:08:31,192 [pool-198-thread-1] INFO  server.RaftServerConfigKeys (ConfUtils.java:logGet(44)) - raft.server.log.write.buffer.size = 1048576 (custom)
2020-10-10 02:08:31,192 [pool-198-thread-1] INFO  server.RaftServerConfigKeys (ConfUtils.java:logGet(44)) - raft.server.log.force.sync.num = 128 (default)
2020-10-10 02:08:31,192 [pool-198-thread-1] INFO  server.RaftServerConfigKeys (ConfUtils.java:logGet(44)) - raft.server.log.statemachine.data.sync = true (default)
2020-10-10 02:08:31,192 [pool-198-thread-1] INFO  server.RaftServerConfigKeys (ConfUtils.java:logGet(44)) - raft.server.log.statemachine.data.sync.timeout = 10s (default)
2020-10-10 02:08:31,193 [pool-198-thread-1] INFO  server.RaftServerConfigKeys (ConfUtils.java:logGet(44)) - raft.server.log.statemachine.data.sync.timeout.retry = -1 (default)
2020-10-10 02:08:31,195 [pool-198-thread-1] INFO  server.RaftServerConfigKeys (ConfUtils.java:logGet(44)) - raft.server.log.statemachine.data.caching.enabled = true (custom)
2020-10-10 02:08:31,195 [pool-198-thread-1] INFO  segmented.SegmentedRaftLogWorker (SegmentedRaftLogWorker.java:lambda$new$0(129)) - 0bc64d23-9ed1-4611-b85c-3104296e559c@group-8D9345F9FED0-SegmentedRaftLogWorker: flushIndex: setUnconditionally 0 -> -1
2020-10-10 02:08:31,195 [pool-198-thread-1] INFO  segmented.SegmentedRaftLogWorker (SegmentedRaftLogWorker.java:lambda$new$0(129)) - 0bc64d23-9ed1-4611-b85c-3104296e559c@group-8D9345F9FED0-SegmentedRaftLogWorker: safeCacheEvictIndex: setUnconditionally 0 -> -1
2020-10-10 02:08:31,199 [pool-198-thread-1] INFO  server.RaftServerConfigKeys (ConfUtils.java:logGet(44)) - raft.server.snapshot.auto.trigger.enabled = true (custom)
2020-10-10 02:08:31,199 [pool-198-thread-1] INFO  server.RaftServerConfigKeys (ConfUtils.java:logGet(44)) - raft.server.snapshot.auto.trigger.threshold = 10000 (custom)
2020-10-10 02:08:31,199 [pool-198-thread-1] INFO  server.RaftServerConfigKeys (ConfUtils.java:logGet(44)) - raft.server.snapshot.retention.file.num = 5 (custom)
2020-10-10 02:08:31,199 [pool-198-thread-1] INFO  server.RaftServerConfigKeys (ConfUtils.java:logGet(44)) - raft.server.log.purge.upto.snapshot.index = false (default)
2020-10-10 02:08:31,200 [pool-198-thread-1] INFO  server.RaftServerConfigKeys (ConfUtils.java:logGet(44)) - raft.server.retrycache.expirytime = 600000ms (custom)
2020-10-10 02:08:31,200 [pool-198-thread-1] INFO  metrics.RatisMetrics (RatisMetrics.java:lambda$create$0(36)) - Creating Metrics Registry : ratis.leader_election.0bc64d23-9ed1-4611-b85c-3104296e559c@group-8D9345F9FED0
2020-10-10 02:08:31,200 [pool-198-thread-1] INFO  metrics.RatisMetrics (RatisMetrics.java:lambda$create$0(36)) - Creating Metrics Registry : ratis.server.0bc64d23-9ed1-4611-b85c-3104296e559c@group-8D9345F9FED0
2020-10-10 02:08:31,201 [pool-198-thread-1] INFO  impl.RaftServerImpl (RaftServerImpl.java:start(209)) - 0bc64d23-9ed1-4611-b85c-3104296e559c@group-8D9345F9FED0: start as a follower, conf=-1: [0bc64d23-9ed1-4611-b85c-3104296e559c:172.17.0.2:35701:0], old=null
2020-10-10 02:08:31,201 [pool-198-thread-1] INFO  impl.RaftServerImpl (RaftServerImpl.java:setRole(198)) - 0bc64d23-9ed1-4611-b85c-3104296e559c@group-8D9345F9FED0: changes role from      null to FOLLOWER at term 0 for startAsFollower
2020-10-10 02:08:31,202 [pool-198-thread-1] INFO  impl.RoleInfo (RoleInfo.java:updateAndGet(143)) - 0bc64d23-9ed1-4611-b85c-3104296e559c: start FollowerState
2020-10-10 02:08:31,206 [pool-198-thread-1] INFO  util.JmxRegister (JmxRegister.java:tryRegister(44)) - Successfully registered JMX Bean with object name Ratis:service=RaftServer,group=group-8D9345F9FED0,id=0bc64d23-9ed1-4611-b85c-3104296e559c
2020-10-10 02:08:31,206 [pool-198-thread-1] INFO  metrics.RatisMetrics (RatisMetrics.java:lambda$create$0(36)) - Creating Metrics Registry : ratis.state_machine.0bc64d23-9ed1-4611-b85c-3104296e559c@group-8D9345F9FED0
2020-10-10 02:08:31,207 [Command processor thread] INFO  commandhandler.CreatePipelineCommandHandler (CreatePipelineCommandHandler.java:handle(110)) - Created Pipeline RATIS ONE #id: "bef3afd4-56f9-4c17-8f8d-8d9345f9fed0"
uuid128 {
  mostSigBits: -4687209460635448297
  leastSigBits: -8102664490895933744
}
.
2020-10-10 02:08:31,437 [Command processor thread] INFO  impl.RaftServerProxy (RaftServerProxy.java:addNew(92)) - 99031ab3-9213-4203-bcc6-2184a2486c2a: addNew group-BA0AC1DC4139:[99031ab3-9213-4203-bcc6-2184a2486c2a:172.17.0.2:38065:0] returns group-BA0AC1DC4139:java.util.concurrent.CompletableFuture@13d5eb3d[Not completed]
2020-10-10 02:08:31,438 [pool-213-thread-1] INFO  impl.RaftServerImpl (RaftServerImpl.java:<init>(120)) - 99031ab3-9213-4203-bcc6-2184a2486c2a: new RaftServerImpl for group-BA0AC1DC4139:[99031ab3-9213-4203-bcc6-2184a2486c2a:172.17.0.2:38065:0] with ContainerStateMachine:uninitialized
2020-10-10 02:08:31,439 [pool-213-thread-1] INFO  server.RaftServerConfigKeys (ConfUtils.java:logGet(44)) - raft.server.rpc.timeout.min = 5s (custom)
2020-10-10 02:08:31,439 [pool-213-thread-1] INFO  server.RaftServerConfigKeys (ConfUtils.java:logGet(44)) - raft.server.rpc.timeout.max = 5200ms (custom)
2020-10-10 02:08:31,439 [pool-213-thread-1] INFO  server.RaftServerConfigKeys (ConfUtils.java:logGet(44)) - raft.server.rpcslowness.timeout = 300s (custom)
2020-10-10 02:08:31,439 [pool-213-thread-1] INFO  server.RaftServerConfigKeys (ConfUtils.java:logGet(44)) - raft.server.sleep.deviation.threshold = 300 (default)
2020-10-10 02:08:31,439 [pool-213-thread-1] INFO  server.RaftServerConfigKeys (ConfUtils.java:logGet(44)) - raft.server.log.appender.install.snapshot.enabled = false (custom)
2020-10-10 02:08:31,439 [pool-213-thread-1] INFO  impl.RaftServerImpl (ServerState.java:<init>(104)) - 99031ab3-9213-4203-bcc6-2184a2486c2a@group-BA0AC1DC4139: ConfigurationManager, init=-1: [99031ab3-9213-4203-bcc6-2184a2486c2a:172.17.0.2:38065:0], old=null, confs=<EMPTY_MAP>
2020-10-10 02:08:31,439 [pool-213-thread-1] INFO  server.RaftServerConfigKeys (ConfUtils.java:logGet(44)) - raft.server.storage.dir = [/github/workspace/mnt/ozone/hadoop-ozone/integration-test/target/test-dir/MiniOzoneClusterImpl-1565a709-8e1e-42be-9f8b-10d30925cb12/datanode-3/data/ratis] (custom)
2020-10-10 02:08:31,440 [pool-213-thread-1] INFO  server.RaftServerConfigKeys (ConfUtils.java:logGet(44)) - raft.server.log.corruption.policy = EXCEPTION (default)
2020-10-10 02:08:31,440 [pool-213-thread-1] INFO  storage.RaftStorageDirectory (RaftStorageDirectory.java:analyzeStorage(261)) - The storage directory /github/workspace/mnt/ozone/hadoop-ozone/integration-test/target/test-dir/MiniOzoneClusterImpl-1565a709-8e1e-42be-9f8b-10d30925cb12/datanode-3/data/ratis/d372dbc1-d3da-4c0d-9031-ba0ac1dc4139 does not exist. Creating ...
2020-10-10 02:08:31,441 [pool-213-thread-1] INFO  storage.RaftStorageDirectory (RaftStorageDirectory.java:tryLock(343)) - Lock on /github/workspace/mnt/ozone/hadoop-ozone/integration-test/target/test-dir/MiniOzoneClusterImpl-1565a709-8e1e-42be-9f8b-10d30925cb12/datanode-3/data/ratis/d372dbc1-d3da-4c0d-9031-ba0ac1dc4139/in_use.lock acquired by nodename 13280@2df54852b2a6
2020-10-10 02:08:31,442 [pool-213-thread-1] INFO  storage.RaftStorage (RaftStorage.java:format(84)) - Storage directory /github/workspace/mnt/ozone/hadoop-ozone/integration-test/target/test-dir/MiniOzoneClusterImpl-1565a709-8e1e-42be-9f8b-10d30925cb12/datanode-3/data/ratis/d372dbc1-d3da-4c0d-9031-ba0ac1dc4139 has been successfully formatted.
2020-10-10 02:08:31,443 [pool-213-thread-1] INFO  ratis.ContainerStateMachine (ContainerStateMachine.java:loadSnapshot(225)) - group-BA0AC1DC4139: The snapshot info is null. Setting the last applied indexto:(t:0, i:~)
2020-10-10 02:08:31,443 [pool-213-thread-1] INFO  server.RaftServerConfigKeys (ConfUtils.java:logGet(44)) - raft.server.notification.no-leader.timeout = 300s (custom)
2020-10-10 02:08:31,443 [pool-213-thread-1] INFO  server.RaftServerConfigKeys (ConfUtils.java:logGet(44)) - raft.server.log.use.memory = false (default)
2020-10-10 02:08:31,443 [pool-213-thread-1] INFO  server.RaftServerConfigKeys (ConfUtils.java:logGet(44)) - raft.server.log.purge.gap = 1000000 (custom)
2020-10-10 02:08:31,443 [pool-213-thread-1] INFO  metrics.RatisMetrics (RatisMetrics.java:lambda$create$0(36)) - Creating Metrics Registry : ratis.log_worker.99031ab3-9213-4203-bcc6-2184a2486c2a@group-BA0AC1DC4139
2020-10-10 02:08:31,444 [EventQueue-PipelineReportForPipelineReportHandler] INFO  pipeline.PipelineStateManager (PipelineStateManager.java:openPipeline(131)) - Pipeline Pipeline[ Id: d372dbc1-d3da-4c0d-9031-ba0ac1dc4139, Nodes: 99031ab3-9213-4203-bcc6-2184a2486c2a{ip: 172.17.0.2, host: 2df54852b2a6, networkLocation: /default-rack, certSerialId: null}, Type:RATIS, Factor:ONE, State:ALLOCATED, leaderId:99031ab3-9213-4203-bcc6-2184a2486c2a, CreationTimestamp2020-10-10T02:08:28.439Z] moved to OPEN state
2020-10-10 02:08:31,444 [EventQueue-OpenPipelineForOneReplicaPipelineSafeModeRule] INFO  safemode.SCMSafeModeManager (SCMSafeModeManager.java:validateSafeModeExitRules(214)) - AtleastOneDatanodeReportedRule rule is successfully validated
2020-10-10 02:08:31,444 [EventQueue-OpenPipelineForHealthyPipelineSafeModeRule] INFO  safemode.SCMSafeModeManager (HealthyPipelineSafeModeRule.java:process(129)) - SCM in safe mode. Healthy pipelines reported count is 0, required healthy pipeline reported count is 1
2020-10-10 02:08:31,445 [pool-213-thread-1] INFO  server.RaftServerConfigKeys (ConfUtils.java:logGet(44)) - raft.server.log.appender.buffer.byte-limit = 33554432 (custom)
2020-10-10 02:08:31,445 [pool-213-thread-1] INFO  server.RaftServerConfigKeys (ConfUtils.java:logGet(44)) - raft.server.log.segment.size.max = 1048576 (custom)
2020-10-10 02:08:31,445 [pool-213-thread-1] INFO  server.RaftServerConfigKeys (ConfUtils.java:logGet(44)) - raft.server.log.segment.cache.num.max = 2 (custom)
2020-10-10 02:08:31,445 [pool-213-thread-1] INFO  segmented.SegmentedRaftLogWorker (SegmentedRaftLogWorker.java:<init>(180)) - new 99031ab3-9213-4203-bcc6-2184a2486c2a@group-BA0AC1DC4139-SegmentedRaftLogWorker for RaftStorage:Storage Directory /github/workspace/mnt/ozone/hadoop-ozone/integration-test/target/test-dir/MiniOzoneClusterImpl-1565a709-8e1e-42be-9f8b-10d30925cb12/datanode-3/data/ratis/d372dbc1-d3da-4c0d-9031-ba0ac1dc4139
2020-10-10 02:08:31,446 [pool-213-thread-1] INFO  server.RaftServerConfigKeys (ConfUtils.java:logGet(44)) - raft.server.log.queue.byte-limit = 2147483647 (custom)
2020-10-10 02:08:31,446 [pool-213-thread-1] INFO  server.RaftServerConfigKeys (ConfUtils.java:logGet(44)) - raft.server.log.queue.element-limit = 1024 (custom)
2020-10-10 02:08:31,446 [pool-213-thread-1] INFO  server.RaftServerConfigKeys (ConfUtils.java:logGet(44)) - raft.server.log.segment.size.max = 1048576 (custom)
2020-10-10 02:08:31,446 [pool-213-thread-1] INFO  server.RaftServerConfigKeys (ConfUtils.java:logGet(44)) - raft.server.log.preallocated.size = 16384 (custom)
2020-10-10 02:08:31,446 [pool-213-thread-1] INFO  server.RaftServerConfigKeys (ConfUtils.java:logGet(44)) - raft.server.log.write.buffer.size = 1048576 (custom)
2020-10-10 02:08:31,446 [pool-213-thread-1] INFO  server.RaftServerConfigKeys (ConfUtils.java:logGet(44)) - raft.server.log.force.sync.num = 128 (default)
2020-10-10 02:08:31,446 [pool-213-thread-1] INFO  server.RaftServerConfigKeys (ConfUtils.java:logGet(44)) - raft.server.log.statemachine.data.sync = true (default)
2020-10-10 02:08:31,446 [pool-213-thread-1] INFO  server.RaftServerConfigKeys (ConfUtils.java:logGet(44)) - raft.server.log.statemachine.data.sync.timeout = 10s (default)
2020-10-10 02:08:31,446 [pool-213-thread-1] INFO  server.RaftServerConfigKeys (ConfUtils.java:logGet(44)) - raft.server.log.statemachine.data.sync.timeout.retry = -1 (default)
2020-10-10 02:08:31,449 [pool-213-thread-1] INFO  server.RaftServerConfigKeys (ConfUtils.java:logGet(44)) - raft.server.log.statemachine.data.caching.enabled = true (custom)
2020-10-10 02:08:31,449 [pool-213-thread-1] INFO  segmented.SegmentedRaftLogWorker (SegmentedRaftLogWorker.java:lambda$new$0(129)) - 99031ab3-9213-4203-bcc6-2184a2486c2a@group-BA0AC1DC4139-SegmentedRaftLogWorker: flushIndex: setUnconditionally 0 -> -1
2020-10-10 02:08:31,449 [pool-213-thread-1] INFO  segmented.SegmentedRaftLogWorker (SegmentedRaftLogWorker.java:lambda$new$0(129)) - 99031ab3-9213-4203-bcc6-2184a2486c2a@group-BA0AC1DC4139-SegmentedRaftLogWorker: safeCacheEvictIndex: setUnconditionally 0 -> -1
2020-10-10 02:08:31,450 [pool-213-thread-1] INFO  server.RaftServerConfigKeys (ConfUtils.java:logGet(44)) - raft.server.snapshot.auto.trigger.enabled = true (custom)
2020-10-10 02:08:31,451 [pool-213-thread-1] INFO  server.RaftServerConfigKeys (ConfUtils.java:logGet(44)) - raft.server.snapshot.auto.trigger.threshold = 10000 (custom)
2020-10-10 02:08:31,451 [pool-213-thread-1] INFO  server.RaftServerConfigKeys (ConfUtils.java:logGet(44)) - raft.server.snapshot.retention.file.num = 5 (custom)
2020-10-10 02:08:31,451 [pool-213-thread-1] INFO  server.RaftServerConfigKeys (ConfUtils.java:logGet(44)) - raft.server.log.purge.upto.snapshot.index = false (default)
2020-10-10 02:08:31,451 [pool-213-thread-1] INFO  server.RaftServerConfigKeys (ConfUtils.java:logGet(44)) - raft.server.retrycache.expirytime = 600000ms (custom)
2020-10-10 02:08:31,451 [pool-213-thread-1] INFO  metrics.RatisMetrics (RatisMetrics.java:lambda$create$0(36)) - Creating Metrics Registry : ratis.leader_election.99031ab3-9213-4203-bcc6-2184a2486c2a@group-BA0AC1DC4139
2020-10-10 02:08:31,452 [pool-213-thread-1] INFO  metrics.RatisMetrics (RatisMetrics.java:lambda$create$0(36)) - Creating Metrics Registry : ratis.server.99031ab3-9213-4203-bcc6-2184a2486c2a@group-BA0AC1DC4139
2020-10-10 02:08:31,453 [pool-213-thread-1] INFO  impl.RaftServerImpl (RaftServerImpl.java:start(209)) - 99031ab3-9213-4203-bcc6-2184a2486c2a@group-BA0AC1DC4139: start as a follower, conf=-1: [99031ab3-9213-4203-bcc6-2184a2486c2a:172.17.0.2:38065:0], old=null
2020-10-10 02:08:31,453 [pool-213-thread-1] INFO  impl.RaftServerImpl (RaftServerImpl.java:setRole(198)) - 99031ab3-9213-4203-bcc6-2184a2486c2a@group-BA0AC1DC4139: changes role from      null to FOLLOWER at term 0 for startAsFollower
2020-10-10 02:08:31,453 [pool-213-thread-1] INFO  impl.RoleInfo (RoleInfo.java:updateAndGet(143)) - 99031ab3-9213-4203-bcc6-2184a2486c2a: start FollowerState
2020-10-10 02:08:31,453 [pool-213-thread-1] INFO  util.JmxRegister (JmxRegister.java:tryRegister(44)) - Successfully registered JMX Bean with object name Ratis:service=RaftServer,group=group-BA0AC1DC4139,id=99031ab3-9213-4203-bcc6-2184a2486c2a
2020-10-10 02:08:31,453 [pool-213-thread-1] INFO  metrics.RatisMetrics (RatisMetrics.java:lambda$create$0(36)) - Creating Metrics Registry : ratis.state_machine.99031ab3-9213-4203-bcc6-2184a2486c2a@group-BA0AC1DC4139
2020-10-10 02:08:31,456 [Command processor thread] INFO  commandhandler.CreatePipelineCommandHandler (CreatePipelineCommandHandler.java:handle(110)) - Created Pipeline RATIS ONE #id: "d372dbc1-d3da-4c0d-9031-ba0ac1dc4139"
uuid128 {
  mostSigBits: -3210261958832272371
  leastSigBits: -8056453703024230087
}
.
2020-10-10 02:08:31,457 [Command processor thread] INFO  impl.RaftServerProxy (RaftServerProxy.java:addNew(92)) - 99031ab3-9213-4203-bcc6-2184a2486c2a: addNew group-E2417E2DC09F:[99031ab3-9213-4203-bcc6-2184a2486c2a:172.17.0.2:38065:0, 43f5839c-c8de-4217-81eb-1bdbcb4e3fa0:172.17.0.2:42531:0, e2273cbf-c074-44ec-b875-3eaf72d6bbba:172.17.0.2:33085:0] returns group-E2417E2DC09F:java.util.concurrent.CompletableFuture@17ea6d9f[Not completed]
2020-10-10 02:08:31,458 [pool-213-thread-1] INFO  impl.RaftServerImpl (RaftServerImpl.java:<init>(120)) - 99031ab3-9213-4203-bcc6-2184a2486c2a: new RaftServerImpl for group-E2417E2DC09F:[99031ab3-9213-4203-bcc6-2184a2486c2a:172.17.0.2:38065:0, 43f5839c-c8de-4217-81eb-1bdbcb4e3fa0:172.17.0.2:42531:0, e2273cbf-c074-44ec-b875-3eaf72d6bbba:172.17.0.2:33085:0] with ContainerStateMachine:uninitialized
2020-10-10 02:08:31,458 [pool-213-thread-1] INFO  server.RaftServerConfigKeys (ConfUtils.java:logGet(44)) - raft.server.rpc.timeout.min = 5s (custom)
2020-10-10 02:08:31,458 [pool-213-thread-1] INFO  server.RaftServerConfigKeys (ConfUtils.java:logGet(44)) - raft.server.rpc.timeout.max = 5200ms (custom)
2020-10-10 02:08:31,458 [pool-213-thread-1] INFO  server.RaftServerConfigKeys (ConfUtils.java:logGet(44)) - raft.server.rpcslowness.timeout = 300s (custom)
2020-10-10 02:08:31,458 [pool-213-thread-1] INFO  server.RaftServerConfigKeys (ConfUtils.java:logGet(44)) - raft.server.sleep.deviation.threshold = 300 (default)
2020-10-10 02:08:31,458 [pool-213-thread-1] INFO  server.RaftServerConfigKeys (ConfUtils.java:logGet(44)) - raft.server.log.appender.install.snapshot.enabled = false (custom)
2020-10-10 02:08:31,458 [pool-213-thread-1] INFO  impl.RaftServerImpl (ServerState.java:<init>(104)) - 99031ab3-9213-4203-bcc6-2184a2486c2a@group-E2417E2DC09F: ConfigurationManager, init=-1: [99031ab3-9213-4203-bcc6-2184a2486c2a:172.17.0.2:38065:0, 43f5839c-c8de-4217-81eb-1bdbcb4e3fa0:172.17.0.2:42531:0, e2273cbf-c074-44ec-b875-3eaf72d6bbba:172.17.0.2:33085:0], old=null, confs=<EMPTY_MAP>
2020-10-10 02:08:31,458 [pool-213-thread-1] INFO  server.RaftServerConfigKeys (ConfUtils.java:logGet(44)) - raft.server.storage.dir = [/github/workspace/mnt/ozone/hadoop-ozone/integration-test/target/test-dir/MiniOzoneClusterImpl-1565a709-8e1e-42be-9f8b-10d30925cb12/datanode-3/data/ratis] (custom)
2020-10-10 02:08:31,459 [pool-213-thread-1] INFO  server.RaftServerConfigKeys (ConfUtils.java:logGet(44)) - raft.server.log.corruption.policy = EXCEPTION (default)
2020-10-10 02:08:31,459 [pool-213-thread-1] INFO  storage.RaftStorageDirectory (RaftStorageDirectory.java:analyzeStorage(261)) - The storage directory /github/workspace/mnt/ozone/hadoop-ozone/integration-test/target/test-dir/MiniOzoneClusterImpl-1565a709-8e1e-42be-9f8b-10d30925cb12/datanode-3/data/ratis/d62e349b-2a2b-477d-a246-e2417e2dc09f does not exist. Creating ...
2020-10-10 02:08:31,460 [pool-213-thread-1] INFO  storage.RaftStorageDirectory (RaftStorageDirectory.java:tryLock(343)) - Lock on /github/workspace/mnt/ozone/hadoop-ozone/integration-test/target/test-dir/MiniOzoneClusterImpl-1565a709-8e1e-42be-9f8b-10d30925cb12/datanode-3/data/ratis/d62e349b-2a2b-477d-a246-e2417e2dc09f/in_use.lock acquired by nodename 13280@2df54852b2a6
2020-10-10 02:08:31,462 [pool-213-thread-1] INFO  storage.RaftStorage (RaftStorage.java:format(84)) - Storage directory /github/workspace/mnt/ozone/hadoop-ozone/integration-test/target/test-dir/MiniOzoneClusterImpl-1565a709-8e1e-42be-9f8b-10d30925cb12/datanode-3/data/ratis/d62e349b-2a2b-477d-a246-e2417e2dc09f has been successfully formatted.
2020-10-10 02:08:31,464 [pool-213-thread-1] INFO  ratis.ContainerStateMachine (ContainerStateMachine.java:loadSnapshot(225)) - group-E2417E2DC09F: The snapshot info is null. Setting the last applied indexto:(t:0, i:~)
2020-10-10 02:08:31,464 [pool-213-thread-1] INFO  server.RaftServerConfigKeys (ConfUtils.java:logGet(44)) - raft.server.notification.no-leader.timeout = 300s (custom)
2020-10-10 02:08:31,464 [pool-213-thread-1] INFO  server.RaftServerConfigKeys (ConfUtils.java:logGet(44)) - raft.server.log.use.memory = false (default)
2020-10-10 02:08:31,465 [pool-213-thread-1] INFO  server.RaftServerConfigKeys (ConfUtils.java:logGet(44)) - raft.server.log.purge.gap = 1000000 (custom)
2020-10-10 02:08:31,465 [pool-213-thread-1] INFO  metrics.RatisMetrics (RatisMetrics.java:lambda$create$0(36)) - Creating Metrics Registry : ratis.log_worker.99031ab3-9213-4203-bcc6-2184a2486c2a@group-E2417E2DC09F
2020-10-10 02:08:31,465 [pool-213-thread-1] INFO  server.RaftServerConfigKeys (ConfUtils.java:logGet(44)) - raft.server.log.appender.buffer.byte-limit = 33554432 (custom)
2020-10-10 02:08:31,465 [pool-213-thread-1] INFO  server.RaftServerConfigKeys (ConfUtils.java:logGet(44)) - raft.server.log.segment.size.max = 1048576 (custom)
2020-10-10 02:08:31,466 [pool-213-thread-1] INFO  server.RaftServerConfigKeys (ConfUtils.java:logGet(44)) - raft.server.log.segment.cache.num.max = 2 (custom)
2020-10-10 02:08:31,467 [pool-213-thread-1] INFO  segmented.SegmentedRaftLogWorker (SegmentedRaftLogWorker.java:<init>(180)) - new 99031ab3-9213-4203-bcc6-2184a2486c2a@group-E2417E2DC09F-SegmentedRaftLogWorker for RaftStorage:Storage Directory /github/workspace/mnt/ozone/hadoop-ozone/integration-test/target/test-dir/MiniOzoneClusterImpl-1565a709-8e1e-42be-9f8b-10d30925cb12/datanode-3/data/ratis/d62e349b-2a2b-477d-a246-e2417e2dc09f
2020-10-10 02:08:31,467 [pool-213-thread-1] INFO  server.RaftServerConfigKeys (ConfUtils.java:logGet(44)) - raft.server.log.queue.byte-limit = 2147483647 (custom)
2020-10-10 02:08:31,467 [pool-213-thread-1] INFO  server.RaftServerConfigKeys (ConfUtils.java:logGet(44)) - raft.server.log.queue.element-limit = 1024 (custom)
2020-10-10 02:08:31,468 [pool-213-thread-1] INFO  server.RaftServerConfigKeys (ConfUtils.java:logGet(44)) - raft.server.log.segment.size.max = 1048576 (custom)
2020-10-10 02:08:31,468 [pool-213-thread-1] INFO  server.RaftServerConfigKeys (ConfUtils.java:logGet(44)) - raft.server.log.preallocated.size = 16384 (custom)
2020-10-10 02:08:31,468 [pool-213-thread-1] INFO  server.RaftServerConfigKeys (ConfUtils.java:logGet(44)) - raft.server.log.write.buffer.size = 1048576 (custom)
2020-10-10 02:08:31,468 [pool-213-thread-1] INFO  server.RaftServerConfigKeys (ConfUtils.java:logGet(44)) - raft.server.log.force.sync.num = 128 (default)
2020-10-10 02:08:31,468 [pool-213-thread-1] INFO  server.RaftServerConfigKeys (ConfUtils.java:logGet(44)) - raft.server.log.statemachine.data.sync = true (default)
2020-10-10 02:08:31,468 [pool-213-thread-1] INFO  server.RaftServerConfigKeys (ConfUtils.java:logGet(44)) - raft.server.log.statemachine.data.sync.timeout = 10s (default)
2020-10-10 02:08:31,468 [pool-213-thread-1] INFO  server.RaftServerConfigKeys (ConfUtils.java:logGet(44)) - raft.server.log.statemachine.data.sync.timeout.retry = -1 (default)
2020-10-10 02:08:31,470 [pool-213-thread-1] INFO  server.RaftServerConfigKeys (ConfUtils.java:logGet(44)) - raft.server.log.statemachine.data.caching.enabled = true (custom)
2020-10-10 02:08:31,471 [pool-213-thread-1] INFO  segmented.SegmentedRaftLogWorker (SegmentedRaftLogWorker.java:lambda$new$0(129)) - 99031ab3-9213-4203-bcc6-2184a2486c2a@group-E2417E2DC09F-SegmentedRaftLogWorker: flushIndex: setUnconditionally 0 -> -1
2020-10-10 02:08:31,471 [pool-213-thread-1] INFO  segmented.SegmentedRaftLogWorker (SegmentedRaftLogWorker.java:lambda$new$0(129)) - 99031ab3-9213-4203-bcc6-2184a2486c2a@group-E2417E2DC09F-SegmentedRaftLogWorker: safeCacheEvictIndex: setUnconditionally 0 -> -1
2020-10-10 02:08:31,474 [pool-213-thread-1] INFO  server.RaftServerConfigKeys (ConfUtils.java:logGet(44)) - raft.server.snapshot.auto.trigger.enabled = true (custom)
2020-10-10 02:08:31,474 [pool-213-thread-1] INFO  server.RaftServerConfigKeys (ConfUtils.java:logGet(44)) - raft.server.snapshot.auto.trigger.threshold = 10000 (custom)
2020-10-10 02:08:31,474 [pool-213-thread-1] INFO  server.RaftServerConfigKeys (ConfUtils.java:logGet(44)) - raft.server.snapshot.retention.file.num = 5 (custom)
2020-10-10 02:08:31,475 [pool-213-thread-1] INFO  server.RaftServerConfigKeys (ConfUtils.java:logGet(44)) - raft.server.log.purge.upto.snapshot.index = false (default)
2020-10-10 02:08:31,475 [pool-213-thread-1] INFO  server.RaftServerConfigKeys (ConfUtils.java:logGet(44)) - raft.server.retrycache.expirytime = 600000ms (custom)
2020-10-10 02:08:31,475 [pool-213-thread-1] INFO  metrics.RatisMetrics (RatisMetrics.java:lambda$create$0(36)) - Creating Metrics Registry : ratis.leader_election.99031ab3-9213-4203-bcc6-2184a2486c2a@group-E2417E2DC09F
2020-10-10 02:08:31,476 [pool-213-thread-1] INFO  metrics.RatisMetrics (RatisMetrics.java:lambda$create$0(36)) - Creating Metrics Registry : ratis.server.99031ab3-9213-4203-bcc6-2184a2486c2a@group-E2417E2DC09F
2020-10-10 02:08:31,478 [pool-213-thread-1] INFO  impl.RaftServerImpl (RaftServerImpl.java:start(209)) - 99031ab3-9213-4203-bcc6-2184a2486c2a@group-E2417E2DC09F: start as a follower, conf=-1: [99031ab3-9213-4203-bcc6-2184a2486c2a:172.17.0.2:38065:0, 43f5839c-c8de-4217-81eb-1bdbcb4e3fa0:172.17.0.2:42531:0, e2273cbf-c074-44ec-b875-3eaf72d6bbba:172.17.0.2:33085:0], old=null
2020-10-10 02:08:31,478 [pool-213-thread-1] INFO  impl.RaftServerImpl (RaftServerImpl.java:setRole(198)) - 99031ab3-9213-4203-bcc6-2184a2486c2a@group-E2417E2DC09F: changes role from      null to FOLLOWER at term 0 for startAsFollower
2020-10-10 02:08:31,478 [pool-213-thread-1] INFO  impl.RoleInfo (RoleInfo.java:updateAndGet(143)) - 99031ab3-9213-4203-bcc6-2184a2486c2a: start FollowerState
2020-10-10 02:08:31,479 [pool-213-thread-1] INFO  util.JmxRegister (JmxRegister.java:tryRegister(44)) - Successfully registered JMX Bean with object name Ratis:service=RaftServer,group=group-E2417E2DC09F,id=99031ab3-9213-4203-bcc6-2184a2486c2a
2020-10-10 02:08:31,479 [pool-213-thread-1] INFO  metrics.RatisMetrics (RatisMetrics.java:lambda$create$0(36)) - Creating Metrics Registry : ratis.state_machine.99031ab3-9213-4203-bcc6-2184a2486c2a@group-E2417E2DC09F
2020-10-10 02:08:31,481 [Command processor thread] INFO  metrics.RatisMetrics (RatisMetrics.java:lambda$create$0(36)) - Creating Metrics Registry : ratis.client_message_metrics.client-FADC9EA08CFE->e2273cbf-c074-44ec-b875-3eaf72d6bbba
2020-10-10 02:08:31,487 [grpc-default-executor-3] INFO  metrics.RatisMetrics (RatisMetrics.java:lambda$create$0(36)) - Creating Metrics Registry : ratis.server_message_metrics.e2273cbf-c074-44ec-b875-3eaf72d6bbba
2020-10-10 02:08:31,489 [grpc-default-executor-3] INFO  impl.RaftServerProxy (RaftServerProxy.java:addNew(92)) - e2273cbf-c074-44ec-b875-3eaf72d6bbba: addNew group-E2417E2DC09F:[99031ab3-9213-4203-bcc6-2184a2486c2a:172.17.0.2:38065:0, 43f5839c-c8de-4217-81eb-1bdbcb4e3fa0:172.17.0.2:42531:0, e2273cbf-c074-44ec-b875-3eaf72d6bbba:172.17.0.2:33085:0] returns group-E2417E2DC09F:java.util.concurrent.CompletableFuture@2b58519e[Not completed]
2020-10-10 02:08:31,495 [pool-228-thread-1] INFO  impl.RaftServerImpl (RaftServerImpl.java:<init>(120)) - e2273cbf-c074-44ec-b875-3eaf72d6bbba: new RaftServerImpl for group-E2417E2DC09F:[99031ab3-9213-4203-bcc6-2184a2486c2a:172.17.0.2:38065:0, 43f5839c-c8de-4217-81eb-1bdbcb4e3fa0:172.17.0.2:42531:0, e2273cbf-c074-44ec-b875-3eaf72d6bbba:172.17.0.2:33085:0] with ContainerStateMachine:uninitialized
2020-10-10 02:08:31,496 [pool-228-thread-1] INFO  server.RaftServerConfigKeys (ConfUtils.java:logGet(44)) - raft.server.rpc.timeout.min = 5s (custom)
2020-10-10 02:08:31,496 [pool-228-thread-1] INFO  server.RaftServerConfigKeys (ConfUtils.java:logGet(44)) - raft.server.rpc.timeout.max = 5200ms (custom)
2020-10-10 02:08:31,496 [pool-228-thread-1] INFO  server.RaftServerConfigKeys (ConfUtils.java:logGet(44)) - raft.server.rpcslowness.timeout = 300s (custom)
2020-10-10 02:08:31,496 [pool-228-thread-1] INFO  server.RaftServerConfigKeys (ConfUtils.java:logGet(44)) - raft.server.sleep.deviation.threshold = 300 (default)
2020-10-10 02:08:31,496 [pool-228-thread-1] INFO  server.RaftServerConfigKeys (ConfUtils.java:logGet(44)) - raft.server.log.appender.install.snapshot.enabled = false (custom)
2020-10-10 02:08:31,496 [pool-228-thread-1] INFO  impl.RaftServerImpl (ServerState.java:<init>(104)) - e2273cbf-c074-44ec-b875-3eaf72d6bbba@group-E2417E2DC09F: ConfigurationManager, init=-1: [99031ab3-9213-4203-bcc6-2184a2486c2a:172.17.0.2:38065:0, 43f5839c-c8de-4217-81eb-1bdbcb4e3fa0:172.17.0.2:42531:0, e2273cbf-c074-44ec-b875-3eaf72d6bbba:172.17.0.2:33085:0], old=null, confs=<EMPTY_MAP>
2020-10-10 02:08:31,496 [pool-228-thread-1] INFO  server.RaftServerConfigKeys (ConfUtils.java:logGet(44)) - raft.server.storage.dir = [/github/workspace/mnt/ozone/hadoop-ozone/integration-test/target/test-dir/MiniOzoneClusterImpl-1565a709-8e1e-42be-9f8b-10d30925cb12/datanode-4/data/ratis] (custom)
2020-10-10 02:08:31,496 [pool-228-thread-1] INFO  server.RaftServerConfigKeys (ConfUtils.java:logGet(44)) - raft.server.log.corruption.policy = EXCEPTION (default)
2020-10-10 02:08:31,497 [pool-228-thread-1] INFO  storage.RaftStorageDirectory (RaftStorageDirectory.java:analyzeStorage(261)) - The storage directory /github/workspace/mnt/ozone/hadoop-ozone/integration-test/target/test-dir/MiniOzoneClusterImpl-1565a709-8e1e-42be-9f8b-10d30925cb12/datanode-4/data/ratis/d62e349b-2a2b-477d-a246-e2417e2dc09f does not exist. Creating ...
2020-10-10 02:08:31,499 [pool-228-thread-1] INFO  storage.RaftStorageDirectory (RaftStorageDirectory.java:tryLock(343)) - Lock on /github/workspace/mnt/ozone/hadoop-ozone/integration-test/target/test-dir/MiniOzoneClusterImpl-1565a709-8e1e-42be-9f8b-10d30925cb12/datanode-4/data/ratis/d62e349b-2a2b-477d-a246-e2417e2dc09f/in_use.lock acquired by nodename 13280@2df54852b2a6
2020-10-10 02:08:31,500 [pool-228-thread-1] INFO  storage.RaftStorage (RaftStorage.java:format(84)) - Storage directory /github/workspace/mnt/ozone/hadoop-ozone/integration-test/target/test-dir/MiniOzoneClusterImpl-1565a709-8e1e-42be-9f8b-10d30925cb12/datanode-4/data/ratis/d62e349b-2a2b-477d-a246-e2417e2dc09f has been successfully formatted.
2020-10-10 02:08:31,501 [pool-228-thread-1] INFO  ratis.ContainerStateMachine (ContainerStateMachine.java:loadSnapshot(225)) - group-E2417E2DC09F: The snapshot info is null. Setting the last applied indexto:(t:0, i:~)
2020-10-10 02:08:31,502 [pool-228-thread-1] INFO  server.RaftServerConfigKeys (ConfUtils.java:logGet(44)) - raft.server.notification.no-leader.timeout = 300s (custom)
2020-10-10 02:08:31,502 [pool-228-thread-1] INFO  server.RaftServerConfigKeys (ConfUtils.java:logGet(44)) - raft.server.log.use.memory = false (default)
2020-10-10 02:08:31,511 [pool-228-thread-1] INFO  server.RaftServerConfigKeys (ConfUtils.java:logGet(44)) - raft.server.log.purge.gap = 1000000 (custom)
2020-10-10 02:08:31,511 [pool-228-thread-1] INFO  metrics.RatisMetrics (RatisMetrics.java:lambda$create$0(36)) - Creating Metrics Registry : ratis.log_worker.e2273cbf-c074-44ec-b875-3eaf72d6bbba@group-E2417E2DC09F
2020-10-10 02:08:31,511 [pool-228-thread-1] INFO  server.RaftServerConfigKeys (ConfUtils.java:logGet(44)) - raft.server.log.appender.buffer.byte-limit = 33554432 (custom)
2020-10-10 02:08:31,511 [pool-228-thread-1] INFO  server.RaftServerConfigKeys (ConfUtils.java:logGet(44)) - raft.server.log.segment.size.max = 1048576 (custom)
2020-10-10 02:08:31,512 [pool-228-thread-1] INFO  server.RaftServerConfigKeys (ConfUtils.java:logGet(44)) - raft.server.log.segment.cache.num.max = 2 (custom)
2020-10-10 02:08:31,512 [pool-228-thread-1] INFO  segmented.SegmentedRaftLogWorker (SegmentedRaftLogWorker.java:<init>(180)) - new e2273cbf-c074-44ec-b875-3eaf72d6bbba@group-E2417E2DC09F-SegmentedRaftLogWorker for RaftStorage:Storage Directory /github/workspace/mnt/ozone/hadoop-ozone/integration-test/target/test-dir/MiniOzoneClusterImpl-1565a709-8e1e-42be-9f8b-10d30925cb12/datanode-4/data/ratis/d62e349b-2a2b-477d-a246-e2417e2dc09f
2020-10-10 02:08:31,512 [pool-228-thread-1] INFO  server.RaftServerConfigKeys (ConfUtils.java:logGet(44)) - raft.server.log.queue.byte-limit = 2147483647 (custom)
2020-10-10 02:08:31,512 [pool-228-thread-1] INFO  server.RaftServerConfigKeys (ConfUtils.java:logGet(44)) - raft.server.log.queue.element-limit = 1024 (custom)
2020-10-10 02:08:31,512 [pool-228-thread-1] INFO  server.RaftServerConfigKeys (ConfUtils.java:logGet(44)) - raft.server.log.segment.size.max = 1048576 (custom)
2020-10-10 02:08:31,512 [pool-228-thread-1] INFO  server.RaftServerConfigKeys (ConfUtils.java:logGet(44)) - raft.server.log.preallocated.size = 16384 (custom)
2020-10-10 02:08:31,512 [pool-228-thread-1] INFO  server.RaftServerConfigKeys (ConfUtils.java:logGet(44)) - raft.server.log.write.buffer.size = 1048576 (custom)
2020-10-10 02:08:31,512 [pool-228-thread-1] INFO  server.RaftServerConfigKeys (ConfUtils.java:logGet(44)) - raft.server.log.force.sync.num = 128 (default)
2020-10-10 02:08:31,512 [pool-228-thread-1] INFO  server.RaftServerConfigKeys (ConfUtils.java:logGet(44)) - raft.server.log.statemachine.data.sync = true (default)
2020-10-10 02:08:31,512 [pool-228-thread-1] INFO  server.RaftServerConfigKeys (ConfUtils.java:logGet(44)) - raft.server.log.statemachine.data.sync.timeout = 10s (default)
2020-10-10 02:08:31,512 [pool-228-thread-1] INFO  server.RaftServerConfigKeys (ConfUtils.java:logGet(44)) - raft.server.log.statemachine.data.sync.timeout.retry = -1 (default)
2020-10-10 02:08:31,515 [pool-228-thread-1] INFO  server.RaftServerConfigKeys (ConfUtils.java:logGet(44)) - raft.server.log.statemachine.data.caching.enabled = true (custom)
2020-10-10 02:08:31,515 [pool-228-thread-1] INFO  segmented.SegmentedRaftLogWorker (SegmentedRaftLogWorker.java:lambda$new$0(129)) - e2273cbf-c074-44ec-b875-3eaf72d6bbba@group-E2417E2DC09F-SegmentedRaftLogWorker: flushIndex: setUnconditionally 0 -> -1
2020-10-10 02:08:31,515 [pool-228-thread-1] INFO  segmented.SegmentedRaftLogWorker (SegmentedRaftLogWorker.java:lambda$new$0(129)) - e2273cbf-c074-44ec-b875-3eaf72d6bbba@group-E2417E2DC09F-SegmentedRaftLogWorker: safeCacheEvictIndex: setUnconditionally 0 -> -1
2020-10-10 02:08:31,515 [pool-228-thread-1] INFO  server.RaftServerConfigKeys (ConfUtils.java:logGet(44)) - raft.server.snapshot.auto.trigger.enabled = true (custom)
2020-10-10 02:08:31,515 [pool-228-thread-1] INFO  server.RaftServerConfigKeys (ConfUtils.java:logGet(44)) - raft.server.snapshot.auto.trigger.threshold = 10000 (custom)
2020-10-10 02:08:31,515 [pool-228-thread-1] INFO  server.RaftServerConfigKeys (ConfUtils.java:logGet(44)) - raft.server.snapshot.retention.file.num = 5 (custom)
2020-10-10 02:08:31,516 [pool-228-thread-1] INFO  server.RaftServerConfigKeys (ConfUtils.java:logGet(44)) - raft.server.log.purge.upto.snapshot.index = false (default)
2020-10-10 02:08:31,518 [pool-228-thread-1] INFO  server.RaftServerConfigKeys (ConfUtils.java:logGet(44)) - raft.server.retrycache.expirytime = 600000ms (custom)
2020-10-10 02:08:31,518 [pool-228-thread-1] INFO  metrics.RatisMetrics (RatisMetrics.java:lambda$create$0(36)) - Creating Metrics Registry : ratis.leader_election.e2273cbf-c074-44ec-b875-3eaf72d6bbba@group-E2417E2DC09F
2020-10-10 02:08:31,519 [pool-228-thread-1] INFO  metrics.RatisMetrics (RatisMetrics.java:lambda$create$0(36)) - Creating Metrics Registry : ratis.server.e2273cbf-c074-44ec-b875-3eaf72d6bbba@group-E2417E2DC09F
2020-10-10 02:08:31,520 [pool-228-thread-1] INFO  impl.RaftServerImpl (RaftServerImpl.java:start(209)) - e2273cbf-c074-44ec-b875-3eaf72d6bbba@group-E2417E2DC09F: start as a follower, conf=-1: [99031ab3-9213-4203-bcc6-2184a2486c2a:172.17.0.2:38065:0, 43f5839c-c8de-4217-81eb-1bdbcb4e3fa0:172.17.0.2:42531:0, e2273cbf-c074-44ec-b875-3eaf72d6bbba:172.17.0.2:33085:0], old=null
2020-10-10 02:08:31,520 [pool-228-thread-1] INFO  impl.RaftServerImpl (RaftServerImpl.java:setRole(198)) - e2273cbf-c074-44ec-b875-3eaf72d6bbba@group-E2417E2DC09F: changes role from      null to FOLLOWER at term 0 for startAsFollower
2020-10-10 02:08:31,520 [pool-228-thread-1] INFO  impl.RoleInfo (RoleInfo.java:updateAndGet(143)) - e2273cbf-c074-44ec-b875-3eaf72d6bbba: start FollowerState
2020-10-10 02:08:31,521 [pool-228-thread-1] INFO  util.JmxRegister (JmxRegister.java:tryRegister(44)) - Successfully registered JMX Bean with object name Ratis:service=RaftServer,group=group-E2417E2DC09F,id=e2273cbf-c074-44ec-b875-3eaf72d6bbba
2020-10-10 02:08:31,521 [pool-228-thread-1] INFO  metrics.RatisMetrics (RatisMetrics.java:lambda$create$0(36)) - Creating Metrics Registry : ratis.state_machine.e2273cbf-c074-44ec-b875-3eaf72d6bbba@group-E2417E2DC09F
2020-10-10 02:08:31,530 [Command processor thread] INFO  metrics.RatisMetrics (RatisMetrics.java:lambda$create$0(36)) - Creating Metrics Registry : ratis.client_message_metrics.client-D1631EA2C96C->43f5839c-c8de-4217-81eb-1bdbcb4e3fa0
2020-10-10 02:08:31,535 [grpc-default-executor-3] INFO  metrics.RatisMetrics (RatisMetrics.java:lambda$create$0(36)) - Creating Metrics Registry : ratis.server_message_metrics.43f5839c-c8de-4217-81eb-1bdbcb4e3fa0
2020-10-10 02:08:31,538 [grpc-default-executor-3] INFO  impl.RaftServerProxy (RaftServerProxy.java:addNew(92)) - 43f5839c-c8de-4217-81eb-1bdbcb4e3fa0: addNew group-E2417E2DC09F:[99031ab3-9213-4203-bcc6-2184a2486c2a:172.17.0.2:38065:0, 43f5839c-c8de-4217-81eb-1bdbcb4e3fa0:172.17.0.2:42531:0, e2273cbf-c074-44ec-b875-3eaf72d6bbba:172.17.0.2:33085:0] returns group-E2417E2DC09F:java.util.concurrent.CompletableFuture@7f47153c[Not completed]
2020-10-10 02:08:31,539 [pool-243-thread-1] INFO  impl.RaftServerImpl (RaftServerImpl.java:<init>(120)) - 43f5839c-c8de-4217-81eb-1bdbcb4e3fa0: new RaftServerImpl for group-E2417E2DC09F:[99031ab3-9213-4203-bcc6-2184a2486c2a:172.17.0.2:38065:0, 43f5839c-c8de-4217-81eb-1bdbcb4e3fa0:172.17.0.2:42531:0, e2273cbf-c074-44ec-b875-3eaf72d6bbba:172.17.0.2:33085:0] with ContainerStateMachine:uninitialized
2020-10-10 02:08:31,540 [pool-243-thread-1] INFO  server.RaftServerConfigKeys (ConfUtils.java:logGet(44)) - raft.server.rpc.timeout.min = 5s (custom)
2020-10-10 02:08:31,540 [pool-243-thread-1] INFO  server.RaftServerConfigKeys (ConfUtils.java:logGet(44)) - raft.server.rpc.timeout.max = 5200ms (custom)
2020-10-10 02:08:31,540 [pool-243-thread-1] INFO  server.RaftServerConfigKeys (ConfUtils.java:logGet(44)) - raft.server.rpcslowness.timeout = 300s (custom)
2020-10-10 02:08:31,540 [pool-243-thread-1] INFO  server.RaftServerConfigKeys (ConfUtils.java:logGet(44)) - raft.server.sleep.deviation.threshold = 300 (default)
2020-10-10 02:08:31,540 [pool-243-thread-1] INFO  server.RaftServerConfigKeys (ConfUtils.java:logGet(44)) - raft.server.log.appender.install.snapshot.enabled = false (custom)
2020-10-10 02:08:31,540 [pool-243-thread-1] INFO  impl.RaftServerImpl (ServerState.java:<init>(104)) - 43f5839c-c8de-4217-81eb-1bdbcb4e3fa0@group-E2417E2DC09F: ConfigurationManager, init=-1: [99031ab3-9213-4203-bcc6-2184a2486c2a:172.17.0.2:38065:0, 43f5839c-c8de-4217-81eb-1bdbcb4e3fa0:172.17.0.2:42531:0, e2273cbf-c074-44ec-b875-3eaf72d6bbba:172.17.0.2:33085:0], old=null, confs=<EMPTY_MAP>
2020-10-10 02:08:31,540 [pool-243-thread-1] INFO  server.RaftServerConfigKeys (ConfUtils.java:logGet(44)) - raft.server.storage.dir = [/github/workspace/mnt/ozone/hadoop-ozone/integration-test/target/test-dir/MiniOzoneClusterImpl-1565a709-8e1e-42be-9f8b-10d30925cb12/datanode-5/data/ratis] (custom)
2020-10-10 02:08:31,541 [pool-243-thread-1] INFO  server.RaftServerConfigKeys (ConfUtils.java:logGet(44)) - raft.server.log.corruption.policy = EXCEPTION (default)
2020-10-10 02:08:31,541 [pool-243-thread-1] INFO  storage.RaftStorageDirectory (RaftStorageDirectory.java:analyzeStorage(261)) - The storage directory /github/workspace/mnt/ozone/hadoop-ozone/integration-test/target/test-dir/MiniOzoneClusterImpl-1565a709-8e1e-42be-9f8b-10d30925cb12/datanode-5/data/ratis/d62e349b-2a2b-477d-a246-e2417e2dc09f does not exist. Creating ...
2020-10-10 02:08:31,542 [pool-243-thread-1] INFO  storage.RaftStorageDirectory (RaftStorageDirectory.java:tryLock(343)) - Lock on /github/workspace/mnt/ozone/hadoop-ozone/integration-test/target/test-dir/MiniOzoneClusterImpl-1565a709-8e1e-42be-9f8b-10d30925cb12/datanode-5/data/ratis/d62e349b-2a2b-477d-a246-e2417e2dc09f/in_use.lock acquired by nodename 13280@2df54852b2a6
2020-10-10 02:08:31,544 [pool-243-thread-1] INFO  storage.RaftStorage (RaftStorage.java:format(84)) - Storage directory /github/workspace/mnt/ozone/hadoop-ozone/integration-test/target/test-dir/MiniOzoneClusterImpl-1565a709-8e1e-42be-9f8b-10d30925cb12/datanode-5/data/ratis/d62e349b-2a2b-477d-a246-e2417e2dc09f has been successfully formatted.
2020-10-10 02:08:31,545 [pool-243-thread-1] INFO  ratis.ContainerStateMachine (ContainerStateMachine.java:loadSnapshot(225)) - group-E2417E2DC09F: The snapshot info is null. Setting the last applied indexto:(t:0, i:~)
2020-10-10 02:08:31,548 [pool-243-thread-1] INFO  server.RaftServerConfigKeys (ConfUtils.java:logGet(44)) - raft.server.notification.no-leader.timeout = 300s (custom)
2020-10-10 02:08:31,548 [pool-243-thread-1] INFO  server.RaftServerConfigKeys (ConfUtils.java:logGet(44)) - raft.server.log.use.memory = false (default)
2020-10-10 02:08:31,549 [pool-243-thread-1] INFO  server.RaftServerConfigKeys (ConfUtils.java:logGet(44)) - raft.server.log.purge.gap = 1000000 (custom)
2020-10-10 02:08:31,549 [pool-243-thread-1] INFO  metrics.RatisMetrics (RatisMetrics.java:lambda$create$0(36)) - Creating Metrics Registry : ratis.log_worker.43f5839c-c8de-4217-81eb-1bdbcb4e3fa0@group-E2417E2DC09F
2020-10-10 02:08:31,550 [pool-243-thread-1] INFO  server.RaftServerConfigKeys (ConfUtils.java:logGet(44)) - raft.server.log.appender.buffer.byte-limit = 33554432 (custom)
2020-10-10 02:08:31,550 [pool-243-thread-1] INFO  server.RaftServerConfigKeys (ConfUtils.java:logGet(44)) - raft.server.log.segment.size.max = 1048576 (custom)
2020-10-10 02:08:31,551 [pool-243-thread-1] INFO  server.RaftServerConfigKeys (ConfUtils.java:logGet(44)) - raft.server.log.segment.cache.num.max = 2 (custom)
2020-10-10 02:08:31,551 [pool-243-thread-1] INFO  segmented.SegmentedRaftLogWorker (SegmentedRaftLogWorker.java:<init>(180)) - new 43f5839c-c8de-4217-81eb-1bdbcb4e3fa0@group-E2417E2DC09F-SegmentedRaftLogWorker for RaftStorage:Storage Directory /github/workspace/mnt/ozone/hadoop-ozone/integration-test/target/test-dir/MiniOzoneClusterImpl-1565a709-8e1e-42be-9f8b-10d30925cb12/datanode-5/data/ratis/d62e349b-2a2b-477d-a246-e2417e2dc09f
2020-10-10 02:08:31,551 [pool-243-thread-1] INFO  server.RaftServerConfigKeys (ConfUtils.java:logGet(44)) - raft.server.log.queue.byte-limit = 2147483647 (custom)
2020-10-10 02:08:31,551 [pool-243-thread-1] INFO  server.RaftServerConfigKeys (ConfUtils.java:logGet(44)) - raft.server.log.queue.element-limit = 1024 (custom)
2020-10-10 02:08:31,551 [pool-243-thread-1] INFO  server.RaftServerConfigKeys (ConfUtils.java:logGet(44)) - raft.server.log.segment.size.max = 1048576 (custom)
2020-10-10 02:08:31,553 [pool-243-thread-1] INFO  server.RaftServerConfigKeys (ConfUtils.java:logGet(44)) - raft.server.log.preallocated.size = 16384 (custom)
2020-10-10 02:08:31,553 [pool-243-thread-1] INFO  server.RaftServerConfigKeys (ConfUtils.java:logGet(44)) - raft.server.log.write.buffer.size = 1048576 (custom)
2020-10-10 02:08:31,553 [pool-243-thread-1] INFO  server.RaftServerConfigKeys (ConfUtils.java:logGet(44)) - raft.server.log.force.sync.num = 128 (default)
2020-10-10 02:08:31,553 [pool-243-thread-1] INFO  server.RaftServerConfigKeys (ConfUtils.java:logGet(44)) - raft.server.log.statemachine.data.sync = true (default)
2020-10-10 02:08:31,553 [pool-243-thread-1] INFO  server.RaftServerConfigKeys (ConfUtils.java:logGet(44)) - raft.server.log.statemachine.data.sync.timeout = 10s (default)
2020-10-10 02:08:31,553 [pool-243-thread-1] INFO  server.RaftServerConfigKeys (ConfUtils.java:logGet(44)) - raft.server.log.statemachine.data.sync.timeout.retry = -1 (default)
2020-10-10 02:08:31,556 [pool-243-thread-1] INFO  server.RaftServerConfigKeys (ConfUtils.java:logGet(44)) - raft.server.log.statemachine.data.caching.enabled = true (custom)
2020-10-10 02:08:31,556 [pool-243-thread-1] INFO  segmented.SegmentedRaftLogWorker (SegmentedRaftLogWorker.java:lambda$new$0(129)) - 43f5839c-c8de-4217-81eb-1bdbcb4e3fa0@group-E2417E2DC09F-SegmentedRaftLogWorker: flushIndex: setUnconditionally 0 -> -1
2020-10-10 02:08:31,557 [pool-243-thread-1] INFO  segmented.SegmentedRaftLogWorker (SegmentedRaftLogWorker.java:lambda$new$0(129)) - 43f5839c-c8de-4217-81eb-1bdbcb4e3fa0@group-E2417E2DC09F-SegmentedRaftLogWorker: safeCacheEvictIndex: setUnconditionally 0 -> -1
2020-10-10 02:08:31,557 [pool-243-thread-1] INFO  server.RaftServerConfigKeys (ConfUtils.java:logGet(44)) - raft.server.snapshot.auto.trigger.enabled = true (custom)
2020-10-10 02:08:31,557 [pool-243-thread-1] INFO  server.RaftServerConfigKeys (ConfUtils.java:logGet(44)) - raft.server.snapshot.auto.trigger.threshold = 10000 (custom)
2020-10-10 02:08:31,557 [pool-243-thread-1] INFO  server.RaftServerConfigKeys (ConfUtils.java:logGet(44)) - raft.server.snapshot.retention.file.num = 5 (custom)
2020-10-10 02:08:31,557 [pool-243-thread-1] INFO  server.RaftServerConfigKeys (ConfUtils.java:logGet(44)) - raft.server.log.purge.upto.snapshot.index = false (default)
2020-10-10 02:08:31,557 [pool-243-thread-1] INFO  server.RaftServerConfigKeys (ConfUtils.java:logGet(44)) - raft.server.retrycache.expirytime = 600000ms (custom)
2020-10-10 02:08:31,557 [pool-243-thread-1] INFO  metrics.RatisMetrics (RatisMetrics.java:lambda$create$0(36)) - Creating Metrics Registry : ratis.leader_election.43f5839c-c8de-4217-81eb-1bdbcb4e3fa0@group-E2417E2DC09F
2020-10-10 02:08:31,558 [pool-243-thread-1] INFO  metrics.RatisMetrics (RatisMetrics.java:lambda$create$0(36)) - Creating Metrics Registry : ratis.server.43f5839c-c8de-4217-81eb-1bdbcb4e3fa0@group-E2417E2DC09F
2020-10-10 02:08:31,559 [pool-243-thread-1] INFO  impl.RaftServerImpl (RaftServerImpl.java:start(209)) - 43f5839c-c8de-4217-81eb-1bdbcb4e3fa0@group-E2417E2DC09F: start as a follower, conf=-1: [99031ab3-9213-4203-bcc6-2184a2486c2a:172.17.0.2:38065:0, 43f5839c-c8de-4217-81eb-1bdbcb4e3fa0:172.17.0.2:42531:0, e2273cbf-c074-44ec-b875-3eaf72d6bbba:172.17.0.2:33085:0], old=null
2020-10-10 02:08:31,559 [pool-243-thread-1] INFO  impl.RaftServerImpl (RaftServerImpl.java:setRole(198)) - 43f5839c-c8de-4217-81eb-1bdbcb4e3fa0@group-E2417E2DC09F: changes role from      null to FOLLOWER at term 0 for startAsFollower
2020-10-10 02:08:31,559 [pool-243-thread-1] INFO  impl.RoleInfo (RoleInfo.java:updateAndGet(143)) - 43f5839c-c8de-4217-81eb-1bdbcb4e3fa0: start FollowerState
2020-10-10 02:08:31,560 [pool-243-thread-1] INFO  util.JmxRegister (JmxRegister.java:tryRegister(44)) - Successfully registered JMX Bean with object name Ratis:service=RaftServer,group=group-E2417E2DC09F,id=43f5839c-c8de-4217-81eb-1bdbcb4e3fa0
2020-10-10 02:08:31,560 [pool-243-thread-1] INFO  metrics.RatisMetrics (RatisMetrics.java:lambda$create$0(36)) - Creating Metrics Registry : ratis.state_machine.43f5839c-c8de-4217-81eb-1bdbcb4e3fa0@group-E2417E2DC09F
2020-10-10 02:08:31,572 [Command processor thread] INFO  commandhandler.CreatePipelineCommandHandler (CreatePipelineCommandHandler.java:handle(110)) - Created Pipeline RATIS THREE #id: "d62e349b-2a2b-477d-a246-e2417e2dc09f"
uuid128 {
  mostSigBits: -3013413259632228483
  leastSigBits: -6753461820277800801
}
.
2020-10-10 02:08:31,697 [Command processor thread] INFO  impl.RaftServerProxy (RaftServerProxy.java:addNew(92)) - e2273cbf-c074-44ec-b875-3eaf72d6bbba: addNew group-74EFC189A256:[e2273cbf-c074-44ec-b875-3eaf72d6bbba:172.17.0.2:33085:0] returns group-74EFC189A256:java.util.concurrent.CompletableFuture@7ec2a9e2[Not completed]
2020-10-10 02:08:31,703 [pool-228-thread-1] INFO  impl.RaftServerImpl (RaftServerImpl.java:<init>(120)) - e2273cbf-c074-44ec-b875-3eaf72d6bbba: new RaftServerImpl for group-74EFC189A256:[e2273cbf-c074-44ec-b875-3eaf72d6bbba:172.17.0.2:33085:0] with ContainerStateMachine:uninitialized
2020-10-10 02:08:31,703 [pool-228-thread-1] INFO  server.RaftServerConfigKeys (ConfUtils.java:logGet(44)) - raft.server.rpc.timeout.min = 5s (custom)
2020-10-10 02:08:31,703 [pool-228-thread-1] INFO  server.RaftServerConfigKeys (ConfUtils.java:logGet(44)) - raft.server.rpc.timeout.max = 5200ms (custom)
2020-10-10 02:08:31,703 [pool-228-thread-1] INFO  server.RaftServerConfigKeys (ConfUtils.java:logGet(44)) - raft.server.rpcslowness.timeout = 300s (custom)
2020-10-10 02:08:31,703 [pool-228-thread-1] INFO  server.RaftServerConfigKeys (ConfUtils.java:logGet(44)) - raft.server.sleep.deviation.threshold = 300 (default)
2020-10-10 02:08:31,703 [pool-228-thread-1] INFO  server.RaftServerConfigKeys (ConfUtils.java:logGet(44)) - raft.server.log.appender.install.snapshot.enabled = false (custom)
2020-10-10 02:08:31,703 [pool-228-thread-1] INFO  impl.RaftServerImpl (ServerState.java:<init>(104)) - e2273cbf-c074-44ec-b875-3eaf72d6bbba@group-74EFC189A256: ConfigurationManager, init=-1: [e2273cbf-c074-44ec-b875-3eaf72d6bbba:172.17.0.2:33085:0], old=null, confs=<EMPTY_MAP>
2020-10-10 02:08:31,703 [pool-228-thread-1] INFO  server.RaftServerConfigKeys (ConfUtils.java:logGet(44)) - raft.server.storage.dir = [/github/workspace/mnt/ozone/hadoop-ozone/integration-test/target/test-dir/MiniOzoneClusterImpl-1565a709-8e1e-42be-9f8b-10d30925cb12/datanode-4/data/ratis] (custom)
2020-10-10 02:08:31,704 [pool-228-thread-1] INFO  server.RaftServerConfigKeys (ConfUtils.java:logGet(44)) - raft.server.log.corruption.policy = EXCEPTION (default)
2020-10-10 02:08:31,704 [pool-228-thread-1] INFO  storage.RaftStorageDirectory (RaftStorageDirectory.java:analyzeStorage(261)) - The storage directory /github/workspace/mnt/ozone/hadoop-ozone/integration-test/target/test-dir/MiniOzoneClusterImpl-1565a709-8e1e-42be-9f8b-10d30925cb12/datanode-4/data/ratis/074b49b0-585b-4a32-a687-74efc189a256 does not exist. Creating ...
2020-10-10 02:08:31,705 [pool-228-thread-1] INFO  storage.RaftStorageDirectory (RaftStorageDirectory.java:tryLock(343)) - Lock on /github/workspace/mnt/ozone/hadoop-ozone/integration-test/target/test-dir/MiniOzoneClusterImpl-1565a709-8e1e-42be-9f8b-10d30925cb12/datanode-4/data/ratis/074b49b0-585b-4a32-a687-74efc189a256/in_use.lock acquired by nodename 13280@2df54852b2a6
2020-10-10 02:08:31,706 [pool-228-thread-1] INFO  storage.RaftStorage (RaftStorage.java:format(84)) - Storage directory /github/workspace/mnt/ozone/hadoop-ozone/integration-test/target/test-dir/MiniOzoneClusterImpl-1565a709-8e1e-42be-9f8b-10d30925cb12/datanode-4/data/ratis/074b49b0-585b-4a32-a687-74efc189a256 has been successfully formatted.
2020-10-10 02:08:31,707 [pool-228-thread-1] INFO  ratis.ContainerStateMachine (ContainerStateMachine.java:loadSnapshot(225)) - group-74EFC189A256: The snapshot info is null. Setting the last applied indexto:(t:0, i:~)
2020-10-10 02:08:31,707 [pool-228-thread-1] INFO  server.RaftServerConfigKeys (ConfUtils.java:logGet(44)) - raft.server.notification.no-leader.timeout = 300s (custom)
2020-10-10 02:08:31,708 [pool-228-thread-1] INFO  server.RaftServerConfigKeys (ConfUtils.java:logGet(44)) - raft.server.log.use.memory = false (default)
2020-10-10 02:08:31,708 [pool-228-thread-1] INFO  server.RaftServerConfigKeys (ConfUtils.java:logGet(44)) - raft.server.log.purge.gap = 1000000 (custom)
2020-10-10 02:08:31,708 [EventQueue-PipelineReportForPipelineReportHandler] INFO  pipeline.PipelineStateManager (PipelineStateManager.java:openPipeline(131)) - Pipeline Pipeline[ Id: 074b49b0-585b-4a32-a687-74efc189a256, Nodes: e2273cbf-c074-44ec-b875-3eaf72d6bbba{ip: 172.17.0.2, host: 2df54852b2a6, networkLocation: /default-rack, certSerialId: null}, Type:RATIS, Factor:ONE, State:ALLOCATED, leaderId:e2273cbf-c074-44ec-b875-3eaf72d6bbba, CreationTimestamp2020-10-10T02:08:28.700Z] moved to OPEN state
2020-10-10 02:08:31,708 [EventQueue-OpenPipelineForOneReplicaPipelineSafeModeRule] INFO  safemode.SCMSafeModeManager (SCMSafeModeManager.java:validateSafeModeExitRules(214)) - AtleastOneDatanodeReportedRule rule is successfully validated
2020-10-10 02:08:31,708 [EventQueue-OpenPipelineForHealthyPipelineSafeModeRule] INFO  safemode.SCMSafeModeManager (HealthyPipelineSafeModeRule.java:process(129)) - SCM in safe mode. Healthy pipelines reported count is 0, required healthy pipeline reported count is 1
2020-10-10 02:08:31,709 [pool-228-thread-1] INFO  metrics.RatisMetrics (RatisMetrics.java:lambda$create$0(36)) - Creating Metrics Registry : ratis.log_worker.e2273cbf-c074-44ec-b875-3eaf72d6bbba@group-74EFC189A256
2020-10-10 02:08:31,709 [pool-228-thread-1] INFO  server.RaftServerConfigKeys (ConfUtils.java:logGet(44)) - raft.server.log.appender.buffer.byte-limit = 33554432 (custom)
2020-10-10 02:08:31,709 [pool-228-thread-1] INFO  server.RaftServerConfigKeys (ConfUtils.java:logGet(44)) - raft.server.log.segment.size.max = 1048576 (custom)
2020-10-10 02:08:31,711 [pool-228-thread-1] INFO  server.RaftServerConfigKeys (ConfUtils.java:logGet(44)) - raft.server.log.segment.cache.num.max = 2 (custom)
2020-10-10 02:08:31,711 [pool-228-thread-1] INFO  segmented.SegmentedRaftLogWorker (SegmentedRaftLogWorker.java:<init>(180)) - new e2273cbf-c074-44ec-b875-3eaf72d6bbba@group-74EFC189A256-SegmentedRaftLogWorker for RaftStorage:Storage Directory /github/workspace/mnt/ozone/hadoop-ozone/integration-test/target/test-dir/MiniOzoneClusterImpl-1565a709-8e1e-42be-9f8b-10d30925cb12/datanode-4/data/ratis/074b49b0-585b-4a32-a687-74efc189a256
2020-10-10 02:08:31,711 [pool-228-thread-1] INFO  server.RaftServerConfigKeys (ConfUtils.java:logGet(44)) - raft.server.log.queue.byte-limit = 2147483647 (custom)
2020-10-10 02:08:31,711 [pool-228-thread-1] INFO  server.RaftServerConfigKeys (ConfUtils.java:logGet(44)) - raft.server.log.queue.element-limit = 1024 (custom)
2020-10-10 02:08:31,711 [pool-228-thread-1] INFO  server.RaftServerConfigKeys (ConfUtils.java:logGet(44)) - raft.server.log.segment.size.max = 1048576 (custom)
2020-10-10 02:08:31,712 [pool-228-thread-1] INFO  server.RaftServerConfigKeys (ConfUtils.java:logGet(44)) - raft.server.log.preallocated.size = 16384 (custom)
2020-10-10 02:08:31,712 [pool-228-thread-1] INFO  server.RaftServerConfigKeys (ConfUtils.java:logGet(44)) - raft.server.log.write.buffer.size = 1048576 (custom)
2020-10-10 02:08:31,712 [pool-228-thread-1] INFO  server.RaftServerConfigKeys (ConfUtils.java:logGet(44)) - raft.server.log.force.sync.num = 128 (default)
2020-10-10 02:08:31,712 [pool-228-thread-1] INFO  server.RaftServerConfigKeys (ConfUtils.java:logGet(44)) - raft.server.log.statemachine.data.sync = true (default)
2020-10-10 02:08:31,712 [pool-228-thread-1] INFO  server.RaftServerConfigKeys (ConfUtils.java:logGet(44)) - raft.server.log.statemachine.data.sync.timeout = 10s (default)
2020-10-10 02:08:31,712 [pool-228-thread-1] INFO  server.RaftServerConfigKeys (ConfUtils.java:logGet(44)) - raft.server.log.statemachine.data.sync.timeout.retry = -1 (default)
2020-10-10 02:08:31,714 [pool-228-thread-1] INFO  server.RaftServerConfigKeys (ConfUtils.java:logGet(44)) - raft.server.log.statemachine.data.caching.enabled = true (custom)
2020-10-10 02:08:31,714 [pool-228-thread-1] INFO  segmented.SegmentedRaftLogWorker (SegmentedRaftLogWorker.java:lambda$new$0(129)) - e2273cbf-c074-44ec-b875-3eaf72d6bbba@group-74EFC189A256-SegmentedRaftLogWorker: flushIndex: setUnconditionally 0 -> -1
2020-10-10 02:08:31,715 [pool-228-thread-1] INFO  segmented.SegmentedRaftLogWorker (SegmentedRaftLogWorker.java:lambda$new$0(129)) - e2273cbf-c074-44ec-b875-3eaf72d6bbba@group-74EFC189A256-SegmentedRaftLogWorker: safeCacheEvictIndex: setUnconditionally 0 -> -1
2020-10-10 02:08:31,715 [pool-228-thread-1] INFO  server.RaftServerConfigKeys (ConfUtils.java:logGet(44)) - raft.server.snapshot.auto.trigger.enabled = true (custom)
2020-10-10 02:08:31,715 [pool-228-thread-1] INFO  server.RaftServerConfigKeys (ConfUtils.java:logGet(44)) - raft.server.snapshot.auto.trigger.threshold = 10000 (custom)
2020-10-10 02:08:31,715 [pool-228-thread-1] INFO  server.RaftServerConfigKeys (ConfUtils.java:logGet(44)) - raft.server.snapshot.retention.file.num = 5 (custom)
2020-10-10 02:08:31,715 [pool-228-thread-1] INFO  server.RaftServerConfigKeys (ConfUtils.java:logGet(44)) - raft.server.log.purge.upto.snapshot.index = false (default)
2020-10-10 02:08:31,715 [pool-228-thread-1] INFO  server.RaftServerConfigKeys (ConfUtils.java:logGet(44)) - raft.server.retrycache.expirytime = 600000ms (custom)
2020-10-10 02:08:31,715 [pool-228-thread-1] INFO  metrics.RatisMetrics (RatisMetrics.java:lambda$create$0(36)) - Creating Metrics Registry : ratis.leader_election.e2273cbf-c074-44ec-b875-3eaf72d6bbba@group-74EFC189A256
2020-10-10 02:08:31,716 [pool-228-thread-1] INFO  metrics.RatisMetrics (RatisMetrics.java:lambda$create$0(36)) - Creating Metrics Registry : ratis.server.e2273cbf-c074-44ec-b875-3eaf72d6bbba@group-74EFC189A256
2020-10-10 02:08:31,717 [pool-228-thread-1] INFO  impl.RaftServerImpl (RaftServerImpl.java:start(209)) - e2273cbf-c074-44ec-b875-3eaf72d6bbba@group-74EFC189A256: start as a follower, conf=-1: [e2273cbf-c074-44ec-b875-3eaf72d6bbba:172.17.0.2:33085:0], old=null
2020-10-10 02:08:31,717 [pool-228-thread-1] INFO  impl.RaftServerImpl (RaftServerImpl.java:setRole(198)) - e2273cbf-c074-44ec-b875-3eaf72d6bbba@group-74EFC189A256: changes role from      null to FOLLOWER at term 0 for startAsFollower
2020-10-10 02:08:31,717 [pool-228-thread-1] INFO  impl.RoleInfo (RoleInfo.java:updateAndGet(143)) - e2273cbf-c074-44ec-b875-3eaf72d6bbba: start FollowerState
2020-10-10 02:08:31,719 [pool-228-thread-1] INFO  util.JmxRegister (JmxRegister.java:tryRegister(44)) - Successfully registered JMX Bean with object name Ratis:service=RaftServer,group=group-74EFC189A256,id=e2273cbf-c074-44ec-b875-3eaf72d6bbba
2020-10-10 02:08:31,719 [pool-228-thread-1] INFO  metrics.RatisMetrics (RatisMetrics.java:lambda$create$0(36)) - Creating Metrics Registry : ratis.state_machine.e2273cbf-c074-44ec-b875-3eaf72d6bbba@group-74EFC189A256
2020-10-10 02:08:31,720 [Command processor thread] INFO  commandhandler.CreatePipelineCommandHandler (CreatePipelineCommandHandler.java:handle(110)) - Created Pipeline RATIS ONE #id: "074b49b0-585b-4a32-a687-74efc189a256"
uuid128 {
  mostSigBits: 525594803264244274
  leastSigBits: -6447055768464547242
}
.
2020-10-10 02:08:31,915 [Command processor thread] INFO  impl.RaftServerProxy (RaftServerProxy.java:addNew(92)) - 43f5839c-c8de-4217-81eb-1bdbcb4e3fa0: addNew group-E010B589738A:[43f5839c-c8de-4217-81eb-1bdbcb4e3fa0:172.17.0.2:42531:0] returns group-E010B589738A:java.util.concurrent.CompletableFuture@5671e1d5[Not completed]
2020-10-10 02:08:31,916 [pool-243-thread-1] INFO  impl.RaftServerImpl (RaftServerImpl.java:<init>(120)) - 43f5839c-c8de-4217-81eb-1bdbcb4e3fa0: new RaftServerImpl for group-E010B589738A:[43f5839c-c8de-4217-81eb-1bdbcb4e3fa0:172.17.0.2:42531:0] with ContainerStateMachine:uninitialized
2020-10-10 02:08:31,916 [pool-243-thread-1] INFO  server.RaftServerConfigKeys (ConfUtils.java:logGet(44)) - raft.server.rpc.timeout.min = 5s (custom)
2020-10-10 02:08:31,916 [pool-243-thread-1] INFO  server.RaftServerConfigKeys (ConfUtils.java:logGet(44)) - raft.server.rpc.timeout.max = 5200ms (custom)
2020-10-10 02:08:31,916 [pool-243-thread-1] INFO  server.RaftServerConfigKeys (ConfUtils.java:logGet(44)) - raft.server.rpcslowness.timeout = 300s (custom)
2020-10-10 02:08:31,916 [pool-243-thread-1] INFO  server.RaftServerConfigKeys (ConfUtils.java:logGet(44)) - raft.server.sleep.deviation.threshold = 300 (default)
2020-10-10 02:08:31,916 [pool-243-thread-1] INFO  server.RaftServerConfigKeys (ConfUtils.java:logGet(44)) - raft.server.log.appender.install.snapshot.enabled = false (custom)
2020-10-10 02:08:31,916 [pool-243-thread-1] INFO  impl.RaftServerImpl (ServerState.java:<init>(104)) - 43f5839c-c8de-4217-81eb-1bdbcb4e3fa0@group-E010B589738A: ConfigurationManager, init=-1: [43f5839c-c8de-4217-81eb-1bdbcb4e3fa0:172.17.0.2:42531:0], old=null, confs=<EMPTY_MAP>
2020-10-10 02:08:31,916 [pool-243-thread-1] INFO  server.RaftServerConfigKeys (ConfUtils.java:logGet(44)) - raft.server.storage.dir = [/github/workspace/mnt/ozone/hadoop-ozone/integration-test/target/test-dir/MiniOzoneClusterImpl-1565a709-8e1e-42be-9f8b-10d30925cb12/datanode-5/data/ratis] (custom)
2020-10-10 02:08:31,916 [pool-243-thread-1] INFO  server.RaftServerConfigKeys (ConfUtils.java:logGet(44)) - raft.server.log.corruption.policy = EXCEPTION (default)
2020-10-10 02:08:31,917 [pool-243-thread-1] INFO  storage.RaftStorageDirectory (RaftStorageDirectory.java:analyzeStorage(261)) - The storage directory /github/workspace/mnt/ozone/hadoop-ozone/integration-test/target/test-dir/MiniOzoneClusterImpl-1565a709-8e1e-42be-9f8b-10d30925cb12/datanode-5/data/ratis/5218748a-bac5-475c-81cb-e010b589738a does not exist. Creating ...
2020-10-10 02:08:31,918 [pool-243-thread-1] INFO  storage.RaftStorageDirectory (RaftStorageDirectory.java:tryLock(343)) - Lock on /github/workspace/mnt/ozone/hadoop-ozone/integration-test/target/test-dir/MiniOzoneClusterImpl-1565a709-8e1e-42be-9f8b-10d30925cb12/datanode-5/data/ratis/5218748a-bac5-475c-81cb-e010b589738a/in_use.lock acquired by nodename 13280@2df54852b2a6
2020-10-10 02:08:31,920 [pool-243-thread-1] INFO  storage.RaftStorage (RaftStorage.java:format(84)) - Storage directory /github/workspace/mnt/ozone/hadoop-ozone/integration-test/target/test-dir/MiniOzoneClusterImpl-1565a709-8e1e-42be-9f8b-10d30925cb12/datanode-5/data/ratis/5218748a-bac5-475c-81cb-e010b589738a has been successfully formatted.
2020-10-10 02:08:31,920 [pool-243-thread-1] INFO  ratis.ContainerStateMachine (ContainerStateMachine.java:loadSnapshot(225)) - group-E010B589738A: The snapshot info is null. Setting the last applied indexto:(t:0, i:~)
2020-10-10 02:08:31,920 [pool-243-thread-1] INFO  server.RaftServerConfigKeys (ConfUtils.java:logGet(44)) - raft.server.notification.no-leader.timeout = 300s (custom)
2020-10-10 02:08:31,920 [pool-243-thread-1] INFO  server.RaftServerConfigKeys (ConfUtils.java:logGet(44)) - raft.server.log.use.memory = false (default)
2020-10-10 02:08:31,920 [pool-243-thread-1] INFO  server.RaftServerConfigKeys (ConfUtils.java:logGet(44)) - raft.server.log.purge.gap = 1000000 (custom)
2020-10-10 02:08:31,920 [pool-243-thread-1] INFO  metrics.RatisMetrics (RatisMetrics.java:lambda$create$0(36)) - Creating Metrics Registry : ratis.log_worker.43f5839c-c8de-4217-81eb-1bdbcb4e3fa0@group-E010B589738A
2020-10-10 02:08:31,921 [pool-243-thread-1] INFO  server.RaftServerConfigKeys (ConfUtils.java:logGet(44)) - raft.server.log.appender.buffer.byte-limit = 33554432 (custom)
2020-10-10 02:08:31,921 [pool-243-thread-1] INFO  server.RaftServerConfigKeys (ConfUtils.java:logGet(44)) - raft.server.log.segment.size.max = 1048576 (custom)
2020-10-10 02:08:31,921 [EventQueue-PipelineReportForPipelineReportHandler] INFO  pipeline.PipelineStateManager (PipelineStateManager.java:openPipeline(131)) - Pipeline Pipeline[ Id: 5218748a-bac5-475c-81cb-e010b589738a, Nodes: 43f5839c-c8de-4217-81eb-1bdbcb4e3fa0{ip: 172.17.0.2, host: 2df54852b2a6, networkLocation: /default-rack, certSerialId: null}, Type:RATIS, Factor:ONE, State:ALLOCATED, leaderId:43f5839c-c8de-4217-81eb-1bdbcb4e3fa0, CreationTimestamp2020-10-10T02:08:28.918Z] moved to OPEN state
2020-10-10 02:08:31,921 [EventQueue-OpenPipelineForOneReplicaPipelineSafeModeRule] INFO  safemode.SCMSafeModeManager (SCMSafeModeManager.java:validateSafeModeExitRules(214)) - AtleastOneDatanodeReportedRule rule is successfully validated
2020-10-10 02:08:31,921 [EventQueue-OpenPipelineForHealthyPipelineSafeModeRule] INFO  safemode.SCMSafeModeManager (HealthyPipelineSafeModeRule.java:process(129)) - SCM in safe mode. Healthy pipelines reported count is 0, required healthy pipeline reported count is 1
2020-10-10 02:08:31,922 [pool-243-thread-1] INFO  server.RaftServerConfigKeys (ConfUtils.java:logGet(44)) - raft.server.log.segment.cache.num.max = 2 (custom)
2020-10-10 02:08:31,922 [pool-243-thread-1] INFO  segmented.SegmentedRaftLogWorker (SegmentedRaftLogWorker.java:<init>(180)) - new 43f5839c-c8de-4217-81eb-1bdbcb4e3fa0@group-E010B589738A-SegmentedRaftLogWorker for RaftStorage:Storage Directory /github/workspace/mnt/ozone/hadoop-ozone/integration-test/target/test-dir/MiniOzoneClusterImpl-1565a709-8e1e-42be-9f8b-10d30925cb12/datanode-5/data/ratis/5218748a-bac5-475c-81cb-e010b589738a
2020-10-10 02:08:31,922 [pool-243-thread-1] INFO  server.RaftServerConfigKeys (ConfUtils.java:logGet(44)) - raft.server.log.queue.byte-limit = 2147483647 (custom)
2020-10-10 02:08:31,922 [pool-243-thread-1] INFO  server.RaftServerConfigKeys (ConfUtils.java:logGet(44)) - raft.server.log.queue.element-limit = 1024 (custom)
2020-10-10 02:08:31,922 [pool-243-thread-1] INFO  server.RaftServerConfigKeys (ConfUtils.java:logGet(44)) - raft.server.log.segment.size.max = 1048576 (custom)
2020-10-10 02:08:31,922 [pool-243-thread-1] INFO  server.RaftServerConfigKeys (ConfUtils.java:logGet(44)) - raft.server.log.preallocated.size = 16384 (custom)
2020-10-10 02:08:31,922 [pool-243-thread-1] INFO  server.RaftServerConfigKeys (ConfUtils.java:logGet(44)) - raft.server.log.write.buffer.size = 1048576 (custom)
2020-10-10 02:08:31,922 [pool-243-thread-1] INFO  server.RaftServerConfigKeys (ConfUtils.java:logGet(44)) - raft.server.log.force.sync.num = 128 (default)
2020-10-10 02:08:31,922 [pool-243-thread-1] INFO  server.RaftServerConfigKeys (ConfUtils.java:logGet(44)) - raft.server.log.statemachine.data.sync = true (default)
2020-10-10 02:08:31,922 [pool-243-thread-1] INFO  server.RaftServerConfigKeys (ConfUtils.java:logGet(44)) - raft.server.log.statemachine.data.sync.timeout = 10s (default)
2020-10-10 02:08:31,923 [pool-243-thread-1] INFO  server.RaftServerConfigKeys (ConfUtils.java:logGet(44)) - raft.server.log.statemachine.data.sync.timeout.retry = -1 (default)
2020-10-10 02:08:31,924 [pool-243-thread-1] INFO  server.RaftServerConfigKeys (ConfUtils.java:logGet(44)) - raft.server.log.statemachine.data.caching.enabled = true (custom)
2020-10-10 02:08:31,924 [pool-243-thread-1] INFO  segmented.SegmentedRaftLogWorker (SegmentedRaftLogWorker.java:lambda$new$0(129)) - 43f5839c-c8de-4217-81eb-1bdbcb4e3fa0@group-E010B589738A-SegmentedRaftLogWorker: flushIndex: setUnconditionally 0 -> -1
2020-10-10 02:08:31,925 [pool-243-thread-1] INFO  segmented.SegmentedRaftLogWorker (SegmentedRaftLogWorker.java:lambda$new$0(129)) - 43f5839c-c8de-4217-81eb-1bdbcb4e3fa0@group-E010B589738A-SegmentedRaftLogWorker: safeCacheEvictIndex: setUnconditionally 0 -> -1
2020-10-10 02:08:31,926 [pool-243-thread-1] INFO  server.RaftServerConfigKeys (ConfUtils.java:logGet(44)) - raft.server.snapshot.auto.trigger.enabled = true (custom)
2020-10-10 02:08:31,926 [pool-243-thread-1] INFO  server.RaftServerConfigKeys (ConfUtils.java:logGet(44)) - raft.server.snapshot.auto.trigger.threshold = 10000 (custom)
2020-10-10 02:08:31,926 [pool-243-thread-1] INFO  server.RaftServerConfigKeys (ConfUtils.java:logGet(44)) - raft.server.snapshot.retention.file.num = 5 (custom)
2020-10-10 02:08:31,927 [pool-243-thread-1] INFO  server.RaftServerConfigKeys (ConfUtils.java:logGet(44)) - raft.server.log.purge.upto.snapshot.index = false (default)
2020-10-10 02:08:31,927 [pool-243-thread-1] INFO  server.RaftServerConfigKeys (ConfUtils.java:logGet(44)) - raft.server.retrycache.expirytime = 600000ms (custom)
2020-10-10 02:08:31,927 [pool-243-thread-1] INFO  metrics.RatisMetrics (RatisMetrics.java:lambda$create$0(36)) - Creating Metrics Registry : ratis.leader_election.43f5839c-c8de-4217-81eb-1bdbcb4e3fa0@group-E010B589738A
2020-10-10 02:08:31,927 [pool-243-thread-1] INFO  metrics.RatisMetrics (RatisMetrics.java:lambda$create$0(36)) - Creating Metrics Registry : ratis.server.43f5839c-c8de-4217-81eb-1bdbcb4e3fa0@group-E010B589738A
2020-10-10 02:08:31,928 [pool-243-thread-1] INFO  impl.RaftServerImpl (RaftServerImpl.java:start(209)) - 43f5839c-c8de-4217-81eb-1bdbcb4e3fa0@group-E010B589738A: start as a follower, conf=-1: [43f5839c-c8de-4217-81eb-1bdbcb4e3fa0:172.17.0.2:42531:0], old=null
2020-10-10 02:08:31,928 [pool-243-thread-1] INFO  impl.RaftServerImpl (RaftServerImpl.java:setRole(198)) - 43f5839c-c8de-4217-81eb-1bdbcb4e3fa0@group-E010B589738A: changes role from      null to FOLLOWER at term 0 for startAsFollower
2020-10-10 02:08:31,928 [pool-243-thread-1] INFO  impl.RoleInfo (RoleInfo.java:updateAndGet(143)) - 43f5839c-c8de-4217-81eb-1bdbcb4e3fa0: start FollowerState
2020-10-10 02:08:31,932 [pool-243-thread-1] INFO  util.JmxRegister (JmxRegister.java:tryRegister(44)) - Successfully registered JMX Bean with object name Ratis:service=RaftServer,group=group-E010B589738A,id=43f5839c-c8de-4217-81eb-1bdbcb4e3fa0
2020-10-10 02:08:31,932 [pool-243-thread-1] INFO  metrics.RatisMetrics (RatisMetrics.java:lambda$create$0(36)) - Creating Metrics Registry : ratis.state_machine.43f5839c-c8de-4217-81eb-1bdbcb4e3fa0@group-E010B589738A
2020-10-10 02:08:31,942 [Command processor thread] INFO  commandhandler.CreatePipelineCommandHandler (CreatePipelineCommandHandler.java:handle(110)) - Created Pipeline RATIS ONE #id: "5218748a-bac5-475c-81cb-e010b589738a"
uuid128 {
  mostSigBits: 5915606249738946396
  leastSigBits: -9093928660174802038
}
.
2020-10-10 02:08:32,125 [Listener at 127.0.0.1/44617] INFO  ozone.MiniOzoneClusterImpl (MiniOzoneClusterImpl.java:lambda$waitForClusterToBeReady$0(177)) - Nodes are ready. Got 7 of 7 DN Heartbeats.
2020-10-10 02:08:32,125 [Listener at 127.0.0.1/44617] INFO  ozone.MiniOzoneClusterImpl (MiniOzoneClusterImpl.java:lambda$waitForClusterToBeReady$0(180)) - Waiting for cluster to exit safe mode
2020-10-10 02:08:32,125 [Command processor thread] INFO  impl.RaftServerProxy (RaftServerProxy.java:addNew(92)) - 23601240-7ba9-45ef-86a8-484ff669ec18: addNew group-F5BCA22B2457:[23601240-7ba9-45ef-86a8-484ff669ec18:172.17.0.2:35209:0] returns group-F5BCA22B2457:java.util.concurrent.CompletableFuture@737518d2[Not completed]
2020-10-10 02:08:32,127 [pool-258-thread-1] INFO  impl.RaftServerImpl (RaftServerImpl.java:<init>(120)) - 23601240-7ba9-45ef-86a8-484ff669ec18: new RaftServerImpl for group-F5BCA22B2457:[23601240-7ba9-45ef-86a8-484ff669ec18:172.17.0.2:35209:0] with ContainerStateMachine:uninitialized
2020-10-10 02:08:32,127 [pool-258-thread-1] INFO  server.RaftServerConfigKeys (ConfUtils.java:logGet(44)) - raft.server.rpc.timeout.min = 5s (custom)
2020-10-10 02:08:32,127 [pool-258-thread-1] INFO  server.RaftServerConfigKeys (ConfUtils.java:logGet(44)) - raft.server.rpc.timeout.max = 5200ms (custom)
2020-10-10 02:08:32,127 [pool-258-thread-1] INFO  server.RaftServerConfigKeys (ConfUtils.java:logGet(44)) - raft.server.rpcslowness.timeout = 300s (custom)
2020-10-10 02:08:32,127 [pool-258-thread-1] INFO  server.RaftServerConfigKeys (ConfUtils.java:logGet(44)) - raft.server.sleep.deviation.threshold = 300 (default)
2020-10-10 02:08:32,127 [pool-258-thread-1] INFO  server.RaftServerConfigKeys (ConfUtils.java:logGet(44)) - raft.server.log.appender.install.snapshot.enabled = false (custom)
2020-10-10 02:08:32,127 [pool-258-thread-1] INFO  impl.RaftServerImpl (ServerState.java:<init>(104)) - 23601240-7ba9-45ef-86a8-484ff669ec18@group-F5BCA22B2457: ConfigurationManager, init=-1: [23601240-7ba9-45ef-86a8-484ff669ec18:172.17.0.2:35209:0], old=null, confs=<EMPTY_MAP>
2020-10-10 02:08:32,127 [pool-258-thread-1] INFO  server.RaftServerConfigKeys (ConfUtils.java:logGet(44)) - raft.server.storage.dir = [/github/workspace/mnt/ozone/hadoop-ozone/integration-test/target/test-dir/MiniOzoneClusterImpl-1565a709-8e1e-42be-9f8b-10d30925cb12/datanode-6/data/ratis] (custom)
2020-10-10 02:08:32,128 [pool-258-thread-1] INFO  server.RaftServerConfigKeys (ConfUtils.java:logGet(44)) - raft.server.log.corruption.policy = EXCEPTION (default)
2020-10-10 02:08:32,128 [pool-258-thread-1] INFO  storage.RaftStorageDirectory (RaftStorageDirectory.java:analyzeStorage(261)) - The storage directory /github/workspace/mnt/ozone/hadoop-ozone/integration-test/target/test-dir/MiniOzoneClusterImpl-1565a709-8e1e-42be-9f8b-10d30925cb12/datanode-6/data/ratis/2fdf63cc-d680-48a9-b4b9-f5bca22b2457 does not exist. Creating ...
2020-10-10 02:08:32,129 [pool-258-thread-1] INFO  storage.RaftStorageDirectory (RaftStorageDirectory.java:tryLock(343)) - Lock on /github/workspace/mnt/ozone/hadoop-ozone/integration-test/target/test-dir/MiniOzoneClusterImpl-1565a709-8e1e-42be-9f8b-10d30925cb12/datanode-6/data/ratis/2fdf63cc-d680-48a9-b4b9-f5bca22b2457/in_use.lock acquired by nodename 13280@2df54852b2a6
2020-10-10 02:08:32,131 [pool-258-thread-1] INFO  storage.RaftStorage (RaftStorage.java:format(84)) - Storage directory /github/workspace/mnt/ozone/hadoop-ozone/integration-test/target/test-dir/MiniOzoneClusterImpl-1565a709-8e1e-42be-9f8b-10d30925cb12/datanode-6/data/ratis/2fdf63cc-d680-48a9-b4b9-f5bca22b2457 has been successfully formatted.
2020-10-10 02:08:32,131 [pool-258-thread-1] INFO  ratis.ContainerStateMachine (ContainerStateMachine.java:loadSnapshot(225)) - group-F5BCA22B2457: The snapshot info is null. Setting the last applied indexto:(t:0, i:~)
2020-10-10 02:08:32,131 [pool-258-thread-1] INFO  server.RaftServerConfigKeys (ConfUtils.java:logGet(44)) - raft.server.notification.no-leader.timeout = 300s (custom)
2020-10-10 02:08:32,131 [pool-258-thread-1] INFO  server.RaftServerConfigKeys (ConfUtils.java:logGet(44)) - raft.server.log.use.memory = false (default)
2020-10-10 02:08:32,131 [pool-258-thread-1] INFO  server.RaftServerConfigKeys (ConfUtils.java:logGet(44)) - raft.server.log.purge.gap = 1000000 (custom)
2020-10-10 02:08:32,132 [pool-258-thread-1] INFO  metrics.RatisMetrics (RatisMetrics.java:lambda$create$0(36)) - Creating Metrics Registry : ratis.log_worker.23601240-7ba9-45ef-86a8-484ff669ec18@group-F5BCA22B2457
2020-10-10 02:08:32,132 [pool-258-thread-1] INFO  server.RaftServerConfigKeys (ConfUtils.java:logGet(44)) - raft.server.log.appender.buffer.byte-limit = 33554432 (custom)
2020-10-10 02:08:32,132 [pool-258-thread-1] INFO  server.RaftServerConfigKeys (ConfUtils.java:logGet(44)) - raft.server.log.segment.size.max = 1048576 (custom)
2020-10-10 02:08:32,133 [pool-258-thread-1] INFO  server.RaftServerConfigKeys (ConfUtils.java:logGet(44)) - raft.server.log.segment.cache.num.max = 2 (custom)
2020-10-10 02:08:32,133 [pool-258-thread-1] INFO  segmented.SegmentedRaftLogWorker (SegmentedRaftLogWorker.java:<init>(180)) - new 23601240-7ba9-45ef-86a8-484ff669ec18@group-F5BCA22B2457-SegmentedRaftLogWorker for RaftStorage:Storage Directory /github/workspace/mnt/ozone/hadoop-ozone/integration-test/target/test-dir/MiniOzoneClusterImpl-1565a709-8e1e-42be-9f8b-10d30925cb12/datanode-6/data/ratis/2fdf63cc-d680-48a9-b4b9-f5bca22b2457
2020-10-10 02:08:32,133 [pool-258-thread-1] INFO  server.RaftServerConfigKeys (ConfUtils.java:logGet(44)) - raft.server.log.queue.byte-limit = 2147483647 (custom)
2020-10-10 02:08:32,133 [pool-258-thread-1] INFO  server.RaftServerConfigKeys (ConfUtils.java:logGet(44)) - raft.server.log.queue.element-limit = 1024 (custom)
2020-10-10 02:08:32,133 [pool-258-thread-1] INFO  server.RaftServerConfigKeys (ConfUtils.java:logGet(44)) - raft.server.log.segment.size.max = 1048576 (custom)
2020-10-10 02:08:32,133 [pool-258-thread-1] INFO  server.RaftServerConfigKeys (ConfUtils.java:logGet(44)) - raft.server.log.preallocated.size = 16384 (custom)
2020-10-10 02:08:32,133 [pool-258-thread-1] INFO  server.RaftServerConfigKeys (ConfUtils.java:logGet(44)) - raft.server.log.write.buffer.size = 1048576 (custom)
2020-10-10 02:08:32,133 [pool-258-thread-1] INFO  server.RaftServerConfigKeys (ConfUtils.java:logGet(44)) - raft.server.log.force.sync.num = 128 (default)
2020-10-10 02:08:32,133 [pool-258-thread-1] INFO  server.RaftServerConfigKeys (ConfUtils.java:logGet(44)) - raft.server.log.statemachine.data.sync = true (default)
2020-10-10 02:08:32,133 [pool-258-thread-1] INFO  server.RaftServerConfigKeys (ConfUtils.java:logGet(44)) - raft.server.log.statemachine.data.sync.timeout = 10s (default)
2020-10-10 02:08:32,134 [pool-258-thread-1] INFO  server.RaftServerConfigKeys (ConfUtils.java:logGet(44)) - raft.server.log.statemachine.data.sync.timeout.retry = -1 (default)
2020-10-10 02:08:32,136 [pool-258-thread-1] INFO  server.RaftServerConfigKeys (ConfUtils.java:logGet(44)) - raft.server.log.statemachine.data.caching.enabled = true (custom)
2020-10-10 02:08:32,136 [pool-258-thread-1] INFO  segmented.SegmentedRaftLogWorker (SegmentedRaftLogWorker.java:lambda$new$0(129)) - 23601240-7ba9-45ef-86a8-484ff669ec18@group-F5BCA22B2457-SegmentedRaftLogWorker: flushIndex: setUnconditionally 0 -> -1
2020-10-10 02:08:32,136 [pool-258-thread-1] INFO  segmented.SegmentedRaftLogWorker (SegmentedRaftLogWorker.java:lambda$new$0(129)) - 23601240-7ba9-45ef-86a8-484ff669ec18@group-F5BCA22B2457-SegmentedRaftLogWorker: safeCacheEvictIndex: setUnconditionally 0 -> -1
2020-10-10 02:08:32,139 [pool-258-thread-1] INFO  server.RaftServerConfigKeys (ConfUtils.java:logGet(44)) - raft.server.snapshot.auto.trigger.enabled = true (custom)
2020-10-10 02:08:32,140 [pool-258-thread-1] INFO  server.RaftServerConfigKeys (ConfUtils.java:logGet(44)) - raft.server.snapshot.auto.trigger.threshold = 10000 (custom)
2020-10-10 02:08:32,140 [pool-258-thread-1] INFO  server.RaftServerConfigKeys (ConfUtils.java:logGet(44)) - raft.server.snapshot.retention.file.num = 5 (custom)
2020-10-10 02:08:32,140 [pool-258-thread-1] INFO  server.RaftServerConfigKeys (ConfUtils.java:logGet(44)) - raft.server.log.purge.upto.snapshot.index = false (default)
2020-10-10 02:08:32,140 [pool-258-thread-1] INFO  server.RaftServerConfigKeys (ConfUtils.java:logGet(44)) - raft.server.retrycache.expirytime = 600000ms (custom)
2020-10-10 02:08:32,140 [pool-258-thread-1] INFO  metrics.RatisMetrics (RatisMetrics.java:lambda$create$0(36)) - Creating Metrics Registry : ratis.leader_election.23601240-7ba9-45ef-86a8-484ff669ec18@group-F5BCA22B2457
2020-10-10 02:08:32,140 [pool-258-thread-1] INFO  metrics.RatisMetrics (RatisMetrics.java:lambda$create$0(36)) - Creating Metrics Registry : ratis.server.23601240-7ba9-45ef-86a8-484ff669ec18@group-F5BCA22B2457
2020-10-10 02:08:32,142 [pool-258-thread-1] INFO  impl.RaftServerImpl (RaftServerImpl.java:start(209)) - 23601240-7ba9-45ef-86a8-484ff669ec18@group-F5BCA22B2457: start as a follower, conf=-1: [23601240-7ba9-45ef-86a8-484ff669ec18:172.17.0.2:35209:0], old=null
2020-10-10 02:08:32,142 [pool-258-thread-1] INFO  impl.RaftServerImpl (RaftServerImpl.java:setRole(198)) - 23601240-7ba9-45ef-86a8-484ff669ec18@group-F5BCA22B2457: changes role from      null to FOLLOWER at term 0 for startAsFollower
2020-10-10 02:08:32,142 [pool-258-thread-1] INFO  impl.RoleInfo (RoleInfo.java:updateAndGet(143)) - 23601240-7ba9-45ef-86a8-484ff669ec18: start FollowerState
2020-10-10 02:08:32,141 [EventQueue-PipelineReportForPipelineReportHandler] INFO  pipeline.PipelineStateManager (PipelineStateManager.java:openPipeline(131)) - Pipeline Pipeline[ Id: 2fdf63cc-d680-48a9-b4b9-f5bca22b2457, Nodes: 23601240-7ba9-45ef-86a8-484ff669ec18{ip: 172.17.0.2, host: 2df54852b2a6, networkLocation: /default-rack, certSerialId: null}, Type:RATIS, Factor:ONE, State:ALLOCATED, leaderId:23601240-7ba9-45ef-86a8-484ff669ec18, CreationTimestamp2020-10-10T02:08:29.125Z] moved to OPEN state
2020-10-10 02:08:32,142 [EventQueue-OpenPipelineForOneReplicaPipelineSafeModeRule] INFO  safemode.SCMSafeModeManager (SCMSafeModeManager.java:validateSafeModeExitRules(214)) - AtleastOneDatanodeReportedRule rule is successfully validated
2020-10-10 02:08:32,143 [EventQueue-OpenPipelineForHealthyPipelineSafeModeRule] INFO  safemode.SCMSafeModeManager (HealthyPipelineSafeModeRule.java:process(129)) - SCM in safe mode. Healthy pipelines reported count is 0, required healthy pipeline reported count is 1
2020-10-10 02:08:32,143 [pool-258-thread-1] INFO  util.JmxRegister (JmxRegister.java:tryRegister(44)) - Successfully registered JMX Bean with object name Ratis:service=RaftServer,group=group-F5BCA22B2457,id=23601240-7ba9-45ef-86a8-484ff669ec18
2020-10-10 02:08:32,143 [pool-258-thread-1] INFO  metrics.RatisMetrics (RatisMetrics.java:lambda$create$0(36)) - Creating Metrics Registry : ratis.state_machine.23601240-7ba9-45ef-86a8-484ff669ec18@group-F5BCA22B2457
2020-10-10 02:08:32,144 [Command processor thread] INFO  commandhandler.CreatePipelineCommandHandler (CreatePipelineCommandHandler.java:handle(110)) - Created Pipeline RATIS ONE #id: "2fdf63cc-d680-48a9-b4b9-f5bca22b2457"
uuid128 {
  mostSigBits: 3449585571012298921
  leastSigBits: -5424034085667658665
}
.
2020-10-10 02:08:33,125 [Listener at 127.0.0.1/44617] INFO  ozone.MiniOzoneClusterImpl (MiniOzoneClusterImpl.java:lambda$waitForClusterToBeReady$0(177)) - Nodes are ready. Got 7 of 7 DN Heartbeats.
2020-10-10 02:08:33,125 [Listener at 127.0.0.1/44617] INFO  ozone.MiniOzoneClusterImpl (MiniOzoneClusterImpl.java:lambda$waitForClusterToBeReady$0(180)) - Waiting for cluster to exit safe mode
2020-10-10 02:08:34,126 [Listener at 127.0.0.1/44617] INFO  ozone.MiniOzoneClusterImpl (MiniOzoneClusterImpl.java:lambda$waitForClusterToBeReady$0(177)) - Nodes are ready. Got 7 of 7 DN Heartbeats.
2020-10-10 02:08:34,126 [Listener at 127.0.0.1/44617] INFO  ozone.MiniOzoneClusterImpl (MiniOzoneClusterImpl.java:lambda$waitForClusterToBeReady$0(180)) - Waiting for cluster to exit safe mode
2020-10-10 02:08:35,126 [Listener at 127.0.0.1/44617] INFO  ozone.MiniOzoneClusterImpl (MiniOzoneClusterImpl.java:lambda$waitForClusterToBeReady$0(177)) - Nodes are ready. Got 7 of 7 DN Heartbeats.
2020-10-10 02:08:35,126 [Listener at 127.0.0.1/44617] INFO  ozone.MiniOzoneClusterImpl (MiniOzoneClusterImpl.java:lambda$waitForClusterToBeReady$0(180)) - Waiting for cluster to exit safe mode
2020-10-10 02:08:35,916 [Thread-594] INFO  impl.FollowerState (FollowerState.java:run(108)) - e25c889a-af96-48f7-b924-f05d6aaf86f9@group-00DBA911AA2E-FollowerState: change to CANDIDATE, lastRpcTime:5051ms, electionTimeout:5051ms
2020-10-10 02:08:35,916 [Thread-594] INFO  impl.RoleInfo (RoleInfo.java:shutdownFollowerState(121)) - e25c889a-af96-48f7-b924-f05d6aaf86f9: shutdown FollowerState
2020-10-10 02:08:35,916 [Thread-594] INFO  impl.RaftServerImpl (RaftServerImpl.java:setRole(198)) - e25c889a-af96-48f7-b924-f05d6aaf86f9@group-00DBA911AA2E: changes role from  FOLLOWER to CANDIDATE at term 0 for changeToCandidate
2020-10-10 02:08:35,916 [Thread-594] INFO  impl.RoleInfo (RoleInfo.java:updateAndGet(143)) - e25c889a-af96-48f7-b924-f05d6aaf86f9: start LeaderElection
2020-10-10 02:08:35,923 [e25c889a-af96-48f7-b924-f05d6aaf86f9@group-00DBA911AA2E-LeaderElection13] INFO  impl.LeaderElection (LeaderElection.java:askForVotes(210)) - e25c889a-af96-48f7-b924-f05d6aaf86f9@group-00DBA911AA2E-LeaderElection13: begin an election at term 1 for -1: [0bc64d23-9ed1-4611-b85c-3104296e559c:172.17.0.2:35701:0, e25c889a-af96-48f7-b924-f05d6aaf86f9:172.17.0.2:38945:0, 78604002-ff5a-45ff-a78c-fcc3df81f009:172.17.0.2:37725:0], old=null
2020-10-10 02:08:35,940 [grpc-default-executor-3] INFO  impl.RaftServerImpl (RaftServerImpl.java:setRole(198)) - 0bc64d23-9ed1-4611-b85c-3104296e559c@group-00DBA911AA2E: changes role from  FOLLOWER to FOLLOWER at term 1 for recognizeCandidate:e25c889a-af96-48f7-b924-f05d6aaf86f9
2020-10-10 02:08:35,940 [grpc-default-executor-3] INFO  impl.RoleInfo (RoleInfo.java:shutdownFollowerState(121)) - 0bc64d23-9ed1-4611-b85c-3104296e559c: shutdown FollowerState
2020-10-10 02:08:35,940 [grpc-default-executor-3] INFO  impl.RoleInfo (RoleInfo.java:updateAndGet(143)) - 0bc64d23-9ed1-4611-b85c-3104296e559c: start FollowerState
2020-10-10 02:08:35,940 [grpc-default-executor-3] INFO  impl.RaftServerImpl (RaftServerImpl.java:requestVote(923)) -  FOLLOWER 0bc64d23-9ed1-4611-b85c-3104296e559c@group-00DBA911AA2E:t1, leader=null, voted=null, raftlog=0bc64d23-9ed1-4611-b85c-3104296e559c@group-00DBA911AA2E-SegmentedRaftLog:OPENED:c-1,f-1,i0, conf=-1: [0bc64d23-9ed1-4611-b85c-3104296e559c:172.17.0.2:35701:0, e25c889a-af96-48f7-b924-f05d6aaf86f9:172.17.0.2:38945:0, 78604002-ff5a-45ff-a78c-fcc3df81f009:172.17.0.2:37725:0], old=null RUNNING priority:0 candidate:e25c889a-af96-48f7-b924-f05d6aaf86f9:172.17.0.2:38945:0 candidatePriority:0 compare:0
2020-10-10 02:08:35,941 [Thread-597] INFO  impl.FollowerState (FollowerState.java:run(117)) - 0bc64d23-9ed1-4611-b85c-3104296e559c@group-00DBA911AA2E-FollowerState was interrupted: java.lang.InterruptedException: sleep interrupted
2020-10-10 02:08:35,945 [grpc-default-executor-3] INFO  metrics.RatisMetrics (RatisMetrics.java:lambda$create$0(36)) - Creating Metrics Registry : ratis.server_message_metrics.78604002-ff5a-45ff-a78c-fcc3df81f009
2020-10-10 02:08:35,946 [e25c889a-af96-48f7-b924-f05d6aaf86f9@group-00DBA911AA2E-LeaderElection13] INFO  impl.LeaderElection (LeaderElection.java:logAndReturn(62)) - e25c889a-af96-48f7-b924-f05d6aaf86f9@group-00DBA911AA2E-LeaderElection13: Election PASSED; received 1 response(s) [e25c889a-af96-48f7-b924-f05d6aaf86f9<-0bc64d23-9ed1-4611-b85c-3104296e559c#0:OK-t1] and 0 exception(s); e25c889a-af96-48f7-b924-f05d6aaf86f9@group-00DBA911AA2E:t1, leader=null, voted=e25c889a-af96-48f7-b924-f05d6aaf86f9, raftlog=e25c889a-af96-48f7-b924-f05d6aaf86f9@group-00DBA911AA2E-SegmentedRaftLog:OPENED:c-1,f-1,i0, conf=-1: [0bc64d23-9ed1-4611-b85c-3104296e559c:172.17.0.2:35701:0, e25c889a-af96-48f7-b924-f05d6aaf86f9:172.17.0.2:38945:0, 78604002-ff5a-45ff-a78c-fcc3df81f009:172.17.0.2:37725:0], old=null
2020-10-10 02:08:35,950 [grpc-default-executor-3] INFO  impl.RaftServerImpl (RaftServerImpl.java:setRole(198)) - 78604002-ff5a-45ff-a78c-fcc3df81f009@group-00DBA911AA2E: changes role from  FOLLOWER to FOLLOWER at term 1 for recognizeCandidate:e25c889a-af96-48f7-b924-f05d6aaf86f9
2020-10-10 02:08:35,950 [grpc-default-executor-3] INFO  impl.RoleInfo (RoleInfo.java:shutdownFollowerState(121)) - 78604002-ff5a-45ff-a78c-fcc3df81f009: shutdown FollowerState
2020-10-10 02:08:35,950 [grpc-default-executor-3] INFO  impl.RoleInfo (RoleInfo.java:updateAndGet(143)) - 78604002-ff5a-45ff-a78c-fcc3df81f009: start FollowerState
2020-10-10 02:08:35,950 [e25c889a-af96-48f7-b924-f05d6aaf86f9@group-00DBA911AA2E-LeaderElection13] INFO  impl.RoleInfo (RoleInfo.java:shutdownLeaderElection(134)) - e25c889a-af96-48f7-b924-f05d6aaf86f9: shutdown LeaderElection
2020-10-10 02:08:35,954 [e25c889a-af96-48f7-b924-f05d6aaf86f9@group-00DBA911AA2E-LeaderElection13] INFO  impl.RaftServerImpl (RaftServerImpl.java:setRole(198)) - e25c889a-af96-48f7-b924-f05d6aaf86f9@group-00DBA911AA2E: changes role from CANDIDATE to LEADER at term 1 for changeToLeader
2020-10-10 02:08:35,954 [e25c889a-af96-48f7-b924-f05d6aaf86f9@group-00DBA911AA2E-LeaderElection13] INFO  ratis.XceiverServerRatis (XceiverServerRatis.java:handleLeaderChangedNotification(822)) - Leader change notification received for group: group-00DBA911AA2E with new leaderId: e25c889a-af96-48f7-b924-f05d6aaf86f9
2020-10-10 02:08:35,951 [grpc-default-executor-3] INFO  impl.RaftServerImpl (RaftServerImpl.java:requestVote(923)) -  FOLLOWER 78604002-ff5a-45ff-a78c-fcc3df81f009@group-00DBA911AA2E:t1, leader=null, voted=null, raftlog=78604002-ff5a-45ff-a78c-fcc3df81f009@group-00DBA911AA2E-SegmentedRaftLog:OPENED:c-1,f-1,i0, conf=-1: [0bc64d23-9ed1-4611-b85c-3104296e559c:172.17.0.2:35701:0, e25c889a-af96-48f7-b924-f05d6aaf86f9:172.17.0.2:38945:0, 78604002-ff5a-45ff-a78c-fcc3df81f009:172.17.0.2:37725:0], old=null RUNNING priority:0 candidate:e25c889a-af96-48f7-b924-f05d6aaf86f9:172.17.0.2:38945:0 candidatePriority:0 compare:0
2020-10-10 02:08:35,950 [Thread-592] INFO  impl.FollowerState (FollowerState.java:run(117)) - 78604002-ff5a-45ff-a78c-fcc3df81f009@group-00DBA911AA2E-FollowerState was interrupted: java.lang.InterruptedException: sleep interrupted
2020-10-10 02:08:35,956 [EventQueue-PipelineReportForPipelineReportHandler] INFO  pipeline.PipelineStateManager (PipelineStateManager.java:openPipeline(131)) - Pipeline Pipeline[ Id: 6d4ea811-310d-4287-a256-00dba911aa2e, Nodes: 78604002-ff5a-45ff-a78c-fcc3df81f009{ip: 172.17.0.2, host: 2df54852b2a6, networkLocation: /default-rack, certSerialId: null}e25c889a-af96-48f7-b924-f05d6aaf86f9{ip: 172.17.0.2, host: 2df54852b2a6, networkLocation: /default-rack, certSerialId: null}0bc64d23-9ed1-4611-b85c-3104296e559c{ip: 172.17.0.2, host: 2df54852b2a6, networkLocation: /default-rack, certSerialId: null}, Type:RATIS, Factor:THREE, State:ALLOCATED, leaderId:e25c889a-af96-48f7-b924-f05d6aaf86f9, CreationTimestamp2020-10-10T02:08:28.186Z] moved to OPEN state
2020-10-10 02:08:35,957 [EventQueue-OpenPipelineForOneReplicaPipelineSafeModeRule] INFO  safemode.SCMSafeModeManager (SCMSafeModeManager.java:validateSafeModeExitRules(214)) - AtleastOneDatanodeReportedRule rule is successfully validated
2020-10-10 02:08:35,957 [EventQueue-OpenPipelineForHealthyPipelineSafeModeRule] INFO  safemode.SCMSafeModeManager (HealthyPipelineSafeModeRule.java:process(129)) - SCM in safe mode. Healthy pipelines reported count is 1, required healthy pipeline reported count is 1
2020-10-10 02:08:35,958 [EventQueue-OpenPipelineForHealthyPipelineSafeModeRule] INFO  safemode.SCMSafeModeManager (SCMSafeModeManager.java:validateSafeModeExitRules(214)) - HealthyPipelineSafeModeRule rule is successfully validated
2020-10-10 02:08:35,958 [EventQueue-OpenPipelineForHealthyPipelineSafeModeRule] INFO  safemode.SCMSafeModeManager (SCMSafeModeManager.java:validateSafeModeExitRules(228)) - ScmSafeModeManager, all rules are successfully validated
2020-10-10 02:08:35,958 [EventQueue-OpenPipelineForHealthyPipelineSafeModeRule] INFO  safemode.SCMSafeModeManager (SCMSafeModeManager.java:exitSafeMode(257)) - SCM exiting safe mode.
2020-10-10 02:08:35,956 [e25c889a-af96-48f7-b924-f05d6aaf86f9@group-00DBA911AA2E-LeaderElection13] INFO  impl.RaftServerImpl (ServerState.java:setLeader(256)) - e25c889a-af96-48f7-b924-f05d6aaf86f9@group-00DBA911AA2E: change Leader from null to e25c889a-af96-48f7-b924-f05d6aaf86f9 at term 1 for becomeLeader, leader elected after 5100ms
2020-10-10 02:08:35,958 [e25c889a-af96-48f7-b924-f05d6aaf86f9@group-00DBA911AA2E-LeaderElection13] INFO  server.RaftServerConfigKeys (ConfUtils.java:logGet(44)) - raft.server.staging.catchup.gap = 1000 (default)
2020-10-10 02:08:35,958 [e25c889a-af96-48f7-b924-f05d6aaf86f9@group-00DBA911AA2E-LeaderElection13] INFO  server.RaftServerConfigKeys (ConfUtils.java:logGet(44)) - raft.server.rpc.sleep.time = 25ms (default)
2020-10-10 02:08:35,963 [e25c889a-af96-48f7-b924-f05d6aaf86f9@group-00DBA911AA2E-LeaderElection13] INFO  metrics.RatisMetrics (RatisMetrics.java:lambda$create$0(36)) - Creating Metrics Registry : ratis.log_appender.e25c889a-af96-48f7-b924-f05d6aaf86f9@group-00DBA911AA2E
2020-10-10 02:08:35,963 [e25c889a-af96-48f7-b924-f05d6aaf86f9@group-00DBA911AA2E-LeaderElection13] INFO  server.RaftServerConfigKeys (ConfUtils.java:logGet(44)) - raft.server.write.element-limit = 1024 (custom)
2020-10-10 02:08:35,963 [e25c889a-af96-48f7-b924-f05d6aaf86f9@group-00DBA911AA2E-LeaderElection13] INFO  server.RaftServerConfigKeys (ConfUtils.java:logGet(44)) - raft.server.write.byte-limit = 1073741824 (custom)
2020-10-10 02:08:35,963 [e25c889a-af96-48f7-b924-f05d6aaf86f9@group-00DBA911AA2E-LeaderElection13] INFO  server.RaftServerConfigKeys (ConfUtils.java:logGet(44)) - raft.server.watch.timeout = 180s (custom)
2020-10-10 02:08:35,963 [e25c889a-af96-48f7-b924-f05d6aaf86f9@group-00DBA911AA2E-LeaderElection13] INFO  server.RaftServerConfigKeys (ConfUtils.java:logGet(44)) - raft.server.watch.timeout.denomination = 1s (default)
2020-10-10 02:08:35,963 [e25c889a-af96-48f7-b924-f05d6aaf86f9@group-00DBA911AA2E-LeaderElection13] INFO  server.RaftServerConfigKeys (ConfUtils.java:logGet(44)) - raft.server.watch.element-limit = 65536 (default)
2020-10-10 02:08:35,964 [e25c889a-af96-48f7-b924-f05d6aaf86f9@group-00DBA911AA2E-LeaderElection13] INFO  server.RaftServerConfigKeys (ConfUtils.java:logGet(44)) - raft.server.log.appender.snapshot.chunk.size.max = 16MB (=16777216) (default)
2020-10-10 02:08:35,964 [e25c889a-af96-48f7-b924-f05d6aaf86f9@group-00DBA911AA2E-LeaderElection13] INFO  server.RaftServerConfigKeys (ConfUtils.java:logGet(44)) - raft.server.log.appender.buffer.byte-limit = 33554432 (custom)
2020-10-10 02:08:35,964 [e25c889a-af96-48f7-b924-f05d6aaf86f9@group-00DBA911AA2E-LeaderElection13] INFO  server.RaftServerConfigKeys (ConfUtils.java:logGet(44)) - raft.server.log.appender.buffer.element-limit = 1 (custom)
2020-10-10 02:08:35,964 [e25c889a-af96-48f7-b924-f05d6aaf86f9@group-00DBA911AA2E-LeaderElection13] INFO  grpc.GrpcConfigKeys (ConfUtils.java:logGet(44)) - raft.grpc.server.leader.outstanding.appends.max = 128 (default)
2020-10-10 02:08:35,964 [e25c889a-af96-48f7-b924-f05d6aaf86f9@group-00DBA911AA2E-LeaderElection13] INFO  server.RaftServerConfigKeys (ConfUtils.java:logGet(44)) - raft.server.rpc.request.timeout = 60s (custom)
2020-10-10 02:08:35,964 [e25c889a-af96-48f7-b924-f05d6aaf86f9@group-00DBA911AA2E-LeaderElection13] INFO  server.RaftServerConfigKeys (ConfUtils.java:logGet(44)) - raft.server.log.appender.install.snapshot.enabled = false (custom)
2020-10-10 02:08:35,964 [e25c889a-af96-48f7-b924-f05d6aaf86f9@group-00DBA911AA2E-LeaderElection13] INFO  metrics.RatisMetrics (RatisMetrics.java:lambda$create$0(36)) - Creating Metrics Registry : ratis_grpc.log_appender.e25c889a-af96-48f7-b924-f05d6aaf86f9@group-00DBA911AA2E
2020-10-10 02:08:35,965 [e25c889a-af96-48f7-b924-f05d6aaf86f9@group-00DBA911AA2E-LeaderElection13] INFO  server.RaftServerConfigKeys (ConfUtils.java:logGet(44)) - raft.server.log.appender.snapshot.chunk.size.max = 16MB (=16777216) (default)
2020-10-10 02:08:35,965 [e25c889a-af96-48f7-b924-f05d6aaf86f9@group-00DBA911AA2E-LeaderElection13] INFO  server.RaftServerConfigKeys (ConfUtils.java:logGet(44)) - raft.server.log.appender.buffer.byte-limit = 33554432 (custom)
2020-10-10 02:08:35,966 [e25c889a-af96-48f7-b924-f05d6aaf86f9@group-00DBA911AA2E-LeaderElection13] INFO  server.RaftServerConfigKeys (ConfUtils.java:logGet(44)) - raft.server.log.appender.buffer.element-limit = 1 (custom)
2020-10-10 02:08:35,966 [e25c889a-af96-48f7-b924-f05d6aaf86f9@group-00DBA911AA2E-LeaderElection13] INFO  grpc.GrpcConfigKeys (ConfUtils.java:logGet(44)) - raft.grpc.server.leader.outstanding.appends.max = 128 (default)
2020-10-10 02:08:35,966 [e25c889a-af96-48f7-b924-f05d6aaf86f9@group-00DBA911AA2E-LeaderElection13] INFO  server.RaftServerConfigKeys (ConfUtils.java:logGet(44)) - raft.server.rpc.request.timeout = 60s (custom)
2020-10-10 02:08:35,966 [e25c889a-af96-48f7-b924-f05d6aaf86f9@group-00DBA911AA2E-LeaderElection13] INFO  server.RaftServerConfigKeys (ConfUtils.java:logGet(44)) - raft.server.log.appender.install.snapshot.enabled = false (custom)
2020-10-10 02:08:35,968 [e25c889a-af96-48f7-b924-f05d6aaf86f9@group-00DBA911AA2E-LeaderElection13] INFO  impl.RoleInfo (RoleInfo.java:updateAndGet(143)) - e25c889a-af96-48f7-b924-f05d6aaf86f9: start LeaderState
2020-10-10 02:08:35,969 [e25c889a-af96-48f7-b924-f05d6aaf86f9@group-00DBA911AA2E-LeaderElection13] INFO  segmented.SegmentedRaftLogWorker (SegmentedRaftLogWorker.java:startLogSegment(397)) - e25c889a-af96-48f7-b924-f05d6aaf86f9@group-00DBA911AA2E-SegmentedRaftLogWorker: Starting segment from index:0
2020-10-10 02:08:35,970 [e25c889a-af96-48f7-b924-f05d6aaf86f9@group-00DBA911AA2E-SegmentedRaftLogWorker] INFO  segmented.SegmentedRaftLogWorker (SegmentedRaftLogWorker.java:execute(596)) - e25c889a-af96-48f7-b924-f05d6aaf86f9@group-00DBA911AA2E-SegmentedRaftLogWorker: created new log segment /github/workspace/mnt/ozone/hadoop-ozone/integration-test/target/test-dir/MiniOzoneClusterImpl-1565a709-8e1e-42be-9f8b-10d30925cb12/datanode-1/data/ratis/6d4ea811-310d-4287-a256-00dba911aa2e/current/log_inprogress_0
2020-10-10 02:08:35,988 [e25c889a-af96-48f7-b924-f05d6aaf86f9@group-00DBA911AA2E-LeaderElection13] INFO  impl.RaftServerImpl (ServerState.java:setRaftConf(374)) - e25c889a-af96-48f7-b924-f05d6aaf86f9@group-00DBA911AA2E: set configuration 0: [0bc64d23-9ed1-4611-b85c-3104296e559c:172.17.0.2:35701:0, e25c889a-af96-48f7-b924-f05d6aaf86f9:172.17.0.2:38945:0, 78604002-ff5a-45ff-a78c-fcc3df81f009:172.17.0.2:37725:0], old=null at 0
2020-10-10 02:08:35,988 [Thread-590] INFO  impl.FollowerState (FollowerState.java:run(108)) - 78604002-ff5a-45ff-a78c-fcc3df81f009@group-6540C752EEA6-FollowerState: change to CANDIDATE, lastRpcTime:5170ms, electionTimeout:5170ms
2020-10-10 02:08:35,992 [Thread-590] INFO  impl.RoleInfo (RoleInfo.java:shutdownFollowerState(121)) - 78604002-ff5a-45ff-a78c-fcc3df81f009: shutdown FollowerState
2020-10-10 02:08:35,992 [Thread-590] INFO  impl.RaftServerImpl (RaftServerImpl.java:setRole(198)) - 78604002-ff5a-45ff-a78c-fcc3df81f009@group-6540C752EEA6: changes role from  FOLLOWER to CANDIDATE at term 0 for changeToCandidate
2020-10-10 02:08:35,992 [Thread-590] INFO  impl.RoleInfo (RoleInfo.java:updateAndGet(143)) - 78604002-ff5a-45ff-a78c-fcc3df81f009: start LeaderElection
2020-10-10 02:08:35,999 [grpc-default-executor-0] INFO  ratis.XceiverServerRatis (XceiverServerRatis.java:handleLeaderChangedNotification(822)) - Leader change notification received for group: group-00DBA911AA2E with new leaderId: e25c889a-af96-48f7-b924-f05d6aaf86f9
2020-10-10 02:08:35,999 [grpc-default-executor-0] INFO  impl.RaftServerImpl (ServerState.java:setLeader(256)) - 0bc64d23-9ed1-4611-b85c-3104296e559c@group-00DBA911AA2E: change Leader from null to e25c889a-af96-48f7-b924-f05d6aaf86f9 at term 1 for appendEntries, leader elected after 5105ms
2020-10-10 02:08:36,000 [grpc-default-executor-3] INFO  ratis.XceiverServerRatis (XceiverServerRatis.java:handleLeaderChangedNotification(822)) - Leader change notification received for group: group-00DBA911AA2E with new leaderId: e25c889a-af96-48f7-b924-f05d6aaf86f9
2020-10-10 02:08:36,001 [grpc-default-executor-3] INFO  impl.RaftServerImpl (ServerState.java:setLeader(256)) - 78604002-ff5a-45ff-a78c-fcc3df81f009@group-00DBA911AA2E: change Leader from null to e25c889a-af96-48f7-b924-f05d6aaf86f9 at term 1 for appendEntries, leader elected after 5174ms
2020-10-10 02:08:36,001 [78604002-ff5a-45ff-a78c-fcc3df81f009@group-6540C752EEA6-LeaderElection14] INFO  impl.LeaderElection (LeaderElection.java:askForVotes(210)) - 78604002-ff5a-45ff-a78c-fcc3df81f009@group-6540C752EEA6-LeaderElection14: begin an election at term 1 for -1: [78604002-ff5a-45ff-a78c-fcc3df81f009:172.17.0.2:37725:0], old=null
2020-10-10 02:08:36,001 [78604002-ff5a-45ff-a78c-fcc3df81f009@group-6540C752EEA6-LeaderElection14] INFO  impl.RoleInfo (RoleInfo.java:shutdownLeaderElection(134)) - 78604002-ff5a-45ff-a78c-fcc3df81f009: shutdown LeaderElection
2020-10-10 02:08:36,001 [78604002-ff5a-45ff-a78c-fcc3df81f009@group-6540C752EEA6-LeaderElection14] INFO  impl.RaftServerImpl (RaftServerImpl.java:setRole(198)) - 78604002-ff5a-45ff-a78c-fcc3df81f009@group-6540C752EEA6: changes role from CANDIDATE to LEADER at term 1 for changeToLeader
2020-10-10 02:08:36,001 [78604002-ff5a-45ff-a78c-fcc3df81f009@group-6540C752EEA6-LeaderElection14] INFO  ratis.XceiverServerRatis (XceiverServerRatis.java:handleLeaderChangedNotification(822)) - Leader change notification received for group: group-6540C752EEA6 with new leaderId: 78604002-ff5a-45ff-a78c-fcc3df81f009
2020-10-10 02:08:36,002 [78604002-ff5a-45ff-a78c-fcc3df81f009@group-6540C752EEA6-LeaderElection14] INFO  impl.RaftServerImpl (ServerState.java:setLeader(256)) - 78604002-ff5a-45ff-a78c-fcc3df81f009@group-6540C752EEA6: change Leader from null to 78604002-ff5a-45ff-a78c-fcc3df81f009 at term 1 for becomeLeader, leader elected after 5203ms
2020-10-10 02:08:36,003 [78604002-ff5a-45ff-a78c-fcc3df81f009@group-6540C752EEA6-LeaderElection14] INFO  server.RaftServerConfigKeys (ConfUtils.java:logGet(44)) - raft.server.staging.catchup.gap = 1000 (default)
2020-10-10 02:08:36,003 [78604002-ff5a-45ff-a78c-fcc3df81f009@group-6540C752EEA6-LeaderElection14] INFO  server.RaftServerConfigKeys (ConfUtils.java:logGet(44)) - raft.server.rpc.sleep.time = 25ms (default)
2020-10-10 02:08:36,003 [grpc-default-executor-0] INFO  impl.RaftServerImpl (ServerState.java:setRaftConf(374)) - 0bc64d23-9ed1-4611-b85c-3104296e559c@group-00DBA911AA2E: set configuration 0: [0bc64d23-9ed1-4611-b85c-3104296e559c:172.17.0.2:35701:0, e25c889a-af96-48f7-b924-f05d6aaf86f9:172.17.0.2:38945:0, 78604002-ff5a-45ff-a78c-fcc3df81f009:172.17.0.2:37725:0], old=null at 0
2020-10-10 02:08:36,004 [grpc-default-executor-0] INFO  segmented.SegmentedRaftLogWorker (SegmentedRaftLogWorker.java:startLogSegment(397)) - 0bc64d23-9ed1-4611-b85c-3104296e559c@group-00DBA911AA2E-SegmentedRaftLogWorker: Starting segment from index:0
2020-10-10 02:08:36,006 [grpc-default-executor-3] INFO  impl.RaftServerImpl (ServerState.java:setRaftConf(374)) - 78604002-ff5a-45ff-a78c-fcc3df81f009@group-00DBA911AA2E: set configuration 0: [0bc64d23-9ed1-4611-b85c-3104296e559c:172.17.0.2:35701:0, e25c889a-af96-48f7-b924-f05d6aaf86f9:172.17.0.2:38945:0, 78604002-ff5a-45ff-a78c-fcc3df81f009:172.17.0.2:37725:0], old=null at 0
2020-10-10 02:08:36,006 [78604002-ff5a-45ff-a78c-fcc3df81f009@group-6540C752EEA6-LeaderElection14] INFO  metrics.RatisMetrics (RatisMetrics.java:lambda$create$0(36)) - Creating Metrics Registry : ratis.log_appender.78604002-ff5a-45ff-a78c-fcc3df81f009@group-6540C752EEA6
2020-10-10 02:08:36,007 [78604002-ff5a-45ff-a78c-fcc3df81f009@group-6540C752EEA6-LeaderElection14] INFO  server.RaftServerConfigKeys (ConfUtils.java:logGet(44)) - raft.server.write.element-limit = 1024 (custom)
2020-10-10 02:08:36,007 [78604002-ff5a-45ff-a78c-fcc3df81f009@group-6540C752EEA6-LeaderElection14] INFO  server.RaftServerConfigKeys (ConfUtils.java:logGet(44)) - raft.server.write.byte-limit = 1073741824 (custom)
2020-10-10 02:08:36,008 [grpc-default-executor-3] INFO  segmented.SegmentedRaftLogWorker (SegmentedRaftLogWorker.java:startLogSegment(397)) - 78604002-ff5a-45ff-a78c-fcc3df81f009@group-00DBA911AA2E-SegmentedRaftLogWorker: Starting segment from index:0
2020-10-10 02:08:36,013 [78604002-ff5a-45ff-a78c-fcc3df81f009@group-6540C752EEA6-LeaderElection14] INFO  server.RaftServerConfigKeys (ConfUtils.java:logGet(44)) - raft.server.watch.timeout = 180s (custom)
2020-10-10 02:08:36,013 [0bc64d23-9ed1-4611-b85c-3104296e559c@group-00DBA911AA2E-SegmentedRaftLogWorker] INFO  segmented.SegmentedRaftLogWorker (SegmentedRaftLogWorker.java:execute(596)) - 0bc64d23-9ed1-4611-b85c-3104296e559c@group-00DBA911AA2E-SegmentedRaftLogWorker: created new log segment /github/workspace/mnt/ozone/hadoop-ozone/integration-test/target/test-dir/MiniOzoneClusterImpl-1565a709-8e1e-42be-9f8b-10d30925cb12/datanode-2/data/ratis/6d4ea811-310d-4287-a256-00dba911aa2e/current/log_inprogress_0
2020-10-10 02:08:36,013 [78604002-ff5a-45ff-a78c-fcc3df81f009@group-6540C752EEA6-LeaderElection14] INFO  server.RaftServerConfigKeys (ConfUtils.java:logGet(44)) - raft.server.watch.timeout.denomination = 1s (default)
2020-10-10 02:08:36,014 [78604002-ff5a-45ff-a78c-fcc3df81f009@group-6540C752EEA6-LeaderElection14] INFO  server.RaftServerConfigKeys (ConfUtils.java:logGet(44)) - raft.server.watch.element-limit = 65536 (default)
2020-10-10 02:08:36,014 [78604002-ff5a-45ff-a78c-fcc3df81f009@group-00DBA911AA2E-SegmentedRaftLogWorker] INFO  segmented.SegmentedRaftLogWorker (SegmentedRaftLogWorker.java:execute(596)) - 78604002-ff5a-45ff-a78c-fcc3df81f009@group-00DBA911AA2E-SegmentedRaftLogWorker: created new log segment /github/workspace/mnt/ozone/hadoop-ozone/integration-test/target/test-dir/MiniOzoneClusterImpl-1565a709-8e1e-42be-9f8b-10d30925cb12/datanode-0/data/ratis/6d4ea811-310d-4287-a256-00dba911aa2e/current/log_inprogress_0
2020-10-10 02:08:36,014 [78604002-ff5a-45ff-a78c-fcc3df81f009@group-6540C752EEA6-LeaderElection14] INFO  impl.RoleInfo (RoleInfo.java:updateAndGet(143)) - 78604002-ff5a-45ff-a78c-fcc3df81f009: start LeaderState
2020-10-10 02:08:36,015 [78604002-ff5a-45ff-a78c-fcc3df81f009@group-6540C752EEA6-LeaderElection14] INFO  segmented.SegmentedRaftLogWorker (SegmentedRaftLogWorker.java:startLogSegment(397)) - 78604002-ff5a-45ff-a78c-fcc3df81f009@group-6540C752EEA6-SegmentedRaftLogWorker: Starting segment from index:0
2020-10-10 02:08:36,016 [78604002-ff5a-45ff-a78c-fcc3df81f009@group-6540C752EEA6-SegmentedRaftLogWorker] INFO  segmented.SegmentedRaftLogWorker (SegmentedRaftLogWorker.java:execute(596)) - 78604002-ff5a-45ff-a78c-fcc3df81f009@group-6540C752EEA6-SegmentedRaftLogWorker: created new log segment /github/workspace/mnt/ozone/hadoop-ozone/integration-test/target/test-dir/MiniOzoneClusterImpl-1565a709-8e1e-42be-9f8b-10d30925cb12/datanode-0/data/ratis/0ee60b20-f816-487a-868a-6540c752eea6/current/log_inprogress_0
2020-10-10 02:08:36,027 [78604002-ff5a-45ff-a78c-fcc3df81f009@group-6540C752EEA6-LeaderElection14] INFO  impl.RaftServerImpl (ServerState.java:setRaftConf(374)) - 78604002-ff5a-45ff-a78c-fcc3df81f009@group-6540C752EEA6: set configuration 0: [78604002-ff5a-45ff-a78c-fcc3df81f009:172.17.0.2:37725:0], old=null at 0
2020-10-10 02:08:36,126 [Listener at 127.0.0.1/44617] INFO  ozone.MiniOzoneClusterImpl (MiniOzoneClusterImpl.java:lambda$waitForClusterToBeReady$0(177)) - Nodes are ready. Got 7 of 7 DN Heartbeats.
2020-10-10 02:08:36,127 [Listener at 127.0.0.1/44617] INFO  ozone.MiniOzoneClusterImpl (MiniOzoneClusterImpl.java:lambda$waitForClusterToBeReady$0(180)) - Cluster exits safe mode
2020-10-10 02:08:36,134 [Thread-600] INFO  impl.FollowerState (FollowerState.java:run(108)) - e25c889a-af96-48f7-b924-f05d6aaf86f9@group-2AB9CD232C2D-FollowerState: change to CANDIDATE, lastRpcTime:5157ms, electionTimeout:5156ms
2020-10-10 02:08:36,135 [Thread-600] INFO  impl.RoleInfo (RoleInfo.java:shutdownFollowerState(121)) - e25c889a-af96-48f7-b924-f05d6aaf86f9: shutdown FollowerState
2020-10-10 02:08:36,135 [Thread-600] INFO  impl.RaftServerImpl (RaftServerImpl.java:setRole(198)) - e25c889a-af96-48f7-b924-f05d6aaf86f9@group-2AB9CD232C2D: changes role from  FOLLOWER to CANDIDATE at term 0 for changeToCandidate
2020-10-10 02:08:36,135 [Thread-600] INFO  impl.RoleInfo (RoleInfo.java:updateAndGet(143)) - e25c889a-af96-48f7-b924-f05d6aaf86f9: start LeaderElection
2020-10-10 02:08:36,138 [Listener at 127.0.0.1/44617] INFO  rpc.RpcClient (RpcClient.java:createVolume(321)) - Creating Volume: testblockoutputstreamwithretries, with jenkins1001 as owner.
2020-10-10 02:08:36,140 [e25c889a-af96-48f7-b924-f05d6aaf86f9@group-2AB9CD232C2D-LeaderElection15] INFO  impl.LeaderElection (LeaderElection.java:askForVotes(210)) - e25c889a-af96-48f7-b924-f05d6aaf86f9@group-2AB9CD232C2D-LeaderElection15: begin an election at term 1 for -1: [e25c889a-af96-48f7-b924-f05d6aaf86f9:172.17.0.2:38945:0], old=null
2020-10-10 02:08:36,140 [e25c889a-af96-48f7-b924-f05d6aaf86f9@group-2AB9CD232C2D-LeaderElection15] INFO  impl.RoleInfo (RoleInfo.java:shutdownLeaderElection(134)) - e25c889a-af96-48f7-b924-f05d6aaf86f9: shutdown LeaderElection
2020-10-10 02:08:36,140 [IPC Server handler 1 on default port 44617] INFO  volume.OMVolumeCreateRequest (OMVolumeCreateRequest.java:validateAndUpdateCache(196)) - created volume:testblockoutputstreamwithretries for user:jenkins1001
2020-10-10 02:08:36,145 [e25c889a-af96-48f7-b924-f05d6aaf86f9@group-2AB9CD232C2D-LeaderElection15] INFO  impl.RaftServerImpl (RaftServerImpl.java:setRole(198)) - e25c889a-af96-48f7-b924-f05d6aaf86f9@group-2AB9CD232C2D: changes role from CANDIDATE to LEADER at term 1 for changeToLeader
2020-10-10 02:08:36,145 [e25c889a-af96-48f7-b924-f05d6aaf86f9@group-2AB9CD232C2D-LeaderElection15] INFO  ratis.XceiverServerRatis (XceiverServerRatis.java:handleLeaderChangedNotification(822)) - Leader change notification received for group: group-2AB9CD232C2D with new leaderId: e25c889a-af96-48f7-b924-f05d6aaf86f9
2020-10-10 02:08:36,145 [e25c889a-af96-48f7-b924-f05d6aaf86f9@group-2AB9CD232C2D-LeaderElection15] INFO  impl.RaftServerImpl (ServerState.java:setLeader(256)) - e25c889a-af96-48f7-b924-f05d6aaf86f9@group-2AB9CD232C2D: change Leader from null to e25c889a-af96-48f7-b924-f05d6aaf86f9 at term 1 for becomeLeader, leader elected after 5177ms
2020-10-10 02:08:36,145 [e25c889a-af96-48f7-b924-f05d6aaf86f9@group-2AB9CD232C2D-LeaderElection15] INFO  server.RaftServerConfigKeys (ConfUtils.java:logGet(44)) - raft.server.staging.catchup.gap = 1000 (default)
2020-10-10 02:08:36,145 [e25c889a-af96-48f7-b924-f05d6aaf86f9@group-2AB9CD232C2D-LeaderElection15] INFO  server.RaftServerConfigKeys (ConfUtils.java:logGet(44)) - raft.server.rpc.sleep.time = 25ms (default)
2020-10-10 02:08:36,146 [e25c889a-af96-48f7-b924-f05d6aaf86f9@group-2AB9CD232C2D-LeaderElection15] INFO  metrics.RatisMetrics (RatisMetrics.java:lambda$create$0(36)) - Creating Metrics Registry : ratis.log_appender.e25c889a-af96-48f7-b924-f05d6aaf86f9@group-2AB9CD232C2D
2020-10-10 02:08:36,146 [e25c889a-af96-48f7-b924-f05d6aaf86f9@group-2AB9CD232C2D-LeaderElection15] INFO  server.RaftServerConfigKeys (ConfUtils.java:logGet(44)) - raft.server.write.element-limit = 1024 (custom)
2020-10-10 02:08:36,146 [e25c889a-af96-48f7-b924-f05d6aaf86f9@group-2AB9CD232C2D-LeaderElection15] INFO  server.RaftServerConfigKeys (ConfUtils.java:logGet(44)) - raft.server.write.byte-limit = 1073741824 (custom)
2020-10-10 02:08:36,156 [e25c889a-af96-48f7-b924-f05d6aaf86f9@group-2AB9CD232C2D-LeaderElection15] INFO  server.RaftServerConfigKeys (ConfUtils.java:logGet(44)) - raft.server.watch.timeout = 180s (custom)
2020-10-10 02:08:36,156 [Listener at 127.0.0.1/44617] INFO  rpc.RpcClient (RpcClient.java:createBucket(476)) - Creating Bucket: testblockoutputstreamwithretries/testblockoutputstreamwithretries, with Versioning false and Storage Type set to DISK and Encryption set to false 
2020-10-10 02:08:36,156 [e25c889a-af96-48f7-b924-f05d6aaf86f9@group-2AB9CD232C2D-LeaderElection15] INFO  server.RaftServerConfigKeys (ConfUtils.java:logGet(44)) - raft.server.watch.timeout.denomination = 1s (default)
2020-10-10 02:08:36,156 [e25c889a-af96-48f7-b924-f05d6aaf86f9@group-2AB9CD232C2D-LeaderElection15] INFO  server.RaftServerConfigKeys (ConfUtils.java:logGet(44)) - raft.server.watch.element-limit = 65536 (default)
2020-10-10 02:08:36,157 [e25c889a-af96-48f7-b924-f05d6aaf86f9@group-2AB9CD232C2D-LeaderElection15] INFO  impl.RoleInfo (RoleInfo.java:updateAndGet(143)) - e25c889a-af96-48f7-b924-f05d6aaf86f9: start LeaderState
2020-10-10 02:08:36,157 [e25c889a-af96-48f7-b924-f05d6aaf86f9@group-2AB9CD232C2D-LeaderElection15] INFO  segmented.SegmentedRaftLogWorker (SegmentedRaftLogWorker.java:startLogSegment(397)) - e25c889a-af96-48f7-b924-f05d6aaf86f9@group-2AB9CD232C2D-SegmentedRaftLogWorker: Starting segment from index:0
2020-10-10 02:08:36,158 [e25c889a-af96-48f7-b924-f05d6aaf86f9@group-2AB9CD232C2D-LeaderElection15] INFO  impl.RaftServerImpl (ServerState.java:setRaftConf(374)) - e25c889a-af96-48f7-b924-f05d6aaf86f9@group-2AB9CD232C2D: set configuration 0: [e25c889a-af96-48f7-b924-f05d6aaf86f9:172.17.0.2:38945:0], old=null at 0
2020-10-10 02:08:36,169 [e25c889a-af96-48f7-b924-f05d6aaf86f9@group-2AB9CD232C2D-SegmentedRaftLogWorker] INFO  segmented.SegmentedRaftLogWorker (SegmentedRaftLogWorker.java:execute(596)) - e25c889a-af96-48f7-b924-f05d6aaf86f9@group-2AB9CD232C2D-SegmentedRaftLogWorker: created new log segment /github/workspace/mnt/ozone/hadoop-ozone/integration-test/target/test-dir/MiniOzoneClusterImpl-1565a709-8e1e-42be-9f8b-10d30925cb12/datanode-1/data/ratis/2b2f12c8-8792-4932-bb68-2ab9cd232c2d/current/log_inprogress_0
2020-10-10 02:08:36,185 [Listener at 127.0.0.1/44617] INFO  metrics.RatisMetrics (RatisMetrics.java:lambda$create$0(36)) - Creating Metrics Registry : ratis.client_message_metrics.client-D174FC4C7C2D->43f5839c-c8de-4217-81eb-1bdbcb4e3fa0
2020-10-10 02:08:36,357 [Thread-602] INFO  impl.FollowerState (FollowerState.java:run(108)) - 0bc64d23-9ed1-4611-b85c-3104296e559c@group-8D9345F9FED0-FollowerState: change to CANDIDATE, lastRpcTime:5155ms, electionTimeout:5154ms
2020-10-10 02:08:36,357 [Thread-602] INFO  impl.RoleInfo (RoleInfo.java:shutdownFollowerState(121)) - 0bc64d23-9ed1-4611-b85c-3104296e559c: shutdown FollowerState
2020-10-10 02:08:36,357 [Thread-602] INFO  impl.RaftServerImpl (RaftServerImpl.java:setRole(198)) - 0bc64d23-9ed1-4611-b85c-3104296e559c@group-8D9345F9FED0: changes role from  FOLLOWER to CANDIDATE at term 0 for changeToCandidate
2020-10-10 02:08:36,358 [Thread-602] INFO  impl.RoleInfo (RoleInfo.java:updateAndGet(143)) - 0bc64d23-9ed1-4611-b85c-3104296e559c: start LeaderElection
2020-10-10 02:08:36,362 [0bc64d23-9ed1-4611-b85c-3104296e559c@group-8D9345F9FED0-LeaderElection16] INFO  impl.LeaderElection (LeaderElection.java:askForVotes(210)) - 0bc64d23-9ed1-4611-b85c-3104296e559c@group-8D9345F9FED0-LeaderElection16: begin an election at term 1 for -1: [0bc64d23-9ed1-4611-b85c-3104296e559c:172.17.0.2:35701:0], old=null
2020-10-10 02:08:36,362 [0bc64d23-9ed1-4611-b85c-3104296e559c@group-8D9345F9FED0-LeaderElection16] INFO  impl.RoleInfo (RoleInfo.java:shutdownLeaderElection(134)) - 0bc64d23-9ed1-4611-b85c-3104296e559c: shutdown LeaderElection
2020-10-10 02:08:36,363 [0bc64d23-9ed1-4611-b85c-3104296e559c@group-8D9345F9FED0-LeaderElection16] INFO  impl.RaftServerImpl (RaftServerImpl.java:setRole(198)) - 0bc64d23-9ed1-4611-b85c-3104296e559c@group-8D9345F9FED0: changes role from CANDIDATE to LEADER at term 1 for changeToLeader
2020-10-10 02:08:36,363 [0bc64d23-9ed1-4611-b85c-3104296e559c@group-8D9345F9FED0-LeaderElection16] INFO  ratis.XceiverServerRatis (XceiverServerRatis.java:handleLeaderChangedNotification(822)) - Leader change notification received for group: group-8D9345F9FED0 with new leaderId: 0bc64d23-9ed1-4611-b85c-3104296e559c
2020-10-10 02:08:36,363 [0bc64d23-9ed1-4611-b85c-3104296e559c@group-8D9345F9FED0-LeaderElection16] INFO  impl.RaftServerImpl (ServerState.java:setLeader(256)) - 0bc64d23-9ed1-4611-b85c-3104296e559c@group-8D9345F9FED0: change Leader from null to 0bc64d23-9ed1-4611-b85c-3104296e559c at term 1 for becomeLeader, leader elected after 5173ms
2020-10-10 02:08:36,364 [0bc64d23-9ed1-4611-b85c-3104296e559c@group-8D9345F9FED0-LeaderElection16] INFO  server.RaftServerConfigKeys (ConfUtils.java:logGet(44)) - raft.server.staging.catchup.gap = 1000 (default)
2020-10-10 02:08:36,364 [0bc64d23-9ed1-4611-b85c-3104296e559c@group-8D9345F9FED0-LeaderElection16] INFO  server.RaftServerConfigKeys (ConfUtils.java:logGet(44)) - raft.server.rpc.sleep.time = 25ms (default)
2020-10-10 02:08:36,364 [0bc64d23-9ed1-4611-b85c-3104296e559c@group-8D9345F9FED0-LeaderElection16] INFO  metrics.RatisMetrics (RatisMetrics.java:lambda$create$0(36)) - Creating Metrics Registry : ratis.log_appender.0bc64d23-9ed1-4611-b85c-3104296e559c@group-8D9345F9FED0
2020-10-10 02:08:36,364 [0bc64d23-9ed1-4611-b85c-3104296e559c@group-8D9345F9FED0-LeaderElection16] INFO  server.RaftServerConfigKeys (ConfUtils.java:logGet(44)) - raft.server.write.element-limit = 1024 (custom)
2020-10-10 02:08:36,364 [0bc64d23-9ed1-4611-b85c-3104296e559c@group-8D9345F9FED0-LeaderElection16] INFO  server.RaftServerConfigKeys (ConfUtils.java:logGet(44)) - raft.server.write.byte-limit = 1073741824 (custom)
2020-10-10 02:08:36,365 [0bc64d23-9ed1-4611-b85c-3104296e559c@group-8D9345F9FED0-LeaderElection16] INFO  server.RaftServerConfigKeys (ConfUtils.java:logGet(44)) - raft.server.watch.timeout = 180s (custom)
2020-10-10 02:08:36,365 [0bc64d23-9ed1-4611-b85c-3104296e559c@group-8D9345F9FED0-LeaderElection16] INFO  server.RaftServerConfigKeys (ConfUtils.java:logGet(44)) - raft.server.watch.timeout.denomination = 1s (default)
2020-10-10 02:08:36,365 [0bc64d23-9ed1-4611-b85c-3104296e559c@group-8D9345F9FED0-LeaderElection16] INFO  server.RaftServerConfigKeys (ConfUtils.java:logGet(44)) - raft.server.watch.element-limit = 65536 (default)
2020-10-10 02:08:36,365 [0bc64d23-9ed1-4611-b85c-3104296e559c@group-8D9345F9FED0-LeaderElection16] INFO  impl.RoleInfo (RoleInfo.java:updateAndGet(143)) - 0bc64d23-9ed1-4611-b85c-3104296e559c: start LeaderState
2020-10-10 02:08:36,366 [0bc64d23-9ed1-4611-b85c-3104296e559c@group-8D9345F9FED0-LeaderElection16] INFO  segmented.SegmentedRaftLogWorker (SegmentedRaftLogWorker.java:startLogSegment(397)) - 0bc64d23-9ed1-4611-b85c-3104296e559c@group-8D9345F9FED0-SegmentedRaftLogWorker: Starting segment from index:0
2020-10-10 02:08:36,367 [0bc64d23-9ed1-4611-b85c-3104296e559c@group-8D9345F9FED0-SegmentedRaftLogWorker] INFO  segmented.SegmentedRaftLogWorker (SegmentedRaftLogWorker.java:execute(596)) - 0bc64d23-9ed1-4611-b85c-3104296e559c@group-8D9345F9FED0-SegmentedRaftLogWorker: created new log segment /github/workspace/mnt/ozone/hadoop-ozone/integration-test/target/test-dir/MiniOzoneClusterImpl-1565a709-8e1e-42be-9f8b-10d30925cb12/datanode-2/data/ratis/bef3afd4-56f9-4c17-8f8d-8d9345f9fed0/current/log_inprogress_0
2020-10-10 02:08:36,378 [0bc64d23-9ed1-4611-b85c-3104296e559c@group-8D9345F9FED0-LeaderElection16] INFO  impl.RaftServerImpl (ServerState.java:setRaftConf(374)) - 0bc64d23-9ed1-4611-b85c-3104296e559c@group-8D9345F9FED0: set configuration 0: [0bc64d23-9ed1-4611-b85c-3104296e559c:172.17.0.2:35701:0], old=null at 0
2020-10-10 02:08:36,544 [Thread-604] INFO  impl.FollowerState (FollowerState.java:run(108)) - 99031ab3-9213-4203-bcc6-2184a2486c2a@group-BA0AC1DC4139-FollowerState: change to CANDIDATE, lastRpcTime:5091ms, electionTimeout:5090ms
2020-10-10 02:08:36,545 [Thread-604] INFO  impl.RoleInfo (RoleInfo.java:shutdownFollowerState(121)) - 99031ab3-9213-4203-bcc6-2184a2486c2a: shutdown FollowerState
2020-10-10 02:08:36,545 [Thread-604] INFO  impl.RaftServerImpl (RaftServerImpl.java:setRole(198)) - 99031ab3-9213-4203-bcc6-2184a2486c2a@group-BA0AC1DC4139: changes role from  FOLLOWER to CANDIDATE at term 0 for changeToCandidate
2020-10-10 02:08:36,545 [Thread-604] INFO  impl.RoleInfo (RoleInfo.java:updateAndGet(143)) - 99031ab3-9213-4203-bcc6-2184a2486c2a: start LeaderElection
2020-10-10 02:08:36,548 [99031ab3-9213-4203-bcc6-2184a2486c2a@group-BA0AC1DC4139-LeaderElection17] INFO  impl.LeaderElection (LeaderElection.java:askForVotes(210)) - 99031ab3-9213-4203-bcc6-2184a2486c2a@group-BA0AC1DC4139-LeaderElection17: begin an election at term 1 for -1: [99031ab3-9213-4203-bcc6-2184a2486c2a:172.17.0.2:38065:0], old=null
2020-10-10 02:08:36,548 [99031ab3-9213-4203-bcc6-2184a2486c2a@group-BA0AC1DC4139-LeaderElection17] INFO  impl.RoleInfo (RoleInfo.java:shutdownLeaderElection(134)) - 99031ab3-9213-4203-bcc6-2184a2486c2a: shutdown LeaderElection
2020-10-10 02:08:36,548 [99031ab3-9213-4203-bcc6-2184a2486c2a@group-BA0AC1DC4139-LeaderElection17] INFO  impl.RaftServerImpl (RaftServerImpl.java:setRole(198)) - 99031ab3-9213-4203-bcc6-2184a2486c2a@group-BA0AC1DC4139: changes role from CANDIDATE to LEADER at term 1 for changeToLeader
2020-10-10 02:08:36,548 [99031ab3-9213-4203-bcc6-2184a2486c2a@group-BA0AC1DC4139-LeaderElection17] INFO  ratis.XceiverServerRatis (XceiverServerRatis.java:handleLeaderChangedNotification(822)) - Leader change notification received for group: group-BA0AC1DC4139 with new leaderId: 99031ab3-9213-4203-bcc6-2184a2486c2a
2020-10-10 02:08:36,551 [99031ab3-9213-4203-bcc6-2184a2486c2a@group-BA0AC1DC4139-LeaderElection17] INFO  impl.RaftServerImpl (ServerState.java:setLeader(256)) - 99031ab3-9213-4203-bcc6-2184a2486c2a@group-BA0AC1DC4139: change Leader from null to 99031ab3-9213-4203-bcc6-2184a2486c2a at term 1 for becomeLeader, leader elected after 5105ms
2020-10-10 02:08:36,552 [99031ab3-9213-4203-bcc6-2184a2486c2a@group-BA0AC1DC4139-LeaderElection17] INFO  server.RaftServerConfigKeys (ConfUtils.java:logGet(44)) - raft.server.staging.catchup.gap = 1000 (default)
2020-10-10 02:08:36,552 [99031ab3-9213-4203-bcc6-2184a2486c2a@group-BA0AC1DC4139-LeaderElection17] INFO  server.RaftServerConfigKeys (ConfUtils.java:logGet(44)) - raft.server.rpc.sleep.time = 25ms (default)
2020-10-10 02:08:36,552 [99031ab3-9213-4203-bcc6-2184a2486c2a@group-BA0AC1DC4139-LeaderElection17] INFO  metrics.RatisMetrics (RatisMetrics.java:lambda$create$0(36)) - Creating Metrics Registry : ratis.log_appender.99031ab3-9213-4203-bcc6-2184a2486c2a@group-BA0AC1DC4139
2020-10-10 02:08:36,552 [99031ab3-9213-4203-bcc6-2184a2486c2a@group-BA0AC1DC4139-LeaderElection17] INFO  server.RaftServerConfigKeys (ConfUtils.java:logGet(44)) - raft.server.write.element-limit = 1024 (custom)
2020-10-10 02:08:36,552 [99031ab3-9213-4203-bcc6-2184a2486c2a@group-BA0AC1DC4139-LeaderElection17] INFO  server.RaftServerConfigKeys (ConfUtils.java:logGet(44)) - raft.server.write.byte-limit = 1073741824 (custom)
2020-10-10 02:08:36,553 [99031ab3-9213-4203-bcc6-2184a2486c2a@group-BA0AC1DC4139-LeaderElection17] INFO  server.RaftServerConfigKeys (ConfUtils.java:logGet(44)) - raft.server.watch.timeout = 180s (custom)
2020-10-10 02:08:36,553 [99031ab3-9213-4203-bcc6-2184a2486c2a@group-BA0AC1DC4139-LeaderElection17] INFO  server.RaftServerConfigKeys (ConfUtils.java:logGet(44)) - raft.server.watch.timeout.denomination = 1s (default)
2020-10-10 02:08:36,553 [99031ab3-9213-4203-bcc6-2184a2486c2a@group-BA0AC1DC4139-LeaderElection17] INFO  server.RaftServerConfigKeys (ConfUtils.java:logGet(44)) - raft.server.watch.element-limit = 65536 (default)
2020-10-10 02:08:36,553 [99031ab3-9213-4203-bcc6-2184a2486c2a@group-BA0AC1DC4139-LeaderElection17] INFO  impl.RoleInfo (RoleInfo.java:updateAndGet(143)) - 99031ab3-9213-4203-bcc6-2184a2486c2a: start LeaderState
2020-10-10 02:08:36,554 [99031ab3-9213-4203-bcc6-2184a2486c2a@group-BA0AC1DC4139-LeaderElection17] INFO  segmented.SegmentedRaftLogWorker (SegmentedRaftLogWorker.java:startLogSegment(397)) - 99031ab3-9213-4203-bcc6-2184a2486c2a@group-BA0AC1DC4139-SegmentedRaftLogWorker: Starting segment from index:0
2020-10-10 02:08:36,555 [99031ab3-9213-4203-bcc6-2184a2486c2a@group-BA0AC1DC4139-SegmentedRaftLogWorker] INFO  segmented.SegmentedRaftLogWorker (SegmentedRaftLogWorker.java:execute(596)) - 99031ab3-9213-4203-bcc6-2184a2486c2a@group-BA0AC1DC4139-SegmentedRaftLogWorker: created new log segment /github/workspace/mnt/ozone/hadoop-ozone/integration-test/target/test-dir/MiniOzoneClusterImpl-1565a709-8e1e-42be-9f8b-10d30925cb12/datanode-3/data/ratis/d372dbc1-d3da-4c0d-9031-ba0ac1dc4139/current/log_inprogress_0
2020-10-10 02:08:36,556 [99031ab3-9213-4203-bcc6-2184a2486c2a@group-BA0AC1DC4139-LeaderElection17] INFO  impl.RaftServerImpl (ServerState.java:setRaftConf(374)) - 99031ab3-9213-4203-bcc6-2184a2486c2a@group-BA0AC1DC4139: set configuration 0: [99031ab3-9213-4203-bcc6-2184a2486c2a:172.17.0.2:38065:0], old=null at 0
2020-10-10 02:08:36,651 [Thread-606] INFO  impl.FollowerState (FollowerState.java:run(108)) - 99031ab3-9213-4203-bcc6-2184a2486c2a@group-E2417E2DC09F-FollowerState: change to CANDIDATE, lastRpcTime:5172ms, electionTimeout:5171ms
2020-10-10 02:08:36,651 [Thread-606] INFO  impl.RoleInfo (RoleInfo.java:shutdownFollowerState(121)) - 99031ab3-9213-4203-bcc6-2184a2486c2a: shutdown FollowerState
2020-10-10 02:08:36,651 [Thread-606] INFO  impl.RaftServerImpl (RaftServerImpl.java:setRole(198)) - 99031ab3-9213-4203-bcc6-2184a2486c2a@group-E2417E2DC09F: changes role from  FOLLOWER to CANDIDATE at term 0 for changeToCandidate
2020-10-10 02:08:36,651 [Thread-606] INFO  impl.RoleInfo (RoleInfo.java:updateAndGet(143)) - 99031ab3-9213-4203-bcc6-2184a2486c2a: start LeaderElection
2020-10-10 02:08:36,654 [99031ab3-9213-4203-bcc6-2184a2486c2a@group-E2417E2DC09F-LeaderElection18] INFO  impl.LeaderElection (LeaderElection.java:askForVotes(210)) - 99031ab3-9213-4203-bcc6-2184a2486c2a@group-E2417E2DC09F-LeaderElection18: begin an election at term 1 for -1: [99031ab3-9213-4203-bcc6-2184a2486c2a:172.17.0.2:38065:0, 43f5839c-c8de-4217-81eb-1bdbcb4e3fa0:172.17.0.2:42531:0, e2273cbf-c074-44ec-b875-3eaf72d6bbba:172.17.0.2:33085:0], old=null
2020-10-10 02:08:36,666 [grpc-default-executor-3] INFO  impl.RaftServerImpl (RaftServerImpl.java:setRole(198)) - 43f5839c-c8de-4217-81eb-1bdbcb4e3fa0@group-E2417E2DC09F: changes role from  FOLLOWER to FOLLOWER at term 1 for recognizeCandidate:99031ab3-9213-4203-bcc6-2184a2486c2a
2020-10-10 02:08:36,666 [grpc-default-executor-3] INFO  impl.RoleInfo (RoleInfo.java:shutdownFollowerState(121)) - 43f5839c-c8de-4217-81eb-1bdbcb4e3fa0: shutdown FollowerState
2020-10-10 02:08:36,666 [grpc-default-executor-3] INFO  impl.RoleInfo (RoleInfo.java:updateAndGet(143)) - 43f5839c-c8de-4217-81eb-1bdbcb4e3fa0: start FollowerState
2020-10-10 02:08:36,666 [grpc-default-executor-1] INFO  impl.RaftServerImpl (RaftServerImpl.java:setRole(198)) - e2273cbf-c074-44ec-b875-3eaf72d6bbba@group-E2417E2DC09F: changes role from  FOLLOWER to FOLLOWER at term 1 for recognizeCandidate:99031ab3-9213-4203-bcc6-2184a2486c2a
2020-10-10 02:08:36,667 [grpc-default-executor-1] INFO  impl.RoleInfo (RoleInfo.java:shutdownFollowerState(121)) - e2273cbf-c074-44ec-b875-3eaf72d6bbba: shutdown FollowerState
2020-10-10 02:08:36,666 [Thread-611] INFO  impl.FollowerState (FollowerState.java:run(117)) - 43f5839c-c8de-4217-81eb-1bdbcb4e3fa0@group-E2417E2DC09F-FollowerState was interrupted: java.lang.InterruptedException: sleep interrupted
2020-10-10 02:08:36,670 [grpc-default-executor-3] INFO  impl.RaftServerImpl (RaftServerImpl.java:requestVote(923)) -  FOLLOWER 43f5839c-c8de-4217-81eb-1bdbcb4e3fa0@group-E2417E2DC09F:t1, leader=null, voted=null, raftlog=43f5839c-c8de-4217-81eb-1bdbcb4e3fa0@group-E2417E2DC09F-SegmentedRaftLog:OPENED:c-1,f-1,i0, conf=-1: [99031ab3-9213-4203-bcc6-2184a2486c2a:172.17.0.2:38065:0, 43f5839c-c8de-4217-81eb-1bdbcb4e3fa0:172.17.0.2:42531:0, e2273cbf-c074-44ec-b875-3eaf72d6bbba:172.17.0.2:33085:0], old=null RUNNING priority:0 candidate:99031ab3-9213-4203-bcc6-2184a2486c2a:172.17.0.2:38065:0 candidatePriority:0 compare:0
2020-10-10 02:08:36,670 [Thread-608] INFO  impl.FollowerState (FollowerState.java:run(117)) - e2273cbf-c074-44ec-b875-3eaf72d6bbba@group-E2417E2DC09F-FollowerState was interrupted: java.lang.InterruptedException: sleep interrupted
2020-10-10 02:08:36,670 [grpc-default-executor-1] INFO  impl.RoleInfo (RoleInfo.java:updateAndGet(143)) - e2273cbf-c074-44ec-b875-3eaf72d6bbba: start FollowerState
2020-10-10 02:08:36,672 [grpc-default-executor-1] INFO  impl.RaftServerImpl (RaftServerImpl.java:requestVote(923)) -  FOLLOWER e2273cbf-c074-44ec-b875-3eaf72d6bbba@group-E2417E2DC09F:t1, leader=null, voted=null, raftlog=e2273cbf-c074-44ec-b875-3eaf72d6bbba@group-E2417E2DC09F-SegmentedRaftLog:OPENED:c-1,f-1,i0, conf=-1: [99031ab3-9213-4203-bcc6-2184a2486c2a:172.17.0.2:38065:0, 43f5839c-c8de-4217-81eb-1bdbcb4e3fa0:172.17.0.2:42531:0, e2273cbf-c074-44ec-b875-3eaf72d6bbba:172.17.0.2:33085:0], old=null RUNNING priority:0 candidate:99031ab3-9213-4203-bcc6-2184a2486c2a:172.17.0.2:38065:0 candidatePriority:0 compare:0
2020-10-10 02:08:36,674 [99031ab3-9213-4203-bcc6-2184a2486c2a@group-E2417E2DC09F-LeaderElection18] INFO  impl.LeaderElection (LeaderElection.java:logAndReturn(62)) - 99031ab3-9213-4203-bcc6-2184a2486c2a@group-E2417E2DC09F-LeaderElection18: Election PASSED; received 1 response(s) [99031ab3-9213-4203-bcc6-2184a2486c2a<-43f5839c-c8de-4217-81eb-1bdbcb4e3fa0#0:OK-t1] and 0 exception(s); 99031ab3-9213-4203-bcc6-2184a2486c2a@group-E2417E2DC09F:t1, leader=null, voted=99031ab3-9213-4203-bcc6-2184a2486c2a, raftlog=99031ab3-9213-4203-bcc6-2184a2486c2a@group-E2417E2DC09F-SegmentedRaftLog:OPENED:c-1,f-1,i0, conf=-1: [99031ab3-9213-4203-bcc6-2184a2486c2a:172.17.0.2:38065:0, 43f5839c-c8de-4217-81eb-1bdbcb4e3fa0:172.17.0.2:42531:0, e2273cbf-c074-44ec-b875-3eaf72d6bbba:172.17.0.2:33085:0], old=null
2020-10-10 02:08:36,674 [99031ab3-9213-4203-bcc6-2184a2486c2a@group-E2417E2DC09F-LeaderElection18] INFO  impl.RoleInfo (RoleInfo.java:shutdownLeaderElection(134)) - 99031ab3-9213-4203-bcc6-2184a2486c2a: shutdown LeaderElection
2020-10-10 02:08:36,674 [99031ab3-9213-4203-bcc6-2184a2486c2a@group-E2417E2DC09F-LeaderElection18] INFO  impl.RaftServerImpl (RaftServerImpl.java:setRole(198)) - 99031ab3-9213-4203-bcc6-2184a2486c2a@group-E2417E2DC09F: changes role from CANDIDATE to LEADER at term 1 for changeToLeader
2020-10-10 02:08:36,674 [99031ab3-9213-4203-bcc6-2184a2486c2a@group-E2417E2DC09F-LeaderElection18] INFO  ratis.XceiverServerRatis (XceiverServerRatis.java:handleLeaderChangedNotification(822)) - Leader change notification received for group: group-E2417E2DC09F with new leaderId: 99031ab3-9213-4203-bcc6-2184a2486c2a
2020-10-10 02:08:36,674 [99031ab3-9213-4203-bcc6-2184a2486c2a@group-E2417E2DC09F-LeaderElection18] INFO  impl.RaftServerImpl (ServerState.java:setLeader(256)) - 99031ab3-9213-4203-bcc6-2184a2486c2a@group-E2417E2DC09F: change Leader from null to 99031ab3-9213-4203-bcc6-2184a2486c2a at term 1 for becomeLeader, leader elected after 5209ms
2020-10-10 02:08:36,674 [99031ab3-9213-4203-bcc6-2184a2486c2a@group-E2417E2DC09F-LeaderElection18] INFO  server.RaftServerConfigKeys (ConfUtils.java:logGet(44)) - raft.server.staging.catchup.gap = 1000 (default)
2020-10-10 02:08:36,674 [99031ab3-9213-4203-bcc6-2184a2486c2a@group-E2417E2DC09F-LeaderElection18] INFO  server.RaftServerConfigKeys (ConfUtils.java:logGet(44)) - raft.server.rpc.sleep.time = 25ms (default)
2020-10-10 02:08:36,674 [99031ab3-9213-4203-bcc6-2184a2486c2a@group-E2417E2DC09F-LeaderElection18] INFO  metrics.RatisMetrics (RatisMetrics.java:lambda$create$0(36)) - Creating Metrics Registry : ratis.log_appender.99031ab3-9213-4203-bcc6-2184a2486c2a@group-E2417E2DC09F
2020-10-10 02:08:36,675 [99031ab3-9213-4203-bcc6-2184a2486c2a@group-E2417E2DC09F-LeaderElection18] INFO  server.RaftServerConfigKeys (ConfUtils.java:logGet(44)) - raft.server.write.element-limit = 1024 (custom)
2020-10-10 02:08:36,675 [99031ab3-9213-4203-bcc6-2184a2486c2a@group-E2417E2DC09F-LeaderElection18] INFO  server.RaftServerConfigKeys (ConfUtils.java:logGet(44)) - raft.server.write.byte-limit = 1073741824 (custom)
2020-10-10 02:08:36,675 [99031ab3-9213-4203-bcc6-2184a2486c2a@group-E2417E2DC09F-LeaderElection18] INFO  server.RaftServerConfigKeys (ConfUtils.java:logGet(44)) - raft.server.watch.timeout = 180s (custom)
2020-10-10 02:08:36,675 [99031ab3-9213-4203-bcc6-2184a2486c2a@group-E2417E2DC09F-LeaderElection18] INFO  server.RaftServerConfigKeys (ConfUtils.java:logGet(44)) - raft.server.watch.timeout.denomination = 1s (default)
2020-10-10 02:08:36,675 [99031ab3-9213-4203-bcc6-2184a2486c2a@group-E2417E2DC09F-LeaderElection18] INFO  server.RaftServerConfigKeys (ConfUtils.java:logGet(44)) - raft.server.watch.element-limit = 65536 (default)
2020-10-10 02:08:36,675 [99031ab3-9213-4203-bcc6-2184a2486c2a@group-E2417E2DC09F-LeaderElection18] INFO  server.RaftServerConfigKeys (ConfUtils.java:logGet(44)) - raft.server.log.appender.snapshot.chunk.size.max = 16MB (=16777216) (default)
2020-10-10 02:08:36,676 [99031ab3-9213-4203-bcc6-2184a2486c2a@group-E2417E2DC09F-LeaderElection18] INFO  server.RaftServerConfigKeys (ConfUtils.java:logGet(44)) - raft.server.log.appender.buffer.byte-limit = 33554432 (custom)
2020-10-10 02:08:36,676 [99031ab3-9213-4203-bcc6-2184a2486c2a@group-E2417E2DC09F-LeaderElection18] INFO  server.RaftServerConfigKeys (ConfUtils.java:logGet(44)) - raft.server.log.appender.buffer.element-limit = 1 (custom)
2020-10-10 02:08:36,676 [99031ab3-9213-4203-bcc6-2184a2486c2a@group-E2417E2DC09F-LeaderElection18] INFO  grpc.GrpcConfigKeys (ConfUtils.java:logGet(44)) - raft.grpc.server.leader.outstanding.appends.max = 128 (default)
2020-10-10 02:08:36,676 [99031ab3-9213-4203-bcc6-2184a2486c2a@group-E2417E2DC09F-LeaderElection18] INFO  server.RaftServerConfigKeys (ConfUtils.java:logGet(44)) - raft.server.rpc.request.timeout = 60s (custom)
2020-10-10 02:08:36,676 [99031ab3-9213-4203-bcc6-2184a2486c2a@group-E2417E2DC09F-LeaderElection18] INFO  server.RaftServerConfigKeys (ConfUtils.java:logGet(44)) - raft.server.log.appender.install.snapshot.enabled = false (custom)
2020-10-10 02:08:36,676 [99031ab3-9213-4203-bcc6-2184a2486c2a@group-E2417E2DC09F-LeaderElection18] INFO  metrics.RatisMetrics (RatisMetrics.java:lambda$create$0(36)) - Creating Metrics Registry : ratis_grpc.log_appender.99031ab3-9213-4203-bcc6-2184a2486c2a@group-E2417E2DC09F
2020-10-10 02:08:36,677 [99031ab3-9213-4203-bcc6-2184a2486c2a@group-E2417E2DC09F-LeaderElection18] INFO  server.RaftServerConfigKeys (ConfUtils.java:logGet(44)) - raft.server.log.appender.snapshot.chunk.size.max = 16MB (=16777216) (default)
2020-10-10 02:08:36,677 [99031ab3-9213-4203-bcc6-2184a2486c2a@group-E2417E2DC09F-LeaderElection18] INFO  server.RaftServerConfigKeys (ConfUtils.java:logGet(44)) - raft.server.log.appender.buffer.byte-limit = 33554432 (custom)
2020-10-10 02:08:36,677 [99031ab3-9213-4203-bcc6-2184a2486c2a@group-E2417E2DC09F-LeaderElection18] INFO  server.RaftServerConfigKeys (ConfUtils.java:logGet(44)) - raft.server.log.appender.buffer.element-limit = 1 (custom)
2020-10-10 02:08:36,678 [99031ab3-9213-4203-bcc6-2184a2486c2a@group-E2417E2DC09F-LeaderElection18] INFO  grpc.GrpcConfigKeys (ConfUtils.java:logGet(44)) - raft.grpc.server.leader.outstanding.appends.max = 128 (default)
2020-10-10 02:08:36,678 [99031ab3-9213-4203-bcc6-2184a2486c2a@group-E2417E2DC09F-LeaderElection18] INFO  server.RaftServerConfigKeys (ConfUtils.java:logGet(44)) - raft.server.rpc.request.timeout = 60s (custom)
2020-10-10 02:08:36,678 [99031ab3-9213-4203-bcc6-2184a2486c2a@group-E2417E2DC09F-LeaderElection18] INFO  server.RaftServerConfigKeys (ConfUtils.java:logGet(44)) - raft.server.log.appender.install.snapshot.enabled = false (custom)
2020-10-10 02:08:36,680 [EventQueue-PipelineReportForPipelineReportHandler] INFO  pipeline.PipelineStateManager (PipelineStateManager.java:openPipeline(131)) - Pipeline Pipeline[ Id: d62e349b-2a2b-477d-a246-e2417e2dc09f, Nodes: 99031ab3-9213-4203-bcc6-2184a2486c2a{ip: 172.17.0.2, host: 2df54852b2a6, networkLocation: /default-rack, certSerialId: null}e2273cbf-c074-44ec-b875-3eaf72d6bbba{ip: 172.17.0.2, host: 2df54852b2a6, networkLocation: /default-rack, certSerialId: null}43f5839c-c8de-4217-81eb-1bdbcb4e3fa0{ip: 172.17.0.2, host: 2df54852b2a6, networkLocation: /default-rack, certSerialId: null}, Type:RATIS, Factor:THREE, State:ALLOCATED, leaderId:99031ab3-9213-4203-bcc6-2184a2486c2a, CreationTimestamp2020-10-10T02:08:28.919Z] moved to OPEN state
2020-10-10 02:08:36,680 [99031ab3-9213-4203-bcc6-2184a2486c2a@group-E2417E2DC09F-LeaderElection18] INFO  impl.RoleInfo (RoleInfo.java:updateAndGet(143)) - 99031ab3-9213-4203-bcc6-2184a2486c2a: start LeaderState
2020-10-10 02:08:36,682 [99031ab3-9213-4203-bcc6-2184a2486c2a@group-E2417E2DC09F-LeaderElection18] INFO  segmented.SegmentedRaftLogWorker (SegmentedRaftLogWorker.java:startLogSegment(397)) - 99031ab3-9213-4203-bcc6-2184a2486c2a@group-E2417E2DC09F-SegmentedRaftLogWorker: Starting segment from index:0
2020-10-10 02:08:36,683 [99031ab3-9213-4203-bcc6-2184a2486c2a@group-E2417E2DC09F-SegmentedRaftLogWorker] INFO  segmented.SegmentedRaftLogWorker (SegmentedRaftLogWorker.java:execute(596)) - 99031ab3-9213-4203-bcc6-2184a2486c2a@group-E2417E2DC09F-SegmentedRaftLogWorker: created new log segment /github/workspace/mnt/ozone/hadoop-ozone/integration-test/target/test-dir/MiniOzoneClusterImpl-1565a709-8e1e-42be-9f8b-10d30925cb12/datanode-3/data/ratis/d62e349b-2a2b-477d-a246-e2417e2dc09f/current/log_inprogress_0
2020-10-10 02:08:36,684 [99031ab3-9213-4203-bcc6-2184a2486c2a@group-E2417E2DC09F-LeaderElection18] INFO  impl.RaftServerImpl (ServerState.java:setRaftConf(374)) - 99031ab3-9213-4203-bcc6-2184a2486c2a@group-E2417E2DC09F: set configuration 0: [99031ab3-9213-4203-bcc6-2184a2486c2a:172.17.0.2:38065:0, 43f5839c-c8de-4217-81eb-1bdbcb4e3fa0:172.17.0.2:42531:0, e2273cbf-c074-44ec-b875-3eaf72d6bbba:172.17.0.2:33085:0], old=null at 0
2020-10-10 02:08:36,690 [grpc-default-executor-1] INFO  ratis.XceiverServerRatis (XceiverServerRatis.java:handleLeaderChangedNotification(822)) - Leader change notification received for group: group-E2417E2DC09F with new leaderId: 99031ab3-9213-4203-bcc6-2184a2486c2a
2020-10-10 02:08:36,692 [grpc-default-executor-1] INFO  impl.RaftServerImpl (ServerState.java:setLeader(256)) - 43f5839c-c8de-4217-81eb-1bdbcb4e3fa0@group-E2417E2DC09F: change Leader from null to 99031ab3-9213-4203-bcc6-2184a2486c2a at term 1 for appendEntries, leader elected after 5142ms
2020-10-10 02:08:36,700 [grpc-default-executor-3] INFO  ratis.XceiverServerRatis (XceiverServerRatis.java:handleLeaderChangedNotification(822)) - Leader change notification received for group: group-E2417E2DC09F with new leaderId: 99031ab3-9213-4203-bcc6-2184a2486c2a
2020-10-10 02:08:36,700 [grpc-default-executor-3] INFO  impl.RaftServerImpl (ServerState.java:setLeader(256)) - e2273cbf-c074-44ec-b875-3eaf72d6bbba@group-E2417E2DC09F: change Leader from null to 99031ab3-9213-4203-bcc6-2184a2486c2a at term 1 for appendEntries, leader elected after 5198ms
2020-10-10 02:08:36,703 [grpc-default-executor-1] INFO  impl.RaftServerImpl (ServerState.java:setRaftConf(374)) - 43f5839c-c8de-4217-81eb-1bdbcb4e3fa0@group-E2417E2DC09F: set configuration 0: [99031ab3-9213-4203-bcc6-2184a2486c2a:172.17.0.2:38065:0, 43f5839c-c8de-4217-81eb-1bdbcb4e3fa0:172.17.0.2:42531:0, e2273cbf-c074-44ec-b875-3eaf72d6bbba:172.17.0.2:33085:0], old=null at 0
2020-10-10 02:08:36,703 [grpc-default-executor-1] INFO  segmented.SegmentedRaftLogWorker (SegmentedRaftLogWorker.java:startLogSegment(397)) - 43f5839c-c8de-4217-81eb-1bdbcb4e3fa0@group-E2417E2DC09F-SegmentedRaftLogWorker: Starting segment from index:0
2020-10-10 02:08:36,704 [43f5839c-c8de-4217-81eb-1bdbcb4e3fa0@group-E2417E2DC09F-SegmentedRaftLogWorker] INFO  segmented.SegmentedRaftLogWorker (SegmentedRaftLogWorker.java:execute(596)) - 43f5839c-c8de-4217-81eb-1bdbcb4e3fa0@group-E2417E2DC09F-SegmentedRaftLogWorker: created new log segment /github/workspace/mnt/ozone/hadoop-ozone/integration-test/target/test-dir/MiniOzoneClusterImpl-1565a709-8e1e-42be-9f8b-10d30925cb12/datanode-5/data/ratis/d62e349b-2a2b-477d-a246-e2417e2dc09f/current/log_inprogress_0
2020-10-10 02:08:36,705 [grpc-default-executor-1] INFO  impl.RaftServerImpl (ServerState.java:setRaftConf(374)) - e2273cbf-c074-44ec-b875-3eaf72d6bbba@group-E2417E2DC09F: set configuration 0: [99031ab3-9213-4203-bcc6-2184a2486c2a:172.17.0.2:38065:0, 43f5839c-c8de-4217-81eb-1bdbcb4e3fa0:172.17.0.2:42531:0, e2273cbf-c074-44ec-b875-3eaf72d6bbba:172.17.0.2:33085:0], old=null at 0
2020-10-10 02:08:36,706 [grpc-default-executor-1] INFO  segmented.SegmentedRaftLogWorker (SegmentedRaftLogWorker.java:startLogSegment(397)) - e2273cbf-c074-44ec-b875-3eaf72d6bbba@group-E2417E2DC09F-SegmentedRaftLogWorker: Starting segment from index:0
2020-10-10 02:08:36,724 [e2273cbf-c074-44ec-b875-3eaf72d6bbba@group-E2417E2DC09F-SegmentedRaftLogWorker] INFO  segmented.SegmentedRaftLogWorker (SegmentedRaftLogWorker.java:execute(596)) - e2273cbf-c074-44ec-b875-3eaf72d6bbba@group-E2417E2DC09F-SegmentedRaftLogWorker: created new log segment /github/workspace/mnt/ozone/hadoop-ozone/integration-test/target/test-dir/MiniOzoneClusterImpl-1565a709-8e1e-42be-9f8b-10d30925cb12/datanode-4/data/ratis/d62e349b-2a2b-477d-a246-e2417e2dc09f/current/log_inprogress_0
2020-10-10 02:08:36,833 [Thread-614] INFO  impl.FollowerState (FollowerState.java:run(108)) - e2273cbf-c074-44ec-b875-3eaf72d6bbba@group-74EFC189A256-FollowerState: change to CANDIDATE, lastRpcTime:5115ms, electionTimeout:5113ms
2020-10-10 02:08:36,833 [Thread-614] INFO  impl.RoleInfo (RoleInfo.java:shutdownFollowerState(121)) - e2273cbf-c074-44ec-b875-3eaf72d6bbba: shutdown FollowerState
2020-10-10 02:08:36,833 [Thread-614] INFO  impl.RaftServerImpl (RaftServerImpl.java:setRole(198)) - e2273cbf-c074-44ec-b875-3eaf72d6bbba@group-74EFC189A256: changes role from  FOLLOWER to CANDIDATE at term 0 for changeToCandidate
2020-10-10 02:08:36,833 [Thread-614] INFO  impl.RoleInfo (RoleInfo.java:updateAndGet(143)) - e2273cbf-c074-44ec-b875-3eaf72d6bbba: start LeaderElection
2020-10-10 02:08:36,845 [e2273cbf-c074-44ec-b875-3eaf72d6bbba@group-74EFC189A256-LeaderElection19] INFO  impl.LeaderElection (LeaderElection.java:askForVotes(210)) - e2273cbf-c074-44ec-b875-3eaf72d6bbba@group-74EFC189A256-LeaderElection19: begin an election at term 1 for -1: [e2273cbf-c074-44ec-b875-3eaf72d6bbba:172.17.0.2:33085:0], old=null
2020-10-10 02:08:36,845 [e2273cbf-c074-44ec-b875-3eaf72d6bbba@group-74EFC189A256-LeaderElection19] INFO  impl.RoleInfo (RoleInfo.java:shutdownLeaderElection(134)) - e2273cbf-c074-44ec-b875-3eaf72d6bbba: shutdown LeaderElection
2020-10-10 02:08:36,845 [e2273cbf-c074-44ec-b875-3eaf72d6bbba@group-74EFC189A256-LeaderElection19] INFO  impl.RaftServerImpl (RaftServerImpl.java:setRole(198)) - e2273cbf-c074-44ec-b875-3eaf72d6bbba@group-74EFC189A256: changes role from CANDIDATE to LEADER at term 1 for changeToLeader
2020-10-10 02:08:36,845 [e2273cbf-c074-44ec-b875-3eaf72d6bbba@group-74EFC189A256-LeaderElection19] INFO  ratis.XceiverServerRatis (XceiverServerRatis.java:handleLeaderChangedNotification(822)) - Leader change notification received for group: group-74EFC189A256 with new leaderId: e2273cbf-c074-44ec-b875-3eaf72d6bbba
2020-10-10 02:08:36,845 [e2273cbf-c074-44ec-b875-3eaf72d6bbba@group-74EFC189A256-LeaderElection19] INFO  impl.RaftServerImpl (ServerState.java:setLeader(256)) - e2273cbf-c074-44ec-b875-3eaf72d6bbba@group-74EFC189A256: change Leader from null to e2273cbf-c074-44ec-b875-3eaf72d6bbba at term 1 for becomeLeader, leader elected after 5138ms
2020-10-10 02:08:36,846 [e2273cbf-c074-44ec-b875-3eaf72d6bbba@group-74EFC189A256-LeaderElection19] INFO  server.RaftServerConfigKeys (ConfUtils.java:logGet(44)) - raft.server.staging.catchup.gap = 1000 (default)
2020-10-10 02:08:36,847 [e2273cbf-c074-44ec-b875-3eaf72d6bbba@group-74EFC189A256-LeaderElection19] INFO  server.RaftServerConfigKeys (ConfUtils.java:logGet(44)) - raft.server.rpc.sleep.time = 25ms (default)
2020-10-10 02:08:36,847 [e2273cbf-c074-44ec-b875-3eaf72d6bbba@group-74EFC189A256-LeaderElection19] INFO  metrics.RatisMetrics (RatisMetrics.java:lambda$create$0(36)) - Creating Metrics Registry : ratis.log_appender.e2273cbf-c074-44ec-b875-3eaf72d6bbba@group-74EFC189A256
2020-10-10 02:08:36,847 [e2273cbf-c074-44ec-b875-3eaf72d6bbba@group-74EFC189A256-LeaderElection19] INFO  server.RaftServerConfigKeys (ConfUtils.java:logGet(44)) - raft.server.write.element-limit = 1024 (custom)
2020-10-10 02:08:36,847 [e2273cbf-c074-44ec-b875-3eaf72d6bbba@group-74EFC189A256-LeaderElection19] INFO  server.RaftServerConfigKeys (ConfUtils.java:logGet(44)) - raft.server.write.byte-limit = 1073741824 (custom)
2020-10-10 02:08:36,848 [e2273cbf-c074-44ec-b875-3eaf72d6bbba@group-74EFC189A256-LeaderElection19] INFO  server.RaftServerConfigKeys (ConfUtils.java:logGet(44)) - raft.server.watch.timeout = 180s (custom)
2020-10-10 02:08:36,849 [e2273cbf-c074-44ec-b875-3eaf72d6bbba@group-74EFC189A256-LeaderElection19] INFO  server.RaftServerConfigKeys (ConfUtils.java:logGet(44)) - raft.server.watch.timeout.denomination = 1s (default)
2020-10-10 02:08:36,849 [e2273cbf-c074-44ec-b875-3eaf72d6bbba@group-74EFC189A256-LeaderElection19] INFO  server.RaftServerConfigKeys (ConfUtils.java:logGet(44)) - raft.server.watch.element-limit = 65536 (default)
2020-10-10 02:08:36,849 [e2273cbf-c074-44ec-b875-3eaf72d6bbba@group-74EFC189A256-LeaderElection19] INFO  impl.RoleInfo (RoleInfo.java:updateAndGet(143)) - e2273cbf-c074-44ec-b875-3eaf72d6bbba: start LeaderState
2020-10-10 02:08:36,849 [e2273cbf-c074-44ec-b875-3eaf72d6bbba@group-74EFC189A256-LeaderElection19] INFO  segmented.SegmentedRaftLogWorker (SegmentedRaftLogWorker.java:startLogSegment(397)) - e2273cbf-c074-44ec-b875-3eaf72d6bbba@group-74EFC189A256-SegmentedRaftLogWorker: Starting segment from index:0
2020-10-10 02:08:36,850 [e2273cbf-c074-44ec-b875-3eaf72d6bbba@group-74EFC189A256-LeaderElection19] INFO  impl.RaftServerImpl (ServerState.java:setRaftConf(374)) - e2273cbf-c074-44ec-b875-3eaf72d6bbba@group-74EFC189A256: set configuration 0: [e2273cbf-c074-44ec-b875-3eaf72d6bbba:172.17.0.2:33085:0], old=null at 0
2020-10-10 02:08:36,852 [e2273cbf-c074-44ec-b875-3eaf72d6bbba@group-74EFC189A256-SegmentedRaftLogWorker] INFO  segmented.SegmentedRaftLogWorker (SegmentedRaftLogWorker.java:execute(596)) - e2273cbf-c074-44ec-b875-3eaf72d6bbba@group-74EFC189A256-SegmentedRaftLogWorker: created new log segment /github/workspace/mnt/ozone/hadoop-ozone/integration-test/target/test-dir/MiniOzoneClusterImpl-1565a709-8e1e-42be-9f8b-10d30925cb12/datanode-4/data/ratis/074b49b0-585b-4a32-a687-74efc189a256/current/log_inprogress_0
2020-10-10 02:08:37,114 [Thread-616] INFO  impl.FollowerState (FollowerState.java:run(108)) - 43f5839c-c8de-4217-81eb-1bdbcb4e3fa0@group-E010B589738A-FollowerState: change to CANDIDATE, lastRpcTime:5185ms, electionTimeout:5182ms
2020-10-10 02:08:37,114 [Thread-616] INFO  impl.RoleInfo (RoleInfo.java:shutdownFollowerState(121)) - 43f5839c-c8de-4217-81eb-1bdbcb4e3fa0: shutdown FollowerState
2020-10-10 02:08:37,114 [Thread-616] INFO  impl.RaftServerImpl (RaftServerImpl.java:setRole(198)) - 43f5839c-c8de-4217-81eb-1bdbcb4e3fa0@group-E010B589738A: changes role from  FOLLOWER to CANDIDATE at term 0 for changeToCandidate
2020-10-10 02:08:37,115 [Thread-616] INFO  impl.RoleInfo (RoleInfo.java:updateAndGet(143)) - 43f5839c-c8de-4217-81eb-1bdbcb4e3fa0: start LeaderElection
2020-10-10 02:08:37,117 [43f5839c-c8de-4217-81eb-1bdbcb4e3fa0@group-E010B589738A-LeaderElection20] INFO  impl.LeaderElection (LeaderElection.java:askForVotes(210)) - 43f5839c-c8de-4217-81eb-1bdbcb4e3fa0@group-E010B589738A-LeaderElection20: begin an election at term 1 for -1: [43f5839c-c8de-4217-81eb-1bdbcb4e3fa0:172.17.0.2:42531:0], old=null
2020-10-10 02:08:37,118 [43f5839c-c8de-4217-81eb-1bdbcb4e3fa0@group-E010B589738A-LeaderElection20] INFO  impl.RoleInfo (RoleInfo.java:shutdownLeaderElection(134)) - 43f5839c-c8de-4217-81eb-1bdbcb4e3fa0: shutdown LeaderElection
2020-10-10 02:08:37,118 [43f5839c-c8de-4217-81eb-1bdbcb4e3fa0@group-E010B589738A-LeaderElection20] INFO  impl.RaftServerImpl (RaftServerImpl.java:setRole(198)) - 43f5839c-c8de-4217-81eb-1bdbcb4e3fa0@group-E010B589738A: changes role from CANDIDATE to LEADER at term 1 for changeToLeader
2020-10-10 02:08:37,118 [43f5839c-c8de-4217-81eb-1bdbcb4e3fa0@group-E010B589738A-LeaderElection20] INFO  ratis.XceiverServerRatis (XceiverServerRatis.java:handleLeaderChangedNotification(822)) - Leader change notification received for group: group-E010B589738A with new leaderId: 43f5839c-c8de-4217-81eb-1bdbcb4e3fa0
2020-10-10 02:08:37,118 [43f5839c-c8de-4217-81eb-1bdbcb4e3fa0@group-E010B589738A-LeaderElection20] INFO  impl.RaftServerImpl (ServerState.java:setLeader(256)) - 43f5839c-c8de-4217-81eb-1bdbcb4e3fa0@group-E010B589738A: change Leader from null to 43f5839c-c8de-4217-81eb-1bdbcb4e3fa0 at term 1 for becomeLeader, leader elected after 5197ms
2020-10-10 02:08:37,119 [43f5839c-c8de-4217-81eb-1bdbcb4e3fa0@group-E010B589738A-LeaderElection20] INFO  server.RaftServerConfigKeys (ConfUtils.java:logGet(44)) - raft.server.staging.catchup.gap = 1000 (default)
2020-10-10 02:08:37,119 [43f5839c-c8de-4217-81eb-1bdbcb4e3fa0@group-E010B589738A-LeaderElection20] INFO  server.RaftServerConfigKeys (ConfUtils.java:logGet(44)) - raft.server.rpc.sleep.time = 25ms (default)
2020-10-10 02:08:37,120 [43f5839c-c8de-4217-81eb-1bdbcb4e3fa0@group-E010B589738A-LeaderElection20] INFO  metrics.RatisMetrics (RatisMetrics.java:lambda$create$0(36)) - Creating Metrics Registry : ratis.log_appender.43f5839c-c8de-4217-81eb-1bdbcb4e3fa0@group-E010B589738A
2020-10-10 02:08:37,120 [43f5839c-c8de-4217-81eb-1bdbcb4e3fa0@group-E010B589738A-LeaderElection20] INFO  server.RaftServerConfigKeys (ConfUtils.java:logGet(44)) - raft.server.write.element-limit = 1024 (custom)
2020-10-10 02:08:37,120 [43f5839c-c8de-4217-81eb-1bdbcb4e3fa0@group-E010B589738A-LeaderElection20] INFO  server.RaftServerConfigKeys (ConfUtils.java:logGet(44)) - raft.server.write.byte-limit = 1073741824 (custom)
2020-10-10 02:08:37,120 [43f5839c-c8de-4217-81eb-1bdbcb4e3fa0@group-E010B589738A-LeaderElection20] INFO  server.RaftServerConfigKeys (ConfUtils.java:logGet(44)) - raft.server.watch.timeout = 180s (custom)
2020-10-10 02:08:37,120 [43f5839c-c8de-4217-81eb-1bdbcb4e3fa0@group-E010B589738A-LeaderElection20] INFO  server.RaftServerConfigKeys (ConfUtils.java:logGet(44)) - raft.server.watch.timeout.denomination = 1s (default)
2020-10-10 02:08:37,120 [43f5839c-c8de-4217-81eb-1bdbcb4e3fa0@group-E010B589738A-LeaderElection20] INFO  server.RaftServerConfigKeys (ConfUtils.java:logGet(44)) - raft.server.watch.element-limit = 65536 (default)
2020-10-10 02:08:37,120 [43f5839c-c8de-4217-81eb-1bdbcb4e3fa0@group-E010B589738A-LeaderElection20] INFO  impl.RoleInfo (RoleInfo.java:updateAndGet(143)) - 43f5839c-c8de-4217-81eb-1bdbcb4e3fa0: start LeaderState
2020-10-10 02:08:37,121 [43f5839c-c8de-4217-81eb-1bdbcb4e3fa0@group-E010B589738A-LeaderElection20] INFO  segmented.SegmentedRaftLogWorker (SegmentedRaftLogWorker.java:startLogSegment(397)) - 43f5839c-c8de-4217-81eb-1bdbcb4e3fa0@group-E010B589738A-SegmentedRaftLogWorker: Starting segment from index:0
2020-10-10 02:08:37,122 [43f5839c-c8de-4217-81eb-1bdbcb4e3fa0@group-E010B589738A-LeaderElection20] INFO  impl.RaftServerImpl (ServerState.java:setRaftConf(374)) - 43f5839c-c8de-4217-81eb-1bdbcb4e3fa0@group-E010B589738A: set configuration 0: [43f5839c-c8de-4217-81eb-1bdbcb4e3fa0:172.17.0.2:42531:0], old=null at 0
2020-10-10 02:08:37,122 [43f5839c-c8de-4217-81eb-1bdbcb4e3fa0@group-E010B589738A-SegmentedRaftLogWorker] INFO  segmented.SegmentedRaftLogWorker (SegmentedRaftLogWorker.java:execute(596)) - 43f5839c-c8de-4217-81eb-1bdbcb4e3fa0@group-E010B589738A-SegmentedRaftLogWorker: created new log segment /github/workspace/mnt/ozone/hadoop-ozone/integration-test/target/test-dir/MiniOzoneClusterImpl-1565a709-8e1e-42be-9f8b-10d30925cb12/datanode-5/data/ratis/5218748a-bac5-475c-81cb-e010b589738a/current/log_inprogress_0
2020-10-10 02:08:37,214 [Thread-618] INFO  impl.FollowerState (FollowerState.java:run(108)) - 23601240-7ba9-45ef-86a8-484ff669ec18@group-F5BCA22B2457-FollowerState: change to CANDIDATE, lastRpcTime:5072ms, electionTimeout:5071ms
2020-10-10 02:08:37,215 [Thread-618] INFO  impl.RoleInfo (RoleInfo.java:shutdownFollowerState(121)) - 23601240-7ba9-45ef-86a8-484ff669ec18: shutdown FollowerState
2020-10-10 02:08:37,215 [Thread-618] INFO  impl.RaftServerImpl (RaftServerImpl.java:setRole(198)) - 23601240-7ba9-45ef-86a8-484ff669ec18@group-F5BCA22B2457: changes role from  FOLLOWER to CANDIDATE at term 0 for changeToCandidate
2020-10-10 02:08:37,215 [Thread-618] INFO  impl.RoleInfo (RoleInfo.java:updateAndGet(143)) - 23601240-7ba9-45ef-86a8-484ff669ec18: start LeaderElection
2020-10-10 02:08:37,218 [23601240-7ba9-45ef-86a8-484ff669ec18@group-F5BCA22B2457-LeaderElection21] INFO  impl.LeaderElection (LeaderElection.java:askForVotes(210)) - 23601240-7ba9-45ef-86a8-484ff669ec18@group-F5BCA22B2457-LeaderElection21: begin an election at term 1 for -1: [23601240-7ba9-45ef-86a8-484ff669ec18:172.17.0.2:35209:0], old=null
2020-10-10 02:08:37,218 [23601240-7ba9-45ef-86a8-484ff669ec18@group-F5BCA22B2457-LeaderElection21] INFO  impl.RoleInfo (RoleInfo.java:shutdownLeaderElection(134)) - 23601240-7ba9-45ef-86a8-484ff669ec18: shutdown LeaderElection
2020-10-10 02:08:37,218 [23601240-7ba9-45ef-86a8-484ff669ec18@group-F5BCA22B2457-LeaderElection21] INFO  impl.RaftServerImpl (RaftServerImpl.java:setRole(198)) - 23601240-7ba9-45ef-86a8-484ff669ec18@group-F5BCA22B2457: changes role from CANDIDATE to LEADER at term 1 for changeToLeader
2020-10-10 02:08:37,218 [23601240-7ba9-45ef-86a8-484ff669ec18@group-F5BCA22B2457-LeaderElection21] INFO  ratis.XceiverServerRatis (XceiverServerRatis.java:handleLeaderChangedNotification(822)) - Leader change notification received for group: group-F5BCA22B2457 with new leaderId: 23601240-7ba9-45ef-86a8-484ff669ec18
2020-10-10 02:08:37,219 [23601240-7ba9-45ef-86a8-484ff669ec18@group-F5BCA22B2457-LeaderElection21] INFO  impl.RaftServerImpl (ServerState.java:setLeader(256)) - 23601240-7ba9-45ef-86a8-484ff669ec18@group-F5BCA22B2457: change Leader from null to 23601240-7ba9-45ef-86a8-484ff669ec18 at term 1 for becomeLeader, leader elected after 5087ms
2020-10-10 02:08:37,219 [23601240-7ba9-45ef-86a8-484ff669ec18@group-F5BCA22B2457-LeaderElection21] INFO  server.RaftServerConfigKeys (ConfUtils.java:logGet(44)) - raft.server.staging.catchup.gap = 1000 (default)
2020-10-10 02:08:37,219 [23601240-7ba9-45ef-86a8-484ff669ec18@group-F5BCA22B2457-LeaderElection21] INFO  server.RaftServerConfigKeys (ConfUtils.java:logGet(44)) - raft.server.rpc.sleep.time = 25ms (default)
2020-10-10 02:08:37,219 [23601240-7ba9-45ef-86a8-484ff669ec18@group-F5BCA22B2457-LeaderElection21] INFO  metrics.RatisMetrics (RatisMetrics.java:lambda$create$0(36)) - Creating Metrics Registry : ratis.log_appender.23601240-7ba9-45ef-86a8-484ff669ec18@group-F5BCA22B2457
2020-10-10 02:08:37,220 [23601240-7ba9-45ef-86a8-484ff669ec18@group-F5BCA22B2457-LeaderElection21] INFO  server.RaftServerConfigKeys (ConfUtils.java:logGet(44)) - raft.server.write.element-limit = 1024 (custom)
2020-10-10 02:08:37,220 [23601240-7ba9-45ef-86a8-484ff669ec18@group-F5BCA22B2457-LeaderElection21] INFO  server.RaftServerConfigKeys (ConfUtils.java:logGet(44)) - raft.server.write.byte-limit = 1073741824 (custom)
2020-10-10 02:08:37,221 [23601240-7ba9-45ef-86a8-484ff669ec18@group-F5BCA22B2457-LeaderElection21] INFO  server.RaftServerConfigKeys (ConfUtils.java:logGet(44)) - raft.server.watch.timeout = 180s (custom)
2020-10-10 02:08:37,221 [23601240-7ba9-45ef-86a8-484ff669ec18@group-F5BCA22B2457-LeaderElection21] INFO  server.RaftServerConfigKeys (ConfUtils.java:logGet(44)) - raft.server.watch.timeout.denomination = 1s (default)
2020-10-10 02:08:37,221 [23601240-7ba9-45ef-86a8-484ff669ec18@group-F5BCA22B2457-LeaderElection21] INFO  server.RaftServerConfigKeys (ConfUtils.java:logGet(44)) - raft.server.watch.element-limit = 65536 (default)
2020-10-10 02:08:37,221 [23601240-7ba9-45ef-86a8-484ff669ec18@group-F5BCA22B2457-LeaderElection21] INFO  impl.RoleInfo (RoleInfo.java:updateAndGet(143)) - 23601240-7ba9-45ef-86a8-484ff669ec18: start LeaderState
2020-10-10 02:08:37,222 [23601240-7ba9-45ef-86a8-484ff669ec18@group-F5BCA22B2457-LeaderElection21] INFO  segmented.SegmentedRaftLogWorker (SegmentedRaftLogWorker.java:startLogSegment(397)) - 23601240-7ba9-45ef-86a8-484ff669ec18@group-F5BCA22B2457-SegmentedRaftLogWorker: Starting segment from index:0
2020-10-10 02:08:37,222 [23601240-7ba9-45ef-86a8-484ff669ec18@group-F5BCA22B2457-LeaderElection21] INFO  impl.RaftServerImpl (ServerState.java:setRaftConf(374)) - 23601240-7ba9-45ef-86a8-484ff669ec18@group-F5BCA22B2457: set configuration 0: [23601240-7ba9-45ef-86a8-484ff669ec18:172.17.0.2:35209:0], old=null at 0
2020-10-10 02:08:37,223 [23601240-7ba9-45ef-86a8-484ff669ec18@group-F5BCA22B2457-SegmentedRaftLogWorker] INFO  segmented.SegmentedRaftLogWorker (SegmentedRaftLogWorker.java:execute(596)) - 23601240-7ba9-45ef-86a8-484ff669ec18@group-F5BCA22B2457-SegmentedRaftLogWorker: created new log segment /github/workspace/mnt/ozone/hadoop-ozone/integration-test/target/test-dir/MiniOzoneClusterImpl-1565a709-8e1e-42be-9f8b-10d30925cb12/datanode-6/data/ratis/2fdf63cc-d680-48a9-b4b9-f5bca22b2457/current/log_inprogress_0
2020-10-10 02:08:38,965 [EventQueue-Delayed safe mode statusForReplicationManager] INFO  container.ReplicationManager (ReplicationManager.java:start(178)) - Starting Replication Monitor Thread.
2020-10-10 02:08:38,967 [ReplicationMonitor] INFO  container.ReplicationManager (ReplicationManager.java:run(242)) - Replication Monitor Thread took 1 milliseconds for processing 2 containers.
2020-10-10 02:08:44,236 [Listener at 127.0.0.1/44617] INFO  metrics.RatisMetrics (RatisMetrics.java:lambda$create$0(36)) - Creating Metrics Registry : ratis.client_message_metrics.client-D61E60AC090D->43f5839c-c8de-4217-81eb-1bdbcb4e3fa0
2020-10-10 02:08:44,290 [EventQueue-CloseContainerForCloseContainerEventHandler] INFO  container.CloseContainerEventHandler (CloseContainerEventHandler.java:onMessage(61)) - Close container Event triggered for container : #1
2020-10-10 02:08:44,291 [EventQueue-CloseContainerForCloseContainerEventHandler] INFO  container.CloseContainerEventHandler (CloseContainerEventHandler.java:onMessage(61)) - Close container Event triggered for container : #2
2020-10-10 02:08:46,240 [RatisApplyTransactionExecutor 1] INFO  keyvalue.KeyValueContainer (KeyValueContainer.java:flushAndSyncDB(388)) - Container 1 is synced with bcsId 12.
2020-10-10 02:08:46,240 [RatisApplyTransactionExecutor 1] INFO  keyvalue.KeyValueContainer (KeyValueContainer.java:flushAndSyncDB(388)) - Container 1 is synced with bcsId 12.
2020-10-10 02:08:46,243 [RatisApplyTransactionExecutor 1] INFO  keyvalue.KeyValueContainer (KeyValueContainer.java:close(326)) - Container 1 is closed with bcsId 12.
2020-10-10 02:08:46,244 [EventQueue-IncrementalContainerReportForIncrementalContainerReportHandler] INFO  container.IncrementalContainerReportHandler (AbstractContainerReportHandler.java:updateContainerState(215)) - Moving container #1 to CLOSED state, datanode 43f5839c-c8de-4217-81eb-1bdbcb4e3fa0{ip: 172.17.0.2, host: 2df54852b2a6, networkLocation: /default-rack, certSerialId: null} reported CLOSED replica.
2020-10-10 02:08:46,248 [RatisApplyTransactionExecutor 2] INFO  keyvalue.KeyValueContainer (KeyValueContainer.java:flushAndSyncDB(388)) - Container 2 is synced with bcsId 0.
2020-10-10 02:08:46,248 [RatisApplyTransactionExecutor 2] INFO  keyvalue.KeyValueContainer (KeyValueContainer.java:flushAndSyncDB(388)) - Container 2 is synced with bcsId 0.
2020-10-10 02:08:46,250 [RatisApplyTransactionExecutor 2] INFO  keyvalue.KeyValueContainer (KeyValueContainer.java:close(326)) - Container 2 is closed with bcsId 0.
2020-10-10 02:08:46,251 [EventQueue-IncrementalContainerReportForIncrementalContainerReportHandler] INFO  container.IncrementalContainerReportHandler (AbstractContainerReportHandler.java:updateContainerState(215)) - Moving container #2 to CLOSED state, datanode 43f5839c-c8de-4217-81eb-1bdbcb4e3fa0{ip: 172.17.0.2, host: 2df54852b2a6, networkLocation: /default-rack, certSerialId: null} reported CLOSED replica.
2020-10-10 02:08:46,289 [Listener at 127.0.0.1/44617] INFO  ozone.MiniOzoneClusterImpl (MiniOzoneClusterImpl.java:shutdown(387)) - Shutting down the Mini Ozone Cluster
2020-10-10 02:08:46,290 [Listener at 127.0.0.1/44617] INFO  ozone.MiniOzoneClusterImpl (MiniOzoneClusterImpl.java:stop(402)) - Stopping the Mini Ozone Cluster
2020-10-10 02:08:46,290 [Listener at 127.0.0.1/44617] INFO  ozone.MiniOzoneClusterImpl (MiniOzoneClusterImpl.java:stopOM(484)) - Stopping the OzoneManager
2020-10-10 02:08:46,290 [Listener at 127.0.0.1/44617] INFO  ipc.Server (Server.java:stop(3359)) - Stopping server on 44617
2020-10-10 02:08:46,295 [Listener at 127.0.0.1/44617] INFO  ratis.OzoneManagerDoubleBuffer (OzoneManagerDoubleBuffer.java:stop(458)) - Stopping OMDoubleBuffer flush thread
2020-10-10 02:08:46,296 [IPC Server Responder] INFO  ipc.Server (Server.java:run(1465)) - Stopping IPC Server Responder
2020-10-10 02:08:46,296 [OMDoubleBufferFlushThread] INFO  ratis.OzoneManagerDoubleBuffer (OzoneManagerDoubleBuffer.java:flushTransactions(357)) - OMDoubleBuffer flush thread OMDoubleBufferFlushThread is interrupted and will exit. OMDoubleBufferFlushThread
2020-10-10 02:08:46,296 [IPC Server listener on 0] INFO  ipc.Server (Server.java:run(1330)) - Stopping IPC Server listener on 0
2020-10-10 02:08:46,296 [Listener at 127.0.0.1/44617] INFO  utils.BackgroundService (BackgroundService.java:shutdown(132)) - Shutting down service KeyDeletingService
2020-10-10 02:08:46,298 [Listener at 127.0.0.1/44617] INFO  handler.ContextHandler (ContextHandler.java:doStop(1016)) - Stopped o.e.j.w.WebAppContext@51383ab3{ozoneManager,/,null,UNAVAILABLE}{file:/github/workspace/mnt/ozone/hadoop-ozone/integration-test/target/test-classes/webapps/ozoneManager}
2020-10-10 02:08:46,298 [Listener at 127.0.0.1/44617] INFO  server.AbstractConnector (AbstractConnector.java:doStop(380)) - Stopped ServerConnector@4a3e6d5c{HTTP/1.1,[http/1.1]}{0.0.0.0:0}
2020-10-10 02:08:46,298 [Listener at 127.0.0.1/44617] INFO  server.session (HouseKeeper.java:stopScavenging(158)) - node0 Stopped scavenging
2020-10-10 02:08:46,299 [Listener at 127.0.0.1/44617] INFO  handler.ContextHandler (ContextHandler.java:doStop(1016)) - Stopped o.e.j.s.ServletContextHandler@4befaff0{static,/static,file:///github/workspace/mnt/ozone/hadoop-ozone/integration-test/target/test-classes/webapps/static,UNAVAILABLE}
2020-10-10 02:08:46,299 [Listener at 127.0.0.1/44617] INFO  handler.ContextHandler (ContextHandler.java:doStop(1016)) - Stopped o.e.j.s.ServletContextHandler@49019dc2{logs,/logs,file:///github/workspace/mnt/ozone/hadoop-ozone/integration-test/target/log,UNAVAILABLE}
2020-10-10 02:08:46,301 [Listener at 127.0.0.1/44617] INFO  ozone.MiniOzoneClusterImpl (MiniOzoneClusterImpl.java:stopDatanodes(461)) - Stopping the HddsDatanodes
2020-10-10 02:08:46,847 [Datanode State Machine Thread - 0] INFO  statemachine.DatanodeStateMachine (DatanodeStateMachine.java:lambda$startDaemon$0(405)) - Ozone container server started.
2020-10-10 02:08:47,146 [Datanode State Machine Thread - 0] INFO  statemachine.DatanodeStateMachine (DatanodeStateMachine.java:lambda$startDaemon$0(405)) - Ozone container server started.
2020-10-10 02:08:51,302 [Listener at 127.0.0.1/44617] INFO  ozoneimpl.OzoneContainer (OzoneContainer.java:stop(259)) - Attempting to stop container services.
2020-10-10 02:08:51,303 [ForkJoinPool.commonPool-worker-0] INFO  ozoneimpl.OzoneContainer (OzoneContainer.java:stop(259)) - Attempting to stop container services.
2020-10-10 02:08:51,303 [ForkJoinPool.commonPool-worker-0] INFO  impl.RaftServerProxy (RaftServerProxy.java:lambda$close$4(322)) - e25c889a-af96-48f7-b924-f05d6aaf86f9: close
2020-10-10 02:08:51,303 [ForkJoinPool.commonPool-worker-0] INFO  impl.RaftServerImpl (RaftServerImpl.java:lambda$shutdown$3(321)) - e25c889a-af96-48f7-b924-f05d6aaf86f9@group-00DBA911AA2E: shutdown
2020-10-10 02:08:51,303 [Listener at 127.0.0.1/44617] INFO  impl.RaftServerProxy (RaftServerProxy.java:lambda$close$4(322)) - e2273cbf-c074-44ec-b875-3eaf72d6bbba: close
2020-10-10 02:08:51,303 [Listener at 127.0.0.1/44617] INFO  impl.RaftServerImpl (RaftServerImpl.java:lambda$shutdown$3(321)) - e2273cbf-c074-44ec-b875-3eaf72d6bbba@group-74EFC189A256: shutdown
2020-10-10 02:08:51,303 [ForkJoinPool.commonPool-worker-0] INFO  util.JmxRegister (JmxRegister.java:unregister(73)) - Successfully un-registered JMX Bean with object name Ratis:service=RaftServer,group=group-00DBA911AA2E,id=e25c889a-af96-48f7-b924-f05d6aaf86f9
2020-10-10 02:08:51,304 [ForkJoinPool.commonPool-worker-0] INFO  impl.RoleInfo (RoleInfo.java:shutdownLeaderState(104)) - e25c889a-af96-48f7-b924-f05d6aaf86f9: shutdown LeaderState
2020-10-10 02:08:51,304 [ForkJoinPool.commonPool-worker-0] INFO  metrics.RatisMetrics (RatisMetrics.java:unregister(43)) - Unregistering Metrics Registry : ratis_grpc.log_appender.e25c889a-af96-48f7-b924-f05d6aaf86f9@group-00DBA911AA2E
2020-10-10 02:08:51,304 [ForkJoinPool.commonPool-worker-0] INFO  metrics.RatisMetrics (RatisMetrics.java:unregister(43)) - Unregistering Metrics Registry : ratis_grpc.log_appender.e25c889a-af96-48f7-b924-f05d6aaf86f9@group-00DBA911AA2E
2020-10-10 02:08:51,304 [org.apache.ratis.server.impl.LogAppender$AppenderDaemon$$Lambda$459/37239587@30c6ec4c] WARN  server.GrpcLogAppender (GrpcLogAppender.java:mayWait(168)) - e25c889a-af96-48f7-b924-f05d6aaf86f9@group-00DBA911AA2E->0bc64d23-9ed1-4611-b85c-3104296e559c-GrpcLogAppender: Wait interrupted by java.lang.InterruptedException
2020-10-10 02:08:51,304 [Listener at 127.0.0.1/44617] INFO  util.JmxRegister (JmxRegister.java:unregister(73)) - Successfully un-registered JMX Bean with object name Ratis:service=RaftServer,group=group-74EFC189A256,id=e2273cbf-c074-44ec-b875-3eaf72d6bbba
2020-10-10 02:08:51,306 [Listener at 127.0.0.1/44617] INFO  impl.RoleInfo (RoleInfo.java:shutdownLeaderState(104)) - e2273cbf-c074-44ec-b875-3eaf72d6bbba: shutdown LeaderState
2020-10-10 02:08:51,306 [Listener at 127.0.0.1/44617] INFO  impl.PendingRequests (PendingRequests.java:sendNotLeaderResponses(249)) - e2273cbf-c074-44ec-b875-3eaf72d6bbba@group-74EFC189A256-PendingRequests: sendNotLeaderResponses
2020-10-10 02:08:51,307 [Listener at 127.0.0.1/44617] INFO  metrics.RatisMetrics (RatisMetrics.java:unregister(43)) - Unregistering Metrics Registry : ratis.log_appender.e2273cbf-c074-44ec-b875-3eaf72d6bbba@group-74EFC189A256
2020-10-10 02:08:51,307 [Listener at 127.0.0.1/44617] INFO  metrics.RatisMetrics (RatisMetrics.java:unregister(43)) - Unregistering Metrics Registry : ratis.server.e2273cbf-c074-44ec-b875-3eaf72d6bbba@group-74EFC189A256
2020-10-10 02:08:51,306 [grpc-default-executor-1] INFO  server.GrpcServerProtocolService (GrpcServerProtocolService.java:onCompleted(138)) - 0bc64d23-9ed1-4611-b85c-3104296e559c: Completed APPEND_ENTRIES, lastRequest: e25c889a-af96-48f7-b924-f05d6aaf86f9->0bc64d23-9ed1-4611-b85c-3104296e559c#1-t1, previous=(t:0, i:0), leaderCommit=0, initializing? false, entries: size=1, first=(t:1, i:0), CONFIGURATIONENTRY
2020-10-10 02:08:51,309 [grpc-default-executor-0] INFO  server.GrpcLogAppender (GrpcLogAppender.java:onCompleted(336)) - e25c889a-af96-48f7-b924-f05d6aaf86f9@group-00DBA911AA2E->0bc64d23-9ed1-4611-b85c-3104296e559c-AppendLogResponseHandler: follower responses appendEntries COMPLETED
2020-10-10 02:08:51,304 [ForkJoinPool.commonPool-worker-0] INFO  impl.PendingRequests (PendingRequests.java:sendNotLeaderResponses(249)) - e25c889a-af96-48f7-b924-f05d6aaf86f9@group-00DBA911AA2E-PendingRequests: sendNotLeaderResponses
2020-10-10 02:08:51,310 [ForkJoinPool.commonPool-worker-0] INFO  metrics.RatisMetrics (RatisMetrics.java:unregister(43)) - Unregistering Metrics Registry : ratis.log_appender.e25c889a-af96-48f7-b924-f05d6aaf86f9@group-00DBA911AA2E
2020-10-10 02:08:51,309 [grpc-default-executor-0] INFO  impl.FollowerInfo (FollowerInfo.java:lambda$new$0(51)) - e25c889a-af96-48f7-b924-f05d6aaf86f9@group-00DBA911AA2E->0bc64d23-9ed1-4611-b85c-3104296e559c: nextIndex: updateUnconditionally 1 -> 0
2020-10-10 02:08:51,311 [e2273cbf-c074-44ec-b875-3eaf72d6bbba@group-74EFC189A256-StateMachineUpdater] INFO  ratis.ContainerStateMachine (ContainerStateMachine.java:takeSnapshot(293)) - group-74EFC189A256: Taking a snapshot at:(t:1, i:0) file /github/workspace/mnt/ozone/hadoop-ozone/integration-test/target/test-dir/MiniOzoneClusterImpl-1565a709-8e1e-42be-9f8b-10d30925cb12/datanode-4/data/ratis/074b49b0-585b-4a32-a687-74efc189a256/sm/snapshot.1_0
2020-10-10 02:08:51,311 [ForkJoinPool.commonPool-worker-0] INFO  metrics.RatisMetrics (RatisMetrics.java:unregister(43)) - Unregistering Metrics Registry : ratis.server.e25c889a-af96-48f7-b924-f05d6aaf86f9@group-00DBA911AA2E
2020-10-10 02:08:51,312 [e2273cbf-c074-44ec-b875-3eaf72d6bbba@group-74EFC189A256-StateMachineUpdater] INFO  ratis.ContainerStateMachine (ContainerStateMachine.java:takeSnapshot(304)) - group-74EFC189A256: Finished taking a snapshot at:(t:1, i:0) file:/github/workspace/mnt/ozone/hadoop-ozone/integration-test/target/test-dir/MiniOzoneClusterImpl-1565a709-8e1e-42be-9f8b-10d30925cb12/datanode-4/data/ratis/074b49b0-585b-4a32-a687-74efc189a256/sm/snapshot.1_0 time:2
2020-10-10 02:08:51,313 [e2273cbf-c074-44ec-b875-3eaf72d6bbba@group-74EFC189A256-StateMachineUpdater] INFO  impl.StateMachineUpdater (StateMachineUpdater.java:takeSnapshot(277)) - e2273cbf-c074-44ec-b875-3eaf72d6bbba@group-74EFC189A256-StateMachineUpdater: Took a snapshot at index 0
2020-10-10 02:08:51,313 [e2273cbf-c074-44ec-b875-3eaf72d6bbba@group-74EFC189A256-StateMachineUpdater] INFO  impl.StateMachineUpdater (StateMachineUpdater.java:lambda$new$0(87)) - e2273cbf-c074-44ec-b875-3eaf72d6bbba@group-74EFC189A256-StateMachineUpdater: snapshotIndex: updateIncreasingly -1 -> 0
2020-10-10 02:08:51,313 [e2273cbf-c074-44ec-b875-3eaf72d6bbba@group-74EFC189A256-StateMachineUpdater] INFO  metrics.RatisMetrics (RatisMetrics.java:unregister(43)) - Unregistering Metrics Registry : ratis.state_machine.e2273cbf-c074-44ec-b875-3eaf72d6bbba@group-74EFC189A256
2020-10-10 02:08:51,313 [e25c889a-af96-48f7-b924-f05d6aaf86f9@group-00DBA911AA2E-StateMachineUpdater] INFO  ratis.ContainerStateMachine (ContainerStateMachine.java:takeSnapshot(293)) - group-00DBA911AA2E: Taking a snapshot at:(t:1, i:0) file /github/workspace/mnt/ozone/hadoop-ozone/integration-test/target/test-dir/MiniOzoneClusterImpl-1565a709-8e1e-42be-9f8b-10d30925cb12/datanode-1/data/ratis/6d4ea811-310d-4287-a256-00dba911aa2e/sm/snapshot.1_0
2020-10-10 02:08:51,313 [ForkJoinPool.commonPool-worker-0] INFO  impl.StateMachineUpdater (StateMachineUpdater.java:stopAndJoin(142)) - e25c889a-af96-48f7-b924-f05d6aaf86f9@group-00DBA911AA2E-StateMachineUpdater: set stopIndex = 0
2020-10-10 02:08:51,310 [org.apache.ratis.server.impl.LogAppender$AppenderDaemon$$Lambda$459/37239587@7c3b977d] WARN  server.GrpcLogAppender (GrpcLogAppender.java:mayWait(168)) - e25c889a-af96-48f7-b924-f05d6aaf86f9@group-00DBA911AA2E->78604002-ff5a-45ff-a78c-fcc3df81f009-GrpcLogAppender: Wait interrupted by java.lang.InterruptedException
2020-10-10 02:08:51,309 [Listener at 127.0.0.1/44617] INFO  impl.StateMachineUpdater (StateMachineUpdater.java:stopAndJoin(142)) - e2273cbf-c074-44ec-b875-3eaf72d6bbba@group-74EFC189A256-StateMachineUpdater: set stopIndex = 0
2020-10-10 02:08:51,315 [Listener at 127.0.0.1/44617] INFO  impl.RaftServerImpl (ServerState.java:close(405)) - e2273cbf-c074-44ec-b875-3eaf72d6bbba@group-74EFC189A256: closes. applyIndex: 0
2020-10-10 02:08:51,314 [e25c889a-af96-48f7-b924-f05d6aaf86f9@group-00DBA911AA2E-StateMachineUpdater] INFO  ratis.ContainerStateMachine (ContainerStateMachine.java:takeSnapshot(304)) - group-00DBA911AA2E: Finished taking a snapshot at:(t:1, i:0) file:/github/workspace/mnt/ozone/hadoop-ozone/integration-test/target/test-dir/MiniOzoneClusterImpl-1565a709-8e1e-42be-9f8b-10d30925cb12/datanode-1/data/ratis/6d4ea811-310d-4287-a256-00dba911aa2e/sm/snapshot.1_0 time:1
2020-10-10 02:08:51,319 [e25c889a-af96-48f7-b924-f05d6aaf86f9@group-00DBA911AA2E-StateMachineUpdater] INFO  impl.StateMachineUpdater (StateMachineUpdater.java:takeSnapshot(277)) - e25c889a-af96-48f7-b924-f05d6aaf86f9@group-00DBA911AA2E-StateMachineUpdater: Took a snapshot at index 0
2020-10-10 02:08:51,319 [e25c889a-af96-48f7-b924-f05d6aaf86f9@group-00DBA911AA2E-StateMachineUpdater] INFO  impl.StateMachineUpdater (StateMachineUpdater.java:lambda$new$0(87)) - e25c889a-af96-48f7-b924-f05d6aaf86f9@group-00DBA911AA2E-StateMachineUpdater: snapshotIndex: updateIncreasingly -1 -> 0
2020-10-10 02:08:51,319 [e2273cbf-c074-44ec-b875-3eaf72d6bbba@group-74EFC189A256-SegmentedRaftLogWorker] INFO  segmented.SegmentedRaftLogWorker (SegmentedRaftLogWorker.java:run(327)) - e2273cbf-c074-44ec-b875-3eaf72d6bbba@group-74EFC189A256-SegmentedRaftLogWorker was interrupted, exiting. There are 0 tasks remaining in the queue.
2020-10-10 02:08:51,318 [grpc-default-executor-0] INFO  server.GrpcServerProtocolService (GrpcServerProtocolService.java:onCompleted(138)) - 78604002-ff5a-45ff-a78c-fcc3df81f009: Completed APPEND_ENTRIES, lastRequest: e25c889a-af96-48f7-b924-f05d6aaf86f9->78604002-ff5a-45ff-a78c-fcc3df81f009#1-t1, previous=(t:0, i:0), leaderCommit=0, initializing? false, entries: size=1, first=(t:1, i:0), CONFIGURATIONENTRY
2020-10-10 02:08:51,319 [e25c889a-af96-48f7-b924-f05d6aaf86f9@group-00DBA911AA2E-StateMachineUpdater] INFO  metrics.RatisMetrics (RatisMetrics.java:unregister(43)) - Unregistering Metrics Registry : ratis.state_machine.e25c889a-af96-48f7-b924-f05d6aaf86f9@group-00DBA911AA2E
2020-10-10 02:08:51,320 [grpc-default-executor-1] INFO  server.GrpcLogAppender (GrpcLogAppender.java:onCompleted(336)) - e25c889a-af96-48f7-b924-f05d6aaf86f9@group-00DBA911AA2E->78604002-ff5a-45ff-a78c-fcc3df81f009-AppendLogResponseHandler: follower responses appendEntries COMPLETED
2020-10-10 02:08:51,321 [grpc-default-executor-1] INFO  impl.FollowerInfo (FollowerInfo.java:lambda$new$0(51)) - e25c889a-af96-48f7-b924-f05d6aaf86f9@group-00DBA911AA2E->78604002-ff5a-45ff-a78c-fcc3df81f009: nextIndex: updateUnconditionally 1 -> 0
2020-10-10 02:08:51,320 [ForkJoinPool.commonPool-worker-0] INFO  impl.RaftServerImpl (ServerState.java:close(405)) - e25c889a-af96-48f7-b924-f05d6aaf86f9@group-00DBA911AA2E: closes. applyIndex: 0
2020-10-10 02:08:51,322 [e25c889a-af96-48f7-b924-f05d6aaf86f9@group-00DBA911AA2E-SegmentedRaftLogWorker] INFO  segmented.SegmentedRaftLogWorker (SegmentedRaftLogWorker.java:run(327)) - e25c889a-af96-48f7-b924-f05d6aaf86f9@group-00DBA911AA2E-SegmentedRaftLogWorker was interrupted, exiting. There are 0 tasks remaining in the queue.
2020-10-10 02:08:51,322 [Listener at 127.0.0.1/44617] INFO  segmented.SegmentedRaftLogWorker (SegmentedRaftLogWorker.java:close(234)) - e2273cbf-c074-44ec-b875-3eaf72d6bbba@group-74EFC189A256-SegmentedRaftLogWorker close()
2020-10-10 02:08:51,323 [ForkJoinPool.commonPool-worker-0] INFO  segmented.SegmentedRaftLogWorker (SegmentedRaftLogWorker.java:close(234)) - e25c889a-af96-48f7-b924-f05d6aaf86f9@group-00DBA911AA2E-SegmentedRaftLogWorker close()
2020-10-10 02:08:51,327 [ForkJoinPool.commonPool-worker-0] INFO  metrics.RatisMetrics (RatisMetrics.java:unregister(43)) - Unregistering Metrics Registry : ratis.log_worker.e25c889a-af96-48f7-b924-f05d6aaf86f9@group-00DBA911AA2E
2020-10-10 02:08:51,327 [Listener at 127.0.0.1/44617] INFO  metrics.RatisMetrics (RatisMetrics.java:unregister(43)) - Unregistering Metrics Registry : ratis.log_worker.e2273cbf-c074-44ec-b875-3eaf72d6bbba@group-74EFC189A256
2020-10-10 02:08:51,328 [Listener at 127.0.0.1/44617] INFO  metrics.RatisMetrics (RatisMetrics.java:unregister(43)) - Unregistering Metrics Registry : ratis.leader_election.e2273cbf-c074-44ec-b875-3eaf72d6bbba@group-74EFC189A256
2020-10-10 02:08:51,328 [Listener at 127.0.0.1/44617] INFO  metrics.RatisMetrics (RatisMetrics.java:unregister(43)) - Unregistering Metrics Registry : ratis.server.e2273cbf-c074-44ec-b875-3eaf72d6bbba@group-74EFC189A256
2020-10-10 02:08:51,328 [Listener at 127.0.0.1/44617] INFO  impl.RaftServerImpl (RaftServerImpl.java:lambda$shutdown$3(321)) - e2273cbf-c074-44ec-b875-3eaf72d6bbba@group-E2417E2DC09F: shutdown
2020-10-10 02:08:51,328 [ForkJoinPool.commonPool-worker-0] INFO  metrics.RatisMetrics (RatisMetrics.java:unregister(43)) - Unregistering Metrics Registry : ratis.leader_election.e25c889a-af96-48f7-b924-f05d6aaf86f9@group-00DBA911AA2E
2020-10-10 02:08:51,329 [ForkJoinPool.commonPool-worker-0] INFO  metrics.RatisMetrics (RatisMetrics.java:unregister(43)) - Unregistering Metrics Registry : ratis.server.e25c889a-af96-48f7-b924-f05d6aaf86f9@group-00DBA911AA2E
2020-10-10 02:08:51,329 [ForkJoinPool.commonPool-worker-0] INFO  impl.RaftServerImpl (RaftServerImpl.java:lambda$shutdown$3(321)) - e25c889a-af96-48f7-b924-f05d6aaf86f9@group-2AB9CD232C2D: shutdown
2020-10-10 02:08:51,329 [ForkJoinPool.commonPool-worker-0] INFO  util.JmxRegister (JmxRegister.java:unregister(73)) - Successfully un-registered JMX Bean with object name Ratis:service=RaftServer,group=group-2AB9CD232C2D,id=e25c889a-af96-48f7-b924-f05d6aaf86f9
2020-10-10 02:08:51,329 [ForkJoinPool.commonPool-worker-0] INFO  impl.RoleInfo (RoleInfo.java:shutdownLeaderState(104)) - e25c889a-af96-48f7-b924-f05d6aaf86f9: shutdown LeaderState
2020-10-10 02:08:51,329 [ForkJoinPool.commonPool-worker-0] INFO  impl.PendingRequests (PendingRequests.java:sendNotLeaderResponses(249)) - e25c889a-af96-48f7-b924-f05d6aaf86f9@group-2AB9CD232C2D-PendingRequests: sendNotLeaderResponses
2020-10-10 02:08:51,329 [Listener at 127.0.0.1/44617] INFO  util.JmxRegister (JmxRegister.java:unregister(73)) - Successfully un-registered JMX Bean with object name Ratis:service=RaftServer,group=group-E2417E2DC09F,id=e2273cbf-c074-44ec-b875-3eaf72d6bbba
2020-10-10 02:08:51,329 [ForkJoinPool.commonPool-worker-0] INFO  metrics.RatisMetrics (RatisMetrics.java:unregister(43)) - Unregistering Metrics Registry : ratis.log_appender.e25c889a-af96-48f7-b924-f05d6aaf86f9@group-2AB9CD232C2D
2020-10-10 02:08:51,330 [Listener at 127.0.0.1/44617] INFO  impl.RoleInfo (RoleInfo.java:shutdownFollowerState(121)) - e2273cbf-c074-44ec-b875-3eaf72d6bbba: shutdown FollowerState
2020-10-10 02:08:51,330 [Listener at 127.0.0.1/44617] INFO  impl.StateMachineUpdater (StateMachineUpdater.java:stopAndJoin(142)) - e2273cbf-c074-44ec-b875-3eaf72d6bbba@group-E2417E2DC09F-StateMachineUpdater: set stopIndex = 0
2020-10-10 02:08:51,330 [Thread-648] INFO  impl.FollowerState (FollowerState.java:run(117)) - e2273cbf-c074-44ec-b875-3eaf72d6bbba@group-E2417E2DC09F-FollowerState was interrupted: java.lang.InterruptedException: sleep interrupted
2020-10-10 02:08:51,330 [ForkJoinPool.commonPool-worker-0] INFO  metrics.RatisMetrics (RatisMetrics.java:unregister(43)) - Unregistering Metrics Registry : ratis.server.e25c889a-af96-48f7-b924-f05d6aaf86f9@group-2AB9CD232C2D
2020-10-10 02:08:51,330 [e2273cbf-c074-44ec-b875-3eaf72d6bbba@group-E2417E2DC09F-StateMachineUpdater] INFO  ratis.ContainerStateMachine (ContainerStateMachine.java:takeSnapshot(293)) - group-E2417E2DC09F: Taking a snapshot at:(t:1, i:0) file /github/workspace/mnt/ozone/hadoop-ozone/integration-test/target/test-dir/MiniOzoneClusterImpl-1565a709-8e1e-42be-9f8b-10d30925cb12/datanode-4/data/ratis/d62e349b-2a2b-477d-a246-e2417e2dc09f/sm/snapshot.1_0
2020-10-10 02:08:51,332 [e2273cbf-c074-44ec-b875-3eaf72d6bbba@group-E2417E2DC09F-StateMachineUpdater] INFO  ratis.ContainerStateMachine (ContainerStateMachine.java:takeSnapshot(304)) - group-E2417E2DC09F: Finished taking a snapshot at:(t:1, i:0) file:/github/workspace/mnt/ozone/hadoop-ozone/integration-test/target/test-dir/MiniOzoneClusterImpl-1565a709-8e1e-42be-9f8b-10d30925cb12/datanode-4/data/ratis/d62e349b-2a2b-477d-a246-e2417e2dc09f/sm/snapshot.1_0 time:1
2020-10-10 02:08:51,333 [e25c889a-af96-48f7-b924-f05d6aaf86f9@group-2AB9CD232C2D-StateMachineUpdater] INFO  ratis.ContainerStateMachine (ContainerStateMachine.java:takeSnapshot(293)) - group-2AB9CD232C2D: Taking a snapshot at:(t:1, i:0) file /github/workspace/mnt/ozone/hadoop-ozone/integration-test/target/test-dir/MiniOzoneClusterImpl-1565a709-8e1e-42be-9f8b-10d30925cb12/datanode-1/data/ratis/2b2f12c8-8792-4932-bb68-2ab9cd232c2d/sm/snapshot.1_0
2020-10-10 02:08:51,333 [ForkJoinPool.commonPool-worker-0] INFO  impl.StateMachineUpdater (StateMachineUpdater.java:stopAndJoin(142)) - e25c889a-af96-48f7-b924-f05d6aaf86f9@group-2AB9CD232C2D-StateMachineUpdater: set stopIndex = 0
2020-10-10 02:08:51,334 [e25c889a-af96-48f7-b924-f05d6aaf86f9@group-2AB9CD232C2D-StateMachineUpdater] INFO  ratis.ContainerStateMachine (ContainerStateMachine.java:takeSnapshot(304)) - group-2AB9CD232C2D: Finished taking a snapshot at:(t:1, i:0) file:/github/workspace/mnt/ozone/hadoop-ozone/integration-test/target/test-dir/MiniOzoneClusterImpl-1565a709-8e1e-42be-9f8b-10d30925cb12/datanode-1/data/ratis/2b2f12c8-8792-4932-bb68-2ab9cd232c2d/sm/snapshot.1_0 time:2
2020-10-10 02:08:51,335 [e25c889a-af96-48f7-b924-f05d6aaf86f9@group-2AB9CD232C2D-StateMachineUpdater] INFO  impl.StateMachineUpdater (StateMachineUpdater.java:takeSnapshot(277)) - e25c889a-af96-48f7-b924-f05d6aaf86f9@group-2AB9CD232C2D-StateMachineUpdater: Took a snapshot at index 0
2020-10-10 02:08:51,335 [e25c889a-af96-48f7-b924-f05d6aaf86f9@group-2AB9CD232C2D-StateMachineUpdater] INFO  impl.StateMachineUpdater (StateMachineUpdater.java:lambda$new$0(87)) - e25c889a-af96-48f7-b924-f05d6aaf86f9@group-2AB9CD232C2D-StateMachineUpdater: snapshotIndex: updateIncreasingly -1 -> 0
2020-10-10 02:08:51,335 [e25c889a-af96-48f7-b924-f05d6aaf86f9@group-2AB9CD232C2D-StateMachineUpdater] INFO  metrics.RatisMetrics (RatisMetrics.java:unregister(43)) - Unregistering Metrics Registry : ratis.state_machine.e25c889a-af96-48f7-b924-f05d6aaf86f9@group-2AB9CD232C2D
2020-10-10 02:08:51,335 [e2273cbf-c074-44ec-b875-3eaf72d6bbba@group-E2417E2DC09F-StateMachineUpdater] INFO  impl.StateMachineUpdater (StateMachineUpdater.java:takeSnapshot(277)) - e2273cbf-c074-44ec-b875-3eaf72d6bbba@group-E2417E2DC09F-StateMachineUpdater: Took a snapshot at index 0
2020-10-10 02:08:51,335 [e2273cbf-c074-44ec-b875-3eaf72d6bbba@group-E2417E2DC09F-StateMachineUpdater] INFO  impl.StateMachineUpdater (StateMachineUpdater.java:lambda$new$0(87)) - e2273cbf-c074-44ec-b875-3eaf72d6bbba@group-E2417E2DC09F-StateMachineUpdater: snapshotIndex: updateIncreasingly -1 -> 0
2020-10-10 02:08:51,340 [ForkJoinPool.commonPool-worker-0] INFO  impl.RaftServerImpl (ServerState.java:close(405)) - e25c889a-af96-48f7-b924-f05d6aaf86f9@group-2AB9CD232C2D: closes. applyIndex: 0
2020-10-10 02:08:51,340 [e25c889a-af96-48f7-b924-f05d6aaf86f9@group-2AB9CD232C2D-SegmentedRaftLogWorker] INFO  segmented.SegmentedRaftLogWorker (SegmentedRaftLogWorker.java:run(327)) - e25c889a-af96-48f7-b924-f05d6aaf86f9@group-2AB9CD232C2D-SegmentedRaftLogWorker was interrupted, exiting. There are 0 tasks remaining in the queue.
2020-10-10 02:08:51,340 [e2273cbf-c074-44ec-b875-3eaf72d6bbba@group-E2417E2DC09F-StateMachineUpdater] INFO  metrics.RatisMetrics (RatisMetrics.java:unregister(43)) - Unregistering Metrics Registry : ratis.state_machine.e2273cbf-c074-44ec-b875-3eaf72d6bbba@group-E2417E2DC09F
2020-10-10 02:08:51,343 [ForkJoinPool.commonPool-worker-0] INFO  segmented.SegmentedRaftLogWorker (SegmentedRaftLogWorker.java:close(234)) - e25c889a-af96-48f7-b924-f05d6aaf86f9@group-2AB9CD232C2D-SegmentedRaftLogWorker close()
2020-10-10 02:08:51,344 [ForkJoinPool.commonPool-worker-0] INFO  metrics.RatisMetrics (RatisMetrics.java:unregister(43)) - Unregistering Metrics Registry : ratis.log_worker.e25c889a-af96-48f7-b924-f05d6aaf86f9@group-2AB9CD232C2D
2020-10-10 02:08:51,344 [Listener at 127.0.0.1/44617] INFO  impl.RaftServerImpl (ServerState.java:close(405)) - e2273cbf-c074-44ec-b875-3eaf72d6bbba@group-E2417E2DC09F: closes. applyIndex: 0
2020-10-10 02:08:51,344 [ForkJoinPool.commonPool-worker-0] INFO  metrics.RatisMetrics (RatisMetrics.java:unregister(43)) - Unregistering Metrics Registry : ratis.leader_election.e25c889a-af96-48f7-b924-f05d6aaf86f9@group-2AB9CD232C2D
2020-10-10 02:08:51,344 [ForkJoinPool.commonPool-worker-0] INFO  metrics.RatisMetrics (RatisMetrics.java:unregister(43)) - Unregistering Metrics Registry : ratis.server.e25c889a-af96-48f7-b924-f05d6aaf86f9@group-2AB9CD232C2D
2020-10-10 02:08:51,344 [e2273cbf-c074-44ec-b875-3eaf72d6bbba@group-E2417E2DC09F-SegmentedRaftLogWorker] INFO  segmented.SegmentedRaftLogWorker (SegmentedRaftLogWorker.java:run(327)) - e2273cbf-c074-44ec-b875-3eaf72d6bbba@group-E2417E2DC09F-SegmentedRaftLogWorker was interrupted, exiting. There are 0 tasks remaining in the queue.
2020-10-10 02:08:51,345 [ForkJoinPool.commonPool-worker-0] INFO  server.GrpcService (GrpcService.java:closeImpl(183)) - e25c889a-af96-48f7-b924-f05d6aaf86f9: shutdown server with port 38945 now
2020-10-10 02:08:51,346 [Listener at 127.0.0.1/44617] INFO  segmented.SegmentedRaftLogWorker (SegmentedRaftLogWorker.java:close(234)) - e2273cbf-c074-44ec-b875-3eaf72d6bbba@group-E2417E2DC09F-SegmentedRaftLogWorker close()
2020-10-10 02:08:51,348 [Listener at 127.0.0.1/44617] INFO  metrics.RatisMetrics (RatisMetrics.java:unregister(43)) - Unregistering Metrics Registry : ratis.log_worker.e2273cbf-c074-44ec-b875-3eaf72d6bbba@group-E2417E2DC09F
2020-10-10 02:08:51,348 [Listener at 127.0.0.1/44617] INFO  metrics.RatisMetrics (RatisMetrics.java:unregister(43)) - Unregistering Metrics Registry : ratis.leader_election.e2273cbf-c074-44ec-b875-3eaf72d6bbba@group-E2417E2DC09F
2020-10-10 02:08:51,349 [Listener at 127.0.0.1/44617] INFO  metrics.RatisMetrics (RatisMetrics.java:unregister(43)) - Unregistering Metrics Registry : ratis.server.e2273cbf-c074-44ec-b875-3eaf72d6bbba@group-E2417E2DC09F
2020-10-10 02:08:51,349 [Listener at 127.0.0.1/44617] INFO  server.GrpcService (GrpcService.java:closeImpl(183)) - e2273cbf-c074-44ec-b875-3eaf72d6bbba: shutdown server with port 33085 now
2020-10-10 02:08:51,351 [grpc-default-executor-0] WARN  server.GrpcServerProtocolService (LogUtils.java:warn(122)) - e2273cbf-c074-44ec-b875-3eaf72d6bbba: installSnapshot onError, lastRequest: 99031ab3-9213-4203-bcc6-2184a2486c2a->e2273cbf-c074-44ec-b875-3eaf72d6bbba#1-t1, previous=(t:0, i:0), leaderCommit=-1, initializing? false, entries: size=1, first=(t:1, i:0), CONFIGURATIONENTRY: org.apache.ratis.thirdparty.io.grpc.StatusRuntimeException: CANCELLED: cancelled before receiving half close
2020-10-10 02:08:51,351 [ForkJoinPool.commonPool-worker-0] INFO  server.GrpcService (GrpcService.java:closeImpl(191)) - e25c889a-af96-48f7-b924-f05d6aaf86f9: shutdown server with port 38945 successfully
2020-10-10 02:08:51,352 [grpc-default-executor-3] WARN  server.GrpcLogAppender (LogUtils.java:warn(122)) - 99031ab3-9213-4203-bcc6-2184a2486c2a@group-E2417E2DC09F->e2273cbf-c074-44ec-b875-3eaf72d6bbba-AppendLogResponseHandler: Failed appendEntries: org.apache.ratis.thirdparty.io.grpc.StatusRuntimeException: CANCELLED: HTTP/2 error code: CANCEL
Received Rst Stream
2020-10-10 02:08:51,352 [grpc-default-executor-3] WARN  server.GrpcLogAppender (GrpcLogAppender.java:resetClient(107)) - 99031ab3-9213-4203-bcc6-2184a2486c2a@group-E2417E2DC09F->e2273cbf-c074-44ec-b875-3eaf72d6bbba-GrpcLogAppender: Leader has not got in touch with Follower 99031ab3-9213-4203-bcc6-2184a2486c2a@group-E2417E2DC09F->e2273cbf-c074-44ec-b875-3eaf72d6bbba(c0,m0,n1, attendVote=true, lastRpcSendTime=2100, lastRpcResponseTime=2098) yet, just keep nextIndex unchanged and retry.
2020-10-10 02:08:51,352 [Listener at 127.0.0.1/44617] INFO  server.GrpcService (GrpcService.java:closeImpl(191)) - e2273cbf-c074-44ec-b875-3eaf72d6bbba: shutdown server with port 33085 successfully
2020-10-10 02:08:51,355 [Listener at 127.0.0.1/44617] INFO  utils.BackgroundService (BackgroundService.java:shutdown(132)) - Shutting down service BlockDeletingService
2020-10-10 02:08:51,356 [ForkJoinPool.commonPool-worker-0] INFO  utils.BackgroundService (BackgroundService.java:shutdown(132)) - Shutting down service BlockDeletingService
2020-10-10 02:08:51,360 [ForkJoinPool.commonPool-worker-0] INFO  statemachine.DatanodeStateMachine (DatanodeStateMachine.java:stopDaemon(453)) - Ozone container server stopped.
2020-10-10 02:08:51,363 [Listener at 127.0.0.1/44617] INFO  statemachine.DatanodeStateMachine (DatanodeStateMachine.java:stopDaemon(453)) - Ozone container server stopped.
2020-10-10 02:08:51,376 [Listener at 127.0.0.1/44617] INFO  handler.ContextHandler (ContextHandler.java:doStop(1016)) - Stopped o.e.j.w.WebAppContext@285e9b70{hddsDatanode,/,null,UNAVAILABLE}{jar:file:/home/user/.m2/repository/org/apache/hadoop/hadoop-hdds-container-service/1.1.0-SNAPSHOT/hadoop-hdds-container-service-1.1.0-SNAPSHOT.jar!/webapps/hddsDatanode}
2020-10-10 02:08:51,387 [Listener at 127.0.0.1/44617] INFO  server.AbstractConnector (AbstractConnector.java:doStop(380)) - Stopped ServerConnector@5dd432c2{HTTP/1.1,[http/1.1]}{0.0.0.0:0}
2020-10-10 02:08:51,387 [Listener at 127.0.0.1/44617] INFO  server.session (HouseKeeper.java:stopScavenging(158)) - node0 Stopped scavenging
2020-10-10 02:08:51,387 [Listener at 127.0.0.1/44617] INFO  handler.ContextHandler (ContextHandler.java:doStop(1016)) - Stopped o.e.j.s.ServletContextHandler@a0ce6b9{static,/static,jar:file:/home/user/.m2/repository/org/apache/hadoop/hadoop-hdds-container-service/1.1.0-SNAPSHOT/hadoop-hdds-container-service-1.1.0-SNAPSHOT.jar!/webapps/static,UNAVAILABLE}
2020-10-10 02:08:51,388 [Listener at 127.0.0.1/44617] INFO  handler.ContextHandler (ContextHandler.java:doStop(1016)) - Stopped o.e.j.s.ServletContextHandler@7e017852{logs,/logs,file:///github/workspace/mnt/ozone/hadoop-ozone/integration-test/target/log,UNAVAILABLE}
2020-10-10 02:08:51,394 [ForkJoinPool.commonPool-worker-0] INFO  handler.ContextHandler (ContextHandler.java:doStop(1016)) - Stopped o.e.j.w.WebAppContext@66b77446{hddsDatanode,/,null,UNAVAILABLE}{jar:file:/home/user/.m2/repository/org/apache/hadoop/hadoop-hdds-container-service/1.1.0-SNAPSHOT/hadoop-hdds-container-service-1.1.0-SNAPSHOT.jar!/webapps/hddsDatanode}
2020-10-10 02:08:51,395 [ForkJoinPool.commonPool-worker-0] INFO  server.AbstractConnector (AbstractConnector.java:doStop(380)) - Stopped ServerConnector@53eb3027{HTTP/1.1,[http/1.1]}{0.0.0.0:0}
2020-10-10 02:08:51,395 [ForkJoinPool.commonPool-worker-0] INFO  server.session (HouseKeeper.java:stopScavenging(158)) - node0 Stopped scavenging
2020-10-10 02:08:51,396 [ForkJoinPool.commonPool-worker-0] INFO  handler.ContextHandler (ContextHandler.java:doStop(1016)) - Stopped o.e.j.s.ServletContextHandler@5d3c13c5{static,/static,jar:file:/home/user/.m2/repository/org/apache/hadoop/hadoop-hdds-container-service/1.1.0-SNAPSHOT/hadoop-hdds-container-service-1.1.0-SNAPSHOT.jar!/webapps/static,UNAVAILABLE}
2020-10-10 02:08:51,397 [ForkJoinPool.commonPool-worker-0] INFO  handler.ContextHandler (ContextHandler.java:doStop(1016)) - Stopped o.e.j.s.ServletContextHandler@2b42672d{logs,/logs,file:///github/workspace/mnt/ozone/hadoop-ozone/integration-test/target/log,UNAVAILABLE}
2020-10-10 02:08:51,675 [Datanode State Machine Thread - 0] INFO  statemachine.DatanodeStateMachine (DatanodeStateMachine.java:lambda$startDaemon$0(405)) - Ozone container server started.
2020-10-10 02:08:51,756 [grpc-default-executor-1] WARN  server.GrpcLogAppender (LogUtils.java:warn(122)) - 99031ab3-9213-4203-bcc6-2184a2486c2a@group-E2417E2DC09F->e2273cbf-c074-44ec-b875-3eaf72d6bbba-AppendLogResponseHandler: Failed appendEntries: org.apache.ratis.thirdparty.io.grpc.StatusRuntimeException: UNAVAILABLE: io exception
2020-10-10 02:08:51,756 [grpc-default-executor-1] WARN  server.GrpcLogAppender (GrpcLogAppender.java:resetClient(107)) - 99031ab3-9213-4203-bcc6-2184a2486c2a@group-E2417E2DC09F->e2273cbf-c074-44ec-b875-3eaf72d6bbba-GrpcLogAppender: Leader has not got in touch with Follower 99031ab3-9213-4203-bcc6-2184a2486c2a@group-E2417E2DC09F->e2273cbf-c074-44ec-b875-3eaf72d6bbba(c0,m0,n1, attendVote=true, lastRpcSendTime=1, lastRpcResponseTime=2502) yet, just keep nextIndex unchanged and retry.
2020-10-10 02:08:52,366 [Datanode State Machine Thread - 0] INFO  statemachine.DatanodeStateMachine (DatanodeStateMachine.java:lambda$startDaemon$0(405)) - Ozone container server started.
2020-10-10 02:08:54,256 [grpc-default-executor-1] WARN  server.GrpcLogAppender (LogUtils.java:warn(122)) - 99031ab3-9213-4203-bcc6-2184a2486c2a@group-E2417E2DC09F->e2273cbf-c074-44ec-b875-3eaf72d6bbba-AppendLogResponseHandler: Failed appendEntries: org.apache.ratis.thirdparty.io.grpc.StatusRuntimeException: UNAVAILABLE: io exception
2020-10-10 02:08:54,257 [grpc-default-executor-1] WARN  server.GrpcLogAppender (GrpcLogAppender.java:resetClient(107)) - 99031ab3-9213-4203-bcc6-2184a2486c2a@group-E2417E2DC09F->e2273cbf-c074-44ec-b875-3eaf72d6bbba-GrpcLogAppender: Leader has not got in touch with Follower 99031ab3-9213-4203-bcc6-2184a2486c2a@group-E2417E2DC09F->e2273cbf-c074-44ec-b875-3eaf72d6bbba(c0,m0,n1, attendVote=true, lastRpcSendTime=0, lastRpcResponseTime=5003) yet, just keep nextIndex unchanged and retry.
2020-10-10 02:08:56,244 [Thread-623] INFO  impl.FollowerState (FollowerState.java:run(108)) - 78604002-ff5a-45ff-a78c-fcc3df81f009@group-00DBA911AA2E-FollowerState: change to CANDIDATE, lastRpcTime:5193ms, electionTimeout:5008ms
2020-10-10 02:08:56,244 [Thread-623] INFO  impl.RoleInfo (RoleInfo.java:shutdownFollowerState(121)) - 78604002-ff5a-45ff-a78c-fcc3df81f009: shutdown FollowerState
2020-10-10 02:08:56,244 [Thread-623] INFO  impl.RaftServerImpl (RaftServerImpl.java:setRole(198)) - 78604002-ff5a-45ff-a78c-fcc3df81f009@group-00DBA911AA2E: changes role from  FOLLOWER to CANDIDATE at term 1 for changeToCandidate
2020-10-10 02:08:56,244 [Thread-623] INFO  impl.RoleInfo (RoleInfo.java:updateAndGet(143)) - 78604002-ff5a-45ff-a78c-fcc3df81f009: start LeaderElection
2020-10-10 02:08:56,245 [78604002-ff5a-45ff-a78c-fcc3df81f009@group-00DBA911AA2E-LeaderElection22] INFO  impl.RaftServerImpl (ServerState.java:setLeader(256)) - 78604002-ff5a-45ff-a78c-fcc3df81f009@group-00DBA911AA2E: change Leader from e25c889a-af96-48f7-b924-f05d6aaf86f9 to null at term 1 for initElection
2020-10-10 02:08:56,247 [78604002-ff5a-45ff-a78c-fcc3df81f009@group-00DBA911AA2E-LeaderElection22] INFO  impl.LeaderElection (LeaderElection.java:askForVotes(210)) - 78604002-ff5a-45ff-a78c-fcc3df81f009@group-00DBA911AA2E-LeaderElection22: begin an election at term 2 for 0: [0bc64d23-9ed1-4611-b85c-3104296e559c:172.17.0.2:35701:0, e25c889a-af96-48f7-b924-f05d6aaf86f9:172.17.0.2:38945:0, 78604002-ff5a-45ff-a78c-fcc3df81f009:172.17.0.2:37725:0], old=null
2020-10-10 02:08:56,256 [grpc-default-executor-1] INFO  impl.RaftServerImpl (ServerState.java:setLeader(256)) - 0bc64d23-9ed1-4611-b85c-3104296e559c@group-00DBA911AA2E: change Leader from e25c889a-af96-48f7-b924-f05d6aaf86f9 to null at term 2 for updateCurrentTerm
2020-10-10 02:08:56,256 [grpc-default-executor-1] INFO  impl.RaftServerImpl (RaftServerImpl.java:setRole(198)) - 0bc64d23-9ed1-4611-b85c-3104296e559c@group-00DBA911AA2E: changes role from  FOLLOWER to FOLLOWER at term 2 for recognizeCandidate:78604002-ff5a-45ff-a78c-fcc3df81f009
2020-10-10 02:08:56,256 [grpc-default-executor-1] INFO  impl.RoleInfo (RoleInfo.java:shutdownFollowerState(121)) - 0bc64d23-9ed1-4611-b85c-3104296e559c: shutdown FollowerState
2020-10-10 02:08:56,256 [grpc-default-executor-1] INFO  impl.RoleInfo (RoleInfo.java:updateAndGet(143)) - 0bc64d23-9ed1-4611-b85c-3104296e559c: start FollowerState
2020-10-10 02:08:56,256 [Thread-622] INFO  impl.FollowerState (FollowerState.java:run(117)) - 0bc64d23-9ed1-4611-b85c-3104296e559c@group-00DBA911AA2E-FollowerState was interrupted: java.lang.InterruptedException: sleep interrupted
2020-10-10 02:08:56,263 [grpc-default-executor-1] INFO  impl.RaftServerImpl (RaftServerImpl.java:requestVote(923)) -  FOLLOWER 0bc64d23-9ed1-4611-b85c-3104296e559c@group-00DBA911AA2E:t2, leader=null, voted=null, raftlog=0bc64d23-9ed1-4611-b85c-3104296e559c@group-00DBA911AA2E-SegmentedRaftLog:OPENED:c0,f0,i0, conf=0: [0bc64d23-9ed1-4611-b85c-3104296e559c:172.17.0.2:35701:0, e25c889a-af96-48f7-b924-f05d6aaf86f9:172.17.0.2:38945:0, 78604002-ff5a-45ff-a78c-fcc3df81f009:172.17.0.2:37725:0], old=null RUNNING priority:0 candidate:78604002-ff5a-45ff-a78c-fcc3df81f009:172.17.0.2:37725:0 candidatePriority:0 compare:0
2020-10-10 02:08:56,265 [78604002-ff5a-45ff-a78c-fcc3df81f009@group-00DBA911AA2E-LeaderElection22] INFO  impl.LeaderElection (LogUtils.java:infoOrTrace(137)) - 78604002-ff5a-45ff-a78c-fcc3df81f009@group-00DBA911AA2E-LeaderElection22 got exception when requesting votes: java.util.concurrent.ExecutionException: org.apache.ratis.thirdparty.io.grpc.StatusRuntimeException: UNAVAILABLE: io exception
2020-10-10 02:08:56,266 [78604002-ff5a-45ff-a78c-fcc3df81f009@group-00DBA911AA2E-LeaderElection22] INFO  impl.LeaderElection (LeaderElection.java:logAndReturn(62)) - 78604002-ff5a-45ff-a78c-fcc3df81f009@group-00DBA911AA2E-LeaderElection22: Election PASSED; received 1 response(s) [78604002-ff5a-45ff-a78c-fcc3df81f009<-0bc64d23-9ed1-4611-b85c-3104296e559c#0:OK-t2] and 1 exception(s); 78604002-ff5a-45ff-a78c-fcc3df81f009@group-00DBA911AA2E:t2, leader=null, voted=78604002-ff5a-45ff-a78c-fcc3df81f009, raftlog=78604002-ff5a-45ff-a78c-fcc3df81f009@group-00DBA911AA2E-SegmentedRaftLog:OPENED:c0,f0,i0, conf=0: [0bc64d23-9ed1-4611-b85c-3104296e559c:172.17.0.2:35701:0, e25c889a-af96-48f7-b924-f05d6aaf86f9:172.17.0.2:38945:0, 78604002-ff5a-45ff-a78c-fcc3df81f009:172.17.0.2:37725:0], old=null
2020-10-10 02:08:56,266 [78604002-ff5a-45ff-a78c-fcc3df81f009@group-00DBA911AA2E-LeaderElection22] INFO  impl.LeaderElection (LogUtils.java:infoOrTrace(137)) -   Exception 0: java.util.concurrent.ExecutionException: org.apache.ratis.thirdparty.io.grpc.StatusRuntimeException: UNAVAILABLE: io exception
2020-10-10 02:08:56,266 [78604002-ff5a-45ff-a78c-fcc3df81f009@group-00DBA911AA2E-LeaderElection22] INFO  impl.RoleInfo (RoleInfo.java:shutdownLeaderElection(134)) - 78604002-ff5a-45ff-a78c-fcc3df81f009: shutdown LeaderElection
2020-10-10 02:08:56,266 [78604002-ff5a-45ff-a78c-fcc3df81f009@group-00DBA911AA2E-LeaderElection22] INFO  impl.RaftServerImpl (RaftServerImpl.java:setRole(198)) - 78604002-ff5a-45ff-a78c-fcc3df81f009@group-00DBA911AA2E: changes role from CANDIDATE to LEADER at term 2 for changeToLeader
2020-10-10 02:08:56,266 [78604002-ff5a-45ff-a78c-fcc3df81f009@group-00DBA911AA2E-LeaderElection22] INFO  ratis.XceiverServerRatis (XceiverServerRatis.java:handleLeaderChangedNotification(822)) - Leader change notification received for group: group-00DBA911AA2E with new leaderId: 78604002-ff5a-45ff-a78c-fcc3df81f009
2020-10-10 02:08:56,267 [78604002-ff5a-45ff-a78c-fcc3df81f009@group-00DBA911AA2E-LeaderElection22] INFO  impl.RaftServerImpl (ServerState.java:setLeader(256)) - 78604002-ff5a-45ff-a78c-fcc3df81f009@group-00DBA911AA2E: change Leader from null to 78604002-ff5a-45ff-a78c-fcc3df81f009 at term 2 for becomeLeader, leader elected after 21ms
2020-10-10 02:08:56,267 [78604002-ff5a-45ff-a78c-fcc3df81f009@group-00DBA911AA2E-LeaderElection22] INFO  server.RaftServerConfigKeys (ConfUtils.java:logGet(44)) - raft.server.staging.catchup.gap = 1000 (default)
2020-10-10 02:08:56,267 [78604002-ff5a-45ff-a78c-fcc3df81f009@group-00DBA911AA2E-LeaderElection22] INFO  server.RaftServerConfigKeys (ConfUtils.java:logGet(44)) - raft.server.rpc.sleep.time = 25ms (default)
2020-10-10 02:08:56,267 [78604002-ff5a-45ff-a78c-fcc3df81f009@group-00DBA911AA2E-LeaderElection22] INFO  metrics.RatisMetrics (RatisMetrics.java:lambda$create$0(36)) - Creating Metrics Registry : ratis.log_appender.78604002-ff5a-45ff-a78c-fcc3df81f009@group-00DBA911AA2E
2020-10-10 02:08:56,267 [78604002-ff5a-45ff-a78c-fcc3df81f009@group-00DBA911AA2E-LeaderElection22] INFO  server.RaftServerConfigKeys (ConfUtils.java:logGet(44)) - raft.server.write.element-limit = 1024 (custom)
2020-10-10 02:08:56,267 [78604002-ff5a-45ff-a78c-fcc3df81f009@group-00DBA911AA2E-LeaderElection22] INFO  server.RaftServerConfigKeys (ConfUtils.java:logGet(44)) - raft.server.write.byte-limit = 1073741824 (custom)
2020-10-10 02:08:56,269 [78604002-ff5a-45ff-a78c-fcc3df81f009@group-00DBA911AA2E-LeaderElection22] INFO  server.RaftServerConfigKeys (ConfUtils.java:logGet(44)) - raft.server.watch.timeout = 180s (custom)
2020-10-10 02:08:56,269 [78604002-ff5a-45ff-a78c-fcc3df81f009@group-00DBA911AA2E-LeaderElection22] INFO  server.RaftServerConfigKeys (ConfUtils.java:logGet(44)) - raft.server.watch.timeout.denomination = 1s (default)
2020-10-10 02:08:56,269 [78604002-ff5a-45ff-a78c-fcc3df81f009@group-00DBA911AA2E-LeaderElection22] INFO  server.RaftServerConfigKeys (ConfUtils.java:logGet(44)) - raft.server.watch.element-limit = 65536 (default)
2020-10-10 02:08:56,269 [78604002-ff5a-45ff-a78c-fcc3df81f009@group-00DBA911AA2E-LeaderElection22] INFO  server.RaftServerConfigKeys (ConfUtils.java:logGet(44)) - raft.server.log.appender.snapshot.chunk.size.max = 16MB (=16777216) (default)
2020-10-10 02:08:56,269 [78604002-ff5a-45ff-a78c-fcc3df81f009@group-00DBA911AA2E-LeaderElection22] INFO  server.RaftServerConfigKeys (ConfUtils.java:logGet(44)) - raft.server.log.appender.buffer.byte-limit = 33554432 (custom)
2020-10-10 02:08:56,270 [78604002-ff5a-45ff-a78c-fcc3df81f009@group-00DBA911AA2E-LeaderElection22] INFO  server.RaftServerConfigKeys (ConfUtils.java:logGet(44)) - raft.server.log.appender.buffer.element-limit = 1 (custom)
2020-10-10 02:08:56,270 [78604002-ff5a-45ff-a78c-fcc3df81f009@group-00DBA911AA2E-LeaderElection22] INFO  grpc.GrpcConfigKeys (ConfUtils.java:logGet(44)) - raft.grpc.server.leader.outstanding.appends.max = 128 (default)
2020-10-10 02:08:56,270 [78604002-ff5a-45ff-a78c-fcc3df81f009@group-00DBA911AA2E-LeaderElection22] INFO  server.RaftServerConfigKeys (ConfUtils.java:logGet(44)) - raft.server.rpc.request.timeout = 60s (custom)
2020-10-10 02:08:56,270 [78604002-ff5a-45ff-a78c-fcc3df81f009@group-00DBA911AA2E-LeaderElection22] INFO  server.RaftServerConfigKeys (ConfUtils.java:logGet(44)) - raft.server.log.appender.install.snapshot.enabled = false (custom)
2020-10-10 02:08:56,270 [78604002-ff5a-45ff-a78c-fcc3df81f009@group-00DBA911AA2E-LeaderElection22] INFO  metrics.RatisMetrics (RatisMetrics.java:lambda$create$0(36)) - Creating Metrics Registry : ratis_grpc.log_appender.78604002-ff5a-45ff-a78c-fcc3df81f009@group-00DBA911AA2E
2020-10-10 02:08:56,271 [78604002-ff5a-45ff-a78c-fcc3df81f009@group-00DBA911AA2E-LeaderElection22] INFO  server.RaftServerConfigKeys (ConfUtils.java:logGet(44)) - raft.server.log.appender.snapshot.chunk.size.max = 16MB (=16777216) (default)
2020-10-10 02:08:56,271 [78604002-ff5a-45ff-a78c-fcc3df81f009@group-00DBA911AA2E-LeaderElection22] INFO  server.RaftServerConfigKeys (ConfUtils.java:logGet(44)) - raft.server.log.appender.buffer.byte-limit = 33554432 (custom)
2020-10-10 02:08:56,271 [78604002-ff5a-45ff-a78c-fcc3df81f009@group-00DBA911AA2E-LeaderElection22] INFO  server.RaftServerConfigKeys (ConfUtils.java:logGet(44)) - raft.server.log.appender.buffer.element-limit = 1 (custom)
2020-10-10 02:08:56,271 [78604002-ff5a-45ff-a78c-fcc3df81f009@group-00DBA911AA2E-LeaderElection22] INFO  grpc.GrpcConfigKeys (ConfUtils.java:logGet(44)) - raft.grpc.server.leader.outstanding.appends.max = 128 (default)
2020-10-10 02:08:56,272 [78604002-ff5a-45ff-a78c-fcc3df81f009@group-00DBA911AA2E-LeaderElection22] INFO  server.RaftServerConfigKeys (ConfUtils.java:logGet(44)) - raft.server.rpc.request.timeout = 60s (custom)
2020-10-10 02:08:56,272 [78604002-ff5a-45ff-a78c-fcc3df81f009@group-00DBA911AA2E-LeaderElection22] INFO  server.RaftServerConfigKeys (ConfUtils.java:logGet(44)) - raft.server.log.appender.install.snapshot.enabled = false (custom)
2020-10-10 02:08:56,273 [78604002-ff5a-45ff-a78c-fcc3df81f009@group-00DBA911AA2E-LeaderElection22] INFO  impl.RoleInfo (RoleInfo.java:updateAndGet(143)) - 78604002-ff5a-45ff-a78c-fcc3df81f009: start LeaderState
2020-10-10 02:08:56,273 [78604002-ff5a-45ff-a78c-fcc3df81f009@group-00DBA911AA2E-LeaderElection22] INFO  segmented.SegmentedRaftLogWorker (SegmentedRaftLogWorker.java:rollLogSegment(402)) - 78604002-ff5a-45ff-a78c-fcc3df81f009@group-00DBA911AA2E-SegmentedRaftLogWorker: Rolling segment log-0_0 to index:0
2020-10-10 02:08:56,274 [78604002-ff5a-45ff-a78c-fcc3df81f009@group-00DBA911AA2E-LeaderElection22] INFO  impl.RaftServerImpl (ServerState.java:setRaftConf(374)) - 78604002-ff5a-45ff-a78c-fcc3df81f009@group-00DBA911AA2E: set configuration 1: [0bc64d23-9ed1-4611-b85c-3104296e559c:172.17.0.2:35701:0, e25c889a-af96-48f7-b924-f05d6aaf86f9:172.17.0.2:38945:0, 78604002-ff5a-45ff-a78c-fcc3df81f009:172.17.0.2:37725:0], old=null at 1
2020-10-10 02:08:56,279 [78604002-ff5a-45ff-a78c-fcc3df81f009@group-00DBA911AA2E-SegmentedRaftLogWorker] INFO  segmented.SegmentedRaftLogWorker (SegmentedRaftLogWorker.java:execute(553)) - 78604002-ff5a-45ff-a78c-fcc3df81f009@group-00DBA911AA2E-SegmentedRaftLogWorker: Rolled log segment from /github/workspace/mnt/ozone/hadoop-ozone/integration-test/target/test-dir/MiniOzoneClusterImpl-1565a709-8e1e-42be-9f8b-10d30925cb12/datanode-0/data/ratis/6d4ea811-310d-4287-a256-00dba911aa2e/current/log_inprogress_0 to /github/workspace/mnt/ozone/hadoop-ozone/integration-test/target/test-dir/MiniOzoneClusterImpl-1565a709-8e1e-42be-9f8b-10d30925cb12/datanode-0/data/ratis/6d4ea811-310d-4287-a256-00dba911aa2e/current/log_0-0
2020-10-10 02:08:56,282 [78604002-ff5a-45ff-a78c-fcc3df81f009@group-00DBA911AA2E-SegmentedRaftLogWorker] INFO  segmented.SegmentedRaftLogWorker (SegmentedRaftLogWorker.java:execute(596)) - 78604002-ff5a-45ff-a78c-fcc3df81f009@group-00DBA911AA2E-SegmentedRaftLogWorker: created new log segment /github/workspace/mnt/ozone/hadoop-ozone/integration-test/target/test-dir/MiniOzoneClusterImpl-1565a709-8e1e-42be-9f8b-10d30925cb12/datanode-0/data/ratis/6d4ea811-310d-4287-a256-00dba911aa2e/current/log_inprogress_1
2020-10-10 02:08:56,284 [grpc-default-executor-0] INFO  ratis.XceiverServerRatis (XceiverServerRatis.java:handleLeaderChangedNotification(822)) - Leader change notification received for group: group-00DBA911AA2E with new leaderId: 78604002-ff5a-45ff-a78c-fcc3df81f009
2020-10-10 02:08:56,286 [grpc-default-executor-0] INFO  impl.RaftServerImpl (ServerState.java:setLeader(256)) - 0bc64d23-9ed1-4611-b85c-3104296e559c@group-00DBA911AA2E: change Leader from null to 78604002-ff5a-45ff-a78c-fcc3df81f009 at term 2 for appendEntries, leader elected after 28ms
2020-10-10 02:08:56,286 [grpc-default-executor-0] INFO  impl.RaftServerImpl (ServerState.java:setRaftConf(374)) - 0bc64d23-9ed1-4611-b85c-3104296e559c@group-00DBA911AA2E: set configuration 1: [0bc64d23-9ed1-4611-b85c-3104296e559c:172.17.0.2:35701:0, e25c889a-af96-48f7-b924-f05d6aaf86f9:172.17.0.2:38945:0, 78604002-ff5a-45ff-a78c-fcc3df81f009:172.17.0.2:37725:0], old=null at 1
2020-10-10 02:08:56,287 [grpc-default-executor-0] INFO  segmented.SegmentedRaftLogWorker (SegmentedRaftLogWorker.java:rollLogSegment(402)) - 0bc64d23-9ed1-4611-b85c-3104296e559c@group-00DBA911AA2E-SegmentedRaftLogWorker: Rolling segment log-0_0 to index:0
2020-10-10 02:08:56,287 [0bc64d23-9ed1-4611-b85c-3104296e559c@group-00DBA911AA2E-SegmentedRaftLogWorker] INFO  segmented.SegmentedRaftLogWorker (SegmentedRaftLogWorker.java:execute(553)) - 0bc64d23-9ed1-4611-b85c-3104296e559c@group-00DBA911AA2E-SegmentedRaftLogWorker: Rolled log segment from /github/workspace/mnt/ozone/hadoop-ozone/integration-test/target/test-dir/MiniOzoneClusterImpl-1565a709-8e1e-42be-9f8b-10d30925cb12/datanode-2/data/ratis/6d4ea811-310d-4287-a256-00dba911aa2e/current/log_inprogress_0 to /github/workspace/mnt/ozone/hadoop-ozone/integration-test/target/test-dir/MiniOzoneClusterImpl-1565a709-8e1e-42be-9f8b-10d30925cb12/datanode-2/data/ratis/6d4ea811-310d-4287-a256-00dba911aa2e/current/log_0-0
2020-10-10 02:08:56,288 [0bc64d23-9ed1-4611-b85c-3104296e559c@group-00DBA911AA2E-SegmentedRaftLogWorker] INFO  segmented.SegmentedRaftLogWorker (SegmentedRaftLogWorker.java:execute(596)) - 0bc64d23-9ed1-4611-b85c-3104296e559c@group-00DBA911AA2E-SegmentedRaftLogWorker: created new log segment /github/workspace/mnt/ozone/hadoop-ozone/integration-test/target/test-dir/MiniOzoneClusterImpl-1565a709-8e1e-42be-9f8b-10d30925cb12/datanode-2/data/ratis/6d4ea811-310d-4287-a256-00dba911aa2e/current/log_inprogress_1
2020-10-10 02:08:56,292 [grpc-default-executor-0] WARN  server.GrpcLogAppender (LogUtils.java:warn(122)) - 78604002-ff5a-45ff-a78c-fcc3df81f009@group-00DBA911AA2E->e25c889a-af96-48f7-b924-f05d6aaf86f9-AppendLogResponseHandler: Failed appendEntries: org.apache.ratis.thirdparty.io.grpc.StatusRuntimeException: UNAVAILABLE: io exception
2020-10-10 02:08:56,295 [grpc-default-executor-0] WARN  server.GrpcLogAppender (GrpcLogAppender.java:resetClient(107)) - 78604002-ff5a-45ff-a78c-fcc3df81f009@group-00DBA911AA2E->e25c889a-af96-48f7-b924-f05d6aaf86f9-GrpcLogAppender: Leader has not got in touch with Follower 78604002-ff5a-45ff-a78c-fcc3df81f009@group-00DBA911AA2E->e25c889a-af96-48f7-b924-f05d6aaf86f9(c-1,m0,n2, attendVote=true, lastRpcSendTime=6, lastRpcResponseTime=5226) yet, just keep nextIndex unchanged and retry.
2020-10-10 02:08:56,299 [grpc-default-executor-0] WARN  server.GrpcLogAppender (LogUtils.java:warn(122)) - 78604002-ff5a-45ff-a78c-fcc3df81f009@group-00DBA911AA2E->e25c889a-af96-48f7-b924-f05d6aaf86f9-AppendLogResponseHandler: Failed appendEntries: org.apache.ratis.thirdparty.io.grpc.StatusRuntimeException: UNAVAILABLE: io exception
2020-10-10 02:08:56,299 [grpc-default-executor-0] WARN  server.GrpcLogAppender (GrpcLogAppender.java:resetClient(107)) - 78604002-ff5a-45ff-a78c-fcc3df81f009@group-00DBA911AA2E->e25c889a-af96-48f7-b924-f05d6aaf86f9-GrpcLogAppender: Leader has not got in touch with Follower 78604002-ff5a-45ff-a78c-fcc3df81f009@group-00DBA911AA2E->e25c889a-af96-48f7-b924-f05d6aaf86f9(c-1,m0,n3, attendVote=true, lastRpcSendTime=0, lastRpcResponseTime=5229) yet, just keep nextIndex unchanged and retry.
2020-10-10 02:08:56,395 [Listener at 127.0.0.1/44617] INFO  ozoneimpl.OzoneContainer (OzoneContainer.java:stop(259)) - Attempting to stop container services.
2020-10-10 02:08:56,395 [Listener at 127.0.0.1/44617] INFO  impl.RaftServerProxy (RaftServerProxy.java:lambda$close$4(322)) - 99031ab3-9213-4203-bcc6-2184a2486c2a: close
2020-10-10 02:08:56,395 [Listener at 127.0.0.1/44617] INFO  impl.RaftServerImpl (RaftServerImpl.java:lambda$shutdown$3(321)) - 99031ab3-9213-4203-bcc6-2184a2486c2a@group-E2417E2DC09F: shutdown
2020-10-10 02:08:56,395 [Listener at 127.0.0.1/44617] INFO  util.JmxRegister (JmxRegister.java:unregister(73)) - Successfully un-registered JMX Bean with object name Ratis:service=RaftServer,group=group-E2417E2DC09F,id=99031ab3-9213-4203-bcc6-2184a2486c2a
2020-10-10 02:08:56,396 [Listener at 127.0.0.1/44617] INFO  impl.RoleInfo (RoleInfo.java:shutdownLeaderState(104)) - 99031ab3-9213-4203-bcc6-2184a2486c2a: shutdown LeaderState
2020-10-10 02:08:56,396 [Listener at 127.0.0.1/44617] INFO  metrics.RatisMetrics (RatisMetrics.java:unregister(43)) - Unregistering Metrics Registry : ratis_grpc.log_appender.99031ab3-9213-4203-bcc6-2184a2486c2a@group-E2417E2DC09F
2020-10-10 02:08:56,396 [Listener at 127.0.0.1/44617] INFO  metrics.RatisMetrics (RatisMetrics.java:unregister(43)) - Unregistering Metrics Registry : ratis_grpc.log_appender.99031ab3-9213-4203-bcc6-2184a2486c2a@group-E2417E2DC09F
2020-10-10 02:08:56,396 [org.apache.ratis.server.impl.LogAppender$AppenderDaemon$$Lambda$459/37239587@7dc08134] WARN  server.GrpcLogAppender (GrpcLogAppender.java:mayWait(168)) - 99031ab3-9213-4203-bcc6-2184a2486c2a@group-E2417E2DC09F->43f5839c-c8de-4217-81eb-1bdbcb4e3fa0-GrpcLogAppender: Wait interrupted by java.lang.InterruptedException
2020-10-10 02:08:56,396 [org.apache.ratis.server.impl.LogAppender$AppenderDaemon$$Lambda$459/37239587@54102cf] WARN  server.GrpcLogAppender (GrpcLogAppender.java:mayWait(168)) - 99031ab3-9213-4203-bcc6-2184a2486c2a@group-E2417E2DC09F->e2273cbf-c074-44ec-b875-3eaf72d6bbba-GrpcLogAppender: Wait interrupted by java.lang.InterruptedException
2020-10-10 02:08:56,396 [Listener at 127.0.0.1/44617] INFO  impl.PendingRequests (PendingRequests.java:sendNotLeaderResponses(249)) - 99031ab3-9213-4203-bcc6-2184a2486c2a@group-E2417E2DC09F-PendingRequests: sendNotLeaderResponses
2020-10-10 02:08:56,397 [Listener at 127.0.0.1/44617] INFO  metrics.RatisMetrics (RatisMetrics.java:unregister(43)) - Unregistering Metrics Registry : ratis.log_appender.99031ab3-9213-4203-bcc6-2184a2486c2a@group-E2417E2DC09F
2020-10-10 02:08:56,397 [Listener at 127.0.0.1/44617] INFO  metrics.RatisMetrics (RatisMetrics.java:unregister(43)) - Unregistering Metrics Registry : ratis.server.99031ab3-9213-4203-bcc6-2184a2486c2a@group-E2417E2DC09F
2020-10-10 02:08:56,397 [grpc-default-executor-1] INFO  server.GrpcServerProtocolService (GrpcServerProtocolService.java:onCompleted(138)) - 43f5839c-c8de-4217-81eb-1bdbcb4e3fa0: Completed APPEND_ENTRIES, lastRequest: 99031ab3-9213-4203-bcc6-2184a2486c2a->43f5839c-c8de-4217-81eb-1bdbcb4e3fa0#1-t1, previous=(t:0, i:0), leaderCommit=-1, initializing? false, entries: size=1, first=(t:1, i:0), CONFIGURATIONENTRY
2020-10-10 02:08:56,397 [Listener at 127.0.0.1/44617] INFO  impl.StateMachineUpdater (StateMachineUpdater.java:stopAndJoin(142)) - 99031ab3-9213-4203-bcc6-2184a2486c2a@group-E2417E2DC09F-StateMachineUpdater: set stopIndex = 0
2020-10-10 02:08:56,398 [99031ab3-9213-4203-bcc6-2184a2486c2a@group-E2417E2DC09F-StateMachineUpdater] INFO  ratis.ContainerStateMachine (ContainerStateMachine.java:takeSnapshot(293)) - group-E2417E2DC09F: Taking a snapshot at:(t:1, i:0) file /github/workspace/mnt/ozone/hadoop-ozone/integration-test/target/test-dir/MiniOzoneClusterImpl-1565a709-8e1e-42be-9f8b-10d30925cb12/datanode-3/data/ratis/d62e349b-2a2b-477d-a246-e2417e2dc09f/sm/snapshot.1_0
2020-10-10 02:08:56,398 [grpc-default-executor-0] INFO  server.GrpcLogAppender (GrpcLogAppender.java:onCompleted(336)) - 99031ab3-9213-4203-bcc6-2184a2486c2a@group-E2417E2DC09F->43f5839c-c8de-4217-81eb-1bdbcb4e3fa0-AppendLogResponseHandler: follower responses appendEntries COMPLETED
2020-10-10 02:08:56,398 [grpc-default-executor-0] INFO  impl.FollowerInfo (FollowerInfo.java:lambda$new$0(51)) - 99031ab3-9213-4203-bcc6-2184a2486c2a@group-E2417E2DC09F->43f5839c-c8de-4217-81eb-1bdbcb4e3fa0: nextIndex: updateUnconditionally 1 -> 0
2020-10-10 02:08:56,399 [99031ab3-9213-4203-bcc6-2184a2486c2a@group-E2417E2DC09F-StateMachineUpdater] INFO  ratis.ContainerStateMachine (ContainerStateMachine.java:takeSnapshot(304)) - group-E2417E2DC09F: Finished taking a snapshot at:(t:1, i:0) file:/github/workspace/mnt/ozone/hadoop-ozone/integration-test/target/test-dir/MiniOzoneClusterImpl-1565a709-8e1e-42be-9f8b-10d30925cb12/datanode-3/data/ratis/d62e349b-2a2b-477d-a246-e2417e2dc09f/sm/snapshot.1_0 time:1
2020-10-10 02:08:56,399 [99031ab3-9213-4203-bcc6-2184a2486c2a@group-E2417E2DC09F-StateMachineUpdater] INFO  impl.StateMachineUpdater (StateMachineUpdater.java:takeSnapshot(277)) - 99031ab3-9213-4203-bcc6-2184a2486c2a@group-E2417E2DC09F-StateMachineUpdater: Took a snapshot at index 0
2020-10-10 02:08:56,399 [99031ab3-9213-4203-bcc6-2184a2486c2a@group-E2417E2DC09F-StateMachineUpdater] INFO  impl.StateMachineUpdater (StateMachineUpdater.java:lambda$new$0(87)) - 99031ab3-9213-4203-bcc6-2184a2486c2a@group-E2417E2DC09F-StateMachineUpdater: snapshotIndex: updateIncreasingly -1 -> 0
2020-10-10 02:08:56,399 [99031ab3-9213-4203-bcc6-2184a2486c2a@group-E2417E2DC09F-StateMachineUpdater] INFO  metrics.RatisMetrics (RatisMetrics.java:unregister(43)) - Unregistering Metrics Registry : ratis.state_machine.99031ab3-9213-4203-bcc6-2184a2486c2a@group-E2417E2DC09F
2020-10-10 02:08:56,399 [Listener at 127.0.0.1/44617] INFO  impl.RaftServerImpl (ServerState.java:close(405)) - 99031ab3-9213-4203-bcc6-2184a2486c2a@group-E2417E2DC09F: closes. applyIndex: 0
2020-10-10 02:08:56,399 [99031ab3-9213-4203-bcc6-2184a2486c2a@group-E2417E2DC09F-SegmentedRaftLogWorker] INFO  segmented.SegmentedRaftLogWorker (SegmentedRaftLogWorker.java:run(327)) - 99031ab3-9213-4203-bcc6-2184a2486c2a@group-E2417E2DC09F-SegmentedRaftLogWorker was interrupted, exiting. There are 0 tasks remaining in the queue.
2020-10-10 02:08:56,401 [ForkJoinPool.commonPool-worker-0] INFO  ozoneimpl.OzoneContainer (OzoneContainer.java:stop(259)) - Attempting to stop container services.
2020-10-10 02:08:56,401 [Listener at 127.0.0.1/44617] INFO  segmented.SegmentedRaftLogWorker (SegmentedRaftLogWorker.java:close(234)) - 99031ab3-9213-4203-bcc6-2184a2486c2a@group-E2417E2DC09F-SegmentedRaftLogWorker close()
2020-10-10 02:08:56,401 [ForkJoinPool.commonPool-worker-0] INFO  impl.RaftServerProxy (RaftServerProxy.java:lambda$close$4(322)) - 0bc64d23-9ed1-4611-b85c-3104296e559c: close
2020-10-10 02:08:56,401 [ForkJoinPool.commonPool-worker-0] INFO  impl.RaftServerImpl (RaftServerImpl.java:lambda$shutdown$3(321)) - 0bc64d23-9ed1-4611-b85c-3104296e559c@group-00DBA911AA2E: shutdown
2020-10-10 02:08:56,401 [ForkJoinPool.commonPool-worker-0] INFO  util.JmxRegister (JmxRegister.java:unregister(73)) - Successfully un-registered JMX Bean with object name Ratis:service=RaftServer,group=group-00DBA911AA2E,id=0bc64d23-9ed1-4611-b85c-3104296e559c
2020-10-10 02:08:56,401 [ForkJoinPool.commonPool-worker-0] INFO  impl.RoleInfo (RoleInfo.java:shutdownFollowerState(121)) - 0bc64d23-9ed1-4611-b85c-3104296e559c: shutdown FollowerState
2020-10-10 02:08:56,401 [ForkJoinPool.commonPool-worker-0] INFO  impl.StateMachineUpdater (StateMachineUpdater.java:stopAndJoin(142)) - 0bc64d23-9ed1-4611-b85c-3104296e559c@group-00DBA911AA2E-StateMachineUpdater: set stopIndex = 1
2020-10-10 02:08:56,402 [Thread-707] INFO  impl.FollowerState (FollowerState.java:run(117)) - 0bc64d23-9ed1-4611-b85c-3104296e559c@group-00DBA911AA2E-FollowerState was interrupted: java.lang.InterruptedException: sleep interrupted
2020-10-10 02:08:56,403 [0bc64d23-9ed1-4611-b85c-3104296e559c@group-00DBA911AA2E-StateMachineUpdater] INFO  ratis.ContainerStateMachine (ContainerStateMachine.java:takeSnapshot(293)) - group-00DBA911AA2E: Taking a snapshot at:(t:2, i:1) file /github/workspace/mnt/ozone/hadoop-ozone/integration-test/target/test-dir/MiniOzoneClusterImpl-1565a709-8e1e-42be-9f8b-10d30925cb12/datanode-2/data/ratis/6d4ea811-310d-4287-a256-00dba911aa2e/sm/snapshot.2_1
2020-10-10 02:08:56,402 [Listener at 127.0.0.1/44617] INFO  metrics.RatisMetrics (RatisMetrics.java:unregister(43)) - Unregistering Metrics Registry : ratis.log_worker.99031ab3-9213-4203-bcc6-2184a2486c2a@group-E2417E2DC09F
2020-10-10 02:08:56,403 [0bc64d23-9ed1-4611-b85c-3104296e559c@group-00DBA911AA2E-StateMachineUpdater] INFO  ratis.ContainerStateMachine (ContainerStateMachine.java:takeSnapshot(304)) - group-00DBA911AA2E: Finished taking a snapshot at:(t:2, i:1) file:/github/workspace/mnt/ozone/hadoop-ozone/integration-test/target/test-dir/MiniOzoneClusterImpl-1565a709-8e1e-42be-9f8b-10d30925cb12/datanode-2/data/ratis/6d4ea811-310d-4287-a256-00dba911aa2e/sm/snapshot.2_1 time:1
2020-10-10 02:08:56,403 [0bc64d23-9ed1-4611-b85c-3104296e559c@group-00DBA911AA2E-StateMachineUpdater] INFO  impl.StateMachineUpdater (StateMachineUpdater.java:takeSnapshot(277)) - 0bc64d23-9ed1-4611-b85c-3104296e559c@group-00DBA911AA2E-StateMachineUpdater: Took a snapshot at index 1
2020-10-10 02:08:56,404 [0bc64d23-9ed1-4611-b85c-3104296e559c@group-00DBA911AA2E-StateMachineUpdater] INFO  impl.StateMachineUpdater (StateMachineUpdater.java:lambda$new$0(87)) - 0bc64d23-9ed1-4611-b85c-3104296e559c@group-00DBA911AA2E-StateMachineUpdater: snapshotIndex: updateIncreasingly -1 -> 1
2020-10-10 02:08:56,404 [0bc64d23-9ed1-4611-b85c-3104296e559c@group-00DBA911AA2E-StateMachineUpdater] INFO  metrics.RatisMetrics (RatisMetrics.java:unregister(43)) - Unregistering Metrics Registry : ratis.state_machine.0bc64d23-9ed1-4611-b85c-3104296e559c@group-00DBA911AA2E
2020-10-10 02:08:56,404 [ForkJoinPool.commonPool-worker-0] INFO  impl.RaftServerImpl (ServerState.java:close(405)) - 0bc64d23-9ed1-4611-b85c-3104296e559c@group-00DBA911AA2E: closes. applyIndex: 1
2020-10-10 02:08:56,404 [Listener at 127.0.0.1/44617] INFO  metrics.RatisMetrics (RatisMetrics.java:unregister(43)) - Unregistering Metrics Registry : ratis.leader_election.99031ab3-9213-4203-bcc6-2184a2486c2a@group-E2417E2DC09F
2020-10-10 02:08:56,404 [0bc64d23-9ed1-4611-b85c-3104296e559c@group-00DBA911AA2E-SegmentedRaftLogWorker] INFO  segmented.SegmentedRaftLogWorker (SegmentedRaftLogWorker.java:run(327)) - 0bc64d23-9ed1-4611-b85c-3104296e559c@group-00DBA911AA2E-SegmentedRaftLogWorker was interrupted, exiting. There are 0 tasks remaining in the queue.
2020-10-10 02:08:56,405 [ForkJoinPool.commonPool-worker-0] INFO  segmented.SegmentedRaftLogWorker (SegmentedRaftLogWorker.java:close(234)) - 0bc64d23-9ed1-4611-b85c-3104296e559c@group-00DBA911AA2E-SegmentedRaftLogWorker close()
2020-10-10 02:08:56,405 [Listener at 127.0.0.1/44617] INFO  metrics.RatisMetrics (RatisMetrics.java:unregister(43)) - Unregistering Metrics Registry : ratis.server.99031ab3-9213-4203-bcc6-2184a2486c2a@group-E2417E2DC09F
2020-10-10 02:08:56,407 [ForkJoinPool.commonPool-worker-0] INFO  metrics.RatisMetrics (RatisMetrics.java:unregister(43)) - Unregistering Metrics Registry : ratis.log_worker.0bc64d23-9ed1-4611-b85c-3104296e559c@group-00DBA911AA2E
2020-10-10 02:08:56,407 [ForkJoinPool.commonPool-worker-0] INFO  metrics.RatisMetrics (RatisMetrics.java:unregister(43)) - Unregistering Metrics Registry : ratis.leader_election.0bc64d23-9ed1-4611-b85c-3104296e559c@group-00DBA911AA2E
2020-10-10 02:08:56,407 [ForkJoinPool.commonPool-worker-0] INFO  metrics.RatisMetrics (RatisMetrics.java:unregister(43)) - Unregistering Metrics Registry : ratis.server.0bc64d23-9ed1-4611-b85c-3104296e559c@group-00DBA911AA2E
2020-10-10 02:08:56,408 [ForkJoinPool.commonPool-worker-0] INFO  impl.RaftServerImpl (RaftServerImpl.java:lambda$shutdown$3(321)) - 0bc64d23-9ed1-4611-b85c-3104296e559c@group-8D9345F9FED0: shutdown
2020-10-10 02:08:56,408 [ForkJoinPool.commonPool-worker-0] INFO  util.JmxRegister (JmxRegister.java:unregister(73)) - Successfully un-registered JMX Bean with object name Ratis:service=RaftServer,group=group-8D9345F9FED0,id=0bc64d23-9ed1-4611-b85c-3104296e559c
2020-10-10 02:08:56,408 [ForkJoinPool.commonPool-worker-0] INFO  impl.RoleInfo (RoleInfo.java:shutdownLeaderState(104)) - 0bc64d23-9ed1-4611-b85c-3104296e559c: shutdown LeaderState
2020-10-10 02:08:56,408 [ForkJoinPool.commonPool-worker-0] INFO  impl.PendingRequests (PendingRequests.java:sendNotLeaderResponses(249)) - 0bc64d23-9ed1-4611-b85c-3104296e559c@group-8D9345F9FED0-PendingRequests: sendNotLeaderResponses
2020-10-10 02:08:56,408 [ForkJoinPool.commonPool-worker-0] INFO  metrics.RatisMetrics (RatisMetrics.java:unregister(43)) - Unregistering Metrics Registry : ratis.log_appender.0bc64d23-9ed1-4611-b85c-3104296e559c@group-8D9345F9FED0
2020-10-10 02:08:56,408 [ForkJoinPool.commonPool-worker-0] INFO  metrics.RatisMetrics (RatisMetrics.java:unregister(43)) - Unregistering Metrics Registry : ratis.server.0bc64d23-9ed1-4611-b85c-3104296e559c@group-8D9345F9FED0
2020-10-10 02:08:56,409 [Listener at 127.0.0.1/44617] INFO  impl.RaftServerImpl (RaftServerImpl.java:lambda$shutdown$3(321)) - 99031ab3-9213-4203-bcc6-2184a2486c2a@group-BA0AC1DC4139: shutdown
2020-10-10 02:08:56,409 [0bc64d23-9ed1-4611-b85c-3104296e559c@group-8D9345F9FED0-StateMachineUpdater] INFO  ratis.ContainerStateMachine (ContainerStateMachine.java:takeSnapshot(293)) - group-8D9345F9FED0: Taking a snapshot at:(t:1, i:0) file /github/workspace/mnt/ozone/hadoop-ozone/integration-test/target/test-dir/MiniOzoneClusterImpl-1565a709-8e1e-42be-9f8b-10d30925cb12/datanode-2/data/ratis/bef3afd4-56f9-4c17-8f8d-8d9345f9fed0/sm/snapshot.1_0
2020-10-10 02:08:56,409 [ForkJoinPool.commonPool-worker-0] INFO  impl.StateMachineUpdater (StateMachineUpdater.java:stopAndJoin(142)) - 0bc64d23-9ed1-4611-b85c-3104296e559c@group-8D9345F9FED0-StateMachineUpdater: set stopIndex = 0
2020-10-10 02:08:56,410 [Listener at 127.0.0.1/44617] INFO  util.JmxRegister (JmxRegister.java:unregister(73)) - Successfully un-registered JMX Bean with object name Ratis:service=RaftServer,group=group-BA0AC1DC4139,id=99031ab3-9213-4203-bcc6-2184a2486c2a
2020-10-10 02:08:56,410 [0bc64d23-9ed1-4611-b85c-3104296e559c@group-8D9345F9FED0-StateMachineUpdater] INFO  ratis.ContainerStateMachine (ContainerStateMachine.java:takeSnapshot(304)) - group-8D9345F9FED0: Finished taking a snapshot at:(t:1, i:0) file:/github/workspace/mnt/ozone/hadoop-ozone/integration-test/target/test-dir/MiniOzoneClusterImpl-1565a709-8e1e-42be-9f8b-10d30925cb12/datanode-2/data/ratis/bef3afd4-56f9-4c17-8f8d-8d9345f9fed0/sm/snapshot.1_0 time:0
2020-10-10 02:08:56,410 [0bc64d23-9ed1-4611-b85c-3104296e559c@group-8D9345F9FED0-StateMachineUpdater] INFO  impl.StateMachineUpdater (StateMachineUpdater.java:takeSnapshot(277)) - 0bc64d23-9ed1-4611-b85c-3104296e559c@group-8D9345F9FED0-StateMachineUpdater: Took a snapshot at index 0
2020-10-10 02:08:56,410 [0bc64d23-9ed1-4611-b85c-3104296e559c@group-8D9345F9FED0-StateMachineUpdater] INFO  impl.StateMachineUpdater (StateMachineUpdater.java:lambda$new$0(87)) - 0bc64d23-9ed1-4611-b85c-3104296e559c@group-8D9345F9FED0-StateMachineUpdater: snapshotIndex: updateIncreasingly -1 -> 0
2020-10-10 02:08:56,411 [0bc64d23-9ed1-4611-b85c-3104296e559c@group-8D9345F9FED0-StateMachineUpdater] INFO  metrics.RatisMetrics (RatisMetrics.java:unregister(43)) - Unregistering Metrics Registry : ratis.state_machine.0bc64d23-9ed1-4611-b85c-3104296e559c@group-8D9345F9FED0
2020-10-10 02:08:56,411 [ForkJoinPool.commonPool-worker-0] INFO  impl.RaftServerImpl (ServerState.java:close(405)) - 0bc64d23-9ed1-4611-b85c-3104296e559c@group-8D9345F9FED0: closes. applyIndex: 0
2020-10-10 02:08:56,411 [Listener at 127.0.0.1/44617] INFO  impl.RoleInfo (RoleInfo.java:shutdownLeaderState(104)) - 99031ab3-9213-4203-bcc6-2184a2486c2a: shutdown LeaderState
2020-10-10 02:08:56,411 [0bc64d23-9ed1-4611-b85c-3104296e559c@group-8D9345F9FED0-SegmentedRaftLogWorker] INFO  segmented.SegmentedRaftLogWorker (SegmentedRaftLogWorker.java:run(327)) - 0bc64d23-9ed1-4611-b85c-3104296e559c@group-8D9345F9FED0-SegmentedRaftLogWorker was interrupted, exiting. There are 0 tasks remaining in the queue.
2020-10-10 02:08:56,411 [Listener at 127.0.0.1/44617] INFO  impl.PendingRequests (PendingRequests.java:sendNotLeaderResponses(249)) - 99031ab3-9213-4203-bcc6-2184a2486c2a@group-BA0AC1DC4139-PendingRequests: sendNotLeaderResponses
2020-10-10 02:08:56,412 [Listener at 127.0.0.1/44617] INFO  metrics.RatisMetrics (RatisMetrics.java:unregister(43)) - Unregistering Metrics Registry : ratis.log_appender.99031ab3-9213-4203-bcc6-2184a2486c2a@group-BA0AC1DC4139
2020-10-10 02:08:56,412 [Listener at 127.0.0.1/44617] INFO  metrics.RatisMetrics (RatisMetrics.java:unregister(43)) - Unregistering Metrics Registry : ratis.server.99031ab3-9213-4203-bcc6-2184a2486c2a@group-BA0AC1DC4139
2020-10-10 02:08:56,412 [Listener at 127.0.0.1/44617] INFO  impl.StateMachineUpdater (StateMachineUpdater.java:stopAndJoin(142)) - 99031ab3-9213-4203-bcc6-2184a2486c2a@group-BA0AC1DC4139-StateMachineUpdater: set stopIndex = 0
2020-10-10 02:08:56,413 [ForkJoinPool.commonPool-worker-0] INFO  segmented.SegmentedRaftLogWorker (SegmentedRaftLogWorker.java:close(234)) - 0bc64d23-9ed1-4611-b85c-3104296e559c@group-8D9345F9FED0-SegmentedRaftLogWorker close()
2020-10-10 02:08:56,413 [99031ab3-9213-4203-bcc6-2184a2486c2a@group-BA0AC1DC4139-StateMachineUpdater] INFO  ratis.ContainerStateMachine (ContainerStateMachine.java:takeSnapshot(293)) - group-BA0AC1DC4139: Taking a snapshot at:(t:1, i:0) file /github/workspace/mnt/ozone/hadoop-ozone/integration-test/target/test-dir/MiniOzoneClusterImpl-1565a709-8e1e-42be-9f8b-10d30925cb12/datanode-3/data/ratis/d372dbc1-d3da-4c0d-9031-ba0ac1dc4139/sm/snapshot.1_0
2020-10-10 02:08:56,413 [ForkJoinPool.commonPool-worker-0] INFO  metrics.RatisMetrics (RatisMetrics.java:unregister(43)) - Unregistering Metrics Registry : ratis.log_worker.0bc64d23-9ed1-4611-b85c-3104296e559c@group-8D9345F9FED0
2020-10-10 02:08:56,421 [ForkJoinPool.commonPool-worker-0] INFO  metrics.RatisMetrics (RatisMetrics.java:unregister(43)) - Unregistering Metrics Registry : ratis.leader_election.0bc64d23-9ed1-4611-b85c-3104296e559c@group-8D9345F9FED0
2020-10-10 02:08:56,422 [ForkJoinPool.commonPool-worker-0] INFO  metrics.RatisMetrics (RatisMetrics.java:unregister(43)) - Unregistering Metrics Registry : ratis.server.0bc64d23-9ed1-4611-b85c-3104296e559c@group-8D9345F9FED0
2020-10-10 02:08:56,422 [ForkJoinPool.commonPool-worker-0] INFO  server.GrpcService (GrpcService.java:closeImpl(183)) - 0bc64d23-9ed1-4611-b85c-3104296e559c: shutdown server with port 35701 now
2020-10-10 02:08:56,422 [99031ab3-9213-4203-bcc6-2184a2486c2a@group-BA0AC1DC4139-StateMachineUpdater] INFO  ratis.ContainerStateMachine (ContainerStateMachine.java:takeSnapshot(304)) - group-BA0AC1DC4139: Finished taking a snapshot at:(t:1, i:0) file:/github/workspace/mnt/ozone/hadoop-ozone/integration-test/target/test-dir/MiniOzoneClusterImpl-1565a709-8e1e-42be-9f8b-10d30925cb12/datanode-3/data/ratis/d372dbc1-d3da-4c0d-9031-ba0ac1dc4139/sm/snapshot.1_0 time:9
2020-10-10 02:08:56,422 [99031ab3-9213-4203-bcc6-2184a2486c2a@group-BA0AC1DC4139-StateMachineUpdater] INFO  impl.StateMachineUpdater (StateMachineUpdater.java:takeSnapshot(277)) - 99031ab3-9213-4203-bcc6-2184a2486c2a@group-BA0AC1DC4139-StateMachineUpdater: Took a snapshot at index 0
2020-10-10 02:08:56,422 [99031ab3-9213-4203-bcc6-2184a2486c2a@group-BA0AC1DC4139-StateMachineUpdater] INFO  impl.StateMachineUpdater (StateMachineUpdater.java:lambda$new$0(87)) - 99031ab3-9213-4203-bcc6-2184a2486c2a@group-BA0AC1DC4139-StateMachineUpdater: snapshotIndex: updateIncreasingly -1 -> 0
2020-10-10 02:08:56,423 [99031ab3-9213-4203-bcc6-2184a2486c2a@group-BA0AC1DC4139-StateMachineUpdater] INFO  metrics.RatisMetrics (RatisMetrics.java:unregister(43)) - Unregistering Metrics Registry : ratis.state_machine.99031ab3-9213-4203-bcc6-2184a2486c2a@group-BA0AC1DC4139
2020-10-10 02:08:56,423 [Listener at 127.0.0.1/44617] INFO  impl.RaftServerImpl (ServerState.java:close(405)) - 99031ab3-9213-4203-bcc6-2184a2486c2a@group-BA0AC1DC4139: closes. applyIndex: 0
2020-10-10 02:08:56,423 [99031ab3-9213-4203-bcc6-2184a2486c2a@group-BA0AC1DC4139-SegmentedRaftLogWorker] INFO  segmented.SegmentedRaftLogWorker (SegmentedRaftLogWorker.java:run(327)) - 99031ab3-9213-4203-bcc6-2184a2486c2a@group-BA0AC1DC4139-SegmentedRaftLogWorker was interrupted, exiting. There are 0 tasks remaining in the queue.
2020-10-10 02:08:56,424 [grpc-default-executor-1] WARN  server.GrpcServerProtocolService (LogUtils.java:warn(122)) - 0bc64d23-9ed1-4611-b85c-3104296e559c: installSnapshot onError, lastRequest: 78604002-ff5a-45ff-a78c-fcc3df81f009->0bc64d23-9ed1-4611-b85c-3104296e559c#2-t2, previous=(t:2, i:1), leaderCommit=1, initializing? false, entries: size=1, first=(t:2, i:2), METADATAENTRY(c:1): org.apache.ratis.thirdparty.io.grpc.StatusRuntimeException: CANCELLED: cancelled before receiving half close
2020-10-10 02:08:56,424 [ForkJoinPool.commonPool-worker-0] INFO  server.GrpcService (GrpcService.java:closeImpl(191)) - 0bc64d23-9ed1-4611-b85c-3104296e559c: shutdown server with port 35701 successfully
2020-10-10 02:08:56,425 [grpc-default-executor-0] WARN  server.GrpcLogAppender (LogUtils.java:warn(122)) - 78604002-ff5a-45ff-a78c-fcc3df81f009@group-00DBA911AA2E->0bc64d23-9ed1-4611-b85c-3104296e559c-AppendLogResponseHandler: Failed appendEntries: org.apache.ratis.thirdparty.io.grpc.StatusRuntimeException: CANCELLED: HTTP/2 error code: CANCEL
Received Rst Stream
2020-10-10 02:08:56,425 [grpc-default-executor-0] INFO  impl.FollowerInfo (FollowerInfo.java:lambda$new$0(51)) - 78604002-ff5a-45ff-a78c-fcc3df81f009@group-00DBA911AA2E->0bc64d23-9ed1-4611-b85c-3104296e559c: nextIndex: updateUnconditionally 3 -> 2
2020-10-10 02:08:56,427 [ForkJoinPool.commonPool-worker-0] INFO  utils.BackgroundService (BackgroundService.java:shutdown(132)) - Shutting down service BlockDeletingService
2020-10-10 02:08:56,427 [Listener at 127.0.0.1/44617] INFO  segmented.SegmentedRaftLogWorker (SegmentedRaftLogWorker.java:close(234)) - 99031ab3-9213-4203-bcc6-2184a2486c2a@group-BA0AC1DC4139-SegmentedRaftLogWorker close()
2020-10-10 02:08:56,428 [Listener at 127.0.0.1/44617] INFO  metrics.RatisMetrics (RatisMetrics.java:unregister(43)) - Unregistering Metrics Registry : ratis.log_worker.99031ab3-9213-4203-bcc6-2184a2486c2a@group-BA0AC1DC4139
2020-10-10 02:08:56,428 [Listener at 127.0.0.1/44617] INFO  metrics.RatisMetrics (RatisMetrics.java:unregister(43)) - Unregistering Metrics Registry : ratis.leader_election.99031ab3-9213-4203-bcc6-2184a2486c2a@group-BA0AC1DC4139
2020-10-10 02:08:56,428 [Listener at 127.0.0.1/44617] INFO  metrics.RatisMetrics (RatisMetrics.java:unregister(43)) - Unregistering Metrics Registry : ratis.server.99031ab3-9213-4203-bcc6-2184a2486c2a@group-BA0AC1DC4139
2020-10-10 02:08:56,428 [Listener at 127.0.0.1/44617] INFO  server.GrpcService (GrpcService.java:closeImpl(183)) - 99031ab3-9213-4203-bcc6-2184a2486c2a: shutdown server with port 38065 now
2020-10-10 02:08:56,431 [ForkJoinPool.commonPool-worker-0] INFO  statemachine.DatanodeStateMachine (DatanodeStateMachine.java:stopDaemon(453)) - Ozone container server stopped.
2020-10-10 02:08:56,435 [grpc-default-executor-0] WARN  server.GrpcLogAppender (LogUtils.java:warn(122)) - 78604002-ff5a-45ff-a78c-fcc3df81f009@group-00DBA911AA2E->0bc64d23-9ed1-4611-b85c-3104296e559c-AppendLogResponseHandler: Failed appendEntries: org.apache.ratis.thirdparty.io.grpc.StatusRuntimeException: UNAVAILABLE: io exception
2020-10-10 02:08:56,435 [grpc-default-executor-0] INFO  impl.FollowerInfo (FollowerInfo.java:lambda$new$0(51)) - 78604002-ff5a-45ff-a78c-fcc3df81f009@group-00DBA911AA2E->0bc64d23-9ed1-4611-b85c-3104296e559c: nextIndex: updateUnconditionally 3 -> 2
2020-10-10 02:08:56,435 [Listener at 127.0.0.1/44617] INFO  server.GrpcService (GrpcService.java:closeImpl(191)) - 99031ab3-9213-4203-bcc6-2184a2486c2a: shutdown server with port 38065 successfully
2020-10-10 02:08:56,441 [Listener at 127.0.0.1/44617] INFO  utils.BackgroundService (BackgroundService.java:shutdown(132)) - Shutting down service BlockDeletingService
2020-10-10 02:08:56,443 [Listener at 127.0.0.1/44617] INFO  statemachine.DatanodeStateMachine (DatanodeStateMachine.java:stopDaemon(453)) - Ozone container server stopped.
2020-10-10 02:08:56,451 [ForkJoinPool.commonPool-worker-0] INFO  handler.ContextHandler (ContextHandler.java:doStop(1016)) - Stopped o.e.j.w.WebAppContext@708465d6{hddsDatanode,/,null,UNAVAILABLE}{jar:file:/home/user/.m2/repository/org/apache/hadoop/hadoop-hdds-container-service/1.1.0-SNAPSHOT/hadoop-hdds-container-service-1.1.0-SNAPSHOT.jar!/webapps/hddsDatanode}
2020-10-10 02:08:56,451 [ForkJoinPool.commonPool-worker-0] INFO  server.AbstractConnector (AbstractConnector.java:doStop(380)) - Stopped ServerConnector@3b5abfe{HTTP/1.1,[http/1.1]}{0.0.0.0:0}
2020-10-10 02:08:56,452 [ForkJoinPool.commonPool-worker-0] INFO  server.session (HouseKeeper.java:stopScavenging(158)) - node0 Stopped scavenging
2020-10-10 02:08:56,452 [ForkJoinPool.commonPool-worker-0] INFO  handler.ContextHandler (ContextHandler.java:doStop(1016)) - Stopped o.e.j.s.ServletContextHandler@2b46b71{static,/static,jar:file:/home/user/.m2/repository/org/apache/hadoop/hadoop-hdds-container-service/1.1.0-SNAPSHOT/hadoop-hdds-container-service-1.1.0-SNAPSHOT.jar!/webapps/static,UNAVAILABLE}
2020-10-10 02:08:56,453 [ForkJoinPool.commonPool-worker-0] INFO  handler.ContextHandler (ContextHandler.java:doStop(1016)) - Stopped o.e.j.s.ServletContextHandler@35d25044{logs,/logs,file:///github/workspace/mnt/ozone/hadoop-ozone/integration-test/target/log,UNAVAILABLE}
2020-10-10 02:08:56,454 [Listener at 127.0.0.1/44617] INFO  handler.ContextHandler (ContextHandler.java:doStop(1016)) - Stopped o.e.j.w.WebAppContext@36891032{hddsDatanode,/,null,UNAVAILABLE}{jar:file:/home/user/.m2/repository/org/apache/hadoop/hadoop-hdds-container-service/1.1.0-SNAPSHOT/hadoop-hdds-container-service-1.1.0-SNAPSHOT.jar!/webapps/hddsDatanode}
2020-10-10 02:08:56,455 [Listener at 127.0.0.1/44617] INFO  server.AbstractConnector (AbstractConnector.java:doStop(380)) - Stopped ServerConnector@1622f67c{HTTP/1.1,[http/1.1]}{0.0.0.0:0}
2020-10-10 02:08:56,456 [Listener at 127.0.0.1/44617] INFO  server.session (HouseKeeper.java:stopScavenging(158)) - node0 Stopped scavenging
2020-10-10 02:08:56,456 [Listener at 127.0.0.1/44617] INFO  handler.ContextHandler (ContextHandler.java:doStop(1016)) - Stopped o.e.j.s.ServletContextHandler@3673e1cd{static,/static,jar:file:/home/user/.m2/repository/org/apache/hadoop/hadoop-hdds-container-service/1.1.0-SNAPSHOT/hadoop-hdds-container-service-1.1.0-SNAPSHOT.jar!/webapps/static,UNAVAILABLE}
2020-10-10 02:08:56,456 [Listener at 127.0.0.1/44617] INFO  handler.ContextHandler (ContextHandler.java:doStop(1016)) - Stopped o.e.j.s.ServletContextHandler@4e7a6c9e{logs,/logs,file:///github/workspace/mnt/ozone/hadoop-ozone/integration-test/target/log,UNAVAILABLE}
2020-10-10 02:08:57,219 [Datanode State Machine Thread - 0] INFO  statemachine.DatanodeStateMachine (DatanodeStateMachine.java:lambda$startDaemon$0(405)) - Ozone container server started.
2020-10-10 02:08:57,266 [Datanode State Machine Thread - 0] INFO  statemachine.DatanodeStateMachine (DatanodeStateMachine.java:lambda$startDaemon$0(405)) - Ozone container server started.
2020-10-10 02:08:58,800 [grpc-default-executor-0] WARN  server.GrpcLogAppender (LogUtils.java:warn(122)) - 78604002-ff5a-45ff-a78c-fcc3df81f009@group-00DBA911AA2E->e25c889a-af96-48f7-b924-f05d6aaf86f9-AppendLogResponseHandler: Failed appendEntries: org.apache.ratis.thirdparty.io.grpc.StatusRuntimeException: UNAVAILABLE: io exception
2020-10-10 02:08:58,801 [grpc-default-executor-0] WARN  server.GrpcLogAppender (GrpcLogAppender.java:resetClient(107)) - 78604002-ff5a-45ff-a78c-fcc3df81f009@group-00DBA911AA2E->e25c889a-af96-48f7-b924-f05d6aaf86f9-GrpcLogAppender: Leader has not got in touch with Follower 78604002-ff5a-45ff-a78c-fcc3df81f009@group-00DBA911AA2E->e25c889a-af96-48f7-b924-f05d6aaf86f9(c-1,m0,n3, attendVote=true, lastRpcSendTime=0, lastRpcResponseTime=7731) yet, just keep nextIndex unchanged and retry.
2020-10-10 02:08:58,935 [grpc-default-executor-0] WARN  server.GrpcLogAppender (LogUtils.java:warn(122)) - 78604002-ff5a-45ff-a78c-fcc3df81f009@group-00DBA911AA2E->0bc64d23-9ed1-4611-b85c-3104296e559c-AppendLogResponseHandler: Failed appendEntries: org.apache.ratis.thirdparty.io.grpc.StatusRuntimeException: UNAVAILABLE: io exception
2020-10-10 02:08:58,936 [grpc-default-executor-0] INFO  impl.FollowerInfo (FollowerInfo.java:lambda$new$0(51)) - 78604002-ff5a-45ff-a78c-fcc3df81f009@group-00DBA911AA2E->0bc64d23-9ed1-4611-b85c-3104296e559c: nextIndex: updateUnconditionally 3 -> 2
2020-10-10 02:09:01,301 [grpc-default-executor-0] WARN  server.GrpcLogAppender (LogUtils.java:warn(122)) - 78604002-ff5a-45ff-a78c-fcc3df81f009@group-00DBA911AA2E->e25c889a-af96-48f7-b924-f05d6aaf86f9-AppendLogResponseHandler: Failed appendEntries: org.apache.ratis.thirdparty.io.grpc.StatusRuntimeException: UNAVAILABLE: io exception
2020-10-10 02:09:01,302 [grpc-default-executor-0] WARN  server.GrpcLogAppender (GrpcLogAppender.java:resetClient(107)) - 78604002-ff5a-45ff-a78c-fcc3df81f009@group-00DBA911AA2E->e25c889a-af96-48f7-b924-f05d6aaf86f9-GrpcLogAppender: Leader has not got in touch with Follower 78604002-ff5a-45ff-a78c-fcc3df81f009@group-00DBA911AA2E->e25c889a-af96-48f7-b924-f05d6aaf86f9(c-1,m0,n3, attendVote=true, lastRpcSendTime=0, lastRpcResponseTime=10232) yet, just keep nextIndex unchanged and retry.
2020-10-10 02:09:01,436 [grpc-default-executor-0] WARN  server.GrpcLogAppender (LogUtils.java:warn(122)) - 78604002-ff5a-45ff-a78c-fcc3df81f009@group-00DBA911AA2E->0bc64d23-9ed1-4611-b85c-3104296e559c-AppendLogResponseHandler: Failed appendEntries: org.apache.ratis.thirdparty.io.grpc.StatusRuntimeException: UNAVAILABLE: io exception
2020-10-10 02:09:01,436 [grpc-default-executor-0] INFO  impl.FollowerInfo (FollowerInfo.java:lambda$new$0(51)) - 78604002-ff5a-45ff-a78c-fcc3df81f009@group-00DBA911AA2E->0bc64d23-9ed1-4611-b85c-3104296e559c: nextIndex: updateUnconditionally 3 -> 2
2020-10-10 02:09:01,456 [ForkJoinPool.commonPool-worker-0] INFO  ozoneimpl.OzoneContainer (OzoneContainer.java:stop(259)) - Attempting to stop container services.
2020-10-10 02:09:01,456 [ForkJoinPool.commonPool-worker-0] INFO  impl.RaftServerProxy (RaftServerProxy.java:lambda$close$4(322)) - 78604002-ff5a-45ff-a78c-fcc3df81f009: close
2020-10-10 02:09:01,456 [ForkJoinPool.commonPool-worker-0] INFO  impl.RaftServerImpl (RaftServerImpl.java:lambda$shutdown$3(321)) - 78604002-ff5a-45ff-a78c-fcc3df81f009@group-6540C752EEA6: shutdown
2020-10-10 02:09:01,457 [ForkJoinPool.commonPool-worker-0] INFO  util.JmxRegister (JmxRegister.java:unregister(73)) - Successfully un-registered JMX Bean with object name Ratis:service=RaftServer,group=group-6540C752EEA6,id=78604002-ff5a-45ff-a78c-fcc3df81f009
2020-10-10 02:09:01,457 [ForkJoinPool.commonPool-worker-0] INFO  impl.RoleInfo (RoleInfo.java:shutdownLeaderState(104)) - 78604002-ff5a-45ff-a78c-fcc3df81f009: shutdown LeaderState
2020-10-10 02:09:01,457 [ForkJoinPool.commonPool-worker-0] INFO  impl.PendingRequests (PendingRequests.java:sendNotLeaderResponses(249)) - 78604002-ff5a-45ff-a78c-fcc3df81f009@group-6540C752EEA6-PendingRequests: sendNotLeaderResponses
2020-10-10 02:09:01,457 [ForkJoinPool.commonPool-worker-0] INFO  metrics.RatisMetrics (RatisMetrics.java:unregister(43)) - Unregistering Metrics Registry : ratis.log_appender.78604002-ff5a-45ff-a78c-fcc3df81f009@group-6540C752EEA6
2020-10-10 02:09:01,457 [ForkJoinPool.commonPool-worker-0] INFO  metrics.RatisMetrics (RatisMetrics.java:unregister(43)) - Unregistering Metrics Registry : ratis.server.78604002-ff5a-45ff-a78c-fcc3df81f009@group-6540C752EEA6
2020-10-10 02:09:01,458 [78604002-ff5a-45ff-a78c-fcc3df81f009@group-6540C752EEA6-StateMachineUpdater] INFO  ratis.ContainerStateMachine (ContainerStateMachine.java:takeSnapshot(293)) - group-6540C752EEA6: Taking a snapshot at:(t:1, i:0) file /github/workspace/mnt/ozone/hadoop-ozone/integration-test/target/test-dir/MiniOzoneClusterImpl-1565a709-8e1e-42be-9f8b-10d30925cb12/datanode-0/data/ratis/0ee60b20-f816-487a-868a-6540c752eea6/sm/snapshot.1_0
2020-10-10 02:09:01,458 [ForkJoinPool.commonPool-worker-0] INFO  impl.StateMachineUpdater (StateMachineUpdater.java:stopAndJoin(142)) - 78604002-ff5a-45ff-a78c-fcc3df81f009@group-6540C752EEA6-StateMachineUpdater: set stopIndex = 0
2020-10-10 02:09:01,458 [Listener at 127.0.0.1/44617] INFO  ozoneimpl.OzoneContainer (OzoneContainer.java:stop(259)) - Attempting to stop container services.
2020-10-10 02:09:01,459 [Listener at 127.0.0.1/44617] INFO  impl.RaftServerProxy (RaftServerProxy.java:lambda$close$4(322)) - 23601240-7ba9-45ef-86a8-484ff669ec18: close
2020-10-10 02:09:01,459 [78604002-ff5a-45ff-a78c-fcc3df81f009@group-6540C752EEA6-StateMachineUpdater] INFO  ratis.ContainerStateMachine (ContainerStateMachine.java:takeSnapshot(304)) - group-6540C752EEA6: Finished taking a snapshot at:(t:1, i:0) file:/github/workspace/mnt/ozone/hadoop-ozone/integration-test/target/test-dir/MiniOzoneClusterImpl-1565a709-8e1e-42be-9f8b-10d30925cb12/datanode-0/data/ratis/0ee60b20-f816-487a-868a-6540c752eea6/sm/snapshot.1_0 time:1
2020-10-10 02:09:01,459 [Listener at 127.0.0.1/44617] INFO  impl.RaftServerImpl (RaftServerImpl.java:lambda$shutdown$3(321)) - 23601240-7ba9-45ef-86a8-484ff669ec18@group-F5BCA22B2457: shutdown
2020-10-10 02:09:01,459 [78604002-ff5a-45ff-a78c-fcc3df81f009@group-6540C752EEA6-StateMachineUpdater] INFO  impl.StateMachineUpdater (StateMachineUpdater.java:takeSnapshot(277)) - 78604002-ff5a-45ff-a78c-fcc3df81f009@group-6540C752EEA6-StateMachineUpdater: Took a snapshot at index 0
2020-10-10 02:09:01,459 [78604002-ff5a-45ff-a78c-fcc3df81f009@group-6540C752EEA6-StateMachineUpdater] INFO  impl.StateMachineUpdater (StateMachineUpdater.java:lambda$new$0(87)) - 78604002-ff5a-45ff-a78c-fcc3df81f009@group-6540C752EEA6-StateMachineUpdater: snapshotIndex: updateIncreasingly -1 -> 0
2020-10-10 02:09:01,459 [Listener at 127.0.0.1/44617] INFO  util.JmxRegister (JmxRegister.java:unregister(73)) - Successfully un-registered JMX Bean with object name Ratis:service=RaftServer,group=group-F5BCA22B2457,id=23601240-7ba9-45ef-86a8-484ff669ec18
2020-10-10 02:09:01,460 [Listener at 127.0.0.1/44617] INFO  impl.RoleInfo (RoleInfo.java:shutdownLeaderState(104)) - 23601240-7ba9-45ef-86a8-484ff669ec18: shutdown LeaderState
2020-10-10 02:09:01,459 [78604002-ff5a-45ff-a78c-fcc3df81f009@group-6540C752EEA6-StateMachineUpdater] INFO  metrics.RatisMetrics (RatisMetrics.java:unregister(43)) - Unregistering Metrics Registry : ratis.state_machine.78604002-ff5a-45ff-a78c-fcc3df81f009@group-6540C752EEA6
2020-10-10 02:09:01,460 [ForkJoinPool.commonPool-worker-0] INFO  impl.RaftServerImpl (ServerState.java:close(405)) - 78604002-ff5a-45ff-a78c-fcc3df81f009@group-6540C752EEA6: closes. applyIndex: 0
2020-10-10 02:09:01,460 [78604002-ff5a-45ff-a78c-fcc3df81f009@group-6540C752EEA6-SegmentedRaftLogWorker] INFO  segmented.SegmentedRaftLogWorker (SegmentedRaftLogWorker.java:run(327)) - 78604002-ff5a-45ff-a78c-fcc3df81f009@group-6540C752EEA6-SegmentedRaftLogWorker was interrupted, exiting. There are 0 tasks remaining in the queue.
2020-10-10 02:09:01,460 [Listener at 127.0.0.1/44617] INFO  impl.PendingRequests (PendingRequests.java:sendNotLeaderResponses(249)) - 23601240-7ba9-45ef-86a8-484ff669ec18@group-F5BCA22B2457-PendingRequests: sendNotLeaderResponses
2020-10-10 02:09:01,461 [Listener at 127.0.0.1/44617] INFO  metrics.RatisMetrics (RatisMetrics.java:unregister(43)) - Unregistering Metrics Registry : ratis.log_appender.23601240-7ba9-45ef-86a8-484ff669ec18@group-F5BCA22B2457
2020-10-10 02:09:01,461 [Listener at 127.0.0.1/44617] INFO  metrics.RatisMetrics (RatisMetrics.java:unregister(43)) - Unregistering Metrics Registry : ratis.server.23601240-7ba9-45ef-86a8-484ff669ec18@group-F5BCA22B2457
2020-10-10 02:09:01,462 [Listener at 127.0.0.1/44617] INFO  impl.StateMachineUpdater (StateMachineUpdater.java:stopAndJoin(142)) - 23601240-7ba9-45ef-86a8-484ff669ec18@group-F5BCA22B2457-StateMachineUpdater: set stopIndex = 0
2020-10-10 02:09:01,462 [23601240-7ba9-45ef-86a8-484ff669ec18@group-F5BCA22B2457-StateMachineUpdater] INFO  ratis.ContainerStateMachine (ContainerStateMachine.java:takeSnapshot(293)) - group-F5BCA22B2457: Taking a snapshot at:(t:1, i:0) file /github/workspace/mnt/ozone/hadoop-ozone/integration-test/target/test-dir/MiniOzoneClusterImpl-1565a709-8e1e-42be-9f8b-10d30925cb12/datanode-6/data/ratis/2fdf63cc-d680-48a9-b4b9-f5bca22b2457/sm/snapshot.1_0
2020-10-10 02:09:01,463 [23601240-7ba9-45ef-86a8-484ff669ec18@group-F5BCA22B2457-StateMachineUpdater] INFO  ratis.ContainerStateMachine (ContainerStateMachine.java:takeSnapshot(304)) - group-F5BCA22B2457: Finished taking a snapshot at:(t:1, i:0) file:/github/workspace/mnt/ozone/hadoop-ozone/integration-test/target/test-dir/MiniOzoneClusterImpl-1565a709-8e1e-42be-9f8b-10d30925cb12/datanode-6/data/ratis/2fdf63cc-d680-48a9-b4b9-f5bca22b2457/sm/snapshot.1_0 time:1
2020-10-10 02:09:01,463 [ForkJoinPool.commonPool-worker-0] INFO  segmented.SegmentedRaftLogWorker (SegmentedRaftLogWorker.java:close(234)) - 78604002-ff5a-45ff-a78c-fcc3df81f009@group-6540C752EEA6-SegmentedRaftLogWorker close()
2020-10-10 02:09:01,463 [23601240-7ba9-45ef-86a8-484ff669ec18@group-F5BCA22B2457-StateMachineUpdater] INFO  impl.StateMachineUpdater (StateMachineUpdater.java:takeSnapshot(277)) - 23601240-7ba9-45ef-86a8-484ff669ec18@group-F5BCA22B2457-StateMachineUpdater: Took a snapshot at index 0
2020-10-10 02:09:01,464 [23601240-7ba9-45ef-86a8-484ff669ec18@group-F5BCA22B2457-StateMachineUpdater] INFO  impl.StateMachineUpdater (StateMachineUpdater.java:lambda$new$0(87)) - 23601240-7ba9-45ef-86a8-484ff669ec18@group-F5BCA22B2457-StateMachineUpdater: snapshotIndex: updateIncreasingly -1 -> 0
2020-10-10 02:09:01,464 [23601240-7ba9-45ef-86a8-484ff669ec18@group-F5BCA22B2457-StateMachineUpdater] INFO  metrics.RatisMetrics (RatisMetrics.java:unregister(43)) - Unregistering Metrics Registry : ratis.state_machine.23601240-7ba9-45ef-86a8-484ff669ec18@group-F5BCA22B2457
2020-10-10 02:09:01,464 [Listener at 127.0.0.1/44617] INFO  impl.RaftServerImpl (ServerState.java:close(405)) - 23601240-7ba9-45ef-86a8-484ff669ec18@group-F5BCA22B2457: closes. applyIndex: 0
2020-10-10 02:09:01,464 [23601240-7ba9-45ef-86a8-484ff669ec18@group-F5BCA22B2457-SegmentedRaftLogWorker] INFO  segmented.SegmentedRaftLogWorker (SegmentedRaftLogWorker.java:run(327)) - 23601240-7ba9-45ef-86a8-484ff669ec18@group-F5BCA22B2457-SegmentedRaftLogWorker was interrupted, exiting. There are 0 tasks remaining in the queue.
2020-10-10 02:09:01,465 [ForkJoinPool.commonPool-worker-0] INFO  metrics.RatisMetrics (RatisMetrics.java:unregister(43)) - Unregistering Metrics Registry : ratis.log_worker.78604002-ff5a-45ff-a78c-fcc3df81f009@group-6540C752EEA6
2020-10-10 02:09:01,465 [ForkJoinPool.commonPool-worker-0] INFO  metrics.RatisMetrics (RatisMetrics.java:unregister(43)) - Unregistering Metrics Registry : ratis.leader_election.78604002-ff5a-45ff-a78c-fcc3df81f009@group-6540C752EEA6
2020-10-10 02:09:01,465 [ForkJoinPool.commonPool-worker-0] INFO  metrics.RatisMetrics (RatisMetrics.java:unregister(43)) - Unregistering Metrics Registry : ratis.server.78604002-ff5a-45ff-a78c-fcc3df81f009@group-6540C752EEA6
2020-10-10 02:09:01,465 [ForkJoinPool.commonPool-worker-0] INFO  impl.RaftServerImpl (RaftServerImpl.java:lambda$shutdown$3(321)) - 78604002-ff5a-45ff-a78c-fcc3df81f009@group-00DBA911AA2E: shutdown
2020-10-10 02:09:01,465 [ForkJoinPool.commonPool-worker-0] INFO  util.JmxRegister (JmxRegister.java:unregister(73)) - Successfully un-registered JMX Bean with object name Ratis:service=RaftServer,group=group-00DBA911AA2E,id=78604002-ff5a-45ff-a78c-fcc3df81f009
2020-10-10 02:09:01,465 [ForkJoinPool.commonPool-worker-0] INFO  impl.RoleInfo (RoleInfo.java:shutdownLeaderState(104)) - 78604002-ff5a-45ff-a78c-fcc3df81f009: shutdown LeaderState
2020-10-10 02:09:01,465 [ForkJoinPool.commonPool-worker-0] INFO  metrics.RatisMetrics (RatisMetrics.java:unregister(43)) - Unregistering Metrics Registry : ratis_grpc.log_appender.78604002-ff5a-45ff-a78c-fcc3df81f009@group-00DBA911AA2E
2020-10-10 02:09:01,465 [ForkJoinPool.commonPool-worker-0] INFO  metrics.RatisMetrics (RatisMetrics.java:unregister(43)) - Unregistering Metrics Registry : ratis_grpc.log_appender.78604002-ff5a-45ff-a78c-fcc3df81f009@group-00DBA911AA2E
2020-10-10 02:09:01,466 [ForkJoinPool.commonPool-worker-0] INFO  impl.PendingRequests (PendingRequests.java:sendNotLeaderResponses(249)) - 78604002-ff5a-45ff-a78c-fcc3df81f009@group-00DBA911AA2E-PendingRequests: sendNotLeaderResponses
2020-10-10 02:09:01,465 [Listener at 127.0.0.1/44617] INFO  segmented.SegmentedRaftLogWorker (SegmentedRaftLogWorker.java:close(234)) - 23601240-7ba9-45ef-86a8-484ff669ec18@group-F5BCA22B2457-SegmentedRaftLogWorker close()
2020-10-10 02:09:01,466 [org.apache.ratis.server.impl.LogAppender$AppenderDaemon$$Lambda$459/37239587@3c1bb73b] WARN  server.GrpcLogAppender (GrpcLogAppender.java:mayWait(168)) - 78604002-ff5a-45ff-a78c-fcc3df81f009@group-00DBA911AA2E->e25c889a-af96-48f7-b924-f05d6aaf86f9-GrpcLogAppender: Wait interrupted by java.lang.InterruptedException
2020-10-10 02:09:01,465 [org.apache.ratis.server.impl.LogAppender$AppenderDaemon$$Lambda$459/37239587@64beae19] WARN  server.GrpcLogAppender (GrpcLogAppender.java:mayWait(168)) - 78604002-ff5a-45ff-a78c-fcc3df81f009@group-00DBA911AA2E->0bc64d23-9ed1-4611-b85c-3104296e559c-GrpcLogAppender: Wait interrupted by java.lang.InterruptedException
2020-10-10 02:09:01,468 [ForkJoinPool.commonPool-worker-0] INFO  metrics.RatisMetrics (RatisMetrics.java:unregister(43)) - Unregistering Metrics Registry : ratis.log_appender.78604002-ff5a-45ff-a78c-fcc3df81f009@group-00DBA911AA2E
2020-10-10 02:09:01,468 [Listener at 127.0.0.1/44617] INFO  metrics.RatisMetrics (RatisMetrics.java:unregister(43)) - Unregistering Metrics Registry : ratis.log_worker.23601240-7ba9-45ef-86a8-484ff669ec18@group-F5BCA22B2457
2020-10-10 02:09:01,475 [ForkJoinPool.commonPool-worker-0] INFO  metrics.RatisMetrics (RatisMetrics.java:unregister(43)) - Unregistering Metrics Registry : ratis.server.78604002-ff5a-45ff-a78c-fcc3df81f009@group-00DBA911AA2E
2020-10-10 02:09:01,475 [Listener at 127.0.0.1/44617] INFO  metrics.RatisMetrics (RatisMetrics.java:unregister(43)) - Unregistering Metrics Registry : ratis.leader_election.23601240-7ba9-45ef-86a8-484ff669ec18@group-F5BCA22B2457
2020-10-10 02:09:01,476 [Listener at 127.0.0.1/44617] INFO  metrics.RatisMetrics (RatisMetrics.java:unregister(43)) - Unregistering Metrics Registry : ratis.server.23601240-7ba9-45ef-86a8-484ff669ec18@group-F5BCA22B2457
2020-10-10 02:09:01,476 [Listener at 127.0.0.1/44617] INFO  server.GrpcService (GrpcService.java:closeImpl(183)) - 23601240-7ba9-45ef-86a8-484ff669ec18: shutdown server with port 35209 now
2020-10-10 02:09:01,476 [78604002-ff5a-45ff-a78c-fcc3df81f009@group-00DBA911AA2E-StateMachineUpdater] INFO  ratis.ContainerStateMachine (ContainerStateMachine.java:takeSnapshot(293)) - group-00DBA911AA2E: Taking a snapshot at:(t:2, i:2) file /github/workspace/mnt/ozone/hadoop-ozone/integration-test/target/test-dir/MiniOzoneClusterImpl-1565a709-8e1e-42be-9f8b-10d30925cb12/datanode-0/data/ratis/6d4ea811-310d-4287-a256-00dba911aa2e/sm/snapshot.2_2
2020-10-10 02:09:01,476 [Listener at 127.0.0.1/44617] INFO  server.GrpcService (GrpcService.java:closeImpl(191)) - 23601240-7ba9-45ef-86a8-484ff669ec18: shutdown server with port 35209 successfully
2020-10-10 02:09:01,477 [78604002-ff5a-45ff-a78c-fcc3df81f009@group-00DBA911AA2E-StateMachineUpdater] INFO  ratis.ContainerStateMachine (ContainerStateMachine.java:takeSnapshot(304)) - group-00DBA911AA2E: Finished taking a snapshot at:(t:2, i:2) file:/github/workspace/mnt/ozone/hadoop-ozone/integration-test/target/test-dir/MiniOzoneClusterImpl-1565a709-8e1e-42be-9f8b-10d30925cb12/datanode-0/data/ratis/6d4ea811-310d-4287-a256-00dba911aa2e/sm/snapshot.2_2 time:1
2020-10-10 02:09:01,477 [78604002-ff5a-45ff-a78c-fcc3df81f009@group-00DBA911AA2E-StateMachineUpdater] INFO  impl.StateMachineUpdater (StateMachineUpdater.java:takeSnapshot(277)) - 78604002-ff5a-45ff-a78c-fcc3df81f009@group-00DBA911AA2E-StateMachineUpdater: Took a snapshot at index 2
2020-10-10 02:09:01,477 [78604002-ff5a-45ff-a78c-fcc3df81f009@group-00DBA911AA2E-StateMachineUpdater] INFO  impl.StateMachineUpdater (StateMachineUpdater.java:lambda$new$0(87)) - 78604002-ff5a-45ff-a78c-fcc3df81f009@group-00DBA911AA2E-StateMachineUpdater: snapshotIndex: updateIncreasingly -1 -> 2
2020-10-10 02:09:01,478 [78604002-ff5a-45ff-a78c-fcc3df81f009@group-00DBA911AA2E-StateMachineUpdater] INFO  metrics.RatisMetrics (RatisMetrics.java:unregister(43)) - Unregistering Metrics Registry : ratis.state_machine.78604002-ff5a-45ff-a78c-fcc3df81f009@group-00DBA911AA2E
2020-10-10 02:09:01,478 [ForkJoinPool.commonPool-worker-0] INFO  impl.StateMachineUpdater (StateMachineUpdater.java:stopAndJoin(142)) - 78604002-ff5a-45ff-a78c-fcc3df81f009@group-00DBA911AA2E-StateMachineUpdater: set stopIndex = 2
2020-10-10 02:09:01,478 [ForkJoinPool.commonPool-worker-0] INFO  impl.RaftServerImpl (ServerState.java:close(405)) - 78604002-ff5a-45ff-a78c-fcc3df81f009@group-00DBA911AA2E: closes. applyIndex: 2
2020-10-10 02:09:01,478 [Listener at 127.0.0.1/44617] INFO  utils.BackgroundService (BackgroundService.java:shutdown(132)) - Shutting down service BlockDeletingService
2020-10-10 02:09:01,479 [78604002-ff5a-45ff-a78c-fcc3df81f009@group-00DBA911AA2E-SegmentedRaftLogWorker] INFO  segmented.SegmentedRaftLogWorker (SegmentedRaftLogWorker.java:run(327)) - 78604002-ff5a-45ff-a78c-fcc3df81f009@group-00DBA911AA2E-SegmentedRaftLogWorker was interrupted, exiting. There are 0 tasks remaining in the queue.
2020-10-10 02:09:01,479 [ForkJoinPool.commonPool-worker-0] INFO  segmented.SegmentedRaftLogWorker (SegmentedRaftLogWorker.java:close(234)) - 78604002-ff5a-45ff-a78c-fcc3df81f009@group-00DBA911AA2E-SegmentedRaftLogWorker close()
2020-10-10 02:09:01,479 [ForkJoinPool.commonPool-worker-0] INFO  metrics.RatisMetrics (RatisMetrics.java:unregister(43)) - Unregistering Metrics Registry : ratis.log_worker.78604002-ff5a-45ff-a78c-fcc3df81f009@group-00DBA911AA2E
2020-10-10 02:09:01,479 [ForkJoinPool.commonPool-worker-0] INFO  metrics.RatisMetrics (RatisMetrics.java:unregister(43)) - Unregistering Metrics Registry : ratis.leader_election.78604002-ff5a-45ff-a78c-fcc3df81f009@group-00DBA911AA2E
2020-10-10 02:09:01,479 [ForkJoinPool.commonPool-worker-0] INFO  metrics.RatisMetrics (RatisMetrics.java:unregister(43)) - Unregistering Metrics Registry : ratis.server.78604002-ff5a-45ff-a78c-fcc3df81f009@group-00DBA911AA2E
2020-10-10 02:09:01,480 [ForkJoinPool.commonPool-worker-0] INFO  server.GrpcService (GrpcService.java:closeImpl(183)) - 78604002-ff5a-45ff-a78c-fcc3df81f009: shutdown server with port 37725 now
2020-10-10 02:09:01,481 [Listener at 127.0.0.1/44617] INFO  statemachine.DatanodeStateMachine (DatanodeStateMachine.java:stopDaemon(453)) - Ozone container server stopped.
2020-10-10 02:09:01,483 [ForkJoinPool.commonPool-worker-0] INFO  server.GrpcService (GrpcService.java:closeImpl(191)) - 78604002-ff5a-45ff-a78c-fcc3df81f009: shutdown server with port 37725 successfully
2020-10-10 02:09:01,484 [ForkJoinPool.commonPool-worker-0] INFO  utils.BackgroundService (BackgroundService.java:shutdown(132)) - Shutting down service BlockDeletingService
2020-10-10 02:09:01,485 [ForkJoinPool.commonPool-worker-0] INFO  statemachine.DatanodeStateMachine (DatanodeStateMachine.java:stopDaemon(453)) - Ozone container server stopped.
2020-10-10 02:09:01,495 [Listener at 127.0.0.1/44617] INFO  handler.ContextHandler (ContextHandler.java:doStop(1016)) - Stopped o.e.j.w.WebAppContext@4164a165{hddsDatanode,/,null,UNAVAILABLE}{jar:file:/home/user/.m2/repository/org/apache/hadoop/hadoop-hdds-container-service/1.1.0-SNAPSHOT/hadoop-hdds-container-service-1.1.0-SNAPSHOT.jar!/webapps/hddsDatanode}
2020-10-10 02:09:01,496 [Listener at 127.0.0.1/44617] INFO  server.AbstractConnector (AbstractConnector.java:doStop(380)) - Stopped ServerConnector@6045f526{HTTP/1.1,[http/1.1]}{0.0.0.0:0}
2020-10-10 02:09:01,496 [Listener at 127.0.0.1/44617] INFO  server.session (HouseKeeper.java:stopScavenging(158)) - node0 Stopped scavenging
2020-10-10 02:09:01,496 [Listener at 127.0.0.1/44617] INFO  handler.ContextHandler (ContextHandler.java:doStop(1016)) - Stopped o.e.j.s.ServletContextHandler@2ed74f69{static,/static,jar:file:/home/user/.m2/repository/org/apache/hadoop/hadoop-hdds-container-service/1.1.0-SNAPSHOT/hadoop-hdds-container-service-1.1.0-SNAPSHOT.jar!/webapps/static,UNAVAILABLE}
2020-10-10 02:09:01,497 [Listener at 127.0.0.1/44617] INFO  handler.ContextHandler (ContextHandler.java:doStop(1016)) - Stopped o.e.j.s.ServletContextHandler@3e5774be{logs,/logs,file:///github/workspace/mnt/ozone/hadoop-ozone/integration-test/target/log,UNAVAILABLE}
2020-10-10 02:09:01,499 [ForkJoinPool.commonPool-worker-0] INFO  handler.ContextHandler (ContextHandler.java:doStop(1016)) - Stopped o.e.j.w.WebAppContext@43fd03e7{hddsDatanode,/,null,UNAVAILABLE}{jar:file:/home/user/.m2/repository/org/apache/hadoop/hadoop-hdds-container-service/1.1.0-SNAPSHOT/hadoop-hdds-container-service-1.1.0-SNAPSHOT.jar!/webapps/hddsDatanode}
2020-10-10 02:09:01,500 [ForkJoinPool.commonPool-worker-0] INFO  server.AbstractConnector (AbstractConnector.java:doStop(380)) - Stopped ServerConnector@38564a5a{HTTP/1.1,[http/1.1]}{0.0.0.0:0}
2020-10-10 02:09:01,500 [ForkJoinPool.commonPool-worker-0] INFO  server.session (HouseKeeper.java:stopScavenging(158)) - node0 Stopped scavenging
2020-10-10 02:09:01,502 [ForkJoinPool.commonPool-worker-0] INFO  handler.ContextHandler (ContextHandler.java:doStop(1016)) - Stopped o.e.j.s.ServletContextHandler@4053921f{static,/static,jar:file:/home/user/.m2/repository/org/apache/hadoop/hadoop-hdds-container-service/1.1.0-SNAPSHOT/hadoop-hdds-container-service-1.1.0-SNAPSHOT.jar!/webapps/static,UNAVAILABLE}
2020-10-10 02:09:01,503 [ForkJoinPool.commonPool-worker-0] INFO  handler.ContextHandler (ContextHandler.java:doStop(1016)) - Stopped o.e.j.s.ServletContextHandler@ece63a5{logs,/logs,file:///github/workspace/mnt/ozone/hadoop-ozone/integration-test/target/log,UNAVAILABLE}
2020-10-10 02:09:02,254 [Datanode State Machine Thread - 0] INFO  statemachine.DatanodeStateMachine (DatanodeStateMachine.java:lambda$startDaemon$0(405)) - Ozone container server started.
2020-10-10 02:09:02,371 [Thread-647] INFO  impl.FollowerState (FollowerState.java:run(108)) - 43f5839c-c8de-4217-81eb-1bdbcb4e3fa0@group-E2417E2DC09F-FollowerState: change to CANDIDATE, lastRpcTime:8105ms, electionTimeout:5199ms
2020-10-10 02:09:02,371 [Thread-647] INFO  impl.RoleInfo (RoleInfo.java:shutdownFollowerState(121)) - 43f5839c-c8de-4217-81eb-1bdbcb4e3fa0: shutdown FollowerState
2020-10-10 02:09:02,372 [Thread-647] INFO  impl.RaftServerImpl (RaftServerImpl.java:setRole(198)) - 43f5839c-c8de-4217-81eb-1bdbcb4e3fa0@group-E2417E2DC09F: changes role from  FOLLOWER to CANDIDATE at term 1 for changeToCandidate
2020-10-10 02:09:02,372 [Thread-647] INFO  impl.RoleInfo (RoleInfo.java:updateAndGet(143)) - 43f5839c-c8de-4217-81eb-1bdbcb4e3fa0: start LeaderElection
2020-10-10 02:09:02,373 [43f5839c-c8de-4217-81eb-1bdbcb4e3fa0@group-E2417E2DC09F-LeaderElection23] INFO  impl.RaftServerImpl (ServerState.java:setLeader(256)) - 43f5839c-c8de-4217-81eb-1bdbcb4e3fa0@group-E2417E2DC09F: change Leader from 99031ab3-9213-4203-bcc6-2184a2486c2a to null at term 1 for initElection
2020-10-10 02:09:02,375 [43f5839c-c8de-4217-81eb-1bdbcb4e3fa0@group-E2417E2DC09F-LeaderElection23] INFO  impl.LeaderElection (LeaderElection.java:askForVotes(210)) - 43f5839c-c8de-4217-81eb-1bdbcb4e3fa0@group-E2417E2DC09F-LeaderElection23: begin an election at term 2 for 0: [99031ab3-9213-4203-bcc6-2184a2486c2a:172.17.0.2:38065:0, 43f5839c-c8de-4217-81eb-1bdbcb4e3fa0:172.17.0.2:42531:0, e2273cbf-c074-44ec-b875-3eaf72d6bbba:172.17.0.2:33085:0], old=null
2020-10-10 02:09:02,379 [43f5839c-c8de-4217-81eb-1bdbcb4e3fa0@group-E2417E2DC09F-LeaderElection23] INFO  impl.LeaderElection (LogUtils.java:infoOrTrace(137)) - 43f5839c-c8de-4217-81eb-1bdbcb4e3fa0@group-E2417E2DC09F-LeaderElection23 got exception when requesting votes: java.util.concurrent.ExecutionException: org.apache.ratis.thirdparty.io.grpc.StatusRuntimeException: UNAVAILABLE: io exception
2020-10-10 02:09:02,383 [43f5839c-c8de-4217-81eb-1bdbcb4e3fa0@group-E2417E2DC09F-LeaderElection23] INFO  impl.LeaderElection (LogUtils.java:infoOrTrace(137)) - 43f5839c-c8de-4217-81eb-1bdbcb4e3fa0@group-E2417E2DC09F-LeaderElection23 got exception when requesting votes: java.util.concurrent.ExecutionException: org.apache.ratis.thirdparty.io.grpc.StatusRuntimeException: UNAVAILABLE: io exception
2020-10-10 02:09:02,383 [43f5839c-c8de-4217-81eb-1bdbcb4e3fa0@group-E2417E2DC09F-LeaderElection23] INFO  impl.LeaderElection (LeaderElection.java:logAndReturn(62)) - 43f5839c-c8de-4217-81eb-1bdbcb4e3fa0@group-E2417E2DC09F-LeaderElection23: Election REJECTED; received 0 response(s) [] and 2 exception(s); 43f5839c-c8de-4217-81eb-1bdbcb4e3fa0@group-E2417E2DC09F:t2, leader=null, voted=43f5839c-c8de-4217-81eb-1bdbcb4e3fa0, raftlog=43f5839c-c8de-4217-81eb-1bdbcb4e3fa0@group-E2417E2DC09F-SegmentedRaftLog:OPENED:c0,f0,i0, conf=0: [99031ab3-9213-4203-bcc6-2184a2486c2a:172.17.0.2:38065:0, 43f5839c-c8de-4217-81eb-1bdbcb4e3fa0:172.17.0.2:42531:0, e2273cbf-c074-44ec-b875-3eaf72d6bbba:172.17.0.2:33085:0], old=null
2020-10-10 02:09:02,383 [43f5839c-c8de-4217-81eb-1bdbcb4e3fa0@group-E2417E2DC09F-LeaderElection23] INFO  impl.LeaderElection (LogUtils.java:infoOrTrace(137)) -   Exception 0: java.util.concurrent.ExecutionException: org.apache.ratis.thirdparty.io.grpc.StatusRuntimeException: UNAVAILABLE: io exception
2020-10-10 02:09:02,383 [43f5839c-c8de-4217-81eb-1bdbcb4e3fa0@group-E2417E2DC09F-LeaderElection23] INFO  impl.LeaderElection (LogUtils.java:infoOrTrace(137)) -   Exception 1: java.util.concurrent.ExecutionException: org.apache.ratis.thirdparty.io.grpc.StatusRuntimeException: UNAVAILABLE: io exception
2020-10-10 02:09:02,384 [43f5839c-c8de-4217-81eb-1bdbcb4e3fa0@group-E2417E2DC09F-LeaderElection23] INFO  impl.RaftServerImpl (RaftServerImpl.java:setRole(198)) - 43f5839c-c8de-4217-81eb-1bdbcb4e3fa0@group-E2417E2DC09F: changes role from CANDIDATE to FOLLOWER at term 2 for DISCOVERED_A_NEW_TERM
2020-10-10 02:09:02,384 [43f5839c-c8de-4217-81eb-1bdbcb4e3fa0@group-E2417E2DC09F-LeaderElection23] INFO  impl.RoleInfo (RoleInfo.java:shutdownLeaderElection(134)) - 43f5839c-c8de-4217-81eb-1bdbcb4e3fa0: shutdown LeaderElection
2020-10-10 02:09:02,384 [43f5839c-c8de-4217-81eb-1bdbcb4e3fa0@group-E2417E2DC09F-LeaderElection23] INFO  impl.RoleInfo (RoleInfo.java:updateAndGet(143)) - 43f5839c-c8de-4217-81eb-1bdbcb4e3fa0: start FollowerState
2020-10-10 02:09:06,500 [Listener at 127.0.0.1/44617] INFO  ozoneimpl.OzoneContainer (OzoneContainer.java:stop(259)) - Attempting to stop container services.
2020-10-10 02:09:06,501 [Listener at 127.0.0.1/44617] INFO  impl.RaftServerProxy (RaftServerProxy.java:lambda$close$4(322)) - 43f5839c-c8de-4217-81eb-1bdbcb4e3fa0: close
2020-10-10 02:09:06,502 [Listener at 127.0.0.1/44617] INFO  impl.RaftServerImpl (RaftServerImpl.java:lambda$shutdown$3(321)) - 43f5839c-c8de-4217-81eb-1bdbcb4e3fa0@group-E010B589738A: shutdown
2020-10-10 02:09:06,502 [Listener at 127.0.0.1/44617] INFO  util.JmxRegister (JmxRegister.java:unregister(73)) - Successfully un-registered JMX Bean with object name Ratis:service=RaftServer,group=group-E010B589738A,id=43f5839c-c8de-4217-81eb-1bdbcb4e3fa0
2020-10-10 02:09:06,502 [Listener at 127.0.0.1/44617] INFO  impl.RoleInfo (RoleInfo.java:shutdownLeaderState(104)) - 43f5839c-c8de-4217-81eb-1bdbcb4e3fa0: shutdown LeaderState
2020-10-10 02:09:06,502 [Listener at 127.0.0.1/44617] INFO  impl.PendingRequests (PendingRequests.java:sendNotLeaderResponses(249)) - 43f5839c-c8de-4217-81eb-1bdbcb4e3fa0@group-E010B589738A-PendingRequests: sendNotLeaderResponses
2020-10-10 02:09:06,505 [Listener at 127.0.0.1/44617] INFO  metrics.RatisMetrics (RatisMetrics.java:unregister(43)) - Unregistering Metrics Registry : ratis.log_appender.43f5839c-c8de-4217-81eb-1bdbcb4e3fa0@group-E010B589738A
2020-10-10 02:09:06,505 [Listener at 127.0.0.1/44617] INFO  metrics.RatisMetrics (RatisMetrics.java:unregister(43)) - Unregistering Metrics Registry : ratis.server.43f5839c-c8de-4217-81eb-1bdbcb4e3fa0@group-E010B589738A
2020-10-10 02:09:06,505 [Listener at 127.0.0.1/44617] INFO  impl.StateMachineUpdater (StateMachineUpdater.java:stopAndJoin(142)) - 43f5839c-c8de-4217-81eb-1bdbcb4e3fa0@group-E010B589738A-StateMachineUpdater: set stopIndex = 18
2020-10-10 02:09:06,506 [43f5839c-c8de-4217-81eb-1bdbcb4e3fa0@group-E010B589738A-StateMachineUpdater] INFO  ratis.ContainerStateMachine (ContainerStateMachine.java:takeSnapshot(293)) - group-E010B589738A: Taking a snapshot at:(t:1, i:18) file /github/workspace/mnt/ozone/hadoop-ozone/integration-test/target/test-dir/MiniOzoneClusterImpl-1565a709-8e1e-42be-9f8b-10d30925cb12/datanode-5/data/ratis/5218748a-bac5-475c-81cb-e010b589738a/sm/snapshot.1_18
2020-10-10 02:09:06,512 [43f5839c-c8de-4217-81eb-1bdbcb4e3fa0@group-E010B589738A-StateMachineUpdater] INFO  ratis.ContainerStateMachine (ContainerStateMachine.java:takeSnapshot(304)) - group-E010B589738A: Finished taking a snapshot at:(t:1, i:18) file:/github/workspace/mnt/ozone/hadoop-ozone/integration-test/target/test-dir/MiniOzoneClusterImpl-1565a709-8e1e-42be-9f8b-10d30925cb12/datanode-5/data/ratis/5218748a-bac5-475c-81cb-e010b589738a/sm/snapshot.1_18 time:7
2020-10-10 02:09:06,512 [43f5839c-c8de-4217-81eb-1bdbcb4e3fa0@group-E010B589738A-StateMachineUpdater] INFO  impl.StateMachineUpdater (StateMachineUpdater.java:takeSnapshot(277)) - 43f5839c-c8de-4217-81eb-1bdbcb4e3fa0@group-E010B589738A-StateMachineUpdater: Took a snapshot at index 18
2020-10-10 02:09:06,512 [43f5839c-c8de-4217-81eb-1bdbcb4e3fa0@group-E010B589738A-StateMachineUpdater] INFO  impl.StateMachineUpdater (StateMachineUpdater.java:lambda$new$0(87)) - 43f5839c-c8de-4217-81eb-1bdbcb4e3fa0@group-E010B589738A-StateMachineUpdater: snapshotIndex: updateIncreasingly -1 -> 18
2020-10-10 02:09:06,513 [43f5839c-c8de-4217-81eb-1bdbcb4e3fa0@group-E010B589738A-StateMachineUpdater] INFO  metrics.RatisMetrics (RatisMetrics.java:unregister(43)) - Unregistering Metrics Registry : ratis.state_machine.43f5839c-c8de-4217-81eb-1bdbcb4e3fa0@group-E010B589738A
2020-10-10 02:09:06,513 [Listener at 127.0.0.1/44617] INFO  impl.RaftServerImpl (ServerState.java:close(405)) - 43f5839c-c8de-4217-81eb-1bdbcb4e3fa0@group-E010B589738A: closes. applyIndex: 18
2020-10-10 02:09:06,513 [43f5839c-c8de-4217-81eb-1bdbcb4e3fa0@group-E010B589738A-SegmentedRaftLogWorker] INFO  segmented.SegmentedRaftLogWorker (SegmentedRaftLogWorker.java:run(327)) - 43f5839c-c8de-4217-81eb-1bdbcb4e3fa0@group-E010B589738A-SegmentedRaftLogWorker was interrupted, exiting. There are 0 tasks remaining in the queue.
2020-10-10 02:09:06,513 [Listener at 127.0.0.1/44617] INFO  segmented.SegmentedRaftLogWorker (SegmentedRaftLogWorker.java:close(234)) - 43f5839c-c8de-4217-81eb-1bdbcb4e3fa0@group-E010B589738A-SegmentedRaftLogWorker close()
2020-10-10 02:09:06,514 [Listener at 127.0.0.1/44617] INFO  metrics.RatisMetrics (RatisMetrics.java:unregister(43)) - Unregistering Metrics Registry : ratis.log_worker.43f5839c-c8de-4217-81eb-1bdbcb4e3fa0@group-E010B589738A
2020-10-10 02:09:06,514 [Listener at 127.0.0.1/44617] INFO  metrics.RatisMetrics (RatisMetrics.java:unregister(43)) - Unregistering Metrics Registry : ratis.leader_election.43f5839c-c8de-4217-81eb-1bdbcb4e3fa0@group-E010B589738A
2020-10-10 02:09:06,514 [Listener at 127.0.0.1/44617] INFO  metrics.RatisMetrics (RatisMetrics.java:unregister(43)) - Unregistering Metrics Registry : ratis.server.43f5839c-c8de-4217-81eb-1bdbcb4e3fa0@group-E010B589738A
2020-10-10 02:09:06,514 [Listener at 127.0.0.1/44617] INFO  impl.RaftServerImpl (RaftServerImpl.java:lambda$shutdown$3(321)) - 43f5839c-c8de-4217-81eb-1bdbcb4e3fa0@group-E2417E2DC09F: shutdown
2020-10-10 02:09:06,514 [Listener at 127.0.0.1/44617] INFO  util.JmxRegister (JmxRegister.java:unregister(73)) - Successfully un-registered JMX Bean with object name Ratis:service=RaftServer,group=group-E2417E2DC09F,id=43f5839c-c8de-4217-81eb-1bdbcb4e3fa0
2020-10-10 02:09:06,514 [Listener at 127.0.0.1/44617] INFO  impl.RoleInfo (RoleInfo.java:shutdownFollowerState(121)) - 43f5839c-c8de-4217-81eb-1bdbcb4e3fa0: shutdown FollowerState
2020-10-10 02:09:06,515 [Thread-717] INFO  impl.FollowerState (FollowerState.java:run(117)) - 43f5839c-c8de-4217-81eb-1bdbcb4e3fa0@group-E2417E2DC09F-FollowerState was interrupted: java.lang.InterruptedException: sleep interrupted
2020-10-10 02:09:06,515 [43f5839c-c8de-4217-81eb-1bdbcb4e3fa0@group-E2417E2DC09F-StateMachineUpdater] INFO  ratis.ContainerStateMachine (ContainerStateMachine.java:takeSnapshot(293)) - group-E2417E2DC09F: Taking a snapshot at:(t:1, i:0) file /github/workspace/mnt/ozone/hadoop-ozone/integration-test/target/test-dir/MiniOzoneClusterImpl-1565a709-8e1e-42be-9f8b-10d30925cb12/datanode-5/data/ratis/d62e349b-2a2b-477d-a246-e2417e2dc09f/sm/snapshot.1_0
2020-10-10 02:09:06,515 [Listener at 127.0.0.1/44617] INFO  impl.StateMachineUpdater (StateMachineUpdater.java:stopAndJoin(142)) - 43f5839c-c8de-4217-81eb-1bdbcb4e3fa0@group-E2417E2DC09F-StateMachineUpdater: set stopIndex = 0
2020-10-10 02:09:06,516 [43f5839c-c8de-4217-81eb-1bdbcb4e3fa0@group-E2417E2DC09F-StateMachineUpdater] INFO  ratis.ContainerStateMachine (ContainerStateMachine.java:takeSnapshot(304)) - group-E2417E2DC09F: Finished taking a snapshot at:(t:1, i:0) file:/github/workspace/mnt/ozone/hadoop-ozone/integration-test/target/test-dir/MiniOzoneClusterImpl-1565a709-8e1e-42be-9f8b-10d30925cb12/datanode-5/data/ratis/d62e349b-2a2b-477d-a246-e2417e2dc09f/sm/snapshot.1_0 time:0
2020-10-10 02:09:06,516 [43f5839c-c8de-4217-81eb-1bdbcb4e3fa0@group-E2417E2DC09F-StateMachineUpdater] INFO  impl.StateMachineUpdater (StateMachineUpdater.java:takeSnapshot(277)) - 43f5839c-c8de-4217-81eb-1bdbcb4e3fa0@group-E2417E2DC09F-StateMachineUpdater: Took a snapshot at index 0
2020-10-10 02:09:06,516 [43f5839c-c8de-4217-81eb-1bdbcb4e3fa0@group-E2417E2DC09F-StateMachineUpdater] INFO  impl.StateMachineUpdater (StateMachineUpdater.java:lambda$new$0(87)) - 43f5839c-c8de-4217-81eb-1bdbcb4e3fa0@group-E2417E2DC09F-StateMachineUpdater: snapshotIndex: updateIncreasingly -1 -> 0
2020-10-10 02:09:06,516 [43f5839c-c8de-4217-81eb-1bdbcb4e3fa0@group-E2417E2DC09F-StateMachineUpdater] INFO  metrics.RatisMetrics (RatisMetrics.java:unregister(43)) - Unregistering Metrics Registry : ratis.state_machine.43f5839c-c8de-4217-81eb-1bdbcb4e3fa0@group-E2417E2DC09F
2020-10-10 02:09:06,516 [Listener at 127.0.0.1/44617] INFO  impl.RaftServerImpl (ServerState.java:close(405)) - 43f5839c-c8de-4217-81eb-1bdbcb4e3fa0@group-E2417E2DC09F: closes. applyIndex: 0
2020-10-10 02:09:06,516 [43f5839c-c8de-4217-81eb-1bdbcb4e3fa0@group-E2417E2DC09F-SegmentedRaftLogWorker] INFO  segmented.SegmentedRaftLogWorker (SegmentedRaftLogWorker.java:run(327)) - 43f5839c-c8de-4217-81eb-1bdbcb4e3fa0@group-E2417E2DC09F-SegmentedRaftLogWorker was interrupted, exiting. There are 0 tasks remaining in the queue.
2020-10-10 02:09:06,517 [Listener at 127.0.0.1/44617] INFO  segmented.SegmentedRaftLogWorker (SegmentedRaftLogWorker.java:close(234)) - 43f5839c-c8de-4217-81eb-1bdbcb4e3fa0@group-E2417E2DC09F-SegmentedRaftLogWorker close()
2020-10-10 02:09:06,517 [Listener at 127.0.0.1/44617] INFO  metrics.RatisMetrics (RatisMetrics.java:unregister(43)) - Unregistering Metrics Registry : ratis.log_worker.43f5839c-c8de-4217-81eb-1bdbcb4e3fa0@group-E2417E2DC09F
2020-10-10 02:09:06,517 [Listener at 127.0.0.1/44617] INFO  metrics.RatisMetrics (RatisMetrics.java:unregister(43)) - Unregistering Metrics Registry : ratis.leader_election.43f5839c-c8de-4217-81eb-1bdbcb4e3fa0@group-E2417E2DC09F
2020-10-10 02:09:06,517 [Listener at 127.0.0.1/44617] INFO  metrics.RatisMetrics (RatisMetrics.java:unregister(43)) - Unregistering Metrics Registry : ratis.server.43f5839c-c8de-4217-81eb-1bdbcb4e3fa0@group-E2417E2DC09F
2020-10-10 02:09:06,517 [Listener at 127.0.0.1/44617] INFO  server.GrpcService (GrpcService.java:closeImpl(183)) - 43f5839c-c8de-4217-81eb-1bdbcb4e3fa0: shutdown server with port 42531 now
2020-10-10 02:09:06,519 [Listener at 127.0.0.1/44617] INFO  server.GrpcService (GrpcService.java:closeImpl(191)) - 43f5839c-c8de-4217-81eb-1bdbcb4e3fa0: shutdown server with port 42531 successfully
2020-10-10 02:09:06,520 [Listener at 127.0.0.1/44617] INFO  utils.BackgroundService (BackgroundService.java:shutdown(132)) - Shutting down service BlockDeletingService
2020-10-10 02:09:06,522 [Listener at 127.0.0.1/44617] INFO  statemachine.DatanodeStateMachine (DatanodeStateMachine.java:stopDaemon(453)) - Ozone container server stopped.
2020-10-10 02:09:06,533 [Listener at 127.0.0.1/44617] INFO  handler.ContextHandler (ContextHandler.java:doStop(1016)) - Stopped o.e.j.w.WebAppContext@17782c10{hddsDatanode,/,null,UNAVAILABLE}{jar:file:/home/user/.m2/repository/org/apache/hadoop/hadoop-hdds-container-service/1.1.0-SNAPSHOT/hadoop-hdds-container-service-1.1.0-SNAPSHOT.jar!/webapps/hddsDatanode}
2020-10-10 02:09:06,534 [Listener at 127.0.0.1/44617] INFO  server.AbstractConnector (AbstractConnector.java:doStop(380)) - Stopped ServerConnector@7ac34a4d{HTTP/1.1,[http/1.1]}{0.0.0.0:0}
2020-10-10 02:09:06,534 [Listener at 127.0.0.1/44617] INFO  server.session (HouseKeeper.java:stopScavenging(158)) - node0 Stopped scavenging
2020-10-10 02:09:06,534 [Listener at 127.0.0.1/44617] INFO  handler.ContextHandler (ContextHandler.java:doStop(1016)) - Stopped o.e.j.s.ServletContextHandler@981565f{static,/static,jar:file:/home/user/.m2/repository/org/apache/hadoop/hadoop-hdds-container-service/1.1.0-SNAPSHOT/hadoop-hdds-container-service-1.1.0-SNAPSHOT.jar!/webapps/static,UNAVAILABLE}
2020-10-10 02:09:06,535 [Listener at 127.0.0.1/44617] INFO  handler.ContextHandler (ContextHandler.java:doStop(1016)) - Stopped o.e.j.s.ServletContextHandler@41c6a987{logs,/logs,file:///github/workspace/mnt/ozone/hadoop-ozone/integration-test/target/log,UNAVAILABLE}
2020-10-10 02:09:06,535 [Listener at 127.0.0.1/44617] INFO  ozone.MiniOzoneClusterImpl (MiniOzoneClusterImpl.java:stopSCM(476)) - Stopping the StorageContainerManager
2020-10-10 02:09:06,535 [Listener at 127.0.0.1/44617] INFO  server.StorageContainerManager (StorageContainerManager.java:stop(832)) - Stopping Replication Manager Service.
2020-10-10 02:09:06,536 [Listener at 127.0.0.1/44617] INFO  container.ReplicationManager (ReplicationManager.java:stop(219)) - Stopping Replication Monitor Thread.
2020-10-10 02:09:06,536 [Listener at 127.0.0.1/44617] INFO  server.StorageContainerManager (StorageContainerManager.java:stop(839)) - Stopping Lease Manager of the command watchers
2020-10-10 02:09:06,536 [Listener at 127.0.0.1/44617] INFO  server.StorageContainerManager (StorageContainerManager.java:stop(846)) - Stopping datanode service RPC server
2020-10-10 02:09:06,536 [CommandWatcher-LeaseManager#LeaseMonitor] ERROR lease.LeaseManager (LeaseManager.java:run(238)) - Execution was interrupted 
java.lang.InterruptedException: sleep interrupted
	at java.lang.Thread.sleep(Native Method)
	at org.apache.hadoop.ozone.lease.LeaseManager$LeaseMonitor.run(LeaseManager.java:234)
	at java.lang.Thread.run(Thread.java:748)
2020-10-10 02:09:06,536 [Listener at 127.0.0.1/44617] INFO  server.SCMDatanodeProtocolServer (SCMDatanodeProtocolServer.java:stop(361)) - Stopping the RPC server for DataNodes
2020-10-10 02:09:06,536 [Listener at 127.0.0.1/44617] INFO  ipc.Server (Server.java:stop(3359)) - Stopping server on 43075
2020-10-10 02:09:06,539 [IPC Server Responder] INFO  ipc.Server (Server.java:run(1465)) - Stopping IPC Server Responder
2020-10-10 02:09:06,539 [IPC Server listener on 0] INFO  ipc.Server (Server.java:run(1330)) - Stopping IPC Server listener on 0
2020-10-10 02:09:06,566 [SCM Heartbeat Processing Thread - 0] WARN  node.NodeStateManager (NodeStateManager.java:scheduleNextHealthCheck(661)) - Current Thread is interrupted, shutting down HB processing thread for Node Manager.
2020-10-10 02:09:06,566 [Listener at 127.0.0.1/44617] INFO  server.StorageContainerManager (StorageContainerManager.java:stop(854)) - Stopping block service RPC server
2020-10-10 02:09:06,566 [Listener at 127.0.0.1/44617] INFO  server.SCMBlockProtocolServer (SCMBlockProtocolServer.java:stop(158)) - Stopping the RPC server for Block Protocol
2020-10-10 02:09:06,566 [Listener at 127.0.0.1/44617] INFO  ipc.Server (Server.java:stop(3359)) - Stopping server on 38293
2020-10-10 02:09:06,567 [IPC Server listener on 0] INFO  ipc.Server (Server.java:run(1330)) - Stopping IPC Server listener on 0
2020-10-10 02:09:06,575 [IPC Server Responder] INFO  ipc.Server (Server.java:run(1465)) - Stopping IPC Server Responder
2020-10-10 02:09:06,575 [Listener at 127.0.0.1/44617] INFO  server.StorageContainerManager (StorageContainerManager.java:stop(861)) - Stopping the StorageContainerLocationProtocol RPC server
2020-10-10 02:09:06,575 [Listener at 127.0.0.1/44617] INFO  server.SCMClientProtocolServer (SCMClientProtocolServer.java:stop(165)) - Stopping the RPC server for Client Protocol
2020-10-10 02:09:06,575 [Listener at 127.0.0.1/44617] INFO  ipc.Server (Server.java:stop(3359)) - Stopping server on 39383
2020-10-10 02:09:06,577 [IPC Server listener on 0] INFO  ipc.Server (Server.java:run(1330)) - Stopping IPC Server listener on 0
2020-10-10 02:09:06,577 [IPC Server Responder] INFO  ipc.Server (Server.java:run(1465)) - Stopping IPC Server Responder
2020-10-10 02:09:06,578 [Listener at 127.0.0.1/44617] INFO  server.StorageContainerManager (StorageContainerManager.java:stop(868)) - Stopping Storage Container Manager HTTP server.
2020-10-10 02:09:06,578 [Listener at 127.0.0.1/44617] INFO  handler.ContextHandler (ContextHandler.java:doStop(1016)) - Stopped o.e.j.w.WebAppContext@558242ab{scm,/,null,UNAVAILABLE}{file:/github/workspace/mnt/ozone/hadoop-ozone/integration-test/target/test-classes/webapps/scm}
2020-10-10 02:09:06,579 [Listener at 127.0.0.1/44617] INFO  server.AbstractConnector (AbstractConnector.java:doStop(380)) - Stopped ServerConnector@2b86633c{HTTP/1.1,[http/1.1]}{0.0.0.0:0}
2020-10-10 02:09:06,579 [Listener at 127.0.0.1/44617] INFO  server.session (HouseKeeper.java:stopScavenging(158)) - node0 Stopped scavenging
2020-10-10 02:09:06,579 [Listener at 127.0.0.1/44617] INFO  handler.ContextHandler (ContextHandler.java:doStop(1016)) - Stopped o.e.j.s.ServletContextHandler@1f7fab99{static,/static,file:///github/workspace/mnt/ozone/hadoop-ozone/integration-test/target/test-classes/webapps/static,UNAVAILABLE}
2020-10-10 02:09:06,579 [Listener at 127.0.0.1/44617] INFO  handler.ContextHandler (ContextHandler.java:doStop(1016)) - Stopped o.e.j.s.ServletContextHandler@47e17e95{logs,/logs,file:///github/workspace/mnt/ozone/hadoop-ozone/integration-test/target/log,UNAVAILABLE}
2020-10-10 02:09:06,580 [Listener at 127.0.0.1/44617] INFO  server.StorageContainerManager (StorageContainerManager.java:stop(879)) - Stopping Block Manager Service.
2020-10-10 02:09:06,580 [Listener at 127.0.0.1/44617] INFO  utils.BackgroundService (BackgroundService.java:shutdown(132)) - Shutting down service SCMBlockDeletingService
2020-10-10 02:09:06,580 [Listener at 127.0.0.1/44617] INFO  utils.BackgroundService (BackgroundService.java:shutdown(132)) - Shutting down service SCMBlockDeletingService
2020-10-10 02:09:06,581 [Listener at 127.0.0.1/44617] INFO  server.StorageContainerManager (StorageContainerManager.java:stop(904)) - Stopping SCM Event Queue.
2020-10-10 02:09:06,583 [Listener at 127.0.0.1/44617] INFO  impl.MetricsSystemImpl (MetricsSystemImpl.java:stop(210)) - Stopping HddsDatanode metrics system...
2020-10-10 02:09:06,592 [Listener at 127.0.0.1/44617] INFO  impl.MetricsSystemImpl (MetricsSystemImpl.java:stop(216)) - HddsDatanode metrics system stopped.
]]></system-out>
  </testcase>
</testsuite>